<?xml version="1.0" encoding="utf-8"?>
<testsuite failures="1" name="tedge_mapper_c8y_packet_threshold_size" skipped="0" tests="1" time="3.01" timestamp="2022-04-27T13:24:23">
	<testcase classname="TedgeMapperC8yThresholdPacketSize" name="tedge_mapper_c8y_packet_threshold_size">
		<failure message="FAILED: Grep on tedge_sub.out contains &quot;The size of the message received on tedge/measurements is 20489 which is greater than the threshold size of 16184.&quot;" type="FAILED"/>
		<system-out>13:24:20 INFO  ==============================================================
13:24:20 INFO  Id:    tedge_mapper_c8y_packet_threshold_size
13:24:20 INFO  Dir:   tedge_mapper_c8y/
13:24:20 INFO  Title: Validate the Cumulocity Mapper accepted threshold packet size when it receives a message on tedge/measurements
13:24:20 INFO  ==============================================================
13:24:21 INFO  Executed sudo&lt;tedge_mapper_c8y&gt;, exit status 0
13:24:21 INFO  Started sudo&lt;tedge_sub&gt; with process id 16000
13:24:21 INFO  Executed sudo&lt;tedge_msg&gt;, exit status 0
13:24:22 INFO  Executed sudo&lt;tedge_pub&gt;, exit status 0
13:24:22 INFO  Executed sudo&lt;kill_out&gt;, exit status 0
13:24:23 WARN  Grep on tedge_sub.out contains &quot;The size of the message received on tedge/measurements is 20489 which is greater than the threshold size of 16184.&quot; ... failed [run.py:88]
13:24:23 INFO  
13:24:23 INFO  cleanup:
13:24:23 INFO  mapper_cleanup
13:24:23 INFO  Executed sudo&lt;tedge_mapper_c8y&gt;, exit status 0
13:24:23 INFO  
13:24:23 INFO  Test duration: 3.01 secs
13:24:23 INFO  Test final outcome:  FAILED
13:24:23 INFO  Test outcome reason: Grep on tedge_sub.out contains &quot;The size of the message received on tedge/measurements is 20489 which is greater than the threshold size of 16184.&quot;
13:24:23 INFO  
</system-out>
	</testcase>
</testsuite>
