<?xml version="1.0" encoding="utf-8"?>
<testsuite failures="1" name="SoftwareManagement.sm_apt_install_remove_multiple_mixed" skipped="0" tests="1" time="180.17" timestamp="2022-05-11T12:28:19">
	<testcase classname="PySysTest" name="SoftwareManagement.sm_apt_install_remove_multiple_mixed">
		<failure message="BLOCKED: SystemError: Timeout while waiting for status SUCCESSFUL or False" type="BLOCKED"/>
		<system-out>12:25:19 INFO  ==============================================================
12:25:19 INFO  Id:    SoftwareManagement.sm_apt_install_remove_multiple_mixed
12:25:19 INFO  Dir:   software_management_end_to_end/
12:25:19 INFO  Title: Validate end to end behaviour for the apt plugin for multiple packages with mixed versions
12:25:19 INFO  ==============================================================
12:25:19 INFO  Using sw id database: {'asciijump': '5475369', 'robotfindskitten': '5474869', 'squirrel3': '5475279', 'rolldice': '5152439', 'moon-buggy': '5439204', 'apple': '5495053', 'banana': '5494888', 'cherry': '5495382', 'watermelon': '5494510', 'registry': '8018911', 'hello-world': '8021526', 'docker/getting-started': '8021973', 'alpine': '7991792'}
12:25:19 INFO  EnvironmentC8y Setup
12:25:20 INFO  Executed systemctl&lt;serv_mapper1&gt;, exit status 3
12:25:20 INFO  Restarting mosquitto too frequently in the last 10 seconds. It was only up for 4 seconds
12:25:20 INFO  Delaying execution by 7 seconds
12:25:41 INFO  Executed sudo&lt;tedge_connect_c8y&gt;, exit status 0, duration 13 secs
12:25:41 INFO  Executed sudo&lt;tedge_connect_c8y_test&gt;, exit status 0
12:25:42 INFO  Executed systemctl&lt;serv_mosq2&gt;, exit status 0
12:25:42 INFO  Executed systemctl&lt;serv_mapper3&gt;, exit status 0
12:25:44 INFO  State of current operation: SUCCESSFUL
12:25:45 INFO  Assert that (False == value) with value=False ... passed
12:25:45 INFO  Assert that (False == value) with value=False ... passed
12:25:45 INFO  Assert that (False == value) with value=False ... passed
12:25:45 INFO  Assert that (False == value) with value=False ... passed
12:25:46 INFO  Assert that (False == value) with value=False ... passed
12:25:47 INFO  Response status: 201
12:25:47 INFO  Response to action: {
    &quot;delivery&quot;: {
        &quot;time&quot;: &quot;2022-05-11T12:25:47.721Z&quot;,
        &quot;log&quot;: [],
        &quot;status&quot;: &quot;PENDING&quot;
    },
    &quot;creationTime&quot;: &quot;2022-05-11T12:25:47.707Z&quot;,
    &quot;deviceName&quot;: &quot;m32sd10b&quot;,
    &quot;deviceId&quot;: &quot;18764684&quot;,
    &quot;self&quot;: &quot;https://t493319102.eu-latest.cumulocity.com/devicecontrol/operations/18840725&quot;,
    &quot;id&quot;: &quot;18840725&quot;,
    &quot;status&quot;: &quot;PENDING&quot;,
    &quot;description&quot;: &quot;Apply software changes, triggered from PySys: [{'action': 'install', 'id': '5475369', 'name': 'asciijump', 'url': ' ', 'version': '::apt'}, {'action': 'install', 'id': '5474869', 'name': 'robotfindskitten', 'url': ' ', 'version': ' '}, {'action': 'install', 'id': '5475279', 'name': 'squirrel3', 'url': ' ', 'version': '3.1-7::apt'}, {'action': 'install', 'id': '5152439', 'name': 'rolldice', 'url': ' ', 'version': '1.16-1+b1'}, {'action': 'install', 'id': '5439204', 'name': 'moon-buggy', 'url': ' ', 'version': '1:1.0.51-12'}, {'action': 'install', 'id': '5475369', 'name': 'asciijump', 'url': ' ', 'version': '::apt'}]&quot;,
    &quot;c8y_SoftwareUpdate&quot;: [
        {
            &quot;name&quot;: &quot;asciijump&quot;,
            &quot;action&quot;: &quot;install&quot;,
            &quot;id&quot;: &quot;5475369&quot;,
            &quot;version&quot;: &quot;::apt&quot;,
            &quot;url&quot;: &quot; &quot;
        },
        {
            &quot;name&quot;: &quot;robotfindskitten&quot;,
            &quot;action&quot;: &quot;install&quot;,
            &quot;id&quot;: &quot;5474869&quot;,
            &quot;version&quot;: &quot; &quot;,
            &quot;url&quot;: &quot; &quot;
        },
        {
            &quot;name&quot;: &quot;squirrel3&quot;,
            &quot;action&quot;: &quot;install&quot;,
            &quot;id&quot;: &quot;5475279&quot;,
            &quot;version&quot;: &quot;3.1-7::apt&quot;,
            &quot;url&quot;: &quot; &quot;
        },
        {
            &quot;name&quot;: &quot;rolldice&quot;,
            &quot;action&quot;: &quot;install&quot;,
            &quot;id&quot;: &quot;5152439&quot;,
            &quot;version&quot;: &quot;1.16-1+b1&quot;,
            &quot;url&quot;: &quot; &quot;
        },
        {
            &quot;name&quot;: &quot;moon-buggy&quot;,
            &quot;action&quot;: &quot;install&quot;,
            &quot;id&quot;: &quot;5439204&quot;,
            &quot;version&quot;: &quot;1:1.0.51-12&quot;,
            &quot;url&quot;: &quot; &quot;
        },
        {
            &quot;name&quot;: &quot;asciijump&quot;,
            &quot;action&quot;: &quot;install&quot;,
            &quot;id&quot;: &quot;5475369&quot;,
            &quot;version&quot;: &quot;::apt&quot;,
            &quot;url&quot;: &quot; &quot;
        }
    ]
}
12:25:47 INFO  Started operation: {'delivery': {'time': '2022-05-11T12:25:47.721Z', 'log': [], 'status': 'PENDING'}, 'creationTime': '2022-05-11T12:25:47.707Z', 'deviceName': 'm32sd10b', 'deviceId': '18764684', 'self': 'https://t493319102.eu-latest.cumulocity.com/devicecontrol/operations/18840725', 'id': '18840725', 'status': 'PENDING', 'description': &quot;Apply software changes, triggered from PySys: [{'action': 'install', 'id': '5475369', 'name': 'asciijump', 'url': ' ', 'version': '::apt'}, {'action': 'install', 'id': '5474869', 'name': 'robotfindskitten', 'url': ' ', 'version': ' '}, {'action': 'install', 'id': '5475279', 'name': 'squirrel3', 'url': ' ', 'version': '3.1-7::apt'}, {'action': 'install', 'id': '5152439', 'name': 'rolldice', 'url': ' ', 'version': '1.16-1+b1'}, {'action': 'install', 'id': '5439204', 'name': 'moon-buggy', 'url': ' ', 'version': '1:1.0.51-12'}, {'action': 'install', 'id': '5475369', 'name': 'asciijump', 'url': ' ', 'version': '::apt'}]&quot;, 'c8y_SoftwareUpdate': [{'name': 'asciijump', 'action': 'install', 'id': '5475369', 'version': '::apt', 'url': ' '}, {'name': 'robotfindskitten', 'action': 'install', 'id': '5474869', 'version': ' ', 'url': ' '}, {'name': 'squirrel3', 'action': 'install', 'id': '5475279', 'version': '3.1-7::apt', 'url': ' '}, {'name': 'rolldice', 'action': 'install', 'id': '5152439', 'version': '1.16-1+b1', 'url': ' '}, {'name': 'moon-buggy', 'action': 'install', 'id': '5439204', 'version': '1:1.0.51-12', 'url': ' '}, {'name': 'asciijump', 'action': 'install', 'id': '5475369', 'version': '::apt', 'url': ' '}]}
12:25:49 INFO  State of operation 18840725 : PENDING
12:25:52 INFO  State of operation 18840725 : EXECUTING
12:25:54 INFO  State of operation 18840725 : EXECUTING
12:25:56 INFO  State of operation 18840725 : EXECUTING
12:25:58 INFO  State of operation 18840725 : EXECUTING
12:26:01 INFO  State of operation 18840725 : EXECUTING
12:26:03 INFO  State of operation 18840725 : EXECUTING
12:26:06 INFO  State of operation 18840725 : EXECUTING
12:26:08 INFO  State of operation 18840725 : EXECUTING
12:26:11 INFO  State of operation 18840725 : EXECUTING
12:26:13 INFO  State of operation 18840725 : EXECUTING
12:26:15 INFO  State of operation 18840725 : EXECUTING
12:26:17 INFO  State of operation 18840725 : EXECUTING
12:26:20 INFO  State of operation 18840725 : EXECUTING
12:26:22 INFO  State of operation 18840725 : EXECUTING
12:26:24 INFO  State of operation 18840725 : EXECUTING
12:26:27 INFO  State of operation 18840725 : EXECUTING
12:26:30 INFO  State of operation 18840725 : EXECUTING
12:26:32 INFO  State of operation 18840725 : EXECUTING
12:26:34 INFO  State of operation 18840725 : EXECUTING
12:26:36 INFO  State of operation 18840725 : EXECUTING
12:26:39 INFO  State of operation 18840725 : EXECUTING
12:26:41 INFO  State of operation 18840725 : EXECUTING
12:26:43 INFO  State of operation 18840725 : EXECUTING
12:26:46 INFO  State of operation 18840725 : EXECUTING
12:26:48 INFO  State of operation 18840725 : EXECUTING
12:26:51 INFO  State of operation 18840725 : EXECUTING
12:26:53 INFO  State of operation 18840725 : EXECUTING
12:26:56 INFO  State of operation 18840725 : EXECUTING
12:26:58 INFO  State of operation 18840725 : EXECUTING
12:27:00 INFO  State of operation 18840725 : EXECUTING
12:27:02 INFO  State of operation 18840725 : EXECUTING
12:27:05 INFO  State of operation 18840725 : EXECUTING
12:27:07 INFO  State of operation 18840725 : EXECUTING
12:27:09 INFO  State of operation 18840725 : EXECUTING
12:27:11 INFO  State of operation 18840725 : EXECUTING
12:27:14 INFO  State of operation 18840725 : EXECUTING
12:27:16 INFO  State of operation 18840725 : EXECUTING
12:27:19 INFO  State of operation 18840725 : EXECUTING
12:27:21 INFO  State of operation 18840725 : EXECUTING
12:27:24 INFO  State of operation 18840725 : EXECUTING
12:27:26 INFO  State of operation 18840725 : EXECUTING
12:27:28 INFO  State of operation 18840725 : EXECUTING
12:27:31 INFO  State of operation 18840725 : EXECUTING
12:27:33 INFO  State of operation 18840725 : EXECUTING
12:27:35 INFO  State of operation 18840725 : EXECUTING
12:27:37 INFO  State of operation 18840725 : EXECUTING
12:27:39 INFO  State of operation 18840725 : EXECUTING
12:27:42 INFO  State of operation 18840725 : EXECUTING
12:27:44 INFO  State of operation 18840725 : EXECUTING
12:27:47 INFO  State of operation 18840725 : EXECUTING
12:27:49 INFO  State of operation 18840725 : EXECUTING
12:27:51 INFO  State of operation 18840725 : EXECUTING
12:27:54 INFO  State of operation 18840725 : EXECUTING
12:27:56 INFO  State of operation 18840725 : EXECUTING
12:27:59 INFO  State of operation 18840725 : EXECUTING
12:28:01 INFO  State of operation 18840725 : EXECUTING
12:28:03 INFO  State of operation 18840725 : EXECUTING
12:28:05 INFO  State of operation 18840725 : EXECUTING
12:28:08 INFO  State of operation 18840725 : EXECUTING
12:28:10 INFO  State of operation 18840725 : EXECUTING
12:28:12 WARN  SystemError occurred while running test - Timeout while waiting for status SUCCESSFUL or False
Traceback (most recent call last):
  File &quot;/home/pi/env-pysys/lib/python3.7/site-packages/pysys/baserunner.py&quot;, line 1294, in __call__
    self.testObj.execute()
  File &quot;/home/pi/actions-runner/_work/thin-edge.io/thin-edge.io/tests/PySys/software_management_end_to_end/sm_apt_install_remove_multiple_mixed/run.py&quot;, line 89, in execute
    self.wait_until_succcess()
  File &quot;/home/pi/actions-runner/_work/thin-edge.io/thin-edge.io/tests/PySys/software_management_end_to_end/environment_sm_management.py&quot;, line 324, in wait_until_succcess
    self.wait_until_status(&quot;SUCCESSFUL&quot;)
  File &quot;/home/pi/actions-runner/_work/thin-edge.io/thin-edge.io/tests/PySys/software_management_end_to_end/environment_sm_management.py&quot;, line 381, in wait_until_status
    &quot;Timeout while waiting for status %s or %s&quot; % (status, status2)
SystemError: Timeout while waiting for status SUCCESSFUL or False
12:28:12 WARN  SystemError: Timeout while waiting for status SUCCESSFUL or False ... blocked 
12:28:12 INFO  
12:28:12 INFO  cleanup:
12:28:19 INFO  Executed sudo&lt;tedge_disconnect_c8y&gt;, exit status 0
12:28:19 INFO  Executed systemctl&lt;serv_mapper5&gt;, exit status 3
12:28:19 INFO  
12:28:19 INFO  Test duration: 180.17 secs
12:28:19 INFO  Test final outcome:  BLOCKED
12:28:19 INFO  Test outcome reason: SystemError: Timeout while waiting for status SUCCESSFUL or False
12:28:19 INFO  
</system-out>
	</testcase>
</testsuite>
