<?xml version="1.0" encoding="utf-8"?>
<testsuite failures="1" name="SoftwareManagement.sm_apt_install_remove_multiple_mixed" skipped="0" tests="1" time="176.18" timestamp="2022-05-06T14:25:31">
	<testcase classname="PySysTest" name="SoftwareManagement.sm_apt_install_remove_multiple_mixed">
		<failure message="BLOCKED: SystemError: Timeout while waiting for status SUCCESSFUL or False (+1 other failures)" type="BLOCKED"/>
		<system-out>14:22:35 INFO  ==============================================================
14:22:35 INFO  Id:    SoftwareManagement.sm_apt_install_remove_multiple_mixed
14:22:35 INFO  Dir:   software_management_end_to_end/
14:22:35 INFO  Title: Validate end to end behaviour for the apt plugin for multiple packages with mixed versions
14:22:35 INFO  ==============================================================
14:22:35 INFO  Using sw id database: {'asciijump': '5475369', 'robotfindskitten': '5474869', 'squirrel3': '5475279', 'rolldice': '5152439', 'moon-buggy': '5439204', 'apple': '5495053', 'banana': '5494888', 'cherry': '5495382', 'watermelon': '5494510', 'registry': '8018911', 'hello-world': '8021526', 'docker/getting-started': '8021973', 'alpine': '7991792'}
14:22:35 INFO  EnvironmentC8y Setup
14:22:36 INFO  Executed systemctl&lt;serv_mapper1&gt;, exit status 3
14:22:36 INFO  Restarting mosquitto too frequently in the last 10 seconds. It was only up for 5 seconds
14:22:36 INFO  Delaying execution by 6 seconds
14:22:56 INFO  Executed sudo&lt;tedge_connect_c8y&gt;, exit status 0, duration 13 secs
14:22:56 INFO  Executed sudo&lt;tedge_connect_c8y_test&gt;, exit status 0
14:22:57 INFO  Executed systemctl&lt;serv_mosq2&gt;, exit status 0
14:22:57 INFO  Executed systemctl&lt;serv_mapper3&gt;, exit status 0
14:23:00 INFO  State of current operation: SUCCESSFUL
14:23:00 INFO  Assert that (False == value) with value=False ... passed
14:23:00 INFO  Assert that (False == value) with value=False ... passed
14:23:00 INFO  Assert that (False == value) with value=False ... passed
14:23:00 INFO  Assert that (False == value) with value=False ... passed
14:23:01 INFO  Package moon-buggy is installed
14:23:01 WARN  Assert that (False == value) with value=True ... failed 
14:23:02 INFO  Response status: 201
14:23:02 INFO  Response to action: {
    &quot;delivery&quot;: {
        &quot;time&quot;: &quot;2022-05-06T14:23:02.378Z&quot;,
        &quot;log&quot;: [],
        &quot;status&quot;: &quot;PENDING&quot;
    },
    &quot;creationTime&quot;: &quot;2022-05-06T14:23:02.362Z&quot;,
    &quot;deviceName&quot;: &quot;m32sd10a&quot;,
    &quot;deviceId&quot;: &quot;18449101&quot;,
    &quot;self&quot;: &quot;https://t493319102.eu-latest.cumulocity.com/devicecontrol/operations/18458721&quot;,
    &quot;id&quot;: &quot;18458721&quot;,
    &quot;status&quot;: &quot;PENDING&quot;,
    &quot;description&quot;: &quot;Apply software changes, triggered from PySys: [{'action': 'install', 'id': '5475369', 'name': 'asciijump', 'url': ' ', 'version': '::apt'}, {'action': 'install', 'id': '5474869', 'name': 'robotfindskitten', 'url': ' ', 'version': ' '}, {'action': 'install', 'id': '5475279', 'name': 'squirrel3', 'url': ' ', 'version': '3.1-7::apt'}, {'action': 'install', 'id': '5152439', 'name': 'rolldice', 'url': ' ', 'version': '1.16-1+b1'}, {'action': 'install', 'id': '5439204', 'name': 'moon-buggy', 'url': ' ', 'version': '1:1.0.51-12'}, {'action': 'install', 'id': '5475369', 'name': 'asciijump', 'url': ' ', 'version': '::apt'}]&quot;,
    &quot;c8y_SoftwareUpdate&quot;: [
        {
            &quot;name&quot;: &quot;asciijump&quot;,
            &quot;action&quot;: &quot;install&quot;,
            &quot;id&quot;: &quot;5475369&quot;,
            &quot;version&quot;: &quot;::apt&quot;,
            &quot;url&quot;: &quot; &quot;
        },
        {
            &quot;name&quot;: &quot;robotfindskitten&quot;,
            &quot;action&quot;: &quot;install&quot;,
            &quot;id&quot;: &quot;5474869&quot;,
            &quot;version&quot;: &quot; &quot;,
            &quot;url&quot;: &quot; &quot;
        },
        {
            &quot;name&quot;: &quot;squirrel3&quot;,
            &quot;action&quot;: &quot;install&quot;,
            &quot;id&quot;: &quot;5475279&quot;,
            &quot;version&quot;: &quot;3.1-7::apt&quot;,
            &quot;url&quot;: &quot; &quot;
        },
        {
            &quot;name&quot;: &quot;rolldice&quot;,
            &quot;action&quot;: &quot;install&quot;,
            &quot;id&quot;: &quot;5152439&quot;,
            &quot;version&quot;: &quot;1.16-1+b1&quot;,
            &quot;url&quot;: &quot; &quot;
        },
        {
            &quot;name&quot;: &quot;moon-buggy&quot;,
            &quot;action&quot;: &quot;install&quot;,
            &quot;id&quot;: &quot;5439204&quot;,
            &quot;version&quot;: &quot;1:1.0.51-12&quot;,
            &quot;url&quot;: &quot; &quot;
        },
        {
            &quot;name&quot;: &quot;asciijump&quot;,
            &quot;action&quot;: &quot;install&quot;,
            &quot;id&quot;: &quot;5475369&quot;,
            &quot;version&quot;: &quot;::apt&quot;,
            &quot;url&quot;: &quot; &quot;
        }
    ]
}
14:23:02 INFO  Started operation: {'delivery': {'time': '2022-05-06T14:23:02.378Z', 'log': [], 'status': 'PENDING'}, 'creationTime': '2022-05-06T14:23:02.362Z', 'deviceName': 'm32sd10a', 'deviceId': '18449101', 'self': 'https://t493319102.eu-latest.cumulocity.com/devicecontrol/operations/18458721', 'id': '18458721', 'status': 'PENDING', 'description': &quot;Apply software changes, triggered from PySys: [{'action': 'install', 'id': '5475369', 'name': 'asciijump', 'url': ' ', 'version': '::apt'}, {'action': 'install', 'id': '5474869', 'name': 'robotfindskitten', 'url': ' ', 'version': ' '}, {'action': 'install', 'id': '5475279', 'name': 'squirrel3', 'url': ' ', 'version': '3.1-7::apt'}, {'action': 'install', 'id': '5152439', 'name': 'rolldice', 'url': ' ', 'version': '1.16-1+b1'}, {'action': 'install', 'id': '5439204', 'name': 'moon-buggy', 'url': ' ', 'version': '1:1.0.51-12'}, {'action': 'install', 'id': '5475369', 'name': 'asciijump', 'url': ' ', 'version': '::apt'}]&quot;, 'c8y_SoftwareUpdate': [{'name': 'asciijump', 'action': 'install', 'id': '5475369', 'version': '::apt', 'url': ' '}, {'name': 'robotfindskitten', 'action': 'install', 'id': '5474869', 'version': ' ', 'url': ' '}, {'name': 'squirrel3', 'action': 'install', 'id': '5475279', 'version': '3.1-7::apt', 'url': ' '}, {'name': 'rolldice', 'action': 'install', 'id': '5152439', 'version': '1.16-1+b1', 'url': ' '}, {'name': 'moon-buggy', 'action': 'install', 'id': '5439204', 'version': '1:1.0.51-12', 'url': ' '}, {'name': 'asciijump', 'action': 'install', 'id': '5475369', 'version': '::apt', 'url': ' '}]}
14:23:04 INFO  State of operation 18458721 : PENDING
14:23:06 INFO  State of operation 18458721 : EXECUTING
14:23:09 INFO  State of operation 18458721 : EXECUTING
14:23:11 INFO  State of operation 18458721 : EXECUTING
14:23:13 INFO  State of operation 18458721 : EXECUTING
14:23:15 INFO  State of operation 18458721 : EXECUTING
14:23:18 INFO  State of operation 18458721 : EXECUTING
14:23:21 INFO  State of operation 18458721 : EXECUTING
14:23:23 INFO  State of operation 18458721 : EXECUTING
14:23:25 INFO  State of operation 18458721 : EXECUTING
14:23:28 INFO  State of operation 18458721 : EXECUTING
14:23:30 INFO  State of operation 18458721 : EXECUTING
14:23:32 INFO  State of operation 18458721 : EXECUTING
14:23:34 INFO  State of operation 18458721 : EXECUTING
14:23:37 INFO  State of operation 18458721 : EXECUTING
14:23:39 INFO  State of operation 18458721 : EXECUTING
14:23:41 INFO  State of operation 18458721 : EXECUTING
14:23:43 INFO  State of operation 18458721 : EXECUTING
14:23:46 INFO  State of operation 18458721 : EXECUTING
14:23:48 INFO  State of operation 18458721 : EXECUTING
14:23:51 INFO  State of operation 18458721 : EXECUTING
14:23:53 INFO  State of operation 18458721 : EXECUTING
14:23:55 INFO  State of operation 18458721 : EXECUTING
14:23:57 INFO  State of operation 18458721 : EXECUTING
14:24:00 INFO  State of operation 18458721 : EXECUTING
14:24:02 INFO  State of operation 18458721 : EXECUTING
14:24:05 INFO  State of operation 18458721 : EXECUTING
14:24:07 INFO  State of operation 18458721 : EXECUTING
14:24:10 INFO  State of operation 18458721 : EXECUTING
14:24:12 INFO  State of operation 18458721 : EXECUTING
14:24:14 INFO  State of operation 18458721 : EXECUTING
14:24:17 INFO  State of operation 18458721 : EXECUTING
14:24:19 INFO  State of operation 18458721 : EXECUTING
14:24:21 INFO  State of operation 18458721 : EXECUTING
14:24:23 INFO  State of operation 18458721 : EXECUTING
14:24:26 INFO  State of operation 18458721 : EXECUTING
14:24:28 INFO  State of operation 18458721 : EXECUTING
14:24:30 INFO  State of operation 18458721 : EXECUTING
14:24:33 INFO  State of operation 18458721 : EXECUTING
14:24:36 INFO  State of operation 18458721 : EXECUTING
14:24:38 INFO  State of operation 18458721 : EXECUTING
14:24:40 INFO  State of operation 18458721 : EXECUTING
14:24:42 INFO  State of operation 18458721 : EXECUTING
14:24:45 INFO  State of operation 18458721 : EXECUTING
14:24:47 INFO  State of operation 18458721 : EXECUTING
14:24:49 INFO  State of operation 18458721 : EXECUTING
14:24:51 INFO  State of operation 18458721 : EXECUTING
14:24:54 INFO  State of operation 18458721 : EXECUTING
14:24:56 INFO  State of operation 18458721 : EXECUTING
14:24:58 INFO  State of operation 18458721 : EXECUTING
14:25:01 INFO  State of operation 18458721 : EXECUTING
14:25:03 INFO  State of operation 18458721 : EXECUTING
14:25:06 INFO  State of operation 18458721 : EXECUTING
14:25:08 INFO  State of operation 18458721 : EXECUTING
14:25:10 INFO  State of operation 18458721 : EXECUTING
14:25:13 INFO  State of operation 18458721 : EXECUTING
14:25:15 INFO  State of operation 18458721 : EXECUTING
14:25:17 INFO  State of operation 18458721 : EXECUTING
14:25:19 INFO  State of operation 18458721 : EXECUTING
14:25:22 INFO  State of operation 18458721 : EXECUTING
14:25:24 INFO  State of operation 18458721 : EXECUTING
14:25:26 WARN  SystemError occurred while running test - Timeout while waiting for status SUCCESSFUL or False
Traceback (most recent call last):
  File &quot;/home/pi/env-pysys/lib/python3.7/site-packages/pysys/baserunner.py&quot;, line 1294, in __call__
    self.testObj.execute()
  File &quot;/home/pi/actions-runner/_work/thin-edge.io/thin-edge.io/tests/PySys/software_management_end_to_end/sm_apt_install_remove_multiple_mixed/run.py&quot;, line 89, in execute
    self.wait_until_succcess()
  File &quot;/home/pi/actions-runner/_work/thin-edge.io/thin-edge.io/tests/PySys/software_management_end_to_end/environment_sm_management.py&quot;, line 324, in wait_until_succcess
    self.wait_until_status(&quot;SUCCESSFUL&quot;)
  File &quot;/home/pi/actions-runner/_work/thin-edge.io/thin-edge.io/tests/PySys/software_management_end_to_end/environment_sm_management.py&quot;, line 381, in wait_until_status
    &quot;Timeout while waiting for status %s or %s&quot; % (status, status2)
SystemError: Timeout while waiting for status SUCCESSFUL or False
14:25:26 WARN  SystemError: Timeout while waiting for status SUCCESSFUL or False ... blocked 
14:25:26 INFO  
14:25:26 INFO  cleanup:
14:25:31 INFO  Executed sudo&lt;tedge_disconnect_c8y&gt;, exit status 0
14:25:31 INFO  Executed systemctl&lt;serv_mapper5&gt;, exit status 3
14:25:31 INFO  
14:25:31 INFO  Test duration: 176.18 secs
14:25:31 INFO  Test final outcome:  BLOCKED
14:25:31 INFO  Test outcome reason: SystemError: Timeout while waiting for status SUCCESSFUL or False (+1 other failures)
14:25:31 INFO  
</system-out>
	</testcase>
</testsuite>
