2022-04-27 14:17:06,514 INFO  ==============================================================
2022-04-27 14:17:06,515 INFO  Id:    SoftwareManagement.sm_apt_install_download_path
2022-04-27 14:17:06,516 INFO  Dir:   software_management_end_to_end/
2022-04-27 14:17:06,518 INFO  Title: Install package to directory specified in tedge config set tmp.path
2022-04-27 14:17:06,519 INFO  ==============================================================
2022-04-27 14:17:07,972 INFO  Using sw id database: {'asciijump': '5475369', 'robotfindskitten': '5474869', 'squirrel3': '5475279', 'rolldice': '5152439', 'moon-buggy': '5439204', 'apple': '5495053', 'banana': '5494888', 'cherry': '5495382', 'watermelon': '5494510', 'registry': '8018911', 'hello-world': '8021526', 'docker/getting-started': '8021973', 'alpine': '7991792'}
2022-04-27 14:17:07,973 INFO  EnvironmentC8y Setup
2022-04-27 14:17:08,596 INFO  Executed systemctl<serv_mapper1>, exit status 3
2022-04-27 14:17:22,577 INFO  Executed sudo<tedge_connect_c8y>, exit status 0, duration 13 secs
2022-04-27 14:17:23,196 INFO  Executed sudo<tedge_connect_c8y_test>, exit status 0
2022-04-27 14:17:23,687 INFO  Executed systemctl<serv_mosq2>, exit status 0
2022-04-27 14:17:24,151 INFO  Executed systemctl<serv_mapper3>, exit status 0
2022-04-27 14:17:26,476 INFO  State of current operation: SUCCESSFUL
2022-04-27 14:17:26,737 INFO  Assert that (False == value) with value=False ... passed
2022-04-27 14:17:27,249 INFO  Executed sudo, exit status 0
2022-04-27 14:17:27,762 INFO  Executed sudo, exit status 0
2022-04-27 14:17:28,420 INFO  Executed sudo, exit status 0
2022-04-27 14:17:32,306 INFO  Executed sudo<tedge_disconnect_c8y>, exit status 0
2022-04-27 14:17:32,425 INFO  Restarting mosquitto too frequently in the last 10 seconds. It was only up for 3 seconds
2022-04-27 14:17:32,426 INFO  Delaying execution by 8 seconds
2022-04-27 14:17:54,109 INFO  Executed sudo<tedge_connect_c8y>, exit status 0, duration 13 secs
2022-04-27 14:17:54,355 INFO  Response status: 201
2022-04-27 14:17:54,357 INFO  Response to action: {
    "delivery": {
        "time": "2022-04-27T14:17:54.326Z",
        "log": [],
        "status": "PENDING"
    },
    "creationTime": "2022-04-27T14:17:54.312Z",
    "deviceName": "m32sd10c",
    "deviceId": "17765836",
    "self": "https://t493319102.eu-latest.cumulocity.com/devicecontrol/operations/17788196",
    "id": "17788196",
    "status": "PENDING",
    "description": "Apply software changes, triggered from PySys: [{'name': 'rolldice', 'id': '5152439', 'version': '::apt', 'url': 'https://thin-edge-io.eu-latest.cumulocity.com/inventory/binaries/12435463', 'action': 'install'}]",
    "c8y_SoftwareUpdate": [
        {
            "name": "rolldice",
            "action": "install",
            "id": "5152439",
            "version": "::apt",
            "url": "https://thin-edge-io.eu-latest.cumulocity.com/inventory/binaries/12435463"
        }
    ]
}
2022-04-27 14:17:54,358 INFO  Started operation: {'delivery': {'time': '2022-04-27T14:17:54.326Z', 'log': [], 'status': 'PENDING'}, 'creationTime': '2022-04-27T14:17:54.312Z', 'deviceName': 'm32sd10c', 'deviceId': '17765836', 'self': 'https://t493319102.eu-latest.cumulocity.com/devicecontrol/operations/17788196', 'id': '17788196', 'status': 'PENDING', 'description': "Apply software changes, triggered from PySys: [{'name': 'rolldice', 'id': '5152439', 'version': '::apt', 'url': 'https://thin-edge-io.eu-latest.cumulocity.com/inventory/binaries/12435463', 'action': 'install'}]", 'c8y_SoftwareUpdate': [{'name': 'rolldice', 'action': 'install', 'id': '5152439', 'version': '::apt', 'url': 'https://thin-edge-io.eu-latest.cumulocity.com/inventory/binaries/12435463'}]}
2022-04-27 14:17:54,362 WARN  , retrying in 0.5 seconds...
2022-04-27 14:17:54,874 WARN  , retrying in 0.5 seconds...
2022-04-27 14:17:55,377 WARN  , retrying in 0.5 seconds...
2022-04-27 14:17:55,880 WARN  , retrying in 0.5 seconds...
2022-04-27 14:17:56,383 WARN  , retrying in 0.5 seconds...
2022-04-27 14:17:56,886 WARN  , retrying in 0.5 seconds...
2022-04-27 14:17:57,389 WARN  , retrying in 0.5 seconds...
2022-04-27 14:17:57,893 WARN  , retrying in 0.5 seconds...
2022-04-27 14:17:58,396 WARN  , retrying in 0.5 seconds...
2022-04-27 14:17:58,899 WARN  AssertionError occurred while running test - 
Traceback (most recent call last):
  File "/home/pi/env-pysys/lib/python3.7/site-packages/pysys/baserunner.py", line 1294, in __call__
    self.testObj.execute()
  File "/home/pi/actions-runner/_work/thin-edge.io/thin-edge.io/tests/PySys/software_management_end_to_end/sm_apt_install_download_path/run.py", line 83, in execute
    assert_install_in_download_path(install_directory=self.DOWNLOAD_DIR)
  File "/home/pi/env-pysys/lib/python3.7/site-packages/decorator.py", line 232, in fun
    return caller(func, *(extras + args), **kw)
  File "/home/pi/env-pysys/lib/python3.7/site-packages/retry/api.py", line 74, in retry_decorator
    logger)
  File "/home/pi/env-pysys/lib/python3.7/site-packages/retry/api.py", line 33, in __retry_internal
    return f()
  File "/home/pi/actions-runner/_work/thin-edge.io/thin-edge.io/tests/PySys/software_management_end_to_end/sm_apt_install_download_path/run.py", line 28, in assert_install_in_download_path
    assert "rolldice" in os.listdir(f"{install_directory}")
AssertionError
2022-04-27 14:17:58,921 WARN  AssertionError: ... blocked 
2022-04-27 14:17:58,922 INFO  
2022-04-27 14:17:58,923 INFO  cleanup:
2022-04-27 14:17:59,452 INFO  Executed sudo, exit status 0
2022-04-27 14:18:00,016 INFO  Executed sudo, exit status 0
2022-04-27 14:18:04,340 INFO  Executed sudo<tedge_disconnect_c8y>, exit status 0
2022-04-27 14:18:04,447 INFO  Restarting mosquitto too frequently in the last 10 seconds. It was only up for 3 seconds
2022-04-27 14:18:04,448 INFO  Delaying execution by 8 seconds
2022-04-27 14:18:26,513 INFO  Executed sudo<tedge_connect_c8y>, exit status 0, duration 14 secs
2022-04-27 14:18:30,909 INFO  Executed sudo<tedge_disconnect_c8y>, exit status 0
2022-04-27 14:18:31,523 INFO  Executed systemctl<serv_mapper5>, exit status 3
2022-04-27 14:18:31,527 INFO  
2022-04-27 14:18:31,528 INFO  Test duration: 85.03 secs
2022-04-27 14:18:31,529 INFO  Test final outcome:  BLOCKED
2022-04-27 14:18:31,530 INFO  Test outcome reason: AssertionError:
2022-04-27 14:18:31,531 INFO  
