<?xml version="1.0" encoding="utf-8"?>
<testsuite failures="0" name="mqtt_port_change_connection_works" skipped="1" tests="1" time="0.02" timestamp="2022-05-11T10:09:05">
	<testcase classname="MqttPortChangeConnectionWorks" name="mqtt_port_change_connection_works">
		<skipped message="SKIPPED: failing intermitently"/>
		<system-out>10:09:05 INFO  ==============================================================
10:09:05 INFO  Id:    mqtt_port_change_connection_works
10:09:05 INFO  Dir:   misc_features/
10:09:05 INFO  Title: mqtt port change connection works for all the thin-edge services that use the mosquitto broker
10:09:05 INFO  ==============================================================
10:09:05 INFO  failing intermitently ... skipped
10:09:05 INFO  
10:09:05 INFO  Test duration: 0.02 secs
10:09:05 INFO  Test final outcome:  SKIPPED
10:09:05 INFO  Test outcome reason: failing intermitently
10:09:05 INFO  
</system-out>
	</testcase>
</testsuite>
