<?xml version="1.0" encoding="utf-8"?>
<testsuite failures="1" name="c8y_jwt_token_retrieval" skipped="0" tests="1" time="23.27" timestamp="2022-04-27T17:27:33">
	<testcase classname="ValidateJWTTokenRetrieval" name="c8y_jwt_token_retrieval">
		<failure message="FAILED: Grep on resp_jwt.out contains &quot;\[c8y/s/dat\] 71,&quot;" type="FAILED"/>
		<system-out>17:27:10 INFO  ==============================================================
17:27:10 INFO  Id:    c8y_jwt_token_retrieval
17:27:10 INFO  Dir:   cloud_c8y/
17:27:10 INFO  Title: Validate the Cumulocity JWT Token Retrieval feature
17:27:10 INFO  ==============================================================
17:27:10 INFO  Executed sudo&lt;tedge_disconnect_c8y&gt;, exit status 0
17:27:25 INFO  Executed sudo&lt;tedge_connect_c8y&gt;, exit status 0, duration 14 secs
17:27:25 INFO  Started sudo&lt;resp_jwt&gt; with process id 18988
17:27:26 INFO  Executed sudo&lt;req_jwt&gt;, exit status 0
17:27:28 INFO  Executed sudo&lt;kill_out&gt;, exit status 0
17:27:28 WARN  Grep on resp_jwt.out contains &quot;\[c8y/s/dat\] 71,&quot; ... failed [run.py:60]
17:27:28 INFO  
17:27:28 INFO  cleanup:
17:27:33 INFO  Executed sudo&lt;tedge_disconnect_c8y&gt;, exit status 0
17:27:33 INFO  
17:27:33 INFO  Test duration: 23.27 secs
17:27:33 INFO  Test final outcome:  FAILED
17:27:33 INFO  Test outcome reason: Grep on resp_jwt.out contains &quot;\[c8y/s/dat\] 71,&quot;
17:27:33 INFO  
</system-out>
	</testcase>
</testsuite>
