<?xml version="1.0" encoding="utf-8"?>
<testsuite failures="1" name="log_request_error_messages" skipped="0" tests="1" time="36.75" timestamp="2022-04-27T08:33:55">
	<testcase classname="LogRequestVerifySearchTextError" name="log_request_error_messages">
		<failure message="FAILED: Assert that (True == value) with value=False" type="FAILED"/>
		<system-out>08:33:18 INFO  ==============================================================
08:33:18 INFO  Id:    log_request_error_messages
08:33:18 INFO  Dir:   log_request_end_to_end/
08:33:18 INFO  Title: Validate end to end behaviour for the log request operation check for error messages
08:33:18 INFO  ==============================================================
08:33:20 INFO  EnvironmentC8y Setup
08:33:20 INFO  Executed systemctl&lt;serv_mapper1&gt;, exit status 3
08:33:20 INFO  Restarting mosquitto too frequently in the last 10 seconds. It was only up for 2 seconds
08:33:20 INFO  Delaying execution by 9 seconds
08:33:43 INFO  Executed sudo&lt;tedge_connect_c8y&gt;, exit status 0, duration 14 secs
08:33:44 INFO  Executed sudo&lt;tedge_connect_c8y_test&gt;, exit status 0
08:33:44 INFO  Executed systemctl&lt;serv_mosq2&gt;, exit status 0
08:33:45 INFO  Executed systemctl&lt;serv_mapper3&gt;, exit status 0
08:33:46 INFO  Executed sudo&lt;rm_logs&gt;, exit status 0
08:33:46 INFO  Executed sudo&lt;move_logs&gt;, exit status 0
08:33:47 INFO  log response None
08:33:47 WARN  retry, retrying in 1 seconds...
08:33:48 INFO  log response https://thin-edge-io.eu-latest.cumulocity.com/event/events/17749220/binaries
08:33:49 WARN  Assert that (True == value) with value=False ... failed [run.py:43]
08:33:49 INFO  
08:33:49 INFO  cleanup:
08:33:49 INFO  Executed sudo&lt;rm_logs&gt;, exit status 0
08:33:50 INFO  Executed sudo&lt;rm_tmp_logs&gt;, exit status 0
08:33:50 INFO  Executed sudo&lt;send_failed&gt;, exit status 0
08:33:55 INFO  Executed sudo&lt;tedge_disconnect_c8y&gt;, exit status 0
08:33:55 INFO  Executed systemctl&lt;serv_mapper5&gt;, exit status 3
08:33:55 INFO  
08:33:55 INFO  Test duration: 36.75 secs
08:33:55 INFO  Test final outcome:  FAILED
08:33:55 INFO  Test outcome reason: Assert that (True == value) with value=False
08:33:55 INFO  
</system-out>
	</testcase>
</testsuite>
