<?xml version="1.0" encoding="utf-8"?>
<testsuite failures="1" name="log_request_num_lines" skipped="0" tests="1" time="32.97" timestamp="2022-04-27T13:06:40">
	<testcase classname="LogRequestVerifyNumberOfLines" name="log_request_num_lines">
		<failure message="FAILED: Assert that (True == value) with value=False" type="FAILED"/>
		<system-out>13:06:07 INFO  ==============================================================
13:06:07 INFO  Id:    log_request_num_lines
13:06:07 INFO  Dir:   log_request_end_to_end/
13:06:07 INFO  Title: Validate end to end behaviour for the log request operation check for number of lines
13:06:07 INFO  ==============================================================
13:06:07 INFO  EnvironmentC8y Setup
13:06:08 INFO  Executed systemctl&lt;serv_mapper1&gt;, exit status 3
13:06:08 INFO  Restarting mosquitto too frequently in the last 10 seconds. It was only up for 4 seconds
13:06:08 INFO  Delaying execution by 7 seconds
13:06:29 INFO  Executed sudo&lt;tedge_connect_c8y&gt;, exit status 0, duration 14 secs
13:06:30 INFO  Executed sudo&lt;tedge_connect_c8y_test&gt;, exit status 0
13:06:30 INFO  Executed systemctl&lt;serv_mosq2&gt;, exit status 0
13:06:31 INFO  Executed systemctl&lt;serv_mapper3&gt;, exit status 0
13:06:31 INFO  Executed sudo&lt;rm_logs&gt;, exit status 0
13:06:32 INFO  Executed sudo&lt;move_logs&gt;, exit status 0
13:06:32 INFO  log response None
13:06:32 WARN  retry, retrying in 1 seconds...
13:06:34 INFO  log response https://thin-edge-io.eu-latest.cumulocity.com/event/events/17768991/binaries
13:06:34 INFO  nlines 0
13:06:34 WARN  Assert that (True == value) with value=False ... failed [run.py:44]
13:06:34 INFO  
13:06:34 INFO  cleanup:
13:06:34 INFO  Executed sudo&lt;rm_logs&gt;, exit status 0
13:06:35 INFO  Executed sudo&lt;rm_tmp_logs&gt;, exit status 0
13:06:35 INFO  Executed sudo&lt;send_failed&gt;, exit status 0
13:06:40 INFO  Executed sudo&lt;tedge_disconnect_c8y&gt;, exit status 0
13:06:40 INFO  Executed systemctl&lt;serv_mapper5&gt;, exit status 3
13:06:40 INFO  
13:06:40 INFO  Test duration: 32.97 secs
13:06:40 INFO  Test final outcome:  FAILED
13:06:40 INFO  Test outcome reason: Assert that (True == value) with value=False
13:06:40 INFO  
</system-out>
	</testcase>
</testsuite>
