<?xml version="1.0" encoding="utf-8"?>
<testsuite failures="0" name="apt_install_fail" skipped="1" tests="1" time="0.04" timestamp="2022-05-06T13:12:03">
	<testcase classname="AptPluginInstallFail" name="apt_install_fail">
		<skipped message="SKIPPED: Testing the apt plugin is not supported on this platform.To run the tests call PySys with -XmyPlatform='container'"/>
		<system-out>13:12:03 INFO  ==============================================================
13:12:03 INFO  Id:    apt_install_fail
13:12:03 INFO  Dir:   plugin_apt/
13:12:03 INFO  Title: Validate apt plugin prepare - failing
13:12:03 INFO  ==============================================================
13:12:03 INFO  Testing the apt plugin is not supported on this platform.To run the tests call PySys with -XmyPlatform='container' ... skipped
13:12:03 WARN  Aborted test due to SKIPPED outcome
13:12:03 INFO  
13:12:03 INFO  Test duration: 0.04 secs
13:12:03 INFO  Test final outcome:  SKIPPED
13:12:03 INFO  Test outcome reason: Testing the apt plugin is not supported on this platform.To run the tests call PySys with -XmyPlatform='container'
13:12:03 INFO  
</system-out>
	</testcase>
</testsuite>
