<?xml version="1.0" encoding="utf-8"?>
<pysyslog completed="16/16" status="complete">
	<timestamp>2022-05-11 11:08:58</timestamp>
	<platform>linux</platform>
	<host>m32sd10d</host>
	<root>/home/pi/actions-runner/_work/thin-edge.io/thin-edge.io/tests/PySys</root>
	<xargs>
		<xarg name="myPlatform" value="container"/>
		<xarg name="dockerplugin" value="dockerplugin"/>
		<xarg name="fakeplugin" value="fakeplugin"/>
	</xargs>
	<results cycle="1">
		<result id="SoftwareManagement.Plugin.apama_plugin_install" outcome="PASSED">
			<outcomeReason>Assertion that path exists=False for &quot;/etc/tedge/apama/project&quot;</outcomeReason>
			<timestamp>2022-05-11 11:09:20</timestamp>
			<descriptor>/home/pi/actions-runner/_work/thin-edge.io/thin-edge.io/tests/PySys/plugin_apama/apama_plugin_install/pysystest.xml</descriptor>
			<output>/home/pi/actions-runner/_work/thin-edge.io/thin-edge.io/tests/PySys/plugin_apama/apama_plugin_install/Output/linux</output>
		</result>
		<result id="SoftwareManagement.Plugin.apama_plugin_mon_support" outcome="PASSED">
			<outcomeReason>Assertion that path exists=False for &quot;/etc/tedge/apama/project&quot;</outcomeReason>
			<timestamp>2022-05-11 11:09:48</timestamp>
			<descriptor>/home/pi/actions-runner/_work/thin-edge.io/thin-edge.io/tests/PySys/plugin_apama/apama_plugin_mon_support/pysystest.xml</descriptor>
			<output>/home/pi/actions-runner/_work/thin-edge.io/thin-edge.io/tests/PySys/plugin_apama/apama_plugin_mon_support/Output/linux</output>
		</result>
		<result id="SoftwareManagement.Plugin.apama_plugin_remove" outcome="PASSED">
			<outcomeReason>Assertion that path exists=False for &quot;/etc/tedge/apama/project&quot;</outcomeReason>
			<timestamp>2022-05-11 11:10:06</timestamp>
			<descriptor>/home/pi/actions-runner/_work/thin-edge.io/thin-edge.io/tests/PySys/plugin_apama/apama_plugin_remove/pysystest.xml</descriptor>
			<output>/home/pi/actions-runner/_work/thin-edge.io/thin-edge.io/tests/PySys/plugin_apama/apama_plugin_remove/Output/linux</output>
		</result>
		<result id="SoftwareManagement.Plugin.apama_plugin_update" outcome="BLOCKED">
			<outcomeReason>sudo&lt;plugin_install&gt; returned non-zero exit code 2</outcomeReason>
			<timestamp>2022-05-11 11:10:28</timestamp>
			<descriptor>/home/pi/actions-runner/_work/thin-edge.io/thin-edge.io/tests/PySys/plugin_apama/apama_plugin_update/pysystest.xml</descriptor>
			<output>/home/pi/actions-runner/_work/thin-edge.io/thin-edge.io/tests/PySys/plugin_apama/apama_plugin_update/Output/linux</output>
		</result>
		<result id="SoftwareManagement.sm_apt_install_download_path" outcome="BLOCKED">
			<outcomeReason>AssertionError:</outcomeReason>
			<timestamp>2022-05-11 11:11:51</timestamp>
			<descriptor>/home/pi/actions-runner/_work/thin-edge.io/thin-edge.io/tests/PySys/software_management_end_to_end/sm_apt_install_download_path/pysystest.xml</descriptor>
			<output>/home/pi/actions-runner/_work/thin-edge.io/thin-edge.io/tests/PySys/software_management_end_to_end/sm_apt_install_download_path/Output/linux</output>
		</result>
		<result id="SoftwareManagement.sm_apt_install_fail" outcome="PASSED">
			<outcomeReason>Assert that (False == value) with value=False</outcomeReason>
			<timestamp>2022-05-11 11:13:00</timestamp>
			<descriptor>/home/pi/actions-runner/_work/thin-edge.io/thin-edge.io/tests/PySys/software_management_end_to_end/sm_apt_install_fail/pysystest.xml</descriptor>
			<output>/home/pi/actions-runner/_work/thin-edge.io/thin-edge.io/tests/PySys/software_management_end_to_end/sm_apt_install_fail/Output/linux</output>
		</result>
		<result id="SoftwareManagement.sm_apt_install_remove" outcome="PASSED">
			<outcomeReason>Assert that (False == value) with value=False</outcomeReason>
			<timestamp>2022-05-11 11:15:44</timestamp>
			<descriptor>/home/pi/actions-runner/_work/thin-edge.io/thin-edge.io/tests/PySys/software_management_end_to_end/sm_apt_install_remove/pysystest.xml</descriptor>
			<output>/home/pi/actions-runner/_work/thin-edge.io/thin-edge.io/tests/PySys/software_management_end_to_end/sm_apt_install_remove/Output/linux</output>
		</result>
		<result id="SoftwareManagement.sm_apt_install_remove_default" outcome="PASSED">
			<outcomeReason>Assert that (False == value) with value=False</outcomeReason>
			<timestamp>2022-05-11 11:18:22</timestamp>
			<descriptor>/home/pi/actions-runner/_work/thin-edge.io/thin-edge.io/tests/PySys/software_management_end_to_end/sm_apt_install_remove_default/pysystest.xml</descriptor>
			<output>/home/pi/actions-runner/_work/thin-edge.io/thin-edge.io/tests/PySys/software_management_end_to_end/sm_apt_install_remove_default/Output/linux</output>
		</result>
		<result id="SoftwareManagement.sm_apt_install_remove_multiple" outcome="FAILED">
			<outcomeReason>Assert that (False == value) with value=True (+2 other failures)</outcomeReason>
			<timestamp>2022-05-11 11:20:43</timestamp>
			<descriptor>/home/pi/actions-runner/_work/thin-edge.io/thin-edge.io/tests/PySys/software_management_end_to_end/sm_apt_install_remove_multiple/pysystest.xml</descriptor>
			<output>/home/pi/actions-runner/_work/thin-edge.io/thin-edge.io/tests/PySys/software_management_end_to_end/sm_apt_install_remove_multiple/Output/linux</output>
		</result>
		<result id="SoftwareManagement.sm_apt_install_remove_multiple_mixed" outcome="BLOCKED">
			<outcomeReason>SystemError: Timeout while waiting for status SUCCESSFUL or False (+1 other failures)</outcomeReason>
			<timestamp>2022-05-11 11:23:44</timestamp>
			<descriptor>/home/pi/actions-runner/_work/thin-edge.io/thin-edge.io/tests/PySys/software_management_end_to_end/sm_apt_install_remove_multiple_mixed/pysystest.xml</descriptor>
			<output>/home/pi/actions-runner/_work/thin-edge.io/thin-edge.io/tests/PySys/software_management_end_to_end/sm_apt_install_remove_multiple_mixed/Output/linux</output>
		</result>
		<result id="SoftwareManagement.sm_apt_install_remove_with_version" outcome="PASSED">
			<outcomeReason>Assert that (False == value) with value=False</outcomeReason>
			<timestamp>2022-05-11 11:26:19</timestamp>
			<descriptor>/home/pi/actions-runner/_work/thin-edge.io/thin-edge.io/tests/PySys/software_management_end_to_end/sm_apt_install_remove_with_version/pysystest.xml</descriptor>
			<output>/home/pi/actions-runner/_work/thin-edge.io/thin-edge.io/tests/PySys/software_management_end_to_end/sm_apt_install_remove_with_version/Output/linux</output>
		</result>
		<result id="SoftwareManagement.sm_docker_install_remove_multiple" outcome="PASSED">
			<outcomeReason>Assert that (True == value) with value=True</outcomeReason>
			<timestamp>2022-05-11 11:28:53</timestamp>
			<descriptor>/home/pi/actions-runner/_work/thin-edge.io/thin-edge.io/tests/PySys/software_management_end_to_end/sm_docker_install_remove_multiple/pysystest.xml</descriptor>
			<output>/home/pi/actions-runner/_work/thin-edge.io/thin-edge.io/tests/PySys/software_management_end_to_end/sm_docker_install_remove_multiple/Output/linux</output>
		</result>
		<result id="SoftwareManagement.sm_fake_install_remove" outcome="PASSED">
			<outcomeReason>Assert that (False == value) with value=False</outcomeReason>
			<timestamp>2022-05-11 11:29:36</timestamp>
			<descriptor>/home/pi/actions-runner/_work/thin-edge.io/thin-edge.io/tests/PySys/software_management_end_to_end/sm_fake_install_remove/pysystest.xml</descriptor>
			<output>/home/pi/actions-runner/_work/thin-edge.io/thin-edge.io/tests/PySys/software_management_end_to_end/sm_fake_install_remove/Output/linux</output>
		</result>
		<result id="SoftwareManagement.sm_fake_install_remove_multiple" outcome="PASSED">
			<outcomeReason>Assert that (True == value) with value=True</outcomeReason>
			<timestamp>2022-05-11 11:30:21</timestamp>
			<descriptor>/home/pi/actions-runner/_work/thin-edge.io/thin-edge.io/tests/PySys/software_management_end_to_end/sm_fake_install_remove_multiple/pysystest.xml</descriptor>
			<output>/home/pi/actions-runner/_work/thin-edge.io/thin-edge.io/tests/PySys/software_management_end_to_end/sm_fake_install_remove_multiple/Output/linux</output>
		</result>
		<result id="SoftwareManagement.sm_mapper_fail_and_reconnect" outcome="SKIPPED">
			<outcomeReason>instable https://github.com/thin-edge/thin-edge.io/issues/752</outcomeReason>
			<timestamp>2022-05-11 11:30:21</timestamp>
			<descriptor>/home/pi/actions-runner/_work/thin-edge.io/thin-edge.io/tests/PySys/software_management_end_to_end/sm_mapper_fail_and_reconnect/pysystest.xml</descriptor>
			<output>/home/pi/actions-runner/_work/thin-edge.io/thin-edge.io/tests/PySys/software_management_end_to_end/sm_mapper_fail_and_reconnect/Output/linux</output>
		</result>
		<result id="SoftwareManagement.sm_mixed_install_remove_multiple" outcome="FAILED">
			<outcomeReason>Assert that (False == value) with value=True</outcomeReason>
			<timestamp>2022-05-11 11:33:05</timestamp>
			<descriptor>/home/pi/actions-runner/_work/thin-edge.io/thin-edge.io/tests/PySys/software_management_end_to_end/sm_mixed_install_remove_multiple/pysystest.xml</descriptor>
			<output>/home/pi/actions-runner/_work/thin-edge.io/thin-edge.io/tests/PySys/software_management_end_to_end/sm_mixed_install_remove_multiple/Output/linux</output>
		</result>
	</results>
</pysyslog>
