<?xml version="1.0" encoding="utf-8"?>
<testsuite failures="1" name="monitoring_with_simulated_messages" skipped="0" tests="1" time="4.48" timestamp="2022-05-02T10:24:33">
	<testcase classname="MonitoringWithSimulatedMessages" name="monitoring_with_simulated_messages">
		<failure message="BLOCKED: TypeError: 'int' object is not subscriptable" type="BLOCKED"/>
		<system-out>10:24:28 INFO  ==============================================================
10:24:28 INFO  Id:    monitoring_with_simulated_messages
10:24:28 INFO  Dir:   monitoring/
10:24:28 INFO  Title: Validate the tedge dm agent messages that are produced from the simulated collectd messages
10:24:28 INFO  ==============================================================
10:24:29 INFO  Executed sudo&lt;collectd&gt;, exit status 0
10:24:29 INFO  Executed sudo&lt;collectd_mapper&gt;, exit status 0
10:24:29 INFO  Started sudo&lt;tedge_sub&gt; with process id 28177
10:24:30 INFO  Executed sudo&lt;tedge_temp&gt;, exit status 0
10:24:31 INFO  Executed sudo&lt;tedge_pres&gt;, exit status 0
10:24:32 INFO  Executed sudo&lt;kill_out&gt;, exit status 0
10:24:32 INFO  0

10:24:32 WARN  TypeError occurred while running test - 'int' object is not subscriptable
Traceback (most recent call last):
  File &quot;/home/pi/env-pysys/lib/python3.7/site-packages/pysys/baserunner.py&quot;, line 1296, in __call__
    self.testObj.validate()
  File &quot;/home/pi/actions-runner/_work/thin-edge.io/thin-edge.io/tests/PySys/monitoring/monitoring_with_simulated_messages/run.py&quot;, line 98, in validate
    collectd_msg_validation_result=self.validate_json(),
  File &quot;/home/pi/actions-runner/_work/thin-edge.io/thin-edge.io/tests/PySys/monitoring/monitoring_with_simulated_messages/run.py&quot;, line 108, in validate_json
    if not self.validate_time():
  File &quot;/home/pi/actions-runner/_work/thin-edge.io/thin-edge.io/tests/PySys/monitoring/monitoring_with_simulated_messages/run.py&quot;, line 127, in validate_time
    if self.js_msg[&quot;time&quot;]:
TypeError: 'int' object is not subscriptable
10:24:32 WARN  TypeError: 'int' object is not subscriptable ... blocked 
10:24:32 INFO  
10:24:32 INFO  cleanup:
10:24:32 INFO  monitoring_cleanup
10:24:33 INFO  Executed sudo&lt;collectd_mapper&gt;, exit status 0
10:24:33 INFO  
10:24:33 INFO  Test duration: 4.48 secs
10:24:33 INFO  Test final outcome:  BLOCKED
10:24:33 INFO  Test outcome reason: TypeError: 'int' object is not subscriptable
10:24:33 INFO  
</system-out>
	</testcase>
</testsuite>
