<?xml version="1.0" encoding="utf-8"?>
<testsuite failures="1" name="local_mqtt_pub_sub_retain" skipped="0" tests="1" time="6.26" timestamp="2022-05-03T18:21:58">
	<testcase classname="MqttPublishWithRetain" name="local_mqtt_pub_sub_retain">
		<failure message="FAILED: Grep on temp_sensor_sub.out contains &quot;\[test/alarms/temp_sensor\] alarm msg 2&quot; (+1 other failures)" type="FAILED"/>
		<system-out>18:21:51 INFO  ==============================================================
18:21:51 INFO  Id:    local_mqtt_pub_sub_retain
18:21:51 INFO  Dir:   local_mqtt/
18:21:51 INFO  Title: Validate local publishing with retain flag
18:21:51 INFO  ==============================================================
18:21:52 INFO  Executed tedge&lt;pub_to_set_alarm&gt;, exit status 0
18:21:52 INFO  Executed tedge&lt;pub_to_set_alarm&gt;, exit status 0
18:21:53 INFO  Started tedge&lt;temp_sensor_sub&gt; with process id 14430
18:21:54 INFO  Executed tedge&lt;pub_to_clear_alarm&gt;, exit status 0
18:21:55 INFO  Executed sudo&lt;kill_out&gt;, exit status 0
18:21:55 INFO  Executed tedge&lt;pub_to_clear_alarm&gt;, exit status 0
18:21:55 INFO  Started tedge&lt;temp_sensor_empty_message&gt; with process id 14436
18:21:57 INFO  Executed sudo&lt;kill_out&gt;, exit status 0
18:21:57 WARN  Grep on temp_sensor_sub.out contains &quot;\[test/alarms/temp_sensor\] alarm msg 2&quot; ... failed [run.py:139]
18:21:57 WARN  Grep on temp_sensor_sub.out contains &quot;\[test/alarms/temp_sensor\] &quot; ... failed [run.py:142]
18:21:58 INFO  Grep on file temp_sensor_empty_message.out ... passed
18:21:58 INFO  
18:21:58 INFO  Test duration: 6.26 secs
18:21:58 INFO  Test final outcome:  FAILED
18:21:58 INFO  Test outcome reason: Grep on temp_sensor_sub.out contains &quot;\[test/alarms/temp_sensor\] alarm msg 2&quot; (+1 other failures)
18:21:58 INFO  
</system-out>
	</testcase>
</testsuite>
