<?xml version="1.0" encoding="utf-8"?>
<testsuite failures="1" name="smoketest_smartrest_400_samples_1Xms" skipped="0" tests="1" time="158.19" timestamp="2022-04-25T21:25:35">
	<testcase classname="SmoketestSmartRest400Samples1Xms" name="smoketest_smartrest_400_samples_1Xms">
		<failure message="BLOCKED: python3&lt;stdout&gt; returned non-zero exit code 1" type="BLOCKED"/>
		<system-out>21:22:57 INFO  ==============================================================
21:22:57 INFO  Id:    smoketest_smartrest_400_samples_1Xms
21:22:57 INFO  Dir:   smoketests/
21:22:57 INFO  Title: Smoketest Smart Rest 400 Samples 1Xms Delay
21:22:57 INFO  ==============================================================
21:22:57 INFO  EnvironmentC8y Setup
21:22:58 INFO  Executed systemctl&lt;serv_mapper1&gt;, exit status 3
21:22:58 INFO  Restarting mosquitto too frequently in the last 10 seconds. It was only up for 4 seconds
21:22:58 INFO  Delaying execution by 7 seconds
21:23:19 INFO  Executed sudo&lt;tedge_connect_c8y&gt;, exit status 0, duration 13 secs
21:23:19 INFO  Executed sudo&lt;tedge_connect_c8y_test&gt;, exit status 0
21:23:20 INFO  Executed systemctl&lt;serv_mosq2&gt;, exit status 0
21:23:20 INFO  Executed systemctl&lt;serv_mapper3&gt;, exit status 0
21:25:31 WARN  Executed python3&lt;stdout&gt;, exit status 1, duration 70 secs
21:25:31 INFO  Contents of stdout.out: 
     45    46    47    48    49    50    51    52    53    54    55    56    57    58    59
     60    61    62    63    64    65    66    67    68    69    70    71    72    73    74    75    76    77    78    79
     80    81    82    83    84    85    86    87    88    89    90    91    92    93    94    95    96    97    98    99
    100   101   102   103   104   105   106   107   108   109   110   111   112   113   114   115   116   117   118   119
    120   121   122   123   124   125   126   127   128   129   130   131   132   133   134   135   136   137   138   139
    140   141   142   143   144   145   146   147   148   149   150   151   152   153   154   155   156   157   158   159
    160   161   162   163   164   165   166   167   168   169   170   171   172   173   174   175   176   177   178   179
    180   181   182   183   184   185   186   187   188   189   190   191   192   193   194   195   196   197   198   199
    200   201   202   203   204   205   206   207   208   209   210   211   212   213   214   215   216   217   218   219
    220   221   222   223   224   225   226   227   228   229   230   231   232   233   234   235   236   237   238   239
    240   241   242   243   244   245   246   247   248   249   250   251   252   253   254   255   256   257   258   259
    260   261   262   263   264   265   266   267   268   269   270   271   272   273   274   275   276   277   278   279
    280   281   282   283   284   285   286   287   288   289   290   291   292   293   294   295   296   297   298   299
    300   301   302   303   304   305   306   307   308   309   310   311   312   313   314   315   316   317   318   319
    320   321   322   323   324   325   326   327   328   329   330   331   332   333   334   335   336   337   338   339
    340   341   342   343   344   345   346   347   348   349   350   351   352   353   354   355   356   357   358   359
    360   361   362   363   364   365   366   367   368   369   370   371   372   373   374   375   376   377   378   379
    380   381   382   383   384   385   386   387   388   389   390   391   392   393   394   395   396   397   398   399
  Expected:  0.0  ...  399.0
  Data verification FAILED
  -----

21:25:31 WARN  python3&lt;stdout&gt; returned non-zero exit code 1 ... blocked 
21:25:31 WARN  Aborted test due to BLOCKED outcome
21:25:31 INFO  
21:25:31 INFO  cleanup:
21:25:35 INFO  Executed sudo&lt;tedge_disconnect_c8y&gt;, exit status 0
21:25:35 INFO  Executed systemctl&lt;serv_mapper5&gt;, exit status 3
21:25:35 INFO  
21:25:35 INFO  Test duration: 158.19 secs
21:25:35 INFO  Test final outcome:  BLOCKED
21:25:35 INFO  Test outcome reason: python3&lt;stdout&gt; returned non-zero exit code 1
21:25:35 INFO  
</system-out>
	</testcase>
</testsuite>
