<?xml version="1.0" encoding="utf-8"?>
<testsuite failures="0" name="docker_plugin_install" skipped="1" tests="1" time="0.02" timestamp="2022-05-13T15:00:41">
	<testcase classname="DockerPluginInstallTest" name="docker_plugin_install">
		<skipped message="SKIPPED: Testing the docker plugin is not supported on this platform.To run it, all the test with -XmyPlatform='container'"/>
		<system-out>15:00:41 INFO  ==============================================================
15:00:41 INFO  Id:    docker_plugin_install
15:00:41 INFO  Dir:   plugin_docker/
15:00:41 INFO  Title: Validate docker plugin install
15:00:41 INFO  ==============================================================
15:00:41 INFO  Testing the docker plugin is not supported on this platform.To run it, all the test with -XmyPlatform='container' ... skipped
15:00:41 WARN  Aborted test due to SKIPPED outcome
15:00:41 INFO  
15:00:41 INFO  Test duration: 0.02 secs
15:00:41 INFO  Test final outcome:  SKIPPED
15:00:41 INFO  Test outcome reason: Testing the docker plugin is not supported on this platform.To run it, all the test with -XmyPlatform='container'
15:00:41 INFO  
</system-out>
	</testcase>
</testsuite>
