<?xml version="1.0" encoding="utf-8"?>
<testsuite failures="1" name="SoftwareManagement.sm_docker_install_remove_multiple" skipped="0" tests="1" time="38.73" timestamp="2022-05-03T19:19:20">
	<testcase classname="SMDockerInstallRemove" name="SoftwareManagement.sm_docker_install_remove_multiple">
		<failure message="BLOCKED: SystemError: The operation has failed" type="BLOCKED"/>
		<system-out>19:18:42 INFO  ==============================================================
19:18:42 INFO  Id:    SoftwareManagement.sm_docker_install_remove_multiple
19:18:42 INFO  Dir:   software_management_end_to_end/
19:18:42 INFO  Title: Validate end to end behaviour for the docker plugin for multiple docker images with mixed versions
19:18:42 INFO  ==============================================================
19:18:43 INFO  Using sw id database: {'asciijump': '5475369', 'robotfindskitten': '5474869', 'squirrel3': '5475279', 'rolldice': '5152439', 'moon-buggy': '5439204', 'apple': '5495053', 'banana': '5494888', 'cherry': '5495382', 'watermelon': '5494510', 'registry': '8018911', 'hello-world': '8021526', 'docker/getting-started': '8021973', 'alpine': '7991792'}
19:18:43 INFO  EnvironmentC8y Setup
19:18:45 INFO  Executed systemctl&lt;serv_mapper1&gt;, exit status 3
19:19:01 INFO  Executed sudo&lt;tedge_connect_c8y&gt;, exit status 0, duration 15 secs
19:19:01 INFO  Executed sudo&lt;tedge_connect_c8y_test&gt;, exit status 0
19:19:02 INFO  Executed systemctl&lt;serv_mosq2&gt;, exit status 0
19:19:02 INFO  Executed systemctl&lt;serv_mapper3&gt;, exit status 0
19:19:04 INFO  State of current operation: SUCCESSFUL
19:19:05 INFO  Response status: 201
19:19:05 INFO  Response to action: {
    &quot;creationTime&quot;: &quot;2022-05-03T19:19:05.079Z&quot;,
    &quot;deviceName&quot;: &quot;m32sd10d&quot;,
    &quot;deviceId&quot;: &quot;18323235&quot;,
    &quot;self&quot;: &quot;https://t493319102.eu-latest.cumulocity.com/devicecontrol/operations/18334330&quot;,
    &quot;id&quot;: &quot;18334330&quot;,
    &quot;status&quot;: &quot;PENDING&quot;,
    &quot;description&quot;: &quot;Apply software changes, triggered from PySys: [{'action': 'install', 'id': '8021526', 'name': 'hello-world', 'url': '', 'version': '::docker'}, {'action': 'install', 'id': '8018911', 'name': 'registry', 'url': '', 'version': '2.6.2::docker'}]&quot;,
    &quot;c8y_SoftwareUpdate&quot;: [
        {
            &quot;name&quot;: &quot;hello-world&quot;,
            &quot;action&quot;: &quot;install&quot;,
            &quot;id&quot;: &quot;8021526&quot;,
            &quot;version&quot;: &quot;::docker&quot;,
            &quot;url&quot;: &quot;&quot;
        },
        {
            &quot;name&quot;: &quot;registry&quot;,
            &quot;action&quot;: &quot;install&quot;,
            &quot;id&quot;: &quot;8018911&quot;,
            &quot;version&quot;: &quot;2.6.2::docker&quot;,
            &quot;url&quot;: &quot;&quot;
        }
    ]
}
19:19:05 INFO  Started operation: {'creationTime': '2022-05-03T19:19:05.079Z', 'deviceName': 'm32sd10d', 'deviceId': '18323235', 'self': 'https://t493319102.eu-latest.cumulocity.com/devicecontrol/operations/18334330', 'id': '18334330', 'status': 'PENDING', 'description': &quot;Apply software changes, triggered from PySys: [{'action': 'install', 'id': '8021526', 'name': 'hello-world', 'url': '', 'version': '::docker'}, {'action': 'install', 'id': '8018911', 'name': 'registry', 'url': '', 'version': '2.6.2::docker'}]&quot;, 'c8y_SoftwareUpdate': [{'name': 'hello-world', 'action': 'install', 'id': '8021526', 'version': '::docker', 'url': ''}, {'name': 'registry', 'action': 'install', 'id': '8018911', 'version': '2.6.2::docker', 'url': ''}]}
19:19:07 INFO  State of operation 18334330 : PENDING
19:19:09 INFO  State of operation 18334330 : EXECUTING
19:19:11 INFO  State of operation 18334330 : EXECUTING
19:19:14 INFO  State of operation 18334330 : EXECUTING
19:19:16 INFO  State of operation 18334330 : FAILED
19:19:16 ERROR Stopping as the operation has failed
19:19:16 WARN  SystemError occurred while running test - The operation has failed
Traceback (most recent call last):
  File &quot;/home/pi/env-pysys/lib/python3.7/site-packages/pysys/baserunner.py&quot;, line 1292, in __call__
    self.testObj.setup()
  File &quot;/home/pi/actions-runner/_work/thin-edge.io/thin-edge.io/tests/PySys/software_management_end_to_end/sm_docker_install_remove_multiple/run.py&quot;, line 55, in setup
    self.wait_until_succcess()
  File &quot;/home/pi/actions-runner/_work/thin-edge.io/thin-edge.io/tests/PySys/software_management_end_to_end/environment_sm_management.py&quot;, line 324, in wait_until_succcess
    self.wait_until_status(&quot;SUCCESSFUL&quot;)
  File &quot;/home/pi/actions-runner/_work/thin-edge.io/thin-edge.io/tests/PySys/software_management_end_to_end/environment_sm_management.py&quot;, line 361, in wait_until_status
    raise SystemError(&quot;The operation has failed&quot;)
SystemError: The operation has failed
19:19:16 WARN  SystemError: The operation has failed ... blocked 
19:19:16 INFO  
19:19:16 INFO  cleanup:
19:19:20 INFO  Executed sudo&lt;tedge_disconnect_c8y&gt;, exit status 0
19:19:20 INFO  Executed systemctl&lt;serv_mapper5&gt;, exit status 3
19:19:20 INFO  
19:19:20 INFO  Test duration: 38.73 secs
19:19:20 INFO  Test final outcome:  BLOCKED
19:19:20 INFO  Test outcome reason: SystemError: The operation has failed
19:19:20 INFO  
</system-out>
	</testcase>
</testsuite>
