<?xml version="1.0" encoding="utf-8"?>
<testsuite failures="1" name="SoftwareManagement.sm_apt_install_remove_multiple_mixed" skipped="0" tests="1" time="178.83" timestamp="2022-04-28T11:48:46">
	<testcase classname="PySysTest" name="SoftwareManagement.sm_apt_install_remove_multiple_mixed">
		<failure message="BLOCKED: SystemError: Timeout while waiting for status SUCCESSFUL or False" type="BLOCKED"/>
		<system-out>11:45:48 INFO  ==============================================================
11:45:48 INFO  Id:    SoftwareManagement.sm_apt_install_remove_multiple_mixed
11:45:48 INFO  Dir:   software_management_end_to_end/
11:45:48 INFO  Title: Validate end to end behaviour for the apt plugin for multiple packages with mixed versions
11:45:48 INFO  ==============================================================
11:45:48 INFO  Using sw id database: {'asciijump': '5475369', 'robotfindskitten': '5474869', 'squirrel3': '5475279', 'rolldice': '5152439', 'moon-buggy': '5439204', 'apple': '5495053', 'banana': '5494888', 'cherry': '5495382', 'watermelon': '5494510', 'registry': '8018911', 'hello-world': '8021526', 'docker/getting-started': '8021973', 'alpine': '7991792'}
11:45:48 INFO  EnvironmentC8y Setup
11:45:48 INFO  Executed systemctl&lt;serv_mapper1&gt;, exit status 3
11:45:48 INFO  Restarting mosquitto too frequently in the last 10 seconds. It was only up for 4 seconds
11:45:48 INFO  Delaying execution by 7 seconds
11:46:09 INFO  Executed sudo&lt;tedge_connect_c8y&gt;, exit status 0, duration 14 secs
11:46:10 INFO  Executed sudo&lt;tedge_connect_c8y_test&gt;, exit status 0
11:46:11 INFO  Executed systemctl&lt;serv_mosq2&gt;, exit status 0
11:46:11 INFO  Executed systemctl&lt;serv_mapper3&gt;, exit status 0
11:46:13 INFO  State of current operation: SUCCESSFUL
11:46:13 INFO  Assert that (False == value) with value=False ... passed
11:46:14 INFO  Assert that (False == value) with value=False ... passed
11:46:14 INFO  Assert that (False == value) with value=False ... passed
11:46:14 INFO  Assert that (False == value) with value=False ... passed
11:46:14 INFO  Assert that (False == value) with value=False ... passed
11:46:16 INFO  Response status: 201
11:46:16 INFO  Response to action: {
    &quot;creationTime&quot;: &quot;2022-04-28T11:46:15.993Z&quot;,
    &quot;deviceName&quot;: &quot;m32sd10a&quot;,
    &quot;deviceId&quot;: &quot;17889229&quot;,
    &quot;self&quot;: &quot;https://t493319102.eu-latest.cumulocity.com/devicecontrol/operations/17901165&quot;,
    &quot;id&quot;: &quot;17901165&quot;,
    &quot;status&quot;: &quot;PENDING&quot;,
    &quot;description&quot;: &quot;Apply software changes, triggered from PySys: [{'action': 'install', 'id': '5475369', 'name': 'asciijump', 'url': ' ', 'version': '::apt'}, {'action': 'install', 'id': '5474869', 'name': 'robotfindskitten', 'url': ' ', 'version': ' '}, {'action': 'install', 'id': '5475279', 'name': 'squirrel3', 'url': ' ', 'version': '3.1-7::apt'}, {'action': 'install', 'id': '5152439', 'name': 'rolldice', 'url': ' ', 'version': '1.16-1+b1'}, {'action': 'install', 'id': '5439204', 'name': 'moon-buggy', 'url': ' ', 'version': '1:1.0.51-12'}, {'action': 'install', 'id': '5475369', 'name': 'asciijump', 'url': ' ', 'version': '::apt'}]&quot;,
    &quot;c8y_SoftwareUpdate&quot;: [
        {
            &quot;name&quot;: &quot;asciijump&quot;,
            &quot;action&quot;: &quot;install&quot;,
            &quot;id&quot;: &quot;5475369&quot;,
            &quot;version&quot;: &quot;::apt&quot;,
            &quot;url&quot;: &quot; &quot;
        },
        {
            &quot;name&quot;: &quot;robotfindskitten&quot;,
            &quot;action&quot;: &quot;install&quot;,
            &quot;id&quot;: &quot;5474869&quot;,
            &quot;version&quot;: &quot; &quot;,
            &quot;url&quot;: &quot; &quot;
        },
        {
            &quot;name&quot;: &quot;squirrel3&quot;,
            &quot;action&quot;: &quot;install&quot;,
            &quot;id&quot;: &quot;5475279&quot;,
            &quot;version&quot;: &quot;3.1-7::apt&quot;,
            &quot;url&quot;: &quot; &quot;
        },
        {
            &quot;name&quot;: &quot;rolldice&quot;,
            &quot;action&quot;: &quot;install&quot;,
            &quot;id&quot;: &quot;5152439&quot;,
            &quot;version&quot;: &quot;1.16-1+b1&quot;,
            &quot;url&quot;: &quot; &quot;
        },
        {
            &quot;name&quot;: &quot;moon-buggy&quot;,
            &quot;action&quot;: &quot;install&quot;,
            &quot;id&quot;: &quot;5439204&quot;,
            &quot;version&quot;: &quot;1:1.0.51-12&quot;,
            &quot;url&quot;: &quot; &quot;
        },
        {
            &quot;name&quot;: &quot;asciijump&quot;,
            &quot;action&quot;: &quot;install&quot;,
            &quot;id&quot;: &quot;5475369&quot;,
            &quot;version&quot;: &quot;::apt&quot;,
            &quot;url&quot;: &quot; &quot;
        }
    ]
}
11:46:16 INFO  Started operation: {'creationTime': '2022-04-28T11:46:15.993Z', 'deviceName': 'm32sd10a', 'deviceId': '17889229', 'self': 'https://t493319102.eu-latest.cumulocity.com/devicecontrol/operations/17901165', 'id': '17901165', 'status': 'PENDING', 'description': &quot;Apply software changes, triggered from PySys: [{'action': 'install', 'id': '5475369', 'name': 'asciijump', 'url': ' ', 'version': '::apt'}, {'action': 'install', 'id': '5474869', 'name': 'robotfindskitten', 'url': ' ', 'version': ' '}, {'action': 'install', 'id': '5475279', 'name': 'squirrel3', 'url': ' ', 'version': '3.1-7::apt'}, {'action': 'install', 'id': '5152439', 'name': 'rolldice', 'url': ' ', 'version': '1.16-1+b1'}, {'action': 'install', 'id': '5439204', 'name': 'moon-buggy', 'url': ' ', 'version': '1:1.0.51-12'}, {'action': 'install', 'id': '5475369', 'name': 'asciijump', 'url': ' ', 'version': '::apt'}]&quot;, 'c8y_SoftwareUpdate': [{'name': 'asciijump', 'action': 'install', 'id': '5475369', 'version': '::apt', 'url': ' '}, {'name': 'robotfindskitten', 'action': 'install', 'id': '5474869', 'version': ' ', 'url': ' '}, {'name': 'squirrel3', 'action': 'install', 'id': '5475279', 'version': '3.1-7::apt', 'url': ' '}, {'name': 'rolldice', 'action': 'install', 'id': '5152439', 'version': '1.16-1+b1', 'url': ' '}, {'name': 'moon-buggy', 'action': 'install', 'id': '5439204', 'version': '1:1.0.51-12', 'url': ' '}, {'name': 'asciijump', 'action': 'install', 'id': '5475369', 'version': '::apt', 'url': ' '}]}
11:46:18 INFO  State of operation 17901165 : PENDING
11:46:20 INFO  State of operation 17901165 : EXECUTING
11:46:22 INFO  State of operation 17901165 : EXECUTING
11:46:24 INFO  State of operation 17901165 : EXECUTING
11:46:27 INFO  State of operation 17901165 : EXECUTING
11:46:29 INFO  State of operation 17901165 : EXECUTING
11:46:31 INFO  State of operation 17901165 : EXECUTING
11:46:34 INFO  State of operation 17901165 : EXECUTING
11:46:37 INFO  State of operation 17901165 : EXECUTING
11:46:39 INFO  State of operation 17901165 : EXECUTING
11:46:41 INFO  State of operation 17901165 : EXECUTING
11:46:43 INFO  State of operation 17901165 : EXECUTING
11:46:46 INFO  State of operation 17901165 : EXECUTING
11:46:48 INFO  State of operation 17901165 : EXECUTING
11:46:50 INFO  State of operation 17901165 : EXECUTING
11:46:52 INFO  State of operation 17901165 : EXECUTING
11:46:55 INFO  State of operation 17901165 : EXECUTING
11:46:57 INFO  State of operation 17901165 : EXECUTING
11:46:59 INFO  State of operation 17901165 : EXECUTING
11:47:02 INFO  State of operation 17901165 : EXECUTING
11:47:04 INFO  State of operation 17901165 : EXECUTING
11:47:07 INFO  State of operation 17901165 : EXECUTING
11:47:09 INFO  State of operation 17901165 : EXECUTING
11:47:11 INFO  State of operation 17901165 : EXECUTING
11:47:14 INFO  State of operation 17901165 : EXECUTING
11:47:16 INFO  State of operation 17901165 : EXECUTING
11:47:18 INFO  State of operation 17901165 : EXECUTING
11:47:20 INFO  State of operation 17901165 : EXECUTING
11:47:23 INFO  State of operation 17901165 : EXECUTING
11:47:25 INFO  State of operation 17901165 : EXECUTING
11:47:27 INFO  State of operation 17901165 : EXECUTING
11:47:29 INFO  State of operation 17901165 : EXECUTING
11:47:32 INFO  State of operation 17901165 : EXECUTING
11:47:34 INFO  State of operation 17901165 : EXECUTING
11:47:36 INFO  State of operation 17901165 : EXECUTING
11:47:38 INFO  State of operation 17901165 : EXECUTING
11:47:41 INFO  State of operation 17901165 : EXECUTING
11:47:43 INFO  State of operation 17901165 : EXECUTING
11:47:46 INFO  State of operation 17901165 : EXECUTING
11:47:48 INFO  State of operation 17901165 : EXECUTING
11:47:51 INFO  State of operation 17901165 : EXECUTING
11:47:53 INFO  State of operation 17901165 : EXECUTING
11:47:55 INFO  State of operation 17901165 : EXECUTING
11:47:58 INFO  State of operation 17901165 : EXECUTING
11:48:00 INFO  State of operation 17901165 : EXECUTING
11:48:02 INFO  State of operation 17901165 : EXECUTING
11:48:04 INFO  State of operation 17901165 : EXECUTING
11:48:07 INFO  State of operation 17901165 : EXECUTING
11:48:09 INFO  State of operation 17901165 : EXECUTING
11:48:11 INFO  State of operation 17901165 : EXECUTING
11:48:14 INFO  State of operation 17901165 : EXECUTING
11:48:16 INFO  State of operation 17901165 : EXECUTING
11:48:18 INFO  State of operation 17901165 : EXECUTING
11:48:21 INFO  State of operation 17901165 : EXECUTING
11:48:23 INFO  State of operation 17901165 : EXECUTING
11:48:25 INFO  State of operation 17901165 : EXECUTING
11:48:28 INFO  State of operation 17901165 : EXECUTING
11:48:30 INFO  State of operation 17901165 : EXECUTING
11:48:33 INFO  State of operation 17901165 : EXECUTING
11:48:35 INFO  State of operation 17901165 : EXECUTING
11:48:37 INFO  State of operation 17901165 : EXECUTING
11:48:39 WARN  SystemError occurred while running test - Timeout while waiting for status SUCCESSFUL or False
Traceback (most recent call last):
  File &quot;/home/pi/env-pysys/lib/python3.7/site-packages/pysys/baserunner.py&quot;, line 1294, in __call__
    self.testObj.execute()
  File &quot;/home/pi/actions-runner/_work/thin-edge.io/thin-edge.io/tests/PySys/software_management_end_to_end/sm_apt_install_remove_multiple_mixed/run.py&quot;, line 89, in execute
    self.wait_until_succcess()
  File &quot;/home/pi/actions-runner/_work/thin-edge.io/thin-edge.io/tests/PySys/software_management_end_to_end/environment_sm_management.py&quot;, line 324, in wait_until_succcess
    self.wait_until_status(&quot;SUCCESSFUL&quot;)
  File &quot;/home/pi/actions-runner/_work/thin-edge.io/thin-edge.io/tests/PySys/software_management_end_to_end/environment_sm_management.py&quot;, line 381, in wait_until_status
    &quot;Timeout while waiting for status %s or %s&quot; % (status, status2)
SystemError: Timeout while waiting for status SUCCESSFUL or False
11:48:39 WARN  SystemError: Timeout while waiting for status SUCCESSFUL or False ... blocked 
11:48:39 INFO  
11:48:39 INFO  cleanup:
11:48:46 INFO  Executed sudo&lt;tedge_disconnect_c8y&gt;, exit status 0
11:48:46 INFO  Executed systemctl&lt;serv_mapper5&gt;, exit status 3
11:48:46 INFO  
11:48:46 INFO  Test duration: 178.83 secs
11:48:46 INFO  Test final outcome:  BLOCKED
11:48:46 INFO  Test outcome reason: SystemError: Timeout while waiting for status SUCCESSFUL or False
11:48:46 INFO  
</system-out>
	</testcase>
</testsuite>
