<?xml version="1.0" encoding="utf-8"?>
<testsuite failures="1" name="SoftwareManagement.sm_apt_install_remove_multiple_mixed" skipped="0" tests="1" time="178.54" timestamp="2022-05-13T15:47:34">
	<testcase classname="PySysTest" name="SoftwareManagement.sm_apt_install_remove_multiple_mixed">
		<failure message="BLOCKED: SystemError: Timeout while waiting for status SUCCESSFUL or False" type="BLOCKED"/>
		<system-out>15:44:36 INFO  ==============================================================
15:44:36 INFO  Id:    SoftwareManagement.sm_apt_install_remove_multiple_mixed
15:44:36 INFO  Dir:   software_management_end_to_end/
15:44:36 INFO  Title: Validate end to end behaviour for the apt plugin for multiple packages with mixed versions
15:44:36 INFO  ==============================================================
15:44:36 INFO  Using sw id database: {'asciijump': '5475369', 'robotfindskitten': '5474869', 'squirrel3': '5475279', 'rolldice': '5152439', 'moon-buggy': '5439204', 'apple': '5495053', 'banana': '5494888', 'cherry': '5495382', 'watermelon': '5494510', 'registry': '8018911', 'hello-world': '8021526', 'docker/getting-started': '8021973', 'alpine': '7991792'}
15:44:36 INFO  EnvironmentC8y Setup
15:44:36 INFO  Executed systemctl&lt;serv_mapper1&gt;, exit status 3
15:44:36 INFO  Restarting mosquitto too frequently in the last 10 seconds. It was only up for 5 seconds
15:44:36 INFO  Delaying execution by 6 seconds
15:44:56 INFO  Executed sudo&lt;tedge_connect_c8y&gt;, exit status 0, duration 13 secs
15:44:57 INFO  Executed sudo&lt;tedge_connect_c8y_test&gt;, exit status 0
15:44:57 INFO  Executed systemctl&lt;serv_mosq2&gt;, exit status 0
15:44:58 INFO  Executed systemctl&lt;serv_mapper3&gt;, exit status 0
15:45:00 INFO  State of current operation: SUCCESSFUL
15:45:00 INFO  Assert that (False == value) with value=False ... passed
15:45:00 INFO  Assert that (False == value) with value=False ... passed
15:45:01 INFO  Assert that (False == value) with value=False ... passed
15:45:01 INFO  Assert that (False == value) with value=False ... passed
15:45:01 INFO  Assert that (False == value) with value=False ... passed
15:45:02 INFO  Response status: 201
15:45:02 INFO  Response to action: {
    &quot;delivery&quot;: {
        &quot;time&quot;: &quot;2022-05-13T15:45:02.885Z&quot;,
        &quot;log&quot;: [],
        &quot;status&quot;: &quot;PENDING&quot;
    },
    &quot;creationTime&quot;: &quot;2022-05-13T15:45:02.870Z&quot;,
    &quot;deviceId&quot;: &quot;19040383&quot;,
    &quot;deviceName&quot;: &quot;m32sd10c&quot;,
    &quot;self&quot;: &quot;https://t493319102.eu-latest.cumulocity.com/devicecontrol/operations/19054171&quot;,
    &quot;id&quot;: &quot;19054171&quot;,
    &quot;status&quot;: &quot;PENDING&quot;,
    &quot;description&quot;: &quot;Apply software changes, triggered from PySys: [{'action': 'install', 'id': '5475369', 'name': 'asciijump', 'url': ' ', 'version': '::apt'}, {'action': 'install', 'id': '5474869', 'name': 'robotfindskitten', 'url': ' ', 'version': ' '}, {'action': 'install', 'id': '5475279', 'name': 'squirrel3', 'url': ' ', 'version': '3.1-7::apt'}, {'action': 'install', 'id': '5152439', 'name': 'rolldice', 'url': ' ', 'version': '1.16-1+b1'}, {'action': 'install', 'id': '5439204', 'name': 'moon-buggy', 'url': ' ', 'version': '1:1.0.51-12'}, {'action': 'install', 'id': '5475369', 'name': 'asciijump', 'url': ' ', 'version': '::apt'}]&quot;,
    &quot;c8y_SoftwareUpdate&quot;: [
        {
            &quot;name&quot;: &quot;asciijump&quot;,
            &quot;action&quot;: &quot;install&quot;,
            &quot;id&quot;: &quot;5475369&quot;,
            &quot;version&quot;: &quot;::apt&quot;,
            &quot;url&quot;: &quot; &quot;
        },
        {
            &quot;name&quot;: &quot;robotfindskitten&quot;,
            &quot;action&quot;: &quot;install&quot;,
            &quot;id&quot;: &quot;5474869&quot;,
            &quot;version&quot;: &quot; &quot;,
            &quot;url&quot;: &quot; &quot;
        },
        {
            &quot;name&quot;: &quot;squirrel3&quot;,
            &quot;action&quot;: &quot;install&quot;,
            &quot;id&quot;: &quot;5475279&quot;,
            &quot;version&quot;: &quot;3.1-7::apt&quot;,
            &quot;url&quot;: &quot; &quot;
        },
        {
            &quot;name&quot;: &quot;rolldice&quot;,
            &quot;action&quot;: &quot;install&quot;,
            &quot;id&quot;: &quot;5152439&quot;,
            &quot;version&quot;: &quot;1.16-1+b1&quot;,
            &quot;url&quot;: &quot; &quot;
        },
        {
            &quot;name&quot;: &quot;moon-buggy&quot;,
            &quot;action&quot;: &quot;install&quot;,
            &quot;id&quot;: &quot;5439204&quot;,
            &quot;version&quot;: &quot;1:1.0.51-12&quot;,
            &quot;url&quot;: &quot; &quot;
        },
        {
            &quot;name&quot;: &quot;asciijump&quot;,
            &quot;action&quot;: &quot;install&quot;,
            &quot;id&quot;: &quot;5475369&quot;,
            &quot;version&quot;: &quot;::apt&quot;,
            &quot;url&quot;: &quot; &quot;
        }
    ]
}
15:45:02 INFO  Started operation: {'delivery': {'time': '2022-05-13T15:45:02.885Z', 'log': [], 'status': 'PENDING'}, 'creationTime': '2022-05-13T15:45:02.870Z', 'deviceId': '19040383', 'deviceName': 'm32sd10c', 'self': 'https://t493319102.eu-latest.cumulocity.com/devicecontrol/operations/19054171', 'id': '19054171', 'status': 'PENDING', 'description': &quot;Apply software changes, triggered from PySys: [{'action': 'install', 'id': '5475369', 'name': 'asciijump', 'url': ' ', 'version': '::apt'}, {'action': 'install', 'id': '5474869', 'name': 'robotfindskitten', 'url': ' ', 'version': ' '}, {'action': 'install', 'id': '5475279', 'name': 'squirrel3', 'url': ' ', 'version': '3.1-7::apt'}, {'action': 'install', 'id': '5152439', 'name': 'rolldice', 'url': ' ', 'version': '1.16-1+b1'}, {'action': 'install', 'id': '5439204', 'name': 'moon-buggy', 'url': ' ', 'version': '1:1.0.51-12'}, {'action': 'install', 'id': '5475369', 'name': 'asciijump', 'url': ' ', 'version': '::apt'}]&quot;, 'c8y_SoftwareUpdate': [{'name': 'asciijump', 'action': 'install', 'id': '5475369', 'version': '::apt', 'url': ' '}, {'name': 'robotfindskitten', 'action': 'install', 'id': '5474869', 'version': ' ', 'url': ' '}, {'name': 'squirrel3', 'action': 'install', 'id': '5475279', 'version': '3.1-7::apt', 'url': ' '}, {'name': 'rolldice', 'action': 'install', 'id': '5152439', 'version': '1.16-1+b1', 'url': ' '}, {'name': 'moon-buggy', 'action': 'install', 'id': '5439204', 'version': '1:1.0.51-12', 'url': ' '}, {'name': 'asciijump', 'action': 'install', 'id': '5475369', 'version': '::apt', 'url': ' '}]}
15:45:05 INFO  State of operation 19054171 : PENDING
15:45:07 INFO  State of operation 19054171 : EXECUTING
15:45:09 INFO  State of operation 19054171 : EXECUTING
15:45:11 INFO  State of operation 19054171 : EXECUTING
15:45:14 INFO  State of operation 19054171 : EXECUTING
15:45:16 INFO  State of operation 19054171 : EXECUTING
15:45:19 INFO  State of operation 19054171 : EXECUTING
15:45:21 INFO  State of operation 19054171 : EXECUTING
15:45:24 INFO  State of operation 19054171 : EXECUTING
15:45:26 INFO  State of operation 19054171 : EXECUTING
15:45:28 INFO  State of operation 19054171 : EXECUTING
15:45:31 INFO  State of operation 19054171 : EXECUTING
15:45:33 INFO  State of operation 19054171 : EXECUTING
15:45:35 INFO  State of operation 19054171 : EXECUTING
15:45:37 INFO  State of operation 19054171 : EXECUTING
15:45:40 INFO  State of operation 19054171 : EXECUTING
15:45:42 INFO  State of operation 19054171 : EXECUTING
15:45:45 INFO  State of operation 19054171 : EXECUTING
15:45:47 INFO  State of operation 19054171 : EXECUTING
15:45:49 INFO  State of operation 19054171 : EXECUTING
15:45:51 INFO  State of operation 19054171 : EXECUTING
15:45:54 INFO  State of operation 19054171 : EXECUTING
15:45:56 INFO  State of operation 19054171 : EXECUTING
15:45:59 INFO  State of operation 19054171 : EXECUTING
15:46:01 INFO  State of operation 19054171 : EXECUTING
15:46:04 INFO  State of operation 19054171 : EXECUTING
15:46:06 INFO  State of operation 19054171 : EXECUTING
15:46:10 INFO  State of operation 19054171 : EXECUTING
15:46:12 INFO  State of operation 19054171 : EXECUTING
15:46:14 INFO  State of operation 19054171 : EXECUTING
15:46:16 INFO  State of operation 19054171 : EXECUTING
15:46:19 INFO  State of operation 19054171 : EXECUTING
15:46:21 INFO  State of operation 19054171 : EXECUTING
15:46:23 INFO  State of operation 19054171 : EXECUTING
15:46:25 INFO  State of operation 19054171 : EXECUTING
15:46:27 INFO  State of operation 19054171 : EXECUTING
15:46:30 INFO  State of operation 19054171 : EXECUTING
15:46:32 INFO  State of operation 19054171 : EXECUTING
15:46:35 INFO  State of operation 19054171 : EXECUTING
15:46:38 INFO  State of operation 19054171 : EXECUTING
15:46:40 INFO  State of operation 19054171 : EXECUTING
15:46:42 INFO  State of operation 19054171 : EXECUTING
15:46:44 INFO  State of operation 19054171 : EXECUTING
15:46:47 INFO  State of operation 19054171 : EXECUTING
15:46:49 INFO  State of operation 19054171 : EXECUTING
15:46:51 INFO  State of operation 19054171 : EXECUTING
15:46:53 INFO  State of operation 19054171 : EXECUTING
15:46:56 INFO  State of operation 19054171 : EXECUTING
15:46:58 INFO  State of operation 19054171 : EXECUTING
15:47:01 INFO  State of operation 19054171 : EXECUTING
15:47:03 INFO  State of operation 19054171 : EXECUTING
15:47:05 INFO  State of operation 19054171 : EXECUTING
15:47:08 INFO  State of operation 19054171 : EXECUTING
15:47:10 INFO  State of operation 19054171 : EXECUTING
15:47:12 INFO  State of operation 19054171 : EXECUTING
15:47:15 INFO  State of operation 19054171 : EXECUTING
15:47:17 INFO  State of operation 19054171 : EXECUTING
15:47:20 INFO  State of operation 19054171 : EXECUTING
15:47:22 INFO  State of operation 19054171 : EXECUTING
15:47:24 INFO  State of operation 19054171 : EXECUTING
15:47:27 INFO  State of operation 19054171 : EXECUTING
15:47:29 WARN  SystemError occurred while running test - Timeout while waiting for status SUCCESSFUL or False
Traceback (most recent call last):
  File &quot;/home/pi/env-pysys/lib/python3.7/site-packages/pysys/baserunner.py&quot;, line 1294, in __call__
    self.testObj.execute()
  File &quot;/home/pi/actions-runner/_work/thin-edge.io/thin-edge.io/tests/PySys/software_management_end_to_end/sm_apt_install_remove_multiple_mixed/run.py&quot;, line 89, in execute
    self.wait_until_succcess()
  File &quot;/home/pi/actions-runner/_work/thin-edge.io/thin-edge.io/tests/PySys/software_management_end_to_end/environment_sm_management.py&quot;, line 324, in wait_until_succcess
    self.wait_until_status(&quot;SUCCESSFUL&quot;)
  File &quot;/home/pi/actions-runner/_work/thin-edge.io/thin-edge.io/tests/PySys/software_management_end_to_end/environment_sm_management.py&quot;, line 381, in wait_until_status
    &quot;Timeout while waiting for status %s or %s&quot; % (status, status2)
SystemError: Timeout while waiting for status SUCCESSFUL or False
15:47:29 WARN  SystemError: Timeout while waiting for status SUCCESSFUL or False ... blocked 
15:47:29 INFO  
15:47:29 INFO  cleanup:
15:47:34 INFO  Executed sudo&lt;tedge_disconnect_c8y&gt;, exit status 0
15:47:34 INFO  Executed systemctl&lt;serv_mapper5&gt;, exit status 3
15:47:34 INFO  
15:47:34 INFO  Test duration: 178.54 secs
15:47:34 INFO  Test final outcome:  BLOCKED
15:47:34 INFO  Test outcome reason: SystemError: Timeout while waiting for status SUCCESSFUL or False
15:47:34 INFO  
</system-out>
	</testcase>
</testsuite>
