<?xml version='1.0' encoding='utf-8'?>
<testsuites tests="139" failures="17" errors="0" skipped="45" time="0.0"><testsuite name="SoftwareManagement.Plugin.apama_plugin_install" tests="3" errors="0" failures="0" skipped="1" time="0"><testcase classname="ApamaPluginInstallTest" name="SoftwareManagement.Plugin.apama_plugin_install">
		<skipped message="SKIPPED: Apama plugin tests are disabled by default. Execute `pysys run` with `-XmyPlatform=container` to run these tests" />
		<system-out>12:52:42 INFO  ==============================================================
12:52:42 INFO  Id:    SoftwareManagement.Plugin.apama_plugin_install
12:52:42 INFO  Dir:   plugin_apama/
12:52:42 INFO  Title: Validate apama plugin install
12:52:42 INFO  ==============================================================
12:52:42 INFO  Apama plugin tests are disabled by default. Execute `pysys run` with `-XmyPlatform=container` to run these tests ... skipped
12:52:42 WARN  Aborted test due to SKIPPED outcome
12:52:42 INFO  
12:52:42 INFO  Test duration: 0.05 secs
12:52:42 INFO  Test final outcome:  SKIPPED
12:52:42 INFO  Test outcome reason: Apama plugin tests are disabled by default. Execute `pysys run` with `-XmyPlatform=container` to run these tests
12:52:42 INFO  
</system-out>
	</testcase>
<testcase classname="ApamaPluginInstallTest" name="SoftwareManagement.Plugin.apama_plugin_install" />
<testcase classname="ApamaPluginInstallTest" name="SoftwareManagement.Plugin.apama_plugin_install" />
</testsuite><testsuite name="SoftwareManagement.Plugin.apama_plugin_mon_support" tests="3" errors="0" failures="0" skipped="1" time="0"><testcase classname="ApamaPluginMonSupportTest" name="SoftwareManagement.Plugin.apama_plugin_mon_support">
		<skipped message="SKIPPED: Apama plugin tests are disabled by default. Execute `pysys run` with `-XmyPlatform=container` to run these tests" />
		<system-out>12:52:42 INFO  ==============================================================
12:52:42 INFO  Id:    SoftwareManagement.Plugin.apama_plugin_mon_support
12:52:42 INFO  Dir:   plugin_apama/
12:52:42 INFO  Title: Validate mon file support of apama plugin
12:52:42 INFO  ==============================================================
12:52:42 INFO  Apama plugin tests are disabled by default. Execute `pysys run` with `-XmyPlatform=container` to run these tests ... skipped
12:52:42 WARN  Aborted test due to SKIPPED outcome
12:52:42 INFO  
12:52:42 INFO  Test duration: 0.02 secs
12:52:42 INFO  Test final outcome:  SKIPPED
12:52:42 INFO  Test outcome reason: Apama plugin tests are disabled by default. Execute `pysys run` with `-XmyPlatform=container` to run these tests
12:52:42 INFO  
</system-out>
	</testcase>
<testcase classname="ApamaPluginMonSupportTest" name="SoftwareManagement.Plugin.apama_plugin_mon_support" />
<testcase classname="ApamaPluginMonSupportTest" name="SoftwareManagement.Plugin.apama_plugin_mon_support" />
</testsuite><testsuite name="SoftwareManagement.Plugin.apama_plugin_remove" tests="3" errors="0" failures="0" skipped="1" time="0"><testcase classname="ApamaPluginRemoveTest" name="SoftwareManagement.Plugin.apama_plugin_remove">
		<skipped message="SKIPPED: Apama plugin tests are disabled by default. Execute `pysys run` with `-XmyPlatform=container` to run these tests" />
		<system-out>12:52:43 INFO  ==============================================================
12:52:43 INFO  Id:    SoftwareManagement.Plugin.apama_plugin_remove
12:52:43 INFO  Dir:   plugin_apama/
12:52:43 INFO  Title: Validate apama plugin remove
12:52:43 INFO  ==============================================================
12:52:43 INFO  Apama plugin tests are disabled by default. Execute `pysys run` with `-XmyPlatform=container` to run these tests ... skipped
12:52:43 WARN  Aborted test due to SKIPPED outcome
12:52:43 INFO  
12:52:43 INFO  Test duration: 0.02 secs
12:52:43 INFO  Test final outcome:  SKIPPED
12:52:43 INFO  Test outcome reason: Apama plugin tests are disabled by default. Execute `pysys run` with `-XmyPlatform=container` to run these tests
12:52:43 INFO  
</system-out>
	</testcase>
<testcase classname="ApamaPluginRemoveTest" name="SoftwareManagement.Plugin.apama_plugin_remove" />
<testcase classname="ApamaPluginRemoveTest" name="SoftwareManagement.Plugin.apama_plugin_remove" />
</testsuite><testsuite name="SoftwareManagement.Plugin.apama_plugin_update" tests="3" errors="0" failures="2" skipped="1" time="0"><testcase classname="ApamaPluginUpdateTest" name="SoftwareManagement.Plugin.apama_plugin_update">
		<skipped message="SKIPPED: Apama plugin tests are disabled by default. Execute `pysys run` with `-XmyPlatform=container` to run these tests" />
		<system-out>12:52:43 INFO  ==============================================================
12:52:43 INFO  Id:    SoftwareManagement.Plugin.apama_plugin_update
12:52:43 INFO  Dir:   plugin_apama/
12:52:43 INFO  Title: Validate apama plugin updating one project with another
12:52:43 INFO  ==============================================================
12:52:43 INFO  Apama plugin tests are disabled by default. Execute `pysys run` with `-XmyPlatform=container` to run these tests ... skipped
12:52:43 WARN  Aborted test due to SKIPPED outcome
12:52:43 INFO  
12:52:43 INFO  Test duration: 0.02 secs
12:52:43 INFO  Test final outcome:  SKIPPED
12:52:43 INFO  Test outcome reason: Apama plugin tests are disabled by default. Execute `pysys run` with `-XmyPlatform=container` to run these tests
12:52:43 INFO  
</system-out>
	</testcase>
<testcase classname="ApamaPluginUpdateTest" name="SoftwareManagement.Plugin.apama_plugin_update">
		<failure message="BLOCKED: sudo&lt;plugin_install&gt; returned non-zero exit code 2" type="BLOCKED" />
		<system-out>13:43:49 INFO  ==============================================================
13:43:49 INFO  Id:    SoftwareManagement.Plugin.apama_plugin_update
13:43:49 INFO  Dir:   plugin_apama/
13:43:49 INFO  Title: Validate apama plugin updating one project with another
13:43:49 INFO  ==============================================================
13:43:49 INFO  Assertion that path exists=False for "/etc/tedge/apama/project" ... passed
13:43:49 INFO  Executed sudo&lt;create_project_dir&gt;, exit status 0
13:43:50 INFO  Executed sudo&lt;unzip_apama_project&gt;, exit status 0
13:43:51 INFO  Executed sudo&lt;move_apama_project&gt;, exit status 0
13:43:51 INFO  Executed sudo&lt;restart_apama_service&gt;, exit status 0
13:43:52 INFO  Executed sudo&lt;apama_correlator_wait&gt;, exit status 0
13:43:52 INFO  Assertion that path exists=True for "/etc/tedge/apama/project" ... passed
13:43:53 INFO  Executed sudo&lt;apama_list_monitors&gt;, exit status 0
13:43:53 INFO  Grep on file /home/pi/actions-runner/_work/thin-edge.io/thin-edge.io/tests/PySys/plugin_apama/apama_plugin_update/Output/linux/apama_list_monitors.out ... passed
13:43:53 WARN  Executed sudo&lt;plugin_install&gt;, exit status 2
13:43:53 INFO  Contents of plugin_install.err: 
  ERROR: Directory not empty (os error 39)
  -----

13:43:54 WARN  sudo&lt;plugin_install&gt; returned non-zero exit code 2 ... blocked [run.py:35]
13:43:54 WARN  Aborted test due to BLOCKED outcome
13:43:54 INFO  
13:43:54 INFO  cleanup:
13:43:54 INFO  Removing apama project
13:44:09 INFO  Executed sudo&lt;stop_apama_service&gt;, exit status 0, duration 15 secs
13:44:10 INFO  Executed sudo&lt;remove_apama_project&gt;, exit status 0
13:44:10 INFO  Executed sudo&lt;remove_apama_tmp_dir&gt;, exit status 0
13:44:10 INFO  
13:44:10 INFO  Test duration: 21.12 secs
13:44:10 INFO  Test final outcome:  BLOCKED
13:44:10 INFO  Test outcome reason: sudo&lt;plugin_install&gt; returned non-zero exit code 2
13:44:10 INFO  
</system-out>
	</testcase>
<testcase classname="ApamaPluginUpdateTest" name="SoftwareManagement.Plugin.apama_plugin_update">
		<failure message="BLOCKED: sudo&lt;plugin_install&gt; returned non-zero exit code 2" type="BLOCKED" />
		<system-out>13:52:21 INFO  ==============================================================
13:52:21 INFO  Id:    SoftwareManagement.Plugin.apama_plugin_update
13:52:21 INFO  Dir:   plugin_apama/
13:52:21 INFO  Title: Validate apama plugin updating one project with another
13:52:21 INFO  ==============================================================
13:52:21 INFO  Assertion that path exists=False for "/etc/tedge/apama/project" ... passed
13:52:22 INFO  Executed sudo&lt;create_project_dir&gt;, exit status 0
13:52:22 INFO  Executed sudo&lt;unzip_apama_project&gt;, exit status 0
13:52:23 INFO  Executed sudo&lt;move_apama_project&gt;, exit status 0
13:52:24 INFO  Executed sudo&lt;restart_apama_service&gt;, exit status 0
13:52:24 INFO  Executed sudo&lt;apama_correlator_wait&gt;, exit status 0
13:52:24 INFO  Assertion that path exists=True for "/etc/tedge/apama/project" ... passed
13:52:25 INFO  Executed sudo&lt;apama_list_monitors&gt;, exit status 0
13:52:25 INFO  Grep on file /home/pi/actions-runner/_work/thin-edge.io/thin-edge.io/tests/PySys/plugin_apama/apama_plugin_update/Output/linux/apama_list_monitors.out ... passed
13:52:26 WARN  Executed sudo&lt;plugin_install&gt;, exit status 2
13:52:26 INFO  Contents of plugin_install.err: 
  ERROR: Directory not empty (os error 39)
  -----

13:52:26 WARN  sudo&lt;plugin_install&gt; returned non-zero exit code 2 ... blocked [run.py:35]
13:52:26 WARN  Aborted test due to BLOCKED outcome
13:52:26 INFO  
13:52:26 INFO  cleanup:
13:52:26 INFO  Removing apama project
13:52:41 INFO  Executed sudo&lt;stop_apama_service&gt;, exit status 0, duration 15 secs
13:52:42 INFO  Executed sudo&lt;remove_apama_project&gt;, exit status 0
13:52:42 INFO  Executed sudo&lt;remove_apama_tmp_dir&gt;, exit status 0
13:52:42 INFO  
13:52:42 INFO  Test duration: 21.02 secs
13:52:42 INFO  Test final outcome:  BLOCKED
13:52:42 INFO  Test outcome reason: sudo&lt;plugin_install&gt; returned non-zero exit code 2
13:52:42 INFO  
</system-out>
	</testcase>
</testsuite><testsuite name="SoftwareManagement.sm_apt_install_download_path" tests="3" errors="0" failures="2" skipped="1" time="0"><testcase classname="AptInstallWithDownloadPath" name="SoftwareManagement.sm_apt_install_download_path">
		<skipped message="SKIPPED: Testing the apt plugin is not supported on this platform.Use parameter -XmyPlatform='container' to enable it" />
		<system-out>13:02:15 INFO  ==============================================================
13:02:15 INFO  Id:    SoftwareManagement.sm_apt_install_download_path
13:02:15 INFO  Dir:   software_management_end_to_end/
13:02:15 INFO  Title: Install package to directory specified in tedge config set tmp.path
13:02:15 INFO  ==============================================================
13:02:15 INFO  Testing the apt plugin is not supported on this platform.Use parameter -XmyPlatform='container' to enable it ... skipped
13:02:15 WARN  Aborted test due to SKIPPED outcome
13:02:15 INFO  
13:02:15 INFO  Test duration: 0.06 secs
13:02:15 INFO  Test final outcome:  SKIPPED
13:02:15 INFO  Test outcome reason: Testing the apt plugin is not supported on this platform.Use parameter -XmyPlatform='container' to enable it
13:02:15 INFO  
</system-out>
	</testcase>
<testcase classname="AptInstallWithDownloadPath" name="SoftwareManagement.sm_apt_install_download_path">
		<failure message="BLOCKED: AssertionError:" type="BLOCKED" />
		<system-out>13:25:53 INFO  ==============================================================
13:25:53 INFO  Id:    SoftwareManagement.sm_apt_install_download_path
13:25:53 INFO  Dir:   software_management_end_to_end/
13:25:53 INFO  Title: Install package to directory specified in tedge config set tmp.path
13:25:53 INFO  ==============================================================
13:25:53 INFO  Using sw id database: {'asciijump': '5475369', 'robotfindskitten': '5474869', 'squirrel3': '5475279', 'rolldice': '5152439', 'moon-buggy': '5439204', 'apple': '5495053', 'banana': '5494888', 'cherry': '5495382', 'watermelon': '5494510', 'registry': '8018911', 'hello-world': '8021526', 'docker/getting-started': '8021973', 'alpine': '7991792'}
13:25:53 INFO  EnvironmentC8y Setup
13:25:54 INFO  Executed systemctl&lt;serv_mapper1&gt;, exit status 3
13:26:08 INFO  Executed sudo&lt;tedge_connect_c8y&gt;, exit status 0, duration 14 secs
13:26:10 INFO  Executed sudo&lt;tedge_connect_c8y_test&gt;, exit status 0
13:26:11 INFO  Executed systemctl&lt;serv_mosq2&gt;, exit status 0
13:26:12 INFO  Executed systemctl&lt;serv_mapper3&gt;, exit status 0
13:26:14 ERROR No operations found, assuming it passed
13:26:15 INFO  Assert that (False == value) with value=False ... passed
13:26:15 INFO  Executed sudo, exit status 0
13:26:16 INFO  Executed sudo, exit status 0
13:26:16 INFO  Executed sudo, exit status 0
13:26:20 INFO  Executed sudo&lt;tedge_disconnect_c8y&gt;, exit status 0
13:26:20 INFO  Restarting mosquitto too frequently in the last 10 seconds. It was only up for 3 seconds
13:26:20 INFO  Delaying execution by 8 seconds
13:26:42 INFO  Executed sudo&lt;tedge_connect_c8y&gt;, exit status 0, duration 13 secs
13:26:42 INFO  Response status: 201
13:26:42 INFO  Response to action: {
    "creationTime": "2022-07-20T13:26:42.479Z",
    "deviceId": "21079878",
    "deviceName": "m32sd10d",
    "self": "https://t493319102.eu-latest.cumulocity.com/devicecontrol/operations/21093502",
    "id": "21093502",
    "status": "PENDING",
    "description": "Apply software changes, triggered from PySys: [{'name': 'rolldice', 'id': '5152439', 'version': '::apt', 'url': 'https://thin-edge-io.eu-latest.cumulocity.com/inventory/binaries/12435463', 'action': 'install'}]",
    "c8y_SoftwareUpdate": [
        {
            "name": "rolldice",
            "action": "install",
            "id": "5152439",
            "version": "::apt",
            "url": "https://thin-edge-io.eu-latest.cumulocity.com/inventory/binaries/12435463"
        }
    ]
}
13:26:42 INFO  Started operation: {'creationTime': '2022-07-20T13:26:42.479Z', 'deviceId': '21079878', 'deviceName': 'm32sd10d', 'self': 'https://t493319102.eu-latest.cumulocity.com/devicecontrol/operations/21093502', 'id': '21093502', 'status': 'PENDING', 'description': "Apply software changes, triggered from PySys: [{'name': 'rolldice', 'id': '5152439', 'version': '::apt', 'url': 'https://thin-edge-io.eu-latest.cumulocity.com/inventory/binaries/12435463', 'action': 'install'}]", 'c8y_SoftwareUpdate': [{'name': 'rolldice', 'action': 'install', 'id': '5152439', 'version': '::apt', 'url': 'https://thin-edge-io.eu-latest.cumulocity.com/inventory/binaries/12435463'}]}
13:26:42 WARN  , retrying in 0.5 seconds...
13:26:43 WARN  , retrying in 0.5 seconds...
13:26:43 WARN  , retrying in 0.5 seconds...
13:26:44 WARN  , retrying in 0.5 seconds...
13:26:44 WARN  , retrying in 0.5 seconds...
13:26:45 WARN  , retrying in 0.5 seconds...
13:26:45 WARN  , retrying in 0.5 seconds...
13:26:46 WARN  , retrying in 0.5 seconds...
13:26:46 WARN  , retrying in 0.5 seconds...
13:26:47 WARN  AssertionError occurred while running test - 
Traceback (most recent call last):
  File "/home/pi/env-pysys/lib/python3.7/site-packages/pysys/baserunner.py", line 1294, in __call__
    self.testObj.execute()
  File "/home/pi/actions-runner/_work/thin-edge.io/thin-edge.io/tests/PySys/software_management_end_to_end/sm_apt_install_download_path/run.py", line 83, in execute
    assert_install_in_download_path(install_directory=self.DOWNLOAD_DIR)
  File "/home/pi/env-pysys/lib/python3.7/site-packages/decorator.py", line 232, in fun
    return caller(func, *(extras + args), **kw)
  File "/home/pi/env-pysys/lib/python3.7/site-packages/retry/api.py", line 74, in retry_decorator
    logger)
  File "/home/pi/env-pysys/lib/python3.7/site-packages/retry/api.py", line 33, in __retry_internal
    return f()
  File "/home/pi/actions-runner/_work/thin-edge.io/thin-edge.io/tests/PySys/software_management_end_to_end/sm_apt_install_download_path/run.py", line 28, in assert_install_in_download_path
    assert "rolldice" in os.listdir(f"{install_directory}")
AssertionError
13:26:47 WARN  AssertionError: ... blocked 
13:26:47 INFO  
13:26:47 INFO  cleanup:
13:26:48 INFO  Executed sudo, exit status 0
13:26:48 INFO  Executed sudo, exit status 0
13:26:52 INFO  Executed sudo&lt;tedge_disconnect_c8y&gt;, exit status 0
13:26:53 INFO  Restarting mosquitto too frequently in the last 10 seconds. It was only up for 3 seconds
13:26:53 INFO  Delaying execution by 8 seconds
13:27:15 INFO  Executed sudo&lt;tedge_connect_c8y&gt;, exit status 0, duration 14 secs
13:27:19 INFO  Executed sudo&lt;tedge_disconnect_c8y&gt;, exit status 0
13:27:19 INFO  Executed systemctl&lt;serv_mapper5&gt;, exit status 3
13:27:19 INFO  
13:27:19 INFO  Test duration: 86.53 secs
13:27:19 INFO  Test final outcome:  BLOCKED
13:27:19 INFO  Test outcome reason: AssertionError:
13:27:19 INFO  
</system-out>
	</testcase>
<testcase classname="AptInstallWithDownloadPath" name="SoftwareManagement.sm_apt_install_download_path">
		<failure message="BLOCKED: AssertionError:" type="BLOCKED" />
		<system-out>13:52:42 INFO  ==============================================================
13:52:42 INFO  Id:    SoftwareManagement.sm_apt_install_download_path
13:52:42 INFO  Dir:   software_management_end_to_end/
13:52:42 INFO  Title: Install package to directory specified in tedge config set tmp.path
13:52:42 INFO  ==============================================================
13:52:43 INFO  Using sw id database: {'asciijump': '5475369', 'robotfindskitten': '5474869', 'squirrel3': '5475279', 'rolldice': '5152439', 'moon-buggy': '5439204', 'apple': '5495053', 'banana': '5494888', 'cherry': '5495382', 'watermelon': '5494510', 'registry': '8018911', 'hello-world': '8021526', 'docker/getting-started': '8021973', 'alpine': '7991792'}
13:52:43 INFO  EnvironmentC8y Setup
13:52:44 INFO  Executed systemctl&lt;serv_mapper1&gt;, exit status 3
13:52:59 INFO  Executed sudo&lt;tedge_connect_c8y&gt;, exit status 0, duration 14 secs
13:52:59 INFO  Executed sudo&lt;tedge_connect_c8y_test&gt;, exit status 0
13:53:00 INFO  Executed systemctl&lt;serv_mosq2&gt;, exit status 0
13:53:00 INFO  Executed systemctl&lt;serv_mapper3&gt;, exit status 0
13:53:02 INFO  State of current operation: SUCCESSFUL
13:53:03 INFO  Assert that (False == value) with value=False ... passed
13:53:03 INFO  Executed sudo, exit status 0
13:53:04 INFO  Executed sudo, exit status 0
13:53:04 INFO  Executed sudo, exit status 0
13:53:08 INFO  Executed sudo&lt;tedge_disconnect_c8y&gt;, exit status 0
13:53:08 INFO  Restarting mosquitto too frequently in the last 10 seconds. It was only up for 3 seconds
13:53:08 INFO  Delaying execution by 8 seconds
13:53:30 INFO  Executed sudo&lt;tedge_connect_c8y&gt;, exit status 0, duration 13 secs
13:53:30 INFO  Response status: 201
13:53:30 INFO  Response to action: {
    "delivery": {
        "log": [],
        "time": "2022-07-20T13:53:30.599Z",
        "status": "PENDING"
    },
    "creationTime": "2022-07-20T13:53:30.582Z",
    "deviceId": "21079878",
    "deviceName": "m32sd10d",
    "self": "https://t493319102.eu-latest.cumulocity.com/devicecontrol/operations/21093651",
    "id": "21093651",
    "status": "PENDING",
    "description": "Apply software changes, triggered from PySys: [{'name': 'rolldice', 'id': '5152439', 'version': '::apt', 'url': 'https://thin-edge-io.eu-latest.cumulocity.com/inventory/binaries/12435463', 'action': 'install'}]",
    "c8y_SoftwareUpdate": [
        {
            "name": "rolldice",
            "action": "install",
            "id": "5152439",
            "version": "::apt",
            "url": "https://thin-edge-io.eu-latest.cumulocity.com/inventory/binaries/12435463"
        }
    ]
}
13:53:30 INFO  Started operation: {'delivery': {'log': [], 'time': '2022-07-20T13:53:30.599Z', 'status': 'PENDING'}, 'creationTime': '2022-07-20T13:53:30.582Z', 'deviceId': '21079878', 'deviceName': 'm32sd10d', 'self': 'https://t493319102.eu-latest.cumulocity.com/devicecontrol/operations/21093651', 'id': '21093651', 'status': 'PENDING', 'description': "Apply software changes, triggered from PySys: [{'name': 'rolldice', 'id': '5152439', 'version': '::apt', 'url': 'https://thin-edge-io.eu-latest.cumulocity.com/inventory/binaries/12435463', 'action': 'install'}]", 'c8y_SoftwareUpdate': [{'name': 'rolldice', 'action': 'install', 'id': '5152439', 'version': '::apt', 'url': 'https://thin-edge-io.eu-latest.cumulocity.com/inventory/binaries/12435463'}]}
13:53:30 WARN  , retrying in 0.5 seconds...
13:53:31 WARN  , retrying in 0.5 seconds...
13:53:31 WARN  , retrying in 0.5 seconds...
13:53:32 WARN  , retrying in 0.5 seconds...
13:53:32 WARN  , retrying in 0.5 seconds...
13:53:33 WARN  , retrying in 0.5 seconds...
13:53:33 WARN  , retrying in 0.5 seconds...
13:53:34 WARN  , retrying in 0.5 seconds...
13:53:34 WARN  , retrying in 0.5 seconds...
13:53:35 WARN  AssertionError occurred while running test - 
Traceback (most recent call last):
  File "/home/pi/env-pysys/lib/python3.7/site-packages/pysys/baserunner.py", line 1294, in __call__
    self.testObj.execute()
  File "/home/pi/actions-runner/_work/thin-edge.io/thin-edge.io/tests/PySys/software_management_end_to_end/sm_apt_install_download_path/run.py", line 83, in execute
    assert_install_in_download_path(install_directory=self.DOWNLOAD_DIR)
  File "/home/pi/env-pysys/lib/python3.7/site-packages/decorator.py", line 232, in fun
    return caller(func, *(extras + args), **kw)
  File "/home/pi/env-pysys/lib/python3.7/site-packages/retry/api.py", line 74, in retry_decorator
    logger)
  File "/home/pi/env-pysys/lib/python3.7/site-packages/retry/api.py", line 33, in __retry_internal
    return f()
  File "/home/pi/actions-runner/_work/thin-edge.io/thin-edge.io/tests/PySys/software_management_end_to_end/sm_apt_install_download_path/run.py", line 28, in assert_install_in_download_path
    assert "rolldice" in os.listdir(f"{install_directory}")
AssertionError
13:53:35 WARN  AssertionError: ... blocked 
13:53:35 INFO  
13:53:35 INFO  cleanup:
13:53:35 INFO  Executed sudo, exit status 0
13:53:36 INFO  Executed sudo, exit status 0
13:53:40 INFO  Executed sudo&lt;tedge_disconnect_c8y&gt;, exit status 0
13:53:40 INFO  Restarting mosquitto too frequently in the last 10 seconds. It was only up for 3 seconds
13:53:40 INFO  Delaying execution by 8 seconds
13:54:02 INFO  Executed sudo&lt;tedge_connect_c8y&gt;, exit status 0, duration 13 secs
13:54:06 INFO  Executed sudo&lt;tedge_disconnect_c8y&gt;, exit status 0
13:54:07 INFO  Executed systemctl&lt;serv_mapper5&gt;, exit status 3
13:54:07 INFO  
13:54:07 INFO  Test duration: 84.47 secs
13:54:07 INFO  Test final outcome:  BLOCKED
13:54:07 INFO  Test outcome reason: AssertionError:
13:54:07 INFO  
</system-out>
	</testcase>
</testsuite><testsuite name="SoftwareManagement.sm_apt_install_fail" tests="3" errors="0" failures="0" skipped="1" time="0"><testcase classname="PySysTest" name="SoftwareManagement.sm_apt_install_fail">
		<skipped message="SKIPPED: Testing the apt plugin is not supported on this platform.Use parameter -XmyPlatform='container' to enable it" />
		<system-out>13:02:16 INFO  ==============================================================
13:02:16 INFO  Id:    SoftwareManagement.sm_apt_install_fail
13:02:16 INFO  Dir:   software_management_end_to_end/
13:02:16 INFO  Title: Validate end to end behaviour for a failing installation
13:02:16 INFO  ==============================================================
13:02:16 INFO  Testing the apt plugin is not supported on this platform.Use parameter -XmyPlatform='container' to enable it ... skipped
13:02:16 WARN  Aborted test due to SKIPPED outcome
13:02:16 INFO  
13:02:16 INFO  Test duration: 0.02 secs
13:02:16 INFO  Test final outcome:  SKIPPED
13:02:16 INFO  Test outcome reason: Testing the apt plugin is not supported on this platform.Use parameter -XmyPlatform='container' to enable it
13:02:16 INFO  
</system-out>
	</testcase>
<testcase classname="PySysTest" name="SoftwareManagement.sm_apt_install_fail" />
<testcase classname="PySysTest" name="SoftwareManagement.sm_apt_install_fail" />
</testsuite><testsuite name="SoftwareManagement.sm_apt_install_remove" tests="3" errors="0" failures="0" skipped="1" time="0"><testcase classname="PySysTest" name="SoftwareManagement.sm_apt_install_remove">
		<skipped message="SKIPPED: Testing the apt plugin is not supported on this platform.Use parameter -XmyPlatform='container' to enable it" />
		<system-out>13:02:16 INFO  ==============================================================
13:02:16 INFO  Id:    SoftwareManagement.sm_apt_install_remove
13:02:16 INFO  Dir:   software_management_end_to_end/
13:02:16 INFO  Title: Validate end to end behaviour for the apt plugin for installation and removal of packages
13:02:16 INFO  ==============================================================
13:02:16 INFO  Testing the apt plugin is not supported on this platform.Use parameter -XmyPlatform='container' to enable it ... skipped
13:02:16 WARN  Aborted test due to SKIPPED outcome
13:02:16 INFO  
13:02:16 INFO  Test duration: 0.02 secs
13:02:16 INFO  Test final outcome:  SKIPPED
13:02:16 INFO  Test outcome reason: Testing the apt plugin is not supported on this platform.Use parameter -XmyPlatform='container' to enable it
13:02:16 INFO  
</system-out>
	</testcase>
<testcase classname="PySysTest" name="SoftwareManagement.sm_apt_install_remove" />
<testcase classname="PySysTest" name="SoftwareManagement.sm_apt_install_remove" />
</testsuite><testsuite name="SoftwareManagement.sm_apt_install_remove_default" tests="3" errors="0" failures="0" skipped="1" time="0"><testcase classname="PySysTest" name="SoftwareManagement.sm_apt_install_remove_default">
		<skipped message="SKIPPED: Testing the apt plugin is not supported on this platform.Use parameter -XmyPlatform='container' to enable it" />
		<system-out>13:02:16 INFO  ==============================================================
13:02:16 INFO  Id:    SoftwareManagement.sm_apt_install_remove_default
13:02:16 INFO  Dir:   software_management_end_to_end/
13:02:16 INFO  Title: Validate end to end behaviour for the default plugin for installation and removal of packages
13:02:16 INFO  ==============================================================
13:02:16 INFO  Testing the apt plugin is not supported on this platform.Use parameter -XmyPlatform='container' to enable it ... skipped
13:02:16 WARN  Aborted test due to SKIPPED outcome
13:02:16 INFO  
13:02:16 INFO  Test duration: 0.04 secs
13:02:16 INFO  Test final outcome:  SKIPPED
13:02:16 INFO  Test outcome reason: Testing the apt plugin is not supported on this platform.Use parameter -XmyPlatform='container' to enable it
13:02:16 INFO  
</system-out>
	</testcase>
<testcase classname="PySysTest" name="SoftwareManagement.sm_apt_install_remove_default" />
<testcase classname="PySysTest" name="SoftwareManagement.sm_apt_install_remove_default" />
</testsuite><testsuite name="SoftwareManagement.sm_apt_install_remove_multiple" tests="3" errors="0" failures="2" skipped="1" time="0"><testcase classname="PySysTest" name="SoftwareManagement.sm_apt_install_remove_multiple">
		<skipped message="SKIPPED: Testing the apt plugin is not supported on this platform.Use parameter -XmyPlatform='container' to enable it" />
		<system-out>13:02:16 INFO  ==============================================================
13:02:16 INFO  Id:    SoftwareManagement.sm_apt_install_remove_multiple
13:02:16 INFO  Dir:   software_management_end_to_end/
13:02:16 INFO  Title: Validate end to end behaviour for the apt plugin for multiple packages
13:02:16 INFO  ==============================================================
13:02:16 INFO  Testing the apt plugin is not supported on this platform.Use parameter -XmyPlatform='container' to enable it ... skipped
13:02:16 WARN  Aborted test due to SKIPPED outcome
13:02:16 INFO  
13:02:16 INFO  Test duration: 0.02 secs
13:02:16 INFO  Test final outcome:  SKIPPED
13:02:16 INFO  Test outcome reason: Testing the apt plugin is not supported on this platform.Use parameter -XmyPlatform='container' to enable it
13:02:16 INFO  
</system-out>
	</testcase>
<testcase classname="PySysTest" name="SoftwareManagement.sm_apt_install_remove_multiple">
		<failure message="FAILED: Assert that (False == value) with value=True" type="FAILED" />
		<system-out>13:34:08 INFO  ==============================================================
13:34:08 INFO  Id:    SoftwareManagement.sm_apt_install_remove_multiple
13:34:08 INFO  Dir:   software_management_end_to_end/
13:34:08 INFO  Title: Validate end to end behaviour for the apt plugin for multiple packages
13:34:08 INFO  ==============================================================
13:34:08 INFO  Using sw id database: {'asciijump': '5475369', 'robotfindskitten': '5474869', 'squirrel3': '5475279', 'rolldice': '5152439', 'moon-buggy': '5439204', 'apple': '5495053', 'banana': '5494888', 'cherry': '5495382', 'watermelon': '5494510', 'registry': '8018911', 'hello-world': '8021526', 'docker/getting-started': '8021973', 'alpine': '7991792'}
13:34:08 INFO  EnvironmentC8y Setup
13:34:08 INFO  Executed systemctl&lt;serv_mapper1&gt;, exit status 3
13:34:09 INFO  Restarting mosquitto too frequently in the last 10 seconds. It was only up for 5 seconds
13:34:09 INFO  Delaying execution by 6 seconds
13:34:29 INFO  Executed sudo&lt;tedge_connect_c8y&gt;, exit status 0, duration 13 secs
13:34:29 INFO  Executed sudo&lt;tedge_connect_c8y_test&gt;, exit status 0
13:34:30 INFO  Executed systemctl&lt;serv_mosq2&gt;, exit status 0
13:34:30 INFO  Executed systemctl&lt;serv_mapper3&gt;, exit status 0
13:34:32 INFO  State of current operation: SUCCESSFUL
13:34:33 INFO  Assert that (False == value) with value=False ... passed
13:34:33 INFO  Assert that (False == value) with value=False ... passed
13:34:33 INFO  Assert that (False == value) with value=False ... passed
13:34:33 INFO  Package robotfindskitten is installed
13:34:33 WARN  Assert that (False == value) with value=True ... failed 
13:34:34 INFO  Response status: 201
13:34:34 INFO  Response to action: {
    "creationTime": "2022-07-20T13:34:33.971Z",
    "deviceId": "21079878",
    "deviceName": "m32sd10d",
    "self": "https://t493319102.eu-latest.cumulocity.com/devicecontrol/operations/21093566",
    "id": "21093566",
    "status": "PENDING",
    "description": "Apply software changes, triggered from PySys: [{'action': 'install', 'id': '5475369', 'name': 'asciijump', 'url': ' ', 'version': '::apt'}, {'action': 'install', 'id': '5474869', 'name': 'robotfindskitten', 'url': ' ', 'version': '::apt'}, {'action': 'install', 'id': '5475279', 'name': 'squirrel3', 'url': ' ', 'version': '::apt'}]",
    "c8y_SoftwareUpdate": [
        {
            "name": "asciijump",
            "action": "install",
            "id": "5475369",
            "version": "::apt",
            "url": " "
        },
        {
            "name": "robotfindskitten",
            "action": "install",
            "id": "5474869",
            "version": "::apt",
            "url": " "
        },
        {
            "name": "squirrel3",
            "action": "install",
            "id": "5475279",
            "version": "::apt",
            "url": " "
        }
    ]
}
13:34:34 INFO  Started operation: {'creationTime': '2022-07-20T13:34:33.971Z', 'deviceId': '21079878', 'deviceName': 'm32sd10d', 'self': 'https://t493319102.eu-latest.cumulocity.com/devicecontrol/operations/21093566', 'id': '21093566', 'status': 'PENDING', 'description': "Apply software changes, triggered from PySys: [{'action': 'install', 'id': '5475369', 'name': 'asciijump', 'url': ' ', 'version': '::apt'}, {'action': 'install', 'id': '5474869', 'name': 'robotfindskitten', 'url': ' ', 'version': '::apt'}, {'action': 'install', 'id': '5475279', 'name': 'squirrel3', 'url': ' ', 'version': '::apt'}]", 'c8y_SoftwareUpdate': [{'name': 'asciijump', 'action': 'install', 'id': '5475369', 'version': '::apt', 'url': ' '}, {'name': 'robotfindskitten', 'action': 'install', 'id': '5474869', 'version': '::apt', 'url': ' '}, {'name': 'squirrel3', 'action': 'install', 'id': '5475279', 'version': '::apt', 'url': ' '}]}
13:34:36 INFO  State of operation 21093566 : PENDING
13:34:38 INFO  State of operation 21093566 : EXECUTING
13:34:40 INFO  State of operation 21093566 : EXECUTING
13:34:42 INFO  State of operation 21093566 : EXECUTING
13:34:45 INFO  State of operation 21093566 : EXECUTING
13:34:47 INFO  State of operation 21093566 : EXECUTING
13:34:50 INFO  State of operation 21093566 : EXECUTING
13:34:52 INFO  State of operation 21093566 : EXECUTING
13:34:55 INFO  State of operation 21093566 : EXECUTING
13:34:57 INFO  State of operation 21093566 : EXECUTING
13:34:59 INFO  State of operation 21093566 : EXECUTING
13:35:01 INFO  State of operation 21093566 : EXECUTING
13:35:04 INFO  State of operation 21093566 : EXECUTING
13:35:06 INFO  State of operation 21093566 : EXECUTING
13:35:08 INFO  State of operation 21093566 : EXECUTING
13:35:11 INFO  State of operation 21093566 : EXECUTING
13:35:13 INFO  State of operation 21093566 : EXECUTING
13:35:16 INFO  State of operation 21093566 : EXECUTING
13:35:18 INFO  State of operation 21093566 : EXECUTING
13:35:20 INFO  State of operation 21093566 : EXECUTING
13:35:22 INFO  State of operation 21093566 : EXECUTING
13:35:25 INFO  State of operation 21093566 : EXECUTING
13:35:27 INFO  State of operation 21093566 : EXECUTING
13:35:30 INFO  State of operation 21093566 : EXECUTING
13:35:32 INFO  State of operation 21093566 : EXECUTING
13:35:35 INFO  State of operation 21093566 : EXECUTING
13:35:37 INFO  State of operation 21093566 : EXECUTING
13:35:39 INFO  State of operation 21093566 : EXECUTING
13:35:41 INFO  State of operation 21093566 : EXECUTING
13:35:44 INFO  State of operation 21093566 : EXECUTING
13:35:46 INFO  State of operation 21093566 : EXECUTING
13:35:48 INFO  State of operation 21093566 : EXECUTING
13:35:51 INFO  State of operation 21093566 : EXECUTING
13:35:53 INFO  State of operation 21093566 : SUCCESSFUL
13:35:53 INFO  Assert that (False == value) with value=False ... passed
13:35:53 INFO  Package asciijump is installed
13:35:53 INFO  Assert that (True == value) with value=True ... passed
13:35:54 INFO  Package squirrel3 is installed
13:35:54 INFO  Assert that (True == value) with value=True ... passed
13:35:54 INFO  Package robotfindskitten is installed
13:35:54 INFO  Assert that (True == value) with value=True ... passed
13:35:54 INFO  Response status: 201
13:35:54 INFO  Response to action: {
    "creationTime": "2022-07-20T13:35:54.431Z",
    "deviceId": "21079878",
    "deviceName": "m32sd10d",
    "self": "https://t493319102.eu-latest.cumulocity.com/devicecontrol/operations/21093574",
    "id": "21093574",
    "status": "PENDING",
    "description": "Apply software changes, triggered from PySys: [{'action': 'delete', 'id': '5475369', 'name': 'asciijump', 'url': ' ', 'version': '::apt'}, {'action': 'delete', 'id': '5474869', 'name': 'robotfindskitten', 'url': ' ', 'version': '::apt'}, {'action': 'delete', 'id': '5475279', 'name': 'squirrel3', 'url': ' ', 'version': '::apt'}]",
    "c8y_SoftwareUpdate": [
        {
            "name": "asciijump",
            "action": "delete",
            "id": "5475369",
            "version": "::apt",
            "url": " "
        },
        {
            "name": "robotfindskitten",
            "action": "delete",
            "id": "5474869",
            "version": "::apt",
            "url": " "
        },
        {
            "name": "squirrel3",
            "action": "delete",
            "id": "5475279",
            "version": "::apt",
            "url": " "
        }
    ]
}
13:35:54 INFO  Started operation: {'creationTime': '2022-07-20T13:35:54.431Z', 'deviceId': '21079878', 'deviceName': 'm32sd10d', 'self': 'https://t493319102.eu-latest.cumulocity.com/devicecontrol/operations/21093574', 'id': '21093574', 'status': 'PENDING', 'description': "Apply software changes, triggered from PySys: [{'action': 'delete', 'id': '5475369', 'name': 'asciijump', 'url': ' ', 'version': '::apt'}, {'action': 'delete', 'id': '5474869', 'name': 'robotfindskitten', 'url': ' ', 'version': '::apt'}, {'action': 'delete', 'id': '5475279', 'name': 'squirrel3', 'url': ' ', 'version': '::apt'}]", 'c8y_SoftwareUpdate': [{'name': 'asciijump', 'action': 'delete', 'id': '5475369', 'version': '::apt', 'url': ' '}, {'name': 'robotfindskitten', 'action': 'delete', 'id': '5474869', 'version': '::apt', 'url': ' '}, {'name': 'squirrel3', 'action': 'delete', 'id': '5475279', 'version': '::apt', 'url': ' '}]}
13:35:56 INFO  State of operation 21093574 : PENDING
13:35:58 INFO  State of operation 21093574 : EXECUTING
13:36:01 INFO  State of operation 21093574 : EXECUTING
13:36:03 INFO  State of operation 21093574 : EXECUTING
13:36:05 INFO  State of operation 21093574 : EXECUTING
13:36:07 INFO  State of operation 21093574 : EXECUTING
13:36:10 INFO  State of operation 21093574 : EXECUTING
13:36:13 INFO  State of operation 21093574 : EXECUTING
13:36:15 INFO  State of operation 21093574 : EXECUTING
13:36:18 INFO  State of operation 21093574 : EXECUTING
13:36:20 INFO  State of operation 21093574 : EXECUTING
13:36:22 INFO  State of operation 21093574 : EXECUTING
13:36:24 INFO  State of operation 21093574 : EXECUTING
13:36:27 INFO  State of operation 21093574 : EXECUTING
13:36:29 INFO  State of operation 21093574 : EXECUTING
13:36:31 INFO  State of operation 21093574 : EXECUTING
13:36:33 INFO  State of operation 21093574 : EXECUTING
13:36:37 INFO  State of operation 21093574 : EXECUTING
13:36:39 INFO  State of operation 21093574 : EXECUTING
13:36:41 INFO  State of operation 21093574 : EXECUTING
13:36:44 INFO  State of operation 21093574 : EXECUTING
13:36:46 INFO  State of operation 21093574 : EXECUTING
13:36:48 INFO  State of operation 21093574 : EXECUTING
13:36:51 INFO  State of operation 21093574 : EXECUTING
13:36:53 INFO  State of operation 21093574 : EXECUTING
13:36:55 INFO  State of operation 21093574 : EXECUTING
13:36:58 INFO  State of operation 21093574 : EXECUTING
13:37:00 INFO  State of operation 21093574 : SUCCESSFUL
13:37:00 INFO  Assert that (False == value) with value=False ... passed
13:37:00 INFO  Assert that (False == value) with value=False ... passed
13:37:01 INFO  Assert that (False == value) with value=False ... passed
13:37:01 INFO  Assert that (False == value) with value=False ... passed
13:37:01 INFO  
13:37:01 INFO  cleanup:
13:37:05 INFO  Executed sudo&lt;tedge_disconnect_c8y&gt;, exit status 0
13:37:05 INFO  Executed systemctl&lt;serv_mapper5&gt;, exit status 3
13:37:05 INFO  
13:37:05 INFO  Test duration: 177.50 secs
13:37:05 INFO  Test final outcome:  FAILED
13:37:05 INFO  Test outcome reason: Assert that (False == value) with value=True
13:37:05 INFO  
</system-out>
	</testcase>
<testcase classname="PySysTest" name="SoftwareManagement.sm_apt_install_remove_multiple">
		<failure message="FAILED: Assert that (False == value) with value=True (+2 other failures)" type="FAILED" />
		<system-out>14:00:34 INFO  ==============================================================
14:00:34 INFO  Id:    SoftwareManagement.sm_apt_install_remove_multiple
14:00:34 INFO  Dir:   software_management_end_to_end/
14:00:34 INFO  Title: Validate end to end behaviour for the apt plugin for multiple packages
14:00:34 INFO  ==============================================================
14:00:34 INFO  Using sw id database: {'asciijump': '5475369', 'robotfindskitten': '5474869', 'squirrel3': '5475279', 'rolldice': '5152439', 'moon-buggy': '5439204', 'apple': '5495053', 'banana': '5494888', 'cherry': '5495382', 'watermelon': '5494510', 'registry': '8018911', 'hello-world': '8021526', 'docker/getting-started': '8021973', 'alpine': '7991792'}
14:00:34 INFO  EnvironmentC8y Setup
14:00:34 INFO  Executed systemctl&lt;serv_mapper1&gt;, exit status 3
14:00:35 INFO  Restarting mosquitto too frequently in the last 10 seconds. It was only up for 4 seconds
14:00:35 INFO  Delaying execution by 7 seconds
14:00:55 INFO  Executed sudo&lt;tedge_connect_c8y&gt;, exit status 0, duration 13 secs
14:00:56 INFO  Executed sudo&lt;tedge_connect_c8y_test&gt;, exit status 0
14:00:56 INFO  Executed systemctl&lt;serv_mosq2&gt;, exit status 0
14:00:57 INFO  Executed systemctl&lt;serv_mapper3&gt;, exit status 0
14:00:59 INFO  State of current operation: SUCCESSFUL
14:00:59 INFO  Assert that (False == value) with value=False ... passed
14:01:00 INFO  Package asciijump is installed
14:01:00 WARN  Assert that (False == value) with value=True ... failed 
14:01:00 INFO  Package squirrel3 is installed
14:01:00 WARN  Assert that (False == value) with value=True ... failed 
14:01:00 INFO  Package robotfindskitten is installed
14:01:01 WARN  Assert that (False == value) with value=True ... failed 
14:01:01 INFO  Response status: 201
14:01:01 INFO  Response to action: {
    "creationTime": "2022-07-20T14:01:01.200Z",
    "deviceId": "21079878",
    "deviceName": "m32sd10d",
    "self": "https://t493319102.eu-latest.cumulocity.com/devicecontrol/operations/21093713",
    "id": "21093713",
    "status": "PENDING",
    "description": "Apply software changes, triggered from PySys: [{'action': 'install', 'id': '5475369', 'name': 'asciijump', 'url': ' ', 'version': '::apt'}, {'action': 'install', 'id': '5474869', 'name': 'robotfindskitten', 'url': ' ', 'version': '::apt'}, {'action': 'install', 'id': '5475279', 'name': 'squirrel3', 'url': ' ', 'version': '::apt'}]",
    "c8y_SoftwareUpdate": [
        {
            "name": "asciijump",
            "action": "install",
            "id": "5475369",
            "version": "::apt",
            "url": " "
        },
        {
            "name": "robotfindskitten",
            "action": "install",
            "id": "5474869",
            "version": "::apt",
            "url": " "
        },
        {
            "name": "squirrel3",
            "action": "install",
            "id": "5475279",
            "version": "::apt",
            "url": " "
        }
    ]
}
14:01:01 INFO  Started operation: {'creationTime': '2022-07-20T14:01:01.200Z', 'deviceId': '21079878', 'deviceName': 'm32sd10d', 'self': 'https://t493319102.eu-latest.cumulocity.com/devicecontrol/operations/21093713', 'id': '21093713', 'status': 'PENDING', 'description': "Apply software changes, triggered from PySys: [{'action': 'install', 'id': '5475369', 'name': 'asciijump', 'url': ' ', 'version': '::apt'}, {'action': 'install', 'id': '5474869', 'name': 'robotfindskitten', 'url': ' ', 'version': '::apt'}, {'action': 'install', 'id': '5475279', 'name': 'squirrel3', 'url': ' ', 'version': '::apt'}]", 'c8y_SoftwareUpdate': [{'name': 'asciijump', 'action': 'install', 'id': '5475369', 'version': '::apt', 'url': ' '}, {'name': 'robotfindskitten', 'action': 'install', 'id': '5474869', 'version': '::apt', 'url': ' '}, {'name': 'squirrel3', 'action': 'install', 'id': '5475279', 'version': '::apt', 'url': ' '}]}
14:01:03 INFO  State of operation 21093713 : PENDING
14:01:05 INFO  State of operation 21093713 : EXECUTING
14:01:07 INFO  State of operation 21093713 : EXECUTING
14:01:10 INFO  State of operation 21093713 : EXECUTING
14:01:12 INFO  State of operation 21093713 : EXECUTING
14:01:14 INFO  State of operation 21093713 : EXECUTING
14:01:17 INFO  State of operation 21093713 : EXECUTING
14:01:19 INFO  State of operation 21093713 : EXECUTING
14:01:22 INFO  State of operation 21093713 : EXECUTING
14:01:24 INFO  State of operation 21093713 : EXECUTING
14:01:26 INFO  State of operation 21093713 : EXECUTING
14:01:29 INFO  State of operation 21093713 : EXECUTING
14:01:31 INFO  State of operation 21093713 : EXECUTING
14:01:33 INFO  State of operation 21093713 : EXECUTING
14:01:35 INFO  State of operation 21093713 : EXECUTING
14:01:38 INFO  State of operation 21093713 : SUCCESSFUL
14:01:38 INFO  Assert that (False == value) with value=False ... passed
14:01:38 INFO  Package asciijump is installed
14:01:38 INFO  Assert that (True == value) with value=True ... passed
14:01:38 INFO  Package squirrel3 is installed
14:01:38 INFO  Assert that (True == value) with value=True ... passed
14:01:38 INFO  Package robotfindskitten is installed
14:01:38 INFO  Assert that (True == value) with value=True ... passed
14:01:39 INFO  Response status: 201
14:01:39 INFO  Response to action: {
    "creationTime": "2022-07-20T14:01:39.154Z",
    "deviceId": "21079878",
    "deviceName": "m32sd10d",
    "self": "https://t493319102.eu-latest.cumulocity.com/devicecontrol/operations/21093721",
    "id": "21093721",
    "status": "PENDING",
    "description": "Apply software changes, triggered from PySys: [{'action': 'delete', 'id': '5475369', 'name': 'asciijump', 'url': ' ', 'version': '::apt'}, {'action': 'delete', 'id': '5474869', 'name': 'robotfindskitten', 'url': ' ', 'version': '::apt'}, {'action': 'delete', 'id': '5475279', 'name': 'squirrel3', 'url': ' ', 'version': '::apt'}]",
    "c8y_SoftwareUpdate": [
        {
            "name": "asciijump",
            "action": "delete",
            "id": "5475369",
            "version": "::apt",
            "url": " "
        },
        {
            "name": "robotfindskitten",
            "action": "delete",
            "id": "5474869",
            "version": "::apt",
            "url": " "
        },
        {
            "name": "squirrel3",
            "action": "delete",
            "id": "5475279",
            "version": "::apt",
            "url": " "
        }
    ]
}
14:01:39 INFO  Started operation: {'creationTime': '2022-07-20T14:01:39.154Z', 'deviceId': '21079878', 'deviceName': 'm32sd10d', 'self': 'https://t493319102.eu-latest.cumulocity.com/devicecontrol/operations/21093721', 'id': '21093721', 'status': 'PENDING', 'description': "Apply software changes, triggered from PySys: [{'action': 'delete', 'id': '5475369', 'name': 'asciijump', 'url': ' ', 'version': '::apt'}, {'action': 'delete', 'id': '5474869', 'name': 'robotfindskitten', 'url': ' ', 'version': '::apt'}, {'action': 'delete', 'id': '5475279', 'name': 'squirrel3', 'url': ' ', 'version': '::apt'}]", 'c8y_SoftwareUpdate': [{'name': 'asciijump', 'action': 'delete', 'id': '5475369', 'version': '::apt', 'url': ' '}, {'name': 'robotfindskitten', 'action': 'delete', 'id': '5474869', 'version': '::apt', 'url': ' '}, {'name': 'squirrel3', 'action': 'delete', 'id': '5475279', 'version': '::apt', 'url': ' '}]}
14:01:41 INFO  State of operation 21093721 : PENDING
14:01:43 INFO  State of operation 21093721 : EXECUTING
14:01:45 INFO  State of operation 21093721 : EXECUTING
14:01:48 INFO  State of operation 21093721 : EXECUTING
14:01:50 INFO  State of operation 21093721 : EXECUTING
14:01:52 INFO  State of operation 21093721 : EXECUTING
14:01:55 INFO  State of operation 21093721 : EXECUTING
14:01:57 INFO  State of operation 21093721 : EXECUTING
14:02:00 INFO  State of operation 21093721 : EXECUTING
14:02:02 INFO  State of operation 21093721 : EXECUTING
14:02:04 INFO  State of operation 21093721 : EXECUTING
14:02:07 INFO  State of operation 21093721 : EXECUTING
14:02:09 INFO  State of operation 21093721 : EXECUTING
14:02:11 INFO  State of operation 21093721 : EXECUTING
14:02:13 INFO  State of operation 21093721 : EXECUTING
14:02:15 INFO  State of operation 21093721 : EXECUTING
14:02:18 INFO  State of operation 21093721 : EXECUTING
14:02:20 INFO  State of operation 21093721 : EXECUTING
14:02:23 INFO  State of operation 21093721 : EXECUTING
14:02:25 INFO  State of operation 21093721 : EXECUTING
14:02:27 INFO  State of operation 21093721 : EXECUTING
14:02:30 INFO  State of operation 21093721 : EXECUTING
14:02:32 INFO  State of operation 21093721 : EXECUTING
14:02:34 INFO  State of operation 21093721 : EXECUTING
14:02:36 INFO  State of operation 21093721 : EXECUTING
14:02:39 INFO  State of operation 21093721 : EXECUTING
14:02:42 INFO  State of operation 21093721 : EXECUTING
14:02:44 INFO  State of operation 21093721 : EXECUTING
14:02:46 INFO  State of operation 21093721 : SUCCESSFUL
14:02:46 INFO  Assert that (False == value) with value=False ... passed
14:02:47 INFO  Assert that (False == value) with value=False ... passed
14:02:47 INFO  Assert that (False == value) with value=False ... passed
14:02:47 INFO  Assert that (False == value) with value=False ... passed
14:02:47 INFO  
14:02:47 INFO  cleanup:
14:02:51 INFO  Executed sudo&lt;tedge_disconnect_c8y&gt;, exit status 0
14:02:52 INFO  Executed systemctl&lt;serv_mapper5&gt;, exit status 3
14:02:52 INFO  
14:02:52 INFO  Test duration: 137.75 secs
14:02:52 INFO  Test final outcome:  FAILED
14:02:52 INFO  Test outcome reason: Assert that (False == value) with value=True (+2 other failures)
14:02:52 INFO  
</system-out>
	</testcase>
</testsuite><testsuite name="SoftwareManagement.sm_apt_install_remove_multiple_mixed" tests="3" errors="0" failures="2" skipped="1" time="0"><testcase classname="PySysTest" name="SoftwareManagement.sm_apt_install_remove_multiple_mixed">
		<skipped message="SKIPPED: Testing the apt plugin is not supported on this platform.Use parameter -XmyPlatform='container' to enable it" />
		<system-out>13:02:16 INFO  ==============================================================
13:02:16 INFO  Id:    SoftwareManagement.sm_apt_install_remove_multiple_mixed
13:02:16 INFO  Dir:   software_management_end_to_end/
13:02:16 INFO  Title: Validate end to end behaviour for the apt plugin for multiple packages with mixed versions
13:02:16 INFO  ==============================================================
13:02:16 INFO  Testing the apt plugin is not supported on this platform.Use parameter -XmyPlatform='container' to enable it ... skipped
13:02:16 WARN  Aborted test due to SKIPPED outcome
13:02:16 INFO  
13:02:16 INFO  Test duration: 0.02 secs
13:02:16 INFO  Test final outcome:  SKIPPED
13:02:16 INFO  Test outcome reason: Testing the apt plugin is not supported on this platform.Use parameter -XmyPlatform='container' to enable it
13:02:16 INFO  
</system-out>
	</testcase>
<testcase classname="PySysTest" name="SoftwareManagement.sm_apt_install_remove_multiple_mixed">
		<failure message="BLOCKED: SystemError: Timeout while waiting for status SUCCESSFUL or False" type="BLOCKED" />
		<system-out>13:37:05 INFO  ==============================================================
13:37:05 INFO  Id:    SoftwareManagement.sm_apt_install_remove_multiple_mixed
13:37:05 INFO  Dir:   software_management_end_to_end/
13:37:05 INFO  Title: Validate end to end behaviour for the apt plugin for multiple packages with mixed versions
13:37:05 INFO  ==============================================================
13:37:05 INFO  Using sw id database: {'asciijump': '5475369', 'robotfindskitten': '5474869', 'squirrel3': '5475279', 'rolldice': '5152439', 'moon-buggy': '5439204', 'apple': '5495053', 'banana': '5494888', 'cherry': '5495382', 'watermelon': '5494510', 'registry': '8018911', 'hello-world': '8021526', 'docker/getting-started': '8021973', 'alpine': '7991792'}
13:37:05 INFO  EnvironmentC8y Setup
13:37:06 INFO  Executed systemctl&lt;serv_mapper1&gt;, exit status 3
13:37:06 INFO  Restarting mosquitto too frequently in the last 10 seconds. It was only up for 5 seconds
13:37:06 INFO  Delaying execution by 6 seconds
13:37:26 INFO  Executed sudo&lt;tedge_connect_c8y&gt;, exit status 0, duration 13 secs
13:37:26 INFO  Executed sudo&lt;tedge_connect_c8y_test&gt;, exit status 0
13:37:27 INFO  Executed systemctl&lt;serv_mosq2&gt;, exit status 0
13:37:27 INFO  Executed systemctl&lt;serv_mapper3&gt;, exit status 0
13:37:30 INFO  State of current operation: SUCCESSFUL
13:37:30 INFO  Assert that (False == value) with value=False ... passed
13:37:30 INFO  Assert that (False == value) with value=False ... passed
13:37:30 INFO  Assert that (False == value) with value=False ... passed
13:37:30 INFO  Assert that (False == value) with value=False ... passed
13:37:31 INFO  Assert that (False == value) with value=False ... passed
13:37:32 INFO  Response status: 201
13:37:32 INFO  Response to action: {
    "creationTime": "2022-07-20T13:37:32.382Z",
    "deviceId": "21079878",
    "deviceName": "m32sd10d",
    "self": "https://t493319102.eu-latest.cumulocity.com/devicecontrol/operations/21093582",
    "id": "21093582",
    "status": "PENDING",
    "description": "Apply software changes, triggered from PySys: [{'action': 'install', 'id': '5475369', 'name': 'asciijump', 'url': ' ', 'version': '::apt'}, {'action': 'install', 'id': '5474869', 'name': 'robotfindskitten', 'url': ' ', 'version': ' '}, {'action': 'install', 'id': '5475279', 'name': 'squirrel3', 'url': ' ', 'version': '3.1-7::apt'}, {'action': 'install', 'id': '5152439', 'name': 'rolldice', 'url': ' ', 'version': '1.16-1+b1'}, {'action': 'install', 'id': '5439204', 'name': 'moon-buggy', 'url': ' ', 'version': '1:1.0.51-12'}, {'action': 'install', 'id': '5475369', 'name': 'asciijump', 'url': ' ', 'version': '::apt'}]",
    "c8y_SoftwareUpdate": [
        {
            "name": "asciijump",
            "action": "install",
            "id": "5475369",
            "version": "::apt",
            "url": " "
        },
        {
            "name": "robotfindskitten",
            "action": "install",
            "id": "5474869",
            "version": " ",
            "url": " "
        },
        {
            "name": "squirrel3",
            "action": "install",
            "id": "5475279",
            "version": "3.1-7::apt",
            "url": " "
        },
        {
            "name": "rolldice",
            "action": "install",
            "id": "5152439",
            "version": "1.16-1+b1",
            "url": " "
        },
        {
            "name": "moon-buggy",
            "action": "install",
            "id": "5439204",
            "version": "1:1.0.51-12",
            "url": " "
        },
        {
            "name": "asciijump",
            "action": "install",
            "id": "5475369",
            "version": "::apt",
            "url": " "
        }
    ]
}
13:37:32 INFO  Started operation: {'creationTime': '2022-07-20T13:37:32.382Z', 'deviceId': '21079878', 'deviceName': 'm32sd10d', 'self': 'https://t493319102.eu-latest.cumulocity.com/devicecontrol/operations/21093582', 'id': '21093582', 'status': 'PENDING', 'description': "Apply software changes, triggered from PySys: [{'action': 'install', 'id': '5475369', 'name': 'asciijump', 'url': ' ', 'version': '::apt'}, {'action': 'install', 'id': '5474869', 'name': 'robotfindskitten', 'url': ' ', 'version': ' '}, {'action': 'install', 'id': '5475279', 'name': 'squirrel3', 'url': ' ', 'version': '3.1-7::apt'}, {'action': 'install', 'id': '5152439', 'name': 'rolldice', 'url': ' ', 'version': '1.16-1+b1'}, {'action': 'install', 'id': '5439204', 'name': 'moon-buggy', 'url': ' ', 'version': '1:1.0.51-12'}, {'action': 'install', 'id': '5475369', 'name': 'asciijump', 'url': ' ', 'version': '::apt'}]", 'c8y_SoftwareUpdate': [{'name': 'asciijump', 'action': 'install', 'id': '5475369', 'version': '::apt', 'url': ' '}, {'name': 'robotfindskitten', 'action': 'install', 'id': '5474869', 'version': ' ', 'url': ' '}, {'name': 'squirrel3', 'action': 'install', 'id': '5475279', 'version': '3.1-7::apt', 'url': ' '}, {'name': 'rolldice', 'action': 'install', 'id': '5152439', 'version': '1.16-1+b1', 'url': ' '}, {'name': 'moon-buggy', 'action': 'install', 'id': '5439204', 'version': '1:1.0.51-12', 'url': ' '}, {'name': 'asciijump', 'action': 'install', 'id': '5475369', 'version': '::apt', 'url': ' '}]}
13:37:34 INFO  State of operation 21093582 : PENDING
13:37:36 INFO  State of operation 21093582 : EXECUTING
13:37:39 INFO  State of operation 21093582 : EXECUTING
13:37:41 INFO  State of operation 21093582 : EXECUTING
13:37:43 INFO  State of operation 21093582 : EXECUTING
13:37:45 INFO  State of operation 21093582 : EXECUTING
13:37:48 INFO  State of operation 21093582 : EXECUTING
13:37:51 INFO  State of operation 21093582 : EXECUTING
13:37:53 INFO  State of operation 21093582 : EXECUTING
13:37:56 INFO  State of operation 21093582 : EXECUTING
13:37:58 INFO  State of operation 21093582 : EXECUTING
13:38:00 INFO  State of operation 21093582 : EXECUTING
13:38:02 INFO  State of operation 21093582 : EXECUTING
13:38:04 INFO  State of operation 21093582 : EXECUTING
13:38:07 INFO  State of operation 21093582 : EXECUTING
13:38:09 INFO  State of operation 21093582 : EXECUTING
13:38:11 INFO  State of operation 21093582 : EXECUTING
13:38:14 INFO  State of operation 21093582 : EXECUTING
13:38:16 INFO  State of operation 21093582 : EXECUTING
13:38:18 INFO  State of operation 21093582 : EXECUTING
13:38:21 INFO  State of operation 21093582 : EXECUTING
13:38:23 INFO  State of operation 21093582 : EXECUTING
13:38:26 INFO  State of operation 21093582 : EXECUTING
13:38:28 INFO  State of operation 21093582 : EXECUTING
13:38:31 INFO  State of operation 21093582 : EXECUTING
13:38:33 INFO  State of operation 21093582 : EXECUTING
13:38:35 INFO  State of operation 21093582 : EXECUTING
13:38:37 INFO  State of operation 21093582 : EXECUTING
13:38:40 INFO  State of operation 21093582 : EXECUTING
13:38:42 INFO  State of operation 21093582 : EXECUTING
13:38:44 INFO  State of operation 21093582 : EXECUTING
13:38:47 INFO  State of operation 21093582 : EXECUTING
13:38:49 INFO  State of operation 21093582 : EXECUTING
13:38:51 INFO  State of operation 21093582 : EXECUTING
13:38:53 INFO  State of operation 21093582 : EXECUTING
13:38:55 INFO  State of operation 21093582 : EXECUTING
13:38:58 INFO  State of operation 21093582 : EXECUTING
13:39:00 INFO  State of operation 21093582 : EXECUTING
13:39:03 INFO  State of operation 21093582 : EXECUTING
13:39:05 INFO  State of operation 21093582 : EXECUTING
13:39:08 INFO  State of operation 21093582 : EXECUTING
13:39:10 INFO  State of operation 21093582 : EXECUTING
13:39:12 INFO  State of operation 21093582 : EXECUTING
13:39:14 INFO  State of operation 21093582 : EXECUTING
13:39:17 INFO  State of operation 21093582 : EXECUTING
13:39:19 INFO  State of operation 21093582 : EXECUTING
13:39:21 INFO  State of operation 21093582 : EXECUTING
13:39:23 INFO  State of operation 21093582 : EXECUTING
13:39:26 INFO  State of operation 21093582 : EXECUTING
13:39:29 INFO  State of operation 21093582 : EXECUTING
13:39:31 INFO  State of operation 21093582 : EXECUTING
13:39:33 INFO  State of operation 21093582 : EXECUTING
13:39:35 INFO  State of operation 21093582 : EXECUTING
13:39:38 INFO  State of operation 21093582 : EXECUTING
13:39:40 INFO  State of operation 21093582 : EXECUTING
13:39:43 INFO  State of operation 21093582 : EXECUTING
13:39:45 INFO  State of operation 21093582 : EXECUTING
13:39:48 INFO  State of operation 21093582 : EXECUTING
13:39:50 INFO  State of operation 21093582 : EXECUTING
13:39:53 INFO  State of operation 21093582 : EXECUTING
13:39:55 INFO  State of operation 21093582 : EXECUTING
13:39:57 WARN  SystemError occurred while running test - Timeout while waiting for status SUCCESSFUL or False
Traceback (most recent call last):
  File "/home/pi/env-pysys/lib/python3.7/site-packages/pysys/baserunner.py", line 1294, in __call__
    self.testObj.execute()
  File "/home/pi/actions-runner/_work/thin-edge.io/thin-edge.io/tests/PySys/software_management_end_to_end/sm_apt_install_remove_multiple_mixed/run.py", line 89, in execute
    self.wait_until_succcess()
  File "/home/pi/actions-runner/_work/thin-edge.io/thin-edge.io/tests/PySys/software_management_end_to_end/environment_sm_management.py", line 324, in wait_until_succcess
    self.wait_until_status("SUCCESSFUL")
  File "/home/pi/actions-runner/_work/thin-edge.io/thin-edge.io/tests/PySys/software_management_end_to_end/environment_sm_management.py", line 381, in wait_until_status
    "Timeout while waiting for status %s or %s" % (status, status2)
SystemError: Timeout while waiting for status SUCCESSFUL or False
13:39:57 WARN  SystemError: Timeout while waiting for status SUCCESSFUL or False ... blocked 
13:39:57 INFO  
13:39:57 INFO  cleanup:
13:40:02 INFO  Executed sudo&lt;tedge_disconnect_c8y&gt;, exit status 0
13:40:03 INFO  Executed systemctl&lt;serv_mapper5&gt;, exit status 3
13:40:03 INFO  
13:40:03 INFO  Test duration: 177.05 secs
13:40:03 INFO  Test final outcome:  BLOCKED
13:40:03 INFO  Test outcome reason: SystemError: Timeout while waiting for status SUCCESSFUL or False
13:40:03 INFO  
</system-out>
	</testcase>
<testcase classname="PySysTest" name="SoftwareManagement.sm_apt_install_remove_multiple_mixed">
		<failure message="BLOCKED: SystemError: Timeout while waiting for status SUCCESSFUL or False (+1 other failures)" type="BLOCKED" />
		<system-out>14:02:52 INFO  ==============================================================
14:02:52 INFO  Id:    SoftwareManagement.sm_apt_install_remove_multiple_mixed
14:02:52 INFO  Dir:   software_management_end_to_end/
14:02:52 INFO  Title: Validate end to end behaviour for the apt plugin for multiple packages with mixed versions
14:02:52 INFO  ==============================================================
14:02:52 INFO  Using sw id database: {'asciijump': '5475369', 'robotfindskitten': '5474869', 'squirrel3': '5475279', 'rolldice': '5152439', 'moon-buggy': '5439204', 'apple': '5495053', 'banana': '5494888', 'cherry': '5495382', 'watermelon': '5494510', 'registry': '8018911', 'hello-world': '8021526', 'docker/getting-started': '8021973', 'alpine': '7991792'}
14:02:52 INFO  EnvironmentC8y Setup
14:02:52 INFO  Executed systemctl&lt;serv_mapper1&gt;, exit status 3
14:02:52 INFO  Restarting mosquitto too frequently in the last 10 seconds. It was only up for 4 seconds
14:02:52 INFO  Delaying execution by 7 seconds
14:03:13 INFO  Executed sudo&lt;tedge_connect_c8y&gt;, exit status 0, duration 13 secs
14:03:14 INFO  Executed sudo&lt;tedge_connect_c8y_test&gt;, exit status 0
14:03:14 INFO  Executed systemctl&lt;serv_mosq2&gt;, exit status 0
14:03:15 INFO  Executed systemctl&lt;serv_mapper3&gt;, exit status 0
14:03:17 INFO  State of current operation: SUCCESSFUL
14:03:17 INFO  Assert that (False == value) with value=False ... passed
14:03:18 INFO  Assert that (False == value) with value=False ... passed
14:03:18 INFO  Assert that (False == value) with value=False ... passed
14:03:18 INFO  Assert that (False == value) with value=False ... passed
14:03:18 INFO  Package moon-buggy is installed
14:03:18 WARN  Assert that (False == value) with value=True ... failed 
14:03:20 INFO  Response status: 201
14:03:20 INFO  Response to action: {
    "creationTime": "2022-07-20T14:03:20.225Z",
    "deviceId": "21079878",
    "deviceName": "m32sd10d",
    "self": "https://t493319102.eu-latest.cumulocity.com/devicecontrol/operations/21093743",
    "id": "21093743",
    "status": "PENDING",
    "description": "Apply software changes, triggered from PySys: [{'action': 'install', 'id': '5475369', 'name': 'asciijump', 'url': ' ', 'version': '::apt'}, {'action': 'install', 'id': '5474869', 'name': 'robotfindskitten', 'url': ' ', 'version': ' '}, {'action': 'install', 'id': '5475279', 'name': 'squirrel3', 'url': ' ', 'version': '3.1-7::apt'}, {'action': 'install', 'id': '5152439', 'name': 'rolldice', 'url': ' ', 'version': '1.16-1+b1'}, {'action': 'install', 'id': '5439204', 'name': 'moon-buggy', 'url': ' ', 'version': '1:1.0.51-12'}, {'action': 'install', 'id': '5475369', 'name': 'asciijump', 'url': ' ', 'version': '::apt'}]",
    "c8y_SoftwareUpdate": [
        {
            "name": "asciijump",
            "action": "install",
            "id": "5475369",
            "version": "::apt",
            "url": " "
        },
        {
            "name": "robotfindskitten",
            "action": "install",
            "id": "5474869",
            "version": " ",
            "url": " "
        },
        {
            "name": "squirrel3",
            "action": "install",
            "id": "5475279",
            "version": "3.1-7::apt",
            "url": " "
        },
        {
            "name": "rolldice",
            "action": "install",
            "id": "5152439",
            "version": "1.16-1+b1",
            "url": " "
        },
        {
            "name": "moon-buggy",
            "action": "install",
            "id": "5439204",
            "version": "1:1.0.51-12",
            "url": " "
        },
        {
            "name": "asciijump",
            "action": "install",
            "id": "5475369",
            "version": "::apt",
            "url": " "
        }
    ]
}
14:03:20 INFO  Started operation: {'creationTime': '2022-07-20T14:03:20.225Z', 'deviceId': '21079878', 'deviceName': 'm32sd10d', 'self': 'https://t493319102.eu-latest.cumulocity.com/devicecontrol/operations/21093743', 'id': '21093743', 'status': 'PENDING', 'description': "Apply software changes, triggered from PySys: [{'action': 'install', 'id': '5475369', 'name': 'asciijump', 'url': ' ', 'version': '::apt'}, {'action': 'install', 'id': '5474869', 'name': 'robotfindskitten', 'url': ' ', 'version': ' '}, {'action': 'install', 'id': '5475279', 'name': 'squirrel3', 'url': ' ', 'version': '3.1-7::apt'}, {'action': 'install', 'id': '5152439', 'name': 'rolldice', 'url': ' ', 'version': '1.16-1+b1'}, {'action': 'install', 'id': '5439204', 'name': 'moon-buggy', 'url': ' ', 'version': '1:1.0.51-12'}, {'action': 'install', 'id': '5475369', 'name': 'asciijump', 'url': ' ', 'version': '::apt'}]", 'c8y_SoftwareUpdate': [{'name': 'asciijump', 'action': 'install', 'id': '5475369', 'version': '::apt', 'url': ' '}, {'name': 'robotfindskitten', 'action': 'install', 'id': '5474869', 'version': ' ', 'url': ' '}, {'name': 'squirrel3', 'action': 'install', 'id': '5475279', 'version': '3.1-7::apt', 'url': ' '}, {'name': 'rolldice', 'action': 'install', 'id': '5152439', 'version': '1.16-1+b1', 'url': ' '}, {'name': 'moon-buggy', 'action': 'install', 'id': '5439204', 'version': '1:1.0.51-12', 'url': ' '}, {'name': 'asciijump', 'action': 'install', 'id': '5475369', 'version': '::apt', 'url': ' '}]}
14:03:22 INFO  State of operation 21093743 : PENDING
14:03:24 INFO  State of operation 21093743 : EXECUTING
14:03:26 INFO  State of operation 21093743 : EXECUTING
14:03:29 INFO  State of operation 21093743 : EXECUTING
14:03:31 INFO  State of operation 21093743 : EXECUTING
14:03:33 INFO  State of operation 21093743 : EXECUTING
14:03:36 INFO  State of operation 21093743 : EXECUTING
14:03:39 INFO  State of operation 21093743 : EXECUTING
14:03:41 INFO  State of operation 21093743 : EXECUTING
14:03:43 INFO  State of operation 21093743 : EXECUTING
14:03:46 INFO  State of operation 21093743 : EXECUTING
14:03:48 INFO  State of operation 21093743 : EXECUTING
14:03:50 INFO  State of operation 21093743 : EXECUTING
14:03:52 INFO  State of operation 21093743 : EXECUTING
14:03:55 INFO  State of operation 21093743 : EXECUTING
14:03:57 INFO  State of operation 21093743 : EXECUTING
14:03:59 INFO  State of operation 21093743 : EXECUTING
14:04:02 INFO  State of operation 21093743 : EXECUTING
14:04:04 INFO  State of operation 21093743 : EXECUTING
14:04:07 INFO  State of operation 21093743 : EXECUTING
14:04:09 INFO  State of operation 21093743 : EXECUTING
14:04:12 INFO  State of operation 21093743 : EXECUTING
14:04:14 INFO  State of operation 21093743 : EXECUTING
14:04:17 INFO  State of operation 21093743 : EXECUTING
14:04:19 INFO  State of operation 21093743 : EXECUTING
14:04:21 INFO  State of operation 21093743 : EXECUTING
14:04:23 INFO  State of operation 21093743 : EXECUTING
14:04:26 INFO  State of operation 21093743 : EXECUTING
14:04:28 INFO  State of operation 21093743 : EXECUTING
14:04:30 INFO  State of operation 21093743 : EXECUTING
14:04:33 INFO  State of operation 21093743 : EXECUTING
14:04:35 INFO  State of operation 21093743 : EXECUTING
14:04:37 INFO  State of operation 21093743 : EXECUTING
14:04:39 INFO  State of operation 21093743 : EXECUTING
14:04:41 INFO  State of operation 21093743 : EXECUTING
14:04:44 INFO  State of operation 21093743 : EXECUTING
14:04:46 INFO  State of operation 21093743 : EXECUTING
14:04:49 INFO  State of operation 21093743 : EXECUTING
14:04:51 INFO  State of operation 21093743 : EXECUTING
14:04:54 INFO  State of operation 21093743 : EXECUTING
14:04:56 INFO  State of operation 21093743 : EXECUTING
14:04:58 INFO  State of operation 21093743 : EXECUTING
14:05:01 INFO  State of operation 21093743 : EXECUTING
14:05:03 INFO  State of operation 21093743 : EXECUTING
14:05:05 INFO  State of operation 21093743 : EXECUTING
14:05:08 INFO  State of operation 21093743 : EXECUTING
14:05:10 INFO  State of operation 21093743 : EXECUTING
14:05:13 INFO  State of operation 21093743 : EXECUTING
14:05:15 INFO  State of operation 21093743 : EXECUTING
14:05:18 INFO  State of operation 21093743 : EXECUTING
14:05:20 INFO  State of operation 21093743 : EXECUTING
14:05:23 INFO  State of operation 21093743 : EXECUTING
14:05:25 INFO  State of operation 21093743 : EXECUTING
14:05:27 INFO  State of operation 21093743 : EXECUTING
14:05:29 INFO  State of operation 21093743 : EXECUTING
14:05:32 INFO  State of operation 21093743 : EXECUTING
14:05:34 INFO  State of operation 21093743 : EXECUTING
14:05:37 INFO  State of operation 21093743 : EXECUTING
14:05:39 INFO  State of operation 21093743 : EXECUTING
14:05:41 INFO  State of operation 21093743 : EXECUTING
14:05:44 INFO  State of operation 21093743 : EXECUTING
14:05:46 WARN  SystemError occurred while running test - Timeout while waiting for status SUCCESSFUL or False
Traceback (most recent call last):
  File "/home/pi/env-pysys/lib/python3.7/site-packages/pysys/baserunner.py", line 1294, in __call__
    self.testObj.execute()
  File "/home/pi/actions-runner/_work/thin-edge.io/thin-edge.io/tests/PySys/software_management_end_to_end/sm_apt_install_remove_multiple_mixed/run.py", line 89, in execute
    self.wait_until_succcess()
  File "/home/pi/actions-runner/_work/thin-edge.io/thin-edge.io/tests/PySys/software_management_end_to_end/environment_sm_management.py", line 324, in wait_until_succcess
    self.wait_until_status("SUCCESSFUL")
  File "/home/pi/actions-runner/_work/thin-edge.io/thin-edge.io/tests/PySys/software_management_end_to_end/environment_sm_management.py", line 381, in wait_until_status
    "Timeout while waiting for status %s or %s" % (status, status2)
SystemError: Timeout while waiting for status SUCCESSFUL or False
14:05:46 WARN  SystemError: Timeout while waiting for status SUCCESSFUL or False ... blocked 
14:05:46 INFO  
14:05:46 INFO  cleanup:
14:05:50 INFO  Executed sudo&lt;tedge_disconnect_c8y&gt;, exit status 0
14:05:50 INFO  Executed systemctl&lt;serv_mapper5&gt;, exit status 3
14:05:50 INFO  
14:05:50 INFO  Test duration: 178.83 secs
14:05:50 INFO  Test final outcome:  BLOCKED
14:05:50 INFO  Test outcome reason: SystemError: Timeout while waiting for status SUCCESSFUL or False (+1 other failures)
14:05:50 INFO  
</system-out>
	</testcase>
</testsuite><testsuite name="SoftwareManagement.sm_apt_install_remove_with_version" tests="3" errors="0" failures="0" skipped="1" time="0"><testcase classname="PySysTest" name="SoftwareManagement.sm_apt_install_remove_with_version">
		<skipped message="SKIPPED: Testing the apt plugin is not supported on this platform.Use parameter -XmyPlatform='container' to enable it" />
		<system-out>13:02:16 INFO  ==============================================================
13:02:16 INFO  Id:    SoftwareManagement.sm_apt_install_remove_with_version
13:02:16 INFO  Dir:   software_management_end_to_end/
13:02:16 INFO  Title: Validate end to end behaviour for the apt plugin for packages with version
13:02:16 INFO  ==============================================================
13:02:16 INFO  Testing the apt plugin is not supported on this platform.Use parameter -XmyPlatform='container' to enable it ... skipped
13:02:16 WARN  Aborted test due to SKIPPED outcome
13:02:16 INFO  
13:02:16 INFO  Test duration: 0.02 secs
13:02:16 INFO  Test final outcome:  SKIPPED
13:02:16 INFO  Test outcome reason: Testing the apt plugin is not supported on this platform.Use parameter -XmyPlatform='container' to enable it
13:02:16 INFO  
</system-out>
	</testcase>
<testcase classname="PySysTest" name="SoftwareManagement.sm_apt_install_remove_with_version" />
<testcase classname="PySysTest" name="SoftwareManagement.sm_apt_install_remove_with_version" />
</testsuite><testsuite name="SoftwareManagement.sm_docker_install_remove_multiple" tests="3" errors="0" failures="0" skipped="1" time="0"><testcase classname="SMDockerInstallRemove" name="SoftwareManagement.sm_docker_install_remove_multiple">
		<skipped message="SKIPPED: Testing the apt plugin is not supported on this platform.Use parameter -XmyPlatform='container' to enable it" />
		<system-out>13:02:16 INFO  ==============================================================
13:02:16 INFO  Id:    SoftwareManagement.sm_docker_install_remove_multiple
13:02:16 INFO  Dir:   software_management_end_to_end/
13:02:16 INFO  Title: Validate end to end behaviour for the docker plugin for multiple docker images with mixed versions
13:02:16 INFO  ==============================================================
13:02:16 INFO  Testing the apt plugin is not supported on this platform.Use parameter -XmyPlatform='container' to enable it ... skipped
13:02:16 WARN  Aborted test due to SKIPPED outcome
13:02:16 INFO  
13:02:16 INFO  Test duration: 0.02 secs
13:02:16 INFO  Test final outcome:  SKIPPED
13:02:16 INFO  Test outcome reason: Testing the apt plugin is not supported on this platform.Use parameter -XmyPlatform='container' to enable it
13:02:16 INFO  
</system-out>
	</testcase>
<testcase classname="SMDockerInstallRemove" name="SoftwareManagement.sm_docker_install_remove_multiple" />
<testcase classname="SMDockerInstallRemove" name="SoftwareManagement.sm_docker_install_remove_multiple" />
</testsuite><testsuite name="SoftwareManagement.sm_fake_install_remove" tests="2" errors="0" failures="0" skipped="1" time="0"><testcase classname="PySysTest" name="SoftwareManagement.sm_fake_install_remove">
		<skipped message="SKIPPED: Testing the fake plugin is not enabled.Use parameter -Xfakeplugin=fakeplugin to enable it" />
		<system-out>13:02:16 INFO  ==============================================================
13:02:16 INFO  Id:    SoftwareManagement.sm_fake_install_remove
13:02:16 INFO  Dir:   software_management_end_to_end/
13:02:16 INFO  Title: Validate end to end behaviour for the dummy plugin for installation and removal of packages
13:02:16 INFO  ==============================================================
13:02:16 INFO  Testing the fake plugin is not enabled.Use parameter -Xfakeplugin=fakeplugin to enable it ... skipped
13:02:16 WARN  Aborted test due to SKIPPED outcome
13:02:16 INFO  
13:02:16 INFO  Test duration: 0.02 secs
13:02:16 INFO  Test final outcome:  SKIPPED
13:02:16 INFO  Test outcome reason: Testing the fake plugin is not enabled.Use parameter -Xfakeplugin=fakeplugin to enable it
13:02:16 INFO  
</system-out>
	</testcase>
<testcase classname="PySysTest" name="SoftwareManagement.sm_fake_install_remove" />
</testsuite><testsuite name="SoftwareManagement.sm_fake_install_remove_multiple" tests="2" errors="0" failures="0" skipped="1" time="0"><testcase classname="PySysTest" name="SoftwareManagement.sm_fake_install_remove_multiple">
		<skipped message="SKIPPED: Testing the fake plugin is not enabled.Use parameter -Xfakeplugin=fakeplugin to enable it" />
		<system-out>13:02:16 INFO  ==============================================================
13:02:16 INFO  Id:    SoftwareManagement.sm_fake_install_remove_multiple
13:02:16 INFO  Dir:   software_management_end_to_end/
13:02:16 INFO  Title: Validate end to end behaviour for the dummy-plugin for multiple packages
13:02:16 INFO  ==============================================================
13:02:16 INFO  Testing the fake plugin is not enabled.Use parameter -Xfakeplugin=fakeplugin to enable it ... skipped
13:02:16 WARN  Aborted test due to SKIPPED outcome
13:02:16 INFO  
13:02:16 INFO  Test duration: 0.02 secs
13:02:16 INFO  Test final outcome:  SKIPPED
13:02:16 INFO  Test outcome reason: Testing the fake plugin is not enabled.Use parameter -Xfakeplugin=fakeplugin to enable it
13:02:16 INFO  
</system-out>
	</testcase>
<testcase classname="PySysTest" name="SoftwareManagement.sm_fake_install_remove_multiple" />
</testsuite><testsuite name="SoftwareManagement.sm_mapper_fail_and_reconnect" tests="2" errors="0" failures="0" skipped="2" time="0"><testcase classname="MapperC8yReceiveLastMessageOnRestart" name="SoftwareManagement.sm_mapper_fail_and_reconnect">
		<skipped message="SKIPPED: instable https://github.com/thin-edge/thin-edge.io/issues/752" />
		<system-out>13:02:16 INFO  ==============================================================
13:02:16 INFO  Id:    SoftwareManagement.sm_mapper_fail_and_reconnect
13:02:16 INFO  Dir:   software_management_end_to_end/
13:02:16 INFO  Title: Validate the tedge-mapper-sm-c8y for receiving the last message on restart
13:02:16 INFO  ==============================================================
13:02:16 INFO  instable https://github.com/thin-edge/thin-edge.io/issues/752 ... skipped
13:02:16 INFO  
13:02:16 INFO  Test duration: 0.02 secs
13:02:16 INFO  Test final outcome:  SKIPPED
13:02:16 INFO  Test outcome reason: instable https://github.com/thin-edge/thin-edge.io/issues/752
13:02:16 INFO  
</system-out>
	</testcase>
<testcase classname="MapperC8yReceiveLastMessageOnRestart" name="SoftwareManagement.sm_mapper_fail_and_reconnect">
		<skipped message="SKIPPED: instable https://github.com/thin-edge/thin-edge.io/issues/752" />
		<system-out>14:12:33 INFO  ==============================================================
14:12:33 INFO  Id:    SoftwareManagement.sm_mapper_fail_and_reconnect
14:12:33 INFO  Dir:   software_management_end_to_end/
14:12:33 INFO  Title: Validate the tedge-mapper-sm-c8y for receiving the last message on restart
14:12:33 INFO  ==============================================================
14:12:33 INFO  instable https://github.com/thin-edge/thin-edge.io/issues/752 ... skipped
14:12:33 INFO  
14:12:33 INFO  Test duration: 0.04 secs
14:12:33 INFO  Test final outcome:  SKIPPED
14:12:33 INFO  Test outcome reason: instable https://github.com/thin-edge/thin-edge.io/issues/752
14:12:33 INFO  
</system-out>
	</testcase>
</testsuite><testsuite name="SoftwareManagement.sm_mixed_install_remove_multiple" tests="2" errors="0" failures="1" skipped="1" time="0"><testcase classname="PySysTest" name="SoftwareManagement.sm_mixed_install_remove_multiple">
		<skipped message="SKIPPED: Testing the fake plugin is not enabled.Use parameter -Xfakeplugin=fakeplugin to enable it" />
		<system-out>13:02:16 INFO  ==============================================================
13:02:16 INFO  Id:    SoftwareManagement.sm_mixed_install_remove_multiple
13:02:16 INFO  Dir:   software_management_end_to_end/
13:02:16 INFO  Title: Validate end to end behaviour for the dummy-plugin for multiple packages with mixed versions
13:02:16 INFO  ==============================================================
13:02:16 INFO  Testing the fake plugin is not enabled.Use parameter -Xfakeplugin=fakeplugin to enable it ... skipped
13:02:16 WARN  Aborted test due to SKIPPED outcome
13:02:16 INFO  
13:02:16 INFO  Test duration: 0.03 secs
13:02:16 INFO  Test final outcome:  SKIPPED
13:02:16 INFO  Test outcome reason: Testing the fake plugin is not enabled.Use parameter -Xfakeplugin=fakeplugin to enable it
13:02:16 INFO  
</system-out>
	</testcase>
<testcase classname="PySysTest" name="SoftwareManagement.sm_mixed_install_remove_multiple">
		<failure message="FAILED: Assert that (False == value) with value=True" type="FAILED" />
		<system-out>14:12:33 INFO  ==============================================================
14:12:33 INFO  Id:    SoftwareManagement.sm_mixed_install_remove_multiple
14:12:33 INFO  Dir:   software_management_end_to_end/
14:12:33 INFO  Title: Validate end to end behaviour for the dummy-plugin for multiple packages with mixed versions
[...]
12:50:42 INFO  Executed sudo&lt;rm_tmp_logs&gt;, exit status 0
12:50:42 INFO  Executed sudo&lt;send_failed&gt;, exit status 0
12:50:43 INFO  Executed sudo&lt;log_file_daemon&gt;, exit status 0
12:50:47 INFO  Executed sudo&lt;tedge_disconnect_c8y&gt;, exit status 0
12:50:48 INFO  Executed systemctl&lt;serv_mapper5&gt;, exit status 3
12:50:48 INFO  
12:50:48 INFO  Test duration: 27.32 secs
12:50:48 INFO  Test final outcome:  BLOCKED
12:50:48 INFO  Test outcome reason: TypeError: 'NoneType' object is not subscriptable
12:50:48 INFO  
</system-out>
	</testcase>
</testsuite><testsuite name="log_request_num_lines" tests="1" errors="0" failures="1" skipped="0" time="0"><testcase classname="LogRequestVerifyNumberOfLines" name="log_request_num_lines">
		<failure message="BLOCKED: TypeError: 'NoneType' object is not subscriptable" type="BLOCKED" />
		<system-out>12:50:48 INFO  ==============================================================
12:50:48 INFO  Id:    log_request_num_lines
12:50:48 INFO  Dir:   log_request_end_to_end/
12:50:48 INFO  Title: Validate end to end behaviour for the log request operation check for number of lines
12:50:48 INFO  ==============================================================
12:50:48 INFO  EnvironmentC8y Setup
12:50:48 INFO  Executed systemctl&lt;serv_mapper1&gt;, exit status 3
12:50:48 INFO  Restarting mosquitto too frequently in the last 10 seconds. It was only up for 4 seconds
12:50:48 INFO  Delaying execution by 7 seconds
12:51:10 INFO  Executed sudo&lt;tedge_connect_c8y&gt;, exit status 0, duration 14 secs
12:51:11 INFO  Executed sudo&lt;tedge_connect_c8y_test&gt;, exit status 0
12:51:11 INFO  Executed systemctl&lt;serv_mosq2&gt;, exit status 0
12:51:12 INFO  Executed systemctl&lt;serv_mapper3&gt;, exit status 0
12:51:12 INFO  Executed sudo&lt;rm_logs&gt;, exit status 0
12:51:13 INFO  Executed sudo&lt;move_logs&gt;, exit status 0
12:51:13 INFO  Executed sudo&lt;log_file_daemon&gt;, exit status 0
12:51:14 WARN  TypeError occurred while running test - 'NoneType' object is not subscriptable
Traceback (most recent call last):
  File "/home/pi/env-pysys/lib/python3.7/site-packages/pysys/baserunner.py", line 1294, in __call__
    self.testObj.execute()
  File "/home/pi/actions-runner/_work/thin-edge.io/thin-edge.io/tests/PySys/log_request_end_to_end/log_request_num_lines/run.py", line 46, in execute
    log_file_request_payload, self.project.deviceid
  File "/home/pi/actions-runner/_work/thin-edge.io/thin-edge.io/tests/PySys/environments/cumulocity.py", line 101, in trigger_log_request
    "deviceId": self.device_fragment["id"],
TypeError: 'NoneType' object is not subscriptable
12:51:14 WARN  TypeError: 'NoneType' object is not subscriptable ... blocked 
12:51:14 INFO  
12:51:14 INFO  cleanup:
12:51:14 INFO  Executed sudo&lt;rm_logs&gt;, exit status 0
12:51:15 INFO  Executed sudo&lt;rm_tmp_logs&gt;, exit status 0
12:51:16 INFO  Executed sudo&lt;send_failed&gt;, exit status 0
12:51:16 INFO  Executed sudo&lt;log_file_daemon&gt;, exit status 0
12:51:20 INFO  Executed sudo&lt;tedge_disconnect_c8y&gt;, exit status 0
12:51:21 INFO  Executed systemctl&lt;serv_mapper5&gt;, exit status 3
12:51:21 INFO  
12:51:21 INFO  Test duration: 32.92 secs
12:51:21 INFO  Test final outcome:  BLOCKED
12:51:21 INFO  Test outcome reason: TypeError: 'NoneType' object is not subscriptable
12:51:21 INFO  
</system-out>
	</testcase>
</testsuite><testsuite name="mapper_awaits_before_reconnect" tests="1" errors="0" failures="1" skipped="0" time="0"><testcase classname="MapperReconnectAwait" name="mapper_awaits_before_reconnect">
		<failure message="FAILED: Line count on tedge_mapper_journal.out for &quot;tedge_mapper::core::mapper: MQTT connection error:&quot; expected &gt;=2 but got 0" type="FAILED" />
		<system-out>13:05:18 INFO  ==============================================================
13:05:18 INFO  Id:    mapper_awaits_before_reconnect
13:05:18 INFO  Dir:   tedge_mapper_c8y/
13:05:18 INFO  Title: Validate mapper doesn't reconnect too often
13:05:18 INFO  ==============================================================
13:05:18 INFO  Started mosquitto_sub with process id 2263
13:05:18 INFO  Waiting for 0.1 seconds
13:05:19 INFO  Executed sudo&lt;tedge_mapper&gt;, exit status 0
13:05:19 INFO  Waiting for 5.0 seconds
13:05:25 INFO  Executed sudo&lt;tedge_mapper&gt;, exit status 0
13:05:27 INFO  Executed sudo&lt;tedge_mapper_journal&gt;, exit status 0
13:05:27 WARN  Grep on tedge_mapper_journal.out contains "ERROR" ... failed [run.py:67]
13:05:27 INFO  Line count on file tedge_mapper_journal.out ... passed
13:05:27 WARN  Line count on tedge_mapper_journal.out for "tedge_mapper::core::mapper: MQTT connection error:" expected &gt;=2 but got 0 ... failed [run.py:78]
13:05:27 WARN  Aborted test due to FAILED outcome
13:05:27 INFO  
13:05:27 INFO  Test duration: 9.17 secs
13:05:27 INFO  Test final outcome:  FAILED
13:05:27 INFO  Test outcome reason: Line count on tedge_mapper_journal.out for "tedge_mapper::core::mapper: MQTT connection error:" expected &gt;=2 but got 0
13:05:27 INFO  
</system-out>
	</testcase>
</testsuite><testsuite name="monitoring_smaller_interval" tests="1" errors="0" failures="1" skipped="0" time="0"><testcase classname="MonitoringSmallInterval" name="monitoring_smaller_interval">
		<failure message="BLOCKED: TypeError: 'int' object is not subscriptable" type="BLOCKED" />
		<system-out>12:52:23 INFO  ==============================================================
12:52:23 INFO  Id:    monitoring_smaller_interval
12:52:23 INFO  Dir:   monitoring/
12:52:23 INFO  Title: Validate the tedge dm agent messages that are produced with smaller sampling interval than the batching window. Here the simulated collectd messages are used
12:52:23 INFO  ==============================================================
12:52:23 INFO  Executed sudo&lt;collectd&gt;, exit status 0
12:52:24 INFO  Executed sudo&lt;collectd_mapper&gt;, exit status 0
12:52:24 INFO  Started sudo&lt;tedge_sub&gt; with process id 30822
12:52:25 INFO  Executed sudo&lt;tedge_temp&gt;, exit status 0
12:52:25 INFO  Executed sudo&lt;tedge_pres&gt;, exit status 0
12:52:26 INFO  Executed sudo&lt;tedge_temp&gt;, exit status 0
12:52:26 INFO  Executed sudo&lt;tedge_pres&gt;, exit status 0
12:52:27 INFO  Executed sudo&lt;tedge_temp&gt;, exit status 0
12:52:27 INFO  Executed sudo&lt;tedge_pres&gt;, exit status 0
12:52:28 INFO  Executed sudo&lt;tedge_temp&gt;, exit status 0
12:52:29 INFO  Executed sudo&lt;tedge_pres&gt;, exit status 0
12:52:29 INFO  Executed sudo&lt;tedge_temp&gt;, exit status 0
12:52:30 INFO  Executed sudo&lt;tedge_pres&gt;, exit status 0
12:52:30 INFO  Executed sudo&lt;tedge_temp&gt;, exit status 0
12:52:31 INFO  Executed sudo&lt;tedge_pres&gt;, exit status 0
12:52:32 INFO  Executed sudo&lt;tedge_temp&gt;, exit status 0
12:52:32 INFO  Executed sudo&lt;tedge_pres&gt;, exit status 0
12:52:33 INFO  Executed sudo&lt;tedge_temp&gt;, exit status 0
12:52:33 INFO  Executed sudo&lt;tedge_pres&gt;, exit status 0
12:52:34 INFO  Executed sudo&lt;tedge_temp&gt;, exit status 0
12:52:34 INFO  Executed sudo&lt;tedge_pres&gt;, exit status 0
12:52:35 INFO  Executed sudo&lt;tedge_temp&gt;, exit status 0
12:52:35 INFO  Executed sudo&lt;tedge_pres&gt;, exit status 0
12:52:37 INFO  Executed sudo&lt;kill_out&gt;, exit status 0
12:52:37 INFO  0

12:52:37 WARN  TypeError occurred while running test - 'int' object is not subscriptable
Traceback (most recent call last):
  File "/home/pi/env-pysys/lib/python3.7/site-packages/pysys/baserunner.py", line 1296, in __call__
    self.testObj.validate()
  File "/home/pi/actions-runner/_work/thin-edge.io/thin-edge.io/tests/PySys/monitoring/monitoring_smaller_interval/run.py", line 104, in validate
    collectd_msg_validation_result=self.validate_json(),
  File "/home/pi/actions-runner/_work/thin-edge.io/thin-edge.io/tests/PySys/monitoring/monitoring_smaller_interval/run.py", line 114, in validate_json
    if not self.validate_time():
  File "/home/pi/actions-runner/_work/thin-edge.io/thin-edge.io/tests/PySys/monitoring/monitoring_smaller_interval/run.py", line 134, in validate_time
    if self.js_msg["time"]:
TypeError: 'int' object is not subscriptable
12:52:37 WARN  TypeError: 'int' object is not subscriptable ... blocked 
12:52:37 INFO  
12:52:37 INFO  cleanup:
12:52:37 INFO  monitoring_cleanup
12:52:38 INFO  Executed sudo&lt;collectd_mapper&gt;, exit status 0
12:52:38 INFO  
12:52:38 INFO  Test duration: 14.85 secs
12:52:38 INFO  Test final outcome:  BLOCKED
12:52:38 INFO  Test outcome reason: TypeError: 'int' object is not subscriptable
12:52:38 INFO  
</system-out>
	</testcase>
</testsuite><testsuite name="monitoring_with_collectd" tests="1" errors="0" failures="0" skipped="1" time="0"><testcase classname="MonitoringWithCollectd" name="monitoring_with_collectd">
		<skipped message="SKIPPED: Test execution disabled due to #792 (instable)" />
		<system-out>12:52:38 INFO  ==============================================================
12:52:38 INFO  Id:    monitoring_with_collectd
12:52:38 INFO  Dir:   monitoring/
12:52:38 INFO  Title: Validate tedge dm agent messages that are produced by batching the collectd messages
12:52:38 INFO  ==============================================================
12:52:38 INFO  Test execution disabled due to #792 (instable) ... skipped
12:52:38 INFO  
12:52:38 INFO  Test duration: 0.04 secs
12:52:38 INFO  Test final outcome:  SKIPPED
12:52:38 INFO  Test outcome reason: Test execution disabled due to #792 (instable)
12:52:38 INFO  
</system-out>
	</testcase>
</testsuite><testsuite name="monitoring_with_simulated_messages" tests="1" errors="0" failures="1" skipped="0" time="0"><testcase classname="MonitoringWithSimulatedMessages" name="monitoring_with_simulated_messages">
		<failure message="BLOCKED: TypeError: 'int' object is not subscriptable" type="BLOCKED" />
		<system-out>12:52:38 INFO  ==============================================================
12:52:38 INFO  Id:    monitoring_with_simulated_messages
12:52:38 INFO  Dir:   monitoring/
12:52:38 INFO  Title: Validate the tedge dm agent messages that are produced from the simulated collectd messages
12:52:38 INFO  ==============================================================
12:52:38 INFO  Executed sudo&lt;collectd&gt;, exit status 0
12:52:39 INFO  Executed sudo&lt;collectd_mapper&gt;, exit status 0
12:52:39 INFO  Started sudo&lt;tedge_sub&gt; with process id 30896
12:52:40 INFO  Executed sudo&lt;tedge_temp&gt;, exit status 0
12:52:40 INFO  Executed sudo&lt;tedge_pres&gt;, exit status 0
12:52:42 INFO  Executed sudo&lt;kill_out&gt;, exit status 0
12:52:42 INFO  0

12:52:42 WARN  TypeError occurred while running test - 'int' object is not subscriptable
Traceback (most recent call last):
  File "/home/pi/env-pysys/lib/python3.7/site-packages/pysys/baserunner.py", line 1296, in __call__
    self.testObj.validate()
  File "/home/pi/actions-runner/_work/thin-edge.io/thin-edge.io/tests/PySys/monitoring/monitoring_with_simulated_messages/run.py", line 98, in validate
    collectd_msg_validation_result=self.validate_json(),
  File "/home/pi/actions-runner/_work/thin-edge.io/thin-edge.io/tests/PySys/monitoring/monitoring_with_simulated_messages/run.py", line 108, in validate_json
    if not self.validate_time():
  File "/home/pi/actions-runner/_work/thin-edge.io/thin-edge.io/tests/PySys/monitoring/monitoring_with_simulated_messages/run.py", line 127, in validate_time
    if self.js_msg["time"]:
TypeError: 'int' object is not subscriptable
12:52:42 WARN  TypeError: 'int' object is not subscriptable ... blocked 
12:52:42 INFO  
12:52:42 INFO  cleanup:
12:52:42 INFO  monitoring_cleanup
12:52:42 INFO  Executed sudo&lt;collectd_mapper&gt;, exit status 0
12:52:42 INFO  
12:52:42 INFO  Test duration: 4.49 secs
12:52:42 INFO  Test final outcome:  BLOCKED
12:52:42 INFO  Test outcome reason: TypeError: 'int' object is not subscriptable
12:52:42 INFO  
</system-out>
	</testcase>
</testsuite><testsuite name="mqtt_port_change_connection_fails" tests="1" errors="0" failures="0" skipped="0" time="0"><testcase classname="MqttPortChangeConnectionFails" name="mqtt_port_change_connection_fails" />
</testsuite><testsuite name="mqtt_port_change_connection_works" tests="1" errors="0" failures="0" skipped="1" time="0"><testcase classname="MqttPortChangeConnectionWorks" name="mqtt_port_change_connection_works">
		<skipped message="SKIPPED: failing intermitently" />
		<system-out>12:51:56 INFO  ==============================================================
12:51:56 INFO  Id:    mqtt_port_change_connection_works
12:51:56 INFO  Dir:   misc_features/
12:51:56 INFO  Title: mqtt port change connection works for all the thin-edge services that use the mosquitto broker
12:51:56 INFO  ==============================================================
12:51:56 INFO  failing intermitently ... skipped
12:51:56 INFO  
12:51:56 INFO  Test duration: 0.03 secs
12:51:56 INFO  Test final outcome:  SKIPPED
12:51:56 INFO  Test outcome reason: failing intermitently
12:51:56 INFO  
</system-out>
	</testcase>
</testsuite><testsuite name="publish_flux" tests="1" errors="0" failures="0" skipped="0" time="0"><testcase classname="PublishFlux" name="publish_flux" />
</testsuite><testsuite name="publish_sawmill" tests="1" errors="0" failures="0" skipped="0" time="0"><testcase classname="PublishSawmill" name="publish_sawmill" />
</testsuite><testsuite name="runtime_start_two_mappers" tests="1" errors="0" failures="0" skipped="0" time="0"><testcase classname="RuntimeMultiMappers" name="runtime_start_two_mappers" />
</testsuite><testsuite name="sm_tedge_mapper_init_session" tests="1" errors="0" failures="0" skipped="0" time="0"><testcase classname="TedgeSMMapperInitSession" name="sm_tedge_mapper_init_session" />
</testsuite><testsuite name="smoketest_json" tests="1" errors="0" failures="0" skipped="0" time="0"><testcase classname="SmokeTestJson" name="smoketest_json" />
</testsuite><testsuite name="smoketest_json_400_samples_10ms" tests="1" errors="0" failures="0" skipped="0" time="0"><testcase classname="SmoketestJson400Samples10ms" name="smoketest_json_400_samples_10ms" />
</testsuite><testsuite name="smoketest_json_400_samples_20ms" tests="1" errors="0" failures="0" skipped="0" time="0"><testcase classname="SmoketestJson400Samples20ms" name="smoketest_json_400_samples_20ms" />
</testsuite><testsuite name="smoketest_smartrest" tests="1" errors="0" failures="0" skipped="0" time="0"><testcase classname="SmoketestSmartRest" name="smoketest_smartrest" />
</testsuite><testsuite name="smoketest_smartrest_400_samples_1Xms" tests="1" errors="0" failures="0" skipped="0" time="0"><testcase classname="SmoketestSmartRest400Samples1Xms" name="smoketest_smartrest_400_samples_1Xms" />
</testsuite><testsuite name="smoketest_smartrest_400_samples_20ms" tests="1" errors="0" failures="0" skipped="0" time="0"><testcase classname="SmoketestSmartRest400Samples20ms" name="smoketest_smartrest_400_samples_20ms" />
</testsuite><testsuite name="tedge_agent_user_sudo_access" tests="1" errors="0" failures="0" skipped="1" time="0"><testcase classname="TedgeAgentUserSudoAccess" name="tedge_agent_user_sudo_access">
		<skipped message="SKIPPED: #955 Observation: Exit code of the apt plugin when called with no arguments" />
		<system-out>13:02:43 INFO  ==============================================================
13:02:43 INFO  Id:    tedge_agent_user_sudo_access
13:02:43 INFO  Dir:   tedge/
13:02:43 INFO  Title: Validate tedge-agent user has a limited sudo right
13:02:43 INFO  ==============================================================
13:02:43 INFO  #955 Observation: Exit code of the apt plugin when called with no arguments ... skipped
13:02:43 INFO  
13:02:43 INFO  Test duration: 0.02 secs
13:02:43 INFO  Test final outcome:  SKIPPED
13:02:43 INFO  Test outcome reason: #955 Observation: Exit code of the apt plugin when called with no arguments
13:02:43 INFO  
</system-out>
	</testcase>
</testsuite><testsuite name="tedge_connect_test_negative" tests="1" errors="0" failures="0" skipped="0" time="0"><testcase classname="TedgeConnectTestNegative" name="tedge_connect_test_negative" />
</testsuite><testsuite name="tedge_connect_test_positive" tests="1" errors="0" failures="0" skipped="0" time="0"><testcase classname="TedgeConnectTestPositive" name="tedge_connect_test_positive" />
</testsuite><testsuite name="tedge_connect_test_sm_services" tests="1" errors="0" failures="0" skipped="0" time="0"><testcase classname="TedgeConnectTestSMServices" name="tedge_connect_test_sm_services" />
</testsuite><testsuite name="tedge_disconnect_test_sm_services" tests="1" errors="0" failures="0" skipped="0" time="0"><testcase classname="TedgeDisConnectTestSMServices" name="tedge_disconnect_test_sm_services" />
</testsuite><testsuite name="tedge_mapper_az_negative" tests="1" errors="0" failures="0" skipped="0" time="0"><testcase classname="TedgeMapperAzError" name="tedge_mapper_az_negative" />
</testsuite><testsuite name="tedge_mapper_az_with_timestamp" tests="1" errors="0" failures="0" skipped="0" time="0"><testcase classname="TedgeMapperAzWithTimestamp" name="tedge_mapper_az_with_timestamp" />
</testsuite><testsuite name="tedge_mapper_az_without_timestamp" tests="1" errors="0" failures="0" skipped="0" time="0"><testcase classname="TedgeMapperAzWithoutTimestamp" name="tedge_mapper_az_without_timestamp" />
</testsuite><testsuite name="tedge_mapper_c8y_alarms" tests="1" errors="0" failures="0" skipped="0" time="0"><testcase classname="TedgeMapperC8yAlarm" name="tedge_mapper_c8y_alarms" />
</testsuite><testsuite name="tedge_mapper_c8y_child_device_measurement" tests="1" errors="0" failures="0" skipped="0" time="0"><testcase classname="TedgeMapperC8yChildDevice" name="tedge_mapper_c8y_child_device_measurement" />
</testsuite><testsuite name="tedge_mapper_c8y_packet_threshold_size" tests="1" errors="0" failures="1" skipped="0" time="0"><testcase classname="TedgeMapperC8yThresholdPacketSize" name="tedge_mapper_c8y_packet_threshold_size">
		<failure message="FAILED: Grep on tedge_sub.out contains &quot;The size of the message received on tedge/measurements is 20489 which is greater than the threshold size of 16184.&quot;" type="FAILED" />
		<system-out>13:07:06 INFO  ==============================================================
13:07:06 INFO  Id:    tedge_mapper_c8y_packet_threshold_size
13:07:06 INFO  Dir:   tedge_mapper_c8y/
13:07:06 INFO  Title: Validate the Cumulocity Mapper accepted threshold packet size when it receives a message on tedge/measurements
13:07:06 INFO  ==============================================================
13:07:07 INFO  Executed sudo&lt;tedge_mapper_c8y&gt;, exit status 0
13:07:07 INFO  Started sudo&lt;tedge_sub&gt; with process id 2863
13:07:07 INFO  Executed sudo&lt;tedge_msg&gt;, exit status 0
13:07:08 INFO  Executed sudo&lt;tedge_pub&gt;, exit status 0
13:07:09 INFO  Executed sudo&lt;kill_out&gt;, exit status 0
13:07:09 WARN  Grep on tedge_sub.out contains "The size of the message received on tedge/measurements is 20489 which is greater than the threshold size of 16184." ... failed [run.py:88]
13:07:09 INFO  
13:07:09 INFO  cleanup:
13:07:09 INFO  mapper_cleanup
13:07:09 INFO  Executed sudo&lt;tedge_mapper_c8y&gt;, exit status 0
13:07:09 INFO  
13:07:09 INFO  Test duration: 3.00 secs
13:07:09 INFO  Test final outcome:  FAILED
13:07:09 INFO  Test outcome reason: Grep on tedge_sub.out contains "The size of the message received on tedge/measurements is 20489 which is greater than the threshold size of 16184."
13:07:09 INFO  
</system-out>
	</testcase>
</testsuite><testsuite name="tedge_software_update" tests="1" errors="0" failures="0" skipped="0" time="0"><testcase classname="PySysTest" name="tedge_software_update" />
</testsuite><testsuite name="valid_device_id" tests="1" errors="0" failures="0" skipped="0" time="0"><testcase classname="ValidateValidDeviceId" name="valid_device_id" />
</testsuite></testsuites>