<?xml version='1.0' encoding='utf-8'?>
<testsuites tests="139" failures="17" errors="0" skipped="45" time="0.0"><testsuite name="SoftwareManagement.Plugin.apama_plugin_install" tests="3" errors="0" failures="0" skipped="1" time="0"><testcase classname="ApamaPluginInstallTest" name="SoftwareManagement.Plugin.apama_plugin_install">
		<skipped message="SKIPPED: Apama plugin tests are disabled by default. Execute `pysys run` with `-XmyPlatform=container` to run these tests" />
		<system-out>21:15:08 INFO  ==============================================================
21:15:08 INFO  Id:    SoftwareManagement.Plugin.apama_plugin_install
21:15:08 INFO  Dir:   plugin_apama/
21:15:08 INFO  Title: Validate apama plugin install
21:15:08 INFO  ==============================================================
21:15:08 INFO  Apama plugin tests are disabled by default. Execute `pysys run` with `-XmyPlatform=container` to run these tests ... skipped
21:15:08 WARN  Aborted test due to SKIPPED outcome
21:15:08 INFO  
21:15:08 INFO  Test duration: 0.08 secs
21:15:08 INFO  Test final outcome:  SKIPPED
21:15:08 INFO  Test outcome reason: Apama plugin tests are disabled by default. Execute `pysys run` with `-XmyPlatform=container` to run these tests
21:15:08 INFO  
</system-out>
	</testcase>
<testcase classname="ApamaPluginInstallTest" name="SoftwareManagement.Plugin.apama_plugin_install" />
<testcase classname="ApamaPluginInstallTest" name="SoftwareManagement.Plugin.apama_plugin_install" />
</testsuite><testsuite name="SoftwareManagement.Plugin.apama_plugin_mon_support" tests="3" errors="0" failures="0" skipped="1" time="0"><testcase classname="ApamaPluginMonSupportTest" name="SoftwareManagement.Plugin.apama_plugin_mon_support">
		<skipped message="SKIPPED: Apama plugin tests are disabled by default. Execute `pysys run` with `-XmyPlatform=container` to run these tests" />
		<system-out>21:15:08 INFO  ==============================================================
21:15:08 INFO  Id:    SoftwareManagement.Plugin.apama_plugin_mon_support
21:15:08 INFO  Dir:   plugin_apama/
21:15:08 INFO  Title: Validate mon file support of apama plugin
21:15:08 INFO  ==============================================================
21:15:08 INFO  Apama plugin tests are disabled by default. Execute `pysys run` with `-XmyPlatform=container` to run these tests ... skipped
21:15:08 WARN  Aborted test due to SKIPPED outcome
21:15:08 INFO  
21:15:08 INFO  Test duration: 0.02 secs
21:15:08 INFO  Test final outcome:  SKIPPED
21:15:08 INFO  Test outcome reason: Apama plugin tests are disabled by default. Execute `pysys run` with `-XmyPlatform=container` to run these tests
21:15:08 INFO  
</system-out>
	</testcase>
<testcase classname="ApamaPluginMonSupportTest" name="SoftwareManagement.Plugin.apama_plugin_mon_support" />
<testcase classname="ApamaPluginMonSupportTest" name="SoftwareManagement.Plugin.apama_plugin_mon_support" />
</testsuite><testsuite name="SoftwareManagement.Plugin.apama_plugin_remove" tests="3" errors="0" failures="0" skipped="1" time="0"><testcase classname="ApamaPluginRemoveTest" name="SoftwareManagement.Plugin.apama_plugin_remove">
		<skipped message="SKIPPED: Apama plugin tests are disabled by default. Execute `pysys run` with `-XmyPlatform=container` to run these tests" />
		<system-out>21:15:08 INFO  ==============================================================
21:15:08 INFO  Id:    SoftwareManagement.Plugin.apama_plugin_remove
21:15:08 INFO  Dir:   plugin_apama/
21:15:08 INFO  Title: Validate apama plugin remove
21:15:08 INFO  ==============================================================
21:15:08 INFO  Apama plugin tests are disabled by default. Execute `pysys run` with `-XmyPlatform=container` to run these tests ... skipped
21:15:08 WARN  Aborted test due to SKIPPED outcome
21:15:08 INFO  
21:15:08 INFO  Test duration: 0.02 secs
21:15:08 INFO  Test final outcome:  SKIPPED
21:15:08 INFO  Test outcome reason: Apama plugin tests are disabled by default. Execute `pysys run` with `-XmyPlatform=container` to run these tests
21:15:08 INFO  
</system-out>
	</testcase>
<testcase classname="ApamaPluginRemoveTest" name="SoftwareManagement.Plugin.apama_plugin_remove" />
<testcase classname="ApamaPluginRemoveTest" name="SoftwareManagement.Plugin.apama_plugin_remove" />
</testsuite><testsuite name="SoftwareManagement.Plugin.apama_plugin_update" tests="3" errors="0" failures="2" skipped="1" time="0"><testcase classname="ApamaPluginUpdateTest" name="SoftwareManagement.Plugin.apama_plugin_update">
		<skipped message="SKIPPED: Apama plugin tests are disabled by default. Execute `pysys run` with `-XmyPlatform=container` to run these tests" />
		<system-out>21:15:08 INFO  ==============================================================
21:15:08 INFO  Id:    SoftwareManagement.Plugin.apama_plugin_update
21:15:08 INFO  Dir:   plugin_apama/
21:15:08 INFO  Title: Validate apama plugin updating one project with another
21:15:08 INFO  ==============================================================
21:15:08 INFO  Apama plugin tests are disabled by default. Execute `pysys run` with `-XmyPlatform=container` to run these tests ... skipped
21:15:08 WARN  Aborted test due to SKIPPED outcome
21:15:08 INFO  
21:15:08 INFO  Test duration: 0.02 secs
21:15:08 INFO  Test final outcome:  SKIPPED
21:15:08 INFO  Test outcome reason: Apama plugin tests are disabled by default. Execute `pysys run` with `-XmyPlatform=container` to run these tests
21:15:08 INFO  
</system-out>
	</testcase>
<testcase classname="ApamaPluginUpdateTest" name="SoftwareManagement.Plugin.apama_plugin_update">
		<failure message="BLOCKED: sudo&lt;plugin_install&gt; returned non-zero exit code 2" type="BLOCKED" />
		<system-out>22:06:19 INFO  ==============================================================
22:06:19 INFO  Id:    SoftwareManagement.Plugin.apama_plugin_update
22:06:19 INFO  Dir:   plugin_apama/
22:06:19 INFO  Title: Validate apama plugin updating one project with another
22:06:19 INFO  ==============================================================
22:06:19 INFO  Assertion that path exists=False for "/etc/tedge/apama/project" ... passed
22:06:20 INFO  Executed sudo&lt;create_project_dir&gt;, exit status 0
22:06:20 INFO  Executed sudo&lt;unzip_apama_project&gt;, exit status 0
22:06:21 INFO  Executed sudo&lt;move_apama_project&gt;, exit status 0
22:06:22 INFO  Executed sudo&lt;restart_apama_service&gt;, exit status 0
22:06:23 INFO  Executed sudo&lt;apama_correlator_wait&gt;, exit status 0
22:06:23 INFO  Assertion that path exists=True for "/etc/tedge/apama/project" ... passed
22:06:24 INFO  Executed sudo&lt;apama_list_monitors&gt;, exit status 0
22:06:24 INFO  Grep on file /home/pi/actions-runner/_work/thin-edge.io/thin-edge.io/tests/PySys/plugin_apama/apama_plugin_update/Output/linux/apama_list_monitors.out ... passed
22:06:24 WARN  Executed sudo&lt;plugin_install&gt;, exit status 2
22:06:24 INFO  Contents of plugin_install.err: 
  ERROR: Directory not empty (os error 39)
  -----

22:06:24 WARN  sudo&lt;plugin_install&gt; returned non-zero exit code 2 ... blocked [run.py:35]
22:06:24 WARN  Aborted test due to BLOCKED outcome
22:06:24 INFO  
22:06:24 INFO  cleanup:
22:06:24 INFO  Removing apama project
22:06:40 INFO  Executed sudo&lt;stop_apama_service&gt;, exit status 0, duration 16 secs
22:06:41 INFO  Executed sudo&lt;remove_apama_project&gt;, exit status 0
22:06:41 INFO  Executed sudo&lt;remove_apama_tmp_dir&gt;, exit status 0
22:06:41 INFO  
22:06:41 INFO  Test duration: 22.32 secs
22:06:41 INFO  Test final outcome:  BLOCKED
22:06:41 INFO  Test outcome reason: sudo&lt;plugin_install&gt; returned non-zero exit code 2
22:06:41 INFO  
</system-out>
	</testcase>
<testcase classname="ApamaPluginUpdateTest" name="SoftwareManagement.Plugin.apama_plugin_update">
		<failure message="BLOCKED: sudo&lt;plugin_install&gt; returned non-zero exit code 2" type="BLOCKED" />
		<system-out>22:15:00 INFO  ==============================================================
22:15:00 INFO  Id:    SoftwareManagement.Plugin.apama_plugin_update
22:15:00 INFO  Dir:   plugin_apama/
22:15:00 INFO  Title: Validate apama plugin updating one project with another
22:15:00 INFO  ==============================================================
22:15:00 INFO  Assertion that path exists=False for "/etc/tedge/apama/project" ... passed
22:15:01 INFO  Executed sudo&lt;create_project_dir&gt;, exit status 0
22:15:01 INFO  Executed sudo&lt;unzip_apama_project&gt;, exit status 0
22:15:02 INFO  Executed sudo&lt;move_apama_project&gt;, exit status 0
22:15:03 INFO  Executed sudo&lt;restart_apama_service&gt;, exit status 0
22:15:04 INFO  Executed sudo&lt;apama_correlator_wait&gt;, exit status 0
22:15:04 INFO  Assertion that path exists=True for "/etc/tedge/apama/project" ... passed
22:15:04 INFO  Executed sudo&lt;apama_list_monitors&gt;, exit status 0
22:15:04 INFO  Grep on file /home/pi/actions-runner/_work/thin-edge.io/thin-edge.io/tests/PySys/plugin_apama/apama_plugin_update/Output/linux/apama_list_monitors.out ... passed
22:15:05 WARN  Executed sudo&lt;plugin_install&gt;, exit status 2
22:15:05 INFO  Contents of plugin_install.err: 
  ERROR: Directory not empty (os error 39)
  -----

22:15:05 WARN  sudo&lt;plugin_install&gt; returned non-zero exit code 2 ... blocked [run.py:35]
22:15:05 WARN  Aborted test due to BLOCKED outcome
22:15:05 INFO  
22:15:05 INFO  cleanup:
22:15:05 INFO  Removing apama project
22:15:21 INFO  Executed sudo&lt;stop_apama_service&gt;, exit status 0, duration 15 secs
22:15:21 INFO  Executed sudo&lt;remove_apama_project&gt;, exit status 0
22:15:22 INFO  Executed sudo&lt;remove_apama_tmp_dir&gt;, exit status 0
22:15:22 INFO  
22:15:22 INFO  Test duration: 21.48 secs
22:15:22 INFO  Test final outcome:  BLOCKED
22:15:22 INFO  Test outcome reason: sudo&lt;plugin_install&gt; returned non-zero exit code 2
22:15:22 INFO  
</system-out>
	</testcase>
</testsuite><testsuite name="SoftwareManagement.sm_apt_install_download_path" tests="3" errors="0" failures="2" skipped="1" time="0"><testcase classname="AptInstallWithDownloadPath" name="SoftwareManagement.sm_apt_install_download_path">
		<skipped message="SKIPPED: Testing the apt plugin is not supported on this platform.Use parameter -XmyPlatform='container' to enable it" />
		<system-out>21:24:45 INFO  ==============================================================
21:24:45 INFO  Id:    SoftwareManagement.sm_apt_install_download_path
21:24:45 INFO  Dir:   software_management_end_to_end/
21:24:45 INFO  Title: Install package to directory specified in tedge config set tmp.path
21:24:45 INFO  ==============================================================
21:24:45 INFO  Testing the apt plugin is not supported on this platform.Use parameter -XmyPlatform='container' to enable it ... skipped
21:24:45 WARN  Aborted test due to SKIPPED outcome
21:24:45 INFO  
21:24:45 INFO  Test duration: 0.06 secs
21:24:45 INFO  Test final outcome:  SKIPPED
21:24:45 INFO  Test outcome reason: Testing the apt plugin is not supported on this platform.Use parameter -XmyPlatform='container' to enable it
21:24:45 INFO  
</system-out>
	</testcase>
<testcase classname="AptInstallWithDownloadPath" name="SoftwareManagement.sm_apt_install_download_path">
		<failure message="BLOCKED: AssertionError:" type="BLOCKED" />
		<system-out>21:48:11 INFO  ==============================================================
21:48:11 INFO  Id:    SoftwareManagement.sm_apt_install_download_path
21:48:11 INFO  Dir:   software_management_end_to_end/
21:48:11 INFO  Title: Install package to directory specified in tedge config set tmp.path
21:48:11 INFO  ==============================================================
21:48:11 INFO  Using sw id database: {'asciijump': '5475369', 'robotfindskitten': '5474869', 'squirrel3': '5475279', 'rolldice': '5152439', 'moon-buggy': '5439204', 'apple': '5495053', 'banana': '5494888', 'cherry': '5495382', 'watermelon': '5494510', 'registry': '8018911', 'hello-world': '8021526', 'docker/getting-started': '8021973', 'alpine': '7991792'}
21:48:11 INFO  EnvironmentC8y Setup
21:48:12 INFO  Executed systemctl&lt;serv_mapper1&gt;, exit status 3
21:48:26 INFO  Executed sudo&lt;tedge_connect_c8y&gt;, exit status 0, duration 13 secs
21:48:28 INFO  Executed sudo&lt;tedge_connect_c8y_test&gt;, exit status 0
21:48:29 INFO  Executed systemctl&lt;serv_mosq2&gt;, exit status 0
21:48:29 INFO  Executed systemctl&lt;serv_mapper3&gt;, exit status 0
21:48:32 INFO  State of current operation: SUCCESSFUL
21:48:32 INFO  Assert that (False == value) with value=False ... passed
21:48:32 INFO  Executed sudo, exit status 0
21:48:33 INFO  Executed sudo, exit status 0
21:48:33 INFO  Executed sudo, exit status 0
21:48:37 INFO  Executed sudo&lt;tedge_disconnect_c8y&gt;, exit status 0
21:48:37 INFO  Restarting mosquitto too frequently in the last 10 seconds. It was only up for 3 seconds
21:48:37 INFO  Delaying execution by 8 seconds
21:48:59 INFO  Executed sudo&lt;tedge_connect_c8y&gt;, exit status 0, duration 14 secs
21:49:00 INFO  Response status: 201
21:49:00 INFO  Response to action: {
    "creationTime": "2022-07-21T21:49:00.134Z",
    "deviceId": "21166555",
    "deviceName": "m32sd10d",
    "self": "https://t493319102.eu-latest.cumulocity.com/devicecontrol/operations/21191863",
    "id": "21191863",
    "status": "PENDING",
    "description": "Apply software changes, triggered from PySys: [{'name': 'rolldice', 'id': '5152439', 'version': '::apt', 'url': 'https://thin-edge-io.eu-latest.cumulocity.com/inventory/binaries/12435463', 'action': 'install'}]",
    "c8y_SoftwareUpdate": [
        {
            "name": "rolldice",
            "action": "install",
            "id": "5152439",
            "version": "::apt",
            "url": "https://thin-edge-io.eu-latest.cumulocity.com/inventory/binaries/12435463"
        }
    ]
}
21:49:00 INFO  Started operation: {'creationTime': '2022-07-21T21:49:00.134Z', 'deviceId': '21166555', 'deviceName': 'm32sd10d', 'self': 'https://t493319102.eu-latest.cumulocity.com/devicecontrol/operations/21191863', 'id': '21191863', 'status': 'PENDING', 'description': "Apply software changes, triggered from PySys: [{'name': 'rolldice', 'id': '5152439', 'version': '::apt', 'url': 'https://thin-edge-io.eu-latest.cumulocity.com/inventory/binaries/12435463', 'action': 'install'}]", 'c8y_SoftwareUpdate': [{'name': 'rolldice', 'action': 'install', 'id': '5152439', 'version': '::apt', 'url': 'https://thin-edge-io.eu-latest.cumulocity.com/inventory/binaries/12435463'}]}
21:49:00 WARN  , retrying in 0.5 seconds...
21:49:00 WARN  , retrying in 0.5 seconds...
21:49:01 WARN  , retrying in 0.5 seconds...
21:49:01 WARN  , retrying in 0.5 seconds...
21:49:02 WARN  , retrying in 0.5 seconds...
21:49:02 WARN  , retrying in 0.5 seconds...
21:49:03 WARN  , retrying in 0.5 seconds...
21:49:03 WARN  , retrying in 0.5 seconds...
21:49:04 WARN  , retrying in 0.5 seconds...
21:49:04 WARN  AssertionError occurred while running test - 
Traceback (most recent call last):
  File "/home/pi/env-pysys/lib/python3.7/site-packages/pysys/baserunner.py", line 1294, in __call__
    self.testObj.execute()
  File "/home/pi/actions-runner/_work/thin-edge.io/thin-edge.io/tests/PySys/software_management_end_to_end/sm_apt_install_download_path/run.py", line 83, in execute
    assert_install_in_download_path(install_directory=self.DOWNLOAD_DIR)
  File "/home/pi/env-pysys/lib/python3.7/site-packages/decorator.py", line 232, in fun
    return caller(func, *(extras + args), **kw)
  File "/home/pi/env-pysys/lib/python3.7/site-packages/retry/api.py", line 74, in retry_decorator
    logger)
  File "/home/pi/env-pysys/lib/python3.7/site-packages/retry/api.py", line 33, in __retry_internal
    return f()
  File "/home/pi/actions-runner/_work/thin-edge.io/thin-edge.io/tests/PySys/software_management_end_to_end/sm_apt_install_download_path/run.py", line 28, in assert_install_in_download_path
    assert "rolldice" in os.listdir(f"{install_directory}")
AssertionError
21:49:05 WARN  AssertionError: ... blocked 
21:49:05 INFO  
21:49:05 INFO  cleanup:
21:49:05 INFO  Executed sudo, exit status 0
21:49:06 INFO  Executed sudo, exit status 0
21:49:10 INFO  Executed sudo&lt;tedge_disconnect_c8y&gt;, exit status 0
21:49:10 INFO  Restarting mosquitto too frequently in the last 10 seconds. It was only up for 3 seconds
21:49:10 INFO  Delaying execution by 8 seconds
21:49:32 INFO  Executed sudo&lt;tedge_connect_c8y&gt;, exit status 0, duration 13 secs
21:49:36 INFO  Executed sudo&lt;tedge_disconnect_c8y&gt;, exit status 0
21:49:37 INFO  Executed systemctl&lt;serv_mapper5&gt;, exit status 3
21:49:37 INFO  
21:49:37 INFO  Test duration: 85.94 secs
21:49:37 INFO  Test final outcome:  BLOCKED
21:49:37 INFO  Test outcome reason: AssertionError:
21:49:37 INFO  
</system-out>
	</testcase>
<testcase classname="AptInstallWithDownloadPath" name="SoftwareManagement.sm_apt_install_download_path">
		<failure message="BLOCKED: AssertionError:" type="BLOCKED" />
		<system-out>22:15:22 INFO  ==============================================================
22:15:22 INFO  Id:    SoftwareManagement.sm_apt_install_download_path
22:15:22 INFO  Dir:   software_management_end_to_end/
22:15:22 INFO  Title: Install package to directory specified in tedge config set tmp.path
22:15:22 INFO  ==============================================================
22:15:23 INFO  Using sw id database: {'asciijump': '5475369', 'robotfindskitten': '5474869', 'squirrel3': '5475279', 'rolldice': '5152439', 'moon-buggy': '5439204', 'apple': '5495053', 'banana': '5494888', 'cherry': '5495382', 'watermelon': '5494510', 'registry': '8018911', 'hello-world': '8021526', 'docker/getting-started': '8021973', 'alpine': '7991792'}
22:15:23 INFO  EnvironmentC8y Setup
22:15:24 INFO  Executed systemctl&lt;serv_mapper1&gt;, exit status 3
22:15:38 INFO  Executed sudo&lt;tedge_connect_c8y&gt;, exit status 0, duration 14 secs
22:15:39 INFO  Executed sudo&lt;tedge_connect_c8y_test&gt;, exit status 0
22:15:39 INFO  Executed systemctl&lt;serv_mosq2&gt;, exit status 0
22:15:40 INFO  Executed systemctl&lt;serv_mapper3&gt;, exit status 0
22:15:42 INFO  State of current operation: SUCCESSFUL
22:15:42 INFO  Assert that (False == value) with value=False ... passed
22:15:43 INFO  Executed sudo, exit status 0
22:15:43 INFO  Executed sudo, exit status 0
22:15:44 INFO  Executed sudo, exit status 0
22:15:48 INFO  Executed sudo&lt;tedge_disconnect_c8y&gt;, exit status 0
22:15:48 INFO  Restarting mosquitto too frequently in the last 10 seconds. It was only up for 3 seconds
22:15:48 INFO  Delaying execution by 8 seconds
22:16:10 INFO  Executed sudo&lt;tedge_connect_c8y&gt;, exit status 0, duration 13 secs
22:16:10 INFO  Response status: 201
22:16:10 INFO  Response to action: {
    "creationTime": "2022-07-21T22:16:10.209Z",
    "deviceId": "21166555",
    "deviceName": "m32sd10d",
    "self": "https://t493319102.eu-latest.cumulocity.com/devicecontrol/operations/21191964",
    "id": "21191964",
    "status": "PENDING",
    "description": "Apply software changes, triggered from PySys: [{'name': 'rolldice', 'id': '5152439', 'version': '::apt', 'url': 'https://thin-edge-io.eu-latest.cumulocity.com/inventory/binaries/12435463', 'action': 'install'}]",
    "c8y_SoftwareUpdate": [
        {
            "name": "rolldice",
            "action": "install",
            "id": "5152439",
            "version": "::apt",
            "url": "https://thin-edge-io.eu-latest.cumulocity.com/inventory/binaries/12435463"
        }
    ]
}
22:16:10 INFO  Started operation: {'creationTime': '2022-07-21T22:16:10.209Z', 'deviceId': '21166555', 'deviceName': 'm32sd10d', 'self': 'https://t493319102.eu-latest.cumulocity.com/devicecontrol/operations/21191964', 'id': '21191964', 'status': 'PENDING', 'description': "Apply software changes, triggered from PySys: [{'name': 'rolldice', 'id': '5152439', 'version': '::apt', 'url': 'https://thin-edge-io.eu-latest.cumulocity.com/inventory/binaries/12435463', 'action': 'install'}]", 'c8y_SoftwareUpdate': [{'name': 'rolldice', 'action': 'install', 'id': '5152439', 'version': '::apt', 'url': 'https://thin-edge-io.eu-latest.cumulocity.com/inventory/binaries/12435463'}]}
22:16:10 WARN  , retrying in 0.5 seconds...
22:16:10 WARN  , retrying in 0.5 seconds...
22:16:11 WARN  , retrying in 0.5 seconds...
22:16:11 WARN  , retrying in 0.5 seconds...
22:16:12 WARN  , retrying in 0.5 seconds...
22:16:12 WARN  , retrying in 0.5 seconds...
22:16:13 WARN  , retrying in 0.5 seconds...
22:16:13 WARN  , retrying in 0.5 seconds...
22:16:14 WARN  , retrying in 0.5 seconds...
22:16:14 WARN  AssertionError occurred while running test - 
Traceback (most recent call last):
  File "/home/pi/env-pysys/lib/python3.7/site-packages/pysys/baserunner.py", line 1294, in __call__
    self.testObj.execute()
  File "/home/pi/actions-runner/_work/thin-edge.io/thin-edge.io/tests/PySys/software_management_end_to_end/sm_apt_install_download_path/run.py", line 83, in execute
    assert_install_in_download_path(install_directory=self.DOWNLOAD_DIR)
  File "/home/pi/env-pysys/lib/python3.7/site-packages/decorator.py", line 232, in fun
    return caller(func, *(extras + args), **kw)
  File "/home/pi/env-pysys/lib/python3.7/site-packages/retry/api.py", line 74, in retry_decorator
    logger)
  File "/home/pi/env-pysys/lib/python3.7/site-packages/retry/api.py", line 33, in __retry_internal
    return f()
  File "/home/pi/actions-runner/_work/thin-edge.io/thin-edge.io/tests/PySys/software_management_end_to_end/sm_apt_install_download_path/run.py", line 28, in assert_install_in_download_path
    assert "rolldice" in os.listdir(f"{install_directory}")
AssertionError
22:16:14 WARN  AssertionError: ... blocked 
22:16:14 INFO  
22:16:14 INFO  cleanup:
22:16:15 INFO  Executed sudo, exit status 0
22:16:15 INFO  Executed sudo, exit status 0
22:16:20 INFO  Executed sudo&lt;tedge_disconnect_c8y&gt;, exit status 0
22:16:20 INFO  Restarting mosquitto too frequently in the last 10 seconds. It was only up for 3 seconds
22:16:20 INFO  Delaying execution by 8 seconds
22:16:42 INFO  Executed sudo&lt;tedge_connect_c8y&gt;, exit status 0, duration 14 secs
22:16:46 INFO  Executed sudo&lt;tedge_disconnect_c8y&gt;, exit status 0
22:16:47 INFO  Executed systemctl&lt;serv_mapper5&gt;, exit status 3
22:16:47 INFO  
22:16:47 INFO  Test duration: 84.85 secs
22:16:47 INFO  Test final outcome:  BLOCKED
22:16:47 INFO  Test outcome reason: AssertionError:
22:16:47 INFO  
</system-out>
	</testcase>
</testsuite><testsuite name="SoftwareManagement.sm_apt_install_fail" tests="3" errors="0" failures="0" skipped="1" time="0"><testcase classname="PySysTest" name="SoftwareManagement.sm_apt_install_fail">
		<skipped message="SKIPPED: Testing the apt plugin is not supported on this platform.Use parameter -XmyPlatform='container' to enable it" />
		<system-out>21:24:45 INFO  ==============================================================
21:24:45 INFO  Id:    SoftwareManagement.sm_apt_install_fail
21:24:45 INFO  Dir:   software_management_end_to_end/
21:24:45 INFO  Title: Validate end to end behaviour for a failing installation
21:24:45 INFO  ==============================================================
21:24:45 INFO  Testing the apt plugin is not supported on this platform.Use parameter -XmyPlatform='container' to enable it ... skipped
21:24:45 WARN  Aborted test due to SKIPPED outcome
21:24:45 INFO  
21:24:45 INFO  Test duration: 0.02 secs
21:24:45 INFO  Test final outcome:  SKIPPED
21:24:45 INFO  Test outcome reason: Testing the apt plugin is not supported on this platform.Use parameter -XmyPlatform='container' to enable it
21:24:45 INFO  
</system-out>
	</testcase>
<testcase classname="PySysTest" name="SoftwareManagement.sm_apt_install_fail" />
<testcase classname="PySysTest" name="SoftwareManagement.sm_apt_install_fail" />
</testsuite><testsuite name="SoftwareManagement.sm_apt_install_remove" tests="3" errors="0" failures="0" skipped="1" time="0"><testcase classname="PySysTest" name="SoftwareManagement.sm_apt_install_remove">
		<skipped message="SKIPPED: Testing the apt plugin is not supported on this platform.Use parameter -XmyPlatform='container' to enable it" />
		<system-out>21:24:46 INFO  ==============================================================
21:24:46 INFO  Id:    SoftwareManagement.sm_apt_install_remove
21:24:46 INFO  Dir:   software_management_end_to_end/
21:24:46 INFO  Title: Validate end to end behaviour for the apt plugin for installation and removal of packages
21:24:46 INFO  ==============================================================
21:24:46 INFO  Testing the apt plugin is not supported on this platform.Use parameter -XmyPlatform='container' to enable it ... skipped
21:24:46 WARN  Aborted test due to SKIPPED outcome
21:24:46 INFO  
21:24:46 INFO  Test duration: 0.02 secs
21:24:46 INFO  Test final outcome:  SKIPPED
21:24:46 INFO  Test outcome reason: Testing the apt plugin is not supported on this platform.Use parameter -XmyPlatform='container' to enable it
21:24:46 INFO  
</system-out>
	</testcase>
<testcase classname="PySysTest" name="SoftwareManagement.sm_apt_install_remove" />
<testcase classname="PySysTest" name="SoftwareManagement.sm_apt_install_remove" />
</testsuite><testsuite name="SoftwareManagement.sm_apt_install_remove_default" tests="3" errors="0" failures="0" skipped="1" time="0"><testcase classname="PySysTest" name="SoftwareManagement.sm_apt_install_remove_default">
		<skipped message="SKIPPED: Testing the apt plugin is not supported on this platform.Use parameter -XmyPlatform='container' to enable it" />
		<system-out>21:24:46 INFO  ==============================================================
21:24:46 INFO  Id:    SoftwareManagement.sm_apt_install_remove_default
21:24:46 INFO  Dir:   software_management_end_to_end/
21:24:46 INFO  Title: Validate end to end behaviour for the default plugin for installation and removal of packages
21:24:46 INFO  ==============================================================
21:24:46 INFO  Testing the apt plugin is not supported on this platform.Use parameter -XmyPlatform='container' to enable it ... skipped
21:24:46 WARN  Aborted test due to SKIPPED outcome
21:24:46 INFO  
21:24:46 INFO  Test duration: 0.02 secs
21:24:46 INFO  Test final outcome:  SKIPPED
21:24:46 INFO  Test outcome reason: Testing the apt plugin is not supported on this platform.Use parameter -XmyPlatform='container' to enable it
21:24:46 INFO  
</system-out>
	</testcase>
<testcase classname="PySysTest" name="SoftwareManagement.sm_apt_install_remove_default" />
<testcase classname="PySysTest" name="SoftwareManagement.sm_apt_install_remove_default" />
</testsuite><testsuite name="SoftwareManagement.sm_apt_install_remove_multiple" tests="3" errors="0" failures="2" skipped="1" time="0"><testcase classname="PySysTest" name="SoftwareManagement.sm_apt_install_remove_multiple">
		<skipped message="SKIPPED: Testing the apt plugin is not supported on this platform.Use parameter -XmyPlatform='container' to enable it" />
		<system-out>21:24:46 INFO  ==============================================================
21:24:46 INFO  Id:    SoftwareManagement.sm_apt_install_remove_multiple
21:24:46 INFO  Dir:   software_management_end_to_end/
21:24:46 INFO  Title: Validate end to end behaviour for the apt plugin for multiple packages
21:24:46 INFO  ==============================================================
21:24:46 INFO  Testing the apt plugin is not supported on this platform.Use parameter -XmyPlatform='container' to enable it ... skipped
21:24:46 WARN  Aborted test due to SKIPPED outcome
21:24:46 INFO  
21:24:46 INFO  Test duration: 0.02 secs
21:24:46 INFO  Test final outcome:  SKIPPED
21:24:46 INFO  Test outcome reason: Testing the apt plugin is not supported on this platform.Use parameter -XmyPlatform='container' to enable it
21:24:46 INFO  
</system-out>
	</testcase>
<testcase classname="PySysTest" name="SoftwareManagement.sm_apt_install_remove_multiple">
		<failure message="FAILED: Assert that (False == value) with value=True" type="FAILED" />
		<system-out>21:56:25 INFO  ==============================================================
21:56:25 INFO  Id:    SoftwareManagement.sm_apt_install_remove_multiple
21:56:25 INFO  Dir:   software_management_end_to_end/
21:56:25 INFO  Title: Validate end to end behaviour for the apt plugin for multiple packages
21:56:25 INFO  ==============================================================
21:56:25 INFO  Using sw id database: {'asciijump': '5475369', 'robotfindskitten': '5474869', 'squirrel3': '5475279', 'rolldice': '5152439', 'moon-buggy': '5439204', 'apple': '5495053', 'banana': '5494888', 'cherry': '5495382', 'watermelon': '5494510', 'registry': '8018911', 'hello-world': '8021526', 'docker/getting-started': '8021973', 'alpine': '7991792'}
21:56:25 INFO  EnvironmentC8y Setup
21:56:26 INFO  Executed systemctl&lt;serv_mapper1&gt;, exit status 3
21:56:26 INFO  Restarting mosquitto too frequently in the last 10 seconds. It was only up for 5 seconds
21:56:26 INFO  Delaying execution by 6 seconds
21:56:46 INFO  Executed sudo&lt;tedge_connect_c8y&gt;, exit status 0, duration 14 secs
21:56:47 INFO  Executed sudo&lt;tedge_connect_c8y_test&gt;, exit status 0
21:56:47 INFO  Executed systemctl&lt;serv_mosq2&gt;, exit status 0
21:56:48 INFO  Executed systemctl&lt;serv_mapper3&gt;, exit status 0
21:56:50 INFO  State of current operation: SUCCESSFUL
21:56:50 INFO  Assert that (False == value) with value=False ... passed
21:56:50 INFO  Assert that (False == value) with value=False ... passed
21:56:51 INFO  Assert that (False == value) with value=False ... passed
21:56:51 INFO  Package robotfindskitten is installed
21:56:51 WARN  Assert that (False == value) with value=True ... failed 
21:56:51 INFO  Response status: 201
21:56:51 INFO  Response to action: {
    "creationTime": "2022-07-21T21:56:51.603Z",
    "deviceId": "21166555",
    "deviceName": "m32sd10d",
    "self": "https://t493319102.eu-latest.cumulocity.com/devicecontrol/operations/21191875",
    "id": "21191875",
    "status": "PENDING",
    "description": "Apply software changes, triggered from PySys: [{'action': 'install', 'id': '5475369', 'name': 'asciijump', 'url': ' ', 'version': '::apt'}, {'action': 'install', 'id': '5474869', 'name': 'robotfindskitten', 'url': ' ', 'version': '::apt'}, {'action': 'install', 'id': '5475279', 'name': 'squirrel3', 'url': ' ', 'version': '::apt'}]",
    "c8y_SoftwareUpdate": [
        {
            "name": "asciijump",
            "action": "install",
            "id": "5475369",
            "version": "::apt",
            "url": " "
        },
        {
            "name": "robotfindskitten",
            "action": "install",
            "id": "5474869",
            "version": "::apt",
            "url": " "
        },
        {
            "name": "squirrel3",
            "action": "install",
            "id": "5475279",
            "version": "::apt",
            "url": " "
        }
    ]
}
21:56:51 INFO  Started operation: {'creationTime': '2022-07-21T21:56:51.603Z', 'deviceId': '21166555', 'deviceName': 'm32sd10d', 'self': 'https://t493319102.eu-latest.cumulocity.com/devicecontrol/operations/21191875', 'id': '21191875', 'status': 'PENDING', 'description': "Apply software changes, triggered from PySys: [{'action': 'install', 'id': '5475369', 'name': 'asciijump', 'url': ' ', 'version': '::apt'}, {'action': 'install', 'id': '5474869', 'name': 'robotfindskitten', 'url': ' ', 'version': '::apt'}, {'action': 'install', 'id': '5475279', 'name': 'squirrel3', 'url': ' ', 'version': '::apt'}]", 'c8y_SoftwareUpdate': [{'name': 'asciijump', 'action': 'install', 'id': '5475369', 'version': '::apt', 'url': ' '}, {'name': 'robotfindskitten', 'action': 'install', 'id': '5474869', 'version': '::apt', 'url': ' '}, {'name': 'squirrel3', 'action': 'install', 'id': '5475279', 'version': '::apt', 'url': ' '}]}
21:56:53 INFO  State of operation 21191875 : PENDING
21:56:56 INFO  State of operation 21191875 : EXECUTING
21:56:58 INFO  State of operation 21191875 : EXECUTING
21:57:00 INFO  State of operation 21191875 : EXECUTING
21:57:02 INFO  State of operation 21191875 : EXECUTING
21:57:05 INFO  State of operation 21191875 : EXECUTING
21:57:07 INFO  State of operation 21191875 : EXECUTING
21:57:10 INFO  State of operation 21191875 : EXECUTING
21:57:13 INFO  State of operation 21191875 : EXECUTING
21:57:15 INFO  State of operation 21191875 : EXECUTING
21:57:17 INFO  State of operation 21191875 : EXECUTING
21:57:19 INFO  State of operation 21191875 : EXECUTING
21:57:22 INFO  State of operation 21191875 : EXECUTING
21:57:24 INFO  State of operation 21191875 : EXECUTING
21:57:26 INFO  State of operation 21191875 : EXECUTING
21:57:28 INFO  State of operation 21191875 : EXECUTING
21:57:31 INFO  State of operation 21191875 : EXECUTING
21:57:33 INFO  State of operation 21191875 : EXECUTING
21:57:36 INFO  State of operation 21191875 : EXECUTING
21:57:38 INFO  State of operation 21191875 : EXECUTING
21:57:40 INFO  State of operation 21191875 : EXECUTING
21:57:43 INFO  State of operation 21191875 : EXECUTING
21:57:45 INFO  State of operation 21191875 : EXECUTING
21:57:48 INFO  State of operation 21191875 : EXECUTING
21:57:50 INFO  State of operation 21191875 : EXECUTING
21:57:53 INFO  State of operation 21191875 : EXECUTING
21:57:55 INFO  State of operation 21191875 : EXECUTING
21:57:58 INFO  State of operation 21191875 : EXECUTING
21:58:00 INFO  State of operation 21191875 : EXECUTING
21:58:03 INFO  State of operation 21191875 : EXECUTING
21:58:05 INFO  State of operation 21191875 : EXECUTING
21:58:07 INFO  State of operation 21191875 : EXECUTING
21:58:10 INFO  State of operation 21191875 : EXECUTING
21:58:12 INFO  State of operation 21191875 : SUCCESSFUL
21:58:12 INFO  Assert that (False == value) with value=False ... passed
21:58:12 INFO  Package asciijump is installed
21:58:12 INFO  Assert that (True == value) with value=True ... passed
21:58:12 INFO  Package squirrel3 is installed
21:58:12 INFO  Assert that (True == value) with value=True ... passed
21:58:13 INFO  Package robotfindskitten is installed
21:58:13 INFO  Assert that (True == value) with value=True ... passed
21:58:13 INFO  Response status: 201
21:58:13 INFO  Response to action: {
    "creationTime": "2022-07-21T21:58:13.535Z",
    "deviceId": "21166555",
    "deviceName": "m32sd10d",
    "self": "https://t493319102.eu-latest.cumulocity.com/devicecontrol/operations/21191877",
    "id": "21191877",
    "status": "PENDING",
    "description": "Apply software changes, triggered from PySys: [{'action': 'delete', 'id': '5475369', 'name': 'asciijump', 'url': ' ', 'version': '::apt'}, {'action': 'delete', 'id': '5474869', 'name': 'robotfindskitten', 'url': ' ', 'version': '::apt'}, {'action': 'delete', 'id': '5475279', 'name': 'squirrel3', 'url': ' ', 'version': '::apt'}]",
    "c8y_SoftwareUpdate": [
        {
            "name": "asciijump",
            "action": "delete",
            "id": "5475369",
            "version": "::apt",
            "url": " "
        },
        {
            "name": "robotfindskitten",
            "action": "delete",
            "id": "5474869",
            "version": "::apt",
            "url": " "
        },
        {
            "name": "squirrel3",
            "action": "delete",
            "id": "5475279",
            "version": "::apt",
            "url": " "
        }
    ]
}
21:58:13 INFO  Started operation: {'creationTime': '2022-07-21T21:58:13.535Z', 'deviceId': '21166555', 'deviceName': 'm32sd10d', 'self': 'https://t493319102.eu-latest.cumulocity.com/devicecontrol/operations/21191877', 'id': '21191877', 'status': 'PENDING', 'description': "Apply software changes, triggered from PySys: [{'action': 'delete', 'id': '5475369', 'name': 'asciijump', 'url': ' ', 'version': '::apt'}, {'action': 'delete', 'id': '5474869', 'name': 'robotfindskitten', 'url': ' ', 'version': '::apt'}, {'action': 'delete', 'id': '5475279', 'name': 'squirrel3', 'url': ' ', 'version': '::apt'}]", 'c8y_SoftwareUpdate': [{'name': 'asciijump', 'action': 'delete', 'id': '5475369', 'version': '::apt', 'url': ' '}, {'name': 'robotfindskitten', 'action': 'delete', 'id': '5474869', 'version': '::apt', 'url': ' '}, {'name': 'squirrel3', 'action': 'delete', 'id': '5475279', 'version': '::apt', 'url': ' '}]}
21:58:15 INFO  State of operation 21191877 : PENDING
21:58:18 INFO  State of operation 21191877 : EXECUTING
21:58:20 INFO  State of operation 21191877 : EXECUTING
21:58:22 INFO  State of operation 21191877 : EXECUTING
21:58:24 INFO  State of operation 21191877 : EXECUTING
21:58:26 INFO  State of operation 21191877 : EXECUTING
21:58:29 INFO  State of operation 21191877 : EXECUTING
21:58:32 INFO  State of operation 21191877 : EXECUTING
21:58:35 INFO  State of operation 21191877 : EXECUTING
21:58:37 INFO  State of operation 21191877 : EXECUTING
21:58:39 INFO  State of operation 21191877 : EXECUTING
21:58:41 INFO  State of operation 21191877 : EXECUTING
21:58:44 INFO  State of operation 21191877 : EXECUTING
21:58:46 INFO  State of operation 21191877 : EXECUTING
21:58:48 INFO  State of operation 21191877 : EXECUTING
21:58:51 INFO  State of operation 21191877 : EXECUTING
21:58:53 INFO  State of operation 21191877 : EXECUTING
21:58:56 INFO  State of operation 21191877 : EXECUTING
21:58:58 INFO  State of operation 21191877 : EXECUTING
21:59:00 INFO  State of operation 21191877 : EXECUTING
21:59:02 INFO  State of operation 21191877 : EXECUTING
21:59:05 INFO  State of operation 21191877 : EXECUTING
21:59:07 INFO  State of operation 21191877 : EXECUTING
21:59:10 INFO  State of operation 21191877 : EXECUTING
21:59:12 INFO  State of operation 21191877 : EXECUTING
21:59:15 INFO  State of operation 21191877 : EXECUTING
21:59:17 INFO  State of operation 21191877 : EXECUTING
21:59:19 INFO  State of operation 21191877 : SUCCESSFUL
21:59:20 INFO  Assert that (False == value) with value=False ... passed
21:59:20 INFO  Assert that (False == value) with value=False ... passed
21:59:20 INFO  Assert that (False == value) with value=False ... passed
21:59:20 INFO  Assert that (False == value) with value=False ... passed
21:59:20 INFO  
21:59:20 INFO  cleanup:
21:59:24 INFO  Executed sudo&lt;tedge_disconnect_c8y&gt;, exit status 0
21:59:25 INFO  Executed systemctl&lt;serv_mapper5&gt;, exit status 3
21:59:25 INFO  
21:59:25 INFO  Test duration: 179.98 secs
21:59:25 INFO  Test final outcome:  FAILED
21:59:25 INFO  Test outcome reason: Assert that (False == value) with value=True
21:59:25 INFO  
</system-out>
	</testcase>
<testcase classname="PySysTest" name="SoftwareManagement.sm_apt_install_remove_multiple">
		<failure message="FAILED: Assert that (False == value) with value=True (+2 other failures)" type="FAILED" />
		<system-out>22:23:15 INFO  ==============================================================
22:23:15 INFO  Id:    SoftwareManagement.sm_apt_install_remove_multiple
22:23:15 INFO  Dir:   software_management_end_to_end/
22:23:15 INFO  Title: Validate end to end behaviour for the apt plugin for multiple packages
22:23:15 INFO  ==============================================================
22:23:15 INFO  Using sw id database: {'asciijump': '5475369', 'robotfindskitten': '5474869', 'squirrel3': '5475279', 'rolldice': '5152439', 'moon-buggy': '5439204', 'apple': '5495053', 'banana': '5494888', 'cherry': '5495382', 'watermelon': '5494510', 'registry': '8018911', 'hello-world': '8021526', 'docker/getting-started': '8021973', 'alpine': '7991792'}
22:23:15 INFO  EnvironmentC8y Setup
22:23:15 INFO  Executed systemctl&lt;serv_mapper1&gt;, exit status 3
22:23:16 INFO  Restarting mosquitto too frequently in the last 10 seconds. It was only up for 4 seconds
22:23:16 INFO  Delaying execution by 7 seconds
22:23:37 INFO  Executed sudo&lt;tedge_connect_c8y&gt;, exit status 0, duration 13 secs
22:23:37 INFO  Executed sudo&lt;tedge_connect_c8y_test&gt;, exit status 0
22:23:38 INFO  Executed systemctl&lt;serv_mosq2&gt;, exit status 0
22:23:38 INFO  Executed systemctl&lt;serv_mapper3&gt;, exit status 0
22:23:40 INFO  State of current operation: SUCCESSFUL
22:23:41 INFO  Assert that (False == value) with value=False ... passed
22:23:41 INFO  Package asciijump is installed
22:23:41 WARN  Assert that (False == value) with value=True ... failed 
22:23:41 INFO  Package squirrel3 is installed
22:23:41 WARN  Assert that (False == value) with value=True ... failed 
22:23:42 INFO  Package robotfindskitten is installed
22:23:42 WARN  Assert that (False == value) with value=True ... failed 
22:23:42 INFO  Response status: 201
22:23:42 INFO  Response to action: {
    "creationTime": "2022-07-21T22:23:42.369Z",
    "deviceId": "21166555",
    "deviceName": "m32sd10d",
    "self": "https://t493319102.eu-latest.cumulocity.com/devicecontrol/operations/21192005",
    "id": "21192005",
    "status": "PENDING",
    "description": "Apply software changes, triggered from PySys: [{'action': 'install', 'id': '5475369', 'name': 'asciijump', 'url': ' ', 'version': '::apt'}, {'action': 'install', 'id': '5474869', 'name': 'robotfindskitten', 'url': ' ', 'version': '::apt'}, {'action': 'install', 'id': '5475279', 'name': 'squirrel3', 'url': ' ', 'version': '::apt'}]",
    "c8y_SoftwareUpdate": [
        {
            "name": "asciijump",
            "action": "install",
            "id": "5475369",
            "version": "::apt",
            "url": " "
        },
        {
            "name": "robotfindskitten",
            "action": "install",
            "id": "5474869",
            "version": "::apt",
            "url": " "
        },
        {
            "name": "squirrel3",
            "action": "install",
            "id": "5475279",
            "version": "::apt",
            "url": " "
        }
    ]
}
22:23:42 INFO  Started operation: {'creationTime': '2022-07-21T22:23:42.369Z', 'deviceId': '21166555', 'deviceName': 'm32sd10d', 'self': 'https://t493319102.eu-latest.cumulocity.com/devicecontrol/operations/21192005', 'id': '21192005', 'status': 'PENDING', 'description': "Apply software changes, triggered from PySys: [{'action': 'install', 'id': '5475369', 'name': 'asciijump', 'url': ' ', 'version': '::apt'}, {'action': 'install', 'id': '5474869', 'name': 'robotfindskitten', 'url': ' ', 'version': '::apt'}, {'action': 'install', 'id': '5475279', 'name': 'squirrel3', 'url': ' ', 'version': '::apt'}]", 'c8y_SoftwareUpdate': [{'name': 'asciijump', 'action': 'install', 'id': '5475369', 'version': '::apt', 'url': ' '}, {'name': 'robotfindskitten', 'action': 'install', 'id': '5474869', 'version': '::apt', 'url': ' '}, {'name': 'squirrel3', 'action': 'install', 'id': '5475279', 'version': '::apt', 'url': ' '}]}
22:23:44 INFO  State of operation 21192005 : PENDING
22:23:46 INFO  State of operation 21192005 : EXECUTING
22:23:49 INFO  State of operation 21192005 : EXECUTING
22:23:51 INFO  State of operation 21192005 : EXECUTING
22:23:53 INFO  State of operation 21192005 : EXECUTING
22:23:55 INFO  State of operation 21192005 : EXECUTING
22:23:58 INFO  State of operation 21192005 : EXECUTING
22:24:00 INFO  State of operation 21192005 : EXECUTING
22:24:02 INFO  State of operation 21192005 : EXECUTING
22:24:05 INFO  State of operation 21192005 : EXECUTING
22:24:07 INFO  State of operation 21192005 : EXECUTING
22:24:09 INFO  State of operation 21192005 : EXECUTING
22:24:12 INFO  State of operation 21192005 : EXECUTING
22:24:14 INFO  State of operation 21192005 : EXECUTING
22:24:16 INFO  State of operation 21192005 : EXECUTING
22:24:18 INFO  State of operation 21192005 : SUCCESSFUL
22:24:19 INFO  Assert that (False == value) with value=False ... passed
22:24:19 INFO  Package asciijump is installed
22:24:19 INFO  Assert that (True == value) with value=True ... passed
22:24:19 INFO  Package squirrel3 is installed
22:24:19 INFO  Assert that (True == value) with value=True ... passed
22:24:19 INFO  Package robotfindskitten is installed
22:24:19 INFO  Assert that (True == value) with value=True ... passed
22:24:19 INFO  Response status: 201
22:24:19 INFO  Response to action: {
    "creationTime": "2022-07-21T22:24:19.893Z",
    "deviceId": "21166555",
    "deviceName": "m32sd10d",
    "self": "https://t493319102.eu-latest.cumulocity.com/devicecontrol/operations/21192009",
    "id": "21192009",
    "status": "PENDING",
    "description": "Apply software changes, triggered from PySys: [{'action': 'delete', 'id': '5475369', 'name': 'asciijump', 'url': ' ', 'version': '::apt'}, {'action': 'delete', 'id': '5474869', 'name': 'robotfindskitten', 'url': ' ', 'version': '::apt'}, {'action': 'delete', 'id': '5475279', 'name': 'squirrel3', 'url': ' ', 'version': '::apt'}]",
    "c8y_SoftwareUpdate": [
        {
            "name": "asciijump",
            "action": "delete",
            "id": "5475369",
            "version": "::apt",
            "url": " "
        },
        {
            "name": "robotfindskitten",
            "action": "delete",
            "id": "5474869",
            "version": "::apt",
            "url": " "
        },
        {
            "name": "squirrel3",
            "action": "delete",
            "id": "5475279",
            "version": "::apt",
            "url": " "
        }
    ]
}
22:24:19 INFO  Started operation: {'creationTime': '2022-07-21T22:24:19.893Z', 'deviceId': '21166555', 'deviceName': 'm32sd10d', 'self': 'https://t493319102.eu-latest.cumulocity.com/devicecontrol/operations/21192009', 'id': '21192009', 'status': 'PENDING', 'description': "Apply software changes, triggered from PySys: [{'action': 'delete', 'id': '5475369', 'name': 'asciijump', 'url': ' ', 'version': '::apt'}, {'action': 'delete', 'id': '5474869', 'name': 'robotfindskitten', 'url': ' ', 'version': '::apt'}, {'action': 'delete', 'id': '5475279', 'name': 'squirrel3', 'url': ' ', 'version': '::apt'}]", 'c8y_SoftwareUpdate': [{'name': 'asciijump', 'action': 'delete', 'id': '5475369', 'version': '::apt', 'url': ' '}, {'name': 'robotfindskitten', 'action': 'delete', 'id': '5474869', 'version': '::apt', 'url': ' '}, {'name': 'squirrel3', 'action': 'delete', 'id': '5475279', 'version': '::apt', 'url': ' '}]}
22:24:22 INFO  State of operation 21192009 : PENDING
22:24:24 INFO  State of operation 21192009 : EXECUTING
22:24:26 INFO  State of operation 21192009 : EXECUTING
22:24:28 INFO  State of operation 21192009 : EXECUTING
22:24:31 INFO  State of operation 21192009 : EXECUTING
22:24:33 INFO  State of operation 21192009 : EXECUTING
22:24:35 INFO  State of operation 21192009 : EXECUTING
22:24:38 INFO  State of operation 21192009 : EXECUTING
22:24:41 INFO  State of operation 21192009 : EXECUTING
22:24:43 INFO  State of operation 21192009 : EXECUTING
22:24:45 INFO  State of operation 21192009 : EXECUTING
22:24:48 INFO  State of operation 21192009 : EXECUTING
22:24:50 INFO  State of operation 21192009 : EXECUTING
22:24:52 INFO  State of operation 21192009 : EXECUTING
22:24:54 INFO  State of operation 21192009 : EXECUTING
22:24:57 INFO  State of operation 21192009 : EXECUTING
22:24:59 INFO  State of operation 21192009 : EXECUTING
22:25:01 INFO  State of operation 21192009 : EXECUTING
22:25:04 INFO  State of operation 21192009 : EXECUTING
22:25:06 INFO  State of operation 21192009 : EXECUTING
22:25:08 INFO  State of operation 21192009 : EXECUTING
22:25:11 INFO  State of operation 21192009 : EXECUTING
22:25:13 INFO  State of operation 21192009 : EXECUTING
22:25:15 INFO  State of operation 21192009 : EXECUTING
22:25:17 INFO  State of operation 21192009 : EXECUTING
22:25:20 INFO  State of operation 21192009 : EXECUTING
22:25:23 INFO  State of operation 21192009 : EXECUTING
22:25:25 INFO  State of operation 21192009 : EXECUTING
22:25:27 INFO  State of operation 21192009 : SUCCESSFUL
22:25:27 INFO  Assert that (False == value) with value=False ... passed
22:25:28 INFO  Assert that (False == value) with value=False ... passed
22:25:28 INFO  Assert that (False == value) with value=False ... passed
22:25:28 INFO  Assert that (False == value) with value=False ... passed
22:25:28 INFO  
22:25:28 INFO  cleanup:
22:25:32 INFO  Executed sudo&lt;tedge_disconnect_c8y&gt;, exit status 0
22:25:33 INFO  Executed systemctl&lt;serv_mapper5&gt;, exit status 3
22:25:33 INFO  
22:25:33 INFO  Test duration: 137.92 secs
22:25:33 INFO  Test final outcome:  FAILED
22:25:33 INFO  Test outcome reason: Assert that (False == value) with value=True (+2 other failures)
22:25:33 INFO  
</system-out>
	</testcase>
</testsuite><testsuite name="SoftwareManagement.sm_apt_install_remove_multiple_mixed" tests="3" errors="0" failures="2" skipped="1" time="0"><testcase classname="PySysTest" name="SoftwareManagement.sm_apt_install_remove_multiple_mixed">
		<skipped message="SKIPPED: Testing the apt plugin is not supported on this platform.Use parameter -XmyPlatform='container' to enable it" />
		<system-out>21:24:46 INFO  ==============================================================
21:24:46 INFO  Id:    SoftwareManagement.sm_apt_install_remove_multiple_mixed
21:24:46 INFO  Dir:   software_management_end_to_end/
21:24:46 INFO  Title: Validate end to end behaviour for the apt plugin for multiple packages with mixed versions
21:24:46 INFO  ==============================================================
21:24:46 INFO  Testing the apt plugin is not supported on this platform.Use parameter -XmyPlatform='container' to enable it ... skipped
21:24:46 WARN  Aborted test due to SKIPPED outcome
21:24:46 INFO  
21:24:46 INFO  Test duration: 0.02 secs
21:24:46 INFO  Test final outcome:  SKIPPED
21:24:46 INFO  Test outcome reason: Testing the apt plugin is not supported on this platform.Use parameter -XmyPlatform='container' to enable it
21:24:46 INFO  
</system-out>
	</testcase>
<testcase classname="PySysTest" name="SoftwareManagement.sm_apt_install_remove_multiple_mixed">
		<failure message="BLOCKED: SystemError: Timeout while waiting for status SUCCESSFUL or False" type="BLOCKED" />
		<system-out>21:59:25 INFO  ==============================================================
21:59:25 INFO  Id:    SoftwareManagement.sm_apt_install_remove_multiple_mixed
21:59:25 INFO  Dir:   software_management_end_to_end/
21:59:25 INFO  Title: Validate end to end behaviour for the apt plugin for multiple packages with mixed versions
21:59:25 INFO  ==============================================================
21:59:25 INFO  Using sw id database: {'asciijump': '5475369', 'robotfindskitten': '5474869', 'squirrel3': '5475279', 'rolldice': '5152439', 'moon-buggy': '5439204', 'apple': '5495053', 'banana': '5494888', 'cherry': '5495382', 'watermelon': '5494510', 'registry': '8018911', 'hello-world': '8021526', 'docker/getting-started': '8021973', 'alpine': '7991792'}
21:59:25 INFO  EnvironmentC8y Setup
21:59:26 INFO  Executed systemctl&lt;serv_mapper1&gt;, exit status 3
21:59:26 INFO  Restarting mosquitto too frequently in the last 10 seconds. It was only up for 5 seconds
21:59:26 INFO  Delaying execution by 6 seconds
21:59:46 INFO  Executed sudo&lt;tedge_connect_c8y&gt;, exit status 0, duration 13 secs
21:59:46 INFO  Executed sudo&lt;tedge_connect_c8y_test&gt;, exit status 0
21:59:47 INFO  Executed systemctl&lt;serv_mosq2&gt;, exit status 0
21:59:47 INFO  Executed systemctl&lt;serv_mapper3&gt;, exit status 0
21:59:50 INFO  State of current operation: SUCCESSFUL
21:59:50 INFO  Assert that (False == value) with value=False ... passed
21:59:50 INFO  Assert that (False == value) with value=False ... passed
21:59:50 INFO  Assert that (False == value) with value=False ... passed
21:59:51 INFO  Assert that (False == value) with value=False ... passed
21:59:51 INFO  Assert that (False == value) with value=False ... passed
21:59:52 INFO  Response status: 201
21:59:52 INFO  Response to action: {
    "creationTime": "2022-07-21T21:59:52.422Z",
    "deviceId": "21166555",
    "deviceName": "m32sd10d",
    "self": "https://t493319102.eu-latest.cumulocity.com/devicecontrol/operations/21191879",
    "id": "21191879",
    "status": "PENDING",
    "description": "Apply software changes, triggered from PySys: [{'action': 'install', 'id': '5475369', 'name': 'asciijump', 'url': ' ', 'version': '::apt'}, {'action': 'install', 'id': '5474869', 'name': 'robotfindskitten', 'url': ' ', 'version': ' '}, {'action': 'install', 'id': '5475279', 'name': 'squirrel3', 'url': ' ', 'version': '3.1-7::apt'}, {'action': 'install', 'id': '5152439', 'name': 'rolldice', 'url': ' ', 'version': '1.16-1+b1'}, {'action': 'install', 'id': '5439204', 'name': 'moon-buggy', 'url': ' ', 'version': '1:1.0.51-12'}, {'action': 'install', 'id': '5475369', 'name': 'asciijump', 'url': ' ', 'version': '::apt'}]",
    "c8y_SoftwareUpdate": [
        {
            "name": "asciijump",
            "action": "install",
            "id": "5475369",
            "version": "::apt",
            "url": " "
        },
        {
            "name": "robotfindskitten",
            "action": "install",
            "id": "5474869",
            "version": " ",
            "url": " "
        },
        {
            "name": "squirrel3",
            "action": "install",
            "id": "5475279",
            "version": "3.1-7::apt",
            "url": " "
        },
        {
            "name": "rolldice",
            "action": "install",
            "id": "5152439",
            "version": "1.16-1+b1",
            "url": " "
        },
        {
            "name": "moon-buggy",
            "action": "install",
            "id": "5439204",
            "version": "1:1.0.51-12",
            "url": " "
        },
        {
            "name": "asciijump",
            "action": "install",
            "id": "5475369",
            "version": "::apt",
            "url": " "
        }
    ]
}
21:59:52 INFO  Started operation: {'creationTime': '2022-07-21T21:59:52.422Z', 'deviceId': '21166555', 'deviceName': 'm32sd10d', 'self': 'https://t493319102.eu-latest.cumulocity.com/devicecontrol/operations/21191879', 'id': '21191879', 'status': 'PENDING', 'description': "Apply software changes, triggered from PySys: [{'action': 'install', 'id': '5475369', 'name': 'asciijump', 'url': ' ', 'version': '::apt'}, {'action': 'install', 'id': '5474869', 'name': 'robotfindskitten', 'url': ' ', 'version': ' '}, {'action': 'install', 'id': '5475279', 'name': 'squirrel3', 'url': ' ', 'version': '3.1-7::apt'}, {'action': 'install', 'id': '5152439', 'name': 'rolldice', 'url': ' ', 'version': '1.16-1+b1'}, {'action': 'install', 'id': '5439204', 'name': 'moon-buggy', 'url': ' ', 'version': '1:1.0.51-12'}, {'action': 'install', 'id': '5475369', 'name': 'asciijump', 'url': ' ', 'version': '::apt'}]", 'c8y_SoftwareUpdate': [{'name': 'asciijump', 'action': 'install', 'id': '5475369', 'version': '::apt', 'url': ' '}, {'name': 'robotfindskitten', 'action': 'install', 'id': '5474869', 'version': ' ', 'url': ' '}, {'name': 'squirrel3', 'action': 'install', 'id': '5475279', 'version': '3.1-7::apt', 'url': ' '}, {'name': 'rolldice', 'action': 'install', 'id': '5152439', 'version': '1.16-1+b1', 'url': ' '}, {'name': 'moon-buggy', 'action': 'install', 'id': '5439204', 'version': '1:1.0.51-12', 'url': ' '}, {'name': 'asciijump', 'action': 'install', 'id': '5475369', 'version': '::apt', 'url': ' '}]}
21:59:54 INFO  State of operation 21191879 : PENDING
21:59:56 INFO  State of operation 21191879 : EXECUTING
21:59:59 INFO  State of operation 21191879 : EXECUTING
22:00:01 INFO  State of operation 21191879 : EXECUTING
22:00:03 INFO  State of operation 21191879 : EXECUTING
22:00:05 INFO  State of operation 21191879 : EXECUTING
22:00:08 INFO  State of operation 21191879 : EXECUTING
22:00:11 INFO  State of operation 21191879 : EXECUTING
22:00:14 INFO  State of operation 21191879 : EXECUTING
22:00:16 INFO  State of operation 21191879 : EXECUTING
22:00:18 INFO  State of operation 21191879 : EXECUTING
22:00:21 INFO  State of operation 21191879 : EXECUTING
22:00:23 INFO  State of operation 21191879 : EXECUTING
22:00:25 INFO  State of operation 21191879 : EXECUTING
22:00:27 INFO  State of operation 21191879 : EXECUTING
22:00:30 INFO  State of operation 21191879 : EXECUTING
22:00:32 INFO  State of operation 21191879 : EXECUTING
22:00:35 INFO  State of operation 21191879 : EXECUTING
22:00:37 INFO  State of operation 21191879 : EXECUTING
22:00:39 INFO  State of operation 21191879 : EXECUTING
22:00:41 INFO  State of operation 21191879 : EXECUTING
22:00:44 INFO  State of operation 21191879 : EXECUTING
22:00:46 INFO  State of operation 21191879 : EXECUTING
22:00:49 INFO  State of operation 21191879 : EXECUTING
22:00:51 INFO  State of operation 21191879 : EXECUTING
22:00:54 INFO  State of operation 21191879 : EXECUTING
22:00:56 INFO  State of operation 21191879 : EXECUTING
22:00:59 INFO  State of operation 21191879 : EXECUTING
22:01:01 INFO  State of operation 21191879 : EXECUTING
22:01:04 INFO  State of operation 21191879 : EXECUTING
22:01:06 INFO  State of operation 21191879 : EXECUTING
22:01:08 INFO  State of operation 21191879 : EXECUTING
22:01:10 INFO  State of operation 21191879 : EXECUTING
22:01:13 INFO  State of operation 21191879 : EXECUTING
22:01:15 INFO  State of operation 21191879 : EXECUTING
22:01:17 INFO  State of operation 21191879 : EXECUTING
22:01:19 INFO  State of operation 21191879 : EXECUTING
22:01:22 INFO  State of operation 21191879 : EXECUTING
22:01:25 INFO  State of operation 21191879 : EXECUTING
22:01:27 INFO  State of operation 21191879 : EXECUTING
22:01:30 INFO  State of operation 21191879 : EXECUTING
22:01:32 INFO  State of operation 21191879 : EXECUTING
22:01:34 INFO  State of operation 21191879 : EXECUTING
22:01:36 INFO  State of operation 21191879 : EXECUTING
22:01:39 INFO  State of operation 21191879 : EXECUTING
22:01:41 INFO  State of operation 21191879 : EXECUTING
22:01:43 INFO  State of operation 21191879 : EXECUTING
22:01:45 INFO  State of operation 21191879 : EXECUTING
22:01:48 INFO  State of operation 21191879 : EXECUTING
22:01:50 INFO  State of operation 21191879 : EXECUTING
22:01:53 INFO  State of operation 21191879 : EXECUTING
22:01:55 INFO  State of operation 21191879 : EXECUTING
22:01:57 INFO  State of operation 21191879 : EXECUTING
22:01:59 INFO  State of operation 21191879 : EXECUTING
22:02:02 INFO  State of operation 21191879 : EXECUTING
22:02:05 INFO  State of operation 21191879 : EXECUTING
22:02:07 INFO  State of operation 21191879 : EXECUTING
22:02:10 INFO  State of operation 21191879 : EXECUTING
22:02:12 INFO  State of operation 21191879 : EXECUTING
22:02:15 INFO  State of operation 21191879 : EXECUTING
22:02:17 INFO  State of operation 21191879 : EXECUTING
22:02:19 WARN  SystemError occurred while running test - Timeout while waiting for status SUCCESSFUL or False
Traceback (most recent call last):
  File "/home/pi/env-pysys/lib/python3.7/site-packages/pysys/baserunner.py", line 1294, in __call__
    self.testObj.execute()
  File "/home/pi/actions-runner/_work/thin-edge.io/thin-edge.io/tests/PySys/software_management_end_to_end/sm_apt_install_remove_multiple_mixed/run.py", line 89, in execute
    self.wait_until_succcess()
  File "/home/pi/actions-runner/_work/thin-edge.io/thin-edge.io/tests/PySys/software_management_end_to_end/environment_sm_management.py", line 324, in wait_until_succcess
    self.wait_until_status("SUCCESSFUL")
  File "/home/pi/actions-runner/_work/thin-edge.io/thin-edge.io/tests/PySys/software_management_end_to_end/environment_sm_management.py", line 381, in wait_until_status
    "Timeout while waiting for status %s or %s" % (status, status2)
SystemError: Timeout while waiting for status SUCCESSFUL or False
22:02:19 WARN  SystemError: Timeout while waiting for status SUCCESSFUL or False ... blocked 
22:02:19 INFO  
22:02:19 INFO  cleanup:
22:02:24 INFO  Executed sudo&lt;tedge_disconnect_c8y&gt;, exit status 0
22:02:24 INFO  Executed systemctl&lt;serv_mapper5&gt;, exit status 3
22:02:24 INFO  
22:02:24 INFO  Test duration: 179.20 secs
22:02:24 INFO  Test final outcome:  BLOCKED
22:02:24 INFO  Test outcome reason: SystemError: Timeout while waiting for status SUCCESSFUL or False
22:02:24 INFO  
</system-out>
	</testcase>
<testcase classname="PySysTest" name="SoftwareManagement.sm_apt_install_remove_multiple_mixed">
		<failure message="BLOCKED: SystemError: Timeout while waiting for status SUCCESSFUL or False (+1 other failures)" type="BLOCKED" />
		<system-out>22:25:33 INFO  ==============================================================
22:25:33 INFO  Id:    SoftwareManagement.sm_apt_install_remove_multiple_mixed
22:25:33 INFO  Dir:   software_management_end_to_end/
22:25:33 INFO  Title: Validate end to end behaviour for the apt plugin for multiple packages with mixed versions
22:25:33 INFO  ==============================================================
22:25:33 INFO  Using sw id database: {'asciijump': '5475369', 'robotfindskitten': '5474869', 'squirrel3': '5475279', 'rolldice': '5152439', 'moon-buggy': '5439204', 'apple': '5495053', 'banana': '5494888', 'cherry': '5495382', 'watermelon': '5494510', 'registry': '8018911', 'hello-world': '8021526', 'docker/getting-started': '8021973', 'alpine': '7991792'}
22:25:33 INFO  EnvironmentC8y Setup
22:25:34 INFO  Executed systemctl&lt;serv_mapper1&gt;, exit status 3
22:25:34 INFO  Restarting mosquitto too frequently in the last 10 seconds. It was only up for 5 seconds
22:25:34 INFO  Delaying execution by 6 seconds
22:25:53 INFO  Executed sudo&lt;tedge_connect_c8y&gt;, exit status 0, duration 13 secs
22:25:54 INFO  Executed sudo&lt;tedge_connect_c8y_test&gt;, exit status 0
22:25:55 INFO  Executed systemctl&lt;serv_mosq2&gt;, exit status 0
22:25:55 INFO  Executed systemctl&lt;serv_mapper3&gt;, exit status 0
22:25:57 INFO  State of current operation: SUCCESSFUL
22:25:57 INFO  Assert that (False == value) with value=False ... passed
22:25:58 INFO  Assert that (False == value) with value=False ... passed
22:25:58 INFO  Assert that (False == value) with value=False ... passed
22:25:58 INFO  Assert that (False == value) with value=False ... passed
22:25:58 INFO  Package moon-buggy is installed
22:25:58 WARN  Assert that (False == value) with value=True ... failed 
22:26:00 INFO  Response status: 201
22:26:00 INFO  Response to action: {
    "creationTime": "2022-07-21T22:26:00.056Z",
    "deviceId": "21166555",
    "deviceName": "m32sd10d",
    "self": "https://t493319102.eu-latest.cumulocity.com/devicecontrol/operations/21192017",
    "id": "21192017",
    "status": "PENDING",
    "description": "Apply software changes, triggered from PySys: [{'action': 'install', 'id': '5475369', 'name': 'asciijump', 'url': ' ', 'version': '::apt'}, {'action': 'install', 'id': '5474869', 'name': 'robotfindskitten', 'url': ' ', 'version': ' '}, {'action': 'install', 'id': '5475279', 'name': 'squirrel3', 'url': ' ', 'version': '3.1-7::apt'}, {'action': 'install', 'id': '5152439', 'name': 'rolldice', 'url': ' ', 'version': '1.16-1+b1'}, {'action': 'install', 'id': '5439204', 'name': 'moon-buggy', 'url': ' ', 'version': '1:1.0.51-12'}, {'action': 'install', 'id': '5475369', 'name': 'asciijump', 'url': ' ', 'version': '::apt'}]",
    "c8y_SoftwareUpdate": [
        {
            "name": "asciijump",
            "action": "install",
            "id": "5475369",
            "version": "::apt",
            "url": " "
        },
        {
            "name": "robotfindskitten",
            "action": "install",
            "id": "5474869",
            "version": " ",
            "url": " "
        },
        {
            "name": "squirrel3",
            "action": "install",
            "id": "5475279",
            "version": "3.1-7::apt",
            "url": " "
        },
        {
            "name": "rolldice",
            "action": "install",
            "id": "5152439",
            "version": "1.16-1+b1",
            "url": " "
        },
        {
            "name": "moon-buggy",
            "action": "install",
            "id": "5439204",
            "version": "1:1.0.51-12",
            "url": " "
        },
        {
            "name": "asciijump",
            "action": "install",
            "id": "5475369",
            "version": "::apt",
            "url": " "
        }
    ]
}
22:26:00 INFO  Started operation: {'creationTime': '2022-07-21T22:26:00.056Z', 'deviceId': '21166555', 'deviceName': 'm32sd10d', 'self': 'https://t493319102.eu-latest.cumulocity.com/devicecontrol/operations/21192017', 'id': '21192017', 'status': 'PENDING', 'description': "Apply software changes, triggered from PySys: [{'action': 'install', 'id': '5475369', 'name': 'asciijump', 'url': ' ', 'version': '::apt'}, {'action': 'install', 'id': '5474869', 'name': 'robotfindskitten', 'url': ' ', 'version': ' '}, {'action': 'install', 'id': '5475279', 'name': 'squirrel3', 'url': ' ', 'version': '3.1-7::apt'}, {'action': 'install', 'id': '5152439', 'name': 'rolldice', 'url': ' ', 'version': '1.16-1+b1'}, {'action': 'install', 'id': '5439204', 'name': 'moon-buggy', 'url': ' ', 'version': '1:1.0.51-12'}, {'action': 'install', 'id': '5475369', 'name': 'asciijump', 'url': ' ', 'version': '::apt'}]", 'c8y_SoftwareUpdate': [{'name': 'asciijump', 'action': 'install', 'id': '5475369', 'version': '::apt', 'url': ' '}, {'name': 'robotfindskitten', 'action': 'install', 'id': '5474869', 'version': ' ', 'url': ' '}, {'name': 'squirrel3', 'action': 'install', 'id': '5475279', 'version': '3.1-7::apt', 'url': ' '}, {'name': 'rolldice', 'action': 'install', 'id': '5152439', 'version': '1.16-1+b1', 'url': ' '}, {'name': 'moon-buggy', 'action': 'install', 'id': '5439204', 'version': '1:1.0.51-12', 'url': ' '}, {'name': 'asciijump', 'action': 'install', 'id': '5475369', 'version': '::apt', 'url': ' '}]}
22:26:02 INFO  State of operation 21192017 : PENDING
22:26:04 INFO  State of operation 21192017 : EXECUTING
22:26:06 INFO  State of operation 21192017 : EXECUTING
22:26:09 INFO  State of operation 21192017 : EXECUTING
22:26:11 INFO  State of operation 21192017 : EXECUTING
22:26:13 INFO  State of operation 21192017 : EXECUTING
22:26:16 INFO  State of operation 21192017 : EXECUTING
22:26:18 INFO  State of operation 21192017 : EXECUTING
22:26:21 INFO  State of operation 21192017 : EXECUTING
22:26:23 INFO  State of operation 21192017 : EXECUTING
22:26:26 INFO  State of operation 21192017 : EXECUTING
22:26:28 INFO  State of operation 21192017 : EXECUTING
22:26:30 INFO  State of operation 21192017 : EXECUTING
22:26:32 INFO  State of operation 21192017 : EXECUTING
22:26:35 INFO  State of operation 21192017 : EXECUTING
22:26:37 INFO  State of operation 21192017 : EXECUTING
22:26:39 INFO  State of operation 21192017 : EXECUTING
22:26:41 INFO  State of operation 21192017 : EXECUTING
22:26:44 INFO  State of operation 21192017 : EXECUTING
22:26:46 INFO  State of operation 21192017 : EXECUTING
22:26:49 INFO  State of operation 21192017 : EXECUTING
22:26:51 INFO  State of operation 21192017 : EXECUTING
22:26:53 INFO  State of operation 21192017 : EXECUTING
22:26:56 INFO  State of operation 21192017 : EXECUTING
22:26:58 INFO  State of operation 21192017 : EXECUTING
22:27:00 INFO  State of operation 21192017 : EXECUTING
22:27:03 INFO  State of operation 21192017 : EXECUTING
22:27:05 INFO  State of operation 21192017 : EXECUTING
22:27:07 INFO  State of operation 21192017 : EXECUTING
22:27:09 INFO  State of operation 21192017 : EXECUTING
22:27:12 INFO  State of operation 21192017 : EXECUTING
22:27:14 INFO  State of operation 21192017 : EXECUTING
22:27:16 INFO  State of operation 21192017 : EXECUTING
22:27:18 INFO  State of operation 21192017 : EXECUTING
22:27:21 INFO  State of operation 21192017 : EXECUTING
22:27:23 INFO  State of operation 21192017 : EXECUTING
22:27:25 INFO  State of operation 21192017 : EXECUTING
22:27:27 INFO  State of operation 21192017 : EXECUTING
22:27:30 INFO  State of operation 21192017 : EXECUTING
22:27:33 INFO  State of operation 21192017 : EXECUTING
22:27:35 INFO  State of operation 21192017 : EXECUTING
22:27:37 INFO  State of operation 21192017 : EXECUTING
22:27:40 INFO  State of operation 21192017 : EXECUTING
22:27:42 INFO  State of operation 21192017 : EXECUTING
22:27:44 INFO  State of operation 21192017 : EXECUTING
22:27:46 INFO  State of operation 21192017 : EXECUTING
22:27:49 INFO  State of operation 21192017 : EXECUTING
22:27:51 INFO  State of operation 21192017 : EXECUTING
22:27:54 INFO  State of operation 21192017 : EXECUTING
22:27:56 INFO  State of operation 21192017 : EXECUTING
22:27:58 INFO  State of operation 21192017 : EXECUTING
22:28:01 INFO  State of operation 21192017 : EXECUTING
22:28:03 INFO  State of operation 21192017 : EXECUTING
22:28:06 INFO  State of operation 21192017 : EXECUTING
22:28:08 INFO  State of operation 21192017 : EXECUTING
22:28:11 INFO  State of operation 21192017 : EXECUTING
22:28:14 INFO  State of operation 21192017 : EXECUTING
22:28:16 INFO  State of operation 21192017 : EXECUTING
22:28:18 INFO  State of operation 21192017 : EXECUTING
22:28:21 INFO  State of operation 21192017 : EXECUTING
22:28:23 INFO  State of operation 21192017 : EXECUTING
22:28:25 WARN  SystemError occurred while running test - Timeout while waiting for status SUCCESSFUL or False
Traceback (most recent call last):
  File "/home/pi/env-pysys/lib/python3.7/site-packages/pysys/baserunner.py", line 1294, in __call__
    self.testObj.execute()
  File "/home/pi/actions-runner/_work/thin-edge.io/thin-edge.io/tests/PySys/software_management_end_to_end/sm_apt_install_remove_multiple_mixed/run.py", line 89, in execute
    self.wait_until_succcess()
  File "/home/pi/actions-runner/_work/thin-edge.io/thin-edge.io/tests/PySys/software_management_end_to_end/environment_sm_management.py", line 324, in wait_until_succcess
    self.wait_until_status("SUCCESSFUL")
  File "/home/pi/actions-runner/_work/thin-edge.io/thin-edge.io/tests/PySys/software_management_end_to_end/environment_sm_management.py", line 381, in wait_until_status
    "Timeout while waiting for status %s or %s" % (status, status2)
SystemError: Timeout while waiting for status SUCCESSFUL or False
22:28:25 WARN  SystemError: Timeout while waiting for status SUCCESSFUL or False ... blocked 
22:28:25 INFO  
22:28:25 INFO  cleanup:
22:28:29 INFO  Executed sudo&lt;tedge_disconnect_c8y&gt;, exit status 0
22:28:30 INFO  Executed systemctl&lt;serv_mapper5&gt;, exit status 3
22:28:30 INFO  
22:28:30 INFO  Test duration: 177.21 secs
22:28:30 INFO  Test final outcome:  BLOCKED
22:28:30 INFO  Test outcome reason: SystemError: Timeout while waiting for status SUCCESSFUL or False (+1 other failures)
22:28:30 INFO  
</system-out>
	</testcase>
</testsuite><testsuite name="SoftwareManagement.sm_apt_install_remove_with_version" tests="3" errors="0" failures="0" skipped="1" time="0"><testcase classname="PySysTest" name="SoftwareManagement.sm_apt_install_remove_with_version">
		<skipped message="SKIPPED: Testing the apt plugin is not supported on this platform.Use parameter -XmyPlatform='container' to enable it" />
		<system-out>21:24:46 INFO  ==============================================================
21:24:46 INFO  Id:    SoftwareManagement.sm_apt_install_remove_with_version
21:24:46 INFO  Dir:   software_management_end_to_end/
21:24:46 INFO  Title: Validate end to end behaviour for the apt plugin for packages with version
21:24:46 INFO  ==============================================================
21:24:46 INFO  Testing the apt plugin is not supported on this platform.Use parameter -XmyPlatform='container' to enable it ... skipped
21:24:46 WARN  Aborted test due to SKIPPED outcome
21:24:46 INFO  
21:24:46 INFO  Test duration: 0.02 secs
21:24:46 INFO  Test final outcome:  SKIPPED
21:24:46 INFO  Test outcome reason: Testing the apt plugin is not supported on this platform.Use parameter -XmyPlatform='container' to enable it
21:24:46 INFO  
</system-out>
	</testcase>
<testcase classname="PySysTest" name="SoftwareManagement.sm_apt_install_remove_with_version" />
<testcase classname="PySysTest" name="SoftwareManagement.sm_apt_install_remove_with_version" />
</testsuite><testsuite name="SoftwareManagement.sm_docker_install_remove_multiple" tests="3" errors="0" failures="0" skipped="1" time="0"><testcase classname="SMDockerInstallRemove" name="SoftwareManagement.sm_docker_install_remove_multiple">
		<skipped message="SKIPPED: Testing the apt plugin is not supported on this platform.Use parameter -XmyPlatform='container' to enable it" />
		<system-out>21:24:46 INFO  ==============================================================
21:24:46 INFO  Id:    SoftwareManagement.sm_docker_install_remove_multiple
21:24:46 INFO  Dir:   software_management_end_to_end/
21:24:46 INFO  Title: Validate end to end behaviour for the docker plugin for multiple docker images with mixed versions
21:24:46 INFO  ==============================================================
21:24:46 INFO  Testing the apt plugin is not supported on this platform.Use parameter -XmyPlatform='container' to enable it ... skipped
21:24:46 WARN  Aborted test due to SKIPPED outcome
21:24:46 INFO  
21:24:46 INFO  Test duration: 0.02 secs
21:24:46 INFO  Test final outcome:  SKIPPED
21:24:46 INFO  Test outcome reason: Testing the apt plugin is not supported on this platform.Use parameter -XmyPlatform='container' to enable it
21:24:46 INFO  
</system-out>
	</testcase>
<testcase classname="SMDockerInstallRemove" name="SoftwareManagement.sm_docker_install_remove_multiple" />
<testcase classname="SMDockerInstallRemove" name="SoftwareManagement.sm_docker_install_remove_multiple" />
</testsuite><testsuite name="SoftwareManagement.sm_fake_install_remove" tests="2" errors="0" failures="0" skipped="1" time="0"><testcase classname="PySysTest" name="SoftwareManagement.sm_fake_install_remove">
		<skipped message="SKIPPED: Testing the fake plugin is not enabled.Use parameter -Xfakeplugin=fakeplugin to enable it" />
		<system-out>21:24:46 INFO  ==============================================================
21:24:46 INFO  Id:    SoftwareManagement.sm_fake_install_remove
21:24:46 INFO  Dir:   software_management_end_to_end/
21:24:46 INFO  Title: Validate end to end behaviour for the dummy plugin for installation and removal of packages
21:24:46 INFO  ==============================================================
21:24:46 INFO  Testing the fake plugin is not enabled.Use parameter -Xfakeplugin=fakeplugin to enable it ... skipped
21:24:46 WARN  Aborted test due to SKIPPED outcome
21:24:46 INFO  
21:24:46 INFO  Test duration: 0.02 secs
21:24:46 INFO  Test final outcome:  SKIPPED
21:24:46 INFO  Test outcome reason: Testing the fake plugin is not enabled.Use parameter -Xfakeplugin=fakeplugin to enable it
21:24:46 INFO  
</system-out>
	</testcase>
<testcase classname="PySysTest" name="SoftwareManagement.sm_fake_install_remove" />
</testsuite><testsuite name="SoftwareManagement.sm_fake_install_remove_multiple" tests="2" errors="0" failures="0" skipped="1" time="0"><testcase classname="PySysTest" name="SoftwareManagement.sm_fake_install_remove_multiple">
		<skipped message="SKIPPED: Testing the fake plugin is not enabled.Use parameter -Xfakeplugin=fakeplugin to enable it" />
		<system-out>21:24:46 INFO  ==============================================================
21:24:46 INFO  Id:    SoftwareManagement.sm_fake_install_remove_multiple
21:24:46 INFO  Dir:   software_management_end_to_end/
21:24:46 INFO  Title: Validate end to end behaviour for the dummy-plugin for multiple packages
21:24:46 INFO  ==============================================================
21:24:46 INFO  Testing the fake plugin is not enabled.Use parameter -Xfakeplugin=fakeplugin to enable it ... skipped
21:24:46 WARN  Aborted test due to SKIPPED outcome
21:24:46 INFO  
21:24:46 INFO  Test duration: 0.02 secs
21:24:46 INFO  Test final outcome:  SKIPPED
21:24:46 INFO  Test outcome reason: Testing the fake plugin is not enabled.Use parameter -Xfakeplugin=fakeplugin to enable it
21:24:46 INFO  
</system-out>
	</testcase>
<testcase classname="PySysTest" name="SoftwareManagement.sm_fake_install_remove_multiple" />
</testsuite><testsuite name="SoftwareManagement.sm_mapper_fail_and_reconnect" tests="2" errors="0" failures="0" skipped="2" time="0"><testcase classname="MapperC8yReceiveLastMessageOnRestart" name="SoftwareManagement.sm_mapper_fail_and_reconnect">
		<skipped message="SKIPPED: instable https://github.com/thin-edge/thin-edge.io/issues/752" />
		<system-out>21:24:46 INFO  ==============================================================
21:24:46 INFO  Id:    SoftwareManagement.sm_mapper_fail_and_reconnect
21:24:46 INFO  Dir:   software_management_end_to_end/
21:24:46 INFO  Title: Validate the tedge-mapper-sm-c8y for receiving the last message on restart
21:24:46 INFO  ==============================================================
21:24:46 INFO  instable https://github.com/thin-edge/thin-edge.io/issues/752 ... skipped
21:24:46 INFO  
21:24:46 INFO  Test duration: 0.02 secs
21:24:46 INFO  Test final outcome:  SKIPPED
21:24:46 INFO  Test outcome reason: instable https://github.com/thin-edge/thin-edge.io/issues/752
21:24:46 INFO  
</system-out>
	</testcase>
<testcase classname="MapperC8yReceiveLastMessageOnRestart" name="SoftwareManagement.sm_mapper_fail_and_reconnect">
		<skipped message="SKIPPED: instable https://github.com/thin-edge/thin-edge.io/issues/752" />
		<system-out>22:35:16 INFO  ==============================================================
22:35:16 INFO  Id:    SoftwareManagement.sm_mapper_fail_and_reconnect
22:35:16 INFO  Dir:   software_management_end_to_end/
22:35:16 INFO  Title: Validate the tedge-mapper-sm-c8y for receiving the last message on restart
22:35:16 INFO  ==============================================================
22:35:16 INFO  instable https://github.com/thin-edge/thin-edge.io/issues/752 ... skipped
22:35:16 INFO  
22:35:16 INFO  Test duration: 0.03 secs
22:35:16 INFO  Test final outcome:  SKIPPED
22:35:16 INFO  Test outcome reason: instable https://github.com/thin-edge/thin-edge.io/issues/752
22:35:16 INFO  
</system-out>
	</testcase>
</testsuite><testsuite name="SoftwareManagement.sm_mixed_install_remove_multiple" tests="2" errors="0" failures="1" skipped="1" time="0"><testcase classname="PySysTest" name="SoftwareManagement.sm_mixed_install_remove_multiple">
		<skipped message="SKIPPED: Testing the fake plugin is not enabled.Use parameter -Xfakeplugin=fakeplugin to enable it" />
		<system-out>21:24:46 INFO  ==============================================================
21:24:46 INFO  Id:    SoftwareManagement.sm_mixed_install_remove_multiple
21:24:46 INFO  Dir:   software_management_end_to_end/
21:24:46 INFO  Title: Validate end to end behaviour for the dummy-plugin for multiple packages with mixed versions
21:24:46 INFO  ==============================================================
21:24:46 INFO  Testing the fake plugin is not enabled.Use parameter -Xfakeplugin=fakeplugin to enable it ... skipped
21:24:46 WARN  Aborted test due to SKIPPED outcome
21:24:46 INFO  
21:24:46 INFO  Test duration: 0.02 secs
21:24:46 INFO  Test final outcome:  SKIPPED
21:24:46 INFO  Test outcome reason: Testing the fake plugin is not enabled.Use parameter -Xfakeplugin=fakeplugin to enable it
21:24:46 INFO  
</system-out>
	</testcase>
<testcase classname="PySysTest" name="SoftwareManagement.sm_mixed_install_remove_multiple">
		<failure message="FAILED: Assert that (False == value) with value=True" type="FAILED" />
		<system-out>22:35:16 INFO  ==============================================================
22:35:16 INFO  Id:    SoftwareManagement.sm_mixed_install_remove_multiple
22:35:16 INFO  Dir:   software_management_end_to_end/
22:35:16 INFO  Title: Validate end to end behaviour for the dummy-plugin for multiple packages with mixed versions
22:35:16 INFO  ==============================================================
[...]
21:13:09 INFO  Executed sudo&lt;rm_tmp_logs&gt;, exit status 0
21:13:10 INFO  Executed sudo&lt;send_failed&gt;, exit status 0
21:13:10 INFO  Executed sudo&lt;log_file_daemon&gt;, exit status 0
21:13:14 INFO  Executed sudo&lt;tedge_disconnect_c8y&gt;, exit status 0
21:13:15 INFO  Executed systemctl&lt;serv_mapper5&gt;, exit status 3
21:13:15 INFO  
21:13:15 INFO  Test duration: 26.90 secs
21:13:15 INFO  Test final outcome:  BLOCKED
21:13:15 INFO  Test outcome reason: TypeError: 'NoneType' object is not subscriptable
21:13:15 INFO  
</system-out>
	</testcase>
</testsuite><testsuite name="log_request_num_lines" tests="1" errors="0" failures="1" skipped="0" time="0"><testcase classname="LogRequestVerifyNumberOfLines" name="log_request_num_lines">
		<failure message="BLOCKED: TypeError: 'NoneType' object is not subscriptable" type="BLOCKED" />
		<system-out>21:13:15 INFO  ==============================================================
21:13:15 INFO  Id:    log_request_num_lines
21:13:15 INFO  Dir:   log_request_end_to_end/
21:13:15 INFO  Title: Validate end to end behaviour for the log request operation check for number of lines
21:13:15 INFO  ==============================================================
21:13:15 INFO  EnvironmentC8y Setup
21:13:15 INFO  Executed systemctl&lt;serv_mapper1&gt;, exit status 3
21:13:16 INFO  Restarting mosquitto too frequently in the last 10 seconds. It was only up for 4 seconds
21:13:16 INFO  Delaying execution by 7 seconds
21:13:37 INFO  Executed sudo&lt;tedge_connect_c8y&gt;, exit status 0, duration 14 secs
21:13:37 INFO  Executed sudo&lt;tedge_connect_c8y_test&gt;, exit status 0
21:13:38 INFO  Executed systemctl&lt;serv_mosq2&gt;, exit status 0
21:13:38 INFO  Executed systemctl&lt;serv_mapper3&gt;, exit status 0
21:13:39 INFO  Executed sudo&lt;rm_logs&gt;, exit status 0
21:13:39 INFO  Executed sudo&lt;move_logs&gt;, exit status 0
21:13:40 INFO  Executed sudo&lt;log_file_daemon&gt;, exit status 0
21:13:41 WARN  TypeError occurred while running test - 'NoneType' object is not subscriptable
Traceback (most recent call last):
  File "/home/pi/env-pysys/lib/python3.7/site-packages/pysys/baserunner.py", line 1294, in __call__
    self.testObj.execute()
  File "/home/pi/actions-runner/_work/thin-edge.io/thin-edge.io/tests/PySys/log_request_end_to_end/log_request_num_lines/run.py", line 46, in execute
    log_file_request_payload, self.project.deviceid
  File "/home/pi/actions-runner/_work/thin-edge.io/thin-edge.io/tests/PySys/environments/cumulocity.py", line 101, in trigger_log_request
    "deviceId": self.device_fragment["id"],
TypeError: 'NoneType' object is not subscriptable
21:13:41 WARN  TypeError: 'NoneType' object is not subscriptable ... blocked 
21:13:41 INFO  
21:13:41 INFO  cleanup:
21:13:41 INFO  Executed sudo&lt;rm_logs&gt;, exit status 0
21:13:42 INFO  Executed sudo&lt;rm_tmp_logs&gt;, exit status 0
21:13:42 INFO  Executed sudo&lt;send_failed&gt;, exit status 0
21:13:43 INFO  Executed sudo&lt;log_file_daemon&gt;, exit status 0
21:13:47 INFO  Executed sudo&lt;tedge_disconnect_c8y&gt;, exit status 0
21:13:47 INFO  Executed systemctl&lt;serv_mapper5&gt;, exit status 3
21:13:47 INFO  
21:13:47 INFO  Test duration: 32.30 secs
21:13:47 INFO  Test final outcome:  BLOCKED
21:13:47 INFO  Test outcome reason: TypeError: 'NoneType' object is not subscriptable
21:13:47 INFO  
</system-out>
	</testcase>
</testsuite><testsuite name="mapper_awaits_before_reconnect" tests="1" errors="0" failures="1" skipped="0" time="0"><testcase classname="MapperReconnectAwait" name="mapper_awaits_before_reconnect">
		<failure message="FAILED: Line count on tedge_mapper_journal.out for &quot;tedge_mapper::core::mapper: MQTT connection error:&quot; expected &gt;=2 but got 0" type="FAILED" />
		<system-out>21:27:51 INFO  ==============================================================
21:27:51 INFO  Id:    mapper_awaits_before_reconnect
21:27:51 INFO  Dir:   tedge_mapper_c8y/
21:27:51 INFO  Title: Validate mapper doesn't reconnect too often
21:27:51 INFO  ==============================================================
21:27:51 INFO  Started mosquitto_sub with process id 32670
21:27:51 INFO  Waiting for 0.1 seconds
21:27:51 INFO  Executed sudo&lt;tedge_mapper&gt;, exit status 0
21:27:51 INFO  Waiting for 5.0 seconds
21:27:57 INFO  Executed sudo&lt;tedge_mapper&gt;, exit status 0
21:28:00 INFO  Executed sudo&lt;tedge_mapper_journal&gt;, exit status 0
21:28:00 WARN  Grep on tedge_mapper_journal.out contains "ERROR" ... failed [run.py:67]
21:28:00 INFO  Line count on file tedge_mapper_journal.out ... passed
21:28:00 WARN  Line count on tedge_mapper_journal.out for "tedge_mapper::core::mapper: MQTT connection error:" expected &gt;=2 but got 0 ... failed [run.py:78]
21:28:00 WARN  Aborted test due to FAILED outcome
21:28:00 INFO  
21:28:00 INFO  Test duration: 9.07 secs
21:28:00 INFO  Test final outcome:  FAILED
21:28:00 INFO  Test outcome reason: Line count on tedge_mapper_journal.out for "tedge_mapper::core::mapper: MQTT connection error:" expected &gt;=2 but got 0
21:28:00 INFO  
</system-out>
	</testcase>
</testsuite><testsuite name="monitoring_smaller_interval" tests="1" errors="0" failures="1" skipped="0" time="0"><testcase classname="MonitoringSmallInterval" name="monitoring_smaller_interval">
		<failure message="BLOCKED: TypeError: 'int' object is not subscriptable" type="BLOCKED" />
		<system-out>21:14:48 INFO  ==============================================================
21:14:49 INFO  Id:    monitoring_smaller_interval
21:14:49 INFO  Dir:   monitoring/
21:14:49 INFO  Title: Validate the tedge dm agent messages that are produced with smaller sampling interval than the batching window. Here the simulated collectd messages are used
21:14:49 INFO  ==============================================================
21:14:49 INFO  Executed sudo&lt;collectd&gt;, exit status 0
21:14:50 INFO  Executed sudo&lt;collectd_mapper&gt;, exit status 0
21:14:50 INFO  Started sudo&lt;tedge_sub&gt; with process id 28815
21:14:50 INFO  Executed sudo&lt;tedge_temp&gt;, exit status 0
21:14:51 INFO  Executed sudo&lt;tedge_pres&gt;, exit status 0
21:14:51 INFO  Executed sudo&lt;tedge_temp&gt;, exit status 0
21:14:52 INFO  Executed sudo&lt;tedge_pres&gt;, exit status 0
21:14:53 INFO  Executed sudo&lt;tedge_temp&gt;, exit status 0
21:14:53 INFO  Executed sudo&lt;tedge_pres&gt;, exit status 0
21:14:54 INFO  Executed sudo&lt;tedge_temp&gt;, exit status 0
21:14:54 INFO  Executed sudo&lt;tedge_pres&gt;, exit status 0
21:14:55 INFO  Executed sudo&lt;tedge_temp&gt;, exit status 0
21:14:55 INFO  Executed sudo&lt;tedge_pres&gt;, exit status 0
21:14:56 INFO  Executed sudo&lt;tedge_temp&gt;, exit status 0
21:14:57 INFO  Executed sudo&lt;tedge_pres&gt;, exit status 0
21:14:57 INFO  Executed sudo&lt;tedge_temp&gt;, exit status 0
21:14:58 INFO  Executed sudo&lt;tedge_pres&gt;, exit status 0
21:14:58 INFO  Executed sudo&lt;tedge_temp&gt;, exit status 0
21:14:59 INFO  Executed sudo&lt;tedge_pres&gt;, exit status 0
21:14:59 INFO  Executed sudo&lt;tedge_temp&gt;, exit status 0
21:15:00 INFO  Executed sudo&lt;tedge_pres&gt;, exit status 0
21:15:01 INFO  Executed sudo&lt;tedge_temp&gt;, exit status 0
21:15:01 INFO  Executed sudo&lt;tedge_pres&gt;, exit status 0
21:15:03 INFO  Executed sudo&lt;kill_out&gt;, exit status 0
21:15:03 INFO  0

21:15:03 WARN  TypeError occurred while running test - 'int' object is not subscriptable
Traceback (most recent call last):
  File "/home/pi/env-pysys/lib/python3.7/site-packages/pysys/baserunner.py", line 1296, in __call__
    self.testObj.validate()
  File "/home/pi/actions-runner/_work/thin-edge.io/thin-edge.io/tests/PySys/monitoring/monitoring_smaller_interval/run.py", line 104, in validate
    collectd_msg_validation_result=self.validate_json(),
  File "/home/pi/actions-runner/_work/thin-edge.io/thin-edge.io/tests/PySys/monitoring/monitoring_smaller_interval/run.py", line 114, in validate_json
    if not self.validate_time():
  File "/home/pi/actions-runner/_work/thin-edge.io/thin-edge.io/tests/PySys/monitoring/monitoring_smaller_interval/run.py", line 134, in validate_time
    if self.js_msg["time"]:
TypeError: 'int' object is not subscriptable
21:15:03 WARN  TypeError: 'int' object is not subscriptable ... blocked 
21:15:03 INFO  
21:15:03 INFO  cleanup:
21:15:03 INFO  monitoring_cleanup
21:15:04 INFO  Executed sudo&lt;collectd_mapper&gt;, exit status 0
21:15:04 INFO  
21:15:04 INFO  Test duration: 15.04 secs
21:15:04 INFO  Test final outcome:  BLOCKED
21:15:04 INFO  Test outcome reason: TypeError: 'int' object is not subscriptable
21:15:04 INFO  
</system-out>
	</testcase>
</testsuite><testsuite name="monitoring_with_collectd" tests="1" errors="0" failures="0" skipped="1" time="0"><testcase classname="MonitoringWithCollectd" name="monitoring_with_collectd">
		<skipped message="SKIPPED: Test execution disabled due to #792 (instable)" />
		<system-out>21:15:04 INFO  ==============================================================
21:15:04 INFO  Id:    monitoring_with_collectd
21:15:04 INFO  Dir:   monitoring/
21:15:04 INFO  Title: Validate tedge dm agent messages that are produced by batching the collectd messages
21:15:04 INFO  ==============================================================
21:15:04 INFO  Test execution disabled due to #792 (instable) ... skipped
21:15:04 INFO  
21:15:04 INFO  Test duration: 0.02 secs
21:15:04 INFO  Test final outcome:  SKIPPED
21:15:04 INFO  Test outcome reason: Test execution disabled due to #792 (instable)
21:15:04 INFO  
</system-out>
	</testcase>
</testsuite><testsuite name="monitoring_with_simulated_messages" tests="1" errors="0" failures="1" skipped="0" time="0"><testcase classname="MonitoringWithSimulatedMessages" name="monitoring_with_simulated_messages">
		<failure message="BLOCKED: TypeError: 'int' object is not subscriptable" type="BLOCKED" />
		<system-out>21:15:04 INFO  ==============================================================
21:15:04 INFO  Id:    monitoring_with_simulated_messages
21:15:04 INFO  Dir:   monitoring/
21:15:04 INFO  Title: Validate the tedge dm agent messages that are produced from the simulated collectd messages
21:15:04 INFO  ==============================================================
21:15:04 INFO  Executed sudo&lt;collectd&gt;, exit status 0
21:15:05 INFO  Executed sudo&lt;collectd_mapper&gt;, exit status 0
21:15:05 INFO  Started sudo&lt;tedge_sub&gt; with process id 28866
21:15:05 INFO  Executed sudo&lt;tedge_temp&gt;, exit status 0
21:15:06 INFO  Executed sudo&lt;tedge_pres&gt;, exit status 0
21:15:07 INFO  Executed sudo&lt;kill_out&gt;, exit status 0
21:15:07 INFO  0

21:15:07 WARN  TypeError occurred while running test - 'int' object is not subscriptable
Traceback (most recent call last):
  File "/home/pi/env-pysys/lib/python3.7/site-packages/pysys/baserunner.py", line 1296, in __call__
    self.testObj.validate()
  File "/home/pi/actions-runner/_work/thin-edge.io/thin-edge.io/tests/PySys/monitoring/monitoring_with_simulated_messages/run.py", line 98, in validate
    collectd_msg_validation_result=self.validate_json(),
  File "/home/pi/actions-runner/_work/thin-edge.io/thin-edge.io/tests/PySys/monitoring/monitoring_with_simulated_messages/run.py", line 108, in validate_json
    if not self.validate_time():
  File "/home/pi/actions-runner/_work/thin-edge.io/thin-edge.io/tests/PySys/monitoring/monitoring_with_simulated_messages/run.py", line 127, in validate_time
    if self.js_msg["time"]:
TypeError: 'int' object is not subscriptable
21:15:07 WARN  TypeError: 'int' object is not subscriptable ... blocked 
21:15:07 INFO  
21:15:07 INFO  cleanup:
21:15:07 INFO  monitoring_cleanup
21:15:08 INFO  Executed sudo&lt;collectd_mapper&gt;, exit status 0
21:15:08 INFO  
21:15:08 INFO  Test duration: 4.49 secs
21:15:08 INFO  Test final outcome:  BLOCKED
21:15:08 INFO  Test outcome reason: TypeError: 'int' object is not subscriptable
21:15:08 INFO  
</system-out>
	</testcase>
</testsuite><testsuite name="mqtt_port_change_connection_fails" tests="1" errors="0" failures="0" skipped="0" time="0"><testcase classname="MqttPortChangeConnectionFails" name="mqtt_port_change_connection_fails" />
</testsuite><testsuite name="mqtt_port_change_connection_works" tests="1" errors="0" failures="0" skipped="1" time="0"><testcase classname="MqttPortChangeConnectionWorks" name="mqtt_port_change_connection_works">
		<skipped message="SKIPPED: failing intermitently" />
		<system-out>21:14:22 INFO  ==============================================================
21:14:22 INFO  Id:    mqtt_port_change_connection_works
21:14:22 INFO  Dir:   misc_features/
21:14:22 INFO  Title: mqtt port change connection works for all the thin-edge services that use the mosquitto broker
21:14:22 INFO  ==============================================================
21:14:22 INFO  failing intermitently ... skipped
21:14:22 INFO  
21:14:22 INFO  Test duration: 0.02 secs
21:14:22 INFO  Test final outcome:  SKIPPED
21:14:22 INFO  Test outcome reason: failing intermitently
21:14:22 INFO  
</system-out>
	</testcase>
</testsuite><testsuite name="publish_flux" tests="1" errors="0" failures="0" skipped="0" time="0"><testcase classname="PublishFlux" name="publish_flux" />
</testsuite><testsuite name="publish_sawmill" tests="1" errors="0" failures="0" skipped="0" time="0"><testcase classname="PublishSawmill" name="publish_sawmill" />
</testsuite><testsuite name="runtime_start_two_mappers" tests="1" errors="0" failures="0" skipped="0" time="0"><testcase classname="RuntimeMultiMappers" name="runtime_start_two_mappers" />
</testsuite><testsuite name="sm_tedge_mapper_init_session" tests="1" errors="0" failures="0" skipped="0" time="0"><testcase classname="TedgeSMMapperInitSession" name="sm_tedge_mapper_init_session" />
</testsuite><testsuite name="smoketest_json" tests="1" errors="0" failures="0" skipped="0" time="0"><testcase classname="SmokeTestJson" name="smoketest_json" />
</testsuite><testsuite name="smoketest_json_400_samples_10ms" tests="1" errors="0" failures="0" skipped="0" time="0"><testcase classname="SmoketestJson400Samples10ms" name="smoketest_json_400_samples_10ms" />
</testsuite><testsuite name="smoketest_json_400_samples_20ms" tests="1" errors="0" failures="0" skipped="0" time="0"><testcase classname="SmoketestJson400Samples20ms" name="smoketest_json_400_samples_20ms" />
</testsuite><testsuite name="smoketest_smartrest" tests="1" errors="0" failures="0" skipped="0" time="0"><testcase classname="SmoketestSmartRest" name="smoketest_smartrest" />
</testsuite><testsuite name="smoketest_smartrest_400_samples_1Xms" tests="1" errors="0" failures="0" skipped="0" time="0"><testcase classname="SmoketestSmartRest400Samples1Xms" name="smoketest_smartrest_400_samples_1Xms" />
</testsuite><testsuite name="smoketest_smartrest_400_samples_20ms" tests="1" errors="0" failures="0" skipped="0" time="0"><testcase classname="SmoketestSmartRest400Samples20ms" name="smoketest_smartrest_400_samples_20ms" />
</testsuite><testsuite name="tedge_agent_user_sudo_access" tests="1" errors="0" failures="0" skipped="1" time="0"><testcase classname="TedgeAgentUserSudoAccess" name="tedge_agent_user_sudo_access">
		<skipped message="SKIPPED: #955 Observation: Exit code of the apt plugin when called with no arguments" />
		<system-out>21:25:12 INFO  ==============================================================
21:25:12 INFO  Id:    tedge_agent_user_sudo_access
21:25:12 INFO  Dir:   tedge/
21:25:12 INFO  Title: Validate tedge-agent user has a limited sudo right
21:25:12 INFO  ==============================================================
21:25:12 INFO  #955 Observation: Exit code of the apt plugin when called with no arguments ... skipped
21:25:12 INFO  
21:25:12 INFO  Test duration: 0.02 secs
21:25:12 INFO  Test final outcome:  SKIPPED
21:25:12 INFO  Test outcome reason: #955 Observation: Exit code of the apt plugin when called with no arguments
21:25:12 INFO  
</system-out>
	</testcase>
</testsuite><testsuite name="tedge_connect_test_negative" tests="1" errors="0" failures="0" skipped="0" time="0"><testcase classname="TedgeConnectTestNegative" name="tedge_connect_test_negative" />
</testsuite><testsuite name="tedge_connect_test_positive" tests="1" errors="0" failures="0" skipped="0" time="0"><testcase classname="TedgeConnectTestPositive" name="tedge_connect_test_positive" />
</testsuite><testsuite name="tedge_connect_test_sm_services" tests="1" errors="0" failures="0" skipped="0" time="0"><testcase classname="TedgeConnectTestSMServices" name="tedge_connect_test_sm_services" />
</testsuite><testsuite name="tedge_disconnect_test_sm_services" tests="1" errors="0" failures="0" skipped="0" time="0"><testcase classname="TedgeDisConnectTestSMServices" name="tedge_disconnect_test_sm_services" />
</testsuite><testsuite name="tedge_mapper_az_negative" tests="1" errors="0" failures="0" skipped="0" time="0"><testcase classname="TedgeMapperAzError" name="tedge_mapper_az_negative" />
</testsuite><testsuite name="tedge_mapper_az_with_timestamp" tests="1" errors="0" failures="0" skipped="0" time="0"><testcase classname="TedgeMapperAzWithTimestamp" name="tedge_mapper_az_with_timestamp" />
</testsuite><testsuite name="tedge_mapper_az_without_timestamp" tests="1" errors="0" failures="0" skipped="0" time="0"><testcase classname="TedgeMapperAzWithoutTimestamp" name="tedge_mapper_az_without_timestamp" />
</testsuite><testsuite name="tedge_mapper_c8y_alarms" tests="1" errors="0" failures="0" skipped="0" time="0"><testcase classname="TedgeMapperC8yAlarm" name="tedge_mapper_c8y_alarms" />
</testsuite><testsuite name="tedge_mapper_c8y_child_device_measurement" tests="1" errors="0" failures="0" skipped="0" time="0"><testcase classname="TedgeMapperC8yChildDevice" name="tedge_mapper_c8y_child_device_measurement" />
</testsuite><testsuite name="tedge_mapper_c8y_packet_threshold_size" tests="1" errors="0" failures="1" skipped="0" time="0"><testcase classname="TedgeMapperC8yThresholdPacketSize" name="tedge_mapper_c8y_packet_threshold_size">
		<failure message="FAILED: Grep on tedge_sub.out contains &quot;The size of the message received on tedge/measurements is 20489 which is greater than the threshold size of 16184.&quot;" type="FAILED" />
		<system-out>21:29:39 INFO  ==============================================================
21:29:39 INFO  Id:    tedge_mapper_c8y_packet_threshold_size
21:29:39 INFO  Dir:   tedge_mapper_c8y/
21:29:39 INFO  Title: Validate the Cumulocity Mapper accepted threshold packet size when it receives a message on tedge/measurements
21:29:39 INFO  ==============================================================
21:29:40 INFO  Executed sudo&lt;tedge_mapper_c8y&gt;, exit status 0
21:29:40 INFO  Started sudo&lt;tedge_sub&gt; with process id 836
21:29:41 INFO  Executed sudo&lt;tedge_msg&gt;, exit status 0
21:29:41 INFO  Executed sudo&lt;tedge_pub&gt;, exit status 0
21:29:42 INFO  Executed sudo&lt;kill_out&gt;, exit status 0
21:29:42 WARN  Grep on tedge_sub.out contains "The size of the message received on tedge/measurements is 20489 which is greater than the threshold size of 16184." ... failed [run.py:88]
21:29:42 INFO  
21:29:42 INFO  cleanup:
21:29:42 INFO  mapper_cleanup
21:29:42 INFO  Executed sudo&lt;tedge_mapper_c8y&gt;, exit status 0
21:29:42 INFO  
21:29:42 INFO  Test duration: 2.90 secs
21:29:42 INFO  Test final outcome:  FAILED
21:29:42 INFO  Test outcome reason: Grep on tedge_sub.out contains "The size of the message received on tedge/measurements is 20489 which is greater than the threshold size of 16184."
21:29:42 INFO  
</system-out>
	</testcase>
</testsuite><testsuite name="tedge_software_update" tests="1" errors="0" failures="0" skipped="0" time="0"><testcase classname="PySysTest" name="tedge_software_update" />
</testsuite><testsuite name="valid_device_id" tests="1" errors="0" failures="0" skipped="0" time="0"><testcase classname="ValidateValidDeviceId" name="valid_device_id" />
</testsuite></testsuites>