<?xml version='1.0' encoding='utf-8'?>
<testsuites tests="139" failures="20" errors="0" skipped="45" time="0.0"><testsuite name="SoftwareManagement.Plugin.apama_plugin_install" tests="3" errors="0" failures="0" skipped="1" time="0"><testcase classname="ApamaPluginInstallTest" name="SoftwareManagement.Plugin.apama_plugin_install">
		<skipped message="SKIPPED: Apama plugin tests are disabled by default. Execute `pysys run` with `-XmyPlatform=container` to run these tests" />
		<system-out>17:26:15 INFO  ==============================================================
17:26:15 INFO  Id:    SoftwareManagement.Plugin.apama_plugin_install
17:26:15 INFO  Dir:   plugin_apama/
17:26:15 INFO  Title: Validate apama plugin install
17:26:15 INFO  ==============================================================
17:26:15 INFO  Apama plugin tests are disabled by default. Execute `pysys run` with `-XmyPlatform=container` to run these tests ... skipped
17:26:15 WARN  Aborted test due to SKIPPED outcome
17:26:15 INFO  
17:26:15 INFO  Test duration: 0.07 secs
17:26:15 INFO  Test final outcome:  SKIPPED
17:26:15 INFO  Test outcome reason: Apama plugin tests are disabled by default. Execute `pysys run` with `-XmyPlatform=container` to run these tests
17:26:15 INFO  
</system-out>
	</testcase>
<testcase classname="ApamaPluginInstallTest" name="SoftwareManagement.Plugin.apama_plugin_install" />
<testcase classname="ApamaPluginInstallTest" name="SoftwareManagement.Plugin.apama_plugin_install" />
</testsuite><testsuite name="SoftwareManagement.Plugin.apama_plugin_mon_support" tests="3" errors="0" failures="0" skipped="1" time="0"><testcase classname="ApamaPluginMonSupportTest" name="SoftwareManagement.Plugin.apama_plugin_mon_support">
		<skipped message="SKIPPED: Apama plugin tests are disabled by default. Execute `pysys run` with `-XmyPlatform=container` to run these tests" />
		<system-out>17:26:15 INFO  ==============================================================
17:26:15 INFO  Id:    SoftwareManagement.Plugin.apama_plugin_mon_support
17:26:15 INFO  Dir:   plugin_apama/
17:26:15 INFO  Title: Validate mon file support of apama plugin
17:26:15 INFO  ==============================================================
17:26:15 INFO  Apama plugin tests are disabled by default. Execute `pysys run` with `-XmyPlatform=container` to run these tests ... skipped
17:26:15 WARN  Aborted test due to SKIPPED outcome
17:26:15 INFO  
17:26:15 INFO  Test duration: 0.02 secs
17:26:15 INFO  Test final outcome:  SKIPPED
17:26:15 INFO  Test outcome reason: Apama plugin tests are disabled by default. Execute `pysys run` with `-XmyPlatform=container` to run these tests
17:26:15 INFO  
</system-out>
	</testcase>
<testcase classname="ApamaPluginMonSupportTest" name="SoftwareManagement.Plugin.apama_plugin_mon_support" />
<testcase classname="ApamaPluginMonSupportTest" name="SoftwareManagement.Plugin.apama_plugin_mon_support" />
</testsuite><testsuite name="SoftwareManagement.Plugin.apama_plugin_remove" tests="3" errors="0" failures="0" skipped="1" time="0"><testcase classname="ApamaPluginRemoveTest" name="SoftwareManagement.Plugin.apama_plugin_remove">
		<skipped message="SKIPPED: Apama plugin tests are disabled by default. Execute `pysys run` with `-XmyPlatform=container` to run these tests" />
		<system-out>17:26:15 INFO  ==============================================================
17:26:15 INFO  Id:    SoftwareManagement.Plugin.apama_plugin_remove
17:26:15 INFO  Dir:   plugin_apama/
17:26:15 INFO  Title: Validate apama plugin remove
17:26:15 INFO  ==============================================================
17:26:15 INFO  Apama plugin tests are disabled by default. Execute `pysys run` with `-XmyPlatform=container` to run these tests ... skipped
17:26:15 WARN  Aborted test due to SKIPPED outcome
17:26:15 INFO  
17:26:15 INFO  Test duration: 0.03 secs
17:26:15 INFO  Test final outcome:  SKIPPED
17:26:15 INFO  Test outcome reason: Apama plugin tests are disabled by default. Execute `pysys run` with `-XmyPlatform=container` to run these tests
17:26:15 INFO  
</system-out>
	</testcase>
<testcase classname="ApamaPluginRemoveTest" name="SoftwareManagement.Plugin.apama_plugin_remove" />
<testcase classname="ApamaPluginRemoveTest" name="SoftwareManagement.Plugin.apama_plugin_remove" />
</testsuite><testsuite name="SoftwareManagement.Plugin.apama_plugin_update" tests="3" errors="0" failures="2" skipped="1" time="0"><testcase classname="ApamaPluginUpdateTest" name="SoftwareManagement.Plugin.apama_plugin_update">
		<skipped message="SKIPPED: Apama plugin tests are disabled by default. Execute `pysys run` with `-XmyPlatform=container` to run these tests" />
		<system-out>17:26:15 INFO  ==============================================================
17:26:15 INFO  Id:    SoftwareManagement.Plugin.apama_plugin_update
17:26:15 INFO  Dir:   plugin_apama/
17:26:15 INFO  Title: Validate apama plugin updating one project with another
17:26:15 INFO  ==============================================================
17:26:15 INFO  Apama plugin tests are disabled by default. Execute `pysys run` with `-XmyPlatform=container` to run these tests ... skipped
17:26:15 WARN  Aborted test due to SKIPPED outcome
17:26:15 INFO  
17:26:15 INFO  Test duration: 0.02 secs
17:26:15 INFO  Test final outcome:  SKIPPED
17:26:15 INFO  Test outcome reason: Apama plugin tests are disabled by default. Execute `pysys run` with `-XmyPlatform=container` to run these tests
17:26:15 INFO  
</system-out>
	</testcase>
<testcase classname="ApamaPluginUpdateTest" name="SoftwareManagement.Plugin.apama_plugin_update">
		<failure message="BLOCKED: sudo&lt;plugin_install&gt; returned non-zero exit code 2" type="BLOCKED" />
		<system-out>18:05:19 INFO  ==============================================================
18:05:19 INFO  Id:    SoftwareManagement.Plugin.apama_plugin_update
18:05:19 INFO  Dir:   plugin_apama/
18:05:19 INFO  Title: Validate apama plugin updating one project with another
18:05:19 INFO  ==============================================================
18:05:19 INFO  Assertion that path exists=False for "/etc/tedge/apama/project" ... passed
18:05:20 INFO  Executed sudo&lt;create_project_dir&gt;, exit status 0
18:05:20 INFO  Executed sudo&lt;unzip_apama_project&gt;, exit status 0
18:05:21 INFO  Executed sudo&lt;move_apama_project&gt;, exit status 0
18:05:22 INFO  Executed sudo&lt;restart_apama_service&gt;, exit status 0
18:05:23 INFO  Executed sudo&lt;apama_correlator_wait&gt;, exit status 0
18:05:23 INFO  Assertion that path exists=True for "/etc/tedge/apama/project" ... passed
18:05:23 INFO  Executed sudo&lt;apama_list_monitors&gt;, exit status 0
18:05:23 INFO  Grep on file /home/pi/actions-runner/_work/thin-edge.io/thin-edge.io/tests/PySys/plugin_apama/apama_plugin_update/Output/linux/apama_list_monitors.out ... passed
18:05:24 WARN  Executed sudo&lt;plugin_install&gt;, exit status 2
18:05:24 INFO  Contents of plugin_install.err: 
  ERROR: Directory not empty (os error 39)
  -----

18:05:24 WARN  sudo&lt;plugin_install&gt; returned non-zero exit code 2 ... blocked [run.py:35]
18:05:24 WARN  Aborted test due to BLOCKED outcome
18:05:24 INFO  
18:05:24 INFO  cleanup:
18:05:24 INFO  Removing apama project
18:05:40 INFO  Executed sudo&lt;stop_apama_service&gt;, exit status 0, duration 15 secs
18:05:40 INFO  Executed sudo&lt;remove_apama_project&gt;, exit status 0
18:05:41 INFO  Executed sudo&lt;remove_apama_tmp_dir&gt;, exit status 0
18:05:41 INFO  
18:05:41 INFO  Test duration: 21.23 secs
18:05:41 INFO  Test final outcome:  BLOCKED
18:05:41 INFO  Test outcome reason: sudo&lt;plugin_install&gt; returned non-zero exit code 2
18:05:41 INFO  
</system-out>
	</testcase>
<testcase classname="ApamaPluginUpdateTest" name="SoftwareManagement.Plugin.apama_plugin_update">
		<failure message="BLOCKED: sudo&lt;plugin_install&gt; returned non-zero exit code 2" type="BLOCKED" />
		<system-out>18:13:46 INFO  ==============================================================
18:13:46 INFO  Id:    SoftwareManagement.Plugin.apama_plugin_update
18:13:46 INFO  Dir:   plugin_apama/
18:13:46 INFO  Title: Validate apama plugin updating one project with another
18:13:46 INFO  ==============================================================
18:13:46 INFO  Assertion that path exists=False for "/etc/tedge/apama/project" ... passed
18:13:47 INFO  Executed sudo&lt;create_project_dir&gt;, exit status 0
18:13:47 INFO  Executed sudo&lt;unzip_apama_project&gt;, exit status 0
18:13:48 INFO  Executed sudo&lt;move_apama_project&gt;, exit status 0
18:13:49 INFO  Executed sudo&lt;restart_apama_service&gt;, exit status 0
18:13:50 INFO  Executed sudo&lt;apama_correlator_wait&gt;, exit status 0
18:13:50 INFO  Assertion that path exists=True for "/etc/tedge/apama/project" ... passed
18:13:50 INFO  Executed sudo&lt;apama_list_monitors&gt;, exit status 0
18:13:50 INFO  Grep on file /home/pi/actions-runner/_work/thin-edge.io/thin-edge.io/tests/PySys/plugin_apama/apama_plugin_update/Output/linux/apama_list_monitors.out ... passed
18:13:51 WARN  Executed sudo&lt;plugin_install&gt;, exit status 2
18:13:51 INFO  Contents of plugin_install.err: 
  ERROR: Directory not empty (os error 39)
  -----

18:13:51 WARN  sudo&lt;plugin_install&gt; returned non-zero exit code 2 ... blocked [run.py:35]
18:13:51 WARN  Aborted test due to BLOCKED outcome
18:13:51 INFO  
18:13:51 INFO  cleanup:
18:13:51 INFO  Removing apama project
18:14:07 INFO  Executed sudo&lt;stop_apama_service&gt;, exit status 0, duration 15 secs
18:14:07 INFO  Executed sudo&lt;remove_apama_project&gt;, exit status 0
18:14:08 INFO  Executed sudo&lt;remove_apama_tmp_dir&gt;, exit status 0
18:14:08 INFO  
18:14:08 INFO  Test duration: 21.50 secs
18:14:08 INFO  Test final outcome:  BLOCKED
18:14:08 INFO  Test outcome reason: sudo&lt;plugin_install&gt; returned non-zero exit code 2
18:14:08 INFO  
</system-out>
	</testcase>
</testsuite><testsuite name="SoftwareManagement.sm_apt_install_download_path" tests="3" errors="0" failures="2" skipped="1" time="0"><testcase classname="AptInstallWithDownloadPath" name="SoftwareManagement.sm_apt_install_download_path">
		<skipped message="SKIPPED: Testing the apt plugin is not supported on this platform.Use parameter -XmyPlatform='container' to enable it" />
		<system-out>17:35:48 INFO  ==============================================================
17:35:48 INFO  Id:    SoftwareManagement.sm_apt_install_download_path
17:35:48 INFO  Dir:   software_management_end_to_end/
17:35:48 INFO  Title: Install package to directory specified in tedge config set tmp.path
17:35:48 INFO  ==============================================================
17:35:48 INFO  Testing the apt plugin is not supported on this platform.Use parameter -XmyPlatform='container' to enable it ... skipped
17:35:48 WARN  Aborted test due to SKIPPED outcome
17:35:48 INFO  
17:35:48 INFO  Test duration: 0.06 secs
17:35:48 INFO  Test final outcome:  SKIPPED
17:35:48 INFO  Test outcome reason: Testing the apt plugin is not supported on this platform.Use parameter -XmyPlatform='container' to enable it
17:35:48 INFO  
</system-out>
	</testcase>
<testcase classname="AptInstallWithDownloadPath" name="SoftwareManagement.sm_apt_install_download_path">
		<failure message="BLOCKED: SystemError: The Sofware list is empty !!!" type="BLOCKED" />
		<system-out>17:59:25 INFO  ==============================================================
17:59:25 INFO  Id:    SoftwareManagement.sm_apt_install_download_path
17:59:25 INFO  Dir:   software_management_end_to_end/
17:59:25 INFO  Title: Install package to directory specified in tedge config set tmp.path
17:59:25 INFO  ==============================================================
17:59:25 INFO  Using sw id database: {'asciijump': '5475369', 'robotfindskitten': '5474869', 'squirrel3': '5475279', 'rolldice': '5152439', 'moon-buggy': '5439204', 'apple': '5495053', 'banana': '5494888', 'cherry': '5495382', 'watermelon': '5494510', 'registry': '8018911', 'hello-world': '8021526', 'docker/getting-started': '8021973', 'alpine': '7991792'}
17:59:25 INFO  EnvironmentC8y Setup
17:59:26 INFO  Executed systemctl&lt;serv_mapper1&gt;, exit status 3
17:59:40 INFO  Executed sudo&lt;tedge_connect_c8y&gt;, exit status 0, duration 14 secs
17:59:42 INFO  Executed sudo&lt;tedge_connect_c8y_test&gt;, exit status 0
17:59:43 INFO  Executed systemctl&lt;serv_mosq2&gt;, exit status 0
17:59:44 INFO  Executed systemctl&lt;serv_mapper3&gt;, exit status 0
17:59:46 ERROR No operations found, assuming it passed
17:59:47 WARN  SystemError occurred while running test - The Sofware list is empty !!!
Traceback (most recent call last):
  File "/home/pi/env-pysys/lib/python3.7/site-packages/pysys/baserunner.py", line 1292, in __call__
    self.testObj.setup()
  File "/home/pi/actions-runner/_work/thin-edge.io/thin-edge.io/tests/PySys/software_management_end_to_end/sm_apt_install_download_path/run.py", line 49, in setup
    self.assertThat("False == value", value=self.check_is_installed("rolldice"))
  File "/home/pi/actions-runner/_work/thin-edge.io/thin-edge.io/tests/PySys/software_management_end_to_end/environment_sm_management.py", line 399, in check_is_installed
    raise SystemError("The Sofware list is empty !!!")
SystemError: The Sofware list is empty !!!
17:59:47 WARN  SystemError: The Sofware list is empty !!! ... blocked 
17:59:47 INFO  
17:59:47 INFO  cleanup:
17:59:48 INFO  Executed sudo, exit status 0
17:59:48 INFO  Executed sudo, exit status 0
17:59:52 INFO  Executed sudo&lt;tedge_disconnect_c8y&gt;, exit status 0
17:59:52 INFO  Restarting mosquitto too frequently in the last 10 seconds. It was only up for 3 seconds
17:59:52 INFO  Delaying execution by 8 seconds
18:00:14 INFO  Executed sudo&lt;tedge_connect_c8y&gt;, exit status 0, duration 13 secs
18:00:18 INFO  Executed sudo&lt;tedge_disconnect_c8y&gt;, exit status 0
18:00:19 INFO  Executed systemctl&lt;serv_mapper5&gt;, exit status 3
18:00:19 INFO  
18:00:19 INFO  Test duration: 53.74 secs
18:00:19 INFO  Test final outcome:  BLOCKED
18:00:19 INFO  Test outcome reason: SystemError: The Sofware list is empty !!!
18:00:19 INFO  
</system-out>
	</testcase>
<testcase classname="AptInstallWithDownloadPath" name="SoftwareManagement.sm_apt_install_download_path">
		<failure message="BLOCKED: AssertionError:" type="BLOCKED" />
		<system-out>18:14:08 INFO  ==============================================================
18:14:08 INFO  Id:    SoftwareManagement.sm_apt_install_download_path
18:14:08 INFO  Dir:   software_management_end_to_end/
18:14:08 INFO  Title: Install package to directory specified in tedge config set tmp.path
18:14:08 INFO  ==============================================================
18:14:09 INFO  Using sw id database: {'asciijump': '5475369', 'robotfindskitten': '5474869', 'squirrel3': '5475279', 'rolldice': '5152439', 'moon-buggy': '5439204', 'apple': '5495053', 'banana': '5494888', 'cherry': '5495382', 'watermelon': '5494510', 'registry': '8018911', 'hello-world': '8021526', 'docker/getting-started': '8021973', 'alpine': '7991792'}
18:14:09 INFO  EnvironmentC8y Setup
18:14:10 INFO  Executed systemctl&lt;serv_mapper1&gt;, exit status 3
18:14:24 INFO  Executed sudo&lt;tedge_connect_c8y&gt;, exit status 0, duration 14 secs
18:14:25 INFO  Executed sudo&lt;tedge_connect_c8y_test&gt;, exit status 0
18:14:26 INFO  Executed systemctl&lt;serv_mosq2&gt;, exit status 0
18:14:26 INFO  Executed systemctl&lt;serv_mapper3&gt;, exit status 0
18:14:29 INFO  State of current operation: SUCCESSFUL
18:14:29 INFO  Assert that (False == value) with value=False ... passed
18:14:29 INFO  Executed sudo, exit status 0
18:14:30 INFO  Executed sudo, exit status 0
18:14:31 INFO  Executed sudo, exit status 0
18:14:34 INFO  Executed sudo&lt;tedge_disconnect_c8y&gt;, exit status 0
18:14:35 INFO  Restarting mosquitto too frequently in the last 10 seconds. It was only up for 3 seconds
18:14:35 INFO  Delaying execution by 8 seconds
18:14:56 INFO  Executed sudo&lt;tedge_connect_c8y&gt;, exit status 0, duration 13 secs
18:14:57 INFO  Response status: 201
18:14:57 INFO  Response to action: {
    "delivery": {
        "log": [],
        "time": "2022-07-22T18:14:57.017Z",
        "status": "PENDING"
    },
    "creationTime": "2022-07-22T18:14:56.998Z",
    "deviceId": "21300464",
    "deviceName": "m32sd10d",
    "self": "https://t493319102.eu-latest.cumulocity.com/devicecontrol/operations/21313474",
    "id": "21313474",
    "status": "PENDING",
    "description": "Apply software changes, triggered from PySys: [{'name': 'rolldice', 'id': '5152439', 'version': '::apt', 'url': 'https://thin-edge-io.eu-latest.cumulocity.com/inventory/binaries/12435463', 'action': 'install'}]",
    "c8y_SoftwareUpdate": [
        {
            "name": "rolldice",
            "action": "install",
            "id": "5152439",
            "version": "::apt",
            "url": "https://thin-edge-io.eu-latest.cumulocity.com/inventory/binaries/12435463"
        }
    ]
}
18:14:57 INFO  Started operation: {'delivery': {'log': [], 'time': '2022-07-22T18:14:57.017Z', 'status': 'PENDING'}, 'creationTime': '2022-07-22T18:14:56.998Z', 'deviceId': '21300464', 'deviceName': 'm32sd10d', 'self': 'https://t493319102.eu-latest.cumulocity.com/devicecontrol/operations/21313474', 'id': '21313474', 'status': 'PENDING', 'description': "Apply software changes, triggered from PySys: [{'name': 'rolldice', 'id': '5152439', 'version': '::apt', 'url': 'https://thin-edge-io.eu-latest.cumulocity.com/inventory/binaries/12435463', 'action': 'install'}]", 'c8y_SoftwareUpdate': [{'name': 'rolldice', 'action': 'install', 'id': '5152439', 'version': '::apt', 'url': 'https://thin-edge-io.eu-latest.cumulocity.com/inventory/binaries/12435463'}]}
18:14:57 WARN  , retrying in 0.5 seconds...
18:14:57 WARN  , retrying in 0.5 seconds...
18:14:58 WARN  , retrying in 0.5 seconds...
18:14:58 WARN  , retrying in 0.5 seconds...
18:14:59 WARN  , retrying in 0.5 seconds...
18:14:59 WARN  , retrying in 0.5 seconds...
18:15:00 WARN  , retrying in 0.5 seconds...
18:15:00 WARN  , retrying in 0.5 seconds...
18:15:01 WARN  , retrying in 0.5 seconds...
18:15:01 WARN  AssertionError occurred while running test - 
Traceback (most recent call last):
  File "/home/pi/env-pysys/lib/python3.7/site-packages/pysys/baserunner.py", line 1294, in __call__
    self.testObj.execute()
  File "/home/pi/actions-runner/_work/thin-edge.io/thin-edge.io/tests/PySys/software_management_end_to_end/sm_apt_install_download_path/run.py", line 83, in execute
    assert_install_in_download_path(install_directory=self.DOWNLOAD_DIR)
  File "/home/pi/env-pysys/lib/python3.7/site-packages/decorator.py", line 232, in fun
    return caller(func, *(extras + args), **kw)
  File "/home/pi/env-pysys/lib/python3.7/site-packages/retry/api.py", line 74, in retry_decorator
    logger)
  File "/home/pi/env-pysys/lib/python3.7/site-packages/retry/api.py", line 33, in __retry_internal
    return f()
  File "/home/pi/actions-runner/_work/thin-edge.io/thin-edge.io/tests/PySys/software_management_end_to_end/sm_apt_install_download_path/run.py", line 28, in assert_install_in_download_path
    assert "rolldice" in os.listdir(f"{install_directory}")
AssertionError
18:15:01 WARN  AssertionError: ... blocked 
18:15:01 INFO  
18:15:01 INFO  cleanup:
18:15:02 INFO  Executed sudo, exit status 0
18:15:02 INFO  Executed sudo, exit status 0
18:15:06 INFO  Executed sudo&lt;tedge_disconnect_c8y&gt;, exit status 0
18:15:07 INFO  Restarting mosquitto too frequently in the last 10 seconds. It was only up for 3 seconds
18:15:07 INFO  Delaying execution by 8 seconds
18:15:28 INFO  Executed sudo&lt;tedge_connect_c8y&gt;, exit status 0, duration 13 secs
18:15:33 INFO  Executed sudo&lt;tedge_disconnect_c8y&gt;, exit status 0
18:15:33 INFO  Executed systemctl&lt;serv_mapper5&gt;, exit status 3
18:15:33 INFO  
18:15:33 INFO  Test duration: 85.22 secs
18:15:33 INFO  Test final outcome:  BLOCKED
18:15:33 INFO  Test outcome reason: AssertionError:
18:15:33 INFO  
</system-out>
	</testcase>
</testsuite><testsuite name="SoftwareManagement.sm_apt_install_fail" tests="3" errors="0" failures="1" skipped="1" time="0"><testcase classname="PySysTest" name="SoftwareManagement.sm_apt_install_fail">
		<skipped message="SKIPPED: Testing the apt plugin is not supported on this platform.Use parameter -XmyPlatform='container' to enable it" />
		<system-out>17:35:48 INFO  ==============================================================
17:35:48 INFO  Id:    SoftwareManagement.sm_apt_install_fail
17:35:48 INFO  Dir:   software_management_end_to_end/
17:35:48 INFO  Title: Validate end to end behaviour for a failing installation
17:35:48 INFO  ==============================================================
17:35:48 INFO  Testing the apt plugin is not supported on this platform.Use parameter -XmyPlatform='container' to enable it ... skipped
17:35:48 WARN  Aborted test due to SKIPPED outcome
17:35:48 INFO  
17:35:48 INFO  Test duration: 0.02 secs
17:35:48 INFO  Test final outcome:  SKIPPED
17:35:48 INFO  Test outcome reason: Testing the apt plugin is not supported on this platform.Use parameter -XmyPlatform='container' to enable it
17:35:48 INFO  
</system-out>
	</testcase>
<testcase classname="PySysTest" name="SoftwareManagement.sm_apt_install_fail">
		<failure message="BLOCKED: SystemError: The Sofware list is empty !!!" type="BLOCKED" />
		<system-out>18:00:19 INFO  ==============================================================
18:00:19 INFO  Id:    SoftwareManagement.sm_apt_install_fail
18:00:19 INFO  Dir:   software_management_end_to_end/
18:00:19 INFO  Title: Validate end to end behaviour for a failing installation
18:00:19 INFO  ==============================================================
18:00:19 INFO  Using sw id database: {'asciijump': '5475369', 'robotfindskitten': '5474869', 'squirrel3': '5475279', 'rolldice': '5152439', 'moon-buggy': '5439204', 'apple': '5495053', 'banana': '5494888', 'cherry': '5495382', 'watermelon': '5494510', 'registry': '8018911', 'hello-world': '8021526', 'docker/getting-started': '8021973', 'alpine': '7991792'}
18:00:19 INFO  EnvironmentC8y Setup
18:00:20 INFO  Executed systemctl&lt;serv_mapper1&gt;, exit status 3
18:00:20 INFO  Restarting mosquitto too frequently in the last 10 seconds. It was only up for 5 seconds
18:00:20 INFO  Delaying execution by 6 seconds
18:00:40 INFO  Executed sudo&lt;tedge_connect_c8y&gt;, exit status 0, duration 13 secs
18:00:40 INFO  Executed sudo&lt;tedge_connect_c8y_test&gt;, exit status 0
18:00:41 INFO  Executed systemctl&lt;serv_mosq2&gt;, exit status 0
18:00:41 INFO  Executed systemctl&lt;serv_mapper3&gt;, exit status 0
18:00:43 ERROR No operations found, assuming it passed
18:00:44 INFO  Response status: 201
18:00:44 INFO  Response to action: {
    "creationTime": "2022-07-22T18:00:43.955Z",
    "deviceId": "21300464",
    "deviceName": "m32sd10d",
    "self": "https://t493319102.eu-latest.cumulocity.com/devicecontrol/operations/21313389",
    "id": "21313389",
    "status": "PENDING",
    "description": "Apply software changes, triggered from PySys: [{'name': 'does_not_exist', 'id': '5446165', 'version': '::apt', 'url': '', 'action': 'install'}]",
    "c8y_SoftwareUpdate": [
        {
            "name": "does_not_exist",
            "action": "install",
            "id": "5446165",
            "version": "::apt",
            "url": ""
        }
    ]
}
18:00:44 INFO  Started operation: {'creationTime': '2022-07-22T18:00:43.955Z', 'deviceId': '21300464', 'deviceName': 'm32sd10d', 'self': 'https://t493319102.eu-latest.cumulocity.com/devicecontrol/operations/21313389', 'id': '21313389', 'status': 'PENDING', 'description': "Apply software changes, triggered from PySys: [{'name': 'does_not_exist', 'id': '5446165', 'version': '::apt', 'url': '', 'action': 'install'}]", 'c8y_SoftwareUpdate': [{'name': 'does_not_exist', 'action': 'install', 'id': '5446165', 'version': '::apt', 'url': ''}]}
18:00:46 INFO  State of operation 21313389 : PENDING
18:00:48 INFO  State of operation 21313389 : EXECUTING
18:00:50 INFO  State of operation 21313389 : EXECUTING
18:00:52 INFO  State of operation 21313389 : EXECUTING
18:00:55 INFO  State of operation 21313389 : EXECUTING
18:00:57 INFO  State of operation 21313389 : EXECUTING
18:01:00 INFO  State of operation 21313389 : EXECUTING
18:01:02 INFO  State of operation 21313389 : EXECUTING
18:01:05 INFO  State of operation 21313389 : EXECUTING
18:01:07 INFO  State of operation 21313389 : EXECUTING
18:01:09 INFO  State of operation 21313389 : EXECUTING
18:01:12 INFO  State of operation 21313389 : EXECUTING
18:01:14 INFO  State of operation 21313389 : EXECUTING
18:01:16 INFO  State of operation 21313389 : EXECUTING
18:01:18 INFO  State of operation 21313389 : EXECUTING
18:01:21 INFO  State of operation 21313389 : EXECUTING
18:01:23 INFO  State of operation 21313389 : EXECUTING
18:01:26 INFO  State of operation 21313389 : EXECUTING
18:01:28 INFO  State of operation 21313389 : EXECUTING
18:01:30 INFO  State of operation 21313389 : FAILED
18:01:31 WARN  SystemError occurred while running test - The Sofware list is empty !!!
Traceback (most recent call last):
  File "/home/pi/env-pysys/lib/python3.7/site-packages/pysys/baserunner.py", line 1296, in __call__
    self.testObj.validate()
  File "/home/pi/actions-runner/_work/thin-edge.io/thin-edge.io/tests/PySys/software_management_end_to_end/sm_apt_install_fail/run.py", line 31, in validate
    "False == value", value=self.check_is_installed("does_not_exist")
  File "/home/pi/actions-runner/_work/thin-edge.io/thin-edge.io/tests/PySys/software_management_end_to_end/environment_sm_management.py", line 399, in check_is_installed
    raise SystemError("The Sofware list is empty !!!")
SystemError: The Sofware list is empty !!!
18:01:31 WARN  SystemError: The Sofware list is empty !!! ... blocked 
18:01:31 INFO  
18:01:31 INFO  cleanup:
18:01:35 INFO  Executed sudo&lt;tedge_disconnect_c8y&gt;, exit status 0
18:01:35 INFO  Executed systemctl&lt;serv_mapper5&gt;, exit status 3
18:01:35 INFO  
18:01:35 INFO  Test duration: 76.19 secs
18:01:35 INFO  Test final outcome:  BLOCKED
18:01:35 INFO  Test outcome reason: SystemError: The Sofware list is empty !!!
18:01:35 INFO  
</system-out>
	</testcase>
<testcase classname="PySysTest" name="SoftwareManagement.sm_apt_install_fail" />
</testsuite><testsuite name="SoftwareManagement.sm_apt_install_remove" tests="3" errors="0" failures="1" skipped="1" time="0"><testcase classname="PySysTest" name="SoftwareManagement.sm_apt_install_remove">
		<skipped message="SKIPPED: Testing the apt plugin is not supported on this platform.Use parameter -XmyPlatform='container' to enable it" />
		<system-out>17:35:48 INFO  ==============================================================
17:35:48 INFO  Id:    SoftwareManagement.sm_apt_install_remove
17:35:48 INFO  Dir:   software_management_end_to_end/
17:35:48 INFO  Title: Validate end to end behaviour for the apt plugin for installation and removal of packages
17:35:48 INFO  ==============================================================
17:35:48 INFO  Testing the apt plugin is not supported on this platform.Use parameter -XmyPlatform='container' to enable it ... skipped
17:35:48 WARN  Aborted test due to SKIPPED outcome
17:35:48 INFO  
17:35:48 INFO  Test duration: 0.02 secs
17:35:48 INFO  Test final outcome:  SKIPPED
17:35:48 INFO  Test outcome reason: Testing the apt plugin is not supported on this platform.Use parameter -XmyPlatform='container' to enable it
17:35:48 INFO  
</system-out>
	</testcase>
<testcase classname="PySysTest" name="SoftwareManagement.sm_apt_install_remove">
		<failure message="BLOCKED: SystemError: The Sofware list is empty !!!" type="BLOCKED" />
		<system-out>18:01:35 INFO  ==============================================================
18:01:35 INFO  Id:    SoftwareManagement.sm_apt_install_remove
18:01:35 INFO  Dir:   software_management_end_to_end/
18:01:35 INFO  Title: Validate end to end behaviour for the apt plugin for installation and removal of packages
18:01:35 INFO  ==============================================================
18:01:35 INFO  Using sw id database: {'asciijump': '5475369', 'robotfindskitten': '5474869', 'squirrel3': '5475279', 'rolldice': '5152439', 'moon-buggy': '5439204', 'apple': '5495053', 'banana': '5494888', 'cherry': '5495382', 'watermelon': '5494510', 'registry': '8018911', 'hello-world': '8021526', 'docker/getting-started': '8021973', 'alpine': '7991792'}
18:01:35 INFO  EnvironmentC8y Setup
18:01:36 INFO  Executed systemctl&lt;serv_mapper1&gt;, exit status 3
18:01:36 INFO  Restarting mosquitto too frequently in the last 10 seconds. It was only up for 5 seconds
18:01:36 INFO  Delaying execution by 6 seconds
18:01:56 INFO  Executed sudo&lt;tedge_connect_c8y&gt;, exit status 0, duration 14 secs
18:01:57 INFO  Executed sudo&lt;tedge_connect_c8y_test&gt;, exit status 0
18:01:57 INFO  Executed systemctl&lt;serv_mosq2&gt;, exit status 0
18:01:58 INFO  Executed systemctl&lt;serv_mapper3&gt;, exit status 0
18:02:00 INFO  State of current operation: FAILED
18:02:00 WARN  SystemError occurred while running test - The Sofware list is empty !!!
Traceback (most recent call last):
  File "/home/pi/env-pysys/lib/python3.7/site-packages/pysys/baserunner.py", line 1292, in __call__
    self.testObj.setup()
  File "/home/pi/actions-runner/_work/thin-edge.io/thin-edge.io/tests/PySys/software_management_end_to_end/sm_apt_install_remove/run.py", line 28, in setup
    if self.check_is_installed("rolldice"):
  File "/home/pi/actions-runner/_work/thin-edge.io/thin-edge.io/tests/PySys/software_management_end_to_end/environment_sm_management.py", line 399, in check_is_installed
    raise SystemError("The Sofware list is empty !!!")
SystemError: The Sofware list is empty !!!
18:02:00 WARN  SystemError: The Sofware list is empty !!! ... blocked 
18:02:00 INFO  
18:02:00 INFO  cleanup:
18:02:04 INFO  Executed sudo&lt;tedge_disconnect_c8y&gt;, exit status 0
18:02:04 INFO  Executed systemctl&lt;serv_mapper5&gt;, exit status 3
18:02:04 INFO  
18:02:04 INFO  Test duration: 29.25 secs
18:02:04 INFO  Test final outcome:  BLOCKED
18:02:04 INFO  Test outcome reason: SystemError: The Sofware list is empty !!!
18:02:04 INFO  
</system-out>
	</testcase>
<testcase classname="PySysTest" name="SoftwareManagement.sm_apt_install_remove" />
</testsuite><testsuite name="SoftwareManagement.sm_apt_install_remove_default" tests="3" errors="0" failures="1" skipped="1" time="0"><testcase classname="PySysTest" name="SoftwareManagement.sm_apt_install_remove_default">
		<skipped message="SKIPPED: Testing the apt plugin is not supported on this platform.Use parameter -XmyPlatform='container' to enable it" />
		<system-out>17:35:48 INFO  ==============================================================
17:35:48 INFO  Id:    SoftwareManagement.sm_apt_install_remove_default
17:35:48 INFO  Dir:   software_management_end_to_end/
17:35:48 INFO  Title: Validate end to end behaviour for the default plugin for installation and removal of packages
17:35:48 INFO  ==============================================================
17:35:48 INFO  Testing the apt plugin is not supported on this platform.Use parameter -XmyPlatform='container' to enable it ... skipped
17:35:48 WARN  Aborted test due to SKIPPED outcome
17:35:48 INFO  
17:35:48 INFO  Test duration: 0.02 secs
17:35:48 INFO  Test final outcome:  SKIPPED
17:35:48 INFO  Test outcome reason: Testing the apt plugin is not supported on this platform.Use parameter -XmyPlatform='container' to enable it
17:35:48 INFO  
</system-out>
	</testcase>
<testcase classname="PySysTest" name="SoftwareManagement.sm_apt_install_remove_default">
		<failure message="BLOCKED: SystemError: The Sofware list is empty !!!" type="BLOCKED" />
		<system-out>18:02:05 INFO  ==============================================================
18:02:05 INFO  Id:    SoftwareManagement.sm_apt_install_remove_default
18:02:05 INFO  Dir:   software_management_end_to_end/
18:02:05 INFO  Title: Validate end to end behaviour for the default plugin for installation and removal of packages
18:02:05 INFO  ==============================================================
18:02:05 INFO  Using sw id database: {'asciijump': '5475369', 'robotfindskitten': '5474869', 'squirrel3': '5475279', 'rolldice': '5152439', 'moon-buggy': '5439204', 'apple': '5495053', 'banana': '5494888', 'cherry': '5495382', 'watermelon': '5494510', 'registry': '8018911', 'hello-world': '8021526', 'docker/getting-started': '8021973', 'alpine': '7991792'}
18:02:05 INFO  EnvironmentC8y Setup
18:02:05 INFO  Executed systemctl&lt;serv_mapper1&gt;, exit status 3
18:02:05 INFO  Restarting mosquitto too frequently in the last 10 seconds. It was only up for 4 seconds
18:02:05 INFO  Delaying execution by 7 seconds
18:02:26 INFO  Executed sudo&lt;tedge_connect_c8y&gt;, exit status 0, duration 13 secs
18:02:27 INFO  Executed sudo&lt;tedge_connect_c8y_test&gt;, exit status 0
18:02:27 INFO  Executed systemctl&lt;serv_mosq2&gt;, exit status 0
18:02:28 INFO  Executed systemctl&lt;serv_mapper3&gt;, exit status 0
18:02:30 INFO  State of current operation: FAILED
18:02:30 WARN  SystemError occurred while running test - The Sofware list is empty !!!
Traceback (most recent call last):
  File "/home/pi/env-pysys/lib/python3.7/site-packages/pysys/baserunner.py", line 1292, in __call__
    self.testObj.setup()
  File "/home/pi/actions-runner/_work/thin-edge.io/thin-edge.io/tests/PySys/software_management_end_to_end/sm_apt_install_remove_default/run.py", line 27, in setup
    self.assertThat("False == value", value=self.check_is_installed("rolldice"))
  File "/home/pi/actions-runner/_work/thin-edge.io/thin-edge.io/tests/PySys/software_management_end_to_end/environment_sm_management.py", line 399, in check_is_installed
    raise SystemError("The Sofware list is empty !!!")
SystemError: The Sofware list is empty !!!
18:02:30 WARN  SystemError: The Sofware list is empty !!! ... blocked 
18:02:30 INFO  
18:02:30 INFO  cleanup:
18:02:34 INFO  Executed sudo&lt;tedge_disconnect_c8y&gt;, exit status 0
18:02:35 INFO  Executed systemctl&lt;serv_mapper5&gt;, exit status 3
18:02:35 INFO  
18:02:35 INFO  Test duration: 30.11 secs
18:02:35 INFO  Test final outcome:  BLOCKED
18:02:35 INFO  Test outcome reason: SystemError: The Sofware list is empty !!!
18:02:35 INFO  
</system-out>
	</testcase>
<testcase classname="PySysTest" name="SoftwareManagement.sm_apt_install_remove_default" />
</testsuite><testsuite name="SoftwareManagement.sm_apt_install_remove_multiple" tests="3" errors="0" failures="2" skipped="1" time="0"><testcase classname="PySysTest" name="SoftwareManagement.sm_apt_install_remove_multiple">
		<skipped message="SKIPPED: Testing the apt plugin is not supported on this platform.Use parameter -XmyPlatform='container' to enable it" />
		<system-out>17:35:48 INFO  ==============================================================
17:35:48 INFO  Id:    SoftwareManagement.sm_apt_install_remove_multiple
17:35:48 INFO  Dir:   software_management_end_to_end/
17:35:48 INFO  Title: Validate end to end behaviour for the apt plugin for multiple packages
17:35:48 INFO  ==============================================================
17:35:48 INFO  Testing the apt plugin is not supported on this platform.Use parameter -XmyPlatform='container' to enable it ... skipped
17:35:48 WARN  Aborted test due to SKIPPED outcome
17:35:48 INFO  
17:35:48 INFO  Test duration: 0.05 secs
17:35:48 INFO  Test final outcome:  SKIPPED
17:35:48 INFO  Test outcome reason: Testing the apt plugin is not supported on this platform.Use parameter -XmyPlatform='container' to enable it
17:35:48 INFO  
</system-out>
	</testcase>
<testcase classname="PySysTest" name="SoftwareManagement.sm_apt_install_remove_multiple">
		<failure message="BLOCKED: SystemError: The Sofware list is empty !!!" type="BLOCKED" />
		<system-out>18:02:35 INFO  ==============================================================
18:02:35 INFO  Id:    SoftwareManagement.sm_apt_install_remove_multiple
18:02:35 INFO  Dir:   software_management_end_to_end/
18:02:35 INFO  Title: Validate end to end behaviour for the apt plugin for multiple packages
18:02:35 INFO  ==============================================================
18:02:35 INFO  Using sw id database: {'asciijump': '5475369', 'robotfindskitten': '5474869', 'squirrel3': '5475279', 'rolldice': '5152439', 'moon-buggy': '5439204', 'apple': '5495053', 'banana': '5494888', 'cherry': '5495382', 'watermelon': '5494510', 'registry': '8018911', 'hello-world': '8021526', 'docker/getting-started': '8021973', 'alpine': '7991792'}
18:02:35 INFO  EnvironmentC8y Setup
18:02:35 INFO  Executed systemctl&lt;serv_mapper1&gt;, exit status 3
18:02:35 INFO  Restarting mosquitto too frequently in the last 10 seconds. It was only up for 4 seconds
18:02:35 INFO  Delaying execution by 7 seconds
18:02:57 INFO  Executed sudo&lt;tedge_connect_c8y&gt;, exit status 0, duration 14 secs
18:02:57 INFO  Executed sudo&lt;tedge_connect_c8y_test&gt;, exit status 0
18:02:58 INFO  Executed systemctl&lt;serv_mosq2&gt;, exit status 0
18:02:58 INFO  Executed systemctl&lt;serv_mapper3&gt;, exit status 0
18:03:01 INFO  State of current operation: FAILED
18:03:01 WARN  SystemError occurred while running test - The Sofware list is empty !!!
Traceback (most recent call last):
  File "/home/pi/env-pysys/lib/python3.7/site-packages/pysys/baserunner.py", line 1292, in __call__
    self.testObj.setup()
  File "/home/pi/actions-runner/_work/thin-edge.io/thin-edge.io/tests/PySys/software_management_end_to_end/sm_apt_install_remove_multiple/run.py", line 54, in setup
    self.assertThat("False == value", value=self.check_is_installed("rolldice"))
  File "/home/pi/actions-runner/_work/thin-edge.io/thin-edge.io/tests/PySys/software_management_end_to_end/environment_sm_management.py", line 399, in check_is_installed
    raise SystemError("The Sofware list is empty !!!")
SystemError: The Sofware list is empty !!!
18:03:01 WARN  SystemError: The Sofware list is empty !!! ... blocked 
18:03:01 INFO  
18:03:01 INFO  cleanup:
18:03:05 INFO  Executed sudo&lt;tedge_disconnect_c8y&gt;, exit status 0
18:03:05 INFO  Executed systemctl&lt;serv_mapper5&gt;, exit status 3
18:03:05 INFO  
18:03:05 INFO  Test duration: 30.64 secs
18:03:05 INFO  Test final outcome:  BLOCKED
18:03:05 INFO  Test outcome reason: SystemError: The Sofware list is empty !!!
18:03:05 INFO  
</system-out>
	</testcase>
<testcase classname="PySysTest" name="SoftwareManagement.sm_apt_install_remove_multiple">
		<failure message="FAILED: Assert that (False == value) with value=True" type="FAILED" />
		<system-out>18:21:58 INFO  ==============================================================
18:21:58 INFO  Id:    SoftwareManagement.sm_apt_install_remove_multiple
18:21:58 INFO  Dir:   software_management_end_to_end/
18:21:58 INFO  Title: Validate end to end behaviour for the apt plugin for multiple packages
18:21:58 INFO  ==============================================================
18:21:58 INFO  Using sw id database: {'asciijump': '5475369', 'robotfindskitten': '5474869', 'squirrel3': '5475279', 'rolldice': '5152439', 'moon-buggy': '5439204', 'apple': '5495053', 'banana': '5494888', 'cherry': '5495382', 'watermelon': '5494510', 'registry': '8018911', 'hello-world': '8021526', 'docker/getting-started': '8021973', 'alpine': '7991792'}
18:21:58 INFO  EnvironmentC8y Setup
18:21:59 INFO  Executed systemctl&lt;serv_mapper1&gt;, exit status 3
18:21:59 INFO  Restarting mosquitto too frequently in the last 10 seconds. It was only up for 5 seconds
18:21:59 INFO  Delaying execution by 6 seconds
18:22:19 INFO  Executed sudo&lt;tedge_connect_c8y&gt;, exit status 0, duration 13 secs
18:22:19 INFO  Executed sudo&lt;tedge_connect_c8y_test&gt;, exit status 0
18:22:20 INFO  Executed systemctl&lt;serv_mosq2&gt;, exit status 0
18:22:20 INFO  Executed systemctl&lt;serv_mapper3&gt;, exit status 0
18:22:22 INFO  State of current operation: SUCCESSFUL
18:22:23 INFO  Assert that (False == value) with value=False ... passed
18:22:23 INFO  Assert that (False == value) with value=False ... passed
18:22:23 INFO  Assert that (False == value) with value=False ... passed
18:22:23 INFO  Package robotfindskitten is installed
18:22:24 WARN  Assert that (False == value) with value=True ... failed 
18:22:24 INFO  Response status: 201
18:22:24 INFO  Response to action: {
    "creationTime": "2022-07-22T18:22:24.420Z",
    "deviceId": "21300464",
    "deviceName": "m32sd10d",
    "self": "https://t493319102.eu-latest.cumulocity.com/devicecontrol/operations/21313505",
    "id": "21313505",
    "status": "PENDING",
    "description": "Apply software changes, triggered from PySys: [{'action': 'install', 'id': '5475369', 'name': 'asciijump', 'url': ' ', 'version': '::apt'}, {'action': 'install', 'id': '5474869', 'name': 'robotfindskitten', 'url': ' ', 'version': '::apt'}, {'action': 'install', 'id': '5475279', 'name': 'squirrel3', 'url': ' ', 'version': '::apt'}]",
    "c8y_SoftwareUpdate": [
        {
            "name": "asciijump",
            "action": "install",
            "id": "5475369",
            "version": "::apt",
            "url": " "
        },
        {
            "name": "robotfindskitten",
            "action": "install",
            "id": "5474869",
            "version": "::apt",
            "url": " "
        },
        {
            "name": "squirrel3",
            "action": "install",
            "id": "5475279",
            "version": "::apt",
            "url": " "
        }
    ]
}
18:22:24 INFO  Started operation: {'creationTime': '2022-07-22T18:22:24.420Z', 'deviceId': '21300464', 'deviceName': 'm32sd10d', 'self': 'https://t493319102.eu-latest.cumulocity.com/devicecontrol/operations/21313505', 'id': '21313505', 'status': 'PENDING', 'description': "Apply software changes, triggered from PySys: [{'action': 'install', 'id': '5475369', 'name': 'asciijump', 'url': ' ', 'version': '::apt'}, {'action': 'install', 'id': '5474869', 'name': 'robotfindskitten', 'url': ' ', 'version': '::apt'}, {'action': 'install', 'id': '5475279', 'name': 'squirrel3', 'url': ' ', 'version': '::apt'}]", 'c8y_SoftwareUpdate': [{'name': 'asciijump', 'action': 'install', 'id': '5475369', 'version': '::apt', 'url': ' '}, {'name': 'robotfindskitten', 'action': 'install', 'id': '5474869', 'version': '::apt', 'url': ' '}, {'name': 'squirrel3', 'action': 'install', 'id': '5475279', 'version': '::apt', 'url': ' '}]}
18:22:26 INFO  State of operation 21313505 : PENDING
18:22:29 INFO  State of operation 21313505 : EXECUTING
18:22:31 INFO  State of operation 21313505 : EXECUTING
18:22:33 INFO  State of operation 21313505 : EXECUTING
18:22:35 INFO  State of operation 21313505 : EXECUTING
18:22:37 INFO  State of operation 21313505 : EXECUTING
18:22:40 INFO  State of operation 21313505 : EXECUTING
18:22:43 INFO  State of operation 21313505 : EXECUTING
18:22:45 INFO  State of operation 21313505 : EXECUTING
18:22:48 INFO  State of operation 21313505 : EXECUTING
18:22:50 INFO  State of operation 21313505 : EXECUTING
18:22:52 INFO  State of operation 21313505 : EXECUTING
18:22:54 INFO  State of operation 21313505 : EXECUTING
18:22:57 INFO  State of operation 21313505 : EXECUTING
18:22:59 INFO  State of operation 21313505 : EXECUTING
18:23:01 INFO  State of operation 21313505 : EXECUTING
18:23:03 INFO  State of operation 21313505 : EXECUTING
18:23:06 INFO  State of operation 21313505 : EXECUTING
18:23:09 INFO  State of operation 21313505 : EXECUTING
18:23:11 INFO  State of operation 21313505 : EXECUTING
18:23:13 INFO  State of operation 21313505 : EXECUTING
18:23:15 INFO  State of operation 21313505 : EXECUTING
18:23:18 INFO  State of operation 21313505 : EXECUTING
18:23:20 INFO  State of operation 21313505 : EXECUTING
18:23:23 INFO  State of operation 21313505 : EXECUTING
18:23:25 INFO  State of operation 21313505 : EXECUTING
18:23:28 INFO  State of operation 21313505 : EXECUTING
18:23:30 INFO  State of operation 21313505 : EXECUTING
18:23:33 INFO  State of operation 21313505 : EXECUTING
18:23:35 INFO  State of operation 21313505 : EXECUTING
18:23:38 INFO  State of operation 21313505 : EXECUTING
18:23:40 INFO  State of operation 21313505 : EXECUTING
18:23:42 INFO  State of operation 21313505 : EXECUTING
18:23:44 INFO  State of operation 21313505 : EXECUTING
18:23:46 INFO  State of operation 21313505 : SUCCESSFUL
18:23:47 INFO  Assert that (False == value) with value=False ... passed
18:23:47 INFO  Package asciijump is installed
18:23:47 INFO  Assert that (True == value) with value=True ... passed
18:23:47 INFO  Package squirrel3 is installed
18:23:47 INFO  Assert that (True == value) with value=True ... passed
18:23:47 INFO  Package robotfindskitten is installed
18:23:47 INFO  Assert that (True == value) with value=True ... passed
18:23:48 INFO  Response status: 201
18:23:48 INFO  Response to action: {
    "creationTime": "2022-07-22T18:23:48.063Z",
    "deviceId": "21300464",
    "deviceName": "m32sd10d",
    "self": "https://t493319102.eu-latest.cumulocity.com/devicecontrol/operations/21313517",
    "id": "21313517",
    "status": "PENDING",
    "description": "Apply software changes, triggered from PySys: [{'action': 'delete', 'id': '5475369', 'name': 'asciijump', 'url': ' ', 'version': '::apt'}, {'action': 'delete', 'id': '5474869', 'name': 'robotfindskitten', 'url': ' ', 'version': '::apt'}, {'action': 'delete', 'id': '5475279', 'name': 'squirrel3', 'url': ' ', 'version': '::apt'}]",
    "c8y_SoftwareUpdate": [
        {
            "name": "asciijump",
            "action": "delete",
            "id": "5475369",
            "version": "::apt",
            "url": " "
        },
        {
            "name": "robotfindskitten",
            "action": "delete",
            "id": "5474869",
            "version": "::apt",
            "url": " "
        },
        {
            "name": "squirrel3",
            "action": "delete",
            "id": "5475279",
            "version": "::apt",
            "url": " "
        }
    ]
}
18:23:48 INFO  Started operation: {'creationTime': '2022-07-22T18:23:48.063Z', 'deviceId': '21300464', 'deviceName': 'm32sd10d', 'self': 'https://t493319102.eu-latest.cumulocity.com/devicecontrol/operations/21313517', 'id': '21313517', 'status': 'PENDING', 'description': "Apply software changes, triggered from PySys: [{'action': 'delete', 'id': '5475369', 'name': 'asciijump', 'url': ' ', 'version': '::apt'}, {'action': 'delete', 'id': '5474869', 'name': 'robotfindskitten', 'url': ' ', 'version': '::apt'}, {'action': 'delete', 'id': '5475279', 'name': 'squirrel3', 'url': ' ', 'version': '::apt'}]", 'c8y_SoftwareUpdate': [{'name': 'asciijump', 'action': 'delete', 'id': '5475369', 'version': '::apt', 'url': ' '}, {'name': 'robotfindskitten', 'action': 'delete', 'id': '5474869', 'version': '::apt', 'url': ' '}, {'name': 'squirrel3', 'action': 'delete', 'id': '5475279', 'version': '::apt', 'url': ' '}]}
18:23:50 INFO  State of operation 21313517 : PENDING
18:23:52 INFO  State of operation 21313517 : EXECUTING
18:23:54 INFO  State of operation 21313517 : EXECUTING
18:23:57 INFO  State of operation 21313517 : EXECUTING
18:23:59 INFO  State of operation 21313517 : EXECUTING
18:24:01 INFO  State of operation 21313517 : EXECUTING
18:24:04 INFO  State of operation 21313517 : EXECUTING
18:24:06 INFO  State of operation 21313517 : EXECUTING
18:24:09 INFO  State of operation 21313517 : EXECUTING
18:24:11 INFO  State of operation 21313517 : EXECUTING
18:24:13 INFO  State of operation 21313517 : EXECUTING
18:24:16 INFO  State of operation 21313517 : EXECUTING
18:24:18 INFO  State of operation 21313517 : EXECUTING
18:24:20 INFO  State of operation 21313517 : EXECUTING
18:24:22 INFO  State of operation 21313517 : EXECUTING
18:24:25 INFO  State of operation 21313517 : EXECUTING
18:24:27 INFO  State of operation 21313517 : EXECUTING
18:24:30 INFO  State of operation 21313517 : EXECUTING
18:24:32 INFO  State of operation 21313517 : EXECUTING
18:24:34 INFO  State of operation 21313517 : EXECUTING
18:24:36 INFO  State of operation 21313517 : EXECUTING
18:24:39 INFO  State of operation 21313517 : EXECUTING
18:24:41 INFO  State of operation 21313517 : EXECUTING
18:24:43 INFO  State of operation 21313517 : EXECUTING
18:24:46 INFO  State of operation 21313517 : EXECUTING
18:24:48 INFO  State of operation 21313517 : EXECUTING
18:24:51 INFO  State of operation 21313517 : EXECUTING
18:24:53 INFO  State of operation 21313517 : EXECUTING
18:24:55 INFO  State of operation 21313517 : SUCCESSFUL
18:24:55 INFO  Assert that (False == value) with value=False ... passed
18:24:55 INFO  Assert that (False == value) with value=False ... passed
18:24:56 INFO  Assert that (False == value) with value=False ... passed
18:24:56 INFO  Assert that (False == value) with value=False ... passed
18:24:56 INFO  
18:24:56 INFO  cleanup:
18:25:00 INFO  Executed sudo&lt;tedge_disconnect_c8y&gt;, exit status 0
18:25:01 INFO  Executed systemctl&lt;serv_mapper5&gt;, exit status 3
18:25:01 INFO  
18:25:01 INFO  Test duration: 182.51 secs
18:25:01 INFO  Test final outcome:  FAILED
18:25:01 INFO  Test outcome reason: Assert that (False == value) with value=True
18:25:01 INFO  
</system-out>
	</testcase>
</testsuite><testsuite name="SoftwareManagement.sm_apt_install_remove_multiple_mixed" tests="3" errors="0" failures="2" skipped="1" time="0"><testcase classname="PySysTest" name="SoftwareManagement.sm_apt_install_remove_multiple_mixed">
		<skipped message="SKIPPED: Testing the apt plugin is not supported on this platform.Use parameter -XmyPlatform='container' to enable it" />
		<system-out>17:35:48 INFO  ==============================================================
17:35:48 INFO  Id:    SoftwareManagement.sm_apt_install_remove_multiple_mixed
17:35:48 INFO  Dir:   software_management_end_to_end/
17:35:48 INFO  Title: Validate end to end behaviour for the apt plugin for multiple packages with mixed versions
17:35:48 INFO  ==============================================================
17:35:48 INFO  Testing the apt plugin is not supported on this platform.Use parameter -XmyPlatform='container' to enable it ... skipped
17:35:48 WARN  Aborted test due to SKIPPED outcome
17:35:48 INFO  
17:35:48 INFO  Test duration: 0.02 secs
17:35:48 INFO  Test final outcome:  SKIPPED
17:35:48 INFO  Test outcome reason: Testing the apt plugin is not supported on this platform.Use parameter -XmyPlatform='container' to enable it
17:35:48 INFO  
</system-out>
	</testcase>
<testcase classname="PySysTest" name="SoftwareManagement.sm_apt_install_remove_multiple_mixed">
		<failure message="BLOCKED: SystemError: The Sofware list is empty !!!" type="BLOCKED" />
		<system-out>18:03:05 INFO  ==============================================================
18:03:05 INFO  Id:    SoftwareManagement.sm_apt_install_remove_multiple_mixed
18:03:05 INFO  Dir:   software_management_end_to_end/
18:03:05 INFO  Title: Validate end to end behaviour for the apt plugin for multiple packages with mixed versions
18:03:05 INFO  ==============================================================
18:03:05 INFO  Using sw id database: {'asciijump': '5475369', 'robotfindskitten': '5474869', 'squirrel3': '5475279', 'rolldice': '5152439', 'moon-buggy': '5439204', 'apple': '5495053', 'banana': '5494888', 'cherry': '5495382', 'watermelon': '5494510', 'registry': '8018911', 'hello-world': '8021526', 'docker/getting-started': '8021973', 'alpine': '7991792'}
18:03:05 INFO  EnvironmentC8y Setup
18:03:06 INFO  Executed systemctl&lt;serv_mapper1&gt;, exit status 3
18:03:06 INFO  Restarting mosquitto too frequently in the last 10 seconds. It was only up for 5 seconds
18:03:06 INFO  Delaying execution by 6 seconds
18:03:26 INFO  Executed sudo&lt;tedge_connect_c8y&gt;, exit status 0, duration 13 secs
18:03:27 INFO  Executed sudo&lt;tedge_connect_c8y_test&gt;, exit status 0
18:03:27 INFO  Executed systemctl&lt;serv_mosq2&gt;, exit status 0
18:03:28 INFO  Executed systemctl&lt;serv_mapper3&gt;, exit status 0
18:03:30 INFO  State of current operation: FAILED
18:03:30 WARN  SystemError occurred while running test - The Sofware list is empty !!!
Traceback (most recent call last):
  File "/home/pi/env-pysys/lib/python3.7/site-packages/pysys/baserunner.py", line 1292, in __call__
    self.testObj.setup()
  File "/home/pi/actions-runner/_work/thin-edge.io/thin-edge.io/tests/PySys/software_management_end_to_end/sm_apt_install_remove_multiple_mixed/run.py", line 75, in setup
    self.assertThat("False == value", value=self.check_is_installed("asciijump"))
  File "/home/pi/actions-runner/_work/thin-edge.io/thin-edge.io/tests/PySys/software_management_end_to_end/environment_sm_management.py", line 399, in check_is_installed
    raise SystemError("The Sofware list is empty !!!")
SystemError: The Sofware list is empty !!!
18:03:30 WARN  SystemError: The Sofware list is empty !!! ... blocked 
18:03:30 INFO  
18:03:30 INFO  cleanup:
18:03:34 INFO  Executed sudo&lt;tedge_disconnect_c8y&gt;, exit status 0
18:03:35 INFO  Executed systemctl&lt;serv_mapper5&gt;, exit status 3
18:03:35 INFO  
18:03:35 INFO  Test duration: 29.24 secs
18:03:35 INFO  Test final outcome:  BLOCKED
18:03:35 INFO  Test outcome reason: SystemError: The Sofware list is empty !!!
18:03:35 INFO  
</system-out>
	</testcase>
<testcase classname="PySysTest" name="SoftwareManagement.sm_apt_install_remove_multiple_mixed">
		<failure message="BLOCKED: SystemError: Timeout while waiting for status SUCCESSFUL or False" type="BLOCKED" />
		<system-out>18:25:01 INFO  ==============================================================
18:25:01 INFO  Id:    SoftwareManagement.sm_apt_install_remove_multiple_mixed
18:25:01 INFO  Dir:   software_management_end_to_end/
18:25:01 INFO  Title: Validate end to end behaviour for the apt plugin for multiple packages with mixed versions
18:25:01 INFO  ==============================================================
18:25:01 INFO  Using sw id database: {'asciijump': '5475369', 'robotfindskitten': '5474869', 'squirrel3': '5475279', 'rolldice': '5152439', 'moon-buggy': '5439204', 'apple': '5495053', 'banana': '5494888', 'cherry': '5495382', 'watermelon': '5494510', 'registry': '8018911', 'hello-world': '8021526', 'docker/getting-started': '8021973', 'alpine': '7991792'}
18:25:01 INFO  EnvironmentC8y Setup
18:25:01 INFO  Executed systemctl&lt;serv_mapper1&gt;, exit status 3
18:25:01 INFO  Restarting mosquitto too frequently in the last 10 seconds. It was only up for 4 seconds
18:25:01 INFO  Delaying execution by 7 seconds
18:25:22 INFO  Executed sudo&lt;tedge_connect_c8y&gt;, exit status 0, duration 13 secs
18:25:23 INFO  Executed sudo&lt;tedge_connect_c8y_test&gt;, exit status 0
18:25:23 INFO  Executed systemctl&lt;serv_mosq2&gt;, exit status 0
18:25:24 INFO  Executed systemctl&lt;serv_mapper3&gt;, exit status 0
18:25:26 INFO  State of current operation: SUCCESSFUL
18:25:26 INFO  Assert that (False == value) with value=False ... passed
18:25:27 INFO  Assert that (False == value) with value=False ... passed
18:25:27 INFO  Assert that (False == value) with value=False ... passed
18:25:27 INFO  Assert that (False == value) with value=False ... passed
18:25:27 INFO  Assert that (False == value) with value=False ... passed
18:25:29 INFO  Response status: 201
18:25:29 INFO  Response to action: {
    "delivery": {
        "log": [],
        "time": "2022-07-22T18:25:28.999Z",
        "status": "PENDING"
    },
    "creationTime": "2022-07-22T18:25:28.983Z",
    "deviceId": "21300464",
    "deviceName": "m32sd10d",
    "self": "https://t493319102.eu-latest.cumulocity.com/devicecontrol/operations/21313521",
    "id": "21313521",
    "status": "PENDING",
    "description": "Apply software changes, triggered from PySys: [{'action': 'install', 'id': '5475369', 'name': 'asciijump', 'url': ' ', 'version': '::apt'}, {'action': 'install', 'id': '5474869', 'name': 'robotfindskitten', 'url': ' ', 'version': ' '}, {'action': 'install', 'id': '5475279', 'name': 'squirrel3', 'url': ' ', 'version': '3.1-7::apt'}, {'action': 'install', 'id': '5152439', 'name': 'rolldice', 'url': ' ', 'version': '1.16-1+b1'}, {'action': 'install', 'id': '5439204', 'name': 'moon-buggy', 'url': ' ', 'version': '1:1.0.51-12'}, {'action': 'install', 'id': '5475369', 'name': 'asciijump', 'url': ' ', 'version': '::apt'}]",
    "c8y_SoftwareUpdate": [
        {
            "name": "asciijump",
            "action": "install",
            "id": "5475369",
            "version": "::apt",
            "url": " "
        },
        {
            "name": "robotfindskitten",
            "action": "install",
            "id": "5474869",
            "version": " ",
            "url": " "
        },
        {
            "name": "squirrel3",
            "action": "install",
            "id": "5475279",
            "version": "3.1-7::apt",
            "url": " "
        },
        {
            "name": "rolldice",
            "action": "install",
            "id": "5152439",
            "version": "1.16-1+b1",
            "url": " "
        },
        {
            "name": "moon-buggy",
            "action": "install",
            "id": "5439204",
            "version": "1:1.0.51-12",
            "url": " "
        },
        {
            "name": "asciijump",
            "action": "install",
            "id": "5475369",
            "version": "::apt",
            "url": " "
        }
    ]
}
18:25:29 INFO  Started operation: {'delivery': {'log': [], 'time': '2022-07-22T18:25:28.999Z', 'status': 'PENDING'}, 'creationTime': '2022-07-22T18:25:28.983Z', 'deviceId': '21300464', 'deviceName': 'm32sd10d', 'self': 'https://t493319102.eu-latest.cumulocity.com/devicecontrol/operations/21313521', 'id': '21313521', 'status': 'PENDING', 'description': "Apply software changes, triggered from PySys: [{'action': 'install', 'id': '5475369', 'name': 'asciijump', 'url': ' ', 'version': '::apt'}, {'action': 'install', 'id': '5474869', 'name': 'robotfindskitten', 'url': ' ', 'version': ' '}, {'action': 'install', 'id': '5475279', 'name': 'squirrel3', 'url': ' ', 'version': '3.1-7::apt'}, {'action': 'install', 'id': '5152439', 'name': 'rolldice', 'url': ' ', 'version': '1.16-1+b1'}, {'action': 'install', 'id': '5439204', 'name': 'moon-buggy', 'url': ' ', 'version': '1:1.0.51-12'}, {'action': 'install', 'id': '5475369', 'name': 'asciijump', 'url': ' ', 'version': '::apt'}]", 'c8y_SoftwareUpdate': [{'name': 'asciijump', 'action': 'install', 'id': '5475369', 'version': '::apt', 'url': ' '}, {'name': 'robotfindskitten', 'action': 'install', 'id': '5474869', 'version': ' ', 'url': ' '}, {'name': 'squirrel3', 'action': 'install', 'id': '5475279', 'version': '3.1-7::apt', 'url': ' '}, {'name': 'rolldice', 'action': 'install', 'id': '5152439', 'version': '1.16-1+b1', 'url': ' '}, {'name': 'moon-buggy', 'action': 'install', 'id': '5439204', 'version': '1:1.0.51-12', 'url': ' '}, {'name': 'asciijump', 'action': 'install', 'id': '5475369', 'version': '::apt', 'url': ' '}]}
18:25:31 INFO  State of operation 21313521 : PENDING
18:25:33 INFO  State of operation 21313521 : EXECUTING
18:25:35 INFO  State of operation 21313521 : EXECUTING
18:25:37 INFO  State of operation 21313521 : EXECUTING
18:25:40 INFO  State of operation 21313521 : EXECUTING
18:25:42 INFO  State of operation 21313521 : EXECUTING
18:25:45 INFO  State of operation 21313521 : EXECUTING
18:25:48 INFO  State of operation 21313521 : EXECUTING
18:25:50 INFO  State of operation 21313521 : EXECUTING
18:25:52 INFO  State of operation 21313521 : EXECUTING
18:25:54 INFO  State of operation 21313521 : EXECUTING
18:25:57 INFO  State of operation 21313521 : EXECUTING
18:25:59 INFO  State of operation 21313521 : EXECUTING
18:26:01 INFO  State of operation 21313521 : EXECUTING
18:26:03 INFO  State of operation 21313521 : EXECUTING
18:26:06 INFO  State of operation 21313521 : EXECUTING
18:26:08 INFO  State of operation 21313521 : EXECUTING
18:26:11 INFO  State of operation 21313521 : EXECUTING
18:26:13 INFO  State of operation 21313521 : EXECUTING
18:26:16 INFO  State of operation 21313521 : EXECUTING
18:26:18 INFO  State of operation 21313521 : EXECUTING
18:26:21 INFO  State of operation 21313521 : EXECUTING
18:26:23 INFO  State of operation 21313521 : EXECUTING
18:26:25 INFO  State of operation 21313521 : EXECUTING
18:26:28 INFO  State of operation 21313521 : EXECUTING
18:26:30 INFO  State of operation 21313521 : EXECUTING
18:26:32 INFO  State of operation 21313521 : EXECUTING
18:26:34 INFO  State of operation 21313521 : EXECUTING
18:26:36 INFO  State of operation 21313521 : EXECUTING
18:26:39 INFO  State of operation 21313521 : EXECUTING
18:26:41 INFO  State of operation 21313521 : EXECUTING
18:26:43 INFO  State of operation 21313521 : EXECUTING
18:26:46 INFO  State of operation 21313521 : EXECUTING
18:26:48 INFO  State of operation 21313521 : EXECUTING
18:26:50 INFO  State of operation 21313521 : EXECUTING
18:26:52 INFO  State of operation 21313521 : EXECUTING
18:26:55 INFO  State of operation 21313521 : EXECUTING
18:26:58 INFO  State of operation 21313521 : EXECUTING
18:27:01 INFO  State of operation 21313521 : EXECUTING
18:27:03 INFO  State of operation 21313521 : EXECUTING
18:27:05 INFO  State of operation 21313521 : EXECUTING
18:27:08 INFO  State of operation 21313521 : EXECUTING
18:27:10 INFO  State of operation 21313521 : EXECUTING
18:27:12 INFO  State of operation 21313521 : EXECUTING
18:27:14 INFO  State of operation 21313521 : EXECUTING
18:27:17 INFO  State of operation 21313521 : EXECUTING
18:27:19 INFO  State of operation 21313521 : EXECUTING
18:27:21 INFO  State of operation 21313521 : EXECUTING
18:27:24 INFO  State of operation 21313521 : EXECUTING
18:27:26 INFO  State of operation 21313521 : EXECUTING
18:27:28 INFO  State of operation 21313521 : EXECUTING
18:27:31 INFO  State of operation 21313521 : EXECUTING
18:27:33 INFO  State of operation 21313521 : EXECUTING
18:27:35 INFO  State of operation 21313521 : EXECUTING
18:27:37 INFO  State of operation 21313521 : EXECUTING
18:27:40 INFO  State of operation 21313521 : EXECUTING
18:27:42 INFO  State of operation 21313521 : EXECUTING
18:27:45 INFO  State of operation 21313521 : EXECUTING
18:27:47 INFO  State of operation 21313521 : EXECUTING
18:27:50 INFO  State of operation 21313521 : EXECUTING
18:27:52 INFO  State of operation 21313521 : EXECUTING
18:27:54 WARN  SystemError occurred while running test - Timeout while waiting for status SUCCESSFUL or False
Traceback (most recent call last):
  File "/home/pi/env-pysys/lib/python3.7/site-packages/pysys/baserunner.py", line 1294, in __call__
    self.testObj.execute()
  File "/home/pi/actions-runner/_work/thin-edge.io/thin-edge.io/tests/PySys/software_management_end_to_end/sm_apt_install_remove_multiple_mixed/run.py", line 89, in execute
    self.wait_until_succcess()
  File "/home/pi/actions-runner/_work/thin-edge.io/thin-edge.io/tests/PySys/software_management_end_to_end/environment_sm_management.py", line 324, in wait_until_succcess
    self.wait_until_status("SUCCESSFUL")
  File "/home/pi/actions-runner/_work/thin-edge.io/thin-edge.io/tests/PySys/software_management_end_to_end/environment_sm_management.py", line 381, in wait_until_status
    "Timeout while waiting for status %s or %s" % (status, status2)
SystemError: Timeout while waiting for status SUCCESSFUL or False
18:27:55 WARN  SystemError: Timeout while waiting for status SUCCESSFUL or False ... blocked 
18:27:55 INFO  
18:27:55 INFO  cleanup:
18:27:59 INFO  Executed sudo&lt;tedge_disconnect_c8y&gt;, exit status 0
18:28:00 INFO  Executed systemctl&lt;serv_mapper5&gt;, exit status 3
18:28:00 INFO  
18:28:00 INFO  Test duration: 179.44 secs
18:28:00 INFO  Test final outcome:  BLOCKED
18:28:00 INFO  Test outcome reason: SystemError: Timeout while waiting for status SUCCESSFUL or False
18:28:00 INFO  
</system-out>
	</testcase>
</testsuite><testsuite name="SoftwareManagement.sm_apt_install_remove_with_version" tests="3" errors="0" failures="1" skipped="1" time="0"><testcase classname="PySysTest" name="SoftwareManagement.sm_apt_install_remove_with_version">
		<skipped message="SKIPPED: Testing the apt plugin is not supported on this platform.Use parameter -XmyPlatform='container' to enable it" />
		<system-out>17:35:48 INFO  ==============================================================
17:35:48 INFO  Id:    SoftwareManagement.sm_apt_install_remove_with_version
17:35:48 INFO  Dir:   software_management_end_to_end/
17:35:48 INFO  Title: Validate end to end behaviour for the apt plugin for packages with version
17:35:48 INFO  ==============================================================
17:35:48 INFO  Testing the apt plugin is not supported on this platform.Use parameter -XmyPlatform='container' to enable it ... skipped
17:35:48 WARN  Aborted test due to SKIPPED outcome
17:35:48 INFO  
17:35:48 INFO  Test duration: 0.02 secs
17:35:48 INFO  Test final outcome:  SKIPPED
17:35:48 INFO  Test outcome reason: Testing the apt plugin is not supported on this platform.Use parameter -XmyPlatform='container' to enable it
17:35:48 INFO  
</system-out>
	</testcase>
<testcase classname="PySysTest" name="SoftwareManagement.sm_apt_install_remove_with_version">
		<failure message="BLOCKED: SystemError: The Sofware list is empty !!!" type="BLOCKED" />
		<system-out>18:03:35 INFO  ==============================================================
18:03:35 INFO  Id:    SoftwareManagement.sm_apt_install_remove_with_version
18:03:35 INFO  Dir:   software_management_end_to_end/
18:03:35 INFO  Title: Validate end to end behaviour for the apt plugin for packages with version
18:03:35 INFO  ==============================================================
18:03:35 INFO  Using sw id database: {'asciijump': '5475369', 'robotfindskitten': '5474869', 'squirrel3': '5475279', 'rolldice': '5152439', 'moon-buggy': '5439204', 'apple': '5495053', 'banana': '5494888', 'cherry': '5495382', 'watermelon': '5494510', 'registry': '8018911', 'hello-world': '8021526', 'docker/getting-started': '8021973', 'alpine': '7991792'}
18:03:35 INFO  EnvironmentC8y Setup
18:03:35 INFO  Executed systemctl&lt;serv_mapper1&gt;, exit status 3
18:03:35 INFO  Restarting mosquitto too frequently in the last 10 seconds. It was only up for 4 seconds
18:03:35 INFO  Delaying execution by 7 seconds
18:03:56 INFO  Executed sudo&lt;tedge_connect_c8y&gt;, exit status 0, duration 13 secs
18:03:57 INFO  Executed sudo&lt;tedge_connect_c8y_test&gt;, exit status 0
18:03:57 INFO  Executed systemctl&lt;serv_mosq2&gt;, exit status 0
18:03:58 INFO  Executed systemctl&lt;serv_mapper3&gt;, exit status 0
18:04:00 INFO  State of current operation: FAILED
18:04:00 WARN  SystemError occurred while running test - The Sofware list is empty !!!
Traceback (most recent call last):
  File "/home/pi/env-pysys/lib/python3.7/site-packages/pysys/baserunner.py", line 1292, in __call__
    self.testObj.setup()
  File "/home/pi/actions-runner/_work/thin-edge.io/thin-edge.io/tests/PySys/software_management_end_to_end/sm_apt_install_remove_with_version/run.py", line 29, in setup
    self.assertThat("False == value", value=self.check_is_installed("rolldice"))
  File "/home/pi/actions-runner/_work/thin-edge.io/thin-edge.io/tests/PySys/software_management_end_to_end/environment_sm_management.py", line 399, in check_is_installed
    raise SystemError("The Sofware list is empty !!!")
SystemError: The Sofware list is empty !!!
18:04:00 WARN  SystemError: The Sofware list is empty !!! ... blocked 
18:04:00 INFO  
18:04:00 INFO  cleanup:
18:04:04 INFO  Executed sudo&lt;tedge_disconnect_c8y&gt;, exit status 0
18:04:05 INFO  Executed systemctl&lt;serv_mapper5&gt;, exit status 3
18:04:05 INFO  
18:04:05 INFO  Test duration: 29.86 secs
18:04:05 INFO  Test final outcome:  BLOCKED
18:04:05 INFO  Test outcome reason: SystemError: The Sofware list is empty !!!
18:04:05 INFO  
</system-out>
	</testcase>
<testcase classname="PySysTest" name="SoftwareManagement.sm_apt_install_remove_with_version" />
</testsuite><testsuite name="SoftwareManagement.sm_docker_install_remove_multiple" tests="3" errors="0" failures="0" skipped="1" time="0"><testcase classname="SMDockerInstallRemove" name="SoftwareManagement.sm_docker_install_remove_multiple">
		<skipped message="SKIPPED: Testing the apt plugin is not supported on this platform.Use parameter -XmyPlatform='container' to enable it" />
		<system-out>17:35:49 INFO  ==============================================================
17:35:49 INFO  Id:    SoftwareManagement.sm_docker_install_remove_multiple
17:35:49 INFO  Dir:   software_management_end_to_end/
17:35:49 INFO  Title: Validate end to end behaviour for the docker plugin for multiple docker images with mixed versions
17:35:49 INFO  ==============================================================
17:35:49 INFO  Testing the apt plugin is not supported on this platform.Use parameter -XmyPlatform='container' to enable it ... skipped
17:35:49 WARN  Aborted test due to SKIPPED outcome
17:35:49 INFO  
17:35:49 INFO  Test duration: 0.03 secs
17:35:49 INFO  Test final outcome:  SKIPPED
17:35:49 INFO  Test outcome reason: Testing the apt plugin is not supported on this platform.Use parameter -XmyPlatform='container' to enable it
17:35:49 INFO  
</system-out>
	</testcase>
<testcase classname="SMDockerInstallRemove" name="SoftwareManagement.sm_docker_install_remove_multiple" />
<testcase classname="SMDockerInstallRemove" name="SoftwareManagement.sm_docker_install_remove_multiple" />
</testsuite><testsuite name="SoftwareManagement.sm_fake_install_remove" tests="2" errors="0" failures="0" skipped="1" time="0"><testcase classname="PySysTest" name="SoftwareManagement.sm_fake_install_remove">
		<skipped message="SKIPPED: Testing the fake plugin is not enabled.Use parameter -Xfakeplugin=fakeplugin to enable it" />
		<system-out>17:35:49 INFO  ==============================================================
17:35:49 INFO  Id:    SoftwareManagement.sm_fake_install_remove
17:35:49 INFO  Dir:   software_management_end_to_end/
17:35:49 INFO  Title: Validate end to end behaviour for the dummy plugin for installation and removal of packages
17:35:49 INFO  ==============================================================
17:35:49 INFO  Testing the fake plugin is not enabled.Use parameter -Xfakeplugin=fakeplugin to enable it ... skipped
17:35:49 WARN  Aborted test due to SKIPPED outcome
17:35:49 INFO  
17:35:49 INFO  Test duration: 0.02 secs
17:35:49 INFO  Test final outcome:  SKIPPED
17:35:49 INFO  Test outcome reason: Testing the fake plugin is not enabled.Use parameter -Xfakeplugin=fakeplugin to enable it
17:35:49 INFO  
</system-out>
	</testcase>
<testcase classname="PySysTest" name="SoftwareManagement.sm_fake_install_remove" />
</testsuite><testsuite name="SoftwareManagement.sm_fake_install_remove_multiple" tests="2" errors="0" failures="0" skipped="1" time="0"><testcase classname="PySysTest" name="SoftwareManagement.sm_fake_install_remove_multiple">
		<skipped message="SKIPPED: Testing the fake plugin is not enabled.Use parameter -Xfakeplugin=fakeplugin to enable it" />
		<system-out>17:35:49 INFO  ==============================================================
17:35:49 INFO  Id:    SoftwareManagement.sm_fake_install_remove_multiple
17:35:49 INFO  Dir:   software_management_end_to_end/
17:35:49 INFO  Title: Validate end to end behaviour for the dummy-plugin for multiple packages
17:35:49 INFO  ==============================================================
17:35:49 INFO  Testing the fake plugin is not enabled.Use parameter -Xfakeplugin=fakeplugin to enable it ... skipped
17:35:49 WARN  Aborted test due to SKIPPED outcome
17:35:49 INFO  
17:35:49 INFO  Test duration: 0.02 secs
17:35:49 INFO  Test final outcome:  SKIPPED
17:35:49 INFO  Test outcome reason: Testing the fake plugin is not enabled.Use parameter -Xfakeplugin=fakeplugin to enable it
17:35:49 INFO  
</system-out>
	</testcase>
<testcase classname="PySysTest" name="SoftwareManagement.sm_fake_install_remove_multiple" />
</testsuite><testsuite name="SoftwareManagement.sm_mapper_fail_and_reconnect" tests="2" errors="0" failures="0" skipped="2" time="0"><testcase classname="MapperC8yReceiveLastMessageOnRestart" name="SoftwareManagement.sm_mapper_fail_and_reconnect">
		<skipped message="SKIPPED: instable https://github.com/thin-edge/thin-edge.io/issues/752" />
		<system-out>17:35:49 INFO  ==============================================================
17:35:49 INFO  Id:    SoftwareManagement.sm_mapper_fail_and_reconnect
17:35:49 INFO  Dir:   software_management_end_to_end/
17:35:49 INFO  Title: Validate the tedge-mapper-sm-c8y for receiving the last message on restart
17:35:49 INFO  ==============================================================
17:35:49 INFO  instable https://github.com/thin-edge/thin-edge.io/issues/752 ... skipped
17:35:49 INFO  
17:35:49 INFO  Test duration: 0.02 secs
17:35:49 INFO  Test final outcome:  SKIPPED
17:35:49 INFO  Test outcome reason: instable https://github.com/thin-edge/thin-edge.io/issues/752
17:35:49 INFO  
</system-out>
	</testcase>
<testcase classname="MapperC8yReceiveLastMessageOnRestart" name="SoftwareManagement.sm_mapper_fail_and_reconnect">
		<skipped message="SKIPPED: instable https://github.com/thin-edge/thin-edge.io/issues/752" />
		<system-out>18:34:38 INFO  ==============================================================
18:34:38 INFO  Id:    SoftwareManagement.sm_mapper_fail_and_reconnect
18:34:38 INFO  Dir:   software_management_end_to_end/
18:34:38 INFO  Title: Validate the tedge-mapper-sm-c8y for receiving the last message on restart
18:34:38 INFO  ==============================================================
18:34:38 INFO  instable https://github.com/thin-edge/thin-edge.io/issues/752 ... skipped
18:34:38 INFO  
18:34:38 INFO  Test duration: 0.02 secs
18:34:38 INFO  Test final outcome:  SKIPPED
18:34:38 INFO  Test outcome reason: instable https://github.com/thin-edge/thin-edge.io/issues/752
18:34:38 INFO  
</system-out>
	</testcase>
</testsuite><testsuite name="SoftwareManagement.sm_mixed_install_remove_multiple" tests="2" errors="0" failures="1" skipped="1" time="0"><testcase classname="PySysTest" name="SoftwareManagement.sm_mixed_install_remove_multiple">
		<skipped message="SKIPPED: Testing the fake plugin is not enabled.Use parameter -Xfakeplugin=fakeplugin to enable it" />
		<system-out>17:35:49 INFO  ==============================================================
17:35:49 INFO  Id:    SoftwareManagement.sm_mixed_install_remove_multiple
17:35:49 INFO  Dir:   software_management_end_to_end/
17:35:49 INFO  Title: Validate end to end behaviour for the dummy-plugin for multiple packages with mixed versions
17:35:49 INFO  ==============================================================
17:35:49 INFO  Testing the fake plugin is not enabled.Use parameter -Xfakeplugin=fakeplugin to enable it ... skipped
17:35:49 WARN  Aborted test due to SKIPPED outcome
17:35:49 INFO  
17:35:49 INFO  Test duration: 0.02 secs
17:35:49 INFO  Test final outcome:  SKIPPED
17:35:49 INFO  Test outcome reason: Testing the fake plugin is not enabled.Use parameter -Xfakeplugin=fakeplugin to enable it
17:35:49 INFO  
</system-out>
	</testcase>
<testcase classname="PySysTest" name="SoftwareManagement.sm_mixed_install_remove_multiple">
		<failure message="FAILED: Assert that (False == value) with value=True" type="FAILED" />
		<system-out>18:34:38 INFO  ==============================================================
18:34:38 INFO  Id:    SoftwareManagement.sm_mixed_install_remove_multiple
18:34:38 INFO  Dir:   software_management_end_to_end/
18:34:38 INFO  Title: Validate end to end behaviour for the dummy-plugin for multiple packages with mixed versions
18:34:38 INFO  ==============================================================
18:34:38 INFO  Using sw id database: {'asciijump': '5475369', 'robotfindskitten': '5474869', 'squirrel3': '5475279', 'rolldice': '5152439', 'moon-buggy': '5439204', 'apple': '5495053', 'banana': '5494888', 'cherry': '5495382', 'watermelon': '5494510', 'registry': '8018911', 'hello-world': '8021526', 'docker/getting-started': '8021973', 'alpine': '7991792'}
18:34:38 INFO  EnvironmentC8y Setup
18:34:39 INFO  Executed systemctl&lt;serv_mapper1&gt;, exit status 3
18:34:39 INFO  Restarting mosquitto too frequently in the last 10 seconds. It was only up for 5 seconds
18:34:39 INFO  Delaying execution by 6 seconds
18:34:59 INFO  Executed sudo&lt;tedge_connect_c8y&gt;, exit status 0, duration 14 secs
18:34:59 INFO  Executed sudo&lt;tedge_connect_c8y_test&gt;, exit status 0
18:35:00 INFO  Executed systemctl&lt;serv_mosq2&gt;, exit status 0
18:35:00 INFO  Executed systemctl&lt;serv_mapper3&gt;, exit status 0
18:35:02 INFO  State of current operation: SUCCESSFUL
18:35:03 INFO  Package apple is installed
18:35:03 INFO  Assert that (True == value) with value=True ... passed
18:35:03 INFO  Package banana is installed
18:35:03 INFO  Assert that (True == value) with value=True ... passed
18:35:03 INFO  Package cherry is installed
18:35:03 INFO  Assert that (True == value) with value=True ... passed
18:35:03 INFO  Package asciijump is installed
18:35:03 WARN  Assert that (False == value) with value=True ... failed 
18:35:04 INFO  Assert that (False == value) with value=False ... passed
18:35:04 INFO  Response status: 201
18:35:04 INFO  Response to action: {
    "creationTime": "2022-07-22T18:35:04.398Z",
    "deviceId": "21300464",
    "deviceName": "m32sd10d",
    "self": "https://t493319102.eu-latest.cumulocity.com/devicecontrol/operations/21313629",
    "id": "21313629",
    "status": "PENDING",
    "description": "Apply software changes, triggered from PySys: [{'action': 'install', 'id': '5495053', 'name': 'apple', 'url': ' ', 'version': '::fruits'}, {'action': 'install', 'id': '5494888', 'name': 'banana', 'url': ' ', 'version': '::fruits'}, {'action': 'install', 'id': '5475369', 'name': 'asciijump', 'url': ' ', 'version': '::apt'}, {'action': 'install', 'id': '5495382', 'name': 'cherry', 'url': ' ', 'version': '::fruits'}, {'action': 'install', 'id': '8018911', 'name': 'registry', 'url': ' ', 'version': '::docker'}]",
    "c8y_SoftwareUpdate": [
        {
            "name": "apple",
            "action": "install",
            "id": "5495053",
            "version": "::fruits",
            "url": " "
        },
        {
            "name": "banana",
            "action": "install",
            "id": "5494888",
            "version": "::fruits",
            "url": " "
        },
        {
            "name": "asciijump",
            "action": "install",
            "id": "5475369",
            "version": "::apt",
            "url": " "
        },
        {
            "name": "cherry",
            "action": "install",
            "id": "5495382",
            "version": "::fruits",
            "url": " "
        },
        {
            "name": "registry",
            "action": "install",
            "id": "8018911",
            "version": "::docker",
            "url": " "
        }
    ]
}
[...]
17:24:15 INFO  Executed sudo&lt;rm_tmp_logs&gt;, exit status 0
17:24:15 INFO  Executed sudo&lt;send_failed&gt;, exit status 0
17:24:16 INFO  Executed sudo&lt;log_file_daemon&gt;, exit status 0
17:24:20 INFO  Executed sudo&lt;tedge_disconnect_c8y&gt;, exit status 0
17:24:21 INFO  Executed systemctl&lt;serv_mapper5&gt;, exit status 3
17:24:21 INFO  
17:24:21 INFO  Test duration: 27.60 secs
17:24:21 INFO  Test final outcome:  BLOCKED
17:24:21 INFO  Test outcome reason: TypeError: 'NoneType' object is not subscriptable
17:24:21 INFO  
</system-out>
	</testcase>
</testsuite><testsuite name="log_request_num_lines" tests="1" errors="0" failures="1" skipped="0" time="0"><testcase classname="LogRequestVerifyNumberOfLines" name="log_request_num_lines">
		<failure message="BLOCKED: TypeError: 'NoneType' object is not subscriptable" type="BLOCKED" />
		<system-out>17:24:21 INFO  ==============================================================
17:24:21 INFO  Id:    log_request_num_lines
17:24:21 INFO  Dir:   log_request_end_to_end/
17:24:21 INFO  Title: Validate end to end behaviour for the log request operation check for number of lines
17:24:21 INFO  ==============================================================
17:24:21 INFO  EnvironmentC8y Setup
17:24:21 INFO  Executed systemctl&lt;serv_mapper1&gt;, exit status 3
17:24:21 INFO  Restarting mosquitto too frequently in the last 10 seconds. It was only up for 4 seconds
17:24:21 INFO  Delaying execution by 7 seconds
17:24:43 INFO  Executed sudo&lt;tedge_connect_c8y&gt;, exit status 0, duration 14 secs
17:24:43 INFO  Executed sudo&lt;tedge_connect_c8y_test&gt;, exit status 0
17:24:44 INFO  Executed systemctl&lt;serv_mosq2&gt;, exit status 0
17:24:44 INFO  Executed systemctl&lt;serv_mapper3&gt;, exit status 0
17:24:45 INFO  Executed sudo&lt;rm_logs&gt;, exit status 0
17:24:45 INFO  Executed sudo&lt;move_logs&gt;, exit status 0
17:24:46 INFO  Executed sudo&lt;log_file_daemon&gt;, exit status 0
17:24:47 WARN  TypeError occurred while running test - 'NoneType' object is not subscriptable
Traceback (most recent call last):
  File "/home/pi/env-pysys/lib/python3.7/site-packages/pysys/baserunner.py", line 1294, in __call__
    self.testObj.execute()
  File "/home/pi/actions-runner/_work/thin-edge.io/thin-edge.io/tests/PySys/log_request_end_to_end/log_request_num_lines/run.py", line 46, in execute
    log_file_request_payload, self.project.deviceid
  File "/home/pi/actions-runner/_work/thin-edge.io/thin-edge.io/tests/PySys/environments/cumulocity.py", line 101, in trigger_log_request
    "deviceId": self.device_fragment["id"],
TypeError: 'NoneType' object is not subscriptable
17:24:47 WARN  TypeError: 'NoneType' object is not subscriptable ... blocked 
17:24:47 INFO  
17:24:47 INFO  cleanup:
17:24:47 INFO  Executed sudo&lt;rm_logs&gt;, exit status 0
17:24:48 INFO  Executed sudo&lt;rm_tmp_logs&gt;, exit status 0
17:24:48 INFO  Executed sudo&lt;send_failed&gt;, exit status 0
17:24:49 INFO  Executed sudo&lt;log_file_daemon&gt;, exit status 0
17:24:53 INFO  Executed sudo&lt;tedge_disconnect_c8y&gt;, exit status 0
17:24:53 INFO  Executed systemctl&lt;serv_mapper5&gt;, exit status 3
17:24:53 INFO  
17:24:53 INFO  Test duration: 32.71 secs
17:24:53 INFO  Test final outcome:  BLOCKED
17:24:53 INFO  Test outcome reason: TypeError: 'NoneType' object is not subscriptable
17:24:53 INFO  
</system-out>
	</testcase>
</testsuite><testsuite name="mapper_awaits_before_reconnect" tests="1" errors="0" failures="1" skipped="0" time="0"><testcase classname="MapperReconnectAwait" name="mapper_awaits_before_reconnect">
		<failure message="FAILED: Line count on tedge_mapper_journal.out for &quot;tedge_mapper::core::mapper: MQTT connection error:&quot; expected &gt;=2 but got 0" type="FAILED" />
		<system-out>17:38:51 INFO  ==============================================================
17:38:51 INFO  Id:    mapper_awaits_before_reconnect
17:38:51 INFO  Dir:   tedge_mapper_c8y/
17:38:51 INFO  Title: Validate mapper doesn't reconnect too often
17:38:51 INFO  ==============================================================
17:38:51 INFO  Started mosquitto_sub with process id 10230
17:38:51 INFO  Waiting for 0.1 seconds
17:38:52 INFO  Executed sudo&lt;tedge_mapper&gt;, exit status 0
17:38:52 INFO  Waiting for 5.0 seconds
17:38:57 INFO  Executed sudo&lt;tedge_mapper&gt;, exit status 0
17:39:00 INFO  Executed sudo&lt;tedge_mapper_journal&gt;, exit status 0
17:39:00 WARN  Grep on tedge_mapper_journal.out contains "ERROR" ... failed [run.py:67]
17:39:00 INFO  Line count on file tedge_mapper_journal.out ... passed
17:39:00 WARN  Line count on tedge_mapper_journal.out for "tedge_mapper::core::mapper: MQTT connection error:" expected &gt;=2 but got 0 ... failed [run.py:78]
17:39:00 WARN  Aborted test due to FAILED outcome
17:39:00 INFO  
17:39:00 INFO  Test duration: 9.13 secs
17:39:00 INFO  Test final outcome:  FAILED
17:39:00 INFO  Test outcome reason: Line count on tedge_mapper_journal.out for "tedge_mapper::core::mapper: MQTT connection error:" expected &gt;=2 but got 0
17:39:00 INFO  
</system-out>
	</testcase>
</testsuite><testsuite name="monitoring_smaller_interval" tests="1" errors="0" failures="1" skipped="0" time="0"><testcase classname="MonitoringSmallInterval" name="monitoring_smaller_interval">
		<failure message="BLOCKED: TypeError: 'int' object is not subscriptable" type="BLOCKED" />
		<system-out>17:25:55 INFO  ==============================================================
17:25:55 INFO  Id:    monitoring_smaller_interval
17:25:55 INFO  Dir:   monitoring/
17:25:55 INFO  Title: Validate the tedge dm agent messages that are produced with smaller sampling interval than the batching window. Here the simulated collectd messages are used
17:25:55 INFO  ==============================================================
17:25:56 INFO  Executed sudo&lt;collectd&gt;, exit status 0
17:25:56 INFO  Executed sudo&lt;collectd_mapper&gt;, exit status 0
17:25:56 INFO  Started sudo&lt;tedge_sub&gt; with process id 6370
17:25:57 INFO  Executed sudo&lt;tedge_temp&gt;, exit status 0
17:25:57 INFO  Executed sudo&lt;tedge_pres&gt;, exit status 0
17:25:58 INFO  Executed sudo&lt;tedge_temp&gt;, exit status 0
17:25:59 INFO  Executed sudo&lt;tedge_pres&gt;, exit status 0
17:25:59 INFO  Executed sudo&lt;tedge_temp&gt;, exit status 0
17:26:00 INFO  Executed sudo&lt;tedge_pres&gt;, exit status 0
17:26:00 INFO  Executed sudo&lt;tedge_temp&gt;, exit status 0
17:26:01 INFO  Executed sudo&lt;tedge_pres&gt;, exit status 0
17:26:02 INFO  Executed sudo&lt;tedge_temp&gt;, exit status 0
17:26:02 INFO  Executed sudo&lt;tedge_pres&gt;, exit status 0
17:26:03 INFO  Executed sudo&lt;tedge_temp&gt;, exit status 0
17:26:03 INFO  Executed sudo&lt;tedge_pres&gt;, exit status 0
17:26:04 INFO  Executed sudo&lt;tedge_temp&gt;, exit status 0
17:26:04 INFO  Executed sudo&lt;tedge_pres&gt;, exit status 0
17:26:05 INFO  Executed sudo&lt;tedge_temp&gt;, exit status 0
17:26:05 INFO  Executed sudo&lt;tedge_pres&gt;, exit status 0
17:26:06 INFO  Executed sudo&lt;tedge_temp&gt;, exit status 0
17:26:07 INFO  Executed sudo&lt;tedge_pres&gt;, exit status 0
17:26:07 INFO  Executed sudo&lt;tedge_temp&gt;, exit status 0
17:26:08 INFO  Executed sudo&lt;tedge_pres&gt;, exit status 0
17:26:09 INFO  Executed sudo&lt;kill_out&gt;, exit status 0
17:26:09 INFO  0

17:26:09 WARN  TypeError occurred while running test - 'int' object is not subscriptable
Traceback (most recent call last):
  File "/home/pi/env-pysys/lib/python3.7/site-packages/pysys/baserunner.py", line 1296, in __call__
    self.testObj.validate()
  File "/home/pi/actions-runner/_work/thin-edge.io/thin-edge.io/tests/PySys/monitoring/monitoring_smaller_interval/run.py", line 104, in validate
    collectd_msg_validation_result=self.validate_json(),
  File "/home/pi/actions-runner/_work/thin-edge.io/thin-edge.io/tests/PySys/monitoring/monitoring_smaller_interval/run.py", line 114, in validate_json
    if not self.validate_time():
  File "/home/pi/actions-runner/_work/thin-edge.io/thin-edge.io/tests/PySys/monitoring/monitoring_smaller_interval/run.py", line 134, in validate_time
    if self.js_msg["time"]:
TypeError: 'int' object is not subscriptable
17:26:09 WARN  TypeError: 'int' object is not subscriptable ... blocked 
17:26:09 INFO  
17:26:09 INFO  cleanup:
17:26:09 INFO  monitoring_cleanup
17:26:10 INFO  Executed sudo&lt;collectd_mapper&gt;, exit status 0
17:26:10 INFO  
17:26:10 INFO  Test duration: 14.89 secs
17:26:10 INFO  Test final outcome:  BLOCKED
17:26:10 INFO  Test outcome reason: TypeError: 'int' object is not subscriptable
17:26:10 INFO  
</system-out>
	</testcase>
</testsuite><testsuite name="monitoring_with_collectd" tests="1" errors="0" failures="0" skipped="1" time="0"><testcase classname="MonitoringWithCollectd" name="monitoring_with_collectd">
		<skipped message="SKIPPED: Test execution disabled due to #792 (instable)" />
		<system-out>17:26:10 INFO  ==============================================================
17:26:10 INFO  Id:    monitoring_with_collectd
17:26:10 INFO  Dir:   monitoring/
17:26:10 INFO  Title: Validate tedge dm agent messages that are produced by batching the collectd messages
17:26:10 INFO  ==============================================================
17:26:10 INFO  Test execution disabled due to #792 (instable) ... skipped
17:26:10 INFO  
17:26:10 INFO  Test duration: 0.02 secs
17:26:10 INFO  Test final outcome:  SKIPPED
17:26:10 INFO  Test outcome reason: Test execution disabled due to #792 (instable)
17:26:10 INFO  
</system-out>
	</testcase>
</testsuite><testsuite name="monitoring_with_simulated_messages" tests="1" errors="0" failures="1" skipped="0" time="0"><testcase classname="MonitoringWithSimulatedMessages" name="monitoring_with_simulated_messages">
		<failure message="BLOCKED: TypeError: 'int' object is not subscriptable" type="BLOCKED" />
		<system-out>17:26:10 INFO  ==============================================================
17:26:10 INFO  Id:    monitoring_with_simulated_messages
17:26:10 INFO  Dir:   monitoring/
17:26:10 INFO  Title: Validate the tedge dm agent messages that are produced from the simulated collectd messages
17:26:10 INFO  ==============================================================
17:26:11 INFO  Executed sudo&lt;collectd&gt;, exit status 0
17:26:11 INFO  Executed sudo&lt;collectd_mapper&gt;, exit status 0
17:26:11 INFO  Started sudo&lt;tedge_sub&gt; with process id 6431
17:26:12 INFO  Executed sudo&lt;tedge_temp&gt;, exit status 0
17:26:12 INFO  Executed sudo&lt;tedge_pres&gt;, exit status 0
17:26:14 INFO  Executed sudo&lt;kill_out&gt;, exit status 0
17:26:14 INFO  0

17:26:14 WARN  TypeError occurred while running test - 'int' object is not subscriptable
Traceback (most recent call last):
  File "/home/pi/env-pysys/lib/python3.7/site-packages/pysys/baserunner.py", line 1296, in __call__
    self.testObj.validate()
  File "/home/pi/actions-runner/_work/thin-edge.io/thin-edge.io/tests/PySys/monitoring/monitoring_with_simulated_messages/run.py", line 98, in validate
    collectd_msg_validation_result=self.validate_json(),
  File "/home/pi/actions-runner/_work/thin-edge.io/thin-edge.io/tests/PySys/monitoring/monitoring_with_simulated_messages/run.py", line 108, in validate_json
    if not self.validate_time():
  File "/home/pi/actions-runner/_work/thin-edge.io/thin-edge.io/tests/PySys/monitoring/monitoring_with_simulated_messages/run.py", line 127, in validate_time
    if self.js_msg["time"]:
TypeError: 'int' object is not subscriptable
17:26:14 WARN  TypeError: 'int' object is not subscriptable ... blocked 
17:26:14 INFO  
17:26:14 INFO  cleanup:
17:26:14 INFO  monitoring_cleanup
17:26:14 INFO  Executed sudo&lt;collectd_mapper&gt;, exit status 0
17:26:14 INFO  
17:26:14 INFO  Test duration: 4.43 secs
17:26:14 INFO  Test final outcome:  BLOCKED
17:26:14 INFO  Test outcome reason: TypeError: 'int' object is not subscriptable
17:26:14 INFO  
</system-out>
	</testcase>
</testsuite><testsuite name="mqtt_port_change_connection_fails" tests="1" errors="0" failures="0" skipped="0" time="0"><testcase classname="MqttPortChangeConnectionFails" name="mqtt_port_change_connection_fails" />
</testsuite><testsuite name="mqtt_port_change_connection_works" tests="1" errors="0" failures="0" skipped="1" time="0"><testcase classname="MqttPortChangeConnectionWorks" name="mqtt_port_change_connection_works">
		<skipped message="SKIPPED: failing intermitently" />
		<system-out>17:25:28 INFO  ==============================================================
17:25:28 INFO  Id:    mqtt_port_change_connection_works
17:25:28 INFO  Dir:   misc_features/
17:25:28 INFO  Title: mqtt port change connection works for all the thin-edge services that use the mosquitto broker
17:25:28 INFO  ==============================================================
17:25:28 INFO  failing intermitently ... skipped
17:25:28 INFO  
17:25:28 INFO  Test duration: 0.02 secs
17:25:28 INFO  Test final outcome:  SKIPPED
17:25:28 INFO  Test outcome reason: failing intermitently
17:25:28 INFO  
</system-out>
	</testcase>
</testsuite><testsuite name="publish_flux" tests="1" errors="0" failures="0" skipped="0" time="0"><testcase classname="PublishFlux" name="publish_flux" />
</testsuite><testsuite name="publish_sawmill" tests="1" errors="0" failures="0" skipped="0" time="0"><testcase classname="PublishSawmill" name="publish_sawmill" />
</testsuite><testsuite name="runtime_start_two_mappers" tests="1" errors="0" failures="0" skipped="0" time="0"><testcase classname="RuntimeMultiMappers" name="runtime_start_two_mappers" />
</testsuite><testsuite name="sm_tedge_mapper_init_session" tests="1" errors="0" failures="0" skipped="0" time="0"><testcase classname="TedgeSMMapperInitSession" name="sm_tedge_mapper_init_session" />
</testsuite><testsuite name="smoketest_json" tests="1" errors="0" failures="0" skipped="0" time="0"><testcase classname="SmokeTestJson" name="smoketest_json" />
</testsuite><testsuite name="smoketest_json_400_samples_10ms" tests="1" errors="0" failures="0" skipped="0" time="0"><testcase classname="SmoketestJson400Samples10ms" name="smoketest_json_400_samples_10ms" />
</testsuite><testsuite name="smoketest_json_400_samples_20ms" tests="1" errors="0" failures="0" skipped="0" time="0"><testcase classname="SmoketestJson400Samples20ms" name="smoketest_json_400_samples_20ms" />
</testsuite><testsuite name="smoketest_smartrest" tests="1" errors="0" failures="0" skipped="0" time="0"><testcase classname="SmoketestSmartRest" name="smoketest_smartrest" />
</testsuite><testsuite name="smoketest_smartrest_400_samples_1Xms" tests="1" errors="0" failures="0" skipped="0" time="0"><testcase classname="SmoketestSmartRest400Samples1Xms" name="smoketest_smartrest_400_samples_1Xms" />
</testsuite><testsuite name="smoketest_smartrest_400_samples_20ms" tests="1" errors="0" failures="0" skipped="0" time="0"><testcase classname="SmoketestSmartRest400Samples20ms" name="smoketest_smartrest_400_samples_20ms" />
</testsuite><testsuite name="tedge_agent_user_sudo_access" tests="1" errors="0" failures="0" skipped="1" time="0"><testcase classname="TedgeAgentUserSudoAccess" name="tedge_agent_user_sudo_access">
		<skipped message="SKIPPED: #955 Observation: Exit code of the apt plugin when called with no arguments" />
		<system-out>17:36:14 INFO  ==============================================================
17:36:14 INFO  Id:    tedge_agent_user_sudo_access
17:36:14 INFO  Dir:   tedge/
17:36:14 INFO  Title: Validate tedge-agent user has a limited sudo right
17:36:14 INFO  ==============================================================
17:36:14 INFO  #955 Observation: Exit code of the apt plugin when called with no arguments ... skipped
17:36:14 INFO  
17:36:14 INFO  Test duration: 0.02 secs
17:36:14 INFO  Test final outcome:  SKIPPED
17:36:14 INFO  Test outcome reason: #955 Observation: Exit code of the apt plugin when called with no arguments
17:36:14 INFO  
</system-out>
	</testcase>
</testsuite><testsuite name="tedge_connect_test_negative" tests="1" errors="0" failures="0" skipped="0" time="0"><testcase classname="TedgeConnectTestNegative" name="tedge_connect_test_negative" />
</testsuite><testsuite name="tedge_connect_test_positive" tests="1" errors="0" failures="0" skipped="0" time="0"><testcase classname="TedgeConnectTestPositive" name="tedge_connect_test_positive" />
</testsuite><testsuite name="tedge_connect_test_sm_services" tests="1" errors="0" failures="0" skipped="0" time="0"><testcase classname="TedgeConnectTestSMServices" name="tedge_connect_test_sm_services" />
</testsuite><testsuite name="tedge_disconnect_test_sm_services" tests="1" errors="0" failures="0" skipped="0" time="0"><testcase classname="TedgeDisConnectTestSMServices" name="tedge_disconnect_test_sm_services" />
</testsuite><testsuite name="tedge_mapper_az_negative" tests="1" errors="0" failures="0" skipped="0" time="0"><testcase classname="TedgeMapperAzError" name="tedge_mapper_az_negative" />
</testsuite><testsuite name="tedge_mapper_az_with_timestamp" tests="1" errors="0" failures="0" skipped="0" time="0"><testcase classname="TedgeMapperAzWithTimestamp" name="tedge_mapper_az_with_timestamp" />
</testsuite><testsuite name="tedge_mapper_az_without_timestamp" tests="1" errors="0" failures="0" skipped="0" time="0"><testcase classname="TedgeMapperAzWithoutTimestamp" name="tedge_mapper_az_without_timestamp" />
</testsuite><testsuite name="tedge_mapper_c8y_alarms" tests="1" errors="0" failures="0" skipped="0" time="0"><testcase classname="TedgeMapperC8yAlarm" name="tedge_mapper_c8y_alarms" />
</testsuite><testsuite name="tedge_mapper_c8y_child_device_measurement" tests="1" errors="0" failures="0" skipped="0" time="0"><testcase classname="TedgeMapperC8yChildDevice" name="tedge_mapper_c8y_child_device_measurement" />
</testsuite><testsuite name="tedge_mapper_c8y_packet_threshold_size" tests="1" errors="0" failures="1" skipped="0" time="0"><testcase classname="TedgeMapperC8yThresholdPacketSize" name="tedge_mapper_c8y_packet_threshold_size">
		<failure message="FAILED: Grep on tedge_sub.out contains &quot;The size of the message received on tedge/measurements is 20489 which is greater than the threshold size of 16184.&quot;" type="FAILED" />
		<system-out>17:40:38 INFO  ==============================================================
17:40:38 INFO  Id:    tedge_mapper_c8y_packet_threshold_size
17:40:38 INFO  Dir:   tedge_mapper_c8y/
17:40:38 INFO  Title: Validate the Cumulocity Mapper accepted threshold packet size when it receives a message on tedge/measurements
17:40:38 INFO  ==============================================================
17:40:38 INFO  Executed sudo&lt;tedge_mapper_c8y&gt;, exit status 0
17:40:38 INFO  Started sudo&lt;tedge_sub&gt; with process id 10825
17:40:39 INFO  Executed sudo&lt;tedge_msg&gt;, exit status 0
17:40:40 INFO  Executed sudo&lt;tedge_pub&gt;, exit status 0
17:40:40 INFO  Executed sudo&lt;kill_out&gt;, exit status 0
17:40:40 WARN  Grep on tedge_sub.out contains "The size of the message received on tedge/measurements is 20489 which is greater than the threshold size of 16184." ... failed [run.py:88]
17:40:40 INFO  
17:40:40 INFO  cleanup:
17:40:40 INFO  mapper_cleanup
17:40:41 INFO  Executed sudo&lt;tedge_mapper_c8y&gt;, exit status 0
17:40:41 INFO  
17:40:41 INFO  Test duration: 3.05 secs
17:40:41 INFO  Test final outcome:  FAILED
17:40:41 INFO  Test outcome reason: Grep on tedge_sub.out contains "The size of the message received on tedge/measurements is 20489 which is greater than the threshold size of 16184."
17:40:41 INFO  
</system-out>
	</testcase>
</testsuite><testsuite name="tedge_software_update" tests="1" errors="0" failures="0" skipped="0" time="0"><testcase classname="PySysTest" name="tedge_software_update" />
</testsuite><testsuite name="valid_device_id" tests="1" errors="0" failures="0" skipped="0" time="0"><testcase classname="ValidateValidDeviceId" name="valid_device_id" />
</testsuite></testsuites>