<?xml version='1.0' encoding='utf-8'?>
<testsuites tests="139" failures="19" errors="0" skipped="45" time="0.0"><testsuite name="SoftwareManagement.Plugin.apama_plugin_install" tests="3" errors="0" failures="0" skipped="1" time="0"><testcase classname="ApamaPluginInstallTest" name="SoftwareManagement.Plugin.apama_plugin_install">
		<skipped message="SKIPPED: Apama plugin tests are disabled by default. Execute `pysys run` with `-XmyPlatform=container` to run these tests" />
		<system-out>13:33:00 INFO  ==============================================================
13:33:00 INFO  Id:    SoftwareManagement.Plugin.apama_plugin_install
13:33:00 INFO  Dir:   plugin_apama/
13:33:00 INFO  Title: Validate apama plugin install
13:33:00 INFO  ==============================================================
13:33:00 INFO  Apama plugin tests are disabled by default. Execute `pysys run` with `-XmyPlatform=container` to run these tests ... skipped
13:33:00 WARN  Aborted test due to SKIPPED outcome
13:33:00 INFO  
13:33:00 INFO  Test duration: 0.04 secs
13:33:00 INFO  Test final outcome:  SKIPPED
13:33:00 INFO  Test outcome reason: Apama plugin tests are disabled by default. Execute `pysys run` with `-XmyPlatform=container` to run these tests
13:33:00 INFO  
</system-out>
	</testcase>
<testcase classname="ApamaPluginInstallTest" name="SoftwareManagement.Plugin.apama_plugin_install" />
<testcase classname="ApamaPluginInstallTest" name="SoftwareManagement.Plugin.apama_plugin_install" />
</testsuite><testsuite name="SoftwareManagement.Plugin.apama_plugin_mon_support" tests="3" errors="0" failures="0" skipped="1" time="0"><testcase classname="ApamaPluginMonSupportTest" name="SoftwareManagement.Plugin.apama_plugin_mon_support">
		<skipped message="SKIPPED: Apama plugin tests are disabled by default. Execute `pysys run` with `-XmyPlatform=container` to run these tests" />
		<system-out>13:33:00 INFO  ==============================================================
13:33:00 INFO  Id:    SoftwareManagement.Plugin.apama_plugin_mon_support
13:33:00 INFO  Dir:   plugin_apama/
13:33:00 INFO  Title: Validate mon file support of apama plugin
13:33:00 INFO  ==============================================================
13:33:00 INFO  Apama plugin tests are disabled by default. Execute `pysys run` with `-XmyPlatform=container` to run these tests ... skipped
13:33:00 WARN  Aborted test due to SKIPPED outcome
13:33:00 INFO  
13:33:00 INFO  Test duration: 0.02 secs
13:33:00 INFO  Test final outcome:  SKIPPED
13:33:00 INFO  Test outcome reason: Apama plugin tests are disabled by default. Execute `pysys run` with `-XmyPlatform=container` to run these tests
13:33:00 INFO  
</system-out>
	</testcase>
<testcase classname="ApamaPluginMonSupportTest" name="SoftwareManagement.Plugin.apama_plugin_mon_support" />
<testcase classname="ApamaPluginMonSupportTest" name="SoftwareManagement.Plugin.apama_plugin_mon_support" />
</testsuite><testsuite name="SoftwareManagement.Plugin.apama_plugin_remove" tests="3" errors="0" failures="0" skipped="1" time="0"><testcase classname="ApamaPluginRemoveTest" name="SoftwareManagement.Plugin.apama_plugin_remove">
		<skipped message="SKIPPED: Apama plugin tests are disabled by default. Execute `pysys run` with `-XmyPlatform=container` to run these tests" />
		<system-out>13:33:00 INFO  ==============================================================
13:33:00 INFO  Id:    SoftwareManagement.Plugin.apama_plugin_remove
13:33:00 INFO  Dir:   plugin_apama/
13:33:00 INFO  Title: Validate apama plugin remove
13:33:00 INFO  ==============================================================
13:33:00 INFO  Apama plugin tests are disabled by default. Execute `pysys run` with `-XmyPlatform=container` to run these tests ... skipped
13:33:00 WARN  Aborted test due to SKIPPED outcome
13:33:00 INFO  
13:33:00 INFO  Test duration: 0.02 secs
13:33:00 INFO  Test final outcome:  SKIPPED
13:33:00 INFO  Test outcome reason: Apama plugin tests are disabled by default. Execute `pysys run` with `-XmyPlatform=container` to run these tests
13:33:00 INFO  
</system-out>
	</testcase>
<testcase classname="ApamaPluginRemoveTest" name="SoftwareManagement.Plugin.apama_plugin_remove" />
<testcase classname="ApamaPluginRemoveTest" name="SoftwareManagement.Plugin.apama_plugin_remove" />
</testsuite><testsuite name="SoftwareManagement.Plugin.apama_plugin_update" tests="3" errors="0" failures="2" skipped="1" time="0"><testcase classname="ApamaPluginUpdateTest" name="SoftwareManagement.Plugin.apama_plugin_update">
		<skipped message="SKIPPED: Apama plugin tests are disabled by default. Execute `pysys run` with `-XmyPlatform=container` to run these tests" />
		<system-out>13:33:00 INFO  ==============================================================
13:33:00 INFO  Id:    SoftwareManagement.Plugin.apama_plugin_update
13:33:00 INFO  Dir:   plugin_apama/
13:33:00 INFO  Title: Validate apama plugin updating one project with another
13:33:00 INFO  ==============================================================
13:33:00 INFO  Apama plugin tests are disabled by default. Execute `pysys run` with `-XmyPlatform=container` to run these tests ... skipped
13:33:00 WARN  Aborted test due to SKIPPED outcome
13:33:00 INFO  
13:33:00 INFO  Test duration: 0.02 secs
13:33:00 INFO  Test final outcome:  SKIPPED
13:33:00 INFO  Test outcome reason: Apama plugin tests are disabled by default. Execute `pysys run` with `-XmyPlatform=container` to run these tests
13:33:00 INFO  
</system-out>
	</testcase>
<testcase classname="ApamaPluginUpdateTest" name="SoftwareManagement.Plugin.apama_plugin_update">
		<failure message="BLOCKED: sudo&lt;plugin_install&gt; returned non-zero exit code 2" type="BLOCKED" />
		<system-out>14:24:12 INFO  ==============================================================
14:24:12 INFO  Id:    SoftwareManagement.Plugin.apama_plugin_update
14:24:12 INFO  Dir:   plugin_apama/
14:24:12 INFO  Title: Validate apama plugin updating one project with another
14:24:12 INFO  ==============================================================
14:24:12 INFO  Assertion that path exists=False for "/etc/tedge/apama/project" ... passed
14:24:13 INFO  Executed sudo&lt;create_project_dir&gt;, exit status 0
14:24:13 INFO  Executed sudo&lt;unzip_apama_project&gt;, exit status 0
14:24:14 INFO  Executed sudo&lt;move_apama_project&gt;, exit status 0
14:24:15 INFO  Executed sudo&lt;restart_apama_service&gt;, exit status 0
14:24:15 INFO  Executed sudo&lt;apama_correlator_wait&gt;, exit status 0
14:24:15 INFO  Assertion that path exists=True for "/etc/tedge/apama/project" ... passed
14:24:16 INFO  Executed sudo&lt;apama_list_monitors&gt;, exit status 0
14:24:16 INFO  Grep on file /home/pi/actions-runner/_work/thin-edge.io/thin-edge.io/tests/PySys/plugin_apama/apama_plugin_update/Output/linux/apama_list_monitors.out ... passed
14:24:17 WARN  Executed sudo&lt;plugin_install&gt;, exit status 2
14:24:17 INFO  Contents of plugin_install.err: 
  ERROR: Directory not empty (os error 39)
  -----

14:24:17 WARN  sudo&lt;plugin_install&gt; returned non-zero exit code 2 ... blocked [run.py:35]
14:24:17 WARN  Aborted test due to BLOCKED outcome
14:24:17 INFO  
14:24:17 INFO  cleanup:
14:24:17 INFO  Removing apama project
14:24:32 INFO  Executed sudo&lt;stop_apama_service&gt;, exit status 0, duration 15 secs
14:24:33 INFO  Executed sudo&lt;remove_apama_project&gt;, exit status 0
14:24:33 INFO  Executed sudo&lt;remove_apama_tmp_dir&gt;, exit status 0
14:24:33 INFO  
14:24:33 INFO  Test duration: 21.10 secs
14:24:33 INFO  Test final outcome:  BLOCKED
14:24:33 INFO  Test outcome reason: sudo&lt;plugin_install&gt; returned non-zero exit code 2
14:24:33 INFO  
</system-out>
	</testcase>
<testcase classname="ApamaPluginUpdateTest" name="SoftwareManagement.Plugin.apama_plugin_update">
		<failure message="BLOCKED: sudo&lt;plugin_install&gt; returned non-zero exit code 2" type="BLOCKED" />
		<system-out>14:32:42 INFO  ==============================================================
14:32:42 INFO  Id:    SoftwareManagement.Plugin.apama_plugin_update
14:32:42 INFO  Dir:   plugin_apama/
14:32:42 INFO  Title: Validate apama plugin updating one project with another
14:32:42 INFO  ==============================================================
14:32:42 INFO  Assertion that path exists=False for "/etc/tedge/apama/project" ... passed
14:32:43 INFO  Executed sudo&lt;create_project_dir&gt;, exit status 0
14:32:43 INFO  Executed sudo&lt;unzip_apama_project&gt;, exit status 0
14:32:44 INFO  Executed sudo&lt;move_apama_project&gt;, exit status 0
14:32:45 INFO  Executed sudo&lt;restart_apama_service&gt;, exit status 0
14:32:45 INFO  Executed sudo&lt;apama_correlator_wait&gt;, exit status 0
14:32:45 INFO  Assertion that path exists=True for "/etc/tedge/apama/project" ... passed
14:32:46 INFO  Executed sudo&lt;apama_list_monitors&gt;, exit status 0
14:32:46 INFO  Grep on file /home/pi/actions-runner/_work/thin-edge.io/thin-edge.io/tests/PySys/plugin_apama/apama_plugin_update/Output/linux/apama_list_monitors.out ... passed
14:32:47 WARN  Executed sudo&lt;plugin_install&gt;, exit status 2
14:32:47 INFO  Contents of plugin_install.err: 
  ERROR: Directory not empty (os error 39)
  -----

14:32:47 WARN  sudo&lt;plugin_install&gt; returned non-zero exit code 2 ... blocked [run.py:35]
14:32:47 WARN  Aborted test due to BLOCKED outcome
14:32:47 INFO  
14:32:47 INFO  cleanup:
14:32:47 INFO  Removing apama project
14:33:03 INFO  Executed sudo&lt;stop_apama_service&gt;, exit status 0, duration 15 secs
14:33:03 INFO  Executed sudo&lt;remove_apama_project&gt;, exit status 0
14:33:04 INFO  Executed sudo&lt;remove_apama_tmp_dir&gt;, exit status 0
14:33:04 INFO  
14:33:04 INFO  Test duration: 21.53 secs
14:33:04 INFO  Test final outcome:  BLOCKED
14:33:04 INFO  Test outcome reason: sudo&lt;plugin_install&gt; returned non-zero exit code 2
14:33:04 INFO  
</system-out>
	</testcase>
</testsuite><testsuite name="SoftwareManagement.sm_apt_install_download_path" tests="3" errors="0" failures="2" skipped="1" time="0"><testcase classname="AptInstallWithDownloadPath" name="SoftwareManagement.sm_apt_install_download_path">
		<skipped message="SKIPPED: Testing the apt plugin is not supported on this platform.Use parameter -XmyPlatform='container' to enable it" />
		<system-out>13:42:33 INFO  ==============================================================
13:42:33 INFO  Id:    SoftwareManagement.sm_apt_install_download_path
13:42:33 INFO  Dir:   software_management_end_to_end/
13:42:33 INFO  Title: Install package to directory specified in tedge config set tmp.path
13:42:33 INFO  ==============================================================
13:42:33 INFO  Testing the apt plugin is not supported on this platform.Use parameter -XmyPlatform='container' to enable it ... skipped
13:42:33 WARN  Aborted test due to SKIPPED outcome
13:42:33 INFO  
13:42:33 INFO  Test duration: 0.07 secs
13:42:33 INFO  Test final outcome:  SKIPPED
13:42:33 INFO  Test outcome reason: Testing the apt plugin is not supported on this platform.Use parameter -XmyPlatform='container' to enable it
13:42:33 INFO  
</system-out>
	</testcase>
<testcase classname="AptInstallWithDownloadPath" name="SoftwareManagement.sm_apt_install_download_path">
		<failure message="BLOCKED: AssertionError:" type="BLOCKED" />
		<system-out>14:06:11 INFO  ==============================================================
14:06:11 INFO  Id:    SoftwareManagement.sm_apt_install_download_path
14:06:11 INFO  Dir:   software_management_end_to_end/
14:06:11 INFO  Title: Install package to directory specified in tedge config set tmp.path
14:06:11 INFO  ==============================================================
14:06:11 INFO  Using sw id database: {'asciijump': '5475369', 'robotfindskitten': '5474869', 'squirrel3': '5475279', 'rolldice': '5152439', 'moon-buggy': '5439204', 'apple': '5495053', 'banana': '5494888', 'cherry': '5495382', 'watermelon': '5494510', 'registry': '8018911', 'hello-world': '8021526', 'docker/getting-started': '8021973', 'alpine': '7991792'}
14:06:11 INFO  EnvironmentC8y Setup
14:06:12 INFO  Executed systemctl&lt;serv_mapper1&gt;, exit status 3
14:06:26 INFO  Executed sudo&lt;tedge_connect_c8y&gt;, exit status 0, duration 14 secs
14:06:28 INFO  Executed sudo&lt;tedge_connect_c8y_test&gt;, exit status 0
14:06:29 INFO  Executed systemctl&lt;serv_mosq2&gt;, exit status 0
14:06:30 INFO  Executed systemctl&lt;serv_mapper3&gt;, exit status 0
14:06:32 ERROR No operations found, assuming it passed
14:06:32 INFO  Assert that (False == value) with value=False ... passed
14:06:33 INFO  Executed sudo, exit status 0
14:06:33 INFO  Executed sudo, exit status 0
14:06:34 INFO  Executed sudo, exit status 0
14:06:38 INFO  Executed sudo&lt;tedge_disconnect_c8y&gt;, exit status 0
14:06:38 INFO  Restarting mosquitto too frequently in the last 10 seconds. It was only up for 3 seconds
14:06:38 INFO  Delaying execution by 8 seconds
14:07:00 INFO  Executed sudo&lt;tedge_connect_c8y&gt;, exit status 0, duration 13 secs
14:07:00 INFO  Response status: 201
14:07:00 INFO  Response to action: {
    "creationTime": "2022-07-25T14:07:00.214Z",
    "deviceId": "21391559",
    "deviceName": "m32sd10d",
    "self": "https://t493319102.eu-latest.cumulocity.com/devicecontrol/operations/21402349",
    "id": "21402349",
    "status": "PENDING",
    "description": "Apply software changes, triggered from PySys: [{'name': 'rolldice', 'id': '5152439', 'version': '::apt', 'url': 'https://thin-edge-io.eu-latest.cumulocity.com/inventory/binaries/12435463', 'action': 'install'}]",
    "c8y_SoftwareUpdate": [
        {
            "name": "rolldice",
            "action": "install",
            "id": "5152439",
            "version": "::apt",
            "url": "https://thin-edge-io.eu-latest.cumulocity.com/inventory/binaries/12435463"
        }
    ]
}
14:07:00 INFO  Started operation: {'creationTime': '2022-07-25T14:07:00.214Z', 'deviceId': '21391559', 'deviceName': 'm32sd10d', 'self': 'https://t493319102.eu-latest.cumulocity.com/devicecontrol/operations/21402349', 'id': '21402349', 'status': 'PENDING', 'description': "Apply software changes, triggered from PySys: [{'name': 'rolldice', 'id': '5152439', 'version': '::apt', 'url': 'https://thin-edge-io.eu-latest.cumulocity.com/inventory/binaries/12435463', 'action': 'install'}]", 'c8y_SoftwareUpdate': [{'name': 'rolldice', 'action': 'install', 'id': '5152439', 'version': '::apt', 'url': 'https://thin-edge-io.eu-latest.cumulocity.com/inventory/binaries/12435463'}]}
14:07:00 WARN  , retrying in 0.5 seconds...
14:07:00 WARN  , retrying in 0.5 seconds...
14:07:01 WARN  , retrying in 0.5 seconds...
14:07:01 WARN  , retrying in 0.5 seconds...
14:07:02 WARN  , retrying in 0.5 seconds...
14:07:02 WARN  , retrying in 0.5 seconds...
14:07:03 WARN  , retrying in 0.5 seconds...
14:07:03 WARN  , retrying in 0.5 seconds...
14:07:04 WARN  , retrying in 0.5 seconds...
14:07:04 WARN  AssertionError occurred while running test - 
Traceback (most recent call last):
  File "/home/pi/env-pysys/lib/python3.7/site-packages/pysys/baserunner.py", line 1294, in __call__
    self.testObj.execute()
  File "/home/pi/actions-runner/_work/thin-edge.io/thin-edge.io/tests/PySys/software_management_end_to_end/sm_apt_install_download_path/run.py", line 83, in execute
    assert_install_in_download_path(install_directory=self.DOWNLOAD_DIR)
  File "/home/pi/env-pysys/lib/python3.7/site-packages/decorator.py", line 232, in fun
    return caller(func, *(extras + args), **kw)
  File "/home/pi/env-pysys/lib/python3.7/site-packages/retry/api.py", line 74, in retry_decorator
    logger)
  File "/home/pi/env-pysys/lib/python3.7/site-packages/retry/api.py", line 33, in __retry_internal
    return f()
  File "/home/pi/actions-runner/_work/thin-edge.io/thin-edge.io/tests/PySys/software_management_end_to_end/sm_apt_install_download_path/run.py", line 28, in assert_install_in_download_path
    assert "rolldice" in os.listdir(f"{install_directory}")
AssertionError
14:07:05 WARN  AssertionError: ... blocked 
14:07:05 INFO  
14:07:05 INFO  cleanup:
14:07:06 INFO  Executed sudo, exit status 0
14:07:06 INFO  Executed sudo, exit status 0
14:07:10 INFO  Executed sudo&lt;tedge_disconnect_c8y&gt;, exit status 0
14:07:10 INFO  Restarting mosquitto too frequently in the last 10 seconds. It was only up for 3 seconds
14:07:10 INFO  Delaying execution by 8 seconds
14:07:33 INFO  Executed sudo&lt;tedge_connect_c8y&gt;, exit status 0, duration 14 secs
14:07:37 INFO  Executed sudo&lt;tedge_disconnect_c8y&gt;, exit status 0
14:07:37 INFO  Executed systemctl&lt;serv_mapper5&gt;, exit status 3
14:07:37 INFO  
14:07:37 INFO  Test duration: 86.61 secs
14:07:37 INFO  Test final outcome:  BLOCKED
14:07:37 INFO  Test outcome reason: AssertionError:
14:07:37 INFO  
</system-out>
	</testcase>
<testcase classname="AptInstallWithDownloadPath" name="SoftwareManagement.sm_apt_install_download_path">
		<failure message="BLOCKED: AssertionError:" type="BLOCKED" />
		<system-out>14:33:04 INFO  ==============================================================
14:33:04 INFO  Id:    SoftwareManagement.sm_apt_install_download_path
14:33:04 INFO  Dir:   software_management_end_to_end/
14:33:04 INFO  Title: Install package to directory specified in tedge config set tmp.path
14:33:04 INFO  ==============================================================
14:33:05 INFO  Using sw id database: {'asciijump': '5475369', 'robotfindskitten': '5474869', 'squirrel3': '5475279', 'rolldice': '5152439', 'moon-buggy': '5439204', 'apple': '5495053', 'banana': '5494888', 'cherry': '5495382', 'watermelon': '5494510', 'registry': '8018911', 'hello-world': '8021526', 'docker/getting-started': '8021973', 'alpine': '7991792'}
14:33:05 INFO  EnvironmentC8y Setup
14:33:05 INFO  Executed systemctl&lt;serv_mapper1&gt;, exit status 3
14:33:20 INFO  Executed sudo&lt;tedge_connect_c8y&gt;, exit status 0, duration 14 secs
14:33:21 INFO  Executed sudo&lt;tedge_connect_c8y_test&gt;, exit status 0
14:33:21 INFO  Executed systemctl&lt;serv_mosq2&gt;, exit status 0
14:33:21 INFO  Executed systemctl&lt;serv_mapper3&gt;, exit status 0
14:33:24 INFO  State of current operation: SUCCESSFUL
14:33:24 INFO  Assert that (False == value) with value=False ... passed
14:33:25 INFO  Executed sudo, exit status 0
14:33:25 INFO  Executed sudo, exit status 0
14:33:26 INFO  Executed sudo, exit status 0
14:33:30 INFO  Executed sudo&lt;tedge_disconnect_c8y&gt;, exit status 0
14:33:30 INFO  Restarting mosquitto too frequently in the last 10 seconds. It was only up for 4 seconds
14:33:30 INFO  Delaying execution by 7 seconds
14:33:51 INFO  Executed sudo&lt;tedge_connect_c8y&gt;, exit status 0, duration 13 secs
14:33:51 INFO  Response status: 201
14:33:51 INFO  Response to action: {
    "creationTime": "2022-07-25T14:33:51.363Z",
    "deviceId": "21391559",
    "deviceName": "m32sd10d",
    "self": "https://t493319102.eu-latest.cumulocity.com/devicecontrol/operations/21402492",
    "id": "21402492",
    "status": "PENDING",
    "description": "Apply software changes, triggered from PySys: [{'name': 'rolldice', 'id': '5152439', 'version': '::apt', 'url': 'https://thin-edge-io.eu-latest.cumulocity.com/inventory/binaries/12435463', 'action': 'install'}]",
    "c8y_SoftwareUpdate": [
        {
            "name": "rolldice",
            "action": "install",
            "id": "5152439",
            "version": "::apt",
            "url": "https://thin-edge-io.eu-latest.cumulocity.com/inventory/binaries/12435463"
        }
    ]
}
14:33:51 INFO  Started operation: {'creationTime': '2022-07-25T14:33:51.363Z', 'deviceId': '21391559', 'deviceName': 'm32sd10d', 'self': 'https://t493319102.eu-latest.cumulocity.com/devicecontrol/operations/21402492', 'id': '21402492', 'status': 'PENDING', 'description': "Apply software changes, triggered from PySys: [{'name': 'rolldice', 'id': '5152439', 'version': '::apt', 'url': 'https://thin-edge-io.eu-latest.cumulocity.com/inventory/binaries/12435463', 'action': 'install'}]", 'c8y_SoftwareUpdate': [{'name': 'rolldice', 'action': 'install', 'id': '5152439', 'version': '::apt', 'url': 'https://thin-edge-io.eu-latest.cumulocity.com/inventory/binaries/12435463'}]}
14:33:51 WARN  , retrying in 0.5 seconds...
14:33:51 WARN  , retrying in 0.5 seconds...
14:33:52 WARN  , retrying in 0.5 seconds...
14:33:52 WARN  , retrying in 0.5 seconds...
14:33:53 WARN  , retrying in 0.5 seconds...
14:33:53 WARN  , retrying in 0.5 seconds...
14:33:54 WARN  , retrying in 0.5 seconds...
14:33:54 WARN  , retrying in 0.5 seconds...
14:33:55 WARN  , retrying in 0.5 seconds...
14:33:55 WARN  AssertionError occurred while running test - 
Traceback (most recent call last):
  File "/home/pi/env-pysys/lib/python3.7/site-packages/pysys/baserunner.py", line 1294, in __call__
    self.testObj.execute()
  File "/home/pi/actions-runner/_work/thin-edge.io/thin-edge.io/tests/PySys/software_management_end_to_end/sm_apt_install_download_path/run.py", line 83, in execute
    assert_install_in_download_path(install_directory=self.DOWNLOAD_DIR)
  File "/home/pi/env-pysys/lib/python3.7/site-packages/decorator.py", line 232, in fun
    return caller(func, *(extras + args), **kw)
  File "/home/pi/env-pysys/lib/python3.7/site-packages/retry/api.py", line 74, in retry_decorator
    logger)
  File "/home/pi/env-pysys/lib/python3.7/site-packages/retry/api.py", line 33, in __retry_internal
    return f()
  File "/home/pi/actions-runner/_work/thin-edge.io/thin-edge.io/tests/PySys/software_management_end_to_end/sm_apt_install_download_path/run.py", line 28, in assert_install_in_download_path
    assert "rolldice" in os.listdir(f"{install_directory}")
AssertionError
14:33:55 WARN  AssertionError: ... blocked 
14:33:55 INFO  
14:33:55 INFO  cleanup:
14:33:56 INFO  Executed sudo, exit status 0
14:33:57 INFO  Executed sudo, exit status 0
14:34:01 INFO  Executed sudo&lt;tedge_disconnect_c8y&gt;, exit status 0
14:34:01 INFO  Restarting mosquitto too frequently in the last 10 seconds. It was only up for 3 seconds
14:34:01 INFO  Delaying execution by 8 seconds
14:34:24 INFO  Executed sudo&lt;tedge_connect_c8y&gt;, exit status 0, duration 14 secs
14:34:28 INFO  Executed sudo&lt;tedge_disconnect_c8y&gt;, exit status 0
14:34:28 INFO  Executed systemctl&lt;serv_mapper5&gt;, exit status 3
14:34:28 INFO  
14:34:28 INFO  Test duration: 84.71 secs
14:34:28 INFO  Test final outcome:  BLOCKED
14:34:28 INFO  Test outcome reason: AssertionError:
14:34:28 INFO  
</system-out>
	</testcase>
</testsuite><testsuite name="SoftwareManagement.sm_apt_install_fail" tests="3" errors="0" failures="0" skipped="1" time="0"><testcase classname="PySysTest" name="SoftwareManagement.sm_apt_install_fail">
		<skipped message="SKIPPED: Testing the apt plugin is not supported on this platform.Use parameter -XmyPlatform='container' to enable it" />
		<system-out>13:42:33 INFO  ==============================================================
13:42:33 INFO  Id:    SoftwareManagement.sm_apt_install_fail
13:42:33 INFO  Dir:   software_management_end_to_end/
13:42:33 INFO  Title: Validate end to end behaviour for a failing installation
13:42:33 INFO  ==============================================================
13:42:33 INFO  Testing the apt plugin is not supported on this platform.Use parameter -XmyPlatform='container' to enable it ... skipped
13:42:33 WARN  Aborted test due to SKIPPED outcome
13:42:33 INFO  
13:42:33 INFO  Test duration: 0.02 secs
13:42:33 INFO  Test final outcome:  SKIPPED
13:42:33 INFO  Test outcome reason: Testing the apt plugin is not supported on this platform.Use parameter -XmyPlatform='container' to enable it
13:42:33 INFO  
</system-out>
	</testcase>
<testcase classname="PySysTest" name="SoftwareManagement.sm_apt_install_fail" />
<testcase classname="PySysTest" name="SoftwareManagement.sm_apt_install_fail" />
</testsuite><testsuite name="SoftwareManagement.sm_apt_install_remove" tests="3" errors="0" failures="0" skipped="1" time="0"><testcase classname="PySysTest" name="SoftwareManagement.sm_apt_install_remove">
		<skipped message="SKIPPED: Testing the apt plugin is not supported on this platform.Use parameter -XmyPlatform='container' to enable it" />
		<system-out>13:42:33 INFO  ==============================================================
13:42:33 INFO  Id:    SoftwareManagement.sm_apt_install_remove
13:42:33 INFO  Dir:   software_management_end_to_end/
13:42:33 INFO  Title: Validate end to end behaviour for the apt plugin for installation and removal of packages
13:42:33 INFO  ==============================================================
13:42:33 INFO  Testing the apt plugin is not supported on this platform.Use parameter -XmyPlatform='container' to enable it ... skipped
13:42:33 WARN  Aborted test due to SKIPPED outcome
13:42:33 INFO  
13:42:33 INFO  Test duration: 0.02 secs
13:42:33 INFO  Test final outcome:  SKIPPED
13:42:33 INFO  Test outcome reason: Testing the apt plugin is not supported on this platform.Use parameter -XmyPlatform='container' to enable it
13:42:33 INFO  
</system-out>
	</testcase>
<testcase classname="PySysTest" name="SoftwareManagement.sm_apt_install_remove" />
<testcase classname="PySysTest" name="SoftwareManagement.sm_apt_install_remove" />
</testsuite><testsuite name="SoftwareManagement.sm_apt_install_remove_default" tests="3" errors="0" failures="0" skipped="1" time="0"><testcase classname="PySysTest" name="SoftwareManagement.sm_apt_install_remove_default">
		<skipped message="SKIPPED: Testing the apt plugin is not supported on this platform.Use parameter -XmyPlatform='container' to enable it" />
		<system-out>13:42:33 INFO  ==============================================================
13:42:33 INFO  Id:    SoftwareManagement.sm_apt_install_remove_default
13:42:33 INFO  Dir:   software_management_end_to_end/
13:42:33 INFO  Title: Validate end to end behaviour for the default plugin for installation and removal of packages
13:42:33 INFO  ==============================================================
13:42:33 INFO  Testing the apt plugin is not supported on this platform.Use parameter -XmyPlatform='container' to enable it ... skipped
13:42:33 WARN  Aborted test due to SKIPPED outcome
13:42:33 INFO  
13:42:33 INFO  Test duration: 0.02 secs
13:42:33 INFO  Test final outcome:  SKIPPED
13:42:33 INFO  Test outcome reason: Testing the apt plugin is not supported on this platform.Use parameter -XmyPlatform='container' to enable it
13:42:33 INFO  
</system-out>
	</testcase>
<testcase classname="PySysTest" name="SoftwareManagement.sm_apt_install_remove_default" />
<testcase classname="PySysTest" name="SoftwareManagement.sm_apt_install_remove_default" />
</testsuite><testsuite name="SoftwareManagement.sm_apt_install_remove_multiple" tests="3" errors="0" failures="2" skipped="1" time="0"><testcase classname="PySysTest" name="SoftwareManagement.sm_apt_install_remove_multiple">
		<skipped message="SKIPPED: Testing the apt plugin is not supported on this platform.Use parameter -XmyPlatform='container' to enable it" />
		<system-out>13:42:33 INFO  ==============================================================
13:42:33 INFO  Id:    SoftwareManagement.sm_apt_install_remove_multiple
13:42:33 INFO  Dir:   software_management_end_to_end/
13:42:33 INFO  Title: Validate end to end behaviour for the apt plugin for multiple packages
13:42:33 INFO  ==============================================================
13:42:33 INFO  Testing the apt plugin is not supported on this platform.Use parameter -XmyPlatform='container' to enable it ... skipped
13:42:33 WARN  Aborted test due to SKIPPED outcome
13:42:33 INFO  
13:42:33 INFO  Test duration: 0.02 secs
13:42:33 INFO  Test final outcome:  SKIPPED
13:42:33 INFO  Test outcome reason: Testing the apt plugin is not supported on this platform.Use parameter -XmyPlatform='container' to enable it
13:42:33 INFO  
</system-out>
	</testcase>
<testcase classname="PySysTest" name="SoftwareManagement.sm_apt_install_remove_multiple">
		<failure message="FAILED: Assert that (False == value) with value=True" type="FAILED" />
		<system-out>14:14:23 INFO  ==============================================================
14:14:23 INFO  Id:    SoftwareManagement.sm_apt_install_remove_multiple
14:14:23 INFO  Dir:   software_management_end_to_end/
14:14:23 INFO  Title: Validate end to end behaviour for the apt plugin for multiple packages
14:14:23 INFO  ==============================================================
14:14:23 INFO  Using sw id database: {'asciijump': '5475369', 'robotfindskitten': '5474869', 'squirrel3': '5475279', 'rolldice': '5152439', 'moon-buggy': '5439204', 'apple': '5495053', 'banana': '5494888', 'cherry': '5495382', 'watermelon': '5494510', 'registry': '8018911', 'hello-world': '8021526', 'docker/getting-started': '8021973', 'alpine': '7991792'}
14:14:23 INFO  EnvironmentC8y Setup
14:14:24 INFO  Executed systemctl&lt;serv_mapper1&gt;, exit status 3
14:14:24 INFO  Restarting mosquitto too frequently in the last 10 seconds. It was only up for 5 seconds
14:14:24 INFO  Delaying execution by 6 seconds
14:14:44 INFO  Executed sudo&lt;tedge_connect_c8y&gt;, exit status 0, duration 13 secs
14:14:44 INFO  Executed sudo&lt;tedge_connect_c8y_test&gt;, exit status 0
14:14:45 INFO  Executed systemctl&lt;serv_mosq2&gt;, exit status 0
14:14:45 INFO  Executed systemctl&lt;serv_mapper3&gt;, exit status 0
14:14:48 INFO  State of current operation: SUCCESSFUL
14:14:48 INFO  Assert that (False == value) with value=False ... passed
14:14:48 INFO  Assert that (False == value) with value=False ... passed
14:14:48 INFO  Assert that (False == value) with value=False ... passed
14:14:49 INFO  Package robotfindskitten is installed
14:14:49 WARN  Assert that (False == value) with value=True ... failed 
14:14:49 INFO  Response status: 201
14:14:49 INFO  Response to action: {
    "creationTime": "2022-07-25T14:14:49.306Z",
    "deviceId": "21391559",
    "deviceName": "m32sd10d",
    "self": "https://t493319102.eu-latest.cumulocity.com/devicecontrol/operations/21402400",
    "id": "21402400",
    "status": "PENDING",
    "description": "Apply software changes, triggered from PySys: [{'action': 'install', 'id': '5475369', 'name': 'asciijump', 'url': ' ', 'version': '::apt'}, {'action': 'install', 'id': '5474869', 'name': 'robotfindskitten', 'url': ' ', 'version': '::apt'}, {'action': 'install', 'id': '5475279', 'name': 'squirrel3', 'url': ' ', 'version': '::apt'}]",
    "c8y_SoftwareUpdate": [
        {
            "name": "asciijump",
            "action": "install",
            "id": "5475369",
            "version": "::apt",
            "url": " "
        },
        {
            "name": "robotfindskitten",
            "action": "install",
            "id": "5474869",
            "version": "::apt",
            "url": " "
        },
        {
            "name": "squirrel3",
            "action": "install",
            "id": "5475279",
            "version": "::apt",
            "url": " "
        }
    ]
}
14:14:49 INFO  Started operation: {'creationTime': '2022-07-25T14:14:49.306Z', 'deviceId': '21391559', 'deviceName': 'm32sd10d', 'self': 'https://t493319102.eu-latest.cumulocity.com/devicecontrol/operations/21402400', 'id': '21402400', 'status': 'PENDING', 'description': "Apply software changes, triggered from PySys: [{'action': 'install', 'id': '5475369', 'name': 'asciijump', 'url': ' ', 'version': '::apt'}, {'action': 'install', 'id': '5474869', 'name': 'robotfindskitten', 'url': ' ', 'version': '::apt'}, {'action': 'install', 'id': '5475279', 'name': 'squirrel3', 'url': ' ', 'version': '::apt'}]", 'c8y_SoftwareUpdate': [{'name': 'asciijump', 'action': 'install', 'id': '5475369', 'version': '::apt', 'url': ' '}, {'name': 'robotfindskitten', 'action': 'install', 'id': '5474869', 'version': '::apt', 'url': ' '}, {'name': 'squirrel3', 'action': 'install', 'id': '5475279', 'version': '::apt', 'url': ' '}]}
14:14:51 INFO  State of operation 21402400 : PENDING
14:14:53 INFO  State of operation 21402400 : EXECUTING
14:14:56 INFO  State of operation 21402400 : EXECUTING
14:14:58 INFO  State of operation 21402400 : EXECUTING
14:15:00 INFO  State of operation 21402400 : EXECUTING
14:15:02 INFO  State of operation 21402400 : EXECUTING
14:15:05 INFO  State of operation 21402400 : EXECUTING
14:15:08 INFO  State of operation 21402400 : EXECUTING
14:15:10 INFO  State of operation 21402400 : EXECUTING
14:15:13 INFO  State of operation 21402400 : EXECUTING
14:15:15 INFO  State of operation 21402400 : EXECUTING
14:15:17 INFO  State of operation 21402400 : EXECUTING
14:15:19 INFO  State of operation 21402400 : EXECUTING
14:15:22 INFO  State of operation 21402400 : EXECUTING
14:15:24 INFO  State of operation 21402400 : EXECUTING
14:15:26 INFO  State of operation 21402400 : EXECUTING
14:15:28 INFO  State of operation 21402400 : EXECUTING
14:15:31 INFO  State of operation 21402400 : EXECUTING
14:15:33 INFO  State of operation 21402400 : EXECUTING
14:15:36 INFO  State of operation 21402400 : EXECUTING
14:15:38 INFO  State of operation 21402400 : EXECUTING
14:15:41 INFO  State of operation 21402400 : EXECUTING
14:15:43 INFO  State of operation 21402400 : EXECUTING
14:15:46 INFO  State of operation 21402400 : EXECUTING
14:15:48 INFO  State of operation 21402400 : EXECUTING
14:15:51 INFO  State of operation 21402400 : EXECUTING
14:15:53 INFO  State of operation 21402400 : EXECUTING
14:15:56 INFO  State of operation 21402400 : EXECUTING
14:15:58 INFO  State of operation 21402400 : EXECUTING
14:16:00 INFO  State of operation 21402400 : EXECUTING
14:16:02 INFO  State of operation 21402400 : EXECUTING
14:16:05 INFO  State of operation 21402400 : EXECUTING
14:16:07 INFO  State of operation 21402400 : EXECUTING
14:16:09 INFO  State of operation 21402400 : SUCCESSFUL
14:16:09 INFO  Assert that (False == value) with value=False ... passed
14:16:10 INFO  Package asciijump is installed
14:16:10 INFO  Assert that (True == value) with value=True ... passed
14:16:10 INFO  Package squirrel3 is installed
14:16:10 INFO  Assert that (True == value) with value=True ... passed
14:16:10 INFO  Package robotfindskitten is installed
14:16:10 INFO  Assert that (True == value) with value=True ... passed
14:16:10 INFO  Response status: 201
14:16:10 INFO  Response to action: {
    "creationTime": "2022-07-25T14:16:10.682Z",
    "deviceId": "21391559",
    "deviceName": "m32sd10d",
    "self": "https://t493319102.eu-latest.cumulocity.com/devicecontrol/operations/21402408",
    "id": "21402408",
    "status": "PENDING",
    "description": "Apply software changes, triggered from PySys: [{'action': 'delete', 'id': '5475369', 'name': 'asciijump', 'url': ' ', 'version': '::apt'}, {'action': 'delete', 'id': '5474869', 'name': 'robotfindskitten', 'url': ' ', 'version': '::apt'}, {'action': 'delete', 'id': '5475279', 'name': 'squirrel3', 'url': ' ', 'version': '::apt'}]",
    "c8y_SoftwareUpdate": [
        {
            "name": "asciijump",
            "action": "delete",
            "id": "5475369",
            "version": "::apt",
            "url": " "
        },
        {
            "name": "robotfindskitten",
            "action": "delete",
            "id": "5474869",
            "version": "::apt",
            "url": " "
        },
        {
            "name": "squirrel3",
            "action": "delete",
            "id": "5475279",
            "version": "::apt",
            "url": " "
        }
    ]
}
14:16:10 INFO  Started operation: {'creationTime': '2022-07-25T14:16:10.682Z', 'deviceId': '21391559', 'deviceName': 'm32sd10d', 'self': 'https://t493319102.eu-latest.cumulocity.com/devicecontrol/operations/21402408', 'id': '21402408', 'status': 'PENDING', 'description': "Apply software changes, triggered from PySys: [{'action': 'delete', 'id': '5475369', 'name': 'asciijump', 'url': ' ', 'version': '::apt'}, {'action': 'delete', 'id': '5474869', 'name': 'robotfindskitten', 'url': ' ', 'version': '::apt'}, {'action': 'delete', 'id': '5475279', 'name': 'squirrel3', 'url': ' ', 'version': '::apt'}]", 'c8y_SoftwareUpdate': [{'name': 'asciijump', 'action': 'delete', 'id': '5475369', 'version': '::apt', 'url': ' '}, {'name': 'robotfindskitten', 'action': 'delete', 'id': '5474869', 'version': '::apt', 'url': ' '}, {'name': 'squirrel3', 'action': 'delete', 'id': '5475279', 'version': '::apt', 'url': ' '}]}
14:16:12 INFO  State of operation 21402408 : PENDING
14:16:15 INFO  State of operation 21402408 : EXECUTING
14:16:17 INFO  State of operation 21402408 : EXECUTING
14:16:19 INFO  State of operation 21402408 : EXECUTING
14:16:21 INFO  State of operation 21402408 : EXECUTING
14:16:24 INFO  State of operation 21402408 : EXECUTING
14:16:26 INFO  State of operation 21402408 : EXECUTING
14:16:29 INFO  State of operation 21402408 : EXECUTING
14:16:32 INFO  State of operation 21402408 : EXECUTING
14:16:34 INFO  State of operation 21402408 : EXECUTING
14:16:36 INFO  State of operation 21402408 : EXECUTING
14:16:38 INFO  State of operation 21402408 : EXECUTING
14:16:41 INFO  State of operation 21402408 : EXECUTING
14:16:43 INFO  State of operation 21402408 : EXECUTING
14:16:45 INFO  State of operation 21402408 : EXECUTING
14:16:48 INFO  State of operation 21402408 : EXECUTING
14:16:50 INFO  State of operation 21402408 : EXECUTING
14:16:53 INFO  State of operation 21402408 : EXECUTING
14:16:55 INFO  State of operation 21402408 : EXECUTING
14:16:57 INFO  State of operation 21402408 : EXECUTING
14:16:59 INFO  State of operation 21402408 : EXECUTING
14:17:02 INFO  State of operation 21402408 : EXECUTING
14:17:04 INFO  State of operation 21402408 : EXECUTING
14:17:06 INFO  State of operation 21402408 : EXECUTING
14:17:09 INFO  State of operation 21402408 : EXECUTING
14:17:11 INFO  State of operation 21402408 : EXECUTING
14:17:13 INFO  State of operation 21402408 : EXECUTING
14:17:16 INFO  State of operation 21402408 : SUCCESSFUL
14:17:16 INFO  Assert that (False == value) with value=False ... passed
14:17:16 INFO  Assert that (False == value) with value=False ... passed
14:17:16 INFO  Assert that (False == value) with value=False ... passed
14:17:16 INFO  Assert that (False == value) with value=False ... passed
14:17:16 INFO  
14:17:16 INFO  cleanup:
14:17:20 INFO  Executed sudo&lt;tedge_disconnect_c8y&gt;, exit status 0
14:17:21 INFO  Executed systemctl&lt;serv_mapper5&gt;, exit status 3
14:17:21 INFO  
14:17:21 INFO  Test duration: 177.91 secs
14:17:21 INFO  Test final outcome:  FAILED
14:17:21 INFO  Test outcome reason: Assert that (False == value) with value=True
14:17:21 INFO  
</system-out>
	</testcase>
<testcase classname="PySysTest" name="SoftwareManagement.sm_apt_install_remove_multiple">
		<failure message="FAILED: Assert that (False == value) with value=True (+2 other failures)" type="FAILED" />
		<system-out>14:41:00 INFO  ==============================================================
14:41:00 INFO  Id:    SoftwareManagement.sm_apt_install_remove_multiple
14:41:00 INFO  Dir:   software_management_end_to_end/
14:41:00 INFO  Title: Validate end to end behaviour for the apt plugin for multiple packages
14:41:00 INFO  ==============================================================
14:41:00 INFO  Using sw id database: {'asciijump': '5475369', 'robotfindskitten': '5474869', 'squirrel3': '5475279', 'rolldice': '5152439', 'moon-buggy': '5439204', 'apple': '5495053', 'banana': '5494888', 'cherry': '5495382', 'watermelon': '5494510', 'registry': '8018911', 'hello-world': '8021526', 'docker/getting-started': '8021973', 'alpine': '7991792'}
14:41:00 INFO  EnvironmentC8y Setup
14:41:00 INFO  Executed systemctl&lt;serv_mapper1&gt;, exit status 3
14:41:00 INFO  Restarting mosquitto too frequently in the last 10 seconds. It was only up for 4 seconds
14:41:00 INFO  Delaying execution by 7 seconds
14:41:21 INFO  Executed sudo&lt;tedge_connect_c8y&gt;, exit status 0, duration 13 secs
14:41:22 INFO  Executed sudo&lt;tedge_connect_c8y_test&gt;, exit status 0
14:41:22 INFO  Executed systemctl&lt;serv_mosq2&gt;, exit status 0
14:41:23 INFO  Executed systemctl&lt;serv_mapper3&gt;, exit status 0
14:41:25 INFO  State of current operation: SUCCESSFUL
14:41:25 INFO  Assert that (False == value) with value=False ... passed
14:41:25 INFO  Package asciijump is installed
14:41:26 WARN  Assert that (False == value) with value=True ... failed 
14:41:26 INFO  Package squirrel3 is installed
14:41:26 WARN  Assert that (False == value) with value=True ... failed 
14:41:26 INFO  Package robotfindskitten is installed
14:41:26 WARN  Assert that (False == value) with value=True ... failed 
14:41:27 INFO  Response status: 201
14:41:27 INFO  Response to action: {
    "delivery": {
        "log": [],
        "time": "2022-07-25T14:41:27.120Z",
        "status": "PENDING"
    },
    "creationTime": "2022-07-25T14:41:27.102Z",
    "deviceId": "21391559",
    "deviceName": "m32sd10d",
    "self": "https://t493319102.eu-latest.cumulocity.com/devicecontrol/operations/21402574",
    "id": "21402574",
    "status": "PENDING",
    "description": "Apply software changes, triggered from PySys: [{'action': 'install', 'id': '5475369', 'name': 'asciijump', 'url': ' ', 'version': '::apt'}, {'action': 'install', 'id': '5474869', 'name': 'robotfindskitten', 'url': ' ', 'version': '::apt'}, {'action': 'install', 'id': '5475279', 'name': 'squirrel3', 'url': ' ', 'version': '::apt'}]",
    "c8y_SoftwareUpdate": [
        {
            "name": "asciijump",
            "action": "install",
            "id": "5475369",
            "version": "::apt",
            "url": " "
        },
        {
            "name": "robotfindskitten",
            "action": "install",
            "id": "5474869",
            "version": "::apt",
            "url": " "
        },
        {
            "name": "squirrel3",
            "action": "install",
            "id": "5475279",
            "version": "::apt",
            "url": " "
        }
    ]
}
14:41:27 INFO  Started operation: {'delivery': {'log': [], 'time': '2022-07-25T14:41:27.120Z', 'status': 'PENDING'}, 'creationTime': '2022-07-25T14:41:27.102Z', 'deviceId': '21391559', 'deviceName': 'm32sd10d', 'self': 'https://t493319102.eu-latest.cumulocity.com/devicecontrol/operations/21402574', 'id': '21402574', 'status': 'PENDING', 'description': "Apply software changes, triggered from PySys: [{'action': 'install', 'id': '5475369', 'name': 'asciijump', 'url': ' ', 'version': '::apt'}, {'action': 'install', 'id': '5474869', 'name': 'robotfindskitten', 'url': ' ', 'version': '::apt'}, {'action': 'install', 'id': '5475279', 'name': 'squirrel3', 'url': ' ', 'version': '::apt'}]", 'c8y_SoftwareUpdate': [{'name': 'asciijump', 'action': 'install', 'id': '5475369', 'version': '::apt', 'url': ' '}, {'name': 'robotfindskitten', 'action': 'install', 'id': '5474869', 'version': '::apt', 'url': ' '}, {'name': 'squirrel3', 'action': 'install', 'id': '5475279', 'version': '::apt', 'url': ' '}]}
14:41:29 INFO  State of operation 21402574 : PENDING
14:41:31 INFO  State of operation 21402574 : EXECUTING
14:41:33 INFO  State of operation 21402574 : EXECUTING
14:41:36 INFO  State of operation 21402574 : EXECUTING
14:41:38 INFO  State of operation 21402574 : EXECUTING
14:41:40 INFO  State of operation 21402574 : EXECUTING
14:41:43 INFO  State of operation 21402574 : EXECUTING
14:41:46 INFO  State of operation 21402574 : EXECUTING
14:41:48 INFO  State of operation 21402574 : EXECUTING
14:41:50 INFO  State of operation 21402574 : EXECUTING
14:41:53 INFO  State of operation 21402574 : EXECUTING
14:41:55 INFO  State of operation 21402574 : EXECUTING
14:41:57 INFO  State of operation 21402574 : EXECUTING
14:41:59 INFO  State of operation 21402574 : EXECUTING
14:42:01 INFO  State of operation 21402574 : EXECUTING
14:42:04 INFO  State of operation 21402574 : SUCCESSFUL
14:42:04 INFO  Assert that (False == value) with value=False ... passed
14:42:04 INFO  Package asciijump is installed
14:42:04 INFO  Assert that (True == value) with value=True ... passed
14:42:04 INFO  Package squirrel3 is installed
14:42:04 INFO  Assert that (True == value) with value=True ... passed
14:42:05 INFO  Package robotfindskitten is installed
14:42:05 INFO  Assert that (True == value) with value=True ... passed
14:42:05 INFO  Response status: 201
14:42:05 INFO  Response to action: {
    "delivery": {
        "log": [],
        "time": "2022-07-25T14:42:05.247Z",
        "status": "PENDING"
    },
    "creationTime": "2022-07-25T14:42:05.229Z",
    "deviceId": "21391559",
    "deviceName": "m32sd10d",
    "self": "https://t493319102.eu-latest.cumulocity.com/devicecontrol/operations/21402585",
    "id": "21402585",
    "status": "PENDING",
    "description": "Apply software changes, triggered from PySys: [{'action': 'delete', 'id': '5475369', 'name': 'asciijump', 'url': ' ', 'version': '::apt'}, {'action': 'delete', 'id': '5474869', 'name': 'robotfindskitten', 'url': ' ', 'version': '::apt'}, {'action': 'delete', 'id': '5475279', 'name': 'squirrel3', 'url': ' ', 'version': '::apt'}]",
    "c8y_SoftwareUpdate": [
        {
            "name": "asciijump",
            "action": "delete",
            "id": "5475369",
            "version": "::apt",
            "url": " "
        },
        {
            "name": "robotfindskitten",
            "action": "delete",
            "id": "5474869",
            "version": "::apt",
            "url": " "
        },
        {
            "name": "squirrel3",
            "action": "delete",
            "id": "5475279",
            "version": "::apt",
            "url": " "
        }
    ]
}
14:42:05 INFO  Started operation: {'delivery': {'log': [], 'time': '2022-07-25T14:42:05.247Z', 'status': 'PENDING'}, 'creationTime': '2022-07-25T14:42:05.229Z', 'deviceId': '21391559', 'deviceName': 'm32sd10d', 'self': 'https://t493319102.eu-latest.cumulocity.com/devicecontrol/operations/21402585', 'id': '21402585', 'status': 'PENDING', 'description': "Apply software changes, triggered from PySys: [{'action': 'delete', 'id': '5475369', 'name': 'asciijump', 'url': ' ', 'version': '::apt'}, {'action': 'delete', 'id': '5474869', 'name': 'robotfindskitten', 'url': ' ', 'version': '::apt'}, {'action': 'delete', 'id': '5475279', 'name': 'squirrel3', 'url': ' ', 'version': '::apt'}]", 'c8y_SoftwareUpdate': [{'name': 'asciijump', 'action': 'delete', 'id': '5475369', 'version': '::apt', 'url': ' '}, {'name': 'robotfindskitten', 'action': 'delete', 'id': '5474869', 'version': '::apt', 'url': ' '}, {'name': 'squirrel3', 'action': 'delete', 'id': '5475279', 'version': '::apt', 'url': ' '}]}
14:42:07 INFO  State of operation 21402585 : PENDING
14:42:09 INFO  State of operation 21402585 : EXECUTING
14:42:11 INFO  State of operation 21402585 : EXECUTING
14:42:14 INFO  State of operation 21402585 : EXECUTING
14:42:16 INFO  State of operation 21402585 : EXECUTING
14:42:18 INFO  State of operation 21402585 : EXECUTING
14:42:21 INFO  State of operation 21402585 : EXECUTING
14:42:24 INFO  State of operation 21402585 : EXECUTING
14:42:26 INFO  State of operation 21402585 : EXECUTING
14:42:28 INFO  State of operation 21402585 : EXECUTING
14:42:31 INFO  State of operation 21402585 : EXECUTING
14:42:33 INFO  State of operation 21402585 : EXECUTING
14:42:35 INFO  State of operation 21402585 : EXECUTING
14:42:37 INFO  State of operation 21402585 : EXECUTING
14:42:40 INFO  State of operation 21402585 : EXECUTING
14:42:42 INFO  State of operation 21402585 : EXECUTING
14:42:44 INFO  State of operation 21402585 : EXECUTING
14:42:46 INFO  State of operation 21402585 : EXECUTING
14:42:49 INFO  State of operation 21402585 : EXECUTING
14:42:52 INFO  State of operation 21402585 : EXECUTING
14:42:54 INFO  State of operation 21402585 : EXECUTING
14:42:56 INFO  State of operation 21402585 : EXECUTING
14:42:58 INFO  State of operation 21402585 : EXECUTING
14:43:01 INFO  State of operation 21402585 : EXECUTING
14:43:03 INFO  State of operation 21402585 : EXECUTING
14:43:06 INFO  State of operation 21402585 : EXECUTING
14:43:08 INFO  State of operation 21402585 : EXECUTING
14:43:10 INFO  State of operation 21402585 : EXECUTING
14:43:12 INFO  State of operation 21402585 : SUCCESSFUL
14:43:13 INFO  Assert that (False == value) with value=False ... passed
14:43:13 INFO  Assert that (False == value) with value=False ... passed
14:43:13 INFO  Assert that (False == value) with value=False ... passed
14:43:13 INFO  Assert that (False == value) with value=False ... passed
14:43:13 INFO  
14:43:13 INFO  cleanup:
14:43:17 INFO  Executed sudo&lt;tedge_disconnect_c8y&gt;, exit status 0
14:43:18 INFO  Executed systemctl&lt;serv_mapper5&gt;, exit status 3
14:43:18 INFO  
14:43:18 INFO  Test duration: 138.38 secs
14:43:18 INFO  Test final outcome:  FAILED
14:43:18 INFO  Test outcome reason: Assert that (False == value) with value=True (+2 other failures)
14:43:18 INFO  
</system-out>
	</testcase>
</testsuite><testsuite name="SoftwareManagement.sm_apt_install_remove_multiple_mixed" tests="3" errors="0" failures="2" skipped="1" time="0"><testcase classname="PySysTest" name="SoftwareManagement.sm_apt_install_remove_multiple_mixed">
		<skipped message="SKIPPED: Testing the apt plugin is not supported on this platform.Use parameter -XmyPlatform='container' to enable it" />
		<system-out>13:42:33 INFO  ==============================================================
13:42:33 INFO  Id:    SoftwareManagement.sm_apt_install_remove_multiple_mixed
13:42:33 INFO  Dir:   software_management_end_to_end/
13:42:33 INFO  Title: Validate end to end behaviour for the apt plugin for multiple packages with mixed versions
13:42:33 INFO  ==============================================================
13:42:33 INFO  Testing the apt plugin is not supported on this platform.Use parameter -XmyPlatform='container' to enable it ... skipped
13:42:33 WARN  Aborted test due to SKIPPED outcome
13:42:33 INFO  
13:42:33 INFO  Test duration: 0.02 secs
13:42:33 INFO  Test final outcome:  SKIPPED
13:42:33 INFO  Test outcome reason: Testing the apt plugin is not supported on this platform.Use parameter -XmyPlatform='container' to enable it
13:42:33 INFO  
</system-out>
	</testcase>
<testcase classname="PySysTest" name="SoftwareManagement.sm_apt_install_remove_multiple_mixed">
		<failure message="BLOCKED: SystemError: Timeout while waiting for status SUCCESSFUL or False" type="BLOCKED" />
		<system-out>14:17:21 INFO  ==============================================================
14:17:21 INFO  Id:    SoftwareManagement.sm_apt_install_remove_multiple_mixed
14:17:21 INFO  Dir:   software_management_end_to_end/
14:17:21 INFO  Title: Validate end to end behaviour for the apt plugin for multiple packages with mixed versions
14:17:21 INFO  ==============================================================
14:17:21 INFO  Using sw id database: {'asciijump': '5475369', 'robotfindskitten': '5474869', 'squirrel3': '5475279', 'rolldice': '5152439', 'moon-buggy': '5439204', 'apple': '5495053', 'banana': '5494888', 'cherry': '5495382', 'watermelon': '5494510', 'registry': '8018911', 'hello-world': '8021526', 'docker/getting-started': '8021973', 'alpine': '7991792'}
14:17:21 INFO  EnvironmentC8y Setup
14:17:22 INFO  Executed systemctl&lt;serv_mapper1&gt;, exit status 3
14:17:22 INFO  Restarting mosquitto too frequently in the last 10 seconds. It was only up for 5 seconds
14:17:22 INFO  Delaying execution by 6 seconds
14:17:42 INFO  Executed sudo&lt;tedge_connect_c8y&gt;, exit status 0, duration 13 secs
14:17:42 INFO  Executed sudo&lt;tedge_connect_c8y_test&gt;, exit status 0
14:17:43 INFO  Executed systemctl&lt;serv_mosq2&gt;, exit status 0
14:17:43 INFO  Executed systemctl&lt;serv_mapper3&gt;, exit status 0
14:17:45 INFO  State of current operation: SUCCESSFUL
14:17:45 INFO  Assert that (False == value) with value=False ... passed
14:17:46 INFO  Assert that (False == value) with value=False ... passed
14:17:46 INFO  Assert that (False == value) with value=False ... passed
14:17:46 INFO  Assert that (False == value) with value=False ... passed
14:17:46 INFO  Assert that (False == value) with value=False ... passed
14:17:48 INFO  Response status: 201
14:17:48 INFO  Response to action: {
    "creationTime": "2022-07-25T14:17:48.044Z",
    "deviceId": "21391559",
    "deviceName": "m32sd10d",
    "self": "https://t493319102.eu-latest.cumulocity.com/devicecontrol/operations/21402416",
    "id": "21402416",
    "status": "PENDING",
    "description": "Apply software changes, triggered from PySys: [{'action': 'install', 'id': '5475369', 'name': 'asciijump', 'url': ' ', 'version': '::apt'}, {'action': 'install', 'id': '5474869', 'name': 'robotfindskitten', 'url': ' ', 'version': ' '}, {'action': 'install', 'id': '5475279', 'name': 'squirrel3', 'url': ' ', 'version': '3.1-7::apt'}, {'action': 'install', 'id': '5152439', 'name': 'rolldice', 'url': ' ', 'version': '1.16-1+b1'}, {'action': 'install', 'id': '5439204', 'name': 'moon-buggy', 'url': ' ', 'version': '1:1.0.51-12'}, {'action': 'install', 'id': '5475369', 'name': 'asciijump', 'url': ' ', 'version': '::apt'}]",
    "c8y_SoftwareUpdate": [
        {
            "name": "asciijump",
            "action": "install",
            "id": "5475369",
            "version": "::apt",
            "url": " "
        },
        {
            "name": "robotfindskitten",
            "action": "install",
            "id": "5474869",
            "version": " ",
            "url": " "
        },
        {
            "name": "squirrel3",
            "action": "install",
            "id": "5475279",
            "version": "3.1-7::apt",
            "url": " "
        },
        {
            "name": "rolldice",
            "action": "install",
            "id": "5152439",
            "version": "1.16-1+b1",
            "url": " "
        },
        {
            "name": "moon-buggy",
            "action": "install",
            "id": "5439204",
            "version": "1:1.0.51-12",
            "url": " "
        },
        {
            "name": "asciijump",
            "action": "install",
            "id": "5475369",
            "version": "::apt",
            "url": " "
        }
    ]
}
14:17:48 INFO  Started operation: {'creationTime': '2022-07-25T14:17:48.044Z', 'deviceId': '21391559', 'deviceName': 'm32sd10d', 'self': 'https://t493319102.eu-latest.cumulocity.com/devicecontrol/operations/21402416', 'id': '21402416', 'status': 'PENDING', 'description': "Apply software changes, triggered from PySys: [{'action': 'install', 'id': '5475369', 'name': 'asciijump', 'url': ' ', 'version': '::apt'}, {'action': 'install', 'id': '5474869', 'name': 'robotfindskitten', 'url': ' ', 'version': ' '}, {'action': 'install', 'id': '5475279', 'name': 'squirrel3', 'url': ' ', 'version': '3.1-7::apt'}, {'action': 'install', 'id': '5152439', 'name': 'rolldice', 'url': ' ', 'version': '1.16-1+b1'}, {'action': 'install', 'id': '5439204', 'name': 'moon-buggy', 'url': ' ', 'version': '1:1.0.51-12'}, {'action': 'install', 'id': '5475369', 'name': 'asciijump', 'url': ' ', 'version': '::apt'}]", 'c8y_SoftwareUpdate': [{'name': 'asciijump', 'action': 'install', 'id': '5475369', 'version': '::apt', 'url': ' '}, {'name': 'robotfindskitten', 'action': 'install', 'id': '5474869', 'version': ' ', 'url': ' '}, {'name': 'squirrel3', 'action': 'install', 'id': '5475279', 'version': '3.1-7::apt', 'url': ' '}, {'name': 'rolldice', 'action': 'install', 'id': '5152439', 'version': '1.16-1+b1', 'url': ' '}, {'name': 'moon-buggy', 'action': 'install', 'id': '5439204', 'version': '1:1.0.51-12', 'url': ' '}, {'name': 'asciijump', 'action': 'install', 'id': '5475369', 'version': '::apt', 'url': ' '}]}
14:17:50 INFO  State of operation 21402416 : PENDING
14:17:52 INFO  State of operation 21402416 : EXECUTING
14:17:54 INFO  State of operation 21402416 : EXECUTING
14:17:57 INFO  State of operation 21402416 : EXECUTING
14:17:59 INFO  State of operation 21402416 : EXECUTING
14:18:01 INFO  State of operation 21402416 : EXECUTING
14:18:04 INFO  State of operation 21402416 : EXECUTING
14:18:07 INFO  State of operation 21402416 : EXECUTING
14:18:09 INFO  State of operation 21402416 : EXECUTING
14:18:11 INFO  State of operation 21402416 : EXECUTING
14:18:14 INFO  State of operation 21402416 : EXECUTING
14:18:16 INFO  State of operation 21402416 : EXECUTING
14:18:18 INFO  State of operation 21402416 : EXECUTING
14:18:20 INFO  State of operation 21402416 : EXECUTING
14:18:22 INFO  State of operation 21402416 : EXECUTING
14:18:25 INFO  State of operation 21402416 : EXECUTING
14:18:27 INFO  State of operation 21402416 : EXECUTING
14:18:30 INFO  State of operation 21402416 : EXECUTING
14:18:32 INFO  State of operation 21402416 : EXECUTING
14:18:34 INFO  State of operation 21402416 : EXECUTING
14:18:37 INFO  State of operation 21402416 : EXECUTING
14:18:39 INFO  State of operation 21402416 : EXECUTING
14:18:42 INFO  State of operation 21402416 : EXECUTING
14:18:44 INFO  State of operation 21402416 : EXECUTING
14:18:47 INFO  State of operation 21402416 : EXECUTING
14:18:49 INFO  State of operation 21402416 : EXECUTING
14:18:52 INFO  State of operation 21402416 : EXECUTING
14:18:54 INFO  State of operation 21402416 : EXECUTING
14:18:57 INFO  State of operation 21402416 : EXECUTING
14:18:59 INFO  State of operation 21402416 : EXECUTING
14:19:01 INFO  State of operation 21402416 : EXECUTING
14:19:03 INFO  State of operation 21402416 : EXECUTING
14:19:06 INFO  State of operation 21402416 : EXECUTING
14:19:08 INFO  State of operation 21402416 : EXECUTING
14:19:10 INFO  State of operation 21402416 : EXECUTING
14:19:12 INFO  State of operation 21402416 : EXECUTING
14:19:14 INFO  State of operation 21402416 : EXECUTING
14:19:17 INFO  State of operation 21402416 : EXECUTING
14:19:20 INFO  State of operation 21402416 : EXECUTING
14:19:27 INFO  State of operation 21402416 : EXECUTING
14:19:29 INFO  State of operation 21402416 : EXECUTING
14:19:32 INFO  State of operation 21402416 : EXECUTING
14:19:34 INFO  State of operation 21402416 : EXECUTING
14:19:36 INFO  State of operation 21402416 : EXECUTING
14:19:38 INFO  State of operation 21402416 : EXECUTING
14:19:41 INFO  State of operation 21402416 : EXECUTING
14:19:44 INFO  State of operation 21402416 : EXECUTING
14:19:46 INFO  State of operation 21402416 : EXECUTING
14:19:48 INFO  State of operation 21402416 : EXECUTING
14:19:50 INFO  State of operation 21402416 : EXECUTING
14:19:54 INFO  State of operation 21402416 : EXECUTING
14:19:56 INFO  State of operation 21402416 : EXECUTING
14:19:58 INFO  State of operation 21402416 : EXECUTING
14:20:01 INFO  State of operation 21402416 : EXECUTING
14:20:04 INFO  State of operation 21402416 : EXECUTING
14:20:06 INFO  State of operation 21402416 : EXECUTING
14:20:09 INFO  State of operation 21402416 : EXECUTING
14:20:11 INFO  State of operation 21402416 : EXECUTING
14:20:13 INFO  State of operation 21402416 : EXECUTING
14:20:16 INFO  State of operation 21402416 : EXECUTING
14:20:18 INFO  State of operation 21402416 : EXECUTING
14:20:20 WARN  SystemError occurred while running test - Timeout while waiting for status SUCCESSFUL or False
Traceback (most recent call last):
  File "/home/pi/env-pysys/lib/python3.7/site-packages/pysys/baserunner.py", line 1294, in __call__
    self.testObj.execute()
  File "/home/pi/actions-runner/_work/thin-edge.io/thin-edge.io/tests/PySys/software_management_end_to_end/sm_apt_install_remove_multiple_mixed/run.py", line 89, in execute
    self.wait_until_succcess()
  File "/home/pi/actions-runner/_work/thin-edge.io/thin-edge.io/tests/PySys/software_management_end_to_end/environment_sm_management.py", line 324, in wait_until_succcess
    self.wait_until_status("SUCCESSFUL")
  File "/home/pi/actions-runner/_work/thin-edge.io/thin-edge.io/tests/PySys/software_management_end_to_end/environment_sm_management.py", line 381, in wait_until_status
    "Timeout while waiting for status %s or %s" % (status, status2)
SystemError: Timeout while waiting for status SUCCESSFUL or False
14:20:20 WARN  SystemError: Timeout while waiting for status SUCCESSFUL or False ... blocked 
14:20:20 INFO  
14:20:20 INFO  cleanup:
14:20:24 INFO  Executed sudo&lt;tedge_disconnect_c8y&gt;, exit status 0
14:20:25 INFO  Executed systemctl&lt;serv_mapper5&gt;, exit status 3
14:20:25 INFO  
14:20:25 INFO  Test duration: 183.56 secs
14:20:25 INFO  Test final outcome:  BLOCKED
14:20:25 INFO  Test outcome reason: SystemError: Timeout while waiting for status SUCCESSFUL or False
14:20:25 INFO  
</system-out>
	</testcase>
<testcase classname="PySysTest" name="SoftwareManagement.sm_apt_install_remove_multiple_mixed">
		<failure message="BLOCKED: SystemError: Timeout while waiting for status SUCCESSFUL or False (+1 other failures)" type="BLOCKED" />
		<system-out>14:43:18 INFO  ==============================================================
14:43:18 INFO  Id:    SoftwareManagement.sm_apt_install_remove_multiple_mixed
14:43:18 INFO  Dir:   software_management_end_to_end/
14:43:18 INFO  Title: Validate end to end behaviour for the apt plugin for multiple packages with mixed versions
14:43:18 INFO  ==============================================================
14:43:18 INFO  Using sw id database: {'asciijump': '5475369', 'robotfindskitten': '5474869', 'squirrel3': '5475279', 'rolldice': '5152439', 'moon-buggy': '5439204', 'apple': '5495053', 'banana': '5494888', 'cherry': '5495382', 'watermelon': '5494510', 'registry': '8018911', 'hello-world': '8021526', 'docker/getting-started': '8021973', 'alpine': '7991792'}
14:43:18 INFO  EnvironmentC8y Setup
14:43:19 INFO  Executed systemctl&lt;serv_mapper1&gt;, exit status 3
14:43:19 INFO  Restarting mosquitto too frequently in the last 10 seconds. It was only up for 5 seconds
14:43:19 INFO  Delaying execution by 6 seconds
14:43:39 INFO  Executed sudo&lt;tedge_connect_c8y&gt;, exit status 0, duration 13 secs
14:43:39 INFO  Executed sudo&lt;tedge_connect_c8y_test&gt;, exit status 0
14:43:40 INFO  Executed systemctl&lt;serv_mosq2&gt;, exit status 0
14:43:40 INFO  Executed systemctl&lt;serv_mapper3&gt;, exit status 0
14:43:43 INFO  State of current operation: SUCCESSFUL
14:43:43 INFO  Assert that (False == value) with value=False ... passed
14:43:43 INFO  Assert that (False == value) with value=False ... passed
14:43:43 INFO  Assert that (False == value) with value=False ... passed
14:43:43 INFO  Assert that (False == value) with value=False ... passed
14:43:44 INFO  Package moon-buggy is installed
14:43:44 WARN  Assert that (False == value) with value=True ... failed 
14:43:45 INFO  Response status: 201
14:43:45 INFO  Response to action: {
    "creationTime": "2022-07-25T14:43:45.454Z",
    "deviceId": "21391559",
    "deviceName": "m32sd10d",
    "self": "https://t493319102.eu-latest.cumulocity.com/devicecontrol/operations/21402599",
    "id": "21402599",
    "status": "PENDING",
    "description": "Apply software changes, triggered from PySys: [{'action': 'install', 'id': '5475369', 'name': 'asciijump', 'url': ' ', 'version': '::apt'}, {'action': 'install', 'id': '5474869', 'name': 'robotfindskitten', 'url': ' ', 'version': ' '}, {'action': 'install', 'id': '5475279', 'name': 'squirrel3', 'url': ' ', 'version': '3.1-7::apt'}, {'action': 'install', 'id': '5152439', 'name': 'rolldice', 'url': ' ', 'version': '1.16-1+b1'}, {'action': 'install', 'id': '5439204', 'name': 'moon-buggy', 'url': ' ', 'version': '1:1.0.51-12'}, {'action': 'install', 'id': '5475369', 'name': 'asciijump', 'url': ' ', 'version': '::apt'}]",
    "c8y_SoftwareUpdate": [
        {
            "name": "asciijump",
            "action": "install",
            "id": "5475369",
            "version": "::apt",
            "url": " "
        },
        {
            "name": "robotfindskitten",
            "action": "install",
            "id": "5474869",
            "version": " ",
            "url": " "
        },
        {
            "name": "squirrel3",
            "action": "install",
            "id": "5475279",
            "version": "3.1-7::apt",
            "url": " "
        },
        {
            "name": "rolldice",
            "action": "install",
            "id": "5152439",
            "version": "1.16-1+b1",
            "url": " "
        },
        {
            "name": "moon-buggy",
            "action": "install",
            "id": "5439204",
            "version": "1:1.0.51-12",
            "url": " "
        },
        {
            "name": "asciijump",
            "action": "install",
            "id": "5475369",
            "version": "::apt",
            "url": " "
        }
    ]
}
14:43:45 INFO  Started operation: {'creationTime': '2022-07-25T14:43:45.454Z', 'deviceId': '21391559', 'deviceName': 'm32sd10d', 'self': 'https://t493319102.eu-latest.cumulocity.com/devicecontrol/operations/21402599', 'id': '21402599', 'status': 'PENDING', 'description': "Apply software changes, triggered from PySys: [{'action': 'install', 'id': '5475369', 'name': 'asciijump', 'url': ' ', 'version': '::apt'}, {'action': 'install', 'id': '5474869', 'name': 'robotfindskitten', 'url': ' ', 'version': ' '}, {'action': 'install', 'id': '5475279', 'name': 'squirrel3', 'url': ' ', 'version': '3.1-7::apt'}, {'action': 'install', 'id': '5152439', 'name': 'rolldice', 'url': ' ', 'version': '1.16-1+b1'}, {'action': 'install', 'id': '5439204', 'name': 'moon-buggy', 'url': ' ', 'version': '1:1.0.51-12'}, {'action': 'install', 'id': '5475369', 'name': 'asciijump', 'url': ' ', 'version': '::apt'}]", 'c8y_SoftwareUpdate': [{'name': 'asciijump', 'action': 'install', 'id': '5475369', 'version': '::apt', 'url': ' '}, {'name': 'robotfindskitten', 'action': 'install', 'id': '5474869', 'version': ' ', 'url': ' '}, {'name': 'squirrel3', 'action': 'install', 'id': '5475279', 'version': '3.1-7::apt', 'url': ' '}, {'name': 'rolldice', 'action': 'install', 'id': '5152439', 'version': '1.16-1+b1', 'url': ' '}, {'name': 'moon-buggy', 'action': 'install', 'id': '5439204', 'version': '1:1.0.51-12', 'url': ' '}, {'name': 'asciijump', 'action': 'install', 'id': '5475369', 'version': '::apt', 'url': ' '}]}
14:43:47 INFO  State of operation 21402599 : PENDING
14:43:49 INFO  State of operation 21402599 : EXECUTING
14:43:52 INFO  State of operation 21402599 : EXECUTING
14:43:54 INFO  State of operation 21402599 : EXECUTING
14:43:56 INFO  State of operation 21402599 : EXECUTING
14:43:58 INFO  State of operation 21402599 : EXECUTING
14:44:01 INFO  State of operation 21402599 : EXECUTING
14:44:04 INFO  State of operation 21402599 : EXECUTING
14:44:06 INFO  State of operation 21402599 : EXECUTING
14:44:09 INFO  State of operation 21402599 : EXECUTING
14:44:11 INFO  State of operation 21402599 : EXECUTING
14:44:13 INFO  State of operation 21402599 : EXECUTING
14:44:15 INFO  State of operation 21402599 : EXECUTING
14:44:18 INFO  State of operation 21402599 : EXECUTING
14:44:20 INFO  State of operation 21402599 : EXECUTING
14:44:22 INFO  State of operation 21402599 : EXECUTING
14:44:25 INFO  State of operation 21402599 : EXECUTING
14:44:28 INFO  State of operation 21402599 : EXECUTING
14:44:30 INFO  State of operation 21402599 : EXECUTING
14:44:32 INFO  State of operation 21402599 : EXECUTING
14:44:34 INFO  State of operation 21402599 : EXECUTING
14:44:37 INFO  State of operation 21402599 : EXECUTING
14:44:39 INFO  State of operation 21402599 : EXECUTING
14:44:42 INFO  State of operation 21402599 : EXECUTING
14:44:44 INFO  State of operation 21402599 : EXECUTING
14:44:46 INFO  State of operation 21402599 : EXECUTING
14:44:49 INFO  State of operation 21402599 : EXECUTING
14:44:51 INFO  State of operation 21402599 : EXECUTING
14:44:53 INFO  State of operation 21402599 : EXECUTING
14:44:55 INFO  State of operation 21402599 : EXECUTING
14:44:58 INFO  State of operation 21402599 : EXECUTING
14:45:00 INFO  State of operation 21402599 : EXECUTING
14:45:02 INFO  State of operation 21402599 : EXECUTING
14:45:04 INFO  State of operation 21402599 : EXECUTING
14:45:07 INFO  State of operation 21402599 : EXECUTING
14:45:09 INFO  State of operation 21402599 : EXECUTING
14:45:11 INFO  State of operation 21402599 : EXECUTING
14:45:13 INFO  State of operation 21402599 : EXECUTING
14:45:16 INFO  State of operation 21402599 : EXECUTING
14:45:19 INFO  State of operation 21402599 : EXECUTING
14:45:21 INFO  State of operation 21402599 : EXECUTING
14:45:23 INFO  State of operation 21402599 : EXECUTING
14:45:25 INFO  State of operation 21402599 : EXECUTING
14:45:28 INFO  State of operation 21402599 : EXECUTING
14:45:30 INFO  State of operation 21402599 : EXECUTING
14:45:32 INFO  State of operation 21402599 : EXECUTING
14:45:34 INFO  State of operation 21402599 : EXECUTING
14:45:37 INFO  State of operation 21402599 : EXECUTING
14:45:40 INFO  State of operation 21402599 : EXECUTING
14:45:42 INFO  State of operation 21402599 : EXECUTING
14:45:44 INFO  State of operation 21402599 : EXECUTING
14:45:46 INFO  State of operation 21402599 : EXECUTING
14:45:49 INFO  State of operation 21402599 : EXECUTING
14:45:51 INFO  State of operation 21402599 : EXECUTING
14:45:54 INFO  State of operation 21402599 : EXECUTING
14:45:56 INFO  State of operation 21402599 : EXECUTING
14:45:59 INFO  State of operation 21402599 : EXECUTING
14:46:01 INFO  State of operation 21402599 : EXECUTING
14:46:04 INFO  State of operation 21402599 : EXECUTING
14:46:06 INFO  State of operation 21402599 : EXECUTING
14:46:09 INFO  State of operation 21402599 : EXECUTING
14:46:11 WARN  SystemError occurred while running test - Timeout while waiting for status SUCCESSFUL or False
Traceback (most recent call last):
  File "/home/pi/env-pysys/lib/python3.7/site-packages/pysys/baserunner.py", line 1294, in __call__
    self.testObj.execute()
  File "/home/pi/actions-runner/_work/thin-edge.io/thin-edge.io/tests/PySys/software_management_end_to_end/sm_apt_install_remove_multiple_mixed/run.py", line 89, in execute
    self.wait_until_succcess()
  File "/home/pi/actions-runner/_work/thin-edge.io/thin-edge.io/tests/PySys/software_management_end_to_end/environment_sm_management.py", line 324, in wait_until_succcess
    self.wait_until_status("SUCCESSFUL")
  File "/home/pi/actions-runner/_work/thin-edge.io/thin-edge.io/tests/PySys/software_management_end_to_end/environment_sm_management.py", line 381, in wait_until_status
    "Timeout while waiting for status %s or %s" % (status, status2)
SystemError: Timeout while waiting for status SUCCESSFUL or False
14:46:11 WARN  SystemError: Timeout while waiting for status SUCCESSFUL or False ... blocked 
14:46:11 INFO  
14:46:11 INFO  cleanup:
14:46:15 INFO  Executed sudo&lt;tedge_disconnect_c8y&gt;, exit status 0
14:46:15 INFO  Executed systemctl&lt;serv_mapper5&gt;, exit status 3
14:46:15 INFO  
14:46:15 INFO  Test duration: 177.47 secs
14:46:15 INFO  Test final outcome:  BLOCKED
14:46:15 INFO  Test outcome reason: SystemError: Timeout while waiting for status SUCCESSFUL or False (+1 other failures)
14:46:15 INFO  
</system-out>
	</testcase>
</testsuite><testsuite name="SoftwareManagement.sm_apt_install_remove_with_version" tests="3" errors="0" failures="1" skipped="1" time="0"><testcase classname="PySysTest" name="SoftwareManagement.sm_apt_install_remove_with_version">
		<skipped message="SKIPPED: Testing the apt plugin is not supported on this platform.Use parameter -XmyPlatform='container' to enable it" />
		<system-out>13:42:33 INFO  ==============================================================
13:42:33 INFO  Id:    SoftwareManagement.sm_apt_install_remove_with_version
13:42:33 INFO  Dir:   software_management_end_to_end/
13:42:33 INFO  Title: Validate end to end behaviour for the apt plugin for packages with version
13:42:33 INFO  ==============================================================
13:42:34 INFO  Testing the apt plugin is not supported on this platform.Use parameter -XmyPlatform='container' to enable it ... skipped
13:42:34 WARN  Aborted test due to SKIPPED outcome
13:42:34 INFO  
13:42:34 INFO  Test duration: 0.03 secs
13:42:34 INFO  Test final outcome:  SKIPPED
13:42:34 INFO  Test outcome reason: Testing the apt plugin is not supported on this platform.Use parameter -XmyPlatform='container' to enable it
13:42:34 INFO  
</system-out>
	</testcase>
<testcase classname="PySysTest" name="SoftwareManagement.sm_apt_install_remove_with_version">
		<failure message="FAILED: Assert that (False == value) with value=True" type="FAILED" />
		<system-out>14:20:25 INFO  ==============================================================
14:20:25 INFO  Id:    SoftwareManagement.sm_apt_install_remove_with_version
14:20:25 INFO  Dir:   software_management_end_to_end/
14:20:25 INFO  Title: Validate end to end behaviour for the apt plugin for packages with version
14:20:25 INFO  ==============================================================
14:20:25 INFO  Using sw id database: {'asciijump': '5475369', 'robotfindskitten': '5474869', 'squirrel3': '5475279', 'rolldice': '5152439', 'moon-buggy': '5439204', 'apple': '5495053', 'banana': '5494888', 'cherry': '5495382', 'watermelon': '5494510', 'registry': '8018911', 'hello-world': '8021526', 'docker/getting-started': '8021973', 'alpine': '7991792'}
14:20:25 INFO  EnvironmentC8y Setup
14:20:25 INFO  Executed systemctl&lt;serv_mapper1&gt;, exit status 3
14:20:25 INFO  Restarting mosquitto too frequently in the last 10 seconds. It was only up for 4 seconds
14:20:25 INFO  Delaying execution by 7 seconds
14:20:46 INFO  Executed sudo&lt;tedge_connect_c8y&gt;, exit status 0, duration 14 secs
14:20:47 INFO  Executed sudo&lt;tedge_connect_c8y_test&gt;, exit status 0
14:20:48 INFO  Executed systemctl&lt;serv_mosq2&gt;, exit status 0
14:20:48 INFO  Executed systemctl&lt;serv_mapper3&gt;, exit status 0
14:20:50 INFO  State of current operation: SUCCESSFUL
14:20:50 INFO  Package rolldice is installed
14:20:51 WARN  Assert that (False == value) with value=True ... failed 
14:20:51 INFO  Response status: 201
14:20:51 INFO  Response to action: {
    "creationTime": "2022-07-25T14:20:51.539Z",
    "deviceId": "21391559",
    "deviceName": "m32sd10d",
    "self": "https://t493319102.eu-latest.cumulocity.com/devicecontrol/operations/21402433",
    "id": "21402433",
    "status": "PENDING",
    "description": "Apply software changes, triggered from PySys: [{'name': 'rolldice', 'id': '5152439', 'version': '1.16-1+b1', 'url': '', 'action': 'install'}]",
    "c8y_SoftwareUpdate": [
        {
            "name": "rolldice",
            "action": "install",
            "id": "5152439",
            "version": "1.16-1+b1",
            "url": ""
        }
    ]
}
14:20:51 INFO  Started operation: {'creationTime': '2022-07-25T14:20:51.539Z', 'deviceId': '21391559', 'deviceName': 'm32sd10d', 'self': 'https://t493319102.eu-latest.cumulocity.com/devicecontrol/operations/21402433', 'id': '21402433', 'status': 'PENDING', 'description': "Apply software changes, triggered from PySys: [{'name': 'rolldice', 'id': '5152439', 'version': '1.16-1+b1', 'url': '', 'action': 'install'}]", 'c8y_SoftwareUpdate': [{'name': 'rolldice', 'action': 'install', 'id': '5152439', 'version': '1.16-1+b1', 'url': ''}]}
14:20:53 INFO  State of operation 21402433 : PENDING
14:20:56 INFO  State of operation 21402433 : EXECUTING
14:20:58 INFO  State of operation 21402433 : EXECUTING
14:21:00 INFO  State of operation 21402433 : EXECUTING
14:21:02 INFO  State of operation 21402433 : EXECUTING
14:21:04 INFO  State of operation 21402433 : EXECUTING
14:21:07 INFO  State of operation 21402433 : EXECUTING
14:21:10 INFO  State of operation 21402433 : EXECUTING
14:21:13 INFO  State of operation 21402433 : EXECUTING
14:21:15 INFO  State of operation 21402433 : EXECUTING
14:21:17 INFO  State of operation 21402433 : EXECUTING
14:21:19 INFO  State of operation 21402433 : EXECUTING
14:21:22 INFO  State of operation 21402433 : EXECUTING
14:21:24 INFO  State of operation 21402433 : EXECUTING
14:21:26 INFO  State of operation 21402433 : SUCCESSFUL
14:21:26 INFO  Package rolldice is installed
14:21:26 INFO  Assert that (True == value) with value=True ... passed
14:21:26 INFO  Response status: 201
14:21:26 INFO  Response to action: {
    "creationTime": "2022-07-25T14:21:26.843Z",
    "deviceId": "21391559",
    "deviceName": "m32sd10d",
    "self": "https://t493319102.eu-latest.cumulocity.com/devicecontrol/operations/21402443",
    "id": "21402443",
    "status": "PENDING",
    "description": "Apply software changes, triggered from PySys: [{'name': 'rolldice', 'id': '5152439', 'version': '88::apt', 'url': '', 'action': 'delete'}]",
    "c8y_SoftwareUpdate": [
        {
            "name": "rolldice",
            "action": "delete",
            "id": "5152439",
            "version": "88::apt",
            "url": ""
        }
    ]
}
14:21:26 INFO  Started operation: {'creationTime': '2022-07-25T14:21:26.843Z', 'deviceId': '21391559', 'deviceName': 'm32sd10d', 'self': 'https://t493319102.eu-latest.cumulocity.com/devicecontrol/operations/21402443', 'id': '21402443', 'status': 'PENDING', 'description': "Apply software changes, triggered from PySys: [{'name': 'rolldice', 'id': '5152439', 'version': '88::apt', 'url': '', 'action': 'delete'}]", 'c8y_SoftwareUpdate': [{'name': 'rolldice', 'action': 'delete', 'id': '5152439', 'version': '88::apt', 'url': ''}]}
14:21:29 INFO  State of operation 21402443 : PENDING
14:21:31 INFO  State of operation 21402443 : EXECUTING
14:21:33 INFO  State of operation 21402443 : EXECUTING
14:21:35 INFO  State of operation 21402443 : EXECUTING
14:21:37 INFO  State of operation 21402443 : EXECUTING
14:21:40 INFO  State of operation 21402443 : EXECUTING
14:21:43 INFO  State of operation 21402443 : EXECUTING
14:21:45 INFO  State of operation 21402443 : EXECUTING
14:21:48 INFO  State of operation 21402443 : EXECUTING
14:21:50 INFO  State of operation 21402443 : EXECUTING
14:21:52 INFO  State of operation 21402443 : EXECUTING
14:21:54 INFO  State of operation 21402443 : EXECUTING
14:21:57 INFO  State of operation 21402443 : EXECUTING
14:21:59 INFO  State of operation 21402443 : FAILED
14:21:59 INFO  Package rolldice is installed
14:21:59 INFO  Assert that (True == value) with value=True ... passed
14:22:00 INFO  Response status: 201
14:22:00 INFO  Response to action: {
    "creationTime": "2022-07-25T14:22:00.150Z",
    "deviceId": "21391559",
    "deviceName": "m32sd10d",
    "self": "https://t493319102.eu-latest.cumulocity.com/devicecontrol/operations/21402455",
    "id": "21402455",
    "status": "PENDING",
    "description": "Apply software changes, triggered from PySys: [{'name': 'rolldice', 'id': '5152439', 'version': '1.16-1+b1', 'url': '', 'action': 'delete'}]",
    "c8y_SoftwareUpdate": [
        {
            "name": "rolldice",
            "action": "delete",
            "id": "5152439",
            "version": "1.16-1+b1",
            "url": ""
        }
    ]
}
14:22:00 INFO  Started operation: {'creationTime': '2022-07-25T14:22:00.150Z', 'deviceId': '21391559', 'deviceName': 'm32sd10d', 'self': 'https://t493319102.eu-latest.cumulocity.com/devicecontrol/operations/21402455', 'id': '21402455', 'status': 'PENDING', 'description': "Apply software changes, triggered from PySys: [{'name': 'rolldice', 'id': '5152439', 'version': '1.16-1+b1', 'url': '', 'action': 'delete'}]", 'c8y_SoftwareUpdate': [{'name': 'rolldice', 'action': 'delete', 'id': '5152439', 'version': '1.16-1+b1', 'url': ''}]}
14:22:02 INFO  State of operation 21402455 : PENDING
14:22:04 INFO  State of operation 21402455 : EXECUTING
14:22:07 INFO  State of operation 21402455 : EXECUTING
14:22:09 INFO  State of operation 21402455 : EXECUTING
14:22:11 INFO  State of operation 21402455 : EXECUTING
14:22:13 INFO  State of operation 21402455 : EXECUTING
14:22:16 INFO  State of operation 21402455 : EXECUTING
14:22:19 INFO  State of operation 21402455 : EXECUTING
14:22:21 INFO  State of operation 21402455 : EXECUTING
14:22:23 INFO  State of operation 21402455 : EXECUTING
14:22:26 INFO  State of operation 21402455 : EXECUTING
[...]
13:30:41 INFO  Executed sudo&lt;rm_tmp_logs&gt;, exit status 0
13:30:41 INFO  Executed sudo&lt;send_failed&gt;, exit status 0
13:30:42 INFO  Executed sudo&lt;log_file_daemon&gt;, exit status 0
13:30:46 INFO  Executed sudo&lt;tedge_disconnect_c8y&gt;, exit status 0
13:30:47 INFO  Executed systemctl&lt;serv_mapper5&gt;, exit status 3
13:30:47 INFO  
13:30:47 INFO  Test duration: 27.38 secs
13:30:47 INFO  Test final outcome:  BLOCKED
13:30:47 INFO  Test outcome reason: TypeError: 'NoneType' object is not subscriptable
13:30:47 INFO  
</system-out>
	</testcase>
</testsuite><testsuite name="log_request_num_lines" tests="1" errors="0" failures="1" skipped="0" time="0"><testcase classname="LogRequestVerifyNumberOfLines" name="log_request_num_lines">
		<failure message="BLOCKED: TypeError: 'NoneType' object is not subscriptable" type="BLOCKED" />
		<system-out>13:30:47 INFO  ==============================================================
13:30:47 INFO  Id:    log_request_num_lines
13:30:47 INFO  Dir:   log_request_end_to_end/
13:30:47 INFO  Title: Validate end to end behaviour for the log request operation check for number of lines
13:30:47 INFO  ==============================================================
13:30:47 INFO  EnvironmentC8y Setup
13:30:48 INFO  Executed systemctl&lt;serv_mapper1&gt;, exit status 3
13:30:48 INFO  Restarting mosquitto too frequently in the last 10 seconds. It was only up for 5 seconds
13:30:48 INFO  Delaying execution by 6 seconds
13:31:08 INFO  Executed sudo&lt;tedge_connect_c8y&gt;, exit status 0, duration 14 secs
13:31:09 INFO  Executed sudo&lt;tedge_connect_c8y_test&gt;, exit status 0
13:31:09 INFO  Executed systemctl&lt;serv_mosq2&gt;, exit status 0
13:31:10 INFO  Executed systemctl&lt;serv_mapper3&gt;, exit status 0
13:31:10 INFO  Executed sudo&lt;rm_logs&gt;, exit status 0
13:31:11 INFO  Executed sudo&lt;move_logs&gt;, exit status 0
13:31:11 INFO  Executed sudo&lt;log_file_daemon&gt;, exit status 0
13:31:12 WARN  TypeError occurred while running test - 'NoneType' object is not subscriptable
Traceback (most recent call last):
  File "/home/pi/env-pysys/lib/python3.7/site-packages/pysys/baserunner.py", line 1294, in __call__
    self.testObj.execute()
  File "/home/pi/actions-runner/_work/thin-edge.io/thin-edge.io/tests/PySys/log_request_end_to_end/log_request_num_lines/run.py", line 46, in execute
    log_file_request_payload, self.project.deviceid
  File "/home/pi/actions-runner/_work/thin-edge.io/thin-edge.io/tests/PySys/environments/cumulocity.py", line 101, in trigger_log_request
    "deviceId": self.device_fragment["id"],
TypeError: 'NoneType' object is not subscriptable
13:31:12 WARN  TypeError: 'NoneType' object is not subscriptable ... blocked 
13:31:12 INFO  
13:31:12 INFO  cleanup:
13:31:13 INFO  Executed sudo&lt;rm_logs&gt;, exit status 0
13:31:14 INFO  Executed sudo&lt;rm_tmp_logs&gt;, exit status 0
13:31:14 INFO  Executed sudo&lt;send_failed&gt;, exit status 0
13:31:15 INFO  Executed sudo&lt;log_file_daemon&gt;, exit status 0
13:31:19 INFO  Executed sudo&lt;tedge_disconnect_c8y&gt;, exit status 0
13:31:19 INFO  Executed systemctl&lt;serv_mapper5&gt;, exit status 3
13:31:19 INFO  
13:31:19 INFO  Test duration: 32.25 secs
13:31:19 INFO  Test final outcome:  BLOCKED
13:31:19 INFO  Test outcome reason: TypeError: 'NoneType' object is not subscriptable
13:31:19 INFO  
</system-out>
	</testcase>
</testsuite><testsuite name="mapper_awaits_before_reconnect" tests="1" errors="0" failures="1" skipped="0" time="0"><testcase classname="MapperReconnectAwait" name="mapper_awaits_before_reconnect">
		<failure message="FAILED: Line count on tedge_mapper_journal.out for &quot;tedge_mapper::core::mapper: MQTT connection error:&quot; expected &gt;=2 but got 0" type="FAILED" />
		<system-out>13:45:38 INFO  ==============================================================
13:45:38 INFO  Id:    mapper_awaits_before_reconnect
13:45:38 INFO  Dir:   tedge_mapper_c8y/
13:45:38 INFO  Title: Validate mapper doesn't reconnect too often
13:45:38 INFO  ==============================================================
13:45:38 INFO  Started mosquitto_sub with process id 4054
13:45:38 INFO  Waiting for 0.1 seconds
13:45:39 INFO  Executed sudo&lt;tedge_mapper&gt;, exit status 0
13:45:39 INFO  Waiting for 5.0 seconds
13:45:44 INFO  Executed sudo&lt;tedge_mapper&gt;, exit status 0
13:45:47 INFO  Executed sudo&lt;tedge_mapper_journal&gt;, exit status 0
13:45:47 WARN  Grep on tedge_mapper_journal.out contains "ERROR" ... failed [run.py:67]
13:45:47 INFO  Line count on file tedge_mapper_journal.out ... passed
13:45:47 WARN  Line count on tedge_mapper_journal.out for "tedge_mapper::core::mapper: MQTT connection error:" expected &gt;=2 but got 0 ... failed [run.py:78]
13:45:47 WARN  Aborted test due to FAILED outcome
13:45:47 INFO  
13:45:47 INFO  Test duration: 9.07 secs
13:45:47 INFO  Test final outcome:  FAILED
13:45:47 INFO  Test outcome reason: Line count on tedge_mapper_journal.out for "tedge_mapper::core::mapper: MQTT connection error:" expected &gt;=2 but got 0
13:45:47 INFO  
</system-out>
	</testcase>
</testsuite><testsuite name="monitoring_smaller_interval" tests="1" errors="0" failures="1" skipped="0" time="0"><testcase classname="MonitoringSmallInterval" name="monitoring_smaller_interval">
		<failure message="BLOCKED: TypeError: 'int' object is not subscriptable" type="BLOCKED" />
		<system-out>13:32:41 INFO  ==============================================================
13:32:41 INFO  Id:    monitoring_smaller_interval
13:32:41 INFO  Dir:   monitoring/
13:32:41 INFO  Title: Validate the tedge dm agent messages that are produced with smaller sampling interval than the batching window. Here the simulated collectd messages are used
13:32:41 INFO  ==============================================================
13:32:41 INFO  Executed sudo&lt;collectd&gt;, exit status 0
13:32:42 INFO  Executed sudo&lt;collectd_mapper&gt;, exit status 0
13:32:42 INFO  Started sudo&lt;tedge_sub&gt; with process id 32648
13:32:42 INFO  Executed sudo&lt;tedge_temp&gt;, exit status 0
13:32:43 INFO  Executed sudo&lt;tedge_pres&gt;, exit status 0
13:32:43 INFO  Executed sudo&lt;tedge_temp&gt;, exit status 0
13:32:44 INFO  Executed sudo&lt;tedge_pres&gt;, exit status 0
13:32:45 INFO  Executed sudo&lt;tedge_temp&gt;, exit status 0
13:32:45 INFO  Executed sudo&lt;tedge_pres&gt;, exit status 0
13:32:46 INFO  Executed sudo&lt;tedge_temp&gt;, exit status 0
13:32:46 INFO  Executed sudo&lt;tedge_pres&gt;, exit status 0
13:32:47 INFO  Executed sudo&lt;tedge_temp&gt;, exit status 0
13:32:47 INFO  Executed sudo&lt;tedge_pres&gt;, exit status 0
13:32:48 INFO  Executed sudo&lt;tedge_temp&gt;, exit status 0
13:32:49 INFO  Executed sudo&lt;tedge_pres&gt;, exit status 0
13:32:49 INFO  Executed sudo&lt;tedge_temp&gt;, exit status 0
13:32:50 INFO  Executed sudo&lt;tedge_pres&gt;, exit status 0
13:32:50 INFO  Executed sudo&lt;tedge_temp&gt;, exit status 0
13:32:51 INFO  Executed sudo&lt;tedge_pres&gt;, exit status 0
13:32:51 INFO  Executed sudo&lt;tedge_temp&gt;, exit status 0
13:32:52 INFO  Executed sudo&lt;tedge_pres&gt;, exit status 0
13:32:53 INFO  Executed sudo&lt;tedge_temp&gt;, exit status 0
13:32:53 INFO  Executed sudo&lt;tedge_pres&gt;, exit status 0
13:32:55 INFO  Executed sudo&lt;kill_out&gt;, exit status 0
13:32:55 INFO  0

13:32:55 WARN  TypeError occurred while running test - 'int' object is not subscriptable
Traceback (most recent call last):
  File "/home/pi/env-pysys/lib/python3.7/site-packages/pysys/baserunner.py", line 1296, in __call__
    self.testObj.validate()
  File "/home/pi/actions-runner/_work/thin-edge.io/thin-edge.io/tests/PySys/monitoring/monitoring_smaller_interval/run.py", line 104, in validate
    collectd_msg_validation_result=self.validate_json(),
  File "/home/pi/actions-runner/_work/thin-edge.io/thin-edge.io/tests/PySys/monitoring/monitoring_smaller_interval/run.py", line 114, in validate_json
    if not self.validate_time():
  File "/home/pi/actions-runner/_work/thin-edge.io/thin-edge.io/tests/PySys/monitoring/monitoring_smaller_interval/run.py", line 134, in validate_time
    if self.js_msg["time"]:
TypeError: 'int' object is not subscriptable
13:32:55 WARN  TypeError: 'int' object is not subscriptable ... blocked 
13:32:55 INFO  
13:32:55 INFO  cleanup:
13:32:55 INFO  monitoring_cleanup
13:32:55 INFO  Executed sudo&lt;collectd_mapper&gt;, exit status 0
13:32:55 INFO  
13:32:55 INFO  Test duration: 14.83 secs
13:32:55 INFO  Test final outcome:  BLOCKED
13:32:55 INFO  Test outcome reason: TypeError: 'int' object is not subscriptable
13:32:55 INFO  
</system-out>
	</testcase>
</testsuite><testsuite name="monitoring_with_collectd" tests="1" errors="0" failures="0" skipped="1" time="0"><testcase classname="MonitoringWithCollectd" name="monitoring_with_collectd">
		<skipped message="SKIPPED: Test execution disabled due to #792 (instable)" />
		<system-out>13:32:55 INFO  ==============================================================
13:32:55 INFO  Id:    monitoring_with_collectd
13:32:55 INFO  Dir:   monitoring/
13:32:55 INFO  Title: Validate tedge dm agent messages that are produced by batching the collectd messages
13:32:55 INFO  ==============================================================
13:32:55 INFO  Test execution disabled due to #792 (instable) ... skipped
13:32:55 INFO  
13:32:55 INFO  Test duration: 0.02 secs
13:32:55 INFO  Test final outcome:  SKIPPED
13:32:55 INFO  Test outcome reason: Test execution disabled due to #792 (instable)
13:32:55 INFO  
</system-out>
	</testcase>
</testsuite><testsuite name="monitoring_with_simulated_messages" tests="1" errors="0" failures="1" skipped="0" time="0"><testcase classname="MonitoringWithSimulatedMessages" name="monitoring_with_simulated_messages">
		<failure message="BLOCKED: TypeError: 'int' object is not subscriptable" type="BLOCKED" />
		<system-out>13:32:55 INFO  ==============================================================
13:32:55 INFO  Id:    monitoring_with_simulated_messages
13:32:55 INFO  Dir:   monitoring/
13:32:55 INFO  Title: Validate the tedge dm agent messages that are produced from the simulated collectd messages
13:32:55 INFO  ==============================================================
13:32:56 INFO  Executed sudo&lt;collectd&gt;, exit status 0
13:32:57 INFO  Executed sudo&lt;collectd_mapper&gt;, exit status 0
13:32:57 INFO  Started sudo&lt;tedge_sub&gt; with process id 32714
13:32:57 INFO  Executed sudo&lt;tedge_temp&gt;, exit status 0
13:32:58 INFO  Executed sudo&lt;tedge_pres&gt;, exit status 0
13:32:59 INFO  Executed sudo&lt;kill_out&gt;, exit status 0
13:32:59 INFO  0

13:32:59 WARN  TypeError occurred while running test - 'int' object is not subscriptable
Traceback (most recent call last):
  File "/home/pi/env-pysys/lib/python3.7/site-packages/pysys/baserunner.py", line 1296, in __call__
    self.testObj.validate()
  File "/home/pi/actions-runner/_work/thin-edge.io/thin-edge.io/tests/PySys/monitoring/monitoring_with_simulated_messages/run.py", line 98, in validate
    collectd_msg_validation_result=self.validate_json(),
  File "/home/pi/actions-runner/_work/thin-edge.io/thin-edge.io/tests/PySys/monitoring/monitoring_with_simulated_messages/run.py", line 108, in validate_json
    if not self.validate_time():
  File "/home/pi/actions-runner/_work/thin-edge.io/thin-edge.io/tests/PySys/monitoring/monitoring_with_simulated_messages/run.py", line 127, in validate_time
    if self.js_msg["time"]:
TypeError: 'int' object is not subscriptable
13:32:59 WARN  TypeError: 'int' object is not subscriptable ... blocked 
13:32:59 INFO  
13:32:59 INFO  cleanup:
13:32:59 INFO  monitoring_cleanup
13:33:00 INFO  Executed sudo&lt;collectd_mapper&gt;, exit status 0
13:33:00 INFO  
13:33:00 INFO  Test duration: 4.47 secs
13:33:00 INFO  Test final outcome:  BLOCKED
13:33:00 INFO  Test outcome reason: TypeError: 'int' object is not subscriptable
13:33:00 INFO  
</system-out>
	</testcase>
</testsuite><testsuite name="mqtt_port_change_connection_fails" tests="1" errors="0" failures="0" skipped="0" time="0"><testcase classname="MqttPortChangeConnectionFails" name="mqtt_port_change_connection_fails" />
</testsuite><testsuite name="mqtt_port_change_connection_works" tests="1" errors="0" failures="0" skipped="1" time="0"><testcase classname="MqttPortChangeConnectionWorks" name="mqtt_port_change_connection_works">
		<skipped message="SKIPPED: failing intermitently" />
		<system-out>13:31:54 INFO  ==============================================================
13:31:54 INFO  Id:    mqtt_port_change_connection_works
13:31:54 INFO  Dir:   misc_features/
13:31:54 INFO  Title: mqtt port change connection works for all the thin-edge services that use the mosquitto broker
13:31:54 INFO  ==============================================================
13:31:54 INFO  failing intermitently ... skipped
13:31:54 INFO  
13:31:54 INFO  Test duration: 0.02 secs
13:31:54 INFO  Test final outcome:  SKIPPED
13:31:54 INFO  Test outcome reason: failing intermitently
13:31:54 INFO  
</system-out>
	</testcase>
</testsuite><testsuite name="publish_flux" tests="1" errors="0" failures="0" skipped="0" time="0"><testcase classname="PublishFlux" name="publish_flux" />
</testsuite><testsuite name="publish_sawmill" tests="1" errors="0" failures="0" skipped="0" time="0"><testcase classname="PublishSawmill" name="publish_sawmill" />
</testsuite><testsuite name="runtime_start_two_mappers" tests="1" errors="0" failures="0" skipped="0" time="0"><testcase classname="RuntimeMultiMappers" name="runtime_start_two_mappers" />
</testsuite><testsuite name="sm_tedge_mapper_init_session" tests="1" errors="0" failures="0" skipped="0" time="0"><testcase classname="TedgeSMMapperInitSession" name="sm_tedge_mapper_init_session" />
</testsuite><testsuite name="smoketest_json" tests="1" errors="0" failures="0" skipped="0" time="0"><testcase classname="SmokeTestJson" name="smoketest_json" />
</testsuite><testsuite name="smoketest_json_400_samples_10ms" tests="1" errors="0" failures="0" skipped="0" time="0"><testcase classname="SmoketestJson400Samples10ms" name="smoketest_json_400_samples_10ms" />
</testsuite><testsuite name="smoketest_json_400_samples_20ms" tests="1" errors="0" failures="0" skipped="0" time="0"><testcase classname="SmoketestJson400Samples20ms" name="smoketest_json_400_samples_20ms" />
</testsuite><testsuite name="smoketest_smartrest" tests="1" errors="0" failures="0" skipped="0" time="0"><testcase classname="SmoketestSmartRest" name="smoketest_smartrest" />
</testsuite><testsuite name="smoketest_smartrest_400_samples_1Xms" tests="1" errors="0" failures="0" skipped="0" time="0"><testcase classname="SmoketestSmartRest400Samples1Xms" name="smoketest_smartrest_400_samples_1Xms" />
</testsuite><testsuite name="smoketest_smartrest_400_samples_20ms" tests="1" errors="0" failures="0" skipped="0" time="0"><testcase classname="SmoketestSmartRest400Samples20ms" name="smoketest_smartrest_400_samples_20ms" />
</testsuite><testsuite name="tedge_agent_user_sudo_access" tests="1" errors="0" failures="0" skipped="1" time="0"><testcase classname="TedgeAgentUserSudoAccess" name="tedge_agent_user_sudo_access">
		<skipped message="SKIPPED: #955 Observation: Exit code of the apt plugin when called with no arguments" />
		<system-out>13:43:00 INFO  ==============================================================
13:43:00 INFO  Id:    tedge_agent_user_sudo_access
13:43:00 INFO  Dir:   tedge/
13:43:00 INFO  Title: Validate tedge-agent user has a limited sudo right
13:43:00 INFO  ==============================================================
13:43:00 INFO  #955 Observation: Exit code of the apt plugin when called with no arguments ... skipped
13:43:00 INFO  
13:43:00 INFO  Test duration: 0.02 secs
13:43:00 INFO  Test final outcome:  SKIPPED
13:43:00 INFO  Test outcome reason: #955 Observation: Exit code of the apt plugin when called with no arguments
13:43:00 INFO  
</system-out>
	</testcase>
</testsuite><testsuite name="tedge_connect_test_negative" tests="1" errors="0" failures="0" skipped="0" time="0"><testcase classname="TedgeConnectTestNegative" name="tedge_connect_test_negative" />
</testsuite><testsuite name="tedge_connect_test_positive" tests="1" errors="0" failures="0" skipped="0" time="0"><testcase classname="TedgeConnectTestPositive" name="tedge_connect_test_positive" />
</testsuite><testsuite name="tedge_connect_test_sm_services" tests="1" errors="0" failures="0" skipped="0" time="0"><testcase classname="TedgeConnectTestSMServices" name="tedge_connect_test_sm_services" />
</testsuite><testsuite name="tedge_disconnect_test_sm_services" tests="1" errors="0" failures="0" skipped="0" time="0"><testcase classname="TedgeDisConnectTestSMServices" name="tedge_disconnect_test_sm_services" />
</testsuite><testsuite name="tedge_mapper_az_negative" tests="1" errors="0" failures="0" skipped="0" time="0"><testcase classname="TedgeMapperAzError" name="tedge_mapper_az_negative" />
</testsuite><testsuite name="tedge_mapper_az_with_timestamp" tests="1" errors="0" failures="0" skipped="0" time="0"><testcase classname="TedgeMapperAzWithTimestamp" name="tedge_mapper_az_with_timestamp" />
</testsuite><testsuite name="tedge_mapper_az_without_timestamp" tests="1" errors="0" failures="0" skipped="0" time="0"><testcase classname="TedgeMapperAzWithoutTimestamp" name="tedge_mapper_az_without_timestamp" />
</testsuite><testsuite name="tedge_mapper_c8y_alarms" tests="1" errors="0" failures="0" skipped="0" time="0"><testcase classname="TedgeMapperC8yAlarm" name="tedge_mapper_c8y_alarms" />
</testsuite><testsuite name="tedge_mapper_c8y_child_device_measurement" tests="1" errors="0" failures="0" skipped="0" time="0"><testcase classname="TedgeMapperC8yChildDevice" name="tedge_mapper_c8y_child_device_measurement" />
</testsuite><testsuite name="tedge_mapper_c8y_packet_threshold_size" tests="1" errors="0" failures="1" skipped="0" time="0"><testcase classname="TedgeMapperC8yThresholdPacketSize" name="tedge_mapper_c8y_packet_threshold_size">
		<failure message="FAILED: Grep on tedge_sub.out contains &quot;The size of the message received on tedge/measurements is 20489 which is greater than the threshold size of 16184.&quot;" type="FAILED" />
		<system-out>13:47:24 INFO  ==============================================================
13:47:24 INFO  Id:    tedge_mapper_c8y_packet_threshold_size
13:47:24 INFO  Dir:   tedge_mapper_c8y/
13:47:24 INFO  Title: Validate the Cumulocity Mapper accepted threshold packet size when it receives a message on tedge/measurements
13:47:24 INFO  ==============================================================
13:47:25 INFO  Executed sudo&lt;tedge_mapper_c8y&gt;, exit status 0
13:47:25 INFO  Started sudo&lt;tedge_sub&gt; with process id 4645
13:47:25 INFO  Executed sudo&lt;tedge_msg&gt;, exit status 0
13:47:26 INFO  Executed sudo&lt;tedge_pub&gt;, exit status 0
13:47:26 INFO  Executed sudo&lt;kill_out&gt;, exit status 0
13:47:27 WARN  Grep on tedge_sub.out contains "The size of the message received on tedge/measurements is 20489 which is greater than the threshold size of 16184." ... failed [run.py:88]
13:47:27 INFO  
13:47:27 INFO  cleanup:
13:47:27 INFO  mapper_cleanup
13:47:27 INFO  Executed sudo&lt;tedge_mapper_c8y&gt;, exit status 0
13:47:27 INFO  
13:47:27 INFO  Test duration: 2.92 secs
13:47:27 INFO  Test final outcome:  FAILED
13:47:27 INFO  Test outcome reason: Grep on tedge_sub.out contains "The size of the message received on tedge/measurements is 20489 which is greater than the threshold size of 16184."
13:47:27 INFO  
</system-out>
	</testcase>
</testsuite><testsuite name="tedge_software_update" tests="1" errors="0" failures="0" skipped="0" time="0"><testcase classname="PySysTest" name="tedge_software_update" />
</testsuite><testsuite name="valid_device_id" tests="1" errors="0" failures="0" skipped="0" time="0"><testcase classname="ValidateValidDeviceId" name="valid_device_id" />
</testsuite></testsuites>