<?xml version='1.0' encoding='utf-8'?>
<testsuites tests="139" failures="18" errors="0" skipped="45" time="0.0"><testsuite name="SoftwareManagement.Plugin.apama_plugin_install" tests="3" errors="0" failures="0" skipped="1" time="0"><testcase classname="ApamaPluginInstallTest" name="SoftwareManagement.Plugin.apama_plugin_install">
		<skipped message="SKIPPED: Apama plugin tests are disabled by default. Execute `pysys run` with `-XmyPlatform=container` to run these tests" />
		<system-out>15:02:38 INFO  ==============================================================
15:02:38 INFO  Id:    SoftwareManagement.Plugin.apama_plugin_install
15:02:38 INFO  Dir:   plugin_apama/
15:02:38 INFO  Title: Validate apama plugin install
15:02:38 INFO  ==============================================================
15:02:38 INFO  Apama plugin tests are disabled by default. Execute `pysys run` with `-XmyPlatform=container` to run these tests ... skipped
15:02:38 WARN  Aborted test due to SKIPPED outcome
15:02:38 INFO  
15:02:38 INFO  Test duration: 0.04 secs
15:02:38 INFO  Test final outcome:  SKIPPED
15:02:38 INFO  Test outcome reason: Apama plugin tests are disabled by default. Execute `pysys run` with `-XmyPlatform=container` to run these tests
15:02:38 INFO  
</system-out>
	</testcase>
<testcase classname="ApamaPluginInstallTest" name="SoftwareManagement.Plugin.apama_plugin_install" />
<testcase classname="ApamaPluginInstallTest" name="SoftwareManagement.Plugin.apama_plugin_install" />
</testsuite><testsuite name="SoftwareManagement.Plugin.apama_plugin_mon_support" tests="3" errors="0" failures="0" skipped="1" time="0"><testcase classname="ApamaPluginMonSupportTest" name="SoftwareManagement.Plugin.apama_plugin_mon_support">
		<skipped message="SKIPPED: Apama plugin tests are disabled by default. Execute `pysys run` with `-XmyPlatform=container` to run these tests" />
		<system-out>15:02:38 INFO  ==============================================================
15:02:38 INFO  Id:    SoftwareManagement.Plugin.apama_plugin_mon_support
15:02:38 INFO  Dir:   plugin_apama/
15:02:38 INFO  Title: Validate mon file support of apama plugin
15:02:38 INFO  ==============================================================
15:02:38 INFO  Apama plugin tests are disabled by default. Execute `pysys run` with `-XmyPlatform=container` to run these tests ... skipped
15:02:38 WARN  Aborted test due to SKIPPED outcome
15:02:38 INFO  
15:02:38 INFO  Test duration: 0.02 secs
15:02:38 INFO  Test final outcome:  SKIPPED
15:02:38 INFO  Test outcome reason: Apama plugin tests are disabled by default. Execute `pysys run` with `-XmyPlatform=container` to run these tests
15:02:38 INFO  
</system-out>
	</testcase>
<testcase classname="ApamaPluginMonSupportTest" name="SoftwareManagement.Plugin.apama_plugin_mon_support" />
<testcase classname="ApamaPluginMonSupportTest" name="SoftwareManagement.Plugin.apama_plugin_mon_support" />
</testsuite><testsuite name="SoftwareManagement.Plugin.apama_plugin_remove" tests="3" errors="0" failures="0" skipped="1" time="0"><testcase classname="ApamaPluginRemoveTest" name="SoftwareManagement.Plugin.apama_plugin_remove">
		<skipped message="SKIPPED: Apama plugin tests are disabled by default. Execute `pysys run` with `-XmyPlatform=container` to run these tests" />
		<system-out>15:02:38 INFO  ==============================================================
15:02:38 INFO  Id:    SoftwareManagement.Plugin.apama_plugin_remove
15:02:38 INFO  Dir:   plugin_apama/
15:02:38 INFO  Title: Validate apama plugin remove
15:02:38 INFO  ==============================================================
15:02:38 INFO  Apama plugin tests are disabled by default. Execute `pysys run` with `-XmyPlatform=container` to run these tests ... skipped
15:02:38 WARN  Aborted test due to SKIPPED outcome
15:02:38 INFO  
15:02:38 INFO  Test duration: 0.02 secs
15:02:38 INFO  Test final outcome:  SKIPPED
15:02:38 INFO  Test outcome reason: Apama plugin tests are disabled by default. Execute `pysys run` with `-XmyPlatform=container` to run these tests
15:02:38 INFO  
</system-out>
	</testcase>
<testcase classname="ApamaPluginRemoveTest" name="SoftwareManagement.Plugin.apama_plugin_remove" />
<testcase classname="ApamaPluginRemoveTest" name="SoftwareManagement.Plugin.apama_plugin_remove" />
</testsuite><testsuite name="SoftwareManagement.Plugin.apama_plugin_update" tests="3" errors="0" failures="2" skipped="1" time="0"><testcase classname="ApamaPluginUpdateTest" name="SoftwareManagement.Plugin.apama_plugin_update">
		<skipped message="SKIPPED: Apama plugin tests are disabled by default. Execute `pysys run` with `-XmyPlatform=container` to run these tests" />
		<system-out>15:02:38 INFO  ==============================================================
15:02:38 INFO  Id:    SoftwareManagement.Plugin.apama_plugin_update
15:02:38 INFO  Dir:   plugin_apama/
15:02:38 INFO  Title: Validate apama plugin updating one project with another
15:02:38 INFO  ==============================================================
15:02:38 INFO  Apama plugin tests are disabled by default. Execute `pysys run` with `-XmyPlatform=container` to run these tests ... skipped
15:02:38 WARN  Aborted test due to SKIPPED outcome
15:02:38 INFO  
15:02:38 INFO  Test duration: 0.02 secs
15:02:38 INFO  Test final outcome:  SKIPPED
15:02:38 INFO  Test outcome reason: Apama plugin tests are disabled by default. Execute `pysys run` with `-XmyPlatform=container` to run these tests
15:02:38 INFO  
</system-out>
	</testcase>
<testcase classname="ApamaPluginUpdateTest" name="SoftwareManagement.Plugin.apama_plugin_update">
		<failure message="BLOCKED: sudo&lt;plugin_install&gt; returned non-zero exit code 2" type="BLOCKED" />
		<system-out>15:53:23 INFO  ==============================================================
15:53:23 INFO  Id:    SoftwareManagement.Plugin.apama_plugin_update
15:53:23 INFO  Dir:   plugin_apama/
15:53:23 INFO  Title: Validate apama plugin updating one project with another
15:53:23 INFO  ==============================================================
15:53:23 INFO  Assertion that path exists=False for "/etc/tedge/apama/project" ... passed
15:53:24 INFO  Executed sudo&lt;create_project_dir&gt;, exit status 0
15:53:24 INFO  Executed sudo&lt;unzip_apama_project&gt;, exit status 0
15:53:25 INFO  Executed sudo&lt;move_apama_project&gt;, exit status 0
15:53:26 INFO  Executed sudo&lt;restart_apama_service&gt;, exit status 0
15:53:26 INFO  Executed sudo&lt;apama_correlator_wait&gt;, exit status 0
15:53:26 INFO  Assertion that path exists=True for "/etc/tedge/apama/project" ... passed
15:53:27 INFO  Executed sudo&lt;apama_list_monitors&gt;, exit status 0
15:53:27 INFO  Grep on file /home/pi/actions-runner/_work/thin-edge.io/thin-edge.io/tests/PySys/plugin_apama/apama_plugin_update/Output/linux/apama_list_monitors.out ... passed
15:53:28 WARN  Executed sudo&lt;plugin_install&gt;, exit status 2
15:53:28 INFO  Contents of plugin_install.err: 
  ERROR: Directory not empty (os error 39)
  -----

15:53:28 WARN  sudo&lt;plugin_install&gt; returned non-zero exit code 2 ... blocked [run.py:35]
15:53:28 WARN  Aborted test due to BLOCKED outcome
15:53:28 INFO  
15:53:28 INFO  cleanup:
15:53:28 INFO  Removing apama project
15:53:43 INFO  Executed sudo&lt;stop_apama_service&gt;, exit status 0, duration 15 secs
15:53:44 INFO  Executed sudo&lt;remove_apama_project&gt;, exit status 0
15:53:44 INFO  Executed sudo&lt;remove_apama_tmp_dir&gt;, exit status 0
15:53:44 INFO  
15:53:44 INFO  Test duration: 21.07 secs
15:53:44 INFO  Test final outcome:  BLOCKED
15:53:44 INFO  Test outcome reason: sudo&lt;plugin_install&gt; returned non-zero exit code 2
15:53:44 INFO  
</system-out>
	</testcase>
<testcase classname="ApamaPluginUpdateTest" name="SoftwareManagement.Plugin.apama_plugin_update">
		<failure message="BLOCKED: sudo&lt;plugin_install&gt; returned non-zero exit code 2" type="BLOCKED" />
		<system-out>16:01:54 INFO  ==============================================================
16:01:54 INFO  Id:    SoftwareManagement.Plugin.apama_plugin_update
16:01:54 INFO  Dir:   plugin_apama/
16:01:54 INFO  Title: Validate apama plugin updating one project with another
16:01:54 INFO  ==============================================================
16:01:54 INFO  Assertion that path exists=False for "/etc/tedge/apama/project" ... passed
16:01:55 INFO  Executed sudo&lt;create_project_dir&gt;, exit status 0
16:01:55 INFO  Executed sudo&lt;unzip_apama_project&gt;, exit status 0
16:01:56 INFO  Executed sudo&lt;move_apama_project&gt;, exit status 0
16:01:57 INFO  Executed sudo&lt;restart_apama_service&gt;, exit status 0
16:01:58 INFO  Executed sudo&lt;apama_correlator_wait&gt;, exit status 0
16:01:58 INFO  Assertion that path exists=True for "/etc/tedge/apama/project" ... passed
16:01:58 INFO  Executed sudo&lt;apama_list_monitors&gt;, exit status 0
16:01:58 INFO  Grep on file /home/pi/actions-runner/_work/thin-edge.io/thin-edge.io/tests/PySys/plugin_apama/apama_plugin_update/Output/linux/apama_list_monitors.out ... passed
16:01:59 WARN  Executed sudo&lt;plugin_install&gt;, exit status 2
16:01:59 INFO  Contents of plugin_install.err: 
  ERROR: Directory not empty (os error 39)
  -----

16:01:59 WARN  sudo&lt;plugin_install&gt; returned non-zero exit code 2 ... blocked [run.py:35]
16:01:59 WARN  Aborted test due to BLOCKED outcome
16:01:59 INFO  
16:01:59 INFO  cleanup:
16:01:59 INFO  Removing apama project
16:02:15 INFO  Executed sudo&lt;stop_apama_service&gt;, exit status 0, duration 15 secs
16:02:15 INFO  Executed sudo&lt;remove_apama_project&gt;, exit status 0
16:02:16 INFO  Executed sudo&lt;remove_apama_tmp_dir&gt;, exit status 0
16:02:16 INFO  
16:02:16 INFO  Test duration: 21.25 secs
16:02:16 INFO  Test final outcome:  BLOCKED
16:02:16 INFO  Test outcome reason: sudo&lt;plugin_install&gt; returned non-zero exit code 2
16:02:16 INFO  
</system-out>
	</testcase>
</testsuite><testsuite name="SoftwareManagement.sm_apt_install_download_path" tests="3" errors="0" failures="2" skipped="1" time="0"><testcase classname="AptInstallWithDownloadPath" name="SoftwareManagement.sm_apt_install_download_path">
		<skipped message="SKIPPED: Testing the apt plugin is not supported on this platform.Use parameter -XmyPlatform='container' to enable it" />
		<system-out>15:12:14 INFO  ==============================================================
15:12:14 INFO  Id:    SoftwareManagement.sm_apt_install_download_path
15:12:14 INFO  Dir:   software_management_end_to_end/
15:12:14 INFO  Title: Install package to directory specified in tedge config set tmp.path
15:12:14 INFO  ==============================================================
15:12:14 INFO  Testing the apt plugin is not supported on this platform.Use parameter -XmyPlatform='container' to enable it ... skipped
15:12:14 WARN  Aborted test due to SKIPPED outcome
15:12:14 INFO  
15:12:14 INFO  Test duration: 0.07 secs
15:12:14 INFO  Test final outcome:  SKIPPED
15:12:14 INFO  Test outcome reason: Testing the apt plugin is not supported on this platform.Use parameter -XmyPlatform='container' to enable it
15:12:14 INFO  
</system-out>
	</testcase>
<testcase classname="AptInstallWithDownloadPath" name="SoftwareManagement.sm_apt_install_download_path">
		<failure message="BLOCKED: AssertionError:" type="BLOCKED" />
		<system-out>15:35:25 INFO  ==============================================================
15:35:25 INFO  Id:    SoftwareManagement.sm_apt_install_download_path
15:35:25 INFO  Dir:   software_management_end_to_end/
15:35:25 INFO  Title: Install package to directory specified in tedge config set tmp.path
15:35:25 INFO  ==============================================================
15:35:25 INFO  Using sw id database: {'asciijump': '5475369', 'robotfindskitten': '5474869', 'squirrel3': '5475279', 'rolldice': '5152439', 'moon-buggy': '5439204', 'apple': '5495053', 'banana': '5494888', 'cherry': '5495382', 'watermelon': '5494510', 'registry': '8018911', 'hello-world': '8021526', 'docker/getting-started': '8021973', 'alpine': '7991792'}
15:35:25 INFO  EnvironmentC8y Setup
15:35:26 INFO  Executed systemctl&lt;serv_mapper1&gt;, exit status 3
15:35:40 INFO  Executed sudo&lt;tedge_connect_c8y&gt;, exit status 0, duration 14 secs
15:35:42 INFO  Executed sudo&lt;tedge_connect_c8y_test&gt;, exit status 0
15:35:43 INFO  Executed systemctl&lt;serv_mosq2&gt;, exit status 0
15:35:44 INFO  Executed systemctl&lt;serv_mapper3&gt;, exit status 0
15:35:46 INFO  State of current operation: SUCCESSFUL
15:35:46 INFO  Assert that (False == value) with value=False ... passed
15:35:47 INFO  Executed sudo, exit status 0
15:35:47 INFO  Executed sudo, exit status 0
15:35:48 INFO  Executed sudo, exit status 0
15:35:52 INFO  Executed sudo&lt;tedge_disconnect_c8y&gt;, exit status 0
15:35:52 INFO  Restarting mosquitto too frequently in the last 10 seconds. It was only up for 3 seconds
15:35:52 INFO  Delaying execution by 8 seconds
15:36:14 INFO  Executed sudo&lt;tedge_connect_c8y&gt;, exit status 0, duration 13 secs
15:36:14 INFO  Response status: 201
15:36:14 INFO  Response to action: {
    "creationTime": "2022-07-25T15:36:14.697Z",
    "deviceId": "21391559",
    "deviceName": "m32sd10d",
    "self": "https://t493319102.eu-latest.cumulocity.com/devicecontrol/operations/21409069",
    "id": "21409069",
    "status": "PENDING",
    "description": "Apply software changes, triggered from PySys: [{'name': 'rolldice', 'id': '5152439', 'version': '::apt', 'url': 'https://thin-edge-io.eu-latest.cumulocity.com/inventory/binaries/12435463', 'action': 'install'}]",
    "c8y_SoftwareUpdate": [
        {
            "name": "rolldice",
            "action": "install",
            "id": "5152439",
            "version": "::apt",
            "url": "https://thin-edge-io.eu-latest.cumulocity.com/inventory/binaries/12435463"
        }
    ]
}
15:36:14 INFO  Started operation: {'creationTime': '2022-07-25T15:36:14.697Z', 'deviceId': '21391559', 'deviceName': 'm32sd10d', 'self': 'https://t493319102.eu-latest.cumulocity.com/devicecontrol/operations/21409069', 'id': '21409069', 'status': 'PENDING', 'description': "Apply software changes, triggered from PySys: [{'name': 'rolldice', 'id': '5152439', 'version': '::apt', 'url': 'https://thin-edge-io.eu-latest.cumulocity.com/inventory/binaries/12435463', 'action': 'install'}]", 'c8y_SoftwareUpdate': [{'name': 'rolldice', 'action': 'install', 'id': '5152439', 'version': '::apt', 'url': 'https://thin-edge-io.eu-latest.cumulocity.com/inventory/binaries/12435463'}]}
15:36:14 WARN  , retrying in 0.5 seconds...
15:36:15 WARN  , retrying in 0.5 seconds...
15:36:15 WARN  , retrying in 0.5 seconds...
15:36:16 WARN  , retrying in 0.5 seconds...
15:36:16 WARN  , retrying in 0.5 seconds...
15:36:17 WARN  , retrying in 0.5 seconds...
15:36:17 WARN  , retrying in 0.5 seconds...
15:36:18 WARN  , retrying in 0.5 seconds...
15:36:18 WARN  , retrying in 0.5 seconds...
15:36:19 WARN  AssertionError occurred while running test - 
Traceback (most recent call last):
  File "/home/pi/env-pysys/lib/python3.7/site-packages/pysys/baserunner.py", line 1294, in __call__
    self.testObj.execute()
  File "/home/pi/actions-runner/_work/thin-edge.io/thin-edge.io/tests/PySys/software_management_end_to_end/sm_apt_install_download_path/run.py", line 83, in execute
    assert_install_in_download_path(install_directory=self.DOWNLOAD_DIR)
  File "/home/pi/env-pysys/lib/python3.7/site-packages/decorator.py", line 232, in fun
    return caller(func, *(extras + args), **kw)
  File "/home/pi/env-pysys/lib/python3.7/site-packages/retry/api.py", line 74, in retry_decorator
    logger)
  File "/home/pi/env-pysys/lib/python3.7/site-packages/retry/api.py", line 33, in __retry_internal
    return f()
  File "/home/pi/actions-runner/_work/thin-edge.io/thin-edge.io/tests/PySys/software_management_end_to_end/sm_apt_install_download_path/run.py", line 28, in assert_install_in_download_path
    assert "rolldice" in os.listdir(f"{install_directory}")
AssertionError
15:36:19 WARN  AssertionError: ... blocked 
15:36:19 INFO  
15:36:19 INFO  cleanup:
15:36:20 INFO  Executed sudo, exit status 0
15:36:21 INFO  Executed sudo, exit status 0
15:36:25 INFO  Executed sudo&lt;tedge_disconnect_c8y&gt;, exit status 0
15:36:25 INFO  Restarting mosquitto too frequently in the last 10 seconds. It was only up for 4 seconds
15:36:25 INFO  Delaying execution by 7 seconds
15:36:46 INFO  Executed sudo&lt;tedge_connect_c8y&gt;, exit status 0, duration 14 secs
15:36:50 INFO  Executed sudo&lt;tedge_disconnect_c8y&gt;, exit status 0
15:36:51 INFO  Executed systemctl&lt;serv_mapper5&gt;, exit status 3
15:36:51 INFO  
15:36:51 INFO  Test duration: 85.86 secs
15:36:51 INFO  Test final outcome:  BLOCKED
15:36:51 INFO  Test outcome reason: AssertionError:
15:36:51 INFO  
</system-out>
	</testcase>
<testcase classname="AptInstallWithDownloadPath" name="SoftwareManagement.sm_apt_install_download_path">
		<failure message="BLOCKED: AssertionError:" type="BLOCKED" />
		<system-out>16:02:16 INFO  ==============================================================
16:02:16 INFO  Id:    SoftwareManagement.sm_apt_install_download_path
16:02:16 INFO  Dir:   software_management_end_to_end/
16:02:16 INFO  Title: Install package to directory specified in tedge config set tmp.path
16:02:16 INFO  ==============================================================
16:02:17 INFO  Using sw id database: {'asciijump': '5475369', 'robotfindskitten': '5474869', 'squirrel3': '5475279', 'rolldice': '5152439', 'moon-buggy': '5439204', 'apple': '5495053', 'banana': '5494888', 'cherry': '5495382', 'watermelon': '5494510', 'registry': '8018911', 'hello-world': '8021526', 'docker/getting-started': '8021973', 'alpine': '7991792'}
16:02:17 INFO  EnvironmentC8y Setup
16:02:17 INFO  Executed systemctl&lt;serv_mapper1&gt;, exit status 3
16:02:32 INFO  Executed sudo&lt;tedge_connect_c8y&gt;, exit status 0, duration 14 secs
16:02:32 INFO  Executed sudo&lt;tedge_connect_c8y_test&gt;, exit status 0
16:02:33 INFO  Executed systemctl&lt;serv_mosq2&gt;, exit status 0
16:02:33 INFO  Executed systemctl&lt;serv_mapper3&gt;, exit status 0
16:02:35 INFO  State of current operation: SUCCESSFUL
16:02:36 INFO  Assert that (False == value) with value=False ... passed
16:02:36 INFO  Executed sudo, exit status 0
16:02:37 INFO  Executed sudo, exit status 0
16:02:37 INFO  Executed sudo, exit status 0
16:02:41 INFO  Executed sudo&lt;tedge_disconnect_c8y&gt;, exit status 0
16:02:41 INFO  Restarting mosquitto too frequently in the last 10 seconds. It was only up for 3 seconds
16:02:41 INFO  Delaying execution by 8 seconds
16:03:03 INFO  Executed sudo&lt;tedge_connect_c8y&gt;, exit status 0, duration 13 secs
16:03:04 INFO  Response status: 201
16:03:04 INFO  Response to action: {
    "creationTime": "2022-07-25T16:03:04.024Z",
    "deviceId": "21391559",
    "deviceName": "m32sd10d",
    "self": "https://t493319102.eu-latest.cumulocity.com/devicecontrol/operations/21415221",
    "id": "21415221",
    "status": "PENDING",
    "description": "Apply software changes, triggered from PySys: [{'name': 'rolldice', 'id': '5152439', 'version': '::apt', 'url': 'https://thin-edge-io.eu-latest.cumulocity.com/inventory/binaries/12435463', 'action': 'install'}]",
    "c8y_SoftwareUpdate": [
        {
            "name": "rolldice",
            "action": "install",
            "id": "5152439",
            "version": "::apt",
            "url": "https://thin-edge-io.eu-latest.cumulocity.com/inventory/binaries/12435463"
        }
    ]
}
16:03:04 INFO  Started operation: {'creationTime': '2022-07-25T16:03:04.024Z', 'deviceId': '21391559', 'deviceName': 'm32sd10d', 'self': 'https://t493319102.eu-latest.cumulocity.com/devicecontrol/operations/21415221', 'id': '21415221', 'status': 'PENDING', 'description': "Apply software changes, triggered from PySys: [{'name': 'rolldice', 'id': '5152439', 'version': '::apt', 'url': 'https://thin-edge-io.eu-latest.cumulocity.com/inventory/binaries/12435463', 'action': 'install'}]", 'c8y_SoftwareUpdate': [{'name': 'rolldice', 'action': 'install', 'id': '5152439', 'version': '::apt', 'url': 'https://thin-edge-io.eu-latest.cumulocity.com/inventory/binaries/12435463'}]}
16:03:04 WARN  , retrying in 0.5 seconds...
16:03:04 WARN  , retrying in 0.5 seconds...
16:03:05 WARN  , retrying in 0.5 seconds...
16:03:05 WARN  , retrying in 0.5 seconds...
16:03:06 WARN  , retrying in 0.5 seconds...
16:03:06 WARN  , retrying in 0.5 seconds...
16:03:07 WARN  , retrying in 0.5 seconds...
16:03:07 WARN  , retrying in 0.5 seconds...
16:03:08 WARN  , retrying in 0.5 seconds...
16:03:08 WARN  AssertionError occurred while running test - 
Traceback (most recent call last):
  File "/home/pi/env-pysys/lib/python3.7/site-packages/pysys/baserunner.py", line 1294, in __call__
    self.testObj.execute()
  File "/home/pi/actions-runner/_work/thin-edge.io/thin-edge.io/tests/PySys/software_management_end_to_end/sm_apt_install_download_path/run.py", line 83, in execute
    assert_install_in_download_path(install_directory=self.DOWNLOAD_DIR)
  File "/home/pi/env-pysys/lib/python3.7/site-packages/decorator.py", line 232, in fun
    return caller(func, *(extras + args), **kw)
  File "/home/pi/env-pysys/lib/python3.7/site-packages/retry/api.py", line 74, in retry_decorator
    logger)
  File "/home/pi/env-pysys/lib/python3.7/site-packages/retry/api.py", line 33, in __retry_internal
    return f()
  File "/home/pi/actions-runner/_work/thin-edge.io/thin-edge.io/tests/PySys/software_management_end_to_end/sm_apt_install_download_path/run.py", line 28, in assert_install_in_download_path
    assert "rolldice" in os.listdir(f"{install_directory}")
AssertionError
16:03:08 WARN  AssertionError: ... blocked 
16:03:08 INFO  
16:03:08 INFO  cleanup:
16:03:09 INFO  Executed sudo, exit status 0
16:03:09 INFO  Executed sudo, exit status 0
16:03:14 INFO  Executed sudo&lt;tedge_disconnect_c8y&gt;, exit status 0
16:03:14 INFO  Restarting mosquitto too frequently in the last 10 seconds. It was only up for 4 seconds
16:03:14 INFO  Delaying execution by 7 seconds
16:03:35 INFO  Executed sudo&lt;tedge_connect_c8y&gt;, exit status 0, duration 13 secs
16:03:39 INFO  Executed sudo&lt;tedge_disconnect_c8y&gt;, exit status 0
16:03:40 INFO  Executed systemctl&lt;serv_mapper5&gt;, exit status 3
16:03:40 INFO  
16:03:40 INFO  Test duration: 83.99 secs
16:03:40 INFO  Test final outcome:  BLOCKED
16:03:40 INFO  Test outcome reason: AssertionError:
16:03:40 INFO  
</system-out>
	</testcase>
</testsuite><testsuite name="SoftwareManagement.sm_apt_install_fail" tests="3" errors="0" failures="0" skipped="1" time="0"><testcase classname="PySysTest" name="SoftwareManagement.sm_apt_install_fail">
		<skipped message="SKIPPED: Testing the apt plugin is not supported on this platform.Use parameter -XmyPlatform='container' to enable it" />
		<system-out>15:12:14 INFO  ==============================================================
15:12:14 INFO  Id:    SoftwareManagement.sm_apt_install_fail
15:12:14 INFO  Dir:   software_management_end_to_end/
15:12:14 INFO  Title: Validate end to end behaviour for a failing installation
15:12:14 INFO  ==============================================================
15:12:14 INFO  Testing the apt plugin is not supported on this platform.Use parameter -XmyPlatform='container' to enable it ... skipped
15:12:14 WARN  Aborted test due to SKIPPED outcome
15:12:14 INFO  
15:12:14 INFO  Test duration: 0.02 secs
15:12:14 INFO  Test final outcome:  SKIPPED
15:12:14 INFO  Test outcome reason: Testing the apt plugin is not supported on this platform.Use parameter -XmyPlatform='container' to enable it
15:12:14 INFO  
</system-out>
	</testcase>
<testcase classname="PySysTest" name="SoftwareManagement.sm_apt_install_fail" />
<testcase classname="PySysTest" name="SoftwareManagement.sm_apt_install_fail" />
</testsuite><testsuite name="SoftwareManagement.sm_apt_install_remove" tests="3" errors="0" failures="0" skipped="1" time="0"><testcase classname="PySysTest" name="SoftwareManagement.sm_apt_install_remove">
		<skipped message="SKIPPED: Testing the apt plugin is not supported on this platform.Use parameter -XmyPlatform='container' to enable it" />
		<system-out>15:12:14 INFO  ==============================================================
15:12:14 INFO  Id:    SoftwareManagement.sm_apt_install_remove
15:12:14 INFO  Dir:   software_management_end_to_end/
15:12:14 INFO  Title: Validate end to end behaviour for the apt plugin for installation and removal of packages
15:12:14 INFO  ==============================================================
15:12:14 INFO  Testing the apt plugin is not supported on this platform.Use parameter -XmyPlatform='container' to enable it ... skipped
15:12:14 WARN  Aborted test due to SKIPPED outcome
15:12:14 INFO  
15:12:14 INFO  Test duration: 0.02 secs
15:12:14 INFO  Test final outcome:  SKIPPED
15:12:14 INFO  Test outcome reason: Testing the apt plugin is not supported on this platform.Use parameter -XmyPlatform='container' to enable it
15:12:14 INFO  
</system-out>
	</testcase>
<testcase classname="PySysTest" name="SoftwareManagement.sm_apt_install_remove" />
<testcase classname="PySysTest" name="SoftwareManagement.sm_apt_install_remove" />
</testsuite><testsuite name="SoftwareManagement.sm_apt_install_remove_default" tests="3" errors="0" failures="0" skipped="1" time="0"><testcase classname="PySysTest" name="SoftwareManagement.sm_apt_install_remove_default">
		<skipped message="SKIPPED: Testing the apt plugin is not supported on this platform.Use parameter -XmyPlatform='container' to enable it" />
		<system-out>15:12:14 INFO  ==============================================================
15:12:14 INFO  Id:    SoftwareManagement.sm_apt_install_remove_default
15:12:14 INFO  Dir:   software_management_end_to_end/
15:12:14 INFO  Title: Validate end to end behaviour for the default plugin for installation and removal of packages
15:12:14 INFO  ==============================================================
15:12:14 INFO  Testing the apt plugin is not supported on this platform.Use parameter -XmyPlatform='container' to enable it ... skipped
15:12:14 WARN  Aborted test due to SKIPPED outcome
15:12:14 INFO  
15:12:14 INFO  Test duration: 0.02 secs
15:12:14 INFO  Test final outcome:  SKIPPED
15:12:14 INFO  Test outcome reason: Testing the apt plugin is not supported on this platform.Use parameter -XmyPlatform='container' to enable it
15:12:14 INFO  
</system-out>
	</testcase>
<testcase classname="PySysTest" name="SoftwareManagement.sm_apt_install_remove_default" />
<testcase classname="PySysTest" name="SoftwareManagement.sm_apt_install_remove_default" />
</testsuite><testsuite name="SoftwareManagement.sm_apt_install_remove_multiple" tests="3" errors="0" failures="2" skipped="1" time="0"><testcase classname="PySysTest" name="SoftwareManagement.sm_apt_install_remove_multiple">
		<skipped message="SKIPPED: Testing the apt plugin is not supported on this platform.Use parameter -XmyPlatform='container' to enable it" />
		<system-out>15:12:14 INFO  ==============================================================
15:12:14 INFO  Id:    SoftwareManagement.sm_apt_install_remove_multiple
15:12:14 INFO  Dir:   software_management_end_to_end/
15:12:14 INFO  Title: Validate end to end behaviour for the apt plugin for multiple packages
15:12:14 INFO  ==============================================================
15:12:14 INFO  Testing the apt plugin is not supported on this platform.Use parameter -XmyPlatform='container' to enable it ... skipped
15:12:14 WARN  Aborted test due to SKIPPED outcome
15:12:14 INFO  
15:12:14 INFO  Test duration: 0.02 secs
15:12:14 INFO  Test final outcome:  SKIPPED
15:12:14 INFO  Test outcome reason: Testing the apt plugin is not supported on this platform.Use parameter -XmyPlatform='container' to enable it
15:12:14 INFO  
</system-out>
	</testcase>
<testcase classname="PySysTest" name="SoftwareManagement.sm_apt_install_remove_multiple">
		<failure message="FAILED: Assert that (False == value) with value=True" type="FAILED" />
		<system-out>15:43:38 INFO  ==============================================================
15:43:38 INFO  Id:    SoftwareManagement.sm_apt_install_remove_multiple
15:43:38 INFO  Dir:   software_management_end_to_end/
15:43:38 INFO  Title: Validate end to end behaviour for the apt plugin for multiple packages
15:43:38 INFO  ==============================================================
15:43:38 INFO  Using sw id database: {'asciijump': '5475369', 'robotfindskitten': '5474869', 'squirrel3': '5475279', 'rolldice': '5152439', 'moon-buggy': '5439204', 'apple': '5495053', 'banana': '5494888', 'cherry': '5495382', 'watermelon': '5494510', 'registry': '8018911', 'hello-world': '8021526', 'docker/getting-started': '8021973', 'alpine': '7991792'}
15:43:38 INFO  EnvironmentC8y Setup
15:43:39 INFO  Executed systemctl&lt;serv_mapper1&gt;, exit status 3
15:43:39 INFO  Restarting mosquitto too frequently in the last 10 seconds. It was only up for 5 seconds
15:43:39 INFO  Delaying execution by 6 seconds
15:43:59 INFO  Executed sudo&lt;tedge_connect_c8y&gt;, exit status 0, duration 14 secs
15:44:00 INFO  Executed sudo&lt;tedge_connect_c8y_test&gt;, exit status 0
15:44:00 INFO  Executed systemctl&lt;serv_mosq2&gt;, exit status 0
15:44:01 INFO  Executed systemctl&lt;serv_mapper3&gt;, exit status 0
15:44:03 INFO  State of current operation: SUCCESSFUL
15:44:03 INFO  Assert that (False == value) with value=False ... passed
15:44:03 INFO  Assert that (False == value) with value=False ... passed
15:44:03 INFO  Assert that (False == value) with value=False ... passed
15:44:04 INFO  Package robotfindskitten is installed
15:44:04 WARN  Assert that (False == value) with value=True ... failed 
15:44:04 INFO  Response status: 201
15:44:04 INFO  Response to action: {
    "creationTime": "2022-07-25T15:44:04.411Z",
    "deviceId": "21391559",
    "deviceName": "m32sd10d",
    "self": "https://t493319102.eu-latest.cumulocity.com/devicecontrol/operations/21415132",
    "id": "21415132",
    "status": "PENDING",
    "description": "Apply software changes, triggered from PySys: [{'action': 'install', 'id': '5475369', 'name': 'asciijump', 'url': ' ', 'version': '::apt'}, {'action': 'install', 'id': '5474869', 'name': 'robotfindskitten', 'url': ' ', 'version': '::apt'}, {'action': 'install', 'id': '5475279', 'name': 'squirrel3', 'url': ' ', 'version': '::apt'}]",
    "c8y_SoftwareUpdate": [
        {
            "name": "asciijump",
            "action": "install",
            "id": "5475369",
            "version": "::apt",
            "url": " "
        },
        {
            "name": "robotfindskitten",
            "action": "install",
            "id": "5474869",
            "version": "::apt",
            "url": " "
        },
        {
            "name": "squirrel3",
            "action": "install",
            "id": "5475279",
            "version": "::apt",
            "url": " "
        }
    ]
}
15:44:04 INFO  Started operation: {'creationTime': '2022-07-25T15:44:04.411Z', 'deviceId': '21391559', 'deviceName': 'm32sd10d', 'self': 'https://t493319102.eu-latest.cumulocity.com/devicecontrol/operations/21415132', 'id': '21415132', 'status': 'PENDING', 'description': "Apply software changes, triggered from PySys: [{'action': 'install', 'id': '5475369', 'name': 'asciijump', 'url': ' ', 'version': '::apt'}, {'action': 'install', 'id': '5474869', 'name': 'robotfindskitten', 'url': ' ', 'version': '::apt'}, {'action': 'install', 'id': '5475279', 'name': 'squirrel3', 'url': ' ', 'version': '::apt'}]", 'c8y_SoftwareUpdate': [{'name': 'asciijump', 'action': 'install', 'id': '5475369', 'version': '::apt', 'url': ' '}, {'name': 'robotfindskitten', 'action': 'install', 'id': '5474869', 'version': '::apt', 'url': ' '}, {'name': 'squirrel3', 'action': 'install', 'id': '5475279', 'version': '::apt', 'url': ' '}]}
15:44:06 INFO  State of operation 21415132 : PENDING
15:44:08 INFO  State of operation 21415132 : EXECUTING
15:44:11 INFO  State of operation 21415132 : EXECUTING
15:44:13 INFO  State of operation 21415132 : EXECUTING
15:44:15 INFO  State of operation 21415132 : EXECUTING
15:44:17 INFO  State of operation 21415132 : EXECUTING
15:44:20 INFO  State of operation 21415132 : EXECUTING
15:44:23 INFO  State of operation 21415132 : EXECUTING
15:44:25 INFO  State of operation 21415132 : EXECUTING
15:44:27 INFO  State of operation 21415132 : EXECUTING
15:44:30 INFO  State of operation 21415132 : EXECUTING
15:44:32 INFO  State of operation 21415132 : EXECUTING
15:44:34 INFO  State of operation 21415132 : EXECUTING
15:44:36 INFO  State of operation 21415132 : EXECUTING
15:44:39 INFO  State of operation 21415132 : EXECUTING
15:44:41 INFO  State of operation 21415132 : EXECUTING
15:44:43 INFO  State of operation 21415132 : EXECUTING
15:44:46 INFO  State of operation 21415132 : EXECUTING
15:44:48 INFO  State of operation 21415132 : EXECUTING
15:44:51 INFO  State of operation 21415132 : EXECUTING
15:44:53 INFO  State of operation 21415132 : EXECUTING
15:44:56 INFO  State of operation 21415132 : EXECUTING
15:44:58 INFO  State of operation 21415132 : EXECUTING
15:45:01 INFO  State of operation 21415132 : EXECUTING
15:45:03 INFO  State of operation 21415132 : EXECUTING
15:45:06 INFO  State of operation 21415132 : EXECUTING
15:45:08 INFO  State of operation 21415132 : EXECUTING
15:45:11 INFO  State of operation 21415132 : EXECUTING
15:45:13 INFO  State of operation 21415132 : EXECUTING
15:45:15 INFO  State of operation 21415132 : EXECUTING
15:45:18 INFO  State of operation 21415132 : EXECUTING
15:45:20 INFO  State of operation 21415132 : EXECUTING
15:45:22 INFO  State of operation 21415132 : EXECUTING
15:45:24 INFO  State of operation 21415132 : SUCCESSFUL
15:45:25 INFO  Assert that (False == value) with value=False ... passed
15:45:25 INFO  Package asciijump is installed
15:45:25 INFO  Assert that (True == value) with value=True ... passed
15:45:25 INFO  Package squirrel3 is installed
15:45:25 INFO  Assert that (True == value) with value=True ... passed
15:45:25 INFO  Package robotfindskitten is installed
15:45:25 INFO  Assert that (True == value) with value=True ... passed
15:45:26 INFO  Response status: 201
15:45:26 INFO  Response to action: {
    "creationTime": "2022-07-25T15:45:26.087Z",
    "deviceId": "21391559",
    "deviceName": "m32sd10d",
    "self": "https://t493319102.eu-latest.cumulocity.com/devicecontrol/operations/21415145",
    "id": "21415145",
    "status": "PENDING",
    "description": "Apply software changes, triggered from PySys: [{'action': 'delete', 'id': '5475369', 'name': 'asciijump', 'url': ' ', 'version': '::apt'}, {'action': 'delete', 'id': '5474869', 'name': 'robotfindskitten', 'url': ' ', 'version': '::apt'}, {'action': 'delete', 'id': '5475279', 'name': 'squirrel3', 'url': ' ', 'version': '::apt'}]",
    "c8y_SoftwareUpdate": [
        {
            "name": "asciijump",
            "action": "delete",
            "id": "5475369",
            "version": "::apt",
            "url": " "
        },
        {
            "name": "robotfindskitten",
            "action": "delete",
            "id": "5474869",
            "version": "::apt",
            "url": " "
        },
        {
            "name": "squirrel3",
            "action": "delete",
            "id": "5475279",
            "version": "::apt",
            "url": " "
        }
    ]
}
15:45:26 INFO  Started operation: {'creationTime': '2022-07-25T15:45:26.087Z', 'deviceId': '21391559', 'deviceName': 'm32sd10d', 'self': 'https://t493319102.eu-latest.cumulocity.com/devicecontrol/operations/21415145', 'id': '21415145', 'status': 'PENDING', 'description': "Apply software changes, triggered from PySys: [{'action': 'delete', 'id': '5475369', 'name': 'asciijump', 'url': ' ', 'version': '::apt'}, {'action': 'delete', 'id': '5474869', 'name': 'robotfindskitten', 'url': ' ', 'version': '::apt'}, {'action': 'delete', 'id': '5475279', 'name': 'squirrel3', 'url': ' ', 'version': '::apt'}]", 'c8y_SoftwareUpdate': [{'name': 'asciijump', 'action': 'delete', 'id': '5475369', 'version': '::apt', 'url': ' '}, {'name': 'robotfindskitten', 'action': 'delete', 'id': '5474869', 'version': '::apt', 'url': ' '}, {'name': 'squirrel3', 'action': 'delete', 'id': '5475279', 'version': '::apt', 'url': ' '}]}
15:45:28 INFO  State of operation 21415145 : PENDING
15:45:30 INFO  State of operation 21415145 : EXECUTING
15:45:32 INFO  State of operation 21415145 : EXECUTING
15:45:35 INFO  State of operation 21415145 : EXECUTING
15:45:37 INFO  State of operation 21415145 : EXECUTING
15:45:39 INFO  State of operation 21415145 : EXECUTING
15:45:42 INFO  State of operation 21415145 : EXECUTING
15:45:45 INFO  State of operation 21415145 : EXECUTING
15:45:47 INFO  State of operation 21415145 : EXECUTING
15:45:49 INFO  State of operation 21415145 : EXECUTING
15:45:51 INFO  State of operation 21415145 : EXECUTING
15:45:54 INFO  State of operation 21415145 : EXECUTING
15:45:56 INFO  State of operation 21415145 : EXECUTING
15:45:58 INFO  State of operation 21415145 : EXECUTING
15:46:00 INFO  State of operation 21415145 : EXECUTING
15:46:03 INFO  State of operation 21415145 : EXECUTING
15:46:05 INFO  State of operation 21415145 : EXECUTING
15:46:08 INFO  State of operation 21415145 : EXECUTING
15:46:11 INFO  State of operation 21415145 : EXECUTING
15:46:13 INFO  State of operation 21415145 : EXECUTING
15:46:15 INFO  State of operation 21415145 : EXECUTING
15:46:17 INFO  State of operation 21415145 : EXECUTING
15:46:20 INFO  State of operation 21415145 : EXECUTING
15:46:22 INFO  State of operation 21415145 : EXECUTING
15:46:25 INFO  State of operation 21415145 : EXECUTING
15:46:27 INFO  State of operation 21415145 : EXECUTING
15:46:29 INFO  State of operation 21415145 : EXECUTING
15:46:31 INFO  State of operation 21415145 : SUCCESSFUL
15:46:32 INFO  Assert that (False == value) with value=False ... passed
15:46:32 INFO  Assert that (False == value) with value=False ... passed
15:46:32 INFO  Assert that (False == value) with value=False ... passed
15:46:32 INFO  Assert that (False == value) with value=False ... passed
15:46:32 INFO  
15:46:32 INFO  cleanup:
15:46:36 INFO  Executed sudo&lt;tedge_disconnect_c8y&gt;, exit status 0
15:46:37 INFO  Executed systemctl&lt;serv_mapper5&gt;, exit status 3
15:46:37 INFO  
15:46:37 INFO  Test duration: 178.79 secs
15:46:37 INFO  Test final outcome:  FAILED
15:46:37 INFO  Test outcome reason: Assert that (False == value) with value=True
15:46:37 INFO  
</system-out>
	</testcase>
<testcase classname="PySysTest" name="SoftwareManagement.sm_apt_install_remove_multiple">
		<failure message="FAILED: Assert that (False == value) with value=True (+2 other failures)" type="FAILED" />
		<system-out>16:10:11 INFO  ==============================================================
16:10:11 INFO  Id:    SoftwareManagement.sm_apt_install_remove_multiple
16:10:11 INFO  Dir:   software_management_end_to_end/
16:10:11 INFO  Title: Validate end to end behaviour for the apt plugin for multiple packages
16:10:11 INFO  ==============================================================
16:10:11 INFO  Using sw id database: {'asciijump': '5475369', 'robotfindskitten': '5474869', 'squirrel3': '5475279', 'rolldice': '5152439', 'moon-buggy': '5439204', 'apple': '5495053', 'banana': '5494888', 'cherry': '5495382', 'watermelon': '5494510', 'registry': '8018911', 'hello-world': '8021526', 'docker/getting-started': '8021973', 'alpine': '7991792'}
16:10:11 INFO  EnvironmentC8y Setup
16:10:12 INFO  Executed systemctl&lt;serv_mapper1&gt;, exit status 3
16:10:12 INFO  Restarting mosquitto too frequently in the last 10 seconds. It was only up for 5 seconds
16:10:12 INFO  Delaying execution by 6 seconds
16:10:32 INFO  Executed sudo&lt;tedge_connect_c8y&gt;, exit status 0, duration 13 secs
16:10:32 INFO  Executed sudo&lt;tedge_connect_c8y_test&gt;, exit status 0
16:10:33 INFO  Executed systemctl&lt;serv_mosq2&gt;, exit status 0
16:10:33 INFO  Executed systemctl&lt;serv_mapper3&gt;, exit status 0
16:10:36 INFO  State of current operation: SUCCESSFUL
16:10:36 INFO  Assert that (False == value) with value=False ... passed
16:10:36 INFO  Package asciijump is installed
16:10:36 WARN  Assert that (False == value) with value=True ... failed 
16:10:37 INFO  Package squirrel3 is installed
16:10:37 WARN  Assert that (False == value) with value=True ... failed 
16:10:37 INFO  Package robotfindskitten is installed
16:10:37 WARN  Assert that (False == value) with value=True ... failed 
16:10:37 INFO  Response status: 201
16:10:37 INFO  Response to action: {
    "delivery": {
        "log": [],
        "time": "2022-07-25T16:10:37.671Z",
        "status": "PENDING"
    },
    "creationTime": "2022-07-25T16:10:37.655Z",
    "deviceId": "21391559",
    "deviceName": "m32sd10d",
    "self": "https://t493319102.eu-latest.cumulocity.com/devicecontrol/operations/21415299",
    "id": "21415299",
    "status": "PENDING",
    "description": "Apply software changes, triggered from PySys: [{'action': 'install', 'id': '5475369', 'name': 'asciijump', 'url': ' ', 'version': '::apt'}, {'action': 'install', 'id': '5474869', 'name': 'robotfindskitten', 'url': ' ', 'version': '::apt'}, {'action': 'install', 'id': '5475279', 'name': 'squirrel3', 'url': ' ', 'version': '::apt'}]",
    "c8y_SoftwareUpdate": [
        {
            "name": "asciijump",
            "action": "install",
            "id": "5475369",
            "version": "::apt",
            "url": " "
        },
        {
            "name": "robotfindskitten",
            "action": "install",
            "id": "5474869",
            "version": "::apt",
            "url": " "
        },
        {
            "name": "squirrel3",
            "action": "install",
            "id": "5475279",
            "version": "::apt",
            "url": " "
        }
    ]
}
16:10:37 INFO  Started operation: {'delivery': {'log': [], 'time': '2022-07-25T16:10:37.671Z', 'status': 'PENDING'}, 'creationTime': '2022-07-25T16:10:37.655Z', 'deviceId': '21391559', 'deviceName': 'm32sd10d', 'self': 'https://t493319102.eu-latest.cumulocity.com/devicecontrol/operations/21415299', 'id': '21415299', 'status': 'PENDING', 'description': "Apply software changes, triggered from PySys: [{'action': 'install', 'id': '5475369', 'name': 'asciijump', 'url': ' ', 'version': '::apt'}, {'action': 'install', 'id': '5474869', 'name': 'robotfindskitten', 'url': ' ', 'version': '::apt'}, {'action': 'install', 'id': '5475279', 'name': 'squirrel3', 'url': ' ', 'version': '::apt'}]", 'c8y_SoftwareUpdate': [{'name': 'asciijump', 'action': 'install', 'id': '5475369', 'version': '::apt', 'url': ' '}, {'name': 'robotfindskitten', 'action': 'install', 'id': '5474869', 'version': '::apt', 'url': ' '}, {'name': 'squirrel3', 'action': 'install', 'id': '5475279', 'version': '::apt', 'url': ' '}]}
16:10:39 INFO  State of operation 21415299 : PENDING
16:10:42 INFO  State of operation 21415299 : EXECUTING
16:10:44 INFO  State of operation 21415299 : EXECUTING
16:10:46 INFO  State of operation 21415299 : EXECUTING
16:10:48 INFO  State of operation 21415299 : EXECUTING
16:10:51 INFO  State of operation 21415299 : EXECUTING
16:10:53 INFO  State of operation 21415299 : EXECUTING
16:10:56 INFO  State of operation 21415299 : EXECUTING
16:10:58 INFO  State of operation 21415299 : EXECUTING
16:11:01 INFO  State of operation 21415299 : EXECUTING
16:11:03 INFO  State of operation 21415299 : EXECUTING
16:11:05 INFO  State of operation 21415299 : EXECUTING
16:11:08 INFO  State of operation 21415299 : EXECUTING
16:11:10 INFO  State of operation 21415299 : EXECUTING
16:11:12 INFO  State of operation 21415299 : EXECUTING
16:11:14 INFO  State of operation 21415299 : SUCCESSFUL
16:11:15 INFO  Assert that (False == value) with value=False ... passed
16:11:15 INFO  Package asciijump is installed
16:11:15 INFO  Assert that (True == value) with value=True ... passed
16:11:15 INFO  Package squirrel3 is installed
16:11:15 INFO  Assert that (True == value) with value=True ... passed
16:11:15 INFO  Package robotfindskitten is installed
16:11:15 INFO  Assert that (True == value) with value=True ... passed
16:11:16 INFO  Response status: 201
16:11:16 INFO  Response to action: {
    "delivery": {
        "log": [],
        "time": "2022-07-25T16:11:16.068Z",
        "status": "PENDING"
    },
    "creationTime": "2022-07-25T16:11:16.050Z",
    "deviceId": "21391559",
    "deviceName": "m32sd10d",
    "self": "https://t493319102.eu-latest.cumulocity.com/devicecontrol/operations/21415309",
    "id": "21415309",
    "status": "PENDING",
    "description": "Apply software changes, triggered from PySys: [{'action': 'delete', 'id': '5475369', 'name': 'asciijump', 'url': ' ', 'version': '::apt'}, {'action': 'delete', 'id': '5474869', 'name': 'robotfindskitten', 'url': ' ', 'version': '::apt'}, {'action': 'delete', 'id': '5475279', 'name': 'squirrel3', 'url': ' ', 'version': '::apt'}]",
    "c8y_SoftwareUpdate": [
        {
            "name": "asciijump",
            "action": "delete",
            "id": "5475369",
            "version": "::apt",
            "url": " "
        },
        {
            "name": "robotfindskitten",
            "action": "delete",
            "id": "5474869",
            "version": "::apt",
            "url": " "
        },
        {
            "name": "squirrel3",
            "action": "delete",
            "id": "5475279",
            "version": "::apt",
            "url": " "
        }
    ]
}
16:11:16 INFO  Started operation: {'delivery': {'log': [], 'time': '2022-07-25T16:11:16.068Z', 'status': 'PENDING'}, 'creationTime': '2022-07-25T16:11:16.050Z', 'deviceId': '21391559', 'deviceName': 'm32sd10d', 'self': 'https://t493319102.eu-latest.cumulocity.com/devicecontrol/operations/21415309', 'id': '21415309', 'status': 'PENDING', 'description': "Apply software changes, triggered from PySys: [{'action': 'delete', 'id': '5475369', 'name': 'asciijump', 'url': ' ', 'version': '::apt'}, {'action': 'delete', 'id': '5474869', 'name': 'robotfindskitten', 'url': ' ', 'version': '::apt'}, {'action': 'delete', 'id': '5475279', 'name': 'squirrel3', 'url': ' ', 'version': '::apt'}]", 'c8y_SoftwareUpdate': [{'name': 'asciijump', 'action': 'delete', 'id': '5475369', 'version': '::apt', 'url': ' '}, {'name': 'robotfindskitten', 'action': 'delete', 'id': '5474869', 'version': '::apt', 'url': ' '}, {'name': 'squirrel3', 'action': 'delete', 'id': '5475279', 'version': '::apt', 'url': ' '}]}
16:11:18 INFO  State of operation 21415309 : PENDING
16:11:20 INFO  State of operation 21415309 : EXECUTING
16:11:22 INFO  State of operation 21415309 : EXECUTING
16:11:24 INFO  State of operation 21415309 : EXECUTING
16:11:27 INFO  State of operation 21415309 : EXECUTING
16:11:29 INFO  State of operation 21415309 : EXECUTING
16:11:32 INFO  State of operation 21415309 : EXECUTING
16:11:34 INFO  State of operation 21415309 : EXECUTING
16:11:37 INFO  State of operation 21415309 : EXECUTING
16:11:39 INFO  State of operation 21415309 : EXECUTING
16:11:41 INFO  State of operation 21415309 : EXECUTING
16:11:43 INFO  State of operation 21415309 : EXECUTING
16:11:46 INFO  State of operation 21415309 : EXECUTING
16:11:48 INFO  State of operation 21415309 : EXECUTING
16:11:50 INFO  State of operation 21415309 : EXECUTING
16:11:52 INFO  State of operation 21415309 : EXECUTING
16:11:55 INFO  State of operation 21415309 : EXECUTING
16:11:57 INFO  State of operation 21415309 : EXECUTING
16:12:00 INFO  State of operation 21415309 : EXECUTING
16:12:02 INFO  State of operation 21415309 : EXECUTING
16:12:04 INFO  State of operation 21415309 : EXECUTING
16:12:06 INFO  State of operation 21415309 : EXECUTING
16:12:09 INFO  State of operation 21415309 : EXECUTING
16:12:11 INFO  State of operation 21415309 : EXECUTING
16:12:13 INFO  State of operation 21415309 : EXECUTING
16:12:16 INFO  State of operation 21415309 : EXECUTING
16:12:18 INFO  State of operation 21415309 : EXECUTING
16:12:21 INFO  State of operation 21415309 : EXECUTING
16:12:23 INFO  State of operation 21415309 : SUCCESSFUL
16:12:23 INFO  Assert that (False == value) with value=False ... passed
16:12:23 INFO  Assert that (False == value) with value=False ... passed
16:12:23 INFO  Assert that (False == value) with value=False ... passed
16:12:24 INFO  Assert that (False == value) with value=False ... passed
16:12:24 INFO  
16:12:24 INFO  cleanup:
16:12:28 INFO  Executed sudo&lt;tedge_disconnect_c8y&gt;, exit status 0
16:12:28 INFO  Executed systemctl&lt;serv_mapper5&gt;, exit status 3
16:12:28 INFO  
16:12:28 INFO  Test duration: 137.13 secs
16:12:28 INFO  Test final outcome:  FAILED
16:12:28 INFO  Test outcome reason: Assert that (False == value) with value=True (+2 other failures)
16:12:28 INFO  
</system-out>
	</testcase>
</testsuite><testsuite name="SoftwareManagement.sm_apt_install_remove_multiple_mixed" tests="3" errors="0" failures="2" skipped="1" time="0"><testcase classname="PySysTest" name="SoftwareManagement.sm_apt_install_remove_multiple_mixed">
		<skipped message="SKIPPED: Testing the apt plugin is not supported on this platform.Use parameter -XmyPlatform='container' to enable it" />
		<system-out>15:12:14 INFO  ==============================================================
15:12:14 INFO  Id:    SoftwareManagement.sm_apt_install_remove_multiple_mixed
15:12:14 INFO  Dir:   software_management_end_to_end/
15:12:14 INFO  Title: Validate end to end behaviour for the apt plugin for multiple packages with mixed versions
15:12:14 INFO  ==============================================================
15:12:14 INFO  Testing the apt plugin is not supported on this platform.Use parameter -XmyPlatform='container' to enable it ... skipped
15:12:14 WARN  Aborted test due to SKIPPED outcome
15:12:14 INFO  
15:12:14 INFO  Test duration: 0.02 secs
15:12:14 INFO  Test final outcome:  SKIPPED
15:12:14 INFO  Test outcome reason: Testing the apt plugin is not supported on this platform.Use parameter -XmyPlatform='container' to enable it
15:12:14 INFO  
</system-out>
	</testcase>
<testcase classname="PySysTest" name="SoftwareManagement.sm_apt_install_remove_multiple_mixed">
		<failure message="BLOCKED: SystemError: Timeout while waiting for status SUCCESSFUL or False" type="BLOCKED" />
		<system-out>15:46:37 INFO  ==============================================================
15:46:37 INFO  Id:    SoftwareManagement.sm_apt_install_remove_multiple_mixed
15:46:37 INFO  Dir:   software_management_end_to_end/
15:46:37 INFO  Title: Validate end to end behaviour for the apt plugin for multiple packages with mixed versions
15:46:37 INFO  ==============================================================
15:46:37 INFO  Using sw id database: {'asciijump': '5475369', 'robotfindskitten': '5474869', 'squirrel3': '5475279', 'rolldice': '5152439', 'moon-buggy': '5439204', 'apple': '5495053', 'banana': '5494888', 'cherry': '5495382', 'watermelon': '5494510', 'registry': '8018911', 'hello-world': '8021526', 'docker/getting-started': '8021973', 'alpine': '7991792'}
15:46:37 INFO  EnvironmentC8y Setup
15:46:38 INFO  Executed systemctl&lt;serv_mapper1&gt;, exit status 3
15:46:38 INFO  Restarting mosquitto too frequently in the last 10 seconds. It was only up for 5 seconds
15:46:38 INFO  Delaying execution by 6 seconds
15:46:58 INFO  Executed sudo&lt;tedge_connect_c8y&gt;, exit status 0, duration 13 secs
15:46:58 INFO  Executed sudo&lt;tedge_connect_c8y_test&gt;, exit status 0
15:46:59 INFO  Executed systemctl&lt;serv_mosq2&gt;, exit status 0
15:46:59 INFO  Executed systemctl&lt;serv_mapper3&gt;, exit status 0
15:47:01 INFO  State of current operation: SUCCESSFUL
15:47:02 INFO  Assert that (False == value) with value=False ... passed
15:47:02 INFO  Assert that (False == value) with value=False ... passed
15:47:02 INFO  Assert that (False == value) with value=False ... passed
15:47:03 INFO  Assert that (False == value) with value=False ... passed
15:47:03 INFO  Assert that (False == value) with value=False ... passed
15:47:04 INFO  Response status: 201
15:47:04 INFO  Response to action: {
    "creationTime": "2022-07-25T15:47:04.502Z",
    "deviceId": "21391559",
    "deviceName": "m32sd10d",
    "self": "https://t493319102.eu-latest.cumulocity.com/devicecontrol/operations/21415159",
    "id": "21415159",
    "status": "PENDING",
    "description": "Apply software changes, triggered from PySys: [{'action': 'install', 'id': '5475369', 'name': 'asciijump', 'url': ' ', 'version': '::apt'}, {'action': 'install', 'id': '5474869', 'name': 'robotfindskitten', 'url': ' ', 'version': ' '}, {'action': 'install', 'id': '5475279', 'name': 'squirrel3', 'url': ' ', 'version': '3.1-7::apt'}, {'action': 'install', 'id': '5152439', 'name': 'rolldice', 'url': ' ', 'version': '1.16-1+b1'}, {'action': 'install', 'id': '5439204', 'name': 'moon-buggy', 'url': ' ', 'version': '1:1.0.51-12'}, {'action': 'install', 'id': '5475369', 'name': 'asciijump', 'url': ' ', 'version': '::apt'}]",
    "c8y_SoftwareUpdate": [
        {
            "name": "asciijump",
            "action": "install",
            "id": "5475369",
            "version": "::apt",
            "url": " "
        },
        {
            "name": "robotfindskitten",
            "action": "install",
            "id": "5474869",
            "version": " ",
            "url": " "
        },
        {
            "name": "squirrel3",
            "action": "install",
            "id": "5475279",
            "version": "3.1-7::apt",
            "url": " "
        },
        {
            "name": "rolldice",
            "action": "install",
            "id": "5152439",
            "version": "1.16-1+b1",
            "url": " "
        },
        {
            "name": "moon-buggy",
            "action": "install",
            "id": "5439204",
            "version": "1:1.0.51-12",
            "url": " "
        },
        {
            "name": "asciijump",
            "action": "install",
            "id": "5475369",
            "version": "::apt",
            "url": " "
        }
    ]
}
15:47:04 INFO  Started operation: {'creationTime': '2022-07-25T15:47:04.502Z', 'deviceId': '21391559', 'deviceName': 'm32sd10d', 'self': 'https://t493319102.eu-latest.cumulocity.com/devicecontrol/operations/21415159', 'id': '21415159', 'status': 'PENDING', 'description': "Apply software changes, triggered from PySys: [{'action': 'install', 'id': '5475369', 'name': 'asciijump', 'url': ' ', 'version': '::apt'}, {'action': 'install', 'id': '5474869', 'name': 'robotfindskitten', 'url': ' ', 'version': ' '}, {'action': 'install', 'id': '5475279', 'name': 'squirrel3', 'url': ' ', 'version': '3.1-7::apt'}, {'action': 'install', 'id': '5152439', 'name': 'rolldice', 'url': ' ', 'version': '1.16-1+b1'}, {'action': 'install', 'id': '5439204', 'name': 'moon-buggy', 'url': ' ', 'version': '1:1.0.51-12'}, {'action': 'install', 'id': '5475369', 'name': 'asciijump', 'url': ' ', 'version': '::apt'}]", 'c8y_SoftwareUpdate': [{'name': 'asciijump', 'action': 'install', 'id': '5475369', 'version': '::apt', 'url': ' '}, {'name': 'robotfindskitten', 'action': 'install', 'id': '5474869', 'version': ' ', 'url': ' '}, {'name': 'squirrel3', 'action': 'install', 'id': '5475279', 'version': '3.1-7::apt', 'url': ' '}, {'name': 'rolldice', 'action': 'install', 'id': '5152439', 'version': '1.16-1+b1', 'url': ' '}, {'name': 'moon-buggy', 'action': 'install', 'id': '5439204', 'version': '1:1.0.51-12', 'url': ' '}, {'name': 'asciijump', 'action': 'install', 'id': '5475369', 'version': '::apt', 'url': ' '}]}
15:47:06 INFO  State of operation 21415159 : PENDING
15:47:09 INFO  State of operation 21415159 : EXECUTING
15:47:11 INFO  State of operation 21415159 : EXECUTING
15:47:13 INFO  State of operation 21415159 : EXECUTING
15:47:15 INFO  State of operation 21415159 : EXECUTING
15:47:17 INFO  State of operation 21415159 : EXECUTING
15:47:20 INFO  State of operation 21415159 : EXECUTING
15:47:23 INFO  State of operation 21415159 : EXECUTING
15:47:25 INFO  State of operation 21415159 : EXECUTING
15:47:28 INFO  State of operation 21415159 : EXECUTING
15:47:30 INFO  State of operation 21415159 : EXECUTING
15:47:32 INFO  State of operation 21415159 : EXECUTING
15:47:34 INFO  State of operation 21415159 : EXECUTING
15:47:37 INFO  State of operation 21415159 : EXECUTING
15:47:39 INFO  State of operation 21415159 : EXECUTING
15:47:41 INFO  State of operation 21415159 : EXECUTING
15:47:43 INFO  State of operation 21415159 : EXECUTING
15:47:46 INFO  State of operation 21415159 : EXECUTING
15:47:48 INFO  State of operation 21415159 : EXECUTING
15:47:51 INFO  State of operation 21415159 : EXECUTING
15:47:53 INFO  State of operation 21415159 : EXECUTING
15:47:56 INFO  State of operation 21415159 : EXECUTING
15:47:58 INFO  State of operation 21415159 : EXECUTING
15:48:01 INFO  State of operation 21415159 : EXECUTING
15:48:03 INFO  State of operation 21415159 : EXECUTING
15:48:06 INFO  State of operation 21415159 : EXECUTING
15:48:08 INFO  State of operation 21415159 : EXECUTING
15:48:11 INFO  State of operation 21415159 : EXECUTING
15:48:13 INFO  State of operation 21415159 : EXECUTING
15:48:15 INFO  State of operation 21415159 : EXECUTING
15:48:18 INFO  State of operation 21415159 : EXECUTING
15:48:20 INFO  State of operation 21415159 : EXECUTING
15:48:22 INFO  State of operation 21415159 : EXECUTING
15:48:24 INFO  State of operation 21415159 : EXECUTING
15:48:26 INFO  State of operation 21415159 : EXECUTING
15:48:29 INFO  State of operation 21415159 : EXECUTING
15:48:31 INFO  State of operation 21415159 : EXECUTING
15:48:34 INFO  State of operation 21415159 : EXECUTING
15:48:37 INFO  State of operation 21415159 : EXECUTING
15:48:39 INFO  State of operation 21415159 : EXECUTING
15:48:41 INFO  State of operation 21415159 : EXECUTING
15:48:43 INFO  State of operation 21415159 : EXECUTING
15:48:46 INFO  State of operation 21415159 : EXECUTING
15:48:48 INFO  State of operation 21415159 : EXECUTING
15:48:50 INFO  State of operation 21415159 : EXECUTING
15:48:52 INFO  State of operation 21415159 : EXECUTING
15:48:55 INFO  State of operation 21415159 : EXECUTING
15:48:57 INFO  State of operation 21415159 : EXECUTING
15:48:59 INFO  State of operation 21415159 : EXECUTING
15:49:02 INFO  State of operation 21415159 : EXECUTING
15:49:04 INFO  State of operation 21415159 : EXECUTING
15:49:06 INFO  State of operation 21415159 : EXECUTING
15:49:10 INFO  State of operation 21415159 : EXECUTING
15:49:13 INFO  State of operation 21415159 : EXECUTING
15:49:15 INFO  State of operation 21415159 : EXECUTING
15:49:18 INFO  State of operation 21415159 : EXECUTING
15:49:20 INFO  State of operation 21415159 : EXECUTING
15:49:23 INFO  State of operation 21415159 : EXECUTING
15:49:25 INFO  State of operation 21415159 : EXECUTING
15:49:28 INFO  State of operation 21415159 : EXECUTING
15:49:30 INFO  State of operation 21415159 : EXECUTING
15:49:32 WARN  SystemError occurred while running test - Timeout while waiting for status SUCCESSFUL or False
Traceback (most recent call last):
  File "/home/pi/env-pysys/lib/python3.7/site-packages/pysys/baserunner.py", line 1294, in __call__
    self.testObj.execute()
  File "/home/pi/actions-runner/_work/thin-edge.io/thin-edge.io/tests/PySys/software_management_end_to_end/sm_apt_install_remove_multiple_mixed/run.py", line 89, in execute
    self.wait_until_succcess()
  File "/home/pi/actions-runner/_work/thin-edge.io/thin-edge.io/tests/PySys/software_management_end_to_end/environment_sm_management.py", line 324, in wait_until_succcess
    self.wait_until_status("SUCCESSFUL")
  File "/home/pi/actions-runner/_work/thin-edge.io/thin-edge.io/tests/PySys/software_management_end_to_end/environment_sm_management.py", line 381, in wait_until_status
    "Timeout while waiting for status %s or %s" % (status, status2)
SystemError: Timeout while waiting for status SUCCESSFUL or False
15:49:32 WARN  SystemError: Timeout while waiting for status SUCCESSFUL or False ... blocked 
15:49:32 INFO  
15:49:32 INFO  cleanup:
15:49:36 INFO  Executed sudo&lt;tedge_disconnect_c8y&gt;, exit status 0
15:49:37 INFO  Executed systemctl&lt;serv_mapper5&gt;, exit status 3
15:49:37 INFO  
15:49:37 INFO  Test duration: 180.04 secs
15:49:37 INFO  Test final outcome:  BLOCKED
15:49:37 INFO  Test outcome reason: SystemError: Timeout while waiting for status SUCCESSFUL or False
15:49:37 INFO  
</system-out>
	</testcase>
<testcase classname="PySysTest" name="SoftwareManagement.sm_apt_install_remove_multiple_mixed">
		<failure message="BLOCKED: SystemError: Timeout while waiting for status SUCCESSFUL or False (+1 other failures)" type="BLOCKED" />
		<system-out>16:12:28 INFO  ==============================================================
16:12:28 INFO  Id:    SoftwareManagement.sm_apt_install_remove_multiple_mixed
16:12:28 INFO  Dir:   software_management_end_to_end/
16:12:28 INFO  Title: Validate end to end behaviour for the apt plugin for multiple packages with mixed versions
16:12:28 INFO  ==============================================================
16:12:28 INFO  Using sw id database: {'asciijump': '5475369', 'robotfindskitten': '5474869', 'squirrel3': '5475279', 'rolldice': '5152439', 'moon-buggy': '5439204', 'apple': '5495053', 'banana': '5494888', 'cherry': '5495382', 'watermelon': '5494510', 'registry': '8018911', 'hello-world': '8021526', 'docker/getting-started': '8021973', 'alpine': '7991792'}
16:12:28 INFO  EnvironmentC8y Setup
16:12:29 INFO  Executed systemctl&lt;serv_mapper1&gt;, exit status 3
16:12:29 INFO  Restarting mosquitto too frequently in the last 10 seconds. It was only up for 5 seconds
16:12:29 INFO  Delaying execution by 6 seconds
16:12:49 INFO  Executed sudo&lt;tedge_connect_c8y&gt;, exit status 0, duration 13 secs
16:12:49 INFO  Executed sudo&lt;tedge_connect_c8y_test&gt;, exit status 0
16:12:50 INFO  Executed systemctl&lt;serv_mosq2&gt;, exit status 0
16:12:50 INFO  Executed systemctl&lt;serv_mapper3&gt;, exit status 0
16:12:53 INFO  State of current operation: SUCCESSFUL
16:12:53 INFO  Assert that (False == value) with value=False ... passed
16:12:53 INFO  Assert that (False == value) with value=False ... passed
16:12:53 INFO  Assert that (False == value) with value=False ... passed
16:12:54 INFO  Assert that (False == value) with value=False ... passed
16:12:54 INFO  Package moon-buggy is installed
16:12:54 WARN  Assert that (False == value) with value=True ... failed 
16:12:55 INFO  Response status: 201
16:12:55 INFO  Response to action: {
    "delivery": {
        "log": [],
        "time": "2022-07-25T16:12:55.514Z",
        "status": "PENDING"
    },
    "creationTime": "2022-07-25T16:12:55.498Z",
    "deviceId": "21391559",
    "deviceName": "m32sd10d",
    "self": "https://t493319102.eu-latest.cumulocity.com/devicecontrol/operations/21415325",
    "id": "21415325",
    "status": "PENDING",
    "description": "Apply software changes, triggered from PySys: [{'action': 'install', 'id': '5475369', 'name': 'asciijump', 'url': ' ', 'version': '::apt'}, {'action': 'install', 'id': '5474869', 'name': 'robotfindskitten', 'url': ' ', 'version': ' '}, {'action': 'install', 'id': '5475279', 'name': 'squirrel3', 'url': ' ', 'version': '3.1-7::apt'}, {'action': 'install', 'id': '5152439', 'name': 'rolldice', 'url': ' ', 'version': '1.16-1+b1'}, {'action': 'install', 'id': '5439204', 'name': 'moon-buggy', 'url': ' ', 'version': '1:1.0.51-12'}, {'action': 'install', 'id': '5475369', 'name': 'asciijump', 'url': ' ', 'version': '::apt'}]",
    "c8y_SoftwareUpdate": [
        {
            "name": "asciijump",
            "action": "install",
            "id": "5475369",
            "version": "::apt",
            "url": " "
        },
        {
            "name": "robotfindskitten",
            "action": "install",
            "id": "5474869",
            "version": " ",
            "url": " "
        },
        {
            "name": "squirrel3",
            "action": "install",
            "id": "5475279",
            "version": "3.1-7::apt",
            "url": " "
        },
        {
            "name": "rolldice",
            "action": "install",
            "id": "5152439",
            "version": "1.16-1+b1",
            "url": " "
        },
        {
            "name": "moon-buggy",
            "action": "install",
            "id": "5439204",
            "version": "1:1.0.51-12",
            "url": " "
        },
        {
            "name": "asciijump",
            "action": "install",
            "id": "5475369",
            "version": "::apt",
            "url": " "
        }
    ]
}
16:12:55 INFO  Started operation: {'delivery': {'log': [], 'time': '2022-07-25T16:12:55.514Z', 'status': 'PENDING'}, 'creationTime': '2022-07-25T16:12:55.498Z', 'deviceId': '21391559', 'deviceName': 'm32sd10d', 'self': 'https://t493319102.eu-latest.cumulocity.com/devicecontrol/operations/21415325', 'id': '21415325', 'status': 'PENDING', 'description': "Apply software changes, triggered from PySys: [{'action': 'install', 'id': '5475369', 'name': 'asciijump', 'url': ' ', 'version': '::apt'}, {'action': 'install', 'id': '5474869', 'name': 'robotfindskitten', 'url': ' ', 'version': ' '}, {'action': 'install', 'id': '5475279', 'name': 'squirrel3', 'url': ' ', 'version': '3.1-7::apt'}, {'action': 'install', 'id': '5152439', 'name': 'rolldice', 'url': ' ', 'version': '1.16-1+b1'}, {'action': 'install', 'id': '5439204', 'name': 'moon-buggy', 'url': ' ', 'version': '1:1.0.51-12'}, {'action': 'install', 'id': '5475369', 'name': 'asciijump', 'url': ' ', 'version': '::apt'}]", 'c8y_SoftwareUpdate': [{'name': 'asciijump', 'action': 'install', 'id': '5475369', 'version': '::apt', 'url': ' '}, {'name': 'robotfindskitten', 'action': 'install', 'id': '5474869', 'version': ' ', 'url': ' '}, {'name': 'squirrel3', 'action': 'install', 'id': '5475279', 'version': '3.1-7::apt', 'url': ' '}, {'name': 'rolldice', 'action': 'install', 'id': '5152439', 'version': '1.16-1+b1', 'url': ' '}, {'name': 'moon-buggy', 'action': 'install', 'id': '5439204', 'version': '1:1.0.51-12', 'url': ' '}, {'name': 'asciijump', 'action': 'install', 'id': '5475369', 'version': '::apt', 'url': ' '}]}
16:12:57 INFO  State of operation 21415325 : PENDING
16:13:00 INFO  State of operation 21415325 : EXECUTING
16:13:02 INFO  State of operation 21415325 : EXECUTING
16:13:04 INFO  State of operation 21415325 : EXECUTING
16:13:06 INFO  State of operation 21415325 : EXECUTING
16:13:08 INFO  State of operation 21415325 : EXECUTING
16:13:11 INFO  State of operation 21415325 : EXECUTING
16:13:14 INFO  State of operation 21415325 : EXECUTING
16:13:16 INFO  State of operation 21415325 : EXECUTING
16:13:19 INFO  State of operation 21415325 : EXECUTING
16:13:21 INFO  State of operation 21415325 : EXECUTING
16:13:23 INFO  State of operation 21415325 : EXECUTING
16:13:26 INFO  State of operation 21415325 : EXECUTING
16:13:28 INFO  State of operation 21415325 : EXECUTING
16:13:30 INFO  State of operation 21415325 : EXECUTING
16:13:32 INFO  State of operation 21415325 : EXECUTING
16:13:35 INFO  State of operation 21415325 : EXECUTING
16:13:38 INFO  State of operation 21415325 : EXECUTING
16:13:40 INFO  State of operation 21415325 : EXECUTING
16:13:42 INFO  State of operation 21415325 : EXECUTING
16:13:44 INFO  State of operation 21415325 : EXECUTING
16:13:47 INFO  State of operation 21415325 : EXECUTING
16:13:49 INFO  State of operation 21415325 : EXECUTING
16:13:52 INFO  State of operation 21415325 : EXECUTING
16:13:54 INFO  State of operation 21415325 : EXECUTING
16:13:57 INFO  State of operation 21415325 : EXECUTING
16:14:00 INFO  State of operation 21415325 : EXECUTING
16:14:02 INFO  State of operation 21415325 : EXECUTING
16:14:05 INFO  State of operation 21415325 : EXECUTING
16:14:07 INFO  State of operation 21415325 : EXECUTING
16:14:09 INFO  State of operation 21415325 : EXECUTING
16:14:12 INFO  State of operation 21415325 : EXECUTING
16:14:14 INFO  State of operation 21415325 : EXECUTING
16:14:16 INFO  State of operation 21415325 : EXECUTING
16:14:18 INFO  State of operation 21415325 : EXECUTING
16:14:20 INFO  State of operation 21415325 : EXECUTING
16:14:23 INFO  State of operation 21415325 : EXECUTING
16:14:25 INFO  State of operation 21415325 : EXECUTING
16:14:28 INFO  State of operation 21415325 : EXECUTING
16:14:31 INFO  State of operation 21415325 : EXECUTING
16:14:33 INFO  State of operation 21415325 : EXECUTING
16:14:35 INFO  State of operation 21415325 : EXECUTING
16:14:37 INFO  State of operation 21415325 : EXECUTING
16:14:39 INFO  State of operation 21415325 : EXECUTING
16:14:42 INFO  State of operation 21415325 : EXECUTING
16:14:44 INFO  State of operation 21415325 : EXECUTING
16:14:46 INFO  State of operation 21415325 : EXECUTING
16:14:49 INFO  State of operation 21415325 : EXECUTING
16:14:51 INFO  State of operation 21415325 : EXECUTING
16:14:54 INFO  State of operation 21415325 : EXECUTING
16:14:56 INFO  State of operation 21415325 : EXECUTING
16:14:59 INFO  State of operation 21415325 : EXECUTING
16:15:01 INFO  State of operation 21415325 : EXECUTING
16:15:03 INFO  State of operation 21415325 : EXECUTING
16:15:06 INFO  State of operation 21415325 : EXECUTING
16:15:08 INFO  State of operation 21415325 : EXECUTING
16:15:10 INFO  State of operation 21415325 : EXECUTING
16:15:12 INFO  State of operation 21415325 : EXECUTING
16:15:15 INFO  State of operation 21415325 : EXECUTING
16:15:17 INFO  State of operation 21415325 : EXECUTING
16:15:20 INFO  State of operation 21415325 : EXECUTING
16:15:22 WARN  SystemError occurred while running test - Timeout while waiting for status SUCCESSFUL or False
Traceback (most recent call last):
  File "/home/pi/env-pysys/lib/python3.7/site-packages/pysys/baserunner.py", line 1294, in __call__
    self.testObj.execute()
  File "/home/pi/actions-runner/_work/thin-edge.io/thin-edge.io/tests/PySys/software_management_end_to_end/sm_apt_install_remove_multiple_mixed/run.py", line 89, in execute
    self.wait_until_succcess()
  File "/home/pi/actions-runner/_work/thin-edge.io/thin-edge.io/tests/PySys/software_management_end_to_end/environment_sm_management.py", line 324, in wait_until_succcess
    self.wait_until_status("SUCCESSFUL")
  File "/home/pi/actions-runner/_work/thin-edge.io/thin-edge.io/tests/PySys/software_management_end_to_end/environment_sm_management.py", line 381, in wait_until_status
    "Timeout while waiting for status %s or %s" % (status, status2)
SystemError: Timeout while waiting for status SUCCESSFUL or False
16:15:22 WARN  SystemError: Timeout while waiting for status SUCCESSFUL or False ... blocked 
16:15:22 INFO  
16:15:22 INFO  cleanup:
16:15:26 INFO  Executed sudo&lt;tedge_disconnect_c8y&gt;, exit status 0
16:15:26 INFO  Executed systemctl&lt;serv_mapper5&gt;, exit status 3
16:15:26 INFO  
16:15:26 INFO  Test duration: 178.14 secs
16:15:26 INFO  Test final outcome:  BLOCKED
16:15:26 INFO  Test outcome reason: SystemError: Timeout while waiting for status SUCCESSFUL or False (+1 other failures)
16:15:26 INFO  
</system-out>
	</testcase>
</testsuite><testsuite name="SoftwareManagement.sm_apt_install_remove_with_version" tests="3" errors="0" failures="0" skipped="1" time="0"><testcase classname="PySysTest" name="SoftwareManagement.sm_apt_install_remove_with_version">
		<skipped message="SKIPPED: Testing the apt plugin is not supported on this platform.Use parameter -XmyPlatform='container' to enable it" />
		<system-out>15:12:14 INFO  ==============================================================
15:12:14 INFO  Id:    SoftwareManagement.sm_apt_install_remove_with_version
15:12:14 INFO  Dir:   software_management_end_to_end/
15:12:14 INFO  Title: Validate end to end behaviour for the apt plugin for packages with version
15:12:14 INFO  ==============================================================
15:12:14 INFO  Testing the apt plugin is not supported on this platform.Use parameter -XmyPlatform='container' to enable it ... skipped
15:12:14 WARN  Aborted test due to SKIPPED outcome
15:12:14 INFO  
15:12:14 INFO  Test duration: 0.02 secs
15:12:14 INFO  Test final outcome:  SKIPPED
15:12:14 INFO  Test outcome reason: Testing the apt plugin is not supported on this platform.Use parameter -XmyPlatform='container' to enable it
15:12:14 INFO  
</system-out>
	</testcase>
<testcase classname="PySysTest" name="SoftwareManagement.sm_apt_install_remove_with_version" />
<testcase classname="PySysTest" name="SoftwareManagement.sm_apt_install_remove_with_version" />
</testsuite><testsuite name="SoftwareManagement.sm_docker_install_remove_multiple" tests="3" errors="0" failures="0" skipped="1" time="0"><testcase classname="SMDockerInstallRemove" name="SoftwareManagement.sm_docker_install_remove_multiple">
		<skipped message="SKIPPED: Testing the apt plugin is not supported on this platform.Use parameter -XmyPlatform='container' to enable it" />
		<system-out>15:12:14 INFO  ==============================================================
15:12:14 INFO  Id:    SoftwareManagement.sm_docker_install_remove_multiple
15:12:14 INFO  Dir:   software_management_end_to_end/
15:12:14 INFO  Title: Validate end to end behaviour for the docker plugin for multiple docker images with mixed versions
15:12:14 INFO  ==============================================================
15:12:14 INFO  Testing the apt plugin is not supported on this platform.Use parameter -XmyPlatform='container' to enable it ... skipped
15:12:14 WARN  Aborted test due to SKIPPED outcome
15:12:14 INFO  
15:12:14 INFO  Test duration: 0.02 secs
15:12:14 INFO  Test final outcome:  SKIPPED
15:12:14 INFO  Test outcome reason: Testing the apt plugin is not supported on this platform.Use parameter -XmyPlatform='container' to enable it
15:12:14 INFO  
</system-out>
	</testcase>
<testcase classname="SMDockerInstallRemove" name="SoftwareManagement.sm_docker_install_remove_multiple" />
<testcase classname="SMDockerInstallRemove" name="SoftwareManagement.sm_docker_install_remove_multiple" />
</testsuite><testsuite name="SoftwareManagement.sm_fake_install_remove" tests="2" errors="0" failures="0" skipped="1" time="0"><testcase classname="PySysTest" name="SoftwareManagement.sm_fake_install_remove">
		<skipped message="SKIPPED: Testing the fake plugin is not enabled.Use parameter -Xfakeplugin=fakeplugin to enable it" />
		<system-out>15:12:14 INFO  ==============================================================
15:12:14 INFO  Id:    SoftwareManagement.sm_fake_install_remove
15:12:14 INFO  Dir:   software_management_end_to_end/
15:12:14 INFO  Title: Validate end to end behaviour for the dummy plugin for installation and removal of packages
15:12:14 INFO  ==============================================================
15:12:14 INFO  Testing the fake plugin is not enabled.Use parameter -Xfakeplugin=fakeplugin to enable it ... skipped
15:12:14 WARN  Aborted test due to SKIPPED outcome
15:12:14 INFO  
15:12:14 INFO  Test duration: 0.02 secs
15:12:14 INFO  Test final outcome:  SKIPPED
15:12:14 INFO  Test outcome reason: Testing the fake plugin is not enabled.Use parameter -Xfakeplugin=fakeplugin to enable it
15:12:14 INFO  
</system-out>
	</testcase>
<testcase classname="PySysTest" name="SoftwareManagement.sm_fake_install_remove" />
</testsuite><testsuite name="SoftwareManagement.sm_fake_install_remove_multiple" tests="2" errors="0" failures="0" skipped="1" time="0"><testcase classname="PySysTest" name="SoftwareManagement.sm_fake_install_remove_multiple">
		<skipped message="SKIPPED: Testing the fake plugin is not enabled.Use parameter -Xfakeplugin=fakeplugin to enable it" />
		<system-out>15:12:14 INFO  ==============================================================
15:12:14 INFO  Id:    SoftwareManagement.sm_fake_install_remove_multiple
15:12:14 INFO  Dir:   software_management_end_to_end/
15:12:14 INFO  Title: Validate end to end behaviour for the dummy-plugin for multiple packages
15:12:14 INFO  ==============================================================
15:12:14 INFO  Testing the fake plugin is not enabled.Use parameter -Xfakeplugin=fakeplugin to enable it ... skipped
15:12:14 WARN  Aborted test due to SKIPPED outcome
15:12:14 INFO  
15:12:14 INFO  Test duration: 0.02 secs
15:12:14 INFO  Test final outcome:  SKIPPED
15:12:14 INFO  Test outcome reason: Testing the fake plugin is not enabled.Use parameter -Xfakeplugin=fakeplugin to enable it
15:12:14 INFO  
</system-out>
	</testcase>
<testcase classname="PySysTest" name="SoftwareManagement.sm_fake_install_remove_multiple" />
</testsuite><testsuite name="SoftwareManagement.sm_mapper_fail_and_reconnect" tests="2" errors="0" failures="0" skipped="2" time="0"><testcase classname="MapperC8yReceiveLastMessageOnRestart" name="SoftwareManagement.sm_mapper_fail_and_reconnect">
		<skipped message="SKIPPED: instable https://github.com/thin-edge/thin-edge.io/issues/752" />
		<system-out>15:12:14 INFO  ==============================================================
15:12:14 INFO  Id:    SoftwareManagement.sm_mapper_fail_and_reconnect
15:12:14 INFO  Dir:   software_management_end_to_end/
15:12:14 INFO  Title: Validate the tedge-mapper-sm-c8y for receiving the last message on restart
15:12:14 INFO  ==============================================================
15:12:14 INFO  instable https://github.com/thin-edge/thin-edge.io/issues/752 ... skipped
15:12:14 INFO  
15:12:14 INFO  Test duration: 0.02 secs
15:12:14 INFO  Test final outcome:  SKIPPED
15:12:14 INFO  Test outcome reason: instable https://github.com/thin-edge/thin-edge.io/issues/752
15:12:14 INFO  
</system-out>
	</testcase>
<testcase classname="MapperC8yReceiveLastMessageOnRestart" name="SoftwareManagement.sm_mapper_fail_and_reconnect">
		<skipped message="SKIPPED: instable https://github.com/thin-edge/thin-edge.io/issues/752" />
		<system-out>16:22:09 INFO  ==============================================================
16:22:09 INFO  Id:    SoftwareManagement.sm_mapper_fail_and_reconnect
16:22:09 INFO  Dir:   software_management_end_to_end/
16:22:09 INFO  Title: Validate the tedge-mapper-sm-c8y for receiving the last message on restart
16:22:09 INFO  ==============================================================
16:22:09 INFO  instable https://github.com/thin-edge/thin-edge.io/issues/752 ... skipped
16:22:09 INFO  
16:22:09 INFO  Test duration: 0.03 secs
16:22:09 INFO  Test final outcome:  SKIPPED
16:22:09 INFO  Test outcome reason: instable https://github.com/thin-edge/thin-edge.io/issues/752
16:22:09 INFO  
</system-out>
	</testcase>
</testsuite><testsuite name="SoftwareManagement.sm_mixed_install_remove_multiple" tests="2" errors="0" failures="1" skipped="1" time="0"><testcase classname="PySysTest" name="SoftwareManagement.sm_mixed_install_remove_multiple">
		<skipped message="SKIPPED: Testing the fake plugin is not enabled.Use parameter -Xfakeplugin=fakeplugin to enable it" />
		<system-out>15:12:14 INFO  ==============================================================
15:12:14 INFO  Id:    SoftwareManagement.sm_mixed_install_remove_multiple
15:12:14 INFO  Dir:   software_management_end_to_end/
15:12:14 INFO  Title: Validate end to end behaviour for the dummy-plugin for multiple packages with mixed versions
15:12:14 INFO  ==============================================================
15:12:14 INFO  Testing the fake plugin is not enabled.Use parameter -Xfakeplugin=fakeplugin to enable it ... skipped
15:12:14 WARN  Aborted test due to SKIPPED outcome
15:12:14 INFO  
15:12:14 INFO  Test duration: 0.02 secs
15:12:15 INFO  Test final outcome:  SKIPPED
15:12:15 INFO  Test outcome reason: Testing the fake plugin is not enabled.Use parameter -Xfakeplugin=fakeplugin to enable it
15:12:15 INFO  
</system-out>
	</testcase>
<testcase classname="PySysTest" name="SoftwareManagement.sm_mixed_install_remove_multiple">
[...]
15:00:39 INFO  Executed sudo&lt;rm_tmp_logs&gt;, exit status 0
15:00:40 INFO  Executed sudo&lt;send_failed&gt;, exit status 0
15:00:40 INFO  Executed sudo&lt;log_file_daemon&gt;, exit status 0
15:00:44 INFO  Executed sudo&lt;tedge_disconnect_c8y&gt;, exit status 0
15:00:45 INFO  Executed systemctl&lt;serv_mapper5&gt;, exit status 3
15:00:45 INFO  
15:00:45 INFO  Test duration: 26.52 secs
15:00:45 INFO  Test final outcome:  BLOCKED
15:00:45 INFO  Test outcome reason: TypeError: 'NoneType' object is not subscriptable
15:00:45 INFO  
</system-out>
	</testcase>
</testsuite><testsuite name="log_request_num_lines" tests="1" errors="0" failures="1" skipped="0" time="0"><testcase classname="LogRequestVerifyNumberOfLines" name="log_request_num_lines">
		<failure message="BLOCKED: TypeError: 'NoneType' object is not subscriptable" type="BLOCKED" />
		<system-out>15:00:45 INFO  ==============================================================
15:00:45 INFO  Id:    log_request_num_lines
15:00:45 INFO  Dir:   log_request_end_to_end/
15:00:45 INFO  Title: Validate end to end behaviour for the log request operation check for number of lines
15:00:45 INFO  ==============================================================
15:00:45 INFO  EnvironmentC8y Setup
15:00:45 INFO  Executed systemctl&lt;serv_mapper1&gt;, exit status 3
15:00:45 INFO  Restarting mosquitto too frequently in the last 10 seconds. It was only up for 4 seconds
15:00:45 INFO  Delaying execution by 7 seconds
15:01:07 INFO  Executed sudo&lt;tedge_connect_c8y&gt;, exit status 0, duration 14 secs
15:01:07 INFO  Executed sudo&lt;tedge_connect_c8y_test&gt;, exit status 0
15:01:08 INFO  Executed systemctl&lt;serv_mosq2&gt;, exit status 0
15:01:08 INFO  Executed systemctl&lt;serv_mapper3&gt;, exit status 0
15:01:09 INFO  Executed sudo&lt;rm_logs&gt;, exit status 0
15:01:09 INFO  Executed sudo&lt;move_logs&gt;, exit status 0
15:01:10 INFO  Executed sudo&lt;log_file_daemon&gt;, exit status 0
15:01:10 WARN  TypeError occurred while running test - 'NoneType' object is not subscriptable
Traceback (most recent call last):
  File "/home/pi/env-pysys/lib/python3.7/site-packages/pysys/baserunner.py", line 1294, in __call__
    self.testObj.execute()
  File "/home/pi/actions-runner/_work/thin-edge.io/thin-edge.io/tests/PySys/log_request_end_to_end/log_request_num_lines/run.py", line 46, in execute
    log_file_request_payload, self.project.deviceid
  File "/home/pi/actions-runner/_work/thin-edge.io/thin-edge.io/tests/PySys/environments/cumulocity.py", line 101, in trigger_log_request
    "deviceId": self.device_fragment["id"],
TypeError: 'NoneType' object is not subscriptable
15:01:10 WARN  TypeError: 'NoneType' object is not subscriptable ... blocked 
15:01:10 INFO  
15:01:10 INFO  cleanup:
15:01:11 INFO  Executed sudo&lt;rm_logs&gt;, exit status 0
15:01:11 INFO  Executed sudo&lt;rm_tmp_logs&gt;, exit status 0
15:01:12 INFO  Executed sudo&lt;send_failed&gt;, exit status 0
15:01:13 INFO  Executed sudo&lt;log_file_daemon&gt;, exit status 0
15:01:16 INFO  Executed sudo&lt;tedge_disconnect_c8y&gt;, exit status 0
15:01:17 INFO  Executed systemctl&lt;serv_mapper5&gt;, exit status 3
15:01:17 INFO  
15:01:17 INFO  Test duration: 32.33 secs
15:01:17 INFO  Test final outcome:  BLOCKED
15:01:17 INFO  Test outcome reason: TypeError: 'NoneType' object is not subscriptable
15:01:17 INFO  
</system-out>
	</testcase>
</testsuite><testsuite name="mapper_awaits_before_reconnect" tests="1" errors="0" failures="1" skipped="0" time="0"><testcase classname="MapperReconnectAwait" name="mapper_awaits_before_reconnect">
		<failure message="FAILED: Line count on tedge_mapper_journal.out for &quot;tedge_mapper::core::mapper: MQTT connection error:&quot; expected &gt;=2 but got 0" type="FAILED" />
		<system-out>15:15:18 INFO  ==============================================================
15:15:18 INFO  Id:    mapper_awaits_before_reconnect
15:15:18 INFO  Dir:   tedge_mapper_c8y/
15:15:18 INFO  Title: Validate mapper doesn't reconnect too often
15:15:18 INFO  ==============================================================
15:15:18 INFO  Started mosquitto_sub with process id 30083
15:15:18 INFO  Waiting for 0.1 seconds
15:15:18 INFO  Executed sudo&lt;tedge_mapper&gt;, exit status 0
15:15:18 INFO  Waiting for 5.0 seconds
15:15:24 INFO  Executed sudo&lt;tedge_mapper&gt;, exit status 0
15:15:27 INFO  Executed sudo&lt;tedge_mapper_journal&gt;, exit status 0
15:15:27 WARN  Grep on tedge_mapper_journal.out contains "ERROR" ... failed [run.py:67]
15:15:27 INFO  Line count on file tedge_mapper_journal.out ... passed
15:15:27 WARN  Line count on tedge_mapper_journal.out for "tedge_mapper::core::mapper: MQTT connection error:" expected &gt;=2 but got 0 ... failed [run.py:78]
15:15:27 WARN  Aborted test due to FAILED outcome
15:15:27 INFO  
15:15:27 INFO  Test duration: 9.00 secs
15:15:27 INFO  Test final outcome:  FAILED
15:15:27 INFO  Test outcome reason: Line count on tedge_mapper_journal.out for "tedge_mapper::core::mapper: MQTT connection error:" expected &gt;=2 but got 0
15:15:27 INFO  
</system-out>
	</testcase>
</testsuite><testsuite name="monitoring_smaller_interval" tests="1" errors="0" failures="1" skipped="0" time="0"><testcase classname="MonitoringSmallInterval" name="monitoring_smaller_interval">
		<failure message="BLOCKED: TypeError: 'int' object is not subscriptable" type="BLOCKED" />
		<system-out>15:02:19 INFO  ==============================================================
15:02:19 INFO  Id:    monitoring_smaller_interval
15:02:19 INFO  Dir:   monitoring/
15:02:19 INFO  Title: Validate the tedge dm agent messages that are produced with smaller sampling interval than the batching window. Here the simulated collectd messages are used
15:02:19 INFO  ==============================================================
15:02:19 INFO  Executed sudo&lt;collectd&gt;, exit status 0
15:02:20 INFO  Executed sudo&lt;collectd_mapper&gt;, exit status 0
15:02:20 INFO  Started sudo&lt;tedge_sub&gt; with process id 26214
15:02:21 INFO  Executed sudo&lt;tedge_temp&gt;, exit status 0
15:02:21 INFO  Executed sudo&lt;tedge_pres&gt;, exit status 0
15:02:22 INFO  Executed sudo&lt;tedge_temp&gt;, exit status 0
15:02:22 INFO  Executed sudo&lt;tedge_pres&gt;, exit status 0
15:02:23 INFO  Executed sudo&lt;tedge_temp&gt;, exit status 0
15:02:23 INFO  Executed sudo&lt;tedge_pres&gt;, exit status 0
15:02:24 INFO  Executed sudo&lt;tedge_temp&gt;, exit status 0
15:02:24 INFO  Executed sudo&lt;tedge_pres&gt;, exit status 0
15:02:25 INFO  Executed sudo&lt;tedge_temp&gt;, exit status 0
15:02:26 INFO  Executed sudo&lt;tedge_pres&gt;, exit status 0
15:02:26 INFO  Executed sudo&lt;tedge_temp&gt;, exit status 0
15:02:27 INFO  Executed sudo&lt;tedge_pres&gt;, exit status 0
15:02:27 INFO  Executed sudo&lt;tedge_temp&gt;, exit status 0
15:02:28 INFO  Executed sudo&lt;tedge_pres&gt;, exit status 0
15:02:28 INFO  Executed sudo&lt;tedge_temp&gt;, exit status 0
15:02:29 INFO  Executed sudo&lt;tedge_pres&gt;, exit status 0
15:02:30 INFO  Executed sudo&lt;tedge_temp&gt;, exit status 0
15:02:30 INFO  Executed sudo&lt;tedge_pres&gt;, exit status 0
15:02:31 INFO  Executed sudo&lt;tedge_temp&gt;, exit status 0
15:02:31 INFO  Executed sudo&lt;tedge_pres&gt;, exit status 0
15:02:33 INFO  Executed sudo&lt;kill_out&gt;, exit status 0
15:02:33 INFO  0

15:02:33 WARN  TypeError occurred while running test - 'int' object is not subscriptable
Traceback (most recent call last):
  File "/home/pi/env-pysys/lib/python3.7/site-packages/pysys/baserunner.py", line 1296, in __call__
    self.testObj.validate()
  File "/home/pi/actions-runner/_work/thin-edge.io/thin-edge.io/tests/PySys/monitoring/monitoring_smaller_interval/run.py", line 104, in validate
    collectd_msg_validation_result=self.validate_json(),
  File "/home/pi/actions-runner/_work/thin-edge.io/thin-edge.io/tests/PySys/monitoring/monitoring_smaller_interval/run.py", line 114, in validate_json
    if not self.validate_time():
  File "/home/pi/actions-runner/_work/thin-edge.io/thin-edge.io/tests/PySys/monitoring/monitoring_smaller_interval/run.py", line 134, in validate_time
    if self.js_msg["time"]:
TypeError: 'int' object is not subscriptable
15:02:33 WARN  TypeError: 'int' object is not subscriptable ... blocked 
15:02:33 INFO  
15:02:33 INFO  cleanup:
15:02:33 INFO  monitoring_cleanup
15:02:34 INFO  Executed sudo&lt;collectd_mapper&gt;, exit status 0
15:02:34 INFO  
15:02:34 INFO  Test duration: 14.79 secs
15:02:34 INFO  Test final outcome:  BLOCKED
15:02:34 INFO  Test outcome reason: TypeError: 'int' object is not subscriptable
15:02:34 INFO  
</system-out>
	</testcase>
</testsuite><testsuite name="monitoring_with_collectd" tests="1" errors="0" failures="0" skipped="1" time="0"><testcase classname="MonitoringWithCollectd" name="monitoring_with_collectd">
		<skipped message="SKIPPED: Test execution disabled due to #792 (instable)" />
		<system-out>15:02:34 INFO  ==============================================================
15:02:34 INFO  Id:    monitoring_with_collectd
15:02:34 INFO  Dir:   monitoring/
15:02:34 INFO  Title: Validate tedge dm agent messages that are produced by batching the collectd messages
15:02:34 INFO  ==============================================================
15:02:34 INFO  Test execution disabled due to #792 (instable) ... skipped
15:02:34 INFO  
15:02:34 INFO  Test duration: 0.03 secs
15:02:34 INFO  Test final outcome:  SKIPPED
15:02:34 INFO  Test outcome reason: Test execution disabled due to #792 (instable)
15:02:34 INFO  
</system-out>
	</testcase>
</testsuite><testsuite name="monitoring_with_simulated_messages" tests="1" errors="0" failures="1" skipped="0" time="0"><testcase classname="MonitoringWithSimulatedMessages" name="monitoring_with_simulated_messages">
		<failure message="BLOCKED: TypeError: 'int' object is not subscriptable" type="BLOCKED" />
		<system-out>15:02:34 INFO  ==============================================================
15:02:34 INFO  Id:    monitoring_with_simulated_messages
15:02:34 INFO  Dir:   monitoring/
15:02:34 INFO  Title: Validate the tedge dm agent messages that are produced from the simulated collectd messages
15:02:34 INFO  ==============================================================
15:02:34 INFO  Executed sudo&lt;collectd&gt;, exit status 0
15:02:35 INFO  Executed sudo&lt;collectd_mapper&gt;, exit status 0
15:02:35 INFO  Started sudo&lt;tedge_sub&gt; with process id 26285
15:02:35 INFO  Executed sudo&lt;tedge_temp&gt;, exit status 0
15:02:36 INFO  Executed sudo&lt;tedge_pres&gt;, exit status 0
15:02:38 INFO  Executed sudo&lt;kill_out&gt;, exit status 0
15:02:38 INFO  0

15:02:38 WARN  TypeError occurred while running test - 'int' object is not subscriptable
Traceback (most recent call last):
  File "/home/pi/env-pysys/lib/python3.7/site-packages/pysys/baserunner.py", line 1296, in __call__
    self.testObj.validate()
  File "/home/pi/actions-runner/_work/thin-edge.io/thin-edge.io/tests/PySys/monitoring/monitoring_with_simulated_messages/run.py", line 98, in validate
    collectd_msg_validation_result=self.validate_json(),
  File "/home/pi/actions-runner/_work/thin-edge.io/thin-edge.io/tests/PySys/monitoring/monitoring_with_simulated_messages/run.py", line 108, in validate_json
    if not self.validate_time():
  File "/home/pi/actions-runner/_work/thin-edge.io/thin-edge.io/tests/PySys/monitoring/monitoring_with_simulated_messages/run.py", line 127, in validate_time
    if self.js_msg["time"]:
TypeError: 'int' object is not subscriptable
15:02:38 WARN  TypeError: 'int' object is not subscriptable ... blocked 
15:02:38 INFO  
15:02:38 INFO  cleanup:
15:02:38 INFO  monitoring_cleanup
15:02:38 INFO  Executed sudo&lt;collectd_mapper&gt;, exit status 0
15:02:38 INFO  
15:02:38 INFO  Test duration: 4.44 secs
15:02:38 INFO  Test final outcome:  BLOCKED
15:02:38 INFO  Test outcome reason: TypeError: 'int' object is not subscriptable
15:02:38 INFO  
</system-out>
	</testcase>
</testsuite><testsuite name="mqtt_port_change_connection_fails" tests="1" errors="0" failures="0" skipped="0" time="0"><testcase classname="MqttPortChangeConnectionFails" name="mqtt_port_change_connection_fails" />
</testsuite><testsuite name="mqtt_port_change_connection_works" tests="1" errors="0" failures="0" skipped="1" time="0"><testcase classname="MqttPortChangeConnectionWorks" name="mqtt_port_change_connection_works">
		<skipped message="SKIPPED: failing intermitently" />
		<system-out>15:01:52 INFO  ==============================================================
15:01:52 INFO  Id:    mqtt_port_change_connection_works
15:01:52 INFO  Dir:   misc_features/
15:01:52 INFO  Title: mqtt port change connection works for all the thin-edge services that use the mosquitto broker
15:01:52 INFO  ==============================================================
15:01:52 INFO  failing intermitently ... skipped
15:01:52 INFO  
15:01:52 INFO  Test duration: 0.02 secs
15:01:52 INFO  Test final outcome:  SKIPPED
15:01:52 INFO  Test outcome reason: failing intermitently
15:01:52 INFO  
</system-out>
	</testcase>
</testsuite><testsuite name="publish_flux" tests="1" errors="0" failures="0" skipped="0" time="0"><testcase classname="PublishFlux" name="publish_flux" />
</testsuite><testsuite name="publish_sawmill" tests="1" errors="0" failures="0" skipped="0" time="0"><testcase classname="PublishSawmill" name="publish_sawmill" />
</testsuite><testsuite name="runtime_start_two_mappers" tests="1" errors="0" failures="0" skipped="0" time="0"><testcase classname="RuntimeMultiMappers" name="runtime_start_two_mappers" />
</testsuite><testsuite name="sm_tedge_mapper_init_session" tests="1" errors="0" failures="0" skipped="0" time="0"><testcase classname="TedgeSMMapperInitSession" name="sm_tedge_mapper_init_session" />
</testsuite><testsuite name="smoketest_json" tests="1" errors="0" failures="0" skipped="0" time="0"><testcase classname="SmokeTestJson" name="smoketest_json" />
</testsuite><testsuite name="smoketest_json_400_samples_10ms" tests="1" errors="0" failures="0" skipped="0" time="0"><testcase classname="SmoketestJson400Samples10ms" name="smoketest_json_400_samples_10ms" />
</testsuite><testsuite name="smoketest_json_400_samples_20ms" tests="1" errors="0" failures="0" skipped="0" time="0"><testcase classname="SmoketestJson400Samples20ms" name="smoketest_json_400_samples_20ms" />
</testsuite><testsuite name="smoketest_smartrest" tests="1" errors="0" failures="0" skipped="0" time="0"><testcase classname="SmoketestSmartRest" name="smoketest_smartrest" />
</testsuite><testsuite name="smoketest_smartrest_400_samples_1Xms" tests="1" errors="0" failures="0" skipped="0" time="0"><testcase classname="SmoketestSmartRest400Samples1Xms" name="smoketest_smartrest_400_samples_1Xms" />
</testsuite><testsuite name="smoketest_smartrest_400_samples_20ms" tests="1" errors="0" failures="0" skipped="0" time="0"><testcase classname="SmoketestSmartRest400Samples20ms" name="smoketest_smartrest_400_samples_20ms" />
</testsuite><testsuite name="tedge_agent_user_sudo_access" tests="1" errors="0" failures="0" skipped="1" time="0"><testcase classname="TedgeAgentUserSudoAccess" name="tedge_agent_user_sudo_access">
		<skipped message="SKIPPED: #955 Observation: Exit code of the apt plugin when called with no arguments" />
		<system-out>15:12:41 INFO  ==============================================================
15:12:41 INFO  Id:    tedge_agent_user_sudo_access
15:12:41 INFO  Dir:   tedge/
15:12:41 INFO  Title: Validate tedge-agent user has a limited sudo right
15:12:41 INFO  ==============================================================
15:12:41 INFO  #955 Observation: Exit code of the apt plugin when called with no arguments ... skipped
15:12:41 INFO  
15:12:41 INFO  Test duration: 0.02 secs
15:12:41 INFO  Test final outcome:  SKIPPED
15:12:41 INFO  Test outcome reason: #955 Observation: Exit code of the apt plugin when called with no arguments
15:12:41 INFO  
</system-out>
	</testcase>
</testsuite><testsuite name="tedge_connect_test_negative" tests="1" errors="0" failures="0" skipped="0" time="0"><testcase classname="TedgeConnectTestNegative" name="tedge_connect_test_negative" />
</testsuite><testsuite name="tedge_connect_test_positive" tests="1" errors="0" failures="0" skipped="0" time="0"><testcase classname="TedgeConnectTestPositive" name="tedge_connect_test_positive" />
</testsuite><testsuite name="tedge_connect_test_sm_services" tests="1" errors="0" failures="0" skipped="0" time="0"><testcase classname="TedgeConnectTestSMServices" name="tedge_connect_test_sm_services" />
</testsuite><testsuite name="tedge_disconnect_test_sm_services" tests="1" errors="0" failures="0" skipped="0" time="0"><testcase classname="TedgeDisConnectTestSMServices" name="tedge_disconnect_test_sm_services" />
</testsuite><testsuite name="tedge_mapper_az_negative" tests="1" errors="0" failures="0" skipped="0" time="0"><testcase classname="TedgeMapperAzError" name="tedge_mapper_az_negative" />
</testsuite><testsuite name="tedge_mapper_az_with_timestamp" tests="1" errors="0" failures="0" skipped="0" time="0"><testcase classname="TedgeMapperAzWithTimestamp" name="tedge_mapper_az_with_timestamp" />
</testsuite><testsuite name="tedge_mapper_az_without_timestamp" tests="1" errors="0" failures="0" skipped="0" time="0"><testcase classname="TedgeMapperAzWithoutTimestamp" name="tedge_mapper_az_without_timestamp" />
</testsuite><testsuite name="tedge_mapper_c8y_alarms" tests="1" errors="0" failures="0" skipped="0" time="0"><testcase classname="TedgeMapperC8yAlarm" name="tedge_mapper_c8y_alarms" />
</testsuite><testsuite name="tedge_mapper_c8y_child_device_measurement" tests="1" errors="0" failures="0" skipped="0" time="0"><testcase classname="TedgeMapperC8yChildDevice" name="tedge_mapper_c8y_child_device_measurement" />
</testsuite><testsuite name="tedge_mapper_c8y_packet_threshold_size" tests="1" errors="0" failures="1" skipped="0" time="0"><testcase classname="TedgeMapperC8yThresholdPacketSize" name="tedge_mapper_c8y_packet_threshold_size">
		<failure message="FAILED: Grep on tedge_sub.out contains &quot;The size of the message received on tedge/measurements is 20489 which is greater than the threshold size of 16184.&quot;" type="FAILED" />
		<system-out>15:17:05 INFO  ==============================================================
15:17:05 INFO  Id:    tedge_mapper_c8y_packet_threshold_size
15:17:05 INFO  Dir:   tedge_mapper_c8y/
15:17:05 INFO  Title: Validate the Cumulocity Mapper accepted threshold packet size when it receives a message on tedge/measurements
15:17:05 INFO  ==============================================================
15:17:06 INFO  Executed sudo&lt;tedge_mapper_c8y&gt;, exit status 0
15:17:06 INFO  Started sudo&lt;tedge_sub&gt; with process id 30677
15:17:07 INFO  Executed sudo&lt;tedge_msg&gt;, exit status 0
15:17:07 INFO  Executed sudo&lt;tedge_pub&gt;, exit status 0
15:17:08 INFO  Executed sudo&lt;kill_out&gt;, exit status 0
15:17:08 WARN  Grep on tedge_sub.out contains "The size of the message received on tedge/measurements is 20489 which is greater than the threshold size of 16184." ... failed [run.py:88]
15:17:08 INFO  
15:17:08 INFO  cleanup:
15:17:08 INFO  mapper_cleanup
15:17:08 INFO  Executed sudo&lt;tedge_mapper_c8y&gt;, exit status 0
15:17:08 INFO  
15:17:08 INFO  Test duration: 2.90 secs
15:17:08 INFO  Test final outcome:  FAILED
15:17:08 INFO  Test outcome reason: Grep on tedge_sub.out contains "The size of the message received on tedge/measurements is 20489 which is greater than the threshold size of 16184."
15:17:08 INFO  
</system-out>
	</testcase>
</testsuite><testsuite name="tedge_software_update" tests="1" errors="0" failures="0" skipped="0" time="0"><testcase classname="PySysTest" name="tedge_software_update" />
</testsuite><testsuite name="valid_device_id" tests="1" errors="0" failures="0" skipped="0" time="0"><testcase classname="ValidateValidDeviceId" name="valid_device_id" />
</testsuite></testsuites>