<?xml version='1.0' encoding='utf-8'?>
<testsuites tests="139" failures="18" errors="0" skipped="45" time="0.0"><testsuite name="SoftwareManagement.Plugin.apama_plugin_install" tests="3" errors="0" failures="0" skipped="1" time="0"><testcase classname="ApamaPluginInstallTest" name="SoftwareManagement.Plugin.apama_plugin_install">
		<skipped message="SKIPPED: Apama plugin tests are disabled by default. Execute `pysys run` with `-XmyPlatform=container` to run these tests" />
		<system-out>08:30:53 INFO  ==============================================================
08:30:53 INFO  Id:    SoftwareManagement.Plugin.apama_plugin_install
08:30:53 INFO  Dir:   plugin_apama/
08:30:53 INFO  Title: Validate apama plugin install
08:30:53 INFO  ==============================================================
08:30:53 INFO  Apama plugin tests are disabled by default. Execute `pysys run` with `-XmyPlatform=container` to run these tests ... skipped
08:30:53 WARN  Aborted test due to SKIPPED outcome
08:30:53 INFO  
08:30:53 INFO  Test duration: 0.05 secs
08:30:53 INFO  Test final outcome:  SKIPPED
08:30:53 INFO  Test outcome reason: Apama plugin tests are disabled by default. Execute `pysys run` with `-XmyPlatform=container` to run these tests
08:30:53 INFO  
</system-out>
	</testcase>
<testcase classname="ApamaPluginInstallTest" name="SoftwareManagement.Plugin.apama_plugin_install" />
<testcase classname="ApamaPluginInstallTest" name="SoftwareManagement.Plugin.apama_plugin_install" />
</testsuite><testsuite name="SoftwareManagement.Plugin.apama_plugin_mon_support" tests="3" errors="0" failures="0" skipped="1" time="0"><testcase classname="ApamaPluginMonSupportTest" name="SoftwareManagement.Plugin.apama_plugin_mon_support">
		<skipped message="SKIPPED: Apama plugin tests are disabled by default. Execute `pysys run` with `-XmyPlatform=container` to run these tests" />
		<system-out>08:30:53 INFO  ==============================================================
08:30:53 INFO  Id:    SoftwareManagement.Plugin.apama_plugin_mon_support
08:30:53 INFO  Dir:   plugin_apama/
08:30:53 INFO  Title: Validate mon file support of apama plugin
08:30:53 INFO  ==============================================================
08:30:53 INFO  Apama plugin tests are disabled by default. Execute `pysys run` with `-XmyPlatform=container` to run these tests ... skipped
08:30:53 WARN  Aborted test due to SKIPPED outcome
08:30:53 INFO  
08:30:53 INFO  Test duration: 0.04 secs
08:30:53 INFO  Test final outcome:  SKIPPED
08:30:53 INFO  Test outcome reason: Apama plugin tests are disabled by default. Execute `pysys run` with `-XmyPlatform=container` to run these tests
08:30:53 INFO  
</system-out>
	</testcase>
<testcase classname="ApamaPluginMonSupportTest" name="SoftwareManagement.Plugin.apama_plugin_mon_support" />
<testcase classname="ApamaPluginMonSupportTest" name="SoftwareManagement.Plugin.apama_plugin_mon_support" />
</testsuite><testsuite name="SoftwareManagement.Plugin.apama_plugin_remove" tests="3" errors="0" failures="0" skipped="1" time="0"><testcase classname="ApamaPluginRemoveTest" name="SoftwareManagement.Plugin.apama_plugin_remove">
		<skipped message="SKIPPED: Apama plugin tests are disabled by default. Execute `pysys run` with `-XmyPlatform=container` to run these tests" />
		<system-out>08:30:53 INFO  ==============================================================
08:30:53 INFO  Id:    SoftwareManagement.Plugin.apama_plugin_remove
08:30:53 INFO  Dir:   plugin_apama/
08:30:53 INFO  Title: Validate apama plugin remove
08:30:53 INFO  ==============================================================
08:30:53 INFO  Apama plugin tests are disabled by default. Execute `pysys run` with `-XmyPlatform=container` to run these tests ... skipped
08:30:53 WARN  Aborted test due to SKIPPED outcome
08:30:53 INFO  
08:30:53 INFO  Test duration: 0.02 secs
08:30:53 INFO  Test final outcome:  SKIPPED
08:30:53 INFO  Test outcome reason: Apama plugin tests are disabled by default. Execute `pysys run` with `-XmyPlatform=container` to run these tests
08:30:53 INFO  
</system-out>
	</testcase>
<testcase classname="ApamaPluginRemoveTest" name="SoftwareManagement.Plugin.apama_plugin_remove" />
<testcase classname="ApamaPluginRemoveTest" name="SoftwareManagement.Plugin.apama_plugin_remove" />
</testsuite><testsuite name="SoftwareManagement.Plugin.apama_plugin_update" tests="3" errors="0" failures="2" skipped="1" time="0"><testcase classname="ApamaPluginUpdateTest" name="SoftwareManagement.Plugin.apama_plugin_update">
		<skipped message="SKIPPED: Apama plugin tests are disabled by default. Execute `pysys run` with `-XmyPlatform=container` to run these tests" />
		<system-out>08:30:53 INFO  ==============================================================
08:30:53 INFO  Id:    SoftwareManagement.Plugin.apama_plugin_update
08:30:53 INFO  Dir:   plugin_apama/
08:30:53 INFO  Title: Validate apama plugin updating one project with another
08:30:53 INFO  ==============================================================
08:30:53 INFO  Apama plugin tests are disabled by default. Execute `pysys run` with `-XmyPlatform=container` to run these tests ... skipped
08:30:53 WARN  Aborted test due to SKIPPED outcome
08:30:53 INFO  
08:30:53 INFO  Test duration: 0.02 secs
08:30:53 INFO  Test final outcome:  SKIPPED
08:30:53 INFO  Test outcome reason: Apama plugin tests are disabled by default. Execute `pysys run` with `-XmyPlatform=container` to run these tests
08:30:53 INFO  
</system-out>
	</testcase>
<testcase classname="ApamaPluginUpdateTest" name="SoftwareManagement.Plugin.apama_plugin_update">
		<failure message="BLOCKED: sudo&lt;plugin_install&gt; returned non-zero exit code 2" type="BLOCKED" />
		<system-out>09:22:06 INFO  ==============================================================
09:22:06 INFO  Id:    SoftwareManagement.Plugin.apama_plugin_update
09:22:06 INFO  Dir:   plugin_apama/
09:22:06 INFO  Title: Validate apama plugin updating one project with another
09:22:06 INFO  ==============================================================
09:22:06 INFO  Assertion that path exists=False for "/etc/tedge/apama/project" ... passed
09:22:07 INFO  Executed sudo&lt;create_project_dir&gt;, exit status 0
09:22:07 INFO  Executed sudo&lt;unzip_apama_project&gt;, exit status 0
09:22:08 INFO  Executed sudo&lt;move_apama_project&gt;, exit status 0
09:22:09 INFO  Executed sudo&lt;restart_apama_service&gt;, exit status 0
09:22:10 INFO  Executed sudo&lt;apama_correlator_wait&gt;, exit status 0
09:22:10 INFO  Assertion that path exists=True for "/etc/tedge/apama/project" ... passed
09:22:10 INFO  Executed sudo&lt;apama_list_monitors&gt;, exit status 0
09:22:10 INFO  Grep on file /home/pi/actions-runner/_work/thin-edge.io/thin-edge.io/tests/PySys/plugin_apama/apama_plugin_update/Output/linux/apama_list_monitors.out ... passed
09:22:11 WARN  Executed sudo&lt;plugin_install&gt;, exit status 2
09:22:11 INFO  Contents of plugin_install.err: 
  ERROR: Directory not empty (os error 39)
  -----

09:22:11 WARN  sudo&lt;plugin_install&gt; returned non-zero exit code 2 ... blocked [run.py:35]
09:22:11 WARN  Aborted test due to BLOCKED outcome
09:22:11 INFO  
09:22:11 INFO  cleanup:
09:22:11 INFO  Removing apama project
09:22:27 INFO  Executed sudo&lt;stop_apama_service&gt;, exit status 0, duration 15 secs
09:22:27 INFO  Executed sudo&lt;remove_apama_project&gt;, exit status 0
09:22:28 INFO  Executed sudo&lt;remove_apama_tmp_dir&gt;, exit status 0
09:22:28 INFO  
09:22:28 INFO  Test duration: 21.33 secs
09:22:28 INFO  Test final outcome:  BLOCKED
09:22:28 INFO  Test outcome reason: sudo&lt;plugin_install&gt; returned non-zero exit code 2
09:22:28 INFO  
</system-out>
	</testcase>
<testcase classname="ApamaPluginUpdateTest" name="SoftwareManagement.Plugin.apama_plugin_update">
		<failure message="BLOCKED: sudo&lt;plugin_install&gt; returned non-zero exit code 2" type="BLOCKED" />
		<system-out>09:30:40 INFO  ==============================================================
09:30:40 INFO  Id:    SoftwareManagement.Plugin.apama_plugin_update
09:30:40 INFO  Dir:   plugin_apama/
09:30:40 INFO  Title: Validate apama plugin updating one project with another
09:30:40 INFO  ==============================================================
09:30:40 INFO  Assertion that path exists=False for "/etc/tedge/apama/project" ... passed
09:30:41 INFO  Executed sudo&lt;create_project_dir&gt;, exit status 0
09:30:41 INFO  Executed sudo&lt;unzip_apama_project&gt;, exit status 0
09:30:42 INFO  Executed sudo&lt;move_apama_project&gt;, exit status 0
09:30:43 INFO  Executed sudo&lt;restart_apama_service&gt;, exit status 0
09:30:43 INFO  Executed sudo&lt;apama_correlator_wait&gt;, exit status 0
09:30:43 INFO  Assertion that path exists=True for "/etc/tedge/apama/project" ... passed
09:30:44 INFO  Executed sudo&lt;apama_list_monitors&gt;, exit status 0
09:30:44 INFO  Grep on file /home/pi/actions-runner/_work/thin-edge.io/thin-edge.io/tests/PySys/plugin_apama/apama_plugin_update/Output/linux/apama_list_monitors.out ... passed
09:30:45 WARN  Executed sudo&lt;plugin_install&gt;, exit status 2
09:30:45 INFO  Contents of plugin_install.err: 
  ERROR: Directory not empty (os error 39)
  -----

09:30:45 WARN  sudo&lt;plugin_install&gt; returned non-zero exit code 2 ... blocked [run.py:35]
09:30:45 WARN  Aborted test due to BLOCKED outcome
09:30:45 INFO  
09:30:45 INFO  cleanup:
09:30:45 INFO  Removing apama project
09:31:02 INFO  Executed sudo&lt;stop_apama_service&gt;, exit status 0, duration 16 secs
09:31:02 INFO  Executed sudo&lt;remove_apama_project&gt;, exit status 0
09:31:03 INFO  Executed sudo&lt;remove_apama_tmp_dir&gt;, exit status 0
09:31:03 INFO  
09:31:03 INFO  Test duration: 22.66 secs
09:31:03 INFO  Test final outcome:  BLOCKED
09:31:03 INFO  Test outcome reason: sudo&lt;plugin_install&gt; returned non-zero exit code 2
09:31:03 INFO  
</system-out>
	</testcase>
</testsuite><testsuite name="SoftwareManagement.sm_apt_install_download_path" tests="3" errors="0" failures="2" skipped="1" time="0"><testcase classname="AptInstallWithDownloadPath" name="SoftwareManagement.sm_apt_install_download_path">
		<skipped message="SKIPPED: Testing the apt plugin is not supported on this platform.Use parameter -XmyPlatform='container' to enable it" />
		<system-out>08:40:25 INFO  ==============================================================
08:40:25 INFO  Id:    SoftwareManagement.sm_apt_install_download_path
08:40:25 INFO  Dir:   software_management_end_to_end/
08:40:25 INFO  Title: Install package to directory specified in tedge config set tmp.path
08:40:25 INFO  ==============================================================
08:40:25 INFO  Testing the apt plugin is not supported on this platform.Use parameter -XmyPlatform='container' to enable it ... skipped
08:40:25 WARN  Aborted test due to SKIPPED outcome
08:40:25 INFO  
08:40:25 INFO  Test duration: 0.08 secs
08:40:25 INFO  Test final outcome:  SKIPPED
08:40:25 INFO  Test outcome reason: Testing the apt plugin is not supported on this platform.Use parameter -XmyPlatform='container' to enable it
08:40:25 INFO  
</system-out>
	</testcase>
<testcase classname="AptInstallWithDownloadPath" name="SoftwareManagement.sm_apt_install_download_path">
		<failure message="BLOCKED: AssertionError:" type="BLOCKED" />
		<system-out>09:04:07 INFO  ==============================================================
09:04:07 INFO  Id:    SoftwareManagement.sm_apt_install_download_path
09:04:07 INFO  Dir:   software_management_end_to_end/
09:04:07 INFO  Title: Install package to directory specified in tedge config set tmp.path
09:04:07 INFO  ==============================================================
09:04:07 INFO  Using sw id database: {'asciijump': '5475369', 'robotfindskitten': '5474869', 'squirrel3': '5475279', 'rolldice': '5152439', 'moon-buggy': '5439204', 'apple': '5495053', 'banana': '5494888', 'cherry': '5495382', 'watermelon': '5494510', 'registry': '8018911', 'hello-world': '8021526', 'docker/getting-started': '8021973', 'alpine': '7991792'}
09:04:07 INFO  EnvironmentC8y Setup
09:04:08 INFO  Executed systemctl&lt;serv_mapper1&gt;, exit status 3
09:04:22 INFO  Executed sudo&lt;tedge_connect_c8y&gt;, exit status 0, duration 14 secs
09:04:24 INFO  Executed sudo&lt;tedge_connect_c8y_test&gt;, exit status 0
09:04:25 INFO  Executed systemctl&lt;serv_mosq2&gt;, exit status 0
09:04:26 INFO  Executed systemctl&lt;serv_mapper3&gt;, exit status 0
09:04:28 ERROR No operations found, assuming it passed
09:04:28 INFO  Assert that (False == value) with value=False ... passed
09:04:29 INFO  Executed sudo, exit status 0
09:04:29 INFO  Executed sudo, exit status 0
09:04:30 INFO  Executed sudo, exit status 0
09:04:34 INFO  Executed sudo&lt;tedge_disconnect_c8y&gt;, exit status 0
09:04:34 INFO  Restarting mosquitto too frequently in the last 10 seconds. It was only up for 3 seconds
09:04:34 INFO  Delaying execution by 8 seconds
09:04:56 INFO  Executed sudo&lt;tedge_connect_c8y&gt;, exit status 0, duration 13 secs
09:04:56 INFO  Response status: 201
09:04:56 INFO  Response to action: {
    "creationTime": "2022-07-25T09:04:56.415Z",
    "deviceId": "21358818",
    "deviceName": "m32sd10d",
    "self": "https://t493319102.eu-latest.cumulocity.com/devicecontrol/operations/21368321",
    "id": "21368321",
    "status": "PENDING",
    "description": "Apply software changes, triggered from PySys: [{'name': 'rolldice', 'id': '5152439', 'version': '::apt', 'url': 'https://thin-edge-io.eu-latest.cumulocity.com/inventory/binaries/12435463', 'action': 'install'}]",
    "c8y_SoftwareUpdate": [
        {
            "name": "rolldice",
            "action": "install",
            "id": "5152439",
            "version": "::apt",
            "url": "https://thin-edge-io.eu-latest.cumulocity.com/inventory/binaries/12435463"
        }
    ]
}
09:04:56 INFO  Started operation: {'creationTime': '2022-07-25T09:04:56.415Z', 'deviceId': '21358818', 'deviceName': 'm32sd10d', 'self': 'https://t493319102.eu-latest.cumulocity.com/devicecontrol/operations/21368321', 'id': '21368321', 'status': 'PENDING', 'description': "Apply software changes, triggered from PySys: [{'name': 'rolldice', 'id': '5152439', 'version': '::apt', 'url': 'https://thin-edge-io.eu-latest.cumulocity.com/inventory/binaries/12435463', 'action': 'install'}]", 'c8y_SoftwareUpdate': [{'name': 'rolldice', 'action': 'install', 'id': '5152439', 'version': '::apt', 'url': 'https://thin-edge-io.eu-latest.cumulocity.com/inventory/binaries/12435463'}]}
09:04:56 WARN  , retrying in 0.5 seconds...
09:04:56 WARN  , retrying in 0.5 seconds...
09:04:57 WARN  , retrying in 0.5 seconds...
09:04:57 WARN  , retrying in 0.5 seconds...
09:04:58 WARN  , retrying in 0.5 seconds...
09:04:58 WARN  , retrying in 0.5 seconds...
09:04:59 WARN  , retrying in 0.5 seconds...
09:04:59 WARN  , retrying in 0.5 seconds...
09:05:00 WARN  , retrying in 0.5 seconds...
09:05:01 WARN  AssertionError occurred while running test - 
Traceback (most recent call last):
  File "/home/pi/env-pysys/lib/python3.7/site-packages/pysys/baserunner.py", line 1294, in __call__
    self.testObj.execute()
  File "/home/pi/actions-runner/_work/thin-edge.io/thin-edge.io/tests/PySys/software_management_end_to_end/sm_apt_install_download_path/run.py", line 83, in execute
    assert_install_in_download_path(install_directory=self.DOWNLOAD_DIR)
  File "/home/pi/env-pysys/lib/python3.7/site-packages/decorator.py", line 232, in fun
    return caller(func, *(extras + args), **kw)
  File "/home/pi/env-pysys/lib/python3.7/site-packages/retry/api.py", line 74, in retry_decorator
    logger)
  File "/home/pi/env-pysys/lib/python3.7/site-packages/retry/api.py", line 33, in __retry_internal
    return f()
  File "/home/pi/actions-runner/_work/thin-edge.io/thin-edge.io/tests/PySys/software_management_end_to_end/sm_apt_install_download_path/run.py", line 28, in assert_install_in_download_path
    assert "rolldice" in os.listdir(f"{install_directory}")
AssertionError
09:05:01 WARN  AssertionError: ... blocked 
09:05:01 INFO  
09:05:01 INFO  cleanup:
09:05:02 INFO  Executed sudo, exit status 0
09:05:02 INFO  Executed sudo, exit status 0
09:05:06 INFO  Executed sudo&lt;tedge_disconnect_c8y&gt;, exit status 0
09:05:06 INFO  Restarting mosquitto too frequently in the last 10 seconds. It was only up for 3 seconds
09:05:06 INFO  Delaying execution by 8 seconds
09:05:28 INFO  Executed sudo&lt;tedge_connect_c8y&gt;, exit status 0, duration 13 secs
09:05:33 INFO  Executed sudo&lt;tedge_disconnect_c8y&gt;, exit status 0
09:05:33 INFO  Executed systemctl&lt;serv_mapper5&gt;, exit status 3
09:05:33 INFO  
09:05:33 INFO  Test duration: 86.58 secs
09:05:33 INFO  Test final outcome:  BLOCKED
09:05:33 INFO  Test outcome reason: AssertionError:
09:05:33 INFO  
</system-out>
	</testcase>
<testcase classname="AptInstallWithDownloadPath" name="SoftwareManagement.sm_apt_install_download_path">
		<failure message="BLOCKED: AssertionError:" type="BLOCKED" />
		<system-out>09:31:03 INFO  ==============================================================
09:31:03 INFO  Id:    SoftwareManagement.sm_apt_install_download_path
09:31:03 INFO  Dir:   software_management_end_to_end/
09:31:03 INFO  Title: Install package to directory specified in tedge config set tmp.path
09:31:03 INFO  ==============================================================
09:31:04 INFO  Using sw id database: {'asciijump': '5475369', 'robotfindskitten': '5474869', 'squirrel3': '5475279', 'rolldice': '5152439', 'moon-buggy': '5439204', 'apple': '5495053', 'banana': '5494888', 'cherry': '5495382', 'watermelon': '5494510', 'registry': '8018911', 'hello-world': '8021526', 'docker/getting-started': '8021973', 'alpine': '7991792'}
09:31:04 INFO  EnvironmentC8y Setup
09:31:05 INFO  Executed systemctl&lt;serv_mapper1&gt;, exit status 3
09:31:19 INFO  Executed sudo&lt;tedge_connect_c8y&gt;, exit status 0, duration 14 secs
09:31:20 INFO  Executed sudo&lt;tedge_connect_c8y_test&gt;, exit status 0
09:31:20 INFO  Executed systemctl&lt;serv_mosq2&gt;, exit status 0
09:31:21 INFO  Executed systemctl&lt;serv_mapper3&gt;, exit status 0
09:31:23 INFO  State of current operation: SUCCESSFUL
09:31:23 INFO  Assert that (False == value) with value=False ... passed
09:31:24 INFO  Executed sudo, exit status 0
09:31:24 INFO  Executed sudo, exit status 0
09:31:25 INFO  Executed sudo, exit status 0
09:31:29 INFO  Executed sudo&lt;tedge_disconnect_c8y&gt;, exit status 0
09:31:29 INFO  Restarting mosquitto too frequently in the last 10 seconds. It was only up for 4 seconds
09:31:29 INFO  Delaying execution by 7 seconds
09:31:50 INFO  Executed sudo&lt;tedge_connect_c8y&gt;, exit status 0, duration 13 secs
09:31:50 INFO  Response status: 201
09:31:50 INFO  Response to action: {
    "creationTime": "2022-07-25T09:31:50.219Z",
    "deviceId": "21358818",
    "deviceName": "m32sd10d",
    "self": "https://t493319102.eu-latest.cumulocity.com/devicecontrol/operations/21368517",
    "id": "21368517",
    "status": "PENDING",
    "description": "Apply software changes, triggered from PySys: [{'name': 'rolldice', 'id': '5152439', 'version': '::apt', 'url': 'https://thin-edge-io.eu-latest.cumulocity.com/inventory/binaries/12435463', 'action': 'install'}]",
    "c8y_SoftwareUpdate": [
        {
            "name": "rolldice",
            "action": "install",
            "id": "5152439",
            "version": "::apt",
            "url": "https://thin-edge-io.eu-latest.cumulocity.com/inventory/binaries/12435463"
        }
    ]
}
09:31:50 INFO  Started operation: {'creationTime': '2022-07-25T09:31:50.219Z', 'deviceId': '21358818', 'deviceName': 'm32sd10d', 'self': 'https://t493319102.eu-latest.cumulocity.com/devicecontrol/operations/21368517', 'id': '21368517', 'status': 'PENDING', 'description': "Apply software changes, triggered from PySys: [{'name': 'rolldice', 'id': '5152439', 'version': '::apt', 'url': 'https://thin-edge-io.eu-latest.cumulocity.com/inventory/binaries/12435463', 'action': 'install'}]", 'c8y_SoftwareUpdate': [{'name': 'rolldice', 'action': 'install', 'id': '5152439', 'version': '::apt', 'url': 'https://thin-edge-io.eu-latest.cumulocity.com/inventory/binaries/12435463'}]}
09:31:50 WARN  , retrying in 0.5 seconds...
09:31:50 WARN  , retrying in 0.5 seconds...
09:31:51 WARN  , retrying in 0.5 seconds...
09:31:51 WARN  , retrying in 0.5 seconds...
09:31:52 WARN  , retrying in 0.5 seconds...
09:31:52 WARN  , retrying in 0.5 seconds...
09:31:53 WARN  , retrying in 0.5 seconds...
09:31:53 WARN  , retrying in 0.5 seconds...
09:31:54 WARN  , retrying in 0.5 seconds...
09:31:54 WARN  AssertionError occurred while running test - 
Traceback (most recent call last):
  File "/home/pi/env-pysys/lib/python3.7/site-packages/pysys/baserunner.py", line 1294, in __call__
    self.testObj.execute()
  File "/home/pi/actions-runner/_work/thin-edge.io/thin-edge.io/tests/PySys/software_management_end_to_end/sm_apt_install_download_path/run.py", line 83, in execute
    assert_install_in_download_path(install_directory=self.DOWNLOAD_DIR)
  File "/home/pi/env-pysys/lib/python3.7/site-packages/decorator.py", line 232, in fun
    return caller(func, *(extras + args), **kw)
  File "/home/pi/env-pysys/lib/python3.7/site-packages/retry/api.py", line 74, in retry_decorator
    logger)
  File "/home/pi/env-pysys/lib/python3.7/site-packages/retry/api.py", line 33, in __retry_internal
    return f()
  File "/home/pi/actions-runner/_work/thin-edge.io/thin-edge.io/tests/PySys/software_management_end_to_end/sm_apt_install_download_path/run.py", line 28, in assert_install_in_download_path
    assert "rolldice" in os.listdir(f"{install_directory}")
AssertionError
09:31:54 WARN  AssertionError: ... blocked 
09:31:54 INFO  
09:31:54 INFO  cleanup:
09:31:55 INFO  Executed sudo, exit status 0
09:31:55 INFO  Executed sudo, exit status 0
09:32:00 INFO  Executed sudo&lt;tedge_disconnect_c8y&gt;, exit status 0
09:32:00 INFO  Restarting mosquitto too frequently in the last 10 seconds. It was only up for 4 seconds
09:32:00 INFO  Delaying execution by 7 seconds
09:32:21 INFO  Executed sudo&lt;tedge_connect_c8y&gt;, exit status 0, duration 14 secs
09:32:25 INFO  Executed sudo&lt;tedge_disconnect_c8y&gt;, exit status 0
09:32:26 INFO  Executed systemctl&lt;serv_mapper5&gt;, exit status 3
09:32:26 INFO  
09:32:26 INFO  Test duration: 83.07 secs
09:32:26 INFO  Test final outcome:  BLOCKED
09:32:26 INFO  Test outcome reason: AssertionError:
09:32:26 INFO  
</system-out>
	</testcase>
</testsuite><testsuite name="SoftwareManagement.sm_apt_install_fail" tests="3" errors="0" failures="0" skipped="1" time="0"><testcase classname="PySysTest" name="SoftwareManagement.sm_apt_install_fail">
		<skipped message="SKIPPED: Testing the apt plugin is not supported on this platform.Use parameter -XmyPlatform='container' to enable it" />
		<system-out>08:40:25 INFO  ==============================================================
08:40:25 INFO  Id:    SoftwareManagement.sm_apt_install_fail
08:40:25 INFO  Dir:   software_management_end_to_end/
08:40:25 INFO  Title: Validate end to end behaviour for a failing installation
08:40:25 INFO  ==============================================================
08:40:25 INFO  Testing the apt plugin is not supported on this platform.Use parameter -XmyPlatform='container' to enable it ... skipped
08:40:25 WARN  Aborted test due to SKIPPED outcome
08:40:25 INFO  
08:40:25 INFO  Test duration: 0.02 secs
08:40:25 INFO  Test final outcome:  SKIPPED
08:40:25 INFO  Test outcome reason: Testing the apt plugin is not supported on this platform.Use parameter -XmyPlatform='container' to enable it
08:40:25 INFO  
</system-out>
	</testcase>
<testcase classname="PySysTest" name="SoftwareManagement.sm_apt_install_fail" />
<testcase classname="PySysTest" name="SoftwareManagement.sm_apt_install_fail" />
</testsuite><testsuite name="SoftwareManagement.sm_apt_install_remove" tests="3" errors="0" failures="1" skipped="1" time="0"><testcase classname="PySysTest" name="SoftwareManagement.sm_apt_install_remove">
		<skipped message="SKIPPED: Testing the apt plugin is not supported on this platform.Use parameter -XmyPlatform='container' to enable it" />
		<system-out>08:40:25 INFO  ==============================================================
08:40:25 INFO  Id:    SoftwareManagement.sm_apt_install_remove
08:40:25 INFO  Dir:   software_management_end_to_end/
08:40:25 INFO  Title: Validate end to end behaviour for the apt plugin for installation and removal of packages
08:40:25 INFO  ==============================================================
08:40:25 INFO  Testing the apt plugin is not supported on this platform.Use parameter -XmyPlatform='container' to enable it ... skipped
08:40:25 WARN  Aborted test due to SKIPPED outcome
08:40:25 INFO  
08:40:25 INFO  Test duration: 0.02 secs
08:40:25 INFO  Test final outcome:  SKIPPED
08:40:25 INFO  Test outcome reason: Testing the apt plugin is not supported on this platform.Use parameter -XmyPlatform='container' to enable it
08:40:25 INFO  
</system-out>
	</testcase>
<testcase classname="PySysTest" name="SoftwareManagement.sm_apt_install_remove" />
<testcase classname="PySysTest" name="SoftwareManagement.sm_apt_install_remove">
		<failure message="BLOCKED: ConnectionError: ('Connection aborted.', ConnectionResetError(104, 'Connection reset by peer'))" type="BLOCKED" />
		<system-out>09:33:33 INFO  ==============================================================
09:33:33 INFO  Id:    SoftwareManagement.sm_apt_install_remove
09:33:33 INFO  Dir:   software_management_end_to_end/
09:33:33 INFO  Title: Validate end to end behaviour for the apt plugin for installation and removal of packages
09:33:33 INFO  ==============================================================
09:33:33 INFO  Using sw id database: {'asciijump': '5475369', 'robotfindskitten': '5474869', 'squirrel3': '5475279', 'rolldice': '5152439', 'moon-buggy': '5439204', 'apple': '5495053', 'banana': '5494888', 'cherry': '5495382', 'watermelon': '5494510', 'registry': '8018911', 'hello-world': '8021526', 'docker/getting-started': '8021973', 'alpine': '7991792'}
09:33:33 INFO  EnvironmentC8y Setup
09:33:33 INFO  Executed systemctl&lt;serv_mapper1&gt;, exit status 3
09:33:34 INFO  Restarting mosquitto too frequently in the last 10 seconds. It was only up for 4 seconds
09:33:34 INFO  Delaying execution by 7 seconds
09:33:54 INFO  Executed sudo&lt;tedge_connect_c8y&gt;, exit status 0, duration 13 secs
09:33:55 INFO  Executed sudo&lt;tedge_connect_c8y_test&gt;, exit status 0
09:33:56 INFO  Executed systemctl&lt;serv_mosq2&gt;, exit status 0
09:33:56 INFO  Executed systemctl&lt;serv_mapper3&gt;, exit status 0
09:33:58 INFO  State of current operation: FAILED
09:33:59 INFO  Assert that (False == value) with value=False ... passed
09:33:59 INFO  Response status: 201
09:33:59 INFO  Response to action: {
    "creationTime": "2022-07-25T09:33:59.329Z",
    "deviceId": "21358818",
    "deviceName": "m32sd10d",
    "self": "https://t493319102.eu-latest.cumulocity.com/devicecontrol/operations/21368536",
    "id": "21368536",
    "status": "PENDING",
    "description": "Apply software changes, triggered from PySys: [{'name': 'rolldice', 'id': '5152439', 'version': '::apt', 'url': '', 'action': 'install'}]",
    "c8y_SoftwareUpdate": [
        {
            "name": "rolldice",
            "action": "install",
            "id": "5152439",
            "version": "::apt",
            "url": ""
        }
    ]
}
09:33:59 INFO  Started operation: {'creationTime': '2022-07-25T09:33:59.329Z', 'deviceId': '21358818', 'deviceName': 'm32sd10d', 'self': 'https://t493319102.eu-latest.cumulocity.com/devicecontrol/operations/21368536', 'id': '21368536', 'status': 'PENDING', 'description': "Apply software changes, triggered from PySys: [{'name': 'rolldice', 'id': '5152439', 'version': '::apt', 'url': '', 'action': 'install'}]", 'c8y_SoftwareUpdate': [{'name': 'rolldice', 'action': 'install', 'id': '5152439', 'version': '::apt', 'url': ''}]}
09:34:01 INFO  State of operation 21368536 : PENDING
09:34:03 INFO  State of operation 21368536 : EXECUTING
09:34:06 INFO  State of operation 21368536 : EXECUTING
09:34:08 INFO  State of operation 21368536 : EXECUTING
09:34:10 INFO  State of operation 21368536 : EXECUTING
09:34:12 INFO  State of operation 21368536 : EXECUTING
09:34:15 INFO  State of operation 21368536 : EXECUTING
09:34:18 INFO  State of operation 21368536 : EXECUTING
09:34:21 INFO  State of operation 21368536 : EXECUTING
09:34:24 INFO  State of operation 21368536 : EXECUTING
09:34:26 INFO  State of operation 21368536 : EXECUTING
09:34:28 INFO  State of operation 21368536 : EXECUTING
09:34:30 INFO  State of operation 21368536 : EXECUTING
09:34:32 INFO  State of operation 21368536 : EXECUTING
09:34:35 INFO  State of operation 21368536 : EXECUTING
09:34:37 INFO  State of operation 21368536 : EXECUTING
09:34:41 INFO  State of operation 21368536 : EXECUTING
09:34:43 INFO  State of operation 21368536 : EXECUTING
09:34:46 INFO  State of operation 21368536 : EXECUTING
09:34:48 INFO  State of operation 21368536 : EXECUTING
09:34:51 INFO  State of operation 21368536 : EXECUTING
09:34:53 INFO  State of operation 21368536 : EXECUTING
09:34:56 INFO  State of operation 21368536 : EXECUTING
09:34:58 INFO  State of operation 21368536 : EXECUTING
09:35:00 INFO  State of operation 21368536 : EXECUTING
09:35:02 INFO  State of operation 21368536 : EXECUTING
09:35:05 INFO  State of operation 21368536 : EXECUTING
09:35:07 INFO  State of operation 21368536 : EXECUTING
09:35:09 INFO  State of operation 21368536 : EXECUTING
09:35:12 INFO  State of operation 21368536 : EXECUTING
09:35:14 INFO  State of operation 21368536 : EXECUTING
09:35:16 INFO  State of operation 21368536 : EXECUTING
09:35:18 INFO  State of operation 21368536 : EXECUTING
09:35:20 INFO  State of operation 21368536 : SUCCESSFUL
09:35:21 INFO  Package rolldice is installed
09:35:21 INFO  Assert that (True == value) with value=True ... passed
09:35:21 INFO  Response status: 201
09:35:21 INFO  Response to action: {
    "creationTime": "2022-07-25T09:35:21.333Z",
    "deviceId": "21358818",
    "deviceName": "m32sd10d",
    "self": "https://t493319102.eu-latest.cumulocity.com/devicecontrol/operations/21368546",
    "id": "21368546",
    "status": "PENDING",
    "description": "Apply software changes, triggered from PySys: [{'name': 'rolldice', 'id': '5152439', 'version': '::apt', 'url': '', 'action': 'delete'}]",
    "c8y_SoftwareUpdate": [
        {
            "name": "rolldice",
            "action": "delete",
            "id": "5152439",
            "version": "::apt",
            "url": ""
        }
    ]
}
09:35:21 INFO  Started operation: {'creationTime': '2022-07-25T09:35:21.333Z', 'deviceId': '21358818', 'deviceName': 'm32sd10d', 'self': 'https://t493319102.eu-latest.cumulocity.com/devicecontrol/operations/21368546', 'id': '21368546', 'status': 'PENDING', 'description': "Apply software changes, triggered from PySys: [{'name': 'rolldice', 'id': '5152439', 'version': '::apt', 'url': '', 'action': 'delete'}]", 'c8y_SoftwareUpdate': [{'name': 'rolldice', 'action': 'delete', 'id': '5152439', 'version': '::apt', 'url': ''}]}
09:35:23 INFO  State of operation 21368546 : PENDING
09:35:25 INFO  State of operation 21368546 : EXECUTING
09:35:28 INFO  State of operation 21368546 : EXECUTING
09:35:30 INFO  State of operation 21368546 : EXECUTING
09:35:32 INFO  State of operation 21368546 : EXECUTING
09:35:34 INFO  State of operation 21368546 : EXECUTING
09:35:37 WARN  ConnectionError occurred while running test - ('Connection aborted.', ConnectionResetError(104, 'Connection reset by peer'))
Traceback (most recent call last):
  File "/home/pi/env-pysys/lib/python3.7/site-packages/urllib3/connectionpool.py", line 710, in urlopen
    chunked=chunked,
  File "/home/pi/env-pysys/lib/python3.7/site-packages/urllib3/connectionpool.py", line 386, in _make_request
    self._validate_conn(conn)
  File "/home/pi/env-pysys/lib/python3.7/site-packages/urllib3/connectionpool.py", line 1040, in _validate_conn
    conn.connect()
  File "/home/pi/env-pysys/lib/python3.7/site-packages/urllib3/connection.py", line 424, in connect
    tls_in_tls=tls_in_tls,
  File "/home/pi/env-pysys/lib/python3.7/site-packages/urllib3/util/ssl_.py", line 450, in ssl_wrap_socket
    sock, context, tls_in_tls, server_hostname=server_hostname
  File "/home/pi/env-pysys/lib/python3.7/site-packages/urllib3/util/ssl_.py", line 493, in _ssl_wrap_socket_impl
    return ssl_context.wrap_socket(sock, server_hostname=server_hostname)
  File "/usr/lib/python3.7/ssl.py", line 412, in wrap_socket
    session=session
  File "/usr/lib/python3.7/ssl.py", line 853, in _create
    self.do_handshake()
  File "/usr/lib/python3.7/ssl.py", line 1117, in do_handshake
    self._sslobj.do_handshake()
ConnectionResetError: [Errno 104] Connection reset by peer

During handling of the above exception, another exception occurred:

Traceback (most recent call last):
  File "/home/pi/env-pysys/lib/python3.7/site-packages/requests/adapters.py", line 449, in send
    timeout=timeout
  File "/home/pi/env-pysys/lib/python3.7/site-packages/urllib3/connectionpool.py", line 786, in urlopen
    method, url, error=e, _pool=self, _stacktrace=sys.exc_info()[2]
  File "/home/pi/env-pysys/lib/python3.7/site-packages/urllib3/util/retry.py", line 550, in increment
    raise six.reraise(type(error), error, _stacktrace)
  File "/home/pi/env-pysys/lib/python3.7/site-packages/urllib3/packages/six.py", line 769, in reraise
    raise value.with_traceback(tb)
  File "/home/pi/env-pysys/lib/python3.7/site-packages/urllib3/connectionpool.py", line 710, in urlopen
    chunked=chunked,
  File "/home/pi/env-pysys/lib/python3.7/site-packages/urllib3/connectionpool.py", line 386, in _make_request
    self._validate_conn(conn)
  File "/home/pi/env-pysys/lib/python3.7/site-packages/urllib3/connectionpool.py", line 1040, in _validate_conn
    conn.connect()
  File "/home/pi/env-pysys/lib/python3.7/site-packages/urllib3/connection.py", line 424, in connect
    tls_in_tls=tls_in_tls,
  File "/home/pi/env-pysys/lib/python3.7/site-packages/urllib3/util/ssl_.py", line 450, in ssl_wrap_socket
    sock, context, tls_in_tls, server_hostname=server_hostname
  File "/home/pi/env-pysys/lib/python3.7/site-packages/urllib3/util/ssl_.py", line 493, in _ssl_wrap_socket_impl
    return ssl_context.wrap_socket(sock, server_hostname=server_hostname)
  File "/usr/lib/python3.7/ssl.py", line 412, in wrap_socket
    session=session
  File "/usr/lib/python3.7/ssl.py", line 853, in _create
    self.do_handshake()
  File "/usr/lib/python3.7/ssl.py", line 1117, in do_handshake
    self._sslobj.do_handshake()
urllib3.exceptions.ProtocolError: ('Connection aborted.', ConnectionResetError(104, 'Connection reset by peer'))

During handling of the above exception, another exception occurred:

Traceback (most recent call last):
  File "/home/pi/env-pysys/lib/python3.7/site-packages/pysys/baserunner.py", line 1294, in __call__
    self.testObj.execute()
  File "/home/pi/actions-runner/_work/thin-edge.io/thin-edge.io/tests/PySys/software_management_end_to_end/sm_apt_install_remove/run.py", line 47, in execute
    self.wait_until_succcess()
  File "/home/pi/actions-runner/_work/thin-edge.io/thin-edge.io/tests/PySys/software_management_end_to_end/environment_sm_management.py", line 324, in wait_until_succcess
    self.wait_until_status("SUCCESSFUL")
  File "/home/pi/actions-runner/_work/thin-edge.io/thin-edge.io/tests/PySys/software_management_end_to_end/environment_sm_management.py", line 354, in wait_until_status
    current_status = self.get_status_of_operation()
  File "/home/pi/actions-runner/_work/thin-edge.io/thin-edge.io/tests/PySys/software_management_end_to_end/environment_sm_management.py", line 300, in get_status_of_operation
    req = requests.get(url, headers=self.header, timeout=self.timeout_req)
  File "/home/pi/env-pysys/lib/python3.7/site-packages/requests/api.py", line 76, in get
    return request('get', url, params=params, **kwargs)
  File "/home/pi/env-pysys/lib/python3.7/site-packages/requests/api.py", line 61, in request
    return session.request(method=method, url=url, **kwargs)
  File "/home/pi/env-pysys/lib/python3.7/site-packages/requests/sessions.py", line 542, in request
    resp = self.send(prep, **send_kwargs)
  File "/home/pi/env-pysys/lib/python3.7/site-packages/requests/sessions.py", line 655, in send
    r = adapter.send(request, **kwargs)
  File "/home/pi/env-pysys/lib/python3.7/site-packages/requests/adapters.py", line 498, in send
    raise ConnectionError(err, request=request)
requests.exceptions.ConnectionError: ('Connection aborted.', ConnectionResetError(104, 'Connection reset by peer'))
09:35:38 WARN  ConnectionError: ('Connection aborted.', ConnectionResetError(104, 'Connection reset by peer')) ... blocked 
09:35:38 INFO  
09:35:38 INFO  cleanup:
09:35:47 INFO  Executed sudo&lt;tedge_disconnect_c8y&gt;, exit status 0
09:35:48 INFO  Executed systemctl&lt;serv_mapper5&gt;, exit status 3
09:35:48 INFO  
09:35:48 INFO  Test duration: 135.16 secs
09:35:48 INFO  Test final outcome:  BLOCKED
09:35:48 INFO  Test outcome reason: ConnectionError: ('Connection aborted.', ConnectionResetError(104, 'Connection reset by peer'))
09:35:48 INFO  
</system-out>
	</testcase>
</testsuite><testsuite name="SoftwareManagement.sm_apt_install_remove_default" tests="3" errors="0" failures="1" skipped="1" time="0"><testcase classname="PySysTest" name="SoftwareManagement.sm_apt_install_remove_default">
		<skipped message="SKIPPED: Testing the apt plugin is not supported on this platform.Use parameter -XmyPlatform='container' to enable it" />
		<system-out>08:40:25 INFO  ==============================================================
08:40:25 INFO  Id:    SoftwareManagement.sm_apt_install_remove_default
08:40:25 INFO  Dir:   software_management_end_to_end/
08:40:25 INFO  Title: Validate end to end behaviour for the default plugin for installation and removal of packages
08:40:25 INFO  ==============================================================
08:40:25 INFO  Testing the apt plugin is not supported on this platform.Use parameter -XmyPlatform='container' to enable it ... skipped
08:40:25 WARN  Aborted test due to SKIPPED outcome
08:40:25 INFO  
08:40:25 INFO  Test duration: 0.02 secs
08:40:25 INFO  Test final outcome:  SKIPPED
08:40:25 INFO  Test outcome reason: Testing the apt plugin is not supported on this platform.Use parameter -XmyPlatform='container' to enable it
08:40:25 INFO  
</system-out>
	</testcase>
<testcase classname="PySysTest" name="SoftwareManagement.sm_apt_install_remove_default" />
<testcase classname="PySysTest" name="SoftwareManagement.sm_apt_install_remove_default">
		<failure message="FAILED: Assert that (False == value) with value=True" type="FAILED" />
		<system-out>09:35:48 INFO  ==============================================================
09:35:48 INFO  Id:    SoftwareManagement.sm_apt_install_remove_default
09:35:48 INFO  Dir:   software_management_end_to_end/
09:35:48 INFO  Title: Validate end to end behaviour for the default plugin for installation and removal of packages
09:35:48 INFO  ==============================================================
09:35:48 INFO  Using sw id database: {'asciijump': '5475369', 'robotfindskitten': '5474869', 'squirrel3': '5475279', 'rolldice': '5152439', 'moon-buggy': '5439204', 'apple': '5495053', 'banana': '5494888', 'cherry': '5495382', 'watermelon': '5494510', 'registry': '8018911', 'hello-world': '8021526', 'docker/getting-started': '8021973', 'alpine': '7991792'}
09:35:48 INFO  EnvironmentC8y Setup
09:35:49 INFO  Executed systemctl&lt;serv_mapper1&gt;, exit status 3
09:35:49 INFO  Restarting mosquitto too frequently in the last 10 seconds. It was only up for 7 seconds
09:35:49 INFO  Delaying execution by 4 seconds
09:36:07 INFO  Executed sudo&lt;tedge_connect_c8y&gt;, exit status 0, duration 13 secs
09:36:07 INFO  Executed sudo&lt;tedge_connect_c8y_test&gt;, exit status 0
09:36:08 INFO  Executed systemctl&lt;serv_mosq2&gt;, exit status 0
09:36:08 INFO  Executed systemctl&lt;serv_mapper3&gt;, exit status 0
09:36:10 INFO  State of current operation: FAILED
09:36:11 INFO  Package rolldice is installed
09:36:11 WARN  Assert that (False == value) with value=True ... failed 
09:36:11 INFO  Response status: 201
09:36:11 INFO  Response to action: {
    "creationTime": "2022-07-25T09:36:11.769Z",
    "deviceId": "21358818",
    "deviceName": "m32sd10d",
    "self": "https://t493319102.eu-latest.cumulocity.com/devicecontrol/operations/21368554",
    "id": "21368554",
    "status": "PENDING",
    "description": "Apply software changes, triggered from PySys: [{'name': 'rolldice', 'id': '5152439', 'version': ' ', 'url': '', 'action': 'install'}]",
    "c8y_SoftwareUpdate": [
        {
            "name": "rolldice",
            "action": "install",
            "id": "5152439",
            "version": " ",
            "url": ""
        }
    ]
}
09:36:11 INFO  Started operation: {'creationTime': '2022-07-25T09:36:11.769Z', 'deviceId': '21358818', 'deviceName': 'm32sd10d', 'self': 'https://t493319102.eu-latest.cumulocity.com/devicecontrol/operations/21368554', 'id': '21368554', 'status': 'PENDING', 'description': "Apply software changes, triggered from PySys: [{'name': 'rolldice', 'id': '5152439', 'version': ' ', 'url': '', 'action': 'install'}]", 'c8y_SoftwareUpdate': [{'name': 'rolldice', 'action': 'install', 'id': '5152439', 'version': ' ', 'url': ''}]}
09:36:14 INFO  State of operation 21368554 : PENDING
09:36:16 INFO  State of operation 21368554 : EXECUTING
09:36:18 INFO  State of operation 21368554 : EXECUTING
09:36:20 INFO  State of operation 21368554 : EXECUTING
09:36:22 INFO  State of operation 21368554 : EXECUTING
09:36:25 INFO  State of operation 21368554 : EXECUTING
09:36:27 INFO  State of operation 21368554 : EXECUTING
09:36:30 INFO  State of operation 21368554 : EXECUTING
09:36:32 INFO  State of operation 21368554 : EXECUTING
09:36:35 INFO  State of operation 21368554 : EXECUTING
09:36:37 INFO  State of operation 21368554 : EXECUTING
09:36:39 INFO  State of operation 21368554 : EXECUTING
09:36:42 INFO  State of operation 21368554 : EXECUTING
09:36:44 INFO  State of operation 21368554 : EXECUTING
09:36:46 INFO  State of operation 21368554 : EXECUTING
09:36:48 INFO  State of operation 21368554 : SUCCESSFUL
09:36:48 INFO  Package rolldice is installed
09:36:48 INFO  Assert that (True == value) with value=True ... passed
09:36:49 INFO  Response status: 201
09:36:49 INFO  Response to action: {
    "creationTime": "2022-07-25T09:36:49.115Z",
    "deviceId": "21358818",
    "deviceName": "m32sd10d",
    "self": "https://t493319102.eu-latest.cumulocity.com/devicecontrol/operations/21368560",
    "id": "21368560",
    "status": "PENDING",
    "description": "Apply software changes, triggered from PySys: [{'name': 'rolldice', 'id': '5152439', 'version': ' ', 'url': '', 'action': 'delete'}]",
    "c8y_SoftwareUpdate": [
        {
            "name": "rolldice",
            "action": "delete",
            "id": "5152439",
            "version": " ",
            "url": ""
        }
    ]
}
09:36:49 INFO  Started operation: {'creationTime': '2022-07-25T09:36:49.115Z', 'deviceId': '21358818', 'deviceName': 'm32sd10d', 'self': 'https://t493319102.eu-latest.cumulocity.com/devicecontrol/operations/21368560', 'id': '21368560', 'status': 'PENDING', 'description': "Apply software changes, triggered from PySys: [{'name': 'rolldice', 'id': '5152439', 'version': ' ', 'url': '', 'action': 'delete'}]", 'c8y_SoftwareUpdate': [{'name': 'rolldice', 'action': 'delete', 'id': '5152439', 'version': ' ', 'url': ''}]}
09:36:51 INFO  State of operation 21368560 : PENDING
09:36:53 INFO  State of operation 21368560 : EXECUTING
09:36:55 INFO  State of operation 21368560 : EXECUTING
09:36:58 INFO  State of operation 21368560 : EXECUTING
09:37:00 INFO  State of operation 21368560 : EXECUTING
09:37:02 INFO  State of operation 21368560 : EXECUTING
09:37:05 INFO  State of operation 21368560 : EXECUTING
09:37:08 INFO  State of operation 21368560 : EXECUTING
09:37:10 INFO  State of operation 21368560 : EXECUTING
09:37:12 INFO  State of operation 21368560 : EXECUTING
09:37:15 INFO  State of operation 21368560 : EXECUTING
09:37:17 INFO  State of operation 21368560 : EXECUTING
09:37:19 INFO  State of operation 21368560 : EXECUTING
09:37:21 INFO  State of operation 21368560 : EXECUTING
09:37:24 INFO  State of operation 21368560 : EXECUTING
09:37:26 INFO  State of operation 21368560 : EXECUTING
09:37:29 INFO  State of operation 21368560 : EXECUTING
09:37:31 INFO  State of operation 21368560 : EXECUTING
09:37:33 INFO  State of operation 21368560 : EXECUTING
09:37:36 INFO  State of operation 21368560 : EXECUTING
09:37:38 INFO  State of operation 21368560 : EXECUTING
09:37:40 INFO  State of operation 21368560 : SUCCESSFUL
09:37:40 INFO  Assert that (False == value) with value=False ... passed
09:37:40 INFO  
09:37:40 INFO  cleanup:
09:37:44 INFO  Executed sudo&lt;tedge_disconnect_c8y&gt;, exit status 0
09:37:45 INFO  Executed systemctl&lt;serv_mapper5&gt;, exit status 3
09:37:45 INFO  
09:37:45 INFO  Test duration: 116.77 secs
09:37:45 INFO  Test final outcome:  FAILED
09:37:45 INFO  Test outcome reason: Assert that (False == value) with value=True
09:37:45 INFO  
</system-out>
	</testcase>
</testsuite><testsuite name="SoftwareManagement.sm_apt_install_remove_multiple" tests="3" errors="0" failures="2" skipped="1" time="0"><testcase classname="PySysTest" name="SoftwareManagement.sm_apt_install_remove_multiple">
		<skipped message="SKIPPED: Testing the apt plugin is not supported on this platform.Use parameter -XmyPlatform='container' to enable it" />
		<system-out>08:40:25 INFO  ==============================================================
08:40:25 INFO  Id:    SoftwareManagement.sm_apt_install_remove_multiple
08:40:25 INFO  Dir:   software_management_end_to_end/
08:40:25 INFO  Title: Validate end to end behaviour for the apt plugin for multiple packages
08:40:25 INFO  ==============================================================
08:40:25 INFO  Testing the apt plugin is not supported on this platform.Use parameter -XmyPlatform='container' to enable it ... skipped
08:40:25 WARN  Aborted test due to SKIPPED outcome
08:40:25 INFO  
08:40:25 INFO  Test duration: 0.02 secs
08:40:25 INFO  Test final outcome:  SKIPPED
08:40:25 INFO  Test outcome reason: Testing the apt plugin is not supported on this platform.Use parameter -XmyPlatform='container' to enable it
08:40:25 INFO  
</system-out>
	</testcase>
<testcase classname="PySysTest" name="SoftwareManagement.sm_apt_install_remove_multiple">
		<failure message="FAILED: Assert that (False == value) with value=True" type="FAILED" />
		<system-out>09:12:19 INFO  ==============================================================
09:12:19 INFO  Id:    SoftwareManagement.sm_apt_install_remove_multiple
09:12:19 INFO  Dir:   software_management_end_to_end/
09:12:19 INFO  Title: Validate end to end behaviour for the apt plugin for multiple packages
09:12:19 INFO  ==============================================================
09:12:19 INFO  Using sw id database: {'asciijump': '5475369', 'robotfindskitten': '5474869', 'squirrel3': '5475279', 'rolldice': '5152439', 'moon-buggy': '5439204', 'apple': '5495053', 'banana': '5494888', 'cherry': '5495382', 'watermelon': '5494510', 'registry': '8018911', 'hello-world': '8021526', 'docker/getting-started': '8021973', 'alpine': '7991792'}
09:12:19 INFO  EnvironmentC8y Setup
09:12:20 INFO  Executed systemctl&lt;serv_mapper1&gt;, exit status 3
09:12:20 INFO  Restarting mosquitto too frequently in the last 10 seconds. It was only up for 5 seconds
09:12:20 INFO  Delaying execution by 6 seconds
09:12:40 INFO  Executed sudo&lt;tedge_connect_c8y&gt;, exit status 0, duration 13 secs
09:12:41 INFO  Executed sudo&lt;tedge_connect_c8y_test&gt;, exit status 0
09:12:41 INFO  Executed systemctl&lt;serv_mosq2&gt;, exit status 0
09:12:42 INFO  Executed systemctl&lt;serv_mapper3&gt;, exit status 0
09:12:44 INFO  State of current operation: SUCCESSFUL
09:12:44 INFO  Assert that (False == value) with value=False ... passed
09:12:44 INFO  Assert that (False == value) with value=False ... passed
09:12:45 INFO  Assert that (False == value) with value=False ... passed
09:12:45 INFO  Package robotfindskitten is installed
09:12:45 WARN  Assert that (False == value) with value=True ... failed 
09:12:45 INFO  Response status: 201
09:12:45 INFO  Response to action: {
    "creationTime": "2022-07-25T09:12:45.560Z",
    "deviceId": "21358818",
    "deviceName": "m32sd10d",
    "self": "https://t493319102.eu-latest.cumulocity.com/devicecontrol/operations/21368383",
    "id": "21368383",
    "status": "PENDING",
    "description": "Apply software changes, triggered from PySys: [{'action': 'install', 'id': '5475369', 'name': 'asciijump', 'url': ' ', 'version': '::apt'}, {'action': 'install', 'id': '5474869', 'name': 'robotfindskitten', 'url': ' ', 'version': '::apt'}, {'action': 'install', 'id': '5475279', 'name': 'squirrel3', 'url': ' ', 'version': '::apt'}]",
    "c8y_SoftwareUpdate": [
        {
            "name": "asciijump",
            "action": "install",
            "id": "5475369",
            "version": "::apt",
            "url": " "
        },
        {
            "name": "robotfindskitten",
            "action": "install",
            "id": "5474869",
            "version": "::apt",
            "url": " "
        },
        {
            "name": "squirrel3",
            "action": "install",
            "id": "5475279",
            "version": "::apt",
            "url": " "
        }
    ]
}
09:12:45 INFO  Started operation: {'creationTime': '2022-07-25T09:12:45.560Z', 'deviceId': '21358818', 'deviceName': 'm32sd10d', 'self': 'https://t493319102.eu-latest.cumulocity.com/devicecontrol/operations/21368383', 'id': '21368383', 'status': 'PENDING', 'description': "Apply software changes, triggered from PySys: [{'action': 'install', 'id': '5475369', 'name': 'asciijump', 'url': ' ', 'version': '::apt'}, {'action': 'install', 'id': '5474869', 'name': 'robotfindskitten', 'url': ' ', 'version': '::apt'}, {'action': 'install', 'id': '5475279', 'name': 'squirrel3', 'url': ' ', 'version': '::apt'}]", 'c8y_SoftwareUpdate': [{'name': 'asciijump', 'action': 'install', 'id': '5475369', 'version': '::apt', 'url': ' '}, {'name': 'robotfindskitten', 'action': 'install', 'id': '5474869', 'version': '::apt', 'url': ' '}, {'name': 'squirrel3', 'action': 'install', 'id': '5475279', 'version': '::apt', 'url': ' '}]}
09:12:47 INFO  State of operation 21368383 : PENDING
09:12:50 INFO  State of operation 21368383 : EXECUTING
09:12:52 INFO  State of operation 21368383 : EXECUTING
09:12:54 INFO  State of operation 21368383 : EXECUTING
09:12:57 INFO  State of operation 21368383 : EXECUTING
09:12:59 INFO  State of operation 21368383 : EXECUTING
09:13:02 INFO  State of operation 21368383 : EXECUTING
09:13:05 INFO  State of operation 21368383 : EXECUTING
09:13:07 INFO  State of operation 21368383 : EXECUTING
09:13:09 INFO  State of operation 21368383 : EXECUTING
09:13:11 INFO  State of operation 21368383 : EXECUTING
09:13:14 INFO  State of operation 21368383 : EXECUTING
09:13:16 INFO  State of operation 21368383 : EXECUTING
09:13:18 INFO  State of operation 21368383 : EXECUTING
09:13:20 INFO  State of operation 21368383 : EXECUTING
09:13:23 INFO  State of operation 21368383 : EXECUTING
09:13:25 INFO  State of operation 21368383 : EXECUTING
09:13:28 INFO  State of operation 21368383 : EXECUTING
09:13:30 INFO  State of operation 21368383 : EXECUTING
09:13:32 INFO  State of operation 21368383 : EXECUTING
09:13:34 INFO  State of operation 21368383 : EXECUTING
09:13:37 INFO  State of operation 21368383 : EXECUTING
09:13:39 INFO  State of operation 21368383 : EXECUTING
09:13:42 INFO  State of operation 21368383 : EXECUTING
09:13:45 INFO  State of operation 21368383 : EXECUTING
09:13:47 INFO  State of operation 21368383 : EXECUTING
09:13:50 INFO  State of operation 21368383 : EXECUTING
09:13:52 INFO  State of operation 21368383 : EXECUTING
09:13:54 INFO  State of operation 21368383 : EXECUTING
09:13:57 INFO  State of operation 21368383 : EXECUTING
09:13:59 INFO  State of operation 21368383 : EXECUTING
09:14:01 INFO  State of operation 21368383 : EXECUTING
09:14:03 INFO  State of operation 21368383 : EXECUTING
09:14:06 INFO  State of operation 21368383 : SUCCESSFUL
09:14:06 INFO  Assert that (False == value) with value=False ... passed
09:14:06 INFO  Package asciijump is installed
09:14:06 INFO  Assert that (True == value) with value=True ... passed
09:14:06 INFO  Package squirrel3 is installed
09:14:06 INFO  Assert that (True == value) with value=True ... passed
09:14:07 INFO  Package robotfindskitten is installed
09:14:07 INFO  Assert that (True == value) with value=True ... passed
09:14:07 INFO  Response status: 201
09:14:07 INFO  Response to action: {
    "creationTime": "2022-07-25T09:14:07.277Z",
    "deviceId": "21358818",
    "deviceName": "m32sd10d",
    "self": "https://t493319102.eu-latest.cumulocity.com/devicecontrol/operations/21368393",
    "id": "21368393",
    "status": "PENDING",
    "description": "Apply software changes, triggered from PySys: [{'action': 'delete', 'id': '5475369', 'name': 'asciijump', 'url': ' ', 'version': '::apt'}, {'action': 'delete', 'id': '5474869', 'name': 'robotfindskitten', 'url': ' ', 'version': '::apt'}, {'action': 'delete', 'id': '5475279', 'name': 'squirrel3', 'url': ' ', 'version': '::apt'}]",
    "c8y_SoftwareUpdate": [
        {
            "name": "asciijump",
            "action": "delete",
            "id": "5475369",
            "version": "::apt",
            "url": " "
        },
        {
            "name": "robotfindskitten",
            "action": "delete",
            "id": "5474869",
            "version": "::apt",
            "url": " "
        },
        {
            "name": "squirrel3",
            "action": "delete",
            "id": "5475279",
            "version": "::apt",
            "url": " "
        }
    ]
}
09:14:07 INFO  Started operation: {'creationTime': '2022-07-25T09:14:07.277Z', 'deviceId': '21358818', 'deviceName': 'm32sd10d', 'self': 'https://t493319102.eu-latest.cumulocity.com/devicecontrol/operations/21368393', 'id': '21368393', 'status': 'PENDING', 'description': "Apply software changes, triggered from PySys: [{'action': 'delete', 'id': '5475369', 'name': 'asciijump', 'url': ' ', 'version': '::apt'}, {'action': 'delete', 'id': '5474869', 'name': 'robotfindskitten', 'url': ' ', 'version': '::apt'}, {'action': 'delete', 'id': '5475279', 'name': 'squirrel3', 'url': ' ', 'version': '::apt'}]", 'c8y_SoftwareUpdate': [{'name': 'asciijump', 'action': 'delete', 'id': '5475369', 'version': '::apt', 'url': ' '}, {'name': 'robotfindskitten', 'action': 'delete', 'id': '5474869', 'version': '::apt', 'url': ' '}, {'name': 'squirrel3', 'action': 'delete', 'id': '5475279', 'version': '::apt', 'url': ' '}]}
09:14:09 INFO  State of operation 21368393 : PENDING
09:14:11 INFO  State of operation 21368393 : EXECUTING
09:14:13 INFO  State of operation 21368393 : EXECUTING
09:14:16 INFO  State of operation 21368393 : EXECUTING
09:14:18 INFO  State of operation 21368393 : EXECUTING
09:14:20 INFO  State of operation 21368393 : EXECUTING
09:14:23 INFO  State of operation 21368393 : EXECUTING
09:14:26 INFO  State of operation 21368393 : EXECUTING
09:14:28 INFO  State of operation 21368393 : EXECUTING
09:14:31 INFO  State of operation 21368393 : EXECUTING
09:14:33 INFO  State of operation 21368393 : EXECUTING
09:14:35 INFO  State of operation 21368393 : EXECUTING
09:14:37 INFO  State of operation 21368393 : EXECUTING
09:14:40 INFO  State of operation 21368393 : EXECUTING
09:14:42 INFO  State of operation 21368393 : EXECUTING
09:14:44 INFO  State of operation 21368393 : EXECUTING
09:14:47 INFO  State of operation 21368393 : EXECUTING
09:14:49 INFO  State of operation 21368393 : EXECUTING
09:14:52 INFO  State of operation 21368393 : EXECUTING
09:14:54 INFO  State of operation 21368393 : EXECUTING
09:14:56 INFO  State of operation 21368393 : EXECUTING
09:14:58 INFO  State of operation 21368393 : EXECUTING
09:15:01 INFO  State of operation 21368393 : EXECUTING
09:15:03 INFO  State of operation 21368393 : EXECUTING
09:15:06 INFO  State of operation 21368393 : EXECUTING
09:15:08 INFO  State of operation 21368393 : EXECUTING
09:15:10 INFO  State of operation 21368393 : EXECUTING
09:15:13 INFO  State of operation 21368393 : SUCCESSFUL
09:15:13 INFO  Assert that (False == value) with value=False ... passed
09:15:13 INFO  Assert that (False == value) with value=False ... passed
09:15:13 INFO  Assert that (False == value) with value=False ... passed
09:15:13 INFO  Assert that (False == value) with value=False ... passed
09:15:14 INFO  
09:15:14 INFO  cleanup:
09:15:17 INFO  Executed sudo&lt;tedge_disconnect_c8y&gt;, exit status 0
09:15:18 INFO  Executed systemctl&lt;serv_mapper5&gt;, exit status 3
09:15:18 INFO  
09:15:18 INFO  Test duration: 178.59 secs
09:15:18 INFO  Test final outcome:  FAILED
09:15:18 INFO  Test outcome reason: Assert that (False == value) with value=True
09:15:18 INFO  
</system-out>
	</testcase>
<testcase classname="PySysTest" name="SoftwareManagement.sm_apt_install_remove_multiple">
		<failure message="FAILED: Assert that (False == value) with value=True (+2 other failures)" type="FAILED" />
		<system-out>09:37:45 INFO  ==============================================================
09:37:45 INFO  Id:    SoftwareManagement.sm_apt_install_remove_multiple
09:37:45 INFO  Dir:   software_management_end_to_end/
09:37:45 INFO  Title: Validate end to end behaviour for the apt plugin for multiple packages
09:37:45 INFO  ==============================================================
09:37:45 INFO  Using sw id database: {'asciijump': '5475369', 'robotfindskitten': '5474869', 'squirrel3': '5475279', 'rolldice': '5152439', 'moon-buggy': '5439204', 'apple': '5495053', 'banana': '5494888', 'cherry': '5495382', 'watermelon': '5494510', 'registry': '8018911', 'hello-world': '8021526', 'docker/getting-started': '8021973', 'alpine': '7991792'}
09:37:45 INFO  EnvironmentC8y Setup
09:37:45 INFO  Executed systemctl&lt;serv_mapper1&gt;, exit status 3
09:37:46 INFO  Restarting mosquitto too frequently in the last 10 seconds. It was only up for 4 seconds
09:37:46 INFO  Delaying execution by 7 seconds
09:38:06 INFO  Executed sudo&lt;tedge_connect_c8y&gt;, exit status 0, duration 13 secs
09:38:09 INFO  Executed sudo&lt;tedge_connect_c8y_test&gt;, exit status 0
09:38:09 INFO  Executed systemctl&lt;serv_mosq2&gt;, exit status 0
09:38:10 INFO  Executed systemctl&lt;serv_mapper3&gt;, exit status 0
09:38:12 INFO  State of current operation: SUCCESSFUL
09:38:12 INFO  Assert that (False == value) with value=False ... passed
09:38:12 INFO  Package asciijump is installed
09:38:12 WARN  Assert that (False == value) with value=True ... failed 
09:38:13 INFO  Package squirrel3 is installed
09:38:13 WARN  Assert that (False == value) with value=True ... failed 
09:38:13 INFO  Package robotfindskitten is installed
09:38:13 WARN  Assert that (False == value) with value=True ... failed 
09:38:13 INFO  Response status: 201
09:38:13 INFO  Response to action: {
    "creationTime": "2022-07-25T09:38:13.693Z",
    "deviceId": "21358818",
    "deviceName": "m32sd10d",
    "self": "https://t493319102.eu-latest.cumulocity.com/devicecontrol/operations/21368578",
    "id": "21368578",
    "status": "PENDING",
    "description": "Apply software changes, triggered from PySys: [{'action': 'install', 'id': '5475369', 'name': 'asciijump', 'url': ' ', 'version': '::apt'}, {'action': 'install', 'id': '5474869', 'name': 'robotfindskitten', 'url': ' ', 'version': '::apt'}, {'action': 'install', 'id': '5475279', 'name': 'squirrel3', 'url': ' ', 'version': '::apt'}]",
    "c8y_SoftwareUpdate": [
        {
            "name": "asciijump",
            "action": "install",
            "id": "5475369",
            "version": "::apt",
            "url": " "
        },
        {
            "name": "robotfindskitten",
            "action": "install",
            "id": "5474869",
            "version": "::apt",
            "url": " "
        },
        {
            "name": "squirrel3",
            "action": "install",
            "id": "5475279",
            "version": "::apt",
            "url": " "
        }
    ]
}
09:38:13 INFO  Started operation: {'creationTime': '2022-07-25T09:38:13.693Z', 'deviceId': '21358818', 'deviceName': 'm32sd10d', 'self': 'https://t493319102.eu-latest.cumulocity.com/devicecontrol/operations/21368578', 'id': '21368578', 'status': 'PENDING', 'description': "Apply software changes, triggered from PySys: [{'action': 'install', 'id': '5475369', 'name': 'asciijump', 'url': ' ', 'version': '::apt'}, {'action': 'install', 'id': '5474869', 'name': 'robotfindskitten', 'url': ' ', 'version': '::apt'}, {'action': 'install', 'id': '5475279', 'name': 'squirrel3', 'url': ' ', 'version': '::apt'}]", 'c8y_SoftwareUpdate': [{'name': 'asciijump', 'action': 'install', 'id': '5475369', 'version': '::apt', 'url': ' '}, {'name': 'robotfindskitten', 'action': 'install', 'id': '5474869', 'version': '::apt', 'url': ' '}, {'name': 'squirrel3', 'action': 'install', 'id': '5475279', 'version': '::apt', 'url': ' '}]}
09:38:15 INFO  State of operation 21368578 : PENDING
09:38:18 INFO  State of operation 21368578 : EXECUTING
09:38:20 INFO  State of operation 21368578 : EXECUTING
09:38:22 INFO  State of operation 21368578 : EXECUTING
09:38:24 INFO  State of operation 21368578 : EXECUTING
09:38:27 INFO  State of operation 21368578 : EXECUTING
09:38:29 INFO  State of operation 21368578 : EXECUTING
09:38:32 INFO  State of operation 21368578 : EXECUTING
09:38:40 INFO  State of operation 21368578 : EXECUTING
09:38:42 INFO  State of operation 21368578 : EXECUTING
09:38:44 INFO  State of operation 21368578 : EXECUTING
09:38:46 INFO  State of operation 21368578 : EXECUTING
09:38:48 INFO  State of operation 21368578 : EXECUTING
09:38:51 INFO  State of operation 21368578 : SUCCESSFUL
09:38:51 INFO  Assert that (False == value) with value=False ... passed
09:38:51 INFO  Package asciijump is installed
09:38:51 INFO  Assert that (True == value) with value=True ... passed
09:38:51 INFO  Package squirrel3 is installed
09:38:51 INFO  Assert that (True == value) with value=True ... passed
09:38:52 INFO  Package robotfindskitten is installed
09:38:52 INFO  Assert that (True == value) with value=True ... passed
09:38:52 INFO  Response status: 201
09:38:52 INFO  Response to action: {
    "creationTime": "2022-07-25T09:38:52.414Z",
    "deviceId": "21358818",
    "deviceName": "m32sd10d",
    "self": "https://t493319102.eu-latest.cumulocity.com/devicecontrol/operations/21368592",
    "id": "21368592",
    "status": "PENDING",
    "description": "Apply software changes, triggered from PySys: [{'action': 'delete', 'id': '5475369', 'name': 'asciijump', 'url': ' ', 'version': '::apt'}, {'action': 'delete', 'id': '5474869', 'name': 'robotfindskitten', 'url': ' ', 'version': '::apt'}, {'action': 'delete', 'id': '5475279', 'name': 'squirrel3', 'url': ' ', 'version': '::apt'}]",
    "c8y_SoftwareUpdate": [
        {
            "name": "asciijump",
            "action": "delete",
            "id": "5475369",
            "version": "::apt",
            "url": " "
        },
        {
            "name": "robotfindskitten",
            "action": "delete",
            "id": "5474869",
            "version": "::apt",
            "url": " "
        },
        {
            "name": "squirrel3",
            "action": "delete",
            "id": "5475279",
            "version": "::apt",
            "url": " "
        }
    ]
}
09:38:52 INFO  Started operation: {'creationTime': '2022-07-25T09:38:52.414Z', 'deviceId': '21358818', 'deviceName': 'm32sd10d', 'self': 'https://t493319102.eu-latest.cumulocity.com/devicecontrol/operations/21368592', 'id': '21368592', 'status': 'PENDING', 'description': "Apply software changes, triggered from PySys: [{'action': 'delete', 'id': '5475369', 'name': 'asciijump', 'url': ' ', 'version': '::apt'}, {'action': 'delete', 'id': '5474869', 'name': 'robotfindskitten', 'url': ' ', 'version': '::apt'}, {'action': 'delete', 'id': '5475279', 'name': 'squirrel3', 'url': ' ', 'version': '::apt'}]", 'c8y_SoftwareUpdate': [{'name': 'asciijump', 'action': 'delete', 'id': '5475369', 'version': '::apt', 'url': ' '}, {'name': 'robotfindskitten', 'action': 'delete', 'id': '5474869', 'version': '::apt', 'url': ' '}, {'name': 'squirrel3', 'action': 'delete', 'id': '5475279', 'version': '::apt', 'url': ' '}]}
09:38:54 INFO  State of operation 21368592 : PENDING
09:38:56 INFO  State of operation 21368592 : EXECUTING
09:38:59 INFO  State of operation 21368592 : EXECUTING
09:39:01 INFO  State of operation 21368592 : EXECUTING
09:39:03 INFO  State of operation 21368592 : EXECUTING
09:39:05 INFO  State of operation 21368592 : EXECUTING
09:39:08 INFO  State of operation 21368592 : EXECUTING
09:39:11 INFO  State of operation 21368592 : EXECUTING
09:39:14 INFO  State of operation 21368592 : EXECUTING
09:39:16 INFO  State of operation 21368592 : EXECUTING
09:39:18 INFO  State of operation 21368592 : EXECUTING
09:39:20 INFO  State of operation 21368592 : EXECUTING
09:39:23 INFO  State of operation 21368592 : EXECUTING
09:39:25 INFO  State of operation 21368592 : EXECUTING
09:39:27 INFO  State of operation 21368592 : EXECUTING
09:39:30 INFO  State of operation 21368592 : EXECUTING
09:39:32 INFO  State of operation 21368592 : EXECUTING
09:39:35 INFO  State of operation 21368592 : EXECUTING
09:39:37 INFO  State of operation 21368592 : EXECUTING
09:39:40 INFO  State of operation 21368592 : EXECUTING
09:39:42 INFO  State of operation 21368592 : EXECUTING
09:39:44 INFO  State of operation 21368592 : EXECUTING
09:39:46 INFO  State of operation 21368592 : EXECUTING
09:39:48 INFO  State of operation 21368592 : EXECUTING
09:39:51 INFO  State of operation 21368592 : EXECUTING
09:39:53 INFO  State of operation 21368592 : EXECUTING
09:39:56 INFO  State of operation 21368592 : EXECUTING
09:39:58 INFO  State of operation 21368592 : EXECUTING
09:40:00 INFO  State of operation 21368592 : SUCCESSFUL
09:40:01 INFO  Assert that (False == value) with value=False ... passed
09:40:01 INFO  Assert that (False == value) with value=False ... passed
09:40:01 INFO  Assert that (False == value) with value=False ... passed
09:40:01 INFO  Assert that (False == value) with value=False ... passed
09:40:01 INFO  
09:40:01 INFO  cleanup:
09:40:05 INFO  Executed sudo&lt;tedge_disconnect_c8y&gt;, exit status 0
09:40:06 INFO  Executed systemctl&lt;serv_mapper5&gt;, exit status 3
09:40:06 INFO  
09:40:06 INFO  Test duration: 141.10 secs
09:40:06 INFO  Test final outcome:  FAILED
09:40:06 INFO  Test outcome reason: Assert that (False == value) with value=True (+2 other failures)
09:40:06 INFO  
</system-out>
	</testcase>
</testsuite><testsuite name="SoftwareManagement.sm_apt_install_remove_multiple_mixed" tests="3" errors="0" failures="2" skipped="1" time="0"><testcase classname="PySysTest" name="SoftwareManagement.sm_apt_install_remove_multiple_mixed">
		<skipped message="SKIPPED: Testing the apt plugin is not supported on this platform.Use parameter -XmyPlatform='container' to enable it" />
		<system-out>08:40:25 INFO  ==============================================================
08:40:25 INFO  Id:    SoftwareManagement.sm_apt_install_remove_multiple_mixed
08:40:25 INFO  Dir:   software_management_end_to_end/
08:40:25 INFO  Title: Validate end to end behaviour for the apt plugin for multiple packages with mixed versions
08:40:25 INFO  ==============================================================
08:40:25 INFO  Testing the apt plugin is not supported on this platform.Use parameter -XmyPlatform='container' to enable it ... skipped
08:40:25 WARN  Aborted test due to SKIPPED outcome
08:40:25 INFO  
08:40:25 INFO  Test duration: 0.02 secs
08:40:25 INFO  Test final outcome:  SKIPPED
08:40:25 INFO  Test outcome reason: Testing the apt plugin is not supported on this platform.Use parameter -XmyPlatform='container' to enable it
08:40:25 INFO  
</system-out>
	</testcase>
<testcase classname="PySysTest" name="SoftwareManagement.sm_apt_install_remove_multiple_mixed">
		<failure message="BLOCKED: SystemError: Timeout while waiting for status SUCCESSFUL or False" type="BLOCKED" />
		<system-out>09:15:18 INFO  ==============================================================
09:15:18 INFO  Id:    SoftwareManagement.sm_apt_install_remove_multiple_mixed
09:15:18 INFO  Dir:   software_management_end_to_end/
09:15:18 INFO  Title: Validate end to end behaviour for the apt plugin for multiple packages with mixed versions
09:15:18 INFO  ==============================================================
09:15:18 INFO  Using sw id database: {'asciijump': '5475369', 'robotfindskitten': '5474869', 'squirrel3': '5475279', 'rolldice': '5152439', 'moon-buggy': '5439204', 'apple': '5495053', 'banana': '5494888', 'cherry': '5495382', 'watermelon': '5494510', 'registry': '8018911', 'hello-world': '8021526', 'docker/getting-started': '8021973', 'alpine': '7991792'}
09:15:18 INFO  EnvironmentC8y Setup
09:15:19 INFO  Executed systemctl&lt;serv_mapper1&gt;, exit status 3
09:15:19 INFO  Restarting mosquitto too frequently in the last 10 seconds. It was only up for 5 seconds
09:15:19 INFO  Delaying execution by 6 seconds
09:15:39 INFO  Executed sudo&lt;tedge_connect_c8y&gt;, exit status 0, duration 13 secs
09:15:40 INFO  Executed sudo&lt;tedge_connect_c8y_test&gt;, exit status 0
09:15:40 INFO  Executed systemctl&lt;serv_mosq2&gt;, exit status 0
09:15:40 INFO  Executed systemctl&lt;serv_mapper3&gt;, exit status 0
09:15:43 INFO  State of current operation: SUCCESSFUL
09:15:43 INFO  Assert that (False == value) with value=False ... passed
09:15:43 INFO  Assert that (False == value) with value=False ... passed
09:15:43 INFO  Assert that (False == value) with value=False ... passed
09:15:44 INFO  Assert that (False == value) with value=False ... passed
09:15:44 INFO  Assert that (False == value) with value=False ... passed
09:15:45 INFO  Response status: 201
09:15:45 INFO  Response to action: {
    "creationTime": "2022-07-25T09:15:45.504Z",
    "deviceId": "21358818",
    "deviceName": "m32sd10d",
    "self": "https://t493319102.eu-latest.cumulocity.com/devicecontrol/operations/21368407",
    "id": "21368407",
    "status": "PENDING",
    "description": "Apply software changes, triggered from PySys: [{'action': 'install', 'id': '5475369', 'name': 'asciijump', 'url': ' ', 'version': '::apt'}, {'action': 'install', 'id': '5474869', 'name': 'robotfindskitten', 'url': ' ', 'version': ' '}, {'action': 'install', 'id': '5475279', 'name': 'squirrel3', 'url': ' ', 'version': '3.1-7::apt'}, {'action': 'install', 'id': '5152439', 'name': 'rolldice', 'url': ' ', 'version': '1.16-1+b1'}, {'action': 'install', 'id': '5439204', 'name': 'moon-buggy', 'url': ' ', 'version': '1:1.0.51-12'}, {'action': 'install', 'id': '5475369', 'name': 'asciijump', 'url': ' ', 'version': '::apt'}]",
    "c8y_SoftwareUpdate": [
        {
            "name": "asciijump",
            "action": "install",
            "id": "5475369",
            "version": "::apt",
            "url": " "
        },
        {
            "name": "robotfindskitten",
            "action": "install",
            "id": "5474869",
            "version": " ",
            "url": " "
        },
        {
            "name": "squirrel3",
            "action": "install",
            "id": "5475279",
            "version": "3.1-7::apt",
            "url": " "
        },
        {
            "name": "rolldice",
            "action": "install",
            "id": "5152439",
            "version": "1.16-1+b1",
            "url": " "
        },
        {
            "name": "moon-buggy",
            "action": "install",
            "id": "5439204",
            "version": "1:1.0.51-12",
            "url": " "
        },
        {
            "name": "asciijump",
            "action": "install",
            "id": "5475369",
            "version": "::apt",
            "url": " "
        }
    ]
}
09:15:45 INFO  Started operation: {'creationTime': '2022-07-25T09:15:45.504Z', 'deviceId': '21358818', 'deviceName': 'm32sd10d', 'self': 'https://t493319102.eu-latest.cumulocity.com/devicecontrol/operations/21368407', 'id': '21368407', 'status': 'PENDING', 'description': "Apply software changes, triggered from PySys: [{'action': 'install', 'id': '5475369', 'name': 'asciijump', 'url': ' ', 'version': '::apt'}, {'action': 'install', 'id': '5474869', 'name': 'robotfindskitten', 'url': ' ', 'version': ' '}, {'action': 'install', 'id': '5475279', 'name': 'squirrel3', 'url': ' ', 'version': '3.1-7::apt'}, {'action': 'install', 'id': '5152439', 'name': 'rolldice', 'url': ' ', 'version': '1.16-1+b1'}, {'action': 'install', 'id': '5439204', 'name': 'moon-buggy', 'url': ' ', 'version': '1:1.0.51-12'}, {'action': 'install', 'id': '5475369', 'name': 'asciijump', 'url': ' ', 'version': '::apt'}]", 'c8y_SoftwareUpdate': [{'name': 'asciijump', 'action': 'install', 'id': '5475369', 'version': '::apt', 'url': ' '}, {'name': 'robotfindskitten', 'action': 'install', 'id': '5474869', 'version': ' ', 'url': ' '}, {'name': 'squirrel3', 'action': 'install', 'id': '5475279', 'version': '3.1-7::apt', 'url': ' '}, {'name': 'rolldice', 'action': 'install', 'id': '5152439', 'version': '1.16-1+b1', 'url': ' '}, {'name': 'moon-buggy', 'action': 'install', 'id': '5439204', 'version': '1:1.0.51-12', 'url': ' '}, {'name': 'asciijump', 'action': 'install', 'id': '5475369', 'version': '::apt', 'url': ' '}]}
09:15:47 INFO  State of operation 21368407 : PENDING
09:15:50 INFO  State of operation 21368407 : EXECUTING
09:15:52 INFO  State of operation 21368407 : EXECUTING
09:15:54 INFO  State of operation 21368407 : EXECUTING
09:15:56 INFO  State of operation 21368407 : EXECUTING
09:15:58 INFO  State of operation 21368407 : EXECUTING
09:16:01 INFO  State of operation 21368407 : EXECUTING
09:16:04 INFO  State of operation 21368407 : EXECUTING
09:16:07 INFO  State of operation 21368407 : EXECUTING
09:16:09 INFO  State of operation 21368407 : EXECUTING
09:16:11 INFO  State of operation 21368407 : EXECUTING
09:16:13 INFO  State of operation 21368407 : EXECUTING
09:16:15 INFO  State of operation 21368407 : EXECUTING
09:16:18 INFO  State of operation 21368407 : EXECUTING
09:16:20 INFO  State of operation 21368407 : EXECUTING
09:16:22 INFO  State of operation 21368407 : EXECUTING
09:16:25 INFO  State of operation 21368407 : EXECUTING
09:16:27 INFO  State of operation 21368407 : EXECUTING
09:16:30 INFO  State of operation 21368407 : EXECUTING
09:16:32 INFO  State of operation 21368407 : EXECUTING
09:16:34 INFO  State of operation 21368407 : EXECUTING
09:16:37 INFO  State of operation 21368407 : EXECUTING
09:16:39 INFO  State of operation 21368407 : EXECUTING
09:16:42 INFO  State of operation 21368407 : EXECUTING
09:16:44 INFO  State of operation 21368407 : EXECUTING
09:16:46 INFO  State of operation 21368407 : EXECUTING
09:16:49 INFO  State of operation 21368407 : EXECUTING
09:16:51 INFO  State of operation 21368407 : EXECUTING
09:16:53 INFO  State of operation 21368407 : EXECUTING
09:16:56 INFO  State of operation 21368407 : EXECUTING
09:16:58 INFO  State of operation 21368407 : EXECUTING
09:17:00 INFO  State of operation 21368407 : EXECUTING
09:17:02 INFO  State of operation 21368407 : EXECUTING
09:17:05 INFO  State of operation 21368407 : EXECUTING
09:17:07 INFO  State of operation 21368407 : EXECUTING
09:17:09 INFO  State of operation 21368407 : EXECUTING
09:17:12 INFO  State of operation 21368407 : EXECUTING
09:17:15 INFO  State of operation 21368407 : EXECUTING
09:17:17 INFO  State of operation 21368407 : EXECUTING
09:17:20 INFO  State of operation 21368407 : EXECUTING
09:17:22 INFO  State of operation 21368407 : EXECUTING
09:17:24 INFO  State of operation 21368407 : EXECUTING
09:17:26 INFO  State of operation 21368407 : EXECUTING
09:17:29 INFO  State of operation 21368407 : EXECUTING
09:17:31 INFO  State of operation 21368407 : EXECUTING
09:17:33 INFO  State of operation 21368407 : EXECUTING
09:17:35 INFO  State of operation 21368407 : EXECUTING
09:17:38 INFO  State of operation 21368407 : EXECUTING
09:17:40 INFO  State of operation 21368407 : EXECUTING
09:17:43 INFO  State of operation 21368407 : EXECUTING
09:17:45 INFO  State of operation 21368407 : EXECUTING
09:17:47 INFO  State of operation 21368407 : EXECUTING
09:17:51 INFO  State of operation 21368407 : EXECUTING
09:17:53 INFO  State of operation 21368407 : EXECUTING
09:17:56 INFO  State of operation 21368407 : EXECUTING
09:17:58 INFO  State of operation 21368407 : EXECUTING
09:18:01 INFO  State of operation 21368407 : EXECUTING
09:18:03 INFO  State of operation 21368407 : EXECUTING
09:18:06 INFO  State of operation 21368407 : EXECUTING
09:18:08 INFO  State of operation 21368407 : EXECUTING
09:18:10 INFO  State of operation 21368407 : EXECUTING
09:18:12 WARN  SystemError occurred while running test - Timeout while waiting for status SUCCESSFUL or False
Traceback (most recent call last):
  File "/home/pi/env-pysys/lib/python3.7/site-packages/pysys/baserunner.py", line 1294, in __call__
    self.testObj.execute()
  File "/home/pi/actions-runner/_work/thin-edge.io/thin-edge.io/tests/PySys/software_management_end_to_end/sm_apt_install_remove_multiple_mixed/run.py", line 89, in execute
    self.wait_until_succcess()
  File "/home/pi/actions-runner/_work/thin-edge.io/thin-edge.io/tests/PySys/software_management_end_to_end/environment_sm_management.py", line 324, in wait_until_succcess
    self.wait_until_status("SUCCESSFUL")
  File "/home/pi/actions-runner/_work/thin-edge.io/thin-edge.io/tests/PySys/software_management_end_to_end/environment_sm_management.py", line 381, in wait_until_status
    "Timeout while waiting for status %s or %s" % (status, status2)
SystemError: Timeout while waiting for status SUCCESSFUL or False
09:18:12 WARN  SystemError: Timeout while waiting for status SUCCESSFUL or False ... blocked 
09:18:12 INFO  
09:18:12 INFO  cleanup:
09:18:17 INFO  Executed sudo&lt;tedge_disconnect_c8y&gt;, exit status 0
09:18:17 INFO  Executed systemctl&lt;serv_mapper5&gt;, exit status 3
09:18:17 INFO  
09:18:17 INFO  Test duration: 179.08 secs
09:18:17 INFO  Test final outcome:  BLOCKED
09:18:17 INFO  Test outcome reason: SystemError: Timeout while waiting for status SUCCESSFUL or False
09:18:17 INFO  
</system-out>
	</testcase>
<testcase classname="PySysTest" name="SoftwareManagement.sm_apt_install_remove_multiple_mixed">
		<failure message="BLOCKED: SystemError: Timeout while waiting for status SUCCESSFUL or False (+1 other failures)" type="BLOCKED" />
		<system-out>09:40:06 INFO  ==============================================================
09:40:06 INFO  Id:    SoftwareManagement.sm_apt_install_remove_multiple_mixed
09:40:06 INFO  Dir:   software_management_end_to_end/
09:40:06 INFO  Title: Validate end to end behaviour for the apt plugin for multiple packages with mixed versions
09:40:06 INFO  ==============================================================
09:40:06 INFO  Using sw id database: {'asciijump': '5475369', 'robotfindskitten': '5474869', 'squirrel3': '5475279', 'rolldice': '5152439', 'moon-buggy': '5439204', 'apple': '5495053', 'banana': '5494888', 'cherry': '5495382', 'watermelon': '5494510', 'registry': '8018911', 'hello-world': '8021526', 'docker/getting-started': '8021973', 'alpine': '7991792'}
09:40:06 INFO  EnvironmentC8y Setup
09:40:07 INFO  Executed systemctl&lt;serv_mapper1&gt;, exit status 3
[...]
08:28:34 INFO  Executed sudo&lt;rm_tmp_logs&gt;, exit status 0
08:28:35 INFO  Executed sudo&lt;send_failed&gt;, exit status 0
08:28:36 INFO  Executed sudo&lt;log_file_daemon&gt;, exit status 0
08:28:40 INFO  Executed sudo&lt;tedge_disconnect_c8y&gt;, exit status 0
08:28:40 INFO  Executed systemctl&lt;serv_mapper5&gt;, exit status 3
08:28:40 INFO  
08:28:40 INFO  Test duration: 27.33 secs
08:28:40 INFO  Test final outcome:  BLOCKED
08:28:40 INFO  Test outcome reason: TypeError: 'NoneType' object is not subscriptable
08:28:40 INFO  
</system-out>
	</testcase>
</testsuite><testsuite name="log_request_num_lines" tests="1" errors="0" failures="1" skipped="0" time="0"><testcase classname="LogRequestVerifyNumberOfLines" name="log_request_num_lines">
		<failure message="BLOCKED: TypeError: 'NoneType' object is not subscriptable" type="BLOCKED" />
		<system-out>08:28:40 INFO  ==============================================================
08:28:40 INFO  Id:    log_request_num_lines
08:28:40 INFO  Dir:   log_request_end_to_end/
08:28:40 INFO  Title: Validate end to end behaviour for the log request operation check for number of lines
08:28:40 INFO  ==============================================================
08:28:40 INFO  EnvironmentC8y Setup
08:28:41 INFO  Executed systemctl&lt;serv_mapper1&gt;, exit status 3
08:28:41 INFO  Restarting mosquitto too frequently in the last 10 seconds. It was only up for 5 seconds
08:28:41 INFO  Delaying execution by 6 seconds
08:29:01 INFO  Executed sudo&lt;tedge_connect_c8y&gt;, exit status 0, duration 14 secs
08:29:02 INFO  Executed sudo&lt;tedge_connect_c8y_test&gt;, exit status 0
08:29:02 INFO  Executed systemctl&lt;serv_mosq2&gt;, exit status 0
08:29:03 INFO  Executed systemctl&lt;serv_mapper3&gt;, exit status 0
08:29:03 INFO  Executed sudo&lt;rm_logs&gt;, exit status 0
08:29:04 INFO  Executed sudo&lt;move_logs&gt;, exit status 0
08:29:05 INFO  Executed sudo&lt;log_file_daemon&gt;, exit status 0
08:29:05 WARN  TypeError occurred while running test - 'NoneType' object is not subscriptable
Traceback (most recent call last):
  File "/home/pi/env-pysys/lib/python3.7/site-packages/pysys/baserunner.py", line 1294, in __call__
    self.testObj.execute()
  File "/home/pi/actions-runner/_work/thin-edge.io/thin-edge.io/tests/PySys/log_request_end_to_end/log_request_num_lines/run.py", line 46, in execute
    log_file_request_payload, self.project.deviceid
  File "/home/pi/actions-runner/_work/thin-edge.io/thin-edge.io/tests/PySys/environments/cumulocity.py", line 101, in trigger_log_request
    "deviceId": self.device_fragment["id"],
TypeError: 'NoneType' object is not subscriptable
08:29:05 WARN  TypeError: 'NoneType' object is not subscriptable ... blocked 
08:29:05 INFO  
08:29:05 INFO  cleanup:
08:29:06 INFO  Executed sudo&lt;rm_logs&gt;, exit status 0
08:29:06 INFO  Executed sudo&lt;rm_tmp_logs&gt;, exit status 0
08:29:07 INFO  Executed sudo&lt;send_failed&gt;, exit status 0
08:29:07 INFO  Executed sudo&lt;log_file_daemon&gt;, exit status 0
08:29:11 INFO  Executed sudo&lt;tedge_disconnect_c8y&gt;, exit status 0
08:29:12 INFO  Executed systemctl&lt;serv_mapper5&gt;, exit status 3
08:29:12 INFO  
08:29:12 INFO  Test duration: 31.52 secs
08:29:12 INFO  Test final outcome:  BLOCKED
08:29:12 INFO  Test outcome reason: TypeError: 'NoneType' object is not subscriptable
08:29:12 INFO  
</system-out>
	</testcase>
</testsuite><testsuite name="mapper_awaits_before_reconnect" tests="1" errors="0" failures="1" skipped="0" time="0"><testcase classname="MapperReconnectAwait" name="mapper_awaits_before_reconnect">
		<failure message="FAILED: Line count on tedge_mapper_journal.out for &quot;tedge_mapper::core::mapper: MQTT connection error:&quot; expected &gt;=2 but got 0" type="FAILED" />
		<system-out>08:43:30 INFO  ==============================================================
08:43:30 INFO  Id:    mapper_awaits_before_reconnect
08:43:30 INFO  Dir:   tedge_mapper_c8y/
08:43:30 INFO  Title: Validate mapper doesn't reconnect too often
08:43:30 INFO  ==============================================================
08:43:30 INFO  Started mosquitto_sub with process id 15561
08:43:30 INFO  Waiting for 0.1 seconds
08:43:31 INFO  Executed sudo&lt;tedge_mapper&gt;, exit status 0
08:43:31 INFO  Waiting for 5.0 seconds
08:43:37 INFO  Executed sudo&lt;tedge_mapper&gt;, exit status 0
08:43:40 INFO  Executed sudo&lt;tedge_mapper_journal&gt;, exit status 0
08:43:40 WARN  Grep on tedge_mapper_journal.out contains "ERROR" ... failed [run.py:67]
08:43:40 INFO  Line count on file tedge_mapper_journal.out ... passed
08:43:40 WARN  Line count on tedge_mapper_journal.out for "tedge_mapper::core::mapper: MQTT connection error:" expected &gt;=2 but got 0 ... failed [run.py:78]
08:43:40 WARN  Aborted test due to FAILED outcome
08:43:40 INFO  
08:43:40 INFO  Test duration: 9.83 secs
08:43:40 INFO  Test final outcome:  FAILED
08:43:40 INFO  Test outcome reason: Line count on tedge_mapper_journal.out for "tedge_mapper::core::mapper: MQTT connection error:" expected &gt;=2 but got 0
08:43:40 INFO  
</system-out>
	</testcase>
</testsuite><testsuite name="monitoring_smaller_interval" tests="1" errors="0" failures="1" skipped="0" time="0"><testcase classname="MonitoringSmallInterval" name="monitoring_smaller_interval">
		<failure message="BLOCKED: TypeError: 'int' object is not subscriptable" type="BLOCKED" />
		<system-out>08:30:34 INFO  ==============================================================
08:30:34 INFO  Id:    monitoring_smaller_interval
08:30:34 INFO  Dir:   monitoring/
08:30:34 INFO  Title: Validate the tedge dm agent messages that are produced with smaller sampling interval than the batching window. Here the simulated collectd messages are used
08:30:34 INFO  ==============================================================
08:30:34 INFO  Executed sudo&lt;collectd&gt;, exit status 0
08:30:35 INFO  Executed sudo&lt;collectd_mapper&gt;, exit status 0
08:30:35 INFO  Started sudo&lt;tedge_sub&gt; with process id 11703
08:30:35 INFO  Executed sudo&lt;tedge_temp&gt;, exit status 0
08:30:36 INFO  Executed sudo&lt;tedge_pres&gt;, exit status 0
08:30:37 INFO  Executed sudo&lt;tedge_temp&gt;, exit status 0
08:30:37 INFO  Executed sudo&lt;tedge_pres&gt;, exit status 0
08:30:38 INFO  Executed sudo&lt;tedge_temp&gt;, exit status 0
08:30:38 INFO  Executed sudo&lt;tedge_pres&gt;, exit status 0
08:30:39 INFO  Executed sudo&lt;tedge_temp&gt;, exit status 0
08:30:39 INFO  Executed sudo&lt;tedge_pres&gt;, exit status 0
08:30:40 INFO  Executed sudo&lt;tedge_temp&gt;, exit status 0
08:30:41 INFO  Executed sudo&lt;tedge_pres&gt;, exit status 0
08:30:41 INFO  Executed sudo&lt;tedge_temp&gt;, exit status 0
08:30:42 INFO  Executed sudo&lt;tedge_pres&gt;, exit status 0
08:30:42 INFO  Executed sudo&lt;tedge_temp&gt;, exit status 0
08:30:43 INFO  Executed sudo&lt;tedge_pres&gt;, exit status 0
08:30:43 INFO  Executed sudo&lt;tedge_temp&gt;, exit status 0
08:30:44 INFO  Executed sudo&lt;tedge_pres&gt;, exit status 0
08:30:45 INFO  Executed sudo&lt;tedge_temp&gt;, exit status 0
08:30:45 INFO  Executed sudo&lt;tedge_pres&gt;, exit status 0
08:30:46 INFO  Executed sudo&lt;tedge_temp&gt;, exit status 0
08:30:46 INFO  Executed sudo&lt;tedge_pres&gt;, exit status 0
08:30:48 INFO  Executed sudo&lt;kill_out&gt;, exit status 0
08:30:48 INFO  0

08:30:48 WARN  TypeError occurred while running test - 'int' object is not subscriptable
Traceback (most recent call last):
  File "/home/pi/env-pysys/lib/python3.7/site-packages/pysys/baserunner.py", line 1296, in __call__
    self.testObj.validate()
  File "/home/pi/actions-runner/_work/thin-edge.io/thin-edge.io/tests/PySys/monitoring/monitoring_smaller_interval/run.py", line 104, in validate
    collectd_msg_validation_result=self.validate_json(),
  File "/home/pi/actions-runner/_work/thin-edge.io/thin-edge.io/tests/PySys/monitoring/monitoring_smaller_interval/run.py", line 114, in validate_json
    if not self.validate_time():
  File "/home/pi/actions-runner/_work/thin-edge.io/thin-edge.io/tests/PySys/monitoring/monitoring_smaller_interval/run.py", line 134, in validate_time
    if self.js_msg["time"]:
TypeError: 'int' object is not subscriptable
08:30:48 WARN  TypeError: 'int' object is not subscriptable ... blocked 
08:30:48 INFO  
08:30:48 INFO  cleanup:
08:30:48 INFO  monitoring_cleanup
08:30:48 INFO  Executed sudo&lt;collectd_mapper&gt;, exit status 0
08:30:48 INFO  
08:30:48 INFO  Test duration: 14.85 secs
08:30:48 INFO  Test final outcome:  BLOCKED
08:30:48 INFO  Test outcome reason: TypeError: 'int' object is not subscriptable
08:30:48 INFO  
</system-out>
	</testcase>
</testsuite><testsuite name="monitoring_with_collectd" tests="1" errors="0" failures="0" skipped="1" time="0"><testcase classname="MonitoringWithCollectd" name="monitoring_with_collectd">
		<skipped message="SKIPPED: Test execution disabled due to #792 (instable)" />
		<system-out>08:30:48 INFO  ==============================================================
08:30:48 INFO  Id:    monitoring_with_collectd
08:30:48 INFO  Dir:   monitoring/
08:30:48 INFO  Title: Validate tedge dm agent messages that are produced by batching the collectd messages
08:30:48 INFO  ==============================================================
08:30:48 INFO  Test execution disabled due to #792 (instable) ... skipped
08:30:48 INFO  
08:30:48 INFO  Test duration: 0.02 secs
08:30:48 INFO  Test final outcome:  SKIPPED
08:30:48 INFO  Test outcome reason: Test execution disabled due to #792 (instable)
08:30:48 INFO  
</system-out>
	</testcase>
</testsuite><testsuite name="monitoring_with_simulated_messages" tests="1" errors="0" failures="1" skipped="0" time="0"><testcase classname="MonitoringWithSimulatedMessages" name="monitoring_with_simulated_messages">
		<failure message="BLOCKED: TypeError: 'int' object is not subscriptable" type="BLOCKED" />
		<system-out>08:30:49 INFO  ==============================================================
08:30:49 INFO  Id:    monitoring_with_simulated_messages
08:30:49 INFO  Dir:   monitoring/
08:30:49 INFO  Title: Validate the tedge dm agent messages that are produced from the simulated collectd messages
08:30:49 INFO  ==============================================================
08:30:49 INFO  Executed sudo&lt;collectd&gt;, exit status 0
08:30:50 INFO  Executed sudo&lt;collectd_mapper&gt;, exit status 0
08:30:50 INFO  Started sudo&lt;tedge_sub&gt; with process id 11763
08:30:50 INFO  Executed sudo&lt;tedge_temp&gt;, exit status 0
08:30:51 INFO  Executed sudo&lt;tedge_pres&gt;, exit status 0
08:30:52 INFO  Executed sudo&lt;kill_out&gt;, exit status 0
08:30:52 INFO  0

08:30:52 WARN  TypeError occurred while running test - 'int' object is not subscriptable
Traceback (most recent call last):
  File "/home/pi/env-pysys/lib/python3.7/site-packages/pysys/baserunner.py", line 1296, in __call__
    self.testObj.validate()
  File "/home/pi/actions-runner/_work/thin-edge.io/thin-edge.io/tests/PySys/monitoring/monitoring_with_simulated_messages/run.py", line 98, in validate
    collectd_msg_validation_result=self.validate_json(),
  File "/home/pi/actions-runner/_work/thin-edge.io/thin-edge.io/tests/PySys/monitoring/monitoring_with_simulated_messages/run.py", line 108, in validate_json
    if not self.validate_time():
  File "/home/pi/actions-runner/_work/thin-edge.io/thin-edge.io/tests/PySys/monitoring/monitoring_with_simulated_messages/run.py", line 127, in validate_time
    if self.js_msg["time"]:
TypeError: 'int' object is not subscriptable
08:30:52 WARN  TypeError: 'int' object is not subscriptable ... blocked 
08:30:52 INFO  
08:30:52 INFO  cleanup:
08:30:52 INFO  monitoring_cleanup
08:30:53 INFO  Executed sudo&lt;collectd_mapper&gt;, exit status 0
08:30:53 INFO  
08:30:53 INFO  Test duration: 4.34 secs
08:30:53 INFO  Test final outcome:  BLOCKED
08:30:53 INFO  Test outcome reason: TypeError: 'int' object is not subscriptable
08:30:53 INFO  
</system-out>
	</testcase>
</testsuite><testsuite name="mqtt_port_change_connection_fails" tests="1" errors="0" failures="0" skipped="0" time="0"><testcase classname="MqttPortChangeConnectionFails" name="mqtt_port_change_connection_fails" />
</testsuite><testsuite name="mqtt_port_change_connection_works" tests="1" errors="0" failures="0" skipped="1" time="0"><testcase classname="MqttPortChangeConnectionWorks" name="mqtt_port_change_connection_works">
		<skipped message="SKIPPED: failing intermitently" />
		<system-out>08:29:47 INFO  ==============================================================
08:29:47 INFO  Id:    mqtt_port_change_connection_works
08:29:47 INFO  Dir:   misc_features/
08:29:47 INFO  Title: mqtt port change connection works for all the thin-edge services that use the mosquitto broker
08:29:47 INFO  ==============================================================
08:29:47 INFO  failing intermitently ... skipped
08:29:47 INFO  
08:29:47 INFO  Test duration: 0.02 secs
08:29:47 INFO  Test final outcome:  SKIPPED
08:29:47 INFO  Test outcome reason: failing intermitently
08:29:47 INFO  
</system-out>
	</testcase>
</testsuite><testsuite name="publish_flux" tests="1" errors="0" failures="0" skipped="0" time="0"><testcase classname="PublishFlux" name="publish_flux" />
</testsuite><testsuite name="publish_sawmill" tests="1" errors="0" failures="0" skipped="0" time="0"><testcase classname="PublishSawmill" name="publish_sawmill" />
</testsuite><testsuite name="runtime_start_two_mappers" tests="1" errors="0" failures="0" skipped="0" time="0"><testcase classname="RuntimeMultiMappers" name="runtime_start_two_mappers" />
</testsuite><testsuite name="sm_tedge_mapper_init_session" tests="1" errors="0" failures="0" skipped="0" time="0"><testcase classname="TedgeSMMapperInitSession" name="sm_tedge_mapper_init_session" />
</testsuite><testsuite name="smoketest_json" tests="1" errors="0" failures="0" skipped="0" time="0"><testcase classname="SmokeTestJson" name="smoketest_json" />
</testsuite><testsuite name="smoketest_json_400_samples_10ms" tests="1" errors="0" failures="0" skipped="0" time="0"><testcase classname="SmoketestJson400Samples10ms" name="smoketest_json_400_samples_10ms" />
</testsuite><testsuite name="smoketest_json_400_samples_20ms" tests="1" errors="0" failures="0" skipped="0" time="0"><testcase classname="SmoketestJson400Samples20ms" name="smoketest_json_400_samples_20ms" />
</testsuite><testsuite name="smoketest_smartrest" tests="1" errors="0" failures="0" skipped="0" time="0"><testcase classname="SmoketestSmartRest" name="smoketest_smartrest" />
</testsuite><testsuite name="smoketest_smartrest_400_samples_1Xms" tests="1" errors="0" failures="0" skipped="0" time="0"><testcase classname="SmoketestSmartRest400Samples1Xms" name="smoketest_smartrest_400_samples_1Xms" />
</testsuite><testsuite name="smoketest_smartrest_400_samples_20ms" tests="1" errors="0" failures="0" skipped="0" time="0"><testcase classname="SmoketestSmartRest400Samples20ms" name="smoketest_smartrest_400_samples_20ms" />
</testsuite><testsuite name="tedge_agent_user_sudo_access" tests="1" errors="0" failures="0" skipped="1" time="0"><testcase classname="TedgeAgentUserSudoAccess" name="tedge_agent_user_sudo_access">
		<skipped message="SKIPPED: #955 Observation: Exit code of the apt plugin when called with no arguments" />
		<system-out>08:40:52 INFO  ==============================================================
08:40:52 INFO  Id:    tedge_agent_user_sudo_access
08:40:52 INFO  Dir:   tedge/
08:40:52 INFO  Title: Validate tedge-agent user has a limited sudo right
08:40:52 INFO  ==============================================================
08:40:52 INFO  #955 Observation: Exit code of the apt plugin when called with no arguments ... skipped
08:40:52 INFO  
08:40:52 INFO  Test duration: 0.03 secs
08:40:52 INFO  Test final outcome:  SKIPPED
08:40:52 INFO  Test outcome reason: #955 Observation: Exit code of the apt plugin when called with no arguments
08:40:52 INFO  
</system-out>
	</testcase>
</testsuite><testsuite name="tedge_connect_test_negative" tests="1" errors="0" failures="0" skipped="0" time="0"><testcase classname="TedgeConnectTestNegative" name="tedge_connect_test_negative" />
</testsuite><testsuite name="tedge_connect_test_positive" tests="1" errors="0" failures="0" skipped="0" time="0"><testcase classname="TedgeConnectTestPositive" name="tedge_connect_test_positive" />
</testsuite><testsuite name="tedge_connect_test_sm_services" tests="1" errors="0" failures="0" skipped="0" time="0"><testcase classname="TedgeConnectTestSMServices" name="tedge_connect_test_sm_services" />
</testsuite><testsuite name="tedge_disconnect_test_sm_services" tests="1" errors="0" failures="0" skipped="0" time="0"><testcase classname="TedgeDisConnectTestSMServices" name="tedge_disconnect_test_sm_services" />
</testsuite><testsuite name="tedge_mapper_az_negative" tests="1" errors="0" failures="0" skipped="0" time="0"><testcase classname="TedgeMapperAzError" name="tedge_mapper_az_negative" />
</testsuite><testsuite name="tedge_mapper_az_with_timestamp" tests="1" errors="0" failures="0" skipped="0" time="0"><testcase classname="TedgeMapperAzWithTimestamp" name="tedge_mapper_az_with_timestamp" />
</testsuite><testsuite name="tedge_mapper_az_without_timestamp" tests="1" errors="0" failures="0" skipped="0" time="0"><testcase classname="TedgeMapperAzWithoutTimestamp" name="tedge_mapper_az_without_timestamp" />
</testsuite><testsuite name="tedge_mapper_c8y_alarms" tests="1" errors="0" failures="0" skipped="0" time="0"><testcase classname="TedgeMapperC8yAlarm" name="tedge_mapper_c8y_alarms" />
</testsuite><testsuite name="tedge_mapper_c8y_child_device_measurement" tests="1" errors="0" failures="0" skipped="0" time="0"><testcase classname="TedgeMapperC8yChildDevice" name="tedge_mapper_c8y_child_device_measurement" />
</testsuite><testsuite name="tedge_mapper_c8y_packet_threshold_size" tests="1" errors="0" failures="1" skipped="0" time="0"><testcase classname="TedgeMapperC8yThresholdPacketSize" name="tedge_mapper_c8y_packet_threshold_size">
		<failure message="FAILED: Grep on tedge_sub.out contains &quot;The size of the message received on tedge/measurements is 20489 which is greater than the threshold size of 16184.&quot;" type="FAILED" />
		<system-out>08:45:18 INFO  ==============================================================
08:45:18 INFO  Id:    tedge_mapper_c8y_packet_threshold_size
08:45:18 INFO  Dir:   tedge_mapper_c8y/
08:45:18 INFO  Title: Validate the Cumulocity Mapper accepted threshold packet size when it receives a message on tedge/measurements
08:45:18 INFO  ==============================================================
08:45:19 INFO  Executed sudo&lt;tedge_mapper_c8y&gt;, exit status 0
08:45:19 INFO  Started sudo&lt;tedge_sub&gt; with process id 16162
08:45:20 INFO  Executed sudo&lt;tedge_msg&gt;, exit status 0
08:45:20 INFO  Executed sudo&lt;tedge_pub&gt;, exit status 0
08:45:21 INFO  Executed sudo&lt;kill_out&gt;, exit status 0
08:45:21 WARN  Grep on tedge_sub.out contains "The size of the message received on tedge/measurements is 20489 which is greater than the threshold size of 16184." ... failed [run.py:88]
08:45:21 INFO  
08:45:21 INFO  cleanup:
08:45:21 INFO  mapper_cleanup
08:45:21 INFO  Executed sudo&lt;tedge_mapper_c8y&gt;, exit status 0
08:45:21 INFO  
08:45:21 INFO  Test duration: 2.95 secs
08:45:21 INFO  Test final outcome:  FAILED
08:45:21 INFO  Test outcome reason: Grep on tedge_sub.out contains "The size of the message received on tedge/measurements is 20489 which is greater than the threshold size of 16184."
08:45:21 INFO  
</system-out>
	</testcase>
</testsuite><testsuite name="tedge_software_update" tests="1" errors="0" failures="0" skipped="0" time="0"><testcase classname="PySysTest" name="tedge_software_update" />
</testsuite><testsuite name="valid_device_id" tests="1" errors="0" failures="0" skipped="0" time="0"><testcase classname="ValidateValidDeviceId" name="valid_device_id" />
</testsuite></testsuites>