<?xml version='1.0' encoding='utf-8'?>
<testsuites tests="139" failures="17" errors="0" skipped="45" time="0.0"><testsuite name="SoftwareManagement.Plugin.apama_plugin_install" tests="3" errors="0" failures="0" skipped="1" time="0"><testcase classname="ApamaPluginInstallTest" name="SoftwareManagement.Plugin.apama_plugin_install">
		<skipped message="SKIPPED: Apama plugin tests are disabled by default. Execute `pysys run` with `-XmyPlatform=container` to run these tests" />
		<system-out>16:16:02 INFO  ==============================================================
16:16:02 INFO  Id:    SoftwareManagement.Plugin.apama_plugin_install
16:16:02 INFO  Dir:   plugin_apama/
16:16:02 INFO  Title: Validate apama plugin install
16:16:02 INFO  ==============================================================
16:16:02 INFO  Apama plugin tests are disabled by default. Execute `pysys run` with `-XmyPlatform=container` to run these tests ... skipped
16:16:02 WARN  Aborted test due to SKIPPED outcome
16:16:02 INFO  
16:16:02 INFO  Test duration: 0.05 secs
16:16:02 INFO  Test final outcome:  SKIPPED
16:16:02 INFO  Test outcome reason: Apama plugin tests are disabled by default. Execute `pysys run` with `-XmyPlatform=container` to run these tests
16:16:02 INFO  
</system-out>
	</testcase>
<testcase classname="ApamaPluginInstallTest" name="SoftwareManagement.Plugin.apama_plugin_install" />
<testcase classname="ApamaPluginInstallTest" name="SoftwareManagement.Plugin.apama_plugin_install" />
</testsuite><testsuite name="SoftwareManagement.Plugin.apama_plugin_mon_support" tests="3" errors="0" failures="0" skipped="1" time="0"><testcase classname="ApamaPluginMonSupportTest" name="SoftwareManagement.Plugin.apama_plugin_mon_support">
		<skipped message="SKIPPED: Apama plugin tests are disabled by default. Execute `pysys run` with `-XmyPlatform=container` to run these tests" />
		<system-out>16:16:02 INFO  ==============================================================
16:16:02 INFO  Id:    SoftwareManagement.Plugin.apama_plugin_mon_support
16:16:02 INFO  Dir:   plugin_apama/
16:16:02 INFO  Title: Validate mon file support of apama plugin
16:16:02 INFO  ==============================================================
16:16:02 INFO  Apama plugin tests are disabled by default. Execute `pysys run` with `-XmyPlatform=container` to run these tests ... skipped
16:16:02 WARN  Aborted test due to SKIPPED outcome
16:16:02 INFO  
16:16:02 INFO  Test duration: 0.02 secs
16:16:02 INFO  Test final outcome:  SKIPPED
16:16:02 INFO  Test outcome reason: Apama plugin tests are disabled by default. Execute `pysys run` with `-XmyPlatform=container` to run these tests
16:16:02 INFO  
</system-out>
	</testcase>
<testcase classname="ApamaPluginMonSupportTest" name="SoftwareManagement.Plugin.apama_plugin_mon_support" />
<testcase classname="ApamaPluginMonSupportTest" name="SoftwareManagement.Plugin.apama_plugin_mon_support" />
</testsuite><testsuite name="SoftwareManagement.Plugin.apama_plugin_remove" tests="3" errors="0" failures="0" skipped="1" time="0"><testcase classname="ApamaPluginRemoveTest" name="SoftwareManagement.Plugin.apama_plugin_remove">
		<skipped message="SKIPPED: Apama plugin tests are disabled by default. Execute `pysys run` with `-XmyPlatform=container` to run these tests" />
		<system-out>16:16:02 INFO  ==============================================================
16:16:02 INFO  Id:    SoftwareManagement.Plugin.apama_plugin_remove
16:16:02 INFO  Dir:   plugin_apama/
16:16:02 INFO  Title: Validate apama plugin remove
16:16:02 INFO  ==============================================================
16:16:02 INFO  Apama plugin tests are disabled by default. Execute `pysys run` with `-XmyPlatform=container` to run these tests ... skipped
16:16:02 WARN  Aborted test due to SKIPPED outcome
16:16:02 INFO  
16:16:02 INFO  Test duration: 0.02 secs
16:16:02 INFO  Test final outcome:  SKIPPED
16:16:02 INFO  Test outcome reason: Apama plugin tests are disabled by default. Execute `pysys run` with `-XmyPlatform=container` to run these tests
16:16:02 INFO  
</system-out>
	</testcase>
<testcase classname="ApamaPluginRemoveTest" name="SoftwareManagement.Plugin.apama_plugin_remove" />
<testcase classname="ApamaPluginRemoveTest" name="SoftwareManagement.Plugin.apama_plugin_remove" />
</testsuite><testsuite name="SoftwareManagement.Plugin.apama_plugin_update" tests="3" errors="0" failures="2" skipped="1" time="0"><testcase classname="ApamaPluginUpdateTest" name="SoftwareManagement.Plugin.apama_plugin_update">
		<skipped message="SKIPPED: Apama plugin tests are disabled by default. Execute `pysys run` with `-XmyPlatform=container` to run these tests" />
		<system-out>16:16:02 INFO  ==============================================================
16:16:02 INFO  Id:    SoftwareManagement.Plugin.apama_plugin_update
16:16:02 INFO  Dir:   plugin_apama/
16:16:02 INFO  Title: Validate apama plugin updating one project with another
16:16:02 INFO  ==============================================================
16:16:02 INFO  Apama plugin tests are disabled by default. Execute `pysys run` with `-XmyPlatform=container` to run these tests ... skipped
16:16:02 WARN  Aborted test due to SKIPPED outcome
16:16:02 INFO  
16:16:02 INFO  Test duration: 0.02 secs
16:16:02 INFO  Test final outcome:  SKIPPED
16:16:02 INFO  Test outcome reason: Apama plugin tests are disabled by default. Execute `pysys run` with `-XmyPlatform=container` to run these tests
16:16:02 INFO  
</system-out>
	</testcase>
<testcase classname="ApamaPluginUpdateTest" name="SoftwareManagement.Plugin.apama_plugin_update">
		<failure message="BLOCKED: sudo&lt;plugin_install&gt; returned non-zero exit code 2" type="BLOCKED" />
		<system-out>17:07:18 INFO  ==============================================================
17:07:18 INFO  Id:    SoftwareManagement.Plugin.apama_plugin_update
17:07:18 INFO  Dir:   plugin_apama/
17:07:18 INFO  Title: Validate apama plugin updating one project with another
17:07:18 INFO  ==============================================================
17:07:18 INFO  Assertion that path exists=False for "/etc/tedge/apama/project" ... passed
17:07:19 INFO  Executed sudo&lt;create_project_dir&gt;, exit status 0
17:07:19 INFO  Executed sudo&lt;unzip_apama_project&gt;, exit status 0
17:07:20 INFO  Executed sudo&lt;move_apama_project&gt;, exit status 0
17:07:21 INFO  Executed sudo&lt;restart_apama_service&gt;, exit status 0
17:07:21 INFO  Executed sudo&lt;apama_correlator_wait&gt;, exit status 0
17:07:21 INFO  Assertion that path exists=True for "/etc/tedge/apama/project" ... passed
17:07:22 INFO  Executed sudo&lt;apama_list_monitors&gt;, exit status 0
17:07:22 INFO  Grep on file /home/pi/actions-runner/_work/thin-edge.io/thin-edge.io/tests/PySys/plugin_apama/apama_plugin_update/Output/linux/apama_list_monitors.out ... passed
17:07:23 WARN  Executed sudo&lt;plugin_install&gt;, exit status 2
17:07:23 INFO  Contents of plugin_install.err: 
  ERROR: Directory not empty (os error 39)
  -----

17:07:23 WARN  sudo&lt;plugin_install&gt; returned non-zero exit code 2 ... blocked [run.py:35]
17:07:23 WARN  Aborted test due to BLOCKED outcome
17:07:23 INFO  
17:07:23 INFO  cleanup:
17:07:23 INFO  Removing apama project
17:07:38 INFO  Executed sudo&lt;stop_apama_service&gt;, exit status 0, duration 15 secs
17:07:39 INFO  Executed sudo&lt;remove_apama_project&gt;, exit status 0
17:07:39 INFO  Executed sudo&lt;remove_apama_tmp_dir&gt;, exit status 0
17:07:39 INFO  
17:07:39 INFO  Test duration: 21.06 secs
17:07:39 INFO  Test final outcome:  BLOCKED
17:07:39 INFO  Test outcome reason: sudo&lt;plugin_install&gt; returned non-zero exit code 2
17:07:39 INFO  
</system-out>
	</testcase>
<testcase classname="ApamaPluginUpdateTest" name="SoftwareManagement.Plugin.apama_plugin_update">
		<failure message="BLOCKED: sudo&lt;plugin_install&gt; returned non-zero exit code 2" type="BLOCKED" />
		<system-out>17:15:56 INFO  ==============================================================
17:15:56 INFO  Id:    SoftwareManagement.Plugin.apama_plugin_update
17:15:56 INFO  Dir:   plugin_apama/
17:15:56 INFO  Title: Validate apama plugin updating one project with another
17:15:56 INFO  ==============================================================
17:15:56 INFO  Assertion that path exists=False for "/etc/tedge/apama/project" ... passed
17:15:56 INFO  Executed sudo&lt;create_project_dir&gt;, exit status 0
17:15:57 INFO  Executed sudo&lt;unzip_apama_project&gt;, exit status 0
17:15:57 INFO  Executed sudo&lt;move_apama_project&gt;, exit status 0
17:15:58 INFO  Executed sudo&lt;restart_apama_service&gt;, exit status 0
17:15:59 INFO  Executed sudo&lt;apama_correlator_wait&gt;, exit status 0
17:15:59 INFO  Assertion that path exists=True for "/etc/tedge/apama/project" ... passed
17:16:00 INFO  Executed sudo&lt;apama_list_monitors&gt;, exit status 0
17:16:00 INFO  Grep on file /home/pi/actions-runner/_work/thin-edge.io/thin-edge.io/tests/PySys/plugin_apama/apama_plugin_update/Output/linux/apama_list_monitors.out ... passed
17:16:00 WARN  Executed sudo&lt;plugin_install&gt;, exit status 2
17:16:00 INFO  Contents of plugin_install.err: 
  ERROR: Directory not empty (os error 39)
  -----

17:16:01 WARN  sudo&lt;plugin_install&gt; returned non-zero exit code 2 ... blocked [run.py:35]
17:16:01 WARN  Aborted test due to BLOCKED outcome
17:16:01 INFO  
17:16:01 INFO  cleanup:
17:16:01 INFO  Removing apama project
17:16:16 INFO  Executed sudo&lt;stop_apama_service&gt;, exit status 0, duration 15 secs
17:16:17 INFO  Executed sudo&lt;remove_apama_project&gt;, exit status 0
17:16:17 INFO  Executed sudo&lt;remove_apama_tmp_dir&gt;, exit status 0
17:16:17 INFO  
17:16:17 INFO  Test duration: 21.49 secs
17:16:17 INFO  Test final outcome:  BLOCKED
17:16:17 INFO  Test outcome reason: sudo&lt;plugin_install&gt; returned non-zero exit code 2
17:16:17 INFO  
</system-out>
	</testcase>
</testsuite><testsuite name="SoftwareManagement.sm_apt_install_download_path" tests="3" errors="0" failures="2" skipped="1" time="0"><testcase classname="AptInstallWithDownloadPath" name="SoftwareManagement.sm_apt_install_download_path">
		<skipped message="SKIPPED: Testing the apt plugin is not supported on this platform.Use parameter -XmyPlatform='container' to enable it" />
		<system-out>16:25:40 INFO  ==============================================================
16:25:40 INFO  Id:    SoftwareManagement.sm_apt_install_download_path
16:25:40 INFO  Dir:   software_management_end_to_end/
16:25:40 INFO  Title: Install package to directory specified in tedge config set tmp.path
16:25:40 INFO  ==============================================================
16:25:40 INFO  Testing the apt plugin is not supported on this platform.Use parameter -XmyPlatform='container' to enable it ... skipped
16:25:40 WARN  Aborted test due to SKIPPED outcome
16:25:40 INFO  
16:25:40 INFO  Test duration: 0.07 secs
16:25:40 INFO  Test final outcome:  SKIPPED
16:25:40 INFO  Test outcome reason: Testing the apt plugin is not supported on this platform.Use parameter -XmyPlatform='container' to enable it
16:25:40 INFO  
</system-out>
	</testcase>
<testcase classname="AptInstallWithDownloadPath" name="SoftwareManagement.sm_apt_install_download_path">
		<failure message="BLOCKED: AssertionError:" type="BLOCKED" />
		<system-out>16:49:19 INFO  ==============================================================
16:49:19 INFO  Id:    SoftwareManagement.sm_apt_install_download_path
16:49:19 INFO  Dir:   software_management_end_to_end/
16:49:19 INFO  Title: Install package to directory specified in tedge config set tmp.path
16:49:19 INFO  ==============================================================
16:49:20 INFO  Using sw id database: {'asciijump': '5475369', 'robotfindskitten': '5474869', 'squirrel3': '5475279', 'rolldice': '5152439', 'moon-buggy': '5439204', 'apple': '5495053', 'banana': '5494888', 'cherry': '5495382', 'watermelon': '5494510', 'registry': '8018911', 'hello-world': '8021526', 'docker/getting-started': '8021973', 'alpine': '7991792'}
16:49:20 INFO  EnvironmentC8y Setup
16:49:20 INFO  Executed systemctl&lt;serv_mapper1&gt;, exit status 3
16:49:35 INFO  Executed sudo&lt;tedge_connect_c8y&gt;, exit status 0, duration 14 secs
16:49:37 INFO  Executed sudo&lt;tedge_connect_c8y_test&gt;, exit status 0
16:49:38 INFO  Executed systemctl&lt;serv_mosq2&gt;, exit status 0
16:49:38 INFO  Executed systemctl&lt;serv_mapper3&gt;, exit status 0
16:49:41 ERROR No operations found, assuming it passed
16:49:41 INFO  Assert that (False == value) with value=False ... passed
16:49:41 INFO  Executed sudo, exit status 0
16:49:42 INFO  Executed sudo, exit status 0
16:49:43 INFO  Executed sudo, exit status 0
16:49:46 INFO  Executed sudo&lt;tedge_disconnect_c8y&gt;, exit status 0
16:49:47 INFO  Restarting mosquitto too frequently in the last 10 seconds. It was only up for 3 seconds
16:49:47 INFO  Delaying execution by 8 seconds
16:50:09 INFO  Executed sudo&lt;tedge_connect_c8y&gt;, exit status 0, duration 14 secs
16:50:10 INFO  Response status: 201
16:50:10 INFO  Response to action: {
    "delivery": {
        "log": [],
        "time": "2022-07-26T16:50:10.014Z",
        "status": "PENDING"
    },
    "creationTime": "2022-07-26T16:50:09.589Z",
    "deviceId": "21435313",
    "deviceName": "m32sd10d",
    "self": "https://t493319102.eu-latest.cumulocity.com/devicecontrol/operations/21435069",
    "id": "21435069",
    "status": "PENDING",
    "description": "Apply software changes, triggered from PySys: [{'name': 'rolldice', 'id': '5152439', 'version': '::apt', 'url': 'https://thin-edge-io.eu-latest.cumulocity.com/inventory/binaries/12435463', 'action': 'install'}]",
    "c8y_SoftwareUpdate": [
        {
            "name": "rolldice",
            "action": "install",
            "id": "5152439",
            "version": "::apt",
            "url": "https://thin-edge-io.eu-latest.cumulocity.com/inventory/binaries/12435463"
        }
    ]
}
16:50:10 INFO  Started operation: {'delivery': {'log': [], 'time': '2022-07-26T16:50:10.014Z', 'status': 'PENDING'}, 'creationTime': '2022-07-26T16:50:09.589Z', 'deviceId': '21435313', 'deviceName': 'm32sd10d', 'self': 'https://t493319102.eu-latest.cumulocity.com/devicecontrol/operations/21435069', 'id': '21435069', 'status': 'PENDING', 'description': "Apply software changes, triggered from PySys: [{'name': 'rolldice', 'id': '5152439', 'version': '::apt', 'url': 'https://thin-edge-io.eu-latest.cumulocity.com/inventory/binaries/12435463', 'action': 'install'}]", 'c8y_SoftwareUpdate': [{'name': 'rolldice', 'action': 'install', 'id': '5152439', 'version': '::apt', 'url': 'https://thin-edge-io.eu-latest.cumulocity.com/inventory/binaries/12435463'}]}
16:50:10 WARN  , retrying in 0.5 seconds...
16:50:10 WARN  , retrying in 0.5 seconds...
16:50:11 WARN  , retrying in 0.5 seconds...
16:50:11 WARN  , retrying in 0.5 seconds...
16:50:12 WARN  , retrying in 0.5 seconds...
16:50:12 WARN  , retrying in 0.5 seconds...
16:50:13 WARN  , retrying in 0.5 seconds...
16:50:13 WARN  , retrying in 0.5 seconds...
16:50:14 WARN  , retrying in 0.5 seconds...
16:50:14 WARN  AssertionError occurred while running test - 
Traceback (most recent call last):
  File "/home/pi/env-pysys/lib/python3.7/site-packages/pysys/baserunner.py", line 1294, in __call__
    self.testObj.execute()
  File "/home/pi/actions-runner/_work/thin-edge.io/thin-edge.io/tests/PySys/software_management_end_to_end/sm_apt_install_download_path/run.py", line 83, in execute
    assert_install_in_download_path(install_directory=self.DOWNLOAD_DIR)
  File "/home/pi/env-pysys/lib/python3.7/site-packages/decorator.py", line 232, in fun
    return caller(func, *(extras + args), **kw)
  File "/home/pi/env-pysys/lib/python3.7/site-packages/retry/api.py", line 74, in retry_decorator
    logger)
  File "/home/pi/env-pysys/lib/python3.7/site-packages/retry/api.py", line 33, in __retry_internal
    return f()
  File "/home/pi/actions-runner/_work/thin-edge.io/thin-edge.io/tests/PySys/software_management_end_to_end/sm_apt_install_download_path/run.py", line 28, in assert_install_in_download_path
    assert "rolldice" in os.listdir(f"{install_directory}")
AssertionError
16:50:15 WARN  AssertionError: ... blocked 
16:50:15 INFO  
16:50:15 INFO  cleanup:
16:50:15 INFO  Executed sudo, exit status 0
16:50:16 INFO  Executed sudo, exit status 0
16:50:20 INFO  Executed sudo&lt;tedge_disconnect_c8y&gt;, exit status 0
16:50:20 INFO  Restarting mosquitto too frequently in the last 10 seconds. It was only up for 3 seconds
16:50:20 INFO  Delaying execution by 8 seconds
16:50:42 INFO  Executed sudo&lt;tedge_connect_c8y&gt;, exit status 0, duration 14 secs
16:50:46 INFO  Executed sudo&lt;tedge_disconnect_c8y&gt;, exit status 0
16:50:47 INFO  Executed systemctl&lt;serv_mapper5&gt;, exit status 3
16:50:47 INFO  
16:50:47 INFO  Test duration: 87.77 secs
16:50:47 INFO  Test final outcome:  BLOCKED
16:50:47 INFO  Test outcome reason: AssertionError:
16:50:47 INFO  
</system-out>
	</testcase>
<testcase classname="AptInstallWithDownloadPath" name="SoftwareManagement.sm_apt_install_download_path">
		<failure message="BLOCKED: AssertionError:" type="BLOCKED" />
		<system-out>17:16:17 INFO  ==============================================================
17:16:17 INFO  Id:    SoftwareManagement.sm_apt_install_download_path
17:16:17 INFO  Dir:   software_management_end_to_end/
17:16:17 INFO  Title: Install package to directory specified in tedge config set tmp.path
17:16:17 INFO  ==============================================================
17:16:18 INFO  Using sw id database: {'asciijump': '5475369', 'robotfindskitten': '5474869', 'squirrel3': '5475279', 'rolldice': '5152439', 'moon-buggy': '5439204', 'apple': '5495053', 'banana': '5494888', 'cherry': '5495382', 'watermelon': '5494510', 'registry': '8018911', 'hello-world': '8021526', 'docker/getting-started': '8021973', 'alpine': '7991792'}
17:16:18 INFO  EnvironmentC8y Setup
17:16:19 INFO  Executed systemctl&lt;serv_mapper1&gt;, exit status 3
17:16:33 INFO  Executed sudo&lt;tedge_connect_c8y&gt;, exit status 0, duration 14 secs
17:16:34 INFO  Executed sudo&lt;tedge_connect_c8y_test&gt;, exit status 0
17:16:34 INFO  Executed systemctl&lt;serv_mosq2&gt;, exit status 0
17:16:35 INFO  Executed systemctl&lt;serv_mapper3&gt;, exit status 0
17:16:37 INFO  State of current operation: SUCCESSFUL
17:16:37 INFO  Assert that (False == value) with value=False ... passed
17:16:38 INFO  Executed sudo, exit status 0
17:16:38 INFO  Executed sudo, exit status 0
17:16:39 INFO  Executed sudo, exit status 0
17:16:43 INFO  Executed sudo&lt;tedge_disconnect_c8y&gt;, exit status 0
17:16:43 INFO  Restarting mosquitto too frequently in the last 10 seconds. It was only up for 3 seconds
17:16:43 INFO  Delaying execution by 8 seconds
17:17:05 INFO  Executed sudo&lt;tedge_connect_c8y&gt;, exit status 0, duration 13 secs
17:17:05 INFO  Response status: 201
17:17:05 INFO  Response to action: {
    "creationTime": "2022-07-26T17:17:05.578Z",
    "deviceId": "21435313",
    "deviceName": "m32sd10d",
    "self": "https://t493319102.eu-latest.cumulocity.com/devicecontrol/operations/21453231",
    "id": "21453231",
    "status": "PENDING",
    "description": "Apply software changes, triggered from PySys: [{'name': 'rolldice', 'id': '5152439', 'version': '::apt', 'url': 'https://thin-edge-io.eu-latest.cumulocity.com/inventory/binaries/12435463', 'action': 'install'}]",
    "c8y_SoftwareUpdate": [
        {
            "name": "rolldice",
            "action": "install",
            "id": "5152439",
            "version": "::apt",
            "url": "https://thin-edge-io.eu-latest.cumulocity.com/inventory/binaries/12435463"
        }
    ]
}
17:17:05 INFO  Started operation: {'creationTime': '2022-07-26T17:17:05.578Z', 'deviceId': '21435313', 'deviceName': 'm32sd10d', 'self': 'https://t493319102.eu-latest.cumulocity.com/devicecontrol/operations/21453231', 'id': '21453231', 'status': 'PENDING', 'description': "Apply software changes, triggered from PySys: [{'name': 'rolldice', 'id': '5152439', 'version': '::apt', 'url': 'https://thin-edge-io.eu-latest.cumulocity.com/inventory/binaries/12435463', 'action': 'install'}]", 'c8y_SoftwareUpdate': [{'name': 'rolldice', 'action': 'install', 'id': '5152439', 'version': '::apt', 'url': 'https://thin-edge-io.eu-latest.cumulocity.com/inventory/binaries/12435463'}]}
17:17:05 WARN  , retrying in 0.5 seconds...
17:17:06 WARN  , retrying in 0.5 seconds...
17:17:06 WARN  , retrying in 0.5 seconds...
17:17:07 WARN  , retrying in 0.5 seconds...
17:17:07 WARN  , retrying in 0.5 seconds...
17:17:08 WARN  , retrying in 0.5 seconds...
17:17:08 WARN  , retrying in 0.5 seconds...
17:17:09 WARN  , retrying in 0.5 seconds...
17:17:09 WARN  , retrying in 0.5 seconds...
17:17:10 WARN  AssertionError occurred while running test - 
Traceback (most recent call last):
  File "/home/pi/env-pysys/lib/python3.7/site-packages/pysys/baserunner.py", line 1294, in __call__
    self.testObj.execute()
  File "/home/pi/actions-runner/_work/thin-edge.io/thin-edge.io/tests/PySys/software_management_end_to_end/sm_apt_install_download_path/run.py", line 83, in execute
    assert_install_in_download_path(install_directory=self.DOWNLOAD_DIR)
  File "/home/pi/env-pysys/lib/python3.7/site-packages/decorator.py", line 232, in fun
    return caller(func, *(extras + args), **kw)
  File "/home/pi/env-pysys/lib/python3.7/site-packages/retry/api.py", line 74, in retry_decorator
    logger)
  File "/home/pi/env-pysys/lib/python3.7/site-packages/retry/api.py", line 33, in __retry_internal
    return f()
  File "/home/pi/actions-runner/_work/thin-edge.io/thin-edge.io/tests/PySys/software_management_end_to_end/sm_apt_install_download_path/run.py", line 28, in assert_install_in_download_path
    assert "rolldice" in os.listdir(f"{install_directory}")
AssertionError
17:17:10 WARN  AssertionError: ... blocked 
17:17:10 INFO  
17:17:10 INFO  cleanup:
17:17:10 INFO  Executed sudo, exit status 0
17:17:11 INFO  Executed sudo, exit status 0
17:17:15 INFO  Executed sudo&lt;tedge_disconnect_c8y&gt;, exit status 0
17:17:15 INFO  Restarting mosquitto too frequently in the last 10 seconds. It was only up for 3 seconds
17:17:15 INFO  Delaying execution by 8 seconds
17:17:38 INFO  Executed sudo&lt;tedge_connect_c8y&gt;, exit status 0, duration 14 secs
17:17:42 INFO  Executed sudo&lt;tedge_disconnect_c8y&gt;, exit status 0
17:17:43 INFO  Executed systemctl&lt;serv_mapper5&gt;, exit status 3
17:17:43 INFO  
17:17:43 INFO  Test duration: 85.75 secs
17:17:43 INFO  Test final outcome:  BLOCKED
17:17:43 INFO  Test outcome reason: AssertionError:
17:17:43 INFO  
</system-out>
	</testcase>
</testsuite><testsuite name="SoftwareManagement.sm_apt_install_fail" tests="3" errors="0" failures="0" skipped="1" time="0"><testcase classname="PySysTest" name="SoftwareManagement.sm_apt_install_fail">
		<skipped message="SKIPPED: Testing the apt plugin is not supported on this platform.Use parameter -XmyPlatform='container' to enable it" />
		<system-out>16:25:40 INFO  ==============================================================
16:25:40 INFO  Id:    SoftwareManagement.sm_apt_install_fail
16:25:40 INFO  Dir:   software_management_end_to_end/
16:25:40 INFO  Title: Validate end to end behaviour for a failing installation
16:25:40 INFO  ==============================================================
16:25:40 INFO  Testing the apt plugin is not supported on this platform.Use parameter -XmyPlatform='container' to enable it ... skipped
16:25:40 WARN  Aborted test due to SKIPPED outcome
16:25:40 INFO  
16:25:40 INFO  Test duration: 0.02 secs
16:25:40 INFO  Test final outcome:  SKIPPED
16:25:40 INFO  Test outcome reason: Testing the apt plugin is not supported on this platform.Use parameter -XmyPlatform='container' to enable it
16:25:40 INFO  
</system-out>
	</testcase>
<testcase classname="PySysTest" name="SoftwareManagement.sm_apt_install_fail" />
<testcase classname="PySysTest" name="SoftwareManagement.sm_apt_install_fail" />
</testsuite><testsuite name="SoftwareManagement.sm_apt_install_remove" tests="3" errors="0" failures="0" skipped="1" time="0"><testcase classname="PySysTest" name="SoftwareManagement.sm_apt_install_remove">
		<skipped message="SKIPPED: Testing the apt plugin is not supported on this platform.Use parameter -XmyPlatform='container' to enable it" />
		<system-out>16:25:40 INFO  ==============================================================
16:25:40 INFO  Id:    SoftwareManagement.sm_apt_install_remove
16:25:40 INFO  Dir:   software_management_end_to_end/
16:25:40 INFO  Title: Validate end to end behaviour for the apt plugin for installation and removal of packages
16:25:40 INFO  ==============================================================
16:25:40 INFO  Testing the apt plugin is not supported on this platform.Use parameter -XmyPlatform='container' to enable it ... skipped
16:25:40 WARN  Aborted test due to SKIPPED outcome
16:25:40 INFO  
16:25:40 INFO  Test duration: 0.02 secs
16:25:40 INFO  Test final outcome:  SKIPPED
16:25:40 INFO  Test outcome reason: Testing the apt plugin is not supported on this platform.Use parameter -XmyPlatform='container' to enable it
16:25:40 INFO  
</system-out>
	</testcase>
<testcase classname="PySysTest" name="SoftwareManagement.sm_apt_install_remove" />
<testcase classname="PySysTest" name="SoftwareManagement.sm_apt_install_remove" />
</testsuite><testsuite name="SoftwareManagement.sm_apt_install_remove_default" tests="3" errors="0" failures="0" skipped="1" time="0"><testcase classname="PySysTest" name="SoftwareManagement.sm_apt_install_remove_default">
		<skipped message="SKIPPED: Testing the apt plugin is not supported on this platform.Use parameter -XmyPlatform='container' to enable it" />
		<system-out>16:25:40 INFO  ==============================================================
16:25:40 INFO  Id:    SoftwareManagement.sm_apt_install_remove_default
16:25:40 INFO  Dir:   software_management_end_to_end/
16:25:40 INFO  Title: Validate end to end behaviour for the default plugin for installation and removal of packages
16:25:40 INFO  ==============================================================
16:25:40 INFO  Testing the apt plugin is not supported on this platform.Use parameter -XmyPlatform='container' to enable it ... skipped
16:25:40 WARN  Aborted test due to SKIPPED outcome
16:25:40 INFO  
16:25:40 INFO  Test duration: 0.02 secs
16:25:40 INFO  Test final outcome:  SKIPPED
16:25:40 INFO  Test outcome reason: Testing the apt plugin is not supported on this platform.Use parameter -XmyPlatform='container' to enable it
16:25:40 INFO  
</system-out>
	</testcase>
<testcase classname="PySysTest" name="SoftwareManagement.sm_apt_install_remove_default" />
<testcase classname="PySysTest" name="SoftwareManagement.sm_apt_install_remove_default" />
</testsuite><testsuite name="SoftwareManagement.sm_apt_install_remove_multiple" tests="3" errors="0" failures="2" skipped="1" time="0"><testcase classname="PySysTest" name="SoftwareManagement.sm_apt_install_remove_multiple">
		<skipped message="SKIPPED: Testing the apt plugin is not supported on this platform.Use parameter -XmyPlatform='container' to enable it" />
		<system-out>16:25:40 INFO  ==============================================================
16:25:40 INFO  Id:    SoftwareManagement.sm_apt_install_remove_multiple
16:25:40 INFO  Dir:   software_management_end_to_end/
16:25:40 INFO  Title: Validate end to end behaviour for the apt plugin for multiple packages
16:25:40 INFO  ==============================================================
16:25:40 INFO  Testing the apt plugin is not supported on this platform.Use parameter -XmyPlatform='container' to enable it ... skipped
16:25:40 WARN  Aborted test due to SKIPPED outcome
16:25:40 INFO  
16:25:40 INFO  Test duration: 0.02 secs
16:25:40 INFO  Test final outcome:  SKIPPED
16:25:40 INFO  Test outcome reason: Testing the apt plugin is not supported on this platform.Use parameter -XmyPlatform='container' to enable it
16:25:40 INFO  
</system-out>
	</testcase>
<testcase classname="PySysTest" name="SoftwareManagement.sm_apt_install_remove_multiple">
		<failure message="FAILED: Assert that (False == value) with value=True" type="FAILED" />
		<system-out>16:57:33 INFO  ==============================================================
16:57:33 INFO  Id:    SoftwareManagement.sm_apt_install_remove_multiple
16:57:33 INFO  Dir:   software_management_end_to_end/
16:57:33 INFO  Title: Validate end to end behaviour for the apt plugin for multiple packages
16:57:33 INFO  ==============================================================
16:57:33 INFO  Using sw id database: {'asciijump': '5475369', 'robotfindskitten': '5474869', 'squirrel3': '5475279', 'rolldice': '5152439', 'moon-buggy': '5439204', 'apple': '5495053', 'banana': '5494888', 'cherry': '5495382', 'watermelon': '5494510', 'registry': '8018911', 'hello-world': '8021526', 'docker/getting-started': '8021973', 'alpine': '7991792'}
16:57:33 INFO  EnvironmentC8y Setup
16:57:33 INFO  Executed systemctl&lt;serv_mapper1&gt;, exit status 3
16:57:34 INFO  Restarting mosquitto too frequently in the last 10 seconds. It was only up for 4 seconds
16:57:34 INFO  Delaying execution by 7 seconds
16:57:55 INFO  Executed sudo&lt;tedge_connect_c8y&gt;, exit status 0, duration 14 secs
16:57:56 INFO  Executed sudo&lt;tedge_connect_c8y_test&gt;, exit status 0
16:57:56 INFO  Executed systemctl&lt;serv_mosq2&gt;, exit status 0
16:57:57 INFO  Executed systemctl&lt;serv_mapper3&gt;, exit status 0
16:57:59 INFO  State of current operation: SUCCESSFUL
16:57:59 INFO  Assert that (False == value) with value=False ... passed
16:57:59 INFO  Assert that (False == value) with value=False ... passed
16:57:59 INFO  Assert that (False == value) with value=False ... passed
16:58:00 INFO  Package robotfindskitten is installed
16:58:00 WARN  Assert that (False == value) with value=True ... failed 
16:58:00 INFO  Response status: 201
16:58:00 INFO  Response to action: {
    "creationTime": "2022-07-26T16:58:00.408Z",
    "deviceId": "21435313",
    "deviceName": "m32sd10d",
    "self": "https://t493319102.eu-latest.cumulocity.com/devicecontrol/operations/21453131",
    "id": "21453131",
    "status": "PENDING",
    "description": "Apply software changes, triggered from PySys: [{'action': 'install', 'id': '5475369', 'name': 'asciijump', 'url': ' ', 'version': '::apt'}, {'action': 'install', 'id': '5474869', 'name': 'robotfindskitten', 'url': ' ', 'version': '::apt'}, {'action': 'install', 'id': '5475279', 'name': 'squirrel3', 'url': ' ', 'version': '::apt'}]",
    "c8y_SoftwareUpdate": [
        {
            "name": "asciijump",
            "action": "install",
            "id": "5475369",
            "version": "::apt",
            "url": " "
        },
        {
            "name": "robotfindskitten",
            "action": "install",
            "id": "5474869",
            "version": "::apt",
            "url": " "
        },
        {
            "name": "squirrel3",
            "action": "install",
            "id": "5475279",
            "version": "::apt",
            "url": " "
        }
    ]
}
16:58:00 INFO  Started operation: {'creationTime': '2022-07-26T16:58:00.408Z', 'deviceId': '21435313', 'deviceName': 'm32sd10d', 'self': 'https://t493319102.eu-latest.cumulocity.com/devicecontrol/operations/21453131', 'id': '21453131', 'status': 'PENDING', 'description': "Apply software changes, triggered from PySys: [{'action': 'install', 'id': '5475369', 'name': 'asciijump', 'url': ' ', 'version': '::apt'}, {'action': 'install', 'id': '5474869', 'name': 'robotfindskitten', 'url': ' ', 'version': '::apt'}, {'action': 'install', 'id': '5475279', 'name': 'squirrel3', 'url': ' ', 'version': '::apt'}]", 'c8y_SoftwareUpdate': [{'name': 'asciijump', 'action': 'install', 'id': '5475369', 'version': '::apt', 'url': ' '}, {'name': 'robotfindskitten', 'action': 'install', 'id': '5474869', 'version': '::apt', 'url': ' '}, {'name': 'squirrel3', 'action': 'install', 'id': '5475279', 'version': '::apt', 'url': ' '}]}
16:58:02 INFO  State of operation 21453131 : PENDING
16:58:04 INFO  State of operation 21453131 : EXECUTING
16:58:07 INFO  State of operation 21453131 : EXECUTING
16:58:09 INFO  State of operation 21453131 : EXECUTING
16:58:11 INFO  State of operation 21453131 : EXECUTING
16:58:13 INFO  State of operation 21453131 : EXECUTING
16:58:16 INFO  State of operation 21453131 : EXECUTING
16:58:19 INFO  State of operation 21453131 : EXECUTING
16:58:21 INFO  State of operation 21453131 : EXECUTING
16:58:24 INFO  State of operation 21453131 : EXECUTING
16:58:26 INFO  State of operation 21453131 : EXECUTING
16:58:28 INFO  State of operation 21453131 : EXECUTING
16:58:30 INFO  State of operation 21453131 : EXECUTING
16:58:33 INFO  State of operation 21453131 : EXECUTING
16:58:35 INFO  State of operation 21453131 : EXECUTING
16:58:37 INFO  State of operation 21453131 : EXECUTING
16:58:40 INFO  State of operation 21453131 : EXECUTING
16:58:42 INFO  State of operation 21453131 : EXECUTING
16:58:45 INFO  State of operation 21453131 : EXECUTING
16:58:47 INFO  State of operation 21453131 : EXECUTING
16:58:49 INFO  State of operation 21453131 : EXECUTING
16:58:52 INFO  State of operation 21453131 : EXECUTING
16:58:54 INFO  State of operation 21453131 : EXECUTING
16:58:57 INFO  State of operation 21453131 : EXECUTING
16:58:59 INFO  State of operation 21453131 : EXECUTING
16:59:02 INFO  State of operation 21453131 : EXECUTING
16:59:04 INFO  State of operation 21453131 : EXECUTING
16:59:07 INFO  State of operation 21453131 : EXECUTING
16:59:09 INFO  State of operation 21453131 : EXECUTING
16:59:12 INFO  State of operation 21453131 : EXECUTING
16:59:14 INFO  State of operation 21453131 : EXECUTING
16:59:16 INFO  State of operation 21453131 : EXECUTING
16:59:18 INFO  State of operation 21453131 : EXECUTING
16:59:20 INFO  State of operation 21453131 : SUCCESSFUL
16:59:21 INFO  Assert that (False == value) with value=False ... passed
16:59:21 INFO  Package asciijump is installed
16:59:21 INFO  Assert that (True == value) with value=True ... passed
16:59:21 INFO  Package squirrel3 is installed
16:59:21 INFO  Assert that (True == value) with value=True ... passed
16:59:21 INFO  Package robotfindskitten is installed
16:59:21 INFO  Assert that (True == value) with value=True ... passed
16:59:22 INFO  Response status: 201
16:59:22 INFO  Response to action: {
    "creationTime": "2022-07-26T16:59:22.037Z",
    "deviceId": "21435313",
    "deviceName": "m32sd10d",
    "self": "https://t493319102.eu-latest.cumulocity.com/devicecontrol/operations/21453146",
    "id": "21453146",
    "status": "PENDING",
    "description": "Apply software changes, triggered from PySys: [{'action': 'delete', 'id': '5475369', 'name': 'asciijump', 'url': ' ', 'version': '::apt'}, {'action': 'delete', 'id': '5474869', 'name': 'robotfindskitten', 'url': ' ', 'version': '::apt'}, {'action': 'delete', 'id': '5475279', 'name': 'squirrel3', 'url': ' ', 'version': '::apt'}]",
    "c8y_SoftwareUpdate": [
        {
            "name": "asciijump",
            "action": "delete",
            "id": "5475369",
            "version": "::apt",
            "url": " "
        },
        {
            "name": "robotfindskitten",
            "action": "delete",
            "id": "5474869",
            "version": "::apt",
            "url": " "
        },
        {
            "name": "squirrel3",
            "action": "delete",
            "id": "5475279",
            "version": "::apt",
            "url": " "
        }
    ]
}
16:59:22 INFO  Started operation: {'creationTime': '2022-07-26T16:59:22.037Z', 'deviceId': '21435313', 'deviceName': 'm32sd10d', 'self': 'https://t493319102.eu-latest.cumulocity.com/devicecontrol/operations/21453146', 'id': '21453146', 'status': 'PENDING', 'description': "Apply software changes, triggered from PySys: [{'action': 'delete', 'id': '5475369', 'name': 'asciijump', 'url': ' ', 'version': '::apt'}, {'action': 'delete', 'id': '5474869', 'name': 'robotfindskitten', 'url': ' ', 'version': '::apt'}, {'action': 'delete', 'id': '5475279', 'name': 'squirrel3', 'url': ' ', 'version': '::apt'}]", 'c8y_SoftwareUpdate': [{'name': 'asciijump', 'action': 'delete', 'id': '5475369', 'version': '::apt', 'url': ' '}, {'name': 'robotfindskitten', 'action': 'delete', 'id': '5474869', 'version': '::apt', 'url': ' '}, {'name': 'squirrel3', 'action': 'delete', 'id': '5475279', 'version': '::apt', 'url': ' '}]}
16:59:24 INFO  State of operation 21453146 : PENDING
16:59:26 INFO  State of operation 21453146 : EXECUTING
16:59:28 INFO  State of operation 21453146 : EXECUTING
16:59:30 INFO  State of operation 21453146 : EXECUTING
16:59:33 INFO  State of operation 21453146 : EXECUTING
16:59:35 INFO  State of operation 21453146 : EXECUTING
16:59:38 INFO  State of operation 21453146 : EXECUTING
16:59:41 INFO  State of operation 21453146 : EXECUTING
16:59:43 INFO  State of operation 21453146 : EXECUTING
16:59:45 INFO  State of operation 21453146 : EXECUTING
16:59:48 INFO  State of operation 21453146 : EXECUTING
16:59:50 INFO  State of operation 21453146 : EXECUTING
16:59:52 INFO  State of operation 21453146 : EXECUTING
16:59:54 INFO  State of operation 21453146 : EXECUTING
16:59:57 INFO  State of operation 21453146 : EXECUTING
16:59:59 INFO  State of operation 21453146 : EXECUTING
17:00:01 INFO  State of operation 21453146 : EXECUTING
17:00:04 INFO  State of operation 21453146 : EXECUTING
17:00:06 INFO  State of operation 21453146 : EXECUTING
17:00:09 INFO  State of operation 21453146 : EXECUTING
17:00:11 INFO  State of operation 21453146 : EXECUTING
17:00:13 INFO  State of operation 21453146 : EXECUTING
17:00:15 INFO  State of operation 21453146 : EXECUTING
17:00:17 INFO  State of operation 21453146 : EXECUTING
17:00:20 INFO  State of operation 21453146 : EXECUTING
17:00:23 INFO  State of operation 21453146 : EXECUTING
17:00:25 INFO  State of operation 21453146 : EXECUTING
17:00:27 INFO  State of operation 21453146 : SUCCESSFUL
17:00:27 INFO  Assert that (False == value) with value=False ... passed
17:00:28 INFO  Assert that (False == value) with value=False ... passed
17:00:28 INFO  Assert that (False == value) with value=False ... passed
17:00:28 INFO  Assert that (False == value) with value=False ... passed
17:00:28 INFO  
17:00:28 INFO  cleanup:
17:00:32 INFO  Executed sudo&lt;tedge_disconnect_c8y&gt;, exit status 0
17:00:33 INFO  Executed systemctl&lt;serv_mapper5&gt;, exit status 3
17:00:33 INFO  
17:00:33 INFO  Test duration: 179.76 secs
17:00:33 INFO  Test final outcome:  FAILED
17:00:33 INFO  Test outcome reason: Assert that (False == value) with value=True
17:00:33 INFO  
</system-out>
	</testcase>
<testcase classname="PySysTest" name="SoftwareManagement.sm_apt_install_remove_multiple">
		<failure message="FAILED: Assert that (False == value) with value=True (+2 other failures)" type="FAILED" />
		<system-out>17:24:14 INFO  ==============================================================
17:24:14 INFO  Id:    SoftwareManagement.sm_apt_install_remove_multiple
17:24:14 INFO  Dir:   software_management_end_to_end/
17:24:14 INFO  Title: Validate end to end behaviour for the apt plugin for multiple packages
17:24:14 INFO  ==============================================================
17:24:14 INFO  Using sw id database: {'asciijump': '5475369', 'robotfindskitten': '5474869', 'squirrel3': '5475279', 'rolldice': '5152439', 'moon-buggy': '5439204', 'apple': '5495053', 'banana': '5494888', 'cherry': '5495382', 'watermelon': '5494510', 'registry': '8018911', 'hello-world': '8021526', 'docker/getting-started': '8021973', 'alpine': '7991792'}
17:24:14 INFO  EnvironmentC8y Setup
17:24:14 INFO  Executed systemctl&lt;serv_mapper1&gt;, exit status 3
17:24:14 INFO  Restarting mosquitto too frequently in the last 10 seconds. It was only up for 4 seconds
17:24:14 INFO  Delaying execution by 7 seconds
17:24:36 INFO  Executed sudo&lt;tedge_connect_c8y&gt;, exit status 0, duration 14 secs
17:24:37 INFO  Executed sudo&lt;tedge_connect_c8y_test&gt;, exit status 0
17:24:37 INFO  Executed systemctl&lt;serv_mosq2&gt;, exit status 0
17:24:38 INFO  Executed systemctl&lt;serv_mapper3&gt;, exit status 0
17:24:40 INFO  State of current operation: SUCCESSFUL
17:24:40 INFO  Assert that (False == value) with value=False ... passed
17:24:40 INFO  Package asciijump is installed
17:24:41 WARN  Assert that (False == value) with value=True ... failed 
17:24:41 INFO  Package squirrel3 is installed
17:24:41 WARN  Assert that (False == value) with value=True ... failed 
17:24:41 INFO  Package robotfindskitten is installed
17:24:41 WARN  Assert that (False == value) with value=True ... failed 
17:24:41 INFO  Response status: 201
17:24:41 INFO  Response to action: {
    "creationTime": "2022-07-26T17:24:41.787Z",
    "deviceId": "21435313",
    "deviceName": "m32sd10d",
    "self": "https://t493319102.eu-latest.cumulocity.com/devicecontrol/operations/21453300",
    "id": "21453300",
    "status": "PENDING",
    "description": "Apply software changes, triggered from PySys: [{'action': 'install', 'id': '5475369', 'name': 'asciijump', 'url': ' ', 'version': '::apt'}, {'action': 'install', 'id': '5474869', 'name': 'robotfindskitten', 'url': ' ', 'version': '::apt'}, {'action': 'install', 'id': '5475279', 'name': 'squirrel3', 'url': ' ', 'version': '::apt'}]",
    "c8y_SoftwareUpdate": [
        {
            "name": "asciijump",
            "action": "install",
            "id": "5475369",
            "version": "::apt",
            "url": " "
        },
        {
            "name": "robotfindskitten",
            "action": "install",
            "id": "5474869",
            "version": "::apt",
            "url": " "
        },
        {
            "name": "squirrel3",
            "action": "install",
            "id": "5475279",
            "version": "::apt",
            "url": " "
        }
    ]
}
17:24:41 INFO  Started operation: {'creationTime': '2022-07-26T17:24:41.787Z', 'deviceId': '21435313', 'deviceName': 'm32sd10d', 'self': 'https://t493319102.eu-latest.cumulocity.com/devicecontrol/operations/21453300', 'id': '21453300', 'status': 'PENDING', 'description': "Apply software changes, triggered from PySys: [{'action': 'install', 'id': '5475369', 'name': 'asciijump', 'url': ' ', 'version': '::apt'}, {'action': 'install', 'id': '5474869', 'name': 'robotfindskitten', 'url': ' ', 'version': '::apt'}, {'action': 'install', 'id': '5475279', 'name': 'squirrel3', 'url': ' ', 'version': '::apt'}]", 'c8y_SoftwareUpdate': [{'name': 'asciijump', 'action': 'install', 'id': '5475369', 'version': '::apt', 'url': ' '}, {'name': 'robotfindskitten', 'action': 'install', 'id': '5474869', 'version': '::apt', 'url': ' '}, {'name': 'squirrel3', 'action': 'install', 'id': '5475279', 'version': '::apt', 'url': ' '}]}
17:24:44 INFO  State of operation 21453300 : PENDING
17:24:46 INFO  State of operation 21453300 : EXECUTING
17:24:48 INFO  State of operation 21453300 : EXECUTING
17:24:50 INFO  State of operation 21453300 : EXECUTING
17:24:52 INFO  State of operation 21453300 : EXECUTING
17:24:55 INFO  State of operation 21453300 : EXECUTING
17:24:57 INFO  State of operation 21453300 : EXECUTING
17:25:00 INFO  State of operation 21453300 : EXECUTING
17:25:02 INFO  State of operation 21453300 : EXECUTING
17:25:05 INFO  State of operation 21453300 : EXECUTING
17:25:07 INFO  State of operation 21453300 : EXECUTING
17:25:09 INFO  State of operation 21453300 : EXECUTING
17:25:11 INFO  State of operation 21453300 : EXECUTING
17:25:14 INFO  State of operation 21453300 : EXECUTING
17:25:16 INFO  State of operation 21453300 : EXECUTING
17:25:18 INFO  State of operation 21453300 : SUCCESSFUL
17:25:19 INFO  Assert that (False == value) with value=False ... passed
17:25:19 INFO  Package asciijump is installed
17:25:19 INFO  Assert that (True == value) with value=True ... passed
17:25:19 INFO  Package squirrel3 is installed
17:25:19 INFO  Assert that (True == value) with value=True ... passed
17:25:19 INFO  Package robotfindskitten is installed
17:25:19 INFO  Assert that (True == value) with value=True ... passed
17:25:19 INFO  Response status: 201
17:25:19 INFO  Response to action: {
    "creationTime": "2022-07-26T17:25:19.870Z",
    "deviceId": "21435313",
    "deviceName": "m32sd10d",
    "self": "https://t493319102.eu-latest.cumulocity.com/devicecontrol/operations/21453312",
    "id": "21453312",
    "status": "PENDING",
    "description": "Apply software changes, triggered from PySys: [{'action': 'delete', 'id': '5475369', 'name': 'asciijump', 'url': ' ', 'version': '::apt'}, {'action': 'delete', 'id': '5474869', 'name': 'robotfindskitten', 'url': ' ', 'version': '::apt'}, {'action': 'delete', 'id': '5475279', 'name': 'squirrel3', 'url': ' ', 'version': '::apt'}]",
    "c8y_SoftwareUpdate": [
        {
            "name": "asciijump",
            "action": "delete",
            "id": "5475369",
            "version": "::apt",
            "url": " "
        },
        {
            "name": "robotfindskitten",
            "action": "delete",
            "id": "5474869",
            "version": "::apt",
            "url": " "
        },
        {
            "name": "squirrel3",
            "action": "delete",
            "id": "5475279",
            "version": "::apt",
            "url": " "
        }
    ]
}
17:25:19 INFO  Started operation: {'creationTime': '2022-07-26T17:25:19.870Z', 'deviceId': '21435313', 'deviceName': 'm32sd10d', 'self': 'https://t493319102.eu-latest.cumulocity.com/devicecontrol/operations/21453312', 'id': '21453312', 'status': 'PENDING', 'description': "Apply software changes, triggered from PySys: [{'action': 'delete', 'id': '5475369', 'name': 'asciijump', 'url': ' ', 'version': '::apt'}, {'action': 'delete', 'id': '5474869', 'name': 'robotfindskitten', 'url': ' ', 'version': '::apt'}, {'action': 'delete', 'id': '5475279', 'name': 'squirrel3', 'url': ' ', 'version': '::apt'}]", 'c8y_SoftwareUpdate': [{'name': 'asciijump', 'action': 'delete', 'id': '5475369', 'version': '::apt', 'url': ' '}, {'name': 'robotfindskitten', 'action': 'delete', 'id': '5474869', 'version': '::apt', 'url': ' '}, {'name': 'squirrel3', 'action': 'delete', 'id': '5475279', 'version': '::apt', 'url': ' '}]}
17:25:22 INFO  State of operation 21453312 : PENDING
17:25:24 INFO  State of operation 21453312 : EXECUTING
17:25:26 INFO  State of operation 21453312 : EXECUTING
17:25:28 INFO  State of operation 21453312 : EXECUTING
17:25:31 INFO  State of operation 21453312 : EXECUTING
17:25:33 INFO  State of operation 21453312 : EXECUTING
17:25:36 INFO  State of operation 21453312 : EXECUTING
17:25:39 INFO  State of operation 21453312 : EXECUTING
17:25:41 INFO  State of operation 21453312 : EXECUTING
17:25:43 INFO  State of operation 21453312 : EXECUTING
17:25:46 INFO  State of operation 21453312 : EXECUTING
17:25:48 INFO  State of operation 21453312 : EXECUTING
17:25:50 INFO  State of operation 21453312 : EXECUTING
17:25:52 INFO  State of operation 21453312 : EXECUTING
17:25:54 INFO  State of operation 21453312 : EXECUTING
17:25:57 INFO  State of operation 21453312 : EXECUTING
17:25:59 INFO  State of operation 21453312 : EXECUTING
17:26:02 INFO  State of operation 21453312 : EXECUTING
17:26:04 INFO  State of operation 21453312 : EXECUTING
17:26:07 INFO  State of operation 21453312 : EXECUTING
17:26:09 INFO  State of operation 21453312 : EXECUTING
17:26:11 INFO  State of operation 21453312 : EXECUTING
17:26:13 INFO  State of operation 21453312 : EXECUTING
17:26:16 INFO  State of operation 21453312 : EXECUTING
17:26:18 INFO  State of operation 21453312 : EXECUTING
17:26:21 INFO  State of operation 21453312 : EXECUTING
17:26:23 INFO  State of operation 21453312 : EXECUTING
17:26:25 INFO  State of operation 21453312 : EXECUTING
17:26:27 INFO  State of operation 21453312 : SUCCESSFUL
17:26:28 INFO  Assert that (False == value) with value=False ... passed
17:26:28 INFO  Assert that (False == value) with value=False ... passed
17:26:28 INFO  Assert that (False == value) with value=False ... passed
17:26:28 INFO  Assert that (False == value) with value=False ... passed
17:26:28 INFO  
17:26:28 INFO  cleanup:
17:26:32 INFO  Executed sudo&lt;tedge_disconnect_c8y&gt;, exit status 0
17:26:33 INFO  Executed systemctl&lt;serv_mapper5&gt;, exit status 3
17:26:33 INFO  
17:26:33 INFO  Test duration: 139.26 secs
17:26:33 INFO  Test final outcome:  FAILED
17:26:33 INFO  Test outcome reason: Assert that (False == value) with value=True (+2 other failures)
17:26:33 INFO  
</system-out>
	</testcase>
</testsuite><testsuite name="SoftwareManagement.sm_apt_install_remove_multiple_mixed" tests="3" errors="0" failures="2" skipped="1" time="0"><testcase classname="PySysTest" name="SoftwareManagement.sm_apt_install_remove_multiple_mixed">
		<skipped message="SKIPPED: Testing the apt plugin is not supported on this platform.Use parameter -XmyPlatform='container' to enable it" />
		<system-out>16:25:40 INFO  ==============================================================
16:25:40 INFO  Id:    SoftwareManagement.sm_apt_install_remove_multiple_mixed
16:25:40 INFO  Dir:   software_management_end_to_end/
16:25:40 INFO  Title: Validate end to end behaviour for the apt plugin for multiple packages with mixed versions
16:25:40 INFO  ==============================================================
16:25:40 INFO  Testing the apt plugin is not supported on this platform.Use parameter -XmyPlatform='container' to enable it ... skipped
16:25:40 WARN  Aborted test due to SKIPPED outcome
16:25:40 INFO  
16:25:40 INFO  Test duration: 0.02 secs
16:25:40 INFO  Test final outcome:  SKIPPED
16:25:40 INFO  Test outcome reason: Testing the apt plugin is not supported on this platform.Use parameter -XmyPlatform='container' to enable it
16:25:40 INFO  
</system-out>
	</testcase>
<testcase classname="PySysTest" name="SoftwareManagement.sm_apt_install_remove_multiple_mixed">
		<failure message="BLOCKED: SystemError: Timeout while waiting for status SUCCESSFUL or False" type="BLOCKED" />
		<system-out>17:00:33 INFO  ==============================================================
17:00:33 INFO  Id:    SoftwareManagement.sm_apt_install_remove_multiple_mixed
17:00:33 INFO  Dir:   software_management_end_to_end/
17:00:33 INFO  Title: Validate end to end behaviour for the apt plugin for multiple packages with mixed versions
17:00:33 INFO  ==============================================================
17:00:33 INFO  Using sw id database: {'asciijump': '5475369', 'robotfindskitten': '5474869', 'squirrel3': '5475279', 'rolldice': '5152439', 'moon-buggy': '5439204', 'apple': '5495053', 'banana': '5494888', 'cherry': '5495382', 'watermelon': '5494510', 'registry': '8018911', 'hello-world': '8021526', 'docker/getting-started': '8021973', 'alpine': '7991792'}
17:00:33 INFO  EnvironmentC8y Setup
17:00:33 INFO  Executed systemctl&lt;serv_mapper1&gt;, exit status 3
17:00:33 INFO  Restarting mosquitto too frequently in the last 10 seconds. It was only up for 4 seconds
17:00:33 INFO  Delaying execution by 7 seconds
17:00:54 INFO  Executed sudo&lt;tedge_connect_c8y&gt;, exit status 0, duration 13 secs
17:00:55 INFO  Executed sudo&lt;tedge_connect_c8y_test&gt;, exit status 0
17:00:55 INFO  Executed systemctl&lt;serv_mosq2&gt;, exit status 0
17:00:56 INFO  Executed systemctl&lt;serv_mapper3&gt;, exit status 0
17:00:58 INFO  State of current operation: SUCCESSFUL
17:00:58 INFO  Assert that (False == value) with value=False ... passed
17:00:58 INFO  Assert that (False == value) with value=False ... passed
17:00:59 INFO  Assert that (False == value) with value=False ... passed
17:00:59 INFO  Assert that (False == value) with value=False ... passed
17:00:59 INFO  Assert that (False == value) with value=False ... passed
17:01:00 INFO  Response status: 201
17:01:00 INFO  Response to action: {
    "delivery": {
        "log": [],
        "time": "2022-07-26T17:01:00.667Z",
        "status": "PENDING"
    },
    "creationTime": "2022-07-26T17:01:00.649Z",
    "deviceId": "21435313",
    "deviceName": "m32sd10d",
    "self": "https://t493319102.eu-latest.cumulocity.com/devicecontrol/operations/21453160",
    "id": "21453160",
    "status": "PENDING",
    "description": "Apply software changes, triggered from PySys: [{'action': 'install', 'id': '5475369', 'name': 'asciijump', 'url': ' ', 'version': '::apt'}, {'action': 'install', 'id': '5474869', 'name': 'robotfindskitten', 'url': ' ', 'version': ' '}, {'action': 'install', 'id': '5475279', 'name': 'squirrel3', 'url': ' ', 'version': '3.1-7::apt'}, {'action': 'install', 'id': '5152439', 'name': 'rolldice', 'url': ' ', 'version': '1.16-1+b1'}, {'action': 'install', 'id': '5439204', 'name': 'moon-buggy', 'url': ' ', 'version': '1:1.0.51-12'}, {'action': 'install', 'id': '5475369', 'name': 'asciijump', 'url': ' ', 'version': '::apt'}]",
    "c8y_SoftwareUpdate": [
        {
            "name": "asciijump",
            "action": "install",
            "id": "5475369",
            "version": "::apt",
            "url": " "
        },
        {
            "name": "robotfindskitten",
            "action": "install",
            "id": "5474869",
            "version": " ",
            "url": " "
        },
        {
            "name": "squirrel3",
            "action": "install",
            "id": "5475279",
            "version": "3.1-7::apt",
            "url": " "
        },
        {
            "name": "rolldice",
            "action": "install",
            "id": "5152439",
            "version": "1.16-1+b1",
            "url": " "
        },
        {
            "name": "moon-buggy",
            "action": "install",
            "id": "5439204",
            "version": "1:1.0.51-12",
            "url": " "
        },
        {
            "name": "asciijump",
            "action": "install",
            "id": "5475369",
            "version": "::apt",
            "url": " "
        }
    ]
}
17:01:00 INFO  Started operation: {'delivery': {'log': [], 'time': '2022-07-26T17:01:00.667Z', 'status': 'PENDING'}, 'creationTime': '2022-07-26T17:01:00.649Z', 'deviceId': '21435313', 'deviceName': 'm32sd10d', 'self': 'https://t493319102.eu-latest.cumulocity.com/devicecontrol/operations/21453160', 'id': '21453160', 'status': 'PENDING', 'description': "Apply software changes, triggered from PySys: [{'action': 'install', 'id': '5475369', 'name': 'asciijump', 'url': ' ', 'version': '::apt'}, {'action': 'install', 'id': '5474869', 'name': 'robotfindskitten', 'url': ' ', 'version': ' '}, {'action': 'install', 'id': '5475279', 'name': 'squirrel3', 'url': ' ', 'version': '3.1-7::apt'}, {'action': 'install', 'id': '5152439', 'name': 'rolldice', 'url': ' ', 'version': '1.16-1+b1'}, {'action': 'install', 'id': '5439204', 'name': 'moon-buggy', 'url': ' ', 'version': '1:1.0.51-12'}, {'action': 'install', 'id': '5475369', 'name': 'asciijump', 'url': ' ', 'version': '::apt'}]", 'c8y_SoftwareUpdate': [{'name': 'asciijump', 'action': 'install', 'id': '5475369', 'version': '::apt', 'url': ' '}, {'name': 'robotfindskitten', 'action': 'install', 'id': '5474869', 'version': ' ', 'url': ' '}, {'name': 'squirrel3', 'action': 'install', 'id': '5475279', 'version': '3.1-7::apt', 'url': ' '}, {'name': 'rolldice', 'action': 'install', 'id': '5152439', 'version': '1.16-1+b1', 'url': ' '}, {'name': 'moon-buggy', 'action': 'install', 'id': '5439204', 'version': '1:1.0.51-12', 'url': ' '}, {'name': 'asciijump', 'action': 'install', 'id': '5475369', 'version': '::apt', 'url': ' '}]}
17:01:02 INFO  State of operation 21453160 : PENDING
17:01:05 INFO  State of operation 21453160 : EXECUTING
17:01:07 INFO  State of operation 21453160 : EXECUTING
17:01:09 INFO  State of operation 21453160 : EXECUTING
17:01:11 INFO  State of operation 21453160 : EXECUTING
17:01:14 INFO  State of operation 21453160 : EXECUTING
17:01:16 INFO  State of operation 21453160 : EXECUTING
17:01:19 INFO  State of operation 21453160 : EXECUTING
17:01:21 INFO  State of operation 21453160 : EXECUTING
17:01:24 INFO  State of operation 21453160 : EXECUTING
17:01:26 INFO  State of operation 21453160 : EXECUTING
17:01:28 INFO  State of operation 21453160 : EXECUTING
17:01:30 INFO  State of operation 21453160 : EXECUTING
17:01:33 INFO  State of operation 21453160 : EXECUTING
17:01:35 INFO  State of operation 21453160 : EXECUTING
17:01:37 INFO  State of operation 21453160 : EXECUTING
17:01:40 INFO  State of operation 21453160 : EXECUTING
17:01:42 INFO  State of operation 21453160 : EXECUTING
17:01:45 INFO  State of operation 21453160 : EXECUTING
17:01:47 INFO  State of operation 21453160 : EXECUTING
17:01:49 INFO  State of operation 21453160 : EXECUTING
17:01:52 INFO  State of operation 21453160 : EXECUTING
17:01:54 INFO  State of operation 21453160 : EXECUTING
17:01:57 INFO  State of operation 21453160 : EXECUTING
17:01:59 INFO  State of operation 21453160 : EXECUTING
17:02:02 INFO  State of operation 21453160 : EXECUTING
17:02:04 INFO  State of operation 21453160 : EXECUTING
17:02:07 INFO  State of operation 21453160 : EXECUTING
17:02:09 INFO  State of operation 21453160 : EXECUTING
17:02:11 INFO  State of operation 21453160 : EXECUTING
17:02:14 INFO  State of operation 21453160 : EXECUTING
17:02:16 INFO  State of operation 21453160 : EXECUTING
17:02:18 INFO  State of operation 21453160 : EXECUTING
17:02:20 INFO  State of operation 21453160 : EXECUTING
17:02:23 INFO  State of operation 21453160 : EXECUTING
17:02:25 INFO  State of operation 21453160 : EXECUTING
17:02:27 INFO  State of operation 21453160 : EXECUTING
17:02:30 INFO  State of operation 21453160 : EXECUTING
17:02:33 INFO  State of operation 21453160 : EXECUTING
17:02:35 INFO  State of operation 21453160 : EXECUTING
17:02:37 INFO  State of operation 21453160 : EXECUTING
17:02:40 INFO  State of operation 21453160 : EXECUTING
17:02:42 INFO  State of operation 21453160 : EXECUTING
17:02:44 INFO  State of operation 21453160 : EXECUTING
17:02:46 INFO  State of operation 21453160 : EXECUTING
17:02:48 INFO  State of operation 21453160 : EXECUTING
17:02:51 INFO  State of operation 21453160 : EXECUTING
17:02:53 INFO  State of operation 21453160 : EXECUTING
17:02:56 INFO  State of operation 21453160 : EXECUTING
17:02:58 INFO  State of operation 21453160 : EXECUTING
17:03:00 INFO  State of operation 21453160 : EXECUTING
17:03:02 INFO  State of operation 21453160 : EXECUTING
17:03:06 INFO  State of operation 21453160 : EXECUTING
17:03:08 INFO  State of operation 21453160 : EXECUTING
17:03:11 INFO  State of operation 21453160 : EXECUTING
17:03:13 INFO  State of operation 21453160 : EXECUTING
17:03:16 INFO  State of operation 21453160 : EXECUTING
17:03:18 INFO  State of operation 21453160 : EXECUTING
17:03:21 INFO  State of operation 21453160 : EXECUTING
17:03:23 INFO  State of operation 21453160 : EXECUTING
17:03:25 INFO  State of operation 21453160 : EXECUTING
17:03:27 WARN  SystemError occurred while running test - Timeout while waiting for status SUCCESSFUL or False
Traceback (most recent call last):
  File "/home/pi/env-pysys/lib/python3.7/site-packages/pysys/baserunner.py", line 1294, in __call__
    self.testObj.execute()
  File "/home/pi/actions-runner/_work/thin-edge.io/thin-edge.io/tests/PySys/software_management_end_to_end/sm_apt_install_remove_multiple_mixed/run.py", line 89, in execute
    self.wait_until_succcess()
  File "/home/pi/actions-runner/_work/thin-edge.io/thin-edge.io/tests/PySys/software_management_end_to_end/environment_sm_management.py", line 324, in wait_until_succcess
    self.wait_until_status("SUCCESSFUL")
  File "/home/pi/actions-runner/_work/thin-edge.io/thin-edge.io/tests/PySys/software_management_end_to_end/environment_sm_management.py", line 381, in wait_until_status
    "Timeout while waiting for status %s or %s" % (status, status2)
SystemError: Timeout while waiting for status SUCCESSFUL or False
17:03:27 WARN  SystemError: Timeout while waiting for status SUCCESSFUL or False ... blocked 
17:03:27 INFO  
17:03:27 INFO  cleanup:
17:03:31 INFO  Executed sudo&lt;tedge_disconnect_c8y&gt;, exit status 0
17:03:32 INFO  Executed systemctl&lt;serv_mapper5&gt;, exit status 3
17:03:32 INFO  
17:03:32 INFO  Test duration: 179.36 secs
17:03:32 INFO  Test final outcome:  BLOCKED
17:03:32 INFO  Test outcome reason: SystemError: Timeout while waiting for status SUCCESSFUL or False
17:03:32 INFO  
</system-out>
	</testcase>
<testcase classname="PySysTest" name="SoftwareManagement.sm_apt_install_remove_multiple_mixed">
		<failure message="BLOCKED: SystemError: Timeout while waiting for status SUCCESSFUL or False (+1 other failures)" type="BLOCKED" />
		<system-out>17:26:33 INFO  ==============================================================
17:26:33 INFO  Id:    SoftwareManagement.sm_apt_install_remove_multiple_mixed
17:26:33 INFO  Dir:   software_management_end_to_end/
17:26:33 INFO  Title: Validate end to end behaviour for the apt plugin for multiple packages with mixed versions
17:26:33 INFO  ==============================================================
17:26:33 INFO  Using sw id database: {'asciijump': '5475369', 'robotfindskitten': '5474869', 'squirrel3': '5475279', 'rolldice': '5152439', 'moon-buggy': '5439204', 'apple': '5495053', 'banana': '5494888', 'cherry': '5495382', 'watermelon': '5494510', 'registry': '8018911', 'hello-world': '8021526', 'docker/getting-started': '8021973', 'alpine': '7991792'}
17:26:33 INFO  EnvironmentC8y Setup
17:26:34 INFO  Executed systemctl&lt;serv_mapper1&gt;, exit status 3
17:26:34 INFO  Restarting mosquitto too frequently in the last 10 seconds. It was only up for 5 seconds
17:26:34 INFO  Delaying execution by 6 seconds
17:26:54 INFO  Executed sudo&lt;tedge_connect_c8y&gt;, exit status 0, duration 13 secs
17:26:54 INFO  Executed sudo&lt;tedge_connect_c8y_test&gt;, exit status 0
17:26:55 INFO  Executed systemctl&lt;serv_mosq2&gt;, exit status 0
17:26:55 INFO  Executed systemctl&lt;serv_mapper3&gt;, exit status 0
17:26:58 INFO  State of current operation: SUCCESSFUL
17:26:58 INFO  Assert that (False == value) with value=False ... passed
17:26:58 INFO  Assert that (False == value) with value=False ... passed
17:26:58 INFO  Assert that (False == value) with value=False ... passed
17:26:58 INFO  Assert that (False == value) with value=False ... passed
17:26:59 INFO  Package moon-buggy is installed
17:26:59 WARN  Assert that (False == value) with value=True ... failed 
17:27:00 INFO  Response status: 201
17:27:00 INFO  Response to action: {
    "creationTime": "2022-07-26T17:27:00.409Z",
    "deviceId": "21435313",
    "deviceName": "m32sd10d",
    "self": "https://t493319102.eu-latest.cumulocity.com/devicecontrol/operations/21453322",
    "id": "21453322",
    "status": "PENDING",
    "description": "Apply software changes, triggered from PySys: [{'action': 'install', 'id': '5475369', 'name': 'asciijump', 'url': ' ', 'version': '::apt'}, {'action': 'install', 'id': '5474869', 'name': 'robotfindskitten', 'url': ' ', 'version': ' '}, {'action': 'install', 'id': '5475279', 'name': 'squirrel3', 'url': ' ', 'version': '3.1-7::apt'}, {'action': 'install', 'id': '5152439', 'name': 'rolldice', 'url': ' ', 'version': '1.16-1+b1'}, {'action': 'install', 'id': '5439204', 'name': 'moon-buggy', 'url': ' ', 'version': '1:1.0.51-12'}, {'action': 'install', 'id': '5475369', 'name': 'asciijump', 'url': ' ', 'version': '::apt'}]",
    "c8y_SoftwareUpdate": [
        {
            "name": "asciijump",
            "action": "install",
            "id": "5475369",
            "version": "::apt",
            "url": " "
        },
        {
            "name": "robotfindskitten",
            "action": "install",
            "id": "5474869",
            "version": " ",
            "url": " "
        },
        {
            "name": "squirrel3",
            "action": "install",
            "id": "5475279",
            "version": "3.1-7::apt",
            "url": " "
        },
        {
            "name": "rolldice",
            "action": "install",
            "id": "5152439",
            "version": "1.16-1+b1",
            "url": " "
        },
        {
            "name": "moon-buggy",
            "action": "install",
            "id": "5439204",
            "version": "1:1.0.51-12",
            "url": " "
        },
        {
            "name": "asciijump",
            "action": "install",
            "id": "5475369",
            "version": "::apt",
            "url": " "
        }
    ]
}
17:27:00 INFO  Started operation: {'creationTime': '2022-07-26T17:27:00.409Z', 'deviceId': '21435313', 'deviceName': 'm32sd10d', 'self': 'https://t493319102.eu-latest.cumulocity.com/devicecontrol/operations/21453322', 'id': '21453322', 'status': 'PENDING', 'description': "Apply software changes, triggered from PySys: [{'action': 'install', 'id': '5475369', 'name': 'asciijump', 'url': ' ', 'version': '::apt'}, {'action': 'install', 'id': '5474869', 'name': 'robotfindskitten', 'url': ' ', 'version': ' '}, {'action': 'install', 'id': '5475279', 'name': 'squirrel3', 'url': ' ', 'version': '3.1-7::apt'}, {'action': 'install', 'id': '5152439', 'name': 'rolldice', 'url': ' ', 'version': '1.16-1+b1'}, {'action': 'install', 'id': '5439204', 'name': 'moon-buggy', 'url': ' ', 'version': '1:1.0.51-12'}, {'action': 'install', 'id': '5475369', 'name': 'asciijump', 'url': ' ', 'version': '::apt'}]", 'c8y_SoftwareUpdate': [{'name': 'asciijump', 'action': 'install', 'id': '5475369', 'version': '::apt', 'url': ' '}, {'name': 'robotfindskitten', 'action': 'install', 'id': '5474869', 'version': ' ', 'url': ' '}, {'name': 'squirrel3', 'action': 'install', 'id': '5475279', 'version': '3.1-7::apt', 'url': ' '}, {'name': 'rolldice', 'action': 'install', 'id': '5152439', 'version': '1.16-1+b1', 'url': ' '}, {'name': 'moon-buggy', 'action': 'install', 'id': '5439204', 'version': '1:1.0.51-12', 'url': ' '}, {'name': 'asciijump', 'action': 'install', 'id': '5475369', 'version': '::apt', 'url': ' '}]}
17:27:02 INFO  State of operation 21453322 : PENDING
17:27:04 INFO  State of operation 21453322 : EXECUTING
17:27:07 INFO  State of operation 21453322 : EXECUTING
17:27:09 INFO  State of operation 21453322 : EXECUTING
17:27:11 INFO  State of operation 21453322 : EXECUTING
17:27:13 INFO  State of operation 21453322 : EXECUTING
17:27:16 INFO  State of operation 21453322 : EXECUTING
17:27:19 INFO  State of operation 21453322 : EXECUTING
17:27:21 INFO  State of operation 21453322 : EXECUTING
17:27:24 INFO  State of operation 21453322 : EXECUTING
17:27:26 INFO  State of operation 21453322 : EXECUTING
17:27:28 INFO  State of operation 21453322 : EXECUTING
17:27:31 INFO  State of operation 21453322 : EXECUTING
17:27:33 INFO  State of operation 21453322 : EXECUTING
17:27:35 INFO  State of operation 21453322 : EXECUTING
17:27:37 INFO  State of operation 21453322 : EXECUTING
17:27:40 INFO  State of operation 21453322 : EXECUTING
17:27:42 INFO  State of operation 21453322 : EXECUTING
17:27:45 INFO  State of operation 21453322 : EXECUTING
17:27:47 INFO  State of operation 21453322 : EXECUTING
17:27:49 INFO  State of operation 21453322 : EXECUTING
17:27:52 INFO  State of operation 21453322 : EXECUTING
17:27:54 INFO  State of operation 21453322 : EXECUTING
17:27:57 INFO  State of operation 21453322 : EXECUTING
17:27:59 INFO  State of operation 21453322 : EXECUTING
17:28:01 INFO  State of operation 21453322 : EXECUTING
17:28:03 INFO  State of operation 21453322 : EXECUTING
17:28:06 INFO  State of operation 21453322 : EXECUTING
17:28:08 INFO  State of operation 21453322 : EXECUTING
17:28:10 INFO  State of operation 21453322 : EXECUTING
17:28:13 INFO  State of operation 21453322 : EXECUTING
17:28:15 INFO  State of operation 21453322 : EXECUTING
17:28:17 INFO  State of operation 21453322 : EXECUTING
17:28:19 INFO  State of operation 21453322 : EXECUTING
17:28:22 INFO  State of operation 21453322 : EXECUTING
17:28:24 INFO  State of operation 21453322 : EXECUTING
17:28:26 INFO  State of operation 21453322 : EXECUTING
17:28:29 INFO  State of operation 21453322 : EXECUTING
17:28:32 INFO  State of operation 21453322 : EXECUTING
17:28:34 INFO  State of operation 21453322 : EXECUTING
17:28:36 INFO  State of operation 21453322 : EXECUTING
17:28:39 INFO  State of operation 21453322 : EXECUTING
17:28:41 INFO  State of operation 21453322 : EXECUTING
17:28:43 INFO  State of operation 21453322 : EXECUTING
17:28:45 INFO  State of operation 21453322 : EXECUTING
17:28:47 INFO  State of operation 21453322 : EXECUTING
17:28:50 INFO  State of operation 21453322 : EXECUTING
17:28:52 INFO  State of operation 21453322 : EXECUTING
17:28:55 INFO  State of operation 21453322 : EXECUTING
17:28:57 INFO  State of operation 21453322 : EXECUTING
17:28:59 INFO  State of operation 21453322 : EXECUTING
17:29:02 INFO  State of operation 21453322 : EXECUTING
17:29:04 INFO  State of operation 21453322 : EXECUTING
17:29:06 INFO  State of operation 21453322 : EXECUTING
17:29:09 INFO  State of operation 21453322 : EXECUTING
17:29:11 INFO  State of operation 21453322 : EXECUTING
17:29:14 INFO  State of operation 21453322 : EXECUTING
17:29:16 INFO  State of operation 21453322 : EXECUTING
17:29:19 INFO  State of operation 21453322 : EXECUTING
17:29:21 INFO  State of operation 21453322 : EXECUTING
17:29:23 INFO  State of operation 21453322 : EXECUTING
17:29:25 WARN  SystemError occurred while running test - Timeout while waiting for status SUCCESSFUL or False
Traceback (most recent call last):
  File "/home/pi/env-pysys/lib/python3.7/site-packages/pysys/baserunner.py", line 1294, in __call__
    self.testObj.execute()
  File "/home/pi/actions-runner/_work/thin-edge.io/thin-edge.io/tests/PySys/software_management_end_to_end/sm_apt_install_remove_multiple_mixed/run.py", line 89, in execute
    self.wait_until_succcess()
  File "/home/pi/actions-runner/_work/thin-edge.io/thin-edge.io/tests/PySys/software_management_end_to_end/environment_sm_management.py", line 324, in wait_until_succcess
    self.wait_until_status("SUCCESSFUL")
  File "/home/pi/actions-runner/_work/thin-edge.io/thin-edge.io/tests/PySys/software_management_end_to_end/environment_sm_management.py", line 381, in wait_until_status
    "Timeout while waiting for status %s or %s" % (status, status2)
SystemError: Timeout while waiting for status SUCCESSFUL or False
17:29:25 WARN  SystemError: Timeout while waiting for status SUCCESSFUL or False ... blocked 
17:29:25 INFO  
17:29:25 INFO  cleanup:
17:29:30 INFO  Executed sudo&lt;tedge_disconnect_c8y&gt;, exit status 0
17:29:30 INFO  Executed systemctl&lt;serv_mapper5&gt;, exit status 3
17:29:30 INFO  
17:29:30 INFO  Test duration: 177.31 secs
17:29:30 INFO  Test final outcome:  BLOCKED
17:29:30 INFO  Test outcome reason: SystemError: Timeout while waiting for status SUCCESSFUL or False (+1 other failures)
17:29:30 INFO  
</system-out>
	</testcase>
</testsuite><testsuite name="SoftwareManagement.sm_apt_install_remove_with_version" tests="3" errors="0" failures="1" skipped="1" time="0"><testcase classname="PySysTest" name="SoftwareManagement.sm_apt_install_remove_with_version">
		<skipped message="SKIPPED: Testing the apt plugin is not supported on this platform.Use parameter -XmyPlatform='container' to enable it" />
		<system-out>16:25:41 INFO  ==============================================================
16:25:41 INFO  Id:    SoftwareManagement.sm_apt_install_remove_with_version
16:25:41 INFO  Dir:   software_management_end_to_end/
16:25:41 INFO  Title: Validate end to end behaviour for the apt plugin for packages with version
16:25:41 INFO  ==============================================================
16:25:41 INFO  Testing the apt plugin is not supported on this platform.Use parameter -XmyPlatform='container' to enable it ... skipped
16:25:41 WARN  Aborted test due to SKIPPED outcome
16:25:41 INFO  
16:25:41 INFO  Test duration: 0.02 secs
16:25:41 INFO  Test final outcome:  SKIPPED
16:25:41 INFO  Test outcome reason: Testing the apt plugin is not supported on this platform.Use parameter -XmyPlatform='container' to enable it
16:25:41 INFO  
</system-out>
	</testcase>
<testcase classname="PySysTest" name="SoftwareManagement.sm_apt_install_remove_with_version" />
<testcase classname="PySysTest" name="SoftwareManagement.sm_apt_install_remove_with_version">
		<failure message="BLOCKED: ConnectionError: ('Connection aborted.', ConnectionResetError(104, 'Connection reset by peer'))" type="BLOCKED" />
		<system-out>17:29:30 INFO  ==============================================================
17:29:30 INFO  Id:    SoftwareManagement.sm_apt_install_remove_with_version
17:29:30 INFO  Dir:   software_management_end_to_end/
17:29:30 INFO  Title: Validate end to end behaviour for the apt plugin for packages with version
17:29:30 INFO  ==============================================================
17:29:30 INFO  Using sw id database: {'asciijump': '5475369', 'robotfindskitten': '5474869', 'squirrel3': '5475279', 'rolldice': '5152439', 'moon-buggy': '5439204', 'apple': '5495053', 'banana': '5494888', 'cherry': '5495382', 'watermelon': '5494510', 'registry': '8018911', 'hello-world': '8021526', 'docker/getting-started': '8021973', 'alpine': '7991792'}
17:29:30 INFO  EnvironmentC8y Setup
17:29:31 INFO  Executed systemctl&lt;serv_mapper1&gt;, exit status 3
17:29:31 INFO  Restarting mosquitto too frequently in the last 10 seconds. It was only up for 5 seconds
17:29:31 INFO  Delaying execution by 6 seconds
17:29:51 INFO  Executed sudo&lt;tedge_connect_c8y&gt;, exit status 0, duration 14 secs
17:29:52 INFO  Executed sudo&lt;tedge_connect_c8y_test&gt;, exit status 0
17:29:52 INFO  Executed systemctl&lt;serv_mosq2&gt;, exit status 0
17:29:53 INFO  Executed systemctl&lt;serv_mapper3&gt;, exit status 0
17:29:55 INFO  State of current operation: FAILED
17:29:55 INFO  Assert that (False == value) with value=False ... passed
17:29:56 INFO  Response status: 201
17:29:56 INFO  Response to action: {
    "delivery": {
        "log": [],
        "time": "2022-07-26T17:29:56.230Z",
        "status": "PENDING"
    },
    "creationTime": "2022-07-26T17:29:56.190Z",
    "deviceId": "21435313",
    "deviceName": "m32sd10d",
    "self": "https://t493319102.eu-latest.cumulocity.com/devicecontrol/operations/21453331",
    "id": "21453331",
    "status": "PENDING",
    "description": "Apply software changes, triggered from PySys: [{'name': 'rolldice', 'id': '5152439', 'version': '1.16-1+b1', 'url': '', 'action': 'install'}]",
    "c8y_SoftwareUpdate": [
        {
            "name": "rolldice",
            "action": "install",
            "id": "5152439",
            "version": "1.16-1+b1",
            "url": ""
        }
    ]
}
17:29:56 INFO  Started operation: {'delivery': {'log': [], 'time': '2022-07-26T17:29:56.230Z', 'status': 'PENDING'}, 'creationTime': '2022-07-26T17:29:56.190Z', 'deviceId': '21435313', 'deviceName': 'm32sd10d', 'self': 'https://t493319102.eu-latest.cumulocity.com/devicecontrol/operations/21453331', 'id': '21453331', 'status': 'PENDING', 'description': "Apply software changes, triggered from PySys: [{'name': 'rolldice', 'id': '5152439', 'version': '1.16-1+b1', 'url': '', 'action': 'install'}]", 'c8y_SoftwareUpdate': [{'name': 'rolldice', 'action': 'install', 'id': '5152439', 'version': '1.16-1+b1', 'url': ''}]}
17:29:58 INFO  State of operation 21453331 : PENDING
17:30:00 INFO  State of operation 21453331 : EXECUTING
17:30:02 INFO  State of operation 21453331 : EXECUTING
17:30:05 INFO  State of operation 21453331 : EXECUTING
17:30:07 INFO  State of operation 21453331 : EXECUTING
17:30:09 INFO  State of operation 21453331 : EXECUTING
17:30:13 INFO  State of operation 21453331 : EXECUTING
17:30:15 INFO  State of operation 21453331 : EXECUTING
17:30:18 INFO  State of operation 21453331 : EXECUTING
17:30:20 INFO  State of operation 21453331 : EXECUTING
17:30:22 INFO  State of operation 21453331 : EXECUTING
17:30:25 INFO  State of operation 21453331 : EXECUTING
17:30:27 INFO  State of operation 21453331 : EXECUTING
17:30:29 INFO  State of operation 21453331 : EXECUTING
17:30:31 INFO  State of operation 21453331 : SUCCESSFUL
17:30:32 INFO  Package rolldice is installed
17:30:32 INFO  Assert that (True == value) with value=True ... passed
17:30:32 INFO  Response status: 201
17:30:32 INFO  Response to action: {
    "delivery": {
        "log": [],
        "time": "2022-07-26T17:30:32.505Z",
        "status": "PENDING"
    },
    "creationTime": "2022-07-26T17:30:32.407Z",
    "deviceId": "21435313",
    "deviceName": "m32sd10d",
    "self": "https://t493319102.eu-latest.cumulocity.com/devicecontrol/operations/21453343",
    "id": "21453343",
    "status": "PENDING",
    "description": "Apply software changes, triggered from PySys: [{'name': 'rolldice', 'id': '5152439', 'version': '88::apt', 'url': '', 'action': 'delete'}]",
    "c8y_SoftwareUpdate": [
        {
            "name": "rolldice",
            "action": "delete",
            "id": "5152439",
            "version": "88::apt",
            "url": ""
        }
    ]
}
17:30:32 INFO  Started operation: {'delivery': {'log': [], 'time': '2022-07-26T17:30:32.505Z', 'status': 'PENDING'}, 'creationTime': '2022-07-26T17:30:32.407Z', 'deviceId': '21435313', 'deviceName': 'm32sd10d', 'self': 'https://t493319102.eu-latest.cumulocity.com/devicecontrol/operations/21453343', 'id': '21453343', 'status': 'PENDING', 'description': "Apply software changes, triggered from PySys: [{'name': 'rolldice', 'id': '5152439', 'version': '88::apt', 'url': '', 'action': 'delete'}]", 'c8y_SoftwareUpdate': [{'name': 'rolldice', 'action': 'delete', 'id': '5152439', 'version': '88::apt', 'url': ''}]}
17:30:34 INFO  State of operation 21453343 : PENDING
17:30:36 INFO  State of operation 21453343 : EXECUTING
17:30:39 INFO  State of operation 21453343 : EXECUTING
17:30:41 INFO  State of operation 21453343 : EXECUTING
17:30:43 INFO  State of operation 21453343 : EXECUTING
17:30:46 WARN  ConnectionError occurred while running test - ('Connection aborted.', ConnectionResetError(104, 'Connection reset by peer'))
Traceback (most recent call last):
  File "/home/pi/env-pysys/lib/python3.7/site-packages/urllib3/connectionpool.py", line 710, in urlopen
    chunked=chunked,
  File "/home/pi/env-pysys/lib/python3.7/site-packages/urllib3/connectionpool.py", line 386, in _make_request
    self._validate_conn(conn)
  File "/home/pi/env-pysys/lib/python3.7/site-packages/urllib3/connectionpool.py", line 1040, in _validate_conn
    conn.connect()
  File "/home/pi/env-pysys/lib/python3.7/site-packages/urllib3/connection.py", line 424, in connect
    tls_in_tls=tls_in_tls,
  File "/home/pi/env-pysys/lib/python3.7/site-packages/urllib3/util/ssl_.py", line 450, in ssl_wrap_socket
    sock, context, tls_in_tls, server_hostname=server_hostname
  File "/home/pi/env-pysys/lib/python3.7/site-packages/urllib3/util/ssl_.py", line 493, in _ssl_wrap_socket_impl
    return ssl_context.wrap_socket(sock, server_hostname=server_hostname)
  File "/usr/lib/python3.7/ssl.py", line 412, in wrap_socket
    session=session
  File "/usr/lib/python3.7/ssl.py", line 853, in _create
    self.do_handshake()
  File "/usr/lib/python3.7/ssl.py", line 1117, in do_handshake
    self._sslobj.do_handshake()
ConnectionResetError: [Errno 104] Connection reset by peer

During handling of the above exception, another exception occurred:

Traceback (most recent call last):
  File "/home/pi/env-pysys/lib/python3.7/site-packages/requests/adapters.py", line 449, in send
    timeout=timeout
  File "/home/pi/env-pysys/lib/python3.7/site-packages/urllib3/connectionpool.py", line 786, in urlopen
    method, url, error=e, _pool=self, _stacktrace=sys.exc_info()[2]
  File "/home/pi/env-pysys/lib/python3.7/site-packages/urllib3/util/retry.py", line 550, in increment
    raise six.reraise(type(error), error, _stacktrace)
[...]
16:13:59 INFO  Executed sudo&lt;rm_tmp_logs&gt;, exit status 0
16:13:59 INFO  Executed sudo&lt;send_failed&gt;, exit status 0
16:14:00 INFO  Executed sudo&lt;log_file_daemon&gt;, exit status 0
16:14:04 INFO  Executed sudo&lt;tedge_disconnect_c8y&gt;, exit status 0
16:14:04 INFO  Executed systemctl&lt;serv_mapper5&gt;, exit status 3
16:14:04 INFO  
16:14:04 INFO  Test duration: 27.53 secs
16:14:04 INFO  Test final outcome:  BLOCKED
16:14:04 INFO  Test outcome reason: TypeError: 'NoneType' object is not subscriptable
16:14:04 INFO  
</system-out>
	</testcase>
</testsuite><testsuite name="log_request_num_lines" tests="1" errors="0" failures="1" skipped="0" time="0"><testcase classname="LogRequestVerifyNumberOfLines" name="log_request_num_lines">
		<failure message="BLOCKED: TypeError: 'NoneType' object is not subscriptable" type="BLOCKED" />
		<system-out>16:14:05 INFO  ==============================================================
16:14:05 INFO  Id:    log_request_num_lines
16:14:05 INFO  Dir:   log_request_end_to_end/
16:14:05 INFO  Title: Validate end to end behaviour for the log request operation check for number of lines
16:14:05 INFO  ==============================================================
16:14:05 INFO  EnvironmentC8y Setup
16:14:05 INFO  Executed systemctl&lt;serv_mapper1&gt;, exit status 3
16:14:05 INFO  Restarting mosquitto too frequently in the last 10 seconds. It was only up for 4 seconds
16:14:05 INFO  Delaying execution by 7 seconds
16:14:27 INFO  Executed sudo&lt;tedge_connect_c8y&gt;, exit status 0, duration 14 secs
16:14:28 INFO  Executed sudo&lt;tedge_connect_c8y_test&gt;, exit status 0
16:14:28 INFO  Executed systemctl&lt;serv_mosq2&gt;, exit status 0
16:14:29 INFO  Executed systemctl&lt;serv_mapper3&gt;, exit status 0
16:14:29 INFO  Executed sudo&lt;rm_logs&gt;, exit status 0
16:14:30 INFO  Executed sudo&lt;move_logs&gt;, exit status 0
16:14:30 INFO  Executed sudo&lt;log_file_daemon&gt;, exit status 0
16:14:31 WARN  TypeError occurred while running test - 'NoneType' object is not subscriptable
Traceback (most recent call last):
  File "/home/pi/env-pysys/lib/python3.7/site-packages/pysys/baserunner.py", line 1294, in __call__
    self.testObj.execute()
  File "/home/pi/actions-runner/_work/thin-edge.io/thin-edge.io/tests/PySys/log_request_end_to_end/log_request_num_lines/run.py", line 46, in execute
    log_file_request_payload, self.project.deviceid
  File "/home/pi/actions-runner/_work/thin-edge.io/thin-edge.io/tests/PySys/environments/cumulocity.py", line 101, in trigger_log_request
    "deviceId": self.device_fragment["id"],
TypeError: 'NoneType' object is not subscriptable
16:14:31 WARN  TypeError: 'NoneType' object is not subscriptable ... blocked 
16:14:31 INFO  
16:14:31 INFO  cleanup:
16:14:32 INFO  Executed sudo&lt;rm_logs&gt;, exit status 0
16:14:32 INFO  Executed sudo&lt;rm_tmp_logs&gt;, exit status 0
16:14:33 INFO  Executed sudo&lt;send_failed&gt;, exit status 0
16:14:33 INFO  Executed sudo&lt;log_file_daemon&gt;, exit status 0
16:14:38 INFO  Executed sudo&lt;tedge_disconnect_c8y&gt;, exit status 0
16:14:38 INFO  Executed systemctl&lt;serv_mapper5&gt;, exit status 3
16:14:38 INFO  
16:14:38 INFO  Test duration: 33.73 secs
16:14:38 INFO  Test final outcome:  BLOCKED
16:14:38 INFO  Test outcome reason: TypeError: 'NoneType' object is not subscriptable
16:14:38 INFO  
</system-out>
	</testcase>
</testsuite><testsuite name="mapper_awaits_before_reconnect" tests="1" errors="0" failures="1" skipped="0" time="0"><testcase classname="MapperReconnectAwait" name="mapper_awaits_before_reconnect">
		<failure message="FAILED: Line count on tedge_mapper_journal.out for &quot;tedge_mapper::core::mapper: MQTT connection error:&quot; expected &gt;=2 but got 0" type="FAILED" />
		<system-out>16:28:45 INFO  ==============================================================
16:28:45 INFO  Id:    mapper_awaits_before_reconnect
16:28:45 INFO  Dir:   tedge_mapper_c8y/
16:28:45 INFO  Title: Validate mapper doesn't reconnect too often
16:28:45 INFO  ==============================================================
16:28:45 INFO  Started mosquitto_sub with process id 26047
16:28:45 INFO  Waiting for 0.1 seconds
16:28:46 INFO  Executed sudo&lt;tedge_mapper&gt;, exit status 0
16:28:46 INFO  Waiting for 5.0 seconds
16:28:51 INFO  Executed sudo&lt;tedge_mapper&gt;, exit status 0
16:28:54 INFO  Executed sudo&lt;tedge_mapper_journal&gt;, exit status 0
16:28:54 WARN  Grep on tedge_mapper_journal.out contains "ERROR" ... failed [run.py:67]
16:28:54 INFO  Line count on file tedge_mapper_journal.out ... passed
16:28:54 WARN  Line count on tedge_mapper_journal.out for "tedge_mapper::core::mapper: MQTT connection error:" expected &gt;=2 but got 0 ... failed [run.py:78]
16:28:54 WARN  Aborted test due to FAILED outcome
16:28:54 INFO  
16:28:54 INFO  Test duration: 9.34 secs
16:28:54 INFO  Test final outcome:  FAILED
16:28:54 INFO  Test outcome reason: Line count on tedge_mapper_journal.out for "tedge_mapper::core::mapper: MQTT connection error:" expected &gt;=2 but got 0
16:28:54 INFO  
</system-out>
	</testcase>
</testsuite><testsuite name="monitoring_smaller_interval" tests="1" errors="0" failures="1" skipped="0" time="0"><testcase classname="MonitoringSmallInterval" name="monitoring_smaller_interval">
		<failure message="BLOCKED: TypeError: 'int' object is not subscriptable" type="BLOCKED" />
		<system-out>16:15:42 INFO  ==============================================================
16:15:42 INFO  Id:    monitoring_smaller_interval
16:15:42 INFO  Dir:   monitoring/
16:15:42 INFO  Title: Validate the tedge dm agent messages that are produced with smaller sampling interval than the batching window. Here the simulated collectd messages are used
16:15:42 INFO  ==============================================================
16:15:42 INFO  Executed sudo&lt;collectd&gt;, exit status 0
16:15:43 INFO  Executed sudo&lt;collectd_mapper&gt;, exit status 0
16:15:43 INFO  Started sudo&lt;tedge_sub&gt; with process id 22199
16:15:44 INFO  Executed sudo&lt;tedge_temp&gt;, exit status 0
16:15:44 INFO  Executed sudo&lt;tedge_pres&gt;, exit status 0
16:15:45 INFO  Executed sudo&lt;tedge_temp&gt;, exit status 0
16:15:45 INFO  Executed sudo&lt;tedge_pres&gt;, exit status 0
16:15:46 INFO  Executed sudo&lt;tedge_temp&gt;, exit status 0
16:15:46 INFO  Executed sudo&lt;tedge_pres&gt;, exit status 0
16:15:47 INFO  Executed sudo&lt;tedge_temp&gt;, exit status 0
16:15:48 INFO  Executed sudo&lt;tedge_pres&gt;, exit status 0
16:15:48 INFO  Executed sudo&lt;tedge_temp&gt;, exit status 0
16:15:49 INFO  Executed sudo&lt;tedge_pres&gt;, exit status 0
16:15:50 INFO  Executed sudo&lt;tedge_temp&gt;, exit status 0
16:15:50 INFO  Executed sudo&lt;tedge_pres&gt;, exit status 0
16:15:51 INFO  Executed sudo&lt;tedge_temp&gt;, exit status 0
16:15:51 INFO  Executed sudo&lt;tedge_pres&gt;, exit status 0
16:15:52 INFO  Executed sudo&lt;tedge_temp&gt;, exit status 0
16:15:52 INFO  Executed sudo&lt;tedge_pres&gt;, exit status 0
16:15:53 INFO  Executed sudo&lt;tedge_temp&gt;, exit status 0
16:15:54 INFO  Executed sudo&lt;tedge_pres&gt;, exit status 0
16:15:54 INFO  Executed sudo&lt;tedge_temp&gt;, exit status 0
16:15:55 INFO  Executed sudo&lt;tedge_pres&gt;, exit status 0
16:15:56 INFO  Executed sudo&lt;kill_out&gt;, exit status 0
16:15:56 INFO  0

16:15:56 WARN  TypeError occurred while running test - 'int' object is not subscriptable
Traceback (most recent call last):
  File "/home/pi/env-pysys/lib/python3.7/site-packages/pysys/baserunner.py", line 1296, in __call__
    self.testObj.validate()
  File "/home/pi/actions-runner/_work/thin-edge.io/thin-edge.io/tests/PySys/monitoring/monitoring_smaller_interval/run.py", line 104, in validate
    collectd_msg_validation_result=self.validate_json(),
  File "/home/pi/actions-runner/_work/thin-edge.io/thin-edge.io/tests/PySys/monitoring/monitoring_smaller_interval/run.py", line 114, in validate_json
    if not self.validate_time():
  File "/home/pi/actions-runner/_work/thin-edge.io/thin-edge.io/tests/PySys/monitoring/monitoring_smaller_interval/run.py", line 134, in validate_time
    if self.js_msg["time"]:
TypeError: 'int' object is not subscriptable
16:15:56 WARN  TypeError: 'int' object is not subscriptable ... blocked 
16:15:56 INFO  
16:15:56 INFO  cleanup:
16:15:56 INFO  monitoring_cleanup
16:15:57 INFO  Executed sudo&lt;collectd_mapper&gt;, exit status 0
16:15:57 INFO  
16:15:57 INFO  Test duration: 15.29 secs
16:15:57 INFO  Test final outcome:  BLOCKED
16:15:57 INFO  Test outcome reason: TypeError: 'int' object is not subscriptable
16:15:57 INFO  
</system-out>
	</testcase>
</testsuite><testsuite name="monitoring_with_collectd" tests="1" errors="0" failures="0" skipped="1" time="0"><testcase classname="MonitoringWithCollectd" name="monitoring_with_collectd">
		<skipped message="SKIPPED: Test execution disabled due to #792 (instable)" />
		<system-out>16:15:57 INFO  ==============================================================
16:15:57 INFO  Id:    monitoring_with_collectd
16:15:57 INFO  Dir:   monitoring/
16:15:57 INFO  Title: Validate tedge dm agent messages that are produced by batching the collectd messages
16:15:57 INFO  ==============================================================
16:15:57 INFO  Test execution disabled due to #792 (instable) ... skipped
16:15:57 INFO  
16:15:57 INFO  Test duration: 0.02 secs
16:15:57 INFO  Test final outcome:  SKIPPED
16:15:57 INFO  Test outcome reason: Test execution disabled due to #792 (instable)
16:15:57 INFO  
</system-out>
	</testcase>
</testsuite><testsuite name="monitoring_with_simulated_messages" tests="1" errors="0" failures="1" skipped="0" time="0"><testcase classname="MonitoringWithSimulatedMessages" name="monitoring_with_simulated_messages">
		<failure message="BLOCKED: TypeError: 'int' object is not subscriptable" type="BLOCKED" />
		<system-out>16:15:57 INFO  ==============================================================
16:15:57 INFO  Id:    monitoring_with_simulated_messages
16:15:57 INFO  Dir:   monitoring/
16:15:57 INFO  Title: Validate the tedge dm agent messages that are produced from the simulated collectd messages
16:15:57 INFO  ==============================================================
16:15:58 INFO  Executed sudo&lt;collectd&gt;, exit status 0
16:15:58 INFO  Executed sudo&lt;collectd_mapper&gt;, exit status 0
16:15:58 INFO  Started sudo&lt;tedge_sub&gt; with process id 22252
16:15:59 INFO  Executed sudo&lt;tedge_temp&gt;, exit status 0
16:15:59 INFO  Executed sudo&lt;tedge_pres&gt;, exit status 0
16:16:01 INFO  Executed sudo&lt;kill_out&gt;, exit status 0
16:16:01 INFO  0

16:16:01 WARN  TypeError occurred while running test - 'int' object is not subscriptable
Traceback (most recent call last):
  File "/home/pi/env-pysys/lib/python3.7/site-packages/pysys/baserunner.py", line 1296, in __call__
    self.testObj.validate()
  File "/home/pi/actions-runner/_work/thin-edge.io/thin-edge.io/tests/PySys/monitoring/monitoring_with_simulated_messages/run.py", line 98, in validate
    collectd_msg_validation_result=self.validate_json(),
  File "/home/pi/actions-runner/_work/thin-edge.io/thin-edge.io/tests/PySys/monitoring/monitoring_with_simulated_messages/run.py", line 108, in validate_json
    if not self.validate_time():
  File "/home/pi/actions-runner/_work/thin-edge.io/thin-edge.io/tests/PySys/monitoring/monitoring_with_simulated_messages/run.py", line 127, in validate_time
    if self.js_msg["time"]:
TypeError: 'int' object is not subscriptable
16:16:01 WARN  TypeError: 'int' object is not subscriptable ... blocked 
16:16:01 INFO  
16:16:01 INFO  cleanup:
16:16:01 INFO  monitoring_cleanup
16:16:01 INFO  Executed sudo&lt;collectd_mapper&gt;, exit status 0
16:16:01 INFO  
16:16:01 INFO  Test duration: 4.41 secs
16:16:01 INFO  Test final outcome:  BLOCKED
16:16:01 INFO  Test outcome reason: TypeError: 'int' object is not subscriptable
16:16:01 INFO  
</system-out>
	</testcase>
</testsuite><testsuite name="mqtt_port_change_connection_fails" tests="1" errors="0" failures="0" skipped="0" time="0"><testcase classname="MqttPortChangeConnectionFails" name="mqtt_port_change_connection_fails" />
</testsuite><testsuite name="mqtt_port_change_connection_works" tests="1" errors="0" failures="0" skipped="1" time="0"><testcase classname="MqttPortChangeConnectionWorks" name="mqtt_port_change_connection_works">
		<skipped message="SKIPPED: failing intermitently" />
		<system-out>16:15:13 INFO  ==============================================================
16:15:13 INFO  Id:    mqtt_port_change_connection_works
16:15:13 INFO  Dir:   misc_features/
16:15:13 INFO  Title: mqtt port change connection works for all the thin-edge services that use the mosquitto broker
16:15:13 INFO  ==============================================================
16:15:13 INFO  failing intermitently ... skipped
16:15:13 INFO  
16:15:13 INFO  Test duration: 0.02 secs
16:15:13 INFO  Test final outcome:  SKIPPED
16:15:13 INFO  Test outcome reason: failing intermitently
16:15:13 INFO  
</system-out>
	</testcase>
</testsuite><testsuite name="publish_flux" tests="1" errors="0" failures="0" skipped="0" time="0"><testcase classname="PublishFlux" name="publish_flux" />
</testsuite><testsuite name="publish_sawmill" tests="1" errors="0" failures="0" skipped="0" time="0"><testcase classname="PublishSawmill" name="publish_sawmill" />
</testsuite><testsuite name="runtime_start_two_mappers" tests="1" errors="0" failures="0" skipped="0" time="0"><testcase classname="RuntimeMultiMappers" name="runtime_start_two_mappers" />
</testsuite><testsuite name="sm_tedge_mapper_init_session" tests="1" errors="0" failures="0" skipped="0" time="0"><testcase classname="TedgeSMMapperInitSession" name="sm_tedge_mapper_init_session" />
</testsuite><testsuite name="smoketest_json" tests="1" errors="0" failures="0" skipped="0" time="0"><testcase classname="SmokeTestJson" name="smoketest_json" />
</testsuite><testsuite name="smoketest_json_400_samples_10ms" tests="1" errors="0" failures="0" skipped="0" time="0"><testcase classname="SmoketestJson400Samples10ms" name="smoketest_json_400_samples_10ms" />
</testsuite><testsuite name="smoketest_json_400_samples_20ms" tests="1" errors="0" failures="0" skipped="0" time="0"><testcase classname="SmoketestJson400Samples20ms" name="smoketest_json_400_samples_20ms" />
</testsuite><testsuite name="smoketest_smartrest" tests="1" errors="0" failures="0" skipped="0" time="0"><testcase classname="SmoketestSmartRest" name="smoketest_smartrest" />
</testsuite><testsuite name="smoketest_smartrest_400_samples_1Xms" tests="1" errors="0" failures="0" skipped="0" time="0"><testcase classname="SmoketestSmartRest400Samples1Xms" name="smoketest_smartrest_400_samples_1Xms" />
</testsuite><testsuite name="smoketest_smartrest_400_samples_20ms" tests="1" errors="0" failures="0" skipped="0" time="0"><testcase classname="SmoketestSmartRest400Samples20ms" name="smoketest_smartrest_400_samples_20ms" />
</testsuite><testsuite name="tedge_agent_user_sudo_access" tests="1" errors="0" failures="0" skipped="1" time="0"><testcase classname="TedgeAgentUserSudoAccess" name="tedge_agent_user_sudo_access">
		<skipped message="SKIPPED: #955 Observation: Exit code of the apt plugin when called with no arguments" />
		<system-out>16:26:07 INFO  ==============================================================
16:26:07 INFO  Id:    tedge_agent_user_sudo_access
16:26:07 INFO  Dir:   tedge/
16:26:07 INFO  Title: Validate tedge-agent user has a limited sudo right
16:26:07 INFO  ==============================================================
16:26:07 INFO  #955 Observation: Exit code of the apt plugin when called with no arguments ... skipped
16:26:07 INFO  
16:26:07 INFO  Test duration: 0.02 secs
16:26:07 INFO  Test final outcome:  SKIPPED
16:26:07 INFO  Test outcome reason: #955 Observation: Exit code of the apt plugin when called with no arguments
16:26:07 INFO  
</system-out>
	</testcase>
</testsuite><testsuite name="tedge_connect_test_negative" tests="1" errors="0" failures="0" skipped="0" time="0"><testcase classname="TedgeConnectTestNegative" name="tedge_connect_test_negative" />
</testsuite><testsuite name="tedge_connect_test_positive" tests="1" errors="0" failures="0" skipped="0" time="0"><testcase classname="TedgeConnectTestPositive" name="tedge_connect_test_positive" />
</testsuite><testsuite name="tedge_connect_test_sm_services" tests="1" errors="0" failures="0" skipped="0" time="0"><testcase classname="TedgeConnectTestSMServices" name="tedge_connect_test_sm_services" />
</testsuite><testsuite name="tedge_disconnect_test_sm_services" tests="1" errors="0" failures="0" skipped="0" time="0"><testcase classname="TedgeDisConnectTestSMServices" name="tedge_disconnect_test_sm_services" />
</testsuite><testsuite name="tedge_mapper_az_negative" tests="1" errors="0" failures="0" skipped="0" time="0"><testcase classname="TedgeMapperAzError" name="tedge_mapper_az_negative" />
</testsuite><testsuite name="tedge_mapper_az_with_timestamp" tests="1" errors="0" failures="0" skipped="0" time="0"><testcase classname="TedgeMapperAzWithTimestamp" name="tedge_mapper_az_with_timestamp" />
</testsuite><testsuite name="tedge_mapper_az_without_timestamp" tests="1" errors="0" failures="0" skipped="0" time="0"><testcase classname="TedgeMapperAzWithoutTimestamp" name="tedge_mapper_az_without_timestamp" />
</testsuite><testsuite name="tedge_mapper_c8y_alarms" tests="1" errors="0" failures="0" skipped="0" time="0"><testcase classname="TedgeMapperC8yAlarm" name="tedge_mapper_c8y_alarms" />
</testsuite><testsuite name="tedge_mapper_c8y_child_device_measurement" tests="1" errors="0" failures="0" skipped="0" time="0"><testcase classname="TedgeMapperC8yChildDevice" name="tedge_mapper_c8y_child_device_measurement" />
</testsuite><testsuite name="tedge_mapper_c8y_packet_threshold_size" tests="1" errors="0" failures="1" skipped="0" time="0"><testcase classname="TedgeMapperC8yThresholdPacketSize" name="tedge_mapper_c8y_packet_threshold_size">
		<failure message="FAILED: Grep on tedge_sub.out contains &quot;The size of the message received on tedge/measurements is 20489 which is greater than the threshold size of 16184.&quot;" type="FAILED" />
		<system-out>16:30:33 INFO  ==============================================================
16:30:33 INFO  Id:    tedge_mapper_c8y_packet_threshold_size
16:30:33 INFO  Dir:   tedge_mapper_c8y/
16:30:33 INFO  Title: Validate the Cumulocity Mapper accepted threshold packet size when it receives a message on tedge/measurements
16:30:33 INFO  ==============================================================
16:30:33 INFO  Executed sudo&lt;tedge_mapper_c8y&gt;, exit status 0
16:30:33 INFO  Started sudo&lt;tedge_sub&gt; with process id 26642
16:30:34 INFO  Executed sudo&lt;tedge_msg&gt;, exit status 0
16:30:35 INFO  Executed sudo&lt;tedge_pub&gt;, exit status 0
16:30:35 INFO  Executed sudo&lt;kill_out&gt;, exit status 0
16:30:35 WARN  Grep on tedge_sub.out contains "The size of the message received on tedge/measurements is 20489 which is greater than the threshold size of 16184." ... failed [run.py:88]
16:30:35 INFO  
16:30:35 INFO  cleanup:
16:30:35 INFO  mapper_cleanup
16:30:36 INFO  Executed sudo&lt;tedge_mapper_c8y&gt;, exit status 0
16:30:36 INFO  
16:30:36 INFO  Test duration: 2.98 secs
16:30:36 INFO  Test final outcome:  FAILED
16:30:36 INFO  Test outcome reason: Grep on tedge_sub.out contains "The size of the message received on tedge/measurements is 20489 which is greater than the threshold size of 16184."
16:30:36 INFO  
</system-out>
	</testcase>
</testsuite><testsuite name="tedge_software_update" tests="1" errors="0" failures="0" skipped="0" time="0"><testcase classname="PySysTest" name="tedge_software_update" />
</testsuite><testsuite name="valid_device_id" tests="1" errors="0" failures="0" skipped="0" time="0"><testcase classname="ValidateValidDeviceId" name="valid_device_id" />
</testsuite></testsuites>