<?xml version='1.0' encoding='utf-8'?>
<testsuites tests="139" failures="16" errors="0" skipped="45" time="0.0"><testsuite name="SoftwareManagement.Plugin.apama_plugin_install" tests="3" errors="0" failures="0" skipped="1" time="0"><testcase classname="ApamaPluginInstallTest" name="SoftwareManagement.Plugin.apama_plugin_install">
		<skipped message="SKIPPED: Apama plugin tests are disabled by default. Execute `pysys run` with `-XmyPlatform=container` to run these tests" />
		<system-out>13:53:50 INFO  ==============================================================
13:53:50 INFO  Id:    SoftwareManagement.Plugin.apama_plugin_install
13:53:50 INFO  Dir:   plugin_apama/
13:53:50 INFO  Title: Validate apama plugin install
13:53:50 INFO  ==============================================================
13:53:50 INFO  Apama plugin tests are disabled by default. Execute `pysys run` with `-XmyPlatform=container` to run these tests ... skipped
13:53:50 WARN  Aborted test due to SKIPPED outcome
13:53:50 INFO  
13:53:50 INFO  Test duration: 0.05 secs
13:53:50 INFO  Test final outcome:  SKIPPED
13:53:50 INFO  Test outcome reason: Apama plugin tests are disabled by default. Execute `pysys run` with `-XmyPlatform=container` to run these tests
13:53:50 INFO  
</system-out>
	</testcase>
<testcase classname="ApamaPluginInstallTest" name="SoftwareManagement.Plugin.apama_plugin_install" />
<testcase classname="ApamaPluginInstallTest" name="SoftwareManagement.Plugin.apama_plugin_install" />
</testsuite><testsuite name="SoftwareManagement.Plugin.apama_plugin_mon_support" tests="3" errors="0" failures="0" skipped="1" time="0"><testcase classname="ApamaPluginMonSupportTest" name="SoftwareManagement.Plugin.apama_plugin_mon_support">
		<skipped message="SKIPPED: Apama plugin tests are disabled by default. Execute `pysys run` with `-XmyPlatform=container` to run these tests" />
		<system-out>13:53:50 INFO  ==============================================================
13:53:50 INFO  Id:    SoftwareManagement.Plugin.apama_plugin_mon_support
13:53:50 INFO  Dir:   plugin_apama/
13:53:50 INFO  Title: Validate mon file support of apama plugin
13:53:50 INFO  ==============================================================
13:53:50 INFO  Apama plugin tests are disabled by default. Execute `pysys run` with `-XmyPlatform=container` to run these tests ... skipped
13:53:50 WARN  Aborted test due to SKIPPED outcome
13:53:51 INFO  
13:53:51 INFO  Test duration: 0.06 secs
13:53:51 INFO  Test final outcome:  SKIPPED
13:53:51 INFO  Test outcome reason: Apama plugin tests are disabled by default. Execute `pysys run` with `-XmyPlatform=container` to run these tests
13:53:51 INFO  
</system-out>
	</testcase>
<testcase classname="ApamaPluginMonSupportTest" name="SoftwareManagement.Plugin.apama_plugin_mon_support" />
<testcase classname="ApamaPluginMonSupportTest" name="SoftwareManagement.Plugin.apama_plugin_mon_support" />
</testsuite><testsuite name="SoftwareManagement.Plugin.apama_plugin_remove" tests="3" errors="0" failures="0" skipped="1" time="0"><testcase classname="ApamaPluginRemoveTest" name="SoftwareManagement.Plugin.apama_plugin_remove">
		<skipped message="SKIPPED: Apama plugin tests are disabled by default. Execute `pysys run` with `-XmyPlatform=container` to run these tests" />
		<system-out>13:53:51 INFO  ==============================================================
13:53:51 INFO  Id:    SoftwareManagement.Plugin.apama_plugin_remove
13:53:51 INFO  Dir:   plugin_apama/
13:53:51 INFO  Title: Validate apama plugin remove
13:53:51 INFO  ==============================================================
13:53:51 INFO  Apama plugin tests are disabled by default. Execute `pysys run` with `-XmyPlatform=container` to run these tests ... skipped
13:53:51 WARN  Aborted test due to SKIPPED outcome
13:53:51 INFO  
13:53:51 INFO  Test duration: 0.02 secs
13:53:51 INFO  Test final outcome:  SKIPPED
13:53:51 INFO  Test outcome reason: Apama plugin tests are disabled by default. Execute `pysys run` with `-XmyPlatform=container` to run these tests
13:53:51 INFO  
</system-out>
	</testcase>
<testcase classname="ApamaPluginRemoveTest" name="SoftwareManagement.Plugin.apama_plugin_remove" />
<testcase classname="ApamaPluginRemoveTest" name="SoftwareManagement.Plugin.apama_plugin_remove" />
</testsuite><testsuite name="SoftwareManagement.Plugin.apama_plugin_update" tests="3" errors="0" failures="2" skipped="1" time="0"><testcase classname="ApamaPluginUpdateTest" name="SoftwareManagement.Plugin.apama_plugin_update">
		<skipped message="SKIPPED: Apama plugin tests are disabled by default. Execute `pysys run` with `-XmyPlatform=container` to run these tests" />
		<system-out>13:53:51 INFO  ==============================================================
13:53:51 INFO  Id:    SoftwareManagement.Plugin.apama_plugin_update
13:53:51 INFO  Dir:   plugin_apama/
13:53:51 INFO  Title: Validate apama plugin updating one project with another
13:53:51 INFO  ==============================================================
13:53:51 INFO  Apama plugin tests are disabled by default. Execute `pysys run` with `-XmyPlatform=container` to run these tests ... skipped
13:53:51 WARN  Aborted test due to SKIPPED outcome
13:53:51 INFO  
13:53:51 INFO  Test duration: 0.02 secs
13:53:51 INFO  Test final outcome:  SKIPPED
13:53:51 INFO  Test outcome reason: Apama plugin tests are disabled by default. Execute `pysys run` with `-XmyPlatform=container` to run these tests
13:53:51 INFO  
</system-out>
	</testcase>
<testcase classname="ApamaPluginUpdateTest" name="SoftwareManagement.Plugin.apama_plugin_update">
		<failure message="BLOCKED: sudo&lt;plugin_install&gt; returned non-zero exit code 2" type="BLOCKED" />
		<system-out>14:45:08 INFO  ==============================================================
14:45:08 INFO  Id:    SoftwareManagement.Plugin.apama_plugin_update
14:45:08 INFO  Dir:   plugin_apama/
14:45:08 INFO  Title: Validate apama plugin updating one project with another
14:45:08 INFO  ==============================================================
14:45:08 INFO  Assertion that path exists=False for "/etc/tedge/apama/project" ... passed
14:45:09 INFO  Executed sudo&lt;create_project_dir&gt;, exit status 0
14:45:10 INFO  Executed sudo&lt;unzip_apama_project&gt;, exit status 0
14:45:10 INFO  Executed sudo&lt;move_apama_project&gt;, exit status 0
14:45:11 INFO  Executed sudo&lt;restart_apama_service&gt;, exit status 0
14:45:12 INFO  Executed sudo&lt;apama_correlator_wait&gt;, exit status 0
14:45:12 INFO  Assertion that path exists=True for "/etc/tedge/apama/project" ... passed
14:45:12 INFO  Executed sudo&lt;apama_list_monitors&gt;, exit status 0
14:45:12 INFO  Grep on file /home/pi/actions-runner/_work/thin-edge.io/thin-edge.io/tests/PySys/plugin_apama/apama_plugin_update/Output/linux/apama_list_monitors.out ... passed
14:45:13 WARN  Executed sudo&lt;plugin_install&gt;, exit status 2
14:45:13 INFO  Contents of plugin_install.err: 
  ERROR: Directory not empty (os error 39)
  -----

14:45:13 WARN  sudo&lt;plugin_install&gt; returned non-zero exit code 2 ... blocked [run.py:35]
14:45:13 WARN  Aborted test due to BLOCKED outcome
14:45:13 INFO  
14:45:13 INFO  cleanup:
14:45:13 INFO  Removing apama project
14:45:29 INFO  Executed sudo&lt;stop_apama_service&gt;, exit status 0, duration 15 secs
14:45:29 INFO  Executed sudo&lt;remove_apama_project&gt;, exit status 0
14:45:30 INFO  Executed sudo&lt;remove_apama_tmp_dir&gt;, exit status 0
14:45:30 INFO  
14:45:30 INFO  Test duration: 21.31 secs
14:45:30 INFO  Test final outcome:  BLOCKED
14:45:30 INFO  Test outcome reason: sudo&lt;plugin_install&gt; returned non-zero exit code 2
14:45:30 INFO  
</system-out>
	</testcase>
<testcase classname="ApamaPluginUpdateTest" name="SoftwareManagement.Plugin.apama_plugin_update">
		<failure message="BLOCKED: sudo&lt;plugin_install&gt; returned non-zero exit code 2" type="BLOCKED" />
		<system-out>14:53:49 INFO  ==============================================================
14:53:49 INFO  Id:    SoftwareManagement.Plugin.apama_plugin_update
14:53:49 INFO  Dir:   plugin_apama/
14:53:49 INFO  Title: Validate apama plugin updating one project with another
14:53:49 INFO  ==============================================================
14:53:49 INFO  Assertion that path exists=False for "/etc/tedge/apama/project" ... passed
14:53:49 INFO  Executed sudo&lt;create_project_dir&gt;, exit status 0
14:53:50 INFO  Executed sudo&lt;unzip_apama_project&gt;, exit status 0
14:53:50 INFO  Executed sudo&lt;move_apama_project&gt;, exit status 0
14:53:51 INFO  Executed sudo&lt;restart_apama_service&gt;, exit status 0
14:53:52 INFO  Executed sudo&lt;apama_correlator_wait&gt;, exit status 0
14:53:52 INFO  Assertion that path exists=True for "/etc/tedge/apama/project" ... passed
14:53:53 INFO  Executed sudo&lt;apama_list_monitors&gt;, exit status 0
14:53:53 INFO  Grep on file /home/pi/actions-runner/_work/thin-edge.io/thin-edge.io/tests/PySys/plugin_apama/apama_plugin_update/Output/linux/apama_list_monitors.out ... passed
14:53:53 WARN  Executed sudo&lt;plugin_install&gt;, exit status 2
14:53:53 INFO  Contents of plugin_install.err: 
  ERROR: Directory not empty (os error 39)
  -----

14:53:54 WARN  sudo&lt;plugin_install&gt; returned non-zero exit code 2 ... blocked [run.py:35]
14:53:54 WARN  Aborted test due to BLOCKED outcome
14:53:54 INFO  
14:53:54 INFO  cleanup:
14:53:54 INFO  Removing apama project
14:54:09 INFO  Executed sudo&lt;stop_apama_service&gt;, exit status 0, duration 15 secs
14:54:09 INFO  Executed sudo&lt;remove_apama_project&gt;, exit status 0
14:54:10 INFO  Executed sudo&lt;remove_apama_tmp_dir&gt;, exit status 0
14:54:10 INFO  
14:54:10 INFO  Test duration: 21.19 secs
14:54:10 INFO  Test final outcome:  BLOCKED
14:54:10 INFO  Test outcome reason: sudo&lt;plugin_install&gt; returned non-zero exit code 2
14:54:10 INFO  
</system-out>
	</testcase>
</testsuite><testsuite name="SoftwareManagement.sm_apt_install_download_path" tests="3" errors="0" failures="2" skipped="1" time="0"><testcase classname="AptInstallWithDownloadPath" name="SoftwareManagement.sm_apt_install_download_path">
		<skipped message="SKIPPED: Testing the apt plugin is not supported on this platform.Use parameter -XmyPlatform='container' to enable it" />
		<system-out>14:03:28 INFO  ==============================================================
14:03:28 INFO  Id:    SoftwareManagement.sm_apt_install_download_path
14:03:28 INFO  Dir:   software_management_end_to_end/
14:03:28 INFO  Title: Install package to directory specified in tedge config set tmp.path
14:03:28 INFO  ==============================================================
14:03:28 INFO  Testing the apt plugin is not supported on this platform.Use parameter -XmyPlatform='container' to enable it ... skipped
14:03:28 WARN  Aborted test due to SKIPPED outcome
14:03:28 INFO  
14:03:28 INFO  Test duration: 0.06 secs
14:03:28 INFO  Test final outcome:  SKIPPED
14:03:28 INFO  Test outcome reason: Testing the apt plugin is not supported on this platform.Use parameter -XmyPlatform='container' to enable it
14:03:28 INFO  
</system-out>
	</testcase>
<testcase classname="AptInstallWithDownloadPath" name="SoftwareManagement.sm_apt_install_download_path">
		<failure message="BLOCKED: AssertionError:" type="BLOCKED" />
		<system-out>14:27:04 INFO  ==============================================================
14:27:04 INFO  Id:    SoftwareManagement.sm_apt_install_download_path
14:27:04 INFO  Dir:   software_management_end_to_end/
14:27:04 INFO  Title: Install package to directory specified in tedge config set tmp.path
14:27:04 INFO  ==============================================================
14:27:05 INFO  Using sw id database: {'asciijump': '5475369', 'robotfindskitten': '5474869', 'squirrel3': '5475279', 'rolldice': '5152439', 'moon-buggy': '5439204', 'apple': '5495053', 'banana': '5494888', 'cherry': '5495382', 'watermelon': '5494510', 'registry': '8018911', 'hello-world': '8021526', 'docker/getting-started': '8021973', 'alpine': '7991792'}
14:27:05 INFO  EnvironmentC8y Setup
14:27:05 INFO  Executed systemctl&lt;serv_mapper1&gt;, exit status 3
14:27:20 INFO  Executed sudo&lt;tedge_connect_c8y&gt;, exit status 0, duration 14 secs
14:27:21 INFO  Executed sudo&lt;tedge_connect_c8y_test&gt;, exit status 0
14:27:22 INFO  Executed systemctl&lt;serv_mosq2&gt;, exit status 0
14:27:23 INFO  Executed systemctl&lt;serv_mapper3&gt;, exit status 0
14:27:25 ERROR No operations found, assuming it passed
14:27:26 INFO  Assert that (False == value) with value=False ... passed
14:27:26 INFO  Executed sudo, exit status 0
14:27:27 INFO  Executed sudo, exit status 0
14:27:27 INFO  Executed sudo, exit status 0
14:27:31 INFO  Executed sudo&lt;tedge_disconnect_c8y&gt;, exit status 0
14:27:31 INFO  Restarting mosquitto too frequently in the last 10 seconds. It was only up for 3 seconds
14:27:31 INFO  Delaying execution by 8 seconds
14:27:53 INFO  Executed sudo&lt;tedge_connect_c8y&gt;, exit status 0, duration 13 secs
14:27:53 INFO  Response status: 201
14:27:53 INFO  Response to action: {
    "creationTime": "2022-06-22T14:27:53.835Z",
    "deviceName": "m32sd10d",
    "deviceId": "20404325",
    "self": "https://t493319102.eu-latest.cumulocity.com/devicecontrol/operations/20413569",
    "id": "20413569",
    "status": "PENDING",
    "description": "Apply software changes, triggered from PySys: [{'name': 'rolldice', 'id': '5152439', 'version': '::apt', 'url': 'https://thin-edge-io.eu-latest.cumulocity.com/inventory/binaries/12435463', 'action': 'install'}]",
    "c8y_SoftwareUpdate": [
        {
            "name": "rolldice",
            "action": "install",
            "id": "5152439",
            "version": "::apt",
            "url": "https://thin-edge-io.eu-latest.cumulocity.com/inventory/binaries/12435463"
        }
    ]
}
14:27:53 INFO  Started operation: {'creationTime': '2022-06-22T14:27:53.835Z', 'deviceName': 'm32sd10d', 'deviceId': '20404325', 'self': 'https://t493319102.eu-latest.cumulocity.com/devicecontrol/operations/20413569', 'id': '20413569', 'status': 'PENDING', 'description': "Apply software changes, triggered from PySys: [{'name': 'rolldice', 'id': '5152439', 'version': '::apt', 'url': 'https://thin-edge-io.eu-latest.cumulocity.com/inventory/binaries/12435463', 'action': 'install'}]", 'c8y_SoftwareUpdate': [{'name': 'rolldice', 'action': 'install', 'id': '5152439', 'version': '::apt', 'url': 'https://thin-edge-io.eu-latest.cumulocity.com/inventory/binaries/12435463'}]}
14:27:53 WARN  , retrying in 0.5 seconds...
14:27:54 WARN  , retrying in 0.5 seconds...
14:27:54 WARN  , retrying in 0.5 seconds...
14:27:55 WARN  , retrying in 0.5 seconds...
14:27:55 WARN  , retrying in 0.5 seconds...
14:27:56 WARN  , retrying in 0.5 seconds...
14:27:56 WARN  , retrying in 0.5 seconds...
14:27:57 WARN  , retrying in 0.5 seconds...
14:27:57 WARN  , retrying in 0.5 seconds...
14:27:58 WARN  AssertionError occurred while running test - 
Traceback (most recent call last):
  File "/home/pi/env-pysys/lib/python3.7/site-packages/pysys/baserunner.py", line 1294, in __call__
    self.testObj.execute()
  File "/home/pi/actions-runner/_work/thin-edge.io/thin-edge.io/tests/PySys/software_management_end_to_end/sm_apt_install_download_path/run.py", line 83, in execute
    assert_install_in_download_path(install_directory=self.DOWNLOAD_DIR)
  File "/home/pi/env-pysys/lib/python3.7/site-packages/decorator.py", line 232, in fun
    return caller(func, *(extras + args), **kw)
  File "/home/pi/env-pysys/lib/python3.7/site-packages/retry/api.py", line 74, in retry_decorator
    logger)
  File "/home/pi/env-pysys/lib/python3.7/site-packages/retry/api.py", line 33, in __retry_internal
    return f()
  File "/home/pi/actions-runner/_work/thin-edge.io/thin-edge.io/tests/PySys/software_management_end_to_end/sm_apt_install_download_path/run.py", line 28, in assert_install_in_download_path
    assert "rolldice" in os.listdir(f"{install_directory}")
AssertionError
14:27:59 WARN  AssertionError: ... blocked 
14:27:59 INFO  
14:27:59 INFO  cleanup:
14:27:59 INFO  Executed sudo, exit status 0
14:28:00 INFO  Executed sudo, exit status 0
14:28:04 INFO  Executed sudo&lt;tedge_disconnect_c8y&gt;, exit status 0
14:28:04 INFO  Restarting mosquitto too frequently in the last 10 seconds. It was only up for 4 seconds
14:28:04 INFO  Delaying execution by 7 seconds
14:28:25 INFO  Executed sudo&lt;tedge_connect_c8y&gt;, exit status 0, duration 14 secs
14:28:29 INFO  Executed sudo&lt;tedge_disconnect_c8y&gt;, exit status 0
14:28:30 INFO  Executed systemctl&lt;serv_mapper5&gt;, exit status 3
14:28:30 INFO  
14:28:30 INFO  Test duration: 85.45 secs
14:28:30 INFO  Test final outcome:  BLOCKED
14:28:30 INFO  Test outcome reason: AssertionError:
14:28:30 INFO  
</system-out>
	</testcase>
<testcase classname="AptInstallWithDownloadPath" name="SoftwareManagement.sm_apt_install_download_path">
		<failure message="BLOCKED: AssertionError:" type="BLOCKED" />
		<system-out>14:54:10 INFO  ==============================================================
14:54:10 INFO  Id:    SoftwareManagement.sm_apt_install_download_path
14:54:10 INFO  Dir:   software_management_end_to_end/
14:54:10 INFO  Title: Install package to directory specified in tedge config set tmp.path
14:54:10 INFO  ==============================================================
14:54:11 INFO  Using sw id database: {'asciijump': '5475369', 'robotfindskitten': '5474869', 'squirrel3': '5475279', 'rolldice': '5152439', 'moon-buggy': '5439204', 'apple': '5495053', 'banana': '5494888', 'cherry': '5495382', 'watermelon': '5494510', 'registry': '8018911', 'hello-world': '8021526', 'docker/getting-started': '8021973', 'alpine': '7991792'}
14:54:11 INFO  EnvironmentC8y Setup
14:54:12 INFO  Executed systemctl&lt;serv_mapper1&gt;, exit status 3
14:54:26 INFO  Executed sudo&lt;tedge_connect_c8y&gt;, exit status 0, duration 14 secs
14:54:27 INFO  Executed sudo&lt;tedge_connect_c8y_test&gt;, exit status 0
14:54:27 INFO  Executed systemctl&lt;serv_mosq2&gt;, exit status 0
14:54:27 INFO  Executed systemctl&lt;serv_mapper3&gt;, exit status 0
14:54:30 INFO  State of current operation: SUCCESSFUL
14:54:30 INFO  Assert that (False == value) with value=False ... passed
14:54:31 INFO  Executed sudo, exit status 0
14:54:31 INFO  Executed sudo, exit status 0
14:54:32 INFO  Executed sudo, exit status 0
14:54:36 INFO  Executed sudo&lt;tedge_disconnect_c8y&gt;, exit status 0
14:54:36 INFO  Restarting mosquitto too frequently in the last 10 seconds. It was only up for 3 seconds
14:54:36 INFO  Delaying execution by 8 seconds
14:54:58 INFO  Executed sudo&lt;tedge_connect_c8y&gt;, exit status 0, duration 13 secs
14:54:58 INFO  Response status: 201
14:54:58 INFO  Response to action: {
    "creationTime": "2022-06-22T14:54:58.494Z",
    "deviceName": "m32sd10d",
    "deviceId": "20404325",
    "self": "https://t493319102.eu-latest.cumulocity.com/devicecontrol/operations/20413746",
    "id": "20413746",
    "status": "PENDING",
    "description": "Apply software changes, triggered from PySys: [{'name': 'rolldice', 'id': '5152439', 'version': '::apt', 'url': 'https://thin-edge-io.eu-latest.cumulocity.com/inventory/binaries/12435463', 'action': 'install'}]",
    "c8y_SoftwareUpdate": [
        {
            "name": "rolldice",
            "action": "install",
            "id": "5152439",
            "version": "::apt",
            "url": "https://thin-edge-io.eu-latest.cumulocity.com/inventory/binaries/12435463"
        }
    ]
}
14:54:58 INFO  Started operation: {'creationTime': '2022-06-22T14:54:58.494Z', 'deviceName': 'm32sd10d', 'deviceId': '20404325', 'self': 'https://t493319102.eu-latest.cumulocity.com/devicecontrol/operations/20413746', 'id': '20413746', 'status': 'PENDING', 'description': "Apply software changes, triggered from PySys: [{'name': 'rolldice', 'id': '5152439', 'version': '::apt', 'url': 'https://thin-edge-io.eu-latest.cumulocity.com/inventory/binaries/12435463', 'action': 'install'}]", 'c8y_SoftwareUpdate': [{'name': 'rolldice', 'action': 'install', 'id': '5152439', 'version': '::apt', 'url': 'https://thin-edge-io.eu-latest.cumulocity.com/inventory/binaries/12435463'}]}
14:54:58 WARN  , retrying in 0.5 seconds...
14:54:59 WARN  , retrying in 0.5 seconds...
14:54:59 WARN  , retrying in 0.5 seconds...
14:55:00 WARN  , retrying in 0.5 seconds...
14:55:00 WARN  , retrying in 0.5 seconds...
14:55:01 WARN  , retrying in 0.5 seconds...
14:55:01 WARN  , retrying in 0.5 seconds...
14:55:02 WARN  , retrying in 0.5 seconds...
14:55:02 WARN  , retrying in 0.5 seconds...
14:55:03 WARN  AssertionError occurred while running test - 
Traceback (most recent call last):
  File "/home/pi/env-pysys/lib/python3.7/site-packages/pysys/baserunner.py", line 1294, in __call__
    self.testObj.execute()
  File "/home/pi/actions-runner/_work/thin-edge.io/thin-edge.io/tests/PySys/software_management_end_to_end/sm_apt_install_download_path/run.py", line 83, in execute
    assert_install_in_download_path(install_directory=self.DOWNLOAD_DIR)
  File "/home/pi/env-pysys/lib/python3.7/site-packages/decorator.py", line 232, in fun
    return caller(func, *(extras + args), **kw)
  File "/home/pi/env-pysys/lib/python3.7/site-packages/retry/api.py", line 74, in retry_decorator
    logger)
  File "/home/pi/env-pysys/lib/python3.7/site-packages/retry/api.py", line 33, in __retry_internal
    return f()
  File "/home/pi/actions-runner/_work/thin-edge.io/thin-edge.io/tests/PySys/software_management_end_to_end/sm_apt_install_download_path/run.py", line 28, in assert_install_in_download_path
    assert "rolldice" in os.listdir(f"{install_directory}")
AssertionError
14:55:03 WARN  AssertionError: ... blocked 
14:55:03 INFO  
14:55:03 INFO  cleanup:
14:55:03 INFO  Executed sudo, exit status 0
14:55:04 INFO  Executed sudo, exit status 0
14:55:08 INFO  Executed sudo&lt;tedge_disconnect_c8y&gt;, exit status 0
14:55:08 INFO  Restarting mosquitto too frequently in the last 10 seconds. It was only up for 3 seconds
14:55:08 INFO  Delaying execution by 8 seconds
14:55:30 INFO  Executed sudo&lt;tedge_connect_c8y&gt;, exit status 0, duration 13 secs
14:55:35 INFO  Executed sudo&lt;tedge_disconnect_c8y&gt;, exit status 0
14:55:35 INFO  Executed systemctl&lt;serv_mapper5&gt;, exit status 3
14:55:35 INFO  
14:55:35 INFO  Test duration: 85.22 secs
14:55:35 INFO  Test final outcome:  BLOCKED
14:55:35 INFO  Test outcome reason: AssertionError:
14:55:35 INFO  
</system-out>
	</testcase>
</testsuite><testsuite name="SoftwareManagement.sm_apt_install_fail" tests="3" errors="0" failures="0" skipped="1" time="0"><testcase classname="PySysTest" name="SoftwareManagement.sm_apt_install_fail">
		<skipped message="SKIPPED: Testing the apt plugin is not supported on this platform.Use parameter -XmyPlatform='container' to enable it" />
		<system-out>14:03:28 INFO  ==============================================================
14:03:28 INFO  Id:    SoftwareManagement.sm_apt_install_fail
14:03:28 INFO  Dir:   software_management_end_to_end/
14:03:28 INFO  Title: Validate end to end behaviour for a failing installation
14:03:28 INFO  ==============================================================
14:03:28 INFO  Testing the apt plugin is not supported on this platform.Use parameter -XmyPlatform='container' to enable it ... skipped
14:03:28 WARN  Aborted test due to SKIPPED outcome
14:03:28 INFO  
14:03:28 INFO  Test duration: 0.02 secs
14:03:28 INFO  Test final outcome:  SKIPPED
14:03:28 INFO  Test outcome reason: Testing the apt plugin is not supported on this platform.Use parameter -XmyPlatform='container' to enable it
14:03:28 INFO  
</system-out>
	</testcase>
<testcase classname="PySysTest" name="SoftwareManagement.sm_apt_install_fail" />
<testcase classname="PySysTest" name="SoftwareManagement.sm_apt_install_fail" />
</testsuite><testsuite name="SoftwareManagement.sm_apt_install_remove" tests="3" errors="0" failures="0" skipped="1" time="0"><testcase classname="PySysTest" name="SoftwareManagement.sm_apt_install_remove">
		<skipped message="SKIPPED: Testing the apt plugin is not supported on this platform.Use parameter -XmyPlatform='container' to enable it" />
		<system-out>14:03:28 INFO  ==============================================================
14:03:28 INFO  Id:    SoftwareManagement.sm_apt_install_remove
14:03:28 INFO  Dir:   software_management_end_to_end/
14:03:28 INFO  Title: Validate end to end behaviour for the apt plugin for installation and removal of packages
14:03:28 INFO  ==============================================================
14:03:28 INFO  Testing the apt plugin is not supported on this platform.Use parameter -XmyPlatform='container' to enable it ... skipped
14:03:28 WARN  Aborted test due to SKIPPED outcome
14:03:28 INFO  
14:03:28 INFO  Test duration: 0.02 secs
14:03:28 INFO  Test final outcome:  SKIPPED
14:03:28 INFO  Test outcome reason: Testing the apt plugin is not supported on this platform.Use parameter -XmyPlatform='container' to enable it
14:03:28 INFO  
</system-out>
	</testcase>
<testcase classname="PySysTest" name="SoftwareManagement.sm_apt_install_remove" />
<testcase classname="PySysTest" name="SoftwareManagement.sm_apt_install_remove" />
</testsuite><testsuite name="SoftwareManagement.sm_apt_install_remove_default" tests="3" errors="0" failures="0" skipped="1" time="0"><testcase classname="PySysTest" name="SoftwareManagement.sm_apt_install_remove_default">
		<skipped message="SKIPPED: Testing the apt plugin is not supported on this platform.Use parameter -XmyPlatform='container' to enable it" />
		<system-out>14:03:28 INFO  ==============================================================
14:03:28 INFO  Id:    SoftwareManagement.sm_apt_install_remove_default
14:03:28 INFO  Dir:   software_management_end_to_end/
14:03:28 INFO  Title: Validate end to end behaviour for the default plugin for installation and removal of packages
14:03:28 INFO  ==============================================================
14:03:28 INFO  Testing the apt plugin is not supported on this platform.Use parameter -XmyPlatform='container' to enable it ... skipped
14:03:28 WARN  Aborted test due to SKIPPED outcome
14:03:28 INFO  
14:03:28 INFO  Test duration: 0.02 secs
14:03:28 INFO  Test final outcome:  SKIPPED
14:03:28 INFO  Test outcome reason: Testing the apt plugin is not supported on this platform.Use parameter -XmyPlatform='container' to enable it
14:03:28 INFO  
</system-out>
	</testcase>
<testcase classname="PySysTest" name="SoftwareManagement.sm_apt_install_remove_default" />
<testcase classname="PySysTest" name="SoftwareManagement.sm_apt_install_remove_default" />
</testsuite><testsuite name="SoftwareManagement.sm_apt_install_remove_multiple" tests="3" errors="0" failures="2" skipped="1" time="0"><testcase classname="PySysTest" name="SoftwareManagement.sm_apt_install_remove_multiple">
		<skipped message="SKIPPED: Testing the apt plugin is not supported on this platform.Use parameter -XmyPlatform='container' to enable it" />
		<system-out>14:03:28 INFO  ==============================================================
14:03:28 INFO  Id:    SoftwareManagement.sm_apt_install_remove_multiple
14:03:28 INFO  Dir:   software_management_end_to_end/
14:03:28 INFO  Title: Validate end to end behaviour for the apt plugin for multiple packages
14:03:28 INFO  ==============================================================
14:03:28 INFO  Testing the apt plugin is not supported on this platform.Use parameter -XmyPlatform='container' to enable it ... skipped
14:03:28 WARN  Aborted test due to SKIPPED outcome
14:03:28 INFO  
14:03:28 INFO  Test duration: 0.02 secs
14:03:28 INFO  Test final outcome:  SKIPPED
14:03:28 INFO  Test outcome reason: Testing the apt plugin is not supported on this platform.Use parameter -XmyPlatform='container' to enable it
14:03:28 INFO  
</system-out>
	</testcase>
<testcase classname="PySysTest" name="SoftwareManagement.sm_apt_install_remove_multiple">
		<failure message="FAILED: Assert that (False == value) with value=True" type="FAILED" />
		<system-out>14:35:20 INFO  ==============================================================
14:35:20 INFO  Id:    SoftwareManagement.sm_apt_install_remove_multiple
14:35:20 INFO  Dir:   software_management_end_to_end/
14:35:20 INFO  Title: Validate end to end behaviour for the apt plugin for multiple packages
14:35:20 INFO  ==============================================================
14:35:20 INFO  Using sw id database: {'asciijump': '5475369', 'robotfindskitten': '5474869', 'squirrel3': '5475279', 'rolldice': '5152439', 'moon-buggy': '5439204', 'apple': '5495053', 'banana': '5494888', 'cherry': '5495382', 'watermelon': '5494510', 'registry': '8018911', 'hello-world': '8021526', 'docker/getting-started': '8021973', 'alpine': '7991792'}
14:35:20 INFO  EnvironmentC8y Setup
14:35:20 INFO  Executed systemctl&lt;serv_mapper1&gt;, exit status 3
14:35:20 INFO  Restarting mosquitto too frequently in the last 10 seconds. It was only up for 4 seconds
14:35:20 INFO  Delaying execution by 7 seconds
14:35:41 INFO  Executed sudo&lt;tedge_connect_c8y&gt;, exit status 0, duration 13 secs
14:35:42 INFO  Executed sudo&lt;tedge_connect_c8y_test&gt;, exit status 0
14:35:42 INFO  Executed systemctl&lt;serv_mosq2&gt;, exit status 0
14:35:43 INFO  Executed systemctl&lt;serv_mapper3&gt;, exit status 0
14:35:45 INFO  State of current operation: SUCCESSFUL
14:35:45 INFO  Assert that (False == value) with value=False ... passed
14:35:45 INFO  Assert that (False == value) with value=False ... passed
14:35:46 INFO  Assert that (False == value) with value=False ... passed
14:35:46 INFO  Package robotfindskitten is installed
14:35:46 WARN  Assert that (False == value) with value=True ... failed 
14:35:46 INFO  Response status: 201
14:35:46 INFO  Response to action: {
    "creationTime": "2022-06-22T14:35:46.584Z",
    "deviceName": "m32sd10d",
    "deviceId": "20404325",
    "self": "https://t493319102.eu-latest.cumulocity.com/devicecontrol/operations/20413643",
    "id": "20413643",
    "status": "PENDING",
    "description": "Apply software changes, triggered from PySys: [{'action': 'install', 'id': '5475369', 'name': 'asciijump', 'url': ' ', 'version': '::apt'}, {'action': 'install', 'id': '5474869', 'name': 'robotfindskitten', 'url': ' ', 'version': '::apt'}, {'action': 'install', 'id': '5475279', 'name': 'squirrel3', 'url': ' ', 'version': '::apt'}]",
    "c8y_SoftwareUpdate": [
        {
            "name": "asciijump",
            "action": "install",
            "id": "5475369",
            "version": "::apt",
            "url": " "
        },
        {
            "name": "robotfindskitten",
            "action": "install",
            "id": "5474869",
            "version": "::apt",
            "url": " "
        },
        {
            "name": "squirrel3",
            "action": "install",
            "id": "5475279",
            "version": "::apt",
            "url": " "
        }
    ]
}
14:35:46 INFO  Started operation: {'creationTime': '2022-06-22T14:35:46.584Z', 'deviceName': 'm32sd10d', 'deviceId': '20404325', 'self': 'https://t493319102.eu-latest.cumulocity.com/devicecontrol/operations/20413643', 'id': '20413643', 'status': 'PENDING', 'description': "Apply software changes, triggered from PySys: [{'action': 'install', 'id': '5475369', 'name': 'asciijump', 'url': ' ', 'version': '::apt'}, {'action': 'install', 'id': '5474869', 'name': 'robotfindskitten', 'url': ' ', 'version': '::apt'}, {'action': 'install', 'id': '5475279', 'name': 'squirrel3', 'url': ' ', 'version': '::apt'}]", 'c8y_SoftwareUpdate': [{'name': 'asciijump', 'action': 'install', 'id': '5475369', 'version': '::apt', 'url': ' '}, {'name': 'robotfindskitten', 'action': 'install', 'id': '5474869', 'version': '::apt', 'url': ' '}, {'name': 'squirrel3', 'action': 'install', 'id': '5475279', 'version': '::apt', 'url': ' '}]}
14:35:48 INFO  State of operation 20413643 : PENDING
14:35:51 INFO  State of operation 20413643 : EXECUTING
14:35:53 INFO  State of operation 20413643 : EXECUTING
14:35:55 INFO  State of operation 20413643 : EXECUTING
14:35:58 INFO  State of operation 20413643 : EXECUTING
14:36:00 INFO  State of operation 20413643 : EXECUTING
14:36:03 INFO  State of operation 20413643 : EXECUTING
14:36:06 INFO  State of operation 20413643 : EXECUTING
14:36:08 INFO  State of operation 20413643 : EXECUTING
14:36:10 INFO  State of operation 20413643 : EXECUTING
14:36:13 INFO  State of operation 20413643 : EXECUTING
14:36:15 INFO  State of operation 20413643 : EXECUTING
14:36:17 INFO  State of operation 20413643 : EXECUTING
14:36:19 INFO  State of operation 20413643 : EXECUTING
14:36:22 INFO  State of operation 20413643 : EXECUTING
14:36:24 INFO  State of operation 20413643 : EXECUTING
14:36:26 INFO  State of operation 20413643 : EXECUTING
14:36:29 INFO  State of operation 20413643 : EXECUTING
14:36:31 INFO  State of operation 20413643 : EXECUTING
14:36:33 INFO  State of operation 20413643 : EXECUTING
14:36:36 INFO  State of operation 20413643 : EXECUTING
14:36:38 INFO  State of operation 20413643 : EXECUTING
14:36:41 INFO  State of operation 20413643 : EXECUTING
14:36:44 INFO  State of operation 20413643 : EXECUTING
14:36:46 INFO  State of operation 20413643 : EXECUTING
14:36:49 INFO  State of operation 20413643 : EXECUTING
14:36:51 INFO  State of operation 20413643 : EXECUTING
14:36:54 INFO  State of operation 20413643 : EXECUTING
14:36:56 INFO  State of operation 20413643 : EXECUTING
14:36:58 INFO  State of operation 20413643 : EXECUTING
14:37:00 INFO  State of operation 20413643 : EXECUTING
14:37:03 INFO  State of operation 20413643 : EXECUTING
14:37:05 INFO  State of operation 20413643 : EXECUTING
14:37:07 INFO  State of operation 20413643 : SUCCESSFUL
14:37:07 INFO  Assert that (False == value) with value=False ... passed
14:37:08 INFO  Package asciijump is installed
14:37:08 INFO  Assert that (True == value) with value=True ... passed
14:37:08 INFO  Package squirrel3 is installed
14:37:08 INFO  Assert that (True == value) with value=True ... passed
14:37:08 INFO  Package robotfindskitten is installed
14:37:08 INFO  Assert that (True == value) with value=True ... passed
14:37:08 INFO  Response status: 201
14:37:08 INFO  Response to action: {
    "creationTime": "2022-06-22T14:37:08.745Z",
    "deviceName": "m32sd10d",
    "deviceId": "20404325",
    "self": "https://t493319102.eu-latest.cumulocity.com/devicecontrol/operations/20413651",
    "id": "20413651",
    "status": "PENDING",
    "description": "Apply software changes, triggered from PySys: [{'action': 'delete', 'id': '5475369', 'name': 'asciijump', 'url': ' ', 'version': '::apt'}, {'action': 'delete', 'id': '5474869', 'name': 'robotfindskitten', 'url': ' ', 'version': '::apt'}, {'action': 'delete', 'id': '5475279', 'name': 'squirrel3', 'url': ' ', 'version': '::apt'}]",
    "c8y_SoftwareUpdate": [
        {
            "name": "asciijump",
            "action": "delete",
            "id": "5475369",
            "version": "::apt",
            "url": " "
        },
        {
            "name": "robotfindskitten",
            "action": "delete",
            "id": "5474869",
            "version": "::apt",
            "url": " "
        },
        {
            "name": "squirrel3",
            "action": "delete",
            "id": "5475279",
            "version": "::apt",
            "url": " "
        }
    ]
}
14:37:08 INFO  Started operation: {'creationTime': '2022-06-22T14:37:08.745Z', 'deviceName': 'm32sd10d', 'deviceId': '20404325', 'self': 'https://t493319102.eu-latest.cumulocity.com/devicecontrol/operations/20413651', 'id': '20413651', 'status': 'PENDING', 'description': "Apply software changes, triggered from PySys: [{'action': 'delete', 'id': '5475369', 'name': 'asciijump', 'url': ' ', 'version': '::apt'}, {'action': 'delete', 'id': '5474869', 'name': 'robotfindskitten', 'url': ' ', 'version': '::apt'}, {'action': 'delete', 'id': '5475279', 'name': 'squirrel3', 'url': ' ', 'version': '::apt'}]", 'c8y_SoftwareUpdate': [{'name': 'asciijump', 'action': 'delete', 'id': '5475369', 'version': '::apt', 'url': ' '}, {'name': 'robotfindskitten', 'action': 'delete', 'id': '5474869', 'version': '::apt', 'url': ' '}, {'name': 'squirrel3', 'action': 'delete', 'id': '5475279', 'version': '::apt', 'url': ' '}]}
14:37:11 INFO  State of operation 20413651 : PENDING
14:37:13 INFO  State of operation 20413651 : EXECUTING
14:37:15 INFO  State of operation 20413651 : EXECUTING
14:37:17 INFO  State of operation 20413651 : EXECUTING
14:37:19 INFO  State of operation 20413651 : EXECUTING
14:37:22 INFO  State of operation 20413651 : EXECUTING
14:37:25 INFO  State of operation 20413651 : EXECUTING
14:37:28 INFO  State of operation 20413651 : EXECUTING
14:37:30 INFO  State of operation 20413651 : EXECUTING
14:37:32 INFO  State of operation 20413651 : EXECUTING
14:37:34 INFO  State of operation 20413651 : EXECUTING
14:37:36 INFO  State of operation 20413651 : EXECUTING
14:37:39 INFO  State of operation 20413651 : EXECUTING
14:37:41 INFO  State of operation 20413651 : EXECUTING
14:37:43 INFO  State of operation 20413651 : EXECUTING
14:37:46 INFO  State of operation 20413651 : EXECUTING
14:37:48 INFO  State of operation 20413651 : EXECUTING
14:37:51 INFO  State of operation 20413651 : EXECUTING
14:37:53 INFO  State of operation 20413651 : EXECUTING
14:37:55 INFO  State of operation 20413651 : EXECUTING
14:37:58 INFO  State of operation 20413651 : EXECUTING
14:38:00 INFO  State of operation 20413651 : EXECUTING
14:38:02 INFO  State of operation 20413651 : EXECUTING
14:38:05 INFO  State of operation 20413651 : EXECUTING
14:38:07 INFO  State of operation 20413651 : EXECUTING
14:38:10 INFO  State of operation 20413651 : EXECUTING
14:38:12 INFO  State of operation 20413651 : EXECUTING
14:38:14 INFO  State of operation 20413651 : SUCCESSFUL
14:38:14 INFO  Assert that (False == value) with value=False ... passed
14:38:15 INFO  Assert that (False == value) with value=False ... passed
14:38:15 INFO  Assert that (False == value) with value=False ... passed
14:38:15 INFO  Assert that (False == value) with value=False ... passed
14:38:15 INFO  
14:38:15 INFO  cleanup:
14:38:19 INFO  Executed sudo&lt;tedge_disconnect_c8y&gt;, exit status 0
14:38:20 INFO  Executed systemctl&lt;serv_mapper5&gt;, exit status 3
14:38:20 INFO  
14:38:20 INFO  Test duration: 180.29 secs
14:38:20 INFO  Test final outcome:  FAILED
14:38:20 INFO  Test outcome reason: Assert that (False == value) with value=True
14:38:20 INFO  
</system-out>
	</testcase>
<testcase classname="PySysTest" name="SoftwareManagement.sm_apt_install_remove_multiple">
		<failure message="FAILED: Assert that (False == value) with value=True (+2 other failures)" type="FAILED" />
		<system-out>15:02:06 INFO  ==============================================================
15:02:06 INFO  Id:    SoftwareManagement.sm_apt_install_remove_multiple
15:02:06 INFO  Dir:   software_management_end_to_end/
15:02:06 INFO  Title: Validate end to end behaviour for the apt plugin for multiple packages
15:02:06 INFO  ==============================================================
15:02:06 INFO  Using sw id database: {'asciijump': '5475369', 'robotfindskitten': '5474869', 'squirrel3': '5475279', 'rolldice': '5152439', 'moon-buggy': '5439204', 'apple': '5495053', 'banana': '5494888', 'cherry': '5495382', 'watermelon': '5494510', 'registry': '8018911', 'hello-world': '8021526', 'docker/getting-started': '8021973', 'alpine': '7991792'}
15:02:06 INFO  EnvironmentC8y Setup
15:02:07 INFO  Executed systemctl&lt;serv_mapper1&gt;, exit status 3
15:02:07 INFO  Restarting mosquitto too frequently in the last 10 seconds. It was only up for 5 seconds
15:02:07 INFO  Delaying execution by 6 seconds
15:02:27 INFO  Executed sudo&lt;tedge_connect_c8y&gt;, exit status 0, duration 13 secs
15:02:27 INFO  Executed sudo&lt;tedge_connect_c8y_test&gt;, exit status 0
15:02:28 INFO  Executed systemctl&lt;serv_mosq2&gt;, exit status 0
15:02:28 INFO  Executed systemctl&lt;serv_mapper3&gt;, exit status 0
15:02:31 INFO  State of current operation: SUCCESSFUL
15:02:31 INFO  Assert that (False == value) with value=False ... passed
15:02:31 INFO  Package asciijump is installed
15:02:31 WARN  Assert that (False == value) with value=True ... failed 
15:02:32 INFO  Package squirrel3 is installed
15:02:32 WARN  Assert that (False == value) with value=True ... failed 
15:02:32 INFO  Package robotfindskitten is installed
15:02:32 WARN  Assert that (False == value) with value=True ... failed 
15:02:32 INFO  Response status: 201
15:02:32 INFO  Response to action: {
    "creationTime": "2022-06-22T15:02:32.503Z",
    "deviceName": "m32sd10d",
    "deviceId": "20404325",
    "self": "https://t493319102.eu-latest.cumulocity.com/devicecontrol/operations/20413802",
    "id": "20413802",
    "status": "PENDING",
    "description": "Apply software changes, triggered from PySys: [{'action': 'install', 'id': '5475369', 'name': 'asciijump', 'url': ' ', 'version': '::apt'}, {'action': 'install', 'id': '5474869', 'name': 'robotfindskitten', 'url': ' ', 'version': '::apt'}, {'action': 'install', 'id': '5475279', 'name': 'squirrel3', 'url': ' ', 'version': '::apt'}]",
    "c8y_SoftwareUpdate": [
        {
            "name": "asciijump",
            "action": "install",
            "id": "5475369",
            "version": "::apt",
            "url": " "
        },
        {
            "name": "robotfindskitten",
            "action": "install",
            "id": "5474869",
            "version": "::apt",
            "url": " "
        },
        {
            "name": "squirrel3",
            "action": "install",
            "id": "5475279",
            "version": "::apt",
            "url": " "
        }
    ]
}
15:02:32 INFO  Started operation: {'creationTime': '2022-06-22T15:02:32.503Z', 'deviceName': 'm32sd10d', 'deviceId': '20404325', 'self': 'https://t493319102.eu-latest.cumulocity.com/devicecontrol/operations/20413802', 'id': '20413802', 'status': 'PENDING', 'description': "Apply software changes, triggered from PySys: [{'action': 'install', 'id': '5475369', 'name': 'asciijump', 'url': ' ', 'version': '::apt'}, {'action': 'install', 'id': '5474869', 'name': 'robotfindskitten', 'url': ' ', 'version': '::apt'}, {'action': 'install', 'id': '5475279', 'name': 'squirrel3', 'url': ' ', 'version': '::apt'}]", 'c8y_SoftwareUpdate': [{'name': 'asciijump', 'action': 'install', 'id': '5475369', 'version': '::apt', 'url': ' '}, {'name': 'robotfindskitten', 'action': 'install', 'id': '5474869', 'version': '::apt', 'url': ' '}, {'name': 'squirrel3', 'action': 'install', 'id': '5475279', 'version': '::apt', 'url': ' '}]}
15:02:34 INFO  State of operation 20413802 : PENDING
15:02:37 INFO  State of operation 20413802 : EXECUTING
15:02:39 INFO  State of operation 20413802 : EXECUTING
15:02:41 INFO  State of operation 20413802 : EXECUTING
15:02:43 INFO  State of operation 20413802 : EXECUTING
15:02:45 INFO  State of operation 20413802 : EXECUTING
15:02:48 INFO  State of operation 20413802 : EXECUTING
15:02:50 INFO  State of operation 20413802 : EXECUTING
15:02:53 INFO  State of operation 20413802 : EXECUTING
15:02:55 INFO  State of operation 20413802 : EXECUTING
15:02:58 INFO  State of operation 20413802 : EXECUTING
15:03:00 INFO  State of operation 20413802 : EXECUTING
15:03:02 INFO  State of operation 20413802 : EXECUTING
15:03:04 INFO  State of operation 20413802 : EXECUTING
15:03:07 INFO  State of operation 20413802 : EXECUTING
15:03:09 INFO  State of operation 20413802 : SUCCESSFUL
15:03:09 INFO  Assert that (False == value) with value=False ... passed
15:03:09 INFO  Package asciijump is installed
15:03:09 INFO  Assert that (True == value) with value=True ... passed
15:03:09 INFO  Package squirrel3 is installed
15:03:09 INFO  Assert that (True == value) with value=True ... passed
15:03:10 INFO  Package robotfindskitten is installed
15:03:10 INFO  Assert that (True == value) with value=True ... passed
15:03:10 INFO  Response status: 201
15:03:10 INFO  Response to action: {
    "creationTime": "2022-06-22T15:03:10.319Z",
    "deviceName": "m32sd10d",
    "deviceId": "20404325",
    "self": "https://t493319102.eu-latest.cumulocity.com/devicecontrol/operations/20413810",
    "id": "20413810",
    "status": "PENDING",
    "description": "Apply software changes, triggered from PySys: [{'action': 'delete', 'id': '5475369', 'name': 'asciijump', 'url': ' ', 'version': '::apt'}, {'action': 'delete', 'id': '5474869', 'name': 'robotfindskitten', 'url': ' ', 'version': '::apt'}, {'action': 'delete', 'id': '5475279', 'name': 'squirrel3', 'url': ' ', 'version': '::apt'}]",
    "c8y_SoftwareUpdate": [
        {
            "name": "asciijump",
            "action": "delete",
            "id": "5475369",
            "version": "::apt",
            "url": " "
        },
        {
            "name": "robotfindskitten",
            "action": "delete",
            "id": "5474869",
            "version": "::apt",
            "url": " "
        },
        {
            "name": "squirrel3",
            "action": "delete",
            "id": "5475279",
            "version": "::apt",
            "url": " "
        }
    ]
}
15:03:10 INFO  Started operation: {'creationTime': '2022-06-22T15:03:10.319Z', 'deviceName': 'm32sd10d', 'deviceId': '20404325', 'self': 'https://t493319102.eu-latest.cumulocity.com/devicecontrol/operations/20413810', 'id': '20413810', 'status': 'PENDING', 'description': "Apply software changes, triggered from PySys: [{'action': 'delete', 'id': '5475369', 'name': 'asciijump', 'url': ' ', 'version': '::apt'}, {'action': 'delete', 'id': '5474869', 'name': 'robotfindskitten', 'url': ' ', 'version': '::apt'}, {'action': 'delete', 'id': '5475279', 'name': 'squirrel3', 'url': ' ', 'version': '::apt'}]", 'c8y_SoftwareUpdate': [{'name': 'asciijump', 'action': 'delete', 'id': '5475369', 'version': '::apt', 'url': ' '}, {'name': 'robotfindskitten', 'action': 'delete', 'id': '5474869', 'version': '::apt', 'url': ' '}, {'name': 'squirrel3', 'action': 'delete', 'id': '5475279', 'version': '::apt', 'url': ' '}]}
15:03:12 INFO  State of operation 20413810 : PENDING
15:03:14 INFO  State of operation 20413810 : EXECUTING
15:03:17 INFO  State of operation 20413810 : EXECUTING
15:03:19 INFO  State of operation 20413810 : EXECUTING
15:03:21 INFO  State of operation 20413810 : EXECUTING
15:03:23 INFO  State of operation 20413810 : EXECUTING
15:03:26 INFO  State of operation 20413810 : EXECUTING
15:03:29 INFO  State of operation 20413810 : EXECUTING
15:03:31 INFO  State of operation 20413810 : EXECUTING
15:03:34 INFO  State of operation 20413810 : EXECUTING
15:03:36 INFO  State of operation 20413810 : EXECUTING
15:03:38 INFO  State of operation 20413810 : EXECUTING
15:03:40 INFO  State of operation 20413810 : EXECUTING
15:03:43 INFO  State of operation 20413810 : EXECUTING
15:03:45 INFO  State of operation 20413810 : EXECUTING
15:03:47 INFO  State of operation 20413810 : EXECUTING
15:03:49 INFO  State of operation 20413810 : EXECUTING
15:03:52 INFO  State of operation 20413810 : EXECUTING
15:03:54 INFO  State of operation 20413810 : EXECUTING
15:03:57 INFO  State of operation 20413810 : EXECUTING
15:03:59 INFO  State of operation 20413810 : EXECUTING
15:04:01 INFO  State of operation 20413810 : EXECUTING
15:04:04 INFO  State of operation 20413810 : EXECUTING
15:04:06 INFO  State of operation 20413810 : EXECUTING
15:04:08 INFO  State of operation 20413810 : EXECUTING
15:04:11 INFO  State of operation 20413810 : EXECUTING
15:04:13 INFO  State of operation 20413810 : EXECUTING
15:04:15 INFO  State of operation 20413810 : EXECUTING
15:04:18 INFO  State of operation 20413810 : SUCCESSFUL
15:04:18 INFO  Assert that (False == value) with value=False ... passed
15:04:18 INFO  Assert that (False == value) with value=False ... passed
15:04:18 INFO  Assert that (False == value) with value=False ... passed
15:04:19 INFO  Assert that (False == value) with value=False ... passed
15:04:19 INFO  
15:04:19 INFO  cleanup:
15:04:23 INFO  Executed sudo&lt;tedge_disconnect_c8y&gt;, exit status 0
15:04:23 INFO  Executed systemctl&lt;serv_mapper5&gt;, exit status 3
15:04:23 INFO  
15:04:23 INFO  Test duration: 136.92 secs
15:04:23 INFO  Test final outcome:  FAILED
15:04:23 INFO  Test outcome reason: Assert that (False == value) with value=True (+2 other failures)
15:04:23 INFO  
</system-out>
	</testcase>
</testsuite><testsuite name="SoftwareManagement.sm_apt_install_remove_multiple_mixed" tests="3" errors="0" failures="2" skipped="1" time="0"><testcase classname="PySysTest" name="SoftwareManagement.sm_apt_install_remove_multiple_mixed">
		<skipped message="SKIPPED: Testing the apt plugin is not supported on this platform.Use parameter -XmyPlatform='container' to enable it" />
		<system-out>14:03:28 INFO  ==============================================================
14:03:28 INFO  Id:    SoftwareManagement.sm_apt_install_remove_multiple_mixed
14:03:28 INFO  Dir:   software_management_end_to_end/
14:03:28 INFO  Title: Validate end to end behaviour for the apt plugin for multiple packages with mixed versions
14:03:28 INFO  ==============================================================
14:03:28 INFO  Testing the apt plugin is not supported on this platform.Use parameter -XmyPlatform='container' to enable it ... skipped
14:03:28 WARN  Aborted test due to SKIPPED outcome
14:03:28 INFO  
14:03:28 INFO  Test duration: 0.03 secs
14:03:28 INFO  Test final outcome:  SKIPPED
14:03:28 INFO  Test outcome reason: Testing the apt plugin is not supported on this platform.Use parameter -XmyPlatform='container' to enable it
14:03:28 INFO  
</system-out>
	</testcase>
<testcase classname="PySysTest" name="SoftwareManagement.sm_apt_install_remove_multiple_mixed">
		<failure message="BLOCKED: SystemError: Timeout while waiting for status SUCCESSFUL or False" type="BLOCKED" />
		<system-out>14:38:20 INFO  ==============================================================
14:38:20 INFO  Id:    SoftwareManagement.sm_apt_install_remove_multiple_mixed
14:38:20 INFO  Dir:   software_management_end_to_end/
14:38:20 INFO  Title: Validate end to end behaviour for the apt plugin for multiple packages with mixed versions
14:38:20 INFO  ==============================================================
14:38:20 INFO  Using sw id database: {'asciijump': '5475369', 'robotfindskitten': '5474869', 'squirrel3': '5475279', 'rolldice': '5152439', 'moon-buggy': '5439204', 'apple': '5495053', 'banana': '5494888', 'cherry': '5495382', 'watermelon': '5494510', 'registry': '8018911', 'hello-world': '8021526', 'docker/getting-started': '8021973', 'alpine': '7991792'}
14:38:20 INFO  EnvironmentC8y Setup
14:38:20 INFO  Executed systemctl&lt;serv_mapper1&gt;, exit status 3
14:38:21 INFO  Restarting mosquitto too frequently in the last 10 seconds. It was only up for 4 seconds
14:38:21 INFO  Delaying execution by 7 seconds
14:38:41 INFO  Executed sudo&lt;tedge_connect_c8y&gt;, exit status 0, duration 13 secs
14:38:42 INFO  Executed sudo&lt;tedge_connect_c8y_test&gt;, exit status 0
14:38:42 INFO  Executed systemctl&lt;serv_mosq2&gt;, exit status 0
14:38:43 INFO  Executed systemctl&lt;serv_mapper3&gt;, exit status 0
14:38:45 INFO  State of current operation: SUCCESSFUL
14:38:45 INFO  Assert that (False == value) with value=False ... passed
14:38:46 INFO  Assert that (False == value) with value=False ... passed
14:38:46 INFO  Assert that (False == value) with value=False ... passed
14:38:46 INFO  Assert that (False == value) with value=False ... passed
14:38:46 INFO  Assert that (False == value) with value=False ... passed
14:38:48 INFO  Response status: 201
14:38:48 INFO  Response to action: {
    "delivery": {
        "log": [],
        "time": "2022-06-22T14:38:48.035Z",
        "status": "PENDING"
    },
    "creationTime": "2022-06-22T14:38:48.016Z",
    "deviceName": "m32sd10d",
    "deviceId": "20404325",
    "self": "https://t493319102.eu-latest.cumulocity.com/devicecontrol/operations/20413659",
    "id": "20413659",
    "status": "PENDING",
    "description": "Apply software changes, triggered from PySys: [{'action': 'install', 'id': '5475369', 'name': 'asciijump', 'url': ' ', 'version': '::apt'}, {'action': 'install', 'id': '5474869', 'name': 'robotfindskitten', 'url': ' ', 'version': ' '}, {'action': 'install', 'id': '5475279', 'name': 'squirrel3', 'url': ' ', 'version': '3.1-7::apt'}, {'action': 'install', 'id': '5152439', 'name': 'rolldice', 'url': ' ', 'version': '1.16-1+b1'}, {'action': 'install', 'id': '5439204', 'name': 'moon-buggy', 'url': ' ', 'version': '1:1.0.51-12'}, {'action': 'install', 'id': '5475369', 'name': 'asciijump', 'url': ' ', 'version': '::apt'}]",
    "c8y_SoftwareUpdate": [
        {
            "name": "asciijump",
            "action": "install",
            "id": "5475369",
            "version": "::apt",
            "url": " "
        },
        {
            "name": "robotfindskitten",
            "action": "install",
            "id": "5474869",
            "version": " ",
            "url": " "
        },
        {
            "name": "squirrel3",
            "action": "install",
            "id": "5475279",
            "version": "3.1-7::apt",
            "url": " "
        },
        {
            "name": "rolldice",
            "action": "install",
            "id": "5152439",
            "version": "1.16-1+b1",
            "url": " "
        },
        {
            "name": "moon-buggy",
            "action": "install",
            "id": "5439204",
            "version": "1:1.0.51-12",
            "url": " "
        },
        {
            "name": "asciijump",
            "action": "install",
            "id": "5475369",
            "version": "::apt",
            "url": " "
        }
    ]
}
14:38:48 INFO  Started operation: {'delivery': {'log': [], 'time': '2022-06-22T14:38:48.035Z', 'status': 'PENDING'}, 'creationTime': '2022-06-22T14:38:48.016Z', 'deviceName': 'm32sd10d', 'deviceId': '20404325', 'self': 'https://t493319102.eu-latest.cumulocity.com/devicecontrol/operations/20413659', 'id': '20413659', 'status': 'PENDING', 'description': "Apply software changes, triggered from PySys: [{'action': 'install', 'id': '5475369', 'name': 'asciijump', 'url': ' ', 'version': '::apt'}, {'action': 'install', 'id': '5474869', 'name': 'robotfindskitten', 'url': ' ', 'version': ' '}, {'action': 'install', 'id': '5475279', 'name': 'squirrel3', 'url': ' ', 'version': '3.1-7::apt'}, {'action': 'install', 'id': '5152439', 'name': 'rolldice', 'url': ' ', 'version': '1.16-1+b1'}, {'action': 'install', 'id': '5439204', 'name': 'moon-buggy', 'url': ' ', 'version': '1:1.0.51-12'}, {'action': 'install', 'id': '5475369', 'name': 'asciijump', 'url': ' ', 'version': '::apt'}]", 'c8y_SoftwareUpdate': [{'name': 'asciijump', 'action': 'install', 'id': '5475369', 'version': '::apt', 'url': ' '}, {'name': 'robotfindskitten', 'action': 'install', 'id': '5474869', 'version': ' ', 'url': ' '}, {'name': 'squirrel3', 'action': 'install', 'id': '5475279', 'version': '3.1-7::apt', 'url': ' '}, {'name': 'rolldice', 'action': 'install', 'id': '5152439', 'version': '1.16-1+b1', 'url': ' '}, {'name': 'moon-buggy', 'action': 'install', 'id': '5439204', 'version': '1:1.0.51-12', 'url': ' '}, {'name': 'asciijump', 'action': 'install', 'id': '5475369', 'version': '::apt', 'url': ' '}]}
14:38:50 INFO  State of operation 20413659 : PENDING
14:38:52 INFO  State of operation 20413659 : EXECUTING
14:38:54 INFO  State of operation 20413659 : EXECUTING
14:38:56 INFO  State of operation 20413659 : EXECUTING
14:38:59 INFO  State of operation 20413659 : EXECUTING
14:39:01 INFO  State of operation 20413659 : EXECUTING
14:39:04 INFO  State of operation 20413659 : EXECUTING
14:39:07 INFO  State of operation 20413659 : EXECUTING
14:39:09 INFO  State of operation 20413659 : EXECUTING
14:39:11 INFO  State of operation 20413659 : EXECUTING
14:39:13 INFO  State of operation 20413659 : EXECUTING
14:39:16 INFO  State of operation 20413659 : EXECUTING
14:39:18 INFO  State of operation 20413659 : EXECUTING
14:39:20 INFO  State of operation 20413659 : EXECUTING
14:39:22 INFO  State of operation 20413659 : EXECUTING
14:39:25 INFO  State of operation 20413659 : EXECUTING
14:39:27 INFO  State of operation 20413659 : EXECUTING
14:39:30 INFO  State of operation 20413659 : EXECUTING
14:39:32 INFO  State of operation 20413659 : EXECUTING
14:39:34 INFO  State of operation 20413659 : EXECUTING
14:39:37 INFO  State of operation 20413659 : EXECUTING
14:39:39 INFO  State of operation 20413659 : EXECUTING
14:39:42 INFO  State of operation 20413659 : EXECUTING
14:39:44 INFO  State of operation 20413659 : EXECUTING
14:39:47 INFO  State of operation 20413659 : EXECUTING
14:39:50 INFO  State of operation 20413659 : EXECUTING
14:39:52 INFO  State of operation 20413659 : EXECUTING
14:39:54 INFO  State of operation 20413659 : EXECUTING
14:39:57 INFO  State of operation 20413659 : EXECUTING
14:40:00 INFO  State of operation 20413659 : EXECUTING
14:40:02 INFO  State of operation 20413659 : EXECUTING
14:40:04 INFO  State of operation 20413659 : EXECUTING
14:40:07 INFO  State of operation 20413659 : EXECUTING
14:40:09 INFO  State of operation 20413659 : EXECUTING
14:40:11 INFO  State of operation 20413659 : EXECUTING
14:40:13 INFO  State of operation 20413659 : EXECUTING
14:40:16 INFO  State of operation 20413659 : EXECUTING
14:40:19 INFO  State of operation 20413659 : EXECUTING
14:40:21 INFO  State of operation 20413659 : EXECUTING
14:40:24 INFO  State of operation 20413659 : EXECUTING
14:40:26 INFO  State of operation 20413659 : EXECUTING
14:40:28 INFO  State of operation 20413659 : EXECUTING
14:40:31 INFO  State of operation 20413659 : EXECUTING
14:40:33 INFO  State of operation 20413659 : EXECUTING
14:40:35 INFO  State of operation 20413659 : EXECUTING
14:40:37 INFO  State of operation 20413659 : EXECUTING
14:40:39 INFO  State of operation 20413659 : EXECUTING
14:40:42 INFO  State of operation 20413659 : EXECUTING
14:40:45 INFO  State of operation 20413659 : EXECUTING
14:40:47 INFO  State of operation 20413659 : EXECUTING
14:40:49 INFO  State of operation 20413659 : EXECUTING
14:40:51 INFO  State of operation 20413659 : EXECUTING
14:40:54 INFO  State of operation 20413659 : EXECUTING
14:40:56 INFO  State of operation 20413659 : EXECUTING
14:40:59 INFO  State of operation 20413659 : EXECUTING
14:41:01 INFO  State of operation 20413659 : EXECUTING
14:41:04 INFO  State of operation 20413659 : EXECUTING
14:41:06 INFO  State of operation 20413659 : EXECUTING
14:41:09 INFO  State of operation 20413659 : EXECUTING
14:41:11 INFO  State of operation 20413659 : EXECUTING
14:41:13 INFO  State of operation 20413659 : EXECUTING
14:41:15 WARN  SystemError occurred while running test - Timeout while waiting for status SUCCESSFUL or False
Traceback (most recent call last):
  File "/home/pi/env-pysys/lib/python3.7/site-packages/pysys/baserunner.py", line 1294, in __call__
    self.testObj.execute()
  File "/home/pi/actions-runner/_work/thin-edge.io/thin-edge.io/tests/PySys/software_management_end_to_end/sm_apt_install_remove_multiple_mixed/run.py", line 89, in execute
    self.wait_until_succcess()
  File "/home/pi/actions-runner/_work/thin-edge.io/thin-edge.io/tests/PySys/software_management_end_to_end/environment_sm_management.py", line 324, in wait_until_succcess
    self.wait_until_status("SUCCESSFUL")
  File "/home/pi/actions-runner/_work/thin-edge.io/thin-edge.io/tests/PySys/software_management_end_to_end/environment_sm_management.py", line 381, in wait_until_status
    "Timeout while waiting for status %s or %s" % (status, status2)
SystemError: Timeout while waiting for status SUCCESSFUL or False
14:41:15 WARN  SystemError: Timeout while waiting for status SUCCESSFUL or False ... blocked 
14:41:15 INFO  
14:41:15 INFO  cleanup:
14:41:20 INFO  Executed sudo&lt;tedge_disconnect_c8y&gt;, exit status 0
14:41:20 INFO  Executed systemctl&lt;serv_mapper5&gt;, exit status 3
14:41:20 INFO  
14:41:20 INFO  Test duration: 180.42 secs
14:41:20 INFO  Test final outcome:  BLOCKED
14:41:20 INFO  Test outcome reason: SystemError: Timeout while waiting for status SUCCESSFUL or False
14:41:20 INFO  
</system-out>
	</testcase>
<testcase classname="PySysTest" name="SoftwareManagement.sm_apt_install_remove_multiple_mixed">
		<failure message="BLOCKED: SystemError: Timeout while waiting for status SUCCESSFUL or False (+1 other failures)" type="BLOCKED" />
		<system-out>15:04:23 INFO  ==============================================================
15:04:23 INFO  Id:    SoftwareManagement.sm_apt_install_remove_multiple_mixed
15:04:23 INFO  Dir:   software_management_end_to_end/
15:04:23 INFO  Title: Validate end to end behaviour for the apt plugin for multiple packages with mixed versions
15:04:23 INFO  ==============================================================
15:04:23 INFO  Using sw id database: {'asciijump': '5475369', 'robotfindskitten': '5474869', 'squirrel3': '5475279', 'rolldice': '5152439', 'moon-buggy': '5439204', 'apple': '5495053', 'banana': '5494888', 'cherry': '5495382', 'watermelon': '5494510', 'registry': '8018911', 'hello-world': '8021526', 'docker/getting-started': '8021973', 'alpine': '7991792'}
15:04:23 INFO  EnvironmentC8y Setup
15:04:24 INFO  Executed systemctl&lt;serv_mapper1&gt;, exit status 3
15:04:24 INFO  Restarting mosquitto too frequently in the last 10 seconds. It was only up for 5 seconds
15:04:24 INFO  Delaying execution by 6 seconds
15:04:44 INFO  Executed sudo&lt;tedge_connect_c8y&gt;, exit status 0, duration 13 secs
15:04:45 INFO  Executed sudo&lt;tedge_connect_c8y_test&gt;, exit status 0
15:04:45 INFO  Executed systemctl&lt;serv_mosq2&gt;, exit status 0
15:04:46 INFO  Executed systemctl&lt;serv_mapper3&gt;, exit status 0
15:04:48 INFO  State of current operation: SUCCESSFUL
15:04:48 INFO  Assert that (False == value) with value=False ... passed
15:04:49 INFO  Assert that (False == value) with value=False ... passed
15:04:49 INFO  Assert that (False == value) with value=False ... passed
15:04:49 INFO  Assert that (False == value) with value=False ... passed
15:04:49 INFO  Package moon-buggy is installed
15:04:49 WARN  Assert that (False == value) with value=True ... failed 
15:04:50 INFO  Response status: 201
15:04:50 INFO  Response to action: {
    "creationTime": "2022-06-22T15:04:50.938Z",
    "deviceName": "m32sd10d",
    "deviceId": "20404325",
    "self": "https://t493319102.eu-latest.cumulocity.com/devicecontrol/operations/20413818",
    "id": "20413818",
    "status": "PENDING",
    "description": "Apply software changes, triggered from PySys: [{'action': 'install', 'id': '5475369', 'name': 'asciijump', 'url': ' ', 'version': '::apt'}, {'action': 'install', 'id': '5474869', 'name': 'robotfindskitten', 'url': ' ', 'version': ' '}, {'action': 'install', 'id': '5475279', 'name': 'squirrel3', 'url': ' ', 'version': '3.1-7::apt'}, {'action': 'install', 'id': '5152439', 'name': 'rolldice', 'url': ' ', 'version': '1.16-1+b1'}, {'action': 'install', 'id': '5439204', 'name': 'moon-buggy', 'url': ' ', 'version': '1:1.0.51-12'}, {'action': 'install', 'id': '5475369', 'name': 'asciijump', 'url': ' ', 'version': '::apt'}]",
    "c8y_SoftwareUpdate": [
        {
            "name": "asciijump",
            "action": "install",
            "id": "5475369",
            "version": "::apt",
            "url": " "
        },
        {
            "name": "robotfindskitten",
            "action": "install",
            "id": "5474869",
            "version": " ",
            "url": " "
        },
        {
            "name": "squirrel3",
            "action": "install",
            "id": "5475279",
            "version": "3.1-7::apt",
            "url": " "
        },
        {
            "name": "rolldice",
            "action": "install",
            "id": "5152439",
            "version": "1.16-1+b1",
            "url": " "
        },
        {
            "name": "moon-buggy",
            "action": "install",
            "id": "5439204",
            "version": "1:1.0.51-12",
            "url": " "
        },
        {
            "name": "asciijump",
            "action": "install",
            "id": "5475369",
            "version": "::apt",
            "url": " "
        }
    ]
}
15:04:50 INFO  Started operation: {'creationTime': '2022-06-22T15:04:50.938Z', 'deviceName': 'm32sd10d', 'deviceId': '20404325', 'self': 'https://t493319102.eu-latest.cumulocity.com/devicecontrol/operations/20413818', 'id': '20413818', 'status': 'PENDING', 'description': "Apply software changes, triggered from PySys: [{'action': 'install', 'id': '5475369', 'name': 'asciijump', 'url': ' ', 'version': '::apt'}, {'action': 'install', 'id': '5474869', 'name': 'robotfindskitten', 'url': ' ', 'version': ' '}, {'action': 'install', 'id': '5475279', 'name': 'squirrel3', 'url': ' ', 'version': '3.1-7::apt'}, {'action': 'install', 'id': '5152439', 'name': 'rolldice', 'url': ' ', 'version': '1.16-1+b1'}, {'action': 'install', 'id': '5439204', 'name': 'moon-buggy', 'url': ' ', 'version': '1:1.0.51-12'}, {'action': 'install', 'id': '5475369', 'name': 'asciijump', 'url': ' ', 'version': '::apt'}]", 'c8y_SoftwareUpdate': [{'name': 'asciijump', 'action': 'install', 'id': '5475369', 'version': '::apt', 'url': ' '}, {'name': 'robotfindskitten', 'action': 'install', 'id': '5474869', 'version': ' ', 'url': ' '}, {'name': 'squirrel3', 'action': 'install', 'id': '5475279', 'version': '3.1-7::apt', 'url': ' '}, {'name': 'rolldice', 'action': 'install', 'id': '5152439', 'version': '1.16-1+b1', 'url': ' '}, {'name': 'moon-buggy', 'action': 'install', 'id': '5439204', 'version': '1:1.0.51-12', 'url': ' '}, {'name': 'asciijump', 'action': 'install', 'id': '5475369', 'version': '::apt', 'url': ' '}]}
15:04:53 INFO  State of operation 20413818 : PENDING
15:04:55 INFO  State of operation 20413818 : EXECUTING
15:04:57 INFO  State of operation 20413818 : EXECUTING
15:04:59 INFO  State of operation 20413818 : EXECUTING
15:05:02 INFO  State of operation 20413818 : EXECUTING
15:05:04 INFO  State of operation 20413818 : EXECUTING
15:05:07 INFO  State of operation 20413818 : EXECUTING
15:05:09 INFO  State of operation 20413818 : EXECUTING
15:05:12 INFO  State of operation 20413818 : EXECUTING
15:05:14 INFO  State of operation 20413818 : EXECUTING
15:05:16 INFO  State of operation 20413818 : EXECUTING
15:05:18 INFO  State of operation 20413818 : EXECUTING
15:05:21 INFO  State of operation 20413818 : EXECUTING
15:05:23 INFO  State of operation 20413818 : EXECUTING
15:05:25 INFO  State of operation 20413818 : EXECUTING
15:05:27 INFO  State of operation 20413818 : EXECUTING
15:05:30 INFO  State of operation 20413818 : EXECUTING
15:05:32 INFO  State of operation 20413818 : EXECUTING
15:05:35 INFO  State of operation 20413818 : EXECUTING
15:05:37 INFO  State of operation 20413818 : EXECUTING
15:05:39 INFO  State of operation 20413818 : EXECUTING
15:05:42 INFO  State of operation 20413818 : EXECUTING
15:05:44 INFO  State of operation 20413818 : EXECUTING
15:05:46 INFO  State of operation 20413818 : EXECUTING
15:05:49 INFO  State of operation 20413818 : EXECUTING
15:05:51 INFO  State of operation 20413818 : EXECUTING
15:05:54 INFO  State of operation 20413818 : EXECUTING
15:05:56 INFO  State of operation 20413818 : EXECUTING
15:05:58 INFO  State of operation 20413818 : EXECUTING
15:06:00 INFO  State of operation 20413818 : EXECUTING
15:06:03 INFO  State of operation 20413818 : EXECUTING
15:06:05 INFO  State of operation 20413818 : EXECUTING
15:06:07 INFO  State of operation 20413818 : EXECUTING
15:06:09 INFO  State of operation 20413818 : EXECUTING
15:06:12 INFO  State of operation 20413818 : EXECUTING
15:06:14 INFO  State of operation 20413818 : EXECUTING
15:06:16 INFO  State of operation 20413818 : EXECUTING
15:06:18 INFO  State of operation 20413818 : EXECUTING
15:06:21 INFO  State of operation 20413818 : EXECUTING
15:06:24 INFO  State of operation 20413818 : EXECUTING
15:06:26 INFO  State of operation 20413818 : EXECUTING
15:06:29 INFO  State of operation 20413818 : EXECUTING
15:06:31 INFO  State of operation 20413818 : EXECUTING
15:06:33 INFO  State of operation 20413818 : EXECUTING
15:06:35 INFO  State of operation 20413818 : EXECUTING
15:06:38 INFO  State of operation 20413818 : EXECUTING
15:06:40 INFO  State of operation 20413818 : EXECUTING
15:06:42 INFO  State of operation 20413818 : EXECUTING
15:06:45 INFO  State of operation 20413818 : EXECUTING
15:06:47 INFO  State of operation 20413818 : EXECUTING
15:06:50 INFO  State of operation 20413818 : EXECUTING
15:06:52 INFO  State of operation 20413818 : EXECUTING
15:06:55 INFO  State of operation 20413818 : EXECUTING
15:06:57 INFO  State of operation 20413818 : EXECUTING
15:07:00 INFO  State of operation 20413818 : EXECUTING
15:07:02 INFO  State of operation 20413818 : EXECUTING
15:07:04 INFO  State of operation 20413818 : EXECUTING
15:07:06 INFO  State of operation 20413818 : EXECUTING
15:07:09 INFO  State of operation 20413818 : EXECUTING
15:07:11 INFO  State of operation 20413818 : EXECUTING
15:07:13 INFO  State of operation 20413818 : EXECUTING
15:07:15 WARN  SystemError occurred while running test - Timeout while waiting for status SUCCESSFUL or False
Traceback (most recent call last):
  File "/home/pi/env-pysys/lib/python3.7/site-packages/pysys/baserunner.py", line 1294, in __call__
    self.testObj.execute()
  File "/home/pi/actions-runner/_work/thin-edge.io/thin-edge.io/tests/PySys/software_management_end_to_end/sm_apt_install_remove_multiple_mixed/run.py", line 89, in execute
    self.wait_until_succcess()
  File "/home/pi/actions-runner/_work/thin-edge.io/thin-edge.io/tests/PySys/software_management_end_to_end/environment_sm_management.py", line 324, in wait_until_succcess
    self.wait_until_status("SUCCESSFUL")
  File "/home/pi/actions-runner/_work/thin-edge.io/thin-edge.io/tests/PySys/software_management_end_to_end/environment_sm_management.py", line 381, in wait_until_status
    "Timeout while waiting for status %s or %s" % (status, status2)
SystemError: Timeout while waiting for status SUCCESSFUL or False
15:07:15 WARN  SystemError: Timeout while waiting for status SUCCESSFUL or False ... blocked 
15:07:15 INFO  
15:07:15 INFO  cleanup:
15:07:20 INFO  Executed sudo&lt;tedge_disconnect_c8y&gt;, exit status 0
15:07:20 INFO  Executed systemctl&lt;serv_mapper5&gt;, exit status 3
15:07:20 INFO  
15:07:20 INFO  Test duration: 176.93 secs
15:07:20 INFO  Test final outcome:  BLOCKED
15:07:20 INFO  Test outcome reason: SystemError: Timeout while waiting for status SUCCESSFUL or False (+1 other failures)
15:07:20 INFO  
</system-out>
	</testcase>
</testsuite><testsuite name="SoftwareManagement.sm_apt_install_remove_with_version" tests="3" errors="0" failures="0" skipped="1" time="0"><testcase classname="PySysTest" name="SoftwareManagement.sm_apt_install_remove_with_version">
		<skipped message="SKIPPED: Testing the apt plugin is not supported on this platform.Use parameter -XmyPlatform='container' to enable it" />
		<system-out>14:03:29 INFO  ==============================================================
14:03:29 INFO  Id:    SoftwareManagement.sm_apt_install_remove_with_version
14:03:29 INFO  Dir:   software_management_end_to_end/
14:03:29 INFO  Title: Validate end to end behaviour for the apt plugin for packages with version
14:03:29 INFO  ==============================================================
14:03:29 INFO  Testing the apt plugin is not supported on this platform.Use parameter -XmyPlatform='container' to enable it ... skipped
14:03:29 WARN  Aborted test due to SKIPPED outcome
14:03:29 INFO  
14:03:29 INFO  Test duration: 0.02 secs
14:03:29 INFO  Test final outcome:  SKIPPED
14:03:29 INFO  Test outcome reason: Testing the apt plugin is not supported on this platform.Use parameter -XmyPlatform='container' to enable it
14:03:29 INFO  
</system-out>
	</testcase>
<testcase classname="PySysTest" name="SoftwareManagement.sm_apt_install_remove_with_version" />
<testcase classname="PySysTest" name="SoftwareManagement.sm_apt_install_remove_with_version" />
</testsuite><testsuite name="SoftwareManagement.sm_docker_install_remove_multiple" tests="3" errors="0" failures="0" skipped="1" time="0"><testcase classname="SMDockerInstallRemove" name="SoftwareManagement.sm_docker_install_remove_multiple">
		<skipped message="SKIPPED: Testing the apt plugin is not supported on this platform.Use parameter -XmyPlatform='container' to enable it" />
		<system-out>14:03:29 INFO  ==============================================================
14:03:29 INFO  Id:    SoftwareManagement.sm_docker_install_remove_multiple
14:03:29 INFO  Dir:   software_management_end_to_end/
14:03:29 INFO  Title: Validate end to end behaviour for the docker plugin for multiple docker images with mixed versions
14:03:29 INFO  ==============================================================
14:03:29 INFO  Testing the apt plugin is not supported on this platform.Use parameter -XmyPlatform='container' to enable it ... skipped
14:03:29 WARN  Aborted test due to SKIPPED outcome
14:03:29 INFO  
14:03:29 INFO  Test duration: 0.02 secs
14:03:29 INFO  Test final outcome:  SKIPPED
14:03:29 INFO  Test outcome reason: Testing the apt plugin is not supported on this platform.Use parameter -XmyPlatform='container' to enable it
14:03:29 INFO  
</system-out>
	</testcase>
<testcase classname="SMDockerInstallRemove" name="SoftwareManagement.sm_docker_install_remove_multiple" />
<testcase classname="SMDockerInstallRemove" name="SoftwareManagement.sm_docker_install_remove_multiple" />
</testsuite><testsuite name="SoftwareManagement.sm_fake_install_remove" tests="2" errors="0" failures="0" skipped="1" time="0"><testcase classname="PySysTest" name="SoftwareManagement.sm_fake_install_remove">
		<skipped message="SKIPPED: Testing the fake plugin is not enabled.Use parameter -Xfakeplugin=fakeplugin to enable it" />
		<system-out>14:03:29 INFO  ==============================================================
14:03:29 INFO  Id:    SoftwareManagement.sm_fake_install_remove
14:03:29 INFO  Dir:   software_management_end_to_end/
14:03:29 INFO  Title: Validate end to end behaviour for the dummy plugin for installation and removal of packages
14:03:29 INFO  ==============================================================
14:03:29 INFO  Testing the fake plugin is not enabled.Use parameter -Xfakeplugin=fakeplugin to enable it ... skipped
14:03:29 WARN  Aborted test due to SKIPPED outcome
14:03:29 INFO  
14:03:29 INFO  Test duration: 0.02 secs
14:03:29 INFO  Test final outcome:  SKIPPED
14:03:29 INFO  Test outcome reason: Testing the fake plugin is not enabled.Use parameter -Xfakeplugin=fakeplugin to enable it
14:03:29 INFO  
</system-out>
	</testcase>
<testcase classname="PySysTest" name="SoftwareManagement.sm_fake_install_remove" />
</testsuite><testsuite name="SoftwareManagement.sm_fake_install_remove_multiple" tests="2" errors="0" failures="0" skipped="1" time="0"><testcase classname="PySysTest" name="SoftwareManagement.sm_fake_install_remove_multiple">
		<skipped message="SKIPPED: Testing the fake plugin is not enabled.Use parameter -Xfakeplugin=fakeplugin to enable it" />
		<system-out>14:03:29 INFO  ==============================================================
14:03:29 INFO  Id:    SoftwareManagement.sm_fake_install_remove_multiple
14:03:29 INFO  Dir:   software_management_end_to_end/
14:03:29 INFO  Title: Validate end to end behaviour for the dummy-plugin for multiple packages
14:03:29 INFO  ==============================================================
14:03:29 INFO  Testing the fake plugin is not enabled.Use parameter -Xfakeplugin=fakeplugin to enable it ... skipped
14:03:29 WARN  Aborted test due to SKIPPED outcome
14:03:29 INFO  
14:03:29 INFO  Test duration: 0.02 secs
14:03:29 INFO  Test final outcome:  SKIPPED
14:03:29 INFO  Test outcome reason: Testing the fake plugin is not enabled.Use parameter -Xfakeplugin=fakeplugin to enable it
14:03:29 INFO  
</system-out>
	</testcase>
<testcase classname="PySysTest" name="SoftwareManagement.sm_fake_install_remove_multiple" />
</testsuite><testsuite name="SoftwareManagement.sm_mapper_fail_and_reconnect" tests="2" errors="0" failures="0" skipped="2" time="0"><testcase classname="MapperC8yReceiveLastMessageOnRestart" name="SoftwareManagement.sm_mapper_fail_and_reconnect">
		<skipped message="SKIPPED: instable https://github.com/thin-edge/thin-edge.io/issues/752" />
		<system-out>14:03:29 INFO  ==============================================================
14:03:29 INFO  Id:    SoftwareManagement.sm_mapper_fail_and_reconnect
14:03:29 INFO  Dir:   software_management_end_to_end/
14:03:29 INFO  Title: Validate the tedge-mapper-sm-c8y for receiving the last message on restart
14:03:29 INFO  ==============================================================
14:03:29 INFO  instable https://github.com/thin-edge/thin-edge.io/issues/752 ... skipped
14:03:29 INFO  
14:03:29 INFO  Test duration: 0.02 secs
14:03:29 INFO  Test final outcome:  SKIPPED
14:03:29 INFO  Test outcome reason: instable https://github.com/thin-edge/thin-edge.io/issues/752
14:03:29 INFO  
</system-out>
	</testcase>
<testcase classname="MapperC8yReceiveLastMessageOnRestart" name="SoftwareManagement.sm_mapper_fail_and_reconnect">
		<skipped message="SKIPPED: instable https://github.com/thin-edge/thin-edge.io/issues/752" />
		<system-out>15:14:10 INFO  ==============================================================
15:14:10 INFO  Id:    SoftwareManagement.sm_mapper_fail_and_reconnect
15:14:10 INFO  Dir:   software_management_end_to_end/
15:14:10 INFO  Title: Validate the tedge-mapper-sm-c8y for receiving the last message on restart
15:14:10 INFO  ==============================================================
15:14:10 INFO  instable https://github.com/thin-edge/thin-edge.io/issues/752 ... skipped
15:14:10 INFO  
15:14:10 INFO  Test duration: 0.03 secs
15:14:10 INFO  Test final outcome:  SKIPPED
15:14:10 INFO  Test outcome reason: instable https://github.com/thin-edge/thin-edge.io/issues/752
15:14:10 INFO  
</system-out>
	</testcase>
</testsuite><testsuite name="SoftwareManagement.sm_mixed_install_remove_multiple" tests="2" errors="0" failures="1" skipped="1" time="0"><testcase classname="PySysTest" name="SoftwareManagement.sm_mixed_install_remove_multiple">
		<skipped message="SKIPPED: Testing the fake plugin is not enabled.Use parameter -Xfakeplugin=fakeplugin to enable it" />
		<system-out>14:03:29 INFO  ==============================================================
14:03:29 INFO  Id:    SoftwareManagement.sm_mixed_install_remove_multiple
14:03:29 INFO  Dir:   software_management_end_to_end/
14:03:29 INFO  Title: Validate end to end behaviour for the dummy-plugin for multiple packages with mixed versions
14:03:29 INFO  ==============================================================
14:03:29 INFO  Testing the fake plugin is not enabled.Use parameter -Xfakeplugin=fakeplugin to enable it ... skipped
14:03:29 WARN  Aborted test due to SKIPPED outcome
14:03:29 INFO  
14:03:29 INFO  Test duration: 0.03 secs
14:03:29 INFO  Test final outcome:  SKIPPED
14:03:29 INFO  Test outcome reason: Testing the fake plugin is not enabled.Use parameter -Xfakeplugin=fakeplugin to enable it
14:03:29 INFO  
</system-out>
	</testcase>
<testcase classname="PySysTest" name="SoftwareManagement.sm_mixed_install_remove_multiple">
		<failure message="FAILED: Assert that (False == value) with value=True" type="FAILED" />
		<system-out>15:14:10 INFO  ==============================================================
15:14:10 INFO  Id:    SoftwareManagement.sm_mixed_install_remove_multiple
15:14:10 INFO  Dir:   software_management_end_to_end/
15:14:10 INFO  Title: Validate end to end behaviour for the dummy-plugin for multiple packages with mixed versions
[...]
13:51:49 INFO  Executed sudo&lt;rm_tmp_logs&gt;, exit status 0
13:51:49 INFO  Executed sudo&lt;send_failed&gt;, exit status 0
13:51:50 INFO  Executed sudo&lt;log_file_daemon&gt;, exit status 0
13:51:54 INFO  Executed sudo&lt;tedge_disconnect_c8y&gt;, exit status 0
13:51:55 INFO  Executed systemctl&lt;serv_mapper5&gt;, exit status 3
13:51:55 INFO  
13:51:55 INFO  Test duration: 27.97 secs
13:51:55 INFO  Test final outcome:  BLOCKED
13:51:55 INFO  Test outcome reason: TypeError: 'NoneType' object is not subscriptable
13:51:55 INFO  
</system-out>
	</testcase>
</testsuite><testsuite name="log_request_num_lines" tests="1" errors="0" failures="1" skipped="0" time="0"><testcase classname="LogRequestVerifyNumberOfLines" name="log_request_num_lines">
		<failure message="BLOCKED: TypeError: 'NoneType' object is not subscriptable" type="BLOCKED" />
		<system-out>13:51:55 INFO  ==============================================================
13:51:55 INFO  Id:    log_request_num_lines
13:51:55 INFO  Dir:   log_request_end_to_end/
13:51:55 INFO  Title: Validate end to end behaviour for the log request operation check for number of lines
13:51:55 INFO  ==============================================================
13:51:55 INFO  EnvironmentC8y Setup
13:51:55 INFO  Executed systemctl&lt;serv_mapper1&gt;, exit status 3
13:51:55 INFO  Restarting mosquitto too frequently in the last 10 seconds. It was only up for 4 seconds
13:51:55 INFO  Delaying execution by 7 seconds
13:52:17 INFO  Executed sudo&lt;tedge_connect_c8y&gt;, exit status 0, duration 14 secs
13:52:17 INFO  Executed sudo&lt;tedge_connect_c8y_test&gt;, exit status 0
13:52:18 INFO  Executed systemctl&lt;serv_mosq2&gt;, exit status 0
13:52:18 INFO  Executed systemctl&lt;serv_mapper3&gt;, exit status 0
13:52:19 INFO  Executed sudo&lt;rm_logs&gt;, exit status 0
13:52:20 INFO  Executed sudo&lt;move_logs&gt;, exit status 0
13:52:20 INFO  Executed sudo&lt;log_file_daemon&gt;, exit status 0
13:52:21 WARN  TypeError occurred while running test - 'NoneType' object is not subscriptable
Traceback (most recent call last):
  File "/home/pi/env-pysys/lib/python3.7/site-packages/pysys/baserunner.py", line 1294, in __call__
    self.testObj.execute()
  File "/home/pi/actions-runner/_work/thin-edge.io/thin-edge.io/tests/PySys/log_request_end_to_end/log_request_num_lines/run.py", line 46, in execute
    log_file_request_payload, self.project.deviceid
  File "/home/pi/actions-runner/_work/thin-edge.io/thin-edge.io/tests/PySys/environments/cumulocity.py", line 101, in trigger_log_request
    "deviceId": self.device_fragment["id"],
TypeError: 'NoneType' object is not subscriptable
13:52:21 WARN  TypeError: 'NoneType' object is not subscriptable ... blocked 
13:52:21 INFO  
13:52:21 INFO  cleanup:
13:52:21 INFO  Executed sudo&lt;rm_logs&gt;, exit status 0
13:52:22 INFO  Executed sudo&lt;rm_tmp_logs&gt;, exit status 0
13:52:22 INFO  Executed sudo&lt;send_failed&gt;, exit status 0
13:52:23 INFO  Executed sudo&lt;log_file_daemon&gt;, exit status 0
13:52:27 INFO  Executed sudo&lt;tedge_disconnect_c8y&gt;, exit status 0
13:52:28 INFO  Executed systemctl&lt;serv_mapper5&gt;, exit status 3
13:52:28 INFO  
13:52:28 INFO  Test duration: 32.84 secs
13:52:28 INFO  Test final outcome:  BLOCKED
13:52:28 INFO  Test outcome reason: TypeError: 'NoneType' object is not subscriptable
13:52:28 INFO  
</system-out>
	</testcase>
</testsuite><testsuite name="mapper_awaits_before_reconnect" tests="1" errors="0" failures="1" skipped="0" time="0"><testcase classname="MapperReconnectAwait" name="mapper_awaits_before_reconnect">
		<failure message="FAILED: Line count on tedge_mapper_journal.out for &quot;tedge_mapper::core::mapper: MQTT connection error:&quot; expected &gt;=2 but got 0" type="FAILED" />
		<system-out>14:06:33 INFO  ==============================================================
14:06:33 INFO  Id:    mapper_awaits_before_reconnect
14:06:33 INFO  Dir:   tedge_mapper_c8y/
14:06:33 INFO  Title: Validate mapper doesn't reconnect too often
14:06:33 INFO  ==============================================================
14:06:33 INFO  Started mosquitto_sub with process id 9017
14:06:33 INFO  Waiting for 0.1 seconds
14:06:34 INFO  Executed sudo&lt;tedge_mapper&gt;, exit status 0
14:06:34 INFO  Waiting for 5.0 seconds
14:06:39 INFO  Executed sudo&lt;tedge_mapper&gt;, exit status 0
14:06:41 INFO  Executed sudo&lt;tedge_mapper_journal&gt;, exit status 0
14:06:41 WARN  Grep on tedge_mapper_journal.out contains "ERROR" ... failed [run.py:67]
14:06:41 INFO  Line count on file tedge_mapper_journal.out ... passed
14:06:41 WARN  Line count on tedge_mapper_journal.out for "tedge_mapper::core::mapper: MQTT connection error:" expected &gt;=2 but got 0 ... failed [run.py:78]
14:06:41 WARN  Aborted test due to FAILED outcome
14:06:42 INFO  
14:06:42 INFO  Test duration: 8.53 secs
14:06:42 INFO  Test final outcome:  FAILED
14:06:42 INFO  Test outcome reason: Line count on tedge_mapper_journal.out for "tedge_mapper::core::mapper: MQTT connection error:" expected &gt;=2 but got 0
14:06:42 INFO  
</system-out>
	</testcase>
</testsuite><testsuite name="monitoring_smaller_interval" tests="1" errors="0" failures="1" skipped="0" time="0"><testcase classname="MonitoringSmallInterval" name="monitoring_smaller_interval">
		<failure message="BLOCKED: TypeError: 'int' object is not subscriptable" type="BLOCKED" />
		<system-out>13:53:30 INFO  ==============================================================
13:53:30 INFO  Id:    monitoring_smaller_interval
13:53:30 INFO  Dir:   monitoring/
13:53:30 INFO  Title: Validate the tedge dm agent messages that are produced with smaller sampling interval than the batching window. Here the simulated collectd messages are used
13:53:30 INFO  ==============================================================
13:53:31 INFO  Executed sudo&lt;collectd&gt;, exit status 0
13:53:32 INFO  Executed sudo&lt;collectd_mapper&gt;, exit status 0
13:53:32 INFO  Started sudo&lt;tedge_sub&gt; with process id 5177
13:53:32 INFO  Executed sudo&lt;tedge_temp&gt;, exit status 0
13:53:33 INFO  Executed sudo&lt;tedge_pres&gt;, exit status 0
13:53:33 INFO  Executed sudo&lt;tedge_temp&gt;, exit status 0
13:53:34 INFO  Executed sudo&lt;tedge_pres&gt;, exit status 0
13:53:35 INFO  Executed sudo&lt;tedge_temp&gt;, exit status 0
13:53:35 INFO  Executed sudo&lt;tedge_pres&gt;, exit status 0
13:53:36 INFO  Executed sudo&lt;tedge_temp&gt;, exit status 0
13:53:36 INFO  Executed sudo&lt;tedge_pres&gt;, exit status 0
13:53:37 INFO  Executed sudo&lt;tedge_temp&gt;, exit status 0
13:53:37 INFO  Executed sudo&lt;tedge_pres&gt;, exit status 0
13:53:38 INFO  Executed sudo&lt;tedge_temp&gt;, exit status 0
13:53:39 INFO  Executed sudo&lt;tedge_pres&gt;, exit status 0
13:53:39 INFO  Executed sudo&lt;tedge_temp&gt;, exit status 0
13:53:40 INFO  Executed sudo&lt;tedge_pres&gt;, exit status 0
13:53:41 INFO  Executed sudo&lt;tedge_temp&gt;, exit status 0
13:53:41 INFO  Executed sudo&lt;tedge_pres&gt;, exit status 0
13:53:42 INFO  Executed sudo&lt;tedge_temp&gt;, exit status 0
13:53:42 INFO  Executed sudo&lt;tedge_pres&gt;, exit status 0
13:53:43 INFO  Executed sudo&lt;tedge_temp&gt;, exit status 0
13:53:43 INFO  Executed sudo&lt;tedge_pres&gt;, exit status 0
13:53:45 INFO  Executed sudo&lt;kill_out&gt;, exit status 0
13:53:45 INFO  0

13:53:45 WARN  TypeError occurred while running test - 'int' object is not subscriptable
Traceback (most recent call last):
  File "/home/pi/env-pysys/lib/python3.7/site-packages/pysys/baserunner.py", line 1296, in __call__
    self.testObj.validate()
  File "/home/pi/actions-runner/_work/thin-edge.io/thin-edge.io/tests/PySys/monitoring/monitoring_smaller_interval/run.py", line 104, in validate
    collectd_msg_validation_result=self.validate_json(),
  File "/home/pi/actions-runner/_work/thin-edge.io/thin-edge.io/tests/PySys/monitoring/monitoring_smaller_interval/run.py", line 114, in validate_json
    if not self.validate_time():
  File "/home/pi/actions-runner/_work/thin-edge.io/thin-edge.io/tests/PySys/monitoring/monitoring_smaller_interval/run.py", line 134, in validate_time
    if self.js_msg["time"]:
TypeError: 'int' object is not subscriptable
13:53:45 WARN  TypeError: 'int' object is not subscriptable ... blocked 
13:53:45 INFO  
13:53:45 INFO  cleanup:
13:53:45 INFO  monitoring_cleanup
13:53:46 INFO  Executed sudo&lt;collectd_mapper&gt;, exit status 0
13:53:46 INFO  
13:53:46 INFO  Test duration: 15.57 secs
13:53:46 INFO  Test final outcome:  BLOCKED
13:53:46 INFO  Test outcome reason: TypeError: 'int' object is not subscriptable
13:53:46 INFO  
</system-out>
	</testcase>
</testsuite><testsuite name="monitoring_with_collectd" tests="1" errors="0" failures="0" skipped="1" time="0"><testcase classname="MonitoringWithCollectd" name="monitoring_with_collectd">
		<skipped message="SKIPPED: Test execution disabled due to #792 (instable)" />
		<system-out>13:53:46 INFO  ==============================================================
13:53:46 INFO  Id:    monitoring_with_collectd
13:53:46 INFO  Dir:   monitoring/
13:53:46 INFO  Title: Validate tedge dm agent messages that are produced by batching the collectd messages
13:53:46 INFO  ==============================================================
13:53:46 INFO  Test execution disabled due to #792 (instable) ... skipped
13:53:46 INFO  
13:53:46 INFO  Test duration: 0.02 secs
13:53:46 INFO  Test final outcome:  SKIPPED
13:53:46 INFO  Test outcome reason: Test execution disabled due to #792 (instable)
13:53:46 INFO  
</system-out>
	</testcase>
</testsuite><testsuite name="monitoring_with_simulated_messages" tests="1" errors="0" failures="1" skipped="0" time="0"><testcase classname="MonitoringWithSimulatedMessages" name="monitoring_with_simulated_messages">
		<failure message="BLOCKED: TypeError: 'int' object is not subscriptable" type="BLOCKED" />
		<system-out>13:53:46 INFO  ==============================================================
13:53:46 INFO  Id:    monitoring_with_simulated_messages
13:53:46 INFO  Dir:   monitoring/
13:53:46 INFO  Title: Validate the tedge dm agent messages that are produced from the simulated collectd messages
13:53:46 INFO  ==============================================================
13:53:46 INFO  Executed sudo&lt;collectd&gt;, exit status 0
13:53:47 INFO  Executed sudo&lt;collectd_mapper&gt;, exit status 0
13:53:47 INFO  Started sudo&lt;tedge_sub&gt; with process id 5228
13:53:48 INFO  Executed sudo&lt;tedge_temp&gt;, exit status 0
13:53:48 INFO  Executed sudo&lt;tedge_pres&gt;, exit status 0
13:53:50 INFO  Executed sudo&lt;kill_out&gt;, exit status 0
13:53:50 INFO  0

13:53:50 WARN  TypeError occurred while running test - 'int' object is not subscriptable
Traceback (most recent call last):
  File "/home/pi/env-pysys/lib/python3.7/site-packages/pysys/baserunner.py", line 1296, in __call__
    self.testObj.validate()
  File "/home/pi/actions-runner/_work/thin-edge.io/thin-edge.io/tests/PySys/monitoring/monitoring_with_simulated_messages/run.py", line 98, in validate
    collectd_msg_validation_result=self.validate_json(),
  File "/home/pi/actions-runner/_work/thin-edge.io/thin-edge.io/tests/PySys/monitoring/monitoring_with_simulated_messages/run.py", line 108, in validate_json
    if not self.validate_time():
  File "/home/pi/actions-runner/_work/thin-edge.io/thin-edge.io/tests/PySys/monitoring/monitoring_with_simulated_messages/run.py", line 127, in validate_time
    if self.js_msg["time"]:
TypeError: 'int' object is not subscriptable
13:53:50 WARN  TypeError: 'int' object is not subscriptable ... blocked 
13:53:50 INFO  
13:53:50 INFO  cleanup:
13:53:50 INFO  monitoring_cleanup
13:53:50 INFO  Executed sudo&lt;collectd_mapper&gt;, exit status 0
13:53:50 INFO  
13:53:50 INFO  Test duration: 4.63 secs
13:53:50 INFO  Test final outcome:  BLOCKED
13:53:50 INFO  Test outcome reason: TypeError: 'int' object is not subscriptable
13:53:50 INFO  
</system-out>
	</testcase>
</testsuite><testsuite name="mqtt_port_change_connection_fails" tests="1" errors="0" failures="0" skipped="0" time="0"><testcase classname="MqttPortChangeConnectionFails" name="mqtt_port_change_connection_fails" />
</testsuite><testsuite name="mqtt_port_change_connection_works" tests="1" errors="0" failures="0" skipped="1" time="0"><testcase classname="MqttPortChangeConnectionWorks" name="mqtt_port_change_connection_works">
		<skipped message="SKIPPED: failing intermitently" />
		<system-out>13:53:03 INFO  ==============================================================
13:53:03 INFO  Id:    mqtt_port_change_connection_works
13:53:03 INFO  Dir:   misc_features/
13:53:03 INFO  Title: mqtt port change connection works for all the thin-edge services that use the mosquitto broker
13:53:03 INFO  ==============================================================
13:53:03 INFO  failing intermitently ... skipped
13:53:03 INFO  
13:53:03 INFO  Test duration: 0.02 secs
13:53:03 INFO  Test final outcome:  SKIPPED
13:53:03 INFO  Test outcome reason: failing intermitently
13:53:03 INFO  
</system-out>
	</testcase>
</testsuite><testsuite name="publish_flux" tests="1" errors="0" failures="0" skipped="0" time="0"><testcase classname="PublishFlux" name="publish_flux" />
</testsuite><testsuite name="publish_sawmill" tests="1" errors="0" failures="0" skipped="0" time="0"><testcase classname="PublishSawmill" name="publish_sawmill" />
</testsuite><testsuite name="runtime_start_two_mappers" tests="1" errors="0" failures="0" skipped="0" time="0"><testcase classname="RuntimeMultiMappers" name="runtime_start_two_mappers" />
</testsuite><testsuite name="sm_tedge_mapper_init_session" tests="1" errors="0" failures="0" skipped="0" time="0"><testcase classname="TedgeSMMapperInitSession" name="sm_tedge_mapper_init_session" />
</testsuite><testsuite name="smoketest_json" tests="1" errors="0" failures="0" skipped="0" time="0"><testcase classname="SmokeTestJson" name="smoketest_json" />
</testsuite><testsuite name="smoketest_json_400_samples_10ms" tests="1" errors="0" failures="0" skipped="0" time="0"><testcase classname="SmoketestJson400Samples10ms" name="smoketest_json_400_samples_10ms" />
</testsuite><testsuite name="smoketest_json_400_samples_20ms" tests="1" errors="0" failures="0" skipped="0" time="0"><testcase classname="SmoketestJson400Samples20ms" name="smoketest_json_400_samples_20ms" />
</testsuite><testsuite name="smoketest_smartrest" tests="1" errors="0" failures="0" skipped="0" time="0"><testcase classname="SmoketestSmartRest" name="smoketest_smartrest" />
</testsuite><testsuite name="smoketest_smartrest_400_samples_1Xms" tests="1" errors="0" failures="0" skipped="0" time="0"><testcase classname="SmoketestSmartRest400Samples1Xms" name="smoketest_smartrest_400_samples_1Xms" />
</testsuite><testsuite name="smoketest_smartrest_400_samples_20ms" tests="1" errors="0" failures="0" skipped="0" time="0"><testcase classname="SmoketestSmartRest400Samples20ms" name="smoketest_smartrest_400_samples_20ms" />
</testsuite><testsuite name="tedge_agent_user_sudo_access" tests="1" errors="0" failures="0" skipped="1" time="0"><testcase classname="TedgeAgentUserSudoAccess" name="tedge_agent_user_sudo_access">
		<skipped message="SKIPPED: #955 Observation: Exit code of the apt plugin when called with no arguments" />
		<system-out>14:03:55 INFO  ==============================================================
14:03:55 INFO  Id:    tedge_agent_user_sudo_access
14:03:55 INFO  Dir:   tedge/
14:03:55 INFO  Title: Validate tedge-agent user has a limited sudo right
14:03:55 INFO  ==============================================================
14:03:55 INFO  #955 Observation: Exit code of the apt plugin when called with no arguments ... skipped
14:03:55 INFO  
14:03:55 INFO  Test duration: 0.02 secs
14:03:55 INFO  Test final outcome:  SKIPPED
14:03:55 INFO  Test outcome reason: #955 Observation: Exit code of the apt plugin when called with no arguments
14:03:55 INFO  
</system-out>
	</testcase>
</testsuite><testsuite name="tedge_connect_test_negative" tests="1" errors="0" failures="0" skipped="0" time="0"><testcase classname="TedgeConnectTestNegative" name="tedge_connect_test_negative" />
</testsuite><testsuite name="tedge_connect_test_positive" tests="1" errors="0" failures="0" skipped="0" time="0"><testcase classname="TedgeConnectTestPositive" name="tedge_connect_test_positive" />
</testsuite><testsuite name="tedge_connect_test_sm_services" tests="1" errors="0" failures="0" skipped="0" time="0"><testcase classname="TedgeConnectTestSMServices" name="tedge_connect_test_sm_services" />
</testsuite><testsuite name="tedge_disconnect_test_sm_services" tests="1" errors="0" failures="0" skipped="0" time="0"><testcase classname="TedgeDisConnectTestSMServices" name="tedge_disconnect_test_sm_services" />
</testsuite><testsuite name="tedge_mapper_az_negative" tests="1" errors="0" failures="0" skipped="0" time="0"><testcase classname="TedgeMapperAzError" name="tedge_mapper_az_negative" />
</testsuite><testsuite name="tedge_mapper_az_with_timestamp" tests="1" errors="0" failures="0" skipped="0" time="0"><testcase classname="TedgeMapperAzWithTimestamp" name="tedge_mapper_az_with_timestamp" />
</testsuite><testsuite name="tedge_mapper_az_without_timestamp" tests="1" errors="0" failures="0" skipped="0" time="0"><testcase classname="TedgeMapperAzWithoutTimestamp" name="tedge_mapper_az_without_timestamp" />
</testsuite><testsuite name="tedge_mapper_c8y_alarms" tests="1" errors="0" failures="0" skipped="0" time="0"><testcase classname="TedgeMapperC8yAlarm" name="tedge_mapper_c8y_alarms" />
</testsuite><testsuite name="tedge_mapper_c8y_child_device_measurement" tests="1" errors="0" failures="0" skipped="0" time="0"><testcase classname="TedgeMapperC8yChildDevice" name="tedge_mapper_c8y_child_device_measurement" />
</testsuite><testsuite name="tedge_mapper_c8y_packet_threshold_size" tests="1" errors="0" failures="1" skipped="0" time="0"><testcase classname="TedgeMapperC8yThresholdPacketSize" name="tedge_mapper_c8y_packet_threshold_size">
		<failure message="FAILED: Grep on tedge_sub.out contains &quot;The size of the message received on tedge/measurements is 20489 which is greater than the threshold size of 16184.&quot;" type="FAILED" />
		<system-out>14:08:17 INFO  ==============================================================
14:08:17 INFO  Id:    tedge_mapper_c8y_packet_threshold_size
14:08:17 INFO  Dir:   tedge_mapper_c8y/
14:08:17 INFO  Title: Validate the Cumulocity Mapper accepted threshold packet size when it receives a message on tedge/measurements
14:08:17 INFO  ==============================================================
14:08:18 INFO  Executed sudo&lt;tedge_mapper_c8y&gt;, exit status 0
14:08:18 INFO  Started sudo&lt;tedge_sub&gt; with process id 9613
14:08:18 INFO  Executed sudo&lt;tedge_msg&gt;, exit status 0
14:08:19 INFO  Executed sudo&lt;tedge_pub&gt;, exit status 0
14:08:20 INFO  Executed sudo&lt;kill_out&gt;, exit status 0
14:08:20 WARN  Grep on tedge_sub.out contains "The size of the message received on tedge/measurements is 20489 which is greater than the threshold size of 16184." ... failed [run.py:88]
14:08:20 INFO  
14:08:20 INFO  cleanup:
14:08:20 INFO  mapper_cleanup
14:08:20 INFO  Executed sudo&lt;tedge_mapper_c8y&gt;, exit status 0
14:08:20 INFO  
14:08:20 INFO  Test duration: 2.95 secs
14:08:20 INFO  Test final outcome:  FAILED
14:08:20 INFO  Test outcome reason: Grep on tedge_sub.out contains "The size of the message received on tedge/measurements is 20489 which is greater than the threshold size of 16184."
14:08:20 INFO  
</system-out>
	</testcase>
</testsuite><testsuite name="tedge_software_update" tests="1" errors="0" failures="0" skipped="0" time="0"><testcase classname="PySysTest" name="tedge_software_update" />
</testsuite><testsuite name="valid_device_id" tests="1" errors="0" failures="0" skipped="0" time="0"><testcase classname="ValidateValidDeviceId" name="valid_device_id" />
</testsuite></testsuites>