<?xml version='1.0' encoding='utf-8'?>
<testsuites tests="139" failures="16" errors="0" skipped="45" time="0.0"><testsuite name="SoftwareManagement.Plugin.apama_plugin_install" tests="3" errors="0" failures="0" skipped="1" time="0"><testcase classname="ApamaPluginInstallTest" name="SoftwareManagement.Plugin.apama_plugin_install">
		<skipped message="SKIPPED: Apama plugin tests are disabled by default. Execute `pysys run` with `-XmyPlatform=container` to run these tests" />
		<system-out>17:19:21 INFO  ==============================================================
17:19:21 INFO  Id:    SoftwareManagement.Plugin.apama_plugin_install
17:19:21 INFO  Dir:   plugin_apama/
17:19:21 INFO  Title: Validate apama plugin install
17:19:21 INFO  ==============================================================
17:19:21 INFO  Apama plugin tests are disabled by default. Execute `pysys run` with `-XmyPlatform=container` to run these tests ... skipped
17:19:21 WARN  Aborted test due to SKIPPED outcome
17:19:21 INFO  
17:19:21 INFO  Test duration: 0.04 secs
17:19:21 INFO  Test final outcome:  SKIPPED
17:19:21 INFO  Test outcome reason: Apama plugin tests are disabled by default. Execute `pysys run` with `-XmyPlatform=container` to run these tests
17:19:21 INFO  
</system-out>
	</testcase>
<testcase classname="ApamaPluginInstallTest" name="SoftwareManagement.Plugin.apama_plugin_install" />
<testcase classname="ApamaPluginInstallTest" name="SoftwareManagement.Plugin.apama_plugin_install" />
</testsuite><testsuite name="SoftwareManagement.Plugin.apama_plugin_mon_support" tests="3" errors="0" failures="0" skipped="1" time="0"><testcase classname="ApamaPluginMonSupportTest" name="SoftwareManagement.Plugin.apama_plugin_mon_support">
		<skipped message="SKIPPED: Apama plugin tests are disabled by default. Execute `pysys run` with `-XmyPlatform=container` to run these tests" />
		<system-out>17:19:22 INFO  ==============================================================
17:19:22 INFO  Id:    SoftwareManagement.Plugin.apama_plugin_mon_support
17:19:22 INFO  Dir:   plugin_apama/
17:19:22 INFO  Title: Validate mon file support of apama plugin
17:19:22 INFO  ==============================================================
17:19:22 INFO  Apama plugin tests are disabled by default. Execute `pysys run` with `-XmyPlatform=container` to run these tests ... skipped
17:19:22 WARN  Aborted test due to SKIPPED outcome
17:19:22 INFO  
17:19:22 INFO  Test duration: 0.02 secs
17:19:22 INFO  Test final outcome:  SKIPPED
17:19:22 INFO  Test outcome reason: Apama plugin tests are disabled by default. Execute `pysys run` with `-XmyPlatform=container` to run these tests
17:19:22 INFO  
</system-out>
	</testcase>
<testcase classname="ApamaPluginMonSupportTest" name="SoftwareManagement.Plugin.apama_plugin_mon_support" />
<testcase classname="ApamaPluginMonSupportTest" name="SoftwareManagement.Plugin.apama_plugin_mon_support" />
</testsuite><testsuite name="SoftwareManagement.Plugin.apama_plugin_remove" tests="3" errors="0" failures="0" skipped="1" time="0"><testcase classname="ApamaPluginRemoveTest" name="SoftwareManagement.Plugin.apama_plugin_remove">
		<skipped message="SKIPPED: Apama plugin tests are disabled by default. Execute `pysys run` with `-XmyPlatform=container` to run these tests" />
		<system-out>17:19:22 INFO  ==============================================================
17:19:22 INFO  Id:    SoftwareManagement.Plugin.apama_plugin_remove
17:19:22 INFO  Dir:   plugin_apama/
17:19:22 INFO  Title: Validate apama plugin remove
17:19:22 INFO  ==============================================================
17:19:22 INFO  Apama plugin tests are disabled by default. Execute `pysys run` with `-XmyPlatform=container` to run these tests ... skipped
17:19:22 WARN  Aborted test due to SKIPPED outcome
17:19:22 INFO  
17:19:22 INFO  Test duration: 0.02 secs
17:19:22 INFO  Test final outcome:  SKIPPED
17:19:22 INFO  Test outcome reason: Apama plugin tests are disabled by default. Execute `pysys run` with `-XmyPlatform=container` to run these tests
17:19:22 INFO  
</system-out>
	</testcase>
<testcase classname="ApamaPluginRemoveTest" name="SoftwareManagement.Plugin.apama_plugin_remove" />
<testcase classname="ApamaPluginRemoveTest" name="SoftwareManagement.Plugin.apama_plugin_remove" />
</testsuite><testsuite name="SoftwareManagement.Plugin.apama_plugin_update" tests="3" errors="0" failures="2" skipped="1" time="0"><testcase classname="ApamaPluginUpdateTest" name="SoftwareManagement.Plugin.apama_plugin_update">
		<skipped message="SKIPPED: Apama plugin tests are disabled by default. Execute `pysys run` with `-XmyPlatform=container` to run these tests" />
		<system-out>17:19:22 INFO  ==============================================================
17:19:22 INFO  Id:    SoftwareManagement.Plugin.apama_plugin_update
17:19:22 INFO  Dir:   plugin_apama/
17:19:22 INFO  Title: Validate apama plugin updating one project with another
17:19:22 INFO  ==============================================================
17:19:22 INFO  Apama plugin tests are disabled by default. Execute `pysys run` with `-XmyPlatform=container` to run these tests ... skipped
17:19:22 WARN  Aborted test due to SKIPPED outcome
17:19:22 INFO  
17:19:22 INFO  Test duration: 0.02 secs
17:19:22 INFO  Test final outcome:  SKIPPED
17:19:22 INFO  Test outcome reason: Apama plugin tests are disabled by default. Execute `pysys run` with `-XmyPlatform=container` to run these tests
17:19:22 INFO  
</system-out>
	</testcase>
<testcase classname="ApamaPluginUpdateTest" name="SoftwareManagement.Plugin.apama_plugin_update">
		<failure message="BLOCKED: sudo&lt;plugin_install&gt; returned non-zero exit code 2" type="BLOCKED" />
		<system-out>18:10:15 INFO  ==============================================================
18:10:15 INFO  Id:    SoftwareManagement.Plugin.apama_plugin_update
18:10:15 INFO  Dir:   plugin_apama/
18:10:15 INFO  Title: Validate apama plugin updating one project with another
18:10:15 INFO  ==============================================================
18:10:15 INFO  Assertion that path exists=False for "/etc/tedge/apama/project" ... passed
18:10:16 INFO  Executed sudo&lt;create_project_dir&gt;, exit status 0
18:10:16 INFO  Executed sudo&lt;unzip_apama_project&gt;, exit status 0
18:10:17 INFO  Executed sudo&lt;move_apama_project&gt;, exit status 0
18:10:17 INFO  Executed sudo&lt;restart_apama_service&gt;, exit status 0
18:10:18 INFO  Executed sudo&lt;apama_correlator_wait&gt;, exit status 0
18:10:18 INFO  Assertion that path exists=True for "/etc/tedge/apama/project" ... passed
18:10:19 INFO  Executed sudo&lt;apama_list_monitors&gt;, exit status 0
18:10:19 INFO  Grep on file /home/pi/actions-runner/_work/thin-edge.io/thin-edge.io/tests/PySys/plugin_apama/apama_plugin_update/Output/linux/apama_list_monitors.out ... passed
18:10:20 WARN  Executed sudo&lt;plugin_install&gt;, exit status 2
18:10:20 INFO  Contents of plugin_install.err: 
  ERROR: Directory not empty (os error 39)
  -----

18:10:20 WARN  sudo&lt;plugin_install&gt; returned non-zero exit code 2 ... blocked [run.py:35]
18:10:20 WARN  Aborted test due to BLOCKED outcome
18:10:20 INFO  
18:10:20 INFO  cleanup:
18:10:20 INFO  Removing apama project
18:10:35 INFO  Executed sudo&lt;stop_apama_service&gt;, exit status 0, duration 15 secs
18:10:36 INFO  Executed sudo&lt;remove_apama_project&gt;, exit status 0
18:10:36 INFO  Executed sudo&lt;remove_apama_tmp_dir&gt;, exit status 0
18:10:36 INFO  
18:10:36 INFO  Test duration: 21.20 secs
18:10:36 INFO  Test final outcome:  BLOCKED
18:10:36 INFO  Test outcome reason: sudo&lt;plugin_install&gt; returned non-zero exit code 2
18:10:36 INFO  
</system-out>
	</testcase>
<testcase classname="ApamaPluginUpdateTest" name="SoftwareManagement.Plugin.apama_plugin_update">
		<failure message="BLOCKED: sudo&lt;plugin_install&gt; returned non-zero exit code 2" type="BLOCKED" />
		<system-out>18:18:43 INFO  ==============================================================
18:18:43 INFO  Id:    SoftwareManagement.Plugin.apama_plugin_update
18:18:43 INFO  Dir:   plugin_apama/
18:18:43 INFO  Title: Validate apama plugin updating one project with another
18:18:43 INFO  ==============================================================
18:18:43 INFO  Assertion that path exists=False for "/etc/tedge/apama/project" ... passed
18:18:43 INFO  Executed sudo&lt;create_project_dir&gt;, exit status 0
18:18:44 INFO  Executed sudo&lt;unzip_apama_project&gt;, exit status 0
18:18:45 INFO  Executed sudo&lt;move_apama_project&gt;, exit status 0
18:18:46 INFO  Executed sudo&lt;restart_apama_service&gt;, exit status 0
18:18:46 INFO  Executed sudo&lt;apama_correlator_wait&gt;, exit status 0
18:18:46 INFO  Assertion that path exists=True for "/etc/tedge/apama/project" ... passed
18:18:47 INFO  Executed sudo&lt;apama_list_monitors&gt;, exit status 0
18:18:47 INFO  Grep on file /home/pi/actions-runner/_work/thin-edge.io/thin-edge.io/tests/PySys/plugin_apama/apama_plugin_update/Output/linux/apama_list_monitors.out ... passed
18:18:48 WARN  Executed sudo&lt;plugin_install&gt;, exit status 2
18:18:48 INFO  Contents of plugin_install.err: 
  ERROR: Directory not empty (os error 39)
  -----

18:18:48 WARN  sudo&lt;plugin_install&gt; returned non-zero exit code 2 ... blocked [run.py:35]
18:18:48 WARN  Aborted test due to BLOCKED outcome
18:18:48 INFO  
18:18:48 INFO  cleanup:
18:18:48 INFO  Removing apama project
18:19:03 INFO  Executed sudo&lt;stop_apama_service&gt;, exit status 0, duration 15 secs
18:19:04 INFO  Executed sudo&lt;remove_apama_project&gt;, exit status 0
18:19:04 INFO  Executed sudo&lt;remove_apama_tmp_dir&gt;, exit status 0
18:19:04 INFO  
18:19:04 INFO  Test duration: 21.38 secs
18:19:04 INFO  Test final outcome:  BLOCKED
18:19:04 INFO  Test outcome reason: sudo&lt;plugin_install&gt; returned non-zero exit code 2
18:19:04 INFO  
</system-out>
	</testcase>
</testsuite><testsuite name="SoftwareManagement.sm_apt_install_download_path" tests="3" errors="0" failures="2" skipped="1" time="0"><testcase classname="AptInstallWithDownloadPath" name="SoftwareManagement.sm_apt_install_download_path">
		<skipped message="SKIPPED: Testing the apt plugin is not supported on this platform.Use parameter -XmyPlatform='container' to enable it" />
		<system-out>17:29:00 INFO  ==============================================================
17:29:00 INFO  Id:    SoftwareManagement.sm_apt_install_download_path
17:29:00 INFO  Dir:   software_management_end_to_end/
17:29:00 INFO  Title: Install package to directory specified in tedge config set tmp.path
17:29:00 INFO  ==============================================================
17:29:00 INFO  Testing the apt plugin is not supported on this platform.Use parameter -XmyPlatform='container' to enable it ... skipped
17:29:00 WARN  Aborted test due to SKIPPED outcome
17:29:00 INFO  
17:29:00 INFO  Test duration: 0.06 secs
17:29:00 INFO  Test final outcome:  SKIPPED
17:29:00 INFO  Test outcome reason: Testing the apt plugin is not supported on this platform.Use parameter -XmyPlatform='container' to enable it
17:29:00 INFO  
</system-out>
	</testcase>
<testcase classname="AptInstallWithDownloadPath" name="SoftwareManagement.sm_apt_install_download_path">
		<failure message="BLOCKED: AssertionError:" type="BLOCKED" />
		<system-out>17:52:13 INFO  ==============================================================
17:52:13 INFO  Id:    SoftwareManagement.sm_apt_install_download_path
17:52:13 INFO  Dir:   software_management_end_to_end/
17:52:13 INFO  Title: Install package to directory specified in tedge config set tmp.path
17:52:13 INFO  ==============================================================
17:52:13 INFO  Using sw id database: {'asciijump': '5475369', 'robotfindskitten': '5474869', 'squirrel3': '5475279', 'rolldice': '5152439', 'moon-buggy': '5439204', 'apple': '5495053', 'banana': '5494888', 'cherry': '5495382', 'watermelon': '5494510', 'registry': '8018911', 'hello-world': '8021526', 'docker/getting-started': '8021973', 'alpine': '7991792'}
17:52:13 INFO  EnvironmentC8y Setup
17:52:14 INFO  Executed systemctl&lt;serv_mapper1&gt;, exit status 3
17:52:28 INFO  Executed sudo&lt;tedge_connect_c8y&gt;, exit status 0, duration 14 secs
17:52:30 INFO  Executed sudo&lt;tedge_connect_c8y_test&gt;, exit status 0
17:52:31 INFO  Executed systemctl&lt;serv_mosq2&gt;, exit status 0
17:52:32 INFO  Executed systemctl&lt;serv_mapper3&gt;, exit status 0
17:52:34 INFO  State of current operation: SUCCESSFUL
17:52:34 INFO  Assert that (False == value) with value=False ... passed
17:52:35 INFO  Executed sudo, exit status 0
17:52:35 INFO  Executed sudo, exit status 0
17:52:36 INFO  Executed sudo, exit status 0
17:52:40 INFO  Executed sudo&lt;tedge_disconnect_c8y&gt;, exit status 0
17:52:40 INFO  Restarting mosquitto too frequently in the last 10 seconds. It was only up for 3 seconds
17:52:40 INFO  Delaying execution by 8 seconds
17:53:02 INFO  Executed sudo&lt;tedge_connect_c8y&gt;, exit status 0, duration 13 secs
17:53:02 INFO  Response status: 201
17:53:02 INFO  Response to action: {
    "creationTime": "2022-06-22T17:53:02.447Z",
    "deviceName": "m32sd10d",
    "deviceId": "20418361",
    "self": "https://t493319102.eu-latest.cumulocity.com/devicecontrol/operations/20433640",
    "id": "20433640",
    "status": "PENDING",
    "description": "Apply software changes, triggered from PySys: [{'name': 'rolldice', 'id': '5152439', 'version': '::apt', 'url': 'https://thin-edge-io.eu-latest.cumulocity.com/inventory/binaries/12435463', 'action': 'install'}]",
    "c8y_SoftwareUpdate": [
        {
            "name": "rolldice",
            "action": "install",
            "id": "5152439",
            "version": "::apt",
            "url": "https://thin-edge-io.eu-latest.cumulocity.com/inventory/binaries/12435463"
        }
    ]
}
17:53:02 INFO  Started operation: {'creationTime': '2022-06-22T17:53:02.447Z', 'deviceName': 'm32sd10d', 'deviceId': '20418361', 'self': 'https://t493319102.eu-latest.cumulocity.com/devicecontrol/operations/20433640', 'id': '20433640', 'status': 'PENDING', 'description': "Apply software changes, triggered from PySys: [{'name': 'rolldice', 'id': '5152439', 'version': '::apt', 'url': 'https://thin-edge-io.eu-latest.cumulocity.com/inventory/binaries/12435463', 'action': 'install'}]", 'c8y_SoftwareUpdate': [{'name': 'rolldice', 'action': 'install', 'id': '5152439', 'version': '::apt', 'url': 'https://thin-edge-io.eu-latest.cumulocity.com/inventory/binaries/12435463'}]}
17:53:02 WARN  , retrying in 0.5 seconds...
17:53:03 WARN  , retrying in 0.5 seconds...
17:53:03 WARN  , retrying in 0.5 seconds...
17:53:04 WARN  , retrying in 0.5 seconds...
17:53:04 WARN  , retrying in 0.5 seconds...
17:53:05 WARN  , retrying in 0.5 seconds...
17:53:05 WARN  , retrying in 0.5 seconds...
17:53:06 WARN  , retrying in 0.5 seconds...
17:53:06 WARN  , retrying in 0.5 seconds...
17:53:07 WARN  AssertionError occurred while running test - 
Traceback (most recent call last):
  File "/home/pi/env-pysys/lib/python3.7/site-packages/pysys/baserunner.py", line 1294, in __call__
    self.testObj.execute()
  File "/home/pi/actions-runner/_work/thin-edge.io/thin-edge.io/tests/PySys/software_management_end_to_end/sm_apt_install_download_path/run.py", line 83, in execute
    assert_install_in_download_path(install_directory=self.DOWNLOAD_DIR)
  File "/home/pi/env-pysys/lib/python3.7/site-packages/decorator.py", line 232, in fun
    return caller(func, *(extras + args), **kw)
  File "/home/pi/env-pysys/lib/python3.7/site-packages/retry/api.py", line 74, in retry_decorator
    logger)
  File "/home/pi/env-pysys/lib/python3.7/site-packages/retry/api.py", line 33, in __retry_internal
    return f()
  File "/home/pi/actions-runner/_work/thin-edge.io/thin-edge.io/tests/PySys/software_management_end_to_end/sm_apt_install_download_path/run.py", line 28, in assert_install_in_download_path
    assert "rolldice" in os.listdir(f"{install_directory}")
AssertionError
17:53:07 WARN  AssertionError: ... blocked 
17:53:07 INFO  
17:53:07 INFO  cleanup:
17:53:08 INFO  Executed sudo, exit status 0
17:53:08 INFO  Executed sudo, exit status 0
17:53:12 INFO  Executed sudo&lt;tedge_disconnect_c8y&gt;, exit status 0
17:53:12 INFO  Restarting mosquitto too frequently in the last 10 seconds. It was only up for 3 seconds
17:53:12 INFO  Delaying execution by 8 seconds
17:53:34 INFO  Executed sudo&lt;tedge_connect_c8y&gt;, exit status 0, duration 13 secs
17:53:39 INFO  Executed sudo&lt;tedge_disconnect_c8y&gt;, exit status 0
17:53:39 INFO  Executed systemctl&lt;serv_mapper5&gt;, exit status 3
17:53:39 INFO  
17:53:39 INFO  Test duration: 86.21 secs
17:53:39 INFO  Test final outcome:  BLOCKED
17:53:39 INFO  Test outcome reason: AssertionError:
17:53:39 INFO  
</system-out>
	</testcase>
<testcase classname="AptInstallWithDownloadPath" name="SoftwareManagement.sm_apt_install_download_path">
		<failure message="BLOCKED: AssertionError:" type="BLOCKED" />
		<system-out>18:19:04 INFO  ==============================================================
18:19:04 INFO  Id:    SoftwareManagement.sm_apt_install_download_path
18:19:04 INFO  Dir:   software_management_end_to_end/
18:19:04 INFO  Title: Install package to directory specified in tedge config set tmp.path
18:19:04 INFO  ==============================================================
18:19:06 INFO  Using sw id database: {'asciijump': '5475369', 'robotfindskitten': '5474869', 'squirrel3': '5475279', 'rolldice': '5152439', 'moon-buggy': '5439204', 'apple': '5495053', 'banana': '5494888', 'cherry': '5495382', 'watermelon': '5494510', 'registry': '8018911', 'hello-world': '8021526', 'docker/getting-started': '8021973', 'alpine': '7991792'}
18:19:06 INFO  EnvironmentC8y Setup
18:19:06 INFO  Executed systemctl&lt;serv_mapper1&gt;, exit status 3
18:19:20 INFO  Executed sudo&lt;tedge_connect_c8y&gt;, exit status 0, duration 14 secs
18:19:21 INFO  Executed sudo&lt;tedge_connect_c8y_test&gt;, exit status 0
18:19:22 INFO  Executed systemctl&lt;serv_mosq2&gt;, exit status 0
18:19:22 INFO  Executed systemctl&lt;serv_mapper3&gt;, exit status 0
18:19:24 INFO  State of current operation: SUCCESSFUL
18:19:25 INFO  Assert that (False == value) with value=False ... passed
18:19:25 INFO  Executed sudo, exit status 0
18:19:25 INFO  Executed sudo, exit status 0
18:19:26 INFO  Executed sudo, exit status 0
18:19:30 INFO  Executed sudo&lt;tedge_disconnect_c8y&gt;, exit status 0
18:19:30 INFO  Restarting mosquitto too frequently in the last 10 seconds. It was only up for 3 seconds
18:19:30 INFO  Delaying execution by 8 seconds
18:19:52 INFO  Executed sudo&lt;tedge_connect_c8y&gt;, exit status 0, duration 13 secs
18:19:52 INFO  Response status: 201
18:19:52 INFO  Response to action: {
    "creationTime": "2022-06-22T18:19:52.828Z",
    "deviceName": "m32sd10d",
    "deviceId": "20418361",
    "self": "https://t493319102.eu-latest.cumulocity.com/devicecontrol/operations/20433810",
    "id": "20433810",
    "status": "PENDING",
    "description": "Apply software changes, triggered from PySys: [{'name': 'rolldice', 'id': '5152439', 'version': '::apt', 'url': 'https://thin-edge-io.eu-latest.cumulocity.com/inventory/binaries/12435463', 'action': 'install'}]",
    "c8y_SoftwareUpdate": [
        {
            "name": "rolldice",
            "action": "install",
            "id": "5152439",
            "version": "::apt",
            "url": "https://thin-edge-io.eu-latest.cumulocity.com/inventory/binaries/12435463"
        }
    ]
}
18:19:52 INFO  Started operation: {'creationTime': '2022-06-22T18:19:52.828Z', 'deviceName': 'm32sd10d', 'deviceId': '20418361', 'self': 'https://t493319102.eu-latest.cumulocity.com/devicecontrol/operations/20433810', 'id': '20433810', 'status': 'PENDING', 'description': "Apply software changes, triggered from PySys: [{'name': 'rolldice', 'id': '5152439', 'version': '::apt', 'url': 'https://thin-edge-io.eu-latest.cumulocity.com/inventory/binaries/12435463', 'action': 'install'}]", 'c8y_SoftwareUpdate': [{'name': 'rolldice', 'action': 'install', 'id': '5152439', 'version': '::apt', 'url': 'https://thin-edge-io.eu-latest.cumulocity.com/inventory/binaries/12435463'}]}
18:19:52 WARN  , retrying in 0.5 seconds...
18:19:53 WARN  , retrying in 0.5 seconds...
18:19:53 WARN  , retrying in 0.5 seconds...
18:19:54 WARN  , retrying in 0.5 seconds...
18:19:54 WARN  , retrying in 0.5 seconds...
18:19:55 WARN  , retrying in 0.5 seconds...
18:19:55 WARN  , retrying in 0.5 seconds...
18:19:56 WARN  , retrying in 0.5 seconds...
18:19:56 WARN  , retrying in 0.5 seconds...
18:19:57 WARN  AssertionError occurred while running test - 
Traceback (most recent call last):
  File "/home/pi/env-pysys/lib/python3.7/site-packages/pysys/baserunner.py", line 1294, in __call__
    self.testObj.execute()
  File "/home/pi/actions-runner/_work/thin-edge.io/thin-edge.io/tests/PySys/software_management_end_to_end/sm_apt_install_download_path/run.py", line 83, in execute
    assert_install_in_download_path(install_directory=self.DOWNLOAD_DIR)
  File "/home/pi/env-pysys/lib/python3.7/site-packages/decorator.py", line 232, in fun
    return caller(func, *(extras + args), **kw)
  File "/home/pi/env-pysys/lib/python3.7/site-packages/retry/api.py", line 74, in retry_decorator
    logger)
  File "/home/pi/env-pysys/lib/python3.7/site-packages/retry/api.py", line 33, in __retry_internal
    return f()
  File "/home/pi/actions-runner/_work/thin-edge.io/thin-edge.io/tests/PySys/software_management_end_to_end/sm_apt_install_download_path/run.py", line 28, in assert_install_in_download_path
    assert "rolldice" in os.listdir(f"{install_directory}")
AssertionError
18:19:57 WARN  AssertionError: ... blocked 
18:19:57 INFO  
18:19:57 INFO  cleanup:
18:19:57 INFO  Executed sudo, exit status 0
18:19:58 INFO  Executed sudo, exit status 0
18:20:02 INFO  Executed sudo&lt;tedge_disconnect_c8y&gt;, exit status 0
18:20:03 INFO  Restarting mosquitto too frequently in the last 10 seconds. It was only up for 3 seconds
18:20:03 INFO  Delaying execution by 8 seconds
18:20:25 INFO  Executed sudo&lt;tedge_connect_c8y&gt;, exit status 0, duration 14 secs
18:20:29 INFO  Executed sudo&lt;tedge_disconnect_c8y&gt;, exit status 0
18:20:30 INFO  Executed systemctl&lt;serv_mapper5&gt;, exit status 3
18:20:30 INFO  
18:20:30 INFO  Test duration: 85.40 secs
18:20:30 INFO  Test final outcome:  BLOCKED
18:20:30 INFO  Test outcome reason: AssertionError:
18:20:30 INFO  
</system-out>
	</testcase>
</testsuite><testsuite name="SoftwareManagement.sm_apt_install_fail" tests="3" errors="0" failures="0" skipped="1" time="0"><testcase classname="PySysTest" name="SoftwareManagement.sm_apt_install_fail">
		<skipped message="SKIPPED: Testing the apt plugin is not supported on this platform.Use parameter -XmyPlatform='container' to enable it" />
		<system-out>17:29:00 INFO  ==============================================================
17:29:00 INFO  Id:    SoftwareManagement.sm_apt_install_fail
17:29:00 INFO  Dir:   software_management_end_to_end/
17:29:00 INFO  Title: Validate end to end behaviour for a failing installation
17:29:00 INFO  ==============================================================
17:29:00 INFO  Testing the apt plugin is not supported on this platform.Use parameter -XmyPlatform='container' to enable it ... skipped
17:29:00 WARN  Aborted test due to SKIPPED outcome
17:29:00 INFO  
17:29:00 INFO  Test duration: 0.02 secs
17:29:00 INFO  Test final outcome:  SKIPPED
17:29:00 INFO  Test outcome reason: Testing the apt plugin is not supported on this platform.Use parameter -XmyPlatform='container' to enable it
17:29:00 INFO  
</system-out>
	</testcase>
<testcase classname="PySysTest" name="SoftwareManagement.sm_apt_install_fail" />
<testcase classname="PySysTest" name="SoftwareManagement.sm_apt_install_fail" />
</testsuite><testsuite name="SoftwareManagement.sm_apt_install_remove" tests="3" errors="0" failures="0" skipped="1" time="0"><testcase classname="PySysTest" name="SoftwareManagement.sm_apt_install_remove">
		<skipped message="SKIPPED: Testing the apt plugin is not supported on this platform.Use parameter -XmyPlatform='container' to enable it" />
		<system-out>17:29:00 INFO  ==============================================================
17:29:00 INFO  Id:    SoftwareManagement.sm_apt_install_remove
17:29:00 INFO  Dir:   software_management_end_to_end/
17:29:00 INFO  Title: Validate end to end behaviour for the apt plugin for installation and removal of packages
17:29:00 INFO  ==============================================================
17:29:00 INFO  Testing the apt plugin is not supported on this platform.Use parameter -XmyPlatform='container' to enable it ... skipped
17:29:00 WARN  Aborted test due to SKIPPED outcome
17:29:00 INFO  
17:29:00 INFO  Test duration: 0.02 secs
17:29:00 INFO  Test final outcome:  SKIPPED
17:29:00 INFO  Test outcome reason: Testing the apt plugin is not supported on this platform.Use parameter -XmyPlatform='container' to enable it
17:29:00 INFO  
</system-out>
	</testcase>
<testcase classname="PySysTest" name="SoftwareManagement.sm_apt_install_remove" />
<testcase classname="PySysTest" name="SoftwareManagement.sm_apt_install_remove" />
</testsuite><testsuite name="SoftwareManagement.sm_apt_install_remove_default" tests="3" errors="0" failures="0" skipped="1" time="0"><testcase classname="PySysTest" name="SoftwareManagement.sm_apt_install_remove_default">
		<skipped message="SKIPPED: Testing the apt plugin is not supported on this platform.Use parameter -XmyPlatform='container' to enable it" />
		<system-out>17:29:00 INFO  ==============================================================
17:29:00 INFO  Id:    SoftwareManagement.sm_apt_install_remove_default
17:29:00 INFO  Dir:   software_management_end_to_end/
17:29:00 INFO  Title: Validate end to end behaviour for the default plugin for installation and removal of packages
17:29:00 INFO  ==============================================================
17:29:00 INFO  Testing the apt plugin is not supported on this platform.Use parameter -XmyPlatform='container' to enable it ... skipped
17:29:00 WARN  Aborted test due to SKIPPED outcome
17:29:00 INFO  
17:29:00 INFO  Test duration: 0.02 secs
17:29:00 INFO  Test final outcome:  SKIPPED
17:29:00 INFO  Test outcome reason: Testing the apt plugin is not supported on this platform.Use parameter -XmyPlatform='container' to enable it
17:29:00 INFO  
</system-out>
	</testcase>
<testcase classname="PySysTest" name="SoftwareManagement.sm_apt_install_remove_default" />
<testcase classname="PySysTest" name="SoftwareManagement.sm_apt_install_remove_default" />
</testsuite><testsuite name="SoftwareManagement.sm_apt_install_remove_multiple" tests="3" errors="0" failures="2" skipped="1" time="0"><testcase classname="PySysTest" name="SoftwareManagement.sm_apt_install_remove_multiple">
		<skipped message="SKIPPED: Testing the apt plugin is not supported on this platform.Use parameter -XmyPlatform='container' to enable it" />
		<system-out>17:29:00 INFO  ==============================================================
17:29:00 INFO  Id:    SoftwareManagement.sm_apt_install_remove_multiple
17:29:00 INFO  Dir:   software_management_end_to_end/
17:29:00 INFO  Title: Validate end to end behaviour for the apt plugin for multiple packages
17:29:00 INFO  ==============================================================
17:29:00 INFO  Testing the apt plugin is not supported on this platform.Use parameter -XmyPlatform='container' to enable it ... skipped
17:29:00 WARN  Aborted test due to SKIPPED outcome
17:29:00 INFO  
17:29:00 INFO  Test duration: 0.02 secs
17:29:00 INFO  Test final outcome:  SKIPPED
17:29:00 INFO  Test outcome reason: Testing the apt plugin is not supported on this platform.Use parameter -XmyPlatform='container' to enable it
17:29:00 INFO  
</system-out>
	</testcase>
<testcase classname="PySysTest" name="SoftwareManagement.sm_apt_install_remove_multiple">
		<failure message="FAILED: Assert that (False == value) with value=True" type="FAILED" />
		<system-out>18:00:27 INFO  ==============================================================
18:00:27 INFO  Id:    SoftwareManagement.sm_apt_install_remove_multiple
18:00:27 INFO  Dir:   software_management_end_to_end/
18:00:27 INFO  Title: Validate end to end behaviour for the apt plugin for multiple packages
18:00:27 INFO  ==============================================================
18:00:27 INFO  Using sw id database: {'asciijump': '5475369', 'robotfindskitten': '5474869', 'squirrel3': '5475279', 'rolldice': '5152439', 'moon-buggy': '5439204', 'apple': '5495053', 'banana': '5494888', 'cherry': '5495382', 'watermelon': '5494510', 'registry': '8018911', 'hello-world': '8021526', 'docker/getting-started': '8021973', 'alpine': '7991792'}
18:00:27 INFO  EnvironmentC8y Setup
18:00:28 INFO  Executed systemctl&lt;serv_mapper1&gt;, exit status 3
18:00:28 INFO  Restarting mosquitto too frequently in the last 10 seconds. It was only up for 5 seconds
18:00:28 INFO  Delaying execution by 6 seconds
18:00:48 INFO  Executed sudo&lt;tedge_connect_c8y&gt;, exit status 0, duration 13 secs
18:00:48 INFO  Executed sudo&lt;tedge_connect_c8y_test&gt;, exit status 0
18:00:49 INFO  Executed systemctl&lt;serv_mosq2&gt;, exit status 0
18:00:49 INFO  Executed systemctl&lt;serv_mapper3&gt;, exit status 0
18:00:52 INFO  State of current operation: SUCCESSFUL
18:00:52 INFO  Assert that (False == value) with value=False ... passed
18:00:52 INFO  Assert that (False == value) with value=False ... passed
18:00:53 INFO  Assert that (False == value) with value=False ... passed
18:00:53 INFO  Package robotfindskitten is installed
18:00:53 WARN  Assert that (False == value) with value=True ... failed 
18:00:53 INFO  Response status: 201
18:00:53 INFO  Response to action: {
    "creationTime": "2022-06-22T18:00:53.528Z",
    "deviceName": "m32sd10d",
    "deviceId": "20418361",
    "self": "https://t493319102.eu-latest.cumulocity.com/devicecontrol/operations/20433712",
    "id": "20433712",
    "status": "PENDING",
    "description": "Apply software changes, triggered from PySys: [{'action': 'install', 'id': '5475369', 'name': 'asciijump', 'url': ' ', 'version': '::apt'}, {'action': 'install', 'id': '5474869', 'name': 'robotfindskitten', 'url': ' ', 'version': '::apt'}, {'action': 'install', 'id': '5475279', 'name': 'squirrel3', 'url': ' ', 'version': '::apt'}]",
    "c8y_SoftwareUpdate": [
        {
            "name": "asciijump",
            "action": "install",
            "id": "5475369",
            "version": "::apt",
            "url": " "
        },
        {
            "name": "robotfindskitten",
            "action": "install",
            "id": "5474869",
            "version": "::apt",
            "url": " "
        },
        {
            "name": "squirrel3",
            "action": "install",
            "id": "5475279",
            "version": "::apt",
            "url": " "
        }
    ]
}
18:00:53 INFO  Started operation: {'creationTime': '2022-06-22T18:00:53.528Z', 'deviceName': 'm32sd10d', 'deviceId': '20418361', 'self': 'https://t493319102.eu-latest.cumulocity.com/devicecontrol/operations/20433712', 'id': '20433712', 'status': 'PENDING', 'description': "Apply software changes, triggered from PySys: [{'action': 'install', 'id': '5475369', 'name': 'asciijump', 'url': ' ', 'version': '::apt'}, {'action': 'install', 'id': '5474869', 'name': 'robotfindskitten', 'url': ' ', 'version': '::apt'}, {'action': 'install', 'id': '5475279', 'name': 'squirrel3', 'url': ' ', 'version': '::apt'}]", 'c8y_SoftwareUpdate': [{'name': 'asciijump', 'action': 'install', 'id': '5475369', 'version': '::apt', 'url': ' '}, {'name': 'robotfindskitten', 'action': 'install', 'id': '5474869', 'version': '::apt', 'url': ' '}, {'name': 'squirrel3', 'action': 'install', 'id': '5475279', 'version': '::apt', 'url': ' '}]}
18:00:55 INFO  State of operation 20433712 : PENDING
18:00:58 INFO  State of operation 20433712 : EXECUTING
18:01:00 INFO  State of operation 20433712 : EXECUTING
18:01:02 INFO  State of operation 20433712 : EXECUTING
18:01:04 INFO  State of operation 20433712 : EXECUTING
18:01:06 INFO  State of operation 20433712 : EXECUTING
18:01:09 INFO  State of operation 20433712 : EXECUTING
18:01:12 INFO  State of operation 20433712 : EXECUTING
18:01:15 INFO  State of operation 20433712 : EXECUTING
18:01:17 INFO  State of operation 20433712 : EXECUTING
18:01:19 INFO  State of operation 20433712 : EXECUTING
18:01:21 INFO  State of operation 20433712 : EXECUTING
18:01:23 INFO  State of operation 20433712 : EXECUTING
18:01:26 INFO  State of operation 20433712 : EXECUTING
18:01:28 INFO  State of operation 20433712 : EXECUTING
18:01:30 INFO  State of operation 20433712 : EXECUTING
18:01:32 INFO  State of operation 20433712 : EXECUTING
18:01:35 INFO  State of operation 20433712 : EXECUTING
18:01:37 INFO  State of operation 20433712 : EXECUTING
18:01:40 INFO  State of operation 20433712 : EXECUTING
18:01:42 INFO  State of operation 20433712 : EXECUTING
18:01:45 INFO  State of operation 20433712 : EXECUTING
18:01:47 INFO  State of operation 20433712 : EXECUTING
18:01:50 INFO  State of operation 20433712 : EXECUTING
18:01:52 INFO  State of operation 20433712 : EXECUTING
18:01:55 INFO  State of operation 20433712 : EXECUTING
18:01:58 INFO  State of operation 20433712 : EXECUTING
18:02:00 INFO  State of operation 20433712 : EXECUTING
18:02:02 INFO  State of operation 20433712 : EXECUTING
18:02:05 INFO  State of operation 20433712 : EXECUTING
18:02:07 INFO  State of operation 20433712 : EXECUTING
18:02:09 INFO  State of operation 20433712 : EXECUTING
18:02:11 INFO  State of operation 20433712 : EXECUTING
18:02:14 INFO  State of operation 20433712 : SUCCESSFUL
18:02:14 INFO  Assert that (False == value) with value=False ... passed
18:02:14 INFO  Package asciijump is installed
18:02:14 INFO  Assert that (True == value) with value=True ... passed
18:02:14 INFO  Package squirrel3 is installed
18:02:14 INFO  Assert that (True == value) with value=True ... passed
18:02:14 INFO  Package robotfindskitten is installed
18:02:14 INFO  Assert that (True == value) with value=True ... passed
18:02:15 INFO  Response status: 201
18:02:15 INFO  Response to action: {
    "creationTime": "2022-06-22T18:02:15.180Z",
    "deviceName": "m32sd10d",
    "deviceId": "20418361",
    "self": "https://t493319102.eu-latest.cumulocity.com/devicecontrol/operations/20433720",
    "id": "20433720",
    "status": "PENDING",
    "description": "Apply software changes, triggered from PySys: [{'action': 'delete', 'id': '5475369', 'name': 'asciijump', 'url': ' ', 'version': '::apt'}, {'action': 'delete', 'id': '5474869', 'name': 'robotfindskitten', 'url': ' ', 'version': '::apt'}, {'action': 'delete', 'id': '5475279', 'name': 'squirrel3', 'url': ' ', 'version': '::apt'}]",
    "c8y_SoftwareUpdate": [
        {
            "name": "asciijump",
            "action": "delete",
            "id": "5475369",
            "version": "::apt",
            "url": " "
        },
        {
            "name": "robotfindskitten",
            "action": "delete",
            "id": "5474869",
            "version": "::apt",
            "url": " "
        },
        {
            "name": "squirrel3",
            "action": "delete",
            "id": "5475279",
            "version": "::apt",
            "url": " "
        }
    ]
}
18:02:15 INFO  Started operation: {'creationTime': '2022-06-22T18:02:15.180Z', 'deviceName': 'm32sd10d', 'deviceId': '20418361', 'self': 'https://t493319102.eu-latest.cumulocity.com/devicecontrol/operations/20433720', 'id': '20433720', 'status': 'PENDING', 'description': "Apply software changes, triggered from PySys: [{'action': 'delete', 'id': '5475369', 'name': 'asciijump', 'url': ' ', 'version': '::apt'}, {'action': 'delete', 'id': '5474869', 'name': 'robotfindskitten', 'url': ' ', 'version': '::apt'}, {'action': 'delete', 'id': '5475279', 'name': 'squirrel3', 'url': ' ', 'version': '::apt'}]", 'c8y_SoftwareUpdate': [{'name': 'asciijump', 'action': 'delete', 'id': '5475369', 'version': '::apt', 'url': ' '}, {'name': 'robotfindskitten', 'action': 'delete', 'id': '5474869', 'version': '::apt', 'url': ' '}, {'name': 'squirrel3', 'action': 'delete', 'id': '5475279', 'version': '::apt', 'url': ' '}]}
18:02:17 INFO  State of operation 20433720 : PENDING
18:02:19 INFO  State of operation 20433720 : EXECUTING
18:02:21 INFO  State of operation 20433720 : EXECUTING
18:02:24 INFO  State of operation 20433720 : EXECUTING
18:02:26 INFO  State of operation 20433720 : EXECUTING
18:02:28 INFO  State of operation 20433720 : EXECUTING
18:02:31 INFO  State of operation 20433720 : EXECUTING
18:02:34 INFO  State of operation 20433720 : EXECUTING
18:02:36 INFO  State of operation 20433720 : EXECUTING
18:02:38 INFO  State of operation 20433720 : EXECUTING
18:02:41 INFO  State of operation 20433720 : EXECUTING
18:02:43 INFO  State of operation 20433720 : EXECUTING
18:02:45 INFO  State of operation 20433720 : EXECUTING
18:02:47 INFO  State of operation 20433720 : EXECUTING
18:02:50 INFO  State of operation 20433720 : EXECUTING
18:02:52 INFO  State of operation 20433720 : EXECUTING
18:02:54 INFO  State of operation 20433720 : EXECUTING
18:02:57 INFO  State of operation 20433720 : EXECUTING
18:02:59 INFO  State of operation 20433720 : EXECUTING
18:03:02 INFO  State of operation 20433720 : EXECUTING
18:03:04 INFO  State of operation 20433720 : EXECUTING
18:03:06 INFO  State of operation 20433720 : EXECUTING
18:03:08 INFO  State of operation 20433720 : EXECUTING
18:03:11 INFO  State of operation 20433720 : EXECUTING
18:03:13 INFO  State of operation 20433720 : EXECUTING
18:03:16 INFO  State of operation 20433720 : EXECUTING
18:03:18 INFO  State of operation 20433720 : EXECUTING
18:03:20 INFO  State of operation 20433720 : SUCCESSFUL
18:03:20 INFO  Assert that (False == value) with value=False ... passed
18:03:21 INFO  Assert that (False == value) with value=False ... passed
18:03:21 INFO  Assert that (False == value) with value=False ... passed
18:03:21 INFO  Assert that (False == value) with value=False ... passed
18:03:21 INFO  
18:03:21 INFO  cleanup:
18:03:25 INFO  Executed sudo&lt;tedge_disconnect_c8y&gt;, exit status 0
18:03:26 INFO  Executed systemctl&lt;serv_mapper5&gt;, exit status 3
18:03:26 INFO  
18:03:26 INFO  Test duration: 178.50 secs
18:03:26 INFO  Test final outcome:  FAILED
18:03:26 INFO  Test outcome reason: Assert that (False == value) with value=True
18:03:26 INFO  
</system-out>
	</testcase>
<testcase classname="PySysTest" name="SoftwareManagement.sm_apt_install_remove_multiple">
		<failure message="FAILED: Assert that (False == value) with value=True (+2 other failures)" type="FAILED" />
		<system-out>18:26:59 INFO  ==============================================================
18:26:59 INFO  Id:    SoftwareManagement.sm_apt_install_remove_multiple
18:26:59 INFO  Dir:   software_management_end_to_end/
18:26:59 INFO  Title: Validate end to end behaviour for the apt plugin for multiple packages
18:26:59 INFO  ==============================================================
18:26:59 INFO  Using sw id database: {'asciijump': '5475369', 'robotfindskitten': '5474869', 'squirrel3': '5475279', 'rolldice': '5152439', 'moon-buggy': '5439204', 'apple': '5495053', 'banana': '5494888', 'cherry': '5495382', 'watermelon': '5494510', 'registry': '8018911', 'hello-world': '8021526', 'docker/getting-started': '8021973', 'alpine': '7991792'}
18:26:59 INFO  EnvironmentC8y Setup
18:27:00 INFO  Executed systemctl&lt;serv_mapper1&gt;, exit status 3
18:27:00 INFO  Restarting mosquitto too frequently in the last 10 seconds. It was only up for 5 seconds
18:27:00 INFO  Delaying execution by 6 seconds
18:27:20 INFO  Executed sudo&lt;tedge_connect_c8y&gt;, exit status 0, duration 14 secs
18:27:20 INFO  Executed sudo&lt;tedge_connect_c8y_test&gt;, exit status 0
18:27:21 INFO  Executed systemctl&lt;serv_mosq2&gt;, exit status 0
18:27:21 INFO  Executed systemctl&lt;serv_mapper3&gt;, exit status 0
18:27:24 INFO  State of current operation: SUCCESSFUL
18:27:24 INFO  Assert that (False == value) with value=False ... passed
18:27:24 INFO  Package asciijump is installed
18:27:24 WARN  Assert that (False == value) with value=True ... failed 
18:27:25 INFO  Package squirrel3 is installed
18:27:25 WARN  Assert that (False == value) with value=True ... failed 
18:27:25 INFO  Package robotfindskitten is installed
18:27:25 WARN  Assert that (False == value) with value=True ... failed 
18:27:25 INFO  Response status: 201
18:27:25 INFO  Response to action: {
    "creationTime": "2022-06-22T18:27:25.753Z",
    "deviceName": "m32sd10d",
    "deviceId": "20418361",
    "self": "https://t493319102.eu-latest.cumulocity.com/devicecontrol/operations/20433877",
    "id": "20433877",
    "status": "PENDING",
    "description": "Apply software changes, triggered from PySys: [{'action': 'install', 'id': '5475369', 'name': 'asciijump', 'url': ' ', 'version': '::apt'}, {'action': 'install', 'id': '5474869', 'name': 'robotfindskitten', 'url': ' ', 'version': '::apt'}, {'action': 'install', 'id': '5475279', 'name': 'squirrel3', 'url': ' ', 'version': '::apt'}]",
    "c8y_SoftwareUpdate": [
        {
            "name": "asciijump",
            "action": "install",
            "id": "5475369",
            "version": "::apt",
            "url": " "
        },
        {
            "name": "robotfindskitten",
            "action": "install",
            "id": "5474869",
            "version": "::apt",
            "url": " "
        },
        {
            "name": "squirrel3",
            "action": "install",
            "id": "5475279",
            "version": "::apt",
            "url": " "
        }
    ]
}
18:27:25 INFO  Started operation: {'creationTime': '2022-06-22T18:27:25.753Z', 'deviceName': 'm32sd10d', 'deviceId': '20418361', 'self': 'https://t493319102.eu-latest.cumulocity.com/devicecontrol/operations/20433877', 'id': '20433877', 'status': 'PENDING', 'description': "Apply software changes, triggered from PySys: [{'action': 'install', 'id': '5475369', 'name': 'asciijump', 'url': ' ', 'version': '::apt'}, {'action': 'install', 'id': '5474869', 'name': 'robotfindskitten', 'url': ' ', 'version': '::apt'}, {'action': 'install', 'id': '5475279', 'name': 'squirrel3', 'url': ' ', 'version': '::apt'}]", 'c8y_SoftwareUpdate': [{'name': 'asciijump', 'action': 'install', 'id': '5475369', 'version': '::apt', 'url': ' '}, {'name': 'robotfindskitten', 'action': 'install', 'id': '5474869', 'version': '::apt', 'url': ' '}, {'name': 'squirrel3', 'action': 'install', 'id': '5475279', 'version': '::apt', 'url': ' '}]}
18:27:28 INFO  State of operation 20433877 : PENDING
18:27:30 INFO  State of operation 20433877 : EXECUTING
18:27:32 INFO  State of operation 20433877 : EXECUTING
18:27:34 INFO  State of operation 20433877 : EXECUTING
18:27:36 INFO  State of operation 20433877 : EXECUTING
18:27:39 INFO  State of operation 20433877 : EXECUTING
18:27:41 INFO  State of operation 20433877 : EXECUTING
18:27:44 INFO  State of operation 20433877 : EXECUTING
18:27:47 INFO  State of operation 20433877 : EXECUTING
18:27:49 INFO  State of operation 20433877 : EXECUTING
18:27:51 INFO  State of operation 20433877 : EXECUTING
18:27:53 INFO  State of operation 20433877 : EXECUTING
18:27:56 INFO  State of operation 20433877 : EXECUTING
18:27:58 INFO  State of operation 20433877 : EXECUTING
18:28:00 INFO  State of operation 20433877 : EXECUTING
18:28:02 INFO  State of operation 20433877 : SUCCESSFUL
18:28:03 INFO  Assert that (False == value) with value=False ... passed
18:28:03 INFO  Package asciijump is installed
18:28:03 INFO  Assert that (True == value) with value=True ... passed
18:28:03 INFO  Package squirrel3 is installed
18:28:03 INFO  Assert that (True == value) with value=True ... passed
18:28:03 INFO  Package robotfindskitten is installed
18:28:03 INFO  Assert that (True == value) with value=True ... passed
18:28:04 INFO  Response status: 201
18:28:04 INFO  Response to action: {
    "creationTime": "2022-06-22T18:28:04.001Z",
    "deviceName": "m32sd10d",
    "deviceId": "20418361",
    "self": "https://t493319102.eu-latest.cumulocity.com/devicecontrol/operations/20433881",
    "id": "20433881",
    "status": "PENDING",
    "description": "Apply software changes, triggered from PySys: [{'action': 'delete', 'id': '5475369', 'name': 'asciijump', 'url': ' ', 'version': '::apt'}, {'action': 'delete', 'id': '5474869', 'name': 'robotfindskitten', 'url': ' ', 'version': '::apt'}, {'action': 'delete', 'id': '5475279', 'name': 'squirrel3', 'url': ' ', 'version': '::apt'}]",
    "c8y_SoftwareUpdate": [
        {
            "name": "asciijump",
            "action": "delete",
            "id": "5475369",
            "version": "::apt",
            "url": " "
        },
        {
            "name": "robotfindskitten",
            "action": "delete",
            "id": "5474869",
            "version": "::apt",
            "url": " "
        },
        {
            "name": "squirrel3",
            "action": "delete",
            "id": "5475279",
            "version": "::apt",
            "url": " "
        }
    ]
}
18:28:04 INFO  Started operation: {'creationTime': '2022-06-22T18:28:04.001Z', 'deviceName': 'm32sd10d', 'deviceId': '20418361', 'self': 'https://t493319102.eu-latest.cumulocity.com/devicecontrol/operations/20433881', 'id': '20433881', 'status': 'PENDING', 'description': "Apply software changes, triggered from PySys: [{'action': 'delete', 'id': '5475369', 'name': 'asciijump', 'url': ' ', 'version': '::apt'}, {'action': 'delete', 'id': '5474869', 'name': 'robotfindskitten', 'url': ' ', 'version': '::apt'}, {'action': 'delete', 'id': '5475279', 'name': 'squirrel3', 'url': ' ', 'version': '::apt'}]", 'c8y_SoftwareUpdate': [{'name': 'asciijump', 'action': 'delete', 'id': '5475369', 'version': '::apt', 'url': ' '}, {'name': 'robotfindskitten', 'action': 'delete', 'id': '5474869', 'version': '::apt', 'url': ' '}, {'name': 'squirrel3', 'action': 'delete', 'id': '5475279', 'version': '::apt', 'url': ' '}]}
18:28:06 INFO  State of operation 20433881 : PENDING
18:28:08 INFO  State of operation 20433881 : EXECUTING
18:28:10 INFO  State of operation 20433881 : EXECUTING
18:28:12 INFO  State of operation 20433881 : EXECUTING
18:28:15 INFO  State of operation 20433881 : EXECUTING
18:28:17 INFO  State of operation 20433881 : EXECUTING
18:28:20 INFO  State of operation 20433881 : EXECUTING
18:28:22 INFO  State of operation 20433881 : EXECUTING
18:28:25 INFO  State of operation 20433881 : EXECUTING
18:28:27 INFO  State of operation 20433881 : EXECUTING
18:28:29 INFO  State of operation 20433881 : EXECUTING
18:28:32 INFO  State of operation 20433881 : EXECUTING
18:28:34 INFO  State of operation 20433881 : EXECUTING
18:28:36 INFO  State of operation 20433881 : EXECUTING
18:28:38 INFO  State of operation 20433881 : EXECUTING
18:28:40 INFO  State of operation 20433881 : EXECUTING
18:28:43 INFO  State of operation 20433881 : EXECUTING
18:28:45 INFO  State of operation 20433881 : EXECUTING
18:28:48 INFO  State of operation 20433881 : EXECUTING
18:28:50 INFO  State of operation 20433881 : EXECUTING
18:28:52 INFO  State of operation 20433881 : EXECUTING
18:28:55 INFO  State of operation 20433881 : EXECUTING
18:28:57 INFO  State of operation 20433881 : EXECUTING
18:28:59 INFO  State of operation 20433881 : EXECUTING
18:29:01 INFO  State of operation 20433881 : EXECUTING
18:29:04 INFO  State of operation 20433881 : EXECUTING
18:29:07 INFO  State of operation 20433881 : EXECUTING
18:29:09 INFO  State of operation 20433881 : EXECUTING
18:29:11 INFO  State of operation 20433881 : SUCCESSFUL
18:29:12 INFO  Assert that (False == value) with value=False ... passed
18:29:12 INFO  Assert that (False == value) with value=False ... passed
18:29:12 INFO  Assert that (False == value) with value=False ... passed
18:29:12 INFO  Assert that (False == value) with value=False ... passed
18:29:12 INFO  
18:29:12 INFO  cleanup:
18:29:16 INFO  Executed sudo&lt;tedge_disconnect_c8y&gt;, exit status 0
18:29:17 INFO  Executed systemctl&lt;serv_mapper5&gt;, exit status 3
18:29:17 INFO  
18:29:17 INFO  Test duration: 137.86 secs
18:29:17 INFO  Test final outcome:  FAILED
18:29:17 INFO  Test outcome reason: Assert that (False == value) with value=True (+2 other failures)
18:29:17 INFO  
</system-out>
	</testcase>
</testsuite><testsuite name="SoftwareManagement.sm_apt_install_remove_multiple_mixed" tests="3" errors="0" failures="2" skipped="1" time="0"><testcase classname="PySysTest" name="SoftwareManagement.sm_apt_install_remove_multiple_mixed">
		<skipped message="SKIPPED: Testing the apt plugin is not supported on this platform.Use parameter -XmyPlatform='container' to enable it" />
		<system-out>17:29:00 INFO  ==============================================================
17:29:00 INFO  Id:    SoftwareManagement.sm_apt_install_remove_multiple_mixed
17:29:00 INFO  Dir:   software_management_end_to_end/
17:29:00 INFO  Title: Validate end to end behaviour for the apt plugin for multiple packages with mixed versions
17:29:00 INFO  ==============================================================
17:29:00 INFO  Testing the apt plugin is not supported on this platform.Use parameter -XmyPlatform='container' to enable it ... skipped
17:29:00 WARN  Aborted test due to SKIPPED outcome
17:29:00 INFO  
17:29:00 INFO  Test duration: 0.02 secs
17:29:00 INFO  Test final outcome:  SKIPPED
17:29:00 INFO  Test outcome reason: Testing the apt plugin is not supported on this platform.Use parameter -XmyPlatform='container' to enable it
17:29:00 INFO  
</system-out>
	</testcase>
<testcase classname="PySysTest" name="SoftwareManagement.sm_apt_install_remove_multiple_mixed">
		<failure message="BLOCKED: SystemError: Timeout while waiting for status SUCCESSFUL or False" type="BLOCKED" />
		<system-out>18:03:26 INFO  ==============================================================
18:03:26 INFO  Id:    SoftwareManagement.sm_apt_install_remove_multiple_mixed
18:03:26 INFO  Dir:   software_management_end_to_end/
18:03:26 INFO  Title: Validate end to end behaviour for the apt plugin for multiple packages with mixed versions
18:03:26 INFO  ==============================================================
18:03:26 INFO  Using sw id database: {'asciijump': '5475369', 'robotfindskitten': '5474869', 'squirrel3': '5475279', 'rolldice': '5152439', 'moon-buggy': '5439204', 'apple': '5495053', 'banana': '5494888', 'cherry': '5495382', 'watermelon': '5494510', 'registry': '8018911', 'hello-world': '8021526', 'docker/getting-started': '8021973', 'alpine': '7991792'}
18:03:26 INFO  EnvironmentC8y Setup
18:03:26 INFO  Executed systemctl&lt;serv_mapper1&gt;, exit status 3
18:03:27 INFO  Restarting mosquitto too frequently in the last 10 seconds. It was only up for 5 seconds
18:03:27 INFO  Delaying execution by 6 seconds
18:03:47 INFO  Executed sudo&lt;tedge_connect_c8y&gt;, exit status 0, duration 14 secs
18:03:47 INFO  Executed sudo&lt;tedge_connect_c8y_test&gt;, exit status 0
18:03:48 INFO  Executed systemctl&lt;serv_mosq2&gt;, exit status 0
18:03:48 INFO  Executed systemctl&lt;serv_mapper3&gt;, exit status 0
18:03:51 INFO  State of current operation: SUCCESSFUL
18:03:51 INFO  Assert that (False == value) with value=False ... passed
18:03:51 INFO  Assert that (False == value) with value=False ... passed
18:03:51 INFO  Assert that (False == value) with value=False ... passed
18:03:52 INFO  Assert that (False == value) with value=False ... passed
18:03:52 INFO  Assert that (False == value) with value=False ... passed
18:03:53 INFO  Response status: 201
18:03:53 INFO  Response to action: {
    "creationTime": "2022-06-22T18:03:53.435Z",
    "deviceName": "m32sd10d",
    "deviceId": "20418361",
    "self": "https://t493319102.eu-latest.cumulocity.com/devicecontrol/operations/20433728",
    "id": "20433728",
    "status": "PENDING",
    "description": "Apply software changes, triggered from PySys: [{'action': 'install', 'id': '5475369', 'name': 'asciijump', 'url': ' ', 'version': '::apt'}, {'action': 'install', 'id': '5474869', 'name': 'robotfindskitten', 'url': ' ', 'version': ' '}, {'action': 'install', 'id': '5475279', 'name': 'squirrel3', 'url': ' ', 'version': '3.1-7::apt'}, {'action': 'install', 'id': '5152439', 'name': 'rolldice', 'url': ' ', 'version': '1.16-1+b1'}, {'action': 'install', 'id': '5439204', 'name': 'moon-buggy', 'url': ' ', 'version': '1:1.0.51-12'}, {'action': 'install', 'id': '5475369', 'name': 'asciijump', 'url': ' ', 'version': '::apt'}]",
    "c8y_SoftwareUpdate": [
        {
            "name": "asciijump",
            "action": "install",
            "id": "5475369",
            "version": "::apt",
            "url": " "
        },
        {
            "name": "robotfindskitten",
            "action": "install",
            "id": "5474869",
            "version": " ",
            "url": " "
        },
        {
            "name": "squirrel3",
            "action": "install",
            "id": "5475279",
            "version": "3.1-7::apt",
            "url": " "
        },
        {
            "name": "rolldice",
            "action": "install",
            "id": "5152439",
            "version": "1.16-1+b1",
            "url": " "
        },
        {
            "name": "moon-buggy",
            "action": "install",
            "id": "5439204",
            "version": "1:1.0.51-12",
            "url": " "
        },
        {
            "name": "asciijump",
            "action": "install",
            "id": "5475369",
            "version": "::apt",
            "url": " "
        }
    ]
}
18:03:53 INFO  Started operation: {'creationTime': '2022-06-22T18:03:53.435Z', 'deviceName': 'm32sd10d', 'deviceId': '20418361', 'self': 'https://t493319102.eu-latest.cumulocity.com/devicecontrol/operations/20433728', 'id': '20433728', 'status': 'PENDING', 'description': "Apply software changes, triggered from PySys: [{'action': 'install', 'id': '5475369', 'name': 'asciijump', 'url': ' ', 'version': '::apt'}, {'action': 'install', 'id': '5474869', 'name': 'robotfindskitten', 'url': ' ', 'version': ' '}, {'action': 'install', 'id': '5475279', 'name': 'squirrel3', 'url': ' ', 'version': '3.1-7::apt'}, {'action': 'install', 'id': '5152439', 'name': 'rolldice', 'url': ' ', 'version': '1.16-1+b1'}, {'action': 'install', 'id': '5439204', 'name': 'moon-buggy', 'url': ' ', 'version': '1:1.0.51-12'}, {'action': 'install', 'id': '5475369', 'name': 'asciijump', 'url': ' ', 'version': '::apt'}]", 'c8y_SoftwareUpdate': [{'name': 'asciijump', 'action': 'install', 'id': '5475369', 'version': '::apt', 'url': ' '}, {'name': 'robotfindskitten', 'action': 'install', 'id': '5474869', 'version': ' ', 'url': ' '}, {'name': 'squirrel3', 'action': 'install', 'id': '5475279', 'version': '3.1-7::apt', 'url': ' '}, {'name': 'rolldice', 'action': 'install', 'id': '5152439', 'version': '1.16-1+b1', 'url': ' '}, {'name': 'moon-buggy', 'action': 'install', 'id': '5439204', 'version': '1:1.0.51-12', 'url': ' '}, {'name': 'asciijump', 'action': 'install', 'id': '5475369', 'version': '::apt', 'url': ' '}]}
18:03:55 INFO  State of operation 20433728 : PENDING
18:03:58 INFO  State of operation 20433728 : EXECUTING
18:04:00 INFO  State of operation 20433728 : EXECUTING
18:04:02 INFO  State of operation 20433728 : EXECUTING
18:04:04 INFO  State of operation 20433728 : EXECUTING
18:04:06 INFO  State of operation 20433728 : EXECUTING
18:04:09 INFO  State of operation 20433728 : EXECUTING
18:04:12 INFO  State of operation 20433728 : EXECUTING
18:04:15 INFO  State of operation 20433728 : EXECUTING
18:04:17 INFO  State of operation 20433728 : EXECUTING
18:04:19 INFO  State of operation 20433728 : EXECUTING
18:04:21 INFO  State of operation 20433728 : EXECUTING
18:04:23 INFO  State of operation 20433728 : EXECUTING
18:04:26 INFO  State of operation 20433728 : EXECUTING
18:04:28 INFO  State of operation 20433728 : EXECUTING
18:04:30 INFO  State of operation 20433728 : EXECUTING
18:04:33 INFO  State of operation 20433728 : EXECUTING
18:04:35 INFO  State of operation 20433728 : EXECUTING
18:04:38 INFO  State of operation 20433728 : EXECUTING
18:04:40 INFO  State of operation 20433728 : EXECUTING
18:04:42 INFO  State of operation 20433728 : EXECUTING
18:04:45 INFO  State of operation 20433728 : EXECUTING
18:04:47 INFO  State of operation 20433728 : EXECUTING
18:04:50 INFO  State of operation 20433728 : EXECUTING
18:04:52 INFO  State of operation 20433728 : EXECUTING
18:04:54 INFO  State of operation 20433728 : EXECUTING
18:04:56 INFO  State of operation 20433728 : EXECUTING
18:04:59 INFO  State of operation 20433728 : EXECUTING
18:05:01 INFO  State of operation 20433728 : EXECUTING
18:05:03 INFO  State of operation 20433728 : EXECUTING
18:05:05 INFO  State of operation 20433728 : EXECUTING
18:05:08 INFO  State of operation 20433728 : EXECUTING
18:05:10 INFO  State of operation 20433728 : EXECUTING
18:05:12 INFO  State of operation 20433728 : EXECUTING
18:05:14 INFO  State of operation 20433728 : EXECUTING
18:05:17 INFO  State of operation 20433728 : EXECUTING
18:05:19 INFO  State of operation 20433728 : EXECUTING
18:05:21 INFO  State of operation 20433728 : EXECUTING
18:05:24 INFO  State of operation 20433728 : EXECUTING
18:05:27 INFO  State of operation 20433728 : EXECUTING
18:05:29 INFO  State of operation 20433728 : EXECUTING
18:05:32 INFO  State of operation 20433728 : EXECUTING
18:05:34 INFO  State of operation 20433728 : EXECUTING
18:05:36 INFO  State of operation 20433728 : EXECUTING
18:05:38 INFO  State of operation 20433728 : EXECUTING
18:05:41 INFO  State of operation 20433728 : EXECUTING
18:05:43 INFO  State of operation 20433728 : EXECUTING
18:05:45 INFO  State of operation 20433728 : EXECUTING
18:05:48 INFO  State of operation 20433728 : EXECUTING
18:05:50 INFO  State of operation 20433728 : EXECUTING
18:05:53 INFO  State of operation 20433728 : EXECUTING
18:05:55 INFO  State of operation 20433728 : EXECUTING
18:05:57 INFO  State of operation 20433728 : EXECUTING
18:06:00 INFO  State of operation 20433728 : EXECUTING
18:06:02 INFO  State of operation 20433728 : EXECUTING
18:06:05 INFO  State of operation 20433728 : EXECUTING
18:06:07 INFO  State of operation 20433728 : EXECUTING
18:06:09 INFO  State of operation 20433728 : EXECUTING
18:06:12 INFO  State of operation 20433728 : EXECUTING
18:06:14 INFO  State of operation 20433728 : EXECUTING
18:06:17 INFO  State of operation 20433728 : EXECUTING
18:06:19 WARN  SystemError occurred while running test - Timeout while waiting for status SUCCESSFUL or False
Traceback (most recent call last):
  File "/home/pi/env-pysys/lib/python3.7/site-packages/pysys/baserunner.py", line 1294, in __call__
    self.testObj.execute()
  File "/home/pi/actions-runner/_work/thin-edge.io/thin-edge.io/tests/PySys/software_management_end_to_end/sm_apt_install_remove_multiple_mixed/run.py", line 89, in execute
    self.wait_until_succcess()
  File "/home/pi/actions-runner/_work/thin-edge.io/thin-edge.io/tests/PySys/software_management_end_to_end/environment_sm_management.py", line 324, in wait_until_succcess
    self.wait_until_status("SUCCESSFUL")
  File "/home/pi/actions-runner/_work/thin-edge.io/thin-edge.io/tests/PySys/software_management_end_to_end/environment_sm_management.py", line 381, in wait_until_status
    "Timeout while waiting for status %s or %s" % (status, status2)
SystemError: Timeout while waiting for status SUCCESSFUL or False
18:06:19 WARN  SystemError: Timeout while waiting for status SUCCESSFUL or False ... blocked 
18:06:19 INFO  
18:06:19 INFO  cleanup:
18:06:24 INFO  Executed sudo&lt;tedge_disconnect_c8y&gt;, exit status 0
18:06:24 INFO  Executed systemctl&lt;serv_mapper5&gt;, exit status 3
18:06:24 INFO  
18:06:24 INFO  Test duration: 178.38 secs
18:06:24 INFO  Test final outcome:  BLOCKED
18:06:24 INFO  Test outcome reason: SystemError: Timeout while waiting for status SUCCESSFUL or False
18:06:24 INFO  
</system-out>
	</testcase>
<testcase classname="PySysTest" name="SoftwareManagement.sm_apt_install_remove_multiple_mixed">
		<failure message="BLOCKED: SystemError: Timeout while waiting for status SUCCESSFUL or False (+1 other failures)" type="BLOCKED" />
		<system-out>18:29:17 INFO  ==============================================================
18:29:17 INFO  Id:    SoftwareManagement.sm_apt_install_remove_multiple_mixed
18:29:17 INFO  Dir:   software_management_end_to_end/
18:29:17 INFO  Title: Validate end to end behaviour for the apt plugin for multiple packages with mixed versions
18:29:17 INFO  ==============================================================
18:29:17 INFO  Using sw id database: {'asciijump': '5475369', 'robotfindskitten': '5474869', 'squirrel3': '5475279', 'rolldice': '5152439', 'moon-buggy': '5439204', 'apple': '5495053', 'banana': '5494888', 'cherry': '5495382', 'watermelon': '5494510', 'registry': '8018911', 'hello-world': '8021526', 'docker/getting-started': '8021973', 'alpine': '7991792'}
18:29:17 INFO  EnvironmentC8y Setup
18:29:18 INFO  Executed systemctl&lt;serv_mapper1&gt;, exit status 3
18:29:18 INFO  Restarting mosquitto too frequently in the last 10 seconds. It was only up for 5 seconds
18:29:18 INFO  Delaying execution by 6 seconds
18:29:38 INFO  Executed sudo&lt;tedge_connect_c8y&gt;, exit status 0, duration 13 secs
18:29:38 INFO  Executed sudo&lt;tedge_connect_c8y_test&gt;, exit status 0
18:29:39 INFO  Executed systemctl&lt;serv_mosq2&gt;, exit status 0
18:29:39 INFO  Executed systemctl&lt;serv_mapper3&gt;, exit status 0
18:29:41 INFO  State of current operation: SUCCESSFUL
18:29:42 INFO  Assert that (False == value) with value=False ... passed
18:29:42 INFO  Assert that (False == value) with value=False ... passed
18:29:42 INFO  Assert that (False == value) with value=False ... passed
18:29:42 INFO  Assert that (False == value) with value=False ... passed
18:29:43 INFO  Package moon-buggy is installed
18:29:43 WARN  Assert that (False == value) with value=True ... failed 
18:29:44 INFO  Response status: 201
18:29:44 INFO  Response to action: {
    "creationTime": "2022-06-22T18:29:44.381Z",
    "deviceName": "m32sd10d",
    "deviceId": "20418361",
    "self": "https://t493319102.eu-latest.cumulocity.com/devicecontrol/operations/20433907",
    "id": "20433907",
    "status": "PENDING",
    "description": "Apply software changes, triggered from PySys: [{'action': 'install', 'id': '5475369', 'name': 'asciijump', 'url': ' ', 'version': '::apt'}, {'action': 'install', 'id': '5474869', 'name': 'robotfindskitten', 'url': ' ', 'version': ' '}, {'action': 'install', 'id': '5475279', 'name': 'squirrel3', 'url': ' ', 'version': '3.1-7::apt'}, {'action': 'install', 'id': '5152439', 'name': 'rolldice', 'url': ' ', 'version': '1.16-1+b1'}, {'action': 'install', 'id': '5439204', 'name': 'moon-buggy', 'url': ' ', 'version': '1:1.0.51-12'}, {'action': 'install', 'id': '5475369', 'name': 'asciijump', 'url': ' ', 'version': '::apt'}]",
    "c8y_SoftwareUpdate": [
        {
            "name": "asciijump",
            "action": "install",
            "id": "5475369",
            "version": "::apt",
            "url": " "
        },
        {
            "name": "robotfindskitten",
            "action": "install",
            "id": "5474869",
            "version": " ",
            "url": " "
        },
        {
            "name": "squirrel3",
            "action": "install",
            "id": "5475279",
            "version": "3.1-7::apt",
            "url": " "
        },
        {
            "name": "rolldice",
            "action": "install",
            "id": "5152439",
            "version": "1.16-1+b1",
            "url": " "
        },
        {
            "name": "moon-buggy",
            "action": "install",
            "id": "5439204",
            "version": "1:1.0.51-12",
            "url": " "
        },
        {
            "name": "asciijump",
            "action": "install",
            "id": "5475369",
            "version": "::apt",
            "url": " "
        }
    ]
}
18:29:44 INFO  Started operation: {'creationTime': '2022-06-22T18:29:44.381Z', 'deviceName': 'm32sd10d', 'deviceId': '20418361', 'self': 'https://t493319102.eu-latest.cumulocity.com/devicecontrol/operations/20433907', 'id': '20433907', 'status': 'PENDING', 'description': "Apply software changes, triggered from PySys: [{'action': 'install', 'id': '5475369', 'name': 'asciijump', 'url': ' ', 'version': '::apt'}, {'action': 'install', 'id': '5474869', 'name': 'robotfindskitten', 'url': ' ', 'version': ' '}, {'action': 'install', 'id': '5475279', 'name': 'squirrel3', 'url': ' ', 'version': '3.1-7::apt'}, {'action': 'install', 'id': '5152439', 'name': 'rolldice', 'url': ' ', 'version': '1.16-1+b1'}, {'action': 'install', 'id': '5439204', 'name': 'moon-buggy', 'url': ' ', 'version': '1:1.0.51-12'}, {'action': 'install', 'id': '5475369', 'name': 'asciijump', 'url': ' ', 'version': '::apt'}]", 'c8y_SoftwareUpdate': [{'name': 'asciijump', 'action': 'install', 'id': '5475369', 'version': '::apt', 'url': ' '}, {'name': 'robotfindskitten', 'action': 'install', 'id': '5474869', 'version': ' ', 'url': ' '}, {'name': 'squirrel3', 'action': 'install', 'id': '5475279', 'version': '3.1-7::apt', 'url': ' '}, {'name': 'rolldice', 'action': 'install', 'id': '5152439', 'version': '1.16-1+b1', 'url': ' '}, {'name': 'moon-buggy', 'action': 'install', 'id': '5439204', 'version': '1:1.0.51-12', 'url': ' '}, {'name': 'asciijump', 'action': 'install', 'id': '5475369', 'version': '::apt', 'url': ' '}]}
18:29:46 INFO  State of operation 20433907 : PENDING
18:29:48 INFO  State of operation 20433907 : EXECUTING
18:29:51 INFO  State of operation 20433907 : EXECUTING
18:29:53 INFO  State of operation 20433907 : EXECUTING
18:29:55 INFO  State of operation 20433907 : EXECUTING
18:29:57 INFO  State of operation 20433907 : EXECUTING
18:30:00 INFO  State of operation 20433907 : EXECUTING
18:30:03 INFO  State of operation 20433907 : EXECUTING
18:30:05 INFO  State of operation 20433907 : EXECUTING
18:30:08 INFO  State of operation 20433907 : EXECUTING
18:30:10 INFO  State of operation 20433907 : EXECUTING
18:30:12 INFO  State of operation 20433907 : EXECUTING
18:30:15 INFO  State of operation 20433907 : EXECUTING
18:30:17 INFO  State of operation 20433907 : EXECUTING
18:30:19 INFO  State of operation 20433907 : EXECUTING
18:30:21 INFO  State of operation 20433907 : EXECUTING
18:30:24 INFO  State of operation 20433907 : EXECUTING
18:30:26 INFO  State of operation 20433907 : EXECUTING
18:30:29 INFO  State of operation 20433907 : EXECUTING
18:30:31 INFO  State of operation 20433907 : EXECUTING
18:30:33 INFO  State of operation 20433907 : EXECUTING
18:30:36 INFO  State of operation 20433907 : EXECUTING
18:30:38 INFO  State of operation 20433907 : EXECUTING
18:30:41 INFO  State of operation 20433907 : EXECUTING
18:30:43 INFO  State of operation 20433907 : EXECUTING
18:30:45 INFO  State of operation 20433907 : EXECUTING
18:30:48 INFO  State of operation 20433907 : EXECUTING
18:30:50 INFO  State of operation 20433907 : EXECUTING
18:30:53 INFO  State of operation 20433907 : EXECUTING
18:30:55 INFO  State of operation 20433907 : EXECUTING
18:30:58 INFO  State of operation 20433907 : EXECUTING
18:31:00 INFO  State of operation 20433907 : EXECUTING
18:31:02 INFO  State of operation 20433907 : EXECUTING
18:31:04 INFO  State of operation 20433907 : EXECUTING
18:31:07 INFO  State of operation 20433907 : EXECUTING
18:31:09 INFO  State of operation 20433907 : EXECUTING
18:31:11 INFO  State of operation 20433907 : EXECUTING
18:31:14 INFO  State of operation 20433907 : EXECUTING
18:31:17 INFO  State of operation 20433907 : EXECUTING
18:31:19 INFO  State of operation 20433907 : EXECUTING
18:31:21 INFO  State of operation 20433907 : EXECUTING
18:31:23 INFO  State of operation 20433907 : EXECUTING
18:31:26 INFO  State of operation 20433907 : EXECUTING
18:31:28 INFO  State of operation 20433907 : EXECUTING
18:31:30 INFO  State of operation 20433907 : EXECUTING
18:31:32 INFO  State of operation 20433907 : EXECUTING
18:31:35 INFO  State of operation 20433907 : EXECUTING
18:31:37 INFO  State of operation 20433907 : EXECUTING
18:31:40 INFO  State of operation 20433907 : EXECUTING
18:31:42 INFO  State of operation 20433907 : EXECUTING
18:31:44 INFO  State of operation 20433907 : EXECUTING
18:31:47 INFO  State of operation 20433907 : EXECUTING
18:31:49 INFO  State of operation 20433907 : EXECUTING
18:31:52 INFO  State of operation 20433907 : EXECUTING
18:31:54 INFO  State of operation 20433907 : EXECUTING
18:31:56 INFO  State of operation 20433907 : EXECUTING
18:31:59 INFO  State of operation 20433907 : EXECUTING
18:32:01 INFO  State of operation 20433907 : EXECUTING
18:32:03 INFO  State of operation 20433907 : EXECUTING
18:32:06 INFO  State of operation 20433907 : EXECUTING
18:32:08 INFO  State of operation 20433907 : EXECUTING
18:32:10 WARN  SystemError occurred while running test - Timeout while waiting for status SUCCESSFUL or False
Traceback (most recent call last):
  File "/home/pi/env-pysys/lib/python3.7/site-packages/pysys/baserunner.py", line 1294, in __call__
    self.testObj.execute()
  File "/home/pi/actions-runner/_work/thin-edge.io/thin-edge.io/tests/PySys/software_management_end_to_end/sm_apt_install_remove_multiple_mixed/run.py", line 89, in execute
    self.wait_until_succcess()
  File "/home/pi/actions-runner/_work/thin-edge.io/thin-edge.io/tests/PySys/software_management_end_to_end/environment_sm_management.py", line 324, in wait_until_succcess
    self.wait_until_status("SUCCESSFUL")
  File "/home/pi/actions-runner/_work/thin-edge.io/thin-edge.io/tests/PySys/software_management_end_to_end/environment_sm_management.py", line 381, in wait_until_status
    "Timeout while waiting for status %s or %s" % (status, status2)
SystemError: Timeout while waiting for status SUCCESSFUL or False
18:32:10 WARN  SystemError: Timeout while waiting for status SUCCESSFUL or False ... blocked 
18:32:10 INFO  
18:32:10 INFO  cleanup:
18:32:14 INFO  Executed sudo&lt;tedge_disconnect_c8y&gt;, exit status 0
18:32:15 INFO  Executed systemctl&lt;serv_mapper5&gt;, exit status 3
18:32:15 INFO  
18:32:15 INFO  Test duration: 177.88 secs
18:32:15 INFO  Test final outcome:  BLOCKED
18:32:15 INFO  Test outcome reason: SystemError: Timeout while waiting for status SUCCESSFUL or False (+1 other failures)
18:32:15 INFO  
</system-out>
	</testcase>
</testsuite><testsuite name="SoftwareManagement.sm_apt_install_remove_with_version" tests="3" errors="0" failures="0" skipped="1" time="0"><testcase classname="PySysTest" name="SoftwareManagement.sm_apt_install_remove_with_version">
		<skipped message="SKIPPED: Testing the apt plugin is not supported on this platform.Use parameter -XmyPlatform='container' to enable it" />
		<system-out>17:29:00 INFO  ==============================================================
17:29:00 INFO  Id:    SoftwareManagement.sm_apt_install_remove_with_version
17:29:00 INFO  Dir:   software_management_end_to_end/
17:29:00 INFO  Title: Validate end to end behaviour for the apt plugin for packages with version
17:29:00 INFO  ==============================================================
17:29:00 INFO  Testing the apt plugin is not supported on this platform.Use parameter -XmyPlatform='container' to enable it ... skipped
17:29:00 WARN  Aborted test due to SKIPPED outcome
17:29:00 INFO  
17:29:00 INFO  Test duration: 0.02 secs
17:29:00 INFO  Test final outcome:  SKIPPED
17:29:00 INFO  Test outcome reason: Testing the apt plugin is not supported on this platform.Use parameter -XmyPlatform='container' to enable it
17:29:00 INFO  
</system-out>
	</testcase>
<testcase classname="PySysTest" name="SoftwareManagement.sm_apt_install_remove_with_version" />
<testcase classname="PySysTest" name="SoftwareManagement.sm_apt_install_remove_with_version" />
</testsuite><testsuite name="SoftwareManagement.sm_docker_install_remove_multiple" tests="3" errors="0" failures="0" skipped="1" time="0"><testcase classname="SMDockerInstallRemove" name="SoftwareManagement.sm_docker_install_remove_multiple">
		<skipped message="SKIPPED: Testing the apt plugin is not supported on this platform.Use parameter -XmyPlatform='container' to enable it" />
		<system-out>17:29:00 INFO  ==============================================================
17:29:00 INFO  Id:    SoftwareManagement.sm_docker_install_remove_multiple
17:29:00 INFO  Dir:   software_management_end_to_end/
17:29:00 INFO  Title: Validate end to end behaviour for the docker plugin for multiple docker images with mixed versions
17:29:00 INFO  ==============================================================
17:29:00 INFO  Testing the apt plugin is not supported on this platform.Use parameter -XmyPlatform='container' to enable it ... skipped
17:29:00 WARN  Aborted test due to SKIPPED outcome
17:29:00 INFO  
17:29:00 INFO  Test duration: 0.02 secs
17:29:00 INFO  Test final outcome:  SKIPPED
17:29:00 INFO  Test outcome reason: Testing the apt plugin is not supported on this platform.Use parameter -XmyPlatform='container' to enable it
17:29:00 INFO  
</system-out>
	</testcase>
<testcase classname="SMDockerInstallRemove" name="SoftwareManagement.sm_docker_install_remove_multiple" />
<testcase classname="SMDockerInstallRemove" name="SoftwareManagement.sm_docker_install_remove_multiple" />
</testsuite><testsuite name="SoftwareManagement.sm_fake_install_remove" tests="2" errors="0" failures="0" skipped="1" time="0"><testcase classname="PySysTest" name="SoftwareManagement.sm_fake_install_remove">
		<skipped message="SKIPPED: Testing the fake plugin is not enabled.Use parameter -Xfakeplugin=fakeplugin to enable it" />
		<system-out>17:29:00 INFO  ==============================================================
17:29:00 INFO  Id:    SoftwareManagement.sm_fake_install_remove
17:29:00 INFO  Dir:   software_management_end_to_end/
17:29:00 INFO  Title: Validate end to end behaviour for the dummy plugin for installation and removal of packages
17:29:00 INFO  ==============================================================
17:29:00 INFO  Testing the fake plugin is not enabled.Use parameter -Xfakeplugin=fakeplugin to enable it ... skipped
17:29:00 WARN  Aborted test due to SKIPPED outcome
17:29:00 INFO  
17:29:00 INFO  Test duration: 0.02 secs
17:29:00 INFO  Test final outcome:  SKIPPED
17:29:00 INFO  Test outcome reason: Testing the fake plugin is not enabled.Use parameter -Xfakeplugin=fakeplugin to enable it
17:29:00 INFO  
</system-out>
	</testcase>
<testcase classname="PySysTest" name="SoftwareManagement.sm_fake_install_remove" />
</testsuite><testsuite name="SoftwareManagement.sm_fake_install_remove_multiple" tests="2" errors="0" failures="0" skipped="1" time="0"><testcase classname="PySysTest" name="SoftwareManagement.sm_fake_install_remove_multiple">
		<skipped message="SKIPPED: Testing the fake plugin is not enabled.Use parameter -Xfakeplugin=fakeplugin to enable it" />
		<system-out>17:29:01 INFO  ==============================================================
17:29:01 INFO  Id:    SoftwareManagement.sm_fake_install_remove_multiple
17:29:01 INFO  Dir:   software_management_end_to_end/
17:29:01 INFO  Title: Validate end to end behaviour for the dummy-plugin for multiple packages
17:29:01 INFO  ==============================================================
17:29:01 INFO  Testing the fake plugin is not enabled.Use parameter -Xfakeplugin=fakeplugin to enable it ... skipped
17:29:01 WARN  Aborted test due to SKIPPED outcome
17:29:01 INFO  
17:29:01 INFO  Test duration: 0.02 secs
17:29:01 INFO  Test final outcome:  SKIPPED
17:29:01 INFO  Test outcome reason: Testing the fake plugin is not enabled.Use parameter -Xfakeplugin=fakeplugin to enable it
17:29:01 INFO  
</system-out>
	</testcase>
<testcase classname="PySysTest" name="SoftwareManagement.sm_fake_install_remove_multiple" />
</testsuite><testsuite name="SoftwareManagement.sm_mapper_fail_and_reconnect" tests="2" errors="0" failures="0" skipped="2" time="0"><testcase classname="MapperC8yReceiveLastMessageOnRestart" name="SoftwareManagement.sm_mapper_fail_and_reconnect">
		<skipped message="SKIPPED: instable https://github.com/thin-edge/thin-edge.io/issues/752" />
		<system-out>17:29:01 INFO  ==============================================================
17:29:01 INFO  Id:    SoftwareManagement.sm_mapper_fail_and_reconnect
17:29:01 INFO  Dir:   software_management_end_to_end/
17:29:01 INFO  Title: Validate the tedge-mapper-sm-c8y for receiving the last message on restart
17:29:01 INFO  ==============================================================
17:29:01 INFO  instable https://github.com/thin-edge/thin-edge.io/issues/752 ... skipped
17:29:01 INFO  
17:29:01 INFO  Test duration: 0.02 secs
17:29:01 INFO  Test final outcome:  SKIPPED
17:29:01 INFO  Test outcome reason: instable https://github.com/thin-edge/thin-edge.io/issues/752
17:29:01 INFO  
</system-out>
	</testcase>
<testcase classname="MapperC8yReceiveLastMessageOnRestart" name="SoftwareManagement.sm_mapper_fail_and_reconnect">
		<skipped message="SKIPPED: instable https://github.com/thin-edge/thin-edge.io/issues/752" />
		<system-out>18:38:57 INFO  ==============================================================
18:38:57 INFO  Id:    SoftwareManagement.sm_mapper_fail_and_reconnect
18:38:57 INFO  Dir:   software_management_end_to_end/
18:38:57 INFO  Title: Validate the tedge-mapper-sm-c8y for receiving the last message on restart
18:38:57 INFO  ==============================================================
18:38:57 INFO  instable https://github.com/thin-edge/thin-edge.io/issues/752 ... skipped
18:38:57 INFO  
18:38:57 INFO  Test duration: 0.03 secs
18:38:57 INFO  Test final outcome:  SKIPPED
18:38:57 INFO  Test outcome reason: instable https://github.com/thin-edge/thin-edge.io/issues/752
18:38:57 INFO  
</system-out>
	</testcase>
</testsuite><testsuite name="SoftwareManagement.sm_mixed_install_remove_multiple" tests="2" errors="0" failures="1" skipped="1" time="0"><testcase classname="PySysTest" name="SoftwareManagement.sm_mixed_install_remove_multiple">
		<skipped message="SKIPPED: Testing the fake plugin is not enabled.Use parameter -Xfakeplugin=fakeplugin to enable it" />
		<system-out>17:29:01 INFO  ==============================================================
17:29:01 INFO  Id:    SoftwareManagement.sm_mixed_install_remove_multiple
17:29:01 INFO  Dir:   software_management_end_to_end/
17:29:01 INFO  Title: Validate end to end behaviour for the dummy-plugin for multiple packages with mixed versions
17:29:01 INFO  ==============================================================
17:29:01 INFO  Testing the fake plugin is not enabled.Use parameter -Xfakeplugin=fakeplugin to enable it ... skipped
17:29:01 WARN  Aborted test due to SKIPPED outcome
17:29:01 INFO  
17:29:01 INFO  Test duration: 0.02 secs
17:29:01 INFO  Test final outcome:  SKIPPED
17:29:01 INFO  Test outcome reason: Testing the fake plugin is not enabled.Use parameter -Xfakeplugin=fakeplugin to enable it
17:29:01 INFO  
</system-out>
	</testcase>
<testcase classname="PySysTest" name="SoftwareManagement.sm_mixed_install_remove_multiple">
		<failure message="BLOCKED: SystemError: The operation has failed (+1 other failures)" type="BLOCKED" />
		<system-out>18:38:57 INFO  ==============================================================
18:38:57 INFO  Id:    SoftwareManagement.sm_mixed_install_remove_multiple
18:38:57 INFO  Dir:   software_management_end_to_end/
18:38:57 INFO  Title: Validate end to end behaviour for the dummy-plugin for multiple packages with mixed versions
18:38:57 INFO  ==============================================================
[...]
17:17:22 INFO  Executed sudo&lt;rm_tmp_logs&gt;, exit status 0
17:17:23 INFO  Executed sudo&lt;send_failed&gt;, exit status 0
17:17:23 INFO  Executed sudo&lt;log_file_daemon&gt;, exit status 0
17:17:27 INFO  Executed sudo&lt;tedge_disconnect_c8y&gt;, exit status 0
17:17:28 INFO  Executed systemctl&lt;serv_mapper5&gt;, exit status 3
17:17:28 INFO  
17:17:28 INFO  Test duration: 26.71 secs
17:17:28 INFO  Test final outcome:  BLOCKED
17:17:28 INFO  Test outcome reason: TypeError: 'NoneType' object is not subscriptable
17:17:28 INFO  
</system-out>
	</testcase>
</testsuite><testsuite name="log_request_num_lines" tests="1" errors="0" failures="1" skipped="0" time="0"><testcase classname="LogRequestVerifyNumberOfLines" name="log_request_num_lines">
		<failure message="BLOCKED: TypeError: 'NoneType' object is not subscriptable" type="BLOCKED" />
		<system-out>17:17:28 INFO  ==============================================================
17:17:28 INFO  Id:    log_request_num_lines
17:17:28 INFO  Dir:   log_request_end_to_end/
17:17:28 INFO  Title: Validate end to end behaviour for the log request operation check for number of lines
17:17:28 INFO  ==============================================================
17:17:28 INFO  EnvironmentC8y Setup
17:17:28 INFO  Executed systemctl&lt;serv_mapper1&gt;, exit status 3
17:17:28 INFO  Restarting mosquitto too frequently in the last 10 seconds. It was only up for 4 seconds
17:17:28 INFO  Delaying execution by 7 seconds
17:17:49 INFO  Executed sudo&lt;tedge_connect_c8y&gt;, exit status 0, duration 14 secs
17:17:50 INFO  Executed sudo&lt;tedge_connect_c8y_test&gt;, exit status 0
17:17:51 INFO  Executed systemctl&lt;serv_mosq2&gt;, exit status 0
17:17:51 INFO  Executed systemctl&lt;serv_mapper3&gt;, exit status 0
17:17:52 INFO  Executed sudo&lt;rm_logs&gt;, exit status 0
17:17:52 INFO  Executed sudo&lt;move_logs&gt;, exit status 0
17:17:53 INFO  Executed sudo&lt;log_file_daemon&gt;, exit status 0
17:17:53 WARN  TypeError occurred while running test - 'NoneType' object is not subscriptable
Traceback (most recent call last):
  File "/home/pi/env-pysys/lib/python3.7/site-packages/pysys/baserunner.py", line 1294, in __call__
    self.testObj.execute()
  File "/home/pi/actions-runner/_work/thin-edge.io/thin-edge.io/tests/PySys/log_request_end_to_end/log_request_num_lines/run.py", line 46, in execute
    log_file_request_payload, self.project.deviceid
  File "/home/pi/actions-runner/_work/thin-edge.io/thin-edge.io/tests/PySys/environments/cumulocity.py", line 101, in trigger_log_request
    "deviceId": self.device_fragment["id"],
TypeError: 'NoneType' object is not subscriptable
17:17:54 WARN  TypeError: 'NoneType' object is not subscriptable ... blocked 
17:17:54 INFO  
17:17:54 INFO  cleanup:
17:17:54 INFO  Executed sudo&lt;rm_logs&gt;, exit status 0
17:17:55 INFO  Executed sudo&lt;rm_tmp_logs&gt;, exit status 0
17:17:55 INFO  Executed sudo&lt;send_failed&gt;, exit status 0
17:17:56 INFO  Executed sudo&lt;log_file_daemon&gt;, exit status 0
17:18:00 INFO  Executed sudo&lt;tedge_disconnect_c8y&gt;, exit status 0
17:18:00 INFO  Executed systemctl&lt;serv_mapper5&gt;, exit status 3
17:18:00 INFO  
17:18:00 INFO  Test duration: 32.44 secs
17:18:00 INFO  Test final outcome:  BLOCKED
17:18:00 INFO  Test outcome reason: TypeError: 'NoneType' object is not subscriptable
17:18:00 INFO  
</system-out>
	</testcase>
</testsuite><testsuite name="mapper_awaits_before_reconnect" tests="1" errors="0" failures="1" skipped="0" time="0"><testcase classname="MapperReconnectAwait" name="mapper_awaits_before_reconnect">
		<failure message="FAILED: Line count on tedge_mapper_journal.out for &quot;tedge_mapper::core::mapper: MQTT connection error:&quot; expected &gt;=2 but got 0" type="FAILED" />
		<system-out>17:32:04 INFO  ==============================================================
17:32:04 INFO  Id:    mapper_awaits_before_reconnect
17:32:04 INFO  Dir:   tedge_mapper_c8y/
17:32:04 INFO  Title: Validate mapper doesn't reconnect too often
17:32:04 INFO  ==============================================================
17:32:04 INFO  Started mosquitto_sub with process id 3886
17:32:04 INFO  Waiting for 0.1 seconds
17:32:04 INFO  Executed sudo&lt;tedge_mapper&gt;, exit status 0
17:32:04 INFO  Waiting for 5.0 seconds
17:32:10 INFO  Executed sudo&lt;tedge_mapper&gt;, exit status 0
17:32:12 INFO  Executed sudo&lt;tedge_mapper_journal&gt;, exit status 0
17:32:12 WARN  Grep on tedge_mapper_journal.out contains "ERROR" ... failed [run.py:67]
17:32:12 INFO  Line count on file tedge_mapper_journal.out ... passed
17:32:12 WARN  Line count on tedge_mapper_journal.out for "tedge_mapper::core::mapper: MQTT connection error:" expected &gt;=2 but got 0 ... failed [run.py:78]
17:32:12 WARN  Aborted test due to FAILED outcome
17:32:12 INFO  
17:32:12 INFO  Test duration: 8.53 secs
17:32:12 INFO  Test final outcome:  FAILED
17:32:12 INFO  Test outcome reason: Line count on tedge_mapper_journal.out for "tedge_mapper::core::mapper: MQTT connection error:" expected &gt;=2 but got 0
17:32:12 INFO  
</system-out>
	</testcase>
</testsuite><testsuite name="monitoring_smaller_interval" tests="1" errors="0" failures="1" skipped="0" time="0"><testcase classname="MonitoringSmallInterval" name="monitoring_smaller_interval">
		<failure message="BLOCKED: TypeError: 'int' object is not subscriptable" type="BLOCKED" />
		<system-out>17:19:02 INFO  ==============================================================
17:19:02 INFO  Id:    monitoring_smaller_interval
17:19:02 INFO  Dir:   monitoring/
17:19:02 INFO  Title: Validate the tedge dm agent messages that are produced with smaller sampling interval than the batching window. Here the simulated collectd messages are used
17:19:02 INFO  ==============================================================
17:19:03 INFO  Executed sudo&lt;collectd&gt;, exit status 0
17:19:03 INFO  Executed sudo&lt;collectd_mapper&gt;, exit status 0
17:19:03 INFO  Started sudo&lt;tedge_sub&gt; with process id 32433
17:19:04 INFO  Executed sudo&lt;tedge_temp&gt;, exit status 0
17:19:04 INFO  Executed sudo&lt;tedge_pres&gt;, exit status 0
17:19:05 INFO  Executed sudo&lt;tedge_temp&gt;, exit status 0
17:19:06 INFO  Executed sudo&lt;tedge_pres&gt;, exit status 0
17:19:06 INFO  Executed sudo&lt;tedge_temp&gt;, exit status 0
17:19:07 INFO  Executed sudo&lt;tedge_pres&gt;, exit status 0
17:19:07 INFO  Executed sudo&lt;tedge_temp&gt;, exit status 0
17:19:08 INFO  Executed sudo&lt;tedge_pres&gt;, exit status 0
17:19:09 INFO  Executed sudo&lt;tedge_temp&gt;, exit status 0
17:19:09 INFO  Executed sudo&lt;tedge_pres&gt;, exit status 0
17:19:10 INFO  Executed sudo&lt;tedge_temp&gt;, exit status 0
17:19:10 INFO  Executed sudo&lt;tedge_pres&gt;, exit status 0
17:19:11 INFO  Executed sudo&lt;tedge_temp&gt;, exit status 0
17:19:11 INFO  Executed sudo&lt;tedge_pres&gt;, exit status 0
17:19:12 INFO  Executed sudo&lt;tedge_temp&gt;, exit status 0
17:19:12 INFO  Executed sudo&lt;tedge_pres&gt;, exit status 0
17:19:13 INFO  Executed sudo&lt;tedge_temp&gt;, exit status 0
17:19:14 INFO  Executed sudo&lt;tedge_pres&gt;, exit status 0
17:19:14 INFO  Executed sudo&lt;tedge_temp&gt;, exit status 0
17:19:15 INFO  Executed sudo&lt;tedge_pres&gt;, exit status 0
17:19:16 INFO  Executed sudo&lt;kill_out&gt;, exit status 0
17:19:16 INFO  0

17:19:16 WARN  TypeError occurred while running test - 'int' object is not subscriptable
Traceback (most recent call last):
  File "/home/pi/env-pysys/lib/python3.7/site-packages/pysys/baserunner.py", line 1296, in __call__
    self.testObj.validate()
  File "/home/pi/actions-runner/_work/thin-edge.io/thin-edge.io/tests/PySys/monitoring/monitoring_smaller_interval/run.py", line 104, in validate
    collectd_msg_validation_result=self.validate_json(),
  File "/home/pi/actions-runner/_work/thin-edge.io/thin-edge.io/tests/PySys/monitoring/monitoring_smaller_interval/run.py", line 114, in validate_json
    if not self.validate_time():
  File "/home/pi/actions-runner/_work/thin-edge.io/thin-edge.io/tests/PySys/monitoring/monitoring_smaller_interval/run.py", line 134, in validate_time
    if self.js_msg["time"]:
TypeError: 'int' object is not subscriptable
17:19:16 WARN  TypeError: 'int' object is not subscriptable ... blocked 
17:19:16 INFO  
17:19:16 INFO  cleanup:
17:19:16 INFO  monitoring_cleanup
17:19:17 INFO  Executed sudo&lt;collectd_mapper&gt;, exit status 0
17:19:17 INFO  
17:19:17 INFO  Test duration: 14.63 secs
17:19:17 INFO  Test final outcome:  BLOCKED
17:19:17 INFO  Test outcome reason: TypeError: 'int' object is not subscriptable
17:19:17 INFO  
</system-out>
	</testcase>
</testsuite><testsuite name="monitoring_with_collectd" tests="1" errors="0" failures="0" skipped="1" time="0"><testcase classname="MonitoringWithCollectd" name="monitoring_with_collectd">
		<skipped message="SKIPPED: Test execution disabled due to #792 (instable)" />
		<system-out>17:19:17 INFO  ==============================================================
17:19:17 INFO  Id:    monitoring_with_collectd
17:19:17 INFO  Dir:   monitoring/
17:19:17 INFO  Title: Validate tedge dm agent messages that are produced by batching the collectd messages
17:19:17 INFO  ==============================================================
17:19:17 INFO  Test execution disabled due to #792 (instable) ... skipped
17:19:17 INFO  
17:19:17 INFO  Test duration: 0.02 secs
17:19:17 INFO  Test final outcome:  SKIPPED
17:19:17 INFO  Test outcome reason: Test execution disabled due to #792 (instable)
17:19:17 INFO  
</system-out>
	</testcase>
</testsuite><testsuite name="monitoring_with_simulated_messages" tests="1" errors="0" failures="1" skipped="0" time="0"><testcase classname="MonitoringWithSimulatedMessages" name="monitoring_with_simulated_messages">
		<failure message="BLOCKED: TypeError: 'int' object is not subscriptable" type="BLOCKED" />
		<system-out>17:19:17 INFO  ==============================================================
17:19:17 INFO  Id:    monitoring_with_simulated_messages
17:19:17 INFO  Dir:   monitoring/
17:19:17 INFO  Title: Validate the tedge dm agent messages that are produced from the simulated collectd messages
17:19:17 INFO  ==============================================================
17:19:18 INFO  Executed sudo&lt;collectd&gt;, exit status 0
17:19:18 INFO  Executed sudo&lt;collectd_mapper&gt;, exit status 0
17:19:18 INFO  Started sudo&lt;tedge_sub&gt; with process id 32493
17:19:19 INFO  Executed sudo&lt;tedge_temp&gt;, exit status 0
17:19:19 INFO  Executed sudo&lt;tedge_pres&gt;, exit status 0
17:19:21 INFO  Executed sudo&lt;kill_out&gt;, exit status 0
17:19:21 INFO  0

17:19:21 WARN  TypeError occurred while running test - 'int' object is not subscriptable
Traceback (most recent call last):
  File "/home/pi/env-pysys/lib/python3.7/site-packages/pysys/baserunner.py", line 1296, in __call__
    self.testObj.validate()
  File "/home/pi/actions-runner/_work/thin-edge.io/thin-edge.io/tests/PySys/monitoring/monitoring_with_simulated_messages/run.py", line 98, in validate
    collectd_msg_validation_result=self.validate_json(),
  File "/home/pi/actions-runner/_work/thin-edge.io/thin-edge.io/tests/PySys/monitoring/monitoring_with_simulated_messages/run.py", line 108, in validate_json
    if not self.validate_time():
  File "/home/pi/actions-runner/_work/thin-edge.io/thin-edge.io/tests/PySys/monitoring/monitoring_with_simulated_messages/run.py", line 127, in validate_time
    if self.js_msg["time"]:
TypeError: 'int' object is not subscriptable
17:19:21 WARN  TypeError: 'int' object is not subscriptable ... blocked 
17:19:21 INFO  
17:19:21 INFO  cleanup:
17:19:21 INFO  monitoring_cleanup
17:19:21 INFO  Executed sudo&lt;collectd_mapper&gt;, exit status 0
17:19:21 INFO  
17:19:21 INFO  Test duration: 4.39 secs
17:19:21 INFO  Test final outcome:  BLOCKED
17:19:21 INFO  Test outcome reason: TypeError: 'int' object is not subscriptable
17:19:21 INFO  
</system-out>
	</testcase>
</testsuite><testsuite name="mqtt_port_change_connection_fails" tests="1" errors="0" failures="0" skipped="0" time="0"><testcase classname="MqttPortChangeConnectionFails" name="mqtt_port_change_connection_fails" />
</testsuite><testsuite name="mqtt_port_change_connection_works" tests="1" errors="0" failures="0" skipped="1" time="0"><testcase classname="MqttPortChangeConnectionWorks" name="mqtt_port_change_connection_works">
		<skipped message="SKIPPED: failing intermitently" />
		<system-out>17:18:35 INFO  ==============================================================
17:18:35 INFO  Id:    mqtt_port_change_connection_works
17:18:35 INFO  Dir:   misc_features/
17:18:35 INFO  Title: mqtt port change connection works for all the thin-edge services that use the mosquitto broker
17:18:35 INFO  ==============================================================
17:18:35 INFO  failing intermitently ... skipped
17:18:35 INFO  
17:18:35 INFO  Test duration: 0.02 secs
17:18:35 INFO  Test final outcome:  SKIPPED
17:18:35 INFO  Test outcome reason: failing intermitently
17:18:35 INFO  
</system-out>
	</testcase>
</testsuite><testsuite name="publish_flux" tests="1" errors="0" failures="0" skipped="0" time="0"><testcase classname="PublishFlux" name="publish_flux" />
</testsuite><testsuite name="publish_sawmill" tests="1" errors="0" failures="0" skipped="0" time="0"><testcase classname="PublishSawmill" name="publish_sawmill" />
</testsuite><testsuite name="runtime_start_two_mappers" tests="1" errors="0" failures="0" skipped="0" time="0"><testcase classname="RuntimeMultiMappers" name="runtime_start_two_mappers" />
</testsuite><testsuite name="sm_tedge_mapper_init_session" tests="1" errors="0" failures="0" skipped="0" time="0"><testcase classname="TedgeSMMapperInitSession" name="sm_tedge_mapper_init_session" />
</testsuite><testsuite name="smoketest_json" tests="1" errors="0" failures="0" skipped="0" time="0"><testcase classname="SmokeTestJson" name="smoketest_json" />
</testsuite><testsuite name="smoketest_json_400_samples_10ms" tests="1" errors="0" failures="0" skipped="0" time="0"><testcase classname="SmoketestJson400Samples10ms" name="smoketest_json_400_samples_10ms" />
</testsuite><testsuite name="smoketest_json_400_samples_20ms" tests="1" errors="0" failures="0" skipped="0" time="0"><testcase classname="SmoketestJson400Samples20ms" name="smoketest_json_400_samples_20ms" />
</testsuite><testsuite name="smoketest_smartrest" tests="1" errors="0" failures="0" skipped="0" time="0"><testcase classname="SmoketestSmartRest" name="smoketest_smartrest" />
</testsuite><testsuite name="smoketest_smartrest_400_samples_1Xms" tests="1" errors="0" failures="0" skipped="0" time="0"><testcase classname="SmoketestSmartRest400Samples1Xms" name="smoketest_smartrest_400_samples_1Xms" />
</testsuite><testsuite name="smoketest_smartrest_400_samples_20ms" tests="1" errors="0" failures="0" skipped="0" time="0"><testcase classname="SmoketestSmartRest400Samples20ms" name="smoketest_smartrest_400_samples_20ms" />
</testsuite><testsuite name="tedge_agent_user_sudo_access" tests="1" errors="0" failures="0" skipped="1" time="0"><testcase classname="TedgeAgentUserSudoAccess" name="tedge_agent_user_sudo_access">
		<skipped message="SKIPPED: #955 Observation: Exit code of the apt plugin when called with no arguments" />
		<system-out>17:29:27 INFO  ==============================================================
17:29:27 INFO  Id:    tedge_agent_user_sudo_access
17:29:27 INFO  Dir:   tedge/
17:29:27 INFO  Title: Validate tedge-agent user has a limited sudo right
17:29:27 INFO  ==============================================================
17:29:27 INFO  #955 Observation: Exit code of the apt plugin when called with no arguments ... skipped
17:29:27 INFO  
17:29:27 INFO  Test duration: 0.02 secs
17:29:27 INFO  Test final outcome:  SKIPPED
17:29:27 INFO  Test outcome reason: #955 Observation: Exit code of the apt plugin when called with no arguments
17:29:27 INFO  
</system-out>
	</testcase>
</testsuite><testsuite name="tedge_connect_test_negative" tests="1" errors="0" failures="0" skipped="0" time="0"><testcase classname="TedgeConnectTestNegative" name="tedge_connect_test_negative" />
</testsuite><testsuite name="tedge_connect_test_positive" tests="1" errors="0" failures="0" skipped="0" time="0"><testcase classname="TedgeConnectTestPositive" name="tedge_connect_test_positive" />
</testsuite><testsuite name="tedge_connect_test_sm_services" tests="1" errors="0" failures="0" skipped="0" time="0"><testcase classname="TedgeConnectTestSMServices" name="tedge_connect_test_sm_services" />
</testsuite><testsuite name="tedge_disconnect_test_sm_services" tests="1" errors="0" failures="0" skipped="0" time="0"><testcase classname="TedgeDisConnectTestSMServices" name="tedge_disconnect_test_sm_services" />
</testsuite><testsuite name="tedge_mapper_az_negative" tests="1" errors="0" failures="0" skipped="0" time="0"><testcase classname="TedgeMapperAzError" name="tedge_mapper_az_negative" />
</testsuite><testsuite name="tedge_mapper_az_with_timestamp" tests="1" errors="0" failures="0" skipped="0" time="0"><testcase classname="TedgeMapperAzWithTimestamp" name="tedge_mapper_az_with_timestamp" />
</testsuite><testsuite name="tedge_mapper_az_without_timestamp" tests="1" errors="0" failures="0" skipped="0" time="0"><testcase classname="TedgeMapperAzWithoutTimestamp" name="tedge_mapper_az_without_timestamp" />
</testsuite><testsuite name="tedge_mapper_c8y_alarms" tests="1" errors="0" failures="0" skipped="0" time="0"><testcase classname="TedgeMapperC8yAlarm" name="tedge_mapper_c8y_alarms" />
</testsuite><testsuite name="tedge_mapper_c8y_child_device_measurement" tests="1" errors="0" failures="0" skipped="0" time="0"><testcase classname="TedgeMapperC8yChildDevice" name="tedge_mapper_c8y_child_device_measurement" />
</testsuite><testsuite name="tedge_mapper_c8y_packet_threshold_size" tests="1" errors="0" failures="1" skipped="0" time="0"><testcase classname="TedgeMapperC8yThresholdPacketSize" name="tedge_mapper_c8y_packet_threshold_size">
		<failure message="FAILED: Grep on tedge_sub.out contains &quot;The size of the message received on tedge/measurements is 20489 which is greater than the threshold size of 16184.&quot;" type="FAILED" />
		<system-out>17:33:50 INFO  ==============================================================
17:33:50 INFO  Id:    tedge_mapper_c8y_packet_threshold_size
17:33:50 INFO  Dir:   tedge_mapper_c8y/
17:33:50 INFO  Title: Validate the Cumulocity Mapper accepted threshold packet size when it receives a message on tedge/measurements
17:33:50 INFO  ==============================================================
17:33:51 INFO  Executed sudo&lt;tedge_mapper_c8y&gt;, exit status 0
17:33:51 INFO  Started sudo&lt;tedge_sub&gt; with process id 4485
17:33:51 INFO  Executed sudo&lt;tedge_msg&gt;, exit status 0
17:33:52 INFO  Executed sudo&lt;tedge_pub&gt;, exit status 0
17:33:52 INFO  Executed sudo&lt;kill_out&gt;, exit status 0
17:33:52 WARN  Grep on tedge_sub.out contains "The size of the message received on tedge/measurements is 20489 which is greater than the threshold size of 16184." ... failed [run.py:88]
17:33:52 INFO  
17:33:52 INFO  cleanup:
17:33:52 INFO  mapper_cleanup
17:33:53 INFO  Executed sudo&lt;tedge_mapper_c8y&gt;, exit status 0
17:33:53 INFO  
17:33:53 INFO  Test duration: 3.02 secs
17:33:53 INFO  Test final outcome:  FAILED
17:33:53 INFO  Test outcome reason: Grep on tedge_sub.out contains "The size of the message received on tedge/measurements is 20489 which is greater than the threshold size of 16184."
17:33:53 INFO  
</system-out>
	</testcase>
</testsuite><testsuite name="tedge_software_update" tests="1" errors="0" failures="0" skipped="0" time="0"><testcase classname="PySysTest" name="tedge_software_update" />
</testsuite><testsuite name="valid_device_id" tests="1" errors="0" failures="0" skipped="0" time="0"><testcase classname="ValidateValidDeviceId" name="valid_device_id" />
</testsuite></testsuites>