<?xml version='1.0' encoding='utf-8'?>
<testsuites tests="139" failures="18" errors="0" skipped="45" time="0.0"><testsuite name="SoftwareManagement.Plugin.apama_plugin_install" tests="3" errors="0" failures="0" skipped="1" time="0"><testcase classname="ApamaPluginInstallTest" name="SoftwareManagement.Plugin.apama_plugin_install">
		<skipped message="SKIPPED: Apama plugin tests are disabled by default. Execute `pysys run` with `-XmyPlatform=container` to run these tests" />
		<system-out>11:30:40 INFO  ==============================================================
11:30:40 INFO  Id:    SoftwareManagement.Plugin.apama_plugin_install
11:30:40 INFO  Dir:   plugin_apama/
11:30:40 INFO  Title: Validate apama plugin install
11:30:40 INFO  ==============================================================
11:30:40 INFO  Apama plugin tests are disabled by default. Execute `pysys run` with `-XmyPlatform=container` to run these tests ... skipped
11:30:40 WARN  Aborted test due to SKIPPED outcome
11:30:40 INFO  
11:30:40 INFO  Test duration: 0.06 secs
11:30:40 INFO  Test final outcome:  SKIPPED
11:30:40 INFO  Test outcome reason: Apama plugin tests are disabled by default. Execute `pysys run` with `-XmyPlatform=container` to run these tests
11:30:40 INFO  
</system-out>
	</testcase>
<testcase classname="ApamaPluginInstallTest" name="SoftwareManagement.Plugin.apama_plugin_install" />
<testcase classname="ApamaPluginInstallTest" name="SoftwareManagement.Plugin.apama_plugin_install" />
</testsuite><testsuite name="SoftwareManagement.Plugin.apama_plugin_mon_support" tests="3" errors="0" failures="0" skipped="1" time="0"><testcase classname="ApamaPluginMonSupportTest" name="SoftwareManagement.Plugin.apama_plugin_mon_support">
		<skipped message="SKIPPED: Apama plugin tests are disabled by default. Execute `pysys run` with `-XmyPlatform=container` to run these tests" />
		<system-out>11:30:40 INFO  ==============================================================
11:30:40 INFO  Id:    SoftwareManagement.Plugin.apama_plugin_mon_support
11:30:40 INFO  Dir:   plugin_apama/
11:30:40 INFO  Title: Validate mon file support of apama plugin
11:30:40 INFO  ==============================================================
11:30:40 INFO  Apama plugin tests are disabled by default. Execute `pysys run` with `-XmyPlatform=container` to run these tests ... skipped
11:30:40 WARN  Aborted test due to SKIPPED outcome
11:30:40 INFO  
11:30:40 INFO  Test duration: 0.02 secs
11:30:40 INFO  Test final outcome:  SKIPPED
11:30:40 INFO  Test outcome reason: Apama plugin tests are disabled by default. Execute `pysys run` with `-XmyPlatform=container` to run these tests
11:30:40 INFO  
</system-out>
	</testcase>
<testcase classname="ApamaPluginMonSupportTest" name="SoftwareManagement.Plugin.apama_plugin_mon_support" />
<testcase classname="ApamaPluginMonSupportTest" name="SoftwareManagement.Plugin.apama_plugin_mon_support" />
</testsuite><testsuite name="SoftwareManagement.Plugin.apama_plugin_remove" tests="3" errors="0" failures="0" skipped="1" time="0"><testcase classname="ApamaPluginRemoveTest" name="SoftwareManagement.Plugin.apama_plugin_remove">
		<skipped message="SKIPPED: Apama plugin tests are disabled by default. Execute `pysys run` with `-XmyPlatform=container` to run these tests" />
		<system-out>11:30:40 INFO  ==============================================================
11:30:40 INFO  Id:    SoftwareManagement.Plugin.apama_plugin_remove
11:30:40 INFO  Dir:   plugin_apama/
11:30:40 INFO  Title: Validate apama plugin remove
11:30:40 INFO  ==============================================================
11:30:40 INFO  Apama plugin tests are disabled by default. Execute `pysys run` with `-XmyPlatform=container` to run these tests ... skipped
11:30:40 WARN  Aborted test due to SKIPPED outcome
11:30:40 INFO  
11:30:40 INFO  Test duration: 0.02 secs
11:30:40 INFO  Test final outcome:  SKIPPED
11:30:40 INFO  Test outcome reason: Apama plugin tests are disabled by default. Execute `pysys run` with `-XmyPlatform=container` to run these tests
11:30:40 INFO  
</system-out>
	</testcase>
<testcase classname="ApamaPluginRemoveTest" name="SoftwareManagement.Plugin.apama_plugin_remove" />
<testcase classname="ApamaPluginRemoveTest" name="SoftwareManagement.Plugin.apama_plugin_remove" />
</testsuite><testsuite name="SoftwareManagement.Plugin.apama_plugin_update" tests="3" errors="0" failures="2" skipped="1" time="0"><testcase classname="ApamaPluginUpdateTest" name="SoftwareManagement.Plugin.apama_plugin_update">
		<skipped message="SKIPPED: Apama plugin tests are disabled by default. Execute `pysys run` with `-XmyPlatform=container` to run these tests" />
		<system-out>11:30:40 INFO  ==============================================================
11:30:40 INFO  Id:    SoftwareManagement.Plugin.apama_plugin_update
11:30:40 INFO  Dir:   plugin_apama/
11:30:40 INFO  Title: Validate apama plugin updating one project with another
11:30:40 INFO  ==============================================================
11:30:40 INFO  Apama plugin tests are disabled by default. Execute `pysys run` with `-XmyPlatform=container` to run these tests ... skipped
11:30:40 WARN  Aborted test due to SKIPPED outcome
11:30:40 INFO  
11:30:40 INFO  Test duration: 0.02 secs
11:30:40 INFO  Test final outcome:  SKIPPED
11:30:40 INFO  Test outcome reason: Apama plugin tests are disabled by default. Execute `pysys run` with `-XmyPlatform=container` to run these tests
11:30:40 INFO  
</system-out>
	</testcase>
<testcase classname="ApamaPluginUpdateTest" name="SoftwareManagement.Plugin.apama_plugin_update">
		<failure message="BLOCKED: sudo&lt;plugin_install&gt; returned non-zero exit code 2" type="BLOCKED" />
		<system-out>12:23:09 INFO  ==============================================================
12:23:09 INFO  Id:    SoftwareManagement.Plugin.apama_plugin_update
12:23:09 INFO  Dir:   plugin_apama/
12:23:09 INFO  Title: Validate apama plugin updating one project with another
12:23:09 INFO  ==============================================================
12:23:09 INFO  Assertion that path exists=False for "/etc/tedge/apama/project" ... passed
12:23:10 INFO  Executed sudo&lt;create_project_dir&gt;, exit status 0
12:23:10 INFO  Executed sudo&lt;unzip_apama_project&gt;, exit status 0
12:23:11 INFO  Executed sudo&lt;move_apama_project&gt;, exit status 0
12:23:12 INFO  Executed sudo&lt;restart_apama_service&gt;, exit status 0
12:23:13 INFO  Executed sudo&lt;apama_correlator_wait&gt;, exit status 0
12:23:13 INFO  Assertion that path exists=True for "/etc/tedge/apama/project" ... passed
12:23:13 INFO  Executed sudo&lt;apama_list_monitors&gt;, exit status 0
12:23:13 INFO  Grep on file /home/pi/actions-runner/_work/thin-edge.io/thin-edge.io/tests/PySys/plugin_apama/apama_plugin_update/Output/linux/apama_list_monitors.out ... passed
12:23:14 WARN  Executed sudo&lt;plugin_install&gt;, exit status 2
12:23:14 INFO  Contents of plugin_install.err: 
  ERROR: Directory not empty (os error 39)
  -----

12:23:14 WARN  sudo&lt;plugin_install&gt; returned non-zero exit code 2 ... blocked [run.py:35]
12:23:14 WARN  Aborted test due to BLOCKED outcome
12:23:14 INFO  
12:23:14 INFO  cleanup:
12:23:14 INFO  Removing apama project
12:23:30 INFO  Executed sudo&lt;stop_apama_service&gt;, exit status 0, duration 15 secs
12:23:30 INFO  Executed sudo&lt;remove_apama_project&gt;, exit status 0
12:23:31 INFO  Executed sudo&lt;remove_apama_tmp_dir&gt;, exit status 0
12:23:31 INFO  
12:23:31 INFO  Test duration: 21.20 secs
12:23:31 INFO  Test final outcome:  BLOCKED
12:23:31 INFO  Test outcome reason: sudo&lt;plugin_install&gt; returned non-zero exit code 2
12:23:31 INFO  
</system-out>
	</testcase>
<testcase classname="ApamaPluginUpdateTest" name="SoftwareManagement.Plugin.apama_plugin_update">
		<failure message="BLOCKED: sudo&lt;plugin_install&gt; returned non-zero exit code 2" type="BLOCKED" />
		<system-out>12:32:18 INFO  ==============================================================
12:32:18 INFO  Id:    SoftwareManagement.Plugin.apama_plugin_update
12:32:18 INFO  Dir:   plugin_apama/
12:32:18 INFO  Title: Validate apama plugin updating one project with another
12:32:18 INFO  ==============================================================
12:32:18 INFO  Assertion that path exists=False for "/etc/tedge/apama/project" ... passed
12:32:18 INFO  Executed sudo&lt;create_project_dir&gt;, exit status 0
12:32:19 INFO  Executed sudo&lt;unzip_apama_project&gt;, exit status 0
12:32:19 INFO  Executed sudo&lt;move_apama_project&gt;, exit status 0
12:32:20 INFO  Executed sudo&lt;restart_apama_service&gt;, exit status 0
12:32:21 INFO  Executed sudo&lt;apama_correlator_wait&gt;, exit status 0
12:32:21 INFO  Assertion that path exists=True for "/etc/tedge/apama/project" ... passed
12:32:22 INFO  Executed sudo&lt;apama_list_monitors&gt;, exit status 0
12:32:22 INFO  Grep on file /home/pi/actions-runner/_work/thin-edge.io/thin-edge.io/tests/PySys/plugin_apama/apama_plugin_update/Output/linux/apama_list_monitors.out ... passed
12:32:22 WARN  Executed sudo&lt;plugin_install&gt;, exit status 2
12:32:22 INFO  Contents of plugin_install.err: 
  ERROR: Directory not empty (os error 39)
  -----

12:32:22 WARN  sudo&lt;plugin_install&gt; returned non-zero exit code 2 ... blocked [run.py:35]
12:32:22 WARN  Aborted test due to BLOCKED outcome
12:32:22 INFO  
12:32:22 INFO  cleanup:
12:32:22 INFO  Removing apama project
12:32:38 INFO  Executed sudo&lt;stop_apama_service&gt;, exit status 0, duration 15 secs
12:32:38 INFO  Executed sudo&lt;remove_apama_project&gt;, exit status 0
12:32:39 INFO  Executed sudo&lt;remove_apama_tmp_dir&gt;, exit status 0
12:32:39 INFO  
12:32:39 INFO  Test duration: 21.36 secs
12:32:39 INFO  Test final outcome:  BLOCKED
12:32:39 INFO  Test outcome reason: sudo&lt;plugin_install&gt; returned non-zero exit code 2
12:32:39 INFO  
</system-out>
	</testcase>
</testsuite><testsuite name="SoftwareManagement.sm_apt_install_download_path" tests="3" errors="0" failures="2" skipped="1" time="0"><testcase classname="AptInstallWithDownloadPath" name="SoftwareManagement.sm_apt_install_download_path">
		<skipped message="SKIPPED: Testing the apt plugin is not supported on this platform.Use parameter -XmyPlatform='container' to enable it" />
		<system-out>11:40:21 INFO  ==============================================================
11:40:21 INFO  Id:    SoftwareManagement.sm_apt_install_download_path
11:40:21 INFO  Dir:   software_management_end_to_end/
11:40:21 INFO  Title: Install package to directory specified in tedge config set tmp.path
11:40:21 INFO  ==============================================================
11:40:21 INFO  Testing the apt plugin is not supported on this platform.Use parameter -XmyPlatform='container' to enable it ... skipped
11:40:21 WARN  Aborted test due to SKIPPED outcome
11:40:21 INFO  
11:40:21 INFO  Test duration: 0.08 secs
11:40:21 INFO  Test final outcome:  SKIPPED
11:40:21 INFO  Test outcome reason: Testing the apt plugin is not supported on this platform.Use parameter -XmyPlatform='container' to enable it
11:40:21 INFO  
</system-out>
	</testcase>
<testcase classname="AptInstallWithDownloadPath" name="SoftwareManagement.sm_apt_install_download_path">
		<failure message="BLOCKED: AssertionError:" type="BLOCKED" />
		<system-out>12:04:49 INFO  ==============================================================
12:04:49 INFO  Id:    SoftwareManagement.sm_apt_install_download_path
12:04:49 INFO  Dir:   software_management_end_to_end/
12:04:49 INFO  Title: Install package to directory specified in tedge config set tmp.path
12:04:49 INFO  ==============================================================
12:04:50 INFO  Using sw id database: {'asciijump': '5475369', 'robotfindskitten': '5474869', 'squirrel3': '5475279', 'rolldice': '5152439', 'moon-buggy': '5439204', 'apple': '5495053', 'banana': '5494888', 'cherry': '5495382', 'watermelon': '5494510', 'registry': '8018911', 'hello-world': '8021526', 'docker/getting-started': '8021973', 'alpine': '7991792'}
12:04:50 INFO  EnvironmentC8y Setup
12:04:50 INFO  Executed systemctl&lt;serv_mapper1&gt;, exit status 3
12:05:05 INFO  Executed sudo&lt;tedge_connect_c8y&gt;, exit status 0, duration 14 secs
12:05:07 INFO  Executed sudo&lt;tedge_connect_c8y_test&gt;, exit status 0
12:05:08 INFO  Executed systemctl&lt;serv_mosq2&gt;, exit status 0
12:05:08 INFO  Executed systemctl&lt;serv_mapper3&gt;, exit status 0
12:05:11 ERROR No operations found, assuming it passed
12:05:11 INFO  Assert that (False == value) with value=False ... passed
12:05:11 INFO  Executed sudo, exit status 0
12:05:12 INFO  Executed sudo, exit status 0
12:05:12 INFO  Executed sudo, exit status 0
12:05:16 INFO  Executed sudo&lt;tedge_disconnect_c8y&gt;, exit status 0
12:05:17 INFO  Restarting mosquitto too frequently in the last 10 seconds. It was only up for 3 seconds
12:05:17 INFO  Delaying execution by 8 seconds
12:05:38 INFO  Executed sudo&lt;tedge_connect_c8y&gt;, exit status 0, duration 13 secs
12:05:39 INFO  Response status: 201
12:05:39 INFO  Response to action: {
    "creationTime": "2022-07-16T12:05:39.196Z",
    "deviceName": "m32sd10d",
    "deviceId": "20924405",
    "self": "https://t493319102.eu-latest.cumulocity.com/devicecontrol/operations/20954006",
    "id": "20954006",
    "status": "PENDING",
    "description": "Apply software changes, triggered from PySys: [{'name': 'rolldice', 'id': '5152439', 'version': '::apt', 'url': 'https://thin-edge-io.eu-latest.cumulocity.com/inventory/binaries/12435463', 'action': 'install'}]",
    "c8y_SoftwareUpdate": [
        {
            "name": "rolldice",
            "action": "install",
            "id": "5152439",
            "version": "::apt",
            "url": "https://thin-edge-io.eu-latest.cumulocity.com/inventory/binaries/12435463"
        }
    ]
}
12:05:39 INFO  Started operation: {'creationTime': '2022-07-16T12:05:39.196Z', 'deviceName': 'm32sd10d', 'deviceId': '20924405', 'self': 'https://t493319102.eu-latest.cumulocity.com/devicecontrol/operations/20954006', 'id': '20954006', 'status': 'PENDING', 'description': "Apply software changes, triggered from PySys: [{'name': 'rolldice', 'id': '5152439', 'version': '::apt', 'url': 'https://thin-edge-io.eu-latest.cumulocity.com/inventory/binaries/12435463', 'action': 'install'}]", 'c8y_SoftwareUpdate': [{'name': 'rolldice', 'action': 'install', 'id': '5152439', 'version': '::apt', 'url': 'https://thin-edge-io.eu-latest.cumulocity.com/inventory/binaries/12435463'}]}
12:05:39 WARN  , retrying in 0.5 seconds...
12:05:39 WARN  , retrying in 0.5 seconds...
12:05:40 WARN  , retrying in 0.5 seconds...
12:05:40 WARN  , retrying in 0.5 seconds...
12:05:41 WARN  , retrying in 0.5 seconds...
12:05:41 WARN  , retrying in 0.5 seconds...
12:05:42 WARN  , retrying in 0.5 seconds...
12:05:42 WARN  , retrying in 0.5 seconds...
12:05:43 WARN  , retrying in 0.5 seconds...
12:05:43 WARN  AssertionError occurred while running test - 
Traceback (most recent call last):
  File "/home/pi/env-pysys/lib/python3.7/site-packages/pysys/baserunner.py", line 1294, in __call__
    self.testObj.execute()
  File "/home/pi/actions-runner/_work/thin-edge.io/thin-edge.io/tests/PySys/software_management_end_to_end/sm_apt_install_download_path/run.py", line 83, in execute
    assert_install_in_download_path(install_directory=self.DOWNLOAD_DIR)
  File "/home/pi/env-pysys/lib/python3.7/site-packages/decorator.py", line 232, in fun
    return caller(func, *(extras + args), **kw)
  File "/home/pi/env-pysys/lib/python3.7/site-packages/retry/api.py", line 74, in retry_decorator
    logger)
  File "/home/pi/env-pysys/lib/python3.7/site-packages/retry/api.py", line 33, in __retry_internal
    return f()
  File "/home/pi/actions-runner/_work/thin-edge.io/thin-edge.io/tests/PySys/software_management_end_to_end/sm_apt_install_download_path/run.py", line 28, in assert_install_in_download_path
    assert "rolldice" in os.listdir(f"{install_directory}")
AssertionError
12:05:44 WARN  AssertionError: ... blocked 
12:05:44 INFO  
12:05:44 INFO  cleanup:
12:05:45 INFO  Executed sudo, exit status 0
12:05:45 INFO  Executed sudo, exit status 0
12:05:49 INFO  Executed sudo&lt;tedge_disconnect_c8y&gt;, exit status 0
12:05:49 INFO  Restarting mosquitto too frequently in the last 10 seconds. It was only up for 3 seconds
12:05:49 INFO  Delaying execution by 8 seconds
12:06:12 INFO  Executed sudo&lt;tedge_connect_c8y&gt;, exit status 0, duration 14 secs
12:06:16 INFO  Executed sudo&lt;tedge_disconnect_c8y&gt;, exit status 0
12:06:17 INFO  Executed systemctl&lt;serv_mapper5&gt;, exit status 3
12:06:17 INFO  
12:06:17 INFO  Test duration: 87.72 secs
12:06:17 INFO  Test final outcome:  BLOCKED
12:06:17 INFO  Test outcome reason: AssertionError:
12:06:17 INFO  
</system-out>
	</testcase>
<testcase classname="AptInstallWithDownloadPath" name="SoftwareManagement.sm_apt_install_download_path">
		<failure message="BLOCKED: AssertionError:" type="BLOCKED" />
		<system-out>12:32:39 INFO  ==============================================================
12:32:39 INFO  Id:    SoftwareManagement.sm_apt_install_download_path
12:32:39 INFO  Dir:   software_management_end_to_end/
12:32:39 INFO  Title: Install package to directory specified in tedge config set tmp.path
12:32:39 INFO  ==============================================================
12:32:40 INFO  Using sw id database: {'asciijump': '5475369', 'robotfindskitten': '5474869', 'squirrel3': '5475279', 'rolldice': '5152439', 'moon-buggy': '5439204', 'apple': '5495053', 'banana': '5494888', 'cherry': '5495382', 'watermelon': '5494510', 'registry': '8018911', 'hello-world': '8021526', 'docker/getting-started': '8021973', 'alpine': '7991792'}
12:32:40 INFO  EnvironmentC8y Setup
12:32:41 INFO  Executed systemctl&lt;serv_mapper1&gt;, exit status 3
12:32:55 INFO  Executed sudo&lt;tedge_connect_c8y&gt;, exit status 0, duration 14 secs
12:32:56 INFO  Executed sudo&lt;tedge_connect_c8y_test&gt;, exit status 0
12:32:56 INFO  Executed systemctl&lt;serv_mosq2&gt;, exit status 0
12:32:57 INFO  Executed systemctl&lt;serv_mapper3&gt;, exit status 0
12:32:59 INFO  State of current operation: SUCCESSFUL
12:32:59 INFO  Assert that (False == value) with value=False ... passed
12:33:00 INFO  Executed sudo, exit status 0
12:33:00 INFO  Executed sudo, exit status 0
12:33:01 INFO  Executed sudo, exit status 0
12:33:05 INFO  Executed sudo&lt;tedge_disconnect_c8y&gt;, exit status 0
12:33:05 INFO  Restarting mosquitto too frequently in the last 10 seconds. It was only up for 3 seconds
12:33:05 INFO  Delaying execution by 8 seconds
12:33:27 INFO  Executed sudo&lt;tedge_connect_c8y&gt;, exit status 0, duration 13 secs
12:33:27 INFO  Response status: 201
12:33:27 INFO  Response to action: {
    "creationTime": "2022-07-16T12:33:27.692Z",
    "deviceName": "m32sd10d",
    "deviceId": "20924405",
    "self": "https://t493319102.eu-latest.cumulocity.com/devicecontrol/operations/20961178",
    "id": "20961178",
    "status": "PENDING",
    "description": "Apply software changes, triggered from PySys: [{'name': 'rolldice', 'id': '5152439', 'version': '::apt', 'url': 'https://thin-edge-io.eu-latest.cumulocity.com/inventory/binaries/12435463', 'action': 'install'}]",
    "c8y_SoftwareUpdate": [
        {
            "name": "rolldice",
            "action": "install",
            "id": "5152439",
            "version": "::apt",
            "url": "https://thin-edge-io.eu-latest.cumulocity.com/inventory/binaries/12435463"
        }
    ]
}
12:33:27 INFO  Started operation: {'creationTime': '2022-07-16T12:33:27.692Z', 'deviceName': 'm32sd10d', 'deviceId': '20924405', 'self': 'https://t493319102.eu-latest.cumulocity.com/devicecontrol/operations/20961178', 'id': '20961178', 'status': 'PENDING', 'description': "Apply software changes, triggered from PySys: [{'name': 'rolldice', 'id': '5152439', 'version': '::apt', 'url': 'https://thin-edge-io.eu-latest.cumulocity.com/inventory/binaries/12435463', 'action': 'install'}]", 'c8y_SoftwareUpdate': [{'name': 'rolldice', 'action': 'install', 'id': '5152439', 'version': '::apt', 'url': 'https://thin-edge-io.eu-latest.cumulocity.com/inventory/binaries/12435463'}]}
12:33:27 WARN  , retrying in 0.5 seconds...
12:33:28 WARN  , retrying in 0.5 seconds...
12:33:28 WARN  , retrying in 0.5 seconds...
12:33:29 WARN  , retrying in 0.5 seconds...
12:33:29 WARN  , retrying in 0.5 seconds...
12:33:30 WARN  , retrying in 0.5 seconds...
12:33:30 WARN  , retrying in 0.5 seconds...
12:33:31 WARN  , retrying in 0.5 seconds...
12:33:31 WARN  , retrying in 0.5 seconds...
12:33:32 WARN  AssertionError occurred while running test - 
Traceback (most recent call last):
  File "/home/pi/env-pysys/lib/python3.7/site-packages/pysys/baserunner.py", line 1294, in __call__
    self.testObj.execute()
  File "/home/pi/actions-runner/_work/thin-edge.io/thin-edge.io/tests/PySys/software_management_end_to_end/sm_apt_install_download_path/run.py", line 83, in execute
    assert_install_in_download_path(install_directory=self.DOWNLOAD_DIR)
  File "/home/pi/env-pysys/lib/python3.7/site-packages/decorator.py", line 232, in fun
    return caller(func, *(extras + args), **kw)
  File "/home/pi/env-pysys/lib/python3.7/site-packages/retry/api.py", line 74, in retry_decorator
    logger)
  File "/home/pi/env-pysys/lib/python3.7/site-packages/retry/api.py", line 33, in __retry_internal
    return f()
  File "/home/pi/actions-runner/_work/thin-edge.io/thin-edge.io/tests/PySys/software_management_end_to_end/sm_apt_install_download_path/run.py", line 28, in assert_install_in_download_path
    assert "rolldice" in os.listdir(f"{install_directory}")
AssertionError
12:33:32 WARN  AssertionError: ... blocked 
12:33:32 INFO  
12:33:32 INFO  cleanup:
12:33:32 INFO  Executed sudo, exit status 0
12:33:33 INFO  Executed sudo, exit status 0
12:33:38 INFO  Executed sudo&lt;tedge_disconnect_c8y&gt;, exit status 0
12:33:38 INFO  Restarting mosquitto too frequently in the last 10 seconds. It was only up for 4 seconds
12:33:38 INFO  Delaying execution by 7 seconds
12:33:59 INFO  Executed sudo&lt;tedge_connect_c8y&gt;, exit status 0, duration 13 secs
12:34:03 INFO  Executed sudo&lt;tedge_disconnect_c8y&gt;, exit status 0
12:34:03 INFO  Executed systemctl&lt;serv_mapper5&gt;, exit status 3
12:34:03 INFO  
12:34:03 INFO  Test duration: 84.55 secs
12:34:03 INFO  Test final outcome:  BLOCKED
12:34:03 INFO  Test outcome reason: AssertionError:
12:34:03 INFO  
</system-out>
	</testcase>
</testsuite><testsuite name="SoftwareManagement.sm_apt_install_fail" tests="3" errors="0" failures="0" skipped="1" time="0"><testcase classname="PySysTest" name="SoftwareManagement.sm_apt_install_fail">
		<skipped message="SKIPPED: Testing the apt plugin is not supported on this platform.Use parameter -XmyPlatform='container' to enable it" />
		<system-out>11:40:21 INFO  ==============================================================
11:40:21 INFO  Id:    SoftwareManagement.sm_apt_install_fail
11:40:21 INFO  Dir:   software_management_end_to_end/
11:40:21 INFO  Title: Validate end to end behaviour for a failing installation
11:40:21 INFO  ==============================================================
11:40:21 INFO  Testing the apt plugin is not supported on this platform.Use parameter -XmyPlatform='container' to enable it ... skipped
11:40:21 WARN  Aborted test due to SKIPPED outcome
11:40:21 INFO  
11:40:21 INFO  Test duration: 0.02 secs
11:40:21 INFO  Test final outcome:  SKIPPED
11:40:21 INFO  Test outcome reason: Testing the apt plugin is not supported on this platform.Use parameter -XmyPlatform='container' to enable it
11:40:21 INFO  
</system-out>
	</testcase>
<testcase classname="PySysTest" name="SoftwareManagement.sm_apt_install_fail" />
<testcase classname="PySysTest" name="SoftwareManagement.sm_apt_install_fail" />
</testsuite><testsuite name="SoftwareManagement.sm_apt_install_remove" tests="3" errors="0" failures="0" skipped="1" time="0"><testcase classname="PySysTest" name="SoftwareManagement.sm_apt_install_remove">
		<skipped message="SKIPPED: Testing the apt plugin is not supported on this platform.Use parameter -XmyPlatform='container' to enable it" />
		<system-out>11:40:22 INFO  ==============================================================
11:40:22 INFO  Id:    SoftwareManagement.sm_apt_install_remove
11:40:22 INFO  Dir:   software_management_end_to_end/
11:40:22 INFO  Title: Validate end to end behaviour for the apt plugin for installation and removal of packages
11:40:22 INFO  ==============================================================
11:40:22 INFO  Testing the apt plugin is not supported on this platform.Use parameter -XmyPlatform='container' to enable it ... skipped
11:40:22 WARN  Aborted test due to SKIPPED outcome
11:40:22 INFO  
11:40:22 INFO  Test duration: 0.02 secs
11:40:22 INFO  Test final outcome:  SKIPPED
11:40:22 INFO  Test outcome reason: Testing the apt plugin is not supported on this platform.Use parameter -XmyPlatform='container' to enable it
11:40:22 INFO  
</system-out>
	</testcase>
<testcase classname="PySysTest" name="SoftwareManagement.sm_apt_install_remove" />
<testcase classname="PySysTest" name="SoftwareManagement.sm_apt_install_remove" />
</testsuite><testsuite name="SoftwareManagement.sm_apt_install_remove_default" tests="3" errors="0" failures="0" skipped="1" time="0"><testcase classname="PySysTest" name="SoftwareManagement.sm_apt_install_remove_default">
		<skipped message="SKIPPED: Testing the apt plugin is not supported on this platform.Use parameter -XmyPlatform='container' to enable it" />
		<system-out>11:40:22 INFO  ==============================================================
11:40:22 INFO  Id:    SoftwareManagement.sm_apt_install_remove_default
11:40:22 INFO  Dir:   software_management_end_to_end/
11:40:22 INFO  Title: Validate end to end behaviour for the default plugin for installation and removal of packages
11:40:22 INFO  ==============================================================
11:40:22 INFO  Testing the apt plugin is not supported on this platform.Use parameter -XmyPlatform='container' to enable it ... skipped
11:40:22 WARN  Aborted test due to SKIPPED outcome
11:40:22 INFO  
11:40:22 INFO  Test duration: 0.02 secs
11:40:22 INFO  Test final outcome:  SKIPPED
11:40:22 INFO  Test outcome reason: Testing the apt plugin is not supported on this platform.Use parameter -XmyPlatform='container' to enable it
11:40:22 INFO  
</system-out>
	</testcase>
<testcase classname="PySysTest" name="SoftwareManagement.sm_apt_install_remove_default" />
<testcase classname="PySysTest" name="SoftwareManagement.sm_apt_install_remove_default" />
</testsuite><testsuite name="SoftwareManagement.sm_apt_install_remove_multiple" tests="3" errors="0" failures="2" skipped="1" time="0"><testcase classname="PySysTest" name="SoftwareManagement.sm_apt_install_remove_multiple">
		<skipped message="SKIPPED: Testing the apt plugin is not supported on this platform.Use parameter -XmyPlatform='container' to enable it" />
		<system-out>11:40:22 INFO  ==============================================================
11:40:22 INFO  Id:    SoftwareManagement.sm_apt_install_remove_multiple
11:40:22 INFO  Dir:   software_management_end_to_end/
11:40:22 INFO  Title: Validate end to end behaviour for the apt plugin for multiple packages
11:40:22 INFO  ==============================================================
11:40:22 INFO  Testing the apt plugin is not supported on this platform.Use parameter -XmyPlatform='container' to enable it ... skipped
11:40:22 WARN  Aborted test due to SKIPPED outcome
11:40:22 INFO  
11:40:22 INFO  Test duration: 0.02 secs
11:40:22 INFO  Test final outcome:  SKIPPED
11:40:22 INFO  Test outcome reason: Testing the apt plugin is not supported on this platform.Use parameter -XmyPlatform='container' to enable it
11:40:22 INFO  
</system-out>
	</testcase>
<testcase classname="PySysTest" name="SoftwareManagement.sm_apt_install_remove_multiple">
		<failure message="FAILED: Assert that (False == value) with value=True" type="FAILED" />
		<system-out>12:13:10 INFO  ==============================================================
12:13:10 INFO  Id:    SoftwareManagement.sm_apt_install_remove_multiple
12:13:10 INFO  Dir:   software_management_end_to_end/
12:13:10 INFO  Title: Validate end to end behaviour for the apt plugin for multiple packages
12:13:10 INFO  ==============================================================
12:13:10 INFO  Using sw id database: {'asciijump': '5475369', 'robotfindskitten': '5474869', 'squirrel3': '5475279', 'rolldice': '5152439', 'moon-buggy': '5439204', 'apple': '5495053', 'banana': '5494888', 'cherry': '5495382', 'watermelon': '5494510', 'registry': '8018911', 'hello-world': '8021526', 'docker/getting-started': '8021973', 'alpine': '7991792'}
12:13:10 INFO  EnvironmentC8y Setup
12:13:10 INFO  Executed systemctl&lt;serv_mapper1&gt;, exit status 3
12:13:10 INFO  Restarting mosquitto too frequently in the last 10 seconds. It was only up for 4 seconds
12:13:10 INFO  Delaying execution by 7 seconds
12:13:31 INFO  Executed sudo&lt;tedge_connect_c8y&gt;, exit status 0, duration 13 secs
12:13:32 INFO  Executed sudo&lt;tedge_connect_c8y_test&gt;, exit status 0
12:13:32 INFO  Executed systemctl&lt;serv_mosq2&gt;, exit status 0
12:13:33 INFO  Executed systemctl&lt;serv_mapper3&gt;, exit status 0
12:13:35 INFO  State of current operation: SUCCESSFUL
12:13:35 INFO  Assert that (False == value) with value=False ... passed
12:13:36 INFO  Assert that (False == value) with value=False ... passed
12:13:36 INFO  Assert that (False == value) with value=False ... passed
12:13:36 INFO  Package robotfindskitten is installed
12:13:36 WARN  Assert that (False == value) with value=True ... failed 
12:13:36 INFO  Response status: 201
12:13:36 INFO  Response to action: {
    "creationTime": "2022-07-16T12:13:36.779Z",
    "deviceName": "m32sd10d",
    "deviceId": "20924405",
    "self": "https://t493319102.eu-latest.cumulocity.com/devicecontrol/operations/20954062",
    "id": "20954062",
    "status": "PENDING",
    "description": "Apply software changes, triggered from PySys: [{'action': 'install', 'id': '5475369', 'name': 'asciijump', 'url': ' ', 'version': '::apt'}, {'action': 'install', 'id': '5474869', 'name': 'robotfindskitten', 'url': ' ', 'version': '::apt'}, {'action': 'install', 'id': '5475279', 'name': 'squirrel3', 'url': ' ', 'version': '::apt'}]",
    "c8y_SoftwareUpdate": [
        {
            "name": "asciijump",
            "action": "install",
            "id": "5475369",
            "version": "::apt",
            "url": " "
        },
        {
            "name": "robotfindskitten",
            "action": "install",
            "id": "5474869",
            "version": "::apt",
            "url": " "
        },
        {
            "name": "squirrel3",
            "action": "install",
            "id": "5475279",
            "version": "::apt",
            "url": " "
        }
    ]
}
12:13:36 INFO  Started operation: {'creationTime': '2022-07-16T12:13:36.779Z', 'deviceName': 'm32sd10d', 'deviceId': '20924405', 'self': 'https://t493319102.eu-latest.cumulocity.com/devicecontrol/operations/20954062', 'id': '20954062', 'status': 'PENDING', 'description': "Apply software changes, triggered from PySys: [{'action': 'install', 'id': '5475369', 'name': 'asciijump', 'url': ' ', 'version': '::apt'}, {'action': 'install', 'id': '5474869', 'name': 'robotfindskitten', 'url': ' ', 'version': '::apt'}, {'action': 'install', 'id': '5475279', 'name': 'squirrel3', 'url': ' ', 'version': '::apt'}]", 'c8y_SoftwareUpdate': [{'name': 'asciijump', 'action': 'install', 'id': '5475369', 'version': '::apt', 'url': ' '}, {'name': 'robotfindskitten', 'action': 'install', 'id': '5474869', 'version': '::apt', 'url': ' '}, {'name': 'squirrel3', 'action': 'install', 'id': '5475279', 'version': '::apt', 'url': ' '}]}
12:13:39 INFO  State of operation 20954062 : PENDING
12:13:41 INFO  State of operation 20954062 : EXECUTING
12:13:43 INFO  State of operation 20954062 : EXECUTING
12:13:45 INFO  State of operation 20954062 : EXECUTING
12:13:47 INFO  State of operation 20954062 : EXECUTING
12:13:50 INFO  State of operation 20954062 : EXECUTING
12:13:52 INFO  State of operation 20954062 : EXECUTING
12:13:55 INFO  State of operation 20954062 : EXECUTING
12:13:58 INFO  State of operation 20954062 : EXECUTING
12:14:00 INFO  State of operation 20954062 : EXECUTING
12:14:02 INFO  State of operation 20954062 : EXECUTING
12:14:05 INFO  State of operation 20954062 : EXECUTING
12:14:07 INFO  State of operation 20954062 : EXECUTING
12:14:09 INFO  State of operation 20954062 : EXECUTING
12:14:11 INFO  State of operation 20954062 : EXECUTING
12:14:14 INFO  State of operation 20954062 : EXECUTING
12:14:16 INFO  State of operation 20954062 : EXECUTING
12:14:19 INFO  State of operation 20954062 : EXECUTING
12:14:21 INFO  State of operation 20954062 : EXECUTING
12:14:23 INFO  State of operation 20954062 : EXECUTING
12:14:26 INFO  State of operation 20954062 : EXECUTING
12:14:28 INFO  State of operation 20954062 : EXECUTING
12:14:30 INFO  State of operation 20954062 : EXECUTING
12:14:34 INFO  State of operation 20954062 : EXECUTING
12:14:36 INFO  State of operation 20954062 : EXECUTING
12:14:39 INFO  State of operation 20954062 : EXECUTING
12:14:41 INFO  State of operation 20954062 : EXECUTING
12:14:44 INFO  State of operation 20954062 : EXECUTING
12:14:46 INFO  State of operation 20954062 : EXECUTING
12:14:48 INFO  State of operation 20954062 : EXECUTING
12:14:50 INFO  State of operation 20954062 : EXECUTING
12:14:53 INFO  State of operation 20954062 : EXECUTING
12:14:55 INFO  State of operation 20954062 : EXECUTING
12:14:57 INFO  State of operation 20954062 : SUCCESSFUL
12:14:57 INFO  Assert that (False == value) with value=False ... passed
12:14:57 INFO  Package asciijump is installed
12:14:57 INFO  Assert that (True == value) with value=True ... passed
12:14:58 INFO  Package squirrel3 is installed
12:14:58 INFO  Assert that (True == value) with value=True ... passed
12:14:58 INFO  Package robotfindskitten is installed
12:14:58 INFO  Assert that (True == value) with value=True ... passed
12:14:58 INFO  Response status: 201
12:14:58 INFO  Response to action: {
    "creationTime": "2022-07-16T12:14:58.553Z",
    "deviceName": "m32sd10d",
    "deviceId": "20924405",
    "self": "https://t493319102.eu-latest.cumulocity.com/devicecontrol/operations/20954074",
    "id": "20954074",
    "status": "PENDING",
    "description": "Apply software changes, triggered from PySys: [{'action': 'delete', 'id': '5475369', 'name': 'asciijump', 'url': ' ', 'version': '::apt'}, {'action': 'delete', 'id': '5474869', 'name': 'robotfindskitten', 'url': ' ', 'version': '::apt'}, {'action': 'delete', 'id': '5475279', 'name': 'squirrel3', 'url': ' ', 'version': '::apt'}]",
    "c8y_SoftwareUpdate": [
        {
            "name": "asciijump",
            "action": "delete",
            "id": "5475369",
            "version": "::apt",
            "url": " "
        },
        {
            "name": "robotfindskitten",
            "action": "delete",
            "id": "5474869",
            "version": "::apt",
            "url": " "
        },
        {
            "name": "squirrel3",
            "action": "delete",
            "id": "5475279",
            "version": "::apt",
            "url": " "
        }
    ]
}
12:14:58 INFO  Started operation: {'creationTime': '2022-07-16T12:14:58.553Z', 'deviceName': 'm32sd10d', 'deviceId': '20924405', 'self': 'https://t493319102.eu-latest.cumulocity.com/devicecontrol/operations/20954074', 'id': '20954074', 'status': 'PENDING', 'description': "Apply software changes, triggered from PySys: [{'action': 'delete', 'id': '5475369', 'name': 'asciijump', 'url': ' ', 'version': '::apt'}, {'action': 'delete', 'id': '5474869', 'name': 'robotfindskitten', 'url': ' ', 'version': '::apt'}, {'action': 'delete', 'id': '5475279', 'name': 'squirrel3', 'url': ' ', 'version': '::apt'}]", 'c8y_SoftwareUpdate': [{'name': 'asciijump', 'action': 'delete', 'id': '5475369', 'version': '::apt', 'url': ' '}, {'name': 'robotfindskitten', 'action': 'delete', 'id': '5474869', 'version': '::apt', 'url': ' '}, {'name': 'squirrel3', 'action': 'delete', 'id': '5475279', 'version': '::apt', 'url': ' '}]}
12:15:00 INFO  State of operation 20954074 : PENDING
12:15:03 INFO  State of operation 20954074 : EXECUTING
12:15:05 INFO  State of operation 20954074 : EXECUTING
12:15:07 INFO  State of operation 20954074 : EXECUTING
12:15:09 INFO  State of operation 20954074 : EXECUTING
12:15:11 INFO  State of operation 20954074 : EXECUTING
12:15:14 INFO  State of operation 20954074 : EXECUTING
12:15:17 INFO  State of operation 20954074 : EXECUTING
12:15:20 INFO  State of operation 20954074 : EXECUTING
12:15:22 INFO  State of operation 20954074 : EXECUTING
12:15:24 INFO  State of operation 20954074 : EXECUTING
12:15:26 INFO  State of operation 20954074 : EXECUTING
12:15:28 INFO  State of operation 20954074 : EXECUTING
12:15:31 INFO  State of operation 20954074 : EXECUTING
12:15:33 INFO  State of operation 20954074 : EXECUTING
12:15:35 INFO  State of operation 20954074 : EXECUTING
12:15:38 INFO  State of operation 20954074 : EXECUTING
12:15:41 INFO  State of operation 20954074 : EXECUTING
12:15:43 INFO  State of operation 20954074 : EXECUTING
12:15:45 INFO  State of operation 20954074 : EXECUTING
12:15:47 INFO  State of operation 20954074 : EXECUTING
12:15:50 INFO  State of operation 20954074 : EXECUTING
12:15:52 INFO  State of operation 20954074 : EXECUTING
12:15:54 INFO  State of operation 20954074 : EXECUTING
12:15:57 INFO  State of operation 20954074 : EXECUTING
12:15:59 INFO  State of operation 20954074 : EXECUTING
12:16:02 INFO  State of operation 20954074 : EXECUTING
12:16:04 INFO  State of operation 20954074 : SUCCESSFUL
12:16:04 INFO  Assert that (False == value) with value=False ... passed
12:16:04 INFO  Assert that (False == value) with value=False ... passed
12:16:05 INFO  Assert that (False == value) with value=False ... passed
12:16:05 INFO  Assert that (False == value) with value=False ... passed
12:16:05 INFO  
12:16:05 INFO  cleanup:
12:16:09 INFO  Executed sudo&lt;tedge_disconnect_c8y&gt;, exit status 0
12:16:09 INFO  Executed systemctl&lt;serv_mapper5&gt;, exit status 3
12:16:09 INFO  
12:16:09 INFO  Test duration: 179.79 secs
12:16:09 INFO  Test final outcome:  FAILED
12:16:09 INFO  Test outcome reason: Assert that (False == value) with value=True
12:16:09 INFO  
</system-out>
	</testcase>
<testcase classname="PySysTest" name="SoftwareManagement.sm_apt_install_remove_multiple">
		<failure message="FAILED: Assert that (False == value) with value=True (+2 other failures)" type="FAILED" />
		<system-out>12:40:36 INFO  ==============================================================
12:40:36 INFO  Id:    SoftwareManagement.sm_apt_install_remove_multiple
12:40:36 INFO  Dir:   software_management_end_to_end/
12:40:36 INFO  Title: Validate end to end behaviour for the apt plugin for multiple packages
12:40:36 INFO  ==============================================================
12:40:36 INFO  Using sw id database: {'asciijump': '5475369', 'robotfindskitten': '5474869', 'squirrel3': '5475279', 'rolldice': '5152439', 'moon-buggy': '5439204', 'apple': '5495053', 'banana': '5494888', 'cherry': '5495382', 'watermelon': '5494510', 'registry': '8018911', 'hello-world': '8021526', 'docker/getting-started': '8021973', 'alpine': '7991792'}
12:40:36 INFO  EnvironmentC8y Setup
12:40:37 INFO  Executed systemctl&lt;serv_mapper1&gt;, exit status 3
12:40:37 INFO  Restarting mosquitto too frequently in the last 10 seconds. It was only up for 5 seconds
12:40:37 INFO  Delaying execution by 6 seconds
12:40:57 INFO  Executed sudo&lt;tedge_connect_c8y&gt;, exit status 0, duration 14 secs
12:40:58 INFO  Executed sudo&lt;tedge_connect_c8y_test&gt;, exit status 0
12:40:58 INFO  Executed systemctl&lt;serv_mosq2&gt;, exit status 0
12:40:59 INFO  Executed systemctl&lt;serv_mapper3&gt;, exit status 0
12:41:01 INFO  State of current operation: SUCCESSFUL
12:41:01 INFO  Assert that (False == value) with value=False ... passed
12:41:02 INFO  Package asciijump is installed
12:41:02 WARN  Assert that (False == value) with value=True ... failed 
12:41:02 INFO  Package squirrel3 is installed
12:41:02 WARN  Assert that (False == value) with value=True ... failed 
12:41:03 INFO  Package robotfindskitten is installed
12:41:03 WARN  Assert that (False == value) with value=True ... failed 
12:41:03 INFO  Response status: 201
12:41:03 INFO  Response to action: {
    "creationTime": "2022-07-16T12:41:03.288Z",
    "deviceName": "m32sd10d",
    "deviceId": "20924405",
    "self": "https://t493319102.eu-latest.cumulocity.com/devicecontrol/operations/20961246",
    "id": "20961246",
    "status": "PENDING",
    "description": "Apply software changes, triggered from PySys: [{'action': 'install', 'id': '5475369', 'name': 'asciijump', 'url': ' ', 'version': '::apt'}, {'action': 'install', 'id': '5474869', 'name': 'robotfindskitten', 'url': ' ', 'version': '::apt'}, {'action': 'install', 'id': '5475279', 'name': 'squirrel3', 'url': ' ', 'version': '::apt'}]",
    "c8y_SoftwareUpdate": [
        {
            "name": "asciijump",
            "action": "install",
            "id": "5475369",
            "version": "::apt",
            "url": " "
        },
        {
            "name": "robotfindskitten",
            "action": "install",
            "id": "5474869",
            "version": "::apt",
            "url": " "
        },
        {
            "name": "squirrel3",
            "action": "install",
            "id": "5475279",
            "version": "::apt",
            "url": " "
        }
    ]
}
12:41:03 INFO  Started operation: {'creationTime': '2022-07-16T12:41:03.288Z', 'deviceName': 'm32sd10d', 'deviceId': '20924405', 'self': 'https://t493319102.eu-latest.cumulocity.com/devicecontrol/operations/20961246', 'id': '20961246', 'status': 'PENDING', 'description': "Apply software changes, triggered from PySys: [{'action': 'install', 'id': '5475369', 'name': 'asciijump', 'url': ' ', 'version': '::apt'}, {'action': 'install', 'id': '5474869', 'name': 'robotfindskitten', 'url': ' ', 'version': '::apt'}, {'action': 'install', 'id': '5475279', 'name': 'squirrel3', 'url': ' ', 'version': '::apt'}]", 'c8y_SoftwareUpdate': [{'name': 'asciijump', 'action': 'install', 'id': '5475369', 'version': '::apt', 'url': ' '}, {'name': 'robotfindskitten', 'action': 'install', 'id': '5474869', 'version': '::apt', 'url': ' '}, {'name': 'squirrel3', 'action': 'install', 'id': '5475279', 'version': '::apt', 'url': ' '}]}
12:41:05 INFO  State of operation 20961246 : PENDING
12:41:08 INFO  State of operation 20961246 : EXECUTING
12:41:10 INFO  State of operation 20961246 : EXECUTING
12:41:12 INFO  State of operation 20961246 : EXECUTING
12:41:14 INFO  State of operation 20961246 : EXECUTING
12:41:16 INFO  State of operation 20961246 : EXECUTING
12:41:19 INFO  State of operation 20961246 : EXECUTING
12:41:22 INFO  State of operation 20961246 : EXECUTING
12:41:24 INFO  State of operation 20961246 : EXECUTING
12:41:27 INFO  State of operation 20961246 : EXECUTING
12:41:29 INFO  State of operation 20961246 : EXECUTING
12:41:31 INFO  State of operation 20961246 : EXECUTING
12:41:34 INFO  State of operation 20961246 : EXECUTING
12:41:36 INFO  State of operation 20961246 : EXECUTING
12:41:38 INFO  State of operation 20961246 : EXECUTING
12:41:40 INFO  State of operation 20961246 : SUCCESSFUL
12:41:41 INFO  Assert that (False == value) with value=False ... passed
12:41:41 INFO  Package asciijump is installed
12:41:41 INFO  Assert that (True == value) with value=True ... passed
12:41:42 INFO  Package squirrel3 is installed
12:41:42 INFO  Assert that (True == value) with value=True ... passed
12:41:42 INFO  Package robotfindskitten is installed
12:41:42 INFO  Assert that (True == value) with value=True ... passed
12:41:42 INFO  Response status: 201
12:41:42 INFO  Response to action: {
    "creationTime": "2022-07-16T12:41:42.501Z",
    "deviceName": "m32sd10d",
    "deviceId": "20924405",
    "self": "https://t493319102.eu-latest.cumulocity.com/devicecontrol/operations/20961252",
    "id": "20961252",
    "status": "PENDING",
    "description": "Apply software changes, triggered from PySys: [{'action': 'delete', 'id': '5475369', 'name': 'asciijump', 'url': ' ', 'version': '::apt'}, {'action': 'delete', 'id': '5474869', 'name': 'robotfindskitten', 'url': ' ', 'version': '::apt'}, {'action': 'delete', 'id': '5475279', 'name': 'squirrel3', 'url': ' ', 'version': '::apt'}]",
    "c8y_SoftwareUpdate": [
        {
            "name": "asciijump",
            "action": "delete",
            "id": "5475369",
            "version": "::apt",
            "url": " "
        },
        {
            "name": "robotfindskitten",
            "action": "delete",
            "id": "5474869",
            "version": "::apt",
            "url": " "
        },
        {
            "name": "squirrel3",
            "action": "delete",
            "id": "5475279",
            "version": "::apt",
            "url": " "
        }
    ]
}
12:41:42 INFO  Started operation: {'creationTime': '2022-07-16T12:41:42.501Z', 'deviceName': 'm32sd10d', 'deviceId': '20924405', 'self': 'https://t493319102.eu-latest.cumulocity.com/devicecontrol/operations/20961252', 'id': '20961252', 'status': 'PENDING', 'description': "Apply software changes, triggered from PySys: [{'action': 'delete', 'id': '5475369', 'name': 'asciijump', 'url': ' ', 'version': '::apt'}, {'action': 'delete', 'id': '5474869', 'name': 'robotfindskitten', 'url': ' ', 'version': '::apt'}, {'action': 'delete', 'id': '5475279', 'name': 'squirrel3', 'url': ' ', 'version': '::apt'}]", 'c8y_SoftwareUpdate': [{'name': 'asciijump', 'action': 'delete', 'id': '5475369', 'version': '::apt', 'url': ' '}, {'name': 'robotfindskitten', 'action': 'delete', 'id': '5474869', 'version': '::apt', 'url': ' '}, {'name': 'squirrel3', 'action': 'delete', 'id': '5475279', 'version': '::apt', 'url': ' '}]}
12:41:44 INFO  State of operation 20961252 : PENDING
12:41:46 INFO  State of operation 20961252 : EXECUTING
12:41:49 INFO  State of operation 20961252 : EXECUTING
12:41:51 INFO  State of operation 20961252 : EXECUTING
12:41:53 INFO  State of operation 20961252 : EXECUTING
12:41:55 INFO  State of operation 20961252 : EXECUTING
12:41:58 INFO  State of operation 20961252 : EXECUTING
12:42:01 INFO  State of operation 20961252 : EXECUTING
12:42:03 INFO  State of operation 20961252 : EXECUTING
12:42:06 INFO  State of operation 20961252 : EXECUTING
12:42:08 INFO  State of operation 20961252 : EXECUTING
12:42:10 INFO  State of operation 20961252 : EXECUTING
12:42:12 INFO  State of operation 20961252 : EXECUTING
12:42:15 INFO  State of operation 20961252 : EXECUTING
12:42:17 INFO  State of operation 20961252 : EXECUTING
12:42:19 INFO  State of operation 20961252 : EXECUTING
12:42:21 INFO  State of operation 20961252 : EXECUTING
12:42:24 INFO  State of operation 20961252 : EXECUTING
12:42:26 INFO  State of operation 20961252 : EXECUTING
12:42:29 INFO  State of operation 20961252 : EXECUTING
12:42:31 INFO  State of operation 20961252 : EXECUTING
12:42:33 INFO  State of operation 20961252 : EXECUTING
12:42:36 INFO  State of operation 20961252 : EXECUTING
12:42:38 INFO  State of operation 20961252 : EXECUTING
12:42:41 INFO  State of operation 20961252 : EXECUTING
12:42:43 INFO  State of operation 20961252 : EXECUTING
12:42:46 INFO  State of operation 20961252 : EXECUTING
12:42:48 INFO  State of operation 20961252 : EXECUTING
12:42:50 INFO  State of operation 20961252 : SUCCESSFUL
12:42:50 INFO  Assert that (False == value) with value=False ... passed
12:42:51 INFO  Assert that (False == value) with value=False ... passed
12:42:51 INFO  Assert that (False == value) with value=False ... passed
12:42:51 INFO  Assert that (False == value) with value=False ... passed
12:42:51 INFO  
12:42:51 INFO  cleanup:
12:42:55 INFO  Executed sudo&lt;tedge_disconnect_c8y&gt;, exit status 0
12:42:56 INFO  Executed systemctl&lt;serv_mapper5&gt;, exit status 3
12:42:56 INFO  
12:42:56 INFO  Test duration: 139.66 secs
12:42:56 INFO  Test final outcome:  FAILED
12:42:56 INFO  Test outcome reason: Assert that (False == value) with value=True (+2 other failures)
12:42:56 INFO  
</system-out>
	</testcase>
</testsuite><testsuite name="SoftwareManagement.sm_apt_install_remove_multiple_mixed" tests="3" errors="0" failures="2" skipped="1" time="0"><testcase classname="PySysTest" name="SoftwareManagement.sm_apt_install_remove_multiple_mixed">
		<skipped message="SKIPPED: Testing the apt plugin is not supported on this platform.Use parameter -XmyPlatform='container' to enable it" />
		<system-out>11:40:22 INFO  ==============================================================
11:40:22 INFO  Id:    SoftwareManagement.sm_apt_install_remove_multiple_mixed
11:40:22 INFO  Dir:   software_management_end_to_end/
11:40:22 INFO  Title: Validate end to end behaviour for the apt plugin for multiple packages with mixed versions
11:40:22 INFO  ==============================================================
11:40:22 INFO  Testing the apt plugin is not supported on this platform.Use parameter -XmyPlatform='container' to enable it ... skipped
11:40:22 WARN  Aborted test due to SKIPPED outcome
11:40:22 INFO  
11:40:22 INFO  Test duration: 0.03 secs
11:40:22 INFO  Test final outcome:  SKIPPED
11:40:22 INFO  Test outcome reason: Testing the apt plugin is not supported on this platform.Use parameter -XmyPlatform='container' to enable it
11:40:22 INFO  
</system-out>
	</testcase>
<testcase classname="PySysTest" name="SoftwareManagement.sm_apt_install_remove_multiple_mixed">
		<failure message="BLOCKED: SystemError: Timeout while waiting for status SUCCESSFUL or False" type="BLOCKED" />
		<system-out>12:16:10 INFO  ==============================================================
12:16:10 INFO  Id:    SoftwareManagement.sm_apt_install_remove_multiple_mixed
12:16:10 INFO  Dir:   software_management_end_to_end/
12:16:10 INFO  Title: Validate end to end behaviour for the apt plugin for multiple packages with mixed versions
12:16:10 INFO  ==============================================================
12:16:10 INFO  Using sw id database: {'asciijump': '5475369', 'robotfindskitten': '5474869', 'squirrel3': '5475279', 'rolldice': '5152439', 'moon-buggy': '5439204', 'apple': '5495053', 'banana': '5494888', 'cherry': '5495382', 'watermelon': '5494510', 'registry': '8018911', 'hello-world': '8021526', 'docker/getting-started': '8021973', 'alpine': '7991792'}
12:16:10 INFO  EnvironmentC8y Setup
12:16:10 INFO  Executed systemctl&lt;serv_mapper1&gt;, exit status 3
12:16:10 INFO  Restarting mosquitto too frequently in the last 10 seconds. It was only up for 4 seconds
12:16:10 INFO  Delaying execution by 7 seconds
12:16:31 INFO  Executed sudo&lt;tedge_connect_c8y&gt;, exit status 0, duration 14 secs
12:16:32 INFO  Executed sudo&lt;tedge_connect_c8y_test&gt;, exit status 0
12:16:32 INFO  Executed systemctl&lt;serv_mosq2&gt;, exit status 0
12:16:33 INFO  Executed systemctl&lt;serv_mapper3&gt;, exit status 0
12:16:35 INFO  State of current operation: SUCCESSFUL
12:16:35 INFO  Assert that (False == value) with value=False ... passed
12:16:36 INFO  Assert that (False == value) with value=False ... passed
12:16:36 INFO  Assert that (False == value) with value=False ... passed
12:16:36 INFO  Assert that (False == value) with value=False ... passed
12:16:36 INFO  Assert that (False == value) with value=False ... passed
12:16:38 INFO  Response status: 201
12:16:38 INFO  Response to action: {
    "creationTime": "2022-07-16T12:16:38.157Z",
    "deviceName": "m32sd10d",
    "deviceId": "20924405",
    "self": "https://t493319102.eu-latest.cumulocity.com/devicecontrol/operations/20954085",
    "id": "20954085",
    "status": "PENDING",
    "description": "Apply software changes, triggered from PySys: [{'action': 'install', 'id': '5475369', 'name': 'asciijump', 'url': ' ', 'version': '::apt'}, {'action': 'install', 'id': '5474869', 'name': 'robotfindskitten', 'url': ' ', 'version': ' '}, {'action': 'install', 'id': '5475279', 'name': 'squirrel3', 'url': ' ', 'version': '3.1-7::apt'}, {'action': 'install', 'id': '5152439', 'name': 'rolldice', 'url': ' ', 'version': '1.16-1+b1'}, {'action': 'install', 'id': '5439204', 'name': 'moon-buggy', 'url': ' ', 'version': '1:1.0.51-12'}, {'action': 'install', 'id': '5475369', 'name': 'asciijump', 'url': ' ', 'version': '::apt'}]",
    "c8y_SoftwareUpdate": [
        {
            "name": "asciijump",
            "action": "install",
            "id": "5475369",
            "version": "::apt",
            "url": " "
        },
        {
            "name": "robotfindskitten",
            "action": "install",
            "id": "5474869",
            "version": " ",
            "url": " "
        },
        {
            "name": "squirrel3",
            "action": "install",
            "id": "5475279",
            "version": "3.1-7::apt",
            "url": " "
        },
        {
            "name": "rolldice",
            "action": "install",
            "id": "5152439",
            "version": "1.16-1+b1",
            "url": " "
        },
        {
            "name": "moon-buggy",
            "action": "install",
            "id": "5439204",
            "version": "1:1.0.51-12",
            "url": " "
        },
        {
            "name": "asciijump",
            "action": "install",
            "id": "5475369",
            "version": "::apt",
            "url": " "
        }
    ]
}
12:16:38 INFO  Started operation: {'creationTime': '2022-07-16T12:16:38.157Z', 'deviceName': 'm32sd10d', 'deviceId': '20924405', 'self': 'https://t493319102.eu-latest.cumulocity.com/devicecontrol/operations/20954085', 'id': '20954085', 'status': 'PENDING', 'description': "Apply software changes, triggered from PySys: [{'action': 'install', 'id': '5475369', 'name': 'asciijump', 'url': ' ', 'version': '::apt'}, {'action': 'install', 'id': '5474869', 'name': 'robotfindskitten', 'url': ' ', 'version': ' '}, {'action': 'install', 'id': '5475279', 'name': 'squirrel3', 'url': ' ', 'version': '3.1-7::apt'}, {'action': 'install', 'id': '5152439', 'name': 'rolldice', 'url': ' ', 'version': '1.16-1+b1'}, {'action': 'install', 'id': '5439204', 'name': 'moon-buggy', 'url': ' ', 'version': '1:1.0.51-12'}, {'action': 'install', 'id': '5475369', 'name': 'asciijump', 'url': ' ', 'version': '::apt'}]", 'c8y_SoftwareUpdate': [{'name': 'asciijump', 'action': 'install', 'id': '5475369', 'version': '::apt', 'url': ' '}, {'name': 'robotfindskitten', 'action': 'install', 'id': '5474869', 'version': ' ', 'url': ' '}, {'name': 'squirrel3', 'action': 'install', 'id': '5475279', 'version': '3.1-7::apt', 'url': ' '}, {'name': 'rolldice', 'action': 'install', 'id': '5152439', 'version': '1.16-1+b1', 'url': ' '}, {'name': 'moon-buggy', 'action': 'install', 'id': '5439204', 'version': '1:1.0.51-12', 'url': ' '}, {'name': 'asciijump', 'action': 'install', 'id': '5475369', 'version': '::apt', 'url': ' '}]}
12:16:40 INFO  State of operation 20954085 : PENDING
12:16:42 INFO  State of operation 20954085 : EXECUTING
12:16:44 INFO  State of operation 20954085 : EXECUTING
12:16:47 INFO  State of operation 20954085 : EXECUTING
12:16:49 INFO  State of operation 20954085 : EXECUTING
12:16:51 INFO  State of operation 20954085 : EXECUTING
12:16:54 INFO  State of operation 20954085 : EXECUTING
12:16:56 INFO  State of operation 20954085 : EXECUTING
12:16:59 INFO  State of operation 20954085 : EXECUTING
12:17:01 INFO  State of operation 20954085 : EXECUTING
12:17:04 INFO  State of operation 20954085 : EXECUTING
12:17:06 INFO  State of operation 20954085 : EXECUTING
12:17:08 INFO  State of operation 20954085 : EXECUTING
12:17:10 INFO  State of operation 20954085 : EXECUTING
12:17:13 INFO  State of operation 20954085 : EXECUTING
12:17:15 INFO  State of operation 20954085 : EXECUTING
12:17:17 INFO  State of operation 20954085 : EXECUTING
12:17:20 INFO  State of operation 20954085 : EXECUTING
12:17:22 INFO  State of operation 20954085 : EXECUTING
12:17:24 INFO  State of operation 20954085 : EXECUTING
12:17:27 INFO  State of operation 20954085 : EXECUTING
12:17:29 INFO  State of operation 20954085 : EXECUTING
12:17:32 INFO  State of operation 20954085 : EXECUTING
12:17:34 INFO  State of operation 20954085 : EXECUTING
12:17:37 INFO  State of operation 20954085 : EXECUTING
12:17:39 INFO  State of operation 20954085 : EXECUTING
12:17:42 INFO  State of operation 20954085 : EXECUTING
12:17:45 INFO  State of operation 20954085 : EXECUTING
12:17:47 INFO  State of operation 20954085 : EXECUTING
12:17:49 INFO  State of operation 20954085 : EXECUTING
12:17:52 INFO  State of operation 20954085 : EXECUTING
12:17:54 INFO  State of operation 20954085 : EXECUTING
12:17:56 INFO  State of operation 20954085 : EXECUTING
12:17:58 INFO  State of operation 20954085 : EXECUTING
12:18:00 INFO  State of operation 20954085 : EXECUTING
12:18:03 INFO  State of operation 20954085 : EXECUTING
12:18:05 INFO  State of operation 20954085 : EXECUTING
12:18:08 INFO  State of operation 20954085 : EXECUTING
12:18:11 INFO  State of operation 20954085 : EXECUTING
12:18:13 INFO  State of operation 20954085 : EXECUTING
12:18:15 INFO  State of operation 20954085 : EXECUTING
12:18:18 INFO  State of operation 20954085 : EXECUTING
12:18:20 INFO  State of operation 20954085 : EXECUTING
12:18:22 INFO  State of operation 20954085 : EXECUTING
12:18:24 INFO  State of operation 20954085 : EXECUTING
12:18:27 INFO  State of operation 20954085 : EXECUTING
12:18:29 INFO  State of operation 20954085 : EXECUTING
12:18:31 INFO  State of operation 20954085 : EXECUTING
12:18:34 INFO  State of operation 20954085 : EXECUTING
12:18:36 INFO  State of operation 20954085 : EXECUTING
12:18:38 INFO  State of operation 20954085 : EXECUTING
12:18:41 INFO  State of operation 20954085 : EXECUTING
12:18:43 INFO  State of operation 20954085 : EXECUTING
12:18:45 INFO  State of operation 20954085 : EXECUTING
12:18:48 INFO  State of operation 20954085 : EXECUTING
12:18:50 INFO  State of operation 20954085 : EXECUTING
12:18:52 INFO  State of operation 20954085 : EXECUTING
12:18:54 INFO  State of operation 20954085 : EXECUTING
12:18:57 INFO  State of operation 20954085 : EXECUTING
12:18:59 INFO  State of operation 20954085 : EXECUTING
12:19:01 INFO  State of operation 20954085 : EXECUTING
12:19:03 WARN  SystemError occurred while running test - Timeout while waiting for status SUCCESSFUL or False
Traceback (most recent call last):
  File "/home/pi/env-pysys/lib/python3.7/site-packages/pysys/baserunner.py", line 1294, in __call__
    self.testObj.execute()
  File "/home/pi/actions-runner/_work/thin-edge.io/thin-edge.io/tests/PySys/software_management_end_to_end/sm_apt_install_remove_multiple_mixed/run.py", line 89, in execute
    self.wait_until_succcess()
  File "/home/pi/actions-runner/_work/thin-edge.io/thin-edge.io/tests/PySys/software_management_end_to_end/environment_sm_management.py", line 324, in wait_until_succcess
    self.wait_until_status("SUCCESSFUL")
  File "/home/pi/actions-runner/_work/thin-edge.io/thin-edge.io/tests/PySys/software_management_end_to_end/environment_sm_management.py", line 381, in wait_until_status
    "Timeout while waiting for status %s or %s" % (status, status2)
SystemError: Timeout while waiting for status SUCCESSFUL or False
12:19:03 WARN  SystemError: Timeout while waiting for status SUCCESSFUL or False ... blocked 
12:19:03 INFO  
12:19:03 INFO  cleanup:
12:19:08 INFO  Executed sudo&lt;tedge_disconnect_c8y&gt;, exit status 0
12:19:09 INFO  Executed systemctl&lt;serv_mapper5&gt;, exit status 3
12:19:09 INFO  
12:19:09 INFO  Test duration: 179.10 secs
12:19:09 INFO  Test final outcome:  BLOCKED
12:19:09 INFO  Test outcome reason: SystemError: Timeout while waiting for status SUCCESSFUL or False
12:19:09 INFO  
</system-out>
	</testcase>
<testcase classname="PySysTest" name="SoftwareManagement.sm_apt_install_remove_multiple_mixed">
		<failure message="BLOCKED: SystemError: Timeout while waiting for status SUCCESSFUL or False (+1 other failures)" type="BLOCKED" />
		<system-out>12:42:56 INFO  ==============================================================
12:42:56 INFO  Id:    SoftwareManagement.sm_apt_install_remove_multiple_mixed
12:42:56 INFO  Dir:   software_management_end_to_end/
12:42:56 INFO  Title: Validate end to end behaviour for the apt plugin for multiple packages with mixed versions
12:42:56 INFO  ==============================================================
12:42:56 INFO  Using sw id database: {'asciijump': '5475369', 'robotfindskitten': '5474869', 'squirrel3': '5475279', 'rolldice': '5152439', 'moon-buggy': '5439204', 'apple': '5495053', 'banana': '5494888', 'cherry': '5495382', 'watermelon': '5494510', 'registry': '8018911', 'hello-world': '8021526', 'docker/getting-started': '8021973', 'alpine': '7991792'}
12:42:56 INFO  EnvironmentC8y Setup
12:42:57 INFO  Executed systemctl&lt;serv_mapper1&gt;, exit status 3
12:42:57 INFO  Restarting mosquitto too frequently in the last 10 seconds. It was only up for 5 seconds
12:42:57 INFO  Delaying execution by 6 seconds
12:43:21 INFO  Executed sudo&lt;tedge_connect_c8y&gt;, exit status 0, duration 17 secs
12:43:21 INFO  Executed sudo&lt;tedge_connect_c8y_test&gt;, exit status 0
12:43:22 INFO  Executed systemctl&lt;serv_mosq2&gt;, exit status 0
12:43:22 INFO  Executed systemctl&lt;serv_mapper3&gt;, exit status 0
12:43:25 INFO  State of current operation: SUCCESSFUL
12:43:25 INFO  Assert that (False == value) with value=False ... passed
12:43:25 INFO  Assert that (False == value) with value=False ... passed
12:43:26 INFO  Assert that (False == value) with value=False ... passed
12:43:26 INFO  Assert that (False == value) with value=False ... passed
12:43:26 INFO  Package moon-buggy is installed
12:43:26 WARN  Assert that (False == value) with value=True ... failed 
12:43:27 INFO  Response status: 201
12:43:27 INFO  Response to action: {
    "delivery": {
        "log": [],
        "time": "2022-07-16T12:43:27.890Z",
        "status": "PENDING"
    },
    "creationTime": "2022-07-16T12:43:27.874Z",
    "deviceName": "m32sd10d",
    "deviceId": "20924405",
    "self": "https://t493319102.eu-latest.cumulocity.com/devicecontrol/operations/20961260",
    "id": "20961260",
    "status": "PENDING",
    "description": "Apply software changes, triggered from PySys: [{'action': 'install', 'id': '5475369', 'name': 'asciijump', 'url': ' ', 'version': '::apt'}, {'action': 'install', 'id': '5474869', 'name': 'robotfindskitten', 'url': ' ', 'version': ' '}, {'action': 'install', 'id': '5475279', 'name': 'squirrel3', 'url': ' ', 'version': '3.1-7::apt'}, {'action': 'install', 'id': '5152439', 'name': 'rolldice', 'url': ' ', 'version': '1.16-1+b1'}, {'action': 'install', 'id': '5439204', 'name': 'moon-buggy', 'url': ' ', 'version': '1:1.0.51-12'}, {'action': 'install', 'id': '5475369', 'name': 'asciijump', 'url': ' ', 'version': '::apt'}]",
    "c8y_SoftwareUpdate": [
        {
            "name": "asciijump",
            "action": "install",
            "id": "5475369",
            "version": "::apt",
            "url": " "
        },
        {
            "name": "robotfindskitten",
            "action": "install",
            "id": "5474869",
            "version": " ",
            "url": " "
        },
        {
            "name": "squirrel3",
            "action": "install",
            "id": "5475279",
            "version": "3.1-7::apt",
            "url": " "
        },
        {
            "name": "rolldice",
            "action": "install",
            "id": "5152439",
            "version": "1.16-1+b1",
            "url": " "
        },
        {
            "name": "moon-buggy",
            "action": "install",
            "id": "5439204",
            "version": "1:1.0.51-12",
            "url": " "
        },
        {
            "name": "asciijump",
            "action": "install",
            "id": "5475369",
            "version": "::apt",
            "url": " "
        }
    ]
}
12:43:27 INFO  Started operation: {'delivery': {'log': [], 'time': '2022-07-16T12:43:27.890Z', 'status': 'PENDING'}, 'creationTime': '2022-07-16T12:43:27.874Z', 'deviceName': 'm32sd10d', 'deviceId': '20924405', 'self': 'https://t493319102.eu-latest.cumulocity.com/devicecontrol/operations/20961260', 'id': '20961260', 'status': 'PENDING', 'description': "Apply software changes, triggered from PySys: [{'action': 'install', 'id': '5475369', 'name': 'asciijump', 'url': ' ', 'version': '::apt'}, {'action': 'install', 'id': '5474869', 'name': 'robotfindskitten', 'url': ' ', 'version': ' '}, {'action': 'install', 'id': '5475279', 'name': 'squirrel3', 'url': ' ', 'version': '3.1-7::apt'}, {'action': 'install', 'id': '5152439', 'name': 'rolldice', 'url': ' ', 'version': '1.16-1+b1'}, {'action': 'install', 'id': '5439204', 'name': 'moon-buggy', 'url': ' ', 'version': '1:1.0.51-12'}, {'action': 'install', 'id': '5475369', 'name': 'asciijump', 'url': ' ', 'version': '::apt'}]", 'c8y_SoftwareUpdate': [{'name': 'asciijump', 'action': 'install', 'id': '5475369', 'version': '::apt', 'url': ' '}, {'name': 'robotfindskitten', 'action': 'install', 'id': '5474869', 'version': ' ', 'url': ' '}, {'name': 'squirrel3', 'action': 'install', 'id': '5475279', 'version': '3.1-7::apt', 'url': ' '}, {'name': 'rolldice', 'action': 'install', 'id': '5152439', 'version': '1.16-1+b1', 'url': ' '}, {'name': 'moon-buggy', 'action': 'install', 'id': '5439204', 'version': '1:1.0.51-12', 'url': ' '}, {'name': 'asciijump', 'action': 'install', 'id': '5475369', 'version': '::apt', 'url': ' '}]}
12:43:30 INFO  State of operation 20961260 : PENDING
12:43:32 INFO  State of operation 20961260 : EXECUTING
12:43:34 INFO  State of operation 20961260 : EXECUTING
12:43:36 INFO  State of operation 20961260 : EXECUTING
12:43:39 INFO  State of operation 20961260 : EXECUTING
12:43:41 INFO  State of operation 20961260 : EXECUTING
12:43:43 INFO  State of operation 20961260 : EXECUTING
12:43:46 INFO  State of operation 20961260 : EXECUTING
12:43:49 INFO  State of operation 20961260 : EXECUTING
12:43:51 INFO  State of operation 20961260 : EXECUTING
12:43:53 INFO  State of operation 20961260 : EXECUTING
12:43:56 INFO  State of operation 20961260 : EXECUTING
12:43:58 INFO  State of operation 20961260 : EXECUTING
12:44:00 INFO  State of operation 20961260 : EXECUTING
12:44:02 INFO  State of operation 20961260 : EXECUTING
12:44:05 INFO  State of operation 20961260 : EXECUTING
12:44:07 INFO  State of operation 20961260 : EXECUTING
12:44:09 INFO  State of operation 20961260 : EXECUTING
12:44:12 INFO  State of operation 20961260 : EXECUTING
12:44:14 INFO  State of operation 20961260 : EXECUTING
12:44:16 INFO  State of operation 20961260 : EXECUTING
12:44:19 INFO  State of operation 20961260 : EXECUTING
12:44:21 INFO  State of operation 20961260 : EXECUTING
12:44:24 INFO  State of operation 20961260 : EXECUTING
12:44:26 INFO  State of operation 20961260 : EXECUTING
12:44:28 INFO  State of operation 20961260 : EXECUTING
12:44:31 INFO  State of operation 20961260 : EXECUTING
12:44:33 INFO  State of operation 20961260 : EXECUTING
12:44:35 INFO  State of operation 20961260 : EXECUTING
12:44:37 INFO  State of operation 20961260 : EXECUTING
12:44:40 INFO  State of operation 20961260 : EXECUTING
12:44:42 INFO  State of operation 20961260 : EXECUTING
12:44:44 INFO  State of operation 20961260 : EXECUTING
12:44:46 INFO  State of operation 20961260 : EXECUTING
12:44:49 INFO  State of operation 20961260 : EXECUTING
12:44:51 INFO  State of operation 20961260 : EXECUTING
12:44:53 INFO  State of operation 20961260 : EXECUTING
12:44:55 INFO  State of operation 20961260 : EXECUTING
12:44:58 INFO  State of operation 20961260 : EXECUTING
12:45:01 INFO  State of operation 20961260 : EXECUTING
12:45:03 INFO  State of operation 20961260 : EXECUTING
12:45:05 INFO  State of operation 20961260 : EXECUTING
12:45:08 INFO  State of operation 20961260 : EXECUTING
12:45:10 INFO  State of operation 20961260 : EXECUTING
12:45:12 INFO  State of operation 20961260 : EXECUTING
12:45:14 INFO  State of operation 20961260 : EXECUTING
12:45:17 INFO  State of operation 20961260 : EXECUTING
12:45:19 INFO  State of operation 20961260 : EXECUTING
12:45:22 INFO  State of operation 20961260 : EXECUTING
12:45:24 INFO  State of operation 20961260 : EXECUTING
12:45:28 INFO  State of operation 20961260 : EXECUTING
12:45:30 INFO  State of operation 20961260 : EXECUTING
12:45:33 INFO  State of operation 20961260 : EXECUTING
12:45:35 INFO  State of operation 20961260 : EXECUTING
12:45:37 INFO  State of operation 20961260 : EXECUTING
12:45:39 INFO  State of operation 20961260 : EXECUTING
12:45:42 INFO  State of operation 20961260 : EXECUTING
12:45:44 INFO  State of operation 20961260 : EXECUTING
12:45:46 INFO  State of operation 20961260 : EXECUTING
12:45:49 INFO  State of operation 20961260 : EXECUTING
12:45:51 INFO  State of operation 20961260 : EXECUTING
12:45:53 WARN  SystemError occurred while running test - Timeout while waiting for status SUCCESSFUL or False
Traceback (most recent call last):
  File "/home/pi/env-pysys/lib/python3.7/site-packages/pysys/baserunner.py", line 1294, in __call__
    self.testObj.execute()
  File "/home/pi/actions-runner/_work/thin-edge.io/thin-edge.io/tests/PySys/software_management_end_to_end/sm_apt_install_remove_multiple_mixed/run.py", line 89, in execute
    self.wait_until_succcess()
  File "/home/pi/actions-runner/_work/thin-edge.io/thin-edge.io/tests/PySys/software_management_end_to_end/environment_sm_management.py", line 324, in wait_until_succcess
    self.wait_until_status("SUCCESSFUL")
  File "/home/pi/actions-runner/_work/thin-edge.io/thin-edge.io/tests/PySys/software_management_end_to_end/environment_sm_management.py", line 381, in wait_until_status
    "Timeout while waiting for status %s or %s" % (status, status2)
SystemError: Timeout while waiting for status SUCCESSFUL or False
12:45:53 WARN  SystemError: Timeout while waiting for status SUCCESSFUL or False ... blocked 
12:45:53 INFO  
12:45:53 INFO  cleanup:
12:45:58 INFO  Executed sudo&lt;tedge_disconnect_c8y&gt;, exit status 0
12:45:58 INFO  Executed systemctl&lt;serv_mapper5&gt;, exit status 3
12:45:59 INFO  
12:45:59 INFO  Test duration: 182.52 secs
12:45:59 INFO  Test final outcome:  BLOCKED
12:45:59 INFO  Test outcome reason: SystemError: Timeout while waiting for status SUCCESSFUL or False (+1 other failures)
12:45:59 INFO  
</system-out>
	</testcase>
</testsuite><testsuite name="SoftwareManagement.sm_apt_install_remove_with_version" tests="3" errors="0" failures="0" skipped="1" time="0"><testcase classname="PySysTest" name="SoftwareManagement.sm_apt_install_remove_with_version">
		<skipped message="SKIPPED: Testing the apt plugin is not supported on this platform.Use parameter -XmyPlatform='container' to enable it" />
		<system-out>11:40:22 INFO  ==============================================================
11:40:22 INFO  Id:    SoftwareManagement.sm_apt_install_remove_with_version
11:40:22 INFO  Dir:   software_management_end_to_end/
11:40:22 INFO  Title: Validate end to end behaviour for the apt plugin for packages with version
11:40:22 INFO  ==============================================================
11:40:22 INFO  Testing the apt plugin is not supported on this platform.Use parameter -XmyPlatform='container' to enable it ... skipped
11:40:22 WARN  Aborted test due to SKIPPED outcome
11:40:22 INFO  
11:40:22 INFO  Test duration: 0.02 secs
11:40:22 INFO  Test final outcome:  SKIPPED
11:40:22 INFO  Test outcome reason: Testing the apt plugin is not supported on this platform.Use parameter -XmyPlatform='container' to enable it
11:40:22 INFO  
</system-out>
	</testcase>
<testcase classname="PySysTest" name="SoftwareManagement.sm_apt_install_remove_with_version" />
<testcase classname="PySysTest" name="SoftwareManagement.sm_apt_install_remove_with_version" />
</testsuite><testsuite name="SoftwareManagement.sm_docker_install_remove_multiple" tests="3" errors="0" failures="0" skipped="1" time="0"><testcase classname="SMDockerInstallRemove" name="SoftwareManagement.sm_docker_install_remove_multiple">
		<skipped message="SKIPPED: Testing the apt plugin is not supported on this platform.Use parameter -XmyPlatform='container' to enable it" />
		<system-out>11:40:22 INFO  ==============================================================
11:40:22 INFO  Id:    SoftwareManagement.sm_docker_install_remove_multiple
11:40:22 INFO  Dir:   software_management_end_to_end/
11:40:22 INFO  Title: Validate end to end behaviour for the docker plugin for multiple docker images with mixed versions
11:40:22 INFO  ==============================================================
11:40:22 INFO  Testing the apt plugin is not supported on this platform.Use parameter -XmyPlatform='container' to enable it ... skipped
11:40:22 WARN  Aborted test due to SKIPPED outcome
11:40:22 INFO  
11:40:22 INFO  Test duration: 0.02 secs
11:40:22 INFO  Test final outcome:  SKIPPED
11:40:22 INFO  Test outcome reason: Testing the apt plugin is not supported on this platform.Use parameter -XmyPlatform='container' to enable it
11:40:22 INFO  
</system-out>
	</testcase>
<testcase classname="SMDockerInstallRemove" name="SoftwareManagement.sm_docker_install_remove_multiple" />
<testcase classname="SMDockerInstallRemove" name="SoftwareManagement.sm_docker_install_remove_multiple" />
</testsuite><testsuite name="SoftwareManagement.sm_fake_install_remove" tests="2" errors="0" failures="0" skipped="1" time="0"><testcase classname="PySysTest" name="SoftwareManagement.sm_fake_install_remove">
		<skipped message="SKIPPED: Testing the fake plugin is not enabled.Use parameter -Xfakeplugin=fakeplugin to enable it" />
		<system-out>11:40:22 INFO  ==============================================================
11:40:22 INFO  Id:    SoftwareManagement.sm_fake_install_remove
11:40:22 INFO  Dir:   software_management_end_to_end/
11:40:22 INFO  Title: Validate end to end behaviour for the dummy plugin for installation and removal of packages
11:40:22 INFO  ==============================================================
11:40:22 INFO  Testing the fake plugin is not enabled.Use parameter -Xfakeplugin=fakeplugin to enable it ... skipped
11:40:22 WARN  Aborted test due to SKIPPED outcome
11:40:22 INFO  
11:40:22 INFO  Test duration: 0.02 secs
11:40:22 INFO  Test final outcome:  SKIPPED
11:40:22 INFO  Test outcome reason: Testing the fake plugin is not enabled.Use parameter -Xfakeplugin=fakeplugin to enable it
11:40:22 INFO  
</system-out>
	</testcase>
<testcase classname="PySysTest" name="SoftwareManagement.sm_fake_install_remove" />
</testsuite><testsuite name="SoftwareManagement.sm_fake_install_remove_multiple" tests="2" errors="0" failures="0" skipped="1" time="0"><testcase classname="PySysTest" name="SoftwareManagement.sm_fake_install_remove_multiple">
		<skipped message="SKIPPED: Testing the fake plugin is not enabled.Use parameter -Xfakeplugin=fakeplugin to enable it" />
		<system-out>11:40:22 INFO  ==============================================================
11:40:22 INFO  Id:    SoftwareManagement.sm_fake_install_remove_multiple
11:40:22 INFO  Dir:   software_management_end_to_end/
11:40:22 INFO  Title: Validate end to end behaviour for the dummy-plugin for multiple packages
11:40:22 INFO  ==============================================================
11:40:22 INFO  Testing the fake plugin is not enabled.Use parameter -Xfakeplugin=fakeplugin to enable it ... skipped
11:40:22 WARN  Aborted test due to SKIPPED outcome
11:40:22 INFO  
11:40:22 INFO  Test duration: 0.02 secs
11:40:22 INFO  Test final outcome:  SKIPPED
11:40:22 INFO  Test outcome reason: Testing the fake plugin is not enabled.Use parameter -Xfakeplugin=fakeplugin to enable it
11:40:22 INFO  
</system-out>
	</testcase>
<testcase classname="PySysTest" name="SoftwareManagement.sm_fake_install_remove_multiple" />
</testsuite><testsuite name="SoftwareManagement.sm_mapper_fail_and_reconnect" tests="2" errors="0" failures="0" skipped="2" time="0"><testcase classname="MapperC8yReceiveLastMessageOnRestart" name="SoftwareManagement.sm_mapper_fail_and_reconnect">
		<skipped message="SKIPPED: instable https://github.com/thin-edge/thin-edge.io/issues/752" />
		<system-out>11:40:22 INFO  ==============================================================
11:40:22 INFO  Id:    SoftwareManagement.sm_mapper_fail_and_reconnect
11:40:22 INFO  Dir:   software_management_end_to_end/
11:40:22 INFO  Title: Validate the tedge-mapper-sm-c8y for receiving the last message on restart
11:40:22 INFO  ==============================================================
11:40:22 INFO  instable https://github.com/thin-edge/thin-edge.io/issues/752 ... skipped
11:40:22 INFO  
11:40:22 INFO  Test duration: 0.02 secs
11:40:22 INFO  Test final outcome:  SKIPPED
11:40:22 INFO  Test outcome reason: instable https://github.com/thin-edge/thin-edge.io/issues/752
11:40:22 INFO  
</system-out>
	</testcase>
<testcase classname="MapperC8yReceiveLastMessageOnRestart" name="SoftwareManagement.sm_mapper_fail_and_reconnect">
		<skipped message="SKIPPED: instable https://github.com/thin-edge/thin-edge.io/issues/752" />
		<system-out>12:52:45 INFO  ==============================================================
12:52:45 INFO  Id:    SoftwareManagement.sm_mapper_fail_and_reconnect
12:52:45 INFO  Dir:   software_management_end_to_end/
12:52:45 INFO  Title: Validate the tedge-mapper-sm-c8y for receiving the last message on restart
12:52:45 INFO  ==============================================================
12:52:45 INFO  instable https://github.com/thin-edge/thin-edge.io/issues/752 ... skipped
12:52:45 INFO  
12:52:45 INFO  Test duration: 0.04 secs
12:52:45 INFO  Test final outcome:  SKIPPED
12:52:45 INFO  Test outcome reason: instable https://github.com/thin-edge/thin-edge.io/issues/752
12:52:45 INFO  
</system-out>
	</testcase>
</testsuite><testsuite name="SoftwareManagement.sm_mixed_install_remove_multiple" tests="2" errors="0" failures="1" skipped="1" time="0"><testcase classname="PySysTest" name="SoftwareManagement.sm_mixed_install_remove_multiple">
		<skipped message="SKIPPED: Testing the fake plugin is not enabled.Use parameter -Xfakeplugin=fakeplugin to enable it" />
		<system-out>11:40:22 INFO  ==============================================================
11:40:22 INFO  Id:    SoftwareManagement.sm_mixed_install_remove_multiple
11:40:22 INFO  Dir:   software_management_end_to_end/
11:40:22 INFO  Title: Validate end to end behaviour for the dummy-plugin for multiple packages with mixed versions
11:40:22 INFO  ==============================================================
11:40:22 INFO  Testing the fake plugin is not enabled.Use parameter -Xfakeplugin=fakeplugin to enable it ... skipped
11:40:22 WARN  Aborted test due to SKIPPED outcome
11:40:22 INFO  
11:40:22 INFO  Test duration: 0.03 secs
11:40:22 INFO  Test final outcome:  SKIPPED
11:40:22 INFO  Test outcome reason: Testing the fake plugin is not enabled.Use parameter -Xfakeplugin=fakeplugin to enable it
11:40:22 INFO  
</system-out>
	</testcase>
<testcase classname="PySysTest" name="SoftwareManagement.sm_mixed_install_remove_multiple">
		<failure message="FAILED: Assert that (False == value) with value=True" type="FAILED" />
		<system-out>12:52:45 INFO  ==============================================================
12:52:45 INFO  Id:    SoftwareManagement.sm_mixed_install_remove_multiple
12:52:45 INFO  Dir:   software_management_end_to_end/
12:52:45 INFO  Title: Validate end to end behaviour for the dummy-plugin for multiple packages with mixed versions
[...]
11:28:37 INFO  Executed sudo&lt;rm_tmp_logs&gt;, exit status 0
11:28:37 INFO  Executed sudo&lt;send_failed&gt;, exit status 0
11:28:38 INFO  Executed sudo&lt;log_file_daemon&gt;, exit status 0
11:28:42 INFO  Executed sudo&lt;tedge_disconnect_c8y&gt;, exit status 0
11:28:43 INFO  Executed systemctl&lt;serv_mapper5&gt;, exit status 3
11:28:43 INFO  
11:28:43 INFO  Test duration: 27.13 secs
11:28:43 INFO  Test final outcome:  BLOCKED
11:28:43 INFO  Test outcome reason: TypeError: 'NoneType' object is not subscriptable
11:28:43 INFO  
</system-out>
	</testcase>
</testsuite><testsuite name="log_request_num_lines" tests="1" errors="0" failures="1" skipped="0" time="0"><testcase classname="LogRequestVerifyNumberOfLines" name="log_request_num_lines">
		<failure message="BLOCKED: TypeError: 'NoneType' object is not subscriptable" type="BLOCKED" />
		<system-out>11:28:43 INFO  ==============================================================
11:28:43 INFO  Id:    log_request_num_lines
11:28:43 INFO  Dir:   log_request_end_to_end/
11:28:43 INFO  Title: Validate end to end behaviour for the log request operation check for number of lines
11:28:43 INFO  ==============================================================
11:28:43 INFO  EnvironmentC8y Setup
11:28:43 INFO  Executed systemctl&lt;serv_mapper1&gt;, exit status 3
11:28:44 INFO  Restarting mosquitto too frequently in the last 10 seconds. It was only up for 4 seconds
11:28:44 INFO  Delaying execution by 7 seconds
11:29:07 INFO  Executed sudo&lt;tedge_connect_c8y&gt;, exit status 0, duration 16 secs
11:29:07 INFO  Executed sudo&lt;tedge_connect_c8y_test&gt;, exit status 0
11:29:08 INFO  Executed systemctl&lt;serv_mosq2&gt;, exit status 0
11:29:08 INFO  Executed systemctl&lt;serv_mapper3&gt;, exit status 0
11:29:09 INFO  Executed sudo&lt;rm_logs&gt;, exit status 0
11:29:10 INFO  Executed sudo&lt;move_logs&gt;, exit status 0
11:29:10 INFO  Executed sudo&lt;log_file_daemon&gt;, exit status 0
11:29:11 WARN  TypeError occurred while running test - 'NoneType' object is not subscriptable
Traceback (most recent call last):
  File "/home/pi/env-pysys/lib/python3.7/site-packages/pysys/baserunner.py", line 1294, in __call__
    self.testObj.execute()
  File "/home/pi/actions-runner/_work/thin-edge.io/thin-edge.io/tests/PySys/log_request_end_to_end/log_request_num_lines/run.py", line 46, in execute
    log_file_request_payload, self.project.deviceid
  File "/home/pi/actions-runner/_work/thin-edge.io/thin-edge.io/tests/PySys/environments/cumulocity.py", line 101, in trigger_log_request
    "deviceId": self.device_fragment["id"],
TypeError: 'NoneType' object is not subscriptable
11:29:11 WARN  TypeError: 'NoneType' object is not subscriptable ... blocked 
11:29:11 INFO  
11:29:11 INFO  cleanup:
11:29:11 INFO  Executed sudo&lt;rm_logs&gt;, exit status 0
11:29:12 INFO  Executed sudo&lt;rm_tmp_logs&gt;, exit status 0
11:29:12 INFO  Executed sudo&lt;send_failed&gt;, exit status 0
11:29:13 INFO  Executed sudo&lt;log_file_daemon&gt;, exit status 0
11:29:17 INFO  Executed sudo&lt;tedge_disconnect_c8y&gt;, exit status 0
11:29:17 INFO  Executed systemctl&lt;serv_mapper5&gt;, exit status 3
11:29:17 INFO  
11:29:17 INFO  Test duration: 34.63 secs
11:29:17 INFO  Test final outcome:  BLOCKED
11:29:17 INFO  Test outcome reason: TypeError: 'NoneType' object is not subscriptable
11:29:17 INFO  
</system-out>
	</testcase>
</testsuite><testsuite name="mapper_awaits_before_reconnect" tests="1" errors="0" failures="1" skipped="0" time="0"><testcase classname="MapperReconnectAwait" name="mapper_awaits_before_reconnect">
		<failure message="FAILED: Line count on tedge_mapper_journal.out for &quot;tedge_mapper::core::mapper: MQTT connection error:&quot; expected &gt;=2 but got 0" type="FAILED" />
		<system-out>11:43:25 INFO  ==============================================================
11:43:25 INFO  Id:    mapper_awaits_before_reconnect
11:43:25 INFO  Dir:   tedge_mapper_c8y/
11:43:25 INFO  Title: Validate mapper doesn't reconnect too often
11:43:25 INFO  ==============================================================
11:43:25 INFO  Started mosquitto_sub with process id 6703
11:43:25 INFO  Waiting for 0.1 seconds
11:43:26 INFO  Executed sudo&lt;tedge_mapper&gt;, exit status 0
11:43:26 INFO  Waiting for 5.0 seconds
11:43:31 INFO  Executed sudo&lt;tedge_mapper&gt;, exit status 0
11:43:34 INFO  Executed sudo&lt;tedge_mapper_journal&gt;, exit status 0
11:43:34 WARN  Grep on tedge_mapper_journal.out contains "ERROR" ... failed [run.py:67]
11:43:34 INFO  Line count on file tedge_mapper_journal.out ... passed
11:43:34 WARN  Line count on tedge_mapper_journal.out for "tedge_mapper::core::mapper: MQTT connection error:" expected &gt;=2 but got 0 ... failed [run.py:78]
11:43:34 WARN  Aborted test due to FAILED outcome
11:43:34 INFO  
11:43:34 INFO  Test duration: 9.34 secs
11:43:34 INFO  Test final outcome:  FAILED
11:43:34 INFO  Test outcome reason: Line count on tedge_mapper_journal.out for "tedge_mapper::core::mapper: MQTT connection error:" expected &gt;=2 but got 0
11:43:34 INFO  
</system-out>
	</testcase>
</testsuite><testsuite name="monitoring_smaller_interval" tests="1" errors="0" failures="1" skipped="0" time="0"><testcase classname="MonitoringSmallInterval" name="monitoring_smaller_interval">
		<failure message="BLOCKED: TypeError: 'int' object is not subscriptable" type="BLOCKED" />
		<system-out>11:30:20 INFO  ==============================================================
11:30:20 INFO  Id:    monitoring_smaller_interval
11:30:20 INFO  Dir:   monitoring/
11:30:20 INFO  Title: Validate the tedge dm agent messages that are produced with smaller sampling interval than the batching window. Here the simulated collectd messages are used
11:30:20 INFO  ==============================================================
11:30:21 INFO  Executed sudo&lt;collectd&gt;, exit status 0
11:30:22 INFO  Executed sudo&lt;collectd_mapper&gt;, exit status 0
11:30:22 INFO  Started sudo&lt;tedge_sub&gt; with process id 2847
11:30:22 INFO  Executed sudo&lt;tedge_temp&gt;, exit status 0
11:30:23 INFO  Executed sudo&lt;tedge_pres&gt;, exit status 0
11:30:23 INFO  Executed sudo&lt;tedge_temp&gt;, exit status 0
11:30:24 INFO  Executed sudo&lt;tedge_pres&gt;, exit status 0
11:30:24 INFO  Executed sudo&lt;tedge_temp&gt;, exit status 0
11:30:25 INFO  Executed sudo&lt;tedge_pres&gt;, exit status 0
11:30:26 INFO  Executed sudo&lt;tedge_temp&gt;, exit status 0
11:30:26 INFO  Executed sudo&lt;tedge_pres&gt;, exit status 0
11:30:27 INFO  Executed sudo&lt;tedge_temp&gt;, exit status 0
11:30:27 INFO  Executed sudo&lt;tedge_pres&gt;, exit status 0
11:30:28 INFO  Executed sudo&lt;tedge_temp&gt;, exit status 0
11:30:28 INFO  Executed sudo&lt;tedge_pres&gt;, exit status 0
11:30:29 INFO  Executed sudo&lt;tedge_temp&gt;, exit status 0
11:30:30 INFO  Executed sudo&lt;tedge_pres&gt;, exit status 0
11:30:30 INFO  Executed sudo&lt;tedge_temp&gt;, exit status 0
11:30:31 INFO  Executed sudo&lt;tedge_pres&gt;, exit status 0
11:30:31 INFO  Executed sudo&lt;tedge_temp&gt;, exit status 0
11:30:32 INFO  Executed sudo&lt;tedge_pres&gt;, exit status 0
11:30:32 INFO  Executed sudo&lt;tedge_temp&gt;, exit status 0
11:30:33 INFO  Executed sudo&lt;tedge_pres&gt;, exit status 0
11:30:35 INFO  Executed sudo&lt;kill_out&gt;, exit status 0
11:30:35 INFO  0

11:30:35 WARN  TypeError occurred while running test - 'int' object is not subscriptable
Traceback (most recent call last):
  File "/home/pi/env-pysys/lib/python3.7/site-packages/pysys/baserunner.py", line 1296, in __call__
    self.testObj.validate()
  File "/home/pi/actions-runner/_work/thin-edge.io/thin-edge.io/tests/PySys/monitoring/monitoring_smaller_interval/run.py", line 104, in validate
    collectd_msg_validation_result=self.validate_json(),
  File "/home/pi/actions-runner/_work/thin-edge.io/thin-edge.io/tests/PySys/monitoring/monitoring_smaller_interval/run.py", line 114, in validate_json
    if not self.validate_time():
  File "/home/pi/actions-runner/_work/thin-edge.io/thin-edge.io/tests/PySys/monitoring/monitoring_smaller_interval/run.py", line 134, in validate_time
    if self.js_msg["time"]:
TypeError: 'int' object is not subscriptable
11:30:35 WARN  TypeError: 'int' object is not subscriptable ... blocked 
11:30:35 INFO  
11:30:35 INFO  cleanup:
11:30:35 INFO  monitoring_cleanup
11:30:35 INFO  Executed sudo&lt;collectd_mapper&gt;, exit status 0
11:30:35 INFO  
11:30:35 INFO  Test duration: 15.11 secs
11:30:35 INFO  Test final outcome:  BLOCKED
11:30:35 INFO  Test outcome reason: TypeError: 'int' object is not subscriptable
11:30:35 INFO  
</system-out>
	</testcase>
</testsuite><testsuite name="monitoring_with_collectd" tests="1" errors="0" failures="0" skipped="1" time="0"><testcase classname="MonitoringWithCollectd" name="monitoring_with_collectd">
		<skipped message="SKIPPED: Test execution disabled due to #792 (instable)" />
		<system-out>11:30:35 INFO  ==============================================================
11:30:35 INFO  Id:    monitoring_with_collectd
11:30:35 INFO  Dir:   monitoring/
11:30:35 INFO  Title: Validate tedge dm agent messages that are produced by batching the collectd messages
11:30:35 INFO  ==============================================================
11:30:35 INFO  Test execution disabled due to #792 (instable) ... skipped
11:30:35 INFO  
11:30:35 INFO  Test duration: 0.04 secs
11:30:35 INFO  Test final outcome:  SKIPPED
11:30:35 INFO  Test outcome reason: Test execution disabled due to #792 (instable)
11:30:35 INFO  
</system-out>
	</testcase>
</testsuite><testsuite name="monitoring_with_simulated_messages" tests="1" errors="0" failures="1" skipped="0" time="0"><testcase classname="MonitoringWithSimulatedMessages" name="monitoring_with_simulated_messages">
		<failure message="BLOCKED: TypeError: 'int' object is not subscriptable" type="BLOCKED" />
		<system-out>11:30:35 INFO  ==============================================================
11:30:35 INFO  Id:    monitoring_with_simulated_messages
11:30:35 INFO  Dir:   monitoring/
11:30:35 INFO  Title: Validate the tedge dm agent messages that are produced from the simulated collectd messages
11:30:35 INFO  ==============================================================
11:30:36 INFO  Executed sudo&lt;collectd&gt;, exit status 0
11:30:37 INFO  Executed sudo&lt;collectd_mapper&gt;, exit status 0
11:30:37 INFO  Started sudo&lt;tedge_sub&gt; with process id 2911
11:30:37 INFO  Executed sudo&lt;tedge_temp&gt;, exit status 0
11:30:38 INFO  Executed sudo&lt;tedge_pres&gt;, exit status 0
11:30:39 INFO  Executed sudo&lt;kill_out&gt;, exit status 0
11:30:39 INFO  0

11:30:39 WARN  TypeError occurred while running test - 'int' object is not subscriptable
Traceback (most recent call last):
  File "/home/pi/env-pysys/lib/python3.7/site-packages/pysys/baserunner.py", line 1296, in __call__
    self.testObj.validate()
  File "/home/pi/actions-runner/_work/thin-edge.io/thin-edge.io/tests/PySys/monitoring/monitoring_with_simulated_messages/run.py", line 98, in validate
    collectd_msg_validation_result=self.validate_json(),
  File "/home/pi/actions-runner/_work/thin-edge.io/thin-edge.io/tests/PySys/monitoring/monitoring_with_simulated_messages/run.py", line 108, in validate_json
    if not self.validate_time():
  File "/home/pi/actions-runner/_work/thin-edge.io/thin-edge.io/tests/PySys/monitoring/monitoring_with_simulated_messages/run.py", line 127, in validate_time
    if self.js_msg["time"]:
TypeError: 'int' object is not subscriptable
11:30:39 WARN  TypeError: 'int' object is not subscriptable ... blocked 
11:30:39 INFO  
11:30:39 INFO  cleanup:
11:30:39 INFO  monitoring_cleanup
11:30:40 INFO  Executed sudo&lt;collectd_mapper&gt;, exit status 0
11:30:40 INFO  
11:30:40 INFO  Test duration: 4.56 secs
11:30:40 INFO  Test final outcome:  BLOCKED
11:30:40 INFO  Test outcome reason: TypeError: 'int' object is not subscriptable
11:30:40 INFO  
</system-out>
	</testcase>
</testsuite><testsuite name="mqtt_port_change_connection_fails" tests="1" errors="0" failures="0" skipped="0" time="0"><testcase classname="MqttPortChangeConnectionFails" name="mqtt_port_change_connection_fails" />
</testsuite><testsuite name="mqtt_port_change_connection_works" tests="1" errors="0" failures="0" skipped="1" time="0"><testcase classname="MqttPortChangeConnectionWorks" name="mqtt_port_change_connection_works">
		<skipped message="SKIPPED: failing intermitently" />
		<system-out>11:29:53 INFO  ==============================================================
11:29:53 INFO  Id:    mqtt_port_change_connection_works
11:29:53 INFO  Dir:   misc_features/
11:29:53 INFO  Title: mqtt port change connection works for all the thin-edge services that use the mosquitto broker
11:29:53 INFO  ==============================================================
11:29:53 INFO  failing intermitently ... skipped
11:29:53 INFO  
11:29:53 INFO  Test duration: 0.05 secs
11:29:53 INFO  Test final outcome:  SKIPPED
11:29:53 INFO  Test outcome reason: failing intermitently
11:29:53 INFO  
</system-out>
	</testcase>
</testsuite><testsuite name="publish_flux" tests="1" errors="0" failures="0" skipped="0" time="0"><testcase classname="PublishFlux" name="publish_flux" />
</testsuite><testsuite name="publish_sawmill" tests="1" errors="0" failures="0" skipped="0" time="0"><testcase classname="PublishSawmill" name="publish_sawmill" />
</testsuite><testsuite name="runtime_start_two_mappers" tests="1" errors="0" failures="0" skipped="0" time="0"><testcase classname="RuntimeMultiMappers" name="runtime_start_two_mappers" />
</testsuite><testsuite name="sm_tedge_mapper_init_session" tests="1" errors="0" failures="0" skipped="0" time="0"><testcase classname="TedgeSMMapperInitSession" name="sm_tedge_mapper_init_session" />
</testsuite><testsuite name="smoketest_json" tests="1" errors="0" failures="0" skipped="0" time="0"><testcase classname="SmokeTestJson" name="smoketest_json" />
</testsuite><testsuite name="smoketest_json_400_samples_10ms" tests="1" errors="0" failures="0" skipped="0" time="0"><testcase classname="SmoketestJson400Samples10ms" name="smoketest_json_400_samples_10ms" />
</testsuite><testsuite name="smoketest_json_400_samples_20ms" tests="1" errors="0" failures="0" skipped="0" time="0"><testcase classname="SmoketestJson400Samples20ms" name="smoketest_json_400_samples_20ms" />
</testsuite><testsuite name="smoketest_smartrest" tests="1" errors="0" failures="0" skipped="0" time="0"><testcase classname="SmoketestSmartRest" name="smoketest_smartrest" />
</testsuite><testsuite name="smoketest_smartrest_400_samples_1Xms" tests="1" errors="0" failures="0" skipped="0" time="0"><testcase classname="SmoketestSmartRest400Samples1Xms" name="smoketest_smartrest_400_samples_1Xms" />
</testsuite><testsuite name="smoketest_smartrest_400_samples_20ms" tests="1" errors="0" failures="0" skipped="0" time="0"><testcase classname="SmoketestSmartRest400Samples20ms" name="smoketest_smartrest_400_samples_20ms" />
</testsuite><testsuite name="tedge_agent_user_sudo_access" tests="1" errors="0" failures="0" skipped="1" time="0"><testcase classname="TedgeAgentUserSudoAccess" name="tedge_agent_user_sudo_access">
		<skipped message="SKIPPED: #955 Observation: Exit code of the apt plugin when called with no arguments" />
		<system-out>11:40:48 INFO  ==============================================================
11:40:48 INFO  Id:    tedge_agent_user_sudo_access
11:40:48 INFO  Dir:   tedge/
11:40:48 INFO  Title: Validate tedge-agent user has a limited sudo right
11:40:48 INFO  ==============================================================
11:40:48 INFO  #955 Observation: Exit code of the apt plugin when called with no arguments ... skipped
11:40:48 INFO  
11:40:48 INFO  Test duration: 0.04 secs
11:40:48 INFO  Test final outcome:  SKIPPED
11:40:48 INFO  Test outcome reason: #955 Observation: Exit code of the apt plugin when called with no arguments
11:40:48 INFO  
</system-out>
	</testcase>
</testsuite><testsuite name="tedge_connect_test_negative" tests="1" errors="0" failures="0" skipped="0" time="0"><testcase classname="TedgeConnectTestNegative" name="tedge_connect_test_negative" />
</testsuite><testsuite name="tedge_connect_test_positive" tests="1" errors="0" failures="0" skipped="0" time="0"><testcase classname="TedgeConnectTestPositive" name="tedge_connect_test_positive" />
</testsuite><testsuite name="tedge_connect_test_sm_services" tests="1" errors="0" failures="0" skipped="0" time="0"><testcase classname="TedgeConnectTestSMServices" name="tedge_connect_test_sm_services" />
</testsuite><testsuite name="tedge_disconnect_test_sm_services" tests="1" errors="0" failures="0" skipped="0" time="0"><testcase classname="TedgeDisConnectTestSMServices" name="tedge_disconnect_test_sm_services" />
</testsuite><testsuite name="tedge_mapper_az_negative" tests="1" errors="0" failures="0" skipped="0" time="0"><testcase classname="TedgeMapperAzError" name="tedge_mapper_az_negative" />
</testsuite><testsuite name="tedge_mapper_az_with_timestamp" tests="1" errors="0" failures="0" skipped="0" time="0"><testcase classname="TedgeMapperAzWithTimestamp" name="tedge_mapper_az_with_timestamp" />
</testsuite><testsuite name="tedge_mapper_az_without_timestamp" tests="1" errors="0" failures="0" skipped="0" time="0"><testcase classname="TedgeMapperAzWithoutTimestamp" name="tedge_mapper_az_without_timestamp" />
</testsuite><testsuite name="tedge_mapper_c8y_alarms" tests="1" errors="0" failures="0" skipped="0" time="0"><testcase classname="TedgeMapperC8yAlarm" name="tedge_mapper_c8y_alarms" />
</testsuite><testsuite name="tedge_mapper_c8y_child_device_measurement" tests="1" errors="0" failures="0" skipped="0" time="0"><testcase classname="TedgeMapperC8yChildDevice" name="tedge_mapper_c8y_child_device_measurement" />
</testsuite><testsuite name="tedge_mapper_c8y_packet_threshold_size" tests="1" errors="0" failures="1" skipped="0" time="0"><testcase classname="TedgeMapperC8yThresholdPacketSize" name="tedge_mapper_c8y_packet_threshold_size">
		<failure message="FAILED: Grep on tedge_sub.out contains &quot;The size of the message received on tedge/measurements is 20489 which is greater than the threshold size of 16184.&quot;" type="FAILED" />
		<system-out>11:45:13 INFO  ==============================================================
11:45:13 INFO  Id:    tedge_mapper_c8y_packet_threshold_size
11:45:13 INFO  Dir:   tedge_mapper_c8y/
11:45:13 INFO  Title: Validate the Cumulocity Mapper accepted threshold packet size when it receives a message on tedge/measurements
11:45:13 INFO  ==============================================================
11:45:14 INFO  Executed sudo&lt;tedge_mapper_c8y&gt;, exit status 0
11:45:14 INFO  Started sudo&lt;tedge_sub&gt; with process id 7293
11:45:14 INFO  Executed sudo&lt;tedge_msg&gt;, exit status 0
11:45:15 INFO  Executed sudo&lt;tedge_pub&gt;, exit status 0
11:45:15 INFO  Executed sudo&lt;kill_out&gt;, exit status 0
11:45:15 WARN  Grep on tedge_sub.out contains "The size of the message received on tedge/measurements is 20489 which is greater than the threshold size of 16184." ... failed [run.py:88]
11:45:15 INFO  
11:45:15 INFO  cleanup:
11:45:15 INFO  mapper_cleanup
11:45:16 INFO  Executed sudo&lt;tedge_mapper_c8y&gt;, exit status 0
11:45:16 INFO  
11:45:16 INFO  Test duration: 2.96 secs
11:45:16 INFO  Test final outcome:  FAILED
11:45:16 INFO  Test outcome reason: Grep on tedge_sub.out contains "The size of the message received on tedge/measurements is 20489 which is greater than the threshold size of 16184."
11:45:16 INFO  
</system-out>
	</testcase>
</testsuite><testsuite name="tedge_software_update" tests="1" errors="0" failures="0" skipped="0" time="0"><testcase classname="PySysTest" name="tedge_software_update" />
</testsuite><testsuite name="valid_device_id" tests="1" errors="0" failures="0" skipped="0" time="0"><testcase classname="ValidateValidDeviceId" name="valid_device_id" />
</testsuite></testsuites>