<?xml version='1.0' encoding='utf-8'?>
<testsuites tests="139" failures="16" errors="0" skipped="45" time="0.0"><testsuite name="SoftwareManagement.Plugin.apama_plugin_install" tests="3" errors="0" failures="0" skipped="1" time="0"><testcase classname="ApamaPluginInstallTest" name="SoftwareManagement.Plugin.apama_plugin_install">
		<skipped message="SKIPPED: Apama plugin tests are disabled by default. Execute `pysys run` with `-XmyPlatform=container` to run these tests" />
		<system-out>09:12:13 INFO  ==============================================================
09:12:13 INFO  Id:    SoftwareManagement.Plugin.apama_plugin_install
09:12:13 INFO  Dir:   plugin_apama/
09:12:13 INFO  Title: Validate apama plugin install
09:12:13 INFO  ==============================================================
09:12:13 INFO  Apama plugin tests are disabled by default. Execute `pysys run` with `-XmyPlatform=container` to run these tests ... skipped
09:12:13 WARN  Aborted test due to SKIPPED outcome
09:12:13 INFO  
09:12:13 INFO  Test duration: 0.05 secs
09:12:13 INFO  Test final outcome:  SKIPPED
09:12:13 INFO  Test outcome reason: Apama plugin tests are disabled by default. Execute `pysys run` with `-XmyPlatform=container` to run these tests
09:12:13 INFO  
</system-out>
	</testcase>
<testcase classname="ApamaPluginInstallTest" name="SoftwareManagement.Plugin.apama_plugin_install" />
<testcase classname="ApamaPluginInstallTest" name="SoftwareManagement.Plugin.apama_plugin_install" />
</testsuite><testsuite name="SoftwareManagement.Plugin.apama_plugin_mon_support" tests="3" errors="0" failures="0" skipped="1" time="0"><testcase classname="ApamaPluginMonSupportTest" name="SoftwareManagement.Plugin.apama_plugin_mon_support">
		<skipped message="SKIPPED: Apama plugin tests are disabled by default. Execute `pysys run` with `-XmyPlatform=container` to run these tests" />
		<system-out>09:12:13 INFO  ==============================================================
09:12:13 INFO  Id:    SoftwareManagement.Plugin.apama_plugin_mon_support
09:12:13 INFO  Dir:   plugin_apama/
09:12:13 INFO  Title: Validate mon file support of apama plugin
09:12:13 INFO  ==============================================================
09:12:13 INFO  Apama plugin tests are disabled by default. Execute `pysys run` with `-XmyPlatform=container` to run these tests ... skipped
09:12:13 WARN  Aborted test due to SKIPPED outcome
09:12:13 INFO  
09:12:13 INFO  Test duration: 0.02 secs
09:12:13 INFO  Test final outcome:  SKIPPED
09:12:13 INFO  Test outcome reason: Apama plugin tests are disabled by default. Execute `pysys run` with `-XmyPlatform=container` to run these tests
09:12:13 INFO  
</system-out>
	</testcase>
<testcase classname="ApamaPluginMonSupportTest" name="SoftwareManagement.Plugin.apama_plugin_mon_support" />
<testcase classname="ApamaPluginMonSupportTest" name="SoftwareManagement.Plugin.apama_plugin_mon_support" />
</testsuite><testsuite name="SoftwareManagement.Plugin.apama_plugin_remove" tests="3" errors="0" failures="0" skipped="1" time="0"><testcase classname="ApamaPluginRemoveTest" name="SoftwareManagement.Plugin.apama_plugin_remove">
		<skipped message="SKIPPED: Apama plugin tests are disabled by default. Execute `pysys run` with `-XmyPlatform=container` to run these tests" />
		<system-out>09:12:13 INFO  ==============================================================
09:12:13 INFO  Id:    SoftwareManagement.Plugin.apama_plugin_remove
09:12:13 INFO  Dir:   plugin_apama/
09:12:13 INFO  Title: Validate apama plugin remove
09:12:13 INFO  ==============================================================
09:12:13 INFO  Apama plugin tests are disabled by default. Execute `pysys run` with `-XmyPlatform=container` to run these tests ... skipped
09:12:13 WARN  Aborted test due to SKIPPED outcome
09:12:13 INFO  
09:12:13 INFO  Test duration: 0.02 secs
09:12:13 INFO  Test final outcome:  SKIPPED
09:12:13 INFO  Test outcome reason: Apama plugin tests are disabled by default. Execute `pysys run` with `-XmyPlatform=container` to run these tests
09:12:13 INFO  
</system-out>
	</testcase>
<testcase classname="ApamaPluginRemoveTest" name="SoftwareManagement.Plugin.apama_plugin_remove" />
<testcase classname="ApamaPluginRemoveTest" name="SoftwareManagement.Plugin.apama_plugin_remove" />
</testsuite><testsuite name="SoftwareManagement.Plugin.apama_plugin_update" tests="3" errors="0" failures="2" skipped="1" time="0"><testcase classname="ApamaPluginUpdateTest" name="SoftwareManagement.Plugin.apama_plugin_update">
		<skipped message="SKIPPED: Apama plugin tests are disabled by default. Execute `pysys run` with `-XmyPlatform=container` to run these tests" />
		<system-out>09:12:13 INFO  ==============================================================
09:12:13 INFO  Id:    SoftwareManagement.Plugin.apama_plugin_update
09:12:13 INFO  Dir:   plugin_apama/
09:12:13 INFO  Title: Validate apama plugin updating one project with another
09:12:13 INFO  ==============================================================
09:12:13 INFO  Apama plugin tests are disabled by default. Execute `pysys run` with `-XmyPlatform=container` to run these tests ... skipped
09:12:13 WARN  Aborted test due to SKIPPED outcome
09:12:13 INFO  
09:12:13 INFO  Test duration: 0.02 secs
09:12:13 INFO  Test final outcome:  SKIPPED
09:12:13 INFO  Test outcome reason: Apama plugin tests are disabled by default. Execute `pysys run` with `-XmyPlatform=container` to run these tests
09:12:13 INFO  
</system-out>
	</testcase>
<testcase classname="ApamaPluginUpdateTest" name="SoftwareManagement.Plugin.apama_plugin_update">
		<failure message="BLOCKED: sudo&lt;plugin_install&gt; returned non-zero exit code 2" type="BLOCKED" />
		<system-out>10:03:45 INFO  ==============================================================
10:03:45 INFO  Id:    SoftwareManagement.Plugin.apama_plugin_update
10:03:45 INFO  Dir:   plugin_apama/
10:03:45 INFO  Title: Validate apama plugin updating one project with another
10:03:45 INFO  ==============================================================
10:03:45 INFO  Assertion that path exists=False for "/etc/tedge/apama/project" ... passed
10:03:46 INFO  Executed sudo&lt;create_project_dir&gt;, exit status 0
10:03:46 INFO  Executed sudo&lt;unzip_apama_project&gt;, exit status 0
10:03:47 INFO  Executed sudo&lt;move_apama_project&gt;, exit status 0
10:03:47 INFO  Executed sudo&lt;restart_apama_service&gt;, exit status 0
10:03:48 INFO  Executed sudo&lt;apama_correlator_wait&gt;, exit status 0
10:03:48 INFO  Assertion that path exists=True for "/etc/tedge/apama/project" ... passed
10:03:49 INFO  Executed sudo&lt;apama_list_monitors&gt;, exit status 0
10:03:49 INFO  Grep on file /home/pi/actions-runner/_work/thin-edge.io/thin-edge.io/tests/PySys/plugin_apama/apama_plugin_update/Output/linux/apama_list_monitors.out ... passed
10:03:50 WARN  Executed sudo&lt;plugin_install&gt;, exit status 2
10:03:50 INFO  Contents of plugin_install.err: 
  ERROR: Directory not empty (os error 39)
  -----

10:03:50 WARN  sudo&lt;plugin_install&gt; returned non-zero exit code 2 ... blocked [run.py:35]
10:03:50 WARN  Aborted test due to BLOCKED outcome
10:03:50 INFO  
10:03:50 INFO  cleanup:
10:03:50 INFO  Removing apama project
10:04:05 INFO  Executed sudo&lt;stop_apama_service&gt;, exit status 0, duration 15 secs
10:04:06 INFO  Executed sudo&lt;remove_apama_project&gt;, exit status 0
10:04:06 INFO  Executed sudo&lt;remove_apama_tmp_dir&gt;, exit status 0
10:04:06 INFO  
10:04:06 INFO  Test duration: 21.40 secs
10:04:06 INFO  Test final outcome:  BLOCKED
10:04:06 INFO  Test outcome reason: sudo&lt;plugin_install&gt; returned non-zero exit code 2
10:04:06 INFO  
</system-out>
	</testcase>
<testcase classname="ApamaPluginUpdateTest" name="SoftwareManagement.Plugin.apama_plugin_update">
		<failure message="BLOCKED: sudo&lt;plugin_install&gt; returned non-zero exit code 2" type="BLOCKED" />
		<system-out>10:12:32 INFO  ==============================================================
10:12:32 INFO  Id:    SoftwareManagement.Plugin.apama_plugin_update
10:12:32 INFO  Dir:   plugin_apama/
10:12:32 INFO  Title: Validate apama plugin updating one project with another
10:12:32 INFO  ==============================================================
10:12:32 INFO  Assertion that path exists=False for "/etc/tedge/apama/project" ... passed
10:12:33 INFO  Executed sudo&lt;create_project_dir&gt;, exit status 0
10:12:33 INFO  Executed sudo&lt;unzip_apama_project&gt;, exit status 0
10:12:34 INFO  Executed sudo&lt;move_apama_project&gt;, exit status 0
10:12:35 INFO  Executed sudo&lt;restart_apama_service&gt;, exit status 0
10:12:35 INFO  Executed sudo&lt;apama_correlator_wait&gt;, exit status 0
10:12:35 INFO  Assertion that path exists=True for "/etc/tedge/apama/project" ... passed
10:12:36 INFO  Executed sudo&lt;apama_list_monitors&gt;, exit status 0
10:12:36 INFO  Grep on file /home/pi/actions-runner/_work/thin-edge.io/thin-edge.io/tests/PySys/plugin_apama/apama_plugin_update/Output/linux/apama_list_monitors.out ... passed
10:12:37 WARN  Executed sudo&lt;plugin_install&gt;, exit status 2
10:12:37 INFO  Contents of plugin_install.err: 
  ERROR: Directory not empty (os error 39)
  -----

10:12:37 WARN  sudo&lt;plugin_install&gt; returned non-zero exit code 2 ... blocked [run.py:35]
10:12:37 WARN  Aborted test due to BLOCKED outcome
10:12:37 INFO  
10:12:37 INFO  cleanup:
10:12:37 INFO  Removing apama project
10:12:53 INFO  Executed sudo&lt;stop_apama_service&gt;, exit status 0, duration 15 secs
10:12:53 INFO  Executed sudo&lt;remove_apama_project&gt;, exit status 0
10:12:54 INFO  Executed sudo&lt;remove_apama_tmp_dir&gt;, exit status 0
10:12:54 INFO  
10:12:54 INFO  Test duration: 21.72 secs
10:12:54 INFO  Test final outcome:  BLOCKED
10:12:54 INFO  Test outcome reason: sudo&lt;plugin_install&gt; returned non-zero exit code 2
10:12:54 INFO  
</system-out>
	</testcase>
</testsuite><testsuite name="SoftwareManagement.sm_apt_install_download_path" tests="3" errors="0" failures="2" skipped="1" time="0"><testcase classname="AptInstallWithDownloadPath" name="SoftwareManagement.sm_apt_install_download_path">
		<skipped message="SKIPPED: Testing the apt plugin is not supported on this platform.Use parameter -XmyPlatform='container' to enable it" />
		<system-out>09:21:47 INFO  ==============================================================
09:21:47 INFO  Id:    SoftwareManagement.sm_apt_install_download_path
09:21:47 INFO  Dir:   software_management_end_to_end/
09:21:47 INFO  Title: Install package to directory specified in tedge config set tmp.path
09:21:47 INFO  ==============================================================
09:21:47 INFO  Testing the apt plugin is not supported on this platform.Use parameter -XmyPlatform='container' to enable it ... skipped
09:21:47 WARN  Aborted test due to SKIPPED outcome
09:21:47 INFO  
09:21:47 INFO  Test duration: 0.06 secs
09:21:47 INFO  Test final outcome:  SKIPPED
09:21:47 INFO  Test outcome reason: Testing the apt plugin is not supported on this platform.Use parameter -XmyPlatform='container' to enable it
09:21:47 INFO  
</system-out>
	</testcase>
<testcase classname="AptInstallWithDownloadPath" name="SoftwareManagement.sm_apt_install_download_path">
		<failure message="BLOCKED: AssertionError:" type="BLOCKED" />
		<system-out>09:45:50 INFO  ==============================================================
09:45:50 INFO  Id:    SoftwareManagement.sm_apt_install_download_path
09:45:50 INFO  Dir:   software_management_end_to_end/
09:45:50 INFO  Title: Install package to directory specified in tedge config set tmp.path
09:45:50 INFO  ==============================================================
09:45:50 INFO  Using sw id database: {'asciijump': '5475369', 'robotfindskitten': '5474869', 'squirrel3': '5475279', 'rolldice': '5152439', 'moon-buggy': '5439204', 'apple': '5495053', 'banana': '5494888', 'cherry': '5495382', 'watermelon': '5494510', 'registry': '8018911', 'hello-world': '8021526', 'docker/getting-started': '8021973', 'alpine': '7991792'}
09:45:50 INFO  EnvironmentC8y Setup
09:45:51 INFO  Executed systemctl&lt;serv_mapper1&gt;, exit status 3
09:46:05 INFO  Executed sudo&lt;tedge_connect_c8y&gt;, exit status 0, duration 14 secs
09:46:07 INFO  Executed sudo&lt;tedge_connect_c8y_test&gt;, exit status 0
09:46:08 INFO  Executed systemctl&lt;serv_mosq2&gt;, exit status 0
09:46:09 INFO  Executed systemctl&lt;serv_mapper3&gt;, exit status 0
09:46:11 ERROR No operations found, assuming it passed
09:46:11 INFO  Assert that (False == value) with value=False ... passed
09:46:12 INFO  Executed sudo, exit status 0
09:46:12 INFO  Executed sudo, exit status 0
09:46:13 INFO  Executed sudo, exit status 0
09:46:17 INFO  Executed sudo&lt;tedge_disconnect_c8y&gt;, exit status 0
09:46:17 INFO  Restarting mosquitto too frequently in the last 10 seconds. It was only up for 3 seconds
09:46:17 INFO  Delaying execution by 8 seconds
09:46:39 INFO  Executed sudo&lt;tedge_connect_c8y&gt;, exit status 0, duration 13 secs
09:46:39 INFO  Response status: 201
09:46:39 INFO  Response to action: {
    "creationTime": "2022-06-10T09:46:39.544Z",
    "deviceId": "20113552",
    "deviceName": "m32sd10d",
    "self": "https://t493319102.eu-latest.cumulocity.com/devicecontrol/operations/20121673",
    "id": "20121673",
    "status": "PENDING",
    "description": "Apply software changes, triggered from PySys: [{'name': 'rolldice', 'id': '5152439', 'version': '::apt', 'url': 'https://thin-edge-io.eu-latest.cumulocity.com/inventory/binaries/12435463', 'action': 'install'}]",
    "c8y_SoftwareUpdate": [
        {
            "name": "rolldice",
            "action": "install",
            "id": "5152439",
            "version": "::apt",
            "url": "https://thin-edge-io.eu-latest.cumulocity.com/inventory/binaries/12435463"
        }
    ]
}
09:46:39 INFO  Started operation: {'creationTime': '2022-06-10T09:46:39.544Z', 'deviceId': '20113552', 'deviceName': 'm32sd10d', 'self': 'https://t493319102.eu-latest.cumulocity.com/devicecontrol/operations/20121673', 'id': '20121673', 'status': 'PENDING', 'description': "Apply software changes, triggered from PySys: [{'name': 'rolldice', 'id': '5152439', 'version': '::apt', 'url': 'https://thin-edge-io.eu-latest.cumulocity.com/inventory/binaries/12435463', 'action': 'install'}]", 'c8y_SoftwareUpdate': [{'name': 'rolldice', 'action': 'install', 'id': '5152439', 'version': '::apt', 'url': 'https://thin-edge-io.eu-latest.cumulocity.com/inventory/binaries/12435463'}]}
09:46:39 WARN  , retrying in 0.5 seconds...
09:46:40 WARN  , retrying in 0.5 seconds...
09:46:40 WARN  , retrying in 0.5 seconds...
09:46:41 WARN  , retrying in 0.5 seconds...
09:46:41 WARN  , retrying in 0.5 seconds...
09:46:42 WARN  , retrying in 0.5 seconds...
09:46:42 WARN  , retrying in 0.5 seconds...
09:46:43 WARN  , retrying in 0.5 seconds...
09:46:43 WARN  , retrying in 0.5 seconds...
09:46:44 WARN  AssertionError occurred while running test - 
Traceback (most recent call last):
  File "/home/pi/env-pysys/lib/python3.7/site-packages/pysys/baserunner.py", line 1294, in __call__
    self.testObj.execute()
  File "/home/pi/actions-runner/_work/thin-edge.io/thin-edge.io/tests/PySys/software_management_end_to_end/sm_apt_install_download_path/run.py", line 83, in execute
    assert_install_in_download_path(install_directory=self.DOWNLOAD_DIR)
  File "/home/pi/env-pysys/lib/python3.7/site-packages/decorator.py", line 232, in fun
    return caller(func, *(extras + args), **kw)
  File "/home/pi/env-pysys/lib/python3.7/site-packages/retry/api.py", line 74, in retry_decorator
    logger)
  File "/home/pi/env-pysys/lib/python3.7/site-packages/retry/api.py", line 33, in __retry_internal
    return f()
  File "/home/pi/actions-runner/_work/thin-edge.io/thin-edge.io/tests/PySys/software_management_end_to_end/sm_apt_install_download_path/run.py", line 28, in assert_install_in_download_path
    assert "rolldice" in os.listdir(f"{install_directory}")
AssertionError
09:46:44 WARN  AssertionError: ... blocked 
09:46:44 INFO  
09:46:44 INFO  cleanup:
09:46:45 INFO  Executed sudo, exit status 0
09:46:45 INFO  Executed sudo, exit status 0
09:46:50 INFO  Executed sudo&lt;tedge_disconnect_c8y&gt;, exit status 0
09:46:50 INFO  Restarting mosquitto too frequently in the last 10 seconds. It was only up for 4 seconds
09:46:50 INFO  Delaying execution by 7 seconds
09:47:11 INFO  Executed sudo&lt;tedge_connect_c8y&gt;, exit status 0, duration 14 secs
09:47:15 INFO  Executed sudo&lt;tedge_disconnect_c8y&gt;, exit status 0
09:47:16 INFO  Executed systemctl&lt;serv_mapper5&gt;, exit status 3
09:47:16 INFO  
09:47:16 INFO  Test duration: 85.68 secs
09:47:16 INFO  Test final outcome:  BLOCKED
09:47:16 INFO  Test outcome reason: AssertionError:
09:47:16 INFO  
</system-out>
	</testcase>
<testcase classname="AptInstallWithDownloadPath" name="SoftwareManagement.sm_apt_install_download_path">
		<failure message="BLOCKED: AssertionError:" type="BLOCKED" />
		<system-out>10:12:54 INFO  ==============================================================
10:12:54 INFO  Id:    SoftwareManagement.sm_apt_install_download_path
10:12:54 INFO  Dir:   software_management_end_to_end/
10:12:54 INFO  Title: Install package to directory specified in tedge config set tmp.path
10:12:54 INFO  ==============================================================
10:12:55 INFO  Using sw id database: {'asciijump': '5475369', 'robotfindskitten': '5474869', 'squirrel3': '5475279', 'rolldice': '5152439', 'moon-buggy': '5439204', 'apple': '5495053', 'banana': '5494888', 'cherry': '5495382', 'watermelon': '5494510', 'registry': '8018911', 'hello-world': '8021526', 'docker/getting-started': '8021973', 'alpine': '7991792'}
10:12:55 INFO  EnvironmentC8y Setup
10:12:56 INFO  Executed systemctl&lt;serv_mapper1&gt;, exit status 3
10:13:10 INFO  Executed sudo&lt;tedge_connect_c8y&gt;, exit status 0, duration 14 secs
10:13:11 INFO  Executed sudo&lt;tedge_connect_c8y_test&gt;, exit status 0
10:13:11 INFO  Executed systemctl&lt;serv_mosq2&gt;, exit status 0
10:13:12 INFO  Executed systemctl&lt;serv_mapper3&gt;, exit status 0
10:13:14 INFO  State of current operation: SUCCESSFUL
10:13:14 INFO  Assert that (False == value) with value=False ... passed
10:13:15 INFO  Executed sudo, exit status 0
10:13:15 INFO  Executed sudo, exit status 0
10:13:16 INFO  Executed sudo, exit status 0
10:13:20 INFO  Executed sudo&lt;tedge_disconnect_c8y&gt;, exit status 0
10:13:20 INFO  Restarting mosquitto too frequently in the last 10 seconds. It was only up for 4 seconds
10:13:20 INFO  Delaying execution by 7 seconds
10:13:41 INFO  Executed sudo&lt;tedge_connect_c8y&gt;, exit status 0, duration 13 secs
10:13:41 INFO  Response status: 201
10:13:41 INFO  Response to action: {
    "creationTime": "2022-06-10T10:13:41.378Z",
    "deviceId": "20113552",
    "deviceName": "m32sd10d",
    "self": "https://t493319102.eu-latest.cumulocity.com/devicecontrol/operations/20124136",
    "id": "20124136",
    "status": "PENDING",
    "description": "Apply software changes, triggered from PySys: [{'name': 'rolldice', 'id': '5152439', 'version': '::apt', 'url': 'https://thin-edge-io.eu-latest.cumulocity.com/inventory/binaries/12435463', 'action': 'install'}]",
    "c8y_SoftwareUpdate": [
        {
            "name": "rolldice",
            "action": "install",
            "id": "5152439",
            "version": "::apt",
            "url": "https://thin-edge-io.eu-latest.cumulocity.com/inventory/binaries/12435463"
        }
    ]
}
10:13:41 INFO  Started operation: {'creationTime': '2022-06-10T10:13:41.378Z', 'deviceId': '20113552', 'deviceName': 'm32sd10d', 'self': 'https://t493319102.eu-latest.cumulocity.com/devicecontrol/operations/20124136', 'id': '20124136', 'status': 'PENDING', 'description': "Apply software changes, triggered from PySys: [{'name': 'rolldice', 'id': '5152439', 'version': '::apt', 'url': 'https://thin-edge-io.eu-latest.cumulocity.com/inventory/binaries/12435463', 'action': 'install'}]", 'c8y_SoftwareUpdate': [{'name': 'rolldice', 'action': 'install', 'id': '5152439', 'version': '::apt', 'url': 'https://thin-edge-io.eu-latest.cumulocity.com/inventory/binaries/12435463'}]}
10:13:41 WARN  , retrying in 0.5 seconds...
10:13:41 WARN  , retrying in 0.5 seconds...
10:13:42 WARN  , retrying in 0.5 seconds...
10:13:42 WARN  , retrying in 0.5 seconds...
10:13:43 WARN  , retrying in 0.5 seconds...
10:13:43 WARN  , retrying in 0.5 seconds...
10:13:44 WARN  , retrying in 0.5 seconds...
10:13:45 WARN  , retrying in 0.5 seconds...
10:13:45 WARN  , retrying in 0.5 seconds...
10:13:46 WARN  AssertionError occurred while running test - 
Traceback (most recent call last):
  File "/home/pi/env-pysys/lib/python3.7/site-packages/pysys/baserunner.py", line 1294, in __call__
    self.testObj.execute()
  File "/home/pi/actions-runner/_work/thin-edge.io/thin-edge.io/tests/PySys/software_management_end_to_end/sm_apt_install_download_path/run.py", line 83, in execute
    assert_install_in_download_path(install_directory=self.DOWNLOAD_DIR)
  File "/home/pi/env-pysys/lib/python3.7/site-packages/decorator.py", line 232, in fun
    return caller(func, *(extras + args), **kw)
  File "/home/pi/env-pysys/lib/python3.7/site-packages/retry/api.py", line 74, in retry_decorator
    logger)
  File "/home/pi/env-pysys/lib/python3.7/site-packages/retry/api.py", line 33, in __retry_internal
    return f()
  File "/home/pi/actions-runner/_work/thin-edge.io/thin-edge.io/tests/PySys/software_management_end_to_end/sm_apt_install_download_path/run.py", line 28, in assert_install_in_download_path
    assert "rolldice" in os.listdir(f"{install_directory}")
AssertionError
10:13:46 WARN  AssertionError: ... blocked 
10:13:46 INFO  
10:13:46 INFO  cleanup:
10:13:46 INFO  Executed sudo, exit status 0
10:13:47 INFO  Executed sudo, exit status 0
10:13:51 INFO  Executed sudo&lt;tedge_disconnect_c8y&gt;, exit status 0
10:13:51 INFO  Restarting mosquitto too frequently in the last 10 seconds. It was only up for 3 seconds
10:13:51 INFO  Delaying execution by 8 seconds
10:14:13 INFO  Executed sudo&lt;tedge_connect_c8y&gt;, exit status 0, duration 14 secs
10:14:19 INFO  Executed sudo&lt;tedge_disconnect_c8y&gt;, exit status 0
10:14:20 INFO  Executed systemctl&lt;serv_mapper5&gt;, exit status 3
10:14:20 INFO  
10:14:20 INFO  Test duration: 86.33 secs
10:14:20 INFO  Test final outcome:  BLOCKED
10:14:20 INFO  Test outcome reason: AssertionError:
10:14:20 INFO  
</system-out>
	</testcase>
</testsuite><testsuite name="SoftwareManagement.sm_apt_install_fail" tests="3" errors="0" failures="0" skipped="1" time="0"><testcase classname="PySysTest" name="SoftwareManagement.sm_apt_install_fail">
		<skipped message="SKIPPED: Testing the apt plugin is not supported on this platform.Use parameter -XmyPlatform='container' to enable it" />
		<system-out>09:21:47 INFO  ==============================================================
09:21:47 INFO  Id:    SoftwareManagement.sm_apt_install_fail
09:21:47 INFO  Dir:   software_management_end_to_end/
09:21:47 INFO  Title: Validate end to end behaviour for a failing installation
09:21:47 INFO  ==============================================================
09:21:47 INFO  Testing the apt plugin is not supported on this platform.Use parameter -XmyPlatform='container' to enable it ... skipped
09:21:47 WARN  Aborted test due to SKIPPED outcome
09:21:47 INFO  
09:21:47 INFO  Test duration: 0.02 secs
09:21:47 INFO  Test final outcome:  SKIPPED
09:21:47 INFO  Test outcome reason: Testing the apt plugin is not supported on this platform.Use parameter -XmyPlatform='container' to enable it
09:21:47 INFO  
</system-out>
	</testcase>
<testcase classname="PySysTest" name="SoftwareManagement.sm_apt_install_fail" />
<testcase classname="PySysTest" name="SoftwareManagement.sm_apt_install_fail" />
</testsuite><testsuite name="SoftwareManagement.sm_apt_install_remove" tests="3" errors="0" failures="0" skipped="1" time="0"><testcase classname="PySysTest" name="SoftwareManagement.sm_apt_install_remove">
		<skipped message="SKIPPED: Testing the apt plugin is not supported on this platform.Use parameter -XmyPlatform='container' to enable it" />
		<system-out>09:21:47 INFO  ==============================================================
09:21:47 INFO  Id:    SoftwareManagement.sm_apt_install_remove
09:21:47 INFO  Dir:   software_management_end_to_end/
09:21:47 INFO  Title: Validate end to end behaviour for the apt plugin for installation and removal of packages
09:21:47 INFO  ==============================================================
09:21:47 INFO  Testing the apt plugin is not supported on this platform.Use parameter -XmyPlatform='container' to enable it ... skipped
09:21:47 WARN  Aborted test due to SKIPPED outcome
09:21:47 INFO  
09:21:47 INFO  Test duration: 0.04 secs
09:21:47 INFO  Test final outcome:  SKIPPED
09:21:47 INFO  Test outcome reason: Testing the apt plugin is not supported on this platform.Use parameter -XmyPlatform='container' to enable it
09:21:47 INFO  
</system-out>
	</testcase>
<testcase classname="PySysTest" name="SoftwareManagement.sm_apt_install_remove" />
<testcase classname="PySysTest" name="SoftwareManagement.sm_apt_install_remove" />
</testsuite><testsuite name="SoftwareManagement.sm_apt_install_remove_default" tests="3" errors="0" failures="0" skipped="1" time="0"><testcase classname="PySysTest" name="SoftwareManagement.sm_apt_install_remove_default">
		<skipped message="SKIPPED: Testing the apt plugin is not supported on this platform.Use parameter -XmyPlatform='container' to enable it" />
		<system-out>09:21:47 INFO  ==============================================================
09:21:47 INFO  Id:    SoftwareManagement.sm_apt_install_remove_default
09:21:47 INFO  Dir:   software_management_end_to_end/
09:21:47 INFO  Title: Validate end to end behaviour for the default plugin for installation and removal of packages
09:21:47 INFO  ==============================================================
09:21:47 INFO  Testing the apt plugin is not supported on this platform.Use parameter -XmyPlatform='container' to enable it ... skipped
09:21:47 WARN  Aborted test due to SKIPPED outcome
09:21:47 INFO  
09:21:47 INFO  Test duration: 0.02 secs
09:21:47 INFO  Test final outcome:  SKIPPED
09:21:47 INFO  Test outcome reason: Testing the apt plugin is not supported on this platform.Use parameter -XmyPlatform='container' to enable it
09:21:47 INFO  
</system-out>
	</testcase>
<testcase classname="PySysTest" name="SoftwareManagement.sm_apt_install_remove_default" />
<testcase classname="PySysTest" name="SoftwareManagement.sm_apt_install_remove_default" />
</testsuite><testsuite name="SoftwareManagement.sm_apt_install_remove_multiple" tests="3" errors="0" failures="2" skipped="1" time="0"><testcase classname="PySysTest" name="SoftwareManagement.sm_apt_install_remove_multiple">
		<skipped message="SKIPPED: Testing the apt plugin is not supported on this platform.Use parameter -XmyPlatform='container' to enable it" />
		<system-out>09:21:47 INFO  ==============================================================
09:21:47 INFO  Id:    SoftwareManagement.sm_apt_install_remove_multiple
09:21:47 INFO  Dir:   software_management_end_to_end/
09:21:47 INFO  Title: Validate end to end behaviour for the apt plugin for multiple packages
09:21:47 INFO  ==============================================================
09:21:47 INFO  Testing the apt plugin is not supported on this platform.Use parameter -XmyPlatform='container' to enable it ... skipped
09:21:47 WARN  Aborted test due to SKIPPED outcome
09:21:47 INFO  
09:21:47 INFO  Test duration: 0.02 secs
09:21:47 INFO  Test final outcome:  SKIPPED
09:21:47 INFO  Test outcome reason: Testing the apt plugin is not supported on this platform.Use parameter -XmyPlatform='container' to enable it
09:21:47 INFO  
</system-out>
	</testcase>
<testcase classname="PySysTest" name="SoftwareManagement.sm_apt_install_remove_multiple">
		<failure message="FAILED: Assert that (False == value) with value=True" type="FAILED" />
		<system-out>09:54:01 INFO  ==============================================================
09:54:01 INFO  Id:    SoftwareManagement.sm_apt_install_remove_multiple
09:54:01 INFO  Dir:   software_management_end_to_end/
09:54:01 INFO  Title: Validate end to end behaviour for the apt plugin for multiple packages
09:54:01 INFO  ==============================================================
09:54:01 INFO  Using sw id database: {'asciijump': '5475369', 'robotfindskitten': '5474869', 'squirrel3': '5475279', 'rolldice': '5152439', 'moon-buggy': '5439204', 'apple': '5495053', 'banana': '5494888', 'cherry': '5495382', 'watermelon': '5494510', 'registry': '8018911', 'hello-world': '8021526', 'docker/getting-started': '8021973', 'alpine': '7991792'}
09:54:01 INFO  EnvironmentC8y Setup
09:54:02 INFO  Executed systemctl&lt;serv_mapper1&gt;, exit status 3
09:54:02 INFO  Restarting mosquitto too frequently in the last 10 seconds. It was only up for 5 seconds
09:54:02 INFO  Delaying execution by 6 seconds
09:54:22 INFO  Executed sudo&lt;tedge_connect_c8y&gt;, exit status 0, duration 13 secs
09:54:22 INFO  Executed sudo&lt;tedge_connect_c8y_test&gt;, exit status 0
09:54:23 INFO  Executed systemctl&lt;serv_mosq2&gt;, exit status 0
09:54:23 INFO  Executed systemctl&lt;serv_mapper3&gt;, exit status 0
09:54:25 INFO  State of current operation: SUCCESSFUL
09:54:26 INFO  Assert that (False == value) with value=False ... passed
09:54:26 INFO  Assert that (False == value) with value=False ... passed
09:54:26 INFO  Assert that (False == value) with value=False ... passed
09:54:26 INFO  Package robotfindskitten is installed
09:54:26 WARN  Assert that (False == value) with value=True ... failed 
09:54:27 INFO  Response status: 201
09:54:27 INFO  Response to action: {
    "creationTime": "2022-06-10T09:54:27.103Z",
    "deviceId": "20113552",
    "deviceName": "m32sd10d",
    "self": "https://t493319102.eu-latest.cumulocity.com/devicecontrol/operations/20121825",
    "id": "20121825",
    "status": "PENDING",
    "description": "Apply software changes, triggered from PySys: [{'action': 'install', 'id': '5475369', 'name': 'asciijump', 'url': ' ', 'version': '::apt'}, {'action': 'install', 'id': '5474869', 'name': 'robotfindskitten', 'url': ' ', 'version': '::apt'}, {'action': 'install', 'id': '5475279', 'name': 'squirrel3', 'url': ' ', 'version': '::apt'}]",
    "c8y_SoftwareUpdate": [
        {
            "name": "asciijump",
            "action": "install",
            "id": "5475369",
            "version": "::apt",
            "url": " "
        },
        {
            "name": "robotfindskitten",
            "action": "install",
            "id": "5474869",
            "version": "::apt",
            "url": " "
        },
        {
            "name": "squirrel3",
            "action": "install",
            "id": "5475279",
            "version": "::apt",
            "url": " "
        }
    ]
}
09:54:27 INFO  Started operation: {'creationTime': '2022-06-10T09:54:27.103Z', 'deviceId': '20113552', 'deviceName': 'm32sd10d', 'self': 'https://t493319102.eu-latest.cumulocity.com/devicecontrol/operations/20121825', 'id': '20121825', 'status': 'PENDING', 'description': "Apply software changes, triggered from PySys: [{'action': 'install', 'id': '5475369', 'name': 'asciijump', 'url': ' ', 'version': '::apt'}, {'action': 'install', 'id': '5474869', 'name': 'robotfindskitten', 'url': ' ', 'version': '::apt'}, {'action': 'install', 'id': '5475279', 'name': 'squirrel3', 'url': ' ', 'version': '::apt'}]", 'c8y_SoftwareUpdate': [{'name': 'asciijump', 'action': 'install', 'id': '5475369', 'version': '::apt', 'url': ' '}, {'name': 'robotfindskitten', 'action': 'install', 'id': '5474869', 'version': '::apt', 'url': ' '}, {'name': 'squirrel3', 'action': 'install', 'id': '5475279', 'version': '::apt', 'url': ' '}]}
09:54:29 INFO  State of operation 20121825 : PENDING
09:54:31 INFO  State of operation 20121825 : EXECUTING
09:54:33 INFO  State of operation 20121825 : EXECUTING
09:54:36 INFO  State of operation 20121825 : EXECUTING
09:54:38 INFO  State of operation 20121825 : EXECUTING
09:54:40 INFO  State of operation 20121825 : EXECUTING
09:54:43 INFO  State of operation 20121825 : EXECUTING
09:54:45 INFO  State of operation 20121825 : EXECUTING
09:54:48 INFO  State of operation 20121825 : EXECUTING
09:54:50 INFO  State of operation 20121825 : EXECUTING
09:54:52 INFO  State of operation 20121825 : EXECUTING
09:54:55 INFO  State of operation 20121825 : EXECUTING
09:54:57 INFO  State of operation 20121825 : EXECUTING
09:54:59 INFO  State of operation 20121825 : EXECUTING
09:55:01 INFO  State of operation 20121825 : EXECUTING
09:55:04 INFO  State of operation 20121825 : EXECUTING
09:55:06 INFO  State of operation 20121825 : EXECUTING
09:55:09 INFO  State of operation 20121825 : EXECUTING
09:55:11 INFO  State of operation 20121825 : EXECUTING
09:55:13 INFO  State of operation 20121825 : EXECUTING
09:55:16 INFO  State of operation 20121825 : EXECUTING
09:55:18 INFO  State of operation 20121825 : EXECUTING
09:55:20 INFO  State of operation 20121825 : EXECUTING
09:55:23 INFO  State of operation 20121825 : EXECUTING
09:55:25 INFO  State of operation 20121825 : EXECUTING
09:55:27 INFO  State of operation 20121825 : EXECUTING
09:55:30 INFO  State of operation 20121825 : EXECUTING
09:55:32 INFO  State of operation 20121825 : EXECUTING
09:55:34 INFO  State of operation 20121825 : EXECUTING
09:55:36 INFO  State of operation 20121825 : EXECUTING
09:55:39 INFO  State of operation 20121825 : EXECUTING
09:55:41 INFO  State of operation 20121825 : EXECUTING
09:55:43 INFO  State of operation 20121825 : EXECUTING
09:55:45 INFO  State of operation 20121825 : EXECUTING
09:55:48 INFO  State of operation 20121825 : SUCCESSFUL
09:55:48 INFO  Assert that (False == value) with value=False ... passed
09:55:48 INFO  Package asciijump is installed
09:55:48 INFO  Assert that (True == value) with value=True ... passed
09:55:48 INFO  Package squirrel3 is installed
09:55:48 INFO  Assert that (True == value) with value=True ... passed
09:55:49 INFO  Package robotfindskitten is installed
09:55:49 INFO  Assert that (True == value) with value=True ... passed
09:55:49 INFO  Response status: 201
09:55:49 INFO  Response to action: {
    "creationTime": "2022-06-10T09:55:49.239Z",
    "deviceId": "20113552",
    "deviceName": "m32sd10d",
    "self": "https://t493319102.eu-latest.cumulocity.com/devicecontrol/operations/20121852",
    "id": "20121852",
    "status": "PENDING",
    "description": "Apply software changes, triggered from PySys: [{'action': 'delete', 'id': '5475369', 'name': 'asciijump', 'url': ' ', 'version': '::apt'}, {'action': 'delete', 'id': '5474869', 'name': 'robotfindskitten', 'url': ' ', 'version': '::apt'}, {'action': 'delete', 'id': '5475279', 'name': 'squirrel3', 'url': ' ', 'version': '::apt'}]",
    "c8y_SoftwareUpdate": [
        {
            "name": "asciijump",
            "action": "delete",
            "id": "5475369",
            "version": "::apt",
            "url": " "
        },
        {
            "name": "robotfindskitten",
            "action": "delete",
            "id": "5474869",
            "version": "::apt",
            "url": " "
        },
        {
            "name": "squirrel3",
            "action": "delete",
            "id": "5475279",
            "version": "::apt",
            "url": " "
        }
    ]
}
09:55:49 INFO  Started operation: {'creationTime': '2022-06-10T09:55:49.239Z', 'deviceId': '20113552', 'deviceName': 'm32sd10d', 'self': 'https://t493319102.eu-latest.cumulocity.com/devicecontrol/operations/20121852', 'id': '20121852', 'status': 'PENDING', 'description': "Apply software changes, triggered from PySys: [{'action': 'delete', 'id': '5475369', 'name': 'asciijump', 'url': ' ', 'version': '::apt'}, {'action': 'delete', 'id': '5474869', 'name': 'robotfindskitten', 'url': ' ', 'version': '::apt'}, {'action': 'delete', 'id': '5475279', 'name': 'squirrel3', 'url': ' ', 'version': '::apt'}]", 'c8y_SoftwareUpdate': [{'name': 'asciijump', 'action': 'delete', 'id': '5475369', 'version': '::apt', 'url': ' '}, {'name': 'robotfindskitten', 'action': 'delete', 'id': '5474869', 'version': '::apt', 'url': ' '}, {'name': 'squirrel3', 'action': 'delete', 'id': '5475279', 'version': '::apt', 'url': ' '}]}
09:55:51 INFO  State of operation 20121852 : PENDING
09:55:53 INFO  State of operation 20121852 : EXECUTING
09:55:55 INFO  State of operation 20121852 : EXECUTING
09:55:58 INFO  State of operation 20121852 : EXECUTING
09:56:00 INFO  State of operation 20121852 : EXECUTING
09:56:02 INFO  State of operation 20121852 : EXECUTING
09:56:05 INFO  State of operation 20121852 : EXECUTING
09:56:08 INFO  State of operation 20121852 : EXECUTING
09:56:10 INFO  State of operation 20121852 : EXECUTING
09:56:12 INFO  State of operation 20121852 : EXECUTING
09:56:15 INFO  State of operation 20121852 : EXECUTING
09:56:17 INFO  State of operation 20121852 : EXECUTING
09:56:19 INFO  State of operation 20121852 : EXECUTING
09:56:21 INFO  State of operation 20121852 : EXECUTING
09:56:24 INFO  State of operation 20121852 : EXECUTING
09:56:26 INFO  State of operation 20121852 : EXECUTING
09:56:28 INFO  State of operation 20121852 : EXECUTING
09:56:31 INFO  State of operation 20121852 : EXECUTING
09:56:33 INFO  State of operation 20121852 : EXECUTING
09:56:36 INFO  State of operation 20121852 : EXECUTING
09:56:38 INFO  State of operation 20121852 : EXECUTING
09:56:40 INFO  State of operation 20121852 : EXECUTING
09:56:42 INFO  State of operation 20121852 : EXECUTING
09:56:45 INFO  State of operation 20121852 : EXECUTING
09:56:47 INFO  State of operation 20121852 : EXECUTING
09:56:50 INFO  State of operation 20121852 : EXECUTING
09:56:52 INFO  State of operation 20121852 : EXECUTING
09:56:54 INFO  State of operation 20121852 : SUCCESSFUL
09:56:55 INFO  Assert that (False == value) with value=False ... passed
09:56:55 INFO  Assert that (False == value) with value=False ... passed
09:56:55 INFO  Assert that (False == value) with value=False ... passed
09:56:55 INFO  Assert that (False == value) with value=False ... passed
09:56:55 INFO  
09:56:55 INFO  cleanup:
09:56:59 INFO  Executed sudo&lt;tedge_disconnect_c8y&gt;, exit status 0
09:57:00 INFO  Executed systemctl&lt;serv_mapper5&gt;, exit status 3
09:57:00 INFO  
09:57:00 INFO  Test duration: 178.76 secs
09:57:00 INFO  Test final outcome:  FAILED
09:57:00 INFO  Test outcome reason: Assert that (False == value) with value=True
09:57:00 INFO  
</system-out>
	</testcase>
<testcase classname="PySysTest" name="SoftwareManagement.sm_apt_install_remove_multiple">
		<failure message="FAILED: Assert that (False == value) with value=True (+2 other failures)" type="FAILED" />
		<system-out>10:20:54 INFO  ==============================================================
10:20:54 INFO  Id:    SoftwareManagement.sm_apt_install_remove_multiple
10:20:54 INFO  Dir:   software_management_end_to_end/
10:20:54 INFO  Title: Validate end to end behaviour for the apt plugin for multiple packages
10:20:54 INFO  ==============================================================
10:20:54 INFO  Using sw id database: {'asciijump': '5475369', 'robotfindskitten': '5474869', 'squirrel3': '5475279', 'rolldice': '5152439', 'moon-buggy': '5439204', 'apple': '5495053', 'banana': '5494888', 'cherry': '5495382', 'watermelon': '5494510', 'registry': '8018911', 'hello-world': '8021526', 'docker/getting-started': '8021973', 'alpine': '7991792'}
10:20:54 INFO  EnvironmentC8y Setup
10:20:54 INFO  Executed systemctl&lt;serv_mapper1&gt;, exit status 3
10:20:54 INFO  Restarting mosquitto too frequently in the last 10 seconds. It was only up for 4 seconds
10:20:54 INFO  Delaying execution by 7 seconds
10:21:15 INFO  Executed sudo&lt;tedge_connect_c8y&gt;, exit status 0, duration 14 secs
10:21:16 INFO  Executed sudo&lt;tedge_connect_c8y_test&gt;, exit status 0
10:21:16 INFO  Executed systemctl&lt;serv_mosq2&gt;, exit status 0
10:21:17 INFO  Executed systemctl&lt;serv_mapper3&gt;, exit status 0
10:21:19 INFO  State of current operation: SUCCESSFUL
10:21:19 INFO  Assert that (False == value) with value=False ... passed
10:21:20 INFO  Package asciijump is installed
10:21:20 WARN  Assert that (False == value) with value=True ... failed 
10:21:20 INFO  Package squirrel3 is installed
10:21:20 WARN  Assert that (False == value) with value=True ... failed 
10:21:20 INFO  Package robotfindskitten is installed
10:21:21 WARN  Assert that (False == value) with value=True ... failed 
10:21:21 INFO  Response status: 201
10:21:21 INFO  Response to action: {
    "delivery": {
        "log": [],
        "time": "2022-06-10T10:21:21.212Z",
        "status": "PENDING"
    },
    "creationTime": "2022-06-10T10:21:21.197Z",
    "deviceId": "20113552",
    "deviceName": "m32sd10d",
    "self": "https://t493319102.eu-latest.cumulocity.com/devicecontrol/operations/20124292",
    "id": "20124292",
    "status": "PENDING",
    "description": "Apply software changes, triggered from PySys: [{'action': 'install', 'id': '5475369', 'name': 'asciijump', 'url': ' ', 'version': '::apt'}, {'action': 'install', 'id': '5474869', 'name': 'robotfindskitten', 'url': ' ', 'version': '::apt'}, {'action': 'install', 'id': '5475279', 'name': 'squirrel3', 'url': ' ', 'version': '::apt'}]",
    "c8y_SoftwareUpdate": [
        {
            "name": "asciijump",
            "action": "install",
            "id": "5475369",
            "version": "::apt",
            "url": " "
        },
        {
            "name": "robotfindskitten",
            "action": "install",
            "id": "5474869",
            "version": "::apt",
            "url": " "
        },
        {
            "name": "squirrel3",
            "action": "install",
            "id": "5475279",
            "version": "::apt",
            "url": " "
        }
    ]
}
10:21:21 INFO  Started operation: {'delivery': {'log': [], 'time': '2022-06-10T10:21:21.212Z', 'status': 'PENDING'}, 'creationTime': '2022-06-10T10:21:21.197Z', 'deviceId': '20113552', 'deviceName': 'm32sd10d', 'self': 'https://t493319102.eu-latest.cumulocity.com/devicecontrol/operations/20124292', 'id': '20124292', 'status': 'PENDING', 'description': "Apply software changes, triggered from PySys: [{'action': 'install', 'id': '5475369', 'name': 'asciijump', 'url': ' ', 'version': '::apt'}, {'action': 'install', 'id': '5474869', 'name': 'robotfindskitten', 'url': ' ', 'version': '::apt'}, {'action': 'install', 'id': '5475279', 'name': 'squirrel3', 'url': ' ', 'version': '::apt'}]", 'c8y_SoftwareUpdate': [{'name': 'asciijump', 'action': 'install', 'id': '5475369', 'version': '::apt', 'url': ' '}, {'name': 'robotfindskitten', 'action': 'install', 'id': '5474869', 'version': '::apt', 'url': ' '}, {'name': 'squirrel3', 'action': 'install', 'id': '5475279', 'version': '::apt', 'url': ' '}]}
10:21:23 INFO  State of operation 20124292 : PENDING
10:21:25 INFO  State of operation 20124292 : EXECUTING
10:21:27 INFO  State of operation 20124292 : EXECUTING
10:21:30 INFO  State of operation 20124292 : EXECUTING
10:21:32 INFO  State of operation 20124292 : EXECUTING
10:21:34 INFO  State of operation 20124292 : EXECUTING
10:21:37 INFO  State of operation 20124292 : EXECUTING
10:21:40 INFO  State of operation 20124292 : EXECUTING
10:21:42 INFO  State of operation 20124292 : EXECUTING
10:21:45 INFO  State of operation 20124292 : EXECUTING
10:21:47 INFO  State of operation 20124292 : EXECUTING
10:21:49 INFO  State of operation 20124292 : EXECUTING
10:21:51 INFO  State of operation 20124292 : EXECUTING
10:21:54 INFO  State of operation 20124292 : EXECUTING
10:21:56 INFO  State of operation 20124292 : EXECUTING
10:21:58 INFO  State of operation 20124292 : SUCCESSFUL
10:21:58 INFO  Assert that (False == value) with value=False ... passed
10:21:59 INFO  Package asciijump is installed
10:21:59 INFO  Assert that (True == value) with value=True ... passed
10:21:59 INFO  Package squirrel3 is installed
10:21:59 INFO  Assert that (True == value) with value=True ... passed
10:21:59 INFO  Package robotfindskitten is installed
10:21:59 INFO  Assert that (True == value) with value=True ... passed
10:21:59 INFO  Response status: 201
10:21:59 INFO  Response to action: {
    "delivery": {
        "log": [],
        "time": "2022-06-10T10:21:59.785Z",
        "status": "PENDING"
    },
    "creationTime": "2022-06-10T10:21:59.769Z",
    "deviceId": "20113552",
    "deviceName": "m32sd10d",
    "self": "https://t493319102.eu-latest.cumulocity.com/devicecontrol/operations/20124312",
    "id": "20124312",
    "status": "PENDING",
    "description": "Apply software changes, triggered from PySys: [{'action': 'delete', 'id': '5475369', 'name': 'asciijump', 'url': ' ', 'version': '::apt'}, {'action': 'delete', 'id': '5474869', 'name': 'robotfindskitten', 'url': ' ', 'version': '::apt'}, {'action': 'delete', 'id': '5475279', 'name': 'squirrel3', 'url': ' ', 'version': '::apt'}]",
    "c8y_SoftwareUpdate": [
        {
            "name": "asciijump",
            "action": "delete",
            "id": "5475369",
            "version": "::apt",
            "url": " "
        },
        {
            "name": "robotfindskitten",
            "action": "delete",
            "id": "5474869",
            "version": "::apt",
            "url": " "
        },
        {
            "name": "squirrel3",
            "action": "delete",
            "id": "5475279",
            "version": "::apt",
            "url": " "
        }
    ]
}
10:21:59 INFO  Started operation: {'delivery': {'log': [], 'time': '2022-06-10T10:21:59.785Z', 'status': 'PENDING'}, 'creationTime': '2022-06-10T10:21:59.769Z', 'deviceId': '20113552', 'deviceName': 'm32sd10d', 'self': 'https://t493319102.eu-latest.cumulocity.com/devicecontrol/operations/20124312', 'id': '20124312', 'status': 'PENDING', 'description': "Apply software changes, triggered from PySys: [{'action': 'delete', 'id': '5475369', 'name': 'asciijump', 'url': ' ', 'version': '::apt'}, {'action': 'delete', 'id': '5474869', 'name': 'robotfindskitten', 'url': ' ', 'version': '::apt'}, {'action': 'delete', 'id': '5475279', 'name': 'squirrel3', 'url': ' ', 'version': '::apt'}]", 'c8y_SoftwareUpdate': [{'name': 'asciijump', 'action': 'delete', 'id': '5475369', 'version': '::apt', 'url': ' '}, {'name': 'robotfindskitten', 'action': 'delete', 'id': '5474869', 'version': '::apt', 'url': ' '}, {'name': 'squirrel3', 'action': 'delete', 'id': '5475279', 'version': '::apt', 'url': ' '}]}
10:22:02 INFO  State of operation 20124312 : PENDING
10:22:04 INFO  State of operation 20124312 : EXECUTING
10:22:06 INFO  State of operation 20124312 : EXECUTING
10:22:08 INFO  State of operation 20124312 : EXECUTING
10:22:11 INFO  State of operation 20124312 : EXECUTING
10:22:13 INFO  State of operation 20124312 : EXECUTING
10:22:15 INFO  State of operation 20124312 : EXECUTING
10:22:18 INFO  State of operation 20124312 : EXECUTING
10:22:21 INFO  State of operation 20124312 : EXECUTING
10:22:23 INFO  State of operation 20124312 : EXECUTING
10:22:25 INFO  State of operation 20124312 : EXECUTING
10:22:28 INFO  State of operation 20124312 : EXECUTING
10:22:30 INFO  State of operation 20124312 : EXECUTING
10:22:32 INFO  State of operation 20124312 : EXECUTING
10:22:34 INFO  State of operation 20124312 : EXECUTING
10:22:37 INFO  State of operation 20124312 : EXECUTING
10:22:39 INFO  State of operation 20124312 : EXECUTING
10:22:41 INFO  State of operation 20124312 : EXECUTING
10:22:44 INFO  State of operation 20124312 : EXECUTING
10:22:46 INFO  State of operation 20124312 : EXECUTING
10:22:49 INFO  State of operation 20124312 : EXECUTING
10:22:51 INFO  State of operation 20124312 : EXECUTING
10:22:53 INFO  State of operation 20124312 : EXECUTING
10:22:55 INFO  State of operation 20124312 : EXECUTING
10:22:57 INFO  State of operation 20124312 : EXECUTING
10:23:00 INFO  State of operation 20124312 : EXECUTING
10:23:03 INFO  State of operation 20124312 : EXECUTING
10:23:05 INFO  State of operation 20124312 : EXECUTING
10:23:07 INFO  State of operation 20124312 : EXECUTING
10:23:09 INFO  State of operation 20124312 : EXECUTING
10:23:12 INFO  State of operation 20124312 : SUCCESSFUL
10:23:12 INFO  Assert that (False == value) with value=False ... passed
10:23:12 INFO  Assert that (False == value) with value=False ... passed
10:23:12 INFO  Assert that (False == value) with value=False ... passed
10:23:13 INFO  Assert that (False == value) with value=False ... passed
10:23:13 INFO  
10:23:13 INFO  cleanup:
10:23:17 INFO  Executed sudo&lt;tedge_disconnect_c8y&gt;, exit status 0
10:23:17 INFO  Executed systemctl&lt;serv_mapper5&gt;, exit status 3
10:23:17 INFO  
10:23:17 INFO  Test duration: 143.70 secs
10:23:17 INFO  Test final outcome:  FAILED
10:23:17 INFO  Test outcome reason: Assert that (False == value) with value=True (+2 other failures)
10:23:17 INFO  
</system-out>
	</testcase>
</testsuite><testsuite name="SoftwareManagement.sm_apt_install_remove_multiple_mixed" tests="3" errors="0" failures="2" skipped="1" time="0"><testcase classname="PySysTest" name="SoftwareManagement.sm_apt_install_remove_multiple_mixed">
		<skipped message="SKIPPED: Testing the apt plugin is not supported on this platform.Use parameter -XmyPlatform='container' to enable it" />
		<system-out>09:21:47 INFO  ==============================================================
09:21:47 INFO  Id:    SoftwareManagement.sm_apt_install_remove_multiple_mixed
09:21:47 INFO  Dir:   software_management_end_to_end/
09:21:47 INFO  Title: Validate end to end behaviour for the apt plugin for multiple packages with mixed versions
09:21:47 INFO  ==============================================================
09:21:47 INFO  Testing the apt plugin is not supported on this platform.Use parameter -XmyPlatform='container' to enable it ... skipped
09:21:47 WARN  Aborted test due to SKIPPED outcome
09:21:47 INFO  
09:21:47 INFO  Test duration: 0.02 secs
09:21:47 INFO  Test final outcome:  SKIPPED
09:21:47 INFO  Test outcome reason: Testing the apt plugin is not supported on this platform.Use parameter -XmyPlatform='container' to enable it
09:21:47 INFO  
</system-out>
	</testcase>
<testcase classname="PySysTest" name="SoftwareManagement.sm_apt_install_remove_multiple_mixed">
		<failure message="BLOCKED: SystemError: Timeout while waiting for status SUCCESSFUL or False" type="BLOCKED" />
		<system-out>09:57:00 INFO  ==============================================================
09:57:00 INFO  Id:    SoftwareManagement.sm_apt_install_remove_multiple_mixed
09:57:00 INFO  Dir:   software_management_end_to_end/
09:57:00 INFO  Title: Validate end to end behaviour for the apt plugin for multiple packages with mixed versions
09:57:00 INFO  ==============================================================
09:57:00 INFO  Using sw id database: {'asciijump': '5475369', 'robotfindskitten': '5474869', 'squirrel3': '5475279', 'rolldice': '5152439', 'moon-buggy': '5439204', 'apple': '5495053', 'banana': '5494888', 'cherry': '5495382', 'watermelon': '5494510', 'registry': '8018911', 'hello-world': '8021526', 'docker/getting-started': '8021973', 'alpine': '7991792'}
09:57:00 INFO  EnvironmentC8y Setup
09:57:00 INFO  Executed systemctl&lt;serv_mapper1&gt;, exit status 3
09:57:01 INFO  Restarting mosquitto too frequently in the last 10 seconds. It was only up for 5 seconds
09:57:01 INFO  Delaying execution by 6 seconds
09:57:20 INFO  Executed sudo&lt;tedge_connect_c8y&gt;, exit status 0, duration 13 secs
09:57:21 INFO  Executed sudo&lt;tedge_connect_c8y_test&gt;, exit status 0
09:57:21 INFO  Executed systemctl&lt;serv_mosq2&gt;, exit status 0
09:57:22 INFO  Executed systemctl&lt;serv_mapper3&gt;, exit status 0
09:57:24 INFO  State of current operation: SUCCESSFUL
09:57:24 INFO  Assert that (False == value) with value=False ... passed
09:57:25 INFO  Assert that (False == value) with value=False ... passed
09:57:25 INFO  Assert that (False == value) with value=False ... passed
09:57:25 INFO  Assert that (False == value) with value=False ... passed
09:57:25 INFO  Assert that (False == value) with value=False ... passed
09:57:27 INFO  Response status: 201
09:57:27 INFO  Response to action: {
    "creationTime": "2022-06-10T09:57:27.089Z",
    "deviceId": "20113552",
    "deviceName": "m32sd10d",
    "self": "https://t493319102.eu-latest.cumulocity.com/devicecontrol/operations/20121884",
    "id": "20121884",
    "status": "PENDING",
    "description": "Apply software changes, triggered from PySys: [{'action': 'install', 'id': '5475369', 'name': 'asciijump', 'url': ' ', 'version': '::apt'}, {'action': 'install', 'id': '5474869', 'name': 'robotfindskitten', 'url': ' ', 'version': ' '}, {'action': 'install', 'id': '5475279', 'name': 'squirrel3', 'url': ' ', 'version': '3.1-7::apt'}, {'action': 'install', 'id': '5152439', 'name': 'rolldice', 'url': ' ', 'version': '1.16-1+b1'}, {'action': 'install', 'id': '5439204', 'name': 'moon-buggy', 'url': ' ', 'version': '1:1.0.51-12'}, {'action': 'install', 'id': '5475369', 'name': 'asciijump', 'url': ' ', 'version': '::apt'}]",
    "c8y_SoftwareUpdate": [
        {
            "name": "asciijump",
            "action": "install",
            "id": "5475369",
            "version": "::apt",
            "url": " "
        },
        {
            "name": "robotfindskitten",
            "action": "install",
            "id": "5474869",
            "version": " ",
            "url": " "
        },
        {
            "name": "squirrel3",
            "action": "install",
            "id": "5475279",
            "version": "3.1-7::apt",
            "url": " "
        },
        {
            "name": "rolldice",
            "action": "install",
            "id": "5152439",
            "version": "1.16-1+b1",
            "url": " "
        },
        {
            "name": "moon-buggy",
            "action": "install",
            "id": "5439204",
            "version": "1:1.0.51-12",
            "url": " "
        },
        {
            "name": "asciijump",
            "action": "install",
            "id": "5475369",
            "version": "::apt",
            "url": " "
        }
    ]
}
09:57:27 INFO  Started operation: {'creationTime': '2022-06-10T09:57:27.089Z', 'deviceId': '20113552', 'deviceName': 'm32sd10d', 'self': 'https://t493319102.eu-latest.cumulocity.com/devicecontrol/operations/20121884', 'id': '20121884', 'status': 'PENDING', 'description': "Apply software changes, triggered from PySys: [{'action': 'install', 'id': '5475369', 'name': 'asciijump', 'url': ' ', 'version': '::apt'}, {'action': 'install', 'id': '5474869', 'name': 'robotfindskitten', 'url': ' ', 'version': ' '}, {'action': 'install', 'id': '5475279', 'name': 'squirrel3', 'url': ' ', 'version': '3.1-7::apt'}, {'action': 'install', 'id': '5152439', 'name': 'rolldice', 'url': ' ', 'version': '1.16-1+b1'}, {'action': 'install', 'id': '5439204', 'name': 'moon-buggy', 'url': ' ', 'version': '1:1.0.51-12'}, {'action': 'install', 'id': '5475369', 'name': 'asciijump', 'url': ' ', 'version': '::apt'}]", 'c8y_SoftwareUpdate': [{'name': 'asciijump', 'action': 'install', 'id': '5475369', 'version': '::apt', 'url': ' '}, {'name': 'robotfindskitten', 'action': 'install', 'id': '5474869', 'version': ' ', 'url': ' '}, {'name': 'squirrel3', 'action': 'install', 'id': '5475279', 'version': '3.1-7::apt', 'url': ' '}, {'name': 'rolldice', 'action': 'install', 'id': '5152439', 'version': '1.16-1+b1', 'url': ' '}, {'name': 'moon-buggy', 'action': 'install', 'id': '5439204', 'version': '1:1.0.51-12', 'url': ' '}, {'name': 'asciijump', 'action': 'install', 'id': '5475369', 'version': '::apt', 'url': ' '}]}
09:57:29 INFO  State of operation 20121884 : PENDING
09:57:31 INFO  State of operation 20121884 : EXECUTING
09:57:33 INFO  State of operation 20121884 : EXECUTING
09:57:36 INFO  State of operation 20121884 : EXECUTING
09:57:38 INFO  State of operation 20121884 : EXECUTING
09:57:40 INFO  State of operation 20121884 : EXECUTING
09:57:43 INFO  State of operation 20121884 : EXECUTING
09:57:46 INFO  State of operation 20121884 : EXECUTING
09:57:48 INFO  State of operation 20121884 : EXECUTING
09:57:50 INFO  State of operation 20121884 : EXECUTING
09:57:52 INFO  State of operation 20121884 : EXECUTING
09:57:55 INFO  State of operation 20121884 : EXECUTING
09:57:57 INFO  State of operation 20121884 : EXECUTING
09:57:59 INFO  State of operation 20121884 : EXECUTING
09:58:02 INFO  State of operation 20121884 : EXECUTING
09:58:04 INFO  State of operation 20121884 : EXECUTING
09:58:06 INFO  State of operation 20121884 : EXECUTING
09:58:09 INFO  State of operation 20121884 : EXECUTING
09:58:11 INFO  State of operation 20121884 : EXECUTING
09:58:13 INFO  State of operation 20121884 : EXECUTING
09:58:16 INFO  State of operation 20121884 : EXECUTING
09:58:18 INFO  State of operation 20121884 : EXECUTING
09:58:21 INFO  State of operation 20121884 : EXECUTING
09:58:23 INFO  State of operation 20121884 : EXECUTING
09:58:26 INFO  State of operation 20121884 : EXECUTING
09:58:28 INFO  State of operation 20121884 : EXECUTING
09:58:30 INFO  State of operation 20121884 : EXECUTING
09:58:32 INFO  State of operation 20121884 : EXECUTING
09:58:35 INFO  State of operation 20121884 : EXECUTING
09:58:37 INFO  State of operation 20121884 : EXECUTING
09:58:39 INFO  State of operation 20121884 : EXECUTING
09:58:42 INFO  State of operation 20121884 : EXECUTING
09:58:44 INFO  State of operation 20121884 : EXECUTING
09:58:46 INFO  State of operation 20121884 : EXECUTING
09:58:48 INFO  State of operation 20121884 : EXECUTING
09:58:50 INFO  State of operation 20121884 : EXECUTING
09:58:53 INFO  State of operation 20121884 : EXECUTING
09:58:56 INFO  State of operation 20121884 : EXECUTING
09:58:58 INFO  State of operation 20121884 : EXECUTING
09:59:01 INFO  State of operation 20121884 : EXECUTING
09:59:03 INFO  State of operation 20121884 : EXECUTING
09:59:05 INFO  State of operation 20121884 : EXECUTING
09:59:07 INFO  State of operation 20121884 : EXECUTING
09:59:10 INFO  State of operation 20121884 : EXECUTING
09:59:12 INFO  State of operation 20121884 : EXECUTING
09:59:14 INFO  State of operation 20121884 : EXECUTING
09:59:16 INFO  State of operation 20121884 : EXECUTING
09:59:19 INFO  State of operation 20121884 : EXECUTING
09:59:21 INFO  State of operation 20121884 : EXECUTING
09:59:24 INFO  State of operation 20121884 : EXECUTING
09:59:26 INFO  State of operation 20121884 : EXECUTING
09:59:28 INFO  State of operation 20121884 : EXECUTING
09:59:30 INFO  State of operation 20121884 : EXECUTING
09:59:33 INFO  State of operation 20121884 : EXECUTING
09:59:35 INFO  State of operation 20121884 : EXECUTING
09:59:38 INFO  State of operation 20121884 : EXECUTING
09:59:40 INFO  State of operation 20121884 : EXECUTING
09:59:42 INFO  State of operation 20121884 : EXECUTING
09:59:45 INFO  State of operation 20121884 : EXECUTING
09:59:47 INFO  State of operation 20121884 : EXECUTING
09:59:49 INFO  State of operation 20121884 : EXECUTING
09:59:51 WARN  SystemError occurred while running test - Timeout while waiting for status SUCCESSFUL or False
Traceback (most recent call last):
  File "/home/pi/env-pysys/lib/python3.7/site-packages/pysys/baserunner.py", line 1294, in __call__
    self.testObj.execute()
  File "/home/pi/actions-runner/_work/thin-edge.io/thin-edge.io/tests/PySys/software_management_end_to_end/sm_apt_install_remove_multiple_mixed/run.py", line 89, in execute
    self.wait_until_succcess()
  File "/home/pi/actions-runner/_work/thin-edge.io/thin-edge.io/tests/PySys/software_management_end_to_end/environment_sm_management.py", line 324, in wait_until_succcess
    self.wait_until_status("SUCCESSFUL")
  File "/home/pi/actions-runner/_work/thin-edge.io/thin-edge.io/tests/PySys/software_management_end_to_end/environment_sm_management.py", line 381, in wait_until_status
    "Timeout while waiting for status %s or %s" % (status, status2)
SystemError: Timeout while waiting for status SUCCESSFUL or False
09:59:51 WARN  SystemError: Timeout while waiting for status SUCCESSFUL or False ... blocked 
09:59:51 INFO  
09:59:51 INFO  cleanup:
09:59:57 INFO  Executed sudo&lt;tedge_disconnect_c8y&gt;, exit status 0
09:59:57 INFO  Executed systemctl&lt;serv_mapper5&gt;, exit status 3
09:59:57 INFO  
09:59:57 INFO  Test duration: 177.63 secs
09:59:57 INFO  Test final outcome:  BLOCKED
09:59:57 INFO  Test outcome reason: SystemError: Timeout while waiting for status SUCCESSFUL or False
09:59:57 INFO  
</system-out>
	</testcase>
<testcase classname="PySysTest" name="SoftwareManagement.sm_apt_install_remove_multiple_mixed">
		<failure message="BLOCKED: SystemError: Timeout while waiting for status SUCCESSFUL or False (+1 other failures)" type="BLOCKED" />
		<system-out>10:23:17 INFO  ==============================================================
10:23:17 INFO  Id:    SoftwareManagement.sm_apt_install_remove_multiple_mixed
10:23:17 INFO  Dir:   software_management_end_to_end/
10:23:17 INFO  Title: Validate end to end behaviour for the apt plugin for multiple packages with mixed versions
10:23:17 INFO  ==============================================================
10:23:17 INFO  Using sw id database: {'asciijump': '5475369', 'robotfindskitten': '5474869', 'squirrel3': '5475279', 'rolldice': '5152439', 'moon-buggy': '5439204', 'apple': '5495053', 'banana': '5494888', 'cherry': '5495382', 'watermelon': '5494510', 'registry': '8018911', 'hello-world': '8021526', 'docker/getting-started': '8021973', 'alpine': '7991792'}
10:23:17 INFO  EnvironmentC8y Setup
10:23:18 INFO  Executed systemctl&lt;serv_mapper1&gt;, exit status 3
10:23:18 INFO  Restarting mosquitto too frequently in the last 10 seconds. It was only up for 5 seconds
10:23:18 INFO  Delaying execution by 6 seconds
10:23:38 INFO  Executed sudo&lt;tedge_connect_c8y&gt;, exit status 0, duration 13 secs
10:23:39 INFO  Executed sudo&lt;tedge_connect_c8y_test&gt;, exit status 0
10:23:39 INFO  Executed systemctl&lt;serv_mosq2&gt;, exit status 0
10:23:40 INFO  Executed systemctl&lt;serv_mapper3&gt;, exit status 0
10:23:42 INFO  State of current operation: SUCCESSFUL
10:23:42 INFO  Assert that (False == value) with value=False ... passed
10:23:42 INFO  Assert that (False == value) with value=False ... passed
10:23:43 INFO  Assert that (False == value) with value=False ... passed
10:23:43 INFO  Assert that (False == value) with value=False ... passed
10:23:43 INFO  Package moon-buggy is installed
10:23:43 WARN  Assert that (False == value) with value=True ... failed 
10:23:44 INFO  Response status: 201
10:23:45 INFO  Response to action: {
    "creationTime": "2022-06-10T10:23:44.956Z",
    "deviceId": "20113552",
    "deviceName": "m32sd10d",
    "self": "https://t493319102.eu-latest.cumulocity.com/devicecontrol/operations/20124345",
    "id": "20124345",
    "status": "PENDING",
    "description": "Apply software changes, triggered from PySys: [{'action': 'install', 'id': '5475369', 'name': 'asciijump', 'url': ' ', 'version': '::apt'}, {'action': 'install', 'id': '5474869', 'name': 'robotfindskitten', 'url': ' ', 'version': ' '}, {'action': 'install', 'id': '5475279', 'name': 'squirrel3', 'url': ' ', 'version': '3.1-7::apt'}, {'action': 'install', 'id': '5152439', 'name': 'rolldice', 'url': ' ', 'version': '1.16-1+b1'}, {'action': 'install', 'id': '5439204', 'name': 'moon-buggy', 'url': ' ', 'version': '1:1.0.51-12'}, {'action': 'install', 'id': '5475369', 'name': 'asciijump', 'url': ' ', 'version': '::apt'}]",
    "c8y_SoftwareUpdate": [
        {
            "name": "asciijump",
            "action": "install",
            "id": "5475369",
            "version": "::apt",
            "url": " "
        },
        {
            "name": "robotfindskitten",
            "action": "install",
            "id": "5474869",
            "version": " ",
            "url": " "
        },
        {
            "name": "squirrel3",
            "action": "install",
            "id": "5475279",
            "version": "3.1-7::apt",
            "url": " "
        },
        {
            "name": "rolldice",
            "action": "install",
            "id": "5152439",
            "version": "1.16-1+b1",
            "url": " "
        },
        {
            "name": "moon-buggy",
            "action": "install",
            "id": "5439204",
            "version": "1:1.0.51-12",
            "url": " "
        },
        {
            "name": "asciijump",
            "action": "install",
            "id": "5475369",
            "version": "::apt",
            "url": " "
        }
    ]
}
10:23:45 INFO  Started operation: {'creationTime': '2022-06-10T10:23:44.956Z', 'deviceId': '20113552', 'deviceName': 'm32sd10d', 'self': 'https://t493319102.eu-latest.cumulocity.com/devicecontrol/operations/20124345', 'id': '20124345', 'status': 'PENDING', 'description': "Apply software changes, triggered from PySys: [{'action': 'install', 'id': '5475369', 'name': 'asciijump', 'url': ' ', 'version': '::apt'}, {'action': 'install', 'id': '5474869', 'name': 'robotfindskitten', 'url': ' ', 'version': ' '}, {'action': 'install', 'id': '5475279', 'name': 'squirrel3', 'url': ' ', 'version': '3.1-7::apt'}, {'action': 'install', 'id': '5152439', 'name': 'rolldice', 'url': ' ', 'version': '1.16-1+b1'}, {'action': 'install', 'id': '5439204', 'name': 'moon-buggy', 'url': ' ', 'version': '1:1.0.51-12'}, {'action': 'install', 'id': '5475369', 'name': 'asciijump', 'url': ' ', 'version': '::apt'}]", 'c8y_SoftwareUpdate': [{'name': 'asciijump', 'action': 'install', 'id': '5475369', 'version': '::apt', 'url': ' '}, {'name': 'robotfindskitten', 'action': 'install', 'id': '5474869', 'version': ' ', 'url': ' '}, {'name': 'squirrel3', 'action': 'install', 'id': '5475279', 'version': '3.1-7::apt', 'url': ' '}, {'name': 'rolldice', 'action': 'install', 'id': '5152439', 'version': '1.16-1+b1', 'url': ' '}, {'name': 'moon-buggy', 'action': 'install', 'id': '5439204', 'version': '1:1.0.51-12', 'url': ' '}, {'name': 'asciijump', 'action': 'install', 'id': '5475369', 'version': '::apt', 'url': ' '}]}
10:23:47 INFO  State of operation 20124345 : PENDING
10:23:49 INFO  State of operation 20124345 : EXECUTING
10:23:51 INFO  State of operation 20124345 : EXECUTING
10:23:53 INFO  State of operation 20124345 : EXECUTING
10:23:56 INFO  State of operation 20124345 : EXECUTING
10:23:58 INFO  State of operation 20124345 : EXECUTING
10:24:01 INFO  State of operation 20124345 : EXECUTING
10:24:04 INFO  State of operation 20124345 : EXECUTING
10:24:06 INFO  State of operation 20124345 : EXECUTING
10:24:08 INFO  State of operation 20124345 : EXECUTING
10:24:11 INFO  State of operation 20124345 : EXECUTING
10:24:13 INFO  State of operation 20124345 : EXECUTING
10:24:15 INFO  State of operation 20124345 : EXECUTING
10:24:17 INFO  State of operation 20124345 : EXECUTING
10:24:20 INFO  State of operation 20124345 : EXECUTING
10:24:22 INFO  State of operation 20124345 : EXECUTING
10:24:24 INFO  State of operation 20124345 : EXECUTING
10:24:26 INFO  State of operation 20124345 : EXECUTING
10:24:29 INFO  State of operation 20124345 : EXECUTING
10:24:31 INFO  State of operation 20124345 : EXECUTING
10:24:34 INFO  State of operation 20124345 : EXECUTING
10:24:36 INFO  State of operation 20124345 : EXECUTING
10:24:39 INFO  State of operation 20124345 : EXECUTING
10:24:41 INFO  State of operation 20124345 : EXECUTING
10:24:43 INFO  State of operation 20124345 : EXECUTING
10:24:45 INFO  State of operation 20124345 : EXECUTING
10:24:48 INFO  State of operation 20124345 : EXECUTING
10:24:50 INFO  State of operation 20124345 : EXECUTING
10:24:53 INFO  State of operation 20124345 : EXECUTING
10:24:55 INFO  State of operation 20124345 : EXECUTING
10:24:57 INFO  State of operation 20124345 : EXECUTING
10:24:59 INFO  State of operation 20124345 : EXECUTING
10:25:02 INFO  State of operation 20124345 : EXECUTING
10:25:04 INFO  State of operation 20124345 : EXECUTING
10:25:06 INFO  State of operation 20124345 : EXECUTING
10:25:08 INFO  State of operation 20124345 : EXECUTING
10:25:11 INFO  State of operation 20124345 : EXECUTING
10:25:13 INFO  State of operation 20124345 : EXECUTING
10:25:16 INFO  State of operation 20124345 : EXECUTING
10:25:18 INFO  State of operation 20124345 : EXECUTING
10:25:21 INFO  State of operation 20124345 : EXECUTING
10:25:23 INFO  State of operation 20124345 : EXECUTING
10:25:25 INFO  State of operation 20124345 : EXECUTING
10:25:27 INFO  State of operation 20124345 : EXECUTING
10:25:30 INFO  State of operation 20124345 : EXECUTING
10:25:32 INFO  State of operation 20124345 : EXECUTING
10:25:34 INFO  State of operation 20124345 : EXECUTING
10:25:37 INFO  State of operation 20124345 : EXECUTING
10:25:39 INFO  State of operation 20124345 : EXECUTING
10:25:42 INFO  State of operation 20124345 : EXECUTING
10:25:44 INFO  State of operation 20124345 : EXECUTING
10:25:46 INFO  State of operation 20124345 : EXECUTING
10:25:49 INFO  State of operation 20124345 : EXECUTING
10:25:51 INFO  State of operation 20124345 : EXECUTING
10:25:54 INFO  State of operation 20124345 : EXECUTING
10:25:56 INFO  State of operation 20124345 : EXECUTING
10:25:59 INFO  State of operation 20124345 : EXECUTING
10:26:01 INFO  State of operation 20124345 : EXECUTING
10:26:04 INFO  State of operation 20124345 : EXECUTING
10:26:06 INFO  State of operation 20124345 : EXECUTING
10:26:08 INFO  State of operation 20124345 : EXECUTING
10:26:10 WARN  SystemError occurred while running test - Timeout while waiting for status SUCCESSFUL or False
Traceback (most recent call last):
  File "/home/pi/env-pysys/lib/python3.7/site-packages/pysys/baserunner.py", line 1294, in __call__
    self.testObj.execute()
  File "/home/pi/actions-runner/_work/thin-edge.io/thin-edge.io/tests/PySys/software_management_end_to_end/sm_apt_install_remove_multiple_mixed/run.py", line 89, in execute
    self.wait_until_succcess()
  File "/home/pi/actions-runner/_work/thin-edge.io/thin-edge.io/tests/PySys/software_management_end_to_end/environment_sm_management.py", line 324, in wait_until_succcess
    self.wait_until_status("SUCCESSFUL")
  File "/home/pi/actions-runner/_work/thin-edge.io/thin-edge.io/tests/PySys/software_management_end_to_end/environment_sm_management.py", line 381, in wait_until_status
    "Timeout while waiting for status %s or %s" % (status, status2)
SystemError: Timeout while waiting for status SUCCESSFUL or False
10:26:10 WARN  SystemError: Timeout while waiting for status SUCCESSFUL or False ... blocked 
10:26:10 INFO  
10:26:10 INFO  cleanup:
10:26:15 INFO  Executed sudo&lt;tedge_disconnect_c8y&gt;, exit status 0
10:26:15 INFO  Executed systemctl&lt;serv_mapper5&gt;, exit status 3
10:26:15 INFO  
10:26:15 INFO  Test duration: 177.76 secs
10:26:15 INFO  Test final outcome:  BLOCKED
10:26:15 INFO  Test outcome reason: SystemError: Timeout while waiting for status SUCCESSFUL or False (+1 other failures)
10:26:15 INFO  
</system-out>
	</testcase>
</testsuite><testsuite name="SoftwareManagement.sm_apt_install_remove_with_version" tests="3" errors="0" failures="0" skipped="1" time="0"><testcase classname="PySysTest" name="SoftwareManagement.sm_apt_install_remove_with_version">
		<skipped message="SKIPPED: Testing the apt plugin is not supported on this platform.Use parameter -XmyPlatform='container' to enable it" />
		<system-out>09:21:47 INFO  ==============================================================
09:21:47 INFO  Id:    SoftwareManagement.sm_apt_install_remove_with_version
09:21:47 INFO  Dir:   software_management_end_to_end/
09:21:47 INFO  Title: Validate end to end behaviour for the apt plugin for packages with version
09:21:47 INFO  ==============================================================
09:21:47 INFO  Testing the apt plugin is not supported on this platform.Use parameter -XmyPlatform='container' to enable it ... skipped
09:21:47 WARN  Aborted test due to SKIPPED outcome
09:21:47 INFO  
09:21:47 INFO  Test duration: 0.02 secs
09:21:47 INFO  Test final outcome:  SKIPPED
09:21:47 INFO  Test outcome reason: Testing the apt plugin is not supported on this platform.Use parameter -XmyPlatform='container' to enable it
09:21:47 INFO  
</system-out>
	</testcase>
<testcase classname="PySysTest" name="SoftwareManagement.sm_apt_install_remove_with_version" />
<testcase classname="PySysTest" name="SoftwareManagement.sm_apt_install_remove_with_version" />
</testsuite><testsuite name="SoftwareManagement.sm_docker_install_remove_multiple" tests="3" errors="0" failures="0" skipped="1" time="0"><testcase classname="SMDockerInstallRemove" name="SoftwareManagement.sm_docker_install_remove_multiple">
		<skipped message="SKIPPED: Testing the apt plugin is not supported on this platform.Use parameter -XmyPlatform='container' to enable it" />
		<system-out>09:21:47 INFO  ==============================================================
09:21:47 INFO  Id:    SoftwareManagement.sm_docker_install_remove_multiple
09:21:47 INFO  Dir:   software_management_end_to_end/
09:21:47 INFO  Title: Validate end to end behaviour for the docker plugin for multiple docker images with mixed versions
09:21:47 INFO  ==============================================================
09:21:47 INFO  Testing the apt plugin is not supported on this platform.Use parameter -XmyPlatform='container' to enable it ... skipped
09:21:47 WARN  Aborted test due to SKIPPED outcome
09:21:47 INFO  
09:21:47 INFO  Test duration: 0.02 secs
09:21:47 INFO  Test final outcome:  SKIPPED
09:21:47 INFO  Test outcome reason: Testing the apt plugin is not supported on this platform.Use parameter -XmyPlatform='container' to enable it
09:21:47 INFO  
</system-out>
	</testcase>
<testcase classname="SMDockerInstallRemove" name="SoftwareManagement.sm_docker_install_remove_multiple" />
<testcase classname="SMDockerInstallRemove" name="SoftwareManagement.sm_docker_install_remove_multiple" />
</testsuite><testsuite name="SoftwareManagement.sm_fake_install_remove" tests="2" errors="0" failures="0" skipped="1" time="0"><testcase classname="PySysTest" name="SoftwareManagement.sm_fake_install_remove">
		<skipped message="SKIPPED: Testing the fake plugin is not enabled.Use parameter -Xfakeplugin=fakeplugin to enable it" />
		<system-out>09:21:47 INFO  ==============================================================
09:21:47 INFO  Id:    SoftwareManagement.sm_fake_install_remove
09:21:47 INFO  Dir:   software_management_end_to_end/
09:21:47 INFO  Title: Validate end to end behaviour for the dummy plugin for installation and removal of packages
09:21:47 INFO  ==============================================================
09:21:47 INFO  Testing the fake plugin is not enabled.Use parameter -Xfakeplugin=fakeplugin to enable it ... skipped
09:21:47 WARN  Aborted test due to SKIPPED outcome
09:21:47 INFO  
09:21:47 INFO  Test duration: 0.02 secs
09:21:47 INFO  Test final outcome:  SKIPPED
09:21:47 INFO  Test outcome reason: Testing the fake plugin is not enabled.Use parameter -Xfakeplugin=fakeplugin to enable it
09:21:47 INFO  
</system-out>
	</testcase>
<testcase classname="PySysTest" name="SoftwareManagement.sm_fake_install_remove" />
</testsuite><testsuite name="SoftwareManagement.sm_fake_install_remove_multiple" tests="2" errors="0" failures="0" skipped="1" time="0"><testcase classname="PySysTest" name="SoftwareManagement.sm_fake_install_remove_multiple">
		<skipped message="SKIPPED: Testing the fake plugin is not enabled.Use parameter -Xfakeplugin=fakeplugin to enable it" />
		<system-out>09:21:47 INFO  ==============================================================
09:21:47 INFO  Id:    SoftwareManagement.sm_fake_install_remove_multiple
09:21:47 INFO  Dir:   software_management_end_to_end/
09:21:47 INFO  Title: Validate end to end behaviour for the dummy-plugin for multiple packages
09:21:47 INFO  ==============================================================
09:21:47 INFO  Testing the fake plugin is not enabled.Use parameter -Xfakeplugin=fakeplugin to enable it ... skipped
09:21:47 WARN  Aborted test due to SKIPPED outcome
09:21:47 INFO  
09:21:47 INFO  Test duration: 0.02 secs
09:21:47 INFO  Test final outcome:  SKIPPED
09:21:47 INFO  Test outcome reason: Testing the fake plugin is not enabled.Use parameter -Xfakeplugin=fakeplugin to enable it
09:21:47 INFO  
</system-out>
	</testcase>
<testcase classname="PySysTest" name="SoftwareManagement.sm_fake_install_remove_multiple" />
</testsuite><testsuite name="SoftwareManagement.sm_mapper_fail_and_reconnect" tests="2" errors="0" failures="0" skipped="2" time="0"><testcase classname="MapperC8yReceiveLastMessageOnRestart" name="SoftwareManagement.sm_mapper_fail_and_reconnect">
		<skipped message="SKIPPED: instable https://github.com/thin-edge/thin-edge.io/issues/752" />
		<system-out>09:21:47 INFO  ==============================================================
09:21:47 INFO  Id:    SoftwareManagement.sm_mapper_fail_and_reconnect
09:21:47 INFO  Dir:   software_management_end_to_end/
09:21:47 INFO  Title: Validate the tedge-mapper-sm-c8y for receiving the last message on restart
09:21:47 INFO  ==============================================================
09:21:47 INFO  instable https://github.com/thin-edge/thin-edge.io/issues/752 ... skipped
09:21:47 INFO  
09:21:47 INFO  Test duration: 0.02 secs
09:21:47 INFO  Test final outcome:  SKIPPED
09:21:47 INFO  Test outcome reason: instable https://github.com/thin-edge/thin-edge.io/issues/752
09:21:47 INFO  
</system-out>
	</testcase>
<testcase classname="MapperC8yReceiveLastMessageOnRestart" name="SoftwareManagement.sm_mapper_fail_and_reconnect">
		<skipped message="SKIPPED: instable https://github.com/thin-edge/thin-edge.io/issues/752" />
		<system-out>10:33:01 INFO  ==============================================================
10:33:01 INFO  Id:    SoftwareManagement.sm_mapper_fail_and_reconnect
10:33:01 INFO  Dir:   software_management_end_to_end/
10:33:01 INFO  Title: Validate the tedge-mapper-sm-c8y for receiving the last message on restart
10:33:01 INFO  ==============================================================
10:33:01 INFO  instable https://github.com/thin-edge/thin-edge.io/issues/752 ... skipped
10:33:01 INFO  
10:33:01 INFO  Test duration: 0.05 secs
10:33:01 INFO  Test final outcome:  SKIPPED
10:33:01 INFO  Test outcome reason: instable https://github.com/thin-edge/thin-edge.io/issues/752
10:33:01 INFO  
</system-out>
	</testcase>
</testsuite><testsuite name="SoftwareManagement.sm_mixed_install_remove_multiple" tests="2" errors="0" failures="1" skipped="1" time="0"><testcase classname="PySysTest" name="SoftwareManagement.sm_mixed_install_remove_multiple">
		<skipped message="SKIPPED: Testing the fake plugin is not enabled.Use parameter -Xfakeplugin=fakeplugin to enable it" />
		<system-out>09:21:47 INFO  ==============================================================
09:21:47 INFO  Id:    SoftwareManagement.sm_mixed_install_remove_multiple
09:21:47 INFO  Dir:   software_management_end_to_end/
09:21:47 INFO  Title: Validate end to end behaviour for the dummy-plugin for multiple packages with mixed versions
09:21:47 INFO  ==============================================================
09:21:47 INFO  Testing the fake plugin is not enabled.Use parameter -Xfakeplugin=fakeplugin to enable it ... skipped
09:21:47 WARN  Aborted test due to SKIPPED outcome
09:21:47 INFO  
09:21:47 INFO  Test duration: 0.02 secs
09:21:47 INFO  Test final outcome:  SKIPPED
09:21:47 INFO  Test outcome reason: Testing the fake plugin is not enabled.Use parameter -Xfakeplugin=fakeplugin to enable it
09:21:47 INFO  
</system-out>
	</testcase>
<testcase classname="PySysTest" name="SoftwareManagement.sm_mixed_install_remove_multiple">
		<failure message="FAILED: Assert that (False == value) with value=True" type="FAILED" />
[...]
09:10:12 INFO  Executed sudo&lt;rm_tmp_logs&gt;, exit status 0
09:10:13 INFO  Executed sudo&lt;send_failed&gt;, exit status 0
09:10:13 INFO  Executed sudo&lt;log_file_daemon&gt;, exit status 0
09:10:17 INFO  Executed sudo&lt;tedge_disconnect_c8y&gt;, exit status 0
09:10:18 INFO  Executed systemctl&lt;serv_mapper5&gt;, exit status 3
09:10:18 INFO  
09:10:18 INFO  Test duration: 27.35 secs
09:10:18 INFO  Test final outcome:  BLOCKED
09:10:18 INFO  Test outcome reason: TypeError: 'NoneType' object is not subscriptable
09:10:18 INFO  
</system-out>
	</testcase>
</testsuite><testsuite name="log_request_num_lines" tests="1" errors="0" failures="1" skipped="0" time="0"><testcase classname="LogRequestVerifyNumberOfLines" name="log_request_num_lines">
		<failure message="BLOCKED: TypeError: 'NoneType' object is not subscriptable" type="BLOCKED" />
		<system-out>09:10:18 INFO  ==============================================================
09:10:18 INFO  Id:    log_request_num_lines
09:10:18 INFO  Dir:   log_request_end_to_end/
09:10:18 INFO  Title: Validate end to end behaviour for the log request operation check for number of lines
09:10:18 INFO  ==============================================================
09:10:18 INFO  EnvironmentC8y Setup
09:10:18 INFO  Executed systemctl&lt;serv_mapper1&gt;, exit status 3
09:10:18 INFO  Restarting mosquitto too frequently in the last 10 seconds. It was only up for 4 seconds
09:10:18 INFO  Delaying execution by 7 seconds
09:10:40 INFO  Executed sudo&lt;tedge_connect_c8y&gt;, exit status 0, duration 14 secs
09:10:40 INFO  Executed sudo&lt;tedge_connect_c8y_test&gt;, exit status 0
09:10:41 INFO  Executed systemctl&lt;serv_mosq2&gt;, exit status 0
09:10:41 INFO  Executed systemctl&lt;serv_mapper3&gt;, exit status 0
09:10:42 INFO  Executed sudo&lt;rm_logs&gt;, exit status 0
09:10:43 INFO  Executed sudo&lt;move_logs&gt;, exit status 0
09:10:43 INFO  Executed sudo&lt;log_file_daemon&gt;, exit status 0
09:10:44 WARN  TypeError occurred while running test - 'NoneType' object is not subscriptable
Traceback (most recent call last):
  File "/home/pi/env-pysys/lib/python3.7/site-packages/pysys/baserunner.py", line 1294, in __call__
    self.testObj.execute()
  File "/home/pi/actions-runner/_work/thin-edge.io/thin-edge.io/tests/PySys/log_request_end_to_end/log_request_num_lines/run.py", line 46, in execute
    log_file_request_payload, self.project.deviceid
  File "/home/pi/actions-runner/_work/thin-edge.io/thin-edge.io/tests/PySys/environments/cumulocity.py", line 101, in trigger_log_request
    "deviceId": self.device_fragment["id"],
TypeError: 'NoneType' object is not subscriptable
09:10:44 WARN  TypeError: 'NoneType' object is not subscriptable ... blocked 
09:10:44 INFO  
09:10:44 INFO  cleanup:
09:10:44 INFO  Executed sudo&lt;rm_logs&gt;, exit status 0
09:10:45 INFO  Executed sudo&lt;rm_tmp_logs&gt;, exit status 0
09:10:45 INFO  Executed sudo&lt;send_failed&gt;, exit status 0
09:10:46 INFO  Executed sudo&lt;log_file_daemon&gt;, exit status 0
09:10:50 INFO  Executed sudo&lt;tedge_disconnect_c8y&gt;, exit status 0
09:10:51 INFO  Executed systemctl&lt;serv_mapper5&gt;, exit status 3
09:10:51 INFO  
09:10:51 INFO  Test duration: 32.77 secs
09:10:51 INFO  Test final outcome:  BLOCKED
09:10:51 INFO  Test outcome reason: TypeError: 'NoneType' object is not subscriptable
09:10:51 INFO  
</system-out>
	</testcase>
</testsuite><testsuite name="mapper_awaits_before_reconnect" tests="1" errors="0" failures="1" skipped="0" time="0"><testcase classname="MapperReconnectAwait" name="mapper_awaits_before_reconnect">
		<failure message="FAILED: Line count on tedge_mapper_journal.out for &quot;tedge_mapper::core::mapper: MQTT connection error:&quot; expected &gt;=2 but got 0" type="FAILED" />
		<system-out>09:24:50 INFO  ==============================================================
09:24:50 INFO  Id:    mapper_awaits_before_reconnect
09:24:50 INFO  Dir:   tedge_mapper_c8y/
09:24:50 INFO  Title: Validate mapper doesn't reconnect too often
09:24:50 INFO  ==============================================================
09:24:50 INFO  Started mosquitto_sub with process id 17049
09:24:50 INFO  Waiting for 0.1 seconds
09:24:51 INFO  Executed sudo&lt;tedge_mapper&gt;, exit status 0
09:24:51 INFO  Waiting for 5.0 seconds
09:24:56 INFO  Executed sudo&lt;tedge_mapper&gt;, exit status 0
09:24:59 INFO  Executed sudo&lt;tedge_mapper_journal&gt;, exit status 0
09:24:59 WARN  Grep on tedge_mapper_journal.out contains "ERROR" ... failed [run.py:67]
09:24:59 INFO  Line count on file tedge_mapper_journal.out ... passed
09:24:59 WARN  Line count on tedge_mapper_journal.out for "tedge_mapper::core::mapper: MQTT connection error:" expected &gt;=2 but got 0 ... failed [run.py:78]
09:24:59 WARN  Aborted test due to FAILED outcome
09:24:59 INFO  
09:24:59 INFO  Test duration: 8.74 secs
09:24:59 INFO  Test final outcome:  FAILED
09:24:59 INFO  Test outcome reason: Line count on tedge_mapper_journal.out for "tedge_mapper::core::mapper: MQTT connection error:" expected &gt;=2 but got 0
09:24:59 INFO  
</system-out>
	</testcase>
</testsuite><testsuite name="monitoring_smaller_interval" tests="1" errors="0" failures="1" skipped="0" time="0"><testcase classname="MonitoringSmallInterval" name="monitoring_smaller_interval">
		<failure message="BLOCKED: TypeError: 'int' object is not subscriptable" type="BLOCKED" />
		<system-out>09:11:53 INFO  ==============================================================
09:11:53 INFO  Id:    monitoring_smaller_interval
09:11:53 INFO  Dir:   monitoring/
09:11:53 INFO  Title: Validate the tedge dm agent messages that are produced with smaller sampling interval than the batching window. Here the simulated collectd messages are used
09:11:53 INFO  ==============================================================
09:11:54 INFO  Executed sudo&lt;collectd&gt;, exit status 0
09:11:54 INFO  Executed sudo&lt;collectd_mapper&gt;, exit status 0
09:11:54 INFO  Started sudo&lt;tedge_sub&gt; with process id 13181
09:11:55 INFO  Executed sudo&lt;tedge_temp&gt;, exit status 0
09:11:55 INFO  Executed sudo&lt;tedge_pres&gt;, exit status 0
09:11:56 INFO  Executed sudo&lt;tedge_temp&gt;, exit status 0
09:11:57 INFO  Executed sudo&lt;tedge_pres&gt;, exit status 0
09:11:57 INFO  Executed sudo&lt;tedge_temp&gt;, exit status 0
09:11:58 INFO  Executed sudo&lt;tedge_pres&gt;, exit status 0
09:11:58 INFO  Executed sudo&lt;tedge_temp&gt;, exit status 0
09:11:59 INFO  Executed sudo&lt;tedge_pres&gt;, exit status 0
09:11:59 INFO  Executed sudo&lt;tedge_temp&gt;, exit status 0
09:12:00 INFO  Executed sudo&lt;tedge_pres&gt;, exit status 0
09:12:01 INFO  Executed sudo&lt;tedge_temp&gt;, exit status 0
09:12:01 INFO  Executed sudo&lt;tedge_pres&gt;, exit status 0
09:12:02 INFO  Executed sudo&lt;tedge_temp&gt;, exit status 0
09:12:02 INFO  Executed sudo&lt;tedge_pres&gt;, exit status 0
09:12:03 INFO  Executed sudo&lt;tedge_temp&gt;, exit status 0
09:12:03 INFO  Executed sudo&lt;tedge_pres&gt;, exit status 0
09:12:04 INFO  Executed sudo&lt;tedge_temp&gt;, exit status 0
09:12:04 INFO  Executed sudo&lt;tedge_pres&gt;, exit status 0
09:12:05 INFO  Executed sudo&lt;tedge_temp&gt;, exit status 0
09:12:06 INFO  Executed sudo&lt;tedge_pres&gt;, exit status 0
09:12:07 INFO  Executed sudo&lt;kill_out&gt;, exit status 0
09:12:07 INFO  0

09:12:07 WARN  TypeError occurred while running test - 'int' object is not subscriptable
Traceback (most recent call last):
  File "/home/pi/env-pysys/lib/python3.7/site-packages/pysys/baserunner.py", line 1296, in __call__
    self.testObj.validate()
  File "/home/pi/actions-runner/_work/thin-edge.io/thin-edge.io/tests/PySys/monitoring/monitoring_smaller_interval/run.py", line 104, in validate
    collectd_msg_validation_result=self.validate_json(),
  File "/home/pi/actions-runner/_work/thin-edge.io/thin-edge.io/tests/PySys/monitoring/monitoring_smaller_interval/run.py", line 114, in validate_json
    if not self.validate_time():
  File "/home/pi/actions-runner/_work/thin-edge.io/thin-edge.io/tests/PySys/monitoring/monitoring_smaller_interval/run.py", line 134, in validate_time
    if self.js_msg["time"]:
TypeError: 'int' object is not subscriptable
09:12:07 WARN  TypeError: 'int' object is not subscriptable ... blocked 
09:12:07 INFO  
09:12:07 INFO  cleanup:
09:12:07 INFO  monitoring_cleanup
09:12:08 INFO  Executed sudo&lt;collectd_mapper&gt;, exit status 0
09:12:08 INFO  
09:12:08 INFO  Test duration: 14.94 secs
09:12:08 INFO  Test final outcome:  BLOCKED
09:12:08 INFO  Test outcome reason: TypeError: 'int' object is not subscriptable
09:12:08 INFO  
</system-out>
	</testcase>
</testsuite><testsuite name="monitoring_with_collectd" tests="1" errors="0" failures="0" skipped="1" time="0"><testcase classname="MonitoringWithCollectd" name="monitoring_with_collectd">
		<skipped message="SKIPPED: Test execution disabled due to #792 (instable)" />
		<system-out>09:12:08 INFO  ==============================================================
09:12:08 INFO  Id:    monitoring_with_collectd
09:12:08 INFO  Dir:   monitoring/
09:12:08 INFO  Title: Validate tedge dm agent messages that are produced by batching the collectd messages
09:12:08 INFO  ==============================================================
09:12:08 INFO  Test execution disabled due to #792 (instable) ... skipped
09:12:08 INFO  
09:12:08 INFO  Test duration: 0.02 secs
09:12:08 INFO  Test final outcome:  SKIPPED
09:12:08 INFO  Test outcome reason: Test execution disabled due to #792 (instable)
09:12:08 INFO  
</system-out>
	</testcase>
</testsuite><testsuite name="monitoring_with_simulated_messages" tests="1" errors="0" failures="1" skipped="0" time="0"><testcase classname="MonitoringWithSimulatedMessages" name="monitoring_with_simulated_messages">
		<failure message="BLOCKED: TypeError: 'int' object is not subscriptable" type="BLOCKED" />
		<system-out>09:12:08 INFO  ==============================================================
09:12:08 INFO  Id:    monitoring_with_simulated_messages
09:12:08 INFO  Dir:   monitoring/
09:12:08 INFO  Title: Validate the tedge dm agent messages that are produced from the simulated collectd messages
09:12:08 INFO  ==============================================================
09:12:09 INFO  Executed sudo&lt;collectd&gt;, exit status 0
09:12:09 INFO  Executed sudo&lt;collectd_mapper&gt;, exit status 0
09:12:09 INFO  Started sudo&lt;tedge_sub&gt; with process id 13237
09:12:10 INFO  Executed sudo&lt;tedge_temp&gt;, exit status 0
09:12:10 INFO  Executed sudo&lt;tedge_pres&gt;, exit status 0
09:12:12 INFO  Executed sudo&lt;kill_out&gt;, exit status 0
09:12:12 INFO  0

09:12:12 WARN  TypeError occurred while running test - 'int' object is not subscriptable
Traceback (most recent call last):
  File "/home/pi/env-pysys/lib/python3.7/site-packages/pysys/baserunner.py", line 1296, in __call__
    self.testObj.validate()
  File "/home/pi/actions-runner/_work/thin-edge.io/thin-edge.io/tests/PySys/monitoring/monitoring_with_simulated_messages/run.py", line 98, in validate
    collectd_msg_validation_result=self.validate_json(),
  File "/home/pi/actions-runner/_work/thin-edge.io/thin-edge.io/tests/PySys/monitoring/monitoring_with_simulated_messages/run.py", line 108, in validate_json
    if not self.validate_time():
  File "/home/pi/actions-runner/_work/thin-edge.io/thin-edge.io/tests/PySys/monitoring/monitoring_with_simulated_messages/run.py", line 127, in validate_time
    if self.js_msg["time"]:
TypeError: 'int' object is not subscriptable
09:12:12 WARN  TypeError: 'int' object is not subscriptable ... blocked 
09:12:12 INFO  
09:12:12 INFO  cleanup:
09:12:12 INFO  monitoring_cleanup
09:12:12 INFO  Executed sudo&lt;collectd_mapper&gt;, exit status 0
09:12:12 INFO  
09:12:12 INFO  Test duration: 4.49 secs
09:12:12 INFO  Test final outcome:  BLOCKED
09:12:12 INFO  Test outcome reason: TypeError: 'int' object is not subscriptable
09:12:12 INFO  
</system-out>
	</testcase>
</testsuite><testsuite name="mqtt_port_change_connection_fails" tests="1" errors="0" failures="0" skipped="0" time="0"><testcase classname="MqttPortChangeConnectionFails" name="mqtt_port_change_connection_fails" />
</testsuite><testsuite name="mqtt_port_change_connection_works" tests="1" errors="0" failures="0" skipped="1" time="0"><testcase classname="MqttPortChangeConnectionWorks" name="mqtt_port_change_connection_works">
		<skipped message="SKIPPED: failing intermitently" />
		<system-out>09:11:26 INFO  ==============================================================
09:11:26 INFO  Id:    mqtt_port_change_connection_works
09:11:26 INFO  Dir:   misc_features/
09:11:26 INFO  Title: mqtt port change connection works for all the thin-edge services that use the mosquitto broker
09:11:26 INFO  ==============================================================
09:11:26 INFO  failing intermitently ... skipped
09:11:26 INFO  
09:11:26 INFO  Test duration: 0.02 secs
09:11:26 INFO  Test final outcome:  SKIPPED
09:11:26 INFO  Test outcome reason: failing intermitently
09:11:26 INFO  
</system-out>
	</testcase>
</testsuite><testsuite name="publish_flux" tests="1" errors="0" failures="0" skipped="0" time="0"><testcase classname="PublishFlux" name="publish_flux" />
</testsuite><testsuite name="publish_sawmill" tests="1" errors="0" failures="0" skipped="0" time="0"><testcase classname="PublishSawmill" name="publish_sawmill" />
</testsuite><testsuite name="runtime_start_two_mappers" tests="1" errors="0" failures="0" skipped="0" time="0"><testcase classname="RuntimeMultiMappers" name="runtime_start_two_mappers" />
</testsuite><testsuite name="sm_tedge_mapper_init_session" tests="1" errors="0" failures="0" skipped="0" time="0"><testcase classname="TedgeSMMapperInitSession" name="sm_tedge_mapper_init_session" />
</testsuite><testsuite name="smoketest_json" tests="1" errors="0" failures="0" skipped="0" time="0"><testcase classname="SmokeTestJson" name="smoketest_json" />
</testsuite><testsuite name="smoketest_json_400_samples_10ms" tests="1" errors="0" failures="0" skipped="0" time="0"><testcase classname="SmoketestJson400Samples10ms" name="smoketest_json_400_samples_10ms" />
</testsuite><testsuite name="smoketest_json_400_samples_20ms" tests="1" errors="0" failures="0" skipped="0" time="0"><testcase classname="SmoketestJson400Samples20ms" name="smoketest_json_400_samples_20ms" />
</testsuite><testsuite name="smoketest_smartrest" tests="1" errors="0" failures="0" skipped="0" time="0"><testcase classname="SmoketestSmartRest" name="smoketest_smartrest" />
</testsuite><testsuite name="smoketest_smartrest_400_samples_1Xms" tests="1" errors="0" failures="0" skipped="0" time="0"><testcase classname="SmoketestSmartRest400Samples1Xms" name="smoketest_smartrest_400_samples_1Xms" />
</testsuite><testsuite name="smoketest_smartrest_400_samples_20ms" tests="1" errors="0" failures="0" skipped="0" time="0"><testcase classname="SmoketestSmartRest400Samples20ms" name="smoketest_smartrest_400_samples_20ms" />
</testsuite><testsuite name="tedge_agent_user_sudo_access" tests="1" errors="0" failures="0" skipped="1" time="0"><testcase classname="TedgeAgentUserSudoAccess" name="tedge_agent_user_sudo_access">
		<skipped message="SKIPPED: #955 Observation: Exit code of the apt plugin when called with no arguments" />
		<system-out>09:22:13 INFO  ==============================================================
09:22:13 INFO  Id:    tedge_agent_user_sudo_access
09:22:13 INFO  Dir:   tedge/
09:22:13 INFO  Title: Validate tedge-agent user has a limited sudo right
09:22:13 INFO  ==============================================================
09:22:13 INFO  #955 Observation: Exit code of the apt plugin when called with no arguments ... skipped
09:22:13 INFO  
09:22:13 INFO  Test duration: 0.02 secs
09:22:13 INFO  Test final outcome:  SKIPPED
09:22:13 INFO  Test outcome reason: #955 Observation: Exit code of the apt plugin when called with no arguments
09:22:13 INFO  
</system-out>
	</testcase>
</testsuite><testsuite name="tedge_connect_test_negative" tests="1" errors="0" failures="0" skipped="0" time="0"><testcase classname="TedgeConnectTestNegative" name="tedge_connect_test_negative" />
</testsuite><testsuite name="tedge_connect_test_positive" tests="1" errors="0" failures="0" skipped="0" time="0"><testcase classname="TedgeConnectTestPositive" name="tedge_connect_test_positive" />
</testsuite><testsuite name="tedge_connect_test_sm_services" tests="1" errors="0" failures="0" skipped="0" time="0"><testcase classname="TedgeConnectTestSMServices" name="tedge_connect_test_sm_services" />
</testsuite><testsuite name="tedge_disconnect_test_sm_services" tests="1" errors="0" failures="0" skipped="0" time="0"><testcase classname="TedgeDisConnectTestSMServices" name="tedge_disconnect_test_sm_services" />
</testsuite><testsuite name="tedge_mapper_az_negative" tests="1" errors="0" failures="0" skipped="0" time="0"><testcase classname="TedgeMapperAzError" name="tedge_mapper_az_negative" />
</testsuite><testsuite name="tedge_mapper_az_with_timestamp" tests="1" errors="0" failures="0" skipped="0" time="0"><testcase classname="TedgeMapperAzWithTimestamp" name="tedge_mapper_az_with_timestamp" />
</testsuite><testsuite name="tedge_mapper_az_without_timestamp" tests="1" errors="0" failures="0" skipped="0" time="0"><testcase classname="TedgeMapperAzWithoutTimestamp" name="tedge_mapper_az_without_timestamp" />
</testsuite><testsuite name="tedge_mapper_c8y_alarms" tests="1" errors="0" failures="0" skipped="0" time="0"><testcase classname="TedgeMapperC8yAlarm" name="tedge_mapper_c8y_alarms" />
</testsuite><testsuite name="tedge_mapper_c8y_child_device_measurement" tests="1" errors="0" failures="0" skipped="0" time="0"><testcase classname="TedgeMapperC8yChildDevice" name="tedge_mapper_c8y_child_device_measurement" />
</testsuite><testsuite name="tedge_mapper_c8y_packet_threshold_size" tests="1" errors="0" failures="1" skipped="0" time="0"><testcase classname="TedgeMapperC8yThresholdPacketSize" name="tedge_mapper_c8y_packet_threshold_size">
		<failure message="FAILED: Grep on tedge_sub.out contains &quot;The size of the message received on tedge/measurements is 20489 which is greater than the threshold size of 16184.&quot;" type="FAILED" />
		<system-out>09:26:37 INFO  ==============================================================
09:26:37 INFO  Id:    tedge_mapper_c8y_packet_threshold_size
09:26:37 INFO  Dir:   tedge_mapper_c8y/
09:26:37 INFO  Title: Validate the Cumulocity Mapper accepted threshold packet size when it receives a message on tedge/measurements
09:26:37 INFO  ==============================================================
09:26:37 INFO  Executed sudo&lt;tedge_mapper_c8y&gt;, exit status 0
09:26:37 INFO  Started sudo&lt;tedge_sub&gt; with process id 17644
09:26:38 INFO  Executed sudo&lt;tedge_msg&gt;, exit status 0
09:26:39 INFO  Executed sudo&lt;tedge_pub&gt;, exit status 0
09:26:39 INFO  Executed sudo&lt;kill_out&gt;, exit status 0
09:26:39 WARN  Grep on tedge_sub.out contains "The size of the message received on tedge/measurements is 20489 which is greater than the threshold size of 16184." ... failed [run.py:88]
09:26:39 INFO  
09:26:39 INFO  cleanup:
09:26:39 INFO  mapper_cleanup
09:26:40 INFO  Executed sudo&lt;tedge_mapper_c8y&gt;, exit status 0
09:26:40 INFO  
09:26:40 INFO  Test duration: 3.00 secs
09:26:40 INFO  Test final outcome:  FAILED
09:26:40 INFO  Test outcome reason: Grep on tedge_sub.out contains "The size of the message received on tedge/measurements is 20489 which is greater than the threshold size of 16184."
09:26:40 INFO  
</system-out>
	</testcase>
</testsuite><testsuite name="tedge_software_update" tests="1" errors="0" failures="0" skipped="0" time="0"><testcase classname="PySysTest" name="tedge_software_update" />
</testsuite><testsuite name="valid_device_id" tests="1" errors="0" failures="0" skipped="0" time="0"><testcase classname="ValidateValidDeviceId" name="valid_device_id" />
</testsuite></testsuites>