<?xml version='1.0' encoding='utf-8'?>
<testsuites tests="147" failures="21" errors="0" skipped="45" time="0.0"><testsuite name="SoftwareManagement.Plugin.apama_plugin_install" tests="3" errors="0" failures="0" skipped="1" time="0"><testcase classname="ApamaPluginInstallTest" name="SoftwareManagement.Plugin.apama_plugin_install">
		<skipped message="SKIPPED: Apama plugin tests are disabled by default. Execute `pysys run` with `-XmyPlatform=container` to run these tests" />
		<system-out>10:24:33 INFO  ==============================================================
10:24:33 INFO  Id:    SoftwareManagement.Plugin.apama_plugin_install
10:24:33 INFO  Dir:   plugin_apama/
10:24:33 INFO  Title: Validate apama plugin install
10:24:33 INFO  ==============================================================
10:24:33 INFO  Apama plugin tests are disabled by default. Execute `pysys run` with `-XmyPlatform=container` to run these tests ... skipped
10:24:33 WARN  Aborted test due to SKIPPED outcome
10:24:33 INFO  
10:24:33 INFO  Test duration: 0.05 secs
10:24:33 INFO  Test final outcome:  SKIPPED
10:24:33 INFO  Test outcome reason: Apama plugin tests are disabled by default. Execute `pysys run` with `-XmyPlatform=container` to run these tests
10:24:33 INFO  
</system-out>
	</testcase>
<testcase classname="ApamaPluginInstallTest" name="SoftwareManagement.Plugin.apama_plugin_install" />
<testcase classname="ApamaPluginInstallTest" name="SoftwareManagement.Plugin.apama_plugin_install" />
</testsuite><testsuite name="SoftwareManagement.Plugin.apama_plugin_mon_support" tests="3" errors="0" failures="0" skipped="1" time="0"><testcase classname="ApamaPluginMonSupportTest" name="SoftwareManagement.Plugin.apama_plugin_mon_support">
		<skipped message="SKIPPED: Apama plugin tests are disabled by default. Execute `pysys run` with `-XmyPlatform=container` to run these tests" />
		<system-out>10:24:33 INFO  ==============================================================
10:24:33 INFO  Id:    SoftwareManagement.Plugin.apama_plugin_mon_support
10:24:33 INFO  Dir:   plugin_apama/
10:24:33 INFO  Title: Validate mon file support of apama plugin
10:24:33 INFO  ==============================================================
10:24:33 INFO  Apama plugin tests are disabled by default. Execute `pysys run` with `-XmyPlatform=container` to run these tests ... skipped
10:24:33 WARN  Aborted test due to SKIPPED outcome
10:24:33 INFO  
10:24:33 INFO  Test duration: 0.03 secs
10:24:33 INFO  Test final outcome:  SKIPPED
10:24:33 INFO  Test outcome reason: Apama plugin tests are disabled by default. Execute `pysys run` with `-XmyPlatform=container` to run these tests
10:24:33 INFO  
</system-out>
	</testcase>
<testcase classname="ApamaPluginMonSupportTest" name="SoftwareManagement.Plugin.apama_plugin_mon_support" />
<testcase classname="ApamaPluginMonSupportTest" name="SoftwareManagement.Plugin.apama_plugin_mon_support" />
</testsuite><testsuite name="SoftwareManagement.Plugin.apama_plugin_remove" tests="3" errors="0" failures="0" skipped="1" time="0"><testcase classname="ApamaPluginRemoveTest" name="SoftwareManagement.Plugin.apama_plugin_remove">
		<skipped message="SKIPPED: Apama plugin tests are disabled by default. Execute `pysys run` with `-XmyPlatform=container` to run these tests" />
		<system-out>10:24:33 INFO  ==============================================================
10:24:33 INFO  Id:    SoftwareManagement.Plugin.apama_plugin_remove
10:24:33 INFO  Dir:   plugin_apama/
10:24:33 INFO  Title: Validate apama plugin remove
10:24:33 INFO  ==============================================================
10:24:33 INFO  Apama plugin tests are disabled by default. Execute `pysys run` with `-XmyPlatform=container` to run these tests ... skipped
10:24:33 WARN  Aborted test due to SKIPPED outcome
10:24:33 INFO  
10:24:33 INFO  Test duration: 0.02 secs
10:24:33 INFO  Test final outcome:  SKIPPED
10:24:33 INFO  Test outcome reason: Apama plugin tests are disabled by default. Execute `pysys run` with `-XmyPlatform=container` to run these tests
10:24:33 INFO  
</system-out>
	</testcase>
<testcase classname="ApamaPluginRemoveTest" name="SoftwareManagement.Plugin.apama_plugin_remove" />
<testcase classname="ApamaPluginRemoveTest" name="SoftwareManagement.Plugin.apama_plugin_remove" />
</testsuite><testsuite name="SoftwareManagement.Plugin.apama_plugin_update" tests="3" errors="0" failures="2" skipped="1" time="0"><testcase classname="ApamaPluginUpdateTest" name="SoftwareManagement.Plugin.apama_plugin_update">
		<skipped message="SKIPPED: Apama plugin tests are disabled by default. Execute `pysys run` with `-XmyPlatform=container` to run these tests" />
		<system-out>10:24:33 INFO  ==============================================================
10:24:33 INFO  Id:    SoftwareManagement.Plugin.apama_plugin_update
10:24:33 INFO  Dir:   plugin_apama/
10:24:33 INFO  Title: Validate apama plugin updating one project with another
10:24:33 INFO  ==============================================================
10:24:33 INFO  Apama plugin tests are disabled by default. Execute `pysys run` with `-XmyPlatform=container` to run these tests ... skipped
10:24:33 WARN  Aborted test due to SKIPPED outcome
10:24:33 INFO  
10:24:33 INFO  Test duration: 0.02 secs
10:24:33 INFO  Test final outcome:  SKIPPED
10:24:33 INFO  Test outcome reason: Apama plugin tests are disabled by default. Execute `pysys run` with `-XmyPlatform=container` to run these tests
10:24:33 INFO  
</system-out>
	</testcase>
<testcase classname="ApamaPluginUpdateTest" name="SoftwareManagement.Plugin.apama_plugin_update">
		<failure message="BLOCKED: sudo&lt;plugin_install&gt; returned non-zero exit code 2" type="BLOCKED" />
		<system-out>11:17:07 INFO  ==============================================================
11:17:07 INFO  Id:    SoftwareManagement.Plugin.apama_plugin_update
11:17:07 INFO  Dir:   plugin_apama/
11:17:07 INFO  Title: Validate apama plugin updating one project with another
11:17:07 INFO  ==============================================================
11:17:07 INFO  Assertion that path exists=False for "/etc/tedge/apama/project" ... passed
11:17:08 INFO  Executed sudo&lt;create_project_dir&gt;, exit status 0
11:17:08 INFO  Executed sudo&lt;unzip_apama_project&gt;, exit status 0
11:17:09 INFO  Executed sudo&lt;move_apama_project&gt;, exit status 0
11:17:10 INFO  Executed sudo&lt;restart_apama_service&gt;, exit status 0
11:17:11 INFO  Executed sudo&lt;apama_correlator_wait&gt;, exit status 0
11:17:11 INFO  Assertion that path exists=True for "/etc/tedge/apama/project" ... passed
11:17:11 INFO  Executed sudo&lt;apama_list_monitors&gt;, exit status 0
11:17:11 INFO  Grep on file /home/pi/actions-runner/_work/thin-edge.io/thin-edge.io/tests/PySys/plugin_apama/apama_plugin_update/Output/linux/apama_list_monitors.out ... passed
11:17:12 WARN  Executed sudo&lt;plugin_install&gt;, exit status 2
11:17:12 INFO  Contents of plugin_install.err: 
  ERROR: Directory not empty (os error 39)
  -----

11:17:12 WARN  sudo&lt;plugin_install&gt; returned non-zero exit code 2 ... blocked [run.py:35]
11:17:12 WARN  Aborted test due to BLOCKED outcome
11:17:12 INFO  
11:17:12 INFO  cleanup:
11:17:12 INFO  Removing apama project
11:17:28 INFO  Executed sudo&lt;stop_apama_service&gt;, exit status 0, duration 15 secs
11:17:28 INFO  Executed sudo&lt;remove_apama_project&gt;, exit status 0
11:17:29 INFO  Executed sudo&lt;remove_apama_tmp_dir&gt;, exit status 0
11:17:29 INFO  
11:17:29 INFO  Test duration: 21.21 secs
11:17:29 INFO  Test final outcome:  BLOCKED
11:17:29 INFO  Test outcome reason: sudo&lt;plugin_install&gt; returned non-zero exit code 2
11:17:29 INFO  
</system-out>
	</testcase>
<testcase classname="ApamaPluginUpdateTest" name="SoftwareManagement.Plugin.apama_plugin_update">
		<failure message="BLOCKED: sudo&lt;plugin_install&gt; returned non-zero exit code 2" type="BLOCKED" />
		<system-out>11:24:18 INFO  ==============================================================
11:24:18 INFO  Id:    SoftwareManagement.Plugin.apama_plugin_update
11:24:18 INFO  Dir:   plugin_apama/
11:24:18 INFO  Title: Validate apama plugin updating one project with another
11:24:18 INFO  ==============================================================
11:24:18 INFO  Assertion that path exists=False for "/etc/tedge/apama/project" ... passed
11:24:19 INFO  Executed sudo&lt;create_project_dir&gt;, exit status 0
11:24:20 INFO  Executed sudo&lt;unzip_apama_project&gt;, exit status 0
11:24:20 INFO  Executed sudo&lt;move_apama_project&gt;, exit status 0
11:24:22 INFO  Executed sudo&lt;restart_apama_service&gt;, exit status 0
11:24:22 INFO  Executed sudo&lt;apama_correlator_wait&gt;, exit status 0
11:24:22 INFO  Assertion that path exists=True for "/etc/tedge/apama/project" ... passed
11:24:23 INFO  Executed sudo&lt;apama_list_monitors&gt;, exit status 0
11:24:23 INFO  Grep on file /home/pi/actions-runner/_work/thin-edge.io/thin-edge.io/tests/PySys/plugin_apama/apama_plugin_update/Output/linux/apama_list_monitors.out ... passed
11:24:24 WARN  Executed sudo&lt;plugin_install&gt;, exit status 2
11:24:24 INFO  Contents of plugin_install.err: 
  ERROR: Directory not empty (os error 39)
  -----

11:24:24 WARN  sudo&lt;plugin_install&gt; returned non-zero exit code 2 ... blocked [run.py:35]
11:24:24 WARN  Aborted test due to BLOCKED outcome
11:24:24 INFO  
11:24:24 INFO  cleanup:
11:24:24 INFO  Removing apama project
11:24:39 INFO  Executed sudo&lt;stop_apama_service&gt;, exit status 0, duration 15 secs
11:24:40 INFO  Executed sudo&lt;remove_apama_project&gt;, exit status 0
11:24:40 INFO  Executed sudo&lt;remove_apama_tmp_dir&gt;, exit status 0
11:24:40 INFO  
11:24:40 INFO  Test duration: 21.79 secs
11:24:40 INFO  Test final outcome:  BLOCKED
11:24:40 INFO  Test outcome reason: sudo&lt;plugin_install&gt; returned non-zero exit code 2
11:24:40 INFO  
</system-out>
	</testcase>
</testsuite><testsuite name="SoftwareManagement.sm_apt_install_download_path" tests="3" errors="0" failures="2" skipped="1" time="0"><testcase classname="AptInstallWithDownloadPath" name="SoftwareManagement.sm_apt_install_download_path">
		<skipped message="SKIPPED: Testing the apt plugin is not supported on this platform.Use parameter -XmyPlatform='container' to enable it" />
		<system-out>10:34:13 INFO  ==============================================================
10:34:13 INFO  Id:    SoftwareManagement.sm_apt_install_download_path
10:34:13 INFO  Dir:   software_management_end_to_end/
10:34:13 INFO  Title: Install package to directory specified in tedge config set tmp.path
10:34:13 INFO  ==============================================================
10:34:13 INFO  Testing the apt plugin is not supported on this platform.Use parameter -XmyPlatform='container' to enable it ... skipped
10:34:13 WARN  Aborted test due to SKIPPED outcome
10:34:13 INFO  
10:34:13 INFO  Test duration: 0.06 secs
10:34:13 INFO  Test final outcome:  SKIPPED
10:34:13 INFO  Test outcome reason: Testing the apt plugin is not supported on this platform.Use parameter -XmyPlatform='container' to enable it
10:34:13 INFO  
</system-out>
	</testcase>
<testcase classname="AptInstallWithDownloadPath" name="SoftwareManagement.sm_apt_install_download_path">
		<failure message="BLOCKED: AssertionError:" type="BLOCKED" />
		<system-out>10:58:28 INFO  ==============================================================
10:58:28 INFO  Id:    SoftwareManagement.sm_apt_install_download_path
10:58:28 INFO  Dir:   software_management_end_to_end/
10:58:28 INFO  Title: Install package to directory specified in tedge config set tmp.path
10:58:28 INFO  ==============================================================
10:58:28 INFO  Using sw id database: {'asciijump': '5475369', 'robotfindskitten': '5474869', 'squirrel3': '5475279', 'rolldice': '5152439', 'moon-buggy': '5439204', 'apple': '5495053', 'banana': '5494888', 'cherry': '5495382', 'watermelon': '5494510', 'registry': '8018911', 'hello-world': '8021526', 'docker/getting-started': '8021973', 'alpine': '7991792'}
10:58:28 INFO  EnvironmentC8y Setup
10:58:29 INFO  Executed systemctl&lt;serv_mapper1&gt;, exit status 3
10:58:43 INFO  Executed sudo&lt;tedge_connect_c8y&gt;, exit status 0, duration 14 secs
10:58:45 INFO  Executed sudo&lt;tedge_connect_c8y_test&gt;, exit status 0
10:58:46 INFO  Executed systemctl&lt;serv_mosq2&gt;, exit status 0
10:58:47 INFO  Executed systemctl&lt;serv_mapper3&gt;, exit status 0
10:58:49 INFO  State of current operation: SUCCESSFUL
10:58:49 INFO  Assert that (False == value) with value=False ... passed
10:58:50 INFO  Executed sudo, exit status 0
10:58:50 INFO  Executed sudo, exit status 0
10:58:51 INFO  Executed sudo, exit status 0
10:58:56 INFO  Executed sudo&lt;tedge_disconnect_c8y&gt;, exit status 0
10:58:56 INFO  Restarting mosquitto too frequently in the last 10 seconds. It was only up for 4 seconds
10:58:56 INFO  Delaying execution by 7 seconds
10:59:16 INFO  Executed sudo&lt;tedge_connect_c8y&gt;, exit status 0, duration 13 secs
10:59:17 INFO  Response status: 201
10:59:17 INFO  Response to action: {
    "delivery": {
        "time": "2022-05-02T10:59:17.190Z",
        "log": [],
        "status": "PENDING"
    },
    "creationTime": "2022-05-02T10:59:17.175Z",
    "deviceName": "m32sd10d",
    "deviceId": "18127040",
    "self": "https://t493319102.eu-latest.cumulocity.com/devicecontrol/operations/18152675",
    "id": "18152675",
    "status": "PENDING",
    "description": "Apply software changes, triggered from PySys: [{'name': 'rolldice', 'id': '5152439', 'version': '::apt', 'url': 'https://thin-edge-io.eu-latest.cumulocity.com/inventory/binaries/12435463', 'action': 'install'}]",
    "c8y_SoftwareUpdate": [
        {
            "name": "rolldice",
            "action": "install",
            "id": "5152439",
            "version": "::apt",
            "url": "https://thin-edge-io.eu-latest.cumulocity.com/inventory/binaries/12435463"
        }
    ]
}
10:59:17 INFO  Started operation: {'delivery': {'time': '2022-05-02T10:59:17.190Z', 'log': [], 'status': 'PENDING'}, 'creationTime': '2022-05-02T10:59:17.175Z', 'deviceName': 'm32sd10d', 'deviceId': '18127040', 'self': 'https://t493319102.eu-latest.cumulocity.com/devicecontrol/operations/18152675', 'id': '18152675', 'status': 'PENDING', 'description': "Apply software changes, triggered from PySys: [{'name': 'rolldice', 'id': '5152439', 'version': '::apt', 'url': 'https://thin-edge-io.eu-latest.cumulocity.com/inventory/binaries/12435463', 'action': 'install'}]", 'c8y_SoftwareUpdate': [{'name': 'rolldice', 'action': 'install', 'id': '5152439', 'version': '::apt', 'url': 'https://thin-edge-io.eu-latest.cumulocity.com/inventory/binaries/12435463'}]}
10:59:17 WARN  , retrying in 0.5 seconds...
10:59:17 WARN  , retrying in 0.5 seconds...
10:59:18 WARN  , retrying in 0.5 seconds...
10:59:18 WARN  , retrying in 0.5 seconds...
10:59:19 WARN  , retrying in 0.5 seconds...
10:59:19 WARN  , retrying in 0.5 seconds...
10:59:20 WARN  , retrying in 0.5 seconds...
10:59:20 WARN  , retrying in 0.5 seconds...
10:59:21 WARN  , retrying in 0.5 seconds...
10:59:21 WARN  AssertionError occurred while running test - 
Traceback (most recent call last):
  File "/home/pi/env-pysys/lib/python3.7/site-packages/pysys/baserunner.py", line 1294, in __call__
    self.testObj.execute()
  File "/home/pi/actions-runner/_work/thin-edge.io/thin-edge.io/tests/PySys/software_management_end_to_end/sm_apt_install_download_path/run.py", line 83, in execute
    assert_install_in_download_path(install_directory=self.DOWNLOAD_DIR)
  File "/home/pi/env-pysys/lib/python3.7/site-packages/decorator.py", line 232, in fun
    return caller(func, *(extras + args), **kw)
  File "/home/pi/env-pysys/lib/python3.7/site-packages/retry/api.py", line 74, in retry_decorator
    logger)
  File "/home/pi/env-pysys/lib/python3.7/site-packages/retry/api.py", line 33, in __retry_internal
    return f()
  File "/home/pi/actions-runner/_work/thin-edge.io/thin-edge.io/tests/PySys/software_management_end_to_end/sm_apt_install_download_path/run.py", line 28, in assert_install_in_download_path
    assert "rolldice" in os.listdir(f"{install_directory}")
AssertionError
10:59:22 WARN  AssertionError: ... blocked 
10:59:22 INFO  
10:59:22 INFO  cleanup:
10:59:23 INFO  Executed sudo, exit status 0
10:59:23 INFO  Executed sudo, exit status 0
10:59:28 INFO  Executed sudo&lt;tedge_disconnect_c8y&gt;, exit status 0
10:59:28 INFO  Restarting mosquitto too frequently in the last 10 seconds. It was only up for 3 seconds
10:59:28 INFO  Delaying execution by 8 seconds
10:59:51 INFO  Executed sudo&lt;tedge_connect_c8y&gt;, exit status 0, duration 15 secs
10:59:56 INFO  Executed sudo&lt;tedge_disconnect_c8y&gt;, exit status 0
10:59:56 INFO  Executed systemctl&lt;serv_mapper5&gt;, exit status 3
10:59:56 INFO  
10:59:56 INFO  Test duration: 88.40 secs
10:59:56 INFO  Test final outcome:  BLOCKED
10:59:56 INFO  Test outcome reason: AssertionError:
10:59:56 INFO  
</system-out>
	</testcase>
<testcase classname="AptInstallWithDownloadPath" name="SoftwareManagement.sm_apt_install_download_path">
		<failure message="BLOCKED: AssertionError:" type="BLOCKED" />
		<system-out>11:24:40 INFO  ==============================================================
11:24:40 INFO  Id:    SoftwareManagement.sm_apt_install_download_path
11:24:40 INFO  Dir:   software_management_end_to_end/
11:24:40 INFO  Title: Install package to directory specified in tedge config set tmp.path
11:24:40 INFO  ==============================================================
11:24:42 INFO  Using sw id database: {'asciijump': '5475369', 'robotfindskitten': '5474869', 'squirrel3': '5475279', 'rolldice': '5152439', 'moon-buggy': '5439204', 'apple': '5495053', 'banana': '5494888', 'cherry': '5495382', 'watermelon': '5494510', 'registry': '8018911', 'hello-world': '8021526', 'docker/getting-started': '8021973', 'alpine': '7991792'}
11:24:42 INFO  EnvironmentC8y Setup
11:24:42 INFO  Executed systemctl&lt;serv_mapper1&gt;, exit status 3
11:24:57 INFO  Executed sudo&lt;tedge_connect_c8y&gt;, exit status 0, duration 15 secs
11:24:58 INFO  Executed sudo&lt;tedge_connect_c8y_test&gt;, exit status 0
11:24:58 INFO  Executed systemctl&lt;serv_mosq2&gt;, exit status 0
11:24:59 INFO  Executed systemctl&lt;serv_mapper3&gt;, exit status 0
11:25:01 INFO  State of current operation: FAILED
11:25:01 INFO  Assert that (False == value) with value=False ... passed
11:25:02 INFO  Executed sudo, exit status 0
11:25:02 INFO  Executed sudo, exit status 0
11:25:03 INFO  Executed sudo, exit status 0
11:25:07 INFO  Executed sudo&lt;tedge_disconnect_c8y&gt;, exit status 0
11:25:07 INFO  Restarting mosquitto too frequently in the last 10 seconds. It was only up for 3 seconds
11:25:07 INFO  Delaying execution by 8 seconds
11:25:29 INFO  Executed sudo&lt;tedge_connect_c8y&gt;, exit status 0, duration 14 secs
11:25:30 INFO  Response status: 201
11:25:30 INFO  Response to action: {
    "creationTime": "2022-05-02T11:25:30.105Z",
    "deviceName": "m32sd10d",
    "deviceId": "18127040",
    "self": "https://t493319102.eu-latest.cumulocity.com/devicecontrol/operations/18153046",
    "id": "18153046",
    "status": "PENDING",
    "description": "Apply software changes, triggered from PySys: [{'name': 'rolldice', 'id': '5152439', 'version': '::apt', 'url': 'https://thin-edge-io.eu-latest.cumulocity.com/inventory/binaries/12435463', 'action': 'install'}]",
    "c8y_SoftwareUpdate": [
        {
            "name": "rolldice",
            "action": "install",
            "id": "5152439",
            "version": "::apt",
            "url": "https://thin-edge-io.eu-latest.cumulocity.com/inventory/binaries/12435463"
        }
    ]
}
11:25:30 INFO  Started operation: {'creationTime': '2022-05-02T11:25:30.105Z', 'deviceName': 'm32sd10d', 'deviceId': '18127040', 'self': 'https://t493319102.eu-latest.cumulocity.com/devicecontrol/operations/18153046', 'id': '18153046', 'status': 'PENDING', 'description': "Apply software changes, triggered from PySys: [{'name': 'rolldice', 'id': '5152439', 'version': '::apt', 'url': 'https://thin-edge-io.eu-latest.cumulocity.com/inventory/binaries/12435463', 'action': 'install'}]", 'c8y_SoftwareUpdate': [{'name': 'rolldice', 'action': 'install', 'id': '5152439', 'version': '::apt', 'url': 'https://thin-edge-io.eu-latest.cumulocity.com/inventory/binaries/12435463'}]}
11:25:30 WARN  , retrying in 0.5 seconds...
11:25:30 WARN  , retrying in 0.5 seconds...
11:25:31 WARN  , retrying in 0.5 seconds...
11:25:31 WARN  , retrying in 0.5 seconds...
11:25:32 WARN  , retrying in 0.5 seconds...
11:25:32 WARN  , retrying in 0.5 seconds...
11:25:33 WARN  , retrying in 0.5 seconds...
11:25:33 WARN  , retrying in 0.5 seconds...
11:25:34 WARN  , retrying in 0.5 seconds...
11:25:34 WARN  AssertionError occurred while running test - 
Traceback (most recent call last):
  File "/home/pi/env-pysys/lib/python3.7/site-packages/pysys/baserunner.py", line 1294, in __call__
    self.testObj.execute()
  File "/home/pi/actions-runner/_work/thin-edge.io/thin-edge.io/tests/PySys/software_management_end_to_end/sm_apt_install_download_path/run.py", line 83, in execute
    assert_install_in_download_path(install_directory=self.DOWNLOAD_DIR)
  File "/home/pi/env-pysys/lib/python3.7/site-packages/decorator.py", line 232, in fun
    return caller(func, *(extras + args), **kw)
  File "/home/pi/env-pysys/lib/python3.7/site-packages/retry/api.py", line 74, in retry_decorator
    logger)
  File "/home/pi/env-pysys/lib/python3.7/site-packages/retry/api.py", line 33, in __retry_internal
    return f()
  File "/home/pi/actions-runner/_work/thin-edge.io/thin-edge.io/tests/PySys/software_management_end_to_end/sm_apt_install_download_path/run.py", line 28, in assert_install_in_download_path
    assert "rolldice" in os.listdir(f"{install_directory}")
AssertionError
11:25:34 WARN  AssertionError: ... blocked 
11:25:34 INFO  
11:25:34 INFO  cleanup:
11:25:35 INFO  Executed sudo, exit status 0
11:25:35 INFO  Executed sudo, exit status 0
11:25:41 INFO  Executed sudo&lt;tedge_disconnect_c8y&gt;, exit status 0
11:25:41 INFO  Restarting mosquitto too frequently in the last 10 seconds. It was only up for 5 seconds
11:25:41 INFO  Delaying execution by 6 seconds
11:26:01 INFO  Executed sudo&lt;tedge_connect_c8y&gt;, exit status 0, duration 13 secs
11:26:06 INFO  Executed sudo&lt;tedge_disconnect_c8y&gt;, exit status 0
11:26:06 INFO  Executed systemctl&lt;serv_mapper5&gt;, exit status 3
11:26:06 INFO  
11:26:06 INFO  Test duration: 85.87 secs
11:26:06 INFO  Test final outcome:  BLOCKED
11:26:06 INFO  Test outcome reason: AssertionError:
11:26:06 INFO  
</system-out>
	</testcase>
</testsuite><testsuite name="SoftwareManagement.sm_apt_install_fail" tests="3" errors="0" failures="0" skipped="1" time="0"><testcase classname="PySysTest" name="SoftwareManagement.sm_apt_install_fail">
		<skipped message="SKIPPED: Testing the apt plugin is not supported on this platform.Use parameter -XmyPlatform='container' to enable it" />
		<system-out>10:34:13 INFO  ==============================================================
10:34:13 INFO  Id:    SoftwareManagement.sm_apt_install_fail
10:34:13 INFO  Dir:   software_management_end_to_end/
10:34:13 INFO  Title: Validate end to end behaviour for a failing installation
10:34:13 INFO  ==============================================================
10:34:13 INFO  Testing the apt plugin is not supported on this platform.Use parameter -XmyPlatform='container' to enable it ... skipped
10:34:13 WARN  Aborted test due to SKIPPED outcome
10:34:13 INFO  
10:34:13 INFO  Test duration: 0.02 secs
10:34:13 INFO  Test final outcome:  SKIPPED
10:34:13 INFO  Test outcome reason: Testing the apt plugin is not supported on this platform.Use parameter -XmyPlatform='container' to enable it
10:34:13 INFO  
</system-out>
	</testcase>
<testcase classname="PySysTest" name="SoftwareManagement.sm_apt_install_fail" />
<testcase classname="PySysTest" name="SoftwareManagement.sm_apt_install_fail" />
</testsuite><testsuite name="SoftwareManagement.sm_apt_install_remove" tests="3" errors="0" failures="0" skipped="1" time="0"><testcase classname="PySysTest" name="SoftwareManagement.sm_apt_install_remove">
		<skipped message="SKIPPED: Testing the apt plugin is not supported on this platform.Use parameter -XmyPlatform='container' to enable it" />
		<system-out>10:34:13 INFO  ==============================================================
10:34:13 INFO  Id:    SoftwareManagement.sm_apt_install_remove
10:34:13 INFO  Dir:   software_management_end_to_end/
10:34:13 INFO  Title: Validate end to end behaviour for the apt plugin for installation and removal of packages
10:34:13 INFO  ==============================================================
10:34:13 INFO  Testing the apt plugin is not supported on this platform.Use parameter -XmyPlatform='container' to enable it ... skipped
10:34:13 WARN  Aborted test due to SKIPPED outcome
10:34:13 INFO  
10:34:13 INFO  Test duration: 0.02 secs
10:34:13 INFO  Test final outcome:  SKIPPED
10:34:13 INFO  Test outcome reason: Testing the apt plugin is not supported on this platform.Use parameter -XmyPlatform='container' to enable it
10:34:13 INFO  
</system-out>
	</testcase>
<testcase classname="PySysTest" name="SoftwareManagement.sm_apt_install_remove" />
<testcase classname="PySysTest" name="SoftwareManagement.sm_apt_install_remove" />
</testsuite><testsuite name="SoftwareManagement.sm_apt_install_remove_default" tests="3" errors="0" failures="0" skipped="1" time="0"><testcase classname="PySysTest" name="SoftwareManagement.sm_apt_install_remove_default">
		<skipped message="SKIPPED: Testing the apt plugin is not supported on this platform.Use parameter -XmyPlatform='container' to enable it" />
		<system-out>10:34:13 INFO  ==============================================================
10:34:13 INFO  Id:    SoftwareManagement.sm_apt_install_remove_default
10:34:13 INFO  Dir:   software_management_end_to_end/
10:34:13 INFO  Title: Validate end to end behaviour for the default plugin for installation and removal of packages
10:34:13 INFO  ==============================================================
10:34:13 INFO  Testing the apt plugin is not supported on this platform.Use parameter -XmyPlatform='container' to enable it ... skipped
10:34:13 WARN  Aborted test due to SKIPPED outcome
10:34:13 INFO  
10:34:13 INFO  Test duration: 0.02 secs
10:34:13 INFO  Test final outcome:  SKIPPED
10:34:13 INFO  Test outcome reason: Testing the apt plugin is not supported on this platform.Use parameter -XmyPlatform='container' to enable it
10:34:13 INFO  
</system-out>
	</testcase>
<testcase classname="PySysTest" name="SoftwareManagement.sm_apt_install_remove_default" />
<testcase classname="PySysTest" name="SoftwareManagement.sm_apt_install_remove_default" />
</testsuite><testsuite name="SoftwareManagement.sm_apt_install_remove_multiple" tests="3" errors="0" failures="2" skipped="1" time="0"><testcase classname="PySysTest" name="SoftwareManagement.sm_apt_install_remove_multiple">
		<skipped message="SKIPPED: Testing the apt plugin is not supported on this platform.Use parameter -XmyPlatform='container' to enable it" />
		<system-out>10:34:13 INFO  ==============================================================
10:34:13 INFO  Id:    SoftwareManagement.sm_apt_install_remove_multiple
10:34:13 INFO  Dir:   software_management_end_to_end/
10:34:13 INFO  Title: Validate end to end behaviour for the apt plugin for multiple packages
10:34:13 INFO  ==============================================================
10:34:13 INFO  Testing the apt plugin is not supported on this platform.Use parameter -XmyPlatform='container' to enable it ... skipped
10:34:13 WARN  Aborted test due to SKIPPED outcome
10:34:13 INFO  
10:34:13 INFO  Test duration: 0.02 secs
10:34:13 INFO  Test final outcome:  SKIPPED
10:34:13 INFO  Test outcome reason: Testing the apt plugin is not supported on this platform.Use parameter -XmyPlatform='container' to enable it
10:34:13 INFO  
</system-out>
	</testcase>
<testcase classname="PySysTest" name="SoftwareManagement.sm_apt_install_remove_multiple">
		<failure message="FAILED: Assert that (False == value) with value=True" type="FAILED" />
		<system-out>11:06:59 INFO  ==============================================================
11:06:59 INFO  Id:    SoftwareManagement.sm_apt_install_remove_multiple
11:06:59 INFO  Dir:   software_management_end_to_end/
11:06:59 INFO  Title: Validate end to end behaviour for the apt plugin for multiple packages
11:06:59 INFO  ==============================================================
11:06:59 INFO  Using sw id database: {'asciijump': '5475369', 'robotfindskitten': '5474869', 'squirrel3': '5475279', 'rolldice': '5152439', 'moon-buggy': '5439204', 'apple': '5495053', 'banana': '5494888', 'cherry': '5495382', 'watermelon': '5494510', 'registry': '8018911', 'hello-world': '8021526', 'docker/getting-started': '8021973', 'alpine': '7991792'}
11:06:59 INFO  EnvironmentC8y Setup
11:06:59 INFO  Executed systemctl&lt;serv_mapper1&gt;, exit status 3
11:07:00 INFO  Restarting mosquitto too frequently in the last 10 seconds. It was only up for 6 seconds
11:07:00 INFO  Delaying execution by 5 seconds
11:07:19 INFO  Executed sudo&lt;tedge_connect_c8y&gt;, exit status 0, duration 14 secs
11:07:20 INFO  Executed sudo&lt;tedge_connect_c8y_test&gt;, exit status 0
11:07:20 INFO  Executed systemctl&lt;serv_mosq2&gt;, exit status 0
11:07:21 INFO  Executed systemctl&lt;serv_mapper3&gt;, exit status 0
11:07:23 INFO  State of current operation: SUCCESSFUL
11:07:23 INFO  Assert that (False == value) with value=False ... passed
11:07:23 INFO  Assert that (False == value) with value=False ... passed
11:07:23 INFO  Assert that (False == value) with value=False ... passed
11:07:24 INFO  Package robotfindskitten is installed
11:07:24 WARN  Assert that (False == value) with value=True ... failed 
11:07:24 INFO  Response status: 201
11:07:24 INFO  Response to action: {
    "delivery": {
        "time": "2022-05-02T11:07:24.367Z",
        "log": [],
        "status": "PENDING"
    },
    "creationTime": "2022-05-02T11:07:24.355Z",
    "deviceName": "m32sd10d",
    "deviceId": "18127040",
    "self": "https://t493319102.eu-latest.cumulocity.com/devicecontrol/operations/18152787",
    "id": "18152787",
    "status": "PENDING",
    "description": "Apply software changes, triggered from PySys: [{'action': 'install', 'id': '5475369', 'name': 'asciijump', 'url': ' ', 'version': '::apt'}, {'action': 'install', 'id': '5474869', 'name': 'robotfindskitten', 'url': ' ', 'version': '::apt'}, {'action': 'install', 'id': '5475279', 'name': 'squirrel3', 'url': ' ', 'version': '::apt'}]",
    "c8y_SoftwareUpdate": [
        {
            "name": "asciijump",
            "action": "install",
            "id": "5475369",
            "version": "::apt",
            "url": " "
        },
        {
            "name": "robotfindskitten",
            "action": "install",
            "id": "5474869",
            "version": "::apt",
            "url": " "
        },
        {
            "name": "squirrel3",
            "action": "install",
            "id": "5475279",
            "version": "::apt",
            "url": " "
        }
    ]
}
11:07:24 INFO  Started operation: {'delivery': {'time': '2022-05-02T11:07:24.367Z', 'log': [], 'status': 'PENDING'}, 'creationTime': '2022-05-02T11:07:24.355Z', 'deviceName': 'm32sd10d', 'deviceId': '18127040', 'self': 'https://t493319102.eu-latest.cumulocity.com/devicecontrol/operations/18152787', 'id': '18152787', 'status': 'PENDING', 'description': "Apply software changes, triggered from PySys: [{'action': 'install', 'id': '5475369', 'name': 'asciijump', 'url': ' ', 'version': '::apt'}, {'action': 'install', 'id': '5474869', 'name': 'robotfindskitten', 'url': ' ', 'version': '::apt'}, {'action': 'install', 'id': '5475279', 'name': 'squirrel3', 'url': ' ', 'version': '::apt'}]", 'c8y_SoftwareUpdate': [{'name': 'asciijump', 'action': 'install', 'id': '5475369', 'version': '::apt', 'url': ' '}, {'name': 'robotfindskitten', 'action': 'install', 'id': '5474869', 'version': '::apt', 'url': ' '}, {'name': 'squirrel3', 'action': 'install', 'id': '5475279', 'version': '::apt', 'url': ' '}]}
11:07:26 INFO  State of operation 18152787 : PENDING
11:07:28 INFO  State of operation 18152787 : EXECUTING
11:07:31 INFO  State of operation 18152787 : EXECUTING
11:07:33 INFO  State of operation 18152787 : EXECUTING
11:07:35 INFO  State of operation 18152787 : EXECUTING
11:07:37 INFO  State of operation 18152787 : EXECUTING
11:07:40 INFO  State of operation 18152787 : EXECUTING
11:07:43 INFO  State of operation 18152787 : EXECUTING
11:07:45 INFO  State of operation 18152787 : EXECUTING
11:07:47 INFO  State of operation 18152787 : EXECUTING
11:07:50 INFO  State of operation 18152787 : EXECUTING
11:07:52 INFO  State of operation 18152787 : EXECUTING
11:07:59 INFO  State of operation 18152787 : EXECUTING
11:08:02 INFO  State of operation 18152787 : EXECUTING
11:08:04 INFO  State of operation 18152787 : EXECUTING
11:08:06 INFO  State of operation 18152787 : EXECUTING
11:08:09 INFO  State of operation 18152787 : EXECUTING
11:08:11 INFO  State of operation 18152787 : EXECUTING
11:08:14 INFO  State of operation 18152787 : EXECUTING
11:08:16 INFO  State of operation 18152787 : EXECUTING
11:08:18 INFO  State of operation 18152787 : EXECUTING
11:08:20 INFO  State of operation 18152787 : EXECUTING
11:08:23 INFO  State of operation 18152787 : EXECUTING
11:08:25 INFO  State of operation 18152787 : EXECUTING
11:08:28 INFO  State of operation 18152787 : EXECUTING
11:08:30 INFO  State of operation 18152787 : EXECUTING
11:08:33 INFO  State of operation 18152787 : EXECUTING
11:08:35 INFO  State of operation 18152787 : EXECUTING
11:08:38 INFO  State of operation 18152787 : EXECUTING
11:08:40 INFO  State of operation 18152787 : EXECUTING
11:08:42 INFO  State of operation 18152787 : EXECUTING
11:08:45 INFO  State of operation 18152787 : EXECUTING
11:08:47 INFO  State of operation 18152787 : EXECUTING
11:08:49 INFO  State of operation 18152787 : EXECUTING
11:08:51 INFO  State of operation 18152787 : SUCCESSFUL
11:08:52 INFO  Assert that (False == value) with value=False ... passed
11:08:52 INFO  Package asciijump is installed
11:08:52 INFO  Assert that (True == value) with value=True ... passed
11:08:52 INFO  Package squirrel3 is installed
11:08:52 INFO  Assert that (True == value) with value=True ... passed
11:08:52 INFO  Package robotfindskitten is installed
11:08:52 INFO  Assert that (True == value) with value=True ... passed
11:08:52 INFO  Response status: 201
11:08:52 INFO  Response to action: {
    "delivery": {
        "time": "2022-05-02T11:08:52.951Z",
        "log": [],
        "status": "PENDING"
    },
    "creationTime": "2022-05-02T11:08:52.937Z",
    "deviceName": "m32sd10d",
    "deviceId": "18127040",
    "self": "https://t493319102.eu-latest.cumulocity.com/devicecontrol/operations/18152814",
    "id": "18152814",
    "status": "PENDING",
    "description": "Apply software changes, triggered from PySys: [{'action': 'delete', 'id': '5475369', 'name': 'asciijump', 'url': ' ', 'version': '::apt'}, {'action': 'delete', 'id': '5474869', 'name': 'robotfindskitten', 'url': ' ', 'version': '::apt'}, {'action': 'delete', 'id': '5475279', 'name': 'squirrel3', 'url': ' ', 'version': '::apt'}]",
    "c8y_SoftwareUpdate": [
        {
            "name": "asciijump",
            "action": "delete",
            "id": "5475369",
            "version": "::apt",
            "url": " "
        },
        {
            "name": "robotfindskitten",
            "action": "delete",
            "id": "5474869",
            "version": "::apt",
            "url": " "
        },
        {
            "name": "squirrel3",
            "action": "delete",
            "id": "5475279",
            "version": "::apt",
            "url": " "
        }
    ]
}
11:08:52 INFO  Started operation: {'delivery': {'time': '2022-05-02T11:08:52.951Z', 'log': [], 'status': 'PENDING'}, 'creationTime': '2022-05-02T11:08:52.937Z', 'deviceName': 'm32sd10d', 'deviceId': '18127040', 'self': 'https://t493319102.eu-latest.cumulocity.com/devicecontrol/operations/18152814', 'id': '18152814', 'status': 'PENDING', 'description': "Apply software changes, triggered from PySys: [{'action': 'delete', 'id': '5475369', 'name': 'asciijump', 'url': ' ', 'version': '::apt'}, {'action': 'delete', 'id': '5474869', 'name': 'robotfindskitten', 'url': ' ', 'version': '::apt'}, {'action': 'delete', 'id': '5475279', 'name': 'squirrel3', 'url': ' ', 'version': '::apt'}]", 'c8y_SoftwareUpdate': [{'name': 'asciijump', 'action': 'delete', 'id': '5475369', 'version': '::apt', 'url': ' '}, {'name': 'robotfindskitten', 'action': 'delete', 'id': '5474869', 'version': '::apt', 'url': ' '}, {'name': 'squirrel3', 'action': 'delete', 'id': '5475279', 'version': '::apt', 'url': ' '}]}
11:08:55 INFO  State of operation 18152814 : PENDING
11:08:57 INFO  State of operation 18152814 : EXECUTING
11:08:59 INFO  State of operation 18152814 : EXECUTING
11:09:01 INFO  State of operation 18152814 : EXECUTING
11:09:04 INFO  State of operation 18152814 : EXECUTING
11:09:06 INFO  State of operation 18152814 : EXECUTING
11:09:09 INFO  State of operation 18152814 : EXECUTING
11:09:12 INFO  State of operation 18152814 : EXECUTING
11:09:14 INFO  State of operation 18152814 : EXECUTING
11:09:17 INFO  State of operation 18152814 : EXECUTING
11:09:19 INFO  State of operation 18152814 : EXECUTING
11:09:21 INFO  State of operation 18152814 : EXECUTING
11:09:23 INFO  State of operation 18152814 : EXECUTING
11:09:26 INFO  State of operation 18152814 : EXECUTING
11:09:28 INFO  State of operation 18152814 : EXECUTING
11:09:30 INFO  State of operation 18152814 : EXECUTING
11:09:32 INFO  State of operation 18152814 : EXECUTING
11:09:35 INFO  State of operation 18152814 : EXECUTING
11:09:37 INFO  State of operation 18152814 : EXECUTING
11:09:40 INFO  State of operation 18152814 : EXECUTING
11:09:42 INFO  State of operation 18152814 : EXECUTING
11:09:44 INFO  State of operation 18152814 : EXECUTING
11:09:47 INFO  State of operation 18152814 : EXECUTING
11:09:49 INFO  State of operation 18152814 : EXECUTING
11:09:51 INFO  State of operation 18152814 : EXECUTING
11:09:53 INFO  State of operation 18152814 : EXECUTING
11:09:56 INFO  State of operation 18152814 : EXECUTING
11:09:59 INFO  State of operation 18152814 : EXECUTING
11:10:02 INFO  State of operation 18152814 : EXECUTING
11:10:04 INFO  State of operation 18152814 : EXECUTING
11:10:06 INFO  State of operation 18152814 : EXECUTING
11:10:08 INFO  State of operation 18152814 : SUCCESSFUL
11:10:09 INFO  Assert that (False == value) with value=False ... passed
11:10:09 INFO  Assert that (False == value) with value=False ... passed
11:10:09 INFO  Assert that (False == value) with value=False ... passed
11:10:09 INFO  Assert that (False == value) with value=False ... passed
11:10:09 INFO  
11:10:09 INFO  cleanup:
11:10:14 INFO  Executed sudo&lt;tedge_disconnect_c8y&gt;, exit status 0
11:10:14 INFO  Executed systemctl&lt;serv_mapper5&gt;, exit status 3
11:10:14 INFO  
11:10:14 INFO  Test duration: 195.43 secs
11:10:14 INFO  Test final outcome:  FAILED
11:10:14 INFO  Test outcome reason: Assert that (False == value) with value=True
11:10:14 INFO  
</system-out>
	</testcase>
<testcase classname="PySysTest" name="SoftwareManagement.sm_apt_install_remove_multiple">
		<failure message="FAILED: Assert that (False == value) with value=True (+2 other failures)" type="FAILED" />
		<system-out>11:32:54 INFO  ==============================================================
11:32:54 INFO  Id:    SoftwareManagement.sm_apt_install_remove_multiple
11:32:54 INFO  Dir:   software_management_end_to_end/
11:32:54 INFO  Title: Validate end to end behaviour for the apt plugin for multiple packages
11:32:54 INFO  ==============================================================
11:32:54 INFO  Using sw id database: {'asciijump': '5475369', 'robotfindskitten': '5474869', 'squirrel3': '5475279', 'rolldice': '5152439', 'moon-buggy': '5439204', 'apple': '5495053', 'banana': '5494888', 'cherry': '5495382', 'watermelon': '5494510', 'registry': '8018911', 'hello-world': '8021526', 'docker/getting-started': '8021973', 'alpine': '7991792'}
11:32:54 INFO  EnvironmentC8y Setup
11:32:54 INFO  Executed systemctl&lt;serv_mapper1&gt;, exit status 3
11:32:55 INFO  Restarting mosquitto too frequently in the last 10 seconds. It was only up for 4 seconds
11:32:55 INFO  Delaying execution by 7 seconds
11:33:17 INFO  Executed sudo&lt;tedge_connect_c8y&gt;, exit status 0, duration 15 secs
11:33:18 INFO  Executed sudo&lt;tedge_connect_c8y_test&gt;, exit status 0
11:33:18 INFO  Executed systemctl&lt;serv_mosq2&gt;, exit status 0
11:33:19 INFO  Executed systemctl&lt;serv_mapper3&gt;, exit status 0
11:33:21 INFO  State of current operation: SUCCESSFUL
11:33:21 INFO  Assert that (False == value) with value=False ... passed
11:33:21 INFO  Package asciijump is installed
11:33:22 WARN  Assert that (False == value) with value=True ... failed 
11:33:22 INFO  Package squirrel3 is installed
11:33:22 WARN  Assert that (False == value) with value=True ... failed 
11:33:22 INFO  Package robotfindskitten is installed
11:33:22 WARN  Assert that (False == value) with value=True ... failed 
11:33:23 INFO  Response status: 201
11:33:23 INFO  Response to action: {
    "creationTime": "2022-05-02T11:33:23.036Z",
    "deviceName": "m32sd10d",
    "deviceId": "18127040",
    "self": "https://t493319102.eu-latest.cumulocity.com/devicecontrol/operations/18168136",
    "id": "18168136",
    "status": "PENDING",
    "description": "Apply software changes, triggered from PySys: [{'action': 'install', 'id': '5475369', 'name': 'asciijump', 'url': ' ', 'version': '::apt'}, {'action': 'install', 'id': '5474869', 'name': 'robotfindskitten', 'url': ' ', 'version': '::apt'}, {'action': 'install', 'id': '5475279', 'name': 'squirrel3', 'url': ' ', 'version': '::apt'}]",
    "c8y_SoftwareUpdate": [
        {
            "name": "asciijump",
            "action": "install",
            "id": "5475369",
            "version": "::apt",
            "url": " "
        },
        {
            "name": "robotfindskitten",
            "action": "install",
            "id": "5474869",
            "version": "::apt",
            "url": " "
        },
        {
            "name": "squirrel3",
            "action": "install",
            "id": "5475279",
            "version": "::apt",
            "url": " "
        }
    ]
}
11:33:23 INFO  Started operation: {'creationTime': '2022-05-02T11:33:23.036Z', 'deviceName': 'm32sd10d', 'deviceId': '18127040', 'self': 'https://t493319102.eu-latest.cumulocity.com/devicecontrol/operations/18168136', 'id': '18168136', 'status': 'PENDING', 'description': "Apply software changes, triggered from PySys: [{'action': 'install', 'id': '5475369', 'name': 'asciijump', 'url': ' ', 'version': '::apt'}, {'action': 'install', 'id': '5474869', 'name': 'robotfindskitten', 'url': ' ', 'version': '::apt'}, {'action': 'install', 'id': '5475279', 'name': 'squirrel3', 'url': ' ', 'version': '::apt'}]", 'c8y_SoftwareUpdate': [{'name': 'asciijump', 'action': 'install', 'id': '5475369', 'version': '::apt', 'url': ' '}, {'name': 'robotfindskitten', 'action': 'install', 'id': '5474869', 'version': '::apt', 'url': ' '}, {'name': 'squirrel3', 'action': 'install', 'id': '5475279', 'version': '::apt', 'url': ' '}]}
11:33:25 INFO  State of operation 18168136 : PENDING
11:33:27 INFO  State of operation 18168136 : EXECUTING
11:33:29 INFO  State of operation 18168136 : EXECUTING
11:33:32 INFO  State of operation 18168136 : EXECUTING
11:33:34 INFO  State of operation 18168136 : EXECUTING
11:33:36 INFO  State of operation 18168136 : EXECUTING
11:33:39 INFO  State of operation 18168136 : EXECUTING
11:33:41 INFO  State of operation 18168136 : EXECUTING
11:33:44 INFO  State of operation 18168136 : EXECUTING
11:33:47 INFO  State of operation 18168136 : EXECUTING
11:33:49 INFO  State of operation 18168136 : EXECUTING
11:33:51 INFO  State of operation 18168136 : EXECUTING
11:33:53 INFO  State of operation 18168136 : EXECUTING
11:33:55 INFO  State of operation 18168136 : EXECUTING
11:33:58 INFO  State of operation 18168136 : EXECUTING
11:34:00 INFO  State of operation 18168136 : SUCCESSFUL
11:34:00 INFO  Assert that (False == value) with value=False ... passed
11:34:00 INFO  Package asciijump is installed
11:34:00 INFO  Assert that (True == value) with value=True ... passed
11:34:01 INFO  Package squirrel3 is installed
11:34:01 INFO  Assert that (True == value) with value=True ... passed
11:34:01 INFO  Package robotfindskitten is installed
11:34:01 INFO  Assert that (True == value) with value=True ... passed
11:34:01 INFO  Response status: 201
11:34:01 INFO  Response to action: {
    "creationTime": "2022-05-02T11:34:01.493Z",
    "deviceName": "m32sd10d",
    "deviceId": "18127040",
    "self": "https://t493319102.eu-latest.cumulocity.com/devicecontrol/operations/18168148",
    "id": "18168148",
    "status": "PENDING",
    "description": "Apply software changes, triggered from PySys: [{'action': 'delete', 'id': '5475369', 'name': 'asciijump', 'url': ' ', 'version': '::apt'}, {'action': 'delete', 'id': '5474869', 'name': 'robotfindskitten', 'url': ' ', 'version': '::apt'}, {'action': 'delete', 'id': '5475279', 'name': 'squirrel3', 'url': ' ', 'version': '::apt'}]",
    "c8y_SoftwareUpdate": [
        {
            "name": "asciijump",
            "action": "delete",
            "id": "5475369",
            "version": "::apt",
            "url": " "
        },
        {
            "name": "robotfindskitten",
            "action": "delete",
            "id": "5474869",
            "version": "::apt",
            "url": " "
        },
        {
            "name": "squirrel3",
            "action": "delete",
            "id": "5475279",
            "version": "::apt",
            "url": " "
        }
    ]
}
11:34:01 INFO  Started operation: {'creationTime': '2022-05-02T11:34:01.493Z', 'deviceName': 'm32sd10d', 'deviceId': '18127040', 'self': 'https://t493319102.eu-latest.cumulocity.com/devicecontrol/operations/18168148', 'id': '18168148', 'status': 'PENDING', 'description': "Apply software changes, triggered from PySys: [{'action': 'delete', 'id': '5475369', 'name': 'asciijump', 'url': ' ', 'version': '::apt'}, {'action': 'delete', 'id': '5474869', 'name': 'robotfindskitten', 'url': ' ', 'version': '::apt'}, {'action': 'delete', 'id': '5475279', 'name': 'squirrel3', 'url': ' ', 'version': '::apt'}]", 'c8y_SoftwareUpdate': [{'name': 'asciijump', 'action': 'delete', 'id': '5475369', 'version': '::apt', 'url': ' '}, {'name': 'robotfindskitten', 'action': 'delete', 'id': '5474869', 'version': '::apt', 'url': ' '}, {'name': 'squirrel3', 'action': 'delete', 'id': '5475279', 'version': '::apt', 'url': ' '}]}
11:34:03 INFO  State of operation 18168148 : PENDING
11:34:05 INFO  State of operation 18168148 : EXECUTING
11:34:08 INFO  State of operation 18168148 : EXECUTING
11:34:10 INFO  State of operation 18168148 : EXECUTING
11:34:12 INFO  State of operation 18168148 : EXECUTING
11:34:14 INFO  State of operation 18168148 : EXECUTING
11:34:17 INFO  State of operation 18168148 : EXECUTING
11:34:20 INFO  State of operation 18168148 : EXECUTING
11:34:22 INFO  State of operation 18168148 : EXECUTING
11:34:24 INFO  State of operation 18168148 : EXECUTING
11:34:27 INFO  State of operation 18168148 : EXECUTING
11:34:29 INFO  State of operation 18168148 : EXECUTING
11:34:31 INFO  State of operation 18168148 : EXECUTING
11:34:33 INFO  State of operation 18168148 : EXECUTING
11:34:36 INFO  State of operation 18168148 : EXECUTING
11:34:38 INFO  State of operation 18168148 : EXECUTING
11:34:40 INFO  State of operation 18168148 : EXECUTING
11:34:43 INFO  State of operation 18168148 : EXECUTING
11:34:45 INFO  State of operation 18168148 : EXECUTING
11:34:48 INFO  State of operation 18168148 : EXECUTING
11:34:50 INFO  State of operation 18168148 : EXECUTING
11:34:52 INFO  State of operation 18168148 : EXECUTING
11:34:54 INFO  State of operation 18168148 : EXECUTING
11:34:57 INFO  State of operation 18168148 : EXECUTING
11:34:59 INFO  State of operation 18168148 : EXECUTING
11:35:02 INFO  State of operation 18168148 : EXECUTING
11:35:04 INFO  State of operation 18168148 : EXECUTING
11:35:07 INFO  State of operation 18168148 : EXECUTING
11:35:09 INFO  State of operation 18168148 : EXECUTING
11:35:11 INFO  State of operation 18168148 : SUCCESSFUL
11:35:11 INFO  Assert that (False == value) with value=False ... passed
11:35:12 INFO  Assert that (False == value) with value=False ... passed
11:35:12 INFO  Assert that (False == value) with value=False ... passed
11:35:12 INFO  Assert that (False == value) with value=False ... passed
11:35:12 INFO  
11:35:12 INFO  cleanup:
11:35:16 INFO  Executed sudo&lt;tedge_disconnect_c8y&gt;, exit status 0
11:35:17 INFO  Executed systemctl&lt;serv_mapper5&gt;, exit status 3
11:35:17 INFO  
11:35:17 INFO  Test duration: 142.92 secs
11:35:17 INFO  Test final outcome:  FAILED
11:35:17 INFO  Test outcome reason: Assert that (False == value) with value=True (+2 other failures)
11:35:17 INFO  
</system-out>
	</testcase>
</testsuite><testsuite name="SoftwareManagement.sm_apt_install_remove_multiple_mixed" tests="3" errors="0" failures="2" skipped="1" time="0"><testcase classname="PySysTest" name="SoftwareManagement.sm_apt_install_remove_multiple_mixed">
		<skipped message="SKIPPED: Testing the apt plugin is not supported on this platform.Use parameter -XmyPlatform='container' to enable it" />
		<system-out>10:34:13 INFO  ==============================================================
10:34:13 INFO  Id:    SoftwareManagement.sm_apt_install_remove_multiple_mixed
10:34:13 INFO  Dir:   software_management_end_to_end/
10:34:13 INFO  Title: Validate end to end behaviour for the apt plugin for multiple packages with mixed versions
10:34:13 INFO  ==============================================================
10:34:13 INFO  Testing the apt plugin is not supported on this platform.Use parameter -XmyPlatform='container' to enable it ... skipped
10:34:13 WARN  Aborted test due to SKIPPED outcome
10:34:13 INFO  
10:34:13 INFO  Test duration: 0.02 secs
10:34:13 INFO  Test final outcome:  SKIPPED
10:34:13 INFO  Test outcome reason: Testing the apt plugin is not supported on this platform.Use parameter -XmyPlatform='container' to enable it
10:34:13 INFO  
</system-out>
	</testcase>
<testcase classname="PySysTest" name="SoftwareManagement.sm_apt_install_remove_multiple_mixed">
		<failure message="BLOCKED: SystemError: Timeout while waiting for status SUCCESSFUL or False" type="BLOCKED" />
		<system-out>11:10:14 INFO  ==============================================================
11:10:14 INFO  Id:    SoftwareManagement.sm_apt_install_remove_multiple_mixed
11:10:14 INFO  Dir:   software_management_end_to_end/
11:10:14 INFO  Title: Validate end to end behaviour for the apt plugin for multiple packages with mixed versions
11:10:14 INFO  ==============================================================
11:10:14 INFO  Using sw id database: {'asciijump': '5475369', 'robotfindskitten': '5474869', 'squirrel3': '5475279', 'rolldice': '5152439', 'moon-buggy': '5439204', 'apple': '5495053', 'banana': '5494888', 'cherry': '5495382', 'watermelon': '5494510', 'registry': '8018911', 'hello-world': '8021526', 'docker/getting-started': '8021973', 'alpine': '7991792'}
11:10:14 INFO  EnvironmentC8y Setup
11:10:15 INFO  Executed systemctl&lt;serv_mapper1&gt;, exit status 3
11:10:15 INFO  Restarting mosquitto too frequently in the last 10 seconds. It was only up for 5 seconds
11:10:15 INFO  Delaying execution by 6 seconds
11:10:35 INFO  Executed sudo&lt;tedge_connect_c8y&gt;, exit status 0, duration 13 secs
11:10:35 INFO  Executed sudo&lt;tedge_connect_c8y_test&gt;, exit status 0
11:10:36 INFO  Executed systemctl&lt;serv_mosq2&gt;, exit status 0
11:10:36 INFO  Executed systemctl&lt;serv_mapper3&gt;, exit status 0
11:10:39 INFO  State of current operation: SUCCESSFUL
11:10:39 INFO  Assert that (False == value) with value=False ... passed
11:10:39 INFO  Assert that (False == value) with value=False ... passed
11:10:39 INFO  Assert that (False == value) with value=False ... passed
11:10:40 INFO  Assert that (False == value) with value=False ... passed
11:10:40 INFO  Assert that (False == value) with value=False ... passed
11:10:41 INFO  Response status: 201
11:10:41 INFO  Response to action: {
    "creationTime": "2022-05-02T11:10:41.493Z",
    "deviceName": "m32sd10d",
    "deviceId": "18127040",
    "self": "https://t493319102.eu-latest.cumulocity.com/devicecontrol/operations/18152845",
    "id": "18152845",
    "status": "PENDING",
    "description": "Apply software changes, triggered from PySys: [{'action': 'install', 'id': '5475369', 'name': 'asciijump', 'url': ' ', 'version': '::apt'}, {'action': 'install', 'id': '5474869', 'name': 'robotfindskitten', 'url': ' ', 'version': ' '}, {'action': 'install', 'id': '5475279', 'name': 'squirrel3', 'url': ' ', 'version': '3.1-7::apt'}, {'action': 'install', 'id': '5152439', 'name': 'rolldice', 'url': ' ', 'version': '1.16-1+b1'}, {'action': 'install', 'id': '5439204', 'name': 'moon-buggy', 'url': ' ', 'version': '1:1.0.51-12'}, {'action': 'install', 'id': '5475369', 'name': 'asciijump', 'url': ' ', 'version': '::apt'}]",
    "c8y_SoftwareUpdate": [
        {
            "name": "asciijump",
            "action": "install",
            "id": "5475369",
            "version": "::apt",
            "url": " "
        },
        {
            "name": "robotfindskitten",
            "action": "install",
            "id": "5474869",
            "version": " ",
            "url": " "
        },
        {
            "name": "squirrel3",
            "action": "install",
            "id": "5475279",
            "version": "3.1-7::apt",
            "url": " "
        },
        {
            "name": "rolldice",
            "action": "install",
            "id": "5152439",
            "version": "1.16-1+b1",
            "url": " "
        },
        {
            "name": "moon-buggy",
            "action": "install",
            "id": "5439204",
            "version": "1:1.0.51-12",
            "url": " "
        },
        {
            "name": "asciijump",
            "action": "install",
            "id": "5475369",
            "version": "::apt",
            "url": " "
        }
    ]
}
11:10:41 INFO  Started operation: {'creationTime': '2022-05-02T11:10:41.493Z', 'deviceName': 'm32sd10d', 'deviceId': '18127040', 'self': 'https://t493319102.eu-latest.cumulocity.com/devicecontrol/operations/18152845', 'id': '18152845', 'status': 'PENDING', 'description': "Apply software changes, triggered from PySys: [{'action': 'install', 'id': '5475369', 'name': 'asciijump', 'url': ' ', 'version': '::apt'}, {'action': 'install', 'id': '5474869', 'name': 'robotfindskitten', 'url': ' ', 'version': ' '}, {'action': 'install', 'id': '5475279', 'name': 'squirrel3', 'url': ' ', 'version': '3.1-7::apt'}, {'action': 'install', 'id': '5152439', 'name': 'rolldice', 'url': ' ', 'version': '1.16-1+b1'}, {'action': 'install', 'id': '5439204', 'name': 'moon-buggy', 'url': ' ', 'version': '1:1.0.51-12'}, {'action': 'install', 'id': '5475369', 'name': 'asciijump', 'url': ' ', 'version': '::apt'}]", 'c8y_SoftwareUpdate': [{'name': 'asciijump', 'action': 'install', 'id': '5475369', 'version': '::apt', 'url': ' '}, {'name': 'robotfindskitten', 'action': 'install', 'id': '5474869', 'version': ' ', 'url': ' '}, {'name': 'squirrel3', 'action': 'install', 'id': '5475279', 'version': '3.1-7::apt', 'url': ' '}, {'name': 'rolldice', 'action': 'install', 'id': '5152439', 'version': '1.16-1+b1', 'url': ' '}, {'name': 'moon-buggy', 'action': 'install', 'id': '5439204', 'version': '1:1.0.51-12', 'url': ' '}, {'name': 'asciijump', 'action': 'install', 'id': '5475369', 'version': '::apt', 'url': ' '}]}
11:10:43 INFO  State of operation 18152845 : PENDING
11:10:45 INFO  State of operation 18152845 : EXECUTING
11:10:48 INFO  State of operation 18152845 : EXECUTING
11:10:50 INFO  State of operation 18152845 : EXECUTING
11:10:52 INFO  State of operation 18152845 : EXECUTING
11:10:54 INFO  State of operation 18152845 : EXECUTING
11:10:57 INFO  State of operation 18152845 : EXECUTING
11:11:00 INFO  State of operation 18152845 : EXECUTING
11:11:03 INFO  State of operation 18152845 : EXECUTING
11:11:05 INFO  State of operation 18152845 : EXECUTING
11:11:07 INFO  State of operation 18152845 : EXECUTING
11:11:10 INFO  State of operation 18152845 : EXECUTING
11:11:12 INFO  State of operation 18152845 : EXECUTING
11:11:14 INFO  State of operation 18152845 : EXECUTING
11:11:16 INFO  State of operation 18152845 : EXECUTING
11:11:18 INFO  State of operation 18152845 : EXECUTING
11:11:21 INFO  State of operation 18152845 : EXECUTING
11:11:24 INFO  State of operation 18152845 : EXECUTING
11:11:26 INFO  State of operation 18152845 : EXECUTING
11:11:28 INFO  State of operation 18152845 : EXECUTING
11:11:30 INFO  State of operation 18152845 : EXECUTING
11:11:33 INFO  State of operation 18152845 : EXECUTING
11:11:35 INFO  State of operation 18152845 : EXECUTING
11:11:38 INFO  State of operation 18152845 : EXECUTING
11:11:40 INFO  State of operation 18152845 : EXECUTING
11:11:42 INFO  State of operation 18152845 : EXECUTING
11:11:45 INFO  State of operation 18152845 : EXECUTING
11:11:47 INFO  State of operation 18152845 : EXECUTING
11:11:49 INFO  State of operation 18152845 : EXECUTING
11:11:51 INFO  State of operation 18152845 : EXECUTING
11:11:54 INFO  State of operation 18152845 : EXECUTING
11:11:56 INFO  State of operation 18152845 : EXECUTING
11:11:58 INFO  State of operation 18152845 : EXECUTING
11:12:00 INFO  State of operation 18152845 : EXECUTING
11:12:03 INFO  State of operation 18152845 : EXECUTING
11:12:05 INFO  State of operation 18152845 : EXECUTING
11:12:07 INFO  State of operation 18152845 : EXECUTING
11:12:09 INFO  State of operation 18152845 : EXECUTING
11:12:12 INFO  State of operation 18152845 : EXECUTING
11:12:15 INFO  State of operation 18152845 : EXECUTING
11:12:18 INFO  State of operation 18152845 : EXECUTING
11:12:20 INFO  State of operation 18152845 : EXECUTING
11:12:22 INFO  State of operation 18152845 : EXECUTING
11:12:25 INFO  State of operation 18152845 : EXECUTING
11:12:27 INFO  State of operation 18152845 : EXECUTING
11:12:29 INFO  State of operation 18152845 : EXECUTING
11:12:31 INFO  State of operation 18152845 : EXECUTING
11:12:34 INFO  State of operation 18152845 : EXECUTING
11:12:36 INFO  State of operation 18152845 : EXECUTING
11:12:39 INFO  State of operation 18152845 : EXECUTING
11:12:41 INFO  State of operation 18152845 : EXECUTING
11:12:43 INFO  State of operation 18152845 : EXECUTING
11:12:45 INFO  State of operation 18152845 : EXECUTING
11:12:48 INFO  State of operation 18152845 : EXECUTING
11:12:50 INFO  State of operation 18152845 : EXECUTING
11:12:52 INFO  State of operation 18152845 : EXECUTING
11:12:55 INFO  State of operation 18152845 : EXECUTING
11:12:57 INFO  State of operation 18152845 : EXECUTING
11:13:00 INFO  State of operation 18152845 : EXECUTING
11:13:02 INFO  State of operation 18152845 : EXECUTING
11:13:05 INFO  State of operation 18152845 : EXECUTING
11:13:07 WARN  SystemError occurred while running test - Timeout while waiting for status SUCCESSFUL or False
Traceback (most recent call last):
  File "/home/pi/env-pysys/lib/python3.7/site-packages/pysys/baserunner.py", line 1294, in __call__
    self.testObj.execute()
  File "/home/pi/actions-runner/_work/thin-edge.io/thin-edge.io/tests/PySys/software_management_end_to_end/sm_apt_install_remove_multiple_mixed/run.py", line 89, in execute
    self.wait_until_succcess()
  File "/home/pi/actions-runner/_work/thin-edge.io/thin-edge.io/tests/PySys/software_management_end_to_end/environment_sm_management.py", line 324, in wait_until_succcess
    self.wait_until_status("SUCCESSFUL")
  File "/home/pi/actions-runner/_work/thin-edge.io/thin-edge.io/tests/PySys/software_management_end_to_end/environment_sm_management.py", line 381, in wait_until_status
    "Timeout while waiting for status %s or %s" % (status, status2)
SystemError: Timeout while waiting for status SUCCESSFUL or False
11:13:07 WARN  SystemError: Timeout while waiting for status SUCCESSFUL or False ... blocked 
11:13:07 INFO  
11:13:07 INFO  cleanup:
11:13:15 INFO  Executed sudo&lt;tedge_disconnect_c8y&gt;, exit status 0
11:13:16 INFO  Executed systemctl&lt;serv_mapper5&gt;, exit status 3
11:13:16 INFO  
11:13:16 INFO  Test duration: 181.39 secs
11:13:16 INFO  Test final outcome:  BLOCKED
11:13:16 INFO  Test outcome reason: SystemError: Timeout while waiting for status SUCCESSFUL or False
11:13:16 INFO  
</system-out>
	</testcase>
<testcase classname="PySysTest" name="SoftwareManagement.sm_apt_install_remove_multiple_mixed">
		<failure message="BLOCKED: SystemError: Timeout while waiting for status SUCCESSFUL or False (+1 other failures)" type="BLOCKED" />
		<system-out>11:35:17 INFO  ==============================================================
11:35:17 INFO  Id:    SoftwareManagement.sm_apt_install_remove_multiple_mixed
11:35:17 INFO  Dir:   software_management_end_to_end/
11:35:17 INFO  Title: Validate end to end behaviour for the apt plugin for multiple packages with mixed versions
11:35:17 INFO  ==============================================================
11:35:17 INFO  Using sw id database: {'asciijump': '5475369', 'robotfindskitten': '5474869', 'squirrel3': '5475279', 'rolldice': '5152439', 'moon-buggy': '5439204', 'apple': '5495053', 'banana': '5494888', 'cherry': '5495382', 'watermelon': '5494510', 'registry': '8018911', 'hello-world': '8021526', 'docker/getting-started': '8021973', 'alpine': '7991792'}
11:35:17 INFO  EnvironmentC8y Setup
11:35:17 INFO  Executed systemctl&lt;serv_mapper1&gt;, exit status 3
11:35:18 INFO  Restarting mosquitto too frequently in the last 10 seconds. It was only up for 4 seconds
11:35:18 INFO  Delaying execution by 7 seconds
11:35:38 INFO  Executed sudo&lt;tedge_connect_c8y&gt;, exit status 0, duration 13 secs
11:35:39 INFO  Executed sudo&lt;tedge_connect_c8y_test&gt;, exit status 0
11:35:39 INFO  Executed systemctl&lt;serv_mosq2&gt;, exit status 0
11:35:40 INFO  Executed systemctl&lt;serv_mapper3&gt;, exit status 0
11:35:42 INFO  State of current operation: SUCCESSFUL
11:35:43 INFO  Assert that (False == value) with value=False ... passed
11:35:43 INFO  Assert that (False == value) with value=False ... passed
11:35:43 INFO  Assert that (False == value) with value=False ... passed
11:35:43 INFO  Assert that (False == value) with value=False ... passed
11:35:44 INFO  Package moon-buggy is installed
11:35:44 WARN  Assert that (False == value) with value=True ... failed 
11:35:45 INFO  Response status: 201
11:35:45 INFO  Response to action: {
    "creationTime": "2022-05-02T11:35:45.931Z",
    "deviceName": "m32sd10d",
    "deviceId": "18127040",
    "self": "https://t493319102.eu-latest.cumulocity.com/devicecontrol/operations/18168160",
    "id": "18168160",
    "status": "PENDING",
    "description": "Apply software changes, triggered from PySys: [{'action': 'install', 'id': '5475369', 'name': 'asciijump', 'url': ' ', 'version': '::apt'}, {'action': 'install', 'id': '5474869', 'name': 'robotfindskitten', 'url': ' ', 'version': ' '}, {'action': 'install', 'id': '5475279', 'name': 'squirrel3', 'url': ' ', 'version': '3.1-7::apt'}, {'action': 'install', 'id': '5152439', 'name': 'rolldice', 'url': ' ', 'version': '1.16-1+b1'}, {'action': 'install', 'id': '5439204', 'name': 'moon-buggy', 'url': ' ', 'version': '1:1.0.51-12'}, {'action': 'install', 'id': '5475369', 'name': 'asciijump', 'url': ' ', 'version': '::apt'}]",
    "c8y_SoftwareUpdate": [
        {
            "name": "asciijump",
            "action": "install",
            "id": "5475369",
            "version": "::apt",
            "url": " "
        },
        {
            "name": "robotfindskitten",
            "action": "install",
            "id": "5474869",
            "version": " ",
            "url": " "
        },
        {
            "name": "squirrel3",
            "action": "install",
            "id": "5475279",
            "version": "3.1-7::apt",
            "url": " "
        },
        {
            "name": "rolldice",
            "action": "install",
            "id": "5152439",
            "version": "1.16-1+b1",
            "url": " "
        },
        {
            "name": "moon-buggy",
            "action": "install",
            "id": "5439204",
            "version": "1:1.0.51-12",
            "url": " "
        },
        {
            "name": "asciijump",
            "action": "install",
            "id": "5475369",
            "version": "::apt",
            "url": " "
        }
    ]
}
11:35:45 INFO  Started operation: {'creationTime': '2022-05-02T11:35:45.931Z', 'deviceName': 'm32sd10d', 'deviceId': '18127040', 'self': 'https://t493319102.eu-latest.cumulocity.com/devicecontrol/operations/18168160', 'id': '18168160', 'status': 'PENDING', 'description': "Apply software changes, triggered from PySys: [{'action': 'install', 'id': '5475369', 'name': 'asciijump', 'url': ' ', 'version': '::apt'}, {'action': 'install', 'id': '5474869', 'name': 'robotfindskitten', 'url': ' ', 'version': ' '}, {'action': 'install', 'id': '5475279', 'name': 'squirrel3', 'url': ' ', 'version': '3.1-7::apt'}, {'action': 'install', 'id': '5152439', 'name': 'rolldice', 'url': ' ', 'version': '1.16-1+b1'}, {'action': 'install', 'id': '5439204', 'name': 'moon-buggy', 'url': ' ', 'version': '1:1.0.51-12'}, {'action': 'install', 'id': '5475369', 'name': 'asciijump', 'url': ' ', 'version': '::apt'}]", 'c8y_SoftwareUpdate': [{'name': 'asciijump', 'action': 'install', 'id': '5475369', 'version': '::apt', 'url': ' '}, {'name': 'robotfindskitten', 'action': 'install', 'id': '5474869', 'version': ' ', 'url': ' '}, {'name': 'squirrel3', 'action': 'install', 'id': '5475279', 'version': '3.1-7::apt', 'url': ' '}, {'name': 'rolldice', 'action': 'install', 'id': '5152439', 'version': '1.16-1+b1', 'url': ' '}, {'name': 'moon-buggy', 'action': 'install', 'id': '5439204', 'version': '1:1.0.51-12', 'url': ' '}, {'name': 'asciijump', 'action': 'install', 'id': '5475369', 'version': '::apt', 'url': ' '}]}
11:35:48 INFO  State of operation 18168160 : PENDING
11:35:50 INFO  State of operation 18168160 : EXECUTING
11:35:52 INFO  State of operation 18168160 : EXECUTING
11:35:54 INFO  State of operation 18168160 : EXECUTING
11:35:57 INFO  State of operation 18168160 : EXECUTING
11:35:59 INFO  State of operation 18168160 : EXECUTING
11:36:01 INFO  State of operation 18168160 : EXECUTING
11:36:04 INFO  State of operation 18168160 : EXECUTING
11:36:07 INFO  State of operation 18168160 : EXECUTING
11:36:10 INFO  State of operation 18168160 : EXECUTING
11:36:13 INFO  State of operation 18168160 : EXECUTING
11:36:15 INFO  State of operation 18168160 : EXECUTING
11:36:17 INFO  State of operation 18168160 : EXECUTING
11:36:19 INFO  State of operation 18168160 : EXECUTING
11:36:21 INFO  State of operation 18168160 : EXECUTING
11:36:24 INFO  State of operation 18168160 : EXECUTING
11:36:26 INFO  State of operation 18168160 : EXECUTING
11:36:28 INFO  State of operation 18168160 : EXECUTING
11:36:31 INFO  State of operation 18168160 : EXECUTING
11:36:33 INFO  State of operation 18168160 : EXECUTING
11:36:36 INFO  State of operation 18168160 : EXECUTING
11:36:38 INFO  State of operation 18168160 : EXECUTING
11:36:40 INFO  State of operation 18168160 : EXECUTING
11:36:43 INFO  State of operation 18168160 : EXECUTING
11:36:45 INFO  State of operation 18168160 : EXECUTING
11:36:48 INFO  State of operation 18168160 : EXECUTING
11:36:50 INFO  State of operation 18168160 : EXECUTING
11:36:53 INFO  State of operation 18168160 : EXECUTING
11:36:55 INFO  State of operation 18168160 : EXECUTING
11:36:58 INFO  State of operation 18168160 : EXECUTING
11:37:00 INFO  State of operation 18168160 : EXECUTING
11:37:02 INFO  State of operation 18168160 : EXECUTING
11:37:05 INFO  State of operation 18168160 : EXECUTING
11:37:07 INFO  State of operation 18168160 : EXECUTING
11:37:09 INFO  State of operation 18168160 : EXECUTING
11:37:11 INFO  State of operation 18168160 : EXECUTING
11:37:13 INFO  State of operation 18168160 : EXECUTING
11:37:16 INFO  State of operation 18168160 : EXECUTING
11:37:18 INFO  State of operation 18168160 : EXECUTING
11:37:21 INFO  State of operation 18168160 : EXECUTING
11:37:23 INFO  State of operation 18168160 : EXECUTING
11:37:26 INFO  State of operation 18168160 : EXECUTING
11:37:28 INFO  State of operation 18168160 : EXECUTING
11:37:30 INFO  State of operation 18168160 : EXECUTING
11:37:33 INFO  State of operation 18168160 : EXECUTING
11:37:35 INFO  State of operation 18168160 : EXECUTING
11:37:37 INFO  State of operation 18168160 : EXECUTING
11:37:39 INFO  State of operation 18168160 : EXECUTING
11:37:42 INFO  State of operation 18168160 : EXECUTING
11:37:44 INFO  State of operation 18168160 : EXECUTING
11:37:47 INFO  State of operation 18168160 : EXECUTING
11:37:49 INFO  State of operation 18168160 : EXECUTING
11:37:51 INFO  State of operation 18168160 : EXECUTING
11:37:54 INFO  State of operation 18168160 : EXECUTING
11:37:56 INFO  State of operation 18168160 : EXECUTING
11:37:59 INFO  State of operation 18168160 : EXECUTING
11:38:01 INFO  State of operation 18168160 : EXECUTING
11:38:03 INFO  State of operation 18168160 : EXECUTING
11:38:06 INFO  State of operation 18168160 : EXECUTING
11:38:08 INFO  State of operation 18168160 : EXECUTING
11:38:10 INFO  State of operation 18168160 : EXECUTING
11:38:12 WARN  SystemError occurred while running test - Timeout while waiting for status SUCCESSFUL or False
Traceback (most recent call last):
  File "/home/pi/env-pysys/lib/python3.7/site-packages/pysys/baserunner.py", line 1294, in __call__
    self.testObj.execute()
  File "/home/pi/actions-runner/_work/thin-edge.io/thin-edge.io/tests/PySys/software_management_end_to_end/sm_apt_install_remove_multiple_mixed/run.py", line 89, in execute
    self.wait_until_succcess()
  File "/home/pi/actions-runner/_work/thin-edge.io/thin-edge.io/tests/PySys/software_management_end_to_end/environment_sm_management.py", line 324, in wait_until_succcess
    self.wait_until_status("SUCCESSFUL")
  File "/home/pi/actions-runner/_work/thin-edge.io/thin-edge.io/tests/PySys/software_management_end_to_end/environment_sm_management.py", line 381, in wait_until_status
    "Timeout while waiting for status %s or %s" % (status, status2)
SystemError: Timeout while waiting for status SUCCESSFUL or False
11:38:12 WARN  SystemError: Timeout while waiting for status SUCCESSFUL or False ... blocked 
11:38:12 INFO  
11:38:12 INFO  cleanup:
11:38:19 INFO  Executed sudo&lt;tedge_disconnect_c8y&gt;, exit status 0
11:38:19 INFO  Executed systemctl&lt;serv_mapper5&gt;, exit status 3
11:38:19 INFO  
11:38:19 INFO  Test duration: 182.45 secs
11:38:19 INFO  Test final outcome:  BLOCKED
11:38:19 INFO  Test outcome reason: SystemError: Timeout while waiting for status SUCCESSFUL or False (+1 other failures)
11:38:19 INFO  
</system-out>
	</testcase>
</testsuite><testsuite name="SoftwareManagement.sm_apt_install_remove_with_version" tests="3" errors="0" failures="0" skipped="1" time="0"><testcase classname="PySysTest" name="SoftwareManagement.sm_apt_install_remove_with_version">
		<skipped message="SKIPPED: Testing the apt plugin is not supported on this platform.Use parameter -XmyPlatform='container' to enable it" />
		<system-out>10:34:13 INFO  ==============================================================
10:34:13 INFO  Id:    SoftwareManagement.sm_apt_install_remove_with_version
10:34:13 INFO  Dir:   software_management_end_to_end/
10:34:13 INFO  Title: Validate end to end behaviour for the apt plugin for packages with version
10:34:13 INFO  ==============================================================
10:34:13 INFO  Testing the apt plugin is not supported on this platform.Use parameter -XmyPlatform='container' to enable it ... skipped
10:34:13 WARN  Aborted test due to SKIPPED outcome
10:34:13 INFO  
10:34:13 INFO  Test duration: 0.02 secs
10:34:13 INFO  Test final outcome:  SKIPPED
10:34:13 INFO  Test outcome reason: Testing the apt plugin is not supported on this platform.Use parameter -XmyPlatform='container' to enable it
10:34:13 INFO  
</system-out>
	</testcase>
<testcase classname="PySysTest" name="SoftwareManagement.sm_apt_install_remove_with_version" />
<testcase classname="PySysTest" name="SoftwareManagement.sm_apt_install_remove_with_version" />
</testsuite><testsuite name="SoftwareManagement.sm_docker_install_remove_multiple" tests="3" errors="0" failures="2" skipped="1" time="0"><testcase classname="SMDockerInstallRemove" name="SoftwareManagement.sm_docker_install_remove_multiple">
		<skipped message="SKIPPED: Testing the apt plugin is not supported on this platform.Use parameter -XmyPlatform='container' to enable it" />
		<system-out>10:34:13 INFO  ==============================================================
10:34:13 INFO  Id:    SoftwareManagement.sm_docker_install_remove_multiple
10:34:13 INFO  Dir:   software_management_end_to_end/
10:34:13 INFO  Title: Validate end to end behaviour for the docker plugin for multiple docker images with mixed versions
10:34:13 INFO  ==============================================================
10:34:13 INFO  Testing the apt plugin is not supported on this platform.Use parameter -XmyPlatform='container' to enable it ... skipped
10:34:13 WARN  Aborted test due to SKIPPED outcome
10:34:13 INFO  
10:34:13 INFO  Test duration: 0.03 secs
10:34:13 INFO  Test final outcome:  SKIPPED
10:34:13 INFO  Test outcome reason: Testing the apt plugin is not supported on this platform.Use parameter -XmyPlatform='container' to enable it
10:34:13 INFO  
</system-out>
	</testcase>
<testcase classname="SMDockerInstallRemove" name="SoftwareManagement.sm_docker_install_remove_multiple">
		<failure message="BLOCKED: SystemError: The operation has failed" type="BLOCKED" />
		<system-out>11:21:37 INFO  ==============================================================
11:21:37 INFO  Id:    SoftwareManagement.sm_docker_install_remove_multiple
11:21:37 INFO  Dir:   software_management_end_to_end/
11:21:37 INFO  Title: Validate end to end behaviour for the docker plugin for multiple docker images with mixed versions
11:21:37 INFO  ==============================================================
11:21:39 INFO  Using sw id database: {'asciijump': '5475369', 'robotfindskitten': '5474869', 'squirrel3': '5475279', 'rolldice': '5152439', 'moon-buggy': '5439204', 'apple': '5495053', 'banana': '5494888', 'cherry': '5495382', 'watermelon': '5494510', 'registry': '8018911', 'hello-world': '8021526', 'docker/getting-started': '8021973', 'alpine': '7991792'}
11:21:39 INFO  EnvironmentC8y Setup
11:21:40 INFO  Executed systemctl&lt;serv_mapper1&gt;, exit status 3
11:21:59 INFO  Executed sudo&lt;tedge_connect_c8y&gt;, exit status 0, duration 18 secs
11:22:00 INFO  Executed sudo&lt;tedge_connect_c8y_test&gt;, exit status 0
11:22:00 INFO  Executed systemctl&lt;serv_mosq2&gt;, exit status 0
11:22:01 INFO  Executed systemctl&lt;serv_mapper3&gt;, exit status 0
11:22:03 INFO  State of current operation: SUCCESSFUL
11:22:03 INFO  Response status: 201
11:22:03 INFO  Response to action: {
    "creationTime": "2022-05-02T11:22:03.633Z",
    "deviceName": "m32sd10d",
    "deviceId": "18127040",
    "self": "https://t493319102.eu-latest.cumulocity.com/devicecontrol/operations/18153016",
    "id": "18153016",
    "status": "PENDING",
    "description": "Apply software changes, triggered from PySys: [{'action': 'install', 'id': '8021526', 'name': 'hello-world', 'url': '', 'version': '::docker'}, {'action': 'install', 'id': '8018911', 'name': 'registry', 'url': '', 'version': '2.6.2::docker'}]",
    "c8y_SoftwareUpdate": [
        {
            "name": "hello-world",
            "action": "install",
            "id": "8021526",
            "version": "::docker",
            "url": ""
        },
        {
            "name": "registry",
            "action": "install",
            "id": "8018911",
            "version": "2.6.2::docker",
            "url": ""
        }
    ]
}
11:22:03 INFO  Started operation: {'creationTime': '2022-05-02T11:22:03.633Z', 'deviceName': 'm32sd10d', 'deviceId': '18127040', 'self': 'https://t493319102.eu-latest.cumulocity.com/devicecontrol/operations/18153016', 'id': '18153016', 'status': 'PENDING', 'description': "Apply software changes, triggered from PySys: [{'action': 'install', 'id': '8021526', 'name': 'hello-world', 'url': '', 'version': '::docker'}, {'action': 'install', 'id': '8018911', 'name': 'registry', 'url': '', 'version': '2.6.2::docker'}]", 'c8y_SoftwareUpdate': [{'name': 'hello-world', 'action': 'install', 'id': '8021526', 'version': '::docker', 'url': ''}, {'name': 'registry', 'action': 'install', 'id': '8018911', 'version': '2.6.2::docker', 'url': ''}]}
11:22:05 INFO  State of operation 18153016 : PENDING
11:22:08 INFO  State of operation 18153016 : EXECUTING
11:22:10 INFO  State of operation 18153016 : EXECUTING
11:22:12 INFO  State of operation 18153016 : EXECUTING
11:22:14 INFO  State of operation 18153016 : FAILED
11:22:14 ERROR Stopping as the operation has failed
11:22:14 WARN  SystemError occurred while running test - The operation has failed
Traceback (most recent call last):
  File "/home/pi/env-pysys/lib/python3.7/site-packages/pysys/baserunner.py", line 1292, in __call__
    self.testObj.setup()
  File "/home/pi/actions-runner/_work/thin-edge.io/thin-edge.io/tests/PySys/software_management_end_to_end/sm_docker_install_remove_multiple/run.py", line 55, in setup
    self.wait_until_succcess()
  File "/home/pi/actions-runner/_work/thin-edge.io/thin-edge.io/tests/PySys/software_management_end_to_end/environment_sm_management.py", line 324, in wait_until_succcess
    self.wait_until_status("SUCCESSFUL")
  File "/home/pi/actions-runner/_work/thin-edge.io/thin-edge.io/tests/PySys/software_management_end_to_end/environment_sm_management.py", line 361, in wait_until_status
    raise SystemError("The operation has failed")
SystemError: The operation has failed
11:22:15 WARN  SystemError: The operation has failed ... blocked 
11:22:15 INFO  
11:22:15 INFO  cleanup:
11:22:19 INFO  Executed sudo&lt;tedge_disconnect_c8y&gt;, exit status 0
11:22:19 INFO  Executed systemctl&lt;serv_mapper5&gt;, exit status 3
11:22:19 INFO  
11:22:19 INFO  Test duration: 42.12 secs
11:22:19 INFO  Test final outcome:  BLOCKED
11:22:19 INFO  Test outcome reason: SystemError: The operation has failed
11:22:19 INFO  
</system-out>
	</testcase>
<testcase classname="SMDockerInstallRemove" name="SoftwareManagement.sm_docker_install_remove_multiple">
		<failure message="BLOCKED: SystemError: The operation has failed" type="BLOCKED" />
		<system-out>11:41:01 INFO  ==============================================================
11:41:01 INFO  Id:    SoftwareManagement.sm_docker_install_remove_multiple
11:41:01 INFO  Dir:   software_management_end_to_end/
11:41:01 INFO  Title: Validate end to end behaviour for the docker plugin for multiple docker images with mixed versions
11:41:01 INFO  ==============================================================
[...]
10:23:01 INFO  
</system-out>
	</testcase>
</testsuite><testsuite name="mapper_awaits_before_reconnect" tests="1" errors="0" failures="1" skipped="0" time="0"><testcase classname="MapperReconnectAwait" name="mapper_awaits_before_reconnect">
		<failure message="FAILED: Line count on tedge_mapper_journal.out for &quot;tedge_mapper::core::mapper: MQTT connection error:&quot; expected &gt;=2 but got 0" type="FAILED" />
		<system-out>10:37:19 INFO  ==============================================================
10:37:19 INFO  Id:    mapper_awaits_before_reconnect
10:37:19 INFO  Dir:   tedge_mapper_c8y/
10:37:19 INFO  Title: Validate mapper doesn't reconnect too often
10:37:19 INFO  ==============================================================
10:37:19 INFO  Started mosquitto_sub with process id 17939
10:37:19 INFO  Waiting for 0.1 seconds
10:37:19 INFO  Executed sudo&lt;tedge_mapper&gt;, exit status 0
10:37:19 INFO  Waiting for 5.0 seconds
10:37:25 INFO  Executed sudo&lt;tedge_mapper&gt;, exit status 0
10:37:26 INFO  Executed sudo&lt;tedge_mapper_journal&gt;, exit status 0
10:37:26 WARN  Grep on tedge_mapper_journal.out contains "ERROR" ... failed [run.py:67]
10:37:26 INFO  Line count on file tedge_mapper_journal.out ... passed
10:37:26 WARN  Line count on tedge_mapper_journal.out for "tedge_mapper::core::mapper: MQTT connection error:" expected &gt;=2 but got 0 ... failed [run.py:78]
10:37:26 WARN  Aborted test due to FAILED outcome
10:37:26 INFO  
10:37:26 INFO  Test duration: 7.04 secs
10:37:26 INFO  Test final outcome:  FAILED
10:37:26 INFO  Test outcome reason: Line count on tedge_mapper_journal.out for "tedge_mapper::core::mapper: MQTT connection error:" expected &gt;=2 but got 0
10:37:26 INFO  
</system-out>
	</testcase>
</testsuite><testsuite name="monitoring_smaller_interval" tests="1" errors="0" failures="1" skipped="0" time="0"><testcase classname="MonitoringSmallInterval" name="monitoring_smaller_interval">
		<failure message="BLOCKED: TypeError: 'int' object is not subscriptable" type="BLOCKED" />
		<system-out>10:24:13 INFO  ==============================================================
10:24:13 INFO  Id:    monitoring_smaller_interval
10:24:13 INFO  Dir:   monitoring/
10:24:13 INFO  Title: Validate the tedge dm agent messages that are produced with smaller sampling interval than the batching window. Here the simulated collectd messages are used
10:24:13 INFO  ==============================================================
10:24:13 INFO  Executed sudo&lt;collectd&gt;, exit status 0
10:24:14 INFO  Executed sudo&lt;collectd_mapper&gt;, exit status 0
10:24:14 INFO  Started sudo&lt;tedge_sub&gt; with process id 14102
10:24:15 INFO  Executed sudo&lt;tedge_temp&gt;, exit status 0
10:24:15 INFO  Executed sudo&lt;tedge_pres&gt;, exit status 0
10:24:16 INFO  Executed sudo&lt;tedge_temp&gt;, exit status 0
10:24:16 INFO  Executed sudo&lt;tedge_pres&gt;, exit status 0
10:24:17 INFO  Executed sudo&lt;tedge_temp&gt;, exit status 0
10:24:17 INFO  Executed sudo&lt;tedge_pres&gt;, exit status 0
10:24:18 INFO  Executed sudo&lt;tedge_temp&gt;, exit status 0
10:24:19 INFO  Executed sudo&lt;tedge_pres&gt;, exit status 0
10:24:19 INFO  Executed sudo&lt;tedge_temp&gt;, exit status 0
10:24:20 INFO  Executed sudo&lt;tedge_pres&gt;, exit status 0
10:24:20 INFO  Executed sudo&lt;tedge_temp&gt;, exit status 0
10:24:21 INFO  Executed sudo&lt;tedge_pres&gt;, exit status 0
10:24:21 INFO  Executed sudo&lt;tedge_temp&gt;, exit status 0
10:24:22 INFO  Executed sudo&lt;tedge_pres&gt;, exit status 0
10:24:23 INFO  Executed sudo&lt;tedge_temp&gt;, exit status 0
10:24:23 INFO  Executed sudo&lt;tedge_pres&gt;, exit status 0
10:24:24 INFO  Executed sudo&lt;tedge_temp&gt;, exit status 0
10:24:24 INFO  Executed sudo&lt;tedge_pres&gt;, exit status 0
10:24:25 INFO  Executed sudo&lt;tedge_temp&gt;, exit status 0
10:24:25 INFO  Executed sudo&lt;tedge_pres&gt;, exit status 0
10:24:27 INFO  Executed sudo&lt;kill_out&gt;, exit status 0
10:24:27 INFO  0

10:24:27 WARN  TypeError occurred while running test - 'int' object is not subscriptable
Traceback (most recent call last):
  File "/home/pi/env-pysys/lib/python3.7/site-packages/pysys/baserunner.py", line 1296, in __call__
    self.testObj.validate()
  File "/home/pi/actions-runner/_work/thin-edge.io/thin-edge.io/tests/PySys/monitoring/monitoring_smaller_interval/run.py", line 104, in validate
    collectd_msg_validation_result=self.validate_json(),
  File "/home/pi/actions-runner/_work/thin-edge.io/thin-edge.io/tests/PySys/monitoring/monitoring_smaller_interval/run.py", line 114, in validate_json
    if not self.validate_time():
  File "/home/pi/actions-runner/_work/thin-edge.io/thin-edge.io/tests/PySys/monitoring/monitoring_smaller_interval/run.py", line 134, in validate_time
    if self.js_msg["time"]:
TypeError: 'int' object is not subscriptable
10:24:27 WARN  TypeError: 'int' object is not subscriptable ... blocked 
10:24:27 INFO  
10:24:27 INFO  cleanup:
10:24:27 INFO  monitoring_cleanup
10:24:28 INFO  Executed sudo&lt;collectd_mapper&gt;, exit status 0
10:24:28 INFO  
10:24:28 INFO  Test duration: 14.94 secs
10:24:28 INFO  Test final outcome:  BLOCKED
10:24:28 INFO  Test outcome reason: TypeError: 'int' object is not subscriptable
10:24:28 INFO  
</system-out>
	</testcase>
</testsuite><testsuite name="monitoring_with_collectd" tests="1" errors="0" failures="0" skipped="1" time="0"><testcase classname="MonitoringWithCollectd" name="monitoring_with_collectd">
		<skipped message="SKIPPED: Test execution disabled due to #792 (instable)" />
		<system-out>10:24:28 INFO  ==============================================================
10:24:28 INFO  Id:    monitoring_with_collectd
10:24:28 INFO  Dir:   monitoring/
10:24:28 INFO  Title: Validate tedge dm agent messages that are produced by batching the collectd messages
10:24:28 INFO  ==============================================================
10:24:28 INFO  Test execution disabled due to #792 (instable) ... skipped
10:24:28 INFO  
10:24:28 INFO  Test duration: 0.02 secs
10:24:28 INFO  Test final outcome:  SKIPPED
10:24:28 INFO  Test outcome reason: Test execution disabled due to #792 (instable)
10:24:28 INFO  
</system-out>
	</testcase>
</testsuite><testsuite name="monitoring_with_simulated_messages" tests="1" errors="0" failures="1" skipped="0" time="0"><testcase classname="MonitoringWithSimulatedMessages" name="monitoring_with_simulated_messages">
		<failure message="BLOCKED: TypeError: 'int' object is not subscriptable" type="BLOCKED" />
		<system-out>10:24:28 INFO  ==============================================================
10:24:28 INFO  Id:    monitoring_with_simulated_messages
10:24:28 INFO  Dir:   monitoring/
10:24:28 INFO  Title: Validate the tedge dm agent messages that are produced from the simulated collectd messages
10:24:28 INFO  ==============================================================
10:24:28 INFO  Executed sudo&lt;collectd&gt;, exit status 0
10:24:29 INFO  Executed sudo&lt;collectd_mapper&gt;, exit status 0
10:24:29 INFO  Started sudo&lt;tedge_sub&gt; with process id 14172
10:24:30 INFO  Executed sudo&lt;tedge_temp&gt;, exit status 0
10:24:30 INFO  Executed sudo&lt;tedge_pres&gt;, exit status 0
10:24:32 INFO  Executed sudo&lt;kill_out&gt;, exit status 0
10:24:32 INFO  0

10:24:32 WARN  TypeError occurred while running test - 'int' object is not subscriptable
Traceback (most recent call last):
  File "/home/pi/env-pysys/lib/python3.7/site-packages/pysys/baserunner.py", line 1296, in __call__
    self.testObj.validate()
  File "/home/pi/actions-runner/_work/thin-edge.io/thin-edge.io/tests/PySys/monitoring/monitoring_with_simulated_messages/run.py", line 98, in validate
    collectd_msg_validation_result=self.validate_json(),
  File "/home/pi/actions-runner/_work/thin-edge.io/thin-edge.io/tests/PySys/monitoring/monitoring_with_simulated_messages/run.py", line 108, in validate_json
    if not self.validate_time():
  File "/home/pi/actions-runner/_work/thin-edge.io/thin-edge.io/tests/PySys/monitoring/monitoring_with_simulated_messages/run.py", line 127, in validate_time
    if self.js_msg["time"]:
TypeError: 'int' object is not subscriptable
10:24:32 WARN  TypeError: 'int' object is not subscriptable ... blocked 
10:24:32 INFO  
10:24:32 INFO  cleanup:
10:24:32 INFO  monitoring_cleanup
10:24:33 INFO  Executed sudo&lt;collectd_mapper&gt;, exit status 0
10:24:33 INFO  
10:24:33 INFO  Test duration: 4.59 secs
10:24:33 INFO  Test final outcome:  BLOCKED
10:24:33 INFO  Test outcome reason: TypeError: 'int' object is not subscriptable
10:24:33 INFO  
</system-out>
	</testcase>
</testsuite><testsuite name="mqtt_port_change_connection_fails" tests="1" errors="0" failures="0" skipped="0" time="0"><testcase classname="MqttPortChangeConnectionFails" name="mqtt_port_change_connection_fails" />
</testsuite><testsuite name="mqtt_port_change_connection_works" tests="1" errors="0" failures="0" skipped="1" time="0"><testcase classname="MqttPortChangeConnectionWorks" name="mqtt_port_change_connection_works">
		<skipped message="SKIPPED: failing intermitently" />
		<system-out>10:23:36 INFO  ==============================================================
10:23:36 INFO  Id:    mqtt_port_change_connection_works
10:23:36 INFO  Dir:   misc_features/
10:23:36 INFO  Title: mqtt port change connection works for all the thin-edge services that use the mosquitto broker
10:23:36 INFO  ==============================================================
10:23:36 INFO  failing intermitently ... skipped
10:23:36 INFO  
10:23:36 INFO  Test duration: 0.02 secs
10:23:36 INFO  Test final outcome:  SKIPPED
10:23:36 INFO  Test outcome reason: failing intermitently
10:23:36 INFO  
</system-out>
	</testcase>
</testsuite><testsuite name="mqtt_port_set" tests="1" errors="0" failures="0" skipped="0" time="0"><testcase classname="MqttPortSet" name="mqtt_port_set" />
</testsuite><testsuite name="mqtt_port_unset" tests="1" errors="0" failures="0" skipped="0" time="0"><testcase classname="MqttPortUnSet" name="mqtt_port_unset" />
</testsuite><testsuite name="publish_flux" tests="1" errors="0" failures="0" skipped="0" time="0"><testcase classname="PublishFlux" name="publish_flux" />
</testsuite><testsuite name="publish_sawmill" tests="1" errors="0" failures="0" skipped="0" time="0"><testcase classname="PublishSawmill" name="publish_sawmill" />
</testsuite><testsuite name="runtime_start_two_mappers" tests="1" errors="0" failures="1" skipped="0" time="0"><testcase classname="RuntimeMultiMappers" name="runtime_start_two_mappers">
		<failure message="FAILED: Grep on tedge_mapper2.err contains &quot;Error: Couldn't acquire file lock.&quot;" type="FAILED" />
		<system-out>10:37:26 INFO  ==============================================================
10:37:26 INFO  Id:    runtime_start_two_mappers
10:37:26 INFO  Dir:   tedge_mapper_c8y/
10:37:26 INFO  Title: Validate two mappers can't be started at the same time
10:37:26 INFO  ==============================================================
10:37:26 INFO  Executed sudo&lt;tedge_mapper1&gt;, exit status 0
10:37:26 INFO  Waiting for 0.1 seconds
10:37:27 INFO  Executed sudo&lt;tedge_mapper2&gt;, exit status 1
10:37:27 INFO  Executed sudo&lt;tedge_mapper1&gt;, exit status 0
10:37:27 WARN  Grep on tedge_mapper2.err contains "Error: Couldn't acquire file lock." ... failed [run.py:46]
10:37:27 INFO  
10:37:27 INFO  Test duration: 1.75 secs
10:37:27 INFO  Test final outcome:  FAILED
10:37:27 INFO  Test outcome reason: Grep on tedge_mapper2.err contains "Error: Couldn't acquire file lock."
10:37:27 INFO  
</system-out>
	</testcase>
</testsuite><testsuite name="sm_tedge_mapper_init_session" tests="1" errors="0" failures="0" skipped="0" time="0"><testcase classname="TedgeSMMapperInitSession" name="sm_tedge_mapper_init_session" />
</testsuite><testsuite name="smoketest_json" tests="1" errors="0" failures="0" skipped="0" time="0"><testcase classname="SmokeTestJson" name="smoketest_json" />
</testsuite><testsuite name="smoketest_json_400_samples_10ms" tests="1" errors="0" failures="0" skipped="0" time="0"><testcase classname="SmoketestJson400Samples10ms" name="smoketest_json_400_samples_10ms" />
</testsuite><testsuite name="smoketest_json_400_samples_20ms" tests="1" errors="0" failures="0" skipped="0" time="0"><testcase classname="SmoketestJson400Samples20ms" name="smoketest_json_400_samples_20ms" />
</testsuite><testsuite name="smoketest_smartrest" tests="1" errors="0" failures="0" skipped="0" time="0"><testcase classname="SmoketestSmartRest" name="smoketest_smartrest" />
</testsuite><testsuite name="smoketest_smartrest_400_samples_1Xms" tests="1" errors="0" failures="0" skipped="0" time="0"><testcase classname="SmoketestSmartRest400Samples1Xms" name="smoketest_smartrest_400_samples_1Xms" />
</testsuite><testsuite name="smoketest_smartrest_400_samples_20ms" tests="1" errors="0" failures="0" skipped="0" time="0"><testcase classname="SmoketestSmartRest400Samples20ms" name="smoketest_smartrest_400_samples_20ms" />
</testsuite><testsuite name="tedge_agent_user_sudo_access" tests="1" errors="0" failures="0" skipped="1" time="0"><testcase classname="TedgeAgentUserSudoAccess" name="tedge_agent_user_sudo_access">
		<skipped message="SKIPPED: #955 Observation: Exit code of the apt plugin when called with no arguments" />
		<system-out>10:34:40 INFO  ==============================================================
10:34:40 INFO  Id:    tedge_agent_user_sudo_access
10:34:40 INFO  Dir:   tedge/
10:34:40 INFO  Title: Validate tedge-agent user has a limited sudo right
10:34:40 INFO  ==============================================================
10:34:40 INFO  #955 Observation: Exit code of the apt plugin when called with no arguments ... skipped
10:34:40 INFO  
10:34:40 INFO  Test duration: 0.02 secs
10:34:40 INFO  Test final outcome:  SKIPPED
10:34:40 INFO  Test outcome reason: #955 Observation: Exit code of the apt plugin when called with no arguments
10:34:40 INFO  
</system-out>
	</testcase>
</testsuite><testsuite name="tedge_connect_test_negative" tests="1" errors="0" failures="0" skipped="0" time="0"><testcase classname="TedgeConnectTestNegative" name="tedge_connect_test_negative" />
</testsuite><testsuite name="tedge_connect_test_positive" tests="1" errors="0" failures="0" skipped="0" time="0"><testcase classname="TedgeConnectTestPositive" name="tedge_connect_test_positive" />
</testsuite><testsuite name="tedge_connect_test_sm_services" tests="1" errors="0" failures="0" skipped="0" time="0"><testcase classname="TedgeConnectTestSMServices" name="tedge_connect_test_sm_services" />
</testsuite><testsuite name="tedge_disconnect_test_sm_services" tests="1" errors="0" failures="0" skipped="0" time="0"><testcase classname="TedgeDisConnectTestSMServices" name="tedge_disconnect_test_sm_services" />
</testsuite><testsuite name="tedge_mapper_az_negative" tests="1" errors="0" failures="0" skipped="0" time="0"><testcase classname="TedgeMapperAzError" name="tedge_mapper_az_negative" />
</testsuite><testsuite name="tedge_mapper_az_with_timestamp" tests="1" errors="0" failures="0" skipped="0" time="0"><testcase classname="TedgeMapperAzWithTimestamp" name="tedge_mapper_az_with_timestamp" />
</testsuite><testsuite name="tedge_mapper_az_without_timestamp" tests="1" errors="0" failures="0" skipped="0" time="0"><testcase classname="TedgeMapperAzWithoutTimestamp" name="tedge_mapper_az_without_timestamp" />
</testsuite><testsuite name="tedge_mapper_c8y_alarms" tests="1" errors="0" failures="0" skipped="0" time="0"><testcase classname="TedgeMapperC8yAlarm" name="tedge_mapper_c8y_alarms" />
</testsuite><testsuite name="tedge_mapper_c8y_child_device_measurement" tests="1" errors="0" failures="0" skipped="0" time="0"><testcase classname="TedgeMapperC8yChildDevice" name="tedge_mapper_c8y_child_device_measurement" />
</testsuite><testsuite name="tedge_mapper_c8y_packet_threshold_size" tests="1" errors="0" failures="1" skipped="0" time="0"><testcase classname="TedgeMapperC8yThresholdPacketSize" name="tedge_mapper_c8y_packet_threshold_size">
		<failure message="FAILED: Grep on tedge_sub.out contains &quot;The size of the message received on tedge/measurements is 20489 which is greater than the threshold size of 16184.&quot;" type="FAILED" />
		<system-out>10:39:05 INFO  ==============================================================
10:39:05 INFO  Id:    tedge_mapper_c8y_packet_threshold_size
10:39:05 INFO  Dir:   tedge_mapper_c8y/
10:39:05 INFO  Title: Validate the Cumulocity Mapper accepted threshold packet size when it receives a message on tedge/measurements
10:39:05 INFO  ==============================================================
10:39:06 INFO  Executed sudo&lt;tedge_mapper_c8y&gt;, exit status 0
10:39:06 INFO  Started sudo&lt;tedge_sub&gt; with process id 18533
10:39:06 INFO  Executed sudo&lt;tedge_msg&gt;, exit status 0
10:39:07 INFO  Executed sudo&lt;tedge_pub&gt;, exit status 0
10:39:07 INFO  Executed sudo&lt;kill_out&gt;, exit status 0
10:39:07 WARN  Grep on tedge_sub.out contains "The size of the message received on tedge/measurements is 20489 which is greater than the threshold size of 16184." ... failed [run.py:88]
10:39:07 INFO  
10:39:07 INFO  cleanup:
10:39:07 INFO  mapper_cleanup
10:39:08 INFO  Executed sudo&lt;tedge_mapper_c8y&gt;, exit status 0
10:39:08 INFO  
10:39:08 INFO  Test duration: 2.89 secs
10:39:08 INFO  Test final outcome:  FAILED
10:39:08 INFO  Test outcome reason: Grep on tedge_sub.out contains "The size of the message received on tedge/measurements is 20489 which is greater than the threshold size of 16184."
10:39:08 INFO  
</system-out>
	</testcase>
</testsuite><testsuite name="tedge_software_update" tests="1" errors="0" failures="0" skipped="0" time="0"><testcase classname="PySysTest" name="tedge_software_update" />
</testsuite><testsuite name="valid_device_id" tests="1" errors="0" failures="1" skipped="0" time="0"><testcase classname="ValidateValidDeviceId" name="valid_device_id">
		<failure message="BLOCKED: sudo&lt;tedge_connect_c8y&gt; returned non-zero exit code 1" type="BLOCKED" />
		<system-out>10:23:58 INFO  ==============================================================
10:23:58 INFO  Id:    valid_device_id
10:23:58 INFO  Dir:   misc_features/
10:23:58 INFO  Title: Valid device ID
10:23:58 INFO  ==============================================================
10:23:58 INFO  Restarting mosquitto too frequently in the last 10 seconds. It was only up for 5 seconds
10:23:58 INFO  Delaying execution by 6 seconds
10:24:05 INFO  Executed sudo&lt;tedge_disconnect_c8y&gt;, exit status 0
10:24:05 INFO  Executed sudo&lt;create_cert_dir&gt;, exit status 0
10:24:06 INFO  Executed sudo&lt;change_owner_of_dir&gt;, exit status 0
10:24:06 INFO  Executed sudo&lt;set_cert_path&gt;, exit status 0
10:24:07 INFO  Executed sudo&lt;set_key_path&gt;, exit status 0
10:24:07 INFO  Executed sudo&lt;cert_create&gt;, exit status 0
10:24:08 INFO  Executed sudo&lt;cert_upload&gt;, exit status 0
10:24:11 WARN  Executed sudo&lt;tedge_connect_c8y&gt;, exit status 1
10:24:11 INFO  Contents of tedge_connect_c8y.err: 
  ERROR: MqttState(Unsolicited(2))
  Error: failed to connect Cumulocity cloud.
  Caused by:
      Connection check failed
  -----

10:24:11 WARN  sudo&lt;tedge_connect_c8y&gt; returned non-zero exit code 1 ... blocked [environment_tedge.py:58,run.py:100]
10:24:11 WARN  Aborted test due to BLOCKED outcome
10:24:11 INFO  
10:24:11 INFO  cleanup:
10:24:11 INFO  Executed sudo&lt;tedge_disconnect_c8y&gt;, exit status 0
10:24:12 INFO  Executed sudo&lt;unset_cert_path&gt;, exit status 0
10:24:12 INFO  Executed sudo&lt;unset_key_path&gt;, exit status 0
10:24:13 INFO  Executed sudo&lt;remove_cert_dir&gt;, exit status 0
10:24:13 INFO  
10:24:13 INFO  Test duration: 14.88 secs
10:24:13 INFO  Test final outcome:  BLOCKED
10:24:13 INFO  Test outcome reason: sudo&lt;tedge_connect_c8y&gt; returned non-zero exit code 1
10:24:13 INFO  
</system-out>
	</testcase>
</testsuite></testsuites>