<?xml version='1.0' encoding='utf-8'?>
<testsuites tests="139" failures="17" errors="0" skipped="45" time="0.0"><testsuite name="SoftwareManagement.Plugin.apama_plugin_install" tests="3" errors="0" failures="0" skipped="1" time="0"><testcase classname="ApamaPluginInstallTest" name="SoftwareManagement.Plugin.apama_plugin_install">
		<skipped message="SKIPPED: Apama plugin tests are disabled by default. Execute `pysys run` with `-XmyPlatform=container` to run these tests" />
		<system-out>03:51:04 INFO  ==============================================================
03:51:04 INFO  Id:    SoftwareManagement.Plugin.apama_plugin_install
03:51:04 INFO  Dir:   plugin_apama/
03:51:04 INFO  Title: Validate apama plugin install
03:51:04 INFO  ==============================================================
03:51:04 INFO  Apama plugin tests are disabled by default. Execute `pysys run` with `-XmyPlatform=container` to run these tests ... skipped
03:51:04 WARN  Aborted test due to SKIPPED outcome
03:51:04 INFO  
03:51:04 INFO  Test duration: 0.05 secs
03:51:04 INFO  Test final outcome:  SKIPPED
03:51:04 INFO  Test outcome reason: Apama plugin tests are disabled by default. Execute `pysys run` with `-XmyPlatform=container` to run these tests
03:51:04 INFO  
</system-out>
	</testcase>
<testcase classname="ApamaPluginInstallTest" name="SoftwareManagement.Plugin.apama_plugin_install" />
<testcase classname="ApamaPluginInstallTest" name="SoftwareManagement.Plugin.apama_plugin_install" />
</testsuite><testsuite name="SoftwareManagement.Plugin.apama_plugin_mon_support" tests="3" errors="0" failures="0" skipped="1" time="0"><testcase classname="ApamaPluginMonSupportTest" name="SoftwareManagement.Plugin.apama_plugin_mon_support">
		<skipped message="SKIPPED: Apama plugin tests are disabled by default. Execute `pysys run` with `-XmyPlatform=container` to run these tests" />
		<system-out>03:51:04 INFO  ==============================================================
03:51:04 INFO  Id:    SoftwareManagement.Plugin.apama_plugin_mon_support
03:51:04 INFO  Dir:   plugin_apama/
03:51:04 INFO  Title: Validate mon file support of apama plugin
03:51:04 INFO  ==============================================================
03:51:04 INFO  Apama plugin tests are disabled by default. Execute `pysys run` with `-XmyPlatform=container` to run these tests ... skipped
03:51:04 WARN  Aborted test due to SKIPPED outcome
03:51:04 INFO  
03:51:04 INFO  Test duration: 0.03 secs
03:51:04 INFO  Test final outcome:  SKIPPED
03:51:04 INFO  Test outcome reason: Apama plugin tests are disabled by default. Execute `pysys run` with `-XmyPlatform=container` to run these tests
03:51:04 INFO  
</system-out>
	</testcase>
<testcase classname="ApamaPluginMonSupportTest" name="SoftwareManagement.Plugin.apama_plugin_mon_support" />
<testcase classname="ApamaPluginMonSupportTest" name="SoftwareManagement.Plugin.apama_plugin_mon_support" />
</testsuite><testsuite name="SoftwareManagement.Plugin.apama_plugin_remove" tests="3" errors="0" failures="0" skipped="1" time="0"><testcase classname="ApamaPluginRemoveTest" name="SoftwareManagement.Plugin.apama_plugin_remove">
		<skipped message="SKIPPED: Apama plugin tests are disabled by default. Execute `pysys run` with `-XmyPlatform=container` to run these tests" />
		<system-out>03:51:04 INFO  ==============================================================
03:51:04 INFO  Id:    SoftwareManagement.Plugin.apama_plugin_remove
03:51:04 INFO  Dir:   plugin_apama/
03:51:04 INFO  Title: Validate apama plugin remove
03:51:04 INFO  ==============================================================
03:51:04 INFO  Apama plugin tests are disabled by default. Execute `pysys run` with `-XmyPlatform=container` to run these tests ... skipped
03:51:04 WARN  Aborted test due to SKIPPED outcome
03:51:04 INFO  
03:51:04 INFO  Test duration: 0.02 secs
03:51:04 INFO  Test final outcome:  SKIPPED
03:51:04 INFO  Test outcome reason: Apama plugin tests are disabled by default. Execute `pysys run` with `-XmyPlatform=container` to run these tests
03:51:04 INFO  
</system-out>
	</testcase>
<testcase classname="ApamaPluginRemoveTest" name="SoftwareManagement.Plugin.apama_plugin_remove" />
<testcase classname="ApamaPluginRemoveTest" name="SoftwareManagement.Plugin.apama_plugin_remove" />
</testsuite><testsuite name="SoftwareManagement.Plugin.apama_plugin_update" tests="3" errors="0" failures="2" skipped="1" time="0"><testcase classname="ApamaPluginUpdateTest" name="SoftwareManagement.Plugin.apama_plugin_update">
		<skipped message="SKIPPED: Apama plugin tests are disabled by default. Execute `pysys run` with `-XmyPlatform=container` to run these tests" />
		<system-out>03:51:04 INFO  ==============================================================
03:51:04 INFO  Id:    SoftwareManagement.Plugin.apama_plugin_update
03:51:04 INFO  Dir:   plugin_apama/
03:51:04 INFO  Title: Validate apama plugin updating one project with another
03:51:04 INFO  ==============================================================
03:51:04 INFO  Apama plugin tests are disabled by default. Execute `pysys run` with `-XmyPlatform=container` to run these tests ... skipped
03:51:04 WARN  Aborted test due to SKIPPED outcome
03:51:04 INFO  
03:51:04 INFO  Test duration: 0.02 secs
03:51:04 INFO  Test final outcome:  SKIPPED
03:51:04 INFO  Test outcome reason: Apama plugin tests are disabled by default. Execute `pysys run` with `-XmyPlatform=container` to run these tests
03:51:04 INFO  
</system-out>
	</testcase>
<testcase classname="ApamaPluginUpdateTest" name="SoftwareManagement.Plugin.apama_plugin_update">
		<failure message="BLOCKED: sudo&lt;plugin_install&gt; returned non-zero exit code 2" type="BLOCKED" />
		<system-out>04:42:21 INFO  ==============================================================
04:42:21 INFO  Id:    SoftwareManagement.Plugin.apama_plugin_update
04:42:21 INFO  Dir:   plugin_apama/
04:42:21 INFO  Title: Validate apama plugin updating one project with another
04:42:21 INFO  ==============================================================
04:42:21 INFO  Assertion that path exists=False for "/etc/tedge/apama/project" ... passed
04:42:22 INFO  Executed sudo&lt;create_project_dir&gt;, exit status 0
04:42:22 INFO  Executed sudo&lt;unzip_apama_project&gt;, exit status 0
04:42:23 INFO  Executed sudo&lt;move_apama_project&gt;, exit status 0
04:42:24 INFO  Executed sudo&lt;restart_apama_service&gt;, exit status 0
04:42:25 INFO  Executed sudo&lt;apama_correlator_wait&gt;, exit status 0
04:42:25 INFO  Assertion that path exists=True for "/etc/tedge/apama/project" ... passed
04:42:25 INFO  Executed sudo&lt;apama_list_monitors&gt;, exit status 0
04:42:25 INFO  Grep on file /home/pi/actions-runner/_work/thin-edge.io/thin-edge.io/tests/PySys/plugin_apama/apama_plugin_update/Output/linux/apama_list_monitors.out ... passed
04:42:26 WARN  Executed sudo&lt;plugin_install&gt;, exit status 2
04:42:26 INFO  Contents of plugin_install.err: 
  ERROR: Directory not empty (os error 39)
  -----

04:42:26 WARN  sudo&lt;plugin_install&gt; returned non-zero exit code 2 ... blocked [run.py:35]
04:42:26 WARN  Aborted test due to BLOCKED outcome
04:42:26 INFO  
04:42:26 INFO  cleanup:
04:42:26 INFO  Removing apama project
04:42:42 INFO  Executed sudo&lt;stop_apama_service&gt;, exit status 0, duration 15 secs
04:42:42 INFO  Executed sudo&lt;remove_apama_project&gt;, exit status 0
04:42:43 INFO  Executed sudo&lt;remove_apama_tmp_dir&gt;, exit status 0
04:42:43 INFO  
04:42:43 INFO  Test duration: 21.26 secs
04:42:43 INFO  Test final outcome:  BLOCKED
04:42:43 INFO  Test outcome reason: sudo&lt;plugin_install&gt; returned non-zero exit code 2
04:42:43 INFO  
</system-out>
	</testcase>
<testcase classname="ApamaPluginUpdateTest" name="SoftwareManagement.Plugin.apama_plugin_update">
		<failure message="BLOCKED: sudo&lt;plugin_install&gt; returned non-zero exit code 2" type="BLOCKED" />
		<system-out>04:51:03 INFO  ==============================================================
04:51:03 INFO  Id:    SoftwareManagement.Plugin.apama_plugin_update
04:51:03 INFO  Dir:   plugin_apama/
04:51:03 INFO  Title: Validate apama plugin updating one project with another
04:51:03 INFO  ==============================================================
04:51:03 INFO  Assertion that path exists=False for "/etc/tedge/apama/project" ... passed
04:51:03 INFO  Executed sudo&lt;create_project_dir&gt;, exit status 0
04:51:04 INFO  Executed sudo&lt;unzip_apama_project&gt;, exit status 0
04:51:04 INFO  Executed sudo&lt;move_apama_project&gt;, exit status 0
04:51:05 INFO  Executed sudo&lt;restart_apama_service&gt;, exit status 0
04:51:06 INFO  Executed sudo&lt;apama_correlator_wait&gt;, exit status 0
04:51:06 INFO  Assertion that path exists=True for "/etc/tedge/apama/project" ... passed
04:51:07 INFO  Executed sudo&lt;apama_list_monitors&gt;, exit status 0
04:51:07 INFO  Grep on file /home/pi/actions-runner/_work/thin-edge.io/thin-edge.io/tests/PySys/plugin_apama/apama_plugin_update/Output/linux/apama_list_monitors.out ... passed
04:51:07 WARN  Executed sudo&lt;plugin_install&gt;, exit status 2
04:51:07 INFO  Contents of plugin_install.err: 
  ERROR: Directory not empty (os error 39)
  -----

04:51:08 WARN  sudo&lt;plugin_install&gt; returned non-zero exit code 2 ... blocked [run.py:35]
04:51:08 WARN  Aborted test due to BLOCKED outcome
04:51:08 INFO  
04:51:08 INFO  cleanup:
04:51:08 INFO  Removing apama project
04:51:23 INFO  Executed sudo&lt;stop_apama_service&gt;, exit status 0, duration 15 secs
04:51:23 INFO  Executed sudo&lt;remove_apama_project&gt;, exit status 0
04:51:24 INFO  Executed sudo&lt;remove_apama_tmp_dir&gt;, exit status 0
04:51:24 INFO  
04:51:24 INFO  Test duration: 21.27 secs
04:51:24 INFO  Test final outcome:  BLOCKED
04:51:24 INFO  Test outcome reason: sudo&lt;plugin_install&gt; returned non-zero exit code 2
04:51:24 INFO  
</system-out>
	</testcase>
</testsuite><testsuite name="SoftwareManagement.sm_apt_install_download_path" tests="3" errors="0" failures="2" skipped="1" time="0"><testcase classname="AptInstallWithDownloadPath" name="SoftwareManagement.sm_apt_install_download_path">
		<skipped message="SKIPPED: Testing the apt plugin is not supported on this platform.Use parameter -XmyPlatform='container' to enable it" />
		<system-out>04:00:39 INFO  ==============================================================
04:00:39 INFO  Id:    SoftwareManagement.sm_apt_install_download_path
04:00:39 INFO  Dir:   software_management_end_to_end/
04:00:39 INFO  Title: Install package to directory specified in tedge config set tmp.path
04:00:39 INFO  ==============================================================
04:00:39 INFO  Testing the apt plugin is not supported on this platform.Use parameter -XmyPlatform='container' to enable it ... skipped
04:00:39 WARN  Aborted test due to SKIPPED outcome
04:00:39 INFO  
04:00:39 INFO  Test duration: 0.06 secs
04:00:39 INFO  Test final outcome:  SKIPPED
04:00:39 INFO  Test outcome reason: Testing the apt plugin is not supported on this platform.Use parameter -XmyPlatform='container' to enable it
04:00:39 INFO  
</system-out>
	</testcase>
<testcase classname="AptInstallWithDownloadPath" name="SoftwareManagement.sm_apt_install_download_path">
		<failure message="BLOCKED: AssertionError:" type="BLOCKED" />
		<system-out>04:24:22 INFO  ==============================================================
04:24:22 INFO  Id:    SoftwareManagement.sm_apt_install_download_path
04:24:22 INFO  Dir:   software_management_end_to_end/
04:24:22 INFO  Title: Install package to directory specified in tedge config set tmp.path
04:24:22 INFO  ==============================================================
04:24:22 INFO  Using sw id database: {'asciijump': '5475369', 'robotfindskitten': '5474869', 'squirrel3': '5475279', 'rolldice': '5152439', 'moon-buggy': '5439204', 'apple': '5495053', 'banana': '5494888', 'cherry': '5495382', 'watermelon': '5494510', 'registry': '8018911', 'hello-world': '8021526', 'docker/getting-started': '8021973', 'alpine': '7991792'}
04:24:22 INFO  EnvironmentC8y Setup
04:24:23 INFO  Executed systemctl&lt;serv_mapper1&gt;, exit status 3
04:24:38 INFO  Executed sudo&lt;tedge_connect_c8y&gt;, exit status 0, duration 14 secs
04:24:39 INFO  Executed sudo&lt;tedge_connect_c8y_test&gt;, exit status 0
04:24:40 INFO  Executed systemctl&lt;serv_mosq2&gt;, exit status 0
04:24:41 INFO  Executed systemctl&lt;serv_mapper3&gt;, exit status 0
04:24:43 ERROR No operations found, assuming it passed
04:24:43 INFO  Assert that (False == value) with value=False ... passed
04:24:44 INFO  Executed sudo, exit status 0
04:24:44 INFO  Executed sudo, exit status 0
04:24:45 INFO  Executed sudo, exit status 0
04:24:49 INFO  Executed sudo&lt;tedge_disconnect_c8y&gt;, exit status 0
04:24:49 INFO  Restarting mosquitto too frequently in the last 10 seconds. It was only up for 3 seconds
04:24:49 INFO  Delaying execution by 8 seconds
04:25:11 INFO  Executed sudo&lt;tedge_connect_c8y&gt;, exit status 0, duration 14 secs
04:25:12 INFO  Response status: 201
04:25:12 INFO  Response to action: {
    "creationTime": "2022-07-22T04:25:12.153Z",
    "deviceId": "21231014",
    "deviceName": "m32sd10d",
    "self": "https://t493319102.eu-latest.cumulocity.com/devicecontrol/operations/21238970",
    "id": "21238970",
    "status": "PENDING",
    "description": "Apply software changes, triggered from PySys: [{'name': 'rolldice', 'id': '5152439', 'version': '::apt', 'url': 'https://thin-edge-io.eu-latest.cumulocity.com/inventory/binaries/12435463', 'action': 'install'}]",
    "c8y_SoftwareUpdate": [
        {
            "name": "rolldice",
            "action": "install",
            "id": "5152439",
            "version": "::apt",
            "url": "https://thin-edge-io.eu-latest.cumulocity.com/inventory/binaries/12435463"
        }
    ]
}
04:25:12 INFO  Started operation: {'creationTime': '2022-07-22T04:25:12.153Z', 'deviceId': '21231014', 'deviceName': 'm32sd10d', 'self': 'https://t493319102.eu-latest.cumulocity.com/devicecontrol/operations/21238970', 'id': '21238970', 'status': 'PENDING', 'description': "Apply software changes, triggered from PySys: [{'name': 'rolldice', 'id': '5152439', 'version': '::apt', 'url': 'https://thin-edge-io.eu-latest.cumulocity.com/inventory/binaries/12435463', 'action': 'install'}]", 'c8y_SoftwareUpdate': [{'name': 'rolldice', 'action': 'install', 'id': '5152439', 'version': '::apt', 'url': 'https://thin-edge-io.eu-latest.cumulocity.com/inventory/binaries/12435463'}]}
04:25:12 WARN  , retrying in 0.5 seconds...
04:25:12 WARN  , retrying in 0.5 seconds...
04:25:13 WARN  , retrying in 0.5 seconds...
04:25:13 WARN  , retrying in 0.5 seconds...
04:25:14 WARN  , retrying in 0.5 seconds...
04:25:14 WARN  , retrying in 0.5 seconds...
04:25:15 WARN  , retrying in 0.5 seconds...
04:25:15 WARN  , retrying in 0.5 seconds...
04:25:16 WARN  , retrying in 0.5 seconds...
04:25:16 WARN  AssertionError occurred while running test - 
Traceback (most recent call last):
  File "/home/pi/env-pysys/lib/python3.7/site-packages/pysys/baserunner.py", line 1294, in __call__
    self.testObj.execute()
  File "/home/pi/actions-runner/_work/thin-edge.io/thin-edge.io/tests/PySys/software_management_end_to_end/sm_apt_install_download_path/run.py", line 83, in execute
    assert_install_in_download_path(install_directory=self.DOWNLOAD_DIR)
  File "/home/pi/env-pysys/lib/python3.7/site-packages/decorator.py", line 232, in fun
    return caller(func, *(extras + args), **kw)
  File "/home/pi/env-pysys/lib/python3.7/site-packages/retry/api.py", line 74, in retry_decorator
    logger)
  File "/home/pi/env-pysys/lib/python3.7/site-packages/retry/api.py", line 33, in __retry_internal
    return f()
  File "/home/pi/actions-runner/_work/thin-edge.io/thin-edge.io/tests/PySys/software_management_end_to_end/sm_apt_install_download_path/run.py", line 28, in assert_install_in_download_path
    assert "rolldice" in os.listdir(f"{install_directory}")
AssertionError
04:25:17 WARN  AssertionError: ... blocked 
04:25:17 INFO  
04:25:17 INFO  cleanup:
04:25:18 INFO  Executed sudo, exit status 0
04:25:18 INFO  Executed sudo, exit status 0
04:25:22 INFO  Executed sudo&lt;tedge_disconnect_c8y&gt;, exit status 0
04:25:22 INFO  Restarting mosquitto too frequently in the last 10 seconds. It was only up for 3 seconds
04:25:22 INFO  Delaying execution by 8 seconds
04:25:44 INFO  Executed sudo&lt;tedge_connect_c8y&gt;, exit status 0, duration 14 secs
04:25:49 INFO  Executed sudo&lt;tedge_disconnect_c8y&gt;, exit status 0
04:25:49 INFO  Executed systemctl&lt;serv_mapper5&gt;, exit status 3
04:25:49 INFO  
04:25:49 INFO  Test duration: 87.23 secs
04:25:49 INFO  Test final outcome:  BLOCKED
04:25:49 INFO  Test outcome reason: AssertionError:
04:25:49 INFO  
</system-out>
	</testcase>
<testcase classname="AptInstallWithDownloadPath" name="SoftwareManagement.sm_apt_install_download_path">
		<failure message="BLOCKED: AssertionError:" type="BLOCKED" />
		<system-out>04:51:24 INFO  ==============================================================
04:51:24 INFO  Id:    SoftwareManagement.sm_apt_install_download_path
04:51:24 INFO  Dir:   software_management_end_to_end/
04:51:24 INFO  Title: Install package to directory specified in tedge config set tmp.path
04:51:24 INFO  ==============================================================
04:51:25 INFO  Using sw id database: {'asciijump': '5475369', 'robotfindskitten': '5474869', 'squirrel3': '5475279', 'rolldice': '5152439', 'moon-buggy': '5439204', 'apple': '5495053', 'banana': '5494888', 'cherry': '5495382', 'watermelon': '5494510', 'registry': '8018911', 'hello-world': '8021526', 'docker/getting-started': '8021973', 'alpine': '7991792'}
04:51:25 INFO  EnvironmentC8y Setup
04:51:26 INFO  Executed systemctl&lt;serv_mapper1&gt;, exit status 3
04:51:40 INFO  Executed sudo&lt;tedge_connect_c8y&gt;, exit status 0, duration 14 secs
04:51:41 INFO  Executed sudo&lt;tedge_connect_c8y_test&gt;, exit status 0
04:51:41 INFO  Executed systemctl&lt;serv_mosq2&gt;, exit status 0
04:51:42 INFO  Executed systemctl&lt;serv_mapper3&gt;, exit status 0
04:51:44 INFO  State of current operation: SUCCESSFUL
04:51:44 INFO  Assert that (False == value) with value=False ... passed
04:51:45 INFO  Executed sudo, exit status 0
04:51:45 INFO  Executed sudo, exit status 0
04:51:46 INFO  Executed sudo, exit status 0
04:51:50 INFO  Executed sudo&lt;tedge_disconnect_c8y&gt;, exit status 0
04:51:50 INFO  Restarting mosquitto too frequently in the last 10 seconds. It was only up for 3 seconds
04:51:50 INFO  Delaying execution by 8 seconds
04:52:12 INFO  Executed sudo&lt;tedge_connect_c8y&gt;, exit status 0, duration 13 secs
04:52:12 INFO  Response status: 201
04:52:12 INFO  Response to action: {
    "creationTime": "2022-07-22T04:52:12.746Z",
    "deviceId": "21231014",
    "deviceName": "m32sd10d",
    "self": "https://t493319102.eu-latest.cumulocity.com/devicecontrol/operations/21244174",
    "id": "21244174",
    "status": "PENDING",
    "description": "Apply software changes, triggered from PySys: [{'name': 'rolldice', 'id': '5152439', 'version': '::apt', 'url': 'https://thin-edge-io.eu-latest.cumulocity.com/inventory/binaries/12435463', 'action': 'install'}]",
    "c8y_SoftwareUpdate": [
        {
            "name": "rolldice",
            "action": "install",
            "id": "5152439",
            "version": "::apt",
            "url": "https://thin-edge-io.eu-latest.cumulocity.com/inventory/binaries/12435463"
        }
    ]
}
04:52:12 INFO  Started operation: {'creationTime': '2022-07-22T04:52:12.746Z', 'deviceId': '21231014', 'deviceName': 'm32sd10d', 'self': 'https://t493319102.eu-latest.cumulocity.com/devicecontrol/operations/21244174', 'id': '21244174', 'status': 'PENDING', 'description': "Apply software changes, triggered from PySys: [{'name': 'rolldice', 'id': '5152439', 'version': '::apt', 'url': 'https://thin-edge-io.eu-latest.cumulocity.com/inventory/binaries/12435463', 'action': 'install'}]", 'c8y_SoftwareUpdate': [{'name': 'rolldice', 'action': 'install', 'id': '5152439', 'version': '::apt', 'url': 'https://thin-edge-io.eu-latest.cumulocity.com/inventory/binaries/12435463'}]}
04:52:12 WARN  , retrying in 0.5 seconds...
04:52:13 WARN  , retrying in 0.5 seconds...
04:52:13 WARN  , retrying in 0.5 seconds...
04:52:14 WARN  , retrying in 0.5 seconds...
04:52:14 WARN  , retrying in 0.5 seconds...
04:52:15 WARN  , retrying in 0.5 seconds...
04:52:15 WARN  , retrying in 0.5 seconds...
04:52:16 WARN  , retrying in 0.5 seconds...
04:52:16 WARN  , retrying in 0.5 seconds...
04:52:17 WARN  AssertionError occurred while running test - 
Traceback (most recent call last):
  File "/home/pi/env-pysys/lib/python3.7/site-packages/pysys/baserunner.py", line 1294, in __call__
    self.testObj.execute()
  File "/home/pi/actions-runner/_work/thin-edge.io/thin-edge.io/tests/PySys/software_management_end_to_end/sm_apt_install_download_path/run.py", line 83, in execute
    assert_install_in_download_path(install_directory=self.DOWNLOAD_DIR)
  File "/home/pi/env-pysys/lib/python3.7/site-packages/decorator.py", line 232, in fun
    return caller(func, *(extras + args), **kw)
  File "/home/pi/env-pysys/lib/python3.7/site-packages/retry/api.py", line 74, in retry_decorator
    logger)
  File "/home/pi/env-pysys/lib/python3.7/site-packages/retry/api.py", line 33, in __retry_internal
    return f()
  File "/home/pi/actions-runner/_work/thin-edge.io/thin-edge.io/tests/PySys/software_management_end_to_end/sm_apt_install_download_path/run.py", line 28, in assert_install_in_download_path
    assert "rolldice" in os.listdir(f"{install_directory}")
AssertionError
04:52:17 WARN  AssertionError: ... blocked 
04:52:17 INFO  
04:52:17 INFO  cleanup:
04:52:17 INFO  Executed sudo, exit status 0
04:52:18 INFO  Executed sudo, exit status 0
04:52:23 INFO  Executed sudo&lt;tedge_disconnect_c8y&gt;, exit status 0
04:52:23 INFO  Restarting mosquitto too frequently in the last 10 seconds. It was only up for 4 seconds
04:52:23 INFO  Delaying execution by 7 seconds
04:52:44 INFO  Executed sudo&lt;tedge_connect_c8y&gt;, exit status 0, duration 14 secs
04:52:48 INFO  Executed sudo&lt;tedge_disconnect_c8y&gt;, exit status 0
04:52:49 INFO  Executed systemctl&lt;serv_mapper5&gt;, exit status 3
04:52:49 INFO  
04:52:49 INFO  Test duration: 84.56 secs
04:52:49 INFO  Test final outcome:  BLOCKED
04:52:49 INFO  Test outcome reason: AssertionError:
04:52:49 INFO  
</system-out>
	</testcase>
</testsuite><testsuite name="SoftwareManagement.sm_apt_install_fail" tests="3" errors="0" failures="0" skipped="1" time="0"><testcase classname="PySysTest" name="SoftwareManagement.sm_apt_install_fail">
		<skipped message="SKIPPED: Testing the apt plugin is not supported on this platform.Use parameter -XmyPlatform='container' to enable it" />
		<system-out>04:00:39 INFO  ==============================================================
04:00:39 INFO  Id:    SoftwareManagement.sm_apt_install_fail
04:00:39 INFO  Dir:   software_management_end_to_end/
04:00:39 INFO  Title: Validate end to end behaviour for a failing installation
04:00:39 INFO  ==============================================================
04:00:39 INFO  Testing the apt plugin is not supported on this platform.Use parameter -XmyPlatform='container' to enable it ... skipped
04:00:39 WARN  Aborted test due to SKIPPED outcome
04:00:39 INFO  
04:00:39 INFO  Test duration: 0.02 secs
04:00:39 INFO  Test final outcome:  SKIPPED
04:00:39 INFO  Test outcome reason: Testing the apt plugin is not supported on this platform.Use parameter -XmyPlatform='container' to enable it
04:00:39 INFO  
</system-out>
	</testcase>
<testcase classname="PySysTest" name="SoftwareManagement.sm_apt_install_fail" />
<testcase classname="PySysTest" name="SoftwareManagement.sm_apt_install_fail" />
</testsuite><testsuite name="SoftwareManagement.sm_apt_install_remove" tests="3" errors="0" failures="0" skipped="1" time="0"><testcase classname="PySysTest" name="SoftwareManagement.sm_apt_install_remove">
		<skipped message="SKIPPED: Testing the apt plugin is not supported on this platform.Use parameter -XmyPlatform='container' to enable it" />
		<system-out>04:00:39 INFO  ==============================================================
04:00:39 INFO  Id:    SoftwareManagement.sm_apt_install_remove
04:00:39 INFO  Dir:   software_management_end_to_end/
04:00:39 INFO  Title: Validate end to end behaviour for the apt plugin for installation and removal of packages
04:00:39 INFO  ==============================================================
04:00:39 INFO  Testing the apt plugin is not supported on this platform.Use parameter -XmyPlatform='container' to enable it ... skipped
04:00:39 WARN  Aborted test due to SKIPPED outcome
04:00:39 INFO  
04:00:39 INFO  Test duration: 0.02 secs
04:00:39 INFO  Test final outcome:  SKIPPED
04:00:39 INFO  Test outcome reason: Testing the apt plugin is not supported on this platform.Use parameter -XmyPlatform='container' to enable it
04:00:39 INFO  
</system-out>
	</testcase>
<testcase classname="PySysTest" name="SoftwareManagement.sm_apt_install_remove" />
<testcase classname="PySysTest" name="SoftwareManagement.sm_apt_install_remove" />
</testsuite><testsuite name="SoftwareManagement.sm_apt_install_remove_default" tests="3" errors="0" failures="0" skipped="1" time="0"><testcase classname="PySysTest" name="SoftwareManagement.sm_apt_install_remove_default">
		<skipped message="SKIPPED: Testing the apt plugin is not supported on this platform.Use parameter -XmyPlatform='container' to enable it" />
		<system-out>04:00:39 INFO  ==============================================================
04:00:39 INFO  Id:    SoftwareManagement.sm_apt_install_remove_default
04:00:39 INFO  Dir:   software_management_end_to_end/
04:00:39 INFO  Title: Validate end to end behaviour for the default plugin for installation and removal of packages
04:00:39 INFO  ==============================================================
04:00:39 INFO  Testing the apt plugin is not supported on this platform.Use parameter -XmyPlatform='container' to enable it ... skipped
04:00:39 WARN  Aborted test due to SKIPPED outcome
04:00:39 INFO  
04:00:39 INFO  Test duration: 0.02 secs
04:00:39 INFO  Test final outcome:  SKIPPED
04:00:39 INFO  Test outcome reason: Testing the apt plugin is not supported on this platform.Use parameter -XmyPlatform='container' to enable it
04:00:39 INFO  
</system-out>
	</testcase>
<testcase classname="PySysTest" name="SoftwareManagement.sm_apt_install_remove_default" />
<testcase classname="PySysTest" name="SoftwareManagement.sm_apt_install_remove_default" />
</testsuite><testsuite name="SoftwareManagement.sm_apt_install_remove_multiple" tests="3" errors="0" failures="2" skipped="1" time="0"><testcase classname="PySysTest" name="SoftwareManagement.sm_apt_install_remove_multiple">
		<skipped message="SKIPPED: Testing the apt plugin is not supported on this platform.Use parameter -XmyPlatform='container' to enable it" />
		<system-out>04:00:39 INFO  ==============================================================
04:00:39 INFO  Id:    SoftwareManagement.sm_apt_install_remove_multiple
04:00:39 INFO  Dir:   software_management_end_to_end/
04:00:39 INFO  Title: Validate end to end behaviour for the apt plugin for multiple packages
04:00:39 INFO  ==============================================================
04:00:39 INFO  Testing the apt plugin is not supported on this platform.Use parameter -XmyPlatform='container' to enable it ... skipped
04:00:39 WARN  Aborted test due to SKIPPED outcome
04:00:39 INFO  
04:00:39 INFO  Test duration: 0.02 secs
04:00:39 INFO  Test final outcome:  SKIPPED
04:00:39 INFO  Test outcome reason: Testing the apt plugin is not supported on this platform.Use parameter -XmyPlatform='container' to enable it
04:00:39 INFO  
</system-out>
	</testcase>
<testcase classname="PySysTest" name="SoftwareManagement.sm_apt_install_remove_multiple">
		<failure message="FAILED: Assert that (False == value) with value=True" type="FAILED" />
		<system-out>04:32:35 INFO  ==============================================================
04:32:35 INFO  Id:    SoftwareManagement.sm_apt_install_remove_multiple
04:32:35 INFO  Dir:   software_management_end_to_end/
04:32:35 INFO  Title: Validate end to end behaviour for the apt plugin for multiple packages
04:32:35 INFO  ==============================================================
04:32:35 INFO  Using sw id database: {'asciijump': '5475369', 'robotfindskitten': '5474869', 'squirrel3': '5475279', 'rolldice': '5152439', 'moon-buggy': '5439204', 'apple': '5495053', 'banana': '5494888', 'cherry': '5495382', 'watermelon': '5494510', 'registry': '8018911', 'hello-world': '8021526', 'docker/getting-started': '8021973', 'alpine': '7991792'}
04:32:35 INFO  EnvironmentC8y Setup
04:32:36 INFO  Executed systemctl&lt;serv_mapper1&gt;, exit status 3
04:32:36 INFO  Restarting mosquitto too frequently in the last 10 seconds. It was only up for 4 seconds
04:32:36 INFO  Delaying execution by 7 seconds
04:32:57 INFO  Executed sudo&lt;tedge_connect_c8y&gt;, exit status 0, duration 13 secs
04:32:58 INFO  Executed sudo&lt;tedge_connect_c8y_test&gt;, exit status 0
04:32:58 INFO  Executed systemctl&lt;serv_mosq2&gt;, exit status 0
04:32:59 INFO  Executed systemctl&lt;serv_mapper3&gt;, exit status 0
04:33:01 INFO  State of current operation: SUCCESSFUL
04:33:01 INFO  Assert that (False == value) with value=False ... passed
04:33:01 INFO  Assert that (False == value) with value=False ... passed
04:33:02 INFO  Assert that (False == value) with value=False ... passed
04:33:02 INFO  Package robotfindskitten is installed
04:33:02 WARN  Assert that (False == value) with value=True ... failed 
04:33:02 INFO  Response status: 201
04:33:02 INFO  Response to action: {
    "delivery": {
        "log": [],
        "time": "2022-07-22T04:33:02.613Z",
        "status": "PENDING"
    },
    "creationTime": "2022-07-22T04:33:02.552Z",
    "deviceId": "21231014",
    "deviceName": "m32sd10d",
    "self": "https://t493319102.eu-latest.cumulocity.com/devicecontrol/operations/21239047",
    "id": "21239047",
    "status": "PENDING",
    "description": "Apply software changes, triggered from PySys: [{'action': 'install', 'id': '5475369', 'name': 'asciijump', 'url': ' ', 'version': '::apt'}, {'action': 'install', 'id': '5474869', 'name': 'robotfindskitten', 'url': ' ', 'version': '::apt'}, {'action': 'install', 'id': '5475279', 'name': 'squirrel3', 'url': ' ', 'version': '::apt'}]",
    "c8y_SoftwareUpdate": [
        {
            "name": "asciijump",
            "action": "install",
            "id": "5475369",
            "version": "::apt",
            "url": " "
        },
        {
            "name": "robotfindskitten",
            "action": "install",
            "id": "5474869",
            "version": "::apt",
            "url": " "
        },
        {
            "name": "squirrel3",
            "action": "install",
            "id": "5475279",
            "version": "::apt",
            "url": " "
        }
    ]
}
04:33:02 INFO  Started operation: {'delivery': {'log': [], 'time': '2022-07-22T04:33:02.613Z', 'status': 'PENDING'}, 'creationTime': '2022-07-22T04:33:02.552Z', 'deviceId': '21231014', 'deviceName': 'm32sd10d', 'self': 'https://t493319102.eu-latest.cumulocity.com/devicecontrol/operations/21239047', 'id': '21239047', 'status': 'PENDING', 'description': "Apply software changes, triggered from PySys: [{'action': 'install', 'id': '5475369', 'name': 'asciijump', 'url': ' ', 'version': '::apt'}, {'action': 'install', 'id': '5474869', 'name': 'robotfindskitten', 'url': ' ', 'version': '::apt'}, {'action': 'install', 'id': '5475279', 'name': 'squirrel3', 'url': ' ', 'version': '::apt'}]", 'c8y_SoftwareUpdate': [{'name': 'asciijump', 'action': 'install', 'id': '5475369', 'version': '::apt', 'url': ' '}, {'name': 'robotfindskitten', 'action': 'install', 'id': '5474869', 'version': '::apt', 'url': ' '}, {'name': 'squirrel3', 'action': 'install', 'id': '5475279', 'version': '::apt', 'url': ' '}]}
04:33:04 INFO  State of operation 21239047 : PENDING
04:33:07 INFO  State of operation 21239047 : EXECUTING
04:33:09 INFO  State of operation 21239047 : EXECUTING
04:33:11 INFO  State of operation 21239047 : EXECUTING
04:33:14 INFO  State of operation 21239047 : EXECUTING
04:33:16 INFO  State of operation 21239047 : EXECUTING
04:33:19 INFO  State of operation 21239047 : EXECUTING
04:33:21 INFO  State of operation 21239047 : EXECUTING
04:33:24 INFO  State of operation 21239047 : EXECUTING
04:33:26 INFO  State of operation 21239047 : EXECUTING
04:33:28 INFO  State of operation 21239047 : EXECUTING
04:33:31 INFO  State of operation 21239047 : EXECUTING
04:33:33 INFO  State of operation 21239047 : EXECUTING
04:33:35 INFO  State of operation 21239047 : EXECUTING
04:33:37 INFO  State of operation 21239047 : EXECUTING
04:33:40 INFO  State of operation 21239047 : EXECUTING
04:33:42 INFO  State of operation 21239047 : EXECUTING
04:33:45 INFO  State of operation 21239047 : EXECUTING
04:33:47 INFO  State of operation 21239047 : EXECUTING
04:33:49 INFO  State of operation 21239047 : EXECUTING
04:33:51 INFO  State of operation 21239047 : EXECUTING
04:33:54 INFO  State of operation 21239047 : EXECUTING
04:33:56 INFO  State of operation 21239047 : EXECUTING
04:34:00 INFO  State of operation 21239047 : EXECUTING
04:34:02 INFO  State of operation 21239047 : EXECUTING
04:34:05 INFO  State of operation 21239047 : EXECUTING
04:34:07 INFO  State of operation 21239047 : EXECUTING
04:34:10 INFO  State of operation 21239047 : EXECUTING
04:34:12 INFO  State of operation 21239047 : EXECUTING
04:34:14 INFO  State of operation 21239047 : EXECUTING
04:34:16 INFO  State of operation 21239047 : EXECUTING
04:34:19 INFO  State of operation 21239047 : EXECUTING
04:34:21 INFO  State of operation 21239047 : EXECUTING
04:34:23 INFO  State of operation 21239047 : SUCCESSFUL
04:34:23 INFO  Assert that (False == value) with value=False ... passed
04:34:24 INFO  Package asciijump is installed
04:34:24 INFO  Assert that (True == value) with value=True ... passed
04:34:24 INFO  Package squirrel3 is installed
04:34:24 INFO  Assert that (True == value) with value=True ... passed
04:34:24 INFO  Package robotfindskitten is installed
04:34:24 INFO  Assert that (True == value) with value=True ... passed
04:34:24 INFO  Response status: 201
04:34:24 INFO  Response to action: {
    "delivery": {
        "log": [],
        "time": "2022-07-22T04:34:24.722Z",
        "status": "PENDING"
    },
    "creationTime": "2022-07-22T04:34:24.706Z",
    "deviceId": "21231014",
    "deviceName": "m32sd10d",
    "self": "https://t493319102.eu-latest.cumulocity.com/devicecontrol/operations/21239062",
    "id": "21239062",
    "status": "PENDING",
    "description": "Apply software changes, triggered from PySys: [{'action': 'delete', 'id': '5475369', 'name': 'asciijump', 'url': ' ', 'version': '::apt'}, {'action': 'delete', 'id': '5474869', 'name': 'robotfindskitten', 'url': ' ', 'version': '::apt'}, {'action': 'delete', 'id': '5475279', 'name': 'squirrel3', 'url': ' ', 'version': '::apt'}]",
    "c8y_SoftwareUpdate": [
        {
            "name": "asciijump",
            "action": "delete",
            "id": "5475369",
            "version": "::apt",
            "url": " "
        },
        {
            "name": "robotfindskitten",
            "action": "delete",
            "id": "5474869",
            "version": "::apt",
            "url": " "
        },
        {
            "name": "squirrel3",
            "action": "delete",
            "id": "5475279",
            "version": "::apt",
            "url": " "
        }
    ]
}
04:34:24 INFO  Started operation: {'delivery': {'log': [], 'time': '2022-07-22T04:34:24.722Z', 'status': 'PENDING'}, 'creationTime': '2022-07-22T04:34:24.706Z', 'deviceId': '21231014', 'deviceName': 'm32sd10d', 'self': 'https://t493319102.eu-latest.cumulocity.com/devicecontrol/operations/21239062', 'id': '21239062', 'status': 'PENDING', 'description': "Apply software changes, triggered from PySys: [{'action': 'delete', 'id': '5475369', 'name': 'asciijump', 'url': ' ', 'version': '::apt'}, {'action': 'delete', 'id': '5474869', 'name': 'robotfindskitten', 'url': ' ', 'version': '::apt'}, {'action': 'delete', 'id': '5475279', 'name': 'squirrel3', 'url': ' ', 'version': '::apt'}]", 'c8y_SoftwareUpdate': [{'name': 'asciijump', 'action': 'delete', 'id': '5475369', 'version': '::apt', 'url': ' '}, {'name': 'robotfindskitten', 'action': 'delete', 'id': '5474869', 'version': '::apt', 'url': ' '}, {'name': 'squirrel3', 'action': 'delete', 'id': '5475279', 'version': '::apt', 'url': ' '}]}
04:34:26 INFO  State of operation 21239062 : PENDING
04:34:29 INFO  State of operation 21239062 : EXECUTING
04:34:31 INFO  State of operation 21239062 : EXECUTING
04:34:33 INFO  State of operation 21239062 : EXECUTING
04:34:35 INFO  State of operation 21239062 : EXECUTING
04:34:38 INFO  State of operation 21239062 : EXECUTING
04:34:40 INFO  State of operation 21239062 : EXECUTING
04:34:43 INFO  State of operation 21239062 : EXECUTING
04:34:45 INFO  State of operation 21239062 : EXECUTING
04:34:48 INFO  State of operation 21239062 : EXECUTING
04:34:50 INFO  State of operation 21239062 : EXECUTING
04:34:52 INFO  State of operation 21239062 : EXECUTING
04:34:54 INFO  State of operation 21239062 : EXECUTING
04:34:57 INFO  State of operation 21239062 : EXECUTING
04:34:59 INFO  State of operation 21239062 : EXECUTING
04:35:02 INFO  State of operation 21239062 : EXECUTING
04:35:04 INFO  State of operation 21239062 : EXECUTING
04:35:07 INFO  State of operation 21239062 : EXECUTING
04:35:09 INFO  State of operation 21239062 : EXECUTING
04:35:11 INFO  State of operation 21239062 : EXECUTING
04:35:13 INFO  State of operation 21239062 : EXECUTING
04:35:16 INFO  State of operation 21239062 : EXECUTING
04:35:18 INFO  State of operation 21239062 : EXECUTING
04:35:20 INFO  State of operation 21239062 : EXECUTING
04:35:23 INFO  State of operation 21239062 : EXECUTING
04:35:25 INFO  State of operation 21239062 : EXECUTING
04:35:27 INFO  State of operation 21239062 : EXECUTING
04:35:30 INFO  State of operation 21239062 : SUCCESSFUL
04:35:30 INFO  Assert that (False == value) with value=False ... passed
04:35:30 INFO  Assert that (False == value) with value=False ... passed
04:35:30 INFO  Assert that (False == value) with value=False ... passed
04:35:31 INFO  Assert that (False == value) with value=False ... passed
04:35:31 INFO  
04:35:31 INFO  cleanup:
04:35:35 INFO  Executed sudo&lt;tedge_disconnect_c8y&gt;, exit status 0
04:35:35 INFO  Executed systemctl&lt;serv_mapper5&gt;, exit status 3
04:35:35 INFO  
04:35:35 INFO  Test duration: 179.96 secs
04:35:35 INFO  Test final outcome:  FAILED
04:35:35 INFO  Test outcome reason: Assert that (False == value) with value=True
04:35:35 INFO  
</system-out>
	</testcase>
<testcase classname="PySysTest" name="SoftwareManagement.sm_apt_install_remove_multiple">
		<failure message="FAILED: Assert that (False == value) with value=True (+2 other failures)" type="FAILED" />
		<system-out>04:59:19 INFO  ==============================================================
04:59:19 INFO  Id:    SoftwareManagement.sm_apt_install_remove_multiple
04:59:19 INFO  Dir:   software_management_end_to_end/
04:59:19 INFO  Title: Validate end to end behaviour for the apt plugin for multiple packages
04:59:19 INFO  ==============================================================
04:59:19 INFO  Using sw id database: {'asciijump': '5475369', 'robotfindskitten': '5474869', 'squirrel3': '5475279', 'rolldice': '5152439', 'moon-buggy': '5439204', 'apple': '5495053', 'banana': '5494888', 'cherry': '5495382', 'watermelon': '5494510', 'registry': '8018911', 'hello-world': '8021526', 'docker/getting-started': '8021973', 'alpine': '7991792'}
04:59:19 INFO  EnvironmentC8y Setup
04:59:19 INFO  Executed systemctl&lt;serv_mapper1&gt;, exit status 3
04:59:19 INFO  Restarting mosquitto too frequently in the last 10 seconds. It was only up for 4 seconds
04:59:19 INFO  Delaying execution by 7 seconds
04:59:41 INFO  Executed sudo&lt;tedge_connect_c8y&gt;, exit status 0, duration 14 secs
04:59:41 INFO  Executed sudo&lt;tedge_connect_c8y_test&gt;, exit status 0
04:59:42 INFO  Executed systemctl&lt;serv_mosq2&gt;, exit status 0
04:59:42 INFO  Executed systemctl&lt;serv_mapper3&gt;, exit status 0
04:59:45 INFO  State of current operation: SUCCESSFUL
04:59:45 INFO  Assert that (False == value) with value=False ... passed
04:59:45 INFO  Package asciijump is installed
04:59:45 WARN  Assert that (False == value) with value=True ... failed 
04:59:46 INFO  Package squirrel3 is installed
04:59:46 WARN  Assert that (False == value) with value=True ... failed 
04:59:46 INFO  Package robotfindskitten is installed
04:59:46 WARN  Assert that (False == value) with value=True ... failed 
04:59:46 INFO  Response status: 201
04:59:46 INFO  Response to action: {
    "creationTime": "2022-07-22T04:59:46.509Z",
    "deviceId": "21231014",
    "deviceName": "m32sd10d",
    "self": "https://t493319102.eu-latest.cumulocity.com/devicecontrol/operations/21244239",
    "id": "21244239",
    "status": "PENDING",
    "description": "Apply software changes, triggered from PySys: [{'action': 'install', 'id': '5475369', 'name': 'asciijump', 'url': ' ', 'version': '::apt'}, {'action': 'install', 'id': '5474869', 'name': 'robotfindskitten', 'url': ' ', 'version': '::apt'}, {'action': 'install', 'id': '5475279', 'name': 'squirrel3', 'url': ' ', 'version': '::apt'}]",
    "c8y_SoftwareUpdate": [
        {
            "name": "asciijump",
            "action": "install",
            "id": "5475369",
            "version": "::apt",
            "url": " "
        },
        {
            "name": "robotfindskitten",
            "action": "install",
            "id": "5474869",
            "version": "::apt",
            "url": " "
        },
        {
            "name": "squirrel3",
            "action": "install",
            "id": "5475279",
            "version": "::apt",
            "url": " "
        }
    ]
}
04:59:46 INFO  Started operation: {'creationTime': '2022-07-22T04:59:46.509Z', 'deviceId': '21231014', 'deviceName': 'm32sd10d', 'self': 'https://t493319102.eu-latest.cumulocity.com/devicecontrol/operations/21244239', 'id': '21244239', 'status': 'PENDING', 'description': "Apply software changes, triggered from PySys: [{'action': 'install', 'id': '5475369', 'name': 'asciijump', 'url': ' ', 'version': '::apt'}, {'action': 'install', 'id': '5474869', 'name': 'robotfindskitten', 'url': ' ', 'version': '::apt'}, {'action': 'install', 'id': '5475279', 'name': 'squirrel3', 'url': ' ', 'version': '::apt'}]", 'c8y_SoftwareUpdate': [{'name': 'asciijump', 'action': 'install', 'id': '5475369', 'version': '::apt', 'url': ' '}, {'name': 'robotfindskitten', 'action': 'install', 'id': '5474869', 'version': '::apt', 'url': ' '}, {'name': 'squirrel3', 'action': 'install', 'id': '5475279', 'version': '::apt', 'url': ' '}]}
04:59:48 INFO  State of operation 21244239 : PENDING
04:59:51 INFO  State of operation 21244239 : EXECUTING
04:59:53 INFO  State of operation 21244239 : EXECUTING
04:59:55 INFO  State of operation 21244239 : EXECUTING
04:59:57 INFO  State of operation 21244239 : EXECUTING
04:59:59 INFO  State of operation 21244239 : EXECUTING
05:00:02 INFO  State of operation 21244239 : EXECUTING
05:00:05 INFO  State of operation 21244239 : EXECUTING
05:00:07 INFO  State of operation 21244239 : EXECUTING
05:00:10 INFO  State of operation 21244239 : EXECUTING
05:00:12 INFO  State of operation 21244239 : EXECUTING
05:00:14 INFO  State of operation 21244239 : EXECUTING
05:00:17 INFO  State of operation 21244239 : EXECUTING
05:00:19 INFO  State of operation 21244239 : EXECUTING
05:00:21 INFO  State of operation 21244239 : EXECUTING
05:00:23 INFO  State of operation 21244239 : SUCCESSFUL
05:00:23 INFO  Assert that (False == value) with value=False ... passed
05:00:24 INFO  Package asciijump is installed
05:00:24 INFO  Assert that (True == value) with value=True ... passed
05:00:24 INFO  Package squirrel3 is installed
05:00:24 INFO  Assert that (True == value) with value=True ... passed
05:00:24 INFO  Package robotfindskitten is installed
05:00:24 INFO  Assert that (True == value) with value=True ... passed
05:00:24 INFO  Response status: 201
05:00:24 INFO  Response to action: {
    "creationTime": "2022-07-22T05:00:24.813Z",
    "deviceId": "21231014",
    "deviceName": "m32sd10d",
    "self": "https://t493319102.eu-latest.cumulocity.com/devicecontrol/operations/21244251",
    "id": "21244251",
    "status": "PENDING",
    "description": "Apply software changes, triggered from PySys: [{'action': 'delete', 'id': '5475369', 'name': 'asciijump', 'url': ' ', 'version': '::apt'}, {'action': 'delete', 'id': '5474869', 'name': 'robotfindskitten', 'url': ' ', 'version': '::apt'}, {'action': 'delete', 'id': '5475279', 'name': 'squirrel3', 'url': ' ', 'version': '::apt'}]",
    "c8y_SoftwareUpdate": [
        {
            "name": "asciijump",
            "action": "delete",
            "id": "5475369",
            "version": "::apt",
            "url": " "
        },
        {
            "name": "robotfindskitten",
            "action": "delete",
            "id": "5474869",
            "version": "::apt",
            "url": " "
        },
        {
            "name": "squirrel3",
            "action": "delete",
            "id": "5475279",
            "version": "::apt",
            "url": " "
        }
    ]
}
05:00:24 INFO  Started operation: {'creationTime': '2022-07-22T05:00:24.813Z', 'deviceId': '21231014', 'deviceName': 'm32sd10d', 'self': 'https://t493319102.eu-latest.cumulocity.com/devicecontrol/operations/21244251', 'id': '21244251', 'status': 'PENDING', 'description': "Apply software changes, triggered from PySys: [{'action': 'delete', 'id': '5475369', 'name': 'asciijump', 'url': ' ', 'version': '::apt'}, {'action': 'delete', 'id': '5474869', 'name': 'robotfindskitten', 'url': ' ', 'version': '::apt'}, {'action': 'delete', 'id': '5475279', 'name': 'squirrel3', 'url': ' ', 'version': '::apt'}]", 'c8y_SoftwareUpdate': [{'name': 'asciijump', 'action': 'delete', 'id': '5475369', 'version': '::apt', 'url': ' '}, {'name': 'robotfindskitten', 'action': 'delete', 'id': '5474869', 'version': '::apt', 'url': ' '}, {'name': 'squirrel3', 'action': 'delete', 'id': '5475279', 'version': '::apt', 'url': ' '}]}
05:00:27 INFO  State of operation 21244251 : PENDING
05:00:29 INFO  State of operation 21244251 : EXECUTING
05:00:31 INFO  State of operation 21244251 : EXECUTING
05:00:33 INFO  State of operation 21244251 : EXECUTING
05:00:36 INFO  State of operation 21244251 : EXECUTING
05:00:38 INFO  State of operation 21244251 : EXECUTING
05:00:41 INFO  State of operation 21244251 : EXECUTING
05:00:43 INFO  State of operation 21244251 : EXECUTING
05:00:46 INFO  State of operation 21244251 : EXECUTING
05:00:48 INFO  State of operation 21244251 : EXECUTING
05:00:50 INFO  State of operation 21244251 : EXECUTING
05:00:53 INFO  State of operation 21244251 : EXECUTING
05:00:55 INFO  State of operation 21244251 : EXECUTING
05:00:57 INFO  State of operation 21244251 : EXECUTING
05:00:59 INFO  State of operation 21244251 : EXECUTING
05:01:02 INFO  State of operation 21244251 : EXECUTING
05:01:04 INFO  State of operation 21244251 : EXECUTING
05:01:07 INFO  State of operation 21244251 : EXECUTING
05:01:09 INFO  State of operation 21244251 : EXECUTING
05:01:12 INFO  State of operation 21244251 : EXECUTING
05:01:14 INFO  State of operation 21244251 : EXECUTING
05:01:16 INFO  State of operation 21244251 : EXECUTING
05:01:18 INFO  State of operation 21244251 : EXECUTING
05:01:21 INFO  State of operation 21244251 : EXECUTING
05:01:23 INFO  State of operation 21244251 : EXECUTING
05:01:25 INFO  State of operation 21244251 : EXECUTING
05:01:28 INFO  State of operation 21244251 : EXECUTING
05:01:30 INFO  State of operation 21244251 : EXECUTING
05:01:32 INFO  State of operation 21244251 : SUCCESSFUL
05:01:33 INFO  Assert that (False == value) with value=False ... passed
05:01:33 INFO  Assert that (False == value) with value=False ... passed
05:01:33 INFO  Assert that (False == value) with value=False ... passed
05:01:33 INFO  Assert that (False == value) with value=False ... passed
05:01:33 INFO  
05:01:33 INFO  cleanup:
05:01:37 INFO  Executed sudo&lt;tedge_disconnect_c8y&gt;, exit status 0
05:01:38 INFO  Executed systemctl&lt;serv_mapper5&gt;, exit status 3
05:01:38 INFO  
05:01:38 INFO  Test duration: 139.12 secs
05:01:38 INFO  Test final outcome:  FAILED
05:01:38 INFO  Test outcome reason: Assert that (False == value) with value=True (+2 other failures)
05:01:38 INFO  
</system-out>
	</testcase>
</testsuite><testsuite name="SoftwareManagement.sm_apt_install_remove_multiple_mixed" tests="3" errors="0" failures="2" skipped="1" time="0"><testcase classname="PySysTest" name="SoftwareManagement.sm_apt_install_remove_multiple_mixed">
		<skipped message="SKIPPED: Testing the apt plugin is not supported on this platform.Use parameter -XmyPlatform='container' to enable it" />
		<system-out>04:00:39 INFO  ==============================================================
04:00:39 INFO  Id:    SoftwareManagement.sm_apt_install_remove_multiple_mixed
04:00:39 INFO  Dir:   software_management_end_to_end/
04:00:39 INFO  Title: Validate end to end behaviour for the apt plugin for multiple packages with mixed versions
04:00:39 INFO  ==============================================================
04:00:39 INFO  Testing the apt plugin is not supported on this platform.Use parameter -XmyPlatform='container' to enable it ... skipped
04:00:39 WARN  Aborted test due to SKIPPED outcome
04:00:39 INFO  
04:00:39 INFO  Test duration: 0.03 secs
04:00:39 INFO  Test final outcome:  SKIPPED
04:00:39 INFO  Test outcome reason: Testing the apt plugin is not supported on this platform.Use parameter -XmyPlatform='container' to enable it
04:00:39 INFO  
</system-out>
	</testcase>
<testcase classname="PySysTest" name="SoftwareManagement.sm_apt_install_remove_multiple_mixed">
		<failure message="BLOCKED: SystemError: Timeout while waiting for status SUCCESSFUL or False" type="BLOCKED" />
		<system-out>04:35:35 INFO  ==============================================================
04:35:35 INFO  Id:    SoftwareManagement.sm_apt_install_remove_multiple_mixed
04:35:35 INFO  Dir:   software_management_end_to_end/
04:35:35 INFO  Title: Validate end to end behaviour for the apt plugin for multiple packages with mixed versions
04:35:35 INFO  ==============================================================
04:35:35 INFO  Using sw id database: {'asciijump': '5475369', 'robotfindskitten': '5474869', 'squirrel3': '5475279', 'rolldice': '5152439', 'moon-buggy': '5439204', 'apple': '5495053', 'banana': '5494888', 'cherry': '5495382', 'watermelon': '5494510', 'registry': '8018911', 'hello-world': '8021526', 'docker/getting-started': '8021973', 'alpine': '7991792'}
04:35:35 INFO  EnvironmentC8y Setup
04:35:36 INFO  Executed systemctl&lt;serv_mapper1&gt;, exit status 3
04:35:36 INFO  Restarting mosquitto too frequently in the last 10 seconds. It was only up for 5 seconds
04:35:36 INFO  Delaying execution by 6 seconds
04:35:56 INFO  Executed sudo&lt;tedge_connect_c8y&gt;, exit status 0, duration 13 secs
04:35:56 INFO  Executed sudo&lt;tedge_connect_c8y_test&gt;, exit status 0
04:35:57 INFO  Executed systemctl&lt;serv_mosq2&gt;, exit status 0
04:35:57 INFO  Executed systemctl&lt;serv_mapper3&gt;, exit status 0
04:36:00 INFO  State of current operation: SUCCESSFUL
04:36:00 INFO  Assert that (False == value) with value=False ... passed
04:36:01 INFO  Assert that (False == value) with value=False ... passed
04:36:01 INFO  Assert that (False == value) with value=False ... passed
04:36:01 INFO  Assert that (False == value) with value=False ... passed
04:36:02 INFO  Assert that (False == value) with value=False ... passed
04:36:03 INFO  Response status: 201
04:36:03 INFO  Response to action: {
    "creationTime": "2022-07-22T04:36:03.369Z",
    "deviceId": "21231014",
    "deviceName": "m32sd10d",
    "self": "https://t493319102.eu-latest.cumulocity.com/devicecontrol/operations/21239079",
    "id": "21239079",
    "status": "PENDING",
    "description": "Apply software changes, triggered from PySys: [{'action': 'install', 'id': '5475369', 'name': 'asciijump', 'url': ' ', 'version': '::apt'}, {'action': 'install', 'id': '5474869', 'name': 'robotfindskitten', 'url': ' ', 'version': ' '}, {'action': 'install', 'id': '5475279', 'name': 'squirrel3', 'url': ' ', 'version': '3.1-7::apt'}, {'action': 'install', 'id': '5152439', 'name': 'rolldice', 'url': ' ', 'version': '1.16-1+b1'}, {'action': 'install', 'id': '5439204', 'name': 'moon-buggy', 'url': ' ', 'version': '1:1.0.51-12'}, {'action': 'install', 'id': '5475369', 'name': 'asciijump', 'url': ' ', 'version': '::apt'}]",
    "c8y_SoftwareUpdate": [
        {
            "name": "asciijump",
            "action": "install",
            "id": "5475369",
            "version": "::apt",
            "url": " "
        },
        {
            "name": "robotfindskitten",
            "action": "install",
            "id": "5474869",
            "version": " ",
            "url": " "
        },
        {
            "name": "squirrel3",
            "action": "install",
            "id": "5475279",
            "version": "3.1-7::apt",
            "url": " "
        },
        {
            "name": "rolldice",
            "action": "install",
            "id": "5152439",
            "version": "1.16-1+b1",
            "url": " "
        },
        {
            "name": "moon-buggy",
            "action": "install",
            "id": "5439204",
            "version": "1:1.0.51-12",
            "url": " "
        },
        {
            "name": "asciijump",
            "action": "install",
            "id": "5475369",
            "version": "::apt",
            "url": " "
        }
    ]
}
04:36:03 INFO  Started operation: {'creationTime': '2022-07-22T04:36:03.369Z', 'deviceId': '21231014', 'deviceName': 'm32sd10d', 'self': 'https://t493319102.eu-latest.cumulocity.com/devicecontrol/operations/21239079', 'id': '21239079', 'status': 'PENDING', 'description': "Apply software changes, triggered from PySys: [{'action': 'install', 'id': '5475369', 'name': 'asciijump', 'url': ' ', 'version': '::apt'}, {'action': 'install', 'id': '5474869', 'name': 'robotfindskitten', 'url': ' ', 'version': ' '}, {'action': 'install', 'id': '5475279', 'name': 'squirrel3', 'url': ' ', 'version': '3.1-7::apt'}, {'action': 'install', 'id': '5152439', 'name': 'rolldice', 'url': ' ', 'version': '1.16-1+b1'}, {'action': 'install', 'id': '5439204', 'name': 'moon-buggy', 'url': ' ', 'version': '1:1.0.51-12'}, {'action': 'install', 'id': '5475369', 'name': 'asciijump', 'url': ' ', 'version': '::apt'}]", 'c8y_SoftwareUpdate': [{'name': 'asciijump', 'action': 'install', 'id': '5475369', 'version': '::apt', 'url': ' '}, {'name': 'robotfindskitten', 'action': 'install', 'id': '5474869', 'version': ' ', 'url': ' '}, {'name': 'squirrel3', 'action': 'install', 'id': '5475279', 'version': '3.1-7::apt', 'url': ' '}, {'name': 'rolldice', 'action': 'install', 'id': '5152439', 'version': '1.16-1+b1', 'url': ' '}, {'name': 'moon-buggy', 'action': 'install', 'id': '5439204', 'version': '1:1.0.51-12', 'url': ' '}, {'name': 'asciijump', 'action': 'install', 'id': '5475369', 'version': '::apt', 'url': ' '}]}
04:36:05 INFO  State of operation 21239079 : PENDING
04:36:07 INFO  State of operation 21239079 : EXECUTING
04:36:10 INFO  State of operation 21239079 : EXECUTING
04:36:12 INFO  State of operation 21239079 : EXECUTING
04:36:14 INFO  State of operation 21239079 : EXECUTING
04:36:16 INFO  State of operation 21239079 : EXECUTING
04:36:19 INFO  State of operation 21239079 : EXECUTING
04:36:22 INFO  State of operation 21239079 : EXECUTING
04:36:24 INFO  State of operation 21239079 : EXECUTING
04:36:27 INFO  State of operation 21239079 : EXECUTING
04:36:29 INFO  State of operation 21239079 : EXECUTING
04:36:31 INFO  State of operation 21239079 : EXECUTING
04:36:33 INFO  State of operation 21239079 : EXECUTING
04:36:36 INFO  State of operation 21239079 : EXECUTING
04:36:38 INFO  State of operation 21239079 : EXECUTING
04:36:40 INFO  State of operation 21239079 : EXECUTING
04:36:43 INFO  State of operation 21239079 : EXECUTING
04:36:45 INFO  State of operation 21239079 : EXECUTING
04:36:48 INFO  State of operation 21239079 : EXECUTING
04:36:50 INFO  State of operation 21239079 : EXECUTING
04:36:52 INFO  State of operation 21239079 : EXECUTING
04:36:55 INFO  State of operation 21239079 : EXECUTING
04:36:57 INFO  State of operation 21239079 : EXECUTING
04:37:00 INFO  State of operation 21239079 : EXECUTING
04:37:02 INFO  State of operation 21239079 : EXECUTING
04:37:05 INFO  State of operation 21239079 : EXECUTING
04:37:07 INFO  State of operation 21239079 : EXECUTING
04:37:10 INFO  State of operation 21239079 : EXECUTING
04:37:12 INFO  State of operation 21239079 : EXECUTING
04:37:14 INFO  State of operation 21239079 : EXECUTING
04:37:17 INFO  State of operation 21239079 : EXECUTING
04:37:19 INFO  State of operation 21239079 : EXECUTING
04:37:21 INFO  State of operation 21239079 : EXECUTING
04:37:23 INFO  State of operation 21239079 : EXECUTING
04:37:25 INFO  State of operation 21239079 : EXECUTING
04:37:28 INFO  State of operation 21239079 : EXECUTING
04:37:30 INFO  State of operation 21239079 : EXECUTING
04:37:33 INFO  State of operation 21239079 : EXECUTING
04:37:36 INFO  State of operation 21239079 : EXECUTING
04:37:38 INFO  State of operation 21239079 : EXECUTING
04:37:40 INFO  State of operation 21239079 : EXECUTING
04:37:43 INFO  State of operation 21239079 : EXECUTING
04:37:45 INFO  State of operation 21239079 : EXECUTING
04:37:47 INFO  State of operation 21239079 : EXECUTING
04:37:49 INFO  State of operation 21239079 : EXECUTING
04:37:52 INFO  State of operation 21239079 : EXECUTING
04:37:54 INFO  State of operation 21239079 : EXECUTING
04:37:56 INFO  State of operation 21239079 : EXECUTING
04:37:59 INFO  State of operation 21239079 : EXECUTING
04:38:01 INFO  State of operation 21239079 : EXECUTING
04:38:04 INFO  State of operation 21239079 : EXECUTING
04:38:06 INFO  State of operation 21239079 : EXECUTING
04:38:09 INFO  State of operation 21239079 : EXECUTING
04:38:11 INFO  State of operation 21239079 : EXECUTING
04:38:14 INFO  State of operation 21239079 : EXECUTING
04:38:16 INFO  State of operation 21239079 : EXECUTING
04:38:19 INFO  State of operation 21239079 : EXECUTING
04:38:21 INFO  State of operation 21239079 : EXECUTING
04:38:24 INFO  State of operation 21239079 : EXECUTING
04:38:26 INFO  State of operation 21239079 : EXECUTING
04:38:29 INFO  State of operation 21239079 : EXECUTING
04:38:31 WARN  SystemError occurred while running test - Timeout while waiting for status SUCCESSFUL or False
Traceback (most recent call last):
  File "/home/pi/env-pysys/lib/python3.7/site-packages/pysys/baserunner.py", line 1294, in __call__
    self.testObj.execute()
  File "/home/pi/actions-runner/_work/thin-edge.io/thin-edge.io/tests/PySys/software_management_end_to_end/sm_apt_install_remove_multiple_mixed/run.py", line 89, in execute
    self.wait_until_succcess()
  File "/home/pi/actions-runner/_work/thin-edge.io/thin-edge.io/tests/PySys/software_management_end_to_end/environment_sm_management.py", line 324, in wait_until_succcess
    self.wait_until_status("SUCCESSFUL")
  File "/home/pi/actions-runner/_work/thin-edge.io/thin-edge.io/tests/PySys/software_management_end_to_end/environment_sm_management.py", line 381, in wait_until_status
    "Timeout while waiting for status %s or %s" % (status, status2)
SystemError: Timeout while waiting for status SUCCESSFUL or False
04:38:31 WARN  SystemError: Timeout while waiting for status SUCCESSFUL or False ... blocked 
04:38:31 INFO  
04:38:31 INFO  cleanup:
04:38:35 INFO  Executed sudo&lt;tedge_disconnect_c8y&gt;, exit status 0
04:38:36 INFO  Executed systemctl&lt;serv_mapper5&gt;, exit status 3
04:38:36 INFO  
04:38:36 INFO  Test duration: 180.11 secs
04:38:36 INFO  Test final outcome:  BLOCKED
04:38:36 INFO  Test outcome reason: SystemError: Timeout while waiting for status SUCCESSFUL or False
04:38:36 INFO  
</system-out>
	</testcase>
<testcase classname="PySysTest" name="SoftwareManagement.sm_apt_install_remove_multiple_mixed">
		<failure message="BLOCKED: SystemError: Timeout while waiting for status SUCCESSFUL or False (+1 other failures)" type="BLOCKED" />
		<system-out>05:01:38 INFO  ==============================================================
05:01:38 INFO  Id:    SoftwareManagement.sm_apt_install_remove_multiple_mixed
05:01:38 INFO  Dir:   software_management_end_to_end/
05:01:38 INFO  Title: Validate end to end behaviour for the apt plugin for multiple packages with mixed versions
05:01:38 INFO  ==============================================================
05:01:38 INFO  Using sw id database: {'asciijump': '5475369', 'robotfindskitten': '5474869', 'squirrel3': '5475279', 'rolldice': '5152439', 'moon-buggy': '5439204', 'apple': '5495053', 'banana': '5494888', 'cherry': '5495382', 'watermelon': '5494510', 'registry': '8018911', 'hello-world': '8021526', 'docker/getting-started': '8021973', 'alpine': '7991792'}
05:01:38 INFO  EnvironmentC8y Setup
05:01:39 INFO  Executed systemctl&lt;serv_mapper1&gt;, exit status 3
05:01:39 INFO  Restarting mosquitto too frequently in the last 10 seconds. It was only up for 5 seconds
05:01:39 INFO  Delaying execution by 6 seconds
05:01:59 INFO  Executed sudo&lt;tedge_connect_c8y&gt;, exit status 0, duration 13 secs
05:01:59 INFO  Executed sudo&lt;tedge_connect_c8y_test&gt;, exit status 0
05:02:00 INFO  Executed systemctl&lt;serv_mosq2&gt;, exit status 0
05:02:00 INFO  Executed systemctl&lt;serv_mapper3&gt;, exit status 0
05:02:02 INFO  State of current operation: SUCCESSFUL
05:02:03 INFO  Assert that (False == value) with value=False ... passed
05:02:03 INFO  Assert that (False == value) with value=False ... passed
05:02:03 INFO  Assert that (False == value) with value=False ... passed
05:02:03 INFO  Assert that (False == value) with value=False ... passed
05:02:03 INFO  Package moon-buggy is installed
05:02:03 WARN  Assert that (False == value) with value=True ... failed 
05:02:05 INFO  Response status: 201
05:02:05 INFO  Response to action: {
    "delivery": {
        "log": [],
        "time": "2022-07-22T05:02:05.279Z",
        "status": "PENDING"
    },
    "creationTime": "2022-07-22T05:02:05.256Z",
    "deviceId": "21231014",
    "deviceName": "m32sd10d",
    "self": "https://t493319102.eu-latest.cumulocity.com/devicecontrol/operations/21244260",
    "id": "21244260",
    "status": "PENDING",
    "description": "Apply software changes, triggered from PySys: [{'action': 'install', 'id': '5475369', 'name': 'asciijump', 'url': ' ', 'version': '::apt'}, {'action': 'install', 'id': '5474869', 'name': 'robotfindskitten', 'url': ' ', 'version': ' '}, {'action': 'install', 'id': '5475279', 'name': 'squirrel3', 'url': ' ', 'version': '3.1-7::apt'}, {'action': 'install', 'id': '5152439', 'name': 'rolldice', 'url': ' ', 'version': '1.16-1+b1'}, {'action': 'install', 'id': '5439204', 'name': 'moon-buggy', 'url': ' ', 'version': '1:1.0.51-12'}, {'action': 'install', 'id': '5475369', 'name': 'asciijump', 'url': ' ', 'version': '::apt'}]",
    "c8y_SoftwareUpdate": [
        {
            "name": "asciijump",
            "action": "install",
            "id": "5475369",
            "version": "::apt",
            "url": " "
        },
        {
            "name": "robotfindskitten",
            "action": "install",
            "id": "5474869",
            "version": " ",
            "url": " "
        },
        {
            "name": "squirrel3",
            "action": "install",
            "id": "5475279",
            "version": "3.1-7::apt",
            "url": " "
        },
        {
            "name": "rolldice",
            "action": "install",
            "id": "5152439",
            "version": "1.16-1+b1",
            "url": " "
        },
        {
            "name": "moon-buggy",
            "action": "install",
            "id": "5439204",
            "version": "1:1.0.51-12",
            "url": " "
        },
        {
            "name": "asciijump",
            "action": "install",
            "id": "5475369",
            "version": "::apt",
            "url": " "
        }
    ]
}
05:02:05 INFO  Started operation: {'delivery': {'log': [], 'time': '2022-07-22T05:02:05.279Z', 'status': 'PENDING'}, 'creationTime': '2022-07-22T05:02:05.256Z', 'deviceId': '21231014', 'deviceName': 'm32sd10d', 'self': 'https://t493319102.eu-latest.cumulocity.com/devicecontrol/operations/21244260', 'id': '21244260', 'status': 'PENDING', 'description': "Apply software changes, triggered from PySys: [{'action': 'install', 'id': '5475369', 'name': 'asciijump', 'url': ' ', 'version': '::apt'}, {'action': 'install', 'id': '5474869', 'name': 'robotfindskitten', 'url': ' ', 'version': ' '}, {'action': 'install', 'id': '5475279', 'name': 'squirrel3', 'url': ' ', 'version': '3.1-7::apt'}, {'action': 'install', 'id': '5152439', 'name': 'rolldice', 'url': ' ', 'version': '1.16-1+b1'}, {'action': 'install', 'id': '5439204', 'name': 'moon-buggy', 'url': ' ', 'version': '1:1.0.51-12'}, {'action': 'install', 'id': '5475369', 'name': 'asciijump', 'url': ' ', 'version': '::apt'}]", 'c8y_SoftwareUpdate': [{'name': 'asciijump', 'action': 'install', 'id': '5475369', 'version': '::apt', 'url': ' '}, {'name': 'robotfindskitten', 'action': 'install', 'id': '5474869', 'version': ' ', 'url': ' '}, {'name': 'squirrel3', 'action': 'install', 'id': '5475279', 'version': '3.1-7::apt', 'url': ' '}, {'name': 'rolldice', 'action': 'install', 'id': '5152439', 'version': '1.16-1+b1', 'url': ' '}, {'name': 'moon-buggy', 'action': 'install', 'id': '5439204', 'version': '1:1.0.51-12', 'url': ' '}, {'name': 'asciijump', 'action': 'install', 'id': '5475369', 'version': '::apt', 'url': ' '}]}
05:02:07 INFO  State of operation 21244260 : PENDING
05:02:09 INFO  State of operation 21244260 : EXECUTING
05:02:11 INFO  State of operation 21244260 : EXECUTING
05:02:14 INFO  State of operation 21244260 : EXECUTING
05:02:16 INFO  State of operation 21244260 : EXECUTING
05:02:18 INFO  State of operation 21244260 : EXECUTING
05:02:21 INFO  State of operation 21244260 : EXECUTING
05:02:24 INFO  State of operation 21244260 : EXECUTING
05:02:26 INFO  State of operation 21244260 : EXECUTING
05:02:29 INFO  State of operation 21244260 : EXECUTING
05:02:31 INFO  State of operation 21244260 : EXECUTING
05:02:33 INFO  State of operation 21244260 : EXECUTING
05:02:35 INFO  State of operation 21244260 : EXECUTING
05:02:38 INFO  State of operation 21244260 : EXECUTING
05:02:40 INFO  State of operation 21244260 : EXECUTING
05:02:42 INFO  State of operation 21244260 : EXECUTING
05:02:45 INFO  State of operation 21244260 : EXECUTING
05:02:47 INFO  State of operation 21244260 : EXECUTING
05:02:50 INFO  State of operation 21244260 : EXECUTING
05:02:52 INFO  State of operation 21244260 : EXECUTING
05:02:54 INFO  State of operation 21244260 : EXECUTING
05:02:57 INFO  State of operation 21244260 : EXECUTING
05:02:59 INFO  State of operation 21244260 : EXECUTING
05:03:02 INFO  State of operation 21244260 : EXECUTING
05:03:04 INFO  State of operation 21244260 : EXECUTING
05:03:06 INFO  State of operation 21244260 : EXECUTING
05:03:09 INFO  State of operation 21244260 : EXECUTING
05:03:11 INFO  State of operation 21244260 : EXECUTING
05:03:13 INFO  State of operation 21244260 : EXECUTING
05:03:15 INFO  State of operation 21244260 : EXECUTING
05:03:18 INFO  State of operation 21244260 : EXECUTING
05:03:20 INFO  State of operation 21244260 : EXECUTING
05:03:22 INFO  State of operation 21244260 : EXECUTING
05:03:24 INFO  State of operation 21244260 : EXECUTING
05:03:27 INFO  State of operation 21244260 : EXECUTING
05:03:29 INFO  State of operation 21244260 : EXECUTING
05:03:31 INFO  State of operation 21244260 : EXECUTING
05:03:33 INFO  State of operation 21244260 : EXECUTING
05:03:36 INFO  State of operation 21244260 : EXECUTING
05:03:39 INFO  State of operation 21244260 : EXECUTING
05:03:41 INFO  State of operation 21244260 : EXECUTING
05:03:43 INFO  State of operation 21244260 : EXECUTING
05:03:46 INFO  State of operation 21244260 : EXECUTING
05:03:48 INFO  State of operation 21244260 : EXECUTING
05:03:50 INFO  State of operation 21244260 : EXECUTING
05:03:52 INFO  State of operation 21244260 : EXECUTING
05:03:55 INFO  State of operation 21244260 : EXECUTING
05:03:57 INFO  State of operation 21244260 : EXECUTING
05:04:00 INFO  State of operation 21244260 : EXECUTING
05:04:02 INFO  State of operation 21244260 : EXECUTING
05:04:04 INFO  State of operation 21244260 : EXECUTING
05:04:06 INFO  State of operation 21244260 : EXECUTING
05:04:09 INFO  State of operation 21244260 : EXECUTING
05:04:11 INFO  State of operation 21244260 : EXECUTING
05:04:15 INFO  State of operation 21244260 : EXECUTING
05:04:17 INFO  State of operation 21244260 : EXECUTING
05:04:20 INFO  State of operation 21244260 : EXECUTING
05:04:22 INFO  State of operation 21244260 : EXECUTING
05:04:24 INFO  State of operation 21244260 : EXECUTING
05:04:27 INFO  State of operation 21244260 : EXECUTING
05:04:29 INFO  State of operation 21244260 : EXECUTING
05:04:31 WARN  SystemError occurred while running test - Timeout while waiting for status SUCCESSFUL or False
Traceback (most recent call last):
  File "/home/pi/env-pysys/lib/python3.7/site-packages/pysys/baserunner.py", line 1294, in __call__
    self.testObj.execute()
  File "/home/pi/actions-runner/_work/thin-edge.io/thin-edge.io/tests/PySys/software_management_end_to_end/sm_apt_install_remove_multiple_mixed/run.py", line 89, in execute
    self.wait_until_succcess()
  File "/home/pi/actions-runner/_work/thin-edge.io/thin-edge.io/tests/PySys/software_management_end_to_end/environment_sm_management.py", line 324, in wait_until_succcess
    self.wait_until_status("SUCCESSFUL")
  File "/home/pi/actions-runner/_work/thin-edge.io/thin-edge.io/tests/PySys/software_management_end_to_end/environment_sm_management.py", line 381, in wait_until_status
    "Timeout while waiting for status %s or %s" % (status, status2)
SystemError: Timeout while waiting for status SUCCESSFUL or False
05:04:31 WARN  SystemError: Timeout while waiting for status SUCCESSFUL or False ... blocked 
05:04:31 INFO  
05:04:31 INFO  cleanup:
05:04:36 INFO  Executed sudo&lt;tedge_disconnect_c8y&gt;, exit status 0
05:04:36 INFO  Executed systemctl&lt;serv_mapper5&gt;, exit status 3
05:04:36 INFO  
05:04:36 INFO  Test duration: 178.16 secs
05:04:36 INFO  Test final outcome:  BLOCKED
05:04:36 INFO  Test outcome reason: SystemError: Timeout while waiting for status SUCCESSFUL or False (+1 other failures)
05:04:36 INFO  
</system-out>
	</testcase>
</testsuite><testsuite name="SoftwareManagement.sm_apt_install_remove_with_version" tests="3" errors="0" failures="0" skipped="1" time="0"><testcase classname="PySysTest" name="SoftwareManagement.sm_apt_install_remove_with_version">
		<skipped message="SKIPPED: Testing the apt plugin is not supported on this platform.Use parameter -XmyPlatform='container' to enable it" />
		<system-out>04:00:39 INFO  ==============================================================
04:00:39 INFO  Id:    SoftwareManagement.sm_apt_install_remove_with_version
04:00:39 INFO  Dir:   software_management_end_to_end/
04:00:39 INFO  Title: Validate end to end behaviour for the apt plugin for packages with version
04:00:39 INFO  ==============================================================
04:00:39 INFO  Testing the apt plugin is not supported on this platform.Use parameter -XmyPlatform='container' to enable it ... skipped
04:00:39 WARN  Aborted test due to SKIPPED outcome
04:00:39 INFO  
04:00:39 INFO  Test duration: 0.02 secs
04:00:39 INFO  Test final outcome:  SKIPPED
04:00:39 INFO  Test outcome reason: Testing the apt plugin is not supported on this platform.Use parameter -XmyPlatform='container' to enable it
04:00:39 INFO  
</system-out>
	</testcase>
<testcase classname="PySysTest" name="SoftwareManagement.sm_apt_install_remove_with_version" />
<testcase classname="PySysTest" name="SoftwareManagement.sm_apt_install_remove_with_version" />
</testsuite><testsuite name="SoftwareManagement.sm_docker_install_remove_multiple" tests="3" errors="0" failures="0" skipped="1" time="0"><testcase classname="SMDockerInstallRemove" name="SoftwareManagement.sm_docker_install_remove_multiple">
		<skipped message="SKIPPED: Testing the apt plugin is not supported on this platform.Use parameter -XmyPlatform='container' to enable it" />
		<system-out>04:00:39 INFO  ==============================================================
04:00:39 INFO  Id:    SoftwareManagement.sm_docker_install_remove_multiple
04:00:39 INFO  Dir:   software_management_end_to_end/
04:00:39 INFO  Title: Validate end to end behaviour for the docker plugin for multiple docker images with mixed versions
04:00:39 INFO  ==============================================================
04:00:39 INFO  Testing the apt plugin is not supported on this platform.Use parameter -XmyPlatform='container' to enable it ... skipped
04:00:39 WARN  Aborted test due to SKIPPED outcome
04:00:39 INFO  
04:00:39 INFO  Test duration: 0.02 secs
04:00:39 INFO  Test final outcome:  SKIPPED
04:00:39 INFO  Test outcome reason: Testing the apt plugin is not supported on this platform.Use parameter -XmyPlatform='container' to enable it
04:00:39 INFO  
</system-out>
	</testcase>
<testcase classname="SMDockerInstallRemove" name="SoftwareManagement.sm_docker_install_remove_multiple" />
<testcase classname="SMDockerInstallRemove" name="SoftwareManagement.sm_docker_install_remove_multiple" />
</testsuite><testsuite name="SoftwareManagement.sm_fake_install_remove" tests="2" errors="0" failures="0" skipped="1" time="0"><testcase classname="PySysTest" name="SoftwareManagement.sm_fake_install_remove">
		<skipped message="SKIPPED: Testing the fake plugin is not enabled.Use parameter -Xfakeplugin=fakeplugin to enable it" />
		<system-out>04:00:39 INFO  ==============================================================
04:00:39 INFO  Id:    SoftwareManagement.sm_fake_install_remove
04:00:40 INFO  Dir:   software_management_end_to_end/
04:00:40 INFO  Title: Validate end to end behaviour for the dummy plugin for installation and removal of packages
04:00:40 INFO  ==============================================================
04:00:40 INFO  Testing the fake plugin is not enabled.Use parameter -Xfakeplugin=fakeplugin to enable it ... skipped
04:00:40 WARN  Aborted test due to SKIPPED outcome
04:00:40 INFO  
04:00:40 INFO  Test duration: 0.02 secs
04:00:40 INFO  Test final outcome:  SKIPPED
04:00:40 INFO  Test outcome reason: Testing the fake plugin is not enabled.Use parameter -Xfakeplugin=fakeplugin to enable it
04:00:40 INFO  
</system-out>
	</testcase>
<testcase classname="PySysTest" name="SoftwareManagement.sm_fake_install_remove" />
</testsuite><testsuite name="SoftwareManagement.sm_fake_install_remove_multiple" tests="2" errors="0" failures="0" skipped="1" time="0"><testcase classname="PySysTest" name="SoftwareManagement.sm_fake_install_remove_multiple">
		<skipped message="SKIPPED: Testing the fake plugin is not enabled.Use parameter -Xfakeplugin=fakeplugin to enable it" />
		<system-out>04:00:40 INFO  ==============================================================
04:00:40 INFO  Id:    SoftwareManagement.sm_fake_install_remove_multiple
04:00:40 INFO  Dir:   software_management_end_to_end/
04:00:40 INFO  Title: Validate end to end behaviour for the dummy-plugin for multiple packages
04:00:40 INFO  ==============================================================
04:00:40 INFO  Testing the fake plugin is not enabled.Use parameter -Xfakeplugin=fakeplugin to enable it ... skipped
04:00:40 WARN  Aborted test due to SKIPPED outcome
04:00:40 INFO  
04:00:40 INFO  Test duration: 0.02 secs
04:00:40 INFO  Test final outcome:  SKIPPED
04:00:40 INFO  Test outcome reason: Testing the fake plugin is not enabled.Use parameter -Xfakeplugin=fakeplugin to enable it
04:00:40 INFO  
</system-out>
	</testcase>
<testcase classname="PySysTest" name="SoftwareManagement.sm_fake_install_remove_multiple" />
</testsuite><testsuite name="SoftwareManagement.sm_mapper_fail_and_reconnect" tests="2" errors="0" failures="0" skipped="2" time="0"><testcase classname="MapperC8yReceiveLastMessageOnRestart" name="SoftwareManagement.sm_mapper_fail_and_reconnect">
		<skipped message="SKIPPED: instable https://github.com/thin-edge/thin-edge.io/issues/752" />
		<system-out>04:00:40 INFO  ==============================================================
04:00:40 INFO  Id:    SoftwareManagement.sm_mapper_fail_and_reconnect
04:00:40 INFO  Dir:   software_management_end_to_end/
04:00:40 INFO  Title: Validate the tedge-mapper-sm-c8y for receiving the last message on restart
04:00:40 INFO  ==============================================================
04:00:40 INFO  instable https://github.com/thin-edge/thin-edge.io/issues/752 ... skipped
04:00:40 INFO  
04:00:40 INFO  Test duration: 0.02 secs
04:00:40 INFO  Test final outcome:  SKIPPED
04:00:40 INFO  Test outcome reason: instable https://github.com/thin-edge/thin-edge.io/issues/752
04:00:40 INFO  
</system-out>
	</testcase>
<testcase classname="MapperC8yReceiveLastMessageOnRestart" name="SoftwareManagement.sm_mapper_fail_and_reconnect">
		<skipped message="SKIPPED: instable https://github.com/thin-edge/thin-edge.io/issues/752" />
		<system-out>05:11:15 INFO  ==============================================================
05:11:15 INFO  Id:    SoftwareManagement.sm_mapper_fail_and_reconnect
05:11:15 INFO  Dir:   software_management_end_to_end/
05:11:15 INFO  Title: Validate the tedge-mapper-sm-c8y for receiving the last message on restart
05:11:15 INFO  ==============================================================
05:11:15 INFO  instable https://github.com/thin-edge/thin-edge.io/issues/752 ... skipped
05:11:15 INFO  
05:11:15 INFO  Test duration: 0.02 secs
05:11:15 INFO  Test final outcome:  SKIPPED
05:11:15 INFO  Test outcome reason: instable https://github.com/thin-edge/thin-edge.io/issues/752
05:11:15 INFO  
</system-out>
	</testcase>
</testsuite><testsuite name="SoftwareManagement.sm_mixed_install_remove_multiple" tests="2" errors="0" failures="1" skipped="1" time="0"><testcase classname="PySysTest" name="SoftwareManagement.sm_mixed_install_remove_multiple">
		<skipped message="SKIPPED: Testing the fake plugin is not enabled.Use parameter -Xfakeplugin=fakeplugin to enable it" />
		<system-out>04:00:40 INFO  ==============================================================
04:00:40 INFO  Id:    SoftwareManagement.sm_mixed_install_remove_multiple
04:00:40 INFO  Dir:   software_management_end_to_end/
04:00:40 INFO  Title: Validate end to end behaviour for the dummy-plugin for multiple packages with mixed versions
04:00:40 INFO  ==============================================================
04:00:40 INFO  Testing the fake plugin is not enabled.Use parameter -Xfakeplugin=fakeplugin to enable it ... skipped
04:00:40 WARN  Aborted test due to SKIPPED outcome
04:00:40 INFO  
04:00:40 INFO  Test duration: 0.02 secs
04:00:40 INFO  Test final outcome:  SKIPPED
04:00:40 INFO  Test outcome reason: Testing the fake plugin is not enabled.Use parameter -Xfakeplugin=fakeplugin to enable it
04:00:40 INFO  
</system-out>
	</testcase>
<testcase classname="PySysTest" name="SoftwareManagement.sm_mixed_install_remove_multiple">
[...]
03:49:05 INFO  Executed sudo&lt;rm_tmp_logs&gt;, exit status 0
03:49:05 INFO  Executed sudo&lt;send_failed&gt;, exit status 0
03:49:06 INFO  Executed sudo&lt;log_file_daemon&gt;, exit status 0
03:49:10 INFO  Executed sudo&lt;tedge_disconnect_c8y&gt;, exit status 0
03:49:10 INFO  Executed systemctl&lt;serv_mapper5&gt;, exit status 3
03:49:10 INFO  
03:49:10 INFO  Test duration: 27.36 secs
03:49:10 INFO  Test final outcome:  BLOCKED
03:49:10 INFO  Test outcome reason: TypeError: 'NoneType' object is not subscriptable
03:49:10 INFO  
</system-out>
	</testcase>
</testsuite><testsuite name="log_request_num_lines" tests="1" errors="0" failures="1" skipped="0" time="0"><testcase classname="LogRequestVerifyNumberOfLines" name="log_request_num_lines">
		<failure message="BLOCKED: TypeError: 'NoneType' object is not subscriptable" type="BLOCKED" />
		<system-out>03:49:10 INFO  ==============================================================
03:49:10 INFO  Id:    log_request_num_lines
03:49:10 INFO  Dir:   log_request_end_to_end/
03:49:10 INFO  Title: Validate end to end behaviour for the log request operation check for number of lines
03:49:10 INFO  ==============================================================
03:49:10 INFO  EnvironmentC8y Setup
03:49:11 INFO  Executed systemctl&lt;serv_mapper1&gt;, exit status 3
03:49:11 INFO  Restarting mosquitto too frequently in the last 10 seconds. It was only up for 5 seconds
03:49:11 INFO  Delaying execution by 6 seconds
03:49:31 INFO  Executed sudo&lt;tedge_connect_c8y&gt;, exit status 0, duration 14 secs
03:49:32 INFO  Executed sudo&lt;tedge_connect_c8y_test&gt;, exit status 0
03:49:32 INFO  Executed systemctl&lt;serv_mosq2&gt;, exit status 0
03:49:33 INFO  Executed systemctl&lt;serv_mapper3&gt;, exit status 0
03:49:33 INFO  Executed sudo&lt;rm_logs&gt;, exit status 0
03:49:34 INFO  Executed sudo&lt;move_logs&gt;, exit status 0
03:49:34 INFO  Executed sudo&lt;log_file_daemon&gt;, exit status 0
03:49:35 WARN  TypeError occurred while running test - 'NoneType' object is not subscriptable
Traceback (most recent call last):
  File "/home/pi/env-pysys/lib/python3.7/site-packages/pysys/baserunner.py", line 1294, in __call__
    self.testObj.execute()
  File "/home/pi/actions-runner/_work/thin-edge.io/thin-edge.io/tests/PySys/log_request_end_to_end/log_request_num_lines/run.py", line 46, in execute
    log_file_request_payload, self.project.deviceid
  File "/home/pi/actions-runner/_work/thin-edge.io/thin-edge.io/tests/PySys/environments/cumulocity.py", line 101, in trigger_log_request
    "deviceId": self.device_fragment["id"],
TypeError: 'NoneType' object is not subscriptable
03:49:35 WARN  TypeError: 'NoneType' object is not subscriptable ... blocked 
03:49:35 INFO  
03:49:35 INFO  cleanup:
03:49:36 INFO  Executed sudo&lt;rm_logs&gt;, exit status 0
03:49:36 INFO  Executed sudo&lt;rm_tmp_logs&gt;, exit status 0
03:49:37 INFO  Executed sudo&lt;send_failed&gt;, exit status 0
03:49:37 INFO  Executed sudo&lt;log_file_daemon&gt;, exit status 0
03:49:41 INFO  Executed sudo&lt;tedge_disconnect_c8y&gt;, exit status 0
03:49:42 INFO  Executed systemctl&lt;serv_mapper5&gt;, exit status 3
03:49:42 INFO  
03:49:42 INFO  Test duration: 31.57 secs
03:49:42 INFO  Test final outcome:  BLOCKED
03:49:42 INFO  Test outcome reason: TypeError: 'NoneType' object is not subscriptable
03:49:42 INFO  
</system-out>
	</testcase>
</testsuite><testsuite name="mapper_awaits_before_reconnect" tests="1" errors="0" failures="1" skipped="0" time="0"><testcase classname="MapperReconnectAwait" name="mapper_awaits_before_reconnect">
		<failure message="FAILED: Line count on tedge_mapper_journal.out for &quot;tedge_mapper::core::mapper: MQTT connection error:&quot; expected &gt;=2 but got 0" type="FAILED" />
		<system-out>04:03:45 INFO  ==============================================================
04:03:45 INFO  Id:    mapper_awaits_before_reconnect
04:03:45 INFO  Dir:   tedge_mapper_c8y/
04:03:45 INFO  Title: Validate mapper doesn't reconnect too often
04:03:45 INFO  ==============================================================
04:03:45 INFO  Started mosquitto_sub with process id 10091
04:03:45 INFO  Waiting for 0.1 seconds
04:03:46 INFO  Executed sudo&lt;tedge_mapper&gt;, exit status 0
04:03:46 INFO  Waiting for 5.0 seconds
04:03:51 INFO  Executed sudo&lt;tedge_mapper&gt;, exit status 0
04:03:54 INFO  Executed sudo&lt;tedge_mapper_journal&gt;, exit status 0
04:03:54 WARN  Grep on tedge_mapper_journal.out contains "ERROR" ... failed [run.py:67]
04:03:54 INFO  Line count on file tedge_mapper_journal.out ... passed
04:03:54 WARN  Line count on tedge_mapper_journal.out for "tedge_mapper::core::mapper: MQTT connection error:" expected &gt;=2 but got 0 ... failed [run.py:78]
04:03:54 WARN  Aborted test due to FAILED outcome
04:03:54 INFO  
04:03:54 INFO  Test duration: 8.72 secs
04:03:54 INFO  Test final outcome:  FAILED
04:03:54 INFO  Test outcome reason: Line count on tedge_mapper_journal.out for "tedge_mapper::core::mapper: MQTT connection error:" expected &gt;=2 but got 0
04:03:54 INFO  
</system-out>
	</testcase>
</testsuite><testsuite name="monitoring_smaller_interval" tests="1" errors="0" failures="1" skipped="0" time="0"><testcase classname="MonitoringSmallInterval" name="monitoring_smaller_interval">
		<failure message="BLOCKED: TypeError: 'int' object is not subscriptable" type="BLOCKED" />
		<system-out>03:50:44 INFO  ==============================================================
03:50:44 INFO  Id:    monitoring_smaller_interval
03:50:44 INFO  Dir:   monitoring/
03:50:44 INFO  Title: Validate the tedge dm agent messages that are produced with smaller sampling interval than the batching window. Here the simulated collectd messages are used
03:50:44 INFO  ==============================================================
03:50:45 INFO  Executed sudo&lt;collectd&gt;, exit status 0
03:50:45 INFO  Executed sudo&lt;collectd_mapper&gt;, exit status 0
03:50:45 INFO  Started sudo&lt;tedge_sub&gt; with process id 6256
03:50:46 INFO  Executed sudo&lt;tedge_temp&gt;, exit status 0
03:50:47 INFO  Executed sudo&lt;tedge_pres&gt;, exit status 0
03:50:47 INFO  Executed sudo&lt;tedge_temp&gt;, exit status 0
03:50:48 INFO  Executed sudo&lt;tedge_pres&gt;, exit status 0
03:50:48 INFO  Executed sudo&lt;tedge_temp&gt;, exit status 0
03:50:49 INFO  Executed sudo&lt;tedge_pres&gt;, exit status 0
03:50:49 INFO  Executed sudo&lt;tedge_temp&gt;, exit status 0
03:50:50 INFO  Executed sudo&lt;tedge_pres&gt;, exit status 0
03:50:51 INFO  Executed sudo&lt;tedge_temp&gt;, exit status 0
03:50:51 INFO  Executed sudo&lt;tedge_pres&gt;, exit status 0
03:50:52 INFO  Executed sudo&lt;tedge_temp&gt;, exit status 0
03:50:52 INFO  Executed sudo&lt;tedge_pres&gt;, exit status 0
03:50:53 INFO  Executed sudo&lt;tedge_temp&gt;, exit status 0
03:50:53 INFO  Executed sudo&lt;tedge_pres&gt;, exit status 0
03:50:54 INFO  Executed sudo&lt;tedge_temp&gt;, exit status 0
03:50:55 INFO  Executed sudo&lt;tedge_pres&gt;, exit status 0
03:50:55 INFO  Executed sudo&lt;tedge_temp&gt;, exit status 0
03:50:56 INFO  Executed sudo&lt;tedge_pres&gt;, exit status 0
03:50:56 INFO  Executed sudo&lt;tedge_temp&gt;, exit status 0
03:50:57 INFO  Executed sudo&lt;tedge_pres&gt;, exit status 0
03:50:58 INFO  Executed sudo&lt;kill_out&gt;, exit status 0
03:50:58 INFO  0

03:50:58 WARN  TypeError occurred while running test - 'int' object is not subscriptable
Traceback (most recent call last):
  File "/home/pi/env-pysys/lib/python3.7/site-packages/pysys/baserunner.py", line 1296, in __call__
    self.testObj.validate()
  File "/home/pi/actions-runner/_work/thin-edge.io/thin-edge.io/tests/PySys/monitoring/monitoring_smaller_interval/run.py", line 104, in validate
    collectd_msg_validation_result=self.validate_json(),
  File "/home/pi/actions-runner/_work/thin-edge.io/thin-edge.io/tests/PySys/monitoring/monitoring_smaller_interval/run.py", line 114, in validate_json
    if not self.validate_time():
  File "/home/pi/actions-runner/_work/thin-edge.io/thin-edge.io/tests/PySys/monitoring/monitoring_smaller_interval/run.py", line 134, in validate_time
    if self.js_msg["time"]:
TypeError: 'int' object is not subscriptable
03:50:58 WARN  TypeError: 'int' object is not subscriptable ... blocked 
03:50:58 INFO  
03:50:58 INFO  cleanup:
03:50:58 INFO  monitoring_cleanup
03:50:59 INFO  Executed sudo&lt;collectd_mapper&gt;, exit status 0
03:50:59 INFO  
03:50:59 INFO  Test duration: 14.88 secs
03:50:59 INFO  Test final outcome:  BLOCKED
03:50:59 INFO  Test outcome reason: TypeError: 'int' object is not subscriptable
03:50:59 INFO  
</system-out>
	</testcase>
</testsuite><testsuite name="monitoring_with_collectd" tests="1" errors="0" failures="0" skipped="1" time="0"><testcase classname="MonitoringWithCollectd" name="monitoring_with_collectd">
		<skipped message="SKIPPED: Test execution disabled due to #792 (instable)" />
		<system-out>03:50:59 INFO  ==============================================================
03:50:59 INFO  Id:    monitoring_with_collectd
03:50:59 INFO  Dir:   monitoring/
03:50:59 INFO  Title: Validate tedge dm agent messages that are produced by batching the collectd messages
03:50:59 INFO  ==============================================================
03:50:59 INFO  Test execution disabled due to #792 (instable) ... skipped
03:50:59 INFO  
03:50:59 INFO  Test duration: 0.02 secs
03:50:59 INFO  Test final outcome:  SKIPPED
03:50:59 INFO  Test outcome reason: Test execution disabled due to #792 (instable)
03:50:59 INFO  
</system-out>
	</testcase>
</testsuite><testsuite name="monitoring_with_simulated_messages" tests="1" errors="0" failures="1" skipped="0" time="0"><testcase classname="MonitoringWithSimulatedMessages" name="monitoring_with_simulated_messages">
		<failure message="BLOCKED: TypeError: 'int' object is not subscriptable" type="BLOCKED" />
		<system-out>03:50:59 INFO  ==============================================================
03:50:59 INFO  Id:    monitoring_with_simulated_messages
03:50:59 INFO  Dir:   monitoring/
03:50:59 INFO  Title: Validate the tedge dm agent messages that are produced from the simulated collectd messages
03:50:59 INFO  ==============================================================
03:51:00 INFO  Executed sudo&lt;collectd&gt;, exit status 0
03:51:00 INFO  Executed sudo&lt;collectd_mapper&gt;, exit status 0
03:51:00 INFO  Started sudo&lt;tedge_sub&gt; with process id 6316
03:51:01 INFO  Executed sudo&lt;tedge_temp&gt;, exit status 0
03:51:01 INFO  Executed sudo&lt;tedge_pres&gt;, exit status 0
03:51:03 INFO  Executed sudo&lt;kill_out&gt;, exit status 0
03:51:03 INFO  0

03:51:03 WARN  TypeError occurred while running test - 'int' object is not subscriptable
Traceback (most recent call last):
  File "/home/pi/env-pysys/lib/python3.7/site-packages/pysys/baserunner.py", line 1296, in __call__
    self.testObj.validate()
  File "/home/pi/actions-runner/_work/thin-edge.io/thin-edge.io/tests/PySys/monitoring/monitoring_with_simulated_messages/run.py", line 98, in validate
    collectd_msg_validation_result=self.validate_json(),
  File "/home/pi/actions-runner/_work/thin-edge.io/thin-edge.io/tests/PySys/monitoring/monitoring_with_simulated_messages/run.py", line 108, in validate_json
    if not self.validate_time():
  File "/home/pi/actions-runner/_work/thin-edge.io/thin-edge.io/tests/PySys/monitoring/monitoring_with_simulated_messages/run.py", line 127, in validate_time
    if self.js_msg["time"]:
TypeError: 'int' object is not subscriptable
03:51:03 WARN  TypeError: 'int' object is not subscriptable ... blocked 
03:51:03 INFO  
03:51:03 INFO  cleanup:
03:51:03 INFO  monitoring_cleanup
03:51:04 INFO  Executed sudo&lt;collectd_mapper&gt;, exit status 0
03:51:04 INFO  
03:51:04 INFO  Test duration: 4.44 secs
03:51:04 INFO  Test final outcome:  BLOCKED
03:51:04 INFO  Test outcome reason: TypeError: 'int' object is not subscriptable
03:51:04 INFO  
</system-out>
	</testcase>
</testsuite><testsuite name="mqtt_port_change_connection_fails" tests="1" errors="0" failures="0" skipped="0" time="0"><testcase classname="MqttPortChangeConnectionFails" name="mqtt_port_change_connection_fails" />
</testsuite><testsuite name="mqtt_port_change_connection_works" tests="1" errors="0" failures="0" skipped="1" time="0"><testcase classname="MqttPortChangeConnectionWorks" name="mqtt_port_change_connection_works">
		<skipped message="SKIPPED: failing intermitently" />
		<system-out>03:50:17 INFO  ==============================================================
03:50:17 INFO  Id:    mqtt_port_change_connection_works
03:50:17 INFO  Dir:   misc_features/
03:50:17 INFO  Title: mqtt port change connection works for all the thin-edge services that use the mosquitto broker
03:50:17 INFO  ==============================================================
03:50:17 INFO  failing intermitently ... skipped
03:50:17 INFO  
03:50:17 INFO  Test duration: 0.02 secs
03:50:17 INFO  Test final outcome:  SKIPPED
03:50:17 INFO  Test outcome reason: failing intermitently
03:50:17 INFO  
</system-out>
	</testcase>
</testsuite><testsuite name="publish_flux" tests="1" errors="0" failures="0" skipped="0" time="0"><testcase classname="PublishFlux" name="publish_flux" />
</testsuite><testsuite name="publish_sawmill" tests="1" errors="0" failures="0" skipped="0" time="0"><testcase classname="PublishSawmill" name="publish_sawmill" />
</testsuite><testsuite name="runtime_start_two_mappers" tests="1" errors="0" failures="0" skipped="0" time="0"><testcase classname="RuntimeMultiMappers" name="runtime_start_two_mappers" />
</testsuite><testsuite name="sm_tedge_mapper_init_session" tests="1" errors="0" failures="0" skipped="0" time="0"><testcase classname="TedgeSMMapperInitSession" name="sm_tedge_mapper_init_session" />
</testsuite><testsuite name="smoketest_json" tests="1" errors="0" failures="0" skipped="0" time="0"><testcase classname="SmokeTestJson" name="smoketest_json" />
</testsuite><testsuite name="smoketest_json_400_samples_10ms" tests="1" errors="0" failures="0" skipped="0" time="0"><testcase classname="SmoketestJson400Samples10ms" name="smoketest_json_400_samples_10ms" />
</testsuite><testsuite name="smoketest_json_400_samples_20ms" tests="1" errors="0" failures="0" skipped="0" time="0"><testcase classname="SmoketestJson400Samples20ms" name="smoketest_json_400_samples_20ms" />
</testsuite><testsuite name="smoketest_smartrest" tests="1" errors="0" failures="0" skipped="0" time="0"><testcase classname="SmoketestSmartRest" name="smoketest_smartrest" />
</testsuite><testsuite name="smoketest_smartrest_400_samples_1Xms" tests="1" errors="0" failures="0" skipped="0" time="0"><testcase classname="SmoketestSmartRest400Samples1Xms" name="smoketest_smartrest_400_samples_1Xms" />
</testsuite><testsuite name="smoketest_smartrest_400_samples_20ms" tests="1" errors="0" failures="0" skipped="0" time="0"><testcase classname="SmoketestSmartRest400Samples20ms" name="smoketest_smartrest_400_samples_20ms" />
</testsuite><testsuite name="tedge_agent_user_sudo_access" tests="1" errors="0" failures="0" skipped="1" time="0"><testcase classname="TedgeAgentUserSudoAccess" name="tedge_agent_user_sudo_access">
		<skipped message="SKIPPED: #955 Observation: Exit code of the apt plugin when called with no arguments" />
		<system-out>04:01:07 INFO  ==============================================================
04:01:07 INFO  Id:    tedge_agent_user_sudo_access
04:01:07 INFO  Dir:   tedge/
04:01:07 INFO  Title: Validate tedge-agent user has a limited sudo right
04:01:07 INFO  ==============================================================
04:01:07 INFO  #955 Observation: Exit code of the apt plugin when called with no arguments ... skipped
04:01:07 INFO  
04:01:07 INFO  Test duration: 0.02 secs
04:01:07 INFO  Test final outcome:  SKIPPED
04:01:07 INFO  Test outcome reason: #955 Observation: Exit code of the apt plugin when called with no arguments
04:01:07 INFO  
</system-out>
	</testcase>
</testsuite><testsuite name="tedge_connect_test_negative" tests="1" errors="0" failures="0" skipped="0" time="0"><testcase classname="TedgeConnectTestNegative" name="tedge_connect_test_negative" />
</testsuite><testsuite name="tedge_connect_test_positive" tests="1" errors="0" failures="0" skipped="0" time="0"><testcase classname="TedgeConnectTestPositive" name="tedge_connect_test_positive" />
</testsuite><testsuite name="tedge_connect_test_sm_services" tests="1" errors="0" failures="0" skipped="0" time="0"><testcase classname="TedgeConnectTestSMServices" name="tedge_connect_test_sm_services" />
</testsuite><testsuite name="tedge_disconnect_test_sm_services" tests="1" errors="0" failures="0" skipped="0" time="0"><testcase classname="TedgeDisConnectTestSMServices" name="tedge_disconnect_test_sm_services" />
</testsuite><testsuite name="tedge_mapper_az_negative" tests="1" errors="0" failures="0" skipped="0" time="0"><testcase classname="TedgeMapperAzError" name="tedge_mapper_az_negative" />
</testsuite><testsuite name="tedge_mapper_az_with_timestamp" tests="1" errors="0" failures="0" skipped="0" time="0"><testcase classname="TedgeMapperAzWithTimestamp" name="tedge_mapper_az_with_timestamp" />
</testsuite><testsuite name="tedge_mapper_az_without_timestamp" tests="1" errors="0" failures="0" skipped="0" time="0"><testcase classname="TedgeMapperAzWithoutTimestamp" name="tedge_mapper_az_without_timestamp" />
</testsuite><testsuite name="tedge_mapper_c8y_alarms" tests="1" errors="0" failures="0" skipped="0" time="0"><testcase classname="TedgeMapperC8yAlarm" name="tedge_mapper_c8y_alarms" />
</testsuite><testsuite name="tedge_mapper_c8y_child_device_measurement" tests="1" errors="0" failures="0" skipped="0" time="0"><testcase classname="TedgeMapperC8yChildDevice" name="tedge_mapper_c8y_child_device_measurement" />
</testsuite><testsuite name="tedge_mapper_c8y_packet_threshold_size" tests="1" errors="0" failures="1" skipped="0" time="0"><testcase classname="TedgeMapperC8yThresholdPacketSize" name="tedge_mapper_c8y_packet_threshold_size">
		<failure message="FAILED: Grep on tedge_sub.out contains &quot;The size of the message received on tedge/measurements is 20489 which is greater than the threshold size of 16184.&quot;" type="FAILED" />
		<system-out>04:05:32 INFO  ==============================================================
04:05:32 INFO  Id:    tedge_mapper_c8y_packet_threshold_size
04:05:32 INFO  Dir:   tedge_mapper_c8y/
04:05:32 INFO  Title: Validate the Cumulocity Mapper accepted threshold packet size when it receives a message on tedge/measurements
04:05:32 INFO  ==============================================================
04:05:33 INFO  Executed sudo&lt;tedge_mapper_c8y&gt;, exit status 0
04:05:33 INFO  Started sudo&lt;tedge_sub&gt; with process id 10696
04:05:33 INFO  Executed sudo&lt;tedge_msg&gt;, exit status 0
04:05:34 INFO  Executed sudo&lt;tedge_pub&gt;, exit status 0
04:05:35 INFO  Executed sudo&lt;kill_out&gt;, exit status 0
04:05:35 WARN  Grep on tedge_sub.out contains "The size of the message received on tedge/measurements is 20489 which is greater than the threshold size of 16184." ... failed [run.py:88]
04:05:35 INFO  
04:05:35 INFO  cleanup:
04:05:35 INFO  mapper_cleanup
04:05:35 INFO  Executed sudo&lt;tedge_mapper_c8y&gt;, exit status 0
04:05:35 INFO  
04:05:35 INFO  Test duration: 3.06 secs
04:05:35 INFO  Test final outcome:  FAILED
04:05:35 INFO  Test outcome reason: Grep on tedge_sub.out contains "The size of the message received on tedge/measurements is 20489 which is greater than the threshold size of 16184."
04:05:35 INFO  
</system-out>
	</testcase>
</testsuite><testsuite name="tedge_software_update" tests="1" errors="0" failures="0" skipped="0" time="0"><testcase classname="PySysTest" name="tedge_software_update" />
</testsuite><testsuite name="valid_device_id" tests="1" errors="0" failures="0" skipped="0" time="0"><testcase classname="ValidateValidDeviceId" name="valid_device_id" />
</testsuite></testsuites>