<?xml version='1.0' encoding='utf-8'?>
<testsuites tests="147" failures="24" errors="0" skipped="45" time="0.0"><testsuite name="SoftwareManagement.Plugin.apama_plugin_install" tests="3" errors="0" failures="2" skipped="1" time="0"><testcase classname="ApamaPluginInstallTest" name="SoftwareManagement.Plugin.apama_plugin_install">
		<skipped message="SKIPPED: Apama plugin tests are disabled by default. Execute `pysys run` with `-XmyPlatform=container` to run these tests" />
		<system-out>21:16:47 INFO  ==============================================================
21:16:47 INFO  Id:    SoftwareManagement.Plugin.apama_plugin_install
21:16:47 INFO  Dir:   plugin_apama/
21:16:47 INFO  Title: Validate apama plugin install
21:16:47 INFO  ==============================================================
21:16:47 INFO  Apama plugin tests are disabled by default. Execute `pysys run` with `-XmyPlatform=container` to run these tests ... skipped
21:16:47 WARN  Aborted test due to SKIPPED outcome
21:16:47 INFO  
21:16:47 INFO  Test duration: 0.05 secs
21:16:47 INFO  Test final outcome:  SKIPPED
21:16:47 INFO  Test outcome reason: Apama plugin tests are disabled by default. Execute `pysys run` with `-XmyPlatform=container` to run these tests
21:16:47 INFO  
</system-out>
	</testcase>
<testcase classname="ApamaPluginInstallTest" name="SoftwareManagement.Plugin.apama_plugin_install">
		<failure message="BLOCKED: sudo&lt;remove_apama_project&gt; returned non-zero exit code 1 (+1 other failures)" type="BLOCKED" />
		<system-out>22:08:25 INFO  ==============================================================
22:08:25 INFO  Id:    SoftwareManagement.Plugin.apama_plugin_install
22:08:25 INFO  Dir:   plugin_apama/
22:08:25 INFO  Title: Validate apama plugin install
22:08:25 INFO  ==============================================================
22:08:25 INFO  Assertion that path exists=False for "/etc/tedge/apama/project" ... passed
22:08:30 INFO  Executed sudo&lt;plugin_install&gt;, exit status 0
22:08:31 INFO  Executed sudo&lt;apama_correlator_wait&gt;, exit status 0
22:08:32 INFO  Executed sudo&lt;plugin_list_after_install&gt;, exit status 0
22:08:32 INFO  Assertion that path exists=True for "/etc/tedge/apama/project" ... passed
22:08:32 INFO  Executed sudo&lt;apama_list_monitors&gt;, exit status 0
22:08:32 INFO  Grep on file /home/pi/actions-runner/_work/thin-edge.io/thin-edge.io/tests/PySys/plugin_apama/apama_plugin_install/Output/linux/apama_list_monitors.out ... passed
22:08:32 INFO  Grep on file plugin_list_after_install.out ... passed
22:08:32 INFO  Grep on file plugin_list_after_install.out ... passed
22:08:32 INFO  
22:08:32 INFO  cleanup:
22:08:32 INFO  Removing apama project
22:08:33 WARN  Executed sudo&lt;remove_apama_project&gt;, exit status 1
22:08:33 INFO  Contents of remove_apama_project.err: 
  rm: cannot remove '/etc/tedge/apama/project/logs': Directory not empty
  -----

22:08:33 ERROR Error while running cleanup function: 
Traceback (most recent call last):
  File "/home/pi/env-pysys/lib/python3.7/site-packages/pysys/process/user.py", line 1305, in cleanup
    fn()
  File "/home/pi/actions-runner/_work/thin-edge.io/thin-edge.io/tests/PySys/plugin_apama/environment_apama_plugin.py", line 144, in cleanup_project
    self.remove_project()
  File "/home/pi/actions-runner/_work/thin-edge.io/thin-edge.io/tests/PySys/plugin_apama/environment_apama_plugin.py", line 95, in remove_project
    stdouterr="remove_apama_project",
  File "/home/pi/env-pysys/lib/python3.7/site-packages/pysys/process/user.py", line 482, in startProcess
    abortOnError=abortOnError)
  File "/home/pi/env-pysys/lib/python3.7/site-packages/pysys/process/user.py", line 1401, in addOutcome
    self.abort(outcome, outcomeReason, callRecord)
  File "/home/pi/env-pysys/lib/python3.7/site-packages/pysys/process/user.py", line 1420, in abort
    raise AbortExecution(outcome, outcomeReason, callRecord)
pysys.exceptions.AbortExecution: sudo&lt;remove_apama_project&gt; returned non-zero exit code 1
22:08:33 WARN  Cleanup failed with 1 errors: Cleanup function failed: sudo&lt;remove_apama_project&gt; returned non-zero exit code 1 (AbortExecution) ... blocked 
22:08:33 INFO  
22:08:33 INFO  Test duration: 8.57 secs
22:08:33 INFO  Test final outcome:  BLOCKED
22:08:33 INFO  Test outcome reason: sudo&lt;remove_apama_project&gt; returned non-zero exit code 1 (+1 other failures)
22:08:33 INFO  
</system-out>
	</testcase>
<testcase classname="ApamaPluginInstallTest" name="SoftwareManagement.Plugin.apama_plugin_install">
		<failure message="BLOCKED: sudo&lt;plugin_install&gt; returned non-zero exit code 2 (+2 other failures)" type="BLOCKED" />
		<system-out>22:16:30 INFO  ==============================================================
22:16:30 INFO  Id:    SoftwareManagement.Plugin.apama_plugin_install
22:16:30 INFO  Dir:   plugin_apama/
22:16:30 INFO  Title: Validate apama plugin install
22:16:30 INFO  ==============================================================
22:16:31 WARN  Assertion that path exists=False for "/etc/tedge/apama/project" ... failed 
22:16:31 WARN  Executed sudo&lt;plugin_install&gt;, exit status 2
22:16:31 INFO  Contents of plugin_install.err: 
  ERROR: Device or resource busy (os error 16)
  -----

22:16:31 WARN  sudo&lt;plugin_install&gt; returned non-zero exit code 2 ... blocked [run.py:29]
22:16:31 WARN  Aborted test due to BLOCKED outcome
22:16:31 INFO  
22:16:31 INFO  cleanup:
22:16:31 INFO  Removing apama project
22:16:32 WARN  Executed sudo&lt;remove_apama_project&gt;, exit status 1
22:16:32 INFO  Contents of remove_apama_project.err: 
  rm: cannot remove '/etc/tedge/apama/project/logs/.nfs0000000000160ecc00001e56': Device or resource busy
  -----

22:16:32 ERROR Error while running cleanup function: 
Traceback (most recent call last):
  File "/home/pi/env-pysys/lib/python3.7/site-packages/pysys/process/user.py", line 1305, in cleanup
    fn()
  File "/home/pi/actions-runner/_work/thin-edge.io/thin-edge.io/tests/PySys/plugin_apama/environment_apama_plugin.py", line 144, in cleanup_project
    self.remove_project()
  File "/home/pi/actions-runner/_work/thin-edge.io/thin-edge.io/tests/PySys/plugin_apama/environment_apama_plugin.py", line 95, in remove_project
    stdouterr="remove_apama_project",
  File "/home/pi/env-pysys/lib/python3.7/site-packages/pysys/process/user.py", line 482, in startProcess
    abortOnError=abortOnError)
  File "/home/pi/env-pysys/lib/python3.7/site-packages/pysys/process/user.py", line 1401, in addOutcome
    self.abort(outcome, outcomeReason, callRecord)
  File "/home/pi/env-pysys/lib/python3.7/site-packages/pysys/process/user.py", line 1420, in abort
    raise AbortExecution(outcome, outcomeReason, callRecord)
pysys.exceptions.AbortExecution: sudo&lt;remove_apama_project&gt; returned non-zero exit code 1
22:16:32 WARN  Cleanup failed with 1 errors: Cleanup function failed: sudo&lt;remove_apama_project&gt; returned non-zero exit code 1 (AbortExecution) ... blocked 
22:16:32 INFO  
22:16:32 INFO  Test duration: 1.46 secs
22:16:32 INFO  Test final outcome:  BLOCKED
22:16:32 INFO  Test outcome reason: sudo&lt;plugin_install&gt; returned non-zero exit code 2 (+2 other failures)
22:16:32 INFO  
</system-out>
	</testcase>
</testsuite><testsuite name="SoftwareManagement.Plugin.apama_plugin_mon_support" tests="3" errors="0" failures="2" skipped="1" time="0"><testcase classname="ApamaPluginMonSupportTest" name="SoftwareManagement.Plugin.apama_plugin_mon_support">
		<skipped message="SKIPPED: Apama plugin tests are disabled by default. Execute `pysys run` with `-XmyPlatform=container` to run these tests" />
		<system-out>21:16:47 INFO  ==============================================================
21:16:47 INFO  Id:    SoftwareManagement.Plugin.apama_plugin_mon_support
21:16:47 INFO  Dir:   plugin_apama/
21:16:47 INFO  Title: Validate mon file support of apama plugin
21:16:47 INFO  ==============================================================
21:16:47 INFO  Apama plugin tests are disabled by default. Execute `pysys run` with `-XmyPlatform=container` to run these tests ... skipped
21:16:47 WARN  Aborted test due to SKIPPED outcome
21:16:47 INFO  
21:16:47 INFO  Test duration: 0.02 secs
21:16:47 INFO  Test final outcome:  SKIPPED
21:16:47 INFO  Test outcome reason: Apama plugin tests are disabled by default. Execute `pysys run` with `-XmyPlatform=container` to run these tests
21:16:47 INFO  
</system-out>
	</testcase>
<testcase classname="ApamaPluginMonSupportTest" name="SoftwareManagement.Plugin.apama_plugin_mon_support">
		<failure message="FAILED: Assertion that path exists=False for &quot;/etc/tedge/apama/project&quot;" type="FAILED" />
		<system-out>22:08:33 INFO  ==============================================================
22:08:33 INFO  Id:    SoftwareManagement.Plugin.apama_plugin_mon_support
22:08:33 INFO  Dir:   plugin_apama/
22:08:33 INFO  Title: Validate mon file support of apama plugin
22:08:33 INFO  ==============================================================
22:08:33 WARN  Assertion that path exists=False for "/etc/tedge/apama/project" ... failed 
22:08:34 INFO  Executed sudo&lt;create_project_dir&gt;, exit status 0
22:08:34 INFO  Executed sudo&lt;unzip_apama_project&gt;, exit status 0
22:08:35 INFO  Executed sudo&lt;move_apama_project&gt;, exit status 0
22:08:36 INFO  Executed sudo&lt;restart_apama_service&gt;, exit status 0
22:08:37 INFO  Executed sudo&lt;apama_correlator_wait&gt;, exit status 0
22:08:38 INFO  Executed sudo&lt;apama_list_monitors&gt;, exit status 0
22:08:38 INFO  Grep on file /home/pi/actions-runner/_work/thin-edge.io/thin-edge.io/tests/PySys/plugin_apama/apama_plugin_mon_support/Output/linux/apama_list_monitors.out ... passed
22:08:38 INFO  Executed sudo&lt;plugin_list_before_install&gt;, exit status 0
22:08:39 INFO  Executed sudo&lt;plugin_install&gt;, exit status 0
22:08:40 INFO  Executed sudo&lt;apama_correlator_wait&gt;, exit status 0
22:08:41 INFO  Executed sudo&lt;plugin_list_after_install&gt;, exit status 0
22:08:42 INFO  Executed sudo&lt;plugin_update&gt;, exit status 0
22:08:43 INFO  Executed sudo&lt;apama_correlator_wait&gt;, exit status 0
22:08:43 INFO  Executed sudo&lt;plugin_list_after_update&gt;, exit status 0
22:08:44 INFO  Executed sudo&lt;plugin_remove&gt;, exit status 0
22:08:45 INFO  Executed sudo&lt;plugin_list_after_remove&gt;, exit status 0
22:08:45 INFO  Grep on file plugin_list_before_install.out ... passed
22:08:45 INFO  Grep on file plugin_list_after_install.out ... passed
22:08:45 INFO  Grep on file plugin_list_after_update.out ... passed
22:08:45 INFO  Grep on file plugin_list_after_remove.out ... passed
22:08:45 INFO  
22:08:45 INFO  cleanup:
22:08:45 INFO  Removing apama project
22:08:45 INFO  Executed sudo&lt;remove_apama_project&gt;, exit status 0
22:09:02 INFO  Executed sudo&lt;stop_apama_service&gt;, exit status 0, duration 16 secs
22:09:02 INFO  Executed sudo&lt;remove_apama_tmp_dir&gt;, exit status 0
22:09:02 INFO  
22:09:02 INFO  Test duration: 29.07 secs
22:09:02 INFO  Test final outcome:  FAILED
22:09:02 INFO  Test outcome reason: Assertion that path exists=False for "/etc/tedge/apama/project"
22:09:02 INFO  
</system-out>
	</testcase>
<testcase classname="ApamaPluginMonSupportTest" name="SoftwareManagement.Plugin.apama_plugin_mon_support">
		<failure message="BLOCKED: ProcessError: Error stopping process sudo&lt;unzip_apama_project&gt; (pid 2170) due to PermissionError: [Errno 1] Operation not permitted (+3 other failures)" type="BLOCKED" />
		<system-out>22:16:32 INFO  ==============================================================
22:16:32 INFO  Id:    SoftwareManagement.Plugin.apama_plugin_mon_support
22:16:32 INFO  Dir:   plugin_apama/
22:16:32 INFO  Title: Validate mon file support of apama plugin
22:16:32 INFO  ==============================================================
22:16:32 WARN  Assertion that path exists=False for "/etc/tedge/apama/project" ... failed 
22:16:32 INFO  Executed sudo&lt;create_project_dir&gt;, exit status 0
22:26:32 WARN  Process sudo&lt;unzip_apama_project&gt; (pid 2170) timed out after 600 seconds, stopping process
22:26:32 WARN  ProcessError occurred while running test - Error stopping process sudo&lt;unzip_apama_project&gt; (pid 2170) due to PermissionError: [Errno 1] Operation not permitted
Traceback (most recent call last):
  File "/home/pi/env-pysys/lib/python3.7/site-packages/pysys/process/user.py", line 465, in startProcess
    process.start()
  File "/home/pi/env-pysys/lib/python3.7/site-packages/pysys/process/__init__.py", line 282, in start
    self.wait(self.timeout)
  File "/home/pi/env-pysys/lib/python3.7/site-packages/pysys/process/__init__.py", line 263, in wait
    raise ProcessTimeout('Waiting for completion of %r timed out after %d seconds'%(self, int(timeout)))
pysys.exceptions.ProcessTimeout: Waiting for completion of sudo&lt;unzip_apama_project&gt; (pid 2170) timed out after 600 seconds

During handling of the above exception, another exception occurred:

Traceback (most recent call last):
  File "/home/pi/env-pysys/lib/python3.7/site-packages/pysys/process/plat-unix/helper.py", line 226, in stop
    os.kill(self.pid, sig)
PermissionError: [Errno 1] Operation not permitted

During handling of the above exception, another exception occurred:

Traceback (most recent call last):
  File "/home/pi/env-pysys/lib/python3.7/site-packages/pysys/baserunner.py", line 1292, in __call__
    self.testObj.setup()
  File "/home/pi/actions-runner/_work/thin-edge.io/thin-edge.io/tests/PySys/plugin_apama/apama_plugin_mon_support/run.py", line 19, in setup
    self.install_project(self.project.apama_input_dir + "/quickstart.zip")
  File "/home/pi/actions-runner/_work/thin-edge.io/thin-edge.io/tests/PySys/plugin_apama/environment_apama_plugin.py", line 72, in install_project
    stdouterr="unzip_apama_project",
  File "/home/pi/env-pysys/lib/python3.7/site-packages/pysys/process/user.py", line 493, in startProcess
    process.stop()
  File "/home/pi/env-pysys/lib/python3.7/site-packages/pysys/process/plat-unix/helper.py", line 252, in stop
    raise ProcessError("Error stopping process %r due to %s: %s"%(self, type(ex).__name__, ex))
pysys.exceptions.ProcessError: Error stopping process sudo&lt;unzip_apama_project&gt; (pid 2170) due to PermissionError: [Errno 1] Operation not permitted
22:26:32 WARN  ProcessError: Error stopping process sudo&lt;unzip_apama_project&gt; (pid 2170) due to PermissionError: [Errno 1] Operation not permitted ... blocked 
22:26:32 INFO  
22:26:32 INFO  cleanup:
22:26:32 INFO  Removing apama project
22:26:33 WARN  Executed sudo&lt;remove_apama_project&gt;, exit status 1
22:26:33 INFO  Contents of remove_apama_project.err: 
  rm: cannot remove '/etc/tedge/apama/project/logs/.nfs0000000000160ecc00001e56': Device or resource busy
  -----

22:26:33 ERROR Error while running cleanup function: 
Traceback (most recent call last):
  File "/home/pi/env-pysys/lib/python3.7/site-packages/pysys/process/user.py", line 1305, in cleanup
    fn()
  File "/home/pi/actions-runner/_work/thin-edge.io/thin-edge.io/tests/PySys/plugin_apama/environment_apama_plugin.py", line 144, in cleanup_project
    self.remove_project()
  File "/home/pi/actions-runner/_work/thin-edge.io/thin-edge.io/tests/PySys/plugin_apama/environment_apama_plugin.py", line 95, in remove_project
    stdouterr="remove_apama_project",
  File "/home/pi/env-pysys/lib/python3.7/site-packages/pysys/process/user.py", line 482, in startProcess
    abortOnError=abortOnError)
  File "/home/pi/env-pysys/lib/python3.7/site-packages/pysys/process/user.py", line 1401, in addOutcome
    self.abort(outcome, outcomeReason, callRecord)
  File "/home/pi/env-pysys/lib/python3.7/site-packages/pysys/process/user.py", line 1420, in abort
    raise AbortExecution(outcome, outcomeReason, callRecord)
pysys.exceptions.AbortExecution: sudo&lt;remove_apama_project&gt; returned non-zero exit code 1
22:26:33 WARN  Cleanup failed with 1 errors: Cleanup function failed: sudo&lt;remove_apama_project&gt; returned non-zero exit code 1 (AbortExecution) ... blocked 
22:26:33 INFO  
22:26:33 INFO  Test duration: 601.27 secs
22:26:33 INFO  Test final outcome:  BLOCKED
22:26:33 INFO  Test outcome reason: ProcessError: Error stopping process sudo&lt;unzip_apama_project&gt; (pid 2170) due to PermissionError: [Errno 1] Operation not permitted (+3 other failures)
22:26:33 INFO  
</system-out>
	</testcase>
</testsuite><testsuite name="SoftwareManagement.Plugin.apama_plugin_remove" tests="3" errors="0" failures="1" skipped="1" time="0"><testcase classname="ApamaPluginRemoveTest" name="SoftwareManagement.Plugin.apama_plugin_remove">
		<skipped message="SKIPPED: Apama plugin tests are disabled by default. Execute `pysys run` with `-XmyPlatform=container` to run these tests" />
		<system-out>21:16:47 INFO  ==============================================================
21:16:47 INFO  Id:    SoftwareManagement.Plugin.apama_plugin_remove
21:16:47 INFO  Dir:   plugin_apama/
21:16:47 INFO  Title: Validate apama plugin remove
21:16:47 INFO  ==============================================================
21:16:47 INFO  Apama plugin tests are disabled by default. Execute `pysys run` with `-XmyPlatform=container` to run these tests ... skipped
21:16:47 WARN  Aborted test due to SKIPPED outcome
21:16:47 INFO  
21:16:47 INFO  Test duration: 0.02 secs
21:16:47 INFO  Test final outcome:  SKIPPED
21:16:47 INFO  Test outcome reason: Apama plugin tests are disabled by default. Execute `pysys run` with `-XmyPlatform=container` to run these tests
21:16:47 INFO  
</system-out>
	</testcase>
<testcase classname="ApamaPluginRemoveTest" name="SoftwareManagement.Plugin.apama_plugin_remove" />
<testcase classname="ApamaPluginRemoveTest" name="SoftwareManagement.Plugin.apama_plugin_remove">
		<failure message="BLOCKED: sudo&lt;remove_apama_project&gt; returned non-zero exit code 1 (+2 other failures)" type="BLOCKED" />
		<system-out>22:26:33 INFO  ==============================================================
22:26:33 INFO  Id:    SoftwareManagement.Plugin.apama_plugin_remove
22:26:33 INFO  Dir:   plugin_apama/
22:26:33 INFO  Title: Validate apama plugin remove
22:26:33 INFO  ==============================================================
22:26:33 WARN  Assertion that path exists=False for "/etc/tedge/apama/project" ... failed 
22:26:33 WARN  Aborted test due to FAILED outcome
22:26:33 INFO  
22:26:33 INFO  cleanup:
22:26:33 INFO  Removing apama project
22:26:34 WARN  Executed sudo&lt;remove_apama_project&gt;, exit status 1
22:26:34 INFO  Contents of remove_apama_project.err: 
  rm: cannot remove '/etc/tedge/apama/project/logs/.nfs0000000000160ecc00001e56': Device or resource busy
  -----

22:26:34 ERROR Error while running cleanup function: 
Traceback (most recent call last):
  File "/home/pi/env-pysys/lib/python3.7/site-packages/pysys/process/user.py", line 1305, in cleanup
    fn()
  File "/home/pi/actions-runner/_work/thin-edge.io/thin-edge.io/tests/PySys/plugin_apama/environment_apama_plugin.py", line 144, in cleanup_project
    self.remove_project()
  File "/home/pi/actions-runner/_work/thin-edge.io/thin-edge.io/tests/PySys/plugin_apama/environment_apama_plugin.py", line 95, in remove_project
    stdouterr="remove_apama_project",
  File "/home/pi/env-pysys/lib/python3.7/site-packages/pysys/process/user.py", line 482, in startProcess
    abortOnError=abortOnError)
  File "/home/pi/env-pysys/lib/python3.7/site-packages/pysys/process/user.py", line 1401, in addOutcome
    self.abort(outcome, outcomeReason, callRecord)
  File "/home/pi/env-pysys/lib/python3.7/site-packages/pysys/process/user.py", line 1420, in abort
    raise AbortExecution(outcome, outcomeReason, callRecord)
pysys.exceptions.AbortExecution: sudo&lt;remove_apama_project&gt; returned non-zero exit code 1
22:26:34 WARN  Cleanup failed with 1 errors: Cleanup function failed: sudo&lt;remove_apama_project&gt; returned non-zero exit code 1 (AbortExecution) ... blocked 
22:26:34 INFO  
22:26:34 INFO  Test duration: 0.66 secs
22:26:34 INFO  Test final outcome:  BLOCKED
22:26:34 INFO  Test outcome reason: sudo&lt;remove_apama_project&gt; returned non-zero exit code 1 (+2 other failures)
22:26:34 INFO  
</system-out>
	</testcase>
</testsuite><testsuite name="SoftwareManagement.Plugin.apama_plugin_update" tests="3" errors="0" failures="2" skipped="1" time="0"><testcase classname="ApamaPluginUpdateTest" name="SoftwareManagement.Plugin.apama_plugin_update">
		<skipped message="SKIPPED: Apama plugin tests are disabled by default. Execute `pysys run` with `-XmyPlatform=container` to run these tests" />
		<system-out>21:16:47 INFO  ==============================================================
21:16:47 INFO  Id:    SoftwareManagement.Plugin.apama_plugin_update
21:16:47 INFO  Dir:   plugin_apama/
21:16:47 INFO  Title: Validate apama plugin updating one project with another
21:16:47 INFO  ==============================================================
21:16:47 INFO  Apama plugin tests are disabled by default. Execute `pysys run` with `-XmyPlatform=container` to run these tests ... skipped
21:16:47 WARN  Aborted test due to SKIPPED outcome
21:16:47 INFO  
21:16:47 INFO  Test duration: 0.02 secs
21:16:47 INFO  Test final outcome:  SKIPPED
21:16:47 INFO  Test outcome reason: Apama plugin tests are disabled by default. Execute `pysys run` with `-XmyPlatform=container` to run these tests
21:16:47 INFO  
</system-out>
	</testcase>
<testcase classname="ApamaPluginUpdateTest" name="SoftwareManagement.Plugin.apama_plugin_update">
		<failure message="BLOCKED: sudo&lt;plugin_install&gt; returned non-zero exit code 2 (+2 other failures)" type="BLOCKED" />
		<system-out>22:09:21 INFO  ==============================================================
22:09:21 INFO  Id:    SoftwareManagement.Plugin.apama_plugin_update
22:09:21 INFO  Dir:   plugin_apama/
22:09:21 INFO  Title: Validate apama plugin updating one project with another
22:09:21 INFO  ==============================================================
22:09:21 INFO  Assertion that path exists=False for "/etc/tedge/apama/project" ... passed
22:09:22 INFO  Executed sudo&lt;create_project_dir&gt;, exit status 0
22:09:22 INFO  Executed sudo&lt;unzip_apama_project&gt;, exit status 0
22:09:23 INFO  Executed sudo&lt;move_apama_project&gt;, exit status 0
22:09:24 INFO  Executed sudo&lt;restart_apama_service&gt;, exit status 0
22:09:24 INFO  Executed sudo&lt;apama_correlator_wait&gt;, exit status 0
22:09:24 INFO  Assertion that path exists=True for "/etc/tedge/apama/project" ... passed
22:09:25 INFO  Executed sudo&lt;apama_list_monitors&gt;, exit status 0
22:09:25 INFO  Grep on file /home/pi/actions-runner/_work/thin-edge.io/thin-edge.io/tests/PySys/plugin_apama/apama_plugin_update/Output/linux/apama_list_monitors.out ... passed
22:09:26 WARN  Executed sudo&lt;plugin_install&gt;, exit status 2
22:09:26 INFO  Contents of plugin_install.err: 
  ERROR: Directory not empty (os error 39)
  -----

22:09:26 WARN  sudo&lt;plugin_install&gt; returned non-zero exit code 2 ... blocked [run.py:35]
22:09:26 WARN  Aborted test due to BLOCKED outcome
22:09:26 INFO  
22:09:26 INFO  cleanup:
22:09:26 INFO  Removing apama project
22:09:26 WARN  Executed sudo&lt;remove_apama_project&gt;, exit status 1
22:09:26 INFO  Contents of remove_apama_project.err: 
  rm: cannot remove '/etc/tedge/apama/project/logs/.nfs0000000000160ecc00001e56': Device or resource busy
  -----

22:09:26 ERROR Error while running cleanup function: 
Traceback (most recent call last):
  File "/home/pi/env-pysys/lib/python3.7/site-packages/pysys/process/user.py", line 1305, in cleanup
    fn()
  File "/home/pi/actions-runner/_work/thin-edge.io/thin-edge.io/tests/PySys/plugin_apama/environment_apama_plugin.py", line 144, in cleanup_project
    self.remove_project()
  File "/home/pi/actions-runner/_work/thin-edge.io/thin-edge.io/tests/PySys/plugin_apama/environment_apama_plugin.py", line 95, in remove_project
    stdouterr="remove_apama_project",
  File "/home/pi/env-pysys/lib/python3.7/site-packages/pysys/process/user.py", line 482, in startProcess
    abortOnError=abortOnError)
  File "/home/pi/env-pysys/lib/python3.7/site-packages/pysys/process/user.py", line 1401, in addOutcome
    self.abort(outcome, outcomeReason, callRecord)
  File "/home/pi/env-pysys/lib/python3.7/site-packages/pysys/process/user.py", line 1420, in abort
    raise AbortExecution(outcome, outcomeReason, callRecord)
pysys.exceptions.AbortExecution: sudo&lt;remove_apama_project&gt; returned non-zero exit code 1
22:09:26 WARN  Cleanup failed with 1 errors: Cleanup function failed: sudo&lt;remove_apama_project&gt; returned non-zero exit code 1 (AbortExecution) ... blocked 
22:09:26 INFO  
22:09:26 INFO  Test duration: 5.12 secs
22:09:26 INFO  Test final outcome:  BLOCKED
22:09:26 INFO  Test outcome reason: sudo&lt;plugin_install&gt; returned non-zero exit code 2 (+2 other failures)
22:09:26 INFO  
</system-out>
	</testcase>
<testcase classname="ApamaPluginUpdateTest" name="SoftwareManagement.Plugin.apama_plugin_update">
		<failure message="BLOCKED: sudo&lt;remove_apama_project&gt; returned non-zero exit code 1 (+2 other failures)" type="BLOCKED" />
		<system-out>22:26:34 INFO  ==============================================================
22:26:34 INFO  Id:    SoftwareManagement.Plugin.apama_plugin_update
22:26:34 INFO  Dir:   plugin_apama/
22:26:34 INFO  Title: Validate apama plugin updating one project with another
22:26:34 INFO  ==============================================================
22:26:34 WARN  Assertion that path exists=False for "/etc/tedge/apama/project" ... failed 
22:26:34 WARN  Aborted test due to FAILED outcome
22:26:34 INFO  
22:26:34 INFO  cleanup:
22:26:34 INFO  Removing apama project
22:26:34 WARN  Executed sudo&lt;remove_apama_project&gt;, exit status 1
22:26:34 INFO  Contents of remove_apama_project.err: 
  rm: cannot remove '/etc/tedge/apama/project/logs/.nfs0000000000160ecc00001e56': Device or resource busy
  -----

22:26:34 ERROR Error while running cleanup function: 
Traceback (most recent call last):
  File "/home/pi/env-pysys/lib/python3.7/site-packages/pysys/process/user.py", line 1305, in cleanup
    fn()
  File "/home/pi/actions-runner/_work/thin-edge.io/thin-edge.io/tests/PySys/plugin_apama/environment_apama_plugin.py", line 144, in cleanup_project
    self.remove_project()
  File "/home/pi/actions-runner/_work/thin-edge.io/thin-edge.io/tests/PySys/plugin_apama/environment_apama_plugin.py", line 95, in remove_project
    stdouterr="remove_apama_project",
  File "/home/pi/env-pysys/lib/python3.7/site-packages/pysys/process/user.py", line 482, in startProcess
    abortOnError=abortOnError)
  File "/home/pi/env-pysys/lib/python3.7/site-packages/pysys/process/user.py", line 1401, in addOutcome
    self.abort(outcome, outcomeReason, callRecord)
  File "/home/pi/env-pysys/lib/python3.7/site-packages/pysys/process/user.py", line 1420, in abort
    raise AbortExecution(outcome, outcomeReason, callRecord)
pysys.exceptions.AbortExecution: sudo&lt;remove_apama_project&gt; returned non-zero exit code 1
22:26:34 WARN  Cleanup failed with 1 errors: Cleanup function failed: sudo&lt;remove_apama_project&gt; returned non-zero exit code 1 (AbortExecution) ... blocked 
22:26:34 INFO  
22:26:34 INFO  Test duration: 0.72 secs
22:26:34 INFO  Test final outcome:  BLOCKED
22:26:34 INFO  Test outcome reason: sudo&lt;remove_apama_project&gt; returned non-zero exit code 1 (+2 other failures)
22:26:34 INFO  
</system-out>
	</testcase>
</testsuite><testsuite name="SoftwareManagement.sm_apt_install_download_path" tests="3" errors="0" failures="2" skipped="1" time="0"><testcase classname="AptInstallWithDownloadPath" name="SoftwareManagement.sm_apt_install_download_path">
		<skipped message="SKIPPED: Testing the apt plugin is not supported on this platform.Use parameter -XmyPlatform='container' to enable it" />
		<system-out>21:28:00 INFO  ==============================================================
21:28:00 INFO  Id:    SoftwareManagement.sm_apt_install_download_path
21:28:00 INFO  Dir:   software_management_end_to_end/
21:28:00 INFO  Title: Install package to directory specified in tedge config set tmp.path
21:28:00 INFO  ==============================================================
21:28:00 INFO  Testing the apt plugin is not supported on this platform.Use parameter -XmyPlatform='container' to enable it ... skipped
21:28:00 WARN  Aborted test due to SKIPPED outcome
21:28:00 INFO  
21:28:00 INFO  Test duration: 0.06 secs
21:28:00 INFO  Test final outcome:  SKIPPED
21:28:00 INFO  Test outcome reason: Testing the apt plugin is not supported on this platform.Use parameter -XmyPlatform='container' to enable it
21:28:00 INFO  
</system-out>
	</testcase>
<testcase classname="AptInstallWithDownloadPath" name="SoftwareManagement.sm_apt_install_download_path">
		<failure message="BLOCKED: AssertionError:" type="BLOCKED" />
		<system-out>21:51:41 INFO  ==============================================================
21:51:41 INFO  Id:    SoftwareManagement.sm_apt_install_download_path
21:51:41 INFO  Dir:   software_management_end_to_end/
21:51:41 INFO  Title: Install package to directory specified in tedge config set tmp.path
21:51:41 INFO  ==============================================================
21:51:41 INFO  Using sw id database: {'asciijump': '5475369', 'robotfindskitten': '5474869', 'squirrel3': '5475279', 'rolldice': '5152439', 'moon-buggy': '5439204', 'apple': '5495053', 'banana': '5494888', 'cherry': '5495382', 'watermelon': '5494510', 'registry': '8018911', 'hello-world': '8021526', 'docker/getting-started': '8021973', 'alpine': '7991792'}
21:51:41 INFO  EnvironmentC8y Setup
21:51:41 INFO  Executed systemctl&lt;serv_mapper1&gt;, exit status 3
21:51:56 INFO  Executed sudo&lt;tedge_connect_c8y&gt;, exit status 0, duration 14 secs
21:51:58 INFO  Executed sudo&lt;tedge_connect_c8y_test&gt;, exit status 0
21:51:59 INFO  Executed systemctl&lt;serv_mosq2&gt;, exit status 0
21:51:59 INFO  Executed systemctl&lt;serv_mapper3&gt;, exit status 0
21:52:02 INFO  State of current operation: SUCCESSFUL
21:52:02 INFO  Assert that (False == value) with value=False ... passed
21:52:02 INFO  Executed sudo, exit status 0
21:52:03 INFO  Executed sudo, exit status 0
21:52:03 INFO  Executed sudo, exit status 0
21:52:07 INFO  Executed sudo&lt;tedge_disconnect_c8y&gt;, exit status 0
21:52:08 INFO  Restarting mosquitto too frequently in the last 10 seconds. It was only up for 3 seconds
21:52:08 INFO  Delaying execution by 8 seconds
21:52:29 INFO  Executed sudo&lt;tedge_connect_c8y&gt;, exit status 0, duration 13 secs
21:52:30 INFO  Response status: 201
21:52:30 INFO  Response to action: {
    "creationTime": "2022-04-25T21:52:30.200Z",
    "deviceName": "m32sd10d",
    "deviceId": "17696821",
    "self": "https://t493319102.eu-latest.cumulocity.com/devicecontrol/operations/17708902",
    "id": "17708902",
    "status": "PENDING",
    "description": "Apply software changes, triggered from PySys: [{'name': 'rolldice', 'id': '5152439', 'version': '::apt', 'url': 'https://thin-edge-io.eu-latest.cumulocity.com/inventory/binaries/12435463', 'action': 'install'}]",
    "c8y_SoftwareUpdate": [
        {
            "name": "rolldice",
            "action": "install",
            "id": "5152439",
            "version": "::apt",
            "url": "https://thin-edge-io.eu-latest.cumulocity.com/inventory/binaries/12435463"
        }
    ]
}
21:52:30 INFO  Started operation: {'creationTime': '2022-04-25T21:52:30.200Z', 'deviceName': 'm32sd10d', 'deviceId': '17696821', 'self': 'https://t493319102.eu-latest.cumulocity.com/devicecontrol/operations/17708902', 'id': '17708902', 'status': 'PENDING', 'description': "Apply software changes, triggered from PySys: [{'name': 'rolldice', 'id': '5152439', 'version': '::apt', 'url': 'https://thin-edge-io.eu-latest.cumulocity.com/inventory/binaries/12435463', 'action': 'install'}]", 'c8y_SoftwareUpdate': [{'name': 'rolldice', 'action': 'install', 'id': '5152439', 'version': '::apt', 'url': 'https://thin-edge-io.eu-latest.cumulocity.com/inventory/binaries/12435463'}]}
21:52:30 WARN  , retrying in 0.5 seconds...
21:52:30 WARN  , retrying in 0.5 seconds...
21:52:31 WARN  , retrying in 0.5 seconds...
21:52:31 WARN  , retrying in 0.5 seconds...
21:52:32 WARN  , retrying in 0.5 seconds...
21:52:32 WARN  , retrying in 0.5 seconds...
21:52:33 WARN  , retrying in 0.5 seconds...
21:52:33 WARN  , retrying in 0.5 seconds...
21:52:34 WARN  , retrying in 0.5 seconds...
21:52:34 WARN  AssertionError occurred while running test - 
Traceback (most recent call last):
  File "/home/pi/env-pysys/lib/python3.7/site-packages/pysys/baserunner.py", line 1294, in __call__
    self.testObj.execute()
  File "/home/pi/actions-runner/_work/thin-edge.io/thin-edge.io/tests/PySys/software_management_end_to_end/sm_apt_install_download_path/run.py", line 83, in execute
    assert_install_in_download_path(install_directory=self.DOWNLOAD_DIR)
  File "/home/pi/env-pysys/lib/python3.7/site-packages/decorator.py", line 232, in fun
    return caller(func, *(extras + args), **kw)
  File "/home/pi/env-pysys/lib/python3.7/site-packages/retry/api.py", line 74, in retry_decorator
    logger)
  File "/home/pi/env-pysys/lib/python3.7/site-packages/retry/api.py", line 33, in __retry_internal
    return f()
  File "/home/pi/actions-runner/_work/thin-edge.io/thin-edge.io/tests/PySys/software_management_end_to_end/sm_apt_install_download_path/run.py", line 28, in assert_install_in_download_path
    assert "rolldice" in os.listdir(f"{install_directory}")
AssertionError
21:52:35 WARN  AssertionError: ... blocked 
21:52:35 INFO  
21:52:35 INFO  cleanup:
21:52:36 INFO  Executed sudo, exit status 0
21:52:36 INFO  Executed sudo, exit status 0
21:52:40 INFO  Executed sudo&lt;tedge_disconnect_c8y&gt;, exit status 0
21:52:40 INFO  Restarting mosquitto too frequently in the last 10 seconds. It was only up for 3 seconds
21:52:40 INFO  Delaying execution by 8 seconds
21:53:02 INFO  Executed sudo&lt;tedge_connect_c8y&gt;, exit status 0, duration 13 secs
21:53:07 INFO  Executed sudo&lt;tedge_disconnect_c8y&gt;, exit status 0
21:53:07 INFO  Executed systemctl&lt;serv_mapper5&gt;, exit status 3
21:53:07 INFO  
21:53:07 INFO  Test duration: 86.65 secs
21:53:07 INFO  Test final outcome:  BLOCKED
21:53:07 INFO  Test outcome reason: AssertionError:
21:53:07 INFO  
</system-out>
	</testcase>
<testcase classname="AptInstallWithDownloadPath" name="SoftwareManagement.sm_apt_install_download_path">
		<failure message="BLOCKED: AssertionError:" type="BLOCKED" />
		<system-out>22:26:35 INFO  ==============================================================
22:26:35 INFO  Id:    SoftwareManagement.sm_apt_install_download_path
22:26:35 INFO  Dir:   software_management_end_to_end/
22:26:35 INFO  Title: Install package to directory specified in tedge config set tmp.path
22:26:35 INFO  ==============================================================
22:26:36 INFO  Using sw id database: {'asciijump': '5475369', 'robotfindskitten': '5474869', 'squirrel3': '5475279', 'rolldice': '5152439', 'moon-buggy': '5439204', 'apple': '5495053', 'banana': '5494888', 'cherry': '5495382', 'watermelon': '5494510', 'registry': '8018911', 'hello-world': '8021526', 'docker/getting-started': '8021973', 'alpine': '7991792'}
22:26:36 INFO  EnvironmentC8y Setup
22:26:37 INFO  Executed systemctl&lt;serv_mapper1&gt;, exit status 3
22:26:51 INFO  Executed sudo&lt;tedge_connect_c8y&gt;, exit status 0, duration 14 secs
22:26:52 INFO  Executed sudo&lt;tedge_connect_c8y_test&gt;, exit status 0
22:26:52 INFO  Executed systemctl&lt;serv_mosq2&gt;, exit status 0
22:26:53 INFO  Executed systemctl&lt;serv_mapper3&gt;, exit status 0
22:26:55 INFO  State of current operation: SUCCESSFUL
22:26:55 INFO  Assert that (False == value) with value=False ... passed
22:26:56 INFO  Executed sudo, exit status 0
22:26:56 INFO  Executed sudo, exit status 0
22:26:57 INFO  Executed sudo, exit status 0
22:27:01 INFO  Executed sudo&lt;tedge_disconnect_c8y&gt;, exit status 0
22:27:01 INFO  Restarting mosquitto too frequently in the last 10 seconds. It was only up for 4 seconds
22:27:01 INFO  Delaying execution by 7 seconds
22:27:21 INFO  Executed sudo&lt;tedge_connect_c8y&gt;, exit status 0, duration 13 secs
22:27:22 INFO  Response status: 201
22:27:22 INFO  Response to action: {
    "delivery": {
        "time": "2022-04-25T22:27:22.131Z",
        "log": [],
        "status": "PENDING"
    },
    "creationTime": "2022-04-25T22:27:22.120Z",
    "deviceName": "m32sd10d",
    "deviceId": "17696821",
    "self": "https://t493319102.eu-latest.cumulocity.com/devicecontrol/operations/17709038",
    "id": "17709038",
    "status": "PENDING",
    "description": "Apply software changes, triggered from PySys: [{'name': 'rolldice', 'id': '5152439', 'version': '::apt', 'url': 'https://thin-edge-io.eu-latest.cumulocity.com/inventory/binaries/12435463', 'action': 'install'}]",
    "c8y_SoftwareUpdate": [
        {
            "name": "rolldice",
            "action": "install",
            "id": "5152439",
            "version": "::apt",
            "url": "https://thin-edge-io.eu-latest.cumulocity.com/inventory/binaries/12435463"
        }
    ]
}
22:27:22 INFO  Started operation: {'delivery': {'time': '2022-04-25T22:27:22.131Z', 'log': [], 'status': 'PENDING'}, 'creationTime': '2022-04-25T22:27:22.120Z', 'deviceName': 'm32sd10d', 'deviceId': '17696821', 'self': 'https://t493319102.eu-latest.cumulocity.com/devicecontrol/operations/17709038', 'id': '17709038', 'status': 'PENDING', 'description': "Apply software changes, triggered from PySys: [{'name': 'rolldice', 'id': '5152439', 'version': '::apt', 'url': 'https://thin-edge-io.eu-latest.cumulocity.com/inventory/binaries/12435463', 'action': 'install'}]", 'c8y_SoftwareUpdate': [{'name': 'rolldice', 'action': 'install', 'id': '5152439', 'version': '::apt', 'url': 'https://thin-edge-io.eu-latest.cumulocity.com/inventory/binaries/12435463'}]}
22:27:22 WARN  , retrying in 0.5 seconds...
22:27:22 WARN  , retrying in 0.5 seconds...
22:27:23 WARN  , retrying in 0.5 seconds...
22:27:23 WARN  , retrying in 0.5 seconds...
22:27:24 WARN  , retrying in 0.5 seconds...
22:27:24 WARN  , retrying in 0.5 seconds...
22:27:25 WARN  , retrying in 0.5 seconds...
22:27:25 WARN  , retrying in 0.5 seconds...
22:27:26 WARN  , retrying in 0.5 seconds...
22:27:26 WARN  AssertionError occurred while running test - 
Traceback (most recent call last):
  File "/home/pi/env-pysys/lib/python3.7/site-packages/pysys/baserunner.py", line 1294, in __call__
    self.testObj.execute()
  File "/home/pi/actions-runner/_work/thin-edge.io/thin-edge.io/tests/PySys/software_management_end_to_end/sm_apt_install_download_path/run.py", line 83, in execute
    assert_install_in_download_path(install_directory=self.DOWNLOAD_DIR)
  File "/home/pi/env-pysys/lib/python3.7/site-packages/decorator.py", line 232, in fun
    return caller(func, *(extras + args), **kw)
  File "/home/pi/env-pysys/lib/python3.7/site-packages/retry/api.py", line 74, in retry_decorator
    logger)
  File "/home/pi/env-pysys/lib/python3.7/site-packages/retry/api.py", line 33, in __retry_internal
    return f()
  File "/home/pi/actions-runner/_work/thin-edge.io/thin-edge.io/tests/PySys/software_management_end_to_end/sm_apt_install_download_path/run.py", line 28, in assert_install_in_download_path
    assert "rolldice" in os.listdir(f"{install_directory}")
AssertionError
22:27:26 WARN  AssertionError: ... blocked 
22:27:26 INFO  
22:27:26 INFO  cleanup:
22:27:27 INFO  Executed sudo, exit status 0
22:27:27 INFO  Executed sudo, exit status 0
22:27:32 INFO  Executed sudo&lt;tedge_disconnect_c8y&gt;, exit status 0
22:27:32 INFO  Restarting mosquitto too frequently in the last 10 seconds. It was only up for 4 seconds
22:27:32 INFO  Delaying execution by 7 seconds
22:27:53 INFO  Executed sudo&lt;tedge_connect_c8y&gt;, exit status 0, duration 14 secs
22:27:57 INFO  Executed sudo&lt;tedge_disconnect_c8y&gt;, exit status 0
22:27:58 INFO  Executed systemctl&lt;serv_mapper5&gt;, exit status 3
22:27:58 INFO  
22:27:58 INFO  Test duration: 83.31 secs
22:27:58 INFO  Test final outcome:  BLOCKED
22:27:58 INFO  Test outcome reason: AssertionError:
22:27:58 INFO  
</system-out>
	</testcase>
</testsuite><testsuite name="SoftwareManagement.sm_apt_install_fail" tests="3" errors="0" failures="0" skipped="1" time="0"><testcase classname="PySysTest" name="SoftwareManagement.sm_apt_install_fail">
		<skipped message="SKIPPED: Testing the apt plugin is not supported on this platform.Use parameter -XmyPlatform='container' to enable it" />
		<system-out>21:28:00 INFO  ==============================================================
21:28:00 INFO  Id:    SoftwareManagement.sm_apt_install_fail
21:28:00 INFO  Dir:   software_management_end_to_end/
21:28:00 INFO  Title: Validate end to end behaviour for a failing installation
21:28:00 INFO  ==============================================================
21:28:00 INFO  Testing the apt plugin is not supported on this platform.Use parameter -XmyPlatform='container' to enable it ... skipped
21:28:00 WARN  Aborted test due to SKIPPED outcome
21:28:00 INFO  
21:28:00 INFO  Test duration: 0.02 secs
21:28:00 INFO  Test final outcome:  SKIPPED
21:28:00 INFO  Test outcome reason: Testing the apt plugin is not supported on this platform.Use parameter -XmyPlatform='container' to enable it
21:28:00 INFO  
</system-out>
	</testcase>
<testcase classname="PySysTest" name="SoftwareManagement.sm_apt_install_fail" />
<testcase classname="PySysTest" name="SoftwareManagement.sm_apt_install_fail" />
</testsuite><testsuite name="SoftwareManagement.sm_apt_install_remove" tests="3" errors="0" failures="0" skipped="1" time="0"><testcase classname="PySysTest" name="SoftwareManagement.sm_apt_install_remove">
		<skipped message="SKIPPED: Testing the apt plugin is not supported on this platform.Use parameter -XmyPlatform='container' to enable it" />
		<system-out>21:28:00 INFO  ==============================================================
21:28:00 INFO  Id:    SoftwareManagement.sm_apt_install_remove
21:28:00 INFO  Dir:   software_management_end_to_end/
21:28:00 INFO  Title: Validate end to end behaviour for the apt plugin for installation and removal of packages
21:28:00 INFO  ==============================================================
21:28:00 INFO  Testing the apt plugin is not supported on this platform.Use parameter -XmyPlatform='container' to enable it ... skipped
21:28:00 WARN  Aborted test due to SKIPPED outcome
21:28:00 INFO  
21:28:00 INFO  Test duration: 0.03 secs
21:28:00 INFO  Test final outcome:  SKIPPED
21:28:00 INFO  Test outcome reason: Testing the apt plugin is not supported on this platform.Use parameter -XmyPlatform='container' to enable it
21:28:00 INFO  
</system-out>
	</testcase>
<testcase classname="PySysTest" name="SoftwareManagement.sm_apt_install_remove" />
<testcase classname="PySysTest" name="SoftwareManagement.sm_apt_install_remove" />
</testsuite><testsuite name="SoftwareManagement.sm_apt_install_remove_default" tests="3" errors="0" failures="0" skipped="1" time="0"><testcase classname="PySysTest" name="SoftwareManagement.sm_apt_install_remove_default">
		<skipped message="SKIPPED: Testing the apt plugin is not supported on this platform.Use parameter -XmyPlatform='container' to enable it" />
		<system-out>21:28:00 INFO  ==============================================================
21:28:00 INFO  Id:    SoftwareManagement.sm_apt_install_remove_default
21:28:00 INFO  Dir:   software_management_end_to_end/
21:28:00 INFO  Title: Validate end to end behaviour for the default plugin for installation and removal of packages
21:28:00 INFO  ==============================================================
21:28:00 INFO  Testing the apt plugin is not supported on this platform.Use parameter -XmyPlatform='container' to enable it ... skipped
21:28:00 WARN  Aborted test due to SKIPPED outcome
21:28:00 INFO  
21:28:00 INFO  Test duration: 0.04 secs
21:28:00 INFO  Test final outcome:  SKIPPED
21:28:00 INFO  Test outcome reason: Testing the apt plugin is not supported on this platform.Use parameter -XmyPlatform='container' to enable it
21:28:00 INFO  
</system-out>
	</testcase>
<testcase classname="PySysTest" name="SoftwareManagement.sm_apt_install_remove_default" />
<testcase classname="PySysTest" name="SoftwareManagement.sm_apt_install_remove_default" />
</testsuite><testsuite name="SoftwareManagement.sm_apt_install_remove_multiple" tests="3" errors="0" failures="2" skipped="1" time="0"><testcase classname="PySysTest" name="SoftwareManagement.sm_apt_install_remove_multiple">
		<skipped message="SKIPPED: Testing the apt plugin is not supported on this platform.Use parameter -XmyPlatform='container' to enable it" />
		<system-out>21:28:01 INFO  ==============================================================
21:28:01 INFO  Id:    SoftwareManagement.sm_apt_install_remove_multiple
21:28:01 INFO  Dir:   software_management_end_to_end/
21:28:01 INFO  Title: Validate end to end behaviour for the apt plugin for multiple packages
21:28:01 INFO  ==============================================================
21:28:01 INFO  Testing the apt plugin is not supported on this platform.Use parameter -XmyPlatform='container' to enable it ... skipped
21:28:01 WARN  Aborted test due to SKIPPED outcome
21:28:01 INFO  
21:28:01 INFO  Test duration: 0.03 secs
21:28:01 INFO  Test final outcome:  SKIPPED
21:28:01 INFO  Test outcome reason: Testing the apt plugin is not supported on this platform.Use parameter -XmyPlatform='container' to enable it
21:28:01 INFO  
</system-out>
	</testcase>
<testcase classname="PySysTest" name="SoftwareManagement.sm_apt_install_remove_multiple">
		<failure message="FAILED: Assert that (False == value) with value=True" type="FAILED" />
		<system-out>21:59:52 INFO  ==============================================================
21:59:52 INFO  Id:    SoftwareManagement.sm_apt_install_remove_multiple
21:59:52 INFO  Dir:   software_management_end_to_end/
21:59:52 INFO  Title: Validate end to end behaviour for the apt plugin for multiple packages
21:59:52 INFO  ==============================================================
21:59:52 INFO  Using sw id database: {'asciijump': '5475369', 'robotfindskitten': '5474869', 'squirrel3': '5475279', 'rolldice': '5152439', 'moon-buggy': '5439204', 'apple': '5495053', 'banana': '5494888', 'cherry': '5495382', 'watermelon': '5494510', 'registry': '8018911', 'hello-world': '8021526', 'docker/getting-started': '8021973', 'alpine': '7991792'}
21:59:52 INFO  EnvironmentC8y Setup
21:59:52 INFO  Executed systemctl&lt;serv_mapper1&gt;, exit status 3
21:59:53 INFO  Restarting mosquitto too frequently in the last 10 seconds. It was only up for 4 seconds
21:59:53 INFO  Delaying execution by 7 seconds
22:00:13 INFO  Executed sudo&lt;tedge_connect_c8y&gt;, exit status 0, duration 13 secs
22:00:14 INFO  Executed sudo&lt;tedge_connect_c8y_test&gt;, exit status 0
22:00:15 INFO  Executed systemctl&lt;serv_mosq2&gt;, exit status 0
22:00:15 INFO  Executed systemctl&lt;serv_mapper3&gt;, exit status 0
22:00:17 INFO  State of current operation: SUCCESSFUL
22:00:17 INFO  Assert that (False == value) with value=False ... passed
22:00:18 INFO  Assert that (False == value) with value=False ... passed
22:00:18 INFO  Assert that (False == value) with value=False ... passed
22:00:18 INFO  Package robotfindskitten is installed
22:00:18 WARN  Assert that (False == value) with value=True ... failed 
22:00:18 INFO  Response status: 201
22:00:18 INFO  Response to action: {
    "creationTime": "2022-04-25T22:00:18.920Z",
    "deviceName": "m32sd10d",
    "deviceId": "17696821",
    "self": "https://t493319102.eu-latest.cumulocity.com/devicecontrol/operations/17708957",
    "id": "17708957",
    "status": "PENDING",
    "description": "Apply software changes, triggered from PySys: [{'action': 'install', 'id': '5475369', 'name': 'asciijump', 'url': ' ', 'version': '::apt'}, {'action': 'install', 'id': '5474869', 'name': 'robotfindskitten', 'url': ' ', 'version': '::apt'}, {'action': 'install', 'id': '5475279', 'name': 'squirrel3', 'url': ' ', 'version': '::apt'}]",
    "c8y_SoftwareUpdate": [
        {
            "name": "asciijump",
            "action": "install",
            "id": "5475369",
            "version": "::apt",
            "url": " "
        },
        {
            "name": "robotfindskitten",
            "action": "install",
            "id": "5474869",
            "version": "::apt",
            "url": " "
        },
        {
            "name": "squirrel3",
            "action": "install",
            "id": "5475279",
            "version": "::apt",
            "url": " "
        }
    ]
}
22:00:18 INFO  Started operation: {'creationTime': '2022-04-25T22:00:18.920Z', 'deviceName': 'm32sd10d', 'deviceId': '17696821', 'self': 'https://t493319102.eu-latest.cumulocity.com/devicecontrol/operations/17708957', 'id': '17708957', 'status': 'PENDING', 'description': "Apply software changes, triggered from PySys: [{'action': 'install', 'id': '5475369', 'name': 'asciijump', 'url': ' ', 'version': '::apt'}, {'action': 'install', 'id': '5474869', 'name': 'robotfindskitten', 'url': ' ', 'version': '::apt'}, {'action': 'install', 'id': '5475279', 'name': 'squirrel3', 'url': ' ', 'version': '::apt'}]", 'c8y_SoftwareUpdate': [{'name': 'asciijump', 'action': 'install', 'id': '5475369', 'version': '::apt', 'url': ' '}, {'name': 'robotfindskitten', 'action': 'install', 'id': '5474869', 'version': '::apt', 'url': ' '}, {'name': 'squirrel3', 'action': 'install', 'id': '5475279', 'version': '::apt', 'url': ' '}]}
22:00:21 INFO  State of operation 17708957 : PENDING
22:00:23 INFO  State of operation 17708957 : EXECUTING
22:00:25 INFO  State of operation 17708957 : EXECUTING
22:00:28 INFO  State of operation 17708957 : EXECUTING
22:00:30 INFO  State of operation 17708957 : EXECUTING
22:00:32 INFO  State of operation 17708957 : EXECUTING
22:00:35 INFO  State of operation 17708957 : EXECUTING
22:00:37 INFO  State of operation 17708957 : EXECUTING
22:00:40 INFO  State of operation 17708957 : EXECUTING
22:00:42 INFO  State of operation 17708957 : EXECUTING
22:00:44 INFO  State of operation 17708957 : EXECUTING
22:00:47 INFO  State of operation 17708957 : EXECUTING
22:00:49 INFO  State of operation 17708957 : EXECUTING
22:00:51 INFO  State of operation 17708957 : EXECUTING
22:00:53 INFO  State of operation 17708957 : EXECUTING
22:00:56 INFO  State of operation 17708957 : EXECUTING
22:00:58 INFO  State of operation 17708957 : EXECUTING
22:01:01 INFO  State of operation 17708957 : EXECUTING
22:01:03 INFO  State of operation 17708957 : EXECUTING
22:01:05 INFO  State of operation 17708957 : EXECUTING
22:01:07 INFO  State of operation 17708957 : EXECUTING
22:01:10 INFO  State of operation 17708957 : EXECUTING
22:01:12 INFO  State of operation 17708957 : EXECUTING
22:01:14 INFO  State of operation 17708957 : EXECUTING
22:01:17 INFO  State of operation 17708957 : EXECUTING
22:01:19 INFO  State of operation 17708957 : EXECUTING
22:01:22 INFO  State of operation 17708957 : EXECUTING
22:01:24 INFO  State of operation 17708957 : EXECUTING
22:01:27 INFO  State of operation 17708957 : EXECUTING
22:01:29 INFO  State of operation 17708957 : EXECUTING
22:01:31 INFO  State of operation 17708957 : EXECUTING
22:01:33 INFO  State of operation 17708957 : EXECUTING
22:01:36 INFO  State of operation 17708957 : EXECUTING
22:01:38 INFO  State of operation 17708957 : EXECUTING
22:01:40 INFO  State of operation 17708957 : SUCCESSFUL
22:01:40 INFO  Assert that (False == value) with value=False ... passed
22:01:41 INFO  Package asciijump is installed
22:01:41 INFO  Assert that (True == value) with value=True ... passed
22:01:41 INFO  Package squirrel3 is installed
22:01:41 INFO  Assert that (True == value) with value=True ... passed
22:01:41 INFO  Package robotfindskitten is installed
22:01:41 INFO  Assert that (True == value) with value=True ... passed
22:01:41 INFO  Response status: 201
22:01:41 INFO  Response to action: {
    "creationTime": "2022-04-25T22:01:41.741Z",
    "deviceName": "m32sd10d",
    "deviceId": "17696821",
    "self": "https://t493319102.eu-latest.cumulocity.com/devicecontrol/operations/17708965",
    "id": "17708965",
    "status": "PENDING",
    "description": "Apply software changes, triggered from PySys: [{'action': 'delete', 'id': '5475369', 'name': 'asciijump', 'url': ' ', 'version': '::apt'}, {'action': 'delete', 'id': '5474869', 'name': 'robotfindskitten', 'url': ' ', 'version': '::apt'}, {'action': 'delete', 'id': '5475279', 'name': 'squirrel3', 'url': ' ', 'version': '::apt'}]",
    "c8y_SoftwareUpdate": [
        {
            "name": "asciijump",
            "action": "delete",
            "id": "5475369",
            "version": "::apt",
            "url": " "
        },
        {
            "name": "robotfindskitten",
            "action": "delete",
            "id": "5474869",
            "version": "::apt",
            "url": " "
        },
        {
            "name": "squirrel3",
            "action": "delete",
            "id": "5475279",
            "version": "::apt",
            "url": " "
        }
    ]
}
22:01:41 INFO  Started operation: {'creationTime': '2022-04-25T22:01:41.741Z', 'deviceName': 'm32sd10d', 'deviceId': '17696821', 'self': 'https://t493319102.eu-latest.cumulocity.com/devicecontrol/operations/17708965', 'id': '17708965', 'status': 'PENDING', 'description': "Apply software changes, triggered from PySys: [{'action': 'delete', 'id': '5475369', 'name': 'asciijump', 'url': ' ', 'version': '::apt'}, {'action': 'delete', 'id': '5474869', 'name': 'robotfindskitten', 'url': ' ', 'version': '::apt'}, {'action': 'delete', 'id': '5475279', 'name': 'squirrel3', 'url': ' ', 'version': '::apt'}]", 'c8y_SoftwareUpdate': [{'name': 'asciijump', 'action': 'delete', 'id': '5475369', 'version': '::apt', 'url': ' '}, {'name': 'robotfindskitten', 'action': 'delete', 'id': '5474869', 'version': '::apt', 'url': ' '}, {'name': 'squirrel3', 'action': 'delete', 'id': '5475279', 'version': '::apt', 'url': ' '}]}
22:01:44 INFO  State of operation 17708965 : PENDING
22:01:46 INFO  State of operation 17708965 : EXECUTING
22:01:48 INFO  State of operation 17708965 : EXECUTING
22:01:50 INFO  State of operation 17708965 : EXECUTING
22:01:52 INFO  State of operation 17708965 : EXECUTING
22:01:55 INFO  State of operation 17708965 : EXECUTING
22:01:58 INFO  State of operation 17708965 : EXECUTING
22:02:00 INFO  State of operation 17708965 : EXECUTING
22:02:03 INFO  State of operation 17708965 : EXECUTING
22:02:05 INFO  State of operation 17708965 : EXECUTING
22:02:07 INFO  State of operation 17708965 : EXECUTING
22:02:09 INFO  State of operation 17708965 : EXECUTING
22:02:11 INFO  State of operation 17708965 : EXECUTING
22:02:14 INFO  State of operation 17708965 : EXECUTING
22:02:16 INFO  State of operation 17708965 : EXECUTING
22:02:18 INFO  State of operation 17708965 : EXECUTING
22:02:21 INFO  State of operation 17708965 : EXECUTING
22:02:23 INFO  State of operation 17708965 : EXECUTING
22:02:26 INFO  State of operation 17708965 : EXECUTING
22:02:28 INFO  State of operation 17708965 : EXECUTING
22:02:30 INFO  State of operation 17708965 : EXECUTING
22:02:33 INFO  State of operation 17708965 : EXECUTING
22:02:35 INFO  State of operation 17708965 : EXECUTING
22:02:37 INFO  State of operation 17708965 : EXECUTING
22:02:40 INFO  State of operation 17708965 : EXECUTING
22:02:42 INFO  State of operation 17708965 : EXECUTING
22:02:44 INFO  State of operation 17708965 : EXECUTING
22:02:46 INFO  State of operation 17708965 : SUCCESSFUL
22:02:47 INFO  Assert that (False == value) with value=False ... passed
22:02:47 INFO  Assert that (False == value) with value=False ... passed
22:02:47 INFO  Assert that (False == value) with value=False ... passed
22:02:47 INFO  Assert that (False == value) with value=False ... passed
22:02:47 INFO  
22:02:47 INFO  cleanup:
22:02:51 INFO  Executed sudo&lt;tedge_disconnect_c8y&gt;, exit status 0
22:02:52 INFO  Executed systemctl&lt;serv_mapper5&gt;, exit status 3
22:02:52 INFO  
22:02:52 INFO  Test duration: 180.13 secs
22:02:52 INFO  Test final outcome:  FAILED
22:02:52 INFO  Test outcome reason: Assert that (False == value) with value=True
22:02:52 INFO  
</system-out>
	</testcase>
<testcase classname="PySysTest" name="SoftwareManagement.sm_apt_install_remove_multiple">
		<failure message="FAILED: Assert that (False == value) with value=True (+2 other failures)" type="FAILED" />
		<system-out>22:34:35 INFO  ==============================================================
22:34:35 INFO  Id:    SoftwareManagement.sm_apt_install_remove_multiple
22:34:35 INFO  Dir:   software_management_end_to_end/
22:34:35 INFO  Title: Validate end to end behaviour for the apt plugin for multiple packages
22:34:35 INFO  ==============================================================
22:34:35 INFO  Using sw id database: {'asciijump': '5475369', 'robotfindskitten': '5474869', 'squirrel3': '5475279', 'rolldice': '5152439', 'moon-buggy': '5439204', 'apple': '5495053', 'banana': '5494888', 'cherry': '5495382', 'watermelon': '5494510', 'registry': '8018911', 'hello-world': '8021526', 'docker/getting-started': '8021973', 'alpine': '7991792'}
22:34:35 INFO  EnvironmentC8y Setup
22:34:36 INFO  Executed systemctl&lt;serv_mapper1&gt;, exit status 3
22:34:36 INFO  Restarting mosquitto too frequently in the last 10 seconds. It was only up for 5 seconds
22:34:36 INFO  Delaying execution by 6 seconds
22:34:56 INFO  Executed sudo&lt;tedge_connect_c8y&gt;, exit status 0, duration 13 secs
22:34:56 INFO  Executed sudo&lt;tedge_connect_c8y_test&gt;, exit status 0
22:34:57 INFO  Executed systemctl&lt;serv_mosq2&gt;, exit status 0
22:34:57 INFO  Executed systemctl&lt;serv_mapper3&gt;, exit status 0
22:35:00 INFO  State of current operation: SUCCESSFUL
22:35:00 INFO  Assert that (False == value) with value=False ... passed
22:35:00 INFO  Package asciijump is installed
22:35:00 WARN  Assert that (False == value) with value=True ... failed 
22:35:01 INFO  Package squirrel3 is installed
22:35:01 WARN  Assert that (False == value) with value=True ... failed 
22:35:01 INFO  Package robotfindskitten is installed
22:35:01 WARN  Assert that (False == value) with value=True ... failed 
22:35:01 INFO  Response status: 201
22:35:01 INFO  Response to action: {
    "creationTime": "2022-04-25T22:35:01.577Z",
    "deviceName": "m32sd10d",
    "deviceId": "17696821",
    "self": "https://t493319102.eu-latest.cumulocity.com/devicecontrol/operations/17709064",
    "id": "17709064",
    "status": "PENDING",
    "description": "Apply software changes, triggered from PySys: [{'action': 'install', 'id': '5475369', 'name': 'asciijump', 'url': ' ', 'version': '::apt'}, {'action': 'install', 'id': '5474869', 'name': 'robotfindskitten', 'url': ' ', 'version': '::apt'}, {'action': 'install', 'id': '5475279', 'name': 'squirrel3', 'url': ' ', 'version': '::apt'}]",
    "c8y_SoftwareUpdate": [
        {
            "name": "asciijump",
            "action": "install",
            "id": "5475369",
            "version": "::apt",
            "url": " "
        },
        {
            "name": "robotfindskitten",
            "action": "install",
            "id": "5474869",
            "version": "::apt",
            "url": " "
        },
        {
            "name": "squirrel3",
            "action": "install",
            "id": "5475279",
            "version": "::apt",
            "url": " "
        }
    ]
}
22:35:01 INFO  Started operation: {'creationTime': '2022-04-25T22:35:01.577Z', 'deviceName': 'm32sd10d', 'deviceId': '17696821', 'self': 'https://t493319102.eu-latest.cumulocity.com/devicecontrol/operations/17709064', 'id': '17709064', 'status': 'PENDING', 'description': "Apply software changes, triggered from PySys: [{'action': 'install', 'id': '5475369', 'name': 'asciijump', 'url': ' ', 'version': '::apt'}, {'action': 'install', 'id': '5474869', 'name': 'robotfindskitten', 'url': ' ', 'version': '::apt'}, {'action': 'install', 'id': '5475279', 'name': 'squirrel3', 'url': ' ', 'version': '::apt'}]", 'c8y_SoftwareUpdate': [{'name': 'asciijump', 'action': 'install', 'id': '5475369', 'version': '::apt', 'url': ' '}, {'name': 'robotfindskitten', 'action': 'install', 'id': '5474869', 'version': '::apt', 'url': ' '}, {'name': 'squirrel3', 'action': 'install', 'id': '5475279', 'version': '::apt', 'url': ' '}]}
22:35:03 INFO  State of operation 17709064 : PENDING
22:35:06 INFO  State of operation 17709064 : EXECUTING
22:35:08 INFO  State of operation 17709064 : EXECUTING
22:35:10 INFO  State of operation 17709064 : EXECUTING
22:35:12 INFO  State of operation 17709064 : EXECUTING
22:35:14 INFO  State of operation 17709064 : EXECUTING
22:35:17 INFO  State of operation 17709064 : EXECUTING
22:35:20 INFO  State of operation 17709064 : EXECUTING
22:35:22 INFO  State of operation 17709064 : EXECUTING
22:35:25 INFO  State of operation 17709064 : EXECUTING
22:35:27 INFO  State of operation 17709064 : EXECUTING
22:35:29 INFO  State of operation 17709064 : EXECUTING
22:35:31 INFO  State of operation 17709064 : EXECUTING
22:35:34 INFO  State of operation 17709064 : EXECUTING
22:35:36 INFO  State of operation 17709064 : EXECUTING
22:35:38 INFO  State of operation 17709064 : SUCCESSFUL
22:35:38 INFO  Assert that (False == value) with value=False ... passed
22:35:39 INFO  Package asciijump is installed
22:35:39 INFO  Assert that (True == value) with value=True ... passed
22:35:39 INFO  Package squirrel3 is installed
22:35:39 INFO  Assert that (True == value) with value=True ... passed
22:35:39 INFO  Package robotfindskitten is installed
22:35:39 INFO  Assert that (True == value) with value=True ... passed
22:35:39 INFO  Response status: 201
22:35:39 INFO  Response to action: {
    "creationTime": "2022-04-25T22:35:39.708Z",
    "deviceName": "m32sd10d",
    "deviceId": "17696821",
    "self": "https://t493319102.eu-latest.cumulocity.com/devicecontrol/operations/17709066",
    "id": "17709066",
    "status": "PENDING",
    "description": "Apply software changes, triggered from PySys: [{'action': 'delete', 'id': '5475369', 'name': 'asciijump', 'url': ' ', 'version': '::apt'}, {'action': 'delete', 'id': '5474869', 'name': 'robotfindskitten', 'url': ' ', 'version': '::apt'}, {'action': 'delete', 'id': '5475279', 'name': 'squirrel3', 'url': ' ', 'version': '::apt'}]",
    "c8y_SoftwareUpdate": [
        {
            "name": "asciijump",
            "action": "delete",
            "id": "5475369",
            "version": "::apt",
            "url": " "
        },
        {
            "name": "robotfindskitten",
            "action": "delete",
            "id": "5474869",
            "version": "::apt",
            "url": " "
        },
        {
            "name": "squirrel3",
            "action": "delete",
            "id": "5475279",
            "version": "::apt",
            "url": " "
        }
    ]
}
22:35:39 INFO  Started operation: {'creationTime': '2022-04-25T22:35:39.708Z', 'deviceName': 'm32sd10d', 'deviceId': '17696821', 'self': 'https://t493319102.eu-latest.cumulocity.com/devicecontrol/operations/17709066', 'id': '17709066', 'status': 'PENDING', 'description': "Apply software changes, triggered from PySys: [{'action': 'delete', 'id': '5475369', 'name': 'asciijump', 'url': ' ', 'version': '::apt'}, {'action': 'delete', 'id': '5474869', 'name': 'robotfindskitten', 'url': ' ', 'version': '::apt'}, {'action': 'delete', 'id': '5475279', 'name': 'squirrel3', 'url': ' ', 'version': '::apt'}]", 'c8y_SoftwareUpdate': [{'name': 'asciijump', 'action': 'delete', 'id': '5475369', 'version': '::apt', 'url': ' '}, {'name': 'robotfindskitten', 'action': 'delete', 'id': '5474869', 'version': '::apt', 'url': ' '}, {'name': 'squirrel3', 'action': 'delete', 'id': '5475279', 'version': '::apt', 'url': ' '}]}
22:35:41 INFO  State of operation 17709066 : PENDING
22:35:44 INFO  State of operation 17709066 : EXECUTING
22:35:46 INFO  State of operation 17709066 : EXECUTING
22:35:48 INFO  State of operation 17709066 : EXECUTING
22:35:50 INFO  State of operation 17709066 : EXECUTING
22:35:53 INFO  State of operation 17709066 : EXECUTING
22:35:55 INFO  State of operation 17709066 : EXECUTING
22:35:58 INFO  State of operation 17709066 : EXECUTING
22:36:00 INFO  State of operation 17709066 : EXECUTING
22:36:03 INFO  State of operation 17709066 : EXECUTING
22:36:05 INFO  State of operation 17709066 : EXECUTING
22:36:07 INFO  State of operation 17709066 : EXECUTING
22:36:09 INFO  State of operation 17709066 : EXECUTING
22:36:12 INFO  State of operation 17709066 : EXECUTING
22:36:14 INFO  State of operation 17709066 : EXECUTING
22:36:16 INFO  State of operation 17709066 : EXECUTING
22:36:19 INFO  State of operation 17709066 : EXECUTING
22:36:21 INFO  State of operation 17709066 : EXECUTING
22:36:24 INFO  State of operation 17709066 : EXECUTING
22:36:26 INFO  State of operation 17709066 : EXECUTING
22:36:28 INFO  State of operation 17709066 : EXECUTING
22:36:31 INFO  State of operation 17709066 : EXECUTING
22:36:33 INFO  State of operation 17709066 : EXECUTING
22:36:35 INFO  State of operation 17709066 : EXECUTING
22:36:37 INFO  State of operation 17709066 : EXECUTING
22:36:40 INFO  State of operation 17709066 : EXECUTING
22:36:43 INFO  State of operation 17709066 : EXECUTING
22:36:45 INFO  State of operation 17709066 : EXECUTING
22:36:47 INFO  State of operation 17709066 : SUCCESSFUL
22:36:48 INFO  Assert that (False == value) with value=False ... passed
22:36:48 INFO  Assert that (False == value) with value=False ... passed
22:36:48 INFO  Assert that (False == value) with value=False ... passed
22:36:48 INFO  Assert that (False == value) with value=False ... passed
22:36:48 INFO  
22:36:48 INFO  cleanup:
22:36:52 INFO  Executed sudo&lt;tedge_disconnect_c8y&gt;, exit status 0
22:36:53 INFO  Executed systemctl&lt;serv_mapper5&gt;, exit status 3
22:36:53 INFO  
22:36:53 INFO  Test duration: 137.90 secs
22:36:53 INFO  Test final outcome:  FAILED
22:36:53 INFO  Test outcome reason: Assert that (False == value) with value=True (+2 other failures)
22:36:53 INFO  
</system-out>
	</testcase>
</testsuite><testsuite name="SoftwareManagement.sm_apt_install_remove_multiple_mixed" tests="3" errors="0" failures="2" skipped="1" time="0"><testcase classname="PySysTest" name="SoftwareManagement.sm_apt_install_remove_multiple_mixed">
		<skipped message="SKIPPED: Testing the apt plugin is not supported on this platform.Use parameter -XmyPlatform='container' to enable it" />
		<system-out>21:28:01 INFO  ==============================================================
21:28:01 INFO  Id:    SoftwareManagement.sm_apt_install_remove_multiple_mixed
21:28:01 INFO  Dir:   software_management_end_to_end/
21:28:01 INFO  Title: Validate end to end behaviour for the apt plugin for multiple packages with mixed versions
21:28:01 INFO  ==============================================================
21:28:01 INFO  Testing the apt plugin is not supported on this platform.Use parameter -XmyPlatform='container' to enable it ... skipped
21:28:01 WARN  Aborted test due to SKIPPED outcome
21:28:01 INFO  
21:28:01 INFO  Test duration: 0.03 secs
21:28:01 INFO  Test final outcome:  SKIPPED
21:28:01 INFO  Test outcome reason: Testing the apt plugin is not supported on this platform.Use parameter -XmyPlatform='container' to enable it
21:28:01 INFO  
</system-out>
	</testcase>
<testcase classname="PySysTest" name="SoftwareManagement.sm_apt_install_remove_multiple_mixed">
		<failure message="BLOCKED: SystemError: Timeout while waiting for status SUCCESSFUL or False" type="BLOCKED" />
		<system-out>22:02:52 INFO  ==============================================================
22:02:52 INFO  Id:    SoftwareManagement.sm_apt_install_remove_multiple_mixed
22:02:52 INFO  Dir:   software_management_end_to_end/
22:02:52 INFO  Title: Validate end to end behaviour for the apt plugin for multiple packages with mixed versions
22:02:52 INFO  ==============================================================
22:02:52 INFO  Using sw id database: {'asciijump': '5475369', 'robotfindskitten': '5474869', 'squirrel3': '5475279', 'rolldice': '5152439', 'moon-buggy': '5439204', 'apple': '5495053', 'banana': '5494888', 'cherry': '5495382', 'watermelon': '5494510', 'registry': '8018911', 'hello-world': '8021526', 'docker/getting-started': '8021973', 'alpine': '7991792'}
22:02:52 INFO  EnvironmentC8y Setup
22:02:53 INFO  Executed systemctl&lt;serv_mapper1&gt;, exit status 3
22:02:53 INFO  Restarting mosquitto too frequently in the last 10 seconds. It was only up for 5 seconds
22:02:53 INFO  Delaying execution by 6 seconds
22:03:13 INFO  Executed sudo&lt;tedge_connect_c8y&gt;, exit status 0, duration 13 secs
22:03:13 INFO  Executed sudo&lt;tedge_connect_c8y_test&gt;, exit status 0
22:03:14 INFO  Executed systemctl&lt;serv_mosq2&gt;, exit status 0
22:03:14 INFO  Executed systemctl&lt;serv_mapper3&gt;, exit status 0
22:03:16 INFO  State of current operation: SUCCESSFUL
22:03:17 INFO  Assert that (False == value) with value=False ... passed
22:03:17 INFO  Assert that (False == value) with value=False ... passed
22:03:17 INFO  Assert that (False == value) with value=False ... passed
22:03:17 INFO  Assert that (False == value) with value=False ... passed
22:03:17 INFO  Assert that (False == value) with value=False ... passed
22:03:19 INFO  Response status: 201
22:03:19 INFO  Response to action: {
    "creationTime": "2022-04-25T22:03:19.096Z",
    "deviceName": "m32sd10d",
    "deviceId": "17696821",
    "self": "https://t493319102.eu-latest.cumulocity.com/devicecontrol/operations/17708975",
    "id": "17708975",
    "status": "PENDING",
    "description": "Apply software changes, triggered from PySys: [{'action': 'install', 'id': '5475369', 'name': 'asciijump', 'url': ' ', 'version': '::apt'}, {'action': 'install', 'id': '5474869', 'name': 'robotfindskitten', 'url': ' ', 'version': ' '}, {'action': 'install', 'id': '5475279', 'name': 'squirrel3', 'url': ' ', 'version': '3.1-7::apt'}, {'action': 'install', 'id': '5152439', 'name': 'rolldice', 'url': ' ', 'version': '1.16-1+b1'}, {'action': 'install', 'id': '5439204', 'name': 'moon-buggy', 'url': ' ', 'version': '1:1.0.51-12'}, {'action': 'install', 'id': '5475369', 'name': 'asciijump', 'url': ' ', 'version': '::apt'}]",
    "c8y_SoftwareUpdate": [
        {
            "name": "asciijump",
            "action": "install",
            "id": "5475369",
            "version": "::apt",
            "url": " "
        },
        {
            "name": "robotfindskitten",
            "action": "install",
            "id": "5474869",
            "version": " ",
            "url": " "
        },
        {
            "name": "squirrel3",
            "action": "install",
            "id": "5475279",
            "version": "3.1-7::apt",
            "url": " "
        },
        {
            "name": "rolldice",
            "action": "install",
            "id": "5152439",
            "version": "1.16-1+b1",
            "url": " "
        },
        {
            "name": "moon-buggy",
            "action": "install",
            "id": "5439204",
            "version": "1:1.0.51-12",
            "url": " "
        },
        {
            "name": "asciijump",
            "action": "install",
            "id": "5475369",
            "version": "::apt",
            "url": " "
        }
    ]
}
22:03:19 INFO  Started operation: {'creationTime': '2022-04-25T22:03:19.096Z', 'deviceName': 'm32sd10d', 'deviceId': '17696821', 'self': 'https://t493319102.eu-latest.cumulocity.com/devicecontrol/operations/17708975', 'id': '17708975', 'status': 'PENDING', 'description': "Apply software changes, triggered from PySys: [{'action': 'install', 'id': '5475369', 'name': 'asciijump', 'url': ' ', 'version': '::apt'}, {'action': 'install', 'id': '5474869', 'name': 'robotfindskitten', 'url': ' ', 'version': ' '}, {'action': 'install', 'id': '5475279', 'name': 'squirrel3', 'url': ' ', 'version': '3.1-7::apt'}, {'action': 'install', 'id': '5152439', 'name': 'rolldice', 'url': ' ', 'version': '1.16-1+b1'}, {'action': 'install', 'id': '5439204', 'name': 'moon-buggy', 'url': ' ', 'version': '1:1.0.51-12'}, {'action': 'install', 'id': '5475369', 'name': 'asciijump', 'url': ' ', 'version': '::apt'}]", 'c8y_SoftwareUpdate': [{'name': 'asciijump', 'action': 'install', 'id': '5475369', 'version': '::apt', 'url': ' '}, {'name': 'robotfindskitten', 'action': 'install', 'id': '5474869', 'version': ' ', 'url': ' '}, {'name': 'squirrel3', 'action': 'install', 'id': '5475279', 'version': '3.1-7::apt', 'url': ' '}, {'name': 'rolldice', 'action': 'install', 'id': '5152439', 'version': '1.16-1+b1', 'url': ' '}, {'name': 'moon-buggy', 'action': 'install', 'id': '5439204', 'version': '1:1.0.51-12', 'url': ' '}, {'name': 'asciijump', 'action': 'install', 'id': '5475369', 'version': '::apt', 'url': ' '}]}
22:03:21 INFO  State of operation 17708975 : PENDING
22:03:23 INFO  State of operation 17708975 : EXECUTING
22:03:25 INFO  State of operation 17708975 : EXECUTING
22:03:28 INFO  State of operation 17708975 : EXECUTING
22:03:30 INFO  State of operation 17708975 : EXECUTING
22:03:32 INFO  State of operation 17708975 : EXECUTING
22:03:35 INFO  State of operation 17708975 : EXECUTING
22:03:38 INFO  State of operation 17708975 : EXECUTING
22:03:40 INFO  State of operation 17708975 : EXECUTING
22:03:42 INFO  State of operation 17708975 : EXECUTING
22:03:45 INFO  State of operation 17708975 : EXECUTING
22:03:47 INFO  State of operation 17708975 : EXECUTING
22:03:49 INFO  State of operation 17708975 : EXECUTING
22:03:51 INFO  State of operation 17708975 : EXECUTING
22:03:53 INFO  State of operation 17708975 : EXECUTING
22:03:56 INFO  State of operation 17708975 : EXECUTING
22:03:58 INFO  State of operation 17708975 : EXECUTING
22:04:01 INFO  State of operation 17708975 : EXECUTING
22:04:03 INFO  State of operation 17708975 : EXECUTING
22:04:05 INFO  State of operation 17708975 : EXECUTING
22:04:08 INFO  State of operation 17708975 : EXECUTING
22:04:10 INFO  State of operation 17708975 : EXECUTING
22:04:13 INFO  State of operation 17708975 : EXECUTING
22:04:15 INFO  State of operation 17708975 : EXECUTING
22:04:18 INFO  State of operation 17708975 : EXECUTING
22:04:20 INFO  State of operation 17708975 : EXECUTING
22:04:23 INFO  State of operation 17708975 : EXECUTING
22:04:25 INFO  State of operation 17708975 : EXECUTING
22:04:28 INFO  State of operation 17708975 : EXECUTING
22:04:30 INFO  State of operation 17708975 : EXECUTING
22:04:32 INFO  State of operation 17708975 : EXECUTING
22:04:35 INFO  State of operation 17708975 : EXECUTING
22:04:37 INFO  State of operation 17708975 : EXECUTING
22:04:39 INFO  State of operation 17708975 : EXECUTING
22:04:41 INFO  State of operation 17708975 : EXECUTING
22:04:43 INFO  State of operation 17708975 : EXECUTING
22:04:46 INFO  State of operation 17708975 : EXECUTING
22:04:49 INFO  State of operation 17708975 : EXECUTING
22:04:51 INFO  State of operation 17708975 : EXECUTING
22:04:54 INFO  State of operation 17708975 : EXECUTING
22:04:56 INFO  State of operation 17708975 : EXECUTING
22:04:58 INFO  State of operation 17708975 : EXECUTING
22:05:00 INFO  State of operation 17708975 : EXECUTING
22:05:03 INFO  State of operation 17708975 : EXECUTING
22:05:05 INFO  State of operation 17708975 : EXECUTING
22:05:07 INFO  State of operation 17708975 : EXECUTING
22:05:09 INFO  State of operation 17708975 : EXECUTING
22:05:12 INFO  State of operation 17708975 : EXECUTING
22:05:14 INFO  State of operation 17708975 : EXECUTING
22:05:17 INFO  State of operation 17708975 : EXECUTING
22:05:19 INFO  State of operation 17708975 : EXECUTING
22:05:21 INFO  State of operation 17708975 : EXECUTING
22:05:23 INFO  State of operation 17708975 : EXECUTING
22:05:26 INFO  State of operation 17708975 : EXECUTING
22:05:28 INFO  State of operation 17708975 : EXECUTING
22:05:31 INFO  State of operation 17708975 : EXECUTING
22:05:33 INFO  State of operation 17708975 : EXECUTING
22:05:35 INFO  State of operation 17708975 : EXECUTING
22:05:38 INFO  State of operation 17708975 : EXECUTING
22:05:40 INFO  State of operation 17708975 : EXECUTING
22:05:42 INFO  State of operation 17708975 : EXECUTING
22:05:44 WARN  SystemError occurred while running test - Timeout while waiting for status SUCCESSFUL or False
Traceback (most recent call last):
  File "/home/pi/env-pysys/lib/python3.7/site-packages/pysys/baserunner.py", line 1294, in __call__
    self.testObj.execute()
  File "/home/pi/actions-runner/_work/thin-edge.io/thin-edge.io/tests/PySys/software_management_end_to_end/sm_apt_install_remove_multiple_mixed/run.py", line 89, in execute
    self.wait_until_succcess()
  File "/home/pi/actions-runner/_work/thin-edge.io/thin-edge.io/tests/PySys/software_management_end_to_end/environment_sm_management.py", line 324, in wait_until_succcess
    self.wait_until_status("SUCCESSFUL")
  File "/home/pi/actions-runner/_work/thin-edge.io/thin-edge.io/tests/PySys/software_management_end_to_end/environment_sm_management.py", line 381, in wait_until_status
    "Timeout while waiting for status %s or %s" % (status, status2)
SystemError: Timeout while waiting for status SUCCESSFUL or False
22:05:45 WARN  SystemError: Timeout while waiting for status SUCCESSFUL or False ... blocked 
22:05:45 INFO  
22:05:45 INFO  cleanup:
22:05:50 INFO  Executed sudo&lt;tedge_disconnect_c8y&gt;, exit status 0
22:05:51 INFO  Executed systemctl&lt;serv_mapper5&gt;, exit status 3
22:05:51 INFO  
22:05:51 INFO  Test duration: 179.00 secs
22:05:51 INFO  Test final outcome:  BLOCKED
22:05:51 INFO  Test outcome reason: SystemError: Timeout while waiting for status SUCCESSFUL or False
22:05:51 INFO  
</system-out>
	</testcase>
<testcase classname="PySysTest" name="SoftwareManagement.sm_apt_install_remove_multiple_mixed">
		<failure message="BLOCKED: SystemError: Timeout while waiting for status SUCCESSFUL or False (+1 other failures)" type="BLOCKED" />
		<system-out>22:36:53 INFO  ==============================================================
22:36:53 INFO  Id:    SoftwareManagement.sm_apt_install_remove_multiple_mixed
22:36:53 INFO  Dir:   software_management_end_to_end/
22:36:53 INFO  Title: Validate end to end behaviour for the apt plugin for multiple packages with mixed versions
22:36:53 INFO  ==============================================================
22:36:53 INFO  Using sw id database: {'asciijump': '5475369', 'robotfindskitten': '5474869', 'squirrel3': '5475279', 'rolldice': '5152439', 'moon-buggy': '5439204', 'apple': '5495053', 'banana': '5494888', 'cherry': '5495382', 'watermelon': '5494510', 'registry': '8018911', 'hello-world': '8021526', 'docker/getting-started': '8021973', 'alpine': '7991792'}
22:36:53 INFO  EnvironmentC8y Setup
22:36:54 INFO  Executed systemctl&lt;serv_mapper1&gt;, exit status 3
22:36:54 INFO  Restarting mosquitto too frequently in the last 10 seconds. It was only up for 5 seconds
22:36:54 INFO  Delaying execution by 6 seconds
22:37:14 INFO  Executed sudo&lt;tedge_connect_c8y&gt;, exit status 0, duration 13 secs
22:37:14 INFO  Executed sudo&lt;tedge_connect_c8y_test&gt;, exit status 0
22:37:15 INFO  Executed systemctl&lt;serv_mosq2&gt;, exit status 0
22:37:15 INFO  Executed systemctl&lt;serv_mapper3&gt;, exit status 0
22:37:17 INFO  State of current operation: SUCCESSFUL
22:37:18 INFO  Assert that (False == value) with value=False ... passed
22:37:18 INFO  Assert that (False == value) with value=False ... passed
22:37:18 INFO  Assert that (False == value) with value=False ... passed
22:37:18 INFO  Assert that (False == value) with value=False ... passed
22:37:19 INFO  Package moon-buggy is installed
[...]
21:16:42 INFO  Id:    monitoring_with_collectd
21:16:42 INFO  Dir:   monitoring/
21:16:42 INFO  Title: Validate tedge dm agent messages that are produced by batching the collectd messages
21:16:42 INFO  ==============================================================
21:16:42 INFO  Test execution disabled due to #792 (instable) ... skipped
21:16:42 INFO  
21:16:42 INFO  Test duration: 0.02 secs
21:16:42 INFO  Test final outcome:  SKIPPED
21:16:42 INFO  Test outcome reason: Test execution disabled due to #792 (instable)
21:16:42 INFO  
</system-out>
	</testcase>
</testsuite><testsuite name="monitoring_with_simulated_messages" tests="1" errors="0" failures="1" skipped="0" time="0"><testcase classname="MonitoringWithSimulatedMessages" name="monitoring_with_simulated_messages">
		<failure message="BLOCKED: TypeError: 'int' object is not subscriptable" type="BLOCKED" />
		<system-out>21:16:42 INFO  ==============================================================
21:16:42 INFO  Id:    monitoring_with_simulated_messages
21:16:42 INFO  Dir:   monitoring/
21:16:42 INFO  Title: Validate the tedge dm agent messages that are produced from the simulated collectd messages
21:16:42 INFO  ==============================================================
21:16:43 INFO  Executed sudo&lt;collectd&gt;, exit status 0
21:16:44 INFO  Executed sudo&lt;collectd_mapper&gt;, exit status 0
21:16:44 INFO  Started sudo&lt;tedge_sub&gt; with process id 16765
21:16:44 INFO  Executed sudo&lt;tedge_temp&gt;, exit status 0
21:16:45 INFO  Executed sudo&lt;tedge_pres&gt;, exit status 0
21:16:46 INFO  Executed sudo&lt;kill_out&gt;, exit status 0
21:16:46 INFO  0

21:16:46 WARN  TypeError occurred while running test - 'int' object is not subscriptable
Traceback (most recent call last):
  File "/home/pi/env-pysys/lib/python3.7/site-packages/pysys/baserunner.py", line 1296, in __call__
    self.testObj.validate()
  File "/home/pi/actions-runner/_work/thin-edge.io/thin-edge.io/tests/PySys/monitoring/monitoring_with_simulated_messages/run.py", line 98, in validate
    collectd_msg_validation_result=self.validate_json(),
  File "/home/pi/actions-runner/_work/thin-edge.io/thin-edge.io/tests/PySys/monitoring/monitoring_with_simulated_messages/run.py", line 108, in validate_json
    if not self.validate_time():
  File "/home/pi/actions-runner/_work/thin-edge.io/thin-edge.io/tests/PySys/monitoring/monitoring_with_simulated_messages/run.py", line 127, in validate_time
    if self.js_msg["time"]:
TypeError: 'int' object is not subscriptable
21:16:46 WARN  TypeError: 'int' object is not subscriptable ... blocked 
21:16:46 INFO  
21:16:46 INFO  cleanup:
21:16:46 INFO  monitoring_cleanup
21:16:47 INFO  Executed sudo&lt;collectd_mapper&gt;, exit status 0
21:16:47 INFO  
21:16:47 INFO  Test duration: 4.57 secs
21:16:47 INFO  Test final outcome:  BLOCKED
21:16:47 INFO  Test outcome reason: TypeError: 'int' object is not subscriptable
21:16:47 INFO  
</system-out>
	</testcase>
</testsuite><testsuite name="mqtt_port_change_connection_fails" tests="1" errors="0" failures="0" skipped="0" time="0"><testcase classname="MqttPortChangeConnectionFails" name="mqtt_port_change_connection_fails" />
</testsuite><testsuite name="mqtt_port_change_connection_works" tests="1" errors="0" failures="0" skipped="1" time="0"><testcase classname="MqttPortChangeConnectionWorks" name="mqtt_port_change_connection_works">
		<skipped message="SKIPPED: failing intermitently" />
		<system-out>21:15:33 INFO  ==============================================================
21:15:33 INFO  Id:    mqtt_port_change_connection_works
21:15:33 INFO  Dir:   misc_features/
21:15:33 INFO  Title: mqtt port change connection works for all the thin-edge services that use the mosquitto broker
21:15:33 INFO  ==============================================================
21:15:33 INFO  failing intermitently ... skipped
21:15:33 INFO  
21:15:33 INFO  Test duration: 0.02 secs
21:15:33 INFO  Test final outcome:  SKIPPED
21:15:33 INFO  Test outcome reason: failing intermitently
21:15:33 INFO  
</system-out>
	</testcase>
</testsuite><testsuite name="mqtt_port_set" tests="1" errors="0" failures="0" skipped="0" time="0"><testcase classname="MqttPortSet" name="mqtt_port_set" />
</testsuite><testsuite name="mqtt_port_unset" tests="1" errors="0" failures="0" skipped="0" time="0"><testcase classname="MqttPortUnSet" name="mqtt_port_unset" />
</testsuite><testsuite name="publish_flux" tests="1" errors="0" failures="0" skipped="0" time="0"><testcase classname="PublishFlux" name="publish_flux" />
</testsuite><testsuite name="publish_sawmill" tests="1" errors="0" failures="0" skipped="0" time="0"><testcase classname="PublishSawmill" name="publish_sawmill" />
</testsuite><testsuite name="runtime_start_two_mappers" tests="1" errors="0" failures="1" skipped="0" time="0"><testcase classname="RuntimeMultiMappers" name="runtime_start_two_mappers">
		<failure message="FAILED: Grep on tedge_mapper2.err contains &quot;Error: Couldn't acquire file lock.&quot;" type="FAILED" />
		<system-out>21:31:11 INFO  ==============================================================
21:31:11 INFO  Id:    runtime_start_two_mappers
21:31:11 INFO  Dir:   tedge_mapper_c8y/
21:31:11 INFO  Title: Validate two mappers can't be started at the same time
21:31:11 INFO  ==============================================================
21:31:12 INFO  Executed sudo&lt;tedge_mapper1&gt;, exit status 0
21:31:12 INFO  Waiting for 0.1 seconds
21:31:13 INFO  Executed sudo&lt;tedge_mapper2&gt;, exit status 1
21:31:13 INFO  Executed sudo&lt;tedge_mapper1&gt;, exit status 0
21:31:13 WARN  Grep on tedge_mapper2.err contains "Error: Couldn't acquire file lock." ... failed [run.py:46]
21:31:13 INFO  
21:31:13 INFO  Test duration: 1.74 secs
21:31:13 INFO  Test final outcome:  FAILED
21:31:13 INFO  Test outcome reason: Grep on tedge_mapper2.err contains "Error: Couldn't acquire file lock."
21:31:13 INFO  
</system-out>
	</testcase>
</testsuite><testsuite name="sm_tedge_mapper_init_session" tests="1" errors="0" failures="0" skipped="0" time="0"><testcase classname="TedgeSMMapperInitSession" name="sm_tedge_mapper_init_session" />
</testsuite><testsuite name="smoketest_json" tests="1" errors="0" failures="0" skipped="0" time="0"><testcase classname="SmokeTestJson" name="smoketest_json" />
</testsuite><testsuite name="smoketest_json_400_samples_10ms" tests="1" errors="0" failures="0" skipped="0" time="0"><testcase classname="SmoketestJson400Samples10ms" name="smoketest_json_400_samples_10ms" />
</testsuite><testsuite name="smoketest_json_400_samples_20ms" tests="1" errors="0" failures="0" skipped="0" time="0"><testcase classname="SmoketestJson400Samples20ms" name="smoketest_json_400_samples_20ms" />
</testsuite><testsuite name="smoketest_smartrest" tests="1" errors="0" failures="0" skipped="0" time="0"><testcase classname="SmoketestSmartRest" name="smoketest_smartrest" />
</testsuite><testsuite name="smoketest_smartrest_400_samples_1Xms" tests="1" errors="0" failures="1" skipped="0" time="0"><testcase classname="SmoketestSmartRest400Samples1Xms" name="smoketest_smartrest_400_samples_1Xms">
		<failure message="BLOCKED: python3&lt;stdout&gt; returned non-zero exit code 1" type="BLOCKED" />
		<system-out>21:22:52 INFO  ==============================================================
21:22:52 INFO  Id:    smoketest_smartrest_400_samples_1Xms
21:22:52 INFO  Dir:   smoketests/
21:22:52 INFO  Title: Smoketest Smart Rest 400 Samples 1Xms Delay
21:22:52 INFO  ==============================================================
21:22:52 INFO  EnvironmentC8y Setup
21:22:53 INFO  Executed systemctl&lt;serv_mapper1&gt;, exit status 3
21:22:53 INFO  Restarting mosquitto too frequently in the last 10 seconds. It was only up for 5 seconds
21:22:53 INFO  Delaying execution by 6 seconds
21:23:13 INFO  Executed sudo&lt;tedge_connect_c8y&gt;, exit status 0, duration 13 secs
21:23:13 INFO  Executed sudo&lt;tedge_connect_c8y_test&gt;, exit status 0
21:23:14 INFO  Executed systemctl&lt;serv_mosq2&gt;, exit status 0
21:23:14 INFO  Executed systemctl&lt;serv_mapper3&gt;, exit status 0
21:25:23 WARN  Executed python3&lt;stdout&gt;, exit status 1, duration 68 secs
21:25:23 INFO  Contents of stdout.out: 
     40    41    42    43    44    45    46    47    48    49    50    51    52    53    54    55    56    57    58    59
     60    61    62    63    64    65    66    67    68    69    70    71    72    73    74    75    76    77    78    79
     80    81    82    83    84    85    86    87    88    89    90    91    92    93    94    95    96    97    98    99
    100   101   102   103   104   105   106   107   108   109   110   111   112   113   114   115   116   117   118   119
    120   121   122   123   124   125   126   127   128   129   130   131   132   133   134   135   136   137   138   139
    140   141   142   143   144   145   146   147   148   149   150   151   152   153   154   155   156   157   158   159
    160   161   162   163   164   165   166   167   168   169   170   171   172   173   174   175   176   177   178   179
    180   181   182   183   184   185   186   187   188   189   190   191   192   193   194   195   196   197   198   199
    200   201   202   203   204   205   206   207   208   209   210   211   212   213   214   215   216   217   218   219
    220   221   222   223   224   225   226   227   228   229   230   231   232   233   234   235   236   237   238   239
    240   241   242   243   244   245   246   247   248   249   250   251   252   253   254   255   256   257   258   259
    260   261   262   263   264   265   266   267   268   269   270   271   272   273   274   275   276   277   278   279
    280   281   282   283   284   285   286   287   288   289   290   291   292   293   294   295   296   297   298   299
    300   301   302   303   304   305   306   307   308   309   310   311   312   313   314   315   316   317   318   319
    320   321   322   323   324   325   326   327   328   329   330   331   332   333   334   335   336   337   338   339
    340   341   342   343   344   345   346   347   348   349   350   351   352   353   354   355   356   357   358   359
    360   361   362   363   364   365   366   367   368   369   370   371   372   373   374   375   376   377   378   379
    380   381   382   383   384   385   386   387   388   389   390   391   392   393   394   395   396   397   398   399
  Expected:  0.0  ...  399.0
  Data verification FAILED
  -----

21:25:23 WARN  python3&lt;stdout&gt; returned non-zero exit code 1 ... blocked 
21:25:23 WARN  Aborted test due to BLOCKED outcome
21:25:23 INFO  
21:25:23 INFO  cleanup:
21:25:27 INFO  Executed sudo&lt;tedge_disconnect_c8y&gt;, exit status 0
21:25:28 INFO  Executed systemctl&lt;serv_mapper5&gt;, exit status 3
21:25:28 INFO  
21:25:28 INFO  Test duration: 155.50 secs
21:25:28 INFO  Test final outcome:  BLOCKED
21:25:28 INFO  Test outcome reason: python3&lt;stdout&gt; returned non-zero exit code 1
21:25:28 INFO  
</system-out>
	</testcase>
</testsuite><testsuite name="smoketest_smartrest_400_samples_20ms" tests="1" errors="0" failures="1" skipped="0" time="0"><testcase classname="SmoketestSmartRest400Samples20ms" name="smoketest_smartrest_400_samples_20ms">
		<failure message="BLOCKED: python3&lt;stdout&gt; returned non-zero exit code 1" type="BLOCKED" />
		<system-out>21:25:28 INFO  ==============================================================
21:25:28 INFO  Id:    smoketest_smartrest_400_samples_20ms
21:25:28 INFO  Dir:   smoketests/
21:25:28 INFO  Title: Smoketest SmartRest 400 Samples 20ms Delay
21:25:28 INFO  ==============================================================
21:25:28 INFO  EnvironmentC8y Setup
21:25:28 INFO  Executed systemctl&lt;serv_mapper1&gt;, exit status 3
21:25:28 INFO  Restarting mosquitto too frequently in the last 10 seconds. It was only up for 4 seconds
21:25:28 INFO  Delaying execution by 7 seconds
21:25:49 INFO  Executed sudo&lt;tedge_connect_c8y&gt;, exit status 0, duration 13 secs
21:25:50 INFO  Executed sudo&lt;tedge_connect_c8y_test&gt;, exit status 0
21:25:50 INFO  Executed systemctl&lt;serv_mosq2&gt;, exit status 0
21:25:51 INFO  Executed systemctl&lt;serv_mapper3&gt;, exit status 0
21:27:55 WARN  Executed python3&lt;stdout&gt;, exit status 1, duration 69 secs
21:27:55 INFO  Contents of stdout.out: 
  Retrieved values:
     72    73    74    75    76    77    78    79
     80    81    82    83    84    85    86    87    88    89    90    91    92    93    94    95    96    97    98    99
    100   101   102   103   104   105   106   107   108   109   110   111   112   113   114   115   116   117   118   119
    120   121   122   123   124   125   126   127   128   129   130   131   132   133   134   135   136   137   138   139
    140   141   142   143   144   145   146   147   148   149   150   151   152   153   154   155   156   157   158   159
    160   161   162   163   164   165   166   167   168   169   170   171   172   173   174   175   176   177   178   179
    180   181   182   183   184   185   186   187   188   189   190   191   192   193   194   195   196   197   198   199
    200   201   202   203   204   205   206   207   208   209   210   211   212   213   214   215   216   217   218   219
    220   221   222   223   224   225   226   227   228   229   230   231   232   233   234   235   236   237   238   239
    240   241   242   243   244   245   246   247   248   249   250   251   252   253   254   255   256   257   258   259
    260   261   262   263   264   265   266   267   268   269   270   271   272   273   274   275   276   277   278   279
    280   281   282   283   284   285   286   287   288   289   290   291   292   293   294   295   296   297   298   299
    300   301   302   303   304   305   306   307   308   309   310   311   312   313   314   315   316   317   318   319
    320   321   322   323   324   325   326   327   328   329   330   331   332   333   334   335   336   337   338   339
    340   341   342   343   344   345   346   347   348   349   350   351   352   353   354   355   356   357   358   359
    360   361   362   363   364   365   366   367   368   369   370   371   372   373   374   375   376   377   378   379
    380   381   382   383   384   385   386   387   388   389   390   391   392   393   394   395   396   397   398   399
  Expected:  0.0  ...  399.0
  Data verification FAILED
  -----

21:27:55 WARN  python3&lt;stdout&gt; returned non-zero exit code 1 ... blocked 
21:27:55 WARN  Aborted test due to BLOCKED outcome
21:27:55 INFO  
21:27:55 INFO  cleanup:
21:27:59 INFO  Executed sudo&lt;tedge_disconnect_c8y&gt;, exit status 0
21:28:00 INFO  Executed systemctl&lt;serv_mapper5&gt;, exit status 3
21:28:00 INFO  
21:28:00 INFO  Test duration: 152.26 secs
21:28:00 INFO  Test final outcome:  BLOCKED
21:28:00 INFO  Test outcome reason: python3&lt;stdout&gt; returned non-zero exit code 1
21:28:00 INFO  
</system-out>
	</testcase>
</testsuite><testsuite name="tedge_agent_user_sudo_access" tests="1" errors="0" failures="0" skipped="1" time="0"><testcase classname="TedgeAgentUserSudoAccess" name="tedge_agent_user_sudo_access">
		<skipped message="SKIPPED: #955 Observation: Exit code of the apt plugin when called with no arguments" />
		<system-out>21:28:27 INFO  ==============================================================
21:28:27 INFO  Id:    tedge_agent_user_sudo_access
21:28:27 INFO  Dir:   tedge/
21:28:27 INFO  Title: Validate tedge-agent user has a limited sudo right
21:28:27 INFO  ==============================================================
21:28:27 INFO  #955 Observation: Exit code of the apt plugin when called with no arguments ... skipped
21:28:27 INFO  
21:28:27 INFO  Test duration: 0.02 secs
21:28:27 INFO  Test final outcome:  SKIPPED
21:28:27 INFO  Test outcome reason: #955 Observation: Exit code of the apt plugin when called with no arguments
21:28:27 INFO  
</system-out>
	</testcase>
</testsuite><testsuite name="tedge_connect_test_negative" tests="1" errors="0" failures="0" skipped="0" time="0"><testcase classname="TedgeConnectTestNegative" name="tedge_connect_test_negative" />
</testsuite><testsuite name="tedge_connect_test_positive" tests="1" errors="0" failures="0" skipped="0" time="0"><testcase classname="TedgeConnectTestPositive" name="tedge_connect_test_positive" />
</testsuite><testsuite name="tedge_connect_test_sm_services" tests="1" errors="0" failures="0" skipped="0" time="0"><testcase classname="TedgeConnectTestSMServices" name="tedge_connect_test_sm_services" />
</testsuite><testsuite name="tedge_disconnect_test_sm_services" tests="1" errors="0" failures="0" skipped="0" time="0"><testcase classname="TedgeDisConnectTestSMServices" name="tedge_disconnect_test_sm_services" />
</testsuite><testsuite name="tedge_mapper_az_negative" tests="1" errors="0" failures="0" skipped="0" time="0"><testcase classname="TedgeMapperAzError" name="tedge_mapper_az_negative" />
</testsuite><testsuite name="tedge_mapper_az_with_timestamp" tests="1" errors="0" failures="0" skipped="0" time="0"><testcase classname="TedgeMapperAzWithTimestamp" name="tedge_mapper_az_with_timestamp" />
</testsuite><testsuite name="tedge_mapper_az_without_timestamp" tests="1" errors="0" failures="0" skipped="0" time="0"><testcase classname="TedgeMapperAzWithoutTimestamp" name="tedge_mapper_az_without_timestamp" />
</testsuite><testsuite name="tedge_mapper_c8y_alarms" tests="1" errors="0" failures="0" skipped="0" time="0"><testcase classname="TedgeMapperC8yAlarm" name="tedge_mapper_c8y_alarms" />
</testsuite><testsuite name="tedge_mapper_c8y_child_device_measurement" tests="1" errors="0" failures="0" skipped="0" time="0"><testcase classname="TedgeMapperC8yChildDevice" name="tedge_mapper_c8y_child_device_measurement" />
</testsuite><testsuite name="tedge_mapper_c8y_packet_threshold_size" tests="1" errors="0" failures="1" skipped="0" time="0"><testcase classname="TedgeMapperC8yThresholdPacketSize" name="tedge_mapper_c8y_packet_threshold_size">
		<failure message="FAILED: Grep on tedge_sub.out contains &quot;The size of the message received on tedge/measurements is 20489 which is greater than the threshold size of 16184.&quot;" type="FAILED" />
		<system-out>21:32:47 INFO  ==============================================================
21:32:47 INFO  Id:    tedge_mapper_c8y_packet_threshold_size
21:32:47 INFO  Dir:   tedge_mapper_c8y/
21:32:47 INFO  Title: Validate the Cumulocity Mapper accepted threshold packet size when it receives a message on tedge/measurements
21:32:47 INFO  ==============================================================
21:32:48 INFO  Executed sudo&lt;tedge_mapper_c8y&gt;, exit status 0
21:32:48 INFO  Started sudo&lt;tedge_sub&gt; with process id 22397
21:32:48 INFO  Executed sudo&lt;tedge_msg&gt;, exit status 0
21:32:49 INFO  Executed sudo&lt;tedge_pub&gt;, exit status 0
21:32:49 INFO  Executed sudo&lt;kill_out&gt;, exit status 0
21:32:49 WARN  Grep on tedge_sub.out contains "The size of the message received on tedge/measurements is 20489 which is greater than the threshold size of 16184." ... failed [run.py:88]
21:32:49 INFO  
21:32:49 INFO  cleanup:
21:32:49 INFO  mapper_cleanup
21:32:50 INFO  Executed sudo&lt;tedge_mapper_c8y&gt;, exit status 0
21:32:50 INFO  
21:32:50 INFO  Test duration: 3.00 secs
21:32:50 INFO  Test final outcome:  FAILED
21:32:50 INFO  Test outcome reason: Grep on tedge_sub.out contains "The size of the message received on tedge/measurements is 20489 which is greater than the threshold size of 16184."
21:32:50 INFO  
</system-out>
	</testcase>
</testsuite><testsuite name="tedge_software_update" tests="1" errors="0" failures="0" skipped="0" time="0"><testcase classname="PySysTest" name="tedge_software_update" />
</testsuite><testsuite name="valid_device_id" tests="1" errors="0" failures="0" skipped="0" time="0"><testcase classname="ValidateValidDeviceId" name="valid_device_id" />
</testsuite></testsuites>