<?xml version='1.0' encoding='utf-8'?>
<testsuites tests="139" failures="16" errors="0" skipped="45" time="0.0"><testsuite name="SoftwareManagement.Plugin.apama_plugin_install" tests="3" errors="0" failures="0" skipped="1" time="0"><testcase classname="ApamaPluginInstallTest" name="SoftwareManagement.Plugin.apama_plugin_install">
		<skipped message="SKIPPED: Apama plugin tests are disabled by default. Execute `pysys run` with `-XmyPlatform=container` to run these tests" />
		<system-out>08:36:48 INFO  ==============================================================
08:36:48 INFO  Id:    SoftwareManagement.Plugin.apama_plugin_install
08:36:48 INFO  Dir:   plugin_apama/
08:36:48 INFO  Title: Validate apama plugin install
08:36:48 INFO  ==============================================================
08:36:49 INFO  Apama plugin tests are disabled by default. Execute `pysys run` with `-XmyPlatform=container` to run these tests ... skipped
08:36:49 WARN  Aborted test due to SKIPPED outcome
08:36:49 INFO  
08:36:49 INFO  Test duration: 0.05 secs
08:36:49 INFO  Test final outcome:  SKIPPED
08:36:49 INFO  Test outcome reason: Apama plugin tests are disabled by default. Execute `pysys run` with `-XmyPlatform=container` to run these tests
08:36:49 INFO  
</system-out>
	</testcase>
<testcase classname="ApamaPluginInstallTest" name="SoftwareManagement.Plugin.apama_plugin_install" />
<testcase classname="ApamaPluginInstallTest" name="SoftwareManagement.Plugin.apama_plugin_install" />
</testsuite><testsuite name="SoftwareManagement.Plugin.apama_plugin_mon_support" tests="3" errors="0" failures="0" skipped="1" time="0"><testcase classname="ApamaPluginMonSupportTest" name="SoftwareManagement.Plugin.apama_plugin_mon_support">
		<skipped message="SKIPPED: Apama plugin tests are disabled by default. Execute `pysys run` with `-XmyPlatform=container` to run these tests" />
		<system-out>08:36:49 INFO  ==============================================================
08:36:49 INFO  Id:    SoftwareManagement.Plugin.apama_plugin_mon_support
08:36:49 INFO  Dir:   plugin_apama/
08:36:49 INFO  Title: Validate mon file support of apama plugin
08:36:49 INFO  ==============================================================
08:36:49 INFO  Apama plugin tests are disabled by default. Execute `pysys run` with `-XmyPlatform=container` to run these tests ... skipped
08:36:49 WARN  Aborted test due to SKIPPED outcome
08:36:49 INFO  
08:36:49 INFO  Test duration: 0.02 secs
08:36:49 INFO  Test final outcome:  SKIPPED
08:36:49 INFO  Test outcome reason: Apama plugin tests are disabled by default. Execute `pysys run` with `-XmyPlatform=container` to run these tests
08:36:49 INFO  
</system-out>
	</testcase>
<testcase classname="ApamaPluginMonSupportTest" name="SoftwareManagement.Plugin.apama_plugin_mon_support" />
<testcase classname="ApamaPluginMonSupportTest" name="SoftwareManagement.Plugin.apama_plugin_mon_support" />
</testsuite><testsuite name="SoftwareManagement.Plugin.apama_plugin_remove" tests="3" errors="0" failures="0" skipped="1" time="0"><testcase classname="ApamaPluginRemoveTest" name="SoftwareManagement.Plugin.apama_plugin_remove">
		<skipped message="SKIPPED: Apama plugin tests are disabled by default. Execute `pysys run` with `-XmyPlatform=container` to run these tests" />
		<system-out>08:36:49 INFO  ==============================================================
08:36:49 INFO  Id:    SoftwareManagement.Plugin.apama_plugin_remove
08:36:49 INFO  Dir:   plugin_apama/
08:36:49 INFO  Title: Validate apama plugin remove
08:36:49 INFO  ==============================================================
08:36:49 INFO  Apama plugin tests are disabled by default. Execute `pysys run` with `-XmyPlatform=container` to run these tests ... skipped
08:36:49 WARN  Aborted test due to SKIPPED outcome
08:36:49 INFO  
08:36:49 INFO  Test duration: 0.02 secs
08:36:49 INFO  Test final outcome:  SKIPPED
08:36:49 INFO  Test outcome reason: Apama plugin tests are disabled by default. Execute `pysys run` with `-XmyPlatform=container` to run these tests
08:36:49 INFO  
</system-out>
	</testcase>
<testcase classname="ApamaPluginRemoveTest" name="SoftwareManagement.Plugin.apama_plugin_remove" />
<testcase classname="ApamaPluginRemoveTest" name="SoftwareManagement.Plugin.apama_plugin_remove" />
</testsuite><testsuite name="SoftwareManagement.Plugin.apama_plugin_update" tests="3" errors="0" failures="2" skipped="1" time="0"><testcase classname="ApamaPluginUpdateTest" name="SoftwareManagement.Plugin.apama_plugin_update">
		<skipped message="SKIPPED: Apama plugin tests are disabled by default. Execute `pysys run` with `-XmyPlatform=container` to run these tests" />
		<system-out>08:36:49 INFO  ==============================================================
08:36:49 INFO  Id:    SoftwareManagement.Plugin.apama_plugin_update
08:36:49 INFO  Dir:   plugin_apama/
08:36:49 INFO  Title: Validate apama plugin updating one project with another
08:36:49 INFO  ==============================================================
08:36:49 INFO  Apama plugin tests are disabled by default. Execute `pysys run` with `-XmyPlatform=container` to run these tests ... skipped
08:36:49 WARN  Aborted test due to SKIPPED outcome
08:36:49 INFO  
08:36:49 INFO  Test duration: 0.02 secs
08:36:49 INFO  Test final outcome:  SKIPPED
08:36:49 INFO  Test outcome reason: Apama plugin tests are disabled by default. Execute `pysys run` with `-XmyPlatform=container` to run these tests
08:36:49 INFO  
</system-out>
	</testcase>
<testcase classname="ApamaPluginUpdateTest" name="SoftwareManagement.Plugin.apama_plugin_update">
		<failure message="BLOCKED: sudo&lt;plugin_install&gt; returned non-zero exit code 2" type="BLOCKED" />
		<system-out>09:28:01 INFO  ==============================================================
09:28:01 INFO  Id:    SoftwareManagement.Plugin.apama_plugin_update
09:28:01 INFO  Dir:   plugin_apama/
09:28:01 INFO  Title: Validate apama plugin updating one project with another
09:28:01 INFO  ==============================================================
09:28:01 INFO  Assertion that path exists=False for "/etc/tedge/apama/project" ... passed
09:28:01 INFO  Executed sudo&lt;create_project_dir&gt;, exit status 0
09:28:02 INFO  Executed sudo&lt;unzip_apama_project&gt;, exit status 0
09:28:02 INFO  Executed sudo&lt;move_apama_project&gt;, exit status 0
09:28:03 INFO  Executed sudo&lt;restart_apama_service&gt;, exit status 0
09:28:04 INFO  Executed sudo&lt;apama_correlator_wait&gt;, exit status 0
09:28:04 INFO  Assertion that path exists=True for "/etc/tedge/apama/project" ... passed
09:28:05 INFO  Executed sudo&lt;apama_list_monitors&gt;, exit status 0
09:28:05 INFO  Grep on file /home/pi/actions-runner/_work/thin-edge.io/thin-edge.io/tests/PySys/plugin_apama/apama_plugin_update/Output/linux/apama_list_monitors.out ... passed
09:28:06 WARN  Executed sudo&lt;plugin_install&gt;, exit status 2
09:28:06 INFO  Contents of plugin_install.err: 
  ERROR: Directory not empty (os error 39)
  -----

09:28:06 WARN  sudo&lt;plugin_install&gt; returned non-zero exit code 2 ... blocked [run.py:35]
09:28:06 WARN  Aborted test due to BLOCKED outcome
09:28:06 INFO  
09:28:06 INFO  cleanup:
09:28:06 INFO  Removing apama project
09:28:21 INFO  Executed sudo&lt;stop_apama_service&gt;, exit status 0, duration 15 secs
09:28:22 INFO  Executed sudo&lt;remove_apama_project&gt;, exit status 0
09:28:22 INFO  Executed sudo&lt;remove_apama_tmp_dir&gt;, exit status 0
09:28:22 INFO  
09:28:22 INFO  Test duration: 21.30 secs
09:28:22 INFO  Test final outcome:  BLOCKED
09:28:22 INFO  Test outcome reason: sudo&lt;plugin_install&gt; returned non-zero exit code 2
09:28:22 INFO  
</system-out>
	</testcase>
<testcase classname="ApamaPluginUpdateTest" name="SoftwareManagement.Plugin.apama_plugin_update">
		<failure message="BLOCKED: sudo&lt;plugin_install&gt; returned non-zero exit code 2" type="BLOCKED" />
		<system-out>09:36:36 INFO  ==============================================================
09:36:36 INFO  Id:    SoftwareManagement.Plugin.apama_plugin_update
09:36:36 INFO  Dir:   plugin_apama/
09:36:36 INFO  Title: Validate apama plugin updating one project with another
09:36:36 INFO  ==============================================================
09:36:36 INFO  Assertion that path exists=False for "/etc/tedge/apama/project" ... passed
09:36:36 INFO  Executed sudo&lt;create_project_dir&gt;, exit status 0
09:36:37 INFO  Executed sudo&lt;unzip_apama_project&gt;, exit status 0
09:36:38 INFO  Executed sudo&lt;move_apama_project&gt;, exit status 0
09:36:39 INFO  Executed sudo&lt;restart_apama_service&gt;, exit status 0
09:36:40 INFO  Executed sudo&lt;apama_correlator_wait&gt;, exit status 0
09:36:40 INFO  Assertion that path exists=True for "/etc/tedge/apama/project" ... passed
09:36:40 INFO  Executed sudo&lt;apama_list_monitors&gt;, exit status 0
09:36:40 INFO  Grep on file /home/pi/actions-runner/_work/thin-edge.io/thin-edge.io/tests/PySys/plugin_apama/apama_plugin_update/Output/linux/apama_list_monitors.out ... passed
09:36:41 WARN  Executed sudo&lt;plugin_install&gt;, exit status 2
09:36:41 INFO  Contents of plugin_install.err: 
  ERROR: Directory not empty (os error 39)
  -----

09:36:41 WARN  sudo&lt;plugin_install&gt; returned non-zero exit code 2 ... blocked [run.py:35]
09:36:41 WARN  Aborted test due to BLOCKED outcome
09:36:41 INFO  
09:36:41 INFO  cleanup:
09:36:41 INFO  Removing apama project
09:36:57 INFO  Executed sudo&lt;stop_apama_service&gt;, exit status 0, duration 15 secs
09:36:57 INFO  Executed sudo&lt;remove_apama_project&gt;, exit status 0
09:36:58 INFO  Executed sudo&lt;remove_apama_tmp_dir&gt;, exit status 0
09:36:58 INFO  
09:36:58 INFO  Test duration: 22.16 secs
09:36:58 INFO  Test final outcome:  BLOCKED
09:36:58 INFO  Test outcome reason: sudo&lt;plugin_install&gt; returned non-zero exit code 2
09:36:58 INFO  
</system-out>
	</testcase>
</testsuite><testsuite name="SoftwareManagement.sm_apt_install_download_path" tests="3" errors="0" failures="2" skipped="1" time="0"><testcase classname="AptInstallWithDownloadPath" name="SoftwareManagement.sm_apt_install_download_path">
		<skipped message="SKIPPED: Testing the apt plugin is not supported on this platform.Use parameter -XmyPlatform='container' to enable it" />
		<system-out>08:46:25 INFO  ==============================================================
08:46:25 INFO  Id:    SoftwareManagement.sm_apt_install_download_path
08:46:25 INFO  Dir:   software_management_end_to_end/
08:46:25 INFO  Title: Install package to directory specified in tedge config set tmp.path
08:46:25 INFO  ==============================================================
08:46:25 INFO  Testing the apt plugin is not supported on this platform.Use parameter -XmyPlatform='container' to enable it ... skipped
08:46:25 WARN  Aborted test due to SKIPPED outcome
08:46:25 INFO  
08:46:25 INFO  Test duration: 0.06 secs
08:46:25 INFO  Test final outcome:  SKIPPED
08:46:25 INFO  Test outcome reason: Testing the apt plugin is not supported on this platform.Use parameter -XmyPlatform='container' to enable it
08:46:25 INFO  
</system-out>
	</testcase>
<testcase classname="AptInstallWithDownloadPath" name="SoftwareManagement.sm_apt_install_download_path">
		<failure message="BLOCKED: AssertionError:" type="BLOCKED" />
		<system-out>09:10:04 INFO  ==============================================================
09:10:04 INFO  Id:    SoftwareManagement.sm_apt_install_download_path
09:10:04 INFO  Dir:   software_management_end_to_end/
09:10:04 INFO  Title: Install package to directory specified in tedge config set tmp.path
09:10:04 INFO  ==============================================================
09:10:04 INFO  Using sw id database: {'asciijump': '5475369', 'robotfindskitten': '5474869', 'squirrel3': '5475279', 'rolldice': '5152439', 'moon-buggy': '5439204', 'apple': '5495053', 'banana': '5494888', 'cherry': '5495382', 'watermelon': '5494510', 'registry': '8018911', 'hello-world': '8021526', 'docker/getting-started': '8021973', 'alpine': '7991792'}
09:10:04 INFO  EnvironmentC8y Setup
09:10:05 INFO  Executed systemctl&lt;serv_mapper1&gt;, exit status 3
09:10:19 INFO  Executed sudo&lt;tedge_connect_c8y&gt;, exit status 0, duration 14 secs
09:10:21 INFO  Executed sudo&lt;tedge_connect_c8y_test&gt;, exit status 0
09:10:22 INFO  Executed systemctl&lt;serv_mosq2&gt;, exit status 0
09:10:23 INFO  Executed systemctl&lt;serv_mapper3&gt;, exit status 0
09:10:25 ERROR No operations found, assuming it passed
09:10:25 INFO  Assert that (False == value) with value=False ... passed
09:10:26 INFO  Executed sudo, exit status 0
09:10:26 INFO  Executed sudo, exit status 0
09:10:27 INFO  Executed sudo, exit status 0
09:10:31 INFO  Executed sudo&lt;tedge_disconnect_c8y&gt;, exit status 0
09:10:31 INFO  Restarting mosquitto too frequently in the last 10 seconds. It was only up for 3 seconds
09:10:31 INFO  Delaying execution by 8 seconds
09:10:53 INFO  Executed sudo&lt;tedge_connect_c8y&gt;, exit status 0, duration 13 secs
09:10:53 INFO  Response status: 201
09:10:53 INFO  Response to action: {
    "delivery": {
        "log": [],
        "time": "2022-06-17T09:10:53.628Z",
        "status": "PENDING"
    },
    "creationTime": "2022-06-17T09:10:53.611Z",
    "deviceName": "m32sd10d",
    "deviceId": "20259762",
    "self": "https://t493319102.eu-latest.cumulocity.com/devicecontrol/operations/20282353",
    "id": "20282353",
    "status": "PENDING",
    "description": "Apply software changes, triggered from PySys: [{'name': 'rolldice', 'id': '5152439', 'version': '::apt', 'url': 'https://thin-edge-io.eu-latest.cumulocity.com/inventory/binaries/12435463', 'action': 'install'}]",
    "c8y_SoftwareUpdate": [
        {
            "name": "rolldice",
            "action": "install",
            "id": "5152439",
            "version": "::apt",
            "url": "https://thin-edge-io.eu-latest.cumulocity.com/inventory/binaries/12435463"
        }
    ]
}
09:10:53 INFO  Started operation: {'delivery': {'log': [], 'time': '2022-06-17T09:10:53.628Z', 'status': 'PENDING'}, 'creationTime': '2022-06-17T09:10:53.611Z', 'deviceName': 'm32sd10d', 'deviceId': '20259762', 'self': 'https://t493319102.eu-latest.cumulocity.com/devicecontrol/operations/20282353', 'id': '20282353', 'status': 'PENDING', 'description': "Apply software changes, triggered from PySys: [{'name': 'rolldice', 'id': '5152439', 'version': '::apt', 'url': 'https://thin-edge-io.eu-latest.cumulocity.com/inventory/binaries/12435463', 'action': 'install'}]", 'c8y_SoftwareUpdate': [{'name': 'rolldice', 'action': 'install', 'id': '5152439', 'version': '::apt', 'url': 'https://thin-edge-io.eu-latest.cumulocity.com/inventory/binaries/12435463'}]}
09:10:53 WARN  , retrying in 0.5 seconds...
09:10:54 WARN  , retrying in 0.5 seconds...
09:10:54 WARN  , retrying in 0.5 seconds...
09:10:55 WARN  , retrying in 0.5 seconds...
09:10:55 WARN  , retrying in 0.5 seconds...
09:10:56 WARN  , retrying in 0.5 seconds...
09:10:56 WARN  , retrying in 0.5 seconds...
09:10:57 WARN  , retrying in 0.5 seconds...
09:10:57 WARN  , retrying in 0.5 seconds...
09:10:58 WARN  AssertionError occurred while running test - 
Traceback (most recent call last):
  File "/home/pi/env-pysys/lib/python3.7/site-packages/pysys/baserunner.py", line 1294, in __call__
    self.testObj.execute()
  File "/home/pi/actions-runner/_work/thin-edge.io/thin-edge.io/tests/PySys/software_management_end_to_end/sm_apt_install_download_path/run.py", line 83, in execute
    assert_install_in_download_path(install_directory=self.DOWNLOAD_DIR)
  File "/home/pi/env-pysys/lib/python3.7/site-packages/decorator.py", line 232, in fun
    return caller(func, *(extras + args), **kw)
  File "/home/pi/env-pysys/lib/python3.7/site-packages/retry/api.py", line 74, in retry_decorator
    logger)
  File "/home/pi/env-pysys/lib/python3.7/site-packages/retry/api.py", line 33, in __retry_internal
    return f()
  File "/home/pi/actions-runner/_work/thin-edge.io/thin-edge.io/tests/PySys/software_management_end_to_end/sm_apt_install_download_path/run.py", line 28, in assert_install_in_download_path
    assert "rolldice" in os.listdir(f"{install_directory}")
AssertionError
09:10:58 WARN  AssertionError: ... blocked 
09:10:58 INFO  
09:10:58 INFO  cleanup:
09:10:59 INFO  Executed sudo, exit status 0
09:10:59 INFO  Executed sudo, exit status 0
09:11:04 INFO  Executed sudo&lt;tedge_disconnect_c8y&gt;, exit status 0
09:11:04 INFO  Restarting mosquitto too frequently in the last 10 seconds. It was only up for 4 seconds
09:11:04 INFO  Delaying execution by 7 seconds
09:11:25 INFO  Executed sudo&lt;tedge_connect_c8y&gt;, exit status 0, duration 14 secs
09:11:29 INFO  Executed sudo&lt;tedge_disconnect_c8y&gt;, exit status 0
09:11:29 INFO  Executed systemctl&lt;serv_mapper5&gt;, exit status 3
09:11:29 INFO  
09:11:29 INFO  Test duration: 85.68 secs
09:11:29 INFO  Test final outcome:  BLOCKED
09:11:29 INFO  Test outcome reason: AssertionError:
09:11:29 INFO  
</system-out>
	</testcase>
<testcase classname="AptInstallWithDownloadPath" name="SoftwareManagement.sm_apt_install_download_path">
		<failure message="BLOCKED: AssertionError:" type="BLOCKED" />
		<system-out>09:36:58 INFO  ==============================================================
09:36:58 INFO  Id:    SoftwareManagement.sm_apt_install_download_path
09:36:58 INFO  Dir:   software_management_end_to_end/
09:36:58 INFO  Title: Install package to directory specified in tedge config set tmp.path
09:36:58 INFO  ==============================================================
09:36:59 INFO  Using sw id database: {'asciijump': '5475369', 'robotfindskitten': '5474869', 'squirrel3': '5475279', 'rolldice': '5152439', 'moon-buggy': '5439204', 'apple': '5495053', 'banana': '5494888', 'cherry': '5495382', 'watermelon': '5494510', 'registry': '8018911', 'hello-world': '8021526', 'docker/getting-started': '8021973', 'alpine': '7991792'}
09:36:59 INFO  EnvironmentC8y Setup
09:37:00 INFO  Executed systemctl&lt;serv_mapper1&gt;, exit status 3
09:37:14 INFO  Executed sudo&lt;tedge_connect_c8y&gt;, exit status 0, duration 14 secs
09:37:14 INFO  Executed sudo&lt;tedge_connect_c8y_test&gt;, exit status 0
09:37:15 INFO  Executed systemctl&lt;serv_mosq2&gt;, exit status 0
09:37:15 INFO  Executed systemctl&lt;serv_mapper3&gt;, exit status 0
09:37:18 INFO  State of current operation: SUCCESSFUL
09:37:18 INFO  Assert that (False == value) with value=False ... passed
09:37:19 INFO  Executed sudo, exit status 0
09:37:19 INFO  Executed sudo, exit status 0
09:37:20 INFO  Executed sudo, exit status 0
09:37:24 INFO  Executed sudo&lt;tedge_disconnect_c8y&gt;, exit status 0
09:37:24 INFO  Restarting mosquitto too frequently in the last 10 seconds. It was only up for 4 seconds
09:37:24 INFO  Delaying execution by 7 seconds
09:37:45 INFO  Executed sudo&lt;tedge_connect_c8y&gt;, exit status 0, duration 14 secs
09:37:46 INFO  Response status: 201
09:37:46 INFO  Response to action: {
    "creationTime": "2022-06-17T09:37:46.053Z",
    "deviceName": "m32sd10d",
    "deviceId": "20259762",
    "self": "https://t493319102.eu-latest.cumulocity.com/devicecontrol/operations/20282519",
    "id": "20282519",
    "status": "PENDING",
    "description": "Apply software changes, triggered from PySys: [{'name': 'rolldice', 'id': '5152439', 'version': '::apt', 'url': 'https://thin-edge-io.eu-latest.cumulocity.com/inventory/binaries/12435463', 'action': 'install'}]",
    "c8y_SoftwareUpdate": [
        {
            "name": "rolldice",
            "action": "install",
            "id": "5152439",
            "version": "::apt",
            "url": "https://thin-edge-io.eu-latest.cumulocity.com/inventory/binaries/12435463"
        }
    ]
}
09:37:46 INFO  Started operation: {'creationTime': '2022-06-17T09:37:46.053Z', 'deviceName': 'm32sd10d', 'deviceId': '20259762', 'self': 'https://t493319102.eu-latest.cumulocity.com/devicecontrol/operations/20282519', 'id': '20282519', 'status': 'PENDING', 'description': "Apply software changes, triggered from PySys: [{'name': 'rolldice', 'id': '5152439', 'version': '::apt', 'url': 'https://thin-edge-io.eu-latest.cumulocity.com/inventory/binaries/12435463', 'action': 'install'}]", 'c8y_SoftwareUpdate': [{'name': 'rolldice', 'action': 'install', 'id': '5152439', 'version': '::apt', 'url': 'https://thin-edge-io.eu-latest.cumulocity.com/inventory/binaries/12435463'}]}
09:37:46 WARN  , retrying in 0.5 seconds...
09:37:46 WARN  , retrying in 0.5 seconds...
09:37:47 WARN  , retrying in 0.5 seconds...
09:37:47 WARN  , retrying in 0.5 seconds...
09:37:48 WARN  , retrying in 0.5 seconds...
09:37:48 WARN  , retrying in 0.5 seconds...
09:37:49 WARN  , retrying in 0.5 seconds...
09:37:49 WARN  , retrying in 0.5 seconds...
09:37:50 WARN  , retrying in 0.5 seconds...
09:37:50 WARN  AssertionError occurred while running test - 
Traceback (most recent call last):
  File "/home/pi/env-pysys/lib/python3.7/site-packages/pysys/baserunner.py", line 1294, in __call__
    self.testObj.execute()
  File "/home/pi/actions-runner/_work/thin-edge.io/thin-edge.io/tests/PySys/software_management_end_to_end/sm_apt_install_download_path/run.py", line 83, in execute
    assert_install_in_download_path(install_directory=self.DOWNLOAD_DIR)
  File "/home/pi/env-pysys/lib/python3.7/site-packages/decorator.py", line 232, in fun
    return caller(func, *(extras + args), **kw)
  File "/home/pi/env-pysys/lib/python3.7/site-packages/retry/api.py", line 74, in retry_decorator
    logger)
  File "/home/pi/env-pysys/lib/python3.7/site-packages/retry/api.py", line 33, in __retry_internal
    return f()
  File "/home/pi/actions-runner/_work/thin-edge.io/thin-edge.io/tests/PySys/software_management_end_to_end/sm_apt_install_download_path/run.py", line 28, in assert_install_in_download_path
    assert "rolldice" in os.listdir(f"{install_directory}")
AssertionError
09:37:50 WARN  AssertionError: ... blocked 
09:37:50 INFO  
09:37:50 INFO  cleanup:
09:37:51 INFO  Executed sudo, exit status 0
09:37:51 INFO  Executed sudo, exit status 0
09:37:56 INFO  Executed sudo&lt;tedge_disconnect_c8y&gt;, exit status 0
09:37:56 INFO  Restarting mosquitto too frequently in the last 10 seconds. It was only up for 4 seconds
09:37:56 INFO  Delaying execution by 7 seconds
09:38:17 INFO  Executed sudo&lt;tedge_connect_c8y&gt;, exit status 0, duration 13 secs
09:38:21 INFO  Executed sudo&lt;tedge_disconnect_c8y&gt;, exit status 0
09:38:22 INFO  Executed systemctl&lt;serv_mapper5&gt;, exit status 3
09:38:22 INFO  
09:38:22 INFO  Test duration: 84.08 secs
09:38:22 INFO  Test final outcome:  BLOCKED
09:38:22 INFO  Test outcome reason: AssertionError:
09:38:22 INFO  
</system-out>
	</testcase>
</testsuite><testsuite name="SoftwareManagement.sm_apt_install_fail" tests="3" errors="0" failures="0" skipped="1" time="0"><testcase classname="PySysTest" name="SoftwareManagement.sm_apt_install_fail">
		<skipped message="SKIPPED: Testing the apt plugin is not supported on this platform.Use parameter -XmyPlatform='container' to enable it" />
		<system-out>08:46:25 INFO  ==============================================================
08:46:25 INFO  Id:    SoftwareManagement.sm_apt_install_fail
08:46:25 INFO  Dir:   software_management_end_to_end/
08:46:25 INFO  Title: Validate end to end behaviour for a failing installation
08:46:25 INFO  ==============================================================
08:46:25 INFO  Testing the apt plugin is not supported on this platform.Use parameter -XmyPlatform='container' to enable it ... skipped
08:46:25 WARN  Aborted test due to SKIPPED outcome
08:46:25 INFO  
08:46:25 INFO  Test duration: 0.02 secs
08:46:25 INFO  Test final outcome:  SKIPPED
08:46:25 INFO  Test outcome reason: Testing the apt plugin is not supported on this platform.Use parameter -XmyPlatform='container' to enable it
08:46:25 INFO  
</system-out>
	</testcase>
<testcase classname="PySysTest" name="SoftwareManagement.sm_apt_install_fail" />
<testcase classname="PySysTest" name="SoftwareManagement.sm_apt_install_fail" />
</testsuite><testsuite name="SoftwareManagement.sm_apt_install_remove" tests="3" errors="0" failures="0" skipped="1" time="0"><testcase classname="PySysTest" name="SoftwareManagement.sm_apt_install_remove">
		<skipped message="SKIPPED: Testing the apt plugin is not supported on this platform.Use parameter -XmyPlatform='container' to enable it" />
		<system-out>08:46:25 INFO  ==============================================================
08:46:25 INFO  Id:    SoftwareManagement.sm_apt_install_remove
08:46:25 INFO  Dir:   software_management_end_to_end/
08:46:25 INFO  Title: Validate end to end behaviour for the apt plugin for installation and removal of packages
08:46:25 INFO  ==============================================================
08:46:25 INFO  Testing the apt plugin is not supported on this platform.Use parameter -XmyPlatform='container' to enable it ... skipped
08:46:25 WARN  Aborted test due to SKIPPED outcome
08:46:25 INFO  
08:46:25 INFO  Test duration: 0.02 secs
08:46:25 INFO  Test final outcome:  SKIPPED
08:46:25 INFO  Test outcome reason: Testing the apt plugin is not supported on this platform.Use parameter -XmyPlatform='container' to enable it
08:46:25 INFO  
</system-out>
	</testcase>
<testcase classname="PySysTest" name="SoftwareManagement.sm_apt_install_remove" />
<testcase classname="PySysTest" name="SoftwareManagement.sm_apt_install_remove" />
</testsuite><testsuite name="SoftwareManagement.sm_apt_install_remove_default" tests="3" errors="0" failures="0" skipped="1" time="0"><testcase classname="PySysTest" name="SoftwareManagement.sm_apt_install_remove_default">
		<skipped message="SKIPPED: Testing the apt plugin is not supported on this platform.Use parameter -XmyPlatform='container' to enable it" />
		<system-out>08:46:26 INFO  ==============================================================
08:46:26 INFO  Id:    SoftwareManagement.sm_apt_install_remove_default
08:46:26 INFO  Dir:   software_management_end_to_end/
08:46:26 INFO  Title: Validate end to end behaviour for the default plugin for installation and removal of packages
08:46:26 INFO  ==============================================================
08:46:26 INFO  Testing the apt plugin is not supported on this platform.Use parameter -XmyPlatform='container' to enable it ... skipped
08:46:26 WARN  Aborted test due to SKIPPED outcome
08:46:26 INFO  
08:46:26 INFO  Test duration: 0.02 secs
08:46:26 INFO  Test final outcome:  SKIPPED
08:46:26 INFO  Test outcome reason: Testing the apt plugin is not supported on this platform.Use parameter -XmyPlatform='container' to enable it
08:46:26 INFO  
</system-out>
	</testcase>
<testcase classname="PySysTest" name="SoftwareManagement.sm_apt_install_remove_default" />
<testcase classname="PySysTest" name="SoftwareManagement.sm_apt_install_remove_default" />
</testsuite><testsuite name="SoftwareManagement.sm_apt_install_remove_multiple" tests="3" errors="0" failures="2" skipped="1" time="0"><testcase classname="PySysTest" name="SoftwareManagement.sm_apt_install_remove_multiple">
		<skipped message="SKIPPED: Testing the apt plugin is not supported on this platform.Use parameter -XmyPlatform='container' to enable it" />
		<system-out>08:46:26 INFO  ==============================================================
08:46:26 INFO  Id:    SoftwareManagement.sm_apt_install_remove_multiple
08:46:26 INFO  Dir:   software_management_end_to_end/
08:46:26 INFO  Title: Validate end to end behaviour for the apt plugin for multiple packages
08:46:26 INFO  ==============================================================
08:46:26 INFO  Testing the apt plugin is not supported on this platform.Use parameter -XmyPlatform='container' to enable it ... skipped
08:46:26 WARN  Aborted test due to SKIPPED outcome
08:46:26 INFO  
08:46:26 INFO  Test duration: 0.03 secs
08:46:26 INFO  Test final outcome:  SKIPPED
08:46:26 INFO  Test outcome reason: Testing the apt plugin is not supported on this platform.Use parameter -XmyPlatform='container' to enable it
08:46:26 INFO  
</system-out>
	</testcase>
<testcase classname="PySysTest" name="SoftwareManagement.sm_apt_install_remove_multiple">
		<failure message="FAILED: Assert that (False == value) with value=True" type="FAILED" />
		<system-out>09:18:15 INFO  ==============================================================
09:18:15 INFO  Id:    SoftwareManagement.sm_apt_install_remove_multiple
09:18:15 INFO  Dir:   software_management_end_to_end/
09:18:15 INFO  Title: Validate end to end behaviour for the apt plugin for multiple packages
09:18:15 INFO  ==============================================================
09:18:15 INFO  Using sw id database: {'asciijump': '5475369', 'robotfindskitten': '5474869', 'squirrel3': '5475279', 'rolldice': '5152439', 'moon-buggy': '5439204', 'apple': '5495053', 'banana': '5494888', 'cherry': '5495382', 'watermelon': '5494510', 'registry': '8018911', 'hello-world': '8021526', 'docker/getting-started': '8021973', 'alpine': '7991792'}
09:18:15 INFO  EnvironmentC8y Setup
09:18:16 INFO  Executed systemctl&lt;serv_mapper1&gt;, exit status 3
09:18:16 INFO  Restarting mosquitto too frequently in the last 10 seconds. It was only up for 5 seconds
09:18:16 INFO  Delaying execution by 6 seconds
09:18:36 INFO  Executed sudo&lt;tedge_connect_c8y&gt;, exit status 0, duration 13 secs
09:18:37 INFO  Executed sudo&lt;tedge_connect_c8y_test&gt;, exit status 0
09:18:37 INFO  Executed systemctl&lt;serv_mosq2&gt;, exit status 0
09:18:38 INFO  Executed systemctl&lt;serv_mapper3&gt;, exit status 0
09:18:40 INFO  State of current operation: SUCCESSFUL
09:18:40 INFO  Assert that (False == value) with value=False ... passed
09:18:40 INFO  Assert that (False == value) with value=False ... passed
09:18:41 INFO  Assert that (False == value) with value=False ... passed
09:18:41 INFO  Package robotfindskitten is installed
09:18:41 WARN  Assert that (False == value) with value=True ... failed 
09:18:41 INFO  Response status: 201
09:18:41 INFO  Response to action: {
    "delivery": {
        "log": [],
        "time": "2022-06-17T09:18:41.529Z",
        "status": "PENDING"
    },
    "creationTime": "2022-06-17T09:18:41.514Z",
    "deviceName": "m32sd10d",
    "deviceId": "20259762",
    "self": "https://t493319102.eu-latest.cumulocity.com/devicecontrol/operations/20282407",
    "id": "20282407",
    "status": "PENDING",
    "description": "Apply software changes, triggered from PySys: [{'action': 'install', 'id': '5475369', 'name': 'asciijump', 'url': ' ', 'version': '::apt'}, {'action': 'install', 'id': '5474869', 'name': 'robotfindskitten', 'url': ' ', 'version': '::apt'}, {'action': 'install', 'id': '5475279', 'name': 'squirrel3', 'url': ' ', 'version': '::apt'}]",
    "c8y_SoftwareUpdate": [
        {
            "name": "asciijump",
            "action": "install",
            "id": "5475369",
            "version": "::apt",
            "url": " "
        },
        {
            "name": "robotfindskitten",
            "action": "install",
            "id": "5474869",
            "version": "::apt",
            "url": " "
        },
        {
            "name": "squirrel3",
            "action": "install",
            "id": "5475279",
            "version": "::apt",
            "url": " "
        }
    ]
}
09:18:41 INFO  Started operation: {'delivery': {'log': [], 'time': '2022-06-17T09:18:41.529Z', 'status': 'PENDING'}, 'creationTime': '2022-06-17T09:18:41.514Z', 'deviceName': 'm32sd10d', 'deviceId': '20259762', 'self': 'https://t493319102.eu-latest.cumulocity.com/devicecontrol/operations/20282407', 'id': '20282407', 'status': 'PENDING', 'description': "Apply software changes, triggered from PySys: [{'action': 'install', 'id': '5475369', 'name': 'asciijump', 'url': ' ', 'version': '::apt'}, {'action': 'install', 'id': '5474869', 'name': 'robotfindskitten', 'url': ' ', 'version': '::apt'}, {'action': 'install', 'id': '5475279', 'name': 'squirrel3', 'url': ' ', 'version': '::apt'}]", 'c8y_SoftwareUpdate': [{'name': 'asciijump', 'action': 'install', 'id': '5475369', 'version': '::apt', 'url': ' '}, {'name': 'robotfindskitten', 'action': 'install', 'id': '5474869', 'version': '::apt', 'url': ' '}, {'name': 'squirrel3', 'action': 'install', 'id': '5475279', 'version': '::apt', 'url': ' '}]}
09:18:43 INFO  State of operation 20282407 : PENDING
09:18:46 INFO  State of operation 20282407 : EXECUTING
09:18:48 INFO  State of operation 20282407 : EXECUTING
09:18:50 INFO  State of operation 20282407 : EXECUTING
09:18:52 INFO  State of operation 20282407 : EXECUTING
09:18:54 INFO  State of operation 20282407 : EXECUTING
09:18:57 INFO  State of operation 20282407 : EXECUTING
09:19:00 INFO  State of operation 20282407 : EXECUTING
09:19:02 INFO  State of operation 20282407 : EXECUTING
09:19:04 INFO  State of operation 20282407 : EXECUTING
09:19:07 INFO  State of operation 20282407 : EXECUTING
09:19:09 INFO  State of operation 20282407 : EXECUTING
09:19:11 INFO  State of operation 20282407 : EXECUTING
09:19:13 INFO  State of operation 20282407 : EXECUTING
09:19:16 INFO  State of operation 20282407 : EXECUTING
09:19:18 INFO  State of operation 20282407 : EXECUTING
09:19:20 INFO  State of operation 20282407 : EXECUTING
09:19:23 INFO  State of operation 20282407 : EXECUTING
09:19:25 INFO  State of operation 20282407 : EXECUTING
09:19:27 INFO  State of operation 20282407 : EXECUTING
09:19:30 INFO  State of operation 20282407 : EXECUTING
09:19:32 INFO  State of operation 20282407 : EXECUTING
09:19:34 INFO  State of operation 20282407 : EXECUTING
09:19:37 INFO  State of operation 20282407 : EXECUTING
09:19:39 INFO  State of operation 20282407 : EXECUTING
09:19:41 INFO  State of operation 20282407 : EXECUTING
09:19:44 INFO  State of operation 20282407 : EXECUTING
09:19:46 INFO  State of operation 20282407 : EXECUTING
09:19:48 INFO  State of operation 20282407 : EXECUTING
09:19:50 INFO  State of operation 20282407 : EXECUTING
09:19:53 INFO  State of operation 20282407 : EXECUTING
09:19:55 INFO  State of operation 20282407 : EXECUTING
09:19:57 INFO  State of operation 20282407 : EXECUTING
09:20:00 INFO  State of operation 20282407 : EXECUTING
09:20:02 INFO  State of operation 20282407 : SUCCESSFUL
09:20:02 INFO  Assert that (False == value) with value=False ... passed
09:20:02 INFO  Package asciijump is installed
09:20:02 INFO  Assert that (True == value) with value=True ... passed
09:20:02 INFO  Package squirrel3 is installed
09:20:02 INFO  Assert that (True == value) with value=True ... passed
09:20:03 INFO  Package robotfindskitten is installed
09:20:03 INFO  Assert that (True == value) with value=True ... passed
09:20:03 INFO  Response status: 201
09:20:03 INFO  Response to action: {
    "delivery": {
        "log": [],
        "time": "2022-06-17T09:20:03.397Z",
        "status": "PENDING"
    },
    "creationTime": "2022-06-17T09:20:03.378Z",
    "deviceName": "m32sd10d",
    "deviceId": "20259762",
    "self": "https://t493319102.eu-latest.cumulocity.com/devicecontrol/operations/20282422",
    "id": "20282422",
    "status": "PENDING",
    "description": "Apply software changes, triggered from PySys: [{'action': 'delete', 'id': '5475369', 'name': 'asciijump', 'url': ' ', 'version': '::apt'}, {'action': 'delete', 'id': '5474869', 'name': 'robotfindskitten', 'url': ' ', 'version': '::apt'}, {'action': 'delete', 'id': '5475279', 'name': 'squirrel3', 'url': ' ', 'version': '::apt'}]",
    "c8y_SoftwareUpdate": [
        {
            "name": "asciijump",
            "action": "delete",
            "id": "5475369",
            "version": "::apt",
            "url": " "
        },
        {
            "name": "robotfindskitten",
            "action": "delete",
            "id": "5474869",
            "version": "::apt",
            "url": " "
        },
        {
            "name": "squirrel3",
            "action": "delete",
            "id": "5475279",
            "version": "::apt",
            "url": " "
        }
    ]
}
09:20:03 INFO  Started operation: {'delivery': {'log': [], 'time': '2022-06-17T09:20:03.397Z', 'status': 'PENDING'}, 'creationTime': '2022-06-17T09:20:03.378Z', 'deviceName': 'm32sd10d', 'deviceId': '20259762', 'self': 'https://t493319102.eu-latest.cumulocity.com/devicecontrol/operations/20282422', 'id': '20282422', 'status': 'PENDING', 'description': "Apply software changes, triggered from PySys: [{'action': 'delete', 'id': '5475369', 'name': 'asciijump', 'url': ' ', 'version': '::apt'}, {'action': 'delete', 'id': '5474869', 'name': 'robotfindskitten', 'url': ' ', 'version': '::apt'}, {'action': 'delete', 'id': '5475279', 'name': 'squirrel3', 'url': ' ', 'version': '::apt'}]", 'c8y_SoftwareUpdate': [{'name': 'asciijump', 'action': 'delete', 'id': '5475369', 'version': '::apt', 'url': ' '}, {'name': 'robotfindskitten', 'action': 'delete', 'id': '5474869', 'version': '::apt', 'url': ' '}, {'name': 'squirrel3', 'action': 'delete', 'id': '5475279', 'version': '::apt', 'url': ' '}]}
09:20:05 INFO  State of operation 20282422 : PENDING
09:20:07 INFO  State of operation 20282422 : EXECUTING
09:20:10 INFO  State of operation 20282422 : EXECUTING
09:20:12 INFO  State of operation 20282422 : EXECUTING
09:20:14 INFO  State of operation 20282422 : EXECUTING
09:20:16 INFO  State of operation 20282422 : EXECUTING
09:20:19 INFO  State of operation 20282422 : EXECUTING
09:20:22 INFO  State of operation 20282422 : EXECUTING
09:20:24 INFO  State of operation 20282422 : EXECUTING
09:20:26 INFO  State of operation 20282422 : EXECUTING
09:20:29 INFO  State of operation 20282422 : EXECUTING
09:20:31 INFO  State of operation 20282422 : EXECUTING
09:20:33 INFO  State of operation 20282422 : EXECUTING
09:20:35 INFO  State of operation 20282422 : EXECUTING
09:20:38 INFO  State of operation 20282422 : EXECUTING
09:20:40 INFO  State of operation 20282422 : EXECUTING
09:20:42 INFO  State of operation 20282422 : EXECUTING
09:20:45 INFO  State of operation 20282422 : EXECUTING
09:20:48 INFO  State of operation 20282422 : EXECUTING
09:20:50 INFO  State of operation 20282422 : EXECUTING
09:20:52 INFO  State of operation 20282422 : EXECUTING
09:20:54 INFO  State of operation 20282422 : EXECUTING
09:20:57 INFO  State of operation 20282422 : EXECUTING
09:20:59 INFO  State of operation 20282422 : EXECUTING
09:21:01 INFO  State of operation 20282422 : EXECUTING
09:21:04 INFO  State of operation 20282422 : EXECUTING
09:21:06 INFO  State of operation 20282422 : EXECUTING
09:21:08 INFO  State of operation 20282422 : SUCCESSFUL
09:21:08 INFO  Assert that (False == value) with value=False ... passed
09:21:09 INFO  Assert that (False == value) with value=False ... passed
09:21:09 INFO  Assert that (False == value) with value=False ... passed
09:21:09 INFO  Assert that (False == value) with value=False ... passed
09:21:09 INFO  
09:21:09 INFO  cleanup:
09:21:13 INFO  Executed sudo&lt;tedge_disconnect_c8y&gt;, exit status 0
09:21:14 INFO  Executed systemctl&lt;serv_mapper5&gt;, exit status 3
09:21:14 INFO  
09:21:14 INFO  Test duration: 178.34 secs
09:21:14 INFO  Test final outcome:  FAILED
09:21:14 INFO  Test outcome reason: Assert that (False == value) with value=True
09:21:14 INFO  
</system-out>
	</testcase>
<testcase classname="PySysTest" name="SoftwareManagement.sm_apt_install_remove_multiple">
		<failure message="FAILED: Assert that (False == value) with value=True (+2 other failures)" type="FAILED" />
		<system-out>09:44:50 INFO  ==============================================================
09:44:50 INFO  Id:    SoftwareManagement.sm_apt_install_remove_multiple
09:44:50 INFO  Dir:   software_management_end_to_end/
09:44:50 INFO  Title: Validate end to end behaviour for the apt plugin for multiple packages
09:44:50 INFO  ==============================================================
09:44:50 INFO  Using sw id database: {'asciijump': '5475369', 'robotfindskitten': '5474869', 'squirrel3': '5475279', 'rolldice': '5152439', 'moon-buggy': '5439204', 'apple': '5495053', 'banana': '5494888', 'cherry': '5495382', 'watermelon': '5494510', 'registry': '8018911', 'hello-world': '8021526', 'docker/getting-started': '8021973', 'alpine': '7991792'}
09:44:50 INFO  EnvironmentC8y Setup
09:44:51 INFO  Executed systemctl&lt;serv_mapper1&gt;, exit status 3
09:44:51 INFO  Restarting mosquitto too frequently in the last 10 seconds. It was only up for 5 seconds
09:44:51 INFO  Delaying execution by 6 seconds
09:45:11 INFO  Executed sudo&lt;tedge_connect_c8y&gt;, exit status 0, duration 14 secs
09:45:12 INFO  Executed sudo&lt;tedge_connect_c8y_test&gt;, exit status 0
09:45:12 INFO  Executed systemctl&lt;serv_mosq2&gt;, exit status 0
09:45:13 INFO  Executed systemctl&lt;serv_mapper3&gt;, exit status 0
09:45:15 INFO  State of current operation: SUCCESSFUL
09:45:15 INFO  Assert that (False == value) with value=False ... passed
09:45:15 INFO  Package asciijump is installed
09:45:16 WARN  Assert that (False == value) with value=True ... failed 
09:45:16 INFO  Package squirrel3 is installed
09:45:16 WARN  Assert that (False == value) with value=True ... failed 
09:45:16 INFO  Package robotfindskitten is installed
09:45:16 WARN  Assert that (False == value) with value=True ... failed 
09:45:16 INFO  Response status: 201
09:45:16 INFO  Response to action: {
    "delivery": {
        "log": [],
        "time": "2022-06-17T09:45:16.951Z",
        "status": "PENDING"
    },
    "creationTime": "2022-06-17T09:45:16.934Z",
    "deviceName": "m32sd10d",
    "deviceId": "20259762",
    "self": "https://t493319102.eu-latest.cumulocity.com/devicecontrol/operations/20282580",
    "id": "20282580",
    "status": "PENDING",
    "description": "Apply software changes, triggered from PySys: [{'action': 'install', 'id': '5475369', 'name': 'asciijump', 'url': ' ', 'version': '::apt'}, {'action': 'install', 'id': '5474869', 'name': 'robotfindskitten', 'url': ' ', 'version': '::apt'}, {'action': 'install', 'id': '5475279', 'name': 'squirrel3', 'url': ' ', 'version': '::apt'}]",
    "c8y_SoftwareUpdate": [
        {
            "name": "asciijump",
            "action": "install",
            "id": "5475369",
            "version": "::apt",
            "url": " "
        },
        {
            "name": "robotfindskitten",
            "action": "install",
            "id": "5474869",
            "version": "::apt",
            "url": " "
        },
        {
            "name": "squirrel3",
            "action": "install",
            "id": "5475279",
            "version": "::apt",
            "url": " "
        }
    ]
}
09:45:16 INFO  Started operation: {'delivery': {'log': [], 'time': '2022-06-17T09:45:16.951Z', 'status': 'PENDING'}, 'creationTime': '2022-06-17T09:45:16.934Z', 'deviceName': 'm32sd10d', 'deviceId': '20259762', 'self': 'https://t493319102.eu-latest.cumulocity.com/devicecontrol/operations/20282580', 'id': '20282580', 'status': 'PENDING', 'description': "Apply software changes, triggered from PySys: [{'action': 'install', 'id': '5475369', 'name': 'asciijump', 'url': ' ', 'version': '::apt'}, {'action': 'install', 'id': '5474869', 'name': 'robotfindskitten', 'url': ' ', 'version': '::apt'}, {'action': 'install', 'id': '5475279', 'name': 'squirrel3', 'url': ' ', 'version': '::apt'}]", 'c8y_SoftwareUpdate': [{'name': 'asciijump', 'action': 'install', 'id': '5475369', 'version': '::apt', 'url': ' '}, {'name': 'robotfindskitten', 'action': 'install', 'id': '5474869', 'version': '::apt', 'url': ' '}, {'name': 'squirrel3', 'action': 'install', 'id': '5475279', 'version': '::apt', 'url': ' '}]}
09:45:19 INFO  State of operation 20282580 : PENDING
09:45:21 INFO  State of operation 20282580 : EXECUTING
09:45:23 INFO  State of operation 20282580 : EXECUTING
09:45:25 INFO  State of operation 20282580 : EXECUTING
09:45:28 INFO  State of operation 20282580 : EXECUTING
09:45:30 INFO  State of operation 20282580 : EXECUTING
09:45:33 INFO  State of operation 20282580 : EXECUTING
09:45:35 INFO  State of operation 20282580 : EXECUTING
09:45:38 INFO  State of operation 20282580 : EXECUTING
09:45:40 INFO  State of operation 20282580 : EXECUTING
09:45:42 INFO  State of operation 20282580 : EXECUTING
09:45:44 INFO  State of operation 20282580 : EXECUTING
09:45:47 INFO  State of operation 20282580 : EXECUTING
09:45:49 INFO  State of operation 20282580 : EXECUTING
09:45:52 INFO  State of operation 20282580 : EXECUTING
09:45:54 INFO  State of operation 20282580 : SUCCESSFUL
09:45:54 INFO  Assert that (False == value) with value=False ... passed
09:45:54 INFO  Package asciijump is installed
09:45:54 INFO  Assert that (True == value) with value=True ... passed
09:45:54 INFO  Package squirrel3 is installed
09:45:54 INFO  Assert that (True == value) with value=True ... passed
09:45:55 INFO  Package robotfindskitten is installed
09:45:55 INFO  Assert that (True == value) with value=True ... passed
09:45:55 INFO  Response status: 201
09:45:55 INFO  Response to action: {
    "delivery": {
        "log": [],
        "time": "2022-06-17T09:45:55.431Z",
        "status": "PENDING"
    },
    "creationTime": "2022-06-17T09:45:55.411Z",
    "deviceName": "m32sd10d",
    "deviceId": "20259762",
    "self": "https://t493319102.eu-latest.cumulocity.com/devicecontrol/operations/20282592",
    "id": "20282592",
    "status": "PENDING",
    "description": "Apply software changes, triggered from PySys: [{'action': 'delete', 'id': '5475369', 'name': 'asciijump', 'url': ' ', 'version': '::apt'}, {'action': 'delete', 'id': '5474869', 'name': 'robotfindskitten', 'url': ' ', 'version': '::apt'}, {'action': 'delete', 'id': '5475279', 'name': 'squirrel3', 'url': ' ', 'version': '::apt'}]",
    "c8y_SoftwareUpdate": [
        {
            "name": "asciijump",
            "action": "delete",
            "id": "5475369",
            "version": "::apt",
            "url": " "
        },
        {
            "name": "robotfindskitten",
            "action": "delete",
            "id": "5474869",
            "version": "::apt",
            "url": " "
        },
        {
            "name": "squirrel3",
            "action": "delete",
            "id": "5475279",
            "version": "::apt",
            "url": " "
        }
    ]
}
09:45:55 INFO  Started operation: {'delivery': {'log': [], 'time': '2022-06-17T09:45:55.431Z', 'status': 'PENDING'}, 'creationTime': '2022-06-17T09:45:55.411Z', 'deviceName': 'm32sd10d', 'deviceId': '20259762', 'self': 'https://t493319102.eu-latest.cumulocity.com/devicecontrol/operations/20282592', 'id': '20282592', 'status': 'PENDING', 'description': "Apply software changes, triggered from PySys: [{'action': 'delete', 'id': '5475369', 'name': 'asciijump', 'url': ' ', 'version': '::apt'}, {'action': 'delete', 'id': '5474869', 'name': 'robotfindskitten', 'url': ' ', 'version': '::apt'}, {'action': 'delete', 'id': '5475279', 'name': 'squirrel3', 'url': ' ', 'version': '::apt'}]", 'c8y_SoftwareUpdate': [{'name': 'asciijump', 'action': 'delete', 'id': '5475369', 'version': '::apt', 'url': ' '}, {'name': 'robotfindskitten', 'action': 'delete', 'id': '5474869', 'version': '::apt', 'url': ' '}, {'name': 'squirrel3', 'action': 'delete', 'id': '5475279', 'version': '::apt', 'url': ' '}]}
09:45:57 INFO  State of operation 20282592 : PENDING
09:45:59 INFO  State of operation 20282592 : EXECUTING
09:46:02 INFO  State of operation 20282592 : EXECUTING
09:46:04 INFO  State of operation 20282592 : EXECUTING
09:46:06 INFO  State of operation 20282592 : EXECUTING
09:46:08 INFO  State of operation 20282592 : EXECUTING
09:46:11 INFO  State of operation 20282592 : EXECUTING
09:46:14 INFO  State of operation 20282592 : EXECUTING
09:46:16 INFO  State of operation 20282592 : EXECUTING
09:46:18 INFO  State of operation 20282592 : EXECUTING
09:46:21 INFO  State of operation 20282592 : EXECUTING
09:46:23 INFO  State of operation 20282592 : EXECUTING
09:46:25 INFO  State of operation 20282592 : EXECUTING
09:46:27 INFO  State of operation 20282592 : EXECUTING
09:46:30 INFO  State of operation 20282592 : EXECUTING
09:46:32 INFO  State of operation 20282592 : EXECUTING
09:46:34 INFO  State of operation 20282592 : EXECUTING
09:46:37 INFO  State of operation 20282592 : EXECUTING
09:46:39 INFO  State of operation 20282592 : EXECUTING
09:46:42 INFO  State of operation 20282592 : EXECUTING
09:46:44 INFO  State of operation 20282592 : EXECUTING
09:46:46 INFO  State of operation 20282592 : EXECUTING
09:46:48 INFO  State of operation 20282592 : EXECUTING
09:46:51 INFO  State of operation 20282592 : EXECUTING
09:46:53 INFO  State of operation 20282592 : EXECUTING
09:46:56 INFO  State of operation 20282592 : EXECUTING
09:46:58 INFO  State of operation 20282592 : EXECUTING
09:47:00 INFO  State of operation 20282592 : EXECUTING
09:47:03 INFO  State of operation 20282592 : SUCCESSFUL
09:47:03 INFO  Assert that (False == value) with value=False ... passed
09:47:03 INFO  Assert that (False == value) with value=False ... passed
09:47:03 INFO  Assert that (False == value) with value=False ... passed
09:47:04 INFO  Assert that (False == value) with value=False ... passed
09:47:04 INFO  
09:47:04 INFO  cleanup:
09:47:07 INFO  Executed sudo&lt;tedge_disconnect_c8y&gt;, exit status 0
09:47:08 INFO  Executed systemctl&lt;serv_mapper5&gt;, exit status 3
09:47:08 INFO  
09:47:08 INFO  Test duration: 137.65 secs
09:47:08 INFO  Test final outcome:  FAILED
09:47:08 INFO  Test outcome reason: Assert that (False == value) with value=True (+2 other failures)
09:47:08 INFO  
</system-out>
	</testcase>
</testsuite><testsuite name="SoftwareManagement.sm_apt_install_remove_multiple_mixed" tests="3" errors="0" failures="2" skipped="1" time="0"><testcase classname="PySysTest" name="SoftwareManagement.sm_apt_install_remove_multiple_mixed">
		<skipped message="SKIPPED: Testing the apt plugin is not supported on this platform.Use parameter -XmyPlatform='container' to enable it" />
		<system-out>08:46:26 INFO  ==============================================================
08:46:26 INFO  Id:    SoftwareManagement.sm_apt_install_remove_multiple_mixed
08:46:26 INFO  Dir:   software_management_end_to_end/
08:46:26 INFO  Title: Validate end to end behaviour for the apt plugin for multiple packages with mixed versions
08:46:26 INFO  ==============================================================
08:46:26 INFO  Testing the apt plugin is not supported on this platform.Use parameter -XmyPlatform='container' to enable it ... skipped
08:46:26 WARN  Aborted test due to SKIPPED outcome
08:46:26 INFO  
08:46:26 INFO  Test duration: 0.02 secs
08:46:26 INFO  Test final outcome:  SKIPPED
08:46:26 INFO  Test outcome reason: Testing the apt plugin is not supported on this platform.Use parameter -XmyPlatform='container' to enable it
08:46:26 INFO  
</system-out>
	</testcase>
<testcase classname="PySysTest" name="SoftwareManagement.sm_apt_install_remove_multiple_mixed">
		<failure message="BLOCKED: SystemError: Timeout while waiting for status SUCCESSFUL or False" type="BLOCKED" />
		<system-out>09:21:14 INFO  ==============================================================
09:21:14 INFO  Id:    SoftwareManagement.sm_apt_install_remove_multiple_mixed
09:21:14 INFO  Dir:   software_management_end_to_end/
09:21:14 INFO  Title: Validate end to end behaviour for the apt plugin for multiple packages with mixed versions
09:21:14 INFO  ==============================================================
09:21:14 INFO  Using sw id database: {'asciijump': '5475369', 'robotfindskitten': '5474869', 'squirrel3': '5475279', 'rolldice': '5152439', 'moon-buggy': '5439204', 'apple': '5495053', 'banana': '5494888', 'cherry': '5495382', 'watermelon': '5494510', 'registry': '8018911', 'hello-world': '8021526', 'docker/getting-started': '8021973', 'alpine': '7991792'}
09:21:14 INFO  EnvironmentC8y Setup
09:21:14 INFO  Executed systemctl&lt;serv_mapper1&gt;, exit status 3
09:21:15 INFO  Restarting mosquitto too frequently in the last 10 seconds. It was only up for 4 seconds
09:21:15 INFO  Delaying execution by 7 seconds
09:21:35 INFO  Executed sudo&lt;tedge_connect_c8y&gt;, exit status 0, duration 13 secs
09:21:36 INFO  Executed sudo&lt;tedge_connect_c8y_test&gt;, exit status 0
09:21:36 INFO  Executed systemctl&lt;serv_mosq2&gt;, exit status 0
09:21:37 INFO  Executed systemctl&lt;serv_mapper3&gt;, exit status 0
09:21:39 INFO  State of current operation: SUCCESSFUL
09:21:39 INFO  Assert that (False == value) with value=False ... passed
09:21:40 INFO  Assert that (False == value) with value=False ... passed
09:21:40 INFO  Assert that (False == value) with value=False ... passed
09:21:40 INFO  Assert that (False == value) with value=False ... passed
09:21:40 INFO  Assert that (False == value) with value=False ... passed
09:21:42 INFO  Response status: 201
09:21:42 INFO  Response to action: {
    "creationTime": "2022-06-17T09:21:42.250Z",
    "deviceName": "m32sd10d",
    "deviceId": "20259762",
    "self": "https://t493319102.eu-latest.cumulocity.com/devicecontrol/operations/20282439",
    "id": "20282439",
    "status": "PENDING",
    "description": "Apply software changes, triggered from PySys: [{'action': 'install', 'id': '5475369', 'name': 'asciijump', 'url': ' ', 'version': '::apt'}, {'action': 'install', 'id': '5474869', 'name': 'robotfindskitten', 'url': ' ', 'version': ' '}, {'action': 'install', 'id': '5475279', 'name': 'squirrel3', 'url': ' ', 'version': '3.1-7::apt'}, {'action': 'install', 'id': '5152439', 'name': 'rolldice', 'url': ' ', 'version': '1.16-1+b1'}, {'action': 'install', 'id': '5439204', 'name': 'moon-buggy', 'url': ' ', 'version': '1:1.0.51-12'}, {'action': 'install', 'id': '5475369', 'name': 'asciijump', 'url': ' ', 'version': '::apt'}]",
    "c8y_SoftwareUpdate": [
        {
            "name": "asciijump",
            "action": "install",
            "id": "5475369",
            "version": "::apt",
            "url": " "
        },
        {
            "name": "robotfindskitten",
            "action": "install",
            "id": "5474869",
            "version": " ",
            "url": " "
        },
        {
            "name": "squirrel3",
            "action": "install",
            "id": "5475279",
            "version": "3.1-7::apt",
            "url": " "
        },
        {
            "name": "rolldice",
            "action": "install",
            "id": "5152439",
            "version": "1.16-1+b1",
            "url": " "
        },
        {
            "name": "moon-buggy",
            "action": "install",
            "id": "5439204",
            "version": "1:1.0.51-12",
            "url": " "
        },
        {
            "name": "asciijump",
            "action": "install",
            "id": "5475369",
            "version": "::apt",
            "url": " "
        }
    ]
}
09:21:42 INFO  Started operation: {'creationTime': '2022-06-17T09:21:42.250Z', 'deviceName': 'm32sd10d', 'deviceId': '20259762', 'self': 'https://t493319102.eu-latest.cumulocity.com/devicecontrol/operations/20282439', 'id': '20282439', 'status': 'PENDING', 'description': "Apply software changes, triggered from PySys: [{'action': 'install', 'id': '5475369', 'name': 'asciijump', 'url': ' ', 'version': '::apt'}, {'action': 'install', 'id': '5474869', 'name': 'robotfindskitten', 'url': ' ', 'version': ' '}, {'action': 'install', 'id': '5475279', 'name': 'squirrel3', 'url': ' ', 'version': '3.1-7::apt'}, {'action': 'install', 'id': '5152439', 'name': 'rolldice', 'url': ' ', 'version': '1.16-1+b1'}, {'action': 'install', 'id': '5439204', 'name': 'moon-buggy', 'url': ' ', 'version': '1:1.0.51-12'}, {'action': 'install', 'id': '5475369', 'name': 'asciijump', 'url': ' ', 'version': '::apt'}]", 'c8y_SoftwareUpdate': [{'name': 'asciijump', 'action': 'install', 'id': '5475369', 'version': '::apt', 'url': ' '}, {'name': 'robotfindskitten', 'action': 'install', 'id': '5474869', 'version': ' ', 'url': ' '}, {'name': 'squirrel3', 'action': 'install', 'id': '5475279', 'version': '3.1-7::apt', 'url': ' '}, {'name': 'rolldice', 'action': 'install', 'id': '5152439', 'version': '1.16-1+b1', 'url': ' '}, {'name': 'moon-buggy', 'action': 'install', 'id': '5439204', 'version': '1:1.0.51-12', 'url': ' '}, {'name': 'asciijump', 'action': 'install', 'id': '5475369', 'version': '::apt', 'url': ' '}]}
09:21:44 INFO  State of operation 20282439 : PENDING
09:21:46 INFO  State of operation 20282439 : EXECUTING
09:21:48 INFO  State of operation 20282439 : EXECUTING
09:21:51 INFO  State of operation 20282439 : EXECUTING
09:21:53 INFO  State of operation 20282439 : EXECUTING
09:21:55 INFO  State of operation 20282439 : EXECUTING
09:21:58 INFO  State of operation 20282439 : EXECUTING
09:22:01 INFO  State of operation 20282439 : EXECUTING
09:22:03 INFO  State of operation 20282439 : EXECUTING
09:22:05 INFO  State of operation 20282439 : EXECUTING
09:22:07 INFO  State of operation 20282439 : EXECUTING
09:22:10 INFO  State of operation 20282439 : EXECUTING
09:22:12 INFO  State of operation 20282439 : EXECUTING
09:22:14 INFO  State of operation 20282439 : EXECUTING
09:22:16 INFO  State of operation 20282439 : EXECUTING
09:22:19 INFO  State of operation 20282439 : EXECUTING
09:22:21 INFO  State of operation 20282439 : EXECUTING
09:22:24 INFO  State of operation 20282439 : EXECUTING
09:22:26 INFO  State of operation 20282439 : EXECUTING
09:22:28 INFO  State of operation 20282439 : EXECUTING
09:22:31 INFO  State of operation 20282439 : EXECUTING
09:22:33 INFO  State of operation 20282439 : EXECUTING
09:22:36 INFO  State of operation 20282439 : EXECUTING
09:22:38 INFO  State of operation 20282439 : EXECUTING
09:22:41 INFO  State of operation 20282439 : EXECUTING
09:22:43 INFO  State of operation 20282439 : EXECUTING
09:22:45 INFO  State of operation 20282439 : EXECUTING
09:22:47 INFO  State of operation 20282439 : EXECUTING
09:22:49 INFO  State of operation 20282439 : EXECUTING
09:22:52 INFO  State of operation 20282439 : EXECUTING
09:22:54 INFO  State of operation 20282439 : EXECUTING
09:22:56 INFO  State of operation 20282439 : EXECUTING
09:22:59 INFO  State of operation 20282439 : EXECUTING
09:23:01 INFO  State of operation 20282439 : EXECUTING
09:23:03 INFO  State of operation 20282439 : EXECUTING
09:23:05 INFO  State of operation 20282439 : EXECUTING
09:23:08 INFO  State of operation 20282439 : EXECUTING
09:23:10 INFO  State of operation 20282439 : EXECUTING
09:23:13 INFO  State of operation 20282439 : EXECUTING
09:23:15 INFO  State of operation 20282439 : EXECUTING
09:23:18 INFO  State of operation 20282439 : EXECUTING
09:23:20 INFO  State of operation 20282439 : EXECUTING
09:23:22 INFO  State of operation 20282439 : EXECUTING
09:23:24 INFO  State of operation 20282439 : EXECUTING
09:23:27 INFO  State of operation 20282439 : EXECUTING
09:23:29 INFO  State of operation 20282439 : EXECUTING
09:23:31 INFO  State of operation 20282439 : EXECUTING
09:23:33 INFO  State of operation 20282439 : EXECUTING
09:23:36 INFO  State of operation 20282439 : EXECUTING
09:23:39 INFO  State of operation 20282439 : EXECUTING
09:23:41 INFO  State of operation 20282439 : EXECUTING
09:23:43 INFO  State of operation 20282439 : EXECUTING
09:23:45 INFO  State of operation 20282439 : EXECUTING
09:23:48 INFO  State of operation 20282439 : EXECUTING
09:23:50 INFO  State of operation 20282439 : EXECUTING
09:23:53 INFO  State of operation 20282439 : EXECUTING
09:23:55 INFO  State of operation 20282439 : EXECUTING
09:23:58 INFO  State of operation 20282439 : EXECUTING
09:24:00 INFO  State of operation 20282439 : EXECUTING
09:24:03 INFO  State of operation 20282439 : EXECUTING
09:24:05 INFO  State of operation 20282439 : EXECUTING
09:24:07 WARN  SystemError occurred while running test - Timeout while waiting for status SUCCESSFUL or False
Traceback (most recent call last):
  File "/home/pi/env-pysys/lib/python3.7/site-packages/pysys/baserunner.py", line 1294, in __call__
    self.testObj.execute()
  File "/home/pi/actions-runner/_work/thin-edge.io/thin-edge.io/tests/PySys/software_management_end_to_end/sm_apt_install_remove_multiple_mixed/run.py", line 89, in execute
    self.wait_until_succcess()
  File "/home/pi/actions-runner/_work/thin-edge.io/thin-edge.io/tests/PySys/software_management_end_to_end/environment_sm_management.py", line 324, in wait_until_succcess
    self.wait_until_status("SUCCESSFUL")
  File "/home/pi/actions-runner/_work/thin-edge.io/thin-edge.io/tests/PySys/software_management_end_to_end/environment_sm_management.py", line 381, in wait_until_status
    "Timeout while waiting for status %s or %s" % (status, status2)
SystemError: Timeout while waiting for status SUCCESSFUL or False
09:24:07 WARN  SystemError: Timeout while waiting for status SUCCESSFUL or False ... blocked 
09:24:07 INFO  
09:24:07 INFO  cleanup:
09:24:12 INFO  Executed sudo&lt;tedge_disconnect_c8y&gt;, exit status 0
09:24:13 INFO  Executed systemctl&lt;serv_mapper5&gt;, exit status 3
09:24:13 INFO  
09:24:13 INFO  Test duration: 178.82 secs
09:24:13 INFO  Test final outcome:  BLOCKED
09:24:13 INFO  Test outcome reason: SystemError: Timeout while waiting for status SUCCESSFUL or False
09:24:13 INFO  
</system-out>
	</testcase>
<testcase classname="PySysTest" name="SoftwareManagement.sm_apt_install_remove_multiple_mixed">
		<failure message="BLOCKED: SystemError: Timeout while waiting for status SUCCESSFUL or False (+1 other failures)" type="BLOCKED" />
		<system-out>09:47:08 INFO  ==============================================================
09:47:08 INFO  Id:    SoftwareManagement.sm_apt_install_remove_multiple_mixed
09:47:08 INFO  Dir:   software_management_end_to_end/
09:47:08 INFO  Title: Validate end to end behaviour for the apt plugin for multiple packages with mixed versions
09:47:08 INFO  ==============================================================
09:47:08 INFO  Using sw id database: {'asciijump': '5475369', 'robotfindskitten': '5474869', 'squirrel3': '5475279', 'rolldice': '5152439', 'moon-buggy': '5439204', 'apple': '5495053', 'banana': '5494888', 'cherry': '5495382', 'watermelon': '5494510', 'registry': '8018911', 'hello-world': '8021526', 'docker/getting-started': '8021973', 'alpine': '7991792'}
09:47:08 INFO  EnvironmentC8y Setup
09:47:09 INFO  Executed systemctl&lt;serv_mapper1&gt;, exit status 3
09:47:09 INFO  Restarting mosquitto too frequently in the last 10 seconds. It was only up for 5 seconds
09:47:09 INFO  Delaying execution by 6 seconds
09:47:29 INFO  Executed sudo&lt;tedge_connect_c8y&gt;, exit status 0, duration 13 secs
09:47:29 INFO  Executed sudo&lt;tedge_connect_c8y_test&gt;, exit status 0
09:47:30 INFO  Executed systemctl&lt;serv_mosq2&gt;, exit status 0
09:47:30 INFO  Executed systemctl&lt;serv_mapper3&gt;, exit status 0
09:47:33 INFO  State of current operation: SUCCESSFUL
09:47:33 INFO  Assert that (False == value) with value=False ... passed
09:47:33 INFO  Assert that (False == value) with value=False ... passed
09:47:33 INFO  Assert that (False == value) with value=False ... passed
09:47:33 INFO  Assert that (False == value) with value=False ... passed
09:47:34 INFO  Package moon-buggy is installed
09:47:34 WARN  Assert that (False == value) with value=True ... failed 
09:47:35 INFO  Response status: 201
09:47:35 INFO  Response to action: {
    "creationTime": "2022-06-17T09:47:35.457Z",
    "deviceName": "m32sd10d",
    "deviceId": "20259762",
    "self": "https://t493319102.eu-latest.cumulocity.com/devicecontrol/operations/20282607",
    "id": "20282607",
    "status": "PENDING",
    "description": "Apply software changes, triggered from PySys: [{'action': 'install', 'id': '5475369', 'name': 'asciijump', 'url': ' ', 'version': '::apt'}, {'action': 'install', 'id': '5474869', 'name': 'robotfindskitten', 'url': ' ', 'version': ' '}, {'action': 'install', 'id': '5475279', 'name': 'squirrel3', 'url': ' ', 'version': '3.1-7::apt'}, {'action': 'install', 'id': '5152439', 'name': 'rolldice', 'url': ' ', 'version': '1.16-1+b1'}, {'action': 'install', 'id': '5439204', 'name': 'moon-buggy', 'url': ' ', 'version': '1:1.0.51-12'}, {'action': 'install', 'id': '5475369', 'name': 'asciijump', 'url': ' ', 'version': '::apt'}]",
    "c8y_SoftwareUpdate": [
        {
            "name": "asciijump",
            "action": "install",
            "id": "5475369",
            "version": "::apt",
            "url": " "
        },
        {
            "name": "robotfindskitten",
            "action": "install",
            "id": "5474869",
            "version": " ",
            "url": " "
        },
        {
            "name": "squirrel3",
            "action": "install",
            "id": "5475279",
            "version": "3.1-7::apt",
            "url": " "
        },
        {
            "name": "rolldice",
            "action": "install",
            "id": "5152439",
            "version": "1.16-1+b1",
            "url": " "
        },
        {
            "name": "moon-buggy",
            "action": "install",
            "id": "5439204",
            "version": "1:1.0.51-12",
            "url": " "
        },
        {
            "name": "asciijump",
            "action": "install",
            "id": "5475369",
            "version": "::apt",
            "url": " "
        }
    ]
}
09:47:35 INFO  Started operation: {'creationTime': '2022-06-17T09:47:35.457Z', 'deviceName': 'm32sd10d', 'deviceId': '20259762', 'self': 'https://t493319102.eu-latest.cumulocity.com/devicecontrol/operations/20282607', 'id': '20282607', 'status': 'PENDING', 'description': "Apply software changes, triggered from PySys: [{'action': 'install', 'id': '5475369', 'name': 'asciijump', 'url': ' ', 'version': '::apt'}, {'action': 'install', 'id': '5474869', 'name': 'robotfindskitten', 'url': ' ', 'version': ' '}, {'action': 'install', 'id': '5475279', 'name': 'squirrel3', 'url': ' ', 'version': '3.1-7::apt'}, {'action': 'install', 'id': '5152439', 'name': 'rolldice', 'url': ' ', 'version': '1.16-1+b1'}, {'action': 'install', 'id': '5439204', 'name': 'moon-buggy', 'url': ' ', 'version': '1:1.0.51-12'}, {'action': 'install', 'id': '5475369', 'name': 'asciijump', 'url': ' ', 'version': '::apt'}]", 'c8y_SoftwareUpdate': [{'name': 'asciijump', 'action': 'install', 'id': '5475369', 'version': '::apt', 'url': ' '}, {'name': 'robotfindskitten', 'action': 'install', 'id': '5474869', 'version': ' ', 'url': ' '}, {'name': 'squirrel3', 'action': 'install', 'id': '5475279', 'version': '3.1-7::apt', 'url': ' '}, {'name': 'rolldice', 'action': 'install', 'id': '5152439', 'version': '1.16-1+b1', 'url': ' '}, {'name': 'moon-buggy', 'action': 'install', 'id': '5439204', 'version': '1:1.0.51-12', 'url': ' '}, {'name': 'asciijump', 'action': 'install', 'id': '5475369', 'version': '::apt', 'url': ' '}]}
09:47:37 INFO  State of operation 20282607 : PENDING
09:47:39 INFO  State of operation 20282607 : EXECUTING
09:47:42 INFO  State of operation 20282607 : EXECUTING
09:47:44 INFO  State of operation 20282607 : EXECUTING
09:47:46 INFO  State of operation 20282607 : EXECUTING
09:47:48 INFO  State of operation 20282607 : EXECUTING
09:47:51 INFO  State of operation 20282607 : EXECUTING
09:47:54 INFO  State of operation 20282607 : EXECUTING
09:47:56 INFO  State of operation 20282607 : EXECUTING
09:47:59 INFO  State of operation 20282607 : EXECUTING
09:48:01 INFO  State of operation 20282607 : EXECUTING
09:48:03 INFO  State of operation 20282607 : EXECUTING
09:48:06 INFO  State of operation 20282607 : EXECUTING
09:48:08 INFO  State of operation 20282607 : EXECUTING
09:48:10 INFO  State of operation 20282607 : EXECUTING
09:48:12 INFO  State of operation 20282607 : EXECUTING
09:48:15 INFO  State of operation 20282607 : EXECUTING
09:48:18 INFO  State of operation 20282607 : EXECUTING
09:48:20 INFO  State of operation 20282607 : EXECUTING
09:48:22 INFO  State of operation 20282607 : EXECUTING
09:48:24 INFO  State of operation 20282607 : EXECUTING
09:48:27 INFO  State of operation 20282607 : EXECUTING
09:48:29 INFO  State of operation 20282607 : EXECUTING
09:48:32 INFO  State of operation 20282607 : EXECUTING
09:48:34 INFO  State of operation 20282607 : EXECUTING
09:48:36 INFO  State of operation 20282607 : EXECUTING
09:48:38 INFO  State of operation 20282607 : EXECUTING
09:48:41 INFO  State of operation 20282607 : EXECUTING
09:48:43 INFO  State of operation 20282607 : EXECUTING
09:48:45 INFO  State of operation 20282607 : EXECUTING
09:48:48 INFO  State of operation 20282607 : EXECUTING
09:48:50 INFO  State of operation 20282607 : EXECUTING
09:48:52 INFO  State of operation 20282607 : EXECUTING
09:48:54 INFO  State of operation 20282607 : EXECUTING
09:48:56 INFO  State of operation 20282607 : EXECUTING
09:48:59 INFO  State of operation 20282607 : EXECUTING
09:49:01 INFO  State of operation 20282607 : EXECUTING
09:49:03 INFO  State of operation 20282607 : EXECUTING
09:49:06 INFO  State of operation 20282607 : EXECUTING
09:49:09 INFO  State of operation 20282607 : EXECUTING
09:49:11 INFO  State of operation 20282607 : EXECUTING
09:49:13 INFO  State of operation 20282607 : EXECUTING
09:49:15 INFO  State of operation 20282607 : EXECUTING
09:49:18 INFO  State of operation 20282607 : EXECUTING
09:49:20 INFO  State of operation 20282607 : EXECUTING
09:49:22 INFO  State of operation 20282607 : EXECUTING
09:49:24 INFO  State of operation 20282607 : EXECUTING
09:49:27 INFO  State of operation 20282607 : EXECUTING
09:49:30 INFO  State of operation 20282607 : EXECUTING
09:49:32 INFO  State of operation 20282607 : EXECUTING
09:49:34 INFO  State of operation 20282607 : EXECUTING
09:49:36 INFO  State of operation 20282607 : EXECUTING
09:49:39 INFO  State of operation 20282607 : EXECUTING
09:49:41 INFO  State of operation 20282607 : EXECUTING
09:49:44 INFO  State of operation 20282607 : EXECUTING
09:49:46 INFO  State of operation 20282607 : EXECUTING
09:49:49 INFO  State of operation 20282607 : EXECUTING
09:49:51 INFO  State of operation 20282607 : EXECUTING
09:49:53 INFO  State of operation 20282607 : EXECUTING
09:49:55 INFO  State of operation 20282607 : EXECUTING
09:49:58 INFO  State of operation 20282607 : EXECUTING
09:50:00 WARN  SystemError occurred while running test - Timeout while waiting for status SUCCESSFUL or False
Traceback (most recent call last):
  File "/home/pi/env-pysys/lib/python3.7/site-packages/pysys/baserunner.py", line 1294, in __call__
    self.testObj.execute()
  File "/home/pi/actions-runner/_work/thin-edge.io/thin-edge.io/tests/PySys/software_management_end_to_end/sm_apt_install_remove_multiple_mixed/run.py", line 89, in execute
    self.wait_until_succcess()
  File "/home/pi/actions-runner/_work/thin-edge.io/thin-edge.io/tests/PySys/software_management_end_to_end/environment_sm_management.py", line 324, in wait_until_succcess
    self.wait_until_status("SUCCESSFUL")
  File "/home/pi/actions-runner/_work/thin-edge.io/thin-edge.io/tests/PySys/software_management_end_to_end/environment_sm_management.py", line 381, in wait_until_status
    "Timeout while waiting for status %s or %s" % (status, status2)
SystemError: Timeout while waiting for status SUCCESSFUL or False
09:50:00 WARN  SystemError: Timeout while waiting for status SUCCESSFUL or False ... blocked 
09:50:00 INFO  
09:50:00 INFO  cleanup:
09:50:04 INFO  Executed sudo&lt;tedge_disconnect_c8y&gt;, exit status 0
09:50:05 INFO  Executed systemctl&lt;serv_mapper5&gt;, exit status 3
09:50:05 INFO  
09:50:05 INFO  Test duration: 176.49 secs
09:50:05 INFO  Test final outcome:  BLOCKED
09:50:05 INFO  Test outcome reason: SystemError: Timeout while waiting for status SUCCESSFUL or False (+1 other failures)
09:50:05 INFO  
</system-out>
	</testcase>
</testsuite><testsuite name="SoftwareManagement.sm_apt_install_remove_with_version" tests="3" errors="0" failures="0" skipped="1" time="0"><testcase classname="PySysTest" name="SoftwareManagement.sm_apt_install_remove_with_version">
		<skipped message="SKIPPED: Testing the apt plugin is not supported on this platform.Use parameter -XmyPlatform='container' to enable it" />
		<system-out>08:46:26 INFO  ==============================================================
08:46:26 INFO  Id:    SoftwareManagement.sm_apt_install_remove_with_version
08:46:26 INFO  Dir:   software_management_end_to_end/
08:46:26 INFO  Title: Validate end to end behaviour for the apt plugin for packages with version
08:46:26 INFO  ==============================================================
08:46:26 INFO  Testing the apt plugin is not supported on this platform.Use parameter -XmyPlatform='container' to enable it ... skipped
08:46:26 WARN  Aborted test due to SKIPPED outcome
08:46:26 INFO  
08:46:26 INFO  Test duration: 0.02 secs
08:46:26 INFO  Test final outcome:  SKIPPED
08:46:26 INFO  Test outcome reason: Testing the apt plugin is not supported on this platform.Use parameter -XmyPlatform='container' to enable it
08:46:26 INFO  
</system-out>
	</testcase>
<testcase classname="PySysTest" name="SoftwareManagement.sm_apt_install_remove_with_version" />
<testcase classname="PySysTest" name="SoftwareManagement.sm_apt_install_remove_with_version" />
</testsuite><testsuite name="SoftwareManagement.sm_docker_install_remove_multiple" tests="3" errors="0" failures="0" skipped="1" time="0"><testcase classname="SMDockerInstallRemove" name="SoftwareManagement.sm_docker_install_remove_multiple">
		<skipped message="SKIPPED: Testing the apt plugin is not supported on this platform.Use parameter -XmyPlatform='container' to enable it" />
		<system-out>08:46:26 INFO  ==============================================================
08:46:26 INFO  Id:    SoftwareManagement.sm_docker_install_remove_multiple
08:46:26 INFO  Dir:   software_management_end_to_end/
08:46:26 INFO  Title: Validate end to end behaviour for the docker plugin for multiple docker images with mixed versions
08:46:26 INFO  ==============================================================
08:46:26 INFO  Testing the apt plugin is not supported on this platform.Use parameter -XmyPlatform='container' to enable it ... skipped
08:46:26 WARN  Aborted test due to SKIPPED outcome
08:46:26 INFO  
08:46:26 INFO  Test duration: 0.02 secs
08:46:26 INFO  Test final outcome:  SKIPPED
08:46:26 INFO  Test outcome reason: Testing the apt plugin is not supported on this platform.Use parameter -XmyPlatform='container' to enable it
08:46:26 INFO  
</system-out>
	</testcase>
<testcase classname="SMDockerInstallRemove" name="SoftwareManagement.sm_docker_install_remove_multiple" />
<testcase classname="SMDockerInstallRemove" name="SoftwareManagement.sm_docker_install_remove_multiple" />
</testsuite><testsuite name="SoftwareManagement.sm_fake_install_remove" tests="2" errors="0" failures="0" skipped="1" time="0"><testcase classname="PySysTest" name="SoftwareManagement.sm_fake_install_remove">
		<skipped message="SKIPPED: Testing the fake plugin is not enabled.Use parameter -Xfakeplugin=fakeplugin to enable it" />
		<system-out>08:46:26 INFO  ==============================================================
08:46:26 INFO  Id:    SoftwareManagement.sm_fake_install_remove
08:46:26 INFO  Dir:   software_management_end_to_end/
08:46:26 INFO  Title: Validate end to end behaviour for the dummy plugin for installation and removal of packages
08:46:26 INFO  ==============================================================
08:46:26 INFO  Testing the fake plugin is not enabled.Use parameter -Xfakeplugin=fakeplugin to enable it ... skipped
08:46:26 WARN  Aborted test due to SKIPPED outcome
08:46:26 INFO  
08:46:26 INFO  Test duration: 0.02 secs
08:46:26 INFO  Test final outcome:  SKIPPED
08:46:26 INFO  Test outcome reason: Testing the fake plugin is not enabled.Use parameter -Xfakeplugin=fakeplugin to enable it
08:46:26 INFO  
</system-out>
	</testcase>
<testcase classname="PySysTest" name="SoftwareManagement.sm_fake_install_remove" />
</testsuite><testsuite name="SoftwareManagement.sm_fake_install_remove_multiple" tests="2" errors="0" failures="0" skipped="1" time="0"><testcase classname="PySysTest" name="SoftwareManagement.sm_fake_install_remove_multiple">
		<skipped message="SKIPPED: Testing the fake plugin is not enabled.Use parameter -Xfakeplugin=fakeplugin to enable it" />
		<system-out>08:46:26 INFO  ==============================================================
08:46:26 INFO  Id:    SoftwareManagement.sm_fake_install_remove_multiple
08:46:26 INFO  Dir:   software_management_end_to_end/
08:46:26 INFO  Title: Validate end to end behaviour for the dummy-plugin for multiple packages
08:46:26 INFO  ==============================================================
08:46:26 INFO  Testing the fake plugin is not enabled.Use parameter -Xfakeplugin=fakeplugin to enable it ... skipped
08:46:26 WARN  Aborted test due to SKIPPED outcome
08:46:26 INFO  
08:46:26 INFO  Test duration: 0.02 secs
08:46:26 INFO  Test final outcome:  SKIPPED
08:46:26 INFO  Test outcome reason: Testing the fake plugin is not enabled.Use parameter -Xfakeplugin=fakeplugin to enable it
08:46:26 INFO  
</system-out>
	</testcase>
<testcase classname="PySysTest" name="SoftwareManagement.sm_fake_install_remove_multiple" />
</testsuite><testsuite name="SoftwareManagement.sm_mapper_fail_and_reconnect" tests="2" errors="0" failures="0" skipped="2" time="0"><testcase classname="MapperC8yReceiveLastMessageOnRestart" name="SoftwareManagement.sm_mapper_fail_and_reconnect">
		<skipped message="SKIPPED: instable https://github.com/thin-edge/thin-edge.io/issues/752" />
		<system-out>08:46:26 INFO  ==============================================================
08:46:26 INFO  Id:    SoftwareManagement.sm_mapper_fail_and_reconnect
08:46:26 INFO  Dir:   software_management_end_to_end/
08:46:26 INFO  Title: Validate the tedge-mapper-sm-c8y for receiving the last message on restart
08:46:26 INFO  ==============================================================
08:46:26 INFO  instable https://github.com/thin-edge/thin-edge.io/issues/752 ... skipped
08:46:26 INFO  
08:46:26 INFO  Test duration: 0.02 secs
08:46:26 INFO  Test final outcome:  SKIPPED
08:46:26 INFO  Test outcome reason: instable https://github.com/thin-edge/thin-edge.io/issues/752
08:46:26 INFO  
</system-out>
	</testcase>
<testcase classname="MapperC8yReceiveLastMessageOnRestart" name="SoftwareManagement.sm_mapper_fail_and_reconnect">
		<skipped message="SKIPPED: instable https://github.com/thin-edge/thin-edge.io/issues/752" />
		<system-out>09:56:47 INFO  ==============================================================
09:56:47 INFO  Id:    SoftwareManagement.sm_mapper_fail_and_reconnect
09:56:47 INFO  Dir:   software_management_end_to_end/
09:56:47 INFO  Title: Validate the tedge-mapper-sm-c8y for receiving the last message on restart
09:56:47 INFO  ==============================================================
09:56:47 INFO  instable https://github.com/thin-edge/thin-edge.io/issues/752 ... skipped
09:56:47 INFO  
09:56:47 INFO  Test duration: 0.06 secs
09:56:47 INFO  Test final outcome:  SKIPPED
09:56:47 INFO  Test outcome reason: instable https://github.com/thin-edge/thin-edge.io/issues/752
09:56:47 INFO  
</system-out>
	</testcase>
</testsuite><testsuite name="SoftwareManagement.sm_mixed_install_remove_multiple" tests="2" errors="0" failures="1" skipped="1" time="0"><testcase classname="PySysTest" name="SoftwareManagement.sm_mixed_install_remove_multiple">
		<skipped message="SKIPPED: Testing the fake plugin is not enabled.Use parameter -Xfakeplugin=fakeplugin to enable it" />
		<system-out>08:46:26 INFO  ==============================================================
08:46:26 INFO  Id:    SoftwareManagement.sm_mixed_install_remove_multiple
08:46:26 INFO  Dir:   software_management_end_to_end/
08:46:26 INFO  Title: Validate end to end behaviour for the dummy-plugin for multiple packages with mixed versions
08:46:26 INFO  ==============================================================
08:46:26 INFO  Testing the fake plugin is not enabled.Use parameter -Xfakeplugin=fakeplugin to enable it ... skipped
[...]
08:34:27 INFO  Executed sudo&lt;rm_tmp_logs&gt;, exit status 0
08:34:27 INFO  Executed sudo&lt;send_failed&gt;, exit status 0
08:34:28 INFO  Executed sudo&lt;log_file_daemon&gt;, exit status 0
08:34:32 INFO  Executed sudo&lt;tedge_disconnect_c8y&gt;, exit status 0
08:34:33 INFO  Executed systemctl&lt;serv_mapper5&gt;, exit status 3
08:34:33 INFO  
08:34:33 INFO  Test duration: 27.90 secs
08:34:33 INFO  Test final outcome:  BLOCKED
08:34:33 INFO  Test outcome reason: TypeError: 'NoneType' object is not subscriptable
08:34:33 INFO  
</system-out>
	</testcase>
</testsuite><testsuite name="log_request_num_lines" tests="1" errors="0" failures="1" skipped="0" time="0"><testcase classname="LogRequestVerifyNumberOfLines" name="log_request_num_lines">
		<failure message="BLOCKED: TypeError: 'NoneType' object is not subscriptable" type="BLOCKED" />
		<system-out>08:34:33 INFO  ==============================================================
08:34:33 INFO  Id:    log_request_num_lines
08:34:33 INFO  Dir:   log_request_end_to_end/
08:34:33 INFO  Title: Validate end to end behaviour for the log request operation check for number of lines
08:34:33 INFO  ==============================================================
08:34:33 INFO  EnvironmentC8y Setup
08:34:33 INFO  Executed systemctl&lt;serv_mapper1&gt;, exit status 3
08:34:33 INFO  Restarting mosquitto too frequently in the last 10 seconds. It was only up for 4 seconds
08:34:33 INFO  Delaying execution by 7 seconds
08:34:54 INFO  Executed sudo&lt;tedge_connect_c8y&gt;, exit status 0, duration 13 secs
08:34:55 INFO  Executed sudo&lt;tedge_connect_c8y_test&gt;, exit status 0
08:34:56 INFO  Executed systemctl&lt;serv_mosq2&gt;, exit status 0
08:34:56 INFO  Executed systemctl&lt;serv_mapper3&gt;, exit status 0
08:34:57 INFO  Executed sudo&lt;rm_logs&gt;, exit status 0
08:34:57 INFO  Executed sudo&lt;move_logs&gt;, exit status 0
08:34:58 INFO  Executed sudo&lt;log_file_daemon&gt;, exit status 0
08:34:58 WARN  TypeError occurred while running test - 'NoneType' object is not subscriptable
Traceback (most recent call last):
  File "/home/pi/env-pysys/lib/python3.7/site-packages/pysys/baserunner.py", line 1294, in __call__
    self.testObj.execute()
  File "/home/pi/actions-runner/_work/thin-edge.io/thin-edge.io/tests/PySys/log_request_end_to_end/log_request_num_lines/run.py", line 46, in execute
    log_file_request_payload, self.project.deviceid
  File "/home/pi/actions-runner/_work/thin-edge.io/thin-edge.io/tests/PySys/environments/cumulocity.py", line 101, in trigger_log_request
    "deviceId": self.device_fragment["id"],
TypeError: 'NoneType' object is not subscriptable
08:34:58 WARN  TypeError: 'NoneType' object is not subscriptable ... blocked 
08:34:58 INFO  
08:34:58 INFO  cleanup:
08:34:59 INFO  Executed sudo&lt;rm_logs&gt;, exit status 0
08:34:59 INFO  Executed sudo&lt;rm_tmp_logs&gt;, exit status 0
08:35:00 INFO  Executed sudo&lt;send_failed&gt;, exit status 0
08:35:00 INFO  Executed sudo&lt;log_file_daemon&gt;, exit status 0
08:35:04 INFO  Executed sudo&lt;tedge_disconnect_c8y&gt;, exit status 0
08:35:05 INFO  Executed systemctl&lt;serv_mapper5&gt;, exit status 3
08:35:05 INFO  
08:35:05 INFO  Test duration: 32.47 secs
08:35:05 INFO  Test final outcome:  BLOCKED
08:35:05 INFO  Test outcome reason: TypeError: 'NoneType' object is not subscriptable
08:35:05 INFO  
</system-out>
	</testcase>
</testsuite><testsuite name="mapper_awaits_before_reconnect" tests="1" errors="0" failures="1" skipped="0" time="0"><testcase classname="MapperReconnectAwait" name="mapper_awaits_before_reconnect">
		<failure message="FAILED: Line count on tedge_mapper_journal.out for &quot;tedge_mapper::core::mapper: MQTT connection error:&quot; expected &gt;=2 but got 0" type="FAILED" />
		<system-out>08:49:30 INFO  ==============================================================
08:49:30 INFO  Id:    mapper_awaits_before_reconnect
08:49:30 INFO  Dir:   tedge_mapper_c8y/
08:49:30 INFO  Title: Validate mapper doesn't reconnect too often
08:49:30 INFO  ==============================================================
08:49:30 INFO  Started mosquitto_sub with process id 1043
08:49:30 INFO  Waiting for 0.1 seconds
08:49:30 INFO  Executed sudo&lt;tedge_mapper&gt;, exit status 0
08:49:30 INFO  Waiting for 5.0 seconds
08:49:36 INFO  Executed sudo&lt;tedge_mapper&gt;, exit status 0
08:49:38 INFO  Executed sudo&lt;tedge_mapper_journal&gt;, exit status 0
08:49:39 WARN  Grep on tedge_mapper_journal.out contains "ERROR" ... failed [run.py:67]
08:49:39 INFO  Line count on file tedge_mapper_journal.out ... passed
08:49:39 WARN  Line count on tedge_mapper_journal.out for "tedge_mapper::core::mapper: MQTT connection error:" expected &gt;=2 but got 0 ... failed [run.py:78]
08:49:39 WARN  Aborted test due to FAILED outcome
08:49:39 INFO  
08:49:39 INFO  Test duration: 8.96 secs
08:49:39 INFO  Test final outcome:  FAILED
08:49:39 INFO  Test outcome reason: Line count on tedge_mapper_journal.out for "tedge_mapper::core::mapper: MQTT connection error:" expected &gt;=2 but got 0
08:49:39 INFO  
</system-out>
	</testcase>
</testsuite><testsuite name="monitoring_smaller_interval" tests="1" errors="0" failures="1" skipped="0" time="0"><testcase classname="MonitoringSmallInterval" name="monitoring_smaller_interval">
		<failure message="BLOCKED: TypeError: 'int' object is not subscriptable" type="BLOCKED" />
		<system-out>08:36:29 INFO  ==============================================================
08:36:29 INFO  Id:    monitoring_smaller_interval
08:36:29 INFO  Dir:   monitoring/
08:36:29 INFO  Title: Validate the tedge dm agent messages that are produced with smaller sampling interval than the batching window. Here the simulated collectd messages are used
08:36:29 INFO  ==============================================================
08:36:30 INFO  Executed sudo&lt;collectd&gt;, exit status 0
08:36:30 INFO  Executed sudo&lt;collectd_mapper&gt;, exit status 0
08:36:30 INFO  Started sudo&lt;tedge_sub&gt; with process id 29588
08:36:31 INFO  Executed sudo&lt;tedge_temp&gt;, exit status 0
08:36:31 INFO  Executed sudo&lt;tedge_pres&gt;, exit status 0
08:36:32 INFO  Executed sudo&lt;tedge_temp&gt;, exit status 0
08:36:32 INFO  Executed sudo&lt;tedge_pres&gt;, exit status 0
08:36:33 INFO  Executed sudo&lt;tedge_temp&gt;, exit status 0
08:36:34 INFO  Executed sudo&lt;tedge_pres&gt;, exit status 0
08:36:34 INFO  Executed sudo&lt;tedge_temp&gt;, exit status 0
08:36:35 INFO  Executed sudo&lt;tedge_pres&gt;, exit status 0
08:36:35 INFO  Executed sudo&lt;tedge_temp&gt;, exit status 0
08:36:36 INFO  Executed sudo&lt;tedge_pres&gt;, exit status 0
08:36:36 INFO  Executed sudo&lt;tedge_temp&gt;, exit status 0
08:36:37 INFO  Executed sudo&lt;tedge_pres&gt;, exit status 0
08:36:38 INFO  Executed sudo&lt;tedge_temp&gt;, exit status 0
08:36:38 INFO  Executed sudo&lt;tedge_pres&gt;, exit status 0
08:36:39 INFO  Executed sudo&lt;tedge_temp&gt;, exit status 0
08:36:39 INFO  Executed sudo&lt;tedge_pres&gt;, exit status 0
08:36:40 INFO  Executed sudo&lt;tedge_temp&gt;, exit status 0
08:36:40 INFO  Executed sudo&lt;tedge_pres&gt;, exit status 0
08:36:41 INFO  Executed sudo&lt;tedge_temp&gt;, exit status 0
08:36:42 INFO  Executed sudo&lt;tedge_pres&gt;, exit status 0
08:36:43 INFO  Executed sudo&lt;kill_out&gt;, exit status 0
08:36:43 INFO  0

08:36:43 WARN  TypeError occurred while running test - 'int' object is not subscriptable
Traceback (most recent call last):
  File "/home/pi/env-pysys/lib/python3.7/site-packages/pysys/baserunner.py", line 1296, in __call__
    self.testObj.validate()
  File "/home/pi/actions-runner/_work/thin-edge.io/thin-edge.io/tests/PySys/monitoring/monitoring_smaller_interval/run.py", line 104, in validate
    collectd_msg_validation_result=self.validate_json(),
  File "/home/pi/actions-runner/_work/thin-edge.io/thin-edge.io/tests/PySys/monitoring/monitoring_smaller_interval/run.py", line 114, in validate_json
    if not self.validate_time():
  File "/home/pi/actions-runner/_work/thin-edge.io/thin-edge.io/tests/PySys/monitoring/monitoring_smaller_interval/run.py", line 134, in validate_time
    if self.js_msg["time"]:
TypeError: 'int' object is not subscriptable
08:36:43 WARN  TypeError: 'int' object is not subscriptable ... blocked 
08:36:43 INFO  
08:36:43 INFO  cleanup:
08:36:43 INFO  monitoring_cleanup
08:36:44 INFO  Executed sudo&lt;collectd_mapper&gt;, exit status 0
08:36:44 INFO  
08:36:44 INFO  Test duration: 14.97 secs
08:36:44 INFO  Test final outcome:  BLOCKED
08:36:44 INFO  Test outcome reason: TypeError: 'int' object is not subscriptable
08:36:44 INFO  
</system-out>
	</testcase>
</testsuite><testsuite name="monitoring_with_collectd" tests="1" errors="0" failures="0" skipped="1" time="0"><testcase classname="MonitoringWithCollectd" name="monitoring_with_collectd">
		<skipped message="SKIPPED: Test execution disabled due to #792 (instable)" />
		<system-out>08:36:44 INFO  ==============================================================
08:36:44 INFO  Id:    monitoring_with_collectd
08:36:44 INFO  Dir:   monitoring/
08:36:44 INFO  Title: Validate tedge dm agent messages that are produced by batching the collectd messages
08:36:44 INFO  ==============================================================
08:36:44 INFO  Test execution disabled due to #792 (instable) ... skipped
08:36:44 INFO  
08:36:44 INFO  Test duration: 0.02 secs
08:36:44 INFO  Test final outcome:  SKIPPED
08:36:44 INFO  Test outcome reason: Test execution disabled due to #792 (instable)
08:36:44 INFO  
</system-out>
	</testcase>
</testsuite><testsuite name="monitoring_with_simulated_messages" tests="1" errors="0" failures="1" skipped="0" time="0"><testcase classname="MonitoringWithSimulatedMessages" name="monitoring_with_simulated_messages">
		<failure message="BLOCKED: TypeError: 'int' object is not subscriptable" type="BLOCKED" />
		<system-out>08:36:44 INFO  ==============================================================
08:36:44 INFO  Id:    monitoring_with_simulated_messages
08:36:44 INFO  Dir:   monitoring/
08:36:44 INFO  Title: Validate the tedge dm agent messages that are produced from the simulated collectd messages
08:36:44 INFO  ==============================================================
08:36:45 INFO  Executed sudo&lt;collectd&gt;, exit status 0
08:36:45 INFO  Executed sudo&lt;collectd_mapper&gt;, exit status 0
08:36:45 INFO  Started sudo&lt;tedge_sub&gt; with process id 29649
08:36:46 INFO  Executed sudo&lt;tedge_temp&gt;, exit status 0
08:36:46 INFO  Executed sudo&lt;tedge_pres&gt;, exit status 0
08:36:48 INFO  Executed sudo&lt;kill_out&gt;, exit status 0
08:36:48 INFO  0

08:36:48 WARN  TypeError occurred while running test - 'int' object is not subscriptable
Traceback (most recent call last):
  File "/home/pi/env-pysys/lib/python3.7/site-packages/pysys/baserunner.py", line 1296, in __call__
    self.testObj.validate()
  File "/home/pi/actions-runner/_work/thin-edge.io/thin-edge.io/tests/PySys/monitoring/monitoring_with_simulated_messages/run.py", line 98, in validate
    collectd_msg_validation_result=self.validate_json(),
  File "/home/pi/actions-runner/_work/thin-edge.io/thin-edge.io/tests/PySys/monitoring/monitoring_with_simulated_messages/run.py", line 108, in validate_json
    if not self.validate_time():
  File "/home/pi/actions-runner/_work/thin-edge.io/thin-edge.io/tests/PySys/monitoring/monitoring_with_simulated_messages/run.py", line 127, in validate_time
    if self.js_msg["time"]:
TypeError: 'int' object is not subscriptable
08:36:48 WARN  TypeError: 'int' object is not subscriptable ... blocked 
08:36:48 INFO  
08:36:48 INFO  cleanup:
08:36:48 INFO  monitoring_cleanup
08:36:48 INFO  Executed sudo&lt;collectd_mapper&gt;, exit status 0
08:36:48 INFO  
08:36:48 INFO  Test duration: 4.47 secs
08:36:48 INFO  Test final outcome:  BLOCKED
08:36:48 INFO  Test outcome reason: TypeError: 'int' object is not subscriptable
08:36:48 INFO  
</system-out>
	</testcase>
</testsuite><testsuite name="mqtt_port_change_connection_fails" tests="1" errors="0" failures="0" skipped="0" time="0"><testcase classname="MqttPortChangeConnectionFails" name="mqtt_port_change_connection_fails" />
</testsuite><testsuite name="mqtt_port_change_connection_works" tests="1" errors="0" failures="0" skipped="1" time="0"><testcase classname="MqttPortChangeConnectionWorks" name="mqtt_port_change_connection_works">
		<skipped message="SKIPPED: failing intermitently" />
		<system-out>08:35:40 INFO  ==============================================================
08:35:40 INFO  Id:    mqtt_port_change_connection_works
08:35:40 INFO  Dir:   misc_features/
08:35:40 INFO  Title: mqtt port change connection works for all the thin-edge services that use the mosquitto broker
08:35:40 INFO  ==============================================================
08:35:40 INFO  failing intermitently ... skipped
08:35:40 INFO  
08:35:40 INFO  Test duration: 0.02 secs
08:35:40 INFO  Test final outcome:  SKIPPED
08:35:40 INFO  Test outcome reason: failing intermitently
08:35:40 INFO  
</system-out>
	</testcase>
</testsuite><testsuite name="publish_flux" tests="1" errors="0" failures="0" skipped="0" time="0"><testcase classname="PublishFlux" name="publish_flux" />
</testsuite><testsuite name="publish_sawmill" tests="1" errors="0" failures="0" skipped="0" time="0"><testcase classname="PublishSawmill" name="publish_sawmill" />
</testsuite><testsuite name="runtime_start_two_mappers" tests="1" errors="0" failures="0" skipped="0" time="0"><testcase classname="RuntimeMultiMappers" name="runtime_start_two_mappers" />
</testsuite><testsuite name="sm_tedge_mapper_init_session" tests="1" errors="0" failures="0" skipped="0" time="0"><testcase classname="TedgeSMMapperInitSession" name="sm_tedge_mapper_init_session" />
</testsuite><testsuite name="smoketest_json" tests="1" errors="0" failures="0" skipped="0" time="0"><testcase classname="SmokeTestJson" name="smoketest_json" />
</testsuite><testsuite name="smoketest_json_400_samples_10ms" tests="1" errors="0" failures="0" skipped="0" time="0"><testcase classname="SmoketestJson400Samples10ms" name="smoketest_json_400_samples_10ms" />
</testsuite><testsuite name="smoketest_json_400_samples_20ms" tests="1" errors="0" failures="0" skipped="0" time="0"><testcase classname="SmoketestJson400Samples20ms" name="smoketest_json_400_samples_20ms" />
</testsuite><testsuite name="smoketest_smartrest" tests="1" errors="0" failures="0" skipped="0" time="0"><testcase classname="SmoketestSmartRest" name="smoketest_smartrest" />
</testsuite><testsuite name="smoketest_smartrest_400_samples_1Xms" tests="1" errors="0" failures="0" skipped="0" time="0"><testcase classname="SmoketestSmartRest400Samples1Xms" name="smoketest_smartrest_400_samples_1Xms" />
</testsuite><testsuite name="smoketest_smartrest_400_samples_20ms" tests="1" errors="0" failures="0" skipped="0" time="0"><testcase classname="SmoketestSmartRest400Samples20ms" name="smoketest_smartrest_400_samples_20ms" />
</testsuite><testsuite name="tedge_agent_user_sudo_access" tests="1" errors="0" failures="0" skipped="1" time="0"><testcase classname="TedgeAgentUserSudoAccess" name="tedge_agent_user_sudo_access">
		<skipped message="SKIPPED: #955 Observation: Exit code of the apt plugin when called with no arguments" />
		<system-out>08:46:52 INFO  ==============================================================
08:46:52 INFO  Id:    tedge_agent_user_sudo_access
08:46:52 INFO  Dir:   tedge/
08:46:52 INFO  Title: Validate tedge-agent user has a limited sudo right
08:46:52 INFO  ==============================================================
08:46:52 INFO  #955 Observation: Exit code of the apt plugin when called with no arguments ... skipped
08:46:52 INFO  
08:46:52 INFO  Test duration: 0.02 secs
08:46:52 INFO  Test final outcome:  SKIPPED
08:46:52 INFO  Test outcome reason: #955 Observation: Exit code of the apt plugin when called with no arguments
08:46:52 INFO  
</system-out>
	</testcase>
</testsuite><testsuite name="tedge_connect_test_negative" tests="1" errors="0" failures="0" skipped="0" time="0"><testcase classname="TedgeConnectTestNegative" name="tedge_connect_test_negative" />
</testsuite><testsuite name="tedge_connect_test_positive" tests="1" errors="0" failures="0" skipped="0" time="0"><testcase classname="TedgeConnectTestPositive" name="tedge_connect_test_positive" />
</testsuite><testsuite name="tedge_connect_test_sm_services" tests="1" errors="0" failures="0" skipped="0" time="0"><testcase classname="TedgeConnectTestSMServices" name="tedge_connect_test_sm_services" />
</testsuite><testsuite name="tedge_disconnect_test_sm_services" tests="1" errors="0" failures="0" skipped="0" time="0"><testcase classname="TedgeDisConnectTestSMServices" name="tedge_disconnect_test_sm_services" />
</testsuite><testsuite name="tedge_mapper_az_negative" tests="1" errors="0" failures="0" skipped="0" time="0"><testcase classname="TedgeMapperAzError" name="tedge_mapper_az_negative" />
</testsuite><testsuite name="tedge_mapper_az_with_timestamp" tests="1" errors="0" failures="0" skipped="0" time="0"><testcase classname="TedgeMapperAzWithTimestamp" name="tedge_mapper_az_with_timestamp" />
</testsuite><testsuite name="tedge_mapper_az_without_timestamp" tests="1" errors="0" failures="0" skipped="0" time="0"><testcase classname="TedgeMapperAzWithoutTimestamp" name="tedge_mapper_az_without_timestamp" />
</testsuite><testsuite name="tedge_mapper_c8y_alarms" tests="1" errors="0" failures="0" skipped="0" time="0"><testcase classname="TedgeMapperC8yAlarm" name="tedge_mapper_c8y_alarms" />
</testsuite><testsuite name="tedge_mapper_c8y_child_device_measurement" tests="1" errors="0" failures="0" skipped="0" time="0"><testcase classname="TedgeMapperC8yChildDevice" name="tedge_mapper_c8y_child_device_measurement" />
</testsuite><testsuite name="tedge_mapper_c8y_packet_threshold_size" tests="1" errors="0" failures="1" skipped="0" time="0"><testcase classname="TedgeMapperC8yThresholdPacketSize" name="tedge_mapper_c8y_packet_threshold_size">
		<failure message="FAILED: Grep on tedge_sub.out contains &quot;The size of the message received on tedge/measurements is 20489 which is greater than the threshold size of 16184.&quot;" type="FAILED" />
		<system-out>08:51:15 INFO  ==============================================================
08:51:15 INFO  Id:    tedge_mapper_c8y_packet_threshold_size
08:51:15 INFO  Dir:   tedge_mapper_c8y/
08:51:15 INFO  Title: Validate the Cumulocity Mapper accepted threshold packet size when it receives a message on tedge/measurements
08:51:15 INFO  ==============================================================
08:51:15 INFO  Executed sudo&lt;tedge_mapper_c8y&gt;, exit status 0
08:51:15 INFO  Started sudo&lt;tedge_sub&gt; with process id 1640
08:51:16 INFO  Executed sudo&lt;tedge_msg&gt;, exit status 0
08:51:16 INFO  Executed sudo&lt;tedge_pub&gt;, exit status 0
08:51:17 INFO  Executed sudo&lt;kill_out&gt;, exit status 0
08:51:17 WARN  Grep on tedge_sub.out contains "The size of the message received on tedge/measurements is 20489 which is greater than the threshold size of 16184." ... failed [run.py:88]
08:51:17 INFO  
08:51:17 INFO  cleanup:
08:51:17 INFO  mapper_cleanup
08:51:18 INFO  Executed sudo&lt;tedge_mapper_c8y&gt;, exit status 0
08:51:18 INFO  
08:51:18 INFO  Test duration: 2.98 secs
08:51:18 INFO  Test final outcome:  FAILED
08:51:18 INFO  Test outcome reason: Grep on tedge_sub.out contains "The size of the message received on tedge/measurements is 20489 which is greater than the threshold size of 16184."
08:51:18 INFO  
</system-out>
	</testcase>
</testsuite><testsuite name="tedge_software_update" tests="1" errors="0" failures="0" skipped="0" time="0"><testcase classname="PySysTest" name="tedge_software_update" />
</testsuite><testsuite name="valid_device_id" tests="1" errors="0" failures="0" skipped="0" time="0"><testcase classname="ValidateValidDeviceId" name="valid_device_id" />
</testsuite></testsuites>