<?xml version='1.0' encoding='utf-8'?>
<testsuites tests="139" failures="16" errors="0" skipped="45" time="0.0"><testsuite name="SoftwareManagement.Plugin.apama_plugin_install" tests="3" errors="0" failures="0" skipped="1" time="0"><testcase classname="ApamaPluginInstallTest" name="SoftwareManagement.Plugin.apama_plugin_install">
		<skipped message="SKIPPED: Apama plugin tests are disabled by default. Execute `pysys run` with `-XmyPlatform=container` to run these tests" />
		<system-out>16:56:28 INFO  ==============================================================
16:56:28 INFO  Id:    SoftwareManagement.Plugin.apama_plugin_install
16:56:28 INFO  Dir:   plugin_apama/
16:56:28 INFO  Title: Validate apama plugin install
16:56:28 INFO  ==============================================================
16:56:28 INFO  Apama plugin tests are disabled by default. Execute `pysys run` with `-XmyPlatform=container` to run these tests ... skipped
16:56:28 WARN  Aborted test due to SKIPPED outcome
16:56:28 INFO  
16:56:28 INFO  Test duration: 0.05 secs
16:56:28 INFO  Test final outcome:  SKIPPED
16:56:28 INFO  Test outcome reason: Apama plugin tests are disabled by default. Execute `pysys run` with `-XmyPlatform=container` to run these tests
16:56:28 INFO  
</system-out>
	</testcase>
<testcase classname="ApamaPluginInstallTest" name="SoftwareManagement.Plugin.apama_plugin_install" />
<testcase classname="ApamaPluginInstallTest" name="SoftwareManagement.Plugin.apama_plugin_install" />
</testsuite><testsuite name="SoftwareManagement.Plugin.apama_plugin_mon_support" tests="3" errors="0" failures="0" skipped="1" time="0"><testcase classname="ApamaPluginMonSupportTest" name="SoftwareManagement.Plugin.apama_plugin_mon_support">
		<skipped message="SKIPPED: Apama plugin tests are disabled by default. Execute `pysys run` with `-XmyPlatform=container` to run these tests" />
		<system-out>16:56:28 INFO  ==============================================================
16:56:28 INFO  Id:    SoftwareManagement.Plugin.apama_plugin_mon_support
16:56:28 INFO  Dir:   plugin_apama/
16:56:28 INFO  Title: Validate mon file support of apama plugin
16:56:28 INFO  ==============================================================
16:56:28 INFO  Apama plugin tests are disabled by default. Execute `pysys run` with `-XmyPlatform=container` to run these tests ... skipped
16:56:28 WARN  Aborted test due to SKIPPED outcome
16:56:28 INFO  
16:56:28 INFO  Test duration: 0.02 secs
16:56:28 INFO  Test final outcome:  SKIPPED
16:56:28 INFO  Test outcome reason: Apama plugin tests are disabled by default. Execute `pysys run` with `-XmyPlatform=container` to run these tests
16:56:28 INFO  
</system-out>
	</testcase>
<testcase classname="ApamaPluginMonSupportTest" name="SoftwareManagement.Plugin.apama_plugin_mon_support" />
<testcase classname="ApamaPluginMonSupportTest" name="SoftwareManagement.Plugin.apama_plugin_mon_support" />
</testsuite><testsuite name="SoftwareManagement.Plugin.apama_plugin_remove" tests="3" errors="0" failures="0" skipped="1" time="0"><testcase classname="ApamaPluginRemoveTest" name="SoftwareManagement.Plugin.apama_plugin_remove">
		<skipped message="SKIPPED: Apama plugin tests are disabled by default. Execute `pysys run` with `-XmyPlatform=container` to run these tests" />
		<system-out>16:56:28 INFO  ==============================================================
16:56:28 INFO  Id:    SoftwareManagement.Plugin.apama_plugin_remove
16:56:28 INFO  Dir:   plugin_apama/
16:56:28 INFO  Title: Validate apama plugin remove
16:56:28 INFO  ==============================================================
16:56:28 INFO  Apama plugin tests are disabled by default. Execute `pysys run` with `-XmyPlatform=container` to run these tests ... skipped
16:56:28 WARN  Aborted test due to SKIPPED outcome
16:56:28 INFO  
16:56:28 INFO  Test duration: 0.02 secs
16:56:28 INFO  Test final outcome:  SKIPPED
16:56:28 INFO  Test outcome reason: Apama plugin tests are disabled by default. Execute `pysys run` with `-XmyPlatform=container` to run these tests
16:56:28 INFO  
</system-out>
	</testcase>
<testcase classname="ApamaPluginRemoveTest" name="SoftwareManagement.Plugin.apama_plugin_remove" />
<testcase classname="ApamaPluginRemoveTest" name="SoftwareManagement.Plugin.apama_plugin_remove" />
</testsuite><testsuite name="SoftwareManagement.Plugin.apama_plugin_update" tests="3" errors="0" failures="2" skipped="1" time="0"><testcase classname="ApamaPluginUpdateTest" name="SoftwareManagement.Plugin.apama_plugin_update">
		<skipped message="SKIPPED: Apama plugin tests are disabled by default. Execute `pysys run` with `-XmyPlatform=container` to run these tests" />
		<system-out>16:56:28 INFO  ==============================================================
16:56:28 INFO  Id:    SoftwareManagement.Plugin.apama_plugin_update
16:56:28 INFO  Dir:   plugin_apama/
16:56:28 INFO  Title: Validate apama plugin updating one project with another
16:56:28 INFO  ==============================================================
16:56:28 INFO  Apama plugin tests are disabled by default. Execute `pysys run` with `-XmyPlatform=container` to run these tests ... skipped
16:56:28 WARN  Aborted test due to SKIPPED outcome
16:56:28 INFO  
16:56:28 INFO  Test duration: 0.06 secs
16:56:28 INFO  Test final outcome:  SKIPPED
16:56:28 INFO  Test outcome reason: Apama plugin tests are disabled by default. Execute `pysys run` with `-XmyPlatform=container` to run these tests
16:56:28 INFO  
</system-out>
	</testcase>
<testcase classname="ApamaPluginUpdateTest" name="SoftwareManagement.Plugin.apama_plugin_update">
		<failure message="BLOCKED: sudo&lt;plugin_install&gt; returned non-zero exit code 2" type="BLOCKED" />
		<system-out>17:47:34 INFO  ==============================================================
17:47:34 INFO  Id:    SoftwareManagement.Plugin.apama_plugin_update
17:47:34 INFO  Dir:   plugin_apama/
17:47:34 INFO  Title: Validate apama plugin updating one project with another
17:47:34 INFO  ==============================================================
17:47:34 INFO  Assertion that path exists=False for "/etc/tedge/apama/project" ... passed
17:47:34 INFO  Executed sudo&lt;create_project_dir&gt;, exit status 0
17:47:35 INFO  Executed sudo&lt;unzip_apama_project&gt;, exit status 0
17:47:36 INFO  Executed sudo&lt;move_apama_project&gt;, exit status 0
17:47:36 INFO  Executed sudo&lt;restart_apama_service&gt;, exit status 0
17:47:37 INFO  Executed sudo&lt;apama_correlator_wait&gt;, exit status 0
17:47:37 INFO  Assertion that path exists=True for "/etc/tedge/apama/project" ... passed
17:47:38 INFO  Executed sudo&lt;apama_list_monitors&gt;, exit status 0
17:47:38 INFO  Grep on file /home/pi/actions-runner/_work/thin-edge.io/thin-edge.io/tests/PySys/plugin_apama/apama_plugin_update/Output/linux/apama_list_monitors.out ... passed
17:47:39 WARN  Executed sudo&lt;plugin_install&gt;, exit status 2
17:47:39 INFO  Contents of plugin_install.err: 
  ERROR: Directory not empty (os error 39)
  -----

17:47:39 WARN  sudo&lt;plugin_install&gt; returned non-zero exit code 2 ... blocked [run.py:35]
17:47:39 WARN  Aborted test due to BLOCKED outcome
17:47:39 INFO  
17:47:39 INFO  cleanup:
17:47:39 INFO  Removing apama project
17:47:54 INFO  Executed sudo&lt;stop_apama_service&gt;, exit status 0, duration 15 secs
17:47:55 INFO  Executed sudo&lt;remove_apama_project&gt;, exit status 0
17:47:55 INFO  Executed sudo&lt;remove_apama_tmp_dir&gt;, exit status 0
17:47:55 INFO  
17:47:55 INFO  Test duration: 21.42 secs
17:47:55 INFO  Test final outcome:  BLOCKED
17:47:55 INFO  Test outcome reason: sudo&lt;plugin_install&gt; returned non-zero exit code 2
17:47:55 INFO  
</system-out>
	</testcase>
<testcase classname="ApamaPluginUpdateTest" name="SoftwareManagement.Plugin.apama_plugin_update">
		<failure message="BLOCKED: sudo&lt;plugin_install&gt; returned non-zero exit code 2" type="BLOCKED" />
		<system-out>17:56:06 INFO  ==============================================================
17:56:06 INFO  Id:    SoftwareManagement.Plugin.apama_plugin_update
17:56:06 INFO  Dir:   plugin_apama/
17:56:06 INFO  Title: Validate apama plugin updating one project with another
17:56:06 INFO  ==============================================================
17:56:06 INFO  Assertion that path exists=False for "/etc/tedge/apama/project" ... passed
17:56:06 INFO  Executed sudo&lt;create_project_dir&gt;, exit status 0
17:56:07 INFO  Executed sudo&lt;unzip_apama_project&gt;, exit status 0
17:56:07 INFO  Executed sudo&lt;move_apama_project&gt;, exit status 0
17:56:08 INFO  Executed sudo&lt;restart_apama_service&gt;, exit status 0
17:56:09 INFO  Executed sudo&lt;apama_correlator_wait&gt;, exit status 0
17:56:09 INFO  Assertion that path exists=True for "/etc/tedge/apama/project" ... passed
17:56:10 INFO  Executed sudo&lt;apama_list_monitors&gt;, exit status 0
17:56:10 INFO  Grep on file /home/pi/actions-runner/_work/thin-edge.io/thin-edge.io/tests/PySys/plugin_apama/apama_plugin_update/Output/linux/apama_list_monitors.out ... passed
17:56:10 WARN  Executed sudo&lt;plugin_install&gt;, exit status 2
17:56:10 INFO  Contents of plugin_install.err: 
  ERROR: Directory not empty (os error 39)
  -----

17:56:11 WARN  sudo&lt;plugin_install&gt; returned non-zero exit code 2 ... blocked [run.py:35]
17:56:11 WARN  Aborted test due to BLOCKED outcome
17:56:11 INFO  
17:56:11 INFO  cleanup:
17:56:11 INFO  Removing apama project
17:56:26 INFO  Executed sudo&lt;stop_apama_service&gt;, exit status 0, duration 15 secs
17:56:27 INFO  Executed sudo&lt;remove_apama_project&gt;, exit status 0
17:56:27 INFO  Executed sudo&lt;remove_apama_tmp_dir&gt;, exit status 0
17:56:27 INFO  
17:56:27 INFO  Test duration: 21.51 secs
17:56:27 INFO  Test final outcome:  BLOCKED
17:56:27 INFO  Test outcome reason: sudo&lt;plugin_install&gt; returned non-zero exit code 2
17:56:27 INFO  
</system-out>
	</testcase>
</testsuite><testsuite name="SoftwareManagement.sm_apt_install_download_path" tests="3" errors="0" failures="2" skipped="1" time="0"><testcase classname="AptInstallWithDownloadPath" name="SoftwareManagement.sm_apt_install_download_path">
		<skipped message="SKIPPED: Testing the apt plugin is not supported on this platform.Use parameter -XmyPlatform='container' to enable it" />
		<system-out>17:06:04 INFO  ==============================================================
17:06:04 INFO  Id:    SoftwareManagement.sm_apt_install_download_path
17:06:04 INFO  Dir:   software_management_end_to_end/
17:06:04 INFO  Title: Install package to directory specified in tedge config set tmp.path
17:06:04 INFO  ==============================================================
17:06:05 INFO  Testing the apt plugin is not supported on this platform.Use parameter -XmyPlatform='container' to enable it ... skipped
17:06:05 WARN  Aborted test due to SKIPPED outcome
17:06:05 INFO  
17:06:05 INFO  Test duration: 0.08 secs
17:06:05 INFO  Test final outcome:  SKIPPED
17:06:05 INFO  Test outcome reason: Testing the apt plugin is not supported on this platform.Use parameter -XmyPlatform='container' to enable it
17:06:05 INFO  
</system-out>
	</testcase>
<testcase classname="AptInstallWithDownloadPath" name="SoftwareManagement.sm_apt_install_download_path">
		<failure message="BLOCKED: AssertionError:" type="BLOCKED" />
		<system-out>17:29:37 INFO  ==============================================================
17:29:37 INFO  Id:    SoftwareManagement.sm_apt_install_download_path
17:29:37 INFO  Dir:   software_management_end_to_end/
17:29:37 INFO  Title: Install package to directory specified in tedge config set tmp.path
17:29:37 INFO  ==============================================================
17:29:37 INFO  Using sw id database: {'asciijump': '5475369', 'robotfindskitten': '5474869', 'squirrel3': '5475279', 'rolldice': '5152439', 'moon-buggy': '5439204', 'apple': '5495053', 'banana': '5494888', 'cherry': '5495382', 'watermelon': '5494510', 'registry': '8018911', 'hello-world': '8021526', 'docker/getting-started': '8021973', 'alpine': '7991792'}
17:29:37 INFO  EnvironmentC8y Setup
17:29:37 INFO  Executed systemctl&lt;serv_mapper1&gt;, exit status 3
17:29:52 INFO  Executed sudo&lt;tedge_connect_c8y&gt;, exit status 0, duration 14 secs
17:29:53 INFO  Executed sudo&lt;tedge_connect_c8y_test&gt;, exit status 0
17:29:55 INFO  Executed systemctl&lt;serv_mosq2&gt;, exit status 0
17:29:55 INFO  Executed systemctl&lt;serv_mapper3&gt;, exit status 0
17:29:58 ERROR No operations found, assuming it passed
17:29:58 INFO  Assert that (False == value) with value=False ... passed
17:29:58 INFO  Executed sudo, exit status 0
17:29:59 INFO  Executed sudo, exit status 0
17:29:59 INFO  Executed sudo, exit status 0
17:30:03 INFO  Executed sudo&lt;tedge_disconnect_c8y&gt;, exit status 0
17:30:03 INFO  Restarting mosquitto too frequently in the last 10 seconds. It was only up for 3 seconds
17:30:03 INFO  Delaying execution by 8 seconds
17:30:25 INFO  Executed sudo&lt;tedge_connect_c8y&gt;, exit status 0, duration 13 secs
17:30:26 INFO  Response status: 201
17:30:26 INFO  Response to action: {
    "creationTime": "2022-06-29T17:30:26.174Z",
    "deviceId": "20610793",
    "deviceName": "m32sd10d",
    "self": "https://t493319102.eu-latest.cumulocity.com/devicecontrol/operations/20626482",
    "id": "20626482",
    "status": "PENDING",
    "description": "Apply software changes, triggered from PySys: [{'name': 'rolldice', 'id': '5152439', 'version': '::apt', 'url': 'https://thin-edge-io.eu-latest.cumulocity.com/inventory/binaries/12435463', 'action': 'install'}]",
    "c8y_SoftwareUpdate": [
        {
            "name": "rolldice",
            "action": "install",
            "id": "5152439",
            "version": "::apt",
            "url": "https://thin-edge-io.eu-latest.cumulocity.com/inventory/binaries/12435463"
        }
    ]
}
17:30:26 INFO  Started operation: {'creationTime': '2022-06-29T17:30:26.174Z', 'deviceId': '20610793', 'deviceName': 'm32sd10d', 'self': 'https://t493319102.eu-latest.cumulocity.com/devicecontrol/operations/20626482', 'id': '20626482', 'status': 'PENDING', 'description': "Apply software changes, triggered from PySys: [{'name': 'rolldice', 'id': '5152439', 'version': '::apt', 'url': 'https://thin-edge-io.eu-latest.cumulocity.com/inventory/binaries/12435463', 'action': 'install'}]", 'c8y_SoftwareUpdate': [{'name': 'rolldice', 'action': 'install', 'id': '5152439', 'version': '::apt', 'url': 'https://thin-edge-io.eu-latest.cumulocity.com/inventory/binaries/12435463'}]}
17:30:26 WARN  , retrying in 0.5 seconds...
17:30:26 WARN  , retrying in 0.5 seconds...
17:30:27 WARN  , retrying in 0.5 seconds...
17:30:27 WARN  , retrying in 0.5 seconds...
17:30:28 WARN  , retrying in 0.5 seconds...
17:30:28 WARN  , retrying in 0.5 seconds...
17:30:29 WARN  , retrying in 0.5 seconds...
17:30:29 WARN  , retrying in 0.5 seconds...
17:30:30 WARN  , retrying in 0.5 seconds...
17:30:30 WARN  AssertionError occurred while running test - 
Traceback (most recent call last):
  File "/home/pi/env-pysys/lib/python3.7/site-packages/pysys/baserunner.py", line 1294, in __call__
    self.testObj.execute()
  File "/home/pi/actions-runner/_work/thin-edge.io/thin-edge.io/tests/PySys/software_management_end_to_end/sm_apt_install_download_path/run.py", line 83, in execute
    assert_install_in_download_path(install_directory=self.DOWNLOAD_DIR)
  File "/home/pi/env-pysys/lib/python3.7/site-packages/decorator.py", line 232, in fun
    return caller(func, *(extras + args), **kw)
  File "/home/pi/env-pysys/lib/python3.7/site-packages/retry/api.py", line 74, in retry_decorator
    logger)
  File "/home/pi/env-pysys/lib/python3.7/site-packages/retry/api.py", line 33, in __retry_internal
    return f()
  File "/home/pi/actions-runner/_work/thin-edge.io/thin-edge.io/tests/PySys/software_management_end_to_end/sm_apt_install_download_path/run.py", line 28, in assert_install_in_download_path
    assert "rolldice" in os.listdir(f"{install_directory}")
AssertionError
17:30:31 WARN  AssertionError: ... blocked 
17:30:31 INFO  
17:30:31 INFO  cleanup:
17:30:31 INFO  Executed sudo, exit status 0
17:30:32 INFO  Executed sudo, exit status 0
17:30:36 INFO  Executed sudo&lt;tedge_disconnect_c8y&gt;, exit status 0
17:30:36 INFO  Restarting mosquitto too frequently in the last 10 seconds. It was only up for 3 seconds
17:30:36 INFO  Delaying execution by 8 seconds
17:30:58 INFO  Executed sudo&lt;tedge_connect_c8y&gt;, exit status 0, duration 13 secs
17:31:02 INFO  Executed sudo&lt;tedge_disconnect_c8y&gt;, exit status 0
17:31:03 INFO  Executed systemctl&lt;serv_mapper5&gt;, exit status 3
17:31:03 INFO  
17:31:03 INFO  Test duration: 86.37 secs
17:31:03 INFO  Test final outcome:  BLOCKED
17:31:03 INFO  Test outcome reason: AssertionError:
17:31:03 INFO  
</system-out>
	</testcase>
<testcase classname="AptInstallWithDownloadPath" name="SoftwareManagement.sm_apt_install_download_path">
		<failure message="BLOCKED: AssertionError:" type="BLOCKED" />
		<system-out>17:56:27 INFO  ==============================================================
17:56:27 INFO  Id:    SoftwareManagement.sm_apt_install_download_path
17:56:27 INFO  Dir:   software_management_end_to_end/
17:56:27 INFO  Title: Install package to directory specified in tedge config set tmp.path
17:56:27 INFO  ==============================================================
17:56:28 INFO  Using sw id database: {'asciijump': '5475369', 'robotfindskitten': '5474869', 'squirrel3': '5475279', 'rolldice': '5152439', 'moon-buggy': '5439204', 'apple': '5495053', 'banana': '5494888', 'cherry': '5495382', 'watermelon': '5494510', 'registry': '8018911', 'hello-world': '8021526', 'docker/getting-started': '8021973', 'alpine': '7991792'}
17:56:28 INFO  EnvironmentC8y Setup
17:56:29 INFO  Executed systemctl&lt;serv_mapper1&gt;, exit status 3
17:56:43 INFO  Executed sudo&lt;tedge_connect_c8y&gt;, exit status 0, duration 14 secs
17:56:44 INFO  Executed sudo&lt;tedge_connect_c8y_test&gt;, exit status 0
17:56:44 INFO  Executed systemctl&lt;serv_mosq2&gt;, exit status 0
17:56:45 INFO  Executed systemctl&lt;serv_mapper3&gt;, exit status 0
17:56:47 INFO  State of current operation: SUCCESSFUL
17:56:47 INFO  Assert that (False == value) with value=False ... passed
17:56:48 INFO  Executed sudo, exit status 0
17:56:48 INFO  Executed sudo, exit status 0
17:56:49 INFO  Executed sudo, exit status 0
17:56:53 INFO  Executed sudo&lt;tedge_disconnect_c8y&gt;, exit status 0
17:56:53 INFO  Restarting mosquitto too frequently in the last 10 seconds. It was only up for 3 seconds
17:56:53 INFO  Delaying execution by 8 seconds
17:57:15 INFO  Executed sudo&lt;tedge_connect_c8y&gt;, exit status 0, duration 13 secs
17:57:15 INFO  Response status: 201
17:57:15 INFO  Response to action: {
    "delivery": {
        "log": [],
        "time": "2022-06-29T17:57:15.359Z",
        "status": "PENDING"
    },
    "creationTime": "2022-06-29T17:57:15.342Z",
    "deviceId": "20610793",
    "deviceName": "m32sd10d",
    "self": "https://t493319102.eu-latest.cumulocity.com/devicecontrol/operations/20626636",
    "id": "20626636",
    "status": "PENDING",
    "description": "Apply software changes, triggered from PySys: [{'name': 'rolldice', 'id': '5152439', 'version': '::apt', 'url': 'https://thin-edge-io.eu-latest.cumulocity.com/inventory/binaries/12435463', 'action': 'install'}]",
    "c8y_SoftwareUpdate": [
        {
            "name": "rolldice",
            "action": "install",
            "id": "5152439",
            "version": "::apt",
            "url": "https://thin-edge-io.eu-latest.cumulocity.com/inventory/binaries/12435463"
        }
    ]
}
17:57:15 INFO  Started operation: {'delivery': {'log': [], 'time': '2022-06-29T17:57:15.359Z', 'status': 'PENDING'}, 'creationTime': '2022-06-29T17:57:15.342Z', 'deviceId': '20610793', 'deviceName': 'm32sd10d', 'self': 'https://t493319102.eu-latest.cumulocity.com/devicecontrol/operations/20626636', 'id': '20626636', 'status': 'PENDING', 'description': "Apply software changes, triggered from PySys: [{'name': 'rolldice', 'id': '5152439', 'version': '::apt', 'url': 'https://thin-edge-io.eu-latest.cumulocity.com/inventory/binaries/12435463', 'action': 'install'}]", 'c8y_SoftwareUpdate': [{'name': 'rolldice', 'action': 'install', 'id': '5152439', 'version': '::apt', 'url': 'https://thin-edge-io.eu-latest.cumulocity.com/inventory/binaries/12435463'}]}
17:57:15 WARN  , retrying in 0.5 seconds...
17:57:15 WARN  , retrying in 0.5 seconds...
17:57:16 WARN  , retrying in 0.5 seconds...
17:57:16 WARN  , retrying in 0.5 seconds...
17:57:17 WARN  , retrying in 0.5 seconds...
17:57:17 WARN  , retrying in 0.5 seconds...
17:57:18 WARN  , retrying in 0.5 seconds...
17:57:18 WARN  , retrying in 0.5 seconds...
17:57:19 WARN  , retrying in 0.5 seconds...
17:57:19 WARN  AssertionError occurred while running test - 
Traceback (most recent call last):
  File "/home/pi/env-pysys/lib/python3.7/site-packages/pysys/baserunner.py", line 1294, in __call__
    self.testObj.execute()
  File "/home/pi/actions-runner/_work/thin-edge.io/thin-edge.io/tests/PySys/software_management_end_to_end/sm_apt_install_download_path/run.py", line 83, in execute
    assert_install_in_download_path(install_directory=self.DOWNLOAD_DIR)
  File "/home/pi/env-pysys/lib/python3.7/site-packages/decorator.py", line 232, in fun
    return caller(func, *(extras + args), **kw)
  File "/home/pi/env-pysys/lib/python3.7/site-packages/retry/api.py", line 74, in retry_decorator
    logger)
  File "/home/pi/env-pysys/lib/python3.7/site-packages/retry/api.py", line 33, in __retry_internal
    return f()
  File "/home/pi/actions-runner/_work/thin-edge.io/thin-edge.io/tests/PySys/software_management_end_to_end/sm_apt_install_download_path/run.py", line 28, in assert_install_in_download_path
    assert "rolldice" in os.listdir(f"{install_directory}")
AssertionError
17:57:19 WARN  AssertionError: ... blocked 
17:57:19 INFO  
17:57:19 INFO  cleanup:
17:57:20 INFO  Executed sudo, exit status 0
17:57:21 INFO  Executed sudo, exit status 0
17:57:25 INFO  Executed sudo&lt;tedge_disconnect_c8y&gt;, exit status 0
17:57:25 INFO  Restarting mosquitto too frequently in the last 10 seconds. It was only up for 4 seconds
17:57:25 INFO  Delaying execution by 7 seconds
17:57:46 INFO  Executed sudo&lt;tedge_connect_c8y&gt;, exit status 0, duration 14 secs
17:57:50 INFO  Executed sudo&lt;tedge_disconnect_c8y&gt;, exit status 0
17:57:51 INFO  Executed systemctl&lt;serv_mapper5&gt;, exit status 3
17:57:51 INFO  
17:57:51 INFO  Test duration: 83.65 secs
17:57:51 INFO  Test final outcome:  BLOCKED
17:57:51 INFO  Test outcome reason: AssertionError:
17:57:51 INFO  
</system-out>
	</testcase>
</testsuite><testsuite name="SoftwareManagement.sm_apt_install_fail" tests="3" errors="0" failures="0" skipped="1" time="0"><testcase classname="PySysTest" name="SoftwareManagement.sm_apt_install_fail">
		<skipped message="SKIPPED: Testing the apt plugin is not supported on this platform.Use parameter -XmyPlatform='container' to enable it" />
		<system-out>17:06:05 INFO  ==============================================================
17:06:05 INFO  Id:    SoftwareManagement.sm_apt_install_fail
17:06:05 INFO  Dir:   software_management_end_to_end/
17:06:05 INFO  Title: Validate end to end behaviour for a failing installation
17:06:05 INFO  ==============================================================
17:06:05 INFO  Testing the apt plugin is not supported on this platform.Use parameter -XmyPlatform='container' to enable it ... skipped
17:06:05 WARN  Aborted test due to SKIPPED outcome
17:06:05 INFO  
17:06:05 INFO  Test duration: 0.02 secs
17:06:05 INFO  Test final outcome:  SKIPPED
17:06:05 INFO  Test outcome reason: Testing the apt plugin is not supported on this platform.Use parameter -XmyPlatform='container' to enable it
17:06:05 INFO  
</system-out>
	</testcase>
<testcase classname="PySysTest" name="SoftwareManagement.sm_apt_install_fail" />
<testcase classname="PySysTest" name="SoftwareManagement.sm_apt_install_fail" />
</testsuite><testsuite name="SoftwareManagement.sm_apt_install_remove" tests="3" errors="0" failures="0" skipped="1" time="0"><testcase classname="PySysTest" name="SoftwareManagement.sm_apt_install_remove">
		<skipped message="SKIPPED: Testing the apt plugin is not supported on this platform.Use parameter -XmyPlatform='container' to enable it" />
		<system-out>17:06:05 INFO  ==============================================================
17:06:05 INFO  Id:    SoftwareManagement.sm_apt_install_remove
17:06:05 INFO  Dir:   software_management_end_to_end/
17:06:05 INFO  Title: Validate end to end behaviour for the apt plugin for installation and removal of packages
17:06:05 INFO  ==============================================================
17:06:05 INFO  Testing the apt plugin is not supported on this platform.Use parameter -XmyPlatform='container' to enable it ... skipped
17:06:05 WARN  Aborted test due to SKIPPED outcome
17:06:05 INFO  
17:06:05 INFO  Test duration: 0.02 secs
17:06:05 INFO  Test final outcome:  SKIPPED
17:06:05 INFO  Test outcome reason: Testing the apt plugin is not supported on this platform.Use parameter -XmyPlatform='container' to enable it
17:06:05 INFO  
</system-out>
	</testcase>
<testcase classname="PySysTest" name="SoftwareManagement.sm_apt_install_remove" />
<testcase classname="PySysTest" name="SoftwareManagement.sm_apt_install_remove" />
</testsuite><testsuite name="SoftwareManagement.sm_apt_install_remove_default" tests="3" errors="0" failures="0" skipped="1" time="0"><testcase classname="PySysTest" name="SoftwareManagement.sm_apt_install_remove_default">
		<skipped message="SKIPPED: Testing the apt plugin is not supported on this platform.Use parameter -XmyPlatform='container' to enable it" />
		<system-out>17:06:05 INFO  ==============================================================
17:06:05 INFO  Id:    SoftwareManagement.sm_apt_install_remove_default
17:06:05 INFO  Dir:   software_management_end_to_end/
17:06:05 INFO  Title: Validate end to end behaviour for the default plugin for installation and removal of packages
17:06:05 INFO  ==============================================================
17:06:05 INFO  Testing the apt plugin is not supported on this platform.Use parameter -XmyPlatform='container' to enable it ... skipped
17:06:05 WARN  Aborted test due to SKIPPED outcome
17:06:05 INFO  
17:06:05 INFO  Test duration: 0.02 secs
17:06:05 INFO  Test final outcome:  SKIPPED
17:06:05 INFO  Test outcome reason: Testing the apt plugin is not supported on this platform.Use parameter -XmyPlatform='container' to enable it
17:06:05 INFO  
</system-out>
	</testcase>
<testcase classname="PySysTest" name="SoftwareManagement.sm_apt_install_remove_default" />
<testcase classname="PySysTest" name="SoftwareManagement.sm_apt_install_remove_default" />
</testsuite><testsuite name="SoftwareManagement.sm_apt_install_remove_multiple" tests="3" errors="0" failures="2" skipped="1" time="0"><testcase classname="PySysTest" name="SoftwareManagement.sm_apt_install_remove_multiple">
		<skipped message="SKIPPED: Testing the apt plugin is not supported on this platform.Use parameter -XmyPlatform='container' to enable it" />
		<system-out>17:06:05 INFO  ==============================================================
17:06:05 INFO  Id:    SoftwareManagement.sm_apt_install_remove_multiple
17:06:05 INFO  Dir:   software_management_end_to_end/
17:06:05 INFO  Title: Validate end to end behaviour for the apt plugin for multiple packages
17:06:05 INFO  ==============================================================
17:06:05 INFO  Testing the apt plugin is not supported on this platform.Use parameter -XmyPlatform='container' to enable it ... skipped
17:06:05 WARN  Aborted test due to SKIPPED outcome
17:06:05 INFO  
17:06:05 INFO  Test duration: 0.02 secs
17:06:05 INFO  Test final outcome:  SKIPPED
17:06:05 INFO  Test outcome reason: Testing the apt plugin is not supported on this platform.Use parameter -XmyPlatform='container' to enable it
17:06:05 INFO  
</system-out>
	</testcase>
<testcase classname="PySysTest" name="SoftwareManagement.sm_apt_install_remove_multiple">
		<failure message="FAILED: Assert that (False == value) with value=True" type="FAILED" />
		<system-out>17:37:48 INFO  ==============================================================
17:37:48 INFO  Id:    SoftwareManagement.sm_apt_install_remove_multiple
17:37:48 INFO  Dir:   software_management_end_to_end/
17:37:48 INFO  Title: Validate end to end behaviour for the apt plugin for multiple packages
17:37:48 INFO  ==============================================================
17:37:48 INFO  Using sw id database: {'asciijump': '5475369', 'robotfindskitten': '5474869', 'squirrel3': '5475279', 'rolldice': '5152439', 'moon-buggy': '5439204', 'apple': '5495053', 'banana': '5494888', 'cherry': '5495382', 'watermelon': '5494510', 'registry': '8018911', 'hello-world': '8021526', 'docker/getting-started': '8021973', 'alpine': '7991792'}
17:37:48 INFO  EnvironmentC8y Setup
17:37:48 INFO  Executed systemctl&lt;serv_mapper1&gt;, exit status 3
17:37:48 INFO  Restarting mosquitto too frequently in the last 10 seconds. It was only up for 4 seconds
17:37:48 INFO  Delaying execution by 7 seconds
17:38:09 INFO  Executed sudo&lt;tedge_connect_c8y&gt;, exit status 0, duration 14 secs
17:38:10 INFO  Executed sudo&lt;tedge_connect_c8y_test&gt;, exit status 0
17:38:10 INFO  Executed systemctl&lt;serv_mosq2&gt;, exit status 0
17:38:11 INFO  Executed systemctl&lt;serv_mapper3&gt;, exit status 0
17:38:13 INFO  State of current operation: SUCCESSFUL
17:38:13 INFO  Assert that (False == value) with value=False ... passed
17:38:14 INFO  Assert that (False == value) with value=False ... passed
17:38:14 INFO  Assert that (False == value) with value=False ... passed
17:38:14 INFO  Package robotfindskitten is installed
17:38:14 WARN  Assert that (False == value) with value=True ... failed 
17:38:14 INFO  Response status: 201
17:38:14 INFO  Response to action: {
    "creationTime": "2022-06-29T17:38:14.849Z",
    "deviceId": "20610793",
    "deviceName": "m32sd10d",
    "self": "https://t493319102.eu-latest.cumulocity.com/devicecontrol/operations/20626546",
    "id": "20626546",
    "status": "PENDING",
    "description": "Apply software changes, triggered from PySys: [{'action': 'install', 'id': '5475369', 'name': 'asciijump', 'url': ' ', 'version': '::apt'}, {'action': 'install', 'id': '5474869', 'name': 'robotfindskitten', 'url': ' ', 'version': '::apt'}, {'action': 'install', 'id': '5475279', 'name': 'squirrel3', 'url': ' ', 'version': '::apt'}]",
    "c8y_SoftwareUpdate": [
        {
            "name": "asciijump",
            "action": "install",
            "id": "5475369",
            "version": "::apt",
            "url": " "
        },
        {
            "name": "robotfindskitten",
            "action": "install",
            "id": "5474869",
            "version": "::apt",
            "url": " "
        },
        {
            "name": "squirrel3",
            "action": "install",
            "id": "5475279",
            "version": "::apt",
            "url": " "
        }
    ]
}
17:38:14 INFO  Started operation: {'creationTime': '2022-06-29T17:38:14.849Z', 'deviceId': '20610793', 'deviceName': 'm32sd10d', 'self': 'https://t493319102.eu-latest.cumulocity.com/devicecontrol/operations/20626546', 'id': '20626546', 'status': 'PENDING', 'description': "Apply software changes, triggered from PySys: [{'action': 'install', 'id': '5475369', 'name': 'asciijump', 'url': ' ', 'version': '::apt'}, {'action': 'install', 'id': '5474869', 'name': 'robotfindskitten', 'url': ' ', 'version': '::apt'}, {'action': 'install', 'id': '5475279', 'name': 'squirrel3', 'url': ' ', 'version': '::apt'}]", 'c8y_SoftwareUpdate': [{'name': 'asciijump', 'action': 'install', 'id': '5475369', 'version': '::apt', 'url': ' '}, {'name': 'robotfindskitten', 'action': 'install', 'id': '5474869', 'version': '::apt', 'url': ' '}, {'name': 'squirrel3', 'action': 'install', 'id': '5475279', 'version': '::apt', 'url': ' '}]}
17:38:17 INFO  State of operation 20626546 : PENDING
17:38:19 INFO  State of operation 20626546 : EXECUTING
17:38:21 INFO  State of operation 20626546 : EXECUTING
17:38:23 INFO  State of operation 20626546 : EXECUTING
17:38:26 INFO  State of operation 20626546 : EXECUTING
17:38:28 INFO  State of operation 20626546 : EXECUTING
17:38:30 INFO  State of operation 20626546 : EXECUTING
17:38:33 INFO  State of operation 20626546 : EXECUTING
17:38:36 INFO  State of operation 20626546 : EXECUTING
17:38:38 INFO  State of operation 20626546 : EXECUTING
17:38:40 INFO  State of operation 20626546 : EXECUTING
17:38:42 INFO  State of operation 20626546 : EXECUTING
17:38:45 INFO  State of operation 20626546 : EXECUTING
17:38:47 INFO  State of operation 20626546 : EXECUTING
17:38:49 INFO  State of operation 20626546 : EXECUTING
17:38:51 INFO  State of operation 20626546 : EXECUTING
17:38:54 INFO  State of operation 20626546 : EXECUTING
17:38:57 INFO  State of operation 20626546 : EXECUTING
17:38:59 INFO  State of operation 20626546 : EXECUTING
17:39:01 INFO  State of operation 20626546 : EXECUTING
17:39:03 INFO  State of operation 20626546 : EXECUTING
17:39:06 INFO  State of operation 20626546 : EXECUTING
17:39:08 INFO  State of operation 20626546 : EXECUTING
17:39:12 INFO  State of operation 20626546 : EXECUTING
17:39:14 INFO  State of operation 20626546 : EXECUTING
17:39:17 INFO  State of operation 20626546 : EXECUTING
17:39:19 INFO  State of operation 20626546 : EXECUTING
17:39:21 INFO  State of operation 20626546 : EXECUTING
17:39:24 INFO  State of operation 20626546 : EXECUTING
17:39:26 INFO  State of operation 20626546 : EXECUTING
17:39:29 INFO  State of operation 20626546 : EXECUTING
17:39:31 INFO  State of operation 20626546 : EXECUTING
17:39:33 INFO  State of operation 20626546 : EXECUTING
17:39:35 INFO  State of operation 20626546 : SUCCESSFUL
17:39:35 INFO  Assert that (False == value) with value=False ... passed
17:39:36 INFO  Package asciijump is installed
17:39:36 INFO  Assert that (True == value) with value=True ... passed
17:39:36 INFO  Package squirrel3 is installed
17:39:36 INFO  Assert that (True == value) with value=True ... passed
17:39:36 INFO  Package robotfindskitten is installed
17:39:36 INFO  Assert that (True == value) with value=True ... passed
17:39:36 INFO  Response status: 201
17:39:36 INFO  Response to action: {
    "creationTime": "2022-06-29T17:39:36.820Z",
    "deviceId": "20610793",
    "deviceName": "m32sd10d",
    "self": "https://t493319102.eu-latest.cumulocity.com/devicecontrol/operations/20626554",
    "id": "20626554",
    "status": "PENDING",
    "description": "Apply software changes, triggered from PySys: [{'action': 'delete', 'id': '5475369', 'name': 'asciijump', 'url': ' ', 'version': '::apt'}, {'action': 'delete', 'id': '5474869', 'name': 'robotfindskitten', 'url': ' ', 'version': '::apt'}, {'action': 'delete', 'id': '5475279', 'name': 'squirrel3', 'url': ' ', 'version': '::apt'}]",
    "c8y_SoftwareUpdate": [
        {
            "name": "asciijump",
            "action": "delete",
            "id": "5475369",
            "version": "::apt",
            "url": " "
        },
        {
            "name": "robotfindskitten",
            "action": "delete",
            "id": "5474869",
            "version": "::apt",
            "url": " "
        },
        {
            "name": "squirrel3",
            "action": "delete",
            "id": "5475279",
            "version": "::apt",
            "url": " "
        }
    ]
}
17:39:36 INFO  Started operation: {'creationTime': '2022-06-29T17:39:36.820Z', 'deviceId': '20610793', 'deviceName': 'm32sd10d', 'self': 'https://t493319102.eu-latest.cumulocity.com/devicecontrol/operations/20626554', 'id': '20626554', 'status': 'PENDING', 'description': "Apply software changes, triggered from PySys: [{'action': 'delete', 'id': '5475369', 'name': 'asciijump', 'url': ' ', 'version': '::apt'}, {'action': 'delete', 'id': '5474869', 'name': 'robotfindskitten', 'url': ' ', 'version': '::apt'}, {'action': 'delete', 'id': '5475279', 'name': 'squirrel3', 'url': ' ', 'version': '::apt'}]", 'c8y_SoftwareUpdate': [{'name': 'asciijump', 'action': 'delete', 'id': '5475369', 'version': '::apt', 'url': ' '}, {'name': 'robotfindskitten', 'action': 'delete', 'id': '5474869', 'version': '::apt', 'url': ' '}, {'name': 'squirrel3', 'action': 'delete', 'id': '5475279', 'version': '::apt', 'url': ' '}]}
17:39:39 INFO  State of operation 20626554 : PENDING
17:39:41 INFO  State of operation 20626554 : EXECUTING
17:39:43 INFO  State of operation 20626554 : EXECUTING
17:39:45 INFO  State of operation 20626554 : EXECUTING
17:39:48 INFO  State of operation 20626554 : EXECUTING
17:39:50 INFO  State of operation 20626554 : EXECUTING
17:39:53 INFO  State of operation 20626554 : EXECUTING
17:39:56 INFO  State of operation 20626554 : EXECUTING
17:39:58 INFO  State of operation 20626554 : EXECUTING
17:40:00 INFO  State of operation 20626554 : EXECUTING
17:40:03 INFO  State of operation 20626554 : EXECUTING
17:40:05 INFO  State of operation 20626554 : EXECUTING
17:40:07 INFO  State of operation 20626554 : EXECUTING
17:40:09 INFO  State of operation 20626554 : EXECUTING
17:40:12 INFO  State of operation 20626554 : EXECUTING
17:40:14 INFO  State of operation 20626554 : EXECUTING
17:40:16 INFO  State of operation 20626554 : EXECUTING
17:40:19 INFO  State of operation 20626554 : EXECUTING
17:40:21 INFO  State of operation 20626554 : EXECUTING
17:40:24 INFO  State of operation 20626554 : EXECUTING
17:40:26 INFO  State of operation 20626554 : EXECUTING
17:40:28 INFO  State of operation 20626554 : EXECUTING
17:40:30 INFO  State of operation 20626554 : EXECUTING
17:40:34 INFO  State of operation 20626554 : EXECUTING
17:40:36 INFO  State of operation 20626554 : EXECUTING
17:40:38 INFO  State of operation 20626554 : EXECUTING
17:40:40 INFO  State of operation 20626554 : EXECUTING
17:40:43 INFO  State of operation 20626554 : SUCCESSFUL
17:40:43 INFO  Assert that (False == value) with value=False ... passed
17:40:43 INFO  Assert that (False == value) with value=False ... passed
17:40:43 INFO  Assert that (False == value) with value=False ... passed
17:40:44 INFO  Assert that (False == value) with value=False ... passed
17:40:44 INFO  
17:40:44 INFO  cleanup:
17:40:48 INFO  Executed sudo&lt;tedge_disconnect_c8y&gt;, exit status 0
17:40:48 INFO  Executed systemctl&lt;serv_mapper5&gt;, exit status 3
17:40:48 INFO  
17:40:48 INFO  Test duration: 180.43 secs
17:40:48 INFO  Test final outcome:  FAILED
17:40:48 INFO  Test outcome reason: Assert that (False == value) with value=True
17:40:48 INFO  
</system-out>
	</testcase>
<testcase classname="PySysTest" name="SoftwareManagement.sm_apt_install_remove_multiple">
		<failure message="FAILED: Assert that (False == value) with value=True (+2 other failures)" type="FAILED" />
		<system-out>18:04:21 INFO  ==============================================================
18:04:21 INFO  Id:    SoftwareManagement.sm_apt_install_remove_multiple
18:04:21 INFO  Dir:   software_management_end_to_end/
18:04:21 INFO  Title: Validate end to end behaviour for the apt plugin for multiple packages
18:04:21 INFO  ==============================================================
18:04:21 INFO  Using sw id database: {'asciijump': '5475369', 'robotfindskitten': '5474869', 'squirrel3': '5475279', 'rolldice': '5152439', 'moon-buggy': '5439204', 'apple': '5495053', 'banana': '5494888', 'cherry': '5495382', 'watermelon': '5494510', 'registry': '8018911', 'hello-world': '8021526', 'docker/getting-started': '8021973', 'alpine': '7991792'}
18:04:21 INFO  EnvironmentC8y Setup
18:04:21 INFO  Executed systemctl&lt;serv_mapper1&gt;, exit status 3
18:04:21 INFO  Restarting mosquitto too frequently in the last 10 seconds. It was only up for 4 seconds
18:04:21 INFO  Delaying execution by 7 seconds
18:04:42 INFO  Executed sudo&lt;tedge_connect_c8y&gt;, exit status 0, duration 13 secs
18:04:43 INFO  Executed sudo&lt;tedge_connect_c8y_test&gt;, exit status 0
18:04:43 INFO  Executed systemctl&lt;serv_mosq2&gt;, exit status 0
18:04:44 INFO  Executed systemctl&lt;serv_mapper3&gt;, exit status 0
18:04:46 INFO  State of current operation: SUCCESSFUL
18:04:46 INFO  Assert that (False == value) with value=False ... passed
18:04:47 INFO  Package asciijump is installed
18:04:47 WARN  Assert that (False == value) with value=True ... failed 
18:04:47 INFO  Package squirrel3 is installed
18:04:47 WARN  Assert that (False == value) with value=True ... failed 
18:04:47 INFO  Package robotfindskitten is installed
18:04:47 WARN  Assert that (False == value) with value=True ... failed 
18:04:48 INFO  Response status: 201
18:04:48 INFO  Response to action: {
    "creationTime": "2022-06-29T18:04:48.146Z",
    "deviceId": "20610793",
    "deviceName": "m32sd10d",
    "self": "https://t493319102.eu-latest.cumulocity.com/devicecontrol/operations/20626703",
    "id": "20626703",
    "status": "PENDING",
    "description": "Apply software changes, triggered from PySys: [{'action': 'install', 'id': '5475369', 'name': 'asciijump', 'url': ' ', 'version': '::apt'}, {'action': 'install', 'id': '5474869', 'name': 'robotfindskitten', 'url': ' ', 'version': '::apt'}, {'action': 'install', 'id': '5475279', 'name': 'squirrel3', 'url': ' ', 'version': '::apt'}]",
    "c8y_SoftwareUpdate": [
        {
            "name": "asciijump",
            "action": "install",
            "id": "5475369",
            "version": "::apt",
            "url": " "
        },
        {
            "name": "robotfindskitten",
            "action": "install",
            "id": "5474869",
            "version": "::apt",
            "url": " "
        },
        {
            "name": "squirrel3",
            "action": "install",
            "id": "5475279",
            "version": "::apt",
            "url": " "
        }
    ]
}
18:04:48 INFO  Started operation: {'creationTime': '2022-06-29T18:04:48.146Z', 'deviceId': '20610793', 'deviceName': 'm32sd10d', 'self': 'https://t493319102.eu-latest.cumulocity.com/devicecontrol/operations/20626703', 'id': '20626703', 'status': 'PENDING', 'description': "Apply software changes, triggered from PySys: [{'action': 'install', 'id': '5475369', 'name': 'asciijump', 'url': ' ', 'version': '::apt'}, {'action': 'install', 'id': '5474869', 'name': 'robotfindskitten', 'url': ' ', 'version': '::apt'}, {'action': 'install', 'id': '5475279', 'name': 'squirrel3', 'url': ' ', 'version': '::apt'}]", 'c8y_SoftwareUpdate': [{'name': 'asciijump', 'action': 'install', 'id': '5475369', 'version': '::apt', 'url': ' '}, {'name': 'robotfindskitten', 'action': 'install', 'id': '5474869', 'version': '::apt', 'url': ' '}, {'name': 'squirrel3', 'action': 'install', 'id': '5475279', 'version': '::apt', 'url': ' '}]}
18:04:50 INFO  State of operation 20626703 : PENDING
18:04:52 INFO  State of operation 20626703 : EXECUTING
18:04:54 INFO  State of operation 20626703 : EXECUTING
18:04:57 INFO  State of operation 20626703 : EXECUTING
18:04:59 INFO  State of operation 20626703 : EXECUTING
18:05:01 INFO  State of operation 20626703 : EXECUTING
18:05:04 INFO  State of operation 20626703 : EXECUTING
18:05:07 INFO  State of operation 20626703 : EXECUTING
18:05:09 INFO  State of operation 20626703 : EXECUTING
18:05:12 INFO  State of operation 20626703 : EXECUTING
18:05:14 INFO  State of operation 20626703 : EXECUTING
18:05:16 INFO  State of operation 20626703 : EXECUTING
18:05:18 INFO  State of operation 20626703 : EXECUTING
18:05:21 INFO  State of operation 20626703 : EXECUTING
18:05:23 INFO  State of operation 20626703 : EXECUTING
18:05:25 INFO  State of operation 20626703 : SUCCESSFUL
18:05:25 INFO  Assert that (False == value) with value=False ... passed
18:05:25 INFO  Package asciijump is installed
18:05:25 INFO  Assert that (True == value) with value=True ... passed
18:05:26 INFO  Package squirrel3 is installed
18:05:26 INFO  Assert that (True == value) with value=True ... passed
18:05:26 INFO  Package robotfindskitten is installed
18:05:26 INFO  Assert that (True == value) with value=True ... passed
18:05:26 INFO  Response status: 201
18:05:26 INFO  Response to action: {
    "creationTime": "2022-06-29T18:05:26.607Z",
    "deviceId": "20610793",
    "deviceName": "m32sd10d",
    "self": "https://t493319102.eu-latest.cumulocity.com/devicecontrol/operations/20626711",
    "id": "20626711",
    "status": "PENDING",
    "description": "Apply software changes, triggered from PySys: [{'action': 'delete', 'id': '5475369', 'name': 'asciijump', 'url': ' ', 'version': '::apt'}, {'action': 'delete', 'id': '5474869', 'name': 'robotfindskitten', 'url': ' ', 'version': '::apt'}, {'action': 'delete', 'id': '5475279', 'name': 'squirrel3', 'url': ' ', 'version': '::apt'}]",
    "c8y_SoftwareUpdate": [
        {
            "name": "asciijump",
            "action": "delete",
            "id": "5475369",
            "version": "::apt",
            "url": " "
        },
        {
            "name": "robotfindskitten",
            "action": "delete",
            "id": "5474869",
            "version": "::apt",
            "url": " "
        },
        {
            "name": "squirrel3",
            "action": "delete",
            "id": "5475279",
            "version": "::apt",
            "url": " "
        }
    ]
}
18:05:26 INFO  Started operation: {'creationTime': '2022-06-29T18:05:26.607Z', 'deviceId': '20610793', 'deviceName': 'm32sd10d', 'self': 'https://t493319102.eu-latest.cumulocity.com/devicecontrol/operations/20626711', 'id': '20626711', 'status': 'PENDING', 'description': "Apply software changes, triggered from PySys: [{'action': 'delete', 'id': '5475369', 'name': 'asciijump', 'url': ' ', 'version': '::apt'}, {'action': 'delete', 'id': '5474869', 'name': 'robotfindskitten', 'url': ' ', 'version': '::apt'}, {'action': 'delete', 'id': '5475279', 'name': 'squirrel3', 'url': ' ', 'version': '::apt'}]", 'c8y_SoftwareUpdate': [{'name': 'asciijump', 'action': 'delete', 'id': '5475369', 'version': '::apt', 'url': ' '}, {'name': 'robotfindskitten', 'action': 'delete', 'id': '5474869', 'version': '::apt', 'url': ' '}, {'name': 'squirrel3', 'action': 'delete', 'id': '5475279', 'version': '::apt', 'url': ' '}]}
18:05:29 INFO  State of operation 20626711 : PENDING
18:05:31 INFO  State of operation 20626711 : EXECUTING
18:05:33 INFO  State of operation 20626711 : EXECUTING
18:05:35 INFO  State of operation 20626711 : EXECUTING
18:05:38 INFO  State of operation 20626711 : EXECUTING
18:05:40 INFO  State of operation 20626711 : EXECUTING
18:05:43 INFO  State of operation 20626711 : EXECUTING
18:05:45 INFO  State of operation 20626711 : EXECUTING
18:05:48 INFO  State of operation 20626711 : EXECUTING
18:05:50 INFO  State of operation 20626711 : EXECUTING
18:05:52 INFO  State of operation 20626711 : EXECUTING
18:05:54 INFO  State of operation 20626711 : EXECUTING
18:05:57 INFO  State of operation 20626711 : EXECUTING
18:05:59 INFO  State of operation 20626711 : EXECUTING
18:06:01 INFO  State of operation 20626711 : EXECUTING
18:06:03 INFO  State of operation 20626711 : EXECUTING
18:06:06 INFO  State of operation 20626711 : EXECUTING
18:06:09 INFO  State of operation 20626711 : EXECUTING
18:06:11 INFO  State of operation 20626711 : EXECUTING
18:06:13 INFO  State of operation 20626711 : EXECUTING
18:06:16 INFO  State of operation 20626711 : EXECUTING
18:06:18 INFO  State of operation 20626711 : EXECUTING
18:06:20 INFO  State of operation 20626711 : EXECUTING
18:06:22 INFO  State of operation 20626711 : EXECUTING
18:06:25 INFO  State of operation 20626711 : EXECUTING
18:06:27 INFO  State of operation 20626711 : EXECUTING
18:06:30 INFO  State of operation 20626711 : EXECUTING
18:06:32 INFO  State of operation 20626711 : EXECUTING
18:06:34 INFO  State of operation 20626711 : SUCCESSFUL
18:06:35 INFO  Assert that (False == value) with value=False ... passed
18:06:35 INFO  Assert that (False == value) with value=False ... passed
18:06:35 INFO  Assert that (False == value) with value=False ... passed
18:06:35 INFO  Assert that (False == value) with value=False ... passed
18:06:35 INFO  
18:06:35 INFO  cleanup:
18:06:39 INFO  Executed sudo&lt;tedge_disconnect_c8y&gt;, exit status 0
18:06:40 INFO  Executed systemctl&lt;serv_mapper5&gt;, exit status 3
18:06:40 INFO  
18:06:40 INFO  Test duration: 139.26 secs
18:06:40 INFO  Test final outcome:  FAILED
18:06:40 INFO  Test outcome reason: Assert that (False == value) with value=True (+2 other failures)
18:06:40 INFO  
</system-out>
	</testcase>
</testsuite><testsuite name="SoftwareManagement.sm_apt_install_remove_multiple_mixed" tests="3" errors="0" failures="2" skipped="1" time="0"><testcase classname="PySysTest" name="SoftwareManagement.sm_apt_install_remove_multiple_mixed">
		<skipped message="SKIPPED: Testing the apt plugin is not supported on this platform.Use parameter -XmyPlatform='container' to enable it" />
		<system-out>17:06:05 INFO  ==============================================================
17:06:05 INFO  Id:    SoftwareManagement.sm_apt_install_remove_multiple_mixed
17:06:05 INFO  Dir:   software_management_end_to_end/
17:06:05 INFO  Title: Validate end to end behaviour for the apt plugin for multiple packages with mixed versions
17:06:05 INFO  ==============================================================
17:06:05 INFO  Testing the apt plugin is not supported on this platform.Use parameter -XmyPlatform='container' to enable it ... skipped
17:06:05 WARN  Aborted test due to SKIPPED outcome
17:06:05 INFO  
17:06:05 INFO  Test duration: 0.02 secs
17:06:05 INFO  Test final outcome:  SKIPPED
17:06:05 INFO  Test outcome reason: Testing the apt plugin is not supported on this platform.Use parameter -XmyPlatform='container' to enable it
17:06:05 INFO  
</system-out>
	</testcase>
<testcase classname="PySysTest" name="SoftwareManagement.sm_apt_install_remove_multiple_mixed">
		<failure message="BLOCKED: SystemError: Timeout while waiting for status SUCCESSFUL or False" type="BLOCKED" />
		<system-out>17:40:48 INFO  ==============================================================
17:40:48 INFO  Id:    SoftwareManagement.sm_apt_install_remove_multiple_mixed
17:40:48 INFO  Dir:   software_management_end_to_end/
17:40:48 INFO  Title: Validate end to end behaviour for the apt plugin for multiple packages with mixed versions
17:40:48 INFO  ==============================================================
17:40:48 INFO  Using sw id database: {'asciijump': '5475369', 'robotfindskitten': '5474869', 'squirrel3': '5475279', 'rolldice': '5152439', 'moon-buggy': '5439204', 'apple': '5495053', 'banana': '5494888', 'cherry': '5495382', 'watermelon': '5494510', 'registry': '8018911', 'hello-world': '8021526', 'docker/getting-started': '8021973', 'alpine': '7991792'}
17:40:48 INFO  EnvironmentC8y Setup
17:40:49 INFO  Executed systemctl&lt;serv_mapper1&gt;, exit status 3
17:40:49 INFO  Restarting mosquitto too frequently in the last 10 seconds. It was only up for 5 seconds
17:40:49 INFO  Delaying execution by 6 seconds
17:41:09 INFO  Executed sudo&lt;tedge_connect_c8y&gt;, exit status 0, duration 13 secs
17:41:09 INFO  Executed sudo&lt;tedge_connect_c8y_test&gt;, exit status 0
17:41:10 INFO  Executed systemctl&lt;serv_mosq2&gt;, exit status 0
17:41:10 INFO  Executed systemctl&lt;serv_mapper3&gt;, exit status 0
17:41:13 INFO  State of current operation: SUCCESSFUL
17:41:13 INFO  Assert that (False == value) with value=False ... passed
17:41:13 INFO  Assert that (False == value) with value=False ... passed
17:41:13 INFO  Assert that (False == value) with value=False ... passed
17:41:13 INFO  Assert that (False == value) with value=False ... passed
17:41:14 INFO  Assert that (False == value) with value=False ... passed
17:41:15 INFO  Response status: 201
17:41:15 INFO  Response to action: {
    "creationTime": "2022-06-29T17:41:15.388Z",
    "deviceId": "20610793",
    "deviceName": "m32sd10d",
    "self": "https://t493319102.eu-latest.cumulocity.com/devicecontrol/operations/20626562",
    "id": "20626562",
    "status": "PENDING",
    "description": "Apply software changes, triggered from PySys: [{'action': 'install', 'id': '5475369', 'name': 'asciijump', 'url': ' ', 'version': '::apt'}, {'action': 'install', 'id': '5474869', 'name': 'robotfindskitten', 'url': ' ', 'version': ' '}, {'action': 'install', 'id': '5475279', 'name': 'squirrel3', 'url': ' ', 'version': '3.1-7::apt'}, {'action': 'install', 'id': '5152439', 'name': 'rolldice', 'url': ' ', 'version': '1.16-1+b1'}, {'action': 'install', 'id': '5439204', 'name': 'moon-buggy', 'url': ' ', 'version': '1:1.0.51-12'}, {'action': 'install', 'id': '5475369', 'name': 'asciijump', 'url': ' ', 'version': '::apt'}]",
    "c8y_SoftwareUpdate": [
        {
            "name": "asciijump",
            "action": "install",
            "id": "5475369",
            "version": "::apt",
            "url": " "
        },
        {
            "name": "robotfindskitten",
            "action": "install",
            "id": "5474869",
            "version": " ",
            "url": " "
        },
        {
            "name": "squirrel3",
            "action": "install",
            "id": "5475279",
            "version": "3.1-7::apt",
            "url": " "
        },
        {
            "name": "rolldice",
            "action": "install",
            "id": "5152439",
            "version": "1.16-1+b1",
            "url": " "
        },
        {
            "name": "moon-buggy",
            "action": "install",
            "id": "5439204",
            "version": "1:1.0.51-12",
            "url": " "
        },
        {
            "name": "asciijump",
            "action": "install",
            "id": "5475369",
            "version": "::apt",
            "url": " "
        }
    ]
}
17:41:15 INFO  Started operation: {'creationTime': '2022-06-29T17:41:15.388Z', 'deviceId': '20610793', 'deviceName': 'm32sd10d', 'self': 'https://t493319102.eu-latest.cumulocity.com/devicecontrol/operations/20626562', 'id': '20626562', 'status': 'PENDING', 'description': "Apply software changes, triggered from PySys: [{'action': 'install', 'id': '5475369', 'name': 'asciijump', 'url': ' ', 'version': '::apt'}, {'action': 'install', 'id': '5474869', 'name': 'robotfindskitten', 'url': ' ', 'version': ' '}, {'action': 'install', 'id': '5475279', 'name': 'squirrel3', 'url': ' ', 'version': '3.1-7::apt'}, {'action': 'install', 'id': '5152439', 'name': 'rolldice', 'url': ' ', 'version': '1.16-1+b1'}, {'action': 'install', 'id': '5439204', 'name': 'moon-buggy', 'url': ' ', 'version': '1:1.0.51-12'}, {'action': 'install', 'id': '5475369', 'name': 'asciijump', 'url': ' ', 'version': '::apt'}]", 'c8y_SoftwareUpdate': [{'name': 'asciijump', 'action': 'install', 'id': '5475369', 'version': '::apt', 'url': ' '}, {'name': 'robotfindskitten', 'action': 'install', 'id': '5474869', 'version': ' ', 'url': ' '}, {'name': 'squirrel3', 'action': 'install', 'id': '5475279', 'version': '3.1-7::apt', 'url': ' '}, {'name': 'rolldice', 'action': 'install', 'id': '5152439', 'version': '1.16-1+b1', 'url': ' '}, {'name': 'moon-buggy', 'action': 'install', 'id': '5439204', 'version': '1:1.0.51-12', 'url': ' '}, {'name': 'asciijump', 'action': 'install', 'id': '5475369', 'version': '::apt', 'url': ' '}]}
17:41:17 INFO  State of operation 20626562 : PENDING
17:41:19 INFO  State of operation 20626562 : EXECUTING
17:41:22 INFO  State of operation 20626562 : EXECUTING
17:41:24 INFO  State of operation 20626562 : EXECUTING
17:41:26 INFO  State of operation 20626562 : EXECUTING
17:41:28 INFO  State of operation 20626562 : EXECUTING
17:41:31 INFO  State of operation 20626562 : EXECUTING
17:41:34 INFO  State of operation 20626562 : EXECUTING
17:41:36 INFO  State of operation 20626562 : EXECUTING
17:41:39 INFO  State of operation 20626562 : EXECUTING
17:41:41 INFO  State of operation 20626562 : EXECUTING
17:41:43 INFO  State of operation 20626562 : EXECUTING
17:41:45 INFO  State of operation 20626562 : EXECUTING
17:41:48 INFO  State of operation 20626562 : EXECUTING
17:41:50 INFO  State of operation 20626562 : EXECUTING
17:41:52 INFO  State of operation 20626562 : EXECUTING
17:41:55 INFO  State of operation 20626562 : EXECUTING
17:41:57 INFO  State of operation 20626562 : EXECUTING
17:41:59 INFO  State of operation 20626562 : EXECUTING
17:42:02 INFO  State of operation 20626562 : EXECUTING
17:42:04 INFO  State of operation 20626562 : EXECUTING
17:42:07 INFO  State of operation 20626562 : EXECUTING
17:42:09 INFO  State of operation 20626562 : EXECUTING
17:42:12 INFO  State of operation 20626562 : EXECUTING
17:42:14 INFO  State of operation 20626562 : EXECUTING
17:42:16 INFO  State of operation 20626562 : EXECUTING
17:42:19 INFO  State of operation 20626562 : EXECUTING
17:42:21 INFO  State of operation 20626562 : EXECUTING
17:42:23 INFO  State of operation 20626562 : EXECUTING
17:42:26 INFO  State of operation 20626562 : EXECUTING
17:42:28 INFO  State of operation 20626562 : EXECUTING
17:42:30 INFO  State of operation 20626562 : EXECUTING
17:42:32 INFO  State of operation 20626562 : EXECUTING
17:42:35 INFO  State of operation 20626562 : EXECUTING
17:42:37 INFO  State of operation 20626562 : EXECUTING
17:42:39 INFO  State of operation 20626562 : EXECUTING
17:42:41 INFO  State of operation 20626562 : EXECUTING
17:42:44 INFO  State of operation 20626562 : EXECUTING
17:42:47 INFO  State of operation 20626562 : EXECUTING
17:42:49 INFO  State of operation 20626562 : EXECUTING
17:42:52 INFO  State of operation 20626562 : EXECUTING
17:42:54 INFO  State of operation 20626562 : EXECUTING
17:42:56 INFO  State of operation 20626562 : EXECUTING
17:42:58 INFO  State of operation 20626562 : EXECUTING
17:43:01 INFO  State of operation 20626562 : EXECUTING
17:43:03 INFO  State of operation 20626562 : EXECUTING
17:43:05 INFO  State of operation 20626562 : EXECUTING
17:43:08 INFO  State of operation 20626562 : EXECUTING
17:43:10 INFO  State of operation 20626562 : EXECUTING
17:43:13 INFO  State of operation 20626562 : EXECUTING
17:43:15 INFO  State of operation 20626562 : EXECUTING
17:43:17 INFO  State of operation 20626562 : EXECUTING
17:43:20 INFO  State of operation 20626562 : EXECUTING
17:43:22 INFO  State of operation 20626562 : EXECUTING
17:43:24 INFO  State of operation 20626562 : EXECUTING
17:43:27 INFO  State of operation 20626562 : EXECUTING
17:43:29 INFO  State of operation 20626562 : EXECUTING
17:43:32 INFO  State of operation 20626562 : EXECUTING
17:43:34 INFO  State of operation 20626562 : EXECUTING
17:43:36 INFO  State of operation 20626562 : EXECUTING
17:43:38 INFO  State of operation 20626562 : EXECUTING
17:43:40 WARN  SystemError occurred while running test - Timeout while waiting for status SUCCESSFUL or False
Traceback (most recent call last):
  File "/home/pi/env-pysys/lib/python3.7/site-packages/pysys/baserunner.py", line 1294, in __call__
    self.testObj.execute()
  File "/home/pi/actions-runner/_work/thin-edge.io/thin-edge.io/tests/PySys/software_management_end_to_end/sm_apt_install_remove_multiple_mixed/run.py", line 89, in execute
    self.wait_until_succcess()
  File "/home/pi/actions-runner/_work/thin-edge.io/thin-edge.io/tests/PySys/software_management_end_to_end/environment_sm_management.py", line 324, in wait_until_succcess
    self.wait_until_status("SUCCESSFUL")
  File "/home/pi/actions-runner/_work/thin-edge.io/thin-edge.io/tests/PySys/software_management_end_to_end/environment_sm_management.py", line 381, in wait_until_status
    "Timeout while waiting for status %s or %s" % (status, status2)
SystemError: Timeout while waiting for status SUCCESSFUL or False
17:43:41 WARN  SystemError: Timeout while waiting for status SUCCESSFUL or False ... blocked 
17:43:41 INFO  
17:43:41 INFO  cleanup:
17:43:45 INFO  Executed sudo&lt;tedge_disconnect_c8y&gt;, exit status 0
17:43:46 INFO  Executed systemctl&lt;serv_mapper5&gt;, exit status 3
17:43:46 INFO  
17:43:46 INFO  Test duration: 177.77 secs
17:43:46 INFO  Test final outcome:  BLOCKED
17:43:46 INFO  Test outcome reason: SystemError: Timeout while waiting for status SUCCESSFUL or False
17:43:46 INFO  
</system-out>
	</testcase>
<testcase classname="PySysTest" name="SoftwareManagement.sm_apt_install_remove_multiple_mixed">
		<failure message="BLOCKED: SystemError: Timeout while waiting for status SUCCESSFUL or False (+1 other failures)" type="BLOCKED" />
		<system-out>18:06:40 INFO  ==============================================================
18:06:40 INFO  Id:    SoftwareManagement.sm_apt_install_remove_multiple_mixed
18:06:40 INFO  Dir:   software_management_end_to_end/
18:06:40 INFO  Title: Validate end to end behaviour for the apt plugin for multiple packages with mixed versions
18:06:40 INFO  ==============================================================
18:06:40 INFO  Using sw id database: {'asciijump': '5475369', 'robotfindskitten': '5474869', 'squirrel3': '5475279', 'rolldice': '5152439', 'moon-buggy': '5439204', 'apple': '5495053', 'banana': '5494888', 'cherry': '5495382', 'watermelon': '5494510', 'registry': '8018911', 'hello-world': '8021526', 'docker/getting-started': '8021973', 'alpine': '7991792'}
18:06:40 INFO  EnvironmentC8y Setup
18:06:41 INFO  Executed systemctl&lt;serv_mapper1&gt;, exit status 3
18:06:41 INFO  Restarting mosquitto too frequently in the last 10 seconds. It was only up for 5 seconds
18:06:41 INFO  Delaying execution by 6 seconds
18:07:01 INFO  Executed sudo&lt;tedge_connect_c8y&gt;, exit status 0, duration 13 secs
18:07:01 INFO  Executed sudo&lt;tedge_connect_c8y_test&gt;, exit status 0
18:07:02 INFO  Executed systemctl&lt;serv_mosq2&gt;, exit status 0
18:07:02 INFO  Executed systemctl&lt;serv_mapper3&gt;, exit status 0
18:07:04 INFO  State of current operation: SUCCESSFUL
18:07:05 INFO  Assert that (False == value) with value=False ... passed
18:07:05 INFO  Assert that (False == value) with value=False ... passed
18:07:05 INFO  Assert that (False == value) with value=False ... passed
18:07:05 INFO  Assert that (False == value) with value=False ... passed
18:07:06 INFO  Package moon-buggy is installed
18:07:06 WARN  Assert that (False == value) with value=True ... failed 
18:07:07 INFO  Response status: 201
18:07:07 INFO  Response to action: {
    "creationTime": "2022-06-29T18:07:07.386Z",
    "deviceId": "20610793",
    "deviceName": "m32sd10d",
    "self": "https://t493319102.eu-latest.cumulocity.com/devicecontrol/operations/20626719",
    "id": "20626719",
    "status": "PENDING",
    "description": "Apply software changes, triggered from PySys: [{'action': 'install', 'id': '5475369', 'name': 'asciijump', 'url': ' ', 'version': '::apt'}, {'action': 'install', 'id': '5474869', 'name': 'robotfindskitten', 'url': ' ', 'version': ' '}, {'action': 'install', 'id': '5475279', 'name': 'squirrel3', 'url': ' ', 'version': '3.1-7::apt'}, {'action': 'install', 'id': '5152439', 'name': 'rolldice', 'url': ' ', 'version': '1.16-1+b1'}, {'action': 'install', 'id': '5439204', 'name': 'moon-buggy', 'url': ' ', 'version': '1:1.0.51-12'}, {'action': 'install', 'id': '5475369', 'name': 'asciijump', 'url': ' ', 'version': '::apt'}]",
    "c8y_SoftwareUpdate": [
        {
            "name": "asciijump",
            "action": "install",
            "id": "5475369",
            "version": "::apt",
            "url": " "
        },
        {
            "name": "robotfindskitten",
            "action": "install",
            "id": "5474869",
            "version": " ",
            "url": " "
        },
        {
            "name": "squirrel3",
            "action": "install",
            "id": "5475279",
            "version": "3.1-7::apt",
            "url": " "
        },
        {
            "name": "rolldice",
            "action": "install",
            "id": "5152439",
            "version": "1.16-1+b1",
            "url": " "
        },
        {
            "name": "moon-buggy",
            "action": "install",
            "id": "5439204",
            "version": "1:1.0.51-12",
            "url": " "
        },
        {
            "name": "asciijump",
            "action": "install",
            "id": "5475369",
            "version": "::apt",
            "url": " "
        }
    ]
}
18:07:07 INFO  Started operation: {'creationTime': '2022-06-29T18:07:07.386Z', 'deviceId': '20610793', 'deviceName': 'm32sd10d', 'self': 'https://t493319102.eu-latest.cumulocity.com/devicecontrol/operations/20626719', 'id': '20626719', 'status': 'PENDING', 'description': "Apply software changes, triggered from PySys: [{'action': 'install', 'id': '5475369', 'name': 'asciijump', 'url': ' ', 'version': '::apt'}, {'action': 'install', 'id': '5474869', 'name': 'robotfindskitten', 'url': ' ', 'version': ' '}, {'action': 'install', 'id': '5475279', 'name': 'squirrel3', 'url': ' ', 'version': '3.1-7::apt'}, {'action': 'install', 'id': '5152439', 'name': 'rolldice', 'url': ' ', 'version': '1.16-1+b1'}, {'action': 'install', 'id': '5439204', 'name': 'moon-buggy', 'url': ' ', 'version': '1:1.0.51-12'}, {'action': 'install', 'id': '5475369', 'name': 'asciijump', 'url': ' ', 'version': '::apt'}]", 'c8y_SoftwareUpdate': [{'name': 'asciijump', 'action': 'install', 'id': '5475369', 'version': '::apt', 'url': ' '}, {'name': 'robotfindskitten', 'action': 'install', 'id': '5474869', 'version': ' ', 'url': ' '}, {'name': 'squirrel3', 'action': 'install', 'id': '5475279', 'version': '3.1-7::apt', 'url': ' '}, {'name': 'rolldice', 'action': 'install', 'id': '5152439', 'version': '1.16-1+b1', 'url': ' '}, {'name': 'moon-buggy', 'action': 'install', 'id': '5439204', 'version': '1:1.0.51-12', 'url': ' '}, {'name': 'asciijump', 'action': 'install', 'id': '5475369', 'version': '::apt', 'url': ' '}]}
18:07:09 INFO  State of operation 20626719 : PENDING
18:07:11 INFO  State of operation 20626719 : EXECUTING
18:07:14 INFO  State of operation 20626719 : EXECUTING
18:07:16 INFO  State of operation 20626719 : EXECUTING
18:07:18 INFO  State of operation 20626719 : EXECUTING
18:07:20 INFO  State of operation 20626719 : EXECUTING
18:07:23 INFO  State of operation 20626719 : EXECUTING
18:07:26 INFO  State of operation 20626719 : EXECUTING
18:07:28 INFO  State of operation 20626719 : EXECUTING
18:07:30 INFO  State of operation 20626719 : EXECUTING
18:07:33 INFO  State of operation 20626719 : EXECUTING
18:07:35 INFO  State of operation 20626719 : EXECUTING
18:07:37 INFO  State of operation 20626719 : EXECUTING
18:07:39 INFO  State of operation 20626719 : EXECUTING
18:07:42 INFO  State of operation 20626719 : EXECUTING
18:07:44 INFO  State of operation 20626719 : EXECUTING
18:07:46 INFO  State of operation 20626719 : EXECUTING
18:07:49 INFO  State of operation 20626719 : EXECUTING
18:07:51 INFO  State of operation 20626719 : EXECUTING
18:07:54 INFO  State of operation 20626719 : EXECUTING
18:07:56 INFO  State of operation 20626719 : EXECUTING
18:07:59 INFO  State of operation 20626719 : EXECUTING
18:08:01 INFO  State of operation 20626719 : EXECUTING
18:08:03 INFO  State of operation 20626719 : EXECUTING
18:08:05 INFO  State of operation 20626719 : EXECUTING
18:08:07 INFO  State of operation 20626719 : EXECUTING
18:08:10 INFO  State of operation 20626719 : EXECUTING
18:08:12 INFO  State of operation 20626719 : EXECUTING
18:08:15 INFO  State of operation 20626719 : EXECUTING
18:08:17 INFO  State of operation 20626719 : EXECUTING
18:08:19 INFO  State of operation 20626719 : EXECUTING
18:08:22 INFO  State of operation 20626719 : EXECUTING
18:08:24 INFO  State of operation 20626719 : EXECUTING
18:08:26 INFO  State of operation 20626719 : EXECUTING
18:08:29 INFO  State of operation 20626719 : EXECUTING
18:08:31 INFO  State of operation 20626719 : EXECUTING
18:08:34 INFO  State of operation 20626719 : EXECUTING
18:08:36 INFO  State of operation 20626719 : EXECUTING
18:08:39 INFO  State of operation 20626719 : EXECUTING
18:08:41 INFO  State of operation 20626719 : EXECUTING
18:08:44 INFO  State of operation 20626719 : EXECUTING
18:08:46 INFO  State of operation 20626719 : EXECUTING
18:08:48 INFO  State of operation 20626719 : EXECUTING
18:08:51 INFO  State of operation 20626719 : EXECUTING
18:08:53 INFO  State of operation 20626719 : EXECUTING
18:08:55 INFO  State of operation 20626719 : EXECUTING
18:08:57 INFO  State of operation 20626719 : EXECUTING
18:09:00 INFO  State of operation 20626719 : EXECUTING
18:09:03 INFO  State of operation 20626719 : EXECUTING
18:09:05 INFO  State of operation 20626719 : EXECUTING
18:09:07 INFO  State of operation 20626719 : EXECUTING
18:09:10 INFO  State of operation 20626719 : EXECUTING
18:09:12 INFO  State of operation 20626719 : EXECUTING
18:09:16 INFO  State of operation 20626719 : EXECUTING
18:09:18 INFO  State of operation 20626719 : EXECUTING
18:09:20 INFO  State of operation 20626719 : EXECUTING
18:09:22 INFO  State of operation 20626719 : EXECUTING
18:09:24 INFO  State of operation 20626719 : EXECUTING
18:09:27 INFO  State of operation 20626719 : EXECUTING
18:09:29 INFO  State of operation 20626719 : EXECUTING
18:09:31 INFO  State of operation 20626719 : EXECUTING
18:09:33 WARN  SystemError occurred while running test - Timeout while waiting for status SUCCESSFUL or False
Traceback (most recent call last):
  File "/home/pi/env-pysys/lib/python3.7/site-packages/pysys/baserunner.py", line 1294, in __call__
    self.testObj.execute()
  File "/home/pi/actions-runner/_work/thin-edge.io/thin-edge.io/tests/PySys/software_management_end_to_end/sm_apt_install_remove_multiple_mixed/run.py", line 89, in execute
    self.wait_until_succcess()
  File "/home/pi/actions-runner/_work/thin-edge.io/thin-edge.io/tests/PySys/software_management_end_to_end/environment_sm_management.py", line 324, in wait_until_succcess
    self.wait_until_status("SUCCESSFUL")
  File "/home/pi/actions-runner/_work/thin-edge.io/thin-edge.io/tests/PySys/software_management_end_to_end/environment_sm_management.py", line 381, in wait_until_status
    "Timeout while waiting for status %s or %s" % (status, status2)
SystemError: Timeout while waiting for status SUCCESSFUL or False
18:09:33 WARN  SystemError: Timeout while waiting for status SUCCESSFUL or False ... blocked 
18:09:33 INFO  
18:09:33 INFO  cleanup:
18:09:38 INFO  Executed sudo&lt;tedge_disconnect_c8y&gt;, exit status 0
18:09:38 INFO  Executed systemctl&lt;serv_mapper5&gt;, exit status 3
18:09:38 INFO  
18:09:38 INFO  Test duration: 178.17 secs
18:09:38 INFO  Test final outcome:  BLOCKED
18:09:38 INFO  Test outcome reason: SystemError: Timeout while waiting for status SUCCESSFUL or False (+1 other failures)
18:09:38 INFO  
</system-out>
	</testcase>
</testsuite><testsuite name="SoftwareManagement.sm_apt_install_remove_with_version" tests="3" errors="0" failures="0" skipped="1" time="0"><testcase classname="PySysTest" name="SoftwareManagement.sm_apt_install_remove_with_version">
		<skipped message="SKIPPED: Testing the apt plugin is not supported on this platform.Use parameter -XmyPlatform='container' to enable it" />
		<system-out>17:06:05 INFO  ==============================================================
17:06:05 INFO  Id:    SoftwareManagement.sm_apt_install_remove_with_version
17:06:05 INFO  Dir:   software_management_end_to_end/
17:06:05 INFO  Title: Validate end to end behaviour for the apt plugin for packages with version
17:06:05 INFO  ==============================================================
17:06:05 INFO  Testing the apt plugin is not supported on this platform.Use parameter -XmyPlatform='container' to enable it ... skipped
17:06:05 WARN  Aborted test due to SKIPPED outcome
17:06:05 INFO  
17:06:05 INFO  Test duration: 0.02 secs
17:06:05 INFO  Test final outcome:  SKIPPED
17:06:05 INFO  Test outcome reason: Testing the apt plugin is not supported on this platform.Use parameter -XmyPlatform='container' to enable it
17:06:05 INFO  
</system-out>
	</testcase>
<testcase classname="PySysTest" name="SoftwareManagement.sm_apt_install_remove_with_version" />
<testcase classname="PySysTest" name="SoftwareManagement.sm_apt_install_remove_with_version" />
</testsuite><testsuite name="SoftwareManagement.sm_docker_install_remove_multiple" tests="3" errors="0" failures="0" skipped="1" time="0"><testcase classname="SMDockerInstallRemove" name="SoftwareManagement.sm_docker_install_remove_multiple">
		<skipped message="SKIPPED: Testing the apt plugin is not supported on this platform.Use parameter -XmyPlatform='container' to enable it" />
		<system-out>17:06:05 INFO  ==============================================================
17:06:05 INFO  Id:    SoftwareManagement.sm_docker_install_remove_multiple
17:06:05 INFO  Dir:   software_management_end_to_end/
17:06:05 INFO  Title: Validate end to end behaviour for the docker plugin for multiple docker images with mixed versions
17:06:05 INFO  ==============================================================
17:06:05 INFO  Testing the apt plugin is not supported on this platform.Use parameter -XmyPlatform='container' to enable it ... skipped
17:06:05 WARN  Aborted test due to SKIPPED outcome
17:06:05 INFO  
17:06:05 INFO  Test duration: 0.02 secs
17:06:05 INFO  Test final outcome:  SKIPPED
17:06:05 INFO  Test outcome reason: Testing the apt plugin is not supported on this platform.Use parameter -XmyPlatform='container' to enable it
17:06:05 INFO  
</system-out>
	</testcase>
<testcase classname="SMDockerInstallRemove" name="SoftwareManagement.sm_docker_install_remove_multiple" />
<testcase classname="SMDockerInstallRemove" name="SoftwareManagement.sm_docker_install_remove_multiple" />
</testsuite><testsuite name="SoftwareManagement.sm_fake_install_remove" tests="2" errors="0" failures="0" skipped="1" time="0"><testcase classname="PySysTest" name="SoftwareManagement.sm_fake_install_remove">
		<skipped message="SKIPPED: Testing the fake plugin is not enabled.Use parameter -Xfakeplugin=fakeplugin to enable it" />
		<system-out>17:06:05 INFO  ==============================================================
17:06:05 INFO  Id:    SoftwareManagement.sm_fake_install_remove
17:06:05 INFO  Dir:   software_management_end_to_end/
17:06:05 INFO  Title: Validate end to end behaviour for the dummy plugin for installation and removal of packages
17:06:05 INFO  ==============================================================
17:06:05 INFO  Testing the fake plugin is not enabled.Use parameter -Xfakeplugin=fakeplugin to enable it ... skipped
17:06:05 WARN  Aborted test due to SKIPPED outcome
17:06:05 INFO  
17:06:05 INFO  Test duration: 0.02 secs
17:06:05 INFO  Test final outcome:  SKIPPED
17:06:05 INFO  Test outcome reason: Testing the fake plugin is not enabled.Use parameter -Xfakeplugin=fakeplugin to enable it
17:06:05 INFO  
</system-out>
	</testcase>
<testcase classname="PySysTest" name="SoftwareManagement.sm_fake_install_remove" />
</testsuite><testsuite name="SoftwareManagement.sm_fake_install_remove_multiple" tests="2" errors="0" failures="0" skipped="1" time="0"><testcase classname="PySysTest" name="SoftwareManagement.sm_fake_install_remove_multiple">
		<skipped message="SKIPPED: Testing the fake plugin is not enabled.Use parameter -Xfakeplugin=fakeplugin to enable it" />
		<system-out>17:06:05 INFO  ==============================================================
17:06:05 INFO  Id:    SoftwareManagement.sm_fake_install_remove_multiple
17:06:05 INFO  Dir:   software_management_end_to_end/
17:06:05 INFO  Title: Validate end to end behaviour for the dummy-plugin for multiple packages
17:06:05 INFO  ==============================================================
17:06:05 INFO  Testing the fake plugin is not enabled.Use parameter -Xfakeplugin=fakeplugin to enable it ... skipped
17:06:05 WARN  Aborted test due to SKIPPED outcome
17:06:05 INFO  
17:06:05 INFO  Test duration: 0.02 secs
17:06:05 INFO  Test final outcome:  SKIPPED
17:06:05 INFO  Test outcome reason: Testing the fake plugin is not enabled.Use parameter -Xfakeplugin=fakeplugin to enable it
17:06:05 INFO  
</system-out>
	</testcase>
<testcase classname="PySysTest" name="SoftwareManagement.sm_fake_install_remove_multiple" />
</testsuite><testsuite name="SoftwareManagement.sm_mapper_fail_and_reconnect" tests="2" errors="0" failures="0" skipped="2" time="0"><testcase classname="MapperC8yReceiveLastMessageOnRestart" name="SoftwareManagement.sm_mapper_fail_and_reconnect">
		<skipped message="SKIPPED: instable https://github.com/thin-edge/thin-edge.io/issues/752" />
		<system-out>17:06:05 INFO  ==============================================================
17:06:05 INFO  Id:    SoftwareManagement.sm_mapper_fail_and_reconnect
17:06:05 INFO  Dir:   software_management_end_to_end/
17:06:05 INFO  Title: Validate the tedge-mapper-sm-c8y for receiving the last message on restart
17:06:05 INFO  ==============================================================
17:06:05 INFO  instable https://github.com/thin-edge/thin-edge.io/issues/752 ... skipped
17:06:05 INFO  
17:06:05 INFO  Test duration: 0.02 secs
17:06:05 INFO  Test final outcome:  SKIPPED
17:06:05 INFO  Test outcome reason: instable https://github.com/thin-edge/thin-edge.io/issues/752
17:06:05 INFO  
</system-out>
	</testcase>
<testcase classname="MapperC8yReceiveLastMessageOnRestart" name="SoftwareManagement.sm_mapper_fail_and_reconnect">
		<skipped message="SKIPPED: instable https://github.com/thin-edge/thin-edge.io/issues/752" />
		<system-out>18:16:20 INFO  ==============================================================
18:16:20 INFO  Id:    SoftwareManagement.sm_mapper_fail_and_reconnect
18:16:20 INFO  Dir:   software_management_end_to_end/
18:16:20 INFO  Title: Validate the tedge-mapper-sm-c8y for receiving the last message on restart
18:16:20 INFO  ==============================================================
18:16:20 INFO  instable https://github.com/thin-edge/thin-edge.io/issues/752 ... skipped
18:16:20 INFO  
18:16:20 INFO  Test duration: 0.03 secs
18:16:20 INFO  Test final outcome:  SKIPPED
18:16:20 INFO  Test outcome reason: instable https://github.com/thin-edge/thin-edge.io/issues/752
18:16:20 INFO  
</system-out>
	</testcase>
</testsuite><testsuite name="SoftwareManagement.sm_mixed_install_remove_multiple" tests="2" errors="0" failures="1" skipped="1" time="0"><testcase classname="PySysTest" name="SoftwareManagement.sm_mixed_install_remove_multiple">
		<skipped message="SKIPPED: Testing the fake plugin is not enabled.Use parameter -Xfakeplugin=fakeplugin to enable it" />
		<system-out>17:06:05 INFO  ==============================================================
17:06:05 INFO  Id:    SoftwareManagement.sm_mixed_install_remove_multiple
17:06:05 INFO  Dir:   software_management_end_to_end/
17:06:05 INFO  Title: Validate end to end behaviour for the dummy-plugin for multiple packages with mixed versions
17:06:05 INFO  ==============================================================
17:06:05 INFO  Testing the fake plugin is not enabled.Use parameter -Xfakeplugin=fakeplugin to enable it ... skipped
17:06:05 WARN  Aborted test due to SKIPPED outcome
17:06:05 INFO  
17:06:05 INFO  Test duration: 0.02 secs
17:06:05 INFO  Test final outcome:  SKIPPED
17:06:05 INFO  Test outcome reason: Testing the fake plugin is not enabled.Use parameter -Xfakeplugin=fakeplugin to enable it
17:06:05 INFO  
</system-out>
	</testcase>
<testcase classname="PySysTest" name="SoftwareManagement.sm_mixed_install_remove_multiple">
		<failure message="FAILED: Assert that (False == value) with value=True" type="FAILED" />
		<system-out>18:16:20 INFO  ==============================================================
18:16:20 INFO  Id:    SoftwareManagement.sm_mixed_install_remove_multiple
18:16:20 INFO  Dir:   software_management_end_to_end/
18:16:20 INFO  Title: Validate end to end behaviour for the dummy-plugin for multiple packages with mixed versions
[...]
16:54:29 INFO  Executed sudo&lt;rm_tmp_logs&gt;, exit status 0
16:54:29 INFO  Executed sudo&lt;send_failed&gt;, exit status 0
16:54:30 INFO  Executed sudo&lt;log_file_daemon&gt;, exit status 0
16:54:34 INFO  Executed sudo&lt;tedge_disconnect_c8y&gt;, exit status 0
16:54:34 INFO  Executed systemctl&lt;serv_mapper5&gt;, exit status 3
16:54:34 INFO  
16:54:34 INFO  Test duration: 27.40 secs
16:54:34 INFO  Test final outcome:  BLOCKED
16:54:34 INFO  Test outcome reason: TypeError: 'NoneType' object is not subscriptable
16:54:34 INFO  
</system-out>
	</testcase>
</testsuite><testsuite name="log_request_num_lines" tests="1" errors="0" failures="1" skipped="0" time="0"><testcase classname="LogRequestVerifyNumberOfLines" name="log_request_num_lines">
		<failure message="BLOCKED: TypeError: 'NoneType' object is not subscriptable" type="BLOCKED" />
		<system-out>16:54:34 INFO  ==============================================================
16:54:34 INFO  Id:    log_request_num_lines
16:54:34 INFO  Dir:   log_request_end_to_end/
16:54:34 INFO  Title: Validate end to end behaviour for the log request operation check for number of lines
16:54:34 INFO  ==============================================================
16:54:34 INFO  EnvironmentC8y Setup
16:54:35 INFO  Executed systemctl&lt;serv_mapper1&gt;, exit status 3
16:54:35 INFO  Restarting mosquitto too frequently in the last 10 seconds. It was only up for 5 seconds
16:54:35 INFO  Delaying execution by 6 seconds
16:54:56 INFO  Executed sudo&lt;tedge_connect_c8y&gt;, exit status 0, duration 14 secs
16:54:56 INFO  Executed sudo&lt;tedge_connect_c8y_test&gt;, exit status 0
16:54:57 INFO  Executed systemctl&lt;serv_mosq2&gt;, exit status 0
16:54:57 INFO  Executed systemctl&lt;serv_mapper3&gt;, exit status 0
16:54:58 INFO  Executed sudo&lt;rm_logs&gt;, exit status 0
16:54:58 INFO  Executed sudo&lt;move_logs&gt;, exit status 0
16:54:59 INFO  Executed sudo&lt;log_file_daemon&gt;, exit status 0
16:54:59 WARN  TypeError occurred while running test - 'NoneType' object is not subscriptable
Traceback (most recent call last):
  File "/home/pi/env-pysys/lib/python3.7/site-packages/pysys/baserunner.py", line 1294, in __call__
    self.testObj.execute()
  File "/home/pi/actions-runner/_work/thin-edge.io/thin-edge.io/tests/PySys/log_request_end_to_end/log_request_num_lines/run.py", line 46, in execute
    log_file_request_payload, self.project.deviceid
  File "/home/pi/actions-runner/_work/thin-edge.io/thin-edge.io/tests/PySys/environments/cumulocity.py", line 101, in trigger_log_request
    "deviceId": self.device_fragment["id"],
TypeError: 'NoneType' object is not subscriptable
16:54:59 WARN  TypeError: 'NoneType' object is not subscriptable ... blocked 
16:54:59 INFO  
16:54:59 INFO  cleanup:
16:55:00 INFO  Executed sudo&lt;rm_logs&gt;, exit status 0
16:55:00 INFO  Executed sudo&lt;rm_tmp_logs&gt;, exit status 0
16:55:01 INFO  Executed sudo&lt;send_failed&gt;, exit status 0
16:55:01 INFO  Executed sudo&lt;log_file_daemon&gt;, exit status 0
16:55:06 INFO  Executed sudo&lt;tedge_disconnect_c8y&gt;, exit status 0
16:55:06 INFO  Executed systemctl&lt;serv_mapper5&gt;, exit status 3
16:55:06 INFO  
16:55:06 INFO  Test duration: 31.97 secs
16:55:06 INFO  Test final outcome:  BLOCKED
16:55:06 INFO  Test outcome reason: TypeError: 'NoneType' object is not subscriptable
16:55:06 INFO  
</system-out>
	</testcase>
</testsuite><testsuite name="mapper_awaits_before_reconnect" tests="1" errors="0" failures="1" skipped="0" time="0"><testcase classname="MapperReconnectAwait" name="mapper_awaits_before_reconnect">
		<failure message="FAILED: Line count on tedge_mapper_journal.out for &quot;tedge_mapper::core::mapper: MQTT connection error:&quot; expected &gt;=2 but got 0" type="FAILED" />
		<system-out>17:09:06 INFO  ==============================================================
17:09:06 INFO  Id:    mapper_awaits_before_reconnect
17:09:06 INFO  Dir:   tedge_mapper_c8y/
17:09:06 INFO  Title: Validate mapper doesn't reconnect too often
17:09:06 INFO  ==============================================================
17:09:06 INFO  Started mosquitto_sub with process id 12961
17:09:06 INFO  Waiting for 0.1 seconds
17:09:06 INFO  Executed sudo&lt;tedge_mapper&gt;, exit status 0
17:09:06 INFO  Waiting for 5.0 seconds
17:09:12 INFO  Executed sudo&lt;tedge_mapper&gt;, exit status 0
17:09:14 INFO  Executed sudo&lt;tedge_mapper_journal&gt;, exit status 0
17:09:14 WARN  Grep on tedge_mapper_journal.out contains "ERROR" ... failed [run.py:67]
17:09:14 INFO  Line count on file tedge_mapper_journal.out ... passed
17:09:14 WARN  Line count on tedge_mapper_journal.out for "tedge_mapper::core::mapper: MQTT connection error:" expected &gt;=2 but got 0 ... failed [run.py:78]
17:09:14 WARN  Aborted test due to FAILED outcome
17:09:15 INFO  
17:09:15 INFO  Test duration: 9.03 secs
17:09:15 INFO  Test final outcome:  FAILED
17:09:15 INFO  Test outcome reason: Line count on tedge_mapper_journal.out for "tedge_mapper::core::mapper: MQTT connection error:" expected &gt;=2 but got 0
17:09:15 INFO  
</system-out>
	</testcase>
</testsuite><testsuite name="monitoring_smaller_interval" tests="1" errors="0" failures="1" skipped="0" time="0"><testcase classname="MonitoringSmallInterval" name="monitoring_smaller_interval">
		<failure message="BLOCKED: TypeError: 'int' object is not subscriptable" type="BLOCKED" />
		<system-out>16:56:08 INFO  ==============================================================
16:56:08 INFO  Id:    monitoring_smaller_interval
16:56:08 INFO  Dir:   monitoring/
16:56:08 INFO  Title: Validate the tedge dm agent messages that are produced with smaller sampling interval than the batching window. Here the simulated collectd messages are used
16:56:08 INFO  ==============================================================
16:56:09 INFO  Executed sudo&lt;collectd&gt;, exit status 0
16:56:09 INFO  Executed sudo&lt;collectd_mapper&gt;, exit status 0
16:56:09 INFO  Started sudo&lt;tedge_sub&gt; with process id 9092
16:56:10 INFO  Executed sudo&lt;tedge_temp&gt;, exit status 0
16:56:11 INFO  Executed sudo&lt;tedge_pres&gt;, exit status 0
16:56:11 INFO  Executed sudo&lt;tedge_temp&gt;, exit status 0
16:56:12 INFO  Executed sudo&lt;tedge_pres&gt;, exit status 0
16:56:12 INFO  Executed sudo&lt;tedge_temp&gt;, exit status 0
16:56:13 INFO  Executed sudo&lt;tedge_pres&gt;, exit status 0
16:56:13 INFO  Executed sudo&lt;tedge_temp&gt;, exit status 0
16:56:14 INFO  Executed sudo&lt;tedge_pres&gt;, exit status 0
16:56:15 INFO  Executed sudo&lt;tedge_temp&gt;, exit status 0
16:56:15 INFO  Executed sudo&lt;tedge_pres&gt;, exit status 0
16:56:16 INFO  Executed sudo&lt;tedge_temp&gt;, exit status 0
16:56:16 INFO  Executed sudo&lt;tedge_pres&gt;, exit status 0
16:56:17 INFO  Executed sudo&lt;tedge_temp&gt;, exit status 0
16:56:17 INFO  Executed sudo&lt;tedge_pres&gt;, exit status 0
16:56:18 INFO  Executed sudo&lt;tedge_temp&gt;, exit status 0
16:56:18 INFO  Executed sudo&lt;tedge_pres&gt;, exit status 0
16:56:19 INFO  Executed sudo&lt;tedge_temp&gt;, exit status 0
16:56:20 INFO  Executed sudo&lt;tedge_pres&gt;, exit status 0
16:56:20 INFO  Executed sudo&lt;tedge_temp&gt;, exit status 0
16:56:21 INFO  Executed sudo&lt;tedge_pres&gt;, exit status 0
16:56:22 INFO  Executed sudo&lt;kill_out&gt;, exit status 0
16:56:22 INFO  0

16:56:22 WARN  TypeError occurred while running test - 'int' object is not subscriptable
Traceback (most recent call last):
  File "/home/pi/env-pysys/lib/python3.7/site-packages/pysys/baserunner.py", line 1296, in __call__
    self.testObj.validate()
  File "/home/pi/actions-runner/_work/thin-edge.io/thin-edge.io/tests/PySys/monitoring/monitoring_smaller_interval/run.py", line 104, in validate
    collectd_msg_validation_result=self.validate_json(),
  File "/home/pi/actions-runner/_work/thin-edge.io/thin-edge.io/tests/PySys/monitoring/monitoring_smaller_interval/run.py", line 114, in validate_json
    if not self.validate_time():
  File "/home/pi/actions-runner/_work/thin-edge.io/thin-edge.io/tests/PySys/monitoring/monitoring_smaller_interval/run.py", line 134, in validate_time
    if self.js_msg["time"]:
TypeError: 'int' object is not subscriptable
16:56:22 WARN  TypeError: 'int' object is not subscriptable ... blocked 
16:56:22 INFO  
16:56:22 INFO  cleanup:
16:56:22 INFO  monitoring_cleanup
16:56:23 INFO  Executed sudo&lt;collectd_mapper&gt;, exit status 0
16:56:23 INFO  
16:56:23 INFO  Test duration: 14.89 secs
16:56:23 INFO  Test final outcome:  BLOCKED
16:56:23 INFO  Test outcome reason: TypeError: 'int' object is not subscriptable
16:56:23 INFO  
</system-out>
	</testcase>
</testsuite><testsuite name="monitoring_with_collectd" tests="1" errors="0" failures="0" skipped="1" time="0"><testcase classname="MonitoringWithCollectd" name="monitoring_with_collectd">
		<skipped message="SKIPPED: Test execution disabled due to #792 (instable)" />
		<system-out>16:56:23 INFO  ==============================================================
16:56:23 INFO  Id:    monitoring_with_collectd
16:56:23 INFO  Dir:   monitoring/
16:56:23 INFO  Title: Validate tedge dm agent messages that are produced by batching the collectd messages
16:56:23 INFO  ==============================================================
16:56:23 INFO  Test execution disabled due to #792 (instable) ... skipped
16:56:23 INFO  
16:56:23 INFO  Test duration: 0.02 secs
16:56:23 INFO  Test final outcome:  SKIPPED
16:56:23 INFO  Test outcome reason: Test execution disabled due to #792 (instable)
16:56:23 INFO  
</system-out>
	</testcase>
</testsuite><testsuite name="monitoring_with_simulated_messages" tests="1" errors="0" failures="1" skipped="0" time="0"><testcase classname="MonitoringWithSimulatedMessages" name="monitoring_with_simulated_messages">
		<failure message="BLOCKED: TypeError: 'int' object is not subscriptable" type="BLOCKED" />
		<system-out>16:56:23 INFO  ==============================================================
16:56:23 INFO  Id:    monitoring_with_simulated_messages
16:56:23 INFO  Dir:   monitoring/
16:56:23 INFO  Title: Validate the tedge dm agent messages that are produced from the simulated collectd messages
16:56:23 INFO  ==============================================================
16:56:24 INFO  Executed sudo&lt;collectd&gt;, exit status 0
16:56:24 INFO  Executed sudo&lt;collectd_mapper&gt;, exit status 0
16:56:24 INFO  Started sudo&lt;tedge_sub&gt; with process id 9156
16:56:25 INFO  Executed sudo&lt;tedge_temp&gt;, exit status 0
16:56:25 INFO  Executed sudo&lt;tedge_pres&gt;, exit status 0
16:56:27 INFO  Executed sudo&lt;kill_out&gt;, exit status 0
16:56:27 INFO  0

16:56:27 WARN  TypeError occurred while running test - 'int' object is not subscriptable
Traceback (most recent call last):
  File "/home/pi/env-pysys/lib/python3.7/site-packages/pysys/baserunner.py", line 1296, in __call__
    self.testObj.validate()
  File "/home/pi/actions-runner/_work/thin-edge.io/thin-edge.io/tests/PySys/monitoring/monitoring_with_simulated_messages/run.py", line 98, in validate
    collectd_msg_validation_result=self.validate_json(),
  File "/home/pi/actions-runner/_work/thin-edge.io/thin-edge.io/tests/PySys/monitoring/monitoring_with_simulated_messages/run.py", line 108, in validate_json
    if not self.validate_time():
  File "/home/pi/actions-runner/_work/thin-edge.io/thin-edge.io/tests/PySys/monitoring/monitoring_with_simulated_messages/run.py", line 127, in validate_time
    if self.js_msg["time"]:
TypeError: 'int' object is not subscriptable
16:56:27 WARN  TypeError: 'int' object is not subscriptable ... blocked 
16:56:27 INFO  
16:56:27 INFO  cleanup:
16:56:27 INFO  monitoring_cleanup
16:56:27 INFO  Executed sudo&lt;collectd_mapper&gt;, exit status 0
16:56:27 INFO  
16:56:27 INFO  Test duration: 4.45 secs
16:56:27 INFO  Test final outcome:  BLOCKED
16:56:27 INFO  Test outcome reason: TypeError: 'int' object is not subscriptable
16:56:27 INFO  
</system-out>
	</testcase>
</testsuite><testsuite name="mqtt_port_change_connection_fails" tests="1" errors="0" failures="0" skipped="0" time="0"><testcase classname="MqttPortChangeConnectionFails" name="mqtt_port_change_connection_fails" />
</testsuite><testsuite name="mqtt_port_change_connection_works" tests="1" errors="0" failures="0" skipped="1" time="0"><testcase classname="MqttPortChangeConnectionWorks" name="mqtt_port_change_connection_works">
		<skipped message="SKIPPED: failing intermitently" />
		<system-out>16:55:41 INFO  ==============================================================
16:55:41 INFO  Id:    mqtt_port_change_connection_works
16:55:41 INFO  Dir:   misc_features/
16:55:41 INFO  Title: mqtt port change connection works for all the thin-edge services that use the mosquitto broker
16:55:41 INFO  ==============================================================
16:55:41 INFO  failing intermitently ... skipped
16:55:41 INFO  
16:55:41 INFO  Test duration: 0.02 secs
16:55:41 INFO  Test final outcome:  SKIPPED
16:55:41 INFO  Test outcome reason: failing intermitently
16:55:41 INFO  
</system-out>
	</testcase>
</testsuite><testsuite name="publish_flux" tests="1" errors="0" failures="0" skipped="0" time="0"><testcase classname="PublishFlux" name="publish_flux" />
</testsuite><testsuite name="publish_sawmill" tests="1" errors="0" failures="0" skipped="0" time="0"><testcase classname="PublishSawmill" name="publish_sawmill" />
</testsuite><testsuite name="runtime_start_two_mappers" tests="1" errors="0" failures="0" skipped="0" time="0"><testcase classname="RuntimeMultiMappers" name="runtime_start_two_mappers" />
</testsuite><testsuite name="sm_tedge_mapper_init_session" tests="1" errors="0" failures="0" skipped="0" time="0"><testcase classname="TedgeSMMapperInitSession" name="sm_tedge_mapper_init_session" />
</testsuite><testsuite name="smoketest_json" tests="1" errors="0" failures="0" skipped="0" time="0"><testcase classname="SmokeTestJson" name="smoketest_json" />
</testsuite><testsuite name="smoketest_json_400_samples_10ms" tests="1" errors="0" failures="0" skipped="0" time="0"><testcase classname="SmoketestJson400Samples10ms" name="smoketest_json_400_samples_10ms" />
</testsuite><testsuite name="smoketest_json_400_samples_20ms" tests="1" errors="0" failures="0" skipped="0" time="0"><testcase classname="SmoketestJson400Samples20ms" name="smoketest_json_400_samples_20ms" />
</testsuite><testsuite name="smoketest_smartrest" tests="1" errors="0" failures="0" skipped="0" time="0"><testcase classname="SmoketestSmartRest" name="smoketest_smartrest" />
</testsuite><testsuite name="smoketest_smartrest_400_samples_1Xms" tests="1" errors="0" failures="0" skipped="0" time="0"><testcase classname="SmoketestSmartRest400Samples1Xms" name="smoketest_smartrest_400_samples_1Xms" />
</testsuite><testsuite name="smoketest_smartrest_400_samples_20ms" tests="1" errors="0" failures="0" skipped="0" time="0"><testcase classname="SmoketestSmartRest400Samples20ms" name="smoketest_smartrest_400_samples_20ms" />
</testsuite><testsuite name="tedge_agent_user_sudo_access" tests="1" errors="0" failures="0" skipped="1" time="0"><testcase classname="TedgeAgentUserSudoAccess" name="tedge_agent_user_sudo_access">
		<skipped message="SKIPPED: #955 Observation: Exit code of the apt plugin when called with no arguments" />
		<system-out>17:06:31 INFO  ==============================================================
17:06:31 INFO  Id:    tedge_agent_user_sudo_access
17:06:31 INFO  Dir:   tedge/
17:06:31 INFO  Title: Validate tedge-agent user has a limited sudo right
17:06:31 INFO  ==============================================================
17:06:31 INFO  #955 Observation: Exit code of the apt plugin when called with no arguments ... skipped
17:06:31 INFO  
17:06:31 INFO  Test duration: 0.02 secs
17:06:31 INFO  Test final outcome:  SKIPPED
17:06:31 INFO  Test outcome reason: #955 Observation: Exit code of the apt plugin when called with no arguments
17:06:31 INFO  
</system-out>
	</testcase>
</testsuite><testsuite name="tedge_connect_test_negative" tests="1" errors="0" failures="0" skipped="0" time="0"><testcase classname="TedgeConnectTestNegative" name="tedge_connect_test_negative" />
</testsuite><testsuite name="tedge_connect_test_positive" tests="1" errors="0" failures="0" skipped="0" time="0"><testcase classname="TedgeConnectTestPositive" name="tedge_connect_test_positive" />
</testsuite><testsuite name="tedge_connect_test_sm_services" tests="1" errors="0" failures="0" skipped="0" time="0"><testcase classname="TedgeConnectTestSMServices" name="tedge_connect_test_sm_services" />
</testsuite><testsuite name="tedge_disconnect_test_sm_services" tests="1" errors="0" failures="0" skipped="0" time="0"><testcase classname="TedgeDisConnectTestSMServices" name="tedge_disconnect_test_sm_services" />
</testsuite><testsuite name="tedge_mapper_az_negative" tests="1" errors="0" failures="0" skipped="0" time="0"><testcase classname="TedgeMapperAzError" name="tedge_mapper_az_negative" />
</testsuite><testsuite name="tedge_mapper_az_with_timestamp" tests="1" errors="0" failures="0" skipped="0" time="0"><testcase classname="TedgeMapperAzWithTimestamp" name="tedge_mapper_az_with_timestamp" />
</testsuite><testsuite name="tedge_mapper_az_without_timestamp" tests="1" errors="0" failures="0" skipped="0" time="0"><testcase classname="TedgeMapperAzWithoutTimestamp" name="tedge_mapper_az_without_timestamp" />
</testsuite><testsuite name="tedge_mapper_c8y_alarms" tests="1" errors="0" failures="0" skipped="0" time="0"><testcase classname="TedgeMapperC8yAlarm" name="tedge_mapper_c8y_alarms" />
</testsuite><testsuite name="tedge_mapper_c8y_child_device_measurement" tests="1" errors="0" failures="0" skipped="0" time="0"><testcase classname="TedgeMapperC8yChildDevice" name="tedge_mapper_c8y_child_device_measurement" />
</testsuite><testsuite name="tedge_mapper_c8y_packet_threshold_size" tests="1" errors="0" failures="1" skipped="0" time="0"><testcase classname="TedgeMapperC8yThresholdPacketSize" name="tedge_mapper_c8y_packet_threshold_size">
		<failure message="FAILED: Grep on tedge_sub.out contains &quot;The size of the message received on tedge/measurements is 20489 which is greater than the threshold size of 16184.&quot;" type="FAILED" />
		<system-out>17:10:51 INFO  ==============================================================
17:10:51 INFO  Id:    tedge_mapper_c8y_packet_threshold_size
17:10:51 INFO  Dir:   tedge_mapper_c8y/
17:10:51 INFO  Title: Validate the Cumulocity Mapper accepted threshold packet size when it receives a message on tedge/measurements
17:10:51 INFO  ==============================================================
17:10:52 INFO  Executed sudo&lt;tedge_mapper_c8y&gt;, exit status 0
17:10:52 INFO  Started sudo&lt;tedge_sub&gt; with process id 13553
17:10:53 INFO  Executed sudo&lt;tedge_msg&gt;, exit status 0
17:10:53 INFO  Executed sudo&lt;tedge_pub&gt;, exit status 0
17:10:54 INFO  Executed sudo&lt;kill_out&gt;, exit status 0
17:10:54 WARN  Grep on tedge_sub.out contains "The size of the message received on tedge/measurements is 20489 which is greater than the threshold size of 16184." ... failed [run.py:88]
17:10:54 INFO  
17:10:54 INFO  cleanup:
17:10:54 INFO  mapper_cleanup
17:10:54 INFO  Executed sudo&lt;tedge_mapper_c8y&gt;, exit status 0
17:10:55 INFO  
17:10:55 INFO  Test duration: 3.06 secs
17:10:55 INFO  Test final outcome:  FAILED
17:10:55 INFO  Test outcome reason: Grep on tedge_sub.out contains "The size of the message received on tedge/measurements is 20489 which is greater than the threshold size of 16184."
17:10:55 INFO  
</system-out>
	</testcase>
</testsuite><testsuite name="tedge_software_update" tests="1" errors="0" failures="0" skipped="0" time="0"><testcase classname="PySysTest" name="tedge_software_update" />
</testsuite><testsuite name="valid_device_id" tests="1" errors="0" failures="0" skipped="0" time="0"><testcase classname="ValidateValidDeviceId" name="valid_device_id" />
</testsuite></testsuites>