<?xml version='1.0' encoding='utf-8'?>
<testsuites tests="139" failures="17" errors="0" skipped="45" time="0.0"><testsuite name="SoftwareManagement.Plugin.apama_plugin_install" tests="3" errors="0" failures="0" skipped="1" time="0"><testcase classname="ApamaPluginInstallTest" name="SoftwareManagement.Plugin.apama_plugin_install">
		<skipped message="SKIPPED: Apama plugin tests are disabled by default. Execute `pysys run` with `-XmyPlatform=container` to run these tests" />
		<system-out>14:18:39 INFO  ==============================================================
14:18:39 INFO  Id:    SoftwareManagement.Plugin.apama_plugin_install
14:18:39 INFO  Dir:   plugin_apama/
14:18:39 INFO  Title: Validate apama plugin install
14:18:39 INFO  ==============================================================
14:18:39 INFO  Apama plugin tests are disabled by default. Execute `pysys run` with `-XmyPlatform=container` to run these tests ... skipped
14:18:39 WARN  Aborted test due to SKIPPED outcome
14:18:39 INFO  
14:18:39 INFO  Test duration: 0.04 secs
14:18:39 INFO  Test final outcome:  SKIPPED
14:18:39 INFO  Test outcome reason: Apama plugin tests are disabled by default. Execute `pysys run` with `-XmyPlatform=container` to run these tests
14:18:39 INFO  
</system-out>
	</testcase>
<testcase classname="ApamaPluginInstallTest" name="SoftwareManagement.Plugin.apama_plugin_install" />
<testcase classname="ApamaPluginInstallTest" name="SoftwareManagement.Plugin.apama_plugin_install" />
</testsuite><testsuite name="SoftwareManagement.Plugin.apama_plugin_mon_support" tests="3" errors="0" failures="0" skipped="1" time="0"><testcase classname="ApamaPluginMonSupportTest" name="SoftwareManagement.Plugin.apama_plugin_mon_support">
		<skipped message="SKIPPED: Apama plugin tests are disabled by default. Execute `pysys run` with `-XmyPlatform=container` to run these tests" />
		<system-out>14:18:39 INFO  ==============================================================
14:18:39 INFO  Id:    SoftwareManagement.Plugin.apama_plugin_mon_support
14:18:39 INFO  Dir:   plugin_apama/
14:18:39 INFO  Title: Validate mon file support of apama plugin
14:18:39 INFO  ==============================================================
14:18:39 INFO  Apama plugin tests are disabled by default. Execute `pysys run` with `-XmyPlatform=container` to run these tests ... skipped
14:18:39 WARN  Aborted test due to SKIPPED outcome
14:18:39 INFO  
14:18:39 INFO  Test duration: 0.02 secs
14:18:39 INFO  Test final outcome:  SKIPPED
14:18:39 INFO  Test outcome reason: Apama plugin tests are disabled by default. Execute `pysys run` with `-XmyPlatform=container` to run these tests
14:18:39 INFO  
</system-out>
	</testcase>
<testcase classname="ApamaPluginMonSupportTest" name="SoftwareManagement.Plugin.apama_plugin_mon_support" />
<testcase classname="ApamaPluginMonSupportTest" name="SoftwareManagement.Plugin.apama_plugin_mon_support" />
</testsuite><testsuite name="SoftwareManagement.Plugin.apama_plugin_remove" tests="3" errors="0" failures="0" skipped="1" time="0"><testcase classname="ApamaPluginRemoveTest" name="SoftwareManagement.Plugin.apama_plugin_remove">
		<skipped message="SKIPPED: Apama plugin tests are disabled by default. Execute `pysys run` with `-XmyPlatform=container` to run these tests" />
		<system-out>14:18:39 INFO  ==============================================================
14:18:39 INFO  Id:    SoftwareManagement.Plugin.apama_plugin_remove
14:18:39 INFO  Dir:   plugin_apama/
14:18:39 INFO  Title: Validate apama plugin remove
14:18:39 INFO  ==============================================================
14:18:39 INFO  Apama plugin tests are disabled by default. Execute `pysys run` with `-XmyPlatform=container` to run these tests ... skipped
14:18:39 WARN  Aborted test due to SKIPPED outcome
14:18:39 INFO  
14:18:39 INFO  Test duration: 0.02 secs
14:18:39 INFO  Test final outcome:  SKIPPED
14:18:39 INFO  Test outcome reason: Apama plugin tests are disabled by default. Execute `pysys run` with `-XmyPlatform=container` to run these tests
14:18:39 INFO  
</system-out>
	</testcase>
<testcase classname="ApamaPluginRemoveTest" name="SoftwareManagement.Plugin.apama_plugin_remove" />
<testcase classname="ApamaPluginRemoveTest" name="SoftwareManagement.Plugin.apama_plugin_remove" />
</testsuite><testsuite name="SoftwareManagement.Plugin.apama_plugin_update" tests="3" errors="0" failures="2" skipped="1" time="0"><testcase classname="ApamaPluginUpdateTest" name="SoftwareManagement.Plugin.apama_plugin_update">
		<skipped message="SKIPPED: Apama plugin tests are disabled by default. Execute `pysys run` with `-XmyPlatform=container` to run these tests" />
		<system-out>14:18:39 INFO  ==============================================================
14:18:39 INFO  Id:    SoftwareManagement.Plugin.apama_plugin_update
14:18:39 INFO  Dir:   plugin_apama/
14:18:39 INFO  Title: Validate apama plugin updating one project with another
14:18:39 INFO  ==============================================================
14:18:39 INFO  Apama plugin tests are disabled by default. Execute `pysys run` with `-XmyPlatform=container` to run these tests ... skipped
14:18:39 WARN  Aborted test due to SKIPPED outcome
14:18:39 INFO  
14:18:39 INFO  Test duration: 0.02 secs
14:18:39 INFO  Test final outcome:  SKIPPED
14:18:39 INFO  Test outcome reason: Apama plugin tests are disabled by default. Execute `pysys run` with `-XmyPlatform=container` to run these tests
14:18:39 INFO  
</system-out>
	</testcase>
<testcase classname="ApamaPluginUpdateTest" name="SoftwareManagement.Plugin.apama_plugin_update">
		<failure message="BLOCKED: sudo&lt;plugin_install&gt; returned non-zero exit code 2" type="BLOCKED" />
		<system-out>15:09:47 INFO  ==============================================================
15:09:47 INFO  Id:    SoftwareManagement.Plugin.apama_plugin_update
15:09:47 INFO  Dir:   plugin_apama/
15:09:47 INFO  Title: Validate apama plugin updating one project with another
15:09:47 INFO  ==============================================================
15:09:47 INFO  Assertion that path exists=False for "/etc/tedge/apama/project" ... passed
15:09:48 INFO  Executed sudo&lt;create_project_dir&gt;, exit status 0
15:09:48 INFO  Executed sudo&lt;unzip_apama_project&gt;, exit status 0
15:09:49 INFO  Executed sudo&lt;move_apama_project&gt;, exit status 0
15:09:50 INFO  Executed sudo&lt;restart_apama_service&gt;, exit status 0
15:09:50 INFO  Executed sudo&lt;apama_correlator_wait&gt;, exit status 0
15:09:50 INFO  Assertion that path exists=True for "/etc/tedge/apama/project" ... passed
15:09:51 INFO  Executed sudo&lt;apama_list_monitors&gt;, exit status 0
15:09:51 INFO  Grep on file /home/pi/actions-runner/_work/thin-edge.io/thin-edge.io/tests/PySys/plugin_apama/apama_plugin_update/Output/linux/apama_list_monitors.out ... passed
15:09:52 WARN  Executed sudo&lt;plugin_install&gt;, exit status 2
15:09:52 INFO  Contents of plugin_install.err: 
  ERROR: Directory not empty (os error 39)
  -----

15:09:52 WARN  sudo&lt;plugin_install&gt; returned non-zero exit code 2 ... blocked [run.py:35]
15:09:52 WARN  Aborted test due to BLOCKED outcome
15:09:52 INFO  
15:09:52 INFO  cleanup:
15:09:52 INFO  Removing apama project
15:10:07 INFO  Executed sudo&lt;stop_apama_service&gt;, exit status 0, duration 15 secs
15:10:08 INFO  Executed sudo&lt;remove_apama_project&gt;, exit status 0
15:10:08 INFO  Executed sudo&lt;remove_apama_tmp_dir&gt;, exit status 0
15:10:08 INFO  
15:10:08 INFO  Test duration: 20.98 secs
15:10:08 INFO  Test final outcome:  BLOCKED
15:10:08 INFO  Test outcome reason: sudo&lt;plugin_install&gt; returned non-zero exit code 2
15:10:08 INFO  
</system-out>
	</testcase>
<testcase classname="ApamaPluginUpdateTest" name="SoftwareManagement.Plugin.apama_plugin_update">
		<failure message="BLOCKED: sudo&lt;plugin_install&gt; returned non-zero exit code 2" type="BLOCKED" />
		<system-out>15:18:17 INFO  ==============================================================
15:18:17 INFO  Id:    SoftwareManagement.Plugin.apama_plugin_update
15:18:17 INFO  Dir:   plugin_apama/
15:18:17 INFO  Title: Validate apama plugin updating one project with another
15:18:17 INFO  ==============================================================
15:18:17 INFO  Assertion that path exists=False for "/etc/tedge/apama/project" ... passed
15:18:17 INFO  Executed sudo&lt;create_project_dir&gt;, exit status 0
15:18:18 INFO  Executed sudo&lt;unzip_apama_project&gt;, exit status 0
15:18:18 INFO  Executed sudo&lt;move_apama_project&gt;, exit status 0
15:18:19 INFO  Executed sudo&lt;restart_apama_service&gt;, exit status 0
15:18:20 INFO  Executed sudo&lt;apama_correlator_wait&gt;, exit status 0
15:18:20 INFO  Assertion that path exists=True for "/etc/tedge/apama/project" ... passed
15:18:20 INFO  Executed sudo&lt;apama_list_monitors&gt;, exit status 0
15:18:20 INFO  Grep on file /home/pi/actions-runner/_work/thin-edge.io/thin-edge.io/tests/PySys/plugin_apama/apama_plugin_update/Output/linux/apama_list_monitors.out ... passed
15:18:21 WARN  Executed sudo&lt;plugin_install&gt;, exit status 2
15:18:21 INFO  Contents of plugin_install.err: 
  ERROR: Directory not empty (os error 39)
  -----

15:18:21 WARN  sudo&lt;plugin_install&gt; returned non-zero exit code 2 ... blocked [run.py:35]
15:18:21 WARN  Aborted test due to BLOCKED outcome
15:18:21 INFO  
15:18:21 INFO  cleanup:
15:18:21 INFO  Removing apama project
15:18:37 INFO  Executed sudo&lt;stop_apama_service&gt;, exit status 0, duration 15 secs
15:18:37 INFO  Executed sudo&lt;remove_apama_project&gt;, exit status 0
15:18:38 INFO  Executed sudo&lt;remove_apama_tmp_dir&gt;, exit status 0
15:18:38 INFO  
15:18:38 INFO  Test duration: 21.24 secs
15:18:38 INFO  Test final outcome:  BLOCKED
15:18:38 INFO  Test outcome reason: sudo&lt;plugin_install&gt; returned non-zero exit code 2
15:18:38 INFO  
</system-out>
	</testcase>
</testsuite><testsuite name="SoftwareManagement.sm_apt_install_download_path" tests="3" errors="0" failures="2" skipped="1" time="0"><testcase classname="AptInstallWithDownloadPath" name="SoftwareManagement.sm_apt_install_download_path">
		<skipped message="SKIPPED: Testing the apt plugin is not supported on this platform.Use parameter -XmyPlatform='container' to enable it" />
		<system-out>14:28:12 INFO  ==============================================================
14:28:12 INFO  Id:    SoftwareManagement.sm_apt_install_download_path
14:28:12 INFO  Dir:   software_management_end_to_end/
14:28:12 INFO  Title: Install package to directory specified in tedge config set tmp.path
14:28:12 INFO  ==============================================================
14:28:12 INFO  Testing the apt plugin is not supported on this platform.Use parameter -XmyPlatform='container' to enable it ... skipped
14:28:12 WARN  Aborted test due to SKIPPED outcome
14:28:12 INFO  
14:28:12 INFO  Test duration: 0.06 secs
14:28:12 INFO  Test final outcome:  SKIPPED
14:28:12 INFO  Test outcome reason: Testing the apt plugin is not supported on this platform.Use parameter -XmyPlatform='container' to enable it
14:28:12 INFO  
</system-out>
	</testcase>
<testcase classname="AptInstallWithDownloadPath" name="SoftwareManagement.sm_apt_install_download_path">
		<failure message="BLOCKED: AssertionError:" type="BLOCKED" />
		<system-out>14:51:47 INFO  ==============================================================
14:51:47 INFO  Id:    SoftwareManagement.sm_apt_install_download_path
14:51:47 INFO  Dir:   software_management_end_to_end/
14:51:47 INFO  Title: Install package to directory specified in tedge config set tmp.path
14:51:47 INFO  ==============================================================
14:51:47 INFO  Using sw id database: {'asciijump': '5475369', 'robotfindskitten': '5474869', 'squirrel3': '5475279', 'rolldice': '5152439', 'moon-buggy': '5439204', 'apple': '5495053', 'banana': '5494888', 'cherry': '5495382', 'watermelon': '5494510', 'registry': '8018911', 'hello-world': '8021526', 'docker/getting-started': '8021973', 'alpine': '7991792'}
14:51:47 INFO  EnvironmentC8y Setup
14:51:47 INFO  Executed systemctl&lt;serv_mapper1&gt;, exit status 3
14:52:01 INFO  Executed sudo&lt;tedge_connect_c8y&gt;, exit status 0, duration 13 secs
14:52:03 INFO  Executed sudo&lt;tedge_connect_c8y_test&gt;, exit status 0
14:52:04 INFO  Executed systemctl&lt;serv_mosq2&gt;, exit status 0
14:52:05 INFO  Executed systemctl&lt;serv_mapper3&gt;, exit status 0
14:52:07 ERROR No operations found, assuming it passed
14:52:07 INFO  Assert that (False == value) with value=False ... passed
14:52:08 INFO  Executed sudo, exit status 0
14:52:08 INFO  Executed sudo, exit status 0
14:52:09 INFO  Executed sudo, exit status 0
14:52:13 INFO  Executed sudo&lt;tedge_disconnect_c8y&gt;, exit status 0
14:52:13 INFO  Restarting mosquitto too frequently in the last 10 seconds. It was only up for 3 seconds
14:52:13 INFO  Delaying execution by 8 seconds
14:52:35 INFO  Executed sudo&lt;tedge_connect_c8y&gt;, exit status 0, duration 13 secs
14:52:35 INFO  Response status: 201
14:52:35 INFO  Response to action: {
    "delivery": {
        "log": [],
        "time": "2022-07-22T14:52:35.376Z",
        "status": "PENDING"
    },
    "creationTime": "2022-07-22T14:52:35.334Z",
    "deviceId": "21278192",
    "deviceName": "m32sd10d",
    "self": "https://t493319102.eu-latest.cumulocity.com/devicecontrol/operations/21290262",
    "id": "21290262",
    "status": "PENDING",
    "description": "Apply software changes, triggered from PySys: [{'name': 'rolldice', 'id': '5152439', 'version': '::apt', 'url': 'https://thin-edge-io.eu-latest.cumulocity.com/inventory/binaries/12435463', 'action': 'install'}]",
    "c8y_SoftwareUpdate": [
        {
            "name": "rolldice",
            "action": "install",
            "id": "5152439",
            "version": "::apt",
            "url": "https://thin-edge-io.eu-latest.cumulocity.com/inventory/binaries/12435463"
        }
    ]
}
14:52:35 INFO  Started operation: {'delivery': {'log': [], 'time': '2022-07-22T14:52:35.376Z', 'status': 'PENDING'}, 'creationTime': '2022-07-22T14:52:35.334Z', 'deviceId': '21278192', 'deviceName': 'm32sd10d', 'self': 'https://t493319102.eu-latest.cumulocity.com/devicecontrol/operations/21290262', 'id': '21290262', 'status': 'PENDING', 'description': "Apply software changes, triggered from PySys: [{'name': 'rolldice', 'id': '5152439', 'version': '::apt', 'url': 'https://thin-edge-io.eu-latest.cumulocity.com/inventory/binaries/12435463', 'action': 'install'}]", 'c8y_SoftwareUpdate': [{'name': 'rolldice', 'action': 'install', 'id': '5152439', 'version': '::apt', 'url': 'https://thin-edge-io.eu-latest.cumulocity.com/inventory/binaries/12435463'}]}
14:52:35 WARN  , retrying in 0.5 seconds...
14:52:35 WARN  , retrying in 0.5 seconds...
14:52:36 WARN  , retrying in 0.5 seconds...
14:52:36 WARN  , retrying in 0.5 seconds...
14:52:37 WARN  , retrying in 0.5 seconds...
14:52:37 WARN  , retrying in 0.5 seconds...
14:52:38 WARN  , retrying in 0.5 seconds...
14:52:38 WARN  , retrying in 0.5 seconds...
14:52:39 WARN  , retrying in 0.5 seconds...
14:52:39 WARN  AssertionError occurred while running test - 
Traceback (most recent call last):
  File "/home/pi/env-pysys/lib/python3.7/site-packages/pysys/baserunner.py", line 1294, in __call__
    self.testObj.execute()
  File "/home/pi/actions-runner/_work/thin-edge.io/thin-edge.io/tests/PySys/software_management_end_to_end/sm_apt_install_download_path/run.py", line 83, in execute
    assert_install_in_download_path(install_directory=self.DOWNLOAD_DIR)
  File "/home/pi/env-pysys/lib/python3.7/site-packages/decorator.py", line 232, in fun
    return caller(func, *(extras + args), **kw)
  File "/home/pi/env-pysys/lib/python3.7/site-packages/retry/api.py", line 74, in retry_decorator
    logger)
  File "/home/pi/env-pysys/lib/python3.7/site-packages/retry/api.py", line 33, in __retry_internal
    return f()
  File "/home/pi/actions-runner/_work/thin-edge.io/thin-edge.io/tests/PySys/software_management_end_to_end/sm_apt_install_download_path/run.py", line 28, in assert_install_in_download_path
    assert "rolldice" in os.listdir(f"{install_directory}")
AssertionError
14:52:40 WARN  AssertionError: ... blocked 
14:52:40 INFO  
14:52:40 INFO  cleanup:
14:52:41 INFO  Executed sudo, exit status 0
14:52:41 INFO  Executed sudo, exit status 0
14:52:45 INFO  Executed sudo&lt;tedge_disconnect_c8y&gt;, exit status 0
14:52:45 INFO  Restarting mosquitto too frequently in the last 10 seconds. It was only up for 3 seconds
14:52:45 INFO  Delaying execution by 8 seconds
14:53:07 INFO  Executed sudo&lt;tedge_connect_c8y&gt;, exit status 0, duration 13 secs
14:53:11 INFO  Executed sudo&lt;tedge_disconnect_c8y&gt;, exit status 0
14:53:12 INFO  Executed systemctl&lt;serv_mapper5&gt;, exit status 3
14:53:12 INFO  
14:53:12 INFO  Test duration: 85.34 secs
14:53:12 INFO  Test final outcome:  BLOCKED
14:53:12 INFO  Test outcome reason: AssertionError:
14:53:12 INFO  
</system-out>
	</testcase>
<testcase classname="AptInstallWithDownloadPath" name="SoftwareManagement.sm_apt_install_download_path">
		<failure message="BLOCKED: AssertionError:" type="BLOCKED" />
		<system-out>15:18:38 INFO  ==============================================================
15:18:38 INFO  Id:    SoftwareManagement.sm_apt_install_download_path
15:18:38 INFO  Dir:   software_management_end_to_end/
15:18:38 INFO  Title: Install package to directory specified in tedge config set tmp.path
15:18:38 INFO  ==============================================================
15:18:39 INFO  Using sw id database: {'asciijump': '5475369', 'robotfindskitten': '5474869', 'squirrel3': '5475279', 'rolldice': '5152439', 'moon-buggy': '5439204', 'apple': '5495053', 'banana': '5494888', 'cherry': '5495382', 'watermelon': '5494510', 'registry': '8018911', 'hello-world': '8021526', 'docker/getting-started': '8021973', 'alpine': '7991792'}
15:18:39 INFO  EnvironmentC8y Setup
15:18:40 INFO  Executed systemctl&lt;serv_mapper1&gt;, exit status 3
15:18:54 INFO  Executed sudo&lt;tedge_connect_c8y&gt;, exit status 0, duration 13 secs
15:18:54 INFO  Executed sudo&lt;tedge_connect_c8y_test&gt;, exit status 0
15:18:55 INFO  Executed systemctl&lt;serv_mosq2&gt;, exit status 0
15:18:55 INFO  Executed systemctl&lt;serv_mapper3&gt;, exit status 0
15:18:57 INFO  State of current operation: SUCCESSFUL
15:18:58 INFO  Assert that (False == value) with value=False ... passed
15:18:58 INFO  Executed sudo, exit status 0
15:18:59 INFO  Executed sudo, exit status 0
15:18:59 INFO  Executed sudo, exit status 0
15:19:03 INFO  Executed sudo&lt;tedge_disconnect_c8y&gt;, exit status 0
15:19:03 INFO  Restarting mosquitto too frequently in the last 10 seconds. It was only up for 3 seconds
15:19:03 INFO  Delaying execution by 8 seconds
15:19:25 INFO  Executed sudo&lt;tedge_connect_c8y&gt;, exit status 0, duration 13 secs
15:19:25 INFO  Response status: 201
15:19:25 INFO  Response to action: {
    "delivery": {
        "log": [],
        "time": "2022-07-22T15:19:25.687Z",
        "status": "PENDING"
    },
    "creationTime": "2022-07-22T15:19:25.668Z",
    "deviceId": "21278192",
    "deviceName": "m32sd10d",
    "self": "https://t493319102.eu-latest.cumulocity.com/devicecontrol/operations/21290445",
    "id": "21290445",
    "status": "PENDING",
    "description": "Apply software changes, triggered from PySys: [{'name': 'rolldice', 'id': '5152439', 'version': '::apt', 'url': 'https://thin-edge-io.eu-latest.cumulocity.com/inventory/binaries/12435463', 'action': 'install'}]",
    "c8y_SoftwareUpdate": [
        {
            "name": "rolldice",
            "action": "install",
            "id": "5152439",
            "version": "::apt",
            "url": "https://thin-edge-io.eu-latest.cumulocity.com/inventory/binaries/12435463"
        }
    ]
}
15:19:25 INFO  Started operation: {'delivery': {'log': [], 'time': '2022-07-22T15:19:25.687Z', 'status': 'PENDING'}, 'creationTime': '2022-07-22T15:19:25.668Z', 'deviceId': '21278192', 'deviceName': 'm32sd10d', 'self': 'https://t493319102.eu-latest.cumulocity.com/devicecontrol/operations/21290445', 'id': '21290445', 'status': 'PENDING', 'description': "Apply software changes, triggered from PySys: [{'name': 'rolldice', 'id': '5152439', 'version': '::apt', 'url': 'https://thin-edge-io.eu-latest.cumulocity.com/inventory/binaries/12435463', 'action': 'install'}]", 'c8y_SoftwareUpdate': [{'name': 'rolldice', 'action': 'install', 'id': '5152439', 'version': '::apt', 'url': 'https://thin-edge-io.eu-latest.cumulocity.com/inventory/binaries/12435463'}]}
15:19:25 WARN  , retrying in 0.5 seconds...
15:19:26 WARN  , retrying in 0.5 seconds...
15:19:26 WARN  , retrying in 0.5 seconds...
15:19:27 WARN  , retrying in 0.5 seconds...
15:19:27 WARN  , retrying in 0.5 seconds...
15:19:28 WARN  , retrying in 0.5 seconds...
15:19:28 WARN  , retrying in 0.5 seconds...
15:19:29 WARN  , retrying in 0.5 seconds...
15:19:29 WARN  , retrying in 0.5 seconds...
15:19:30 WARN  AssertionError occurred while running test - 
Traceback (most recent call last):
  File "/home/pi/env-pysys/lib/python3.7/site-packages/pysys/baserunner.py", line 1294, in __call__
    self.testObj.execute()
  File "/home/pi/actions-runner/_work/thin-edge.io/thin-edge.io/tests/PySys/software_management_end_to_end/sm_apt_install_download_path/run.py", line 83, in execute
    assert_install_in_download_path(install_directory=self.DOWNLOAD_DIR)
  File "/home/pi/env-pysys/lib/python3.7/site-packages/decorator.py", line 232, in fun
    return caller(func, *(extras + args), **kw)
  File "/home/pi/env-pysys/lib/python3.7/site-packages/retry/api.py", line 74, in retry_decorator
    logger)
  File "/home/pi/env-pysys/lib/python3.7/site-packages/retry/api.py", line 33, in __retry_internal
    return f()
  File "/home/pi/actions-runner/_work/thin-edge.io/thin-edge.io/tests/PySys/software_management_end_to_end/sm_apt_install_download_path/run.py", line 28, in assert_install_in_download_path
    assert "rolldice" in os.listdir(f"{install_directory}")
AssertionError
15:19:30 WARN  AssertionError: ... blocked 
15:19:30 INFO  
15:19:30 INFO  cleanup:
15:19:30 INFO  Executed sudo, exit status 0
15:19:31 INFO  Executed sudo, exit status 0
15:19:35 INFO  Executed sudo&lt;tedge_disconnect_c8y&gt;, exit status 0
15:19:36 INFO  Restarting mosquitto too frequently in the last 10 seconds. It was only up for 3 seconds
15:19:36 INFO  Delaying execution by 8 seconds
15:19:57 INFO  Executed sudo&lt;tedge_connect_c8y&gt;, exit status 0, duration 13 secs
15:20:02 INFO  Executed sudo&lt;tedge_disconnect_c8y&gt;, exit status 0
15:20:02 INFO  Executed systemctl&lt;serv_mapper5&gt;, exit status 3
15:20:02 INFO  
15:20:02 INFO  Test duration: 84.31 secs
15:20:02 INFO  Test final outcome:  BLOCKED
15:20:02 INFO  Test outcome reason: AssertionError:
15:20:02 INFO  
</system-out>
	</testcase>
</testsuite><testsuite name="SoftwareManagement.sm_apt_install_fail" tests="3" errors="0" failures="0" skipped="1" time="0"><testcase classname="PySysTest" name="SoftwareManagement.sm_apt_install_fail">
		<skipped message="SKIPPED: Testing the apt plugin is not supported on this platform.Use parameter -XmyPlatform='container' to enable it" />
		<system-out>14:28:13 INFO  ==============================================================
14:28:13 INFO  Id:    SoftwareManagement.sm_apt_install_fail
14:28:13 INFO  Dir:   software_management_end_to_end/
14:28:13 INFO  Title: Validate end to end behaviour for a failing installation
14:28:13 INFO  ==============================================================
14:28:13 INFO  Testing the apt plugin is not supported on this platform.Use parameter -XmyPlatform='container' to enable it ... skipped
14:28:13 WARN  Aborted test due to SKIPPED outcome
14:28:13 INFO  
14:28:13 INFO  Test duration: 0.02 secs
14:28:13 INFO  Test final outcome:  SKIPPED
14:28:13 INFO  Test outcome reason: Testing the apt plugin is not supported on this platform.Use parameter -XmyPlatform='container' to enable it
14:28:13 INFO  
</system-out>
	</testcase>
<testcase classname="PySysTest" name="SoftwareManagement.sm_apt_install_fail" />
<testcase classname="PySysTest" name="SoftwareManagement.sm_apt_install_fail" />
</testsuite><testsuite name="SoftwareManagement.sm_apt_install_remove" tests="3" errors="0" failures="0" skipped="1" time="0"><testcase classname="PySysTest" name="SoftwareManagement.sm_apt_install_remove">
		<skipped message="SKIPPED: Testing the apt plugin is not supported on this platform.Use parameter -XmyPlatform='container' to enable it" />
		<system-out>14:28:13 INFO  ==============================================================
14:28:13 INFO  Id:    SoftwareManagement.sm_apt_install_remove
14:28:13 INFO  Dir:   software_management_end_to_end/
14:28:13 INFO  Title: Validate end to end behaviour for the apt plugin for installation and removal of packages
14:28:13 INFO  ==============================================================
14:28:13 INFO  Testing the apt plugin is not supported on this platform.Use parameter -XmyPlatform='container' to enable it ... skipped
14:28:13 WARN  Aborted test due to SKIPPED outcome
14:28:13 INFO  
14:28:13 INFO  Test duration: 0.02 secs
14:28:13 INFO  Test final outcome:  SKIPPED
14:28:13 INFO  Test outcome reason: Testing the apt plugin is not supported on this platform.Use parameter -XmyPlatform='container' to enable it
14:28:13 INFO  
</system-out>
	</testcase>
<testcase classname="PySysTest" name="SoftwareManagement.sm_apt_install_remove" />
<testcase classname="PySysTest" name="SoftwareManagement.sm_apt_install_remove" />
</testsuite><testsuite name="SoftwareManagement.sm_apt_install_remove_default" tests="3" errors="0" failures="0" skipped="1" time="0"><testcase classname="PySysTest" name="SoftwareManagement.sm_apt_install_remove_default">
		<skipped message="SKIPPED: Testing the apt plugin is not supported on this platform.Use parameter -XmyPlatform='container' to enable it" />
		<system-out>14:28:13 INFO  ==============================================================
14:28:13 INFO  Id:    SoftwareManagement.sm_apt_install_remove_default
14:28:13 INFO  Dir:   software_management_end_to_end/
14:28:13 INFO  Title: Validate end to end behaviour for the default plugin for installation and removal of packages
14:28:13 INFO  ==============================================================
14:28:13 INFO  Testing the apt plugin is not supported on this platform.Use parameter -XmyPlatform='container' to enable it ... skipped
14:28:13 WARN  Aborted test due to SKIPPED outcome
14:28:13 INFO  
14:28:13 INFO  Test duration: 0.02 secs
14:28:13 INFO  Test final outcome:  SKIPPED
14:28:13 INFO  Test outcome reason: Testing the apt plugin is not supported on this platform.Use parameter -XmyPlatform='container' to enable it
14:28:13 INFO  
</system-out>
	</testcase>
<testcase classname="PySysTest" name="SoftwareManagement.sm_apt_install_remove_default" />
<testcase classname="PySysTest" name="SoftwareManagement.sm_apt_install_remove_default" />
</testsuite><testsuite name="SoftwareManagement.sm_apt_install_remove_multiple" tests="3" errors="0" failures="2" skipped="1" time="0"><testcase classname="PySysTest" name="SoftwareManagement.sm_apt_install_remove_multiple">
		<skipped message="SKIPPED: Testing the apt plugin is not supported on this platform.Use parameter -XmyPlatform='container' to enable it" />
		<system-out>14:28:13 INFO  ==============================================================
14:28:13 INFO  Id:    SoftwareManagement.sm_apt_install_remove_multiple
14:28:13 INFO  Dir:   software_management_end_to_end/
14:28:13 INFO  Title: Validate end to end behaviour for the apt plugin for multiple packages
14:28:13 INFO  ==============================================================
14:28:13 INFO  Testing the apt plugin is not supported on this platform.Use parameter -XmyPlatform='container' to enable it ... skipped
14:28:13 WARN  Aborted test due to SKIPPED outcome
14:28:13 INFO  
14:28:13 INFO  Test duration: 0.02 secs
14:28:13 INFO  Test final outcome:  SKIPPED
14:28:13 INFO  Test outcome reason: Testing the apt plugin is not supported on this platform.Use parameter -XmyPlatform='container' to enable it
14:28:13 INFO  
</system-out>
	</testcase>
<testcase classname="PySysTest" name="SoftwareManagement.sm_apt_install_remove_multiple">
		<failure message="FAILED: Assert that (False == value) with value=True" type="FAILED" />
		<system-out>14:59:59 INFO  ==============================================================
14:59:59 INFO  Id:    SoftwareManagement.sm_apt_install_remove_multiple
14:59:59 INFO  Dir:   software_management_end_to_end/
14:59:59 INFO  Title: Validate end to end behaviour for the apt plugin for multiple packages
14:59:59 INFO  ==============================================================
14:59:59 INFO  Using sw id database: {'asciijump': '5475369', 'robotfindskitten': '5474869', 'squirrel3': '5475279', 'rolldice': '5152439', 'moon-buggy': '5439204', 'apple': '5495053', 'banana': '5494888', 'cherry': '5495382', 'watermelon': '5494510', 'registry': '8018911', 'hello-world': '8021526', 'docker/getting-started': '8021973', 'alpine': '7991792'}
14:59:59 INFO  EnvironmentC8y Setup
14:59:59 INFO  Executed systemctl&lt;serv_mapper1&gt;, exit status 3
14:59:59 INFO  Restarting mosquitto too frequently in the last 10 seconds. It was only up for 4 seconds
14:59:59 INFO  Delaying execution by 7 seconds
15:00:20 INFO  Executed sudo&lt;tedge_connect_c8y&gt;, exit status 0, duration 13 secs
15:00:21 INFO  Executed sudo&lt;tedge_connect_c8y_test&gt;, exit status 0
15:00:21 INFO  Executed systemctl&lt;serv_mosq2&gt;, exit status 0
15:00:22 INFO  Executed systemctl&lt;serv_mapper3&gt;, exit status 0
15:00:24 INFO  State of current operation: SUCCESSFUL
15:00:24 INFO  Assert that (False == value) with value=False ... passed
15:00:24 INFO  Assert that (False == value) with value=False ... passed
15:00:25 INFO  Assert that (False == value) with value=False ... passed
15:00:25 INFO  Package robotfindskitten is installed
15:00:25 WARN  Assert that (False == value) with value=True ... failed 
15:00:25 INFO  Response status: 201
15:00:25 INFO  Response to action: {
    "delivery": {
        "log": [],
        "time": "2022-07-22T15:00:25.568Z",
        "status": "PENDING"
    },
    "creationTime": "2022-07-22T15:00:25.541Z",
    "deviceId": "21278192",
    "deviceName": "m32sd10d",
    "self": "https://t493319102.eu-latest.cumulocity.com/devicecontrol/operations/21290342",
    "id": "21290342",
    "status": "PENDING",
    "description": "Apply software changes, triggered from PySys: [{'action': 'install', 'id': '5475369', 'name': 'asciijump', 'url': ' ', 'version': '::apt'}, {'action': 'install', 'id': '5474869', 'name': 'robotfindskitten', 'url': ' ', 'version': '::apt'}, {'action': 'install', 'id': '5475279', 'name': 'squirrel3', 'url': ' ', 'version': '::apt'}]",
    "c8y_SoftwareUpdate": [
        {
            "name": "asciijump",
            "action": "install",
            "id": "5475369",
            "version": "::apt",
            "url": " "
        },
        {
            "name": "robotfindskitten",
            "action": "install",
            "id": "5474869",
            "version": "::apt",
            "url": " "
        },
        {
            "name": "squirrel3",
            "action": "install",
            "id": "5475279",
            "version": "::apt",
            "url": " "
        }
    ]
}
15:00:25 INFO  Started operation: {'delivery': {'log': [], 'time': '2022-07-22T15:00:25.568Z', 'status': 'PENDING'}, 'creationTime': '2022-07-22T15:00:25.541Z', 'deviceId': '21278192', 'deviceName': 'm32sd10d', 'self': 'https://t493319102.eu-latest.cumulocity.com/devicecontrol/operations/21290342', 'id': '21290342', 'status': 'PENDING', 'description': "Apply software changes, triggered from PySys: [{'action': 'install', 'id': '5475369', 'name': 'asciijump', 'url': ' ', 'version': '::apt'}, {'action': 'install', 'id': '5474869', 'name': 'robotfindskitten', 'url': ' ', 'version': '::apt'}, {'action': 'install', 'id': '5475279', 'name': 'squirrel3', 'url': ' ', 'version': '::apt'}]", 'c8y_SoftwareUpdate': [{'name': 'asciijump', 'action': 'install', 'id': '5475369', 'version': '::apt', 'url': ' '}, {'name': 'robotfindskitten', 'action': 'install', 'id': '5474869', 'version': '::apt', 'url': ' '}, {'name': 'squirrel3', 'action': 'install', 'id': '5475279', 'version': '::apt', 'url': ' '}]}
15:00:27 INFO  State of operation 21290342 : PENDING
15:00:30 INFO  State of operation 21290342 : EXECUTING
15:00:32 INFO  State of operation 21290342 : EXECUTING
15:00:34 INFO  State of operation 21290342 : EXECUTING
15:00:36 INFO  State of operation 21290342 : EXECUTING
15:00:38 INFO  State of operation 21290342 : EXECUTING
15:00:41 INFO  State of operation 21290342 : EXECUTING
15:00:44 INFO  State of operation 21290342 : EXECUTING
15:00:47 INFO  State of operation 21290342 : EXECUTING
15:00:49 INFO  State of operation 21290342 : EXECUTING
15:00:51 INFO  State of operation 21290342 : EXECUTING
15:00:53 INFO  State of operation 21290342 : EXECUTING
15:00:56 INFO  State of operation 21290342 : EXECUTING
15:00:58 INFO  State of operation 21290342 : EXECUTING
15:01:00 INFO  State of operation 21290342 : EXECUTING
15:01:02 INFO  State of operation 21290342 : EXECUTING
15:01:05 INFO  State of operation 21290342 : EXECUTING
15:01:07 INFO  State of operation 21290342 : EXECUTING
15:01:10 INFO  State of operation 21290342 : EXECUTING
15:01:12 INFO  State of operation 21290342 : EXECUTING
15:01:14 INFO  State of operation 21290342 : EXECUTING
15:01:17 INFO  State of operation 21290342 : EXECUTING
15:01:19 INFO  State of operation 21290342 : EXECUTING
15:01:22 INFO  State of operation 21290342 : EXECUTING
15:01:24 INFO  State of operation 21290342 : EXECUTING
15:01:27 INFO  State of operation 21290342 : EXECUTING
15:01:29 INFO  State of operation 21290342 : EXECUTING
15:01:32 INFO  State of operation 21290342 : EXECUTING
15:01:34 INFO  State of operation 21290342 : EXECUTING
15:01:37 INFO  State of operation 21290342 : EXECUTING
15:01:39 INFO  State of operation 21290342 : EXECUTING
15:01:41 INFO  State of operation 21290342 : EXECUTING
15:01:43 INFO  State of operation 21290342 : EXECUTING
15:01:45 INFO  State of operation 21290342 : SUCCESSFUL
15:01:46 INFO  Assert that (False == value) with value=False ... passed
15:01:46 INFO  Package asciijump is installed
15:01:46 INFO  Assert that (True == value) with value=True ... passed
15:01:46 INFO  Package squirrel3 is installed
15:01:46 INFO  Assert that (True == value) with value=True ... passed
15:01:46 INFO  Package robotfindskitten is installed
15:01:46 INFO  Assert that (True == value) with value=True ... passed
15:01:47 INFO  Response status: 201
15:01:47 INFO  Response to action: {
    "delivery": {
        "log": [],
        "time": "2022-07-22T15:01:46.985Z",
        "status": "PENDING"
    },
    "creationTime": "2022-07-22T15:01:46.969Z",
    "deviceId": "21278192",
    "deviceName": "m32sd10d",
    "self": "https://t493319102.eu-latest.cumulocity.com/devicecontrol/operations/21290354",
    "id": "21290354",
    "status": "PENDING",
    "description": "Apply software changes, triggered from PySys: [{'action': 'delete', 'id': '5475369', 'name': 'asciijump', 'url': ' ', 'version': '::apt'}, {'action': 'delete', 'id': '5474869', 'name': 'robotfindskitten', 'url': ' ', 'version': '::apt'}, {'action': 'delete', 'id': '5475279', 'name': 'squirrel3', 'url': ' ', 'version': '::apt'}]",
    "c8y_SoftwareUpdate": [
        {
            "name": "asciijump",
            "action": "delete",
            "id": "5475369",
            "version": "::apt",
            "url": " "
        },
        {
            "name": "robotfindskitten",
            "action": "delete",
            "id": "5474869",
            "version": "::apt",
            "url": " "
        },
        {
            "name": "squirrel3",
            "action": "delete",
            "id": "5475279",
            "version": "::apt",
            "url": " "
        }
    ]
}
15:01:47 INFO  Started operation: {'delivery': {'log': [], 'time': '2022-07-22T15:01:46.985Z', 'status': 'PENDING'}, 'creationTime': '2022-07-22T15:01:46.969Z', 'deviceId': '21278192', 'deviceName': 'm32sd10d', 'self': 'https://t493319102.eu-latest.cumulocity.com/devicecontrol/operations/21290354', 'id': '21290354', 'status': 'PENDING', 'description': "Apply software changes, triggered from PySys: [{'action': 'delete', 'id': '5475369', 'name': 'asciijump', 'url': ' ', 'version': '::apt'}, {'action': 'delete', 'id': '5474869', 'name': 'robotfindskitten', 'url': ' ', 'version': '::apt'}, {'action': 'delete', 'id': '5475279', 'name': 'squirrel3', 'url': ' ', 'version': '::apt'}]", 'c8y_SoftwareUpdate': [{'name': 'asciijump', 'action': 'delete', 'id': '5475369', 'version': '::apt', 'url': ' '}, {'name': 'robotfindskitten', 'action': 'delete', 'id': '5474869', 'version': '::apt', 'url': ' '}, {'name': 'squirrel3', 'action': 'delete', 'id': '5475279', 'version': '::apt', 'url': ' '}]}
15:01:49 INFO  State of operation 21290354 : PENDING
15:01:51 INFO  State of operation 21290354 : EXECUTING
15:01:53 INFO  State of operation 21290354 : EXECUTING
15:01:55 INFO  State of operation 21290354 : EXECUTING
15:01:58 INFO  State of operation 21290354 : EXECUTING
15:02:00 INFO  State of operation 21290354 : EXECUTING
15:02:03 INFO  State of operation 21290354 : EXECUTING
15:02:06 INFO  State of operation 21290354 : EXECUTING
15:02:08 INFO  State of operation 21290354 : EXECUTING
15:02:10 INFO  State of operation 21290354 : EXECUTING
15:02:12 INFO  State of operation 21290354 : EXECUTING
15:02:15 INFO  State of operation 21290354 : EXECUTING
15:02:17 INFO  State of operation 21290354 : EXECUTING
15:02:19 INFO  State of operation 21290354 : EXECUTING
15:02:22 INFO  State of operation 21290354 : EXECUTING
15:02:24 INFO  State of operation 21290354 : EXECUTING
15:02:26 INFO  State of operation 21290354 : EXECUTING
15:02:29 INFO  State of operation 21290354 : EXECUTING
15:02:31 INFO  State of operation 21290354 : EXECUTING
15:02:33 INFO  State of operation 21290354 : EXECUTING
15:02:36 INFO  State of operation 21290354 : EXECUTING
15:02:38 INFO  State of operation 21290354 : EXECUTING
15:02:40 INFO  State of operation 21290354 : EXECUTING
15:02:42 INFO  State of operation 21290354 : EXECUTING
15:02:45 INFO  State of operation 21290354 : EXECUTING
15:02:48 INFO  State of operation 21290354 : EXECUTING
15:02:50 INFO  State of operation 21290354 : EXECUTING
15:02:52 INFO  State of operation 21290354 : SUCCESSFUL
15:02:52 INFO  Assert that (False == value) with value=False ... passed
15:02:52 INFO  Assert that (False == value) with value=False ... passed
15:02:53 INFO  Assert that (False == value) with value=False ... passed
15:02:53 INFO  Assert that (False == value) with value=False ... passed
15:02:53 INFO  
15:02:53 INFO  cleanup:
15:02:57 INFO  Executed sudo&lt;tedge_disconnect_c8y&gt;, exit status 0
15:02:57 INFO  Executed systemctl&lt;serv_mapper5&gt;, exit status 3
15:02:57 INFO  
15:02:57 INFO  Test duration: 178.89 secs
15:02:57 INFO  Test final outcome:  FAILED
15:02:57 INFO  Test outcome reason: Assert that (False == value) with value=True
15:02:57 INFO  
</system-out>
	</testcase>
<testcase classname="PySysTest" name="SoftwareManagement.sm_apt_install_remove_multiple">
		<failure message="FAILED: Assert that (False == value) with value=True (+2 other failures)" type="FAILED" />
		<system-out>15:26:30 INFO  ==============================================================
15:26:30 INFO  Id:    SoftwareManagement.sm_apt_install_remove_multiple
15:26:30 INFO  Dir:   software_management_end_to_end/
15:26:30 INFO  Title: Validate end to end behaviour for the apt plugin for multiple packages
15:26:30 INFO  ==============================================================
15:26:30 INFO  Using sw id database: {'asciijump': '5475369', 'robotfindskitten': '5474869', 'squirrel3': '5475279', 'rolldice': '5152439', 'moon-buggy': '5439204', 'apple': '5495053', 'banana': '5494888', 'cherry': '5495382', 'watermelon': '5494510', 'registry': '8018911', 'hello-world': '8021526', 'docker/getting-started': '8021973', 'alpine': '7991792'}
15:26:30 INFO  EnvironmentC8y Setup
15:26:31 INFO  Executed systemctl&lt;serv_mapper1&gt;, exit status 3
15:26:31 INFO  Restarting mosquitto too frequently in the last 10 seconds. It was only up for 5 seconds
15:26:31 INFO  Delaying execution by 6 seconds
15:26:51 INFO  Executed sudo&lt;tedge_connect_c8y&gt;, exit status 0, duration 13 secs
15:26:51 INFO  Executed sudo&lt;tedge_connect_c8y_test&gt;, exit status 0
15:26:52 INFO  Executed systemctl&lt;serv_mosq2&gt;, exit status 0
15:26:52 INFO  Executed systemctl&lt;serv_mapper3&gt;, exit status 0
15:26:54 INFO  State of current operation: SUCCESSFUL
15:26:55 INFO  Assert that (False == value) with value=False ... passed
15:26:55 INFO  Package asciijump is installed
15:26:55 WARN  Assert that (False == value) with value=True ... failed 
15:26:55 INFO  Package squirrel3 is installed
15:26:55 WARN  Assert that (False == value) with value=True ... failed 
15:26:56 INFO  Package robotfindskitten is installed
15:26:56 WARN  Assert that (False == value) with value=True ... failed 
15:26:56 INFO  Response status: 201
15:26:56 INFO  Response to action: {
    "creationTime": "2022-07-22T15:26:56.324Z",
    "deviceId": "21278192",
    "deviceName": "m32sd10d",
    "self": "https://t493319102.eu-latest.cumulocity.com/devicecontrol/operations/21290512",
    "id": "21290512",
    "status": "PENDING",
    "description": "Apply software changes, triggered from PySys: [{'action': 'install', 'id': '5475369', 'name': 'asciijump', 'url': ' ', 'version': '::apt'}, {'action': 'install', 'id': '5474869', 'name': 'robotfindskitten', 'url': ' ', 'version': '::apt'}, {'action': 'install', 'id': '5475279', 'name': 'squirrel3', 'url': ' ', 'version': '::apt'}]",
    "c8y_SoftwareUpdate": [
        {
            "name": "asciijump",
            "action": "install",
            "id": "5475369",
            "version": "::apt",
            "url": " "
        },
        {
            "name": "robotfindskitten",
            "action": "install",
            "id": "5474869",
            "version": "::apt",
            "url": " "
        },
        {
            "name": "squirrel3",
            "action": "install",
            "id": "5475279",
            "version": "::apt",
            "url": " "
        }
    ]
}
15:26:56 INFO  Started operation: {'creationTime': '2022-07-22T15:26:56.324Z', 'deviceId': '21278192', 'deviceName': 'm32sd10d', 'self': 'https://t493319102.eu-latest.cumulocity.com/devicecontrol/operations/21290512', 'id': '21290512', 'status': 'PENDING', 'description': "Apply software changes, triggered from PySys: [{'action': 'install', 'id': '5475369', 'name': 'asciijump', 'url': ' ', 'version': '::apt'}, {'action': 'install', 'id': '5474869', 'name': 'robotfindskitten', 'url': ' ', 'version': '::apt'}, {'action': 'install', 'id': '5475279', 'name': 'squirrel3', 'url': ' ', 'version': '::apt'}]", 'c8y_SoftwareUpdate': [{'name': 'asciijump', 'action': 'install', 'id': '5475369', 'version': '::apt', 'url': ' '}, {'name': 'robotfindskitten', 'action': 'install', 'id': '5474869', 'version': '::apt', 'url': ' '}, {'name': 'squirrel3', 'action': 'install', 'id': '5475279', 'version': '::apt', 'url': ' '}]}
15:26:58 INFO  State of operation 21290512 : PENDING
15:27:00 INFO  State of operation 21290512 : EXECUTING
15:27:03 INFO  State of operation 21290512 : EXECUTING
15:27:05 INFO  State of operation 21290512 : EXECUTING
15:27:07 INFO  State of operation 21290512 : EXECUTING
15:27:09 INFO  State of operation 21290512 : EXECUTING
15:27:12 INFO  State of operation 21290512 : EXECUTING
15:27:15 INFO  State of operation 21290512 : EXECUTING
15:27:17 INFO  State of operation 21290512 : EXECUTING
15:27:21 INFO  State of operation 21290512 : EXECUTING
15:27:23 INFO  State of operation 21290512 : EXECUTING
15:27:25 INFO  State of operation 21290512 : EXECUTING
15:27:27 INFO  State of operation 21290512 : EXECUTING
15:27:30 INFO  State of operation 21290512 : EXECUTING
15:27:32 INFO  State of operation 21290512 : SUCCESSFUL
15:27:32 INFO  Assert that (False == value) with value=False ... passed
15:27:32 INFO  Package asciijump is installed
15:27:32 INFO  Assert that (True == value) with value=True ... passed
15:27:32 INFO  Package squirrel3 is installed
15:27:32 INFO  Assert that (True == value) with value=True ... passed
15:27:33 INFO  Package robotfindskitten is installed
15:27:33 INFO  Assert that (True == value) with value=True ... passed
15:27:33 INFO  Response status: 201
15:27:33 INFO  Response to action: {
    "creationTime": "2022-07-22T15:27:33.353Z",
    "deviceId": "21278192",
    "deviceName": "m32sd10d",
    "self": "https://t493319102.eu-latest.cumulocity.com/devicecontrol/operations/21290523",
    "id": "21290523",
    "status": "PENDING",
    "description": "Apply software changes, triggered from PySys: [{'action': 'delete', 'id': '5475369', 'name': 'asciijump', 'url': ' ', 'version': '::apt'}, {'action': 'delete', 'id': '5474869', 'name': 'robotfindskitten', 'url': ' ', 'version': '::apt'}, {'action': 'delete', 'id': '5475279', 'name': 'squirrel3', 'url': ' ', 'version': '::apt'}]",
    "c8y_SoftwareUpdate": [
        {
            "name": "asciijump",
            "action": "delete",
            "id": "5475369",
            "version": "::apt",
            "url": " "
        },
        {
            "name": "robotfindskitten",
            "action": "delete",
            "id": "5474869",
            "version": "::apt",
            "url": " "
        },
        {
            "name": "squirrel3",
            "action": "delete",
            "id": "5475279",
            "version": "::apt",
            "url": " "
        }
    ]
}
15:27:33 INFO  Started operation: {'creationTime': '2022-07-22T15:27:33.353Z', 'deviceId': '21278192', 'deviceName': 'm32sd10d', 'self': 'https://t493319102.eu-latest.cumulocity.com/devicecontrol/operations/21290523', 'id': '21290523', 'status': 'PENDING', 'description': "Apply software changes, triggered from PySys: [{'action': 'delete', 'id': '5475369', 'name': 'asciijump', 'url': ' ', 'version': '::apt'}, {'action': 'delete', 'id': '5474869', 'name': 'robotfindskitten', 'url': ' ', 'version': '::apt'}, {'action': 'delete', 'id': '5475279', 'name': 'squirrel3', 'url': ' ', 'version': '::apt'}]", 'c8y_SoftwareUpdate': [{'name': 'asciijump', 'action': 'delete', 'id': '5475369', 'version': '::apt', 'url': ' '}, {'name': 'robotfindskitten', 'action': 'delete', 'id': '5474869', 'version': '::apt', 'url': ' '}, {'name': 'squirrel3', 'action': 'delete', 'id': '5475279', 'version': '::apt', 'url': ' '}]}
15:27:35 INFO  State of operation 21290523 : PENDING
15:27:37 INFO  State of operation 21290523 : EXECUTING
15:27:40 INFO  State of operation 21290523 : EXECUTING
15:27:42 INFO  State of operation 21290523 : EXECUTING
15:27:44 INFO  State of operation 21290523 : EXECUTING
15:27:46 INFO  State of operation 21290523 : EXECUTING
15:27:49 INFO  State of operation 21290523 : EXECUTING
15:27:52 INFO  State of operation 21290523 : EXECUTING
15:27:54 INFO  State of operation 21290523 : EXECUTING
15:27:56 INFO  State of operation 21290523 : EXECUTING
15:28:00 INFO  State of operation 21290523 : EXECUTING
15:28:02 INFO  State of operation 21290523 : EXECUTING
15:28:04 INFO  State of operation 21290523 : EXECUTING
15:28:06 INFO  State of operation 21290523 : EXECUTING
15:28:09 INFO  State of operation 21290523 : EXECUTING
15:28:11 INFO  State of operation 21290523 : EXECUTING
15:28:13 INFO  State of operation 21290523 : EXECUTING
15:28:16 INFO  State of operation 21290523 : EXECUTING
15:28:18 INFO  State of operation 21290523 : EXECUTING
15:28:20 INFO  State of operation 21290523 : EXECUTING
15:28:23 INFO  State of operation 21290523 : EXECUTING
15:28:25 INFO  State of operation 21290523 : EXECUTING
15:28:27 INFO  State of operation 21290523 : EXECUTING
15:28:29 INFO  State of operation 21290523 : EXECUTING
15:28:32 INFO  State of operation 21290523 : EXECUTING
15:28:34 INFO  State of operation 21290523 : EXECUTING
15:28:37 INFO  State of operation 21290523 : EXECUTING
15:28:39 INFO  State of operation 21290523 : EXECUTING
15:28:41 INFO  State of operation 21290523 : SUCCESSFUL
15:28:41 INFO  Assert that (False == value) with value=False ... passed
15:28:42 INFO  Assert that (False == value) with value=False ... passed
15:28:42 INFO  Assert that (False == value) with value=False ... passed
15:28:42 INFO  Assert that (False == value) with value=False ... passed
15:28:42 INFO  
15:28:42 INFO  cleanup:
15:28:46 INFO  Executed sudo&lt;tedge_disconnect_c8y&gt;, exit status 0
15:28:47 INFO  Executed systemctl&lt;serv_mapper5&gt;, exit status 3
15:28:47 INFO  
15:28:47 INFO  Test duration: 136.84 secs
15:28:47 INFO  Test final outcome:  FAILED
15:28:47 INFO  Test outcome reason: Assert that (False == value) with value=True (+2 other failures)
15:28:47 INFO  
</system-out>
	</testcase>
</testsuite><testsuite name="SoftwareManagement.sm_apt_install_remove_multiple_mixed" tests="3" errors="0" failures="2" skipped="1" time="0"><testcase classname="PySysTest" name="SoftwareManagement.sm_apt_install_remove_multiple_mixed">
		<skipped message="SKIPPED: Testing the apt plugin is not supported on this platform.Use parameter -XmyPlatform='container' to enable it" />
		<system-out>14:28:13 INFO  ==============================================================
14:28:13 INFO  Id:    SoftwareManagement.sm_apt_install_remove_multiple_mixed
14:28:13 INFO  Dir:   software_management_end_to_end/
14:28:13 INFO  Title: Validate end to end behaviour for the apt plugin for multiple packages with mixed versions
14:28:13 INFO  ==============================================================
14:28:13 INFO  Testing the apt plugin is not supported on this platform.Use parameter -XmyPlatform='container' to enable it ... skipped
14:28:13 WARN  Aborted test due to SKIPPED outcome
14:28:13 INFO  
14:28:13 INFO  Test duration: 0.02 secs
14:28:13 INFO  Test final outcome:  SKIPPED
14:28:13 INFO  Test outcome reason: Testing the apt plugin is not supported on this platform.Use parameter -XmyPlatform='container' to enable it
14:28:13 INFO  
</system-out>
	</testcase>
<testcase classname="PySysTest" name="SoftwareManagement.sm_apt_install_remove_multiple_mixed">
		<failure message="BLOCKED: SystemError: Timeout while waiting for status SUCCESSFUL or False" type="BLOCKED" />
		<system-out>15:02:58 INFO  ==============================================================
15:02:58 INFO  Id:    SoftwareManagement.sm_apt_install_remove_multiple_mixed
15:02:58 INFO  Dir:   software_management_end_to_end/
15:02:58 INFO  Title: Validate end to end behaviour for the apt plugin for multiple packages with mixed versions
15:02:58 INFO  ==============================================================
15:02:58 INFO  Using sw id database: {'asciijump': '5475369', 'robotfindskitten': '5474869', 'squirrel3': '5475279', 'rolldice': '5152439', 'moon-buggy': '5439204', 'apple': '5495053', 'banana': '5494888', 'cherry': '5495382', 'watermelon': '5494510', 'registry': '8018911', 'hello-world': '8021526', 'docker/getting-started': '8021973', 'alpine': '7991792'}
15:02:58 INFO  EnvironmentC8y Setup
15:02:58 INFO  Executed systemctl&lt;serv_mapper1&gt;, exit status 3
15:02:58 INFO  Restarting mosquitto too frequently in the last 10 seconds. It was only up for 4 seconds
15:02:58 INFO  Delaying execution by 7 seconds
15:03:19 INFO  Executed sudo&lt;tedge_connect_c8y&gt;, exit status 0, duration 13 secs
15:03:20 INFO  Executed sudo&lt;tedge_connect_c8y_test&gt;, exit status 0
15:03:20 INFO  Executed systemctl&lt;serv_mosq2&gt;, exit status 0
15:03:21 INFO  Executed systemctl&lt;serv_mapper3&gt;, exit status 0
15:03:23 INFO  State of current operation: SUCCESSFUL
15:03:23 INFO  Assert that (False == value) with value=False ... passed
15:03:23 INFO  Assert that (False == value) with value=False ... passed
15:03:24 INFO  Assert that (False == value) with value=False ... passed
15:03:24 INFO  Assert that (False == value) with value=False ... passed
15:03:24 INFO  Assert that (False == value) with value=False ... passed
15:03:25 INFO  Response status: 201
15:03:25 INFO  Response to action: {
    "creationTime": "2022-07-22T15:03:25.716Z",
    "deviceId": "21278192",
    "deviceName": "m32sd10d",
    "self": "https://t493319102.eu-latest.cumulocity.com/devicecontrol/operations/21290365",
    "id": "21290365",
    "status": "PENDING",
    "description": "Apply software changes, triggered from PySys: [{'action': 'install', 'id': '5475369', 'name': 'asciijump', 'url': ' ', 'version': '::apt'}, {'action': 'install', 'id': '5474869', 'name': 'robotfindskitten', 'url': ' ', 'version': ' '}, {'action': 'install', 'id': '5475279', 'name': 'squirrel3', 'url': ' ', 'version': '3.1-7::apt'}, {'action': 'install', 'id': '5152439', 'name': 'rolldice', 'url': ' ', 'version': '1.16-1+b1'}, {'action': 'install', 'id': '5439204', 'name': 'moon-buggy', 'url': ' ', 'version': '1:1.0.51-12'}, {'action': 'install', 'id': '5475369', 'name': 'asciijump', 'url': ' ', 'version': '::apt'}]",
    "c8y_SoftwareUpdate": [
        {
            "name": "asciijump",
            "action": "install",
            "id": "5475369",
            "version": "::apt",
            "url": " "
        },
        {
            "name": "robotfindskitten",
            "action": "install",
            "id": "5474869",
            "version": " ",
            "url": " "
        },
        {
            "name": "squirrel3",
            "action": "install",
            "id": "5475279",
            "version": "3.1-7::apt",
            "url": " "
        },
        {
            "name": "rolldice",
            "action": "install",
            "id": "5152439",
            "version": "1.16-1+b1",
            "url": " "
        },
        {
            "name": "moon-buggy",
            "action": "install",
            "id": "5439204",
            "version": "1:1.0.51-12",
            "url": " "
        },
        {
            "name": "asciijump",
            "action": "install",
            "id": "5475369",
            "version": "::apt",
            "url": " "
        }
    ]
}
15:03:25 INFO  Started operation: {'creationTime': '2022-07-22T15:03:25.716Z', 'deviceId': '21278192', 'deviceName': 'm32sd10d', 'self': 'https://t493319102.eu-latest.cumulocity.com/devicecontrol/operations/21290365', 'id': '21290365', 'status': 'PENDING', 'description': "Apply software changes, triggered from PySys: [{'action': 'install', 'id': '5475369', 'name': 'asciijump', 'url': ' ', 'version': '::apt'}, {'action': 'install', 'id': '5474869', 'name': 'robotfindskitten', 'url': ' ', 'version': ' '}, {'action': 'install', 'id': '5475279', 'name': 'squirrel3', 'url': ' ', 'version': '3.1-7::apt'}, {'action': 'install', 'id': '5152439', 'name': 'rolldice', 'url': ' ', 'version': '1.16-1+b1'}, {'action': 'install', 'id': '5439204', 'name': 'moon-buggy', 'url': ' ', 'version': '1:1.0.51-12'}, {'action': 'install', 'id': '5475369', 'name': 'asciijump', 'url': ' ', 'version': '::apt'}]", 'c8y_SoftwareUpdate': [{'name': 'asciijump', 'action': 'install', 'id': '5475369', 'version': '::apt', 'url': ' '}, {'name': 'robotfindskitten', 'action': 'install', 'id': '5474869', 'version': ' ', 'url': ' '}, {'name': 'squirrel3', 'action': 'install', 'id': '5475279', 'version': '3.1-7::apt', 'url': ' '}, {'name': 'rolldice', 'action': 'install', 'id': '5152439', 'version': '1.16-1+b1', 'url': ' '}, {'name': 'moon-buggy', 'action': 'install', 'id': '5439204', 'version': '1:1.0.51-12', 'url': ' '}, {'name': 'asciijump', 'action': 'install', 'id': '5475369', 'version': '::apt', 'url': ' '}]}
15:03:28 INFO  State of operation 21290365 : PENDING
15:03:30 INFO  State of operation 21290365 : EXECUTING
15:03:32 INFO  State of operation 21290365 : EXECUTING
15:03:34 INFO  State of operation 21290365 : EXECUTING
15:03:37 INFO  State of operation 21290365 : EXECUTING
15:03:39 INFO  State of operation 21290365 : EXECUTING
15:03:42 INFO  State of operation 21290365 : EXECUTING
15:03:44 INFO  State of operation 21290365 : EXECUTING
15:03:47 INFO  State of operation 21290365 : EXECUTING
15:03:49 INFO  State of operation 21290365 : EXECUTING
15:03:52 INFO  State of operation 21290365 : EXECUTING
15:03:54 INFO  State of operation 21290365 : EXECUTING
15:03:56 INFO  State of operation 21290365 : EXECUTING
15:03:58 INFO  State of operation 21290365 : EXECUTING
15:04:01 INFO  State of operation 21290365 : EXECUTING
15:04:03 INFO  State of operation 21290365 : EXECUTING
15:04:05 INFO  State of operation 21290365 : EXECUTING
15:04:08 INFO  State of operation 21290365 : EXECUTING
15:04:10 INFO  State of operation 21290365 : EXECUTING
15:04:12 INFO  State of operation 21290365 : EXECUTING
15:04:15 INFO  State of operation 21290365 : EXECUTING
15:04:17 INFO  State of operation 21290365 : EXECUTING
15:04:20 INFO  State of operation 21290365 : EXECUTING
15:04:22 INFO  State of operation 21290365 : EXECUTING
15:04:25 INFO  State of operation 21290365 : EXECUTING
15:04:27 INFO  State of operation 21290365 : EXECUTING
15:04:30 INFO  State of operation 21290365 : EXECUTING
15:04:32 INFO  State of operation 21290365 : EXECUTING
15:04:35 INFO  State of operation 21290365 : EXECUTING
15:04:37 INFO  State of operation 21290365 : EXECUTING
15:04:39 INFO  State of operation 21290365 : EXECUTING
15:04:41 INFO  State of operation 21290365 : EXECUTING
15:04:44 INFO  State of operation 21290365 : EXECUTING
15:04:46 INFO  State of operation 21290365 : EXECUTING
15:04:48 INFO  State of operation 21290365 : EXECUTING
15:04:50 INFO  State of operation 21290365 : EXECUTING
15:04:53 INFO  State of operation 21290365 : EXECUTING
15:04:55 INFO  State of operation 21290365 : EXECUTING
15:04:58 INFO  State of operation 21290365 : EXECUTING
15:05:00 INFO  State of operation 21290365 : EXECUTING
15:05:03 INFO  State of operation 21290365 : EXECUTING
15:05:05 INFO  State of operation 21290365 : EXECUTING
15:05:07 INFO  State of operation 21290365 : EXECUTING
15:05:09 INFO  State of operation 21290365 : EXECUTING
15:05:12 INFO  State of operation 21290365 : EXECUTING
15:05:14 INFO  State of operation 21290365 : EXECUTING
15:05:16 INFO  State of operation 21290365 : EXECUTING
15:05:18 INFO  State of operation 21290365 : EXECUTING
15:05:21 INFO  State of operation 21290365 : EXECUTING
15:05:23 INFO  State of operation 21290365 : EXECUTING
15:05:26 INFO  State of operation 21290365 : EXECUTING
15:05:28 INFO  State of operation 21290365 : EXECUTING
15:05:31 INFO  State of operation 21290365 : EXECUTING
15:05:33 INFO  State of operation 21290365 : EXECUTING
15:05:36 INFO  State of operation 21290365 : EXECUTING
15:05:38 INFO  State of operation 21290365 : EXECUTING
15:05:41 INFO  State of operation 21290365 : EXECUTING
15:05:43 INFO  State of operation 21290365 : EXECUTING
15:05:46 INFO  State of operation 21290365 : EXECUTING
15:05:48 INFO  State of operation 21290365 : EXECUTING
15:05:51 INFO  State of operation 21290365 : EXECUTING
15:05:53 WARN  SystemError occurred while running test - Timeout while waiting for status SUCCESSFUL or False
Traceback (most recent call last):
  File "/home/pi/env-pysys/lib/python3.7/site-packages/pysys/baserunner.py", line 1294, in __call__
    self.testObj.execute()
  File "/home/pi/actions-runner/_work/thin-edge.io/thin-edge.io/tests/PySys/software_management_end_to_end/sm_apt_install_remove_multiple_mixed/run.py", line 89, in execute
    self.wait_until_succcess()
  File "/home/pi/actions-runner/_work/thin-edge.io/thin-edge.io/tests/PySys/software_management_end_to_end/environment_sm_management.py", line 324, in wait_until_succcess
    self.wait_until_status("SUCCESSFUL")
  File "/home/pi/actions-runner/_work/thin-edge.io/thin-edge.io/tests/PySys/software_management_end_to_end/environment_sm_management.py", line 381, in wait_until_status
    "Timeout while waiting for status %s or %s" % (status, status2)
SystemError: Timeout while waiting for status SUCCESSFUL or False
15:05:53 WARN  SystemError: Timeout while waiting for status SUCCESSFUL or False ... blocked 
15:05:53 INFO  
15:05:53 INFO  cleanup:
15:05:57 INFO  Executed sudo&lt;tedge_disconnect_c8y&gt;, exit status 0
15:05:58 INFO  Executed systemctl&lt;serv_mapper5&gt;, exit status 3
15:05:58 INFO  
15:05:58 INFO  Test duration: 180.19 secs
15:05:58 INFO  Test final outcome:  BLOCKED
15:05:58 INFO  Test outcome reason: SystemError: Timeout while waiting for status SUCCESSFUL or False
15:05:58 INFO  
</system-out>
	</testcase>
<testcase classname="PySysTest" name="SoftwareManagement.sm_apt_install_remove_multiple_mixed">
		<failure message="BLOCKED: SystemError: Timeout while waiting for status SUCCESSFUL or False (+1 other failures)" type="BLOCKED" />
		<system-out>15:28:47 INFO  ==============================================================
15:28:47 INFO  Id:    SoftwareManagement.sm_apt_install_remove_multiple_mixed
15:28:47 INFO  Dir:   software_management_end_to_end/
15:28:47 INFO  Title: Validate end to end behaviour for the apt plugin for multiple packages with mixed versions
15:28:47 INFO  ==============================================================
15:28:47 INFO  Using sw id database: {'asciijump': '5475369', 'robotfindskitten': '5474869', 'squirrel3': '5475279', 'rolldice': '5152439', 'moon-buggy': '5439204', 'apple': '5495053', 'banana': '5494888', 'cherry': '5495382', 'watermelon': '5494510', 'registry': '8018911', 'hello-world': '8021526', 'docker/getting-started': '8021973', 'alpine': '7991792'}
15:28:47 INFO  EnvironmentC8y Setup
15:28:47 INFO  Executed systemctl&lt;serv_mapper1&gt;, exit status 3
15:28:48 INFO  Restarting mosquitto too frequently in the last 10 seconds. It was only up for 4 seconds
15:28:48 INFO  Delaying execution by 7 seconds
15:29:08 INFO  Executed sudo&lt;tedge_connect_c8y&gt;, exit status 0, duration 13 secs
15:29:09 INFO  Executed sudo&lt;tedge_connect_c8y_test&gt;, exit status 0
15:29:09 INFO  Executed systemctl&lt;serv_mosq2&gt;, exit status 0
15:29:10 INFO  Executed systemctl&lt;serv_mapper3&gt;, exit status 0
15:29:12 INFO  State of current operation: SUCCESSFUL
15:29:12 INFO  Assert that (False == value) with value=False ... passed
15:29:12 INFO  Assert that (False == value) with value=False ... passed
15:29:13 INFO  Assert that (False == value) with value=False ... passed
15:29:13 INFO  Assert that (False == value) with value=False ... passed
15:29:13 INFO  Package moon-buggy is installed
15:29:13 WARN  Assert that (False == value) with value=True ... failed 
15:29:14 INFO  Response status: 201
15:29:14 INFO  Response to action: {
    "creationTime": "2022-07-22T15:29:14.901Z",
    "deviceId": "21278192",
    "deviceName": "m32sd10d",
    "self": "https://t493319102.eu-latest.cumulocity.com/devicecontrol/operations/21290536",
    "id": "21290536",
    "status": "PENDING",
    "description": "Apply software changes, triggered from PySys: [{'action': 'install', 'id': '5475369', 'name': 'asciijump', 'url': ' ', 'version': '::apt'}, {'action': 'install', 'id': '5474869', 'name': 'robotfindskitten', 'url': ' ', 'version': ' '}, {'action': 'install', 'id': '5475279', 'name': 'squirrel3', 'url': ' ', 'version': '3.1-7::apt'}, {'action': 'install', 'id': '5152439', 'name': 'rolldice', 'url': ' ', 'version': '1.16-1+b1'}, {'action': 'install', 'id': '5439204', 'name': 'moon-buggy', 'url': ' ', 'version': '1:1.0.51-12'}, {'action': 'install', 'id': '5475369', 'name': 'asciijump', 'url': ' ', 'version': '::apt'}]",
    "c8y_SoftwareUpdate": [
        {
            "name": "asciijump",
            "action": "install",
            "id": "5475369",
            "version": "::apt",
            "url": " "
        },
        {
            "name": "robotfindskitten",
            "action": "install",
            "id": "5474869",
            "version": " ",
            "url": " "
        },
        {
            "name": "squirrel3",
            "action": "install",
            "id": "5475279",
            "version": "3.1-7::apt",
            "url": " "
        },
        {
            "name": "rolldice",
            "action": "install",
            "id": "5152439",
            "version": "1.16-1+b1",
            "url": " "
        },
        {
            "name": "moon-buggy",
            "action": "install",
            "id": "5439204",
            "version": "1:1.0.51-12",
            "url": " "
        },
        {
            "name": "asciijump",
            "action": "install",
            "id": "5475369",
            "version": "::apt",
            "url": " "
        }
    ]
}
15:29:14 INFO  Started operation: {'creationTime': '2022-07-22T15:29:14.901Z', 'deviceId': '21278192', 'deviceName': 'm32sd10d', 'self': 'https://t493319102.eu-latest.cumulocity.com/devicecontrol/operations/21290536', 'id': '21290536', 'status': 'PENDING', 'description': "Apply software changes, triggered from PySys: [{'action': 'install', 'id': '5475369', 'name': 'asciijump', 'url': ' ', 'version': '::apt'}, {'action': 'install', 'id': '5474869', 'name': 'robotfindskitten', 'url': ' ', 'version': ' '}, {'action': 'install', 'id': '5475279', 'name': 'squirrel3', 'url': ' ', 'version': '3.1-7::apt'}, {'action': 'install', 'id': '5152439', 'name': 'rolldice', 'url': ' ', 'version': '1.16-1+b1'}, {'action': 'install', 'id': '5439204', 'name': 'moon-buggy', 'url': ' ', 'version': '1:1.0.51-12'}, {'action': 'install', 'id': '5475369', 'name': 'asciijump', 'url': ' ', 'version': '::apt'}]", 'c8y_SoftwareUpdate': [{'name': 'asciijump', 'action': 'install', 'id': '5475369', 'version': '::apt', 'url': ' '}, {'name': 'robotfindskitten', 'action': 'install', 'id': '5474869', 'version': ' ', 'url': ' '}, {'name': 'squirrel3', 'action': 'install', 'id': '5475279', 'version': '3.1-7::apt', 'url': ' '}, {'name': 'rolldice', 'action': 'install', 'id': '5152439', 'version': '1.16-1+b1', 'url': ' '}, {'name': 'moon-buggy', 'action': 'install', 'id': '5439204', 'version': '1:1.0.51-12', 'url': ' '}, {'name': 'asciijump', 'action': 'install', 'id': '5475369', 'version': '::apt', 'url': ' '}]}
15:29:17 INFO  State of operation 21290536 : PENDING
15:29:19 INFO  State of operation 21290536 : EXECUTING
15:29:21 INFO  State of operation 21290536 : EXECUTING
15:29:23 INFO  State of operation 21290536 : EXECUTING
15:29:26 INFO  State of operation 21290536 : EXECUTING
15:29:28 INFO  State of operation 21290536 : EXECUTING
15:29:31 INFO  State of operation 21290536 : EXECUTING
15:29:33 INFO  State of operation 21290536 : EXECUTING
15:29:36 INFO  State of operation 21290536 : EXECUTING
15:29:38 INFO  State of operation 21290536 : EXECUTING
15:29:41 INFO  State of operation 21290536 : EXECUTING
15:29:43 INFO  State of operation 21290536 : EXECUTING
15:29:45 INFO  State of operation 21290536 : EXECUTING
15:29:47 INFO  State of operation 21290536 : EXECUTING
15:29:49 INFO  State of operation 21290536 : EXECUTING
15:29:52 INFO  State of operation 21290536 : EXECUTING
15:29:54 INFO  State of operation 21290536 : EXECUTING
15:29:57 INFO  State of operation 21290536 : EXECUTING
15:29:59 INFO  State of operation 21290536 : EXECUTING
15:30:01 INFO  State of operation 21290536 : EXECUTING
15:30:04 INFO  State of operation 21290536 : EXECUTING
15:30:06 INFO  State of operation 21290536 : EXECUTING
15:30:09 INFO  State of operation 21290536 : EXECUTING
15:30:11 INFO  State of operation 21290536 : EXECUTING
15:30:14 INFO  State of operation 21290536 : EXECUTING
15:30:16 INFO  State of operation 21290536 : EXECUTING
15:30:18 INFO  State of operation 21290536 : EXECUTING
15:30:21 INFO  State of operation 21290536 : EXECUTING
15:30:23 INFO  State of operation 21290536 : EXECUTING
15:30:25 INFO  State of operation 21290536 : EXECUTING
15:30:28 INFO  State of operation 21290536 : EXECUTING
15:30:30 INFO  State of operation 21290536 : EXECUTING
15:30:32 INFO  State of operation 21290536 : EXECUTING
15:30:34 INFO  State of operation 21290536 : EXECUTING
15:30:36 INFO  State of operation 21290536 : EXECUTING
15:30:39 INFO  State of operation 21290536 : EXECUTING
15:30:41 INFO  State of operation 21290536 : EXECUTING
15:30:44 INFO  State of operation 21290536 : EXECUTING
15:30:47 INFO  State of operation 21290536 : EXECUTING
15:30:49 INFO  State of operation 21290536 : EXECUTING
15:30:51 INFO  State of operation 21290536 : EXECUTING
15:30:53 INFO  State of operation 21290536 : EXECUTING
15:30:56 INFO  State of operation 21290536 : EXECUTING
15:30:58 INFO  State of operation 21290536 : EXECUTING
15:31:00 INFO  State of operation 21290536 : EXECUTING
15:31:02 INFO  State of operation 21290536 : EXECUTING
15:31:05 INFO  State of operation 21290536 : EXECUTING
15:31:07 INFO  State of operation 21290536 : EXECUTING
15:31:10 INFO  State of operation 21290536 : EXECUTING
15:31:12 INFO  State of operation 21290536 : EXECUTING
15:31:14 INFO  State of operation 21290536 : EXECUTING
15:31:17 INFO  State of operation 21290536 : EXECUTING
15:31:19 INFO  State of operation 21290536 : EXECUTING
15:31:21 INFO  State of operation 21290536 : EXECUTING
15:31:24 INFO  State of operation 21290536 : EXECUTING
15:31:26 INFO  State of operation 21290536 : EXECUTING
15:31:29 INFO  State of operation 21290536 : EXECUTING
15:31:31 INFO  State of operation 21290536 : EXECUTING
15:31:33 INFO  State of operation 21290536 : EXECUTING
15:31:36 INFO  State of operation 21290536 : EXECUTING
15:31:38 INFO  State of operation 21290536 : EXECUTING
15:31:40 WARN  SystemError occurred while running test - Timeout while waiting for status SUCCESSFUL or False
Traceback (most recent call last):
  File "/home/pi/env-pysys/lib/python3.7/site-packages/pysys/baserunner.py", line 1294, in __call__
    self.testObj.execute()
  File "/home/pi/actions-runner/_work/thin-edge.io/thin-edge.io/tests/PySys/software_management_end_to_end/sm_apt_install_remove_multiple_mixed/run.py", line 89, in execute
    self.wait_until_succcess()
  File "/home/pi/actions-runner/_work/thin-edge.io/thin-edge.io/tests/PySys/software_management_end_to_end/environment_sm_management.py", line 324, in wait_until_succcess
    self.wait_until_status("SUCCESSFUL")
  File "/home/pi/actions-runner/_work/thin-edge.io/thin-edge.io/tests/PySys/software_management_end_to_end/environment_sm_management.py", line 381, in wait_until_status
    "Timeout while waiting for status %s or %s" % (status, status2)
SystemError: Timeout while waiting for status SUCCESSFUL or False
15:31:40 WARN  SystemError: Timeout while waiting for status SUCCESSFUL or False ... blocked 
15:31:40 INFO  
15:31:40 INFO  cleanup:
15:31:44 INFO  Executed sudo&lt;tedge_disconnect_c8y&gt;, exit status 0
15:31:45 INFO  Executed systemctl&lt;serv_mapper5&gt;, exit status 3
15:31:45 INFO  
15:31:45 INFO  Test duration: 178.11 secs
15:31:45 INFO  Test final outcome:  BLOCKED
15:31:45 INFO  Test outcome reason: SystemError: Timeout while waiting for status SUCCESSFUL or False (+1 other failures)
15:31:45 INFO  
</system-out>
	</testcase>
</testsuite><testsuite name="SoftwareManagement.sm_apt_install_remove_with_version" tests="3" errors="0" failures="0" skipped="1" time="0"><testcase classname="PySysTest" name="SoftwareManagement.sm_apt_install_remove_with_version">
		<skipped message="SKIPPED: Testing the apt plugin is not supported on this platform.Use parameter -XmyPlatform='container' to enable it" />
		<system-out>14:28:13 INFO  ==============================================================
14:28:13 INFO  Id:    SoftwareManagement.sm_apt_install_remove_with_version
14:28:13 INFO  Dir:   software_management_end_to_end/
14:28:13 INFO  Title: Validate end to end behaviour for the apt plugin for packages with version
14:28:13 INFO  ==============================================================
14:28:13 INFO  Testing the apt plugin is not supported on this platform.Use parameter -XmyPlatform='container' to enable it ... skipped
14:28:13 WARN  Aborted test due to SKIPPED outcome
14:28:13 INFO  
14:28:13 INFO  Test duration: 0.02 secs
14:28:13 INFO  Test final outcome:  SKIPPED
14:28:13 INFO  Test outcome reason: Testing the apt plugin is not supported on this platform.Use parameter -XmyPlatform='container' to enable it
14:28:13 INFO  
</system-out>
	</testcase>
<testcase classname="PySysTest" name="SoftwareManagement.sm_apt_install_remove_with_version" />
<testcase classname="PySysTest" name="SoftwareManagement.sm_apt_install_remove_with_version" />
</testsuite><testsuite name="SoftwareManagement.sm_docker_install_remove_multiple" tests="3" errors="0" failures="0" skipped="1" time="0"><testcase classname="SMDockerInstallRemove" name="SoftwareManagement.sm_docker_install_remove_multiple">
		<skipped message="SKIPPED: Testing the apt plugin is not supported on this platform.Use parameter -XmyPlatform='container' to enable it" />
		<system-out>14:28:13 INFO  ==============================================================
14:28:13 INFO  Id:    SoftwareManagement.sm_docker_install_remove_multiple
14:28:13 INFO  Dir:   software_management_end_to_end/
14:28:13 INFO  Title: Validate end to end behaviour for the docker plugin for multiple docker images with mixed versions
14:28:13 INFO  ==============================================================
14:28:13 INFO  Testing the apt plugin is not supported on this platform.Use parameter -XmyPlatform='container' to enable it ... skipped
14:28:13 WARN  Aborted test due to SKIPPED outcome
14:28:13 INFO  
14:28:13 INFO  Test duration: 0.02 secs
14:28:13 INFO  Test final outcome:  SKIPPED
14:28:13 INFO  Test outcome reason: Testing the apt plugin is not supported on this platform.Use parameter -XmyPlatform='container' to enable it
14:28:13 INFO  
</system-out>
	</testcase>
<testcase classname="SMDockerInstallRemove" name="SoftwareManagement.sm_docker_install_remove_multiple" />
<testcase classname="SMDockerInstallRemove" name="SoftwareManagement.sm_docker_install_remove_multiple" />
</testsuite><testsuite name="SoftwareManagement.sm_fake_install_remove" tests="2" errors="0" failures="0" skipped="1" time="0"><testcase classname="PySysTest" name="SoftwareManagement.sm_fake_install_remove">
		<skipped message="SKIPPED: Testing the fake plugin is not enabled.Use parameter -Xfakeplugin=fakeplugin to enable it" />
		<system-out>14:28:13 INFO  ==============================================================
14:28:13 INFO  Id:    SoftwareManagement.sm_fake_install_remove
14:28:13 INFO  Dir:   software_management_end_to_end/
14:28:13 INFO  Title: Validate end to end behaviour for the dummy plugin for installation and removal of packages
14:28:13 INFO  ==============================================================
14:28:13 INFO  Testing the fake plugin is not enabled.Use parameter -Xfakeplugin=fakeplugin to enable it ... skipped
14:28:13 WARN  Aborted test due to SKIPPED outcome
14:28:13 INFO  
14:28:13 INFO  Test duration: 0.02 secs
14:28:13 INFO  Test final outcome:  SKIPPED
14:28:13 INFO  Test outcome reason: Testing the fake plugin is not enabled.Use parameter -Xfakeplugin=fakeplugin to enable it
14:28:13 INFO  
</system-out>
	</testcase>
<testcase classname="PySysTest" name="SoftwareManagement.sm_fake_install_remove" />
</testsuite><testsuite name="SoftwareManagement.sm_fake_install_remove_multiple" tests="2" errors="0" failures="0" skipped="1" time="0"><testcase classname="PySysTest" name="SoftwareManagement.sm_fake_install_remove_multiple">
		<skipped message="SKIPPED: Testing the fake plugin is not enabled.Use parameter -Xfakeplugin=fakeplugin to enable it" />
		<system-out>14:28:13 INFO  ==============================================================
14:28:13 INFO  Id:    SoftwareManagement.sm_fake_install_remove_multiple
14:28:13 INFO  Dir:   software_management_end_to_end/
14:28:13 INFO  Title: Validate end to end behaviour for the dummy-plugin for multiple packages
14:28:13 INFO  ==============================================================
14:28:13 INFO  Testing the fake plugin is not enabled.Use parameter -Xfakeplugin=fakeplugin to enable it ... skipped
14:28:13 WARN  Aborted test due to SKIPPED outcome
14:28:13 INFO  
14:28:13 INFO  Test duration: 0.02 secs
14:28:13 INFO  Test final outcome:  SKIPPED
14:28:13 INFO  Test outcome reason: Testing the fake plugin is not enabled.Use parameter -Xfakeplugin=fakeplugin to enable it
14:28:13 INFO  
</system-out>
	</testcase>
<testcase classname="PySysTest" name="SoftwareManagement.sm_fake_install_remove_multiple" />
</testsuite><testsuite name="SoftwareManagement.sm_mapper_fail_and_reconnect" tests="2" errors="0" failures="0" skipped="2" time="0"><testcase classname="MapperC8yReceiveLastMessageOnRestart" name="SoftwareManagement.sm_mapper_fail_and_reconnect">
		<skipped message="SKIPPED: instable https://github.com/thin-edge/thin-edge.io/issues/752" />
		<system-out>14:28:13 INFO  ==============================================================
14:28:13 INFO  Id:    SoftwareManagement.sm_mapper_fail_and_reconnect
14:28:13 INFO  Dir:   software_management_end_to_end/
14:28:13 INFO  Title: Validate the tedge-mapper-sm-c8y for receiving the last message on restart
14:28:13 INFO  ==============================================================
14:28:13 INFO  instable https://github.com/thin-edge/thin-edge.io/issues/752 ... skipped
14:28:13 INFO  
14:28:13 INFO  Test duration: 0.02 secs
14:28:13 INFO  Test final outcome:  SKIPPED
14:28:13 INFO  Test outcome reason: instable https://github.com/thin-edge/thin-edge.io/issues/752
14:28:13 INFO  
</system-out>
	</testcase>
<testcase classname="MapperC8yReceiveLastMessageOnRestart" name="SoftwareManagement.sm_mapper_fail_and_reconnect">
		<skipped message="SKIPPED: instable https://github.com/thin-edge/thin-edge.io/issues/752" />
		<system-out>15:38:25 INFO  ==============================================================
15:38:25 INFO  Id:    SoftwareManagement.sm_mapper_fail_and_reconnect
15:38:25 INFO  Dir:   software_management_end_to_end/
15:38:25 INFO  Title: Validate the tedge-mapper-sm-c8y for receiving the last message on restart
15:38:25 INFO  ==============================================================
15:38:25 INFO  instable https://github.com/thin-edge/thin-edge.io/issues/752 ... skipped
15:38:25 INFO  
15:38:25 INFO  Test duration: 0.02 secs
15:38:25 INFO  Test final outcome:  SKIPPED
15:38:25 INFO  Test outcome reason: instable https://github.com/thin-edge/thin-edge.io/issues/752
15:38:25 INFO  
</system-out>
	</testcase>
</testsuite><testsuite name="SoftwareManagement.sm_mixed_install_remove_multiple" tests="2" errors="0" failures="1" skipped="1" time="0"><testcase classname="PySysTest" name="SoftwareManagement.sm_mixed_install_remove_multiple">
		<skipped message="SKIPPED: Testing the fake plugin is not enabled.Use parameter -Xfakeplugin=fakeplugin to enable it" />
		<system-out>14:28:13 INFO  ==============================================================
14:28:13 INFO  Id:    SoftwareManagement.sm_mixed_install_remove_multiple
14:28:13 INFO  Dir:   software_management_end_to_end/
14:28:13 INFO  Title: Validate end to end behaviour for the dummy-plugin for multiple packages with mixed versions
14:28:13 INFO  ==============================================================
14:28:13 INFO  Testing the fake plugin is not enabled.Use parameter -Xfakeplugin=fakeplugin to enable it ... skipped
14:28:13 WARN  Aborted test due to SKIPPED outcome
14:28:13 INFO  
14:28:13 INFO  Test duration: 0.02 secs
14:28:13 INFO  Test final outcome:  SKIPPED
14:28:13 INFO  Test outcome reason: Testing the fake plugin is not enabled.Use parameter -Xfakeplugin=fakeplugin to enable it
14:28:13 INFO  
</system-out>
	</testcase>
[...]
14:16:49 INFO  Executed sudo&lt;rm_logs&gt;, exit status 0
14:16:50 INFO  Executed sudo&lt;move_logs&gt;, exit status 0
14:16:51 INFO  Executed sudo&lt;log_file_daemon&gt;, exit status 0
14:16:51 WARN  TypeError occurred while running test - 'NoneType' object is not subscriptable
Traceback (most recent call last):
  File "/home/pi/env-pysys/lib/python3.7/site-packages/pysys/baserunner.py", line 1294, in __call__
    self.testObj.execute()
  File "/home/pi/actions-runner/_work/thin-edge.io/thin-edge.io/tests/PySys/log_request_end_to_end/log_request_num_lines/run.py", line 46, in execute
    log_file_request_payload, self.project.deviceid
  File "/home/pi/actions-runner/_work/thin-edge.io/thin-edge.io/tests/PySys/environments/cumulocity.py", line 101, in trigger_log_request
    "deviceId": self.device_fragment["id"],
TypeError: 'NoneType' object is not subscriptable
14:16:51 WARN  TypeError: 'NoneType' object is not subscriptable ... blocked 
14:16:51 INFO  
14:16:51 INFO  cleanup:
14:16:52 INFO  Executed sudo&lt;rm_logs&gt;, exit status 0
14:16:52 INFO  Executed sudo&lt;rm_tmp_logs&gt;, exit status 0
14:16:53 INFO  Executed sudo&lt;send_failed&gt;, exit status 0
14:16:53 INFO  Executed sudo&lt;log_file_daemon&gt;, exit status 0
14:16:57 INFO  Executed sudo&lt;tedge_disconnect_c8y&gt;, exit status 0
14:16:58 INFO  Executed systemctl&lt;serv_mapper5&gt;, exit status 3
14:16:58 INFO  
14:16:58 INFO  Test duration: 31.62 secs
14:16:58 INFO  Test final outcome:  BLOCKED
14:16:58 INFO  Test outcome reason: TypeError: 'NoneType' object is not subscriptable
14:16:58 INFO  
</system-out>
	</testcase>
</testsuite><testsuite name="mapper_awaits_before_reconnect" tests="1" errors="0" failures="1" skipped="0" time="0"><testcase classname="MapperReconnectAwait" name="mapper_awaits_before_reconnect">
		<failure message="FAILED: Line count on tedge_mapper_journal.out for &quot;tedge_mapper::core::mapper: MQTT connection error:&quot; expected &gt;=2 but got 0" type="FAILED" />
		<system-out>14:31:16 INFO  ==============================================================
14:31:16 INFO  Id:    mapper_awaits_before_reconnect
14:31:16 INFO  Dir:   tedge_mapper_c8y/
14:31:16 INFO  Title: Validate mapper doesn't reconnect too often
14:31:16 INFO  ==============================================================
14:31:16 INFO  Started mosquitto_sub with process id 20929
14:31:16 INFO  Waiting for 0.1 seconds
14:31:16 INFO  Executed sudo&lt;tedge_mapper&gt;, exit status 0
14:31:16 INFO  Waiting for 5.0 seconds
14:31:22 INFO  Executed sudo&lt;tedge_mapper&gt;, exit status 0
14:31:24 INFO  Executed sudo&lt;tedge_mapper_journal&gt;, exit status 0
14:31:24 WARN  Grep on tedge_mapper_journal.out contains "ERROR" ... failed [run.py:67]
14:31:24 INFO  Line count on file tedge_mapper_journal.out ... passed
14:31:24 WARN  Line count on tedge_mapper_journal.out for "tedge_mapper::core::mapper: MQTT connection error:" expected &gt;=2 but got 0 ... failed [run.py:78]
14:31:24 WARN  Aborted test due to FAILED outcome
14:31:25 INFO  
14:31:25 INFO  Test duration: 8.94 secs
14:31:25 INFO  Test final outcome:  FAILED
14:31:25 INFO  Test outcome reason: Line count on tedge_mapper_journal.out for "tedge_mapper::core::mapper: MQTT connection error:" expected &gt;=2 but got 0
14:31:25 INFO  
</system-out>
	</testcase>
</testsuite><testsuite name="monitoring_smaller_interval" tests="1" errors="0" failures="1" skipped="0" time="0"><testcase classname="MonitoringSmallInterval" name="monitoring_smaller_interval">
		<failure message="BLOCKED: TypeError: 'int' object is not subscriptable" type="BLOCKED" />
		<system-out>14:18:20 INFO  ==============================================================
14:18:20 INFO  Id:    monitoring_smaller_interval
14:18:20 INFO  Dir:   monitoring/
14:18:20 INFO  Title: Validate the tedge dm agent messages that are produced with smaller sampling interval than the batching window. Here the simulated collectd messages are used
14:18:20 INFO  ==============================================================
14:18:20 INFO  Executed sudo&lt;collectd&gt;, exit status 0
14:18:21 INFO  Executed sudo&lt;collectd_mapper&gt;, exit status 0
14:18:21 INFO  Started sudo&lt;tedge_sub&gt; with process id 17092
14:18:22 INFO  Executed sudo&lt;tedge_temp&gt;, exit status 0
14:18:22 INFO  Executed sudo&lt;tedge_pres&gt;, exit status 0
14:18:23 INFO  Executed sudo&lt;tedge_temp&gt;, exit status 0
14:18:23 INFO  Executed sudo&lt;tedge_pres&gt;, exit status 0
14:18:24 INFO  Executed sudo&lt;tedge_temp&gt;, exit status 0
14:18:24 INFO  Executed sudo&lt;tedge_pres&gt;, exit status 0
14:18:25 INFO  Executed sudo&lt;tedge_temp&gt;, exit status 0
14:18:25 INFO  Executed sudo&lt;tedge_pres&gt;, exit status 0
14:18:26 INFO  Executed sudo&lt;tedge_temp&gt;, exit status 0
14:18:27 INFO  Executed sudo&lt;tedge_pres&gt;, exit status 0
14:18:27 INFO  Executed sudo&lt;tedge_temp&gt;, exit status 0
14:18:28 INFO  Executed sudo&lt;tedge_pres&gt;, exit status 0
14:18:28 INFO  Executed sudo&lt;tedge_temp&gt;, exit status 0
14:18:29 INFO  Executed sudo&lt;tedge_pres&gt;, exit status 0
14:18:29 INFO  Executed sudo&lt;tedge_temp&gt;, exit status 0
14:18:30 INFO  Executed sudo&lt;tedge_pres&gt;, exit status 0
14:18:31 INFO  Executed sudo&lt;tedge_temp&gt;, exit status 0
14:18:31 INFO  Executed sudo&lt;tedge_pres&gt;, exit status 0
14:18:32 INFO  Executed sudo&lt;tedge_temp&gt;, exit status 0
14:18:32 INFO  Executed sudo&lt;tedge_pres&gt;, exit status 0
14:18:34 INFO  Executed sudo&lt;kill_out&gt;, exit status 0
14:18:34 INFO  0

14:18:34 WARN  TypeError occurred while running test - 'int' object is not subscriptable
Traceback (most recent call last):
  File "/home/pi/env-pysys/lib/python3.7/site-packages/pysys/baserunner.py", line 1296, in __call__
    self.testObj.validate()
  File "/home/pi/actions-runner/_work/thin-edge.io/thin-edge.io/tests/PySys/monitoring/monitoring_smaller_interval/run.py", line 104, in validate
    collectd_msg_validation_result=self.validate_json(),
  File "/home/pi/actions-runner/_work/thin-edge.io/thin-edge.io/tests/PySys/monitoring/monitoring_smaller_interval/run.py", line 114, in validate_json
    if not self.validate_time():
  File "/home/pi/actions-runner/_work/thin-edge.io/thin-edge.io/tests/PySys/monitoring/monitoring_smaller_interval/run.py", line 134, in validate_time
    if self.js_msg["time"]:
TypeError: 'int' object is not subscriptable
14:18:34 WARN  TypeError: 'int' object is not subscriptable ... blocked 
14:18:34 INFO  
14:18:34 INFO  cleanup:
14:18:34 INFO  monitoring_cleanup
14:18:34 INFO  Executed sudo&lt;collectd_mapper&gt;, exit status 0
14:18:34 INFO  
14:18:34 INFO  Test duration: 14.77 secs
14:18:34 INFO  Test final outcome:  BLOCKED
14:18:34 INFO  Test outcome reason: TypeError: 'int' object is not subscriptable
14:18:34 INFO  
</system-out>
	</testcase>
</testsuite><testsuite name="monitoring_with_collectd" tests="1" errors="0" failures="0" skipped="1" time="0"><testcase classname="MonitoringWithCollectd" name="monitoring_with_collectd">
		<skipped message="SKIPPED: Test execution disabled due to #792 (instable)" />
		<system-out>14:18:35 INFO  ==============================================================
14:18:35 INFO  Id:    monitoring_with_collectd
14:18:35 INFO  Dir:   monitoring/
14:18:35 INFO  Title: Validate tedge dm agent messages that are produced by batching the collectd messages
14:18:35 INFO  ==============================================================
14:18:35 INFO  Test execution disabled due to #792 (instable) ... skipped
14:18:35 INFO  
14:18:35 INFO  Test duration: 0.03 secs
14:18:35 INFO  Test final outcome:  SKIPPED
14:18:35 INFO  Test outcome reason: Test execution disabled due to #792 (instable)
14:18:35 INFO  
</system-out>
	</testcase>
</testsuite><testsuite name="monitoring_with_simulated_messages" tests="1" errors="0" failures="1" skipped="0" time="0"><testcase classname="MonitoringWithSimulatedMessages" name="monitoring_with_simulated_messages">
		<failure message="BLOCKED: TypeError: 'int' object is not subscriptable" type="BLOCKED" />
		<system-out>14:18:35 INFO  ==============================================================
14:18:35 INFO  Id:    monitoring_with_simulated_messages
14:18:35 INFO  Dir:   monitoring/
14:18:35 INFO  Title: Validate the tedge dm agent messages that are produced from the simulated collectd messages
14:18:35 INFO  ==============================================================
14:18:35 INFO  Executed sudo&lt;collectd&gt;, exit status 0
14:18:36 INFO  Executed sudo&lt;collectd_mapper&gt;, exit status 0
14:18:36 INFO  Started sudo&lt;tedge_sub&gt; with process id 17147
14:18:36 INFO  Executed sudo&lt;tedge_temp&gt;, exit status 0
14:18:37 INFO  Executed sudo&lt;tedge_pres&gt;, exit status 0
14:18:38 INFO  Executed sudo&lt;kill_out&gt;, exit status 0
14:18:38 INFO  0

14:18:38 WARN  TypeError occurred while running test - 'int' object is not subscriptable
Traceback (most recent call last):
  File "/home/pi/env-pysys/lib/python3.7/site-packages/pysys/baserunner.py", line 1296, in __call__
    self.testObj.validate()
  File "/home/pi/actions-runner/_work/thin-edge.io/thin-edge.io/tests/PySys/monitoring/monitoring_with_simulated_messages/run.py", line 98, in validate
    collectd_msg_validation_result=self.validate_json(),
  File "/home/pi/actions-runner/_work/thin-edge.io/thin-edge.io/tests/PySys/monitoring/monitoring_with_simulated_messages/run.py", line 108, in validate_json
    if not self.validate_time():
  File "/home/pi/actions-runner/_work/thin-edge.io/thin-edge.io/tests/PySys/monitoring/monitoring_with_simulated_messages/run.py", line 127, in validate_time
    if self.js_msg["time"]:
TypeError: 'int' object is not subscriptable
14:18:38 WARN  TypeError: 'int' object is not subscriptable ... blocked 
14:18:38 INFO  
14:18:38 INFO  cleanup:
14:18:38 INFO  monitoring_cleanup
14:18:39 INFO  Executed sudo&lt;collectd_mapper&gt;, exit status 0
14:18:39 INFO  
14:18:39 INFO  Test duration: 4.45 secs
14:18:39 INFO  Test final outcome:  BLOCKED
14:18:39 INFO  Test outcome reason: TypeError: 'int' object is not subscriptable
14:18:39 INFO  
</system-out>
	</testcase>
</testsuite><testsuite name="mqtt_port_change_connection_fails" tests="1" errors="0" failures="0" skipped="0" time="0"><testcase classname="MqttPortChangeConnectionFails" name="mqtt_port_change_connection_fails" />
</testsuite><testsuite name="mqtt_port_change_connection_works" tests="1" errors="0" failures="0" skipped="1" time="0"><testcase classname="MqttPortChangeConnectionWorks" name="mqtt_port_change_connection_works">
		<skipped message="SKIPPED: failing intermitently" />
		<system-out>14:17:33 INFO  ==============================================================
14:17:33 INFO  Id:    mqtt_port_change_connection_works
14:17:33 INFO  Dir:   misc_features/
14:17:33 INFO  Title: mqtt port change connection works for all the thin-edge services that use the mosquitto broker
14:17:33 INFO  ==============================================================
14:17:33 INFO  failing intermitently ... skipped
14:17:33 INFO  
14:17:33 INFO  Test duration: 0.02 secs
14:17:33 INFO  Test final outcome:  SKIPPED
14:17:33 INFO  Test outcome reason: failing intermitently
14:17:33 INFO  
</system-out>
	</testcase>
</testsuite><testsuite name="publish_flux" tests="1" errors="0" failures="0" skipped="0" time="0"><testcase classname="PublishFlux" name="publish_flux" />
</testsuite><testsuite name="publish_sawmill" tests="1" errors="0" failures="0" skipped="0" time="0"><testcase classname="PublishSawmill" name="publish_sawmill" />
</testsuite><testsuite name="runtime_start_two_mappers" tests="1" errors="0" failures="0" skipped="0" time="0"><testcase classname="RuntimeMultiMappers" name="runtime_start_two_mappers" />
</testsuite><testsuite name="sm_tedge_mapper_init_session" tests="1" errors="0" failures="0" skipped="0" time="0"><testcase classname="TedgeSMMapperInitSession" name="sm_tedge_mapper_init_session" />
</testsuite><testsuite name="smoketest_json" tests="1" errors="0" failures="0" skipped="0" time="0"><testcase classname="SmokeTestJson" name="smoketest_json" />
</testsuite><testsuite name="smoketest_json_400_samples_10ms" tests="1" errors="0" failures="0" skipped="0" time="0"><testcase classname="SmoketestJson400Samples10ms" name="smoketest_json_400_samples_10ms" />
</testsuite><testsuite name="smoketest_json_400_samples_20ms" tests="1" errors="0" failures="0" skipped="0" time="0"><testcase classname="SmoketestJson400Samples20ms" name="smoketest_json_400_samples_20ms" />
</testsuite><testsuite name="smoketest_smartrest" tests="1" errors="0" failures="0" skipped="0" time="0"><testcase classname="SmoketestSmartRest" name="smoketest_smartrest" />
</testsuite><testsuite name="smoketest_smartrest_400_samples_1Xms" tests="1" errors="0" failures="0" skipped="0" time="0"><testcase classname="SmoketestSmartRest400Samples1Xms" name="smoketest_smartrest_400_samples_1Xms" />
</testsuite><testsuite name="smoketest_smartrest_400_samples_20ms" tests="1" errors="0" failures="0" skipped="0" time="0"><testcase classname="SmoketestSmartRest400Samples20ms" name="smoketest_smartrest_400_samples_20ms" />
</testsuite><testsuite name="tedge_agent_user_sudo_access" tests="1" errors="0" failures="0" skipped="1" time="0"><testcase classname="TedgeAgentUserSudoAccess" name="tedge_agent_user_sudo_access">
		<skipped message="SKIPPED: #955 Observation: Exit code of the apt plugin when called with no arguments" />
		<system-out>14:28:39 INFO  ==============================================================
14:28:39 INFO  Id:    tedge_agent_user_sudo_access
14:28:39 INFO  Dir:   tedge/
14:28:39 INFO  Title: Validate tedge-agent user has a limited sudo right
14:28:39 INFO  ==============================================================
14:28:39 INFO  #955 Observation: Exit code of the apt plugin when called with no arguments ... skipped
14:28:39 INFO  
14:28:39 INFO  Test duration: 0.02 secs
14:28:39 INFO  Test final outcome:  SKIPPED
14:28:39 INFO  Test outcome reason: #955 Observation: Exit code of the apt plugin when called with no arguments
14:28:39 INFO  
</system-out>
	</testcase>
</testsuite><testsuite name="tedge_connect_test_negative" tests="1" errors="0" failures="0" skipped="0" time="0"><testcase classname="TedgeConnectTestNegative" name="tedge_connect_test_negative" />
</testsuite><testsuite name="tedge_connect_test_positive" tests="1" errors="0" failures="0" skipped="0" time="0"><testcase classname="TedgeConnectTestPositive" name="tedge_connect_test_positive" />
</testsuite><testsuite name="tedge_connect_test_sm_services" tests="1" errors="0" failures="0" skipped="0" time="0"><testcase classname="TedgeConnectTestSMServices" name="tedge_connect_test_sm_services" />
</testsuite><testsuite name="tedge_disconnect_test_sm_services" tests="1" errors="0" failures="0" skipped="0" time="0"><testcase classname="TedgeDisConnectTestSMServices" name="tedge_disconnect_test_sm_services" />
</testsuite><testsuite name="tedge_mapper_az_negative" tests="1" errors="0" failures="0" skipped="0" time="0"><testcase classname="TedgeMapperAzError" name="tedge_mapper_az_negative" />
</testsuite><testsuite name="tedge_mapper_az_with_timestamp" tests="1" errors="0" failures="0" skipped="0" time="0"><testcase classname="TedgeMapperAzWithTimestamp" name="tedge_mapper_az_with_timestamp" />
</testsuite><testsuite name="tedge_mapper_az_without_timestamp" tests="1" errors="0" failures="0" skipped="0" time="0"><testcase classname="TedgeMapperAzWithoutTimestamp" name="tedge_mapper_az_without_timestamp" />
</testsuite><testsuite name="tedge_mapper_c8y_alarms" tests="1" errors="0" failures="0" skipped="0" time="0"><testcase classname="TedgeMapperC8yAlarm" name="tedge_mapper_c8y_alarms" />
</testsuite><testsuite name="tedge_mapper_c8y_child_device_measurement" tests="1" errors="0" failures="0" skipped="0" time="0"><testcase classname="TedgeMapperC8yChildDevice" name="tedge_mapper_c8y_child_device_measurement" />
</testsuite><testsuite name="tedge_mapper_c8y_packet_threshold_size" tests="1" errors="0" failures="1" skipped="0" time="0"><testcase classname="TedgeMapperC8yThresholdPacketSize" name="tedge_mapper_c8y_packet_threshold_size">
		<failure message="FAILED: Grep on tedge_sub.out contains &quot;The size of the message received on tedge/measurements is 20489 which is greater than the threshold size of 16184.&quot;" type="FAILED" />
		<system-out>14:33:01 INFO  ==============================================================
14:33:01 INFO  Id:    tedge_mapper_c8y_packet_threshold_size
14:33:01 INFO  Dir:   tedge_mapper_c8y/
14:33:01 INFO  Title: Validate the Cumulocity Mapper accepted threshold packet size when it receives a message on tedge/measurements
14:33:01 INFO  ==============================================================
14:33:02 INFO  Executed sudo&lt;tedge_mapper_c8y&gt;, exit status 0
14:33:02 INFO  Started sudo&lt;tedge_sub&gt; with process id 21528
14:33:03 INFO  Executed sudo&lt;tedge_msg&gt;, exit status 0
14:33:03 INFO  Executed sudo&lt;tedge_pub&gt;, exit status 0
14:33:04 INFO  Executed sudo&lt;kill_out&gt;, exit status 0
14:33:04 WARN  Grep on tedge_sub.out contains "The size of the message received on tedge/measurements is 20489 which is greater than the threshold size of 16184." ... failed [run.py:88]
14:33:04 INFO  
14:33:04 INFO  cleanup:
14:33:04 INFO  mapper_cleanup
14:33:04 INFO  Executed sudo&lt;tedge_mapper_c8y&gt;, exit status 0
14:33:04 INFO  
14:33:04 INFO  Test duration: 3.01 secs
14:33:04 INFO  Test final outcome:  FAILED
14:33:04 INFO  Test outcome reason: Grep on tedge_sub.out contains "The size of the message received on tedge/measurements is 20489 which is greater than the threshold size of 16184."
14:33:04 INFO  
</system-out>
	</testcase>
</testsuite><testsuite name="tedge_software_update" tests="1" errors="0" failures="0" skipped="0" time="0"><testcase classname="PySysTest" name="tedge_software_update" />
</testsuite><testsuite name="valid_device_id" tests="1" errors="0" failures="1" skipped="0" time="0"><testcase classname="ValidateValidDeviceId" name="valid_device_id">
		<failure message="FAILED: Grep on tedge_connect_c8y_test.out contains &quot;successful&quot;" type="FAILED" />
		<system-out>14:17:33 INFO  ==============================================================
14:17:33 INFO  Id:    valid_device_id
14:17:33 INFO  Dir:   misc_features/
14:17:33 INFO  Title: Valid device ID
14:17:33 INFO  ==============================================================
14:17:34 INFO  Executed sudo&lt;tedge_disconnect_c8y&gt;, exit status 0
14:17:34 INFO  Executed sudo&lt;create_cert_dir&gt;, exit status 0
14:17:35 INFO  Executed sudo&lt;change_owner_of_dir&gt;, exit status 0
14:17:35 INFO  Executed sudo&lt;set_cert_path&gt;, exit status 0
14:17:36 INFO  Executed sudo&lt;set_key_path&gt;, exit status 0
14:17:37 INFO  Executed sudo&lt;cert_create&gt;, exit status 0
14:17:38 INFO  Executed sudo&lt;cert_upload&gt;, exit status 0
14:18:03 INFO  Executed sudo&lt;tedge_connect_c8y&gt;, exit status 0, duration 24 secs
14:18:14 INFO  Executed sudo&lt;tedge_connect_c8y_test&gt;, exit status 0
14:18:14 INFO  Grep on file tedge_connect_c8y.out ... passed
14:18:14 WARN  Grep on tedge_connect_c8y_test.out contains "successful" ... failed [run.py:108]
14:18:14 INFO  
14:18:14 INFO  cleanup:
14:18:18 INFO  Executed sudo&lt;tedge_disconnect_c8y&gt;, exit status 0
14:18:19 INFO  Executed sudo&lt;unset_cert_path&gt;, exit status 0
14:18:19 INFO  Executed sudo&lt;unset_key_path&gt;, exit status 0
14:18:20 INFO  Executed sudo&lt;remove_cert_dir&gt;, exit status 0
14:18:20 INFO  
14:18:20 INFO  Test duration: 46.43 secs
14:18:20 INFO  Test final outcome:  FAILED
14:18:20 INFO  Test outcome reason: Grep on tedge_connect_c8y_test.out contains "successful"
14:18:20 INFO  
</system-out>
	</testcase>
</testsuite></testsuites>