<?xml version='1.0' encoding='utf-8'?>
<testsuites tests="139" failures="16" errors="0" skipped="45" time="0.0"><testsuite name="SoftwareManagement.Plugin.apama_plugin_install" tests="3" errors="0" failures="0" skipped="1" time="0"><testcase classname="ApamaPluginInstallTest" name="SoftwareManagement.Plugin.apama_plugin_install">
		<skipped message="SKIPPED: Apama plugin tests are disabled by default. Execute `pysys run` with `-XmyPlatform=container` to run these tests" />
		<system-out>14:58:55 INFO  ==============================================================
14:58:55 INFO  Id:    SoftwareManagement.Plugin.apama_plugin_install
14:58:55 INFO  Dir:   plugin_apama/
14:58:55 INFO  Title: Validate apama plugin install
14:58:55 INFO  ==============================================================
14:58:55 INFO  Apama plugin tests are disabled by default. Execute `pysys run` with `-XmyPlatform=container` to run these tests ... skipped
14:58:55 WARN  Aborted test due to SKIPPED outcome
14:58:55 INFO  
14:58:55 INFO  Test duration: 0.05 secs
14:58:55 INFO  Test final outcome:  SKIPPED
14:58:55 INFO  Test outcome reason: Apama plugin tests are disabled by default. Execute `pysys run` with `-XmyPlatform=container` to run these tests
14:58:55 INFO  
</system-out>
	</testcase>
<testcase classname="ApamaPluginInstallTest" name="SoftwareManagement.Plugin.apama_plugin_install" />
<testcase classname="ApamaPluginInstallTest" name="SoftwareManagement.Plugin.apama_plugin_install" />
</testsuite><testsuite name="SoftwareManagement.Plugin.apama_plugin_mon_support" tests="3" errors="0" failures="0" skipped="1" time="0"><testcase classname="ApamaPluginMonSupportTest" name="SoftwareManagement.Plugin.apama_plugin_mon_support">
		<skipped message="SKIPPED: Apama plugin tests are disabled by default. Execute `pysys run` with `-XmyPlatform=container` to run these tests" />
		<system-out>14:58:55 INFO  ==============================================================
14:58:55 INFO  Id:    SoftwareManagement.Plugin.apama_plugin_mon_support
14:58:55 INFO  Dir:   plugin_apama/
14:58:55 INFO  Title: Validate mon file support of apama plugin
14:58:55 INFO  ==============================================================
14:58:55 INFO  Apama plugin tests are disabled by default. Execute `pysys run` with `-XmyPlatform=container` to run these tests ... skipped
14:58:55 WARN  Aborted test due to SKIPPED outcome
14:58:55 INFO  
14:58:55 INFO  Test duration: 0.06 secs
14:58:55 INFO  Test final outcome:  SKIPPED
14:58:55 INFO  Test outcome reason: Apama plugin tests are disabled by default. Execute `pysys run` with `-XmyPlatform=container` to run these tests
14:58:55 INFO  
</system-out>
	</testcase>
<testcase classname="ApamaPluginMonSupportTest" name="SoftwareManagement.Plugin.apama_plugin_mon_support" />
<testcase classname="ApamaPluginMonSupportTest" name="SoftwareManagement.Plugin.apama_plugin_mon_support" />
</testsuite><testsuite name="SoftwareManagement.Plugin.apama_plugin_remove" tests="3" errors="0" failures="0" skipped="1" time="0"><testcase classname="ApamaPluginRemoveTest" name="SoftwareManagement.Plugin.apama_plugin_remove">
		<skipped message="SKIPPED: Apama plugin tests are disabled by default. Execute `pysys run` with `-XmyPlatform=container` to run these tests" />
		<system-out>14:58:55 INFO  ==============================================================
14:58:55 INFO  Id:    SoftwareManagement.Plugin.apama_plugin_remove
14:58:55 INFO  Dir:   plugin_apama/
14:58:55 INFO  Title: Validate apama plugin remove
14:58:55 INFO  ==============================================================
14:58:55 INFO  Apama plugin tests are disabled by default. Execute `pysys run` with `-XmyPlatform=container` to run these tests ... skipped
14:58:55 WARN  Aborted test due to SKIPPED outcome
14:58:55 INFO  
14:58:55 INFO  Test duration: 0.02 secs
14:58:55 INFO  Test final outcome:  SKIPPED
14:58:55 INFO  Test outcome reason: Apama plugin tests are disabled by default. Execute `pysys run` with `-XmyPlatform=container` to run these tests
14:58:55 INFO  
</system-out>
	</testcase>
<testcase classname="ApamaPluginRemoveTest" name="SoftwareManagement.Plugin.apama_plugin_remove" />
<testcase classname="ApamaPluginRemoveTest" name="SoftwareManagement.Plugin.apama_plugin_remove" />
</testsuite><testsuite name="SoftwareManagement.Plugin.apama_plugin_update" tests="3" errors="0" failures="2" skipped="1" time="0"><testcase classname="ApamaPluginUpdateTest" name="SoftwareManagement.Plugin.apama_plugin_update">
		<skipped message="SKIPPED: Apama plugin tests are disabled by default. Execute `pysys run` with `-XmyPlatform=container` to run these tests" />
		<system-out>14:58:55 INFO  ==============================================================
14:58:55 INFO  Id:    SoftwareManagement.Plugin.apama_plugin_update
14:58:55 INFO  Dir:   plugin_apama/
14:58:55 INFO  Title: Validate apama plugin updating one project with another
14:58:55 INFO  ==============================================================
14:58:55 INFO  Apama plugin tests are disabled by default. Execute `pysys run` with `-XmyPlatform=container` to run these tests ... skipped
14:58:55 WARN  Aborted test due to SKIPPED outcome
14:58:55 INFO  
14:58:55 INFO  Test duration: 0.03 secs
14:58:55 INFO  Test final outcome:  SKIPPED
14:58:55 INFO  Test outcome reason: Apama plugin tests are disabled by default. Execute `pysys run` with `-XmyPlatform=container` to run these tests
14:58:55 INFO  
</system-out>
	</testcase>
<testcase classname="ApamaPluginUpdateTest" name="SoftwareManagement.Plugin.apama_plugin_update">
		<failure message="BLOCKED: sudo&lt;plugin_install&gt; returned non-zero exit code 2" type="BLOCKED" />
		<system-out>15:50:06 INFO  ==============================================================
15:50:06 INFO  Id:    SoftwareManagement.Plugin.apama_plugin_update
15:50:06 INFO  Dir:   plugin_apama/
15:50:06 INFO  Title: Validate apama plugin updating one project with another
15:50:06 INFO  ==============================================================
15:50:06 INFO  Assertion that path exists=False for "/etc/tedge/apama/project" ... passed
15:50:06 INFO  Executed sudo&lt;create_project_dir&gt;, exit status 0
15:50:07 INFO  Executed sudo&lt;unzip_apama_project&gt;, exit status 0
15:50:07 INFO  Executed sudo&lt;move_apama_project&gt;, exit status 0
15:50:08 INFO  Executed sudo&lt;restart_apama_service&gt;, exit status 0
15:50:09 INFO  Executed sudo&lt;apama_correlator_wait&gt;, exit status 0
15:50:09 INFO  Assertion that path exists=True for "/etc/tedge/apama/project" ... passed
15:50:10 INFO  Executed sudo&lt;apama_list_monitors&gt;, exit status 0
15:50:10 INFO  Grep on file /home/pi/actions-runner/_work/thin-edge.io/thin-edge.io/tests/PySys/plugin_apama/apama_plugin_update/Output/linux/apama_list_monitors.out ... passed
15:50:10 WARN  Executed sudo&lt;plugin_install&gt;, exit status 2
15:50:10 INFO  Contents of plugin_install.err: 
  ERROR: Directory not empty (os error 39)
  -----

15:50:11 WARN  sudo&lt;plugin_install&gt; returned non-zero exit code 2 ... blocked [run.py:35]
15:50:11 WARN  Aborted test due to BLOCKED outcome
15:50:11 INFO  
15:50:11 INFO  cleanup:
15:50:11 INFO  Removing apama project
15:50:26 INFO  Executed sudo&lt;stop_apama_service&gt;, exit status 0, duration 15 secs
15:50:27 INFO  Executed sudo&lt;remove_apama_project&gt;, exit status 0
15:50:27 INFO  Executed sudo&lt;remove_apama_tmp_dir&gt;, exit status 0
15:50:27 INFO  
15:50:27 INFO  Test duration: 21.42 secs
15:50:27 INFO  Test final outcome:  BLOCKED
15:50:27 INFO  Test outcome reason: sudo&lt;plugin_install&gt; returned non-zero exit code 2
15:50:27 INFO  
</system-out>
	</testcase>
<testcase classname="ApamaPluginUpdateTest" name="SoftwareManagement.Plugin.apama_plugin_update">
		<failure message="BLOCKED: sudo&lt;plugin_install&gt; returned non-zero exit code 2" type="BLOCKED" />
		<system-out>15:58:44 INFO  ==============================================================
15:58:44 INFO  Id:    SoftwareManagement.Plugin.apama_plugin_update
15:58:44 INFO  Dir:   plugin_apama/
15:58:44 INFO  Title: Validate apama plugin updating one project with another
15:58:44 INFO  ==============================================================
15:58:44 INFO  Assertion that path exists=False for "/etc/tedge/apama/project" ... passed
15:58:44 INFO  Executed sudo&lt;create_project_dir&gt;, exit status 0
15:58:45 INFO  Executed sudo&lt;unzip_apama_project&gt;, exit status 0
15:58:46 INFO  Executed sudo&lt;move_apama_project&gt;, exit status 0
15:58:46 INFO  Executed sudo&lt;restart_apama_service&gt;, exit status 0
15:58:47 INFO  Executed sudo&lt;apama_correlator_wait&gt;, exit status 0
15:58:47 INFO  Assertion that path exists=True for "/etc/tedge/apama/project" ... passed
15:58:48 INFO  Executed sudo&lt;apama_list_monitors&gt;, exit status 0
15:58:48 INFO  Grep on file /home/pi/actions-runner/_work/thin-edge.io/thin-edge.io/tests/PySys/plugin_apama/apama_plugin_update/Output/linux/apama_list_monitors.out ... passed
15:58:49 WARN  Executed sudo&lt;plugin_install&gt;, exit status 2
15:58:49 INFO  Contents of plugin_install.err: 
  ERROR: Directory not empty (os error 39)
  -----

15:58:49 WARN  sudo&lt;plugin_install&gt; returned non-zero exit code 2 ... blocked [run.py:35]
15:58:49 WARN  Aborted test due to BLOCKED outcome
15:58:49 INFO  
15:58:49 INFO  cleanup:
15:58:49 INFO  Removing apama project
15:59:04 INFO  Executed sudo&lt;stop_apama_service&gt;, exit status 0, duration 15 secs
15:59:05 INFO  Executed sudo&lt;remove_apama_project&gt;, exit status 0
15:59:05 INFO  Executed sudo&lt;remove_apama_tmp_dir&gt;, exit status 0
15:59:05 INFO  
15:59:05 INFO  Test duration: 21.34 secs
15:59:05 INFO  Test final outcome:  BLOCKED
15:59:05 INFO  Test outcome reason: sudo&lt;plugin_install&gt; returned non-zero exit code 2
15:59:05 INFO  
</system-out>
	</testcase>
</testsuite><testsuite name="SoftwareManagement.sm_apt_install_download_path" tests="3" errors="0" failures="2" skipped="1" time="0"><testcase classname="AptInstallWithDownloadPath" name="SoftwareManagement.sm_apt_install_download_path">
		<skipped message="SKIPPED: Testing the apt plugin is not supported on this platform.Use parameter -XmyPlatform='container' to enable it" />
		<system-out>15:08:34 INFO  ==============================================================
15:08:34 INFO  Id:    SoftwareManagement.sm_apt_install_download_path
15:08:34 INFO  Dir:   software_management_end_to_end/
15:08:34 INFO  Title: Install package to directory specified in tedge config set tmp.path
15:08:34 INFO  ==============================================================
15:08:34 INFO  Testing the apt plugin is not supported on this platform.Use parameter -XmyPlatform='container' to enable it ... skipped
15:08:34 WARN  Aborted test due to SKIPPED outcome
15:08:34 INFO  
15:08:34 INFO  Test duration: 0.06 secs
15:08:34 INFO  Test final outcome:  SKIPPED
15:08:34 INFO  Test outcome reason: Testing the apt plugin is not supported on this platform.Use parameter -XmyPlatform='container' to enable it
15:08:34 INFO  
</system-out>
	</testcase>
<testcase classname="AptInstallWithDownloadPath" name="SoftwareManagement.sm_apt_install_download_path">
		<failure message="BLOCKED: AssertionError:" type="BLOCKED" />
		<system-out>15:32:13 INFO  ==============================================================
15:32:13 INFO  Id:    SoftwareManagement.sm_apt_install_download_path
15:32:13 INFO  Dir:   software_management_end_to_end/
15:32:13 INFO  Title: Install package to directory specified in tedge config set tmp.path
15:32:13 INFO  ==============================================================
15:32:13 INFO  Using sw id database: {'asciijump': '5475369', 'robotfindskitten': '5474869', 'squirrel3': '5475279', 'rolldice': '5152439', 'moon-buggy': '5439204', 'apple': '5495053', 'banana': '5494888', 'cherry': '5495382', 'watermelon': '5494510', 'registry': '8018911', 'hello-world': '8021526', 'docker/getting-started': '8021973', 'alpine': '7991792'}
15:32:13 INFO  EnvironmentC8y Setup
15:32:14 INFO  Executed systemctl&lt;serv_mapper1&gt;, exit status 3
15:32:28 INFO  Executed sudo&lt;tedge_connect_c8y&gt;, exit status 0, duration 14 secs
15:32:30 INFO  Executed sudo&lt;tedge_connect_c8y_test&gt;, exit status 0
15:32:31 INFO  Executed systemctl&lt;serv_mosq2&gt;, exit status 0
15:32:32 INFO  Executed systemctl&lt;serv_mapper3&gt;, exit status 0
15:32:34 ERROR No operations found, assuming it passed
15:32:34 INFO  Assert that (False == value) with value=False ... passed
15:32:35 INFO  Executed sudo, exit status 0
15:32:35 INFO  Executed sudo, exit status 0
15:32:36 INFO  Executed sudo, exit status 0
15:32:40 INFO  Executed sudo&lt;tedge_disconnect_c8y&gt;, exit status 0
15:32:40 INFO  Restarting mosquitto too frequently in the last 10 seconds. It was only up for 3 seconds
15:32:40 INFO  Delaying execution by 8 seconds
15:33:02 INFO  Executed sudo&lt;tedge_connect_c8y&gt;, exit status 0, duration 13 secs
15:33:02 INFO  Response status: 201
15:33:02 INFO  Response to action: {
    "creationTime": "2022-06-20T15:33:02.315Z",
    "deviceName": "m32sd10d",
    "deviceId": "20286482",
    "self": "https://t493319102.eu-latest.cumulocity.com/devicecontrol/operations/20349628",
    "id": "20349628",
    "status": "PENDING",
    "description": "Apply software changes, triggered from PySys: [{'name': 'rolldice', 'id': '5152439', 'version': '::apt', 'url': 'https://thin-edge-io.eu-latest.cumulocity.com/inventory/binaries/12435463', 'action': 'install'}]",
    "c8y_SoftwareUpdate": [
        {
            "name": "rolldice",
            "action": "install",
            "id": "5152439",
            "version": "::apt",
            "url": "https://thin-edge-io.eu-latest.cumulocity.com/inventory/binaries/12435463"
        }
    ]
}
15:33:02 INFO  Started operation: {'creationTime': '2022-06-20T15:33:02.315Z', 'deviceName': 'm32sd10d', 'deviceId': '20286482', 'self': 'https://t493319102.eu-latest.cumulocity.com/devicecontrol/operations/20349628', 'id': '20349628', 'status': 'PENDING', 'description': "Apply software changes, triggered from PySys: [{'name': 'rolldice', 'id': '5152439', 'version': '::apt', 'url': 'https://thin-edge-io.eu-latest.cumulocity.com/inventory/binaries/12435463', 'action': 'install'}]", 'c8y_SoftwareUpdate': [{'name': 'rolldice', 'action': 'install', 'id': '5152439', 'version': '::apt', 'url': 'https://thin-edge-io.eu-latest.cumulocity.com/inventory/binaries/12435463'}]}
15:33:02 WARN  , retrying in 0.5 seconds...
15:33:02 WARN  , retrying in 0.5 seconds...
15:33:03 WARN  , retrying in 0.5 seconds...
15:33:03 WARN  , retrying in 0.5 seconds...
15:33:04 WARN  , retrying in 0.5 seconds...
15:33:04 WARN  , retrying in 0.5 seconds...
15:33:05 WARN  , retrying in 0.5 seconds...
15:33:05 WARN  , retrying in 0.5 seconds...
15:33:06 WARN  , retrying in 0.5 seconds...
15:33:06 WARN  AssertionError occurred while running test - 
Traceback (most recent call last):
  File "/home/pi/env-pysys/lib/python3.7/site-packages/pysys/baserunner.py", line 1294, in __call__
    self.testObj.execute()
  File "/home/pi/actions-runner/_work/thin-edge.io/thin-edge.io/tests/PySys/software_management_end_to_end/sm_apt_install_download_path/run.py", line 83, in execute
    assert_install_in_download_path(install_directory=self.DOWNLOAD_DIR)
  File "/home/pi/env-pysys/lib/python3.7/site-packages/decorator.py", line 232, in fun
    return caller(func, *(extras + args), **kw)
  File "/home/pi/env-pysys/lib/python3.7/site-packages/retry/api.py", line 74, in retry_decorator
    logger)
  File "/home/pi/env-pysys/lib/python3.7/site-packages/retry/api.py", line 33, in __retry_internal
    return f()
  File "/home/pi/actions-runner/_work/thin-edge.io/thin-edge.io/tests/PySys/software_management_end_to_end/sm_apt_install_download_path/run.py", line 28, in assert_install_in_download_path
    assert "rolldice" in os.listdir(f"{install_directory}")
AssertionError
15:33:07 WARN  AssertionError: ... blocked 
15:33:07 INFO  
15:33:07 INFO  cleanup:
15:33:08 INFO  Executed sudo, exit status 0
15:33:08 INFO  Executed sudo, exit status 0
15:33:12 INFO  Executed sudo&lt;tedge_disconnect_c8y&gt;, exit status 0
15:33:13 INFO  Restarting mosquitto too frequently in the last 10 seconds. It was only up for 4 seconds
15:33:13 INFO  Delaying execution by 7 seconds
15:33:34 INFO  Executed sudo&lt;tedge_connect_c8y&gt;, exit status 0, duration 14 secs
15:33:38 INFO  Executed sudo&lt;tedge_disconnect_c8y&gt;, exit status 0
15:33:38 INFO  Executed systemctl&lt;serv_mapper5&gt;, exit status 3
15:33:38 INFO  
15:33:38 INFO  Test duration: 85.37 secs
15:33:38 INFO  Test final outcome:  BLOCKED
15:33:38 INFO  Test outcome reason: AssertionError:
15:33:38 INFO  
</system-out>
	</testcase>
<testcase classname="AptInstallWithDownloadPath" name="SoftwareManagement.sm_apt_install_download_path">
		<failure message="BLOCKED: AssertionError:" type="BLOCKED" />
		<system-out>15:59:05 INFO  ==============================================================
15:59:05 INFO  Id:    SoftwareManagement.sm_apt_install_download_path
15:59:05 INFO  Dir:   software_management_end_to_end/
15:59:05 INFO  Title: Install package to directory specified in tedge config set tmp.path
15:59:05 INFO  ==============================================================
15:59:07 INFO  Using sw id database: {'asciijump': '5475369', 'robotfindskitten': '5474869', 'squirrel3': '5475279', 'rolldice': '5152439', 'moon-buggy': '5439204', 'apple': '5495053', 'banana': '5494888', 'cherry': '5495382', 'watermelon': '5494510', 'registry': '8018911', 'hello-world': '8021526', 'docker/getting-started': '8021973', 'alpine': '7991792'}
15:59:07 INFO  EnvironmentC8y Setup
15:59:07 INFO  Executed systemctl&lt;serv_mapper1&gt;, exit status 3
15:59:22 INFO  Executed sudo&lt;tedge_connect_c8y&gt;, exit status 0, duration 14 secs
15:59:22 INFO  Executed sudo&lt;tedge_connect_c8y_test&gt;, exit status 0
15:59:23 INFO  Executed systemctl&lt;serv_mosq2&gt;, exit status 0
15:59:23 INFO  Executed systemctl&lt;serv_mapper3&gt;, exit status 0
15:59:26 INFO  State of current operation: SUCCESSFUL
15:59:26 INFO  Assert that (False == value) with value=False ... passed
15:59:26 INFO  Executed sudo, exit status 0
15:59:27 INFO  Executed sudo, exit status 0
15:59:27 INFO  Executed sudo, exit status 0
15:59:31 INFO  Executed sudo&lt;tedge_disconnect_c8y&gt;, exit status 0
15:59:32 INFO  Restarting mosquitto too frequently in the last 10 seconds. It was only up for 3 seconds
15:59:32 INFO  Delaying execution by 8 seconds
15:59:53 INFO  Executed sudo&lt;tedge_connect_c8y&gt;, exit status 0, duration 13 secs
15:59:54 INFO  Response status: 201
15:59:54 INFO  Response to action: {
    "creationTime": "2022-06-20T15:59:54.108Z",
    "deviceName": "m32sd10d",
    "deviceId": "20286482",
    "self": "https://t493319102.eu-latest.cumulocity.com/devicecontrol/operations/20349802",
    "id": "20349802",
    "status": "PENDING",
    "description": "Apply software changes, triggered from PySys: [{'name': 'rolldice', 'id': '5152439', 'version': '::apt', 'url': 'https://thin-edge-io.eu-latest.cumulocity.com/inventory/binaries/12435463', 'action': 'install'}]",
    "c8y_SoftwareUpdate": [
        {
            "name": "rolldice",
            "action": "install",
            "id": "5152439",
            "version": "::apt",
            "url": "https://thin-edge-io.eu-latest.cumulocity.com/inventory/binaries/12435463"
        }
    ]
}
15:59:54 INFO  Started operation: {'creationTime': '2022-06-20T15:59:54.108Z', 'deviceName': 'm32sd10d', 'deviceId': '20286482', 'self': 'https://t493319102.eu-latest.cumulocity.com/devicecontrol/operations/20349802', 'id': '20349802', 'status': 'PENDING', 'description': "Apply software changes, triggered from PySys: [{'name': 'rolldice', 'id': '5152439', 'version': '::apt', 'url': 'https://thin-edge-io.eu-latest.cumulocity.com/inventory/binaries/12435463', 'action': 'install'}]", 'c8y_SoftwareUpdate': [{'name': 'rolldice', 'action': 'install', 'id': '5152439', 'version': '::apt', 'url': 'https://thin-edge-io.eu-latest.cumulocity.com/inventory/binaries/12435463'}]}
15:59:54 WARN  , retrying in 0.5 seconds...
15:59:54 WARN  , retrying in 0.5 seconds...
15:59:55 WARN  , retrying in 0.5 seconds...
15:59:55 WARN  , retrying in 0.5 seconds...
15:59:56 WARN  , retrying in 0.5 seconds...
15:59:56 WARN  , retrying in 0.5 seconds...
15:59:57 WARN  , retrying in 0.5 seconds...
15:59:57 WARN  , retrying in 0.5 seconds...
15:59:58 WARN  , retrying in 0.5 seconds...
15:59:58 WARN  AssertionError occurred while running test - 
Traceback (most recent call last):
  File "/home/pi/env-pysys/lib/python3.7/site-packages/pysys/baserunner.py", line 1294, in __call__
    self.testObj.execute()
  File "/home/pi/actions-runner/_work/thin-edge.io/thin-edge.io/tests/PySys/software_management_end_to_end/sm_apt_install_download_path/run.py", line 83, in execute
    assert_install_in_download_path(install_directory=self.DOWNLOAD_DIR)
  File "/home/pi/env-pysys/lib/python3.7/site-packages/decorator.py", line 232, in fun
    return caller(func, *(extras + args), **kw)
  File "/home/pi/env-pysys/lib/python3.7/site-packages/retry/api.py", line 74, in retry_decorator
    logger)
  File "/home/pi/env-pysys/lib/python3.7/site-packages/retry/api.py", line 33, in __retry_internal
    return f()
  File "/home/pi/actions-runner/_work/thin-edge.io/thin-edge.io/tests/PySys/software_management_end_to_end/sm_apt_install_download_path/run.py", line 28, in assert_install_in_download_path
    assert "rolldice" in os.listdir(f"{install_directory}")
AssertionError
15:59:58 WARN  AssertionError: ... blocked 
15:59:58 INFO  
15:59:58 INFO  cleanup:
15:59:59 INFO  Executed sudo, exit status 0
15:59:59 INFO  Executed sudo, exit status 0
16:00:04 INFO  Executed sudo&lt;tedge_disconnect_c8y&gt;, exit status 0
16:00:04 INFO  Restarting mosquitto too frequently in the last 10 seconds. It was only up for 4 seconds
16:00:04 INFO  Delaying execution by 7 seconds
16:00:25 INFO  Executed sudo&lt;tedge_connect_c8y&gt;, exit status 0, duration 13 secs
16:00:29 INFO  Executed sudo&lt;tedge_disconnect_c8y&gt;, exit status 0
16:00:29 INFO  Executed systemctl&lt;serv_mapper5&gt;, exit status 3
16:00:29 INFO  
16:00:29 INFO  Test duration: 84.19 secs
16:00:30 INFO  Test final outcome:  BLOCKED
16:00:30 INFO  Test outcome reason: AssertionError:
16:00:30 INFO  
</system-out>
	</testcase>
</testsuite><testsuite name="SoftwareManagement.sm_apt_install_fail" tests="3" errors="0" failures="0" skipped="1" time="0"><testcase classname="PySysTest" name="SoftwareManagement.sm_apt_install_fail">
		<skipped message="SKIPPED: Testing the apt plugin is not supported on this platform.Use parameter -XmyPlatform='container' to enable it" />
		<system-out>15:08:34 INFO  ==============================================================
15:08:34 INFO  Id:    SoftwareManagement.sm_apt_install_fail
15:08:34 INFO  Dir:   software_management_end_to_end/
15:08:34 INFO  Title: Validate end to end behaviour for a failing installation
15:08:34 INFO  ==============================================================
15:08:34 INFO  Testing the apt plugin is not supported on this platform.Use parameter -XmyPlatform='container' to enable it ... skipped
15:08:34 WARN  Aborted test due to SKIPPED outcome
15:08:34 INFO  
15:08:34 INFO  Test duration: 0.02 secs
15:08:34 INFO  Test final outcome:  SKIPPED
15:08:34 INFO  Test outcome reason: Testing the apt plugin is not supported on this platform.Use parameter -XmyPlatform='container' to enable it
15:08:34 INFO  
</system-out>
	</testcase>
<testcase classname="PySysTest" name="SoftwareManagement.sm_apt_install_fail" />
<testcase classname="PySysTest" name="SoftwareManagement.sm_apt_install_fail" />
</testsuite><testsuite name="SoftwareManagement.sm_apt_install_remove" tests="3" errors="0" failures="0" skipped="1" time="0"><testcase classname="PySysTest" name="SoftwareManagement.sm_apt_install_remove">
		<skipped message="SKIPPED: Testing the apt plugin is not supported on this platform.Use parameter -XmyPlatform='container' to enable it" />
		<system-out>15:08:34 INFO  ==============================================================
15:08:34 INFO  Id:    SoftwareManagement.sm_apt_install_remove
15:08:34 INFO  Dir:   software_management_end_to_end/
15:08:34 INFO  Title: Validate end to end behaviour for the apt plugin for installation and removal of packages
15:08:34 INFO  ==============================================================
15:08:34 INFO  Testing the apt plugin is not supported on this platform.Use parameter -XmyPlatform='container' to enable it ... skipped
15:08:34 WARN  Aborted test due to SKIPPED outcome
15:08:34 INFO  
15:08:34 INFO  Test duration: 0.02 secs
15:08:34 INFO  Test final outcome:  SKIPPED
15:08:34 INFO  Test outcome reason: Testing the apt plugin is not supported on this platform.Use parameter -XmyPlatform='container' to enable it
15:08:34 INFO  
</system-out>
	</testcase>
<testcase classname="PySysTest" name="SoftwareManagement.sm_apt_install_remove" />
<testcase classname="PySysTest" name="SoftwareManagement.sm_apt_install_remove" />
</testsuite><testsuite name="SoftwareManagement.sm_apt_install_remove_default" tests="3" errors="0" failures="0" skipped="1" time="0"><testcase classname="PySysTest" name="SoftwareManagement.sm_apt_install_remove_default">
		<skipped message="SKIPPED: Testing the apt plugin is not supported on this platform.Use parameter -XmyPlatform='container' to enable it" />
		<system-out>15:08:34 INFO  ==============================================================
15:08:34 INFO  Id:    SoftwareManagement.sm_apt_install_remove_default
15:08:34 INFO  Dir:   software_management_end_to_end/
15:08:34 INFO  Title: Validate end to end behaviour for the default plugin for installation and removal of packages
15:08:34 INFO  ==============================================================
15:08:34 INFO  Testing the apt plugin is not supported on this platform.Use parameter -XmyPlatform='container' to enable it ... skipped
15:08:34 WARN  Aborted test due to SKIPPED outcome
15:08:34 INFO  
15:08:34 INFO  Test duration: 0.02 secs
15:08:34 INFO  Test final outcome:  SKIPPED
15:08:34 INFO  Test outcome reason: Testing the apt plugin is not supported on this platform.Use parameter -XmyPlatform='container' to enable it
15:08:34 INFO  
</system-out>
	</testcase>
<testcase classname="PySysTest" name="SoftwareManagement.sm_apt_install_remove_default" />
<testcase classname="PySysTest" name="SoftwareManagement.sm_apt_install_remove_default" />
</testsuite><testsuite name="SoftwareManagement.sm_apt_install_remove_multiple" tests="3" errors="0" failures="2" skipped="1" time="0"><testcase classname="PySysTest" name="SoftwareManagement.sm_apt_install_remove_multiple">
		<skipped message="SKIPPED: Testing the apt plugin is not supported on this platform.Use parameter -XmyPlatform='container' to enable it" />
		<system-out>15:08:34 INFO  ==============================================================
15:08:34 INFO  Id:    SoftwareManagement.sm_apt_install_remove_multiple
15:08:34 INFO  Dir:   software_management_end_to_end/
15:08:34 INFO  Title: Validate end to end behaviour for the apt plugin for multiple packages
15:08:34 INFO  ==============================================================
15:08:34 INFO  Testing the apt plugin is not supported on this platform.Use parameter -XmyPlatform='container' to enable it ... skipped
15:08:34 WARN  Aborted test due to SKIPPED outcome
15:08:34 INFO  
15:08:34 INFO  Test duration: 0.02 secs
15:08:34 INFO  Test final outcome:  SKIPPED
15:08:34 INFO  Test outcome reason: Testing the apt plugin is not supported on this platform.Use parameter -XmyPlatform='container' to enable it
15:08:34 INFO  
</system-out>
	</testcase>
<testcase classname="PySysTest" name="SoftwareManagement.sm_apt_install_remove_multiple">
		<failure message="FAILED: Assert that (False == value) with value=True" type="FAILED" />
		<system-out>15:40:23 INFO  ==============================================================
15:40:23 INFO  Id:    SoftwareManagement.sm_apt_install_remove_multiple
15:40:23 INFO  Dir:   software_management_end_to_end/
15:40:23 INFO  Title: Validate end to end behaviour for the apt plugin for multiple packages
15:40:23 INFO  ==============================================================
15:40:23 INFO  Using sw id database: {'asciijump': '5475369', 'robotfindskitten': '5474869', 'squirrel3': '5475279', 'rolldice': '5152439', 'moon-buggy': '5439204', 'apple': '5495053', 'banana': '5494888', 'cherry': '5495382', 'watermelon': '5494510', 'registry': '8018911', 'hello-world': '8021526', 'docker/getting-started': '8021973', 'alpine': '7991792'}
15:40:23 INFO  EnvironmentC8y Setup
15:40:24 INFO  Executed systemctl&lt;serv_mapper1&gt;, exit status 3
15:40:24 INFO  Restarting mosquitto too frequently in the last 10 seconds. It was only up for 5 seconds
15:40:24 INFO  Delaying execution by 6 seconds
15:40:44 INFO  Executed sudo&lt;tedge_connect_c8y&gt;, exit status 0, duration 13 secs
15:40:45 INFO  Executed sudo&lt;tedge_connect_c8y_test&gt;, exit status 0
15:40:45 INFO  Executed systemctl&lt;serv_mosq2&gt;, exit status 0
15:40:46 INFO  Executed systemctl&lt;serv_mapper3&gt;, exit status 0
15:40:48 INFO  State of current operation: SUCCESSFUL
15:40:48 INFO  Assert that (False == value) with value=False ... passed
15:40:48 INFO  Assert that (False == value) with value=False ... passed
15:40:49 INFO  Assert that (False == value) with value=False ... passed
15:40:49 INFO  Package robotfindskitten is installed
15:40:49 WARN  Assert that (False == value) with value=True ... failed 
15:40:49 INFO  Response status: 201
15:40:49 INFO  Response to action: {
    "creationTime": "2022-06-20T15:40:49.472Z",
    "deviceName": "m32sd10d",
    "deviceId": "20286482",
    "self": "https://t493319102.eu-latest.cumulocity.com/devicecontrol/operations/20349684",
    "id": "20349684",
    "status": "PENDING",
    "description": "Apply software changes, triggered from PySys: [{'action': 'install', 'id': '5475369', 'name': 'asciijump', 'url': ' ', 'version': '::apt'}, {'action': 'install', 'id': '5474869', 'name': 'robotfindskitten', 'url': ' ', 'version': '::apt'}, {'action': 'install', 'id': '5475279', 'name': 'squirrel3', 'url': ' ', 'version': '::apt'}]",
    "c8y_SoftwareUpdate": [
        {
            "name": "asciijump",
            "action": "install",
            "id": "5475369",
            "version": "::apt",
            "url": " "
        },
        {
            "name": "robotfindskitten",
            "action": "install",
            "id": "5474869",
            "version": "::apt",
            "url": " "
        },
        {
            "name": "squirrel3",
            "action": "install",
            "id": "5475279",
            "version": "::apt",
            "url": " "
        }
    ]
}
15:40:49 INFO  Started operation: {'creationTime': '2022-06-20T15:40:49.472Z', 'deviceName': 'm32sd10d', 'deviceId': '20286482', 'self': 'https://t493319102.eu-latest.cumulocity.com/devicecontrol/operations/20349684', 'id': '20349684', 'status': 'PENDING', 'description': "Apply software changes, triggered from PySys: [{'action': 'install', 'id': '5475369', 'name': 'asciijump', 'url': ' ', 'version': '::apt'}, {'action': 'install', 'id': '5474869', 'name': 'robotfindskitten', 'url': ' ', 'version': '::apt'}, {'action': 'install', 'id': '5475279', 'name': 'squirrel3', 'url': ' ', 'version': '::apt'}]", 'c8y_SoftwareUpdate': [{'name': 'asciijump', 'action': 'install', 'id': '5475369', 'version': '::apt', 'url': ' '}, {'name': 'robotfindskitten', 'action': 'install', 'id': '5474869', 'version': '::apt', 'url': ' '}, {'name': 'squirrel3', 'action': 'install', 'id': '5475279', 'version': '::apt', 'url': ' '}]}
15:40:51 INFO  State of operation 20349684 : PENDING
15:40:53 INFO  State of operation 20349684 : EXECUTING
15:40:56 INFO  State of operation 20349684 : EXECUTING
15:40:58 INFO  State of operation 20349684 : EXECUTING
15:41:00 INFO  State of operation 20349684 : EXECUTING
15:41:02 INFO  State of operation 20349684 : EXECUTING
15:41:05 INFO  State of operation 20349684 : EXECUTING
15:41:08 INFO  State of operation 20349684 : EXECUTING
15:41:10 INFO  State of operation 20349684 : EXECUTING
15:41:13 INFO  State of operation 20349684 : EXECUTING
15:41:15 INFO  State of operation 20349684 : EXECUTING
15:41:17 INFO  State of operation 20349684 : EXECUTING
15:41:19 INFO  State of operation 20349684 : EXECUTING
15:41:21 INFO  State of operation 20349684 : EXECUTING
15:41:24 INFO  State of operation 20349684 : EXECUTING
15:41:26 INFO  State of operation 20349684 : EXECUTING
15:41:28 INFO  State of operation 20349684 : EXECUTING
15:41:31 INFO  State of operation 20349684 : EXECUTING
15:41:33 INFO  State of operation 20349684 : EXECUTING
15:41:36 INFO  State of operation 20349684 : EXECUTING
15:41:38 INFO  State of operation 20349684 : EXECUTING
15:41:41 INFO  State of operation 20349684 : EXECUTING
15:41:43 INFO  State of operation 20349684 : EXECUTING
15:41:46 INFO  State of operation 20349684 : EXECUTING
15:41:48 INFO  State of operation 20349684 : EXECUTING
15:41:51 INFO  State of operation 20349684 : EXECUTING
15:41:53 INFO  State of operation 20349684 : EXECUTING
15:41:56 INFO  State of operation 20349684 : EXECUTING
15:41:58 INFO  State of operation 20349684 : EXECUTING
15:42:01 INFO  State of operation 20349684 : EXECUTING
15:42:03 INFO  State of operation 20349684 : EXECUTING
15:42:05 INFO  State of operation 20349684 : EXECUTING
15:42:08 INFO  State of operation 20349684 : EXECUTING
15:42:10 INFO  State of operation 20349684 : SUCCESSFUL
15:42:10 INFO  Assert that (False == value) with value=False ... passed
15:42:10 INFO  Package asciijump is installed
15:42:10 INFO  Assert that (True == value) with value=True ... passed
15:42:10 INFO  Package squirrel3 is installed
15:42:10 INFO  Assert that (True == value) with value=True ... passed
15:42:11 INFO  Package robotfindskitten is installed
15:42:11 INFO  Assert that (True == value) with value=True ... passed
15:42:11 INFO  Response status: 201
15:42:11 INFO  Response to action: {
    "creationTime": "2022-06-20T15:42:11.347Z",
    "deviceName": "m32sd10d",
    "deviceId": "20286482",
    "self": "https://t493319102.eu-latest.cumulocity.com/devicecontrol/operations/20349695",
    "id": "20349695",
    "status": "PENDING",
    "description": "Apply software changes, triggered from PySys: [{'action': 'delete', 'id': '5475369', 'name': 'asciijump', 'url': ' ', 'version': '::apt'}, {'action': 'delete', 'id': '5474869', 'name': 'robotfindskitten', 'url': ' ', 'version': '::apt'}, {'action': 'delete', 'id': '5475279', 'name': 'squirrel3', 'url': ' ', 'version': '::apt'}]",
    "c8y_SoftwareUpdate": [
        {
            "name": "asciijump",
            "action": "delete",
            "id": "5475369",
            "version": "::apt",
            "url": " "
        },
        {
            "name": "robotfindskitten",
            "action": "delete",
            "id": "5474869",
            "version": "::apt",
            "url": " "
        },
        {
            "name": "squirrel3",
            "action": "delete",
            "id": "5475279",
            "version": "::apt",
            "url": " "
        }
    ]
}
15:42:11 INFO  Started operation: {'creationTime': '2022-06-20T15:42:11.347Z', 'deviceName': 'm32sd10d', 'deviceId': '20286482', 'self': 'https://t493319102.eu-latest.cumulocity.com/devicecontrol/operations/20349695', 'id': '20349695', 'status': 'PENDING', 'description': "Apply software changes, triggered from PySys: [{'action': 'delete', 'id': '5475369', 'name': 'asciijump', 'url': ' ', 'version': '::apt'}, {'action': 'delete', 'id': '5474869', 'name': 'robotfindskitten', 'url': ' ', 'version': '::apt'}, {'action': 'delete', 'id': '5475279', 'name': 'squirrel3', 'url': ' ', 'version': '::apt'}]", 'c8y_SoftwareUpdate': [{'name': 'asciijump', 'action': 'delete', 'id': '5475369', 'version': '::apt', 'url': ' '}, {'name': 'robotfindskitten', 'action': 'delete', 'id': '5474869', 'version': '::apt', 'url': ' '}, {'name': 'squirrel3', 'action': 'delete', 'id': '5475279', 'version': '::apt', 'url': ' '}]}
15:42:13 INFO  State of operation 20349695 : PENDING
15:42:15 INFO  State of operation 20349695 : EXECUTING
15:42:18 INFO  State of operation 20349695 : EXECUTING
15:42:20 INFO  State of operation 20349695 : EXECUTING
15:42:22 INFO  State of operation 20349695 : EXECUTING
15:42:24 INFO  State of operation 20349695 : EXECUTING
15:42:27 INFO  State of operation 20349695 : EXECUTING
15:42:30 INFO  State of operation 20349695 : EXECUTING
15:42:32 INFO  State of operation 20349695 : EXECUTING
15:42:34 INFO  State of operation 20349695 : EXECUTING
15:42:37 INFO  State of operation 20349695 : EXECUTING
15:42:39 INFO  State of operation 20349695 : EXECUTING
15:42:41 INFO  State of operation 20349695 : EXECUTING
15:42:43 INFO  State of operation 20349695 : EXECUTING
15:42:46 INFO  State of operation 20349695 : EXECUTING
15:42:48 INFO  State of operation 20349695 : EXECUTING
15:42:50 INFO  State of operation 20349695 : EXECUTING
15:42:53 INFO  State of operation 20349695 : EXECUTING
15:42:56 INFO  State of operation 20349695 : EXECUTING
15:42:58 INFO  State of operation 20349695 : EXECUTING
15:43:00 INFO  State of operation 20349695 : EXECUTING
15:43:02 INFO  State of operation 20349695 : EXECUTING
15:43:04 INFO  State of operation 20349695 : EXECUTING
15:43:07 INFO  State of operation 20349695 : EXECUTING
15:43:09 INFO  State of operation 20349695 : EXECUTING
15:43:12 INFO  State of operation 20349695 : EXECUTING
15:43:14 INFO  State of operation 20349695 : EXECUTING
15:43:16 INFO  State of operation 20349695 : SUCCESSFUL
15:43:17 INFO  Assert that (False == value) with value=False ... passed
15:43:17 INFO  Assert that (False == value) with value=False ... passed
15:43:17 INFO  Assert that (False == value) with value=False ... passed
15:43:17 INFO  Assert that (False == value) with value=False ... passed
15:43:17 INFO  
15:43:17 INFO  cleanup:
15:43:21 INFO  Executed sudo&lt;tedge_disconnect_c8y&gt;, exit status 0
15:43:22 INFO  Executed systemctl&lt;serv_mapper5&gt;, exit status 3
15:43:22 INFO  
15:43:22 INFO  Test duration: 178.43 secs
15:43:22 INFO  Test final outcome:  FAILED
15:43:22 INFO  Test outcome reason: Assert that (False == value) with value=True
15:43:22 INFO  
</system-out>
	</testcase>
<testcase classname="PySysTest" name="SoftwareManagement.sm_apt_install_remove_multiple">
		<failure message="FAILED: Assert that (False == value) with value=True (+2 other failures)" type="FAILED" />
		<system-out>16:07:04 INFO  ==============================================================
16:07:04 INFO  Id:    SoftwareManagement.sm_apt_install_remove_multiple
16:07:04 INFO  Dir:   software_management_end_to_end/
16:07:04 INFO  Title: Validate end to end behaviour for the apt plugin for multiple packages
16:07:04 INFO  ==============================================================
16:07:04 INFO  Using sw id database: {'asciijump': '5475369', 'robotfindskitten': '5474869', 'squirrel3': '5475279', 'rolldice': '5152439', 'moon-buggy': '5439204', 'apple': '5495053', 'banana': '5494888', 'cherry': '5495382', 'watermelon': '5494510', 'registry': '8018911', 'hello-world': '8021526', 'docker/getting-started': '8021973', 'alpine': '7991792'}
16:07:04 INFO  EnvironmentC8y Setup
16:07:04 INFO  Executed systemctl&lt;serv_mapper1&gt;, exit status 3
16:07:04 INFO  Restarting mosquitto too frequently in the last 10 seconds. It was only up for 4 seconds
16:07:04 INFO  Delaying execution by 7 seconds
16:07:25 INFO  Executed sudo&lt;tedge_connect_c8y&gt;, exit status 0, duration 13 secs
16:07:26 INFO  Executed sudo&lt;tedge_connect_c8y_test&gt;, exit status 0
16:07:26 INFO  Executed systemctl&lt;serv_mosq2&gt;, exit status 0
16:07:27 INFO  Executed systemctl&lt;serv_mapper3&gt;, exit status 0
16:07:29 INFO  State of current operation: SUCCESSFUL
16:07:29 INFO  Assert that (False == value) with value=False ... passed
16:07:30 INFO  Package asciijump is installed
16:07:30 WARN  Assert that (False == value) with value=True ... failed 
16:07:30 INFO  Package squirrel3 is installed
16:07:30 WARN  Assert that (False == value) with value=True ... failed 
16:07:30 INFO  Package robotfindskitten is installed
16:07:30 WARN  Assert that (False == value) with value=True ... failed 
16:07:31 INFO  Response status: 201
16:07:31 INFO  Response to action: {
    "creationTime": "2022-06-20T16:07:31.056Z",
    "deviceName": "m32sd10d",
    "deviceId": "20286482",
    "self": "https://t493319102.eu-latest.cumulocity.com/devicecontrol/operations/20349854",
    "id": "20349854",
    "status": "PENDING",
    "description": "Apply software changes, triggered from PySys: [{'action': 'install', 'id': '5475369', 'name': 'asciijump', 'url': ' ', 'version': '::apt'}, {'action': 'install', 'id': '5474869', 'name': 'robotfindskitten', 'url': ' ', 'version': '::apt'}, {'action': 'install', 'id': '5475279', 'name': 'squirrel3', 'url': ' ', 'version': '::apt'}]",
    "c8y_SoftwareUpdate": [
        {
            "name": "asciijump",
            "action": "install",
            "id": "5475369",
            "version": "::apt",
            "url": " "
        },
        {
            "name": "robotfindskitten",
            "action": "install",
            "id": "5474869",
            "version": "::apt",
            "url": " "
        },
        {
            "name": "squirrel3",
            "action": "install",
            "id": "5475279",
            "version": "::apt",
            "url": " "
        }
    ]
}
16:07:31 INFO  Started operation: {'creationTime': '2022-06-20T16:07:31.056Z', 'deviceName': 'm32sd10d', 'deviceId': '20286482', 'self': 'https://t493319102.eu-latest.cumulocity.com/devicecontrol/operations/20349854', 'id': '20349854', 'status': 'PENDING', 'description': "Apply software changes, triggered from PySys: [{'action': 'install', 'id': '5475369', 'name': 'asciijump', 'url': ' ', 'version': '::apt'}, {'action': 'install', 'id': '5474869', 'name': 'robotfindskitten', 'url': ' ', 'version': '::apt'}, {'action': 'install', 'id': '5475279', 'name': 'squirrel3', 'url': ' ', 'version': '::apt'}]", 'c8y_SoftwareUpdate': [{'name': 'asciijump', 'action': 'install', 'id': '5475369', 'version': '::apt', 'url': ' '}, {'name': 'robotfindskitten', 'action': 'install', 'id': '5474869', 'version': '::apt', 'url': ' '}, {'name': 'squirrel3', 'action': 'install', 'id': '5475279', 'version': '::apt', 'url': ' '}]}
16:07:33 INFO  State of operation 20349854 : PENDING
16:07:35 INFO  State of operation 20349854 : EXECUTING
16:07:37 INFO  State of operation 20349854 : EXECUTING
16:07:39 INFO  State of operation 20349854 : EXECUTING
16:07:42 INFO  State of operation 20349854 : EXECUTING
16:07:44 INFO  State of operation 20349854 : EXECUTING
16:07:47 INFO  State of operation 20349854 : EXECUTING
16:07:50 INFO  State of operation 20349854 : EXECUTING
16:07:52 INFO  State of operation 20349854 : EXECUTING
16:07:54 INFO  State of operation 20349854 : EXECUTING
16:07:56 INFO  State of operation 20349854 : EXECUTING
16:07:59 INFO  State of operation 20349854 : EXECUTING
16:08:01 INFO  State of operation 20349854 : EXECUTING
16:08:03 INFO  State of operation 20349854 : EXECUTING
16:08:05 INFO  State of operation 20349854 : EXECUTING
16:08:08 INFO  State of operation 20349854 : SUCCESSFUL
16:08:08 INFO  Assert that (False == value) with value=False ... passed
16:08:08 INFO  Package asciijump is installed
16:08:08 INFO  Assert that (True == value) with value=True ... passed
16:08:08 INFO  Package squirrel3 is installed
16:08:08 INFO  Assert that (True == value) with value=True ... passed
16:08:08 INFO  Package robotfindskitten is installed
16:08:08 INFO  Assert that (True == value) with value=True ... passed
16:08:09 INFO  Response status: 201
16:08:09 INFO  Response to action: {
    "creationTime": "2022-06-20T16:08:09.161Z",
    "deviceName": "m32sd10d",
    "deviceId": "20286482",
    "self": "https://t493319102.eu-latest.cumulocity.com/devicecontrol/operations/20349866",
    "id": "20349866",
    "status": "PENDING",
    "description": "Apply software changes, triggered from PySys: [{'action': 'delete', 'id': '5475369', 'name': 'asciijump', 'url': ' ', 'version': '::apt'}, {'action': 'delete', 'id': '5474869', 'name': 'robotfindskitten', 'url': ' ', 'version': '::apt'}, {'action': 'delete', 'id': '5475279', 'name': 'squirrel3', 'url': ' ', 'version': '::apt'}]",
    "c8y_SoftwareUpdate": [
        {
            "name": "asciijump",
            "action": "delete",
            "id": "5475369",
            "version": "::apt",
            "url": " "
        },
        {
            "name": "robotfindskitten",
            "action": "delete",
            "id": "5474869",
            "version": "::apt",
            "url": " "
        },
        {
            "name": "squirrel3",
            "action": "delete",
            "id": "5475279",
            "version": "::apt",
            "url": " "
        }
    ]
}
16:08:09 INFO  Started operation: {'creationTime': '2022-06-20T16:08:09.161Z', 'deviceName': 'm32sd10d', 'deviceId': '20286482', 'self': 'https://t493319102.eu-latest.cumulocity.com/devicecontrol/operations/20349866', 'id': '20349866', 'status': 'PENDING', 'description': "Apply software changes, triggered from PySys: [{'action': 'delete', 'id': '5475369', 'name': 'asciijump', 'url': ' ', 'version': '::apt'}, {'action': 'delete', 'id': '5474869', 'name': 'robotfindskitten', 'url': ' ', 'version': '::apt'}, {'action': 'delete', 'id': '5475279', 'name': 'squirrel3', 'url': ' ', 'version': '::apt'}]", 'c8y_SoftwareUpdate': [{'name': 'asciijump', 'action': 'delete', 'id': '5475369', 'version': '::apt', 'url': ' '}, {'name': 'robotfindskitten', 'action': 'delete', 'id': '5474869', 'version': '::apt', 'url': ' '}, {'name': 'squirrel3', 'action': 'delete', 'id': '5475279', 'version': '::apt', 'url': ' '}]}
16:08:11 INFO  State of operation 20349866 : PENDING
16:08:13 INFO  State of operation 20349866 : EXECUTING
16:08:15 INFO  State of operation 20349866 : EXECUTING
16:08:18 INFO  State of operation 20349866 : EXECUTING
16:08:20 INFO  State of operation 20349866 : EXECUTING
16:08:22 INFO  State of operation 20349866 : EXECUTING
16:08:25 INFO  State of operation 20349866 : EXECUTING
16:08:28 INFO  State of operation 20349866 : EXECUTING
16:08:30 INFO  State of operation 20349866 : EXECUTING
16:08:32 INFO  State of operation 20349866 : EXECUTING
16:08:34 INFO  State of operation 20349866 : EXECUTING
16:08:37 INFO  State of operation 20349866 : EXECUTING
16:08:39 INFO  State of operation 20349866 : EXECUTING
16:08:41 INFO  State of operation 20349866 : EXECUTING
16:08:43 INFO  State of operation 20349866 : EXECUTING
16:08:46 INFO  State of operation 20349866 : EXECUTING
16:08:48 INFO  State of operation 20349866 : EXECUTING
16:08:51 INFO  State of operation 20349866 : EXECUTING
16:08:53 INFO  State of operation 20349866 : EXECUTING
16:08:55 INFO  State of operation 20349866 : EXECUTING
16:08:58 INFO  State of operation 20349866 : EXECUTING
16:09:00 INFO  State of operation 20349866 : EXECUTING
16:09:02 INFO  State of operation 20349866 : EXECUTING
16:09:04 INFO  State of operation 20349866 : EXECUTING
16:09:07 INFO  State of operation 20349866 : EXECUTING
16:09:09 INFO  State of operation 20349866 : EXECUTING
16:09:12 INFO  State of operation 20349866 : EXECUTING
16:09:14 INFO  State of operation 20349866 : EXECUTING
16:09:16 INFO  State of operation 20349866 : SUCCESSFUL
16:09:16 INFO  Assert that (False == value) with value=False ... passed
16:09:17 INFO  Assert that (False == value) with value=False ... passed
16:09:17 INFO  Assert that (False == value) with value=False ... passed
16:09:17 INFO  Assert that (False == value) with value=False ... passed
16:09:17 INFO  
16:09:17 INFO  cleanup:
16:09:21 INFO  Executed sudo&lt;tedge_disconnect_c8y&gt;, exit status 0
16:09:22 INFO  Executed systemctl&lt;serv_mapper5&gt;, exit status 3
16:09:22 INFO  
16:09:22 INFO  Test duration: 138.22 secs
16:09:22 INFO  Test final outcome:  FAILED
16:09:22 INFO  Test outcome reason: Assert that (False == value) with value=True (+2 other failures)
16:09:22 INFO  
</system-out>
	</testcase>
</testsuite><testsuite name="SoftwareManagement.sm_apt_install_remove_multiple_mixed" tests="3" errors="0" failures="2" skipped="1" time="0"><testcase classname="PySysTest" name="SoftwareManagement.sm_apt_install_remove_multiple_mixed">
		<skipped message="SKIPPED: Testing the apt plugin is not supported on this platform.Use parameter -XmyPlatform='container' to enable it" />
		<system-out>15:08:34 INFO  ==============================================================
15:08:34 INFO  Id:    SoftwareManagement.sm_apt_install_remove_multiple_mixed
15:08:34 INFO  Dir:   software_management_end_to_end/
15:08:34 INFO  Title: Validate end to end behaviour for the apt plugin for multiple packages with mixed versions
15:08:34 INFO  ==============================================================
15:08:34 INFO  Testing the apt plugin is not supported on this platform.Use parameter -XmyPlatform='container' to enable it ... skipped
15:08:34 WARN  Aborted test due to SKIPPED outcome
15:08:34 INFO  
15:08:34 INFO  Test duration: 0.03 secs
15:08:34 INFO  Test final outcome:  SKIPPED
15:08:34 INFO  Test outcome reason: Testing the apt plugin is not supported on this platform.Use parameter -XmyPlatform='container' to enable it
15:08:34 INFO  
</system-out>
	</testcase>
<testcase classname="PySysTest" name="SoftwareManagement.sm_apt_install_remove_multiple_mixed">
		<failure message="BLOCKED: SystemError: Timeout while waiting for status SUCCESSFUL or False" type="BLOCKED" />
		<system-out>15:43:22 INFO  ==============================================================
15:43:22 INFO  Id:    SoftwareManagement.sm_apt_install_remove_multiple_mixed
15:43:22 INFO  Dir:   software_management_end_to_end/
15:43:22 INFO  Title: Validate end to end behaviour for the apt plugin for multiple packages with mixed versions
15:43:22 INFO  ==============================================================
15:43:22 INFO  Using sw id database: {'asciijump': '5475369', 'robotfindskitten': '5474869', 'squirrel3': '5475279', 'rolldice': '5152439', 'moon-buggy': '5439204', 'apple': '5495053', 'banana': '5494888', 'cherry': '5495382', 'watermelon': '5494510', 'registry': '8018911', 'hello-world': '8021526', 'docker/getting-started': '8021973', 'alpine': '7991792'}
15:43:22 INFO  EnvironmentC8y Setup
15:43:22 INFO  Executed systemctl&lt;serv_mapper1&gt;, exit status 3
15:43:23 INFO  Restarting mosquitto too frequently in the last 10 seconds. It was only up for 4 seconds
15:43:23 INFO  Delaying execution by 7 seconds
15:43:43 INFO  Executed sudo&lt;tedge_connect_c8y&gt;, exit status 0, duration 13 secs
15:43:44 INFO  Executed sudo&lt;tedge_connect_c8y_test&gt;, exit status 0
15:43:44 INFO  Executed systemctl&lt;serv_mosq2&gt;, exit status 0
15:43:45 INFO  Executed systemctl&lt;serv_mapper3&gt;, exit status 0
15:43:47 INFO  State of current operation: SUCCESSFUL
15:43:47 INFO  Assert that (False == value) with value=False ... passed
15:43:48 INFO  Assert that (False == value) with value=False ... passed
15:43:48 INFO  Assert that (False == value) with value=False ... passed
15:43:48 INFO  Assert that (False == value) with value=False ... passed
15:43:48 INFO  Assert that (False == value) with value=False ... passed
15:43:49 INFO  Response status: 201
15:43:49 INFO  Response to action: {
    "creationTime": "2022-06-20T15:43:49.887Z",
    "deviceName": "m32sd10d",
    "deviceId": "20286482",
    "self": "https://t493319102.eu-latest.cumulocity.com/devicecontrol/operations/20349711",
    "id": "20349711",
    "status": "PENDING",
    "description": "Apply software changes, triggered from PySys: [{'action': 'install', 'id': '5475369', 'name': 'asciijump', 'url': ' ', 'version': '::apt'}, {'action': 'install', 'id': '5474869', 'name': 'robotfindskitten', 'url': ' ', 'version': ' '}, {'action': 'install', 'id': '5475279', 'name': 'squirrel3', 'url': ' ', 'version': '3.1-7::apt'}, {'action': 'install', 'id': '5152439', 'name': 'rolldice', 'url': ' ', 'version': '1.16-1+b1'}, {'action': 'install', 'id': '5439204', 'name': 'moon-buggy', 'url': ' ', 'version': '1:1.0.51-12'}, {'action': 'install', 'id': '5475369', 'name': 'asciijump', 'url': ' ', 'version': '::apt'}]",
    "c8y_SoftwareUpdate": [
        {
            "name": "asciijump",
            "action": "install",
            "id": "5475369",
            "version": "::apt",
            "url": " "
        },
        {
            "name": "robotfindskitten",
            "action": "install",
            "id": "5474869",
            "version": " ",
            "url": " "
        },
        {
            "name": "squirrel3",
            "action": "install",
            "id": "5475279",
            "version": "3.1-7::apt",
            "url": " "
        },
        {
            "name": "rolldice",
            "action": "install",
            "id": "5152439",
            "version": "1.16-1+b1",
            "url": " "
        },
        {
            "name": "moon-buggy",
            "action": "install",
            "id": "5439204",
            "version": "1:1.0.51-12",
            "url": " "
        },
        {
            "name": "asciijump",
            "action": "install",
            "id": "5475369",
            "version": "::apt",
            "url": " "
        }
    ]
}
15:43:49 INFO  Started operation: {'creationTime': '2022-06-20T15:43:49.887Z', 'deviceName': 'm32sd10d', 'deviceId': '20286482', 'self': 'https://t493319102.eu-latest.cumulocity.com/devicecontrol/operations/20349711', 'id': '20349711', 'status': 'PENDING', 'description': "Apply software changes, triggered from PySys: [{'action': 'install', 'id': '5475369', 'name': 'asciijump', 'url': ' ', 'version': '::apt'}, {'action': 'install', 'id': '5474869', 'name': 'robotfindskitten', 'url': ' ', 'version': ' '}, {'action': 'install', 'id': '5475279', 'name': 'squirrel3', 'url': ' ', 'version': '3.1-7::apt'}, {'action': 'install', 'id': '5152439', 'name': 'rolldice', 'url': ' ', 'version': '1.16-1+b1'}, {'action': 'install', 'id': '5439204', 'name': 'moon-buggy', 'url': ' ', 'version': '1:1.0.51-12'}, {'action': 'install', 'id': '5475369', 'name': 'asciijump', 'url': ' ', 'version': '::apt'}]", 'c8y_SoftwareUpdate': [{'name': 'asciijump', 'action': 'install', 'id': '5475369', 'version': '::apt', 'url': ' '}, {'name': 'robotfindskitten', 'action': 'install', 'id': '5474869', 'version': ' ', 'url': ' '}, {'name': 'squirrel3', 'action': 'install', 'id': '5475279', 'version': '3.1-7::apt', 'url': ' '}, {'name': 'rolldice', 'action': 'install', 'id': '5152439', 'version': '1.16-1+b1', 'url': ' '}, {'name': 'moon-buggy', 'action': 'install', 'id': '5439204', 'version': '1:1.0.51-12', 'url': ' '}, {'name': 'asciijump', 'action': 'install', 'id': '5475369', 'version': '::apt', 'url': ' '}]}
15:43:52 INFO  State of operation 20349711 : PENDING
15:43:54 INFO  State of operation 20349711 : EXECUTING
15:43:56 INFO  State of operation 20349711 : EXECUTING
15:43:59 INFO  State of operation 20349711 : EXECUTING
15:44:01 INFO  State of operation 20349711 : EXECUTING
15:44:03 INFO  State of operation 20349711 : EXECUTING
15:44:06 INFO  State of operation 20349711 : EXECUTING
15:44:09 INFO  State of operation 20349711 : EXECUTING
15:44:11 INFO  State of operation 20349711 : EXECUTING
15:44:13 INFO  State of operation 20349711 : EXECUTING
15:44:16 INFO  State of operation 20349711 : EXECUTING
15:44:18 INFO  State of operation 20349711 : EXECUTING
15:44:20 INFO  State of operation 20349711 : EXECUTING
15:44:22 INFO  State of operation 20349711 : EXECUTING
15:44:25 INFO  State of operation 20349711 : EXECUTING
15:44:27 INFO  State of operation 20349711 : EXECUTING
15:44:29 INFO  State of operation 20349711 : EXECUTING
15:44:32 INFO  State of operation 20349711 : EXECUTING
15:44:34 INFO  State of operation 20349711 : EXECUTING
15:44:36 INFO  State of operation 20349711 : EXECUTING
15:44:39 INFO  State of operation 20349711 : EXECUTING
15:44:41 INFO  State of operation 20349711 : EXECUTING
15:44:43 INFO  State of operation 20349711 : EXECUTING
15:44:46 INFO  State of operation 20349711 : EXECUTING
15:44:48 INFO  State of operation 20349711 : EXECUTING
15:44:51 INFO  State of operation 20349711 : EXECUTING
15:44:53 INFO  State of operation 20349711 : EXECUTING
15:44:56 INFO  State of operation 20349711 : EXECUTING
15:44:58 INFO  State of operation 20349711 : EXECUTING
15:45:01 INFO  State of operation 20349711 : EXECUTING
15:45:03 INFO  State of operation 20349711 : EXECUTING
15:45:05 INFO  State of operation 20349711 : EXECUTING
15:45:07 INFO  State of operation 20349711 : EXECUTING
15:45:10 INFO  State of operation 20349711 : EXECUTING
15:45:12 INFO  State of operation 20349711 : EXECUTING
15:45:14 INFO  State of operation 20349711 : EXECUTING
15:45:16 INFO  State of operation 20349711 : EXECUTING
15:45:19 INFO  State of operation 20349711 : EXECUTING
15:45:22 INFO  State of operation 20349711 : EXECUTING
15:45:24 INFO  State of operation 20349711 : EXECUTING
15:45:26 INFO  State of operation 20349711 : EXECUTING
15:45:29 INFO  State of operation 20349711 : EXECUTING
15:45:31 INFO  State of operation 20349711 : EXECUTING
15:45:33 INFO  State of operation 20349711 : EXECUTING
15:45:36 INFO  State of operation 20349711 : EXECUTING
15:45:38 INFO  State of operation 20349711 : EXECUTING
15:45:40 INFO  State of operation 20349711 : EXECUTING
15:45:42 INFO  State of operation 20349711 : EXECUTING
15:45:45 INFO  State of operation 20349711 : EXECUTING
15:45:47 INFO  State of operation 20349711 : EXECUTING
15:45:50 INFO  State of operation 20349711 : EXECUTING
15:45:52 INFO  State of operation 20349711 : EXECUTING
15:45:55 INFO  State of operation 20349711 : EXECUTING
15:45:57 INFO  State of operation 20349711 : EXECUTING
15:46:00 INFO  State of operation 20349711 : EXECUTING
15:46:02 INFO  State of operation 20349711 : EXECUTING
15:46:04 INFO  State of operation 20349711 : EXECUTING
15:46:06 INFO  State of operation 20349711 : EXECUTING
15:46:09 INFO  State of operation 20349711 : EXECUTING
15:46:11 INFO  State of operation 20349711 : EXECUTING
15:46:13 INFO  State of operation 20349711 : EXECUTING
15:46:15 WARN  SystemError occurred while running test - Timeout while waiting for status SUCCESSFUL or False
Traceback (most recent call last):
  File "/home/pi/env-pysys/lib/python3.7/site-packages/pysys/baserunner.py", line 1294, in __call__
    self.testObj.execute()
  File "/home/pi/actions-runner/_work/thin-edge.io/thin-edge.io/tests/PySys/software_management_end_to_end/sm_apt_install_remove_multiple_mixed/run.py", line 89, in execute
    self.wait_until_succcess()
  File "/home/pi/actions-runner/_work/thin-edge.io/thin-edge.io/tests/PySys/software_management_end_to_end/environment_sm_management.py", line 324, in wait_until_succcess
    self.wait_until_status("SUCCESSFUL")
  File "/home/pi/actions-runner/_work/thin-edge.io/thin-edge.io/tests/PySys/software_management_end_to_end/environment_sm_management.py", line 381, in wait_until_status
    "Timeout while waiting for status %s or %s" % (status, status2)
SystemError: Timeout while waiting for status SUCCESSFUL or False
15:46:15 WARN  SystemError: Timeout while waiting for status SUCCESSFUL or False ... blocked 
15:46:15 INFO  
15:46:15 INFO  cleanup:
15:46:20 INFO  Executed sudo&lt;tedge_disconnect_c8y&gt;, exit status 0
15:46:20 INFO  Executed systemctl&lt;serv_mapper5&gt;, exit status 3
15:46:20 INFO  
15:46:20 INFO  Test duration: 178.41 secs
15:46:20 INFO  Test final outcome:  BLOCKED
15:46:20 INFO  Test outcome reason: SystemError: Timeout while waiting for status SUCCESSFUL or False
15:46:20 INFO  
</system-out>
	</testcase>
<testcase classname="PySysTest" name="SoftwareManagement.sm_apt_install_remove_multiple_mixed">
		<failure message="BLOCKED: SystemError: Timeout while waiting for status SUCCESSFUL or False (+1 other failures)" type="BLOCKED" />
		<system-out>16:09:22 INFO  ==============================================================
16:09:22 INFO  Id:    SoftwareManagement.sm_apt_install_remove_multiple_mixed
16:09:22 INFO  Dir:   software_management_end_to_end/
16:09:22 INFO  Title: Validate end to end behaviour for the apt plugin for multiple packages with mixed versions
16:09:22 INFO  ==============================================================
16:09:22 INFO  Using sw id database: {'asciijump': '5475369', 'robotfindskitten': '5474869', 'squirrel3': '5475279', 'rolldice': '5152439', 'moon-buggy': '5439204', 'apple': '5495053', 'banana': '5494888', 'cherry': '5495382', 'watermelon': '5494510', 'registry': '8018911', 'hello-world': '8021526', 'docker/getting-started': '8021973', 'alpine': '7991792'}
16:09:22 INFO  EnvironmentC8y Setup
16:09:22 INFO  Executed systemctl&lt;serv_mapper1&gt;, exit status 3
16:09:23 INFO  Restarting mosquitto too frequently in the last 10 seconds. It was only up for 5 seconds
16:09:23 INFO  Delaying execution by 6 seconds
16:09:43 INFO  Executed sudo&lt;tedge_connect_c8y&gt;, exit status 0, duration 13 secs
16:09:43 INFO  Executed sudo&lt;tedge_connect_c8y_test&gt;, exit status 0
16:09:44 INFO  Executed systemctl&lt;serv_mosq2&gt;, exit status 0
16:09:44 INFO  Executed systemctl&lt;serv_mapper3&gt;, exit status 0
16:09:46 INFO  State of current operation: SUCCESSFUL
16:09:46 INFO  Assert that (False == value) with value=False ... passed
16:09:47 INFO  Assert that (False == value) with value=False ... passed
16:09:47 INFO  Assert that (False == value) with value=False ... passed
16:09:47 INFO  Assert that (False == value) with value=False ... passed
16:09:47 INFO  Package moon-buggy is installed
16:09:47 WARN  Assert that (False == value) with value=True ... failed 
16:09:49 INFO  Response status: 201
16:09:49 INFO  Response to action: {
    "creationTime": "2022-06-20T16:09:49.182Z",
    "deviceName": "m32sd10d",
    "deviceId": "20286482",
    "self": "https://t493319102.eu-latest.cumulocity.com/devicecontrol/operations/20349874",
    "id": "20349874",
    "status": "PENDING",
    "description": "Apply software changes, triggered from PySys: [{'action': 'install', 'id': '5475369', 'name': 'asciijump', 'url': ' ', 'version': '::apt'}, {'action': 'install', 'id': '5474869', 'name': 'robotfindskitten', 'url': ' ', 'version': ' '}, {'action': 'install', 'id': '5475279', 'name': 'squirrel3', 'url': ' ', 'version': '3.1-7::apt'}, {'action': 'install', 'id': '5152439', 'name': 'rolldice', 'url': ' ', 'version': '1.16-1+b1'}, {'action': 'install', 'id': '5439204', 'name': 'moon-buggy', 'url': ' ', 'version': '1:1.0.51-12'}, {'action': 'install', 'id': '5475369', 'name': 'asciijump', 'url': ' ', 'version': '::apt'}]",
    "c8y_SoftwareUpdate": [
        {
            "name": "asciijump",
            "action": "install",
            "id": "5475369",
            "version": "::apt",
            "url": " "
        },
        {
            "name": "robotfindskitten",
            "action": "install",
            "id": "5474869",
            "version": " ",
            "url": " "
        },
        {
            "name": "squirrel3",
            "action": "install",
            "id": "5475279",
            "version": "3.1-7::apt",
            "url": " "
        },
        {
            "name": "rolldice",
            "action": "install",
            "id": "5152439",
            "version": "1.16-1+b1",
            "url": " "
        },
        {
            "name": "moon-buggy",
            "action": "install",
            "id": "5439204",
            "version": "1:1.0.51-12",
            "url": " "
        },
        {
            "name": "asciijump",
            "action": "install",
            "id": "5475369",
            "version": "::apt",
            "url": " "
        }
    ]
}
16:09:49 INFO  Started operation: {'creationTime': '2022-06-20T16:09:49.182Z', 'deviceName': 'm32sd10d', 'deviceId': '20286482', 'self': 'https://t493319102.eu-latest.cumulocity.com/devicecontrol/operations/20349874', 'id': '20349874', 'status': 'PENDING', 'description': "Apply software changes, triggered from PySys: [{'action': 'install', 'id': '5475369', 'name': 'asciijump', 'url': ' ', 'version': '::apt'}, {'action': 'install', 'id': '5474869', 'name': 'robotfindskitten', 'url': ' ', 'version': ' '}, {'action': 'install', 'id': '5475279', 'name': 'squirrel3', 'url': ' ', 'version': '3.1-7::apt'}, {'action': 'install', 'id': '5152439', 'name': 'rolldice', 'url': ' ', 'version': '1.16-1+b1'}, {'action': 'install', 'id': '5439204', 'name': 'moon-buggy', 'url': ' ', 'version': '1:1.0.51-12'}, {'action': 'install', 'id': '5475369', 'name': 'asciijump', 'url': ' ', 'version': '::apt'}]", 'c8y_SoftwareUpdate': [{'name': 'asciijump', 'action': 'install', 'id': '5475369', 'version': '::apt', 'url': ' '}, {'name': 'robotfindskitten', 'action': 'install', 'id': '5474869', 'version': ' ', 'url': ' '}, {'name': 'squirrel3', 'action': 'install', 'id': '5475279', 'version': '3.1-7::apt', 'url': ' '}, {'name': 'rolldice', 'action': 'install', 'id': '5152439', 'version': '1.16-1+b1', 'url': ' '}, {'name': 'moon-buggy', 'action': 'install', 'id': '5439204', 'version': '1:1.0.51-12', 'url': ' '}, {'name': 'asciijump', 'action': 'install', 'id': '5475369', 'version': '::apt', 'url': ' '}]}
16:09:51 INFO  State of operation 20349874 : PENDING
16:09:53 INFO  State of operation 20349874 : EXECUTING
16:09:55 INFO  State of operation 20349874 : EXECUTING
16:09:58 INFO  State of operation 20349874 : EXECUTING
16:10:00 INFO  State of operation 20349874 : EXECUTING
16:10:02 INFO  State of operation 20349874 : EXECUTING
16:10:05 INFO  State of operation 20349874 : EXECUTING
16:10:07 INFO  State of operation 20349874 : EXECUTING
16:10:10 INFO  State of operation 20349874 : EXECUTING
16:10:12 INFO  State of operation 20349874 : EXECUTING
16:10:14 INFO  State of operation 20349874 : EXECUTING
16:10:17 INFO  State of operation 20349874 : EXECUTING
16:10:19 INFO  State of operation 20349874 : EXECUTING
16:10:21 INFO  State of operation 20349874 : EXECUTING
16:10:23 INFO  State of operation 20349874 : EXECUTING
16:10:26 INFO  State of operation 20349874 : EXECUTING
16:10:28 INFO  State of operation 20349874 : EXECUTING
16:10:30 INFO  State of operation 20349874 : EXECUTING
16:10:33 INFO  State of operation 20349874 : EXECUTING
16:10:35 INFO  State of operation 20349874 : EXECUTING
16:10:37 INFO  State of operation 20349874 : EXECUTING
16:10:40 INFO  State of operation 20349874 : EXECUTING
16:10:42 INFO  State of operation 20349874 : EXECUTING
16:10:44 INFO  State of operation 20349874 : EXECUTING
16:10:47 INFO  State of operation 20349874 : EXECUTING
16:10:49 INFO  State of operation 20349874 : EXECUTING
16:10:52 INFO  State of operation 20349874 : EXECUTING
16:10:54 INFO  State of operation 20349874 : EXECUTING
16:10:57 INFO  State of operation 20349874 : EXECUTING
16:10:59 INFO  State of operation 20349874 : EXECUTING
16:11:01 INFO  State of operation 20349874 : EXECUTING
16:11:04 INFO  State of operation 20349874 : EXECUTING
16:11:06 INFO  State of operation 20349874 : EXECUTING
16:11:08 INFO  State of operation 20349874 : EXECUTING
16:11:10 INFO  State of operation 20349874 : EXECUTING
16:11:13 INFO  State of operation 20349874 : EXECUTING
16:11:15 INFO  State of operation 20349874 : EXECUTING
16:11:17 INFO  State of operation 20349874 : EXECUTING
16:11:20 INFO  State of operation 20349874 : EXECUTING
16:11:22 INFO  State of operation 20349874 : EXECUTING
16:11:25 INFO  State of operation 20349874 : EXECUTING
16:11:27 INFO  State of operation 20349874 : EXECUTING
16:11:29 INFO  State of operation 20349874 : EXECUTING
16:11:32 INFO  State of operation 20349874 : EXECUTING
16:11:34 INFO  State of operation 20349874 : EXECUTING
16:11:36 INFO  State of operation 20349874 : EXECUTING
16:11:38 INFO  State of operation 20349874 : EXECUTING
16:11:41 INFO  State of operation 20349874 : EXECUTING
16:11:43 INFO  State of operation 20349874 : EXECUTING
16:11:46 INFO  State of operation 20349874 : EXECUTING
16:11:48 INFO  State of operation 20349874 : EXECUTING
16:11:50 INFO  State of operation 20349874 : EXECUTING
16:11:53 INFO  State of operation 20349874 : EXECUTING
16:11:55 INFO  State of operation 20349874 : EXECUTING
16:11:58 INFO  State of operation 20349874 : EXECUTING
16:12:00 INFO  State of operation 20349874 : EXECUTING
16:12:03 INFO  State of operation 20349874 : EXECUTING
16:12:05 INFO  State of operation 20349874 : EXECUTING
16:12:08 INFO  State of operation 20349874 : EXECUTING
16:12:10 INFO  State of operation 20349874 : EXECUTING
16:12:12 INFO  State of operation 20349874 : EXECUTING
16:12:14 WARN  SystemError occurred while running test - Timeout while waiting for status SUCCESSFUL or False
Traceback (most recent call last):
  File "/home/pi/env-pysys/lib/python3.7/site-packages/pysys/baserunner.py", line 1294, in __call__
    self.testObj.execute()
  File "/home/pi/actions-runner/_work/thin-edge.io/thin-edge.io/tests/PySys/software_management_end_to_end/sm_apt_install_remove_multiple_mixed/run.py", line 89, in execute
    self.wait_until_succcess()
  File "/home/pi/actions-runner/_work/thin-edge.io/thin-edge.io/tests/PySys/software_management_end_to_end/environment_sm_management.py", line 324, in wait_until_succcess
    self.wait_until_status("SUCCESSFUL")
  File "/home/pi/actions-runner/_work/thin-edge.io/thin-edge.io/tests/PySys/software_management_end_to_end/environment_sm_management.py", line 381, in wait_until_status
    "Timeout while waiting for status %s or %s" % (status, status2)
SystemError: Timeout while waiting for status SUCCESSFUL or False
16:12:14 WARN  SystemError: Timeout while waiting for status SUCCESSFUL or False ... blocked 
16:12:14 INFO  
16:12:14 INFO  cleanup:
16:12:19 INFO  Executed sudo&lt;tedge_disconnect_c8y&gt;, exit status 0
16:12:19 INFO  Executed systemctl&lt;serv_mapper5&gt;, exit status 3
16:12:19 INFO  
16:12:19 INFO  Test duration: 177.46 secs
16:12:19 INFO  Test final outcome:  BLOCKED
16:12:19 INFO  Test outcome reason: SystemError: Timeout while waiting for status SUCCESSFUL or False (+1 other failures)
16:12:19 INFO  
</system-out>
	</testcase>
</testsuite><testsuite name="SoftwareManagement.sm_apt_install_remove_with_version" tests="3" errors="0" failures="0" skipped="1" time="0"><testcase classname="PySysTest" name="SoftwareManagement.sm_apt_install_remove_with_version">
		<skipped message="SKIPPED: Testing the apt plugin is not supported on this platform.Use parameter -XmyPlatform='container' to enable it" />
		<system-out>15:08:34 INFO  ==============================================================
15:08:34 INFO  Id:    SoftwareManagement.sm_apt_install_remove_with_version
15:08:34 INFO  Dir:   software_management_end_to_end/
15:08:34 INFO  Title: Validate end to end behaviour for the apt plugin for packages with version
15:08:34 INFO  ==============================================================
15:08:34 INFO  Testing the apt plugin is not supported on this platform.Use parameter -XmyPlatform='container' to enable it ... skipped
15:08:34 WARN  Aborted test due to SKIPPED outcome
15:08:34 INFO  
15:08:34 INFO  Test duration: 0.02 secs
15:08:34 INFO  Test final outcome:  SKIPPED
15:08:34 INFO  Test outcome reason: Testing the apt plugin is not supported on this platform.Use parameter -XmyPlatform='container' to enable it
15:08:34 INFO  
</system-out>
	</testcase>
<testcase classname="PySysTest" name="SoftwareManagement.sm_apt_install_remove_with_version" />
<testcase classname="PySysTest" name="SoftwareManagement.sm_apt_install_remove_with_version" />
</testsuite><testsuite name="SoftwareManagement.sm_docker_install_remove_multiple" tests="3" errors="0" failures="0" skipped="1" time="0"><testcase classname="SMDockerInstallRemove" name="SoftwareManagement.sm_docker_install_remove_multiple">
		<skipped message="SKIPPED: Testing the apt plugin is not supported on this platform.Use parameter -XmyPlatform='container' to enable it" />
		<system-out>15:08:34 INFO  ==============================================================
15:08:34 INFO  Id:    SoftwareManagement.sm_docker_install_remove_multiple
15:08:34 INFO  Dir:   software_management_end_to_end/
15:08:34 INFO  Title: Validate end to end behaviour for the docker plugin for multiple docker images with mixed versions
15:08:34 INFO  ==============================================================
15:08:34 INFO  Testing the apt plugin is not supported on this platform.Use parameter -XmyPlatform='container' to enable it ... skipped
15:08:34 WARN  Aborted test due to SKIPPED outcome
15:08:34 INFO  
15:08:34 INFO  Test duration: 0.02 secs
15:08:34 INFO  Test final outcome:  SKIPPED
15:08:34 INFO  Test outcome reason: Testing the apt plugin is not supported on this platform.Use parameter -XmyPlatform='container' to enable it
15:08:34 INFO  
</system-out>
	</testcase>
<testcase classname="SMDockerInstallRemove" name="SoftwareManagement.sm_docker_install_remove_multiple" />
<testcase classname="SMDockerInstallRemove" name="SoftwareManagement.sm_docker_install_remove_multiple" />
</testsuite><testsuite name="SoftwareManagement.sm_fake_install_remove" tests="2" errors="0" failures="0" skipped="1" time="0"><testcase classname="PySysTest" name="SoftwareManagement.sm_fake_install_remove">
		<skipped message="SKIPPED: Testing the fake plugin is not enabled.Use parameter -Xfakeplugin=fakeplugin to enable it" />
		<system-out>15:08:35 INFO  ==============================================================
15:08:35 INFO  Id:    SoftwareManagement.sm_fake_install_remove
15:08:35 INFO  Dir:   software_management_end_to_end/
15:08:35 INFO  Title: Validate end to end behaviour for the dummy plugin for installation and removal of packages
15:08:35 INFO  ==============================================================
15:08:35 INFO  Testing the fake plugin is not enabled.Use parameter -Xfakeplugin=fakeplugin to enable it ... skipped
15:08:35 WARN  Aborted test due to SKIPPED outcome
15:08:35 INFO  
15:08:35 INFO  Test duration: 0.02 secs
15:08:35 INFO  Test final outcome:  SKIPPED
15:08:35 INFO  Test outcome reason: Testing the fake plugin is not enabled.Use parameter -Xfakeplugin=fakeplugin to enable it
15:08:35 INFO  
</system-out>
	</testcase>
<testcase classname="PySysTest" name="SoftwareManagement.sm_fake_install_remove" />
</testsuite><testsuite name="SoftwareManagement.sm_fake_install_remove_multiple" tests="2" errors="0" failures="0" skipped="1" time="0"><testcase classname="PySysTest" name="SoftwareManagement.sm_fake_install_remove_multiple">
		<skipped message="SKIPPED: Testing the fake plugin is not enabled.Use parameter -Xfakeplugin=fakeplugin to enable it" />
		<system-out>15:08:35 INFO  ==============================================================
15:08:35 INFO  Id:    SoftwareManagement.sm_fake_install_remove_multiple
15:08:35 INFO  Dir:   software_management_end_to_end/
15:08:35 INFO  Title: Validate end to end behaviour for the dummy-plugin for multiple packages
15:08:35 INFO  ==============================================================
15:08:35 INFO  Testing the fake plugin is not enabled.Use parameter -Xfakeplugin=fakeplugin to enable it ... skipped
15:08:35 WARN  Aborted test due to SKIPPED outcome
15:08:35 INFO  
15:08:35 INFO  Test duration: 0.02 secs
15:08:35 INFO  Test final outcome:  SKIPPED
15:08:35 INFO  Test outcome reason: Testing the fake plugin is not enabled.Use parameter -Xfakeplugin=fakeplugin to enable it
15:08:35 INFO  
</system-out>
	</testcase>
<testcase classname="PySysTest" name="SoftwareManagement.sm_fake_install_remove_multiple" />
</testsuite><testsuite name="SoftwareManagement.sm_mapper_fail_and_reconnect" tests="2" errors="0" failures="0" skipped="2" time="0"><testcase classname="MapperC8yReceiveLastMessageOnRestart" name="SoftwareManagement.sm_mapper_fail_and_reconnect">
		<skipped message="SKIPPED: instable https://github.com/thin-edge/thin-edge.io/issues/752" />
		<system-out>15:08:35 INFO  ==============================================================
15:08:35 INFO  Id:    SoftwareManagement.sm_mapper_fail_and_reconnect
15:08:35 INFO  Dir:   software_management_end_to_end/
15:08:35 INFO  Title: Validate the tedge-mapper-sm-c8y for receiving the last message on restart
15:08:35 INFO  ==============================================================
15:08:35 INFO  instable https://github.com/thin-edge/thin-edge.io/issues/752 ... skipped
15:08:35 INFO  
15:08:35 INFO  Test duration: 0.02 secs
15:08:35 INFO  Test final outcome:  SKIPPED
15:08:35 INFO  Test outcome reason: instable https://github.com/thin-edge/thin-edge.io/issues/752
15:08:35 INFO  
</system-out>
	</testcase>
<testcase classname="MapperC8yReceiveLastMessageOnRestart" name="SoftwareManagement.sm_mapper_fail_and_reconnect">
		<skipped message="SKIPPED: instable https://github.com/thin-edge/thin-edge.io/issues/752" />
		<system-out>16:18:58 INFO  ==============================================================
16:18:58 INFO  Id:    SoftwareManagement.sm_mapper_fail_and_reconnect
16:18:58 INFO  Dir:   software_management_end_to_end/
16:18:58 INFO  Title: Validate the tedge-mapper-sm-c8y for receiving the last message on restart
16:18:58 INFO  ==============================================================
16:18:58 INFO  instable https://github.com/thin-edge/thin-edge.io/issues/752 ... skipped
16:18:58 INFO  
16:18:58 INFO  Test duration: 0.05 secs
16:18:58 INFO  Test final outcome:  SKIPPED
16:18:58 INFO  Test outcome reason: instable https://github.com/thin-edge/thin-edge.io/issues/752
16:18:58 INFO  
</system-out>
	</testcase>
</testsuite><testsuite name="SoftwareManagement.sm_mixed_install_remove_multiple" tests="2" errors="0" failures="1" skipped="1" time="0"><testcase classname="PySysTest" name="SoftwareManagement.sm_mixed_install_remove_multiple">
		<skipped message="SKIPPED: Testing the fake plugin is not enabled.Use parameter -Xfakeplugin=fakeplugin to enable it" />
		<system-out>15:08:35 INFO  ==============================================================
15:08:35 INFO  Id:    SoftwareManagement.sm_mixed_install_remove_multiple
15:08:35 INFO  Dir:   software_management_end_to_end/
15:08:35 INFO  Title: Validate end to end behaviour for the dummy-plugin for multiple packages with mixed versions
15:08:35 INFO  ==============================================================
15:08:35 INFO  Testing the fake plugin is not enabled.Use parameter -Xfakeplugin=fakeplugin to enable it ... skipped
15:08:35 WARN  Aborted test due to SKIPPED outcome
15:08:35 INFO  
15:08:35 INFO  Test duration: 0.02 secs
15:08:35 INFO  Test final outcome:  SKIPPED
15:08:35 INFO  Test outcome reason: Testing the fake plugin is not enabled.Use parameter -Xfakeplugin=fakeplugin to enable it
15:08:35 INFO  
</system-out>
	</testcase>
<testcase classname="PySysTest" name="SoftwareManagement.sm_mixed_install_remove_multiple">
		<failure message="FAILED: Assert that (False == value) with value=True" type="FAILED" />
		<system-out>16:18:58 INFO  ==============================================================
16:18:58 INFO  Id:    SoftwareManagement.sm_mixed_install_remove_multiple
16:18:58 INFO  Dir:   software_management_end_to_end/
16:18:58 INFO  Title: Validate end to end behaviour for the dummy-plugin for multiple packages with mixed versions
16:18:58 INFO  ==============================================================
[...]
14:56:33 INFO  Executed sudo&lt;rm_tmp_logs&gt;, exit status 0
14:56:33 INFO  Executed sudo&lt;send_failed&gt;, exit status 0
14:56:34 INFO  Executed sudo&lt;log_file_daemon&gt;, exit status 0
14:56:38 INFO  Executed sudo&lt;tedge_disconnect_c8y&gt;, exit status 0
14:56:38 INFO  Executed systemctl&lt;serv_mapper5&gt;, exit status 3
14:56:38 INFO  
14:56:38 INFO  Test duration: 27.45 secs
14:56:38 INFO  Test final outcome:  BLOCKED
14:56:38 INFO  Test outcome reason: TypeError: 'NoneType' object is not subscriptable
14:56:38 INFO  
</system-out>
	</testcase>
</testsuite><testsuite name="log_request_num_lines" tests="1" errors="0" failures="1" skipped="0" time="0"><testcase classname="LogRequestVerifyNumberOfLines" name="log_request_num_lines">
		<failure message="BLOCKED: TypeError: 'NoneType' object is not subscriptable" type="BLOCKED" />
		<system-out>14:56:38 INFO  ==============================================================
14:56:38 INFO  Id:    log_request_num_lines
14:56:38 INFO  Dir:   log_request_end_to_end/
14:56:38 INFO  Title: Validate end to end behaviour for the log request operation check for number of lines
14:56:38 INFO  ==============================================================
14:56:38 INFO  EnvironmentC8y Setup
14:56:39 INFO  Executed systemctl&lt;serv_mapper1&gt;, exit status 3
14:56:39 INFO  Restarting mosquitto too frequently in the last 10 seconds. It was only up for 5 seconds
14:56:39 INFO  Delaying execution by 6 seconds
14:56:59 INFO  Executed sudo&lt;tedge_connect_c8y&gt;, exit status 0, duration 13 secs
14:56:59 INFO  Executed sudo&lt;tedge_connect_c8y_test&gt;, exit status 0
14:57:00 INFO  Executed systemctl&lt;serv_mosq2&gt;, exit status 0
14:57:00 INFO  Executed systemctl&lt;serv_mapper3&gt;, exit status 0
14:57:01 INFO  Executed sudo&lt;rm_logs&gt;, exit status 0
14:57:02 INFO  Executed sudo&lt;move_logs&gt;, exit status 0
14:57:02 INFO  Executed sudo&lt;log_file_daemon&gt;, exit status 0
14:57:03 WARN  TypeError occurred while running test - 'NoneType' object is not subscriptable
Traceback (most recent call last):
  File "/home/pi/env-pysys/lib/python3.7/site-packages/pysys/baserunner.py", line 1294, in __call__
    self.testObj.execute()
  File "/home/pi/actions-runner/_work/thin-edge.io/thin-edge.io/tests/PySys/log_request_end_to_end/log_request_num_lines/run.py", line 46, in execute
    log_file_request_payload, self.project.deviceid
  File "/home/pi/actions-runner/_work/thin-edge.io/thin-edge.io/tests/PySys/environments/cumulocity.py", line 101, in trigger_log_request
    "deviceId": self.device_fragment["id"],
TypeError: 'NoneType' object is not subscriptable
14:57:03 WARN  TypeError: 'NoneType' object is not subscriptable ... blocked 
14:57:03 INFO  
14:57:03 INFO  cleanup:
14:57:03 INFO  Executed sudo&lt;rm_logs&gt;, exit status 0
14:57:04 INFO  Executed sudo&lt;rm_tmp_logs&gt;, exit status 0
14:57:04 INFO  Executed sudo&lt;send_failed&gt;, exit status 0
14:57:05 INFO  Executed sudo&lt;log_file_daemon&gt;, exit status 0
14:57:09 INFO  Executed sudo&lt;tedge_disconnect_c8y&gt;, exit status 0
14:57:09 INFO  Executed systemctl&lt;serv_mapper5&gt;, exit status 3
14:57:09 INFO  
14:57:09 INFO  Test duration: 31.22 secs
14:57:09 INFO  Test final outcome:  BLOCKED
14:57:09 INFO  Test outcome reason: TypeError: 'NoneType' object is not subscriptable
14:57:09 INFO  
</system-out>
	</testcase>
</testsuite><testsuite name="mapper_awaits_before_reconnect" tests="1" errors="0" failures="1" skipped="0" time="0"><testcase classname="MapperReconnectAwait" name="mapper_awaits_before_reconnect">
		<failure message="FAILED: Line count on tedge_mapper_journal.out for &quot;tedge_mapper::core::mapper: MQTT connection error:&quot; expected &gt;=2 but got 0" type="FAILED" />
		<system-out>15:11:37 INFO  ==============================================================
15:11:37 INFO  Id:    mapper_awaits_before_reconnect
15:11:37 INFO  Dir:   tedge_mapper_c8y/
15:11:37 INFO  Title: Validate mapper doesn't reconnect too often
15:11:37 INFO  ==============================================================
15:11:37 INFO  Started mosquitto_sub with process id 12382
15:11:37 INFO  Waiting for 0.1 seconds
15:11:38 INFO  Executed sudo&lt;tedge_mapper&gt;, exit status 0
15:11:38 INFO  Waiting for 5.0 seconds
15:11:44 INFO  Executed sudo&lt;tedge_mapper&gt;, exit status 0
15:11:46 INFO  Executed sudo&lt;tedge_mapper_journal&gt;, exit status 0
15:11:46 WARN  Grep on tedge_mapper_journal.out contains "ERROR" ... failed [run.py:67]
15:11:46 INFO  Line count on file tedge_mapper_journal.out ... passed
15:11:46 WARN  Line count on tedge_mapper_journal.out for "tedge_mapper::core::mapper: MQTT connection error:" expected &gt;=2 but got 0 ... failed [run.py:78]
15:11:46 WARN  Aborted test due to FAILED outcome
15:11:46 INFO  
15:11:46 INFO  Test duration: 8.65 secs
15:11:46 INFO  Test final outcome:  FAILED
15:11:46 INFO  Test outcome reason: Line count on tedge_mapper_journal.out for "tedge_mapper::core::mapper: MQTT connection error:" expected &gt;=2 but got 0
15:11:46 INFO  
</system-out>
	</testcase>
</testsuite><testsuite name="monitoring_smaller_interval" tests="1" errors="0" failures="1" skipped="0" time="0"><testcase classname="MonitoringSmallInterval" name="monitoring_smaller_interval">
		<failure message="BLOCKED: TypeError: 'int' object is not subscriptable" type="BLOCKED" />
		<system-out>14:58:35 INFO  ==============================================================
14:58:35 INFO  Id:    monitoring_smaller_interval
14:58:35 INFO  Dir:   monitoring/
14:58:35 INFO  Title: Validate the tedge dm agent messages that are produced with smaller sampling interval than the batching window. Here the simulated collectd messages are used
14:58:35 INFO  ==============================================================
14:58:36 INFO  Executed sudo&lt;collectd&gt;, exit status 0
14:58:36 INFO  Executed sudo&lt;collectd_mapper&gt;, exit status 0
14:58:36 INFO  Started sudo&lt;tedge_sub&gt; with process id 8523
14:58:37 INFO  Executed sudo&lt;tedge_temp&gt;, exit status 0
14:58:38 INFO  Executed sudo&lt;tedge_pres&gt;, exit status 0
14:58:38 INFO  Executed sudo&lt;tedge_temp&gt;, exit status 0
14:58:39 INFO  Executed sudo&lt;tedge_pres&gt;, exit status 0
14:58:39 INFO  Executed sudo&lt;tedge_temp&gt;, exit status 0
14:58:40 INFO  Executed sudo&lt;tedge_pres&gt;, exit status 0
14:58:40 INFO  Executed sudo&lt;tedge_temp&gt;, exit status 0
14:58:41 INFO  Executed sudo&lt;tedge_pres&gt;, exit status 0
14:58:42 INFO  Executed sudo&lt;tedge_temp&gt;, exit status 0
14:58:42 INFO  Executed sudo&lt;tedge_pres&gt;, exit status 0
14:58:43 INFO  Executed sudo&lt;tedge_temp&gt;, exit status 0
14:58:43 INFO  Executed sudo&lt;tedge_pres&gt;, exit status 0
14:58:44 INFO  Executed sudo&lt;tedge_temp&gt;, exit status 0
14:58:44 INFO  Executed sudo&lt;tedge_pres&gt;, exit status 0
14:58:45 INFO  Executed sudo&lt;tedge_temp&gt;, exit status 0
14:58:46 INFO  Executed sudo&lt;tedge_pres&gt;, exit status 0
14:58:46 INFO  Executed sudo&lt;tedge_temp&gt;, exit status 0
14:58:47 INFO  Executed sudo&lt;tedge_pres&gt;, exit status 0
14:58:47 INFO  Executed sudo&lt;tedge_temp&gt;, exit status 0
14:58:48 INFO  Executed sudo&lt;tedge_pres&gt;, exit status 0
14:58:49 INFO  Executed sudo&lt;kill_out&gt;, exit status 0
14:58:49 INFO  0

14:58:49 WARN  TypeError occurred while running test - 'int' object is not subscriptable
Traceback (most recent call last):
  File "/home/pi/env-pysys/lib/python3.7/site-packages/pysys/baserunner.py", line 1296, in __call__
    self.testObj.validate()
  File "/home/pi/actions-runner/_work/thin-edge.io/thin-edge.io/tests/PySys/monitoring/monitoring_smaller_interval/run.py", line 104, in validate
    collectd_msg_validation_result=self.validate_json(),
  File "/home/pi/actions-runner/_work/thin-edge.io/thin-edge.io/tests/PySys/monitoring/monitoring_smaller_interval/run.py", line 114, in validate_json
    if not self.validate_time():
  File "/home/pi/actions-runner/_work/thin-edge.io/thin-edge.io/tests/PySys/monitoring/monitoring_smaller_interval/run.py", line 134, in validate_time
    if self.js_msg["time"]:
TypeError: 'int' object is not subscriptable
14:58:49 WARN  TypeError: 'int' object is not subscriptable ... blocked 
14:58:49 INFO  
14:58:49 INFO  cleanup:
14:58:49 INFO  monitoring_cleanup
14:58:50 INFO  Executed sudo&lt;collectd_mapper&gt;, exit status 0
14:58:50 INFO  
14:58:50 INFO  Test duration: 15.15 secs
14:58:50 INFO  Test final outcome:  BLOCKED
14:58:50 INFO  Test outcome reason: TypeError: 'int' object is not subscriptable
14:58:50 INFO  
</system-out>
	</testcase>
</testsuite><testsuite name="monitoring_with_collectd" tests="1" errors="0" failures="0" skipped="1" time="0"><testcase classname="MonitoringWithCollectd" name="monitoring_with_collectd">
		<skipped message="SKIPPED: Test execution disabled due to #792 (instable)" />
		<system-out>14:58:50 INFO  ==============================================================
14:58:50 INFO  Id:    monitoring_with_collectd
14:58:50 INFO  Dir:   monitoring/
14:58:50 INFO  Title: Validate tedge dm agent messages that are produced by batching the collectd messages
14:58:50 INFO  ==============================================================
14:58:50 INFO  Test execution disabled due to #792 (instable) ... skipped
14:58:50 INFO  
14:58:50 INFO  Test duration: 0.02 secs
14:58:50 INFO  Test final outcome:  SKIPPED
14:58:50 INFO  Test outcome reason: Test execution disabled due to #792 (instable)
14:58:50 INFO  
</system-out>
	</testcase>
</testsuite><testsuite name="monitoring_with_simulated_messages" tests="1" errors="0" failures="1" skipped="0" time="0"><testcase classname="MonitoringWithSimulatedMessages" name="monitoring_with_simulated_messages">
		<failure message="BLOCKED: TypeError: 'int' object is not subscriptable" type="BLOCKED" />
		<system-out>14:58:50 INFO  ==============================================================
14:58:50 INFO  Id:    monitoring_with_simulated_messages
14:58:50 INFO  Dir:   monitoring/
14:58:50 INFO  Title: Validate the tedge dm agent messages that are produced from the simulated collectd messages
14:58:50 INFO  ==============================================================
14:58:51 INFO  Executed sudo&lt;collectd&gt;, exit status 0
14:58:51 INFO  Executed sudo&lt;collectd_mapper&gt;, exit status 0
14:58:51 INFO  Started sudo&lt;tedge_sub&gt; with process id 8580
14:58:52 INFO  Executed sudo&lt;tedge_temp&gt;, exit status 0
14:58:52 INFO  Executed sudo&lt;tedge_pres&gt;, exit status 0
14:58:54 INFO  Executed sudo&lt;kill_out&gt;, exit status 0
14:58:54 INFO  0

14:58:54 WARN  TypeError occurred while running test - 'int' object is not subscriptable
Traceback (most recent call last):
  File "/home/pi/env-pysys/lib/python3.7/site-packages/pysys/baserunner.py", line 1296, in __call__
    self.testObj.validate()
  File "/home/pi/actions-runner/_work/thin-edge.io/thin-edge.io/tests/PySys/monitoring/monitoring_with_simulated_messages/run.py", line 98, in validate
    collectd_msg_validation_result=self.validate_json(),
  File "/home/pi/actions-runner/_work/thin-edge.io/thin-edge.io/tests/PySys/monitoring/monitoring_with_simulated_messages/run.py", line 108, in validate_json
    if not self.validate_time():
  File "/home/pi/actions-runner/_work/thin-edge.io/thin-edge.io/tests/PySys/monitoring/monitoring_with_simulated_messages/run.py", line 127, in validate_time
    if self.js_msg["time"]:
TypeError: 'int' object is not subscriptable
14:58:54 WARN  TypeError: 'int' object is not subscriptable ... blocked 
14:58:54 INFO  
14:58:54 INFO  cleanup:
14:58:54 INFO  monitoring_cleanup
14:58:55 INFO  Executed sudo&lt;collectd_mapper&gt;, exit status 0
14:58:55 INFO  
14:58:55 INFO  Test duration: 4.39 secs
14:58:55 INFO  Test final outcome:  BLOCKED
14:58:55 INFO  Test outcome reason: TypeError: 'int' object is not subscriptable
14:58:55 INFO  
</system-out>
	</testcase>
</testsuite><testsuite name="mqtt_port_change_connection_fails" tests="1" errors="0" failures="0" skipped="0" time="0"><testcase classname="MqttPortChangeConnectionFails" name="mqtt_port_change_connection_fails" />
</testsuite><testsuite name="mqtt_port_change_connection_works" tests="1" errors="0" failures="0" skipped="1" time="0"><testcase classname="MqttPortChangeConnectionWorks" name="mqtt_port_change_connection_works">
		<skipped message="SKIPPED: failing intermitently" />
		<system-out>14:57:45 INFO  ==============================================================
14:57:45 INFO  Id:    mqtt_port_change_connection_works
14:57:45 INFO  Dir:   misc_features/
14:57:45 INFO  Title: mqtt port change connection works for all the thin-edge services that use the mosquitto broker
14:57:45 INFO  ==============================================================
14:57:45 INFO  failing intermitently ... skipped
14:57:45 INFO  
14:57:45 INFO  Test duration: 0.02 secs
14:57:45 INFO  Test final outcome:  SKIPPED
14:57:45 INFO  Test outcome reason: failing intermitently
14:57:45 INFO  
</system-out>
	</testcase>
</testsuite><testsuite name="publish_flux" tests="1" errors="0" failures="0" skipped="0" time="0"><testcase classname="PublishFlux" name="publish_flux" />
</testsuite><testsuite name="publish_sawmill" tests="1" errors="0" failures="0" skipped="0" time="0"><testcase classname="PublishSawmill" name="publish_sawmill" />
</testsuite><testsuite name="runtime_start_two_mappers" tests="1" errors="0" failures="0" skipped="0" time="0"><testcase classname="RuntimeMultiMappers" name="runtime_start_two_mappers" />
</testsuite><testsuite name="sm_tedge_mapper_init_session" tests="1" errors="0" failures="0" skipped="0" time="0"><testcase classname="TedgeSMMapperInitSession" name="sm_tedge_mapper_init_session" />
</testsuite><testsuite name="smoketest_json" tests="1" errors="0" failures="0" skipped="0" time="0"><testcase classname="SmokeTestJson" name="smoketest_json" />
</testsuite><testsuite name="smoketest_json_400_samples_10ms" tests="1" errors="0" failures="0" skipped="0" time="0"><testcase classname="SmoketestJson400Samples10ms" name="smoketest_json_400_samples_10ms" />
</testsuite><testsuite name="smoketest_json_400_samples_20ms" tests="1" errors="0" failures="0" skipped="0" time="0"><testcase classname="SmoketestJson400Samples20ms" name="smoketest_json_400_samples_20ms" />
</testsuite><testsuite name="smoketest_smartrest" tests="1" errors="0" failures="0" skipped="0" time="0"><testcase classname="SmoketestSmartRest" name="smoketest_smartrest" />
</testsuite><testsuite name="smoketest_smartrest_400_samples_1Xms" tests="1" errors="0" failures="0" skipped="0" time="0"><testcase classname="SmoketestSmartRest400Samples1Xms" name="smoketest_smartrest_400_samples_1Xms" />
</testsuite><testsuite name="smoketest_smartrest_400_samples_20ms" tests="1" errors="0" failures="0" skipped="0" time="0"><testcase classname="SmoketestSmartRest400Samples20ms" name="smoketest_smartrest_400_samples_20ms" />
</testsuite><testsuite name="tedge_agent_user_sudo_access" tests="1" errors="0" failures="0" skipped="1" time="0"><testcase classname="TedgeAgentUserSudoAccess" name="tedge_agent_user_sudo_access">
		<skipped message="SKIPPED: #955 Observation: Exit code of the apt plugin when called with no arguments" />
		<system-out>15:09:01 INFO  ==============================================================
15:09:01 INFO  Id:    tedge_agent_user_sudo_access
15:09:01 INFO  Dir:   tedge/
15:09:01 INFO  Title: Validate tedge-agent user has a limited sudo right
15:09:01 INFO  ==============================================================
15:09:01 INFO  #955 Observation: Exit code of the apt plugin when called with no arguments ... skipped
15:09:01 INFO  
15:09:01 INFO  Test duration: 0.02 secs
15:09:01 INFO  Test final outcome:  SKIPPED
15:09:01 INFO  Test outcome reason: #955 Observation: Exit code of the apt plugin when called with no arguments
15:09:01 INFO  
</system-out>
	</testcase>
</testsuite><testsuite name="tedge_connect_test_negative" tests="1" errors="0" failures="0" skipped="0" time="0"><testcase classname="TedgeConnectTestNegative" name="tedge_connect_test_negative" />
</testsuite><testsuite name="tedge_connect_test_positive" tests="1" errors="0" failures="0" skipped="0" time="0"><testcase classname="TedgeConnectTestPositive" name="tedge_connect_test_positive" />
</testsuite><testsuite name="tedge_connect_test_sm_services" tests="1" errors="0" failures="0" skipped="0" time="0"><testcase classname="TedgeConnectTestSMServices" name="tedge_connect_test_sm_services" />
</testsuite><testsuite name="tedge_disconnect_test_sm_services" tests="1" errors="0" failures="0" skipped="0" time="0"><testcase classname="TedgeDisConnectTestSMServices" name="tedge_disconnect_test_sm_services" />
</testsuite><testsuite name="tedge_mapper_az_negative" tests="1" errors="0" failures="0" skipped="0" time="0"><testcase classname="TedgeMapperAzError" name="tedge_mapper_az_negative" />
</testsuite><testsuite name="tedge_mapper_az_with_timestamp" tests="1" errors="0" failures="0" skipped="0" time="0"><testcase classname="TedgeMapperAzWithTimestamp" name="tedge_mapper_az_with_timestamp" />
</testsuite><testsuite name="tedge_mapper_az_without_timestamp" tests="1" errors="0" failures="0" skipped="0" time="0"><testcase classname="TedgeMapperAzWithoutTimestamp" name="tedge_mapper_az_without_timestamp" />
</testsuite><testsuite name="tedge_mapper_c8y_alarms" tests="1" errors="0" failures="0" skipped="0" time="0"><testcase classname="TedgeMapperC8yAlarm" name="tedge_mapper_c8y_alarms" />
</testsuite><testsuite name="tedge_mapper_c8y_child_device_measurement" tests="1" errors="0" failures="0" skipped="0" time="0"><testcase classname="TedgeMapperC8yChildDevice" name="tedge_mapper_c8y_child_device_measurement" />
</testsuite><testsuite name="tedge_mapper_c8y_packet_threshold_size" tests="1" errors="0" failures="1" skipped="0" time="0"><testcase classname="TedgeMapperC8yThresholdPacketSize" name="tedge_mapper_c8y_packet_threshold_size">
		<failure message="FAILED: Grep on tedge_sub.out contains &quot;The size of the message received on tedge/measurements is 20489 which is greater than the threshold size of 16184.&quot;" type="FAILED" />
		<system-out>15:13:23 INFO  ==============================================================
15:13:23 INFO  Id:    tedge_mapper_c8y_packet_threshold_size
15:13:23 INFO  Dir:   tedge_mapper_c8y/
15:13:23 INFO  Title: Validate the Cumulocity Mapper accepted threshold packet size when it receives a message on tedge/measurements
15:13:23 INFO  ==============================================================
15:13:24 INFO  Executed sudo&lt;tedge_mapper_c8y&gt;, exit status 0
15:13:24 INFO  Started sudo&lt;tedge_sub&gt; with process id 12982
15:13:24 INFO  Executed sudo&lt;tedge_msg&gt;, exit status 0
15:13:25 INFO  Executed sudo&lt;tedge_pub&gt;, exit status 0
15:13:26 INFO  Executed sudo&lt;kill_out&gt;, exit status 0
15:13:26 WARN  Grep on tedge_sub.out contains "The size of the message received on tedge/measurements is 20489 which is greater than the threshold size of 16184." ... failed [run.py:88]
15:13:26 INFO  
15:13:26 INFO  cleanup:
15:13:26 INFO  mapper_cleanup
15:13:26 INFO  Executed sudo&lt;tedge_mapper_c8y&gt;, exit status 0
15:13:26 INFO  
15:13:26 INFO  Test duration: 3.09 secs
15:13:26 INFO  Test final outcome:  FAILED
15:13:26 INFO  Test outcome reason: Grep on tedge_sub.out contains "The size of the message received on tedge/measurements is 20489 which is greater than the threshold size of 16184."
15:13:26 INFO  
</system-out>
	</testcase>
</testsuite><testsuite name="tedge_software_update" tests="1" errors="0" failures="0" skipped="0" time="0"><testcase classname="PySysTest" name="tedge_software_update" />
</testsuite><testsuite name="valid_device_id" tests="1" errors="0" failures="0" skipped="0" time="0"><testcase classname="ValidateValidDeviceId" name="valid_device_id" />
</testsuite></testsuites>