<?xml version='1.0' encoding='utf-8'?>
<testsuites tests="147" failures="24" errors="0" skipped="45" time="0.0"><testsuite name="SoftwareManagement.Plugin.apama_plugin_install" tests="3" errors="0" failures="0" skipped="1" time="0"><testcase classname="ApamaPluginInstallTest" name="SoftwareManagement.Plugin.apama_plugin_install">
		<skipped message="SKIPPED: Apama plugin tests are disabled by default. Execute `pysys run` with `-XmyPlatform=container` to run these tests" />
		<system-out>08:53:14 INFO  ==============================================================
08:53:14 INFO  Id:    SoftwareManagement.Plugin.apama_plugin_install
08:53:14 INFO  Dir:   plugin_apama/
08:53:14 INFO  Title: Validate apama plugin install
08:53:14 INFO  ==============================================================
08:53:14 INFO  Apama plugin tests are disabled by default. Execute `pysys run` with `-XmyPlatform=container` to run these tests ... skipped
08:53:14 WARN  Aborted test due to SKIPPED outcome
08:53:14 INFO  
08:53:14 INFO  Test duration: 0.05 secs
08:53:14 INFO  Test final outcome:  SKIPPED
08:53:14 INFO  Test outcome reason: Apama plugin tests are disabled by default. Execute `pysys run` with `-XmyPlatform=container` to run these tests
08:53:14 INFO  
</system-out>
	</testcase>
<testcase classname="ApamaPluginInstallTest" name="SoftwareManagement.Plugin.apama_plugin_install" />
<testcase classname="ApamaPluginInstallTest" name="SoftwareManagement.Plugin.apama_plugin_install" />
</testsuite><testsuite name="SoftwareManagement.Plugin.apama_plugin_mon_support" tests="3" errors="0" failures="0" skipped="1" time="0"><testcase classname="ApamaPluginMonSupportTest" name="SoftwareManagement.Plugin.apama_plugin_mon_support">
		<skipped message="SKIPPED: Apama plugin tests are disabled by default. Execute `pysys run` with `-XmyPlatform=container` to run these tests" />
		<system-out>08:53:14 INFO  ==============================================================
08:53:14 INFO  Id:    SoftwareManagement.Plugin.apama_plugin_mon_support
08:53:14 INFO  Dir:   plugin_apama/
08:53:14 INFO  Title: Validate mon file support of apama plugin
08:53:14 INFO  ==============================================================
08:53:14 INFO  Apama plugin tests are disabled by default. Execute `pysys run` with `-XmyPlatform=container` to run these tests ... skipped
08:53:14 WARN  Aborted test due to SKIPPED outcome
08:53:14 INFO  
08:53:14 INFO  Test duration: 0.05 secs
08:53:14 INFO  Test final outcome:  SKIPPED
08:53:14 INFO  Test outcome reason: Apama plugin tests are disabled by default. Execute `pysys run` with `-XmyPlatform=container` to run these tests
08:53:14 INFO  
</system-out>
	</testcase>
<testcase classname="ApamaPluginMonSupportTest" name="SoftwareManagement.Plugin.apama_plugin_mon_support" />
<testcase classname="ApamaPluginMonSupportTest" name="SoftwareManagement.Plugin.apama_plugin_mon_support" />
</testsuite><testsuite name="SoftwareManagement.Plugin.apama_plugin_remove" tests="3" errors="0" failures="0" skipped="1" time="0"><testcase classname="ApamaPluginRemoveTest" name="SoftwareManagement.Plugin.apama_plugin_remove">
		<skipped message="SKIPPED: Apama plugin tests are disabled by default. Execute `pysys run` with `-XmyPlatform=container` to run these tests" />
		<system-out>08:53:14 INFO  ==============================================================
08:53:14 INFO  Id:    SoftwareManagement.Plugin.apama_plugin_remove
08:53:14 INFO  Dir:   plugin_apama/
08:53:14 INFO  Title: Validate apama plugin remove
08:53:14 INFO  ==============================================================
08:53:14 INFO  Apama plugin tests are disabled by default. Execute `pysys run` with `-XmyPlatform=container` to run these tests ... skipped
08:53:14 WARN  Aborted test due to SKIPPED outcome
08:53:14 INFO  
08:53:14 INFO  Test duration: 0.02 secs
08:53:14 INFO  Test final outcome:  SKIPPED
08:53:14 INFO  Test outcome reason: Apama plugin tests are disabled by default. Execute `pysys run` with `-XmyPlatform=container` to run these tests
08:53:14 INFO  
</system-out>
	</testcase>
<testcase classname="ApamaPluginRemoveTest" name="SoftwareManagement.Plugin.apama_plugin_remove" />
<testcase classname="ApamaPluginRemoveTest" name="SoftwareManagement.Plugin.apama_plugin_remove" />
</testsuite><testsuite name="SoftwareManagement.Plugin.apama_plugin_update" tests="3" errors="0" failures="2" skipped="1" time="0"><testcase classname="ApamaPluginUpdateTest" name="SoftwareManagement.Plugin.apama_plugin_update">
		<skipped message="SKIPPED: Apama plugin tests are disabled by default. Execute `pysys run` with `-XmyPlatform=container` to run these tests" />
		<system-out>08:53:14 INFO  ==============================================================
08:53:14 INFO  Id:    SoftwareManagement.Plugin.apama_plugin_update
08:53:14 INFO  Dir:   plugin_apama/
08:53:14 INFO  Title: Validate apama plugin updating one project with another
08:53:14 INFO  ==============================================================
08:53:14 INFO  Apama plugin tests are disabled by default. Execute `pysys run` with `-XmyPlatform=container` to run these tests ... skipped
08:53:14 WARN  Aborted test due to SKIPPED outcome
08:53:14 INFO  
08:53:14 INFO  Test duration: 0.02 secs
08:53:14 INFO  Test final outcome:  SKIPPED
08:53:14 INFO  Test outcome reason: Apama plugin tests are disabled by default. Execute `pysys run` with `-XmyPlatform=container` to run these tests
08:53:14 INFO  
</system-out>
	</testcase>
<testcase classname="ApamaPluginUpdateTest" name="SoftwareManagement.Plugin.apama_plugin_update">
		<failure message="BLOCKED: sudo&lt;plugin_install&gt; returned non-zero exit code 2" type="BLOCKED" />
		<system-out>09:43:59 INFO  ==============================================================
09:43:59 INFO  Id:    SoftwareManagement.Plugin.apama_plugin_update
09:43:59 INFO  Dir:   plugin_apama/
09:43:59 INFO  Title: Validate apama plugin updating one project with another
09:43:59 INFO  ==============================================================
09:43:59 INFO  Assertion that path exists=False for "/etc/tedge/apama/project" ... passed
09:43:59 INFO  Executed sudo&lt;create_project_dir&gt;, exit status 0
09:44:00 INFO  Executed sudo&lt;unzip_apama_project&gt;, exit status 0
09:44:00 INFO  Executed sudo&lt;move_apama_project&gt;, exit status 0
09:44:01 INFO  Executed sudo&lt;restart_apama_service&gt;, exit status 0
09:44:02 INFO  Executed sudo&lt;apama_correlator_wait&gt;, exit status 0
09:44:02 INFO  Assertion that path exists=True for "/etc/tedge/apama/project" ... passed
09:44:03 INFO  Executed sudo&lt;apama_list_monitors&gt;, exit status 0
09:44:03 INFO  Grep on file /home/pi/actions-runner/_work/thin-edge.io/thin-edge.io/tests/PySys/plugin_apama/apama_plugin_update/Output/linux/apama_list_monitors.out ... passed
09:44:03 WARN  Executed sudo&lt;plugin_install&gt;, exit status 2
09:44:03 INFO  Contents of plugin_install.err: 
  ERROR: Directory not empty (os error 39)
  -----

09:44:03 WARN  sudo&lt;plugin_install&gt; returned non-zero exit code 2 ... blocked [run.py:35]
09:44:03 WARN  Aborted test due to BLOCKED outcome
09:44:03 INFO  
09:44:03 INFO  cleanup:
09:44:03 INFO  Removing apama project
09:44:19 INFO  Executed sudo&lt;stop_apama_service&gt;, exit status 0, duration 15 secs
09:44:19 INFO  Executed sudo&lt;remove_apama_project&gt;, exit status 0
09:44:20 INFO  Executed sudo&lt;remove_apama_tmp_dir&gt;, exit status 0
09:44:20 INFO  
09:44:20 INFO  Test duration: 21.26 secs
09:44:20 INFO  Test final outcome:  BLOCKED
09:44:20 INFO  Test outcome reason: sudo&lt;plugin_install&gt; returned non-zero exit code 2
09:44:20 INFO  
</system-out>
	</testcase>
<testcase classname="ApamaPluginUpdateTest" name="SoftwareManagement.Plugin.apama_plugin_update">
		<failure message="BLOCKED: sudo&lt;plugin_install&gt; returned non-zero exit code 2" type="BLOCKED" />
		<system-out>09:47:17 INFO  ==============================================================
09:47:17 INFO  Id:    SoftwareManagement.Plugin.apama_plugin_update
09:47:17 INFO  Dir:   plugin_apama/
09:47:17 INFO  Title: Validate apama plugin updating one project with another
09:47:17 INFO  ==============================================================
09:47:17 INFO  Assertion that path exists=False for "/etc/tedge/apama/project" ... passed
09:47:18 INFO  Executed sudo&lt;create_project_dir&gt;, exit status 0
09:47:18 INFO  Executed sudo&lt;unzip_apama_project&gt;, exit status 0
09:47:19 INFO  Executed sudo&lt;move_apama_project&gt;, exit status 0
09:47:20 INFO  Executed sudo&lt;restart_apama_service&gt;, exit status 0
09:47:20 INFO  Executed sudo&lt;apama_correlator_wait&gt;, exit status 0
09:47:20 INFO  Assertion that path exists=True for "/etc/tedge/apama/project" ... passed
09:47:21 INFO  Executed sudo&lt;apama_list_monitors&gt;, exit status 0
09:47:21 INFO  Grep on file /home/pi/actions-runner/_work/thin-edge.io/thin-edge.io/tests/PySys/plugin_apama/apama_plugin_update/Output/linux/apama_list_monitors.out ... passed
09:47:22 WARN  Executed sudo&lt;plugin_install&gt;, exit status 2
09:47:22 INFO  Contents of plugin_install.err: 
  ERROR: Directory not empty (os error 39)
  -----

09:47:22 WARN  sudo&lt;plugin_install&gt; returned non-zero exit code 2 ... blocked [run.py:35]
09:47:22 WARN  Aborted test due to BLOCKED outcome
09:47:22 INFO  
09:47:22 INFO  cleanup:
09:47:22 INFO  Removing apama project
09:47:37 INFO  Executed sudo&lt;stop_apama_service&gt;, exit status 0, duration 15 secs
09:47:38 INFO  Executed sudo&lt;remove_apama_project&gt;, exit status 0
09:47:38 INFO  Executed sudo&lt;remove_apama_tmp_dir&gt;, exit status 0
09:47:38 INFO  
09:47:38 INFO  Test duration: 21.19 secs
09:47:38 INFO  Test final outcome:  BLOCKED
09:47:38 INFO  Test outcome reason: sudo&lt;plugin_install&gt; returned non-zero exit code 2
09:47:38 INFO  
</system-out>
	</testcase>
</testsuite><testsuite name="SoftwareManagement.sm_apt_install_download_path" tests="3" errors="0" failures="2" skipped="1" time="0"><testcase classname="AptInstallWithDownloadPath" name="SoftwareManagement.sm_apt_install_download_path">
		<skipped message="SKIPPED: Testing the apt plugin is not supported on this platform.Use parameter -XmyPlatform='container' to enable it" />
		<system-out>09:02:55 INFO  ==============================================================
09:02:55 INFO  Id:    SoftwareManagement.sm_apt_install_download_path
09:02:55 INFO  Dir:   software_management_end_to_end/
09:02:55 INFO  Title: Install package to directory specified in tedge config set tmp.path
09:02:55 INFO  ==============================================================
09:02:55 INFO  Testing the apt plugin is not supported on this platform.Use parameter -XmyPlatform='container' to enable it ... skipped
09:02:55 WARN  Aborted test due to SKIPPED outcome
09:02:55 INFO  
09:02:55 INFO  Test duration: 0.06 secs
09:02:55 INFO  Test final outcome:  SKIPPED
09:02:55 INFO  Test outcome reason: Testing the apt plugin is not supported on this platform.Use parameter -XmyPlatform='container' to enable it
09:02:55 INFO  
</system-out>
	</testcase>
<testcase classname="AptInstallWithDownloadPath" name="SoftwareManagement.sm_apt_install_download_path">
		<failure message="BLOCKED: AssertionError:" type="BLOCKED" />
		<system-out>09:25:55 INFO  ==============================================================
09:25:55 INFO  Id:    SoftwareManagement.sm_apt_install_download_path
09:25:55 INFO  Dir:   software_management_end_to_end/
09:25:55 INFO  Title: Install package to directory specified in tedge config set tmp.path
09:25:55 INFO  ==============================================================
09:25:56 INFO  Using sw id database: {'asciijump': '5475369', 'robotfindskitten': '5474869', 'squirrel3': '5475279', 'rolldice': '5152439', 'moon-buggy': '5439204', 'apple': '5495053', 'banana': '5494888', 'cherry': '5495382', 'watermelon': '5494510', 'registry': '8018911', 'hello-world': '8021526', 'docker/getting-started': '8021973', 'alpine': '7991792'}
09:25:56 INFO  EnvironmentC8y Setup
09:25:56 INFO  Executed systemctl&lt;serv_mapper1&gt;, exit status 3
09:26:10 INFO  Executed sudo&lt;tedge_connect_c8y&gt;, exit status 0, duration 14 secs
09:26:12 INFO  Executed sudo&lt;tedge_connect_c8y_test&gt;, exit status 0
09:26:14 INFO  Executed systemctl&lt;serv_mosq2&gt;, exit status 0
09:26:14 INFO  Executed systemctl&lt;serv_mapper3&gt;, exit status 0
09:26:16 INFO  State of current operation: SUCCESSFUL
09:26:17 INFO  Assert that (False == value) with value=False ... passed
09:26:17 INFO  Executed sudo, exit status 0
09:26:18 INFO  Executed sudo, exit status 0
09:26:18 INFO  Executed sudo, exit status 0
09:26:22 INFO  Executed sudo&lt;tedge_disconnect_c8y&gt;, exit status 0
09:26:22 INFO  Restarting mosquitto too frequently in the last 10 seconds. It was only up for 3 seconds
09:26:22 INFO  Delaying execution by 8 seconds
09:26:44 INFO  Executed sudo&lt;tedge_connect_c8y&gt;, exit status 0, duration 13 secs
09:26:44 INFO  Response status: 201
09:26:44 INFO  Response to action: {
    "creationTime": "2022-05-03T09:26:44.740Z",
    "deviceName": "m32sd10d",
    "deviceId": "18261332",
    "self": "https://t493319102.eu-latest.cumulocity.com/devicecontrol/operations/18298253",
    "id": "18298253",
    "status": "PENDING",
    "description": "Apply software changes, triggered from PySys: [{'name': 'rolldice', 'id': '5152439', 'version': '::apt', 'url': 'https://thin-edge-io.eu-latest.cumulocity.com/inventory/binaries/12435463', 'action': 'install'}]",
    "c8y_SoftwareUpdate": [
        {
            "name": "rolldice",
            "action": "install",
            "id": "5152439",
            "version": "::apt",
            "url": "https://thin-edge-io.eu-latest.cumulocity.com/inventory/binaries/12435463"
        }
    ]
}
09:26:44 INFO  Started operation: {'creationTime': '2022-05-03T09:26:44.740Z', 'deviceName': 'm32sd10d', 'deviceId': '18261332', 'self': 'https://t493319102.eu-latest.cumulocity.com/devicecontrol/operations/18298253', 'id': '18298253', 'status': 'PENDING', 'description': "Apply software changes, triggered from PySys: [{'name': 'rolldice', 'id': '5152439', 'version': '::apt', 'url': 'https://thin-edge-io.eu-latest.cumulocity.com/inventory/binaries/12435463', 'action': 'install'}]", 'c8y_SoftwareUpdate': [{'name': 'rolldice', 'action': 'install', 'id': '5152439', 'version': '::apt', 'url': 'https://thin-edge-io.eu-latest.cumulocity.com/inventory/binaries/12435463'}]}
09:26:44 WARN  , retrying in 0.5 seconds...
09:26:45 WARN  , retrying in 0.5 seconds...
09:26:45 WARN  , retrying in 0.5 seconds...
09:26:46 WARN  , retrying in 0.5 seconds...
09:26:46 WARN  , retrying in 0.5 seconds...
09:26:47 WARN  , retrying in 0.5 seconds...
09:26:47 WARN  , retrying in 0.5 seconds...
09:26:48 WARN  , retrying in 0.5 seconds...
09:26:48 WARN  , retrying in 0.5 seconds...
09:26:49 WARN  AssertionError occurred while running test - 
Traceback (most recent call last):
  File "/home/pi/env-pysys/lib/python3.7/site-packages/pysys/baserunner.py", line 1294, in __call__
    self.testObj.execute()
  File "/home/pi/actions-runner/_work/thin-edge.io/thin-edge.io/tests/PySys/software_management_end_to_end/sm_apt_install_download_path/run.py", line 83, in execute
    assert_install_in_download_path(install_directory=self.DOWNLOAD_DIR)
  File "/home/pi/env-pysys/lib/python3.7/site-packages/decorator.py", line 232, in fun
    return caller(func, *(extras + args), **kw)
  File "/home/pi/env-pysys/lib/python3.7/site-packages/retry/api.py", line 74, in retry_decorator
    logger)
  File "/home/pi/env-pysys/lib/python3.7/site-packages/retry/api.py", line 33, in __retry_internal
    return f()
  File "/home/pi/actions-runner/_work/thin-edge.io/thin-edge.io/tests/PySys/software_management_end_to_end/sm_apt_install_download_path/run.py", line 28, in assert_install_in_download_path
    assert "rolldice" in os.listdir(f"{install_directory}")
AssertionError
09:26:50 WARN  AssertionError: ... blocked 
09:26:50 INFO  
09:26:50 INFO  cleanup:
09:26:50 INFO  Executed sudo, exit status 0
09:26:51 INFO  Executed sudo, exit status 0
09:26:55 INFO  Executed sudo&lt;tedge_disconnect_c8y&gt;, exit status 0
09:26:55 INFO  Restarting mosquitto too frequently in the last 10 seconds. It was only up for 4 seconds
09:26:55 INFO  Delaying execution by 7 seconds
09:27:16 INFO  Executed sudo&lt;tedge_connect_c8y&gt;, exit status 0, duration 14 secs
09:27:21 INFO  Executed sudo&lt;tedge_disconnect_c8y&gt;, exit status 0
09:27:21 INFO  Executed systemctl&lt;serv_mapper5&gt;, exit status 3
09:27:21 INFO  
09:27:21 INFO  Test duration: 85.69 secs
09:27:21 INFO  Test final outcome:  BLOCKED
09:27:21 INFO  Test outcome reason: AssertionError:
09:27:21 INFO  
</system-out>
	</testcase>
<testcase classname="AptInstallWithDownloadPath" name="SoftwareManagement.sm_apt_install_download_path">
		<failure message="BLOCKED: AssertionError:" type="BLOCKED" />
		<system-out>09:47:38 INFO  ==============================================================
09:47:38 INFO  Id:    SoftwareManagement.sm_apt_install_download_path
09:47:38 INFO  Dir:   software_management_end_to_end/
09:47:38 INFO  Title: Install package to directory specified in tedge config set tmp.path
09:47:38 INFO  ==============================================================
09:47:40 INFO  Using sw id database: {'asciijump': '5475369', 'robotfindskitten': '5474869', 'squirrel3': '5475279', 'rolldice': '5152439', 'moon-buggy': '5439204', 'apple': '5495053', 'banana': '5494888', 'cherry': '5495382', 'watermelon': '5494510', 'registry': '8018911', 'hello-world': '8021526', 'docker/getting-started': '8021973', 'alpine': '7991792'}
09:47:40 INFO  EnvironmentC8y Setup
09:47:40 INFO  Executed systemctl&lt;serv_mapper1&gt;, exit status 3
09:47:54 INFO  Executed sudo&lt;tedge_connect_c8y&gt;, exit status 0, duration 13 secs
09:47:55 INFO  Executed sudo&lt;tedge_connect_c8y_test&gt;, exit status 0
09:47:55 INFO  Executed systemctl&lt;serv_mosq2&gt;, exit status 0
09:47:56 INFO  Executed systemctl&lt;serv_mapper3&gt;, exit status 0
09:47:58 INFO  State of current operation: FAILED
09:47:58 INFO  Assert that (False == value) with value=False ... passed
09:47:59 INFO  Executed sudo, exit status 0
09:47:59 INFO  Executed sudo, exit status 0
09:48:00 INFO  Executed sudo, exit status 0
09:48:04 INFO  Executed sudo&lt;tedge_disconnect_c8y&gt;, exit status 0
09:48:04 INFO  Restarting mosquitto too frequently in the last 10 seconds. It was only up for 4 seconds
09:48:04 INFO  Delaying execution by 7 seconds
09:48:25 INFO  Executed sudo&lt;tedge_connect_c8y&gt;, exit status 0, duration 13 secs
09:48:25 INFO  Response status: 201
09:48:25 INFO  Response to action: {
    "creationTime": "2022-05-03T09:48:25.502Z",
    "deviceName": "m32sd10d",
    "deviceId": "18261332",
    "self": "https://t493319102.eu-latest.cumulocity.com/devicecontrol/operations/18298361",
    "id": "18298361",
    "status": "PENDING",
    "description": "Apply software changes, triggered from PySys: [{'name': 'rolldice', 'id': '5152439', 'version': '::apt', 'url': 'https://thin-edge-io.eu-latest.cumulocity.com/inventory/binaries/12435463', 'action': 'install'}]",
    "c8y_SoftwareUpdate": [
        {
            "name": "rolldice",
            "action": "install",
            "id": "5152439",
            "version": "::apt",
            "url": "https://thin-edge-io.eu-latest.cumulocity.com/inventory/binaries/12435463"
        }
    ]
}
09:48:25 INFO  Started operation: {'creationTime': '2022-05-03T09:48:25.502Z', 'deviceName': 'm32sd10d', 'deviceId': '18261332', 'self': 'https://t493319102.eu-latest.cumulocity.com/devicecontrol/operations/18298361', 'id': '18298361', 'status': 'PENDING', 'description': "Apply software changes, triggered from PySys: [{'name': 'rolldice', 'id': '5152439', 'version': '::apt', 'url': 'https://thin-edge-io.eu-latest.cumulocity.com/inventory/binaries/12435463', 'action': 'install'}]", 'c8y_SoftwareUpdate': [{'name': 'rolldice', 'action': 'install', 'id': '5152439', 'version': '::apt', 'url': 'https://thin-edge-io.eu-latest.cumulocity.com/inventory/binaries/12435463'}]}
09:48:25 WARN  , retrying in 0.5 seconds...
09:48:26 WARN  , retrying in 0.5 seconds...
09:48:26 WARN  , retrying in 0.5 seconds...
09:48:27 WARN  , retrying in 0.5 seconds...
09:48:27 WARN  , retrying in 0.5 seconds...
09:48:28 WARN  , retrying in 0.5 seconds...
09:48:28 WARN  , retrying in 0.5 seconds...
09:48:29 WARN  , retrying in 0.5 seconds...
09:48:29 WARN  , retrying in 0.5 seconds...
09:48:30 WARN  AssertionError occurred while running test - 
Traceback (most recent call last):
  File "/home/pi/env-pysys/lib/python3.7/site-packages/pysys/baserunner.py", line 1294, in __call__
    self.testObj.execute()
  File "/home/pi/actions-runner/_work/thin-edge.io/thin-edge.io/tests/PySys/software_management_end_to_end/sm_apt_install_download_path/run.py", line 83, in execute
    assert_install_in_download_path(install_directory=self.DOWNLOAD_DIR)
  File "/home/pi/env-pysys/lib/python3.7/site-packages/decorator.py", line 232, in fun
    return caller(func, *(extras + args), **kw)
  File "/home/pi/env-pysys/lib/python3.7/site-packages/retry/api.py", line 74, in retry_decorator
    logger)
  File "/home/pi/env-pysys/lib/python3.7/site-packages/retry/api.py", line 33, in __retry_internal
    return f()
  File "/home/pi/actions-runner/_work/thin-edge.io/thin-edge.io/tests/PySys/software_management_end_to_end/sm_apt_install_download_path/run.py", line 28, in assert_install_in_download_path
    assert "rolldice" in os.listdir(f"{install_directory}")
AssertionError
09:48:30 WARN  AssertionError: ... blocked 
09:48:30 INFO  
09:48:30 INFO  cleanup:
09:48:30 INFO  Executed sudo, exit status 0
09:48:31 INFO  Executed sudo, exit status 0
09:48:35 INFO  Executed sudo&lt;tedge_disconnect_c8y&gt;, exit status 0
09:48:35 INFO  Restarting mosquitto too frequently in the last 10 seconds. It was only up for 4 seconds
09:48:35 INFO  Delaying execution by 7 seconds
09:48:56 INFO  Executed sudo&lt;tedge_connect_c8y&gt;, exit status 0, duration 13 secs
09:49:00 INFO  Executed sudo&lt;tedge_disconnect_c8y&gt;, exit status 0
09:49:01 INFO  Executed systemctl&lt;serv_mapper5&gt;, exit status 3
09:49:01 INFO  
09:49:01 INFO  Test duration: 82.29 secs
09:49:01 INFO  Test final outcome:  BLOCKED
09:49:01 INFO  Test outcome reason: AssertionError:
09:49:01 INFO  
</system-out>
	</testcase>
</testsuite><testsuite name="SoftwareManagement.sm_apt_install_fail" tests="3" errors="0" failures="0" skipped="1" time="0"><testcase classname="PySysTest" name="SoftwareManagement.sm_apt_install_fail">
		<skipped message="SKIPPED: Testing the apt plugin is not supported on this platform.Use parameter -XmyPlatform='container' to enable it" />
		<system-out>09:02:55 INFO  ==============================================================
09:02:55 INFO  Id:    SoftwareManagement.sm_apt_install_fail
09:02:55 INFO  Dir:   software_management_end_to_end/
09:02:55 INFO  Title: Validate end to end behaviour for a failing installation
09:02:55 INFO  ==============================================================
09:02:55 INFO  Testing the apt plugin is not supported on this platform.Use parameter -XmyPlatform='container' to enable it ... skipped
09:02:55 WARN  Aborted test due to SKIPPED outcome
09:02:55 INFO  
09:02:55 INFO  Test duration: 0.02 secs
09:02:55 INFO  Test final outcome:  SKIPPED
09:02:55 INFO  Test outcome reason: Testing the apt plugin is not supported on this platform.Use parameter -XmyPlatform='container' to enable it
09:02:55 INFO  
</system-out>
	</testcase>
<testcase classname="PySysTest" name="SoftwareManagement.sm_apt_install_fail" />
<testcase classname="PySysTest" name="SoftwareManagement.sm_apt_install_fail" />
</testsuite><testsuite name="SoftwareManagement.sm_apt_install_remove" tests="3" errors="0" failures="0" skipped="1" time="0"><testcase classname="PySysTest" name="SoftwareManagement.sm_apt_install_remove">
		<skipped message="SKIPPED: Testing the apt plugin is not supported on this platform.Use parameter -XmyPlatform='container' to enable it" />
		<system-out>09:02:55 INFO  ==============================================================
09:02:55 INFO  Id:    SoftwareManagement.sm_apt_install_remove
09:02:55 INFO  Dir:   software_management_end_to_end/
09:02:55 INFO  Title: Validate end to end behaviour for the apt plugin for installation and removal of packages
09:02:55 INFO  ==============================================================
09:02:55 INFO  Testing the apt plugin is not supported on this platform.Use parameter -XmyPlatform='container' to enable it ... skipped
09:02:55 WARN  Aborted test due to SKIPPED outcome
09:02:55 INFO  
09:02:55 INFO  Test duration: 0.02 secs
09:02:55 INFO  Test final outcome:  SKIPPED
09:02:55 INFO  Test outcome reason: Testing the apt plugin is not supported on this platform.Use parameter -XmyPlatform='container' to enable it
09:02:55 INFO  
</system-out>
	</testcase>
<testcase classname="PySysTest" name="SoftwareManagement.sm_apt_install_remove" />
<testcase classname="PySysTest" name="SoftwareManagement.sm_apt_install_remove" />
</testsuite><testsuite name="SoftwareManagement.sm_apt_install_remove_default" tests="3" errors="0" failures="0" skipped="1" time="0"><testcase classname="PySysTest" name="SoftwareManagement.sm_apt_install_remove_default">
		<skipped message="SKIPPED: Testing the apt plugin is not supported on this platform.Use parameter -XmyPlatform='container' to enable it" />
		<system-out>09:02:55 INFO  ==============================================================
09:02:55 INFO  Id:    SoftwareManagement.sm_apt_install_remove_default
09:02:55 INFO  Dir:   software_management_end_to_end/
09:02:55 INFO  Title: Validate end to end behaviour for the default plugin for installation and removal of packages
09:02:55 INFO  ==============================================================
09:02:55 INFO  Testing the apt plugin is not supported on this platform.Use parameter -XmyPlatform='container' to enable it ... skipped
09:02:55 WARN  Aborted test due to SKIPPED outcome
09:02:55 INFO  
09:02:55 INFO  Test duration: 0.02 secs
09:02:55 INFO  Test final outcome:  SKIPPED
09:02:55 INFO  Test outcome reason: Testing the apt plugin is not supported on this platform.Use parameter -XmyPlatform='container' to enable it
09:02:55 INFO  
</system-out>
	</testcase>
<testcase classname="PySysTest" name="SoftwareManagement.sm_apt_install_remove_default" />
<testcase classname="PySysTest" name="SoftwareManagement.sm_apt_install_remove_default" />
</testsuite><testsuite name="SoftwareManagement.sm_apt_install_remove_multiple" tests="3" errors="0" failures="2" skipped="1" time="0"><testcase classname="PySysTest" name="SoftwareManagement.sm_apt_install_remove_multiple">
		<skipped message="SKIPPED: Testing the apt plugin is not supported on this platform.Use parameter -XmyPlatform='container' to enable it" />
		<system-out>09:02:55 INFO  ==============================================================
09:02:55 INFO  Id:    SoftwareManagement.sm_apt_install_remove_multiple
09:02:55 INFO  Dir:   software_management_end_to_end/
09:02:55 INFO  Title: Validate end to end behaviour for the apt plugin for multiple packages
09:02:55 INFO  ==============================================================
09:02:55 INFO  Testing the apt plugin is not supported on this platform.Use parameter -XmyPlatform='container' to enable it ... skipped
09:02:55 WARN  Aborted test due to SKIPPED outcome
09:02:55 INFO  
09:02:55 INFO  Test duration: 0.02 secs
09:02:55 INFO  Test final outcome:  SKIPPED
09:02:55 INFO  Test outcome reason: Testing the apt plugin is not supported on this platform.Use parameter -XmyPlatform='container' to enable it
09:02:55 INFO  
</system-out>
	</testcase>
<testcase classname="PySysTest" name="SoftwareManagement.sm_apt_install_remove_multiple">
		<failure message="FAILED: Assert that (False == value) with value=True" type="FAILED" />
		<system-out>09:34:11 INFO  ==============================================================
09:34:11 INFO  Id:    SoftwareManagement.sm_apt_install_remove_multiple
09:34:11 INFO  Dir:   software_management_end_to_end/
09:34:11 INFO  Title: Validate end to end behaviour for the apt plugin for multiple packages
09:34:11 INFO  ==============================================================
09:34:11 INFO  Using sw id database: {'asciijump': '5475369', 'robotfindskitten': '5474869', 'squirrel3': '5475279', 'rolldice': '5152439', 'moon-buggy': '5439204', 'apple': '5495053', 'banana': '5494888', 'cherry': '5495382', 'watermelon': '5494510', 'registry': '8018911', 'hello-world': '8021526', 'docker/getting-started': '8021973', 'alpine': '7991792'}
09:34:11 INFO  EnvironmentC8y Setup
09:34:12 INFO  Executed systemctl&lt;serv_mapper1&gt;, exit status 3
09:34:12 INFO  Restarting mosquitto too frequently in the last 10 seconds. It was only up for 5 seconds
09:34:12 INFO  Delaying execution by 6 seconds
09:34:32 INFO  Executed sudo&lt;tedge_connect_c8y&gt;, exit status 0, duration 13 secs
09:34:32 INFO  Executed sudo&lt;tedge_connect_c8y_test&gt;, exit status 0
09:34:33 INFO  Executed systemctl&lt;serv_mosq2&gt;, exit status 0
09:34:33 INFO  Executed systemctl&lt;serv_mapper3&gt;, exit status 0
09:34:35 INFO  State of current operation: SUCCESSFUL
09:34:35 INFO  Assert that (False == value) with value=False ... passed
09:34:36 INFO  Assert that (False == value) with value=False ... passed
09:34:36 INFO  Assert that (False == value) with value=False ... passed
09:34:36 INFO  Package robotfindskitten is installed
09:34:36 WARN  Assert that (False == value) with value=True ... failed 
09:34:36 INFO  Response status: 201
09:34:36 INFO  Response to action: {
    "creationTime": "2022-05-03T09:34:36.873Z",
    "deviceName": "m32sd10d",
    "deviceId": "18261332",
    "self": "https://t493319102.eu-latest.cumulocity.com/devicecontrol/operations/18298307",
    "id": "18298307",
    "status": "PENDING",
    "description": "Apply software changes, triggered from PySys: [{'action': 'install', 'id': '5475369', 'name': 'asciijump', 'url': ' ', 'version': '::apt'}, {'action': 'install', 'id': '5474869', 'name': 'robotfindskitten', 'url': ' ', 'version': '::apt'}, {'action': 'install', 'id': '5475279', 'name': 'squirrel3', 'url': ' ', 'version': '::apt'}]",
    "c8y_SoftwareUpdate": [
        {
            "name": "asciijump",
            "action": "install",
            "id": "5475369",
            "version": "::apt",
            "url": " "
        },
        {
            "name": "robotfindskitten",
            "action": "install",
            "id": "5474869",
            "version": "::apt",
            "url": " "
        },
        {
            "name": "squirrel3",
            "action": "install",
            "id": "5475279",
            "version": "::apt",
            "url": " "
        }
    ]
}
09:34:36 INFO  Started operation: {'creationTime': '2022-05-03T09:34:36.873Z', 'deviceName': 'm32sd10d', 'deviceId': '18261332', 'self': 'https://t493319102.eu-latest.cumulocity.com/devicecontrol/operations/18298307', 'id': '18298307', 'status': 'PENDING', 'description': "Apply software changes, triggered from PySys: [{'action': 'install', 'id': '5475369', 'name': 'asciijump', 'url': ' ', 'version': '::apt'}, {'action': 'install', 'id': '5474869', 'name': 'robotfindskitten', 'url': ' ', 'version': '::apt'}, {'action': 'install', 'id': '5475279', 'name': 'squirrel3', 'url': ' ', 'version': '::apt'}]", 'c8y_SoftwareUpdate': [{'name': 'asciijump', 'action': 'install', 'id': '5475369', 'version': '::apt', 'url': ' '}, {'name': 'robotfindskitten', 'action': 'install', 'id': '5474869', 'version': '::apt', 'url': ' '}, {'name': 'squirrel3', 'action': 'install', 'id': '5475279', 'version': '::apt', 'url': ' '}]}
09:34:39 INFO  State of operation 18298307 : PENDING
09:34:41 INFO  State of operation 18298307 : EXECUTING
09:34:43 INFO  State of operation 18298307 : EXECUTING
09:34:45 INFO  State of operation 18298307 : EXECUTING
09:34:48 INFO  State of operation 18298307 : EXECUTING
09:34:50 INFO  State of operation 18298307 : EXECUTING
09:34:52 INFO  State of operation 18298307 : EXECUTING
09:34:55 INFO  State of operation 18298307 : EXECUTING
09:34:58 INFO  State of operation 18298307 : EXECUTING
09:35:00 INFO  State of operation 18298307 : EXECUTING
09:35:02 INFO  State of operation 18298307 : EXECUTING
09:35:04 INFO  State of operation 18298307 : EXECUTING
09:35:07 INFO  State of operation 18298307 : EXECUTING
09:35:09 INFO  State of operation 18298307 : EXECUTING
09:35:11 INFO  State of operation 18298307 : EXECUTING
09:35:13 INFO  State of operation 18298307 : EXECUTING
09:35:16 INFO  State of operation 18298307 : EXECUTING
09:35:18 INFO  State of operation 18298307 : EXECUTING
09:35:21 INFO  State of operation 18298307 : EXECUTING
09:35:23 INFO  State of operation 18298307 : EXECUTING
09:35:25 INFO  State of operation 18298307 : EXECUTING
09:35:28 INFO  State of operation 18298307 : EXECUTING
09:35:30 INFO  State of operation 18298307 : EXECUTING
09:35:33 INFO  State of operation 18298307 : EXECUTING
09:35:35 INFO  State of operation 18298307 : EXECUTING
09:35:38 INFO  State of operation 18298307 : EXECUTING
09:35:40 INFO  State of operation 18298307 : EXECUTING
09:35:43 INFO  State of operation 18298307 : EXECUTING
09:35:45 INFO  State of operation 18298307 : EXECUTING
09:35:48 INFO  State of operation 18298307 : EXECUTING
09:35:50 INFO  State of operation 18298307 : EXECUTING
09:35:52 INFO  State of operation 18298307 : EXECUTING
09:35:54 INFO  State of operation 18298307 : EXECUTING
09:35:57 INFO  State of operation 18298307 : SUCCESSFUL
09:35:57 INFO  Assert that (False == value) with value=False ... passed
09:35:57 INFO  Package asciijump is installed
09:35:57 INFO  Assert that (True == value) with value=True ... passed
09:35:57 INFO  Package squirrel3 is installed
09:35:57 INFO  Assert that (True == value) with value=True ... passed
09:35:57 INFO  Package robotfindskitten is installed
09:35:57 INFO  Assert that (True == value) with value=True ... passed
09:35:58 INFO  Response status: 201
09:35:58 INFO  Response to action: {
    "creationTime": "2022-05-03T09:35:58.155Z",
    "deviceName": "m32sd10d",
    "deviceId": "18261332",
    "self": "https://t493319102.eu-latest.cumulocity.com/devicecontrol/operations/18298317",
    "id": "18298317",
    "status": "PENDING",
    "description": "Apply software changes, triggered from PySys: [{'action': 'delete', 'id': '5475369', 'name': 'asciijump', 'url': ' ', 'version': '::apt'}, {'action': 'delete', 'id': '5474869', 'name': 'robotfindskitten', 'url': ' ', 'version': '::apt'}, {'action': 'delete', 'id': '5475279', 'name': 'squirrel3', 'url': ' ', 'version': '::apt'}]",
    "c8y_SoftwareUpdate": [
        {
            "name": "asciijump",
            "action": "delete",
            "id": "5475369",
            "version": "::apt",
            "url": " "
        },
        {
            "name": "robotfindskitten",
            "action": "delete",
            "id": "5474869",
            "version": "::apt",
            "url": " "
        },
        {
            "name": "squirrel3",
            "action": "delete",
            "id": "5475279",
            "version": "::apt",
            "url": " "
        }
    ]
}
09:35:58 INFO  Started operation: {'creationTime': '2022-05-03T09:35:58.155Z', 'deviceName': 'm32sd10d', 'deviceId': '18261332', 'self': 'https://t493319102.eu-latest.cumulocity.com/devicecontrol/operations/18298317', 'id': '18298317', 'status': 'PENDING', 'description': "Apply software changes, triggered from PySys: [{'action': 'delete', 'id': '5475369', 'name': 'asciijump', 'url': ' ', 'version': '::apt'}, {'action': 'delete', 'id': '5474869', 'name': 'robotfindskitten', 'url': ' ', 'version': '::apt'}, {'action': 'delete', 'id': '5475279', 'name': 'squirrel3', 'url': ' ', 'version': '::apt'}]", 'c8y_SoftwareUpdate': [{'name': 'asciijump', 'action': 'delete', 'id': '5475369', 'version': '::apt', 'url': ' '}, {'name': 'robotfindskitten', 'action': 'delete', 'id': '5474869', 'version': '::apt', 'url': ' '}, {'name': 'squirrel3', 'action': 'delete', 'id': '5475279', 'version': '::apt', 'url': ' '}]}
09:36:00 INFO  State of operation 18298317 : PENDING
09:36:02 INFO  State of operation 18298317 : EXECUTING
09:36:04 INFO  State of operation 18298317 : EXECUTING
09:36:07 INFO  State of operation 18298317 : EXECUTING
09:36:09 INFO  State of operation 18298317 : EXECUTING
09:36:11 INFO  State of operation 18298317 : EXECUTING
09:36:14 INFO  State of operation 18298317 : EXECUTING
09:36:17 INFO  State of operation 18298317 : EXECUTING
09:36:19 INFO  State of operation 18298317 : EXECUTING
09:36:21 INFO  State of operation 18298317 : EXECUTING
09:36:23 INFO  State of operation 18298317 : EXECUTING
09:36:26 INFO  State of operation 18298317 : EXECUTING
09:36:28 INFO  State of operation 18298317 : EXECUTING
09:36:30 INFO  State of operation 18298317 : EXECUTING
09:36:32 INFO  State of operation 18298317 : EXECUTING
09:36:35 INFO  State of operation 18298317 : EXECUTING
09:36:37 INFO  State of operation 18298317 : EXECUTING
09:36:40 INFO  State of operation 18298317 : EXECUTING
09:36:42 INFO  State of operation 18298317 : EXECUTING
09:36:45 INFO  State of operation 18298317 : EXECUTING
09:36:47 INFO  State of operation 18298317 : EXECUTING
09:36:49 INFO  State of operation 18298317 : EXECUTING
09:36:51 INFO  State of operation 18298317 : EXECUTING
09:36:54 INFO  State of operation 18298317 : EXECUTING
09:36:56 INFO  State of operation 18298317 : EXECUTING
09:36:59 INFO  State of operation 18298317 : EXECUTING
09:37:01 INFO  State of operation 18298317 : EXECUTING
09:37:03 INFO  State of operation 18298317 : SUCCESSFUL
09:37:03 INFO  Assert that (False == value) with value=False ... passed
09:37:04 INFO  Assert that (False == value) with value=False ... passed
09:37:04 INFO  Assert that (False == value) with value=False ... passed
09:37:04 INFO  Assert that (False == value) with value=False ... passed
09:37:04 INFO  
09:37:04 INFO  cleanup:
09:37:08 INFO  Executed sudo&lt;tedge_disconnect_c8y&gt;, exit status 0
09:37:09 INFO  Executed systemctl&lt;serv_mapper5&gt;, exit status 3
09:37:09 INFO  
09:37:09 INFO  Test duration: 177.80 secs
09:37:09 INFO  Test final outcome:  FAILED
09:37:09 INFO  Test outcome reason: Assert that (False == value) with value=True
09:37:09 INFO  
</system-out>
	</testcase>
<testcase classname="PySysTest" name="SoftwareManagement.sm_apt_install_remove_multiple">
		<failure message="FAILED: Assert that (False == value) with value=True (+2 other failures)" type="FAILED" />
		<system-out>09:55:24 INFO  ==============================================================
09:55:24 INFO  Id:    SoftwareManagement.sm_apt_install_remove_multiple
09:55:24 INFO  Dir:   software_management_end_to_end/
09:55:24 INFO  Title: Validate end to end behaviour for the apt plugin for multiple packages
09:55:24 INFO  ==============================================================
09:55:24 INFO  Using sw id database: {'asciijump': '5475369', 'robotfindskitten': '5474869', 'squirrel3': '5475279', 'rolldice': '5152439', 'moon-buggy': '5439204', 'apple': '5495053', 'banana': '5494888', 'cherry': '5495382', 'watermelon': '5494510', 'registry': '8018911', 'hello-world': '8021526', 'docker/getting-started': '8021973', 'alpine': '7991792'}
09:55:24 INFO  EnvironmentC8y Setup
09:55:25 INFO  Executed systemctl&lt;serv_mapper1&gt;, exit status 3
09:55:25 INFO  Restarting mosquitto too frequently in the last 10 seconds. It was only up for 5 seconds
09:55:25 INFO  Delaying execution by 6 seconds
09:55:45 INFO  Executed sudo&lt;tedge_connect_c8y&gt;, exit status 0, duration 13 secs
09:55:45 INFO  Executed sudo&lt;tedge_connect_c8y_test&gt;, exit status 0
09:55:46 INFO  Executed systemctl&lt;serv_mosq2&gt;, exit status 0
09:55:46 INFO  Executed systemctl&lt;serv_mapper3&gt;, exit status 0
09:55:49 INFO  State of current operation: SUCCESSFUL
09:55:49 INFO  Assert that (False == value) with value=False ... passed
09:55:49 INFO  Package asciijump is installed
09:55:49 WARN  Assert that (False == value) with value=True ... failed 
09:55:50 INFO  Package squirrel3 is installed
09:55:50 WARN  Assert that (False == value) with value=True ... failed 
09:55:50 INFO  Package robotfindskitten is installed
09:55:50 WARN  Assert that (False == value) with value=True ... failed 
09:55:50 INFO  Response status: 201
09:55:50 INFO  Response to action: {
    "creationTime": "2022-05-03T09:55:50.518Z",
    "deviceName": "m32sd10d",
    "deviceId": "18261332",
    "self": "https://t493319102.eu-latest.cumulocity.com/devicecontrol/operations/18298437",
    "id": "18298437",
    "status": "PENDING",
    "description": "Apply software changes, triggered from PySys: [{'action': 'install', 'id': '5475369', 'name': 'asciijump', 'url': ' ', 'version': '::apt'}, {'action': 'install', 'id': '5474869', 'name': 'robotfindskitten', 'url': ' ', 'version': '::apt'}, {'action': 'install', 'id': '5475279', 'name': 'squirrel3', 'url': ' ', 'version': '::apt'}]",
    "c8y_SoftwareUpdate": [
        {
            "name": "asciijump",
            "action": "install",
            "id": "5475369",
            "version": "::apt",
            "url": " "
        },
        {
            "name": "robotfindskitten",
            "action": "install",
            "id": "5474869",
            "version": "::apt",
            "url": " "
        },
        {
            "name": "squirrel3",
            "action": "install",
            "id": "5475279",
            "version": "::apt",
            "url": " "
        }
    ]
}
09:55:50 INFO  Started operation: {'creationTime': '2022-05-03T09:55:50.518Z', 'deviceName': 'm32sd10d', 'deviceId': '18261332', 'self': 'https://t493319102.eu-latest.cumulocity.com/devicecontrol/operations/18298437', 'id': '18298437', 'status': 'PENDING', 'description': "Apply software changes, triggered from PySys: [{'action': 'install', 'id': '5475369', 'name': 'asciijump', 'url': ' ', 'version': '::apt'}, {'action': 'install', 'id': '5474869', 'name': 'robotfindskitten', 'url': ' ', 'version': '::apt'}, {'action': 'install', 'id': '5475279', 'name': 'squirrel3', 'url': ' ', 'version': '::apt'}]", 'c8y_SoftwareUpdate': [{'name': 'asciijump', 'action': 'install', 'id': '5475369', 'version': '::apt', 'url': ' '}, {'name': 'robotfindskitten', 'action': 'install', 'id': '5474869', 'version': '::apt', 'url': ' '}, {'name': 'squirrel3', 'action': 'install', 'id': '5475279', 'version': '::apt', 'url': ' '}]}
09:55:52 INFO  State of operation 18298437 : PENDING
09:55:55 INFO  State of operation 18298437 : EXECUTING
09:55:57 INFO  State of operation 18298437 : EXECUTING
09:55:59 INFO  State of operation 18298437 : EXECUTING
09:56:01 INFO  State of operation 18298437 : EXECUTING
09:56:03 INFO  State of operation 18298437 : EXECUTING
09:56:06 INFO  State of operation 18298437 : EXECUTING
09:56:09 INFO  State of operation 18298437 : EXECUTING
09:56:12 INFO  State of operation 18298437 : EXECUTING
09:56:14 INFO  State of operation 18298437 : EXECUTING
09:56:16 INFO  State of operation 18298437 : EXECUTING
09:56:18 INFO  State of operation 18298437 : EXECUTING
09:56:21 INFO  State of operation 18298437 : EXECUTING
09:56:23 INFO  State of operation 18298437 : EXECUTING
09:56:25 INFO  State of operation 18298437 : EXECUTING
09:56:27 INFO  State of operation 18298437 : SUCCESSFUL
09:56:28 INFO  Assert that (False == value) with value=False ... passed
09:56:28 INFO  Package asciijump is installed
09:56:28 INFO  Assert that (True == value) with value=True ... passed
09:56:29 INFO  Package squirrel3 is installed
09:56:29 INFO  Assert that (True == value) with value=True ... passed
09:56:29 INFO  Package robotfindskitten is installed
09:56:29 INFO  Assert that (True == value) with value=True ... passed
09:56:29 INFO  Response status: 201
09:56:29 INFO  Response to action: {
    "creationTime": "2022-05-03T09:56:29.622Z",
    "deviceName": "m32sd10d",
    "deviceId": "18261332",
    "self": "https://t493319102.eu-latest.cumulocity.com/devicecontrol/operations/18298443",
    "id": "18298443",
    "status": "PENDING",
    "description": "Apply software changes, triggered from PySys: [{'action': 'delete', 'id': '5475369', 'name': 'asciijump', 'url': ' ', 'version': '::apt'}, {'action': 'delete', 'id': '5474869', 'name': 'robotfindskitten', 'url': ' ', 'version': '::apt'}, {'action': 'delete', 'id': '5475279', 'name': 'squirrel3', 'url': ' ', 'version': '::apt'}]",
    "c8y_SoftwareUpdate": [
        {
            "name": "asciijump",
            "action": "delete",
            "id": "5475369",
            "version": "::apt",
            "url": " "
        },
        {
            "name": "robotfindskitten",
            "action": "delete",
            "id": "5474869",
            "version": "::apt",
            "url": " "
        },
        {
            "name": "squirrel3",
            "action": "delete",
            "id": "5475279",
            "version": "::apt",
            "url": " "
        }
    ]
}
09:56:29 INFO  Started operation: {'creationTime': '2022-05-03T09:56:29.622Z', 'deviceName': 'm32sd10d', 'deviceId': '18261332', 'self': 'https://t493319102.eu-latest.cumulocity.com/devicecontrol/operations/18298443', 'id': '18298443', 'status': 'PENDING', 'description': "Apply software changes, triggered from PySys: [{'action': 'delete', 'id': '5475369', 'name': 'asciijump', 'url': ' ', 'version': '::apt'}, {'action': 'delete', 'id': '5474869', 'name': 'robotfindskitten', 'url': ' ', 'version': '::apt'}, {'action': 'delete', 'id': '5475279', 'name': 'squirrel3', 'url': ' ', 'version': '::apt'}]", 'c8y_SoftwareUpdate': [{'name': 'asciijump', 'action': 'delete', 'id': '5475369', 'version': '::apt', 'url': ' '}, {'name': 'robotfindskitten', 'action': 'delete', 'id': '5474869', 'version': '::apt', 'url': ' '}, {'name': 'squirrel3', 'action': 'delete', 'id': '5475279', 'version': '::apt', 'url': ' '}]}
09:56:31 INFO  State of operation 18298443 : PENDING
09:56:34 INFO  State of operation 18298443 : EXECUTING
09:56:36 INFO  State of operation 18298443 : EXECUTING
09:56:38 INFO  State of operation 18298443 : EXECUTING
09:56:40 INFO  State of operation 18298443 : EXECUTING
09:56:42 INFO  State of operation 18298443 : EXECUTING
09:56:45 INFO  State of operation 18298443 : EXECUTING
09:56:48 INFO  State of operation 18298443 : EXECUTING
09:56:50 INFO  State of operation 18298443 : EXECUTING
09:56:53 INFO  State of operation 18298443 : EXECUTING
09:56:55 INFO  State of operation 18298443 : EXECUTING
09:56:57 INFO  State of operation 18298443 : EXECUTING
09:56:59 INFO  State of operation 18298443 : EXECUTING
09:57:02 INFO  State of operation 18298443 : EXECUTING
09:57:04 INFO  State of operation 18298443 : EXECUTING
09:57:07 INFO  State of operation 18298443 : EXECUTING
09:57:09 INFO  State of operation 18298443 : EXECUTING
09:57:11 INFO  State of operation 18298443 : EXECUTING
09:57:14 INFO  State of operation 18298443 : EXECUTING
09:57:16 INFO  State of operation 18298443 : EXECUTING
09:57:18 INFO  State of operation 18298443 : EXECUTING
09:57:20 INFO  State of operation 18298443 : EXECUTING
09:57:23 INFO  State of operation 18298443 : EXECUTING
09:57:25 INFO  State of operation 18298443 : EXECUTING
09:57:28 INFO  State of operation 18298443 : EXECUTING
09:57:30 INFO  State of operation 18298443 : EXECUTING
09:57:32 INFO  State of operation 18298443 : EXECUTING
09:57:35 INFO  State of operation 18298443 : SUCCESSFUL
09:57:35 INFO  Assert that (False == value) with value=False ... passed
09:57:35 INFO  Assert that (False == value) with value=False ... passed
09:57:35 INFO  Assert that (False == value) with value=False ... passed
09:57:36 INFO  Assert that (False == value) with value=False ... passed
09:57:36 INFO  
09:57:36 INFO  cleanup:
09:57:40 INFO  Executed sudo&lt;tedge_disconnect_c8y&gt;, exit status 0
09:57:40 INFO  Executed systemctl&lt;serv_mapper5&gt;, exit status 3
09:57:40 INFO  
09:57:40 INFO  Test duration: 135.97 secs
09:57:40 INFO  Test final outcome:  FAILED
09:57:40 INFO  Test outcome reason: Assert that (False == value) with value=True (+2 other failures)
09:57:40 INFO  
</system-out>
	</testcase>
</testsuite><testsuite name="SoftwareManagement.sm_apt_install_remove_multiple_mixed" tests="3" errors="0" failures="2" skipped="1" time="0"><testcase classname="PySysTest" name="SoftwareManagement.sm_apt_install_remove_multiple_mixed">
		<skipped message="SKIPPED: Testing the apt plugin is not supported on this platform.Use parameter -XmyPlatform='container' to enable it" />
		<system-out>09:02:55 INFO  ==============================================================
09:02:55 INFO  Id:    SoftwareManagement.sm_apt_install_remove_multiple_mixed
09:02:55 INFO  Dir:   software_management_end_to_end/
09:02:55 INFO  Title: Validate end to end behaviour for the apt plugin for multiple packages with mixed versions
09:02:55 INFO  ==============================================================
09:02:55 INFO  Testing the apt plugin is not supported on this platform.Use parameter -XmyPlatform='container' to enable it ... skipped
09:02:55 WARN  Aborted test due to SKIPPED outcome
09:02:55 INFO  
09:02:55 INFO  Test duration: 0.03 secs
09:02:55 INFO  Test final outcome:  SKIPPED
09:02:55 INFO  Test outcome reason: Testing the apt plugin is not supported on this platform.Use parameter -XmyPlatform='container' to enable it
09:02:55 INFO  
</system-out>
	</testcase>
<testcase classname="PySysTest" name="SoftwareManagement.sm_apt_install_remove_multiple_mixed">
		<failure message="BLOCKED: SystemError: Timeout while waiting for status SUCCESSFUL or False" type="BLOCKED" />
		<system-out>09:37:09 INFO  ==============================================================
09:37:09 INFO  Id:    SoftwareManagement.sm_apt_install_remove_multiple_mixed
09:37:09 INFO  Dir:   software_management_end_to_end/
09:37:09 INFO  Title: Validate end to end behaviour for the apt plugin for multiple packages with mixed versions
09:37:09 INFO  ==============================================================
09:37:09 INFO  Using sw id database: {'asciijump': '5475369', 'robotfindskitten': '5474869', 'squirrel3': '5475279', 'rolldice': '5152439', 'moon-buggy': '5439204', 'apple': '5495053', 'banana': '5494888', 'cherry': '5495382', 'watermelon': '5494510', 'registry': '8018911', 'hello-world': '8021526', 'docker/getting-started': '8021973', 'alpine': '7991792'}
09:37:09 INFO  EnvironmentC8y Setup
09:37:10 INFO  Executed systemctl&lt;serv_mapper1&gt;, exit status 3
09:37:10 INFO  Restarting mosquitto too frequently in the last 10 seconds. It was only up for 4 seconds
09:37:10 INFO  Delaying execution by 7 seconds
09:37:30 INFO  Executed sudo&lt;tedge_connect_c8y&gt;, exit status 0, duration 13 secs
09:37:31 INFO  Executed sudo&lt;tedge_connect_c8y_test&gt;, exit status 0
09:37:31 INFO  Executed systemctl&lt;serv_mosq2&gt;, exit status 0
09:37:32 INFO  Executed systemctl&lt;serv_mapper3&gt;, exit status 0
09:37:34 INFO  State of current operation: SUCCESSFUL
09:37:34 INFO  Assert that (False == value) with value=False ... passed
09:37:35 INFO  Assert that (False == value) with value=False ... passed
09:37:35 INFO  Assert that (False == value) with value=False ... passed
09:37:35 INFO  Assert that (False == value) with value=False ... passed
09:37:35 INFO  Assert that (False == value) with value=False ... passed
09:37:37 INFO  Response status: 201
09:37:37 INFO  Response to action: {
    "creationTime": "2022-05-03T09:37:37.025Z",
    "deviceName": "m32sd10d",
    "deviceId": "18261332",
    "self": "https://t493319102.eu-latest.cumulocity.com/devicecontrol/operations/18298327",
    "id": "18298327",
    "status": "PENDING",
    "description": "Apply software changes, triggered from PySys: [{'action': 'install', 'id': '5475369', 'name': 'asciijump', 'url': ' ', 'version': '::apt'}, {'action': 'install', 'id': '5474869', 'name': 'robotfindskitten', 'url': ' ', 'version': ' '}, {'action': 'install', 'id': '5475279', 'name': 'squirrel3', 'url': ' ', 'version': '3.1-7::apt'}, {'action': 'install', 'id': '5152439', 'name': 'rolldice', 'url': ' ', 'version': '1.16-1+b1'}, {'action': 'install', 'id': '5439204', 'name': 'moon-buggy', 'url': ' ', 'version': '1:1.0.51-12'}, {'action': 'install', 'id': '5475369', 'name': 'asciijump', 'url': ' ', 'version': '::apt'}]",
    "c8y_SoftwareUpdate": [
        {
            "name": "asciijump",
            "action": "install",
            "id": "5475369",
            "version": "::apt",
            "url": " "
        },
        {
            "name": "robotfindskitten",
            "action": "install",
            "id": "5474869",
            "version": " ",
            "url": " "
        },
        {
            "name": "squirrel3",
            "action": "install",
            "id": "5475279",
            "version": "3.1-7::apt",
            "url": " "
        },
        {
            "name": "rolldice",
            "action": "install",
            "id": "5152439",
            "version": "1.16-1+b1",
            "url": " "
        },
        {
            "name": "moon-buggy",
            "action": "install",
            "id": "5439204",
            "version": "1:1.0.51-12",
            "url": " "
        },
        {
            "name": "asciijump",
            "action": "install",
            "id": "5475369",
            "version": "::apt",
            "url": " "
        }
    ]
}
09:37:37 INFO  Started operation: {'creationTime': '2022-05-03T09:37:37.025Z', 'deviceName': 'm32sd10d', 'deviceId': '18261332', 'self': 'https://t493319102.eu-latest.cumulocity.com/devicecontrol/operations/18298327', 'id': '18298327', 'status': 'PENDING', 'description': "Apply software changes, triggered from PySys: [{'action': 'install', 'id': '5475369', 'name': 'asciijump', 'url': ' ', 'version': '::apt'}, {'action': 'install', 'id': '5474869', 'name': 'robotfindskitten', 'url': ' ', 'version': ' '}, {'action': 'install', 'id': '5475279', 'name': 'squirrel3', 'url': ' ', 'version': '3.1-7::apt'}, {'action': 'install', 'id': '5152439', 'name': 'rolldice', 'url': ' ', 'version': '1.16-1+b1'}, {'action': 'install', 'id': '5439204', 'name': 'moon-buggy', 'url': ' ', 'version': '1:1.0.51-12'}, {'action': 'install', 'id': '5475369', 'name': 'asciijump', 'url': ' ', 'version': '::apt'}]", 'c8y_SoftwareUpdate': [{'name': 'asciijump', 'action': 'install', 'id': '5475369', 'version': '::apt', 'url': ' '}, {'name': 'robotfindskitten', 'action': 'install', 'id': '5474869', 'version': ' ', 'url': ' '}, {'name': 'squirrel3', 'action': 'install', 'id': '5475279', 'version': '3.1-7::apt', 'url': ' '}, {'name': 'rolldice', 'action': 'install', 'id': '5152439', 'version': '1.16-1+b1', 'url': ' '}, {'name': 'moon-buggy', 'action': 'install', 'id': '5439204', 'version': '1:1.0.51-12', 'url': ' '}, {'name': 'asciijump', 'action': 'install', 'id': '5475369', 'version': '::apt', 'url': ' '}]}
09:37:39 INFO  State of operation 18298327 : PENDING
09:37:41 INFO  State of operation 18298327 : EXECUTING
09:37:43 INFO  State of operation 18298327 : EXECUTING
09:37:45 INFO  State of operation 18298327 : EXECUTING
09:37:48 INFO  State of operation 18298327 : EXECUTING
09:37:50 INFO  State of operation 18298327 : EXECUTING
09:37:53 INFO  State of operation 18298327 : EXECUTING
09:37:56 INFO  State of operation 18298327 : EXECUTING
09:37:58 INFO  State of operation 18298327 : EXECUTING
09:38:00 INFO  State of operation 18298327 : EXECUTING
09:38:02 INFO  State of operation 18298327 : EXECUTING
09:38:05 INFO  State of operation 18298327 : EXECUTING
09:38:07 INFO  State of operation 18298327 : EXECUTING
09:38:09 INFO  State of operation 18298327 : EXECUTING
09:38:11 INFO  State of operation 18298327 : EXECUTING
09:38:14 INFO  State of operation 18298327 : EXECUTING
09:38:16 INFO  State of operation 18298327 : EXECUTING
09:38:19 INFO  State of operation 18298327 : EXECUTING
09:38:21 INFO  State of operation 18298327 : EXECUTING
09:38:23 INFO  State of operation 18298327 : EXECUTING
09:38:25 INFO  State of operation 18298327 : EXECUTING
09:38:28 INFO  State of operation 18298327 : EXECUTING
09:38:30 INFO  State of operation 18298327 : EXECUTING
09:38:33 INFO  State of operation 18298327 : EXECUTING
09:38:35 INFO  State of operation 18298327 : EXECUTING
09:38:38 INFO  State of operation 18298327 : EXECUTING
09:38:40 INFO  State of operation 18298327 : EXECUTING
09:38:42 INFO  State of operation 18298327 : EXECUTING
09:38:44 INFO  State of operation 18298327 : EXECUTING
09:38:47 INFO  State of operation 18298327 : EXECUTING
09:38:49 INFO  State of operation 18298327 : EXECUTING
09:38:51 INFO  State of operation 18298327 : EXECUTING
09:38:54 INFO  State of operation 18298327 : EXECUTING
09:38:56 INFO  State of operation 18298327 : EXECUTING
09:38:58 INFO  State of operation 18298327 : EXECUTING
09:39:00 INFO  State of operation 18298327 : EXECUTING
09:39:03 INFO  State of operation 18298327 : EXECUTING
09:39:05 INFO  State of operation 18298327 : EXECUTING
09:39:08 INFO  State of operation 18298327 : EXECUTING
09:39:10 INFO  State of operation 18298327 : EXECUTING
09:39:13 INFO  State of operation 18298327 : EXECUTING
09:39:15 INFO  State of operation 18298327 : EXECUTING
09:39:17 INFO  State of operation 18298327 : EXECUTING
09:39:19 INFO  State of operation 18298327 : EXECUTING
09:39:22 INFO  State of operation 18298327 : EXECUTING
09:39:24 INFO  State of operation 18298327 : EXECUTING
09:39:26 INFO  State of operation 18298327 : EXECUTING
09:39:28 INFO  State of operation 18298327 : EXECUTING
09:39:31 INFO  State of operation 18298327 : EXECUTING
09:39:33 INFO  State of operation 18298327 : EXECUTING
09:39:36 INFO  State of operation 18298327 : EXECUTING
09:39:38 INFO  State of operation 18298327 : EXECUTING
09:39:40 INFO  State of operation 18298327 : EXECUTING
09:39:43 INFO  State of operation 18298327 : EXECUTING
09:39:45 INFO  State of operation 18298327 : EXECUTING
09:39:48 INFO  State of operation 18298327 : EXECUTING
09:39:50 INFO  State of operation 18298327 : EXECUTING
09:39:53 INFO  State of operation 18298327 : EXECUTING
09:39:55 INFO  State of operation 18298327 : EXECUTING
09:39:58 INFO  State of operation 18298327 : EXECUTING
09:40:00 INFO  State of operation 18298327 : EXECUTING
09:40:02 WARN  SystemError occurred while running test - Timeout while waiting for status SUCCESSFUL or False
Traceback (most recent call last):
  File "/home/pi/env-pysys/lib/python3.7/site-packages/pysys/baserunner.py", line 1294, in __call__
    self.testObj.execute()
  File "/home/pi/actions-runner/_work/thin-edge.io/thin-edge.io/tests/PySys/software_management_end_to_end/sm_apt_install_remove_multiple_mixed/run.py", line 89, in execute
    self.wait_until_succcess()
  File "/home/pi/actions-runner/_work/thin-edge.io/thin-edge.io/tests/PySys/software_management_end_to_end/environment_sm_management.py", line 324, in wait_until_succcess
    self.wait_until_status("SUCCESSFUL")
  File "/home/pi/actions-runner/_work/thin-edge.io/thin-edge.io/tests/PySys/software_management_end_to_end/environment_sm_management.py", line 381, in wait_until_status
    "Timeout while waiting for status %s or %s" % (status, status2)
SystemError: Timeout while waiting for status SUCCESSFUL or False
09:40:02 WARN  SystemError: Timeout while waiting for status SUCCESSFUL or False ... blocked 
09:40:02 INFO  
09:40:02 INFO  cleanup:
09:40:07 INFO  Executed sudo&lt;tedge_disconnect_c8y&gt;, exit status 0
09:40:07 INFO  Executed systemctl&lt;serv_mapper5&gt;, exit status 3
09:40:07 INFO  
09:40:07 INFO  Test duration: 178.51 secs
09:40:07 INFO  Test final outcome:  BLOCKED
09:40:07 INFO  Test outcome reason: SystemError: Timeout while waiting for status SUCCESSFUL or False
09:40:07 INFO  
</system-out>
	</testcase>
<testcase classname="PySysTest" name="SoftwareManagement.sm_apt_install_remove_multiple_mixed">
		<failure message="BLOCKED: SystemError: Timeout while waiting for status SUCCESSFUL or False (+1 other failures)" type="BLOCKED" />
		<system-out>09:57:40 INFO  ==============================================================
09:57:40 INFO  Id:    SoftwareManagement.sm_apt_install_remove_multiple_mixed
09:57:40 INFO  Dir:   software_management_end_to_end/
09:57:40 INFO  Title: Validate end to end behaviour for the apt plugin for multiple packages with mixed versions
09:57:40 INFO  ==============================================================
09:57:40 INFO  Using sw id database: {'asciijump': '5475369', 'robotfindskitten': '5474869', 'squirrel3': '5475279', 'rolldice': '5152439', 'moon-buggy': '5439204', 'apple': '5495053', 'banana': '5494888', 'cherry': '5495382', 'watermelon': '5494510', 'registry': '8018911', 'hello-world': '8021526', 'docker/getting-started': '8021973', 'alpine': '7991792'}
09:57:40 INFO  EnvironmentC8y Setup
09:57:41 INFO  Executed systemctl&lt;serv_mapper1&gt;, exit status 3
09:57:41 INFO  Restarting mosquitto too frequently in the last 10 seconds. It was only up for 5 seconds
09:57:41 INFO  Delaying execution by 6 seconds
09:58:01 INFO  Executed sudo&lt;tedge_connect_c8y&gt;, exit status 0, duration 13 secs
09:58:01 INFO  Executed sudo&lt;tedge_connect_c8y_test&gt;, exit status 0
09:58:02 INFO  Executed systemctl&lt;serv_mosq2&gt;, exit status 0
09:58:02 INFO  Executed systemctl&lt;serv_mapper3&gt;, exit status 0
09:58:05 INFO  State of current operation: SUCCESSFUL
09:58:05 INFO  Assert that (False == value) with value=False ... passed
09:58:05 INFO  Assert that (False == value) with value=False ... passed
09:58:05 INFO  Assert that (False == value) with value=False ... passed
09:58:05 INFO  Assert that (False == value) with value=False ... passed
09:58:06 INFO  Package moon-buggy is installed
09:58:06 WARN  Assert that (False == value) with value=True ... failed 
09:58:07 INFO  Response status: 201
09:58:07 INFO  Response to action: {
    "creationTime": "2022-05-03T09:58:07.428Z",
    "deviceName": "m32sd10d",
    "deviceId": "18261332",
    "self": "https://t493319102.eu-latest.cumulocity.com/devicecontrol/operations/18298449",
    "id": "18298449",
    "status": "PENDING",
    "description": "Apply software changes, triggered from PySys: [{'action': 'install', 'id': '5475369', 'name': 'asciijump', 'url': ' ', 'version': '::apt'}, {'action': 'install', 'id': '5474869', 'name': 'robotfindskitten', 'url': ' ', 'version': ' '}, {'action': 'install', 'id': '5475279', 'name': 'squirrel3', 'url': ' ', 'version': '3.1-7::apt'}, {'action': 'install', 'id': '5152439', 'name': 'rolldice', 'url': ' ', 'version': '1.16-1+b1'}, {'action': 'install', 'id': '5439204', 'name': 'moon-buggy', 'url': ' ', 'version': '1:1.0.51-12'}, {'action': 'install', 'id': '5475369', 'name': 'asciijump', 'url': ' ', 'version': '::apt'}]",
    "c8y_SoftwareUpdate": [
        {
            "name": "asciijump",
            "action": "install",
            "id": "5475369",
            "version": "::apt",
            "url": " "
        },
        {
            "name": "robotfindskitten",
            "action": "install",
            "id": "5474869",
            "version": " ",
            "url": " "
        },
        {
            "name": "squirrel3",
            "action": "install",
            "id": "5475279",
            "version": "3.1-7::apt",
            "url": " "
        },
        {
            "name": "rolldice",
            "action": "install",
            "id": "5152439",
            "version": "1.16-1+b1",
            "url": " "
        },
        {
            "name": "moon-buggy",
            "action": "install",
            "id": "5439204",
            "version": "1:1.0.51-12",
            "url": " "
        },
        {
            "name": "asciijump",
            "action": "install",
            "id": "5475369",
            "version": "::apt",
            "url": " "
        }
    ]
}
09:58:07 INFO  Started operation: {'creationTime': '2022-05-03T09:58:07.428Z', 'deviceName': 'm32sd10d', 'deviceId': '18261332', 'self': 'https://t493319102.eu-latest.cumulocity.com/devicecontrol/operations/18298449', 'id': '18298449', 'status': 'PENDING', 'description': "Apply software changes, triggered from PySys: [{'action': 'install', 'id': '5475369', 'name': 'asciijump', 'url': ' ', 'version': '::apt'}, {'action': 'install', 'id': '5474869', 'name': 'robotfindskitten', 'url': ' ', 'version': ' '}, {'action': 'install', 'id': '5475279', 'name': 'squirrel3', 'url': ' ', 'version': '3.1-7::apt'}, {'action': 'install', 'id': '5152439', 'name': 'rolldice', 'url': ' ', 'version': '1.16-1+b1'}, {'action': 'install', 'id': '5439204', 'name': 'moon-buggy', 'url': ' ', 'version': '1:1.0.51-12'}, {'action': 'install', 'id': '5475369', 'name': 'asciijump', 'url': ' ', 'version': '::apt'}]", 'c8y_SoftwareUpdate': [{'name': 'asciijump', 'action': 'install', 'id': '5475369', 'version': '::apt', 'url': ' '}, {'name': 'robotfindskitten', 'action': 'install', 'id': '5474869', 'version': ' ', 'url': ' '}, {'name': 'squirrel3', 'action': 'install', 'id': '5475279', 'version': '3.1-7::apt', 'url': ' '}, {'name': 'rolldice', 'action': 'install', 'id': '5152439', 'version': '1.16-1+b1', 'url': ' '}, {'name': 'moon-buggy', 'action': 'install', 'id': '5439204', 'version': '1:1.0.51-12', 'url': ' '}, {'name': 'asciijump', 'action': 'install', 'id': '5475369', 'version': '::apt', 'url': ' '}]}
09:58:09 INFO  State of operation 18298449 : PENDING
09:58:11 INFO  State of operation 18298449 : EXECUTING
09:58:14 INFO  State of operation 18298449 : EXECUTING
09:58:16 INFO  State of operation 18298449 : EXECUTING
09:58:18 INFO  State of operation 18298449 : EXECUTING
09:58:20 INFO  State of operation 18298449 : EXECUTING
09:58:24 INFO  State of operation 18298449 : EXECUTING
09:58:27 INFO  State of operation 18298449 : EXECUTING
09:58:29 INFO  State of operation 18298449 : EXECUTING
09:58:32 INFO  State of operation 18298449 : EXECUTING
09:58:34 INFO  State of operation 18298449 : EXECUTING
09:58:36 INFO  State of operation 18298449 : EXECUTING
09:58:38 INFO  State of operation 18298449 : EXECUTING
09:58:40 INFO  State of operation 18298449 : EXECUTING
09:58:43 INFO  State of operation 18298449 : EXECUTING
09:58:45 INFO  State of operation 18298449 : EXECUTING
09:58:47 INFO  State of operation 18298449 : EXECUTING
09:58:50 INFO  State of operation 18298449 : EXECUTING
09:58:52 INFO  State of operation 18298449 : EXECUTING
09:58:55 INFO  State of operation 18298449 : EXECUTING
09:58:57 INFO  State of operation 18298449 : EXECUTING
09:59:00 INFO  State of operation 18298449 : EXECUTING
09:59:02 INFO  State of operation 18298449 : EXECUTING
09:59:04 INFO  State of operation 18298449 : EXECUTING
09:59:07 INFO  State of operation 18298449 : EXECUTING
09:59:09 INFO  State of operation 18298449 : EXECUTING
09:59:12 INFO  State of operation 18298449 : EXECUTING
09:59:14 INFO  State of operation 18298449 : EXECUTING
09:59:17 INFO  State of operation 18298449 : EXECUTING
09:59:19 INFO  State of operation 18298449 : EXECUTING
09:59:21 INFO  State of operation 18298449 : EXECUTING
09:59:23 INFO  State of operation 18298449 : EXECUTING
09:59:26 INFO  State of operation 18298449 : EXECUTING
09:59:28 INFO  State of operation 18298449 : EXECUTING
09:59:30 INFO  State of operation 18298449 : EXECUTING
09:59:32 INFO  State of operation 18298449 : EXECUTING
09:59:35 INFO  State of operation 18298449 : EXECUTING
09:59:37 INFO  State of operation 18298449 : EXECUTING
09:59:40 INFO  State of operation 18298449 : EXECUTING
09:59:43 INFO  State of operation 18298449 : EXECUTING
09:59:45 INFO  State of operation 18298449 : EXECUTING
09:59:47 INFO  State of operation 18298449 : EXECUTING
09:59:49 INFO  State of operation 18298449 : EXECUTING
09:59:52 INFO  State of operation 18298449 : EXECUTING
09:59:54 INFO  State of operation 18298449 : EXECUTING
09:59:56 INFO  State of operation 18298449 : EXECUTING
09:59:58 INFO  State of operation 18298449 : EXECUTING
10:00:01 INFO  State of operation 18298449 : EXECUTING
10:00:03 INFO  State of operation 18298449 : EXECUTING
10:00:06 INFO  State of operation 18298449 : EXECUTING
10:00:08 INFO  State of operation 18298449 : EXECUTING
10:00:11 INFO  State of operation 18298449 : EXECUTING
10:00:13 INFO  State of operation 18298449 : EXECUTING
10:00:16 INFO  State of operation 18298449 : EXECUTING
10:00:18 INFO  State of operation 18298449 : EXECUTING
10:00:21 INFO  State of operation 18298449 : EXECUTING
10:00:23 INFO  State of operation 18298449 : EXECUTING
10:00:25 INFO  State of operation 18298449 : EXECUTING
10:00:27 INFO  State of operation 18298449 : EXECUTING
10:00:30 INFO  State of operation 18298449 : EXECUTING
10:00:32 INFO  State of operation 18298449 : EXECUTING
10:00:34 WARN  SystemError occurred while running test - Timeout while waiting for status SUCCESSFUL or False
Traceback (most recent call last):
  File "/home/pi/env-pysys/lib/python3.7/site-packages/pysys/baserunner.py", line 1294, in __call__
    self.testObj.execute()
  File "/home/pi/actions-runner/_work/thin-edge.io/thin-edge.io/tests/PySys/software_management_end_to_end/sm_apt_install_remove_multiple_mixed/run.py", line 89, in execute
    self.wait_until_succcess()
  File "/home/pi/actions-runner/_work/thin-edge.io/thin-edge.io/tests/PySys/software_management_end_to_end/environment_sm_management.py", line 324, in wait_until_succcess
    self.wait_until_status("SUCCESSFUL")
  File "/home/pi/actions-runner/_work/thin-edge.io/thin-edge.io/tests/PySys/software_management_end_to_end/environment_sm_management.py", line 381, in wait_until_status
    "Timeout while waiting for status %s or %s" % (status, status2)
SystemError: Timeout while waiting for status SUCCESSFUL or False
10:00:34 WARN  SystemError: Timeout while waiting for status SUCCESSFUL or False ... blocked 
10:00:34 INFO  
10:00:34 INFO  cleanup:
10:00:38 INFO  Executed sudo&lt;tedge_disconnect_c8y&gt;, exit status 0
10:00:39 INFO  Executed systemctl&lt;serv_mapper5&gt;, exit status 3
10:00:39 INFO  
10:00:39 INFO  Test duration: 178.54 secs
10:00:39 INFO  Test final outcome:  BLOCKED
10:00:39 INFO  Test outcome reason: SystemError: Timeout while waiting for status SUCCESSFUL or False (+1 other failures)
10:00:39 INFO  
</system-out>
	</testcase>
</testsuite><testsuite name="SoftwareManagement.sm_apt_install_remove_with_version" tests="3" errors="0" failures="0" skipped="1" time="0"><testcase classname="PySysTest" name="SoftwareManagement.sm_apt_install_remove_with_version">
		<skipped message="SKIPPED: Testing the apt plugin is not supported on this platform.Use parameter -XmyPlatform='container' to enable it" />
		<system-out>09:02:55 INFO  ==============================================================
09:02:55 INFO  Id:    SoftwareManagement.sm_apt_install_remove_with_version
09:02:55 INFO  Dir:   software_management_end_to_end/
09:02:55 INFO  Title: Validate end to end behaviour for the apt plugin for packages with version
09:02:55 INFO  ==============================================================
09:02:55 INFO  Testing the apt plugin is not supported on this platform.Use parameter -XmyPlatform='container' to enable it ... skipped
09:02:55 WARN  Aborted test due to SKIPPED outcome
09:02:55 INFO  
09:02:55 INFO  Test duration: 0.04 secs
09:02:55 INFO  Test final outcome:  SKIPPED
09:02:55 INFO  Test outcome reason: Testing the apt plugin is not supported on this platform.Use parameter -XmyPlatform='container' to enable it
09:02:55 INFO  
</system-out>
	</testcase>
<testcase classname="PySysTest" name="SoftwareManagement.sm_apt_install_remove_with_version" />
<testcase classname="PySysTest" name="SoftwareManagement.sm_apt_install_remove_with_version" />
</testsuite><testsuite name="SoftwareManagement.sm_docker_install_remove_multiple" tests="3" errors="0" failures="2" skipped="1" time="0"><testcase classname="SMDockerInstallRemove" name="SoftwareManagement.sm_docker_install_remove_multiple">
		<skipped message="SKIPPED: Testing the apt plugin is not supported on this platform.Use parameter -XmyPlatform='container' to enable it" />
		<system-out>09:02:55 INFO  ==============================================================
09:02:55 INFO  Id:    SoftwareManagement.sm_docker_install_remove_multiple
09:02:55 INFO  Dir:   software_management_end_to_end/
09:02:55 INFO  Title: Validate end to end behaviour for the docker plugin for multiple docker images with mixed versions
09:02:55 INFO  ==============================================================
09:02:55 INFO  Testing the apt plugin is not supported on this platform.Use parameter -XmyPlatform='container' to enable it ... skipped
09:02:55 WARN  Aborted test due to SKIPPED outcome
09:02:55 INFO  
09:02:55 INFO  Test duration: 0.03 secs
09:02:55 INFO  Test final outcome:  SKIPPED
09:02:55 INFO  Test outcome reason: Testing the apt plugin is not supported on this platform.Use parameter -XmyPlatform='container' to enable it
09:02:55 INFO  
</system-out>
	</testcase>
<testcase classname="SMDockerInstallRemove" name="SoftwareManagement.sm_docker_install_remove_multiple">
		<failure message="BLOCKED: SystemError: The operation has failed" type="BLOCKED" />
		<system-out>09:44:55 INFO  ==============================================================
09:44:55 INFO  Id:    SoftwareManagement.sm_docker_install_remove_multiple
09:44:55 INFO  Dir:   software_management_end_to_end/
09:44:55 INFO  Title: Validate end to end behaviour for the docker plugin for multiple docker images with mixed versions
09:44:55 INFO  ==============================================================
09:44:57 INFO  Using sw id database: {'asciijump': '5475369', 'robotfindskitten': '5474869', 'squirrel3': '5475279', 'rolldice': '5152439', 'moon-buggy': '5439204', 'apple': '5495053', 'banana': '5494888', 'cherry': '5495382', 'watermelon': '5494510', 'registry': '8018911', 'hello-world': '8021526', 'docker/getting-started': '8021973', 'alpine': '7991792'}
09:44:57 INFO  EnvironmentC8y Setup
09:44:57 INFO  Executed systemctl&lt;serv_mapper1&gt;, exit status 3
09:45:11 INFO  Executed sudo&lt;tedge_connect_c8y&gt;, exit status 0, duration 14 secs
09:45:12 INFO  Executed sudo&lt;tedge_connect_c8y_test&gt;, exit status 0
09:45:12 INFO  Executed systemctl&lt;serv_mosq2&gt;, exit status 0
09:45:13 INFO  Executed systemctl&lt;serv_mapper3&gt;, exit status 0
09:45:15 INFO  State of current operation: SUCCESSFUL
09:45:15 INFO  Response status: 201
09:45:15 INFO  Response to action: {
    "creationTime": "2022-05-03T09:45:15.766Z",
    "deviceName": "m32sd10d",
    "deviceId": "18261332",
    "self": "https://t493319102.eu-latest.cumulocity.com/devicecontrol/operations/18298347",
    "id": "18298347",
    "status": "PENDING",
    "description": "Apply software changes, triggered from PySys: [{'action': 'install', 'id': '8021526', 'name': 'hello-world', 'url': '', 'version': '::docker'}, {'action': 'install', 'id': '8018911', 'name': 'registry', 'url': '', 'version': '2.6.2::docker'}]",
    "c8y_SoftwareUpdate": [
        {
            "name": "hello-world",
            "action": "install",
            "id": "8021526",
            "version": "::docker",
            "url": ""
        },
        {
            "name": "registry",
            "action": "install",
            "id": "8018911",
            "version": "2.6.2::docker",
            "url": ""
        }
    ]
}
09:45:15 INFO  Started operation: {'creationTime': '2022-05-03T09:45:15.766Z', 'deviceName': 'm32sd10d', 'deviceId': '18261332', 'self': 'https://t493319102.eu-latest.cumulocity.com/devicecontrol/operations/18298347', 'id': '18298347', 'status': 'PENDING', 'description': "Apply software changes, triggered from PySys: [{'action': 'install', 'id': '8021526', 'name': 'hello-world', 'url': '', 'version': '::docker'}, {'action': 'install', 'id': '8018911', 'name': 'registry', 'url': '', 'version': '2.6.2::docker'}]", 'c8y_SoftwareUpdate': [{'name': 'hello-world', 'action': 'install', 'id': '8021526', 'version': '::docker', 'url': ''}, {'name': 'registry', 'action': 'install', 'id': '8018911', 'version': '2.6.2::docker', 'url': ''}]}
09:45:18 INFO  State of operation 18298347 : PENDING
09:45:20 INFO  State of operation 18298347 : EXECUTING
09:45:22 INFO  State of operation 18298347 : EXECUTING
09:45:24 INFO  State of operation 18298347 : EXECUTING
09:45:26 INFO  State of operation 18298347 : FAILED
09:45:26 ERROR Stopping as the operation has failed
09:45:26 WARN  SystemError occurred while running test - The operation has failed
Traceback (most recent call last):
  File "/home/pi/env-pysys/lib/python3.7/site-packages/pysys/baserunner.py", line 1292, in __call__
    self.testObj.setup()
  File "/home/pi/actions-runner/_work/thin-edge.io/thin-edge.io/tests/PySys/software_management_end_to_end/sm_docker_install_remove_multiple/run.py", line 55, in setup
    self.wait_until_succcess()
  File "/home/pi/actions-runner/_work/thin-edge.io/thin-edge.io/tests/PySys/software_management_end_to_end/environment_sm_management.py", line 324, in wait_until_succcess
    self.wait_until_status("SUCCESSFUL")
  File "/home/pi/actions-runner/_work/thin-edge.io/thin-edge.io/tests/PySys/software_management_end_to_end/environment_sm_management.py", line 361, in wait_until_status
    raise SystemError("The operation has failed")
SystemError: The operation has failed
09:45:26 WARN  SystemError: The operation has failed ... blocked 
09:45:26 INFO  
09:45:26 INFO  cleanup:
09:45:30 INFO  Executed sudo&lt;tedge_disconnect_c8y&gt;, exit status 0
09:45:31 INFO  Executed systemctl&lt;serv_mapper5&gt;, exit status 3
09:45:31 INFO  
09:45:31 INFO  Test duration: 35.58 secs
09:45:31 INFO  Test final outcome:  BLOCKED
09:45:31 INFO  Test outcome reason: SystemError: The operation has failed
09:45:31 INFO  
</system-out>
	</testcase>
<testcase classname="SMDockerInstallRemove" name="SoftwareManagement.sm_docker_install_remove_multiple">
		<failure message="BLOCKED: SystemError: The operation has failed" type="BLOCKED" />
		<system-out>10:03:16 INFO  ==============================================================
10:03:16 INFO  Id:    SoftwareManagement.sm_docker_install_remove_multiple
10:03:16 INFO  Dir:   software_management_end_to_end/
10:03:16 INFO  Title: Validate end to end behaviour for the docker plugin for multiple docker images with mixed versions
10:03:16 INFO  ==============================================================
10:03:16 INFO  Using sw id database: {'asciijump': '5475369', 'robotfindskitten': '5474869', 'squirrel3': '5475279', 'rolldice': '5152439', 'moon-buggy': '5439204', 'apple': '5495053', 'banana': '5494888', 'cherry': '5495382', 'watermelon': '5494510', 'registry': '8018911', 'hello-world': '8021526', 'docker/getting-started': '8021973', 'alpine': '7991792'}
10:03:16 INFO  EnvironmentC8y Setup
10:03:17 INFO  Executed systemctl&lt;serv_mapper1&gt;, exit status 3
10:03:17 INFO  Restarting mosquitto too frequently in the last 10 seconds. It was only up for 5 seconds
10:03:17 INFO  Delaying execution by 6 seconds
10:03:37 INFO  Executed sudo&lt;tedge_connect_c8y&gt;, exit status 0, duration 13 secs
10:03:38 INFO  Executed sudo&lt;tedge_connect_c8y_test&gt;, exit status 0
10:03:38 INFO  Executed systemctl&lt;serv_mosq2&gt;, exit status 0
10:03:38 INFO  Executed systemctl&lt;serv_mapper3&gt;, exit status 0
10:03:41 INFO  State of current operation: SUCCESSFUL
10:03:41 INFO  Response status: 201
10:03:41 INFO  Response to action: {
    "creationTime": "2022-05-03T10:03:41.390Z",
    "deviceName": "m32sd10d",
    "deviceId": "18261332",
    "self": "https://t493319102.eu-latest.cumulocity.com/devicecontrol/operations/18298476",
    "id": "18298476",
    "status": "PENDING",
[...]
		<failure message="FAILED: Assert that (True == value) with value=False" type="FAILED" />
		<system-out>08:50:29 INFO  ==============================================================
08:50:29 INFO  Id:    log_request_num_lines
08:50:29 INFO  Dir:   log_request_end_to_end/
08:50:29 INFO  Title: Validate end to end behaviour for the log request operation check for number of lines
08:50:29 INFO  ==============================================================
08:50:29 INFO  EnvironmentC8y Setup
08:50:29 INFO  Executed systemctl&lt;serv_mapper1&gt;, exit status 3
08:50:30 INFO  Restarting mosquitto too frequently in the last 10 seconds. It was only up for 5 seconds
08:50:30 INFO  Delaying execution by 6 seconds
08:50:50 INFO  Executed sudo&lt;tedge_connect_c8y&gt;, exit status 0, duration 14 secs
08:50:51 INFO  Executed sudo&lt;tedge_connect_c8y_test&gt;, exit status 0
08:50:51 INFO  Executed systemctl&lt;serv_mosq2&gt;, exit status 0
08:50:52 INFO  Executed systemctl&lt;serv_mapper3&gt;, exit status 0
08:50:52 INFO  Executed sudo&lt;rm_logs&gt;, exit status 0
08:50:53 INFO  Executed sudo&lt;move_logs&gt;, exit status 0
08:50:53 INFO  log response None
08:50:53 WARN  retry, retrying in 1 seconds...
08:50:55 INFO  log response https://thin-edge-io.eu-latest.cumulocity.com/event/events/18262228/binaries
08:50:55 INFO  nlines 0
08:50:55 WARN  Assert that (True == value) with value=False ... failed [run.py:44]
08:50:55 INFO  
08:50:55 INFO  cleanup:
08:50:55 INFO  Executed sudo&lt;rm_logs&gt;, exit status 0
08:50:56 INFO  Executed sudo&lt;rm_tmp_logs&gt;, exit status 0
08:50:57 INFO  Executed sudo&lt;send_failed&gt;, exit status 0
08:51:01 INFO  Executed sudo&lt;tedge_disconnect_c8y&gt;, exit status 0
08:51:01 INFO  Executed systemctl&lt;serv_mapper5&gt;, exit status 3
08:51:01 INFO  
08:51:01 INFO  Test duration: 32.22 secs
08:51:01 INFO  Test final outcome:  FAILED
08:51:01 INFO  Test outcome reason: Assert that (True == value) with value=False
08:51:01 INFO  
</system-out>
	</testcase>
</testsuite><testsuite name="mapper_awaits_before_reconnect" tests="1" errors="0" failures="1" skipped="0" time="0"><testcase classname="MapperReconnectAwait" name="mapper_awaits_before_reconnect">
		<failure message="FAILED: Line count on tedge_mapper_journal.out for &quot;tedge_mapper::core::mapper: MQTT connection error:&quot; expected &gt;=2 but got 0" type="FAILED" />
		<system-out>09:05:57 INFO  ==============================================================
09:05:57 INFO  Id:    mapper_awaits_before_reconnect
09:05:57 INFO  Dir:   tedge_mapper_c8y/
09:05:57 INFO  Title: Validate mapper doesn't reconnect too often
09:05:57 INFO  ==============================================================
09:05:57 INFO  Started mosquitto_sub with process id 15607
09:05:57 INFO  Waiting for 0.1 seconds
09:05:57 INFO  Executed sudo&lt;tedge_mapper&gt;, exit status 0
09:05:57 INFO  Waiting for 5.0 seconds
09:06:03 INFO  Executed sudo&lt;tedge_mapper&gt;, exit status 0
09:06:04 INFO  Executed sudo&lt;tedge_mapper_journal&gt;, exit status 0
09:06:04 WARN  Grep on tedge_mapper_journal.out contains "ERROR" ... failed [run.py:67]
09:06:04 INFO  Line count on file tedge_mapper_journal.out ... passed
09:06:04 WARN  Line count on tedge_mapper_journal.out for "tedge_mapper::core::mapper: MQTT connection error:" expected &gt;=2 but got 0 ... failed [run.py:78]
09:06:04 WARN  Aborted test due to FAILED outcome
09:06:04 INFO  
09:06:04 INFO  Test duration: 7.48 secs
09:06:04 INFO  Test final outcome:  FAILED
09:06:04 INFO  Test outcome reason: Line count on tedge_mapper_journal.out for "tedge_mapper::core::mapper: MQTT connection error:" expected &gt;=2 but got 0
09:06:04 INFO  
</system-out>
	</testcase>
</testsuite><testsuite name="monitoring_smaller_interval" tests="1" errors="0" failures="1" skipped="0" time="0"><testcase classname="MonitoringSmallInterval" name="monitoring_smaller_interval">
		<failure message="BLOCKED: TypeError: 'int' object is not subscriptable" type="BLOCKED" />
		<system-out>08:52:54 INFO  ==============================================================
08:52:54 INFO  Id:    monitoring_smaller_interval
08:52:54 INFO  Dir:   monitoring/
08:52:54 INFO  Title: Validate the tedge dm agent messages that are produced with smaller sampling interval than the batching window. Here the simulated collectd messages are used
08:52:54 INFO  ==============================================================
08:52:55 INFO  Executed sudo&lt;collectd&gt;, exit status 0
08:52:55 INFO  Executed sudo&lt;collectd_mapper&gt;, exit status 0
08:52:55 INFO  Started sudo&lt;tedge_sub&gt; with process id 11740
08:52:56 INFO  Executed sudo&lt;tedge_temp&gt;, exit status 0
08:52:57 INFO  Executed sudo&lt;tedge_pres&gt;, exit status 0
08:52:57 INFO  Executed sudo&lt;tedge_temp&gt;, exit status 0
08:52:58 INFO  Executed sudo&lt;tedge_pres&gt;, exit status 0
08:52:58 INFO  Executed sudo&lt;tedge_temp&gt;, exit status 0
08:52:59 INFO  Executed sudo&lt;tedge_pres&gt;, exit status 0
08:53:00 INFO  Executed sudo&lt;tedge_temp&gt;, exit status 0
08:53:00 INFO  Executed sudo&lt;tedge_pres&gt;, exit status 0
08:53:01 INFO  Executed sudo&lt;tedge_temp&gt;, exit status 0
08:53:01 INFO  Executed sudo&lt;tedge_pres&gt;, exit status 0
08:53:02 INFO  Executed sudo&lt;tedge_temp&gt;, exit status 0
08:53:02 INFO  Executed sudo&lt;tedge_pres&gt;, exit status 0
08:53:03 INFO  Executed sudo&lt;tedge_temp&gt;, exit status 0
08:53:04 INFO  Executed sudo&lt;tedge_pres&gt;, exit status 0
08:53:04 INFO  Executed sudo&lt;tedge_temp&gt;, exit status 0
08:53:05 INFO  Executed sudo&lt;tedge_pres&gt;, exit status 0
08:53:05 INFO  Executed sudo&lt;tedge_temp&gt;, exit status 0
08:53:06 INFO  Executed sudo&lt;tedge_pres&gt;, exit status 0
08:53:06 INFO  Executed sudo&lt;tedge_temp&gt;, exit status 0
08:53:07 INFO  Executed sudo&lt;tedge_pres&gt;, exit status 0
08:53:09 INFO  Executed sudo&lt;kill_out&gt;, exit status 0
08:53:09 INFO  0

08:53:09 WARN  TypeError occurred while running test - 'int' object is not subscriptable
Traceback (most recent call last):
  File "/home/pi/env-pysys/lib/python3.7/site-packages/pysys/baserunner.py", line 1296, in __call__
    self.testObj.validate()
  File "/home/pi/actions-runner/_work/thin-edge.io/thin-edge.io/tests/PySys/monitoring/monitoring_smaller_interval/run.py", line 104, in validate
    collectd_msg_validation_result=self.validate_json(),
  File "/home/pi/actions-runner/_work/thin-edge.io/thin-edge.io/tests/PySys/monitoring/monitoring_smaller_interval/run.py", line 114, in validate_json
    if not self.validate_time():
  File "/home/pi/actions-runner/_work/thin-edge.io/thin-edge.io/tests/PySys/monitoring/monitoring_smaller_interval/run.py", line 134, in validate_time
    if self.js_msg["time"]:
TypeError: 'int' object is not subscriptable
08:53:09 WARN  TypeError: 'int' object is not subscriptable ... blocked 
08:53:09 INFO  
08:53:09 INFO  cleanup:
08:53:09 INFO  monitoring_cleanup
08:53:09 INFO  Executed sudo&lt;collectd_mapper&gt;, exit status 0
08:53:09 INFO  
08:53:09 INFO  Test duration: 15.42 secs
08:53:09 INFO  Test final outcome:  BLOCKED
08:53:09 INFO  Test outcome reason: TypeError: 'int' object is not subscriptable
08:53:09 INFO  
</system-out>
	</testcase>
</testsuite><testsuite name="monitoring_with_collectd" tests="1" errors="0" failures="0" skipped="1" time="0"><testcase classname="MonitoringWithCollectd" name="monitoring_with_collectd">
		<skipped message="SKIPPED: Test execution disabled due to #792 (instable)" />
		<system-out>08:53:09 INFO  ==============================================================
08:53:09 INFO  Id:    monitoring_with_collectd
08:53:09 INFO  Dir:   monitoring/
08:53:09 INFO  Title: Validate tedge dm agent messages that are produced by batching the collectd messages
08:53:09 INFO  ==============================================================
08:53:09 INFO  Test execution disabled due to #792 (instable) ... skipped
08:53:09 INFO  
08:53:09 INFO  Test duration: 0.02 secs
08:53:09 INFO  Test final outcome:  SKIPPED
08:53:09 INFO  Test outcome reason: Test execution disabled due to #792 (instable)
08:53:09 INFO  
</system-out>
	</testcase>
</testsuite><testsuite name="monitoring_with_simulated_messages" tests="1" errors="0" failures="1" skipped="0" time="0"><testcase classname="MonitoringWithSimulatedMessages" name="monitoring_with_simulated_messages">
		<failure message="BLOCKED: TypeError: 'int' object is not subscriptable" type="BLOCKED" />
		<system-out>08:53:09 INFO  ==============================================================
08:53:09 INFO  Id:    monitoring_with_simulated_messages
08:53:09 INFO  Dir:   monitoring/
08:53:09 INFO  Title: Validate the tedge dm agent messages that are produced from the simulated collectd messages
08:53:09 INFO  ==============================================================
08:53:10 INFO  Executed sudo&lt;collectd&gt;, exit status 0
08:53:10 INFO  Executed sudo&lt;collectd_mapper&gt;, exit status 0
08:53:10 INFO  Started sudo&lt;tedge_sub&gt; with process id 11796
08:53:11 INFO  Executed sudo&lt;tedge_temp&gt;, exit status 0
08:53:12 INFO  Executed sudo&lt;tedge_pres&gt;, exit status 0
08:53:13 INFO  Executed sudo&lt;kill_out&gt;, exit status 0
08:53:13 INFO  0

08:53:13 WARN  TypeError occurred while running test - 'int' object is not subscriptable
Traceback (most recent call last):
  File "/home/pi/env-pysys/lib/python3.7/site-packages/pysys/baserunner.py", line 1296, in __call__
    self.testObj.validate()
  File "/home/pi/actions-runner/_work/thin-edge.io/thin-edge.io/tests/PySys/monitoring/monitoring_with_simulated_messages/run.py", line 98, in validate
    collectd_msg_validation_result=self.validate_json(),
  File "/home/pi/actions-runner/_work/thin-edge.io/thin-edge.io/tests/PySys/monitoring/monitoring_with_simulated_messages/run.py", line 108, in validate_json
    if not self.validate_time():
  File "/home/pi/actions-runner/_work/thin-edge.io/thin-edge.io/tests/PySys/monitoring/monitoring_with_simulated_messages/run.py", line 127, in validate_time
    if self.js_msg["time"]:
TypeError: 'int' object is not subscriptable
08:53:13 WARN  TypeError: 'int' object is not subscriptable ... blocked 
08:53:13 INFO  
08:53:13 INFO  cleanup:
08:53:13 INFO  monitoring_cleanup
08:53:14 INFO  Executed sudo&lt;collectd_mapper&gt;, exit status 0
08:53:14 INFO  
08:53:14 INFO  Test duration: 4.44 secs
08:53:14 INFO  Test final outcome:  BLOCKED
08:53:14 INFO  Test outcome reason: TypeError: 'int' object is not subscriptable
08:53:14 INFO  
</system-out>
	</testcase>
</testsuite><testsuite name="mqtt_port_change_connection_fails" tests="1" errors="0" failures="0" skipped="0" time="0"><testcase classname="MqttPortChangeConnectionFails" name="mqtt_port_change_connection_fails" />
</testsuite><testsuite name="mqtt_port_change_connection_works" tests="1" errors="0" failures="0" skipped="1" time="0"><testcase classname="MqttPortChangeConnectionWorks" name="mqtt_port_change_connection_works">
		<skipped message="SKIPPED: failing intermitently" />
		<system-out>08:51:36 INFO  ==============================================================
08:51:36 INFO  Id:    mqtt_port_change_connection_works
08:51:36 INFO  Dir:   misc_features/
08:51:36 INFO  Title: mqtt port change connection works for all the thin-edge services that use the mosquitto broker
08:51:36 INFO  ==============================================================
08:51:37 INFO  failing intermitently ... skipped
08:51:37 INFO  
08:51:37 INFO  Test duration: 0.03 secs
08:51:37 INFO  Test final outcome:  SKIPPED
08:51:37 INFO  Test outcome reason: failing intermitently
08:51:37 INFO  
</system-out>
	</testcase>
</testsuite><testsuite name="mqtt_port_set" tests="1" errors="0" failures="0" skipped="0" time="0"><testcase classname="MqttPortSet" name="mqtt_port_set" />
</testsuite><testsuite name="mqtt_port_unset" tests="1" errors="0" failures="0" skipped="0" time="0"><testcase classname="MqttPortUnSet" name="mqtt_port_unset" />
</testsuite><testsuite name="publish_flux" tests="1" errors="0" failures="0" skipped="0" time="0"><testcase classname="PublishFlux" name="publish_flux" />
</testsuite><testsuite name="publish_sawmill" tests="1" errors="0" failures="0" skipped="0" time="0"><testcase classname="PublishSawmill" name="publish_sawmill" />
</testsuite><testsuite name="runtime_start_two_mappers" tests="1" errors="0" failures="1" skipped="0" time="0"><testcase classname="RuntimeMultiMappers" name="runtime_start_two_mappers">
		<failure message="FAILED: Grep on tedge_mapper2.err contains &quot;Error: Couldn't acquire file lock.&quot;" type="FAILED" />
		<system-out>09:06:04 INFO  ==============================================================
09:06:04 INFO  Id:    runtime_start_two_mappers
09:06:04 INFO  Dir:   tedge_mapper_c8y/
09:06:04 INFO  Title: Validate two mappers can't be started at the same time
09:06:04 INFO  ==============================================================
09:06:05 INFO  Executed sudo&lt;tedge_mapper1&gt;, exit status 0
09:06:05 INFO  Waiting for 0.1 seconds
09:06:05 INFO  Executed sudo&lt;tedge_mapper2&gt;, exit status 1
09:06:06 INFO  Executed sudo&lt;tedge_mapper1&gt;, exit status 0
09:06:06 WARN  Grep on tedge_mapper2.err contains "Error: Couldn't acquire file lock." ... failed [run.py:46]
09:06:06 INFO  
09:06:06 INFO  Test duration: 1.76 secs
09:06:06 INFO  Test final outcome:  FAILED
09:06:06 INFO  Test outcome reason: Grep on tedge_mapper2.err contains "Error: Couldn't acquire file lock."
09:06:06 INFO  
</system-out>
	</testcase>
</testsuite><testsuite name="sm_tedge_mapper_init_session" tests="1" errors="0" failures="0" skipped="0" time="0"><testcase classname="TedgeSMMapperInitSession" name="sm_tedge_mapper_init_session" />
</testsuite><testsuite name="smoketest_json" tests="1" errors="0" failures="0" skipped="0" time="0"><testcase classname="SmokeTestJson" name="smoketest_json" />
</testsuite><testsuite name="smoketest_json_400_samples_10ms" tests="1" errors="0" failures="0" skipped="0" time="0"><testcase classname="SmoketestJson400Samples10ms" name="smoketest_json_400_samples_10ms" />
</testsuite><testsuite name="smoketest_json_400_samples_20ms" tests="1" errors="0" failures="0" skipped="0" time="0"><testcase classname="SmoketestJson400Samples20ms" name="smoketest_json_400_samples_20ms" />
</testsuite><testsuite name="smoketest_smartrest" tests="1" errors="0" failures="0" skipped="0" time="0"><testcase classname="SmoketestSmartRest" name="smoketest_smartrest" />
</testsuite><testsuite name="smoketest_smartrest_400_samples_1Xms" tests="1" errors="0" failures="0" skipped="0" time="0"><testcase classname="SmoketestSmartRest400Samples1Xms" name="smoketest_smartrest_400_samples_1Xms" />
</testsuite><testsuite name="smoketest_smartrest_400_samples_20ms" tests="1" errors="0" failures="0" skipped="0" time="0"><testcase classname="SmoketestSmartRest400Samples20ms" name="smoketest_smartrest_400_samples_20ms" />
</testsuite><testsuite name="tedge_agent_user_sudo_access" tests="1" errors="0" failures="0" skipped="1" time="0"><testcase classname="TedgeAgentUserSudoAccess" name="tedge_agent_user_sudo_access">
		<skipped message="SKIPPED: #955 Observation: Exit code of the apt plugin when called with no arguments" />
		<system-out>09:03:22 INFO  ==============================================================
09:03:22 INFO  Id:    tedge_agent_user_sudo_access
09:03:22 INFO  Dir:   tedge/
09:03:22 INFO  Title: Validate tedge-agent user has a limited sudo right
09:03:22 INFO  ==============================================================
09:03:22 INFO  #955 Observation: Exit code of the apt plugin when called with no arguments ... skipped
09:03:22 INFO  
09:03:22 INFO  Test duration: 0.02 secs
09:03:22 INFO  Test final outcome:  SKIPPED
09:03:22 INFO  Test outcome reason: #955 Observation: Exit code of the apt plugin when called with no arguments
09:03:22 INFO  
</system-out>
	</testcase>
</testsuite><testsuite name="tedge_connect_test_negative" tests="1" errors="0" failures="0" skipped="0" time="0"><testcase classname="TedgeConnectTestNegative" name="tedge_connect_test_negative" />
</testsuite><testsuite name="tedge_connect_test_positive" tests="1" errors="0" failures="0" skipped="0" time="0"><testcase classname="TedgeConnectTestPositive" name="tedge_connect_test_positive" />
</testsuite><testsuite name="tedge_connect_test_sm_services" tests="1" errors="0" failures="0" skipped="0" time="0"><testcase classname="TedgeConnectTestSMServices" name="tedge_connect_test_sm_services" />
</testsuite><testsuite name="tedge_disconnect_test_sm_services" tests="1" errors="0" failures="0" skipped="0" time="0"><testcase classname="TedgeDisConnectTestSMServices" name="tedge_disconnect_test_sm_services" />
</testsuite><testsuite name="tedge_mapper_az_negative" tests="1" errors="0" failures="0" skipped="0" time="0"><testcase classname="TedgeMapperAzError" name="tedge_mapper_az_negative" />
</testsuite><testsuite name="tedge_mapper_az_with_timestamp" tests="1" errors="0" failures="0" skipped="0" time="0"><testcase classname="TedgeMapperAzWithTimestamp" name="tedge_mapper_az_with_timestamp" />
</testsuite><testsuite name="tedge_mapper_az_without_timestamp" tests="1" errors="0" failures="0" skipped="0" time="0"><testcase classname="TedgeMapperAzWithoutTimestamp" name="tedge_mapper_az_without_timestamp" />
</testsuite><testsuite name="tedge_mapper_c8y_alarms" tests="1" errors="0" failures="0" skipped="0" time="0"><testcase classname="TedgeMapperC8yAlarm" name="tedge_mapper_c8y_alarms" />
</testsuite><testsuite name="tedge_mapper_c8y_child_device_measurement" tests="1" errors="0" failures="0" skipped="0" time="0"><testcase classname="TedgeMapperC8yChildDevice" name="tedge_mapper_c8y_child_device_measurement" />
</testsuite><testsuite name="tedge_mapper_c8y_packet_threshold_size" tests="1" errors="0" failures="1" skipped="0" time="0"><testcase classname="TedgeMapperC8yThresholdPacketSize" name="tedge_mapper_c8y_packet_threshold_size">
		<failure message="FAILED: Grep on tedge_sub.out contains &quot;The size of the message received on tedge/measurements is 20489 which is greater than the threshold size of 16184.&quot;" type="FAILED" />
		<system-out>09:07:41 INFO  ==============================================================
09:07:41 INFO  Id:    tedge_mapper_c8y_packet_threshold_size
09:07:41 INFO  Dir:   tedge_mapper_c8y/
09:07:41 INFO  Title: Validate the Cumulocity Mapper accepted threshold packet size when it receives a message on tedge/measurements
09:07:41 INFO  ==============================================================
09:07:41 INFO  Executed sudo&lt;tedge_mapper_c8y&gt;, exit status 0
09:07:41 INFO  Started sudo&lt;tedge_sub&gt; with process id 16201
09:07:42 INFO  Executed sudo&lt;tedge_msg&gt;, exit status 0
09:07:42 INFO  Executed sudo&lt;tedge_pub&gt;, exit status 0
09:07:43 INFO  Executed sudo&lt;kill_out&gt;, exit status 0
09:07:43 WARN  Grep on tedge_sub.out contains "The size of the message received on tedge/measurements is 20489 which is greater than the threshold size of 16184." ... failed [run.py:88]
09:07:43 INFO  
09:07:43 INFO  cleanup:
09:07:43 INFO  mapper_cleanup
09:07:44 INFO  Executed sudo&lt;tedge_mapper_c8y&gt;, exit status 0
09:07:44 INFO  
09:07:44 INFO  Test duration: 3.00 secs
09:07:44 INFO  Test final outcome:  FAILED
09:07:44 INFO  Test outcome reason: Grep on tedge_sub.out contains "The size of the message received on tedge/measurements is 20489 which is greater than the threshold size of 16184."
09:07:44 INFO  
</system-out>
	</testcase>
</testsuite><testsuite name="tedge_software_update" tests="1" errors="0" failures="0" skipped="0" time="0"><testcase classname="PySysTest" name="tedge_software_update" />
</testsuite><testsuite name="valid_device_id" tests="1" errors="0" failures="0" skipped="0" time="0"><testcase classname="ValidateValidDeviceId" name="valid_device_id" />
</testsuite></testsuites>