<?xml version='1.0' encoding='utf-8'?>
<testsuites tests="139" failures="16" errors="0" skipped="45" time="0.0"><testsuite name="SoftwareManagement.Plugin.apama_plugin_install" tests="3" errors="0" failures="0" skipped="1" time="0"><testcase classname="ApamaPluginInstallTest" name="SoftwareManagement.Plugin.apama_plugin_install">
		<skipped message="SKIPPED: Apama plugin tests are disabled by default. Execute `pysys run` with `-XmyPlatform=container` to run these tests" />
		<system-out>10:45:38 INFO  ==============================================================
10:45:38 INFO  Id:    SoftwareManagement.Plugin.apama_plugin_install
10:45:38 INFO  Dir:   plugin_apama/
10:45:38 INFO  Title: Validate apama plugin install
10:45:38 INFO  ==============================================================
10:45:38 INFO  Apama plugin tests are disabled by default. Execute `pysys run` with `-XmyPlatform=container` to run these tests ... skipped
10:45:38 WARN  Aborted test due to SKIPPED outcome
10:45:38 INFO  
10:45:38 INFO  Test duration: 0.11 secs
10:45:38 INFO  Test final outcome:  SKIPPED
10:45:38 INFO  Test outcome reason: Apama plugin tests are disabled by default. Execute `pysys run` with `-XmyPlatform=container` to run these tests
10:45:38 INFO  
</system-out>
	</testcase>
<testcase classname="ApamaPluginInstallTest" name="SoftwareManagement.Plugin.apama_plugin_install" />
<testcase classname="ApamaPluginInstallTest" name="SoftwareManagement.Plugin.apama_plugin_install" />
</testsuite><testsuite name="SoftwareManagement.Plugin.apama_plugin_mon_support" tests="3" errors="0" failures="0" skipped="1" time="0"><testcase classname="ApamaPluginMonSupportTest" name="SoftwareManagement.Plugin.apama_plugin_mon_support">
		<skipped message="SKIPPED: Apama plugin tests are disabled by default. Execute `pysys run` with `-XmyPlatform=container` to run these tests" />
		<system-out>10:45:38 INFO  ==============================================================
10:45:38 INFO  Id:    SoftwareManagement.Plugin.apama_plugin_mon_support
10:45:38 INFO  Dir:   plugin_apama/
10:45:38 INFO  Title: Validate mon file support of apama plugin
10:45:38 INFO  ==============================================================
10:45:38 INFO  Apama plugin tests are disabled by default. Execute `pysys run` with `-XmyPlatform=container` to run these tests ... skipped
10:45:38 WARN  Aborted test due to SKIPPED outcome
10:45:38 INFO  
10:45:38 INFO  Test duration: 0.02 secs
10:45:38 INFO  Test final outcome:  SKIPPED
10:45:38 INFO  Test outcome reason: Apama plugin tests are disabled by default. Execute `pysys run` with `-XmyPlatform=container` to run these tests
10:45:38 INFO  
</system-out>
	</testcase>
<testcase classname="ApamaPluginMonSupportTest" name="SoftwareManagement.Plugin.apama_plugin_mon_support" />
<testcase classname="ApamaPluginMonSupportTest" name="SoftwareManagement.Plugin.apama_plugin_mon_support" />
</testsuite><testsuite name="SoftwareManagement.Plugin.apama_plugin_remove" tests="3" errors="0" failures="0" skipped="1" time="0"><testcase classname="ApamaPluginRemoveTest" name="SoftwareManagement.Plugin.apama_plugin_remove">
		<skipped message="SKIPPED: Apama plugin tests are disabled by default. Execute `pysys run` with `-XmyPlatform=container` to run these tests" />
		<system-out>10:45:38 INFO  ==============================================================
10:45:38 INFO  Id:    SoftwareManagement.Plugin.apama_plugin_remove
10:45:38 INFO  Dir:   plugin_apama/
10:45:38 INFO  Title: Validate apama plugin remove
10:45:38 INFO  ==============================================================
10:45:38 INFO  Apama plugin tests are disabled by default. Execute `pysys run` with `-XmyPlatform=container` to run these tests ... skipped
10:45:38 WARN  Aborted test due to SKIPPED outcome
10:45:38 INFO  
10:45:38 INFO  Test duration: 0.02 secs
10:45:38 INFO  Test final outcome:  SKIPPED
10:45:38 INFO  Test outcome reason: Apama plugin tests are disabled by default. Execute `pysys run` with `-XmyPlatform=container` to run these tests
10:45:38 INFO  
</system-out>
	</testcase>
<testcase classname="ApamaPluginRemoveTest" name="SoftwareManagement.Plugin.apama_plugin_remove" />
<testcase classname="ApamaPluginRemoveTest" name="SoftwareManagement.Plugin.apama_plugin_remove" />
</testsuite><testsuite name="SoftwareManagement.Plugin.apama_plugin_update" tests="3" errors="0" failures="2" skipped="1" time="0"><testcase classname="ApamaPluginUpdateTest" name="SoftwareManagement.Plugin.apama_plugin_update">
		<skipped message="SKIPPED: Apama plugin tests are disabled by default. Execute `pysys run` with `-XmyPlatform=container` to run these tests" />
		<system-out>10:45:38 INFO  ==============================================================
10:45:38 INFO  Id:    SoftwareManagement.Plugin.apama_plugin_update
10:45:38 INFO  Dir:   plugin_apama/
10:45:38 INFO  Title: Validate apama plugin updating one project with another
10:45:38 INFO  ==============================================================
10:45:38 INFO  Apama plugin tests are disabled by default. Execute `pysys run` with `-XmyPlatform=container` to run these tests ... skipped
10:45:38 WARN  Aborted test due to SKIPPED outcome
10:45:38 INFO  
10:45:38 INFO  Test duration: 0.02 secs
10:45:38 INFO  Test final outcome:  SKIPPED
10:45:38 INFO  Test outcome reason: Apama plugin tests are disabled by default. Execute `pysys run` with `-XmyPlatform=container` to run these tests
10:45:38 INFO  
</system-out>
	</testcase>
<testcase classname="ApamaPluginUpdateTest" name="SoftwareManagement.Plugin.apama_plugin_update">
		<failure message="BLOCKED: sudo&lt;plugin_install&gt; returned non-zero exit code 2" type="BLOCKED" />
		<system-out>11:36:44 INFO  ==============================================================
11:36:44 INFO  Id:    SoftwareManagement.Plugin.apama_plugin_update
11:36:44 INFO  Dir:   plugin_apama/
11:36:44 INFO  Title: Validate apama plugin updating one project with another
11:36:44 INFO  ==============================================================
11:36:44 INFO  Assertion that path exists=False for "/etc/tedge/apama/project" ... passed
11:36:45 INFO  Executed sudo&lt;create_project_dir&gt;, exit status 0
11:36:45 INFO  Executed sudo&lt;unzip_apama_project&gt;, exit status 0
11:36:46 INFO  Executed sudo&lt;move_apama_project&gt;, exit status 0
11:36:46 INFO  Executed sudo&lt;restart_apama_service&gt;, exit status 0
11:36:47 INFO  Executed sudo&lt;apama_correlator_wait&gt;, exit status 0
11:36:47 INFO  Assertion that path exists=True for "/etc/tedge/apama/project" ... passed
11:36:48 INFO  Executed sudo&lt;apama_list_monitors&gt;, exit status 0
11:36:48 INFO  Grep on file /home/pi/actions-runner/_work/thin-edge.io/thin-edge.io/tests/PySys/plugin_apama/apama_plugin_update/Output/linux/apama_list_monitors.out ... passed
11:36:49 WARN  Executed sudo&lt;plugin_install&gt;, exit status 2
11:36:49 INFO  Contents of plugin_install.err: 
  ERROR: Directory not empty (os error 39)
  -----

11:36:49 WARN  sudo&lt;plugin_install&gt; returned non-zero exit code 2 ... blocked [run.py:35]
11:36:49 WARN  Aborted test due to BLOCKED outcome
11:36:49 INFO  
11:36:49 INFO  cleanup:
11:36:49 INFO  Removing apama project
11:37:04 INFO  Executed sudo&lt;stop_apama_service&gt;, exit status 0, duration 15 secs
11:37:05 INFO  Executed sudo&lt;remove_apama_project&gt;, exit status 0
11:37:05 INFO  Executed sudo&lt;remove_apama_tmp_dir&gt;, exit status 0
11:37:05 INFO  
11:37:05 INFO  Test duration: 21.40 secs
11:37:05 INFO  Test final outcome:  BLOCKED
11:37:05 INFO  Test outcome reason: sudo&lt;plugin_install&gt; returned non-zero exit code 2
11:37:05 INFO  
</system-out>
	</testcase>
<testcase classname="ApamaPluginUpdateTest" name="SoftwareManagement.Plugin.apama_plugin_update">
		<failure message="BLOCKED: sudo&lt;plugin_install&gt; returned non-zero exit code 2" type="BLOCKED" />
		<system-out>11:45:36 INFO  ==============================================================
11:45:36 INFO  Id:    SoftwareManagement.Plugin.apama_plugin_update
11:45:36 INFO  Dir:   plugin_apama/
11:45:36 INFO  Title: Validate apama plugin updating one project with another
11:45:36 INFO  ==============================================================
11:45:36 INFO  Assertion that path exists=False for "/etc/tedge/apama/project" ... passed
11:45:37 INFO  Executed sudo&lt;create_project_dir&gt;, exit status 0
11:45:37 INFO  Executed sudo&lt;unzip_apama_project&gt;, exit status 0
11:45:38 INFO  Executed sudo&lt;move_apama_project&gt;, exit status 0
11:45:39 INFO  Executed sudo&lt;restart_apama_service&gt;, exit status 0
11:45:40 INFO  Executed sudo&lt;apama_correlator_wait&gt;, exit status 0
11:45:40 INFO  Assertion that path exists=True for "/etc/tedge/apama/project" ... passed
11:45:40 INFO  Executed sudo&lt;apama_list_monitors&gt;, exit status 0
11:45:40 INFO  Grep on file /home/pi/actions-runner/_work/thin-edge.io/thin-edge.io/tests/PySys/plugin_apama/apama_plugin_update/Output/linux/apama_list_monitors.out ... passed
11:45:41 WARN  Executed sudo&lt;plugin_install&gt;, exit status 2
11:45:41 INFO  Contents of plugin_install.err: 
  ERROR: Directory not empty (os error 39)
  -----

11:45:41 WARN  sudo&lt;plugin_install&gt; returned non-zero exit code 2 ... blocked [run.py:35]
11:45:41 WARN  Aborted test due to BLOCKED outcome
11:45:41 INFO  
11:45:41 INFO  cleanup:
11:45:41 INFO  Removing apama project
11:45:57 INFO  Executed sudo&lt;stop_apama_service&gt;, exit status 0, duration 15 secs
11:45:57 INFO  Executed sudo&lt;remove_apama_project&gt;, exit status 0
11:45:58 INFO  Executed sudo&lt;remove_apama_tmp_dir&gt;, exit status 0
11:45:58 INFO  
11:45:58 INFO  Test duration: 21.22 secs
11:45:58 INFO  Test final outcome:  BLOCKED
11:45:58 INFO  Test outcome reason: sudo&lt;plugin_install&gt; returned non-zero exit code 2
11:45:58 INFO  
</system-out>
	</testcase>
</testsuite><testsuite name="SoftwareManagement.sm_apt_install_download_path" tests="3" errors="0" failures="2" skipped="1" time="0"><testcase classname="AptInstallWithDownloadPath" name="SoftwareManagement.sm_apt_install_download_path">
		<skipped message="SKIPPED: Testing the apt plugin is not supported on this platform.Use parameter -XmyPlatform='container' to enable it" />
		<system-out>10:55:13 INFO  ==============================================================
10:55:13 INFO  Id:    SoftwareManagement.sm_apt_install_download_path
10:55:13 INFO  Dir:   software_management_end_to_end/
10:55:13 INFO  Title: Install package to directory specified in tedge config set tmp.path
10:55:13 INFO  ==============================================================
10:55:13 INFO  Testing the apt plugin is not supported on this platform.Use parameter -XmyPlatform='container' to enable it ... skipped
10:55:13 WARN  Aborted test due to SKIPPED outcome
10:55:13 INFO  
10:55:13 INFO  Test duration: 0.09 secs
10:55:13 INFO  Test final outcome:  SKIPPED
10:55:13 INFO  Test outcome reason: Testing the apt plugin is not supported on this platform.Use parameter -XmyPlatform='container' to enable it
10:55:13 INFO  
</system-out>
	</testcase>
<testcase classname="AptInstallWithDownloadPath" name="SoftwareManagement.sm_apt_install_download_path">
		<failure message="BLOCKED: AssertionError:" type="BLOCKED" />
		<system-out>11:18:50 INFO  ==============================================================
11:18:50 INFO  Id:    SoftwareManagement.sm_apt_install_download_path
11:18:50 INFO  Dir:   software_management_end_to_end/
11:18:50 INFO  Title: Install package to directory specified in tedge config set tmp.path
11:18:50 INFO  ==============================================================
11:18:50 INFO  Using sw id database: {'asciijump': '5475369', 'robotfindskitten': '5474869', 'squirrel3': '5475279', 'rolldice': '5152439', 'moon-buggy': '5439204', 'apple': '5495053', 'banana': '5494888', 'cherry': '5495382', 'watermelon': '5494510', 'registry': '8018911', 'hello-world': '8021526', 'docker/getting-started': '8021973', 'alpine': '7991792'}
11:18:50 INFO  EnvironmentC8y Setup
11:18:51 INFO  Executed systemctl&lt;serv_mapper1&gt;, exit status 3
11:19:05 INFO  Executed sudo&lt;tedge_connect_c8y&gt;, exit status 0, duration 14 secs
11:19:07 INFO  Executed sudo&lt;tedge_connect_c8y_test&gt;, exit status 0
11:19:08 INFO  Executed systemctl&lt;serv_mosq2&gt;, exit status 0
11:19:08 INFO  Executed systemctl&lt;serv_mapper3&gt;, exit status 0
11:19:11 ERROR No operations found, assuming it passed
11:19:11 INFO  Assert that (False == value) with value=False ... passed
11:19:11 INFO  Executed sudo, exit status 0
11:19:12 INFO  Executed sudo, exit status 0
11:19:13 INFO  Executed sudo, exit status 0
11:19:16 INFO  Executed sudo&lt;tedge_disconnect_c8y&gt;, exit status 0
11:19:16 INFO  Restarting mosquitto too frequently in the last 10 seconds. It was only up for 3 seconds
11:19:16 INFO  Delaying execution by 8 seconds
11:19:38 INFO  Executed sudo&lt;tedge_connect_c8y&gt;, exit status 0, duration 13 secs
11:19:39 INFO  Response status: 201
11:19:39 INFO  Response to action: {
    "delivery": {
        "log": [],
        "time": "2022-07-20T11:19:39.016Z",
        "status": "PENDING"
    },
    "creationTime": "2022-07-20T11:19:38.992Z",
    "deviceId": "21056369",
    "deviceName": "m32sd10d",
    "self": "https://t493319102.eu-latest.cumulocity.com/devicecontrol/operations/21082278",
    "id": "21082278",
    "status": "PENDING",
    "description": "Apply software changes, triggered from PySys: [{'name': 'rolldice', 'id': '5152439', 'version': '::apt', 'url': 'https://thin-edge-io.eu-latest.cumulocity.com/inventory/binaries/12435463', 'action': 'install'}]",
    "c8y_SoftwareUpdate": [
        {
            "name": "rolldice",
            "action": "install",
            "id": "5152439",
            "version": "::apt",
            "url": "https://thin-edge-io.eu-latest.cumulocity.com/inventory/binaries/12435463"
        }
    ]
}
11:19:39 INFO  Started operation: {'delivery': {'log': [], 'time': '2022-07-20T11:19:39.016Z', 'status': 'PENDING'}, 'creationTime': '2022-07-20T11:19:38.992Z', 'deviceId': '21056369', 'deviceName': 'm32sd10d', 'self': 'https://t493319102.eu-latest.cumulocity.com/devicecontrol/operations/21082278', 'id': '21082278', 'status': 'PENDING', 'description': "Apply software changes, triggered from PySys: [{'name': 'rolldice', 'id': '5152439', 'version': '::apt', 'url': 'https://thin-edge-io.eu-latest.cumulocity.com/inventory/binaries/12435463', 'action': 'install'}]", 'c8y_SoftwareUpdate': [{'name': 'rolldice', 'action': 'install', 'id': '5152439', 'version': '::apt', 'url': 'https://thin-edge-io.eu-latest.cumulocity.com/inventory/binaries/12435463'}]}
11:19:39 WARN  , retrying in 0.5 seconds...
11:19:39 WARN  , retrying in 0.5 seconds...
11:19:40 WARN  , retrying in 0.5 seconds...
11:19:40 WARN  , retrying in 0.5 seconds...
11:19:41 WARN  , retrying in 0.5 seconds...
11:19:41 WARN  , retrying in 0.5 seconds...
11:19:42 WARN  , retrying in 0.5 seconds...
11:19:42 WARN  , retrying in 0.5 seconds...
11:19:43 WARN  , retrying in 0.5 seconds...
11:19:43 WARN  AssertionError occurred while running test - 
Traceback (most recent call last):
  File "/home/pi/env-pysys/lib/python3.7/site-packages/pysys/baserunner.py", line 1294, in __call__
    self.testObj.execute()
  File "/home/pi/actions-runner/_work/thin-edge.io/thin-edge.io/tests/PySys/software_management_end_to_end/sm_apt_install_download_path/run.py", line 83, in execute
    assert_install_in_download_path(install_directory=self.DOWNLOAD_DIR)
  File "/home/pi/env-pysys/lib/python3.7/site-packages/decorator.py", line 232, in fun
    return caller(func, *(extras + args), **kw)
  File "/home/pi/env-pysys/lib/python3.7/site-packages/retry/api.py", line 74, in retry_decorator
    logger)
  File "/home/pi/env-pysys/lib/python3.7/site-packages/retry/api.py", line 33, in __retry_internal
    return f()
  File "/home/pi/actions-runner/_work/thin-edge.io/thin-edge.io/tests/PySys/software_management_end_to_end/sm_apt_install_download_path/run.py", line 28, in assert_install_in_download_path
    assert "rolldice" in os.listdir(f"{install_directory}")
AssertionError
11:19:44 WARN  AssertionError: ... blocked 
11:19:44 INFO  
11:19:44 INFO  cleanup:
11:19:44 INFO  Executed sudo, exit status 0
11:19:45 INFO  Executed sudo, exit status 0
11:19:49 INFO  Executed sudo&lt;tedge_disconnect_c8y&gt;, exit status 0
11:19:49 INFO  Restarting mosquitto too frequently in the last 10 seconds. It was only up for 3 seconds
11:19:49 INFO  Delaying execution by 8 seconds
11:20:11 INFO  Executed sudo&lt;tedge_connect_c8y&gt;, exit status 0, duration 13 secs
11:20:15 INFO  Executed sudo&lt;tedge_disconnect_c8y&gt;, exit status 0
11:20:16 INFO  Executed systemctl&lt;serv_mapper5&gt;, exit status 3
11:20:16 INFO  
11:20:16 INFO  Test duration: 86.32 secs
11:20:16 INFO  Test final outcome:  BLOCKED
11:20:16 INFO  Test outcome reason: AssertionError:
11:20:16 INFO  
</system-out>
	</testcase>
<testcase classname="AptInstallWithDownloadPath" name="SoftwareManagement.sm_apt_install_download_path">
		<failure message="BLOCKED: AssertionError:" type="BLOCKED" />
		<system-out>11:45:58 INFO  ==============================================================
11:45:58 INFO  Id:    SoftwareManagement.sm_apt_install_download_path
11:45:58 INFO  Dir:   software_management_end_to_end/
11:45:58 INFO  Title: Install package to directory specified in tedge config set tmp.path
11:45:58 INFO  ==============================================================
11:45:59 INFO  Using sw id database: {'asciijump': '5475369', 'robotfindskitten': '5474869', 'squirrel3': '5475279', 'rolldice': '5152439', 'moon-buggy': '5439204', 'apple': '5495053', 'banana': '5494888', 'cherry': '5495382', 'watermelon': '5494510', 'registry': '8018911', 'hello-world': '8021526', 'docker/getting-started': '8021973', 'alpine': '7991792'}
11:45:59 INFO  EnvironmentC8y Setup
11:45:59 INFO  Executed systemctl&lt;serv_mapper1&gt;, exit status 3
11:46:14 INFO  Executed sudo&lt;tedge_connect_c8y&gt;, exit status 0, duration 14 secs
11:46:14 INFO  Executed sudo&lt;tedge_connect_c8y_test&gt;, exit status 0
11:46:15 INFO  Executed systemctl&lt;serv_mosq2&gt;, exit status 0
11:46:15 INFO  Executed systemctl&lt;serv_mapper3&gt;, exit status 0
11:46:18 INFO  State of current operation: SUCCESSFUL
11:46:18 INFO  Assert that (False == value) with value=False ... passed
11:46:18 INFO  Executed sudo, exit status 0
11:46:19 INFO  Executed sudo, exit status 0
11:46:20 INFO  Executed sudo, exit status 0
11:46:23 INFO  Executed sudo&lt;tedge_disconnect_c8y&gt;, exit status 0
11:46:24 INFO  Restarting mosquitto too frequently in the last 10 seconds. It was only up for 3 seconds
11:46:24 INFO  Delaying execution by 8 seconds
11:46:45 INFO  Executed sudo&lt;tedge_connect_c8y&gt;, exit status 0, duration 13 secs
11:46:46 INFO  Response status: 201
11:46:46 INFO  Response to action: {
    "creationTime": "2022-07-20T11:46:46.070Z",
    "deviceId": "21056369",
    "deviceName": "m32sd10d",
    "self": "https://t493319102.eu-latest.cumulocity.com/devicecontrol/operations/21082461",
    "id": "21082461",
    "status": "PENDING",
    "description": "Apply software changes, triggered from PySys: [{'name': 'rolldice', 'id': '5152439', 'version': '::apt', 'url': 'https://thin-edge-io.eu-latest.cumulocity.com/inventory/binaries/12435463', 'action': 'install'}]",
    "c8y_SoftwareUpdate": [
        {
            "name": "rolldice",
            "action": "install",
            "id": "5152439",
            "version": "::apt",
            "url": "https://thin-edge-io.eu-latest.cumulocity.com/inventory/binaries/12435463"
        }
    ]
}
11:46:46 INFO  Started operation: {'creationTime': '2022-07-20T11:46:46.070Z', 'deviceId': '21056369', 'deviceName': 'm32sd10d', 'self': 'https://t493319102.eu-latest.cumulocity.com/devicecontrol/operations/21082461', 'id': '21082461', 'status': 'PENDING', 'description': "Apply software changes, triggered from PySys: [{'name': 'rolldice', 'id': '5152439', 'version': '::apt', 'url': 'https://thin-edge-io.eu-latest.cumulocity.com/inventory/binaries/12435463', 'action': 'install'}]", 'c8y_SoftwareUpdate': [{'name': 'rolldice', 'action': 'install', 'id': '5152439', 'version': '::apt', 'url': 'https://thin-edge-io.eu-latest.cumulocity.com/inventory/binaries/12435463'}]}
11:46:46 WARN  , retrying in 0.5 seconds...
11:46:46 WARN  , retrying in 0.5 seconds...
11:46:47 WARN  , retrying in 0.5 seconds...
11:46:47 WARN  , retrying in 0.5 seconds...
11:46:48 WARN  , retrying in 0.5 seconds...
11:46:48 WARN  , retrying in 0.5 seconds...
11:46:49 WARN  , retrying in 0.5 seconds...
11:46:49 WARN  , retrying in 0.5 seconds...
11:46:50 WARN  , retrying in 0.5 seconds...
11:46:50 WARN  AssertionError occurred while running test - 
Traceback (most recent call last):
  File "/home/pi/env-pysys/lib/python3.7/site-packages/pysys/baserunner.py", line 1294, in __call__
    self.testObj.execute()
  File "/home/pi/actions-runner/_work/thin-edge.io/thin-edge.io/tests/PySys/software_management_end_to_end/sm_apt_install_download_path/run.py", line 83, in execute
    assert_install_in_download_path(install_directory=self.DOWNLOAD_DIR)
  File "/home/pi/env-pysys/lib/python3.7/site-packages/decorator.py", line 232, in fun
    return caller(func, *(extras + args), **kw)
  File "/home/pi/env-pysys/lib/python3.7/site-packages/retry/api.py", line 74, in retry_decorator
    logger)
  File "/home/pi/env-pysys/lib/python3.7/site-packages/retry/api.py", line 33, in __retry_internal
    return f()
  File "/home/pi/actions-runner/_work/thin-edge.io/thin-edge.io/tests/PySys/software_management_end_to_end/sm_apt_install_download_path/run.py", line 28, in assert_install_in_download_path
    assert "rolldice" in os.listdir(f"{install_directory}")
AssertionError
11:46:50 WARN  AssertionError: ... blocked 
11:46:50 INFO  
11:46:50 INFO  cleanup:
11:46:51 INFO  Executed sudo, exit status 0
11:46:51 INFO  Executed sudo, exit status 0
11:46:56 INFO  Executed sudo&lt;tedge_disconnect_c8y&gt;, exit status 0
11:46:56 INFO  Restarting mosquitto too frequently in the last 10 seconds. It was only up for 4 seconds
11:46:56 INFO  Delaying execution by 7 seconds
11:47:17 INFO  Executed sudo&lt;tedge_connect_c8y&gt;, exit status 0, duration 14 secs
11:47:21 INFO  Executed sudo&lt;tedge_disconnect_c8y&gt;, exit status 0
11:47:22 INFO  Executed systemctl&lt;serv_mapper5&gt;, exit status 3
11:47:22 INFO  
11:47:22 INFO  Test duration: 83.91 secs
11:47:22 INFO  Test final outcome:  BLOCKED
11:47:22 INFO  Test outcome reason: AssertionError:
11:47:22 INFO  
</system-out>
	</testcase>
</testsuite><testsuite name="SoftwareManagement.sm_apt_install_fail" tests="3" errors="0" failures="0" skipped="1" time="0"><testcase classname="PySysTest" name="SoftwareManagement.sm_apt_install_fail">
		<skipped message="SKIPPED: Testing the apt plugin is not supported on this platform.Use parameter -XmyPlatform='container' to enable it" />
		<system-out>10:55:13 INFO  ==============================================================
10:55:13 INFO  Id:    SoftwareManagement.sm_apt_install_fail
10:55:13 INFO  Dir:   software_management_end_to_end/
10:55:13 INFO  Title: Validate end to end behaviour for a failing installation
10:55:13 INFO  ==============================================================
10:55:13 INFO  Testing the apt plugin is not supported on this platform.Use parameter -XmyPlatform='container' to enable it ... skipped
10:55:13 WARN  Aborted test due to SKIPPED outcome
10:55:13 INFO  
10:55:13 INFO  Test duration: 0.02 secs
10:55:13 INFO  Test final outcome:  SKIPPED
10:55:13 INFO  Test outcome reason: Testing the apt plugin is not supported on this platform.Use parameter -XmyPlatform='container' to enable it
10:55:13 INFO  
</system-out>
	</testcase>
<testcase classname="PySysTest" name="SoftwareManagement.sm_apt_install_fail" />
<testcase classname="PySysTest" name="SoftwareManagement.sm_apt_install_fail" />
</testsuite><testsuite name="SoftwareManagement.sm_apt_install_remove" tests="3" errors="0" failures="0" skipped="1" time="0"><testcase classname="PySysTest" name="SoftwareManagement.sm_apt_install_remove">
		<skipped message="SKIPPED: Testing the apt plugin is not supported on this platform.Use parameter -XmyPlatform='container' to enable it" />
		<system-out>10:55:13 INFO  ==============================================================
10:55:13 INFO  Id:    SoftwareManagement.sm_apt_install_remove
10:55:13 INFO  Dir:   software_management_end_to_end/
10:55:13 INFO  Title: Validate end to end behaviour for the apt plugin for installation and removal of packages
10:55:13 INFO  ==============================================================
10:55:13 INFO  Testing the apt plugin is not supported on this platform.Use parameter -XmyPlatform='container' to enable it ... skipped
10:55:13 WARN  Aborted test due to SKIPPED outcome
10:55:13 INFO  
10:55:13 INFO  Test duration: 0.02 secs
10:55:13 INFO  Test final outcome:  SKIPPED
10:55:13 INFO  Test outcome reason: Testing the apt plugin is not supported on this platform.Use parameter -XmyPlatform='container' to enable it
10:55:13 INFO  
</system-out>
	</testcase>
<testcase classname="PySysTest" name="SoftwareManagement.sm_apt_install_remove" />
<testcase classname="PySysTest" name="SoftwareManagement.sm_apt_install_remove" />
</testsuite><testsuite name="SoftwareManagement.sm_apt_install_remove_default" tests="3" errors="0" failures="0" skipped="1" time="0"><testcase classname="PySysTest" name="SoftwareManagement.sm_apt_install_remove_default">
		<skipped message="SKIPPED: Testing the apt plugin is not supported on this platform.Use parameter -XmyPlatform='container' to enable it" />
		<system-out>10:55:13 INFO  ==============================================================
10:55:13 INFO  Id:    SoftwareManagement.sm_apt_install_remove_default
10:55:13 INFO  Dir:   software_management_end_to_end/
10:55:13 INFO  Title: Validate end to end behaviour for the default plugin for installation and removal of packages
10:55:13 INFO  ==============================================================
10:55:13 INFO  Testing the apt plugin is not supported on this platform.Use parameter -XmyPlatform='container' to enable it ... skipped
10:55:13 WARN  Aborted test due to SKIPPED outcome
10:55:13 INFO  
10:55:13 INFO  Test duration: 0.02 secs
10:55:13 INFO  Test final outcome:  SKIPPED
10:55:13 INFO  Test outcome reason: Testing the apt plugin is not supported on this platform.Use parameter -XmyPlatform='container' to enable it
10:55:13 INFO  
</system-out>
	</testcase>
<testcase classname="PySysTest" name="SoftwareManagement.sm_apt_install_remove_default" />
<testcase classname="PySysTest" name="SoftwareManagement.sm_apt_install_remove_default" />
</testsuite><testsuite name="SoftwareManagement.sm_apt_install_remove_multiple" tests="3" errors="0" failures="2" skipped="1" time="0"><testcase classname="PySysTest" name="SoftwareManagement.sm_apt_install_remove_multiple">
		<skipped message="SKIPPED: Testing the apt plugin is not supported on this platform.Use parameter -XmyPlatform='container' to enable it" />
		<system-out>10:55:13 INFO  ==============================================================
10:55:13 INFO  Id:    SoftwareManagement.sm_apt_install_remove_multiple
10:55:13 INFO  Dir:   software_management_end_to_end/
10:55:13 INFO  Title: Validate end to end behaviour for the apt plugin for multiple packages
10:55:13 INFO  ==============================================================
10:55:13 INFO  Testing the apt plugin is not supported on this platform.Use parameter -XmyPlatform='container' to enable it ... skipped
10:55:13 WARN  Aborted test due to SKIPPED outcome
10:55:13 INFO  
10:55:13 INFO  Test duration: 0.03 secs
10:55:13 INFO  Test final outcome:  SKIPPED
10:55:13 INFO  Test outcome reason: Testing the apt plugin is not supported on this platform.Use parameter -XmyPlatform='container' to enable it
10:55:13 INFO  
</system-out>
	</testcase>
<testcase classname="PySysTest" name="SoftwareManagement.sm_apt_install_remove_multiple">
		<failure message="FAILED: Assert that (False == value) with value=True" type="FAILED" />
		<system-out>11:26:59 INFO  ==============================================================
11:26:59 INFO  Id:    SoftwareManagement.sm_apt_install_remove_multiple
11:26:59 INFO  Dir:   software_management_end_to_end/
11:26:59 INFO  Title: Validate end to end behaviour for the apt plugin for multiple packages
11:26:59 INFO  ==============================================================
11:27:00 INFO  Using sw id database: {'asciijump': '5475369', 'robotfindskitten': '5474869', 'squirrel3': '5475279', 'rolldice': '5152439', 'moon-buggy': '5439204', 'apple': '5495053', 'banana': '5494888', 'cherry': '5495382', 'watermelon': '5494510', 'registry': '8018911', 'hello-world': '8021526', 'docker/getting-started': '8021973', 'alpine': '7991792'}
11:27:00 INFO  EnvironmentC8y Setup
11:27:00 INFO  Executed systemctl&lt;serv_mapper1&gt;, exit status 3
11:27:00 INFO  Restarting mosquitto too frequently in the last 10 seconds. It was only up for 4 seconds
11:27:00 INFO  Delaying execution by 7 seconds
11:27:21 INFO  Executed sudo&lt;tedge_connect_c8y&gt;, exit status 0, duration 14 secs
11:27:22 INFO  Executed sudo&lt;tedge_connect_c8y_test&gt;, exit status 0
11:27:22 INFO  Executed systemctl&lt;serv_mosq2&gt;, exit status 0
11:27:23 INFO  Executed systemctl&lt;serv_mapper3&gt;, exit status 0
11:27:25 INFO  State of current operation: SUCCESSFUL
11:27:25 INFO  Assert that (False == value) with value=False ... passed
11:27:25 INFO  Assert that (False == value) with value=False ... passed
11:27:26 INFO  Assert that (False == value) with value=False ... passed
11:27:26 INFO  Package robotfindskitten is installed
11:27:26 WARN  Assert that (False == value) with value=True ... failed 
11:27:26 INFO  Response status: 201
11:27:26 INFO  Response to action: {
    "creationTime": "2022-07-20T11:27:26.689Z",
    "deviceId": "21056369",
    "deviceName": "m32sd10d",
    "self": "https://t493319102.eu-latest.cumulocity.com/devicecontrol/operations/21082353",
    "id": "21082353",
    "status": "PENDING",
    "description": "Apply software changes, triggered from PySys: [{'action': 'install', 'id': '5475369', 'name': 'asciijump', 'url': ' ', 'version': '::apt'}, {'action': 'install', 'id': '5474869', 'name': 'robotfindskitten', 'url': ' ', 'version': '::apt'}, {'action': 'install', 'id': '5475279', 'name': 'squirrel3', 'url': ' ', 'version': '::apt'}]",
    "c8y_SoftwareUpdate": [
        {
            "name": "asciijump",
            "action": "install",
            "id": "5475369",
            "version": "::apt",
            "url": " "
        },
        {
            "name": "robotfindskitten",
            "action": "install",
            "id": "5474869",
            "version": "::apt",
            "url": " "
        },
        {
            "name": "squirrel3",
            "action": "install",
            "id": "5475279",
            "version": "::apt",
            "url": " "
        }
    ]
}
11:27:26 INFO  Started operation: {'creationTime': '2022-07-20T11:27:26.689Z', 'deviceId': '21056369', 'deviceName': 'm32sd10d', 'self': 'https://t493319102.eu-latest.cumulocity.com/devicecontrol/operations/21082353', 'id': '21082353', 'status': 'PENDING', 'description': "Apply software changes, triggered from PySys: [{'action': 'install', 'id': '5475369', 'name': 'asciijump', 'url': ' ', 'version': '::apt'}, {'action': 'install', 'id': '5474869', 'name': 'robotfindskitten', 'url': ' ', 'version': '::apt'}, {'action': 'install', 'id': '5475279', 'name': 'squirrel3', 'url': ' ', 'version': '::apt'}]", 'c8y_SoftwareUpdate': [{'name': 'asciijump', 'action': 'install', 'id': '5475369', 'version': '::apt', 'url': ' '}, {'name': 'robotfindskitten', 'action': 'install', 'id': '5474869', 'version': '::apt', 'url': ' '}, {'name': 'squirrel3', 'action': 'install', 'id': '5475279', 'version': '::apt', 'url': ' '}]}
11:27:28 INFO  State of operation 21082353 : PENDING
11:27:31 INFO  State of operation 21082353 : EXECUTING
11:27:33 INFO  State of operation 21082353 : EXECUTING
11:27:35 INFO  State of operation 21082353 : EXECUTING
11:27:37 INFO  State of operation 21082353 : EXECUTING
11:27:40 INFO  State of operation 21082353 : EXECUTING
11:27:42 INFO  State of operation 21082353 : EXECUTING
11:27:45 INFO  State of operation 21082353 : EXECUTING
11:27:48 INFO  State of operation 21082353 : EXECUTING
11:27:50 INFO  State of operation 21082353 : EXECUTING
11:27:52 INFO  State of operation 21082353 : EXECUTING
11:27:54 INFO  State of operation 21082353 : EXECUTING
11:27:57 INFO  State of operation 21082353 : EXECUTING
11:27:59 INFO  State of operation 21082353 : EXECUTING
11:28:01 INFO  State of operation 21082353 : EXECUTING
11:28:03 INFO  State of operation 21082353 : EXECUTING
11:28:06 INFO  State of operation 21082353 : EXECUTING
11:28:08 INFO  State of operation 21082353 : EXECUTING
11:28:11 INFO  State of operation 21082353 : EXECUTING
11:28:13 INFO  State of operation 21082353 : EXECUTING
11:28:15 INFO  State of operation 21082353 : EXECUTING
11:28:18 INFO  State of operation 21082353 : EXECUTING
11:28:20 INFO  State of operation 21082353 : EXECUTING
11:28:23 INFO  State of operation 21082353 : EXECUTING
11:28:25 INFO  State of operation 21082353 : EXECUTING
11:28:28 INFO  State of operation 21082353 : EXECUTING
11:28:30 INFO  State of operation 21082353 : EXECUTING
11:28:33 INFO  State of operation 21082353 : EXECUTING
11:28:35 INFO  State of operation 21082353 : EXECUTING
11:28:38 INFO  State of operation 21082353 : EXECUTING
11:28:40 INFO  State of operation 21082353 : EXECUTING
11:28:42 INFO  State of operation 21082353 : EXECUTING
11:28:44 INFO  State of operation 21082353 : EXECUTING
11:28:47 INFO  State of operation 21082353 : SUCCESSFUL
11:28:47 INFO  Assert that (False == value) with value=False ... passed
11:28:47 INFO  Package asciijump is installed
11:28:47 INFO  Assert that (True == value) with value=True ... passed
11:28:47 INFO  Package squirrel3 is installed
11:28:47 INFO  Assert that (True == value) with value=True ... passed
11:28:48 INFO  Package robotfindskitten is installed
11:28:48 INFO  Assert that (True == value) with value=True ... passed
11:28:48 INFO  Response status: 201
11:28:48 INFO  Response to action: {
    "creationTime": "2022-07-20T11:28:48.199Z",
    "deviceId": "21056369",
    "deviceName": "m32sd10d",
    "self": "https://t493319102.eu-latest.cumulocity.com/devicecontrol/operations/21082369",
    "id": "21082369",
    "status": "PENDING",
    "description": "Apply software changes, triggered from PySys: [{'action': 'delete', 'id': '5475369', 'name': 'asciijump', 'url': ' ', 'version': '::apt'}, {'action': 'delete', 'id': '5474869', 'name': 'robotfindskitten', 'url': ' ', 'version': '::apt'}, {'action': 'delete', 'id': '5475279', 'name': 'squirrel3', 'url': ' ', 'version': '::apt'}]",
    "c8y_SoftwareUpdate": [
        {
            "name": "asciijump",
            "action": "delete",
            "id": "5475369",
            "version": "::apt",
            "url": " "
        },
        {
            "name": "robotfindskitten",
            "action": "delete",
            "id": "5474869",
            "version": "::apt",
            "url": " "
        },
        {
            "name": "squirrel3",
            "action": "delete",
            "id": "5475279",
            "version": "::apt",
            "url": " "
        }
    ]
}
11:28:48 INFO  Started operation: {'creationTime': '2022-07-20T11:28:48.199Z', 'deviceId': '21056369', 'deviceName': 'm32sd10d', 'self': 'https://t493319102.eu-latest.cumulocity.com/devicecontrol/operations/21082369', 'id': '21082369', 'status': 'PENDING', 'description': "Apply software changes, triggered from PySys: [{'action': 'delete', 'id': '5475369', 'name': 'asciijump', 'url': ' ', 'version': '::apt'}, {'action': 'delete', 'id': '5474869', 'name': 'robotfindskitten', 'url': ' ', 'version': '::apt'}, {'action': 'delete', 'id': '5475279', 'name': 'squirrel3', 'url': ' ', 'version': '::apt'}]", 'c8y_SoftwareUpdate': [{'name': 'asciijump', 'action': 'delete', 'id': '5475369', 'version': '::apt', 'url': ' '}, {'name': 'robotfindskitten', 'action': 'delete', 'id': '5474869', 'version': '::apt', 'url': ' '}, {'name': 'squirrel3', 'action': 'delete', 'id': '5475279', 'version': '::apt', 'url': ' '}]}
11:28:50 INFO  State of operation 21082369 : PENDING
11:28:52 INFO  State of operation 21082369 : EXECUTING
11:28:54 INFO  State of operation 21082369 : EXECUTING
11:28:57 INFO  State of operation 21082369 : EXECUTING
11:28:59 INFO  State of operation 21082369 : EXECUTING
11:29:01 INFO  State of operation 21082369 : EXECUTING
11:29:04 INFO  State of operation 21082369 : EXECUTING
11:29:07 INFO  State of operation 21082369 : EXECUTING
11:29:09 INFO  State of operation 21082369 : EXECUTING
11:29:11 INFO  State of operation 21082369 : EXECUTING
11:29:14 INFO  State of operation 21082369 : EXECUTING
11:29:16 INFO  State of operation 21082369 : EXECUTING
11:29:18 INFO  State of operation 21082369 : EXECUTING
11:29:20 INFO  State of operation 21082369 : EXECUTING
11:29:23 INFO  State of operation 21082369 : EXECUTING
11:29:25 INFO  State of operation 21082369 : EXECUTING
11:29:27 INFO  State of operation 21082369 : EXECUTING
11:29:30 INFO  State of operation 21082369 : EXECUTING
11:29:32 INFO  State of operation 21082369 : EXECUTING
11:29:35 INFO  State of operation 21082369 : EXECUTING
11:29:37 INFO  State of operation 21082369 : EXECUTING
11:29:39 INFO  State of operation 21082369 : EXECUTING
11:29:41 INFO  State of operation 21082369 : EXECUTING
11:29:43 INFO  State of operation 21082369 : EXECUTING
11:29:46 INFO  State of operation 21082369 : EXECUTING
11:29:49 INFO  State of operation 21082369 : EXECUTING
11:29:51 INFO  State of operation 21082369 : EXECUTING
11:29:53 INFO  State of operation 21082369 : SUCCESSFUL
11:29:53 INFO  Assert that (False == value) with value=False ... passed
11:29:53 INFO  Assert that (False == value) with value=False ... passed
11:29:54 INFO  Assert that (False == value) with value=False ... passed
11:29:54 INFO  Assert that (False == value) with value=False ... passed
11:29:54 INFO  
11:29:54 INFO  cleanup:
11:29:58 INFO  Executed sudo&lt;tedge_disconnect_c8y&gt;, exit status 0
11:29:58 INFO  Executed systemctl&lt;serv_mapper5&gt;, exit status 3
11:29:58 INFO  
11:29:58 INFO  Test duration: 178.95 secs
11:29:58 INFO  Test final outcome:  FAILED
11:29:58 INFO  Test outcome reason: Assert that (False == value) with value=True
11:29:58 INFO  
</system-out>
	</testcase>
<testcase classname="PySysTest" name="SoftwareManagement.sm_apt_install_remove_multiple">
		<failure message="FAILED: Assert that (False == value) with value=True (+2 other failures)" type="FAILED" />
		<system-out>11:53:50 INFO  ==============================================================
11:53:50 INFO  Id:    SoftwareManagement.sm_apt_install_remove_multiple
11:53:50 INFO  Dir:   software_management_end_to_end/
11:53:50 INFO  Title: Validate end to end behaviour for the apt plugin for multiple packages
11:53:50 INFO  ==============================================================
11:53:50 INFO  Using sw id database: {'asciijump': '5475369', 'robotfindskitten': '5474869', 'squirrel3': '5475279', 'rolldice': '5152439', 'moon-buggy': '5439204', 'apple': '5495053', 'banana': '5494888', 'cherry': '5495382', 'watermelon': '5494510', 'registry': '8018911', 'hello-world': '8021526', 'docker/getting-started': '8021973', 'alpine': '7991792'}
11:53:50 INFO  EnvironmentC8y Setup
11:53:51 INFO  Executed systemctl&lt;serv_mapper1&gt;, exit status 3
11:53:51 INFO  Restarting mosquitto too frequently in the last 10 seconds. It was only up for 5 seconds
11:53:51 INFO  Delaying execution by 6 seconds
11:54:11 INFO  Executed sudo&lt;tedge_connect_c8y&gt;, exit status 0, duration 13 secs
11:54:12 INFO  Executed sudo&lt;tedge_connect_c8y_test&gt;, exit status 0
11:54:12 INFO  Executed systemctl&lt;serv_mosq2&gt;, exit status 0
11:54:13 INFO  Executed systemctl&lt;serv_mapper3&gt;, exit status 0
11:54:15 INFO  State of current operation: SUCCESSFUL
11:54:15 INFO  Assert that (False == value) with value=False ... passed
11:54:15 INFO  Package asciijump is installed
11:54:16 WARN  Assert that (False == value) with value=True ... failed 
11:54:16 INFO  Package squirrel3 is installed
11:54:16 WARN  Assert that (False == value) with value=True ... failed 
11:54:16 INFO  Package robotfindskitten is installed
11:54:16 WARN  Assert that (False == value) with value=True ... failed 
11:54:16 INFO  Response status: 201
11:54:16 INFO  Response to action: {
    "creationTime": "2022-07-20T11:54:16.677Z",
    "deviceId": "21056369",
    "deviceName": "m32sd10d",
    "self": "https://t493319102.eu-latest.cumulocity.com/devicecontrol/operations/21082514",
    "id": "21082514",
    "status": "PENDING",
    "description": "Apply software changes, triggered from PySys: [{'action': 'install', 'id': '5475369', 'name': 'asciijump', 'url': ' ', 'version': '::apt'}, {'action': 'install', 'id': '5474869', 'name': 'robotfindskitten', 'url': ' ', 'version': '::apt'}, {'action': 'install', 'id': '5475279', 'name': 'squirrel3', 'url': ' ', 'version': '::apt'}]",
    "c8y_SoftwareUpdate": [
        {
            "name": "asciijump",
            "action": "install",
            "id": "5475369",
            "version": "::apt",
            "url": " "
        },
        {
            "name": "robotfindskitten",
            "action": "install",
            "id": "5474869",
            "version": "::apt",
            "url": " "
        },
        {
            "name": "squirrel3",
            "action": "install",
            "id": "5475279",
            "version": "::apt",
            "url": " "
        }
    ]
}
11:54:16 INFO  Started operation: {'creationTime': '2022-07-20T11:54:16.677Z', 'deviceId': '21056369', 'deviceName': 'm32sd10d', 'self': 'https://t493319102.eu-latest.cumulocity.com/devicecontrol/operations/21082514', 'id': '21082514', 'status': 'PENDING', 'description': "Apply software changes, triggered from PySys: [{'action': 'install', 'id': '5475369', 'name': 'asciijump', 'url': ' ', 'version': '::apt'}, {'action': 'install', 'id': '5474869', 'name': 'robotfindskitten', 'url': ' ', 'version': '::apt'}, {'action': 'install', 'id': '5475279', 'name': 'squirrel3', 'url': ' ', 'version': '::apt'}]", 'c8y_SoftwareUpdate': [{'name': 'asciijump', 'action': 'install', 'id': '5475369', 'version': '::apt', 'url': ' '}, {'name': 'robotfindskitten', 'action': 'install', 'id': '5474869', 'version': '::apt', 'url': ' '}, {'name': 'squirrel3', 'action': 'install', 'id': '5475279', 'version': '::apt', 'url': ' '}]}
11:54:18 INFO  State of operation 21082514 : PENDING
11:54:21 INFO  State of operation 21082514 : EXECUTING
11:54:23 INFO  State of operation 21082514 : EXECUTING
11:54:25 INFO  State of operation 21082514 : EXECUTING
11:54:27 INFO  State of operation 21082514 : EXECUTING
11:54:30 INFO  State of operation 21082514 : EXECUTING
11:54:32 INFO  State of operation 21082514 : EXECUTING
11:54:35 INFO  State of operation 21082514 : EXECUTING
11:54:37 INFO  State of operation 21082514 : EXECUTING
11:54:40 INFO  State of operation 21082514 : EXECUTING
11:54:42 INFO  State of operation 21082514 : EXECUTING
11:54:44 INFO  State of operation 21082514 : EXECUTING
11:54:46 INFO  State of operation 21082514 : EXECUTING
11:54:49 INFO  State of operation 21082514 : EXECUTING
11:54:51 INFO  State of operation 21082514 : EXECUTING
11:54:53 INFO  State of operation 21082514 : SUCCESSFUL
11:54:53 INFO  Assert that (False == value) with value=False ... passed
11:54:54 INFO  Package asciijump is installed
11:54:54 INFO  Assert that (True == value) with value=True ... passed
11:54:54 INFO  Package squirrel3 is installed
11:54:54 INFO  Assert that (True == value) with value=True ... passed
11:54:54 INFO  Package robotfindskitten is installed
11:54:54 INFO  Assert that (True == value) with value=True ... passed
11:54:54 INFO  Response status: 201
11:54:54 INFO  Response to action: {
    "creationTime": "2022-07-20T11:54:54.749Z",
    "deviceId": "21056369",
    "deviceName": "m32sd10d",
    "self": "https://t493319102.eu-latest.cumulocity.com/devicecontrol/operations/21082522",
    "id": "21082522",
    "status": "PENDING",
    "description": "Apply software changes, triggered from PySys: [{'action': 'delete', 'id': '5475369', 'name': 'asciijump', 'url': ' ', 'version': '::apt'}, {'action': 'delete', 'id': '5474869', 'name': 'robotfindskitten', 'url': ' ', 'version': '::apt'}, {'action': 'delete', 'id': '5475279', 'name': 'squirrel3', 'url': ' ', 'version': '::apt'}]",
    "c8y_SoftwareUpdate": [
        {
            "name": "asciijump",
            "action": "delete",
            "id": "5475369",
            "version": "::apt",
            "url": " "
        },
        {
            "name": "robotfindskitten",
            "action": "delete",
            "id": "5474869",
            "version": "::apt",
            "url": " "
        },
        {
            "name": "squirrel3",
            "action": "delete",
            "id": "5475279",
            "version": "::apt",
            "url": " "
        }
    ]
}
11:54:54 INFO  Started operation: {'creationTime': '2022-07-20T11:54:54.749Z', 'deviceId': '21056369', 'deviceName': 'm32sd10d', 'self': 'https://t493319102.eu-latest.cumulocity.com/devicecontrol/operations/21082522', 'id': '21082522', 'status': 'PENDING', 'description': "Apply software changes, triggered from PySys: [{'action': 'delete', 'id': '5475369', 'name': 'asciijump', 'url': ' ', 'version': '::apt'}, {'action': 'delete', 'id': '5474869', 'name': 'robotfindskitten', 'url': ' ', 'version': '::apt'}, {'action': 'delete', 'id': '5475279', 'name': 'squirrel3', 'url': ' ', 'version': '::apt'}]", 'c8y_SoftwareUpdate': [{'name': 'asciijump', 'action': 'delete', 'id': '5475369', 'version': '::apt', 'url': ' '}, {'name': 'robotfindskitten', 'action': 'delete', 'id': '5474869', 'version': '::apt', 'url': ' '}, {'name': 'squirrel3', 'action': 'delete', 'id': '5475279', 'version': '::apt', 'url': ' '}]}
11:54:57 INFO  State of operation 21082522 : PENDING
11:54:59 INFO  State of operation 21082522 : EXECUTING
11:55:01 INFO  State of operation 21082522 : EXECUTING
11:55:03 INFO  State of operation 21082522 : EXECUTING
11:55:05 INFO  State of operation 21082522 : EXECUTING
11:55:08 INFO  State of operation 21082522 : EXECUTING
11:55:11 INFO  State of operation 21082522 : EXECUTING
11:55:14 INFO  State of operation 21082522 : EXECUTING
11:55:16 INFO  State of operation 21082522 : EXECUTING
11:55:18 INFO  State of operation 21082522 : EXECUTING
11:55:20 INFO  State of operation 21082522 : EXECUTING
11:55:23 INFO  State of operation 21082522 : EXECUTING
11:55:25 INFO  State of operation 21082522 : EXECUTING
11:55:27 INFO  State of operation 21082522 : EXECUTING
11:55:29 INFO  State of operation 21082522 : EXECUTING
11:55:32 INFO  State of operation 21082522 : EXECUTING
11:55:34 INFO  State of operation 21082522 : EXECUTING
11:55:37 INFO  State of operation 21082522 : EXECUTING
11:55:39 INFO  State of operation 21082522 : EXECUTING
11:55:41 INFO  State of operation 21082522 : EXECUTING
11:55:44 INFO  State of operation 21082522 : EXECUTING
11:55:46 INFO  State of operation 21082522 : EXECUTING
11:55:48 INFO  State of operation 21082522 : EXECUTING
11:55:50 INFO  State of operation 21082522 : EXECUTING
11:55:53 INFO  State of operation 21082522 : EXECUTING
11:55:55 INFO  State of operation 21082522 : EXECUTING
11:55:58 INFO  State of operation 21082522 : EXECUTING
11:56:00 INFO  State of operation 21082522 : EXECUTING
11:56:02 INFO  State of operation 21082522 : SUCCESSFUL
11:56:03 INFO  Assert that (False == value) with value=False ... passed
11:56:03 INFO  Assert that (False == value) with value=False ... passed
11:56:03 INFO  Assert that (False == value) with value=False ... passed
11:56:03 INFO  Assert that (False == value) with value=False ... passed
11:56:03 INFO  
11:56:03 INFO  cleanup:
11:56:07 INFO  Executed sudo&lt;tedge_disconnect_c8y&gt;, exit status 0
11:56:08 INFO  Executed systemctl&lt;serv_mapper5&gt;, exit status 3
11:56:08 INFO  
11:56:08 INFO  Test duration: 137.56 secs
11:56:08 INFO  Test final outcome:  FAILED
11:56:08 INFO  Test outcome reason: Assert that (False == value) with value=True (+2 other failures)
11:56:08 INFO  
</system-out>
	</testcase>
</testsuite><testsuite name="SoftwareManagement.sm_apt_install_remove_multiple_mixed" tests="3" errors="0" failures="2" skipped="1" time="0"><testcase classname="PySysTest" name="SoftwareManagement.sm_apt_install_remove_multiple_mixed">
		<skipped message="SKIPPED: Testing the apt plugin is not supported on this platform.Use parameter -XmyPlatform='container' to enable it" />
		<system-out>10:55:13 INFO  ==============================================================
10:55:13 INFO  Id:    SoftwareManagement.sm_apt_install_remove_multiple_mixed
10:55:13 INFO  Dir:   software_management_end_to_end/
10:55:13 INFO  Title: Validate end to end behaviour for the apt plugin for multiple packages with mixed versions
10:55:13 INFO  ==============================================================
10:55:13 INFO  Testing the apt plugin is not supported on this platform.Use parameter -XmyPlatform='container' to enable it ... skipped
10:55:13 WARN  Aborted test due to SKIPPED outcome
10:55:13 INFO  
10:55:13 INFO  Test duration: 0.03 secs
10:55:13 INFO  Test final outcome:  SKIPPED
10:55:13 INFO  Test outcome reason: Testing the apt plugin is not supported on this platform.Use parameter -XmyPlatform='container' to enable it
10:55:13 INFO  
</system-out>
	</testcase>
<testcase classname="PySysTest" name="SoftwareManagement.sm_apt_install_remove_multiple_mixed">
		<failure message="BLOCKED: SystemError: Timeout while waiting for status SUCCESSFUL or False" type="BLOCKED" />
		<system-out>11:29:59 INFO  ==============================================================
11:29:59 INFO  Id:    SoftwareManagement.sm_apt_install_remove_multiple_mixed
11:29:59 INFO  Dir:   software_management_end_to_end/
11:29:59 INFO  Title: Validate end to end behaviour for the apt plugin for multiple packages with mixed versions
11:29:59 INFO  ==============================================================
11:29:59 INFO  Using sw id database: {'asciijump': '5475369', 'robotfindskitten': '5474869', 'squirrel3': '5475279', 'rolldice': '5152439', 'moon-buggy': '5439204', 'apple': '5495053', 'banana': '5494888', 'cherry': '5495382', 'watermelon': '5494510', 'registry': '8018911', 'hello-world': '8021526', 'docker/getting-started': '8021973', 'alpine': '7991792'}
11:29:59 INFO  EnvironmentC8y Setup
11:29:59 INFO  Executed systemctl&lt;serv_mapper1&gt;, exit status 3
11:29:59 INFO  Restarting mosquitto too frequently in the last 10 seconds. It was only up for 4 seconds
11:29:59 INFO  Delaying execution by 7 seconds
11:30:20 INFO  Executed sudo&lt;tedge_connect_c8y&gt;, exit status 0, duration 13 secs
11:30:21 INFO  Executed sudo&lt;tedge_connect_c8y_test&gt;, exit status 0
11:30:21 INFO  Executed systemctl&lt;serv_mosq2&gt;, exit status 0
11:30:22 INFO  Executed systemctl&lt;serv_mapper3&gt;, exit status 0
11:30:24 INFO  State of current operation: SUCCESSFUL
11:30:24 INFO  Assert that (False == value) with value=False ... passed
11:30:24 INFO  Assert that (False == value) with value=False ... passed
11:30:24 INFO  Assert that (False == value) with value=False ... passed
11:30:25 INFO  Assert that (False == value) with value=False ... passed
11:30:25 INFO  Assert that (False == value) with value=False ... passed
11:30:26 INFO  Response status: 201
11:30:26 INFO  Response to action: {
    "creationTime": "2022-07-20T11:30:26.567Z",
    "deviceId": "21056369",
    "deviceName": "m32sd10d",
    "self": "https://t493319102.eu-latest.cumulocity.com/devicecontrol/operations/21082379",
    "id": "21082379",
    "status": "PENDING",
    "description": "Apply software changes, triggered from PySys: [{'action': 'install', 'id': '5475369', 'name': 'asciijump', 'url': ' ', 'version': '::apt'}, {'action': 'install', 'id': '5474869', 'name': 'robotfindskitten', 'url': ' ', 'version': ' '}, {'action': 'install', 'id': '5475279', 'name': 'squirrel3', 'url': ' ', 'version': '3.1-7::apt'}, {'action': 'install', 'id': '5152439', 'name': 'rolldice', 'url': ' ', 'version': '1.16-1+b1'}, {'action': 'install', 'id': '5439204', 'name': 'moon-buggy', 'url': ' ', 'version': '1:1.0.51-12'}, {'action': 'install', 'id': '5475369', 'name': 'asciijump', 'url': ' ', 'version': '::apt'}]",
    "c8y_SoftwareUpdate": [
        {
            "name": "asciijump",
            "action": "install",
            "id": "5475369",
            "version": "::apt",
            "url": " "
        },
        {
            "name": "robotfindskitten",
            "action": "install",
            "id": "5474869",
            "version": " ",
            "url": " "
        },
        {
            "name": "squirrel3",
            "action": "install",
            "id": "5475279",
            "version": "3.1-7::apt",
            "url": " "
        },
        {
            "name": "rolldice",
            "action": "install",
            "id": "5152439",
            "version": "1.16-1+b1",
            "url": " "
        },
        {
            "name": "moon-buggy",
            "action": "install",
            "id": "5439204",
            "version": "1:1.0.51-12",
            "url": " "
        },
        {
            "name": "asciijump",
            "action": "install",
            "id": "5475369",
            "version": "::apt",
            "url": " "
        }
    ]
}
11:30:26 INFO  Started operation: {'creationTime': '2022-07-20T11:30:26.567Z', 'deviceId': '21056369', 'deviceName': 'm32sd10d', 'self': 'https://t493319102.eu-latest.cumulocity.com/devicecontrol/operations/21082379', 'id': '21082379', 'status': 'PENDING', 'description': "Apply software changes, triggered from PySys: [{'action': 'install', 'id': '5475369', 'name': 'asciijump', 'url': ' ', 'version': '::apt'}, {'action': 'install', 'id': '5474869', 'name': 'robotfindskitten', 'url': ' ', 'version': ' '}, {'action': 'install', 'id': '5475279', 'name': 'squirrel3', 'url': ' ', 'version': '3.1-7::apt'}, {'action': 'install', 'id': '5152439', 'name': 'rolldice', 'url': ' ', 'version': '1.16-1+b1'}, {'action': 'install', 'id': '5439204', 'name': 'moon-buggy', 'url': ' ', 'version': '1:1.0.51-12'}, {'action': 'install', 'id': '5475369', 'name': 'asciijump', 'url': ' ', 'version': '::apt'}]", 'c8y_SoftwareUpdate': [{'name': 'asciijump', 'action': 'install', 'id': '5475369', 'version': '::apt', 'url': ' '}, {'name': 'robotfindskitten', 'action': 'install', 'id': '5474869', 'version': ' ', 'url': ' '}, {'name': 'squirrel3', 'action': 'install', 'id': '5475279', 'version': '3.1-7::apt', 'url': ' '}, {'name': 'rolldice', 'action': 'install', 'id': '5152439', 'version': '1.16-1+b1', 'url': ' '}, {'name': 'moon-buggy', 'action': 'install', 'id': '5439204', 'version': '1:1.0.51-12', 'url': ' '}, {'name': 'asciijump', 'action': 'install', 'id': '5475369', 'version': '::apt', 'url': ' '}]}
11:30:28 INFO  State of operation 21082379 : PENDING
11:30:31 INFO  State of operation 21082379 : EXECUTING
11:30:33 INFO  State of operation 21082379 : EXECUTING
11:30:35 INFO  State of operation 21082379 : EXECUTING
11:30:37 INFO  State of operation 21082379 : EXECUTING
11:30:40 INFO  State of operation 21082379 : EXECUTING
11:30:42 INFO  State of operation 21082379 : EXECUTING
11:30:45 INFO  State of operation 21082379 : EXECUTING
11:30:48 INFO  State of operation 21082379 : EXECUTING
11:30:50 INFO  State of operation 21082379 : EXECUTING
11:30:52 INFO  State of operation 21082379 : EXECUTING
11:30:54 INFO  State of operation 21082379 : EXECUTING
11:30:57 INFO  State of operation 21082379 : EXECUTING
11:30:59 INFO  State of operation 21082379 : EXECUTING
11:31:01 INFO  State of operation 21082379 : EXECUTING
11:31:03 INFO  State of operation 21082379 : EXECUTING
11:31:06 INFO  State of operation 21082379 : EXECUTING
11:31:08 INFO  State of operation 21082379 : EXECUTING
11:31:11 INFO  State of operation 21082379 : EXECUTING
11:31:13 INFO  State of operation 21082379 : EXECUTING
11:31:15 INFO  State of operation 21082379 : EXECUTING
11:31:18 INFO  State of operation 21082379 : EXECUTING
11:31:20 INFO  State of operation 21082379 : EXECUTING
11:31:23 INFO  State of operation 21082379 : EXECUTING
11:31:25 INFO  State of operation 21082379 : EXECUTING
11:31:28 INFO  State of operation 21082379 : EXECUTING
11:31:30 INFO  State of operation 21082379 : EXECUTING
11:31:33 INFO  State of operation 21082379 : EXECUTING
11:31:35 INFO  State of operation 21082379 : EXECUTING
11:31:37 INFO  State of operation 21082379 : EXECUTING
11:31:40 INFO  State of operation 21082379 : EXECUTING
11:31:42 INFO  State of operation 21082379 : EXECUTING
11:31:44 INFO  State of operation 21082379 : EXECUTING
11:31:46 INFO  State of operation 21082379 : EXECUTING
11:31:49 INFO  State of operation 21082379 : EXECUTING
11:31:51 INFO  State of operation 21082379 : EXECUTING
11:31:53 INFO  State of operation 21082379 : EXECUTING
11:31:56 INFO  State of operation 21082379 : EXECUTING
11:31:59 INFO  State of operation 21082379 : EXECUTING
11:32:01 INFO  State of operation 21082379 : EXECUTING
11:32:04 INFO  State of operation 21082379 : EXECUTING
11:32:06 INFO  State of operation 21082379 : EXECUTING
11:32:08 INFO  State of operation 21082379 : EXECUTING
11:32:10 INFO  State of operation 21082379 : EXECUTING
11:32:13 INFO  State of operation 21082379 : EXECUTING
11:32:15 INFO  State of operation 21082379 : EXECUTING
11:32:17 INFO  State of operation 21082379 : EXECUTING
11:32:19 INFO  State of operation 21082379 : EXECUTING
11:32:22 INFO  State of operation 21082379 : EXECUTING
11:32:24 INFO  State of operation 21082379 : EXECUTING
11:32:27 INFO  State of operation 21082379 : EXECUTING
11:32:29 INFO  State of operation 21082379 : EXECUTING
11:32:32 INFO  State of operation 21082379 : EXECUTING
11:32:35 INFO  State of operation 21082379 : EXECUTING
11:32:37 INFO  State of operation 21082379 : EXECUTING
11:32:39 INFO  State of operation 21082379 : EXECUTING
11:32:42 INFO  State of operation 21082379 : EXECUTING
11:32:44 INFO  State of operation 21082379 : EXECUTING
11:32:46 INFO  State of operation 21082379 : EXECUTING
11:32:48 INFO  State of operation 21082379 : EXECUTING
11:32:51 INFO  State of operation 21082379 : EXECUTING
11:32:53 WARN  SystemError occurred while running test - Timeout while waiting for status SUCCESSFUL or False
Traceback (most recent call last):
  File "/home/pi/env-pysys/lib/python3.7/site-packages/pysys/baserunner.py", line 1294, in __call__
    self.testObj.execute()
  File "/home/pi/actions-runner/_work/thin-edge.io/thin-edge.io/tests/PySys/software_management_end_to_end/sm_apt_install_remove_multiple_mixed/run.py", line 89, in execute
    self.wait_until_succcess()
  File "/home/pi/actions-runner/_work/thin-edge.io/thin-edge.io/tests/PySys/software_management_end_to_end/environment_sm_management.py", line 324, in wait_until_succcess
    self.wait_until_status("SUCCESSFUL")
  File "/home/pi/actions-runner/_work/thin-edge.io/thin-edge.io/tests/PySys/software_management_end_to_end/environment_sm_management.py", line 381, in wait_until_status
    "Timeout while waiting for status %s or %s" % (status, status2)
SystemError: Timeout while waiting for status SUCCESSFUL or False
11:32:53 WARN  SystemError: Timeout while waiting for status SUCCESSFUL or False ... blocked 
11:32:53 INFO  
11:32:53 INFO  cleanup:
11:32:57 INFO  Executed sudo&lt;tedge_disconnect_c8y&gt;, exit status 0
11:32:58 INFO  Executed systemctl&lt;serv_mapper5&gt;, exit status 3
11:32:58 INFO  
11:32:58 INFO  Test duration: 179.29 secs
11:32:58 INFO  Test final outcome:  BLOCKED
11:32:58 INFO  Test outcome reason: SystemError: Timeout while waiting for status SUCCESSFUL or False
11:32:58 INFO  
</system-out>
	</testcase>
<testcase classname="PySysTest" name="SoftwareManagement.sm_apt_install_remove_multiple_mixed">
		<failure message="BLOCKED: SystemError: Timeout while waiting for status SUCCESSFUL or False (+1 other failures)" type="BLOCKED" />
		<system-out>11:56:08 INFO  ==============================================================
11:56:08 INFO  Id:    SoftwareManagement.sm_apt_install_remove_multiple_mixed
11:56:08 INFO  Dir:   software_management_end_to_end/
11:56:08 INFO  Title: Validate end to end behaviour for the apt plugin for multiple packages with mixed versions
11:56:08 INFO  ==============================================================
11:56:08 INFO  Using sw id database: {'asciijump': '5475369', 'robotfindskitten': '5474869', 'squirrel3': '5475279', 'rolldice': '5152439', 'moon-buggy': '5439204', 'apple': '5495053', 'banana': '5494888', 'cherry': '5495382', 'watermelon': '5494510', 'registry': '8018911', 'hello-world': '8021526', 'docker/getting-started': '8021973', 'alpine': '7991792'}
11:56:08 INFO  EnvironmentC8y Setup
11:56:09 INFO  Executed systemctl&lt;serv_mapper1&gt;, exit status 3
11:56:09 INFO  Restarting mosquitto too frequently in the last 10 seconds. It was only up for 5 seconds
11:56:09 INFO  Delaying execution by 6 seconds
11:56:28 INFO  Executed sudo&lt;tedge_connect_c8y&gt;, exit status 0, duration 13 secs
11:56:29 INFO  Executed sudo&lt;tedge_connect_c8y_test&gt;, exit status 0
11:56:30 INFO  Executed systemctl&lt;serv_mosq2&gt;, exit status 0
11:56:30 INFO  Executed systemctl&lt;serv_mapper3&gt;, exit status 0
11:56:32 INFO  State of current operation: SUCCESSFUL
11:56:32 INFO  Assert that (False == value) with value=False ... passed
11:56:33 INFO  Assert that (False == value) with value=False ... passed
11:56:33 INFO  Assert that (False == value) with value=False ... passed
11:56:33 INFO  Assert that (False == value) with value=False ... passed
11:56:33 INFO  Package moon-buggy is installed
11:56:33 WARN  Assert that (False == value) with value=True ... failed 
11:56:35 INFO  Response status: 201
11:56:35 INFO  Response to action: {
    "creationTime": "2022-07-20T11:56:35.120Z",
    "deviceId": "21056369",
    "deviceName": "m32sd10d",
    "self": "https://t493319102.eu-latest.cumulocity.com/devicecontrol/operations/21082533",
    "id": "21082533",
    "status": "PENDING",
    "description": "Apply software changes, triggered from PySys: [{'action': 'install', 'id': '5475369', 'name': 'asciijump', 'url': ' ', 'version': '::apt'}, {'action': 'install', 'id': '5474869', 'name': 'robotfindskitten', 'url': ' ', 'version': ' '}, {'action': 'install', 'id': '5475279', 'name': 'squirrel3', 'url': ' ', 'version': '3.1-7::apt'}, {'action': 'install', 'id': '5152439', 'name': 'rolldice', 'url': ' ', 'version': '1.16-1+b1'}, {'action': 'install', 'id': '5439204', 'name': 'moon-buggy', 'url': ' ', 'version': '1:1.0.51-12'}, {'action': 'install', 'id': '5475369', 'name': 'asciijump', 'url': ' ', 'version': '::apt'}]",
    "c8y_SoftwareUpdate": [
        {
            "name": "asciijump",
            "action": "install",
            "id": "5475369",
            "version": "::apt",
            "url": " "
        },
        {
            "name": "robotfindskitten",
            "action": "install",
            "id": "5474869",
            "version": " ",
            "url": " "
        },
        {
            "name": "squirrel3",
            "action": "install",
            "id": "5475279",
            "version": "3.1-7::apt",
            "url": " "
        },
        {
            "name": "rolldice",
            "action": "install",
            "id": "5152439",
            "version": "1.16-1+b1",
            "url": " "
        },
        {
            "name": "moon-buggy",
            "action": "install",
            "id": "5439204",
            "version": "1:1.0.51-12",
            "url": " "
        },
        {
            "name": "asciijump",
            "action": "install",
            "id": "5475369",
            "version": "::apt",
            "url": " "
        }
    ]
}
11:56:35 INFO  Started operation: {'creationTime': '2022-07-20T11:56:35.120Z', 'deviceId': '21056369', 'deviceName': 'm32sd10d', 'self': 'https://t493319102.eu-latest.cumulocity.com/devicecontrol/operations/21082533', 'id': '21082533', 'status': 'PENDING', 'description': "Apply software changes, triggered from PySys: [{'action': 'install', 'id': '5475369', 'name': 'asciijump', 'url': ' ', 'version': '::apt'}, {'action': 'install', 'id': '5474869', 'name': 'robotfindskitten', 'url': ' ', 'version': ' '}, {'action': 'install', 'id': '5475279', 'name': 'squirrel3', 'url': ' ', 'version': '3.1-7::apt'}, {'action': 'install', 'id': '5152439', 'name': 'rolldice', 'url': ' ', 'version': '1.16-1+b1'}, {'action': 'install', 'id': '5439204', 'name': 'moon-buggy', 'url': ' ', 'version': '1:1.0.51-12'}, {'action': 'install', 'id': '5475369', 'name': 'asciijump', 'url': ' ', 'version': '::apt'}]", 'c8y_SoftwareUpdate': [{'name': 'asciijump', 'action': 'install', 'id': '5475369', 'version': '::apt', 'url': ' '}, {'name': 'robotfindskitten', 'action': 'install', 'id': '5474869', 'version': ' ', 'url': ' '}, {'name': 'squirrel3', 'action': 'install', 'id': '5475279', 'version': '3.1-7::apt', 'url': ' '}, {'name': 'rolldice', 'action': 'install', 'id': '5152439', 'version': '1.16-1+b1', 'url': ' '}, {'name': 'moon-buggy', 'action': 'install', 'id': '5439204', 'version': '1:1.0.51-12', 'url': ' '}, {'name': 'asciijump', 'action': 'install', 'id': '5475369', 'version': '::apt', 'url': ' '}]}
11:56:37 INFO  State of operation 21082533 : PENDING
11:56:39 INFO  State of operation 21082533 : EXECUTING
11:56:41 INFO  State of operation 21082533 : EXECUTING
11:56:44 INFO  State of operation 21082533 : EXECUTING
11:56:46 INFO  State of operation 21082533 : EXECUTING
11:56:48 INFO  State of operation 21082533 : EXECUTING
11:56:52 INFO  State of operation 21082533 : EXECUTING
11:56:54 INFO  State of operation 21082533 : EXECUTING
11:56:57 INFO  State of operation 21082533 : EXECUTING
11:56:59 INFO  State of operation 21082533 : EXECUTING
11:57:01 INFO  State of operation 21082533 : EXECUTING
11:57:03 INFO  State of operation 21082533 : EXECUTING
11:57:06 INFO  State of operation 21082533 : EXECUTING
11:57:08 INFO  State of operation 21082533 : EXECUTING
11:57:10 INFO  State of operation 21082533 : EXECUTING
11:57:12 INFO  State of operation 21082533 : EXECUTING
11:57:15 INFO  State of operation 21082533 : EXECUTING
11:57:18 INFO  State of operation 21082533 : EXECUTING
11:57:20 INFO  State of operation 21082533 : EXECUTING
11:57:22 INFO  State of operation 21082533 : EXECUTING
11:57:24 INFO  State of operation 21082533 : EXECUTING
11:57:27 INFO  State of operation 21082533 : EXECUTING
11:57:29 INFO  State of operation 21082533 : EXECUTING
11:57:32 INFO  State of operation 21082533 : EXECUTING
11:57:34 INFO  State of operation 21082533 : EXECUTING
11:57:37 INFO  State of operation 21082533 : EXECUTING
11:57:39 INFO  State of operation 21082533 : EXECUTING
11:57:42 INFO  State of operation 21082533 : EXECUTING
11:57:44 INFO  State of operation 21082533 : EXECUTING
11:57:47 INFO  State of operation 21082533 : EXECUTING
11:57:49 INFO  State of operation 21082533 : EXECUTING
11:57:51 INFO  State of operation 21082533 : EXECUTING
11:57:53 INFO  State of operation 21082533 : EXECUTING
11:57:56 INFO  State of operation 21082533 : EXECUTING
11:57:58 INFO  State of operation 21082533 : EXECUTING
11:58:00 INFO  State of operation 21082533 : EXECUTING
11:58:02 INFO  State of operation 21082533 : EXECUTING
11:58:05 INFO  State of operation 21082533 : EXECUTING
11:58:08 INFO  State of operation 21082533 : EXECUTING
11:58:10 INFO  State of operation 21082533 : EXECUTING
11:58:13 INFO  State of operation 21082533 : EXECUTING
11:58:15 INFO  State of operation 21082533 : EXECUTING
11:58:17 INFO  State of operation 21082533 : EXECUTING
11:58:19 INFO  State of operation 21082533 : EXECUTING
11:58:22 INFO  State of operation 21082533 : EXECUTING
11:58:24 INFO  State of operation 21082533 : EXECUTING
11:58:26 INFO  State of operation 21082533 : EXECUTING
11:58:29 INFO  State of operation 21082533 : EXECUTING
11:58:31 INFO  State of operation 21082533 : EXECUTING
11:58:33 INFO  State of operation 21082533 : EXECUTING
11:58:36 INFO  State of operation 21082533 : EXECUTING
11:58:38 INFO  State of operation 21082533 : EXECUTING
11:58:41 INFO  State of operation 21082533 : EXECUTING
11:58:43 INFO  State of operation 21082533 : EXECUTING
11:58:46 INFO  State of operation 21082533 : EXECUTING
11:58:49 INFO  State of operation 21082533 : EXECUTING
11:58:51 INFO  State of operation 21082533 : EXECUTING
11:58:54 INFO  State of operation 21082533 : EXECUTING
11:58:56 INFO  State of operation 21082533 : EXECUTING
11:58:58 INFO  State of operation 21082533 : EXECUTING
11:59:00 INFO  State of operation 21082533 : EXECUTING
11:59:02 WARN  SystemError occurred while running test - Timeout while waiting for status SUCCESSFUL or False
Traceback (most recent call last):
  File "/home/pi/env-pysys/lib/python3.7/site-packages/pysys/baserunner.py", line 1294, in __call__
    self.testObj.execute()
  File "/home/pi/actions-runner/_work/thin-edge.io/thin-edge.io/tests/PySys/software_management_end_to_end/sm_apt_install_remove_multiple_mixed/run.py", line 89, in execute
    self.wait_until_succcess()
  File "/home/pi/actions-runner/_work/thin-edge.io/thin-edge.io/tests/PySys/software_management_end_to_end/environment_sm_management.py", line 324, in wait_until_succcess
    self.wait_until_status("SUCCESSFUL")
  File "/home/pi/actions-runner/_work/thin-edge.io/thin-edge.io/tests/PySys/software_management_end_to_end/environment_sm_management.py", line 381, in wait_until_status
    "Timeout while waiting for status %s or %s" % (status, status2)
SystemError: Timeout while waiting for status SUCCESSFUL or False
11:59:02 WARN  SystemError: Timeout while waiting for status SUCCESSFUL or False ... blocked 
11:59:02 INFO  
11:59:02 INFO  cleanup:
11:59:07 INFO  Executed sudo&lt;tedge_disconnect_c8y&gt;, exit status 0
11:59:07 INFO  Executed systemctl&lt;serv_mapper5&gt;, exit status 3
11:59:07 INFO  
11:59:07 INFO  Test duration: 179.41 secs
11:59:07 INFO  Test final outcome:  BLOCKED
11:59:07 INFO  Test outcome reason: SystemError: Timeout while waiting for status SUCCESSFUL or False (+1 other failures)
11:59:07 INFO  
</system-out>
	</testcase>
</testsuite><testsuite name="SoftwareManagement.sm_apt_install_remove_with_version" tests="3" errors="0" failures="0" skipped="1" time="0"><testcase classname="PySysTest" name="SoftwareManagement.sm_apt_install_remove_with_version">
		<skipped message="SKIPPED: Testing the apt plugin is not supported on this platform.Use parameter -XmyPlatform='container' to enable it" />
		<system-out>10:55:13 INFO  ==============================================================
10:55:13 INFO  Id:    SoftwareManagement.sm_apt_install_remove_with_version
10:55:13 INFO  Dir:   software_management_end_to_end/
10:55:13 INFO  Title: Validate end to end behaviour for the apt plugin for packages with version
10:55:13 INFO  ==============================================================
10:55:13 INFO  Testing the apt plugin is not supported on this platform.Use parameter -XmyPlatform='container' to enable it ... skipped
10:55:13 WARN  Aborted test due to SKIPPED outcome
10:55:13 INFO  
10:55:13 INFO  Test duration: 0.02 secs
10:55:13 INFO  Test final outcome:  SKIPPED
10:55:13 INFO  Test outcome reason: Testing the apt plugin is not supported on this platform.Use parameter -XmyPlatform='container' to enable it
10:55:13 INFO  
</system-out>
	</testcase>
<testcase classname="PySysTest" name="SoftwareManagement.sm_apt_install_remove_with_version" />
<testcase classname="PySysTest" name="SoftwareManagement.sm_apt_install_remove_with_version" />
</testsuite><testsuite name="SoftwareManagement.sm_docker_install_remove_multiple" tests="3" errors="0" failures="0" skipped="1" time="0"><testcase classname="SMDockerInstallRemove" name="SoftwareManagement.sm_docker_install_remove_multiple">
		<skipped message="SKIPPED: Testing the apt plugin is not supported on this platform.Use parameter -XmyPlatform='container' to enable it" />
		<system-out>10:55:13 INFO  ==============================================================
10:55:13 INFO  Id:    SoftwareManagement.sm_docker_install_remove_multiple
10:55:13 INFO  Dir:   software_management_end_to_end/
10:55:13 INFO  Title: Validate end to end behaviour for the docker plugin for multiple docker images with mixed versions
10:55:13 INFO  ==============================================================
10:55:13 INFO  Testing the apt plugin is not supported on this platform.Use parameter -XmyPlatform='container' to enable it ... skipped
10:55:13 WARN  Aborted test due to SKIPPED outcome
10:55:13 INFO  
10:55:13 INFO  Test duration: 0.02 secs
10:55:13 INFO  Test final outcome:  SKIPPED
10:55:13 INFO  Test outcome reason: Testing the apt plugin is not supported on this platform.Use parameter -XmyPlatform='container' to enable it
10:55:13 INFO  
</system-out>
	</testcase>
<testcase classname="SMDockerInstallRemove" name="SoftwareManagement.sm_docker_install_remove_multiple" />
<testcase classname="SMDockerInstallRemove" name="SoftwareManagement.sm_docker_install_remove_multiple" />
</testsuite><testsuite name="SoftwareManagement.sm_fake_install_remove" tests="2" errors="0" failures="0" skipped="1" time="0"><testcase classname="PySysTest" name="SoftwareManagement.sm_fake_install_remove">
		<skipped message="SKIPPED: Testing the fake plugin is not enabled.Use parameter -Xfakeplugin=fakeplugin to enable it" />
		<system-out>10:55:14 INFO  ==============================================================
10:55:14 INFO  Id:    SoftwareManagement.sm_fake_install_remove
10:55:14 INFO  Dir:   software_management_end_to_end/
10:55:14 INFO  Title: Validate end to end behaviour for the dummy plugin for installation and removal of packages
10:55:14 INFO  ==============================================================
10:55:14 INFO  Testing the fake plugin is not enabled.Use parameter -Xfakeplugin=fakeplugin to enable it ... skipped
10:55:14 WARN  Aborted test due to SKIPPED outcome
10:55:14 INFO  
10:55:14 INFO  Test duration: 0.02 secs
10:55:14 INFO  Test final outcome:  SKIPPED
10:55:14 INFO  Test outcome reason: Testing the fake plugin is not enabled.Use parameter -Xfakeplugin=fakeplugin to enable it
10:55:14 INFO  
</system-out>
	</testcase>
<testcase classname="PySysTest" name="SoftwareManagement.sm_fake_install_remove" />
</testsuite><testsuite name="SoftwareManagement.sm_fake_install_remove_multiple" tests="2" errors="0" failures="0" skipped="1" time="0"><testcase classname="PySysTest" name="SoftwareManagement.sm_fake_install_remove_multiple">
		<skipped message="SKIPPED: Testing the fake plugin is not enabled.Use parameter -Xfakeplugin=fakeplugin to enable it" />
		<system-out>10:55:14 INFO  ==============================================================
10:55:14 INFO  Id:    SoftwareManagement.sm_fake_install_remove_multiple
10:55:14 INFO  Dir:   software_management_end_to_end/
10:55:14 INFO  Title: Validate end to end behaviour for the dummy-plugin for multiple packages
10:55:14 INFO  ==============================================================
10:55:14 INFO  Testing the fake plugin is not enabled.Use parameter -Xfakeplugin=fakeplugin to enable it ... skipped
10:55:14 WARN  Aborted test due to SKIPPED outcome
10:55:14 INFO  
10:55:14 INFO  Test duration: 0.02 secs
10:55:14 INFO  Test final outcome:  SKIPPED
10:55:14 INFO  Test outcome reason: Testing the fake plugin is not enabled.Use parameter -Xfakeplugin=fakeplugin to enable it
10:55:14 INFO  
</system-out>
	</testcase>
<testcase classname="PySysTest" name="SoftwareManagement.sm_fake_install_remove_multiple" />
</testsuite><testsuite name="SoftwareManagement.sm_mapper_fail_and_reconnect" tests="2" errors="0" failures="0" skipped="2" time="0"><testcase classname="MapperC8yReceiveLastMessageOnRestart" name="SoftwareManagement.sm_mapper_fail_and_reconnect">
		<skipped message="SKIPPED: instable https://github.com/thin-edge/thin-edge.io/issues/752" />
		<system-out>10:55:14 INFO  ==============================================================
10:55:14 INFO  Id:    SoftwareManagement.sm_mapper_fail_and_reconnect
10:55:14 INFO  Dir:   software_management_end_to_end/
10:55:14 INFO  Title: Validate the tedge-mapper-sm-c8y for receiving the last message on restart
10:55:14 INFO  ==============================================================
10:55:14 INFO  instable https://github.com/thin-edge/thin-edge.io/issues/752 ... skipped
10:55:14 INFO  
10:55:14 INFO  Test duration: 0.02 secs
10:55:14 INFO  Test final outcome:  SKIPPED
10:55:14 INFO  Test outcome reason: instable https://github.com/thin-edge/thin-edge.io/issues/752
10:55:14 INFO  
</system-out>
	</testcase>
<testcase classname="MapperC8yReceiveLastMessageOnRestart" name="SoftwareManagement.sm_mapper_fail_and_reconnect">
		<skipped message="SKIPPED: instable https://github.com/thin-edge/thin-edge.io/issues/752" />
		<system-out>12:05:51 INFO  ==============================================================
12:05:51 INFO  Id:    SoftwareManagement.sm_mapper_fail_and_reconnect
12:05:51 INFO  Dir:   software_management_end_to_end/
12:05:51 INFO  Title: Validate the tedge-mapper-sm-c8y for receiving the last message on restart
12:05:51 INFO  ==============================================================
12:05:51 INFO  instable https://github.com/thin-edge/thin-edge.io/issues/752 ... skipped
12:05:51 INFO  
12:05:51 INFO  Test duration: 0.06 secs
12:05:51 INFO  Test final outcome:  SKIPPED
12:05:51 INFO  Test outcome reason: instable https://github.com/thin-edge/thin-edge.io/issues/752
12:05:51 INFO  
</system-out>
	</testcase>
</testsuite><testsuite name="SoftwareManagement.sm_mixed_install_remove_multiple" tests="2" errors="0" failures="1" skipped="1" time="0"><testcase classname="PySysTest" name="SoftwareManagement.sm_mixed_install_remove_multiple">
		<skipped message="SKIPPED: Testing the fake plugin is not enabled.Use parameter -Xfakeplugin=fakeplugin to enable it" />
		<system-out>10:55:14 INFO  ==============================================================
10:55:14 INFO  Id:    SoftwareManagement.sm_mixed_install_remove_multiple
10:55:14 INFO  Dir:   software_management_end_to_end/
10:55:14 INFO  Title: Validate end to end behaviour for the dummy-plugin for multiple packages with mixed versions
10:55:14 INFO  ==============================================================
10:55:14 INFO  Testing the fake plugin is not enabled.Use parameter -Xfakeplugin=fakeplugin to enable it ... skipped
10:55:14 WARN  Aborted test due to SKIPPED outcome
10:55:14 INFO  
10:55:14 INFO  Test duration: 0.02 secs
10:55:14 INFO  Test final outcome:  SKIPPED
10:55:14 INFO  Test outcome reason: Testing the fake plugin is not enabled.Use parameter -Xfakeplugin=fakeplugin to enable it
10:55:14 INFO  
</system-out>
	</testcase>
<testcase classname="PySysTest" name="SoftwareManagement.sm_mixed_install_remove_multiple">
		<failure message="FAILED: Assert that (False == value) with value=True" type="FAILED" />
		<system-out>12:05:51 INFO  ==============================================================
12:05:51 INFO  Id:    SoftwareManagement.sm_mixed_install_remove_multiple
12:05:51 INFO  Dir:   software_management_end_to_end/
12:05:51 INFO  Title: Validate end to end behaviour for the dummy-plugin for multiple packages with mixed versions
[...]
10:43:18 INFO  Executed sudo&lt;rm_tmp_logs&gt;, exit status 0
10:43:19 INFO  Executed sudo&lt;send_failed&gt;, exit status 0
10:43:19 INFO  Executed sudo&lt;log_file_daemon&gt;, exit status 0
10:43:23 INFO  Executed sudo&lt;tedge_disconnect_c8y&gt;, exit status 0
10:43:24 INFO  Executed systemctl&lt;serv_mapper5&gt;, exit status 3
10:43:24 INFO  
10:43:24 INFO  Test duration: 27.84 secs
10:43:24 INFO  Test final outcome:  BLOCKED
10:43:24 INFO  Test outcome reason: TypeError: 'NoneType' object is not subscriptable
10:43:24 INFO  
</system-out>
	</testcase>
</testsuite><testsuite name="log_request_num_lines" tests="1" errors="0" failures="1" skipped="0" time="0"><testcase classname="LogRequestVerifyNumberOfLines" name="log_request_num_lines">
		<failure message="BLOCKED: TypeError: 'NoneType' object is not subscriptable" type="BLOCKED" />
		<system-out>10:43:24 INFO  ==============================================================
10:43:24 INFO  Id:    log_request_num_lines
10:43:24 INFO  Dir:   log_request_end_to_end/
10:43:24 INFO  Title: Validate end to end behaviour for the log request operation check for number of lines
10:43:24 INFO  ==============================================================
10:43:24 INFO  EnvironmentC8y Setup
10:43:25 INFO  Executed systemctl&lt;serv_mapper1&gt;, exit status 3
10:43:25 INFO  Restarting mosquitto too frequently in the last 10 seconds. It was only up for 5 seconds
10:43:25 INFO  Delaying execution by 6 seconds
10:43:45 INFO  Executed sudo&lt;tedge_connect_c8y&gt;, exit status 0, duration 14 secs
10:43:46 INFO  Executed sudo&lt;tedge_connect_c8y_test&gt;, exit status 0
10:43:46 INFO  Executed systemctl&lt;serv_mosq2&gt;, exit status 0
10:43:47 INFO  Executed systemctl&lt;serv_mapper3&gt;, exit status 0
10:43:47 INFO  Executed sudo&lt;rm_logs&gt;, exit status 0
10:43:48 INFO  Executed sudo&lt;move_logs&gt;, exit status 0
10:43:48 INFO  Executed sudo&lt;log_file_daemon&gt;, exit status 0
10:43:49 WARN  TypeError occurred while running test - 'NoneType' object is not subscriptable
Traceback (most recent call last):
  File "/home/pi/env-pysys/lib/python3.7/site-packages/pysys/baserunner.py", line 1294, in __call__
    self.testObj.execute()
  File "/home/pi/actions-runner/_work/thin-edge.io/thin-edge.io/tests/PySys/log_request_end_to_end/log_request_num_lines/run.py", line 46, in execute
    log_file_request_payload, self.project.deviceid
  File "/home/pi/actions-runner/_work/thin-edge.io/thin-edge.io/tests/PySys/environments/cumulocity.py", line 101, in trigger_log_request
    "deviceId": self.device_fragment["id"],
TypeError: 'NoneType' object is not subscriptable
10:43:49 WARN  TypeError: 'NoneType' object is not subscriptable ... blocked 
10:43:49 INFO  
10:43:49 INFO  cleanup:
10:43:50 INFO  Executed sudo&lt;rm_logs&gt;, exit status 0
10:43:50 INFO  Executed sudo&lt;rm_tmp_logs&gt;, exit status 0
10:43:51 INFO  Executed sudo&lt;send_failed&gt;, exit status 0
10:43:51 INFO  Executed sudo&lt;log_file_daemon&gt;, exit status 0
10:43:55 INFO  Executed sudo&lt;tedge_disconnect_c8y&gt;, exit status 0
10:43:56 INFO  Executed systemctl&lt;serv_mapper5&gt;, exit status 3
10:43:56 INFO  
10:43:56 INFO  Test duration: 31.79 secs
10:43:56 INFO  Test final outcome:  BLOCKED
10:43:56 INFO  Test outcome reason: TypeError: 'NoneType' object is not subscriptable
10:43:56 INFO  
</system-out>
	</testcase>
</testsuite><testsuite name="mapper_awaits_before_reconnect" tests="1" errors="0" failures="1" skipped="0" time="0"><testcase classname="MapperReconnectAwait" name="mapper_awaits_before_reconnect">
		<failure message="FAILED: Line count on tedge_mapper_journal.out for &quot;tedge_mapper::core::mapper: MQTT connection error:&quot; expected &gt;=2 but got 0" type="FAILED" />
		<system-out>10:58:16 INFO  ==============================================================
10:58:16 INFO  Id:    mapper_awaits_before_reconnect
10:58:16 INFO  Dir:   tedge_mapper_c8y/
10:58:16 INFO  Title: Validate mapper doesn't reconnect too often
10:58:16 INFO  ==============================================================
10:58:16 INFO  Started mosquitto_sub with process id 3806
10:58:16 INFO  Waiting for 0.1 seconds
10:58:17 INFO  Executed sudo&lt;tedge_mapper&gt;, exit status 0
10:58:17 INFO  Waiting for 5.0 seconds
10:58:22 INFO  Executed sudo&lt;tedge_mapper&gt;, exit status 0
10:58:25 INFO  Executed sudo&lt;tedge_mapper_journal&gt;, exit status 0
10:58:25 WARN  Grep on tedge_mapper_journal.out contains "ERROR" ... failed [run.py:67]
10:58:25 INFO  Line count on file tedge_mapper_journal.out ... passed
10:58:25 WARN  Line count on tedge_mapper_journal.out for "tedge_mapper::core::mapper: MQTT connection error:" expected &gt;=2 but got 0 ... failed [run.py:78]
10:58:25 WARN  Aborted test due to FAILED outcome
10:58:25 INFO  
10:58:25 INFO  Test duration: 9.03 secs
10:58:25 INFO  Test final outcome:  FAILED
10:58:25 INFO  Test outcome reason: Line count on tedge_mapper_journal.out for "tedge_mapper::core::mapper: MQTT connection error:" expected &gt;=2 but got 0
10:58:25 INFO  
</system-out>
	</testcase>
</testsuite><testsuite name="monitoring_smaller_interval" tests="1" errors="0" failures="1" skipped="0" time="0"><testcase classname="MonitoringSmallInterval" name="monitoring_smaller_interval">
		<failure message="BLOCKED: TypeError: 'int' object is not subscriptable" type="BLOCKED" />
		<system-out>10:45:18 INFO  ==============================================================
10:45:18 INFO  Id:    monitoring_smaller_interval
10:45:18 INFO  Dir:   monitoring/
10:45:18 INFO  Title: Validate the tedge dm agent messages that are produced with smaller sampling interval than the batching window. Here the simulated collectd messages are used
10:45:18 INFO  ==============================================================
10:45:19 INFO  Executed sudo&lt;collectd&gt;, exit status 0
10:45:20 INFO  Executed sudo&lt;collectd_mapper&gt;, exit status 0
10:45:20 INFO  Started sudo&lt;tedge_sub&gt; with process id 32379
10:45:20 INFO  Executed sudo&lt;tedge_temp&gt;, exit status 0
10:45:21 INFO  Executed sudo&lt;tedge_pres&gt;, exit status 0
10:45:21 INFO  Executed sudo&lt;tedge_temp&gt;, exit status 0
10:45:22 INFO  Executed sudo&lt;tedge_pres&gt;, exit status 0
10:45:23 INFO  Executed sudo&lt;tedge_temp&gt;, exit status 0
10:45:23 INFO  Executed sudo&lt;tedge_pres&gt;, exit status 0
10:45:24 INFO  Executed sudo&lt;tedge_temp&gt;, exit status 0
10:45:24 INFO  Executed sudo&lt;tedge_pres&gt;, exit status 0
10:45:25 INFO  Executed sudo&lt;tedge_temp&gt;, exit status 0
10:45:25 INFO  Executed sudo&lt;tedge_pres&gt;, exit status 0
10:45:26 INFO  Executed sudo&lt;tedge_temp&gt;, exit status 0
10:45:27 INFO  Executed sudo&lt;tedge_pres&gt;, exit status 0
10:45:27 INFO  Executed sudo&lt;tedge_temp&gt;, exit status 0
10:45:28 INFO  Executed sudo&lt;tedge_pres&gt;, exit status 0
10:45:28 INFO  Executed sudo&lt;tedge_temp&gt;, exit status 0
10:45:29 INFO  Executed sudo&lt;tedge_pres&gt;, exit status 0
10:45:30 INFO  Executed sudo&lt;tedge_temp&gt;, exit status 0
10:45:30 INFO  Executed sudo&lt;tedge_pres&gt;, exit status 0
10:45:31 INFO  Executed sudo&lt;tedge_temp&gt;, exit status 0
10:45:31 INFO  Executed sudo&lt;tedge_pres&gt;, exit status 0
10:45:33 INFO  Executed sudo&lt;kill_out&gt;, exit status 0
10:45:33 INFO  0

10:45:33 WARN  TypeError occurred while running test - 'int' object is not subscriptable
Traceback (most recent call last):
  File "/home/pi/env-pysys/lib/python3.7/site-packages/pysys/baserunner.py", line 1296, in __call__
    self.testObj.validate()
  File "/home/pi/actions-runner/_work/thin-edge.io/thin-edge.io/tests/PySys/monitoring/monitoring_smaller_interval/run.py", line 104, in validate
    collectd_msg_validation_result=self.validate_json(),
  File "/home/pi/actions-runner/_work/thin-edge.io/thin-edge.io/tests/PySys/monitoring/monitoring_smaller_interval/run.py", line 114, in validate_json
    if not self.validate_time():
  File "/home/pi/actions-runner/_work/thin-edge.io/thin-edge.io/tests/PySys/monitoring/monitoring_smaller_interval/run.py", line 134, in validate_time
    if self.js_msg["time"]:
TypeError: 'int' object is not subscriptable
10:45:33 WARN  TypeError: 'int' object is not subscriptable ... blocked 
10:45:33 INFO  
10:45:33 INFO  cleanup:
10:45:33 INFO  monitoring_cleanup
10:45:33 INFO  Executed sudo&lt;collectd_mapper&gt;, exit status 0
10:45:33 INFO  
10:45:33 INFO  Test duration: 15.05 secs
10:45:33 INFO  Test final outcome:  BLOCKED
10:45:33 INFO  Test outcome reason: TypeError: 'int' object is not subscriptable
10:45:33 INFO  
</system-out>
	</testcase>
</testsuite><testsuite name="monitoring_with_collectd" tests="1" errors="0" failures="0" skipped="1" time="0"><testcase classname="MonitoringWithCollectd" name="monitoring_with_collectd">
		<skipped message="SKIPPED: Test execution disabled due to #792 (instable)" />
		<system-out>10:45:33 INFO  ==============================================================
10:45:33 INFO  Id:    monitoring_with_collectd
10:45:33 INFO  Dir:   monitoring/
10:45:33 INFO  Title: Validate tedge dm agent messages that are produced by batching the collectd messages
10:45:33 INFO  ==============================================================
10:45:34 INFO  Test execution disabled due to #792 (instable) ... skipped
10:45:34 INFO  
10:45:34 INFO  Test duration: 0.07 secs
10:45:34 INFO  Test final outcome:  SKIPPED
10:45:34 INFO  Test outcome reason: Test execution disabled due to #792 (instable)
10:45:34 INFO  
</system-out>
	</testcase>
</testsuite><testsuite name="monitoring_with_simulated_messages" tests="1" errors="0" failures="1" skipped="0" time="0"><testcase classname="MonitoringWithSimulatedMessages" name="monitoring_with_simulated_messages">
		<failure message="BLOCKED: TypeError: 'int' object is not subscriptable" type="BLOCKED" />
		<system-out>10:45:34 INFO  ==============================================================
10:45:34 INFO  Id:    monitoring_with_simulated_messages
10:45:34 INFO  Dir:   monitoring/
10:45:34 INFO  Title: Validate the tedge dm agent messages that are produced from the simulated collectd messages
10:45:34 INFO  ==============================================================
10:45:34 INFO  Executed sudo&lt;collectd&gt;, exit status 0
10:45:35 INFO  Executed sudo&lt;collectd_mapper&gt;, exit status 0
10:45:35 INFO  Started sudo&lt;tedge_sub&gt; with process id 32436
10:45:35 INFO  Executed sudo&lt;tedge_temp&gt;, exit status 0
10:45:36 INFO  Executed sudo&lt;tedge_pres&gt;, exit status 0
10:45:37 INFO  Executed sudo&lt;kill_out&gt;, exit status 0
10:45:37 INFO  0

10:45:37 WARN  TypeError occurred while running test - 'int' object is not subscriptable
Traceback (most recent call last):
  File "/home/pi/env-pysys/lib/python3.7/site-packages/pysys/baserunner.py", line 1296, in __call__
    self.testObj.validate()
  File "/home/pi/actions-runner/_work/thin-edge.io/thin-edge.io/tests/PySys/monitoring/monitoring_with_simulated_messages/run.py", line 98, in validate
    collectd_msg_validation_result=self.validate_json(),
  File "/home/pi/actions-runner/_work/thin-edge.io/thin-edge.io/tests/PySys/monitoring/monitoring_with_simulated_messages/run.py", line 108, in validate_json
    if not self.validate_time():
  File "/home/pi/actions-runner/_work/thin-edge.io/thin-edge.io/tests/PySys/monitoring/monitoring_with_simulated_messages/run.py", line 127, in validate_time
    if self.js_msg["time"]:
TypeError: 'int' object is not subscriptable
10:45:37 WARN  TypeError: 'int' object is not subscriptable ... blocked 
10:45:37 INFO  
10:45:37 INFO  cleanup:
10:45:37 INFO  monitoring_cleanup
10:45:38 INFO  Executed sudo&lt;collectd_mapper&gt;, exit status 0
10:45:38 INFO  
10:45:38 INFO  Test duration: 4.55 secs
10:45:38 INFO  Test final outcome:  BLOCKED
10:45:38 INFO  Test outcome reason: TypeError: 'int' object is not subscriptable
10:45:38 INFO  
</system-out>
	</testcase>
</testsuite><testsuite name="mqtt_port_change_connection_fails" tests="1" errors="0" failures="0" skipped="0" time="0"><testcase classname="MqttPortChangeConnectionFails" name="mqtt_port_change_connection_fails" />
</testsuite><testsuite name="mqtt_port_change_connection_works" tests="1" errors="0" failures="0" skipped="1" time="0"><testcase classname="MqttPortChangeConnectionWorks" name="mqtt_port_change_connection_works">
		<skipped message="SKIPPED: failing intermitently" />
		<system-out>10:44:31 INFO  ==============================================================
10:44:31 INFO  Id:    mqtt_port_change_connection_works
10:44:31 INFO  Dir:   misc_features/
10:44:31 INFO  Title: mqtt port change connection works for all the thin-edge services that use the mosquitto broker
10:44:31 INFO  ==============================================================
10:44:31 INFO  failing intermitently ... skipped
10:44:31 INFO  
10:44:31 INFO  Test duration: 0.03 secs
10:44:31 INFO  Test final outcome:  SKIPPED
10:44:31 INFO  Test outcome reason: failing intermitently
10:44:31 INFO  
</system-out>
	</testcase>
</testsuite><testsuite name="publish_flux" tests="1" errors="0" failures="0" skipped="0" time="0"><testcase classname="PublishFlux" name="publish_flux" />
</testsuite><testsuite name="publish_sawmill" tests="1" errors="0" failures="0" skipped="0" time="0"><testcase classname="PublishSawmill" name="publish_sawmill" />
</testsuite><testsuite name="runtime_start_two_mappers" tests="1" errors="0" failures="0" skipped="0" time="0"><testcase classname="RuntimeMultiMappers" name="runtime_start_two_mappers" />
</testsuite><testsuite name="sm_tedge_mapper_init_session" tests="1" errors="0" failures="0" skipped="0" time="0"><testcase classname="TedgeSMMapperInitSession" name="sm_tedge_mapper_init_session" />
</testsuite><testsuite name="smoketest_json" tests="1" errors="0" failures="0" skipped="0" time="0"><testcase classname="SmokeTestJson" name="smoketest_json" />
</testsuite><testsuite name="smoketest_json_400_samples_10ms" tests="1" errors="0" failures="0" skipped="0" time="0"><testcase classname="SmoketestJson400Samples10ms" name="smoketest_json_400_samples_10ms" />
</testsuite><testsuite name="smoketest_json_400_samples_20ms" tests="1" errors="0" failures="0" skipped="0" time="0"><testcase classname="SmoketestJson400Samples20ms" name="smoketest_json_400_samples_20ms" />
</testsuite><testsuite name="smoketest_smartrest" tests="1" errors="0" failures="0" skipped="0" time="0"><testcase classname="SmoketestSmartRest" name="smoketest_smartrest" />
</testsuite><testsuite name="smoketest_smartrest_400_samples_1Xms" tests="1" errors="0" failures="0" skipped="0" time="0"><testcase classname="SmoketestSmartRest400Samples1Xms" name="smoketest_smartrest_400_samples_1Xms" />
</testsuite><testsuite name="smoketest_smartrest_400_samples_20ms" tests="1" errors="0" failures="0" skipped="0" time="0"><testcase classname="SmoketestSmartRest400Samples20ms" name="smoketest_smartrest_400_samples_20ms" />
</testsuite><testsuite name="tedge_agent_user_sudo_access" tests="1" errors="0" failures="0" skipped="1" time="0"><testcase classname="TedgeAgentUserSudoAccess" name="tedge_agent_user_sudo_access">
		<skipped message="SKIPPED: #955 Observation: Exit code of the apt plugin when called with no arguments" />
		<system-out>10:55:40 INFO  ==============================================================
10:55:40 INFO  Id:    tedge_agent_user_sudo_access
10:55:40 INFO  Dir:   tedge/
10:55:40 INFO  Title: Validate tedge-agent user has a limited sudo right
10:55:40 INFO  ==============================================================
10:55:40 INFO  #955 Observation: Exit code of the apt plugin when called with no arguments ... skipped
10:55:40 INFO  
10:55:40 INFO  Test duration: 0.02 secs
10:55:40 INFO  Test final outcome:  SKIPPED
10:55:40 INFO  Test outcome reason: #955 Observation: Exit code of the apt plugin when called with no arguments
10:55:40 INFO  
</system-out>
	</testcase>
</testsuite><testsuite name="tedge_connect_test_negative" tests="1" errors="0" failures="0" skipped="0" time="0"><testcase classname="TedgeConnectTestNegative" name="tedge_connect_test_negative" />
</testsuite><testsuite name="tedge_connect_test_positive" tests="1" errors="0" failures="0" skipped="0" time="0"><testcase classname="TedgeConnectTestPositive" name="tedge_connect_test_positive" />
</testsuite><testsuite name="tedge_connect_test_sm_services" tests="1" errors="0" failures="0" skipped="0" time="0"><testcase classname="TedgeConnectTestSMServices" name="tedge_connect_test_sm_services" />
</testsuite><testsuite name="tedge_disconnect_test_sm_services" tests="1" errors="0" failures="0" skipped="0" time="0"><testcase classname="TedgeDisConnectTestSMServices" name="tedge_disconnect_test_sm_services" />
</testsuite><testsuite name="tedge_mapper_az_negative" tests="1" errors="0" failures="0" skipped="0" time="0"><testcase classname="TedgeMapperAzError" name="tedge_mapper_az_negative" />
</testsuite><testsuite name="tedge_mapper_az_with_timestamp" tests="1" errors="0" failures="0" skipped="0" time="0"><testcase classname="TedgeMapperAzWithTimestamp" name="tedge_mapper_az_with_timestamp" />
</testsuite><testsuite name="tedge_mapper_az_without_timestamp" tests="1" errors="0" failures="0" skipped="0" time="0"><testcase classname="TedgeMapperAzWithoutTimestamp" name="tedge_mapper_az_without_timestamp" />
</testsuite><testsuite name="tedge_mapper_c8y_alarms" tests="1" errors="0" failures="0" skipped="0" time="0"><testcase classname="TedgeMapperC8yAlarm" name="tedge_mapper_c8y_alarms" />
</testsuite><testsuite name="tedge_mapper_c8y_child_device_measurement" tests="1" errors="0" failures="0" skipped="0" time="0"><testcase classname="TedgeMapperC8yChildDevice" name="tedge_mapper_c8y_child_device_measurement" />
</testsuite><testsuite name="tedge_mapper_c8y_packet_threshold_size" tests="1" errors="0" failures="1" skipped="0" time="0"><testcase classname="TedgeMapperC8yThresholdPacketSize" name="tedge_mapper_c8y_packet_threshold_size">
		<failure message="FAILED: Grep on tedge_sub.out contains &quot;The size of the message received on tedge/measurements is 20489 which is greater than the threshold size of 16184.&quot;" type="FAILED" />
		<system-out>11:00:01 INFO  ==============================================================
11:00:01 INFO  Id:    tedge_mapper_c8y_packet_threshold_size
11:00:01 INFO  Dir:   tedge_mapper_c8y/
11:00:01 INFO  Title: Validate the Cumulocity Mapper accepted threshold packet size when it receives a message on tedge/measurements
11:00:01 INFO  ==============================================================
11:00:01 INFO  Executed sudo&lt;tedge_mapper_c8y&gt;, exit status 0
11:00:01 INFO  Started sudo&lt;tedge_sub&gt; with process id 4406
11:00:02 INFO  Executed sudo&lt;tedge_msg&gt;, exit status 0
11:00:02 INFO  Executed sudo&lt;tedge_pub&gt;, exit status 0
11:00:03 INFO  Executed sudo&lt;kill_out&gt;, exit status 0
11:00:03 WARN  Grep on tedge_sub.out contains "The size of the message received on tedge/measurements is 20489 which is greater than the threshold size of 16184." ... failed [run.py:88]
11:00:03 INFO  
11:00:03 INFO  cleanup:
11:00:03 INFO  mapper_cleanup
11:00:03 INFO  Executed sudo&lt;tedge_mapper_c8y&gt;, exit status 0
11:00:03 INFO  
11:00:03 INFO  Test duration: 2.95 secs
11:00:03 INFO  Test final outcome:  FAILED
11:00:03 INFO  Test outcome reason: Grep on tedge_sub.out contains "The size of the message received on tedge/measurements is 20489 which is greater than the threshold size of 16184."
11:00:03 INFO  
</system-out>
	</testcase>
</testsuite><testsuite name="tedge_software_update" tests="1" errors="0" failures="0" skipped="0" time="0"><testcase classname="PySysTest" name="tedge_software_update" />
</testsuite><testsuite name="valid_device_id" tests="1" errors="0" failures="0" skipped="0" time="0"><testcase classname="ValidateValidDeviceId" name="valid_device_id" />
</testsuite></testsuites>