<?xml version='1.0' encoding='utf-8'?>
<testsuites tests="139" failures="15" errors="0" skipped="45" time="0.0"><testsuite name="SoftwareManagement.Plugin.apama_plugin_install" tests="3" errors="0" failures="0" skipped="1" time="0"><testcase classname="ApamaPluginInstallTest" name="SoftwareManagement.Plugin.apama_plugin_install">
		<skipped message="SKIPPED: Apama plugin tests are disabled by default. Execute `pysys run` with `-XmyPlatform=container` to run these tests" />
		<system-out>17:16:14 INFO  ==============================================================
17:16:14 INFO  Id:    SoftwareManagement.Plugin.apama_plugin_install
17:16:14 INFO  Dir:   plugin_apama/
17:16:14 INFO  Title: Validate apama plugin install
17:16:14 INFO  ==============================================================
17:16:14 INFO  Apama plugin tests are disabled by default. Execute `pysys run` with `-XmyPlatform=container` to run these tests ... skipped
17:16:14 WARN  Aborted test due to SKIPPED outcome
17:16:14 INFO  
17:16:14 INFO  Test duration: 0.05 secs
17:16:14 INFO  Test final outcome:  SKIPPED
17:16:14 INFO  Test outcome reason: Apama plugin tests are disabled by default. Execute `pysys run` with `-XmyPlatform=container` to run these tests
17:16:14 INFO  
</system-out>
	</testcase>
<testcase classname="ApamaPluginInstallTest" name="SoftwareManagement.Plugin.apama_plugin_install" />
<testcase classname="ApamaPluginInstallTest" name="SoftwareManagement.Plugin.apama_plugin_install" />
</testsuite><testsuite name="SoftwareManagement.Plugin.apama_plugin_mon_support" tests="3" errors="0" failures="0" skipped="1" time="0"><testcase classname="ApamaPluginMonSupportTest" name="SoftwareManagement.Plugin.apama_plugin_mon_support">
		<skipped message="SKIPPED: Apama plugin tests are disabled by default. Execute `pysys run` with `-XmyPlatform=container` to run these tests" />
		<system-out>17:16:14 INFO  ==============================================================
17:16:14 INFO  Id:    SoftwareManagement.Plugin.apama_plugin_mon_support
17:16:14 INFO  Dir:   plugin_apama/
17:16:14 INFO  Title: Validate mon file support of apama plugin
17:16:14 INFO  ==============================================================
17:16:14 INFO  Apama plugin tests are disabled by default. Execute `pysys run` with `-XmyPlatform=container` to run these tests ... skipped
17:16:14 WARN  Aborted test due to SKIPPED outcome
17:16:14 INFO  
17:16:14 INFO  Test duration: 0.02 secs
17:16:14 INFO  Test final outcome:  SKIPPED
17:16:14 INFO  Test outcome reason: Apama plugin tests are disabled by default. Execute `pysys run` with `-XmyPlatform=container` to run these tests
17:16:14 INFO  
</system-out>
	</testcase>
<testcase classname="ApamaPluginMonSupportTest" name="SoftwareManagement.Plugin.apama_plugin_mon_support" />
<testcase classname="ApamaPluginMonSupportTest" name="SoftwareManagement.Plugin.apama_plugin_mon_support" />
</testsuite><testsuite name="SoftwareManagement.Plugin.apama_plugin_remove" tests="3" errors="0" failures="0" skipped="1" time="0"><testcase classname="ApamaPluginRemoveTest" name="SoftwareManagement.Plugin.apama_plugin_remove">
		<skipped message="SKIPPED: Apama plugin tests are disabled by default. Execute `pysys run` with `-XmyPlatform=container` to run these tests" />
		<system-out>17:16:14 INFO  ==============================================================
17:16:14 INFO  Id:    SoftwareManagement.Plugin.apama_plugin_remove
17:16:14 INFO  Dir:   plugin_apama/
17:16:14 INFO  Title: Validate apama plugin remove
17:16:14 INFO  ==============================================================
17:16:14 INFO  Apama plugin tests are disabled by default. Execute `pysys run` with `-XmyPlatform=container` to run these tests ... skipped
17:16:14 WARN  Aborted test due to SKIPPED outcome
17:16:14 INFO  
17:16:14 INFO  Test duration: 0.05 secs
17:16:14 INFO  Test final outcome:  SKIPPED
17:16:14 INFO  Test outcome reason: Apama plugin tests are disabled by default. Execute `pysys run` with `-XmyPlatform=container` to run these tests
17:16:14 INFO  
</system-out>
	</testcase>
<testcase classname="ApamaPluginRemoveTest" name="SoftwareManagement.Plugin.apama_plugin_remove" />
<testcase classname="ApamaPluginRemoveTest" name="SoftwareManagement.Plugin.apama_plugin_remove" />
</testsuite><testsuite name="SoftwareManagement.Plugin.apama_plugin_update" tests="3" errors="0" failures="2" skipped="1" time="0"><testcase classname="ApamaPluginUpdateTest" name="SoftwareManagement.Plugin.apama_plugin_update">
		<skipped message="SKIPPED: Apama plugin tests are disabled by default. Execute `pysys run` with `-XmyPlatform=container` to run these tests" />
		<system-out>17:16:14 INFO  ==============================================================
17:16:14 INFO  Id:    SoftwareManagement.Plugin.apama_plugin_update
17:16:14 INFO  Dir:   plugin_apama/
17:16:14 INFO  Title: Validate apama plugin updating one project with another
17:16:14 INFO  ==============================================================
17:16:14 INFO  Apama plugin tests are disabled by default. Execute `pysys run` with `-XmyPlatform=container` to run these tests ... skipped
17:16:14 WARN  Aborted test due to SKIPPED outcome
17:16:14 INFO  
17:16:14 INFO  Test duration: 0.02 secs
17:16:14 INFO  Test final outcome:  SKIPPED
17:16:14 INFO  Test outcome reason: Apama plugin tests are disabled by default. Execute `pysys run` with `-XmyPlatform=container` to run these tests
17:16:14 INFO  
</system-out>
	</testcase>
<testcase classname="ApamaPluginUpdateTest" name="SoftwareManagement.Plugin.apama_plugin_update">
		<failure message="BLOCKED: sudo&lt;plugin_install&gt; returned non-zero exit code 2" type="BLOCKED" />
		<system-out>18:07:44 INFO  ==============================================================
18:07:44 INFO  Id:    SoftwareManagement.Plugin.apama_plugin_update
18:07:44 INFO  Dir:   plugin_apama/
18:07:44 INFO  Title: Validate apama plugin updating one project with another
18:07:44 INFO  ==============================================================
18:07:44 INFO  Assertion that path exists=False for "/etc/tedge/apama/project" ... passed
18:07:45 INFO  Executed sudo&lt;create_project_dir&gt;, exit status 0
18:07:45 INFO  Executed sudo&lt;unzip_apama_project&gt;, exit status 0
18:07:46 INFO  Executed sudo&lt;move_apama_project&gt;, exit status 0
18:07:47 INFO  Executed sudo&lt;restart_apama_service&gt;, exit status 0
18:07:47 INFO  Executed sudo&lt;apama_correlator_wait&gt;, exit status 0
18:07:47 INFO  Assertion that path exists=True for "/etc/tedge/apama/project" ... passed
18:07:48 INFO  Executed sudo&lt;apama_list_monitors&gt;, exit status 0
18:07:48 INFO  Grep on file /home/pi/actions-runner/_work/thin-edge.io/thin-edge.io/tests/PySys/plugin_apama/apama_plugin_update/Output/linux/apama_list_monitors.out ... passed
18:07:49 WARN  Executed sudo&lt;plugin_install&gt;, exit status 2
18:07:49 INFO  Contents of plugin_install.err: 
  ERROR: Directory not empty (os error 39)
  -----

18:07:49 WARN  sudo&lt;plugin_install&gt; returned non-zero exit code 2 ... blocked [run.py:35]
18:07:49 WARN  Aborted test due to BLOCKED outcome
18:07:49 INFO  
18:07:49 INFO  cleanup:
18:07:49 INFO  Removing apama project
18:08:04 INFO  Executed sudo&lt;stop_apama_service&gt;, exit status 0, duration 15 secs
18:08:05 INFO  Executed sudo&lt;remove_apama_project&gt;, exit status 0
18:08:05 INFO  Executed sudo&lt;remove_apama_tmp_dir&gt;, exit status 0
18:08:05 INFO  
18:08:05 INFO  Test duration: 21.31 secs
18:08:05 INFO  Test final outcome:  BLOCKED
18:08:05 INFO  Test outcome reason: sudo&lt;plugin_install&gt; returned non-zero exit code 2
18:08:05 INFO  
</system-out>
	</testcase>
<testcase classname="ApamaPluginUpdateTest" name="SoftwareManagement.Plugin.apama_plugin_update">
		<failure message="BLOCKED: sudo&lt;plugin_install&gt; returned non-zero exit code 2" type="BLOCKED" />
		<system-out>18:16:21 INFO  ==============================================================
18:16:21 INFO  Id:    SoftwareManagement.Plugin.apama_plugin_update
18:16:21 INFO  Dir:   plugin_apama/
18:16:21 INFO  Title: Validate apama plugin updating one project with another
18:16:21 INFO  ==============================================================
18:16:21 INFO  Assertion that path exists=False for "/etc/tedge/apama/project" ... passed
18:16:22 INFO  Executed sudo&lt;create_project_dir&gt;, exit status 0
18:16:22 INFO  Executed sudo&lt;unzip_apama_project&gt;, exit status 0
18:16:23 INFO  Executed sudo&lt;move_apama_project&gt;, exit status 0
18:16:24 INFO  Executed sudo&lt;restart_apama_service&gt;, exit status 0
18:16:24 INFO  Executed sudo&lt;apama_correlator_wait&gt;, exit status 0
18:16:24 INFO  Assertion that path exists=True for "/etc/tedge/apama/project" ... passed
18:16:25 INFO  Executed sudo&lt;apama_list_monitors&gt;, exit status 0
18:16:25 INFO  Grep on file /home/pi/actions-runner/_work/thin-edge.io/thin-edge.io/tests/PySys/plugin_apama/apama_plugin_update/Output/linux/apama_list_monitors.out ... passed
18:16:26 WARN  Executed sudo&lt;plugin_install&gt;, exit status 2
18:16:26 INFO  Contents of plugin_install.err: 
  ERROR: Directory not empty (os error 39)
  -----

18:16:26 WARN  sudo&lt;plugin_install&gt; returned non-zero exit code 2 ... blocked [run.py:35]
18:16:26 WARN  Aborted test due to BLOCKED outcome
18:16:26 INFO  
18:16:26 INFO  cleanup:
18:16:26 INFO  Removing apama project
18:16:41 INFO  Executed sudo&lt;stop_apama_service&gt;, exit status 0, duration 15 secs
18:16:42 INFO  Executed sudo&lt;remove_apama_project&gt;, exit status 0
18:16:42 INFO  Executed sudo&lt;remove_apama_tmp_dir&gt;, exit status 0
18:16:42 INFO  
18:16:42 INFO  Test duration: 21.28 secs
18:16:42 INFO  Test final outcome:  BLOCKED
18:16:42 INFO  Test outcome reason: sudo&lt;plugin_install&gt; returned non-zero exit code 2
18:16:42 INFO  
</system-out>
	</testcase>
</testsuite><testsuite name="SoftwareManagement.sm_apt_install_download_path" tests="3" errors="0" failures="2" skipped="1" time="0"><testcase classname="AptInstallWithDownloadPath" name="SoftwareManagement.sm_apt_install_download_path">
		<skipped message="SKIPPED: Testing the apt plugin is not supported on this platform.Use parameter -XmyPlatform='container' to enable it" />
		<system-out>17:25:55 INFO  ==============================================================
17:25:55 INFO  Id:    SoftwareManagement.sm_apt_install_download_path
17:25:55 INFO  Dir:   software_management_end_to_end/
17:25:55 INFO  Title: Install package to directory specified in tedge config set tmp.path
17:25:55 INFO  ==============================================================
17:25:55 INFO  Testing the apt plugin is not supported on this platform.Use parameter -XmyPlatform='container' to enable it ... skipped
17:25:55 WARN  Aborted test due to SKIPPED outcome
17:25:55 INFO  
17:25:55 INFO  Test duration: 0.07 secs
17:25:55 INFO  Test final outcome:  SKIPPED
17:25:55 INFO  Test outcome reason: Testing the apt plugin is not supported on this platform.Use parameter -XmyPlatform='container' to enable it
17:25:55 INFO  
</system-out>
	</testcase>
<testcase classname="AptInstallWithDownloadPath" name="SoftwareManagement.sm_apt_install_download_path">
		<failure message="BLOCKED: AssertionError:" type="BLOCKED" />
		<system-out>17:49:47 INFO  ==============================================================
17:49:47 INFO  Id:    SoftwareManagement.sm_apt_install_download_path
17:49:47 INFO  Dir:   software_management_end_to_end/
17:49:47 INFO  Title: Install package to directory specified in tedge config set tmp.path
17:49:47 INFO  ==============================================================
17:49:47 INFO  Using sw id database: {'asciijump': '5475369', 'robotfindskitten': '5474869', 'squirrel3': '5475279', 'rolldice': '5152439', 'moon-buggy': '5439204', 'apple': '5495053', 'banana': '5494888', 'cherry': '5495382', 'watermelon': '5494510', 'registry': '8018911', 'hello-world': '8021526', 'docker/getting-started': '8021973', 'alpine': '7991792'}
17:49:47 INFO  EnvironmentC8y Setup
17:49:48 INFO  Executed systemctl&lt;serv_mapper1&gt;, exit status 3
17:50:02 INFO  Executed sudo&lt;tedge_connect_c8y&gt;, exit status 0, duration 14 secs
17:50:04 INFO  Executed sudo&lt;tedge_connect_c8y_test&gt;, exit status 0
17:50:05 INFO  Executed systemctl&lt;serv_mosq2&gt;, exit status 0
17:50:06 INFO  Executed systemctl&lt;serv_mapper3&gt;, exit status 0
17:50:08 ERROR No operations found, assuming it passed
17:50:08 INFO  Assert that (False == value) with value=False ... passed
17:50:09 INFO  Executed sudo, exit status 0
17:50:09 INFO  Executed sudo, exit status 0
17:50:10 INFO  Executed sudo, exit status 0
17:50:14 INFO  Executed sudo&lt;tedge_disconnect_c8y&gt;, exit status 0
17:50:14 INFO  Restarting mosquitto too frequently in the last 10 seconds. It was only up for 3 seconds
17:50:14 INFO  Delaying execution by 8 seconds
17:50:36 INFO  Executed sudo&lt;tedge_connect_c8y&gt;, exit status 0, duration 14 secs
17:50:36 INFO  Response status: 201
17:50:36 INFO  Response to action: {
    "creationTime": "2022-07-16T17:50:36.613Z",
    "deviceName": "m32sd10d",
    "deviceId": "20956973",
    "self": "https://t493319102.eu-latest.cumulocity.com/devicecontrol/operations/20974142",
    "id": "20974142",
    "status": "PENDING",
    "description": "Apply software changes, triggered from PySys: [{'name': 'rolldice', 'id': '5152439', 'version': '::apt', 'url': 'https://thin-edge-io.eu-latest.cumulocity.com/inventory/binaries/12435463', 'action': 'install'}]",
    "c8y_SoftwareUpdate": [
        {
            "name": "rolldice",
            "action": "install",
            "id": "5152439",
            "version": "::apt",
            "url": "https://thin-edge-io.eu-latest.cumulocity.com/inventory/binaries/12435463"
        }
    ]
}
17:50:36 INFO  Started operation: {'creationTime': '2022-07-16T17:50:36.613Z', 'deviceName': 'm32sd10d', 'deviceId': '20956973', 'self': 'https://t493319102.eu-latest.cumulocity.com/devicecontrol/operations/20974142', 'id': '20974142', 'status': 'PENDING', 'description': "Apply software changes, triggered from PySys: [{'name': 'rolldice', 'id': '5152439', 'version': '::apt', 'url': 'https://thin-edge-io.eu-latest.cumulocity.com/inventory/binaries/12435463', 'action': 'install'}]", 'c8y_SoftwareUpdate': [{'name': 'rolldice', 'action': 'install', 'id': '5152439', 'version': '::apt', 'url': 'https://thin-edge-io.eu-latest.cumulocity.com/inventory/binaries/12435463'}]}
17:50:36 WARN  , retrying in 0.5 seconds...
17:50:37 WARN  , retrying in 0.5 seconds...
17:50:37 WARN  , retrying in 0.5 seconds...
17:50:38 WARN  , retrying in 0.5 seconds...
17:50:38 WARN  , retrying in 0.5 seconds...
17:50:39 WARN  , retrying in 0.5 seconds...
17:50:39 WARN  , retrying in 0.5 seconds...
17:50:40 WARN  , retrying in 0.5 seconds...
17:50:40 WARN  , retrying in 0.5 seconds...
17:50:41 WARN  AssertionError occurred while running test - 
Traceback (most recent call last):
  File "/home/pi/env-pysys/lib/python3.7/site-packages/pysys/baserunner.py", line 1294, in __call__
    self.testObj.execute()
  File "/home/pi/actions-runner/_work/thin-edge.io/thin-edge.io/tests/PySys/software_management_end_to_end/sm_apt_install_download_path/run.py", line 83, in execute
    assert_install_in_download_path(install_directory=self.DOWNLOAD_DIR)
  File "/home/pi/env-pysys/lib/python3.7/site-packages/decorator.py", line 232, in fun
    return caller(func, *(extras + args), **kw)
  File "/home/pi/env-pysys/lib/python3.7/site-packages/retry/api.py", line 74, in retry_decorator
    logger)
  File "/home/pi/env-pysys/lib/python3.7/site-packages/retry/api.py", line 33, in __retry_internal
    return f()
  File "/home/pi/actions-runner/_work/thin-edge.io/thin-edge.io/tests/PySys/software_management_end_to_end/sm_apt_install_download_path/run.py", line 28, in assert_install_in_download_path
    assert "rolldice" in os.listdir(f"{install_directory}")
AssertionError
17:50:41 WARN  AssertionError: ... blocked 
17:50:41 INFO  
17:50:41 INFO  cleanup:
17:50:42 INFO  Executed sudo, exit status 0
17:50:43 INFO  Executed sudo, exit status 0
17:50:47 INFO  Executed sudo&lt;tedge_disconnect_c8y&gt;, exit status 0
17:50:47 INFO  Restarting mosquitto too frequently in the last 10 seconds. It was only up for 4 seconds
17:50:47 INFO  Delaying execution by 7 seconds
17:51:08 INFO  Executed sudo&lt;tedge_connect_c8y&gt;, exit status 0, duration 14 secs
17:51:12 INFO  Executed sudo&lt;tedge_disconnect_c8y&gt;, exit status 0
17:51:13 INFO  Executed systemctl&lt;serv_mapper5&gt;, exit status 3
17:51:13 INFO  
17:51:13 INFO  Test duration: 85.45 secs
17:51:13 INFO  Test final outcome:  BLOCKED
17:51:13 INFO  Test outcome reason: AssertionError:
17:51:13 INFO  
</system-out>
	</testcase>
<testcase classname="AptInstallWithDownloadPath" name="SoftwareManagement.sm_apt_install_download_path">
		<failure message="BLOCKED: AssertionError:" type="BLOCKED" />
		<system-out>18:16:42 INFO  ==============================================================
18:16:42 INFO  Id:    SoftwareManagement.sm_apt_install_download_path
18:16:42 INFO  Dir:   software_management_end_to_end/
18:16:42 INFO  Title: Install package to directory specified in tedge config set tmp.path
18:16:42 INFO  ==============================================================
18:16:44 INFO  Using sw id database: {'asciijump': '5475369', 'robotfindskitten': '5474869', 'squirrel3': '5475279', 'rolldice': '5152439', 'moon-buggy': '5439204', 'apple': '5495053', 'banana': '5494888', 'cherry': '5495382', 'watermelon': '5494510', 'registry': '8018911', 'hello-world': '8021526', 'docker/getting-started': '8021973', 'alpine': '7991792'}
18:16:44 INFO  EnvironmentC8y Setup
18:16:44 INFO  Executed systemctl&lt;serv_mapper1&gt;, exit status 3
18:16:58 INFO  Executed sudo&lt;tedge_connect_c8y&gt;, exit status 0, duration 14 secs
18:16:59 INFO  Executed sudo&lt;tedge_connect_c8y_test&gt;, exit status 0
18:17:00 INFO  Executed systemctl&lt;serv_mosq2&gt;, exit status 0
18:17:00 INFO  Executed systemctl&lt;serv_mapper3&gt;, exit status 0
18:17:02 INFO  State of current operation: SUCCESSFUL
18:17:03 INFO  Assert that (False == value) with value=False ... passed
18:17:03 INFO  Executed sudo, exit status 0
18:17:04 INFO  Executed sudo, exit status 0
18:17:04 INFO  Executed sudo, exit status 0
18:17:08 INFO  Executed sudo&lt;tedge_disconnect_c8y&gt;, exit status 0
18:17:08 INFO  Restarting mosquitto too frequently in the last 10 seconds. It was only up for 3 seconds
18:17:08 INFO  Delaying execution by 8 seconds
18:17:30 INFO  Executed sudo&lt;tedge_connect_c8y&gt;, exit status 0, duration 14 secs
18:17:31 INFO  Response status: 201
18:17:31 INFO  Response to action: {
    "creationTime": "2022-07-16T18:17:31.199Z",
    "deviceName": "m32sd10d",
    "deviceId": "20956973",
    "self": "https://t493319102.eu-latest.cumulocity.com/devicecontrol/operations/20974281",
    "id": "20974281",
    "status": "PENDING",
    "description": "Apply software changes, triggered from PySys: [{'name': 'rolldice', 'id': '5152439', 'version': '::apt', 'url': 'https://thin-edge-io.eu-latest.cumulocity.com/inventory/binaries/12435463', 'action': 'install'}]",
    "c8y_SoftwareUpdate": [
        {
            "name": "rolldice",
            "action": "install",
            "id": "5152439",
            "version": "::apt",
            "url": "https://thin-edge-io.eu-latest.cumulocity.com/inventory/binaries/12435463"
        }
    ]
}
18:17:31 INFO  Started operation: {'creationTime': '2022-07-16T18:17:31.199Z', 'deviceName': 'm32sd10d', 'deviceId': '20956973', 'self': 'https://t493319102.eu-latest.cumulocity.com/devicecontrol/operations/20974281', 'id': '20974281', 'status': 'PENDING', 'description': "Apply software changes, triggered from PySys: [{'name': 'rolldice', 'id': '5152439', 'version': '::apt', 'url': 'https://thin-edge-io.eu-latest.cumulocity.com/inventory/binaries/12435463', 'action': 'install'}]", 'c8y_SoftwareUpdate': [{'name': 'rolldice', 'action': 'install', 'id': '5152439', 'version': '::apt', 'url': 'https://thin-edge-io.eu-latest.cumulocity.com/inventory/binaries/12435463'}]}
18:17:31 WARN  , retrying in 0.5 seconds...
18:17:31 WARN  , retrying in 0.5 seconds...
18:17:32 WARN  , retrying in 0.5 seconds...
18:17:32 WARN  , retrying in 0.5 seconds...
18:17:33 WARN  , retrying in 0.5 seconds...
18:17:33 WARN  , retrying in 0.5 seconds...
18:17:34 WARN  , retrying in 0.5 seconds...
18:17:34 WARN  , retrying in 0.5 seconds...
18:17:35 WARN  , retrying in 0.5 seconds...
18:17:35 WARN  AssertionError occurred while running test - 
Traceback (most recent call last):
  File "/home/pi/env-pysys/lib/python3.7/site-packages/pysys/baserunner.py", line 1294, in __call__
    self.testObj.execute()
  File "/home/pi/actions-runner/_work/thin-edge.io/thin-edge.io/tests/PySys/software_management_end_to_end/sm_apt_install_download_path/run.py", line 83, in execute
    assert_install_in_download_path(install_directory=self.DOWNLOAD_DIR)
  File "/home/pi/env-pysys/lib/python3.7/site-packages/decorator.py", line 232, in fun
    return caller(func, *(extras + args), **kw)
  File "/home/pi/env-pysys/lib/python3.7/site-packages/retry/api.py", line 74, in retry_decorator
    logger)
  File "/home/pi/env-pysys/lib/python3.7/site-packages/retry/api.py", line 33, in __retry_internal
    return f()
  File "/home/pi/actions-runner/_work/thin-edge.io/thin-edge.io/tests/PySys/software_management_end_to_end/sm_apt_install_download_path/run.py", line 28, in assert_install_in_download_path
    assert "rolldice" in os.listdir(f"{install_directory}")
AssertionError
18:17:35 WARN  AssertionError: ... blocked 
18:17:35 INFO  
18:17:35 INFO  cleanup:
18:17:36 INFO  Executed sudo, exit status 0
18:17:37 INFO  Executed sudo, exit status 0
18:17:41 INFO  Executed sudo&lt;tedge_disconnect_c8y&gt;, exit status 0
18:17:41 INFO  Restarting mosquitto too frequently in the last 10 seconds. It was only up for 4 seconds
18:17:41 INFO  Delaying execution by 7 seconds
18:18:02 INFO  Executed sudo&lt;tedge_connect_c8y&gt;, exit status 0, duration 14 secs
18:18:06 INFO  Executed sudo&lt;tedge_disconnect_c8y&gt;, exit status 0
18:18:07 INFO  Executed systemctl&lt;serv_mapper5&gt;, exit status 3
18:18:07 INFO  
18:18:07 INFO  Test duration: 84.47 secs
18:18:07 INFO  Test final outcome:  BLOCKED
18:18:07 INFO  Test outcome reason: AssertionError:
18:18:07 INFO  
</system-out>
	</testcase>
</testsuite><testsuite name="SoftwareManagement.sm_apt_install_fail" tests="3" errors="0" failures="0" skipped="1" time="0"><testcase classname="PySysTest" name="SoftwareManagement.sm_apt_install_fail">
		<skipped message="SKIPPED: Testing the apt plugin is not supported on this platform.Use parameter -XmyPlatform='container' to enable it" />
		<system-out>17:25:55 INFO  ==============================================================
17:25:55 INFO  Id:    SoftwareManagement.sm_apt_install_fail
17:25:55 INFO  Dir:   software_management_end_to_end/
17:25:55 INFO  Title: Validate end to end behaviour for a failing installation
17:25:55 INFO  ==============================================================
17:25:55 INFO  Testing the apt plugin is not supported on this platform.Use parameter -XmyPlatform='container' to enable it ... skipped
17:25:55 WARN  Aborted test due to SKIPPED outcome
17:25:55 INFO  
17:25:55 INFO  Test duration: 0.02 secs
17:25:55 INFO  Test final outcome:  SKIPPED
17:25:55 INFO  Test outcome reason: Testing the apt plugin is not supported on this platform.Use parameter -XmyPlatform='container' to enable it
17:25:55 INFO  
</system-out>
	</testcase>
<testcase classname="PySysTest" name="SoftwareManagement.sm_apt_install_fail" />
<testcase classname="PySysTest" name="SoftwareManagement.sm_apt_install_fail" />
</testsuite><testsuite name="SoftwareManagement.sm_apt_install_remove" tests="3" errors="0" failures="0" skipped="1" time="0"><testcase classname="PySysTest" name="SoftwareManagement.sm_apt_install_remove">
		<skipped message="SKIPPED: Testing the apt plugin is not supported on this platform.Use parameter -XmyPlatform='container' to enable it" />
		<system-out>17:25:55 INFO  ==============================================================
17:25:55 INFO  Id:    SoftwareManagement.sm_apt_install_remove
17:25:55 INFO  Dir:   software_management_end_to_end/
17:25:55 INFO  Title: Validate end to end behaviour for the apt plugin for installation and removal of packages
17:25:55 INFO  ==============================================================
17:25:55 INFO  Testing the apt plugin is not supported on this platform.Use parameter -XmyPlatform='container' to enable it ... skipped
17:25:55 WARN  Aborted test due to SKIPPED outcome
17:25:55 INFO  
17:25:55 INFO  Test duration: 0.02 secs
17:25:55 INFO  Test final outcome:  SKIPPED
17:25:55 INFO  Test outcome reason: Testing the apt plugin is not supported on this platform.Use parameter -XmyPlatform='container' to enable it
17:25:55 INFO  
</system-out>
	</testcase>
<testcase classname="PySysTest" name="SoftwareManagement.sm_apt_install_remove" />
<testcase classname="PySysTest" name="SoftwareManagement.sm_apt_install_remove" />
</testsuite><testsuite name="SoftwareManagement.sm_apt_install_remove_default" tests="3" errors="0" failures="0" skipped="1" time="0"><testcase classname="PySysTest" name="SoftwareManagement.sm_apt_install_remove_default">
		<skipped message="SKIPPED: Testing the apt plugin is not supported on this platform.Use parameter -XmyPlatform='container' to enable it" />
		<system-out>17:25:55 INFO  ==============================================================
17:25:55 INFO  Id:    SoftwareManagement.sm_apt_install_remove_default
17:25:55 INFO  Dir:   software_management_end_to_end/
17:25:55 INFO  Title: Validate end to end behaviour for the default plugin for installation and removal of packages
17:25:55 INFO  ==============================================================
17:25:55 INFO  Testing the apt plugin is not supported on this platform.Use parameter -XmyPlatform='container' to enable it ... skipped
17:25:55 WARN  Aborted test due to SKIPPED outcome
17:25:55 INFO  
17:25:55 INFO  Test duration: 0.02 secs
17:25:55 INFO  Test final outcome:  SKIPPED
17:25:55 INFO  Test outcome reason: Testing the apt plugin is not supported on this platform.Use parameter -XmyPlatform='container' to enable it
17:25:55 INFO  
</system-out>
	</testcase>
<testcase classname="PySysTest" name="SoftwareManagement.sm_apt_install_remove_default" />
<testcase classname="PySysTest" name="SoftwareManagement.sm_apt_install_remove_default" />
</testsuite><testsuite name="SoftwareManagement.sm_apt_install_remove_multiple" tests="3" errors="0" failures="2" skipped="1" time="0"><testcase classname="PySysTest" name="SoftwareManagement.sm_apt_install_remove_multiple">
		<skipped message="SKIPPED: Testing the apt plugin is not supported on this platform.Use parameter -XmyPlatform='container' to enable it" />
		<system-out>17:25:55 INFO  ==============================================================
17:25:55 INFO  Id:    SoftwareManagement.sm_apt_install_remove_multiple
17:25:55 INFO  Dir:   software_management_end_to_end/
17:25:55 INFO  Title: Validate end to end behaviour for the apt plugin for multiple packages
17:25:55 INFO  ==============================================================
17:25:55 INFO  Testing the apt plugin is not supported on this platform.Use parameter -XmyPlatform='container' to enable it ... skipped
17:25:55 WARN  Aborted test due to SKIPPED outcome
17:25:55 INFO  
17:25:55 INFO  Test duration: 0.02 secs
17:25:55 INFO  Test final outcome:  SKIPPED
17:25:55 INFO  Test outcome reason: Testing the apt plugin is not supported on this platform.Use parameter -XmyPlatform='container' to enable it
17:25:55 INFO  
</system-out>
	</testcase>
<testcase classname="PySysTest" name="SoftwareManagement.sm_apt_install_remove_multiple">
		<failure message="FAILED: Assert that (False == value) with value=True" type="FAILED" />
		<system-out>17:57:59 INFO  ==============================================================
17:57:59 INFO  Id:    SoftwareManagement.sm_apt_install_remove_multiple
17:57:59 INFO  Dir:   software_management_end_to_end/
17:57:59 INFO  Title: Validate end to end behaviour for the apt plugin for multiple packages
17:57:59 INFO  ==============================================================
17:57:59 INFO  Using sw id database: {'asciijump': '5475369', 'robotfindskitten': '5474869', 'squirrel3': '5475279', 'rolldice': '5152439', 'moon-buggy': '5439204', 'apple': '5495053', 'banana': '5494888', 'cherry': '5495382', 'watermelon': '5494510', 'registry': '8018911', 'hello-world': '8021526', 'docker/getting-started': '8021973', 'alpine': '7991792'}
17:57:59 INFO  EnvironmentC8y Setup
17:58:00 INFO  Executed systemctl&lt;serv_mapper1&gt;, exit status 3
17:58:00 INFO  Restarting mosquitto too frequently in the last 10 seconds. It was only up for 5 seconds
17:58:00 INFO  Delaying execution by 6 seconds
17:58:20 INFO  Executed sudo&lt;tedge_connect_c8y&gt;, exit status 0, duration 14 secs
17:58:21 INFO  Executed sudo&lt;tedge_connect_c8y_test&gt;, exit status 0
17:58:21 INFO  Executed systemctl&lt;serv_mosq2&gt;, exit status 0
17:58:22 INFO  Executed systemctl&lt;serv_mapper3&gt;, exit status 0
17:58:24 INFO  State of current operation: SUCCESSFUL
17:58:24 INFO  Assert that (False == value) with value=False ... passed
17:58:24 INFO  Assert that (False == value) with value=False ... passed
17:58:25 INFO  Assert that (False == value) with value=False ... passed
17:58:25 INFO  Package robotfindskitten is installed
17:58:25 WARN  Assert that (False == value) with value=True ... failed 
17:58:25 INFO  Response status: 201
17:58:25 INFO  Response to action: {
    "creationTime": "2022-07-16T17:58:25.703Z",
    "deviceName": "m32sd10d",
    "deviceId": "20956973",
    "self": "https://t493319102.eu-latest.cumulocity.com/devicecontrol/operations/20974198",
    "id": "20974198",
    "status": "PENDING",
    "description": "Apply software changes, triggered from PySys: [{'action': 'install', 'id': '5475369', 'name': 'asciijump', 'url': ' ', 'version': '::apt'}, {'action': 'install', 'id': '5474869', 'name': 'robotfindskitten', 'url': ' ', 'version': '::apt'}, {'action': 'install', 'id': '5475279', 'name': 'squirrel3', 'url': ' ', 'version': '::apt'}]",
    "c8y_SoftwareUpdate": [
        {
            "name": "asciijump",
            "action": "install",
            "id": "5475369",
            "version": "::apt",
            "url": " "
        },
        {
            "name": "robotfindskitten",
            "action": "install",
            "id": "5474869",
            "version": "::apt",
            "url": " "
        },
        {
            "name": "squirrel3",
            "action": "install",
            "id": "5475279",
            "version": "::apt",
            "url": " "
        }
    ]
}
17:58:25 INFO  Started operation: {'creationTime': '2022-07-16T17:58:25.703Z', 'deviceName': 'm32sd10d', 'deviceId': '20956973', 'self': 'https://t493319102.eu-latest.cumulocity.com/devicecontrol/operations/20974198', 'id': '20974198', 'status': 'PENDING', 'description': "Apply software changes, triggered from PySys: [{'action': 'install', 'id': '5475369', 'name': 'asciijump', 'url': ' ', 'version': '::apt'}, {'action': 'install', 'id': '5474869', 'name': 'robotfindskitten', 'url': ' ', 'version': '::apt'}, {'action': 'install', 'id': '5475279', 'name': 'squirrel3', 'url': ' ', 'version': '::apt'}]", 'c8y_SoftwareUpdate': [{'name': 'asciijump', 'action': 'install', 'id': '5475369', 'version': '::apt', 'url': ' '}, {'name': 'robotfindskitten', 'action': 'install', 'id': '5474869', 'version': '::apt', 'url': ' '}, {'name': 'squirrel3', 'action': 'install', 'id': '5475279', 'version': '::apt', 'url': ' '}]}
17:58:27 INFO  State of operation 20974198 : PENDING
17:58:30 INFO  State of operation 20974198 : EXECUTING
17:58:32 INFO  State of operation 20974198 : EXECUTING
17:58:34 INFO  State of operation 20974198 : EXECUTING
17:58:36 INFO  State of operation 20974198 : EXECUTING
17:58:39 INFO  State of operation 20974198 : EXECUTING
17:58:41 INFO  State of operation 20974198 : EXECUTING
17:58:44 INFO  State of operation 20974198 : EXECUTING
17:58:46 INFO  State of operation 20974198 : EXECUTING
17:58:49 INFO  State of operation 20974198 : EXECUTING
17:58:51 INFO  State of operation 20974198 : EXECUTING
17:58:53 INFO  State of operation 20974198 : EXECUTING
17:58:56 INFO  State of operation 20974198 : EXECUTING
17:58:58 INFO  State of operation 20974198 : EXECUTING
17:59:00 INFO  State of operation 20974198 : EXECUTING
17:59:02 INFO  State of operation 20974198 : EXECUTING
17:59:05 INFO  State of operation 20974198 : EXECUTING
17:59:07 INFO  State of operation 20974198 : EXECUTING
17:59:10 INFO  State of operation 20974198 : EXECUTING
17:59:12 INFO  State of operation 20974198 : EXECUTING
17:59:14 INFO  State of operation 20974198 : EXECUTING
17:59:17 INFO  State of operation 20974198 : EXECUTING
17:59:19 INFO  State of operation 20974198 : EXECUTING
17:59:22 INFO  State of operation 20974198 : EXECUTING
17:59:24 INFO  State of operation 20974198 : EXECUTING
17:59:26 INFO  State of operation 20974198 : EXECUTING
17:59:28 INFO  State of operation 20974198 : EXECUTING
17:59:30 INFO  State of operation 20974198 : EXECUTING
17:59:33 INFO  State of operation 20974198 : EXECUTING
17:59:35 INFO  State of operation 20974198 : EXECUTING
17:59:38 INFO  State of operation 20974198 : EXECUTING
17:59:40 INFO  State of operation 20974198 : EXECUTING
17:59:42 INFO  State of operation 20974198 : EXECUTING
17:59:45 INFO  State of operation 20974198 : EXECUTING
17:59:47 INFO  State of operation 20974198 : SUCCESSFUL
17:59:47 INFO  Assert that (False == value) with value=False ... passed
17:59:47 INFO  Package asciijump is installed
17:59:47 INFO  Assert that (True == value) with value=True ... passed
17:59:47 INFO  Package squirrel3 is installed
17:59:47 INFO  Assert that (True == value) with value=True ... passed
17:59:48 INFO  Package robotfindskitten is installed
17:59:48 INFO  Assert that (True == value) with value=True ... passed
17:59:48 INFO  Response status: 201
17:59:48 INFO  Response to action: {
    "creationTime": "2022-07-16T17:59:48.392Z",
    "deviceName": "m32sd10d",
    "deviceId": "20956973",
    "self": "https://t493319102.eu-latest.cumulocity.com/devicecontrol/operations/20974209",
    "id": "20974209",
    "status": "PENDING",
    "description": "Apply software changes, triggered from PySys: [{'action': 'delete', 'id': '5475369', 'name': 'asciijump', 'url': ' ', 'version': '::apt'}, {'action': 'delete', 'id': '5474869', 'name': 'robotfindskitten', 'url': ' ', 'version': '::apt'}, {'action': 'delete', 'id': '5475279', 'name': 'squirrel3', 'url': ' ', 'version': '::apt'}]",
    "c8y_SoftwareUpdate": [
        {
            "name": "asciijump",
            "action": "delete",
            "id": "5475369",
            "version": "::apt",
            "url": " "
        },
        {
            "name": "robotfindskitten",
            "action": "delete",
            "id": "5474869",
            "version": "::apt",
            "url": " "
        },
        {
            "name": "squirrel3",
            "action": "delete",
            "id": "5475279",
            "version": "::apt",
            "url": " "
        }
    ]
}
17:59:48 INFO  Started operation: {'creationTime': '2022-07-16T17:59:48.392Z', 'deviceName': 'm32sd10d', 'deviceId': '20956973', 'self': 'https://t493319102.eu-latest.cumulocity.com/devicecontrol/operations/20974209', 'id': '20974209', 'status': 'PENDING', 'description': "Apply software changes, triggered from PySys: [{'action': 'delete', 'id': '5475369', 'name': 'asciijump', 'url': ' ', 'version': '::apt'}, {'action': 'delete', 'id': '5474869', 'name': 'robotfindskitten', 'url': ' ', 'version': '::apt'}, {'action': 'delete', 'id': '5475279', 'name': 'squirrel3', 'url': ' ', 'version': '::apt'}]", 'c8y_SoftwareUpdate': [{'name': 'asciijump', 'action': 'delete', 'id': '5475369', 'version': '::apt', 'url': ' '}, {'name': 'robotfindskitten', 'action': 'delete', 'id': '5474869', 'version': '::apt', 'url': ' '}, {'name': 'squirrel3', 'action': 'delete', 'id': '5475279', 'version': '::apt', 'url': ' '}]}
17:59:50 INFO  State of operation 20974209 : PENDING
17:59:52 INFO  State of operation 20974209 : EXECUTING
17:59:55 INFO  State of operation 20974209 : EXECUTING
17:59:57 INFO  State of operation 20974209 : EXECUTING
17:59:59 INFO  State of operation 20974209 : EXECUTING
18:00:01 INFO  State of operation 20974209 : EXECUTING
18:00:05 INFO  State of operation 20974209 : EXECUTING
18:00:08 INFO  State of operation 20974209 : EXECUTING
18:00:10 INFO  State of operation 20974209 : EXECUTING
18:00:12 INFO  State of operation 20974209 : EXECUTING
18:00:14 INFO  State of operation 20974209 : EXECUTING
18:00:17 INFO  State of operation 20974209 : EXECUTING
18:00:20 INFO  State of operation 20974209 : EXECUTING
18:00:22 INFO  State of operation 20974209 : EXECUTING
18:00:24 INFO  State of operation 20974209 : EXECUTING
18:00:27 INFO  State of operation 20974209 : EXECUTING
18:00:29 INFO  State of operation 20974209 : EXECUTING
18:00:32 INFO  State of operation 20974209 : EXECUTING
18:00:34 INFO  State of operation 20974209 : EXECUTING
18:00:36 INFO  State of operation 20974209 : EXECUTING
18:00:38 INFO  State of operation 20974209 : EXECUTING
18:00:41 INFO  State of operation 20974209 : EXECUTING
18:00:43 INFO  State of operation 20974209 : EXECUTING
18:00:46 INFO  State of operation 20974209 : EXECUTING
18:00:48 INFO  State of operation 20974209 : EXECUTING
18:00:50 INFO  State of operation 20974209 : EXECUTING
18:00:53 INFO  State of operation 20974209 : SUCCESSFUL
18:00:53 INFO  Assert that (False == value) with value=False ... passed
18:00:53 INFO  Assert that (False == value) with value=False ... passed
18:00:53 INFO  Assert that (False == value) with value=False ... passed
18:00:53 INFO  Assert that (False == value) with value=False ... passed
18:00:53 INFO  
18:00:53 INFO  cleanup:
18:00:57 INFO  Executed sudo&lt;tedge_disconnect_c8y&gt;, exit status 0
18:00:58 INFO  Executed systemctl&lt;serv_mapper5&gt;, exit status 3
18:00:58 INFO  
18:00:58 INFO  Test duration: 178.61 secs
18:00:58 INFO  Test final outcome:  FAILED
18:00:58 INFO  Test outcome reason: Assert that (False == value) with value=True
18:00:58 INFO  
</system-out>
	</testcase>
<testcase classname="PySysTest" name="SoftwareManagement.sm_apt_install_remove_multiple">
		<failure message="FAILED: Assert that (False == value) with value=True (+2 other failures)" type="FAILED" />
		<system-out>18:24:40 INFO  ==============================================================
18:24:40 INFO  Id:    SoftwareManagement.sm_apt_install_remove_multiple
18:24:40 INFO  Dir:   software_management_end_to_end/
18:24:40 INFO  Title: Validate end to end behaviour for the apt plugin for multiple packages
18:24:40 INFO  ==============================================================
18:24:40 INFO  Using sw id database: {'asciijump': '5475369', 'robotfindskitten': '5474869', 'squirrel3': '5475279', 'rolldice': '5152439', 'moon-buggy': '5439204', 'apple': '5495053', 'banana': '5494888', 'cherry': '5495382', 'watermelon': '5494510', 'registry': '8018911', 'hello-world': '8021526', 'docker/getting-started': '8021973', 'alpine': '7991792'}
18:24:40 INFO  EnvironmentC8y Setup
18:24:41 INFO  Executed systemctl&lt;serv_mapper1&gt;, exit status 3
18:24:41 INFO  Restarting mosquitto too frequently in the last 10 seconds. It was only up for 5 seconds
18:24:41 INFO  Delaying execution by 6 seconds
18:25:01 INFO  Executed sudo&lt;tedge_connect_c8y&gt;, exit status 0, duration 13 secs
18:25:01 INFO  Executed sudo&lt;tedge_connect_c8y_test&gt;, exit status 0
18:25:02 INFO  Executed systemctl&lt;serv_mosq2&gt;, exit status 0
18:25:03 INFO  Executed systemctl&lt;serv_mapper3&gt;, exit status 0
18:25:05 INFO  State of current operation: SUCCESSFUL
18:25:05 INFO  Assert that (False == value) with value=False ... passed
18:25:05 INFO  Package asciijump is installed
18:25:06 WARN  Assert that (False == value) with value=True ... failed 
18:25:06 INFO  Package squirrel3 is installed
18:25:06 WARN  Assert that (False == value) with value=True ... failed 
18:25:06 INFO  Package robotfindskitten is installed
18:25:06 WARN  Assert that (False == value) with value=True ... failed 
18:25:06 INFO  Response status: 201
18:25:06 INFO  Response to action: {
    "creationTime": "2022-07-16T18:25:06.753Z",
    "deviceName": "m32sd10d",
    "deviceId": "20956973",
    "self": "https://t493319102.eu-latest.cumulocity.com/devicecontrol/operations/20974345",
    "id": "20974345",
    "status": "PENDING",
    "description": "Apply software changes, triggered from PySys: [{'action': 'install', 'id': '5475369', 'name': 'asciijump', 'url': ' ', 'version': '::apt'}, {'action': 'install', 'id': '5474869', 'name': 'robotfindskitten', 'url': ' ', 'version': '::apt'}, {'action': 'install', 'id': '5475279', 'name': 'squirrel3', 'url': ' ', 'version': '::apt'}]",
    "c8y_SoftwareUpdate": [
        {
            "name": "asciijump",
            "action": "install",
            "id": "5475369",
            "version": "::apt",
            "url": " "
        },
        {
            "name": "robotfindskitten",
            "action": "install",
            "id": "5474869",
            "version": "::apt",
            "url": " "
        },
        {
            "name": "squirrel3",
            "action": "install",
            "id": "5475279",
            "version": "::apt",
            "url": " "
        }
    ]
}
18:25:06 INFO  Started operation: {'creationTime': '2022-07-16T18:25:06.753Z', 'deviceName': 'm32sd10d', 'deviceId': '20956973', 'self': 'https://t493319102.eu-latest.cumulocity.com/devicecontrol/operations/20974345', 'id': '20974345', 'status': 'PENDING', 'description': "Apply software changes, triggered from PySys: [{'action': 'install', 'id': '5475369', 'name': 'asciijump', 'url': ' ', 'version': '::apt'}, {'action': 'install', 'id': '5474869', 'name': 'robotfindskitten', 'url': ' ', 'version': '::apt'}, {'action': 'install', 'id': '5475279', 'name': 'squirrel3', 'url': ' ', 'version': '::apt'}]", 'c8y_SoftwareUpdate': [{'name': 'asciijump', 'action': 'install', 'id': '5475369', 'version': '::apt', 'url': ' '}, {'name': 'robotfindskitten', 'action': 'install', 'id': '5474869', 'version': '::apt', 'url': ' '}, {'name': 'squirrel3', 'action': 'install', 'id': '5475279', 'version': '::apt', 'url': ' '}]}
18:25:09 INFO  State of operation 20974345 : PENDING
18:25:11 INFO  State of operation 20974345 : EXECUTING
18:25:13 INFO  State of operation 20974345 : EXECUTING
18:25:15 INFO  State of operation 20974345 : EXECUTING
18:25:17 INFO  State of operation 20974345 : EXECUTING
18:25:20 INFO  State of operation 20974345 : EXECUTING
18:25:22 INFO  State of operation 20974345 : EXECUTING
18:25:25 INFO  State of operation 20974345 : EXECUTING
18:25:28 INFO  State of operation 20974345 : EXECUTING
18:25:30 INFO  State of operation 20974345 : EXECUTING
18:25:32 INFO  State of operation 20974345 : EXECUTING
18:25:35 INFO  State of operation 20974345 : EXECUTING
18:25:37 INFO  State of operation 20974345 : EXECUTING
18:25:39 INFO  State of operation 20974345 : EXECUTING
18:25:42 INFO  State of operation 20974345 : EXECUTING
18:25:44 INFO  State of operation 20974345 : SUCCESSFUL
18:25:44 INFO  Assert that (False == value) with value=False ... passed
18:25:44 INFO  Package asciijump is installed
18:25:44 INFO  Assert that (True == value) with value=True ... passed
18:25:45 INFO  Package squirrel3 is installed
18:25:45 INFO  Assert that (True == value) with value=True ... passed
18:25:45 INFO  Package robotfindskitten is installed
18:25:45 INFO  Assert that (True == value) with value=True ... passed
18:25:45 INFO  Response status: 201
18:25:45 INFO  Response to action: {
    "creationTime": "2022-07-16T18:25:45.579Z",
    "deviceName": "m32sd10d",
    "deviceId": "20956973",
    "self": "https://t493319102.eu-latest.cumulocity.com/devicecontrol/operations/20974359",
    "id": "20974359",
    "status": "PENDING",
    "description": "Apply software changes, triggered from PySys: [{'action': 'delete', 'id': '5475369', 'name': 'asciijump', 'url': ' ', 'version': '::apt'}, {'action': 'delete', 'id': '5474869', 'name': 'robotfindskitten', 'url': ' ', 'version': '::apt'}, {'action': 'delete', 'id': '5475279', 'name': 'squirrel3', 'url': ' ', 'version': '::apt'}]",
    "c8y_SoftwareUpdate": [
        {
            "name": "asciijump",
            "action": "delete",
            "id": "5475369",
            "version": "::apt",
            "url": " "
        },
        {
            "name": "robotfindskitten",
            "action": "delete",
            "id": "5474869",
            "version": "::apt",
            "url": " "
        },
        {
            "name": "squirrel3",
            "action": "delete",
            "id": "5475279",
            "version": "::apt",
            "url": " "
        }
    ]
}
18:25:45 INFO  Started operation: {'creationTime': '2022-07-16T18:25:45.579Z', 'deviceName': 'm32sd10d', 'deviceId': '20956973', 'self': 'https://t493319102.eu-latest.cumulocity.com/devicecontrol/operations/20974359', 'id': '20974359', 'status': 'PENDING', 'description': "Apply software changes, triggered from PySys: [{'action': 'delete', 'id': '5475369', 'name': 'asciijump', 'url': ' ', 'version': '::apt'}, {'action': 'delete', 'id': '5474869', 'name': 'robotfindskitten', 'url': ' ', 'version': '::apt'}, {'action': 'delete', 'id': '5475279', 'name': 'squirrel3', 'url': ' ', 'version': '::apt'}]", 'c8y_SoftwareUpdate': [{'name': 'asciijump', 'action': 'delete', 'id': '5475369', 'version': '::apt', 'url': ' '}, {'name': 'robotfindskitten', 'action': 'delete', 'id': '5474869', 'version': '::apt', 'url': ' '}, {'name': 'squirrel3', 'action': 'delete', 'id': '5475279', 'version': '::apt', 'url': ' '}]}
18:25:47 INFO  State of operation 20974359 : PENDING
18:25:50 INFO  State of operation 20974359 : EXECUTING
18:25:52 INFO  State of operation 20974359 : EXECUTING
18:25:54 INFO  State of operation 20974359 : EXECUTING
18:25:56 INFO  State of operation 20974359 : EXECUTING
18:25:58 INFO  State of operation 20974359 : EXECUTING
18:26:01 INFO  State of operation 20974359 : EXECUTING
18:26:04 INFO  State of operation 20974359 : EXECUTING
18:26:06 INFO  State of operation 20974359 : EXECUTING
18:26:09 INFO  State of operation 20974359 : EXECUTING
18:26:11 INFO  State of operation 20974359 : EXECUTING
18:26:13 INFO  State of operation 20974359 : EXECUTING
18:26:15 INFO  State of operation 20974359 : EXECUTING
18:26:18 INFO  State of operation 20974359 : EXECUTING
18:26:20 INFO  State of operation 20974359 : EXECUTING
18:26:22 INFO  State of operation 20974359 : EXECUTING
18:26:25 INFO  State of operation 20974359 : EXECUTING
18:26:27 INFO  State of operation 20974359 : EXECUTING
18:26:30 INFO  State of operation 20974359 : EXECUTING
18:26:32 INFO  State of operation 20974359 : EXECUTING
18:26:34 INFO  State of operation 20974359 : EXECUTING
18:26:37 INFO  State of operation 20974359 : EXECUTING
18:26:39 INFO  State of operation 20974359 : EXECUTING
18:26:41 INFO  State of operation 20974359 : EXECUTING
18:26:44 INFO  State of operation 20974359 : EXECUTING
18:26:46 INFO  State of operation 20974359 : EXECUTING
18:26:49 INFO  State of operation 20974359 : EXECUTING
18:26:51 INFO  State of operation 20974359 : EXECUTING
18:26:53 INFO  State of operation 20974359 : SUCCESSFUL
18:26:54 INFO  Assert that (False == value) with value=False ... passed
18:26:54 INFO  Assert that (False == value) with value=False ... passed
18:26:54 INFO  Assert that (False == value) with value=False ... passed
18:26:54 INFO  Assert that (False == value) with value=False ... passed
18:26:54 INFO  
18:26:54 INFO  cleanup:
18:26:58 INFO  Executed sudo&lt;tedge_disconnect_c8y&gt;, exit status 0
18:26:59 INFO  Executed systemctl&lt;serv_mapper5&gt;, exit status 3
18:26:59 INFO  
18:26:59 INFO  Test duration: 138.95 secs
18:26:59 INFO  Test final outcome:  FAILED
18:26:59 INFO  Test outcome reason: Assert that (False == value) with value=True (+2 other failures)
18:26:59 INFO  
</system-out>
	</testcase>
</testsuite><testsuite name="SoftwareManagement.sm_apt_install_remove_multiple_mixed" tests="3" errors="0" failures="2" skipped="1" time="0"><testcase classname="PySysTest" name="SoftwareManagement.sm_apt_install_remove_multiple_mixed">
		<skipped message="SKIPPED: Testing the apt plugin is not supported on this platform.Use parameter -XmyPlatform='container' to enable it" />
		<system-out>17:25:56 INFO  ==============================================================
17:25:56 INFO  Id:    SoftwareManagement.sm_apt_install_remove_multiple_mixed
17:25:56 INFO  Dir:   software_management_end_to_end/
17:25:56 INFO  Title: Validate end to end behaviour for the apt plugin for multiple packages with mixed versions
17:25:56 INFO  ==============================================================
17:25:56 INFO  Testing the apt plugin is not supported on this platform.Use parameter -XmyPlatform='container' to enable it ... skipped
17:25:56 WARN  Aborted test due to SKIPPED outcome
17:25:56 INFO  
17:25:56 INFO  Test duration: 0.02 secs
17:25:56 INFO  Test final outcome:  SKIPPED
17:25:56 INFO  Test outcome reason: Testing the apt plugin is not supported on this platform.Use parameter -XmyPlatform='container' to enable it
17:25:56 INFO  
</system-out>
	</testcase>
<testcase classname="PySysTest" name="SoftwareManagement.sm_apt_install_remove_multiple_mixed">
		<failure message="BLOCKED: SystemError: Timeout while waiting for status SUCCESSFUL or False" type="BLOCKED" />
		<system-out>18:00:58 INFO  ==============================================================
18:00:58 INFO  Id:    SoftwareManagement.sm_apt_install_remove_multiple_mixed
18:00:58 INFO  Dir:   software_management_end_to_end/
18:00:58 INFO  Title: Validate end to end behaviour for the apt plugin for multiple packages with mixed versions
18:00:58 INFO  ==============================================================
18:00:58 INFO  Using sw id database: {'asciijump': '5475369', 'robotfindskitten': '5474869', 'squirrel3': '5475279', 'rolldice': '5152439', 'moon-buggy': '5439204', 'apple': '5495053', 'banana': '5494888', 'cherry': '5495382', 'watermelon': '5494510', 'registry': '8018911', 'hello-world': '8021526', 'docker/getting-started': '8021973', 'alpine': '7991792'}
18:00:58 INFO  EnvironmentC8y Setup
18:00:59 INFO  Executed systemctl&lt;serv_mapper1&gt;, exit status 3
18:00:59 INFO  Restarting mosquitto too frequently in the last 10 seconds. It was only up for 5 seconds
18:00:59 INFO  Delaying execution by 6 seconds
18:01:19 INFO  Executed sudo&lt;tedge_connect_c8y&gt;, exit status 0, duration 13 secs
18:01:19 INFO  Executed sudo&lt;tedge_connect_c8y_test&gt;, exit status 0
18:01:20 INFO  Executed systemctl&lt;serv_mosq2&gt;, exit status 0
18:01:20 INFO  Executed systemctl&lt;serv_mapper3&gt;, exit status 0
18:01:22 INFO  State of current operation: SUCCESSFUL
18:01:23 INFO  Assert that (False == value) with value=False ... passed
18:01:23 INFO  Assert that (False == value) with value=False ... passed
18:01:23 INFO  Assert that (False == value) with value=False ... passed
18:01:23 INFO  Assert that (False == value) with value=False ... passed
18:01:24 INFO  Assert that (False == value) with value=False ... passed
18:01:25 INFO  Response status: 201
18:01:25 INFO  Response to action: {
    "creationTime": "2022-07-16T18:01:25.205Z",
    "deviceName": "m32sd10d",
    "deviceId": "20956973",
    "self": "https://t493319102.eu-latest.cumulocity.com/devicecontrol/operations/20974222",
    "id": "20974222",
    "status": "PENDING",
    "description": "Apply software changes, triggered from PySys: [{'action': 'install', 'id': '5475369', 'name': 'asciijump', 'url': ' ', 'version': '::apt'}, {'action': 'install', 'id': '5474869', 'name': 'robotfindskitten', 'url': ' ', 'version': ' '}, {'action': 'install', 'id': '5475279', 'name': 'squirrel3', 'url': ' ', 'version': '3.1-7::apt'}, {'action': 'install', 'id': '5152439', 'name': 'rolldice', 'url': ' ', 'version': '1.16-1+b1'}, {'action': 'install', 'id': '5439204', 'name': 'moon-buggy', 'url': ' ', 'version': '1:1.0.51-12'}, {'action': 'install', 'id': '5475369', 'name': 'asciijump', 'url': ' ', 'version': '::apt'}]",
    "c8y_SoftwareUpdate": [
        {
            "name": "asciijump",
            "action": "install",
            "id": "5475369",
            "version": "::apt",
            "url": " "
        },
        {
            "name": "robotfindskitten",
            "action": "install",
            "id": "5474869",
            "version": " ",
            "url": " "
        },
        {
            "name": "squirrel3",
            "action": "install",
            "id": "5475279",
            "version": "3.1-7::apt",
            "url": " "
        },
        {
            "name": "rolldice",
            "action": "install",
            "id": "5152439",
            "version": "1.16-1+b1",
            "url": " "
        },
        {
            "name": "moon-buggy",
            "action": "install",
            "id": "5439204",
            "version": "1:1.0.51-12",
            "url": " "
        },
        {
            "name": "asciijump",
            "action": "install",
            "id": "5475369",
            "version": "::apt",
            "url": " "
        }
    ]
}
18:01:25 INFO  Started operation: {'creationTime': '2022-07-16T18:01:25.205Z', 'deviceName': 'm32sd10d', 'deviceId': '20956973', 'self': 'https://t493319102.eu-latest.cumulocity.com/devicecontrol/operations/20974222', 'id': '20974222', 'status': 'PENDING', 'description': "Apply software changes, triggered from PySys: [{'action': 'install', 'id': '5475369', 'name': 'asciijump', 'url': ' ', 'version': '::apt'}, {'action': 'install', 'id': '5474869', 'name': 'robotfindskitten', 'url': ' ', 'version': ' '}, {'action': 'install', 'id': '5475279', 'name': 'squirrel3', 'url': ' ', 'version': '3.1-7::apt'}, {'action': 'install', 'id': '5152439', 'name': 'rolldice', 'url': ' ', 'version': '1.16-1+b1'}, {'action': 'install', 'id': '5439204', 'name': 'moon-buggy', 'url': ' ', 'version': '1:1.0.51-12'}, {'action': 'install', 'id': '5475369', 'name': 'asciijump', 'url': ' ', 'version': '::apt'}]", 'c8y_SoftwareUpdate': [{'name': 'asciijump', 'action': 'install', 'id': '5475369', 'version': '::apt', 'url': ' '}, {'name': 'robotfindskitten', 'action': 'install', 'id': '5474869', 'version': ' ', 'url': ' '}, {'name': 'squirrel3', 'action': 'install', 'id': '5475279', 'version': '3.1-7::apt', 'url': ' '}, {'name': 'rolldice', 'action': 'install', 'id': '5152439', 'version': '1.16-1+b1', 'url': ' '}, {'name': 'moon-buggy', 'action': 'install', 'id': '5439204', 'version': '1:1.0.51-12', 'url': ' '}, {'name': 'asciijump', 'action': 'install', 'id': '5475369', 'version': '::apt', 'url': ' '}]}
18:01:27 INFO  State of operation 20974222 : PENDING
18:01:29 INFO  State of operation 20974222 : EXECUTING
18:01:31 INFO  State of operation 20974222 : EXECUTING
18:01:34 INFO  State of operation 20974222 : EXECUTING
18:01:36 INFO  State of operation 20974222 : EXECUTING
18:01:38 INFO  State of operation 20974222 : EXECUTING
18:01:41 INFO  State of operation 20974222 : EXECUTING
18:01:44 INFO  State of operation 20974222 : EXECUTING
18:01:47 INFO  State of operation 20974222 : EXECUTING
18:01:49 INFO  State of operation 20974222 : EXECUTING
18:01:51 INFO  State of operation 20974222 : EXECUTING
18:01:53 INFO  State of operation 20974222 : EXECUTING
18:01:55 INFO  State of operation 20974222 : EXECUTING
18:01:58 INFO  State of operation 20974222 : EXECUTING
18:02:00 INFO  State of operation 20974222 : EXECUTING
18:02:02 INFO  State of operation 20974222 : EXECUTING
18:02:05 INFO  State of operation 20974222 : EXECUTING
18:02:07 INFO  State of operation 20974222 : EXECUTING
18:02:10 INFO  State of operation 20974222 : EXECUTING
18:02:12 INFO  State of operation 20974222 : EXECUTING
18:02:14 INFO  State of operation 20974222 : EXECUTING
18:02:17 INFO  State of operation 20974222 : EXECUTING
18:02:19 INFO  State of operation 20974222 : EXECUTING
18:02:22 INFO  State of operation 20974222 : EXECUTING
18:02:24 INFO  State of operation 20974222 : EXECUTING
18:02:26 INFO  State of operation 20974222 : EXECUTING
18:02:29 INFO  State of operation 20974222 : EXECUTING
18:02:31 INFO  State of operation 20974222 : EXECUTING
18:02:33 INFO  State of operation 20974222 : EXECUTING
18:02:36 INFO  State of operation 20974222 : EXECUTING
18:02:38 INFO  State of operation 20974222 : EXECUTING
18:02:40 INFO  State of operation 20974222 : EXECUTING
18:02:42 INFO  State of operation 20974222 : EXECUTING
18:02:45 INFO  State of operation 20974222 : EXECUTING
18:02:47 INFO  State of operation 20974222 : EXECUTING
18:02:49 INFO  State of operation 20974222 : EXECUTING
18:02:51 INFO  State of operation 20974222 : EXECUTING
18:02:54 INFO  State of operation 20974222 : EXECUTING
18:02:57 INFO  State of operation 20974222 : EXECUTING
18:02:59 INFO  State of operation 20974222 : EXECUTING
18:03:01 INFO  State of operation 20974222 : EXECUTING
18:03:04 INFO  State of operation 20974222 : EXECUTING
18:03:06 INFO  State of operation 20974222 : EXECUTING
18:03:08 INFO  State of operation 20974222 : EXECUTING
18:03:10 INFO  State of operation 20974222 : EXECUTING
18:03:13 INFO  State of operation 20974222 : EXECUTING
18:03:15 INFO  State of operation 20974222 : EXECUTING
18:03:17 INFO  State of operation 20974222 : EXECUTING
18:03:19 INFO  State of operation 20974222 : EXECUTING
18:03:22 INFO  State of operation 20974222 : EXECUTING
18:03:24 INFO  State of operation 20974222 : EXECUTING
18:03:27 INFO  State of operation 20974222 : EXECUTING
18:03:29 INFO  State of operation 20974222 : EXECUTING
18:03:31 INFO  State of operation 20974222 : EXECUTING
18:03:33 INFO  State of operation 20974222 : EXECUTING
18:03:36 INFO  State of operation 20974222 : EXECUTING
18:03:38 INFO  State of operation 20974222 : EXECUTING
18:03:41 INFO  State of operation 20974222 : EXECUTING
18:03:43 INFO  State of operation 20974222 : EXECUTING
18:03:46 INFO  State of operation 20974222 : EXECUTING
18:03:48 INFO  State of operation 20974222 : EXECUTING
18:03:50 WARN  SystemError occurred while running test - Timeout while waiting for status SUCCESSFUL or False
Traceback (most recent call last):
  File "/home/pi/env-pysys/lib/python3.7/site-packages/pysys/baserunner.py", line 1294, in __call__
    self.testObj.execute()
  File "/home/pi/actions-runner/_work/thin-edge.io/thin-edge.io/tests/PySys/software_management_end_to_end/sm_apt_install_remove_multiple_mixed/run.py", line 89, in execute
    self.wait_until_succcess()
  File "/home/pi/actions-runner/_work/thin-edge.io/thin-edge.io/tests/PySys/software_management_end_to_end/environment_sm_management.py", line 324, in wait_until_succcess
    self.wait_until_status("SUCCESSFUL")
  File "/home/pi/actions-runner/_work/thin-edge.io/thin-edge.io/tests/PySys/software_management_end_to_end/environment_sm_management.py", line 381, in wait_until_status
    "Timeout while waiting for status %s or %s" % (status, status2)
SystemError: Timeout while waiting for status SUCCESSFUL or False
18:03:51 WARN  SystemError: Timeout while waiting for status SUCCESSFUL or False ... blocked 
18:03:51 INFO  
18:03:51 INFO  cleanup:
18:03:55 INFO  Executed sudo&lt;tedge_disconnect_c8y&gt;, exit status 0
18:03:56 INFO  Executed systemctl&lt;serv_mapper5&gt;, exit status 3
18:03:56 INFO  
18:03:56 INFO  Test duration: 177.89 secs
18:03:56 INFO  Test final outcome:  BLOCKED
18:03:56 INFO  Test outcome reason: SystemError: Timeout while waiting for status SUCCESSFUL or False
18:03:56 INFO  
</system-out>
	</testcase>
<testcase classname="PySysTest" name="SoftwareManagement.sm_apt_install_remove_multiple_mixed">
		<failure message="FAILED: Assert that (False == value) with value=True" type="FAILED" />
		<system-out>18:26:59 INFO  ==============================================================
18:26:59 INFO  Id:    SoftwareManagement.sm_apt_install_remove_multiple_mixed
18:26:59 INFO  Dir:   software_management_end_to_end/
18:26:59 INFO  Title: Validate end to end behaviour for the apt plugin for multiple packages with mixed versions
18:26:59 INFO  ==============================================================
18:26:59 INFO  Using sw id database: {'asciijump': '5475369', 'robotfindskitten': '5474869', 'squirrel3': '5475279', 'rolldice': '5152439', 'moon-buggy': '5439204', 'apple': '5495053', 'banana': '5494888', 'cherry': '5495382', 'watermelon': '5494510', 'registry': '8018911', 'hello-world': '8021526', 'docker/getting-started': '8021973', 'alpine': '7991792'}
18:26:59 INFO  EnvironmentC8y Setup
18:27:00 INFO  Executed systemctl&lt;serv_mapper1&gt;, exit status 3
18:27:00 INFO  Restarting mosquitto too frequently in the last 10 seconds. It was only up for 5 seconds
18:27:00 INFO  Delaying execution by 6 seconds
18:27:20 INFO  Executed sudo&lt;tedge_connect_c8y&gt;, exit status 0, duration 13 secs
18:27:20 INFO  Executed sudo&lt;tedge_connect_c8y_test&gt;, exit status 0
18:27:21 INFO  Executed systemctl&lt;serv_mosq2&gt;, exit status 0
18:27:21 INFO  Executed systemctl&lt;serv_mapper3&gt;, exit status 0
18:27:24 INFO  State of current operation: SUCCESSFUL
18:27:24 INFO  Assert that (False == value) with value=False ... passed
18:27:24 INFO  Assert that (False == value) with value=False ... passed
18:27:24 INFO  Assert that (False == value) with value=False ... passed
18:27:24 INFO  Assert that (False == value) with value=False ... passed
18:27:25 INFO  Package moon-buggy is installed
18:27:25 WARN  Assert that (False == value) with value=True ... failed 
18:27:26 INFO  Response status: 201
18:27:26 INFO  Response to action: {
    "creationTime": "2022-07-16T18:27:26.428Z",
    "deviceName": "m32sd10d",
    "deviceId": "20956973",
    "self": "https://t493319102.eu-latest.cumulocity.com/devicecontrol/operations/20974377",
    "id": "20974377",
    "status": "PENDING",
    "description": "Apply software changes, triggered from PySys: [{'action': 'install', 'id': '5475369', 'name': 'asciijump', 'url': ' ', 'version': '::apt'}, {'action': 'install', 'id': '5474869', 'name': 'robotfindskitten', 'url': ' ', 'version': ' '}, {'action': 'install', 'id': '5475279', 'name': 'squirrel3', 'url': ' ', 'version': '3.1-7::apt'}, {'action': 'install', 'id': '5152439', 'name': 'rolldice', 'url': ' ', 'version': '1.16-1+b1'}, {'action': 'install', 'id': '5439204', 'name': 'moon-buggy', 'url': ' ', 'version': '1:1.0.51-12'}, {'action': 'install', 'id': '5475369', 'name': 'asciijump', 'url': ' ', 'version': '::apt'}]",
    "c8y_SoftwareUpdate": [
        {
            "name": "asciijump",
            "action": "install",
            "id": "5475369",
            "version": "::apt",
            "url": " "
        },
        {
            "name": "robotfindskitten",
            "action": "install",
            "id": "5474869",
            "version": " ",
            "url": " "
        },
        {
            "name": "squirrel3",
            "action": "install",
            "id": "5475279",
            "version": "3.1-7::apt",
            "url": " "
        },
        {
            "name": "rolldice",
            "action": "install",
            "id": "5152439",
            "version": "1.16-1+b1",
            "url": " "
        },
        {
            "name": "moon-buggy",
            "action": "install",
            "id": "5439204",
            "version": "1:1.0.51-12",
            "url": " "
        },
        {
            "name": "asciijump",
            "action": "install",
            "id": "5475369",
            "version": "::apt",
            "url": " "
        }
    ]
}
18:27:26 INFO  Started operation: {'creationTime': '2022-07-16T18:27:26.428Z', 'deviceName': 'm32sd10d', 'deviceId': '20956973', 'self': 'https://t493319102.eu-latest.cumulocity.com/devicecontrol/operations/20974377', 'id': '20974377', 'status': 'PENDING', 'description': "Apply software changes, triggered from PySys: [{'action': 'install', 'id': '5475369', 'name': 'asciijump', 'url': ' ', 'version': '::apt'}, {'action': 'install', 'id': '5474869', 'name': 'robotfindskitten', 'url': ' ', 'version': ' '}, {'action': 'install', 'id': '5475279', 'name': 'squirrel3', 'url': ' ', 'version': '3.1-7::apt'}, {'action': 'install', 'id': '5152439', 'name': 'rolldice', 'url': ' ', 'version': '1.16-1+b1'}, {'action': 'install', 'id': '5439204', 'name': 'moon-buggy', 'url': ' ', 'version': '1:1.0.51-12'}, {'action': 'install', 'id': '5475369', 'name': 'asciijump', 'url': ' ', 'version': '::apt'}]", 'c8y_SoftwareUpdate': [{'name': 'asciijump', 'action': 'install', 'id': '5475369', 'version': '::apt', 'url': ' '}, {'name': 'robotfindskitten', 'action': 'install', 'id': '5474869', 'version': ' ', 'url': ' '}, {'name': 'squirrel3', 'action': 'install', 'id': '5475279', 'version': '3.1-7::apt', 'url': ' '}, {'name': 'rolldice', 'action': 'install', 'id': '5152439', 'version': '1.16-1+b1', 'url': ' '}, {'name': 'moon-buggy', 'action': 'install', 'id': '5439204', 'version': '1:1.0.51-12', 'url': ' '}, {'name': 'asciijump', 'action': 'install', 'id': '5475369', 'version': '::apt', 'url': ' '}]}
18:27:28 INFO  State of operation 20974377 : PENDING
18:27:30 INFO  State of operation 20974377 : EXECUTING
18:27:33 INFO  State of operation 20974377 : EXECUTING
18:27:35 INFO  State of operation 20974377 : EXECUTING
18:27:37 INFO  State of operation 20974377 : EXECUTING
18:27:39 INFO  State of operation 20974377 : EXECUTING
18:27:42 INFO  State of operation 20974377 : EXECUTING
18:27:45 INFO  State of operation 20974377 : EXECUTING
18:27:47 INFO  State of operation 20974377 : EXECUTING
18:27:49 INFO  State of operation 20974377 : EXECUTING
18:27:52 INFO  State of operation 20974377 : EXECUTING
18:27:54 INFO  State of operation 20974377 : EXECUTING
18:27:56 INFO  State of operation 20974377 : EXECUTING
18:27:58 INFO  State of operation 20974377 : EXECUTING
18:28:01 INFO  State of operation 20974377 : EXECUTING
18:28:03 INFO  State of operation 20974377 : EXECUTING
18:28:05 INFO  State of operation 20974377 : EXECUTING
18:28:08 INFO  State of operation 20974377 : EXECUTING
18:28:10 INFO  State of operation 20974377 : EXECUTING
18:28:13 INFO  State of operation 20974377 : EXECUTING
18:28:15 INFO  State of operation 20974377 : EXECUTING
18:28:18 INFO  State of operation 20974377 : EXECUTING
18:28:20 INFO  State of operation 20974377 : EXECUTING
18:28:22 INFO  State of operation 20974377 : EXECUTING
18:28:25 INFO  State of operation 20974377 : EXECUTING
18:28:27 INFO  State of operation 20974377 : EXECUTING
18:28:29 INFO  State of operation 20974377 : EXECUTING
18:28:31 INFO  State of operation 20974377 : EXECUTING
18:28:34 INFO  State of operation 20974377 : EXECUTING
18:28:36 INFO  State of operation 20974377 : EXECUTING
18:29:04 INFO  State of operation 20974377 : EXECUTING
18:29:06 INFO  State of operation 20974377 : EXECUTING
18:29:09 INFO  State of operation 20974377 : EXECUTING
18:29:11 INFO  State of operation 20974377 : EXECUTING
18:29:13 INFO  State of operation 20974377 : EXECUTING
18:29:15 INFO  State of operation 20974377 : EXECUTING
18:29:18 INFO  State of operation 20974377 : EXECUTING
18:29:20 INFO  State of operation 20974377 : EXECUTING
18:29:23 INFO  State of operation 20974377 : EXECUTING
18:29:25 INFO  State of operation 20974377 : EXECUTING
18:29:27 INFO  State of operation 20974377 : EXECUTING
18:29:30 INFO  State of operation 20974377 : EXECUTING
18:29:32 INFO  State of operation 20974377 : EXECUTING
18:29:35 INFO  State of operation 20974377 : EXECUTING
18:29:37 INFO  State of operation 20974377 : EXECUTING
18:29:40 INFO  State of operation 20974377 : EXECUTING
18:29:43 INFO  State of operation 20974377 : EXECUTING
18:29:45 INFO  State of operation 20974377 : EXECUTING
18:29:47 INFO  State of operation 20974377 : EXECUTING
18:29:50 INFO  State of operation 20974377 : EXECUTING
18:29:52 INFO  State of operation 20974377 : EXECUTING
18:29:54 INFO  State of operation 20974377 : EXECUTING
18:29:56 INFO  State of operation 20974377 : EXECUTING
18:29:59 INFO  State of operation 20974377 : SUCCESSFUL
18:29:59 INFO  Package asciijump is installed
18:29:59 INFO  Assert that (True == value) with value=True ... passed
18:29:59 INFO  Package robotfindskitten is installed
18:29:59 INFO  Assert that (True == value) with value=True ... passed
18:29:59 INFO  Package rolldice is installed
18:29:59 INFO  Assert that (True == value) with value=True ... passed
18:30:00 INFO  Package squirrel3 is installed
18:30:00 INFO  Assert that (True == value) with value=True ... passed
18:30:00 INFO  Package moon-buggy is installed
18:30:00 INFO  Assert that (True == value) with value=True ... passed
18:30:01 INFO  Response status: 201
18:30:01 INFO  Response to action: {
    "creationTime": "2022-07-16T18:30:01.749Z",
    "deviceName": "m32sd10d",
    "deviceId": "20956973",
    "self": "https://t493319102.eu-latest.cumulocity.com/devicecontrol/operations/20974388",
    "id": "20974388",
    "status": "PENDING",
    "description": "Apply software changes, triggered from PySys: [{'action': 'delete', 'id': '5475369', 'name': 'asciijump', 'url': ' ', 'version': '::apt'}, {'action': 'delete', 'id': '5474869', 'name': 'robotfindskitten', 'url': ' ', 'version': ' '}, {'action': 'delete', 'id': '5475279', 'name': 'squirrel3', 'url': ' ', 'version': '3.1-7::apt'}, {'action': 'delete', 'id': '5152439', 'name': 'rolldice', 'url': ' ', 'version': '1.16-1+b1'}, {'action': 'delete', 'id': '5439204', 'name': 'moon-buggy', 'url': ' ', 'version': '1:1.0.51-12'}, {'action': 'delete', 'id': '5475369', 'name': 'asciijump', 'url': ' ', 'version': '::apt'}]",
    "c8y_SoftwareUpdate": [
        {
            "name": "asciijump",
            "action": "delete",
            "id": "5475369",
            "version": "::apt",
            "url": " "
        },
        {
            "name": "robotfindskitten",
            "action": "delete",
            "id": "5474869",
            "version": " ",
            "url": " "
        },
        {
            "name": "squirrel3",
            "action": "delete",
            "id": "5475279",
            "version": "3.1-7::apt",
            "url": " "
        },
        {
            "name": "rolldice",
            "action": "delete",
            "id": "5152439",
            "version": "1.16-1+b1",
            "url": " "
        },
        {
            "name": "moon-buggy",
            "action": "delete",
            "id": "5439204",
            "version": "1:1.0.51-12",
            "url": " "
        },
        {
            "name": "asciijump",
            "action": "delete",
            "id": "5475369",
            "version": "::apt",
            "url": " "
        }
    ]
}
18:30:01 INFO  Started operation: {'creationTime': '2022-07-16T18:30:01.749Z', 'deviceName': 'm32sd10d', 'deviceId': '20956973', 'self': 'https://t493319102.eu-latest.cumulocity.com/devicecontrol/operations/20974388', 'id': '20974388', 'status': 'PENDING', 'description': "Apply software changes, triggered from PySys: [{'action': 'delete', 'id': '5475369', 'name': 'asciijump', 'url': ' ', 'version': '::apt'}, {'action': 'delete', 'id': '5474869', 'name': 'robotfindskitten', 'url': ' ', 'version': ' '}, {'action': 'delete', 'id': '5475279', 'name': 'squirrel3', 'url': ' ', 'version': '3.1-7::apt'}, {'action': 'delete', 'id': '5152439', 'name': 'rolldice', 'url': ' ', 'version': '1.16-1+b1'}, {'action': 'delete', 'id': '5439204', 'name': 'moon-buggy', 'url': ' ', 'version': '1:1.0.51-12'}, {'action': 'delete', 'id': '5475369', 'name': 'asciijump', 'url': ' ', 'version': '::apt'}]", 'c8y_SoftwareUpdate': [{'name': 'asciijump', 'action': 'delete', 'id': '5475369', 'version': '::apt', 'url': ' '}, {'name': 'robotfindskitten', 'action': 'delete', 'id': '5474869', 'version': ' ', 'url': ' '}, {'name': 'squirrel3', 'action': 'delete', 'id': '5475279', 'version': '3.1-7::apt', 'url': ' '}, {'name': 'rolldice', 'action': 'delete', 'id': '5152439', 'version': '1.16-1+b1', 'url': ' '}, {'name': 'moon-buggy', 'action': 'delete', 'id': '5439204', 'version': '1:1.0.51-12', 'url': ' '}, {'name': 'asciijump', 'action': 'delete', 'id': '5475369', 'version': '::apt', 'url': ' '}]}
18:30:04 INFO  State of operation 20974388 : PENDING
18:30:06 INFO  State of operation 20974388 : EXECUTING
18:30:08 INFO  State of operation 20974388 : EXECUTING
18:30:10 INFO  State of operation 20974388 : EXECUTING
18:30:13 INFO  State of operation 20974388 : EXECUTING
18:30:15 INFO  State of operation 20974388 : EXECUTING
18:30:18 INFO  State of operation 20974388 : EXECUTING
18:30:20 INFO  State of operation 20974388 : EXECUTING
18:30:23 INFO  State of operation 20974388 : EXECUTING
18:30:25 INFO  State of operation 20974388 : EXECUTING
18:30:27 INFO  State of operation 20974388 : EXECUTING
18:30:30 INFO  State of operation 20974388 : EXECUTING
18:30:32 INFO  State of operation 20974388 : EXECUTING
18:30:34 INFO  State of operation 20974388 : EXECUTING
18:30:36 INFO  State of operation 20974388 : EXECUTING
18:30:39 INFO  State of operation 20974388 : EXECUTING
18:30:41 INFO  State of operation 20974388 : EXECUTING
18:30:44 INFO  State of operation 20974388 : EXECUTING
18:30:46 INFO  State of operation 20974388 : EXECUTING
18:30:48 INFO  State of operation 20974388 : EXECUTING
18:30:51 INFO  State of operation 20974388 : EXECUTING
18:30:53 INFO  State of operation 20974388 : EXECUTING
18:30:55 INFO  State of operation 20974388 : EXECUTING
18:30:57 INFO  State of operation 20974388 : EXECUTING
18:31:00 INFO  State of operation 20974388 : EXECUTING
18:31:02 INFO  State of operation 20974388 : EXECUTING
18:31:05 INFO  State of operation 20974388 : EXECUTING
18:31:07 INFO  State of operation 20974388 : EXECUTING
18:31:09 INFO  State of operation 20974388 : EXECUTING
18:31:11 INFO  State of operation 20974388 : EXECUTING
18:31:14 INFO  State of operation 20974388 : EXECUTING
18:31:16 INFO  State of operation 20974388 : EXECUTING
18:31:19 INFO  State of operation 20974388 : EXECUTING
18:31:21 INFO  State of operation 20974388 : EXECUTING
18:31:24 INFO  State of operation 20974388 : EXECUTING
18:31:26 INFO  State of operation 20974388 : EXECUTING
18:31:28 INFO  State of operation 20974388 : EXECUTING
18:31:30 INFO  State of operation 20974388 : EXECUTING
18:31:32 INFO  State of operation 20974388 : EXECUTING
18:31:35 INFO  State of operation 20974388 : EXECUTING
18:31:37 INFO  State of operation 20974388 : EXECUTING
18:31:39 INFO  State of operation 20974388 : EXECUTING
18:31:43 INFO  State of operation 20974388 : EXECUTING
18:31:45 INFO  State of operation 20974388 : EXECUTING
18:31:47 INFO  State of operation 20974388 : EXECUTING
18:31:49 INFO  State of operation 20974388 : EXECUTING
18:31:52 INFO  State of operation 20974388 : EXECUTING
18:31:54 INFO  State of operation 20974388 : EXECUTING
18:31:56 INFO  State of operation 20974388 : EXECUTING
18:31:59 INFO  State of operation 20974388 : EXECUTING
18:32:01 INFO  State of operation 20974388 : EXECUTING
18:32:03 INFO  State of operation 20974388 : EXECUTING
18:32:06 INFO  State of operation 20974388 : SUCCESSFUL
18:32:06 INFO  Assert that (False == value) with value=False ... passed
18:32:06 INFO  Assert that (False == value) with value=False ... passed
18:32:06 INFO  Assert that (False == value) with value=False ... passed
18:32:07 INFO  Assert that (False == value) with value=False ... passed
18:32:07 INFO  Assert that (False == value) with value=False ... passed
18:32:07 INFO  
18:32:07 INFO  cleanup:
18:32:11 INFO  Executed sudo&lt;tedge_disconnect_c8y&gt;, exit status 0
18:32:12 INFO  Executed systemctl&lt;serv_mapper5&gt;, exit status 3
18:32:12 INFO  
18:32:12 INFO  Test duration: 312.42 secs
18:32:12 INFO  Test final outcome:  FAILED
18:32:12 INFO  Test outcome reason: Assert that (False == value) with value=True
18:32:12 INFO  
</system-out>
	</testcase>
</testsuite><testsuite name="SoftwareManagement.sm_apt_install_remove_with_version" tests="3" errors="0" failures="0" skipped="1" time="0"><testcase classname="PySysTest" name="SoftwareManagement.sm_apt_install_remove_with_version">
		<skipped message="SKIPPED: Testing the apt plugin is not supported on this platform.Use parameter -XmyPlatform='container' to enable it" />
		<system-out>17:25:56 INFO  ==============================================================
17:25:56 INFO  Id:    SoftwareManagement.sm_apt_install_remove_with_version
17:25:56 INFO  Dir:   software_management_end_to_end/
17:25:56 INFO  Title: Validate end to end behaviour for the apt plugin for packages with version
17:25:56 INFO  ==============================================================
17:25:56 INFO  Testing the apt plugin is not supported on this platform.Use parameter -XmyPlatform='container' to enable it ... skipped
17:25:56 WARN  Aborted test due to SKIPPED outcome
17:25:56 INFO  
17:25:56 INFO  Test duration: 0.02 secs
17:25:56 INFO  Test final outcome:  SKIPPED
17:25:56 INFO  Test outcome reason: Testing the apt plugin is not supported on this platform.Use parameter -XmyPlatform='container' to enable it
17:25:56 INFO  
</system-out>
	</testcase>
<testcase classname="PySysTest" name="SoftwareManagement.sm_apt_install_remove_with_version" />
<testcase classname="PySysTest" name="SoftwareManagement.sm_apt_install_remove_with_version" />
</testsuite><testsuite name="SoftwareManagement.sm_docker_install_remove_multiple" tests="3" errors="0" failures="0" skipped="1" time="0"><testcase classname="SMDockerInstallRemove" name="SoftwareManagement.sm_docker_install_remove_multiple">
		<skipped message="SKIPPED: Testing the apt plugin is not supported on this platform.Use parameter -XmyPlatform='container' to enable it" />
		<system-out>17:25:56 INFO  ==============================================================
17:25:56 INFO  Id:    SoftwareManagement.sm_docker_install_remove_multiple
17:25:56 INFO  Dir:   software_management_end_to_end/
17:25:56 INFO  Title: Validate end to end behaviour for the docker plugin for multiple docker images with mixed versions
17:25:56 INFO  ==============================================================
17:25:56 INFO  Testing the apt plugin is not supported on this platform.Use parameter -XmyPlatform='container' to enable it ... skipped
17:25:56 WARN  Aborted test due to SKIPPED outcome
17:25:56 INFO  
17:25:56 INFO  Test duration: 0.03 secs
17:25:56 INFO  Test final outcome:  SKIPPED
17:25:56 INFO  Test outcome reason: Testing the apt plugin is not supported on this platform.Use parameter -XmyPlatform='container' to enable it
17:25:56 INFO  
</system-out>
	</testcase>
<testcase classname="SMDockerInstallRemove" name="SoftwareManagement.sm_docker_install_remove_multiple" />
<testcase classname="SMDockerInstallRemove" name="SoftwareManagement.sm_docker_install_remove_multiple" />
</testsuite><testsuite name="SoftwareManagement.sm_fake_install_remove" tests="2" errors="0" failures="0" skipped="1" time="0"><testcase classname="PySysTest" name="SoftwareManagement.sm_fake_install_remove">
		<skipped message="SKIPPED: Testing the fake plugin is not enabled.Use parameter -Xfakeplugin=fakeplugin to enable it" />
		<system-out>17:25:56 INFO  ==============================================================
17:25:56 INFO  Id:    SoftwareManagement.sm_fake_install_remove
17:25:56 INFO  Dir:   software_management_end_to_end/
17:25:56 INFO  Title: Validate end to end behaviour for the dummy plugin for installation and removal of packages
[...]
17:14:14 INFO  Executed sudo&lt;rm_tmp_logs&gt;, exit status 0
17:14:15 INFO  Executed sudo&lt;send_failed&gt;, exit status 0
17:14:15 INFO  Executed sudo&lt;log_file_daemon&gt;, exit status 0
17:14:19 INFO  Executed sudo&lt;tedge_disconnect_c8y&gt;, exit status 0
17:14:20 INFO  Executed systemctl&lt;serv_mapper5&gt;, exit status 3
17:14:20 INFO  
17:14:20 INFO  Test duration: 28.09 secs
17:14:20 INFO  Test final outcome:  BLOCKED
17:14:20 INFO  Test outcome reason: TypeError: 'NoneType' object is not subscriptable
17:14:20 INFO  
</system-out>
	</testcase>
</testsuite><testsuite name="log_request_num_lines" tests="1" errors="0" failures="1" skipped="0" time="0"><testcase classname="LogRequestVerifyNumberOfLines" name="log_request_num_lines">
		<failure message="BLOCKED: TypeError: 'NoneType' object is not subscriptable" type="BLOCKED" />
		<system-out>17:14:20 INFO  ==============================================================
17:14:20 INFO  Id:    log_request_num_lines
17:14:20 INFO  Dir:   log_request_end_to_end/
17:14:20 INFO  Title: Validate end to end behaviour for the log request operation check for number of lines
17:14:20 INFO  ==============================================================
17:14:20 INFO  EnvironmentC8y Setup
17:14:21 INFO  Executed systemctl&lt;serv_mapper1&gt;, exit status 3
17:14:21 INFO  Restarting mosquitto too frequently in the last 10 seconds. It was only up for 5 seconds
17:14:21 INFO  Delaying execution by 6 seconds
17:14:41 INFO  Executed sudo&lt;tedge_connect_c8y&gt;, exit status 0, duration 14 secs
17:14:42 INFO  Executed sudo&lt;tedge_connect_c8y_test&gt;, exit status 0
17:14:42 INFO  Executed systemctl&lt;serv_mosq2&gt;, exit status 0
17:14:43 INFO  Executed systemctl&lt;serv_mapper3&gt;, exit status 0
17:14:43 INFO  Executed sudo&lt;rm_logs&gt;, exit status 0
17:14:44 INFO  Executed sudo&lt;move_logs&gt;, exit status 0
17:14:44 INFO  Executed sudo&lt;log_file_daemon&gt;, exit status 0
17:14:45 WARN  TypeError occurred while running test - 'NoneType' object is not subscriptable
Traceback (most recent call last):
  File "/home/pi/env-pysys/lib/python3.7/site-packages/pysys/baserunner.py", line 1294, in __call__
    self.testObj.execute()
  File "/home/pi/actions-runner/_work/thin-edge.io/thin-edge.io/tests/PySys/log_request_end_to_end/log_request_num_lines/run.py", line 46, in execute
    log_file_request_payload, self.project.deviceid
  File "/home/pi/actions-runner/_work/thin-edge.io/thin-edge.io/tests/PySys/environments/cumulocity.py", line 101, in trigger_log_request
    "deviceId": self.device_fragment["id"],
TypeError: 'NoneType' object is not subscriptable
17:14:45 WARN  TypeError: 'NoneType' object is not subscriptable ... blocked 
17:14:45 INFO  
17:14:45 INFO  cleanup:
17:14:45 INFO  Executed sudo&lt;rm_logs&gt;, exit status 0
17:14:46 INFO  Executed sudo&lt;rm_tmp_logs&gt;, exit status 0
17:14:47 INFO  Executed sudo&lt;send_failed&gt;, exit status 0
17:14:47 INFO  Executed sudo&lt;log_file_daemon&gt;, exit status 0
17:14:51 INFO  Executed sudo&lt;tedge_disconnect_c8y&gt;, exit status 0
17:14:52 INFO  Executed systemctl&lt;serv_mapper5&gt;, exit status 3
17:14:52 INFO  
17:14:52 INFO  Test duration: 31.89 secs
17:14:52 INFO  Test final outcome:  BLOCKED
17:14:52 INFO  Test outcome reason: TypeError: 'NoneType' object is not subscriptable
17:14:52 INFO  
</system-out>
	</testcase>
</testsuite><testsuite name="mapper_awaits_before_reconnect" tests="1" errors="0" failures="1" skipped="0" time="0"><testcase classname="MapperReconnectAwait" name="mapper_awaits_before_reconnect">
		<failure message="FAILED: Line count on tedge_mapper_journal.out for &quot;tedge_mapper::core::mapper: MQTT connection error:&quot; expected &gt;=2 but got 0" type="FAILED" />
		<system-out>17:29:04 INFO  ==============================================================
17:29:04 INFO  Id:    mapper_awaits_before_reconnect
17:29:04 INFO  Dir:   tedge_mapper_c8y/
17:29:04 INFO  Title: Validate mapper doesn't reconnect too often
17:29:04 INFO  ==============================================================
17:29:04 INFO  Started mosquitto_sub with process id 3314
17:29:04 INFO  Waiting for 0.1 seconds
17:29:05 INFO  Executed sudo&lt;tedge_mapper&gt;, exit status 0
17:29:05 INFO  Waiting for 5.0 seconds
17:29:10 INFO  Executed sudo&lt;tedge_mapper&gt;, exit status 0
17:29:15 INFO  Executed sudo&lt;tedge_mapper_journal&gt;, exit status 0
17:29:15 WARN  Grep on tedge_mapper_journal.out contains "ERROR" ... failed [run.py:67]
17:29:15 INFO  Line count on file tedge_mapper_journal.out ... passed
17:29:15 WARN  Line count on tedge_mapper_journal.out for "tedge_mapper::core::mapper: MQTT connection error:" expected &gt;=2 but got 0 ... failed [run.py:78]
17:29:15 WARN  Aborted test due to FAILED outcome
17:29:15 INFO  
17:29:15 INFO  Test duration: 10.87 secs
17:29:15 INFO  Test final outcome:  FAILED
17:29:15 INFO  Test outcome reason: Line count on tedge_mapper_journal.out for "tedge_mapper::core::mapper: MQTT connection error:" expected &gt;=2 but got 0
17:29:15 INFO  
</system-out>
	</testcase>
</testsuite><testsuite name="monitoring_smaller_interval" tests="1" errors="0" failures="1" skipped="0" time="0"><testcase classname="MonitoringSmallInterval" name="monitoring_smaller_interval">
		<failure message="BLOCKED: TypeError: 'int' object is not subscriptable" type="BLOCKED" />
		<system-out>17:15:54 INFO  ==============================================================
17:15:54 INFO  Id:    monitoring_smaller_interval
17:15:54 INFO  Dir:   monitoring/
17:15:54 INFO  Title: Validate the tedge dm agent messages that are produced with smaller sampling interval than the batching window. Here the simulated collectd messages are used
17:15:54 INFO  ==============================================================
17:15:55 INFO  Executed sudo&lt;collectd&gt;, exit status 0
17:15:56 INFO  Executed sudo&lt;collectd_mapper&gt;, exit status 0
17:15:56 INFO  Started sudo&lt;tedge_sub&gt; with process id 31876
17:15:56 INFO  Executed sudo&lt;tedge_temp&gt;, exit status 0
17:15:57 INFO  Executed sudo&lt;tedge_pres&gt;, exit status 0
17:15:58 INFO  Executed sudo&lt;tedge_temp&gt;, exit status 0
17:15:58 INFO  Executed sudo&lt;tedge_pres&gt;, exit status 0
17:15:59 INFO  Executed sudo&lt;tedge_temp&gt;, exit status 0
17:15:59 INFO  Executed sudo&lt;tedge_pres&gt;, exit status 0
17:16:00 INFO  Executed sudo&lt;tedge_temp&gt;, exit status 0
17:16:00 INFO  Executed sudo&lt;tedge_pres&gt;, exit status 0
17:16:01 INFO  Executed sudo&lt;tedge_temp&gt;, exit status 0
17:16:02 INFO  Executed sudo&lt;tedge_pres&gt;, exit status 0
17:16:02 INFO  Executed sudo&lt;tedge_temp&gt;, exit status 0
17:16:03 INFO  Executed sudo&lt;tedge_pres&gt;, exit status 0
17:16:03 INFO  Executed sudo&lt;tedge_temp&gt;, exit status 0
17:16:04 INFO  Executed sudo&lt;tedge_pres&gt;, exit status 0
17:16:04 INFO  Executed sudo&lt;tedge_temp&gt;, exit status 0
17:16:05 INFO  Executed sudo&lt;tedge_pres&gt;, exit status 0
17:16:06 INFO  Executed sudo&lt;tedge_temp&gt;, exit status 0
17:16:06 INFO  Executed sudo&lt;tedge_pres&gt;, exit status 0
17:16:07 INFO  Executed sudo&lt;tedge_temp&gt;, exit status 0
17:16:07 INFO  Executed sudo&lt;tedge_pres&gt;, exit status 0
17:16:09 INFO  Executed sudo&lt;kill_out&gt;, exit status 0
17:16:09 INFO  0

17:16:09 WARN  TypeError occurred while running test - 'int' object is not subscriptable
Traceback (most recent call last):
  File "/home/pi/env-pysys/lib/python3.7/site-packages/pysys/baserunner.py", line 1296, in __call__
    self.testObj.validate()
  File "/home/pi/actions-runner/_work/thin-edge.io/thin-edge.io/tests/PySys/monitoring/monitoring_smaller_interval/run.py", line 104, in validate
    collectd_msg_validation_result=self.validate_json(),
  File "/home/pi/actions-runner/_work/thin-edge.io/thin-edge.io/tests/PySys/monitoring/monitoring_smaller_interval/run.py", line 114, in validate_json
    if not self.validate_time():
  File "/home/pi/actions-runner/_work/thin-edge.io/thin-edge.io/tests/PySys/monitoring/monitoring_smaller_interval/run.py", line 134, in validate_time
    if self.js_msg["time"]:
TypeError: 'int' object is not subscriptable
17:16:09 WARN  TypeError: 'int' object is not subscriptable ... blocked 
17:16:09 INFO  
17:16:09 INFO  cleanup:
17:16:09 INFO  monitoring_cleanup
17:16:09 INFO  Executed sudo&lt;collectd_mapper&gt;, exit status 0
17:16:09 INFO  
17:16:09 INFO  Test duration: 15.02 secs
17:16:09 INFO  Test final outcome:  BLOCKED
17:16:09 INFO  Test outcome reason: TypeError: 'int' object is not subscriptable
17:16:09 INFO  
</system-out>
	</testcase>
</testsuite><testsuite name="monitoring_with_collectd" tests="1" errors="0" failures="0" skipped="1" time="0"><testcase classname="MonitoringWithCollectd" name="monitoring_with_collectd">
		<skipped message="SKIPPED: Test execution disabled due to #792 (instable)" />
		<system-out>17:16:09 INFO  ==============================================================
17:16:09 INFO  Id:    monitoring_with_collectd
17:16:09 INFO  Dir:   monitoring/
17:16:09 INFO  Title: Validate tedge dm agent messages that are produced by batching the collectd messages
17:16:09 INFO  ==============================================================
17:16:09 INFO  Test execution disabled due to #792 (instable) ... skipped
17:16:09 INFO  
17:16:09 INFO  Test duration: 0.02 secs
17:16:09 INFO  Test final outcome:  SKIPPED
17:16:09 INFO  Test outcome reason: Test execution disabled due to #792 (instable)
17:16:09 INFO  
</system-out>
	</testcase>
</testsuite><testsuite name="monitoring_with_simulated_messages" tests="1" errors="0" failures="1" skipped="0" time="0"><testcase classname="MonitoringWithSimulatedMessages" name="monitoring_with_simulated_messages">
		<failure message="BLOCKED: TypeError: 'int' object is not subscriptable" type="BLOCKED" />
		<system-out>17:16:10 INFO  ==============================================================
17:16:10 INFO  Id:    monitoring_with_simulated_messages
17:16:10 INFO  Dir:   monitoring/
17:16:10 INFO  Title: Validate the tedge dm agent messages that are produced from the simulated collectd messages
17:16:10 INFO  ==============================================================
17:16:10 INFO  Executed sudo&lt;collectd&gt;, exit status 0
17:16:11 INFO  Executed sudo&lt;collectd_mapper&gt;, exit status 0
17:16:11 INFO  Started sudo&lt;tedge_sub&gt; with process id 31935
17:16:11 INFO  Executed sudo&lt;tedge_temp&gt;, exit status 0
17:16:12 INFO  Executed sudo&lt;tedge_pres&gt;, exit status 0
17:16:13 INFO  Executed sudo&lt;kill_out&gt;, exit status 0
17:16:13 INFO  0

17:16:13 WARN  TypeError occurred while running test - 'int' object is not subscriptable
Traceback (most recent call last):
  File "/home/pi/env-pysys/lib/python3.7/site-packages/pysys/baserunner.py", line 1296, in __call__
    self.testObj.validate()
  File "/home/pi/actions-runner/_work/thin-edge.io/thin-edge.io/tests/PySys/monitoring/monitoring_with_simulated_messages/run.py", line 98, in validate
    collectd_msg_validation_result=self.validate_json(),
  File "/home/pi/actions-runner/_work/thin-edge.io/thin-edge.io/tests/PySys/monitoring/monitoring_with_simulated_messages/run.py", line 108, in validate_json
    if not self.validate_time():
  File "/home/pi/actions-runner/_work/thin-edge.io/thin-edge.io/tests/PySys/monitoring/monitoring_with_simulated_messages/run.py", line 127, in validate_time
    if self.js_msg["time"]:
TypeError: 'int' object is not subscriptable
17:16:13 WARN  TypeError: 'int' object is not subscriptable ... blocked 
17:16:13 INFO  
17:16:13 INFO  cleanup:
17:16:13 INFO  monitoring_cleanup
17:16:14 INFO  Executed sudo&lt;collectd_mapper&gt;, exit status 0
17:16:14 INFO  
17:16:14 INFO  Test duration: 4.50 secs
17:16:14 INFO  Test final outcome:  BLOCKED
17:16:14 INFO  Test outcome reason: TypeError: 'int' object is not subscriptable
17:16:14 INFO  
</system-out>
	</testcase>
</testsuite><testsuite name="mqtt_port_change_connection_fails" tests="1" errors="0" failures="0" skipped="0" time="0"><testcase classname="MqttPortChangeConnectionFails" name="mqtt_port_change_connection_fails" />
</testsuite><testsuite name="mqtt_port_change_connection_works" tests="1" errors="0" failures="0" skipped="1" time="0"><testcase classname="MqttPortChangeConnectionWorks" name="mqtt_port_change_connection_works">
		<skipped message="SKIPPED: failing intermitently" />
		<system-out>17:15:27 INFO  ==============================================================
17:15:27 INFO  Id:    mqtt_port_change_connection_works
17:15:27 INFO  Dir:   misc_features/
17:15:27 INFO  Title: mqtt port change connection works for all the thin-edge services that use the mosquitto broker
17:15:27 INFO  ==============================================================
17:15:27 INFO  failing intermitently ... skipped
17:15:27 INFO  
17:15:27 INFO  Test duration: 0.02 secs
17:15:27 INFO  Test final outcome:  SKIPPED
17:15:27 INFO  Test outcome reason: failing intermitently
17:15:27 INFO  
</system-out>
	</testcase>
</testsuite><testsuite name="publish_flux" tests="1" errors="0" failures="0" skipped="0" time="0"><testcase classname="PublishFlux" name="publish_flux" />
</testsuite><testsuite name="publish_sawmill" tests="1" errors="0" failures="0" skipped="0" time="0"><testcase classname="PublishSawmill" name="publish_sawmill" />
</testsuite><testsuite name="runtime_start_two_mappers" tests="1" errors="0" failures="0" skipped="0" time="0"><testcase classname="RuntimeMultiMappers" name="runtime_start_two_mappers" />
</testsuite><testsuite name="sm_tedge_mapper_init_session" tests="1" errors="0" failures="0" skipped="0" time="0"><testcase classname="TedgeSMMapperInitSession" name="sm_tedge_mapper_init_session" />
</testsuite><testsuite name="smoketest_json" tests="1" errors="0" failures="0" skipped="0" time="0"><testcase classname="SmokeTestJson" name="smoketest_json" />
</testsuite><testsuite name="smoketest_json_400_samples_10ms" tests="1" errors="0" failures="0" skipped="0" time="0"><testcase classname="SmoketestJson400Samples10ms" name="smoketest_json_400_samples_10ms" />
</testsuite><testsuite name="smoketest_json_400_samples_20ms" tests="1" errors="0" failures="0" skipped="0" time="0"><testcase classname="SmoketestJson400Samples20ms" name="smoketest_json_400_samples_20ms" />
</testsuite><testsuite name="smoketest_smartrest" tests="1" errors="0" failures="0" skipped="0" time="0"><testcase classname="SmoketestSmartRest" name="smoketest_smartrest" />
</testsuite><testsuite name="smoketest_smartrest_400_samples_1Xms" tests="1" errors="0" failures="0" skipped="0" time="0"><testcase classname="SmoketestSmartRest400Samples1Xms" name="smoketest_smartrest_400_samples_1Xms" />
</testsuite><testsuite name="smoketest_smartrest_400_samples_20ms" tests="1" errors="0" failures="0" skipped="0" time="0"><testcase classname="SmoketestSmartRest400Samples20ms" name="smoketest_smartrest_400_samples_20ms" />
</testsuite><testsuite name="tedge_agent_user_sudo_access" tests="1" errors="0" failures="0" skipped="1" time="0"><testcase classname="TedgeAgentUserSudoAccess" name="tedge_agent_user_sudo_access">
		<skipped message="SKIPPED: #955 Observation: Exit code of the apt plugin when called with no arguments" />
		<system-out>17:26:24 INFO  ==============================================================
17:26:24 INFO  Id:    tedge_agent_user_sudo_access
17:26:24 INFO  Dir:   tedge/
17:26:24 INFO  Title: Validate tedge-agent user has a limited sudo right
17:26:24 INFO  ==============================================================
17:26:24 INFO  #955 Observation: Exit code of the apt plugin when called with no arguments ... skipped
17:26:24 INFO  
17:26:24 INFO  Test duration: 0.02 secs
17:26:24 INFO  Test final outcome:  SKIPPED
17:26:24 INFO  Test outcome reason: #955 Observation: Exit code of the apt plugin when called with no arguments
17:26:24 INFO  
</system-out>
	</testcase>
</testsuite><testsuite name="tedge_connect_test_negative" tests="1" errors="0" failures="0" skipped="0" time="0"><testcase classname="TedgeConnectTestNegative" name="tedge_connect_test_negative" />
</testsuite><testsuite name="tedge_connect_test_positive" tests="1" errors="0" failures="0" skipped="0" time="0"><testcase classname="TedgeConnectTestPositive" name="tedge_connect_test_positive" />
</testsuite><testsuite name="tedge_connect_test_sm_services" tests="1" errors="0" failures="0" skipped="0" time="0"><testcase classname="TedgeConnectTestSMServices" name="tedge_connect_test_sm_services" />
</testsuite><testsuite name="tedge_disconnect_test_sm_services" tests="1" errors="0" failures="0" skipped="0" time="0"><testcase classname="TedgeDisConnectTestSMServices" name="tedge_disconnect_test_sm_services" />
</testsuite><testsuite name="tedge_mapper_az_negative" tests="1" errors="0" failures="0" skipped="0" time="0"><testcase classname="TedgeMapperAzError" name="tedge_mapper_az_negative" />
</testsuite><testsuite name="tedge_mapper_az_with_timestamp" tests="1" errors="0" failures="0" skipped="0" time="0"><testcase classname="TedgeMapperAzWithTimestamp" name="tedge_mapper_az_with_timestamp" />
</testsuite><testsuite name="tedge_mapper_az_without_timestamp" tests="1" errors="0" failures="0" skipped="0" time="0"><testcase classname="TedgeMapperAzWithoutTimestamp" name="tedge_mapper_az_without_timestamp" />
</testsuite><testsuite name="tedge_mapper_c8y_alarms" tests="1" errors="0" failures="0" skipped="0" time="0"><testcase classname="TedgeMapperC8yAlarm" name="tedge_mapper_c8y_alarms" />
</testsuite><testsuite name="tedge_mapper_c8y_child_device_measurement" tests="1" errors="0" failures="0" skipped="0" time="0"><testcase classname="TedgeMapperC8yChildDevice" name="tedge_mapper_c8y_child_device_measurement" />
</testsuite><testsuite name="tedge_mapper_c8y_packet_threshold_size" tests="1" errors="0" failures="1" skipped="0" time="0"><testcase classname="TedgeMapperC8yThresholdPacketSize" name="tedge_mapper_c8y_packet_threshold_size">
		<failure message="FAILED: Grep on tedge_sub.out contains &quot;The size of the message received on tedge/measurements is 20489 which is greater than the threshold size of 16184.&quot;" type="FAILED" />
		<system-out>17:30:54 INFO  ==============================================================
17:30:54 INFO  Id:    tedge_mapper_c8y_packet_threshold_size
17:30:54 INFO  Dir:   tedge_mapper_c8y/
17:30:54 INFO  Title: Validate the Cumulocity Mapper accepted threshold packet size when it receives a message on tedge/measurements
17:30:54 INFO  ==============================================================
17:30:54 INFO  Executed sudo&lt;tedge_mapper_c8y&gt;, exit status 0
17:30:54 INFO  Started sudo&lt;tedge_sub&gt; with process id 3912
17:30:55 INFO  Executed sudo&lt;tedge_msg&gt;, exit status 0
17:30:55 INFO  Executed sudo&lt;tedge_pub&gt;, exit status 0
17:30:56 INFO  Executed sudo&lt;kill_out&gt;, exit status 0
17:30:56 WARN  Grep on tedge_sub.out contains "The size of the message received on tedge/measurements is 20489 which is greater than the threshold size of 16184." ... failed [run.py:88]
17:30:56 INFO  
17:30:56 INFO  cleanup:
17:30:56 INFO  mapper_cleanup
17:30:57 INFO  Executed sudo&lt;tedge_mapper_c8y&gt;, exit status 0
17:30:57 INFO  
17:30:57 INFO  Test duration: 3.01 secs
17:30:57 INFO  Test final outcome:  FAILED
17:30:57 INFO  Test outcome reason: Grep on tedge_sub.out contains "The size of the message received on tedge/measurements is 20489 which is greater than the threshold size of 16184."
17:30:57 INFO  
</system-out>
	</testcase>
</testsuite><testsuite name="tedge_software_update" tests="1" errors="0" failures="0" skipped="0" time="0"><testcase classname="PySysTest" name="tedge_software_update" />
</testsuite><testsuite name="valid_device_id" tests="1" errors="0" failures="0" skipped="0" time="0"><testcase classname="ValidateValidDeviceId" name="valid_device_id" />
</testsuite></testsuites>