<?xml version='1.0' encoding='utf-8'?>
<testsuites tests="139" failures="17" errors="0" skipped="45" time="0.0"><testsuite name="SoftwareManagement.Plugin.apama_plugin_install" tests="3" errors="0" failures="0" skipped="1" time="0"><testcase classname="ApamaPluginInstallTest" name="SoftwareManagement.Plugin.apama_plugin_install">
		<skipped message="SKIPPED: Apama plugin tests are disabled by default. Execute `pysys run` with `-XmyPlatform=container` to run these tests" />
		<system-out>01:47:20 INFO  ==============================================================
01:47:20 INFO  Id:    SoftwareManagement.Plugin.apama_plugin_install
01:47:20 INFO  Dir:   plugin_apama/
01:47:20 INFO  Title: Validate apama plugin install
01:47:20 INFO  ==============================================================
01:47:20 INFO  Apama plugin tests are disabled by default. Execute `pysys run` with `-XmyPlatform=container` to run these tests ... skipped
01:47:20 WARN  Aborted test due to SKIPPED outcome
01:47:20 INFO  
01:47:20 INFO  Test duration: 0.05 secs
01:47:20 INFO  Test final outcome:  SKIPPED
01:47:20 INFO  Test outcome reason: Apama plugin tests are disabled by default. Execute `pysys run` with `-XmyPlatform=container` to run these tests
01:47:20 INFO  
</system-out>
	</testcase>
<testcase classname="ApamaPluginInstallTest" name="SoftwareManagement.Plugin.apama_plugin_install" />
<testcase classname="ApamaPluginInstallTest" name="SoftwareManagement.Plugin.apama_plugin_install" />
</testsuite><testsuite name="SoftwareManagement.Plugin.apama_plugin_mon_support" tests="3" errors="0" failures="0" skipped="1" time="0"><testcase classname="ApamaPluginMonSupportTest" name="SoftwareManagement.Plugin.apama_plugin_mon_support">
		<skipped message="SKIPPED: Apama plugin tests are disabled by default. Execute `pysys run` with `-XmyPlatform=container` to run these tests" />
		<system-out>01:47:20 INFO  ==============================================================
01:47:20 INFO  Id:    SoftwareManagement.Plugin.apama_plugin_mon_support
01:47:20 INFO  Dir:   plugin_apama/
01:47:20 INFO  Title: Validate mon file support of apama plugin
01:47:20 INFO  ==============================================================
01:47:20 INFO  Apama plugin tests are disabled by default. Execute `pysys run` with `-XmyPlatform=container` to run these tests ... skipped
01:47:20 WARN  Aborted test due to SKIPPED outcome
01:47:20 INFO  
01:47:20 INFO  Test duration: 0.02 secs
01:47:20 INFO  Test final outcome:  SKIPPED
01:47:20 INFO  Test outcome reason: Apama plugin tests are disabled by default. Execute `pysys run` with `-XmyPlatform=container` to run these tests
01:47:20 INFO  
</system-out>
	</testcase>
<testcase classname="ApamaPluginMonSupportTest" name="SoftwareManagement.Plugin.apama_plugin_mon_support" />
<testcase classname="ApamaPluginMonSupportTest" name="SoftwareManagement.Plugin.apama_plugin_mon_support" />
</testsuite><testsuite name="SoftwareManagement.Plugin.apama_plugin_remove" tests="3" errors="0" failures="0" skipped="1" time="0"><testcase classname="ApamaPluginRemoveTest" name="SoftwareManagement.Plugin.apama_plugin_remove">
		<skipped message="SKIPPED: Apama plugin tests are disabled by default. Execute `pysys run` with `-XmyPlatform=container` to run these tests" />
		<system-out>01:47:20 INFO  ==============================================================
01:47:20 INFO  Id:    SoftwareManagement.Plugin.apama_plugin_remove
01:47:20 INFO  Dir:   plugin_apama/
01:47:20 INFO  Title: Validate apama plugin remove
01:47:20 INFO  ==============================================================
01:47:20 INFO  Apama plugin tests are disabled by default. Execute `pysys run` with `-XmyPlatform=container` to run these tests ... skipped
01:47:20 WARN  Aborted test due to SKIPPED outcome
01:47:21 INFO  
01:47:21 INFO  Test duration: 0.05 secs
01:47:21 INFO  Test final outcome:  SKIPPED
01:47:21 INFO  Test outcome reason: Apama plugin tests are disabled by default. Execute `pysys run` with `-XmyPlatform=container` to run these tests
01:47:21 INFO  
</system-out>
	</testcase>
<testcase classname="ApamaPluginRemoveTest" name="SoftwareManagement.Plugin.apama_plugin_remove" />
<testcase classname="ApamaPluginRemoveTest" name="SoftwareManagement.Plugin.apama_plugin_remove" />
</testsuite><testsuite name="SoftwareManagement.Plugin.apama_plugin_update" tests="3" errors="0" failures="2" skipped="1" time="0"><testcase classname="ApamaPluginUpdateTest" name="SoftwareManagement.Plugin.apama_plugin_update">
		<skipped message="SKIPPED: Apama plugin tests are disabled by default. Execute `pysys run` with `-XmyPlatform=container` to run these tests" />
		<system-out>01:47:21 INFO  ==============================================================
01:47:21 INFO  Id:    SoftwareManagement.Plugin.apama_plugin_update
01:47:21 INFO  Dir:   plugin_apama/
01:47:21 INFO  Title: Validate apama plugin updating one project with another
01:47:21 INFO  ==============================================================
01:47:21 INFO  Apama plugin tests are disabled by default. Execute `pysys run` with `-XmyPlatform=container` to run these tests ... skipped
01:47:21 WARN  Aborted test due to SKIPPED outcome
01:47:21 INFO  
01:47:21 INFO  Test duration: 0.02 secs
01:47:21 INFO  Test final outcome:  SKIPPED
01:47:21 INFO  Test outcome reason: Apama plugin tests are disabled by default. Execute `pysys run` with `-XmyPlatform=container` to run these tests
01:47:21 INFO  
</system-out>
	</testcase>
<testcase classname="ApamaPluginUpdateTest" name="SoftwareManagement.Plugin.apama_plugin_update">
		<failure message="BLOCKED: sudo&lt;plugin_install&gt; returned non-zero exit code 2" type="BLOCKED" />
		<system-out>02:38:05 INFO  ==============================================================
02:38:05 INFO  Id:    SoftwareManagement.Plugin.apama_plugin_update
02:38:05 INFO  Dir:   plugin_apama/
02:38:05 INFO  Title: Validate apama plugin updating one project with another
02:38:05 INFO  ==============================================================
02:38:05 INFO  Assertion that path exists=False for "/etc/tedge/apama/project" ... passed
02:38:05 INFO  Executed sudo&lt;create_project_dir&gt;, exit status 0
02:38:06 INFO  Executed sudo&lt;unzip_apama_project&gt;, exit status 0
02:38:06 INFO  Executed sudo&lt;move_apama_project&gt;, exit status 0
02:38:07 INFO  Executed sudo&lt;restart_apama_service&gt;, exit status 0
02:38:08 INFO  Executed sudo&lt;apama_correlator_wait&gt;, exit status 0
02:38:08 INFO  Assertion that path exists=True for "/etc/tedge/apama/project" ... passed
02:38:09 INFO  Executed sudo&lt;apama_list_monitors&gt;, exit status 0
02:38:09 INFO  Grep on file /home/pi/actions-runner/_work/thin-edge.io/thin-edge.io/tests/PySys/plugin_apama/apama_plugin_update/Output/linux/apama_list_monitors.out ... passed
02:38:09 WARN  Executed sudo&lt;plugin_install&gt;, exit status 2
02:38:09 INFO  Contents of plugin_install.err: 
  ERROR: Directory not empty (os error 39)
  -----

02:38:10 WARN  sudo&lt;plugin_install&gt; returned non-zero exit code 2 ... blocked [run.py:35]
02:38:10 WARN  Aborted test due to BLOCKED outcome
02:38:10 INFO  
02:38:10 INFO  cleanup:
02:38:10 INFO  Removing apama project
02:38:25 INFO  Executed sudo&lt;stop_apama_service&gt;, exit status 0, duration 15 secs
02:38:25 INFO  Executed sudo&lt;remove_apama_project&gt;, exit status 0
02:38:26 INFO  Executed sudo&lt;remove_apama_tmp_dir&gt;, exit status 0
02:38:26 INFO  
02:38:26 INFO  Test duration: 21.09 secs
02:38:26 INFO  Test final outcome:  BLOCKED
02:38:26 INFO  Test outcome reason: sudo&lt;plugin_install&gt; returned non-zero exit code 2
02:38:26 INFO  
</system-out>
	</testcase>
<testcase classname="ApamaPluginUpdateTest" name="SoftwareManagement.Plugin.apama_plugin_update">
		<failure message="BLOCKED: sudo&lt;plugin_install&gt; returned non-zero exit code 2" type="BLOCKED" />
		<system-out>02:47:04 INFO  ==============================================================
02:47:04 INFO  Id:    SoftwareManagement.Plugin.apama_plugin_update
02:47:04 INFO  Dir:   plugin_apama/
02:47:04 INFO  Title: Validate apama plugin updating one project with another
02:47:04 INFO  ==============================================================
02:47:04 INFO  Assertion that path exists=False for "/etc/tedge/apama/project" ... passed
02:47:04 INFO  Executed sudo&lt;create_project_dir&gt;, exit status 0
02:47:05 INFO  Executed sudo&lt;unzip_apama_project&gt;, exit status 0
02:47:06 INFO  Executed sudo&lt;move_apama_project&gt;, exit status 0
02:47:06 INFO  Executed sudo&lt;restart_apama_service&gt;, exit status 0
02:47:07 INFO  Executed sudo&lt;apama_correlator_wait&gt;, exit status 0
02:47:07 INFO  Assertion that path exists=True for "/etc/tedge/apama/project" ... passed
02:47:08 INFO  Executed sudo&lt;apama_list_monitors&gt;, exit status 0
02:47:08 INFO  Grep on file /home/pi/actions-runner/_work/thin-edge.io/thin-edge.io/tests/PySys/plugin_apama/apama_plugin_update/Output/linux/apama_list_monitors.out ... passed
02:47:08 WARN  Executed sudo&lt;plugin_install&gt;, exit status 2
02:47:09 INFO  Contents of plugin_install.err: 
  ERROR: Directory not empty (os error 39)
  -----

02:47:09 WARN  sudo&lt;plugin_install&gt; returned non-zero exit code 2 ... blocked [run.py:35]
02:47:09 WARN  Aborted test due to BLOCKED outcome
02:47:09 INFO  
02:47:09 INFO  cleanup:
02:47:09 INFO  Removing apama project
02:47:24 INFO  Executed sudo&lt;stop_apama_service&gt;, exit status 0, duration 15 secs
02:47:25 INFO  Executed sudo&lt;remove_apama_project&gt;, exit status 0
02:47:25 INFO  Executed sudo&lt;remove_apama_tmp_dir&gt;, exit status 0
02:47:25 INFO  
02:47:25 INFO  Test duration: 21.48 secs
02:47:25 INFO  Test final outcome:  BLOCKED
02:47:25 INFO  Test outcome reason: sudo&lt;plugin_install&gt; returned non-zero exit code 2
02:47:25 INFO  
</system-out>
	</testcase>
</testsuite><testsuite name="SoftwareManagement.sm_apt_install_download_path" tests="3" errors="0" failures="2" skipped="1" time="0"><testcase classname="AptInstallWithDownloadPath" name="SoftwareManagement.sm_apt_install_download_path">
		<skipped message="SKIPPED: Testing the apt plugin is not supported on this platform.Use parameter -XmyPlatform='container' to enable it" />
		<system-out>01:56:56 INFO  ==============================================================
01:56:56 INFO  Id:    SoftwareManagement.sm_apt_install_download_path
01:56:56 INFO  Dir:   software_management_end_to_end/
01:56:56 INFO  Title: Install package to directory specified in tedge config set tmp.path
01:56:56 INFO  ==============================================================
01:56:56 INFO  Testing the apt plugin is not supported on this platform.Use parameter -XmyPlatform='container' to enable it ... skipped
01:56:56 WARN  Aborted test due to SKIPPED outcome
01:56:56 INFO  
01:56:56 INFO  Test duration: 0.07 secs
01:56:56 INFO  Test final outcome:  SKIPPED
01:56:56 INFO  Test outcome reason: Testing the apt plugin is not supported on this platform.Use parameter -XmyPlatform='container' to enable it
01:56:56 INFO  
</system-out>
	</testcase>
<testcase classname="AptInstallWithDownloadPath" name="SoftwareManagement.sm_apt_install_download_path">
		<failure message="BLOCKED: AssertionError:" type="BLOCKED" />
		<system-out>02:20:07 INFO  ==============================================================
02:20:07 INFO  Id:    SoftwareManagement.sm_apt_install_download_path
02:20:07 INFO  Dir:   software_management_end_to_end/
02:20:07 INFO  Title: Install package to directory specified in tedge config set tmp.path
02:20:07 INFO  ==============================================================
02:20:07 INFO  Using sw id database: {'asciijump': '5475369', 'robotfindskitten': '5474869', 'squirrel3': '5475279', 'rolldice': '5152439', 'moon-buggy': '5439204', 'apple': '5495053', 'banana': '5494888', 'cherry': '5495382', 'watermelon': '5494510', 'registry': '8018911', 'hello-world': '8021526', 'docker/getting-started': '8021973', 'alpine': '7991792'}
02:20:07 INFO  EnvironmentC8y Setup
02:20:08 INFO  Executed systemctl&lt;serv_mapper1&gt;, exit status 3
02:20:22 INFO  Executed sudo&lt;tedge_connect_c8y&gt;, exit status 0, duration 14 secs
02:20:24 INFO  Executed sudo&lt;tedge_connect_c8y_test&gt;, exit status 0
02:20:25 INFO  Executed systemctl&lt;serv_mosq2&gt;, exit status 0
02:20:26 INFO  Executed systemctl&lt;serv_mapper3&gt;, exit status 0
02:20:28 INFO  State of current operation: SUCCESSFUL
02:20:28 INFO  Assert that (False == value) with value=False ... passed
02:20:29 INFO  Executed sudo, exit status 0
02:20:29 INFO  Executed sudo, exit status 0
02:20:30 INFO  Executed sudo, exit status 0
02:20:34 INFO  Executed sudo&lt;tedge_disconnect_c8y&gt;, exit status 0
02:20:34 INFO  Restarting mosquitto too frequently in the last 10 seconds. It was only up for 3 seconds
02:20:34 INFO  Delaying execution by 8 seconds
02:20:56 INFO  Executed sudo&lt;tedge_connect_c8y&gt;, exit status 0, duration 13 secs
02:20:56 INFO  Response status: 201
02:20:56 INFO  Response to action: {
    "creationTime": "2022-07-22T02:20:56.551Z",
    "deviceId": "21166555",
    "deviceName": "m32sd10d",
    "self": "https://t493319102.eu-latest.cumulocity.com/devicecontrol/operations/21230747",
    "id": "21230747",
    "status": "PENDING",
    "description": "Apply software changes, triggered from PySys: [{'name': 'rolldice', 'id': '5152439', 'version': '::apt', 'url': 'https://thin-edge-io.eu-latest.cumulocity.com/inventory/binaries/12435463', 'action': 'install'}]",
    "c8y_SoftwareUpdate": [
        {
            "name": "rolldice",
            "action": "install",
            "id": "5152439",
            "version": "::apt",
            "url": "https://thin-edge-io.eu-latest.cumulocity.com/inventory/binaries/12435463"
        }
    ]
}
02:20:56 INFO  Started operation: {'creationTime': '2022-07-22T02:20:56.551Z', 'deviceId': '21166555', 'deviceName': 'm32sd10d', 'self': 'https://t493319102.eu-latest.cumulocity.com/devicecontrol/operations/21230747', 'id': '21230747', 'status': 'PENDING', 'description': "Apply software changes, triggered from PySys: [{'name': 'rolldice', 'id': '5152439', 'version': '::apt', 'url': 'https://thin-edge-io.eu-latest.cumulocity.com/inventory/binaries/12435463', 'action': 'install'}]", 'c8y_SoftwareUpdate': [{'name': 'rolldice', 'action': 'install', 'id': '5152439', 'version': '::apt', 'url': 'https://thin-edge-io.eu-latest.cumulocity.com/inventory/binaries/12435463'}]}
02:20:56 WARN  , retrying in 0.5 seconds...
02:20:57 WARN  , retrying in 0.5 seconds...
02:20:57 WARN  , retrying in 0.5 seconds...
02:20:58 WARN  , retrying in 0.5 seconds...
02:20:58 WARN  , retrying in 0.5 seconds...
02:20:59 WARN  , retrying in 0.5 seconds...
02:20:59 WARN  , retrying in 0.5 seconds...
02:21:00 WARN  , retrying in 0.5 seconds...
02:21:00 WARN  , retrying in 0.5 seconds...
02:21:01 WARN  AssertionError occurred while running test - 
Traceback (most recent call last):
  File "/home/pi/env-pysys/lib/python3.7/site-packages/pysys/baserunner.py", line 1294, in __call__
    self.testObj.execute()
  File "/home/pi/actions-runner/_work/thin-edge.io/thin-edge.io/tests/PySys/software_management_end_to_end/sm_apt_install_download_path/run.py", line 83, in execute
    assert_install_in_download_path(install_directory=self.DOWNLOAD_DIR)
  File "/home/pi/env-pysys/lib/python3.7/site-packages/decorator.py", line 232, in fun
    return caller(func, *(extras + args), **kw)
  File "/home/pi/env-pysys/lib/python3.7/site-packages/retry/api.py", line 74, in retry_decorator
    logger)
  File "/home/pi/env-pysys/lib/python3.7/site-packages/retry/api.py", line 33, in __retry_internal
    return f()
  File "/home/pi/actions-runner/_work/thin-edge.io/thin-edge.io/tests/PySys/software_management_end_to_end/sm_apt_install_download_path/run.py", line 28, in assert_install_in_download_path
    assert "rolldice" in os.listdir(f"{install_directory}")
AssertionError
02:21:01 WARN  AssertionError: ... blocked 
02:21:01 INFO  
02:21:01 INFO  cleanup:
02:21:02 INFO  Executed sudo, exit status 0
02:21:02 INFO  Executed sudo, exit status 0
02:21:07 INFO  Executed sudo&lt;tedge_disconnect_c8y&gt;, exit status 0
02:21:07 INFO  Restarting mosquitto too frequently in the last 10 seconds. It was only up for 4 seconds
02:21:07 INFO  Delaying execution by 7 seconds
02:21:28 INFO  Executed sudo&lt;tedge_connect_c8y&gt;, exit status 0, duration 14 secs
02:21:32 INFO  Executed sudo&lt;tedge_disconnect_c8y&gt;, exit status 0
02:21:33 INFO  Executed systemctl&lt;serv_mapper5&gt;, exit status 3
02:21:33 INFO  
02:21:33 INFO  Test duration: 85.38 secs
02:21:33 INFO  Test final outcome:  BLOCKED
02:21:33 INFO  Test outcome reason: AssertionError:
02:21:33 INFO  
</system-out>
	</testcase>
<testcase classname="AptInstallWithDownloadPath" name="SoftwareManagement.sm_apt_install_download_path">
		<failure message="BLOCKED: AssertionError:" type="BLOCKED" />
		<system-out>02:47:25 INFO  ==============================================================
02:47:25 INFO  Id:    SoftwareManagement.sm_apt_install_download_path
02:47:25 INFO  Dir:   software_management_end_to_end/
02:47:25 INFO  Title: Install package to directory specified in tedge config set tmp.path
02:47:25 INFO  ==============================================================
02:47:27 INFO  Using sw id database: {'asciijump': '5475369', 'robotfindskitten': '5474869', 'squirrel3': '5475279', 'rolldice': '5152439', 'moon-buggy': '5439204', 'apple': '5495053', 'banana': '5494888', 'cherry': '5495382', 'watermelon': '5494510', 'registry': '8018911', 'hello-world': '8021526', 'docker/getting-started': '8021973', 'alpine': '7991792'}
02:47:27 INFO  EnvironmentC8y Setup
02:47:27 INFO  Executed systemctl&lt;serv_mapper1&gt;, exit status 3
02:47:42 INFO  Executed sudo&lt;tedge_connect_c8y&gt;, exit status 0, duration 14 secs
02:47:42 INFO  Executed sudo&lt;tedge_connect_c8y_test&gt;, exit status 0
02:47:43 INFO  Executed systemctl&lt;serv_mosq2&gt;, exit status 0
02:47:43 INFO  Executed systemctl&lt;serv_mapper3&gt;, exit status 0
02:47:45 INFO  State of current operation: SUCCESSFUL
02:47:46 INFO  Assert that (False == value) with value=False ... passed
02:47:46 INFO  Executed sudo, exit status 0
02:47:47 INFO  Executed sudo, exit status 0
02:47:47 INFO  Executed sudo, exit status 0
02:47:51 INFO  Executed sudo&lt;tedge_disconnect_c8y&gt;, exit status 0
02:47:51 INFO  Restarting mosquitto too frequently in the last 10 seconds. It was only up for 3 seconds
02:47:51 INFO  Delaying execution by 8 seconds
02:48:13 INFO  Executed sudo&lt;tedge_connect_c8y&gt;, exit status 0, duration 13 secs
02:48:13 INFO  Response status: 201
02:48:13 INFO  Response to action: {
    "delivery": {
        "log": [],
        "time": "2022-07-22T02:48:13.835Z",
        "status": "PENDING"
    },
    "creationTime": "2022-07-22T02:48:13.817Z",
    "deviceId": "21166555",
    "deviceName": "m32sd10d",
    "self": "https://t493319102.eu-latest.cumulocity.com/devicecontrol/operations/21230844",
    "id": "21230844",
    "status": "PENDING",
    "description": "Apply software changes, triggered from PySys: [{'name': 'rolldice', 'id': '5152439', 'version': '::apt', 'url': 'https://thin-edge-io.eu-latest.cumulocity.com/inventory/binaries/12435463', 'action': 'install'}]",
    "c8y_SoftwareUpdate": [
        {
            "name": "rolldice",
            "action": "install",
            "id": "5152439",
            "version": "::apt",
            "url": "https://thin-edge-io.eu-latest.cumulocity.com/inventory/binaries/12435463"
        }
    ]
}
02:48:13 INFO  Started operation: {'delivery': {'log': [], 'time': '2022-07-22T02:48:13.835Z', 'status': 'PENDING'}, 'creationTime': '2022-07-22T02:48:13.817Z', 'deviceId': '21166555', 'deviceName': 'm32sd10d', 'self': 'https://t493319102.eu-latest.cumulocity.com/devicecontrol/operations/21230844', 'id': '21230844', 'status': 'PENDING', 'description': "Apply software changes, triggered from PySys: [{'name': 'rolldice', 'id': '5152439', 'version': '::apt', 'url': 'https://thin-edge-io.eu-latest.cumulocity.com/inventory/binaries/12435463', 'action': 'install'}]", 'c8y_SoftwareUpdate': [{'name': 'rolldice', 'action': 'install', 'id': '5152439', 'version': '::apt', 'url': 'https://thin-edge-io.eu-latest.cumulocity.com/inventory/binaries/12435463'}]}
02:48:13 WARN  , retrying in 0.5 seconds...
02:48:14 WARN  , retrying in 0.5 seconds...
02:48:14 WARN  , retrying in 0.5 seconds...
02:48:15 WARN  , retrying in 0.5 seconds...
02:48:15 WARN  , retrying in 0.5 seconds...
02:48:16 WARN  , retrying in 0.5 seconds...
02:48:16 WARN  , retrying in 0.5 seconds...
02:48:17 WARN  , retrying in 0.5 seconds...
02:48:17 WARN  , retrying in 0.5 seconds...
02:48:18 WARN  AssertionError occurred while running test - 
Traceback (most recent call last):
  File "/home/pi/env-pysys/lib/python3.7/site-packages/pysys/baserunner.py", line 1294, in __call__
    self.testObj.execute()
  File "/home/pi/actions-runner/_work/thin-edge.io/thin-edge.io/tests/PySys/software_management_end_to_end/sm_apt_install_download_path/run.py", line 83, in execute
    assert_install_in_download_path(install_directory=self.DOWNLOAD_DIR)
  File "/home/pi/env-pysys/lib/python3.7/site-packages/decorator.py", line 232, in fun
    return caller(func, *(extras + args), **kw)
  File "/home/pi/env-pysys/lib/python3.7/site-packages/retry/api.py", line 74, in retry_decorator
    logger)
  File "/home/pi/env-pysys/lib/python3.7/site-packages/retry/api.py", line 33, in __retry_internal
    return f()
  File "/home/pi/actions-runner/_work/thin-edge.io/thin-edge.io/tests/PySys/software_management_end_to_end/sm_apt_install_download_path/run.py", line 28, in assert_install_in_download_path
    assert "rolldice" in os.listdir(f"{install_directory}")
AssertionError
02:48:18 WARN  AssertionError: ... blocked 
02:48:18 INFO  
02:48:18 INFO  cleanup:
02:48:18 INFO  Executed sudo, exit status 0
02:48:19 INFO  Executed sudo, exit status 0
02:48:24 INFO  Executed sudo&lt;tedge_disconnect_c8y&gt;, exit status 0
02:48:24 INFO  Restarting mosquitto too frequently in the last 10 seconds. It was only up for 4 seconds
02:48:24 INFO  Delaying execution by 7 seconds
02:48:45 INFO  Executed sudo&lt;tedge_connect_c8y&gt;, exit status 0, duration 13 secs
02:48:49 INFO  Executed sudo&lt;tedge_disconnect_c8y&gt;, exit status 0
02:48:49 INFO  Executed systemctl&lt;serv_mapper5&gt;, exit status 3
02:48:49 INFO  
02:48:49 INFO  Test duration: 83.94 secs
02:48:49 INFO  Test final outcome:  BLOCKED
02:48:49 INFO  Test outcome reason: AssertionError:
02:48:49 INFO  
</system-out>
	</testcase>
</testsuite><testsuite name="SoftwareManagement.sm_apt_install_fail" tests="3" errors="0" failures="0" skipped="1" time="0"><testcase classname="PySysTest" name="SoftwareManagement.sm_apt_install_fail">
		<skipped message="SKIPPED: Testing the apt plugin is not supported on this platform.Use parameter -XmyPlatform='container' to enable it" />
		<system-out>01:56:56 INFO  ==============================================================
01:56:56 INFO  Id:    SoftwareManagement.sm_apt_install_fail
01:56:56 INFO  Dir:   software_management_end_to_end/
01:56:56 INFO  Title: Validate end to end behaviour for a failing installation
01:56:56 INFO  ==============================================================
01:56:56 INFO  Testing the apt plugin is not supported on this platform.Use parameter -XmyPlatform='container' to enable it ... skipped
01:56:56 WARN  Aborted test due to SKIPPED outcome
01:56:56 INFO  
01:56:56 INFO  Test duration: 0.02 secs
01:56:56 INFO  Test final outcome:  SKIPPED
01:56:56 INFO  Test outcome reason: Testing the apt plugin is not supported on this platform.Use parameter -XmyPlatform='container' to enable it
01:56:56 INFO  
</system-out>
	</testcase>
<testcase classname="PySysTest" name="SoftwareManagement.sm_apt_install_fail" />
<testcase classname="PySysTest" name="SoftwareManagement.sm_apt_install_fail" />
</testsuite><testsuite name="SoftwareManagement.sm_apt_install_remove" tests="3" errors="0" failures="0" skipped="1" time="0"><testcase classname="PySysTest" name="SoftwareManagement.sm_apt_install_remove">
		<skipped message="SKIPPED: Testing the apt plugin is not supported on this platform.Use parameter -XmyPlatform='container' to enable it" />
		<system-out>01:56:56 INFO  ==============================================================
01:56:56 INFO  Id:    SoftwareManagement.sm_apt_install_remove
01:56:56 INFO  Dir:   software_management_end_to_end/
01:56:56 INFO  Title: Validate end to end behaviour for the apt plugin for installation and removal of packages
01:56:56 INFO  ==============================================================
01:56:56 INFO  Testing the apt plugin is not supported on this platform.Use parameter -XmyPlatform='container' to enable it ... skipped
01:56:56 WARN  Aborted test due to SKIPPED outcome
01:56:56 INFO  
01:56:56 INFO  Test duration: 0.02 secs
01:56:56 INFO  Test final outcome:  SKIPPED
01:56:56 INFO  Test outcome reason: Testing the apt plugin is not supported on this platform.Use parameter -XmyPlatform='container' to enable it
01:56:56 INFO  
</system-out>
	</testcase>
<testcase classname="PySysTest" name="SoftwareManagement.sm_apt_install_remove" />
<testcase classname="PySysTest" name="SoftwareManagement.sm_apt_install_remove" />
</testsuite><testsuite name="SoftwareManagement.sm_apt_install_remove_default" tests="3" errors="0" failures="0" skipped="1" time="0"><testcase classname="PySysTest" name="SoftwareManagement.sm_apt_install_remove_default">
		<skipped message="SKIPPED: Testing the apt plugin is not supported on this platform.Use parameter -XmyPlatform='container' to enable it" />
		<system-out>01:56:56 INFO  ==============================================================
01:56:56 INFO  Id:    SoftwareManagement.sm_apt_install_remove_default
01:56:56 INFO  Dir:   software_management_end_to_end/
01:56:56 INFO  Title: Validate end to end behaviour for the default plugin for installation and removal of packages
01:56:56 INFO  ==============================================================
01:56:56 INFO  Testing the apt plugin is not supported on this platform.Use parameter -XmyPlatform='container' to enable it ... skipped
01:56:56 WARN  Aborted test due to SKIPPED outcome
01:56:56 INFO  
01:56:56 INFO  Test duration: 0.02 secs
01:56:56 INFO  Test final outcome:  SKIPPED
01:56:56 INFO  Test outcome reason: Testing the apt plugin is not supported on this platform.Use parameter -XmyPlatform='container' to enable it
01:56:56 INFO  
</system-out>
	</testcase>
<testcase classname="PySysTest" name="SoftwareManagement.sm_apt_install_remove_default" />
<testcase classname="PySysTest" name="SoftwareManagement.sm_apt_install_remove_default" />
</testsuite><testsuite name="SoftwareManagement.sm_apt_install_remove_multiple" tests="3" errors="0" failures="2" skipped="1" time="0"><testcase classname="PySysTest" name="SoftwareManagement.sm_apt_install_remove_multiple">
		<skipped message="SKIPPED: Testing the apt plugin is not supported on this platform.Use parameter -XmyPlatform='container' to enable it" />
		<system-out>01:56:56 INFO  ==============================================================
01:56:56 INFO  Id:    SoftwareManagement.sm_apt_install_remove_multiple
01:56:56 INFO  Dir:   software_management_end_to_end/
01:56:56 INFO  Title: Validate end to end behaviour for the apt plugin for multiple packages
01:56:56 INFO  ==============================================================
01:56:56 INFO  Testing the apt plugin is not supported on this platform.Use parameter -XmyPlatform='container' to enable it ... skipped
01:56:56 WARN  Aborted test due to SKIPPED outcome
01:56:56 INFO  
01:56:56 INFO  Test duration: 0.02 secs
01:56:56 INFO  Test final outcome:  SKIPPED
01:56:56 INFO  Test outcome reason: Testing the apt plugin is not supported on this platform.Use parameter -XmyPlatform='container' to enable it
01:56:56 INFO  
</system-out>
	</testcase>
<testcase classname="PySysTest" name="SoftwareManagement.sm_apt_install_remove_multiple">
		<failure message="FAILED: Assert that (False == value) with value=True" type="FAILED" />
		<system-out>02:28:22 INFO  ==============================================================
02:28:22 INFO  Id:    SoftwareManagement.sm_apt_install_remove_multiple
02:28:22 INFO  Dir:   software_management_end_to_end/
02:28:22 INFO  Title: Validate end to end behaviour for the apt plugin for multiple packages
02:28:22 INFO  ==============================================================
02:28:22 INFO  Using sw id database: {'asciijump': '5475369', 'robotfindskitten': '5474869', 'squirrel3': '5475279', 'rolldice': '5152439', 'moon-buggy': '5439204', 'apple': '5495053', 'banana': '5494888', 'cherry': '5495382', 'watermelon': '5494510', 'registry': '8018911', 'hello-world': '8021526', 'docker/getting-started': '8021973', 'alpine': '7991792'}
02:28:22 INFO  EnvironmentC8y Setup
02:28:23 INFO  Executed systemctl&lt;serv_mapper1&gt;, exit status 3
02:28:23 INFO  Restarting mosquitto too frequently in the last 10 seconds. It was only up for 5 seconds
02:28:23 INFO  Delaying execution by 6 seconds
02:28:43 INFO  Executed sudo&lt;tedge_connect_c8y&gt;, exit status 0, duration 14 secs
02:28:43 INFO  Executed sudo&lt;tedge_connect_c8y_test&gt;, exit status 0
02:28:44 INFO  Executed systemctl&lt;serv_mosq2&gt;, exit status 0
02:28:44 INFO  Executed systemctl&lt;serv_mapper3&gt;, exit status 0
02:28:46 INFO  State of current operation: SUCCESSFUL
02:28:47 INFO  Assert that (False == value) with value=False ... passed
02:28:47 INFO  Assert that (False == value) with value=False ... passed
02:28:47 INFO  Assert that (False == value) with value=False ... passed
02:28:47 INFO  Package robotfindskitten is installed
02:28:47 WARN  Assert that (False == value) with value=True ... failed 
02:28:48 INFO  Response status: 201
02:28:48 INFO  Response to action: {
    "creationTime": "2022-07-22T02:28:48.128Z",
    "deviceId": "21166555",
    "deviceName": "m32sd10d",
    "self": "https://t493319102.eu-latest.cumulocity.com/devicecontrol/operations/21230759",
    "id": "21230759",
    "status": "PENDING",
    "description": "Apply software changes, triggered from PySys: [{'action': 'install', 'id': '5475369', 'name': 'asciijump', 'url': ' ', 'version': '::apt'}, {'action': 'install', 'id': '5474869', 'name': 'robotfindskitten', 'url': ' ', 'version': '::apt'}, {'action': 'install', 'id': '5475279', 'name': 'squirrel3', 'url': ' ', 'version': '::apt'}]",
    "c8y_SoftwareUpdate": [
        {
            "name": "asciijump",
            "action": "install",
            "id": "5475369",
            "version": "::apt",
            "url": " "
        },
        {
            "name": "robotfindskitten",
            "action": "install",
            "id": "5474869",
            "version": "::apt",
            "url": " "
        },
        {
            "name": "squirrel3",
            "action": "install",
            "id": "5475279",
            "version": "::apt",
            "url": " "
        }
    ]
}
02:28:48 INFO  Started operation: {'creationTime': '2022-07-22T02:28:48.128Z', 'deviceId': '21166555', 'deviceName': 'm32sd10d', 'self': 'https://t493319102.eu-latest.cumulocity.com/devicecontrol/operations/21230759', 'id': '21230759', 'status': 'PENDING', 'description': "Apply software changes, triggered from PySys: [{'action': 'install', 'id': '5475369', 'name': 'asciijump', 'url': ' ', 'version': '::apt'}, {'action': 'install', 'id': '5474869', 'name': 'robotfindskitten', 'url': ' ', 'version': '::apt'}, {'action': 'install', 'id': '5475279', 'name': 'squirrel3', 'url': ' ', 'version': '::apt'}]", 'c8y_SoftwareUpdate': [{'name': 'asciijump', 'action': 'install', 'id': '5475369', 'version': '::apt', 'url': ' '}, {'name': 'robotfindskitten', 'action': 'install', 'id': '5474869', 'version': '::apt', 'url': ' '}, {'name': 'squirrel3', 'action': 'install', 'id': '5475279', 'version': '::apt', 'url': ' '}]}
02:28:50 INFO  State of operation 21230759 : PENDING
02:28:52 INFO  State of operation 21230759 : EXECUTING
02:28:54 INFO  State of operation 21230759 : EXECUTING
02:28:57 INFO  State of operation 21230759 : EXECUTING
02:28:59 INFO  State of operation 21230759 : EXECUTING
02:29:01 INFO  State of operation 21230759 : EXECUTING
02:29:04 INFO  State of operation 21230759 : EXECUTING
02:29:06 INFO  State of operation 21230759 : EXECUTING
02:29:09 INFO  State of operation 21230759 : EXECUTING
02:29:11 INFO  State of operation 21230759 : EXECUTING
02:29:13 INFO  State of operation 21230759 : EXECUTING
02:29:16 INFO  State of operation 21230759 : EXECUTING
02:29:18 INFO  State of operation 21230759 : EXECUTING
02:29:20 INFO  State of operation 21230759 : EXECUTING
02:29:22 INFO  State of operation 21230759 : EXECUTING
02:29:25 INFO  State of operation 21230759 : EXECUTING
02:29:27 INFO  State of operation 21230759 : EXECUTING
02:29:30 INFO  State of operation 21230759 : EXECUTING
02:29:32 INFO  State of operation 21230759 : EXECUTING
02:29:34 INFO  State of operation 21230759 : EXECUTING
02:29:37 INFO  State of operation 21230759 : EXECUTING
02:29:39 INFO  State of operation 21230759 : EXECUTING
02:29:42 INFO  State of operation 21230759 : EXECUTING
02:29:45 INFO  State of operation 21230759 : EXECUTING
02:29:47 INFO  State of operation 21230759 : EXECUTING
02:29:50 INFO  State of operation 21230759 : EXECUTING
02:29:52 INFO  State of operation 21230759 : EXECUTING
02:29:55 INFO  State of operation 21230759 : EXECUTING
02:29:57 INFO  State of operation 21230759 : EXECUTING
02:30:00 INFO  State of operation 21230759 : EXECUTING
02:30:02 INFO  State of operation 21230759 : EXECUTING
02:30:04 INFO  State of operation 21230759 : EXECUTING
02:30:06 INFO  State of operation 21230759 : EXECUTING
02:30:09 INFO  State of operation 21230759 : SUCCESSFUL
02:30:09 INFO  Assert that (False == value) with value=False ... passed
02:30:09 INFO  Package asciijump is installed
02:30:09 INFO  Assert that (True == value) with value=True ... passed
02:30:09 INFO  Package squirrel3 is installed
02:30:09 INFO  Assert that (True == value) with value=True ... passed
02:30:09 INFO  Package robotfindskitten is installed
02:30:09 INFO  Assert that (True == value) with value=True ... passed
02:30:10 INFO  Response status: 201
02:30:10 INFO  Response to action: {
    "creationTime": "2022-07-22T02:30:10.097Z",
    "deviceId": "21166555",
    "deviceName": "m32sd10d",
    "self": "https://t493319102.eu-latest.cumulocity.com/devicecontrol/operations/21230761",
    "id": "21230761",
    "status": "PENDING",
    "description": "Apply software changes, triggered from PySys: [{'action': 'delete', 'id': '5475369', 'name': 'asciijump', 'url': ' ', 'version': '::apt'}, {'action': 'delete', 'id': '5474869', 'name': 'robotfindskitten', 'url': ' ', 'version': '::apt'}, {'action': 'delete', 'id': '5475279', 'name': 'squirrel3', 'url': ' ', 'version': '::apt'}]",
    "c8y_SoftwareUpdate": [
        {
            "name": "asciijump",
            "action": "delete",
            "id": "5475369",
            "version": "::apt",
            "url": " "
        },
        {
            "name": "robotfindskitten",
            "action": "delete",
            "id": "5474869",
            "version": "::apt",
            "url": " "
        },
        {
            "name": "squirrel3",
            "action": "delete",
            "id": "5475279",
            "version": "::apt",
            "url": " "
        }
    ]
}
02:30:10 INFO  Started operation: {'creationTime': '2022-07-22T02:30:10.097Z', 'deviceId': '21166555', 'deviceName': 'm32sd10d', 'self': 'https://t493319102.eu-latest.cumulocity.com/devicecontrol/operations/21230761', 'id': '21230761', 'status': 'PENDING', 'description': "Apply software changes, triggered from PySys: [{'action': 'delete', 'id': '5475369', 'name': 'asciijump', 'url': ' ', 'version': '::apt'}, {'action': 'delete', 'id': '5474869', 'name': 'robotfindskitten', 'url': ' ', 'version': '::apt'}, {'action': 'delete', 'id': '5475279', 'name': 'squirrel3', 'url': ' ', 'version': '::apt'}]", 'c8y_SoftwareUpdate': [{'name': 'asciijump', 'action': 'delete', 'id': '5475369', 'version': '::apt', 'url': ' '}, {'name': 'robotfindskitten', 'action': 'delete', 'id': '5474869', 'version': '::apt', 'url': ' '}, {'name': 'squirrel3', 'action': 'delete', 'id': '5475279', 'version': '::apt', 'url': ' '}]}
02:30:12 INFO  State of operation 21230761 : PENDING
02:30:14 INFO  State of operation 21230761 : EXECUTING
02:30:17 INFO  State of operation 21230761 : EXECUTING
02:30:19 INFO  State of operation 21230761 : EXECUTING
02:30:21 INFO  State of operation 21230761 : EXECUTING
02:30:23 INFO  State of operation 21230761 : EXECUTING
02:30:26 INFO  State of operation 21230761 : EXECUTING
02:30:29 INFO  State of operation 21230761 : EXECUTING
02:30:31 INFO  State of operation 21230761 : EXECUTING
02:30:34 INFO  State of operation 21230761 : EXECUTING
02:30:36 INFO  State of operation 21230761 : EXECUTING
02:30:38 INFO  State of operation 21230761 : EXECUTING
02:30:40 INFO  State of operation 21230761 : EXECUTING
02:30:42 INFO  State of operation 21230761 : EXECUTING
02:30:45 INFO  State of operation 21230761 : EXECUTING
02:30:47 INFO  State of operation 21230761 : EXECUTING
02:30:49 INFO  State of operation 21230761 : EXECUTING
02:30:52 INFO  State of operation 21230761 : EXECUTING
02:30:55 INFO  State of operation 21230761 : EXECUTING
02:30:57 INFO  State of operation 21230761 : EXECUTING
02:30:59 INFO  State of operation 21230761 : EXECUTING
02:31:01 INFO  State of operation 21230761 : EXECUTING
02:31:04 INFO  State of operation 21230761 : EXECUTING
02:31:06 INFO  State of operation 21230761 : EXECUTING
02:31:08 INFO  State of operation 21230761 : EXECUTING
02:31:11 INFO  State of operation 21230761 : EXECUTING
02:31:13 INFO  State of operation 21230761 : EXECUTING
02:31:15 INFO  State of operation 21230761 : SUCCESSFUL
02:31:15 INFO  Assert that (False == value) with value=False ... passed
02:31:16 INFO  Assert that (False == value) with value=False ... passed
02:31:16 INFO  Assert that (False == value) with value=False ... passed
02:31:16 INFO  Assert that (False == value) with value=False ... passed
02:31:16 INFO  
02:31:16 INFO  cleanup:
02:31:20 INFO  Executed sudo&lt;tedge_disconnect_c8y&gt;, exit status 0
02:31:21 INFO  Executed systemctl&lt;serv_mapper5&gt;, exit status 3
02:31:21 INFO  
02:31:21 INFO  Test duration: 178.75 secs
02:31:21 INFO  Test final outcome:  FAILED
02:31:21 INFO  Test outcome reason: Assert that (False == value) with value=True
02:31:21 INFO  
</system-out>
	</testcase>
<testcase classname="PySysTest" name="SoftwareManagement.sm_apt_install_remove_multiple">
		<failure message="FAILED: Assert that (False == value) with value=True (+2 other failures)" type="FAILED" />
		<system-out>02:55:19 INFO  ==============================================================
02:55:19 INFO  Id:    SoftwareManagement.sm_apt_install_remove_multiple
02:55:19 INFO  Dir:   software_management_end_to_end/
02:55:19 INFO  Title: Validate end to end behaviour for the apt plugin for multiple packages
02:55:19 INFO  ==============================================================
02:55:19 INFO  Using sw id database: {'asciijump': '5475369', 'robotfindskitten': '5474869', 'squirrel3': '5475279', 'rolldice': '5152439', 'moon-buggy': '5439204', 'apple': '5495053', 'banana': '5494888', 'cherry': '5495382', 'watermelon': '5494510', 'registry': '8018911', 'hello-world': '8021526', 'docker/getting-started': '8021973', 'alpine': '7991792'}
02:55:19 INFO  EnvironmentC8y Setup
02:55:20 INFO  Executed systemctl&lt;serv_mapper1&gt;, exit status 3
02:55:20 INFO  Restarting mosquitto too frequently in the last 10 seconds. It was only up for 5 seconds
02:55:20 INFO  Delaying execution by 6 seconds
02:55:40 INFO  Executed sudo&lt;tedge_connect_c8y&gt;, exit status 0, duration 13 secs
02:55:40 INFO  Executed sudo&lt;tedge_connect_c8y_test&gt;, exit status 0
02:55:41 INFO  Executed systemctl&lt;serv_mosq2&gt;, exit status 0
02:55:41 INFO  Executed systemctl&lt;serv_mapper3&gt;, exit status 0
02:55:43 INFO  State of current operation: SUCCESSFUL
02:55:44 INFO  Assert that (False == value) with value=False ... passed
02:55:44 INFO  Package asciijump is installed
02:55:44 WARN  Assert that (False == value) with value=True ... failed 
02:55:44 INFO  Package squirrel3 is installed
02:55:44 WARN  Assert that (False == value) with value=True ... failed 
02:55:45 INFO  Package robotfindskitten is installed
02:55:45 WARN  Assert that (False == value) with value=True ... failed 
02:55:45 INFO  Response status: 201
02:55:45 INFO  Response to action: {
    "creationTime": "2022-07-22T02:55:45.393Z",
    "deviceId": "21166555",
    "deviceName": "m32sd10d",
    "self": "https://t493319102.eu-latest.cumulocity.com/devicecontrol/operations/21230880",
    "id": "21230880",
    "status": "PENDING",
    "description": "Apply software changes, triggered from PySys: [{'action': 'install', 'id': '5475369', 'name': 'asciijump', 'url': ' ', 'version': '::apt'}, {'action': 'install', 'id': '5474869', 'name': 'robotfindskitten', 'url': ' ', 'version': '::apt'}, {'action': 'install', 'id': '5475279', 'name': 'squirrel3', 'url': ' ', 'version': '::apt'}]",
    "c8y_SoftwareUpdate": [
        {
            "name": "asciijump",
            "action": "install",
            "id": "5475369",
            "version": "::apt",
            "url": " "
        },
        {
            "name": "robotfindskitten",
            "action": "install",
            "id": "5474869",
            "version": "::apt",
            "url": " "
        },
        {
            "name": "squirrel3",
            "action": "install",
            "id": "5475279",
            "version": "::apt",
            "url": " "
        }
    ]
}
02:55:45 INFO  Started operation: {'creationTime': '2022-07-22T02:55:45.393Z', 'deviceId': '21166555', 'deviceName': 'm32sd10d', 'self': 'https://t493319102.eu-latest.cumulocity.com/devicecontrol/operations/21230880', 'id': '21230880', 'status': 'PENDING', 'description': "Apply software changes, triggered from PySys: [{'action': 'install', 'id': '5475369', 'name': 'asciijump', 'url': ' ', 'version': '::apt'}, {'action': 'install', 'id': '5474869', 'name': 'robotfindskitten', 'url': ' ', 'version': '::apt'}, {'action': 'install', 'id': '5475279', 'name': 'squirrel3', 'url': ' ', 'version': '::apt'}]", 'c8y_SoftwareUpdate': [{'name': 'asciijump', 'action': 'install', 'id': '5475369', 'version': '::apt', 'url': ' '}, {'name': 'robotfindskitten', 'action': 'install', 'id': '5474869', 'version': '::apt', 'url': ' '}, {'name': 'squirrel3', 'action': 'install', 'id': '5475279', 'version': '::apt', 'url': ' '}]}
02:55:47 INFO  State of operation 21230880 : PENDING
02:55:49 INFO  State of operation 21230880 : EXECUTING
02:55:52 INFO  State of operation 21230880 : EXECUTING
02:55:54 INFO  State of operation 21230880 : EXECUTING
02:55:56 INFO  State of operation 21230880 : EXECUTING
02:55:58 INFO  State of operation 21230880 : EXECUTING
02:56:01 INFO  State of operation 21230880 : EXECUTING
02:56:04 INFO  State of operation 21230880 : EXECUTING
02:56:07 INFO  State of operation 21230880 : EXECUTING
02:56:09 INFO  State of operation 21230880 : EXECUTING
02:56:11 INFO  State of operation 21230880 : EXECUTING
02:56:13 INFO  State of operation 21230880 : EXECUTING
02:56:16 INFO  State of operation 21230880 : EXECUTING
02:56:18 INFO  State of operation 21230880 : EXECUTING
02:56:20 INFO  State of operation 21230880 : EXECUTING
02:56:22 INFO  State of operation 21230880 : SUCCESSFUL
02:56:22 INFO  Assert that (False == value) with value=False ... passed
02:56:23 INFO  Package asciijump is installed
02:56:23 INFO  Assert that (True == value) with value=True ... passed
02:56:23 INFO  Package squirrel3 is installed
02:56:23 INFO  Assert that (True == value) with value=True ... passed
02:56:23 INFO  Package robotfindskitten is installed
02:56:23 INFO  Assert that (True == value) with value=True ... passed
02:56:23 INFO  Response status: 201
02:56:23 INFO  Response to action: {
    "creationTime": "2022-07-22T02:56:23.825Z",
    "deviceId": "21166555",
    "deviceName": "m32sd10d",
    "self": "https://t493319102.eu-latest.cumulocity.com/devicecontrol/operations/21230884",
    "id": "21230884",
    "status": "PENDING",
    "description": "Apply software changes, triggered from PySys: [{'action': 'delete', 'id': '5475369', 'name': 'asciijump', 'url': ' ', 'version': '::apt'}, {'action': 'delete', 'id': '5474869', 'name': 'robotfindskitten', 'url': ' ', 'version': '::apt'}, {'action': 'delete', 'id': '5475279', 'name': 'squirrel3', 'url': ' ', 'version': '::apt'}]",
    "c8y_SoftwareUpdate": [
        {
            "name": "asciijump",
            "action": "delete",
            "id": "5475369",
            "version": "::apt",
            "url": " "
        },
        {
            "name": "robotfindskitten",
            "action": "delete",
            "id": "5474869",
            "version": "::apt",
            "url": " "
        },
        {
            "name": "squirrel3",
            "action": "delete",
            "id": "5475279",
            "version": "::apt",
            "url": " "
        }
    ]
}
02:56:23 INFO  Started operation: {'creationTime': '2022-07-22T02:56:23.825Z', 'deviceId': '21166555', 'deviceName': 'm32sd10d', 'self': 'https://t493319102.eu-latest.cumulocity.com/devicecontrol/operations/21230884', 'id': '21230884', 'status': 'PENDING', 'description': "Apply software changes, triggered from PySys: [{'action': 'delete', 'id': '5475369', 'name': 'asciijump', 'url': ' ', 'version': '::apt'}, {'action': 'delete', 'id': '5474869', 'name': 'robotfindskitten', 'url': ' ', 'version': '::apt'}, {'action': 'delete', 'id': '5475279', 'name': 'squirrel3', 'url': ' ', 'version': '::apt'}]", 'c8y_SoftwareUpdate': [{'name': 'asciijump', 'action': 'delete', 'id': '5475369', 'version': '::apt', 'url': ' '}, {'name': 'robotfindskitten', 'action': 'delete', 'id': '5474869', 'version': '::apt', 'url': ' '}, {'name': 'squirrel3', 'action': 'delete', 'id': '5475279', 'version': '::apt', 'url': ' '}]}
02:56:26 INFO  State of operation 21230884 : PENDING
02:56:28 INFO  State of operation 21230884 : EXECUTING
02:56:30 INFO  State of operation 21230884 : EXECUTING
02:56:33 INFO  State of operation 21230884 : EXECUTING
02:56:35 INFO  State of operation 21230884 : EXECUTING
02:56:37 INFO  State of operation 21230884 : EXECUTING
02:56:40 INFO  State of operation 21230884 : EXECUTING
02:56:43 INFO  State of operation 21230884 : EXECUTING
02:56:45 INFO  State of operation 21230884 : EXECUTING
02:56:48 INFO  State of operation 21230884 : EXECUTING
02:56:50 INFO  State of operation 21230884 : EXECUTING
02:56:52 INFO  State of operation 21230884 : EXECUTING
02:56:54 INFO  State of operation 21230884 : EXECUTING
02:56:56 INFO  State of operation 21230884 : EXECUTING
02:56:59 INFO  State of operation 21230884 : EXECUTING
02:57:01 INFO  State of operation 21230884 : EXECUTING
02:57:03 INFO  State of operation 21230884 : EXECUTING
02:57:06 INFO  State of operation 21230884 : EXECUTING
02:57:08 INFO  State of operation 21230884 : EXECUTING
02:57:11 INFO  State of operation 21230884 : EXECUTING
02:57:13 INFO  State of operation 21230884 : EXECUTING
02:57:15 INFO  State of operation 21230884 : EXECUTING
02:57:18 INFO  State of operation 21230884 : EXECUTING
02:57:20 INFO  State of operation 21230884 : EXECUTING
02:57:22 INFO  State of operation 21230884 : EXECUTING
02:57:25 INFO  State of operation 21230884 : EXECUTING
02:57:27 INFO  State of operation 21230884 : EXECUTING
02:57:29 INFO  State of operation 21230884 : EXECUTING
02:57:32 INFO  State of operation 21230884 : SUCCESSFUL
02:57:32 INFO  Assert that (False == value) with value=False ... passed
02:57:32 INFO  Assert that (False == value) with value=False ... passed
02:57:32 INFO  Assert that (False == value) with value=False ... passed
02:57:32 INFO  Assert that (False == value) with value=False ... passed
02:57:32 INFO  
02:57:32 INFO  cleanup:
02:57:36 INFO  Executed sudo&lt;tedge_disconnect_c8y&gt;, exit status 0
02:57:37 INFO  Executed systemctl&lt;serv_mapper5&gt;, exit status 3
02:57:37 INFO  
02:57:37 INFO  Test duration: 138.09 secs
02:57:37 INFO  Test final outcome:  FAILED
02:57:37 INFO  Test outcome reason: Assert that (False == value) with value=True (+2 other failures)
02:57:37 INFO  
</system-out>
	</testcase>
</testsuite><testsuite name="SoftwareManagement.sm_apt_install_remove_multiple_mixed" tests="3" errors="0" failures="2" skipped="1" time="0"><testcase classname="PySysTest" name="SoftwareManagement.sm_apt_install_remove_multiple_mixed">
		<skipped message="SKIPPED: Testing the apt plugin is not supported on this platform.Use parameter -XmyPlatform='container' to enable it" />
		<system-out>01:56:56 INFO  ==============================================================
01:56:56 INFO  Id:    SoftwareManagement.sm_apt_install_remove_multiple_mixed
01:56:56 INFO  Dir:   software_management_end_to_end/
01:56:56 INFO  Title: Validate end to end behaviour for the apt plugin for multiple packages with mixed versions
01:56:56 INFO  ==============================================================
01:56:56 INFO  Testing the apt plugin is not supported on this platform.Use parameter -XmyPlatform='container' to enable it ... skipped
01:56:56 WARN  Aborted test due to SKIPPED outcome
01:56:56 INFO  
01:56:56 INFO  Test duration: 0.02 secs
01:56:56 INFO  Test final outcome:  SKIPPED
01:56:56 INFO  Test outcome reason: Testing the apt plugin is not supported on this platform.Use parameter -XmyPlatform='container' to enable it
01:56:56 INFO  
</system-out>
	</testcase>
<testcase classname="PySysTest" name="SoftwareManagement.sm_apt_install_remove_multiple_mixed">
		<failure message="BLOCKED: SystemError: Timeout while waiting for status SUCCESSFUL or False" type="BLOCKED" />
		<system-out>02:31:21 INFO  ==============================================================
02:31:21 INFO  Id:    SoftwareManagement.sm_apt_install_remove_multiple_mixed
02:31:21 INFO  Dir:   software_management_end_to_end/
02:31:21 INFO  Title: Validate end to end behaviour for the apt plugin for multiple packages with mixed versions
02:31:21 INFO  ==============================================================
02:31:21 INFO  Using sw id database: {'asciijump': '5475369', 'robotfindskitten': '5474869', 'squirrel3': '5475279', 'rolldice': '5152439', 'moon-buggy': '5439204', 'apple': '5495053', 'banana': '5494888', 'cherry': '5495382', 'watermelon': '5494510', 'registry': '8018911', 'hello-world': '8021526', 'docker/getting-started': '8021973', 'alpine': '7991792'}
02:31:21 INFO  EnvironmentC8y Setup
02:31:21 INFO  Executed systemctl&lt;serv_mapper1&gt;, exit status 3
02:31:22 INFO  Restarting mosquitto too frequently in the last 10 seconds. It was only up for 5 seconds
02:31:22 INFO  Delaying execution by 6 seconds
02:31:41 INFO  Executed sudo&lt;tedge_connect_c8y&gt;, exit status 0, duration 13 secs
02:31:42 INFO  Executed sudo&lt;tedge_connect_c8y_test&gt;, exit status 0
02:31:42 INFO  Executed systemctl&lt;serv_mosq2&gt;, exit status 0
02:31:43 INFO  Executed systemctl&lt;serv_mapper3&gt;, exit status 0
02:31:45 INFO  State of current operation: SUCCESSFUL
02:31:45 INFO  Assert that (False == value) with value=False ... passed
02:31:46 INFO  Assert that (False == value) with value=False ... passed
02:31:46 INFO  Assert that (False == value) with value=False ... passed
02:31:46 INFO  Assert that (False == value) with value=False ... passed
02:31:46 INFO  Assert that (False == value) with value=False ... passed
02:31:48 INFO  Response status: 201
02:31:48 INFO  Response to action: {
    "creationTime": "2022-07-22T02:31:48.017Z",
    "deviceId": "21166555",
    "deviceName": "m32sd10d",
    "self": "https://t493319102.eu-latest.cumulocity.com/devicecontrol/operations/21230763",
    "id": "21230763",
    "status": "PENDING",
    "description": "Apply software changes, triggered from PySys: [{'action': 'install', 'id': '5475369', 'name': 'asciijump', 'url': ' ', 'version': '::apt'}, {'action': 'install', 'id': '5474869', 'name': 'robotfindskitten', 'url': ' ', 'version': ' '}, {'action': 'install', 'id': '5475279', 'name': 'squirrel3', 'url': ' ', 'version': '3.1-7::apt'}, {'action': 'install', 'id': '5152439', 'name': 'rolldice', 'url': ' ', 'version': '1.16-1+b1'}, {'action': 'install', 'id': '5439204', 'name': 'moon-buggy', 'url': ' ', 'version': '1:1.0.51-12'}, {'action': 'install', 'id': '5475369', 'name': 'asciijump', 'url': ' ', 'version': '::apt'}]",
    "c8y_SoftwareUpdate": [
        {
            "name": "asciijump",
            "action": "install",
            "id": "5475369",
            "version": "::apt",
            "url": " "
        },
        {
            "name": "robotfindskitten",
            "action": "install",
            "id": "5474869",
            "version": " ",
            "url": " "
        },
        {
            "name": "squirrel3",
            "action": "install",
            "id": "5475279",
            "version": "3.1-7::apt",
            "url": " "
        },
        {
            "name": "rolldice",
            "action": "install",
            "id": "5152439",
            "version": "1.16-1+b1",
            "url": " "
        },
        {
            "name": "moon-buggy",
            "action": "install",
            "id": "5439204",
            "version": "1:1.0.51-12",
            "url": " "
        },
        {
            "name": "asciijump",
            "action": "install",
            "id": "5475369",
            "version": "::apt",
            "url": " "
        }
    ]
}
02:31:48 INFO  Started operation: {'creationTime': '2022-07-22T02:31:48.017Z', 'deviceId': '21166555', 'deviceName': 'm32sd10d', 'self': 'https://t493319102.eu-latest.cumulocity.com/devicecontrol/operations/21230763', 'id': '21230763', 'status': 'PENDING', 'description': "Apply software changes, triggered from PySys: [{'action': 'install', 'id': '5475369', 'name': 'asciijump', 'url': ' ', 'version': '::apt'}, {'action': 'install', 'id': '5474869', 'name': 'robotfindskitten', 'url': ' ', 'version': ' '}, {'action': 'install', 'id': '5475279', 'name': 'squirrel3', 'url': ' ', 'version': '3.1-7::apt'}, {'action': 'install', 'id': '5152439', 'name': 'rolldice', 'url': ' ', 'version': '1.16-1+b1'}, {'action': 'install', 'id': '5439204', 'name': 'moon-buggy', 'url': ' ', 'version': '1:1.0.51-12'}, {'action': 'install', 'id': '5475369', 'name': 'asciijump', 'url': ' ', 'version': '::apt'}]", 'c8y_SoftwareUpdate': [{'name': 'asciijump', 'action': 'install', 'id': '5475369', 'version': '::apt', 'url': ' '}, {'name': 'robotfindskitten', 'action': 'install', 'id': '5474869', 'version': ' ', 'url': ' '}, {'name': 'squirrel3', 'action': 'install', 'id': '5475279', 'version': '3.1-7::apt', 'url': ' '}, {'name': 'rolldice', 'action': 'install', 'id': '5152439', 'version': '1.16-1+b1', 'url': ' '}, {'name': 'moon-buggy', 'action': 'install', 'id': '5439204', 'version': '1:1.0.51-12', 'url': ' '}, {'name': 'asciijump', 'action': 'install', 'id': '5475369', 'version': '::apt', 'url': ' '}]}
02:31:50 INFO  State of operation 21230763 : PENDING
02:31:52 INFO  State of operation 21230763 : EXECUTING
02:31:54 INFO  State of operation 21230763 : EXECUTING
02:31:56 INFO  State of operation 21230763 : EXECUTING
02:31:59 INFO  State of operation 21230763 : EXECUTING
02:32:01 INFO  State of operation 21230763 : EXECUTING
02:32:04 INFO  State of operation 21230763 : EXECUTING
02:32:06 INFO  State of operation 21230763 : EXECUTING
02:32:09 INFO  State of operation 21230763 : EXECUTING
02:32:11 INFO  State of operation 21230763 : EXECUTING
02:32:13 INFO  State of operation 21230763 : EXECUTING
02:32:15 INFO  State of operation 21230763 : EXECUTING
02:32:18 INFO  State of operation 21230763 : EXECUTING
02:32:20 INFO  State of operation 21230763 : EXECUTING
02:32:22 INFO  State of operation 21230763 : EXECUTING
02:32:24 INFO  State of operation 21230763 : EXECUTING
02:32:27 INFO  State of operation 21230763 : EXECUTING
02:32:30 INFO  State of operation 21230763 : EXECUTING
02:32:32 INFO  State of operation 21230763 : EXECUTING
02:32:34 INFO  State of operation 21230763 : EXECUTING
02:32:36 INFO  State of operation 21230763 : EXECUTING
02:32:39 INFO  State of operation 21230763 : EXECUTING
02:32:41 INFO  State of operation 21230763 : EXECUTING
02:32:44 INFO  State of operation 21230763 : EXECUTING
02:32:46 INFO  State of operation 21230763 : EXECUTING
02:32:49 INFO  State of operation 21230763 : EXECUTING
02:32:51 INFO  State of operation 21230763 : EXECUTING
02:32:54 INFO  State of operation 21230763 : EXECUTING
02:32:56 INFO  State of operation 21230763 : EXECUTING
02:32:58 INFO  State of operation 21230763 : EXECUTING
02:33:01 INFO  State of operation 21230763 : EXECUTING
02:33:03 INFO  State of operation 21230763 : EXECUTING
02:33:05 INFO  State of operation 21230763 : EXECUTING
02:33:07 INFO  State of operation 21230763 : EXECUTING
02:33:10 INFO  State of operation 21230763 : EXECUTING
02:33:12 INFO  State of operation 21230763 : EXECUTING
02:33:14 INFO  State of operation 21230763 : EXECUTING
02:33:17 INFO  State of operation 21230763 : EXECUTING
02:33:20 INFO  State of operation 21230763 : EXECUTING
02:33:22 INFO  State of operation 21230763 : EXECUTING
02:33:24 INFO  State of operation 21230763 : EXECUTING
02:33:27 INFO  State of operation 21230763 : EXECUTING
02:33:29 INFO  State of operation 21230763 : EXECUTING
02:33:31 INFO  State of operation 21230763 : EXECUTING
02:33:33 INFO  State of operation 21230763 : EXECUTING
02:33:35 INFO  State of operation 21230763 : EXECUTING
02:33:38 INFO  State of operation 21230763 : EXECUTING
02:33:40 INFO  State of operation 21230763 : EXECUTING
02:33:42 INFO  State of operation 21230763 : EXECUTING
02:33:45 INFO  State of operation 21230763 : EXECUTING
02:33:47 INFO  State of operation 21230763 : EXECUTING
02:33:50 INFO  State of operation 21230763 : EXECUTING
02:33:52 INFO  State of operation 21230763 : EXECUTING
02:33:55 INFO  State of operation 21230763 : EXECUTING
02:33:57 INFO  State of operation 21230763 : EXECUTING
02:33:59 INFO  State of operation 21230763 : EXECUTING
02:34:01 INFO  State of operation 21230763 : EXECUTING
02:34:04 INFO  State of operation 21230763 : EXECUTING
02:34:06 INFO  State of operation 21230763 : EXECUTING
02:34:08 INFO  State of operation 21230763 : EXECUTING
02:34:11 INFO  State of operation 21230763 : EXECUTING
02:34:13 WARN  SystemError occurred while running test - Timeout while waiting for status SUCCESSFUL or False
Traceback (most recent call last):
  File "/home/pi/env-pysys/lib/python3.7/site-packages/pysys/baserunner.py", line 1294, in __call__
    self.testObj.execute()
  File "/home/pi/actions-runner/_work/thin-edge.io/thin-edge.io/tests/PySys/software_management_end_to_end/sm_apt_install_remove_multiple_mixed/run.py", line 89, in execute
    self.wait_until_succcess()
  File "/home/pi/actions-runner/_work/thin-edge.io/thin-edge.io/tests/PySys/software_management_end_to_end/environment_sm_management.py", line 324, in wait_until_succcess
    self.wait_until_status("SUCCESSFUL")
  File "/home/pi/actions-runner/_work/thin-edge.io/thin-edge.io/tests/PySys/software_management_end_to_end/environment_sm_management.py", line 381, in wait_until_status
    "Timeout while waiting for status %s or %s" % (status, status2)
SystemError: Timeout while waiting for status SUCCESSFUL or False
02:34:13 WARN  SystemError: Timeout while waiting for status SUCCESSFUL or False ... blocked 
02:34:13 INFO  
02:34:13 INFO  cleanup:
02:34:18 INFO  Executed sudo&lt;tedge_disconnect_c8y&gt;, exit status 0
02:34:18 INFO  Executed systemctl&lt;serv_mapper5&gt;, exit status 3
02:34:18 INFO  
02:34:18 INFO  Test duration: 177.47 secs
02:34:18 INFO  Test final outcome:  BLOCKED
02:34:18 INFO  Test outcome reason: SystemError: Timeout while waiting for status SUCCESSFUL or False
02:34:18 INFO  
</system-out>
	</testcase>
<testcase classname="PySysTest" name="SoftwareManagement.sm_apt_install_remove_multiple_mixed">
		<failure message="BLOCKED: SystemError: Timeout while waiting for status SUCCESSFUL or False (+1 other failures)" type="BLOCKED" />
		<system-out>02:57:37 INFO  ==============================================================
02:57:37 INFO  Id:    SoftwareManagement.sm_apt_install_remove_multiple_mixed
02:57:37 INFO  Dir:   software_management_end_to_end/
02:57:37 INFO  Title: Validate end to end behaviour for the apt plugin for multiple packages with mixed versions
02:57:37 INFO  ==============================================================
02:57:37 INFO  Using sw id database: {'asciijump': '5475369', 'robotfindskitten': '5474869', 'squirrel3': '5475279', 'rolldice': '5152439', 'moon-buggy': '5439204', 'apple': '5495053', 'banana': '5494888', 'cherry': '5495382', 'watermelon': '5494510', 'registry': '8018911', 'hello-world': '8021526', 'docker/getting-started': '8021973', 'alpine': '7991792'}
02:57:37 INFO  EnvironmentC8y Setup
02:57:38 INFO  Executed systemctl&lt;serv_mapper1&gt;, exit status 3
02:57:38 INFO  Restarting mosquitto too frequently in the last 10 seconds. It was only up for 5 seconds
02:57:38 INFO  Delaying execution by 6 seconds
02:57:58 INFO  Executed sudo&lt;tedge_connect_c8y&gt;, exit status 0, duration 13 secs
02:57:58 INFO  Executed sudo&lt;tedge_connect_c8y_test&gt;, exit status 0
02:57:59 INFO  Executed systemctl&lt;serv_mosq2&gt;, exit status 0
02:57:59 INFO  Executed systemctl&lt;serv_mapper3&gt;, exit status 0
02:58:01 INFO  State of current operation: SUCCESSFUL
02:58:02 INFO  Assert that (False == value) with value=False ... passed
02:58:02 INFO  Assert that (False == value) with value=False ... passed
02:58:02 INFO  Assert that (False == value) with value=False ... passed
02:58:02 INFO  Assert that (False == value) with value=False ... passed
02:58:02 INFO  Package moon-buggy is installed
02:58:02 WARN  Assert that (False == value) with value=True ... failed 
02:58:04 INFO  Response status: 201
02:58:04 INFO  Response to action: {
    "delivery": {
        "log": [],
        "time": "2022-07-22T02:58:04.189Z",
        "status": "PENDING"
    },
    "creationTime": "2022-07-22T02:58:04.173Z",
    "deviceId": "21166555",
    "deviceName": "m32sd10d",
    "self": "https://t493319102.eu-latest.cumulocity.com/devicecontrol/operations/21230890",
    "id": "21230890",
    "status": "PENDING",
    "description": "Apply software changes, triggered from PySys: [{'action': 'install', 'id': '5475369', 'name': 'asciijump', 'url': ' ', 'version': '::apt'}, {'action': 'install', 'id': '5474869', 'name': 'robotfindskitten', 'url': ' ', 'version': ' '}, {'action': 'install', 'id': '5475279', 'name': 'squirrel3', 'url': ' ', 'version': '3.1-7::apt'}, {'action': 'install', 'id': '5152439', 'name': 'rolldice', 'url': ' ', 'version': '1.16-1+b1'}, {'action': 'install', 'id': '5439204', 'name': 'moon-buggy', 'url': ' ', 'version': '1:1.0.51-12'}, {'action': 'install', 'id': '5475369', 'name': 'asciijump', 'url': ' ', 'version': '::apt'}]",
    "c8y_SoftwareUpdate": [
        {
            "name": "asciijump",
            "action": "install",
            "id": "5475369",
            "version": "::apt",
            "url": " "
        },
        {
            "name": "robotfindskitten",
            "action": "install",
            "id": "5474869",
            "version": " ",
            "url": " "
        },
        {
            "name": "squirrel3",
            "action": "install",
            "id": "5475279",
            "version": "3.1-7::apt",
            "url": " "
        },
        {
            "name": "rolldice",
            "action": "install",
            "id": "5152439",
            "version": "1.16-1+b1",
            "url": " "
        },
        {
            "name": "moon-buggy",
            "action": "install",
            "id": "5439204",
            "version": "1:1.0.51-12",
            "url": " "
        },
        {
            "name": "asciijump",
            "action": "install",
            "id": "5475369",
            "version": "::apt",
            "url": " "
        }
    ]
}
02:58:04 INFO  Started operation: {'delivery': {'log': [], 'time': '2022-07-22T02:58:04.189Z', 'status': 'PENDING'}, 'creationTime': '2022-07-22T02:58:04.173Z', 'deviceId': '21166555', 'deviceName': 'm32sd10d', 'self': 'https://t493319102.eu-latest.cumulocity.com/devicecontrol/operations/21230890', 'id': '21230890', 'status': 'PENDING', 'description': "Apply software changes, triggered from PySys: [{'action': 'install', 'id': '5475369', 'name': 'asciijump', 'url': ' ', 'version': '::apt'}, {'action': 'install', 'id': '5474869', 'name': 'robotfindskitten', 'url': ' ', 'version': ' '}, {'action': 'install', 'id': '5475279', 'name': 'squirrel3', 'url': ' ', 'version': '3.1-7::apt'}, {'action': 'install', 'id': '5152439', 'name': 'rolldice', 'url': ' ', 'version': '1.16-1+b1'}, {'action': 'install', 'id': '5439204', 'name': 'moon-buggy', 'url': ' ', 'version': '1:1.0.51-12'}, {'action': 'install', 'id': '5475369', 'name': 'asciijump', 'url': ' ', 'version': '::apt'}]", 'c8y_SoftwareUpdate': [{'name': 'asciijump', 'action': 'install', 'id': '5475369', 'version': '::apt', 'url': ' '}, {'name': 'robotfindskitten', 'action': 'install', 'id': '5474869', 'version': ' ', 'url': ' '}, {'name': 'squirrel3', 'action': 'install', 'id': '5475279', 'version': '3.1-7::apt', 'url': ' '}, {'name': 'rolldice', 'action': 'install', 'id': '5152439', 'version': '1.16-1+b1', 'url': ' '}, {'name': 'moon-buggy', 'action': 'install', 'id': '5439204', 'version': '1:1.0.51-12', 'url': ' '}, {'name': 'asciijump', 'action': 'install', 'id': '5475369', 'version': '::apt', 'url': ' '}]}
02:58:06 INFO  State of operation 21230890 : PENDING
02:58:08 INFO  State of operation 21230890 : EXECUTING
02:58:10 INFO  State of operation 21230890 : EXECUTING
02:58:13 INFO  State of operation 21230890 : EXECUTING
02:58:15 INFO  State of operation 21230890 : EXECUTING
02:58:17 INFO  State of operation 21230890 : EXECUTING
02:58:20 INFO  State of operation 21230890 : EXECUTING
02:58:23 INFO  State of operation 21230890 : EXECUTING
02:58:25 INFO  State of operation 21230890 : EXECUTING
02:58:27 INFO  State of operation 21230890 : EXECUTING
02:58:30 INFO  State of operation 21230890 : EXECUTING
02:58:32 INFO  State of operation 21230890 : EXECUTING
02:58:34 INFO  State of operation 21230890 : EXECUTING
02:58:36 INFO  State of operation 21230890 : EXECUTING
02:58:39 INFO  State of operation 21230890 : EXECUTING
02:58:41 INFO  State of operation 21230890 : EXECUTING
02:58:43 INFO  State of operation 21230890 : EXECUTING
02:58:46 INFO  State of operation 21230890 : EXECUTING
02:58:48 INFO  State of operation 21230890 : EXECUTING
02:58:51 INFO  State of operation 21230890 : EXECUTING
02:58:53 INFO  State of operation 21230890 : EXECUTING
02:58:55 INFO  State of operation 21230890 : EXECUTING
02:58:57 INFO  State of operation 21230890 : EXECUTING
02:59:00 INFO  State of operation 21230890 : EXECUTING
02:59:02 INFO  State of operation 21230890 : EXECUTING
02:59:05 INFO  State of operation 21230890 : EXECUTING
02:59:07 INFO  State of operation 21230890 : EXECUTING
02:59:10 INFO  State of operation 21230890 : EXECUTING
02:59:12 INFO  State of operation 21230890 : EXECUTING
02:59:14 INFO  State of operation 21230890 : EXECUTING
02:59:17 INFO  State of operation 21230890 : EXECUTING
02:59:19 INFO  State of operation 21230890 : EXECUTING
02:59:21 INFO  State of operation 21230890 : EXECUTING
02:59:24 INFO  State of operation 21230890 : EXECUTING
02:59:26 INFO  State of operation 21230890 : EXECUTING
02:59:28 INFO  State of operation 21230890 : EXECUTING
02:59:30 INFO  State of operation 21230890 : EXECUTING
02:59:32 INFO  State of operation 21230890 : EXECUTING
02:59:35 INFO  State of operation 21230890 : EXECUTING
02:59:38 INFO  State of operation 21230890 : EXECUTING
02:59:40 INFO  State of operation 21230890 : EXECUTING
02:59:42 INFO  State of operation 21230890 : EXECUTING
02:59:45 INFO  State of operation 21230890 : EXECUTING
02:59:47 INFO  State of operation 21230890 : EXECUTING
02:59:49 INFO  State of operation 21230890 : EXECUTING
02:59:51 INFO  State of operation 21230890 : EXECUTING
02:59:54 INFO  State of operation 21230890 : EXECUTING
02:59:56 INFO  State of operation 21230890 : EXECUTING
02:59:59 INFO  State of operation 21230890 : EXECUTING
03:00:02 INFO  State of operation 21230890 : EXECUTING
03:00:04 INFO  State of operation 21230890 : EXECUTING
03:00:06 INFO  State of operation 21230890 : EXECUTING
03:00:09 INFO  State of operation 21230890 : EXECUTING
03:00:11 INFO  State of operation 21230890 : EXECUTING
03:00:14 INFO  State of operation 21230890 : EXECUTING
03:00:16 INFO  State of operation 21230890 : EXECUTING
03:00:19 INFO  State of operation 21230890 : EXECUTING
03:00:21 INFO  State of operation 21230890 : EXECUTING
03:00:24 INFO  State of operation 21230890 : EXECUTING
03:00:26 INFO  State of operation 21230890 : EXECUTING
03:00:28 INFO  State of operation 21230890 : EXECUTING
03:00:30 WARN  SystemError occurred while running test - Timeout while waiting for status SUCCESSFUL or False
Traceback (most recent call last):
  File "/home/pi/env-pysys/lib/python3.7/site-packages/pysys/baserunner.py", line 1294, in __call__
    self.testObj.execute()
  File "/home/pi/actions-runner/_work/thin-edge.io/thin-edge.io/tests/PySys/software_management_end_to_end/sm_apt_install_remove_multiple_mixed/run.py", line 89, in execute
    self.wait_until_succcess()
  File "/home/pi/actions-runner/_work/thin-edge.io/thin-edge.io/tests/PySys/software_management_end_to_end/environment_sm_management.py", line 324, in wait_until_succcess
    self.wait_until_status("SUCCESSFUL")
  File "/home/pi/actions-runner/_work/thin-edge.io/thin-edge.io/tests/PySys/software_management_end_to_end/environment_sm_management.py", line 381, in wait_until_status
    "Timeout while waiting for status %s or %s" % (status, status2)
SystemError: Timeout while waiting for status SUCCESSFUL or False
03:00:30 WARN  SystemError: Timeout while waiting for status SUCCESSFUL or False ... blocked 
03:00:30 INFO  
03:00:30 INFO  cleanup:
03:00:35 INFO  Executed sudo&lt;tedge_disconnect_c8y&gt;, exit status 0
03:00:35 INFO  Executed systemctl&lt;serv_mapper5&gt;, exit status 3
03:00:35 INFO  
03:00:35 INFO  Test duration: 178.19 secs
03:00:35 INFO  Test final outcome:  BLOCKED
03:00:35 INFO  Test outcome reason: SystemError: Timeout while waiting for status SUCCESSFUL or False (+1 other failures)
03:00:35 INFO  
</system-out>
	</testcase>
</testsuite><testsuite name="SoftwareManagement.sm_apt_install_remove_with_version" tests="3" errors="0" failures="0" skipped="1" time="0"><testcase classname="PySysTest" name="SoftwareManagement.sm_apt_install_remove_with_version">
		<skipped message="SKIPPED: Testing the apt plugin is not supported on this platform.Use parameter -XmyPlatform='container' to enable it" />
		<system-out>01:56:56 INFO  ==============================================================
01:56:56 INFO  Id:    SoftwareManagement.sm_apt_install_remove_with_version
01:56:56 INFO  Dir:   software_management_end_to_end/
01:56:56 INFO  Title: Validate end to end behaviour for the apt plugin for packages with version
01:56:56 INFO  ==============================================================
01:56:56 INFO  Testing the apt plugin is not supported on this platform.Use parameter -XmyPlatform='container' to enable it ... skipped
01:56:56 WARN  Aborted test due to SKIPPED outcome
01:56:56 INFO  
01:56:56 INFO  Test duration: 0.02 secs
01:56:56 INFO  Test final outcome:  SKIPPED
01:56:56 INFO  Test outcome reason: Testing the apt plugin is not supported on this platform.Use parameter -XmyPlatform='container' to enable it
01:56:56 INFO  
</system-out>
	</testcase>
<testcase classname="PySysTest" name="SoftwareManagement.sm_apt_install_remove_with_version" />
<testcase classname="PySysTest" name="SoftwareManagement.sm_apt_install_remove_with_version" />
</testsuite><testsuite name="SoftwareManagement.sm_docker_install_remove_multiple" tests="3" errors="0" failures="0" skipped="1" time="0"><testcase classname="SMDockerInstallRemove" name="SoftwareManagement.sm_docker_install_remove_multiple">
		<skipped message="SKIPPED: Testing the apt plugin is not supported on this platform.Use parameter -XmyPlatform='container' to enable it" />
		<system-out>01:56:56 INFO  ==============================================================
01:56:56 INFO  Id:    SoftwareManagement.sm_docker_install_remove_multiple
01:56:56 INFO  Dir:   software_management_end_to_end/
01:56:56 INFO  Title: Validate end to end behaviour for the docker plugin for multiple docker images with mixed versions
01:56:56 INFO  ==============================================================
01:56:56 INFO  Testing the apt plugin is not supported on this platform.Use parameter -XmyPlatform='container' to enable it ... skipped
01:56:56 WARN  Aborted test due to SKIPPED outcome
01:56:56 INFO  
01:56:56 INFO  Test duration: 0.02 secs
01:56:56 INFO  Test final outcome:  SKIPPED
01:56:56 INFO  Test outcome reason: Testing the apt plugin is not supported on this platform.Use parameter -XmyPlatform='container' to enable it
01:56:56 INFO  
</system-out>
	</testcase>
<testcase classname="SMDockerInstallRemove" name="SoftwareManagement.sm_docker_install_remove_multiple" />
<testcase classname="SMDockerInstallRemove" name="SoftwareManagement.sm_docker_install_remove_multiple" />
</testsuite><testsuite name="SoftwareManagement.sm_fake_install_remove" tests="2" errors="0" failures="0" skipped="1" time="0"><testcase classname="PySysTest" name="SoftwareManagement.sm_fake_install_remove">
		<skipped message="SKIPPED: Testing the fake plugin is not enabled.Use parameter -Xfakeplugin=fakeplugin to enable it" />
		<system-out>01:56:56 INFO  ==============================================================
01:56:56 INFO  Id:    SoftwareManagement.sm_fake_install_remove
01:56:56 INFO  Dir:   software_management_end_to_end/
01:56:56 INFO  Title: Validate end to end behaviour for the dummy plugin for installation and removal of packages
01:56:56 INFO  ==============================================================
01:56:56 INFO  Testing the fake plugin is not enabled.Use parameter -Xfakeplugin=fakeplugin to enable it ... skipped
01:56:56 WARN  Aborted test due to SKIPPED outcome
01:56:56 INFO  
01:56:56 INFO  Test duration: 0.02 secs
01:56:56 INFO  Test final outcome:  SKIPPED
01:56:56 INFO  Test outcome reason: Testing the fake plugin is not enabled.Use parameter -Xfakeplugin=fakeplugin to enable it
01:56:56 INFO  
</system-out>
	</testcase>
<testcase classname="PySysTest" name="SoftwareManagement.sm_fake_install_remove" />
</testsuite><testsuite name="SoftwareManagement.sm_fake_install_remove_multiple" tests="2" errors="0" failures="0" skipped="1" time="0"><testcase classname="PySysTest" name="SoftwareManagement.sm_fake_install_remove_multiple">
		<skipped message="SKIPPED: Testing the fake plugin is not enabled.Use parameter -Xfakeplugin=fakeplugin to enable it" />
		<system-out>01:56:57 INFO  ==============================================================
01:56:57 INFO  Id:    SoftwareManagement.sm_fake_install_remove_multiple
01:56:57 INFO  Dir:   software_management_end_to_end/
01:56:57 INFO  Title: Validate end to end behaviour for the dummy-plugin for multiple packages
01:56:57 INFO  ==============================================================
01:56:57 INFO  Testing the fake plugin is not enabled.Use parameter -Xfakeplugin=fakeplugin to enable it ... skipped
01:56:57 WARN  Aborted test due to SKIPPED outcome
01:56:57 INFO  
01:56:57 INFO  Test duration: 0.02 secs
01:56:57 INFO  Test final outcome:  SKIPPED
01:56:57 INFO  Test outcome reason: Testing the fake plugin is not enabled.Use parameter -Xfakeplugin=fakeplugin to enable it
01:56:57 INFO  
</system-out>
	</testcase>
<testcase classname="PySysTest" name="SoftwareManagement.sm_fake_install_remove_multiple" />
</testsuite><testsuite name="SoftwareManagement.sm_mapper_fail_and_reconnect" tests="2" errors="0" failures="0" skipped="2" time="0"><testcase classname="MapperC8yReceiveLastMessageOnRestart" name="SoftwareManagement.sm_mapper_fail_and_reconnect">
		<skipped message="SKIPPED: instable https://github.com/thin-edge/thin-edge.io/issues/752" />
		<system-out>01:56:57 INFO  ==============================================================
01:56:57 INFO  Id:    SoftwareManagement.sm_mapper_fail_and_reconnect
01:56:57 INFO  Dir:   software_management_end_to_end/
01:56:57 INFO  Title: Validate the tedge-mapper-sm-c8y for receiving the last message on restart
01:56:57 INFO  ==============================================================
01:56:57 INFO  instable https://github.com/thin-edge/thin-edge.io/issues/752 ... skipped
01:56:57 INFO  
01:56:57 INFO  Test duration: 0.02 secs
01:56:57 INFO  Test final outcome:  SKIPPED
01:56:57 INFO  Test outcome reason: instable https://github.com/thin-edge/thin-edge.io/issues/752
01:56:57 INFO  
</system-out>
	</testcase>
<testcase classname="MapperC8yReceiveLastMessageOnRestart" name="SoftwareManagement.sm_mapper_fail_and_reconnect">
		<skipped message="SKIPPED: instable https://github.com/thin-edge/thin-edge.io/issues/752" />
		<system-out>03:07:14 INFO  ==============================================================
03:07:14 INFO  Id:    SoftwareManagement.sm_mapper_fail_and_reconnect
03:07:14 INFO  Dir:   software_management_end_to_end/
03:07:14 INFO  Title: Validate the tedge-mapper-sm-c8y for receiving the last message on restart
03:07:14 INFO  ==============================================================
03:07:14 INFO  instable https://github.com/thin-edge/thin-edge.io/issues/752 ... skipped
03:07:14 INFO  
03:07:14 INFO  Test duration: 0.03 secs
03:07:14 INFO  Test final outcome:  SKIPPED
03:07:14 INFO  Test outcome reason: instable https://github.com/thin-edge/thin-edge.io/issues/752
03:07:14 INFO  
</system-out>
	</testcase>
</testsuite><testsuite name="SoftwareManagement.sm_mixed_install_remove_multiple" tests="2" errors="0" failures="1" skipped="1" time="0"><testcase classname="PySysTest" name="SoftwareManagement.sm_mixed_install_remove_multiple">
		<skipped message="SKIPPED: Testing the fake plugin is not enabled.Use parameter -Xfakeplugin=fakeplugin to enable it" />
		<system-out>01:56:57 INFO  ==============================================================
01:56:57 INFO  Id:    SoftwareManagement.sm_mixed_install_remove_multiple
01:56:57 INFO  Dir:   software_management_end_to_end/
01:56:57 INFO  Title: Validate end to end behaviour for the dummy-plugin for multiple packages with mixed versions
01:56:57 INFO  ==============================================================
01:56:57 INFO  Testing the fake plugin is not enabled.Use parameter -Xfakeplugin=fakeplugin to enable it ... skipped
01:56:57 WARN  Aborted test due to SKIPPED outcome
01:56:57 INFO  
01:56:57 INFO  Test duration: 0.02 secs
01:56:57 INFO  Test final outcome:  SKIPPED
01:56:57 INFO  Test outcome reason: Testing the fake plugin is not enabled.Use parameter -Xfakeplugin=fakeplugin to enable it
01:56:57 INFO  
</system-out>
	</testcase>
<testcase classname="PySysTest" name="SoftwareManagement.sm_mixed_install_remove_multiple">
		<failure message="FAILED: Assert that (False == value) with value=True" type="FAILED" />
		<system-out>03:07:14 INFO  ==============================================================
03:07:14 INFO  Id:    SoftwareManagement.sm_mixed_install_remove_multiple
[...]
01:45:22 INFO  Executed sudo&lt;rm_tmp_logs&gt;, exit status 0
01:45:22 INFO  Executed sudo&lt;send_failed&gt;, exit status 0
01:45:23 INFO  Executed sudo&lt;log_file_daemon&gt;, exit status 0
01:45:27 INFO  Executed sudo&lt;tedge_disconnect_c8y&gt;, exit status 0
01:45:27 INFO  Executed systemctl&lt;serv_mapper5&gt;, exit status 3
01:45:27 INFO  
01:45:27 INFO  Test duration: 26.94 secs
01:45:27 INFO  Test final outcome:  BLOCKED
01:45:27 INFO  Test outcome reason: TypeError: 'NoneType' object is not subscriptable
01:45:27 INFO  
</system-out>
	</testcase>
</testsuite><testsuite name="log_request_num_lines" tests="1" errors="0" failures="1" skipped="0" time="0"><testcase classname="LogRequestVerifyNumberOfLines" name="log_request_num_lines">
		<failure message="BLOCKED: TypeError: 'NoneType' object is not subscriptable" type="BLOCKED" />
		<system-out>01:45:27 INFO  ==============================================================
01:45:27 INFO  Id:    log_request_num_lines
01:45:27 INFO  Dir:   log_request_end_to_end/
01:45:27 INFO  Title: Validate end to end behaviour for the log request operation check for number of lines
01:45:27 INFO  ==============================================================
01:45:27 INFO  EnvironmentC8y Setup
01:45:28 INFO  Executed systemctl&lt;serv_mapper1&gt;, exit status 3
01:45:28 INFO  Restarting mosquitto too frequently in the last 10 seconds. It was only up for 4 seconds
01:45:28 INFO  Delaying execution by 7 seconds
01:45:49 INFO  Executed sudo&lt;tedge_connect_c8y&gt;, exit status 0, duration 14 secs
01:45:50 INFO  Executed sudo&lt;tedge_connect_c8y_test&gt;, exit status 0
01:45:50 INFO  Executed systemctl&lt;serv_mosq2&gt;, exit status 0
01:45:51 INFO  Executed systemctl&lt;serv_mapper3&gt;, exit status 0
01:45:51 INFO  Executed sudo&lt;rm_logs&gt;, exit status 0
01:45:52 INFO  Executed sudo&lt;move_logs&gt;, exit status 0
01:45:52 INFO  Executed sudo&lt;log_file_daemon&gt;, exit status 0
01:45:53 WARN  TypeError occurred while running test - 'NoneType' object is not subscriptable
Traceback (most recent call last):
  File "/home/pi/env-pysys/lib/python3.7/site-packages/pysys/baserunner.py", line 1294, in __call__
    self.testObj.execute()
  File "/home/pi/actions-runner/_work/thin-edge.io/thin-edge.io/tests/PySys/log_request_end_to_end/log_request_num_lines/run.py", line 46, in execute
    log_file_request_payload, self.project.deviceid
  File "/home/pi/actions-runner/_work/thin-edge.io/thin-edge.io/tests/PySys/environments/cumulocity.py", line 101, in trigger_log_request
    "deviceId": self.device_fragment["id"],
TypeError: 'NoneType' object is not subscriptable
01:45:53 WARN  TypeError: 'NoneType' object is not subscriptable ... blocked 
01:45:53 INFO  
01:45:53 INFO  cleanup:
01:45:54 INFO  Executed sudo&lt;rm_logs&gt;, exit status 0
01:45:54 INFO  Executed sudo&lt;rm_tmp_logs&gt;, exit status 0
01:45:55 INFO  Executed sudo&lt;send_failed&gt;, exit status 0
01:45:55 INFO  Executed sudo&lt;log_file_daemon&gt;, exit status 0
01:45:59 INFO  Executed sudo&lt;tedge_disconnect_c8y&gt;, exit status 0
01:46:00 INFO  Executed systemctl&lt;serv_mapper5&gt;, exit status 3
01:46:00 INFO  
01:46:00 INFO  Test duration: 32.39 secs
01:46:00 INFO  Test final outcome:  BLOCKED
01:46:00 INFO  Test outcome reason: TypeError: 'NoneType' object is not subscriptable
01:46:00 INFO  
</system-out>
	</testcase>
</testsuite><testsuite name="mapper_awaits_before_reconnect" tests="1" errors="0" failures="1" skipped="0" time="0"><testcase classname="MapperReconnectAwait" name="mapper_awaits_before_reconnect">
		<failure message="FAILED: Line count on tedge_mapper_journal.out for &quot;tedge_mapper::core::mapper: MQTT connection error:&quot; expected &gt;=2 but got 0" type="FAILED" />
		<system-out>01:59:59 INFO  ==============================================================
01:59:59 INFO  Id:    mapper_awaits_before_reconnect
01:59:59 INFO  Dir:   tedge_mapper_c8y/
01:59:59 INFO  Title: Validate mapper doesn't reconnect too often
01:59:59 INFO  ==============================================================
01:59:59 INFO  Started mosquitto_sub with process id 13157
01:59:59 INFO  Waiting for 0.1 seconds
02:00:00 INFO  Executed sudo&lt;tedge_mapper&gt;, exit status 0
02:00:00 INFO  Waiting for 5.0 seconds
02:00:05 INFO  Executed sudo&lt;tedge_mapper&gt;, exit status 0
02:00:08 INFO  Executed sudo&lt;tedge_mapper_journal&gt;, exit status 0
02:00:08 WARN  Grep on tedge_mapper_journal.out contains "ERROR" ... failed [run.py:67]
02:00:08 INFO  Line count on file tedge_mapper_journal.out ... passed
02:00:08 WARN  Line count on tedge_mapper_journal.out for "tedge_mapper::core::mapper: MQTT connection error:" expected &gt;=2 but got 0 ... failed [run.py:78]
02:00:08 WARN  Aborted test due to FAILED outcome
02:00:08 INFO  
02:00:08 INFO  Test duration: 8.85 secs
02:00:08 INFO  Test final outcome:  FAILED
02:00:08 INFO  Test outcome reason: Line count on tedge_mapper_journal.out for "tedge_mapper::core::mapper: MQTT connection error:" expected &gt;=2 but got 0
02:00:08 INFO  
</system-out>
	</testcase>
</testsuite><testsuite name="monitoring_smaller_interval" tests="1" errors="0" failures="1" skipped="0" time="0"><testcase classname="MonitoringSmallInterval" name="monitoring_smaller_interval">
		<failure message="BLOCKED: TypeError: 'int' object is not subscriptable" type="BLOCKED" />
		<system-out>01:47:01 INFO  ==============================================================
01:47:01 INFO  Id:    monitoring_smaller_interval
01:47:01 INFO  Dir:   monitoring/
01:47:01 INFO  Title: Validate the tedge dm agent messages that are produced with smaller sampling interval than the batching window. Here the simulated collectd messages are used
01:47:01 INFO  ==============================================================
01:47:01 INFO  Executed sudo&lt;collectd&gt;, exit status 0
01:47:02 INFO  Executed sudo&lt;collectd_mapper&gt;, exit status 0
01:47:02 INFO  Started sudo&lt;tedge_sub&gt; with process id 9283
01:47:03 INFO  Executed sudo&lt;tedge_temp&gt;, exit status 0
01:47:03 INFO  Executed sudo&lt;tedge_pres&gt;, exit status 0
01:47:04 INFO  Executed sudo&lt;tedge_temp&gt;, exit status 0
01:47:04 INFO  Executed sudo&lt;tedge_pres&gt;, exit status 0
01:47:05 INFO  Executed sudo&lt;tedge_temp&gt;, exit status 0
01:47:05 INFO  Executed sudo&lt;tedge_pres&gt;, exit status 0
01:47:06 INFO  Executed sudo&lt;tedge_temp&gt;, exit status 0
01:47:07 INFO  Executed sudo&lt;tedge_pres&gt;, exit status 0
01:47:07 INFO  Executed sudo&lt;tedge_temp&gt;, exit status 0
01:47:08 INFO  Executed sudo&lt;tedge_pres&gt;, exit status 0
01:47:08 INFO  Executed sudo&lt;tedge_temp&gt;, exit status 0
01:47:09 INFO  Executed sudo&lt;tedge_pres&gt;, exit status 0
01:47:10 INFO  Executed sudo&lt;tedge_temp&gt;, exit status 0
01:47:10 INFO  Executed sudo&lt;tedge_pres&gt;, exit status 0
01:47:11 INFO  Executed sudo&lt;tedge_temp&gt;, exit status 0
01:47:11 INFO  Executed sudo&lt;tedge_pres&gt;, exit status 0
01:47:12 INFO  Executed sudo&lt;tedge_temp&gt;, exit status 0
01:47:12 INFO  Executed sudo&lt;tedge_pres&gt;, exit status 0
01:47:13 INFO  Executed sudo&lt;tedge_temp&gt;, exit status 0
01:47:13 INFO  Executed sudo&lt;tedge_pres&gt;, exit status 0
01:47:15 INFO  Executed sudo&lt;kill_out&gt;, exit status 0
01:47:15 INFO  0

01:47:15 WARN  TypeError occurred while running test - 'int' object is not subscriptable
Traceback (most recent call last):
  File "/home/pi/env-pysys/lib/python3.7/site-packages/pysys/baserunner.py", line 1296, in __call__
    self.testObj.validate()
  File "/home/pi/actions-runner/_work/thin-edge.io/thin-edge.io/tests/PySys/monitoring/monitoring_smaller_interval/run.py", line 104, in validate
    collectd_msg_validation_result=self.validate_json(),
  File "/home/pi/actions-runner/_work/thin-edge.io/thin-edge.io/tests/PySys/monitoring/monitoring_smaller_interval/run.py", line 114, in validate_json
    if not self.validate_time():
  File "/home/pi/actions-runner/_work/thin-edge.io/thin-edge.io/tests/PySys/monitoring/monitoring_smaller_interval/run.py", line 134, in validate_time
    if self.js_msg["time"]:
TypeError: 'int' object is not subscriptable
01:47:15 WARN  TypeError: 'int' object is not subscriptable ... blocked 
01:47:15 INFO  
01:47:15 INFO  cleanup:
01:47:15 INFO  monitoring_cleanup
01:47:16 INFO  Executed sudo&lt;collectd_mapper&gt;, exit status 0
01:47:16 INFO  
01:47:16 INFO  Test duration: 14.85 secs
01:47:16 INFO  Test final outcome:  BLOCKED
01:47:16 INFO  Test outcome reason: TypeError: 'int' object is not subscriptable
01:47:16 INFO  
</system-out>
	</testcase>
</testsuite><testsuite name="monitoring_with_collectd" tests="1" errors="0" failures="0" skipped="1" time="0"><testcase classname="MonitoringWithCollectd" name="monitoring_with_collectd">
		<skipped message="SKIPPED: Test execution disabled due to #792 (instable)" />
		<system-out>01:47:16 INFO  ==============================================================
01:47:16 INFO  Id:    monitoring_with_collectd
01:47:16 INFO  Dir:   monitoring/
01:47:16 INFO  Title: Validate tedge dm agent messages that are produced by batching the collectd messages
01:47:16 INFO  ==============================================================
01:47:16 INFO  Test execution disabled due to #792 (instable) ... skipped
01:47:16 INFO  
01:47:16 INFO  Test duration: 0.02 secs
01:47:16 INFO  Test final outcome:  SKIPPED
01:47:16 INFO  Test outcome reason: Test execution disabled due to #792 (instable)
01:47:16 INFO  
</system-out>
	</testcase>
</testsuite><testsuite name="monitoring_with_simulated_messages" tests="1" errors="0" failures="1" skipped="0" time="0"><testcase classname="MonitoringWithSimulatedMessages" name="monitoring_with_simulated_messages">
		<failure message="BLOCKED: TypeError: 'int' object is not subscriptable" type="BLOCKED" />
		<system-out>01:47:16 INFO  ==============================================================
01:47:16 INFO  Id:    monitoring_with_simulated_messages
01:47:16 INFO  Dir:   monitoring/
01:47:16 INFO  Title: Validate the tedge dm agent messages that are produced from the simulated collectd messages
01:47:16 INFO  ==============================================================
01:47:16 INFO  Executed sudo&lt;collectd&gt;, exit status 0
01:47:17 INFO  Executed sudo&lt;collectd_mapper&gt;, exit status 0
01:47:17 INFO  Started sudo&lt;tedge_sub&gt; with process id 9338
01:47:18 INFO  Executed sudo&lt;tedge_temp&gt;, exit status 0
01:47:18 INFO  Executed sudo&lt;tedge_pres&gt;, exit status 0
01:47:20 INFO  Executed sudo&lt;kill_out&gt;, exit status 0
01:47:20 INFO  0

01:47:20 WARN  TypeError occurred while running test - 'int' object is not subscriptable
Traceback (most recent call last):
  File "/home/pi/env-pysys/lib/python3.7/site-packages/pysys/baserunner.py", line 1296, in __call__
    self.testObj.validate()
  File "/home/pi/actions-runner/_work/thin-edge.io/thin-edge.io/tests/PySys/monitoring/monitoring_with_simulated_messages/run.py", line 98, in validate
    collectd_msg_validation_result=self.validate_json(),
  File "/home/pi/actions-runner/_work/thin-edge.io/thin-edge.io/tests/PySys/monitoring/monitoring_with_simulated_messages/run.py", line 108, in validate_json
    if not self.validate_time():
  File "/home/pi/actions-runner/_work/thin-edge.io/thin-edge.io/tests/PySys/monitoring/monitoring_with_simulated_messages/run.py", line 127, in validate_time
    if self.js_msg["time"]:
TypeError: 'int' object is not subscriptable
01:47:20 WARN  TypeError: 'int' object is not subscriptable ... blocked 
01:47:20 INFO  
01:47:20 INFO  cleanup:
01:47:20 INFO  monitoring_cleanup
01:47:20 INFO  Executed sudo&lt;collectd_mapper&gt;, exit status 0
01:47:20 INFO  
01:47:20 INFO  Test duration: 4.41 secs
01:47:20 INFO  Test final outcome:  BLOCKED
01:47:20 INFO  Test outcome reason: TypeError: 'int' object is not subscriptable
01:47:20 INFO  
</system-out>
	</testcase>
</testsuite><testsuite name="mqtt_port_change_connection_fails" tests="1" errors="0" failures="0" skipped="0" time="0"><testcase classname="MqttPortChangeConnectionFails" name="mqtt_port_change_connection_fails" />
</testsuite><testsuite name="mqtt_port_change_connection_works" tests="1" errors="0" failures="0" skipped="1" time="0"><testcase classname="MqttPortChangeConnectionWorks" name="mqtt_port_change_connection_works">
		<skipped message="SKIPPED: failing intermitently" />
		<system-out>01:46:35 INFO  ==============================================================
01:46:35 INFO  Id:    mqtt_port_change_connection_works
01:46:35 INFO  Dir:   misc_features/
01:46:35 INFO  Title: mqtt port change connection works for all the thin-edge services that use the mosquitto broker
01:46:35 INFO  ==============================================================
01:46:35 INFO  failing intermitently ... skipped
01:46:35 INFO  
01:46:35 INFO  Test duration: 0.02 secs
01:46:35 INFO  Test final outcome:  SKIPPED
01:46:35 INFO  Test outcome reason: failing intermitently
01:46:35 INFO  
</system-out>
	</testcase>
</testsuite><testsuite name="publish_flux" tests="1" errors="0" failures="0" skipped="0" time="0"><testcase classname="PublishFlux" name="publish_flux" />
</testsuite><testsuite name="publish_sawmill" tests="1" errors="0" failures="0" skipped="0" time="0"><testcase classname="PublishSawmill" name="publish_sawmill" />
</testsuite><testsuite name="runtime_start_two_mappers" tests="1" errors="0" failures="0" skipped="0" time="0"><testcase classname="RuntimeMultiMappers" name="runtime_start_two_mappers" />
</testsuite><testsuite name="sm_tedge_mapper_init_session" tests="1" errors="0" failures="0" skipped="0" time="0"><testcase classname="TedgeSMMapperInitSession" name="sm_tedge_mapper_init_session" />
</testsuite><testsuite name="smoketest_json" tests="1" errors="0" failures="0" skipped="0" time="0"><testcase classname="SmokeTestJson" name="smoketest_json" />
</testsuite><testsuite name="smoketest_json_400_samples_10ms" tests="1" errors="0" failures="0" skipped="0" time="0"><testcase classname="SmoketestJson400Samples10ms" name="smoketest_json_400_samples_10ms" />
</testsuite><testsuite name="smoketest_json_400_samples_20ms" tests="1" errors="0" failures="0" skipped="0" time="0"><testcase classname="SmoketestJson400Samples20ms" name="smoketest_json_400_samples_20ms" />
</testsuite><testsuite name="smoketest_smartrest" tests="1" errors="0" failures="0" skipped="0" time="0"><testcase classname="SmoketestSmartRest" name="smoketest_smartrest" />
</testsuite><testsuite name="smoketest_smartrest_400_samples_1Xms" tests="1" errors="0" failures="0" skipped="0" time="0"><testcase classname="SmoketestSmartRest400Samples1Xms" name="smoketest_smartrest_400_samples_1Xms" />
</testsuite><testsuite name="smoketest_smartrest_400_samples_20ms" tests="1" errors="0" failures="0" skipped="0" time="0"><testcase classname="SmoketestSmartRest400Samples20ms" name="smoketest_smartrest_400_samples_20ms" />
</testsuite><testsuite name="tedge_agent_user_sudo_access" tests="1" errors="0" failures="0" skipped="1" time="0"><testcase classname="TedgeAgentUserSudoAccess" name="tedge_agent_user_sudo_access">
		<skipped message="SKIPPED: #955 Observation: Exit code of the apt plugin when called with no arguments" />
		<system-out>01:57:23 INFO  ==============================================================
01:57:23 INFO  Id:    tedge_agent_user_sudo_access
01:57:23 INFO  Dir:   tedge/
01:57:23 INFO  Title: Validate tedge-agent user has a limited sudo right
01:57:23 INFO  ==============================================================
01:57:23 INFO  #955 Observation: Exit code of the apt plugin when called with no arguments ... skipped
01:57:23 INFO  
01:57:23 INFO  Test duration: 0.02 secs
01:57:23 INFO  Test final outcome:  SKIPPED
01:57:23 INFO  Test outcome reason: #955 Observation: Exit code of the apt plugin when called with no arguments
01:57:23 INFO  
</system-out>
	</testcase>
</testsuite><testsuite name="tedge_connect_test_negative" tests="1" errors="0" failures="0" skipped="0" time="0"><testcase classname="TedgeConnectTestNegative" name="tedge_connect_test_negative" />
</testsuite><testsuite name="tedge_connect_test_positive" tests="1" errors="0" failures="0" skipped="0" time="0"><testcase classname="TedgeConnectTestPositive" name="tedge_connect_test_positive" />
</testsuite><testsuite name="tedge_connect_test_sm_services" tests="1" errors="0" failures="0" skipped="0" time="0"><testcase classname="TedgeConnectTestSMServices" name="tedge_connect_test_sm_services" />
</testsuite><testsuite name="tedge_disconnect_test_sm_services" tests="1" errors="0" failures="0" skipped="0" time="0"><testcase classname="TedgeDisConnectTestSMServices" name="tedge_disconnect_test_sm_services" />
</testsuite><testsuite name="tedge_mapper_az_negative" tests="1" errors="0" failures="0" skipped="0" time="0"><testcase classname="TedgeMapperAzError" name="tedge_mapper_az_negative" />
</testsuite><testsuite name="tedge_mapper_az_with_timestamp" tests="1" errors="0" failures="0" skipped="0" time="0"><testcase classname="TedgeMapperAzWithTimestamp" name="tedge_mapper_az_with_timestamp" />
</testsuite><testsuite name="tedge_mapper_az_without_timestamp" tests="1" errors="0" failures="0" skipped="0" time="0"><testcase classname="TedgeMapperAzWithoutTimestamp" name="tedge_mapper_az_without_timestamp" />
</testsuite><testsuite name="tedge_mapper_c8y_alarms" tests="1" errors="0" failures="0" skipped="0" time="0"><testcase classname="TedgeMapperC8yAlarm" name="tedge_mapper_c8y_alarms" />
</testsuite><testsuite name="tedge_mapper_c8y_child_device_measurement" tests="1" errors="0" failures="0" skipped="0" time="0"><testcase classname="TedgeMapperC8yChildDevice" name="tedge_mapper_c8y_child_device_measurement" />
</testsuite><testsuite name="tedge_mapper_c8y_packet_threshold_size" tests="1" errors="0" failures="1" skipped="0" time="0"><testcase classname="TedgeMapperC8yThresholdPacketSize" name="tedge_mapper_c8y_packet_threshold_size">
		<failure message="FAILED: Grep on tedge_sub.out contains &quot;The size of the message received on tedge/measurements is 20489 which is greater than the threshold size of 16184.&quot;" type="FAILED" />
		<system-out>02:01:45 INFO  ==============================================================
02:01:45 INFO  Id:    tedge_mapper_c8y_packet_threshold_size
02:01:45 INFO  Dir:   tedge_mapper_c8y/
02:01:45 INFO  Title: Validate the Cumulocity Mapper accepted threshold packet size when it receives a message on tedge/measurements
02:01:45 INFO  ==============================================================
02:01:45 INFO  Executed sudo&lt;tedge_mapper_c8y&gt;, exit status 0
02:01:45 INFO  Started sudo&lt;tedge_sub&gt; with process id 13735
02:01:46 INFO  Executed sudo&lt;tedge_msg&gt;, exit status 0
02:01:47 INFO  Executed sudo&lt;tedge_pub&gt;, exit status 0
02:01:47 INFO  Executed sudo&lt;kill_out&gt;, exit status 0
02:01:47 WARN  Grep on tedge_sub.out contains "The size of the message received on tedge/measurements is 20489 which is greater than the threshold size of 16184." ... failed [run.py:88]
02:01:47 INFO  
02:01:47 INFO  cleanup:
02:01:47 INFO  mapper_cleanup
02:01:48 INFO  Executed sudo&lt;tedge_mapper_c8y&gt;, exit status 0
02:01:48 INFO  
02:01:48 INFO  Test duration: 2.95 secs
02:01:48 INFO  Test final outcome:  FAILED
02:01:48 INFO  Test outcome reason: Grep on tedge_sub.out contains "The size of the message received on tedge/measurements is 20489 which is greater than the threshold size of 16184."
02:01:48 INFO  
</system-out>
	</testcase>
</testsuite><testsuite name="tedge_software_update" tests="1" errors="0" failures="0" skipped="0" time="0"><testcase classname="PySysTest" name="tedge_software_update" />
</testsuite><testsuite name="valid_device_id" tests="1" errors="0" failures="0" skipped="0" time="0"><testcase classname="ValidateValidDeviceId" name="valid_device_id" />
</testsuite></testsuites>