<?xml version='1.0' encoding='utf-8'?>
<testsuites tests="139" failures="16" errors="0" skipped="45" time="0.0"><testsuite name="SoftwareManagement.Plugin.apama_plugin_install" tests="3" errors="0" failures="0" skipped="1" time="0"><testcase classname="ApamaPluginInstallTest" name="SoftwareManagement.Plugin.apama_plugin_install">
		<skipped message="SKIPPED: Apama plugin tests are disabled by default. Execute `pysys run` with `-XmyPlatform=container` to run these tests" />
		<system-out>11:27:47 INFO  ==============================================================
11:27:47 INFO  Id:    SoftwareManagement.Plugin.apama_plugin_install
11:27:47 INFO  Dir:   plugin_apama/
11:27:47 INFO  Title: Validate apama plugin install
11:27:47 INFO  ==============================================================
11:27:47 INFO  Apama plugin tests are disabled by default. Execute `pysys run` with `-XmyPlatform=container` to run these tests ... skipped
11:27:47 WARN  Aborted test due to SKIPPED outcome
11:27:47 INFO  
11:27:47 INFO  Test duration: 0.07 secs
11:27:47 INFO  Test final outcome:  SKIPPED
11:27:47 INFO  Test outcome reason: Apama plugin tests are disabled by default. Execute `pysys run` with `-XmyPlatform=container` to run these tests
11:27:47 INFO  
</system-out>
	</testcase>
<testcase classname="ApamaPluginInstallTest" name="SoftwareManagement.Plugin.apama_plugin_install" />
<testcase classname="ApamaPluginInstallTest" name="SoftwareManagement.Plugin.apama_plugin_install" />
</testsuite><testsuite name="SoftwareManagement.Plugin.apama_plugin_mon_support" tests="3" errors="0" failures="0" skipped="1" time="0"><testcase classname="ApamaPluginMonSupportTest" name="SoftwareManagement.Plugin.apama_plugin_mon_support">
		<skipped message="SKIPPED: Apama plugin tests are disabled by default. Execute `pysys run` with `-XmyPlatform=container` to run these tests" />
		<system-out>11:27:47 INFO  ==============================================================
11:27:47 INFO  Id:    SoftwareManagement.Plugin.apama_plugin_mon_support
11:27:47 INFO  Dir:   plugin_apama/
11:27:47 INFO  Title: Validate mon file support of apama plugin
11:27:47 INFO  ==============================================================
11:27:47 INFO  Apama plugin tests are disabled by default. Execute `pysys run` with `-XmyPlatform=container` to run these tests ... skipped
11:27:47 WARN  Aborted test due to SKIPPED outcome
11:27:47 INFO  
11:27:47 INFO  Test duration: 0.03 secs
11:27:47 INFO  Test final outcome:  SKIPPED
11:27:47 INFO  Test outcome reason: Apama plugin tests are disabled by default. Execute `pysys run` with `-XmyPlatform=container` to run these tests
11:27:47 INFO  
</system-out>
	</testcase>
<testcase classname="ApamaPluginMonSupportTest" name="SoftwareManagement.Plugin.apama_plugin_mon_support" />
<testcase classname="ApamaPluginMonSupportTest" name="SoftwareManagement.Plugin.apama_plugin_mon_support" />
</testsuite><testsuite name="SoftwareManagement.Plugin.apama_plugin_remove" tests="3" errors="0" failures="0" skipped="1" time="0"><testcase classname="ApamaPluginRemoveTest" name="SoftwareManagement.Plugin.apama_plugin_remove">
		<skipped message="SKIPPED: Apama plugin tests are disabled by default. Execute `pysys run` with `-XmyPlatform=container` to run these tests" />
		<system-out>11:27:47 INFO  ==============================================================
11:27:47 INFO  Id:    SoftwareManagement.Plugin.apama_plugin_remove
11:27:47 INFO  Dir:   plugin_apama/
11:27:47 INFO  Title: Validate apama plugin remove
11:27:47 INFO  ==============================================================
11:27:47 INFO  Apama plugin tests are disabled by default. Execute `pysys run` with `-XmyPlatform=container` to run these tests ... skipped
11:27:47 WARN  Aborted test due to SKIPPED outcome
11:27:47 INFO  
11:27:47 INFO  Test duration: 0.02 secs
11:27:47 INFO  Test final outcome:  SKIPPED
11:27:47 INFO  Test outcome reason: Apama plugin tests are disabled by default. Execute `pysys run` with `-XmyPlatform=container` to run these tests
11:27:47 INFO  
</system-out>
	</testcase>
<testcase classname="ApamaPluginRemoveTest" name="SoftwareManagement.Plugin.apama_plugin_remove" />
<testcase classname="ApamaPluginRemoveTest" name="SoftwareManagement.Plugin.apama_plugin_remove" />
</testsuite><testsuite name="SoftwareManagement.Plugin.apama_plugin_update" tests="3" errors="0" failures="2" skipped="1" time="0"><testcase classname="ApamaPluginUpdateTest" name="SoftwareManagement.Plugin.apama_plugin_update">
		<skipped message="SKIPPED: Apama plugin tests are disabled by default. Execute `pysys run` with `-XmyPlatform=container` to run these tests" />
		<system-out>11:27:47 INFO  ==============================================================
11:27:47 INFO  Id:    SoftwareManagement.Plugin.apama_plugin_update
11:27:47 INFO  Dir:   plugin_apama/
11:27:47 INFO  Title: Validate apama plugin updating one project with another
11:27:47 INFO  ==============================================================
11:27:47 INFO  Apama plugin tests are disabled by default. Execute `pysys run` with `-XmyPlatform=container` to run these tests ... skipped
11:27:47 WARN  Aborted test due to SKIPPED outcome
11:27:47 INFO  
11:27:47 INFO  Test duration: 0.03 secs
11:27:47 INFO  Test final outcome:  SKIPPED
11:27:47 INFO  Test outcome reason: Apama plugin tests are disabled by default. Execute `pysys run` with `-XmyPlatform=container` to run these tests
11:27:47 INFO  
</system-out>
	</testcase>
<testcase classname="ApamaPluginUpdateTest" name="SoftwareManagement.Plugin.apama_plugin_update">
		<failure message="BLOCKED: sudo&lt;plugin_install&gt; returned non-zero exit code 2" type="BLOCKED" />
		<system-out>12:17:57 INFO  ==============================================================
12:17:57 INFO  Id:    SoftwareManagement.Plugin.apama_plugin_update
12:17:57 INFO  Dir:   plugin_apama/
12:17:57 INFO  Title: Validate apama plugin updating one project with another
12:17:57 INFO  ==============================================================
12:17:57 INFO  Assertion that path exists=False for "/etc/tedge/apama/project" ... passed
12:17:57 INFO  Executed sudo&lt;create_project_dir&gt;, exit status 0
12:17:58 INFO  Executed sudo&lt;unzip_apama_project&gt;, exit status 0
12:17:58 INFO  Executed sudo&lt;move_apama_project&gt;, exit status 0
12:17:59 INFO  Executed sudo&lt;restart_apama_service&gt;, exit status 0
12:18:00 INFO  Executed sudo&lt;apama_correlator_wait&gt;, exit status 0
12:18:00 INFO  Assertion that path exists=True for "/etc/tedge/apama/project" ... passed
12:18:01 INFO  Executed sudo&lt;apama_list_monitors&gt;, exit status 0
12:18:01 INFO  Grep on file /home/pi/actions-runner/_work/thin-edge.io/thin-edge.io/tests/PySys/plugin_apama/apama_plugin_update/Output/linux/apama_list_monitors.out ... passed
12:18:01 WARN  Executed sudo&lt;plugin_install&gt;, exit status 2
12:18:01 INFO  Contents of plugin_install.err: 
  ERROR: Directory not empty (os error 39)
  -----

12:18:02 WARN  sudo&lt;plugin_install&gt; returned non-zero exit code 2 ... blocked [run.py:35]
12:18:02 WARN  Aborted test due to BLOCKED outcome
12:18:02 INFO  
12:18:02 INFO  cleanup:
12:18:02 INFO  Removing apama project
12:18:17 INFO  Executed sudo&lt;stop_apama_service&gt;, exit status 0, duration 15 secs
12:18:17 INFO  Executed sudo&lt;remove_apama_project&gt;, exit status 0
12:18:18 INFO  Executed sudo&lt;remove_apama_tmp_dir&gt;, exit status 0
12:18:18 INFO  
12:18:18 INFO  Test duration: 21.20 secs
12:18:18 INFO  Test final outcome:  BLOCKED
12:18:18 INFO  Test outcome reason: sudo&lt;plugin_install&gt; returned non-zero exit code 2
12:18:18 INFO  
</system-out>
	</testcase>
<testcase classname="ApamaPluginUpdateTest" name="SoftwareManagement.Plugin.apama_plugin_update">
		<failure message="BLOCKED: sudo&lt;plugin_install&gt; returned non-zero exit code 2" type="BLOCKED" />
		<system-out>12:26:35 INFO  ==============================================================
12:26:35 INFO  Id:    SoftwareManagement.Plugin.apama_plugin_update
12:26:35 INFO  Dir:   plugin_apama/
12:26:35 INFO  Title: Validate apama plugin updating one project with another
12:26:35 INFO  ==============================================================
12:26:35 INFO  Assertion that path exists=False for "/etc/tedge/apama/project" ... passed
12:26:35 INFO  Executed sudo&lt;create_project_dir&gt;, exit status 0
12:26:36 INFO  Executed sudo&lt;unzip_apama_project&gt;, exit status 0
12:26:36 INFO  Executed sudo&lt;move_apama_project&gt;, exit status 0
12:26:37 INFO  Executed sudo&lt;restart_apama_service&gt;, exit status 0
12:26:38 INFO  Executed sudo&lt;apama_correlator_wait&gt;, exit status 0
12:26:38 INFO  Assertion that path exists=True for "/etc/tedge/apama/project" ... passed
12:26:38 INFO  Executed sudo&lt;apama_list_monitors&gt;, exit status 0
12:26:38 INFO  Grep on file /home/pi/actions-runner/_work/thin-edge.io/thin-edge.io/tests/PySys/plugin_apama/apama_plugin_update/Output/linux/apama_list_monitors.out ... passed
12:26:39 WARN  Executed sudo&lt;plugin_install&gt;, exit status 2
12:26:39 INFO  Contents of plugin_install.err: 
  ERROR: Directory not empty (os error 39)
  -----

12:26:39 WARN  sudo&lt;plugin_install&gt; returned non-zero exit code 2 ... blocked [run.py:35]
12:26:39 WARN  Aborted test due to BLOCKED outcome
12:26:39 INFO  
12:26:39 INFO  cleanup:
12:26:39 INFO  Removing apama project
12:26:55 INFO  Executed sudo&lt;stop_apama_service&gt;, exit status 0, duration 15 secs
12:26:55 INFO  Executed sudo&lt;remove_apama_project&gt;, exit status 0
12:26:56 INFO  Executed sudo&lt;remove_apama_tmp_dir&gt;, exit status 0
12:26:56 INFO  
12:26:56 INFO  Test duration: 21.28 secs
12:26:56 INFO  Test final outcome:  BLOCKED
12:26:56 INFO  Test outcome reason: sudo&lt;plugin_install&gt; returned non-zero exit code 2
12:26:56 INFO  
</system-out>
	</testcase>
</testsuite><testsuite name="SoftwareManagement.sm_apt_install_download_path" tests="3" errors="0" failures="2" skipped="1" time="0"><testcase classname="AptInstallWithDownloadPath" name="SoftwareManagement.sm_apt_install_download_path">
		<skipped message="SKIPPED: Testing the apt plugin is not supported on this platform.Use parameter -XmyPlatform='container' to enable it" />
		<system-out>11:37:22 INFO  ==============================================================
11:37:22 INFO  Id:    SoftwareManagement.sm_apt_install_download_path
11:37:22 INFO  Dir:   software_management_end_to_end/
11:37:22 INFO  Title: Install package to directory specified in tedge config set tmp.path
11:37:22 INFO  ==============================================================
11:37:22 INFO  Testing the apt plugin is not supported on this platform.Use parameter -XmyPlatform='container' to enable it ... skipped
11:37:22 WARN  Aborted test due to SKIPPED outcome
11:37:22 INFO  
11:37:22 INFO  Test duration: 0.10 secs
11:37:22 INFO  Test final outcome:  SKIPPED
11:37:22 INFO  Test outcome reason: Testing the apt plugin is not supported on this platform.Use parameter -XmyPlatform='container' to enable it
11:37:22 INFO  
</system-out>
	</testcase>
<testcase classname="AptInstallWithDownloadPath" name="SoftwareManagement.sm_apt_install_download_path">
		<failure message="BLOCKED: AssertionError:" type="BLOCKED" />
		<system-out>11:59:56 INFO  ==============================================================
11:59:56 INFO  Id:    SoftwareManagement.sm_apt_install_download_path
11:59:56 INFO  Dir:   software_management_end_to_end/
11:59:56 INFO  Title: Install package to directory specified in tedge config set tmp.path
11:59:56 INFO  ==============================================================
11:59:56 INFO  Using sw id database: {'asciijump': '5475369', 'robotfindskitten': '5474869', 'squirrel3': '5475279', 'rolldice': '5152439', 'moon-buggy': '5439204', 'apple': '5495053', 'banana': '5494888', 'cherry': '5495382', 'watermelon': '5494510', 'registry': '8018911', 'hello-world': '8021526', 'docker/getting-started': '8021973', 'alpine': '7991792'}
11:59:56 INFO  EnvironmentC8y Setup
11:59:57 INFO  Executed systemctl&lt;serv_mapper1&gt;, exit status 3
12:00:12 INFO  Executed sudo&lt;tedge_connect_c8y&gt;, exit status 0, duration 14 secs
12:00:14 INFO  Executed sudo&lt;tedge_connect_c8y_test&gt;, exit status 0
12:00:15 INFO  Executed systemctl&lt;serv_mosq2&gt;, exit status 0
12:00:15 INFO  Executed systemctl&lt;serv_mapper3&gt;, exit status 0
12:00:17 ERROR No operations found, assuming it passed
12:00:18 INFO  Assert that (False == value) with value=False ... passed
12:00:18 INFO  Executed sudo, exit status 0
12:00:19 INFO  Executed sudo, exit status 0
12:00:19 INFO  Executed sudo, exit status 0
12:00:23 INFO  Executed sudo&lt;tedge_disconnect_c8y&gt;, exit status 0
12:00:23 INFO  Restarting mosquitto too frequently in the last 10 seconds. It was only up for 3 seconds
12:00:23 INFO  Delaying execution by 8 seconds
12:00:45 INFO  Executed sudo&lt;tedge_connect_c8y&gt;, exit status 0, duration 13 secs
12:00:46 INFO  Response status: 201
12:00:46 INFO  Response to action: {
    "creationTime": "2022-06-07T12:00:46.010Z",
    "deviceId": "19915518",
    "deviceName": "m32sd10d",
    "self": "https://t493319102.eu-latest.cumulocity.com/devicecontrol/operations/20014192",
    "id": "20014192",
    "status": "PENDING",
    "description": "Apply software changes, triggered from PySys: [{'name': 'rolldice', 'id': '5152439', 'version': '::apt', 'url': 'https://thin-edge-io.eu-latest.cumulocity.com/inventory/binaries/12435463', 'action': 'install'}]",
    "c8y_SoftwareUpdate": [
        {
            "name": "rolldice",
            "action": "install",
            "id": "5152439",
            "version": "::apt",
            "url": "https://thin-edge-io.eu-latest.cumulocity.com/inventory/binaries/12435463"
        }
    ]
}
12:00:46 INFO  Started operation: {'creationTime': '2022-06-07T12:00:46.010Z', 'deviceId': '19915518', 'deviceName': 'm32sd10d', 'self': 'https://t493319102.eu-latest.cumulocity.com/devicecontrol/operations/20014192', 'id': '20014192', 'status': 'PENDING', 'description': "Apply software changes, triggered from PySys: [{'name': 'rolldice', 'id': '5152439', 'version': '::apt', 'url': 'https://thin-edge-io.eu-latest.cumulocity.com/inventory/binaries/12435463', 'action': 'install'}]", 'c8y_SoftwareUpdate': [{'name': 'rolldice', 'action': 'install', 'id': '5152439', 'version': '::apt', 'url': 'https://thin-edge-io.eu-latest.cumulocity.com/inventory/binaries/12435463'}]}
12:00:46 WARN  , retrying in 0.5 seconds...
12:00:46 WARN  , retrying in 0.5 seconds...
12:00:47 WARN  , retrying in 0.5 seconds...
12:00:47 WARN  , retrying in 0.5 seconds...
12:00:48 WARN  , retrying in 0.5 seconds...
12:00:48 WARN  , retrying in 0.5 seconds...
12:00:49 WARN  , retrying in 0.5 seconds...
12:00:49 WARN  , retrying in 0.5 seconds...
12:00:50 WARN  , retrying in 0.5 seconds...
12:00:50 WARN  AssertionError occurred while running test - 
Traceback (most recent call last):
  File "/home/pi/env-pysys/lib/python3.7/site-packages/pysys/baserunner.py", line 1294, in __call__
    self.testObj.execute()
  File "/home/pi/actions-runner/_work/thin-edge.io/thin-edge.io/tests/PySys/software_management_end_to_end/sm_apt_install_download_path/run.py", line 83, in execute
    assert_install_in_download_path(install_directory=self.DOWNLOAD_DIR)
  File "/home/pi/env-pysys/lib/python3.7/site-packages/decorator.py", line 232, in fun
    return caller(func, *(extras + args), **kw)
  File "/home/pi/env-pysys/lib/python3.7/site-packages/retry/api.py", line 74, in retry_decorator
    logger)
  File "/home/pi/env-pysys/lib/python3.7/site-packages/retry/api.py", line 33, in __retry_internal
    return f()
  File "/home/pi/actions-runner/_work/thin-edge.io/thin-edge.io/tests/PySys/software_management_end_to_end/sm_apt_install_download_path/run.py", line 28, in assert_install_in_download_path
    assert "rolldice" in os.listdir(f"{install_directory}")
AssertionError
12:00:51 WARN  AssertionError: ... blocked 
12:00:51 INFO  
12:00:51 INFO  cleanup:
12:00:51 INFO  Executed sudo, exit status 0
12:00:52 INFO  Executed sudo, exit status 0
12:00:56 INFO  Executed sudo&lt;tedge_disconnect_c8y&gt;, exit status 0
12:00:56 INFO  Restarting mosquitto too frequently in the last 10 seconds. It was only up for 3 seconds
12:00:56 INFO  Delaying execution by 8 seconds
12:01:19 INFO  Executed sudo&lt;tedge_connect_c8y&gt;, exit status 0, duration 14 secs
12:01:23 INFO  Executed sudo&lt;tedge_disconnect_c8y&gt;, exit status 0
12:01:23 INFO  Executed systemctl&lt;serv_mapper5&gt;, exit status 3
12:01:23 INFO  
12:01:23 INFO  Test duration: 86.95 secs
12:01:23 INFO  Test final outcome:  BLOCKED
12:01:23 INFO  Test outcome reason: AssertionError:
12:01:23 INFO  
</system-out>
	</testcase>
<testcase classname="AptInstallWithDownloadPath" name="SoftwareManagement.sm_apt_install_download_path">
		<failure message="BLOCKED: AssertionError:" type="BLOCKED" />
		<system-out>12:26:56 INFO  ==============================================================
12:26:56 INFO  Id:    SoftwareManagement.sm_apt_install_download_path
12:26:56 INFO  Dir:   software_management_end_to_end/
12:26:56 INFO  Title: Install package to directory specified in tedge config set tmp.path
12:26:56 INFO  ==============================================================
12:26:57 INFO  Using sw id database: {'asciijump': '5475369', 'robotfindskitten': '5474869', 'squirrel3': '5475279', 'rolldice': '5152439', 'moon-buggy': '5439204', 'apple': '5495053', 'banana': '5494888', 'cherry': '5495382', 'watermelon': '5494510', 'registry': '8018911', 'hello-world': '8021526', 'docker/getting-started': '8021973', 'alpine': '7991792'}
12:26:57 INFO  EnvironmentC8y Setup
12:26:58 INFO  Executed systemctl&lt;serv_mapper1&gt;, exit status 3
12:27:12 INFO  Executed sudo&lt;tedge_connect_c8y&gt;, exit status 0, duration 13 secs
12:27:12 INFO  Executed sudo&lt;tedge_connect_c8y_test&gt;, exit status 0
12:27:13 INFO  Executed systemctl&lt;serv_mosq2&gt;, exit status 0
12:27:13 INFO  Executed systemctl&lt;serv_mapper3&gt;, exit status 0
12:27:15 INFO  State of current operation: SUCCESSFUL
12:27:16 INFO  Assert that (False == value) with value=False ... passed
12:27:16 INFO  Executed sudo, exit status 0
12:27:17 INFO  Executed sudo, exit status 0
12:27:17 INFO  Executed sudo, exit status 0
12:27:21 INFO  Executed sudo&lt;tedge_disconnect_c8y&gt;, exit status 0
12:27:21 INFO  Restarting mosquitto too frequently in the last 10 seconds. It was only up for 3 seconds
12:27:21 INFO  Delaying execution by 8 seconds
12:27:43 INFO  Executed sudo&lt;tedge_connect_c8y&gt;, exit status 0, duration 13 secs
12:27:43 INFO  Response status: 201
12:27:43 INFO  Response to action: {
    "creationTime": "2022-06-07T12:27:43.709Z",
    "deviceId": "19915518",
    "deviceName": "m32sd10d",
    "self": "https://t493319102.eu-latest.cumulocity.com/devicecontrol/operations/20014341",
    "id": "20014341",
    "status": "PENDING",
    "description": "Apply software changes, triggered from PySys: [{'name': 'rolldice', 'id': '5152439', 'version': '::apt', 'url': 'https://thin-edge-io.eu-latest.cumulocity.com/inventory/binaries/12435463', 'action': 'install'}]",
    "c8y_SoftwareUpdate": [
        {
            "name": "rolldice",
            "action": "install",
            "id": "5152439",
            "version": "::apt",
            "url": "https://thin-edge-io.eu-latest.cumulocity.com/inventory/binaries/12435463"
        }
    ]
}
12:27:43 INFO  Started operation: {'creationTime': '2022-06-07T12:27:43.709Z', 'deviceId': '19915518', 'deviceName': 'm32sd10d', 'self': 'https://t493319102.eu-latest.cumulocity.com/devicecontrol/operations/20014341', 'id': '20014341', 'status': 'PENDING', 'description': "Apply software changes, triggered from PySys: [{'name': 'rolldice', 'id': '5152439', 'version': '::apt', 'url': 'https://thin-edge-io.eu-latest.cumulocity.com/inventory/binaries/12435463', 'action': 'install'}]", 'c8y_SoftwareUpdate': [{'name': 'rolldice', 'action': 'install', 'id': '5152439', 'version': '::apt', 'url': 'https://thin-edge-io.eu-latest.cumulocity.com/inventory/binaries/12435463'}]}
12:27:43 WARN  , retrying in 0.5 seconds...
12:27:44 WARN  , retrying in 0.5 seconds...
12:27:44 WARN  , retrying in 0.5 seconds...
12:27:45 WARN  , retrying in 0.5 seconds...
12:27:45 WARN  , retrying in 0.5 seconds...
12:27:46 WARN  , retrying in 0.5 seconds...
12:27:46 WARN  , retrying in 0.5 seconds...
12:27:47 WARN  , retrying in 0.5 seconds...
12:27:47 WARN  , retrying in 0.5 seconds...
12:27:48 WARN  AssertionError occurred while running test - 
Traceback (most recent call last):
  File "/home/pi/env-pysys/lib/python3.7/site-packages/pysys/baserunner.py", line 1294, in __call__
    self.testObj.execute()
  File "/home/pi/actions-runner/_work/thin-edge.io/thin-edge.io/tests/PySys/software_management_end_to_end/sm_apt_install_download_path/run.py", line 83, in execute
    assert_install_in_download_path(install_directory=self.DOWNLOAD_DIR)
  File "/home/pi/env-pysys/lib/python3.7/site-packages/decorator.py", line 232, in fun
    return caller(func, *(extras + args), **kw)
  File "/home/pi/env-pysys/lib/python3.7/site-packages/retry/api.py", line 74, in retry_decorator
    logger)
  File "/home/pi/env-pysys/lib/python3.7/site-packages/retry/api.py", line 33, in __retry_internal
    return f()
  File "/home/pi/actions-runner/_work/thin-edge.io/thin-edge.io/tests/PySys/software_management_end_to_end/sm_apt_install_download_path/run.py", line 28, in assert_install_in_download_path
    assert "rolldice" in os.listdir(f"{install_directory}")
AssertionError
12:27:48 WARN  AssertionError: ... blocked 
12:27:48 INFO  
12:27:48 INFO  cleanup:
12:27:48 INFO  Executed sudo, exit status 0
12:27:49 INFO  Executed sudo, exit status 0
12:27:53 INFO  Executed sudo&lt;tedge_disconnect_c8y&gt;, exit status 0
12:27:53 INFO  Restarting mosquitto too frequently in the last 10 seconds. It was only up for 3 seconds
12:27:53 INFO  Delaying execution by 8 seconds
12:28:15 INFO  Executed sudo&lt;tedge_connect_c8y&gt;, exit status 0, duration 14 secs
12:28:19 INFO  Executed sudo&lt;tedge_disconnect_c8y&gt;, exit status 0
12:28:20 INFO  Executed systemctl&lt;serv_mapper5&gt;, exit status 3
12:28:20 INFO  
12:28:20 INFO  Test duration: 84.22 secs
12:28:20 INFO  Test final outcome:  BLOCKED
12:28:20 INFO  Test outcome reason: AssertionError:
12:28:20 INFO  
</system-out>
	</testcase>
</testsuite><testsuite name="SoftwareManagement.sm_apt_install_fail" tests="3" errors="0" failures="0" skipped="1" time="0"><testcase classname="PySysTest" name="SoftwareManagement.sm_apt_install_fail">
		<skipped message="SKIPPED: Testing the apt plugin is not supported on this platform.Use parameter -XmyPlatform='container' to enable it" />
		<system-out>11:37:23 INFO  ==============================================================
11:37:23 INFO  Id:    SoftwareManagement.sm_apt_install_fail
11:37:23 INFO  Dir:   software_management_end_to_end/
11:37:23 INFO  Title: Validate end to end behaviour for a failing installation
11:37:23 INFO  ==============================================================
11:37:23 INFO  Testing the apt plugin is not supported on this platform.Use parameter -XmyPlatform='container' to enable it ... skipped
11:37:23 WARN  Aborted test due to SKIPPED outcome
11:37:23 INFO  
11:37:23 INFO  Test duration: 0.02 secs
11:37:23 INFO  Test final outcome:  SKIPPED
11:37:23 INFO  Test outcome reason: Testing the apt plugin is not supported on this platform.Use parameter -XmyPlatform='container' to enable it
11:37:23 INFO  
</system-out>
	</testcase>
<testcase classname="PySysTest" name="SoftwareManagement.sm_apt_install_fail" />
<testcase classname="PySysTest" name="SoftwareManagement.sm_apt_install_fail" />
</testsuite><testsuite name="SoftwareManagement.sm_apt_install_remove" tests="3" errors="0" failures="0" skipped="1" time="0"><testcase classname="PySysTest" name="SoftwareManagement.sm_apt_install_remove">
		<skipped message="SKIPPED: Testing the apt plugin is not supported on this platform.Use parameter -XmyPlatform='container' to enable it" />
		<system-out>11:37:23 INFO  ==============================================================
11:37:23 INFO  Id:    SoftwareManagement.sm_apt_install_remove
11:37:23 INFO  Dir:   software_management_end_to_end/
11:37:23 INFO  Title: Validate end to end behaviour for the apt plugin for installation and removal of packages
11:37:23 INFO  ==============================================================
11:37:23 INFO  Testing the apt plugin is not supported on this platform.Use parameter -XmyPlatform='container' to enable it ... skipped
11:37:23 WARN  Aborted test due to SKIPPED outcome
11:37:23 INFO  
11:37:23 INFO  Test duration: 0.02 secs
11:37:23 INFO  Test final outcome:  SKIPPED
11:37:23 INFO  Test outcome reason: Testing the apt plugin is not supported on this platform.Use parameter -XmyPlatform='container' to enable it
11:37:23 INFO  
</system-out>
	</testcase>
<testcase classname="PySysTest" name="SoftwareManagement.sm_apt_install_remove" />
<testcase classname="PySysTest" name="SoftwareManagement.sm_apt_install_remove" />
</testsuite><testsuite name="SoftwareManagement.sm_apt_install_remove_default" tests="3" errors="0" failures="0" skipped="1" time="0"><testcase classname="PySysTest" name="SoftwareManagement.sm_apt_install_remove_default">
		<skipped message="SKIPPED: Testing the apt plugin is not supported on this platform.Use parameter -XmyPlatform='container' to enable it" />
		<system-out>11:37:23 INFO  ==============================================================
11:37:23 INFO  Id:    SoftwareManagement.sm_apt_install_remove_default
11:37:23 INFO  Dir:   software_management_end_to_end/
11:37:23 INFO  Title: Validate end to end behaviour for the default plugin for installation and removal of packages
11:37:23 INFO  ==============================================================
11:37:23 INFO  Testing the apt plugin is not supported on this platform.Use parameter -XmyPlatform='container' to enable it ... skipped
11:37:23 WARN  Aborted test due to SKIPPED outcome
11:37:23 INFO  
11:37:23 INFO  Test duration: 0.11 secs
11:37:23 INFO  Test final outcome:  SKIPPED
11:37:23 INFO  Test outcome reason: Testing the apt plugin is not supported on this platform.Use parameter -XmyPlatform='container' to enable it
11:37:23 INFO  
</system-out>
	</testcase>
<testcase classname="PySysTest" name="SoftwareManagement.sm_apt_install_remove_default" />
<testcase classname="PySysTest" name="SoftwareManagement.sm_apt_install_remove_default" />
</testsuite><testsuite name="SoftwareManagement.sm_apt_install_remove_multiple" tests="3" errors="0" failures="2" skipped="1" time="0"><testcase classname="PySysTest" name="SoftwareManagement.sm_apt_install_remove_multiple">
		<skipped message="SKIPPED: Testing the apt plugin is not supported on this platform.Use parameter -XmyPlatform='container' to enable it" />
		<system-out>11:37:23 INFO  ==============================================================
11:37:23 INFO  Id:    SoftwareManagement.sm_apt_install_remove_multiple
11:37:23 INFO  Dir:   software_management_end_to_end/
11:37:23 INFO  Title: Validate end to end behaviour for the apt plugin for multiple packages
11:37:23 INFO  ==============================================================
11:37:23 INFO  Testing the apt plugin is not supported on this platform.Use parameter -XmyPlatform='container' to enable it ... skipped
11:37:23 WARN  Aborted test due to SKIPPED outcome
11:37:23 INFO  
11:37:23 INFO  Test duration: 0.03 secs
11:37:23 INFO  Test final outcome:  SKIPPED
11:37:23 INFO  Test outcome reason: Testing the apt plugin is not supported on this platform.Use parameter -XmyPlatform='container' to enable it
11:37:23 INFO  
</system-out>
	</testcase>
<testcase classname="PySysTest" name="SoftwareManagement.sm_apt_install_remove_multiple">
		<failure message="FAILED: Assert that (False == value) with value=True" type="FAILED" />
		<system-out>12:08:09 INFO  ==============================================================
12:08:09 INFO  Id:    SoftwareManagement.sm_apt_install_remove_multiple
12:08:09 INFO  Dir:   software_management_end_to_end/
12:08:09 INFO  Title: Validate end to end behaviour for the apt plugin for multiple packages
12:08:09 INFO  ==============================================================
12:08:09 INFO  Using sw id database: {'asciijump': '5475369', 'robotfindskitten': '5474869', 'squirrel3': '5475279', 'rolldice': '5152439', 'moon-buggy': '5439204', 'apple': '5495053', 'banana': '5494888', 'cherry': '5495382', 'watermelon': '5494510', 'registry': '8018911', 'hello-world': '8021526', 'docker/getting-started': '8021973', 'alpine': '7991792'}
12:08:09 INFO  EnvironmentC8y Setup
12:08:10 INFO  Executed systemctl&lt;serv_mapper1&gt;, exit status 3
12:08:10 INFO  Restarting mosquitto too frequently in the last 10 seconds. It was only up for 5 seconds
12:08:10 INFO  Delaying execution by 6 seconds
12:08:30 INFO  Executed sudo&lt;tedge_connect_c8y&gt;, exit status 0, duration 14 secs
12:08:30 INFO  Executed sudo&lt;tedge_connect_c8y_test&gt;, exit status 0
12:08:31 INFO  Executed systemctl&lt;serv_mosq2&gt;, exit status 0
12:08:31 INFO  Executed systemctl&lt;serv_mapper3&gt;, exit status 0
12:08:33 INFO  State of current operation: SUCCESSFUL
12:08:34 INFO  Assert that (False == value) with value=False ... passed
12:08:34 INFO  Assert that (False == value) with value=False ... passed
12:08:34 INFO  Assert that (False == value) with value=False ... passed
12:08:35 INFO  Package robotfindskitten is installed
12:08:35 WARN  Assert that (False == value) with value=True ... failed 
12:08:35 INFO  Response status: 201
12:08:35 INFO  Response to action: {
    "creationTime": "2022-06-07T12:08:35.437Z",
    "deviceId": "19915518",
    "deviceName": "m32sd10d",
    "self": "https://t493319102.eu-latest.cumulocity.com/devicecontrol/operations/20014246",
    "id": "20014246",
    "status": "PENDING",
    "description": "Apply software changes, triggered from PySys: [{'action': 'install', 'id': '5475369', 'name': 'asciijump', 'url': ' ', 'version': '::apt'}, {'action': 'install', 'id': '5474869', 'name': 'robotfindskitten', 'url': ' ', 'version': '::apt'}, {'action': 'install', 'id': '5475279', 'name': 'squirrel3', 'url': ' ', 'version': '::apt'}]",
    "c8y_SoftwareUpdate": [
        {
            "name": "asciijump",
            "action": "install",
            "id": "5475369",
            "version": "::apt",
            "url": " "
        },
        {
            "name": "robotfindskitten",
            "action": "install",
            "id": "5474869",
            "version": "::apt",
            "url": " "
        },
        {
            "name": "squirrel3",
            "action": "install",
            "id": "5475279",
            "version": "::apt",
            "url": " "
        }
    ]
}
12:08:35 INFO  Started operation: {'creationTime': '2022-06-07T12:08:35.437Z', 'deviceId': '19915518', 'deviceName': 'm32sd10d', 'self': 'https://t493319102.eu-latest.cumulocity.com/devicecontrol/operations/20014246', 'id': '20014246', 'status': 'PENDING', 'description': "Apply software changes, triggered from PySys: [{'action': 'install', 'id': '5475369', 'name': 'asciijump', 'url': ' ', 'version': '::apt'}, {'action': 'install', 'id': '5474869', 'name': 'robotfindskitten', 'url': ' ', 'version': '::apt'}, {'action': 'install', 'id': '5475279', 'name': 'squirrel3', 'url': ' ', 'version': '::apt'}]", 'c8y_SoftwareUpdate': [{'name': 'asciijump', 'action': 'install', 'id': '5475369', 'version': '::apt', 'url': ' '}, {'name': 'robotfindskitten', 'action': 'install', 'id': '5474869', 'version': '::apt', 'url': ' '}, {'name': 'squirrel3', 'action': 'install', 'id': '5475279', 'version': '::apt', 'url': ' '}]}
12:08:37 INFO  State of operation 20014246 : PENDING
12:08:39 INFO  State of operation 20014246 : EXECUTING
12:08:42 INFO  State of operation 20014246 : EXECUTING
12:08:44 INFO  State of operation 20014246 : EXECUTING
12:08:46 INFO  State of operation 20014246 : EXECUTING
12:08:48 INFO  State of operation 20014246 : EXECUTING
12:08:51 INFO  State of operation 20014246 : EXECUTING
12:08:54 INFO  State of operation 20014246 : EXECUTING
12:08:56 INFO  State of operation 20014246 : EXECUTING
12:08:59 INFO  State of operation 20014246 : EXECUTING
12:09:01 INFO  State of operation 20014246 : EXECUTING
12:09:03 INFO  State of operation 20014246 : EXECUTING
12:09:05 INFO  State of operation 20014246 : EXECUTING
12:09:08 INFO  State of operation 20014246 : EXECUTING
12:09:10 INFO  State of operation 20014246 : EXECUTING
12:09:12 INFO  State of operation 20014246 : EXECUTING
12:09:15 INFO  State of operation 20014246 : EXECUTING
12:09:17 INFO  State of operation 20014246 : EXECUTING
12:09:19 INFO  State of operation 20014246 : EXECUTING
12:09:22 INFO  State of operation 20014246 : EXECUTING
12:09:24 INFO  State of operation 20014246 : EXECUTING
12:09:27 INFO  State of operation 20014246 : EXECUTING
12:09:29 INFO  State of operation 20014246 : EXECUTING
12:09:31 INFO  State of operation 20014246 : EXECUTING
12:09:34 INFO  State of operation 20014246 : EXECUTING
12:09:36 INFO  State of operation 20014246 : EXECUTING
12:09:38 INFO  State of operation 20014246 : EXECUTING
12:09:40 INFO  State of operation 20014246 : EXECUTING
12:09:43 INFO  State of operation 20014246 : EXECUTING
12:09:45 INFO  State of operation 20014246 : EXECUTING
12:09:47 INFO  State of operation 20014246 : EXECUTING
12:09:49 INFO  State of operation 20014246 : EXECUTING
12:09:52 INFO  State of operation 20014246 : EXECUTING
12:09:54 INFO  State of operation 20014246 : EXECUTING
12:09:56 INFO  State of operation 20014246 : SUCCESSFUL
12:09:56 INFO  Assert that (False == value) with value=False ... passed
12:09:57 INFO  Package asciijump is installed
12:09:57 INFO  Assert that (True == value) with value=True ... passed
12:09:57 INFO  Package squirrel3 is installed
12:09:57 INFO  Assert that (True == value) with value=True ... passed
12:09:57 INFO  Package robotfindskitten is installed
12:09:57 INFO  Assert that (True == value) with value=True ... passed
12:09:57 INFO  Response status: 201
12:09:57 INFO  Response to action: {
    "creationTime": "2022-06-07T12:09:57.791Z",
    "deviceId": "19915518",
    "deviceName": "m32sd10d",
    "self": "https://t493319102.eu-latest.cumulocity.com/devicecontrol/operations/20014257",
    "id": "20014257",
    "status": "PENDING",
    "description": "Apply software changes, triggered from PySys: [{'action': 'delete', 'id': '5475369', 'name': 'asciijump', 'url': ' ', 'version': '::apt'}, {'action': 'delete', 'id': '5474869', 'name': 'robotfindskitten', 'url': ' ', 'version': '::apt'}, {'action': 'delete', 'id': '5475279', 'name': 'squirrel3', 'url': ' ', 'version': '::apt'}]",
    "c8y_SoftwareUpdate": [
        {
            "name": "asciijump",
            "action": "delete",
            "id": "5475369",
            "version": "::apt",
            "url": " "
        },
        {
            "name": "robotfindskitten",
            "action": "delete",
            "id": "5474869",
            "version": "::apt",
            "url": " "
        },
        {
            "name": "squirrel3",
            "action": "delete",
            "id": "5475279",
            "version": "::apt",
            "url": " "
        }
    ]
}
12:09:57 INFO  Started operation: {'creationTime': '2022-06-07T12:09:57.791Z', 'deviceId': '19915518', 'deviceName': 'm32sd10d', 'self': 'https://t493319102.eu-latest.cumulocity.com/devicecontrol/operations/20014257', 'id': '20014257', 'status': 'PENDING', 'description': "Apply software changes, triggered from PySys: [{'action': 'delete', 'id': '5475369', 'name': 'asciijump', 'url': ' ', 'version': '::apt'}, {'action': 'delete', 'id': '5474869', 'name': 'robotfindskitten', 'url': ' ', 'version': '::apt'}, {'action': 'delete', 'id': '5475279', 'name': 'squirrel3', 'url': ' ', 'version': '::apt'}]", 'c8y_SoftwareUpdate': [{'name': 'asciijump', 'action': 'delete', 'id': '5475369', 'version': '::apt', 'url': ' '}, {'name': 'robotfindskitten', 'action': 'delete', 'id': '5474869', 'version': '::apt', 'url': ' '}, {'name': 'squirrel3', 'action': 'delete', 'id': '5475279', 'version': '::apt', 'url': ' '}]}
12:10:00 INFO  State of operation 20014257 : PENDING
12:10:02 INFO  State of operation 20014257 : EXECUTING
12:10:04 INFO  State of operation 20014257 : EXECUTING
12:10:06 INFO  State of operation 20014257 : EXECUTING
12:10:08 INFO  State of operation 20014257 : EXECUTING
12:10:11 INFO  State of operation 20014257 : EXECUTING
12:10:13 INFO  State of operation 20014257 : EXECUTING
12:10:16 INFO  State of operation 20014257 : EXECUTING
12:10:18 INFO  State of operation 20014257 : EXECUTING
12:10:21 INFO  State of operation 20014257 : EXECUTING
12:10:23 INFO  State of operation 20014257 : EXECUTING
12:10:25 INFO  State of operation 20014257 : EXECUTING
12:10:27 INFO  State of operation 20014257 : EXECUTING
12:10:30 INFO  State of operation 20014257 : EXECUTING
12:10:32 INFO  State of operation 20014257 : EXECUTING
12:10:34 INFO  State of operation 20014257 : EXECUTING
12:10:37 INFO  State of operation 20014257 : EXECUTING
12:10:40 INFO  State of operation 20014257 : EXECUTING
12:10:42 INFO  State of operation 20014257 : EXECUTING
12:10:44 INFO  State of operation 20014257 : EXECUTING
12:10:47 INFO  State of operation 20014257 : EXECUTING
12:10:49 INFO  State of operation 20014257 : EXECUTING
12:10:51 INFO  State of operation 20014257 : EXECUTING
12:10:53 INFO  State of operation 20014257 : EXECUTING
12:10:56 INFO  State of operation 20014257 : EXECUTING
12:10:58 INFO  State of operation 20014257 : EXECUTING
12:11:00 INFO  State of operation 20014257 : EXECUTING
12:11:03 INFO  State of operation 20014257 : SUCCESSFUL
12:11:03 INFO  Assert that (False == value) with value=False ... passed
12:11:03 INFO  Assert that (False == value) with value=False ... passed
12:11:03 INFO  Assert that (False == value) with value=False ... passed
12:11:04 INFO  Assert that (False == value) with value=False ... passed
12:11:04 INFO  
12:11:04 INFO  cleanup:
12:11:08 INFO  Executed sudo&lt;tedge_disconnect_c8y&gt;, exit status 0
12:11:08 INFO  Executed systemctl&lt;serv_mapper5&gt;, exit status 3
12:11:08 INFO  
12:11:08 INFO  Test duration: 179.48 secs
12:11:08 INFO  Test final outcome:  FAILED
12:11:08 INFO  Test outcome reason: Assert that (False == value) with value=True
12:11:08 INFO  
</system-out>
	</testcase>
<testcase classname="PySysTest" name="SoftwareManagement.sm_apt_install_remove_multiple">
		<failure message="FAILED: Assert that (False == value) with value=True (+2 other failures)" type="FAILED" />
		<system-out>12:34:46 INFO  ==============================================================
12:34:46 INFO  Id:    SoftwareManagement.sm_apt_install_remove_multiple
12:34:46 INFO  Dir:   software_management_end_to_end/
12:34:46 INFO  Title: Validate end to end behaviour for the apt plugin for multiple packages
12:34:46 INFO  ==============================================================
12:34:46 INFO  Using sw id database: {'asciijump': '5475369', 'robotfindskitten': '5474869', 'squirrel3': '5475279', 'rolldice': '5152439', 'moon-buggy': '5439204', 'apple': '5495053', 'banana': '5494888', 'cherry': '5495382', 'watermelon': '5494510', 'registry': '8018911', 'hello-world': '8021526', 'docker/getting-started': '8021973', 'alpine': '7991792'}
12:34:46 INFO  EnvironmentC8y Setup
12:34:46 INFO  Executed systemctl&lt;serv_mapper1&gt;, exit status 3
12:34:46 INFO  Restarting mosquitto too frequently in the last 10 seconds. It was only up for 4 seconds
12:34:47 INFO  Delaying execution by 7 seconds
12:35:08 INFO  Executed sudo&lt;tedge_connect_c8y&gt;, exit status 0, duration 14 secs
12:35:08 INFO  Executed sudo&lt;tedge_connect_c8y_test&gt;, exit status 0
12:35:09 INFO  Executed systemctl&lt;serv_mosq2&gt;, exit status 0
12:35:09 INFO  Executed systemctl&lt;serv_mapper3&gt;, exit status 0
12:35:12 INFO  State of current operation: SUCCESSFUL
12:35:12 INFO  Assert that (False == value) with value=False ... passed
12:35:12 INFO  Package asciijump is installed
12:35:12 WARN  Assert that (False == value) with value=True ... failed 
12:35:13 INFO  Package squirrel3 is installed
12:35:13 WARN  Assert that (False == value) with value=True ... failed 
12:35:13 INFO  Package robotfindskitten is installed
12:35:13 WARN  Assert that (False == value) with value=True ... failed 
12:35:13 INFO  Response status: 201
12:35:13 INFO  Response to action: {
    "creationTime": "2022-06-07T12:35:13.563Z",
    "deviceId": "19915518",
    "deviceName": "m32sd10d",
    "self": "https://t493319102.eu-latest.cumulocity.com/devicecontrol/operations/20014419",
    "id": "20014419",
    "status": "PENDING",
    "description": "Apply software changes, triggered from PySys: [{'action': 'install', 'id': '5475369', 'name': 'asciijump', 'url': ' ', 'version': '::apt'}, {'action': 'install', 'id': '5474869', 'name': 'robotfindskitten', 'url': ' ', 'version': '::apt'}, {'action': 'install', 'id': '5475279', 'name': 'squirrel3', 'url': ' ', 'version': '::apt'}]",
    "c8y_SoftwareUpdate": [
        {
            "name": "asciijump",
            "action": "install",
            "id": "5475369",
            "version": "::apt",
            "url": " "
        },
        {
            "name": "robotfindskitten",
            "action": "install",
            "id": "5474869",
            "version": "::apt",
            "url": " "
        },
        {
            "name": "squirrel3",
            "action": "install",
            "id": "5475279",
            "version": "::apt",
            "url": " "
        }
    ]
}
12:35:13 INFO  Started operation: {'creationTime': '2022-06-07T12:35:13.563Z', 'deviceId': '19915518', 'deviceName': 'm32sd10d', 'self': 'https://t493319102.eu-latest.cumulocity.com/devicecontrol/operations/20014419', 'id': '20014419', 'status': 'PENDING', 'description': "Apply software changes, triggered from PySys: [{'action': 'install', 'id': '5475369', 'name': 'asciijump', 'url': ' ', 'version': '::apt'}, {'action': 'install', 'id': '5474869', 'name': 'robotfindskitten', 'url': ' ', 'version': '::apt'}, {'action': 'install', 'id': '5475279', 'name': 'squirrel3', 'url': ' ', 'version': '::apt'}]", 'c8y_SoftwareUpdate': [{'name': 'asciijump', 'action': 'install', 'id': '5475369', 'version': '::apt', 'url': ' '}, {'name': 'robotfindskitten', 'action': 'install', 'id': '5474869', 'version': '::apt', 'url': ' '}, {'name': 'squirrel3', 'action': 'install', 'id': '5475279', 'version': '::apt', 'url': ' '}]}
12:35:15 INFO  State of operation 20014419 : PENDING
12:35:18 INFO  State of operation 20014419 : EXECUTING
12:35:20 INFO  State of operation 20014419 : EXECUTING
12:35:22 INFO  State of operation 20014419 : EXECUTING
12:35:24 INFO  State of operation 20014419 : EXECUTING
12:35:26 INFO  State of operation 20014419 : EXECUTING
12:35:29 INFO  State of operation 20014419 : EXECUTING
12:35:32 INFO  State of operation 20014419 : EXECUTING
12:35:34 INFO  State of operation 20014419 : EXECUTING
12:35:37 INFO  State of operation 20014419 : EXECUTING
12:35:39 INFO  State of operation 20014419 : EXECUTING
12:35:41 INFO  State of operation 20014419 : EXECUTING
12:35:43 INFO  State of operation 20014419 : EXECUTING
12:35:46 INFO  State of operation 20014419 : EXECUTING
12:35:48 INFO  State of operation 20014419 : EXECUTING
12:35:50 INFO  State of operation 20014419 : SUCCESSFUL
12:35:50 INFO  Assert that (False == value) with value=False ... passed
12:35:51 INFO  Package asciijump is installed
12:35:51 INFO  Assert that (True == value) with value=True ... passed
12:35:51 INFO  Package squirrel3 is installed
12:35:51 INFO  Assert that (True == value) with value=True ... passed
12:35:51 INFO  Package robotfindskitten is installed
12:35:51 INFO  Assert that (True == value) with value=True ... passed
12:35:51 INFO  Response status: 201
12:35:51 INFO  Response to action: {
    "creationTime": "2022-06-07T12:35:51.739Z",
    "deviceId": "19915518",
    "deviceName": "m32sd10d",
    "self": "https://t493319102.eu-latest.cumulocity.com/devicecontrol/operations/20014430",
    "id": "20014430",
    "status": "PENDING",
    "description": "Apply software changes, triggered from PySys: [{'action': 'delete', 'id': '5475369', 'name': 'asciijump', 'url': ' ', 'version': '::apt'}, {'action': 'delete', 'id': '5474869', 'name': 'robotfindskitten', 'url': ' ', 'version': '::apt'}, {'action': 'delete', 'id': '5475279', 'name': 'squirrel3', 'url': ' ', 'version': '::apt'}]",
    "c8y_SoftwareUpdate": [
        {
            "name": "asciijump",
            "action": "delete",
            "id": "5475369",
            "version": "::apt",
            "url": " "
        },
        {
            "name": "robotfindskitten",
            "action": "delete",
            "id": "5474869",
            "version": "::apt",
            "url": " "
        },
        {
            "name": "squirrel3",
            "action": "delete",
            "id": "5475279",
            "version": "::apt",
            "url": " "
        }
    ]
}
12:35:51 INFO  Started operation: {'creationTime': '2022-06-07T12:35:51.739Z', 'deviceId': '19915518', 'deviceName': 'm32sd10d', 'self': 'https://t493319102.eu-latest.cumulocity.com/devicecontrol/operations/20014430', 'id': '20014430', 'status': 'PENDING', 'description': "Apply software changes, triggered from PySys: [{'action': 'delete', 'id': '5475369', 'name': 'asciijump', 'url': ' ', 'version': '::apt'}, {'action': 'delete', 'id': '5474869', 'name': 'robotfindskitten', 'url': ' ', 'version': '::apt'}, {'action': 'delete', 'id': '5475279', 'name': 'squirrel3', 'url': ' ', 'version': '::apt'}]", 'c8y_SoftwareUpdate': [{'name': 'asciijump', 'action': 'delete', 'id': '5475369', 'version': '::apt', 'url': ' '}, {'name': 'robotfindskitten', 'action': 'delete', 'id': '5474869', 'version': '::apt', 'url': ' '}, {'name': 'squirrel3', 'action': 'delete', 'id': '5475279', 'version': '::apt', 'url': ' '}]}
12:35:54 INFO  State of operation 20014430 : PENDING
12:35:56 INFO  State of operation 20014430 : EXECUTING
12:35:58 INFO  State of operation 20014430 : EXECUTING
12:36:00 INFO  State of operation 20014430 : EXECUTING
12:36:03 INFO  State of operation 20014430 : EXECUTING
12:36:05 INFO  State of operation 20014430 : EXECUTING
12:36:08 INFO  State of operation 20014430 : EXECUTING
12:36:10 INFO  State of operation 20014430 : EXECUTING
12:36:13 INFO  State of operation 20014430 : EXECUTING
12:36:15 INFO  State of operation 20014430 : EXECUTING
12:36:18 INFO  State of operation 20014430 : EXECUTING
12:36:20 INFO  State of operation 20014430 : EXECUTING
12:36:22 INFO  State of operation 20014430 : EXECUTING
12:36:25 INFO  State of operation 20014430 : EXECUTING
12:36:27 INFO  State of operation 20014430 : EXECUTING
12:36:29 INFO  State of operation 20014430 : EXECUTING
12:36:31 INFO  State of operation 20014430 : EXECUTING
12:36:34 INFO  State of operation 20014430 : EXECUTING
12:36:36 INFO  State of operation 20014430 : EXECUTING
12:36:39 INFO  State of operation 20014430 : EXECUTING
12:36:41 INFO  State of operation 20014430 : EXECUTING
12:36:43 INFO  State of operation 20014430 : EXECUTING
12:36:46 INFO  State of operation 20014430 : EXECUTING
12:36:48 INFO  State of operation 20014430 : EXECUTING
12:36:50 INFO  State of operation 20014430 : EXECUTING
12:36:53 INFO  State of operation 20014430 : EXECUTING
12:36:55 INFO  State of operation 20014430 : EXECUTING
12:36:57 INFO  State of operation 20014430 : EXECUTING
12:37:00 INFO  State of operation 20014430 : SUCCESSFUL
12:37:00 INFO  Assert that (False == value) with value=False ... passed
12:37:00 INFO  Assert that (False == value) with value=False ... passed
12:37:00 INFO  Assert that (False == value) with value=False ... passed
12:37:01 INFO  Assert that (False == value) with value=False ... passed
12:37:01 INFO  
12:37:01 INFO  cleanup:
12:37:05 INFO  Executed sudo&lt;tedge_disconnect_c8y&gt;, exit status 0
12:37:05 INFO  Executed systemctl&lt;serv_mapper5&gt;, exit status 3
12:37:05 INFO  
12:37:05 INFO  Test duration: 139.36 secs
12:37:05 INFO  Test final outcome:  FAILED
12:37:05 INFO  Test outcome reason: Assert that (False == value) with value=True (+2 other failures)
12:37:05 INFO  
</system-out>
	</testcase>
</testsuite><testsuite name="SoftwareManagement.sm_apt_install_remove_multiple_mixed" tests="3" errors="0" failures="2" skipped="1" time="0"><testcase classname="PySysTest" name="SoftwareManagement.sm_apt_install_remove_multiple_mixed">
		<skipped message="SKIPPED: Testing the apt plugin is not supported on this platform.Use parameter -XmyPlatform='container' to enable it" />
		<system-out>11:37:23 INFO  ==============================================================
11:37:23 INFO  Id:    SoftwareManagement.sm_apt_install_remove_multiple_mixed
11:37:23 INFO  Dir:   software_management_end_to_end/
11:37:23 INFO  Title: Validate end to end behaviour for the apt plugin for multiple packages with mixed versions
11:37:23 INFO  ==============================================================
11:37:23 INFO  Testing the apt plugin is not supported on this platform.Use parameter -XmyPlatform='container' to enable it ... skipped
11:37:23 WARN  Aborted test due to SKIPPED outcome
11:37:23 INFO  
11:37:23 INFO  Test duration: 0.03 secs
11:37:23 INFO  Test final outcome:  SKIPPED
11:37:23 INFO  Test outcome reason: Testing the apt plugin is not supported on this platform.Use parameter -XmyPlatform='container' to enable it
11:37:23 INFO  
</system-out>
	</testcase>
<testcase classname="PySysTest" name="SoftwareManagement.sm_apt_install_remove_multiple_mixed">
		<failure message="BLOCKED: SystemError: Timeout while waiting for status SUCCESSFUL or False" type="BLOCKED" />
		<system-out>12:11:09 INFO  ==============================================================
12:11:09 INFO  Id:    SoftwareManagement.sm_apt_install_remove_multiple_mixed
12:11:09 INFO  Dir:   software_management_end_to_end/
12:11:09 INFO  Title: Validate end to end behaviour for the apt plugin for multiple packages with mixed versions
12:11:09 INFO  ==============================================================
12:11:09 INFO  Using sw id database: {'asciijump': '5475369', 'robotfindskitten': '5474869', 'squirrel3': '5475279', 'rolldice': '5152439', 'moon-buggy': '5439204', 'apple': '5495053', 'banana': '5494888', 'cherry': '5495382', 'watermelon': '5494510', 'registry': '8018911', 'hello-world': '8021526', 'docker/getting-started': '8021973', 'alpine': '7991792'}
12:11:09 INFO  EnvironmentC8y Setup
12:11:09 INFO  Executed systemctl&lt;serv_mapper1&gt;, exit status 3
12:11:09 INFO  Restarting mosquitto too frequently in the last 10 seconds. It was only up for 4 seconds
12:11:09 INFO  Delaying execution by 7 seconds
12:11:30 INFO  Executed sudo&lt;tedge_connect_c8y&gt;, exit status 0, duration 13 secs
12:11:31 INFO  Executed sudo&lt;tedge_connect_c8y_test&gt;, exit status 0
12:11:31 INFO  Executed systemctl&lt;serv_mosq2&gt;, exit status 0
12:11:32 INFO  Executed systemctl&lt;serv_mapper3&gt;, exit status 0
12:11:34 INFO  State of current operation: SUCCESSFUL
12:11:34 INFO  Assert that (False == value) with value=False ... passed
12:11:34 INFO  Assert that (False == value) with value=False ... passed
12:11:35 INFO  Assert that (False == value) with value=False ... passed
12:11:35 INFO  Assert that (False == value) with value=False ... passed
12:11:35 INFO  Assert that (False == value) with value=False ... passed
12:11:36 INFO  Response status: 201
12:11:36 INFO  Response to action: {
    "creationTime": "2022-06-07T12:11:36.758Z",
    "deviceId": "19915518",
    "deviceName": "m32sd10d",
    "self": "https://t493319102.eu-latest.cumulocity.com/devicecontrol/operations/20014273",
    "id": "20014273",
    "status": "PENDING",
    "description": "Apply software changes, triggered from PySys: [{'action': 'install', 'id': '5475369', 'name': 'asciijump', 'url': ' ', 'version': '::apt'}, {'action': 'install', 'id': '5474869', 'name': 'robotfindskitten', 'url': ' ', 'version': ' '}, {'action': 'install', 'id': '5475279', 'name': 'squirrel3', 'url': ' ', 'version': '3.1-7::apt'}, {'action': 'install', 'id': '5152439', 'name': 'rolldice', 'url': ' ', 'version': '1.16-1+b1'}, {'action': 'install', 'id': '5439204', 'name': 'moon-buggy', 'url': ' ', 'version': '1:1.0.51-12'}, {'action': 'install', 'id': '5475369', 'name': 'asciijump', 'url': ' ', 'version': '::apt'}]",
    "c8y_SoftwareUpdate": [
        {
            "name": "asciijump",
            "action": "install",
            "id": "5475369",
            "version": "::apt",
            "url": " "
        },
        {
            "name": "robotfindskitten",
            "action": "install",
            "id": "5474869",
            "version": " ",
            "url": " "
        },
        {
            "name": "squirrel3",
            "action": "install",
            "id": "5475279",
            "version": "3.1-7::apt",
            "url": " "
        },
        {
            "name": "rolldice",
            "action": "install",
            "id": "5152439",
            "version": "1.16-1+b1",
            "url": " "
        },
        {
            "name": "moon-buggy",
            "action": "install",
            "id": "5439204",
            "version": "1:1.0.51-12",
            "url": " "
        },
        {
            "name": "asciijump",
            "action": "install",
            "id": "5475369",
            "version": "::apt",
            "url": " "
        }
    ]
}
12:11:36 INFO  Started operation: {'creationTime': '2022-06-07T12:11:36.758Z', 'deviceId': '19915518', 'deviceName': 'm32sd10d', 'self': 'https://t493319102.eu-latest.cumulocity.com/devicecontrol/operations/20014273', 'id': '20014273', 'status': 'PENDING', 'description': "Apply software changes, triggered from PySys: [{'action': 'install', 'id': '5475369', 'name': 'asciijump', 'url': ' ', 'version': '::apt'}, {'action': 'install', 'id': '5474869', 'name': 'robotfindskitten', 'url': ' ', 'version': ' '}, {'action': 'install', 'id': '5475279', 'name': 'squirrel3', 'url': ' ', 'version': '3.1-7::apt'}, {'action': 'install', 'id': '5152439', 'name': 'rolldice', 'url': ' ', 'version': '1.16-1+b1'}, {'action': 'install', 'id': '5439204', 'name': 'moon-buggy', 'url': ' ', 'version': '1:1.0.51-12'}, {'action': 'install', 'id': '5475369', 'name': 'asciijump', 'url': ' ', 'version': '::apt'}]", 'c8y_SoftwareUpdate': [{'name': 'asciijump', 'action': 'install', 'id': '5475369', 'version': '::apt', 'url': ' '}, {'name': 'robotfindskitten', 'action': 'install', 'id': '5474869', 'version': ' ', 'url': ' '}, {'name': 'squirrel3', 'action': 'install', 'id': '5475279', 'version': '3.1-7::apt', 'url': ' '}, {'name': 'rolldice', 'action': 'install', 'id': '5152439', 'version': '1.16-1+b1', 'url': ' '}, {'name': 'moon-buggy', 'action': 'install', 'id': '5439204', 'version': '1:1.0.51-12', 'url': ' '}, {'name': 'asciijump', 'action': 'install', 'id': '5475369', 'version': '::apt', 'url': ' '}]}
12:11:39 INFO  State of operation 20014273 : PENDING
12:11:41 INFO  State of operation 20014273 : EXECUTING
12:11:43 INFO  State of operation 20014273 : EXECUTING
12:11:45 INFO  State of operation 20014273 : EXECUTING
12:11:48 INFO  State of operation 20014273 : EXECUTING
12:11:50 INFO  State of operation 20014273 : EXECUTING
12:11:53 INFO  State of operation 20014273 : EXECUTING
12:11:55 INFO  State of operation 20014273 : EXECUTING
12:11:58 INFO  State of operation 20014273 : EXECUTING
12:12:00 INFO  State of operation 20014273 : EXECUTING
12:12:02 INFO  State of operation 20014273 : EXECUTING
12:12:05 INFO  State of operation 20014273 : EXECUTING
12:12:07 INFO  State of operation 20014273 : EXECUTING
12:12:09 INFO  State of operation 20014273 : EXECUTING
12:12:11 INFO  State of operation 20014273 : EXECUTING
12:12:14 INFO  State of operation 20014273 : EXECUTING
12:12:16 INFO  State of operation 20014273 : EXECUTING
12:12:19 INFO  State of operation 20014273 : EXECUTING
12:12:21 INFO  State of operation 20014273 : EXECUTING
12:12:24 INFO  State of operation 20014273 : EXECUTING
12:12:26 INFO  State of operation 20014273 : EXECUTING
12:12:28 INFO  State of operation 20014273 : EXECUTING
12:12:30 INFO  State of operation 20014273 : EXECUTING
12:12:33 INFO  State of operation 20014273 : EXECUTING
12:12:35 INFO  State of operation 20014273 : EXECUTING
12:12:38 INFO  State of operation 20014273 : EXECUTING
12:12:40 INFO  State of operation 20014273 : EXECUTING
12:12:43 INFO  State of operation 20014273 : EXECUTING
12:12:45 INFO  State of operation 20014273 : EXECUTING
12:12:48 INFO  State of operation 20014273 : EXECUTING
12:12:50 INFO  State of operation 20014273 : EXECUTING
12:12:52 INFO  State of operation 20014273 : EXECUTING
12:12:54 INFO  State of operation 20014273 : EXECUTING
12:12:57 INFO  State of operation 20014273 : EXECUTING
12:12:59 INFO  State of operation 20014273 : EXECUTING
12:13:01 INFO  State of operation 20014273 : EXECUTING
12:13:03 INFO  State of operation 20014273 : EXECUTING
12:13:06 INFO  State of operation 20014273 : EXECUTING
12:13:08 INFO  State of operation 20014273 : EXECUTING
12:13:11 INFO  State of operation 20014273 : EXECUTING
12:13:13 INFO  State of operation 20014273 : EXECUTING
12:13:15 INFO  State of operation 20014273 : EXECUTING
12:13:18 INFO  State of operation 20014273 : EXECUTING
12:13:20 INFO  State of operation 20014273 : EXECUTING
12:13:22 INFO  State of operation 20014273 : EXECUTING
12:13:24 INFO  State of operation 20014273 : EXECUTING
12:13:27 INFO  State of operation 20014273 : EXECUTING
12:13:29 INFO  State of operation 20014273 : EXECUTING
12:13:32 INFO  State of operation 20014273 : EXECUTING
12:13:34 INFO  State of operation 20014273 : EXECUTING
12:13:36 INFO  State of operation 20014273 : EXECUTING
12:13:39 INFO  State of operation 20014273 : EXECUTING
12:13:41 INFO  State of operation 20014273 : EXECUTING
12:13:43 INFO  State of operation 20014273 : EXECUTING
12:13:46 INFO  State of operation 20014273 : EXECUTING
12:13:48 INFO  State of operation 20014273 : EXECUTING
12:13:51 INFO  State of operation 20014273 : EXECUTING
12:13:53 INFO  State of operation 20014273 : EXECUTING
12:13:55 INFO  State of operation 20014273 : EXECUTING
12:13:57 INFO  State of operation 20014273 : EXECUTING
12:14:00 INFO  State of operation 20014273 : EXECUTING
12:14:02 WARN  SystemError occurred while running test - Timeout while waiting for status SUCCESSFUL or False
Traceback (most recent call last):
  File "/home/pi/env-pysys/lib/python3.7/site-packages/pysys/baserunner.py", line 1294, in __call__
    self.testObj.execute()
  File "/home/pi/actions-runner/_work/thin-edge.io/thin-edge.io/tests/PySys/software_management_end_to_end/sm_apt_install_remove_multiple_mixed/run.py", line 89, in execute
    self.wait_until_succcess()
  File "/home/pi/actions-runner/_work/thin-edge.io/thin-edge.io/tests/PySys/software_management_end_to_end/environment_sm_management.py", line 324, in wait_until_succcess
    self.wait_until_status("SUCCESSFUL")
  File "/home/pi/actions-runner/_work/thin-edge.io/thin-edge.io/tests/PySys/software_management_end_to_end/environment_sm_management.py", line 381, in wait_until_status
    "Timeout while waiting for status %s or %s" % (status, status2)
SystemError: Timeout while waiting for status SUCCESSFUL or False
12:14:02 WARN  SystemError: Timeout while waiting for status SUCCESSFUL or False ... blocked 
12:14:02 INFO  
12:14:02 INFO  cleanup:
12:14:06 INFO  Executed sudo&lt;tedge_disconnect_c8y&gt;, exit status 0
12:14:07 INFO  Executed systemctl&lt;serv_mapper5&gt;, exit status 3
12:14:07 INFO  
12:14:07 INFO  Test duration: 178.22 secs
12:14:07 INFO  Test final outcome:  BLOCKED
12:14:07 INFO  Test outcome reason: SystemError: Timeout while waiting for status SUCCESSFUL or False
12:14:07 INFO  
</system-out>
	</testcase>
<testcase classname="PySysTest" name="SoftwareManagement.sm_apt_install_remove_multiple_mixed">
		<failure message="BLOCKED: SystemError: Timeout while waiting for status SUCCESSFUL or False (+1 other failures)" type="BLOCKED" />
		<system-out>12:37:05 INFO  ==============================================================
12:37:05 INFO  Id:    SoftwareManagement.sm_apt_install_remove_multiple_mixed
12:37:05 INFO  Dir:   software_management_end_to_end/
12:37:05 INFO  Title: Validate end to end behaviour for the apt plugin for multiple packages with mixed versions
12:37:05 INFO  ==============================================================
12:37:05 INFO  Using sw id database: {'asciijump': '5475369', 'robotfindskitten': '5474869', 'squirrel3': '5475279', 'rolldice': '5152439', 'moon-buggy': '5439204', 'apple': '5495053', 'banana': '5494888', 'cherry': '5495382', 'watermelon': '5494510', 'registry': '8018911', 'hello-world': '8021526', 'docker/getting-started': '8021973', 'alpine': '7991792'}
12:37:05 INFO  EnvironmentC8y Setup
12:37:06 INFO  Executed systemctl&lt;serv_mapper1&gt;, exit status 3
12:37:06 INFO  Restarting mosquitto too frequently in the last 10 seconds. It was only up for 5 seconds
12:37:06 INFO  Delaying execution by 6 seconds
12:37:26 INFO  Executed sudo&lt;tedge_connect_c8y&gt;, exit status 0, duration 13 secs
12:37:27 INFO  Executed sudo&lt;tedge_connect_c8y_test&gt;, exit status 0
12:37:27 INFO  Executed systemctl&lt;serv_mosq2&gt;, exit status 0
12:37:28 INFO  Executed systemctl&lt;serv_mapper3&gt;, exit status 0
12:37:30 INFO  State of current operation: SUCCESSFUL
12:37:30 INFO  Assert that (False == value) with value=False ... passed
12:37:31 INFO  Assert that (False == value) with value=False ... passed
12:37:31 INFO  Assert that (False == value) with value=False ... passed
12:37:31 INFO  Assert that (False == value) with value=False ... passed
12:37:31 INFO  Package moon-buggy is installed
12:37:31 WARN  Assert that (False == value) with value=True ... failed 
12:37:33 INFO  Response status: 201
12:37:33 INFO  Response to action: {
    "creationTime": "2022-06-07T12:37:32.987Z",
    "deviceId": "19915518",
    "deviceName": "m32sd10d",
    "self": "https://t493319102.eu-latest.cumulocity.com/devicecontrol/operations/20014452",
    "id": "20014452",
    "status": "PENDING",
    "description": "Apply software changes, triggered from PySys: [{'action': 'install', 'id': '5475369', 'name': 'asciijump', 'url': ' ', 'version': '::apt'}, {'action': 'install', 'id': '5474869', 'name': 'robotfindskitten', 'url': ' ', 'version': ' '}, {'action': 'install', 'id': '5475279', 'name': 'squirrel3', 'url': ' ', 'version': '3.1-7::apt'}, {'action': 'install', 'id': '5152439', 'name': 'rolldice', 'url': ' ', 'version': '1.16-1+b1'}, {'action': 'install', 'id': '5439204', 'name': 'moon-buggy', 'url': ' ', 'version': '1:1.0.51-12'}, {'action': 'install', 'id': '5475369', 'name': 'asciijump', 'url': ' ', 'version': '::apt'}]",
    "c8y_SoftwareUpdate": [
        {
            "name": "asciijump",
            "action": "install",
            "id": "5475369",
            "version": "::apt",
            "url": " "
        },
        {
            "name": "robotfindskitten",
            "action": "install",
            "id": "5474869",
            "version": " ",
            "url": " "
        },
        {
            "name": "squirrel3",
            "action": "install",
            "id": "5475279",
            "version": "3.1-7::apt",
            "url": " "
        },
        {
            "name": "rolldice",
            "action": "install",
            "id": "5152439",
            "version": "1.16-1+b1",
            "url": " "
        },
        {
            "name": "moon-buggy",
            "action": "install",
            "id": "5439204",
            "version": "1:1.0.51-12",
            "url": " "
        },
        {
            "name": "asciijump",
            "action": "install",
            "id": "5475369",
            "version": "::apt",
            "url": " "
        }
    ]
}
12:37:33 INFO  Started operation: {'creationTime': '2022-06-07T12:37:32.987Z', 'deviceId': '19915518', 'deviceName': 'm32sd10d', 'self': 'https://t493319102.eu-latest.cumulocity.com/devicecontrol/operations/20014452', 'id': '20014452', 'status': 'PENDING', 'description': "Apply software changes, triggered from PySys: [{'action': 'install', 'id': '5475369', 'name': 'asciijump', 'url': ' ', 'version': '::apt'}, {'action': 'install', 'id': '5474869', 'name': 'robotfindskitten', 'url': ' ', 'version': ' '}, {'action': 'install', 'id': '5475279', 'name': 'squirrel3', 'url': ' ', 'version': '3.1-7::apt'}, {'action': 'install', 'id': '5152439', 'name': 'rolldice', 'url': ' ', 'version': '1.16-1+b1'}, {'action': 'install', 'id': '5439204', 'name': 'moon-buggy', 'url': ' ', 'version': '1:1.0.51-12'}, {'action': 'install', 'id': '5475369', 'name': 'asciijump', 'url': ' ', 'version': '::apt'}]", 'c8y_SoftwareUpdate': [{'name': 'asciijump', 'action': 'install', 'id': '5475369', 'version': '::apt', 'url': ' '}, {'name': 'robotfindskitten', 'action': 'install', 'id': '5474869', 'version': ' ', 'url': ' '}, {'name': 'squirrel3', 'action': 'install', 'id': '5475279', 'version': '3.1-7::apt', 'url': ' '}, {'name': 'rolldice', 'action': 'install', 'id': '5152439', 'version': '1.16-1+b1', 'url': ' '}, {'name': 'moon-buggy', 'action': 'install', 'id': '5439204', 'version': '1:1.0.51-12', 'url': ' '}, {'name': 'asciijump', 'action': 'install', 'id': '5475369', 'version': '::apt', 'url': ' '}]}
12:37:35 INFO  State of operation 20014452 : PENDING
12:37:37 INFO  State of operation 20014452 : EXECUTING
12:37:39 INFO  State of operation 20014452 : EXECUTING
12:37:42 INFO  State of operation 20014452 : EXECUTING
12:37:44 INFO  State of operation 20014452 : EXECUTING
12:37:46 INFO  State of operation 20014452 : EXECUTING
12:37:49 INFO  State of operation 20014452 : EXECUTING
12:37:51 INFO  State of operation 20014452 : EXECUTING
12:37:54 INFO  State of operation 20014452 : EXECUTING
12:37:56 INFO  State of operation 20014452 : EXECUTING
12:37:59 INFO  State of operation 20014452 : EXECUTING
12:38:01 INFO  State of operation 20014452 : EXECUTING
12:38:03 INFO  State of operation 20014452 : EXECUTING
12:38:05 INFO  State of operation 20014452 : EXECUTING
12:38:08 INFO  State of operation 20014452 : EXECUTING
12:38:10 INFO  State of operation 20014452 : EXECUTING
12:38:12 INFO  State of operation 20014452 : EXECUTING
12:38:15 INFO  State of operation 20014452 : EXECUTING
12:38:17 INFO  State of operation 20014452 : EXECUTING
12:38:19 INFO  State of operation 20014452 : EXECUTING
12:38:22 INFO  State of operation 20014452 : EXECUTING
12:38:24 INFO  State of operation 20014452 : EXECUTING
12:38:27 INFO  State of operation 20014452 : EXECUTING
12:38:29 INFO  State of operation 20014452 : EXECUTING
12:38:31 INFO  State of operation 20014452 : EXECUTING
12:38:33 INFO  State of operation 20014452 : EXECUTING
12:38:36 INFO  State of operation 20014452 : EXECUTING
12:38:38 INFO  State of operation 20014452 : EXECUTING
12:38:40 INFO  State of operation 20014452 : EXECUTING
12:38:43 INFO  State of operation 20014452 : EXECUTING
12:38:45 INFO  State of operation 20014452 : EXECUTING
12:38:47 INFO  State of operation 20014452 : EXECUTING
12:38:50 INFO  State of operation 20014452 : EXECUTING
12:38:52 INFO  State of operation 20014452 : EXECUTING
12:38:54 INFO  State of operation 20014452 : EXECUTING
12:38:56 INFO  State of operation 20014452 : EXECUTING
12:38:58 INFO  State of operation 20014452 : EXECUTING
12:39:01 INFO  State of operation 20014452 : EXECUTING
12:39:03 INFO  State of operation 20014452 : EXECUTING
12:39:06 INFO  State of operation 20014452 : EXECUTING
12:39:09 INFO  State of operation 20014452 : EXECUTING
12:39:11 INFO  State of operation 20014452 : EXECUTING
12:39:13 INFO  State of operation 20014452 : EXECUTING
12:39:15 INFO  State of operation 20014452 : EXECUTING
12:39:18 INFO  State of operation 20014452 : EXECUTING
12:39:20 INFO  State of operation 20014452 : EXECUTING
12:39:22 INFO  State of operation 20014452 : EXECUTING
12:39:25 INFO  State of operation 20014452 : EXECUTING
12:39:27 INFO  State of operation 20014452 : EXECUTING
12:39:30 INFO  State of operation 20014452 : EXECUTING
12:39:32 INFO  State of operation 20014452 : EXECUTING
12:39:34 INFO  State of operation 20014452 : EXECUTING
12:39:37 INFO  State of operation 20014452 : EXECUTING
12:39:39 INFO  State of operation 20014452 : EXECUTING
12:39:42 INFO  State of operation 20014452 : EXECUTING
12:39:44 INFO  State of operation 20014452 : EXECUTING
12:39:47 INFO  State of operation 20014452 : EXECUTING
12:39:49 INFO  State of operation 20014452 : EXECUTING
12:39:52 INFO  State of operation 20014452 : EXECUTING
12:39:54 INFO  State of operation 20014452 : EXECUTING
12:39:56 INFO  State of operation 20014452 : EXECUTING
12:39:58 WARN  SystemError occurred while running test - Timeout while waiting for status SUCCESSFUL or False
Traceback (most recent call last):
  File "/home/pi/env-pysys/lib/python3.7/site-packages/pysys/baserunner.py", line 1294, in __call__
    self.testObj.execute()
  File "/home/pi/actions-runner/_work/thin-edge.io/thin-edge.io/tests/PySys/software_management_end_to_end/sm_apt_install_remove_multiple_mixed/run.py", line 89, in execute
    self.wait_until_succcess()
  File "/home/pi/actions-runner/_work/thin-edge.io/thin-edge.io/tests/PySys/software_management_end_to_end/environment_sm_management.py", line 324, in wait_until_succcess
    self.wait_until_status("SUCCESSFUL")
  File "/home/pi/actions-runner/_work/thin-edge.io/thin-edge.io/tests/PySys/software_management_end_to_end/environment_sm_management.py", line 381, in wait_until_status
    "Timeout while waiting for status %s or %s" % (status, status2)
SystemError: Timeout while waiting for status SUCCESSFUL or False
12:39:59 WARN  SystemError: Timeout while waiting for status SUCCESSFUL or False ... blocked 
12:39:59 INFO  
12:39:59 INFO  cleanup:
12:40:03 INFO  Executed sudo&lt;tedge_disconnect_c8y&gt;, exit status 0
12:40:03 INFO  Executed systemctl&lt;serv_mapper5&gt;, exit status 3
12:40:03 INFO  
12:40:03 INFO  Test duration: 178.22 secs
12:40:03 INFO  Test final outcome:  BLOCKED
12:40:03 INFO  Test outcome reason: SystemError: Timeout while waiting for status SUCCESSFUL or False (+1 other failures)
12:40:03 INFO  
</system-out>
	</testcase>
</testsuite><testsuite name="SoftwareManagement.sm_apt_install_remove_with_version" tests="3" errors="0" failures="0" skipped="1" time="0"><testcase classname="PySysTest" name="SoftwareManagement.sm_apt_install_remove_with_version">
		<skipped message="SKIPPED: Testing the apt plugin is not supported on this platform.Use parameter -XmyPlatform='container' to enable it" />
		<system-out>11:37:23 INFO  ==============================================================
11:37:23 INFO  Id:    SoftwareManagement.sm_apt_install_remove_with_version
11:37:23 INFO  Dir:   software_management_end_to_end/
11:37:23 INFO  Title: Validate end to end behaviour for the apt plugin for packages with version
11:37:23 INFO  ==============================================================
11:37:23 INFO  Testing the apt plugin is not supported on this platform.Use parameter -XmyPlatform='container' to enable it ... skipped
11:37:23 WARN  Aborted test due to SKIPPED outcome
11:37:23 INFO  
11:37:23 INFO  Test duration: 0.02 secs
11:37:23 INFO  Test final outcome:  SKIPPED
11:37:23 INFO  Test outcome reason: Testing the apt plugin is not supported on this platform.Use parameter -XmyPlatform='container' to enable it
11:37:23 INFO  
</system-out>
	</testcase>
<testcase classname="PySysTest" name="SoftwareManagement.sm_apt_install_remove_with_version" />
<testcase classname="PySysTest" name="SoftwareManagement.sm_apt_install_remove_with_version" />
</testsuite><testsuite name="SoftwareManagement.sm_docker_install_remove_multiple" tests="3" errors="0" failures="0" skipped="1" time="0"><testcase classname="SMDockerInstallRemove" name="SoftwareManagement.sm_docker_install_remove_multiple">
		<skipped message="SKIPPED: Testing the apt plugin is not supported on this platform.Use parameter -XmyPlatform='container' to enable it" />
		<system-out>11:37:23 INFO  ==============================================================
11:37:23 INFO  Id:    SoftwareManagement.sm_docker_install_remove_multiple
11:37:23 INFO  Dir:   software_management_end_to_end/
11:37:23 INFO  Title: Validate end to end behaviour for the docker plugin for multiple docker images with mixed versions
11:37:23 INFO  ==============================================================
11:37:23 INFO  Testing the apt plugin is not supported on this platform.Use parameter -XmyPlatform='container' to enable it ... skipped
11:37:23 WARN  Aborted test due to SKIPPED outcome
11:37:23 INFO  
11:37:23 INFO  Test duration: 0.03 secs
11:37:23 INFO  Test final outcome:  SKIPPED
11:37:23 INFO  Test outcome reason: Testing the apt plugin is not supported on this platform.Use parameter -XmyPlatform='container' to enable it
11:37:23 INFO  
</system-out>
	</testcase>
<testcase classname="SMDockerInstallRemove" name="SoftwareManagement.sm_docker_install_remove_multiple" />
<testcase classname="SMDockerInstallRemove" name="SoftwareManagement.sm_docker_install_remove_multiple" />
</testsuite><testsuite name="SoftwareManagement.sm_fake_install_remove" tests="2" errors="0" failures="0" skipped="1" time="0"><testcase classname="PySysTest" name="SoftwareManagement.sm_fake_install_remove">
		<skipped message="SKIPPED: Testing the fake plugin is not enabled.Use parameter -Xfakeplugin=fakeplugin to enable it" />
		<system-out>11:37:23 INFO  ==============================================================
11:37:23 INFO  Id:    SoftwareManagement.sm_fake_install_remove
11:37:23 INFO  Dir:   software_management_end_to_end/
11:37:23 INFO  Title: Validate end to end behaviour for the dummy plugin for installation and removal of packages
11:37:23 INFO  ==============================================================
11:37:23 INFO  Testing the fake plugin is not enabled.Use parameter -Xfakeplugin=fakeplugin to enable it ... skipped
11:37:23 WARN  Aborted test due to SKIPPED outcome
11:37:23 INFO  
11:37:23 INFO  Test duration: 0.02 secs
11:37:23 INFO  Test final outcome:  SKIPPED
11:37:23 INFO  Test outcome reason: Testing the fake plugin is not enabled.Use parameter -Xfakeplugin=fakeplugin to enable it
11:37:23 INFO  
</system-out>
	</testcase>
<testcase classname="PySysTest" name="SoftwareManagement.sm_fake_install_remove" />
</testsuite><testsuite name="SoftwareManagement.sm_fake_install_remove_multiple" tests="2" errors="0" failures="0" skipped="1" time="0"><testcase classname="PySysTest" name="SoftwareManagement.sm_fake_install_remove_multiple">
		<skipped message="SKIPPED: Testing the fake plugin is not enabled.Use parameter -Xfakeplugin=fakeplugin to enable it" />
		<system-out>11:37:23 INFO  ==============================================================
11:37:23 INFO  Id:    SoftwareManagement.sm_fake_install_remove_multiple
11:37:23 INFO  Dir:   software_management_end_to_end/
11:37:23 INFO  Title: Validate end to end behaviour for the dummy-plugin for multiple packages
11:37:23 INFO  ==============================================================
11:37:23 INFO  Testing the fake plugin is not enabled.Use parameter -Xfakeplugin=fakeplugin to enable it ... skipped
11:37:23 WARN  Aborted test due to SKIPPED outcome
11:37:23 INFO  
11:37:23 INFO  Test duration: 0.02 secs
11:37:23 INFO  Test final outcome:  SKIPPED
11:37:23 INFO  Test outcome reason: Testing the fake plugin is not enabled.Use parameter -Xfakeplugin=fakeplugin to enable it
11:37:23 INFO  
</system-out>
	</testcase>
<testcase classname="PySysTest" name="SoftwareManagement.sm_fake_install_remove_multiple" />
</testsuite><testsuite name="SoftwareManagement.sm_mapper_fail_and_reconnect" tests="2" errors="0" failures="0" skipped="2" time="0"><testcase classname="MapperC8yReceiveLastMessageOnRestart" name="SoftwareManagement.sm_mapper_fail_and_reconnect">
		<skipped message="SKIPPED: instable https://github.com/thin-edge/thin-edge.io/issues/752" />
		<system-out>11:37:23 INFO  ==============================================================
11:37:23 INFO  Id:    SoftwareManagement.sm_mapper_fail_and_reconnect
11:37:23 INFO  Dir:   software_management_end_to_end/
11:37:23 INFO  Title: Validate the tedge-mapper-sm-c8y for receiving the last message on restart
11:37:23 INFO  ==============================================================
11:37:23 INFO  instable https://github.com/thin-edge/thin-edge.io/issues/752 ... skipped
11:37:23 INFO  
11:37:23 INFO  Test duration: 0.02 secs
11:37:23 INFO  Test final outcome:  SKIPPED
11:37:23 INFO  Test outcome reason: instable https://github.com/thin-edge/thin-edge.io/issues/752
11:37:23 INFO  
</system-out>
	</testcase>
<testcase classname="MapperC8yReceiveLastMessageOnRestart" name="SoftwareManagement.sm_mapper_fail_and_reconnect">
		<skipped message="SKIPPED: instable https://github.com/thin-edge/thin-edge.io/issues/752" />
		<system-out>12:46:51 INFO  ==============================================================
12:46:51 INFO  Id:    SoftwareManagement.sm_mapper_fail_and_reconnect
12:46:51 INFO  Dir:   software_management_end_to_end/
12:46:51 INFO  Title: Validate the tedge-mapper-sm-c8y for receiving the last message on restart
12:46:51 INFO  ==============================================================
12:46:51 INFO  instable https://github.com/thin-edge/thin-edge.io/issues/752 ... skipped
12:46:51 INFO  
12:46:51 INFO  Test duration: 0.02 secs
12:46:51 INFO  Test final outcome:  SKIPPED
12:46:51 INFO  Test outcome reason: instable https://github.com/thin-edge/thin-edge.io/issues/752
12:46:51 INFO  
</system-out>
	</testcase>
</testsuite><testsuite name="SoftwareManagement.sm_mixed_install_remove_multiple" tests="2" errors="0" failures="1" skipped="1" time="0"><testcase classname="PySysTest" name="SoftwareManagement.sm_mixed_install_remove_multiple">
		<skipped message="SKIPPED: Testing the fake plugin is not enabled.Use parameter -Xfakeplugin=fakeplugin to enable it" />
		<system-out>11:37:23 INFO  ==============================================================
11:37:23 INFO  Id:    SoftwareManagement.sm_mixed_install_remove_multiple
11:37:23 INFO  Dir:   software_management_end_to_end/
11:37:23 INFO  Title: Validate end to end behaviour for the dummy-plugin for multiple packages with mixed versions
11:37:23 INFO  ==============================================================
11:37:23 INFO  Testing the fake plugin is not enabled.Use parameter -Xfakeplugin=fakeplugin to enable it ... skipped
11:37:23 WARN  Aborted test due to SKIPPED outcome
11:37:23 INFO  
11:37:23 INFO  Test duration: 0.03 secs
11:37:23 INFO  Test final outcome:  SKIPPED
11:37:23 INFO  Test outcome reason: Testing the fake plugin is not enabled.Use parameter -Xfakeplugin=fakeplugin to enable it
11:37:23 INFO  
</system-out>
	</testcase>
<testcase classname="PySysTest" name="SoftwareManagement.sm_mixed_install_remove_multiple">
		<failure message="FAILED: Assert that (False == value) with value=True" type="FAILED" />
		<system-out>12:46:51 INFO  ==============================================================
12:46:51 INFO  Id:    SoftwareManagement.sm_mixed_install_remove_multiple
12:46:51 INFO  Dir:   software_management_end_to_end/
12:46:51 INFO  Title: Validate end to end behaviour for the dummy-plugin for multiple packages with mixed versions
12:46:51 INFO  ==============================================================
[...]
11:25:47 INFO  Executed sudo&lt;rm_tmp_logs&gt;, exit status 0
11:25:48 INFO  Executed sudo&lt;send_failed&gt;, exit status 0
11:25:48 INFO  Executed sudo&lt;log_file_daemon&gt;, exit status 0
11:25:52 INFO  Executed sudo&lt;tedge_disconnect_c8y&gt;, exit status 0
11:25:53 INFO  Executed systemctl&lt;serv_mapper5&gt;, exit status 3
11:25:53 INFO  
11:25:53 INFO  Test duration: 28.05 secs
11:25:53 INFO  Test final outcome:  BLOCKED
11:25:53 INFO  Test outcome reason: TypeError: 'NoneType' object is not subscriptable
11:25:53 INFO  
</system-out>
	</testcase>
</testsuite><testsuite name="log_request_num_lines" tests="1" errors="0" failures="1" skipped="0" time="0"><testcase classname="LogRequestVerifyNumberOfLines" name="log_request_num_lines">
		<failure message="BLOCKED: TypeError: 'NoneType' object is not subscriptable" type="BLOCKED" />
		<system-out>11:25:53 INFO  ==============================================================
11:25:53 INFO  Id:    log_request_num_lines
11:25:53 INFO  Dir:   log_request_end_to_end/
11:25:53 INFO  Title: Validate end to end behaviour for the log request operation check for number of lines
11:25:53 INFO  ==============================================================
11:25:53 INFO  EnvironmentC8y Setup
11:25:53 INFO  Executed systemctl&lt;serv_mapper1&gt;, exit status 3
11:25:54 INFO  Restarting mosquitto too frequently in the last 10 seconds. It was only up for 5 seconds
11:25:54 INFO  Delaying execution by 6 seconds
11:26:14 INFO  Executed sudo&lt;tedge_connect_c8y&gt;, exit status 0, duration 14 secs
11:26:15 INFO  Executed sudo&lt;tedge_connect_c8y_test&gt;, exit status 0
11:26:16 INFO  Executed systemctl&lt;serv_mosq2&gt;, exit status 0
11:26:16 INFO  Executed systemctl&lt;serv_mapper3&gt;, exit status 0
11:26:17 INFO  Executed sudo&lt;rm_logs&gt;, exit status 0
11:26:17 INFO  Executed sudo&lt;move_logs&gt;, exit status 0
11:26:18 INFO  Executed sudo&lt;log_file_daemon&gt;, exit status 0
11:26:18 WARN  TypeError occurred while running test - 'NoneType' object is not subscriptable
Traceback (most recent call last):
  File "/home/pi/env-pysys/lib/python3.7/site-packages/pysys/baserunner.py", line 1294, in __call__
    self.testObj.execute()
  File "/home/pi/actions-runner/_work/thin-edge.io/thin-edge.io/tests/PySys/log_request_end_to_end/log_request_num_lines/run.py", line 46, in execute
    log_file_request_payload, self.project.deviceid
  File "/home/pi/actions-runner/_work/thin-edge.io/thin-edge.io/tests/PySys/environments/cumulocity.py", line 101, in trigger_log_request
    "deviceId": self.device_fragment["id"],
TypeError: 'NoneType' object is not subscriptable
11:26:18 WARN  TypeError: 'NoneType' object is not subscriptable ... blocked 
11:26:18 INFO  
11:26:18 INFO  cleanup:
11:26:19 INFO  Executed sudo&lt;rm_logs&gt;, exit status 0
11:26:19 INFO  Executed sudo&lt;rm_tmp_logs&gt;, exit status 0
11:26:20 INFO  Executed sudo&lt;send_failed&gt;, exit status 0
11:26:20 INFO  Executed sudo&lt;log_file_daemon&gt;, exit status 0
11:26:24 INFO  Executed sudo&lt;tedge_disconnect_c8y&gt;, exit status 0
11:26:25 INFO  Executed systemctl&lt;serv_mapper5&gt;, exit status 3
11:26:25 INFO  
11:26:25 INFO  Test duration: 32.42 secs
11:26:25 INFO  Test final outcome:  BLOCKED
11:26:25 INFO  Test outcome reason: TypeError: 'NoneType' object is not subscriptable
11:26:25 INFO  
</system-out>
	</testcase>
</testsuite><testsuite name="mapper_awaits_before_reconnect" tests="1" errors="0" failures="1" skipped="0" time="0"><testcase classname="MapperReconnectAwait" name="mapper_awaits_before_reconnect">
		<failure message="FAILED: Line count on tedge_mapper_journal.out for &quot;tedge_mapper::core::mapper: MQTT connection error:&quot; expected &gt;=2 but got 0" type="FAILED" />
		<system-out>11:40:26 INFO  ==============================================================
11:40:26 INFO  Id:    mapper_awaits_before_reconnect
11:40:26 INFO  Dir:   tedge_mapper_c8y/
11:40:26 INFO  Title: Validate mapper doesn't reconnect too often
11:40:26 INFO  ==============================================================
11:40:26 INFO  Started mosquitto_sub with process id 24551
11:40:26 INFO  Waiting for 0.1 seconds
11:40:27 INFO  Executed sudo&lt;tedge_mapper&gt;, exit status 0
11:40:27 INFO  Waiting for 5.0 seconds
11:40:32 INFO  Executed sudo&lt;tedge_mapper&gt;, exit status 0
11:40:36 INFO  Executed sudo&lt;tedge_mapper_journal&gt;, exit status 0
11:40:36 WARN  Grep on tedge_mapper_journal.out contains "ERROR" ... failed [run.py:67]
11:40:36 INFO  Line count on file tedge_mapper_journal.out ... passed
11:40:36 WARN  Line count on tedge_mapper_journal.out for "tedge_mapper::core::mapper: MQTT connection error:" expected &gt;=2 but got 0 ... failed [run.py:78]
11:40:36 WARN  Aborted test due to FAILED outcome
11:40:36 INFO  
11:40:36 INFO  Test duration: 9.63 secs
11:40:36 INFO  Test final outcome:  FAILED
11:40:36 INFO  Test outcome reason: Line count on tedge_mapper_journal.out for "tedge_mapper::core::mapper: MQTT connection error:" expected &gt;=2 but got 0
11:40:36 INFO  
</system-out>
	</testcase>
</testsuite><testsuite name="monitoring_smaller_interval" tests="1" errors="0" failures="1" skipped="0" time="0"><testcase classname="MonitoringSmallInterval" name="monitoring_smaller_interval">
		<failure message="BLOCKED: TypeError: 'int' object is not subscriptable" type="BLOCKED" />
		<system-out>11:27:27 INFO  ==============================================================
11:27:27 INFO  Id:    monitoring_smaller_interval
11:27:27 INFO  Dir:   monitoring/
11:27:27 INFO  Title: Validate the tedge dm agent messages that are produced with smaller sampling interval than the batching window. Here the simulated collectd messages are used
11:27:27 INFO  ==============================================================
11:27:28 INFO  Executed sudo&lt;collectd&gt;, exit status 0
11:27:29 INFO  Executed sudo&lt;collectd_mapper&gt;, exit status 0
11:27:29 INFO  Started sudo&lt;tedge_sub&gt; with process id 20657
11:27:29 INFO  Executed sudo&lt;tedge_temp&gt;, exit status 0
11:27:30 INFO  Executed sudo&lt;tedge_pres&gt;, exit status 0
11:27:31 INFO  Executed sudo&lt;tedge_temp&gt;, exit status 0
11:27:31 INFO  Executed sudo&lt;tedge_pres&gt;, exit status 0
11:27:32 INFO  Executed sudo&lt;tedge_temp&gt;, exit status 0
11:27:32 INFO  Executed sudo&lt;tedge_pres&gt;, exit status 0
11:27:33 INFO  Executed sudo&lt;tedge_temp&gt;, exit status 0
11:27:33 INFO  Executed sudo&lt;tedge_pres&gt;, exit status 0
11:27:34 INFO  Executed sudo&lt;tedge_temp&gt;, exit status 0
11:27:34 INFO  Executed sudo&lt;tedge_pres&gt;, exit status 0
11:27:35 INFO  Executed sudo&lt;tedge_temp&gt;, exit status 0
11:27:36 INFO  Executed sudo&lt;tedge_pres&gt;, exit status 0
11:27:36 INFO  Executed sudo&lt;tedge_temp&gt;, exit status 0
11:27:37 INFO  Executed sudo&lt;tedge_pres&gt;, exit status 0
11:27:37 INFO  Executed sudo&lt;tedge_temp&gt;, exit status 0
11:27:38 INFO  Executed sudo&lt;tedge_pres&gt;, exit status 0
11:27:38 INFO  Executed sudo&lt;tedge_temp&gt;, exit status 0
11:27:39 INFO  Executed sudo&lt;tedge_pres&gt;, exit status 0
11:27:40 INFO  Executed sudo&lt;tedge_temp&gt;, exit status 0
11:27:40 INFO  Executed sudo&lt;tedge_pres&gt;, exit status 0
11:27:42 INFO  Executed sudo&lt;kill_out&gt;, exit status 0
11:27:42 INFO  0

11:27:42 WARN  TypeError occurred while running test - 'int' object is not subscriptable
Traceback (most recent call last):
  File "/home/pi/env-pysys/lib/python3.7/site-packages/pysys/baserunner.py", line 1296, in __call__
    self.testObj.validate()
  File "/home/pi/actions-runner/_work/thin-edge.io/thin-edge.io/tests/PySys/monitoring/monitoring_smaller_interval/run.py", line 104, in validate
    collectd_msg_validation_result=self.validate_json(),
  File "/home/pi/actions-runner/_work/thin-edge.io/thin-edge.io/tests/PySys/monitoring/monitoring_smaller_interval/run.py", line 114, in validate_json
    if not self.validate_time():
  File "/home/pi/actions-runner/_work/thin-edge.io/thin-edge.io/tests/PySys/monitoring/monitoring_smaller_interval/run.py", line 134, in validate_time
    if self.js_msg["time"]:
TypeError: 'int' object is not subscriptable
11:27:42 WARN  TypeError: 'int' object is not subscriptable ... blocked 
11:27:42 INFO  
11:27:42 INFO  cleanup:
11:27:42 INFO  monitoring_cleanup
11:27:42 INFO  Executed sudo&lt;collectd_mapper&gt;, exit status 0
11:27:42 INFO  
11:27:42 INFO  Test duration: 14.93 secs
11:27:42 INFO  Test final outcome:  BLOCKED
11:27:42 INFO  Test outcome reason: TypeError: 'int' object is not subscriptable
11:27:42 INFO  
</system-out>
	</testcase>
</testsuite><testsuite name="monitoring_with_collectd" tests="1" errors="0" failures="0" skipped="1" time="0"><testcase classname="MonitoringWithCollectd" name="monitoring_with_collectd">
		<skipped message="SKIPPED: Test execution disabled due to #792 (instable)" />
		<system-out>11:27:42 INFO  ==============================================================
11:27:42 INFO  Id:    monitoring_with_collectd
11:27:42 INFO  Dir:   monitoring/
11:27:42 INFO  Title: Validate tedge dm agent messages that are produced by batching the collectd messages
11:27:42 INFO  ==============================================================
11:27:42 INFO  Test execution disabled due to #792 (instable) ... skipped
11:27:42 INFO  
11:27:42 INFO  Test duration: 0.04 secs
11:27:42 INFO  Test final outcome:  SKIPPED
11:27:42 INFO  Test outcome reason: Test execution disabled due to #792 (instable)
11:27:42 INFO  
</system-out>
	</testcase>
</testsuite><testsuite name="monitoring_with_simulated_messages" tests="1" errors="0" failures="1" skipped="0" time="0"><testcase classname="MonitoringWithSimulatedMessages" name="monitoring_with_simulated_messages">
		<failure message="BLOCKED: TypeError: 'int' object is not subscriptable" type="BLOCKED" />
		<system-out>11:27:42 INFO  ==============================================================
11:27:42 INFO  Id:    monitoring_with_simulated_messages
11:27:42 INFO  Dir:   monitoring/
11:27:42 INFO  Title: Validate the tedge dm agent messages that are produced from the simulated collectd messages
11:27:42 INFO  ==============================================================
11:27:43 INFO  Executed sudo&lt;collectd&gt;, exit status 0
11:27:44 INFO  Executed sudo&lt;collectd_mapper&gt;, exit status 0
11:27:44 INFO  Started sudo&lt;tedge_sub&gt; with process id 20720
11:27:44 INFO  Executed sudo&lt;tedge_temp&gt;, exit status 0
11:27:45 INFO  Executed sudo&lt;tedge_pres&gt;, exit status 0
11:27:46 INFO  Executed sudo&lt;kill_out&gt;, exit status 0
11:27:46 INFO  0

11:27:46 WARN  TypeError occurred while running test - 'int' object is not subscriptable
Traceback (most recent call last):
  File "/home/pi/env-pysys/lib/python3.7/site-packages/pysys/baserunner.py", line 1296, in __call__
    self.testObj.validate()
  File "/home/pi/actions-runner/_work/thin-edge.io/thin-edge.io/tests/PySys/monitoring/monitoring_with_simulated_messages/run.py", line 98, in validate
    collectd_msg_validation_result=self.validate_json(),
  File "/home/pi/actions-runner/_work/thin-edge.io/thin-edge.io/tests/PySys/monitoring/monitoring_with_simulated_messages/run.py", line 108, in validate_json
    if not self.validate_time():
  File "/home/pi/actions-runner/_work/thin-edge.io/thin-edge.io/tests/PySys/monitoring/monitoring_with_simulated_messages/run.py", line 127, in validate_time
    if self.js_msg["time"]:
TypeError: 'int' object is not subscriptable
11:27:46 WARN  TypeError: 'int' object is not subscriptable ... blocked 
11:27:46 INFO  
11:27:46 INFO  cleanup:
11:27:46 INFO  monitoring_cleanup
11:27:47 INFO  Executed sudo&lt;collectd_mapper&gt;, exit status 0
11:27:47 INFO  
11:27:47 INFO  Test duration: 4.49 secs
11:27:47 INFO  Test final outcome:  BLOCKED
11:27:47 INFO  Test outcome reason: TypeError: 'int' object is not subscriptable
11:27:47 INFO  
</system-out>
	</testcase>
</testsuite><testsuite name="mqtt_port_change_connection_fails" tests="1" errors="0" failures="0" skipped="0" time="0"><testcase classname="MqttPortChangeConnectionFails" name="mqtt_port_change_connection_fails" />
</testsuite><testsuite name="mqtt_port_change_connection_works" tests="1" errors="0" failures="0" skipped="1" time="0"><testcase classname="MqttPortChangeConnectionWorks" name="mqtt_port_change_connection_works">
		<skipped message="SKIPPED: failing intermitently" />
		<system-out>11:27:00 INFO  ==============================================================
11:27:00 INFO  Id:    mqtt_port_change_connection_works
11:27:00 INFO  Dir:   misc_features/
11:27:00 INFO  Title: mqtt port change connection works for all the thin-edge services that use the mosquitto broker
11:27:00 INFO  ==============================================================
11:27:00 INFO  failing intermitently ... skipped
11:27:00 INFO  
11:27:00 INFO  Test duration: 0.05 secs
11:27:00 INFO  Test final outcome:  SKIPPED
11:27:00 INFO  Test outcome reason: failing intermitently
11:27:00 INFO  
</system-out>
	</testcase>
</testsuite><testsuite name="publish_flux" tests="1" errors="0" failures="0" skipped="0" time="0"><testcase classname="PublishFlux" name="publish_flux" />
</testsuite><testsuite name="publish_sawmill" tests="1" errors="0" failures="0" skipped="0" time="0"><testcase classname="PublishSawmill" name="publish_sawmill" />
</testsuite><testsuite name="runtime_start_two_mappers" tests="1" errors="0" failures="0" skipped="0" time="0"><testcase classname="RuntimeMultiMappers" name="runtime_start_two_mappers" />
</testsuite><testsuite name="sm_tedge_mapper_init_session" tests="1" errors="0" failures="0" skipped="0" time="0"><testcase classname="TedgeSMMapperInitSession" name="sm_tedge_mapper_init_session" />
</testsuite><testsuite name="smoketest_json" tests="1" errors="0" failures="0" skipped="0" time="0"><testcase classname="SmokeTestJson" name="smoketest_json" />
</testsuite><testsuite name="smoketest_json_400_samples_10ms" tests="1" errors="0" failures="0" skipped="0" time="0"><testcase classname="SmoketestJson400Samples10ms" name="smoketest_json_400_samples_10ms" />
</testsuite><testsuite name="smoketest_json_400_samples_20ms" tests="1" errors="0" failures="0" skipped="0" time="0"><testcase classname="SmoketestJson400Samples20ms" name="smoketest_json_400_samples_20ms" />
</testsuite><testsuite name="smoketest_smartrest" tests="1" errors="0" failures="0" skipped="0" time="0"><testcase classname="SmoketestSmartRest" name="smoketest_smartrest" />
</testsuite><testsuite name="smoketest_smartrest_400_samples_1Xms" tests="1" errors="0" failures="0" skipped="0" time="0"><testcase classname="SmoketestSmartRest400Samples1Xms" name="smoketest_smartrest_400_samples_1Xms" />
</testsuite><testsuite name="smoketest_smartrest_400_samples_20ms" tests="1" errors="0" failures="0" skipped="0" time="0"><testcase classname="SmoketestSmartRest400Samples20ms" name="smoketest_smartrest_400_samples_20ms" />
</testsuite><testsuite name="tedge_agent_user_sudo_access" tests="1" errors="0" failures="0" skipped="1" time="0"><testcase classname="TedgeAgentUserSudoAccess" name="tedge_agent_user_sudo_access">
		<skipped message="SKIPPED: #955 Observation: Exit code of the apt plugin when called with no arguments" />
		<system-out>11:37:50 INFO  ==============================================================
11:37:50 INFO  Id:    tedge_agent_user_sudo_access
11:37:50 INFO  Dir:   tedge/
11:37:50 INFO  Title: Validate tedge-agent user has a limited sudo right
11:37:50 INFO  ==============================================================
11:37:50 INFO  #955 Observation: Exit code of the apt plugin when called with no arguments ... skipped
11:37:50 INFO  
11:37:50 INFO  Test duration: 0.02 secs
11:37:50 INFO  Test final outcome:  SKIPPED
11:37:50 INFO  Test outcome reason: #955 Observation: Exit code of the apt plugin when called with no arguments
11:37:50 INFO  
</system-out>
	</testcase>
</testsuite><testsuite name="tedge_connect_test_negative" tests="1" errors="0" failures="0" skipped="0" time="0"><testcase classname="TedgeConnectTestNegative" name="tedge_connect_test_negative" />
</testsuite><testsuite name="tedge_connect_test_positive" tests="1" errors="0" failures="0" skipped="0" time="0"><testcase classname="TedgeConnectTestPositive" name="tedge_connect_test_positive" />
</testsuite><testsuite name="tedge_connect_test_sm_services" tests="1" errors="0" failures="0" skipped="0" time="0"><testcase classname="TedgeConnectTestSMServices" name="tedge_connect_test_sm_services" />
</testsuite><testsuite name="tedge_disconnect_test_sm_services" tests="1" errors="0" failures="0" skipped="0" time="0"><testcase classname="TedgeDisConnectTestSMServices" name="tedge_disconnect_test_sm_services" />
</testsuite><testsuite name="tedge_mapper_az_negative" tests="1" errors="0" failures="0" skipped="0" time="0"><testcase classname="TedgeMapperAzError" name="tedge_mapper_az_negative" />
</testsuite><testsuite name="tedge_mapper_az_with_timestamp" tests="1" errors="0" failures="0" skipped="0" time="0"><testcase classname="TedgeMapperAzWithTimestamp" name="tedge_mapper_az_with_timestamp" />
</testsuite><testsuite name="tedge_mapper_az_without_timestamp" tests="1" errors="0" failures="0" skipped="0" time="0"><testcase classname="TedgeMapperAzWithoutTimestamp" name="tedge_mapper_az_without_timestamp" />
</testsuite><testsuite name="tedge_mapper_c8y_alarms" tests="1" errors="0" failures="0" skipped="0" time="0"><testcase classname="TedgeMapperC8yAlarm" name="tedge_mapper_c8y_alarms" />
</testsuite><testsuite name="tedge_mapper_c8y_child_device_measurement" tests="1" errors="0" failures="0" skipped="0" time="0"><testcase classname="TedgeMapperC8yChildDevice" name="tedge_mapper_c8y_child_device_measurement" />
</testsuite><testsuite name="tedge_mapper_c8y_packet_threshold_size" tests="1" errors="0" failures="1" skipped="0" time="0"><testcase classname="TedgeMapperC8yThresholdPacketSize" name="tedge_mapper_c8y_packet_threshold_size">
		<failure message="FAILED: Grep on tedge_sub.out contains &quot;The size of the message received on tedge/measurements is 20489 which is greater than the threshold size of 16184.&quot;" type="FAILED" />
		<system-out>11:42:14 INFO  ==============================================================
11:42:14 INFO  Id:    tedge_mapper_c8y_packet_threshold_size
11:42:14 INFO  Dir:   tedge_mapper_c8y/
11:42:14 INFO  Title: Validate the Cumulocity Mapper accepted threshold packet size when it receives a message on tedge/measurements
11:42:14 INFO  ==============================================================
11:42:15 INFO  Executed sudo&lt;tedge_mapper_c8y&gt;, exit status 0
11:42:15 INFO  Started sudo&lt;tedge_sub&gt; with process id 25152
11:42:16 INFO  Executed sudo&lt;tedge_msg&gt;, exit status 0
11:42:16 INFO  Executed sudo&lt;tedge_pub&gt;, exit status 0
11:42:17 INFO  Executed sudo&lt;kill_out&gt;, exit status 0
11:42:17 WARN  Grep on tedge_sub.out contains "The size of the message received on tedge/measurements is 20489 which is greater than the threshold size of 16184." ... failed [run.py:88]
11:42:17 INFO  
11:42:17 INFO  cleanup:
11:42:17 INFO  mapper_cleanup
11:42:17 INFO  Executed sudo&lt;tedge_mapper_c8y&gt;, exit status 0
11:42:17 INFO  
11:42:17 INFO  Test duration: 2.98 secs
11:42:17 INFO  Test final outcome:  FAILED
11:42:17 INFO  Test outcome reason: Grep on tedge_sub.out contains "The size of the message received on tedge/measurements is 20489 which is greater than the threshold size of 16184."
11:42:17 INFO  
</system-out>
	</testcase>
</testsuite><testsuite name="tedge_software_update" tests="1" errors="0" failures="0" skipped="0" time="0"><testcase classname="PySysTest" name="tedge_software_update" />
</testsuite><testsuite name="valid_device_id" tests="1" errors="0" failures="0" skipped="0" time="0"><testcase classname="ValidateValidDeviceId" name="valid_device_id" />
</testsuite></testsuites>