<?xml version='1.0' encoding='utf-8'?>
<testsuites tests="147" failures="31" errors="0" skipped="45" time="0.0"><testsuite name="SoftwareManagement.Plugin.apama_plugin_install" tests="3" errors="0" failures="2" skipped="1" time="0"><testcase classname="ApamaPluginInstallTest" name="SoftwareManagement.Plugin.apama_plugin_install">
		<skipped message="SKIPPED: Apama plugin tests are disabled by default. Execute `pysys run` with `-XmyPlatform=container` to run these tests" />
		<system-out>13:08:46 INFO  ==============================================================
13:08:46 INFO  Id:    SoftwareManagement.Plugin.apama_plugin_install
13:08:46 INFO  Dir:   plugin_apama/
13:08:46 INFO  Title: Validate apama plugin install
13:08:46 INFO  ==============================================================
13:08:46 INFO  Apama plugin tests are disabled by default. Execute `pysys run` with `-XmyPlatform=container` to run these tests ... skipped
13:08:46 WARN  Aborted test due to SKIPPED outcome
13:08:46 INFO  
13:08:46 INFO  Test duration: 0.05 secs
13:08:46 INFO  Test final outcome:  SKIPPED
13:08:46 INFO  Test outcome reason: Apama plugin tests are disabled by default. Execute `pysys run` with `-XmyPlatform=container` to run these tests
13:08:46 INFO  
</system-out>
	</testcase>
<testcase classname="ApamaPluginInstallTest" name="SoftwareManagement.Plugin.apama_plugin_install">
		<failure message="BLOCKED: sudo&lt;plugin_install&gt; returned non-zero exit code 2" type="BLOCKED" />
		<system-out>13:59:31 INFO  ==============================================================
13:59:31 INFO  Id:    SoftwareManagement.Plugin.apama_plugin_install
13:59:31 INFO  Dir:   plugin_apama/
13:59:31 INFO  Title: Validate apama plugin install
13:59:31 INFO  ==============================================================
13:59:31 INFO  Assertion that path exists=False for "/etc/tedge/apama/project" ... passed
13:59:43 WARN  Executed sudo&lt;plugin_install&gt;, exit status 2, duration 12 secs
13:59:43 INFO  Contents of plugin_install.err: 
  Failed to connect to remote component: Failed to connect to localhost:15903: Connection refused
  ERROR: Execution of `/opt/softwareag/Apama/bin/apama_env` failed with exit status exit status: 1
  -----

13:59:43 WARN  sudo&lt;plugin_install&gt; returned non-zero exit code 2 ... blocked [run.py:29]
13:59:43 WARN  Aborted test due to BLOCKED outcome
13:59:43 INFO  
13:59:43 INFO  cleanup:
13:59:43 INFO  Removing apama project
13:59:44 INFO  Executed sudo&lt;remove_apama_project&gt;, exit status 0
14:00:01 INFO  Executed sudo&lt;stop_apama_service&gt;, exit status 0, duration 16 secs
14:00:01 INFO  Executed sudo&lt;remove_apama_tmp_dir&gt;, exit status 0
14:00:01 INFO  
14:00:01 INFO  Test duration: 30.44 secs
14:00:01 INFO  Test final outcome:  BLOCKED
14:00:01 INFO  Test outcome reason: sudo&lt;plugin_install&gt; returned non-zero exit code 2
14:00:01 INFO  
</system-out>
	</testcase>
<testcase classname="ApamaPluginInstallTest" name="SoftwareManagement.Plugin.apama_plugin_install">
		<failure message="BLOCKED: sudo&lt;plugin_install&gt; returned non-zero exit code 2 (+2 other failures)" type="BLOCKED" />
		<system-out>14:07:29 INFO  ==============================================================
14:07:29 INFO  Id:    SoftwareManagement.Plugin.apama_plugin_install
14:07:29 INFO  Dir:   plugin_apama/
14:07:29 INFO  Title: Validate apama plugin install
14:07:29 INFO  ==============================================================
14:07:29 WARN  Assertion that path exists=False for "/etc/tedge/apama/project" ... failed 
14:07:30 WARN  Executed sudo&lt;plugin_install&gt;, exit status 2
14:07:30 INFO  Contents of plugin_install.err: 
  ERROR: Device or resource busy (os error 16)
  -----

14:07:30 WARN  sudo&lt;plugin_install&gt; returned non-zero exit code 2 ... blocked [run.py:29]
14:07:30 WARN  Aborted test due to BLOCKED outcome
14:07:30 INFO  
14:07:30 INFO  cleanup:
14:07:30 INFO  Removing apama project
14:07:30 WARN  Executed sudo&lt;remove_apama_project&gt;, exit status 1
14:07:30 INFO  Contents of remove_apama_project.err: 
  rm: cannot remove '/etc/tedge/apama/project/logs/.nfs0000000000160fea000033d8': Device or resource busy
  -----

14:07:30 ERROR Error while running cleanup function: 
Traceback (most recent call last):
  File "/home/pi/env-pysys/lib/python3.7/site-packages/pysys/process/user.py", line 1305, in cleanup
    fn()
  File "/home/pi/actions-runner/_work/thin-edge.io/thin-edge.io/tests/PySys/plugin_apama/environment_apama_plugin.py", line 144, in cleanup_project
    self.remove_project()
  File "/home/pi/actions-runner/_work/thin-edge.io/thin-edge.io/tests/PySys/plugin_apama/environment_apama_plugin.py", line 95, in remove_project
    stdouterr="remove_apama_project",
  File "/home/pi/env-pysys/lib/python3.7/site-packages/pysys/process/user.py", line 482, in startProcess
    abortOnError=abortOnError)
  File "/home/pi/env-pysys/lib/python3.7/site-packages/pysys/process/user.py", line 1401, in addOutcome
    self.abort(outcome, outcomeReason, callRecord)
  File "/home/pi/env-pysys/lib/python3.7/site-packages/pysys/process/user.py", line 1420, in abort
    raise AbortExecution(outcome, outcomeReason, callRecord)
pysys.exceptions.AbortExecution: sudo&lt;remove_apama_project&gt; returned non-zero exit code 1
14:07:30 WARN  Cleanup failed with 1 errors: Cleanup function failed: sudo&lt;remove_apama_project&gt; returned non-zero exit code 1 (AbortExecution) ... blocked 
14:07:30 INFO  
14:07:30 INFO  Test duration: 1.46 secs
14:07:30 INFO  Test final outcome:  BLOCKED
14:07:30 INFO  Test outcome reason: sudo&lt;plugin_install&gt; returned non-zero exit code 2 (+2 other failures)
14:07:30 INFO  
</system-out>
	</testcase>
</testsuite><testsuite name="SoftwareManagement.Plugin.apama_plugin_mon_support" tests="3" errors="0" failures="2" skipped="1" time="0"><testcase classname="ApamaPluginMonSupportTest" name="SoftwareManagement.Plugin.apama_plugin_mon_support">
		<skipped message="SKIPPED: Apama plugin tests are disabled by default. Execute `pysys run` with `-XmyPlatform=container` to run these tests" />
		<system-out>13:08:47 INFO  ==============================================================
13:08:47 INFO  Id:    SoftwareManagement.Plugin.apama_plugin_mon_support
13:08:47 INFO  Dir:   plugin_apama/
13:08:47 INFO  Title: Validate mon file support of apama plugin
13:08:47 INFO  ==============================================================
13:08:47 INFO  Apama plugin tests are disabled by default. Execute `pysys run` with `-XmyPlatform=container` to run these tests ... skipped
13:08:47 WARN  Aborted test due to SKIPPED outcome
13:08:47 INFO  
13:08:47 INFO  Test duration: 0.03 secs
13:08:47 INFO  Test final outcome:  SKIPPED
13:08:47 INFO  Test outcome reason: Apama plugin tests are disabled by default. Execute `pysys run` with `-XmyPlatform=container` to run these tests
13:08:47 INFO  
</system-out>
	</testcase>
<testcase classname="ApamaPluginMonSupportTest" name="SoftwareManagement.Plugin.apama_plugin_mon_support">
		<failure message="BLOCKED: sudo&lt;remove_apama_project&gt; returned non-zero exit code 1 (+1 other failures)" type="BLOCKED" />
		<system-out>14:00:01 INFO  ==============================================================
14:00:01 INFO  Id:    SoftwareManagement.Plugin.apama_plugin_mon_support
14:00:01 INFO  Dir:   plugin_apama/
14:00:01 INFO  Title: Validate mon file support of apama plugin
14:00:01 INFO  ==============================================================
14:00:01 INFO  Assertion that path exists=False for "/etc/tedge/apama/project" ... passed
14:00:02 INFO  Executed sudo&lt;create_project_dir&gt;, exit status 0
14:00:03 INFO  Executed sudo&lt;unzip_apama_project&gt;, exit status 0
14:00:03 INFO  Executed sudo&lt;move_apama_project&gt;, exit status 0
14:00:04 INFO  Executed sudo&lt;restart_apama_service&gt;, exit status 0
14:00:05 INFO  Executed sudo&lt;apama_correlator_wait&gt;, exit status 0
14:00:06 INFO  Executed sudo&lt;apama_list_monitors&gt;, exit status 0
14:00:06 INFO  Grep on file /home/pi/actions-runner/_work/thin-edge.io/thin-edge.io/tests/PySys/plugin_apama/apama_plugin_mon_support/Output/linux/apama_list_monitors.out ... passed
14:00:07 INFO  Executed sudo&lt;plugin_list_before_install&gt;, exit status 0
14:00:08 INFO  Executed sudo&lt;plugin_install&gt;, exit status 0
14:00:08 INFO  Executed sudo&lt;apama_correlator_wait&gt;, exit status 0
14:00:09 INFO  Executed sudo&lt;plugin_list_after_install&gt;, exit status 0
14:00:10 INFO  Executed sudo&lt;plugin_update&gt;, exit status 0
14:00:11 INFO  Executed sudo&lt;apama_correlator_wait&gt;, exit status 0
14:00:12 INFO  Executed sudo&lt;plugin_list_after_update&gt;, exit status 0
14:00:12 INFO  Executed sudo&lt;plugin_remove&gt;, exit status 0
14:00:13 INFO  Executed sudo&lt;plugin_list_after_remove&gt;, exit status 0
14:00:13 INFO  Grep on file plugin_list_before_install.out ... passed
14:00:13 INFO  Grep on file plugin_list_after_install.out ... passed
14:00:13 INFO  Grep on file plugin_list_after_update.out ... passed
14:00:13 INFO  Grep on file plugin_list_after_remove.out ... passed
14:00:13 INFO  
14:00:13 INFO  cleanup:
14:00:13 INFO  Removing apama project
14:00:14 WARN  Executed sudo&lt;remove_apama_project&gt;, exit status 1
14:00:14 INFO  Contents of remove_apama_project.err: 
  rm: cannot remove '/etc/tedge/apama/project/logs': Directory not empty
  -----

14:00:14 ERROR Error while running cleanup function: 
Traceback (most recent call last):
  File "/home/pi/env-pysys/lib/python3.7/site-packages/pysys/process/user.py", line 1305, in cleanup
    fn()
  File "/home/pi/actions-runner/_work/thin-edge.io/thin-edge.io/tests/PySys/plugin_apama/environment_apama_plugin.py", line 144, in cleanup_project
    self.remove_project()
  File "/home/pi/actions-runner/_work/thin-edge.io/thin-edge.io/tests/PySys/plugin_apama/environment_apama_plugin.py", line 95, in remove_project
    stdouterr="remove_apama_project",
  File "/home/pi/env-pysys/lib/python3.7/site-packages/pysys/process/user.py", line 482, in startProcess
    abortOnError=abortOnError)
  File "/home/pi/env-pysys/lib/python3.7/site-packages/pysys/process/user.py", line 1401, in addOutcome
    self.abort(outcome, outcomeReason, callRecord)
  File "/home/pi/env-pysys/lib/python3.7/site-packages/pysys/process/user.py", line 1420, in abort
    raise AbortExecution(outcome, outcomeReason, callRecord)
pysys.exceptions.AbortExecution: sudo&lt;remove_apama_project&gt; returned non-zero exit code 1
14:00:14 WARN  Cleanup failed with 1 errors: Cleanup function failed: sudo&lt;remove_apama_project&gt; returned non-zero exit code 1 (AbortExecution) ... blocked 
14:00:14 INFO  
14:00:14 INFO  Test duration: 12.56 secs
14:00:14 INFO  Test final outcome:  BLOCKED
14:00:14 INFO  Test outcome reason: sudo&lt;remove_apama_project&gt; returned non-zero exit code 1 (+1 other failures)
14:00:14 INFO  
</system-out>
	</testcase>
<testcase classname="ApamaPluginMonSupportTest" name="SoftwareManagement.Plugin.apama_plugin_mon_support">
		<failure message="BLOCKED: ProcessError: Error stopping process sudo&lt;unzip_apama_project&gt; (pid 19665) due to PermissionError: [Errno 1] Operation not permitted (+3 other failures)" type="BLOCKED" />
		<system-out>14:07:30 INFO  ==============================================================
14:07:30 INFO  Id:    SoftwareManagement.Plugin.apama_plugin_mon_support
14:07:30 INFO  Dir:   plugin_apama/
14:07:30 INFO  Title: Validate mon file support of apama plugin
14:07:30 INFO  ==============================================================
14:07:30 WARN  Assertion that path exists=False for "/etc/tedge/apama/project" ... failed 
14:07:31 INFO  Executed sudo&lt;create_project_dir&gt;, exit status 0
14:17:31 WARN  Process sudo&lt;unzip_apama_project&gt; (pid 19665) timed out after 600 seconds, stopping process
14:17:31 WARN  ProcessError occurred while running test - Error stopping process sudo&lt;unzip_apama_project&gt; (pid 19665) due to PermissionError: [Errno 1] Operation not permitted
Traceback (most recent call last):
  File "/home/pi/env-pysys/lib/python3.7/site-packages/pysys/process/user.py", line 465, in startProcess
    process.start()
  File "/home/pi/env-pysys/lib/python3.7/site-packages/pysys/process/__init__.py", line 282, in start
    self.wait(self.timeout)
  File "/home/pi/env-pysys/lib/python3.7/site-packages/pysys/process/__init__.py", line 263, in wait
    raise ProcessTimeout('Waiting for completion of %r timed out after %d seconds'%(self, int(timeout)))
pysys.exceptions.ProcessTimeout: Waiting for completion of sudo&lt;unzip_apama_project&gt; (pid 19665) timed out after 600 seconds

During handling of the above exception, another exception occurred:

Traceback (most recent call last):
  File "/home/pi/env-pysys/lib/python3.7/site-packages/pysys/process/plat-unix/helper.py", line 226, in stop
    os.kill(self.pid, sig)
PermissionError: [Errno 1] Operation not permitted

During handling of the above exception, another exception occurred:

Traceback (most recent call last):
  File "/home/pi/env-pysys/lib/python3.7/site-packages/pysys/baserunner.py", line 1292, in __call__
    self.testObj.setup()
  File "/home/pi/actions-runner/_work/thin-edge.io/thin-edge.io/tests/PySys/plugin_apama/apama_plugin_mon_support/run.py", line 19, in setup
    self.install_project(self.project.apama_input_dir + "/quickstart.zip")
  File "/home/pi/actions-runner/_work/thin-edge.io/thin-edge.io/tests/PySys/plugin_apama/environment_apama_plugin.py", line 72, in install_project
    stdouterr="unzip_apama_project",
  File "/home/pi/env-pysys/lib/python3.7/site-packages/pysys/process/user.py", line 493, in startProcess
    process.stop()
  File "/home/pi/env-pysys/lib/python3.7/site-packages/pysys/process/plat-unix/helper.py", line 252, in stop
    raise ProcessError("Error stopping process %r due to %s: %s"%(self, type(ex).__name__, ex))
pysys.exceptions.ProcessError: Error stopping process sudo&lt;unzip_apama_project&gt; (pid 19665) due to PermissionError: [Errno 1] Operation not permitted
14:17:31 WARN  ProcessError: Error stopping process sudo&lt;unzip_apama_project&gt; (pid 19665) due to PermissionError: [Errno 1] Operation not permitted ... blocked 
14:17:31 INFO  
14:17:31 INFO  cleanup:
14:17:31 INFO  Removing apama project
14:17:32 WARN  Executed sudo&lt;remove_apama_project&gt;, exit status 1
14:17:32 INFO  Contents of remove_apama_project.err: 
  rm: cannot remove '/etc/tedge/apama/project/logs/.nfs0000000000160fea000033d8': Device or resource busy
  -----

14:17:32 ERROR Error while running cleanup function: 
Traceback (most recent call last):
  File "/home/pi/env-pysys/lib/python3.7/site-packages/pysys/process/user.py", line 1305, in cleanup
    fn()
  File "/home/pi/actions-runner/_work/thin-edge.io/thin-edge.io/tests/PySys/plugin_apama/environment_apama_plugin.py", line 144, in cleanup_project
    self.remove_project()
  File "/home/pi/actions-runner/_work/thin-edge.io/thin-edge.io/tests/PySys/plugin_apama/environment_apama_plugin.py", line 95, in remove_project
    stdouterr="remove_apama_project",
  File "/home/pi/env-pysys/lib/python3.7/site-packages/pysys/process/user.py", line 482, in startProcess
    abortOnError=abortOnError)
  File "/home/pi/env-pysys/lib/python3.7/site-packages/pysys/process/user.py", line 1401, in addOutcome
    self.abort(outcome, outcomeReason, callRecord)
  File "/home/pi/env-pysys/lib/python3.7/site-packages/pysys/process/user.py", line 1420, in abort
    raise AbortExecution(outcome, outcomeReason, callRecord)
pysys.exceptions.AbortExecution: sudo&lt;remove_apama_project&gt; returned non-zero exit code 1
14:17:32 WARN  Cleanup failed with 1 errors: Cleanup function failed: sudo&lt;remove_apama_project&gt; returned non-zero exit code 1 (AbortExecution) ... blocked 
14:17:32 INFO  
14:17:32 INFO  Test duration: 601.35 secs
14:17:32 INFO  Test final outcome:  BLOCKED
14:17:32 INFO  Test outcome reason: ProcessError: Error stopping process sudo&lt;unzip_apama_project&gt; (pid 19665) due to PermissionError: [Errno 1] Operation not permitted (+3 other failures)
14:17:32 INFO  
</system-out>
	</testcase>
</testsuite><testsuite name="SoftwareManagement.Plugin.apama_plugin_remove" tests="3" errors="0" failures="2" skipped="1" time="0"><testcase classname="ApamaPluginRemoveTest" name="SoftwareManagement.Plugin.apama_plugin_remove">
		<skipped message="SKIPPED: Apama plugin tests are disabled by default. Execute `pysys run` with `-XmyPlatform=container` to run these tests" />
		<system-out>13:08:47 INFO  ==============================================================
13:08:47 INFO  Id:    SoftwareManagement.Plugin.apama_plugin_remove
13:08:47 INFO  Dir:   plugin_apama/
13:08:47 INFO  Title: Validate apama plugin remove
13:08:47 INFO  ==============================================================
13:08:47 INFO  Apama plugin tests are disabled by default. Execute `pysys run` with `-XmyPlatform=container` to run these tests ... skipped
13:08:47 WARN  Aborted test due to SKIPPED outcome
13:08:47 INFO  
13:08:47 INFO  Test duration: 0.02 secs
13:08:47 INFO  Test final outcome:  SKIPPED
13:08:47 INFO  Test outcome reason: Apama plugin tests are disabled by default. Execute `pysys run` with `-XmyPlatform=container` to run these tests
13:08:47 INFO  
</system-out>
	</testcase>
<testcase classname="ApamaPluginRemoveTest" name="SoftwareManagement.Plugin.apama_plugin_remove">
		<failure message="BLOCKED: sudo&lt;remove_apama_project&gt; returned non-zero exit code 1 (+2 other failures)" type="BLOCKED" />
		<system-out>14:00:14 INFO  ==============================================================
14:00:14 INFO  Id:    SoftwareManagement.Plugin.apama_plugin_remove
14:00:14 INFO  Dir:   plugin_apama/
14:00:14 INFO  Title: Validate apama plugin remove
14:00:14 INFO  ==============================================================
14:00:14 WARN  Assertion that path exists=False for "/etc/tedge/apama/project" ... failed 
14:00:14 WARN  Aborted test due to FAILED outcome
14:00:14 INFO  
14:00:14 INFO  cleanup:
14:00:14 INFO  Removing apama project
14:00:15 WARN  Executed sudo&lt;remove_apama_project&gt;, exit status 1
14:00:15 INFO  Contents of remove_apama_project.err: 
  rm: cannot remove '/etc/tedge/apama/project/logs/.nfs0000000000160fea000033d8': Device or resource busy
  -----

14:00:15 ERROR Error while running cleanup function: 
Traceback (most recent call last):
  File "/home/pi/env-pysys/lib/python3.7/site-packages/pysys/process/user.py", line 1305, in cleanup
    fn()
  File "/home/pi/actions-runner/_work/thin-edge.io/thin-edge.io/tests/PySys/plugin_apama/environment_apama_plugin.py", line 144, in cleanup_project
    self.remove_project()
  File "/home/pi/actions-runner/_work/thin-edge.io/thin-edge.io/tests/PySys/plugin_apama/environment_apama_plugin.py", line 95, in remove_project
    stdouterr="remove_apama_project",
  File "/home/pi/env-pysys/lib/python3.7/site-packages/pysys/process/user.py", line 482, in startProcess
    abortOnError=abortOnError)
  File "/home/pi/env-pysys/lib/python3.7/site-packages/pysys/process/user.py", line 1401, in addOutcome
    self.abort(outcome, outcomeReason, callRecord)
  File "/home/pi/env-pysys/lib/python3.7/site-packages/pysys/process/user.py", line 1420, in abort
    raise AbortExecution(outcome, outcomeReason, callRecord)
pysys.exceptions.AbortExecution: sudo&lt;remove_apama_project&gt; returned non-zero exit code 1
14:00:15 WARN  Cleanup failed with 1 errors: Cleanup function failed: sudo&lt;remove_apama_project&gt; returned non-zero exit code 1 (AbortExecution) ... blocked 
14:00:15 INFO  
14:00:15 INFO  Test duration: 0.63 secs
14:00:15 INFO  Test final outcome:  BLOCKED
14:00:15 INFO  Test outcome reason: sudo&lt;remove_apama_project&gt; returned non-zero exit code 1 (+2 other failures)
14:00:15 INFO  
</system-out>
	</testcase>
<testcase classname="ApamaPluginRemoveTest" name="SoftwareManagement.Plugin.apama_plugin_remove">
		<failure message="BLOCKED: sudo&lt;remove_apama_project&gt; returned non-zero exit code 1 (+2 other failures)" type="BLOCKED" />
		<system-out>14:17:32 INFO  ==============================================================
14:17:32 INFO  Id:    SoftwareManagement.Plugin.apama_plugin_remove
14:17:32 INFO  Dir:   plugin_apama/
14:17:32 INFO  Title: Validate apama plugin remove
14:17:32 INFO  ==============================================================
14:17:32 WARN  Assertion that path exists=False for "/etc/tedge/apama/project" ... failed 
14:17:32 WARN  Aborted test due to FAILED outcome
14:17:32 INFO  
14:17:32 INFO  cleanup:
14:17:32 INFO  Removing apama project
14:17:32 WARN  Executed sudo&lt;remove_apama_project&gt;, exit status 1
14:17:32 INFO  Contents of remove_apama_project.err: 
  rm: cannot remove '/etc/tedge/apama/project/logs/.nfs0000000000160fea000033d8': Device or resource busy
  -----

14:17:32 ERROR Error while running cleanup function: 
Traceback (most recent call last):
  File "/home/pi/env-pysys/lib/python3.7/site-packages/pysys/process/user.py", line 1305, in cleanup
    fn()
  File "/home/pi/actions-runner/_work/thin-edge.io/thin-edge.io/tests/PySys/plugin_apama/environment_apama_plugin.py", line 144, in cleanup_project
    self.remove_project()
  File "/home/pi/actions-runner/_work/thin-edge.io/thin-edge.io/tests/PySys/plugin_apama/environment_apama_plugin.py", line 95, in remove_project
    stdouterr="remove_apama_project",
  File "/home/pi/env-pysys/lib/python3.7/site-packages/pysys/process/user.py", line 482, in startProcess
    abortOnError=abortOnError)
  File "/home/pi/env-pysys/lib/python3.7/site-packages/pysys/process/user.py", line 1401, in addOutcome
    self.abort(outcome, outcomeReason, callRecord)
  File "/home/pi/env-pysys/lib/python3.7/site-packages/pysys/process/user.py", line 1420, in abort
    raise AbortExecution(outcome, outcomeReason, callRecord)
pysys.exceptions.AbortExecution: sudo&lt;remove_apama_project&gt; returned non-zero exit code 1
14:17:32 WARN  Cleanup failed with 1 errors: Cleanup function failed: sudo&lt;remove_apama_project&gt; returned non-zero exit code 1 (AbortExecution) ... blocked 
14:17:32 INFO  
14:17:32 INFO  Test duration: 0.65 secs
14:17:32 INFO  Test final outcome:  BLOCKED
14:17:32 INFO  Test outcome reason: sudo&lt;remove_apama_project&gt; returned non-zero exit code 1 (+2 other failures)
14:17:32 INFO  
</system-out>
	</testcase>
</testsuite><testsuite name="SoftwareManagement.Plugin.apama_plugin_update" tests="3" errors="0" failures="2" skipped="1" time="0"><testcase classname="ApamaPluginUpdateTest" name="SoftwareManagement.Plugin.apama_plugin_update">
		<skipped message="SKIPPED: Apama plugin tests are disabled by default. Execute `pysys run` with `-XmyPlatform=container` to run these tests" />
		<system-out>13:08:47 INFO  ==============================================================
13:08:47 INFO  Id:    SoftwareManagement.Plugin.apama_plugin_update
13:08:47 INFO  Dir:   plugin_apama/
13:08:47 INFO  Title: Validate apama plugin updating one project with another
13:08:47 INFO  ==============================================================
13:08:47 INFO  Apama plugin tests are disabled by default. Execute `pysys run` with `-XmyPlatform=container` to run these tests ... skipped
13:08:47 WARN  Aborted test due to SKIPPED outcome
13:08:47 INFO  
13:08:47 INFO  Test duration: 0.03 secs
13:08:47 INFO  Test final outcome:  SKIPPED
13:08:47 INFO  Test outcome reason: Apama plugin tests are disabled by default. Execute `pysys run` with `-XmyPlatform=container` to run these tests
13:08:47 INFO  
</system-out>
	</testcase>
<testcase classname="ApamaPluginUpdateTest" name="SoftwareManagement.Plugin.apama_plugin_update">
		<failure message="BLOCKED: sudo&lt;remove_apama_project&gt; returned non-zero exit code 1 (+2 other failures)" type="BLOCKED" />
		<system-out>14:00:15 INFO  ==============================================================
14:00:15 INFO  Id:    SoftwareManagement.Plugin.apama_plugin_update
14:00:15 INFO  Dir:   plugin_apama/
14:00:15 INFO  Title: Validate apama plugin updating one project with another
14:00:15 INFO  ==============================================================
14:00:15 WARN  Assertion that path exists=False for "/etc/tedge/apama/project" ... failed 
14:00:15 WARN  Aborted test due to FAILED outcome
14:00:15 INFO  
14:00:15 INFO  cleanup:
14:00:15 INFO  Removing apama project
14:00:15 WARN  Executed sudo&lt;remove_apama_project&gt;, exit status 1
14:00:15 INFO  Contents of remove_apama_project.err: 
  rm: cannot remove '/etc/tedge/apama/project/logs/.nfs0000000000160fea000033d8': Device or resource busy
  -----

14:00:15 ERROR Error while running cleanup function: 
Traceback (most recent call last):
  File "/home/pi/env-pysys/lib/python3.7/site-packages/pysys/process/user.py", line 1305, in cleanup
    fn()
  File "/home/pi/actions-runner/_work/thin-edge.io/thin-edge.io/tests/PySys/plugin_apama/environment_apama_plugin.py", line 144, in cleanup_project
    self.remove_project()
  File "/home/pi/actions-runner/_work/thin-edge.io/thin-edge.io/tests/PySys/plugin_apama/environment_apama_plugin.py", line 95, in remove_project
    stdouterr="remove_apama_project",
  File "/home/pi/env-pysys/lib/python3.7/site-packages/pysys/process/user.py", line 482, in startProcess
    abortOnError=abortOnError)
  File "/home/pi/env-pysys/lib/python3.7/site-packages/pysys/process/user.py", line 1401, in addOutcome
    self.abort(outcome, outcomeReason, callRecord)
  File "/home/pi/env-pysys/lib/python3.7/site-packages/pysys/process/user.py", line 1420, in abort
    raise AbortExecution(outcome, outcomeReason, callRecord)
pysys.exceptions.AbortExecution: sudo&lt;remove_apama_project&gt; returned non-zero exit code 1
14:00:15 WARN  Cleanup failed with 1 errors: Cleanup function failed: sudo&lt;remove_apama_project&gt; returned non-zero exit code 1 (AbortExecution) ... blocked 
14:00:15 INFO  
14:00:15 INFO  Test duration: 0.64 secs
14:00:15 INFO  Test final outcome:  BLOCKED
14:00:15 INFO  Test outcome reason: sudo&lt;remove_apama_project&gt; returned non-zero exit code 1 (+2 other failures)
14:00:15 INFO  
</system-out>
	</testcase>
<testcase classname="ApamaPluginUpdateTest" name="SoftwareManagement.Plugin.apama_plugin_update">
		<failure message="BLOCKED: sudo&lt;remove_apama_project&gt; returned non-zero exit code 1 (+2 other failures)" type="BLOCKED" />
		<system-out>14:17:32 INFO  ==============================================================
14:17:32 INFO  Id:    SoftwareManagement.Plugin.apama_plugin_update
14:17:32 INFO  Dir:   plugin_apama/
14:17:32 INFO  Title: Validate apama plugin updating one project with another
14:17:32 INFO  ==============================================================
14:17:32 WARN  Assertion that path exists=False for "/etc/tedge/apama/project" ... failed 
14:17:32 WARN  Aborted test due to FAILED outcome
14:17:32 INFO  
14:17:32 INFO  cleanup:
14:17:32 INFO  Removing apama project
14:17:33 WARN  Executed sudo&lt;remove_apama_project&gt;, exit status 1
14:17:33 INFO  Contents of remove_apama_project.err: 
  rm: cannot remove '/etc/tedge/apama/project/logs/.nfs0000000000160fea000033d8': Device or resource busy
  -----

14:17:33 ERROR Error while running cleanup function: 
Traceback (most recent call last):
  File "/home/pi/env-pysys/lib/python3.7/site-packages/pysys/process/user.py", line 1305, in cleanup
    fn()
  File "/home/pi/actions-runner/_work/thin-edge.io/thin-edge.io/tests/PySys/plugin_apama/environment_apama_plugin.py", line 144, in cleanup_project
    self.remove_project()
  File "/home/pi/actions-runner/_work/thin-edge.io/thin-edge.io/tests/PySys/plugin_apama/environment_apama_plugin.py", line 95, in remove_project
    stdouterr="remove_apama_project",
  File "/home/pi/env-pysys/lib/python3.7/site-packages/pysys/process/user.py", line 482, in startProcess
    abortOnError=abortOnError)
  File "/home/pi/env-pysys/lib/python3.7/site-packages/pysys/process/user.py", line 1401, in addOutcome
    self.abort(outcome, outcomeReason, callRecord)
  File "/home/pi/env-pysys/lib/python3.7/site-packages/pysys/process/user.py", line 1420, in abort
    raise AbortExecution(outcome, outcomeReason, callRecord)
pysys.exceptions.AbortExecution: sudo&lt;remove_apama_project&gt; returned non-zero exit code 1
14:17:33 WARN  Cleanup failed with 1 errors: Cleanup function failed: sudo&lt;remove_apama_project&gt; returned non-zero exit code 1 (AbortExecution) ... blocked 
14:17:33 INFO  
14:17:33 INFO  Test duration: 0.74 secs
14:17:33 INFO  Test final outcome:  BLOCKED
14:17:33 INFO  Test outcome reason: sudo&lt;remove_apama_project&gt; returned non-zero exit code 1 (+2 other failures)
14:17:33 INFO  
</system-out>
	</testcase>
</testsuite><testsuite name="SoftwareManagement.sm_apt_install_download_path" tests="3" errors="0" failures="2" skipped="1" time="0"><testcase classname="AptInstallWithDownloadPath" name="SoftwareManagement.sm_apt_install_download_path">
		<skipped message="SKIPPED: Testing the apt plugin is not supported on this platform.Use parameter -XmyPlatform='container' to enable it" />
		<system-out>13:20:01 INFO  ==============================================================
13:20:01 INFO  Id:    SoftwareManagement.sm_apt_install_download_path
13:20:01 INFO  Dir:   software_management_end_to_end/
13:20:01 INFO  Title: Install package to directory specified in tedge config set tmp.path
13:20:01 INFO  ==============================================================
13:20:01 INFO  Testing the apt plugin is not supported on this platform.Use parameter -XmyPlatform='container' to enable it ... skipped
13:20:01 WARN  Aborted test due to SKIPPED outcome
13:20:01 INFO  
13:20:01 INFO  Test duration: 0.06 secs
13:20:01 INFO  Test final outcome:  SKIPPED
13:20:01 INFO  Test outcome reason: Testing the apt plugin is not supported on this platform.Use parameter -XmyPlatform='container' to enable it
13:20:01 INFO  
</system-out>
	</testcase>
<testcase classname="AptInstallWithDownloadPath" name="SoftwareManagement.sm_apt_install_download_path">
		<failure message="BLOCKED: AssertionError:" type="BLOCKED" />
		<system-out>13:42:47 INFO  ==============================================================
13:42:47 INFO  Id:    SoftwareManagement.sm_apt_install_download_path
13:42:47 INFO  Dir:   software_management_end_to_end/
13:42:47 INFO  Title: Install package to directory specified in tedge config set tmp.path
13:42:47 INFO  ==============================================================
13:42:48 INFO  Using sw id database: {'asciijump': '5475369', 'robotfindskitten': '5474869', 'squirrel3': '5475279', 'rolldice': '5152439', 'moon-buggy': '5439204', 'apple': '5495053', 'banana': '5494888', 'cherry': '5495382', 'watermelon': '5494510', 'registry': '8018911', 'hello-world': '8021526', 'docker/getting-started': '8021973', 'alpine': '7991792'}
13:42:48 INFO  EnvironmentC8y Setup
13:42:48 INFO  Executed systemctl&lt;serv_mapper1&gt;, exit status 3
13:43:03 INFO  Executed sudo&lt;tedge_connect_c8y&gt;, exit status 0, duration 14 secs
13:43:04 INFO  Executed sudo&lt;tedge_connect_c8y_test&gt;, exit status 0
13:43:05 INFO  Executed systemctl&lt;serv_mosq2&gt;, exit status 0
13:43:06 INFO  Executed systemctl&lt;serv_mapper3&gt;, exit status 0
13:43:08 INFO  State of current operation: SUCCESSFUL
13:43:08 INFO  Assert that (False == value) with value=False ... passed
13:43:09 INFO  Executed sudo, exit status 0
13:43:09 INFO  Executed sudo, exit status 0
13:43:10 INFO  Executed sudo, exit status 0
13:43:14 INFO  Executed sudo&lt;tedge_disconnect_c8y&gt;, exit status 0
13:43:14 INFO  Restarting mosquitto too frequently in the last 10 seconds. It was only up for 3 seconds
13:43:14 INFO  Delaying execution by 8 seconds
13:43:36 INFO  Executed sudo&lt;tedge_connect_c8y&gt;, exit status 0, duration 13 secs
13:43:36 INFO  Response status: 201
13:43:36 INFO  Response to action: {
    "creationTime": "2022-04-27T13:43:36.669Z",
    "deviceName": "m32sd10d",
    "deviceId": "17770515",
    "self": "https://t493319102.eu-latest.cumulocity.com/devicecontrol/operations/17781028",
    "id": "17781028",
    "status": "PENDING",
    "description": "Apply software changes, triggered from PySys: [{'name': 'rolldice', 'id': '5152439', 'version': '::apt', 'url': 'https://thin-edge-io.eu-latest.cumulocity.com/inventory/binaries/12435463', 'action': 'install'}]",
    "c8y_SoftwareUpdate": [
        {
            "name": "rolldice",
            "action": "install",
            "id": "5152439",
            "version": "::apt",
            "url": "https://thin-edge-io.eu-latest.cumulocity.com/inventory/binaries/12435463"
        }
    ]
}
13:43:36 INFO  Started operation: {'creationTime': '2022-04-27T13:43:36.669Z', 'deviceName': 'm32sd10d', 'deviceId': '17770515', 'self': 'https://t493319102.eu-latest.cumulocity.com/devicecontrol/operations/17781028', 'id': '17781028', 'status': 'PENDING', 'description': "Apply software changes, triggered from PySys: [{'name': 'rolldice', 'id': '5152439', 'version': '::apt', 'url': 'https://thin-edge-io.eu-latest.cumulocity.com/inventory/binaries/12435463', 'action': 'install'}]", 'c8y_SoftwareUpdate': [{'name': 'rolldice', 'action': 'install', 'id': '5152439', 'version': '::apt', 'url': 'https://thin-edge-io.eu-latest.cumulocity.com/inventory/binaries/12435463'}]}
13:43:36 WARN  , retrying in 0.5 seconds...
13:43:37 WARN  , retrying in 0.5 seconds...
13:43:37 WARN  , retrying in 0.5 seconds...
13:43:38 WARN  , retrying in 0.5 seconds...
13:43:38 WARN  , retrying in 0.5 seconds...
13:43:39 WARN  , retrying in 0.5 seconds...
13:43:39 WARN  , retrying in 0.5 seconds...
13:43:40 WARN  , retrying in 0.5 seconds...
13:43:40 WARN  , retrying in 0.5 seconds...
13:43:41 WARN  AssertionError occurred while running test - 
Traceback (most recent call last):
  File "/home/pi/env-pysys/lib/python3.7/site-packages/pysys/baserunner.py", line 1294, in __call__
    self.testObj.execute()
  File "/home/pi/actions-runner/_work/thin-edge.io/thin-edge.io/tests/PySys/software_management_end_to_end/sm_apt_install_download_path/run.py", line 83, in execute
    assert_install_in_download_path(install_directory=self.DOWNLOAD_DIR)
  File "/home/pi/env-pysys/lib/python3.7/site-packages/decorator.py", line 232, in fun
    return caller(func, *(extras + args), **kw)
  File "/home/pi/env-pysys/lib/python3.7/site-packages/retry/api.py", line 74, in retry_decorator
    logger)
  File "/home/pi/env-pysys/lib/python3.7/site-packages/retry/api.py", line 33, in __retry_internal
    return f()
  File "/home/pi/actions-runner/_work/thin-edge.io/thin-edge.io/tests/PySys/software_management_end_to_end/sm_apt_install_download_path/run.py", line 28, in assert_install_in_download_path
    assert "rolldice" in os.listdir(f"{install_directory}")
AssertionError
13:43:41 WARN  AssertionError: ... blocked 
13:43:41 INFO  
13:43:41 INFO  cleanup:
13:43:42 INFO  Executed sudo, exit status 0
13:43:43 INFO  Executed sudo, exit status 0
13:43:47 INFO  Executed sudo&lt;tedge_disconnect_c8y&gt;, exit status 0
13:43:47 INFO  Restarting mosquitto too frequently in the last 10 seconds. It was only up for 4 seconds
13:43:47 INFO  Delaying execution by 7 seconds
13:44:08 INFO  Executed sudo&lt;tedge_connect_c8y&gt;, exit status 0, duration 13 secs
13:44:12 INFO  Executed sudo&lt;tedge_disconnect_c8y&gt;, exit status 0
13:44:12 INFO  Executed systemctl&lt;serv_mapper5&gt;, exit status 3
13:44:12 INFO  
13:44:12 INFO  Test duration: 85.11 secs
13:44:12 INFO  Test final outcome:  BLOCKED
13:44:12 INFO  Test outcome reason: AssertionError:
13:44:12 INFO  
</system-out>
	</testcase>
<testcase classname="AptInstallWithDownloadPath" name="SoftwareManagement.sm_apt_install_download_path">
		<failure message="BLOCKED: AssertionError:" type="BLOCKED" />
		<system-out>14:17:33 INFO  ==============================================================
14:17:33 INFO  Id:    SoftwareManagement.sm_apt_install_download_path
14:17:33 INFO  Dir:   software_management_end_to_end/
14:17:33 INFO  Title: Install package to directory specified in tedge config set tmp.path
14:17:33 INFO  ==============================================================
14:17:35 INFO  Using sw id database: {'asciijump': '5475369', 'robotfindskitten': '5474869', 'squirrel3': '5475279', 'rolldice': '5152439', 'moon-buggy': '5439204', 'apple': '5495053', 'banana': '5494888', 'cherry': '5495382', 'watermelon': '5494510', 'registry': '8018911', 'hello-world': '8021526', 'docker/getting-started': '8021973', 'alpine': '7991792'}
14:17:35 INFO  EnvironmentC8y Setup
14:17:35 INFO  Executed systemctl&lt;serv_mapper1&gt;, exit status 3
14:17:49 INFO  Executed sudo&lt;tedge_connect_c8y&gt;, exit status 0, duration 13 secs
14:17:50 INFO  Executed sudo&lt;tedge_connect_c8y_test&gt;, exit status 0
14:17:51 INFO  Executed systemctl&lt;serv_mosq2&gt;, exit status 0
14:17:51 INFO  Executed systemctl&lt;serv_mapper3&gt;, exit status 0
14:17:53 INFO  State of current operation: SUCCESSFUL
14:17:54 INFO  Assert that (False == value) with value=False ... passed
14:17:54 INFO  Executed sudo, exit status 0
14:17:55 INFO  Executed sudo, exit status 0
14:17:55 INFO  Executed sudo, exit status 0
14:17:59 INFO  Executed sudo&lt;tedge_disconnect_c8y&gt;, exit status 0
14:17:59 INFO  Restarting mosquitto too frequently in the last 10 seconds. It was only up for 3 seconds
14:17:59 INFO  Delaying execution by 8 seconds
14:18:21 INFO  Executed sudo&lt;tedge_connect_c8y&gt;, exit status 0, duration 13 secs
14:18:21 INFO  Response status: 201
14:18:21 INFO  Response to action: {
    "creationTime": "2022-04-27T14:18:21.780Z",
    "deviceName": "m32sd10d",
    "deviceId": "17770515",
    "self": "https://t493319102.eu-latest.cumulocity.com/devicecontrol/operations/17788202",
    "id": "17788202",
    "status": "PENDING",
    "description": "Apply software changes, triggered from PySys: [{'name': 'rolldice', 'id': '5152439', 'version': '::apt', 'url': 'https://thin-edge-io.eu-latest.cumulocity.com/inventory/binaries/12435463', 'action': 'install'}]",
    "c8y_SoftwareUpdate": [
        {
            "name": "rolldice",
            "action": "install",
            "id": "5152439",
            "version": "::apt",
            "url": "https://thin-edge-io.eu-latest.cumulocity.com/inventory/binaries/12435463"
        }
    ]
}
14:18:21 INFO  Started operation: {'creationTime': '2022-04-27T14:18:21.780Z', 'deviceName': 'm32sd10d', 'deviceId': '17770515', 'self': 'https://t493319102.eu-latest.cumulocity.com/devicecontrol/operations/17788202', 'id': '17788202', 'status': 'PENDING', 'description': "Apply software changes, triggered from PySys: [{'name': 'rolldice', 'id': '5152439', 'version': '::apt', 'url': 'https://thin-edge-io.eu-latest.cumulocity.com/inventory/binaries/12435463', 'action': 'install'}]", 'c8y_SoftwareUpdate': [{'name': 'rolldice', 'action': 'install', 'id': '5152439', 'version': '::apt', 'url': 'https://thin-edge-io.eu-latest.cumulocity.com/inventory/binaries/12435463'}]}
14:18:21 WARN  , retrying in 0.5 seconds...
14:18:22 WARN  , retrying in 0.5 seconds...
14:18:22 WARN  , retrying in 0.5 seconds...
14:18:23 WARN  , retrying in 0.5 seconds...
14:18:23 WARN  , retrying in 0.5 seconds...
14:18:24 WARN  , retrying in 0.5 seconds...
14:18:24 WARN  , retrying in 0.5 seconds...
14:18:25 WARN  , retrying in 0.5 seconds...
14:18:25 WARN  , retrying in 0.5 seconds...
14:18:26 WARN  AssertionError occurred while running test - 
Traceback (most recent call last):
  File "/home/pi/env-pysys/lib/python3.7/site-packages/pysys/baserunner.py", line 1294, in __call__
    self.testObj.execute()
  File "/home/pi/actions-runner/_work/thin-edge.io/thin-edge.io/tests/PySys/software_management_end_to_end/sm_apt_install_download_path/run.py", line 83, in execute
    assert_install_in_download_path(install_directory=self.DOWNLOAD_DIR)
  File "/home/pi/env-pysys/lib/python3.7/site-packages/decorator.py", line 232, in fun
    return caller(func, *(extras + args), **kw)
  File "/home/pi/env-pysys/lib/python3.7/site-packages/retry/api.py", line 74, in retry_decorator
    logger)
  File "/home/pi/env-pysys/lib/python3.7/site-packages/retry/api.py", line 33, in __retry_internal
    return f()
  File "/home/pi/actions-runner/_work/thin-edge.io/thin-edge.io/tests/PySys/software_management_end_to_end/sm_apt_install_download_path/run.py", line 28, in assert_install_in_download_path
    assert "rolldice" in os.listdir(f"{install_directory}")
AssertionError
14:18:26 WARN  AssertionError: ... blocked 
14:18:26 INFO  
14:18:26 INFO  cleanup:
14:18:26 INFO  Executed sudo, exit status 0
14:18:27 INFO  Executed sudo, exit status 0
14:18:31 INFO  Executed sudo&lt;tedge_disconnect_c8y&gt;, exit status 0
14:18:31 INFO  Restarting mosquitto too frequently in the last 10 seconds. It was only up for 3 seconds
14:18:31 INFO  Delaying execution by 8 seconds
14:18:53 INFO  Executed sudo&lt;tedge_connect_c8y&gt;, exit status 0, duration 13 secs
14:18:58 INFO  Executed sudo&lt;tedge_disconnect_c8y&gt;, exit status 0
14:18:58 INFO  Executed systemctl&lt;serv_mapper5&gt;, exit status 3
14:18:58 INFO  
14:18:58 INFO  Test duration: 84.96 secs
14:18:58 INFO  Test final outcome:  BLOCKED
14:18:58 INFO  Test outcome reason: AssertionError:
14:18:58 INFO  
</system-out>
	</testcase>
</testsuite><testsuite name="SoftwareManagement.sm_apt_install_fail" tests="3" errors="0" failures="1" skipped="1" time="0"><testcase classname="PySysTest" name="SoftwareManagement.sm_apt_install_fail">
		<skipped message="SKIPPED: Testing the apt plugin is not supported on this platform.Use parameter -XmyPlatform='container' to enable it" />
		<system-out>13:20:01 INFO  ==============================================================
13:20:01 INFO  Id:    SoftwareManagement.sm_apt_install_fail
13:20:01 INFO  Dir:   software_management_end_to_end/
13:20:01 INFO  Title: Validate end to end behaviour for a failing installation
13:20:01 INFO  ==============================================================
13:20:01 INFO  Testing the apt plugin is not supported on this platform.Use parameter -XmyPlatform='container' to enable it ... skipped
13:20:01 WARN  Aborted test due to SKIPPED outcome
13:20:01 INFO  
13:20:01 INFO  Test duration: 0.02 secs
13:20:01 INFO  Test final outcome:  SKIPPED
13:20:01 INFO  Test outcome reason: Testing the apt plugin is not supported on this platform.Use parameter -XmyPlatform='container' to enable it
13:20:01 INFO  
</system-out>
	</testcase>
<testcase classname="PySysTest" name="SoftwareManagement.sm_apt_install_fail" />
<testcase classname="PySysTest" name="SoftwareManagement.sm_apt_install_fail">
		<failure message="BLOCKED: SystemError: Timeout while waiting for status FAILED or SUCCESSFUL" type="BLOCKED" />
		<system-out>14:18:58 INFO  ==============================================================
14:18:58 INFO  Id:    SoftwareManagement.sm_apt_install_fail
14:18:58 INFO  Dir:   software_management_end_to_end/
14:18:58 INFO  Title: Validate end to end behaviour for a failing installation
14:18:58 INFO  ==============================================================
14:18:58 INFO  Using sw id database: {'asciijump': '5475369', 'robotfindskitten': '5474869', 'squirrel3': '5475279', 'rolldice': '5152439', 'moon-buggy': '5439204', 'apple': '5495053', 'banana': '5494888', 'cherry': '5495382', 'watermelon': '5494510', 'registry': '8018911', 'hello-world': '8021526', 'docker/getting-started': '8021973', 'alpine': '7991792'}
14:18:58 INFO  EnvironmentC8y Setup
14:18:59 INFO  Executed systemctl&lt;serv_mapper1&gt;, exit status 3
14:18:59 INFO  Restarting mosquitto too frequently in the last 10 seconds. It was only up for 5 seconds
14:18:59 INFO  Delaying execution by 6 seconds
14:19:19 INFO  Executed sudo&lt;tedge_connect_c8y&gt;, exit status 0, duration 13 secs
14:19:19 INFO  Executed sudo&lt;tedge_connect_c8y_test&gt;, exit status 0
14:19:20 INFO  Executed systemctl&lt;serv_mosq2&gt;, exit status 0
14:19:20 INFO  Executed systemctl&lt;serv_mapper3&gt;, exit status 0
14:19:22 INFO  State of current operation: PENDING
14:19:25 INFO  State of current operation: PENDING
14:19:27 INFO  State of current operation: PENDING
14:19:29 INFO  State of current operation: PENDING
14:19:31 INFO  State of current operation: PENDING
14:19:34 INFO  State of current operation: PENDING
14:19:36 INFO  State of current operation: PENDING
14:19:38 INFO  State of current operation: PENDING
14:19:40 INFO  State of current operation: PENDING
14:19:42 INFO  State of current operation: PENDING
14:19:45 INFO  State of current operation: PENDING
14:19:47 INFO  State of current operation: PENDING
14:19:49 INFO  State of current operation: PENDING
14:19:51 INFO  State of current operation: PENDING
14:19:54 INFO  State of current operation: PENDING
14:19:56 INFO  State of current operation: PENDING
14:19:58 INFO  State of current operation: PENDING
14:20:00 INFO  State of current operation: PENDING
14:20:02 INFO  State of current operation: PENDING
14:20:05 INFO  State of current operation: PENDING
14:20:07 INFO  State of current operation: PENDING
14:20:09 INFO  State of current operation: PENDING
14:20:11 INFO  State of current operation: PENDING
14:20:14 INFO  State of current operation: PENDING
14:20:16 INFO  State of current operation: PENDING
14:20:18 INFO  State of current operation: PENDING
14:20:20 INFO  State of current operation: PENDING
14:20:22 INFO  State of current operation: PENDING
14:20:25 INFO  State of current operation: PENDING
14:20:27 INFO  State of current operation: PENDING
14:20:29 INFO  State of current operation: PENDING
14:20:31 INFO  State of current operation: PENDING
14:20:33 INFO  State of current operation: PENDING
14:20:36 INFO  State of current operation: PENDING
14:20:38 INFO  State of current operation: PENDING
14:20:40 INFO  State of current operation: PENDING
14:20:42 INFO  State of current operation: PENDING
14:20:45 INFO  State of current operation: PENDING
14:20:47 INFO  State of current operation: PENDING
14:20:49 INFO  State of current operation: PENDING
14:20:51 INFO  State of current operation: PENDING
14:20:53 INFO  State of current operation: PENDING
14:20:56 INFO  State of current operation: PENDING
14:20:58 INFO  State of current operation: PENDING
14:21:00 INFO  State of current operation: PENDING
14:21:02 INFO  State of current operation: PENDING
14:21:05 INFO  State of current operation: PENDING
14:21:07 INFO  State of current operation: PENDING
14:21:09 INFO  State of current operation: PENDING
14:21:11 INFO  State of current operation: PENDING
14:21:13 INFO  State of current operation: PENDING
14:21:16 INFO  State of current operation: PENDING
14:21:18 INFO  State of current operation: PENDING
14:21:20 INFO  State of current operation: PENDING
14:21:22 INFO  State of current operation: PENDING
14:21:25 INFO  State of current operation: PENDING
14:21:27 INFO  State of current operation: PENDING
14:21:29 INFO  State of current operation: PENDING
14:21:31 INFO  State of current operation: PENDING
14:21:33 INFO  State of current operation: PENDING
14:21:36 INFO  State of current operation: PENDING
14:21:38 WARN  SystemError occurred while running test - Timeout while waiting for status FAILED or SUCCESSFUL
Traceback (most recent call last):
  File "/home/pi/env-pysys/lib/python3.7/site-packages/pysys/baserunner.py", line 1292, in __call__
    self.testObj.setup()
  File "/home/pi/actions-runner/_work/thin-edge.io/thin-edge.io/tests/PySys/software_management_end_to_end/sm_apt_install_fail/run.py", line 20, in setup
    super().setup()
  File "/home/pi/actions-runner/_work/thin-edge.io/thin-edge.io/tests/PySys/software_management_end_to_end/environment_sm_management.py", line 151, in setup
    self.wait_until_end()
  File "/home/pi/actions-runner/_work/thin-edge.io/thin-edge.io/tests/PySys/software_management_end_to_end/environment_sm_management.py", line 332, in wait_until_end
    self.wait_until_status("FAILED", "SUCCESSFUL")
  File "/home/pi/actions-runner/_work/thin-edge.io/thin-edge.io/tests/PySys/software_management_end_to_end/environment_sm_management.py", line 381, in wait_until_status
    "Timeout while waiting for status %s or %s" % (status, status2)
SystemError: Timeout while waiting for status FAILED or SUCCESSFUL
14:21:38 WARN  SystemError: Timeout while waiting for status FAILED or SUCCESSFUL ... blocked 
14:21:38 INFO  
14:21:38 INFO  cleanup:
14:21:42 INFO  Executed sudo&lt;tedge_disconnect_c8y&gt;, exit status 0
14:21:42 INFO  Executed systemctl&lt;serv_mapper5&gt;, exit status 3
14:21:42 INFO  
14:21:42 INFO  Test duration: 164.16 secs
14:21:42 INFO  Test final outcome:  BLOCKED
14:21:42 INFO  Test outcome reason: SystemError: Timeout while waiting for status FAILED or SUCCESSFUL
14:21:42 INFO  
</system-out>
	</testcase>
</testsuite><testsuite name="SoftwareManagement.sm_apt_install_remove" tests="3" errors="0" failures="1" skipped="1" time="0"><testcase classname="PySysTest" name="SoftwareManagement.sm_apt_install_remove">
		<skipped message="SKIPPED: Testing the apt plugin is not supported on this platform.Use parameter -XmyPlatform='container' to enable it" />
		<system-out>13:20:01 INFO  ==============================================================
13:20:01 INFO  Id:    SoftwareManagement.sm_apt_install_remove
13:20:01 INFO  Dir:   software_management_end_to_end/
13:20:01 INFO  Title: Validate end to end behaviour for the apt plugin for installation and removal of packages
13:20:01 INFO  ==============================================================
13:20:01 INFO  Testing the apt plugin is not supported on this platform.Use parameter -XmyPlatform='container' to enable it ... skipped
13:20:01 WARN  Aborted test due to SKIPPED outcome
13:20:01 INFO  
13:20:01 INFO  Test duration: 0.02 secs
13:20:01 INFO  Test final outcome:  SKIPPED
13:20:01 INFO  Test outcome reason: Testing the apt plugin is not supported on this platform.Use parameter -XmyPlatform='container' to enable it
13:20:01 INFO  
</system-out>
	</testcase>
<testcase classname="PySysTest" name="SoftwareManagement.sm_apt_install_remove" />
<testcase classname="PySysTest" name="SoftwareManagement.sm_apt_install_remove">
		<failure message="BLOCKED: SystemError: Timeout while waiting for status FAILED or SUCCESSFUL" type="BLOCKED" />
		<system-out>14:21:42 INFO  ==============================================================
14:21:42 INFO  Id:    SoftwareManagement.sm_apt_install_remove
14:21:42 INFO  Dir:   software_management_end_to_end/
14:21:42 INFO  Title: Validate end to end behaviour for the apt plugin for installation and removal of packages
14:21:42 INFO  ==============================================================
14:21:42 INFO  Using sw id database: {'asciijump': '5475369', 'robotfindskitten': '5474869', 'squirrel3': '5475279', 'rolldice': '5152439', 'moon-buggy': '5439204', 'apple': '5495053', 'banana': '5494888', 'cherry': '5495382', 'watermelon': '5494510', 'registry': '8018911', 'hello-world': '8021526', 'docker/getting-started': '8021973', 'alpine': '7991792'}
14:21:42 INFO  EnvironmentC8y Setup
14:21:43 INFO  Executed systemctl&lt;serv_mapper1&gt;, exit status 3
14:21:43 INFO  Restarting mosquitto too frequently in the last 10 seconds. It was only up for 5 seconds
14:21:43 INFO  Delaying execution by 6 seconds
14:22:03 INFO  Executed sudo&lt;tedge_connect_c8y&gt;, exit status 0, duration 14 secs
14:22:04 INFO  Executed sudo&lt;tedge_connect_c8y_test&gt;, exit status 0
14:22:04 INFO  Executed systemctl&lt;serv_mosq2&gt;, exit status 0
14:22:05 INFO  Executed systemctl&lt;serv_mapper3&gt;, exit status 0
14:22:07 INFO  State of current operation: PENDING
14:22:09 INFO  State of current operation: PENDING
14:22:11 INFO  State of current operation: PENDING
14:22:14 INFO  State of current operation: PENDING
14:22:16 INFO  State of current operation: PENDING
14:22:18 INFO  State of current operation: PENDING
14:22:20 INFO  State of current operation: PENDING
14:22:23 INFO  State of current operation: PENDING
14:22:25 INFO  State of current operation: PENDING
14:22:27 INFO  State of current operation: PENDING
14:22:29 INFO  State of current operation: PENDING
14:22:31 INFO  State of current operation: PENDING
14:22:34 INFO  State of current operation: PENDING
14:22:36 INFO  State of current operation: PENDING
14:22:38 INFO  State of current operation: PENDING
14:22:40 INFO  State of current operation: PENDING
14:22:43 INFO  State of current operation: PENDING
14:22:45 INFO  State of current operation: PENDING
14:22:47 INFO  State of current operation: PENDING
14:22:49 INFO  State of current operation: PENDING
14:22:51 INFO  State of current operation: PENDING
14:22:54 INFO  State of current operation: PENDING
14:22:56 INFO  State of current operation: PENDING
14:22:58 INFO  State of current operation: PENDING
14:23:00 INFO  State of current operation: PENDING
14:23:03 INFO  State of current operation: PENDING
14:23:05 INFO  State of current operation: PENDING
14:23:07 INFO  State of current operation: PENDING
14:23:09 INFO  State of current operation: PENDING
14:23:11 INFO  State of current operation: PENDING
14:23:14 INFO  State of current operation: PENDING
14:23:16 INFO  State of current operation: PENDING
14:23:18 INFO  State of current operation: PENDING
14:23:20 INFO  State of current operation: PENDING
14:23:23 INFO  State of current operation: PENDING
14:23:25 INFO  State of current operation: PENDING
14:23:27 INFO  State of current operation: PENDING
14:23:29 INFO  State of current operation: PENDING
14:23:31 INFO  State of current operation: PENDING
14:23:34 INFO  State of current operation: PENDING
14:23:36 INFO  State of current operation: PENDING
14:23:38 INFO  State of current operation: PENDING
14:23:40 INFO  State of current operation: PENDING
14:23:42 INFO  State of current operation: PENDING
14:23:45 INFO  State of current operation: PENDING
14:23:47 INFO  State of current operation: PENDING
14:23:49 INFO  State of current operation: PENDING
14:23:51 INFO  State of current operation: PENDING
14:23:54 INFO  State of current operation: PENDING
14:23:56 INFO  State of current operation: PENDING
14:23:58 INFO  State of current operation: PENDING
14:24:00 INFO  State of current operation: PENDING
14:24:02 INFO  State of current operation: PENDING
14:24:05 INFO  State of current operation: PENDING
14:24:07 INFO  State of current operation: PENDING
14:24:09 INFO  State of current operation: PENDING
14:24:11 INFO  State of current operation: PENDING
14:24:14 INFO  State of current operation: PENDING
14:24:16 INFO  State of current operation: PENDING
14:24:18 INFO  State of current operation: PENDING
14:24:20 INFO  State of current operation: PENDING
14:24:22 WARN  SystemError occurred while running test - Timeout while waiting for status FAILED or SUCCESSFUL
Traceback (most recent call last):
  File "/home/pi/env-pysys/lib/python3.7/site-packages/pysys/baserunner.py", line 1292, in __call__
    self.testObj.setup()
  File "/home/pi/actions-runner/_work/thin-edge.io/thin-edge.io/tests/PySys/software_management_end_to_end/sm_apt_install_remove/run.py", line 27, in setup
    super().setup()
  File "/home/pi/actions-runner/_work/thin-edge.io/thin-edge.io/tests/PySys/software_management_end_to_end/environment_sm_management.py", line 151, in setup
    self.wait_until_end()
  File "/home/pi/actions-runner/_work/thin-edge.io/thin-edge.io/tests/PySys/software_management_end_to_end/environment_sm_management.py", line 332, in wait_until_end
    self.wait_until_status("FAILED", "SUCCESSFUL")
  File "/home/pi/actions-runner/_work/thin-edge.io/thin-edge.io/tests/PySys/software_management_end_to_end/environment_sm_management.py", line 381, in wait_until_status
    "Timeout while waiting for status %s or %s" % (status, status2)
SystemError: Timeout while waiting for status FAILED or SUCCESSFUL
14:24:22 WARN  SystemError: Timeout while waiting for status FAILED or SUCCESSFUL ... blocked 
14:24:22 INFO  
14:24:22 INFO  cleanup:
14:24:26 INFO  Executed sudo&lt;tedge_disconnect_c8y&gt;, exit status 0
14:24:27 INFO  Executed systemctl&lt;serv_mapper5&gt;, exit status 3
14:24:27 INFO  
14:24:27 INFO  Test duration: 164.47 secs
14:24:27 INFO  Test final outcome:  BLOCKED
14:24:27 INFO  Test outcome reason: SystemError: Timeout while waiting for status FAILED or SUCCESSFUL
14:24:27 INFO  
</system-out>
	</testcase>
</testsuite><testsuite name="SoftwareManagement.sm_apt_install_remove_default" tests="3" errors="0" failures="1" skipped="1" time="0"><testcase classname="PySysTest" name="SoftwareManagement.sm_apt_install_remove_default">
		<skipped message="SKIPPED: Testing the apt plugin is not supported on this platform.Use parameter -XmyPlatform='container' to enable it" />
		<system-out>13:20:01 INFO  ==============================================================
13:20:01 INFO  Id:    SoftwareManagement.sm_apt_install_remove_default
13:20:01 INFO  Dir:   software_management_end_to_end/
13:20:01 INFO  Title: Validate end to end behaviour for the default plugin for installation and removal of packages
13:20:01 INFO  ==============================================================
13:20:01 INFO  Testing the apt plugin is not supported on this platform.Use parameter -XmyPlatform='container' to enable it ... skipped
13:20:01 WARN  Aborted test due to SKIPPED outcome
13:20:01 INFO  
13:20:01 INFO  Test duration: 0.02 secs
13:20:01 INFO  Test final outcome:  SKIPPED
13:20:01 INFO  Test outcome reason: Testing the apt plugin is not supported on this platform.Use parameter -XmyPlatform='container' to enable it
13:20:01 INFO  
</system-out>
	</testcase>
<testcase classname="PySysTest" name="SoftwareManagement.sm_apt_install_remove_default" />
<testcase classname="PySysTest" name="SoftwareManagement.sm_apt_install_remove_default">
		<failure message="BLOCKED: SystemError: Timeout while waiting for status FAILED or SUCCESSFUL" type="BLOCKED" />
		<system-out>14:24:27 INFO  ==============================================================
14:24:27 INFO  Id:    SoftwareManagement.sm_apt_install_remove_default
14:24:27 INFO  Dir:   software_management_end_to_end/
14:24:27 INFO  Title: Validate end to end behaviour for the default plugin for installation and removal of packages
14:24:27 INFO  ==============================================================
14:24:27 INFO  Using sw id database: {'asciijump': '5475369', 'robotfindskitten': '5474869', 'squirrel3': '5475279', 'rolldice': '5152439', 'moon-buggy': '5439204', 'apple': '5495053', 'banana': '5494888', 'cherry': '5495382', 'watermelon': '5494510', 'registry': '8018911', 'hello-world': '8021526', 'docker/getting-started': '8021973', 'alpine': '7991792'}
14:24:27 INFO  EnvironmentC8y Setup
14:24:27 INFO  Executed systemctl&lt;serv_mapper1&gt;, exit status 3
14:24:28 INFO  Restarting mosquitto too frequently in the last 10 seconds. It was only up for 4 seconds
14:24:28 INFO  Delaying execution by 7 seconds
14:24:49 INFO  Executed sudo&lt;tedge_connect_c8y&gt;, exit status 0, duration 13 secs
14:24:49 INFO  Executed sudo&lt;tedge_connect_c8y_test&gt;, exit status 0
14:24:50 INFO  Executed systemctl&lt;serv_mosq2&gt;, exit status 0
14:24:50 INFO  Executed systemctl&lt;serv_mapper3&gt;, exit status 0
14:24:52 INFO  State of current operation: PENDING
14:24:55 INFO  State of current operation: PENDING
14:24:57 INFO  State of current operation: PENDING
14:24:59 INFO  State of current operation: PENDING
14:25:01 INFO  State of current operation: PENDING
14:25:03 INFO  State of current operation: PENDING
14:25:06 INFO  State of current operation: PENDING
14:25:08 INFO  State of current operation: PENDING
14:25:10 INFO  State of current operation: PENDING
14:25:12 INFO  State of current operation: PENDING
14:25:15 INFO  State of current operation: PENDING
14:25:17 INFO  State of current operation: PENDING
14:25:19 INFO  State of current operation: PENDING
14:25:21 INFO  State of current operation: PENDING
14:25:23 INFO  State of current operation: PENDING
14:25:26 INFO  State of current operation: PENDING
14:25:28 INFO  State of current operation: PENDING
14:25:30 INFO  State of current operation: PENDING
14:25:32 INFO  State of current operation: PENDING
14:25:35 INFO  State of current operation: PENDING
14:25:37 INFO  State of current operation: PENDING
14:25:39 INFO  State of current operation: PENDING
14:25:41 INFO  State of current operation: PENDING
14:25:43 INFO  State of current operation: PENDING
14:25:46 INFO  State of current operation: PENDING
14:25:48 INFO  State of current operation: PENDING
14:25:50 INFO  State of current operation: PENDING
14:25:52 INFO  State of current operation: PENDING
14:25:54 INFO  State of current operation: PENDING
14:25:57 INFO  State of current operation: PENDING
14:25:59 INFO  State of current operation: PENDING
14:26:01 INFO  State of current operation: PENDING
14:26:03 INFO  State of current operation: PENDING
14:26:06 INFO  State of current operation: PENDING
14:26:08 INFO  State of current operation: PENDING
14:26:10 INFO  State of current operation: PENDING
14:26:12 INFO  State of current operation: PENDING
14:26:14 INFO  State of current operation: PENDING
14:26:17 INFO  State of current operation: PENDING
14:26:19 INFO  State of current operation: PENDING
14:26:21 INFO  State of current operation: PENDING
14:26:23 INFO  State of current operation: PENDING
14:26:26 INFO  State of current operation: PENDING
14:26:28 INFO  State of current operation: PENDING
14:26:30 INFO  State of current operation: PENDING
14:26:32 INFO  State of current operation: PENDING
14:26:34 INFO  State of current operation: PENDING
14:26:37 INFO  State of current operation: PENDING
14:26:39 INFO  State of current operation: PENDING
14:26:41 INFO  State of current operation: PENDING
14:26:43 INFO  State of current operation: PENDING
14:26:46 INFO  State of current operation: PENDING
14:26:48 INFO  State of current operation: PENDING
14:26:50 INFO  State of current operation: PENDING
14:26:52 INFO  State of current operation: PENDING
14:26:54 INFO  State of current operation: PENDING
14:26:57 INFO  State of current operation: PENDING
14:26:59 INFO  State of current operation: PENDING
14:27:01 INFO  State of current operation: PENDING
14:27:03 INFO  State of current operation: PENDING
14:27:05 INFO  State of current operation: PENDING
14:27:08 WARN  SystemError occurred while running test - Timeout while waiting for status FAILED or SUCCESSFUL
Traceback (most recent call last):
  File "/home/pi/env-pysys/lib/python3.7/site-packages/pysys/baserunner.py", line 1292, in __call__
    self.testObj.setup()
  File "/home/pi/actions-runner/_work/thin-edge.io/thin-edge.io/tests/PySys/software_management_end_to_end/sm_apt_install_remove_default/run.py", line 26, in setup
    super().setup()
  File "/home/pi/actions-runner/_work/thin-edge.io/thin-edge.io/tests/PySys/software_management_end_to_end/environment_sm_management.py", line 151, in setup
    self.wait_until_end()
  File "/home/pi/actions-runner/_work/thin-edge.io/thin-edge.io/tests/PySys/software_management_end_to_end/environment_sm_management.py", line 332, in wait_until_end
    self.wait_until_status("FAILED", "SUCCESSFUL")
  File "/home/pi/actions-runner/_work/thin-edge.io/thin-edge.io/tests/PySys/software_management_end_to_end/environment_sm_management.py", line 381, in wait_until_status
    "Timeout while waiting for status %s or %s" % (status, status2)
SystemError: Timeout while waiting for status FAILED or SUCCESSFUL
14:27:08 WARN  SystemError: Timeout while waiting for status FAILED or SUCCESSFUL ... blocked 
14:27:08 INFO  
14:27:08 INFO  cleanup:
14:27:12 INFO  Executed sudo&lt;tedge_disconnect_c8y&gt;, exit status 0
14:27:12 INFO  Executed systemctl&lt;serv_mapper5&gt;, exit status 3
14:27:12 INFO  
14:27:12 INFO  Test duration: 165.45 secs
14:27:12 INFO  Test final outcome:  BLOCKED
14:27:12 INFO  Test outcome reason: SystemError: Timeout while waiting for status FAILED or SUCCESSFUL
14:27:12 INFO  
</system-out>
	</testcase>
</testsuite><testsuite name="SoftwareManagement.sm_apt_install_remove_multiple" tests="3" errors="0" failures="2" skipped="1" time="0"><testcase classname="PySysTest" name="SoftwareManagement.sm_apt_install_remove_multiple">
		<skipped message="SKIPPED: Testing the apt plugin is not supported on this platform.Use parameter -XmyPlatform='container' to enable it" />
		<system-out>13:20:01 INFO  ==============================================================
13:20:01 INFO  Id:    SoftwareManagement.sm_apt_install_remove_multiple
13:20:01 INFO  Dir:   software_management_end_to_end/
13:20:01 INFO  Title: Validate end to end behaviour for the apt plugin for multiple packages
13:20:01 INFO  ==============================================================
13:20:01 INFO  Testing the apt plugin is not supported on this platform.Use parameter -XmyPlatform='container' to enable it ... skipped
13:20:01 WARN  Aborted test due to SKIPPED outcome
13:20:01 INFO  
13:20:01 INFO  Test duration: 0.02 secs
13:20:01 INFO  Test final outcome:  SKIPPED
13:20:01 INFO  Test outcome reason: Testing the apt plugin is not supported on this platform.Use parameter -XmyPlatform='container' to enable it
13:20:01 INFO  
</system-out>
	</testcase>
<testcase classname="PySysTest" name="SoftwareManagement.sm_apt_install_remove_multiple">
		<failure message="FAILED: Assert that (False == value) with value=True" type="FAILED" />
		<system-out>13:50:59 INFO  ==============================================================
13:50:59 INFO  Id:    SoftwareManagement.sm_apt_install_remove_multiple
13:50:59 INFO  Dir:   software_management_end_to_end/
13:50:59 INFO  Title: Validate end to end behaviour for the apt plugin for multiple packages
13:50:59 INFO  ==============================================================
13:50:59 INFO  Using sw id database: {'asciijump': '5475369', 'robotfindskitten': '5474869', 'squirrel3': '5475279', 'rolldice': '5152439', 'moon-buggy': '5439204', 'apple': '5495053', 'banana': '5494888', 'cherry': '5495382', 'watermelon': '5494510', 'registry': '8018911', 'hello-world': '8021526', 'docker/getting-started': '8021973', 'alpine': '7991792'}
13:50:59 INFO  EnvironmentC8y Setup
13:51:00 INFO  Executed systemctl&lt;serv_mapper1&gt;, exit status 3
13:51:00 INFO  Restarting mosquitto too frequently in the last 10 seconds. It was only up for 4 seconds
13:51:00 INFO  Delaying execution by 7 seconds
13:51:21 INFO  Executed sudo&lt;tedge_connect_c8y&gt;, exit status 0, duration 13 secs
13:51:21 INFO  Executed sudo&lt;tedge_connect_c8y_test&gt;, exit status 0
13:51:22 INFO  Executed systemctl&lt;serv_mosq2&gt;, exit status 0
13:51:22 INFO  Executed systemctl&lt;serv_mapper3&gt;, exit status 0
13:51:24 INFO  State of current operation: SUCCESSFUL
13:51:25 INFO  Assert that (False == value) with value=False ... passed
13:51:25 INFO  Assert that (False == value) with value=False ... passed
13:51:25 INFO  Assert that (False == value) with value=False ... passed
13:51:25 INFO  Package robotfindskitten is installed
13:51:25 WARN  Assert that (False == value) with value=True ... failed 
13:51:25 INFO  Response status: 201
13:51:25 INFO  Response to action: {
    "creationTime": "2022-04-27T13:51:25.929Z",
    "deviceName": "m32sd10d",
    "deviceId": "17770515",
    "self": "https://t493319102.eu-latest.cumulocity.com/devicecontrol/operations/17781084",
    "id": "17781084",
    "status": "PENDING",
    "description": "Apply software changes, triggered from PySys: [{'action': 'install', 'id': '5475369', 'name': 'asciijump', 'url': ' ', 'version': '::apt'}, {'action': 'install', 'id': '5474869', 'name': 'robotfindskitten', 'url': ' ', 'version': '::apt'}, {'action': 'install', 'id': '5475279', 'name': 'squirrel3', 'url': ' ', 'version': '::apt'}]",
    "c8y_SoftwareUpdate": [
        {
            "name": "asciijump",
            "action": "install",
            "id": "5475369",
            "version": "::apt",
            "url": " "
        },
        {
            "name": "robotfindskitten",
            "action": "install",
            "id": "5474869",
            "version": "::apt",
            "url": " "
        },
        {
            "name": "squirrel3",
            "action": "install",
            "id": "5475279",
            "version": "::apt",
            "url": " "
        }
    ]
}
13:51:25 INFO  Started operation: {'creationTime': '2022-04-27T13:51:25.929Z', 'deviceName': 'm32sd10d', 'deviceId': '17770515', 'self': 'https://t493319102.eu-latest.cumulocity.com/devicecontrol/operations/17781084', 'id': '17781084', 'status': 'PENDING', 'description': "Apply software changes, triggered from PySys: [{'action': 'install', 'id': '5475369', 'name': 'asciijump', 'url': ' ', 'version': '::apt'}, {'action': 'install', 'id': '5474869', 'name': 'robotfindskitten', 'url': ' ', 'version': '::apt'}, {'action': 'install', 'id': '5475279', 'name': 'squirrel3', 'url': ' ', 'version': '::apt'}]", 'c8y_SoftwareUpdate': [{'name': 'asciijump', 'action': 'install', 'id': '5475369', 'version': '::apt', 'url': ' '}, {'name': 'robotfindskitten', 'action': 'install', 'id': '5474869', 'version': '::apt', 'url': ' '}, {'name': 'squirrel3', 'action': 'install', 'id': '5475279', 'version': '::apt', 'url': ' '}]}
13:51:28 INFO  State of operation 17781084 : PENDING
13:51:30 INFO  State of operation 17781084 : EXECUTING
13:51:32 INFO  State of operation 17781084 : EXECUTING
13:51:34 INFO  State of operation 17781084 : EXECUTING
13:51:37 INFO  State of operation 17781084 : EXECUTING
13:51:39 INFO  State of operation 17781084 : EXECUTING
13:51:42 INFO  State of operation 17781084 : EXECUTING
13:51:44 INFO  State of operation 17781084 : EXECUTING
13:51:47 INFO  State of operation 17781084 : EXECUTING
13:51:49 INFO  State of operation 17781084 : EXECUTING
13:51:51 INFO  State of operation 17781084 : EXECUTING
13:51:54 INFO  State of operation 17781084 : EXECUTING
13:51:56 INFO  State of operation 17781084 : EXECUTING
13:51:58 INFO  State of operation 17781084 : EXECUTING
13:52:00 INFO  State of operation 17781084 : EXECUTING
13:52:03 INFO  State of operation 17781084 : EXECUTING
13:52:05 INFO  State of operation 17781084 : EXECUTING
13:52:08 INFO  State of operation 17781084 : EXECUTING
13:52:10 INFO  State of operation 17781084 : EXECUTING
13:52:12 INFO  State of operation 17781084 : EXECUTING
13:52:14 INFO  State of operation 17781084 : EXECUTING
13:52:16 INFO  State of operation 17781084 : EXECUTING
13:52:19 INFO  State of operation 17781084 : EXECUTING
13:52:21 INFO  State of operation 17781084 : EXECUTING
13:52:24 INFO  State of operation 17781084 : EXECUTING
13:52:26 INFO  State of operation 17781084 : EXECUTING
13:52:29 INFO  State of operation 17781084 : EXECUTING
13:52:31 INFO  State of operation 17781084 : EXECUTING
13:52:34 INFO  State of operation 17781084 : EXECUTING
13:52:36 INFO  State of operation 17781084 : EXECUTING
13:52:38 INFO  State of operation 17781084 : EXECUTING
13:52:41 INFO  State of operation 17781084 : EXECUTING
13:52:43 INFO  State of operation 17781084 : EXECUTING
13:52:45 INFO  State of operation 17781084 : SUCCESSFUL
13:52:45 INFO  Assert that (False == value) with value=False ... passed
13:52:46 INFO  Package asciijump is installed
13:52:46 INFO  Assert that (True == value) with value=True ... passed
13:52:46 INFO  Package squirrel3 is installed
13:52:46 INFO  Assert that (True == value) with value=True ... passed
13:52:46 INFO  Package robotfindskitten is installed
13:52:46 INFO  Assert that (True == value) with value=True ... passed
13:52:46 INFO  Response status: 201
13:52:46 INFO  Response to action: {
    "creationTime": "2022-04-27T13:52:46.775Z",
    "deviceName": "m32sd10d",
    "deviceId": "17770515",
    "self": "https://t493319102.eu-latest.cumulocity.com/devicecontrol/operations/17781096",
    "id": "17781096",
    "status": "PENDING",
    "description": "Apply software changes, triggered from PySys: [{'action': 'delete', 'id': '5475369', 'name': 'asciijump', 'url': ' ', 'version': '::apt'}, {'action': 'delete', 'id': '5474869', 'name': 'robotfindskitten', 'url': ' ', 'version': '::apt'}, {'action': 'delete', 'id': '5475279', 'name': 'squirrel3', 'url': ' ', 'version': '::apt'}]",
    "c8y_SoftwareUpdate": [
        {
            "name": "asciijump",
            "action": "delete",
            "id": "5475369",
            "version": "::apt",
            "url": " "
        },
        {
            "name": "robotfindskitten",
            "action": "delete",
            "id": "5474869",
            "version": "::apt",
            "url": " "
        },
        {
            "name": "squirrel3",
            "action": "delete",
            "id": "5475279",
            "version": "::apt",
            "url": " "
        }
    ]
}
13:52:46 INFO  Started operation: {'creationTime': '2022-04-27T13:52:46.775Z', 'deviceName': 'm32sd10d', 'deviceId': '17770515', 'self': 'https://t493319102.eu-latest.cumulocity.com/devicecontrol/operations/17781096', 'id': '17781096', 'status': 'PENDING', 'description': "Apply software changes, triggered from PySys: [{'action': 'delete', 'id': '5475369', 'name': 'asciijump', 'url': ' ', 'version': '::apt'}, {'action': 'delete', 'id': '5474869', 'name': 'robotfindskitten', 'url': ' ', 'version': '::apt'}, {'action': 'delete', 'id': '5475279', 'name': 'squirrel3', 'url': ' ', 'version': '::apt'}]", 'c8y_SoftwareUpdate': [{'name': 'asciijump', 'action': 'delete', 'id': '5475369', 'version': '::apt', 'url': ' '}, {'name': 'robotfindskitten', 'action': 'delete', 'id': '5474869', 'version': '::apt', 'url': ' '}, {'name': 'squirrel3', 'action': 'delete', 'id': '5475279', 'version': '::apt', 'url': ' '}]}
13:52:49 INFO  State of operation 17781096 : PENDING
13:52:51 INFO  State of operation 17781096 : EXECUTING
13:52:53 INFO  State of operation 17781096 : EXECUTING
13:52:55 INFO  State of operation 17781096 : EXECUTING
13:52:57 INFO  State of operation 17781096 : EXECUTING
13:53:00 INFO  State of operation 17781096 : EXECUTING
13:53:02 INFO  State of operation 17781096 : EXECUTING
13:53:05 INFO  State of operation 17781096 : EXECUTING
13:53:08 INFO  State of operation 17781096 : EXECUTING
13:53:10 INFO  State of operation 17781096 : EXECUTING
13:53:12 INFO  State of operation 17781096 : EXECUTING
13:53:14 INFO  State of operation 17781096 : EXECUTING
13:53:17 INFO  State of operation 17781096 : EXECUTING
13:53:19 INFO  State of operation 17781096 : EXECUTING
13:53:21 INFO  State of operation 17781096 : EXECUTING
13:53:23 INFO  State of operation 17781096 : EXECUTING
13:53:26 INFO  State of operation 17781096 : EXECUTING
13:53:29 INFO  State of operation 17781096 : EXECUTING
13:53:32 INFO  State of operation 17781096 : EXECUTING
13:53:34 INFO  State of operation 17781096 : EXECUTING
13:53:36 INFO  State of operation 17781096 : EXECUTING
13:53:39 INFO  State of operation 17781096 : EXECUTING
13:53:41 INFO  State of operation 17781096 : EXECUTING
13:53:43 INFO  State of operation 17781096 : EXECUTING
13:53:46 INFO  State of operation 17781096 : EXECUTING
13:53:48 INFO  State of operation 17781096 : EXECUTING
13:53:50 INFO  State of operation 17781096 : EXECUTING
13:53:52 INFO  State of operation 17781096 : SUCCESSFUL
13:53:53 INFO  Assert that (False == value) with value=False ... passed
13:53:53 INFO  Assert that (False == value) with value=False ... passed
13:53:53 INFO  Assert that (False == value) with value=False ... passed
13:53:53 INFO  Assert that (False == value) with value=False ... passed
13:53:53 INFO  
13:53:53 INFO  cleanup:
13:53:58 INFO  Executed sudo&lt;tedge_disconnect_c8y&gt;, exit status 0
13:53:58 INFO  Executed systemctl&lt;serv_mapper5&gt;, exit status 3
13:53:58 INFO  
13:53:58 INFO  Test duration: 179.17 secs
13:53:58 INFO  Test final outcome:  FAILED
13:53:58 INFO  Test outcome reason: Assert that (False == value) with value=True
13:53:58 INFO  
</system-out>
	</testcase>
<testcase classname="PySysTest" name="SoftwareManagement.sm_apt_install_remove_multiple">
		<failure message="BLOCKED: SystemError: Timeout while waiting for status FAILED or SUCCESSFUL" type="BLOCKED" />
		<system-out>14:27:12 INFO  ==============================================================
14:27:12 INFO  Id:    SoftwareManagement.sm_apt_install_remove_multiple
14:27:12 INFO  Dir:   software_management_end_to_end/
14:27:12 INFO  Title: Validate end to end behaviour for the apt plugin for multiple packages
14:27:12 INFO  ==============================================================
14:27:12 INFO  Using sw id database: {'asciijump': '5475369', 'robotfindskitten': '5474869', 'squirrel3': '5475279', 'rolldice': '5152439', 'moon-buggy': '5439204', 'apple': '5495053', 'banana': '5494888', 'cherry': '5495382', 'watermelon': '5494510', 'registry': '8018911', 'hello-world': '8021526', 'docker/getting-started': '8021973', 'alpine': '7991792'}
14:27:12 INFO  EnvironmentC8y Setup
14:27:13 INFO  Executed systemctl&lt;serv_mapper1&gt;, exit status 3
14:27:13 INFO  Restarting mosquitto too frequently in the last 10 seconds. It was only up for 5 seconds
14:27:13 INFO  Delaying execution by 6 seconds
14:27:33 INFO  Executed sudo&lt;tedge_connect_c8y&gt;, exit status 0, duration 13 secs
14:27:34 INFO  Executed sudo&lt;tedge_connect_c8y_test&gt;, exit status 0
14:27:34 INFO  Executed systemctl&lt;serv_mosq2&gt;, exit status 0
14:27:35 INFO  Executed systemctl&lt;serv_mapper3&gt;, exit status 0
14:27:37 INFO  State of current operation: PENDING
14:27:39 INFO  State of current operation: PENDING
14:27:41 INFO  State of current operation: PENDING
14:27:44 INFO  State of current operation: PENDING
14:27:46 INFO  State of current operation: PENDING
14:27:48 INFO  State of current operation: PENDING
14:27:50 INFO  State of current operation: PENDING
14:27:53 INFO  State of current operation: PENDING
14:27:55 INFO  State of current operation: PENDING
14:27:57 INFO  State of current operation: PENDING
14:27:59 INFO  State of current operation: PENDING
14:28:01 INFO  State of current operation: PENDING
14:28:04 INFO  State of current operation: PENDING
14:28:06 INFO  State of current operation: PENDING
14:28:08 INFO  State of current operation: PENDING
14:28:10 INFO  State of current operation: PENDING
14:28:13 INFO  State of current operation: PENDING
14:28:15 INFO  State of current operation: PENDING
14:28:17 INFO  State of current operation: PENDING
14:28:19 INFO  State of current operation: PENDING
14:28:21 INFO  State of current operation: PENDING
14:28:24 INFO  State of current operation: PENDING
14:28:26 INFO  State of current operation: PENDING
14:28:28 INFO  State of current operation: PENDING
14:28:30 INFO  State of current operation: PENDING
14:28:33 INFO  State of current operation: PENDING
14:28:35 INFO  State of current operation: PENDING
14:28:37 INFO  State of current operation: PENDING
14:28:39 INFO  State of current operation: PENDING
14:28:42 INFO  State of current operation: PENDING
14:28:44 INFO  State of current operation: PENDING
14:28:46 INFO  State of current operation: PENDING
14:28:48 INFO  State of current operation: PENDING
14:28:50 INFO  State of current operation: PENDING
14:28:53 INFO  State of current operation: PENDING
14:28:55 INFO  State of current operation: PENDING
14:28:57 INFO  State of current operation: PENDING
14:28:59 INFO  State of current operation: PENDING
14:29:02 INFO  State of current operation: PENDING
14:29:04 INFO  State of current operation: PENDING
14:29:06 INFO  State of current operation: PENDING
14:29:08 INFO  State of current operation: PENDING
14:29:10 INFO  State of current operation: PENDING
14:29:13 INFO  State of current operation: PENDING
14:29:15 INFO  State of current operation: PENDING
14:29:17 INFO  State of current operation: PENDING
[...]
13:08:42 INFO  Id:    monitoring_with_collectd
13:08:42 INFO  Dir:   monitoring/
13:08:42 INFO  Title: Validate tedge dm agent messages that are produced by batching the collectd messages
13:08:42 INFO  ==============================================================
13:08:42 INFO  Test execution disabled due to #792 (instable) ... skipped
13:08:42 INFO  
13:08:42 INFO  Test duration: 0.03 secs
13:08:42 INFO  Test final outcome:  SKIPPED
13:08:42 INFO  Test outcome reason: Test execution disabled due to #792 (instable)
13:08:42 INFO  
</system-out>
	</testcase>
</testsuite><testsuite name="monitoring_with_simulated_messages" tests="1" errors="0" failures="1" skipped="0" time="0"><testcase classname="MonitoringWithSimulatedMessages" name="monitoring_with_simulated_messages">
		<failure message="BLOCKED: TypeError: 'int' object is not subscriptable" type="BLOCKED" />
		<system-out>13:08:42 INFO  ==============================================================
13:08:42 INFO  Id:    monitoring_with_simulated_messages
13:08:42 INFO  Dir:   monitoring/
13:08:42 INFO  Title: Validate the tedge dm agent messages that are produced from the simulated collectd messages
13:08:42 INFO  ==============================================================
13:08:43 INFO  Executed sudo&lt;collectd&gt;, exit status 0
13:08:43 INFO  Executed sudo&lt;collectd_mapper&gt;, exit status 0
13:08:43 INFO  Started sudo&lt;tedge_sub&gt; with process id 2374
13:08:44 INFO  Executed sudo&lt;tedge_temp&gt;, exit status 0
13:08:44 INFO  Executed sudo&lt;tedge_pres&gt;, exit status 0
13:08:46 INFO  Executed sudo&lt;kill_out&gt;, exit status 0
13:08:46 INFO  0

13:08:46 WARN  TypeError occurred while running test - 'int' object is not subscriptable
Traceback (most recent call last):
  File "/home/pi/env-pysys/lib/python3.7/site-packages/pysys/baserunner.py", line 1296, in __call__
    self.testObj.validate()
  File "/home/pi/actions-runner/_work/thin-edge.io/thin-edge.io/tests/PySys/monitoring/monitoring_with_simulated_messages/run.py", line 98, in validate
    collectd_msg_validation_result=self.validate_json(),
  File "/home/pi/actions-runner/_work/thin-edge.io/thin-edge.io/tests/PySys/monitoring/monitoring_with_simulated_messages/run.py", line 108, in validate_json
    if not self.validate_time():
  File "/home/pi/actions-runner/_work/thin-edge.io/thin-edge.io/tests/PySys/monitoring/monitoring_with_simulated_messages/run.py", line 127, in validate_time
    if self.js_msg["time"]:
TypeError: 'int' object is not subscriptable
13:08:46 WARN  TypeError: 'int' object is not subscriptable ... blocked 
13:08:46 INFO  
13:08:46 INFO  cleanup:
13:08:46 INFO  monitoring_cleanup
13:08:46 INFO  Executed sudo&lt;collectd_mapper&gt;, exit status 0
13:08:46 INFO  
13:08:46 INFO  Test duration: 4.40 secs
13:08:46 INFO  Test final outcome:  BLOCKED
13:08:46 INFO  Test outcome reason: TypeError: 'int' object is not subscriptable
13:08:46 INFO  
</system-out>
	</testcase>
</testsuite><testsuite name="mqtt_port_change_connection_fails" tests="1" errors="0" failures="0" skipped="0" time="0"><testcase classname="MqttPortChangeConnectionFails" name="mqtt_port_change_connection_fails" />
</testsuite><testsuite name="mqtt_port_change_connection_works" tests="1" errors="0" failures="0" skipped="1" time="0"><testcase classname="MqttPortChangeConnectionWorks" name="mqtt_port_change_connection_works">
		<skipped message="SKIPPED: failing intermitently" />
		<system-out>13:07:12 INFO  ==============================================================
13:07:12 INFO  Id:    mqtt_port_change_connection_works
13:07:12 INFO  Dir:   misc_features/
13:07:12 INFO  Title: mqtt port change connection works for all the thin-edge services that use the mosquitto broker
13:07:12 INFO  ==============================================================
13:07:12 INFO  failing intermitently ... skipped
13:07:12 INFO  
13:07:12 INFO  Test duration: 0.03 secs
13:07:12 INFO  Test final outcome:  SKIPPED
13:07:12 INFO  Test outcome reason: failing intermitently
13:07:12 INFO  
</system-out>
	</testcase>
</testsuite><testsuite name="mqtt_port_set" tests="1" errors="0" failures="0" skipped="0" time="0"><testcase classname="MqttPortSet" name="mqtt_port_set" />
</testsuite><testsuite name="mqtt_port_unset" tests="1" errors="0" failures="0" skipped="0" time="0"><testcase classname="MqttPortUnSet" name="mqtt_port_unset" />
</testsuite><testsuite name="publish_flux" tests="1" errors="0" failures="0" skipped="0" time="0"><testcase classname="PublishFlux" name="publish_flux" />
</testsuite><testsuite name="publish_sawmill" tests="1" errors="0" failures="0" skipped="0" time="0"><testcase classname="PublishSawmill" name="publish_sawmill" />
</testsuite><testsuite name="runtime_start_two_mappers" tests="1" errors="0" failures="1" skipped="0" time="0"><testcase classname="RuntimeMultiMappers" name="runtime_start_two_mappers">
		<failure message="FAILED: Grep on tedge_mapper2.err contains &quot;Error: Couldn't acquire file lock.&quot;" type="FAILED" />
		<system-out>13:23:12 INFO  ==============================================================
13:23:12 INFO  Id:    runtime_start_two_mappers
13:23:12 INFO  Dir:   tedge_mapper_c8y/
13:23:12 INFO  Title: Validate two mappers can't be started at the same time
13:23:12 INFO  ==============================================================
13:23:13 INFO  Executed sudo&lt;tedge_mapper1&gt;, exit status 0
13:23:13 INFO  Waiting for 0.1 seconds
13:23:14 INFO  Executed sudo&lt;tedge_mapper2&gt;, exit status 1
13:23:14 INFO  Executed sudo&lt;tedge_mapper1&gt;, exit status 0
13:23:14 WARN  Grep on tedge_mapper2.err contains "Error: Couldn't acquire file lock." ... failed [run.py:46]
13:23:14 INFO  
13:23:14 INFO  Test duration: 1.86 secs
13:23:14 INFO  Test final outcome:  FAILED
13:23:14 INFO  Test outcome reason: Grep on tedge_mapper2.err contains "Error: Couldn't acquire file lock."
13:23:14 INFO  
</system-out>
	</testcase>
</testsuite><testsuite name="sm_tedge_mapper_init_session" tests="1" errors="0" failures="0" skipped="0" time="0"><testcase classname="TedgeSMMapperInitSession" name="sm_tedge_mapper_init_session" />
</testsuite><testsuite name="smoketest_json" tests="1" errors="0" failures="0" skipped="0" time="0"><testcase classname="SmokeTestJson" name="smoketest_json" />
</testsuite><testsuite name="smoketest_json_400_samples_10ms" tests="1" errors="0" failures="0" skipped="0" time="0"><testcase classname="SmoketestJson400Samples10ms" name="smoketest_json_400_samples_10ms" />
</testsuite><testsuite name="smoketest_json_400_samples_20ms" tests="1" errors="0" failures="0" skipped="0" time="0"><testcase classname="SmoketestJson400Samples20ms" name="smoketest_json_400_samples_20ms" />
</testsuite><testsuite name="smoketest_smartrest" tests="1" errors="0" failures="0" skipped="0" time="0"><testcase classname="SmoketestSmartRest" name="smoketest_smartrest" />
</testsuite><testsuite name="smoketest_smartrest_400_samples_1Xms" tests="1" errors="0" failures="1" skipped="0" time="0"><testcase classname="SmoketestSmartRest400Samples1Xms" name="smoketest_smartrest_400_samples_1Xms">
		<failure message="BLOCKED: python3&lt;stdout&gt; returned non-zero exit code 1" type="BLOCKED" />
		<system-out>13:14:53 INFO  ==============================================================
13:14:53 INFO  Id:    smoketest_smartrest_400_samples_1Xms
13:14:53 INFO  Dir:   smoketests/
13:14:53 INFO  Title: Smoketest Smart Rest 400 Samples 1Xms Delay
13:14:53 INFO  ==============================================================
13:14:53 INFO  EnvironmentC8y Setup
13:14:54 INFO  Executed systemctl&lt;serv_mapper1&gt;, exit status 3
13:14:54 INFO  Restarting mosquitto too frequently in the last 10 seconds. It was only up for 5 seconds
13:14:54 INFO  Delaying execution by 6 seconds
13:15:14 INFO  Executed sudo&lt;tedge_connect_c8y&gt;, exit status 0, duration 13 secs
13:15:14 INFO  Executed sudo&lt;tedge_connect_c8y_test&gt;, exit status 0
13:15:15 INFO  Executed systemctl&lt;serv_mosq2&gt;, exit status 0
13:15:15 INFO  Executed systemctl&lt;serv_mapper3&gt;, exit status 0
13:17:23 WARN  Executed python3&lt;stdout&gt;, exit status 1, duration 67 secs
13:17:23 INFO  Contents of stdout.out: 
     40    41    42    43    44    45    46    47    48    49    50    51    52    53    54    55    56    57    58    59
     60    61    62    63    64    65    66    67    68    69    70    71    72    73    74    75    76    77    78    79
     80    81    82    83    84    85    86    87    88    89    90    91    92    93    94    95    96    97    98    99
    100   101   102   103   104   105   106   107   108   109   110   111   112   113   114   115   116   117   118   119
    120   121   122   123   124   125   126   127   128   129   130   131   132   133   134   135   136   137   138   139
    140   141   142   143   144   145   146   147   148   149   150   151   152   153   154   155   156   157   158   159
    160   161   162   163   164   165   166   167   168   169   170   171   172   173   174   175   176   177   178   179
    180   181   182   183   184   185   186   187   188   189   190   191   192   193   194   195   196   197   198   199
    200   201   202   203   204   205   206   207   208   209   210   211   212   213   214   215   216   217   218   219
    220   221   222   223   224   225   226   227   228   229   230   231   232   233   234   235   236   237   238   239
    240   241   242   243   244   245   246   247   248   249   250   251   252   253   254   255   256   257   258   259
    260   261   262   263   264   265   266   267   268   269   270   271   272   273   274   275   276   277   278   279
    280   281   282   283   284   285   286   287   288   289   290   291   292   293   294   295   296   297   298   299
    300   301   302   303   304   305   306   307   308   309   310   311   312   313   314   315   316   317   318   319
    320   321   322   323   324   325   326   327   328   329   330   331   332   333   334   335   336   337   338   339
    340   341   342   343   344   345   346   347   348   349   350   351   352   353   354   355   356   357   358   359
    360   361   362   363   364   365   366   367   368   369   370   371   372   373   374   375   376   377   378   379
    380   381   382   383   384   385   386   387   388   389   390   391   392   393   394   395   396   397   398   399
  Expected:  0.0  ...  399.0
  Data verification FAILED
  -----

13:17:23 WARN  python3&lt;stdout&gt; returned non-zero exit code 1 ... blocked 
13:17:23 WARN  Aborted test due to BLOCKED outcome
13:17:23 INFO  
13:17:23 INFO  cleanup:
13:17:27 INFO  Executed sudo&lt;tedge_disconnect_c8y&gt;, exit status 0
13:17:27 INFO  Executed systemctl&lt;serv_mapper5&gt;, exit status 3
13:17:27 INFO  
13:17:27 INFO  Test duration: 154.14 secs
13:17:27 INFO  Test final outcome:  BLOCKED
13:17:27 INFO  Test outcome reason: python3&lt;stdout&gt; returned non-zero exit code 1
13:17:27 INFO  
</system-out>
	</testcase>
</testsuite><testsuite name="smoketest_smartrest_400_samples_20ms" tests="1" errors="0" failures="1" skipped="0" time="0"><testcase classname="SmoketestSmartRest400Samples20ms" name="smoketest_smartrest_400_samples_20ms">
		<failure message="BLOCKED: python3&lt;stdout&gt; returned non-zero exit code 1" type="BLOCKED" />
		<system-out>13:17:27 INFO  ==============================================================
13:17:27 INFO  Id:    smoketest_smartrest_400_samples_20ms
13:17:27 INFO  Dir:   smoketests/
13:17:27 INFO  Title: Smoketest SmartRest 400 Samples 20ms Delay
13:17:27 INFO  ==============================================================
13:17:27 INFO  EnvironmentC8y Setup
13:17:28 INFO  Executed systemctl&lt;serv_mapper1&gt;, exit status 3
13:17:28 INFO  Restarting mosquitto too frequently in the last 10 seconds. It was only up for 5 seconds
13:17:28 INFO  Delaying execution by 6 seconds
13:17:48 INFO  Executed sudo&lt;tedge_connect_c8y&gt;, exit status 0, duration 13 secs
13:17:49 INFO  Executed sudo&lt;tedge_connect_c8y_test&gt;, exit status 0
13:17:49 INFO  Executed systemctl&lt;serv_mosq2&gt;, exit status 0
13:17:50 INFO  Executed systemctl&lt;serv_mapper3&gt;, exit status 0
13:19:56 WARN  Executed python3&lt;stdout&gt;, exit status 1, duration 71 secs
13:19:56 INFO  Contents of stdout.out: 
  Found 319 recorded values:
  Retrieved values:
     81    82    83    84    85    86    87    88    89    90    91    92    93    94    95    96    97    98    99
    100   101   102   103   104   105   106   107   108   109   110   111   112   113   114   115   116   117   118   119
    120   121   122   123   124   125   126   127   128   129   130   131   132   133   134   135   136   137   138   139
    140   141   142   143   144   145   146   147   148   149   150   151   152   153   154   155   156   157   158   159
    160   161   162   163   164   165   166   167   168   169   170   171   172   173   174   175   176   177   178   179
    180   181   182   183   184   185   186   187   188   189   190   191   192   193   194   195   196   197   198   199
    200   201   202   203   204   205   206   207   208   209   210   211   212   213   214   215   216   217   218   219
    220   221   222   223   224   225   226   227   228   229   230   231   232   233   234   235   236   237   238   239
    240   241   242   243   244   245   246   247   248   249   250   251   252   253   254   255   256   257   258   259
    260   261   262   263   264   265   266   267   268   269   270   271   272   273   274   275   276   277   278   279
    280   281   282   283   284   285   286   287   288   289   290   291   292   293   294   295   296   297   298   299
    300   301   302   303   304   305   306   307   308   309   310   311   312   313   314   315   316   317   318   319
    320   321   322   323   324   325   326   327   328   329   330   331   332   333   334   335   336   337   338   339
    340   341   342   343   344   345   346   347   348   349   350   351   352   353   354   355   356   357   358   359
    360   361   362   363   364   365   366   367   368   369   370   371   372   373   374   375   376   377   378   379
    380   381   382   383   384   385   386   387   388   389   390   391   392   393   394   395   396   397   398   399
  Expected:  0.0  ...  399.0
  Data verification FAILED
  -----

13:19:56 WARN  python3&lt;stdout&gt; returned non-zero exit code 1 ... blocked 
13:19:56 WARN  Aborted test due to BLOCKED outcome
13:19:56 INFO  
13:19:56 INFO  cleanup:
13:20:00 INFO  Executed sudo&lt;tedge_disconnect_c8y&gt;, exit status 0
13:20:01 INFO  Executed systemctl&lt;serv_mapper5&gt;, exit status 3
13:20:01 INFO  
13:20:01 INFO  Test duration: 153.22 secs
13:20:01 INFO  Test final outcome:  BLOCKED
13:20:01 INFO  Test outcome reason: python3&lt;stdout&gt; returned non-zero exit code 1
13:20:01 INFO  
</system-out>
	</testcase>
</testsuite><testsuite name="tedge_agent_user_sudo_access" tests="1" errors="0" failures="0" skipped="1" time="0"><testcase classname="TedgeAgentUserSudoAccess" name="tedge_agent_user_sudo_access">
		<skipped message="SKIPPED: #955 Observation: Exit code of the apt plugin when called with no arguments" />
		<system-out>13:20:28 INFO  ==============================================================
13:20:28 INFO  Id:    tedge_agent_user_sudo_access
13:20:28 INFO  Dir:   tedge/
13:20:28 INFO  Title: Validate tedge-agent user has a limited sudo right
13:20:28 INFO  ==============================================================
13:20:28 INFO  #955 Observation: Exit code of the apt plugin when called with no arguments ... skipped
13:20:28 INFO  
13:20:28 INFO  Test duration: 0.02 secs
13:20:28 INFO  Test final outcome:  SKIPPED
13:20:28 INFO  Test outcome reason: #955 Observation: Exit code of the apt plugin when called with no arguments
13:20:28 INFO  
</system-out>
	</testcase>
</testsuite><testsuite name="tedge_connect_test_negative" tests="1" errors="0" failures="0" skipped="0" time="0"><testcase classname="TedgeConnectTestNegative" name="tedge_connect_test_negative" />
</testsuite><testsuite name="tedge_connect_test_positive" tests="1" errors="0" failures="0" skipped="0" time="0"><testcase classname="TedgeConnectTestPositive" name="tedge_connect_test_positive" />
</testsuite><testsuite name="tedge_connect_test_sm_services" tests="1" errors="0" failures="0" skipped="0" time="0"><testcase classname="TedgeConnectTestSMServices" name="tedge_connect_test_sm_services" />
</testsuite><testsuite name="tedge_disconnect_test_sm_services" tests="1" errors="0" failures="0" skipped="0" time="0"><testcase classname="TedgeDisConnectTestSMServices" name="tedge_disconnect_test_sm_services" />
</testsuite><testsuite name="tedge_mapper_az_negative" tests="1" errors="0" failures="0" skipped="0" time="0"><testcase classname="TedgeMapperAzError" name="tedge_mapper_az_negative" />
</testsuite><testsuite name="tedge_mapper_az_with_timestamp" tests="1" errors="0" failures="0" skipped="0" time="0"><testcase classname="TedgeMapperAzWithTimestamp" name="tedge_mapper_az_with_timestamp" />
</testsuite><testsuite name="tedge_mapper_az_without_timestamp" tests="1" errors="0" failures="0" skipped="0" time="0"><testcase classname="TedgeMapperAzWithoutTimestamp" name="tedge_mapper_az_without_timestamp" />
</testsuite><testsuite name="tedge_mapper_c8y_alarms" tests="1" errors="0" failures="0" skipped="0" time="0"><testcase classname="TedgeMapperC8yAlarm" name="tedge_mapper_c8y_alarms" />
</testsuite><testsuite name="tedge_mapper_c8y_child_device_measurement" tests="1" errors="0" failures="0" skipped="0" time="0"><testcase classname="TedgeMapperC8yChildDevice" name="tedge_mapper_c8y_child_device_measurement" />
</testsuite><testsuite name="tedge_mapper_c8y_packet_threshold_size" tests="1" errors="0" failures="1" skipped="0" time="0"><testcase classname="TedgeMapperC8yThresholdPacketSize" name="tedge_mapper_c8y_packet_threshold_size">
		<failure message="FAILED: Grep on tedge_sub.out contains &quot;The size of the message received on tedge/measurements is 20489 which is greater than the threshold size of 16184.&quot;" type="FAILED" />
		<system-out>13:24:49 INFO  ==============================================================
13:24:49 INFO  Id:    tedge_mapper_c8y_packet_threshold_size
13:24:49 INFO  Dir:   tedge_mapper_c8y/
13:24:49 INFO  Title: Validate the Cumulocity Mapper accepted threshold packet size when it receives a message on tedge/measurements
13:24:49 INFO  ==============================================================
13:24:49 INFO  Executed sudo&lt;tedge_mapper_c8y&gt;, exit status 0
13:24:49 INFO  Started sudo&lt;tedge_sub&gt; with process id 7985
13:24:50 INFO  Executed sudo&lt;tedge_msg&gt;, exit status 0
13:24:51 INFO  Executed sudo&lt;tedge_pub&gt;, exit status 0
13:24:51 INFO  Executed sudo&lt;kill_out&gt;, exit status 0
13:24:51 WARN  Grep on tedge_sub.out contains "The size of the message received on tedge/measurements is 20489 which is greater than the threshold size of 16184." ... failed [run.py:88]
13:24:51 INFO  
13:24:51 INFO  cleanup:
13:24:51 INFO  mapper_cleanup
13:24:52 INFO  Executed sudo&lt;tedge_mapper_c8y&gt;, exit status 0
13:24:52 INFO  
13:24:52 INFO  Test duration: 3.02 secs
13:24:52 INFO  Test final outcome:  FAILED
13:24:52 INFO  Test outcome reason: Grep on tedge_sub.out contains "The size of the message received on tedge/measurements is 20489 which is greater than the threshold size of 16184."
13:24:52 INFO  
</system-out>
	</testcase>
</testsuite><testsuite name="tedge_software_update" tests="1" errors="0" failures="0" skipped="0" time="0"><testcase classname="PySysTest" name="tedge_software_update" />
</testsuite><testsuite name="valid_device_id" tests="1" errors="0" failures="0" skipped="0" time="0"><testcase classname="ValidateValidDeviceId" name="valid_device_id" />
</testsuite></testsuites>