<?xml version='1.0' encoding='utf-8'?>
<testsuites tests="139" failures="16" errors="0" skipped="45" time="0.0"><testsuite name="SoftwareManagement.Plugin.apama_plugin_install" tests="3" errors="0" failures="0" skipped="1" time="0"><testcase classname="ApamaPluginInstallTest" name="SoftwareManagement.Plugin.apama_plugin_install">
		<skipped message="SKIPPED: Apama plugin tests are disabled by default. Execute `pysys run` with `-XmyPlatform=container` to run these tests" />
		<system-out>13:20:57 INFO  ==============================================================
13:20:57 INFO  Id:    SoftwareManagement.Plugin.apama_plugin_install
13:20:57 INFO  Dir:   plugin_apama/
13:20:57 INFO  Title: Validate apama plugin install
13:20:57 INFO  ==============================================================
13:20:57 INFO  Apama plugin tests are disabled by default. Execute `pysys run` with `-XmyPlatform=container` to run these tests ... skipped
13:20:57 WARN  Aborted test due to SKIPPED outcome
13:20:57 INFO  
13:20:57 INFO  Test duration: 0.05 secs
13:20:57 INFO  Test final outcome:  SKIPPED
13:20:57 INFO  Test outcome reason: Apama plugin tests are disabled by default. Execute `pysys run` with `-XmyPlatform=container` to run these tests
13:20:57 INFO  
</system-out>
	</testcase>
<testcase classname="ApamaPluginInstallTest" name="SoftwareManagement.Plugin.apama_plugin_install" />
<testcase classname="ApamaPluginInstallTest" name="SoftwareManagement.Plugin.apama_plugin_install" />
</testsuite><testsuite name="SoftwareManagement.Plugin.apama_plugin_mon_support" tests="3" errors="0" failures="0" skipped="1" time="0"><testcase classname="ApamaPluginMonSupportTest" name="SoftwareManagement.Plugin.apama_plugin_mon_support">
		<skipped message="SKIPPED: Apama plugin tests are disabled by default. Execute `pysys run` with `-XmyPlatform=container` to run these tests" />
		<system-out>13:20:57 INFO  ==============================================================
13:20:57 INFO  Id:    SoftwareManagement.Plugin.apama_plugin_mon_support
13:20:57 INFO  Dir:   plugin_apama/
13:20:57 INFO  Title: Validate mon file support of apama plugin
13:20:57 INFO  ==============================================================
13:20:57 INFO  Apama plugin tests are disabled by default. Execute `pysys run` with `-XmyPlatform=container` to run these tests ... skipped
13:20:57 WARN  Aborted test due to SKIPPED outcome
13:20:57 INFO  
13:20:57 INFO  Test duration: 0.02 secs
13:20:57 INFO  Test final outcome:  SKIPPED
13:20:57 INFO  Test outcome reason: Apama plugin tests are disabled by default. Execute `pysys run` with `-XmyPlatform=container` to run these tests
13:20:57 INFO  
</system-out>
	</testcase>
<testcase classname="ApamaPluginMonSupportTest" name="SoftwareManagement.Plugin.apama_plugin_mon_support" />
<testcase classname="ApamaPluginMonSupportTest" name="SoftwareManagement.Plugin.apama_plugin_mon_support" />
</testsuite><testsuite name="SoftwareManagement.Plugin.apama_plugin_remove" tests="3" errors="0" failures="0" skipped="1" time="0"><testcase classname="ApamaPluginRemoveTest" name="SoftwareManagement.Plugin.apama_plugin_remove">
		<skipped message="SKIPPED: Apama plugin tests are disabled by default. Execute `pysys run` with `-XmyPlatform=container` to run these tests" />
		<system-out>13:20:57 INFO  ==============================================================
13:20:57 INFO  Id:    SoftwareManagement.Plugin.apama_plugin_remove
13:20:57 INFO  Dir:   plugin_apama/
13:20:57 INFO  Title: Validate apama plugin remove
13:20:57 INFO  ==============================================================
13:20:57 INFO  Apama plugin tests are disabled by default. Execute `pysys run` with `-XmyPlatform=container` to run these tests ... skipped
13:20:57 WARN  Aborted test due to SKIPPED outcome
13:20:57 INFO  
13:20:57 INFO  Test duration: 0.02 secs
13:20:57 INFO  Test final outcome:  SKIPPED
13:20:57 INFO  Test outcome reason: Apama plugin tests are disabled by default. Execute `pysys run` with `-XmyPlatform=container` to run these tests
13:20:57 INFO  
</system-out>
	</testcase>
<testcase classname="ApamaPluginRemoveTest" name="SoftwareManagement.Plugin.apama_plugin_remove" />
<testcase classname="ApamaPluginRemoveTest" name="SoftwareManagement.Plugin.apama_plugin_remove" />
</testsuite><testsuite name="SoftwareManagement.Plugin.apama_plugin_update" tests="3" errors="0" failures="2" skipped="1" time="0"><testcase classname="ApamaPluginUpdateTest" name="SoftwareManagement.Plugin.apama_plugin_update">
		<skipped message="SKIPPED: Apama plugin tests are disabled by default. Execute `pysys run` with `-XmyPlatform=container` to run these tests" />
		<system-out>13:20:57 INFO  ==============================================================
13:20:57 INFO  Id:    SoftwareManagement.Plugin.apama_plugin_update
13:20:57 INFO  Dir:   plugin_apama/
13:20:57 INFO  Title: Validate apama plugin updating one project with another
13:20:57 INFO  ==============================================================
13:20:57 INFO  Apama plugin tests are disabled by default. Execute `pysys run` with `-XmyPlatform=container` to run these tests ... skipped
13:20:57 WARN  Aborted test due to SKIPPED outcome
13:20:57 INFO  
13:20:57 INFO  Test duration: 0.02 secs
13:20:57 INFO  Test final outcome:  SKIPPED
13:20:57 INFO  Test outcome reason: Apama plugin tests are disabled by default. Execute `pysys run` with `-XmyPlatform=container` to run these tests
13:20:57 INFO  
</system-out>
	</testcase>
<testcase classname="ApamaPluginUpdateTest" name="SoftwareManagement.Plugin.apama_plugin_update">
		<failure message="BLOCKED: sudo&lt;plugin_install&gt; returned non-zero exit code 2" type="BLOCKED" />
		<system-out>14:11:35 INFO  ==============================================================
14:11:35 INFO  Id:    SoftwareManagement.Plugin.apama_plugin_update
14:11:35 INFO  Dir:   plugin_apama/
14:11:35 INFO  Title: Validate apama plugin updating one project with another
14:11:35 INFO  ==============================================================
14:11:35 INFO  Assertion that path exists=False for "/etc/tedge/apama/project" ... passed
14:11:35 INFO  Executed sudo&lt;create_project_dir&gt;, exit status 0
14:11:36 INFO  Executed sudo&lt;unzip_apama_project&gt;, exit status 0
14:11:37 INFO  Executed sudo&lt;move_apama_project&gt;, exit status 0
14:11:37 INFO  Executed sudo&lt;restart_apama_service&gt;, exit status 0
14:11:38 INFO  Executed sudo&lt;apama_correlator_wait&gt;, exit status 0
14:11:38 INFO  Assertion that path exists=True for "/etc/tedge/apama/project" ... passed
14:11:39 INFO  Executed sudo&lt;apama_list_monitors&gt;, exit status 0
14:11:39 INFO  Grep on file /home/pi/actions-runner/_work/thin-edge.io/thin-edge.io/tests/PySys/plugin_apama/apama_plugin_update/Output/linux/apama_list_monitors.out ... passed
14:11:40 WARN  Executed sudo&lt;plugin_install&gt;, exit status 2
14:11:40 INFO  Contents of plugin_install.err: 
  ERROR: Directory not empty (os error 39)
  -----

14:11:40 WARN  sudo&lt;plugin_install&gt; returned non-zero exit code 2 ... blocked [run.py:35]
14:11:40 WARN  Aborted test due to BLOCKED outcome
14:11:40 INFO  
14:11:40 INFO  cleanup:
14:11:40 INFO  Removing apama project
14:11:55 INFO  Executed sudo&lt;stop_apama_service&gt;, exit status 0, duration 15 secs
14:11:56 INFO  Executed sudo&lt;remove_apama_project&gt;, exit status 0
14:11:56 INFO  Executed sudo&lt;remove_apama_tmp_dir&gt;, exit status 0
14:11:56 INFO  
14:11:56 INFO  Test duration: 21.37 secs
14:11:56 INFO  Test final outcome:  BLOCKED
14:11:56 INFO  Test outcome reason: sudo&lt;plugin_install&gt; returned non-zero exit code 2
14:11:56 INFO  
</system-out>
	</testcase>
<testcase classname="ApamaPluginUpdateTest" name="SoftwareManagement.Plugin.apama_plugin_update">
		<failure message="BLOCKED: sudo&lt;plugin_install&gt; returned non-zero exit code 2" type="BLOCKED" />
		<system-out>14:20:06 INFO  ==============================================================
14:20:06 INFO  Id:    SoftwareManagement.Plugin.apama_plugin_update
14:20:06 INFO  Dir:   plugin_apama/
14:20:06 INFO  Title: Validate apama plugin updating one project with another
14:20:06 INFO  ==============================================================
14:20:06 INFO  Assertion that path exists=False for "/etc/tedge/apama/project" ... passed
14:20:07 INFO  Executed sudo&lt;create_project_dir&gt;, exit status 0
14:20:07 INFO  Executed sudo&lt;unzip_apama_project&gt;, exit status 0
14:20:08 INFO  Executed sudo&lt;move_apama_project&gt;, exit status 0
14:20:09 INFO  Executed sudo&lt;restart_apama_service&gt;, exit status 0
14:20:09 INFO  Executed sudo&lt;apama_correlator_wait&gt;, exit status 0
14:20:09 INFO  Assertion that path exists=True for "/etc/tedge/apama/project" ... passed
14:20:10 INFO  Executed sudo&lt;apama_list_monitors&gt;, exit status 0
14:20:10 INFO  Grep on file /home/pi/actions-runner/_work/thin-edge.io/thin-edge.io/tests/PySys/plugin_apama/apama_plugin_update/Output/linux/apama_list_monitors.out ... passed
14:20:11 WARN  Executed sudo&lt;plugin_install&gt;, exit status 2
14:20:11 INFO  Contents of plugin_install.err: 
  ERROR: Directory not empty (os error 39)
  -----

14:20:11 WARN  sudo&lt;plugin_install&gt; returned non-zero exit code 2 ... blocked [run.py:35]
14:20:11 WARN  Aborted test due to BLOCKED outcome
14:20:11 INFO  
14:20:11 INFO  cleanup:
14:20:11 INFO  Removing apama project
14:20:26 INFO  Executed sudo&lt;stop_apama_service&gt;, exit status 0, duration 15 secs
14:20:27 INFO  Executed sudo&lt;remove_apama_project&gt;, exit status 0
14:20:27 INFO  Executed sudo&lt;remove_apama_tmp_dir&gt;, exit status 0
14:20:27 INFO  
14:20:27 INFO  Test duration: 21.21 secs
14:20:27 INFO  Test final outcome:  BLOCKED
14:20:27 INFO  Test outcome reason: sudo&lt;plugin_install&gt; returned non-zero exit code 2
14:20:27 INFO  
</system-out>
	</testcase>
</testsuite><testsuite name="SoftwareManagement.sm_apt_install_download_path" tests="3" errors="0" failures="2" skipped="1" time="0"><testcase classname="AptInstallWithDownloadPath" name="SoftwareManagement.sm_apt_install_download_path">
		<skipped message="SKIPPED: Testing the apt plugin is not supported on this platform.Use parameter -XmyPlatform='container' to enable it" />
		<system-out>13:30:31 INFO  ==============================================================
13:30:31 INFO  Id:    SoftwareManagement.sm_apt_install_download_path
13:30:31 INFO  Dir:   software_management_end_to_end/
13:30:31 INFO  Title: Install package to directory specified in tedge config set tmp.path
13:30:31 INFO  ==============================================================
13:30:31 INFO  Testing the apt plugin is not supported on this platform.Use parameter -XmyPlatform='container' to enable it ... skipped
13:30:31 WARN  Aborted test due to SKIPPED outcome
13:30:31 INFO  
13:30:31 INFO  Test duration: 0.06 secs
13:30:31 INFO  Test final outcome:  SKIPPED
13:30:31 INFO  Test outcome reason: Testing the apt plugin is not supported on this platform.Use parameter -XmyPlatform='container' to enable it
13:30:31 INFO  
</system-out>
	</testcase>
<testcase classname="AptInstallWithDownloadPath" name="SoftwareManagement.sm_apt_install_download_path">
		<failure message="BLOCKED: AssertionError:" type="BLOCKED" />
		<system-out>13:53:41 INFO  ==============================================================
13:53:41 INFO  Id:    SoftwareManagement.sm_apt_install_download_path
13:53:41 INFO  Dir:   software_management_end_to_end/
13:53:41 INFO  Title: Install package to directory specified in tedge config set tmp.path
13:53:41 INFO  ==============================================================
13:53:41 INFO  Using sw id database: {'asciijump': '5475369', 'robotfindskitten': '5474869', 'squirrel3': '5475279', 'rolldice': '5152439', 'moon-buggy': '5439204', 'apple': '5495053', 'banana': '5494888', 'cherry': '5495382', 'watermelon': '5494510', 'registry': '8018911', 'hello-world': '8021526', 'docker/getting-started': '8021973', 'alpine': '7991792'}
13:53:41 INFO  EnvironmentC8y Setup
13:53:42 INFO  Executed systemctl&lt;serv_mapper1&gt;, exit status 3
13:53:56 INFO  Executed sudo&lt;tedge_connect_c8y&gt;, exit status 0, duration 14 secs
13:53:58 INFO  Executed sudo&lt;tedge_connect_c8y_test&gt;, exit status 0
13:53:59 INFO  Executed systemctl&lt;serv_mosq2&gt;, exit status 0
13:53:59 INFO  Executed systemctl&lt;serv_mapper3&gt;, exit status 0
13:54:02 INFO  State of current operation: SUCCESSFUL
13:54:02 INFO  Assert that (False == value) with value=False ... passed
13:54:02 INFO  Executed sudo, exit status 0
13:54:03 INFO  Executed sudo, exit status 0
13:54:04 INFO  Executed sudo, exit status 0
13:54:08 INFO  Executed sudo&lt;tedge_disconnect_c8y&gt;, exit status 0
13:54:08 INFO  Restarting mosquitto too frequently in the last 10 seconds. It was only up for 4 seconds
13:54:08 INFO  Delaying execution by 7 seconds
13:54:28 INFO  Executed sudo&lt;tedge_connect_c8y&gt;, exit status 0, duration 13 secs
13:54:29 INFO  Response status: 201
13:54:29 INFO  Response to action: {
    "creationTime": "2022-07-21T13:54:29.152Z",
    "deviceId": "21121273",
    "deviceName": "m32sd10d",
    "self": "https://t493319102.eu-latest.cumulocity.com/devicecontrol/operations/21139771",
    "id": "21139771",
    "status": "PENDING",
    "description": "Apply software changes, triggered from PySys: [{'name': 'rolldice', 'id': '5152439', 'version': '::apt', 'url': 'https://thin-edge-io.eu-latest.cumulocity.com/inventory/binaries/12435463', 'action': 'install'}]",
    "c8y_SoftwareUpdate": [
        {
            "name": "rolldice",
            "action": "install",
            "id": "5152439",
            "version": "::apt",
            "url": "https://thin-edge-io.eu-latest.cumulocity.com/inventory/binaries/12435463"
        }
    ]
}
13:54:29 INFO  Started operation: {'creationTime': '2022-07-21T13:54:29.152Z', 'deviceId': '21121273', 'deviceName': 'm32sd10d', 'self': 'https://t493319102.eu-latest.cumulocity.com/devicecontrol/operations/21139771', 'id': '21139771', 'status': 'PENDING', 'description': "Apply software changes, triggered from PySys: [{'name': 'rolldice', 'id': '5152439', 'version': '::apt', 'url': 'https://thin-edge-io.eu-latest.cumulocity.com/inventory/binaries/12435463', 'action': 'install'}]", 'c8y_SoftwareUpdate': [{'name': 'rolldice', 'action': 'install', 'id': '5152439', 'version': '::apt', 'url': 'https://thin-edge-io.eu-latest.cumulocity.com/inventory/binaries/12435463'}]}
13:54:29 WARN  , retrying in 0.5 seconds...
13:54:29 WARN  , retrying in 0.5 seconds...
13:54:30 WARN  , retrying in 0.5 seconds...
13:54:30 WARN  , retrying in 0.5 seconds...
13:54:31 WARN  , retrying in 0.5 seconds...
13:54:31 WARN  , retrying in 0.5 seconds...
13:54:32 WARN  , retrying in 0.5 seconds...
13:54:32 WARN  , retrying in 0.5 seconds...
13:54:33 WARN  , retrying in 0.5 seconds...
13:54:33 WARN  AssertionError occurred while running test - 
Traceback (most recent call last):
  File "/home/pi/env-pysys/lib/python3.7/site-packages/pysys/baserunner.py", line 1294, in __call__
    self.testObj.execute()
  File "/home/pi/actions-runner/_work/thin-edge.io/thin-edge.io/tests/PySys/software_management_end_to_end/sm_apt_install_download_path/run.py", line 83, in execute
    assert_install_in_download_path(install_directory=self.DOWNLOAD_DIR)
  File "/home/pi/env-pysys/lib/python3.7/site-packages/decorator.py", line 232, in fun
    return caller(func, *(extras + args), **kw)
  File "/home/pi/env-pysys/lib/python3.7/site-packages/retry/api.py", line 74, in retry_decorator
    logger)
  File "/home/pi/env-pysys/lib/python3.7/site-packages/retry/api.py", line 33, in __retry_internal
    return f()
  File "/home/pi/actions-runner/_work/thin-edge.io/thin-edge.io/tests/PySys/software_management_end_to_end/sm_apt_install_download_path/run.py", line 28, in assert_install_in_download_path
    assert "rolldice" in os.listdir(f"{install_directory}")
AssertionError
13:54:34 WARN  AssertionError: ... blocked 
13:54:34 INFO  
13:54:34 INFO  cleanup:
13:54:34 INFO  Executed sudo, exit status 0
13:54:35 INFO  Executed sudo, exit status 0
13:54:39 INFO  Executed sudo&lt;tedge_disconnect_c8y&gt;, exit status 0
13:54:39 INFO  Restarting mosquitto too frequently in the last 10 seconds. It was only up for 3 seconds
13:54:39 INFO  Delaying execution by 8 seconds
13:55:01 INFO  Executed sudo&lt;tedge_connect_c8y&gt;, exit status 0, duration 14 secs
13:55:05 INFO  Executed sudo&lt;tedge_disconnect_c8y&gt;, exit status 0
13:55:06 INFO  Executed systemctl&lt;serv_mapper5&gt;, exit status 3
13:55:06 INFO  
13:55:06 INFO  Test duration: 85.35 secs
13:55:06 INFO  Test final outcome:  BLOCKED
13:55:06 INFO  Test outcome reason: AssertionError:
13:55:06 INFO  
</system-out>
	</testcase>
<testcase classname="AptInstallWithDownloadPath" name="SoftwareManagement.sm_apt_install_download_path">
		<failure message="BLOCKED: AssertionError:" type="BLOCKED" />
		<system-out>14:20:27 INFO  ==============================================================
14:20:27 INFO  Id:    SoftwareManagement.sm_apt_install_download_path
14:20:27 INFO  Dir:   software_management_end_to_end/
14:20:27 INFO  Title: Install package to directory specified in tedge config set tmp.path
14:20:27 INFO  ==============================================================
14:20:29 INFO  Using sw id database: {'asciijump': '5475369', 'robotfindskitten': '5474869', 'squirrel3': '5475279', 'rolldice': '5152439', 'moon-buggy': '5439204', 'apple': '5495053', 'banana': '5494888', 'cherry': '5495382', 'watermelon': '5494510', 'registry': '8018911', 'hello-world': '8021526', 'docker/getting-started': '8021973', 'alpine': '7991792'}
14:20:29 INFO  EnvironmentC8y Setup
14:20:29 INFO  Executed systemctl&lt;serv_mapper1&gt;, exit status 3
14:20:43 INFO  Executed sudo&lt;tedge_connect_c8y&gt;, exit status 0, duration 14 secs
14:20:44 INFO  Executed sudo&lt;tedge_connect_c8y_test&gt;, exit status 0
14:20:45 INFO  Executed systemctl&lt;serv_mosq2&gt;, exit status 0
14:20:45 INFO  Executed systemctl&lt;serv_mapper3&gt;, exit status 0
14:20:47 INFO  State of current operation: SUCCESSFUL
14:20:47 INFO  Assert that (False == value) with value=False ... passed
14:20:48 INFO  Executed sudo, exit status 0
14:20:48 INFO  Executed sudo, exit status 0
14:20:49 INFO  Executed sudo, exit status 0
14:20:53 INFO  Executed sudo&lt;tedge_disconnect_c8y&gt;, exit status 0
14:20:53 INFO  Restarting mosquitto too frequently in the last 10 seconds. It was only up for 3 seconds
14:20:53 INFO  Delaying execution by 8 seconds
14:21:15 INFO  Executed sudo&lt;tedge_connect_c8y&gt;, exit status 0, duration 13 secs
14:21:15 INFO  Response status: 201
14:21:15 INFO  Response to action: {
    "creationTime": "2022-07-21T14:21:15.537Z",
    "deviceId": "21121273",
    "deviceName": "m32sd10d",
    "self": "https://t493319102.eu-latest.cumulocity.com/devicecontrol/operations/21139926",
    "id": "21139926",
    "status": "PENDING",
    "description": "Apply software changes, triggered from PySys: [{'name': 'rolldice', 'id': '5152439', 'version': '::apt', 'url': 'https://thin-edge-io.eu-latest.cumulocity.com/inventory/binaries/12435463', 'action': 'install'}]",
    "c8y_SoftwareUpdate": [
        {
            "name": "rolldice",
            "action": "install",
            "id": "5152439",
            "version": "::apt",
            "url": "https://thin-edge-io.eu-latest.cumulocity.com/inventory/binaries/12435463"
        }
    ]
}
14:21:15 INFO  Started operation: {'creationTime': '2022-07-21T14:21:15.537Z', 'deviceId': '21121273', 'deviceName': 'm32sd10d', 'self': 'https://t493319102.eu-latest.cumulocity.com/devicecontrol/operations/21139926', 'id': '21139926', 'status': 'PENDING', 'description': "Apply software changes, triggered from PySys: [{'name': 'rolldice', 'id': '5152439', 'version': '::apt', 'url': 'https://thin-edge-io.eu-latest.cumulocity.com/inventory/binaries/12435463', 'action': 'install'}]", 'c8y_SoftwareUpdate': [{'name': 'rolldice', 'action': 'install', 'id': '5152439', 'version': '::apt', 'url': 'https://thin-edge-io.eu-latest.cumulocity.com/inventory/binaries/12435463'}]}
14:21:15 WARN  , retrying in 0.5 seconds...
14:21:16 WARN  , retrying in 0.5 seconds...
14:21:16 WARN  , retrying in 0.5 seconds...
14:21:17 WARN  , retrying in 0.5 seconds...
14:21:17 WARN  , retrying in 0.5 seconds...
14:21:18 WARN  , retrying in 0.5 seconds...
14:21:18 WARN  , retrying in 0.5 seconds...
14:21:19 WARN  , retrying in 0.5 seconds...
14:21:19 WARN  , retrying in 0.5 seconds...
14:21:20 WARN  AssertionError occurred while running test - 
Traceback (most recent call last):
  File "/home/pi/env-pysys/lib/python3.7/site-packages/pysys/baserunner.py", line 1294, in __call__
    self.testObj.execute()
  File "/home/pi/actions-runner/_work/thin-edge.io/thin-edge.io/tests/PySys/software_management_end_to_end/sm_apt_install_download_path/run.py", line 83, in execute
    assert_install_in_download_path(install_directory=self.DOWNLOAD_DIR)
  File "/home/pi/env-pysys/lib/python3.7/site-packages/decorator.py", line 232, in fun
    return caller(func, *(extras + args), **kw)
  File "/home/pi/env-pysys/lib/python3.7/site-packages/retry/api.py", line 74, in retry_decorator
    logger)
  File "/home/pi/env-pysys/lib/python3.7/site-packages/retry/api.py", line 33, in __retry_internal
    return f()
  File "/home/pi/actions-runner/_work/thin-edge.io/thin-edge.io/tests/PySys/software_management_end_to_end/sm_apt_install_download_path/run.py", line 28, in assert_install_in_download_path
    assert "rolldice" in os.listdir(f"{install_directory}")
AssertionError
14:21:20 WARN  AssertionError: ... blocked 
14:21:20 INFO  
14:21:20 INFO  cleanup:
14:21:20 INFO  Executed sudo, exit status 0
14:21:21 INFO  Executed sudo, exit status 0
14:21:25 INFO  Executed sudo&lt;tedge_disconnect_c8y&gt;, exit status 0
14:21:25 INFO  Restarting mosquitto too frequently in the last 10 seconds. It was only up for 3 seconds
14:21:25 INFO  Delaying execution by 8 seconds
14:21:47 INFO  Executed sudo&lt;tedge_connect_c8y&gt;, exit status 0, duration 13 secs
14:21:51 INFO  Executed sudo&lt;tedge_disconnect_c8y&gt;, exit status 0
14:21:52 INFO  Executed systemctl&lt;serv_mapper5&gt;, exit status 3
14:21:52 INFO  
14:21:52 INFO  Test duration: 84.50 secs
14:21:52 INFO  Test final outcome:  BLOCKED
14:21:52 INFO  Test outcome reason: AssertionError:
14:21:52 INFO  
</system-out>
	</testcase>
</testsuite><testsuite name="SoftwareManagement.sm_apt_install_fail" tests="3" errors="0" failures="0" skipped="1" time="0"><testcase classname="PySysTest" name="SoftwareManagement.sm_apt_install_fail">
		<skipped message="SKIPPED: Testing the apt plugin is not supported on this platform.Use parameter -XmyPlatform='container' to enable it" />
		<system-out>13:30:31 INFO  ==============================================================
13:30:31 INFO  Id:    SoftwareManagement.sm_apt_install_fail
13:30:31 INFO  Dir:   software_management_end_to_end/
13:30:31 INFO  Title: Validate end to end behaviour for a failing installation
13:30:31 INFO  ==============================================================
13:30:31 INFO  Testing the apt plugin is not supported on this platform.Use parameter -XmyPlatform='container' to enable it ... skipped
13:30:31 WARN  Aborted test due to SKIPPED outcome
13:30:31 INFO  
13:30:31 INFO  Test duration: 0.02 secs
13:30:31 INFO  Test final outcome:  SKIPPED
13:30:31 INFO  Test outcome reason: Testing the apt plugin is not supported on this platform.Use parameter -XmyPlatform='container' to enable it
13:30:31 INFO  
</system-out>
	</testcase>
<testcase classname="PySysTest" name="SoftwareManagement.sm_apt_install_fail" />
<testcase classname="PySysTest" name="SoftwareManagement.sm_apt_install_fail" />
</testsuite><testsuite name="SoftwareManagement.sm_apt_install_remove" tests="3" errors="0" failures="0" skipped="1" time="0"><testcase classname="PySysTest" name="SoftwareManagement.sm_apt_install_remove">
		<skipped message="SKIPPED: Testing the apt plugin is not supported on this platform.Use parameter -XmyPlatform='container' to enable it" />
		<system-out>13:30:31 INFO  ==============================================================
13:30:31 INFO  Id:    SoftwareManagement.sm_apt_install_remove
13:30:31 INFO  Dir:   software_management_end_to_end/
13:30:31 INFO  Title: Validate end to end behaviour for the apt plugin for installation and removal of packages
13:30:31 INFO  ==============================================================
13:30:31 INFO  Testing the apt plugin is not supported on this platform.Use parameter -XmyPlatform='container' to enable it ... skipped
13:30:31 WARN  Aborted test due to SKIPPED outcome
13:30:31 INFO  
13:30:31 INFO  Test duration: 0.02 secs
13:30:31 INFO  Test final outcome:  SKIPPED
13:30:31 INFO  Test outcome reason: Testing the apt plugin is not supported on this platform.Use parameter -XmyPlatform='container' to enable it
13:30:31 INFO  
</system-out>
	</testcase>
<testcase classname="PySysTest" name="SoftwareManagement.sm_apt_install_remove" />
<testcase classname="PySysTest" name="SoftwareManagement.sm_apt_install_remove" />
</testsuite><testsuite name="SoftwareManagement.sm_apt_install_remove_default" tests="3" errors="0" failures="0" skipped="1" time="0"><testcase classname="PySysTest" name="SoftwareManagement.sm_apt_install_remove_default">
		<skipped message="SKIPPED: Testing the apt plugin is not supported on this platform.Use parameter -XmyPlatform='container' to enable it" />
		<system-out>13:30:31 INFO  ==============================================================
13:30:31 INFO  Id:    SoftwareManagement.sm_apt_install_remove_default
13:30:31 INFO  Dir:   software_management_end_to_end/
13:30:31 INFO  Title: Validate end to end behaviour for the default plugin for installation and removal of packages
13:30:31 INFO  ==============================================================
13:30:31 INFO  Testing the apt plugin is not supported on this platform.Use parameter -XmyPlatform='container' to enable it ... skipped
13:30:31 WARN  Aborted test due to SKIPPED outcome
13:30:31 INFO  
13:30:31 INFO  Test duration: 0.02 secs
13:30:31 INFO  Test final outcome:  SKIPPED
13:30:31 INFO  Test outcome reason: Testing the apt plugin is not supported on this platform.Use parameter -XmyPlatform='container' to enable it
13:30:31 INFO  
</system-out>
	</testcase>
<testcase classname="PySysTest" name="SoftwareManagement.sm_apt_install_remove_default" />
<testcase classname="PySysTest" name="SoftwareManagement.sm_apt_install_remove_default" />
</testsuite><testsuite name="SoftwareManagement.sm_apt_install_remove_multiple" tests="3" errors="0" failures="2" skipped="1" time="0"><testcase classname="PySysTest" name="SoftwareManagement.sm_apt_install_remove_multiple">
		<skipped message="SKIPPED: Testing the apt plugin is not supported on this platform.Use parameter -XmyPlatform='container' to enable it" />
		<system-out>13:30:31 INFO  ==============================================================
13:30:31 INFO  Id:    SoftwareManagement.sm_apt_install_remove_multiple
13:30:31 INFO  Dir:   software_management_end_to_end/
13:30:31 INFO  Title: Validate end to end behaviour for the apt plugin for multiple packages
13:30:31 INFO  ==============================================================
13:30:31 INFO  Testing the apt plugin is not supported on this platform.Use parameter -XmyPlatform='container' to enable it ... skipped
13:30:31 WARN  Aborted test due to SKIPPED outcome
13:30:31 INFO  
13:30:31 INFO  Test duration: 0.02 secs
13:30:31 INFO  Test final outcome:  SKIPPED
13:30:31 INFO  Test outcome reason: Testing the apt plugin is not supported on this platform.Use parameter -XmyPlatform='container' to enable it
13:30:31 INFO  
</system-out>
	</testcase>
<testcase classname="PySysTest" name="SoftwareManagement.sm_apt_install_remove_multiple">
		<failure message="FAILED: Assert that (False == value) with value=True" type="FAILED" />
		<system-out>14:01:51 INFO  ==============================================================
14:01:51 INFO  Id:    SoftwareManagement.sm_apt_install_remove_multiple
14:01:51 INFO  Dir:   software_management_end_to_end/
14:01:51 INFO  Title: Validate end to end behaviour for the apt plugin for multiple packages
14:01:51 INFO  ==============================================================
14:01:51 INFO  Using sw id database: {'asciijump': '5475369', 'robotfindskitten': '5474869', 'squirrel3': '5475279', 'rolldice': '5152439', 'moon-buggy': '5439204', 'apple': '5495053', 'banana': '5494888', 'cherry': '5495382', 'watermelon': '5494510', 'registry': '8018911', 'hello-world': '8021526', 'docker/getting-started': '8021973', 'alpine': '7991792'}
14:01:51 INFO  EnvironmentC8y Setup
14:01:51 INFO  Executed systemctl&lt;serv_mapper1&gt;, exit status 3
14:01:51 INFO  Restarting mosquitto too frequently in the last 10 seconds. It was only up for 4 seconds
14:01:51 INFO  Delaying execution by 7 seconds
14:02:12 INFO  Executed sudo&lt;tedge_connect_c8y&gt;, exit status 0, duration 13 secs
14:02:13 INFO  Executed sudo&lt;tedge_connect_c8y_test&gt;, exit status 0
14:02:13 INFO  Executed systemctl&lt;serv_mosq2&gt;, exit status 0
14:02:14 INFO  Executed systemctl&lt;serv_mapper3&gt;, exit status 0
14:02:16 INFO  State of current operation: SUCCESSFUL
14:02:16 INFO  Assert that (False == value) with value=False ... passed
14:02:16 INFO  Assert that (False == value) with value=False ... passed
14:02:17 INFO  Assert that (False == value) with value=False ... passed
14:02:17 INFO  Package robotfindskitten is installed
14:02:17 WARN  Assert that (False == value) with value=True ... failed 
14:02:17 INFO  Response status: 201
14:02:17 INFO  Response to action: {
    "creationTime": "2022-07-21T14:02:17.516Z",
    "deviceId": "21121273",
    "deviceName": "m32sd10d",
    "self": "https://t493319102.eu-latest.cumulocity.com/devicecontrol/operations/21139832",
    "id": "21139832",
    "status": "PENDING",
    "description": "Apply software changes, triggered from PySys: [{'action': 'install', 'id': '5475369', 'name': 'asciijump', 'url': ' ', 'version': '::apt'}, {'action': 'install', 'id': '5474869', 'name': 'robotfindskitten', 'url': ' ', 'version': '::apt'}, {'action': 'install', 'id': '5475279', 'name': 'squirrel3', 'url': ' ', 'version': '::apt'}]",
    "c8y_SoftwareUpdate": [
        {
            "name": "asciijump",
            "action": "install",
            "id": "5475369",
            "version": "::apt",
            "url": " "
        },
        {
            "name": "robotfindskitten",
            "action": "install",
            "id": "5474869",
            "version": "::apt",
            "url": " "
        },
        {
            "name": "squirrel3",
            "action": "install",
            "id": "5475279",
            "version": "::apt",
            "url": " "
        }
    ]
}
14:02:17 INFO  Started operation: {'creationTime': '2022-07-21T14:02:17.516Z', 'deviceId': '21121273', 'deviceName': 'm32sd10d', 'self': 'https://t493319102.eu-latest.cumulocity.com/devicecontrol/operations/21139832', 'id': '21139832', 'status': 'PENDING', 'description': "Apply software changes, triggered from PySys: [{'action': 'install', 'id': '5475369', 'name': 'asciijump', 'url': ' ', 'version': '::apt'}, {'action': 'install', 'id': '5474869', 'name': 'robotfindskitten', 'url': ' ', 'version': '::apt'}, {'action': 'install', 'id': '5475279', 'name': 'squirrel3', 'url': ' ', 'version': '::apt'}]", 'c8y_SoftwareUpdate': [{'name': 'asciijump', 'action': 'install', 'id': '5475369', 'version': '::apt', 'url': ' '}, {'name': 'robotfindskitten', 'action': 'install', 'id': '5474869', 'version': '::apt', 'url': ' '}, {'name': 'squirrel3', 'action': 'install', 'id': '5475279', 'version': '::apt', 'url': ' '}]}
14:02:19 INFO  State of operation 21139832 : PENDING
14:02:22 INFO  State of operation 21139832 : EXECUTING
14:02:24 INFO  State of operation 21139832 : EXECUTING
14:02:26 INFO  State of operation 21139832 : EXECUTING
14:02:28 INFO  State of operation 21139832 : EXECUTING
14:02:30 INFO  State of operation 21139832 : EXECUTING
14:02:33 INFO  State of operation 21139832 : EXECUTING
14:02:36 INFO  State of operation 21139832 : EXECUTING
14:02:39 INFO  State of operation 21139832 : EXECUTING
14:02:41 INFO  State of operation 21139832 : EXECUTING
14:02:43 INFO  State of operation 21139832 : EXECUTING
14:02:45 INFO  State of operation 21139832 : EXECUTING
14:02:48 INFO  State of operation 21139832 : EXECUTING
14:02:50 INFO  State of operation 21139832 : EXECUTING
14:02:52 INFO  State of operation 21139832 : EXECUTING
14:02:54 INFO  State of operation 21139832 : EXECUTING
14:02:57 INFO  State of operation 21139832 : EXECUTING
14:02:59 INFO  State of operation 21139832 : EXECUTING
14:03:02 INFO  State of operation 21139832 : EXECUTING
14:03:04 INFO  State of operation 21139832 : EXECUTING
14:03:06 INFO  State of operation 21139832 : EXECUTING
14:03:09 INFO  State of operation 21139832 : EXECUTING
14:03:11 INFO  State of operation 21139832 : EXECUTING
14:03:14 INFO  State of operation 21139832 : EXECUTING
14:03:16 INFO  State of operation 21139832 : EXECUTING
14:03:19 INFO  State of operation 21139832 : EXECUTING
14:03:22 INFO  State of operation 21139832 : EXECUTING
14:03:24 INFO  State of operation 21139832 : EXECUTING
14:03:26 INFO  State of operation 21139832 : EXECUTING
14:03:29 INFO  State of operation 21139832 : EXECUTING
14:03:31 INFO  State of operation 21139832 : EXECUTING
14:03:33 INFO  State of operation 21139832 : EXECUTING
14:03:35 INFO  State of operation 21139832 : EXECUTING
14:03:37 INFO  State of operation 21139832 : SUCCESSFUL
14:03:38 INFO  Assert that (False == value) with value=False ... passed
14:03:38 INFO  Package asciijump is installed
14:03:38 INFO  Assert that (True == value) with value=True ... passed
14:03:38 INFO  Package squirrel3 is installed
14:03:38 INFO  Assert that (True == value) with value=True ... passed
14:03:38 INFO  Package robotfindskitten is installed
14:03:38 INFO  Assert that (True == value) with value=True ... passed
14:03:39 INFO  Response status: 201
14:03:39 INFO  Response to action: {
    "creationTime": "2022-07-21T14:03:39.017Z",
    "deviceId": "21121273",
    "deviceName": "m32sd10d",
    "self": "https://t493319102.eu-latest.cumulocity.com/devicecontrol/operations/21139838",
    "id": "21139838",
    "status": "PENDING",
    "description": "Apply software changes, triggered from PySys: [{'action': 'delete', 'id': '5475369', 'name': 'asciijump', 'url': ' ', 'version': '::apt'}, {'action': 'delete', 'id': '5474869', 'name': 'robotfindskitten', 'url': ' ', 'version': '::apt'}, {'action': 'delete', 'id': '5475279', 'name': 'squirrel3', 'url': ' ', 'version': '::apt'}]",
    "c8y_SoftwareUpdate": [
        {
            "name": "asciijump",
            "action": "delete",
            "id": "5475369",
            "version": "::apt",
            "url": " "
        },
        {
            "name": "robotfindskitten",
            "action": "delete",
            "id": "5474869",
            "version": "::apt",
            "url": " "
        },
        {
            "name": "squirrel3",
            "action": "delete",
            "id": "5475279",
            "version": "::apt",
            "url": " "
        }
    ]
}
14:03:39 INFO  Started operation: {'creationTime': '2022-07-21T14:03:39.017Z', 'deviceId': '21121273', 'deviceName': 'm32sd10d', 'self': 'https://t493319102.eu-latest.cumulocity.com/devicecontrol/operations/21139838', 'id': '21139838', 'status': 'PENDING', 'description': "Apply software changes, triggered from PySys: [{'action': 'delete', 'id': '5475369', 'name': 'asciijump', 'url': ' ', 'version': '::apt'}, {'action': 'delete', 'id': '5474869', 'name': 'robotfindskitten', 'url': ' ', 'version': '::apt'}, {'action': 'delete', 'id': '5475279', 'name': 'squirrel3', 'url': ' ', 'version': '::apt'}]", 'c8y_SoftwareUpdate': [{'name': 'asciijump', 'action': 'delete', 'id': '5475369', 'version': '::apt', 'url': ' '}, {'name': 'robotfindskitten', 'action': 'delete', 'id': '5474869', 'version': '::apt', 'url': ' '}, {'name': 'squirrel3', 'action': 'delete', 'id': '5475279', 'version': '::apt', 'url': ' '}]}
14:03:41 INFO  State of operation 21139838 : PENDING
14:03:43 INFO  State of operation 21139838 : EXECUTING
14:03:45 INFO  State of operation 21139838 : EXECUTING
14:03:47 INFO  State of operation 21139838 : EXECUTING
14:03:50 INFO  State of operation 21139838 : EXECUTING
14:03:52 INFO  State of operation 21139838 : EXECUTING
14:03:55 INFO  State of operation 21139838 : EXECUTING
14:03:58 INFO  State of operation 21139838 : EXECUTING
14:04:00 INFO  State of operation 21139838 : EXECUTING
14:04:02 INFO  State of operation 21139838 : EXECUTING
14:04:04 INFO  State of operation 21139838 : EXECUTING
14:04:07 INFO  State of operation 21139838 : EXECUTING
14:04:09 INFO  State of operation 21139838 : EXECUTING
14:04:11 INFO  State of operation 21139838 : EXECUTING
14:04:13 INFO  State of operation 21139838 : EXECUTING
14:04:16 INFO  State of operation 21139838 : EXECUTING
14:04:18 INFO  State of operation 21139838 : EXECUTING
14:04:21 INFO  State of operation 21139838 : EXECUTING
14:04:23 INFO  State of operation 21139838 : EXECUTING
14:04:26 INFO  State of operation 21139838 : EXECUTING
14:04:28 INFO  State of operation 21139838 : EXECUTING
14:04:30 INFO  State of operation 21139838 : EXECUTING
14:04:32 INFO  State of operation 21139838 : EXECUTING
14:04:35 INFO  State of operation 21139838 : EXECUTING
14:04:37 INFO  State of operation 21139838 : EXECUTING
14:04:40 INFO  State of operation 21139838 : EXECUTING
14:04:42 INFO  State of operation 21139838 : EXECUTING
14:04:44 INFO  State of operation 21139838 : SUCCESSFUL
14:04:44 INFO  Assert that (False == value) with value=False ... passed
14:04:45 INFO  Assert that (False == value) with value=False ... passed
14:04:45 INFO  Assert that (False == value) with value=False ... passed
14:04:45 INFO  Assert that (False == value) with value=False ... passed
14:04:45 INFO  
14:04:45 INFO  cleanup:
14:04:49 INFO  Executed sudo&lt;tedge_disconnect_c8y&gt;, exit status 0
14:04:50 INFO  Executed systemctl&lt;serv_mapper5&gt;, exit status 3
14:04:50 INFO  
14:04:50 INFO  Test duration: 179.30 secs
14:04:50 INFO  Test final outcome:  FAILED
14:04:50 INFO  Test outcome reason: Assert that (False == value) with value=True
14:04:50 INFO  
</system-out>
	</testcase>
<testcase classname="PySysTest" name="SoftwareManagement.sm_apt_install_remove_multiple">
		<failure message="FAILED: Assert that (False == value) with value=True (+2 other failures)" type="FAILED" />
		<system-out>14:28:17 INFO  ==============================================================
14:28:17 INFO  Id:    SoftwareManagement.sm_apt_install_remove_multiple
14:28:17 INFO  Dir:   software_management_end_to_end/
14:28:17 INFO  Title: Validate end to end behaviour for the apt plugin for multiple packages
14:28:17 INFO  ==============================================================
14:28:17 INFO  Using sw id database: {'asciijump': '5475369', 'robotfindskitten': '5474869', 'squirrel3': '5475279', 'rolldice': '5152439', 'moon-buggy': '5439204', 'apple': '5495053', 'banana': '5494888', 'cherry': '5495382', 'watermelon': '5494510', 'registry': '8018911', 'hello-world': '8021526', 'docker/getting-started': '8021973', 'alpine': '7991792'}
14:28:17 INFO  EnvironmentC8y Setup
14:28:18 INFO  Executed systemctl&lt;serv_mapper1&gt;, exit status 3
14:28:18 INFO  Restarting mosquitto too frequently in the last 10 seconds. It was only up for 5 seconds
14:28:18 INFO  Delaying execution by 6 seconds
14:28:38 INFO  Executed sudo&lt;tedge_connect_c8y&gt;, exit status 0, duration 14 secs
14:28:38 INFO  Executed sudo&lt;tedge_connect_c8y_test&gt;, exit status 0
14:28:39 INFO  Executed systemctl&lt;serv_mosq2&gt;, exit status 0
14:28:39 INFO  Executed systemctl&lt;serv_mapper3&gt;, exit status 0
14:28:42 INFO  State of current operation: SUCCESSFUL
14:28:42 INFO  Assert that (False == value) with value=False ... passed
14:28:42 INFO  Package asciijump is installed
14:28:42 WARN  Assert that (False == value) with value=True ... failed 
14:28:43 INFO  Package squirrel3 is installed
14:28:43 WARN  Assert that (False == value) with value=True ... failed 
14:28:43 INFO  Package robotfindskitten is installed
14:28:43 WARN  Assert that (False == value) with value=True ... failed 
14:28:43 INFO  Response status: 201
14:28:43 INFO  Response to action: {
    "creationTime": "2022-07-21T14:28:43.597Z",
    "deviceId": "21121273",
    "deviceName": "m32sd10d",
    "self": "https://t493319102.eu-latest.cumulocity.com/devicecontrol/operations/21139989",
    "id": "21139989",
    "status": "PENDING",
    "description": "Apply software changes, triggered from PySys: [{'action': 'install', 'id': '5475369', 'name': 'asciijump', 'url': ' ', 'version': '::apt'}, {'action': 'install', 'id': '5474869', 'name': 'robotfindskitten', 'url': ' ', 'version': '::apt'}, {'action': 'install', 'id': '5475279', 'name': 'squirrel3', 'url': ' ', 'version': '::apt'}]",
    "c8y_SoftwareUpdate": [
        {
            "name": "asciijump",
            "action": "install",
            "id": "5475369",
            "version": "::apt",
            "url": " "
        },
        {
            "name": "robotfindskitten",
            "action": "install",
            "id": "5474869",
            "version": "::apt",
            "url": " "
        },
        {
            "name": "squirrel3",
            "action": "install",
            "id": "5475279",
            "version": "::apt",
            "url": " "
        }
    ]
}
14:28:43 INFO  Started operation: {'creationTime': '2022-07-21T14:28:43.597Z', 'deviceId': '21121273', 'deviceName': 'm32sd10d', 'self': 'https://t493319102.eu-latest.cumulocity.com/devicecontrol/operations/21139989', 'id': '21139989', 'status': 'PENDING', 'description': "Apply software changes, triggered from PySys: [{'action': 'install', 'id': '5475369', 'name': 'asciijump', 'url': ' ', 'version': '::apt'}, {'action': 'install', 'id': '5474869', 'name': 'robotfindskitten', 'url': ' ', 'version': '::apt'}, {'action': 'install', 'id': '5475279', 'name': 'squirrel3', 'url': ' ', 'version': '::apt'}]", 'c8y_SoftwareUpdate': [{'name': 'asciijump', 'action': 'install', 'id': '5475369', 'version': '::apt', 'url': ' '}, {'name': 'robotfindskitten', 'action': 'install', 'id': '5474869', 'version': '::apt', 'url': ' '}, {'name': 'squirrel3', 'action': 'install', 'id': '5475279', 'version': '::apt', 'url': ' '}]}
14:28:45 INFO  State of operation 21139989 : PENDING
14:28:48 INFO  State of operation 21139989 : EXECUTING
14:28:50 INFO  State of operation 21139989 : EXECUTING
14:28:52 INFO  State of operation 21139989 : EXECUTING
14:28:54 INFO  State of operation 21139989 : EXECUTING
14:28:56 INFO  State of operation 21139989 : EXECUTING
14:28:59 INFO  State of operation 21139989 : EXECUTING
14:29:02 INFO  State of operation 21139989 : EXECUTING
14:29:04 INFO  State of operation 21139989 : EXECUTING
14:29:06 INFO  State of operation 21139989 : EXECUTING
14:29:09 INFO  State of operation 21139989 : EXECUTING
14:29:11 INFO  State of operation 21139989 : EXECUTING
14:29:13 INFO  State of operation 21139989 : EXECUTING
14:29:15 INFO  State of operation 21139989 : EXECUTING
14:29:18 INFO  State of operation 21139989 : EXECUTING
14:29:20 INFO  State of operation 21139989 : SUCCESSFUL
14:29:20 INFO  Assert that (False == value) with value=False ... passed
14:29:20 INFO  Package asciijump is installed
14:29:20 INFO  Assert that (True == value) with value=True ... passed
14:29:20 INFO  Package squirrel3 is installed
14:29:20 INFO  Assert that (True == value) with value=True ... passed
14:29:21 INFO  Package robotfindskitten is installed
14:29:21 INFO  Assert that (True == value) with value=True ... passed
14:29:21 INFO  Response status: 201
14:29:21 INFO  Response to action: {
    "creationTime": "2022-07-21T14:29:21.372Z",
    "deviceId": "21121273",
    "deviceName": "m32sd10d",
    "self": "https://t493319102.eu-latest.cumulocity.com/devicecontrol/operations/21139997",
    "id": "21139997",
    "status": "PENDING",
    "description": "Apply software changes, triggered from PySys: [{'action': 'delete', 'id': '5475369', 'name': 'asciijump', 'url': ' ', 'version': '::apt'}, {'action': 'delete', 'id': '5474869', 'name': 'robotfindskitten', 'url': ' ', 'version': '::apt'}, {'action': 'delete', 'id': '5475279', 'name': 'squirrel3', 'url': ' ', 'version': '::apt'}]",
    "c8y_SoftwareUpdate": [
        {
            "name": "asciijump",
            "action": "delete",
            "id": "5475369",
            "version": "::apt",
            "url": " "
        },
        {
            "name": "robotfindskitten",
            "action": "delete",
            "id": "5474869",
            "version": "::apt",
            "url": " "
        },
        {
            "name": "squirrel3",
            "action": "delete",
            "id": "5475279",
            "version": "::apt",
            "url": " "
        }
    ]
}
14:29:21 INFO  Started operation: {'creationTime': '2022-07-21T14:29:21.372Z', 'deviceId': '21121273', 'deviceName': 'm32sd10d', 'self': 'https://t493319102.eu-latest.cumulocity.com/devicecontrol/operations/21139997', 'id': '21139997', 'status': 'PENDING', 'description': "Apply software changes, triggered from PySys: [{'action': 'delete', 'id': '5475369', 'name': 'asciijump', 'url': ' ', 'version': '::apt'}, {'action': 'delete', 'id': '5474869', 'name': 'robotfindskitten', 'url': ' ', 'version': '::apt'}, {'action': 'delete', 'id': '5475279', 'name': 'squirrel3', 'url': ' ', 'version': '::apt'}]", 'c8y_SoftwareUpdate': [{'name': 'asciijump', 'action': 'delete', 'id': '5475369', 'version': '::apt', 'url': ' '}, {'name': 'robotfindskitten', 'action': 'delete', 'id': '5474869', 'version': '::apt', 'url': ' '}, {'name': 'squirrel3', 'action': 'delete', 'id': '5475279', 'version': '::apt', 'url': ' '}]}
14:29:23 INFO  State of operation 21139997 : PENDING
14:29:25 INFO  State of operation 21139997 : EXECUTING
14:29:28 INFO  State of operation 21139997 : EXECUTING
14:29:30 INFO  State of operation 21139997 : EXECUTING
14:29:32 INFO  State of operation 21139997 : EXECUTING
14:29:34 INFO  State of operation 21139997 : EXECUTING
14:29:37 INFO  State of operation 21139997 : EXECUTING
14:29:40 INFO  State of operation 21139997 : EXECUTING
14:29:42 INFO  State of operation 21139997 : EXECUTING
14:29:45 INFO  State of operation 21139997 : EXECUTING
14:29:47 INFO  State of operation 21139997 : EXECUTING
14:29:49 INFO  State of operation 21139997 : EXECUTING
14:29:51 INFO  State of operation 21139997 : EXECUTING
14:29:54 INFO  State of operation 21139997 : EXECUTING
14:29:56 INFO  State of operation 21139997 : EXECUTING
14:29:58 INFO  State of operation 21139997 : EXECUTING
14:30:01 INFO  State of operation 21139997 : EXECUTING
14:30:03 INFO  State of operation 21139997 : EXECUTING
14:30:06 INFO  State of operation 21139997 : EXECUTING
14:30:08 INFO  State of operation 21139997 : EXECUTING
14:30:10 INFO  State of operation 21139997 : EXECUTING
14:30:13 INFO  State of operation 21139997 : EXECUTING
14:30:15 INFO  State of operation 21139997 : EXECUTING
14:30:17 INFO  State of operation 21139997 : EXECUTING
14:30:20 INFO  State of operation 21139997 : EXECUTING
14:30:22 INFO  State of operation 21139997 : EXECUTING
14:30:25 INFO  State of operation 21139997 : EXECUTING
14:30:27 INFO  State of operation 21139997 : EXECUTING
14:30:29 INFO  State of operation 21139997 : SUCCESSFUL
14:30:29 INFO  Assert that (False == value) with value=False ... passed
14:30:30 INFO  Assert that (False == value) with value=False ... passed
14:30:30 INFO  Assert that (False == value) with value=False ... passed
14:30:30 INFO  Assert that (False == value) with value=False ... passed
14:30:30 INFO  
14:30:30 INFO  cleanup:
14:30:34 INFO  Executed sudo&lt;tedge_disconnect_c8y&gt;, exit status 0
14:30:35 INFO  Executed systemctl&lt;serv_mapper5&gt;, exit status 3
14:30:35 INFO  
14:30:35 INFO  Test duration: 137.68 secs
14:30:35 INFO  Test final outcome:  FAILED
14:30:35 INFO  Test outcome reason: Assert that (False == value) with value=True (+2 other failures)
14:30:35 INFO  
</system-out>
	</testcase>
</testsuite><testsuite name="SoftwareManagement.sm_apt_install_remove_multiple_mixed" tests="3" errors="0" failures="2" skipped="1" time="0"><testcase classname="PySysTest" name="SoftwareManagement.sm_apt_install_remove_multiple_mixed">
		<skipped message="SKIPPED: Testing the apt plugin is not supported on this platform.Use parameter -XmyPlatform='container' to enable it" />
		<system-out>13:30:31 INFO  ==============================================================
13:30:31 INFO  Id:    SoftwareManagement.sm_apt_install_remove_multiple_mixed
13:30:31 INFO  Dir:   software_management_end_to_end/
13:30:31 INFO  Title: Validate end to end behaviour for the apt plugin for multiple packages with mixed versions
13:30:31 INFO  ==============================================================
13:30:31 INFO  Testing the apt plugin is not supported on this platform.Use parameter -XmyPlatform='container' to enable it ... skipped
13:30:31 WARN  Aborted test due to SKIPPED outcome
13:30:31 INFO  
13:30:31 INFO  Test duration: 0.02 secs
13:30:31 INFO  Test final outcome:  SKIPPED
13:30:31 INFO  Test outcome reason: Testing the apt plugin is not supported on this platform.Use parameter -XmyPlatform='container' to enable it
13:30:31 INFO  
</system-out>
	</testcase>
<testcase classname="PySysTest" name="SoftwareManagement.sm_apt_install_remove_multiple_mixed">
		<failure message="BLOCKED: SystemError: Timeout while waiting for status SUCCESSFUL or False" type="BLOCKED" />
		<system-out>14:04:50 INFO  ==============================================================
14:04:50 INFO  Id:    SoftwareManagement.sm_apt_install_remove_multiple_mixed
14:04:50 INFO  Dir:   software_management_end_to_end/
14:04:50 INFO  Title: Validate end to end behaviour for the apt plugin for multiple packages with mixed versions
14:04:50 INFO  ==============================================================
14:04:50 INFO  Using sw id database: {'asciijump': '5475369', 'robotfindskitten': '5474869', 'squirrel3': '5475279', 'rolldice': '5152439', 'moon-buggy': '5439204', 'apple': '5495053', 'banana': '5494888', 'cherry': '5495382', 'watermelon': '5494510', 'registry': '8018911', 'hello-world': '8021526', 'docker/getting-started': '8021973', 'alpine': '7991792'}
14:04:50 INFO  EnvironmentC8y Setup
14:04:50 INFO  Executed systemctl&lt;serv_mapper1&gt;, exit status 3
14:04:51 INFO  Restarting mosquitto too frequently in the last 10 seconds. It was only up for 5 seconds
14:04:51 INFO  Delaying execution by 6 seconds
14:05:10 INFO  Executed sudo&lt;tedge_connect_c8y&gt;, exit status 0, duration 13 secs
14:05:11 INFO  Executed sudo&lt;tedge_connect_c8y_test&gt;, exit status 0
14:05:11 INFO  Executed systemctl&lt;serv_mosq2&gt;, exit status 0
14:05:12 INFO  Executed systemctl&lt;serv_mapper3&gt;, exit status 0
14:05:14 INFO  State of current operation: SUCCESSFUL
14:05:14 INFO  Assert that (False == value) with value=False ... passed
14:05:15 INFO  Assert that (False == value) with value=False ... passed
14:05:15 INFO  Assert that (False == value) with value=False ... passed
14:05:15 INFO  Assert that (False == value) with value=False ... passed
14:05:15 INFO  Assert that (False == value) with value=False ... passed
14:05:16 INFO  Response status: 201
14:05:16 INFO  Response to action: {
    "creationTime": "2022-07-21T14:05:16.936Z",
    "deviceId": "21121273",
    "deviceName": "m32sd10d",
    "self": "https://t493319102.eu-latest.cumulocity.com/devicecontrol/operations/21139846",
    "id": "21139846",
    "status": "PENDING",
    "description": "Apply software changes, triggered from PySys: [{'action': 'install', 'id': '5475369', 'name': 'asciijump', 'url': ' ', 'version': '::apt'}, {'action': 'install', 'id': '5474869', 'name': 'robotfindskitten', 'url': ' ', 'version': ' '}, {'action': 'install', 'id': '5475279', 'name': 'squirrel3', 'url': ' ', 'version': '3.1-7::apt'}, {'action': 'install', 'id': '5152439', 'name': 'rolldice', 'url': ' ', 'version': '1.16-1+b1'}, {'action': 'install', 'id': '5439204', 'name': 'moon-buggy', 'url': ' ', 'version': '1:1.0.51-12'}, {'action': 'install', 'id': '5475369', 'name': 'asciijump', 'url': ' ', 'version': '::apt'}]",
    "c8y_SoftwareUpdate": [
        {
            "name": "asciijump",
            "action": "install",
            "id": "5475369",
            "version": "::apt",
            "url": " "
        },
        {
            "name": "robotfindskitten",
            "action": "install",
            "id": "5474869",
            "version": " ",
            "url": " "
        },
        {
            "name": "squirrel3",
            "action": "install",
            "id": "5475279",
            "version": "3.1-7::apt",
            "url": " "
        },
        {
            "name": "rolldice",
            "action": "install",
            "id": "5152439",
            "version": "1.16-1+b1",
            "url": " "
        },
        {
            "name": "moon-buggy",
            "action": "install",
            "id": "5439204",
            "version": "1:1.0.51-12",
            "url": " "
        },
        {
            "name": "asciijump",
            "action": "install",
            "id": "5475369",
            "version": "::apt",
            "url": " "
        }
    ]
}
14:05:16 INFO  Started operation: {'creationTime': '2022-07-21T14:05:16.936Z', 'deviceId': '21121273', 'deviceName': 'm32sd10d', 'self': 'https://t493319102.eu-latest.cumulocity.com/devicecontrol/operations/21139846', 'id': '21139846', 'status': 'PENDING', 'description': "Apply software changes, triggered from PySys: [{'action': 'install', 'id': '5475369', 'name': 'asciijump', 'url': ' ', 'version': '::apt'}, {'action': 'install', 'id': '5474869', 'name': 'robotfindskitten', 'url': ' ', 'version': ' '}, {'action': 'install', 'id': '5475279', 'name': 'squirrel3', 'url': ' ', 'version': '3.1-7::apt'}, {'action': 'install', 'id': '5152439', 'name': 'rolldice', 'url': ' ', 'version': '1.16-1+b1'}, {'action': 'install', 'id': '5439204', 'name': 'moon-buggy', 'url': ' ', 'version': '1:1.0.51-12'}, {'action': 'install', 'id': '5475369', 'name': 'asciijump', 'url': ' ', 'version': '::apt'}]", 'c8y_SoftwareUpdate': [{'name': 'asciijump', 'action': 'install', 'id': '5475369', 'version': '::apt', 'url': ' '}, {'name': 'robotfindskitten', 'action': 'install', 'id': '5474869', 'version': ' ', 'url': ' '}, {'name': 'squirrel3', 'action': 'install', 'id': '5475279', 'version': '3.1-7::apt', 'url': ' '}, {'name': 'rolldice', 'action': 'install', 'id': '5152439', 'version': '1.16-1+b1', 'url': ' '}, {'name': 'moon-buggy', 'action': 'install', 'id': '5439204', 'version': '1:1.0.51-12', 'url': ' '}, {'name': 'asciijump', 'action': 'install', 'id': '5475369', 'version': '::apt', 'url': ' '}]}
14:05:19 INFO  State of operation 21139846 : PENDING
14:05:21 INFO  State of operation 21139846 : EXECUTING
14:05:23 INFO  State of operation 21139846 : EXECUTING
14:05:25 INFO  State of operation 21139846 : EXECUTING
14:05:28 INFO  State of operation 21139846 : EXECUTING
14:05:30 INFO  State of operation 21139846 : EXECUTING
14:05:33 INFO  State of operation 21139846 : EXECUTING
14:05:36 INFO  State of operation 21139846 : EXECUTING
14:05:38 INFO  State of operation 21139846 : EXECUTING
14:05:40 INFO  State of operation 21139846 : EXECUTING
14:05:43 INFO  State of operation 21139846 : EXECUTING
14:05:45 INFO  State of operation 21139846 : EXECUTING
14:05:47 INFO  State of operation 21139846 : EXECUTING
14:05:49 INFO  State of operation 21139846 : EXECUTING
14:05:52 INFO  State of operation 21139846 : EXECUTING
14:05:54 INFO  State of operation 21139846 : EXECUTING
14:05:56 INFO  State of operation 21139846 : EXECUTING
14:05:59 INFO  State of operation 21139846 : EXECUTING
14:06:01 INFO  State of operation 21139846 : EXECUTING
14:06:03 INFO  State of operation 21139846 : EXECUTING
14:06:06 INFO  State of operation 21139846 : EXECUTING
14:06:08 INFO  State of operation 21139846 : EXECUTING
14:06:11 INFO  State of operation 21139846 : EXECUTING
14:06:13 INFO  State of operation 21139846 : EXECUTING
14:06:15 INFO  State of operation 21139846 : EXECUTING
14:06:18 INFO  State of operation 21139846 : EXECUTING
14:06:21 INFO  State of operation 21139846 : EXECUTING
14:06:23 INFO  State of operation 21139846 : EXECUTING
14:06:26 INFO  State of operation 21139846 : EXECUTING
14:06:28 INFO  State of operation 21139846 : EXECUTING
14:06:30 INFO  State of operation 21139846 : EXECUTING
14:06:32 INFO  State of operation 21139846 : EXECUTING
14:06:35 INFO  State of operation 21139846 : EXECUTING
14:06:37 INFO  State of operation 21139846 : EXECUTING
14:06:39 INFO  State of operation 21139846 : EXECUTING
14:06:41 INFO  State of operation 21139846 : EXECUTING
14:06:43 INFO  State of operation 21139846 : EXECUTING
14:06:46 INFO  State of operation 21139846 : EXECUTING
14:06:49 INFO  State of operation 21139846 : EXECUTING
14:06:52 INFO  State of operation 21139846 : EXECUTING
14:06:54 INFO  State of operation 21139846 : EXECUTING
14:06:56 INFO  State of operation 21139846 : EXECUTING
14:06:59 INFO  State of operation 21139846 : EXECUTING
14:07:01 INFO  State of operation 21139846 : EXECUTING
14:07:03 INFO  State of operation 21139846 : EXECUTING
14:07:05 INFO  State of operation 21139846 : EXECUTING
14:07:08 INFO  State of operation 21139846 : EXECUTING
14:07:10 INFO  State of operation 21139846 : EXECUTING
14:07:13 INFO  State of operation 21139846 : EXECUTING
14:07:15 INFO  State of operation 21139846 : EXECUTING
14:07:17 INFO  State of operation 21139846 : EXECUTING
14:07:19 INFO  State of operation 21139846 : EXECUTING
14:07:23 INFO  State of operation 21139846 : EXECUTING
14:07:25 INFO  State of operation 21139846 : EXECUTING
14:07:28 INFO  State of operation 21139846 : EXECUTING
14:07:30 INFO  State of operation 21139846 : EXECUTING
14:07:33 INFO  State of operation 21139846 : EXECUTING
14:07:35 INFO  State of operation 21139846 : EXECUTING
14:07:37 INFO  State of operation 21139846 : EXECUTING
14:07:40 INFO  State of operation 21139846 : EXECUTING
14:07:42 INFO  State of operation 21139846 : EXECUTING
14:07:44 WARN  SystemError occurred while running test - Timeout while waiting for status SUCCESSFUL or False
Traceback (most recent call last):
  File "/home/pi/env-pysys/lib/python3.7/site-packages/pysys/baserunner.py", line 1294, in __call__
    self.testObj.execute()
  File "/home/pi/actions-runner/_work/thin-edge.io/thin-edge.io/tests/PySys/software_management_end_to_end/sm_apt_install_remove_multiple_mixed/run.py", line 89, in execute
    self.wait_until_succcess()
  File "/home/pi/actions-runner/_work/thin-edge.io/thin-edge.io/tests/PySys/software_management_end_to_end/environment_sm_management.py", line 324, in wait_until_succcess
    self.wait_until_status("SUCCESSFUL")
  File "/home/pi/actions-runner/_work/thin-edge.io/thin-edge.io/tests/PySys/software_management_end_to_end/environment_sm_management.py", line 381, in wait_until_status
    "Timeout while waiting for status %s or %s" % (status, status2)
SystemError: Timeout while waiting for status SUCCESSFUL or False
14:07:44 WARN  SystemError: Timeout while waiting for status SUCCESSFUL or False ... blocked 
14:07:44 INFO  
14:07:44 INFO  cleanup:
14:07:48 INFO  Executed sudo&lt;tedge_disconnect_c8y&gt;, exit status 0
14:07:49 INFO  Executed systemctl&lt;serv_mapper5&gt;, exit status 3
14:07:49 INFO  
14:07:49 INFO  Test duration: 179.13 secs
14:07:49 INFO  Test final outcome:  BLOCKED
14:07:49 INFO  Test outcome reason: SystemError: Timeout while waiting for status SUCCESSFUL or False
14:07:49 INFO  
</system-out>
	</testcase>
<testcase classname="PySysTest" name="SoftwareManagement.sm_apt_install_remove_multiple_mixed">
		<failure message="BLOCKED: SystemError: Timeout while waiting for status SUCCESSFUL or False (+1 other failures)" type="BLOCKED" />
		<system-out>14:30:35 INFO  ==============================================================
14:30:35 INFO  Id:    SoftwareManagement.sm_apt_install_remove_multiple_mixed
14:30:35 INFO  Dir:   software_management_end_to_end/
14:30:35 INFO  Title: Validate end to end behaviour for the apt plugin for multiple packages with mixed versions
14:30:35 INFO  ==============================================================
14:30:35 INFO  Using sw id database: {'asciijump': '5475369', 'robotfindskitten': '5474869', 'squirrel3': '5475279', 'rolldice': '5152439', 'moon-buggy': '5439204', 'apple': '5495053', 'banana': '5494888', 'cherry': '5495382', 'watermelon': '5494510', 'registry': '8018911', 'hello-world': '8021526', 'docker/getting-started': '8021973', 'alpine': '7991792'}
14:30:35 INFO  EnvironmentC8y Setup
14:30:35 INFO  Executed systemctl&lt;serv_mapper1&gt;, exit status 3
14:30:36 INFO  Restarting mosquitto too frequently in the last 10 seconds. It was only up for 5 seconds
14:30:36 INFO  Delaying execution by 6 seconds
14:30:56 INFO  Executed sudo&lt;tedge_connect_c8y&gt;, exit status 0, duration 14 secs
14:30:57 INFO  Executed sudo&lt;tedge_connect_c8y_test&gt;, exit status 0
14:30:57 INFO  Executed systemctl&lt;serv_mosq2&gt;, exit status 0
14:30:58 INFO  Executed systemctl&lt;serv_mapper3&gt;, exit status 0
14:31:00 INFO  State of current operation: SUCCESSFUL
14:31:00 INFO  Assert that (False == value) with value=False ... passed
14:31:00 INFO  Assert that (False == value) with value=False ... passed
14:31:01 INFO  Assert that (False == value) with value=False ... passed
14:31:01 INFO  Assert that (False == value) with value=False ... passed
14:31:02 INFO  Package moon-buggy is installed
14:31:02 WARN  Assert that (False == value) with value=True ... failed 
14:31:03 INFO  Response status: 201
14:31:03 INFO  Response to action: {
    "creationTime": "2022-07-21T14:31:03.299Z",
    "deviceId": "21121273",
    "deviceName": "m32sd10d",
    "self": "https://t493319102.eu-latest.cumulocity.com/devicecontrol/operations/21140019",
    "id": "21140019",
    "status": "PENDING",
    "description": "Apply software changes, triggered from PySys: [{'action': 'install', 'id': '5475369', 'name': 'asciijump', 'url': ' ', 'version': '::apt'}, {'action': 'install', 'id': '5474869', 'name': 'robotfindskitten', 'url': ' ', 'version': ' '}, {'action': 'install', 'id': '5475279', 'name': 'squirrel3', 'url': ' ', 'version': '3.1-7::apt'}, {'action': 'install', 'id': '5152439', 'name': 'rolldice', 'url': ' ', 'version': '1.16-1+b1'}, {'action': 'install', 'id': '5439204', 'name': 'moon-buggy', 'url': ' ', 'version': '1:1.0.51-12'}, {'action': 'install', 'id': '5475369', 'name': 'asciijump', 'url': ' ', 'version': '::apt'}]",
    "c8y_SoftwareUpdate": [
        {
            "name": "asciijump",
            "action": "install",
            "id": "5475369",
            "version": "::apt",
            "url": " "
        },
        {
            "name": "robotfindskitten",
            "action": "install",
            "id": "5474869",
            "version": " ",
            "url": " "
        },
        {
            "name": "squirrel3",
            "action": "install",
            "id": "5475279",
            "version": "3.1-7::apt",
            "url": " "
        },
        {
            "name": "rolldice",
            "action": "install",
            "id": "5152439",
            "version": "1.16-1+b1",
            "url": " "
        },
        {
            "name": "moon-buggy",
            "action": "install",
            "id": "5439204",
            "version": "1:1.0.51-12",
            "url": " "
        },
        {
            "name": "asciijump",
            "action": "install",
            "id": "5475369",
            "version": "::apt",
            "url": " "
        }
    ]
}
14:31:03 INFO  Started operation: {'creationTime': '2022-07-21T14:31:03.299Z', 'deviceId': '21121273', 'deviceName': 'm32sd10d', 'self': 'https://t493319102.eu-latest.cumulocity.com/devicecontrol/operations/21140019', 'id': '21140019', 'status': 'PENDING', 'description': "Apply software changes, triggered from PySys: [{'action': 'install', 'id': '5475369', 'name': 'asciijump', 'url': ' ', 'version': '::apt'}, {'action': 'install', 'id': '5474869', 'name': 'robotfindskitten', 'url': ' ', 'version': ' '}, {'action': 'install', 'id': '5475279', 'name': 'squirrel3', 'url': ' ', 'version': '3.1-7::apt'}, {'action': 'install', 'id': '5152439', 'name': 'rolldice', 'url': ' ', 'version': '1.16-1+b1'}, {'action': 'install', 'id': '5439204', 'name': 'moon-buggy', 'url': ' ', 'version': '1:1.0.51-12'}, {'action': 'install', 'id': '5475369', 'name': 'asciijump', 'url': ' ', 'version': '::apt'}]", 'c8y_SoftwareUpdate': [{'name': 'asciijump', 'action': 'install', 'id': '5475369', 'version': '::apt', 'url': ' '}, {'name': 'robotfindskitten', 'action': 'install', 'id': '5474869', 'version': ' ', 'url': ' '}, {'name': 'squirrel3', 'action': 'install', 'id': '5475279', 'version': '3.1-7::apt', 'url': ' '}, {'name': 'rolldice', 'action': 'install', 'id': '5152439', 'version': '1.16-1+b1', 'url': ' '}, {'name': 'moon-buggy', 'action': 'install', 'id': '5439204', 'version': '1:1.0.51-12', 'url': ' '}, {'name': 'asciijump', 'action': 'install', 'id': '5475369', 'version': '::apt', 'url': ' '}]}
14:31:05 INFO  State of operation 21140019 : PENDING
14:31:07 INFO  State of operation 21140019 : EXECUTING
14:31:10 INFO  State of operation 21140019 : EXECUTING
14:31:12 INFO  State of operation 21140019 : EXECUTING
14:31:14 INFO  State of operation 21140019 : EXECUTING
14:31:16 INFO  State of operation 21140019 : EXECUTING
14:31:19 INFO  State of operation 21140019 : EXECUTING
14:31:22 INFO  State of operation 21140019 : EXECUTING
14:31:24 INFO  State of operation 21140019 : EXECUTING
14:31:26 INFO  State of operation 21140019 : EXECUTING
14:31:29 INFO  State of operation 21140019 : EXECUTING
14:31:31 INFO  State of operation 21140019 : EXECUTING
14:31:33 INFO  State of operation 21140019 : EXECUTING
14:31:35 INFO  State of operation 21140019 : EXECUTING
14:31:38 INFO  State of operation 21140019 : EXECUTING
14:31:40 INFO  State of operation 21140019 : EXECUTING
14:31:42 INFO  State of operation 21140019 : EXECUTING
14:31:45 INFO  State of operation 21140019 : EXECUTING
14:31:47 INFO  State of operation 21140019 : EXECUTING
14:31:50 INFO  State of operation 21140019 : EXECUTING
14:31:52 INFO  State of operation 21140019 : EXECUTING
14:31:54 INFO  State of operation 21140019 : EXECUTING
14:31:56 INFO  State of operation 21140019 : EXECUTING
14:31:59 INFO  State of operation 21140019 : EXECUTING
14:32:01 INFO  State of operation 21140019 : EXECUTING
14:32:04 INFO  State of operation 21140019 : EXECUTING
14:32:06 INFO  State of operation 21140019 : EXECUTING
14:32:08 INFO  State of operation 21140019 : EXECUTING
14:32:11 INFO  State of operation 21140019 : EXECUTING
14:32:14 INFO  State of operation 21140019 : EXECUTING
14:32:16 INFO  State of operation 21140019 : EXECUTING
14:32:18 INFO  State of operation 21140019 : EXECUTING
14:32:20 INFO  State of operation 21140019 : EXECUTING
14:32:23 INFO  State of operation 21140019 : EXECUTING
14:32:25 INFO  State of operation 21140019 : EXECUTING
14:32:27 INFO  State of operation 21140019 : EXECUTING
14:32:29 INFO  State of operation 21140019 : EXECUTING
14:32:31 INFO  State of operation 21140019 : EXECUTING
14:32:34 INFO  State of operation 21140019 : EXECUTING
14:32:37 INFO  State of operation 21140019 : EXECUTING
14:32:39 INFO  State of operation 21140019 : EXECUTING
14:32:41 INFO  State of operation 21140019 : EXECUTING
14:32:44 INFO  State of operation 21140019 : EXECUTING
14:32:46 INFO  State of operation 21140019 : EXECUTING
14:32:48 INFO  State of operation 21140019 : EXECUTING
14:32:50 INFO  State of operation 21140019 : EXECUTING
14:32:53 INFO  State of operation 21140019 : EXECUTING
14:32:55 INFO  State of operation 21140019 : EXECUTING
14:32:57 INFO  State of operation 21140019 : EXECUTING
14:33:00 INFO  State of operation 21140019 : EXECUTING
14:33:02 INFO  State of operation 21140019 : EXECUTING
14:33:05 INFO  State of operation 21140019 : EXECUTING
14:33:07 INFO  State of operation 21140019 : EXECUTING
14:33:10 INFO  State of operation 21140019 : EXECUTING
14:33:12 INFO  State of operation 21140019 : EXECUTING
14:33:14 INFO  State of operation 21140019 : EXECUTING
14:33:17 INFO  State of operation 21140019 : EXECUTING
14:33:19 INFO  State of operation 21140019 : EXECUTING
14:33:22 INFO  State of operation 21140019 : EXECUTING
14:33:24 INFO  State of operation 21140019 : EXECUTING
14:33:26 INFO  State of operation 21140019 : EXECUTING
14:33:28 WARN  SystemError occurred while running test - Timeout while waiting for status SUCCESSFUL or False
Traceback (most recent call last):
  File "/home/pi/env-pysys/lib/python3.7/site-packages/pysys/baserunner.py", line 1294, in __call__
    self.testObj.execute()
  File "/home/pi/actions-runner/_work/thin-edge.io/thin-edge.io/tests/PySys/software_management_end_to_end/sm_apt_install_remove_multiple_mixed/run.py", line 89, in execute
    self.wait_until_succcess()
  File "/home/pi/actions-runner/_work/thin-edge.io/thin-edge.io/tests/PySys/software_management_end_to_end/environment_sm_management.py", line 324, in wait_until_succcess
    self.wait_until_status("SUCCESSFUL")
  File "/home/pi/actions-runner/_work/thin-edge.io/thin-edge.io/tests/PySys/software_management_end_to_end/environment_sm_management.py", line 381, in wait_until_status
    "Timeout while waiting for status %s or %s" % (status, status2)
SystemError: Timeout while waiting for status SUCCESSFUL or False
14:33:28 WARN  SystemError: Timeout while waiting for status SUCCESSFUL or False ... blocked 
14:33:28 INFO  
14:33:28 INFO  cleanup:
14:33:33 INFO  Executed sudo&lt;tedge_disconnect_c8y&gt;, exit status 0
14:33:34 INFO  Executed systemctl&lt;serv_mapper5&gt;, exit status 3
14:33:34 INFO  
14:33:34 INFO  Test duration: 179.02 secs
14:33:34 INFO  Test final outcome:  BLOCKED
14:33:34 INFO  Test outcome reason: SystemError: Timeout while waiting for status SUCCESSFUL or False (+1 other failures)
14:33:34 INFO  
</system-out>
	</testcase>
</testsuite><testsuite name="SoftwareManagement.sm_apt_install_remove_with_version" tests="3" errors="0" failures="0" skipped="1" time="0"><testcase classname="PySysTest" name="SoftwareManagement.sm_apt_install_remove_with_version">
		<skipped message="SKIPPED: Testing the apt plugin is not supported on this platform.Use parameter -XmyPlatform='container' to enable it" />
		<system-out>13:30:31 INFO  ==============================================================
13:30:31 INFO  Id:    SoftwareManagement.sm_apt_install_remove_with_version
13:30:31 INFO  Dir:   software_management_end_to_end/
13:30:31 INFO  Title: Validate end to end behaviour for the apt plugin for packages with version
13:30:31 INFO  ==============================================================
13:30:31 INFO  Testing the apt plugin is not supported on this platform.Use parameter -XmyPlatform='container' to enable it ... skipped
13:30:31 WARN  Aborted test due to SKIPPED outcome
13:30:31 INFO  
13:30:31 INFO  Test duration: 0.02 secs
13:30:31 INFO  Test final outcome:  SKIPPED
13:30:31 INFO  Test outcome reason: Testing the apt plugin is not supported on this platform.Use parameter -XmyPlatform='container' to enable it
13:30:31 INFO  
</system-out>
	</testcase>
<testcase classname="PySysTest" name="SoftwareManagement.sm_apt_install_remove_with_version" />
<testcase classname="PySysTest" name="SoftwareManagement.sm_apt_install_remove_with_version" />
</testsuite><testsuite name="SoftwareManagement.sm_docker_install_remove_multiple" tests="3" errors="0" failures="0" skipped="1" time="0"><testcase classname="SMDockerInstallRemove" name="SoftwareManagement.sm_docker_install_remove_multiple">
		<skipped message="SKIPPED: Testing the apt plugin is not supported on this platform.Use parameter -XmyPlatform='container' to enable it" />
		<system-out>13:30:31 INFO  ==============================================================
13:30:31 INFO  Id:    SoftwareManagement.sm_docker_install_remove_multiple
13:30:31 INFO  Dir:   software_management_end_to_end/
13:30:31 INFO  Title: Validate end to end behaviour for the docker plugin for multiple docker images with mixed versions
13:30:31 INFO  ==============================================================
13:30:31 INFO  Testing the apt plugin is not supported on this platform.Use parameter -XmyPlatform='container' to enable it ... skipped
13:30:31 WARN  Aborted test due to SKIPPED outcome
13:30:31 INFO  
13:30:31 INFO  Test duration: 0.02 secs
13:30:31 INFO  Test final outcome:  SKIPPED
13:30:31 INFO  Test outcome reason: Testing the apt plugin is not supported on this platform.Use parameter -XmyPlatform='container' to enable it
13:30:31 INFO  
</system-out>
	</testcase>
<testcase classname="SMDockerInstallRemove" name="SoftwareManagement.sm_docker_install_remove_multiple" />
<testcase classname="SMDockerInstallRemove" name="SoftwareManagement.sm_docker_install_remove_multiple" />
</testsuite><testsuite name="SoftwareManagement.sm_fake_install_remove" tests="2" errors="0" failures="0" skipped="1" time="0"><testcase classname="PySysTest" name="SoftwareManagement.sm_fake_install_remove">
		<skipped message="SKIPPED: Testing the fake plugin is not enabled.Use parameter -Xfakeplugin=fakeplugin to enable it" />
		<system-out>13:30:32 INFO  ==============================================================
13:30:32 INFO  Id:    SoftwareManagement.sm_fake_install_remove
13:30:32 INFO  Dir:   software_management_end_to_end/
13:30:32 INFO  Title: Validate end to end behaviour for the dummy plugin for installation and removal of packages
13:30:32 INFO  ==============================================================
13:30:32 INFO  Testing the fake plugin is not enabled.Use parameter -Xfakeplugin=fakeplugin to enable it ... skipped
13:30:32 WARN  Aborted test due to SKIPPED outcome
13:30:32 INFO  
13:30:32 INFO  Test duration: 0.02 secs
13:30:32 INFO  Test final outcome:  SKIPPED
13:30:32 INFO  Test outcome reason: Testing the fake plugin is not enabled.Use parameter -Xfakeplugin=fakeplugin to enable it
13:30:32 INFO  
</system-out>
	</testcase>
<testcase classname="PySysTest" name="SoftwareManagement.sm_fake_install_remove" />
</testsuite><testsuite name="SoftwareManagement.sm_fake_install_remove_multiple" tests="2" errors="0" failures="0" skipped="1" time="0"><testcase classname="PySysTest" name="SoftwareManagement.sm_fake_install_remove_multiple">
		<skipped message="SKIPPED: Testing the fake plugin is not enabled.Use parameter -Xfakeplugin=fakeplugin to enable it" />
		<system-out>13:30:32 INFO  ==============================================================
13:30:32 INFO  Id:    SoftwareManagement.sm_fake_install_remove_multiple
13:30:32 INFO  Dir:   software_management_end_to_end/
13:30:32 INFO  Title: Validate end to end behaviour for the dummy-plugin for multiple packages
13:30:32 INFO  ==============================================================
13:30:32 INFO  Testing the fake plugin is not enabled.Use parameter -Xfakeplugin=fakeplugin to enable it ... skipped
13:30:32 WARN  Aborted test due to SKIPPED outcome
13:30:32 INFO  
13:30:32 INFO  Test duration: 0.02 secs
13:30:32 INFO  Test final outcome:  SKIPPED
13:30:32 INFO  Test outcome reason: Testing the fake plugin is not enabled.Use parameter -Xfakeplugin=fakeplugin to enable it
13:30:32 INFO  
</system-out>
	</testcase>
<testcase classname="PySysTest" name="SoftwareManagement.sm_fake_install_remove_multiple" />
</testsuite><testsuite name="SoftwareManagement.sm_mapper_fail_and_reconnect" tests="2" errors="0" failures="0" skipped="2" time="0"><testcase classname="MapperC8yReceiveLastMessageOnRestart" name="SoftwareManagement.sm_mapper_fail_and_reconnect">
		<skipped message="SKIPPED: instable https://github.com/thin-edge/thin-edge.io/issues/752" />
		<system-out>13:30:32 INFO  ==============================================================
13:30:32 INFO  Id:    SoftwareManagement.sm_mapper_fail_and_reconnect
13:30:32 INFO  Dir:   software_management_end_to_end/
13:30:32 INFO  Title: Validate the tedge-mapper-sm-c8y for receiving the last message on restart
13:30:32 INFO  ==============================================================
13:30:32 INFO  instable https://github.com/thin-edge/thin-edge.io/issues/752 ... skipped
13:30:32 INFO  
13:30:32 INFO  Test duration: 0.02 secs
13:30:32 INFO  Test final outcome:  SKIPPED
13:30:32 INFO  Test outcome reason: instable https://github.com/thin-edge/thin-edge.io/issues/752
13:30:32 INFO  
</system-out>
	</testcase>
<testcase classname="MapperC8yReceiveLastMessageOnRestart" name="SoftwareManagement.sm_mapper_fail_and_reconnect">
		<skipped message="SKIPPED: instable https://github.com/thin-edge/thin-edge.io/issues/752" />
		<system-out>14:40:17 INFO  ==============================================================
14:40:17 INFO  Id:    SoftwareManagement.sm_mapper_fail_and_reconnect
14:40:17 INFO  Dir:   software_management_end_to_end/
14:40:17 INFO  Title: Validate the tedge-mapper-sm-c8y for receiving the last message on restart
14:40:17 INFO  ==============================================================
14:40:17 INFO  instable https://github.com/thin-edge/thin-edge.io/issues/752 ... skipped
14:40:17 INFO  
14:40:17 INFO  Test duration: 0.04 secs
14:40:17 INFO  Test final outcome:  SKIPPED
14:40:17 INFO  Test outcome reason: instable https://github.com/thin-edge/thin-edge.io/issues/752
14:40:17 INFO  
</system-out>
	</testcase>
</testsuite><testsuite name="SoftwareManagement.sm_mixed_install_remove_multiple" tests="2" errors="0" failures="1" skipped="1" time="0"><testcase classname="PySysTest" name="SoftwareManagement.sm_mixed_install_remove_multiple">
		<skipped message="SKIPPED: Testing the fake plugin is not enabled.Use parameter -Xfakeplugin=fakeplugin to enable it" />
		<system-out>13:30:32 INFO  ==============================================================
13:30:32 INFO  Id:    SoftwareManagement.sm_mixed_install_remove_multiple
13:30:32 INFO  Dir:   software_management_end_to_end/
13:30:32 INFO  Title: Validate end to end behaviour for the dummy-plugin for multiple packages with mixed versions
13:30:32 INFO  ==============================================================
13:30:32 INFO  Testing the fake plugin is not enabled.Use parameter -Xfakeplugin=fakeplugin to enable it ... skipped
13:30:32 WARN  Aborted test due to SKIPPED outcome
13:30:32 INFO  
13:30:32 INFO  Test duration: 0.02 secs
13:30:32 INFO  Test final outcome:  SKIPPED
13:30:32 INFO  Test outcome reason: Testing the fake plugin is not enabled.Use parameter -Xfakeplugin=fakeplugin to enable it
13:30:32 INFO  
</system-out>
	</testcase>
<testcase classname="PySysTest" name="SoftwareManagement.sm_mixed_install_remove_multiple">
		<failure message="FAILED: Assert that (False == value) with value=True" type="FAILED" />
		<system-out>14:40:17 INFO  ==============================================================
14:40:17 INFO  Id:    SoftwareManagement.sm_mixed_install_remove_multiple
14:40:17 INFO  Dir:   software_management_end_to_end/
14:40:17 INFO  Title: Validate end to end behaviour for the dummy-plugin for multiple packages with mixed versions
14:40:17 INFO  ==============================================================
[...]
13:18:59 INFO  Executed sudo&lt;rm_tmp_logs&gt;, exit status 0
13:18:59 INFO  Executed sudo&lt;send_failed&gt;, exit status 0
13:19:00 INFO  Executed sudo&lt;log_file_daemon&gt;, exit status 0
13:19:04 INFO  Executed sudo&lt;tedge_disconnect_c8y&gt;, exit status 0
13:19:04 INFO  Executed systemctl&lt;serv_mapper5&gt;, exit status 3
13:19:04 INFO  
13:19:04 INFO  Test duration: 26.60 secs
13:19:04 INFO  Test final outcome:  BLOCKED
13:19:04 INFO  Test outcome reason: TypeError: 'NoneType' object is not subscriptable
13:19:04 INFO  
</system-out>
	</testcase>
</testsuite><testsuite name="log_request_num_lines" tests="1" errors="0" failures="1" skipped="0" time="0"><testcase classname="LogRequestVerifyNumberOfLines" name="log_request_num_lines">
		<failure message="BLOCKED: TypeError: 'NoneType' object is not subscriptable" type="BLOCKED" />
		<system-out>13:19:04 INFO  ==============================================================
13:19:04 INFO  Id:    log_request_num_lines
13:19:04 INFO  Dir:   log_request_end_to_end/
13:19:04 INFO  Title: Validate end to end behaviour for the log request operation check for number of lines
13:19:04 INFO  ==============================================================
13:19:04 INFO  EnvironmentC8y Setup
13:19:05 INFO  Executed systemctl&lt;serv_mapper1&gt;, exit status 3
13:19:05 INFO  Restarting mosquitto too frequently in the last 10 seconds. It was only up for 4 seconds
13:19:05 INFO  Delaying execution by 7 seconds
13:19:26 INFO  Executed sudo&lt;tedge_connect_c8y&gt;, exit status 0, duration 13 secs
13:19:27 INFO  Executed sudo&lt;tedge_connect_c8y_test&gt;, exit status 0
13:19:27 INFO  Executed systemctl&lt;serv_mosq2&gt;, exit status 0
13:19:28 INFO  Executed systemctl&lt;serv_mapper3&gt;, exit status 0
13:19:28 INFO  Executed sudo&lt;rm_logs&gt;, exit status 0
13:19:29 INFO  Executed sudo&lt;move_logs&gt;, exit status 0
13:19:29 INFO  Executed sudo&lt;log_file_daemon&gt;, exit status 0
13:19:30 WARN  TypeError occurred while running test - 'NoneType' object is not subscriptable
Traceback (most recent call last):
  File "/home/pi/env-pysys/lib/python3.7/site-packages/pysys/baserunner.py", line 1294, in __call__
    self.testObj.execute()
  File "/home/pi/actions-runner/_work/thin-edge.io/thin-edge.io/tests/PySys/log_request_end_to_end/log_request_num_lines/run.py", line 46, in execute
    log_file_request_payload, self.project.deviceid
  File "/home/pi/actions-runner/_work/thin-edge.io/thin-edge.io/tests/PySys/environments/cumulocity.py", line 101, in trigger_log_request
    "deviceId": self.device_fragment["id"],
TypeError: 'NoneType' object is not subscriptable
13:19:30 WARN  TypeError: 'NoneType' object is not subscriptable ... blocked 
13:19:30 INFO  
13:19:30 INFO  cleanup:
13:19:31 INFO  Executed sudo&lt;rm_logs&gt;, exit status 0
13:19:31 INFO  Executed sudo&lt;rm_tmp_logs&gt;, exit status 0
13:19:32 INFO  Executed sudo&lt;send_failed&gt;, exit status 0
13:19:32 INFO  Executed sudo&lt;log_file_daemon&gt;, exit status 0
13:19:36 INFO  Executed sudo&lt;tedge_disconnect_c8y&gt;, exit status 0
13:19:37 INFO  Executed systemctl&lt;serv_mapper5&gt;, exit status 3
13:19:37 INFO  
13:19:37 INFO  Test duration: 32.22 secs
13:19:37 INFO  Test final outcome:  BLOCKED
13:19:37 INFO  Test outcome reason: TypeError: 'NoneType' object is not subscriptable
13:19:37 INFO  
</system-out>
	</testcase>
</testsuite><testsuite name="mapper_awaits_before_reconnect" tests="1" errors="0" failures="1" skipped="0" time="0"><testcase classname="MapperReconnectAwait" name="mapper_awaits_before_reconnect">
		<failure message="FAILED: Line count on tedge_mapper_journal.out for &quot;tedge_mapper::core::mapper: MQTT connection error:&quot; expected &gt;=2 but got 0" type="FAILED" />
		<system-out>13:33:34 INFO  ==============================================================
13:33:34 INFO  Id:    mapper_awaits_before_reconnect
13:33:34 INFO  Dir:   tedge_mapper_c8y/
13:33:34 INFO  Title: Validate mapper doesn't reconnect too often
13:33:34 INFO  ==============================================================
13:33:34 INFO  Started mosquitto_sub with process id 27311
13:33:34 INFO  Waiting for 0.1 seconds
13:33:35 INFO  Executed sudo&lt;tedge_mapper&gt;, exit status 0
13:33:35 INFO  Waiting for 5.0 seconds
13:33:40 INFO  Executed sudo&lt;tedge_mapper&gt;, exit status 0
13:33:43 INFO  Executed sudo&lt;tedge_mapper_journal&gt;, exit status 0
13:33:43 WARN  Grep on tedge_mapper_journal.out contains "ERROR" ... failed [run.py:67]
13:33:43 INFO  Line count on file tedge_mapper_journal.out ... passed
13:33:43 WARN  Line count on tedge_mapper_journal.out for "tedge_mapper::core::mapper: MQTT connection error:" expected &gt;=2 but got 0 ... failed [run.py:78]
13:33:43 WARN  Aborted test due to FAILED outcome
13:33:43 INFO  
13:33:43 INFO  Test duration: 8.81 secs
13:33:43 INFO  Test final outcome:  FAILED
13:33:43 INFO  Test outcome reason: Line count on tedge_mapper_journal.out for "tedge_mapper::core::mapper: MQTT connection error:" expected &gt;=2 but got 0
13:33:43 INFO  
</system-out>
	</testcase>
</testsuite><testsuite name="monitoring_smaller_interval" tests="1" errors="0" failures="1" skipped="0" time="0"><testcase classname="MonitoringSmallInterval" name="monitoring_smaller_interval">
		<failure message="BLOCKED: TypeError: 'int' object is not subscriptable" type="BLOCKED" />
		<system-out>13:20:38 INFO  ==============================================================
13:20:38 INFO  Id:    monitoring_smaller_interval
13:20:38 INFO  Dir:   monitoring/
13:20:38 INFO  Title: Validate the tedge dm agent messages that are produced with smaller sampling interval than the batching window. Here the simulated collectd messages are used
13:20:38 INFO  ==============================================================
13:20:38 INFO  Executed sudo&lt;collectd&gt;, exit status 0
13:20:39 INFO  Executed sudo&lt;collectd_mapper&gt;, exit status 0
13:20:39 INFO  Started sudo&lt;tedge_sub&gt; with process id 23467
13:20:40 INFO  Executed sudo&lt;tedge_temp&gt;, exit status 0
13:20:40 INFO  Executed sudo&lt;tedge_pres&gt;, exit status 0
13:20:41 INFO  Executed sudo&lt;tedge_temp&gt;, exit status 0
13:20:41 INFO  Executed sudo&lt;tedge_pres&gt;, exit status 0
13:20:42 INFO  Executed sudo&lt;tedge_temp&gt;, exit status 0
13:20:42 INFO  Executed sudo&lt;tedge_pres&gt;, exit status 0
13:20:43 INFO  Executed sudo&lt;tedge_temp&gt;, exit status 0
13:20:44 INFO  Executed sudo&lt;tedge_pres&gt;, exit status 0
13:20:44 INFO  Executed sudo&lt;tedge_temp&gt;, exit status 0
13:20:45 INFO  Executed sudo&lt;tedge_pres&gt;, exit status 0
13:20:45 INFO  Executed sudo&lt;tedge_temp&gt;, exit status 0
13:20:46 INFO  Executed sudo&lt;tedge_pres&gt;, exit status 0
13:20:46 INFO  Executed sudo&lt;tedge_temp&gt;, exit status 0
13:20:47 INFO  Executed sudo&lt;tedge_pres&gt;, exit status 0
13:20:48 INFO  Executed sudo&lt;tedge_temp&gt;, exit status 0
13:20:48 INFO  Executed sudo&lt;tedge_pres&gt;, exit status 0
13:20:49 INFO  Executed sudo&lt;tedge_temp&gt;, exit status 0
13:20:49 INFO  Executed sudo&lt;tedge_pres&gt;, exit status 0
13:20:50 INFO  Executed sudo&lt;tedge_temp&gt;, exit status 0
13:20:50 INFO  Executed sudo&lt;tedge_pres&gt;, exit status 0
13:20:52 INFO  Executed sudo&lt;kill_out&gt;, exit status 0
13:20:52 INFO  0

13:20:52 WARN  TypeError occurred while running test - 'int' object is not subscriptable
Traceback (most recent call last):
  File "/home/pi/env-pysys/lib/python3.7/site-packages/pysys/baserunner.py", line 1296, in __call__
    self.testObj.validate()
  File "/home/pi/actions-runner/_work/thin-edge.io/thin-edge.io/tests/PySys/monitoring/monitoring_smaller_interval/run.py", line 104, in validate
    collectd_msg_validation_result=self.validate_json(),
  File "/home/pi/actions-runner/_work/thin-edge.io/thin-edge.io/tests/PySys/monitoring/monitoring_smaller_interval/run.py", line 114, in validate_json
    if not self.validate_time():
  File "/home/pi/actions-runner/_work/thin-edge.io/thin-edge.io/tests/PySys/monitoring/monitoring_smaller_interval/run.py", line 134, in validate_time
    if self.js_msg["time"]:
TypeError: 'int' object is not subscriptable
13:20:52 WARN  TypeError: 'int' object is not subscriptable ... blocked 
13:20:52 INFO  
13:20:52 INFO  cleanup:
13:20:52 INFO  monitoring_cleanup
13:20:53 INFO  Executed sudo&lt;collectd_mapper&gt;, exit status 0
13:20:53 INFO  
13:20:53 INFO  Test duration: 14.88 secs
13:20:53 INFO  Test final outcome:  BLOCKED
13:20:53 INFO  Test outcome reason: TypeError: 'int' object is not subscriptable
13:20:53 INFO  
</system-out>
	</testcase>
</testsuite><testsuite name="monitoring_with_collectd" tests="1" errors="0" failures="0" skipped="1" time="0"><testcase classname="MonitoringWithCollectd" name="monitoring_with_collectd">
		<skipped message="SKIPPED: Test execution disabled due to #792 (instable)" />
		<system-out>13:20:53 INFO  ==============================================================
13:20:53 INFO  Id:    monitoring_with_collectd
13:20:53 INFO  Dir:   monitoring/
13:20:53 INFO  Title: Validate tedge dm agent messages that are produced by batching the collectd messages
13:20:53 INFO  ==============================================================
13:20:53 INFO  Test execution disabled due to #792 (instable) ... skipped
13:20:53 INFO  
13:20:53 INFO  Test duration: 0.02 secs
13:20:53 INFO  Test final outcome:  SKIPPED
13:20:53 INFO  Test outcome reason: Test execution disabled due to #792 (instable)
13:20:53 INFO  
</system-out>
	</testcase>
</testsuite><testsuite name="monitoring_with_simulated_messages" tests="1" errors="0" failures="1" skipped="0" time="0"><testcase classname="MonitoringWithSimulatedMessages" name="monitoring_with_simulated_messages">
		<failure message="BLOCKED: TypeError: 'int' object is not subscriptable" type="BLOCKED" />
		<system-out>13:20:53 INFO  ==============================================================
13:20:53 INFO  Id:    monitoring_with_simulated_messages
13:20:53 INFO  Dir:   monitoring/
13:20:53 INFO  Title: Validate the tedge dm agent messages that are produced from the simulated collectd messages
13:20:53 INFO  ==============================================================
13:20:53 INFO  Executed sudo&lt;collectd&gt;, exit status 0
13:20:54 INFO  Executed sudo&lt;collectd_mapper&gt;, exit status 0
13:20:54 INFO  Started sudo&lt;tedge_sub&gt; with process id 23520
13:20:55 INFO  Executed sudo&lt;tedge_temp&gt;, exit status 0
13:20:55 INFO  Executed sudo&lt;tedge_pres&gt;, exit status 0
13:20:57 INFO  Executed sudo&lt;kill_out&gt;, exit status 0
13:20:57 INFO  0

13:20:57 WARN  TypeError occurred while running test - 'int' object is not subscriptable
Traceback (most recent call last):
  File "/home/pi/env-pysys/lib/python3.7/site-packages/pysys/baserunner.py", line 1296, in __call__
    self.testObj.validate()
  File "/home/pi/actions-runner/_work/thin-edge.io/thin-edge.io/tests/PySys/monitoring/monitoring_with_simulated_messages/run.py", line 98, in validate
    collectd_msg_validation_result=self.validate_json(),
  File "/home/pi/actions-runner/_work/thin-edge.io/thin-edge.io/tests/PySys/monitoring/monitoring_with_simulated_messages/run.py", line 108, in validate_json
    if not self.validate_time():
  File "/home/pi/actions-runner/_work/thin-edge.io/thin-edge.io/tests/PySys/monitoring/monitoring_with_simulated_messages/run.py", line 127, in validate_time
    if self.js_msg["time"]:
TypeError: 'int' object is not subscriptable
13:20:57 WARN  TypeError: 'int' object is not subscriptable ... blocked 
13:20:57 INFO  
13:20:57 INFO  cleanup:
13:20:57 INFO  monitoring_cleanup
13:20:57 INFO  Executed sudo&lt;collectd_mapper&gt;, exit status 0
13:20:57 INFO  
13:20:57 INFO  Test duration: 4.40 secs
13:20:57 INFO  Test final outcome:  BLOCKED
13:20:57 INFO  Test outcome reason: TypeError: 'int' object is not subscriptable
13:20:57 INFO  
</system-out>
	</testcase>
</testsuite><testsuite name="mqtt_port_change_connection_fails" tests="1" errors="0" failures="0" skipped="0" time="0"><testcase classname="MqttPortChangeConnectionFails" name="mqtt_port_change_connection_fails" />
</testsuite><testsuite name="mqtt_port_change_connection_works" tests="1" errors="0" failures="0" skipped="1" time="0"><testcase classname="MqttPortChangeConnectionWorks" name="mqtt_port_change_connection_works">
		<skipped message="SKIPPED: failing intermitently" />
		<system-out>13:20:12 INFO  ==============================================================
13:20:12 INFO  Id:    mqtt_port_change_connection_works
13:20:12 INFO  Dir:   misc_features/
13:20:12 INFO  Title: mqtt port change connection works for all the thin-edge services that use the mosquitto broker
13:20:12 INFO  ==============================================================
13:20:12 INFO  failing intermitently ... skipped
13:20:12 INFO  
13:20:12 INFO  Test duration: 0.02 secs
13:20:12 INFO  Test final outcome:  SKIPPED
13:20:12 INFO  Test outcome reason: failing intermitently
13:20:12 INFO  
</system-out>
	</testcase>
</testsuite><testsuite name="publish_flux" tests="1" errors="0" failures="0" skipped="0" time="0"><testcase classname="PublishFlux" name="publish_flux" />
</testsuite><testsuite name="publish_sawmill" tests="1" errors="0" failures="0" skipped="0" time="0"><testcase classname="PublishSawmill" name="publish_sawmill" />
</testsuite><testsuite name="runtime_start_two_mappers" tests="1" errors="0" failures="0" skipped="0" time="0"><testcase classname="RuntimeMultiMappers" name="runtime_start_two_mappers" />
</testsuite><testsuite name="sm_tedge_mapper_init_session" tests="1" errors="0" failures="0" skipped="0" time="0"><testcase classname="TedgeSMMapperInitSession" name="sm_tedge_mapper_init_session" />
</testsuite><testsuite name="smoketest_json" tests="1" errors="0" failures="0" skipped="0" time="0"><testcase classname="SmokeTestJson" name="smoketest_json" />
</testsuite><testsuite name="smoketest_json_400_samples_10ms" tests="1" errors="0" failures="0" skipped="0" time="0"><testcase classname="SmoketestJson400Samples10ms" name="smoketest_json_400_samples_10ms" />
</testsuite><testsuite name="smoketest_json_400_samples_20ms" tests="1" errors="0" failures="0" skipped="0" time="0"><testcase classname="SmoketestJson400Samples20ms" name="smoketest_json_400_samples_20ms" />
</testsuite><testsuite name="smoketest_smartrest" tests="1" errors="0" failures="0" skipped="0" time="0"><testcase classname="SmoketestSmartRest" name="smoketest_smartrest" />
</testsuite><testsuite name="smoketest_smartrest_400_samples_1Xms" tests="1" errors="0" failures="0" skipped="0" time="0"><testcase classname="SmoketestSmartRest400Samples1Xms" name="smoketest_smartrest_400_samples_1Xms" />
</testsuite><testsuite name="smoketest_smartrest_400_samples_20ms" tests="1" errors="0" failures="0" skipped="0" time="0"><testcase classname="SmoketestSmartRest400Samples20ms" name="smoketest_smartrest_400_samples_20ms" />
</testsuite><testsuite name="tedge_agent_user_sudo_access" tests="1" errors="0" failures="0" skipped="1" time="0"><testcase classname="TedgeAgentUserSudoAccess" name="tedge_agent_user_sudo_access">
		<skipped message="SKIPPED: #955 Observation: Exit code of the apt plugin when called with no arguments" />
		<system-out>13:30:58 INFO  ==============================================================
13:30:58 INFO  Id:    tedge_agent_user_sudo_access
13:30:58 INFO  Dir:   tedge/
13:30:58 INFO  Title: Validate tedge-agent user has a limited sudo right
13:30:58 INFO  ==============================================================
13:30:58 INFO  #955 Observation: Exit code of the apt plugin when called with no arguments ... skipped
13:30:58 INFO  
13:30:58 INFO  Test duration: 0.02 secs
13:30:58 INFO  Test final outcome:  SKIPPED
13:30:58 INFO  Test outcome reason: #955 Observation: Exit code of the apt plugin when called with no arguments
13:30:58 INFO  
</system-out>
	</testcase>
</testsuite><testsuite name="tedge_connect_test_negative" tests="1" errors="0" failures="0" skipped="0" time="0"><testcase classname="TedgeConnectTestNegative" name="tedge_connect_test_negative" />
</testsuite><testsuite name="tedge_connect_test_positive" tests="1" errors="0" failures="0" skipped="0" time="0"><testcase classname="TedgeConnectTestPositive" name="tedge_connect_test_positive" />
</testsuite><testsuite name="tedge_connect_test_sm_services" tests="1" errors="0" failures="0" skipped="0" time="0"><testcase classname="TedgeConnectTestSMServices" name="tedge_connect_test_sm_services" />
</testsuite><testsuite name="tedge_disconnect_test_sm_services" tests="1" errors="0" failures="0" skipped="0" time="0"><testcase classname="TedgeDisConnectTestSMServices" name="tedge_disconnect_test_sm_services" />
</testsuite><testsuite name="tedge_mapper_az_negative" tests="1" errors="0" failures="0" skipped="0" time="0"><testcase classname="TedgeMapperAzError" name="tedge_mapper_az_negative" />
</testsuite><testsuite name="tedge_mapper_az_with_timestamp" tests="1" errors="0" failures="0" skipped="0" time="0"><testcase classname="TedgeMapperAzWithTimestamp" name="tedge_mapper_az_with_timestamp" />
</testsuite><testsuite name="tedge_mapper_az_without_timestamp" tests="1" errors="0" failures="0" skipped="0" time="0"><testcase classname="TedgeMapperAzWithoutTimestamp" name="tedge_mapper_az_without_timestamp" />
</testsuite><testsuite name="tedge_mapper_c8y_alarms" tests="1" errors="0" failures="0" skipped="0" time="0"><testcase classname="TedgeMapperC8yAlarm" name="tedge_mapper_c8y_alarms" />
</testsuite><testsuite name="tedge_mapper_c8y_child_device_measurement" tests="1" errors="0" failures="0" skipped="0" time="0"><testcase classname="TedgeMapperC8yChildDevice" name="tedge_mapper_c8y_child_device_measurement" />
</testsuite><testsuite name="tedge_mapper_c8y_packet_threshold_size" tests="1" errors="0" failures="1" skipped="0" time="0"><testcase classname="TedgeMapperC8yThresholdPacketSize" name="tedge_mapper_c8y_packet_threshold_size">
		<failure message="FAILED: Grep on tedge_sub.out contains &quot;The size of the message received on tedge/measurements is 20489 which is greater than the threshold size of 16184.&quot;" type="FAILED" />
		<system-out>13:35:19 INFO  ==============================================================
13:35:19 INFO  Id:    tedge_mapper_c8y_packet_threshold_size
13:35:19 INFO  Dir:   tedge_mapper_c8y/
13:35:19 INFO  Title: Validate the Cumulocity Mapper accepted threshold packet size when it receives a message on tedge/measurements
13:35:19 INFO  ==============================================================
13:35:20 INFO  Executed sudo&lt;tedge_mapper_c8y&gt;, exit status 0
13:35:20 INFO  Started sudo&lt;tedge_sub&gt; with process id 27914
13:35:20 INFO  Executed sudo&lt;tedge_msg&gt;, exit status 0
13:35:21 INFO  Executed sudo&lt;tedge_pub&gt;, exit status 0
13:35:21 INFO  Executed sudo&lt;kill_out&gt;, exit status 0
13:35:21 WARN  Grep on tedge_sub.out contains "The size of the message received on tedge/measurements is 20489 which is greater than the threshold size of 16184." ... failed [run.py:88]
13:35:21 INFO  
13:35:21 INFO  cleanup:
13:35:21 INFO  mapper_cleanup
13:35:22 INFO  Executed sudo&lt;tedge_mapper_c8y&gt;, exit status 0
13:35:22 INFO  
13:35:22 INFO  Test duration: 2.96 secs
13:35:22 INFO  Test final outcome:  FAILED
13:35:22 INFO  Test outcome reason: Grep on tedge_sub.out contains "The size of the message received on tedge/measurements is 20489 which is greater than the threshold size of 16184."
13:35:22 INFO  
</system-out>
	</testcase>
</testsuite><testsuite name="tedge_software_update" tests="1" errors="0" failures="0" skipped="0" time="0"><testcase classname="PySysTest" name="tedge_software_update" />
</testsuite><testsuite name="valid_device_id" tests="1" errors="0" failures="0" skipped="0" time="0"><testcase classname="ValidateValidDeviceId" name="valid_device_id" />
</testsuite></testsuites>