<?xml version='1.0' encoding='utf-8'?>
<testsuites tests="147" failures="35" errors="0" skipped="45" time="0.0"><testsuite name="SoftwareManagement.Plugin.apama_plugin_install" tests="3" errors="0" failures="2" skipped="1" time="0"><testcase classname="ApamaPluginInstallTest" name="SoftwareManagement.Plugin.apama_plugin_install">
		<skipped message="SKIPPED: Apama plugin tests are disabled by default. Execute `pysys run` with `-XmyPlatform=container` to run these tests" />
		<system-out>17:31:06 INFO  ==============================================================
17:31:06 INFO  Id:    SoftwareManagement.Plugin.apama_plugin_install
17:31:06 INFO  Dir:   plugin_apama/
17:31:06 INFO  Title: Validate apama plugin install
17:31:06 INFO  ==============================================================
17:31:06 INFO  Apama plugin tests are disabled by default. Execute `pysys run` with `-XmyPlatform=container` to run these tests ... skipped
17:31:06 WARN  Aborted test due to SKIPPED outcome
17:31:06 INFO  
17:31:06 INFO  Test duration: 0.05 secs
17:31:06 INFO  Test final outcome:  SKIPPED
17:31:06 INFO  Test outcome reason: Apama plugin tests are disabled by default. Execute `pysys run` with `-XmyPlatform=container` to run these tests
17:31:06 INFO  
</system-out>
	</testcase>
<testcase classname="ApamaPluginInstallTest" name="SoftwareManagement.Plugin.apama_plugin_install">
		<failure message="BLOCKED: sudo&lt;remove_apama_project&gt; returned non-zero exit code 1 (+1 other failures)" type="BLOCKED" />
		<system-out>18:10:09 INFO  ==============================================================
18:10:09 INFO  Id:    SoftwareManagement.Plugin.apama_plugin_install
18:10:09 INFO  Dir:   plugin_apama/
18:10:09 INFO  Title: Validate apama plugin install
18:10:09 INFO  ==============================================================
18:10:09 INFO  Assertion that path exists=False for "/etc/tedge/apama/project" ... passed
18:10:12 INFO  Executed sudo&lt;plugin_install&gt;, exit status 0
18:10:13 INFO  Executed sudo&lt;apama_correlator_wait&gt;, exit status 0
18:10:14 INFO  Executed sudo&lt;plugin_list_after_install&gt;, exit status 0
18:10:14 INFO  Assertion that path exists=True for "/etc/tedge/apama/project" ... passed
18:10:15 INFO  Executed sudo&lt;apama_list_monitors&gt;, exit status 0
18:10:15 INFO  Grep on file /home/pi/actions-runner/_work/thin-edge.io/thin-edge.io/tests/PySys/plugin_apama/apama_plugin_install/Output/linux/apama_list_monitors.out ... passed
18:10:15 INFO  Grep on file plugin_list_after_install.out ... passed
18:10:15 INFO  Grep on file plugin_list_after_install.out ... passed
18:10:15 INFO  
18:10:15 INFO  cleanup:
18:10:15 INFO  Removing apama project
18:10:15 WARN  Executed sudo&lt;remove_apama_project&gt;, exit status 1
18:10:15 INFO  Contents of remove_apama_project.err: 
  rm: cannot remove '/etc/tedge/apama/project/logs': Directory not empty
  -----

18:10:15 ERROR Error while running cleanup function: 
Traceback (most recent call last):
  File "/home/pi/env-pysys/lib/python3.7/site-packages/pysys/process/user.py", line 1305, in cleanup
    fn()
  File "/home/pi/actions-runner/_work/thin-edge.io/thin-edge.io/tests/PySys/plugin_apama/environment_apama_plugin.py", line 144, in cleanup_project
    self.remove_project()
  File "/home/pi/actions-runner/_work/thin-edge.io/thin-edge.io/tests/PySys/plugin_apama/environment_apama_plugin.py", line 95, in remove_project
    stdouterr="remove_apama_project",
  File "/home/pi/env-pysys/lib/python3.7/site-packages/pysys/process/user.py", line 482, in startProcess
    abortOnError=abortOnError)
  File "/home/pi/env-pysys/lib/python3.7/site-packages/pysys/process/user.py", line 1401, in addOutcome
    self.abort(outcome, outcomeReason, callRecord)
  File "/home/pi/env-pysys/lib/python3.7/site-packages/pysys/process/user.py", line 1420, in abort
    raise AbortExecution(outcome, outcomeReason, callRecord)
pysys.exceptions.AbortExecution: sudo&lt;remove_apama_project&gt; returned non-zero exit code 1
18:10:15 WARN  Cleanup failed with 1 errors: Cleanup function failed: sudo&lt;remove_apama_project&gt; returned non-zero exit code 1 (AbortExecution) ... blocked 
18:10:15 INFO  
18:10:15 INFO  Test duration: 6.22 secs
18:10:15 INFO  Test final outcome:  BLOCKED
18:10:15 INFO  Test outcome reason: sudo&lt;remove_apama_project&gt; returned non-zero exit code 1 (+1 other failures)
18:10:15 INFO  
</system-out>
	</testcase>
<testcase classname="ApamaPluginInstallTest" name="SoftwareManagement.Plugin.apama_plugin_install">
		<failure message="BLOCKED: sudo&lt;plugin_install&gt; returned non-zero exit code 2 (+2 other failures)" type="BLOCKED" />
		<system-out>18:18:15 INFO  ==============================================================
18:18:15 INFO  Id:    SoftwareManagement.Plugin.apama_plugin_install
18:18:15 INFO  Dir:   plugin_apama/
18:18:15 INFO  Title: Validate apama plugin install
18:18:15 INFO  ==============================================================
18:18:16 WARN  Assertion that path exists=False for "/etc/tedge/apama/project" ... failed 
18:18:16 WARN  Executed sudo&lt;plugin_install&gt;, exit status 2
18:18:16 INFO  Contents of plugin_install.err: 
  ERROR: Device or resource busy (os error 16)
  -----

18:18:16 WARN  sudo&lt;plugin_install&gt; returned non-zero exit code 2 ... blocked [run.py:29]
18:18:16 WARN  Aborted test due to BLOCKED outcome
18:18:16 INFO  
18:18:16 INFO  cleanup:
18:18:16 INFO  Removing apama project
18:18:17 WARN  Executed sudo&lt;remove_apama_project&gt;, exit status 1
18:18:17 INFO  Contents of remove_apama_project.err: 
  rm: cannot remove '/etc/tedge/apama/project/logs/.nfs0000000000160f7c0000384e': Device or resource busy
  -----

18:18:17 ERROR Error while running cleanup function: 
Traceback (most recent call last):
  File "/home/pi/env-pysys/lib/python3.7/site-packages/pysys/process/user.py", line 1305, in cleanup
    fn()
  File "/home/pi/actions-runner/_work/thin-edge.io/thin-edge.io/tests/PySys/plugin_apama/environment_apama_plugin.py", line 144, in cleanup_project
    self.remove_project()
  File "/home/pi/actions-runner/_work/thin-edge.io/thin-edge.io/tests/PySys/plugin_apama/environment_apama_plugin.py", line 95, in remove_project
    stdouterr="remove_apama_project",
  File "/home/pi/env-pysys/lib/python3.7/site-packages/pysys/process/user.py", line 482, in startProcess
    abortOnError=abortOnError)
  File "/home/pi/env-pysys/lib/python3.7/site-packages/pysys/process/user.py", line 1401, in addOutcome
    self.abort(outcome, outcomeReason, callRecord)
  File "/home/pi/env-pysys/lib/python3.7/site-packages/pysys/process/user.py", line 1420, in abort
    raise AbortExecution(outcome, outcomeReason, callRecord)
pysys.exceptions.AbortExecution: sudo&lt;remove_apama_project&gt; returned non-zero exit code 1
18:18:17 WARN  Cleanup failed with 1 errors: Cleanup function failed: sudo&lt;remove_apama_project&gt; returned non-zero exit code 1 (AbortExecution) ... blocked 
18:18:17 INFO  
18:18:17 INFO  Test duration: 1.57 secs
18:18:17 INFO  Test final outcome:  BLOCKED
18:18:17 INFO  Test outcome reason: sudo&lt;plugin_install&gt; returned non-zero exit code 2 (+2 other failures)
18:18:17 INFO  
</system-out>
	</testcase>
</testsuite><testsuite name="SoftwareManagement.Plugin.apama_plugin_mon_support" tests="3" errors="0" failures="2" skipped="1" time="0"><testcase classname="ApamaPluginMonSupportTest" name="SoftwareManagement.Plugin.apama_plugin_mon_support">
		<skipped message="SKIPPED: Apama plugin tests are disabled by default. Execute `pysys run` with `-XmyPlatform=container` to run these tests" />
		<system-out>17:31:06 INFO  ==============================================================
17:31:06 INFO  Id:    SoftwareManagement.Plugin.apama_plugin_mon_support
17:31:06 INFO  Dir:   plugin_apama/
17:31:06 INFO  Title: Validate mon file support of apama plugin
17:31:06 INFO  ==============================================================
17:31:06 INFO  Apama plugin tests are disabled by default. Execute `pysys run` with `-XmyPlatform=container` to run these tests ... skipped
17:31:06 WARN  Aborted test due to SKIPPED outcome
17:31:06 INFO  
17:31:06 INFO  Test duration: 0.03 secs
17:31:06 INFO  Test final outcome:  SKIPPED
17:31:06 INFO  Test outcome reason: Apama plugin tests are disabled by default. Execute `pysys run` with `-XmyPlatform=container` to run these tests
17:31:06 INFO  
</system-out>
	</testcase>
<testcase classname="ApamaPluginMonSupportTest" name="SoftwareManagement.Plugin.apama_plugin_mon_support">
		<failure message="FAILED: Assertion that path exists=False for &quot;/etc/tedge/apama/project&quot;" type="FAILED" />
		<system-out>18:10:15 INFO  ==============================================================
18:10:15 INFO  Id:    SoftwareManagement.Plugin.apama_plugin_mon_support
18:10:15 INFO  Dir:   plugin_apama/
18:10:15 INFO  Title: Validate mon file support of apama plugin
18:10:15 INFO  ==============================================================
18:10:16 WARN  Assertion that path exists=False for "/etc/tedge/apama/project" ... failed 
18:10:16 INFO  Executed sudo&lt;create_project_dir&gt;, exit status 0
18:10:17 INFO  Executed sudo&lt;unzip_apama_project&gt;, exit status 0
18:10:17 INFO  Executed sudo&lt;move_apama_project&gt;, exit status 0
18:10:18 INFO  Executed sudo&lt;restart_apama_service&gt;, exit status 0
18:10:19 INFO  Executed sudo&lt;apama_correlator_wait&gt;, exit status 0
18:10:20 INFO  Executed sudo&lt;apama_list_monitors&gt;, exit status 0
18:10:20 INFO  Grep on file /home/pi/actions-runner/_work/thin-edge.io/thin-edge.io/tests/PySys/plugin_apama/apama_plugin_mon_support/Output/linux/apama_list_monitors.out ... passed
18:10:21 INFO  Executed sudo&lt;plugin_list_before_install&gt;, exit status 0
18:10:22 INFO  Executed sudo&lt;plugin_install&gt;, exit status 0
18:10:22 INFO  Executed sudo&lt;apama_correlator_wait&gt;, exit status 0
18:10:23 INFO  Executed sudo&lt;plugin_list_after_install&gt;, exit status 0
18:10:24 INFO  Executed sudo&lt;plugin_update&gt;, exit status 0
18:10:25 INFO  Executed sudo&lt;apama_correlator_wait&gt;, exit status 0
18:10:26 INFO  Executed sudo&lt;plugin_list_after_update&gt;, exit status 0
18:10:27 INFO  Executed sudo&lt;plugin_remove&gt;, exit status 0
18:10:27 INFO  Executed sudo&lt;plugin_list_after_remove&gt;, exit status 0
18:10:27 INFO  Grep on file plugin_list_before_install.out ... passed
18:10:27 INFO  Grep on file plugin_list_after_install.out ... passed
18:10:27 INFO  Grep on file plugin_list_after_update.out ... passed
18:10:27 INFO  Grep on file plugin_list_after_remove.out ... passed
18:10:27 INFO  
18:10:27 INFO  cleanup:
18:10:27 INFO  Removing apama project
18:10:28 INFO  Executed sudo&lt;remove_apama_project&gt;, exit status 0
18:10:45 INFO  Executed sudo&lt;stop_apama_service&gt;, exit status 0, duration 16 secs
18:10:45 INFO  Executed sudo&lt;remove_apama_tmp_dir&gt;, exit status 0
18:10:45 INFO  
18:10:45 INFO  Test duration: 29.76 secs
18:10:45 INFO  Test final outcome:  FAILED
18:10:45 INFO  Test outcome reason: Assertion that path exists=False for "/etc/tedge/apama/project"
18:10:45 INFO  
</system-out>
	</testcase>
<testcase classname="ApamaPluginMonSupportTest" name="SoftwareManagement.Plugin.apama_plugin_mon_support">
		<failure message="BLOCKED: ProcessError: Error stopping process sudo&lt;unzip_apama_project&gt; (pid 9279) due to PermissionError: [Errno 1] Operation not permitted (+3 other failures)" type="BLOCKED" />
		<system-out>18:18:17 INFO  ==============================================================
18:18:17 INFO  Id:    SoftwareManagement.Plugin.apama_plugin_mon_support
18:18:17 INFO  Dir:   plugin_apama/
18:18:17 INFO  Title: Validate mon file support of apama plugin
18:18:17 INFO  ==============================================================
18:18:17 WARN  Assertion that path exists=False for "/etc/tedge/apama/project" ... failed 
18:18:17 INFO  Executed sudo&lt;create_project_dir&gt;, exit status 0
18:28:17 WARN  Process sudo&lt;unzip_apama_project&gt; (pid 9279) timed out after 600 seconds, stopping process
18:28:17 WARN  ProcessError occurred while running test - Error stopping process sudo&lt;unzip_apama_project&gt; (pid 9279) due to PermissionError: [Errno 1] Operation not permitted
Traceback (most recent call last):
  File "/home/pi/env-pysys/lib/python3.7/site-packages/pysys/process/user.py", line 465, in startProcess
    process.start()
  File "/home/pi/env-pysys/lib/python3.7/site-packages/pysys/process/__init__.py", line 282, in start
    self.wait(self.timeout)
  File "/home/pi/env-pysys/lib/python3.7/site-packages/pysys/process/__init__.py", line 263, in wait
    raise ProcessTimeout('Waiting for completion of %r timed out after %d seconds'%(self, int(timeout)))
pysys.exceptions.ProcessTimeout: Waiting for completion of sudo&lt;unzip_apama_project&gt; (pid 9279) timed out after 600 seconds

During handling of the above exception, another exception occurred:

Traceback (most recent call last):
  File "/home/pi/env-pysys/lib/python3.7/site-packages/pysys/process/plat-unix/helper.py", line 226, in stop
    os.kill(self.pid, sig)
PermissionError: [Errno 1] Operation not permitted

During handling of the above exception, another exception occurred:

Traceback (most recent call last):
  File "/home/pi/env-pysys/lib/python3.7/site-packages/pysys/baserunner.py", line 1292, in __call__
    self.testObj.setup()
  File "/home/pi/actions-runner/_work/thin-edge.io/thin-edge.io/tests/PySys/plugin_apama/apama_plugin_mon_support/run.py", line 19, in setup
    self.install_project(self.project.apama_input_dir + "/quickstart.zip")
  File "/home/pi/actions-runner/_work/thin-edge.io/thin-edge.io/tests/PySys/plugin_apama/environment_apama_plugin.py", line 72, in install_project
    stdouterr="unzip_apama_project",
  File "/home/pi/env-pysys/lib/python3.7/site-packages/pysys/process/user.py", line 493, in startProcess
    process.stop()
  File "/home/pi/env-pysys/lib/python3.7/site-packages/pysys/process/plat-unix/helper.py", line 252, in stop
    raise ProcessError("Error stopping process %r due to %s: %s"%(self, type(ex).__name__, ex))
pysys.exceptions.ProcessError: Error stopping process sudo&lt;unzip_apama_project&gt; (pid 9279) due to PermissionError: [Errno 1] Operation not permitted
18:28:18 WARN  ProcessError: Error stopping process sudo&lt;unzip_apama_project&gt; (pid 9279) due to PermissionError: [Errno 1] Operation not permitted ... blocked 
18:28:18 INFO  
18:28:18 INFO  cleanup:
18:28:18 INFO  Removing apama project
18:28:18 WARN  Executed sudo&lt;remove_apama_project&gt;, exit status 1
18:28:18 INFO  Contents of remove_apama_project.err: 
  rm: cannot remove '/etc/tedge/apama/project/logs/.nfs0000000000160f7c0000384e': Device or resource busy
  -----

18:28:18 ERROR Error while running cleanup function: 
Traceback (most recent call last):
  File "/home/pi/env-pysys/lib/python3.7/site-packages/pysys/process/user.py", line 1305, in cleanup
    fn()
  File "/home/pi/actions-runner/_work/thin-edge.io/thin-edge.io/tests/PySys/plugin_apama/environment_apama_plugin.py", line 144, in cleanup_project
    self.remove_project()
  File "/home/pi/actions-runner/_work/thin-edge.io/thin-edge.io/tests/PySys/plugin_apama/environment_apama_plugin.py", line 95, in remove_project
    stdouterr="remove_apama_project",
  File "/home/pi/env-pysys/lib/python3.7/site-packages/pysys/process/user.py", line 482, in startProcess
    abortOnError=abortOnError)
  File "/home/pi/env-pysys/lib/python3.7/site-packages/pysys/process/user.py", line 1401, in addOutcome
    self.abort(outcome, outcomeReason, callRecord)
  File "/home/pi/env-pysys/lib/python3.7/site-packages/pysys/process/user.py", line 1420, in abort
    raise AbortExecution(outcome, outcomeReason, callRecord)
pysys.exceptions.AbortExecution: sudo&lt;remove_apama_project&gt; returned non-zero exit code 1
18:28:18 WARN  Cleanup failed with 1 errors: Cleanup function failed: sudo&lt;remove_apama_project&gt; returned non-zero exit code 1 (AbortExecution) ... blocked 
18:28:18 INFO  
18:28:18 INFO  Test duration: 601.54 secs
18:28:18 INFO  Test final outcome:  BLOCKED
18:28:18 INFO  Test outcome reason: ProcessError: Error stopping process sudo&lt;unzip_apama_project&gt; (pid 9279) due to PermissionError: [Errno 1] Operation not permitted (+3 other failures)
18:28:18 INFO  
</system-out>
	</testcase>
</testsuite><testsuite name="SoftwareManagement.Plugin.apama_plugin_remove" tests="3" errors="0" failures="1" skipped="1" time="0"><testcase classname="ApamaPluginRemoveTest" name="SoftwareManagement.Plugin.apama_plugin_remove">
		<skipped message="SKIPPED: Apama plugin tests are disabled by default. Execute `pysys run` with `-XmyPlatform=container` to run these tests" />
		<system-out>17:31:06 INFO  ==============================================================
17:31:06 INFO  Id:    SoftwareManagement.Plugin.apama_plugin_remove
17:31:06 INFO  Dir:   plugin_apama/
17:31:06 INFO  Title: Validate apama plugin remove
17:31:06 INFO  ==============================================================
17:31:06 INFO  Apama plugin tests are disabled by default. Execute `pysys run` with `-XmyPlatform=container` to run these tests ... skipped
17:31:06 WARN  Aborted test due to SKIPPED outcome
17:31:06 INFO  
17:31:06 INFO  Test duration: 0.02 secs
17:31:06 INFO  Test final outcome:  SKIPPED
17:31:06 INFO  Test outcome reason: Apama plugin tests are disabled by default. Execute `pysys run` with `-XmyPlatform=container` to run these tests
17:31:06 INFO  
</system-out>
	</testcase>
<testcase classname="ApamaPluginRemoveTest" name="SoftwareManagement.Plugin.apama_plugin_remove" />
<testcase classname="ApamaPluginRemoveTest" name="SoftwareManagement.Plugin.apama_plugin_remove">
		<failure message="BLOCKED: sudo&lt;remove_apama_project&gt; returned non-zero exit code 1 (+2 other failures)" type="BLOCKED" />
		<system-out>18:28:18 INFO  ==============================================================
18:28:18 INFO  Id:    SoftwareManagement.Plugin.apama_plugin_remove
18:28:18 INFO  Dir:   plugin_apama/
18:28:18 INFO  Title: Validate apama plugin remove
18:28:18 INFO  ==============================================================
18:28:19 WARN  Assertion that path exists=False for "/etc/tedge/apama/project" ... failed 
18:28:19 WARN  Aborted test due to FAILED outcome
18:28:19 INFO  
18:28:19 INFO  cleanup:
18:28:19 INFO  Removing apama project
18:28:19 WARN  Executed sudo&lt;remove_apama_project&gt;, exit status 1
18:28:19 INFO  Contents of remove_apama_project.err: 
  rm: cannot remove '/etc/tedge/apama/project/logs/.nfs0000000000160f7c0000384e': Device or resource busy
  -----

18:28:19 ERROR Error while running cleanup function: 
Traceback (most recent call last):
  File "/home/pi/env-pysys/lib/python3.7/site-packages/pysys/process/user.py", line 1305, in cleanup
    fn()
  File "/home/pi/actions-runner/_work/thin-edge.io/thin-edge.io/tests/PySys/plugin_apama/environment_apama_plugin.py", line 144, in cleanup_project
    self.remove_project()
  File "/home/pi/actions-runner/_work/thin-edge.io/thin-edge.io/tests/PySys/plugin_apama/environment_apama_plugin.py", line 95, in remove_project
    stdouterr="remove_apama_project",
  File "/home/pi/env-pysys/lib/python3.7/site-packages/pysys/process/user.py", line 482, in startProcess
    abortOnError=abortOnError)
  File "/home/pi/env-pysys/lib/python3.7/site-packages/pysys/process/user.py", line 1401, in addOutcome
    self.abort(outcome, outcomeReason, callRecord)
  File "/home/pi/env-pysys/lib/python3.7/site-packages/pysys/process/user.py", line 1420, in abort
    raise AbortExecution(outcome, outcomeReason, callRecord)
pysys.exceptions.AbortExecution: sudo&lt;remove_apama_project&gt; returned non-zero exit code 1
18:28:19 WARN  Cleanup failed with 1 errors: Cleanup function failed: sudo&lt;remove_apama_project&gt; returned non-zero exit code 1 (AbortExecution) ... blocked 
18:28:19 INFO  
18:28:19 INFO  Test duration: 0.74 secs
18:28:19 INFO  Test final outcome:  BLOCKED
18:28:19 INFO  Test outcome reason: sudo&lt;remove_apama_project&gt; returned non-zero exit code 1 (+2 other failures)
18:28:19 INFO  
</system-out>
	</testcase>
</testsuite><testsuite name="SoftwareManagement.Plugin.apama_plugin_update" tests="3" errors="0" failures="2" skipped="1" time="0"><testcase classname="ApamaPluginUpdateTest" name="SoftwareManagement.Plugin.apama_plugin_update">
		<skipped message="SKIPPED: Apama plugin tests are disabled by default. Execute `pysys run` with `-XmyPlatform=container` to run these tests" />
		<system-out>17:31:06 INFO  ==============================================================
17:31:06 INFO  Id:    SoftwareManagement.Plugin.apama_plugin_update
17:31:06 INFO  Dir:   plugin_apama/
17:31:06 INFO  Title: Validate apama plugin updating one project with another
17:31:06 INFO  ==============================================================
17:31:06 INFO  Apama plugin tests are disabled by default. Execute `pysys run` with `-XmyPlatform=container` to run these tests ... skipped
17:31:06 WARN  Aborted test due to SKIPPED outcome
17:31:06 INFO  
17:31:06 INFO  Test duration: 0.02 secs
17:31:06 INFO  Test final outcome:  SKIPPED
17:31:06 INFO  Test outcome reason: Apama plugin tests are disabled by default. Execute `pysys run` with `-XmyPlatform=container` to run these tests
17:31:06 INFO  
</system-out>
	</testcase>
<testcase classname="ApamaPluginUpdateTest" name="SoftwareManagement.Plugin.apama_plugin_update">
		<failure message="BLOCKED: sudo&lt;plugin_install&gt; returned non-zero exit code 2 (+2 other failures)" type="BLOCKED" />
		<system-out>18:11:04 INFO  ==============================================================
18:11:04 INFO  Id:    SoftwareManagement.Plugin.apama_plugin_update
18:11:04 INFO  Dir:   plugin_apama/
18:11:04 INFO  Title: Validate apama plugin updating one project with another
18:11:04 INFO  ==============================================================
18:11:04 INFO  Assertion that path exists=False for "/etc/tedge/apama/project" ... passed
18:11:04 INFO  Executed sudo&lt;create_project_dir&gt;, exit status 0
18:11:05 INFO  Executed sudo&lt;unzip_apama_project&gt;, exit status 0
18:11:05 INFO  Executed sudo&lt;move_apama_project&gt;, exit status 0
18:11:06 INFO  Executed sudo&lt;restart_apama_service&gt;, exit status 0
18:11:07 INFO  Executed sudo&lt;apama_correlator_wait&gt;, exit status 0
18:11:07 INFO  Assertion that path exists=True for "/etc/tedge/apama/project" ... passed
18:11:08 INFO  Executed sudo&lt;apama_list_monitors&gt;, exit status 0
18:11:08 INFO  Grep on file /home/pi/actions-runner/_work/thin-edge.io/thin-edge.io/tests/PySys/plugin_apama/apama_plugin_update/Output/linux/apama_list_monitors.out ... passed
18:11:08 WARN  Executed sudo&lt;plugin_install&gt;, exit status 2
18:11:08 INFO  Contents of plugin_install.err: 
  ERROR: Directory not empty (os error 39)
  -----

18:11:08 WARN  sudo&lt;plugin_install&gt; returned non-zero exit code 2 ... blocked [run.py:35]
18:11:08 WARN  Aborted test due to BLOCKED outcome
18:11:08 INFO  
18:11:08 INFO  cleanup:
18:11:08 INFO  Removing apama project
18:11:09 WARN  Executed sudo&lt;remove_apama_project&gt;, exit status 1
18:11:09 INFO  Contents of remove_apama_project.err: 
  rm: cannot remove '/etc/tedge/apama/project/logs/.nfs0000000000160f7c0000384e': Device or resource busy
  -----

18:11:09 ERROR Error while running cleanup function: 
Traceback (most recent call last):
  File "/home/pi/env-pysys/lib/python3.7/site-packages/pysys/process/user.py", line 1305, in cleanup
    fn()
  File "/home/pi/actions-runner/_work/thin-edge.io/thin-edge.io/tests/PySys/plugin_apama/environment_apama_plugin.py", line 144, in cleanup_project
    self.remove_project()
  File "/home/pi/actions-runner/_work/thin-edge.io/thin-edge.io/tests/PySys/plugin_apama/environment_apama_plugin.py", line 95, in remove_project
    stdouterr="remove_apama_project",
  File "/home/pi/env-pysys/lib/python3.7/site-packages/pysys/process/user.py", line 482, in startProcess
    abortOnError=abortOnError)
  File "/home/pi/env-pysys/lib/python3.7/site-packages/pysys/process/user.py", line 1401, in addOutcome
    self.abort(outcome, outcomeReason, callRecord)
  File "/home/pi/env-pysys/lib/python3.7/site-packages/pysys/process/user.py", line 1420, in abort
    raise AbortExecution(outcome, outcomeReason, callRecord)
pysys.exceptions.AbortExecution: sudo&lt;remove_apama_project&gt; returned non-zero exit code 1
18:11:09 WARN  Cleanup failed with 1 errors: Cleanup function failed: sudo&lt;remove_apama_project&gt; returned non-zero exit code 1 (AbortExecution) ... blocked 
18:11:09 INFO  
18:11:09 INFO  Test duration: 5.14 secs
18:11:09 INFO  Test final outcome:  BLOCKED
18:11:09 INFO  Test outcome reason: sudo&lt;plugin_install&gt; returned non-zero exit code 2 (+2 other failures)
18:11:09 INFO  
</system-out>
	</testcase>
<testcase classname="ApamaPluginUpdateTest" name="SoftwareManagement.Plugin.apama_plugin_update">
		<failure message="BLOCKED: sudo&lt;remove_apama_project&gt; returned non-zero exit code 1 (+2 other failures)" type="BLOCKED" />
		<system-out>18:28:19 INFO  ==============================================================
18:28:19 INFO  Id:    SoftwareManagement.Plugin.apama_plugin_update
18:28:19 INFO  Dir:   plugin_apama/
18:28:19 INFO  Title: Validate apama plugin updating one project with another
18:28:19 INFO  ==============================================================
18:28:19 WARN  Assertion that path exists=False for "/etc/tedge/apama/project" ... failed 
18:28:19 WARN  Aborted test due to FAILED outcome
18:28:19 INFO  
18:28:19 INFO  cleanup:
18:28:19 INFO  Removing apama project
18:28:20 WARN  Executed sudo&lt;remove_apama_project&gt;, exit status 1
18:28:20 INFO  Contents of remove_apama_project.err: 
  rm: cannot remove '/etc/tedge/apama/project/logs/.nfs0000000000160f7c0000384e': Device or resource busy
  -----

18:28:20 ERROR Error while running cleanup function: 
Traceback (most recent call last):
  File "/home/pi/env-pysys/lib/python3.7/site-packages/pysys/process/user.py", line 1305, in cleanup
    fn()
  File "/home/pi/actions-runner/_work/thin-edge.io/thin-edge.io/tests/PySys/plugin_apama/environment_apama_plugin.py", line 144, in cleanup_project
    self.remove_project()
  File "/home/pi/actions-runner/_work/thin-edge.io/thin-edge.io/tests/PySys/plugin_apama/environment_apama_plugin.py", line 95, in remove_project
    stdouterr="remove_apama_project",
  File "/home/pi/env-pysys/lib/python3.7/site-packages/pysys/process/user.py", line 482, in startProcess
    abortOnError=abortOnError)
  File "/home/pi/env-pysys/lib/python3.7/site-packages/pysys/process/user.py", line 1401, in addOutcome
    self.abort(outcome, outcomeReason, callRecord)
  File "/home/pi/env-pysys/lib/python3.7/site-packages/pysys/process/user.py", line 1420, in abort
    raise AbortExecution(outcome, outcomeReason, callRecord)
pysys.exceptions.AbortExecution: sudo&lt;remove_apama_project&gt; returned non-zero exit code 1
18:28:20 WARN  Cleanup failed with 1 errors: Cleanup function failed: sudo&lt;remove_apama_project&gt; returned non-zero exit code 1 (AbortExecution) ... blocked 
18:28:20 INFO  
18:28:20 INFO  Test duration: 0.87 secs
18:28:20 INFO  Test final outcome:  BLOCKED
18:28:20 INFO  Test outcome reason: sudo&lt;remove_apama_project&gt; returned non-zero exit code 1 (+2 other failures)
18:28:20 INFO  
</system-out>
	</testcase>
</testsuite><testsuite name="SoftwareManagement.sm_apt_install_download_path" tests="3" errors="0" failures="2" skipped="1" time="0"><testcase classname="AptInstallWithDownloadPath" name="SoftwareManagement.sm_apt_install_download_path">
		<skipped message="SKIPPED: Testing the apt plugin is not supported on this platform.Use parameter -XmyPlatform='container' to enable it" />
		<system-out>17:42:19 INFO  ==============================================================
17:42:19 INFO  Id:    SoftwareManagement.sm_apt_install_download_path
17:42:19 INFO  Dir:   software_management_end_to_end/
17:42:19 INFO  Title: Install package to directory specified in tedge config set tmp.path
17:42:19 INFO  ==============================================================
17:42:19 INFO  Testing the apt plugin is not supported on this platform.Use parameter -XmyPlatform='container' to enable it ... skipped
17:42:19 WARN  Aborted test due to SKIPPED outcome
17:42:19 INFO  
17:42:19 INFO  Test duration: 0.06 secs
17:42:19 INFO  Test final outcome:  SKIPPED
17:42:19 INFO  Test outcome reason: Testing the apt plugin is not supported on this platform.Use parameter -XmyPlatform='container' to enable it
17:42:19 INFO  
</system-out>
	</testcase>
<testcase classname="AptInstallWithDownloadPath" name="SoftwareManagement.sm_apt_install_download_path">
		<failure message="BLOCKED: TypeError: 'NoneType' object is not iterable" type="BLOCKED" />
		<system-out>18:05:17 INFO  ==============================================================
18:05:17 INFO  Id:    SoftwareManagement.sm_apt_install_download_path
18:05:17 INFO  Dir:   software_management_end_to_end/
18:05:17 INFO  Title: Install package to directory specified in tedge config set tmp.path
18:05:18 INFO  ==============================================================
18:05:18 INFO  Using sw id database: {'asciijump': '5475369', 'robotfindskitten': '5474869', 'squirrel3': '5475279', 'rolldice': '5152439', 'moon-buggy': '5439204', 'apple': '5495053', 'banana': '5494888', 'cherry': '5495382', 'watermelon': '5494510', 'registry': '8018911', 'hello-world': '8021526', 'docker/getting-started': '8021973', 'alpine': '7991792'}
18:05:18 INFO  EnvironmentC8y Setup
18:05:18 INFO  Executed systemctl&lt;serv_mapper1&gt;, exit status 3
18:05:33 INFO  Executed sudo&lt;tedge_connect_c8y&gt;, exit status 0, duration 14 secs
18:05:35 INFO  Executed sudo&lt;tedge_connect_c8y_test&gt;, exit status 0
18:05:36 INFO  Executed systemctl&lt;serv_mosq2&gt;, exit status 0
18:05:36 INFO  Executed systemctl&lt;serv_mapper3&gt;, exit status 0
18:05:39 INFO  State of current operation: SUCCESSFUL
18:05:39 WARN  TypeError occurred while running test - 'NoneType' object is not iterable
Traceback (most recent call last):
  File "/home/pi/env-pysys/lib/python3.7/site-packages/pysys/baserunner.py", line 1292, in __call__
    self.testObj.setup()
  File "/home/pi/actions-runner/_work/thin-edge.io/thin-edge.io/tests/PySys/software_management_end_to_end/sm_apt_install_download_path/run.py", line 49, in setup
    self.assertThat("False == value", value=self.check_is_installed("rolldice"))
  File "/home/pi/actions-runner/_work/thin-edge.io/thin-edge.io/tests/PySys/software_management_end_to_end/environment_sm_management.py", line 398, in check_is_installed
    for package in package_list:
TypeError: 'NoneType' object is not iterable
18:05:39 WARN  TypeError: 'NoneType' object is not iterable ... blocked 
18:05:39 INFO  
18:05:39 INFO  cleanup:
18:05:40 INFO  Executed sudo, exit status 0
18:05:40 INFO  Executed sudo, exit status 0
18:05:44 INFO  Executed sudo&lt;tedge_disconnect_c8y&gt;, exit status 0
18:05:44 INFO  Restarting mosquitto too frequently in the last 10 seconds. It was only up for 3 seconds
18:05:44 INFO  Delaying execution by 8 seconds
18:06:06 INFO  Executed sudo&lt;tedge_connect_c8y&gt;, exit status 0, duration 13 secs
18:06:10 INFO  Executed sudo&lt;tedge_disconnect_c8y&gt;, exit status 0
18:06:11 INFO  Executed systemctl&lt;serv_mapper5&gt;, exit status 3
18:06:11 INFO  
18:06:11 INFO  Test duration: 53.18 secs
18:06:11 INFO  Test final outcome:  BLOCKED
18:06:11 INFO  Test outcome reason: TypeError: 'NoneType' object is not iterable
18:06:11 INFO  
</system-out>
	</testcase>
<testcase classname="AptInstallWithDownloadPath" name="SoftwareManagement.sm_apt_install_download_path">
		<failure message="BLOCKED: AssertionError:" type="BLOCKED" />
		<system-out>18:28:20 INFO  ==============================================================
18:28:20 INFO  Id:    SoftwareManagement.sm_apt_install_download_path
18:28:20 INFO  Dir:   software_management_end_to_end/
18:28:20 INFO  Title: Install package to directory specified in tedge config set tmp.path
18:28:20 INFO  ==============================================================
18:28:22 INFO  Using sw id database: {'asciijump': '5475369', 'robotfindskitten': '5474869', 'squirrel3': '5475279', 'rolldice': '5152439', 'moon-buggy': '5439204', 'apple': '5495053', 'banana': '5494888', 'cherry': '5495382', 'watermelon': '5494510', 'registry': '8018911', 'hello-world': '8021526', 'docker/getting-started': '8021973', 'alpine': '7991792'}
18:28:22 INFO  EnvironmentC8y Setup
18:28:22 INFO  Executed systemctl&lt;serv_mapper1&gt;, exit status 3
18:28:36 INFO  Executed sudo&lt;tedge_connect_c8y&gt;, exit status 0, duration 13 secs
18:28:37 INFO  Executed sudo&lt;tedge_connect_c8y_test&gt;, exit status 0
18:28:37 INFO  Executed systemctl&lt;serv_mosq2&gt;, exit status 0
18:28:38 INFO  Executed systemctl&lt;serv_mapper3&gt;, exit status 0
18:28:40 INFO  State of current operation: SUCCESSFUL
18:28:40 INFO  Assert that (False == value) with value=False ... passed
18:28:41 INFO  Executed sudo, exit status 0
18:28:41 INFO  Executed sudo, exit status 0
18:28:42 INFO  Executed sudo, exit status 0
18:28:46 INFO  Executed sudo&lt;tedge_disconnect_c8y&gt;, exit status 0
18:28:46 INFO  Restarting mosquitto too frequently in the last 10 seconds. It was only up for 4 seconds
18:28:46 INFO  Delaying execution by 7 seconds
18:29:06 INFO  Executed sudo&lt;tedge_connect_c8y&gt;, exit status 0, duration 13 secs
18:29:07 INFO  Response status: 201
18:29:07 INFO  Response to action: {
    "creationTime": "2022-04-27T18:29:07.171Z",
    "deviceName": "m32sd10d",
    "deviceId": "17820341",
    "self": "https://t493319102.eu-latest.cumulocity.com/devicecontrol/operations/17832454",
    "id": "17832454",
    "status": "PENDING",
    "description": "Apply software changes, triggered from PySys: [{'name': 'rolldice', 'id': '5152439', 'version': '::apt', 'url': 'https://thin-edge-io.eu-latest.cumulocity.com/inventory/binaries/12435463', 'action': 'install'}]",
    "c8y_SoftwareUpdate": [
        {
            "name": "rolldice",
            "action": "install",
            "id": "5152439",
            "version": "::apt",
            "url": "https://thin-edge-io.eu-latest.cumulocity.com/inventory/binaries/12435463"
        }
    ]
}
18:29:07 INFO  Started operation: {'creationTime': '2022-04-27T18:29:07.171Z', 'deviceName': 'm32sd10d', 'deviceId': '17820341', 'self': 'https://t493319102.eu-latest.cumulocity.com/devicecontrol/operations/17832454', 'id': '17832454', 'status': 'PENDING', 'description': "Apply software changes, triggered from PySys: [{'name': 'rolldice', 'id': '5152439', 'version': '::apt', 'url': 'https://thin-edge-io.eu-latest.cumulocity.com/inventory/binaries/12435463', 'action': 'install'}]", 'c8y_SoftwareUpdate': [{'name': 'rolldice', 'action': 'install', 'id': '5152439', 'version': '::apt', 'url': 'https://thin-edge-io.eu-latest.cumulocity.com/inventory/binaries/12435463'}]}
18:29:07 WARN  , retrying in 0.5 seconds...
18:29:07 WARN  , retrying in 0.5 seconds...
18:29:08 WARN  , retrying in 0.5 seconds...
18:29:08 WARN  , retrying in 0.5 seconds...
18:29:09 WARN  , retrying in 0.5 seconds...
18:29:09 WARN  , retrying in 0.5 seconds...
18:29:10 WARN  , retrying in 0.5 seconds...
18:29:10 WARN  , retrying in 0.5 seconds...
18:29:11 WARN  , retrying in 0.5 seconds...
18:29:11 WARN  AssertionError occurred while running test - 
Traceback (most recent call last):
  File "/home/pi/env-pysys/lib/python3.7/site-packages/pysys/baserunner.py", line 1294, in __call__
    self.testObj.execute()
  File "/home/pi/actions-runner/_work/thin-edge.io/thin-edge.io/tests/PySys/software_management_end_to_end/sm_apt_install_download_path/run.py", line 83, in execute
    assert_install_in_download_path(install_directory=self.DOWNLOAD_DIR)
  File "/home/pi/env-pysys/lib/python3.7/site-packages/decorator.py", line 232, in fun
    return caller(func, *(extras + args), **kw)
  File "/home/pi/env-pysys/lib/python3.7/site-packages/retry/api.py", line 74, in retry_decorator
    logger)
  File "/home/pi/env-pysys/lib/python3.7/site-packages/retry/api.py", line 33, in __retry_internal
    return f()
  File "/home/pi/actions-runner/_work/thin-edge.io/thin-edge.io/tests/PySys/software_management_end_to_end/sm_apt_install_download_path/run.py", line 28, in assert_install_in_download_path
    assert "rolldice" in os.listdir(f"{install_directory}")
AssertionError
18:29:11 WARN  AssertionError: ... blocked 
18:29:11 INFO  
18:29:11 INFO  cleanup:
18:29:12 INFO  Executed sudo, exit status 0
18:29:12 INFO  Executed sudo, exit status 0
18:29:17 INFO  Executed sudo&lt;tedge_disconnect_c8y&gt;, exit status 0
18:29:17 INFO  Restarting mosquitto too frequently in the last 10 seconds. It was only up for 3 seconds
18:29:17 INFO  Delaying execution by 8 seconds
18:29:39 INFO  Executed sudo&lt;tedge_connect_c8y&gt;, exit status 0, duration 13 secs
18:29:43 INFO  Executed sudo&lt;tedge_disconnect_c8y&gt;, exit status 0
18:29:43 INFO  Executed systemctl&lt;serv_mapper5&gt;, exit status 3
18:29:43 INFO  
18:29:43 INFO  Test duration: 83.31 secs
18:29:43 INFO  Test final outcome:  BLOCKED
18:29:43 INFO  Test outcome reason: AssertionError:
18:29:43 INFO  
</system-out>
	</testcase>
</testsuite><testsuite name="SoftwareManagement.sm_apt_install_fail" tests="3" errors="0" failures="2" skipped="1" time="0"><testcase classname="PySysTest" name="SoftwareManagement.sm_apt_install_fail">
		<skipped message="SKIPPED: Testing the apt plugin is not supported on this platform.Use parameter -XmyPlatform='container' to enable it" />
		<system-out>17:42:20 INFO  ==============================================================
17:42:20 INFO  Id:    SoftwareManagement.sm_apt_install_fail
17:42:20 INFO  Dir:   software_management_end_to_end/
17:42:20 INFO  Title: Validate end to end behaviour for a failing installation
17:42:20 INFO  ==============================================================
17:42:20 INFO  Testing the apt plugin is not supported on this platform.Use parameter -XmyPlatform='container' to enable it ... skipped
17:42:20 WARN  Aborted test due to SKIPPED outcome
17:42:20 INFO  
17:42:20 INFO  Test duration: 0.02 secs
17:42:20 INFO  Test final outcome:  SKIPPED
17:42:20 INFO  Test outcome reason: Testing the apt plugin is not supported on this platform.Use parameter -XmyPlatform='container' to enable it
17:42:20 INFO  
</system-out>
	</testcase>
<testcase classname="PySysTest" name="SoftwareManagement.sm_apt_install_fail">
		<failure message="BLOCKED: TypeError: 'NoneType' object is not iterable" type="BLOCKED" />
		<system-out>18:06:11 INFO  ==============================================================
18:06:11 INFO  Id:    SoftwareManagement.sm_apt_install_fail
18:06:11 INFO  Dir:   software_management_end_to_end/
18:06:11 INFO  Title: Validate end to end behaviour for a failing installation
18:06:11 INFO  ==============================================================
18:06:11 INFO  Using sw id database: {'asciijump': '5475369', 'robotfindskitten': '5474869', 'squirrel3': '5475279', 'rolldice': '5152439', 'moon-buggy': '5439204', 'apple': '5495053', 'banana': '5494888', 'cherry': '5495382', 'watermelon': '5494510', 'registry': '8018911', 'hello-world': '8021526', 'docker/getting-started': '8021973', 'alpine': '7991792'}
18:06:11 INFO  EnvironmentC8y Setup
18:06:11 INFO  Executed systemctl&lt;serv_mapper1&gt;, exit status 3
18:06:11 INFO  Restarting mosquitto too frequently in the last 10 seconds. It was only up for 4 seconds
18:06:11 INFO  Delaying execution by 7 seconds
18:06:32 INFO  Executed sudo&lt;tedge_connect_c8y&gt;, exit status 0, duration 13 secs
18:06:33 INFO  Executed sudo&lt;tedge_connect_c8y_test&gt;, exit status 0
18:06:33 INFO  Executed systemctl&lt;serv_mosq2&gt;, exit status 0
18:06:34 INFO  Executed systemctl&lt;serv_mapper3&gt;, exit status 0
18:06:36 INFO  State of current operation: SUCCESSFUL
18:06:36 INFO  Response status: 201
18:06:36 INFO  Response to action: {
    "creationTime": "2022-04-27T18:06:36.601Z",
    "deviceName": "m32sd10d",
    "deviceId": "17820341",
    "self": "https://t493319102.eu-latest.cumulocity.com/devicecontrol/operations/17832346",
    "id": "17832346",
    "status": "PENDING",
    "description": "Apply software changes, triggered from PySys: [{'name': 'does_not_exist', 'id': '5446165', 'version': '::apt', 'url': '', 'action': 'install'}]",
    "c8y_SoftwareUpdate": [
        {
            "name": "does_not_exist",
            "action": "install",
            "id": "5446165",
            "version": "::apt",
            "url": ""
        }
    ]
}
18:06:36 INFO  Started operation: {'creationTime': '2022-04-27T18:06:36.601Z', 'deviceName': 'm32sd10d', 'deviceId': '17820341', 'self': 'https://t493319102.eu-latest.cumulocity.com/devicecontrol/operations/17832346', 'id': '17832346', 'status': 'PENDING', 'description': "Apply software changes, triggered from PySys: [{'name': 'does_not_exist', 'id': '5446165', 'version': '::apt', 'url': '', 'action': 'install'}]", 'c8y_SoftwareUpdate': [{'name': 'does_not_exist', 'action': 'install', 'id': '5446165', 'version': '::apt', 'url': ''}]}
18:06:38 INFO  State of operation 17832346 : PENDING
18:06:41 INFO  State of operation 17832346 : EXECUTING
18:06:43 INFO  State of operation 17832346 : EXECUTING
18:06:45 INFO  State of operation 17832346 : EXECUTING
18:06:47 INFO  State of operation 17832346 : EXECUTING
18:06:49 INFO  State of operation 17832346 : EXECUTING
18:06:52 INFO  State of operation 17832346 : EXECUTING
18:06:55 INFO  State of operation 17832346 : EXECUTING
18:06:57 INFO  State of operation 17832346 : EXECUTING
18:07:00 INFO  State of operation 17832346 : EXECUTING
18:07:02 INFO  State of operation 17832346 : EXECUTING
18:07:04 INFO  State of operation 17832346 : EXECUTING
18:07:06 INFO  State of operation 17832346 : EXECUTING
18:07:09 INFO  State of operation 17832346 : EXECUTING
18:07:11 INFO  State of operation 17832346 : EXECUTING
18:07:13 INFO  State of operation 17832346 : EXECUTING
18:07:16 INFO  State of operation 17832346 : EXECUTING
18:07:18 INFO  State of operation 17832346 : EXECUTING
18:07:21 INFO  State of operation 17832346 : EXECUTING
18:07:23 INFO  State of operation 17832346 : EXECUTING
18:07:25 INFO  State of operation 17832346 : FAILED
18:07:25 WARN  TypeError occurred while running test - 'NoneType' object is not iterable
Traceback (most recent call last):
  File "/home/pi/env-pysys/lib/python3.7/site-packages/pysys/baserunner.py", line 1296, in __call__
    self.testObj.validate()
  File "/home/pi/actions-runner/_work/thin-edge.io/thin-edge.io/tests/PySys/software_management_end_to_end/sm_apt_install_fail/run.py", line 31, in validate
    "False == value", value=self.check_is_installed("does_not_exist")
  File "/home/pi/actions-runner/_work/thin-edge.io/thin-edge.io/tests/PySys/software_management_end_to_end/environment_sm_management.py", line 398, in check_is_installed
    for package in package_list:
TypeError: 'NoneType' object is not iterable
18:07:25 WARN  TypeError: 'NoneType' object is not iterable ... blocked 
18:07:25 INFO  
18:07:25 INFO  cleanup:
18:07:29 INFO  Executed sudo&lt;tedge_disconnect_c8y&gt;, exit status 0
18:07:30 INFO  Executed systemctl&lt;serv_mapper5&gt;, exit status 3
18:07:30 INFO  
18:07:30 INFO  Test duration: 79.06 secs
18:07:30 INFO  Test final outcome:  BLOCKED
18:07:30 INFO  Test outcome reason: TypeError: 'NoneType' object is not iterable
18:07:30 INFO  
</system-out>
	</testcase>
<testcase classname="PySysTest" name="SoftwareManagement.sm_apt_install_fail">
		<failure message="BLOCKED: SystemError: Timeout while waiting for status FAILED or SUCCESSFUL" type="BLOCKED" />
		<system-out>18:29:43 INFO  ==============================================================
18:29:43 INFO  Id:    SoftwareManagement.sm_apt_install_fail
18:29:43 INFO  Dir:   software_management_end_to_end/
18:29:43 INFO  Title: Validate end to end behaviour for a failing installation
18:29:43 INFO  ==============================================================
18:29:43 INFO  Using sw id database: {'asciijump': '5475369', 'robotfindskitten': '5474869', 'squirrel3': '5475279', 'rolldice': '5152439', 'moon-buggy': '5439204', 'apple': '5495053', 'banana': '5494888', 'cherry': '5495382', 'watermelon': '5494510', 'registry': '8018911', 'hello-world': '8021526', 'docker/getting-started': '8021973', 'alpine': '7991792'}
18:29:43 INFO  EnvironmentC8y Setup
18:29:44 INFO  Executed systemctl&lt;serv_mapper1&gt;, exit status 3
18:29:44 INFO  Restarting mosquitto too frequently in the last 10 seconds. It was only up for 5 seconds
18:29:44 INFO  Delaying execution by 6 seconds
18:30:04 INFO  Executed sudo&lt;tedge_connect_c8y&gt;, exit status 0, duration 13 secs
18:30:04 INFO  Executed sudo&lt;tedge_connect_c8y_test&gt;, exit status 0
18:30:05 INFO  Executed systemctl&lt;serv_mosq2&gt;, exit status 0
18:30:05 INFO  Executed systemctl&lt;serv_mapper3&gt;, exit status 0
18:30:08 INFO  State of current operation: PENDING
18:30:10 INFO  State of current operation: PENDING
18:30:12 INFO  State of current operation: PENDING
18:30:14 INFO  State of current operation: PENDING
18:30:16 INFO  State of current operation: PENDING
18:30:19 INFO  State of current operation: PENDING
18:30:21 INFO  State of current operation: PENDING
18:30:23 INFO  State of current operation: PENDING
18:30:25 INFO  State of current operation: PENDING
18:30:27 INFO  State of current operation: PENDING
18:30:30 INFO  State of current operation: PENDING
18:30:32 INFO  State of current operation: PENDING
18:30:34 INFO  State of current operation: PENDING
18:30:36 INFO  State of current operation: PENDING
18:30:39 INFO  State of current operation: PENDING
18:30:41 INFO  State of current operation: PENDING
18:30:43 INFO  State of current operation: PENDING
18:30:45 INFO  State of current operation: PENDING
18:30:48 INFO  State of current operation: PENDING
18:30:50 INFO  State of current operation: PENDING
18:30:52 INFO  State of current operation: PENDING
18:30:54 INFO  State of current operation: PENDING
18:30:56 INFO  State of current operation: PENDING
18:30:59 INFO  State of current operation: PENDING
18:31:01 INFO  State of current operation: PENDING
18:31:03 INFO  State of current operation: PENDING
18:31:05 INFO  State of current operation: PENDING
18:31:07 INFO  State of current operation: PENDING
18:31:10 INFO  State of current operation: PENDING
18:31:12 INFO  State of current operation: PENDING
18:31:14 INFO  State of current operation: PENDING
18:31:16 INFO  State of current operation: PENDING
18:31:19 INFO  State of current operation: PENDING
18:31:21 INFO  State of current operation: PENDING
18:31:23 INFO  State of current operation: PENDING
18:31:25 INFO  State of current operation: PENDING
18:31:27 INFO  State of current operation: PENDING
18:31:30 INFO  State of current operation: PENDING
18:31:32 INFO  State of current operation: PENDING
18:31:34 INFO  State of current operation: PENDING
18:31:36 INFO  State of current operation: PENDING
18:31:39 INFO  State of current operation: PENDING
18:31:41 INFO  State of current operation: PENDING
18:31:43 INFO  State of current operation: PENDING
18:31:45 INFO  State of current operation: PENDING
18:31:47 INFO  State of current operation: PENDING
18:31:50 INFO  State of current operation: PENDING
18:31:52 INFO  State of current operation: PENDING
18:31:54 INFO  State of current operation: PENDING
18:31:56 INFO  State of current operation: PENDING
18:31:59 INFO  State of current operation: PENDING
18:32:01 INFO  State of current operation: PENDING
18:32:03 INFO  State of current operation: PENDING
18:32:05 INFO  State of current operation: PENDING
18:32:07 INFO  State of current operation: PENDING
18:32:10 INFO  State of current operation: PENDING
18:32:12 INFO  State of current operation: PENDING
18:32:14 INFO  State of current operation: PENDING
18:32:16 INFO  State of current operation: PENDING
18:32:18 INFO  State of current operation: PENDING
18:32:21 INFO  State of current operation: PENDING
18:32:23 WARN  SystemError occurred while running test - Timeout while waiting for status FAILED or SUCCESSFUL
Traceback (most recent call last):
  File "/home/pi/env-pysys/lib/python3.7/site-packages/pysys/baserunner.py", line 1292, in __call__
    self.testObj.setup()
  File "/home/pi/actions-runner/_work/thin-edge.io/thin-edge.io/tests/PySys/software_management_end_to_end/sm_apt_install_fail/run.py", line 20, in setup
    super().setup()
  File "/home/pi/actions-runner/_work/thin-edge.io/thin-edge.io/tests/PySys/software_management_end_to_end/environment_sm_management.py", line 151, in setup
    self.wait_until_end()
  File "/home/pi/actions-runner/_work/thin-edge.io/thin-edge.io/tests/PySys/software_management_end_to_end/environment_sm_management.py", line 332, in wait_until_end
    self.wait_until_status("FAILED", "SUCCESSFUL")
  File "/home/pi/actions-runner/_work/thin-edge.io/thin-edge.io/tests/PySys/software_management_end_to_end/environment_sm_management.py", line 381, in wait_until_status
    "Timeout while waiting for status %s or %s" % (status, status2)
SystemError: Timeout while waiting for status FAILED or SUCCESSFUL
18:32:23 WARN  SystemError: Timeout while waiting for status FAILED or SUCCESSFUL ... blocked 
18:32:23 INFO  
18:32:23 INFO  cleanup:
18:32:27 INFO  Executed sudo&lt;tedge_disconnect_c8y&gt;, exit status 0
18:32:27 INFO  Executed systemctl&lt;serv_mapper5&gt;, exit status 3
18:32:27 INFO  
18:32:27 INFO  Test duration: 164.04 secs
18:32:27 INFO  Test final outcome:  BLOCKED
18:32:27 INFO  Test outcome reason: SystemError: Timeout while waiting for status FAILED or SUCCESSFUL
18:32:27 INFO  
</system-out>
	</testcase>
</testsuite><testsuite name="SoftwareManagement.sm_apt_install_remove" tests="3" errors="0" failures="2" skipped="1" time="0"><testcase classname="PySysTest" name="SoftwareManagement.sm_apt_install_remove">
		<skipped message="SKIPPED: Testing the apt plugin is not supported on this platform.Use parameter -XmyPlatform='container' to enable it" />
		<system-out>17:42:20 INFO  ==============================================================
17:42:20 INFO  Id:    SoftwareManagement.sm_apt_install_remove
17:42:20 INFO  Dir:   software_management_end_to_end/
17:42:20 INFO  Title: Validate end to end behaviour for the apt plugin for installation and removal of packages
17:42:20 INFO  ==============================================================
17:42:20 INFO  Testing the apt plugin is not supported on this platform.Use parameter -XmyPlatform='container' to enable it ... skipped
17:42:20 WARN  Aborted test due to SKIPPED outcome
17:42:20 INFO  
17:42:20 INFO  Test duration: 0.02 secs
17:42:20 INFO  Test final outcome:  SKIPPED
17:42:20 INFO  Test outcome reason: Testing the apt plugin is not supported on this platform.Use parameter -XmyPlatform='container' to enable it
17:42:20 INFO  
</system-out>
	</testcase>
<testcase classname="PySysTest" name="SoftwareManagement.sm_apt_install_remove">
		<failure message="BLOCKED: TypeError: 'NoneType' object is not iterable" type="BLOCKED" />
		<system-out>18:07:30 INFO  ==============================================================
18:07:30 INFO  Id:    SoftwareManagement.sm_apt_install_remove
18:07:30 INFO  Dir:   software_management_end_to_end/
18:07:30 INFO  Title: Validate end to end behaviour for the apt plugin for installation and removal of packages
18:07:30 INFO  ==============================================================
18:07:30 INFO  Using sw id database: {'asciijump': '5475369', 'robotfindskitten': '5474869', 'squirrel3': '5475279', 'rolldice': '5152439', 'moon-buggy': '5439204', 'apple': '5495053', 'banana': '5494888', 'cherry': '5495382', 'watermelon': '5494510', 'registry': '8018911', 'hello-world': '8021526', 'docker/getting-started': '8021973', 'alpine': '7991792'}
18:07:30 INFO  EnvironmentC8y Setup
18:07:30 INFO  Executed systemctl&lt;serv_mapper1&gt;, exit status 3
18:07:31 INFO  Restarting mosquitto too frequently in the last 10 seconds. It was only up for 4 seconds
18:07:31 INFO  Delaying execution by 7 seconds
18:07:53 INFO  Executed sudo&lt;tedge_connect_c8y&gt;, exit status 0, duration 15 secs
18:07:53 INFO  Executed sudo&lt;tedge_connect_c8y_test&gt;, exit status 0
18:07:54 INFO  Executed systemctl&lt;serv_mosq2&gt;, exit status 0
18:07:54 INFO  Executed systemctl&lt;serv_mapper3&gt;, exit status 0
18:07:56 INFO  State of current operation: FAILED
18:07:57 WARN  TypeError occurred while running test - 'NoneType' object is not iterable
Traceback (most recent call last):
  File "/home/pi/env-pysys/lib/python3.7/site-packages/pysys/baserunner.py", line 1292, in __call__
    self.testObj.setup()
  File "/home/pi/actions-runner/_work/thin-edge.io/thin-edge.io/tests/PySys/software_management_end_to_end/sm_apt_install_remove/run.py", line 28, in setup
    if self.check_is_installed("rolldice"):
  File "/home/pi/actions-runner/_work/thin-edge.io/thin-edge.io/tests/PySys/software_management_end_to_end/environment_sm_management.py", line 398, in check_is_installed
    for package in package_list:
TypeError: 'NoneType' object is not iterable
18:07:57 WARN  TypeError: 'NoneType' object is not iterable ... blocked 
18:07:57 INFO  
18:07:57 INFO  cleanup:
18:08:01 INFO  Executed sudo&lt;tedge_disconnect_c8y&gt;, exit status 0
18:08:02 INFO  Executed systemctl&lt;serv_mapper5&gt;, exit status 3
18:08:02 INFO  
18:08:02 INFO  Test duration: 31.69 secs
18:08:02 INFO  Test final outcome:  BLOCKED
18:08:02 INFO  Test outcome reason: TypeError: 'NoneType' object is not iterable
18:08:02 INFO  
</system-out>
	</testcase>
<testcase classname="PySysTest" name="SoftwareManagement.sm_apt_install_remove">
		<failure message="BLOCKED: SystemError: Timeout while waiting for status FAILED or SUCCESSFUL" type="BLOCKED" />
		<system-out>18:32:28 INFO  ==============================================================
18:32:28 INFO  Id:    SoftwareManagement.sm_apt_install_remove
18:32:28 INFO  Dir:   software_management_end_to_end/
18:32:28 INFO  Title: Validate end to end behaviour for the apt plugin for installation and removal of packages
18:32:28 INFO  ==============================================================
18:32:28 INFO  Using sw id database: {'asciijump': '5475369', 'robotfindskitten': '5474869', 'squirrel3': '5475279', 'rolldice': '5152439', 'moon-buggy': '5439204', 'apple': '5495053', 'banana': '5494888', 'cherry': '5495382', 'watermelon': '5494510', 'registry': '8018911', 'hello-world': '8021526', 'docker/getting-started': '8021973', 'alpine': '7991792'}
18:32:28 INFO  EnvironmentC8y Setup
18:32:28 INFO  Executed systemctl&lt;serv_mapper1&gt;, exit status 3
18:32:28 INFO  Restarting mosquitto too frequently in the last 10 seconds. It was only up for 5 seconds
18:32:28 INFO  Delaying execution by 6 seconds
18:32:48 INFO  Executed sudo&lt;tedge_connect_c8y&gt;, exit status 0, duration 14 secs
18:32:49 INFO  Executed sudo&lt;tedge_connect_c8y_test&gt;, exit status 0
18:32:49 INFO  Executed systemctl&lt;serv_mosq2&gt;, exit status 0
18:32:50 INFO  Executed systemctl&lt;serv_mapper3&gt;, exit status 0
18:32:52 INFO  State of current operation: PENDING
18:32:54 INFO  State of current operation: PENDING
18:32:57 INFO  State of current operation: PENDING
18:32:59 INFO  State of current operation: PENDING
18:33:01 INFO  State of current operation: PENDING
18:33:03 INFO  State of current operation: PENDING
18:33:05 INFO  State of current operation: PENDING
18:33:08 INFO  State of current operation: PENDING
18:33:10 INFO  State of current operation: PENDING
18:33:12 INFO  State of current operation: PENDING
18:33:14 INFO  State of current operation: PENDING
18:33:17 INFO  State of current operation: PENDING
18:33:19 INFO  State of current operation: PENDING
18:33:21 INFO  State of current operation: PENDING
18:33:23 INFO  State of current operation: PENDING
18:33:25 INFO  State of current operation: PENDING
18:33:28 INFO  State of current operation: PENDING
18:33:30 INFO  State of current operation: PENDING
18:33:32 INFO  State of current operation: PENDING
18:33:34 INFO  State of current operation: PENDING
18:33:36 INFO  State of current operation: PENDING
18:33:39 INFO  State of current operation: PENDING
18:33:41 INFO  State of current operation: PENDING
18:33:43 INFO  State of current operation: PENDING
18:33:45 INFO  State of current operation: PENDING
18:33:48 INFO  State of current operation: PENDING
18:33:50 INFO  State of current operation: PENDING
18:33:52 INFO  State of current operation: PENDING
18:33:54 INFO  State of current operation: PENDING
18:33:56 INFO  State of current operation: PENDING
18:33:59 INFO  State of current operation: PENDING
18:34:01 INFO  State of current operation: PENDING
18:34:03 INFO  State of current operation: PENDING
18:34:05 INFO  State of current operation: PENDING
18:34:08 INFO  State of current operation: PENDING
18:34:10 INFO  State of current operation: PENDING
18:34:12 INFO  State of current operation: PENDING
18:34:14 INFO  State of current operation: PENDING
18:34:16 INFO  State of current operation: PENDING
18:34:19 INFO  State of current operation: PENDING
18:34:21 INFO  State of current operation: PENDING
18:34:23 INFO  State of current operation: PENDING
18:34:25 INFO  State of current operation: PENDING
18:34:28 INFO  State of current operation: PENDING
18:34:30 INFO  State of current operation: PENDING
18:34:32 INFO  State of current operation: PENDING
18:34:34 INFO  State of current operation: PENDING
18:34:36 INFO  State of current operation: PENDING
18:34:39 INFO  State of current operation: PENDING
18:34:41 INFO  State of current operation: PENDING
18:34:43 INFO  State of current operation: PENDING
18:34:45 INFO  State of current operation: PENDING
18:34:48 INFO  State of current operation: PENDING
18:34:50 INFO  State of current operation: PENDING
18:34:52 INFO  State of current operation: PENDING
18:34:54 INFO  State of current operation: PENDING
18:34:56 INFO  State of current operation: PENDING
18:34:59 INFO  State of current operation: PENDING
18:35:01 INFO  State of current operation: PENDING
18:35:03 INFO  State of current operation: PENDING
18:35:05 INFO  State of current operation: PENDING
18:35:07 WARN  SystemError occurred while running test - Timeout while waiting for status FAILED or SUCCESSFUL
Traceback (most recent call last):
  File "/home/pi/env-pysys/lib/python3.7/site-packages/pysys/baserunner.py", line 1292, in __call__
    self.testObj.setup()
  File "/home/pi/actions-runner/_work/thin-edge.io/thin-edge.io/tests/PySys/software_management_end_to_end/sm_apt_install_remove/run.py", line 27, in setup
    super().setup()
  File "/home/pi/actions-runner/_work/thin-edge.io/thin-edge.io/tests/PySys/software_management_end_to_end/environment_sm_management.py", line 151, in setup
    self.wait_until_end()
  File "/home/pi/actions-runner/_work/thin-edge.io/thin-edge.io/tests/PySys/software_management_end_to_end/environment_sm_management.py", line 332, in wait_until_end
    self.wait_until_status("FAILED", "SUCCESSFUL")
  File "/home/pi/actions-runner/_work/thin-edge.io/thin-edge.io/tests/PySys/software_management_end_to_end/environment_sm_management.py", line 381, in wait_until_status
    "Timeout while waiting for status %s or %s" % (status, status2)
SystemError: Timeout while waiting for status FAILED or SUCCESSFUL
18:35:07 WARN  SystemError: Timeout while waiting for status FAILED or SUCCESSFUL ... blocked 
18:35:07 INFO  
18:35:07 INFO  cleanup:
18:35:11 INFO  Executed sudo&lt;tedge_disconnect_c8y&gt;, exit status 0
18:35:12 INFO  Executed systemctl&lt;serv_mapper5&gt;, exit status 3
18:35:12 INFO  
18:35:12 INFO  Test duration: 164.43 secs
18:35:12 INFO  Test final outcome:  BLOCKED
18:35:12 INFO  Test outcome reason: SystemError: Timeout while waiting for status FAILED or SUCCESSFUL
18:35:12 INFO  
</system-out>
	</testcase>
</testsuite><testsuite name="SoftwareManagement.sm_apt_install_remove_default" tests="3" errors="0" failures="2" skipped="1" time="0"><testcase classname="PySysTest" name="SoftwareManagement.sm_apt_install_remove_default">
		<skipped message="SKIPPED: Testing the apt plugin is not supported on this platform.Use parameter -XmyPlatform='container' to enable it" />
		<system-out>17:42:20 INFO  ==============================================================
17:42:20 INFO  Id:    SoftwareManagement.sm_apt_install_remove_default
17:42:20 INFO  Dir:   software_management_end_to_end/
17:42:20 INFO  Title: Validate end to end behaviour for the default plugin for installation and removal of packages
17:42:20 INFO  ==============================================================
17:42:20 INFO  Testing the apt plugin is not supported on this platform.Use parameter -XmyPlatform='container' to enable it ... skipped
17:42:20 WARN  Aborted test due to SKIPPED outcome
17:42:20 INFO  
17:42:20 INFO  Test duration: 0.02 secs
17:42:20 INFO  Test final outcome:  SKIPPED
17:42:20 INFO  Test outcome reason: Testing the apt plugin is not supported on this platform.Use parameter -XmyPlatform='container' to enable it
17:42:20 INFO  
</system-out>
	</testcase>
<testcase classname="PySysTest" name="SoftwareManagement.sm_apt_install_remove_default">
		<failure message="BLOCKED: TypeError: 'NoneType' object is not iterable" type="BLOCKED" />
		<system-out>18:08:02 INFO  ==============================================================
18:08:02 INFO  Id:    SoftwareManagement.sm_apt_install_remove_default
18:08:02 INFO  Dir:   software_management_end_to_end/
18:08:02 INFO  Title: Validate end to end behaviour for the default plugin for installation and removal of packages
18:08:02 INFO  ==============================================================
18:08:02 INFO  Using sw id database: {'asciijump': '5475369', 'robotfindskitten': '5474869', 'squirrel3': '5475279', 'rolldice': '5152439', 'moon-buggy': '5439204', 'apple': '5495053', 'banana': '5494888', 'cherry': '5495382', 'watermelon': '5494510', 'registry': '8018911', 'hello-world': '8021526', 'docker/getting-started': '8021973', 'alpine': '7991792'}
18:08:02 INFO  EnvironmentC8y Setup
18:08:02 INFO  Executed systemctl&lt;serv_mapper1&gt;, exit status 3
18:08:02 INFO  Restarting mosquitto too frequently in the last 10 seconds. It was only up for 5 seconds
18:08:02 INFO  Delaying execution by 6 seconds
18:08:28 INFO  Executed sudo&lt;tedge_connect_c8y&gt;, exit status 0, duration 20 secs
18:08:29 INFO  Executed sudo&lt;tedge_connect_c8y_test&gt;, exit status 0
18:08:30 INFO  Executed systemctl&lt;serv_mosq2&gt;, exit status 0
18:08:30 INFO  Executed systemctl&lt;serv_mapper3&gt;, exit status 0
18:08:32 INFO  State of current operation: FAILED
18:08:32 WARN  TypeError occurred while running test - 'NoneType' object is not iterable
Traceback (most recent call last):
  File "/home/pi/env-pysys/lib/python3.7/site-packages/pysys/baserunner.py", line 1292, in __call__
    self.testObj.setup()
  File "/home/pi/actions-runner/_work/thin-edge.io/thin-edge.io/tests/PySys/software_management_end_to_end/sm_apt_install_remove_default/run.py", line 27, in setup
    self.assertThat("False == value", value=self.check_is_installed("rolldice"))
  File "/home/pi/actions-runner/_work/thin-edge.io/thin-edge.io/tests/PySys/software_management_end_to_end/environment_sm_management.py", line 398, in check_is_installed
    for package in package_list:
TypeError: 'NoneType' object is not iterable
18:08:33 WARN  TypeError: 'NoneType' object is not iterable ... blocked 
18:08:33 INFO  
18:08:33 INFO  cleanup:
18:08:37 INFO  Executed sudo&lt;tedge_disconnect_c8y&gt;, exit status 0
18:08:37 INFO  Executed systemctl&lt;serv_mapper5&gt;, exit status 3
18:08:37 INFO  
18:08:37 INFO  Test duration: 35.64 secs
18:08:37 INFO  Test final outcome:  BLOCKED
18:08:37 INFO  Test outcome reason: TypeError: 'NoneType' object is not iterable
18:08:37 INFO  
</system-out>
	</testcase>
<testcase classname="PySysTest" name="SoftwareManagement.sm_apt_install_remove_default">
		<failure message="BLOCKED: SystemError: Timeout while waiting for status FAILED or SUCCESSFUL" type="BLOCKED" />
		<system-out>18:35:12 INFO  ==============================================================
18:35:12 INFO  Id:    SoftwareManagement.sm_apt_install_remove_default
18:35:12 INFO  Dir:   software_management_end_to_end/
18:35:12 INFO  Title: Validate end to end behaviour for the default plugin for installation and removal of packages
18:35:12 INFO  ==============================================================
18:35:12 INFO  Using sw id database: {'asciijump': '5475369', 'robotfindskitten': '5474869', 'squirrel3': '5475279', 'rolldice': '5152439', 'moon-buggy': '5439204', 'apple': '5495053', 'banana': '5494888', 'cherry': '5495382', 'watermelon': '5494510', 'registry': '8018911', 'hello-world': '8021526', 'docker/getting-started': '8021973', 'alpine': '7991792'}
18:35:12 INFO  EnvironmentC8y Setup
18:35:13 INFO  Executed systemctl&lt;serv_mapper1&gt;, exit status 3
18:35:13 INFO  Restarting mosquitto too frequently in the last 10 seconds. It was only up for 4 seconds
18:35:13 INFO  Delaying execution by 7 seconds
18:35:34 INFO  Executed sudo&lt;tedge_connect_c8y&gt;, exit status 0, duration 14 secs
18:35:35 INFO  Executed sudo&lt;tedge_connect_c8y_test&gt;, exit status 0
18:35:35 INFO  Executed systemctl&lt;serv_mosq2&gt;, exit status 0
18:35:35 INFO  Executed systemctl&lt;serv_mapper3&gt;, exit status 0
18:35:38 INFO  State of current operation: PENDING
18:35:40 INFO  State of current operation: PENDING
18:35:42 INFO  State of current operation: PENDING
18:35:44 INFO  State of current operation: PENDING
18:35:47 INFO  State of current operation: PENDING
18:35:49 INFO  State of current operation: PENDING
18:35:51 INFO  State of current operation: PENDING
18:35:53 INFO  State of current operation: PENDING
18:35:55 INFO  State of current operation: PENDING
18:35:58 INFO  State of current operation: PENDING
18:36:00 INFO  State of current operation: PENDING
18:36:02 INFO  State of current operation: PENDING
18:36:04 INFO  State of current operation: PENDING
18:36:07 INFO  State of current operation: PENDING
18:36:09 INFO  State of current operation: PENDING
18:36:11 INFO  State of current operation: PENDING
18:36:13 INFO  State of current operation: PENDING
18:36:15 INFO  State of current operation: PENDING
18:36:18 INFO  State of current operation: PENDING
18:36:20 INFO  State of current operation: PENDING
18:36:22 INFO  State of current operation: PENDING
18:36:24 INFO  State of current operation: PENDING
18:36:27 INFO  State of current operation: PENDING
18:36:29 INFO  State of current operation: PENDING
18:36:31 INFO  State of current operation: PENDING
18:36:33 INFO  State of current operation: PENDING
18:36:35 INFO  State of current operation: PENDING
18:36:38 INFO  State of current operation: PENDING
18:36:40 INFO  State of current operation: PENDING
18:36:42 INFO  State of current operation: PENDING
18:36:44 INFO  State of current operation: PENDING
18:36:47 INFO  State of current operation: PENDING
18:36:49 INFO  State of current operation: PENDING
18:36:51 INFO  State of current operation: PENDING
18:36:53 INFO  State of current operation: PENDING
18:36:55 INFO  State of current operation: PENDING
18:36:58 INFO  State of current operation: PENDING
18:37:00 INFO  State of current operation: PENDING
18:37:02 INFO  State of current operation: PENDING
18:37:04 INFO  State of current operation: PENDING
18:37:07 INFO  State of current operation: PENDING
18:37:09 INFO  State of current operation: PENDING
18:37:11 INFO  State of current operation: PENDING
18:37:13 INFO  State of current operation: PENDING
18:37:15 INFO  State of current operation: PENDING
18:37:18 INFO  State of current operation: PENDING
18:37:20 INFO  State of current operation: PENDING
18:37:22 INFO  State of current operation: PENDING
18:37:24 INFO  State of current operation: PENDING
18:37:26 INFO  State of current operation: PENDING
18:37:29 INFO  State of current operation: PENDING
18:37:31 INFO  State of current operation: PENDING
18:37:33 INFO  State of current operation: PENDING
18:37:35 INFO  State of current operation: PENDING
18:37:38 INFO  State of current operation: PENDING
18:37:40 INFO  State of current operation: PENDING
18:37:42 INFO  State of current operation: PENDING
18:37:44 INFO  State of current operation: PENDING
18:37:46 INFO  State of current operation: PENDING
18:37:49 INFO  State of current operation: PENDING
18:37:51 INFO  State of current operation: PENDING
18:37:53 WARN  SystemError occurred while running test - Timeout while waiting for status FAILED or SUCCESSFUL
Traceback (most recent call last):
  File "/home/pi/env-pysys/lib/python3.7/site-packages/pysys/baserunner.py", line 1292, in __call__
    self.testObj.setup()
  File "/home/pi/actions-runner/_work/thin-edge.io/thin-edge.io/tests/PySys/software_management_end_to_end/sm_apt_install_remove_default/run.py", line 26, in setup
    super().setup()
  File "/home/pi/actions-runner/_work/thin-edge.io/thin-edge.io/tests/PySys/software_management_end_to_end/environment_sm_management.py", line 151, in setup
    self.wait_until_end()
  File "/home/pi/actions-runner/_work/thin-edge.io/thin-edge.io/tests/PySys/software_management_end_to_end/environment_sm_management.py", line 332, in wait_until_end
    self.wait_until_status("FAILED", "SUCCESSFUL")
  File "/home/pi/actions-runner/_work/thin-edge.io/thin-edge.io/tests/PySys/software_management_end_to_end/environment_sm_management.py", line 381, in wait_until_status
    "Timeout while waiting for status %s or %s" % (status, status2)
SystemError: Timeout while waiting for status FAILED or SUCCESSFUL
18:37:53 WARN  SystemError: Timeout while waiting for status FAILED or SUCCESSFUL ... blocked 
18:37:53 INFO  
18:37:53 INFO  cleanup:
18:37:57 INFO  Executed sudo&lt;tedge_disconnect_c8y&gt;, exit status 0
18:37:58 INFO  Executed systemctl&lt;serv_mapper5&gt;, exit status 3
18:37:58 INFO  
18:37:58 INFO  Test duration: 165.79 secs
18:37:58 INFO  Test final outcome:  BLOCKED
18:37:58 INFO  Test outcome reason: SystemError: Timeout while waiting for status FAILED or SUCCESSFUL
18:37:58 INFO  
</system-out>
	</testcase>
</testsuite><testsuite name="SoftwareManagement.sm_apt_install_remove_multiple" tests="3" errors="0" failures="2" skipped="1" time="0"><testcase classname="PySysTest" name="SoftwareManagement.sm_apt_install_remove_multiple">
		<skipped message="SKIPPED: Testing the apt plugin is not supported on this platform.Use parameter -XmyPlatform='container' to enable it" />
		<system-out>17:42:20 INFO  ==============================================================
17:42:20 INFO  Id:    SoftwareManagement.sm_apt_install_remove_multiple
17:42:20 INFO  Dir:   software_management_end_to_end/
17:42:20 INFO  Title: Validate end to end behaviour for the apt plugin for multiple packages
17:42:20 INFO  ==============================================================
17:42:20 INFO  Testing the apt plugin is not supported on this platform.Use parameter -XmyPlatform='container' to enable it ... skipped
17:42:20 WARN  Aborted test due to SKIPPED outcome
17:42:20 INFO  
17:42:20 INFO  Test duration: 0.02 secs
17:42:20 INFO  Test final outcome:  SKIPPED
17:42:20 INFO  Test outcome reason: Testing the apt plugin is not supported on this platform.Use parameter -XmyPlatform='container' to enable it
17:42:20 INFO  
</system-out>
	</testcase>
<testcase classname="PySysTest" name="SoftwareManagement.sm_apt_install_remove_multiple">
		<failure message="BLOCKED: TypeError: 'NoneType' object is not iterable" type="BLOCKED" />
		<system-out>18:08:37 INFO  ==============================================================
18:08:37 INFO  Id:    SoftwareManagement.sm_apt_install_remove_multiple
18:08:37 INFO  Dir:   software_management_end_to_end/
18:08:37 INFO  Title: Validate end to end behaviour for the apt plugin for multiple packages
18:08:37 INFO  ==============================================================
18:08:37 INFO  Using sw id database: {'asciijump': '5475369', 'robotfindskitten': '5474869', 'squirrel3': '5475279', 'rolldice': '5152439', 'moon-buggy': '5439204', 'apple': '5495053', 'banana': '5494888', 'cherry': '5495382', 'watermelon': '5494510', 'registry': '8018911', 'hello-world': '8021526', 'docker/getting-started': '8021973', 'alpine': '7991792'}
18:08:37 INFO  EnvironmentC8y Setup
18:08:38 INFO  Executed systemctl&lt;serv_mapper1&gt;, exit status 3
18:08:38 INFO  Restarting mosquitto too frequently in the last 10 seconds. It was only up for 5 seconds
18:08:38 INFO  Delaying execution by 6 seconds
18:08:58 INFO  Executed sudo&lt;tedge_connect_c8y&gt;, exit status 0, duration 13 secs
18:08:58 INFO  Executed sudo&lt;tedge_connect_c8y_test&gt;, exit status 0
18:08:59 INFO  Executed systemctl&lt;serv_mosq2&gt;, exit status 0
18:08:59 INFO  Executed systemctl&lt;serv_mapper3&gt;, exit status 0
18:09:02 INFO  State of current operation: FAILED
18:09:02 WARN  TypeError occurred while running test - 'NoneType' object is not iterable
Traceback (most recent call last):
  File "/home/pi/env-pysys/lib/python3.7/site-packages/pysys/baserunner.py", line 1292, in __call__
    self.testObj.setup()
  File "/home/pi/actions-runner/_work/thin-edge.io/thin-edge.io/tests/PySys/software_management_end_to_end/sm_apt_install_remove_multiple/run.py", line 54, in setup
    self.assertThat("False == value", value=self.check_is_installed("rolldice"))
  File "/home/pi/actions-runner/_work/thin-edge.io/thin-edge.io/tests/PySys/software_management_end_to_end/environment_sm_management.py", line 398, in check_is_installed
    for package in package_list:
TypeError: 'NoneType' object is not iterable
18:09:02 WARN  TypeError: 'NoneType' object is not iterable ... blocked 
18:09:02 INFO  
18:09:02 INFO  cleanup:
18:09:06 INFO  Executed sudo&lt;tedge_disconnect_c8y&gt;, exit status 0
18:09:06 INFO  Executed systemctl&lt;serv_mapper5&gt;, exit status 3
18:09:06 INFO  
18:09:06 INFO  Test duration: 29.02 secs
18:09:06 INFO  Test final outcome:  BLOCKED
18:09:06 INFO  Test outcome reason: TypeError: 'NoneType' object is not iterable
18:09:06 INFO  
</system-out>
	</testcase>
<testcase classname="PySysTest" name="SoftwareManagement.sm_apt_install_remove_multiple">
		<failure message="BLOCKED: SystemError: Timeout while waiting for status FAILED or SUCCESSFUL" type="BLOCKED" />
		<system-out>18:37:58 INFO  ==============================================================
18:37:58 INFO  Id:    SoftwareManagement.sm_apt_install_remove_multiple
18:37:58 INFO  Dir:   software_management_end_to_end/
18:37:58 INFO  Title: Validate end to end behaviour for the apt plugin for multiple packages
18:37:58 INFO  ==============================================================
18:37:58 INFO  Using sw id database: {'asciijump': '5475369', 'robotfindskitten': '5474869', 'squirrel3': '5475279', 'rolldice': '5152439', 'moon-buggy': '5439204', 'apple': '5495053', 'banana': '5494888', 'cherry': '5495382', 'watermelon': '5494510', 'registry': '8018911', 'hello-world': '8021526', 'docker/getting-started': '8021973', 'alpine': '7991792'}
18:37:58 INFO  EnvironmentC8y Setup
18:37:58 INFO  Executed systemctl&lt;serv_mapper1&gt;, exit status 3
18:37:59 INFO  Restarting mosquitto too frequently in the last 10 seconds. It was only up for 4 seconds
18:37:59 INFO  Delaying execution by 7 seconds
18:38:19 INFO  Executed sudo&lt;tedge_connect_c8y&gt;, exit status 0, duration 13 secs
18:38:20 INFO  Executed sudo&lt;tedge_connect_c8y_test&gt;, exit status 0
18:38:20 INFO  Executed systemctl&lt;serv_mosq2&gt;, exit status 0
18:38:21 INFO  Executed systemctl&lt;serv_mapper3&gt;, exit status 0
18:38:23 INFO  State of current operation: PENDING
18:38:25 INFO  State of current operation: PENDING
18:38:27 INFO  State of current operation: PENDING
18:38:30 INFO  State of current operation: PENDING
18:38:32 INFO  State of current operation: PENDING
18:38:34 INFO  State of current operation: PENDING
18:38:36 INFO  State of current operation: PENDING
18:38:39 INFO  State of current operation: PENDING
18:38:41 INFO  State of current operation: PENDING
18:38:43 INFO  State of current operation: PENDING
18:38:45 INFO  State of current operation: PENDING
18:38:47 INFO  State of current operation: PENDING
18:38:50 INFO  State of current operation: PENDING
18:38:52 INFO  State of current operation: PENDING
18:38:54 INFO  State of current operation: PENDING
18:38:56 INFO  State of current operation: PENDING
18:38:59 INFO  State of current operation: PENDING
18:39:01 INFO  State of current operation: PENDING
18:39:03 INFO  State of current operation: PENDING
18:39:05 INFO  State of current operation: PENDING
18:39:07 INFO  State of current operation: PENDING
18:39:10 INFO  State of current operation: PENDING
18:39:12 INFO  State of current operation: PENDING
18:39:14 INFO  State of current operation: PENDING
18:39:16 INFO  State of current operation: PENDING
18:39:19 INFO  State of current operation: PENDING
18:39:21 INFO  State of current operation: PENDING
18:39:23 INFO  State of current operation: PENDING
18:39:25 INFO  State of current operation: PENDING
18:39:27 INFO  State of current operation: PENDING
18:39:30 INFO  State of current operation: PENDING
18:39:32 INFO  State of current operation: PENDING
18:39:34 INFO  State of current operation: PENDING
18:39:36 INFO  State of current operation: PENDING
18:39:39 INFO  State of current operation: PENDING
18:39:41 INFO  State of current operation: PENDING
18:39:43 INFO  State of current operation: PENDING
18:39:45 INFO  State of current operation: PENDING
18:39:47 INFO  State of current operation: PENDING
18:39:50 INFO  State of current operation: PENDING
18:39:52 INFO  State of current operation: PENDING
18:39:54 INFO  State of current operation: PENDING
18:39:56 INFO  State of current operation: PENDING
18:39:59 INFO  State of current operation: PENDING
18:40:01 INFO  State of current operation: PENDING
18:40:03 INFO  State of current operation: PENDING
18:40:05 INFO  State of current operation: PENDING
18:40:07 INFO  State of current operation: PENDING
18:40:10 INFO  State of current operation: PENDING
18:40:12 INFO  State of current operation: PENDING
18:40:14 INFO  State of current operation: PENDING
18:40:16 INFO  State of current operation: PENDING
18:40:19 INFO  State of current operation: PENDING
18:40:21 INFO  State of current operation: PENDING
18:40:23 INFO  State of current operation: PENDING
18:40:25 INFO  State of current operation: PENDING
18:40:27 INFO  State of current operation: PENDING
18:40:30 INFO  State of current operation: PENDING
18:40:32 INFO  State of current operation: PENDING
18:40:34 INFO  State of current operation: PENDING
18:40:36 INFO  State of current operation: PENDING
18:40:38 WARN  SystemError occurred while running test - Timeout while waiting for status FAILED or SUCCESSFUL
Traceback (most recent call last):
  File "/home/pi/env-pysys/lib/python3.7/site-packages/pysys/baserunner.py", line 1292, in __call__
    self.testObj.setup()
  File "/home/pi/actions-runner/_work/thin-edge.io/thin-edge.io/tests/PySys/software_management_end_to_end/sm_apt_install_remove_multiple/run.py", line 52, in setup
    super().setup()
  File "/home/pi/actions-runner/_work/thin-edge.io/thin-edge.io/tests/PySys/software_management_end_to_end/environment_sm_management.py", line 151, in setup
    self.wait_until_end()
[...]
17:31:02 INFO  Id:    monitoring_with_collectd
17:31:02 INFO  Dir:   monitoring/
17:31:02 INFO  Title: Validate tedge dm agent messages that are produced by batching the collectd messages
17:31:02 INFO  ==============================================================
17:31:02 INFO  Test execution disabled due to #792 (instable) ... skipped
17:31:02 INFO  
17:31:02 INFO  Test duration: 0.02 secs
17:31:02 INFO  Test final outcome:  SKIPPED
17:31:02 INFO  Test outcome reason: Test execution disabled due to #792 (instable)
17:31:02 INFO  
</system-out>
	</testcase>
</testsuite><testsuite name="monitoring_with_simulated_messages" tests="1" errors="0" failures="1" skipped="0" time="0"><testcase classname="MonitoringWithSimulatedMessages" name="monitoring_with_simulated_messages">
		<failure message="BLOCKED: TypeError: 'int' object is not subscriptable" type="BLOCKED" />
		<system-out>17:31:02 INFO  ==============================================================
17:31:02 INFO  Id:    monitoring_with_simulated_messages
17:31:02 INFO  Dir:   monitoring/
17:31:02 INFO  Title: Validate the tedge dm agent messages that are produced from the simulated collectd messages
17:31:02 INFO  ==============================================================
17:31:02 INFO  Executed sudo&lt;collectd&gt;, exit status 0
17:31:03 INFO  Executed sudo&lt;collectd_mapper&gt;, exit status 0
17:31:03 INFO  Started sudo&lt;tedge_sub&gt; with process id 26719
17:31:04 INFO  Executed sudo&lt;tedge_temp&gt;, exit status 0
17:31:04 INFO  Executed sudo&lt;tedge_pres&gt;, exit status 0
17:31:06 INFO  Executed sudo&lt;kill_out&gt;, exit status 0
17:31:06 INFO  0

17:31:06 WARN  TypeError occurred while running test - 'int' object is not subscriptable
Traceback (most recent call last):
  File "/home/pi/env-pysys/lib/python3.7/site-packages/pysys/baserunner.py", line 1296, in __call__
    self.testObj.validate()
  File "/home/pi/actions-runner/_work/thin-edge.io/thin-edge.io/tests/PySys/monitoring/monitoring_with_simulated_messages/run.py", line 98, in validate
    collectd_msg_validation_result=self.validate_json(),
  File "/home/pi/actions-runner/_work/thin-edge.io/thin-edge.io/tests/PySys/monitoring/monitoring_with_simulated_messages/run.py", line 108, in validate_json
    if not self.validate_time():
  File "/home/pi/actions-runner/_work/thin-edge.io/thin-edge.io/tests/PySys/monitoring/monitoring_with_simulated_messages/run.py", line 127, in validate_time
    if self.js_msg["time"]:
TypeError: 'int' object is not subscriptable
17:31:06 WARN  TypeError: 'int' object is not subscriptable ... blocked 
17:31:06 INFO  
17:31:06 INFO  cleanup:
17:31:06 INFO  monitoring_cleanup
17:31:06 INFO  Executed sudo&lt;collectd_mapper&gt;, exit status 0
17:31:06 INFO  
17:31:06 INFO  Test duration: 4.40 secs
17:31:06 INFO  Test final outcome:  BLOCKED
17:31:06 INFO  Test outcome reason: TypeError: 'int' object is not subscriptable
17:31:06 INFO  
</system-out>
	</testcase>
</testsuite><testsuite name="mqtt_port_change_connection_fails" tests="1" errors="0" failures="0" skipped="0" time="0"><testcase classname="MqttPortChangeConnectionFails" name="mqtt_port_change_connection_fails" />
</testsuite><testsuite name="mqtt_port_change_connection_works" tests="1" errors="0" failures="0" skipped="1" time="0"><testcase classname="MqttPortChangeConnectionWorks" name="mqtt_port_change_connection_works">
		<skipped message="SKIPPED: failing intermitently" />
		<system-out>17:29:52 INFO  ==============================================================
17:29:52 INFO  Id:    mqtt_port_change_connection_works
17:29:52 INFO  Dir:   misc_features/
17:29:52 INFO  Title: mqtt port change connection works for all the thin-edge services that use the mosquitto broker
17:29:52 INFO  ==============================================================
17:29:52 INFO  failing intermitently ... skipped
17:29:52 INFO  
17:29:52 INFO  Test duration: 0.02 secs
17:29:52 INFO  Test final outcome:  SKIPPED
17:29:52 INFO  Test outcome reason: failing intermitently
17:29:52 INFO  
</system-out>
	</testcase>
</testsuite><testsuite name="mqtt_port_set" tests="1" errors="0" failures="0" skipped="0" time="0"><testcase classname="MqttPortSet" name="mqtt_port_set" />
</testsuite><testsuite name="mqtt_port_unset" tests="1" errors="0" failures="0" skipped="0" time="0"><testcase classname="MqttPortUnSet" name="mqtt_port_unset" />
</testsuite><testsuite name="publish_flux" tests="1" errors="0" failures="0" skipped="0" time="0"><testcase classname="PublishFlux" name="publish_flux" />
</testsuite><testsuite name="publish_sawmill" tests="1" errors="0" failures="0" skipped="0" time="0"><testcase classname="PublishSawmill" name="publish_sawmill" />
</testsuite><testsuite name="runtime_start_two_mappers" tests="1" errors="0" failures="1" skipped="0" time="0"><testcase classname="RuntimeMultiMappers" name="runtime_start_two_mappers">
		<failure message="FAILED: Grep on tedge_mapper2.err contains &quot;Error: Couldn't acquire file lock.&quot;" type="FAILED" />
		<system-out>17:45:30 INFO  ==============================================================
17:45:30 INFO  Id:    runtime_start_two_mappers
17:45:30 INFO  Dir:   tedge_mapper_c8y/
17:45:30 INFO  Title: Validate two mappers can't be started at the same time
17:45:30 INFO  ==============================================================
17:45:31 INFO  Executed sudo&lt;tedge_mapper1&gt;, exit status 0
17:45:31 INFO  Waiting for 0.1 seconds
17:45:31 INFO  Executed sudo&lt;tedge_mapper2&gt;, exit status 1
17:45:32 INFO  Executed sudo&lt;tedge_mapper1&gt;, exit status 0
17:45:32 WARN  Grep on tedge_mapper2.err contains "Error: Couldn't acquire file lock." ... failed [run.py:46]
17:45:32 INFO  
17:45:32 INFO  Test duration: 1.75 secs
17:45:32 INFO  Test final outcome:  FAILED
17:45:32 INFO  Test outcome reason: Grep on tedge_mapper2.err contains "Error: Couldn't acquire file lock."
17:45:32 INFO  
</system-out>
	</testcase>
</testsuite><testsuite name="sm_tedge_mapper_init_session" tests="1" errors="0" failures="0" skipped="0" time="0"><testcase classname="TedgeSMMapperInitSession" name="sm_tedge_mapper_init_session" />
</testsuite><testsuite name="smoketest_json" tests="1" errors="0" failures="0" skipped="0" time="0"><testcase classname="SmokeTestJson" name="smoketest_json" />
</testsuite><testsuite name="smoketest_json_400_samples_10ms" tests="1" errors="0" failures="0" skipped="0" time="0"><testcase classname="SmoketestJson400Samples10ms" name="smoketest_json_400_samples_10ms" />
</testsuite><testsuite name="smoketest_json_400_samples_20ms" tests="1" errors="0" failures="0" skipped="0" time="0"><testcase classname="SmoketestJson400Samples20ms" name="smoketest_json_400_samples_20ms" />
</testsuite><testsuite name="smoketest_smartrest" tests="1" errors="0" failures="0" skipped="0" time="0"><testcase classname="SmoketestSmartRest" name="smoketest_smartrest" />
</testsuite><testsuite name="smoketest_smartrest_400_samples_1Xms" tests="1" errors="0" failures="1" skipped="0" time="0"><testcase classname="SmoketestSmartRest400Samples1Xms" name="smoketest_smartrest_400_samples_1Xms">
		<failure message="BLOCKED: python3&lt;stdout&gt; returned non-zero exit code 1" type="BLOCKED" />
		<system-out>17:37:12 INFO  ==============================================================
17:37:12 INFO  Id:    smoketest_smartrest_400_samples_1Xms
17:37:12 INFO  Dir:   smoketests/
17:37:12 INFO  Title: Smoketest Smart Rest 400 Samples 1Xms Delay
17:37:12 INFO  ==============================================================
17:37:12 INFO  EnvironmentC8y Setup
17:37:12 INFO  Executed systemctl&lt;serv_mapper1&gt;, exit status 3
17:37:12 INFO  Restarting mosquitto too frequently in the last 10 seconds. It was only up for 4 seconds
17:37:12 INFO  Delaying execution by 7 seconds
17:37:33 INFO  Executed sudo&lt;tedge_connect_c8y&gt;, exit status 0, duration 13 secs
17:37:34 INFO  Executed sudo&lt;tedge_connect_c8y_test&gt;, exit status 0
17:37:34 INFO  Executed systemctl&lt;serv_mosq2&gt;, exit status 0
17:37:35 INFO  Executed systemctl&lt;serv_mapper3&gt;, exit status 0
17:39:42 WARN  Executed python3&lt;stdout&gt;, exit status 1, duration 67 secs
17:39:42 INFO  Contents of stdout.out: 
     40    41    42    43    44    45    46    47    48    49    50    51    52    53    54    55    56    57    58    59
     60    61    62    63    64    65    66    67    68    69    70    71    72    73    74    75    76    77    78    79
     80    81    82    83    84    85    86    87    88    89    90    91    92    93    94    95    96    97    98    99
    100   101   102   103   104   105   106   107   108   109   110   111   112   113   114   115   116   117   118   119
    120   121   122   123   124   125   126   127   128   129   130   131   132   133   134   135   136   137   138   139
    140   141   142   143   144   145   146   147   148   149   150   151   152   153   154   155   156   157   158   159
    160   161   162   163   164   165   166   167   168   169   170   171   172   173   174   175   176   177   178   179
    180   181   182   183   184   185   186   187   188   189   190   191   192   193   194   195   196   197   198   199
    200   201   202   203   204   205   206   207   208   209   210   211   212   213   214   215   216   217   218   219
    220   221   222   223   224   225   226   227   228   229   230   231   232   233   234   235   236   237   238   239
    240   241   242   243   244   245   246   247   248   249   250   251   252   253   254   255   256   257   258   259
    260   261   262   263   264   265   266   267   268   269   270   271   272   273   274   275   276   277   278   279
    280   281   282   283   284   285   286   287   288   289   290   291   292   293   294   295   296   297   298   299
    300   301   302   303   304   305   306   307   308   309   310   311   312   313   314   315   316   317   318   319
    320   321   322   323   324   325   326   327   328   329   330   331   332   333   334   335   336   337   338   339
    340   341   342   343   344   345   346   347   348   349   350   351   352   353   354   355   356   357   358   359
    360   361   362   363   364   365   366   367   368   369   370   371   372   373   374   375   376   377   378   379
    380   381   382   383   384   385   386   387   388   389   390   391   392   393   394   395   396   397   398   399
  Expected:  0.0  ...  399.0
  Data verification FAILED
  -----

17:39:43 WARN  python3&lt;stdout&gt; returned non-zero exit code 1 ... blocked 
17:39:43 WARN  Aborted test due to BLOCKED outcome
17:39:43 INFO  
17:39:43 INFO  cleanup:
17:39:47 INFO  Executed sudo&lt;tedge_disconnect_c8y&gt;, exit status 0
17:39:47 INFO  Executed systemctl&lt;serv_mapper5&gt;, exit status 3
17:39:47 INFO  
17:39:47 INFO  Test duration: 155.47 secs
17:39:47 INFO  Test final outcome:  BLOCKED
17:39:47 INFO  Test outcome reason: python3&lt;stdout&gt; returned non-zero exit code 1
17:39:47 INFO  
</system-out>
	</testcase>
</testsuite><testsuite name="smoketest_smartrest_400_samples_20ms" tests="1" errors="0" failures="1" skipped="0" time="0"><testcase classname="SmoketestSmartRest400Samples20ms" name="smoketest_smartrest_400_samples_20ms">
		<failure message="BLOCKED: python3&lt;stdout&gt; returned non-zero exit code 1" type="BLOCKED" />
		<system-out>17:39:47 INFO  ==============================================================
17:39:47 INFO  Id:    smoketest_smartrest_400_samples_20ms
17:39:47 INFO  Dir:   smoketests/
17:39:47 INFO  Title: Smoketest SmartRest 400 Samples 20ms Delay
17:39:47 INFO  ==============================================================
17:39:47 INFO  EnvironmentC8y Setup
17:39:48 INFO  Executed systemctl&lt;serv_mapper1&gt;, exit status 3
17:39:48 INFO  Restarting mosquitto too frequently in the last 10 seconds. It was only up for 5 seconds
17:39:48 INFO  Delaying execution by 6 seconds
17:40:08 INFO  Executed sudo&lt;tedge_connect_c8y&gt;, exit status 0, duration 13 secs
17:40:09 INFO  Executed sudo&lt;tedge_connect_c8y_test&gt;, exit status 0
17:40:09 INFO  Executed systemctl&lt;serv_mosq2&gt;, exit status 0
17:40:10 INFO  Executed systemctl&lt;serv_mapper3&gt;, exit status 0
17:42:15 WARN  Executed python3&lt;stdout&gt;, exit status 1, duration 69 secs
17:42:15 INFO  Contents of stdout.out: 
  Retrieved values:
     74    75    76    77    78    79
     80    81    82    83    84    85    86    87    88    89    90    91    92    93    94    95    96    97    98    99
    100   101   102   103   104   105   106   107   108   109   110   111   112   113   114   115   116   117   118   119
    120   121   122   123   124   125   126   127   128   129   130   131   132   133   134   135   136   137   138   139
    140   141   142   143   144   145   146   147   148   149   150   151   152   153   154   155   156   157   158   159
    160   161   162   163   164   165   166   167   168   169   170   171   172   173   174   175   176   177   178   179
    180   181   182   183   184   185   186   187   188   189   190   191   192   193   194   195   196   197   198   199
    200   201   202   203   204   205   206   207   208   209   210   211   212   213   214   215   216   217   218   219
    220   221   222   223   224   225   226   227   228   229   230   231   232   233   234   235   236   237   238   239
    240   241   242   243   244   245   246   247   248   249   250   251   252   253   254   255   256   257   258   259
    260   261   262   263   264   265   266   267   268   269   270   271   272   273   274   275   276   277   278   279
    280   281   282   283   284   285   286   287   288   289   290   291   292   293   294   295   296   297   298   299
    300   301   302   303   304   305   306   307   308   309   310   311   312   313   314   315   316   317   318   319
    320   321   322   323   324   325   326   327   328   329   330   331   332   333   334   335   336   337   338   339
    340   341   342   343   344   345   346   347   348   349   350   351   352   353   354   355   356   357   358   359
    360   361   362   363   364   365   366   367   368   369   370   371   372   373   374   375   376   377   378   379
    380   381   382   383   384   385   386   387   388   389   390   391   392   393   394   395   396   397   398   399
  Expected:  0.0  ...  399.0
  Data verification FAILED
  -----

17:42:15 WARN  python3&lt;stdout&gt; returned non-zero exit code 1 ... blocked 
17:42:15 WARN  Aborted test due to BLOCKED outcome
17:42:15 INFO  
17:42:15 INFO  cleanup:
17:42:19 INFO  Executed sudo&lt;tedge_disconnect_c8y&gt;, exit status 0
17:42:19 INFO  Executed systemctl&lt;serv_mapper5&gt;, exit status 3
17:42:19 INFO  
17:42:19 INFO  Test duration: 152.11 secs
17:42:19 INFO  Test final outcome:  BLOCKED
17:42:19 INFO  Test outcome reason: python3&lt;stdout&gt; returned non-zero exit code 1
17:42:19 INFO  
</system-out>
	</testcase>
</testsuite><testsuite name="tedge_agent_user_sudo_access" tests="1" errors="0" failures="0" skipped="1" time="0"><testcase classname="TedgeAgentUserSudoAccess" name="tedge_agent_user_sudo_access">
		<skipped message="SKIPPED: #955 Observation: Exit code of the apt plugin when called with no arguments" />
		<system-out>17:42:46 INFO  ==============================================================
17:42:46 INFO  Id:    tedge_agent_user_sudo_access
17:42:46 INFO  Dir:   tedge/
17:42:46 INFO  Title: Validate tedge-agent user has a limited sudo right
17:42:46 INFO  ==============================================================
17:42:46 INFO  #955 Observation: Exit code of the apt plugin when called with no arguments ... skipped
17:42:46 INFO  
17:42:46 INFO  Test duration: 0.02 secs
17:42:46 INFO  Test final outcome:  SKIPPED
17:42:46 INFO  Test outcome reason: #955 Observation: Exit code of the apt plugin when called with no arguments
17:42:46 INFO  
</system-out>
	</testcase>
</testsuite><testsuite name="tedge_connect_test_negative" tests="1" errors="0" failures="0" skipped="0" time="0"><testcase classname="TedgeConnectTestNegative" name="tedge_connect_test_negative" />
</testsuite><testsuite name="tedge_connect_test_positive" tests="1" errors="0" failures="0" skipped="0" time="0"><testcase classname="TedgeConnectTestPositive" name="tedge_connect_test_positive" />
</testsuite><testsuite name="tedge_connect_test_sm_services" tests="1" errors="0" failures="0" skipped="0" time="0"><testcase classname="TedgeConnectTestSMServices" name="tedge_connect_test_sm_services" />
</testsuite><testsuite name="tedge_disconnect_test_sm_services" tests="1" errors="0" failures="0" skipped="0" time="0"><testcase classname="TedgeDisConnectTestSMServices" name="tedge_disconnect_test_sm_services" />
</testsuite><testsuite name="tedge_mapper_az_negative" tests="1" errors="0" failures="0" skipped="0" time="0"><testcase classname="TedgeMapperAzError" name="tedge_mapper_az_negative" />
</testsuite><testsuite name="tedge_mapper_az_with_timestamp" tests="1" errors="0" failures="0" skipped="0" time="0"><testcase classname="TedgeMapperAzWithTimestamp" name="tedge_mapper_az_with_timestamp" />
</testsuite><testsuite name="tedge_mapper_az_without_timestamp" tests="1" errors="0" failures="0" skipped="0" time="0"><testcase classname="TedgeMapperAzWithoutTimestamp" name="tedge_mapper_az_without_timestamp" />
</testsuite><testsuite name="tedge_mapper_c8y_alarms" tests="1" errors="0" failures="0" skipped="0" time="0"><testcase classname="TedgeMapperC8yAlarm" name="tedge_mapper_c8y_alarms" />
</testsuite><testsuite name="tedge_mapper_c8y_child_device_measurement" tests="1" errors="0" failures="0" skipped="0" time="0"><testcase classname="TedgeMapperC8yChildDevice" name="tedge_mapper_c8y_child_device_measurement" />
</testsuite><testsuite name="tedge_mapper_c8y_packet_threshold_size" tests="1" errors="0" failures="1" skipped="0" time="0"><testcase classname="TedgeMapperC8yThresholdPacketSize" name="tedge_mapper_c8y_packet_threshold_size">
		<failure message="FAILED: Grep on tedge_sub.out contains &quot;The size of the message received on tedge/measurements is 20489 which is greater than the threshold size of 16184.&quot;" type="FAILED" />
		<system-out>17:47:05 INFO  ==============================================================
17:47:05 INFO  Id:    tedge_mapper_c8y_packet_threshold_size
17:47:05 INFO  Dir:   tedge_mapper_c8y/
17:47:05 INFO  Title: Validate the Cumulocity Mapper accepted threshold packet size when it receives a message on tedge/measurements
17:47:05 INFO  ==============================================================
17:47:06 INFO  Executed sudo&lt;tedge_mapper_c8y&gt;, exit status 0
17:47:06 INFO  Started sudo&lt;tedge_sub&gt; with process id 32328
17:47:07 INFO  Executed sudo&lt;tedge_msg&gt;, exit status 0
17:47:07 INFO  Executed sudo&lt;tedge_pub&gt;, exit status 0
17:47:08 INFO  Executed sudo&lt;kill_out&gt;, exit status 0
17:47:08 WARN  Grep on tedge_sub.out contains "The size of the message received on tedge/measurements is 20489 which is greater than the threshold size of 16184." ... failed [run.py:88]
17:47:08 INFO  
17:47:08 INFO  cleanup:
17:47:08 INFO  mapper_cleanup
17:47:08 INFO  Executed sudo&lt;tedge_mapper_c8y&gt;, exit status 0
17:47:08 INFO  
17:47:08 INFO  Test duration: 3.01 secs
17:47:08 INFO  Test final outcome:  FAILED
17:47:08 INFO  Test outcome reason: Grep on tedge_sub.out contains "The size of the message received on tedge/measurements is 20489 which is greater than the threshold size of 16184."
17:47:08 INFO  
</system-out>
	</testcase>
</testsuite><testsuite name="tedge_software_update" tests="1" errors="0" failures="0" skipped="0" time="0"><testcase classname="PySysTest" name="tedge_software_update" />
</testsuite><testsuite name="valid_device_id" tests="1" errors="0" failures="0" skipped="0" time="0"><testcase classname="ValidateValidDeviceId" name="valid_device_id" />
</testsuite></testsuites>