<?xml version='1.0' encoding='utf-8'?>
<testsuites tests="147" failures="16" errors="0" skipped="45" time="0.0"><testsuite name="SoftwareManagement.Plugin.apama_plugin_install" tests="3" errors="0" failures="0" skipped="1" time="0"><testcase classname="ApamaPluginInstallTest" name="SoftwareManagement.Plugin.apama_plugin_install">
		<skipped message="SKIPPED: Apama plugin tests are disabled by default. Execute `pysys run` with `-XmyPlatform=container` to run these tests" />
		<system-out>08:54:30 INFO  ==============================================================
08:54:30 INFO  Id:    SoftwareManagement.Plugin.apama_plugin_install
08:54:30 INFO  Dir:   plugin_apama/
08:54:30 INFO  Title: Validate apama plugin install
08:54:30 INFO  ==============================================================
08:54:30 INFO  Apama plugin tests are disabled by default. Execute `pysys run` with `-XmyPlatform=container` to run these tests ... skipped
08:54:30 WARN  Aborted test due to SKIPPED outcome
08:54:30 INFO  
08:54:30 INFO  Test duration: 0.05 secs
08:54:30 INFO  Test final outcome:  SKIPPED
08:54:30 INFO  Test outcome reason: Apama plugin tests are disabled by default. Execute `pysys run` with `-XmyPlatform=container` to run these tests
08:54:30 INFO  
</system-out>
	</testcase>
<testcase classname="ApamaPluginInstallTest" name="SoftwareManagement.Plugin.apama_plugin_install" />
<testcase classname="ApamaPluginInstallTest" name="SoftwareManagement.Plugin.apama_plugin_install" />
</testsuite><testsuite name="SoftwareManagement.Plugin.apama_plugin_mon_support" tests="3" errors="0" failures="0" skipped="1" time="0"><testcase classname="ApamaPluginMonSupportTest" name="SoftwareManagement.Plugin.apama_plugin_mon_support">
		<skipped message="SKIPPED: Apama plugin tests are disabled by default. Execute `pysys run` with `-XmyPlatform=container` to run these tests" />
		<system-out>08:54:30 INFO  ==============================================================
08:54:30 INFO  Id:    SoftwareManagement.Plugin.apama_plugin_mon_support
08:54:30 INFO  Dir:   plugin_apama/
08:54:30 INFO  Title: Validate mon file support of apama plugin
08:54:30 INFO  ==============================================================
08:54:30 INFO  Apama plugin tests are disabled by default. Execute `pysys run` with `-XmyPlatform=container` to run these tests ... skipped
08:54:30 WARN  Aborted test due to SKIPPED outcome
08:54:30 INFO  
08:54:30 INFO  Test duration: 0.03 secs
08:54:30 INFO  Test final outcome:  SKIPPED
08:54:30 INFO  Test outcome reason: Apama plugin tests are disabled by default. Execute `pysys run` with `-XmyPlatform=container` to run these tests
08:54:30 INFO  
</system-out>
	</testcase>
<testcase classname="ApamaPluginMonSupportTest" name="SoftwareManagement.Plugin.apama_plugin_mon_support" />
<testcase classname="ApamaPluginMonSupportTest" name="SoftwareManagement.Plugin.apama_plugin_mon_support" />
</testsuite><testsuite name="SoftwareManagement.Plugin.apama_plugin_remove" tests="3" errors="0" failures="0" skipped="1" time="0"><testcase classname="ApamaPluginRemoveTest" name="SoftwareManagement.Plugin.apama_plugin_remove">
		<skipped message="SKIPPED: Apama plugin tests are disabled by default. Execute `pysys run` with `-XmyPlatform=container` to run these tests" />
		<system-out>08:54:30 INFO  ==============================================================
08:54:30 INFO  Id:    SoftwareManagement.Plugin.apama_plugin_remove
08:54:30 INFO  Dir:   plugin_apama/
08:54:30 INFO  Title: Validate apama plugin remove
08:54:30 INFO  ==============================================================
08:54:30 INFO  Apama plugin tests are disabled by default. Execute `pysys run` with `-XmyPlatform=container` to run these tests ... skipped
08:54:30 WARN  Aborted test due to SKIPPED outcome
08:54:30 INFO  
08:54:30 INFO  Test duration: 0.02 secs
08:54:30 INFO  Test final outcome:  SKIPPED
08:54:30 INFO  Test outcome reason: Apama plugin tests are disabled by default. Execute `pysys run` with `-XmyPlatform=container` to run these tests
08:54:30 INFO  
</system-out>
	</testcase>
<testcase classname="ApamaPluginRemoveTest" name="SoftwareManagement.Plugin.apama_plugin_remove" />
<testcase classname="ApamaPluginRemoveTest" name="SoftwareManagement.Plugin.apama_plugin_remove" />
</testsuite><testsuite name="SoftwareManagement.Plugin.apama_plugin_update" tests="3" errors="0" failures="2" skipped="1" time="0"><testcase classname="ApamaPluginUpdateTest" name="SoftwareManagement.Plugin.apama_plugin_update">
		<skipped message="SKIPPED: Apama plugin tests are disabled by default. Execute `pysys run` with `-XmyPlatform=container` to run these tests" />
		<system-out>08:54:30 INFO  ==============================================================
08:54:30 INFO  Id:    SoftwareManagement.Plugin.apama_plugin_update
08:54:30 INFO  Dir:   plugin_apama/
08:54:30 INFO  Title: Validate apama plugin updating one project with another
08:54:30 INFO  ==============================================================
08:54:30 INFO  Apama plugin tests are disabled by default. Execute `pysys run` with `-XmyPlatform=container` to run these tests ... skipped
08:54:30 WARN  Aborted test due to SKIPPED outcome
08:54:30 INFO  
08:54:30 INFO  Test duration: 0.02 secs
08:54:30 INFO  Test final outcome:  SKIPPED
08:54:30 INFO  Test outcome reason: Apama plugin tests are disabled by default. Execute `pysys run` with `-XmyPlatform=container` to run these tests
08:54:30 INFO  
</system-out>
	</testcase>
<testcase classname="ApamaPluginUpdateTest" name="SoftwareManagement.Plugin.apama_plugin_update">
		<failure message="BLOCKED: sudo&lt;plugin_install&gt; returned non-zero exit code 2" type="BLOCKED" />
		<system-out>09:44:54 INFO  ==============================================================
09:44:54 INFO  Id:    SoftwareManagement.Plugin.apama_plugin_update
09:44:54 INFO  Dir:   plugin_apama/
09:44:54 INFO  Title: Validate apama plugin updating one project with another
09:44:54 INFO  ==============================================================
09:44:54 INFO  Assertion that path exists=False for "/etc/tedge/apama/project" ... passed
09:44:55 INFO  Executed sudo&lt;create_project_dir&gt;, exit status 0
09:44:55 INFO  Executed sudo&lt;unzip_apama_project&gt;, exit status 0
09:44:56 INFO  Executed sudo&lt;move_apama_project&gt;, exit status 0
09:44:57 INFO  Executed sudo&lt;restart_apama_service&gt;, exit status 0
09:44:57 INFO  Executed sudo&lt;apama_correlator_wait&gt;, exit status 0
09:44:57 INFO  Assertion that path exists=True for "/etc/tedge/apama/project" ... passed
09:44:58 INFO  Executed sudo&lt;apama_list_monitors&gt;, exit status 0
09:44:58 INFO  Grep on file /home/pi/actions-runner/_work/thin-edge.io/thin-edge.io/tests/PySys/plugin_apama/apama_plugin_update/Output/linux/apama_list_monitors.out ... passed
09:44:59 WARN  Executed sudo&lt;plugin_install&gt;, exit status 2
09:44:59 INFO  Contents of plugin_install.err: 
  ERROR: Directory not empty (os error 39)
  -----

09:44:59 WARN  sudo&lt;plugin_install&gt; returned non-zero exit code 2 ... blocked [run.py:35]
09:44:59 WARN  Aborted test due to BLOCKED outcome
09:44:59 INFO  
09:44:59 INFO  cleanup:
09:44:59 INFO  Removing apama project
09:45:15 INFO  Executed sudo&lt;stop_apama_service&gt;, exit status 0, duration 15 secs
09:45:15 INFO  Executed sudo&lt;remove_apama_project&gt;, exit status 0
09:45:16 INFO  Executed sudo&lt;remove_apama_tmp_dir&gt;, exit status 0
09:45:16 INFO  
09:45:16 INFO  Test duration: 21.55 secs
09:45:16 INFO  Test final outcome:  BLOCKED
09:45:16 INFO  Test outcome reason: sudo&lt;plugin_install&gt; returned non-zero exit code 2
09:45:16 INFO  
</system-out>
	</testcase>
<testcase classname="ApamaPluginUpdateTest" name="SoftwareManagement.Plugin.apama_plugin_update">
		<failure message="BLOCKED: sudo&lt;plugin_install&gt; returned non-zero exit code 2" type="BLOCKED" />
		<system-out>09:53:34 INFO  ==============================================================
09:53:34 INFO  Id:    SoftwareManagement.Plugin.apama_plugin_update
09:53:34 INFO  Dir:   plugin_apama/
09:53:34 INFO  Title: Validate apama plugin updating one project with another
09:53:34 INFO  ==============================================================
09:53:34 INFO  Assertion that path exists=False for "/etc/tedge/apama/project" ... passed
09:53:35 INFO  Executed sudo&lt;create_project_dir&gt;, exit status 0
09:53:35 INFO  Executed sudo&lt;unzip_apama_project&gt;, exit status 0
09:53:36 INFO  Executed sudo&lt;move_apama_project&gt;, exit status 0
09:53:36 INFO  Executed sudo&lt;restart_apama_service&gt;, exit status 0
09:53:37 INFO  Executed sudo&lt;apama_correlator_wait&gt;, exit status 0
09:53:37 INFO  Assertion that path exists=True for "/etc/tedge/apama/project" ... passed
09:53:38 INFO  Executed sudo&lt;apama_list_monitors&gt;, exit status 0
09:53:38 INFO  Grep on file /home/pi/actions-runner/_work/thin-edge.io/thin-edge.io/tests/PySys/plugin_apama/apama_plugin_update/Output/linux/apama_list_monitors.out ... passed
09:53:39 WARN  Executed sudo&lt;plugin_install&gt;, exit status 2
09:53:39 INFO  Contents of plugin_install.err: 
  ERROR: Directory not empty (os error 39)
  -----

09:53:39 WARN  sudo&lt;plugin_install&gt; returned non-zero exit code 2 ... blocked [run.py:35]
09:53:39 WARN  Aborted test due to BLOCKED outcome
09:53:39 INFO  
09:53:39 INFO  cleanup:
09:53:39 INFO  Removing apama project
09:53:54 INFO  Executed sudo&lt;stop_apama_service&gt;, exit status 0, duration 15 secs
09:53:55 INFO  Executed sudo&lt;remove_apama_project&gt;, exit status 0
09:53:55 INFO  Executed sudo&lt;remove_apama_tmp_dir&gt;, exit status 0
09:53:55 INFO  
09:53:55 INFO  Test duration: 21.15 secs
09:53:55 INFO  Test final outcome:  BLOCKED
09:53:55 INFO  Test outcome reason: sudo&lt;plugin_install&gt; returned non-zero exit code 2
09:53:55 INFO  
</system-out>
	</testcase>
</testsuite><testsuite name="SoftwareManagement.sm_apt_install_download_path" tests="3" errors="0" failures="2" skipped="1" time="0"><testcase classname="AptInstallWithDownloadPath" name="SoftwareManagement.sm_apt_install_download_path">
		<skipped message="SKIPPED: Testing the apt plugin is not supported on this platform.Use parameter -XmyPlatform='container' to enable it" />
		<system-out>09:04:02 INFO  ==============================================================
09:04:02 INFO  Id:    SoftwareManagement.sm_apt_install_download_path
09:04:02 INFO  Dir:   software_management_end_to_end/
09:04:02 INFO  Title: Install package to directory specified in tedge config set tmp.path
09:04:02 INFO  ==============================================================
09:04:02 INFO  Testing the apt plugin is not supported on this platform.Use parameter -XmyPlatform='container' to enable it ... skipped
09:04:02 WARN  Aborted test due to SKIPPED outcome
09:04:02 INFO  
09:04:02 INFO  Test duration: 0.07 secs
09:04:02 INFO  Test final outcome:  SKIPPED
09:04:02 INFO  Test outcome reason: Testing the apt plugin is not supported on this platform.Use parameter -XmyPlatform='container' to enable it
09:04:02 INFO  
</system-out>
	</testcase>
<testcase classname="AptInstallWithDownloadPath" name="SoftwareManagement.sm_apt_install_download_path">
		<failure message="BLOCKED: AssertionError:" type="BLOCKED" />
		<system-out>09:26:58 INFO  ==============================================================
09:26:58 INFO  Id:    SoftwareManagement.sm_apt_install_download_path
09:26:58 INFO  Dir:   software_management_end_to_end/
09:26:58 INFO  Title: Install package to directory specified in tedge config set tmp.path
09:26:58 INFO  ==============================================================
09:26:59 INFO  Using sw id database: {'asciijump': '5475369', 'robotfindskitten': '5474869', 'squirrel3': '5475279', 'rolldice': '5152439', 'moon-buggy': '5439204', 'apple': '5495053', 'banana': '5494888', 'cherry': '5495382', 'watermelon': '5494510', 'registry': '8018911', 'hello-world': '8021526', 'docker/getting-started': '8021973', 'alpine': '7991792'}
09:26:59 INFO  EnvironmentC8y Setup
09:26:59 INFO  Executed systemctl&lt;serv_mapper1&gt;, exit status 3
09:27:14 INFO  Executed sudo&lt;tedge_connect_c8y&gt;, exit status 0, duration 14 secs
09:27:15 INFO  Executed sudo&lt;tedge_connect_c8y_test&gt;, exit status 0
09:27:16 INFO  Executed systemctl&lt;serv_mosq2&gt;, exit status 0
09:27:17 INFO  Executed systemctl&lt;serv_mapper3&gt;, exit status 0
09:27:19 INFO  State of current operation: SUCCESSFUL
09:27:20 INFO  Assert that (False == value) with value=False ... passed
09:27:20 INFO  Executed sudo, exit status 0
09:27:21 INFO  Executed sudo, exit status 0
09:27:21 INFO  Executed sudo, exit status 0
09:27:25 INFO  Executed sudo&lt;tedge_disconnect_c8y&gt;, exit status 0
09:27:25 INFO  Restarting mosquitto too frequently in the last 10 seconds. It was only up for 3 seconds
09:27:25 INFO  Delaying execution by 8 seconds
09:27:47 INFO  Executed sudo&lt;tedge_connect_c8y&gt;, exit status 0, duration 13 secs
09:27:47 INFO  Response status: 201
09:27:47 INFO  Response to action: {
    "delivery": {
        "time": "2022-05-12T09:27:47.576Z",
        "log": [],
        "status": "PENDING"
    },
    "creationTime": "2022-05-12T09:27:47.555Z",
    "deviceId": "18895253",
    "deviceName": "m32sd10d",
    "self": "https://t493319102.eu-latest.cumulocity.com/devicecontrol/operations/18938589",
    "id": "18938589",
    "status": "PENDING",
    "description": "Apply software changes, triggered from PySys: [{'name': 'rolldice', 'id': '5152439', 'version': '::apt', 'url': 'https://thin-edge-io.eu-latest.cumulocity.com/inventory/binaries/12435463', 'action': 'install'}]",
    "c8y_SoftwareUpdate": [
        {
            "name": "rolldice",
            "action": "install",
            "id": "5152439",
            "version": "::apt",
            "url": "https://thin-edge-io.eu-latest.cumulocity.com/inventory/binaries/12435463"
        }
    ]
}
09:27:47 INFO  Started operation: {'delivery': {'time': '2022-05-12T09:27:47.576Z', 'log': [], 'status': 'PENDING'}, 'creationTime': '2022-05-12T09:27:47.555Z', 'deviceId': '18895253', 'deviceName': 'm32sd10d', 'self': 'https://t493319102.eu-latest.cumulocity.com/devicecontrol/operations/18938589', 'id': '18938589', 'status': 'PENDING', 'description': "Apply software changes, triggered from PySys: [{'name': 'rolldice', 'id': '5152439', 'version': '::apt', 'url': 'https://thin-edge-io.eu-latest.cumulocity.com/inventory/binaries/12435463', 'action': 'install'}]", 'c8y_SoftwareUpdate': [{'name': 'rolldice', 'action': 'install', 'id': '5152439', 'version': '::apt', 'url': 'https://thin-edge-io.eu-latest.cumulocity.com/inventory/binaries/12435463'}]}
09:27:47 WARN  , retrying in 0.5 seconds...
09:27:48 WARN  , retrying in 0.5 seconds...
09:27:48 WARN  , retrying in 0.5 seconds...
09:27:49 WARN  , retrying in 0.5 seconds...
09:27:49 WARN  , retrying in 0.5 seconds...
09:27:50 WARN  , retrying in 0.5 seconds...
09:27:50 WARN  , retrying in 0.5 seconds...
09:27:51 WARN  , retrying in 0.5 seconds...
09:27:51 WARN  , retrying in 0.5 seconds...
09:27:52 WARN  AssertionError occurred while running test - 
Traceback (most recent call last):
  File "/home/pi/env-pysys/lib/python3.7/site-packages/pysys/baserunner.py", line 1294, in __call__
    self.testObj.execute()
  File "/home/pi/actions-runner/_work/thin-edge.io/thin-edge.io/tests/PySys/software_management_end_to_end/sm_apt_install_download_path/run.py", line 83, in execute
    assert_install_in_download_path(install_directory=self.DOWNLOAD_DIR)
  File "/home/pi/env-pysys/lib/python3.7/site-packages/decorator.py", line 232, in fun
    return caller(func, *(extras + args), **kw)
  File "/home/pi/env-pysys/lib/python3.7/site-packages/retry/api.py", line 74, in retry_decorator
    logger)
  File "/home/pi/env-pysys/lib/python3.7/site-packages/retry/api.py", line 33, in __retry_internal
    return f()
  File "/home/pi/actions-runner/_work/thin-edge.io/thin-edge.io/tests/PySys/software_management_end_to_end/sm_apt_install_download_path/run.py", line 28, in assert_install_in_download_path
    assert "rolldice" in os.listdir(f"{install_directory}")
AssertionError
09:27:52 WARN  AssertionError: ... blocked 
09:27:52 INFO  
09:27:52 INFO  cleanup:
09:27:53 INFO  Executed sudo, exit status 0
09:27:54 INFO  Executed sudo, exit status 0
09:27:58 INFO  Executed sudo&lt;tedge_disconnect_c8y&gt;, exit status 0
09:27:58 INFO  Restarting mosquitto too frequently in the last 10 seconds. It was only up for 4 seconds
09:27:58 INFO  Delaying execution by 7 seconds
09:28:19 INFO  Executed sudo&lt;tedge_connect_c8y&gt;, exit status 0, duration 14 secs
09:28:23 INFO  Executed sudo&lt;tedge_disconnect_c8y&gt;, exit status 0
09:28:24 INFO  Executed systemctl&lt;serv_mapper5&gt;, exit status 3
09:28:24 INFO  
09:28:24 INFO  Test duration: 85.34 secs
09:28:24 INFO  Test final outcome:  BLOCKED
09:28:24 INFO  Test outcome reason: AssertionError:
09:28:24 INFO  
</system-out>
	</testcase>
<testcase classname="AptInstallWithDownloadPath" name="SoftwareManagement.sm_apt_install_download_path">
		<failure message="BLOCKED: AssertionError:" type="BLOCKED" />
		<system-out>09:53:55 INFO  ==============================================================
09:53:55 INFO  Id:    SoftwareManagement.sm_apt_install_download_path
09:53:55 INFO  Dir:   software_management_end_to_end/
09:53:55 INFO  Title: Install package to directory specified in tedge config set tmp.path
09:53:55 INFO  ==============================================================
09:53:56 INFO  Using sw id database: {'asciijump': '5475369', 'robotfindskitten': '5474869', 'squirrel3': '5475279', 'rolldice': '5152439', 'moon-buggy': '5439204', 'apple': '5495053', 'banana': '5494888', 'cherry': '5495382', 'watermelon': '5494510', 'registry': '8018911', 'hello-world': '8021526', 'docker/getting-started': '8021973', 'alpine': '7991792'}
09:53:56 INFO  EnvironmentC8y Setup
09:53:57 INFO  Executed systemctl&lt;serv_mapper1&gt;, exit status 3
09:54:11 INFO  Executed sudo&lt;tedge_connect_c8y&gt;, exit status 0, duration 14 secs
09:54:12 INFO  Executed sudo&lt;tedge_connect_c8y_test&gt;, exit status 0
09:54:12 INFO  Executed systemctl&lt;serv_mosq2&gt;, exit status 0
09:54:13 INFO  Executed systemctl&lt;serv_mapper3&gt;, exit status 0
09:54:15 INFO  State of current operation: SUCCESSFUL
09:54:15 INFO  Assert that (False == value) with value=False ... passed
09:54:16 INFO  Executed sudo, exit status 0
09:54:16 INFO  Executed sudo, exit status 0
09:54:17 INFO  Executed sudo, exit status 0
09:54:21 INFO  Executed sudo&lt;tedge_disconnect_c8y&gt;, exit status 0
09:54:21 INFO  Restarting mosquitto too frequently in the last 10 seconds. It was only up for 3 seconds
09:54:21 INFO  Delaying execution by 8 seconds
09:54:43 INFO  Executed sudo&lt;tedge_connect_c8y&gt;, exit status 0, duration 13 secs
09:54:43 INFO  Response status: 201
09:54:43 INFO  Response to action: {
    "creationTime": "2022-05-12T09:54:43.524Z",
    "deviceId": "18895253",
    "deviceName": "m32sd10d",
    "self": "https://t493319102.eu-latest.cumulocity.com/devicecontrol/operations/18938934",
    "id": "18938934",
    "status": "PENDING",
    "description": "Apply software changes, triggered from PySys: [{'name': 'rolldice', 'id': '5152439', 'version': '::apt', 'url': 'https://thin-edge-io.eu-latest.cumulocity.com/inventory/binaries/12435463', 'action': 'install'}]",
    "c8y_SoftwareUpdate": [
        {
            "name": "rolldice",
            "action": "install",
            "id": "5152439",
            "version": "::apt",
            "url": "https://thin-edge-io.eu-latest.cumulocity.com/inventory/binaries/12435463"
        }
    ]
}
09:54:43 INFO  Started operation: {'creationTime': '2022-05-12T09:54:43.524Z', 'deviceId': '18895253', 'deviceName': 'm32sd10d', 'self': 'https://t493319102.eu-latest.cumulocity.com/devicecontrol/operations/18938934', 'id': '18938934', 'status': 'PENDING', 'description': "Apply software changes, triggered from PySys: [{'name': 'rolldice', 'id': '5152439', 'version': '::apt', 'url': 'https://thin-edge-io.eu-latest.cumulocity.com/inventory/binaries/12435463', 'action': 'install'}]", 'c8y_SoftwareUpdate': [{'name': 'rolldice', 'action': 'install', 'id': '5152439', 'version': '::apt', 'url': 'https://thin-edge-io.eu-latest.cumulocity.com/inventory/binaries/12435463'}]}
09:54:43 WARN  , retrying in 0.5 seconds...
09:54:44 WARN  , retrying in 0.5 seconds...
09:54:44 WARN  , retrying in 0.5 seconds...
09:54:45 WARN  , retrying in 0.5 seconds...
09:54:45 WARN  , retrying in 0.5 seconds...
09:54:46 WARN  , retrying in 0.5 seconds...
09:54:46 WARN  , retrying in 0.5 seconds...
09:54:47 WARN  , retrying in 0.5 seconds...
09:54:47 WARN  , retrying in 0.5 seconds...
09:54:48 WARN  AssertionError occurred while running test - 
Traceback (most recent call last):
  File "/home/pi/env-pysys/lib/python3.7/site-packages/pysys/baserunner.py", line 1294, in __call__
    self.testObj.execute()
  File "/home/pi/actions-runner/_work/thin-edge.io/thin-edge.io/tests/PySys/software_management_end_to_end/sm_apt_install_download_path/run.py", line 83, in execute
    assert_install_in_download_path(install_directory=self.DOWNLOAD_DIR)
  File "/home/pi/env-pysys/lib/python3.7/site-packages/decorator.py", line 232, in fun
    return caller(func, *(extras + args), **kw)
  File "/home/pi/env-pysys/lib/python3.7/site-packages/retry/api.py", line 74, in retry_decorator
    logger)
  File "/home/pi/env-pysys/lib/python3.7/site-packages/retry/api.py", line 33, in __retry_internal
    return f()
  File "/home/pi/actions-runner/_work/thin-edge.io/thin-edge.io/tests/PySys/software_management_end_to_end/sm_apt_install_download_path/run.py", line 28, in assert_install_in_download_path
    assert "rolldice" in os.listdir(f"{install_directory}")
AssertionError
09:54:48 WARN  AssertionError: ... blocked 
09:54:48 INFO  
09:54:48 INFO  cleanup:
09:54:48 INFO  Executed sudo, exit status 0
09:54:49 INFO  Executed sudo, exit status 0
09:54:54 INFO  Executed sudo&lt;tedge_disconnect_c8y&gt;, exit status 0
09:54:54 INFO  Restarting mosquitto too frequently in the last 10 seconds. It was only up for 4 seconds
09:54:54 INFO  Delaying execution by 7 seconds
09:55:15 INFO  Executed sudo&lt;tedge_connect_c8y&gt;, exit status 0, duration 13 secs
09:55:19 INFO  Executed sudo&lt;tedge_disconnect_c8y&gt;, exit status 0
09:55:20 INFO  Executed systemctl&lt;serv_mapper5&gt;, exit status 3
09:55:20 INFO  
09:55:20 INFO  Test duration: 84.58 secs
09:55:20 INFO  Test final outcome:  BLOCKED
09:55:20 INFO  Test outcome reason: AssertionError:
09:55:20 INFO  
</system-out>
	</testcase>
</testsuite><testsuite name="SoftwareManagement.sm_apt_install_fail" tests="3" errors="0" failures="0" skipped="1" time="0"><testcase classname="PySysTest" name="SoftwareManagement.sm_apt_install_fail">
		<skipped message="SKIPPED: Testing the apt plugin is not supported on this platform.Use parameter -XmyPlatform='container' to enable it" />
		<system-out>09:04:02 INFO  ==============================================================
09:04:02 INFO  Id:    SoftwareManagement.sm_apt_install_fail
09:04:02 INFO  Dir:   software_management_end_to_end/
09:04:02 INFO  Title: Validate end to end behaviour for a failing installation
09:04:02 INFO  ==============================================================
09:04:02 INFO  Testing the apt plugin is not supported on this platform.Use parameter -XmyPlatform='container' to enable it ... skipped
09:04:02 WARN  Aborted test due to SKIPPED outcome
09:04:02 INFO  
09:04:02 INFO  Test duration: 0.02 secs
09:04:02 INFO  Test final outcome:  SKIPPED
09:04:02 INFO  Test outcome reason: Testing the apt plugin is not supported on this platform.Use parameter -XmyPlatform='container' to enable it
09:04:02 INFO  
</system-out>
	</testcase>
<testcase classname="PySysTest" name="SoftwareManagement.sm_apt_install_fail" />
<testcase classname="PySysTest" name="SoftwareManagement.sm_apt_install_fail" />
</testsuite><testsuite name="SoftwareManagement.sm_apt_install_remove" tests="3" errors="0" failures="0" skipped="1" time="0"><testcase classname="PySysTest" name="SoftwareManagement.sm_apt_install_remove">
		<skipped message="SKIPPED: Testing the apt plugin is not supported on this platform.Use parameter -XmyPlatform='container' to enable it" />
		<system-out>09:04:03 INFO  ==============================================================
09:04:03 INFO  Id:    SoftwareManagement.sm_apt_install_remove
09:04:03 INFO  Dir:   software_management_end_to_end/
09:04:03 INFO  Title: Validate end to end behaviour for the apt plugin for installation and removal of packages
09:04:03 INFO  ==============================================================
09:04:03 INFO  Testing the apt plugin is not supported on this platform.Use parameter -XmyPlatform='container' to enable it ... skipped
09:04:03 WARN  Aborted test due to SKIPPED outcome
09:04:03 INFO  
09:04:03 INFO  Test duration: 0.04 secs
09:04:03 INFO  Test final outcome:  SKIPPED
09:04:03 INFO  Test outcome reason: Testing the apt plugin is not supported on this platform.Use parameter -XmyPlatform='container' to enable it
09:04:03 INFO  
</system-out>
	</testcase>
<testcase classname="PySysTest" name="SoftwareManagement.sm_apt_install_remove" />
<testcase classname="PySysTest" name="SoftwareManagement.sm_apt_install_remove" />
</testsuite><testsuite name="SoftwareManagement.sm_apt_install_remove_default" tests="3" errors="0" failures="0" skipped="1" time="0"><testcase classname="PySysTest" name="SoftwareManagement.sm_apt_install_remove_default">
		<skipped message="SKIPPED: Testing the apt plugin is not supported on this platform.Use parameter -XmyPlatform='container' to enable it" />
		<system-out>09:04:03 INFO  ==============================================================
09:04:03 INFO  Id:    SoftwareManagement.sm_apt_install_remove_default
09:04:03 INFO  Dir:   software_management_end_to_end/
09:04:03 INFO  Title: Validate end to end behaviour for the default plugin for installation and removal of packages
09:04:03 INFO  ==============================================================
09:04:03 INFO  Testing the apt plugin is not supported on this platform.Use parameter -XmyPlatform='container' to enable it ... skipped
09:04:03 WARN  Aborted test due to SKIPPED outcome
09:04:03 INFO  
09:04:03 INFO  Test duration: 0.02 secs
09:04:03 INFO  Test final outcome:  SKIPPED
09:04:03 INFO  Test outcome reason: Testing the apt plugin is not supported on this platform.Use parameter -XmyPlatform='container' to enable it
09:04:03 INFO  
</system-out>
	</testcase>
<testcase classname="PySysTest" name="SoftwareManagement.sm_apt_install_remove_default" />
<testcase classname="PySysTest" name="SoftwareManagement.sm_apt_install_remove_default" />
</testsuite><testsuite name="SoftwareManagement.sm_apt_install_remove_multiple" tests="3" errors="0" failures="2" skipped="1" time="0"><testcase classname="PySysTest" name="SoftwareManagement.sm_apt_install_remove_multiple">
		<skipped message="SKIPPED: Testing the apt plugin is not supported on this platform.Use parameter -XmyPlatform='container' to enable it" />
		<system-out>09:04:03 INFO  ==============================================================
09:04:03 INFO  Id:    SoftwareManagement.sm_apt_install_remove_multiple
09:04:03 INFO  Dir:   software_management_end_to_end/
09:04:03 INFO  Title: Validate end to end behaviour for the apt plugin for multiple packages
09:04:03 INFO  ==============================================================
09:04:03 INFO  Testing the apt plugin is not supported on this platform.Use parameter -XmyPlatform='container' to enable it ... skipped
09:04:03 WARN  Aborted test due to SKIPPED outcome
09:04:03 INFO  
09:04:03 INFO  Test duration: 0.02 secs
09:04:03 INFO  Test final outcome:  SKIPPED
09:04:03 INFO  Test outcome reason: Testing the apt plugin is not supported on this platform.Use parameter -XmyPlatform='container' to enable it
09:04:03 INFO  
</system-out>
	</testcase>
<testcase classname="PySysTest" name="SoftwareManagement.sm_apt_install_remove_multiple">
		<failure message="FAILED: Assert that (False == value) with value=True" type="FAILED" />
		<system-out>09:35:11 INFO  ==============================================================
09:35:11 INFO  Id:    SoftwareManagement.sm_apt_install_remove_multiple
09:35:11 INFO  Dir:   software_management_end_to_end/
09:35:11 INFO  Title: Validate end to end behaviour for the apt plugin for multiple packages
09:35:11 INFO  ==============================================================
09:35:11 INFO  Using sw id database: {'asciijump': '5475369', 'robotfindskitten': '5474869', 'squirrel3': '5475279', 'rolldice': '5152439', 'moon-buggy': '5439204', 'apple': '5495053', 'banana': '5494888', 'cherry': '5495382', 'watermelon': '5494510', 'registry': '8018911', 'hello-world': '8021526', 'docker/getting-started': '8021973', 'alpine': '7991792'}
09:35:11 INFO  EnvironmentC8y Setup
09:35:12 INFO  Executed systemctl&lt;serv_mapper1&gt;, exit status 3
09:35:12 INFO  Restarting mosquitto too frequently in the last 10 seconds. It was only up for 5 seconds
09:35:12 INFO  Delaying execution by 6 seconds
09:35:32 INFO  Executed sudo&lt;tedge_connect_c8y&gt;, exit status 0, duration 13 secs
09:35:32 INFO  Executed sudo&lt;tedge_connect_c8y_test&gt;, exit status 0
09:35:33 INFO  Executed systemctl&lt;serv_mosq2&gt;, exit status 0
09:35:33 INFO  Executed systemctl&lt;serv_mapper3&gt;, exit status 0
09:35:36 INFO  State of current operation: SUCCESSFUL
09:35:36 INFO  Assert that (False == value) with value=False ... passed
09:35:36 INFO  Assert that (False == value) with value=False ... passed
09:35:36 INFO  Assert that (False == value) with value=False ... passed
09:35:37 INFO  Package robotfindskitten is installed
09:35:37 WARN  Assert that (False == value) with value=True ... failed 
09:35:37 INFO  Response status: 201
09:35:37 INFO  Response to action: {
    "creationTime": "2022-05-12T09:35:37.403Z",
    "deviceId": "18895253",
    "deviceName": "m32sd10d",
    "self": "https://t493319102.eu-latest.cumulocity.com/devicecontrol/operations/18938691",
    "id": "18938691",
    "status": "PENDING",
    "description": "Apply software changes, triggered from PySys: [{'action': 'install', 'id': '5475369', 'name': 'asciijump', 'url': ' ', 'version': '::apt'}, {'action': 'install', 'id': '5474869', 'name': 'robotfindskitten', 'url': ' ', 'version': '::apt'}, {'action': 'install', 'id': '5475279', 'name': 'squirrel3', 'url': ' ', 'version': '::apt'}]",
    "c8y_SoftwareUpdate": [
        {
            "name": "asciijump",
            "action": "install",
            "id": "5475369",
            "version": "::apt",
            "url": " "
        },
        {
            "name": "robotfindskitten",
            "action": "install",
            "id": "5474869",
            "version": "::apt",
            "url": " "
        },
        {
            "name": "squirrel3",
            "action": "install",
            "id": "5475279",
            "version": "::apt",
            "url": " "
        }
    ]
}
09:35:37 INFO  Started operation: {'creationTime': '2022-05-12T09:35:37.403Z', 'deviceId': '18895253', 'deviceName': 'm32sd10d', 'self': 'https://t493319102.eu-latest.cumulocity.com/devicecontrol/operations/18938691', 'id': '18938691', 'status': 'PENDING', 'description': "Apply software changes, triggered from PySys: [{'action': 'install', 'id': '5475369', 'name': 'asciijump', 'url': ' ', 'version': '::apt'}, {'action': 'install', 'id': '5474869', 'name': 'robotfindskitten', 'url': ' ', 'version': '::apt'}, {'action': 'install', 'id': '5475279', 'name': 'squirrel3', 'url': ' ', 'version': '::apt'}]", 'c8y_SoftwareUpdate': [{'name': 'asciijump', 'action': 'install', 'id': '5475369', 'version': '::apt', 'url': ' '}, {'name': 'robotfindskitten', 'action': 'install', 'id': '5474869', 'version': '::apt', 'url': ' '}, {'name': 'squirrel3', 'action': 'install', 'id': '5475279', 'version': '::apt', 'url': ' '}]}
09:35:39 INFO  State of operation 18938691 : PENDING
09:35:41 INFO  State of operation 18938691 : EXECUTING
09:35:44 INFO  State of operation 18938691 : EXECUTING
09:35:46 INFO  State of operation 18938691 : EXECUTING
09:35:48 INFO  State of operation 18938691 : EXECUTING
09:35:50 INFO  State of operation 18938691 : EXECUTING
09:35:53 INFO  State of operation 18938691 : EXECUTING
09:35:56 INFO  State of operation 18938691 : EXECUTING
09:35:58 INFO  State of operation 18938691 : EXECUTING
09:36:01 INFO  State of operation 18938691 : EXECUTING
09:36:03 INFO  State of operation 18938691 : EXECUTING
09:36:05 INFO  State of operation 18938691 : EXECUTING
09:36:07 INFO  State of operation 18938691 : EXECUTING
09:36:10 INFO  State of operation 18938691 : EXECUTING
09:36:12 INFO  State of operation 18938691 : EXECUTING
09:36:14 INFO  State of operation 18938691 : EXECUTING
09:36:17 INFO  State of operation 18938691 : EXECUTING
09:36:19 INFO  State of operation 18938691 : EXECUTING
09:36:22 INFO  State of operation 18938691 : EXECUTING
09:36:24 INFO  State of operation 18938691 : EXECUTING
09:36:26 INFO  State of operation 18938691 : EXECUTING
09:36:29 INFO  State of operation 18938691 : EXECUTING
09:36:31 INFO  State of operation 18938691 : EXECUTING
09:36:34 INFO  State of operation 18938691 : EXECUTING
09:36:36 INFO  State of operation 18938691 : EXECUTING
09:36:39 INFO  State of operation 18938691 : EXECUTING
09:36:41 INFO  State of operation 18938691 : EXECUTING
09:36:44 INFO  State of operation 18938691 : EXECUTING
09:36:46 INFO  State of operation 18938691 : EXECUTING
09:36:49 INFO  State of operation 18938691 : EXECUTING
09:36:51 INFO  State of operation 18938691 : EXECUTING
09:36:53 INFO  State of operation 18938691 : EXECUTING
09:36:55 INFO  State of operation 18938691 : EXECUTING
09:36:57 INFO  State of operation 18938691 : SUCCESSFUL
09:36:58 INFO  Assert that (False == value) with value=False ... passed
09:36:58 INFO  Package asciijump is installed
09:36:58 INFO  Assert that (True == value) with value=True ... passed
09:36:58 INFO  Package squirrel3 is installed
09:36:58 INFO  Assert that (True == value) with value=True ... passed
09:36:58 INFO  Package robotfindskitten is installed
09:36:58 INFO  Assert that (True == value) with value=True ... passed
09:36:59 INFO  Response status: 201
09:36:59 INFO  Response to action: {
    "creationTime": "2022-05-12T09:36:59.145Z",
    "deviceId": "18895253",
    "deviceName": "m32sd10d",
    "self": "https://t493319102.eu-latest.cumulocity.com/devicecontrol/operations/18938719",
    "id": "18938719",
    "status": "PENDING",
    "description": "Apply software changes, triggered from PySys: [{'action': 'delete', 'id': '5475369', 'name': 'asciijump', 'url': ' ', 'version': '::apt'}, {'action': 'delete', 'id': '5474869', 'name': 'robotfindskitten', 'url': ' ', 'version': '::apt'}, {'action': 'delete', 'id': '5475279', 'name': 'squirrel3', 'url': ' ', 'version': '::apt'}]",
    "c8y_SoftwareUpdate": [
        {
            "name": "asciijump",
            "action": "delete",
            "id": "5475369",
            "version": "::apt",
            "url": " "
        },
        {
            "name": "robotfindskitten",
            "action": "delete",
            "id": "5474869",
            "version": "::apt",
            "url": " "
        },
        {
            "name": "squirrel3",
            "action": "delete",
            "id": "5475279",
            "version": "::apt",
            "url": " "
        }
    ]
}
09:36:59 INFO  Started operation: {'creationTime': '2022-05-12T09:36:59.145Z', 'deviceId': '18895253', 'deviceName': 'm32sd10d', 'self': 'https://t493319102.eu-latest.cumulocity.com/devicecontrol/operations/18938719', 'id': '18938719', 'status': 'PENDING', 'description': "Apply software changes, triggered from PySys: [{'action': 'delete', 'id': '5475369', 'name': 'asciijump', 'url': ' ', 'version': '::apt'}, {'action': 'delete', 'id': '5474869', 'name': 'robotfindskitten', 'url': ' ', 'version': '::apt'}, {'action': 'delete', 'id': '5475279', 'name': 'squirrel3', 'url': ' ', 'version': '::apt'}]", 'c8y_SoftwareUpdate': [{'name': 'asciijump', 'action': 'delete', 'id': '5475369', 'version': '::apt', 'url': ' '}, {'name': 'robotfindskitten', 'action': 'delete', 'id': '5474869', 'version': '::apt', 'url': ' '}, {'name': 'squirrel3', 'action': 'delete', 'id': '5475279', 'version': '::apt', 'url': ' '}]}
09:37:01 INFO  State of operation 18938719 : PENDING
09:37:03 INFO  State of operation 18938719 : EXECUTING
09:37:05 INFO  State of operation 18938719 : EXECUTING
09:37:08 INFO  State of operation 18938719 : EXECUTING
09:37:10 INFO  State of operation 18938719 : EXECUTING
09:37:12 INFO  State of operation 18938719 : EXECUTING
09:37:15 INFO  State of operation 18938719 : EXECUTING
09:37:18 INFO  State of operation 18938719 : EXECUTING
09:37:20 INFO  State of operation 18938719 : EXECUTING
09:37:22 INFO  State of operation 18938719 : EXECUTING
09:37:24 INFO  State of operation 18938719 : EXECUTING
09:37:27 INFO  State of operation 18938719 : EXECUTING
09:37:29 INFO  State of operation 18938719 : EXECUTING
09:37:31 INFO  State of operation 18938719 : EXECUTING
09:37:34 INFO  State of operation 18938719 : EXECUTING
09:37:36 INFO  State of operation 18938719 : EXECUTING
09:37:38 INFO  State of operation 18938719 : EXECUTING
09:37:41 INFO  State of operation 18938719 : EXECUTING
09:37:43 INFO  State of operation 18938719 : EXECUTING
09:37:46 INFO  State of operation 18938719 : EXECUTING
09:37:48 INFO  State of operation 18938719 : EXECUTING
09:37:50 INFO  State of operation 18938719 : EXECUTING
09:37:52 INFO  State of operation 18938719 : EXECUTING
09:37:55 INFO  State of operation 18938719 : EXECUTING
09:37:57 INFO  State of operation 18938719 : EXECUTING
09:38:00 INFO  State of operation 18938719 : EXECUTING
09:38:02 INFO  State of operation 18938719 : EXECUTING
09:38:04 INFO  State of operation 18938719 : SUCCESSFUL
09:38:05 INFO  Assert that (False == value) with value=False ... passed
09:38:05 INFO  Assert that (False == value) with value=False ... passed
09:38:05 INFO  Assert that (False == value) with value=False ... passed
09:38:05 INFO  Assert that (False == value) with value=False ... passed
09:38:05 INFO  
09:38:05 INFO  cleanup:
09:38:09 INFO  Executed sudo&lt;tedge_disconnect_c8y&gt;, exit status 0
09:38:10 INFO  Executed systemctl&lt;serv_mapper5&gt;, exit status 3
09:38:10 INFO  
09:38:10 INFO  Test duration: 178.58 secs
09:38:10 INFO  Test final outcome:  FAILED
09:38:10 INFO  Test outcome reason: Assert that (False == value) with value=True
09:38:10 INFO  
</system-out>
	</testcase>
<testcase classname="PySysTest" name="SoftwareManagement.sm_apt_install_remove_multiple">
		<failure message="FAILED: Assert that (False == value) with value=True (+2 other failures)" type="FAILED" />
		<system-out>10:01:51 INFO  ==============================================================
10:01:51 INFO  Id:    SoftwareManagement.sm_apt_install_remove_multiple
10:01:51 INFO  Dir:   software_management_end_to_end/
10:01:51 INFO  Title: Validate end to end behaviour for the apt plugin for multiple packages
10:01:51 INFO  ==============================================================
10:01:52 INFO  Using sw id database: {'asciijump': '5475369', 'robotfindskitten': '5474869', 'squirrel3': '5475279', 'rolldice': '5152439', 'moon-buggy': '5439204', 'apple': '5495053', 'banana': '5494888', 'cherry': '5495382', 'watermelon': '5494510', 'registry': '8018911', 'hello-world': '8021526', 'docker/getting-started': '8021973', 'alpine': '7991792'}
10:01:52 INFO  EnvironmentC8y Setup
10:01:52 INFO  Executed systemctl&lt;serv_mapper1&gt;, exit status 3
10:01:52 INFO  Restarting mosquitto too frequently in the last 10 seconds. It was only up for 4 seconds
10:01:52 INFO  Delaying execution by 7 seconds
10:02:13 INFO  Executed sudo&lt;tedge_connect_c8y&gt;, exit status 0, duration 13 secs
10:02:14 INFO  Executed sudo&lt;tedge_connect_c8y_test&gt;, exit status 0
10:02:14 INFO  Executed systemctl&lt;serv_mosq2&gt;, exit status 0
10:02:15 INFO  Executed systemctl&lt;serv_mapper3&gt;, exit status 0
10:02:17 INFO  State of current operation: SUCCESSFUL
10:02:17 INFO  Assert that (False == value) with value=False ... passed
10:02:17 INFO  Package asciijump is installed
10:02:18 WARN  Assert that (False == value) with value=True ... failed 
10:02:18 INFO  Package squirrel3 is installed
10:02:18 WARN  Assert that (False == value) with value=True ... failed 
10:02:18 INFO  Package robotfindskitten is installed
10:02:18 WARN  Assert that (False == value) with value=True ... failed 
10:02:19 INFO  Response status: 201
10:02:19 INFO  Response to action: {
    "delivery": {
        "time": "2022-05-12T10:02:19.023Z",
        "log": [],
        "status": "PENDING"
    },
    "creationTime": "2022-05-12T10:02:19.000Z",
    "deviceId": "18895253",
    "deviceName": "m32sd10d",
    "self": "https://t493319102.eu-latest.cumulocity.com/devicecontrol/operations/18945109",
    "id": "18945109",
    "status": "PENDING",
    "description": "Apply software changes, triggered from PySys: [{'action': 'install', 'id': '5475369', 'name': 'asciijump', 'url': ' ', 'version': '::apt'}, {'action': 'install', 'id': '5474869', 'name': 'robotfindskitten', 'url': ' ', 'version': '::apt'}, {'action': 'install', 'id': '5475279', 'name': 'squirrel3', 'url': ' ', 'version': '::apt'}]",
    "c8y_SoftwareUpdate": [
        {
            "name": "asciijump",
            "action": "install",
            "id": "5475369",
            "version": "::apt",
            "url": " "
        },
        {
            "name": "robotfindskitten",
            "action": "install",
            "id": "5474869",
            "version": "::apt",
            "url": " "
        },
        {
            "name": "squirrel3",
            "action": "install",
            "id": "5475279",
            "version": "::apt",
            "url": " "
        }
    ]
}
10:02:19 INFO  Started operation: {'delivery': {'time': '2022-05-12T10:02:19.023Z', 'log': [], 'status': 'PENDING'}, 'creationTime': '2022-05-12T10:02:19.000Z', 'deviceId': '18895253', 'deviceName': 'm32sd10d', 'self': 'https://t493319102.eu-latest.cumulocity.com/devicecontrol/operations/18945109', 'id': '18945109', 'status': 'PENDING', 'description': "Apply software changes, triggered from PySys: [{'action': 'install', 'id': '5475369', 'name': 'asciijump', 'url': ' ', 'version': '::apt'}, {'action': 'install', 'id': '5474869', 'name': 'robotfindskitten', 'url': ' ', 'version': '::apt'}, {'action': 'install', 'id': '5475279', 'name': 'squirrel3', 'url': ' ', 'version': '::apt'}]", 'c8y_SoftwareUpdate': [{'name': 'asciijump', 'action': 'install', 'id': '5475369', 'version': '::apt', 'url': ' '}, {'name': 'robotfindskitten', 'action': 'install', 'id': '5474869', 'version': '::apt', 'url': ' '}, {'name': 'squirrel3', 'action': 'install', 'id': '5475279', 'version': '::apt', 'url': ' '}]}
10:02:21 INFO  State of operation 18945109 : PENDING
10:02:23 INFO  State of operation 18945109 : EXECUTING
10:02:25 INFO  State of operation 18945109 : EXECUTING
10:02:27 INFO  State of operation 18945109 : EXECUTING
10:02:30 INFO  State of operation 18945109 : EXECUTING
10:02:32 INFO  State of operation 18945109 : EXECUTING
10:02:35 INFO  State of operation 18945109 : EXECUTING
10:02:38 INFO  State of operation 18945109 : EXECUTING
10:02:40 INFO  State of operation 18945109 : EXECUTING
10:02:43 INFO  State of operation 18945109 : EXECUTING
10:02:45 INFO  State of operation 18945109 : EXECUTING
10:02:47 INFO  State of operation 18945109 : EXECUTING
10:02:49 INFO  State of operation 18945109 : EXECUTING
10:02:52 INFO  State of operation 18945109 : EXECUTING
10:02:54 INFO  State of operation 18945109 : EXECUTING
10:02:56 INFO  State of operation 18945109 : SUCCESSFUL
10:02:56 INFO  Assert that (False == value) with value=False ... passed
10:02:56 INFO  Package asciijump is installed
10:02:56 INFO  Assert that (True == value) with value=True ... passed
10:02:57 INFO  Package squirrel3 is installed
10:02:57 INFO  Assert that (True == value) with value=True ... passed
10:02:57 INFO  Package robotfindskitten is installed
10:02:57 INFO  Assert that (True == value) with value=True ... passed
10:02:57 INFO  Response status: 201
10:02:57 INFO  Response to action: {
    "delivery": {
        "time": "2022-05-12T10:02:57.590Z",
        "log": [],
        "status": "PENDING"
    },
    "creationTime": "2022-05-12T10:02:57.576Z",
    "deviceId": "18895253",
    "deviceName": "m32sd10d",
    "self": "https://t493319102.eu-latest.cumulocity.com/devicecontrol/operations/18945124",
    "id": "18945124",
    "status": "PENDING",
    "description": "Apply software changes, triggered from PySys: [{'action': 'delete', 'id': '5475369', 'name': 'asciijump', 'url': ' ', 'version': '::apt'}, {'action': 'delete', 'id': '5474869', 'name': 'robotfindskitten', 'url': ' ', 'version': '::apt'}, {'action': 'delete', 'id': '5475279', 'name': 'squirrel3', 'url': ' ', 'version': '::apt'}]",
    "c8y_SoftwareUpdate": [
        {
            "name": "asciijump",
            "action": "delete",
            "id": "5475369",
            "version": "::apt",
            "url": " "
        },
        {
            "name": "robotfindskitten",
            "action": "delete",
            "id": "5474869",
            "version": "::apt",
            "url": " "
        },
        {
            "name": "squirrel3",
            "action": "delete",
            "id": "5475279",
            "version": "::apt",
            "url": " "
        }
    ]
}
10:02:57 INFO  Started operation: {'delivery': {'time': '2022-05-12T10:02:57.590Z', 'log': [], 'status': 'PENDING'}, 'creationTime': '2022-05-12T10:02:57.576Z', 'deviceId': '18895253', 'deviceName': 'm32sd10d', 'self': 'https://t493319102.eu-latest.cumulocity.com/devicecontrol/operations/18945124', 'id': '18945124', 'status': 'PENDING', 'description': "Apply software changes, triggered from PySys: [{'action': 'delete', 'id': '5475369', 'name': 'asciijump', 'url': ' ', 'version': '::apt'}, {'action': 'delete', 'id': '5474869', 'name': 'robotfindskitten', 'url': ' ', 'version': '::apt'}, {'action': 'delete', 'id': '5475279', 'name': 'squirrel3', 'url': ' ', 'version': '::apt'}]", 'c8y_SoftwareUpdate': [{'name': 'asciijump', 'action': 'delete', 'id': '5475369', 'version': '::apt', 'url': ' '}, {'name': 'robotfindskitten', 'action': 'delete', 'id': '5474869', 'version': '::apt', 'url': ' '}, {'name': 'squirrel3', 'action': 'delete', 'id': '5475279', 'version': '::apt', 'url': ' '}]}
10:02:59 INFO  State of operation 18945124 : PENDING
10:03:02 INFO  State of operation 18945124 : EXECUTING
10:03:04 INFO  State of operation 18945124 : EXECUTING
10:03:06 INFO  State of operation 18945124 : EXECUTING
10:03:08 INFO  State of operation 18945124 : EXECUTING
10:03:10 INFO  State of operation 18945124 : EXECUTING
10:03:13 INFO  State of operation 18945124 : EXECUTING
10:03:16 INFO  State of operation 18945124 : EXECUTING
10:03:18 INFO  State of operation 18945124 : EXECUTING
10:03:21 INFO  State of operation 18945124 : EXECUTING
10:03:23 INFO  State of operation 18945124 : EXECUTING
10:03:25 INFO  State of operation 18945124 : EXECUTING
10:03:27 INFO  State of operation 18945124 : EXECUTING
10:03:30 INFO  State of operation 18945124 : EXECUTING
10:03:32 INFO  State of operation 18945124 : EXECUTING
10:03:34 INFO  State of operation 18945124 : EXECUTING
10:03:36 INFO  State of operation 18945124 : EXECUTING
10:03:39 INFO  State of operation 18945124 : EXECUTING
10:03:42 INFO  State of operation 18945124 : EXECUTING
10:03:44 INFO  State of operation 18945124 : EXECUTING
10:03:46 INFO  State of operation 18945124 : EXECUTING
10:03:49 INFO  State of operation 18945124 : EXECUTING
10:03:51 INFO  State of operation 18945124 : EXECUTING
10:03:53 INFO  State of operation 18945124 : EXECUTING
10:03:55 INFO  State of operation 18945124 : EXECUTING
10:03:58 INFO  State of operation 18945124 : EXECUTING
10:04:00 INFO  State of operation 18945124 : EXECUTING
10:04:03 INFO  State of operation 18945124 : EXECUTING
10:04:05 INFO  State of operation 18945124 : EXECUTING
10:04:07 INFO  State of operation 18945124 : SUCCESSFUL
10:04:08 INFO  Assert that (False == value) with value=False ... passed
10:04:08 INFO  Assert that (False == value) with value=False ... passed
10:04:08 INFO  Assert that (False == value) with value=False ... passed
10:04:08 INFO  Assert that (False == value) with value=False ... passed
10:04:08 INFO  
10:04:08 INFO  cleanup:
10:04:12 INFO  Executed sudo&lt;tedge_disconnect_c8y&gt;, exit status 0
10:04:13 INFO  Executed systemctl&lt;serv_mapper5&gt;, exit status 3
10:04:13 INFO  
10:04:13 INFO  Test duration: 141.41 secs
10:04:13 INFO  Test final outcome:  FAILED
10:04:13 INFO  Test outcome reason: Assert that (False == value) with value=True (+2 other failures)
10:04:13 INFO  
</system-out>
	</testcase>
</testsuite><testsuite name="SoftwareManagement.sm_apt_install_remove_multiple_mixed" tests="3" errors="0" failures="2" skipped="1" time="0"><testcase classname="PySysTest" name="SoftwareManagement.sm_apt_install_remove_multiple_mixed">
		<skipped message="SKIPPED: Testing the apt plugin is not supported on this platform.Use parameter -XmyPlatform='container' to enable it" />
		<system-out>09:04:03 INFO  ==============================================================
09:04:03 INFO  Id:    SoftwareManagement.sm_apt_install_remove_multiple_mixed
09:04:03 INFO  Dir:   software_management_end_to_end/
09:04:03 INFO  Title: Validate end to end behaviour for the apt plugin for multiple packages with mixed versions
09:04:03 INFO  ==============================================================
09:04:03 INFO  Testing the apt plugin is not supported on this platform.Use parameter -XmyPlatform='container' to enable it ... skipped
09:04:03 WARN  Aborted test due to SKIPPED outcome
09:04:03 INFO  
09:04:03 INFO  Test duration: 0.02 secs
09:04:03 INFO  Test final outcome:  SKIPPED
09:04:03 INFO  Test outcome reason: Testing the apt plugin is not supported on this platform.Use parameter -XmyPlatform='container' to enable it
09:04:03 INFO  
</system-out>
	</testcase>
<testcase classname="PySysTest" name="SoftwareManagement.sm_apt_install_remove_multiple_mixed">
		<failure message="BLOCKED: SystemError: Timeout while waiting for status SUCCESSFUL or False" type="BLOCKED" />
		<system-out>09:38:10 INFO  ==============================================================
09:38:10 INFO  Id:    SoftwareManagement.sm_apt_install_remove_multiple_mixed
09:38:10 INFO  Dir:   software_management_end_to_end/
09:38:10 INFO  Title: Validate end to end behaviour for the apt plugin for multiple packages with mixed versions
09:38:10 INFO  ==============================================================
09:38:10 INFO  Using sw id database: {'asciijump': '5475369', 'robotfindskitten': '5474869', 'squirrel3': '5475279', 'rolldice': '5152439', 'moon-buggy': '5439204', 'apple': '5495053', 'banana': '5494888', 'cherry': '5495382', 'watermelon': '5494510', 'registry': '8018911', 'hello-world': '8021526', 'docker/getting-started': '8021973', 'alpine': '7991792'}
09:38:10 INFO  EnvironmentC8y Setup
09:38:10 INFO  Executed systemctl&lt;serv_mapper1&gt;, exit status 3
09:38:11 INFO  Restarting mosquitto too frequently in the last 10 seconds. It was only up for 4 seconds
09:38:11 INFO  Delaying execution by 7 seconds
09:38:31 INFO  Executed sudo&lt;tedge_connect_c8y&gt;, exit status 0, duration 13 secs
09:38:32 INFO  Executed sudo&lt;tedge_connect_c8y_test&gt;, exit status 0
09:38:32 INFO  Executed systemctl&lt;serv_mosq2&gt;, exit status 0
09:38:33 INFO  Executed systemctl&lt;serv_mapper3&gt;, exit status 0
09:38:35 INFO  State of current operation: SUCCESSFUL
09:38:35 INFO  Assert that (False == value) with value=False ... passed
09:38:35 INFO  Assert that (False == value) with value=False ... passed
09:38:36 INFO  Assert that (False == value) with value=False ... passed
09:38:36 INFO  Assert that (False == value) with value=False ... passed
09:38:36 INFO  Assert that (False == value) with value=False ... passed
09:38:37 INFO  Response status: 201
09:38:37 INFO  Response to action: {
    "creationTime": "2022-05-12T09:38:37.766Z",
    "deviceId": "18895253",
    "deviceName": "m32sd10d",
    "self": "https://t493319102.eu-latest.cumulocity.com/devicecontrol/operations/18938741",
    "id": "18938741",
    "status": "PENDING",
    "description": "Apply software changes, triggered from PySys: [{'action': 'install', 'id': '5475369', 'name': 'asciijump', 'url': ' ', 'version': '::apt'}, {'action': 'install', 'id': '5474869', 'name': 'robotfindskitten', 'url': ' ', 'version': ' '}, {'action': 'install', 'id': '5475279', 'name': 'squirrel3', 'url': ' ', 'version': '3.1-7::apt'}, {'action': 'install', 'id': '5152439', 'name': 'rolldice', 'url': ' ', 'version': '1.16-1+b1'}, {'action': 'install', 'id': '5439204', 'name': 'moon-buggy', 'url': ' ', 'version': '1:1.0.51-12'}, {'action': 'install', 'id': '5475369', 'name': 'asciijump', 'url': ' ', 'version': '::apt'}]",
    "c8y_SoftwareUpdate": [
        {
            "name": "asciijump",
            "action": "install",
            "id": "5475369",
            "version": "::apt",
            "url": " "
        },
        {
            "name": "robotfindskitten",
            "action": "install",
            "id": "5474869",
            "version": " ",
            "url": " "
        },
        {
            "name": "squirrel3",
            "action": "install",
            "id": "5475279",
            "version": "3.1-7::apt",
            "url": " "
        },
        {
            "name": "rolldice",
            "action": "install",
            "id": "5152439",
            "version": "1.16-1+b1",
            "url": " "
        },
        {
            "name": "moon-buggy",
            "action": "install",
            "id": "5439204",
            "version": "1:1.0.51-12",
            "url": " "
        },
        {
            "name": "asciijump",
            "action": "install",
            "id": "5475369",
            "version": "::apt",
            "url": " "
        }
    ]
}
09:38:37 INFO  Started operation: {'creationTime': '2022-05-12T09:38:37.766Z', 'deviceId': '18895253', 'deviceName': 'm32sd10d', 'self': 'https://t493319102.eu-latest.cumulocity.com/devicecontrol/operations/18938741', 'id': '18938741', 'status': 'PENDING', 'description': "Apply software changes, triggered from PySys: [{'action': 'install', 'id': '5475369', 'name': 'asciijump', 'url': ' ', 'version': '::apt'}, {'action': 'install', 'id': '5474869', 'name': 'robotfindskitten', 'url': ' ', 'version': ' '}, {'action': 'install', 'id': '5475279', 'name': 'squirrel3', 'url': ' ', 'version': '3.1-7::apt'}, {'action': 'install', 'id': '5152439', 'name': 'rolldice', 'url': ' ', 'version': '1.16-1+b1'}, {'action': 'install', 'id': '5439204', 'name': 'moon-buggy', 'url': ' ', 'version': '1:1.0.51-12'}, {'action': 'install', 'id': '5475369', 'name': 'asciijump', 'url': ' ', 'version': '::apt'}]", 'c8y_SoftwareUpdate': [{'name': 'asciijump', 'action': 'install', 'id': '5475369', 'version': '::apt', 'url': ' '}, {'name': 'robotfindskitten', 'action': 'install', 'id': '5474869', 'version': ' ', 'url': ' '}, {'name': 'squirrel3', 'action': 'install', 'id': '5475279', 'version': '3.1-7::apt', 'url': ' '}, {'name': 'rolldice', 'action': 'install', 'id': '5152439', 'version': '1.16-1+b1', 'url': ' '}, {'name': 'moon-buggy', 'action': 'install', 'id': '5439204', 'version': '1:1.0.51-12', 'url': ' '}, {'name': 'asciijump', 'action': 'install', 'id': '5475369', 'version': '::apt', 'url': ' '}]}
09:38:40 INFO  State of operation 18938741 : PENDING
09:38:42 INFO  State of operation 18938741 : EXECUTING
09:38:44 INFO  State of operation 18938741 : EXECUTING
09:38:46 INFO  State of operation 18938741 : EXECUTING
09:38:48 INFO  State of operation 18938741 : EXECUTING
09:38:51 INFO  State of operation 18938741 : EXECUTING
09:38:53 INFO  State of operation 18938741 : EXECUTING
09:38:56 INFO  State of operation 18938741 : EXECUTING
09:38:59 INFO  State of operation 18938741 : EXECUTING
09:39:01 INFO  State of operation 18938741 : EXECUTING
09:39:03 INFO  State of operation 18938741 : EXECUTING
09:39:05 INFO  State of operation 18938741 : EXECUTING
09:39:08 INFO  State of operation 18938741 : EXECUTING
09:39:10 INFO  State of operation 18938741 : EXECUTING
09:39:12 INFO  State of operation 18938741 : EXECUTING
09:39:14 INFO  State of operation 18938741 : EXECUTING
09:39:17 INFO  State of operation 18938741 : EXECUTING
09:39:20 INFO  State of operation 18938741 : EXECUTING
09:39:22 INFO  State of operation 18938741 : EXECUTING
09:39:24 INFO  State of operation 18938741 : EXECUTING
09:39:26 INFO  State of operation 18938741 : EXECUTING
09:39:29 INFO  State of operation 18938741 : EXECUTING
09:39:31 INFO  State of operation 18938741 : EXECUTING
09:39:34 INFO  State of operation 18938741 : EXECUTING
09:39:36 INFO  State of operation 18938741 : EXECUTING
09:39:39 INFO  State of operation 18938741 : EXECUTING
09:39:41 INFO  State of operation 18938741 : EXECUTING
09:39:44 INFO  State of operation 18938741 : EXECUTING
09:39:46 INFO  State of operation 18938741 : EXECUTING
09:39:49 INFO  State of operation 18938741 : EXECUTING
09:39:51 INFO  State of operation 18938741 : EXECUTING
09:39:53 INFO  State of operation 18938741 : EXECUTING
09:39:55 INFO  State of operation 18938741 : EXECUTING
09:39:57 INFO  State of operation 18938741 : EXECUTING
09:40:00 INFO  State of operation 18938741 : EXECUTING
09:40:02 INFO  State of operation 18938741 : EXECUTING
09:40:04 INFO  State of operation 18938741 : EXECUTING
09:40:07 INFO  State of operation 18938741 : EXECUTING
09:40:10 INFO  State of operation 18938741 : EXECUTING
09:40:12 INFO  State of operation 18938741 : EXECUTING
09:40:14 INFO  State of operation 18938741 : EXECUTING
09:40:17 INFO  State of operation 18938741 : EXECUTING
09:40:19 INFO  State of operation 18938741 : EXECUTING
09:40:21 INFO  State of operation 18938741 : EXECUTING
09:40:23 INFO  State of operation 18938741 : EXECUTING
09:40:26 INFO  State of operation 18938741 : EXECUTING
09:40:28 INFO  State of operation 18938741 : EXECUTING
09:40:31 INFO  State of operation 18938741 : EXECUTING
09:40:33 INFO  State of operation 18938741 : EXECUTING
09:40:35 INFO  State of operation 18938741 : EXECUTING
09:40:38 INFO  State of operation 18938741 : EXECUTING
09:40:40 INFO  State of operation 18938741 : EXECUTING
09:40:43 INFO  State of operation 18938741 : EXECUTING
09:40:46 INFO  State of operation 18938741 : EXECUTING
09:40:48 INFO  State of operation 18938741 : EXECUTING
09:40:50 INFO  State of operation 18938741 : EXECUTING
09:40:53 INFO  State of operation 18938741 : EXECUTING
09:40:55 INFO  State of operation 18938741 : EXECUTING
09:40:58 INFO  State of operation 18938741 : EXECUTING
09:41:00 INFO  State of operation 18938741 : EXECUTING
09:41:03 INFO  State of operation 18938741 : EXECUTING
09:41:05 WARN  SystemError occurred while running test - Timeout while waiting for status SUCCESSFUL or False
Traceback (most recent call last):
  File "/home/pi/env-pysys/lib/python3.7/site-packages/pysys/baserunner.py", line 1294, in __call__
    self.testObj.execute()
  File "/home/pi/actions-runner/_work/thin-edge.io/thin-edge.io/tests/PySys/software_management_end_to_end/sm_apt_install_remove_multiple_mixed/run.py", line 89, in execute
    self.wait_until_succcess()
  File "/home/pi/actions-runner/_work/thin-edge.io/thin-edge.io/tests/PySys/software_management_end_to_end/environment_sm_management.py", line 324, in wait_until_succcess
    self.wait_until_status("SUCCESSFUL")
  File "/home/pi/actions-runner/_work/thin-edge.io/thin-edge.io/tests/PySys/software_management_end_to_end/environment_sm_management.py", line 381, in wait_until_status
    "Timeout while waiting for status %s or %s" % (status, status2)
SystemError: Timeout while waiting for status SUCCESSFUL or False
09:41:05 WARN  SystemError: Timeout while waiting for status SUCCESSFUL or False ... blocked 
09:41:05 INFO  
09:41:05 INFO  cleanup:
09:41:09 INFO  Executed sudo&lt;tedge_disconnect_c8y&gt;, exit status 0
09:41:10 INFO  Executed systemctl&lt;serv_mapper5&gt;, exit status 3
09:41:10 INFO  
09:41:10 INFO  Test duration: 179.80 secs
09:41:10 INFO  Test final outcome:  BLOCKED
09:41:10 INFO  Test outcome reason: SystemError: Timeout while waiting for status SUCCESSFUL or False
09:41:10 INFO  
</system-out>
	</testcase>
<testcase classname="PySysTest" name="SoftwareManagement.sm_apt_install_remove_multiple_mixed">
		<failure message="BLOCKED: SystemError: Timeout while waiting for status SUCCESSFUL or False (+1 other failures)" type="BLOCKED" />
		<system-out>10:04:13 INFO  ==============================================================
10:04:13 INFO  Id:    SoftwareManagement.sm_apt_install_remove_multiple_mixed
10:04:13 INFO  Dir:   software_management_end_to_end/
10:04:13 INFO  Title: Validate end to end behaviour for the apt plugin for multiple packages with mixed versions
10:04:13 INFO  ==============================================================
10:04:13 INFO  Using sw id database: {'asciijump': '5475369', 'robotfindskitten': '5474869', 'squirrel3': '5475279', 'rolldice': '5152439', 'moon-buggy': '5439204', 'apple': '5495053', 'banana': '5494888', 'cherry': '5495382', 'watermelon': '5494510', 'registry': '8018911', 'hello-world': '8021526', 'docker/getting-started': '8021973', 'alpine': '7991792'}
10:04:13 INFO  EnvironmentC8y Setup
10:04:14 INFO  Executed systemctl&lt;serv_mapper1&gt;, exit status 3
10:04:14 INFO  Restarting mosquitto too frequently in the last 10 seconds. It was only up for 4 seconds
10:04:14 INFO  Delaying execution by 7 seconds
10:04:34 INFO  Executed sudo&lt;tedge_connect_c8y&gt;, exit status 0, duration 13 secs
10:04:35 INFO  Executed sudo&lt;tedge_connect_c8y_test&gt;, exit status 0
10:04:35 INFO  Executed systemctl&lt;serv_mosq2&gt;, exit status 0
10:04:36 INFO  Executed systemctl&lt;serv_mapper3&gt;, exit status 0
10:04:38 INFO  State of current operation: SUCCESSFUL
10:04:38 INFO  Assert that (False == value) with value=False ... passed
10:04:38 INFO  Assert that (False == value) with value=False ... passed
10:04:39 INFO  Assert that (False == value) with value=False ... passed
10:04:39 INFO  Assert that (False == value) with value=False ... passed
10:04:39 INFO  Package moon-buggy is installed
10:04:39 WARN  Assert that (False == value) with value=True ... failed 
10:04:40 INFO  Response status: 201
10:04:40 INFO  Response to action: {
    "creationTime": "2022-05-12T10:04:40.915Z",
    "deviceId": "18895253",
    "deviceName": "m32sd10d",
    "self": "https://t493319102.eu-latest.cumulocity.com/devicecontrol/operations/18945153",
    "id": "18945153",
    "status": "PENDING",
    "description": "Apply software changes, triggered from PySys: [{'action': 'install', 'id': '5475369', 'name': 'asciijump', 'url': ' ', 'version': '::apt'}, {'action': 'install', 'id': '5474869', 'name': 'robotfindskitten', 'url': ' ', 'version': ' '}, {'action': 'install', 'id': '5475279', 'name': 'squirrel3', 'url': ' ', 'version': '3.1-7::apt'}, {'action': 'install', 'id': '5152439', 'name': 'rolldice', 'url': ' ', 'version': '1.16-1+b1'}, {'action': 'install', 'id': '5439204', 'name': 'moon-buggy', 'url': ' ', 'version': '1:1.0.51-12'}, {'action': 'install', 'id': '5475369', 'name': 'asciijump', 'url': ' ', 'version': '::apt'}]",
    "c8y_SoftwareUpdate": [
        {
            "name": "asciijump",
            "action": "install",
            "id": "5475369",
            "version": "::apt",
            "url": " "
        },
        {
            "name": "robotfindskitten",
            "action": "install",
            "id": "5474869",
            "version": " ",
            "url": " "
        },
        {
            "name": "squirrel3",
            "action": "install",
            "id": "5475279",
            "version": "3.1-7::apt",
            "url": " "
        },
        {
            "name": "rolldice",
            "action": "install",
            "id": "5152439",
            "version": "1.16-1+b1",
            "url": " "
        },
        {
            "name": "moon-buggy",
            "action": "install",
            "id": "5439204",
            "version": "1:1.0.51-12",
            "url": " "
        },
        {
            "name": "asciijump",
            "action": "install",
            "id": "5475369",
            "version": "::apt",
            "url": " "
        }
    ]
}
10:04:40 INFO  Started operation: {'creationTime': '2022-05-12T10:04:40.915Z', 'deviceId': '18895253', 'deviceName': 'm32sd10d', 'self': 'https://t493319102.eu-latest.cumulocity.com/devicecontrol/operations/18945153', 'id': '18945153', 'status': 'PENDING', 'description': "Apply software changes, triggered from PySys: [{'action': 'install', 'id': '5475369', 'name': 'asciijump', 'url': ' ', 'version': '::apt'}, {'action': 'install', 'id': '5474869', 'name': 'robotfindskitten', 'url': ' ', 'version': ' '}, {'action': 'install', 'id': '5475279', 'name': 'squirrel3', 'url': ' ', 'version': '3.1-7::apt'}, {'action': 'install', 'id': '5152439', 'name': 'rolldice', 'url': ' ', 'version': '1.16-1+b1'}, {'action': 'install', 'id': '5439204', 'name': 'moon-buggy', 'url': ' ', 'version': '1:1.0.51-12'}, {'action': 'install', 'id': '5475369', 'name': 'asciijump', 'url': ' ', 'version': '::apt'}]", 'c8y_SoftwareUpdate': [{'name': 'asciijump', 'action': 'install', 'id': '5475369', 'version': '::apt', 'url': ' '}, {'name': 'robotfindskitten', 'action': 'install', 'id': '5474869', 'version': ' ', 'url': ' '}, {'name': 'squirrel3', 'action': 'install', 'id': '5475279', 'version': '3.1-7::apt', 'url': ' '}, {'name': 'rolldice', 'action': 'install', 'id': '5152439', 'version': '1.16-1+b1', 'url': ' '}, {'name': 'moon-buggy', 'action': 'install', 'id': '5439204', 'version': '1:1.0.51-12', 'url': ' '}, {'name': 'asciijump', 'action': 'install', 'id': '5475369', 'version': '::apt', 'url': ' '}]}
10:04:43 INFO  State of operation 18945153 : PENDING
10:04:45 INFO  State of operation 18945153 : EXECUTING
10:04:47 INFO  State of operation 18945153 : EXECUTING
10:04:49 INFO  State of operation 18945153 : EXECUTING
10:04:52 INFO  State of operation 18945153 : EXECUTING
10:04:54 INFO  State of operation 18945153 : EXECUTING
10:04:57 INFO  State of operation 18945153 : EXECUTING
10:04:59 INFO  State of operation 18945153 : EXECUTING
10:05:02 INFO  State of operation 18945153 : EXECUTING
10:05:04 INFO  State of operation 18945153 : EXECUTING
10:05:07 INFO  State of operation 18945153 : EXECUTING
10:05:09 INFO  State of operation 18945153 : EXECUTING
10:05:11 INFO  State of operation 18945153 : EXECUTING
10:05:13 INFO  State of operation 18945153 : EXECUTING
10:05:16 INFO  State of operation 18945153 : EXECUTING
10:05:18 INFO  State of operation 18945153 : EXECUTING
10:05:20 INFO  State of operation 18945153 : EXECUTING
10:05:23 INFO  State of operation 18945153 : EXECUTING
10:05:25 INFO  State of operation 18945153 : EXECUTING
10:05:28 INFO  State of operation 18945153 : EXECUTING
10:05:30 INFO  State of operation 18945153 : EXECUTING
10:05:32 INFO  State of operation 18945153 : EXECUTING
10:05:34 INFO  State of operation 18945153 : EXECUTING
10:05:37 INFO  State of operation 18945153 : EXECUTING
10:05:39 INFO  State of operation 18945153 : EXECUTING
10:05:42 INFO  State of operation 18945153 : EXECUTING
10:05:44 INFO  State of operation 18945153 : EXECUTING
10:05:47 INFO  State of operation 18945153 : EXECUTING
10:05:49 INFO  State of operation 18945153 : EXECUTING
10:05:51 INFO  State of operation 18945153 : EXECUTING
10:05:54 INFO  State of operation 18945153 : EXECUTING
10:05:56 INFO  State of operation 18945153 : EXECUTING
10:05:58 INFO  State of operation 18945153 : EXECUTING
10:06:00 INFO  State of operation 18945153 : EXECUTING
10:06:03 INFO  State of operation 18945153 : EXECUTING
10:06:05 INFO  State of operation 18945153 : EXECUTING
10:06:07 INFO  State of operation 18945153 : EXECUTING
10:06:09 INFO  State of operation 18945153 : EXECUTING
10:06:12 INFO  State of operation 18945153 : EXECUTING
10:06:15 INFO  State of operation 18945153 : EXECUTING
10:06:17 INFO  State of operation 18945153 : EXECUTING
10:06:20 INFO  State of operation 18945153 : EXECUTING
10:06:22 INFO  State of operation 18945153 : EXECUTING
10:06:24 INFO  State of operation 18945153 : EXECUTING
10:06:26 INFO  State of operation 18945153 : EXECUTING
10:06:29 INFO  State of operation 18945153 : EXECUTING
10:06:31 INFO  State of operation 18945153 : EXECUTING
10:06:33 INFO  State of operation 18945153 : EXECUTING
10:06:36 INFO  State of operation 18945153 : EXECUTING
10:06:38 INFO  State of operation 18945153 : EXECUTING
10:06:40 INFO  State of operation 18945153 : EXECUTING
10:06:43 INFO  State of operation 18945153 : EXECUTING
10:06:45 INFO  State of operation 18945153 : EXECUTING
10:06:47 INFO  State of operation 18945153 : EXECUTING
10:06:50 INFO  State of operation 18945153 : EXECUTING
10:06:53 INFO  State of operation 18945153 : EXECUTING
10:06:55 INFO  State of operation 18945153 : EXECUTING
10:06:58 INFO  State of operation 18945153 : EXECUTING
10:07:00 INFO  State of operation 18945153 : EXECUTING
10:07:03 INFO  State of operation 18945153 : EXECUTING
10:07:05 INFO  State of operation 18945153 : EXECUTING
10:07:07 WARN  SystemError occurred while running test - Timeout while waiting for status SUCCESSFUL or False
Traceback (most recent call last):
  File "/home/pi/env-pysys/lib/python3.7/site-packages/pysys/baserunner.py", line 1294, in __call__
    self.testObj.execute()
  File "/home/pi/actions-runner/_work/thin-edge.io/thin-edge.io/tests/PySys/software_management_end_to_end/sm_apt_install_remove_multiple_mixed/run.py", line 89, in execute
    self.wait_until_succcess()
  File "/home/pi/actions-runner/_work/thin-edge.io/thin-edge.io/tests/PySys/software_management_end_to_end/environment_sm_management.py", line 324, in wait_until_succcess
    self.wait_until_status("SUCCESSFUL")
  File "/home/pi/actions-runner/_work/thin-edge.io/thin-edge.io/tests/PySys/software_management_end_to_end/environment_sm_management.py", line 381, in wait_until_status
    "Timeout while waiting for status %s or %s" % (status, status2)
SystemError: Timeout while waiting for status SUCCESSFUL or False
10:07:07 WARN  SystemError: Timeout while waiting for status SUCCESSFUL or False ... blocked 
10:07:07 INFO  
10:07:07 INFO  cleanup:
10:07:11 INFO  Executed sudo&lt;tedge_disconnect_c8y&gt;, exit status 0
10:07:12 INFO  Executed systemctl&lt;serv_mapper5&gt;, exit status 3
10:07:12 INFO  
10:07:12 INFO  Test duration: 178.90 secs
10:07:12 INFO  Test final outcome:  BLOCKED
10:07:12 INFO  Test outcome reason: SystemError: Timeout while waiting for status SUCCESSFUL or False (+1 other failures)
10:07:12 INFO  
</system-out>
	</testcase>
</testsuite><testsuite name="SoftwareManagement.sm_apt_install_remove_with_version" tests="3" errors="0" failures="0" skipped="1" time="0"><testcase classname="PySysTest" name="SoftwareManagement.sm_apt_install_remove_with_version">
		<skipped message="SKIPPED: Testing the apt plugin is not supported on this platform.Use parameter -XmyPlatform='container' to enable it" />
		<system-out>09:04:03 INFO  ==============================================================
09:04:03 INFO  Id:    SoftwareManagement.sm_apt_install_remove_with_version
09:04:03 INFO  Dir:   software_management_end_to_end/
09:04:03 INFO  Title: Validate end to end behaviour for the apt plugin for packages with version
09:04:03 INFO  ==============================================================
09:04:03 INFO  Testing the apt plugin is not supported on this platform.Use parameter -XmyPlatform='container' to enable it ... skipped
09:04:03 WARN  Aborted test due to SKIPPED outcome
09:04:03 INFO  
09:04:03 INFO  Test duration: 0.02 secs
09:04:03 INFO  Test final outcome:  SKIPPED
09:04:03 INFO  Test outcome reason: Testing the apt plugin is not supported on this platform.Use parameter -XmyPlatform='container' to enable it
09:04:03 INFO  
</system-out>
	</testcase>
<testcase classname="PySysTest" name="SoftwareManagement.sm_apt_install_remove_with_version" />
<testcase classname="PySysTest" name="SoftwareManagement.sm_apt_install_remove_with_version" />
</testsuite><testsuite name="SoftwareManagement.sm_docker_install_remove_multiple" tests="3" errors="0" failures="1" skipped="1" time="0"><testcase classname="SMDockerInstallRemove" name="SoftwareManagement.sm_docker_install_remove_multiple">
		<skipped message="SKIPPED: Testing the apt plugin is not supported on this platform.Use parameter -XmyPlatform='container' to enable it" />
		<system-out>09:04:03 INFO  ==============================================================
09:04:03 INFO  Id:    SoftwareManagement.sm_docker_install_remove_multiple
09:04:03 INFO  Dir:   software_management_end_to_end/
09:04:03 INFO  Title: Validate end to end behaviour for the docker plugin for multiple docker images with mixed versions
09:04:03 INFO  ==============================================================
09:04:03 INFO  Testing the apt plugin is not supported on this platform.Use parameter -XmyPlatform='container' to enable it ... skipped
09:04:03 WARN  Aborted test due to SKIPPED outcome
09:04:03 INFO  
09:04:03 INFO  Test duration: 0.02 secs
09:04:03 INFO  Test final outcome:  SKIPPED
09:04:03 INFO  Test outcome reason: Testing the apt plugin is not supported on this platform.Use parameter -XmyPlatform='container' to enable it
09:04:03 INFO  
</system-out>
	</testcase>
<testcase classname="SMDockerInstallRemove" name="SoftwareManagement.sm_docker_install_remove_multiple" />
<testcase classname="SMDockerInstallRemove" name="SoftwareManagement.sm_docker_install_remove_multiple">
		<failure message="BLOCKED: SystemError: The operation has failed" type="BLOCKED" />
		<system-out>10:09:48 INFO  ==============================================================
10:09:48 INFO  Id:    SoftwareManagement.sm_docker_install_remove_multiple
10:09:48 INFO  Dir:   software_management_end_to_end/
10:09:48 INFO  Title: Validate end to end behaviour for the docker plugin for multiple docker images with mixed versions
10:09:48 INFO  ==============================================================
10:09:48 INFO  Using sw id database: {'asciijump': '5475369', 'robotfindskitten': '5474869', 'squirrel3': '5475279', 'rolldice': '5152439', 'moon-buggy': '5439204', 'apple': '5495053', 'banana': '5494888', 'cherry': '5495382', 'watermelon': '5494510', 'registry': '8018911', 'hello-world': '8021526', 'docker/getting-started': '8021973', 'alpine': '7991792'}
10:09:48 INFO  EnvironmentC8y Setup
10:09:48 INFO  Executed systemctl&lt;serv_mapper1&gt;, exit status 3
10:09:48 INFO  Restarting mosquitto too frequently in the last 10 seconds. It was only up for 4 seconds
10:09:48 INFO  Delaying execution by 7 seconds
10:10:09 INFO  Executed sudo&lt;tedge_connect_c8y&gt;, exit status 0, duration 13 secs
10:10:10 INFO  Executed sudo&lt;tedge_connect_c8y_test&gt;, exit status 0
10:10:10 INFO  Executed systemctl&lt;serv_mosq2&gt;, exit status 0
10:10:11 INFO  Executed systemctl&lt;serv_mapper3&gt;, exit status 0
10:10:13 INFO  State of current operation: SUCCESSFUL
10:10:13 INFO  Response status: 201
10:10:13 INFO  Response to action: {
    "delivery": {
        "time": "2022-05-12T10:10:13.767Z",
        "log": [],
        "status": "PENDING"
    },
    "creationTime": "2022-05-12T10:10:13.752Z",
    "deviceId": "18895253",
    "deviceName": "m32sd10d",
    "self": "https://t493319102.eu-latest.cumulocity.com/devicecontrol/operations/18945246",
    "id": "18945246",
    "status": "PENDING",
    "description": "Apply software changes, triggered from PySys: [{'action': 'install', 'id': '8021526', 'name': 'hello-world', 'url': '', 'version': '::docker'}, {'action': 'install', 'id': '8018911', 'name': 'registry', 'url': '', 'version': '2.6.2::docker'}]",
    "c8y_SoftwareUpdate": [
        {
            "name": "hello-world",
            "action": "install",
            "id": "8021526",
            "version": "::docker",
            "url": ""
        },
        {
            "name": "registry",
            "action": "install",
            "id": "8018911",
            "version": "2.6.2::docker",
            "url": ""
        }
    ]
}
10:10:13 INFO  Started operation: {'delivery': {'time': '2022-05-12T10:10:13.767Z', 'log': [], 'status': 'PENDING'}, 'creationTime': '2022-05-12T10:10:13.752Z', 'deviceId': '18895253', 'deviceName': 'm32sd10d', 'self': 'https://t493319102.eu-latest.cumulocity.com/devicecontrol/operations/18945246', 'id': '18945246', 'status': 'PENDING', 'description': "Apply software changes, triggered from PySys: [{'action': 'install', 'id': '8021526', 'name': 'hello-world', 'url': '', 'version': '::docker'}, {'action': 'install', 'id': '8018911', 'name': 'registry', 'url': '', 'version': '2.6.2::docker'}]", 'c8y_SoftwareUpdate': [{'name': 'hello-world', 'action': 'install', 'id': '8021526', 'version': '::docker', 'url': ''}, {'name': 'registry', 'action': 'install', 'id': '8018911', 'version': '2.6.2::docker', 'url': ''}]}
10:10:16 INFO  State of operation 18945246 : PENDING
10:10:18 INFO  State of operation 18945246 : EXECUTING
10:10:20 INFO  State of operation 18945246 : EXECUTING
10:10:22 INFO  State of operation 18945246 : EXECUTING
10:10:24 INFO  State of operation 18945246 : FAILED
10:10:24 ERROR Stopping as the operation has failed
10:10:24 WARN  SystemError occurred while running test - The operation has failed
Traceback (most recent call last):
  File "/home/pi/env-pysys/lib/python3.7/site-packages/pysys/baserunner.py", line 1292, in __call__
    self.testObj.setup()
  File "/home/pi/actions-runner/_work/thin-edge.io/thin-edge.io/tests/PySys/software_management_end_to_end/sm_docker_install_remove_multiple/run.py", line 55, in setup
    self.wait_until_succcess()
  File "/home/pi/actions-runner/_work/thin-edge.io/thin-edge.io/tests/PySys/software_management_end_to_end/environment_sm_management.py", line 324, in wait_until_succcess
    self.wait_until_status("SUCCESSFUL")
  File "/home/pi/actions-runner/_work/thin-edge.io/thin-edge.io/tests/PySys/software_management_end_to_end/environment_sm_management.py", line 361, in wait_until_status
    raise SystemError("The operation has failed")
SystemError: The operation has failed
10:10:24 WARN  SystemError: The operation has failed ... blocked 
10:10:24 INFO  
10:10:24 INFO  cleanup:
10:10:28 INFO  Executed sudo&lt;tedge_disconnect_c8y&gt;, exit status 0
10:10:29 INFO  Executed systemctl&lt;serv_mapper5&gt;, exit status 3
10:10:29 INFO  
10:10:29 INFO  Test duration: 41.09 secs
10:10:29 INFO  Test final outcome:  BLOCKED
10:10:29 INFO  Test outcome reason: SystemError: The operation has failed
10:10:29 INFO  
</system-out>
	</testcase>
</testsuite><testsuite name="SoftwareManagement.sm_fake_install_remove" tests="2" errors="0" failures="0" skipped="1" time="0"><testcase classname="PySysTest" name="SoftwareManagement.sm_fake_install_remove">
		<skipped message="SKIPPED: Testing the fake plugin is not enabled.Use parameter -Xfakeplugin=fakeplugin to enable it" />
		<system-out>09:04:03 INFO  ==============================================================
09:04:03 INFO  Id:    SoftwareManagement.sm_fake_install_remove
09:04:03 INFO  Dir:   software_management_end_to_end/
09:04:03 INFO  Title: Validate end to end behaviour for the dummy plugin for installation and removal of packages
09:04:03 INFO  ==============================================================
[...]
08:52:00 INFO  log response None
08:52:00 WARN  retry, retrying in 1 seconds...
08:52:01 INFO  log response https://thin-edge-io.eu-latest.cumulocity.com/event/events/18895349/binaries
08:52:02 WARN  Assert that (True == value) with value=False ... failed [run.py:43]
08:52:02 INFO  
08:52:02 INFO  cleanup:
08:52:03 INFO  Executed sudo&lt;rm_logs&gt;, exit status 0
08:52:03 INFO  Executed sudo&lt;rm_tmp_logs&gt;, exit status 0
08:52:04 INFO  Executed sudo&lt;send_failed&gt;, exit status 0
08:52:08 INFO  Executed sudo&lt;tedge_disconnect_c8y&gt;, exit status 0
08:52:09 INFO  Executed systemctl&lt;serv_mapper5&gt;, exit status 3
08:52:09 INFO  
08:52:09 INFO  Test duration: 36.01 secs
08:52:09 INFO  Test final outcome:  FAILED
08:52:09 INFO  Test outcome reason: Assert that (True == value) with value=False
08:52:09 INFO  
</system-out>
	</testcase>
</testsuite><testsuite name="log_request_num_lines" tests="1" errors="0" failures="1" skipped="0" time="0"><testcase classname="LogRequestVerifyNumberOfLines" name="log_request_num_lines">
		<failure message="FAILED: Assert that (True == value) with value=False" type="FAILED" />
		<system-out>08:52:09 INFO  ==============================================================
08:52:09 INFO  Id:    log_request_num_lines
08:52:09 INFO  Dir:   log_request_end_to_end/
08:52:09 INFO  Title: Validate end to end behaviour for the log request operation check for number of lines
08:52:09 INFO  ==============================================================
08:52:09 INFO  EnvironmentC8y Setup
08:52:09 INFO  Executed systemctl&lt;serv_mapper1&gt;, exit status 3
08:52:10 INFO  Restarting mosquitto too frequently in the last 10 seconds. It was only up for 5 seconds
08:52:10 INFO  Delaying execution by 6 seconds
08:52:30 INFO  Executed sudo&lt;tedge_connect_c8y&gt;, exit status 0, duration 14 secs
08:52:30 INFO  Executed sudo&lt;tedge_connect_c8y_test&gt;, exit status 0
08:52:31 INFO  Executed systemctl&lt;serv_mosq2&gt;, exit status 0
08:52:31 INFO  Executed systemctl&lt;serv_mapper3&gt;, exit status 0
08:52:32 INFO  Executed sudo&lt;rm_logs&gt;, exit status 0
08:52:32 INFO  Executed sudo&lt;move_logs&gt;, exit status 0
08:52:33 INFO  log response None
08:52:33 WARN  retry, retrying in 1 seconds...
08:52:34 INFO  log response https://thin-edge-io.eu-latest.cumulocity.com/event/events/18895366/binaries
08:52:34 INFO  nlines 0
08:52:34 WARN  Assert that (True == value) with value=False ... failed [run.py:44]
08:52:34 INFO  
08:52:34 INFO  cleanup:
08:52:35 INFO  Executed sudo&lt;rm_logs&gt;, exit status 0
08:52:35 INFO  Executed sudo&lt;rm_tmp_logs&gt;, exit status 0
08:52:36 INFO  Executed sudo&lt;send_failed&gt;, exit status 0
08:52:40 INFO  Executed sudo&lt;tedge_disconnect_c8y&gt;, exit status 0
08:52:41 INFO  Executed systemctl&lt;serv_mapper5&gt;, exit status 3
08:52:41 INFO  
08:52:41 INFO  Test duration: 31.67 secs
08:52:41 INFO  Test final outcome:  FAILED
08:52:41 INFO  Test outcome reason: Assert that (True == value) with value=False
08:52:41 INFO  
</system-out>
	</testcase>
</testsuite><testsuite name="mapper_awaits_before_reconnect" tests="1" errors="0" failures="1" skipped="0" time="0"><testcase classname="MapperReconnectAwait" name="mapper_awaits_before_reconnect">
		<failure message="FAILED: Line count on tedge_mapper_journal.out for &quot;tedge_mapper::core::mapper: MQTT connection error:&quot; expected &gt;=2 but got 0" type="FAILED" />
		<system-out>09:07:06 INFO  ==============================================================
09:07:06 INFO  Id:    mapper_awaits_before_reconnect
09:07:06 INFO  Dir:   tedge_mapper_c8y/
09:07:06 INFO  Title: Validate mapper doesn't reconnect too often
09:07:06 INFO  ==============================================================
09:07:06 INFO  Started mosquitto_sub with process id 18232
09:07:06 INFO  Waiting for 0.1 seconds
09:07:07 INFO  Executed sudo&lt;tedge_mapper&gt;, exit status 0
09:07:07 INFO  Waiting for 5.0 seconds
09:07:12 INFO  Executed sudo&lt;tedge_mapper&gt;, exit status 0
09:07:13 INFO  Executed sudo&lt;tedge_mapper_journal&gt;, exit status 0
09:07:13 WARN  Grep on tedge_mapper_journal.out contains "ERROR" ... failed [run.py:67]
09:07:13 INFO  Line count on file tedge_mapper_journal.out ... passed
09:07:13 WARN  Line count on tedge_mapper_journal.out for "tedge_mapper::core::mapper: MQTT connection error:" expected &gt;=2 but got 0 ... failed [run.py:78]
09:07:13 WARN  Aborted test due to FAILED outcome
09:07:13 INFO  
09:07:14 INFO  Test duration: 7.57 secs
09:07:14 INFO  Test final outcome:  FAILED
09:07:14 INFO  Test outcome reason: Line count on tedge_mapper_journal.out for "tedge_mapper::core::mapper: MQTT connection error:" expected &gt;=2 but got 0
09:07:14 INFO  
</system-out>
	</testcase>
</testsuite><testsuite name="monitoring_smaller_interval" tests="1" errors="0" failures="1" skipped="0" time="0"><testcase classname="MonitoringSmallInterval" name="monitoring_smaller_interval">
		<failure message="BLOCKED: TypeError: 'int' object is not subscriptable" type="BLOCKED" />
		<system-out>08:54:10 INFO  ==============================================================
08:54:10 INFO  Id:    monitoring_smaller_interval
08:54:10 INFO  Dir:   monitoring/
08:54:10 INFO  Title: Validate the tedge dm agent messages that are produced with smaller sampling interval than the batching window. Here the simulated collectd messages are used
08:54:10 INFO  ==============================================================
08:54:11 INFO  Executed sudo&lt;collectd&gt;, exit status 0
08:54:12 INFO  Executed sudo&lt;collectd_mapper&gt;, exit status 0
08:54:12 INFO  Started sudo&lt;tedge_sub&gt; with process id 14322
08:54:12 INFO  Executed sudo&lt;tedge_temp&gt;, exit status 0
08:54:13 INFO  Executed sudo&lt;tedge_pres&gt;, exit status 0
08:54:13 INFO  Executed sudo&lt;tedge_temp&gt;, exit status 0
08:54:14 INFO  Executed sudo&lt;tedge_pres&gt;, exit status 0
08:54:14 INFO  Executed sudo&lt;tedge_temp&gt;, exit status 0
08:54:15 INFO  Executed sudo&lt;tedge_pres&gt;, exit status 0
08:54:16 INFO  Executed sudo&lt;tedge_temp&gt;, exit status 0
08:54:16 INFO  Executed sudo&lt;tedge_pres&gt;, exit status 0
08:54:17 INFO  Executed sudo&lt;tedge_temp&gt;, exit status 0
08:54:17 INFO  Executed sudo&lt;tedge_pres&gt;, exit status 0
08:54:18 INFO  Executed sudo&lt;tedge_temp&gt;, exit status 0
08:54:18 INFO  Executed sudo&lt;tedge_pres&gt;, exit status 0
08:54:19 INFO  Executed sudo&lt;tedge_temp&gt;, exit status 0
08:54:19 INFO  Executed sudo&lt;tedge_pres&gt;, exit status 0
08:54:20 INFO  Executed sudo&lt;tedge_temp&gt;, exit status 0
08:54:21 INFO  Executed sudo&lt;tedge_pres&gt;, exit status 0
08:54:21 INFO  Executed sudo&lt;tedge_temp&gt;, exit status 0
08:54:22 INFO  Executed sudo&lt;tedge_pres&gt;, exit status 0
08:54:22 INFO  Executed sudo&lt;tedge_temp&gt;, exit status 0
08:54:23 INFO  Executed sudo&lt;tedge_pres&gt;, exit status 0
08:54:24 INFO  Executed sudo&lt;kill_out&gt;, exit status 0
08:54:24 INFO  0

08:54:24 WARN  TypeError occurred while running test - 'int' object is not subscriptable
Traceback (most recent call last):
  File "/home/pi/env-pysys/lib/python3.7/site-packages/pysys/baserunner.py", line 1296, in __call__
    self.testObj.validate()
  File "/home/pi/actions-runner/_work/thin-edge.io/thin-edge.io/tests/PySys/monitoring/monitoring_smaller_interval/run.py", line 104, in validate
    collectd_msg_validation_result=self.validate_json(),
  File "/home/pi/actions-runner/_work/thin-edge.io/thin-edge.io/tests/PySys/monitoring/monitoring_smaller_interval/run.py", line 114, in validate_json
    if not self.validate_time():
  File "/home/pi/actions-runner/_work/thin-edge.io/thin-edge.io/tests/PySys/monitoring/monitoring_smaller_interval/run.py", line 134, in validate_time
    if self.js_msg["time"]:
TypeError: 'int' object is not subscriptable
08:54:24 WARN  TypeError: 'int' object is not subscriptable ... blocked 
08:54:25 INFO  
08:54:25 INFO  cleanup:
08:54:25 INFO  monitoring_cleanup
08:54:25 INFO  Executed sudo&lt;collectd_mapper&gt;, exit status 0
08:54:25 INFO  
08:54:25 INFO  Test duration: 14.86 secs
08:54:25 INFO  Test final outcome:  BLOCKED
08:54:25 INFO  Test outcome reason: TypeError: 'int' object is not subscriptable
08:54:25 INFO  
</system-out>
	</testcase>
</testsuite><testsuite name="monitoring_with_collectd" tests="1" errors="0" failures="0" skipped="1" time="0"><testcase classname="MonitoringWithCollectd" name="monitoring_with_collectd">
		<skipped message="SKIPPED: Test execution disabled due to #792 (instable)" />
		<system-out>08:54:25 INFO  ==============================================================
08:54:25 INFO  Id:    monitoring_with_collectd
08:54:25 INFO  Dir:   monitoring/
08:54:25 INFO  Title: Validate tedge dm agent messages that are produced by batching the collectd messages
08:54:25 INFO  ==============================================================
08:54:25 INFO  Test execution disabled due to #792 (instable) ... skipped
08:54:25 INFO  
08:54:25 INFO  Test duration: 0.02 secs
08:54:25 INFO  Test final outcome:  SKIPPED
08:54:25 INFO  Test outcome reason: Test execution disabled due to #792 (instable)
08:54:25 INFO  
</system-out>
	</testcase>
</testsuite><testsuite name="monitoring_with_simulated_messages" tests="1" errors="0" failures="1" skipped="0" time="0"><testcase classname="MonitoringWithSimulatedMessages" name="monitoring_with_simulated_messages">
		<failure message="BLOCKED: TypeError: 'int' object is not subscriptable" type="BLOCKED" />
		<system-out>08:54:25 INFO  ==============================================================
08:54:25 INFO  Id:    monitoring_with_simulated_messages
08:54:25 INFO  Dir:   monitoring/
08:54:25 INFO  Title: Validate the tedge dm agent messages that are produced from the simulated collectd messages
08:54:25 INFO  ==============================================================
08:54:26 INFO  Executed sudo&lt;collectd&gt;, exit status 0
08:54:26 INFO  Executed sudo&lt;collectd_mapper&gt;, exit status 0
08:54:26 INFO  Started sudo&lt;tedge_sub&gt; with process id 14379
08:54:27 INFO  Executed sudo&lt;tedge_temp&gt;, exit status 0
08:54:27 INFO  Executed sudo&lt;tedge_pres&gt;, exit status 0
08:54:29 INFO  Executed sudo&lt;kill_out&gt;, exit status 0
08:54:29 INFO  0

08:54:29 WARN  TypeError occurred while running test - 'int' object is not subscriptable
Traceback (most recent call last):
  File "/home/pi/env-pysys/lib/python3.7/site-packages/pysys/baserunner.py", line 1296, in __call__
    self.testObj.validate()
  File "/home/pi/actions-runner/_work/thin-edge.io/thin-edge.io/tests/PySys/monitoring/monitoring_with_simulated_messages/run.py", line 98, in validate
    collectd_msg_validation_result=self.validate_json(),
  File "/home/pi/actions-runner/_work/thin-edge.io/thin-edge.io/tests/PySys/monitoring/monitoring_with_simulated_messages/run.py", line 108, in validate_json
    if not self.validate_time():
  File "/home/pi/actions-runner/_work/thin-edge.io/thin-edge.io/tests/PySys/monitoring/monitoring_with_simulated_messages/run.py", line 127, in validate_time
    if self.js_msg["time"]:
TypeError: 'int' object is not subscriptable
08:54:29 WARN  TypeError: 'int' object is not subscriptable ... blocked 
08:54:29 INFO  
08:54:29 INFO  cleanup:
08:54:29 INFO  monitoring_cleanup
08:54:30 INFO  Executed sudo&lt;collectd_mapper&gt;, exit status 0
08:54:30 INFO  
08:54:30 INFO  Test duration: 4.37 secs
08:54:30 INFO  Test final outcome:  BLOCKED
08:54:30 INFO  Test outcome reason: TypeError: 'int' object is not subscriptable
08:54:30 INFO  
</system-out>
	</testcase>
</testsuite><testsuite name="mqtt_port_change_connection_fails" tests="1" errors="0" failures="0" skipped="0" time="0"><testcase classname="MqttPortChangeConnectionFails" name="mqtt_port_change_connection_fails" />
</testsuite><testsuite name="mqtt_port_change_connection_works" tests="1" errors="0" failures="0" skipped="1" time="0"><testcase classname="MqttPortChangeConnectionWorks" name="mqtt_port_change_connection_works">
		<skipped message="SKIPPED: failing intermitently" />
		<system-out>08:53:16 INFO  ==============================================================
08:53:16 INFO  Id:    mqtt_port_change_connection_works
08:53:16 INFO  Dir:   misc_features/
08:53:16 INFO  Title: mqtt port change connection works for all the thin-edge services that use the mosquitto broker
08:53:16 INFO  ==============================================================
08:53:16 INFO  failing intermitently ... skipped
08:53:16 INFO  
08:53:16 INFO  Test duration: 0.02 secs
08:53:16 INFO  Test final outcome:  SKIPPED
08:53:16 INFO  Test outcome reason: failing intermitently
08:53:16 INFO  
</system-out>
	</testcase>
</testsuite><testsuite name="mqtt_port_set" tests="1" errors="0" failures="0" skipped="0" time="0"><testcase classname="MqttPortSet" name="mqtt_port_set" />
</testsuite><testsuite name="mqtt_port_unset" tests="1" errors="0" failures="0" skipped="0" time="0"><testcase classname="MqttPortUnSet" name="mqtt_port_unset" />
</testsuite><testsuite name="publish_flux" tests="1" errors="0" failures="0" skipped="0" time="0"><testcase classname="PublishFlux" name="publish_flux" />
</testsuite><testsuite name="publish_sawmill" tests="1" errors="0" failures="0" skipped="0" time="0"><testcase classname="PublishSawmill" name="publish_sawmill" />
</testsuite><testsuite name="runtime_start_two_mappers" tests="1" errors="0" failures="0" skipped="0" time="0"><testcase classname="RuntimeMultiMappers" name="runtime_start_two_mappers" />
</testsuite><testsuite name="sm_tedge_mapper_init_session" tests="1" errors="0" failures="0" skipped="0" time="0"><testcase classname="TedgeSMMapperInitSession" name="sm_tedge_mapper_init_session" />
</testsuite><testsuite name="smoketest_json" tests="1" errors="0" failures="0" skipped="0" time="0"><testcase classname="SmokeTestJson" name="smoketest_json" />
</testsuite><testsuite name="smoketest_json_400_samples_10ms" tests="1" errors="0" failures="0" skipped="0" time="0"><testcase classname="SmoketestJson400Samples10ms" name="smoketest_json_400_samples_10ms" />
</testsuite><testsuite name="smoketest_json_400_samples_20ms" tests="1" errors="0" failures="0" skipped="0" time="0"><testcase classname="SmoketestJson400Samples20ms" name="smoketest_json_400_samples_20ms" />
</testsuite><testsuite name="smoketest_smartrest" tests="1" errors="0" failures="0" skipped="0" time="0"><testcase classname="SmoketestSmartRest" name="smoketest_smartrest" />
</testsuite><testsuite name="smoketest_smartrest_400_samples_1Xms" tests="1" errors="0" failures="0" skipped="0" time="0"><testcase classname="SmoketestSmartRest400Samples1Xms" name="smoketest_smartrest_400_samples_1Xms" />
</testsuite><testsuite name="smoketest_smartrest_400_samples_20ms" tests="1" errors="0" failures="0" skipped="0" time="0"><testcase classname="SmoketestSmartRest400Samples20ms" name="smoketest_smartrest_400_samples_20ms" />
</testsuite><testsuite name="tedge_agent_user_sudo_access" tests="1" errors="0" failures="0" skipped="1" time="0"><testcase classname="TedgeAgentUserSudoAccess" name="tedge_agent_user_sudo_access">
		<skipped message="SKIPPED: #955 Observation: Exit code of the apt plugin when called with no arguments" />
		<system-out>09:04:30 INFO  ==============================================================
09:04:30 INFO  Id:    tedge_agent_user_sudo_access
09:04:30 INFO  Dir:   tedge/
09:04:30 INFO  Title: Validate tedge-agent user has a limited sudo right
09:04:30 INFO  ==============================================================
09:04:30 INFO  #955 Observation: Exit code of the apt plugin when called with no arguments ... skipped
09:04:30 INFO  
09:04:30 INFO  Test duration: 0.02 secs
09:04:30 INFO  Test final outcome:  SKIPPED
09:04:30 INFO  Test outcome reason: #955 Observation: Exit code of the apt plugin when called with no arguments
09:04:30 INFO  
</system-out>
	</testcase>
</testsuite><testsuite name="tedge_connect_test_negative" tests="1" errors="0" failures="0" skipped="0" time="0"><testcase classname="TedgeConnectTestNegative" name="tedge_connect_test_negative" />
</testsuite><testsuite name="tedge_connect_test_positive" tests="1" errors="0" failures="0" skipped="0" time="0"><testcase classname="TedgeConnectTestPositive" name="tedge_connect_test_positive" />
</testsuite><testsuite name="tedge_connect_test_sm_services" tests="1" errors="0" failures="0" skipped="0" time="0"><testcase classname="TedgeConnectTestSMServices" name="tedge_connect_test_sm_services" />
</testsuite><testsuite name="tedge_disconnect_test_sm_services" tests="1" errors="0" failures="0" skipped="0" time="0"><testcase classname="TedgeDisConnectTestSMServices" name="tedge_disconnect_test_sm_services" />
</testsuite><testsuite name="tedge_mapper_az_negative" tests="1" errors="0" failures="0" skipped="0" time="0"><testcase classname="TedgeMapperAzError" name="tedge_mapper_az_negative" />
</testsuite><testsuite name="tedge_mapper_az_with_timestamp" tests="1" errors="0" failures="0" skipped="0" time="0"><testcase classname="TedgeMapperAzWithTimestamp" name="tedge_mapper_az_with_timestamp" />
</testsuite><testsuite name="tedge_mapper_az_without_timestamp" tests="1" errors="0" failures="0" skipped="0" time="0"><testcase classname="TedgeMapperAzWithoutTimestamp" name="tedge_mapper_az_without_timestamp" />
</testsuite><testsuite name="tedge_mapper_c8y_alarms" tests="1" errors="0" failures="0" skipped="0" time="0"><testcase classname="TedgeMapperC8yAlarm" name="tedge_mapper_c8y_alarms" />
</testsuite><testsuite name="tedge_mapper_c8y_child_device_measurement" tests="1" errors="0" failures="0" skipped="0" time="0"><testcase classname="TedgeMapperC8yChildDevice" name="tedge_mapper_c8y_child_device_measurement" />
</testsuite><testsuite name="tedge_mapper_c8y_packet_threshold_size" tests="1" errors="0" failures="1" skipped="0" time="0"><testcase classname="TedgeMapperC8yThresholdPacketSize" name="tedge_mapper_c8y_packet_threshold_size">
		<failure message="FAILED: Grep on tedge_sub.out contains &quot;The size of the message received on tedge/measurements is 20489 which is greater than the threshold size of 16184.&quot;" type="FAILED" />
		<system-out>09:08:50 INFO  ==============================================================
09:08:50 INFO  Id:    tedge_mapper_c8y_packet_threshold_size
09:08:50 INFO  Dir:   tedge_mapper_c8y/
09:08:50 INFO  Title: Validate the Cumulocity Mapper accepted threshold packet size when it receives a message on tedge/measurements
09:08:50 INFO  ==============================================================
09:08:51 INFO  Executed sudo&lt;tedge_mapper_c8y&gt;, exit status 0
09:08:51 INFO  Started sudo&lt;tedge_sub&gt; with process id 18833
09:08:51 INFO  Executed sudo&lt;tedge_msg&gt;, exit status 0
09:08:52 INFO  Executed sudo&lt;tedge_pub&gt;, exit status 0
09:08:53 INFO  Executed sudo&lt;kill_out&gt;, exit status 0
09:08:53 WARN  Grep on tedge_sub.out contains "The size of the message received on tedge/measurements is 20489 which is greater than the threshold size of 16184." ... failed [run.py:88]
09:08:53 INFO  
09:08:53 INFO  cleanup:
09:08:53 INFO  mapper_cleanup
09:08:53 INFO  Executed sudo&lt;tedge_mapper_c8y&gt;, exit status 0
09:08:53 INFO  
09:08:53 INFO  Test duration: 3.02 secs
09:08:53 INFO  Test final outcome:  FAILED
09:08:53 INFO  Test outcome reason: Grep on tedge_sub.out contains "The size of the message received on tedge/measurements is 20489 which is greater than the threshold size of 16184."
09:08:53 INFO  
</system-out>
	</testcase>
</testsuite><testsuite name="tedge_software_update" tests="1" errors="0" failures="0" skipped="0" time="0"><testcase classname="PySysTest" name="tedge_software_update" />
</testsuite><testsuite name="valid_device_id" tests="1" errors="0" failures="0" skipped="0" time="0"><testcase classname="ValidateValidDeviceId" name="valid_device_id" />
</testsuite></testsuites>