<?xml version='1.0' encoding='utf-8'?>
<testsuites tests="139" failures="15" errors="0" skipped="45" time="0.0"><testsuite name="SoftwareManagement.Plugin.apama_plugin_install" tests="3" errors="0" failures="0" skipped="1" time="0"><testcase classname="ApamaPluginInstallTest" name="SoftwareManagement.Plugin.apama_plugin_install">
		<skipped message="SKIPPED: Apama plugin tests are disabled by default. Execute `pysys run` with `-XmyPlatform=container` to run these tests" />
		<system-out>13:59:02 INFO  ==============================================================
13:59:02 INFO  Id:    SoftwareManagement.Plugin.apama_plugin_install
13:59:02 INFO  Dir:   plugin_apama/
13:59:02 INFO  Title: Validate apama plugin install
13:59:02 INFO  ==============================================================
13:59:02 INFO  Apama plugin tests are disabled by default. Execute `pysys run` with `-XmyPlatform=container` to run these tests ... skipped
13:59:02 WARN  Aborted test due to SKIPPED outcome
13:59:02 INFO  
13:59:02 INFO  Test duration: 0.05 secs
13:59:02 INFO  Test final outcome:  SKIPPED
13:59:02 INFO  Test outcome reason: Apama plugin tests are disabled by default. Execute `pysys run` with `-XmyPlatform=container` to run these tests
13:59:02 INFO  
</system-out>
	</testcase>
<testcase classname="ApamaPluginInstallTest" name="SoftwareManagement.Plugin.apama_plugin_install" />
<testcase classname="ApamaPluginInstallTest" name="SoftwareManagement.Plugin.apama_plugin_install" />
</testsuite><testsuite name="SoftwareManagement.Plugin.apama_plugin_mon_support" tests="3" errors="0" failures="0" skipped="1" time="0"><testcase classname="ApamaPluginMonSupportTest" name="SoftwareManagement.Plugin.apama_plugin_mon_support">
		<skipped message="SKIPPED: Apama plugin tests are disabled by default. Execute `pysys run` with `-XmyPlatform=container` to run these tests" />
		<system-out>13:59:02 INFO  ==============================================================
13:59:02 INFO  Id:    SoftwareManagement.Plugin.apama_plugin_mon_support
13:59:02 INFO  Dir:   plugin_apama/
13:59:02 INFO  Title: Validate mon file support of apama plugin
13:59:02 INFO  ==============================================================
13:59:02 INFO  Apama plugin tests are disabled by default. Execute `pysys run` with `-XmyPlatform=container` to run these tests ... skipped
13:59:02 WARN  Aborted test due to SKIPPED outcome
13:59:02 INFO  
13:59:02 INFO  Test duration: 0.02 secs
13:59:02 INFO  Test final outcome:  SKIPPED
13:59:02 INFO  Test outcome reason: Apama plugin tests are disabled by default. Execute `pysys run` with `-XmyPlatform=container` to run these tests
13:59:02 INFO  
</system-out>
	</testcase>
<testcase classname="ApamaPluginMonSupportTest" name="SoftwareManagement.Plugin.apama_plugin_mon_support" />
<testcase classname="ApamaPluginMonSupportTest" name="SoftwareManagement.Plugin.apama_plugin_mon_support" />
</testsuite><testsuite name="SoftwareManagement.Plugin.apama_plugin_remove" tests="3" errors="0" failures="0" skipped="1" time="0"><testcase classname="ApamaPluginRemoveTest" name="SoftwareManagement.Plugin.apama_plugin_remove">
		<skipped message="SKIPPED: Apama plugin tests are disabled by default. Execute `pysys run` with `-XmyPlatform=container` to run these tests" />
		<system-out>13:59:03 INFO  ==============================================================
13:59:03 INFO  Id:    SoftwareManagement.Plugin.apama_plugin_remove
13:59:03 INFO  Dir:   plugin_apama/
13:59:03 INFO  Title: Validate apama plugin remove
13:59:03 INFO  ==============================================================
13:59:03 INFO  Apama plugin tests are disabled by default. Execute `pysys run` with `-XmyPlatform=container` to run these tests ... skipped
13:59:03 WARN  Aborted test due to SKIPPED outcome
13:59:03 INFO  
13:59:03 INFO  Test duration: 0.02 secs
13:59:03 INFO  Test final outcome:  SKIPPED
13:59:03 INFO  Test outcome reason: Apama plugin tests are disabled by default. Execute `pysys run` with `-XmyPlatform=container` to run these tests
13:59:03 INFO  
</system-out>
	</testcase>
<testcase classname="ApamaPluginRemoveTest" name="SoftwareManagement.Plugin.apama_plugin_remove" />
<testcase classname="ApamaPluginRemoveTest" name="SoftwareManagement.Plugin.apama_plugin_remove" />
</testsuite><testsuite name="SoftwareManagement.Plugin.apama_plugin_update" tests="3" errors="0" failures="2" skipped="1" time="0"><testcase classname="ApamaPluginUpdateTest" name="SoftwareManagement.Plugin.apama_plugin_update">
		<skipped message="SKIPPED: Apama plugin tests are disabled by default. Execute `pysys run` with `-XmyPlatform=container` to run these tests" />
		<system-out>13:59:03 INFO  ==============================================================
13:59:03 INFO  Id:    SoftwareManagement.Plugin.apama_plugin_update
13:59:03 INFO  Dir:   plugin_apama/
13:59:03 INFO  Title: Validate apama plugin updating one project with another
13:59:03 INFO  ==============================================================
13:59:03 INFO  Apama plugin tests are disabled by default. Execute `pysys run` with `-XmyPlatform=container` to run these tests ... skipped
13:59:03 WARN  Aborted test due to SKIPPED outcome
13:59:03 INFO  
13:59:03 INFO  Test duration: 0.03 secs
13:59:03 INFO  Test final outcome:  SKIPPED
13:59:03 INFO  Test outcome reason: Apama plugin tests are disabled by default. Execute `pysys run` with `-XmyPlatform=container` to run these tests
13:59:03 INFO  
</system-out>
	</testcase>
<testcase classname="ApamaPluginUpdateTest" name="SoftwareManagement.Plugin.apama_plugin_update">
		<failure message="BLOCKED: sudo&lt;plugin_install&gt; returned non-zero exit code 2" type="BLOCKED" />
		<system-out>14:49:20 INFO  ==============================================================
14:49:20 INFO  Id:    SoftwareManagement.Plugin.apama_plugin_update
14:49:20 INFO  Dir:   plugin_apama/
14:49:20 INFO  Title: Validate apama plugin updating one project with another
14:49:20 INFO  ==============================================================
14:49:20 INFO  Assertion that path exists=False for "/etc/tedge/apama/project" ... passed
14:49:21 INFO  Executed sudo&lt;create_project_dir&gt;, exit status 0
14:49:22 INFO  Executed sudo&lt;unzip_apama_project&gt;, exit status 0
14:49:22 INFO  Executed sudo&lt;move_apama_project&gt;, exit status 0
14:49:23 INFO  Executed sudo&lt;restart_apama_service&gt;, exit status 0
14:49:24 INFO  Executed sudo&lt;apama_correlator_wait&gt;, exit status 0
14:49:24 INFO  Assertion that path exists=True for "/etc/tedge/apama/project" ... passed
14:49:24 INFO  Executed sudo&lt;apama_list_monitors&gt;, exit status 0
14:49:24 INFO  Grep on file /home/pi/actions-runner/_work/thin-edge.io/thin-edge.io/tests/PySys/plugin_apama/apama_plugin_update/Output/linux/apama_list_monitors.out ... passed
14:49:25 WARN  Executed sudo&lt;plugin_install&gt;, exit status 2
14:49:25 INFO  Contents of plugin_install.err: 
  ERROR: Directory not empty (os error 39)
  -----

14:49:25 WARN  sudo&lt;plugin_install&gt; returned non-zero exit code 2 ... blocked [run.py:35]
14:49:25 WARN  Aborted test due to BLOCKED outcome
14:49:25 INFO  
14:49:25 INFO  cleanup:
14:49:25 INFO  Removing apama project
14:49:41 INFO  Executed sudo&lt;stop_apama_service&gt;, exit status 0, duration 15 secs
14:49:42 INFO  Executed sudo&lt;remove_apama_project&gt;, exit status 0
14:49:42 INFO  Executed sudo&lt;remove_apama_tmp_dir&gt;, exit status 0
14:49:42 INFO  
14:49:42 INFO  Test duration: 21.73 secs
14:49:42 INFO  Test final outcome:  BLOCKED
14:49:42 INFO  Test outcome reason: sudo&lt;plugin_install&gt; returned non-zero exit code 2
14:49:42 INFO  
</system-out>
	</testcase>
<testcase classname="ApamaPluginUpdateTest" name="SoftwareManagement.Plugin.apama_plugin_update">
		<failure message="BLOCKED: sudo&lt;plugin_install&gt; returned non-zero exit code 2" type="BLOCKED" />
		<system-out>14:58:03 INFO  ==============================================================
14:58:03 INFO  Id:    SoftwareManagement.Plugin.apama_plugin_update
14:58:03 INFO  Dir:   plugin_apama/
14:58:03 INFO  Title: Validate apama plugin updating one project with another
14:58:03 INFO  ==============================================================
14:58:03 INFO  Assertion that path exists=False for "/etc/tedge/apama/project" ... passed
14:58:04 INFO  Executed sudo&lt;create_project_dir&gt;, exit status 0
14:58:04 INFO  Executed sudo&lt;unzip_apama_project&gt;, exit status 0
14:58:05 INFO  Executed sudo&lt;move_apama_project&gt;, exit status 0
14:58:06 INFO  Executed sudo&lt;restart_apama_service&gt;, exit status 0
14:58:06 INFO  Executed sudo&lt;apama_correlator_wait&gt;, exit status 0
14:58:06 INFO  Assertion that path exists=True for "/etc/tedge/apama/project" ... passed
14:58:07 INFO  Executed sudo&lt;apama_list_monitors&gt;, exit status 0
14:58:07 INFO  Grep on file /home/pi/actions-runner/_work/thin-edge.io/thin-edge.io/tests/PySys/plugin_apama/apama_plugin_update/Output/linux/apama_list_monitors.out ... passed
14:58:08 WARN  Executed sudo&lt;plugin_install&gt;, exit status 2
14:58:08 INFO  Contents of plugin_install.err: 
  ERROR: Directory not empty (os error 39)
  -----

14:58:08 WARN  sudo&lt;plugin_install&gt; returned non-zero exit code 2 ... blocked [run.py:35]
14:58:08 WARN  Aborted test due to BLOCKED outcome
14:58:08 INFO  
14:58:08 INFO  cleanup:
14:58:08 INFO  Removing apama project
14:58:24 INFO  Executed sudo&lt;stop_apama_service&gt;, exit status 0, duration 15 secs
14:58:24 INFO  Executed sudo&lt;remove_apama_project&gt;, exit status 0
14:58:25 INFO  Executed sudo&lt;remove_apama_tmp_dir&gt;, exit status 0
14:58:25 INFO  
14:58:25 INFO  Test duration: 21.44 secs
14:58:25 INFO  Test final outcome:  BLOCKED
14:58:25 INFO  Test outcome reason: sudo&lt;plugin_install&gt; returned non-zero exit code 2
14:58:25 INFO  
</system-out>
	</testcase>
</testsuite><testsuite name="SoftwareManagement.sm_apt_install_download_path" tests="3" errors="0" failures="2" skipped="1" time="0"><testcase classname="AptInstallWithDownloadPath" name="SoftwareManagement.sm_apt_install_download_path">
		<skipped message="SKIPPED: Testing the apt plugin is not supported on this platform.Use parameter -XmyPlatform='container' to enable it" />
		<system-out>14:08:39 INFO  ==============================================================
14:08:39 INFO  Id:    SoftwareManagement.sm_apt_install_download_path
14:08:39 INFO  Dir:   software_management_end_to_end/
14:08:39 INFO  Title: Install package to directory specified in tedge config set tmp.path
14:08:39 INFO  ==============================================================
14:08:39 INFO  Testing the apt plugin is not supported on this platform.Use parameter -XmyPlatform='container' to enable it ... skipped
14:08:39 WARN  Aborted test due to SKIPPED outcome
14:08:39 INFO  
14:08:39 INFO  Test duration: 0.06 secs
14:08:39 INFO  Test final outcome:  SKIPPED
14:08:39 INFO  Test outcome reason: Testing the apt plugin is not supported on this platform.Use parameter -XmyPlatform='container' to enable it
14:08:39 INFO  
</system-out>
	</testcase>
<testcase classname="AptInstallWithDownloadPath" name="SoftwareManagement.sm_apt_install_download_path">
		<failure message="BLOCKED: AssertionError:" type="BLOCKED" />
		<system-out>14:31:19 INFO  ==============================================================
14:31:19 INFO  Id:    SoftwareManagement.sm_apt_install_download_path
14:31:19 INFO  Dir:   software_management_end_to_end/
14:31:19 INFO  Title: Install package to directory specified in tedge config set tmp.path
14:31:19 INFO  ==============================================================
14:31:19 INFO  Using sw id database: {'asciijump': '5475369', 'robotfindskitten': '5474869', 'squirrel3': '5475279', 'rolldice': '5152439', 'moon-buggy': '5439204', 'apple': '5495053', 'banana': '5494888', 'cherry': '5495382', 'watermelon': '5494510', 'registry': '8018911', 'hello-world': '8021526', 'docker/getting-started': '8021973', 'alpine': '7991792'}
14:31:19 INFO  EnvironmentC8y Setup
14:31:20 INFO  Executed systemctl&lt;serv_mapper1&gt;, exit status 3
14:31:35 INFO  Executed sudo&lt;tedge_connect_c8y&gt;, exit status 0, duration 14 secs
14:31:37 INFO  Executed sudo&lt;tedge_connect_c8y_test&gt;, exit status 0
14:31:38 INFO  Executed systemctl&lt;serv_mosq2&gt;, exit status 0
14:31:38 INFO  Executed systemctl&lt;serv_mapper3&gt;, exit status 0
14:31:40 ERROR No operations found, assuming it passed
14:31:41 INFO  Assert that (False == value) with value=False ... passed
14:31:41 INFO  Executed sudo, exit status 0
14:31:42 INFO  Executed sudo, exit status 0
14:31:42 INFO  Executed sudo, exit status 0
14:31:46 INFO  Executed sudo&lt;tedge_disconnect_c8y&gt;, exit status 0
14:31:46 INFO  Restarting mosquitto too frequently in the last 10 seconds. It was only up for 3 seconds
14:31:46 INFO  Delaying execution by 8 seconds
14:32:08 INFO  Executed sudo&lt;tedge_connect_c8y&gt;, exit status 0, duration 13 secs
14:32:08 INFO  Response status: 201
14:32:08 INFO  Response to action: {
    "creationTime": "2022-07-18T14:32:08.779Z",
    "deviceName": "m32sd10d",
    "deviceId": "20974520",
    "self": "https://t493319102.eu-latest.cumulocity.com/devicecontrol/operations/21015712",
    "id": "21015712",
    "status": "PENDING",
    "description": "Apply software changes, triggered from PySys: [{'name': 'rolldice', 'id': '5152439', 'version': '::apt', 'url': 'https://thin-edge-io.eu-latest.cumulocity.com/inventory/binaries/12435463', 'action': 'install'}]",
    "c8y_SoftwareUpdate": [
        {
            "name": "rolldice",
            "action": "install",
            "id": "5152439",
            "version": "::apt",
            "url": "https://thin-edge-io.eu-latest.cumulocity.com/inventory/binaries/12435463"
        }
    ]
}
14:32:08 INFO  Started operation: {'creationTime': '2022-07-18T14:32:08.779Z', 'deviceName': 'm32sd10d', 'deviceId': '20974520', 'self': 'https://t493319102.eu-latest.cumulocity.com/devicecontrol/operations/21015712', 'id': '21015712', 'status': 'PENDING', 'description': "Apply software changes, triggered from PySys: [{'name': 'rolldice', 'id': '5152439', 'version': '::apt', 'url': 'https://thin-edge-io.eu-latest.cumulocity.com/inventory/binaries/12435463', 'action': 'install'}]", 'c8y_SoftwareUpdate': [{'name': 'rolldice', 'action': 'install', 'id': '5152439', 'version': '::apt', 'url': 'https://thin-edge-io.eu-latest.cumulocity.com/inventory/binaries/12435463'}]}
14:32:08 WARN  , retrying in 0.5 seconds...
14:32:09 WARN  , retrying in 0.5 seconds...
14:32:09 WARN  , retrying in 0.5 seconds...
14:32:10 WARN  , retrying in 0.5 seconds...
14:32:10 WARN  , retrying in 0.5 seconds...
14:32:11 WARN  , retrying in 0.5 seconds...
14:32:11 WARN  , retrying in 0.5 seconds...
14:32:12 WARN  , retrying in 0.5 seconds...
14:32:12 WARN  , retrying in 0.5 seconds...
14:32:13 WARN  AssertionError occurred while running test - 
Traceback (most recent call last):
  File "/home/pi/env-pysys/lib/python3.7/site-packages/pysys/baserunner.py", line 1294, in __call__
    self.testObj.execute()
  File "/home/pi/actions-runner/_work/thin-edge.io/thin-edge.io/tests/PySys/software_management_end_to_end/sm_apt_install_download_path/run.py", line 83, in execute
    assert_install_in_download_path(install_directory=self.DOWNLOAD_DIR)
  File "/home/pi/env-pysys/lib/python3.7/site-packages/decorator.py", line 232, in fun
    return caller(func, *(extras + args), **kw)
  File "/home/pi/env-pysys/lib/python3.7/site-packages/retry/api.py", line 74, in retry_decorator
    logger)
  File "/home/pi/env-pysys/lib/python3.7/site-packages/retry/api.py", line 33, in __retry_internal
    return f()
  File "/home/pi/actions-runner/_work/thin-edge.io/thin-edge.io/tests/PySys/software_management_end_to_end/sm_apt_install_download_path/run.py", line 28, in assert_install_in_download_path
    assert "rolldice" in os.listdir(f"{install_directory}")
AssertionError
14:32:14 WARN  AssertionError: ... blocked 
14:32:14 INFO  
14:32:14 INFO  cleanup:
14:32:14 INFO  Executed sudo, exit status 0
14:32:15 INFO  Executed sudo, exit status 0
14:32:19 INFO  Executed sudo&lt;tedge_disconnect_c8y&gt;, exit status 0
14:32:19 INFO  Restarting mosquitto too frequently in the last 10 seconds. It was only up for 3 seconds
14:32:19 INFO  Delaying execution by 8 seconds
14:32:41 INFO  Executed sudo&lt;tedge_connect_c8y&gt;, exit status 0, duration 14 secs
14:32:46 INFO  Executed sudo&lt;tedge_disconnect_c8y&gt;, exit status 0
14:32:46 INFO  Executed systemctl&lt;serv_mapper5&gt;, exit status 3
14:32:46 INFO  
14:32:46 INFO  Test duration: 87.75 secs
14:32:46 INFO  Test final outcome:  BLOCKED
14:32:46 INFO  Test outcome reason: AssertionError:
14:32:46 INFO  
</system-out>
	</testcase>
<testcase classname="AptInstallWithDownloadPath" name="SoftwareManagement.sm_apt_install_download_path">
		<failure message="BLOCKED: AssertionError:" type="BLOCKED" />
		<system-out>14:58:25 INFO  ==============================================================
14:58:25 INFO  Id:    SoftwareManagement.sm_apt_install_download_path
14:58:25 INFO  Dir:   software_management_end_to_end/
14:58:25 INFO  Title: Install package to directory specified in tedge config set tmp.path
14:58:25 INFO  ==============================================================
14:58:26 INFO  Using sw id database: {'asciijump': '5475369', 'robotfindskitten': '5474869', 'squirrel3': '5475279', 'rolldice': '5152439', 'moon-buggy': '5439204', 'apple': '5495053', 'banana': '5494888', 'cherry': '5495382', 'watermelon': '5494510', 'registry': '8018911', 'hello-world': '8021526', 'docker/getting-started': '8021973', 'alpine': '7991792'}
14:58:26 INFO  EnvironmentC8y Setup
14:58:27 INFO  Executed systemctl&lt;serv_mapper1&gt;, exit status 3
14:58:41 INFO  Executed sudo&lt;tedge_connect_c8y&gt;, exit status 0, duration 14 secs
14:58:41 INFO  Executed sudo&lt;tedge_connect_c8y_test&gt;, exit status 0
14:58:42 INFO  Executed systemctl&lt;serv_mosq2&gt;, exit status 0
14:58:42 INFO  Executed systemctl&lt;serv_mapper3&gt;, exit status 0
14:58:44 INFO  State of current operation: SUCCESSFUL
14:58:45 INFO  Assert that (False == value) with value=False ... passed
14:58:45 INFO  Executed sudo, exit status 0
14:58:46 INFO  Executed sudo, exit status 0
14:58:46 INFO  Executed sudo, exit status 0
14:58:50 INFO  Executed sudo&lt;tedge_disconnect_c8y&gt;, exit status 0
14:58:50 INFO  Restarting mosquitto too frequently in the last 10 seconds. It was only up for 3 seconds
14:58:50 INFO  Delaying execution by 8 seconds
14:59:12 INFO  Executed sudo&lt;tedge_connect_c8y&gt;, exit status 0, duration 13 secs
14:59:13 INFO  Response status: 201
14:59:13 INFO  Response to action: {
    "creationTime": "2022-07-18T14:59:13.149Z",
    "deviceName": "m32sd10d",
    "deviceId": "20974520",
    "self": "https://t493319102.eu-latest.cumulocity.com/devicecontrol/operations/21015890",
    "id": "21015890",
    "status": "PENDING",
    "description": "Apply software changes, triggered from PySys: [{'name': 'rolldice', 'id': '5152439', 'version': '::apt', 'url': 'https://thin-edge-io.eu-latest.cumulocity.com/inventory/binaries/12435463', 'action': 'install'}]",
    "c8y_SoftwareUpdate": [
        {
            "name": "rolldice",
            "action": "install",
            "id": "5152439",
            "version": "::apt",
            "url": "https://thin-edge-io.eu-latest.cumulocity.com/inventory/binaries/12435463"
        }
    ]
}
14:59:13 INFO  Started operation: {'creationTime': '2022-07-18T14:59:13.149Z', 'deviceName': 'm32sd10d', 'deviceId': '20974520', 'self': 'https://t493319102.eu-latest.cumulocity.com/devicecontrol/operations/21015890', 'id': '21015890', 'status': 'PENDING', 'description': "Apply software changes, triggered from PySys: [{'name': 'rolldice', 'id': '5152439', 'version': '::apt', 'url': 'https://thin-edge-io.eu-latest.cumulocity.com/inventory/binaries/12435463', 'action': 'install'}]", 'c8y_SoftwareUpdate': [{'name': 'rolldice', 'action': 'install', 'id': '5152439', 'version': '::apt', 'url': 'https://thin-edge-io.eu-latest.cumulocity.com/inventory/binaries/12435463'}]}
14:59:13 WARN  , retrying in 0.5 seconds...
14:59:13 WARN  , retrying in 0.5 seconds...
14:59:14 WARN  , retrying in 0.5 seconds...
14:59:14 WARN  , retrying in 0.5 seconds...
14:59:15 WARN  , retrying in 0.5 seconds...
14:59:15 WARN  , retrying in 0.5 seconds...
14:59:16 WARN  , retrying in 0.5 seconds...
14:59:16 WARN  , retrying in 0.5 seconds...
14:59:17 WARN  , retrying in 0.5 seconds...
14:59:17 WARN  AssertionError occurred while running test - 
Traceback (most recent call last):
  File "/home/pi/env-pysys/lib/python3.7/site-packages/pysys/baserunner.py", line 1294, in __call__
    self.testObj.execute()
  File "/home/pi/actions-runner/_work/thin-edge.io/thin-edge.io/tests/PySys/software_management_end_to_end/sm_apt_install_download_path/run.py", line 83, in execute
    assert_install_in_download_path(install_directory=self.DOWNLOAD_DIR)
  File "/home/pi/env-pysys/lib/python3.7/site-packages/decorator.py", line 232, in fun
    return caller(func, *(extras + args), **kw)
  File "/home/pi/env-pysys/lib/python3.7/site-packages/retry/api.py", line 74, in retry_decorator
    logger)
  File "/home/pi/env-pysys/lib/python3.7/site-packages/retry/api.py", line 33, in __retry_internal
    return f()
  File "/home/pi/actions-runner/_work/thin-edge.io/thin-edge.io/tests/PySys/software_management_end_to_end/sm_apt_install_download_path/run.py", line 28, in assert_install_in_download_path
    assert "rolldice" in os.listdir(f"{install_directory}")
AssertionError
14:59:17 WARN  AssertionError: ... blocked 
14:59:17 INFO  
14:59:17 INFO  cleanup:
14:59:18 INFO  Executed sudo, exit status 0
14:59:19 INFO  Executed sudo, exit status 0
14:59:23 INFO  Executed sudo&lt;tedge_disconnect_c8y&gt;, exit status 0
14:59:23 INFO  Restarting mosquitto too frequently in the last 10 seconds. It was only up for 4 seconds
14:59:23 INFO  Delaying execution by 7 seconds
14:59:44 INFO  Executed sudo&lt;tedge_connect_c8y&gt;, exit status 0, duration 14 secs
14:59:49 INFO  Executed sudo&lt;tedge_disconnect_c8y&gt;, exit status 0
14:59:49 INFO  Executed systemctl&lt;serv_mapper5&gt;, exit status 3
14:59:49 INFO  
14:59:49 INFO  Test duration: 84.45 secs
14:59:49 INFO  Test final outcome:  BLOCKED
14:59:49 INFO  Test outcome reason: AssertionError:
14:59:49 INFO  
</system-out>
	</testcase>
</testsuite><testsuite name="SoftwareManagement.sm_apt_install_fail" tests="3" errors="0" failures="0" skipped="1" time="0"><testcase classname="PySysTest" name="SoftwareManagement.sm_apt_install_fail">
		<skipped message="SKIPPED: Testing the apt plugin is not supported on this platform.Use parameter -XmyPlatform='container' to enable it" />
		<system-out>14:08:39 INFO  ==============================================================
14:08:39 INFO  Id:    SoftwareManagement.sm_apt_install_fail
14:08:39 INFO  Dir:   software_management_end_to_end/
14:08:39 INFO  Title: Validate end to end behaviour for a failing installation
14:08:39 INFO  ==============================================================
14:08:39 INFO  Testing the apt plugin is not supported on this platform.Use parameter -XmyPlatform='container' to enable it ... skipped
14:08:39 WARN  Aborted test due to SKIPPED outcome
14:08:39 INFO  
14:08:39 INFO  Test duration: 0.02 secs
14:08:39 INFO  Test final outcome:  SKIPPED
14:08:39 INFO  Test outcome reason: Testing the apt plugin is not supported on this platform.Use parameter -XmyPlatform='container' to enable it
14:08:39 INFO  
</system-out>
	</testcase>
<testcase classname="PySysTest" name="SoftwareManagement.sm_apt_install_fail" />
<testcase classname="PySysTest" name="SoftwareManagement.sm_apt_install_fail" />
</testsuite><testsuite name="SoftwareManagement.sm_apt_install_remove" tests="3" errors="0" failures="0" skipped="1" time="0"><testcase classname="PySysTest" name="SoftwareManagement.sm_apt_install_remove">
		<skipped message="SKIPPED: Testing the apt plugin is not supported on this platform.Use parameter -XmyPlatform='container' to enable it" />
		<system-out>14:08:39 INFO  ==============================================================
14:08:39 INFO  Id:    SoftwareManagement.sm_apt_install_remove
14:08:39 INFO  Dir:   software_management_end_to_end/
14:08:39 INFO  Title: Validate end to end behaviour for the apt plugin for installation and removal of packages
14:08:39 INFO  ==============================================================
14:08:39 INFO  Testing the apt plugin is not supported on this platform.Use parameter -XmyPlatform='container' to enable it ... skipped
14:08:39 WARN  Aborted test due to SKIPPED outcome
14:08:39 INFO  
14:08:39 INFO  Test duration: 0.02 secs
14:08:39 INFO  Test final outcome:  SKIPPED
14:08:39 INFO  Test outcome reason: Testing the apt plugin is not supported on this platform.Use parameter -XmyPlatform='container' to enable it
14:08:39 INFO  
</system-out>
	</testcase>
<testcase classname="PySysTest" name="SoftwareManagement.sm_apt_install_remove" />
<testcase classname="PySysTest" name="SoftwareManagement.sm_apt_install_remove" />
</testsuite><testsuite name="SoftwareManagement.sm_apt_install_remove_default" tests="3" errors="0" failures="0" skipped="1" time="0"><testcase classname="PySysTest" name="SoftwareManagement.sm_apt_install_remove_default">
		<skipped message="SKIPPED: Testing the apt plugin is not supported on this platform.Use parameter -XmyPlatform='container' to enable it" />
		<system-out>14:08:39 INFO  ==============================================================
14:08:39 INFO  Id:    SoftwareManagement.sm_apt_install_remove_default
14:08:39 INFO  Dir:   software_management_end_to_end/
14:08:39 INFO  Title: Validate end to end behaviour for the default plugin for installation and removal of packages
14:08:39 INFO  ==============================================================
14:08:39 INFO  Testing the apt plugin is not supported on this platform.Use parameter -XmyPlatform='container' to enable it ... skipped
14:08:39 WARN  Aborted test due to SKIPPED outcome
14:08:39 INFO  
14:08:39 INFO  Test duration: 0.02 secs
14:08:39 INFO  Test final outcome:  SKIPPED
14:08:39 INFO  Test outcome reason: Testing the apt plugin is not supported on this platform.Use parameter -XmyPlatform='container' to enable it
14:08:39 INFO  
</system-out>
	</testcase>
<testcase classname="PySysTest" name="SoftwareManagement.sm_apt_install_remove_default" />
<testcase classname="PySysTest" name="SoftwareManagement.sm_apt_install_remove_default" />
</testsuite><testsuite name="SoftwareManagement.sm_apt_install_remove_multiple" tests="3" errors="0" failures="1" skipped="1" time="0"><testcase classname="PySysTest" name="SoftwareManagement.sm_apt_install_remove_multiple">
		<skipped message="SKIPPED: Testing the apt plugin is not supported on this platform.Use parameter -XmyPlatform='container' to enable it" />
		<system-out>14:08:39 INFO  ==============================================================
14:08:39 INFO  Id:    SoftwareManagement.sm_apt_install_remove_multiple
14:08:39 INFO  Dir:   software_management_end_to_end/
14:08:39 INFO  Title: Validate end to end behaviour for the apt plugin for multiple packages
14:08:39 INFO  ==============================================================
14:08:39 INFO  Testing the apt plugin is not supported on this platform.Use parameter -XmyPlatform='container' to enable it ... skipped
14:08:39 WARN  Aborted test due to SKIPPED outcome
14:08:39 INFO  
14:08:39 INFO  Test duration: 0.02 secs
14:08:39 INFO  Test final outcome:  SKIPPED
14:08:39 INFO  Test outcome reason: Testing the apt plugin is not supported on this platform.Use parameter -XmyPlatform='container' to enable it
14:08:39 INFO  
</system-out>
	</testcase>
<testcase classname="PySysTest" name="SoftwareManagement.sm_apt_install_remove_multiple" />
<testcase classname="PySysTest" name="SoftwareManagement.sm_apt_install_remove_multiple">
		<failure message="FAILED: Assert that (False == value) with value=True (+2 other failures)" type="FAILED" />
		<system-out>15:06:19 INFO  ==============================================================
15:06:19 INFO  Id:    SoftwareManagement.sm_apt_install_remove_multiple
15:06:19 INFO  Dir:   software_management_end_to_end/
15:06:19 INFO  Title: Validate end to end behaviour for the apt plugin for multiple packages
15:06:19 INFO  ==============================================================
15:06:19 INFO  Using sw id database: {'asciijump': '5475369', 'robotfindskitten': '5474869', 'squirrel3': '5475279', 'rolldice': '5152439', 'moon-buggy': '5439204', 'apple': '5495053', 'banana': '5494888', 'cherry': '5495382', 'watermelon': '5494510', 'registry': '8018911', 'hello-world': '8021526', 'docker/getting-started': '8021973', 'alpine': '7991792'}
15:06:19 INFO  EnvironmentC8y Setup
15:06:20 INFO  Executed systemctl&lt;serv_mapper1&gt;, exit status 3
15:06:20 INFO  Restarting mosquitto too frequently in the last 10 seconds. It was only up for 5 seconds
15:06:20 INFO  Delaying execution by 6 seconds
15:06:40 INFO  Executed sudo&lt;tedge_connect_c8y&gt;, exit status 0, duration 14 secs
15:06:41 INFO  Executed sudo&lt;tedge_connect_c8y_test&gt;, exit status 0
15:06:41 INFO  Executed systemctl&lt;serv_mosq2&gt;, exit status 0
15:06:42 INFO  Executed systemctl&lt;serv_mapper3&gt;, exit status 0
15:06:44 INFO  State of current operation: SUCCESSFUL
15:06:44 INFO  Assert that (False == value) with value=False ... passed
15:06:45 INFO  Package asciijump is installed
15:06:45 WARN  Assert that (False == value) with value=True ... failed 
15:06:45 INFO  Package squirrel3 is installed
15:06:45 WARN  Assert that (False == value) with value=True ... failed 
15:06:45 INFO  Package robotfindskitten is installed
15:06:45 WARN  Assert that (False == value) with value=True ... failed 
15:06:46 INFO  Response status: 201
15:06:46 INFO  Response to action: {
    "delivery": {
        "log": [],
        "time": "2022-07-18T15:06:46.164Z",
        "status": "PENDING"
    },
    "creationTime": "2022-07-18T15:06:46.149Z",
    "deviceName": "m32sd10d",
    "deviceId": "20974520",
    "self": "https://t493319102.eu-latest.cumulocity.com/devicecontrol/operations/21015950",
    "id": "21015950",
    "status": "PENDING",
    "description": "Apply software changes, triggered from PySys: [{'action': 'install', 'id': '5475369', 'name': 'asciijump', 'url': ' ', 'version': '::apt'}, {'action': 'install', 'id': '5474869', 'name': 'robotfindskitten', 'url': ' ', 'version': '::apt'}, {'action': 'install', 'id': '5475279', 'name': 'squirrel3', 'url': ' ', 'version': '::apt'}]",
    "c8y_SoftwareUpdate": [
        {
            "name": "asciijump",
            "action": "install",
            "id": "5475369",
            "version": "::apt",
            "url": " "
        },
        {
            "name": "robotfindskitten",
            "action": "install",
            "id": "5474869",
            "version": "::apt",
            "url": " "
        },
        {
            "name": "squirrel3",
            "action": "install",
            "id": "5475279",
            "version": "::apt",
            "url": " "
        }
    ]
}
15:06:46 INFO  Started operation: {'delivery': {'log': [], 'time': '2022-07-18T15:06:46.164Z', 'status': 'PENDING'}, 'creationTime': '2022-07-18T15:06:46.149Z', 'deviceName': 'm32sd10d', 'deviceId': '20974520', 'self': 'https://t493319102.eu-latest.cumulocity.com/devicecontrol/operations/21015950', 'id': '21015950', 'status': 'PENDING', 'description': "Apply software changes, triggered from PySys: [{'action': 'install', 'id': '5475369', 'name': 'asciijump', 'url': ' ', 'version': '::apt'}, {'action': 'install', 'id': '5474869', 'name': 'robotfindskitten', 'url': ' ', 'version': '::apt'}, {'action': 'install', 'id': '5475279', 'name': 'squirrel3', 'url': ' ', 'version': '::apt'}]", 'c8y_SoftwareUpdate': [{'name': 'asciijump', 'action': 'install', 'id': '5475369', 'version': '::apt', 'url': ' '}, {'name': 'robotfindskitten', 'action': 'install', 'id': '5474869', 'version': '::apt', 'url': ' '}, {'name': 'squirrel3', 'action': 'install', 'id': '5475279', 'version': '::apt', 'url': ' '}]}
15:06:48 INFO  State of operation 21015950 : PENDING
15:06:50 INFO  State of operation 21015950 : EXECUTING
15:06:52 INFO  State of operation 21015950 : EXECUTING
15:06:55 INFO  State of operation 21015950 : EXECUTING
15:06:57 INFO  State of operation 21015950 : EXECUTING
15:06:59 INFO  State of operation 21015950 : EXECUTING
15:07:02 INFO  State of operation 21015950 : EXECUTING
15:07:05 INFO  State of operation 21015950 : EXECUTING
15:07:07 INFO  State of operation 21015950 : EXECUTING
15:07:09 INFO  State of operation 21015950 : EXECUTING
15:07:12 INFO  State of operation 21015950 : EXECUTING
15:07:14 INFO  State of operation 21015950 : EXECUTING
15:07:16 INFO  State of operation 21015950 : EXECUTING
15:07:18 INFO  State of operation 21015950 : EXECUTING
15:07:21 INFO  State of operation 21015950 : EXECUTING
15:07:23 INFO  State of operation 21015950 : SUCCESSFUL
15:07:23 INFO  Assert that (False == value) with value=False ... passed
15:07:23 INFO  Package asciijump is installed
15:07:23 INFO  Assert that (True == value) with value=True ... passed
15:07:24 INFO  Package squirrel3 is installed
15:07:24 INFO  Assert that (True == value) with value=True ... passed
15:07:24 INFO  Package robotfindskitten is installed
15:07:24 INFO  Assert that (True == value) with value=True ... passed
15:07:24 INFO  Response status: 201
15:07:24 INFO  Response to action: {
    "delivery": {
        "log": [],
        "time": "2022-07-18T15:07:24.560Z",
        "status": "PENDING"
    },
    "creationTime": "2022-07-18T15:07:24.523Z",
    "deviceName": "m32sd10d",
    "deviceId": "20974520",
    "self": "https://t493319102.eu-latest.cumulocity.com/devicecontrol/operations/21015960",
    "id": "21015960",
    "status": "PENDING",
    "description": "Apply software changes, triggered from PySys: [{'action': 'delete', 'id': '5475369', 'name': 'asciijump', 'url': ' ', 'version': '::apt'}, {'action': 'delete', 'id': '5474869', 'name': 'robotfindskitten', 'url': ' ', 'version': '::apt'}, {'action': 'delete', 'id': '5475279', 'name': 'squirrel3', 'url': ' ', 'version': '::apt'}]",
    "c8y_SoftwareUpdate": [
        {
            "name": "asciijump",
            "action": "delete",
            "id": "5475369",
            "version": "::apt",
            "url": " "
        },
        {
            "name": "robotfindskitten",
            "action": "delete",
            "id": "5474869",
            "version": "::apt",
            "url": " "
        },
        {
            "name": "squirrel3",
            "action": "delete",
            "id": "5475279",
            "version": "::apt",
            "url": " "
        }
    ]
}
15:07:24 INFO  Started operation: {'delivery': {'log': [], 'time': '2022-07-18T15:07:24.560Z', 'status': 'PENDING'}, 'creationTime': '2022-07-18T15:07:24.523Z', 'deviceName': 'm32sd10d', 'deviceId': '20974520', 'self': 'https://t493319102.eu-latest.cumulocity.com/devicecontrol/operations/21015960', 'id': '21015960', 'status': 'PENDING', 'description': "Apply software changes, triggered from PySys: [{'action': 'delete', 'id': '5475369', 'name': 'asciijump', 'url': ' ', 'version': '::apt'}, {'action': 'delete', 'id': '5474869', 'name': 'robotfindskitten', 'url': ' ', 'version': '::apt'}, {'action': 'delete', 'id': '5475279', 'name': 'squirrel3', 'url': ' ', 'version': '::apt'}]", 'c8y_SoftwareUpdate': [{'name': 'asciijump', 'action': 'delete', 'id': '5475369', 'version': '::apt', 'url': ' '}, {'name': 'robotfindskitten', 'action': 'delete', 'id': '5474869', 'version': '::apt', 'url': ' '}, {'name': 'squirrel3', 'action': 'delete', 'id': '5475279', 'version': '::apt', 'url': ' '}]}
15:07:26 INFO  State of operation 21015960 : PENDING
15:07:29 INFO  State of operation 21015960 : EXECUTING
15:07:31 INFO  State of operation 21015960 : EXECUTING
15:07:33 INFO  State of operation 21015960 : EXECUTING
15:07:35 INFO  State of operation 21015960 : EXECUTING
15:07:37 INFO  State of operation 21015960 : EXECUTING
15:07:41 INFO  State of operation 21015960 : EXECUTING
15:07:43 INFO  State of operation 21015960 : EXECUTING
15:07:46 INFO  State of operation 21015960 : EXECUTING
15:07:48 INFO  State of operation 21015960 : EXECUTING
15:07:51 INFO  State of operation 21015960 : EXECUTING
15:07:53 INFO  State of operation 21015960 : EXECUTING
15:07:55 INFO  State of operation 21015960 : EXECUTING
15:07:57 INFO  State of operation 21015960 : EXECUTING
15:08:00 INFO  State of operation 21015960 : EXECUTING
15:08:02 INFO  State of operation 21015960 : EXECUTING
15:08:04 INFO  State of operation 21015960 : EXECUTING
15:08:07 INFO  State of operation 21015960 : EXECUTING
15:08:09 INFO  State of operation 21015960 : EXECUTING
15:08:12 INFO  State of operation 21015960 : EXECUTING
15:08:14 INFO  State of operation 21015960 : EXECUTING
15:08:16 INFO  State of operation 21015960 : EXECUTING
15:08:18 INFO  State of operation 21015960 : EXECUTING
15:08:21 INFO  State of operation 21015960 : EXECUTING
15:08:23 INFO  State of operation 21015960 : EXECUTING
15:08:26 INFO  State of operation 21015960 : EXECUTING
15:08:28 INFO  State of operation 21015960 : EXECUTING
15:08:30 INFO  State of operation 21015960 : EXECUTING
15:08:32 INFO  State of operation 21015960 : SUCCESSFUL
15:08:33 INFO  Assert that (False == value) with value=False ... passed
15:08:33 INFO  Assert that (False == value) with value=False ... passed
15:08:33 INFO  Assert that (False == value) with value=False ... passed
15:08:33 INFO  Assert that (False == value) with value=False ... passed
15:08:33 INFO  
15:08:33 INFO  cleanup:
15:08:37 INFO  Executed sudo&lt;tedge_disconnect_c8y&gt;, exit status 0
15:08:38 INFO  Executed systemctl&lt;serv_mapper5&gt;, exit status 3
15:08:38 INFO  
15:08:38 INFO  Test duration: 138.67 secs
15:08:38 INFO  Test final outcome:  FAILED
15:08:38 INFO  Test outcome reason: Assert that (False == value) with value=True (+2 other failures)
15:08:38 INFO  
</system-out>
	</testcase>
</testsuite><testsuite name="SoftwareManagement.sm_apt_install_remove_multiple_mixed" tests="3" errors="0" failures="2" skipped="1" time="0"><testcase classname="PySysTest" name="SoftwareManagement.sm_apt_install_remove_multiple_mixed">
		<skipped message="SKIPPED: Testing the apt plugin is not supported on this platform.Use parameter -XmyPlatform='container' to enable it" />
		<system-out>14:08:40 INFO  ==============================================================
14:08:40 INFO  Id:    SoftwareManagement.sm_apt_install_remove_multiple_mixed
14:08:40 INFO  Dir:   software_management_end_to_end/
14:08:40 INFO  Title: Validate end to end behaviour for the apt plugin for multiple packages with mixed versions
14:08:40 INFO  ==============================================================
14:08:40 INFO  Testing the apt plugin is not supported on this platform.Use parameter -XmyPlatform='container' to enable it ... skipped
14:08:40 WARN  Aborted test due to SKIPPED outcome
14:08:40 INFO  
14:08:40 INFO  Test duration: 0.02 secs
14:08:40 INFO  Test final outcome:  SKIPPED
14:08:40 INFO  Test outcome reason: Testing the apt plugin is not supported on this platform.Use parameter -XmyPlatform='container' to enable it
14:08:40 INFO  
</system-out>
	</testcase>
<testcase classname="PySysTest" name="SoftwareManagement.sm_apt_install_remove_multiple_mixed">
		<failure message="BLOCKED: SystemError: Timeout while waiting for status SUCCESSFUL or False" type="BLOCKED" />
		<system-out>14:42:33 INFO  ==============================================================
14:42:33 INFO  Id:    SoftwareManagement.sm_apt_install_remove_multiple_mixed
14:42:33 INFO  Dir:   software_management_end_to_end/
14:42:33 INFO  Title: Validate end to end behaviour for the apt plugin for multiple packages with mixed versions
14:42:33 INFO  ==============================================================
14:42:33 INFO  Using sw id database: {'asciijump': '5475369', 'robotfindskitten': '5474869', 'squirrel3': '5475279', 'rolldice': '5152439', 'moon-buggy': '5439204', 'apple': '5495053', 'banana': '5494888', 'cherry': '5495382', 'watermelon': '5494510', 'registry': '8018911', 'hello-world': '8021526', 'docker/getting-started': '8021973', 'alpine': '7991792'}
14:42:33 INFO  EnvironmentC8y Setup
14:42:34 INFO  Executed systemctl&lt;serv_mapper1&gt;, exit status 3
14:42:34 INFO  Restarting mosquitto too frequently in the last 10 seconds. It was only up for 5 seconds
14:42:34 INFO  Delaying execution by 6 seconds
14:42:54 INFO  Executed sudo&lt;tedge_connect_c8y&gt;, exit status 0, duration 13 secs
14:42:55 INFO  Executed sudo&lt;tedge_connect_c8y_test&gt;, exit status 0
14:42:55 INFO  Executed systemctl&lt;serv_mosq2&gt;, exit status 0
14:42:56 INFO  Executed systemctl&lt;serv_mapper3&gt;, exit status 0
14:42:58 INFO  State of current operation: SUCCESSFUL
14:42:58 INFO  Assert that (False == value) with value=False ... passed
14:42:58 INFO  Assert that (False == value) with value=False ... passed
14:42:59 INFO  Assert that (False == value) with value=False ... passed
14:42:59 INFO  Assert that (False == value) with value=False ... passed
14:42:59 INFO  Assert that (False == value) with value=False ... passed
14:43:01 INFO  Response status: 201
14:43:01 INFO  Response to action: {
    "creationTime": "2022-07-18T14:43:01.169Z",
    "deviceName": "m32sd10d",
    "deviceId": "20974520",
    "self": "https://t493319102.eu-latest.cumulocity.com/devicecontrol/operations/21015820",
    "id": "21015820",
    "status": "PENDING",
    "description": "Apply software changes, triggered from PySys: [{'action': 'install', 'id': '5475369', 'name': 'asciijump', 'url': ' ', 'version': '::apt'}, {'action': 'install', 'id': '5474869', 'name': 'robotfindskitten', 'url': ' ', 'version': ' '}, {'action': 'install', 'id': '5475279', 'name': 'squirrel3', 'url': ' ', 'version': '3.1-7::apt'}, {'action': 'install', 'id': '5152439', 'name': 'rolldice', 'url': ' ', 'version': '1.16-1+b1'}, {'action': 'install', 'id': '5439204', 'name': 'moon-buggy', 'url': ' ', 'version': '1:1.0.51-12'}, {'action': 'install', 'id': '5475369', 'name': 'asciijump', 'url': ' ', 'version': '::apt'}]",
    "c8y_SoftwareUpdate": [
        {
            "name": "asciijump",
            "action": "install",
            "id": "5475369",
            "version": "::apt",
            "url": " "
        },
        {
            "name": "robotfindskitten",
            "action": "install",
            "id": "5474869",
            "version": " ",
            "url": " "
        },
        {
            "name": "squirrel3",
            "action": "install",
            "id": "5475279",
            "version": "3.1-7::apt",
            "url": " "
        },
        {
            "name": "rolldice",
            "action": "install",
            "id": "5152439",
            "version": "1.16-1+b1",
            "url": " "
        },
        {
            "name": "moon-buggy",
            "action": "install",
            "id": "5439204",
            "version": "1:1.0.51-12",
            "url": " "
        },
        {
            "name": "asciijump",
            "action": "install",
            "id": "5475369",
            "version": "::apt",
            "url": " "
        }
    ]
}
14:43:01 INFO  Started operation: {'creationTime': '2022-07-18T14:43:01.169Z', 'deviceName': 'm32sd10d', 'deviceId': '20974520', 'self': 'https://t493319102.eu-latest.cumulocity.com/devicecontrol/operations/21015820', 'id': '21015820', 'status': 'PENDING', 'description': "Apply software changes, triggered from PySys: [{'action': 'install', 'id': '5475369', 'name': 'asciijump', 'url': ' ', 'version': '::apt'}, {'action': 'install', 'id': '5474869', 'name': 'robotfindskitten', 'url': ' ', 'version': ' '}, {'action': 'install', 'id': '5475279', 'name': 'squirrel3', 'url': ' ', 'version': '3.1-7::apt'}, {'action': 'install', 'id': '5152439', 'name': 'rolldice', 'url': ' ', 'version': '1.16-1+b1'}, {'action': 'install', 'id': '5439204', 'name': 'moon-buggy', 'url': ' ', 'version': '1:1.0.51-12'}, {'action': 'install', 'id': '5475369', 'name': 'asciijump', 'url': ' ', 'version': '::apt'}]", 'c8y_SoftwareUpdate': [{'name': 'asciijump', 'action': 'install', 'id': '5475369', 'version': '::apt', 'url': ' '}, {'name': 'robotfindskitten', 'action': 'install', 'id': '5474869', 'version': ' ', 'url': ' '}, {'name': 'squirrel3', 'action': 'install', 'id': '5475279', 'version': '3.1-7::apt', 'url': ' '}, {'name': 'rolldice', 'action': 'install', 'id': '5152439', 'version': '1.16-1+b1', 'url': ' '}, {'name': 'moon-buggy', 'action': 'install', 'id': '5439204', 'version': '1:1.0.51-12', 'url': ' '}, {'name': 'asciijump', 'action': 'install', 'id': '5475369', 'version': '::apt', 'url': ' '}]}
14:43:03 INFO  State of operation 21015820 : PENDING
14:43:05 INFO  State of operation 21015820 : EXECUTING
14:43:07 INFO  State of operation 21015820 : EXECUTING
14:43:10 INFO  State of operation 21015820 : EXECUTING
14:43:12 INFO  State of operation 21015820 : EXECUTING
14:43:14 INFO  State of operation 21015820 : EXECUTING
14:43:17 INFO  State of operation 21015820 : EXECUTING
14:43:20 INFO  State of operation 21015820 : EXECUTING
14:43:22 INFO  State of operation 21015820 : EXECUTING
14:43:24 INFO  State of operation 21015820 : EXECUTING
14:43:26 INFO  State of operation 21015820 : EXECUTING
14:43:29 INFO  State of operation 21015820 : EXECUTING
14:43:31 INFO  State of operation 21015820 : EXECUTING
14:43:33 INFO  State of operation 21015820 : EXECUTING
14:43:35 INFO  State of operation 21015820 : EXECUTING
14:43:38 INFO  State of operation 21015820 : EXECUTING
14:43:40 INFO  State of operation 21015820 : EXECUTING
14:43:43 INFO  State of operation 21015820 : EXECUTING
14:43:45 INFO  State of operation 21015820 : EXECUTING
14:43:47 INFO  State of operation 21015820 : EXECUTING
14:43:50 INFO  State of operation 21015820 : EXECUTING
14:43:52 INFO  State of operation 21015820 : EXECUTING
14:43:54 INFO  State of operation 21015820 : EXECUTING
14:43:58 INFO  State of operation 21015820 : EXECUTING
14:44:00 INFO  State of operation 21015820 : EXECUTING
14:44:03 INFO  State of operation 21015820 : EXECUTING
14:44:05 INFO  State of operation 21015820 : EXECUTING
14:44:08 INFO  State of operation 21015820 : EXECUTING
14:44:10 INFO  State of operation 21015820 : EXECUTING
14:44:12 INFO  State of operation 21015820 : EXECUTING
14:44:15 INFO  State of operation 21015820 : EXECUTING
14:44:17 INFO  State of operation 21015820 : EXECUTING
14:44:19 INFO  State of operation 21015820 : EXECUTING
14:44:21 INFO  State of operation 21015820 : EXECUTING
14:44:24 INFO  State of operation 21015820 : EXECUTING
14:44:26 INFO  State of operation 21015820 : EXECUTING
14:44:28 INFO  State of operation 21015820 : EXECUTING
14:44:31 INFO  State of operation 21015820 : EXECUTING
14:44:34 INFO  State of operation 21015820 : EXECUTING
14:44:36 INFO  State of operation 21015820 : EXECUTING
14:44:39 INFO  State of operation 21015820 : EXECUTING
14:44:41 INFO  State of operation 21015820 : EXECUTING
14:44:43 INFO  State of operation 21015820 : EXECUTING
14:44:45 INFO  State of operation 21015820 : EXECUTING
14:44:47 INFO  State of operation 21015820 : EXECUTING
14:44:50 INFO  State of operation 21015820 : EXECUTING
14:44:52 INFO  State of operation 21015820 : EXECUTING
14:44:54 INFO  State of operation 21015820 : EXECUTING
14:44:57 INFO  State of operation 21015820 : EXECUTING
14:45:00 INFO  State of operation 21015820 : EXECUTING
14:45:02 INFO  State of operation 21015820 : EXECUTING
14:45:04 INFO  State of operation 21015820 : EXECUTING
14:45:06 INFO  State of operation 21015820 : EXECUTING
14:45:09 INFO  State of operation 21015820 : EXECUTING
14:45:11 INFO  State of operation 21015820 : EXECUTING
14:45:14 INFO  State of operation 21015820 : EXECUTING
14:45:17 INFO  State of operation 21015820 : EXECUTING
14:45:19 INFO  State of operation 21015820 : EXECUTING
14:45:21 INFO  State of operation 21015820 : EXECUTING
14:45:24 INFO  State of operation 21015820 : EXECUTING
14:45:26 INFO  State of operation 21015820 : EXECUTING
14:45:28 WARN  SystemError occurred while running test - Timeout while waiting for status SUCCESSFUL or False
Traceback (most recent call last):
  File "/home/pi/env-pysys/lib/python3.7/site-packages/pysys/baserunner.py", line 1294, in __call__
    self.testObj.execute()
  File "/home/pi/actions-runner/_work/thin-edge.io/thin-edge.io/tests/PySys/software_management_end_to_end/sm_apt_install_remove_multiple_mixed/run.py", line 89, in execute
    self.wait_until_succcess()
  File "/home/pi/actions-runner/_work/thin-edge.io/thin-edge.io/tests/PySys/software_management_end_to_end/environment_sm_management.py", line 324, in wait_until_succcess
    self.wait_until_status("SUCCESSFUL")
  File "/home/pi/actions-runner/_work/thin-edge.io/thin-edge.io/tests/PySys/software_management_end_to_end/environment_sm_management.py", line 381, in wait_until_status
    "Timeout while waiting for status %s or %s" % (status, status2)
SystemError: Timeout while waiting for status SUCCESSFUL or False
14:45:28 WARN  SystemError: Timeout while waiting for status SUCCESSFUL or False ... blocked 
14:45:28 INFO  
14:45:28 INFO  cleanup:
14:45:32 INFO  Executed sudo&lt;tedge_disconnect_c8y&gt;, exit status 0
14:45:33 INFO  Executed systemctl&lt;serv_mapper5&gt;, exit status 3
14:45:33 INFO  
14:45:33 INFO  Test duration: 179.49 secs
14:45:33 INFO  Test final outcome:  BLOCKED
14:45:33 INFO  Test outcome reason: SystemError: Timeout while waiting for status SUCCESSFUL or False
14:45:33 INFO  
</system-out>
	</testcase>
<testcase classname="PySysTest" name="SoftwareManagement.sm_apt_install_remove_multiple_mixed">
		<failure message="BLOCKED: SystemError: Timeout while waiting for status SUCCESSFUL or False (+1 other failures)" type="BLOCKED" />
		<system-out>15:08:38 INFO  ==============================================================
15:08:38 INFO  Id:    SoftwareManagement.sm_apt_install_remove_multiple_mixed
15:08:38 INFO  Dir:   software_management_end_to_end/
15:08:38 INFO  Title: Validate end to end behaviour for the apt plugin for multiple packages with mixed versions
15:08:38 INFO  ==============================================================
15:08:38 INFO  Using sw id database: {'asciijump': '5475369', 'robotfindskitten': '5474869', 'squirrel3': '5475279', 'rolldice': '5152439', 'moon-buggy': '5439204', 'apple': '5495053', 'banana': '5494888', 'cherry': '5495382', 'watermelon': '5494510', 'registry': '8018911', 'hello-world': '8021526', 'docker/getting-started': '8021973', 'alpine': '7991792'}
15:08:38 INFO  EnvironmentC8y Setup
15:08:39 INFO  Executed systemctl&lt;serv_mapper1&gt;, exit status 3
15:08:39 INFO  Restarting mosquitto too frequently in the last 10 seconds. It was only up for 5 seconds
15:08:39 INFO  Delaying execution by 6 seconds
15:08:59 INFO  Executed sudo&lt;tedge_connect_c8y&gt;, exit status 0, duration 14 secs
15:09:00 INFO  Executed sudo&lt;tedge_connect_c8y_test&gt;, exit status 0
15:09:00 INFO  Executed systemctl&lt;serv_mosq2&gt;, exit status 0
15:09:00 INFO  Executed systemctl&lt;serv_mapper3&gt;, exit status 0
15:09:03 INFO  State of current operation: SUCCESSFUL
15:09:03 INFO  Assert that (False == value) with value=False ... passed
15:09:03 INFO  Assert that (False == value) with value=False ... passed
15:09:03 INFO  Assert that (False == value) with value=False ... passed
15:09:04 INFO  Assert that (False == value) with value=False ... passed
15:09:04 INFO  Package moon-buggy is installed
15:09:04 WARN  Assert that (False == value) with value=True ... failed 
15:09:05 INFO  Response status: 201
15:09:05 INFO  Response to action: {
    "creationTime": "2022-07-18T15:09:05.543Z",
    "deviceName": "m32sd10d",
    "deviceId": "20974520",
    "self": "https://t493319102.eu-latest.cumulocity.com/devicecontrol/operations/21015986",
    "id": "21015986",
    "status": "PENDING",
    "description": "Apply software changes, triggered from PySys: [{'action': 'install', 'id': '5475369', 'name': 'asciijump', 'url': ' ', 'version': '::apt'}, {'action': 'install', 'id': '5474869', 'name': 'robotfindskitten', 'url': ' ', 'version': ' '}, {'action': 'install', 'id': '5475279', 'name': 'squirrel3', 'url': ' ', 'version': '3.1-7::apt'}, {'action': 'install', 'id': '5152439', 'name': 'rolldice', 'url': ' ', 'version': '1.16-1+b1'}, {'action': 'install', 'id': '5439204', 'name': 'moon-buggy', 'url': ' ', 'version': '1:1.0.51-12'}, {'action': 'install', 'id': '5475369', 'name': 'asciijump', 'url': ' ', 'version': '::apt'}]",
    "c8y_SoftwareUpdate": [
        {
            "name": "asciijump",
            "action": "install",
            "id": "5475369",
            "version": "::apt",
            "url": " "
        },
        {
            "name": "robotfindskitten",
            "action": "install",
            "id": "5474869",
            "version": " ",
            "url": " "
        },
        {
            "name": "squirrel3",
            "action": "install",
            "id": "5475279",
            "version": "3.1-7::apt",
            "url": " "
        },
        {
            "name": "rolldice",
            "action": "install",
            "id": "5152439",
            "version": "1.16-1+b1",
            "url": " "
        },
        {
            "name": "moon-buggy",
            "action": "install",
            "id": "5439204",
            "version": "1:1.0.51-12",
            "url": " "
        },
        {
            "name": "asciijump",
            "action": "install",
            "id": "5475369",
            "version": "::apt",
            "url": " "
        }
    ]
}
15:09:05 INFO  Started operation: {'creationTime': '2022-07-18T15:09:05.543Z', 'deviceName': 'm32sd10d', 'deviceId': '20974520', 'self': 'https://t493319102.eu-latest.cumulocity.com/devicecontrol/operations/21015986', 'id': '21015986', 'status': 'PENDING', 'description': "Apply software changes, triggered from PySys: [{'action': 'install', 'id': '5475369', 'name': 'asciijump', 'url': ' ', 'version': '::apt'}, {'action': 'install', 'id': '5474869', 'name': 'robotfindskitten', 'url': ' ', 'version': ' '}, {'action': 'install', 'id': '5475279', 'name': 'squirrel3', 'url': ' ', 'version': '3.1-7::apt'}, {'action': 'install', 'id': '5152439', 'name': 'rolldice', 'url': ' ', 'version': '1.16-1+b1'}, {'action': 'install', 'id': '5439204', 'name': 'moon-buggy', 'url': ' ', 'version': '1:1.0.51-12'}, {'action': 'install', 'id': '5475369', 'name': 'asciijump', 'url': ' ', 'version': '::apt'}]", 'c8y_SoftwareUpdate': [{'name': 'asciijump', 'action': 'install', 'id': '5475369', 'version': '::apt', 'url': ' '}, {'name': 'robotfindskitten', 'action': 'install', 'id': '5474869', 'version': ' ', 'url': ' '}, {'name': 'squirrel3', 'action': 'install', 'id': '5475279', 'version': '3.1-7::apt', 'url': ' '}, {'name': 'rolldice', 'action': 'install', 'id': '5152439', 'version': '1.16-1+b1', 'url': ' '}, {'name': 'moon-buggy', 'action': 'install', 'id': '5439204', 'version': '1:1.0.51-12', 'url': ' '}, {'name': 'asciijump', 'action': 'install', 'id': '5475369', 'version': '::apt', 'url': ' '}]}
15:09:07 INFO  State of operation 21015986 : PENDING
15:09:10 INFO  State of operation 21015986 : EXECUTING
15:09:12 INFO  State of operation 21015986 : EXECUTING
15:09:14 INFO  State of operation 21015986 : EXECUTING
15:09:16 INFO  State of operation 21015986 : EXECUTING
15:09:19 INFO  State of operation 21015986 : EXECUTING
15:09:22 INFO  State of operation 21015986 : EXECUTING
15:09:25 INFO  State of operation 21015986 : EXECUTING
15:09:27 INFO  State of operation 21015986 : EXECUTING
15:09:29 INFO  State of operation 21015986 : EXECUTING
15:09:32 INFO  State of operation 21015986 : EXECUTING
15:09:34 INFO  State of operation 21015986 : EXECUTING
15:09:36 INFO  State of operation 21015986 : EXECUTING
15:09:39 INFO  State of operation 21015986 : EXECUTING
15:09:41 INFO  State of operation 21015986 : EXECUTING
15:09:43 INFO  State of operation 21015986 : EXECUTING
15:09:45 INFO  State of operation 21015986 : EXECUTING
15:09:48 INFO  State of operation 21015986 : EXECUTING
15:09:50 INFO  State of operation 21015986 : EXECUTING
15:09:53 INFO  State of operation 21015986 : EXECUTING
15:09:55 INFO  State of operation 21015986 : EXECUTING
15:09:58 INFO  State of operation 21015986 : EXECUTING
15:10:00 INFO  State of operation 21015986 : EXECUTING
15:10:03 INFO  State of operation 21015986 : EXECUTING
15:10:05 INFO  State of operation 21015986 : EXECUTING
15:10:08 INFO  State of operation 21015986 : EXECUTING
15:10:10 INFO  State of operation 21015986 : EXECUTING
15:10:13 INFO  State of operation 21015986 : EXECUTING
15:10:15 INFO  State of operation 21015986 : EXECUTING
15:10:17 INFO  State of operation 21015986 : EXECUTING
15:10:20 INFO  State of operation 21015986 : EXECUTING
15:10:22 INFO  State of operation 21015986 : EXECUTING
15:10:24 INFO  State of operation 21015986 : EXECUTING
15:10:26 INFO  State of operation 21015986 : EXECUTING
15:10:29 INFO  State of operation 21015986 : EXECUTING
15:10:31 INFO  State of operation 21015986 : EXECUTING
15:10:33 INFO  State of operation 21015986 : EXECUTING
15:10:36 INFO  State of operation 21015986 : EXECUTING
15:10:39 INFO  State of operation 21015986 : EXECUTING
15:10:41 INFO  State of operation 21015986 : EXECUTING
15:10:44 INFO  State of operation 21015986 : EXECUTING
15:10:46 INFO  State of operation 21015986 : EXECUTING
15:10:48 INFO  State of operation 21015986 : EXECUTING
15:10:50 INFO  State of operation 21015986 : EXECUTING
15:10:52 INFO  State of operation 21015986 : EXECUTING
15:10:55 INFO  State of operation 21015986 : EXECUTING
15:10:57 INFO  State of operation 21015986 : EXECUTING
15:11:00 INFO  State of operation 21015986 : EXECUTING
15:11:02 INFO  State of operation 21015986 : EXECUTING
15:11:04 INFO  State of operation 21015986 : EXECUTING
15:11:06 INFO  State of operation 21015986 : EXECUTING
15:11:09 INFO  State of operation 21015986 : EXECUTING
15:11:12 INFO  State of operation 21015986 : EXECUTING
15:11:14 INFO  State of operation 21015986 : EXECUTING
15:11:17 INFO  State of operation 21015986 : EXECUTING
15:11:20 INFO  State of operation 21015986 : EXECUTING
15:11:22 INFO  State of operation 21015986 : EXECUTING
15:11:24 INFO  State of operation 21015986 : EXECUTING
15:11:27 INFO  State of operation 21015986 : EXECUTING
15:11:29 INFO  State of operation 21015986 : EXECUTING
15:11:32 INFO  State of operation 21015986 : EXECUTING
15:11:34 WARN  SystemError occurred while running test - Timeout while waiting for status SUCCESSFUL or False
Traceback (most recent call last):
  File "/home/pi/env-pysys/lib/python3.7/site-packages/pysys/baserunner.py", line 1294, in __call__
    self.testObj.execute()
  File "/home/pi/actions-runner/_work/thin-edge.io/thin-edge.io/tests/PySys/software_management_end_to_end/sm_apt_install_remove_multiple_mixed/run.py", line 89, in execute
    self.wait_until_succcess()
  File "/home/pi/actions-runner/_work/thin-edge.io/thin-edge.io/tests/PySys/software_management_end_to_end/environment_sm_management.py", line 324, in wait_until_succcess
    self.wait_until_status("SUCCESSFUL")
  File "/home/pi/actions-runner/_work/thin-edge.io/thin-edge.io/tests/PySys/software_management_end_to_end/environment_sm_management.py", line 381, in wait_until_status
    "Timeout while waiting for status %s or %s" % (status, status2)
SystemError: Timeout while waiting for status SUCCESSFUL or False
15:11:34 WARN  SystemError: Timeout while waiting for status SUCCESSFUL or False ... blocked 
15:11:34 INFO  
15:11:34 INFO  cleanup:
15:11:38 INFO  Executed sudo&lt;tedge_disconnect_c8y&gt;, exit status 0
15:11:39 INFO  Executed systemctl&lt;serv_mapper5&gt;, exit status 3
15:11:39 INFO  
15:11:39 INFO  Test duration: 180.49 secs
15:11:39 INFO  Test final outcome:  BLOCKED
15:11:39 INFO  Test outcome reason: SystemError: Timeout while waiting for status SUCCESSFUL or False (+1 other failures)
15:11:39 INFO  
</system-out>
	</testcase>
</testsuite><testsuite name="SoftwareManagement.sm_apt_install_remove_with_version" tests="3" errors="0" failures="0" skipped="1" time="0"><testcase classname="PySysTest" name="SoftwareManagement.sm_apt_install_remove_with_version">
		<skipped message="SKIPPED: Testing the apt plugin is not supported on this platform.Use parameter -XmyPlatform='container' to enable it" />
		<system-out>14:08:40 INFO  ==============================================================
14:08:40 INFO  Id:    SoftwareManagement.sm_apt_install_remove_with_version
14:08:40 INFO  Dir:   software_management_end_to_end/
14:08:40 INFO  Title: Validate end to end behaviour for the apt plugin for packages with version
14:08:40 INFO  ==============================================================
14:08:40 INFO  Testing the apt plugin is not supported on this platform.Use parameter -XmyPlatform='container' to enable it ... skipped
14:08:40 WARN  Aborted test due to SKIPPED outcome
14:08:40 INFO  
14:08:40 INFO  Test duration: 0.02 secs
14:08:40 INFO  Test final outcome:  SKIPPED
14:08:40 INFO  Test outcome reason: Testing the apt plugin is not supported on this platform.Use parameter -XmyPlatform='container' to enable it
14:08:40 INFO  
</system-out>
	</testcase>
<testcase classname="PySysTest" name="SoftwareManagement.sm_apt_install_remove_with_version" />
<testcase classname="PySysTest" name="SoftwareManagement.sm_apt_install_remove_with_version" />
</testsuite><testsuite name="SoftwareManagement.sm_docker_install_remove_multiple" tests="3" errors="0" failures="0" skipped="1" time="0"><testcase classname="SMDockerInstallRemove" name="SoftwareManagement.sm_docker_install_remove_multiple">
		<skipped message="SKIPPED: Testing the apt plugin is not supported on this platform.Use parameter -XmyPlatform='container' to enable it" />
		<system-out>14:08:40 INFO  ==============================================================
14:08:40 INFO  Id:    SoftwareManagement.sm_docker_install_remove_multiple
14:08:40 INFO  Dir:   software_management_end_to_end/
14:08:40 INFO  Title: Validate end to end behaviour for the docker plugin for multiple docker images with mixed versions
14:08:40 INFO  ==============================================================
14:08:40 INFO  Testing the apt plugin is not supported on this platform.Use parameter -XmyPlatform='container' to enable it ... skipped
14:08:40 WARN  Aborted test due to SKIPPED outcome
14:08:40 INFO  
14:08:40 INFO  Test duration: 0.02 secs
14:08:40 INFO  Test final outcome:  SKIPPED
14:08:40 INFO  Test outcome reason: Testing the apt plugin is not supported on this platform.Use parameter -XmyPlatform='container' to enable it
14:08:40 INFO  
</system-out>
	</testcase>
<testcase classname="SMDockerInstallRemove" name="SoftwareManagement.sm_docker_install_remove_multiple" />
<testcase classname="SMDockerInstallRemove" name="SoftwareManagement.sm_docker_install_remove_multiple" />
</testsuite><testsuite name="SoftwareManagement.sm_fake_install_remove" tests="2" errors="0" failures="0" skipped="1" time="0"><testcase classname="PySysTest" name="SoftwareManagement.sm_fake_install_remove">
		<skipped message="SKIPPED: Testing the fake plugin is not enabled.Use parameter -Xfakeplugin=fakeplugin to enable it" />
		<system-out>14:08:40 INFO  ==============================================================
14:08:40 INFO  Id:    SoftwareManagement.sm_fake_install_remove
14:08:40 INFO  Dir:   software_management_end_to_end/
14:08:40 INFO  Title: Validate end to end behaviour for the dummy plugin for installation and removal of packages
14:08:40 INFO  ==============================================================
14:08:40 INFO  Testing the fake plugin is not enabled.Use parameter -Xfakeplugin=fakeplugin to enable it ... skipped
14:08:40 WARN  Aborted test due to SKIPPED outcome
14:08:40 INFO  
14:08:40 INFO  Test duration: 0.02 secs
14:08:40 INFO  Test final outcome:  SKIPPED
14:08:40 INFO  Test outcome reason: Testing the fake plugin is not enabled.Use parameter -Xfakeplugin=fakeplugin to enable it
14:08:40 INFO  
</system-out>
	</testcase>
<testcase classname="PySysTest" name="SoftwareManagement.sm_fake_install_remove" />
</testsuite><testsuite name="SoftwareManagement.sm_fake_install_remove_multiple" tests="2" errors="0" failures="0" skipped="1" time="0"><testcase classname="PySysTest" name="SoftwareManagement.sm_fake_install_remove_multiple">
		<skipped message="SKIPPED: Testing the fake plugin is not enabled.Use parameter -Xfakeplugin=fakeplugin to enable it" />
		<system-out>14:08:40 INFO  ==============================================================
14:08:40 INFO  Id:    SoftwareManagement.sm_fake_install_remove_multiple
14:08:40 INFO  Dir:   software_management_end_to_end/
14:08:40 INFO  Title: Validate end to end behaviour for the dummy-plugin for multiple packages
14:08:40 INFO  ==============================================================
14:08:40 INFO  Testing the fake plugin is not enabled.Use parameter -Xfakeplugin=fakeplugin to enable it ... skipped
14:08:40 WARN  Aborted test due to SKIPPED outcome
14:08:40 INFO  
14:08:40 INFO  Test duration: 0.02 secs
14:08:40 INFO  Test final outcome:  SKIPPED
14:08:40 INFO  Test outcome reason: Testing the fake plugin is not enabled.Use parameter -Xfakeplugin=fakeplugin to enable it
14:08:40 INFO  
</system-out>
	</testcase>
<testcase classname="PySysTest" name="SoftwareManagement.sm_fake_install_remove_multiple" />
</testsuite><testsuite name="SoftwareManagement.sm_mapper_fail_and_reconnect" tests="2" errors="0" failures="0" skipped="2" time="0"><testcase classname="MapperC8yReceiveLastMessageOnRestart" name="SoftwareManagement.sm_mapper_fail_and_reconnect">
		<skipped message="SKIPPED: instable https://github.com/thin-edge/thin-edge.io/issues/752" />
		<system-out>14:08:40 INFO  ==============================================================
14:08:40 INFO  Id:    SoftwareManagement.sm_mapper_fail_and_reconnect
14:08:40 INFO  Dir:   software_management_end_to_end/
14:08:40 INFO  Title: Validate the tedge-mapper-sm-c8y for receiving the last message on restart
14:08:40 INFO  ==============================================================
14:08:40 INFO  instable https://github.com/thin-edge/thin-edge.io/issues/752 ... skipped
14:08:40 INFO  
14:08:40 INFO  Test duration: 0.02 secs
14:08:40 INFO  Test final outcome:  SKIPPED
14:08:40 INFO  Test outcome reason: instable https://github.com/thin-edge/thin-edge.io/issues/752
14:08:40 INFO  
</system-out>
	</testcase>
<testcase classname="MapperC8yReceiveLastMessageOnRestart" name="SoftwareManagement.sm_mapper_fail_and_reconnect">
		<skipped message="SKIPPED: instable https://github.com/thin-edge/thin-edge.io/issues/752" />
		<system-out>15:18:23 INFO  ==============================================================
15:18:23 INFO  Id:    SoftwareManagement.sm_mapper_fail_and_reconnect
15:18:23 INFO  Dir:   software_management_end_to_end/
15:18:23 INFO  Title: Validate the tedge-mapper-sm-c8y for receiving the last message on restart
15:18:23 INFO  ==============================================================
15:18:23 INFO  instable https://github.com/thin-edge/thin-edge.io/issues/752 ... skipped
15:18:23 INFO  
15:18:23 INFO  Test duration: 0.07 secs
15:18:23 INFO  Test final outcome:  SKIPPED
15:18:23 INFO  Test outcome reason: instable https://github.com/thin-edge/thin-edge.io/issues/752
15:18:23 INFO  
</system-out>
	</testcase>
</testsuite><testsuite name="SoftwareManagement.sm_mixed_install_remove_multiple" tests="2" errors="0" failures="1" skipped="1" time="0"><testcase classname="PySysTest" name="SoftwareManagement.sm_mixed_install_remove_multiple">
		<skipped message="SKIPPED: Testing the fake plugin is not enabled.Use parameter -Xfakeplugin=fakeplugin to enable it" />
		<system-out>14:08:40 INFO  ==============================================================
14:08:40 INFO  Id:    SoftwareManagement.sm_mixed_install_remove_multiple
14:08:40 INFO  Dir:   software_management_end_to_end/
14:08:40 INFO  Title: Validate end to end behaviour for the dummy-plugin for multiple packages with mixed versions
14:08:40 INFO  ==============================================================
14:08:40 INFO  Testing the fake plugin is not enabled.Use parameter -Xfakeplugin=fakeplugin to enable it ... skipped
14:08:40 WARN  Aborted test due to SKIPPED outcome
14:08:40 INFO  
14:08:40 INFO  Test duration: 0.02 secs
14:08:40 INFO  Test final outcome:  SKIPPED
14:08:40 INFO  Test outcome reason: Testing the fake plugin is not enabled.Use parameter -Xfakeplugin=fakeplugin to enable it
14:08:40 INFO  
</system-out>
	</testcase>
<testcase classname="PySysTest" name="SoftwareManagement.sm_mixed_install_remove_multiple">
		<failure message="FAILED: Assert that (False == value) with value=True" type="FAILED" />
		<system-out>15:18:24 INFO  ==============================================================
15:18:24 INFO  Id:    SoftwareManagement.sm_mixed_install_remove_multiple
15:18:24 INFO  Dir:   software_management_end_to_end/
15:18:24 INFO  Title: Validate end to end behaviour for the dummy-plugin for multiple packages with mixed versions
15:18:24 INFO  ==============================================================
15:18:24 INFO  Using sw id database: {'asciijump': '5475369', 'robotfindskitten': '5474869', 'squirrel3': '5475279', 'rolldice': '5152439', 'moon-buggy': '5439204', 'apple': '5495053', 'banana': '5494888', 'cherry': '5495382', 'watermelon': '5494510', 'registry': '8018911', 'hello-world': '8021526', 'docker/getting-started': '8021973', 'alpine': '7991792'}
15:18:24 INFO  EnvironmentC8y Setup
15:18:24 INFO  Executed systemctl&lt;serv_mapper1&gt;, exit status 3
15:18:24 INFO  Restarting mosquitto too frequently in the last 10 seconds. It was only up for 4 seconds
15:18:24 INFO  Delaying execution by 7 seconds
15:18:46 INFO  Executed sudo&lt;tedge_connect_c8y&gt;, exit status 0, duration 14 secs
15:18:46 INFO  Executed sudo&lt;tedge_connect_c8y_test&gt;, exit status 0
15:18:47 INFO  Executed systemctl&lt;serv_mosq2&gt;, exit status 0
15:18:47 INFO  Executed systemctl&lt;serv_mapper3&gt;, exit status 0
15:18:49 INFO  State of current operation: SUCCESSFUL
15:18:50 INFO  Package apple is installed
15:18:50 INFO  Assert that (True == value) with value=True ... passed
15:18:50 INFO  Package banana is installed
15:18:50 INFO  Assert that (True == value) with value=True ... passed
15:18:50 INFO  Package cherry is installed
15:18:50 INFO  Assert that (True == value) with value=True ... passed
15:18:50 INFO  Package asciijump is installed
15:18:50 WARN  Assert that (False == value) with value=True ... failed 
15:18:51 INFO  Assert that (False == value) with value=False ... passed
15:18:51 INFO  Response status: 201
15:18:51 INFO  Response to action: {
    "creationTime": "2022-07-18T15:18:51.499Z",
    "deviceName": "m32sd10d",
    "deviceId": "20974520",
    "self": "https://t493319102.eu-latest.cumulocity.com/devicecontrol/operations/21016088",
    "id": "21016088",
    "status": "PENDING",
    "description": "Apply software changes, triggered from PySys: [{'action': 'install', 'id': '5495053', 'name': 'apple', 'url': ' ', 'version': '::fruits'}, {'action': 'install', 'id': '5494888', 'name': 'banana', 'url': ' ', 'version': '::fruits'}, {'action': 'install', 'id': '5475369', 'name': 'asciijump', 'url': ' ', 'version': '::apt'}, {'action': 'install', 'id': '5495382', 'name': 'cherry', 'url': ' ', 'version': '::fruits'}, {'action': 'install', 'id': '8018911', 'name': 'registry', 'url': ' ', 'version': '::docker'}]",
    "c8y_SoftwareUpdate": [
        {
            "name": "apple",
            "action": "install",
            "id": "5495053",
            "version": "::fruits",
            "url": " "
        },
        {
            "name": "banana",
            "action": "install",
            "id": "5494888",
            "version": "::fruits",
            "url": " "
        },
        {
            "name": "asciijump",
            "action": "install",
            "id": "5475369",
            "version": "::apt",
            "url": " "
        },
        {
            "name": "cherry",
            "action": "install",
            "id": "5495382",
            "version": "::fruits",
            "url": " "
        },
        {
            "name": "registry",
            "action": "install",
            "id": "8018911",
            "version": "::docker",
            "url": " "
        }
    ]
}
15:18:51 INFO  Started operation: {'creationTime': '2022-07-18T15:18:51.499Z', 'deviceName': 'm32sd10d', 'deviceId': '20974520', 'self': 'https://t493319102.eu-latest.cumulocity.com/devicecontrol/operations/21016088', 'id': '21016088', 'status': 'PENDING', 'description': "Apply software changes, triggered from PySys: [{'action': 'install', 'id': '5495053', 'name': 'apple', 'url': ' ', 'version': '::fruits'}, {'action': 'install', 'id': '5494888', 'name': 'banana', 'url': ' ', 'version': '::fruits'}, {'action': 'install', 'id': '5475369', 'name': 'asciijump', 'url': ' ', 'version': '::apt'}, {'action': 'install', 'id': '5495382', 'name': 'cherry', 'url': ' ', 'version': '::fruits'}, {'action': 'install', 'id': '8018911', 'name': 'registry', 'url': ' ', 'version': '::docker'}]", 'c8y_SoftwareUpdate': [{'name': 'apple', 'action': 'install', 'id': '5495053', 'version': '::fruits', 'url': ' '}, {'name': 'banana', 'action': 'install', 'id': '5494888', 'version': '::fruits', 'url': ' '}, {'name': 'asciijump', 'action': 'install', 'id': '5475369', 'version': '::apt', 'url': ' '}, {'name': 'cherry', 'action': 'install', 'id': '5495382', 'version': '::fruits', 'url': ' '}, {'name': 'registry', 'action': 'install', 'id': '8018911', 'version': '::docker', 'url': ' '}]}
15:18:53 INFO  State of operation 21016088 : PENDING
15:18:55 INFO  State of operation 21016088 : EXECUTING
15:18:58 INFO  State of operation 21016088 : EXECUTING
15:19:00 INFO  State of operation 21016088 : EXECUTING
15:19:02 INFO  State of operation 21016088 : EXECUTING
15:19:05 INFO  State of operation 21016088 : EXECUTING
15:19:07 INFO  State of operation 21016088 : EXECUTING
15:19:10 INFO  State of operation 21016088 : EXECUTING
15:19:12 INFO  State of operation 21016088 : EXECUTING
15:19:15 INFO  State of operation 21016088 : EXECUTING
15:19:17 INFO  State of operation 21016088 : EXECUTING
15:19:19 INFO  State of operation 21016088 : EXECUTING
15:19:22 INFO  State of operation 21016088 : EXECUTING
15:19:24 INFO  State of operation 21016088 : EXECUTING
15:19:26 INFO  State of operation 21016088 : EXECUTING
15:19:28 INFO  State of operation 21016088 : EXECUTING
15:19:31 INFO  State of operation 21016088 : EXECUTING
15:19:33 INFO  State of operation 21016088 : EXECUTING
15:19:35 INFO  State of operation 21016088 : EXECUTING
15:19:37 INFO  State of operation 21016088 : EXECUTING
15:19:40 INFO  State of operation 21016088 : EXECUTING
15:19:42 INFO  State of operation 21016088 : EXECUTING
15:19:44 INFO  State of operation 21016088 : EXECUTING
15:19:46 INFO  State of operation 21016088 : EXECUTING
15:19:48 INFO  State of operation 21016088 : EXECUTING
15:19:51 INFO  State of operation 21016088 : SUCCESSFUL
15:19:51 INFO  Package apple is installed
15:19:51 INFO  Assert that (True == value) with value=True ... passed
15:19:51 INFO  Package banana is installed
15:19:51 INFO  Assert that (True == value) with value=True ... passed
15:19:51 INFO  Package cherry is installed
15:19:51 INFO  Assert that (True == value) with value=True ... passed
15:19:52 INFO  Package asciijump is installed
15:19:52 INFO  Assert that (True == value) with value=True ... passed
15:19:52 INFO  Package registry is installed
15:19:52 INFO  Assert that (True == value) with value=True ... passed
15:19:52 INFO  Response status: 201
15:19:52 INFO  Response to action: {
    "creationTime": "2022-07-18T15:19:52.519Z",
    "deviceName": "m32sd10d",
    "deviceId": "20974520",
    "self": "https://t493319102.eu-latest.cumulocity.com/devicecontrol/operations/21019108",
    "id": "21019108",
    "status": "PENDING",
    "description": "Apply software changes, triggered from PySys: [{'action': 'delete', 'id': '5495053', 'name': 'apple', 'url': ' ', 'version': '::fruits'}, {'action': 'delete', 'id': '5494888', 'name': 'banana', 'url': ' ', 'version': '::fruits'}, {'action': 'delete', 'id': '5475369', 'name': 'asciijump', 'url': ' ', 'version': '::apt'}, {'action': 'delete', 'id': '5495382', 'name': 'cherry', 'url': ' ', 'version': '::fruits'}, {'action': 'delete', 'id': '8018911', 'name': 'registry', 'url': ' ', 'version': '::docker'}]",
    "c8y_SoftwareUpdate": [
        {
            "name": "apple",
            "action": "delete",
            "id": "5495053",
            "version": "::fruits",
            "url": " "
        },
        {
            "name": "banana",
            "action": "delete",
            "id": "5494888",
            "version": "::fruits",
            "url": " "
        },
        {
            "name": "asciijump",
            "action": "delete",
            "id": "5475369",
            "version": "::apt",
            "url": " "
        },
        {
            "name": "cherry",
            "action": "delete",
            "id": "5495382",
            "version": "::fruits",
            "url": " "
        },
        {
            "name": "registry",
            "action": "delete",
            "id": "8018911",
            "version": "::docker",
            "url": " "
        }
    ]
}
15:19:52 INFO  Started operation: {'creationTime': '2022-07-18T15:19:52.519Z', 'deviceName': 'm32sd10d', 'deviceId': '20974520', 'self': 'https://t493319102.eu-latest.cumulocity.com/devicecontrol/operations/21019108', 'id': '21019108', 'status': 'PENDING', 'description': "Apply software changes, triggered from PySys: [{'action': 'delete', 'id': '5495053', 'name': 'apple', 'url': ' ', 'version': '::fruits'}, {'action': 'delete', 'id': '5494888', 'name': 'banana', 'url': ' ', 'version': '::fruits'}, {'action': 'delete', 'id': '5475369', 'name': 'asciijump', 'url': ' ', 'version': '::apt'}, {'action': 'delete', 'id': '5495382', 'name': 'cherry', 'url': ' ', 'version': '::fruits'}, {'action': 'delete', 'id': '8018911', 'name': 'registry', 'url': ' ', 'version': '::docker'}]", 'c8y_SoftwareUpdate': [{'name': 'apple', 'action': 'delete', 'id': '5495053', 'version': '::fruits', 'url': ' '}, {'name': 'banana', 'action': 'delete', 'id': '5494888', 'version': '::fruits', 'url': ' '}, {'name': 'asciijump', 'action': 'delete', 'id': '5475369', 'version': '::apt', 'url': ' '}, {'name': 'cherry', 'action': 'delete', 'id': '5495382', 'version': '::fruits', 'url': ' '}, {'name': 'registry', 'action': 'delete', 'id': '8018911', 'version': '::docker', 'url': ' '}]}
15:19:54 INFO  State of operation 21019108 : PENDING
15:19:57 INFO  State of operation 21019108 : EXECUTING
15:19:59 INFO  State of operation 21019108 : EXECUTING
15:20:01 INFO  State of operation 21019108 : EXECUTING
15:20:03 INFO  State of operation 21019108 : EXECUTING
15:20:06 INFO  State of operation 21019108 : EXECUTING
15:20:08 INFO  State of operation 21019108 : EXECUTING
15:20:11 INFO  State of operation 21019108 : EXECUTING
15:20:13 INFO  State of operation 21019108 : EXECUTING
15:20:16 INFO  State of operation 21019108 : EXECUTING
15:20:18 INFO  State of operation 21019108 : EXECUTING
15:20:21 INFO  State of operation 21019108 : EXECUTING
15:20:23 INFO  State of operation 21019108 : EXECUTING
15:20:25 INFO  State of operation 21019108 : EXECUTING
15:20:28 INFO  State of operation 21019108 : EXECUTING
[...]
13:57:01 INFO  Executed sudo&lt;rm_tmp_logs&gt;, exit status 0
13:57:01 INFO  Executed sudo&lt;send_failed&gt;, exit status 0
13:57:02 INFO  Executed sudo&lt;log_file_daemon&gt;, exit status 0
13:57:06 INFO  Executed sudo&lt;tedge_disconnect_c8y&gt;, exit status 0
13:57:07 INFO  Executed systemctl&lt;serv_mapper5&gt;, exit status 3
13:57:07 INFO  
13:57:07 INFO  Test duration: 28.27 secs
13:57:07 INFO  Test final outcome:  BLOCKED
13:57:07 INFO  Test outcome reason: TypeError: 'NoneType' object is not subscriptable
13:57:07 INFO  
</system-out>
	</testcase>
</testsuite><testsuite name="log_request_num_lines" tests="1" errors="0" failures="1" skipped="0" time="0"><testcase classname="LogRequestVerifyNumberOfLines" name="log_request_num_lines">
		<failure message="BLOCKED: TypeError: 'NoneType' object is not subscriptable" type="BLOCKED" />
		<system-out>13:57:07 INFO  ==============================================================
13:57:07 INFO  Id:    log_request_num_lines
13:57:07 INFO  Dir:   log_request_end_to_end/
13:57:07 INFO  Title: Validate end to end behaviour for the log request operation check for number of lines
13:57:07 INFO  ==============================================================
13:57:07 INFO  EnvironmentC8y Setup
13:57:07 INFO  Executed systemctl&lt;serv_mapper1&gt;, exit status 3
13:57:07 INFO  Restarting mosquitto too frequently in the last 10 seconds. It was only up for 4 seconds
13:57:07 INFO  Delaying execution by 7 seconds
13:57:29 INFO  Executed sudo&lt;tedge_connect_c8y&gt;, exit status 0, duration 14 secs
13:57:30 INFO  Executed sudo&lt;tedge_connect_c8y_test&gt;, exit status 0
13:57:30 INFO  Executed systemctl&lt;serv_mosq2&gt;, exit status 0
13:57:31 INFO  Executed systemctl&lt;serv_mapper3&gt;, exit status 0
13:57:31 INFO  Executed sudo&lt;rm_logs&gt;, exit status 0
13:57:32 INFO  Executed sudo&lt;move_logs&gt;, exit status 0
13:57:32 INFO  Executed sudo&lt;log_file_daemon&gt;, exit status 0
13:57:33 WARN  TypeError occurred while running test - 'NoneType' object is not subscriptable
Traceback (most recent call last):
  File "/home/pi/env-pysys/lib/python3.7/site-packages/pysys/baserunner.py", line 1294, in __call__
    self.testObj.execute()
  File "/home/pi/actions-runner/_work/thin-edge.io/thin-edge.io/tests/PySys/log_request_end_to_end/log_request_num_lines/run.py", line 46, in execute
    log_file_request_payload, self.project.deviceid
  File "/home/pi/actions-runner/_work/thin-edge.io/thin-edge.io/tests/PySys/environments/cumulocity.py", line 101, in trigger_log_request
    "deviceId": self.device_fragment["id"],
TypeError: 'NoneType' object is not subscriptable
13:57:33 WARN  TypeError: 'NoneType' object is not subscriptable ... blocked 
13:57:33 INFO  
13:57:33 INFO  cleanup:
13:57:33 INFO  Executed sudo&lt;rm_logs&gt;, exit status 0
13:57:34 INFO  Executed sudo&lt;rm_tmp_logs&gt;, exit status 0
13:57:34 INFO  Executed sudo&lt;send_failed&gt;, exit status 0
13:57:35 INFO  Executed sudo&lt;log_file_daemon&gt;, exit status 0
13:57:40 INFO  Executed sudo&lt;tedge_disconnect_c8y&gt;, exit status 0
13:57:40 INFO  Executed systemctl&lt;serv_mapper5&gt;, exit status 3
13:57:40 INFO  
13:57:40 INFO  Test duration: 33.60 secs
13:57:40 INFO  Test final outcome:  BLOCKED
13:57:40 INFO  Test outcome reason: TypeError: 'NoneType' object is not subscriptable
13:57:40 INFO  
</system-out>
	</testcase>
</testsuite><testsuite name="mapper_awaits_before_reconnect" tests="1" errors="0" failures="1" skipped="0" time="0"><testcase classname="MapperReconnectAwait" name="mapper_awaits_before_reconnect">
		<failure message="FAILED: Line count on tedge_mapper_journal.out for &quot;tedge_mapper::core::mapper: MQTT connection error:&quot; expected &gt;=2 but got 0" type="FAILED" />
		<system-out>14:11:43 INFO  ==============================================================
14:11:43 INFO  Id:    mapper_awaits_before_reconnect
14:11:43 INFO  Dir:   tedge_mapper_c8y/
14:11:43 INFO  Title: Validate mapper doesn't reconnect too often
14:11:43 INFO  ==============================================================
14:11:43 INFO  Started mosquitto_sub with process id 8529
14:11:43 INFO  Waiting for 0.1 seconds
14:11:43 INFO  Executed sudo&lt;tedge_mapper&gt;, exit status 0
14:11:43 INFO  Waiting for 5.0 seconds
14:11:49 INFO  Executed sudo&lt;tedge_mapper&gt;, exit status 0
14:11:52 INFO  Executed sudo&lt;tedge_mapper_journal&gt;, exit status 0
14:11:52 WARN  Grep on tedge_mapper_journal.out contains "ERROR" ... failed [run.py:67]
14:11:52 INFO  Line count on file tedge_mapper_journal.out ... passed
14:11:52 WARN  Line count on tedge_mapper_journal.out for "tedge_mapper::core::mapper: MQTT connection error:" expected &gt;=2 but got 0 ... failed [run.py:78]
14:11:52 WARN  Aborted test due to FAILED outcome
14:11:52 INFO  
14:11:52 INFO  Test duration: 9.31 secs
14:11:52 INFO  Test final outcome:  FAILED
14:11:52 INFO  Test outcome reason: Line count on tedge_mapper_journal.out for "tedge_mapper::core::mapper: MQTT connection error:" expected &gt;=2 but got 0
14:11:52 INFO  
</system-out>
	</testcase>
</testsuite><testsuite name="monitoring_smaller_interval" tests="1" errors="0" failures="1" skipped="0" time="0"><testcase classname="MonitoringSmallInterval" name="monitoring_smaller_interval">
		<failure message="BLOCKED: TypeError: 'int' object is not subscriptable" type="BLOCKED" />
		<system-out>13:58:43 INFO  ==============================================================
13:58:43 INFO  Id:    monitoring_smaller_interval
13:58:43 INFO  Dir:   monitoring/
13:58:43 INFO  Title: Validate the tedge dm agent messages that are produced with smaller sampling interval than the batching window. Here the simulated collectd messages are used
13:58:43 INFO  ==============================================================
13:58:43 INFO  Executed sudo&lt;collectd&gt;, exit status 0
13:58:44 INFO  Executed sudo&lt;collectd_mapper&gt;, exit status 0
13:58:44 INFO  Started sudo&lt;tedge_sub&gt; with process id 4681
13:58:45 INFO  Executed sudo&lt;tedge_temp&gt;, exit status 0
13:58:45 INFO  Executed sudo&lt;tedge_pres&gt;, exit status 0
13:58:46 INFO  Executed sudo&lt;tedge_temp&gt;, exit status 0
13:58:46 INFO  Executed sudo&lt;tedge_pres&gt;, exit status 0
13:58:47 INFO  Executed sudo&lt;tedge_temp&gt;, exit status 0
13:58:48 INFO  Executed sudo&lt;tedge_pres&gt;, exit status 0
13:58:48 INFO  Executed sudo&lt;tedge_temp&gt;, exit status 0
13:58:49 INFO  Executed sudo&lt;tedge_pres&gt;, exit status 0
13:58:49 INFO  Executed sudo&lt;tedge_temp&gt;, exit status 0
13:58:50 INFO  Executed sudo&lt;tedge_pres&gt;, exit status 0
13:58:50 INFO  Executed sudo&lt;tedge_temp&gt;, exit status 0
13:58:51 INFO  Executed sudo&lt;tedge_pres&gt;, exit status 0
13:58:52 INFO  Executed sudo&lt;tedge_temp&gt;, exit status 0
13:58:52 INFO  Executed sudo&lt;tedge_pres&gt;, exit status 0
13:58:53 INFO  Executed sudo&lt;tedge_temp&gt;, exit status 0
13:58:53 INFO  Executed sudo&lt;tedge_pres&gt;, exit status 0
13:58:54 INFO  Executed sudo&lt;tedge_temp&gt;, exit status 0
13:58:54 INFO  Executed sudo&lt;tedge_pres&gt;, exit status 0
13:58:55 INFO  Executed sudo&lt;tedge_temp&gt;, exit status 0
13:58:55 INFO  Executed sudo&lt;tedge_pres&gt;, exit status 0
13:58:57 INFO  Executed sudo&lt;kill_out&gt;, exit status 0
13:58:57 INFO  0

13:58:57 WARN  TypeError occurred while running test - 'int' object is not subscriptable
Traceback (most recent call last):
  File "/home/pi/env-pysys/lib/python3.7/site-packages/pysys/baserunner.py", line 1296, in __call__
    self.testObj.validate()
  File "/home/pi/actions-runner/_work/thin-edge.io/thin-edge.io/tests/PySys/monitoring/monitoring_smaller_interval/run.py", line 104, in validate
    collectd_msg_validation_result=self.validate_json(),
  File "/home/pi/actions-runner/_work/thin-edge.io/thin-edge.io/tests/PySys/monitoring/monitoring_smaller_interval/run.py", line 114, in validate_json
    if not self.validate_time():
  File "/home/pi/actions-runner/_work/thin-edge.io/thin-edge.io/tests/PySys/monitoring/monitoring_smaller_interval/run.py", line 134, in validate_time
    if self.js_msg["time"]:
TypeError: 'int' object is not subscriptable
13:58:57 WARN  TypeError: 'int' object is not subscriptable ... blocked 
13:58:57 INFO  
13:58:57 INFO  cleanup:
13:58:57 INFO  monitoring_cleanup
13:58:58 INFO  Executed sudo&lt;collectd_mapper&gt;, exit status 0
13:58:58 INFO  
13:58:58 INFO  Test duration: 14.90 secs
13:58:58 INFO  Test final outcome:  BLOCKED
13:58:58 INFO  Test outcome reason: TypeError: 'int' object is not subscriptable
13:58:58 INFO  
</system-out>
	</testcase>
</testsuite><testsuite name="monitoring_with_collectd" tests="1" errors="0" failures="0" skipped="1" time="0"><testcase classname="MonitoringWithCollectd" name="monitoring_with_collectd">
		<skipped message="SKIPPED: Test execution disabled due to #792 (instable)" />
		<system-out>13:58:58 INFO  ==============================================================
13:58:58 INFO  Id:    monitoring_with_collectd
13:58:58 INFO  Dir:   monitoring/
13:58:58 INFO  Title: Validate tedge dm agent messages that are produced by batching the collectd messages
13:58:58 INFO  ==============================================================
13:58:58 INFO  Test execution disabled due to #792 (instable) ... skipped
13:58:58 INFO  
13:58:58 INFO  Test duration: 0.03 secs
13:58:58 INFO  Test final outcome:  SKIPPED
13:58:58 INFO  Test outcome reason: Test execution disabled due to #792 (instable)
13:58:58 INFO  
</system-out>
	</testcase>
</testsuite><testsuite name="monitoring_with_simulated_messages" tests="1" errors="0" failures="1" skipped="0" time="0"><testcase classname="MonitoringWithSimulatedMessages" name="monitoring_with_simulated_messages">
		<failure message="BLOCKED: TypeError: 'int' object is not subscriptable" type="BLOCKED" />
		<system-out>13:58:58 INFO  ==============================================================
13:58:58 INFO  Id:    monitoring_with_simulated_messages
13:58:58 INFO  Dir:   monitoring/
13:58:58 INFO  Title: Validate the tedge dm agent messages that are produced from the simulated collectd messages
13:58:58 INFO  ==============================================================
13:58:58 INFO  Executed sudo&lt;collectd&gt;, exit status 0
13:58:59 INFO  Executed sudo&lt;collectd_mapper&gt;, exit status 0
13:58:59 INFO  Started sudo&lt;tedge_sub&gt; with process id 4739
13:59:00 INFO  Executed sudo&lt;tedge_temp&gt;, exit status 0
13:59:00 INFO  Executed sudo&lt;tedge_pres&gt;, exit status 0
13:59:02 INFO  Executed sudo&lt;kill_out&gt;, exit status 0
13:59:02 INFO  0

13:59:02 WARN  TypeError occurred while running test - 'int' object is not subscriptable
Traceback (most recent call last):
  File "/home/pi/env-pysys/lib/python3.7/site-packages/pysys/baserunner.py", line 1296, in __call__
    self.testObj.validate()
  File "/home/pi/actions-runner/_work/thin-edge.io/thin-edge.io/tests/PySys/monitoring/monitoring_with_simulated_messages/run.py", line 98, in validate
    collectd_msg_validation_result=self.validate_json(),
  File "/home/pi/actions-runner/_work/thin-edge.io/thin-edge.io/tests/PySys/monitoring/monitoring_with_simulated_messages/run.py", line 108, in validate_json
    if not self.validate_time():
  File "/home/pi/actions-runner/_work/thin-edge.io/thin-edge.io/tests/PySys/monitoring/monitoring_with_simulated_messages/run.py", line 127, in validate_time
    if self.js_msg["time"]:
TypeError: 'int' object is not subscriptable
13:59:02 WARN  TypeError: 'int' object is not subscriptable ... blocked 
13:59:02 INFO  
13:59:02 INFO  cleanup:
13:59:02 INFO  monitoring_cleanup
13:59:02 INFO  Executed sudo&lt;collectd_mapper&gt;, exit status 0
13:59:02 INFO  
13:59:02 INFO  Test duration: 4.49 secs
13:59:02 INFO  Test final outcome:  BLOCKED
13:59:02 INFO  Test outcome reason: TypeError: 'int' object is not subscriptable
13:59:02 INFO  
</system-out>
	</testcase>
</testsuite><testsuite name="mqtt_port_change_connection_fails" tests="1" errors="0" failures="0" skipped="0" time="0"><testcase classname="MqttPortChangeConnectionFails" name="mqtt_port_change_connection_fails" />
</testsuite><testsuite name="mqtt_port_change_connection_works" tests="1" errors="0" failures="0" skipped="1" time="0"><testcase classname="MqttPortChangeConnectionWorks" name="mqtt_port_change_connection_works">
		<skipped message="SKIPPED: failing intermitently" />
		<system-out>13:58:15 INFO  ==============================================================
13:58:15 INFO  Id:    mqtt_port_change_connection_works
13:58:15 INFO  Dir:   misc_features/
13:58:15 INFO  Title: mqtt port change connection works for all the thin-edge services that use the mosquitto broker
13:58:15 INFO  ==============================================================
13:58:15 INFO  failing intermitently ... skipped
13:58:15 INFO  
13:58:15 INFO  Test duration: 0.04 secs
13:58:15 INFO  Test final outcome:  SKIPPED
13:58:15 INFO  Test outcome reason: failing intermitently
13:58:15 INFO  
</system-out>
	</testcase>
</testsuite><testsuite name="publish_flux" tests="1" errors="0" failures="0" skipped="0" time="0"><testcase classname="PublishFlux" name="publish_flux" />
</testsuite><testsuite name="publish_sawmill" tests="1" errors="0" failures="0" skipped="0" time="0"><testcase classname="PublishSawmill" name="publish_sawmill" />
</testsuite><testsuite name="runtime_start_two_mappers" tests="1" errors="0" failures="0" skipped="0" time="0"><testcase classname="RuntimeMultiMappers" name="runtime_start_two_mappers" />
</testsuite><testsuite name="sm_tedge_mapper_init_session" tests="1" errors="0" failures="0" skipped="0" time="0"><testcase classname="TedgeSMMapperInitSession" name="sm_tedge_mapper_init_session" />
</testsuite><testsuite name="smoketest_json" tests="1" errors="0" failures="0" skipped="0" time="0"><testcase classname="SmokeTestJson" name="smoketest_json" />
</testsuite><testsuite name="smoketest_json_400_samples_10ms" tests="1" errors="0" failures="0" skipped="0" time="0"><testcase classname="SmoketestJson400Samples10ms" name="smoketest_json_400_samples_10ms" />
</testsuite><testsuite name="smoketest_json_400_samples_20ms" tests="1" errors="0" failures="0" skipped="0" time="0"><testcase classname="SmoketestJson400Samples20ms" name="smoketest_json_400_samples_20ms" />
</testsuite><testsuite name="smoketest_smartrest" tests="1" errors="0" failures="0" skipped="0" time="0"><testcase classname="SmoketestSmartRest" name="smoketest_smartrest" />
</testsuite><testsuite name="smoketest_smartrest_400_samples_1Xms" tests="1" errors="0" failures="0" skipped="0" time="0"><testcase classname="SmoketestSmartRest400Samples1Xms" name="smoketest_smartrest_400_samples_1Xms" />
</testsuite><testsuite name="smoketest_smartrest_400_samples_20ms" tests="1" errors="0" failures="0" skipped="0" time="0"><testcase classname="SmoketestSmartRest400Samples20ms" name="smoketest_smartrest_400_samples_20ms" />
</testsuite><testsuite name="tedge_agent_user_sudo_access" tests="1" errors="0" failures="0" skipped="1" time="0"><testcase classname="TedgeAgentUserSudoAccess" name="tedge_agent_user_sudo_access">
		<skipped message="SKIPPED: #955 Observation: Exit code of the apt plugin when called with no arguments" />
		<system-out>14:09:06 INFO  ==============================================================
14:09:06 INFO  Id:    tedge_agent_user_sudo_access
14:09:06 INFO  Dir:   tedge/
14:09:06 INFO  Title: Validate tedge-agent user has a limited sudo right
14:09:06 INFO  ==============================================================
14:09:06 INFO  #955 Observation: Exit code of the apt plugin when called with no arguments ... skipped
14:09:06 INFO  
14:09:06 INFO  Test duration: 0.03 secs
14:09:06 INFO  Test final outcome:  SKIPPED
14:09:06 INFO  Test outcome reason: #955 Observation: Exit code of the apt plugin when called with no arguments
14:09:06 INFO  
</system-out>
	</testcase>
</testsuite><testsuite name="tedge_connect_test_negative" tests="1" errors="0" failures="0" skipped="0" time="0"><testcase classname="TedgeConnectTestNegative" name="tedge_connect_test_negative" />
</testsuite><testsuite name="tedge_connect_test_positive" tests="1" errors="0" failures="0" skipped="0" time="0"><testcase classname="TedgeConnectTestPositive" name="tedge_connect_test_positive" />
</testsuite><testsuite name="tedge_connect_test_sm_services" tests="1" errors="0" failures="0" skipped="0" time="0"><testcase classname="TedgeConnectTestSMServices" name="tedge_connect_test_sm_services" />
</testsuite><testsuite name="tedge_disconnect_test_sm_services" tests="1" errors="0" failures="0" skipped="0" time="0"><testcase classname="TedgeDisConnectTestSMServices" name="tedge_disconnect_test_sm_services" />
</testsuite><testsuite name="tedge_mapper_az_negative" tests="1" errors="0" failures="0" skipped="0" time="0"><testcase classname="TedgeMapperAzError" name="tedge_mapper_az_negative" />
</testsuite><testsuite name="tedge_mapper_az_with_timestamp" tests="1" errors="0" failures="0" skipped="0" time="0"><testcase classname="TedgeMapperAzWithTimestamp" name="tedge_mapper_az_with_timestamp" />
</testsuite><testsuite name="tedge_mapper_az_without_timestamp" tests="1" errors="0" failures="0" skipped="0" time="0"><testcase classname="TedgeMapperAzWithoutTimestamp" name="tedge_mapper_az_without_timestamp" />
</testsuite><testsuite name="tedge_mapper_c8y_alarms" tests="1" errors="0" failures="0" skipped="0" time="0"><testcase classname="TedgeMapperC8yAlarm" name="tedge_mapper_c8y_alarms" />
</testsuite><testsuite name="tedge_mapper_c8y_child_device_measurement" tests="1" errors="0" failures="0" skipped="0" time="0"><testcase classname="TedgeMapperC8yChildDevice" name="tedge_mapper_c8y_child_device_measurement" />
</testsuite><testsuite name="tedge_mapper_c8y_packet_threshold_size" tests="1" errors="0" failures="1" skipped="0" time="0"><testcase classname="TedgeMapperC8yThresholdPacketSize" name="tedge_mapper_c8y_packet_threshold_size">
		<failure message="FAILED: Grep on tedge_sub.out contains &quot;The size of the message received on tedge/measurements is 20489 which is greater than the threshold size of 16184.&quot;" type="FAILED" />
		<system-out>14:13:30 INFO  ==============================================================
14:13:30 INFO  Id:    tedge_mapper_c8y_packet_threshold_size
14:13:30 INFO  Dir:   tedge_mapper_c8y/
14:13:30 INFO  Title: Validate the Cumulocity Mapper accepted threshold packet size when it receives a message on tedge/measurements
14:13:30 INFO  ==============================================================
14:13:30 INFO  Executed sudo&lt;tedge_mapper_c8y&gt;, exit status 0
14:13:30 INFO  Started sudo&lt;tedge_sub&gt; with process id 9140
14:13:31 INFO  Executed sudo&lt;tedge_msg&gt;, exit status 0
14:13:31 INFO  Executed sudo&lt;tedge_pub&gt;, exit status 0
14:13:32 INFO  Executed sudo&lt;kill_out&gt;, exit status 0
14:13:32 WARN  Grep on tedge_sub.out contains "The size of the message received on tedge/measurements is 20489 which is greater than the threshold size of 16184." ... failed [run.py:88]
14:13:32 INFO  
14:13:32 INFO  cleanup:
14:13:32 INFO  mapper_cleanup
14:13:33 INFO  Executed sudo&lt;tedge_mapper_c8y&gt;, exit status 0
14:13:33 INFO  
14:13:33 INFO  Test duration: 2.95 secs
14:13:33 INFO  Test final outcome:  FAILED
14:13:33 INFO  Test outcome reason: Grep on tedge_sub.out contains "The size of the message received on tedge/measurements is 20489 which is greater than the threshold size of 16184."
14:13:33 INFO  
</system-out>
	</testcase>
</testsuite><testsuite name="tedge_software_update" tests="1" errors="0" failures="0" skipped="0" time="0"><testcase classname="PySysTest" name="tedge_software_update" />
</testsuite><testsuite name="valid_device_id" tests="1" errors="0" failures="0" skipped="0" time="0"><testcase classname="ValidateValidDeviceId" name="valid_device_id" />
</testsuite></testsuites>