<?xml version='1.0' encoding='utf-8'?>
<testsuites tests="147" failures="18" errors="0" skipped="45" time="0.0"><testsuite name="SoftwareManagement.Plugin.apama_plugin_install" tests="3" errors="0" failures="0" skipped="1" time="0"><testcase classname="ApamaPluginInstallTest" name="SoftwareManagement.Plugin.apama_plugin_install">
		<skipped message="SKIPPED: Apama plugin tests are disabled by default. Execute `pysys run` with `-XmyPlatform=container` to run these tests" />
		<system-out>15:00:35 INFO  ==============================================================
15:00:35 INFO  Id:    SoftwareManagement.Plugin.apama_plugin_install
15:00:35 INFO  Dir:   plugin_apama/
15:00:35 INFO  Title: Validate apama plugin install
15:00:35 INFO  ==============================================================
15:00:35 INFO  Apama plugin tests are disabled by default. Execute `pysys run` with `-XmyPlatform=container` to run these tests ... skipped
15:00:35 WARN  Aborted test due to SKIPPED outcome
15:00:35 INFO  
15:00:35 INFO  Test duration: 0.05 secs
15:00:35 INFO  Test final outcome:  SKIPPED
15:00:35 INFO  Test outcome reason: Apama plugin tests are disabled by default. Execute `pysys run` with `-XmyPlatform=container` to run these tests
15:00:35 INFO  
</system-out>
	</testcase>
<testcase classname="ApamaPluginInstallTest" name="SoftwareManagement.Plugin.apama_plugin_install" />
<testcase classname="ApamaPluginInstallTest" name="SoftwareManagement.Plugin.apama_plugin_install" />
</testsuite><testsuite name="SoftwareManagement.Plugin.apama_plugin_mon_support" tests="3" errors="0" failures="0" skipped="1" time="0"><testcase classname="ApamaPluginMonSupportTest" name="SoftwareManagement.Plugin.apama_plugin_mon_support">
		<skipped message="SKIPPED: Apama plugin tests are disabled by default. Execute `pysys run` with `-XmyPlatform=container` to run these tests" />
		<system-out>15:00:35 INFO  ==============================================================
15:00:35 INFO  Id:    SoftwareManagement.Plugin.apama_plugin_mon_support
15:00:35 INFO  Dir:   plugin_apama/
15:00:35 INFO  Title: Validate mon file support of apama plugin
15:00:35 INFO  ==============================================================
15:00:36 INFO  Apama plugin tests are disabled by default. Execute `pysys run` with `-XmyPlatform=container` to run these tests ... skipped
15:00:36 WARN  Aborted test due to SKIPPED outcome
15:00:36 INFO  
15:00:36 INFO  Test duration: 0.03 secs
15:00:36 INFO  Test final outcome:  SKIPPED
15:00:36 INFO  Test outcome reason: Apama plugin tests are disabled by default. Execute `pysys run` with `-XmyPlatform=container` to run these tests
15:00:36 INFO  
</system-out>
	</testcase>
<testcase classname="ApamaPluginMonSupportTest" name="SoftwareManagement.Plugin.apama_plugin_mon_support" />
<testcase classname="ApamaPluginMonSupportTest" name="SoftwareManagement.Plugin.apama_plugin_mon_support" />
</testsuite><testsuite name="SoftwareManagement.Plugin.apama_plugin_remove" tests="3" errors="0" failures="0" skipped="1" time="0"><testcase classname="ApamaPluginRemoveTest" name="SoftwareManagement.Plugin.apama_plugin_remove">
		<skipped message="SKIPPED: Apama plugin tests are disabled by default. Execute `pysys run` with `-XmyPlatform=container` to run these tests" />
		<system-out>15:00:36 INFO  ==============================================================
15:00:36 INFO  Id:    SoftwareManagement.Plugin.apama_plugin_remove
15:00:36 INFO  Dir:   plugin_apama/
15:00:36 INFO  Title: Validate apama plugin remove
15:00:36 INFO  ==============================================================
15:00:36 INFO  Apama plugin tests are disabled by default. Execute `pysys run` with `-XmyPlatform=container` to run these tests ... skipped
15:00:36 WARN  Aborted test due to SKIPPED outcome
15:00:36 INFO  
15:00:36 INFO  Test duration: 0.02 secs
15:00:36 INFO  Test final outcome:  SKIPPED
15:00:36 INFO  Test outcome reason: Apama plugin tests are disabled by default. Execute `pysys run` with `-XmyPlatform=container` to run these tests
15:00:36 INFO  
</system-out>
	</testcase>
<testcase classname="ApamaPluginRemoveTest" name="SoftwareManagement.Plugin.apama_plugin_remove" />
<testcase classname="ApamaPluginRemoveTest" name="SoftwareManagement.Plugin.apama_plugin_remove" />
</testsuite><testsuite name="SoftwareManagement.Plugin.apama_plugin_update" tests="3" errors="0" failures="2" skipped="1" time="0"><testcase classname="ApamaPluginUpdateTest" name="SoftwareManagement.Plugin.apama_plugin_update">
		<skipped message="SKIPPED: Apama plugin tests are disabled by default. Execute `pysys run` with `-XmyPlatform=container` to run these tests" />
		<system-out>15:00:36 INFO  ==============================================================
15:00:36 INFO  Id:    SoftwareManagement.Plugin.apama_plugin_update
15:00:36 INFO  Dir:   plugin_apama/
15:00:36 INFO  Title: Validate apama plugin updating one project with another
15:00:36 INFO  ==============================================================
15:00:36 INFO  Apama plugin tests are disabled by default. Execute `pysys run` with `-XmyPlatform=container` to run these tests ... skipped
15:00:36 WARN  Aborted test due to SKIPPED outcome
15:00:36 INFO  
15:00:36 INFO  Test duration: 0.05 secs
15:00:36 INFO  Test final outcome:  SKIPPED
15:00:36 INFO  Test outcome reason: Apama plugin tests are disabled by default. Execute `pysys run` with `-XmyPlatform=container` to run these tests
15:00:36 INFO  
</system-out>
	</testcase>
<testcase classname="ApamaPluginUpdateTest" name="SoftwareManagement.Plugin.apama_plugin_update">
		<failure message="BLOCKED: sudo&lt;plugin_install&gt; returned non-zero exit code 2" type="BLOCKED" />
		<system-out>15:50:53 INFO  ==============================================================
15:50:53 INFO  Id:    SoftwareManagement.Plugin.apama_plugin_update
15:50:53 INFO  Dir:   plugin_apama/
15:50:53 INFO  Title: Validate apama plugin updating one project with another
15:50:53 INFO  ==============================================================
15:50:53 INFO  Assertion that path exists=False for "/etc/tedge/apama/project" ... passed
15:50:53 INFO  Executed sudo&lt;create_project_dir&gt;, exit status 0
15:50:54 INFO  Executed sudo&lt;unzip_apama_project&gt;, exit status 0
15:50:54 INFO  Executed sudo&lt;move_apama_project&gt;, exit status 0
15:50:55 INFO  Executed sudo&lt;restart_apama_service&gt;, exit status 0
15:50:56 INFO  Executed sudo&lt;apama_correlator_wait&gt;, exit status 0
15:50:56 INFO  Assertion that path exists=True for "/etc/tedge/apama/project" ... passed
15:50:57 INFO  Executed sudo&lt;apama_list_monitors&gt;, exit status 0
15:50:57 INFO  Grep on file /home/pi/actions-runner/_work/thin-edge.io/thin-edge.io/tests/PySys/plugin_apama/apama_plugin_update/Output/linux/apama_list_monitors.out ... passed
15:50:57 WARN  Executed sudo&lt;plugin_install&gt;, exit status 2
15:50:57 INFO  Contents of plugin_install.err: 
  ERROR: Directory not empty (os error 39)
  -----

15:50:58 WARN  sudo&lt;plugin_install&gt; returned non-zero exit code 2 ... blocked [run.py:35]
15:50:58 WARN  Aborted test due to BLOCKED outcome
15:50:58 INFO  
15:50:58 INFO  cleanup:
15:50:58 INFO  Removing apama project
15:51:13 INFO  Executed sudo&lt;stop_apama_service&gt;, exit status 0, duration 15 secs
15:51:13 INFO  Executed sudo&lt;remove_apama_project&gt;, exit status 0
15:51:14 INFO  Executed sudo&lt;remove_apama_tmp_dir&gt;, exit status 0
15:51:14 INFO  
15:51:14 INFO  Test duration: 21.04 secs
15:51:14 INFO  Test final outcome:  BLOCKED
15:51:14 INFO  Test outcome reason: sudo&lt;plugin_install&gt; returned non-zero exit code 2
15:51:14 INFO  
</system-out>
	</testcase>
<testcase classname="ApamaPluginUpdateTest" name="SoftwareManagement.Plugin.apama_plugin_update">
		<failure message="BLOCKED: sudo&lt;plugin_install&gt; returned non-zero exit code 2" type="BLOCKED" />
		<system-out>15:56:36 INFO  ==============================================================
15:56:36 INFO  Id:    SoftwareManagement.Plugin.apama_plugin_update
15:56:36 INFO  Dir:   plugin_apama/
15:56:36 INFO  Title: Validate apama plugin updating one project with another
15:56:36 INFO  ==============================================================
15:56:36 INFO  Assertion that path exists=False for "/etc/tedge/apama/project" ... passed
15:56:36 INFO  Executed sudo&lt;create_project_dir&gt;, exit status 0
15:56:37 INFO  Executed sudo&lt;unzip_apama_project&gt;, exit status 0
15:56:37 INFO  Executed sudo&lt;move_apama_project&gt;, exit status 0
15:56:38 INFO  Executed sudo&lt;restart_apama_service&gt;, exit status 0
15:56:39 INFO  Executed sudo&lt;apama_correlator_wait&gt;, exit status 0
15:56:39 INFO  Assertion that path exists=True for "/etc/tedge/apama/project" ... passed
15:56:40 INFO  Executed sudo&lt;apama_list_monitors&gt;, exit status 0
15:56:40 INFO  Grep on file /home/pi/actions-runner/_work/thin-edge.io/thin-edge.io/tests/PySys/plugin_apama/apama_plugin_update/Output/linux/apama_list_monitors.out ... passed
15:56:40 WARN  Executed sudo&lt;plugin_install&gt;, exit status 2
15:56:40 INFO  Contents of plugin_install.err: 
  ERROR: Directory not empty (os error 39)
  -----

15:56:40 WARN  sudo&lt;plugin_install&gt; returned non-zero exit code 2 ... blocked [run.py:35]
15:56:40 WARN  Aborted test due to BLOCKED outcome
15:56:40 INFO  
15:56:40 INFO  cleanup:
15:56:40 INFO  Removing apama project
15:56:56 INFO  Executed sudo&lt;stop_apama_service&gt;, exit status 0, duration 15 secs
15:56:56 INFO  Executed sudo&lt;remove_apama_project&gt;, exit status 0
15:56:57 INFO  Executed sudo&lt;remove_apama_tmp_dir&gt;, exit status 0
15:56:57 INFO  
15:56:57 INFO  Test duration: 21.22 secs
15:56:57 INFO  Test final outcome:  BLOCKED
15:56:57 INFO  Test outcome reason: sudo&lt;plugin_install&gt; returned non-zero exit code 2
15:56:57 INFO  
</system-out>
	</testcase>
</testsuite><testsuite name="SoftwareManagement.sm_apt_install_download_path" tests="3" errors="0" failures="2" skipped="1" time="0"><testcase classname="AptInstallWithDownloadPath" name="SoftwareManagement.sm_apt_install_download_path">
		<skipped message="SKIPPED: Testing the apt plugin is not supported on this platform.Use parameter -XmyPlatform='container' to enable it" />
		<system-out>15:10:11 INFO  ==============================================================
15:10:11 INFO  Id:    SoftwareManagement.sm_apt_install_download_path
15:10:11 INFO  Dir:   software_management_end_to_end/
15:10:11 INFO  Title: Install package to directory specified in tedge config set tmp.path
15:10:11 INFO  ==============================================================
15:10:11 INFO  Testing the apt plugin is not supported on this platform.Use parameter -XmyPlatform='container' to enable it ... skipped
15:10:11 WARN  Aborted test due to SKIPPED outcome
15:10:11 INFO  
15:10:11 INFO  Test duration: 0.06 secs
15:10:11 INFO  Test final outcome:  SKIPPED
15:10:11 INFO  Test outcome reason: Testing the apt plugin is not supported on this platform.Use parameter -XmyPlatform='container' to enable it
15:10:11 INFO  
</system-out>
	</testcase>
<testcase classname="AptInstallWithDownloadPath" name="SoftwareManagement.sm_apt_install_download_path">
		<failure message="BLOCKED: AssertionError:" type="BLOCKED" />
		<system-out>15:33:02 INFO  ==============================================================
15:33:02 INFO  Id:    SoftwareManagement.sm_apt_install_download_path
15:33:02 INFO  Dir:   software_management_end_to_end/
15:33:02 INFO  Title: Install package to directory specified in tedge config set tmp.path
15:33:02 INFO  ==============================================================
15:33:03 INFO  Using sw id database: {'asciijump': '5475369', 'robotfindskitten': '5474869', 'squirrel3': '5475279', 'rolldice': '5152439', 'moon-buggy': '5439204', 'apple': '5495053', 'banana': '5494888', 'cherry': '5495382', 'watermelon': '5494510', 'registry': '8018911', 'hello-world': '8021526', 'docker/getting-started': '8021973', 'alpine': '7991792'}
15:33:03 INFO  EnvironmentC8y Setup
15:33:03 INFO  Executed systemctl&lt;serv_mapper1&gt;, exit status 3
15:33:17 INFO  Executed sudo&lt;tedge_connect_c8y&gt;, exit status 0, duration 14 secs
15:33:19 INFO  Executed sudo&lt;tedge_connect_c8y_test&gt;, exit status 0
15:33:20 INFO  Executed systemctl&lt;serv_mosq2&gt;, exit status 0
15:33:21 INFO  Executed systemctl&lt;serv_mapper3&gt;, exit status 0
15:33:23 INFO  State of current operation: SUCCESSFUL
15:33:23 INFO  Assert that (False == value) with value=False ... passed
15:33:24 INFO  Executed sudo, exit status 0
15:33:24 INFO  Executed sudo, exit status 0
15:33:25 INFO  Executed sudo, exit status 0
15:33:29 INFO  Executed sudo&lt;tedge_disconnect_c8y&gt;, exit status 0
15:33:29 INFO  Restarting mosquitto too frequently in the last 10 seconds. It was only up for 3 seconds
15:33:29 INFO  Delaying execution by 8 seconds
15:33:51 INFO  Executed sudo&lt;tedge_connect_c8y&gt;, exit status 0, duration 13 secs
15:33:51 INFO  Response status: 201
15:33:51 INFO  Response to action: {
    "delivery": {
        "time": "2022-05-13T15:33:51.821Z",
        "log": [],
        "status": "PENDING"
    },
    "creationTime": "2022-05-13T15:33:51.808Z",
    "deviceId": "19034630",
    "deviceName": "m32sd10d",
    "self": "https://t493319102.eu-latest.cumulocity.com/devicecontrol/operations/19053069",
    "id": "19053069",
    "status": "PENDING",
    "description": "Apply software changes, triggered from PySys: [{'name': 'rolldice', 'id': '5152439', 'version': '::apt', 'url': 'https://thin-edge-io.eu-latest.cumulocity.com/inventory/binaries/12435463', 'action': 'install'}]",
    "c8y_SoftwareUpdate": [
        {
            "name": "rolldice",
            "action": "install",
            "id": "5152439",
            "version": "::apt",
            "url": "https://thin-edge-io.eu-latest.cumulocity.com/inventory/binaries/12435463"
        }
    ]
}
15:33:51 INFO  Started operation: {'delivery': {'time': '2022-05-13T15:33:51.821Z', 'log': [], 'status': 'PENDING'}, 'creationTime': '2022-05-13T15:33:51.808Z', 'deviceId': '19034630', 'deviceName': 'm32sd10d', 'self': 'https://t493319102.eu-latest.cumulocity.com/devicecontrol/operations/19053069', 'id': '19053069', 'status': 'PENDING', 'description': "Apply software changes, triggered from PySys: [{'name': 'rolldice', 'id': '5152439', 'version': '::apt', 'url': 'https://thin-edge-io.eu-latest.cumulocity.com/inventory/binaries/12435463', 'action': 'install'}]", 'c8y_SoftwareUpdate': [{'name': 'rolldice', 'action': 'install', 'id': '5152439', 'version': '::apt', 'url': 'https://thin-edge-io.eu-latest.cumulocity.com/inventory/binaries/12435463'}]}
15:33:51 WARN  , retrying in 0.5 seconds...
15:33:52 WARN  , retrying in 0.5 seconds...
15:33:52 WARN  , retrying in 0.5 seconds...
15:33:53 WARN  , retrying in 0.5 seconds...
15:33:53 WARN  , retrying in 0.5 seconds...
15:33:54 WARN  , retrying in 0.5 seconds...
15:33:54 WARN  , retrying in 0.5 seconds...
15:33:55 WARN  , retrying in 0.5 seconds...
15:33:55 WARN  , retrying in 0.5 seconds...
15:33:56 WARN  AssertionError occurred while running test - 
Traceback (most recent call last):
  File "/home/pi/env-pysys/lib/python3.7/site-packages/pysys/baserunner.py", line 1294, in __call__
    self.testObj.execute()
  File "/home/pi/actions-runner/_work/thin-edge.io/thin-edge.io/tests/PySys/software_management_end_to_end/sm_apt_install_download_path/run.py", line 83, in execute
    assert_install_in_download_path(install_directory=self.DOWNLOAD_DIR)
  File "/home/pi/env-pysys/lib/python3.7/site-packages/decorator.py", line 232, in fun
    return caller(func, *(extras + args), **kw)
  File "/home/pi/env-pysys/lib/python3.7/site-packages/retry/api.py", line 74, in retry_decorator
    logger)
  File "/home/pi/env-pysys/lib/python3.7/site-packages/retry/api.py", line 33, in __retry_internal
    return f()
  File "/home/pi/actions-runner/_work/thin-edge.io/thin-edge.io/tests/PySys/software_management_end_to_end/sm_apt_install_download_path/run.py", line 28, in assert_install_in_download_path
    assert "rolldice" in os.listdir(f"{install_directory}")
AssertionError
15:33:57 WARN  AssertionError: ... blocked 
15:33:57 INFO  
15:33:57 INFO  cleanup:
15:33:57 INFO  Executed sudo, exit status 0
15:33:58 INFO  Executed sudo, exit status 0
15:34:02 INFO  Executed sudo&lt;tedge_disconnect_c8y&gt;, exit status 0
15:34:02 INFO  Restarting mosquitto too frequently in the last 10 seconds. It was only up for 4 seconds
15:34:02 INFO  Delaying execution by 7 seconds
15:34:23 INFO  Executed sudo&lt;tedge_connect_c8y&gt;, exit status 0, duration 13 secs
15:34:27 INFO  Executed sudo&lt;tedge_disconnect_c8y&gt;, exit status 0
15:34:28 INFO  Executed systemctl&lt;serv_mapper5&gt;, exit status 3
15:34:28 INFO  
15:34:28 INFO  Test duration: 85.23 secs
15:34:28 INFO  Test final outcome:  BLOCKED
15:34:28 INFO  Test outcome reason: AssertionError:
15:34:28 INFO  
</system-out>
	</testcase>
<testcase classname="AptInstallWithDownloadPath" name="SoftwareManagement.sm_apt_install_download_path">
		<failure message="BLOCKED: AssertionError:" type="BLOCKED" />
		<system-out>15:56:57 INFO  ==============================================================
15:56:57 INFO  Id:    SoftwareManagement.sm_apt_install_download_path
15:56:57 INFO  Dir:   software_management_end_to_end/
15:56:57 INFO  Title: Install package to directory specified in tedge config set tmp.path
15:56:57 INFO  ==============================================================
15:56:58 INFO  Using sw id database: {'asciijump': '5475369', 'robotfindskitten': '5474869', 'squirrel3': '5475279', 'rolldice': '5152439', 'moon-buggy': '5439204', 'apple': '5495053', 'banana': '5494888', 'cherry': '5495382', 'watermelon': '5494510', 'registry': '8018911', 'hello-world': '8021526', 'docker/getting-started': '8021973', 'alpine': '7991792'}
15:56:58 INFO  EnvironmentC8y Setup
15:56:59 INFO  Executed systemctl&lt;serv_mapper1&gt;, exit status 3
15:57:13 INFO  Executed sudo&lt;tedge_connect_c8y&gt;, exit status 0, duration 13 secs
15:57:13 INFO  Executed sudo&lt;tedge_connect_c8y_test&gt;, exit status 0
15:57:14 INFO  Executed systemctl&lt;serv_mosq2&gt;, exit status 0
15:57:14 INFO  Executed systemctl&lt;serv_mapper3&gt;, exit status 0
15:57:16 INFO  State of current operation: FAILED
15:57:17 INFO  Assert that (False == value) with value=False ... passed
15:57:17 INFO  Executed sudo, exit status 0
15:57:18 INFO  Executed sudo, exit status 0
15:57:18 INFO  Executed sudo, exit status 0
15:57:22 INFO  Executed sudo&lt;tedge_disconnect_c8y&gt;, exit status 0
15:57:22 INFO  Restarting mosquitto too frequently in the last 10 seconds. It was only up for 3 seconds
15:57:22 INFO  Delaying execution by 8 seconds
15:57:44 INFO  Executed sudo&lt;tedge_connect_c8y&gt;, exit status 0, duration 13 secs
15:57:44 INFO  Response status: 201
15:57:44 INFO  Response to action: {
    "creationTime": "2022-05-13T15:57:44.688Z",
    "deviceId": "19034630",
    "deviceName": "m32sd10d",
    "self": "https://t493319102.eu-latest.cumulocity.com/devicecontrol/operations/19054251",
    "id": "19054251",
    "status": "PENDING",
    "description": "Apply software changes, triggered from PySys: [{'name': 'rolldice', 'id': '5152439', 'version': '::apt', 'url': 'https://thin-edge-io.eu-latest.cumulocity.com/inventory/binaries/12435463', 'action': 'install'}]",
    "c8y_SoftwareUpdate": [
        {
            "name": "rolldice",
            "action": "install",
            "id": "5152439",
            "version": "::apt",
            "url": "https://thin-edge-io.eu-latest.cumulocity.com/inventory/binaries/12435463"
        }
    ]
}
15:57:44 INFO  Started operation: {'creationTime': '2022-05-13T15:57:44.688Z', 'deviceId': '19034630', 'deviceName': 'm32sd10d', 'self': 'https://t493319102.eu-latest.cumulocity.com/devicecontrol/operations/19054251', 'id': '19054251', 'status': 'PENDING', 'description': "Apply software changes, triggered from PySys: [{'name': 'rolldice', 'id': '5152439', 'version': '::apt', 'url': 'https://thin-edge-io.eu-latest.cumulocity.com/inventory/binaries/12435463', 'action': 'install'}]", 'c8y_SoftwareUpdate': [{'name': 'rolldice', 'action': 'install', 'id': '5152439', 'version': '::apt', 'url': 'https://thin-edge-io.eu-latest.cumulocity.com/inventory/binaries/12435463'}]}
15:57:44 WARN  , retrying in 0.5 seconds...
15:57:45 WARN  , retrying in 0.5 seconds...
15:57:45 WARN  , retrying in 0.5 seconds...
15:57:46 WARN  , retrying in 0.5 seconds...
15:57:46 WARN  , retrying in 0.5 seconds...
15:57:47 WARN  , retrying in 0.5 seconds...
15:57:47 WARN  , retrying in 0.5 seconds...
15:57:48 WARN  , retrying in 0.5 seconds...
15:57:48 WARN  , retrying in 0.5 seconds...
15:57:49 WARN  AssertionError occurred while running test - 
Traceback (most recent call last):
  File "/home/pi/env-pysys/lib/python3.7/site-packages/pysys/baserunner.py", line 1294, in __call__
    self.testObj.execute()
  File "/home/pi/actions-runner/_work/thin-edge.io/thin-edge.io/tests/PySys/software_management_end_to_end/sm_apt_install_download_path/run.py", line 83, in execute
    assert_install_in_download_path(install_directory=self.DOWNLOAD_DIR)
  File "/home/pi/env-pysys/lib/python3.7/site-packages/decorator.py", line 232, in fun
    return caller(func, *(extras + args), **kw)
  File "/home/pi/env-pysys/lib/python3.7/site-packages/retry/api.py", line 74, in retry_decorator
    logger)
  File "/home/pi/env-pysys/lib/python3.7/site-packages/retry/api.py", line 33, in __retry_internal
    return f()
  File "/home/pi/actions-runner/_work/thin-edge.io/thin-edge.io/tests/PySys/software_management_end_to_end/sm_apt_install_download_path/run.py", line 28, in assert_install_in_download_path
    assert "rolldice" in os.listdir(f"{install_directory}")
AssertionError
15:57:49 WARN  AssertionError: ... blocked 
15:57:49 INFO  
15:57:49 INFO  cleanup:
15:57:49 INFO  Executed sudo, exit status 0
15:57:50 INFO  Executed sudo, exit status 0
15:57:54 INFO  Executed sudo&lt;tedge_disconnect_c8y&gt;, exit status 0
15:57:54 INFO  Restarting mosquitto too frequently in the last 10 seconds. It was only up for 3 seconds
15:57:54 INFO  Delaying execution by 8 seconds
15:58:16 INFO  Executed sudo&lt;tedge_connect_c8y&gt;, exit status 0, duration 13 secs
15:58:21 INFO  Executed sudo&lt;tedge_disconnect_c8y&gt;, exit status 0
15:58:21 INFO  Executed systemctl&lt;serv_mapper5&gt;, exit status 3
15:58:21 INFO  
15:58:21 INFO  Test duration: 84.23 secs
15:58:21 INFO  Test final outcome:  BLOCKED
15:58:21 INFO  Test outcome reason: AssertionError:
15:58:21 INFO  
</system-out>
	</testcase>
</testsuite><testsuite name="SoftwareManagement.sm_apt_install_fail" tests="3" errors="0" failures="0" skipped="1" time="0"><testcase classname="PySysTest" name="SoftwareManagement.sm_apt_install_fail">
		<skipped message="SKIPPED: Testing the apt plugin is not supported on this platform.Use parameter -XmyPlatform='container' to enable it" />
		<system-out>15:10:11 INFO  ==============================================================
15:10:11 INFO  Id:    SoftwareManagement.sm_apt_install_fail
15:10:11 INFO  Dir:   software_management_end_to_end/
15:10:11 INFO  Title: Validate end to end behaviour for a failing installation
15:10:11 INFO  ==============================================================
15:10:11 INFO  Testing the apt plugin is not supported on this platform.Use parameter -XmyPlatform='container' to enable it ... skipped
15:10:11 WARN  Aborted test due to SKIPPED outcome
15:10:11 INFO  
15:10:11 INFO  Test duration: 0.02 secs
15:10:11 INFO  Test final outcome:  SKIPPED
15:10:11 INFO  Test outcome reason: Testing the apt plugin is not supported on this platform.Use parameter -XmyPlatform='container' to enable it
15:10:11 INFO  
</system-out>
	</testcase>
<testcase classname="PySysTest" name="SoftwareManagement.sm_apt_install_fail" />
<testcase classname="PySysTest" name="SoftwareManagement.sm_apt_install_fail" />
</testsuite><testsuite name="SoftwareManagement.sm_apt_install_remove" tests="3" errors="0" failures="0" skipped="1" time="0"><testcase classname="PySysTest" name="SoftwareManagement.sm_apt_install_remove">
		<skipped message="SKIPPED: Testing the apt plugin is not supported on this platform.Use parameter -XmyPlatform='container' to enable it" />
		<system-out>15:10:11 INFO  ==============================================================
15:10:11 INFO  Id:    SoftwareManagement.sm_apt_install_remove
15:10:11 INFO  Dir:   software_management_end_to_end/
15:10:11 INFO  Title: Validate end to end behaviour for the apt plugin for installation and removal of packages
15:10:11 INFO  ==============================================================
15:10:11 INFO  Testing the apt plugin is not supported on this platform.Use parameter -XmyPlatform='container' to enable it ... skipped
15:10:11 WARN  Aborted test due to SKIPPED outcome
15:10:11 INFO  
15:10:11 INFO  Test duration: 0.03 secs
15:10:11 INFO  Test final outcome:  SKIPPED
15:10:11 INFO  Test outcome reason: Testing the apt plugin is not supported on this platform.Use parameter -XmyPlatform='container' to enable it
15:10:11 INFO  
</system-out>
	</testcase>
<testcase classname="PySysTest" name="SoftwareManagement.sm_apt_install_remove" />
<testcase classname="PySysTest" name="SoftwareManagement.sm_apt_install_remove" />
</testsuite><testsuite name="SoftwareManagement.sm_apt_install_remove_default" tests="3" errors="0" failures="0" skipped="1" time="0"><testcase classname="PySysTest" name="SoftwareManagement.sm_apt_install_remove_default">
		<skipped message="SKIPPED: Testing the apt plugin is not supported on this platform.Use parameter -XmyPlatform='container' to enable it" />
		<system-out>15:10:11 INFO  ==============================================================
15:10:11 INFO  Id:    SoftwareManagement.sm_apt_install_remove_default
15:10:11 INFO  Dir:   software_management_end_to_end/
15:10:11 INFO  Title: Validate end to end behaviour for the default plugin for installation and removal of packages
15:10:11 INFO  ==============================================================
15:10:11 INFO  Testing the apt plugin is not supported on this platform.Use parameter -XmyPlatform='container' to enable it ... skipped
15:10:11 WARN  Aborted test due to SKIPPED outcome
15:10:11 INFO  
15:10:11 INFO  Test duration: 0.02 secs
15:10:11 INFO  Test final outcome:  SKIPPED
15:10:11 INFO  Test outcome reason: Testing the apt plugin is not supported on this platform.Use parameter -XmyPlatform='container' to enable it
15:10:11 INFO  
</system-out>
	</testcase>
<testcase classname="PySysTest" name="SoftwareManagement.sm_apt_install_remove_default" />
<testcase classname="PySysTest" name="SoftwareManagement.sm_apt_install_remove_default" />
</testsuite><testsuite name="SoftwareManagement.sm_apt_install_remove_multiple" tests="3" errors="0" failures="2" skipped="1" time="0"><testcase classname="PySysTest" name="SoftwareManagement.sm_apt_install_remove_multiple">
		<skipped message="SKIPPED: Testing the apt plugin is not supported on this platform.Use parameter -XmyPlatform='container' to enable it" />
		<system-out>15:10:11 INFO  ==============================================================
15:10:11 INFO  Id:    SoftwareManagement.sm_apt_install_remove_multiple
15:10:11 INFO  Dir:   software_management_end_to_end/
15:10:11 INFO  Title: Validate end to end behaviour for the apt plugin for multiple packages
15:10:11 INFO  ==============================================================
15:10:11 INFO  Testing the apt plugin is not supported on this platform.Use parameter -XmyPlatform='container' to enable it ... skipped
15:10:11 WARN  Aborted test due to SKIPPED outcome
15:10:11 INFO  
15:10:11 INFO  Test duration: 0.02 secs
15:10:11 INFO  Test final outcome:  SKIPPED
15:10:11 INFO  Test outcome reason: Testing the apt plugin is not supported on this platform.Use parameter -XmyPlatform='container' to enable it
15:10:11 INFO  
</system-out>
	</testcase>
<testcase classname="PySysTest" name="SoftwareManagement.sm_apt_install_remove_multiple">
		<failure message="FAILED: Assert that (False == value) with value=True" type="FAILED" />
		<system-out>15:41:11 INFO  ==============================================================
15:41:11 INFO  Id:    SoftwareManagement.sm_apt_install_remove_multiple
15:41:11 INFO  Dir:   software_management_end_to_end/
15:41:11 INFO  Title: Validate end to end behaviour for the apt plugin for multiple packages
15:41:11 INFO  ==============================================================
15:41:11 INFO  Using sw id database: {'asciijump': '5475369', 'robotfindskitten': '5474869', 'squirrel3': '5475279', 'rolldice': '5152439', 'moon-buggy': '5439204', 'apple': '5495053', 'banana': '5494888', 'cherry': '5495382', 'watermelon': '5494510', 'registry': '8018911', 'hello-world': '8021526', 'docker/getting-started': '8021973', 'alpine': '7991792'}
15:41:11 INFO  EnvironmentC8y Setup
15:41:11 INFO  Executed systemctl&lt;serv_mapper1&gt;, exit status 3
15:41:11 INFO  Restarting mosquitto too frequently in the last 10 seconds. It was only up for 4 seconds
15:41:11 INFO  Delaying execution by 7 seconds
15:41:32 INFO  Executed sudo&lt;tedge_connect_c8y&gt;, exit status 0, duration 13 secs
15:41:33 INFO  Executed sudo&lt;tedge_connect_c8y_test&gt;, exit status 0
15:41:34 INFO  Executed systemctl&lt;serv_mosq2&gt;, exit status 0
15:41:34 INFO  Executed systemctl&lt;serv_mapper3&gt;, exit status 0
15:41:36 INFO  State of current operation: SUCCESSFUL
15:41:36 INFO  Assert that (False == value) with value=False ... passed
15:41:37 INFO  Assert that (False == value) with value=False ... passed
15:41:37 INFO  Assert that (False == value) with value=False ... passed
15:41:37 INFO  Package robotfindskitten is installed
15:41:37 WARN  Assert that (False == value) with value=True ... failed 
15:41:37 INFO  Response status: 201
15:41:37 INFO  Response to action: {
    "creationTime": "2022-05-13T15:41:37.824Z",
    "deviceId": "19034630",
    "deviceName": "m32sd10d",
    "self": "https://t493319102.eu-latest.cumulocity.com/devicecontrol/operations/19054149",
    "id": "19054149",
    "status": "PENDING",
    "description": "Apply software changes, triggered from PySys: [{'action': 'install', 'id': '5475369', 'name': 'asciijump', 'url': ' ', 'version': '::apt'}, {'action': 'install', 'id': '5474869', 'name': 'robotfindskitten', 'url': ' ', 'version': '::apt'}, {'action': 'install', 'id': '5475279', 'name': 'squirrel3', 'url': ' ', 'version': '::apt'}]",
    "c8y_SoftwareUpdate": [
        {
            "name": "asciijump",
            "action": "install",
            "id": "5475369",
            "version": "::apt",
            "url": " "
        },
        {
            "name": "robotfindskitten",
            "action": "install",
            "id": "5474869",
            "version": "::apt",
            "url": " "
        },
        {
            "name": "squirrel3",
            "action": "install",
            "id": "5475279",
            "version": "::apt",
            "url": " "
        }
    ]
}
15:41:37 INFO  Started operation: {'creationTime': '2022-05-13T15:41:37.824Z', 'deviceId': '19034630', 'deviceName': 'm32sd10d', 'self': 'https://t493319102.eu-latest.cumulocity.com/devicecontrol/operations/19054149', 'id': '19054149', 'status': 'PENDING', 'description': "Apply software changes, triggered from PySys: [{'action': 'install', 'id': '5475369', 'name': 'asciijump', 'url': ' ', 'version': '::apt'}, {'action': 'install', 'id': '5474869', 'name': 'robotfindskitten', 'url': ' ', 'version': '::apt'}, {'action': 'install', 'id': '5475279', 'name': 'squirrel3', 'url': ' ', 'version': '::apt'}]", 'c8y_SoftwareUpdate': [{'name': 'asciijump', 'action': 'install', 'id': '5475369', 'version': '::apt', 'url': ' '}, {'name': 'robotfindskitten', 'action': 'install', 'id': '5474869', 'version': '::apt', 'url': ' '}, {'name': 'squirrel3', 'action': 'install', 'id': '5475279', 'version': '::apt', 'url': ' '}]}
15:41:40 INFO  State of operation 19054149 : PENDING
15:41:42 INFO  State of operation 19054149 : EXECUTING
15:41:44 INFO  State of operation 19054149 : EXECUTING
15:41:46 INFO  State of operation 19054149 : EXECUTING
15:41:48 INFO  State of operation 19054149 : EXECUTING
15:41:51 INFO  State of operation 19054149 : EXECUTING
15:41:53 INFO  State of operation 19054149 : EXECUTING
15:41:56 INFO  State of operation 19054149 : EXECUTING
15:41:59 INFO  State of operation 19054149 : EXECUTING
15:42:01 INFO  State of operation 19054149 : EXECUTING
15:42:03 INFO  State of operation 19054149 : EXECUTING
15:42:05 INFO  State of operation 19054149 : EXECUTING
15:42:08 INFO  State of operation 19054149 : EXECUTING
15:42:10 INFO  State of operation 19054149 : EXECUTING
15:42:12 INFO  State of operation 19054149 : EXECUTING
15:42:14 INFO  State of operation 19054149 : EXECUTING
15:42:17 INFO  State of operation 19054149 : EXECUTING
15:42:20 INFO  State of operation 19054149 : EXECUTING
15:42:22 INFO  State of operation 19054149 : EXECUTING
15:42:24 INFO  State of operation 19054149 : EXECUTING
15:42:26 INFO  State of operation 19054149 : EXECUTING
15:42:29 INFO  State of operation 19054149 : EXECUTING
15:42:31 INFO  State of operation 19054149 : EXECUTING
15:42:34 INFO  State of operation 19054149 : EXECUTING
15:42:36 INFO  State of operation 19054149 : EXECUTING
15:42:39 INFO  State of operation 19054149 : EXECUTING
15:42:41 INFO  State of operation 19054149 : EXECUTING
15:42:43 INFO  State of operation 19054149 : EXECUTING
15:42:45 INFO  State of operation 19054149 : EXECUTING
15:42:48 INFO  State of operation 19054149 : EXECUTING
15:42:50 INFO  State of operation 19054149 : EXECUTING
15:42:52 INFO  State of operation 19054149 : EXECUTING
15:42:55 INFO  State of operation 19054149 : EXECUTING
15:42:57 INFO  State of operation 19054149 : EXECUTING
15:42:59 INFO  State of operation 19054149 : SUCCESSFUL
15:42:59 INFO  Assert that (False == value) with value=False ... passed
15:42:59 INFO  Package asciijump is installed
15:42:59 INFO  Assert that (True == value) with value=True ... passed
15:43:00 INFO  Package squirrel3 is installed
15:43:00 INFO  Assert that (True == value) with value=True ... passed
15:43:00 INFO  Package robotfindskitten is installed
15:43:00 INFO  Assert that (True == value) with value=True ... passed
15:43:00 INFO  Response status: 201
15:43:00 INFO  Response to action: {
    "creationTime": "2022-05-13T15:43:00.565Z",
    "deviceId": "19034630",
    "deviceName": "m32sd10d",
    "self": "https://t493319102.eu-latest.cumulocity.com/devicecontrol/operations/19054157",
    "id": "19054157",
    "status": "PENDING",
    "description": "Apply software changes, triggered from PySys: [{'action': 'delete', 'id': '5475369', 'name': 'asciijump', 'url': ' ', 'version': '::apt'}, {'action': 'delete', 'id': '5474869', 'name': 'robotfindskitten', 'url': ' ', 'version': '::apt'}, {'action': 'delete', 'id': '5475279', 'name': 'squirrel3', 'url': ' ', 'version': '::apt'}]",
    "c8y_SoftwareUpdate": [
        {
            "name": "asciijump",
            "action": "delete",
            "id": "5475369",
            "version": "::apt",
            "url": " "
        },
        {
            "name": "robotfindskitten",
            "action": "delete",
            "id": "5474869",
            "version": "::apt",
            "url": " "
        },
        {
            "name": "squirrel3",
            "action": "delete",
            "id": "5475279",
            "version": "::apt",
            "url": " "
        }
    ]
}
15:43:00 INFO  Started operation: {'creationTime': '2022-05-13T15:43:00.565Z', 'deviceId': '19034630', 'deviceName': 'm32sd10d', 'self': 'https://t493319102.eu-latest.cumulocity.com/devicecontrol/operations/19054157', 'id': '19054157', 'status': 'PENDING', 'description': "Apply software changes, triggered from PySys: [{'action': 'delete', 'id': '5475369', 'name': 'asciijump', 'url': ' ', 'version': '::apt'}, {'action': 'delete', 'id': '5474869', 'name': 'robotfindskitten', 'url': ' ', 'version': '::apt'}, {'action': 'delete', 'id': '5475279', 'name': 'squirrel3', 'url': ' ', 'version': '::apt'}]", 'c8y_SoftwareUpdate': [{'name': 'asciijump', 'action': 'delete', 'id': '5475369', 'version': '::apt', 'url': ' '}, {'name': 'robotfindskitten', 'action': 'delete', 'id': '5474869', 'version': '::apt', 'url': ' '}, {'name': 'squirrel3', 'action': 'delete', 'id': '5475279', 'version': '::apt', 'url': ' '}]}
15:43:02 INFO  State of operation 19054157 : PENDING
15:43:05 INFO  State of operation 19054157 : EXECUTING
15:43:07 INFO  State of operation 19054157 : EXECUTING
15:43:09 INFO  State of operation 19054157 : EXECUTING
15:43:11 INFO  State of operation 19054157 : EXECUTING
15:43:13 INFO  State of operation 19054157 : EXECUTING
15:43:16 INFO  State of operation 19054157 : EXECUTING
15:43:19 INFO  State of operation 19054157 : EXECUTING
15:43:22 INFO  State of operation 19054157 : EXECUTING
15:43:24 INFO  State of operation 19054157 : EXECUTING
15:43:26 INFO  State of operation 19054157 : EXECUTING
15:43:28 INFO  State of operation 19054157 : EXECUTING
15:43:30 INFO  State of operation 19054157 : EXECUTING
15:43:33 INFO  State of operation 19054157 : EXECUTING
15:43:35 INFO  State of operation 19054157 : EXECUTING
15:43:38 INFO  State of operation 19054157 : EXECUTING
15:43:40 INFO  State of operation 19054157 : EXECUTING
15:43:43 INFO  State of operation 19054157 : EXECUTING
15:43:45 INFO  State of operation 19054157 : EXECUTING
15:43:47 INFO  State of operation 19054157 : EXECUTING
15:43:50 INFO  State of operation 19054157 : EXECUTING
15:43:52 INFO  State of operation 19054157 : EXECUTING
15:43:54 INFO  State of operation 19054157 : EXECUTING
15:43:57 INFO  State of operation 19054157 : EXECUTING
15:43:59 INFO  State of operation 19054157 : EXECUTING
15:44:01 INFO  State of operation 19054157 : EXECUTING
15:44:04 INFO  State of operation 19054157 : EXECUTING
15:44:06 INFO  State of operation 19054157 : SUCCESSFUL
15:44:06 INFO  Assert that (False == value) with value=False ... passed
15:44:06 INFO  Assert that (False == value) with value=False ... passed
15:44:06 INFO  Assert that (False == value) with value=False ... passed
15:44:07 INFO  Assert that (False == value) with value=False ... passed
15:44:07 INFO  
15:44:07 INFO  cleanup:
15:44:11 INFO  Executed sudo&lt;tedge_disconnect_c8y&gt;, exit status 0
15:44:11 INFO  Executed systemctl&lt;serv_mapper5&gt;, exit status 3
15:44:11 INFO  
15:44:11 INFO  Test duration: 180.41 secs
15:44:11 INFO  Test final outcome:  FAILED
15:44:11 INFO  Test outcome reason: Assert that (False == value) with value=True
15:44:11 INFO  
</system-out>
	</testcase>
<testcase classname="PySysTest" name="SoftwareManagement.sm_apt_install_remove_multiple">
		<failure message="FAILED: Assert that (False == value) with value=True (+2 other failures)" type="FAILED" />
		<system-out>16:04:58 INFO  ==============================================================
16:04:58 INFO  Id:    SoftwareManagement.sm_apt_install_remove_multiple
16:04:58 INFO  Dir:   software_management_end_to_end/
16:04:58 INFO  Title: Validate end to end behaviour for the apt plugin for multiple packages
16:04:58 INFO  ==============================================================
16:04:58 INFO  Using sw id database: {'asciijump': '5475369', 'robotfindskitten': '5474869', 'squirrel3': '5475279', 'rolldice': '5152439', 'moon-buggy': '5439204', 'apple': '5495053', 'banana': '5494888', 'cherry': '5495382', 'watermelon': '5494510', 'registry': '8018911', 'hello-world': '8021526', 'docker/getting-started': '8021973', 'alpine': '7991792'}
16:04:58 INFO  EnvironmentC8y Setup
16:04:59 INFO  Executed systemctl&lt;serv_mapper1&gt;, exit status 3
16:04:59 INFO  Restarting mosquitto too frequently in the last 10 seconds. It was only up for 5 seconds
16:04:59 INFO  Delaying execution by 6 seconds
16:05:19 INFO  Executed sudo&lt;tedge_connect_c8y&gt;, exit status 0, duration 13 secs
16:05:19 INFO  Executed sudo&lt;tedge_connect_c8y_test&gt;, exit status 0
16:05:20 INFO  Executed systemctl&lt;serv_mosq2&gt;, exit status 0
16:05:20 INFO  Executed systemctl&lt;serv_mapper3&gt;, exit status 0
16:05:22 INFO  State of current operation: SUCCESSFUL
16:05:23 INFO  Assert that (False == value) with value=False ... passed
16:05:23 INFO  Package asciijump is installed
16:05:23 WARN  Assert that (False == value) with value=True ... failed 
16:05:23 INFO  Package squirrel3 is installed
16:05:24 WARN  Assert that (False == value) with value=True ... failed 
16:05:24 INFO  Package robotfindskitten is installed
16:05:24 WARN  Assert that (False == value) with value=True ... failed 
16:05:24 INFO  Response status: 201
16:05:24 INFO  Response to action: {
    "creationTime": "2022-05-13T16:05:24.470Z",
    "deviceId": "19034630",
    "deviceName": "m32sd10d",
    "self": "https://t493319102.eu-latest.cumulocity.com/devicecontrol/operations/19054332",
    "id": "19054332",
    "status": "PENDING",
    "description": "Apply software changes, triggered from PySys: [{'action': 'install', 'id': '5475369', 'name': 'asciijump', 'url': ' ', 'version': '::apt'}, {'action': 'install', 'id': '5474869', 'name': 'robotfindskitten', 'url': ' ', 'version': '::apt'}, {'action': 'install', 'id': '5475279', 'name': 'squirrel3', 'url': ' ', 'version': '::apt'}]",
    "c8y_SoftwareUpdate": [
        {
            "name": "asciijump",
            "action": "install",
            "id": "5475369",
            "version": "::apt",
            "url": " "
        },
        {
            "name": "robotfindskitten",
            "action": "install",
            "id": "5474869",
            "version": "::apt",
            "url": " "
        },
        {
            "name": "squirrel3",
            "action": "install",
            "id": "5475279",
            "version": "::apt",
            "url": " "
        }
    ]
}
16:05:24 INFO  Started operation: {'creationTime': '2022-05-13T16:05:24.470Z', 'deviceId': '19034630', 'deviceName': 'm32sd10d', 'self': 'https://t493319102.eu-latest.cumulocity.com/devicecontrol/operations/19054332', 'id': '19054332', 'status': 'PENDING', 'description': "Apply software changes, triggered from PySys: [{'action': 'install', 'id': '5475369', 'name': 'asciijump', 'url': ' ', 'version': '::apt'}, {'action': 'install', 'id': '5474869', 'name': 'robotfindskitten', 'url': ' ', 'version': '::apt'}, {'action': 'install', 'id': '5475279', 'name': 'squirrel3', 'url': ' ', 'version': '::apt'}]", 'c8y_SoftwareUpdate': [{'name': 'asciijump', 'action': 'install', 'id': '5475369', 'version': '::apt', 'url': ' '}, {'name': 'robotfindskitten', 'action': 'install', 'id': '5474869', 'version': '::apt', 'url': ' '}, {'name': 'squirrel3', 'action': 'install', 'id': '5475279', 'version': '::apt', 'url': ' '}]}
16:05:26 INFO  State of operation 19054332 : PENDING
16:05:28 INFO  State of operation 19054332 : EXECUTING
16:05:31 INFO  State of operation 19054332 : EXECUTING
16:05:33 INFO  State of operation 19054332 : EXECUTING
16:05:35 INFO  State of operation 19054332 : EXECUTING
16:05:37 INFO  State of operation 19054332 : EXECUTING
16:05:40 INFO  State of operation 19054332 : EXECUTING
16:05:43 INFO  State of operation 19054332 : EXECUTING
16:05:45 INFO  State of operation 19054332 : EXECUTING
16:05:48 INFO  State of operation 19054332 : EXECUTING
16:05:50 INFO  State of operation 19054332 : EXECUTING
16:05:52 INFO  State of operation 19054332 : EXECUTING
16:05:54 INFO  State of operation 19054332 : EXECUTING
16:05:57 INFO  State of operation 19054332 : EXECUTING
16:05:59 INFO  State of operation 19054332 : EXECUTING
16:06:01 INFO  State of operation 19054332 : SUCCESSFUL
16:06:01 INFO  Assert that (False == value) with value=False ... passed
16:06:02 INFO  Package asciijump is installed
16:06:02 INFO  Assert that (True == value) with value=True ... passed
16:06:02 INFO  Package squirrel3 is installed
16:06:02 INFO  Assert that (True == value) with value=True ... passed
16:06:02 INFO  Package robotfindskitten is installed
16:06:02 INFO  Assert that (True == value) with value=True ... passed
16:06:02 INFO  Response status: 201
16:06:02 INFO  Response to action: {
    "creationTime": "2022-05-13T16:06:02.889Z",
    "deviceId": "19034630",
    "deviceName": "m32sd10d",
    "self": "https://t493319102.eu-latest.cumulocity.com/devicecontrol/operations/19054350",
    "id": "19054350",
    "status": "PENDING",
    "description": "Apply software changes, triggered from PySys: [{'action': 'delete', 'id': '5475369', 'name': 'asciijump', 'url': ' ', 'version': '::apt'}, {'action': 'delete', 'id': '5474869', 'name': 'robotfindskitten', 'url': ' ', 'version': '::apt'}, {'action': 'delete', 'id': '5475279', 'name': 'squirrel3', 'url': ' ', 'version': '::apt'}]",
    "c8y_SoftwareUpdate": [
        {
            "name": "asciijump",
            "action": "delete",
            "id": "5475369",
            "version": "::apt",
            "url": " "
        },
        {
            "name": "robotfindskitten",
            "action": "delete",
            "id": "5474869",
            "version": "::apt",
            "url": " "
        },
        {
            "name": "squirrel3",
            "action": "delete",
            "id": "5475279",
            "version": "::apt",
            "url": " "
        }
    ]
}
16:06:02 INFO  Started operation: {'creationTime': '2022-05-13T16:06:02.889Z', 'deviceId': '19034630', 'deviceName': 'm32sd10d', 'self': 'https://t493319102.eu-latest.cumulocity.com/devicecontrol/operations/19054350', 'id': '19054350', 'status': 'PENDING', 'description': "Apply software changes, triggered from PySys: [{'action': 'delete', 'id': '5475369', 'name': 'asciijump', 'url': ' ', 'version': '::apt'}, {'action': 'delete', 'id': '5474869', 'name': 'robotfindskitten', 'url': ' ', 'version': '::apt'}, {'action': 'delete', 'id': '5475279', 'name': 'squirrel3', 'url': ' ', 'version': '::apt'}]", 'c8y_SoftwareUpdate': [{'name': 'asciijump', 'action': 'delete', 'id': '5475369', 'version': '::apt', 'url': ' '}, {'name': 'robotfindskitten', 'action': 'delete', 'id': '5474869', 'version': '::apt', 'url': ' '}, {'name': 'squirrel3', 'action': 'delete', 'id': '5475279', 'version': '::apt', 'url': ' '}]}
16:06:05 INFO  State of operation 19054350 : PENDING
16:06:07 INFO  State of operation 19054350 : EXECUTING
16:06:09 INFO  State of operation 19054350 : EXECUTING
16:06:11 INFO  State of operation 19054350 : EXECUTING
16:06:14 INFO  State of operation 19054350 : EXECUTING
16:06:16 INFO  State of operation 19054350 : EXECUTING
16:06:18 INFO  State of operation 19054350 : EXECUTING
16:06:21 INFO  State of operation 19054350 : EXECUTING
16:06:23 INFO  State of operation 19054350 : EXECUTING
16:06:26 INFO  State of operation 19054350 : EXECUTING
16:06:28 INFO  State of operation 19054350 : EXECUTING
16:06:30 INFO  State of operation 19054350 : EXECUTING
16:06:32 INFO  State of operation 19054350 : EXECUTING
16:06:35 INFO  State of operation 19054350 : EXECUTING
16:06:37 INFO  State of operation 19054350 : EXECUTING
16:06:39 INFO  State of operation 19054350 : EXECUTING
16:06:42 INFO  State of operation 19054350 : EXECUTING
16:06:44 INFO  State of operation 19054350 : EXECUTING
16:06:47 INFO  State of operation 19054350 : EXECUTING
16:06:49 INFO  State of operation 19054350 : EXECUTING
16:06:51 INFO  State of operation 19054350 : EXECUTING
16:06:54 INFO  State of operation 19054350 : EXECUTING
16:06:56 INFO  State of operation 19054350 : EXECUTING
16:06:58 INFO  State of operation 19054350 : EXECUTING
16:07:00 INFO  State of operation 19054350 : EXECUTING
16:07:03 INFO  State of operation 19054350 : EXECUTING
16:07:05 INFO  State of operation 19054350 : EXECUTING
16:07:07 INFO  State of operation 19054350 : EXECUTING
16:07:10 INFO  State of operation 19054350 : EXECUTING
16:07:12 INFO  State of operation 19054350 : SUCCESSFUL
16:07:12 INFO  Assert that (False == value) with value=False ... passed
16:07:12 INFO  Assert that (False == value) with value=False ... passed
16:07:13 INFO  Assert that (False == value) with value=False ... passed
16:07:13 INFO  Assert that (False == value) with value=False ... passed
16:07:13 INFO  
16:07:13 INFO  cleanup:
16:07:17 INFO  Executed sudo&lt;tedge_disconnect_c8y&gt;, exit status 0
16:07:18 INFO  Executed systemctl&lt;serv_mapper5&gt;, exit status 3
16:07:18 INFO  
16:07:18 INFO  Test duration: 139.63 secs
16:07:18 INFO  Test final outcome:  FAILED
16:07:18 INFO  Test outcome reason: Assert that (False == value) with value=True (+2 other failures)
16:07:18 INFO  
</system-out>
	</testcase>
</testsuite><testsuite name="SoftwareManagement.sm_apt_install_remove_multiple_mixed" tests="3" errors="0" failures="2" skipped="1" time="0"><testcase classname="PySysTest" name="SoftwareManagement.sm_apt_install_remove_multiple_mixed">
		<skipped message="SKIPPED: Testing the apt plugin is not supported on this platform.Use parameter -XmyPlatform='container' to enable it" />
		<system-out>15:10:11 INFO  ==============================================================
15:10:11 INFO  Id:    SoftwareManagement.sm_apt_install_remove_multiple_mixed
15:10:11 INFO  Dir:   software_management_end_to_end/
15:10:11 INFO  Title: Validate end to end behaviour for the apt plugin for multiple packages with mixed versions
15:10:11 INFO  ==============================================================
15:10:11 INFO  Testing the apt plugin is not supported on this platform.Use parameter -XmyPlatform='container' to enable it ... skipped
15:10:11 WARN  Aborted test due to SKIPPED outcome
15:10:11 INFO  
15:10:11 INFO  Test duration: 0.02 secs
15:10:11 INFO  Test final outcome:  SKIPPED
15:10:11 INFO  Test outcome reason: Testing the apt plugin is not supported on this platform.Use parameter -XmyPlatform='container' to enable it
15:10:11 INFO  
</system-out>
	</testcase>
<testcase classname="PySysTest" name="SoftwareManagement.sm_apt_install_remove_multiple_mixed">
		<failure message="BLOCKED: SystemError: Timeout while waiting for status SUCCESSFUL or False" type="BLOCKED" />
		<system-out>15:44:11 INFO  ==============================================================
15:44:11 INFO  Id:    SoftwareManagement.sm_apt_install_remove_multiple_mixed
15:44:11 INFO  Dir:   software_management_end_to_end/
15:44:11 INFO  Title: Validate end to end behaviour for the apt plugin for multiple packages with mixed versions
15:44:11 INFO  ==============================================================
15:44:11 INFO  Using sw id database: {'asciijump': '5475369', 'robotfindskitten': '5474869', 'squirrel3': '5475279', 'rolldice': '5152439', 'moon-buggy': '5439204', 'apple': '5495053', 'banana': '5494888', 'cherry': '5495382', 'watermelon': '5494510', 'registry': '8018911', 'hello-world': '8021526', 'docker/getting-started': '8021973', 'alpine': '7991792'}
15:44:11 INFO  EnvironmentC8y Setup
15:44:12 INFO  Executed systemctl&lt;serv_mapper1&gt;, exit status 3
15:44:12 INFO  Restarting mosquitto too frequently in the last 10 seconds. It was only up for 5 seconds
15:44:12 INFO  Delaying execution by 6 seconds
15:44:32 INFO  Executed sudo&lt;tedge_connect_c8y&gt;, exit status 0, duration 13 secs
15:44:32 INFO  Executed sudo&lt;tedge_connect_c8y_test&gt;, exit status 0
15:44:33 INFO  Executed systemctl&lt;serv_mosq2&gt;, exit status 0
15:44:33 INFO  Executed systemctl&lt;serv_mapper3&gt;, exit status 0
15:44:36 INFO  State of current operation: SUCCESSFUL
15:44:36 INFO  Assert that (False == value) with value=False ... passed
15:44:36 INFO  Assert that (False == value) with value=False ... passed
15:44:36 INFO  Assert that (False == value) with value=False ... passed
15:44:37 INFO  Assert that (False == value) with value=False ... passed
15:44:37 INFO  Assert that (False == value) with value=False ... passed
15:44:38 INFO  Response status: 201
15:44:38 INFO  Response to action: {
    "creationTime": "2022-05-13T15:44:38.439Z",
    "deviceId": "19034630",
    "deviceName": "m32sd10d",
    "self": "https://t493319102.eu-latest.cumulocity.com/devicecontrol/operations/19054165",
    "id": "19054165",
    "status": "PENDING",
    "description": "Apply software changes, triggered from PySys: [{'action': 'install', 'id': '5475369', 'name': 'asciijump', 'url': ' ', 'version': '::apt'}, {'action': 'install', 'id': '5474869', 'name': 'robotfindskitten', 'url': ' ', 'version': ' '}, {'action': 'install', 'id': '5475279', 'name': 'squirrel3', 'url': ' ', 'version': '3.1-7::apt'}, {'action': 'install', 'id': '5152439', 'name': 'rolldice', 'url': ' ', 'version': '1.16-1+b1'}, {'action': 'install', 'id': '5439204', 'name': 'moon-buggy', 'url': ' ', 'version': '1:1.0.51-12'}, {'action': 'install', 'id': '5475369', 'name': 'asciijump', 'url': ' ', 'version': '::apt'}]",
    "c8y_SoftwareUpdate": [
        {
            "name": "asciijump",
            "action": "install",
            "id": "5475369",
            "version": "::apt",
            "url": " "
        },
        {
            "name": "robotfindskitten",
            "action": "install",
            "id": "5474869",
            "version": " ",
            "url": " "
        },
        {
            "name": "squirrel3",
            "action": "install",
            "id": "5475279",
            "version": "3.1-7::apt",
            "url": " "
        },
        {
            "name": "rolldice",
            "action": "install",
            "id": "5152439",
            "version": "1.16-1+b1",
            "url": " "
        },
        {
            "name": "moon-buggy",
            "action": "install",
            "id": "5439204",
            "version": "1:1.0.51-12",
            "url": " "
        },
        {
            "name": "asciijump",
            "action": "install",
            "id": "5475369",
            "version": "::apt",
            "url": " "
        }
    ]
}
15:44:38 INFO  Started operation: {'creationTime': '2022-05-13T15:44:38.439Z', 'deviceId': '19034630', 'deviceName': 'm32sd10d', 'self': 'https://t493319102.eu-latest.cumulocity.com/devicecontrol/operations/19054165', 'id': '19054165', 'status': 'PENDING', 'description': "Apply software changes, triggered from PySys: [{'action': 'install', 'id': '5475369', 'name': 'asciijump', 'url': ' ', 'version': '::apt'}, {'action': 'install', 'id': '5474869', 'name': 'robotfindskitten', 'url': ' ', 'version': ' '}, {'action': 'install', 'id': '5475279', 'name': 'squirrel3', 'url': ' ', 'version': '3.1-7::apt'}, {'action': 'install', 'id': '5152439', 'name': 'rolldice', 'url': ' ', 'version': '1.16-1+b1'}, {'action': 'install', 'id': '5439204', 'name': 'moon-buggy', 'url': ' ', 'version': '1:1.0.51-12'}, {'action': 'install', 'id': '5475369', 'name': 'asciijump', 'url': ' ', 'version': '::apt'}]", 'c8y_SoftwareUpdate': [{'name': 'asciijump', 'action': 'install', 'id': '5475369', 'version': '::apt', 'url': ' '}, {'name': 'robotfindskitten', 'action': 'install', 'id': '5474869', 'version': ' ', 'url': ' '}, {'name': 'squirrel3', 'action': 'install', 'id': '5475279', 'version': '3.1-7::apt', 'url': ' '}, {'name': 'rolldice', 'action': 'install', 'id': '5152439', 'version': '1.16-1+b1', 'url': ' '}, {'name': 'moon-buggy', 'action': 'install', 'id': '5439204', 'version': '1:1.0.51-12', 'url': ' '}, {'name': 'asciijump', 'action': 'install', 'id': '5475369', 'version': '::apt', 'url': ' '}]}
15:44:40 INFO  State of operation 19054165 : PENDING
15:44:42 INFO  State of operation 19054165 : EXECUTING
15:44:45 INFO  State of operation 19054165 : EXECUTING
15:44:47 INFO  State of operation 19054165 : EXECUTING
15:44:49 INFO  State of operation 19054165 : EXECUTING
15:44:51 INFO  State of operation 19054165 : EXECUTING
15:44:54 INFO  State of operation 19054165 : EXECUTING
15:44:57 INFO  State of operation 19054165 : EXECUTING
15:45:00 INFO  State of operation 19054165 : EXECUTING
15:45:02 INFO  State of operation 19054165 : EXECUTING
15:45:04 INFO  State of operation 19054165 : EXECUTING
15:45:06 INFO  State of operation 19054165 : EXECUTING
15:45:09 INFO  State of operation 19054165 : EXECUTING
15:45:11 INFO  State of operation 19054165 : EXECUTING
15:45:13 INFO  State of operation 19054165 : EXECUTING
15:45:15 INFO  State of operation 19054165 : EXECUTING
15:45:18 INFO  State of operation 19054165 : EXECUTING
15:45:20 INFO  State of operation 19054165 : EXECUTING
15:45:23 INFO  State of operation 19054165 : EXECUTING
15:45:25 INFO  State of operation 19054165 : EXECUTING
15:45:27 INFO  State of operation 19054165 : EXECUTING
15:45:30 INFO  State of operation 19054165 : EXECUTING
15:45:32 INFO  State of operation 19054165 : EXECUTING
15:45:35 INFO  State of operation 19054165 : EXECUTING
15:45:37 INFO  State of operation 19054165 : EXECUTING
15:45:41 INFO  State of operation 19054165 : EXECUTING
15:45:43 INFO  State of operation 19054165 : EXECUTING
15:45:45 INFO  State of operation 19054165 : EXECUTING
15:45:47 INFO  State of operation 19054165 : EXECUTING
15:45:50 INFO  State of operation 19054165 : EXECUTING
15:45:52 INFO  State of operation 19054165 : EXECUTING
15:45:54 INFO  State of operation 19054165 : EXECUTING
15:45:57 INFO  State of operation 19054165 : EXECUTING
15:45:59 INFO  State of operation 19054165 : EXECUTING
15:46:01 INFO  State of operation 19054165 : EXECUTING
15:46:03 INFO  State of operation 19054165 : EXECUTING
15:46:05 INFO  State of operation 19054165 : EXECUTING
15:46:09 INFO  State of operation 19054165 : EXECUTING
15:46:11 INFO  State of operation 19054165 : EXECUTING
15:46:14 INFO  State of operation 19054165 : EXECUTING
15:46:16 INFO  State of operation 19054165 : EXECUTING
15:46:18 INFO  State of operation 19054165 : EXECUTING
15:46:20 INFO  State of operation 19054165 : EXECUTING
15:46:22 INFO  State of operation 19054165 : EXECUTING
15:46:25 INFO  State of operation 19054165 : EXECUTING
15:46:27 INFO  State of operation 19054165 : EXECUTING
15:46:29 INFO  State of operation 19054165 : EXECUTING
15:46:32 INFO  State of operation 19054165 : EXECUTING
15:46:35 INFO  State of operation 19054165 : EXECUTING
15:46:37 INFO  State of operation 19054165 : EXECUTING
15:46:39 INFO  State of operation 19054165 : EXECUTING
15:46:41 INFO  State of operation 19054165 : EXECUTING
15:46:44 INFO  State of operation 19054165 : EXECUTING
15:46:46 INFO  State of operation 19054165 : EXECUTING
15:46:49 INFO  State of operation 19054165 : EXECUTING
15:46:51 INFO  State of operation 19054165 : EXECUTING
15:46:54 INFO  State of operation 19054165 : EXECUTING
15:46:56 INFO  State of operation 19054165 : EXECUTING
15:46:59 INFO  State of operation 19054165 : EXECUTING
15:47:01 INFO  State of operation 19054165 : EXECUTING
15:47:03 INFO  State of operation 19054165 : EXECUTING
15:47:05 WARN  SystemError occurred while running test - Timeout while waiting for status SUCCESSFUL or False
Traceback (most recent call last):
  File "/home/pi/env-pysys/lib/python3.7/site-packages/pysys/baserunner.py", line 1294, in __call__
    self.testObj.execute()
  File "/home/pi/actions-runner/_work/thin-edge.io/thin-edge.io/tests/PySys/software_management_end_to_end/sm_apt_install_remove_multiple_mixed/run.py", line 89, in execute
    self.wait_until_succcess()
  File "/home/pi/actions-runner/_work/thin-edge.io/thin-edge.io/tests/PySys/software_management_end_to_end/environment_sm_management.py", line 324, in wait_until_succcess
    self.wait_until_status("SUCCESSFUL")
  File "/home/pi/actions-runner/_work/thin-edge.io/thin-edge.io/tests/PySys/software_management_end_to_end/environment_sm_management.py", line 381, in wait_until_status
    "Timeout while waiting for status %s or %s" % (status, status2)
SystemError: Timeout while waiting for status SUCCESSFUL or False
15:47:05 WARN  SystemError: Timeout while waiting for status SUCCESSFUL or False ... blocked 
15:47:05 INFO  
15:47:05 INFO  cleanup:
15:47:10 INFO  Executed sudo&lt;tedge_disconnect_c8y&gt;, exit status 0
15:47:10 INFO  Executed systemctl&lt;serv_mapper5&gt;, exit status 3
15:47:10 INFO  
15:47:10 INFO  Test duration: 178.93 secs
15:47:10 INFO  Test final outcome:  BLOCKED
15:47:10 INFO  Test outcome reason: SystemError: Timeout while waiting for status SUCCESSFUL or False
15:47:10 INFO  
</system-out>
	</testcase>
<testcase classname="PySysTest" name="SoftwareManagement.sm_apt_install_remove_multiple_mixed">
		<failure message="BLOCKED: SystemError: Timeout while waiting for status SUCCESSFUL or False (+1 other failures)" type="BLOCKED" />
		<system-out>16:07:18 INFO  ==============================================================
16:07:18 INFO  Id:    SoftwareManagement.sm_apt_install_remove_multiple_mixed
16:07:18 INFO  Dir:   software_management_end_to_end/
16:07:18 INFO  Title: Validate end to end behaviour for the apt plugin for multiple packages with mixed versions
16:07:18 INFO  ==============================================================
16:07:18 INFO  Using sw id database: {'asciijump': '5475369', 'robotfindskitten': '5474869', 'squirrel3': '5475279', 'rolldice': '5152439', 'moon-buggy': '5439204', 'apple': '5495053', 'banana': '5494888', 'cherry': '5495382', 'watermelon': '5494510', 'registry': '8018911', 'hello-world': '8021526', 'docker/getting-started': '8021973', 'alpine': '7991792'}
16:07:18 INFO  EnvironmentC8y Setup
16:07:18 INFO  Executed systemctl&lt;serv_mapper1&gt;, exit status 3
16:07:18 INFO  Restarting mosquitto too frequently in the last 10 seconds. It was only up for 5 seconds
16:07:18 INFO  Delaying execution by 6 seconds
16:07:38 INFO  Executed sudo&lt;tedge_connect_c8y&gt;, exit status 0, duration 13 secs
16:07:39 INFO  Executed sudo&lt;tedge_connect_c8y_test&gt;, exit status 0
16:07:39 INFO  Executed systemctl&lt;serv_mosq2&gt;, exit status 0
16:07:40 INFO  Executed systemctl&lt;serv_mapper3&gt;, exit status 0
16:07:42 INFO  State of current operation: SUCCESSFUL
16:07:42 INFO  Assert that (False == value) with value=False ... passed
16:07:42 INFO  Assert that (False == value) with value=False ... passed
16:07:43 INFO  Assert that (False == value) with value=False ... passed
16:07:43 INFO  Assert that (False == value) with value=False ... passed
16:07:43 INFO  Package moon-buggy is installed
16:07:43 WARN  Assert that (False == value) with value=True ... failed 
16:07:44 INFO  Response status: 201
16:07:44 INFO  Response to action: {
    "creationTime": "2022-05-13T16:07:44.791Z",
    "deviceId": "19034630",
    "deviceName": "m32sd10d",
    "self": "https://t493319102.eu-latest.cumulocity.com/devicecontrol/operations/19054371",
    "id": "19054371",
    "status": "PENDING",
    "description": "Apply software changes, triggered from PySys: [{'action': 'install', 'id': '5475369', 'name': 'asciijump', 'url': ' ', 'version': '::apt'}, {'action': 'install', 'id': '5474869', 'name': 'robotfindskitten', 'url': ' ', 'version': ' '}, {'action': 'install', 'id': '5475279', 'name': 'squirrel3', 'url': ' ', 'version': '3.1-7::apt'}, {'action': 'install', 'id': '5152439', 'name': 'rolldice', 'url': ' ', 'version': '1.16-1+b1'}, {'action': 'install', 'id': '5439204', 'name': 'moon-buggy', 'url': ' ', 'version': '1:1.0.51-12'}, {'action': 'install', 'id': '5475369', 'name': 'asciijump', 'url': ' ', 'version': '::apt'}]",
    "c8y_SoftwareUpdate": [
        {
            "name": "asciijump",
            "action": "install",
            "id": "5475369",
            "version": "::apt",
            "url": " "
        },
        {
            "name": "robotfindskitten",
            "action": "install",
            "id": "5474869",
            "version": " ",
            "url": " "
        },
        {
            "name": "squirrel3",
            "action": "install",
            "id": "5475279",
            "version": "3.1-7::apt",
            "url": " "
        },
        {
            "name": "rolldice",
            "action": "install",
            "id": "5152439",
            "version": "1.16-1+b1",
            "url": " "
        },
        {
            "name": "moon-buggy",
            "action": "install",
            "id": "5439204",
            "version": "1:1.0.51-12",
            "url": " "
        },
        {
            "name": "asciijump",
            "action": "install",
            "id": "5475369",
            "version": "::apt",
            "url": " "
        }
    ]
}
16:07:44 INFO  Started operation: {'creationTime': '2022-05-13T16:07:44.791Z', 'deviceId': '19034630', 'deviceName': 'm32sd10d', 'self': 'https://t493319102.eu-latest.cumulocity.com/devicecontrol/operations/19054371', 'id': '19054371', 'status': 'PENDING', 'description': "Apply software changes, triggered from PySys: [{'action': 'install', 'id': '5475369', 'name': 'asciijump', 'url': ' ', 'version': '::apt'}, {'action': 'install', 'id': '5474869', 'name': 'robotfindskitten', 'url': ' ', 'version': ' '}, {'action': 'install', 'id': '5475279', 'name': 'squirrel3', 'url': ' ', 'version': '3.1-7::apt'}, {'action': 'install', 'id': '5152439', 'name': 'rolldice', 'url': ' ', 'version': '1.16-1+b1'}, {'action': 'install', 'id': '5439204', 'name': 'moon-buggy', 'url': ' ', 'version': '1:1.0.51-12'}, {'action': 'install', 'id': '5475369', 'name': 'asciijump', 'url': ' ', 'version': '::apt'}]", 'c8y_SoftwareUpdate': [{'name': 'asciijump', 'action': 'install', 'id': '5475369', 'version': '::apt', 'url': ' '}, {'name': 'robotfindskitten', 'action': 'install', 'id': '5474869', 'version': ' ', 'url': ' '}, {'name': 'squirrel3', 'action': 'install', 'id': '5475279', 'version': '3.1-7::apt', 'url': ' '}, {'name': 'rolldice', 'action': 'install', 'id': '5152439', 'version': '1.16-1+b1', 'url': ' '}, {'name': 'moon-buggy', 'action': 'install', 'id': '5439204', 'version': '1:1.0.51-12', 'url': ' '}, {'name': 'asciijump', 'action': 'install', 'id': '5475369', 'version': '::apt', 'url': ' '}]}
16:07:47 INFO  State of operation 19054371 : PENDING
16:07:49 INFO  State of operation 19054371 : EXECUTING
16:07:51 INFO  State of operation 19054371 : EXECUTING
16:07:53 INFO  State of operation 19054371 : EXECUTING
16:07:55 INFO  State of operation 19054371 : EXECUTING
16:07:58 INFO  State of operation 19054371 : EXECUTING
16:08:01 INFO  State of operation 19054371 : EXECUTING
16:08:04 INFO  State of operation 19054371 : EXECUTING
16:08:06 INFO  State of operation 19054371 : EXECUTING
16:08:09 INFO  State of operation 19054371 : EXECUTING
16:08:11 INFO  State of operation 19054371 : EXECUTING
16:08:13 INFO  State of operation 19054371 : EXECUTING
16:08:15 INFO  State of operation 19054371 : EXECUTING
16:08:18 INFO  State of operation 19054371 : EXECUTING
16:08:20 INFO  State of operation 19054371 : EXECUTING
16:08:22 INFO  State of operation 19054371 : EXECUTING
16:08:25 INFO  State of operation 19054371 : EXECUTING
16:08:27 INFO  State of operation 19054371 : EXECUTING
16:08:30 INFO  State of operation 19054371 : EXECUTING
16:08:32 INFO  State of operation 19054371 : EXECUTING
16:08:34 INFO  State of operation 19054371 : EXECUTING
16:08:37 INFO  State of operation 19054371 : EXECUTING
16:08:39 INFO  State of operation 19054371 : EXECUTING
16:08:42 INFO  State of operation 19054371 : EXECUTING
16:08:44 INFO  State of operation 19054371 : EXECUTING
16:08:46 INFO  State of operation 19054371 : EXECUTING
16:08:48 INFO  State of operation 19054371 : EXECUTING
16:08:51 INFO  State of operation 19054371 : EXECUTING
16:08:53 INFO  State of operation 19054371 : EXECUTING
16:08:55 INFO  State of operation 19054371 : EXECUTING
16:08:58 INFO  State of operation 19054371 : EXECUTING
16:09:00 INFO  State of operation 19054371 : EXECUTING
16:09:02 INFO  State of operation 19054371 : EXECUTING
16:09:04 INFO  State of operation 19054371 : EXECUTING
16:09:06 INFO  State of operation 19054371 : EXECUTING
16:09:09 INFO  State of operation 19054371 : EXECUTING
16:09:11 INFO  State of operation 19054371 : EXECUTING
16:09:13 INFO  State of operation 19054371 : EXECUTING
16:09:16 INFO  State of operation 19054371 : EXECUTING
16:09:19 INFO  State of operation 19054371 : EXECUTING
16:09:21 INFO  State of operation 19054371 : EXECUTING
16:09:23 INFO  State of operation 19054371 : EXECUTING
16:09:25 INFO  State of operation 19054371 : EXECUTING
16:09:28 INFO  State of operation 19054371 : EXECUTING
16:09:30 INFO  State of operation 19054371 : EXECUTING
16:09:32 INFO  State of operation 19054371 : EXECUTING
16:09:34 INFO  State of operation 19054371 : EXECUTING
16:09:37 INFO  State of operation 19054371 : EXECUTING
16:09:40 INFO  State of operation 19054371 : EXECUTING
16:09:42 INFO  State of operation 19054371 : EXECUTING
16:09:44 INFO  State of operation 19054371 : EXECUTING
16:09:46 INFO  State of operation 19054371 : EXECUTING
16:09:49 INFO  State of operation 19054371 : EXECUTING
16:09:51 INFO  State of operation 19054371 : EXECUTING
16:09:54 INFO  State of operation 19054371 : EXECUTING
16:09:56 INFO  State of operation 19054371 : EXECUTING
16:09:58 INFO  State of operation 19054371 : EXECUTING
16:10:01 INFO  State of operation 19054371 : EXECUTING
16:10:03 INFO  State of operation 19054371 : EXECUTING
16:10:05 INFO  State of operation 19054371 : EXECUTING
16:10:08 INFO  State of operation 19054371 : EXECUTING
16:10:10 WARN  SystemError occurred while running test - Timeout while waiting for status SUCCESSFUL or False
Traceback (most recent call last):
  File "/home/pi/env-pysys/lib/python3.7/site-packages/pysys/baserunner.py", line 1294, in __call__
    self.testObj.execute()
  File "/home/pi/actions-runner/_work/thin-edge.io/thin-edge.io/tests/PySys/software_management_end_to_end/sm_apt_install_remove_multiple_mixed/run.py", line 89, in execute
    self.wait_until_succcess()
  File "/home/pi/actions-runner/_work/thin-edge.io/thin-edge.io/tests/PySys/software_management_end_to_end/environment_sm_management.py", line 324, in wait_until_succcess
    self.wait_until_status("SUCCESSFUL")
  File "/home/pi/actions-runner/_work/thin-edge.io/thin-edge.io/tests/PySys/software_management_end_to_end/environment_sm_management.py", line 381, in wait_until_status
    "Timeout while waiting for status %s or %s" % (status, status2)
SystemError: Timeout while waiting for status SUCCESSFUL or False
16:10:10 WARN  SystemError: Timeout while waiting for status SUCCESSFUL or False ... blocked 
16:10:10 INFO  
16:10:10 INFO  cleanup:
16:10:14 INFO  Executed sudo&lt;tedge_disconnect_c8y&gt;, exit status 0
16:10:14 INFO  Executed systemctl&lt;serv_mapper5&gt;, exit status 3
16:10:14 INFO  
16:10:14 INFO  Test duration: 176.82 secs
16:10:14 INFO  Test final outcome:  BLOCKED
16:10:14 INFO  Test outcome reason: SystemError: Timeout while waiting for status SUCCESSFUL or False (+1 other failures)
16:10:14 INFO  
</system-out>
	</testcase>
</testsuite><testsuite name="SoftwareManagement.sm_apt_install_remove_with_version" tests="3" errors="0" failures="0" skipped="1" time="0"><testcase classname="PySysTest" name="SoftwareManagement.sm_apt_install_remove_with_version">
		<skipped message="SKIPPED: Testing the apt plugin is not supported on this platform.Use parameter -XmyPlatform='container' to enable it" />
		<system-out>15:10:11 INFO  ==============================================================
15:10:11 INFO  Id:    SoftwareManagement.sm_apt_install_remove_with_version
15:10:11 INFO  Dir:   software_management_end_to_end/
15:10:11 INFO  Title: Validate end to end behaviour for the apt plugin for packages with version
15:10:11 INFO  ==============================================================
15:10:11 INFO  Testing the apt plugin is not supported on this platform.Use parameter -XmyPlatform='container' to enable it ... skipped
15:10:11 WARN  Aborted test due to SKIPPED outcome
15:10:11 INFO  
15:10:11 INFO  Test duration: 0.02 secs
15:10:11 INFO  Test final outcome:  SKIPPED
15:10:11 INFO  Test outcome reason: Testing the apt plugin is not supported on this platform.Use parameter -XmyPlatform='container' to enable it
15:10:11 INFO  
</system-out>
	</testcase>
<testcase classname="PySysTest" name="SoftwareManagement.sm_apt_install_remove_with_version" />
<testcase classname="PySysTest" name="SoftwareManagement.sm_apt_install_remove_with_version" />
</testsuite><testsuite name="SoftwareManagement.sm_docker_install_remove_multiple" tests="3" errors="0" failures="2" skipped="1" time="0"><testcase classname="SMDockerInstallRemove" name="SoftwareManagement.sm_docker_install_remove_multiple">
		<skipped message="SKIPPED: Testing the apt plugin is not supported on this platform.Use parameter -XmyPlatform='container' to enable it" />
		<system-out>15:10:12 INFO  ==============================================================
15:10:12 INFO  Id:    SoftwareManagement.sm_docker_install_remove_multiple
15:10:12 INFO  Dir:   software_management_end_to_end/
15:10:12 INFO  Title: Validate end to end behaviour for the docker plugin for multiple docker images with mixed versions
15:10:12 INFO  ==============================================================
15:10:12 INFO  Testing the apt plugin is not supported on this platform.Use parameter -XmyPlatform='container' to enable it ... skipped
15:10:12 WARN  Aborted test due to SKIPPED outcome
15:10:12 INFO  
15:10:12 INFO  Test duration: 0.02 secs
15:10:12 INFO  Test final outcome:  SKIPPED
15:10:12 INFO  Test outcome reason: Testing the apt plugin is not supported on this platform.Use parameter -XmyPlatform='container' to enable it
15:10:12 INFO  
</system-out>
	</testcase>
<testcase classname="SMDockerInstallRemove" name="SoftwareManagement.sm_docker_install_remove_multiple">
		<failure message="BLOCKED: SystemError: The operation has failed" type="BLOCKED" />
		<system-out>15:54:08 INFO  ==============================================================
15:54:08 INFO  Id:    SoftwareManagement.sm_docker_install_remove_multiple
15:54:08 INFO  Dir:   software_management_end_to_end/
15:54:08 INFO  Title: Validate end to end behaviour for the docker plugin for multiple docker images with mixed versions
15:54:08 INFO  ==============================================================
15:54:10 INFO  Using sw id database: {'asciijump': '5475369', 'robotfindskitten': '5474869', 'squirrel3': '5475279', 'rolldice': '5152439', 'moon-buggy': '5439204', 'apple': '5495053', 'banana': '5494888', 'cherry': '5495382', 'watermelon': '5494510', 'registry': '8018911', 'hello-world': '8021526', 'docker/getting-started': '8021973', 'alpine': '7991792'}
15:54:10 INFO  EnvironmentC8y Setup
15:54:11 INFO  Executed systemctl&lt;serv_mapper1&gt;, exit status 3
15:54:26 INFO  Executed sudo&lt;tedge_connect_c8y&gt;, exit status 0, duration 14 secs
15:54:26 INFO  Executed sudo&lt;tedge_connect_c8y_test&gt;, exit status 0
15:54:27 INFO  Executed systemctl&lt;serv_mosq2&gt;, exit status 0
15:54:27 INFO  Executed systemctl&lt;serv_mapper3&gt;, exit status 0
15:54:30 INFO  State of current operation: SUCCESSFUL
15:54:30 INFO  Response status: 201
15:54:30 INFO  Response to action: {
    "creationTime": "2022-05-13T15:54:30.596Z",
    "deviceId": "19034630",
    "deviceName": "m32sd10d",
    "self": "https://t493319102.eu-latest.cumulocity.com/devicecontrol/operations/19054240",
    "id": "19054240",
    "status": "PENDING",
    "description": "Apply software changes, triggered from PySys: [{'action': 'install', 'id': '8021526', 'name': 'hello-world', 'url': '', 'version': '::docker'}, {'action': 'install', 'id': '8018911', 'name': 'registry', 'url': '', 'version': '2.6.2::docker'}]",
    "c8y_SoftwareUpdate": [
        {
            "name": "hello-world",
            "action": "install",
            "id": "8021526",
            "version": "::docker",
            "url": ""
        },
        {
            "name": "registry",
            "action": "install",
            "id": "8018911",
            "version": "2.6.2::docker",
            "url": ""
        }
    ]
}
15:54:30 INFO  Started operation: {'creationTime': '2022-05-13T15:54:30.596Z', 'deviceId': '19034630', 'deviceName': 'm32sd10d', 'self': 'https://t493319102.eu-latest.cumulocity.com/devicecontrol/operations/19054240', 'id': '19054240', 'status': 'PENDING', 'description': "Apply software changes, triggered from PySys: [{'action': 'install', 'id': '8021526', 'name': 'hello-world', 'url': '', 'version': '::docker'}, {'action': 'install', 'id': '8018911', 'name': 'registry', 'url': '', 'version': '2.6.2::docker'}]", 'c8y_SoftwareUpdate': [{'name': 'hello-world', 'action': 'install', 'id': '8021526', 'version': '::docker', 'url': ''}, {'name': 'registry', 'action': 'install', 'id': '8018911', 'version': '2.6.2::docker', 'url': ''}]}
15:54:32 INFO  State of operation 19054240 : PENDING
15:54:35 INFO  State of operation 19054240 : EXECUTING
15:54:37 INFO  State of operation 19054240 : EXECUTING
15:54:39 INFO  State of operation 19054240 : EXECUTING
15:54:41 INFO  State of operation 19054240 : FAILED
15:54:41 ERROR Stopping as the operation has failed
15:54:41 WARN  SystemError occurred while running test - The operation has failed
Traceback (most recent call last):
  File "/home/pi/env-pysys/lib/python3.7/site-packages/pysys/baserunner.py", line 1292, in __call__
    self.testObj.setup()
  File "/home/pi/actions-runner/_work/thin-edge.io/thin-edge.io/tests/PySys/software_management_end_to_end/sm_docker_install_remove_multiple/run.py", line 55, in setup
    self.wait_until_succcess()
  File "/home/pi/actions-runner/_work/thin-edge.io/thin-edge.io/tests/PySys/software_management_end_to_end/environment_sm_management.py", line 324, in wait_until_succcess
    self.wait_until_status("SUCCESSFUL")
  File "/home/pi/actions-runner/_work/thin-edge.io/thin-edge.io/tests/PySys/software_management_end_to_end/environment_sm_management.py", line 361, in wait_until_status
    raise SystemError("The operation has failed")
SystemError: The operation has failed
15:54:41 WARN  SystemError: The operation has failed ... blocked 
15:54:41 INFO  
15:54:41 INFO  cleanup:
15:54:45 INFO  Executed sudo&lt;tedge_disconnect_c8y&gt;, exit status 0
15:54:46 INFO  Executed systemctl&lt;serv_mapper5&gt;, exit status 3
15:54:46 INFO  
15:54:46 INFO  Test duration: 37.30 secs
15:54:46 INFO  Test final outcome:  BLOCKED
15:54:46 INFO  Test outcome reason: SystemError: The operation has failed
15:54:46 INFO  
</system-out>
	</testcase>
<testcase classname="SMDockerInstallRemove" name="SoftwareManagement.sm_docker_install_remove_multiple">
		<failure message="BLOCKED: SystemError: The operation has failed" type="BLOCKED" />
		<system-out>16:12:51 INFO  ==============================================================
16:12:51 INFO  Id:    SoftwareManagement.sm_docker_install_remove_multiple
16:12:51 INFO  Dir:   software_management_end_to_end/
16:12:51 INFO  Title: Validate end to end behaviour for the docker plugin for multiple docker images with mixed versions
16:12:51 INFO  ==============================================================
16:12:51 INFO  Using sw id database: {'asciijump': '5475369', 'robotfindskitten': '5474869', 'squirrel3': '5475279', 'rolldice': '5152439', 'moon-buggy': '5439204', 'apple': '5495053', 'banana': '5494888', 'cherry': '5495382', 'watermelon': '5494510', 'registry': '8018911', 'hello-world': '8021526', 'docker/getting-started': '8021973', 'alpine': '7991792'}
16:12:51 INFO  EnvironmentC8y Setup
16:12:52 INFO  Executed systemctl&lt;serv_mapper1&gt;, exit status 3
16:12:52 INFO  Restarting mosquitto too frequently in the last 10 seconds. It was only up for 5 seconds
16:12:52 INFO  Delaying execution by 6 seconds
16:13:12 INFO  Executed sudo&lt;tedge_connect_c8y&gt;, exit status 0, duration 13 secs
16:13:12 INFO  Executed sudo&lt;tedge_connect_c8y_test&gt;, exit status 0
16:13:13 INFO  Executed systemctl&lt;serv_mosq2&gt;, exit status 0
16:13:13 INFO  Executed systemctl&lt;serv_mapper3&gt;, exit status 0
16:13:15 INFO  State of current operation: SUCCESSFUL
[...]
14:58:05 INFO  log response None
14:58:05 WARN  retry, retrying in 1 seconds...
14:58:06 INFO  log response https://thin-edge-io.eu-latest.cumulocity.com/event/events/19039127/binaries
14:58:07 WARN  Assert that (True == value) with value=False ... failed [run.py:43]
14:58:07 INFO  
14:58:07 INFO  cleanup:
14:58:07 INFO  Executed sudo&lt;rm_logs&gt;, exit status 0
14:58:08 INFO  Executed sudo&lt;rm_tmp_logs&gt;, exit status 0
14:58:08 INFO  Executed sudo&lt;send_failed&gt;, exit status 0
14:58:12 INFO  Executed sudo&lt;tedge_disconnect_c8y&gt;, exit status 0
14:58:13 INFO  Executed systemctl&lt;serv_mapper5&gt;, exit status 3
14:58:13 INFO  
14:58:13 INFO  Test duration: 36.71 secs
14:58:13 INFO  Test final outcome:  FAILED
14:58:13 INFO  Test outcome reason: Assert that (True == value) with value=False
14:58:13 INFO  
</system-out>
	</testcase>
</testsuite><testsuite name="log_request_num_lines" tests="1" errors="0" failures="1" skipped="0" time="0"><testcase classname="LogRequestVerifyNumberOfLines" name="log_request_num_lines">
		<failure message="FAILED: Assert that (True == value) with value=False" type="FAILED" />
		<system-out>14:58:13 INFO  ==============================================================
14:58:13 INFO  Id:    log_request_num_lines
14:58:13 INFO  Dir:   log_request_end_to_end/
14:58:13 INFO  Title: Validate end to end behaviour for the log request operation check for number of lines
14:58:13 INFO  ==============================================================
14:58:13 INFO  EnvironmentC8y Setup
14:58:14 INFO  Executed systemctl&lt;serv_mapper1&gt;, exit status 3
14:58:14 INFO  Restarting mosquitto too frequently in the last 10 seconds. It was only up for 4 seconds
14:58:14 INFO  Delaying execution by 7 seconds
14:58:35 INFO  Executed sudo&lt;tedge_connect_c8y&gt;, exit status 0, duration 14 secs
14:58:35 INFO  Executed sudo&lt;tedge_connect_c8y_test&gt;, exit status 0
14:58:36 INFO  Executed systemctl&lt;serv_mosq2&gt;, exit status 0
14:58:36 INFO  Executed systemctl&lt;serv_mapper3&gt;, exit status 0
14:58:37 INFO  Executed sudo&lt;rm_logs&gt;, exit status 0
14:58:37 INFO  Executed sudo&lt;move_logs&gt;, exit status 0
14:58:38 INFO  log response None
14:58:38 WARN  retry, retrying in 1 seconds...
14:58:39 INFO  log response https://thin-edge-io.eu-latest.cumulocity.com/event/events/19038213/binaries
14:58:39 INFO  nlines 0
14:58:39 WARN  Assert that (True == value) with value=False ... failed [run.py:44]
14:58:39 INFO  
14:58:39 INFO  cleanup:
14:58:40 INFO  Executed sudo&lt;rm_logs&gt;, exit status 0
14:58:41 INFO  Executed sudo&lt;rm_tmp_logs&gt;, exit status 0
14:58:41 INFO  Executed sudo&lt;send_failed&gt;, exit status 0
14:58:45 INFO  Executed sudo&lt;tedge_disconnect_c8y&gt;, exit status 0
14:58:46 INFO  Executed systemctl&lt;serv_mapper5&gt;, exit status 3
14:58:46 INFO  
14:58:46 INFO  Test duration: 32.71 secs
14:58:46 INFO  Test final outcome:  FAILED
14:58:46 INFO  Test outcome reason: Assert that (True == value) with value=False
14:58:46 INFO  
</system-out>
	</testcase>
</testsuite><testsuite name="mapper_awaits_before_reconnect" tests="1" errors="0" failures="1" skipped="0" time="0"><testcase classname="MapperReconnectAwait" name="mapper_awaits_before_reconnect">
		<failure message="FAILED: Line count on tedge_mapper_journal.out for &quot;tedge_mapper::core::mapper: MQTT connection error:&quot; expected &gt;=2 but got 0" type="FAILED" />
		<system-out>15:13:13 INFO  ==============================================================
15:13:13 INFO  Id:    mapper_awaits_before_reconnect
15:13:13 INFO  Dir:   tedge_mapper_c8y/
15:13:13 INFO  Title: Validate mapper doesn't reconnect too often
15:13:13 INFO  ==============================================================
15:13:13 INFO  Started mosquitto_sub with process id 9630
15:13:13 INFO  Waiting for 0.1 seconds
15:13:14 INFO  Executed sudo&lt;tedge_mapper&gt;, exit status 0
15:13:14 INFO  Waiting for 5.0 seconds
15:13:20 INFO  Executed sudo&lt;tedge_mapper&gt;, exit status 0
15:13:20 INFO  Executed sudo&lt;tedge_mapper_journal&gt;, exit status 0
15:13:20 WARN  Grep on tedge_mapper_journal.out contains "ERROR" ... failed [run.py:67]
15:13:20 INFO  Line count on file tedge_mapper_journal.out ... passed
15:13:20 WARN  Line count on tedge_mapper_journal.out for "tedge_mapper::core::mapper: MQTT connection error:" expected &gt;=2 but got 0 ... failed [run.py:78]
15:13:20 WARN  Aborted test due to FAILED outcome
15:13:20 INFO  
15:13:20 INFO  Test duration: 7.11 secs
15:13:20 INFO  Test final outcome:  FAILED
15:13:20 INFO  Test outcome reason: Line count on tedge_mapper_journal.out for "tedge_mapper::core::mapper: MQTT connection error:" expected &gt;=2 but got 0
15:13:20 INFO  
</system-out>
	</testcase>
</testsuite><testsuite name="monitoring_smaller_interval" tests="1" errors="0" failures="1" skipped="0" time="0"><testcase classname="MonitoringSmallInterval" name="monitoring_smaller_interval">
		<failure message="BLOCKED: TypeError: 'int' object is not subscriptable" type="BLOCKED" />
		<system-out>15:00:16 INFO  ==============================================================
15:00:16 INFO  Id:    monitoring_smaller_interval
15:00:16 INFO  Dir:   monitoring/
15:00:16 INFO  Title: Validate the tedge dm agent messages that are produced with smaller sampling interval than the batching window. Here the simulated collectd messages are used
15:00:16 INFO  ==============================================================
15:00:17 INFO  Executed sudo&lt;collectd&gt;, exit status 0
15:00:17 INFO  Executed sudo&lt;collectd_mapper&gt;, exit status 0
15:00:17 INFO  Started sudo&lt;tedge_sub&gt; with process id 5790
15:00:18 INFO  Executed sudo&lt;tedge_temp&gt;, exit status 0
15:00:18 INFO  Executed sudo&lt;tedge_pres&gt;, exit status 0
15:00:19 INFO  Executed sudo&lt;tedge_temp&gt;, exit status 0
15:00:20 INFO  Executed sudo&lt;tedge_pres&gt;, exit status 0
15:00:20 INFO  Executed sudo&lt;tedge_temp&gt;, exit status 0
15:00:21 INFO  Executed sudo&lt;tedge_pres&gt;, exit status 0
15:00:21 INFO  Executed sudo&lt;tedge_temp&gt;, exit status 0
15:00:22 INFO  Executed sudo&lt;tedge_pres&gt;, exit status 0
15:00:22 INFO  Executed sudo&lt;tedge_temp&gt;, exit status 0
15:00:23 INFO  Executed sudo&lt;tedge_pres&gt;, exit status 0
15:00:24 INFO  Executed sudo&lt;tedge_temp&gt;, exit status 0
15:00:24 INFO  Executed sudo&lt;tedge_pres&gt;, exit status 0
15:00:25 INFO  Executed sudo&lt;tedge_temp&gt;, exit status 0
15:00:25 INFO  Executed sudo&lt;tedge_pres&gt;, exit status 0
15:00:26 INFO  Executed sudo&lt;tedge_temp&gt;, exit status 0
15:00:26 INFO  Executed sudo&lt;tedge_pres&gt;, exit status 0
15:00:27 INFO  Executed sudo&lt;tedge_temp&gt;, exit status 0
15:00:28 INFO  Executed sudo&lt;tedge_pres&gt;, exit status 0
15:00:28 INFO  Executed sudo&lt;tedge_temp&gt;, exit status 0
15:00:29 INFO  Executed sudo&lt;tedge_pres&gt;, exit status 0
15:00:30 INFO  Executed sudo&lt;kill_out&gt;, exit status 0
15:00:30 INFO  0

15:00:30 WARN  TypeError occurred while running test - 'int' object is not subscriptable
Traceback (most recent call last):
  File "/home/pi/env-pysys/lib/python3.7/site-packages/pysys/baserunner.py", line 1296, in __call__
    self.testObj.validate()
  File "/home/pi/actions-runner/_work/thin-edge.io/thin-edge.io/tests/PySys/monitoring/monitoring_smaller_interval/run.py", line 104, in validate
    collectd_msg_validation_result=self.validate_json(),
  File "/home/pi/actions-runner/_work/thin-edge.io/thin-edge.io/tests/PySys/monitoring/monitoring_smaller_interval/run.py", line 114, in validate_json
    if not self.validate_time():
  File "/home/pi/actions-runner/_work/thin-edge.io/thin-edge.io/tests/PySys/monitoring/monitoring_smaller_interval/run.py", line 134, in validate_time
    if self.js_msg["time"]:
TypeError: 'int' object is not subscriptable
15:00:30 WARN  TypeError: 'int' object is not subscriptable ... blocked 
15:00:30 INFO  
15:00:30 INFO  cleanup:
15:00:30 INFO  monitoring_cleanup
15:00:31 INFO  Executed sudo&lt;collectd_mapper&gt;, exit status 0
15:00:31 INFO  
15:00:31 INFO  Test duration: 15.02 secs
15:00:31 INFO  Test final outcome:  BLOCKED
15:00:31 INFO  Test outcome reason: TypeError: 'int' object is not subscriptable
15:00:31 INFO  
</system-out>
	</testcase>
</testsuite><testsuite name="monitoring_with_collectd" tests="1" errors="0" failures="0" skipped="1" time="0"><testcase classname="MonitoringWithCollectd" name="monitoring_with_collectd">
		<skipped message="SKIPPED: Test execution disabled due to #792 (instable)" />
		<system-out>15:00:31 INFO  ==============================================================
15:00:31 INFO  Id:    monitoring_with_collectd
15:00:31 INFO  Dir:   monitoring/
15:00:31 INFO  Title: Validate tedge dm agent messages that are produced by batching the collectd messages
15:00:31 INFO  ==============================================================
15:00:31 INFO  Test execution disabled due to #792 (instable) ... skipped
15:00:31 INFO  
15:00:31 INFO  Test duration: 0.02 secs
15:00:31 INFO  Test final outcome:  SKIPPED
15:00:31 INFO  Test outcome reason: Test execution disabled due to #792 (instable)
15:00:31 INFO  
</system-out>
	</testcase>
</testsuite><testsuite name="monitoring_with_simulated_messages" tests="1" errors="0" failures="1" skipped="0" time="0"><testcase classname="MonitoringWithSimulatedMessages" name="monitoring_with_simulated_messages">
		<failure message="BLOCKED: TypeError: 'int' object is not subscriptable" type="BLOCKED" />
		<system-out>15:00:31 INFO  ==============================================================
15:00:31 INFO  Id:    monitoring_with_simulated_messages
15:00:31 INFO  Dir:   monitoring/
15:00:31 INFO  Title: Validate the tedge dm agent messages that are produced from the simulated collectd messages
15:00:31 INFO  ==============================================================
15:00:32 INFO  Executed sudo&lt;collectd&gt;, exit status 0
15:00:32 INFO  Executed sudo&lt;collectd_mapper&gt;, exit status 0
15:00:32 INFO  Started sudo&lt;tedge_sub&gt; with process id 5841
15:00:33 INFO  Executed sudo&lt;tedge_temp&gt;, exit status 0
15:00:33 INFO  Executed sudo&lt;tedge_pres&gt;, exit status 0
15:00:35 INFO  Executed sudo&lt;kill_out&gt;, exit status 0
15:00:35 INFO  0

15:00:35 WARN  TypeError occurred while running test - 'int' object is not subscriptable
Traceback (most recent call last):
  File "/home/pi/env-pysys/lib/python3.7/site-packages/pysys/baserunner.py", line 1296, in __call__
    self.testObj.validate()
  File "/home/pi/actions-runner/_work/thin-edge.io/thin-edge.io/tests/PySys/monitoring/monitoring_with_simulated_messages/run.py", line 98, in validate
    collectd_msg_validation_result=self.validate_json(),
  File "/home/pi/actions-runner/_work/thin-edge.io/thin-edge.io/tests/PySys/monitoring/monitoring_with_simulated_messages/run.py", line 108, in validate_json
    if not self.validate_time():
  File "/home/pi/actions-runner/_work/thin-edge.io/thin-edge.io/tests/PySys/monitoring/monitoring_with_simulated_messages/run.py", line 127, in validate_time
    if self.js_msg["time"]:
TypeError: 'int' object is not subscriptable
15:00:35 WARN  TypeError: 'int' object is not subscriptable ... blocked 
15:00:35 INFO  
15:00:35 INFO  cleanup:
15:00:35 INFO  monitoring_cleanup
15:00:35 INFO  Executed sudo&lt;collectd_mapper&gt;, exit status 0
15:00:35 INFO  
15:00:35 INFO  Test duration: 4.40 secs
15:00:35 INFO  Test final outcome:  BLOCKED
15:00:35 INFO  Test outcome reason: TypeError: 'int' object is not subscriptable
15:00:35 INFO  
</system-out>
	</testcase>
</testsuite><testsuite name="mqtt_port_change_connection_fails" tests="1" errors="0" failures="0" skipped="0" time="0"><testcase classname="MqttPortChangeConnectionFails" name="mqtt_port_change_connection_fails" />
</testsuite><testsuite name="mqtt_port_change_connection_works" tests="1" errors="0" failures="0" skipped="1" time="0"><testcase classname="MqttPortChangeConnectionWorks" name="mqtt_port_change_connection_works">
		<skipped message="SKIPPED: failing intermitently" />
		<system-out>14:59:21 INFO  ==============================================================
14:59:21 INFO  Id:    mqtt_port_change_connection_works
14:59:21 INFO  Dir:   misc_features/
14:59:21 INFO  Title: mqtt port change connection works for all the thin-edge services that use the mosquitto broker
14:59:21 INFO  ==============================================================
14:59:21 INFO  failing intermitently ... skipped
14:59:21 INFO  
14:59:21 INFO  Test duration: 0.02 secs
14:59:21 INFO  Test final outcome:  SKIPPED
14:59:21 INFO  Test outcome reason: failing intermitently
14:59:21 INFO  
</system-out>
	</testcase>
</testsuite><testsuite name="mqtt_port_set" tests="1" errors="0" failures="0" skipped="0" time="0"><testcase classname="MqttPortSet" name="mqtt_port_set" />
</testsuite><testsuite name="mqtt_port_unset" tests="1" errors="0" failures="0" skipped="0" time="0"><testcase classname="MqttPortUnSet" name="mqtt_port_unset" />
</testsuite><testsuite name="publish_flux" tests="1" errors="0" failures="0" skipped="0" time="0"><testcase classname="PublishFlux" name="publish_flux" />
</testsuite><testsuite name="publish_sawmill" tests="1" errors="0" failures="0" skipped="0" time="0"><testcase classname="PublishSawmill" name="publish_sawmill" />
</testsuite><testsuite name="runtime_start_two_mappers" tests="1" errors="0" failures="0" skipped="0" time="0"><testcase classname="RuntimeMultiMappers" name="runtime_start_two_mappers" />
</testsuite><testsuite name="sm_tedge_mapper_init_session" tests="1" errors="0" failures="0" skipped="0" time="0"><testcase classname="TedgeSMMapperInitSession" name="sm_tedge_mapper_init_session" />
</testsuite><testsuite name="smoketest_json" tests="1" errors="0" failures="0" skipped="0" time="0"><testcase classname="SmokeTestJson" name="smoketest_json" />
</testsuite><testsuite name="smoketest_json_400_samples_10ms" tests="1" errors="0" failures="0" skipped="0" time="0"><testcase classname="SmoketestJson400Samples10ms" name="smoketest_json_400_samples_10ms" />
</testsuite><testsuite name="smoketest_json_400_samples_20ms" tests="1" errors="0" failures="0" skipped="0" time="0"><testcase classname="SmoketestJson400Samples20ms" name="smoketest_json_400_samples_20ms" />
</testsuite><testsuite name="smoketest_smartrest" tests="1" errors="0" failures="0" skipped="0" time="0"><testcase classname="SmoketestSmartRest" name="smoketest_smartrest" />
</testsuite><testsuite name="smoketest_smartrest_400_samples_1Xms" tests="1" errors="0" failures="0" skipped="0" time="0"><testcase classname="SmoketestSmartRest400Samples1Xms" name="smoketest_smartrest_400_samples_1Xms" />
</testsuite><testsuite name="smoketest_smartrest_400_samples_20ms" tests="1" errors="0" failures="0" skipped="0" time="0"><testcase classname="SmoketestSmartRest400Samples20ms" name="smoketest_smartrest_400_samples_20ms" />
</testsuite><testsuite name="tedge_agent_user_sudo_access" tests="1" errors="0" failures="0" skipped="1" time="0"><testcase classname="TedgeAgentUserSudoAccess" name="tedge_agent_user_sudo_access">
		<skipped message="SKIPPED: #955 Observation: Exit code of the apt plugin when called with no arguments" />
		<system-out>15:10:38 INFO  ==============================================================
15:10:38 INFO  Id:    tedge_agent_user_sudo_access
15:10:38 INFO  Dir:   tedge/
15:10:38 INFO  Title: Validate tedge-agent user has a limited sudo right
15:10:38 INFO  ==============================================================
15:10:38 INFO  #955 Observation: Exit code of the apt plugin when called with no arguments ... skipped
15:10:38 INFO  
15:10:38 INFO  Test duration: 0.02 secs
15:10:38 INFO  Test final outcome:  SKIPPED
15:10:38 INFO  Test outcome reason: #955 Observation: Exit code of the apt plugin when called with no arguments
15:10:38 INFO  
</system-out>
	</testcase>
</testsuite><testsuite name="tedge_connect_test_negative" tests="1" errors="0" failures="0" skipped="0" time="0"><testcase classname="TedgeConnectTestNegative" name="tedge_connect_test_negative" />
</testsuite><testsuite name="tedge_connect_test_positive" tests="1" errors="0" failures="0" skipped="0" time="0"><testcase classname="TedgeConnectTestPositive" name="tedge_connect_test_positive" />
</testsuite><testsuite name="tedge_connect_test_sm_services" tests="1" errors="0" failures="0" skipped="0" time="0"><testcase classname="TedgeConnectTestSMServices" name="tedge_connect_test_sm_services" />
</testsuite><testsuite name="tedge_disconnect_test_sm_services" tests="1" errors="0" failures="0" skipped="0" time="0"><testcase classname="TedgeDisConnectTestSMServices" name="tedge_disconnect_test_sm_services" />
</testsuite><testsuite name="tedge_mapper_az_negative" tests="1" errors="0" failures="0" skipped="0" time="0"><testcase classname="TedgeMapperAzError" name="tedge_mapper_az_negative" />
</testsuite><testsuite name="tedge_mapper_az_with_timestamp" tests="1" errors="0" failures="0" skipped="0" time="0"><testcase classname="TedgeMapperAzWithTimestamp" name="tedge_mapper_az_with_timestamp" />
</testsuite><testsuite name="tedge_mapper_az_without_timestamp" tests="1" errors="0" failures="0" skipped="0" time="0"><testcase classname="TedgeMapperAzWithoutTimestamp" name="tedge_mapper_az_without_timestamp" />
</testsuite><testsuite name="tedge_mapper_c8y_alarms" tests="1" errors="0" failures="0" skipped="0" time="0"><testcase classname="TedgeMapperC8yAlarm" name="tedge_mapper_c8y_alarms" />
</testsuite><testsuite name="tedge_mapper_c8y_child_device_measurement" tests="1" errors="0" failures="0" skipped="0" time="0"><testcase classname="TedgeMapperC8yChildDevice" name="tedge_mapper_c8y_child_device_measurement" />
</testsuite><testsuite name="tedge_mapper_c8y_packet_threshold_size" tests="1" errors="0" failures="1" skipped="0" time="0"><testcase classname="TedgeMapperC8yThresholdPacketSize" name="tedge_mapper_c8y_packet_threshold_size">
		<failure message="FAILED: Grep on tedge_sub.out contains &quot;The size of the message received on tedge/measurements is 20489 which is greater than the threshold size of 16184.&quot;" type="FAILED" />
		<system-out>15:14:57 INFO  ==============================================================
15:14:57 INFO  Id:    tedge_mapper_c8y_packet_threshold_size
15:14:57 INFO  Dir:   tedge_mapper_c8y/
15:14:57 INFO  Title: Validate the Cumulocity Mapper accepted threshold packet size when it receives a message on tedge/measurements
15:14:57 INFO  ==============================================================
15:14:57 INFO  Executed sudo&lt;tedge_mapper_c8y&gt;, exit status 0
15:14:57 INFO  Started sudo&lt;tedge_sub&gt; with process id 10220
15:14:58 INFO  Executed sudo&lt;tedge_msg&gt;, exit status 0
15:14:59 INFO  Executed sudo&lt;tedge_pub&gt;, exit status 0
15:14:59 INFO  Executed sudo&lt;kill_out&gt;, exit status 0
15:14:59 WARN  Grep on tedge_sub.out contains "The size of the message received on tedge/measurements is 20489 which is greater than the threshold size of 16184." ... failed [run.py:88]
15:14:59 INFO  
15:14:59 INFO  cleanup:
15:14:59 INFO  mapper_cleanup
15:15:00 INFO  Executed sudo&lt;tedge_mapper_c8y&gt;, exit status 0
15:15:00 INFO  
15:15:00 INFO  Test duration: 3.00 secs
15:15:00 INFO  Test final outcome:  FAILED
15:15:00 INFO  Test outcome reason: Grep on tedge_sub.out contains "The size of the message received on tedge/measurements is 20489 which is greater than the threshold size of 16184."
15:15:00 INFO  
</system-out>
	</testcase>
</testsuite><testsuite name="tedge_software_update" tests="1" errors="0" failures="0" skipped="0" time="0"><testcase classname="PySysTest" name="tedge_software_update" />
</testsuite><testsuite name="valid_device_id" tests="1" errors="0" failures="0" skipped="0" time="0"><testcase classname="ValidateValidDeviceId" name="valid_device_id" />
</testsuite></testsuites>