<?xml version='1.0' encoding='utf-8'?>
<testsuites tests="139" failures="18" errors="0" skipped="45" time="0.0"><testsuite name="SoftwareManagement.Plugin.apama_plugin_install" tests="3" errors="0" failures="0" skipped="1" time="0"><testcase classname="ApamaPluginInstallTest" name="SoftwareManagement.Plugin.apama_plugin_install">
		<skipped message="SKIPPED: Apama plugin tests are disabled by default. Execute `pysys run` with `-XmyPlatform=container` to run these tests" />
		<system-out>13:01:35 INFO  ==============================================================
13:01:35 INFO  Id:    SoftwareManagement.Plugin.apama_plugin_install
13:01:35 INFO  Dir:   plugin_apama/
13:01:35 INFO  Title: Validate apama plugin install
13:01:35 INFO  ==============================================================
13:01:35 INFO  Apama plugin tests are disabled by default. Execute `pysys run` with `-XmyPlatform=container` to run these tests ... skipped
13:01:35 WARN  Aborted test due to SKIPPED outcome
13:01:35 INFO  
13:01:35 INFO  Test duration: 0.04 secs
13:01:35 INFO  Test final outcome:  SKIPPED
13:01:35 INFO  Test outcome reason: Apama plugin tests are disabled by default. Execute `pysys run` with `-XmyPlatform=container` to run these tests
13:01:35 INFO  
</system-out>
	</testcase>
<testcase classname="ApamaPluginInstallTest" name="SoftwareManagement.Plugin.apama_plugin_install" />
<testcase classname="ApamaPluginInstallTest" name="SoftwareManagement.Plugin.apama_plugin_install" />
</testsuite><testsuite name="SoftwareManagement.Plugin.apama_plugin_mon_support" tests="3" errors="0" failures="0" skipped="1" time="0"><testcase classname="ApamaPluginMonSupportTest" name="SoftwareManagement.Plugin.apama_plugin_mon_support">
		<skipped message="SKIPPED: Apama plugin tests are disabled by default. Execute `pysys run` with `-XmyPlatform=container` to run these tests" />
		<system-out>13:01:35 INFO  ==============================================================
13:01:35 INFO  Id:    SoftwareManagement.Plugin.apama_plugin_mon_support
13:01:35 INFO  Dir:   plugin_apama/
13:01:35 INFO  Title: Validate mon file support of apama plugin
13:01:35 INFO  ==============================================================
13:01:35 INFO  Apama plugin tests are disabled by default. Execute `pysys run` with `-XmyPlatform=container` to run these tests ... skipped
13:01:35 WARN  Aborted test due to SKIPPED outcome
13:01:35 INFO  
13:01:35 INFO  Test duration: 0.03 secs
13:01:35 INFO  Test final outcome:  SKIPPED
13:01:35 INFO  Test outcome reason: Apama plugin tests are disabled by default. Execute `pysys run` with `-XmyPlatform=container` to run these tests
13:01:35 INFO  
</system-out>
	</testcase>
<testcase classname="ApamaPluginMonSupportTest" name="SoftwareManagement.Plugin.apama_plugin_mon_support" />
<testcase classname="ApamaPluginMonSupportTest" name="SoftwareManagement.Plugin.apama_plugin_mon_support" />
</testsuite><testsuite name="SoftwareManagement.Plugin.apama_plugin_remove" tests="3" errors="0" failures="0" skipped="1" time="0"><testcase classname="ApamaPluginRemoveTest" name="SoftwareManagement.Plugin.apama_plugin_remove">
		<skipped message="SKIPPED: Apama plugin tests are disabled by default. Execute `pysys run` with `-XmyPlatform=container` to run these tests" />
		<system-out>13:01:35 INFO  ==============================================================
13:01:35 INFO  Id:    SoftwareManagement.Plugin.apama_plugin_remove
13:01:35 INFO  Dir:   plugin_apama/
13:01:35 INFO  Title: Validate apama plugin remove
13:01:35 INFO  ==============================================================
13:01:35 INFO  Apama plugin tests are disabled by default. Execute `pysys run` with `-XmyPlatform=container` to run these tests ... skipped
13:01:35 WARN  Aborted test due to SKIPPED outcome
13:01:35 INFO  
13:01:35 INFO  Test duration: 0.02 secs
13:01:35 INFO  Test final outcome:  SKIPPED
13:01:35 INFO  Test outcome reason: Apama plugin tests are disabled by default. Execute `pysys run` with `-XmyPlatform=container` to run these tests
13:01:35 INFO  
</system-out>
	</testcase>
<testcase classname="ApamaPluginRemoveTest" name="SoftwareManagement.Plugin.apama_plugin_remove" />
<testcase classname="ApamaPluginRemoveTest" name="SoftwareManagement.Plugin.apama_plugin_remove" />
</testsuite><testsuite name="SoftwareManagement.Plugin.apama_plugin_update" tests="3" errors="0" failures="2" skipped="1" time="0"><testcase classname="ApamaPluginUpdateTest" name="SoftwareManagement.Plugin.apama_plugin_update">
		<skipped message="SKIPPED: Apama plugin tests are disabled by default. Execute `pysys run` with `-XmyPlatform=container` to run these tests" />
		<system-out>13:01:35 INFO  ==============================================================
13:01:35 INFO  Id:    SoftwareManagement.Plugin.apama_plugin_update
13:01:35 INFO  Dir:   plugin_apama/
13:01:35 INFO  Title: Validate apama plugin updating one project with another
13:01:35 INFO  ==============================================================
13:01:35 INFO  Apama plugin tests are disabled by default. Execute `pysys run` with `-XmyPlatform=container` to run these tests ... skipped
13:01:35 WARN  Aborted test due to SKIPPED outcome
13:01:35 INFO  
13:01:35 INFO  Test duration: 0.11 secs
13:01:35 INFO  Test final outcome:  SKIPPED
13:01:35 INFO  Test outcome reason: Apama plugin tests are disabled by default. Execute `pysys run` with `-XmyPlatform=container` to run these tests
13:01:35 INFO  
</system-out>
	</testcase>
<testcase classname="ApamaPluginUpdateTest" name="SoftwareManagement.Plugin.apama_plugin_update">
		<failure message="BLOCKED: sudo&lt;plugin_install&gt; returned non-zero exit code 2" type="BLOCKED" />
		<system-out>13:52:47 INFO  ==============================================================
13:52:47 INFO  Id:    SoftwareManagement.Plugin.apama_plugin_update
13:52:47 INFO  Dir:   plugin_apama/
13:52:47 INFO  Title: Validate apama plugin updating one project with another
13:52:47 INFO  ==============================================================
13:52:47 INFO  Assertion that path exists=False for "/etc/tedge/apama/project" ... passed
13:52:47 INFO  Executed sudo&lt;create_project_dir&gt;, exit status 0
13:52:48 INFO  Executed sudo&lt;unzip_apama_project&gt;, exit status 0
13:52:48 INFO  Executed sudo&lt;move_apama_project&gt;, exit status 0
13:52:49 INFO  Executed sudo&lt;restart_apama_service&gt;, exit status 0
13:52:50 INFO  Executed sudo&lt;apama_correlator_wait&gt;, exit status 0
13:52:50 INFO  Assertion that path exists=True for "/etc/tedge/apama/project" ... passed
13:52:51 INFO  Executed sudo&lt;apama_list_monitors&gt;, exit status 0
13:52:51 INFO  Grep on file /home/pi/actions-runner/_work/thin-edge.io/thin-edge.io/tests/PySys/plugin_apama/apama_plugin_update/Output/linux/apama_list_monitors.out ... passed
13:52:51 WARN  Executed sudo&lt;plugin_install&gt;, exit status 2
13:52:51 INFO  Contents of plugin_install.err: 
  ERROR: Directory not empty (os error 39)
  -----

13:52:52 WARN  sudo&lt;plugin_install&gt; returned non-zero exit code 2 ... blocked [run.py:35]
13:52:52 WARN  Aborted test due to BLOCKED outcome
13:52:52 INFO  
13:52:52 INFO  cleanup:
13:52:52 INFO  Removing apama project
13:53:07 INFO  Executed sudo&lt;stop_apama_service&gt;, exit status 0, duration 15 secs
13:53:07 INFO  Executed sudo&lt;remove_apama_project&gt;, exit status 0
13:53:08 INFO  Executed sudo&lt;remove_apama_tmp_dir&gt;, exit status 0
13:53:08 INFO  
13:53:08 INFO  Test duration: 21.07 secs
13:53:08 INFO  Test final outcome:  BLOCKED
13:53:08 INFO  Test outcome reason: sudo&lt;plugin_install&gt; returned non-zero exit code 2
13:53:08 INFO  
</system-out>
	</testcase>
<testcase classname="ApamaPluginUpdateTest" name="SoftwareManagement.Plugin.apama_plugin_update">
		<failure message="BLOCKED: sudo&lt;plugin_install&gt; returned non-zero exit code 2" type="BLOCKED" />
		<system-out>14:01:27 INFO  ==============================================================
14:01:27 INFO  Id:    SoftwareManagement.Plugin.apama_plugin_update
14:01:27 INFO  Dir:   plugin_apama/
14:01:27 INFO  Title: Validate apama plugin updating one project with another
14:01:27 INFO  ==============================================================
14:01:27 INFO  Assertion that path exists=False for "/etc/tedge/apama/project" ... passed
14:01:28 INFO  Executed sudo&lt;create_project_dir&gt;, exit status 0
14:01:28 INFO  Executed sudo&lt;unzip_apama_project&gt;, exit status 0
14:01:29 INFO  Executed sudo&lt;move_apama_project&gt;, exit status 0
14:01:30 INFO  Executed sudo&lt;restart_apama_service&gt;, exit status 0
14:01:30 INFO  Executed sudo&lt;apama_correlator_wait&gt;, exit status 0
14:01:30 INFO  Assertion that path exists=True for "/etc/tedge/apama/project" ... passed
14:01:31 INFO  Executed sudo&lt;apama_list_monitors&gt;, exit status 0
14:01:31 INFO  Grep on file /home/pi/actions-runner/_work/thin-edge.io/thin-edge.io/tests/PySys/plugin_apama/apama_plugin_update/Output/linux/apama_list_monitors.out ... passed
14:01:32 WARN  Executed sudo&lt;plugin_install&gt;, exit status 2
14:01:32 INFO  Contents of plugin_install.err: 
  ERROR: Directory not empty (os error 39)
  -----

14:01:32 WARN  sudo&lt;plugin_install&gt; returned non-zero exit code 2 ... blocked [run.py:35]
14:01:32 WARN  Aborted test due to BLOCKED outcome
14:01:32 INFO  
14:01:32 INFO  cleanup:
14:01:32 INFO  Removing apama project
14:01:48 INFO  Executed sudo&lt;stop_apama_service&gt;, exit status 0, duration 15 secs
14:01:48 INFO  Executed sudo&lt;remove_apama_project&gt;, exit status 0
14:01:49 INFO  Executed sudo&lt;remove_apama_tmp_dir&gt;, exit status 0
14:01:49 INFO  
14:01:49 INFO  Test duration: 21.30 secs
14:01:49 INFO  Test final outcome:  BLOCKED
14:01:49 INFO  Test outcome reason: sudo&lt;plugin_install&gt; returned non-zero exit code 2
14:01:49 INFO  
</system-out>
	</testcase>
</testsuite><testsuite name="SoftwareManagement.sm_apt_install_download_path" tests="3" errors="0" failures="2" skipped="1" time="0"><testcase classname="AptInstallWithDownloadPath" name="SoftwareManagement.sm_apt_install_download_path">
		<skipped message="SKIPPED: Testing the apt plugin is not supported on this platform.Use parameter -XmyPlatform='container' to enable it" />
		<system-out>13:11:10 INFO  ==============================================================
13:11:10 INFO  Id:    SoftwareManagement.sm_apt_install_download_path
13:11:10 INFO  Dir:   software_management_end_to_end/
13:11:10 INFO  Title: Install package to directory specified in tedge config set tmp.path
13:11:10 INFO  ==============================================================
13:11:10 INFO  Testing the apt plugin is not supported on this platform.Use parameter -XmyPlatform='container' to enable it ... skipped
13:11:10 WARN  Aborted test due to SKIPPED outcome
13:11:10 INFO  
13:11:10 INFO  Test duration: 0.08 secs
13:11:10 INFO  Test final outcome:  SKIPPED
13:11:10 INFO  Test outcome reason: Testing the apt plugin is not supported on this platform.Use parameter -XmyPlatform='container' to enable it
13:11:10 INFO  
</system-out>
	</testcase>
<testcase classname="AptInstallWithDownloadPath" name="SoftwareManagement.sm_apt_install_download_path">
		<failure message="BLOCKED: AssertionError:" type="BLOCKED" />
		<system-out>13:34:46 INFO  ==============================================================
13:34:46 INFO  Id:    SoftwareManagement.sm_apt_install_download_path
13:34:46 INFO  Dir:   software_management_end_to_end/
13:34:46 INFO  Title: Install package to directory specified in tedge config set tmp.path
13:34:46 INFO  ==============================================================
13:34:46 INFO  Using sw id database: {'asciijump': '5475369', 'robotfindskitten': '5474869', 'squirrel3': '5475279', 'rolldice': '5152439', 'moon-buggy': '5439204', 'apple': '5495053', 'banana': '5494888', 'cherry': '5495382', 'watermelon': '5494510', 'registry': '8018911', 'hello-world': '8021526', 'docker/getting-started': '8021973', 'alpine': '7991792'}
13:34:46 INFO  EnvironmentC8y Setup
13:34:47 INFO  Executed systemctl&lt;serv_mapper1&gt;, exit status 3
13:35:01 INFO  Executed sudo&lt;tedge_connect_c8y&gt;, exit status 0, duration 14 secs
13:35:03 INFO  Executed sudo&lt;tedge_connect_c8y_test&gt;, exit status 0
13:35:04 INFO  Executed systemctl&lt;serv_mosq2&gt;, exit status 0
13:35:05 INFO  Executed systemctl&lt;serv_mapper3&gt;, exit status 0
13:35:07 ERROR No operations found, assuming it passed
13:35:07 INFO  Assert that (False == value) with value=False ... passed
13:35:08 INFO  Executed sudo, exit status 0
13:35:08 INFO  Executed sudo, exit status 0
13:35:09 INFO  Executed sudo, exit status 0
13:35:13 INFO  Executed sudo&lt;tedge_disconnect_c8y&gt;, exit status 0
13:35:13 INFO  Restarting mosquitto too frequently in the last 10 seconds. It was only up for 3 seconds
13:35:13 INFO  Delaying execution by 8 seconds
13:35:35 INFO  Executed sudo&lt;tedge_connect_c8y&gt;, exit status 0, duration 13 secs
13:35:35 INFO  Response status: 201
13:35:35 INFO  Response to action: {
    "creationTime": "2022-06-10T13:35:35.840Z",
    "deviceId": "20115668",
    "deviceName": "m32sd10d",
    "self": "https://t493319102.eu-latest.cumulocity.com/devicecontrol/operations/20136196",
    "id": "20136196",
    "status": "PENDING",
    "description": "Apply software changes, triggered from PySys: [{'name': 'rolldice', 'id': '5152439', 'version': '::apt', 'url': 'https://thin-edge-io.eu-latest.cumulocity.com/inventory/binaries/12435463', 'action': 'install'}]",
    "c8y_SoftwareUpdate": [
        {
            "name": "rolldice",
            "action": "install",
            "id": "5152439",
            "version": "::apt",
            "url": "https://thin-edge-io.eu-latest.cumulocity.com/inventory/binaries/12435463"
        }
    ]
}
13:35:35 INFO  Started operation: {'creationTime': '2022-06-10T13:35:35.840Z', 'deviceId': '20115668', 'deviceName': 'm32sd10d', 'self': 'https://t493319102.eu-latest.cumulocity.com/devicecontrol/operations/20136196', 'id': '20136196', 'status': 'PENDING', 'description': "Apply software changes, triggered from PySys: [{'name': 'rolldice', 'id': '5152439', 'version': '::apt', 'url': 'https://thin-edge-io.eu-latest.cumulocity.com/inventory/binaries/12435463', 'action': 'install'}]", 'c8y_SoftwareUpdate': [{'name': 'rolldice', 'action': 'install', 'id': '5152439', 'version': '::apt', 'url': 'https://thin-edge-io.eu-latest.cumulocity.com/inventory/binaries/12435463'}]}
13:35:35 WARN  , retrying in 0.5 seconds...
13:35:36 WARN  , retrying in 0.5 seconds...
13:35:36 WARN  , retrying in 0.5 seconds...
13:35:37 WARN  , retrying in 0.5 seconds...
13:35:37 WARN  , retrying in 0.5 seconds...
13:35:38 WARN  , retrying in 0.5 seconds...
13:35:38 WARN  , retrying in 0.5 seconds...
13:35:39 WARN  , retrying in 0.5 seconds...
13:35:39 WARN  , retrying in 0.5 seconds...
13:35:40 WARN  AssertionError occurred while running test - 
Traceback (most recent call last):
  File "/home/pi/env-pysys/lib/python3.7/site-packages/pysys/baserunner.py", line 1294, in __call__
    self.testObj.execute()
  File "/home/pi/actions-runner/_work/thin-edge.io/thin-edge.io/tests/PySys/software_management_end_to_end/sm_apt_install_download_path/run.py", line 83, in execute
    assert_install_in_download_path(install_directory=self.DOWNLOAD_DIR)
  File "/home/pi/env-pysys/lib/python3.7/site-packages/decorator.py", line 232, in fun
    return caller(func, *(extras + args), **kw)
  File "/home/pi/env-pysys/lib/python3.7/site-packages/retry/api.py", line 74, in retry_decorator
    logger)
  File "/home/pi/env-pysys/lib/python3.7/site-packages/retry/api.py", line 33, in __retry_internal
    return f()
  File "/home/pi/actions-runner/_work/thin-edge.io/thin-edge.io/tests/PySys/software_management_end_to_end/sm_apt_install_download_path/run.py", line 28, in assert_install_in_download_path
    assert "rolldice" in os.listdir(f"{install_directory}")
AssertionError
13:35:41 WARN  AssertionError: ... blocked 
13:35:41 INFO  
13:35:41 INFO  cleanup:
13:35:41 INFO  Executed sudo, exit status 0
13:35:42 INFO  Executed sudo, exit status 0
13:35:46 INFO  Executed sudo&lt;tedge_disconnect_c8y&gt;, exit status 0
13:35:46 INFO  Restarting mosquitto too frequently in the last 10 seconds. It was only up for 3 seconds
13:35:46 INFO  Delaying execution by 8 seconds
13:36:08 INFO  Executed sudo&lt;tedge_connect_c8y&gt;, exit status 0, duration 13 secs
13:36:12 INFO  Executed sudo&lt;tedge_disconnect_c8y&gt;, exit status 0
13:36:13 INFO  Executed systemctl&lt;serv_mapper5&gt;, exit status 3
13:36:13 INFO  
13:36:13 INFO  Test duration: 86.84 secs
13:36:13 INFO  Test final outcome:  BLOCKED
13:36:13 INFO  Test outcome reason: AssertionError:
13:36:13 INFO  
</system-out>
	</testcase>
<testcase classname="AptInstallWithDownloadPath" name="SoftwareManagement.sm_apt_install_download_path">
		<failure message="BLOCKED: AssertionError:" type="BLOCKED" />
		<system-out>14:01:49 INFO  ==============================================================
14:01:49 INFO  Id:    SoftwareManagement.sm_apt_install_download_path
14:01:49 INFO  Dir:   software_management_end_to_end/
14:01:49 INFO  Title: Install package to directory specified in tedge config set tmp.path
14:01:49 INFO  ==============================================================
14:01:50 INFO  Using sw id database: {'asciijump': '5475369', 'robotfindskitten': '5474869', 'squirrel3': '5475279', 'rolldice': '5152439', 'moon-buggy': '5439204', 'apple': '5495053', 'banana': '5494888', 'cherry': '5495382', 'watermelon': '5494510', 'registry': '8018911', 'hello-world': '8021526', 'docker/getting-started': '8021973', 'alpine': '7991792'}
14:01:50 INFO  EnvironmentC8y Setup
14:01:50 INFO  Executed systemctl&lt;serv_mapper1&gt;, exit status 3
14:02:05 INFO  Executed sudo&lt;tedge_connect_c8y&gt;, exit status 0, duration 14 secs
14:02:05 INFO  Executed sudo&lt;tedge_connect_c8y_test&gt;, exit status 0
14:02:06 INFO  Executed systemctl&lt;serv_mosq2&gt;, exit status 0
14:02:06 INFO  Executed systemctl&lt;serv_mapper3&gt;, exit status 0
14:02:09 INFO  State of current operation: SUCCESSFUL
14:02:09 INFO  Assert that (False == value) with value=False ... passed
14:02:09 INFO  Executed sudo, exit status 0
14:02:10 INFO  Executed sudo, exit status 0
14:02:11 INFO  Executed sudo, exit status 0
14:02:14 INFO  Executed sudo&lt;tedge_disconnect_c8y&gt;, exit status 0
14:02:15 INFO  Restarting mosquitto too frequently in the last 10 seconds. It was only up for 4 seconds
14:02:15 INFO  Delaying execution by 7 seconds
14:02:35 INFO  Executed sudo&lt;tedge_connect_c8y&gt;, exit status 0, duration 13 secs
14:02:36 INFO  Response status: 201
14:02:36 INFO  Response to action: {
    "creationTime": "2022-06-10T14:02:36.007Z",
    "deviceId": "20115668",
    "deviceName": "m32sd10d",
    "self": "https://t493319102.eu-latest.cumulocity.com/devicecontrol/operations/20136642",
    "id": "20136642",
    "status": "PENDING",
    "description": "Apply software changes, triggered from PySys: [{'name': 'rolldice', 'id': '5152439', 'version': '::apt', 'url': 'https://thin-edge-io.eu-latest.cumulocity.com/inventory/binaries/12435463', 'action': 'install'}]",
    "c8y_SoftwareUpdate": [
        {
            "name": "rolldice",
            "action": "install",
            "id": "5152439",
            "version": "::apt",
            "url": "https://thin-edge-io.eu-latest.cumulocity.com/inventory/binaries/12435463"
        }
    ]
}
14:02:36 INFO  Started operation: {'creationTime': '2022-06-10T14:02:36.007Z', 'deviceId': '20115668', 'deviceName': 'm32sd10d', 'self': 'https://t493319102.eu-latest.cumulocity.com/devicecontrol/operations/20136642', 'id': '20136642', 'status': 'PENDING', 'description': "Apply software changes, triggered from PySys: [{'name': 'rolldice', 'id': '5152439', 'version': '::apt', 'url': 'https://thin-edge-io.eu-latest.cumulocity.com/inventory/binaries/12435463', 'action': 'install'}]", 'c8y_SoftwareUpdate': [{'name': 'rolldice', 'action': 'install', 'id': '5152439', 'version': '::apt', 'url': 'https://thin-edge-io.eu-latest.cumulocity.com/inventory/binaries/12435463'}]}
14:02:36 WARN  , retrying in 0.5 seconds...
14:02:36 WARN  , retrying in 0.5 seconds...
14:02:37 WARN  , retrying in 0.5 seconds...
14:02:37 WARN  , retrying in 0.5 seconds...
14:02:38 WARN  , retrying in 0.5 seconds...
14:02:38 WARN  , retrying in 0.5 seconds...
14:02:39 WARN  , retrying in 0.5 seconds...
14:02:39 WARN  , retrying in 0.5 seconds...
14:02:40 WARN  , retrying in 0.5 seconds...
14:02:40 WARN  AssertionError occurred while running test - 
Traceback (most recent call last):
  File "/home/pi/env-pysys/lib/python3.7/site-packages/pysys/baserunner.py", line 1294, in __call__
    self.testObj.execute()
  File "/home/pi/actions-runner/_work/thin-edge.io/thin-edge.io/tests/PySys/software_management_end_to_end/sm_apt_install_download_path/run.py", line 83, in execute
    assert_install_in_download_path(install_directory=self.DOWNLOAD_DIR)
  File "/home/pi/env-pysys/lib/python3.7/site-packages/decorator.py", line 232, in fun
    return caller(func, *(extras + args), **kw)
  File "/home/pi/env-pysys/lib/python3.7/site-packages/retry/api.py", line 74, in retry_decorator
    logger)
  File "/home/pi/env-pysys/lib/python3.7/site-packages/retry/api.py", line 33, in __retry_internal
    return f()
  File "/home/pi/actions-runner/_work/thin-edge.io/thin-edge.io/tests/PySys/software_management_end_to_end/sm_apt_install_download_path/run.py", line 28, in assert_install_in_download_path
    assert "rolldice" in os.listdir(f"{install_directory}")
AssertionError
14:02:40 WARN  AssertionError: ... blocked 
14:02:40 INFO  
14:02:40 INFO  cleanup:
14:02:41 INFO  Executed sudo, exit status 0
14:02:41 INFO  Executed sudo, exit status 0
14:02:46 INFO  Executed sudo&lt;tedge_disconnect_c8y&gt;, exit status 0
14:02:46 INFO  Restarting mosquitto too frequently in the last 10 seconds. It was only up for 4 seconds
14:02:46 INFO  Delaying execution by 7 seconds
14:03:07 INFO  Executed sudo&lt;tedge_connect_c8y&gt;, exit status 0, duration 13 secs
14:03:11 INFO  Executed sudo&lt;tedge_disconnect_c8y&gt;, exit status 0
14:03:11 INFO  Executed systemctl&lt;serv_mapper5&gt;, exit status 3
14:03:11 INFO  
14:03:11 INFO  Test duration: 82.89 secs
14:03:11 INFO  Test final outcome:  BLOCKED
14:03:11 INFO  Test outcome reason: AssertionError:
14:03:11 INFO  
</system-out>
	</testcase>
</testsuite><testsuite name="SoftwareManagement.sm_apt_install_fail" tests="3" errors="0" failures="0" skipped="1" time="0"><testcase classname="PySysTest" name="SoftwareManagement.sm_apt_install_fail">
		<skipped message="SKIPPED: Testing the apt plugin is not supported on this platform.Use parameter -XmyPlatform='container' to enable it" />
		<system-out>13:11:10 INFO  ==============================================================
13:11:10 INFO  Id:    SoftwareManagement.sm_apt_install_fail
13:11:10 INFO  Dir:   software_management_end_to_end/
13:11:10 INFO  Title: Validate end to end behaviour for a failing installation
13:11:10 INFO  ==============================================================
13:11:10 INFO  Testing the apt plugin is not supported on this platform.Use parameter -XmyPlatform='container' to enable it ... skipped
13:11:10 WARN  Aborted test due to SKIPPED outcome
13:11:10 INFO  
13:11:10 INFO  Test duration: 0.02 secs
13:11:10 INFO  Test final outcome:  SKIPPED
13:11:10 INFO  Test outcome reason: Testing the apt plugin is not supported on this platform.Use parameter -XmyPlatform='container' to enable it
13:11:10 INFO  
</system-out>
	</testcase>
<testcase classname="PySysTest" name="SoftwareManagement.sm_apt_install_fail" />
<testcase classname="PySysTest" name="SoftwareManagement.sm_apt_install_fail" />
</testsuite><testsuite name="SoftwareManagement.sm_apt_install_remove" tests="3" errors="0" failures="0" skipped="1" time="0"><testcase classname="PySysTest" name="SoftwareManagement.sm_apt_install_remove">
		<skipped message="SKIPPED: Testing the apt plugin is not supported on this platform.Use parameter -XmyPlatform='container' to enable it" />
		<system-out>13:11:10 INFO  ==============================================================
13:11:10 INFO  Id:    SoftwareManagement.sm_apt_install_remove
13:11:10 INFO  Dir:   software_management_end_to_end/
13:11:10 INFO  Title: Validate end to end behaviour for the apt plugin for installation and removal of packages
13:11:10 INFO  ==============================================================
13:11:10 INFO  Testing the apt plugin is not supported on this platform.Use parameter -XmyPlatform='container' to enable it ... skipped
13:11:10 WARN  Aborted test due to SKIPPED outcome
13:11:10 INFO  
13:11:10 INFO  Test duration: 0.02 secs
13:11:10 INFO  Test final outcome:  SKIPPED
13:11:10 INFO  Test outcome reason: Testing the apt plugin is not supported on this platform.Use parameter -XmyPlatform='container' to enable it
13:11:10 INFO  
</system-out>
	</testcase>
<testcase classname="PySysTest" name="SoftwareManagement.sm_apt_install_remove" />
<testcase classname="PySysTest" name="SoftwareManagement.sm_apt_install_remove" />
</testsuite><testsuite name="SoftwareManagement.sm_apt_install_remove_default" tests="3" errors="0" failures="0" skipped="1" time="0"><testcase classname="PySysTest" name="SoftwareManagement.sm_apt_install_remove_default">
		<skipped message="SKIPPED: Testing the apt plugin is not supported on this platform.Use parameter -XmyPlatform='container' to enable it" />
		<system-out>13:11:10 INFO  ==============================================================
13:11:10 INFO  Id:    SoftwareManagement.sm_apt_install_remove_default
13:11:10 INFO  Dir:   software_management_end_to_end/
13:11:10 INFO  Title: Validate end to end behaviour for the default plugin for installation and removal of packages
13:11:10 INFO  ==============================================================
13:11:10 INFO  Testing the apt plugin is not supported on this platform.Use parameter -XmyPlatform='container' to enable it ... skipped
13:11:10 WARN  Aborted test due to SKIPPED outcome
13:11:10 INFO  
13:11:10 INFO  Test duration: 0.02 secs
13:11:10 INFO  Test final outcome:  SKIPPED
13:11:10 INFO  Test outcome reason: Testing the apt plugin is not supported on this platform.Use parameter -XmyPlatform='container' to enable it
13:11:10 INFO  
</system-out>
	</testcase>
<testcase classname="PySysTest" name="SoftwareManagement.sm_apt_install_remove_default" />
<testcase classname="PySysTest" name="SoftwareManagement.sm_apt_install_remove_default" />
</testsuite><testsuite name="SoftwareManagement.sm_apt_install_remove_multiple" tests="3" errors="0" failures="2" skipped="1" time="0"><testcase classname="PySysTest" name="SoftwareManagement.sm_apt_install_remove_multiple">
		<skipped message="SKIPPED: Testing the apt plugin is not supported on this platform.Use parameter -XmyPlatform='container' to enable it" />
		<system-out>13:11:11 INFO  ==============================================================
13:11:11 INFO  Id:    SoftwareManagement.sm_apt_install_remove_multiple
13:11:11 INFO  Dir:   software_management_end_to_end/
13:11:11 INFO  Title: Validate end to end behaviour for the apt plugin for multiple packages
13:11:11 INFO  ==============================================================
13:11:11 INFO  Testing the apt plugin is not supported on this platform.Use parameter -XmyPlatform='container' to enable it ... skipped
13:11:11 WARN  Aborted test due to SKIPPED outcome
13:11:11 INFO  
13:11:11 INFO  Test duration: 0.02 secs
13:11:11 INFO  Test final outcome:  SKIPPED
13:11:11 INFO  Test outcome reason: Testing the apt plugin is not supported on this platform.Use parameter -XmyPlatform='container' to enable it
13:11:11 INFO  
</system-out>
	</testcase>
<testcase classname="PySysTest" name="SoftwareManagement.sm_apt_install_remove_multiple">
		<failure message="FAILED: Assert that (False == value) with value=True" type="FAILED" />
		<system-out>13:43:01 INFO  ==============================================================
13:43:01 INFO  Id:    SoftwareManagement.sm_apt_install_remove_multiple
13:43:01 INFO  Dir:   software_management_end_to_end/
13:43:01 INFO  Title: Validate end to end behaviour for the apt plugin for multiple packages
13:43:01 INFO  ==============================================================
13:43:02 INFO  Using sw id database: {'asciijump': '5475369', 'robotfindskitten': '5474869', 'squirrel3': '5475279', 'rolldice': '5152439', 'moon-buggy': '5439204', 'apple': '5495053', 'banana': '5494888', 'cherry': '5495382', 'watermelon': '5494510', 'registry': '8018911', 'hello-world': '8021526', 'docker/getting-started': '8021973', 'alpine': '7991792'}
13:43:02 INFO  EnvironmentC8y Setup
13:43:02 INFO  Executed systemctl&lt;serv_mapper1&gt;, exit status 3
13:43:02 INFO  Restarting mosquitto too frequently in the last 10 seconds. It was only up for 5 seconds
13:43:02 INFO  Delaying execution by 6 seconds
13:43:22 INFO  Executed sudo&lt;tedge_connect_c8y&gt;, exit status 0, duration 13 secs
13:43:23 INFO  Executed sudo&lt;tedge_connect_c8y_test&gt;, exit status 0
13:43:23 INFO  Executed systemctl&lt;serv_mosq2&gt;, exit status 0
13:43:24 INFO  Executed systemctl&lt;serv_mapper3&gt;, exit status 0
13:43:26 INFO  State of current operation: SUCCESSFUL
13:43:26 INFO  Assert that (False == value) with value=False ... passed
13:43:26 INFO  Assert that (False == value) with value=False ... passed
13:43:27 INFO  Assert that (False == value) with value=False ... passed
13:43:27 INFO  Package robotfindskitten is installed
13:43:27 WARN  Assert that (False == value) with value=True ... failed 
13:43:27 INFO  Response status: 201
13:43:27 INFO  Response to action: {
    "creationTime": "2022-06-10T13:43:27.771Z",
    "deviceId": "20115668",
    "deviceName": "m32sd10d",
    "self": "https://t493319102.eu-latest.cumulocity.com/devicecontrol/operations/20136342",
    "id": "20136342",
    "status": "PENDING",
    "description": "Apply software changes, triggered from PySys: [{'action': 'install', 'id': '5475369', 'name': 'asciijump', 'url': ' ', 'version': '::apt'}, {'action': 'install', 'id': '5474869', 'name': 'robotfindskitten', 'url': ' ', 'version': '::apt'}, {'action': 'install', 'id': '5475279', 'name': 'squirrel3', 'url': ' ', 'version': '::apt'}]",
    "c8y_SoftwareUpdate": [
        {
            "name": "asciijump",
            "action": "install",
            "id": "5475369",
            "version": "::apt",
            "url": " "
        },
        {
            "name": "robotfindskitten",
            "action": "install",
            "id": "5474869",
            "version": "::apt",
            "url": " "
        },
        {
            "name": "squirrel3",
            "action": "install",
            "id": "5475279",
            "version": "::apt",
            "url": " "
        }
    ]
}
13:43:27 INFO  Started operation: {'creationTime': '2022-06-10T13:43:27.771Z', 'deviceId': '20115668', 'deviceName': 'm32sd10d', 'self': 'https://t493319102.eu-latest.cumulocity.com/devicecontrol/operations/20136342', 'id': '20136342', 'status': 'PENDING', 'description': "Apply software changes, triggered from PySys: [{'action': 'install', 'id': '5475369', 'name': 'asciijump', 'url': ' ', 'version': '::apt'}, {'action': 'install', 'id': '5474869', 'name': 'robotfindskitten', 'url': ' ', 'version': '::apt'}, {'action': 'install', 'id': '5475279', 'name': 'squirrel3', 'url': ' ', 'version': '::apt'}]", 'c8y_SoftwareUpdate': [{'name': 'asciijump', 'action': 'install', 'id': '5475369', 'version': '::apt', 'url': ' '}, {'name': 'robotfindskitten', 'action': 'install', 'id': '5474869', 'version': '::apt', 'url': ' '}, {'name': 'squirrel3', 'action': 'install', 'id': '5475279', 'version': '::apt', 'url': ' '}]}
13:43:30 INFO  State of operation 20136342 : PENDING
13:43:32 INFO  State of operation 20136342 : EXECUTING
13:43:34 INFO  State of operation 20136342 : EXECUTING
13:43:36 INFO  State of operation 20136342 : EXECUTING
13:43:38 INFO  State of operation 20136342 : EXECUTING
13:43:41 INFO  State of operation 20136342 : EXECUTING
13:43:44 INFO  State of operation 20136342 : EXECUTING
13:43:46 INFO  State of operation 20136342 : EXECUTING
13:43:48 INFO  State of operation 20136342 : EXECUTING
13:43:51 INFO  State of operation 20136342 : EXECUTING
13:43:53 INFO  State of operation 20136342 : EXECUTING
13:43:55 INFO  State of operation 20136342 : EXECUTING
13:43:57 INFO  State of operation 20136342 : EXECUTING
13:44:00 INFO  State of operation 20136342 : EXECUTING
13:44:02 INFO  State of operation 20136342 : EXECUTING
13:44:04 INFO  State of operation 20136342 : EXECUTING
13:44:07 INFO  State of operation 20136342 : EXECUTING
13:44:09 INFO  State of operation 20136342 : EXECUTING
13:44:12 INFO  State of operation 20136342 : EXECUTING
13:44:14 INFO  State of operation 20136342 : EXECUTING
13:44:16 INFO  State of operation 20136342 : EXECUTING
13:44:19 INFO  State of operation 20136342 : EXECUTING
13:44:21 INFO  State of operation 20136342 : EXECUTING
13:44:23 INFO  State of operation 20136342 : EXECUTING
13:44:25 INFO  State of operation 20136342 : EXECUTING
13:44:28 INFO  State of operation 20136342 : EXECUTING
13:44:30 INFO  State of operation 20136342 : EXECUTING
13:44:32 INFO  State of operation 20136342 : EXECUTING
13:44:34 INFO  State of operation 20136342 : EXECUTING
13:44:37 INFO  State of operation 20136342 : EXECUTING
13:44:39 INFO  State of operation 20136342 : EXECUTING
13:44:42 INFO  State of operation 20136342 : EXECUTING
13:44:44 INFO  State of operation 20136342 : EXECUTING
13:44:46 INFO  State of operation 20136342 : EXECUTING
13:44:48 INFO  State of operation 20136342 : SUCCESSFUL
13:44:49 INFO  Assert that (False == value) with value=False ... passed
13:44:49 INFO  Package asciijump is installed
13:44:49 INFO  Assert that (True == value) with value=True ... passed
13:44:49 INFO  Package squirrel3 is installed
13:44:49 INFO  Assert that (True == value) with value=True ... passed
13:44:49 INFO  Package robotfindskitten is installed
13:44:49 INFO  Assert that (True == value) with value=True ... passed
13:44:49 INFO  Response status: 201
13:44:49 INFO  Response to action: {
    "creationTime": "2022-06-10T13:44:49.921Z",
    "deviceId": "20115668",
    "deviceName": "m32sd10d",
    "self": "https://t493319102.eu-latest.cumulocity.com/devicecontrol/operations/20136366",
    "id": "20136366",
    "status": "PENDING",
    "description": "Apply software changes, triggered from PySys: [{'action': 'delete', 'id': '5475369', 'name': 'asciijump', 'url': ' ', 'version': '::apt'}, {'action': 'delete', 'id': '5474869', 'name': 'robotfindskitten', 'url': ' ', 'version': '::apt'}, {'action': 'delete', 'id': '5475279', 'name': 'squirrel3', 'url': ' ', 'version': '::apt'}]",
    "c8y_SoftwareUpdate": [
        {
            "name": "asciijump",
            "action": "delete",
            "id": "5475369",
            "version": "::apt",
            "url": " "
        },
        {
            "name": "robotfindskitten",
            "action": "delete",
            "id": "5474869",
            "version": "::apt",
            "url": " "
        },
        {
            "name": "squirrel3",
            "action": "delete",
            "id": "5475279",
            "version": "::apt",
            "url": " "
        }
    ]
}
13:44:49 INFO  Started operation: {'creationTime': '2022-06-10T13:44:49.921Z', 'deviceId': '20115668', 'deviceName': 'm32sd10d', 'self': 'https://t493319102.eu-latest.cumulocity.com/devicecontrol/operations/20136366', 'id': '20136366', 'status': 'PENDING', 'description': "Apply software changes, triggered from PySys: [{'action': 'delete', 'id': '5475369', 'name': 'asciijump', 'url': ' ', 'version': '::apt'}, {'action': 'delete', 'id': '5474869', 'name': 'robotfindskitten', 'url': ' ', 'version': '::apt'}, {'action': 'delete', 'id': '5475279', 'name': 'squirrel3', 'url': ' ', 'version': '::apt'}]", 'c8y_SoftwareUpdate': [{'name': 'asciijump', 'action': 'delete', 'id': '5475369', 'version': '::apt', 'url': ' '}, {'name': 'robotfindskitten', 'action': 'delete', 'id': '5474869', 'version': '::apt', 'url': ' '}, {'name': 'squirrel3', 'action': 'delete', 'id': '5475279', 'version': '::apt', 'url': ' '}]}
13:44:52 INFO  State of operation 20136366 : PENDING
13:44:54 INFO  State of operation 20136366 : EXECUTING
13:44:56 INFO  State of operation 20136366 : EXECUTING
13:44:58 INFO  State of operation 20136366 : EXECUTING
13:45:01 INFO  State of operation 20136366 : EXECUTING
13:45:03 INFO  State of operation 20136366 : EXECUTING
13:45:06 INFO  State of operation 20136366 : EXECUTING
13:45:09 INFO  State of operation 20136366 : EXECUTING
13:45:11 INFO  State of operation 20136366 : EXECUTING
13:45:13 INFO  State of operation 20136366 : EXECUTING
13:45:15 INFO  State of operation 20136366 : EXECUTING
13:45:18 INFO  State of operation 20136366 : EXECUTING
13:45:20 INFO  State of operation 20136366 : EXECUTING
13:45:22 INFO  State of operation 20136366 : EXECUTING
13:45:24 INFO  State of operation 20136366 : EXECUTING
13:45:27 INFO  State of operation 20136366 : EXECUTING
13:45:29 INFO  State of operation 20136366 : EXECUTING
13:45:32 INFO  State of operation 20136366 : EXECUTING
13:45:34 INFO  State of operation 20136366 : EXECUTING
13:45:36 INFO  State of operation 20136366 : EXECUTING
13:45:39 INFO  State of operation 20136366 : EXECUTING
13:45:41 INFO  State of operation 20136366 : EXECUTING
13:45:43 INFO  State of operation 20136366 : EXECUTING
13:45:46 INFO  State of operation 20136366 : EXECUTING
13:45:48 INFO  State of operation 20136366 : EXECUTING
13:45:51 INFO  State of operation 20136366 : EXECUTING
13:45:53 INFO  State of operation 20136366 : EXECUTING
13:45:55 INFO  State of operation 20136366 : SUCCESSFUL
13:45:55 INFO  Assert that (False == value) with value=False ... passed
13:45:56 INFO  Assert that (False == value) with value=False ... passed
13:45:56 INFO  Assert that (False == value) with value=False ... passed
13:45:56 INFO  Assert that (False == value) with value=False ... passed
13:45:56 INFO  
13:45:56 INFO  cleanup:
13:46:00 INFO  Executed sudo&lt;tedge_disconnect_c8y&gt;, exit status 0
13:46:01 INFO  Executed systemctl&lt;serv_mapper5&gt;, exit status 3
13:46:01 INFO  
13:46:01 INFO  Test duration: 179.14 secs
13:46:01 INFO  Test final outcome:  FAILED
13:46:01 INFO  Test outcome reason: Assert that (False == value) with value=True
13:46:01 INFO  
</system-out>
	</testcase>
<testcase classname="PySysTest" name="SoftwareManagement.sm_apt_install_remove_multiple">
		<failure message="FAILED: Assert that (False == value) with value=True (+2 other failures)" type="FAILED" />
		<system-out>14:09:43 INFO  ==============================================================
14:09:43 INFO  Id:    SoftwareManagement.sm_apt_install_remove_multiple
14:09:43 INFO  Dir:   software_management_end_to_end/
14:09:43 INFO  Title: Validate end to end behaviour for the apt plugin for multiple packages
14:09:43 INFO  ==============================================================
14:09:43 INFO  Using sw id database: {'asciijump': '5475369', 'robotfindskitten': '5474869', 'squirrel3': '5475279', 'rolldice': '5152439', 'moon-buggy': '5439204', 'apple': '5495053', 'banana': '5494888', 'cherry': '5495382', 'watermelon': '5494510', 'registry': '8018911', 'hello-world': '8021526', 'docker/getting-started': '8021973', 'alpine': '7991792'}
14:09:43 INFO  EnvironmentC8y Setup
14:09:43 INFO  Executed systemctl&lt;serv_mapper1&gt;, exit status 3
14:09:44 INFO  Restarting mosquitto too frequently in the last 10 seconds. It was only up for 4 seconds
14:09:44 INFO  Delaying execution by 7 seconds
14:10:04 INFO  Executed sudo&lt;tedge_connect_c8y&gt;, exit status 0, duration 13 secs
14:10:05 INFO  Executed sudo&lt;tedge_connect_c8y_test&gt;, exit status 0
14:10:06 INFO  Executed systemctl&lt;serv_mosq2&gt;, exit status 0
14:10:06 INFO  Executed systemctl&lt;serv_mapper3&gt;, exit status 0
14:10:08 INFO  State of current operation: SUCCESSFUL
14:10:08 INFO  Assert that (False == value) with value=False ... passed
14:10:09 INFO  Package asciijump is installed
14:10:09 WARN  Assert that (False == value) with value=True ... failed 
14:10:09 INFO  Package squirrel3 is installed
14:10:09 WARN  Assert that (False == value) with value=True ... failed 
14:10:09 INFO  Package robotfindskitten is installed
14:10:10 WARN  Assert that (False == value) with value=True ... failed 
14:10:10 INFO  Response status: 201
14:10:10 INFO  Response to action: {
    "delivery": {
        "log": [],
        "time": "2022-06-10T14:10:10.203Z",
        "status": "PENDING"
    },
    "creationTime": "2022-06-10T14:10:10.185Z",
    "deviceId": "20115668",
    "deviceName": "m32sd10d",
    "self": "https://t493319102.eu-latest.cumulocity.com/devicecontrol/operations/20136804",
    "id": "20136804",
    "status": "PENDING",
    "description": "Apply software changes, triggered from PySys: [{'action': 'install', 'id': '5475369', 'name': 'asciijump', 'url': ' ', 'version': '::apt'}, {'action': 'install', 'id': '5474869', 'name': 'robotfindskitten', 'url': ' ', 'version': '::apt'}, {'action': 'install', 'id': '5475279', 'name': 'squirrel3', 'url': ' ', 'version': '::apt'}]",
    "c8y_SoftwareUpdate": [
        {
            "name": "asciijump",
            "action": "install",
            "id": "5475369",
            "version": "::apt",
            "url": " "
        },
        {
            "name": "robotfindskitten",
            "action": "install",
            "id": "5474869",
            "version": "::apt",
            "url": " "
        },
        {
            "name": "squirrel3",
            "action": "install",
            "id": "5475279",
            "version": "::apt",
            "url": " "
        }
    ]
}
14:10:10 INFO  Started operation: {'delivery': {'log': [], 'time': '2022-06-10T14:10:10.203Z', 'status': 'PENDING'}, 'creationTime': '2022-06-10T14:10:10.185Z', 'deviceId': '20115668', 'deviceName': 'm32sd10d', 'self': 'https://t493319102.eu-latest.cumulocity.com/devicecontrol/operations/20136804', 'id': '20136804', 'status': 'PENDING', 'description': "Apply software changes, triggered from PySys: [{'action': 'install', 'id': '5475369', 'name': 'asciijump', 'url': ' ', 'version': '::apt'}, {'action': 'install', 'id': '5474869', 'name': 'robotfindskitten', 'url': ' ', 'version': '::apt'}, {'action': 'install', 'id': '5475279', 'name': 'squirrel3', 'url': ' ', 'version': '::apt'}]", 'c8y_SoftwareUpdate': [{'name': 'asciijump', 'action': 'install', 'id': '5475369', 'version': '::apt', 'url': ' '}, {'name': 'robotfindskitten', 'action': 'install', 'id': '5474869', 'version': '::apt', 'url': ' '}, {'name': 'squirrel3', 'action': 'install', 'id': '5475279', 'version': '::apt', 'url': ' '}]}
14:10:12 INFO  State of operation 20136804 : PENDING
14:10:14 INFO  State of operation 20136804 : EXECUTING
14:10:16 INFO  State of operation 20136804 : EXECUTING
14:10:19 INFO  State of operation 20136804 : EXECUTING
14:10:21 INFO  State of operation 20136804 : EXECUTING
14:10:23 INFO  State of operation 20136804 : EXECUTING
14:10:26 INFO  State of operation 20136804 : EXECUTING
14:10:29 INFO  State of operation 20136804 : EXECUTING
14:10:31 INFO  State of operation 20136804 : EXECUTING
14:10:34 INFO  State of operation 20136804 : EXECUTING
14:10:36 INFO  State of operation 20136804 : EXECUTING
14:10:38 INFO  State of operation 20136804 : EXECUTING
14:10:40 INFO  State of operation 20136804 : EXECUTING
14:10:43 INFO  State of operation 20136804 : EXECUTING
14:10:45 INFO  State of operation 20136804 : EXECUTING
14:10:47 INFO  State of operation 20136804 : SUCCESSFUL
14:10:47 INFO  Assert that (False == value) with value=False ... passed
14:10:47 INFO  Package asciijump is installed
14:10:47 INFO  Assert that (True == value) with value=True ... passed
14:10:48 INFO  Package squirrel3 is installed
14:10:48 INFO  Assert that (True == value) with value=True ... passed
14:10:48 INFO  Package robotfindskitten is installed
14:10:48 INFO  Assert that (True == value) with value=True ... passed
14:10:48 INFO  Response status: 201
14:10:48 INFO  Response to action: {
    "delivery": {
        "log": [],
        "time": "2022-06-10T14:10:48.581Z",
        "status": "PENDING"
    },
    "creationTime": "2022-06-10T14:10:48.565Z",
    "deviceId": "20115668",
    "deviceName": "m32sd10d",
    "self": "https://t493319102.eu-latest.cumulocity.com/devicecontrol/operations/20136824",
    "id": "20136824",
    "status": "PENDING",
    "description": "Apply software changes, triggered from PySys: [{'action': 'delete', 'id': '5475369', 'name': 'asciijump', 'url': ' ', 'version': '::apt'}, {'action': 'delete', 'id': '5474869', 'name': 'robotfindskitten', 'url': ' ', 'version': '::apt'}, {'action': 'delete', 'id': '5475279', 'name': 'squirrel3', 'url': ' ', 'version': '::apt'}]",
    "c8y_SoftwareUpdate": [
        {
            "name": "asciijump",
            "action": "delete",
            "id": "5475369",
            "version": "::apt",
            "url": " "
        },
        {
            "name": "robotfindskitten",
            "action": "delete",
            "id": "5474869",
            "version": "::apt",
            "url": " "
        },
        {
            "name": "squirrel3",
            "action": "delete",
            "id": "5475279",
            "version": "::apt",
            "url": " "
        }
    ]
}
14:10:48 INFO  Started operation: {'delivery': {'log': [], 'time': '2022-06-10T14:10:48.581Z', 'status': 'PENDING'}, 'creationTime': '2022-06-10T14:10:48.565Z', 'deviceId': '20115668', 'deviceName': 'm32sd10d', 'self': 'https://t493319102.eu-latest.cumulocity.com/devicecontrol/operations/20136824', 'id': '20136824', 'status': 'PENDING', 'description': "Apply software changes, triggered from PySys: [{'action': 'delete', 'id': '5475369', 'name': 'asciijump', 'url': ' ', 'version': '::apt'}, {'action': 'delete', 'id': '5474869', 'name': 'robotfindskitten', 'url': ' ', 'version': '::apt'}, {'action': 'delete', 'id': '5475279', 'name': 'squirrel3', 'url': ' ', 'version': '::apt'}]", 'c8y_SoftwareUpdate': [{'name': 'asciijump', 'action': 'delete', 'id': '5475369', 'version': '::apt', 'url': ' '}, {'name': 'robotfindskitten', 'action': 'delete', 'id': '5474869', 'version': '::apt', 'url': ' '}, {'name': 'squirrel3', 'action': 'delete', 'id': '5475279', 'version': '::apt', 'url': ' '}]}
14:10:50 INFO  State of operation 20136824 : PENDING
14:10:53 INFO  State of operation 20136824 : EXECUTING
14:10:55 INFO  State of operation 20136824 : EXECUTING
14:10:57 INFO  State of operation 20136824 : EXECUTING
14:10:59 INFO  State of operation 20136824 : EXECUTING
14:11:01 INFO  State of operation 20136824 : EXECUTING
14:11:04 INFO  State of operation 20136824 : EXECUTING
14:11:07 INFO  State of operation 20136824 : EXECUTING
14:11:09 INFO  State of operation 20136824 : EXECUTING
14:11:12 INFO  State of operation 20136824 : EXECUTING
14:11:14 INFO  State of operation 20136824 : EXECUTING
14:11:16 INFO  State of operation 20136824 : EXECUTING
14:11:18 INFO  State of operation 20136824 : EXECUTING
14:11:21 INFO  State of operation 20136824 : EXECUTING
14:11:23 INFO  State of operation 20136824 : EXECUTING
14:11:25 INFO  State of operation 20136824 : EXECUTING
14:11:28 INFO  State of operation 20136824 : EXECUTING
14:11:30 INFO  State of operation 20136824 : EXECUTING
14:11:33 INFO  State of operation 20136824 : EXECUTING
14:11:35 INFO  State of operation 20136824 : EXECUTING
14:11:37 INFO  State of operation 20136824 : EXECUTING
14:11:39 INFO  State of operation 20136824 : EXECUTING
14:11:42 INFO  State of operation 20136824 : EXECUTING
14:11:44 INFO  State of operation 20136824 : EXECUTING
14:11:46 INFO  State of operation 20136824 : EXECUTING
14:11:49 INFO  State of operation 20136824 : EXECUTING
14:11:51 INFO  State of operation 20136824 : EXECUTING
14:11:54 INFO  State of operation 20136824 : EXECUTING
14:11:56 INFO  State of operation 20136824 : SUCCESSFUL
14:11:56 INFO  Assert that (False == value) with value=False ... passed
14:11:56 INFO  Assert that (False == value) with value=False ... passed
14:11:57 INFO  Assert that (False == value) with value=False ... passed
14:11:57 INFO  Assert that (False == value) with value=False ... passed
14:11:57 INFO  
14:11:57 INFO  cleanup:
14:12:01 INFO  Executed sudo&lt;tedge_disconnect_c8y&gt;, exit status 0
14:12:01 INFO  Executed systemctl&lt;serv_mapper5&gt;, exit status 3
14:12:01 INFO  
14:12:01 INFO  Test duration: 138.59 secs
14:12:01 INFO  Test final outcome:  FAILED
14:12:01 INFO  Test outcome reason: Assert that (False == value) with value=True (+2 other failures)
14:12:01 INFO  
</system-out>
	</testcase>
</testsuite><testsuite name="SoftwareManagement.sm_apt_install_remove_multiple_mixed" tests="3" errors="0" failures="2" skipped="1" time="0"><testcase classname="PySysTest" name="SoftwareManagement.sm_apt_install_remove_multiple_mixed">
		<skipped message="SKIPPED: Testing the apt plugin is not supported on this platform.Use parameter -XmyPlatform='container' to enable it" />
		<system-out>13:11:11 INFO  ==============================================================
13:11:11 INFO  Id:    SoftwareManagement.sm_apt_install_remove_multiple_mixed
13:11:11 INFO  Dir:   software_management_end_to_end/
13:11:11 INFO  Title: Validate end to end behaviour for the apt plugin for multiple packages with mixed versions
13:11:11 INFO  ==============================================================
13:11:11 INFO  Testing the apt plugin is not supported on this platform.Use parameter -XmyPlatform='container' to enable it ... skipped
13:11:11 WARN  Aborted test due to SKIPPED outcome
13:11:11 INFO  
13:11:11 INFO  Test duration: 0.02 secs
13:11:11 INFO  Test final outcome:  SKIPPED
13:11:11 INFO  Test outcome reason: Testing the apt plugin is not supported on this platform.Use parameter -XmyPlatform='container' to enable it
13:11:11 INFO  
</system-out>
	</testcase>
<testcase classname="PySysTest" name="SoftwareManagement.sm_apt_install_remove_multiple_mixed">
		<failure message="BLOCKED: SystemError: Timeout while waiting for status SUCCESSFUL or False" type="BLOCKED" />
		<system-out>13:46:01 INFO  ==============================================================
13:46:01 INFO  Id:    SoftwareManagement.sm_apt_install_remove_multiple_mixed
13:46:01 INFO  Dir:   software_management_end_to_end/
13:46:01 INFO  Title: Validate end to end behaviour for the apt plugin for multiple packages with mixed versions
13:46:01 INFO  ==============================================================
13:46:01 INFO  Using sw id database: {'asciijump': '5475369', 'robotfindskitten': '5474869', 'squirrel3': '5475279', 'rolldice': '5152439', 'moon-buggy': '5439204', 'apple': '5495053', 'banana': '5494888', 'cherry': '5495382', 'watermelon': '5494510', 'registry': '8018911', 'hello-world': '8021526', 'docker/getting-started': '8021973', 'alpine': '7991792'}
13:46:01 INFO  EnvironmentC8y Setup
13:46:01 INFO  Executed systemctl&lt;serv_mapper1&gt;, exit status 3
13:46:01 INFO  Restarting mosquitto too frequently in the last 10 seconds. It was only up for 4 seconds
13:46:01 INFO  Delaying execution by 7 seconds
13:46:22 INFO  Executed sudo&lt;tedge_connect_c8y&gt;, exit status 0, duration 13 secs
13:46:23 INFO  Executed sudo&lt;tedge_connect_c8y_test&gt;, exit status 0
13:46:23 INFO  Executed systemctl&lt;serv_mosq2&gt;, exit status 0
13:46:24 INFO  Executed systemctl&lt;serv_mapper3&gt;, exit status 0
13:46:26 INFO  State of current operation: SUCCESSFUL
13:46:26 INFO  Assert that (False == value) with value=False ... passed
13:46:27 INFO  Assert that (False == value) with value=False ... passed
13:46:27 INFO  Assert that (False == value) with value=False ... passed
13:46:27 INFO  Assert that (False == value) with value=False ... passed
13:46:27 INFO  Assert that (False == value) with value=False ... passed
13:46:28 INFO  Response status: 201
13:46:28 INFO  Response to action: {
    "creationTime": "2022-06-10T13:46:28.946Z",
    "deviceId": "20115668",
    "deviceName": "m32sd10d",
    "self": "https://t493319102.eu-latest.cumulocity.com/devicecontrol/operations/20136394",
    "id": "20136394",
    "status": "PENDING",
    "description": "Apply software changes, triggered from PySys: [{'action': 'install', 'id': '5475369', 'name': 'asciijump', 'url': ' ', 'version': '::apt'}, {'action': 'install', 'id': '5474869', 'name': 'robotfindskitten', 'url': ' ', 'version': ' '}, {'action': 'install', 'id': '5475279', 'name': 'squirrel3', 'url': ' ', 'version': '3.1-7::apt'}, {'action': 'install', 'id': '5152439', 'name': 'rolldice', 'url': ' ', 'version': '1.16-1+b1'}, {'action': 'install', 'id': '5439204', 'name': 'moon-buggy', 'url': ' ', 'version': '1:1.0.51-12'}, {'action': 'install', 'id': '5475369', 'name': 'asciijump', 'url': ' ', 'version': '::apt'}]",
    "c8y_SoftwareUpdate": [
        {
            "name": "asciijump",
            "action": "install",
            "id": "5475369",
            "version": "::apt",
            "url": " "
        },
        {
            "name": "robotfindskitten",
            "action": "install",
            "id": "5474869",
            "version": " ",
            "url": " "
        },
        {
            "name": "squirrel3",
            "action": "install",
            "id": "5475279",
            "version": "3.1-7::apt",
            "url": " "
        },
        {
            "name": "rolldice",
            "action": "install",
            "id": "5152439",
            "version": "1.16-1+b1",
            "url": " "
        },
        {
            "name": "moon-buggy",
            "action": "install",
            "id": "5439204",
            "version": "1:1.0.51-12",
            "url": " "
        },
        {
            "name": "asciijump",
            "action": "install",
            "id": "5475369",
            "version": "::apt",
            "url": " "
        }
    ]
}
13:46:28 INFO  Started operation: {'creationTime': '2022-06-10T13:46:28.946Z', 'deviceId': '20115668', 'deviceName': 'm32sd10d', 'self': 'https://t493319102.eu-latest.cumulocity.com/devicecontrol/operations/20136394', 'id': '20136394', 'status': 'PENDING', 'description': "Apply software changes, triggered from PySys: [{'action': 'install', 'id': '5475369', 'name': 'asciijump', 'url': ' ', 'version': '::apt'}, {'action': 'install', 'id': '5474869', 'name': 'robotfindskitten', 'url': ' ', 'version': ' '}, {'action': 'install', 'id': '5475279', 'name': 'squirrel3', 'url': ' ', 'version': '3.1-7::apt'}, {'action': 'install', 'id': '5152439', 'name': 'rolldice', 'url': ' ', 'version': '1.16-1+b1'}, {'action': 'install', 'id': '5439204', 'name': 'moon-buggy', 'url': ' ', 'version': '1:1.0.51-12'}, {'action': 'install', 'id': '5475369', 'name': 'asciijump', 'url': ' ', 'version': '::apt'}]", 'c8y_SoftwareUpdate': [{'name': 'asciijump', 'action': 'install', 'id': '5475369', 'version': '::apt', 'url': ' '}, {'name': 'robotfindskitten', 'action': 'install', 'id': '5474869', 'version': ' ', 'url': ' '}, {'name': 'squirrel3', 'action': 'install', 'id': '5475279', 'version': '3.1-7::apt', 'url': ' '}, {'name': 'rolldice', 'action': 'install', 'id': '5152439', 'version': '1.16-1+b1', 'url': ' '}, {'name': 'moon-buggy', 'action': 'install', 'id': '5439204', 'version': '1:1.0.51-12', 'url': ' '}, {'name': 'asciijump', 'action': 'install', 'id': '5475369', 'version': '::apt', 'url': ' '}]}
13:46:31 INFO  State of operation 20136394 : PENDING
13:46:33 INFO  State of operation 20136394 : EXECUTING
13:46:35 INFO  State of operation 20136394 : EXECUTING
13:46:37 INFO  State of operation 20136394 : EXECUTING
13:46:40 INFO  State of operation 20136394 : EXECUTING
13:46:42 INFO  State of operation 20136394 : EXECUTING
13:46:45 INFO  State of operation 20136394 : EXECUTING
13:46:48 INFO  State of operation 20136394 : EXECUTING
13:46:50 INFO  State of operation 20136394 : EXECUTING
13:46:52 INFO  State of operation 20136394 : EXECUTING
13:46:54 INFO  State of operation 20136394 : EXECUTING
13:46:57 INFO  State of operation 20136394 : EXECUTING
13:46:59 INFO  State of operation 20136394 : EXECUTING
13:47:01 INFO  State of operation 20136394 : EXECUTING
13:47:03 INFO  State of operation 20136394 : EXECUTING
13:47:05 INFO  State of operation 20136394 : EXECUTING
13:47:08 INFO  State of operation 20136394 : EXECUTING
13:47:11 INFO  State of operation 20136394 : EXECUTING
13:47:13 INFO  State of operation 20136394 : EXECUTING
13:47:15 INFO  State of operation 20136394 : EXECUTING
13:47:17 INFO  State of operation 20136394 : EXECUTING
13:47:20 INFO  State of operation 20136394 : EXECUTING
13:47:22 INFO  State of operation 20136394 : EXECUTING
13:47:25 INFO  State of operation 20136394 : EXECUTING
13:47:27 INFO  State of operation 20136394 : EXECUTING
13:47:30 INFO  State of operation 20136394 : EXECUTING
13:47:32 INFO  State of operation 20136394 : EXECUTING
13:47:34 INFO  State of operation 20136394 : EXECUTING
13:47:36 INFO  State of operation 20136394 : EXECUTING
13:47:39 INFO  State of operation 20136394 : EXECUTING
13:47:41 INFO  State of operation 20136394 : EXECUTING
13:47:43 INFO  State of operation 20136394 : EXECUTING
13:47:46 INFO  State of operation 20136394 : EXECUTING
13:47:48 INFO  State of operation 20136394 : EXECUTING
13:47:50 INFO  State of operation 20136394 : EXECUTING
13:47:52 INFO  State of operation 20136394 : EXECUTING
13:47:54 INFO  State of operation 20136394 : EXECUTING
13:47:58 INFO  State of operation 20136394 : EXECUTING
13:48:00 INFO  State of operation 20136394 : EXECUTING
13:48:02 INFO  State of operation 20136394 : EXECUTING
13:48:05 INFO  State of operation 20136394 : EXECUTING
13:48:07 INFO  State of operation 20136394 : EXECUTING
13:48:09 INFO  State of operation 20136394 : EXECUTING
13:48:12 INFO  State of operation 20136394 : EXECUTING
13:48:14 INFO  State of operation 20136394 : EXECUTING
13:48:16 INFO  State of operation 20136394 : EXECUTING
13:48:18 INFO  State of operation 20136394 : EXECUTING
13:48:21 INFO  State of operation 20136394 : EXECUTING
13:48:23 INFO  State of operation 20136394 : EXECUTING
13:48:26 INFO  State of operation 20136394 : EXECUTING
13:48:28 INFO  State of operation 20136394 : EXECUTING
13:48:30 INFO  State of operation 20136394 : EXECUTING
13:48:33 INFO  State of operation 20136394 : EXECUTING
13:48:36 INFO  State of operation 20136394 : EXECUTING
13:48:38 INFO  State of operation 20136394 : EXECUTING
13:48:40 INFO  State of operation 20136394 : EXECUTING
13:48:43 INFO  State of operation 20136394 : EXECUTING
13:48:45 INFO  State of operation 20136394 : EXECUTING
13:48:47 INFO  State of operation 20136394 : EXECUTING
13:48:49 INFO  State of operation 20136394 : EXECUTING
13:48:52 INFO  State of operation 20136394 : EXECUTING
13:48:54 WARN  SystemError occurred while running test - Timeout while waiting for status SUCCESSFUL or False
Traceback (most recent call last):
  File "/home/pi/env-pysys/lib/python3.7/site-packages/pysys/baserunner.py", line 1294, in __call__
    self.testObj.execute()
  File "/home/pi/actions-runner/_work/thin-edge.io/thin-edge.io/tests/PySys/software_management_end_to_end/sm_apt_install_remove_multiple_mixed/run.py", line 89, in execute
    self.wait_until_succcess()
  File "/home/pi/actions-runner/_work/thin-edge.io/thin-edge.io/tests/PySys/software_management_end_to_end/environment_sm_management.py", line 324, in wait_until_succcess
    self.wait_until_status("SUCCESSFUL")
  File "/home/pi/actions-runner/_work/thin-edge.io/thin-edge.io/tests/PySys/software_management_end_to_end/environment_sm_management.py", line 381, in wait_until_status
    "Timeout while waiting for status %s or %s" % (status, status2)
SystemError: Timeout while waiting for status SUCCESSFUL or False
13:48:54 WARN  SystemError: Timeout while waiting for status SUCCESSFUL or False ... blocked 
13:48:54 INFO  
13:48:54 INFO  cleanup:
13:48:58 INFO  Executed sudo&lt;tedge_disconnect_c8y&gt;, exit status 0
13:48:59 INFO  Executed systemctl&lt;serv_mapper5&gt;, exit status 3
13:48:59 INFO  
13:48:59 INFO  Test duration: 178.38 secs
13:48:59 INFO  Test final outcome:  BLOCKED
13:48:59 INFO  Test outcome reason: SystemError: Timeout while waiting for status SUCCESSFUL or False
13:48:59 INFO  
</system-out>
	</testcase>
<testcase classname="PySysTest" name="SoftwareManagement.sm_apt_install_remove_multiple_mixed">
		<failure message="BLOCKED: SystemError: Timeout while waiting for status SUCCESSFUL or False (+1 other failures)" type="BLOCKED" />
		<system-out>14:12:01 INFO  ==============================================================
14:12:01 INFO  Id:    SoftwareManagement.sm_apt_install_remove_multiple_mixed
14:12:01 INFO  Dir:   software_management_end_to_end/
14:12:01 INFO  Title: Validate end to end behaviour for the apt plugin for multiple packages with mixed versions
14:12:01 INFO  ==============================================================
14:12:02 INFO  Using sw id database: {'asciijump': '5475369', 'robotfindskitten': '5474869', 'squirrel3': '5475279', 'rolldice': '5152439', 'moon-buggy': '5439204', 'apple': '5495053', 'banana': '5494888', 'cherry': '5495382', 'watermelon': '5494510', 'registry': '8018911', 'hello-world': '8021526', 'docker/getting-started': '8021973', 'alpine': '7991792'}
14:12:02 INFO  EnvironmentC8y Setup
14:12:02 INFO  Executed systemctl&lt;serv_mapper1&gt;, exit status 3
14:12:02 INFO  Restarting mosquitto too frequently in the last 10 seconds. It was only up for 4 seconds
14:12:02 INFO  Delaying execution by 7 seconds
14:12:23 INFO  Executed sudo&lt;tedge_connect_c8y&gt;, exit status 0, duration 13 secs
14:12:24 INFO  Executed sudo&lt;tedge_connect_c8y_test&gt;, exit status 0
14:12:24 INFO  Executed systemctl&lt;serv_mosq2&gt;, exit status 0
14:12:25 INFO  Executed systemctl&lt;serv_mapper3&gt;, exit status 0
14:12:27 INFO  State of current operation: SUCCESSFUL
14:12:27 INFO  Assert that (False == value) with value=False ... passed
14:12:28 INFO  Assert that (False == value) with value=False ... passed
14:12:28 INFO  Assert that (False == value) with value=False ... passed
14:12:28 INFO  Assert that (False == value) with value=False ... passed
14:12:28 INFO  Package moon-buggy is installed
14:12:28 WARN  Assert that (False == value) with value=True ... failed 
14:12:30 INFO  Response status: 201
14:12:30 INFO  Response to action: {
    "creationTime": "2022-06-10T14:12:29.965Z",
    "deviceId": "20115668",
    "deviceName": "m32sd10d",
    "self": "https://t493319102.eu-latest.cumulocity.com/devicecontrol/operations/20136856",
    "id": "20136856",
    "status": "PENDING",
    "description": "Apply software changes, triggered from PySys: [{'action': 'install', 'id': '5475369', 'name': 'asciijump', 'url': ' ', 'version': '::apt'}, {'action': 'install', 'id': '5474869', 'name': 'robotfindskitten', 'url': ' ', 'version': ' '}, {'action': 'install', 'id': '5475279', 'name': 'squirrel3', 'url': ' ', 'version': '3.1-7::apt'}, {'action': 'install', 'id': '5152439', 'name': 'rolldice', 'url': ' ', 'version': '1.16-1+b1'}, {'action': 'install', 'id': '5439204', 'name': 'moon-buggy', 'url': ' ', 'version': '1:1.0.51-12'}, {'action': 'install', 'id': '5475369', 'name': 'asciijump', 'url': ' ', 'version': '::apt'}]",
    "c8y_SoftwareUpdate": [
        {
            "name": "asciijump",
            "action": "install",
            "id": "5475369",
            "version": "::apt",
            "url": " "
        },
        {
            "name": "robotfindskitten",
            "action": "install",
            "id": "5474869",
            "version": " ",
            "url": " "
        },
        {
            "name": "squirrel3",
            "action": "install",
            "id": "5475279",
            "version": "3.1-7::apt",
            "url": " "
        },
        {
            "name": "rolldice",
            "action": "install",
            "id": "5152439",
            "version": "1.16-1+b1",
            "url": " "
        },
        {
            "name": "moon-buggy",
            "action": "install",
            "id": "5439204",
            "version": "1:1.0.51-12",
            "url": " "
        },
        {
            "name": "asciijump",
            "action": "install",
            "id": "5475369",
            "version": "::apt",
            "url": " "
        }
    ]
}
14:12:30 INFO  Started operation: {'creationTime': '2022-06-10T14:12:29.965Z', 'deviceId': '20115668', 'deviceName': 'm32sd10d', 'self': 'https://t493319102.eu-latest.cumulocity.com/devicecontrol/operations/20136856', 'id': '20136856', 'status': 'PENDING', 'description': "Apply software changes, triggered from PySys: [{'action': 'install', 'id': '5475369', 'name': 'asciijump', 'url': ' ', 'version': '::apt'}, {'action': 'install', 'id': '5474869', 'name': 'robotfindskitten', 'url': ' ', 'version': ' '}, {'action': 'install', 'id': '5475279', 'name': 'squirrel3', 'url': ' ', 'version': '3.1-7::apt'}, {'action': 'install', 'id': '5152439', 'name': 'rolldice', 'url': ' ', 'version': '1.16-1+b1'}, {'action': 'install', 'id': '5439204', 'name': 'moon-buggy', 'url': ' ', 'version': '1:1.0.51-12'}, {'action': 'install', 'id': '5475369', 'name': 'asciijump', 'url': ' ', 'version': '::apt'}]", 'c8y_SoftwareUpdate': [{'name': 'asciijump', 'action': 'install', 'id': '5475369', 'version': '::apt', 'url': ' '}, {'name': 'robotfindskitten', 'action': 'install', 'id': '5474869', 'version': ' ', 'url': ' '}, {'name': 'squirrel3', 'action': 'install', 'id': '5475279', 'version': '3.1-7::apt', 'url': ' '}, {'name': 'rolldice', 'action': 'install', 'id': '5152439', 'version': '1.16-1+b1', 'url': ' '}, {'name': 'moon-buggy', 'action': 'install', 'id': '5439204', 'version': '1:1.0.51-12', 'url': ' '}, {'name': 'asciijump', 'action': 'install', 'id': '5475369', 'version': '::apt', 'url': ' '}]}
14:12:32 INFO  State of operation 20136856 : PENDING
14:12:34 INFO  State of operation 20136856 : EXECUTING
14:12:36 INFO  State of operation 20136856 : EXECUTING
14:12:38 INFO  State of operation 20136856 : EXECUTING
14:12:41 INFO  State of operation 20136856 : EXECUTING
14:12:43 INFO  State of operation 20136856 : EXECUTING
14:12:46 INFO  State of operation 20136856 : EXECUTING
14:12:48 INFO  State of operation 20136856 : EXECUTING
14:12:51 INFO  State of operation 20136856 : EXECUTING
14:12:53 INFO  State of operation 20136856 : EXECUTING
14:12:56 INFO  State of operation 20136856 : EXECUTING
14:12:58 INFO  State of operation 20136856 : EXECUTING
14:13:00 INFO  State of operation 20136856 : EXECUTING
14:13:02 INFO  State of operation 20136856 : EXECUTING
14:13:05 INFO  State of operation 20136856 : EXECUTING
14:13:07 INFO  State of operation 20136856 : EXECUTING
14:13:09 INFO  State of operation 20136856 : EXECUTING
14:13:12 INFO  State of operation 20136856 : EXECUTING
14:13:15 INFO  State of operation 20136856 : EXECUTING
14:13:17 INFO  State of operation 20136856 : EXECUTING
14:13:19 INFO  State of operation 20136856 : EXECUTING
14:13:22 INFO  State of operation 20136856 : EXECUTING
14:13:24 INFO  State of operation 20136856 : EXECUTING
14:13:27 INFO  State of operation 20136856 : EXECUTING
14:13:29 INFO  State of operation 20136856 : EXECUTING
14:13:32 INFO  State of operation 20136856 : EXECUTING
14:13:34 INFO  State of operation 20136856 : EXECUTING
14:13:37 INFO  State of operation 20136856 : EXECUTING
14:13:39 INFO  State of operation 20136856 : EXECUTING
14:13:42 INFO  State of operation 20136856 : EXECUTING
14:13:44 INFO  State of operation 20136856 : EXECUTING
14:13:46 INFO  State of operation 20136856 : EXECUTING
14:13:48 INFO  State of operation 20136856 : EXECUTING
14:13:51 INFO  State of operation 20136856 : EXECUTING
14:13:53 INFO  State of operation 20136856 : EXECUTING
14:13:55 INFO  State of operation 20136856 : EXECUTING
14:13:57 INFO  State of operation 20136856 : EXECUTING
14:14:00 INFO  State of operation 20136856 : EXECUTING
14:14:03 INFO  State of operation 20136856 : EXECUTING
14:14:05 INFO  State of operation 20136856 : EXECUTING
14:14:08 INFO  State of operation 20136856 : EXECUTING
14:14:10 INFO  State of operation 20136856 : EXECUTING
14:14:12 INFO  State of operation 20136856 : EXECUTING
14:14:14 INFO  State of operation 20136856 : EXECUTING
14:14:16 INFO  State of operation 20136856 : EXECUTING
14:14:19 INFO  State of operation 20136856 : EXECUTING
14:14:21 INFO  State of operation 20136856 : EXECUTING
14:14:24 INFO  State of operation 20136856 : EXECUTING
14:14:26 INFO  State of operation 20136856 : EXECUTING
14:14:28 INFO  State of operation 20136856 : EXECUTING
14:14:30 INFO  State of operation 20136856 : EXECUTING
14:14:33 INFO  State of operation 20136856 : EXECUTING
14:14:35 INFO  State of operation 20136856 : EXECUTING
14:14:39 INFO  State of operation 20136856 : EXECUTING
14:14:41 INFO  State of operation 20136856 : EXECUTING
14:14:44 INFO  State of operation 20136856 : EXECUTING
14:14:46 INFO  State of operation 20136856 : EXECUTING
14:14:48 INFO  State of operation 20136856 : EXECUTING
14:14:51 INFO  State of operation 20136856 : EXECUTING
14:14:53 INFO  State of operation 20136856 : EXECUTING
14:14:55 INFO  State of operation 20136856 : EXECUTING
14:14:57 WARN  SystemError occurred while running test - Timeout while waiting for status SUCCESSFUL or False
Traceback (most recent call last):
  File "/home/pi/env-pysys/lib/python3.7/site-packages/pysys/baserunner.py", line 1294, in __call__
    self.testObj.execute()
  File "/home/pi/actions-runner/_work/thin-edge.io/thin-edge.io/tests/PySys/software_management_end_to_end/sm_apt_install_remove_multiple_mixed/run.py", line 89, in execute
    self.wait_until_succcess()
  File "/home/pi/actions-runner/_work/thin-edge.io/thin-edge.io/tests/PySys/software_management_end_to_end/environment_sm_management.py", line 324, in wait_until_succcess
    self.wait_until_status("SUCCESSFUL")
  File "/home/pi/actions-runner/_work/thin-edge.io/thin-edge.io/tests/PySys/software_management_end_to_end/environment_sm_management.py", line 381, in wait_until_status
    "Timeout while waiting for status %s or %s" % (status, status2)
SystemError: Timeout while waiting for status SUCCESSFUL or False
14:14:57 WARN  SystemError: Timeout while waiting for status SUCCESSFUL or False ... blocked 
14:14:57 INFO  
14:14:57 INFO  cleanup:
14:15:02 INFO  Executed sudo&lt;tedge_disconnect_c8y&gt;, exit status 0
14:15:02 INFO  Executed systemctl&lt;serv_mapper5&gt;, exit status 3
14:15:02 INFO  
14:15:02 INFO  Test duration: 180.85 secs
14:15:02 INFO  Test final outcome:  BLOCKED
14:15:02 INFO  Test outcome reason: SystemError: Timeout while waiting for status SUCCESSFUL or False (+1 other failures)
14:15:02 INFO  
</system-out>
	</testcase>
</testsuite><testsuite name="SoftwareManagement.sm_apt_install_remove_with_version" tests="3" errors="0" failures="0" skipped="1" time="0"><testcase classname="PySysTest" name="SoftwareManagement.sm_apt_install_remove_with_version">
		<skipped message="SKIPPED: Testing the apt plugin is not supported on this platform.Use parameter -XmyPlatform='container' to enable it" />
		<system-out>13:11:11 INFO  ==============================================================
13:11:11 INFO  Id:    SoftwareManagement.sm_apt_install_remove_with_version
13:11:11 INFO  Dir:   software_management_end_to_end/
13:11:11 INFO  Title: Validate end to end behaviour for the apt plugin for packages with version
13:11:11 INFO  ==============================================================
13:11:11 INFO  Testing the apt plugin is not supported on this platform.Use parameter -XmyPlatform='container' to enable it ... skipped
13:11:11 WARN  Aborted test due to SKIPPED outcome
13:11:11 INFO  
13:11:11 INFO  Test duration: 0.02 secs
13:11:11 INFO  Test final outcome:  SKIPPED
13:11:11 INFO  Test outcome reason: Testing the apt plugin is not supported on this platform.Use parameter -XmyPlatform='container' to enable it
13:11:11 INFO  
</system-out>
	</testcase>
<testcase classname="PySysTest" name="SoftwareManagement.sm_apt_install_remove_with_version" />
<testcase classname="PySysTest" name="SoftwareManagement.sm_apt_install_remove_with_version" />
</testsuite><testsuite name="SoftwareManagement.sm_docker_install_remove_multiple" tests="3" errors="0" failures="0" skipped="1" time="0"><testcase classname="SMDockerInstallRemove" name="SoftwareManagement.sm_docker_install_remove_multiple">
		<skipped message="SKIPPED: Testing the apt plugin is not supported on this platform.Use parameter -XmyPlatform='container' to enable it" />
		<system-out>13:11:11 INFO  ==============================================================
13:11:11 INFO  Id:    SoftwareManagement.sm_docker_install_remove_multiple
13:11:11 INFO  Dir:   software_management_end_to_end/
13:11:11 INFO  Title: Validate end to end behaviour for the docker plugin for multiple docker images with mixed versions
13:11:11 INFO  ==============================================================
13:11:11 INFO  Testing the apt plugin is not supported on this platform.Use parameter -XmyPlatform='container' to enable it ... skipped
13:11:11 WARN  Aborted test due to SKIPPED outcome
13:11:11 INFO  
13:11:11 INFO  Test duration: 0.02 secs
13:11:11 INFO  Test final outcome:  SKIPPED
13:11:11 INFO  Test outcome reason: Testing the apt plugin is not supported on this platform.Use parameter -XmyPlatform='container' to enable it
13:11:11 INFO  
</system-out>
	</testcase>
<testcase classname="SMDockerInstallRemove" name="SoftwareManagement.sm_docker_install_remove_multiple" />
<testcase classname="SMDockerInstallRemove" name="SoftwareManagement.sm_docker_install_remove_multiple" />
</testsuite><testsuite name="SoftwareManagement.sm_fake_install_remove" tests="2" errors="0" failures="0" skipped="1" time="0"><testcase classname="PySysTest" name="SoftwareManagement.sm_fake_install_remove">
		<skipped message="SKIPPED: Testing the fake plugin is not enabled.Use parameter -Xfakeplugin=fakeplugin to enable it" />
		<system-out>13:11:11 INFO  ==============================================================
13:11:11 INFO  Id:    SoftwareManagement.sm_fake_install_remove
13:11:11 INFO  Dir:   software_management_end_to_end/
13:11:11 INFO  Title: Validate end to end behaviour for the dummy plugin for installation and removal of packages
13:11:11 INFO  ==============================================================
13:11:11 INFO  Testing the fake plugin is not enabled.Use parameter -Xfakeplugin=fakeplugin to enable it ... skipped
13:11:11 WARN  Aborted test due to SKIPPED outcome
13:11:11 INFO  
13:11:11 INFO  Test duration: 0.02 secs
13:11:11 INFO  Test final outcome:  SKIPPED
13:11:11 INFO  Test outcome reason: Testing the fake plugin is not enabled.Use parameter -Xfakeplugin=fakeplugin to enable it
13:11:11 INFO  
</system-out>
	</testcase>
<testcase classname="PySysTest" name="SoftwareManagement.sm_fake_install_remove" />
</testsuite><testsuite name="SoftwareManagement.sm_fake_install_remove_multiple" tests="2" errors="0" failures="0" skipped="1" time="0"><testcase classname="PySysTest" name="SoftwareManagement.sm_fake_install_remove_multiple">
		<skipped message="SKIPPED: Testing the fake plugin is not enabled.Use parameter -Xfakeplugin=fakeplugin to enable it" />
		<system-out>13:11:11 INFO  ==============================================================
13:11:11 INFO  Id:    SoftwareManagement.sm_fake_install_remove_multiple
13:11:11 INFO  Dir:   software_management_end_to_end/
13:11:11 INFO  Title: Validate end to end behaviour for the dummy-plugin for multiple packages
13:11:11 INFO  ==============================================================
13:11:11 INFO  Testing the fake plugin is not enabled.Use parameter -Xfakeplugin=fakeplugin to enable it ... skipped
13:11:11 WARN  Aborted test due to SKIPPED outcome
13:11:11 INFO  
13:11:11 INFO  Test duration: 0.02 secs
13:11:11 INFO  Test final outcome:  SKIPPED
13:11:11 INFO  Test outcome reason: Testing the fake plugin is not enabled.Use parameter -Xfakeplugin=fakeplugin to enable it
13:11:11 INFO  
</system-out>
	</testcase>
<testcase classname="PySysTest" name="SoftwareManagement.sm_fake_install_remove_multiple" />
</testsuite><testsuite name="SoftwareManagement.sm_mapper_fail_and_reconnect" tests="2" errors="0" failures="0" skipped="2" time="0"><testcase classname="MapperC8yReceiveLastMessageOnRestart" name="SoftwareManagement.sm_mapper_fail_and_reconnect">
		<skipped message="SKIPPED: instable https://github.com/thin-edge/thin-edge.io/issues/752" />
		<system-out>13:11:11 INFO  ==============================================================
13:11:11 INFO  Id:    SoftwareManagement.sm_mapper_fail_and_reconnect
13:11:11 INFO  Dir:   software_management_end_to_end/
13:11:11 INFO  Title: Validate the tedge-mapper-sm-c8y for receiving the last message on restart
13:11:11 INFO  ==============================================================
13:11:11 INFO  instable https://github.com/thin-edge/thin-edge.io/issues/752 ... skipped
13:11:11 INFO  
13:11:11 INFO  Test duration: 0.02 secs
13:11:11 INFO  Test final outcome:  SKIPPED
13:11:11 INFO  Test outcome reason: instable https://github.com/thin-edge/thin-edge.io/issues/752
13:11:11 INFO  
</system-out>
	</testcase>
<testcase classname="MapperC8yReceiveLastMessageOnRestart" name="SoftwareManagement.sm_mapper_fail_and_reconnect">
		<skipped message="SKIPPED: instable https://github.com/thin-edge/thin-edge.io/issues/752" />
		<system-out>14:21:41 INFO  ==============================================================
14:21:41 INFO  Id:    SoftwareManagement.sm_mapper_fail_and_reconnect
14:21:41 INFO  Dir:   software_management_end_to_end/
14:21:41 INFO  Title: Validate the tedge-mapper-sm-c8y for receiving the last message on restart
14:21:41 INFO  ==============================================================
14:21:41 INFO  instable https://github.com/thin-edge/thin-edge.io/issues/752 ... skipped
14:21:41 INFO  
14:21:41 INFO  Test duration: 0.05 secs
14:21:41 INFO  Test final outcome:  SKIPPED
14:21:41 INFO  Test outcome reason: instable https://github.com/thin-edge/thin-edge.io/issues/752
14:21:41 INFO  
</system-out>
	</testcase>
</testsuite><testsuite name="SoftwareManagement.sm_mixed_install_remove_multiple" tests="2" errors="0" failures="1" skipped="1" time="0"><testcase classname="PySysTest" name="SoftwareManagement.sm_mixed_install_remove_multiple">
		<skipped message="SKIPPED: Testing the fake plugin is not enabled.Use parameter -Xfakeplugin=fakeplugin to enable it" />
		<system-out>13:11:11 INFO  ==============================================================
13:11:11 INFO  Id:    SoftwareManagement.sm_mixed_install_remove_multiple
13:11:11 INFO  Dir:   software_management_end_to_end/
13:11:11 INFO  Title: Validate end to end behaviour for the dummy-plugin for multiple packages with mixed versions
13:11:11 INFO  ==============================================================
13:11:11 INFO  Testing the fake plugin is not enabled.Use parameter -Xfakeplugin=fakeplugin to enable it ... skipped
13:11:11 WARN  Aborted test due to SKIPPED outcome
13:11:11 INFO  
13:11:11 INFO  Test duration: 0.02 secs
13:11:11 INFO  Test final outcome:  SKIPPED
13:11:11 INFO  Test outcome reason: Testing the fake plugin is not enabled.Use parameter -Xfakeplugin=fakeplugin to enable it
13:11:11 INFO  
</system-out>
	</testcase>
<testcase classname="PySysTest" name="SoftwareManagement.sm_mixed_install_remove_multiple">
		<failure message="FAILED: Assert that (False == value) with value=True" type="FAILED" />
		<system-out>14:21:41 INFO  ==============================================================
[...]
12:59:45 INFO  Executed sudo&lt;rm_logs&gt;, exit status 0
12:59:45 INFO  Executed sudo&lt;move_logs&gt;, exit status 0
12:59:46 INFO  Executed sudo&lt;log_file_daemon&gt;, exit status 0
12:59:47 WARN  TypeError occurred while running test - 'NoneType' object is not subscriptable
Traceback (most recent call last):
  File "/home/pi/env-pysys/lib/python3.7/site-packages/pysys/baserunner.py", line 1294, in __call__
    self.testObj.execute()
  File "/home/pi/actions-runner/_work/thin-edge.io/thin-edge.io/tests/PySys/log_request_end_to_end/log_request_num_lines/run.py", line 46, in execute
    log_file_request_payload, self.project.deviceid
  File "/home/pi/actions-runner/_work/thin-edge.io/thin-edge.io/tests/PySys/environments/cumulocity.py", line 101, in trigger_log_request
    "deviceId": self.device_fragment["id"],
TypeError: 'NoneType' object is not subscriptable
12:59:47 WARN  TypeError: 'NoneType' object is not subscriptable ... blocked 
12:59:47 INFO  
12:59:47 INFO  cleanup:
12:59:47 INFO  Executed sudo&lt;rm_logs&gt;, exit status 0
12:59:48 INFO  Executed sudo&lt;rm_tmp_logs&gt;, exit status 0
12:59:48 INFO  Executed sudo&lt;send_failed&gt;, exit status 0
12:59:49 INFO  Executed sudo&lt;log_file_daemon&gt;, exit status 0
12:59:53 INFO  Executed sudo&lt;tedge_disconnect_c8y&gt;, exit status 0
12:59:53 INFO  Executed systemctl&lt;serv_mapper5&gt;, exit status 3
12:59:53 INFO  
12:59:53 INFO  Test duration: 31.57 secs
12:59:53 INFO  Test final outcome:  BLOCKED
12:59:53 INFO  Test outcome reason: TypeError: 'NoneType' object is not subscriptable
12:59:53 INFO  
</system-out>
	</testcase>
</testsuite><testsuite name="mapper_awaits_before_reconnect" tests="1" errors="0" failures="1" skipped="0" time="0"><testcase classname="MapperReconnectAwait" name="mapper_awaits_before_reconnect">
		<failure message="FAILED: Line count on tedge_mapper_journal.out for &quot;tedge_mapper::core::mapper: MQTT connection error:&quot; expected &gt;=2 but got 0" type="FAILED" />
		<system-out>13:14:12 INFO  ==============================================================
13:14:12 INFO  Id:    mapper_awaits_before_reconnect
13:14:12 INFO  Dir:   tedge_mapper_c8y/
13:14:12 INFO  Title: Validate mapper doesn't reconnect too often
13:14:12 INFO  ==============================================================
13:14:12 INFO  Started mosquitto_sub with process id 13585
13:14:12 INFO  Waiting for 0.1 seconds
13:14:13 INFO  Executed sudo&lt;tedge_mapper&gt;, exit status 0
13:14:13 INFO  Waiting for 5.0 seconds
13:14:19 INFO  Executed sudo&lt;tedge_mapper&gt;, exit status 0
13:14:22 INFO  Executed sudo&lt;tedge_mapper_journal&gt;, exit status 0
13:14:22 WARN  Grep on tedge_mapper_journal.out contains "ERROR" ... failed [run.py:67]
13:14:22 INFO  Line count on file tedge_mapper_journal.out ... passed
13:14:22 WARN  Line count on tedge_mapper_journal.out for "tedge_mapper::core::mapper: MQTT connection error:" expected &gt;=2 but got 0 ... failed [run.py:78]
13:14:22 WARN  Aborted test due to FAILED outcome
13:14:22 INFO  
13:14:22 INFO  Test duration: 10.07 secs
13:14:22 INFO  Test final outcome:  FAILED
13:14:22 INFO  Test outcome reason: Line count on tedge_mapper_journal.out for "tedge_mapper::core::mapper: MQTT connection error:" expected &gt;=2 but got 0
13:14:22 INFO  
</system-out>
	</testcase>
</testsuite><testsuite name="monitoring_smaller_interval" tests="1" errors="0" failures="1" skipped="0" time="0"><testcase classname="MonitoringSmallInterval" name="monitoring_smaller_interval">
		<failure message="BLOCKED: TypeError: 'int' object is not subscriptable" type="BLOCKED" />
		<system-out>13:01:15 INFO  ==============================================================
13:01:15 INFO  Id:    monitoring_smaller_interval
13:01:15 INFO  Dir:   monitoring/
13:01:15 INFO  Title: Validate the tedge dm agent messages that are produced with smaller sampling interval than the batching window. Here the simulated collectd messages are used
13:01:15 INFO  ==============================================================
13:01:16 INFO  Executed sudo&lt;collectd&gt;, exit status 0
13:01:16 INFO  Executed sudo&lt;collectd_mapper&gt;, exit status 0
13:01:16 INFO  Started sudo&lt;tedge_sub&gt; with process id 9714
13:01:17 INFO  Executed sudo&lt;tedge_temp&gt;, exit status 0
13:01:17 INFO  Executed sudo&lt;tedge_pres&gt;, exit status 0
13:01:18 INFO  Executed sudo&lt;tedge_temp&gt;, exit status 0
13:01:19 INFO  Executed sudo&lt;tedge_pres&gt;, exit status 0
13:01:19 INFO  Executed sudo&lt;tedge_temp&gt;, exit status 0
13:01:20 INFO  Executed sudo&lt;tedge_pres&gt;, exit status 0
13:01:20 INFO  Executed sudo&lt;tedge_temp&gt;, exit status 0
13:01:21 INFO  Executed sudo&lt;tedge_pres&gt;, exit status 0
13:01:22 INFO  Executed sudo&lt;tedge_temp&gt;, exit status 0
13:01:22 INFO  Executed sudo&lt;tedge_pres&gt;, exit status 0
13:01:23 INFO  Executed sudo&lt;tedge_temp&gt;, exit status 0
13:01:23 INFO  Executed sudo&lt;tedge_pres&gt;, exit status 0
13:01:24 INFO  Executed sudo&lt;tedge_temp&gt;, exit status 0
13:01:24 INFO  Executed sudo&lt;tedge_pres&gt;, exit status 0
13:01:25 INFO  Executed sudo&lt;tedge_temp&gt;, exit status 0
13:01:26 INFO  Executed sudo&lt;tedge_pres&gt;, exit status 0
13:01:26 INFO  Executed sudo&lt;tedge_temp&gt;, exit status 0
13:01:27 INFO  Executed sudo&lt;tedge_pres&gt;, exit status 0
13:01:27 INFO  Executed sudo&lt;tedge_temp&gt;, exit status 0
13:01:28 INFO  Executed sudo&lt;tedge_pres&gt;, exit status 0
13:01:29 INFO  Executed sudo&lt;kill_out&gt;, exit status 0
13:01:29 INFO  0

13:01:29 WARN  TypeError occurred while running test - 'int' object is not subscriptable
Traceback (most recent call last):
  File "/home/pi/env-pysys/lib/python3.7/site-packages/pysys/baserunner.py", line 1296, in __call__
    self.testObj.validate()
  File "/home/pi/actions-runner/_work/thin-edge.io/thin-edge.io/tests/PySys/monitoring/monitoring_smaller_interval/run.py", line 104, in validate
    collectd_msg_validation_result=self.validate_json(),
  File "/home/pi/actions-runner/_work/thin-edge.io/thin-edge.io/tests/PySys/monitoring/monitoring_smaller_interval/run.py", line 114, in validate_json
    if not self.validate_time():
  File "/home/pi/actions-runner/_work/thin-edge.io/thin-edge.io/tests/PySys/monitoring/monitoring_smaller_interval/run.py", line 134, in validate_time
    if self.js_msg["time"]:
TypeError: 'int' object is not subscriptable
13:01:29 WARN  TypeError: 'int' object is not subscriptable ... blocked 
13:01:29 INFO  
13:01:29 INFO  cleanup:
13:01:29 INFO  monitoring_cleanup
13:01:30 INFO  Executed sudo&lt;collectd_mapper&gt;, exit status 0
13:01:30 INFO  
13:01:30 INFO  Test duration: 15.15 secs
13:01:30 INFO  Test final outcome:  BLOCKED
13:01:30 INFO  Test outcome reason: TypeError: 'int' object is not subscriptable
13:01:30 INFO  
</system-out>
	</testcase>
</testsuite><testsuite name="monitoring_with_collectd" tests="1" errors="0" failures="0" skipped="1" time="0"><testcase classname="MonitoringWithCollectd" name="monitoring_with_collectd">
		<skipped message="SKIPPED: Test execution disabled due to #792 (instable)" />
		<system-out>13:01:30 INFO  ==============================================================
13:01:30 INFO  Id:    monitoring_with_collectd
13:01:30 INFO  Dir:   monitoring/
13:01:30 INFO  Title: Validate tedge dm agent messages that are produced by batching the collectd messages
13:01:30 INFO  ==============================================================
13:01:30 INFO  Test execution disabled due to #792 (instable) ... skipped
13:01:30 INFO  
13:01:30 INFO  Test duration: 0.02 secs
13:01:30 INFO  Test final outcome:  SKIPPED
13:01:30 INFO  Test outcome reason: Test execution disabled due to #792 (instable)
13:01:30 INFO  
</system-out>
	</testcase>
</testsuite><testsuite name="monitoring_with_simulated_messages" tests="1" errors="0" failures="1" skipped="0" time="0"><testcase classname="MonitoringWithSimulatedMessages" name="monitoring_with_simulated_messages">
		<failure message="BLOCKED: TypeError: 'int' object is not subscriptable" type="BLOCKED" />
		<system-out>13:01:30 INFO  ==============================================================
13:01:30 INFO  Id:    monitoring_with_simulated_messages
13:01:30 INFO  Dir:   monitoring/
13:01:30 INFO  Title: Validate the tedge dm agent messages that are produced from the simulated collectd messages
13:01:30 INFO  ==============================================================
13:01:31 INFO  Executed sudo&lt;collectd&gt;, exit status 0
13:01:31 INFO  Executed sudo&lt;collectd_mapper&gt;, exit status 0
13:01:31 INFO  Started sudo&lt;tedge_sub&gt; with process id 9784
13:01:32 INFO  Executed sudo&lt;tedge_temp&gt;, exit status 0
13:01:33 INFO  Executed sudo&lt;tedge_pres&gt;, exit status 0
13:01:34 INFO  Executed sudo&lt;kill_out&gt;, exit status 0
13:01:34 INFO  0

13:01:34 WARN  TypeError occurred while running test - 'int' object is not subscriptable
Traceback (most recent call last):
  File "/home/pi/env-pysys/lib/python3.7/site-packages/pysys/baserunner.py", line 1296, in __call__
    self.testObj.validate()
  File "/home/pi/actions-runner/_work/thin-edge.io/thin-edge.io/tests/PySys/monitoring/monitoring_with_simulated_messages/run.py", line 98, in validate
    collectd_msg_validation_result=self.validate_json(),
  File "/home/pi/actions-runner/_work/thin-edge.io/thin-edge.io/tests/PySys/monitoring/monitoring_with_simulated_messages/run.py", line 108, in validate_json
    if not self.validate_time():
  File "/home/pi/actions-runner/_work/thin-edge.io/thin-edge.io/tests/PySys/monitoring/monitoring_with_simulated_messages/run.py", line 127, in validate_time
    if self.js_msg["time"]:
TypeError: 'int' object is not subscriptable
13:01:34 WARN  TypeError: 'int' object is not subscriptable ... blocked 
13:01:34 INFO  
13:01:34 INFO  cleanup:
13:01:34 INFO  monitoring_cleanup
13:01:35 INFO  Executed sudo&lt;collectd_mapper&gt;, exit status 0
13:01:35 INFO  
13:01:35 INFO  Test duration: 4.46 secs
13:01:35 INFO  Test final outcome:  BLOCKED
13:01:35 INFO  Test outcome reason: TypeError: 'int' object is not subscriptable
13:01:35 INFO  
</system-out>
	</testcase>
</testsuite><testsuite name="mqtt_port_change_connection_fails" tests="1" errors="0" failures="0" skipped="0" time="0"><testcase classname="MqttPortChangeConnectionFails" name="mqtt_port_change_connection_fails" />
</testsuite><testsuite name="mqtt_port_change_connection_works" tests="1" errors="0" failures="0" skipped="1" time="0"><testcase classname="MqttPortChangeConnectionWorks" name="mqtt_port_change_connection_works">
		<skipped message="SKIPPED: failing intermitently" />
		<system-out>13:00:29 INFO  ==============================================================
13:00:29 INFO  Id:    mqtt_port_change_connection_works
13:00:29 INFO  Dir:   misc_features/
13:00:29 INFO  Title: mqtt port change connection works for all the thin-edge services that use the mosquitto broker
13:00:29 INFO  ==============================================================
13:00:29 INFO  failing intermitently ... skipped
13:00:29 INFO  
13:00:29 INFO  Test duration: 0.02 secs
13:00:29 INFO  Test final outcome:  SKIPPED
13:00:29 INFO  Test outcome reason: failing intermitently
13:00:29 INFO  
</system-out>
	</testcase>
</testsuite><testsuite name="publish_flux" tests="1" errors="0" failures="0" skipped="0" time="0"><testcase classname="PublishFlux" name="publish_flux" />
</testsuite><testsuite name="publish_sawmill" tests="1" errors="0" failures="0" skipped="0" time="0"><testcase classname="PublishSawmill" name="publish_sawmill" />
</testsuite><testsuite name="runtime_start_two_mappers" tests="1" errors="0" failures="0" skipped="0" time="0"><testcase classname="RuntimeMultiMappers" name="runtime_start_two_mappers" />
</testsuite><testsuite name="sm_tedge_mapper_init_session" tests="1" errors="0" failures="0" skipped="0" time="0"><testcase classname="TedgeSMMapperInitSession" name="sm_tedge_mapper_init_session" />
</testsuite><testsuite name="smoketest_json" tests="1" errors="0" failures="0" skipped="0" time="0"><testcase classname="SmokeTestJson" name="smoketest_json" />
</testsuite><testsuite name="smoketest_json_400_samples_10ms" tests="1" errors="0" failures="0" skipped="0" time="0"><testcase classname="SmoketestJson400Samples10ms" name="smoketest_json_400_samples_10ms" />
</testsuite><testsuite name="smoketest_json_400_samples_20ms" tests="1" errors="0" failures="0" skipped="0" time="0"><testcase classname="SmoketestJson400Samples20ms" name="smoketest_json_400_samples_20ms" />
</testsuite><testsuite name="smoketest_smartrest" tests="1" errors="0" failures="0" skipped="0" time="0"><testcase classname="SmoketestSmartRest" name="smoketest_smartrest" />
</testsuite><testsuite name="smoketest_smartrest_400_samples_1Xms" tests="1" errors="0" failures="0" skipped="0" time="0"><testcase classname="SmoketestSmartRest400Samples1Xms" name="smoketest_smartrest_400_samples_1Xms" />
</testsuite><testsuite name="smoketest_smartrest_400_samples_20ms" tests="1" errors="0" failures="0" skipped="0" time="0"><testcase classname="SmoketestSmartRest400Samples20ms" name="smoketest_smartrest_400_samples_20ms" />
</testsuite><testsuite name="tedge_agent_user_sudo_access" tests="1" errors="0" failures="0" skipped="1" time="0"><testcase classname="TedgeAgentUserSudoAccess" name="tedge_agent_user_sudo_access">
		<skipped message="SKIPPED: #955 Observation: Exit code of the apt plugin when called with no arguments" />
		<system-out>13:11:37 INFO  ==============================================================
13:11:37 INFO  Id:    tedge_agent_user_sudo_access
13:11:37 INFO  Dir:   tedge/
13:11:37 INFO  Title: Validate tedge-agent user has a limited sudo right
13:11:37 INFO  ==============================================================
13:11:37 INFO  #955 Observation: Exit code of the apt plugin when called with no arguments ... skipped
13:11:37 INFO  
13:11:37 INFO  Test duration: 0.02 secs
13:11:37 INFO  Test final outcome:  SKIPPED
13:11:37 INFO  Test outcome reason: #955 Observation: Exit code of the apt plugin when called with no arguments
13:11:37 INFO  
</system-out>
	</testcase>
</testsuite><testsuite name="tedge_connect_test_negative" tests="1" errors="0" failures="0" skipped="0" time="0"><testcase classname="TedgeConnectTestNegative" name="tedge_connect_test_negative" />
</testsuite><testsuite name="tedge_connect_test_positive" tests="1" errors="0" failures="0" skipped="0" time="0"><testcase classname="TedgeConnectTestPositive" name="tedge_connect_test_positive" />
</testsuite><testsuite name="tedge_connect_test_sm_services" tests="1" errors="0" failures="0" skipped="0" time="0"><testcase classname="TedgeConnectTestSMServices" name="tedge_connect_test_sm_services" />
</testsuite><testsuite name="tedge_disconnect_test_sm_services" tests="1" errors="0" failures="0" skipped="0" time="0"><testcase classname="TedgeDisConnectTestSMServices" name="tedge_disconnect_test_sm_services" />
</testsuite><testsuite name="tedge_mapper_az_negative" tests="1" errors="0" failures="0" skipped="0" time="0"><testcase classname="TedgeMapperAzError" name="tedge_mapper_az_negative" />
</testsuite><testsuite name="tedge_mapper_az_with_timestamp" tests="1" errors="0" failures="0" skipped="0" time="0"><testcase classname="TedgeMapperAzWithTimestamp" name="tedge_mapper_az_with_timestamp" />
</testsuite><testsuite name="tedge_mapper_az_without_timestamp" tests="1" errors="0" failures="0" skipped="0" time="0"><testcase classname="TedgeMapperAzWithoutTimestamp" name="tedge_mapper_az_without_timestamp" />
</testsuite><testsuite name="tedge_mapper_c8y_alarms" tests="1" errors="0" failures="0" skipped="0" time="0"><testcase classname="TedgeMapperC8yAlarm" name="tedge_mapper_c8y_alarms" />
</testsuite><testsuite name="tedge_mapper_c8y_child_device_measurement" tests="1" errors="0" failures="0" skipped="0" time="0"><testcase classname="TedgeMapperC8yChildDevice" name="tedge_mapper_c8y_child_device_measurement" />
</testsuite><testsuite name="tedge_mapper_c8y_packet_threshold_size" tests="1" errors="0" failures="1" skipped="0" time="0"><testcase classname="TedgeMapperC8yThresholdPacketSize" name="tedge_mapper_c8y_packet_threshold_size">
		<failure message="FAILED: Grep on tedge_sub.out contains &quot;The size of the message received on tedge/measurements is 20489 which is greater than the threshold size of 16184.&quot;" type="FAILED" />
		<system-out>13:16:00 INFO  ==============================================================
13:16:00 INFO  Id:    tedge_mapper_c8y_packet_threshold_size
13:16:00 INFO  Dir:   tedge_mapper_c8y/
13:16:00 INFO  Title: Validate the Cumulocity Mapper accepted threshold packet size when it receives a message on tedge/measurements
13:16:00 INFO  ==============================================================
13:16:00 INFO  Executed sudo&lt;tedge_mapper_c8y&gt;, exit status 0
13:16:00 INFO  Started sudo&lt;tedge_sub&gt; with process id 14181
13:16:01 INFO  Executed sudo&lt;tedge_msg&gt;, exit status 0
13:16:01 INFO  Executed sudo&lt;tedge_pub&gt;, exit status 0
13:16:02 INFO  Executed sudo&lt;kill_out&gt;, exit status 0
13:16:02 WARN  Grep on tedge_sub.out contains "The size of the message received on tedge/measurements is 20489 which is greater than the threshold size of 16184." ... failed [run.py:88]
13:16:02 INFO  
13:16:02 INFO  cleanup:
13:16:02 INFO  mapper_cleanup
13:16:03 INFO  Executed sudo&lt;tedge_mapper_c8y&gt;, exit status 0
13:16:03 INFO  
13:16:03 INFO  Test duration: 3.15 secs
13:16:03 INFO  Test final outcome:  FAILED
13:16:03 INFO  Test outcome reason: Grep on tedge_sub.out contains "The size of the message received on tedge/measurements is 20489 which is greater than the threshold size of 16184."
13:16:03 INFO  
</system-out>
	</testcase>
</testsuite><testsuite name="tedge_software_update" tests="1" errors="0" failures="0" skipped="0" time="0"><testcase classname="PySysTest" name="tedge_software_update" />
</testsuite><testsuite name="valid_device_id" tests="1" errors="0" failures="1" skipped="0" time="0"><testcase classname="ValidateValidDeviceId" name="valid_device_id">
		<failure message="FAILED: Grep on tedge_connect_c8y_test.out contains &quot;successful&quot;" type="FAILED" />
		<system-out>13:00:29 INFO  ==============================================================
13:00:29 INFO  Id:    valid_device_id
13:00:29 INFO  Dir:   misc_features/
13:00:29 INFO  Title: Valid device ID
13:00:29 INFO  ==============================================================
13:00:29 INFO  Executed sudo&lt;tedge_disconnect_c8y&gt;, exit status 0
13:00:30 INFO  Executed sudo&lt;create_cert_dir&gt;, exit status 0
13:00:30 INFO  Executed sudo&lt;change_owner_of_dir&gt;, exit status 0
13:00:31 INFO  Executed sudo&lt;set_cert_path&gt;, exit status 0
13:00:31 INFO  Executed sudo&lt;set_key_path&gt;, exit status 0
13:00:32 INFO  Executed sudo&lt;cert_create&gt;, exit status 0
13:00:33 INFO  Executed sudo&lt;cert_upload&gt;, exit status 0
13:00:59 INFO  Executed sudo&lt;tedge_connect_c8y&gt;, exit status 0, duration 24 secs
13:01:09 INFO  Executed sudo&lt;tedge_connect_c8y_test&gt;, exit status 0
13:01:09 INFO  Grep on file tedge_connect_c8y.out ... passed
13:01:09 WARN  Grep on tedge_connect_c8y_test.out contains "successful" ... failed [run.py:108]
13:01:09 INFO  
13:01:09 INFO  cleanup:
13:01:13 INFO  Executed sudo&lt;tedge_disconnect_c8y&gt;, exit status 0
13:01:14 INFO  Executed sudo&lt;unset_cert_path&gt;, exit status 0
13:01:14 INFO  Executed sudo&lt;unset_key_path&gt;, exit status 0
13:01:15 INFO  Executed sudo&lt;remove_cert_dir&gt;, exit status 0
13:01:15 INFO  
13:01:15 INFO  Test duration: 46.30 secs
13:01:15 INFO  Test final outcome:  FAILED
13:01:15 INFO  Test outcome reason: Grep on tedge_connect_c8y_test.out contains "successful"
13:01:15 INFO  
</system-out>
	</testcase>
</testsuite></testsuites>