<?xml version='1.0' encoding='utf-8'?>
<testsuites tests="139" failures="21" errors="0" skipped="45" time="0.0"><testsuite name="SoftwareManagement.Plugin.apama_plugin_install" tests="3" errors="0" failures="0" skipped="1" time="0"><testcase classname="ApamaPluginInstallTest" name="SoftwareManagement.Plugin.apama_plugin_install">
		<skipped message="SKIPPED: Apama plugin tests are disabled by default. Execute `pysys run` with `-XmyPlatform=container` to run these tests" />
		<system-out>07:40:16 INFO  ==============================================================
07:40:16 INFO  Id:    SoftwareManagement.Plugin.apama_plugin_install
07:40:16 INFO  Dir:   plugin_apama/
07:40:16 INFO  Title: Validate apama plugin install
07:40:16 INFO  ==============================================================
07:40:16 INFO  Apama plugin tests are disabled by default. Execute `pysys run` with `-XmyPlatform=container` to run these tests ... skipped
07:40:16 WARN  Aborted test due to SKIPPED outcome
07:40:16 INFO  
07:40:16 INFO  Test duration: 0.05 secs
07:40:16 INFO  Test final outcome:  SKIPPED
07:40:16 INFO  Test outcome reason: Apama plugin tests are disabled by default. Execute `pysys run` with `-XmyPlatform=container` to run these tests
07:40:16 INFO  
</system-out>
	</testcase>
<testcase classname="ApamaPluginInstallTest" name="SoftwareManagement.Plugin.apama_plugin_install" />
<testcase classname="ApamaPluginInstallTest" name="SoftwareManagement.Plugin.apama_plugin_install" />
</testsuite><testsuite name="SoftwareManagement.Plugin.apama_plugin_mon_support" tests="3" errors="0" failures="0" skipped="1" time="0"><testcase classname="ApamaPluginMonSupportTest" name="SoftwareManagement.Plugin.apama_plugin_mon_support">
		<skipped message="SKIPPED: Apama plugin tests are disabled by default. Execute `pysys run` with `-XmyPlatform=container` to run these tests" />
		<system-out>07:40:16 INFO  ==============================================================
07:40:16 INFO  Id:    SoftwareManagement.Plugin.apama_plugin_mon_support
07:40:16 INFO  Dir:   plugin_apama/
07:40:16 INFO  Title: Validate mon file support of apama plugin
07:40:16 INFO  ==============================================================
07:40:16 INFO  Apama plugin tests are disabled by default. Execute `pysys run` with `-XmyPlatform=container` to run these tests ... skipped
07:40:16 WARN  Aborted test due to SKIPPED outcome
07:40:16 INFO  
07:40:16 INFO  Test duration: 0.02 secs
07:40:16 INFO  Test final outcome:  SKIPPED
07:40:16 INFO  Test outcome reason: Apama plugin tests are disabled by default. Execute `pysys run` with `-XmyPlatform=container` to run these tests
07:40:16 INFO  
</system-out>
	</testcase>
<testcase classname="ApamaPluginMonSupportTest" name="SoftwareManagement.Plugin.apama_plugin_mon_support" />
<testcase classname="ApamaPluginMonSupportTest" name="SoftwareManagement.Plugin.apama_plugin_mon_support" />
</testsuite><testsuite name="SoftwareManagement.Plugin.apama_plugin_remove" tests="3" errors="0" failures="0" skipped="1" time="0"><testcase classname="ApamaPluginRemoveTest" name="SoftwareManagement.Plugin.apama_plugin_remove">
		<skipped message="SKIPPED: Apama plugin tests are disabled by default. Execute `pysys run` with `-XmyPlatform=container` to run these tests" />
		<system-out>07:40:16 INFO  ==============================================================
07:40:16 INFO  Id:    SoftwareManagement.Plugin.apama_plugin_remove
07:40:16 INFO  Dir:   plugin_apama/
07:40:16 INFO  Title: Validate apama plugin remove
07:40:16 INFO  ==============================================================
07:40:16 INFO  Apama plugin tests are disabled by default. Execute `pysys run` with `-XmyPlatform=container` to run these tests ... skipped
07:40:16 WARN  Aborted test due to SKIPPED outcome
07:40:16 INFO  
07:40:16 INFO  Test duration: 0.02 secs
07:40:16 INFO  Test final outcome:  SKIPPED
07:40:16 INFO  Test outcome reason: Apama plugin tests are disabled by default. Execute `pysys run` with `-XmyPlatform=container` to run these tests
07:40:16 INFO  
</system-out>
	</testcase>
<testcase classname="ApamaPluginRemoveTest" name="SoftwareManagement.Plugin.apama_plugin_remove" />
<testcase classname="ApamaPluginRemoveTest" name="SoftwareManagement.Plugin.apama_plugin_remove" />
</testsuite><testsuite name="SoftwareManagement.Plugin.apama_plugin_update" tests="3" errors="0" failures="2" skipped="1" time="0"><testcase classname="ApamaPluginUpdateTest" name="SoftwareManagement.Plugin.apama_plugin_update">
		<skipped message="SKIPPED: Apama plugin tests are disabled by default. Execute `pysys run` with `-XmyPlatform=container` to run these tests" />
		<system-out>07:40:16 INFO  ==============================================================
07:40:16 INFO  Id:    SoftwareManagement.Plugin.apama_plugin_update
07:40:16 INFO  Dir:   plugin_apama/
07:40:16 INFO  Title: Validate apama plugin updating one project with another
07:40:16 INFO  ==============================================================
07:40:16 INFO  Apama plugin tests are disabled by default. Execute `pysys run` with `-XmyPlatform=container` to run these tests ... skipped
07:40:16 WARN  Aborted test due to SKIPPED outcome
07:40:16 INFO  
07:40:16 INFO  Test duration: 0.02 secs
07:40:16 INFO  Test final outcome:  SKIPPED
07:40:16 INFO  Test outcome reason: Apama plugin tests are disabled by default. Execute `pysys run` with `-XmyPlatform=container` to run these tests
07:40:16 INFO  
</system-out>
	</testcase>
<testcase classname="ApamaPluginUpdateTest" name="SoftwareManagement.Plugin.apama_plugin_update">
		<failure message="BLOCKED: sudo&lt;plugin_install&gt; returned non-zero exit code 2" type="BLOCKED" />
		<system-out>08:19:53 INFO  ==============================================================
08:19:53 INFO  Id:    SoftwareManagement.Plugin.apama_plugin_update
08:19:53 INFO  Dir:   plugin_apama/
08:19:53 INFO  Title: Validate apama plugin updating one project with another
08:19:53 INFO  ==============================================================
08:19:53 INFO  Assertion that path exists=False for "/etc/tedge/apama/project" ... passed
08:19:53 INFO  Executed sudo&lt;create_project_dir&gt;, exit status 0
08:19:54 INFO  Executed sudo&lt;unzip_apama_project&gt;, exit status 0
08:19:54 INFO  Executed sudo&lt;move_apama_project&gt;, exit status 0
08:19:55 INFO  Executed sudo&lt;restart_apama_service&gt;, exit status 0
08:19:56 INFO  Executed sudo&lt;apama_correlator_wait&gt;, exit status 0
08:19:56 INFO  Assertion that path exists=True for "/etc/tedge/apama/project" ... passed
08:19:57 INFO  Executed sudo&lt;apama_list_monitors&gt;, exit status 0
08:19:57 INFO  Grep on file /home/pi/actions-runner/_work/thin-edge.io/thin-edge.io/tests/PySys/plugin_apama/apama_plugin_update/Output/linux/apama_list_monitors.out ... passed
08:19:58 WARN  Executed sudo&lt;plugin_install&gt;, exit status 2
08:19:58 INFO  Contents of plugin_install.err: 
  ERROR: Directory not empty (os error 39)
  -----

08:19:58 WARN  sudo&lt;plugin_install&gt; returned non-zero exit code 2 ... blocked [run.py:35]
08:19:58 WARN  Aborted test due to BLOCKED outcome
08:19:58 INFO  
08:19:58 INFO  cleanup:
08:19:58 INFO  Removing apama project
08:20:13 INFO  Executed sudo&lt;stop_apama_service&gt;, exit status 0, duration 15 secs
08:20:14 INFO  Executed sudo&lt;remove_apama_project&gt;, exit status 0
08:20:14 INFO  Executed sudo&lt;remove_apama_tmp_dir&gt;, exit status 0
08:20:14 INFO  
08:20:14 INFO  Test duration: 21.62 secs
08:20:14 INFO  Test final outcome:  BLOCKED
08:20:14 INFO  Test outcome reason: sudo&lt;plugin_install&gt; returned non-zero exit code 2
08:20:14 INFO  
</system-out>
	</testcase>
<testcase classname="ApamaPluginUpdateTest" name="SoftwareManagement.Plugin.apama_plugin_update">
		<failure message="BLOCKED: sudo&lt;plugin_install&gt; returned non-zero exit code 2" type="BLOCKED" />
		<system-out>08:28:35 INFO  ==============================================================
08:28:35 INFO  Id:    SoftwareManagement.Plugin.apama_plugin_update
08:28:35 INFO  Dir:   plugin_apama/
08:28:35 INFO  Title: Validate apama plugin updating one project with another
08:28:35 INFO  ==============================================================
08:28:35 INFO  Assertion that path exists=False for "/etc/tedge/apama/project" ... passed
08:28:35 INFO  Executed sudo&lt;create_project_dir&gt;, exit status 0
08:28:36 INFO  Executed sudo&lt;unzip_apama_project&gt;, exit status 0
08:28:36 INFO  Executed sudo&lt;move_apama_project&gt;, exit status 0
08:28:37 INFO  Executed sudo&lt;restart_apama_service&gt;, exit status 0
08:28:38 INFO  Executed sudo&lt;apama_correlator_wait&gt;, exit status 0
08:28:38 INFO  Assertion that path exists=True for "/etc/tedge/apama/project" ... passed
08:28:39 INFO  Executed sudo&lt;apama_list_monitors&gt;, exit status 0
08:28:39 INFO  Grep on file /home/pi/actions-runner/_work/thin-edge.io/thin-edge.io/tests/PySys/plugin_apama/apama_plugin_update/Output/linux/apama_list_monitors.out ... passed
08:28:39 WARN  Executed sudo&lt;plugin_install&gt;, exit status 2
08:28:39 INFO  Contents of plugin_install.err: 
  ERROR: Directory not empty (os error 39)
  -----

08:28:40 WARN  sudo&lt;plugin_install&gt; returned non-zero exit code 2 ... blocked [run.py:35]
08:28:40 WARN  Aborted test due to BLOCKED outcome
08:28:40 INFO  
08:28:40 INFO  cleanup:
08:28:40 INFO  Removing apama project
08:28:55 INFO  Executed sudo&lt;stop_apama_service&gt;, exit status 0, duration 15 secs
08:28:56 INFO  Executed sudo&lt;remove_apama_project&gt;, exit status 0
08:28:56 INFO  Executed sudo&lt;remove_apama_tmp_dir&gt;, exit status 0
08:28:56 INFO  
08:28:56 INFO  Test duration: 21.69 secs
08:28:56 INFO  Test final outcome:  BLOCKED
08:28:56 INFO  Test outcome reason: sudo&lt;plugin_install&gt; returned non-zero exit code 2
08:28:56 INFO  
</system-out>
	</testcase>
</testsuite><testsuite name="SoftwareManagement.sm_apt_install_download_path" tests="3" errors="0" failures="2" skipped="1" time="0"><testcase classname="AptInstallWithDownloadPath" name="SoftwareManagement.sm_apt_install_download_path">
		<skipped message="SKIPPED: Testing the apt plugin is not supported on this platform.Use parameter -XmyPlatform='container' to enable it" />
		<system-out>07:49:54 INFO  ==============================================================
07:49:54 INFO  Id:    SoftwareManagement.sm_apt_install_download_path
07:49:54 INFO  Dir:   software_management_end_to_end/
07:49:54 INFO  Title: Install package to directory specified in tedge config set tmp.path
07:49:54 INFO  ==============================================================
07:49:54 INFO  Testing the apt plugin is not supported on this platform.Use parameter -XmyPlatform='container' to enable it ... skipped
07:49:54 WARN  Aborted test due to SKIPPED outcome
07:49:54 INFO  
07:49:54 INFO  Test duration: 0.07 secs
07:49:54 INFO  Test final outcome:  SKIPPED
07:49:54 INFO  Test outcome reason: Testing the apt plugin is not supported on this platform.Use parameter -XmyPlatform='container' to enable it
07:49:54 INFO  
</system-out>
	</testcase>
<testcase classname="AptInstallWithDownloadPath" name="SoftwareManagement.sm_apt_install_download_path">
		<failure message="BLOCKED: SystemError: The Sofware list is empty !!!" type="BLOCKED" />
		<system-out>08:13:58 INFO  ==============================================================
08:13:58 INFO  Id:    SoftwareManagement.sm_apt_install_download_path
08:13:58 INFO  Dir:   software_management_end_to_end/
08:13:58 INFO  Title: Install package to directory specified in tedge config set tmp.path
08:13:58 INFO  ==============================================================
08:13:59 INFO  Using sw id database: {'asciijump': '5475369', 'robotfindskitten': '5474869', 'squirrel3': '5475279', 'rolldice': '5152439', 'moon-buggy': '5439204', 'apple': '5495053', 'banana': '5494888', 'cherry': '5495382', 'watermelon': '5494510', 'registry': '8018911', 'hello-world': '8021526', 'docker/getting-started': '8021973', 'alpine': '7991792'}
08:13:59 INFO  EnvironmentC8y Setup
08:13:59 INFO  Executed systemctl&lt;serv_mapper1&gt;, exit status 3
08:14:14 INFO  Executed sudo&lt;tedge_connect_c8y&gt;, exit status 0, duration 14 secs
08:14:16 INFO  Executed sudo&lt;tedge_connect_c8y_test&gt;, exit status 0
08:14:17 INFO  Executed systemctl&lt;serv_mosq2&gt;, exit status 0
08:14:18 INFO  Executed systemctl&lt;serv_mapper3&gt;, exit status 0
08:14:20 ERROR No operations found, assuming it passed
08:14:20 WARN  SystemError occurred while running test - The Sofware list is empty !!!
Traceback (most recent call last):
  File "/home/pi/env-pysys/lib/python3.7/site-packages/pysys/baserunner.py", line 1292, in __call__
    self.testObj.setup()
  File "/home/pi/actions-runner/_work/thin-edge.io/thin-edge.io/tests/PySys/software_management_end_to_end/sm_apt_install_download_path/run.py", line 49, in setup
    self.assertThat("False == value", value=self.check_is_installed("rolldice"))
  File "/home/pi/actions-runner/_work/thin-edge.io/thin-edge.io/tests/PySys/software_management_end_to_end/environment_sm_management.py", line 399, in check_is_installed
    raise SystemError("The Sofware list is empty !!!")
SystemError: The Sofware list is empty !!!
08:14:21 WARN  SystemError: The Sofware list is empty !!! ... blocked 
08:14:21 INFO  
08:14:21 INFO  cleanup:
08:14:21 INFO  Executed sudo, exit status 0
08:14:22 INFO  Executed sudo, exit status 0
08:14:26 INFO  Executed sudo&lt;tedge_disconnect_c8y&gt;, exit status 0
08:14:26 INFO  Restarting mosquitto too frequently in the last 10 seconds. It was only up for 4 seconds
08:14:26 INFO  Delaying execution by 7 seconds
08:14:47 INFO  Executed sudo&lt;tedge_connect_c8y&gt;, exit status 0, duration 13 secs
08:14:51 INFO  Executed sudo&lt;tedge_disconnect_c8y&gt;, exit status 0
08:14:51 INFO  Executed systemctl&lt;serv_mapper5&gt;, exit status 3
08:14:51 INFO  
08:14:51 INFO  Test duration: 52.92 secs
08:14:51 INFO  Test final outcome:  BLOCKED
08:14:51 INFO  Test outcome reason: SystemError: The Sofware list is empty !!!
08:14:51 INFO  
</system-out>
	</testcase>
<testcase classname="AptInstallWithDownloadPath" name="SoftwareManagement.sm_apt_install_download_path">
		<failure message="BLOCKED: AssertionError:" type="BLOCKED" />
		<system-out>08:28:56 INFO  ==============================================================
08:28:56 INFO  Id:    SoftwareManagement.sm_apt_install_download_path
08:28:56 INFO  Dir:   software_management_end_to_end/
08:28:56 INFO  Title: Install package to directory specified in tedge config set tmp.path
08:28:56 INFO  ==============================================================
08:28:58 INFO  Using sw id database: {'asciijump': '5475369', 'robotfindskitten': '5474869', 'squirrel3': '5475279', 'rolldice': '5152439', 'moon-buggy': '5439204', 'apple': '5495053', 'banana': '5494888', 'cherry': '5495382', 'watermelon': '5494510', 'registry': '8018911', 'hello-world': '8021526', 'docker/getting-started': '8021973', 'alpine': '7991792'}
08:28:58 INFO  EnvironmentC8y Setup
08:28:58 INFO  Executed systemctl&lt;serv_mapper1&gt;, exit status 3
08:29:13 INFO  Executed sudo&lt;tedge_connect_c8y&gt;, exit status 0, duration 14 secs
08:29:13 INFO  Executed sudo&lt;tedge_connect_c8y_test&gt;, exit status 0
08:29:14 INFO  Executed systemctl&lt;serv_mosq2&gt;, exit status 0
08:29:14 INFO  Executed systemctl&lt;serv_mapper3&gt;, exit status 0
08:29:16 INFO  State of current operation: SUCCESSFUL
08:29:17 INFO  Assert that (False == value) with value=False ... passed
08:29:17 INFO  Executed sudo, exit status 0
08:29:18 INFO  Executed sudo, exit status 0
08:29:18 INFO  Executed sudo, exit status 0
08:29:22 INFO  Executed sudo&lt;tedge_disconnect_c8y&gt;, exit status 0
08:29:22 INFO  Restarting mosquitto too frequently in the last 10 seconds. It was only up for 3 seconds
08:29:22 INFO  Delaying execution by 8 seconds
08:29:44 INFO  Executed sudo&lt;tedge_connect_c8y&gt;, exit status 0, duration 13 secs
08:29:44 INFO  Response status: 201
08:29:44 INFO  Response to action: {
    "creationTime": "2022-07-15T08:29:44.734Z",
    "deviceName": "m32sd10d",
    "deviceId": "20920854",
    "self": "https://t493319102.eu-latest.cumulocity.com/devicecontrol/operations/20930354",
    "id": "20930354",
    "status": "PENDING",
    "description": "Apply software changes, triggered from PySys: [{'name': 'rolldice', 'id': '5152439', 'version': '::apt', 'url': 'https://thin-edge-io.eu-latest.cumulocity.com/inventory/binaries/12435463', 'action': 'install'}]",
    "c8y_SoftwareUpdate": [
        {
            "name": "rolldice",
            "action": "install",
            "id": "5152439",
            "version": "::apt",
            "url": "https://thin-edge-io.eu-latest.cumulocity.com/inventory/binaries/12435463"
        }
    ]
}
08:29:44 INFO  Started operation: {'creationTime': '2022-07-15T08:29:44.734Z', 'deviceName': 'm32sd10d', 'deviceId': '20920854', 'self': 'https://t493319102.eu-latest.cumulocity.com/devicecontrol/operations/20930354', 'id': '20930354', 'status': 'PENDING', 'description': "Apply software changes, triggered from PySys: [{'name': 'rolldice', 'id': '5152439', 'version': '::apt', 'url': 'https://thin-edge-io.eu-latest.cumulocity.com/inventory/binaries/12435463', 'action': 'install'}]", 'c8y_SoftwareUpdate': [{'name': 'rolldice', 'action': 'install', 'id': '5152439', 'version': '::apt', 'url': 'https://thin-edge-io.eu-latest.cumulocity.com/inventory/binaries/12435463'}]}
08:29:44 WARN  , retrying in 0.5 seconds...
08:29:45 WARN  , retrying in 0.5 seconds...
08:29:45 WARN  , retrying in 0.5 seconds...
08:29:46 WARN  , retrying in 0.5 seconds...
08:29:46 WARN  , retrying in 0.5 seconds...
08:29:47 WARN  , retrying in 0.5 seconds...
08:29:47 WARN  , retrying in 0.5 seconds...
08:29:48 WARN  , retrying in 0.5 seconds...
08:29:48 WARN  , retrying in 0.5 seconds...
08:29:49 WARN  AssertionError occurred while running test - 
Traceback (most recent call last):
  File "/home/pi/env-pysys/lib/python3.7/site-packages/pysys/baserunner.py", line 1294, in __call__
    self.testObj.execute()
  File "/home/pi/actions-runner/_work/thin-edge.io/thin-edge.io/tests/PySys/software_management_end_to_end/sm_apt_install_download_path/run.py", line 83, in execute
    assert_install_in_download_path(install_directory=self.DOWNLOAD_DIR)
  File "/home/pi/env-pysys/lib/python3.7/site-packages/decorator.py", line 232, in fun
    return caller(func, *(extras + args), **kw)
  File "/home/pi/env-pysys/lib/python3.7/site-packages/retry/api.py", line 74, in retry_decorator
    logger)
  File "/home/pi/env-pysys/lib/python3.7/site-packages/retry/api.py", line 33, in __retry_internal
    return f()
  File "/home/pi/actions-runner/_work/thin-edge.io/thin-edge.io/tests/PySys/software_management_end_to_end/sm_apt_install_download_path/run.py", line 28, in assert_install_in_download_path
    assert "rolldice" in os.listdir(f"{install_directory}")
AssertionError
08:29:49 WARN  AssertionError: ... blocked 
08:29:49 INFO  
08:29:49 INFO  cleanup:
08:29:49 INFO  Executed sudo, exit status 0
08:29:50 INFO  Executed sudo, exit status 0
08:29:54 INFO  Executed sudo&lt;tedge_disconnect_c8y&gt;, exit status 0
08:29:54 INFO  Restarting mosquitto too frequently in the last 10 seconds. It was only up for 3 seconds
08:29:54 INFO  Delaying execution by 8 seconds
08:30:17 INFO  Executed sudo&lt;tedge_connect_c8y&gt;, exit status 0, duration 14 secs
08:30:21 INFO  Executed sudo&lt;tedge_disconnect_c8y&gt;, exit status 0
08:30:21 INFO  Executed systemctl&lt;serv_mapper5&gt;, exit status 3
08:30:21 INFO  
08:30:21 INFO  Test duration: 84.94 secs
08:30:21 INFO  Test final outcome:  BLOCKED
08:30:21 INFO  Test outcome reason: AssertionError:
08:30:21 INFO  
</system-out>
	</testcase>
</testsuite><testsuite name="SoftwareManagement.sm_apt_install_fail" tests="3" errors="0" failures="1" skipped="1" time="0"><testcase classname="PySysTest" name="SoftwareManagement.sm_apt_install_fail">
		<skipped message="SKIPPED: Testing the apt plugin is not supported on this platform.Use parameter -XmyPlatform='container' to enable it" />
		<system-out>07:49:54 INFO  ==============================================================
07:49:54 INFO  Id:    SoftwareManagement.sm_apt_install_fail
07:49:54 INFO  Dir:   software_management_end_to_end/
07:49:54 INFO  Title: Validate end to end behaviour for a failing installation
07:49:54 INFO  ==============================================================
07:49:54 INFO  Testing the apt plugin is not supported on this platform.Use parameter -XmyPlatform='container' to enable it ... skipped
07:49:54 WARN  Aborted test due to SKIPPED outcome
07:49:54 INFO  
07:49:54 INFO  Test duration: 0.02 secs
07:49:54 INFO  Test final outcome:  SKIPPED
07:49:54 INFO  Test outcome reason: Testing the apt plugin is not supported on this platform.Use parameter -XmyPlatform='container' to enable it
07:49:54 INFO  
</system-out>
	</testcase>
<testcase classname="PySysTest" name="SoftwareManagement.sm_apt_install_fail">
		<failure message="BLOCKED: SystemError: The Sofware list is empty !!!" type="BLOCKED" />
		<system-out>08:14:51 INFO  ==============================================================
08:14:51 INFO  Id:    SoftwareManagement.sm_apt_install_fail
08:14:51 INFO  Dir:   software_management_end_to_end/
08:14:51 INFO  Title: Validate end to end behaviour for a failing installation
08:14:51 INFO  ==============================================================
08:14:51 INFO  Using sw id database: {'asciijump': '5475369', 'robotfindskitten': '5474869', 'squirrel3': '5475279', 'rolldice': '5152439', 'moon-buggy': '5439204', 'apple': '5495053', 'banana': '5494888', 'cherry': '5495382', 'watermelon': '5494510', 'registry': '8018911', 'hello-world': '8021526', 'docker/getting-started': '8021973', 'alpine': '7991792'}
08:14:51 INFO  EnvironmentC8y Setup
08:14:52 INFO  Executed systemctl&lt;serv_mapper1&gt;, exit status 3
08:14:52 INFO  Restarting mosquitto too frequently in the last 10 seconds. It was only up for 5 seconds
08:14:52 INFO  Delaying execution by 6 seconds
08:15:12 INFO  Executed sudo&lt;tedge_connect_c8y&gt;, exit status 0, duration 13 secs
08:15:13 INFO  Executed sudo&lt;tedge_connect_c8y_test&gt;, exit status 0
08:15:13 INFO  Executed systemctl&lt;serv_mosq2&gt;, exit status 0
08:15:13 INFO  Executed systemctl&lt;serv_mapper3&gt;, exit status 0
08:15:16 ERROR No operations found, assuming it passed
08:15:16 INFO  Response status: 201
08:15:16 INFO  Response to action: {
    "delivery": {
        "log": [],
        "time": "2022-07-15T08:15:16.630Z",
        "status": "PENDING"
    },
    "creationTime": "2022-07-15T08:15:16.610Z",
    "deviceName": "m32sd10d",
    "deviceId": "20920854",
    "self": "https://t493319102.eu-latest.cumulocity.com/devicecontrol/operations/20930245",
    "id": "20930245",
    "status": "PENDING",
    "description": "Apply software changes, triggered from PySys: [{'name': 'does_not_exist', 'id': '5446165', 'version': '::apt', 'url': '', 'action': 'install'}]",
    "c8y_SoftwareUpdate": [
        {
            "name": "does_not_exist",
            "action": "install",
            "id": "5446165",
            "version": "::apt",
            "url": ""
        }
    ]
}
08:15:16 INFO  Started operation: {'delivery': {'log': [], 'time': '2022-07-15T08:15:16.630Z', 'status': 'PENDING'}, 'creationTime': '2022-07-15T08:15:16.610Z', 'deviceName': 'm32sd10d', 'deviceId': '20920854', 'self': 'https://t493319102.eu-latest.cumulocity.com/devicecontrol/operations/20930245', 'id': '20930245', 'status': 'PENDING', 'description': "Apply software changes, triggered from PySys: [{'name': 'does_not_exist', 'id': '5446165', 'version': '::apt', 'url': '', 'action': 'install'}]", 'c8y_SoftwareUpdate': [{'name': 'does_not_exist', 'action': 'install', 'id': '5446165', 'version': '::apt', 'url': ''}]}
08:15:18 INFO  State of operation 20930245 : PENDING
08:15:21 INFO  State of operation 20930245 : EXECUTING
08:15:23 INFO  State of operation 20930245 : EXECUTING
08:15:25 INFO  State of operation 20930245 : EXECUTING
08:15:27 INFO  State of operation 20930245 : EXECUTING
08:15:30 INFO  State of operation 20930245 : EXECUTING
08:15:32 INFO  State of operation 20930245 : EXECUTING
08:15:35 INFO  State of operation 20930245 : EXECUTING
08:15:38 INFO  State of operation 20930245 : EXECUTING
08:15:40 INFO  State of operation 20930245 : EXECUTING
08:15:42 INFO  State of operation 20930245 : EXECUTING
08:15:44 INFO  State of operation 20930245 : EXECUTING
08:15:47 INFO  State of operation 20930245 : EXECUTING
08:15:49 INFO  State of operation 20930245 : EXECUTING
08:15:51 INFO  State of operation 20930245 : EXECUTING
08:15:53 INFO  State of operation 20930245 : EXECUTING
08:15:56 INFO  State of operation 20930245 : EXECUTING
08:15:59 INFO  State of operation 20930245 : EXECUTING
08:16:01 INFO  State of operation 20930245 : EXECUTING
08:16:03 INFO  State of operation 20930245 : FAILED
08:16:04 WARN  SystemError occurred while running test - The Sofware list is empty !!!
Traceback (most recent call last):
  File "/home/pi/env-pysys/lib/python3.7/site-packages/pysys/baserunner.py", line 1296, in __call__
    self.testObj.validate()
  File "/home/pi/actions-runner/_work/thin-edge.io/thin-edge.io/tests/PySys/software_management_end_to_end/sm_apt_install_fail/run.py", line 31, in validate
    "False == value", value=self.check_is_installed("does_not_exist")
  File "/home/pi/actions-runner/_work/thin-edge.io/thin-edge.io/tests/PySys/software_management_end_to_end/environment_sm_management.py", line 399, in check_is_installed
    raise SystemError("The Sofware list is empty !!!")
SystemError: The Sofware list is empty !!!
08:16:04 WARN  SystemError: The Sofware list is empty !!! ... blocked 
08:16:04 INFO  
08:16:04 INFO  cleanup:
08:16:08 INFO  Executed sudo&lt;tedge_disconnect_c8y&gt;, exit status 0
08:16:08 INFO  Executed systemctl&lt;serv_mapper5&gt;, exit status 3
08:16:08 INFO  
08:16:08 INFO  Test duration: 76.83 secs
08:16:08 INFO  Test final outcome:  BLOCKED
08:16:08 INFO  Test outcome reason: SystemError: The Sofware list is empty !!!
08:16:08 INFO  
</system-out>
	</testcase>
<testcase classname="PySysTest" name="SoftwareManagement.sm_apt_install_fail" />
</testsuite><testsuite name="SoftwareManagement.sm_apt_install_remove" tests="3" errors="0" failures="1" skipped="1" time="0"><testcase classname="PySysTest" name="SoftwareManagement.sm_apt_install_remove">
		<skipped message="SKIPPED: Testing the apt plugin is not supported on this platform.Use parameter -XmyPlatform='container' to enable it" />
		<system-out>07:49:55 INFO  ==============================================================
07:49:55 INFO  Id:    SoftwareManagement.sm_apt_install_remove
07:49:55 INFO  Dir:   software_management_end_to_end/
07:49:55 INFO  Title: Validate end to end behaviour for the apt plugin for installation and removal of packages
07:49:55 INFO  ==============================================================
07:49:55 INFO  Testing the apt plugin is not supported on this platform.Use parameter -XmyPlatform='container' to enable it ... skipped
07:49:55 WARN  Aborted test due to SKIPPED outcome
07:49:55 INFO  
07:49:55 INFO  Test duration: 0.02 secs
07:49:55 INFO  Test final outcome:  SKIPPED
07:49:55 INFO  Test outcome reason: Testing the apt plugin is not supported on this platform.Use parameter -XmyPlatform='container' to enable it
07:49:55 INFO  
</system-out>
	</testcase>
<testcase classname="PySysTest" name="SoftwareManagement.sm_apt_install_remove">
		<failure message="BLOCKED: SystemError: The Sofware list is empty !!!" type="BLOCKED" />
		<system-out>08:16:08 INFO  ==============================================================
08:16:08 INFO  Id:    SoftwareManagement.sm_apt_install_remove
08:16:08 INFO  Dir:   software_management_end_to_end/
08:16:08 INFO  Title: Validate end to end behaviour for the apt plugin for installation and removal of packages
08:16:08 INFO  ==============================================================
08:16:08 INFO  Using sw id database: {'asciijump': '5475369', 'robotfindskitten': '5474869', 'squirrel3': '5475279', 'rolldice': '5152439', 'moon-buggy': '5439204', 'apple': '5495053', 'banana': '5494888', 'cherry': '5495382', 'watermelon': '5494510', 'registry': '8018911', 'hello-world': '8021526', 'docker/getting-started': '8021973', 'alpine': '7991792'}
08:16:08 INFO  EnvironmentC8y Setup
08:16:09 INFO  Executed systemctl&lt;serv_mapper1&gt;, exit status 3
08:16:09 INFO  Restarting mosquitto too frequently in the last 10 seconds. It was only up for 5 seconds
08:16:09 INFO  Delaying execution by 6 seconds
08:16:29 INFO  Executed sudo&lt;tedge_connect_c8y&gt;, exit status 0, duration 14 secs
08:16:30 INFO  Executed sudo&lt;tedge_connect_c8y_test&gt;, exit status 0
08:16:30 INFO  Executed systemctl&lt;serv_mosq2&gt;, exit status 0
08:16:31 INFO  Executed systemctl&lt;serv_mapper3&gt;, exit status 0
08:16:33 INFO  State of current operation: FAILED
08:16:33 WARN  SystemError occurred while running test - The Sofware list is empty !!!
Traceback (most recent call last):
  File "/home/pi/env-pysys/lib/python3.7/site-packages/pysys/baserunner.py", line 1292, in __call__
    self.testObj.setup()
  File "/home/pi/actions-runner/_work/thin-edge.io/thin-edge.io/tests/PySys/software_management_end_to_end/sm_apt_install_remove/run.py", line 28, in setup
    if self.check_is_installed("rolldice"):
  File "/home/pi/actions-runner/_work/thin-edge.io/thin-edge.io/tests/PySys/software_management_end_to_end/environment_sm_management.py", line 399, in check_is_installed
    raise SystemError("The Sofware list is empty !!!")
SystemError: The Sofware list is empty !!!
08:16:33 WARN  SystemError: The Sofware list is empty !!! ... blocked 
08:16:33 INFO  
08:16:33 INFO  cleanup:
08:16:37 INFO  Executed sudo&lt;tedge_disconnect_c8y&gt;, exit status 0
08:16:38 INFO  Executed systemctl&lt;serv_mapper5&gt;, exit status 3
08:16:38 INFO  
08:16:38 INFO  Test duration: 29.49 secs
08:16:38 INFO  Test final outcome:  BLOCKED
08:16:38 INFO  Test outcome reason: SystemError: The Sofware list is empty !!!
08:16:38 INFO  
</system-out>
	</testcase>
<testcase classname="PySysTest" name="SoftwareManagement.sm_apt_install_remove" />
</testsuite><testsuite name="SoftwareManagement.sm_apt_install_remove_default" tests="3" errors="0" failures="1" skipped="1" time="0"><testcase classname="PySysTest" name="SoftwareManagement.sm_apt_install_remove_default">
		<skipped message="SKIPPED: Testing the apt plugin is not supported on this platform.Use parameter -XmyPlatform='container' to enable it" />
		<system-out>07:49:55 INFO  ==============================================================
07:49:55 INFO  Id:    SoftwareManagement.sm_apt_install_remove_default
07:49:55 INFO  Dir:   software_management_end_to_end/
07:49:55 INFO  Title: Validate end to end behaviour for the default plugin for installation and removal of packages
07:49:55 INFO  ==============================================================
07:49:55 INFO  Testing the apt plugin is not supported on this platform.Use parameter -XmyPlatform='container' to enable it ... skipped
07:49:55 WARN  Aborted test due to SKIPPED outcome
07:49:55 INFO  
07:49:55 INFO  Test duration: 0.02 secs
07:49:55 INFO  Test final outcome:  SKIPPED
07:49:55 INFO  Test outcome reason: Testing the apt plugin is not supported on this platform.Use parameter -XmyPlatform='container' to enable it
07:49:55 INFO  
</system-out>
	</testcase>
<testcase classname="PySysTest" name="SoftwareManagement.sm_apt_install_remove_default">
		<failure message="BLOCKED: SystemError: The Sofware list is empty !!!" type="BLOCKED" />
		<system-out>08:16:38 INFO  ==============================================================
08:16:38 INFO  Id:    SoftwareManagement.sm_apt_install_remove_default
08:16:38 INFO  Dir:   software_management_end_to_end/
08:16:38 INFO  Title: Validate end to end behaviour for the default plugin for installation and removal of packages
08:16:38 INFO  ==============================================================
08:16:38 INFO  Using sw id database: {'asciijump': '5475369', 'robotfindskitten': '5474869', 'squirrel3': '5475279', 'rolldice': '5152439', 'moon-buggy': '5439204', 'apple': '5495053', 'banana': '5494888', 'cherry': '5495382', 'watermelon': '5494510', 'registry': '8018911', 'hello-world': '8021526', 'docker/getting-started': '8021973', 'alpine': '7991792'}
08:16:38 INFO  EnvironmentC8y Setup
08:16:38 INFO  Executed systemctl&lt;serv_mapper1&gt;, exit status 3
08:16:38 INFO  Restarting mosquitto too frequently in the last 10 seconds. It was only up for 4 seconds
08:16:38 INFO  Delaying execution by 7 seconds
08:16:59 INFO  Executed sudo&lt;tedge_connect_c8y&gt;, exit status 0, duration 13 secs
08:17:00 INFO  Executed sudo&lt;tedge_connect_c8y_test&gt;, exit status 0
08:17:01 INFO  Executed systemctl&lt;serv_mosq2&gt;, exit status 0
08:17:01 INFO  Executed systemctl&lt;serv_mapper3&gt;, exit status 0
08:17:03 INFO  State of current operation: FAILED
08:17:03 WARN  SystemError occurred while running test - The Sofware list is empty !!!
Traceback (most recent call last):
  File "/home/pi/env-pysys/lib/python3.7/site-packages/pysys/baserunner.py", line 1292, in __call__
    self.testObj.setup()
  File "/home/pi/actions-runner/_work/thin-edge.io/thin-edge.io/tests/PySys/software_management_end_to_end/sm_apt_install_remove_default/run.py", line 27, in setup
    self.assertThat("False == value", value=self.check_is_installed("rolldice"))
  File "/home/pi/actions-runner/_work/thin-edge.io/thin-edge.io/tests/PySys/software_management_end_to_end/environment_sm_management.py", line 399, in check_is_installed
    raise SystemError("The Sofware list is empty !!!")
SystemError: The Sofware list is empty !!!
08:17:04 WARN  SystemError: The Sofware list is empty !!! ... blocked 
08:17:04 INFO  
08:17:04 INFO  cleanup:
08:17:07 INFO  Executed sudo&lt;tedge_disconnect_c8y&gt;, exit status 0
08:17:08 INFO  Executed systemctl&lt;serv_mapper5&gt;, exit status 3
08:17:08 INFO  
08:17:08 INFO  Test duration: 30.23 secs
08:17:08 INFO  Test final outcome:  BLOCKED
08:17:08 INFO  Test outcome reason: SystemError: The Sofware list is empty !!!
08:17:08 INFO  
</system-out>
	</testcase>
<testcase classname="PySysTest" name="SoftwareManagement.sm_apt_install_remove_default" />
</testsuite><testsuite name="SoftwareManagement.sm_apt_install_remove_multiple" tests="3" errors="0" failures="2" skipped="1" time="0"><testcase classname="PySysTest" name="SoftwareManagement.sm_apt_install_remove_multiple">
		<skipped message="SKIPPED: Testing the apt plugin is not supported on this platform.Use parameter -XmyPlatform='container' to enable it" />
		<system-out>07:49:55 INFO  ==============================================================
07:49:55 INFO  Id:    SoftwareManagement.sm_apt_install_remove_multiple
07:49:55 INFO  Dir:   software_management_end_to_end/
07:49:55 INFO  Title: Validate end to end behaviour for the apt plugin for multiple packages
07:49:55 INFO  ==============================================================
07:49:55 INFO  Testing the apt plugin is not supported on this platform.Use parameter -XmyPlatform='container' to enable it ... skipped
07:49:55 WARN  Aborted test due to SKIPPED outcome
07:49:55 INFO  
07:49:55 INFO  Test duration: 0.02 secs
07:49:55 INFO  Test final outcome:  SKIPPED
07:49:55 INFO  Test outcome reason: Testing the apt plugin is not supported on this platform.Use parameter -XmyPlatform='container' to enable it
07:49:55 INFO  
</system-out>
	</testcase>
<testcase classname="PySysTest" name="SoftwareManagement.sm_apt_install_remove_multiple">
		<failure message="BLOCKED: SystemError: The Sofware list is empty !!!" type="BLOCKED" />
		<system-out>08:17:08 INFO  ==============================================================
08:17:08 INFO  Id:    SoftwareManagement.sm_apt_install_remove_multiple
08:17:08 INFO  Dir:   software_management_end_to_end/
08:17:08 INFO  Title: Validate end to end behaviour for the apt plugin for multiple packages
08:17:08 INFO  ==============================================================
08:17:08 INFO  Using sw id database: {'asciijump': '5475369', 'robotfindskitten': '5474869', 'squirrel3': '5475279', 'rolldice': '5152439', 'moon-buggy': '5439204', 'apple': '5495053', 'banana': '5494888', 'cherry': '5495382', 'watermelon': '5494510', 'registry': '8018911', 'hello-world': '8021526', 'docker/getting-started': '8021973', 'alpine': '7991792'}
08:17:08 INFO  EnvironmentC8y Setup
08:17:09 INFO  Executed systemctl&lt;serv_mapper1&gt;, exit status 3
08:17:09 INFO  Restarting mosquitto too frequently in the last 10 seconds. It was only up for 5 seconds
08:17:09 INFO  Delaying execution by 6 seconds
08:17:29 INFO  Executed sudo&lt;tedge_connect_c8y&gt;, exit status 0, duration 13 secs
08:17:29 INFO  Executed sudo&lt;tedge_connect_c8y_test&gt;, exit status 0
08:17:30 INFO  Executed systemctl&lt;serv_mosq2&gt;, exit status 0
08:17:30 INFO  Executed systemctl&lt;serv_mapper3&gt;, exit status 0
08:17:32 INFO  State of current operation: FAILED
08:17:33 WARN  SystemError occurred while running test - The Sofware list is empty !!!
Traceback (most recent call last):
  File "/home/pi/env-pysys/lib/python3.7/site-packages/pysys/baserunner.py", line 1292, in __call__
    self.testObj.setup()
  File "/home/pi/actions-runner/_work/thin-edge.io/thin-edge.io/tests/PySys/software_management_end_to_end/sm_apt_install_remove_multiple/run.py", line 54, in setup
    self.assertThat("False == value", value=self.check_is_installed("rolldice"))
  File "/home/pi/actions-runner/_work/thin-edge.io/thin-edge.io/tests/PySys/software_management_end_to_end/environment_sm_management.py", line 399, in check_is_installed
    raise SystemError("The Sofware list is empty !!!")
SystemError: The Sofware list is empty !!!
08:17:33 WARN  SystemError: The Sofware list is empty !!! ... blocked 
08:17:33 INFO  
08:17:33 INFO  cleanup:
08:17:37 INFO  Executed sudo&lt;tedge_disconnect_c8y&gt;, exit status 0
08:17:37 INFO  Executed systemctl&lt;serv_mapper5&gt;, exit status 3
08:17:37 INFO  
08:17:37 INFO  Test duration: 29.22 secs
08:17:37 INFO  Test final outcome:  BLOCKED
08:17:37 INFO  Test outcome reason: SystemError: The Sofware list is empty !!!
08:17:37 INFO  
</system-out>
	</testcase>
<testcase classname="PySysTest" name="SoftwareManagement.sm_apt_install_remove_multiple">
		<failure message="FAILED: Assert that (False == value) with value=True" type="FAILED" />
		<system-out>08:36:48 INFO  ==============================================================
08:36:48 INFO  Id:    SoftwareManagement.sm_apt_install_remove_multiple
08:36:48 INFO  Dir:   software_management_end_to_end/
08:36:48 INFO  Title: Validate end to end behaviour for the apt plugin for multiple packages
08:36:48 INFO  ==============================================================
08:36:48 INFO  Using sw id database: {'asciijump': '5475369', 'robotfindskitten': '5474869', 'squirrel3': '5475279', 'rolldice': '5152439', 'moon-buggy': '5439204', 'apple': '5495053', 'banana': '5494888', 'cherry': '5495382', 'watermelon': '5494510', 'registry': '8018911', 'hello-world': '8021526', 'docker/getting-started': '8021973', 'alpine': '7991792'}
08:36:48 INFO  EnvironmentC8y Setup
08:36:49 INFO  Executed systemctl&lt;serv_mapper1&gt;, exit status 3
08:36:49 INFO  Restarting mosquitto too frequently in the last 10 seconds. It was only up for 5 seconds
08:36:49 INFO  Delaying execution by 6 seconds
08:37:09 INFO  Executed sudo&lt;tedge_connect_c8y&gt;, exit status 0, duration 14 secs
08:37:09 INFO  Executed sudo&lt;tedge_connect_c8y_test&gt;, exit status 0
08:37:10 INFO  Executed systemctl&lt;serv_mosq2&gt;, exit status 0
08:37:10 INFO  Executed systemctl&lt;serv_mapper3&gt;, exit status 0
08:37:13 INFO  State of current operation: SUCCESSFUL
08:37:13 INFO  Assert that (False == value) with value=False ... passed
08:37:13 INFO  Assert that (False == value) with value=False ... passed
08:37:13 INFO  Assert that (False == value) with value=False ... passed
08:37:14 INFO  Package robotfindskitten is installed
08:37:14 WARN  Assert that (False == value) with value=True ... failed 
08:37:14 INFO  Response status: 201
08:37:14 INFO  Response to action: {
    "creationTime": "2022-07-15T08:37:14.553Z",
    "deviceName": "m32sd10d",
    "deviceId": "20920854",
    "self": "https://t493319102.eu-latest.cumulocity.com/devicecontrol/operations/20930395",
    "id": "20930395",
    "status": "PENDING",
    "description": "Apply software changes, triggered from PySys: [{'action': 'install', 'id': '5475369', 'name': 'asciijump', 'url': ' ', 'version': '::apt'}, {'action': 'install', 'id': '5474869', 'name': 'robotfindskitten', 'url': ' ', 'version': '::apt'}, {'action': 'install', 'id': '5475279', 'name': 'squirrel3', 'url': ' ', 'version': '::apt'}]",
    "c8y_SoftwareUpdate": [
        {
            "name": "asciijump",
            "action": "install",
            "id": "5475369",
            "version": "::apt",
            "url": " "
        },
        {
            "name": "robotfindskitten",
            "action": "install",
            "id": "5474869",
            "version": "::apt",
            "url": " "
        },
        {
            "name": "squirrel3",
            "action": "install",
            "id": "5475279",
            "version": "::apt",
            "url": " "
        }
    ]
}
08:37:14 INFO  Started operation: {'creationTime': '2022-07-15T08:37:14.553Z', 'deviceName': 'm32sd10d', 'deviceId': '20920854', 'self': 'https://t493319102.eu-latest.cumulocity.com/devicecontrol/operations/20930395', 'id': '20930395', 'status': 'PENDING', 'description': "Apply software changes, triggered from PySys: [{'action': 'install', 'id': '5475369', 'name': 'asciijump', 'url': ' ', 'version': '::apt'}, {'action': 'install', 'id': '5474869', 'name': 'robotfindskitten', 'url': ' ', 'version': '::apt'}, {'action': 'install', 'id': '5475279', 'name': 'squirrel3', 'url': ' ', 'version': '::apt'}]", 'c8y_SoftwareUpdate': [{'name': 'asciijump', 'action': 'install', 'id': '5475369', 'version': '::apt', 'url': ' '}, {'name': 'robotfindskitten', 'action': 'install', 'id': '5474869', 'version': '::apt', 'url': ' '}, {'name': 'squirrel3', 'action': 'install', 'id': '5475279', 'version': '::apt', 'url': ' '}]}
08:37:16 INFO  State of operation 20930395 : PENDING
08:37:19 INFO  State of operation 20930395 : EXECUTING
08:37:21 INFO  State of operation 20930395 : EXECUTING
08:37:23 INFO  State of operation 20930395 : EXECUTING
08:37:25 INFO  State of operation 20930395 : EXECUTING
08:37:27 INFO  State of operation 20930395 : EXECUTING
08:37:30 INFO  State of operation 20930395 : EXECUTING
08:37:33 INFO  State of operation 20930395 : EXECUTING
08:37:36 INFO  State of operation 20930395 : EXECUTING
08:37:38 INFO  State of operation 20930395 : EXECUTING
08:37:40 INFO  State of operation 20930395 : EXECUTING
08:37:42 INFO  State of operation 20930395 : EXECUTING
08:37:45 INFO  State of operation 20930395 : EXECUTING
08:37:47 INFO  State of operation 20930395 : EXECUTING
08:37:49 INFO  State of operation 20930395 : EXECUTING
08:37:51 INFO  State of operation 20930395 : EXECUTING
08:37:54 INFO  State of operation 20930395 : EXECUTING
08:37:56 INFO  State of operation 20930395 : EXECUTING
08:37:59 INFO  State of operation 20930395 : EXECUTING
08:38:01 INFO  State of operation 20930395 : EXECUTING
08:38:03 INFO  State of operation 20930395 : EXECUTING
08:38:06 INFO  State of operation 20930395 : EXECUTING
08:38:08 INFO  State of operation 20930395 : EXECUTING
08:38:10 INFO  State of operation 20930395 : EXECUTING
08:38:13 INFO  State of operation 20930395 : EXECUTING
08:38:15 INFO  State of operation 20930395 : EXECUTING
08:38:18 INFO  State of operation 20930395 : EXECUTING
08:38:20 INFO  State of operation 20930395 : EXECUTING
08:38:23 INFO  State of operation 20930395 : EXECUTING
08:38:25 INFO  State of operation 20930395 : EXECUTING
08:38:27 INFO  State of operation 20930395 : EXECUTING
08:38:30 INFO  State of operation 20930395 : EXECUTING
08:38:32 INFO  State of operation 20930395 : EXECUTING
08:38:34 INFO  State of operation 20930395 : EXECUTING
08:38:36 INFO  State of operation 20930395 : SUCCESSFUL
08:38:37 INFO  Assert that (False == value) with value=False ... passed
08:38:37 INFO  Package asciijump is installed
08:38:37 INFO  Assert that (True == value) with value=True ... passed
08:38:37 INFO  Package squirrel3 is installed
08:38:37 INFO  Assert that (True == value) with value=True ... passed
08:38:37 INFO  Package robotfindskitten is installed
08:38:37 INFO  Assert that (True == value) with value=True ... passed
08:38:38 INFO  Response status: 201
08:38:38 INFO  Response to action: {
    "creationTime": "2022-07-15T08:38:38.011Z",
    "deviceName": "m32sd10d",
    "deviceId": "20920854",
    "self": "https://t493319102.eu-latest.cumulocity.com/devicecontrol/operations/20930405",
    "id": "20930405",
    "status": "PENDING",
    "description": "Apply software changes, triggered from PySys: [{'action': 'delete', 'id': '5475369', 'name': 'asciijump', 'url': ' ', 'version': '::apt'}, {'action': 'delete', 'id': '5474869', 'name': 'robotfindskitten', 'url': ' ', 'version': '::apt'}, {'action': 'delete', 'id': '5475279', 'name': 'squirrel3', 'url': ' ', 'version': '::apt'}]",
    "c8y_SoftwareUpdate": [
        {
            "name": "asciijump",
            "action": "delete",
            "id": "5475369",
            "version": "::apt",
            "url": " "
        },
        {
            "name": "robotfindskitten",
            "action": "delete",
            "id": "5474869",
            "version": "::apt",
            "url": " "
        },
        {
            "name": "squirrel3",
            "action": "delete",
            "id": "5475279",
            "version": "::apt",
            "url": " "
        }
    ]
}
08:38:38 INFO  Started operation: {'creationTime': '2022-07-15T08:38:38.011Z', 'deviceName': 'm32sd10d', 'deviceId': '20920854', 'self': 'https://t493319102.eu-latest.cumulocity.com/devicecontrol/operations/20930405', 'id': '20930405', 'status': 'PENDING', 'description': "Apply software changes, triggered from PySys: [{'action': 'delete', 'id': '5475369', 'name': 'asciijump', 'url': ' ', 'version': '::apt'}, {'action': 'delete', 'id': '5474869', 'name': 'robotfindskitten', 'url': ' ', 'version': '::apt'}, {'action': 'delete', 'id': '5475279', 'name': 'squirrel3', 'url': ' ', 'version': '::apt'}]", 'c8y_SoftwareUpdate': [{'name': 'asciijump', 'action': 'delete', 'id': '5475369', 'version': '::apt', 'url': ' '}, {'name': 'robotfindskitten', 'action': 'delete', 'id': '5474869', 'version': '::apt', 'url': ' '}, {'name': 'squirrel3', 'action': 'delete', 'id': '5475279', 'version': '::apt', 'url': ' '}]}
08:38:40 INFO  State of operation 20930405 : PENDING
08:38:42 INFO  State of operation 20930405 : EXECUTING
08:38:44 INFO  State of operation 20930405 : EXECUTING
08:38:46 INFO  State of operation 20930405 : EXECUTING
08:38:49 INFO  State of operation 20930405 : EXECUTING
08:38:51 INFO  State of operation 20930405 : EXECUTING
08:38:54 INFO  State of operation 20930405 : EXECUTING
08:38:57 INFO  State of operation 20930405 : EXECUTING
08:38:59 INFO  State of operation 20930405 : EXECUTING
08:39:01 INFO  State of operation 20930405 : EXECUTING
08:39:04 INFO  State of operation 20930405 : EXECUTING
08:39:06 INFO  State of operation 20930405 : EXECUTING
08:39:08 INFO  State of operation 20930405 : EXECUTING
08:39:10 INFO  State of operation 20930405 : EXECUTING
08:39:13 INFO  State of operation 20930405 : EXECUTING
08:39:15 INFO  State of operation 20930405 : EXECUTING
08:39:17 INFO  State of operation 20930405 : EXECUTING
08:39:20 INFO  State of operation 20930405 : EXECUTING
08:39:22 INFO  State of operation 20930405 : EXECUTING
08:39:25 INFO  State of operation 20930405 : EXECUTING
08:39:27 INFO  State of operation 20930405 : EXECUTING
08:39:29 INFO  State of operation 20930405 : EXECUTING
08:39:32 INFO  State of operation 20930405 : EXECUTING
08:39:34 INFO  State of operation 20930405 : EXECUTING
08:39:37 INFO  State of operation 20930405 : EXECUTING
08:39:39 INFO  State of operation 20930405 : EXECUTING
08:39:41 INFO  State of operation 20930405 : EXECUTING
08:39:43 INFO  State of operation 20930405 : SUCCESSFUL
08:39:44 INFO  Assert that (False == value) with value=False ... passed
08:39:44 INFO  Assert that (False == value) with value=False ... passed
08:39:44 INFO  Assert that (False == value) with value=False ... passed
08:39:44 INFO  Assert that (False == value) with value=False ... passed
08:39:44 INFO  
08:39:44 INFO  cleanup:
08:39:48 INFO  Executed sudo&lt;tedge_disconnect_c8y&gt;, exit status 0
08:39:49 INFO  Executed systemctl&lt;serv_mapper5&gt;, exit status 3
08:39:49 INFO  
08:39:49 INFO  Test duration: 181.02 secs
08:39:49 INFO  Test final outcome:  FAILED
08:39:49 INFO  Test outcome reason: Assert that (False == value) with value=True
08:39:49 INFO  
</system-out>
	</testcase>
</testsuite><testsuite name="SoftwareManagement.sm_apt_install_remove_multiple_mixed" tests="3" errors="0" failures="2" skipped="1" time="0"><testcase classname="PySysTest" name="SoftwareManagement.sm_apt_install_remove_multiple_mixed">
		<skipped message="SKIPPED: Testing the apt plugin is not supported on this platform.Use parameter -XmyPlatform='container' to enable it" />
		<system-out>07:49:55 INFO  ==============================================================
07:49:55 INFO  Id:    SoftwareManagement.sm_apt_install_remove_multiple_mixed
07:49:55 INFO  Dir:   software_management_end_to_end/
07:49:55 INFO  Title: Validate end to end behaviour for the apt plugin for multiple packages with mixed versions
07:49:55 INFO  ==============================================================
07:49:55 INFO  Testing the apt plugin is not supported on this platform.Use parameter -XmyPlatform='container' to enable it ... skipped
07:49:55 WARN  Aborted test due to SKIPPED outcome
07:49:55 INFO  
07:49:55 INFO  Test duration: 0.02 secs
07:49:55 INFO  Test final outcome:  SKIPPED
07:49:55 INFO  Test outcome reason: Testing the apt plugin is not supported on this platform.Use parameter -XmyPlatform='container' to enable it
07:49:55 INFO  
</system-out>
	</testcase>
<testcase classname="PySysTest" name="SoftwareManagement.sm_apt_install_remove_multiple_mixed">
		<failure message="BLOCKED: SystemError: The Sofware list is empty !!!" type="BLOCKED" />
		<system-out>08:17:37 INFO  ==============================================================
08:17:37 INFO  Id:    SoftwareManagement.sm_apt_install_remove_multiple_mixed
08:17:37 INFO  Dir:   software_management_end_to_end/
08:17:37 INFO  Title: Validate end to end behaviour for the apt plugin for multiple packages with mixed versions
08:17:37 INFO  ==============================================================
08:17:37 INFO  Using sw id database: {'asciijump': '5475369', 'robotfindskitten': '5474869', 'squirrel3': '5475279', 'rolldice': '5152439', 'moon-buggy': '5439204', 'apple': '5495053', 'banana': '5494888', 'cherry': '5495382', 'watermelon': '5494510', 'registry': '8018911', 'hello-world': '8021526', 'docker/getting-started': '8021973', 'alpine': '7991792'}
08:17:37 INFO  EnvironmentC8y Setup
08:17:38 INFO  Executed systemctl&lt;serv_mapper1&gt;, exit status 3
08:17:38 INFO  Restarting mosquitto too frequently in the last 10 seconds. It was only up for 5 seconds
08:17:38 INFO  Delaying execution by 6 seconds
08:17:58 INFO  Executed sudo&lt;tedge_connect_c8y&gt;, exit status 0, duration 14 secs
08:17:59 INFO  Executed sudo&lt;tedge_connect_c8y_test&gt;, exit status 0
08:17:59 INFO  Executed systemctl&lt;serv_mosq2&gt;, exit status 0
08:18:00 INFO  Executed systemctl&lt;serv_mapper3&gt;, exit status 0
08:18:02 INFO  State of current operation: FAILED
08:18:02 WARN  SystemError occurred while running test - The Sofware list is empty !!!
Traceback (most recent call last):
  File "/home/pi/env-pysys/lib/python3.7/site-packages/pysys/baserunner.py", line 1292, in __call__
    self.testObj.setup()
  File "/home/pi/actions-runner/_work/thin-edge.io/thin-edge.io/tests/PySys/software_management_end_to_end/sm_apt_install_remove_multiple_mixed/run.py", line 75, in setup
    self.assertThat("False == value", value=self.check_is_installed("asciijump"))
  File "/home/pi/actions-runner/_work/thin-edge.io/thin-edge.io/tests/PySys/software_management_end_to_end/environment_sm_management.py", line 399, in check_is_installed
    raise SystemError("The Sofware list is empty !!!")
SystemError: The Sofware list is empty !!!
08:18:02 WARN  SystemError: The Sofware list is empty !!! ... blocked 
08:18:02 INFO  
08:18:02 INFO  cleanup:
08:18:06 INFO  Executed sudo&lt;tedge_disconnect_c8y&gt;, exit status 0
08:18:07 INFO  Executed systemctl&lt;serv_mapper5&gt;, exit status 3
08:18:07 INFO  
08:18:07 INFO  Test duration: 29.29 secs
08:18:07 INFO  Test final outcome:  BLOCKED
08:18:07 INFO  Test outcome reason: SystemError: The Sofware list is empty !!!
08:18:07 INFO  
</system-out>
	</testcase>
<testcase classname="PySysTest" name="SoftwareManagement.sm_apt_install_remove_multiple_mixed">
		<failure message="BLOCKED: SystemError: Timeout while waiting for status SUCCESSFUL or False" type="BLOCKED" />
		<system-out>08:39:49 INFO  ==============================================================
08:39:49 INFO  Id:    SoftwareManagement.sm_apt_install_remove_multiple_mixed
08:39:49 INFO  Dir:   software_management_end_to_end/
08:39:49 INFO  Title: Validate end to end behaviour for the apt plugin for multiple packages with mixed versions
08:39:49 INFO  ==============================================================
08:39:49 INFO  Using sw id database: {'asciijump': '5475369', 'robotfindskitten': '5474869', 'squirrel3': '5475279', 'rolldice': '5152439', 'moon-buggy': '5439204', 'apple': '5495053', 'banana': '5494888', 'cherry': '5495382', 'watermelon': '5494510', 'registry': '8018911', 'hello-world': '8021526', 'docker/getting-started': '8021973', 'alpine': '7991792'}
08:39:49 INFO  EnvironmentC8y Setup
08:39:50 INFO  Executed systemctl&lt;serv_mapper1&gt;, exit status 3
08:39:50 INFO  Restarting mosquitto too frequently in the last 10 seconds. It was only up for 5 seconds
08:39:50 INFO  Delaying execution by 6 seconds
08:40:10 INFO  Executed sudo&lt;tedge_connect_c8y&gt;, exit status 0, duration 13 secs
08:40:10 INFO  Executed sudo&lt;tedge_connect_c8y_test&gt;, exit status 0
08:40:11 INFO  Executed systemctl&lt;serv_mosq2&gt;, exit status 0
08:40:11 INFO  Executed systemctl&lt;serv_mapper3&gt;, exit status 0
08:40:14 INFO  State of current operation: SUCCESSFUL
08:40:14 INFO  Assert that (False == value) with value=False ... passed
08:40:14 INFO  Assert that (False == value) with value=False ... passed
08:40:14 INFO  Assert that (False == value) with value=False ... passed
08:40:15 INFO  Assert that (False == value) with value=False ... passed
08:40:15 INFO  Assert that (False == value) with value=False ... passed
08:40:17 INFO  Response status: 201
08:40:17 INFO  Response to action: {
    "creationTime": "2022-07-15T08:40:16.915Z",
    "deviceName": "m32sd10d",
    "deviceId": "20920854",
    "self": "https://t493319102.eu-latest.cumulocity.com/devicecontrol/operations/20930408",
    "id": "20930408",
    "status": "PENDING",
    "description": "Apply software changes, triggered from PySys: [{'action': 'install', 'id': '5475369', 'name': 'asciijump', 'url': ' ', 'version': '::apt'}, {'action': 'install', 'id': '5474869', 'name': 'robotfindskitten', 'url': ' ', 'version': ' '}, {'action': 'install', 'id': '5475279', 'name': 'squirrel3', 'url': ' ', 'version': '3.1-7::apt'}, {'action': 'install', 'id': '5152439', 'name': 'rolldice', 'url': ' ', 'version': '1.16-1+b1'}, {'action': 'install', 'id': '5439204', 'name': 'moon-buggy', 'url': ' ', 'version': '1:1.0.51-12'}, {'action': 'install', 'id': '5475369', 'name': 'asciijump', 'url': ' ', 'version': '::apt'}]",
    "c8y_SoftwareUpdate": [
        {
            "name": "asciijump",
            "action": "install",
            "id": "5475369",
            "version": "::apt",
            "url": " "
        },
        {
            "name": "robotfindskitten",
            "action": "install",
            "id": "5474869",
            "version": " ",
            "url": " "
        },
        {
            "name": "squirrel3",
            "action": "install",
            "id": "5475279",
            "version": "3.1-7::apt",
            "url": " "
        },
        {
            "name": "rolldice",
            "action": "install",
            "id": "5152439",
            "version": "1.16-1+b1",
            "url": " "
        },
        {
            "name": "moon-buggy",
            "action": "install",
            "id": "5439204",
            "version": "1:1.0.51-12",
            "url": " "
        },
        {
            "name": "asciijump",
            "action": "install",
            "id": "5475369",
            "version": "::apt",
            "url": " "
        }
    ]
}
08:40:17 INFO  Started operation: {'creationTime': '2022-07-15T08:40:16.915Z', 'deviceName': 'm32sd10d', 'deviceId': '20920854', 'self': 'https://t493319102.eu-latest.cumulocity.com/devicecontrol/operations/20930408', 'id': '20930408', 'status': 'PENDING', 'description': "Apply software changes, triggered from PySys: [{'action': 'install', 'id': '5475369', 'name': 'asciijump', 'url': ' ', 'version': '::apt'}, {'action': 'install', 'id': '5474869', 'name': 'robotfindskitten', 'url': ' ', 'version': ' '}, {'action': 'install', 'id': '5475279', 'name': 'squirrel3', 'url': ' ', 'version': '3.1-7::apt'}, {'action': 'install', 'id': '5152439', 'name': 'rolldice', 'url': ' ', 'version': '1.16-1+b1'}, {'action': 'install', 'id': '5439204', 'name': 'moon-buggy', 'url': ' ', 'version': '1:1.0.51-12'}, {'action': 'install', 'id': '5475369', 'name': 'asciijump', 'url': ' ', 'version': '::apt'}]", 'c8y_SoftwareUpdate': [{'name': 'asciijump', 'action': 'install', 'id': '5475369', 'version': '::apt', 'url': ' '}, {'name': 'robotfindskitten', 'action': 'install', 'id': '5474869', 'version': ' ', 'url': ' '}, {'name': 'squirrel3', 'action': 'install', 'id': '5475279', 'version': '3.1-7::apt', 'url': ' '}, {'name': 'rolldice', 'action': 'install', 'id': '5152439', 'version': '1.16-1+b1', 'url': ' '}, {'name': 'moon-buggy', 'action': 'install', 'id': '5439204', 'version': '1:1.0.51-12', 'url': ' '}, {'name': 'asciijump', 'action': 'install', 'id': '5475369', 'version': '::apt', 'url': ' '}]}
08:40:19 INFO  State of operation 20930408 : PENDING
08:40:21 INFO  State of operation 20930408 : EXECUTING
08:40:23 INFO  State of operation 20930408 : EXECUTING
08:40:26 INFO  State of operation 20930408 : EXECUTING
08:40:28 INFO  State of operation 20930408 : EXECUTING
08:40:30 INFO  State of operation 20930408 : EXECUTING
08:40:33 INFO  State of operation 20930408 : EXECUTING
08:40:36 INFO  State of operation 20930408 : EXECUTING
08:40:38 INFO  State of operation 20930408 : EXECUTING
08:40:41 INFO  State of operation 20930408 : EXECUTING
08:40:43 INFO  State of operation 20930408 : EXECUTING
08:40:45 INFO  State of operation 20930408 : EXECUTING
08:40:47 INFO  State of operation 20930408 : EXECUTING
08:40:50 INFO  State of operation 20930408 : EXECUTING
08:40:52 INFO  State of operation 20930408 : EXECUTING
08:40:54 INFO  State of operation 20930408 : EXECUTING
08:40:57 INFO  State of operation 20930408 : EXECUTING
08:40:59 INFO  State of operation 20930408 : EXECUTING
08:41:02 INFO  State of operation 20930408 : EXECUTING
08:41:04 INFO  State of operation 20930408 : EXECUTING
08:41:06 INFO  State of operation 20930408 : EXECUTING
08:41:09 INFO  State of operation 20930408 : EXECUTING
08:41:11 INFO  State of operation 20930408 : EXECUTING
08:41:14 INFO  State of operation 20930408 : EXECUTING
08:41:16 INFO  State of operation 20930408 : EXECUTING
08:41:19 INFO  State of operation 20930408 : EXECUTING
08:41:21 INFO  State of operation 20930408 : EXECUTING
08:41:24 INFO  State of operation 20930408 : EXECUTING
08:41:26 INFO  State of operation 20930408 : EXECUTING
08:41:29 INFO  State of operation 20930408 : EXECUTING
08:41:31 INFO  State of operation 20930408 : EXECUTING
08:41:33 INFO  State of operation 20930408 : EXECUTING
08:41:35 INFO  State of operation 20930408 : EXECUTING
08:41:38 INFO  State of operation 20930408 : EXECUTING
08:41:40 INFO  State of operation 20930408 : EXECUTING
08:41:42 INFO  State of operation 20930408 : EXECUTING
08:41:44 INFO  State of operation 20930408 : EXECUTING
08:41:47 INFO  State of operation 20930408 : EXECUTING
08:41:50 INFO  State of operation 20930408 : EXECUTING
08:41:52 INFO  State of operation 20930408 : EXECUTING
08:41:54 INFO  State of operation 20930408 : EXECUTING
08:41:57 INFO  State of operation 20930408 : EXECUTING
08:41:59 INFO  State of operation 20930408 : EXECUTING
08:42:01 INFO  State of operation 20930408 : EXECUTING
08:42:03 INFO  State of operation 20930408 : EXECUTING
08:42:05 INFO  State of operation 20930408 : EXECUTING
08:42:08 INFO  State of operation 20930408 : EXECUTING
08:42:10 INFO  State of operation 20930408 : EXECUTING
08:42:12 INFO  State of operation 20930408 : EXECUTING
08:42:16 INFO  State of operation 20930408 : EXECUTING
08:42:18 INFO  State of operation 20930408 : EXECUTING
08:42:20 INFO  State of operation 20930408 : EXECUTING
08:42:23 INFO  State of operation 20930408 : EXECUTING
08:42:26 INFO  State of operation 20930408 : EXECUTING
08:42:29 INFO  State of operation 20930408 : EXECUTING
08:42:31 INFO  State of operation 20930408 : EXECUTING
08:42:34 INFO  State of operation 20930408 : EXECUTING
08:42:36 INFO  State of operation 20930408 : EXECUTING
08:42:39 INFO  State of operation 20930408 : EXECUTING
08:42:41 INFO  State of operation 20930408 : EXECUTING
08:42:44 INFO  State of operation 20930408 : EXECUTING
08:42:46 WARN  SystemError occurred while running test - Timeout while waiting for status SUCCESSFUL or False
Traceback (most recent call last):
  File "/home/pi/env-pysys/lib/python3.7/site-packages/pysys/baserunner.py", line 1294, in __call__
    self.testObj.execute()
  File "/home/pi/actions-runner/_work/thin-edge.io/thin-edge.io/tests/PySys/software_management_end_to_end/sm_apt_install_remove_multiple_mixed/run.py", line 89, in execute
    self.wait_until_succcess()
  File "/home/pi/actions-runner/_work/thin-edge.io/thin-edge.io/tests/PySys/software_management_end_to_end/environment_sm_management.py", line 324, in wait_until_succcess
    self.wait_until_status("SUCCESSFUL")
  File "/home/pi/actions-runner/_work/thin-edge.io/thin-edge.io/tests/PySys/software_management_end_to_end/environment_sm_management.py", line 381, in wait_until_status
    "Timeout while waiting for status %s or %s" % (status, status2)
SystemError: Timeout while waiting for status SUCCESSFUL or False
08:42:46 WARN  SystemError: Timeout while waiting for status SUCCESSFUL or False ... blocked 
08:42:46 INFO  
08:42:46 INFO  cleanup:
08:42:50 INFO  Executed sudo&lt;tedge_disconnect_c8y&gt;, exit status 0
08:42:50 INFO  Executed systemctl&lt;serv_mapper5&gt;, exit status 3
08:42:50 INFO  
08:42:50 INFO  Test duration: 181.40 secs
08:42:50 INFO  Test final outcome:  BLOCKED
08:42:50 INFO  Test outcome reason: SystemError: Timeout while waiting for status SUCCESSFUL or False
08:42:50 INFO  
</system-out>
	</testcase>
</testsuite><testsuite name="SoftwareManagement.sm_apt_install_remove_with_version" tests="3" errors="0" failures="1" skipped="1" time="0"><testcase classname="PySysTest" name="SoftwareManagement.sm_apt_install_remove_with_version">
		<skipped message="SKIPPED: Testing the apt plugin is not supported on this platform.Use parameter -XmyPlatform='container' to enable it" />
		<system-out>07:49:55 INFO  ==============================================================
07:49:55 INFO  Id:    SoftwareManagement.sm_apt_install_remove_with_version
07:49:55 INFO  Dir:   software_management_end_to_end/
07:49:55 INFO  Title: Validate end to end behaviour for the apt plugin for packages with version
07:49:55 INFO  ==============================================================
07:49:55 INFO  Testing the apt plugin is not supported on this platform.Use parameter -XmyPlatform='container' to enable it ... skipped
07:49:55 WARN  Aborted test due to SKIPPED outcome
07:49:55 INFO  
07:49:55 INFO  Test duration: 0.02 secs
07:49:55 INFO  Test final outcome:  SKIPPED
07:49:55 INFO  Test outcome reason: Testing the apt plugin is not supported on this platform.Use parameter -XmyPlatform='container' to enable it
07:49:55 INFO  
</system-out>
	</testcase>
<testcase classname="PySysTest" name="SoftwareManagement.sm_apt_install_remove_with_version">
		<failure message="BLOCKED: SystemError: The Sofware list is empty !!!" type="BLOCKED" />
		<system-out>08:18:07 INFO  ==============================================================
08:18:07 INFO  Id:    SoftwareManagement.sm_apt_install_remove_with_version
08:18:07 INFO  Dir:   software_management_end_to_end/
08:18:07 INFO  Title: Validate end to end behaviour for the apt plugin for packages with version
08:18:07 INFO  ==============================================================
08:18:07 INFO  Using sw id database: {'asciijump': '5475369', 'robotfindskitten': '5474869', 'squirrel3': '5475279', 'rolldice': '5152439', 'moon-buggy': '5439204', 'apple': '5495053', 'banana': '5494888', 'cherry': '5495382', 'watermelon': '5494510', 'registry': '8018911', 'hello-world': '8021526', 'docker/getting-started': '8021973', 'alpine': '7991792'}
08:18:07 INFO  EnvironmentC8y Setup
08:18:07 INFO  Executed systemctl&lt;serv_mapper1&gt;, exit status 3
08:18:07 INFO  Restarting mosquitto too frequently in the last 10 seconds. It was only up for 4 seconds
08:18:07 INFO  Delaying execution by 7 seconds
08:18:28 INFO  Executed sudo&lt;tedge_connect_c8y&gt;, exit status 0, duration 13 secs
08:18:29 INFO  Executed sudo&lt;tedge_connect_c8y_test&gt;, exit status 0
08:18:29 INFO  Executed systemctl&lt;serv_mosq2&gt;, exit status 0
08:18:30 INFO  Executed systemctl&lt;serv_mapper3&gt;, exit status 0
08:18:32 INFO  State of current operation: FAILED
08:18:32 WARN  SystemError occurred while running test - The Sofware list is empty !!!
Traceback (most recent call last):
  File "/home/pi/env-pysys/lib/python3.7/site-packages/pysys/baserunner.py", line 1292, in __call__
    self.testObj.setup()
  File "/home/pi/actions-runner/_work/thin-edge.io/thin-edge.io/tests/PySys/software_management_end_to_end/sm_apt_install_remove_with_version/run.py", line 29, in setup
    self.assertThat("False == value", value=self.check_is_installed("rolldice"))
  File "/home/pi/actions-runner/_work/thin-edge.io/thin-edge.io/tests/PySys/software_management_end_to_end/environment_sm_management.py", line 399, in check_is_installed
    raise SystemError("The Sofware list is empty !!!")
SystemError: The Sofware list is empty !!!
08:18:32 WARN  SystemError: The Sofware list is empty !!! ... blocked 
08:18:32 INFO  
08:18:32 INFO  cleanup:
08:18:36 INFO  Executed sudo&lt;tedge_disconnect_c8y&gt;, exit status 0
08:18:37 INFO  Executed systemctl&lt;serv_mapper5&gt;, exit status 3
08:18:37 INFO  
08:18:37 INFO  Test duration: 29.91 secs
08:18:37 INFO  Test final outcome:  BLOCKED
08:18:37 INFO  Test outcome reason: SystemError: The Sofware list is empty !!!
08:18:37 INFO  
</system-out>
	</testcase>
<testcase classname="PySysTest" name="SoftwareManagement.sm_apt_install_remove_with_version" />
</testsuite><testsuite name="SoftwareManagement.sm_docker_install_remove_multiple" tests="3" errors="0" failures="0" skipped="1" time="0"><testcase classname="SMDockerInstallRemove" name="SoftwareManagement.sm_docker_install_remove_multiple">
		<skipped message="SKIPPED: Testing the apt plugin is not supported on this platform.Use parameter -XmyPlatform='container' to enable it" />
		<system-out>07:49:55 INFO  ==============================================================
07:49:55 INFO  Id:    SoftwareManagement.sm_docker_install_remove_multiple
07:49:55 INFO  Dir:   software_management_end_to_end/
07:49:55 INFO  Title: Validate end to end behaviour for the docker plugin for multiple docker images with mixed versions
07:49:55 INFO  ==============================================================
07:49:55 INFO  Testing the apt plugin is not supported on this platform.Use parameter -XmyPlatform='container' to enable it ... skipped
07:49:55 WARN  Aborted test due to SKIPPED outcome
07:49:55 INFO  
07:49:55 INFO  Test duration: 0.02 secs
07:49:55 INFO  Test final outcome:  SKIPPED
07:49:55 INFO  Test outcome reason: Testing the apt plugin is not supported on this platform.Use parameter -XmyPlatform='container' to enable it
07:49:55 INFO  
</system-out>
	</testcase>
<testcase classname="SMDockerInstallRemove" name="SoftwareManagement.sm_docker_install_remove_multiple" />
<testcase classname="SMDockerInstallRemove" name="SoftwareManagement.sm_docker_install_remove_multiple" />
</testsuite><testsuite name="SoftwareManagement.sm_fake_install_remove" tests="2" errors="0" failures="0" skipped="1" time="0"><testcase classname="PySysTest" name="SoftwareManagement.sm_fake_install_remove">
		<skipped message="SKIPPED: Testing the fake plugin is not enabled.Use parameter -Xfakeplugin=fakeplugin to enable it" />
		<system-out>07:49:55 INFO  ==============================================================
07:49:55 INFO  Id:    SoftwareManagement.sm_fake_install_remove
07:49:55 INFO  Dir:   software_management_end_to_end/
07:49:55 INFO  Title: Validate end to end behaviour for the dummy plugin for installation and removal of packages
07:49:55 INFO  ==============================================================
07:49:55 INFO  Testing the fake plugin is not enabled.Use parameter -Xfakeplugin=fakeplugin to enable it ... skipped
07:49:55 WARN  Aborted test due to SKIPPED outcome
07:49:55 INFO  
07:49:55 INFO  Test duration: 0.02 secs
07:49:55 INFO  Test final outcome:  SKIPPED
07:49:55 INFO  Test outcome reason: Testing the fake plugin is not enabled.Use parameter -Xfakeplugin=fakeplugin to enable it
07:49:55 INFO  
</system-out>
	</testcase>
<testcase classname="PySysTest" name="SoftwareManagement.sm_fake_install_remove" />
</testsuite><testsuite name="SoftwareManagement.sm_fake_install_remove_multiple" tests="2" errors="0" failures="0" skipped="1" time="0"><testcase classname="PySysTest" name="SoftwareManagement.sm_fake_install_remove_multiple">
		<skipped message="SKIPPED: Testing the fake plugin is not enabled.Use parameter -Xfakeplugin=fakeplugin to enable it" />
		<system-out>07:49:55 INFO  ==============================================================
07:49:55 INFO  Id:    SoftwareManagement.sm_fake_install_remove_multiple
07:49:55 INFO  Dir:   software_management_end_to_end/
07:49:55 INFO  Title: Validate end to end behaviour for the dummy-plugin for multiple packages
07:49:55 INFO  ==============================================================
07:49:55 INFO  Testing the fake plugin is not enabled.Use parameter -Xfakeplugin=fakeplugin to enable it ... skipped
07:49:55 WARN  Aborted test due to SKIPPED outcome
07:49:55 INFO  
07:49:55 INFO  Test duration: 0.02 secs
07:49:55 INFO  Test final outcome:  SKIPPED
07:49:55 INFO  Test outcome reason: Testing the fake plugin is not enabled.Use parameter -Xfakeplugin=fakeplugin to enable it
07:49:55 INFO  
</system-out>
	</testcase>
<testcase classname="PySysTest" name="SoftwareManagement.sm_fake_install_remove_multiple" />
</testsuite><testsuite name="SoftwareManagement.sm_mapper_fail_and_reconnect" tests="2" errors="0" failures="0" skipped="2" time="0"><testcase classname="MapperC8yReceiveLastMessageOnRestart" name="SoftwareManagement.sm_mapper_fail_and_reconnect">
		<skipped message="SKIPPED: instable https://github.com/thin-edge/thin-edge.io/issues/752" />
		<system-out>07:49:55 INFO  ==============================================================
07:49:55 INFO  Id:    SoftwareManagement.sm_mapper_fail_and_reconnect
07:49:55 INFO  Dir:   software_management_end_to_end/
07:49:55 INFO  Title: Validate the tedge-mapper-sm-c8y for receiving the last message on restart
07:49:55 INFO  ==============================================================
07:49:55 INFO  instable https://github.com/thin-edge/thin-edge.io/issues/752 ... skipped
07:49:55 INFO  
07:49:55 INFO  Test duration: 0.02 secs
07:49:55 INFO  Test final outcome:  SKIPPED
07:49:55 INFO  Test outcome reason: instable https://github.com/thin-edge/thin-edge.io/issues/752
07:49:55 INFO  
</system-out>
	</testcase>
<testcase classname="MapperC8yReceiveLastMessageOnRestart" name="SoftwareManagement.sm_mapper_fail_and_reconnect">
		<skipped message="SKIPPED: instable https://github.com/thin-edge/thin-edge.io/issues/752" />
		<system-out>08:49:35 INFO  ==============================================================
08:49:35 INFO  Id:    SoftwareManagement.sm_mapper_fail_and_reconnect
08:49:35 INFO  Dir:   software_management_end_to_end/
08:49:35 INFO  Title: Validate the tedge-mapper-sm-c8y for receiving the last message on restart
08:49:35 INFO  ==============================================================
08:49:35 INFO  instable https://github.com/thin-edge/thin-edge.io/issues/752 ... skipped
08:49:35 INFO  
08:49:35 INFO  Test duration: 0.05 secs
08:49:35 INFO  Test final outcome:  SKIPPED
08:49:35 INFO  Test outcome reason: instable https://github.com/thin-edge/thin-edge.io/issues/752
08:49:35 INFO  
</system-out>
	</testcase>
</testsuite><testsuite name="SoftwareManagement.sm_mixed_install_remove_multiple" tests="2" errors="0" failures="1" skipped="1" time="0"><testcase classname="PySysTest" name="SoftwareManagement.sm_mixed_install_remove_multiple">
		<skipped message="SKIPPED: Testing the fake plugin is not enabled.Use parameter -Xfakeplugin=fakeplugin to enable it" />
		<system-out>07:49:55 INFO  ==============================================================
07:49:55 INFO  Id:    SoftwareManagement.sm_mixed_install_remove_multiple
07:49:55 INFO  Dir:   software_management_end_to_end/
07:49:55 INFO  Title: Validate end to end behaviour for the dummy-plugin for multiple packages with mixed versions
07:49:55 INFO  ==============================================================
07:49:55 INFO  Testing the fake plugin is not enabled.Use parameter -Xfakeplugin=fakeplugin to enable it ... skipped
07:49:55 WARN  Aborted test due to SKIPPED outcome
07:49:55 INFO  
07:49:55 INFO  Test duration: 0.04 secs
07:49:55 INFO  Test final outcome:  SKIPPED
07:49:55 INFO  Test outcome reason: Testing the fake plugin is not enabled.Use parameter -Xfakeplugin=fakeplugin to enable it
07:49:55 INFO  
</system-out>
	</testcase>
<testcase classname="PySysTest" name="SoftwareManagement.sm_mixed_install_remove_multiple">
		<failure message="FAILED: Assert that (False == value) with value=True" type="FAILED" />
		<system-out>08:49:35 INFO  ==============================================================
08:49:35 INFO  Id:    SoftwareManagement.sm_mixed_install_remove_multiple
08:49:35 INFO  Dir:   software_management_end_to_end/
08:49:35 INFO  Title: Validate end to end behaviour for the dummy-plugin for multiple packages with mixed versions
08:49:35 INFO  ==============================================================
08:49:35 INFO  Using sw id database: {'asciijump': '5475369', 'robotfindskitten': '5474869', 'squirrel3': '5475279', 'rolldice': '5152439', 'moon-buggy': '5439204', 'apple': '5495053', 'banana': '5494888', 'cherry': '5495382', 'watermelon': '5494510', 'registry': '8018911', 'hello-world': '8021526', 'docker/getting-started': '8021973', 'alpine': '7991792'}
08:49:35 INFO  EnvironmentC8y Setup
08:49:35 INFO  Executed systemctl&lt;serv_mapper1&gt;, exit status 3
08:49:35 INFO  Restarting mosquitto too frequently in the last 10 seconds. It was only up for 4 seconds
08:49:35 INFO  Delaying execution by 7 seconds
08:49:56 INFO  Executed sudo&lt;tedge_connect_c8y&gt;, exit status 0, duration 14 secs
08:49:57 INFO  Executed sudo&lt;tedge_connect_c8y_test&gt;, exit status 0
08:49:57 INFO  Executed systemctl&lt;serv_mosq2&gt;, exit status 0
08:49:58 INFO  Executed systemctl&lt;serv_mapper3&gt;, exit status 0
08:50:00 INFO  State of current operation: SUCCESSFUL
08:50:00 INFO  Package apple is installed
08:50:00 INFO  Assert that (True == value) with value=True ... passed
08:50:01 INFO  Package banana is installed
08:50:01 INFO  Assert that (True == value) with value=True ... passed
08:50:01 INFO  Package cherry is installed
08:50:01 INFO  Assert that (True == value) with value=True ... passed
08:50:01 INFO  Package asciijump is installed
08:50:01 WARN  Assert that (False == value) with value=True ... failed 
08:50:01 INFO  Assert that (False == value) with value=False ... passed
08:50:02 INFO  Response status: 201
08:50:02 INFO  Response to action: {
    "creationTime": "2022-07-15T08:50:02.081Z",
    "deviceName": "m32sd10d",
    "deviceId": "20920854",
    "self": "https://t493319102.eu-latest.cumulocity.com/devicecontrol/operations/20930491",
    "id": "20930491",
    "status": "PENDING",
    "description": "Apply software changes, triggered from PySys: [{'action': 'install', 'id': '5495053', 'name': 'apple', 'url': ' ', 'version': '::fruits'}, {'action': 'install', 'id': '5494888', 'name': 'banana', 'url': ' ', 'version': '::fruits'}, {'action': 'install', 'id': '5475369', 'name': 'asciijump', 'url': ' ', 'version': '::apt'}, {'action': 'install', 'id': '5495382', 'name': 'cherry', 'url': ' ', 'version': '::fruits'}, {'action': 'install', 'id': '8018911', 'name': 'registry', 'url': ' ', 'version': '::docker'}]",
    "c8y_SoftwareUpdate": [
        {
            "name": "apple",
            "action": "install",
            "id": "5495053",
            "version": "::fruits",
            "url": " "
        },
        {
            "name": "banana",
            "action": "install",
            "id": "5494888",
            "version": "::fruits",
            "url": " "
        },
        {
            "name": "asciijump",
            "action": "install",
            "id": "5475369",
            "version": "::apt",
            "url": " "
        },
        {
            "name": "cherry",
            "action": "install",
            "id": "5495382",
            "version": "::fruits",
            "url": " "
        },
        {
            "name": "registry",
            "action": "install",
            "id": "8018911",
            "version": "::docker",
            "url": " "
        }
    ]
}
[...]
07:38:14 INFO  Executed sudo&lt;rm_tmp_logs&gt;, exit status 0
07:38:15 INFO  Executed sudo&lt;send_failed&gt;, exit status 0
07:38:16 INFO  Executed sudo&lt;log_file_daemon&gt;, exit status 0
07:38:20 INFO  Executed sudo&lt;tedge_disconnect_c8y&gt;, exit status 0
07:38:21 INFO  Executed systemctl&lt;serv_mapper5&gt;, exit status 3
07:38:21 INFO  
07:38:21 INFO  Test duration: 28.56 secs
07:38:21 INFO  Test final outcome:  BLOCKED
07:38:21 INFO  Test outcome reason: TypeError: 'NoneType' object is not subscriptable
07:38:21 INFO  
</system-out>
	</testcase>
</testsuite><testsuite name="log_request_num_lines" tests="1" errors="0" failures="1" skipped="0" time="0"><testcase classname="LogRequestVerifyNumberOfLines" name="log_request_num_lines">
		<failure message="BLOCKED: TypeError: 'NoneType' object is not subscriptable" type="BLOCKED" />
		<system-out>07:38:21 INFO  ==============================================================
07:38:21 INFO  Id:    log_request_num_lines
07:38:21 INFO  Dir:   log_request_end_to_end/
07:38:21 INFO  Title: Validate end to end behaviour for the log request operation check for number of lines
07:38:21 INFO  ==============================================================
07:38:21 INFO  EnvironmentC8y Setup
07:38:21 INFO  Executed systemctl&lt;serv_mapper1&gt;, exit status 3
07:38:22 INFO  Restarting mosquitto too frequently in the last 10 seconds. It was only up for 5 seconds
07:38:22 INFO  Delaying execution by 6 seconds
07:38:43 INFO  Executed sudo&lt;tedge_connect_c8y&gt;, exit status 0, duration 14 secs
07:38:43 INFO  Executed sudo&lt;tedge_connect_c8y_test&gt;, exit status 0
07:38:44 INFO  Executed systemctl&lt;serv_mosq2&gt;, exit status 0
07:38:44 INFO  Executed systemctl&lt;serv_mapper3&gt;, exit status 0
07:38:45 INFO  Executed sudo&lt;rm_logs&gt;, exit status 0
07:38:45 INFO  Executed sudo&lt;move_logs&gt;, exit status 0
07:38:46 INFO  Executed sudo&lt;log_file_daemon&gt;, exit status 0
07:38:46 WARN  TypeError occurred while running test - 'NoneType' object is not subscriptable
Traceback (most recent call last):
  File "/home/pi/env-pysys/lib/python3.7/site-packages/pysys/baserunner.py", line 1294, in __call__
    self.testObj.execute()
  File "/home/pi/actions-runner/_work/thin-edge.io/thin-edge.io/tests/PySys/log_request_end_to_end/log_request_num_lines/run.py", line 46, in execute
    log_file_request_payload, self.project.deviceid
  File "/home/pi/actions-runner/_work/thin-edge.io/thin-edge.io/tests/PySys/environments/cumulocity.py", line 101, in trigger_log_request
    "deviceId": self.device_fragment["id"],
TypeError: 'NoneType' object is not subscriptable
07:38:46 WARN  TypeError: 'NoneType' object is not subscriptable ... blocked 
07:38:46 INFO  
07:38:46 INFO  cleanup:
07:38:47 INFO  Executed sudo&lt;rm_logs&gt;, exit status 0
07:38:48 INFO  Executed sudo&lt;rm_tmp_logs&gt;, exit status 0
07:38:48 INFO  Executed sudo&lt;send_failed&gt;, exit status 0
07:38:49 INFO  Executed sudo&lt;log_file_daemon&gt;, exit status 0
07:38:53 INFO  Executed sudo&lt;tedge_disconnect_c8y&gt;, exit status 0
07:38:53 INFO  Executed systemctl&lt;serv_mapper5&gt;, exit status 3
07:38:53 INFO  
07:38:53 INFO  Test duration: 32.58 secs
07:38:53 INFO  Test final outcome:  BLOCKED
07:38:53 INFO  Test outcome reason: TypeError: 'NoneType' object is not subscriptable
07:38:53 INFO  
</system-out>
	</testcase>
</testsuite><testsuite name="mapper_awaits_before_reconnect" tests="1" errors="0" failures="1" skipped="0" time="0"><testcase classname="MapperReconnectAwait" name="mapper_awaits_before_reconnect">
		<failure message="FAILED: Line count on tedge_mapper_journal.out for &quot;tedge_mapper::core::mapper: MQTT connection error:&quot; expected &gt;=2 but got 0" type="FAILED" />
		<system-out>07:52:59 INFO  ==============================================================
07:52:59 INFO  Id:    mapper_awaits_before_reconnect
07:52:59 INFO  Dir:   tedge_mapper_c8y/
07:52:59 INFO  Title: Validate mapper doesn't reconnect too often
07:52:59 INFO  ==============================================================
07:52:59 INFO  Started mosquitto_sub with process id 8422
07:52:59 INFO  Waiting for 0.1 seconds
07:53:00 INFO  Executed sudo&lt;tedge_mapper&gt;, exit status 0
07:53:00 INFO  Waiting for 5.0 seconds
07:53:06 INFO  Executed sudo&lt;tedge_mapper&gt;, exit status 0
07:53:09 INFO  Executed sudo&lt;tedge_mapper_journal&gt;, exit status 0
07:53:09 WARN  Grep on tedge_mapper_journal.out contains "ERROR" ... failed [run.py:67]
07:53:09 INFO  Line count on file tedge_mapper_journal.out ... passed
07:53:09 WARN  Line count on tedge_mapper_journal.out for "tedge_mapper::core::mapper: MQTT connection error:" expected &gt;=2 but got 0 ... failed [run.py:78]
07:53:09 WARN  Aborted test due to FAILED outcome
07:53:09 INFO  
07:53:09 INFO  Test duration: 9.79 secs
07:53:09 INFO  Test final outcome:  FAILED
07:53:09 INFO  Test outcome reason: Line count on tedge_mapper_journal.out for "tedge_mapper::core::mapper: MQTT connection error:" expected &gt;=2 but got 0
07:53:09 INFO  
</system-out>
	</testcase>
</testsuite><testsuite name="monitoring_smaller_interval" tests="1" errors="0" failures="1" skipped="0" time="0"><testcase classname="MonitoringSmallInterval" name="monitoring_smaller_interval">
		<failure message="BLOCKED: TypeError: 'int' object is not subscriptable" type="BLOCKED" />
		<system-out>07:39:56 INFO  ==============================================================
07:39:56 INFO  Id:    monitoring_smaller_interval
07:39:56 INFO  Dir:   monitoring/
07:39:56 INFO  Title: Validate the tedge dm agent messages that are produced with smaller sampling interval than the batching window. Here the simulated collectd messages are used
07:39:56 INFO  ==============================================================
07:39:57 INFO  Executed sudo&lt;collectd&gt;, exit status 0
07:39:58 INFO  Executed sudo&lt;collectd_mapper&gt;, exit status 0
07:39:58 INFO  Started sudo&lt;tedge_sub&gt; with process id 4556
07:39:58 INFO  Executed sudo&lt;tedge_temp&gt;, exit status 0
07:39:59 INFO  Executed sudo&lt;tedge_pres&gt;, exit status 0
07:40:00 INFO  Executed sudo&lt;tedge_temp&gt;, exit status 0
07:40:00 INFO  Executed sudo&lt;tedge_pres&gt;, exit status 0
07:40:01 INFO  Executed sudo&lt;tedge_temp&gt;, exit status 0
07:40:01 INFO  Executed sudo&lt;tedge_pres&gt;, exit status 0
07:40:02 INFO  Executed sudo&lt;tedge_temp&gt;, exit status 0
07:40:02 INFO  Executed sudo&lt;tedge_pres&gt;, exit status 0
07:40:03 INFO  Executed sudo&lt;tedge_temp&gt;, exit status 0
07:40:03 INFO  Executed sudo&lt;tedge_pres&gt;, exit status 0
07:40:04 INFO  Executed sudo&lt;tedge_temp&gt;, exit status 0
07:40:05 INFO  Executed sudo&lt;tedge_pres&gt;, exit status 0
07:40:05 INFO  Executed sudo&lt;tedge_temp&gt;, exit status 0
07:40:06 INFO  Executed sudo&lt;tedge_pres&gt;, exit status 0
07:40:06 INFO  Executed sudo&lt;tedge_temp&gt;, exit status 0
07:40:07 INFO  Executed sudo&lt;tedge_pres&gt;, exit status 0
07:40:07 INFO  Executed sudo&lt;tedge_temp&gt;, exit status 0
07:40:08 INFO  Executed sudo&lt;tedge_pres&gt;, exit status 0
07:40:09 INFO  Executed sudo&lt;tedge_temp&gt;, exit status 0
07:40:09 INFO  Executed sudo&lt;tedge_pres&gt;, exit status 0
07:40:11 INFO  Executed sudo&lt;kill_out&gt;, exit status 0
07:40:11 INFO  0

07:40:11 WARN  TypeError occurred while running test - 'int' object is not subscriptable
Traceback (most recent call last):
  File "/home/pi/env-pysys/lib/python3.7/site-packages/pysys/baserunner.py", line 1296, in __call__
    self.testObj.validate()
  File "/home/pi/actions-runner/_work/thin-edge.io/thin-edge.io/tests/PySys/monitoring/monitoring_smaller_interval/run.py", line 104, in validate
    collectd_msg_validation_result=self.validate_json(),
  File "/home/pi/actions-runner/_work/thin-edge.io/thin-edge.io/tests/PySys/monitoring/monitoring_smaller_interval/run.py", line 114, in validate_json
    if not self.validate_time():
  File "/home/pi/actions-runner/_work/thin-edge.io/thin-edge.io/tests/PySys/monitoring/monitoring_smaller_interval/run.py", line 134, in validate_time
    if self.js_msg["time"]:
TypeError: 'int' object is not subscriptable
07:40:11 WARN  TypeError: 'int' object is not subscriptable ... blocked 
07:40:11 INFO  
07:40:11 INFO  cleanup:
07:40:11 INFO  monitoring_cleanup
07:40:11 INFO  Executed sudo&lt;collectd_mapper&gt;, exit status 0
07:40:11 INFO  
07:40:11 INFO  Test duration: 15.27 secs
07:40:11 INFO  Test final outcome:  BLOCKED
07:40:11 INFO  Test outcome reason: TypeError: 'int' object is not subscriptable
07:40:11 INFO  
</system-out>
	</testcase>
</testsuite><testsuite name="monitoring_with_collectd" tests="1" errors="0" failures="0" skipped="1" time="0"><testcase classname="MonitoringWithCollectd" name="monitoring_with_collectd">
		<skipped message="SKIPPED: Test execution disabled due to #792 (instable)" />
		<system-out>07:40:11 INFO  ==============================================================
07:40:11 INFO  Id:    monitoring_with_collectd
07:40:11 INFO  Dir:   monitoring/
07:40:11 INFO  Title: Validate tedge dm agent messages that are produced by batching the collectd messages
07:40:11 INFO  ==============================================================
07:40:11 INFO  Test execution disabled due to #792 (instable) ... skipped
07:40:11 INFO  
07:40:11 INFO  Test duration: 0.08 secs
07:40:11 INFO  Test final outcome:  SKIPPED
07:40:11 INFO  Test outcome reason: Test execution disabled due to #792 (instable)
07:40:11 INFO  
</system-out>
	</testcase>
</testsuite><testsuite name="monitoring_with_simulated_messages" tests="1" errors="0" failures="1" skipped="0" time="0"><testcase classname="MonitoringWithSimulatedMessages" name="monitoring_with_simulated_messages">
		<failure message="BLOCKED: TypeError: 'int' object is not subscriptable" type="BLOCKED" />
		<system-out>07:40:12 INFO  ==============================================================
07:40:12 INFO  Id:    monitoring_with_simulated_messages
07:40:12 INFO  Dir:   monitoring/
07:40:12 INFO  Title: Validate the tedge dm agent messages that are produced from the simulated collectd messages
07:40:12 INFO  ==============================================================
07:40:12 INFO  Executed sudo&lt;collectd&gt;, exit status 0
07:40:13 INFO  Executed sudo&lt;collectd_mapper&gt;, exit status 0
07:40:13 INFO  Started sudo&lt;tedge_sub&gt; with process id 4612
07:40:13 INFO  Executed sudo&lt;tedge_temp&gt;, exit status 0
07:40:14 INFO  Executed sudo&lt;tedge_pres&gt;, exit status 0
07:40:15 INFO  Executed sudo&lt;kill_out&gt;, exit status 0
07:40:15 INFO  0

07:40:15 WARN  TypeError occurred while running test - 'int' object is not subscriptable
Traceback (most recent call last):
  File "/home/pi/env-pysys/lib/python3.7/site-packages/pysys/baserunner.py", line 1296, in __call__
    self.testObj.validate()
  File "/home/pi/actions-runner/_work/thin-edge.io/thin-edge.io/tests/PySys/monitoring/monitoring_with_simulated_messages/run.py", line 98, in validate
    collectd_msg_validation_result=self.validate_json(),
  File "/home/pi/actions-runner/_work/thin-edge.io/thin-edge.io/tests/PySys/monitoring/monitoring_with_simulated_messages/run.py", line 108, in validate_json
    if not self.validate_time():
  File "/home/pi/actions-runner/_work/thin-edge.io/thin-edge.io/tests/PySys/monitoring/monitoring_with_simulated_messages/run.py", line 127, in validate_time
    if self.js_msg["time"]:
TypeError: 'int' object is not subscriptable
07:40:15 WARN  TypeError: 'int' object is not subscriptable ... blocked 
07:40:15 INFO  
07:40:15 INFO  cleanup:
07:40:15 INFO  monitoring_cleanup
07:40:16 INFO  Executed sudo&lt;collectd_mapper&gt;, exit status 0
07:40:16 INFO  
07:40:16 INFO  Test duration: 4.46 secs
07:40:16 INFO  Test final outcome:  BLOCKED
07:40:16 INFO  Test outcome reason: TypeError: 'int' object is not subscriptable
07:40:16 INFO  
</system-out>
	</testcase>
</testsuite><testsuite name="mqtt_port_change_connection_fails" tests="1" errors="0" failures="0" skipped="0" time="0"><testcase classname="MqttPortChangeConnectionFails" name="mqtt_port_change_connection_fails" />
</testsuite><testsuite name="mqtt_port_change_connection_works" tests="1" errors="0" failures="0" skipped="1" time="0"><testcase classname="MqttPortChangeConnectionWorks" name="mqtt_port_change_connection_works">
		<skipped message="SKIPPED: failing intermitently" />
		<system-out>07:39:29 INFO  ==============================================================
07:39:29 INFO  Id:    mqtt_port_change_connection_works
07:39:29 INFO  Dir:   misc_features/
07:39:29 INFO  Title: mqtt port change connection works for all the thin-edge services that use the mosquitto broker
07:39:29 INFO  ==============================================================
07:39:29 INFO  failing intermitently ... skipped
07:39:29 INFO  
07:39:29 INFO  Test duration: 0.03 secs
07:39:29 INFO  Test final outcome:  SKIPPED
07:39:29 INFO  Test outcome reason: failing intermitently
07:39:29 INFO  
</system-out>
	</testcase>
</testsuite><testsuite name="publish_flux" tests="1" errors="0" failures="0" skipped="0" time="0"><testcase classname="PublishFlux" name="publish_flux" />
</testsuite><testsuite name="publish_sawmill" tests="1" errors="0" failures="0" skipped="0" time="0"><testcase classname="PublishSawmill" name="publish_sawmill" />
</testsuite><testsuite name="runtime_start_two_mappers" tests="1" errors="0" failures="0" skipped="0" time="0"><testcase classname="RuntimeMultiMappers" name="runtime_start_two_mappers" />
</testsuite><testsuite name="sm_tedge_mapper_init_session" tests="1" errors="0" failures="0" skipped="0" time="0"><testcase classname="TedgeSMMapperInitSession" name="sm_tedge_mapper_init_session" />
</testsuite><testsuite name="smoketest_json" tests="1" errors="0" failures="0" skipped="0" time="0"><testcase classname="SmokeTestJson" name="smoketest_json" />
</testsuite><testsuite name="smoketest_json_400_samples_10ms" tests="1" errors="0" failures="0" skipped="0" time="0"><testcase classname="SmoketestJson400Samples10ms" name="smoketest_json_400_samples_10ms" />
</testsuite><testsuite name="smoketest_json_400_samples_20ms" tests="1" errors="0" failures="0" skipped="0" time="0"><testcase classname="SmoketestJson400Samples20ms" name="smoketest_json_400_samples_20ms" />
</testsuite><testsuite name="smoketest_smartrest" tests="1" errors="0" failures="0" skipped="0" time="0"><testcase classname="SmoketestSmartRest" name="smoketest_smartrest" />
</testsuite><testsuite name="smoketest_smartrest_400_samples_1Xms" tests="1" errors="0" failures="0" skipped="0" time="0"><testcase classname="SmoketestSmartRest400Samples1Xms" name="smoketest_smartrest_400_samples_1Xms" />
</testsuite><testsuite name="smoketest_smartrest_400_samples_20ms" tests="1" errors="0" failures="0" skipped="0" time="0"><testcase classname="SmoketestSmartRest400Samples20ms" name="smoketest_smartrest_400_samples_20ms" />
</testsuite><testsuite name="tedge_agent_user_sudo_access" tests="1" errors="0" failures="0" skipped="1" time="0"><testcase classname="TedgeAgentUserSudoAccess" name="tedge_agent_user_sudo_access">
		<skipped message="SKIPPED: #955 Observation: Exit code of the apt plugin when called with no arguments" />
		<system-out>07:50:21 INFO  ==============================================================
07:50:21 INFO  Id:    tedge_agent_user_sudo_access
07:50:21 INFO  Dir:   tedge/
07:50:21 INFO  Title: Validate tedge-agent user has a limited sudo right
07:50:21 INFO  ==============================================================
07:50:21 INFO  #955 Observation: Exit code of the apt plugin when called with no arguments ... skipped
07:50:21 INFO  
07:50:21 INFO  Test duration: 0.04 secs
07:50:21 INFO  Test final outcome:  SKIPPED
07:50:21 INFO  Test outcome reason: #955 Observation: Exit code of the apt plugin when called with no arguments
07:50:21 INFO  
</system-out>
	</testcase>
</testsuite><testsuite name="tedge_connect_test_negative" tests="1" errors="0" failures="0" skipped="0" time="0"><testcase classname="TedgeConnectTestNegative" name="tedge_connect_test_negative" />
</testsuite><testsuite name="tedge_connect_test_positive" tests="1" errors="0" failures="0" skipped="0" time="0"><testcase classname="TedgeConnectTestPositive" name="tedge_connect_test_positive" />
</testsuite><testsuite name="tedge_connect_test_sm_services" tests="1" errors="0" failures="0" skipped="0" time="0"><testcase classname="TedgeConnectTestSMServices" name="tedge_connect_test_sm_services" />
</testsuite><testsuite name="tedge_disconnect_test_sm_services" tests="1" errors="0" failures="0" skipped="0" time="0"><testcase classname="TedgeDisConnectTestSMServices" name="tedge_disconnect_test_sm_services" />
</testsuite><testsuite name="tedge_mapper_az_negative" tests="1" errors="0" failures="0" skipped="0" time="0"><testcase classname="TedgeMapperAzError" name="tedge_mapper_az_negative" />
</testsuite><testsuite name="tedge_mapper_az_with_timestamp" tests="1" errors="0" failures="0" skipped="0" time="0"><testcase classname="TedgeMapperAzWithTimestamp" name="tedge_mapper_az_with_timestamp" />
</testsuite><testsuite name="tedge_mapper_az_without_timestamp" tests="1" errors="0" failures="0" skipped="0" time="0"><testcase classname="TedgeMapperAzWithoutTimestamp" name="tedge_mapper_az_without_timestamp" />
</testsuite><testsuite name="tedge_mapper_c8y_alarms" tests="1" errors="0" failures="0" skipped="0" time="0"><testcase classname="TedgeMapperC8yAlarm" name="tedge_mapper_c8y_alarms" />
</testsuite><testsuite name="tedge_mapper_c8y_child_device_measurement" tests="1" errors="0" failures="0" skipped="0" time="0"><testcase classname="TedgeMapperC8yChildDevice" name="tedge_mapper_c8y_child_device_measurement" />
</testsuite><testsuite name="tedge_mapper_c8y_packet_threshold_size" tests="1" errors="0" failures="1" skipped="0" time="0"><testcase classname="TedgeMapperC8yThresholdPacketSize" name="tedge_mapper_c8y_packet_threshold_size">
		<failure message="FAILED: Grep on tedge_sub.out contains &quot;The size of the message received on tedge/measurements is 20489 which is greater than the threshold size of 16184.&quot;" type="FAILED" />
		<system-out>07:54:48 INFO  ==============================================================
07:54:48 INFO  Id:    tedge_mapper_c8y_packet_threshold_size
07:54:48 INFO  Dir:   tedge_mapper_c8y/
07:54:48 INFO  Title: Validate the Cumulocity Mapper accepted threshold packet size when it receives a message on tedge/measurements
07:54:48 INFO  ==============================================================
07:54:49 INFO  Executed sudo&lt;tedge_mapper_c8y&gt;, exit status 0
07:54:49 INFO  Started sudo&lt;tedge_sub&gt; with process id 9025
07:54:50 INFO  Executed sudo&lt;tedge_msg&gt;, exit status 0
07:54:50 INFO  Executed sudo&lt;tedge_pub&gt;, exit status 0
07:54:51 INFO  Executed sudo&lt;kill_out&gt;, exit status 0
07:54:51 WARN  Grep on tedge_sub.out contains "The size of the message received on tedge/measurements is 20489 which is greater than the threshold size of 16184." ... failed [run.py:88]
07:54:51 INFO  
07:54:51 INFO  cleanup:
07:54:51 INFO  mapper_cleanup
07:54:51 INFO  Executed sudo&lt;tedge_mapper_c8y&gt;, exit status 0
07:54:51 INFO  
07:54:51 INFO  Test duration: 2.98 secs
07:54:51 INFO  Test final outcome:  FAILED
07:54:51 INFO  Test outcome reason: Grep on tedge_sub.out contains "The size of the message received on tedge/measurements is 20489 which is greater than the threshold size of 16184."
07:54:51 INFO  
</system-out>
	</testcase>
</testsuite><testsuite name="tedge_software_update" tests="1" errors="0" failures="0" skipped="0" time="0"><testcase classname="PySysTest" name="tedge_software_update" />
</testsuite><testsuite name="valid_device_id" tests="1" errors="0" failures="0" skipped="0" time="0"><testcase classname="ValidateValidDeviceId" name="valid_device_id" />
</testsuite></testsuites>