<?xml version='1.0' encoding='utf-8'?>
<testsuites tests="147" failures="18" errors="0" skipped="45" time="0.0"><testsuite name="SoftwareManagement.Plugin.apama_plugin_install" tests="3" errors="0" failures="0" skipped="1" time="0"><testcase classname="ApamaPluginInstallTest" name="SoftwareManagement.Plugin.apama_plugin_install">
		<skipped message="SKIPPED: Apama plugin tests are disabled by default. Execute `pysys run` with `-XmyPlatform=container` to run these tests" />
		<system-out>11:40:55 INFO  ==============================================================
11:40:55 INFO  Id:    SoftwareManagement.Plugin.apama_plugin_install
11:40:55 INFO  Dir:   plugin_apama/
11:40:55 INFO  Title: Validate apama plugin install
11:40:55 INFO  ==============================================================
11:40:55 INFO  Apama plugin tests are disabled by default. Execute `pysys run` with `-XmyPlatform=container` to run these tests ... skipped
11:40:55 WARN  Aborted test due to SKIPPED outcome
11:40:55 INFO  
11:40:55 INFO  Test duration: 0.05 secs
11:40:55 INFO  Test final outcome:  SKIPPED
11:40:55 INFO  Test outcome reason: Apama plugin tests are disabled by default. Execute `pysys run` with `-XmyPlatform=container` to run these tests
11:40:55 INFO  
</system-out>
	</testcase>
<testcase classname="ApamaPluginInstallTest" name="SoftwareManagement.Plugin.apama_plugin_install" />
<testcase classname="ApamaPluginInstallTest" name="SoftwareManagement.Plugin.apama_plugin_install" />
</testsuite><testsuite name="SoftwareManagement.Plugin.apama_plugin_mon_support" tests="3" errors="0" failures="0" skipped="1" time="0"><testcase classname="ApamaPluginMonSupportTest" name="SoftwareManagement.Plugin.apama_plugin_mon_support">
		<skipped message="SKIPPED: Apama plugin tests are disabled by default. Execute `pysys run` with `-XmyPlatform=container` to run these tests" />
		<system-out>11:40:55 INFO  ==============================================================
11:40:55 INFO  Id:    SoftwareManagement.Plugin.apama_plugin_mon_support
11:40:55 INFO  Dir:   plugin_apama/
11:40:55 INFO  Title: Validate mon file support of apama plugin
11:40:55 INFO  ==============================================================
11:40:55 INFO  Apama plugin tests are disabled by default. Execute `pysys run` with `-XmyPlatform=container` to run these tests ... skipped
11:40:55 WARN  Aborted test due to SKIPPED outcome
11:40:55 INFO  
11:40:55 INFO  Test duration: 0.05 secs
11:40:55 INFO  Test final outcome:  SKIPPED
11:40:55 INFO  Test outcome reason: Apama plugin tests are disabled by default. Execute `pysys run` with `-XmyPlatform=container` to run these tests
11:40:55 INFO  
</system-out>
	</testcase>
<testcase classname="ApamaPluginMonSupportTest" name="SoftwareManagement.Plugin.apama_plugin_mon_support" />
<testcase classname="ApamaPluginMonSupportTest" name="SoftwareManagement.Plugin.apama_plugin_mon_support" />
</testsuite><testsuite name="SoftwareManagement.Plugin.apama_plugin_remove" tests="3" errors="0" failures="0" skipped="1" time="0"><testcase classname="ApamaPluginRemoveTest" name="SoftwareManagement.Plugin.apama_plugin_remove">
		<skipped message="SKIPPED: Apama plugin tests are disabled by default. Execute `pysys run` with `-XmyPlatform=container` to run these tests" />
		<system-out>11:40:55 INFO  ==============================================================
11:40:55 INFO  Id:    SoftwareManagement.Plugin.apama_plugin_remove
11:40:55 INFO  Dir:   plugin_apama/
11:40:55 INFO  Title: Validate apama plugin remove
11:40:55 INFO  ==============================================================
11:40:55 INFO  Apama plugin tests are disabled by default. Execute `pysys run` with `-XmyPlatform=container` to run these tests ... skipped
11:40:55 WARN  Aborted test due to SKIPPED outcome
11:40:55 INFO  
11:40:55 INFO  Test duration: 0.02 secs
11:40:55 INFO  Test final outcome:  SKIPPED
11:40:55 INFO  Test outcome reason: Apama plugin tests are disabled by default. Execute `pysys run` with `-XmyPlatform=container` to run these tests
11:40:55 INFO  
</system-out>
	</testcase>
<testcase classname="ApamaPluginRemoveTest" name="SoftwareManagement.Plugin.apama_plugin_remove" />
<testcase classname="ApamaPluginRemoveTest" name="SoftwareManagement.Plugin.apama_plugin_remove" />
</testsuite><testsuite name="SoftwareManagement.Plugin.apama_plugin_update" tests="3" errors="0" failures="2" skipped="1" time="0"><testcase classname="ApamaPluginUpdateTest" name="SoftwareManagement.Plugin.apama_plugin_update">
		<skipped message="SKIPPED: Apama plugin tests are disabled by default. Execute `pysys run` with `-XmyPlatform=container` to run these tests" />
		<system-out>11:40:55 INFO  ==============================================================
11:40:55 INFO  Id:    SoftwareManagement.Plugin.apama_plugin_update
11:40:55 INFO  Dir:   plugin_apama/
11:40:55 INFO  Title: Validate apama plugin updating one project with another
11:40:55 INFO  ==============================================================
11:40:55 INFO  Apama plugin tests are disabled by default. Execute `pysys run` with `-XmyPlatform=container` to run these tests ... skipped
11:40:55 WARN  Aborted test due to SKIPPED outcome
11:40:55 INFO  
11:40:55 INFO  Test duration: 0.02 secs
11:40:55 INFO  Test final outcome:  SKIPPED
11:40:55 INFO  Test outcome reason: Apama plugin tests are disabled by default. Execute `pysys run` with `-XmyPlatform=container` to run these tests
11:40:55 INFO  
</system-out>
	</testcase>
<testcase classname="ApamaPluginUpdateTest" name="SoftwareManagement.Plugin.apama_plugin_update">
		<failure message="BLOCKED: sudo&lt;plugin_install&gt; returned non-zero exit code 2" type="BLOCKED" />
		<system-out>12:31:43 INFO  ==============================================================
12:31:43 INFO  Id:    SoftwareManagement.Plugin.apama_plugin_update
12:31:43 INFO  Dir:   plugin_apama/
12:31:43 INFO  Title: Validate apama plugin updating one project with another
12:31:43 INFO  ==============================================================
12:31:43 INFO  Assertion that path exists=False for "/etc/tedge/apama/project" ... passed
12:31:43 INFO  Executed sudo&lt;create_project_dir&gt;, exit status 0
12:31:44 INFO  Executed sudo&lt;unzip_apama_project&gt;, exit status 0
12:31:44 INFO  Executed sudo&lt;move_apama_project&gt;, exit status 0
12:31:45 INFO  Executed sudo&lt;restart_apama_service&gt;, exit status 0
12:31:46 INFO  Executed sudo&lt;apama_correlator_wait&gt;, exit status 0
12:31:46 INFO  Assertion that path exists=True for "/etc/tedge/apama/project" ... passed
12:31:47 INFO  Executed sudo&lt;apama_list_monitors&gt;, exit status 0
12:31:47 INFO  Grep on file /home/pi/actions-runner/_work/thin-edge.io/thin-edge.io/tests/PySys/plugin_apama/apama_plugin_update/Output/linux/apama_list_monitors.out ... passed
12:31:47 WARN  Executed sudo&lt;plugin_install&gt;, exit status 2
12:31:47 INFO  Contents of plugin_install.err: 
  ERROR: Directory not empty (os error 39)
  -----

12:31:47 WARN  sudo&lt;plugin_install&gt; returned non-zero exit code 2 ... blocked [run.py:35]
12:31:47 WARN  Aborted test due to BLOCKED outcome
12:31:47 INFO  
12:31:47 INFO  cleanup:
12:31:47 INFO  Removing apama project
12:32:03 INFO  Executed sudo&lt;stop_apama_service&gt;, exit status 0, duration 15 secs
12:32:03 INFO  Executed sudo&lt;remove_apama_project&gt;, exit status 0
12:32:04 INFO  Executed sudo&lt;remove_apama_tmp_dir&gt;, exit status 0
12:32:04 INFO  
12:32:04 INFO  Test duration: 21.62 secs
12:32:04 INFO  Test final outcome:  BLOCKED
12:32:04 INFO  Test outcome reason: sudo&lt;plugin_install&gt; returned non-zero exit code 2
12:32:04 INFO  
</system-out>
	</testcase>
<testcase classname="ApamaPluginUpdateTest" name="SoftwareManagement.Plugin.apama_plugin_update">
		<failure message="BLOCKED: sudo&lt;plugin_install&gt; returned non-zero exit code 2" type="BLOCKED" />
		<system-out>12:40:25 INFO  ==============================================================
12:40:25 INFO  Id:    SoftwareManagement.Plugin.apama_plugin_update
12:40:25 INFO  Dir:   plugin_apama/
12:40:25 INFO  Title: Validate apama plugin updating one project with another
12:40:25 INFO  ==============================================================
12:40:25 INFO  Assertion that path exists=False for "/etc/tedge/apama/project" ... passed
12:40:25 INFO  Executed sudo&lt;create_project_dir&gt;, exit status 0
12:40:26 INFO  Executed sudo&lt;unzip_apama_project&gt;, exit status 0
12:40:26 INFO  Executed sudo&lt;move_apama_project&gt;, exit status 0
12:40:27 INFO  Executed sudo&lt;restart_apama_service&gt;, exit status 0
12:40:28 INFO  Executed sudo&lt;apama_correlator_wait&gt;, exit status 0
12:40:28 INFO  Assertion that path exists=True for "/etc/tedge/apama/project" ... passed
12:40:29 INFO  Executed sudo&lt;apama_list_monitors&gt;, exit status 0
12:40:29 INFO  Grep on file /home/pi/actions-runner/_work/thin-edge.io/thin-edge.io/tests/PySys/plugin_apama/apama_plugin_update/Output/linux/apama_list_monitors.out ... passed
12:40:29 WARN  Executed sudo&lt;plugin_install&gt;, exit status 2
12:40:29 INFO  Contents of plugin_install.err: 
  ERROR: Directory not empty (os error 39)
  -----

12:40:30 WARN  sudo&lt;plugin_install&gt; returned non-zero exit code 2 ... blocked [run.py:35]
12:40:30 WARN  Aborted test due to BLOCKED outcome
12:40:30 INFO  
12:40:30 INFO  cleanup:
12:40:30 INFO  Removing apama project
12:40:45 INFO  Executed sudo&lt;stop_apama_service&gt;, exit status 0, duration 15 secs
12:40:46 INFO  Executed sudo&lt;remove_apama_project&gt;, exit status 0
12:40:46 INFO  Executed sudo&lt;remove_apama_tmp_dir&gt;, exit status 0
12:40:46 INFO  
12:40:46 INFO  Test duration: 21.48 secs
12:40:46 INFO  Test final outcome:  BLOCKED
12:40:46 INFO  Test outcome reason: sudo&lt;plugin_install&gt; returned non-zero exit code 2
12:40:46 INFO  
</system-out>
	</testcase>
</testsuite><testsuite name="SoftwareManagement.sm_apt_install_download_path" tests="3" errors="0" failures="2" skipped="1" time="0"><testcase classname="AptInstallWithDownloadPath" name="SoftwareManagement.sm_apt_install_download_path">
		<skipped message="SKIPPED: Testing the apt plugin is not supported on this platform.Use parameter -XmyPlatform='container' to enable it" />
		<system-out>11:50:33 INFO  ==============================================================
11:50:33 INFO  Id:    SoftwareManagement.sm_apt_install_download_path
11:50:33 INFO  Dir:   software_management_end_to_end/
11:50:33 INFO  Title: Install package to directory specified in tedge config set tmp.path
11:50:33 INFO  ==============================================================
11:50:33 INFO  Testing the apt plugin is not supported on this platform.Use parameter -XmyPlatform='container' to enable it ... skipped
11:50:33 WARN  Aborted test due to SKIPPED outcome
11:50:33 INFO  
11:50:33 INFO  Test duration: 0.06 secs
11:50:33 INFO  Test final outcome:  SKIPPED
11:50:33 INFO  Test outcome reason: Testing the apt plugin is not supported on this platform.Use parameter -XmyPlatform='container' to enable it
11:50:33 INFO  
</system-out>
	</testcase>
<testcase classname="AptInstallWithDownloadPath" name="SoftwareManagement.sm_apt_install_download_path">
		<failure message="BLOCKED: AssertionError:" type="BLOCKED" />
		<system-out>12:13:44 INFO  ==============================================================
12:13:44 INFO  Id:    SoftwareManagement.sm_apt_install_download_path
12:13:44 INFO  Dir:   software_management_end_to_end/
12:13:44 INFO  Title: Install package to directory specified in tedge config set tmp.path
12:13:44 INFO  ==============================================================
12:13:44 INFO  Using sw id database: {'asciijump': '5475369', 'robotfindskitten': '5474869', 'squirrel3': '5475279', 'rolldice': '5152439', 'moon-buggy': '5439204', 'apple': '5495053', 'banana': '5494888', 'cherry': '5495382', 'watermelon': '5494510', 'registry': '8018911', 'hello-world': '8021526', 'docker/getting-started': '8021973', 'alpine': '7991792'}
12:13:44 INFO  EnvironmentC8y Setup
12:13:45 INFO  Executed systemctl&lt;serv_mapper1&gt;, exit status 3
12:13:59 INFO  Executed sudo&lt;tedge_connect_c8y&gt;, exit status 0, duration 14 secs
12:14:01 INFO  Executed sudo&lt;tedge_connect_c8y_test&gt;, exit status 0
12:14:02 INFO  Executed systemctl&lt;serv_mosq2&gt;, exit status 0
12:14:02 INFO  Executed systemctl&lt;serv_mapper3&gt;, exit status 0
12:14:05 INFO  State of current operation: SUCCESSFUL
12:14:05 INFO  Assert that (False == value) with value=False ... passed
12:14:05 INFO  Executed sudo, exit status 0
12:14:06 INFO  Executed sudo, exit status 0
12:14:07 INFO  Executed sudo, exit status 0
12:14:10 INFO  Executed sudo&lt;tedge_disconnect_c8y&gt;, exit status 0
12:14:10 INFO  Restarting mosquitto too frequently in the last 10 seconds. It was only up for 3 seconds
12:14:10 INFO  Delaying execution by 8 seconds
12:14:32 INFO  Executed sudo&lt;tedge_connect_c8y&gt;, exit status 0, duration 13 secs
12:14:32 INFO  Response status: 201
12:14:32 INFO  Response to action: {
    "creationTime": "2022-05-11T12:14:32.879Z",
    "deviceName": "m32sd10d",
    "deviceId": "18764683",
    "self": "https://t493319102.eu-latest.cumulocity.com/devicecontrol/operations/18840482",
    "id": "18840482",
    "status": "PENDING",
    "description": "Apply software changes, triggered from PySys: [{'name': 'rolldice', 'id': '5152439', 'version': '::apt', 'url': 'https://thin-edge-io.eu-latest.cumulocity.com/inventory/binaries/12435463', 'action': 'install'}]",
    "c8y_SoftwareUpdate": [
        {
            "name": "rolldice",
            "action": "install",
            "id": "5152439",
            "version": "::apt",
            "url": "https://thin-edge-io.eu-latest.cumulocity.com/inventory/binaries/12435463"
        }
    ]
}
12:14:32 INFO  Started operation: {'creationTime': '2022-05-11T12:14:32.879Z', 'deviceName': 'm32sd10d', 'deviceId': '18764683', 'self': 'https://t493319102.eu-latest.cumulocity.com/devicecontrol/operations/18840482', 'id': '18840482', 'status': 'PENDING', 'description': "Apply software changes, triggered from PySys: [{'name': 'rolldice', 'id': '5152439', 'version': '::apt', 'url': 'https://thin-edge-io.eu-latest.cumulocity.com/inventory/binaries/12435463', 'action': 'install'}]", 'c8y_SoftwareUpdate': [{'name': 'rolldice', 'action': 'install', 'id': '5152439', 'version': '::apt', 'url': 'https://thin-edge-io.eu-latest.cumulocity.com/inventory/binaries/12435463'}]}
12:14:32 WARN  , retrying in 0.5 seconds...
12:14:33 WARN  , retrying in 0.5 seconds...
12:14:33 WARN  , retrying in 0.5 seconds...
12:14:34 WARN  , retrying in 0.5 seconds...
12:14:34 WARN  , retrying in 0.5 seconds...
12:14:35 WARN  , retrying in 0.5 seconds...
12:14:35 WARN  , retrying in 0.5 seconds...
12:14:36 WARN  , retrying in 0.5 seconds...
12:14:36 WARN  , retrying in 0.5 seconds...
12:14:37 WARN  AssertionError occurred while running test - 
Traceback (most recent call last):
  File "/home/pi/env-pysys/lib/python3.7/site-packages/pysys/baserunner.py", line 1294, in __call__
    self.testObj.execute()
  File "/home/pi/actions-runner/_work/thin-edge.io/thin-edge.io/tests/PySys/software_management_end_to_end/sm_apt_install_download_path/run.py", line 83, in execute
    assert_install_in_download_path(install_directory=self.DOWNLOAD_DIR)
  File "/home/pi/env-pysys/lib/python3.7/site-packages/decorator.py", line 232, in fun
    return caller(func, *(extras + args), **kw)
  File "/home/pi/env-pysys/lib/python3.7/site-packages/retry/api.py", line 74, in retry_decorator
    logger)
  File "/home/pi/env-pysys/lib/python3.7/site-packages/retry/api.py", line 33, in __retry_internal
    return f()
  File "/home/pi/actions-runner/_work/thin-edge.io/thin-edge.io/tests/PySys/software_management_end_to_end/sm_apt_install_download_path/run.py", line 28, in assert_install_in_download_path
    assert "rolldice" in os.listdir(f"{install_directory}")
AssertionError
12:14:38 WARN  AssertionError: ... blocked 
12:14:38 INFO  
12:14:38 INFO  cleanup:
12:14:38 INFO  Executed sudo, exit status 0
12:14:39 INFO  Executed sudo, exit status 0
12:14:43 INFO  Executed sudo&lt;tedge_disconnect_c8y&gt;, exit status 0
12:14:43 INFO  Restarting mosquitto too frequently in the last 10 seconds. It was only up for 4 seconds
12:14:43 INFO  Delaying execution by 7 seconds
12:15:04 INFO  Executed sudo&lt;tedge_connect_c8y&gt;, exit status 0, duration 13 secs
12:15:08 INFO  Executed sudo&lt;tedge_disconnect_c8y&gt;, exit status 0
12:15:09 INFO  Executed systemctl&lt;serv_mapper5&gt;, exit status 3
12:15:09 INFO  
12:15:09 INFO  Test duration: 84.82 secs
12:15:09 INFO  Test final outcome:  BLOCKED
12:15:09 INFO  Test outcome reason: AssertionError:
12:15:09 INFO  
</system-out>
	</testcase>
<testcase classname="AptInstallWithDownloadPath" name="SoftwareManagement.sm_apt_install_download_path">
		<failure message="BLOCKED: AssertionError:" type="BLOCKED" />
		<system-out>12:40:46 INFO  ==============================================================
12:40:46 INFO  Id:    SoftwareManagement.sm_apt_install_download_path
12:40:46 INFO  Dir:   software_management_end_to_end/
12:40:46 INFO  Title: Install package to directory specified in tedge config set tmp.path
12:40:46 INFO  ==============================================================
12:40:47 INFO  Using sw id database: {'asciijump': '5475369', 'robotfindskitten': '5474869', 'squirrel3': '5475279', 'rolldice': '5152439', 'moon-buggy': '5439204', 'apple': '5495053', 'banana': '5494888', 'cherry': '5495382', 'watermelon': '5494510', 'registry': '8018911', 'hello-world': '8021526', 'docker/getting-started': '8021973', 'alpine': '7991792'}
12:40:47 INFO  EnvironmentC8y Setup
12:40:48 INFO  Executed systemctl&lt;serv_mapper1&gt;, exit status 3
12:41:02 INFO  Executed sudo&lt;tedge_connect_c8y&gt;, exit status 0, duration 13 secs
12:41:03 INFO  Executed sudo&lt;tedge_connect_c8y_test&gt;, exit status 0
12:41:03 INFO  Executed systemctl&lt;serv_mosq2&gt;, exit status 0
12:41:04 INFO  Executed systemctl&lt;serv_mapper3&gt;, exit status 0
12:41:06 INFO  State of current operation: SUCCESSFUL
12:41:06 INFO  Assert that (False == value) with value=False ... passed
12:41:07 INFO  Executed sudo, exit status 0
12:41:07 INFO  Executed sudo, exit status 0
12:41:08 INFO  Executed sudo, exit status 0
12:41:12 INFO  Executed sudo&lt;tedge_disconnect_c8y&gt;, exit status 0
12:41:12 INFO  Restarting mosquitto too frequently in the last 10 seconds. It was only up for 4 seconds
12:41:12 INFO  Delaying execution by 7 seconds
12:41:33 INFO  Executed sudo&lt;tedge_connect_c8y&gt;, exit status 0, duration 13 secs
12:41:33 INFO  Response status: 201
12:41:33 INFO  Response to action: {
    "creationTime": "2022-05-11T12:41:33.474Z",
    "deviceName": "m32sd10d",
    "deviceId": "18764683",
    "self": "https://t493319102.eu-latest.cumulocity.com/devicecontrol/operations/18840967",
    "id": "18840967",
    "status": "PENDING",
    "description": "Apply software changes, triggered from PySys: [{'name': 'rolldice', 'id': '5152439', 'version': '::apt', 'url': 'https://thin-edge-io.eu-latest.cumulocity.com/inventory/binaries/12435463', 'action': 'install'}]",
    "c8y_SoftwareUpdate": [
        {
            "name": "rolldice",
            "action": "install",
            "id": "5152439",
            "version": "::apt",
            "url": "https://thin-edge-io.eu-latest.cumulocity.com/inventory/binaries/12435463"
        }
    ]
}
12:41:33 INFO  Started operation: {'creationTime': '2022-05-11T12:41:33.474Z', 'deviceName': 'm32sd10d', 'deviceId': '18764683', 'self': 'https://t493319102.eu-latest.cumulocity.com/devicecontrol/operations/18840967', 'id': '18840967', 'status': 'PENDING', 'description': "Apply software changes, triggered from PySys: [{'name': 'rolldice', 'id': '5152439', 'version': '::apt', 'url': 'https://thin-edge-io.eu-latest.cumulocity.com/inventory/binaries/12435463', 'action': 'install'}]", 'c8y_SoftwareUpdate': [{'name': 'rolldice', 'action': 'install', 'id': '5152439', 'version': '::apt', 'url': 'https://thin-edge-io.eu-latest.cumulocity.com/inventory/binaries/12435463'}]}
12:41:33 WARN  , retrying in 0.5 seconds...
12:41:34 WARN  , retrying in 0.5 seconds...
12:41:34 WARN  , retrying in 0.5 seconds...
12:41:35 WARN  , retrying in 0.5 seconds...
12:41:35 WARN  , retrying in 0.5 seconds...
12:41:36 WARN  , retrying in 0.5 seconds...
12:41:36 WARN  , retrying in 0.5 seconds...
12:41:37 WARN  , retrying in 0.5 seconds...
12:41:37 WARN  , retrying in 0.5 seconds...
12:41:38 WARN  AssertionError occurred while running test - 
Traceback (most recent call last):
  File "/home/pi/env-pysys/lib/python3.7/site-packages/pysys/baserunner.py", line 1294, in __call__
    self.testObj.execute()
  File "/home/pi/actions-runner/_work/thin-edge.io/thin-edge.io/tests/PySys/software_management_end_to_end/sm_apt_install_download_path/run.py", line 83, in execute
    assert_install_in_download_path(install_directory=self.DOWNLOAD_DIR)
  File "/home/pi/env-pysys/lib/python3.7/site-packages/decorator.py", line 232, in fun
    return caller(func, *(extras + args), **kw)
  File "/home/pi/env-pysys/lib/python3.7/site-packages/retry/api.py", line 74, in retry_decorator
    logger)
  File "/home/pi/env-pysys/lib/python3.7/site-packages/retry/api.py", line 33, in __retry_internal
    return f()
  File "/home/pi/actions-runner/_work/thin-edge.io/thin-edge.io/tests/PySys/software_management_end_to_end/sm_apt_install_download_path/run.py", line 28, in assert_install_in_download_path
    assert "rolldice" in os.listdir(f"{install_directory}")
AssertionError
12:41:38 WARN  AssertionError: ... blocked 
12:41:38 INFO  
12:41:38 INFO  cleanup:
12:41:38 INFO  Executed sudo, exit status 0
12:41:39 INFO  Executed sudo, exit status 0
12:41:44 INFO  Executed sudo&lt;tedge_disconnect_c8y&gt;, exit status 0
12:41:44 INFO  Restarting mosquitto too frequently in the last 10 seconds. It was only up for 4 seconds
12:41:44 INFO  Delaying execution by 7 seconds
12:42:05 INFO  Executed sudo&lt;tedge_connect_c8y&gt;, exit status 0, duration 13 secs
12:42:09 INFO  Executed sudo&lt;tedge_disconnect_c8y&gt;, exit status 0
12:42:09 INFO  Executed systemctl&lt;serv_mapper5&gt;, exit status 3
12:42:09 INFO  
12:42:09 INFO  Test duration: 83.29 secs
12:42:09 INFO  Test final outcome:  BLOCKED
12:42:09 INFO  Test outcome reason: AssertionError:
12:42:09 INFO  
</system-out>
	</testcase>
</testsuite><testsuite name="SoftwareManagement.sm_apt_install_fail" tests="3" errors="0" failures="0" skipped="1" time="0"><testcase classname="PySysTest" name="SoftwareManagement.sm_apt_install_fail">
		<skipped message="SKIPPED: Testing the apt plugin is not supported on this platform.Use parameter -XmyPlatform='container' to enable it" />
		<system-out>11:50:33 INFO  ==============================================================
11:50:33 INFO  Id:    SoftwareManagement.sm_apt_install_fail
11:50:33 INFO  Dir:   software_management_end_to_end/
11:50:33 INFO  Title: Validate end to end behaviour for a failing installation
11:50:33 INFO  ==============================================================
11:50:33 INFO  Testing the apt plugin is not supported on this platform.Use parameter -XmyPlatform='container' to enable it ... skipped
11:50:33 WARN  Aborted test due to SKIPPED outcome
11:50:33 INFO  
11:50:33 INFO  Test duration: 0.02 secs
11:50:33 INFO  Test final outcome:  SKIPPED
11:50:33 INFO  Test outcome reason: Testing the apt plugin is not supported on this platform.Use parameter -XmyPlatform='container' to enable it
11:50:33 INFO  
</system-out>
	</testcase>
<testcase classname="PySysTest" name="SoftwareManagement.sm_apt_install_fail" />
<testcase classname="PySysTest" name="SoftwareManagement.sm_apt_install_fail" />
</testsuite><testsuite name="SoftwareManagement.sm_apt_install_remove" tests="3" errors="0" failures="0" skipped="1" time="0"><testcase classname="PySysTest" name="SoftwareManagement.sm_apt_install_remove">
		<skipped message="SKIPPED: Testing the apt plugin is not supported on this platform.Use parameter -XmyPlatform='container' to enable it" />
		<system-out>11:50:33 INFO  ==============================================================
11:50:33 INFO  Id:    SoftwareManagement.sm_apt_install_remove
11:50:33 INFO  Dir:   software_management_end_to_end/
11:50:33 INFO  Title: Validate end to end behaviour for the apt plugin for installation and removal of packages
11:50:33 INFO  ==============================================================
11:50:33 INFO  Testing the apt plugin is not supported on this platform.Use parameter -XmyPlatform='container' to enable it ... skipped
11:50:33 WARN  Aborted test due to SKIPPED outcome
11:50:33 INFO  
11:50:33 INFO  Test duration: 0.02 secs
11:50:33 INFO  Test final outcome:  SKIPPED
11:50:33 INFO  Test outcome reason: Testing the apt plugin is not supported on this platform.Use parameter -XmyPlatform='container' to enable it
11:50:34 INFO  
</system-out>
	</testcase>
<testcase classname="PySysTest" name="SoftwareManagement.sm_apt_install_remove" />
<testcase classname="PySysTest" name="SoftwareManagement.sm_apt_install_remove" />
</testsuite><testsuite name="SoftwareManagement.sm_apt_install_remove_default" tests="3" errors="0" failures="0" skipped="1" time="0"><testcase classname="PySysTest" name="SoftwareManagement.sm_apt_install_remove_default">
		<skipped message="SKIPPED: Testing the apt plugin is not supported on this platform.Use parameter -XmyPlatform='container' to enable it" />
		<system-out>11:50:34 INFO  ==============================================================
11:50:34 INFO  Id:    SoftwareManagement.sm_apt_install_remove_default
11:50:34 INFO  Dir:   software_management_end_to_end/
11:50:34 INFO  Title: Validate end to end behaviour for the default plugin for installation and removal of packages
11:50:34 INFO  ==============================================================
11:50:34 INFO  Testing the apt plugin is not supported on this platform.Use parameter -XmyPlatform='container' to enable it ... skipped
11:50:34 WARN  Aborted test due to SKIPPED outcome
11:50:34 INFO  
11:50:34 INFO  Test duration: 0.02 secs
11:50:34 INFO  Test final outcome:  SKIPPED
11:50:34 INFO  Test outcome reason: Testing the apt plugin is not supported on this platform.Use parameter -XmyPlatform='container' to enable it
11:50:34 INFO  
</system-out>
	</testcase>
<testcase classname="PySysTest" name="SoftwareManagement.sm_apt_install_remove_default" />
<testcase classname="PySysTest" name="SoftwareManagement.sm_apt_install_remove_default" />
</testsuite><testsuite name="SoftwareManagement.sm_apt_install_remove_multiple" tests="3" errors="0" failures="2" skipped="1" time="0"><testcase classname="PySysTest" name="SoftwareManagement.sm_apt_install_remove_multiple">
		<skipped message="SKIPPED: Testing the apt plugin is not supported on this platform.Use parameter -XmyPlatform='container' to enable it" />
		<system-out>11:50:34 INFO  ==============================================================
11:50:34 INFO  Id:    SoftwareManagement.sm_apt_install_remove_multiple
11:50:34 INFO  Dir:   software_management_end_to_end/
11:50:34 INFO  Title: Validate end to end behaviour for the apt plugin for multiple packages
11:50:34 INFO  ==============================================================
11:50:34 INFO  Testing the apt plugin is not supported on this platform.Use parameter -XmyPlatform='container' to enable it ... skipped
11:50:34 WARN  Aborted test due to SKIPPED outcome
11:50:34 INFO  
11:50:34 INFO  Test duration: 0.02 secs
11:50:34 INFO  Test final outcome:  SKIPPED
11:50:34 INFO  Test outcome reason: Testing the apt plugin is not supported on this platform.Use parameter -XmyPlatform='container' to enable it
11:50:34 INFO  
</system-out>
	</testcase>
<testcase classname="PySysTest" name="SoftwareManagement.sm_apt_install_remove_multiple">
		<failure message="FAILED: Assert that (False == value) with value=True" type="FAILED" />
		<system-out>12:21:55 INFO  ==============================================================
12:21:55 INFO  Id:    SoftwareManagement.sm_apt_install_remove_multiple
12:21:55 INFO  Dir:   software_management_end_to_end/
12:21:55 INFO  Title: Validate end to end behaviour for the apt plugin for multiple packages
12:21:55 INFO  ==============================================================
12:21:55 INFO  Using sw id database: {'asciijump': '5475369', 'robotfindskitten': '5474869', 'squirrel3': '5475279', 'rolldice': '5152439', 'moon-buggy': '5439204', 'apple': '5495053', 'banana': '5494888', 'cherry': '5495382', 'watermelon': '5494510', 'registry': '8018911', 'hello-world': '8021526', 'docker/getting-started': '8021973', 'alpine': '7991792'}
12:21:55 INFO  EnvironmentC8y Setup
12:21:56 INFO  Executed systemctl&lt;serv_mapper1&gt;, exit status 3
12:21:56 INFO  Restarting mosquitto too frequently in the last 10 seconds. It was only up for 5 seconds
12:21:56 INFO  Delaying execution by 6 seconds
12:22:16 INFO  Executed sudo&lt;tedge_connect_c8y&gt;, exit status 0, duration 13 secs
12:22:17 INFO  Executed sudo&lt;tedge_connect_c8y_test&gt;, exit status 0
12:22:17 INFO  Executed systemctl&lt;serv_mosq2&gt;, exit status 0
12:22:18 INFO  Executed systemctl&lt;serv_mapper3&gt;, exit status 0
12:22:20 INFO  State of current operation: SUCCESSFUL
12:22:20 INFO  Assert that (False == value) with value=False ... passed
12:22:20 INFO  Assert that (False == value) with value=False ... passed
12:22:21 INFO  Assert that (False == value) with value=False ... passed
12:22:21 INFO  Package robotfindskitten is installed
12:22:21 WARN  Assert that (False == value) with value=True ... failed 
12:22:21 INFO  Response status: 201
12:22:21 INFO  Response to action: {
    "creationTime": "2022-05-11T12:22:21.445Z",
    "deviceName": "m32sd10d",
    "deviceId": "18764683",
    "self": "https://t493319102.eu-latest.cumulocity.com/devicecontrol/operations/18840623",
    "id": "18840623",
    "status": "PENDING",
    "description": "Apply software changes, triggered from PySys: [{'action': 'install', 'id': '5475369', 'name': 'asciijump', 'url': ' ', 'version': '::apt'}, {'action': 'install', 'id': '5474869', 'name': 'robotfindskitten', 'url': ' ', 'version': '::apt'}, {'action': 'install', 'id': '5475279', 'name': 'squirrel3', 'url': ' ', 'version': '::apt'}]",
    "c8y_SoftwareUpdate": [
        {
            "name": "asciijump",
            "action": "install",
            "id": "5475369",
            "version": "::apt",
            "url": " "
        },
        {
            "name": "robotfindskitten",
            "action": "install",
            "id": "5474869",
            "version": "::apt",
            "url": " "
        },
        {
            "name": "squirrel3",
            "action": "install",
            "id": "5475279",
            "version": "::apt",
            "url": " "
        }
    ]
}
12:22:21 INFO  Started operation: {'creationTime': '2022-05-11T12:22:21.445Z', 'deviceName': 'm32sd10d', 'deviceId': '18764683', 'self': 'https://t493319102.eu-latest.cumulocity.com/devicecontrol/operations/18840623', 'id': '18840623', 'status': 'PENDING', 'description': "Apply software changes, triggered from PySys: [{'action': 'install', 'id': '5475369', 'name': 'asciijump', 'url': ' ', 'version': '::apt'}, {'action': 'install', 'id': '5474869', 'name': 'robotfindskitten', 'url': ' ', 'version': '::apt'}, {'action': 'install', 'id': '5475279', 'name': 'squirrel3', 'url': ' ', 'version': '::apt'}]", 'c8y_SoftwareUpdate': [{'name': 'asciijump', 'action': 'install', 'id': '5475369', 'version': '::apt', 'url': ' '}, {'name': 'robotfindskitten', 'action': 'install', 'id': '5474869', 'version': '::apt', 'url': ' '}, {'name': 'squirrel3', 'action': 'install', 'id': '5475279', 'version': '::apt', 'url': ' '}]}
12:22:23 INFO  State of operation 18840623 : PENDING
12:22:25 INFO  State of operation 18840623 : EXECUTING
12:22:28 INFO  State of operation 18840623 : EXECUTING
12:22:30 INFO  State of operation 18840623 : EXECUTING
12:22:32 INFO  State of operation 18840623 : EXECUTING
12:22:34 INFO  State of operation 18840623 : EXECUTING
12:22:37 INFO  State of operation 18840623 : EXECUTING
12:22:40 INFO  State of operation 18840623 : EXECUTING
12:22:42 INFO  State of operation 18840623 : EXECUTING
12:22:45 INFO  State of operation 18840623 : EXECUTING
12:22:47 INFO  State of operation 18840623 : EXECUTING
12:22:49 INFO  State of operation 18840623 : EXECUTING
12:22:51 INFO  State of operation 18840623 : EXECUTING
12:22:53 INFO  State of operation 18840623 : EXECUTING
12:22:56 INFO  State of operation 18840623 : EXECUTING
12:22:58 INFO  State of operation 18840623 : EXECUTING
12:23:00 INFO  State of operation 18840623 : EXECUTING
12:23:03 INFO  State of operation 18840623 : EXECUTING
12:23:05 INFO  State of operation 18840623 : EXECUTING
12:23:08 INFO  State of operation 18840623 : EXECUTING
12:23:10 INFO  State of operation 18840623 : EXECUTING
12:23:12 INFO  State of operation 18840623 : EXECUTING
12:23:15 INFO  State of operation 18840623 : EXECUTING
12:23:18 INFO  State of operation 18840623 : EXECUTING
12:23:20 INFO  State of operation 18840623 : EXECUTING
12:23:23 INFO  State of operation 18840623 : EXECUTING
12:23:25 INFO  State of operation 18840623 : EXECUTING
12:23:28 INFO  State of operation 18840623 : EXECUTING
12:23:30 INFO  State of operation 18840623 : EXECUTING
12:23:33 INFO  State of operation 18840623 : EXECUTING
12:23:35 INFO  State of operation 18840623 : EXECUTING
12:23:37 INFO  State of operation 18840623 : EXECUTING
12:23:39 INFO  State of operation 18840623 : EXECUTING
12:23:41 INFO  State of operation 18840623 : SUCCESSFUL
12:23:42 INFO  Assert that (False == value) with value=False ... passed
12:23:42 INFO  Package asciijump is installed
12:23:42 INFO  Assert that (True == value) with value=True ... passed
12:23:42 INFO  Package squirrel3 is installed
12:23:42 INFO  Assert that (True == value) with value=True ... passed
12:23:42 INFO  Package robotfindskitten is installed
12:23:42 INFO  Assert that (True == value) with value=True ... passed
12:23:43 INFO  Response status: 201
12:23:43 INFO  Response to action: {
    "creationTime": "2022-05-11T12:23:43.052Z",
    "deviceName": "m32sd10d",
    "deviceId": "18764683",
    "self": "https://t493319102.eu-latest.cumulocity.com/devicecontrol/operations/18840684",
    "id": "18840684",
    "status": "PENDING",
    "description": "Apply software changes, triggered from PySys: [{'action': 'delete', 'id': '5475369', 'name': 'asciijump', 'url': ' ', 'version': '::apt'}, {'action': 'delete', 'id': '5474869', 'name': 'robotfindskitten', 'url': ' ', 'version': '::apt'}, {'action': 'delete', 'id': '5475279', 'name': 'squirrel3', 'url': ' ', 'version': '::apt'}]",
    "c8y_SoftwareUpdate": [
        {
            "name": "asciijump",
            "action": "delete",
            "id": "5475369",
            "version": "::apt",
            "url": " "
        },
        {
            "name": "robotfindskitten",
            "action": "delete",
            "id": "5474869",
            "version": "::apt",
            "url": " "
        },
        {
            "name": "squirrel3",
            "action": "delete",
            "id": "5475279",
            "version": "::apt",
            "url": " "
        }
    ]
}
12:23:43 INFO  Started operation: {'creationTime': '2022-05-11T12:23:43.052Z', 'deviceName': 'm32sd10d', 'deviceId': '18764683', 'self': 'https://t493319102.eu-latest.cumulocity.com/devicecontrol/operations/18840684', 'id': '18840684', 'status': 'PENDING', 'description': "Apply software changes, triggered from PySys: [{'action': 'delete', 'id': '5475369', 'name': 'asciijump', 'url': ' ', 'version': '::apt'}, {'action': 'delete', 'id': '5474869', 'name': 'robotfindskitten', 'url': ' ', 'version': '::apt'}, {'action': 'delete', 'id': '5475279', 'name': 'squirrel3', 'url': ' ', 'version': '::apt'}]", 'c8y_SoftwareUpdate': [{'name': 'asciijump', 'action': 'delete', 'id': '5475369', 'version': '::apt', 'url': ' '}, {'name': 'robotfindskitten', 'action': 'delete', 'id': '5474869', 'version': '::apt', 'url': ' '}, {'name': 'squirrel3', 'action': 'delete', 'id': '5475279', 'version': '::apt', 'url': ' '}]}
12:23:45 INFO  State of operation 18840684 : PENDING
12:23:47 INFO  State of operation 18840684 : EXECUTING
12:23:49 INFO  State of operation 18840684 : EXECUTING
12:23:51 INFO  State of operation 18840684 : EXECUTING
12:23:54 INFO  State of operation 18840684 : EXECUTING
12:23:56 INFO  State of operation 18840684 : EXECUTING
12:23:59 INFO  State of operation 18840684 : EXECUTING
12:24:02 INFO  State of operation 18840684 : EXECUTING
12:24:04 INFO  State of operation 18840684 : EXECUTING
12:24:06 INFO  State of operation 18840684 : EXECUTING
12:24:08 INFO  State of operation 18840684 : EXECUTING
12:24:11 INFO  State of operation 18840684 : EXECUTING
12:24:13 INFO  State of operation 18840684 : EXECUTING
12:24:15 INFO  State of operation 18840684 : EXECUTING
12:24:17 INFO  State of operation 18840684 : EXECUTING
12:24:20 INFO  State of operation 18840684 : EXECUTING
12:24:22 INFO  State of operation 18840684 : EXECUTING
12:24:25 INFO  State of operation 18840684 : EXECUTING
12:24:27 INFO  State of operation 18840684 : EXECUTING
12:24:29 INFO  State of operation 18840684 : EXECUTING
12:24:32 INFO  State of operation 18840684 : EXECUTING
12:24:34 INFO  State of operation 18840684 : EXECUTING
12:24:36 INFO  State of operation 18840684 : EXECUTING
12:24:38 INFO  State of operation 18840684 : EXECUTING
12:24:41 INFO  State of operation 18840684 : EXECUTING
12:24:43 INFO  State of operation 18840684 : EXECUTING
12:24:46 INFO  State of operation 18840684 : EXECUTING
12:24:48 INFO  State of operation 18840684 : SUCCESSFUL
12:24:48 INFO  Assert that (False == value) with value=False ... passed
12:24:48 INFO  Assert that (False == value) with value=False ... passed
12:24:49 INFO  Assert that (False == value) with value=False ... passed
12:24:49 INFO  Assert that (False == value) with value=False ... passed
12:24:49 INFO  
12:24:49 INFO  cleanup:
12:24:53 INFO  Executed sudo&lt;tedge_disconnect_c8y&gt;, exit status 0
12:24:54 INFO  Executed systemctl&lt;serv_mapper5&gt;, exit status 3
12:24:54 INFO  
12:24:54 INFO  Test duration: 178.28 secs
12:24:54 INFO  Test final outcome:  FAILED
12:24:54 INFO  Test outcome reason: Assert that (False == value) with value=True
12:24:54 INFO  
</system-out>
	</testcase>
<testcase classname="PySysTest" name="SoftwareManagement.sm_apt_install_remove_multiple">
		<failure message="FAILED: Assert that (False == value) with value=True (+2 other failures)" type="FAILED" />
		<system-out>12:48:43 INFO  ==============================================================
12:48:43 INFO  Id:    SoftwareManagement.sm_apt_install_remove_multiple
12:48:43 INFO  Dir:   software_management_end_to_end/
12:48:43 INFO  Title: Validate end to end behaviour for the apt plugin for multiple packages
12:48:43 INFO  ==============================================================
12:48:44 INFO  Using sw id database: {'asciijump': '5475369', 'robotfindskitten': '5474869', 'squirrel3': '5475279', 'rolldice': '5152439', 'moon-buggy': '5439204', 'apple': '5495053', 'banana': '5494888', 'cherry': '5495382', 'watermelon': '5494510', 'registry': '8018911', 'hello-world': '8021526', 'docker/getting-started': '8021973', 'alpine': '7991792'}
12:48:44 INFO  EnvironmentC8y Setup
12:48:44 INFO  Executed systemctl&lt;serv_mapper1&gt;, exit status 3
12:48:44 INFO  Restarting mosquitto too frequently in the last 10 seconds. It was only up for 5 seconds
12:48:44 INFO  Delaying execution by 6 seconds
12:49:04 INFO  Executed sudo&lt;tedge_connect_c8y&gt;, exit status 0, duration 14 secs
12:49:05 INFO  Executed sudo&lt;tedge_connect_c8y_test&gt;, exit status 0
12:49:05 INFO  Executed systemctl&lt;serv_mosq2&gt;, exit status 0
12:49:06 INFO  Executed systemctl&lt;serv_mapper3&gt;, exit status 0
12:49:08 INFO  State of current operation: SUCCESSFUL
12:49:08 INFO  Assert that (False == value) with value=False ... passed
12:49:09 INFO  Package asciijump is installed
12:49:09 WARN  Assert that (False == value) with value=True ... failed 
12:49:09 INFO  Package squirrel3 is installed
12:49:09 WARN  Assert that (False == value) with value=True ... failed 
12:49:09 INFO  Package robotfindskitten is installed
12:49:09 WARN  Assert that (False == value) with value=True ... failed 
12:49:10 INFO  Response status: 201
12:49:10 INFO  Response to action: {
    "creationTime": "2022-05-11T12:49:10.012Z",
    "deviceName": "m32sd10d",
    "deviceId": "18764683",
    "self": "https://t493319102.eu-latest.cumulocity.com/devicecontrol/operations/18857155",
    "id": "18857155",
    "status": "PENDING",
    "description": "Apply software changes, triggered from PySys: [{'action': 'install', 'id': '5475369', 'name': 'asciijump', 'url': ' ', 'version': '::apt'}, {'action': 'install', 'id': '5474869', 'name': 'robotfindskitten', 'url': ' ', 'version': '::apt'}, {'action': 'install', 'id': '5475279', 'name': 'squirrel3', 'url': ' ', 'version': '::apt'}]",
    "c8y_SoftwareUpdate": [
        {
            "name": "asciijump",
            "action": "install",
            "id": "5475369",
            "version": "::apt",
            "url": " "
        },
        {
            "name": "robotfindskitten",
            "action": "install",
            "id": "5474869",
            "version": "::apt",
            "url": " "
        },
        {
            "name": "squirrel3",
            "action": "install",
            "id": "5475279",
            "version": "::apt",
            "url": " "
        }
    ]
}
12:49:10 INFO  Started operation: {'creationTime': '2022-05-11T12:49:10.012Z', 'deviceName': 'm32sd10d', 'deviceId': '18764683', 'self': 'https://t493319102.eu-latest.cumulocity.com/devicecontrol/operations/18857155', 'id': '18857155', 'status': 'PENDING', 'description': "Apply software changes, triggered from PySys: [{'action': 'install', 'id': '5475369', 'name': 'asciijump', 'url': ' ', 'version': '::apt'}, {'action': 'install', 'id': '5474869', 'name': 'robotfindskitten', 'url': ' ', 'version': '::apt'}, {'action': 'install', 'id': '5475279', 'name': 'squirrel3', 'url': ' ', 'version': '::apt'}]", 'c8y_SoftwareUpdate': [{'name': 'asciijump', 'action': 'install', 'id': '5475369', 'version': '::apt', 'url': ' '}, {'name': 'robotfindskitten', 'action': 'install', 'id': '5474869', 'version': '::apt', 'url': ' '}, {'name': 'squirrel3', 'action': 'install', 'id': '5475279', 'version': '::apt', 'url': ' '}]}
12:49:12 INFO  State of operation 18857155 : PENDING
12:49:14 INFO  State of operation 18857155 : EXECUTING
12:49:16 INFO  State of operation 18857155 : EXECUTING
12:49:18 INFO  State of operation 18857155 : EXECUTING
12:49:21 INFO  State of operation 18857155 : EXECUTING
12:49:23 INFO  State of operation 18857155 : EXECUTING
12:49:26 INFO  State of operation 18857155 : EXECUTING
12:49:28 INFO  State of operation 18857155 : EXECUTING
12:49:31 INFO  State of operation 18857155 : EXECUTING
12:49:33 INFO  State of operation 18857155 : EXECUTING
12:49:36 INFO  State of operation 18857155 : EXECUTING
12:49:38 INFO  State of operation 18857155 : EXECUTING
12:49:40 INFO  State of operation 18857155 : EXECUTING
12:49:42 INFO  State of operation 18857155 : EXECUTING
12:49:45 INFO  State of operation 18857155 : EXECUTING
12:49:47 INFO  State of operation 18857155 : SUCCESSFUL
12:49:47 INFO  Assert that (False == value) with value=False ... passed
12:49:47 INFO  Package asciijump is installed
12:49:47 INFO  Assert that (True == value) with value=True ... passed
12:49:47 INFO  Package squirrel3 is installed
12:49:47 INFO  Assert that (True == value) with value=True ... passed
12:49:48 INFO  Package robotfindskitten is installed
12:49:48 INFO  Assert that (True == value) with value=True ... passed
12:49:48 INFO  Response status: 201
12:49:48 INFO  Response to action: {
    "creationTime": "2022-05-11T12:49:48.357Z",
    "deviceName": "m32sd10d",
    "deviceId": "18764683",
    "self": "https://t493319102.eu-latest.cumulocity.com/devicecontrol/operations/18857171",
    "id": "18857171",
    "status": "PENDING",
    "description": "Apply software changes, triggered from PySys: [{'action': 'delete', 'id': '5475369', 'name': 'asciijump', 'url': ' ', 'version': '::apt'}, {'action': 'delete', 'id': '5474869', 'name': 'robotfindskitten', 'url': ' ', 'version': '::apt'}, {'action': 'delete', 'id': '5475279', 'name': 'squirrel3', 'url': ' ', 'version': '::apt'}]",
    "c8y_SoftwareUpdate": [
        {
            "name": "asciijump",
            "action": "delete",
            "id": "5475369",
            "version": "::apt",
            "url": " "
        },
        {
            "name": "robotfindskitten",
            "action": "delete",
            "id": "5474869",
            "version": "::apt",
            "url": " "
        },
        {
            "name": "squirrel3",
            "action": "delete",
            "id": "5475279",
            "version": "::apt",
            "url": " "
        }
    ]
}
12:49:48 INFO  Started operation: {'creationTime': '2022-05-11T12:49:48.357Z', 'deviceName': 'm32sd10d', 'deviceId': '18764683', 'self': 'https://t493319102.eu-latest.cumulocity.com/devicecontrol/operations/18857171', 'id': '18857171', 'status': 'PENDING', 'description': "Apply software changes, triggered from PySys: [{'action': 'delete', 'id': '5475369', 'name': 'asciijump', 'url': ' ', 'version': '::apt'}, {'action': 'delete', 'id': '5474869', 'name': 'robotfindskitten', 'url': ' ', 'version': '::apt'}, {'action': 'delete', 'id': '5475279', 'name': 'squirrel3', 'url': ' ', 'version': '::apt'}]", 'c8y_SoftwareUpdate': [{'name': 'asciijump', 'action': 'delete', 'id': '5475369', 'version': '::apt', 'url': ' '}, {'name': 'robotfindskitten', 'action': 'delete', 'id': '5474869', 'version': '::apt', 'url': ' '}, {'name': 'squirrel3', 'action': 'delete', 'id': '5475279', 'version': '::apt', 'url': ' '}]}
12:49:50 INFO  State of operation 18857171 : PENDING
12:49:52 INFO  State of operation 18857171 : EXECUTING
12:49:55 INFO  State of operation 18857171 : EXECUTING
12:49:57 INFO  State of operation 18857171 : EXECUTING
12:49:59 INFO  State of operation 18857171 : EXECUTING
12:50:01 INFO  State of operation 18857171 : EXECUTING
12:50:04 INFO  State of operation 18857171 : EXECUTING
12:50:07 INFO  State of operation 18857171 : EXECUTING
12:50:09 INFO  State of operation 18857171 : EXECUTING
12:50:12 INFO  State of operation 18857171 : EXECUTING
12:50:14 INFO  State of operation 18857171 : EXECUTING
12:50:16 INFO  State of operation 18857171 : EXECUTING
12:50:18 INFO  State of operation 18857171 : EXECUTING
12:50:21 INFO  State of operation 18857171 : EXECUTING
12:50:23 INFO  State of operation 18857171 : EXECUTING
12:50:25 INFO  State of operation 18857171 : EXECUTING
12:50:27 INFO  State of operation 18857171 : EXECUTING
12:50:30 INFO  State of operation 18857171 : EXECUTING
12:50:33 INFO  State of operation 18857171 : EXECUTING
12:50:35 INFO  State of operation 18857171 : EXECUTING
12:50:37 INFO  State of operation 18857171 : EXECUTING
12:50:40 INFO  State of operation 18857171 : EXECUTING
12:50:42 INFO  State of operation 18857171 : EXECUTING
12:50:44 INFO  State of operation 18857171 : EXECUTING
12:50:46 INFO  State of operation 18857171 : EXECUTING
12:50:49 INFO  State of operation 18857171 : EXECUTING
12:50:51 INFO  State of operation 18857171 : EXECUTING
12:50:54 INFO  State of operation 18857171 : EXECUTING
12:50:56 INFO  State of operation 18857171 : SUCCESSFUL
12:50:56 INFO  Assert that (False == value) with value=False ... passed
12:50:56 INFO  Assert that (False == value) with value=False ... passed
12:50:56 INFO  Assert that (False == value) with value=False ... passed
12:50:57 INFO  Assert that (False == value) with value=False ... passed
12:50:57 INFO  
12:50:57 INFO  cleanup:
12:51:01 INFO  Executed sudo&lt;tedge_disconnect_c8y&gt;, exit status 0
12:51:02 INFO  Executed systemctl&lt;serv_mapper5&gt;, exit status 3
12:51:02 INFO  
12:51:02 INFO  Test duration: 138.46 secs
12:51:02 INFO  Test final outcome:  FAILED
12:51:02 INFO  Test outcome reason: Assert that (False == value) with value=True (+2 other failures)
12:51:02 INFO  
</system-out>
	</testcase>
</testsuite><testsuite name="SoftwareManagement.sm_apt_install_remove_multiple_mixed" tests="3" errors="0" failures="2" skipped="1" time="0"><testcase classname="PySysTest" name="SoftwareManagement.sm_apt_install_remove_multiple_mixed">
		<skipped message="SKIPPED: Testing the apt plugin is not supported on this platform.Use parameter -XmyPlatform='container' to enable it" />
		<system-out>11:50:34 INFO  ==============================================================
11:50:34 INFO  Id:    SoftwareManagement.sm_apt_install_remove_multiple_mixed
11:50:34 INFO  Dir:   software_management_end_to_end/
11:50:34 INFO  Title: Validate end to end behaviour for the apt plugin for multiple packages with mixed versions
11:50:34 INFO  ==============================================================
11:50:34 INFO  Testing the apt plugin is not supported on this platform.Use parameter -XmyPlatform='container' to enable it ... skipped
11:50:34 WARN  Aborted test due to SKIPPED outcome
11:50:34 INFO  
11:50:34 INFO  Test duration: 0.02 secs
11:50:34 INFO  Test final outcome:  SKIPPED
11:50:34 INFO  Test outcome reason: Testing the apt plugin is not supported on this platform.Use parameter -XmyPlatform='container' to enable it
11:50:34 INFO  
</system-out>
	</testcase>
<testcase classname="PySysTest" name="SoftwareManagement.sm_apt_install_remove_multiple_mixed">
		<failure message="BLOCKED: SystemError: Timeout while waiting for status SUCCESSFUL or False" type="BLOCKED" />
		<system-out>12:24:54 INFO  ==============================================================
12:24:54 INFO  Id:    SoftwareManagement.sm_apt_install_remove_multiple_mixed
12:24:54 INFO  Dir:   software_management_end_to_end/
12:24:54 INFO  Title: Validate end to end behaviour for the apt plugin for multiple packages with mixed versions
12:24:54 INFO  ==============================================================
12:24:54 INFO  Using sw id database: {'asciijump': '5475369', 'robotfindskitten': '5474869', 'squirrel3': '5475279', 'rolldice': '5152439', 'moon-buggy': '5439204', 'apple': '5495053', 'banana': '5494888', 'cherry': '5495382', 'watermelon': '5494510', 'registry': '8018911', 'hello-world': '8021526', 'docker/getting-started': '8021973', 'alpine': '7991792'}
12:24:54 INFO  EnvironmentC8y Setup
12:24:54 INFO  Executed systemctl&lt;serv_mapper1&gt;, exit status 3
12:24:54 INFO  Restarting mosquitto too frequently in the last 10 seconds. It was only up for 4 seconds
12:24:54 INFO  Delaying execution by 7 seconds
12:25:15 INFO  Executed sudo&lt;tedge_connect_c8y&gt;, exit status 0, duration 13 secs
12:25:16 INFO  Executed sudo&lt;tedge_connect_c8y_test&gt;, exit status 0
12:25:16 INFO  Executed systemctl&lt;serv_mosq2&gt;, exit status 0
12:25:17 INFO  Executed systemctl&lt;serv_mapper3&gt;, exit status 0
12:25:19 INFO  State of current operation: SUCCESSFUL
12:25:19 INFO  Assert that (False == value) with value=False ... passed
12:25:20 INFO  Assert that (False == value) with value=False ... passed
12:25:20 INFO  Assert that (False == value) with value=False ... passed
12:25:20 INFO  Assert that (False == value) with value=False ... passed
12:25:20 INFO  Assert that (False == value) with value=False ... passed
12:25:21 INFO  Response status: 201
12:25:21 INFO  Response to action: {
    "delivery": {
        "time": "2022-05-11T12:25:21.939Z",
        "log": [],
        "status": "PENDING"
    },
    "creationTime": "2022-05-11T12:25:21.927Z",
    "deviceName": "m32sd10d",
    "deviceId": "18764683",
    "self": "https://t493319102.eu-latest.cumulocity.com/devicecontrol/operations/18840715",
    "id": "18840715",
    "status": "PENDING",
    "description": "Apply software changes, triggered from PySys: [{'action': 'install', 'id': '5475369', 'name': 'asciijump', 'url': ' ', 'version': '::apt'}, {'action': 'install', 'id': '5474869', 'name': 'robotfindskitten', 'url': ' ', 'version': ' '}, {'action': 'install', 'id': '5475279', 'name': 'squirrel3', 'url': ' ', 'version': '3.1-7::apt'}, {'action': 'install', 'id': '5152439', 'name': 'rolldice', 'url': ' ', 'version': '1.16-1+b1'}, {'action': 'install', 'id': '5439204', 'name': 'moon-buggy', 'url': ' ', 'version': '1:1.0.51-12'}, {'action': 'install', 'id': '5475369', 'name': 'asciijump', 'url': ' ', 'version': '::apt'}]",
    "c8y_SoftwareUpdate": [
        {
            "name": "asciijump",
            "action": "install",
            "id": "5475369",
            "version": "::apt",
            "url": " "
        },
        {
            "name": "robotfindskitten",
            "action": "install",
            "id": "5474869",
            "version": " ",
            "url": " "
        },
        {
            "name": "squirrel3",
            "action": "install",
            "id": "5475279",
            "version": "3.1-7::apt",
            "url": " "
        },
        {
            "name": "rolldice",
            "action": "install",
            "id": "5152439",
            "version": "1.16-1+b1",
            "url": " "
        },
        {
            "name": "moon-buggy",
            "action": "install",
            "id": "5439204",
            "version": "1:1.0.51-12",
            "url": " "
        },
        {
            "name": "asciijump",
            "action": "install",
            "id": "5475369",
            "version": "::apt",
            "url": " "
        }
    ]
}
12:25:21 INFO  Started operation: {'delivery': {'time': '2022-05-11T12:25:21.939Z', 'log': [], 'status': 'PENDING'}, 'creationTime': '2022-05-11T12:25:21.927Z', 'deviceName': 'm32sd10d', 'deviceId': '18764683', 'self': 'https://t493319102.eu-latest.cumulocity.com/devicecontrol/operations/18840715', 'id': '18840715', 'status': 'PENDING', 'description': "Apply software changes, triggered from PySys: [{'action': 'install', 'id': '5475369', 'name': 'asciijump', 'url': ' ', 'version': '::apt'}, {'action': 'install', 'id': '5474869', 'name': 'robotfindskitten', 'url': ' ', 'version': ' '}, {'action': 'install', 'id': '5475279', 'name': 'squirrel3', 'url': ' ', 'version': '3.1-7::apt'}, {'action': 'install', 'id': '5152439', 'name': 'rolldice', 'url': ' ', 'version': '1.16-1+b1'}, {'action': 'install', 'id': '5439204', 'name': 'moon-buggy', 'url': ' ', 'version': '1:1.0.51-12'}, {'action': 'install', 'id': '5475369', 'name': 'asciijump', 'url': ' ', 'version': '::apt'}]", 'c8y_SoftwareUpdate': [{'name': 'asciijump', 'action': 'install', 'id': '5475369', 'version': '::apt', 'url': ' '}, {'name': 'robotfindskitten', 'action': 'install', 'id': '5474869', 'version': ' ', 'url': ' '}, {'name': 'squirrel3', 'action': 'install', 'id': '5475279', 'version': '3.1-7::apt', 'url': ' '}, {'name': 'rolldice', 'action': 'install', 'id': '5152439', 'version': '1.16-1+b1', 'url': ' '}, {'name': 'moon-buggy', 'action': 'install', 'id': '5439204', 'version': '1:1.0.51-12', 'url': ' '}, {'name': 'asciijump', 'action': 'install', 'id': '5475369', 'version': '::apt', 'url': ' '}]}
12:25:24 INFO  State of operation 18840715 : PENDING
12:25:26 INFO  State of operation 18840715 : EXECUTING
12:25:28 INFO  State of operation 18840715 : EXECUTING
12:25:30 INFO  State of operation 18840715 : EXECUTING
12:25:33 INFO  State of operation 18840715 : EXECUTING
12:25:35 INFO  State of operation 18840715 : EXECUTING
12:25:37 INFO  State of operation 18840715 : EXECUTING
12:25:41 INFO  State of operation 18840715 : EXECUTING
12:25:43 INFO  State of operation 18840715 : EXECUTING
12:25:45 INFO  State of operation 18840715 : EXECUTING
12:25:47 INFO  State of operation 18840715 : EXECUTING
12:25:50 INFO  State of operation 18840715 : EXECUTING
12:25:52 INFO  State of operation 18840715 : EXECUTING
12:25:54 INFO  State of operation 18840715 : EXECUTING
12:25:56 INFO  State of operation 18840715 : EXECUTING
12:25:59 INFO  State of operation 18840715 : EXECUTING
12:26:01 INFO  State of operation 18840715 : EXECUTING
12:26:04 INFO  State of operation 18840715 : EXECUTING
12:26:06 INFO  State of operation 18840715 : EXECUTING
12:26:08 INFO  State of operation 18840715 : EXECUTING
12:26:11 INFO  State of operation 18840715 : EXECUTING
12:26:13 INFO  State of operation 18840715 : EXECUTING
12:26:16 INFO  State of operation 18840715 : EXECUTING
12:26:18 INFO  State of operation 18840715 : EXECUTING
12:26:21 INFO  State of operation 18840715 : EXECUTING
12:26:23 INFO  State of operation 18840715 : EXECUTING
12:26:26 INFO  State of operation 18840715 : EXECUTING
12:26:28 INFO  State of operation 18840715 : EXECUTING
12:26:30 INFO  State of operation 18840715 : EXECUTING
12:26:33 INFO  State of operation 18840715 : EXECUTING
12:26:35 INFO  State of operation 18840715 : EXECUTING
12:26:37 INFO  State of operation 18840715 : EXECUTING
12:26:40 INFO  State of operation 18840715 : EXECUTING
12:26:42 INFO  State of operation 18840715 : EXECUTING
12:26:44 INFO  State of operation 18840715 : EXECUTING
12:26:46 INFO  State of operation 18840715 : EXECUTING
12:26:49 INFO  State of operation 18840715 : EXECUTING
12:26:52 INFO  State of operation 18840715 : EXECUTING
12:26:54 INFO  State of operation 18840715 : EXECUTING
12:26:57 INFO  State of operation 18840715 : EXECUTING
12:26:59 INFO  State of operation 18840715 : EXECUTING
12:27:01 INFO  State of operation 18840715 : EXECUTING
12:27:03 INFO  State of operation 18840715 : EXECUTING
12:27:06 INFO  State of operation 18840715 : EXECUTING
12:27:08 INFO  State of operation 18840715 : EXECUTING
12:27:10 INFO  State of operation 18840715 : EXECUTING
12:27:12 INFO  State of operation 18840715 : EXECUTING
12:27:15 INFO  State of operation 18840715 : EXECUTING
12:27:17 INFO  State of operation 18840715 : EXECUTING
12:27:20 INFO  State of operation 18840715 : EXECUTING
12:27:22 INFO  State of operation 18840715 : EXECUTING
12:27:24 INFO  State of operation 18840715 : EXECUTING
12:27:27 INFO  State of operation 18840715 : EXECUTING
12:27:29 INFO  State of operation 18840715 : EXECUTING
12:27:31 INFO  State of operation 18840715 : EXECUTING
12:27:34 INFO  State of operation 18840715 : EXECUTING
12:27:36 INFO  State of operation 18840715 : EXECUTING
12:27:39 INFO  State of operation 18840715 : EXECUTING
12:27:41 INFO  State of operation 18840715 : EXECUTING
12:27:44 INFO  State of operation 18840715 : EXECUTING
12:27:46 INFO  State of operation 18840715 : EXECUTING
12:27:48 WARN  SystemError occurred while running test - Timeout while waiting for status SUCCESSFUL or False
Traceback (most recent call last):
  File "/home/pi/env-pysys/lib/python3.7/site-packages/pysys/baserunner.py", line 1294, in __call__
    self.testObj.execute()
  File "/home/pi/actions-runner/_work/thin-edge.io/thin-edge.io/tests/PySys/software_management_end_to_end/sm_apt_install_remove_multiple_mixed/run.py", line 89, in execute
    self.wait_until_succcess()
  File "/home/pi/actions-runner/_work/thin-edge.io/thin-edge.io/tests/PySys/software_management_end_to_end/environment_sm_management.py", line 324, in wait_until_succcess
    self.wait_until_status("SUCCESSFUL")
  File "/home/pi/actions-runner/_work/thin-edge.io/thin-edge.io/tests/PySys/software_management_end_to_end/environment_sm_management.py", line 381, in wait_until_status
    "Timeout while waiting for status %s or %s" % (status, status2)
SystemError: Timeout while waiting for status SUCCESSFUL or False
12:27:48 WARN  SystemError: Timeout while waiting for status SUCCESSFUL or False ... blocked 
12:27:48 INFO  
12:27:48 INFO  cleanup:
12:27:53 INFO  Executed sudo&lt;tedge_disconnect_c8y&gt;, exit status 0
12:27:54 INFO  Executed systemctl&lt;serv_mapper5&gt;, exit status 3
12:27:54 INFO  
12:27:54 INFO  Test duration: 180.01 secs
12:27:54 INFO  Test final outcome:  BLOCKED
12:27:54 INFO  Test outcome reason: SystemError: Timeout while waiting for status SUCCESSFUL or False
12:27:54 INFO  
</system-out>
	</testcase>
<testcase classname="PySysTest" name="SoftwareManagement.sm_apt_install_remove_multiple_mixed">
		<failure message="BLOCKED: SystemError: Timeout while waiting for status SUCCESSFUL or False (+1 other failures)" type="BLOCKED" />
		<system-out>12:51:02 INFO  ==============================================================
12:51:02 INFO  Id:    SoftwareManagement.sm_apt_install_remove_multiple_mixed
12:51:02 INFO  Dir:   software_management_end_to_end/
12:51:02 INFO  Title: Validate end to end behaviour for the apt plugin for multiple packages with mixed versions
12:51:02 INFO  ==============================================================
12:51:02 INFO  Using sw id database: {'asciijump': '5475369', 'robotfindskitten': '5474869', 'squirrel3': '5475279', 'rolldice': '5152439', 'moon-buggy': '5439204', 'apple': '5495053', 'banana': '5494888', 'cherry': '5495382', 'watermelon': '5494510', 'registry': '8018911', 'hello-world': '8021526', 'docker/getting-started': '8021973', 'alpine': '7991792'}
12:51:02 INFO  EnvironmentC8y Setup
12:51:03 INFO  Executed systemctl&lt;serv_mapper1&gt;, exit status 3
12:51:03 INFO  Restarting mosquitto too frequently in the last 10 seconds. It was only up for 5 seconds
12:51:03 INFO  Delaying execution by 6 seconds
12:51:23 INFO  Executed sudo&lt;tedge_connect_c8y&gt;, exit status 0, duration 14 secs
12:51:23 INFO  Executed sudo&lt;tedge_connect_c8y_test&gt;, exit status 0
12:51:24 INFO  Executed systemctl&lt;serv_mosq2&gt;, exit status 0
12:51:24 INFO  Executed systemctl&lt;serv_mapper3&gt;, exit status 0
12:51:27 INFO  State of current operation: SUCCESSFUL
12:51:27 INFO  Assert that (False == value) with value=False ... passed
12:51:27 INFO  Assert that (False == value) with value=False ... passed
12:51:27 INFO  Assert that (False == value) with value=False ... passed
12:51:27 INFO  Assert that (False == value) with value=False ... passed
12:51:28 INFO  Package moon-buggy is installed
12:51:28 WARN  Assert that (False == value) with value=True ... failed 
12:51:29 INFO  Response status: 201
12:51:29 INFO  Response to action: {
    "creationTime": "2022-05-11T12:51:29.438Z",
    "deviceName": "m32sd10d",
    "deviceId": "18764683",
    "self": "https://t493319102.eu-latest.cumulocity.com/devicecontrol/operations/18857199",
    "id": "18857199",
    "status": "PENDING",
    "description": "Apply software changes, triggered from PySys: [{'action': 'install', 'id': '5475369', 'name': 'asciijump', 'url': ' ', 'version': '::apt'}, {'action': 'install', 'id': '5474869', 'name': 'robotfindskitten', 'url': ' ', 'version': ' '}, {'action': 'install', 'id': '5475279', 'name': 'squirrel3', 'url': ' ', 'version': '3.1-7::apt'}, {'action': 'install', 'id': '5152439', 'name': 'rolldice', 'url': ' ', 'version': '1.16-1+b1'}, {'action': 'install', 'id': '5439204', 'name': 'moon-buggy', 'url': ' ', 'version': '1:1.0.51-12'}, {'action': 'install', 'id': '5475369', 'name': 'asciijump', 'url': ' ', 'version': '::apt'}]",
    "c8y_SoftwareUpdate": [
        {
            "name": "asciijump",
            "action": "install",
            "id": "5475369",
            "version": "::apt",
            "url": " "
        },
        {
            "name": "robotfindskitten",
            "action": "install",
            "id": "5474869",
            "version": " ",
            "url": " "
        },
        {
            "name": "squirrel3",
            "action": "install",
            "id": "5475279",
            "version": "3.1-7::apt",
            "url": " "
        },
        {
            "name": "rolldice",
            "action": "install",
            "id": "5152439",
            "version": "1.16-1+b1",
            "url": " "
        },
        {
            "name": "moon-buggy",
            "action": "install",
            "id": "5439204",
            "version": "1:1.0.51-12",
            "url": " "
        },
        {
            "name": "asciijump",
            "action": "install",
            "id": "5475369",
            "version": "::apt",
            "url": " "
        }
    ]
}
12:51:29 INFO  Started operation: {'creationTime': '2022-05-11T12:51:29.438Z', 'deviceName': 'm32sd10d', 'deviceId': '18764683', 'self': 'https://t493319102.eu-latest.cumulocity.com/devicecontrol/operations/18857199', 'id': '18857199', 'status': 'PENDING', 'description': "Apply software changes, triggered from PySys: [{'action': 'install', 'id': '5475369', 'name': 'asciijump', 'url': ' ', 'version': '::apt'}, {'action': 'install', 'id': '5474869', 'name': 'robotfindskitten', 'url': ' ', 'version': ' '}, {'action': 'install', 'id': '5475279', 'name': 'squirrel3', 'url': ' ', 'version': '3.1-7::apt'}, {'action': 'install', 'id': '5152439', 'name': 'rolldice', 'url': ' ', 'version': '1.16-1+b1'}, {'action': 'install', 'id': '5439204', 'name': 'moon-buggy', 'url': ' ', 'version': '1:1.0.51-12'}, {'action': 'install', 'id': '5475369', 'name': 'asciijump', 'url': ' ', 'version': '::apt'}]", 'c8y_SoftwareUpdate': [{'name': 'asciijump', 'action': 'install', 'id': '5475369', 'version': '::apt', 'url': ' '}, {'name': 'robotfindskitten', 'action': 'install', 'id': '5474869', 'version': ' ', 'url': ' '}, {'name': 'squirrel3', 'action': 'install', 'id': '5475279', 'version': '3.1-7::apt', 'url': ' '}, {'name': 'rolldice', 'action': 'install', 'id': '5152439', 'version': '1.16-1+b1', 'url': ' '}, {'name': 'moon-buggy', 'action': 'install', 'id': '5439204', 'version': '1:1.0.51-12', 'url': ' '}, {'name': 'asciijump', 'action': 'install', 'id': '5475369', 'version': '::apt', 'url': ' '}]}
12:51:31 INFO  State of operation 18857199 : PENDING
12:51:33 INFO  State of operation 18857199 : EXECUTING
12:51:36 INFO  State of operation 18857199 : EXECUTING
12:51:38 INFO  State of operation 18857199 : EXECUTING
12:51:40 INFO  State of operation 18857199 : EXECUTING
12:51:42 INFO  State of operation 18857199 : EXECUTING
12:51:45 INFO  State of operation 18857199 : EXECUTING
12:51:48 INFO  State of operation 18857199 : EXECUTING
12:51:50 INFO  State of operation 18857199 : EXECUTING
12:51:53 INFO  State of operation 18857199 : EXECUTING
12:51:55 INFO  State of operation 18857199 : EXECUTING
12:51:57 INFO  State of operation 18857199 : EXECUTING
12:51:59 INFO  State of operation 18857199 : EXECUTING
12:52:01 INFO  State of operation 18857199 : EXECUTING
12:52:04 INFO  State of operation 18857199 : EXECUTING
12:52:06 INFO  State of operation 18857199 : EXECUTING
12:52:08 INFO  State of operation 18857199 : EXECUTING
12:52:11 INFO  State of operation 18857199 : EXECUTING
12:52:13 INFO  State of operation 18857199 : EXECUTING
12:52:16 INFO  State of operation 18857199 : EXECUTING
12:52:18 INFO  State of operation 18857199 : EXECUTING
12:52:21 INFO  State of operation 18857199 : EXECUTING
12:52:23 INFO  State of operation 18857199 : EXECUTING
12:52:25 INFO  State of operation 18857199 : EXECUTING
12:52:27 INFO  State of operation 18857199 : EXECUTING
12:52:30 INFO  State of operation 18857199 : EXECUTING
12:52:32 INFO  State of operation 18857199 : EXECUTING
12:52:35 INFO  State of operation 18857199 : EXECUTING
12:52:37 INFO  State of operation 18857199 : EXECUTING
12:52:39 INFO  State of operation 18857199 : EXECUTING
12:52:42 INFO  State of operation 18857199 : EXECUTING
12:52:44 INFO  State of operation 18857199 : EXECUTING
12:52:46 INFO  State of operation 18857199 : EXECUTING
12:52:48 INFO  State of operation 18857199 : EXECUTING
12:52:51 INFO  State of operation 18857199 : EXECUTING
12:52:53 INFO  State of operation 18857199 : EXECUTING
12:52:55 INFO  State of operation 18857199 : EXECUTING
12:52:57 INFO  State of operation 18857199 : EXECUTING
12:53:00 INFO  State of operation 18857199 : EXECUTING
12:53:03 INFO  State of operation 18857199 : EXECUTING
12:53:05 INFO  State of operation 18857199 : EXECUTING
12:53:07 INFO  State of operation 18857199 : EXECUTING
12:53:09 INFO  State of operation 18857199 : EXECUTING
12:53:12 INFO  State of operation 18857199 : EXECUTING
12:53:14 INFO  State of operation 18857199 : EXECUTING
12:53:16 INFO  State of operation 18857199 : EXECUTING
12:53:18 INFO  State of operation 18857199 : EXECUTING
12:53:21 INFO  State of operation 18857199 : EXECUTING
12:53:23 INFO  State of operation 18857199 : EXECUTING
12:53:26 INFO  State of operation 18857199 : EXECUTING
12:53:28 INFO  State of operation 18857199 : EXECUTING
12:53:30 INFO  State of operation 18857199 : EXECUTING
12:53:33 INFO  State of operation 18857199 : EXECUTING
12:53:35 INFO  State of operation 18857199 : EXECUTING
12:53:37 INFO  State of operation 18857199 : EXECUTING
12:53:40 INFO  State of operation 18857199 : EXECUTING
12:53:42 INFO  State of operation 18857199 : EXECUTING
12:53:45 INFO  State of operation 18857199 : EXECUTING
12:53:47 INFO  State of operation 18857199 : EXECUTING
12:53:49 INFO  State of operation 18857199 : EXECUTING
12:53:51 INFO  State of operation 18857199 : EXECUTING
12:53:53 WARN  SystemError occurred while running test - Timeout while waiting for status SUCCESSFUL or False
Traceback (most recent call last):
  File "/home/pi/env-pysys/lib/python3.7/site-packages/pysys/baserunner.py", line 1294, in __call__
    self.testObj.execute()
  File "/home/pi/actions-runner/_work/thin-edge.io/thin-edge.io/tests/PySys/software_management_end_to_end/sm_apt_install_remove_multiple_mixed/run.py", line 89, in execute
    self.wait_until_succcess()
  File "/home/pi/actions-runner/_work/thin-edge.io/thin-edge.io/tests/PySys/software_management_end_to_end/environment_sm_management.py", line 324, in wait_until_succcess
    self.wait_until_status("SUCCESSFUL")
  File "/home/pi/actions-runner/_work/thin-edge.io/thin-edge.io/tests/PySys/software_management_end_to_end/environment_sm_management.py", line 381, in wait_until_status
    "Timeout while waiting for status %s or %s" % (status, status2)
SystemError: Timeout while waiting for status SUCCESSFUL or False
12:53:54 WARN  SystemError: Timeout while waiting for status SUCCESSFUL or False ... blocked 
12:53:54 INFO  
12:53:54 INFO  cleanup:
12:53:58 INFO  Executed sudo&lt;tedge_disconnect_c8y&gt;, exit status 0
12:53:59 INFO  Executed systemctl&lt;serv_mapper5&gt;, exit status 3
12:53:59 INFO  
12:53:59 INFO  Test duration: 176.98 secs
12:53:59 INFO  Test final outcome:  BLOCKED
12:53:59 INFO  Test outcome reason: SystemError: Timeout while waiting for status SUCCESSFUL or False (+1 other failures)
12:53:59 INFO  
</system-out>
	</testcase>
</testsuite><testsuite name="SoftwareManagement.sm_apt_install_remove_with_version" tests="3" errors="0" failures="0" skipped="1" time="0"><testcase classname="PySysTest" name="SoftwareManagement.sm_apt_install_remove_with_version">
		<skipped message="SKIPPED: Testing the apt plugin is not supported on this platform.Use parameter -XmyPlatform='container' to enable it" />
		<system-out>11:50:34 INFO  ==============================================================
11:50:34 INFO  Id:    SoftwareManagement.sm_apt_install_remove_with_version
11:50:34 INFO  Dir:   software_management_end_to_end/
11:50:34 INFO  Title: Validate end to end behaviour for the apt plugin for packages with version
11:50:34 INFO  ==============================================================
11:50:34 INFO  Testing the apt plugin is not supported on this platform.Use parameter -XmyPlatform='container' to enable it ... skipped
11:50:34 WARN  Aborted test due to SKIPPED outcome
11:50:34 INFO  
11:50:34 INFO  Test duration: 0.02 secs
11:50:34 INFO  Test final outcome:  SKIPPED
11:50:34 INFO  Test outcome reason: Testing the apt plugin is not supported on this platform.Use parameter -XmyPlatform='container' to enable it
11:50:34 INFO  
</system-out>
	</testcase>
<testcase classname="PySysTest" name="SoftwareManagement.sm_apt_install_remove_with_version" />
<testcase classname="PySysTest" name="SoftwareManagement.sm_apt_install_remove_with_version" />
</testsuite><testsuite name="SoftwareManagement.sm_docker_install_remove_multiple" tests="3" errors="0" failures="1" skipped="1" time="0"><testcase classname="SMDockerInstallRemove" name="SoftwareManagement.sm_docker_install_remove_multiple">
		<skipped message="SKIPPED: Testing the apt plugin is not supported on this platform.Use parameter -XmyPlatform='container' to enable it" />
		<system-out>11:50:34 INFO  ==============================================================
11:50:34 INFO  Id:    SoftwareManagement.sm_docker_install_remove_multiple
11:50:34 INFO  Dir:   software_management_end_to_end/
11:50:34 INFO  Title: Validate end to end behaviour for the docker plugin for multiple docker images with mixed versions
11:50:34 INFO  ==============================================================
11:50:34 INFO  Testing the apt plugin is not supported on this platform.Use parameter -XmyPlatform='container' to enable it ... skipped
11:50:34 WARN  Aborted test due to SKIPPED outcome
11:50:34 INFO  
11:50:34 INFO  Test duration: 0.02 secs
11:50:34 INFO  Test final outcome:  SKIPPED
11:50:34 INFO  Test outcome reason: Testing the apt plugin is not supported on this platform.Use parameter -XmyPlatform='container' to enable it
11:50:34 INFO  
</system-out>
	</testcase>
<testcase classname="SMDockerInstallRemove" name="SoftwareManagement.sm_docker_install_remove_multiple" />
<testcase classname="SMDockerInstallRemove" name="SoftwareManagement.sm_docker_install_remove_multiple">
		<failure message="BLOCKED: SystemError: The operation has failed" type="BLOCKED" />
		<system-out>12:56:37 INFO  ==============================================================
12:56:37 INFO  Id:    SoftwareManagement.sm_docker_install_remove_multiple
12:56:37 INFO  Dir:   software_management_end_to_end/
12:56:37 INFO  Title: Validate end to end behaviour for the docker plugin for multiple docker images with mixed versions
12:56:37 INFO  ==============================================================
12:56:37 INFO  Using sw id database: {'asciijump': '5475369', 'robotfindskitten': '5474869', 'squirrel3': '5475279', 'rolldice': '5152439', 'moon-buggy': '5439204', 'apple': '5495053', 'banana': '5494888', 'cherry': '5495382', 'watermelon': '5494510', 'registry': '8018911', 'hello-world': '8021526', 'docker/getting-started': '8021973', 'alpine': '7991792'}
12:56:37 INFO  EnvironmentC8y Setup
12:56:37 INFO  Executed systemctl&lt;serv_mapper1&gt;, exit status 3
12:56:37 INFO  Restarting mosquitto too frequently in the last 10 seconds. It was only up for 5 seconds
12:56:37 INFO  Delaying execution by 6 seconds
12:56:57 INFO  Executed sudo&lt;tedge_connect_c8y&gt;, exit status 0, duration 13 secs
12:56:58 INFO  Executed sudo&lt;tedge_connect_c8y_test&gt;, exit status 0
12:56:58 INFO  Executed systemctl&lt;serv_mosq2&gt;, exit status 0
12:56:59 INFO  Executed systemctl&lt;serv_mapper3&gt;, exit status 0
12:57:01 INFO  State of current operation: SUCCESSFUL
12:57:01 INFO  Response status: 201
12:57:01 INFO  Response to action: {
    "delivery": {
        "time": "2022-05-11T12:57:01.627Z",
        "log": [],
        "status": "PENDING"
    },
    "creationTime": "2022-05-11T12:57:01.614Z",
    "deviceName": "m32sd10d",
    "deviceId": "18764683",
    "self": "https://t493319102.eu-latest.cumulocity.com/devicecontrol/operations/18857818",
    "id": "18857818",
    "status": "PENDING",
    "description": "Apply software changes, triggered from PySys: [{'action': 'install', 'id': '8021526', 'name': 'hello-world', 'url': '', 'version': '::docker'}, {'action': 'install', 'id': '8018911', 'name': 'registry', 'url': '', 'version': '2.6.2::docker'}]",
    "c8y_SoftwareUpdate": [
        {
            "name": "hello-world",
            "action": "install",
            "id": "8021526",
            "version": "::docker",
            "url": ""
        },
        {
            "name": "registry",
            "action": "install",
            "id": "8018911",
            "version": "2.6.2::docker",
            "url": ""
        }
    ]
}
12:57:01 INFO  Started operation: {'delivery': {'time': '2022-05-11T12:57:01.627Z', 'log': [], 'status': 'PENDING'}, 'creationTime': '2022-05-11T12:57:01.614Z', 'deviceName': 'm32sd10d', 'deviceId': '18764683', 'self': 'https://t493319102.eu-latest.cumulocity.com/devicecontrol/operations/18857818', 'id': '18857818', 'status': 'PENDING', 'description': "Apply software changes, triggered from PySys: [{'action': 'install', 'id': '8021526', 'name': 'hello-world', 'url': '', 'version': '::docker'}, {'action': 'install', 'id': '8018911', 'name': 'registry', 'url': '', 'version': '2.6.2::docker'}]", 'c8y_SoftwareUpdate': [{'name': 'hello-world', 'action': 'install', 'id': '8021526', 'version': '::docker', 'url': ''}, {'name': 'registry', 'action': 'install', 'id': '8018911', 'version': '2.6.2::docker', 'url': ''}]}
12:57:03 INFO  State of operation 18857818 : PENDING
12:57:06 INFO  State of operation 18857818 : EXECUTING
12:57:08 INFO  State of operation 18857818 : EXECUTING
12:57:10 INFO  State of operation 18857818 : EXECUTING
12:57:12 INFO  State of operation 18857818 : FAILED
12:57:12 ERROR Stopping as the operation has failed
12:57:12 WARN  SystemError occurred while running test - The operation has failed
Traceback (most recent call last):
  File "/home/pi/env-pysys/lib/python3.7/site-packages/pysys/baserunner.py", line 1292, in __call__
    self.testObj.setup()
  File "/home/pi/actions-runner/_work/thin-edge.io/thin-edge.io/tests/PySys/software_management_end_to_end/sm_docker_install_remove_multiple/run.py", line 55, in setup
    self.wait_until_succcess()
  File "/home/pi/actions-runner/_work/thin-edge.io/thin-edge.io/tests/PySys/software_management_end_to_end/environment_sm_management.py", line 324, in wait_until_succcess
    self.wait_until_status("SUCCESSFUL")
  File "/home/pi/actions-runner/_work/thin-edge.io/thin-edge.io/tests/PySys/software_management_end_to_end/environment_sm_management.py", line 361, in wait_until_status
    raise SystemError("The operation has failed")
SystemError: The operation has failed
12:57:12 WARN  SystemError: The operation has failed ... blocked 
12:57:12 INFO  
12:57:12 INFO  cleanup:
12:57:16 INFO  Executed sudo&lt;tedge_disconnect_c8y&gt;, exit status 0
12:57:17 INFO  Executed systemctl&lt;serv_mapper5&gt;, exit status 3
12:57:17 INFO  
12:57:17 INFO  Test duration: 40.25 secs
12:57:17 INFO  Test final outcome:  BLOCKED
12:57:17 INFO  Test outcome reason: SystemError: The operation has failed
12:57:17 INFO  
</system-out>
	</testcase>
</testsuite><testsuite name="SoftwareManagement.sm_fake_install_remove" tests="2" errors="0" failures="0" skipped="1" time="0"><testcase classname="PySysTest" name="SoftwareManagement.sm_fake_install_remove">
		<skipped message="SKIPPED: Testing the fake plugin is not enabled.Use parameter -Xfakeplugin=fakeplugin to enable it" />
		<system-out>11:50:34 INFO  ==============================================================
11:50:34 INFO  Id:    SoftwareManagement.sm_fake_install_remove
11:50:34 INFO  Dir:   software_management_end_to_end/
11:50:34 INFO  Title: Validate end to end behaviour for the dummy plugin for installation and removal of packages
11:50:34 INFO  ==============================================================
11:50:34 INFO  Testing the fake plugin is not enabled.Use parameter -Xfakeplugin=fakeplugin to enable it ... skipped
11:50:34 WARN  Aborted test due to SKIPPED outcome
11:50:34 INFO  
11:50:34 INFO  Test duration: 0.02 secs
11:50:34 INFO  Test final outcome:  SKIPPED
11:50:34 INFO  Test outcome reason: Testing the fake plugin is not enabled.Use parameter -Xfakeplugin=fakeplugin to enable it
11:50:34 INFO  
</system-out>
	</testcase>
<testcase classname="PySysTest" name="SoftwareManagement.sm_fake_install_remove" />
</testsuite><testsuite name="SoftwareManagement.sm_fake_install_remove_multiple" tests="2" errors="0" failures="0" skipped="1" time="0"><testcase classname="PySysTest" name="SoftwareManagement.sm_fake_install_remove_multiple">
		<skipped message="SKIPPED: Testing the fake plugin is not enabled.Use parameter -Xfakeplugin=fakeplugin to enable it" />
		<system-out>11:50:34 INFO  ==============================================================
11:50:34 INFO  Id:    SoftwareManagement.sm_fake_install_remove_multiple
11:50:34 INFO  Dir:   software_management_end_to_end/
11:50:34 INFO  Title: Validate end to end behaviour for the dummy-plugin for multiple packages
11:50:34 INFO  ==============================================================
11:50:34 INFO  Testing the fake plugin is not enabled.Use parameter -Xfakeplugin=fakeplugin to enable it ... skipped
11:50:34 WARN  Aborted test due to SKIPPED outcome
11:50:34 INFO  
11:50:34 INFO  Test duration: 0.03 secs
11:50:34 INFO  Test final outcome:  SKIPPED
11:50:34 INFO  Test outcome reason: Testing the fake plugin is not enabled.Use parameter -Xfakeplugin=fakeplugin to enable it
11:50:34 INFO  
</system-out>
	</testcase>
<testcase classname="PySysTest" name="SoftwareManagement.sm_fake_install_remove_multiple" />
</testsuite><testsuite name="SoftwareManagement.sm_mapper_fail_and_reconnect" tests="2" errors="0" failures="0" skipped="2" time="0"><testcase classname="MapperC8yReceiveLastMessageOnRestart" name="SoftwareManagement.sm_mapper_fail_and_reconnect">
		<skipped message="SKIPPED: instable https://github.com/thin-edge/thin-edge.io/issues/752" />
		<system-out>11:50:34 INFO  ==============================================================
11:50:34 INFO  Id:    SoftwareManagement.sm_mapper_fail_and_reconnect
11:50:34 INFO  Dir:   software_management_end_to_end/
11:50:34 INFO  Title: Validate the tedge-mapper-sm-c8y for receiving the last message on restart
11:50:34 INFO  ==============================================================
11:50:34 INFO  instable https://github.com/thin-edge/thin-edge.io/issues/752 ... skipped
11:50:34 INFO  
11:50:34 INFO  Test duration: 0.02 secs
11:50:34 INFO  Test final outcome:  SKIPPED
11:50:34 INFO  Test outcome reason: instable https://github.com/thin-edge/thin-edge.io/issues/752
11:50:34 INFO  
</system-out>
	</testcase>
<testcase classname="MapperC8yReceiveLastMessageOnRestart" name="SoftwareManagement.sm_mapper_fail_and_reconnect">
		<skipped message="SKIPPED: instable https://github.com/thin-edge/thin-edge.io/issues/752" />
		<system-out>12:58:47 INFO  ==============================================================
12:58:47 INFO  Id:    SoftwareManagement.sm_mapper_fail_and_reconnect
12:58:47 INFO  Dir:   software_management_end_to_end/
12:58:47 INFO  Title: Validate the tedge-mapper-sm-c8y for receiving the last message on restart
12:58:47 INFO  ==============================================================
12:58:47 INFO  instable https://github.com/thin-edge/thin-edge.io/issues/752 ... skipped
12:58:47 INFO  
12:58:47 INFO  Test duration: 0.05 secs
12:58:47 INFO  Test final outcome:  SKIPPED
12:58:47 INFO  Test outcome reason: instable https://github.com/thin-edge/thin-edge.io/issues/752
12:58:47 INFO  
</system-out>
	</testcase>
</testsuite><testsuite name="SoftwareManagement.sm_mixed_install_remove_multiple" tests="2" errors="0" failures="1" skipped="1" time="0"><testcase classname="PySysTest" name="SoftwareManagement.sm_mixed_install_remove_multiple">
		<skipped message="SKIPPED: Testing the fake plugin is not enabled.Use parameter -Xfakeplugin=fakeplugin to enable it" />
		<system-out>11:50:34 INFO  ==============================================================
11:50:34 INFO  Id:    SoftwareManagement.sm_mixed_install_remove_multiple
11:50:34 INFO  Dir:   software_management_end_to_end/
11:50:34 INFO  Title: Validate end to end behaviour for the dummy-plugin for multiple packages with mixed versions
11:50:34 INFO  ==============================================================
11:50:34 INFO  Testing the fake plugin is not enabled.Use parameter -Xfakeplugin=fakeplugin to enable it ... skipped
11:50:34 WARN  Aborted test due to SKIPPED outcome
11:50:34 INFO  
11:50:34 INFO  Test duration: 0.02 secs
11:50:34 INFO  Test final outcome:  SKIPPED
11:50:34 INFO  Test outcome reason: Testing the fake plugin is not enabled.Use parameter -Xfakeplugin=fakeplugin to enable it
11:50:34 INFO  
</system-out>
	</testcase>
<testcase classname="PySysTest" name="SoftwareManagement.sm_mixed_install_remove_multiple">
		<failure message="BLOCKED: SystemError: The operation has failed (+1 other failures)" type="BLOCKED" />
		<system-out>12:58:47 INFO  ==============================================================
12:58:47 INFO  Id:    SoftwareManagement.sm_mixed_install_remove_multiple
12:58:47 INFO  Dir:   software_management_end_to_end/
12:58:47 INFO  Title: Validate end to end behaviour for the dummy-plugin for multiple packages with mixed versions
12:58:47 INFO  ==============================================================
12:58:47 INFO  Using sw id database: {'asciijump': '5475369', 'robotfindskitten': '5474869', 'squirrel3': '5475279', 'rolldice': '5152439', 'moon-buggy': '5439204', 'apple': '5495053', 'banana': '5494888', 'cherry': '5495382', 'watermelon': '5494510', 'registry': '8018911', 'hello-world': '8021526', 'docker/getting-started': '8021973', 'alpine': '7991792'}
12:58:47 INFO  EnvironmentC8y Setup
12:58:48 INFO  Executed systemctl&lt;serv_mapper1&gt;, exit status 3
12:58:48 INFO  Restarting mosquitto too frequently in the last 10 seconds. It was only up for 5 seconds
12:58:48 INFO  Delaying execution by 6 seconds
12:59:07 INFO  Executed sudo&lt;tedge_connect_c8y&gt;, exit status 0, duration 13 secs
12:59:08 INFO  Executed sudo&lt;tedge_connect_c8y_test&gt;, exit status 0
12:59:08 INFO  Executed systemctl&lt;serv_mosq2&gt;, exit status 0
12:59:09 INFO  Executed systemctl&lt;serv_mapper3&gt;, exit status 0
12:59:11 INFO  State of current operation: SUCCESSFUL
12:59:11 INFO  Package apple is installed
12:59:11 INFO  Assert that (True == value) with value=True ... passed
12:59:11 INFO  Package banana is installed
12:59:11 INFO  Assert that (True == value) with value=True ... passed
12:59:12 INFO  Package cherry is installed
12:59:12 INFO  Assert that (True == value) with value=True ... passed
12:59:12 INFO  Package asciijump is installed
12:59:12 WARN  Assert that (False == value) with value=True ... failed 
12:59:12 INFO  Assert that (False == value) with value=False ... passed
12:59:12 INFO  Response status: 201
12:59:12 INFO  Response to action: {
    "creationTime": "2022-05-11T12:59:12.932Z",
    "deviceName": "m32sd10d",
    "deviceId": "18764683",
    "self": "https://t493319102.eu-latest.cumulocity.com/devicecontrol/operations/18858003",
    "id": "18858003",
    "status": "PENDING",
    "description": "Apply software changes, triggered from PySys: [{'action': 'install', 'id': '5495053', 'name': 'apple', 'url': ' ', 'version': '::fruits'}, {'action': 'install', 'id': '5494888', 'name': 'banana', 'url': ' ', 'version': '::fruits'}, {'action': 'install', 'id': '5475369', 'name': 'asciijump', 'url': ' ', 'version': '::apt'}, {'action': 'install', 'id': '5495382', 'name': 'cherry', 'url': ' ', 'version': '::fruits'}, {'action': 'install', 'id': '8018911', 'name': 'registry', 'url': ' ', 'version': '::docker'}]",
    "c8y_SoftwareUpdate": [
        {
            "name": "apple",
            "action": "install",
            "id": "5495053",
            "version": "::fruits",
            "url": " "
        },
        {
            "name": "banana",
            "action": "install",
            "id": "5494888",
            "version": "::fruits",
            "url": " "
        },
        {
            "name": "asciijump",
            "action": "install",
            "id": "5475369",
            "version": "::apt",
            "url": " "
        },
        {
            "name": "cherry",
            "action": "install",
            "id": "5495382",
            "version": "::fruits",
            "url": " "
        },
        {
            "name": "registry",
            "action": "install",
            "id": "8018911",
            "version": "::docker",
            "url": " "
        }
    ]
}
12:59:12 INFO  Started operation: {'creationTime': '2022-05-11T12:59:12.932Z', 'deviceName': 'm32sd10d', 'deviceId': '18764683', 'self': 'https://t493319102.eu-latest.cumulocity.com/devicecontrol/operations/18858003', 'id': '18858003', 'status': 'PENDING', 'description': "Apply software changes, triggered from PySys: [{'action': 'install', 'id': '5495053', 'name': 'apple', 'url': ' ', 'version': '::fruits'}, {'action': 'install', 'id': '5494888', 'name': 'banana', 'url': ' ', 'version': '::fruits'}, {'action': 'install', 'id': '5475369', 'name': 'asciijump', 'url': ' ', 'version': '::apt'}, {'action': 'install', 'id': '5495382', 'name': 'cherry', 'url': ' ', 'version': '::fruits'}, {'action': 'install', 'id': '8018911', 'name': 'registry', 'url': ' ', 'version': '::docker'}]", 'c8y_SoftwareUpdate': [{'name': 'apple', 'action': 'install', 'id': '5495053', 'version': '::fruits', 'url': ' '}, {'name': 'banana', 'action': 'install', 'id': '5494888', 'version': '::fruits', 'url': ' '}, {'name': 'asciijump', 'action': 'install', 'id': '5475369', 'version': '::apt', 'url': ' '}, {'name': 'cherry', 'action': 'install', 'id': '5495382', 'version': '::fruits', 'url': ' '}, {'name': 'registry', 'action': 'install', 'id': '8018911', 'version': '::docker', 'url': ' '}]}
12:59:15 INFO  State of operation 18858003 : PENDING
12:59:17 INFO  State of operation 18858003 : EXECUTING
12:59:19 INFO  State of operation 18858003 : EXECUTING
12:59:21 INFO  State of operation 18858003 : EXECUTING
12:59:24 INFO  State of operation 18858003 : EXECUTING
12:59:26 INFO  State of operation 18858003 : EXECUTING
12:59:29 INFO  State of operation 18858003 : EXECUTING
12:59:32 INFO  State of operation 18858003 : EXECUTING
12:59:34 INFO  State of operation 18858003 : EXECUTING
12:59:36 INFO  State of operation 18858003 : EXECUTING
12:59:39 INFO  State of operation 18858003 : EXECUTING
12:59:41 INFO  State of operation 18858003 : EXECUTING
12:59:43 INFO  State of operation 18858003 : EXECUTING
12:59:45 INFO  State of operation 18858003 : EXECUTING
12:59:48 INFO  State of operation 18858003 : EXECUTING
12:59:50 INFO  State of operation 18858003 : EXECUTING
12:59:52 INFO  State of operation 18858003 : FAILED
12:59:52 ERROR Stopping as the operation has failed
12:59:52 WARN  SystemError occurred while running test - The operation has failed
Traceback (most recent call last):
  File "/home/pi/env-pysys/lib/python3.7/site-packages/pysys/baserunner.py", line 1294, in __call__
    self.testObj.execute()
  File "/home/pi/actions-runner/_work/thin-edge.io/thin-edge.io/tests/PySys/software_management_end_to_end/sm_mixed_install_remove_multiple/run.py", line 95, in execute
    self.wait_until_succcess()
  File "/home/pi/actions-runner/_work/thin-edge.io/thin-edge.io/tests/PySys/software_management_end_to_end/environment_sm_management.py", line 324, in wait_until_succcess
    self.wait_until_status("SUCCESSFUL")
  File "/home/pi/actions-runner/_work/thin-edge.io/thin-edge.io/tests/PySys/software_management_end_to_end/environment_sm_management.py", line 361, in wait_until_status
    raise SystemError("The operation has failed")
SystemError: The operation has failed
12:59:52 WARN  SystemError: The operation has failed ... blocked 
12:59:52 INFO  
12:59:52 INFO  cleanup:
12:59:56 INFO  Executed sudo&lt;tedge_disconnect_c8y&gt;, exit status 0
12:59:56 INFO  Executed systemctl&lt;serv_mapper5&gt;, exit status 3
12:59:56 INFO  
12:59:56 INFO  Test duration: 69.44 secs
12:59:56 INFO  Test final outcome:  BLOCKED
12:59:56 INFO  Test outcome reason: SystemError: The operation has failed (+1 other failures)
12:59:56 INFO  
</system-out>
	</testcase>
</testsuite><testsuite name="agent_init_session" tests="1" errors="0" failures="1" skipped="0" time="0"><testcase classname="AgentInitSession" name="agent_init_session">
		<failure message="FAILED: Grep on sub_resp.out contains &quot;Ld3KgqpcLDlrYH6sfpG7w&quot;" type="FAILED" />
		<system-out>11:51:26 INFO  ==============================================================
11:51:26 INFO  Id:    agent_init_session
11:51:26 INFO  Dir:   tedge_agent/
11:51:26 INFO  Title: Validate tedge agent init session feature
11:51:26 INFO  ==============================================================
11:51:26 INFO  Executed sudo&lt;remove_lock&gt;, exit status 0
11:51:27 INFO  Executed sudo&lt;agent_clear&gt;, exit status 0
11:51:27 INFO  Executed sudo&lt;agent_init&gt;, exit status 0
11:51:28 INFO  Executed sudo&lt;pub_req&gt;, exit status 0
11:51:28 INFO  Started sudo&lt;sub_resp&gt; with process id 18835
11:51:29 INFO  Executed sudo&lt;agent_start&gt;, exit status 0
11:51:29 INFO  Waiting for 2.0 seconds
11:51:31 INFO  Executed sudo&lt;agent_stop&gt;, exit status 0
11:51:32 INFO  Executed sudo&lt;sub_stop&gt;, exit status 0
11:51:32 WARN  Grep on sub_resp.out contains "Ld3KgqpcLDlrYH6sfpG7w" ... failed [run.py:87]
11:51:32 INFO  
11:51:32 INFO  Test duration: 5.86 secs
11:51:32 INFO  Test final outcome:  FAILED
11:51:32 INFO  Test outcome reason: Grep on sub_resp.out contains "Ld3KgqpcLDlrYH6sfpG7w"
11:51:32 INFO  
</system-out>
	</testcase>
</testsuite><testsuite name="apt_fail_noarg" tests="2" errors="0" failures="0" skipped="1" time="0"><testcase classname="AptPluginFailNoArg" name="apt_fail_noarg">
		<skipped message="SKIPPED: Testing the apt plugin is not supported on this platform.To run the tests call PySys with -XmyPlatform='container'" />
		<system-out>11:40:55 INFO  ==============================================================
11:40:55 INFO  Id:    apt_fail_noarg
11:40:55 INFO  Dir:   plugin_apt/
11:40:55 INFO  Title: Validate apt plugin fetures(prepare, list, install, remove finalize) without arguments
11:40:55 INFO  ==============================================================
11:40:55 INFO  Testing the apt plugin is not supported on this platform.To run the tests call PySys with -XmyPlatform='container' ... skipped
11:40:55 WARN  Aborted test due to SKIPPED outcome
11:40:55 INFO  
11:40:55 INFO  Test duration: 0.04 secs
11:40:55 INFO  Test final outcome:  SKIPPED
11:40:55 INFO  Test outcome reason: Testing the apt plugin is not supported on this platform.To run the tests call PySys with -XmyPlatform='container'
11:40:55 INFO  
</system-out>
	</testcase>
<testcase classname="AptPluginFailNoArg" name="apt_fail_noarg" />
</testsuite><testsuite name="apt_finalize" tests="2" errors="0" failures="0" skipped="1" time="0"><testcase classname="AptPluginFinalize" name="apt_finalize">
		<skipped message="SKIPPED: Testing the apt plugin is not supported on this platform.To run the tests call PySys with -XmyPlatform='container'" />
		<system-out>11:40:55 INFO  ==============================================================
11:40:55 INFO  Id:    apt_finalize
11:40:55 INFO  Dir:   plugin_apt/
11:40:55 INFO  Title: Validate apt plugin finalize - dense version
11:40:55 INFO  ==============================================================
11:40:55 INFO  Testing the apt plugin is not supported on this platform.To run the tests call PySys with -XmyPlatform='container' ... skipped
11:40:55 WARN  Aborted test due to SKIPPED outcome
11:40:55 INFO  
11:40:55 INFO  Test duration: 0.02 secs
11:40:55 INFO  Test final outcome:  SKIPPED
11:40:55 INFO  Test outcome reason: Testing the apt plugin is not supported on this platform.To run the tests call PySys with -XmyPlatform='container'
11:40:55 INFO  
</system-out>
	</testcase>
<testcase classname="AptPluginFinalize" name="apt_finalize" />
</testsuite><testsuite name="apt_install" tests="2" errors="0" failures="0" skipped="1" time="0"><testcase classname="AptPluginInstallDense" name="apt_install">
		<skipped message="SKIPPED: Testing the apt plugin is not supported on this platform.To run the tests call PySys with -XmyPlatform='container'" />
		<system-out>11:40:55 INFO  ==============================================================
11:40:55 INFO  Id:    apt_install
11:40:55 INFO  Dir:   plugin_apt/
11:40:55 INFO  Title: Validate apt plugin prepare - dense version
11:40:55 INFO  ==============================================================
11:40:55 INFO  Testing the apt plugin is not supported on this platform.To run the tests call PySys with -XmyPlatform='container' ... skipped
11:40:55 WARN  Aborted test due to SKIPPED outcome
11:40:55 INFO  
11:40:55 INFO  Test duration: 0.04 secs
11:40:55 INFO  Test final outcome:  SKIPPED
11:40:55 INFO  Test outcome reason: Testing the apt plugin is not supported on this platform.To run the tests call PySys with -XmyPlatform='container'
11:40:55 INFO  
</system-out>
	</testcase>
<testcase classname="AptPluginInstallDense" name="apt_install" />
</testsuite><testsuite name="apt_install_fail" tests="2" errors="0" failures="0" skipped="1" time="0"><testcase classname="AptPluginInstallFail" name="apt_install_fail">
		<skipped message="SKIPPED: Testing the apt plugin is not supported on this platform.To run the tests call PySys with -XmyPlatform='container'" />
		<system-out>11:40:56 INFO  ==============================================================
11:40:56 INFO  Id:    apt_install_fail
11:40:56 INFO  Dir:   plugin_apt/
11:40:56 INFO  Title: Validate apt plugin prepare - failing
11:40:56 INFO  ==============================================================
11:40:56 INFO  Testing the apt plugin is not supported on this platform.To run the tests call PySys with -XmyPlatform='container' ... skipped
11:40:56 WARN  Aborted test due to SKIPPED outcome
11:40:56 INFO  
11:40:56 INFO  Test duration: 0.04 secs
11:40:56 INFO  Test final outcome:  SKIPPED
11:40:56 INFO  Test outcome reason: Testing the apt plugin is not supported on this platform.To run the tests call PySys with -XmyPlatform='container'
11:40:56 INFO  
</system-out>
	</testcase>
<testcase classname="AptPluginInstallFail" name="apt_install_fail" />
</testsuite><testsuite name="apt_install_local_file" tests="2" errors="0" failures="0" skipped="1" time="0"><testcase classname="AptPluginInstallFromLocalFile" name="apt_install_local_file">
		<skipped message="SKIPPED: Testing the apt plugin is not supported on this platform.To run the tests call PySys with -XmyPlatform='container'" />
		<system-out>11:40:56 INFO  ==============================================================
11:40:56 INFO  Id:    apt_install_local_file
11:40:56 INFO  Dir:   plugin_apt/
11:40:56 INFO  Title: Validate apt plugin install from local file - SUCCESS case
11:40:56 INFO  ==============================================================
11:40:56 INFO  Testing the apt plugin is not supported on this platform.To run the tests call PySys with -XmyPlatform='container' ... skipped
11:40:56 WARN  Aborted test due to SKIPPED outcome
11:40:56 INFO  
11:40:56 INFO  Test duration: 0.02 secs
11:40:56 INFO  Test final outcome:  SKIPPED
11:40:56 INFO  Test outcome reason: Testing the apt plugin is not supported on this platform.To run the tests call PySys with -XmyPlatform='container'
11:40:56 INFO  
</system-out>
	</testcase>
<testcase classname="AptPluginInstallFromLocalFile" name="apt_install_local_file" />
</testsuite><testsuite name="apt_install_local_file_fail" tests="2" errors="0" failures="0" skipped="1" time="0"><testcase classname="AptPluginInstallFromLocalFileFail" name="apt_install_local_file_fail">
		<skipped message="SKIPPED: Testing the apt plugin is not supported on this platform.To run the tests call PySys with -XmyPlatform='container'" />
		<system-out>11:40:56 INFO  ==============================================================
11:40:56 INFO  Id:    apt_install_local_file_fail
11:40:56 INFO  Dir:   plugin_apt/
11:40:56 INFO  Title: Validate apt plugin install from local file - FAIL case
11:40:56 INFO  ==============================================================
11:40:56 INFO  Testing the apt plugin is not supported on this platform.To run the tests call PySys with -XmyPlatform='container' ... skipped
11:40:56 WARN  Aborted test due to SKIPPED outcome
11:40:56 INFO  
11:40:56 INFO  Test duration: 0.02 secs
11:40:56 INFO  Test final outcome:  SKIPPED
11:40:56 INFO  Test outcome reason: Testing the apt plugin is not supported on this platform.To run the tests call PySys with -XmyPlatform='container'
11:40:56 INFO  
</system-out>
	</testcase>
<testcase classname="AptPluginInstallFromLocalFileFail" name="apt_install_local_file_fail" />
</testsuite><testsuite name="apt_install_local_file_with_version" tests="2" errors="0" failures="0" skipped="1" time="0"><testcase classname="AptPluginInstallFromLocalFileWithVersion" name="apt_install_local_file_with_version">
		<skipped message="SKIPPED: Testing the apt plugin is not supported on this platform.To run the tests call PySys with -XmyPlatform='container'" />
		<system-out>11:40:56 INFO  ==============================================================
11:40:56 INFO  Id:    apt_install_local_file_with_version
11:40:56 INFO  Dir:   plugin_apt/
11:40:56 INFO  Title: Validate apt plugin install from local file AND with a version - SUCCESS case
11:40:56 INFO  ==============================================================
11:40:56 INFO  Testing the apt plugin is not supported on this platform.To run the tests call PySys with -XmyPlatform='container' ... skipped
11:40:56 WARN  Aborted test due to SKIPPED outcome
11:40:56 INFO  
11:40:56 INFO  Test duration: 0.03 secs
11:40:56 INFO  Test final outcome:  SKIPPED
11:40:56 INFO  Test outcome reason: Testing the apt plugin is not supported on this platform.To run the tests call PySys with -XmyPlatform='container'
11:40:56 INFO  
</system-out>
	</testcase>
<testcase classname="AptPluginInstallFromLocalFileWithVersion" name="apt_install_local_file_with_version" />
</testsuite><testsuite name="apt_install_local_file_with_version_fail" tests="2" errors="0" failures="0" skipped="1" time="0"><testcase classname="AptPluginInstallFromLocalFileWithVersionFail" name="apt_install_local_file_with_version_fail">
		<skipped message="SKIPPED: Testing the apt plugin is not supported on this platform.To run the tests call PySys with -XmyPlatform='container'" />
		<system-out>11:40:56 INFO  ==============================================================
11:40:56 INFO  Id:    apt_install_local_file_with_version_fail
11:40:56 INFO  Dir:   plugin_apt/
11:40:56 INFO  Title: Validate apt plugin install from local file AND with a version - FAIL case
11:40:56 INFO  ==============================================================
11:40:56 INFO  Testing the apt plugin is not supported on this platform.To run the tests call PySys with -XmyPlatform='container' ... skipped
11:40:56 WARN  Aborted test due to SKIPPED outcome
11:40:56 INFO  
11:40:56 INFO  Test duration: 0.02 secs
11:40:56 INFO  Test final outcome:  SKIPPED
11:40:56 INFO  Test outcome reason: Testing the apt plugin is not supported on this platform.To run the tests call PySys with -XmyPlatform='container'
11:40:56 INFO  
</system-out>
	</testcase>
<testcase classname="AptPluginInstallFromLocalFileWithVersionFail" name="apt_install_local_file_with_version_fail" />
</testsuite><testsuite name="apt_list_format" tests="2" errors="0" failures="0" skipped="0" time="0"><testcase classname="AptPluginListFormat" name="apt_list_format" />
<testcase classname="AptPluginListFormat" name="apt_list_format" />
</testsuite><testsuite name="apt_prepare" tests="2" errors="0" failures="0" skipped="1" time="0"><testcase classname="AptPluginPrepare" name="apt_prepare">
		<skipped message="SKIPPED: Testing the apt plugin is not supported on this platform.To run the tests call PySys with -XmyPlatform='container'" />
		<system-out>11:40:59 INFO  ==============================================================
11:40:59 INFO  Id:    apt_prepare
11:40:59 INFO  Dir:   plugin_apt/
11:40:59 INFO  Title: Validate apt plugin install - dense version
11:40:59 INFO  ==============================================================
11:40:59 INFO  Testing the apt plugin is not supported on this platform.To run the tests call PySys with -XmyPlatform='container' ... skipped
11:40:59 WARN  Aborted test due to SKIPPED outcome
11:40:59 INFO  
11:40:59 INFO  Test duration: 0.02 secs
11:40:59 INFO  Test final outcome:  SKIPPED
11:40:59 INFO  Test outcome reason: Testing the apt plugin is not supported on this platform.To run the tests call PySys with -XmyPlatform='container'
11:40:59 INFO  
</system-out>
	</testcase>
<testcase classname="AptPluginPrepare" name="apt_prepare" />
</testsuite><testsuite name="apt_prepare_install_finalize" tests="2" errors="0" failures="0" skipped="1" time="0"><testcase classname="AptPluginPrepareInstallFinalize" name="apt_prepare_install_finalize">
		<skipped message="SKIPPED: Testing the apt plugin is not supported on this platform.To run the tests call PySys with -XmyPlatform='container'" />
		<system-out>11:40:59 INFO  ==============================================================
11:40:59 INFO  Id:    apt_prepare_install_finalize
11:40:59 INFO  Dir:   plugin_apt/
11:40:59 INFO  Title: Validate apt plugin install use case
11:40:59 INFO  ==============================================================
11:40:59 INFO  Testing the apt plugin is not supported on this platform.To run the tests call PySys with -XmyPlatform='container' ... skipped
11:40:59 WARN  Aborted test due to SKIPPED outcome
11:40:59 INFO  
11:40:59 INFO  Test duration: 0.02 secs
11:40:59 INFO  Test final outcome:  SKIPPED
11:40:59 INFO  Test outcome reason: Testing the apt plugin is not supported on this platform.To run the tests call PySys with -XmyPlatform='container'
11:40:59 INFO  
</system-out>
	</testcase>
<testcase classname="AptPluginPrepareInstallFinalize" name="apt_prepare_install_finalize" />
</testsuite><testsuite name="apt_remove" tests="2" errors="0" failures="0" skipped="1" time="0"><testcase classname="AptPluginRemoveDense" name="apt_remove">
		<skipped message="SKIPPED: Testing the apt plugin is not supported on this platform.To run the tests call PySys with -XmyPlatform='container'" />
		<system-out>11:40:59 INFO  ==============================================================
11:40:59 INFO  Id:    apt_remove
11:40:59 INFO  Dir:   plugin_apt/
11:40:59 INFO  Title: Validate apt plugin prepare - dense version
11:40:59 INFO  ==============================================================
11:40:59 INFO  Testing the apt plugin is not supported on this platform.To run the tests call PySys with -XmyPlatform='container' ... skipped
11:40:59 WARN  Aborted test due to SKIPPED outcome
11:40:59 INFO  
11:40:59 INFO  Test duration: 0.02 secs
11:40:59 INFO  Test final outcome:  SKIPPED
11:40:59 INFO  Test outcome reason: Testing the apt plugin is not supported on this platform.To run the tests call PySys with -XmyPlatform='container'
11:40:59 INFO  
</system-out>
	</testcase>
<testcase classname="AptPluginRemoveDense" name="apt_remove" />
</testsuite><testsuite name="apt_remove_fail" tests="2" errors="0" failures="0" skipped="1" time="0"><testcase classname="AptPluginRemoveFails" name="apt_remove_fail">
		<skipped message="SKIPPED: Testing the apt plugin is not supported on this platform.To run the tests call PySys with -XmyPlatform='container'" />
		<system-out>11:40:59 INFO  ==============================================================
11:40:59 INFO  Id:    apt_remove_fail
11:40:59 INFO  Dir:   plugin_apt/
11:40:59 INFO  Title: Validate apt plugin prepare - failing
11:40:59 INFO  ==============================================================
11:40:59 INFO  Testing the apt plugin is not supported on this platform.To run the tests call PySys with -XmyPlatform='container' ... skipped
11:40:59 WARN  Aborted test due to SKIPPED outcome
11:40:59 INFO  
11:40:59 INFO  Test duration: 0.02 secs
11:40:59 INFO  Test final outcome:  SKIPPED
11:40:59 INFO  Test outcome reason: Testing the apt plugin is not supported on this platform.To run the tests call PySys with -XmyPlatform='container'
11:40:59 INFO  
</system-out>
	</testcase>
<testcase classname="AptPluginRemoveFails" name="apt_remove_fail" />
</testsuite><testsuite name="apt_sequence_install_with_version" tests="2" errors="0" failures="0" skipped="1" time="0"><testcase classname="AptPluginPrepInstallWithVersionFinalize" name="apt_sequence_install_with_version">
		<skipped message="SKIPPED: Testing the apt plugin is not supported on this platform.To run the tests call PySys with -XmyPlatform='container'" />
		<system-out>11:40:59 INFO  ==============================================================
11:40:59 INFO  Id:    apt_sequence_install_with_version
11:40:59 INFO  Dir:   plugin_apt/
11:40:59 INFO  Title: Validate apt plugin install with version use case
11:40:59 INFO  ==============================================================
11:40:59 INFO  Testing the apt plugin is not supported on this platform.To run the tests call PySys with -XmyPlatform='container' ... skipped
11:40:59 WARN  Aborted test due to SKIPPED outcome
11:40:59 INFO  
11:40:59 INFO  Test duration: 0.02 secs
11:40:59 INFO  Test final outcome:  SKIPPED
11:40:59 INFO  Test outcome reason: Testing the apt plugin is not supported on this platform.To run the tests call PySys with -XmyPlatform='container'
11:40:59 INFO  
</system-out>
	</testcase>
<testcase classname="AptPluginPrepInstallWithVersionFinalize" name="apt_sequence_install_with_version" />
</testsuite><testsuite name="apt_sequence_install_with_version_fail" tests="2" errors="0" failures="0" skipped="1" time="0"><testcase classname="AptPluginInstallWithVersionFails" name="apt_sequence_install_with_version_fail">
		<skipped message="SKIPPED: Testing the apt plugin is not supported on this platform.To run the tests call PySys with -XmyPlatform='container'" />
		<system-out>11:40:59 INFO  ==============================================================
11:40:59 INFO  Id:    apt_sequence_install_with_version_fail
11:40:59 INFO  Dir:   plugin_apt/
11:40:59 INFO  Title: Validate apt plugin install with version fails use case
11:40:59 INFO  ==============================================================
11:40:59 INFO  Testing the apt plugin is not supported on this platform.To run the tests call PySys with -XmyPlatform='container' ... skipped
11:40:59 WARN  Aborted test due to SKIPPED outcome
11:40:59 INFO  
11:40:59 INFO  Test duration: 0.02 secs
11:40:59 INFO  Test final outcome:  SKIPPED
11:40:59 INFO  Test outcome reason: Testing the apt plugin is not supported on this platform.To run the tests call PySys with -XmyPlatform='container'
11:40:59 INFO  
</system-out>
	</testcase>
<testcase classname="AptPluginInstallWithVersionFails" name="apt_sequence_install_with_version_fail" />
</testsuite><testsuite name="apt_sequence_remove" tests="2" errors="0" failures="0" skipped="1" time="0"><testcase classname="AptPluginInstallPrepareRemoveFinalize" name="apt_sequence_remove">
		<skipped message="SKIPPED: Testing the apt plugin is not supported on this platform.To run the tests call PySys with -XmyPlatform='container'" />
		<system-out>11:40:59 INFO  ==============================================================
11:40:59 INFO  Id:    apt_sequence_remove
11:40:59 INFO  Dir:   plugin_apt/
11:40:59 INFO  Title: Validate apt plugin prepare install remove finalize use case
11:40:59 INFO  ==============================================================
11:40:59 INFO  Testing the apt plugin is not supported on this platform.To run the tests call PySys with -XmyPlatform='container' ... skipped
11:40:59 WARN  Aborted test due to SKIPPED outcome
11:40:59 INFO  
11:40:59 INFO  Test duration: 0.02 secs
11:40:59 INFO  Test final outcome:  SKIPPED
11:40:59 INFO  Test outcome reason: Testing the apt plugin is not supported on this platform.To run the tests call PySys with -XmyPlatform='container'
11:40:59 INFO  
</system-out>
	</testcase>
<testcase classname="AptPluginInstallPrepareRemoveFinalize" name="apt_sequence_remove" />
</testsuite><testsuite name="apt_sequence_remove_with_version" tests="2" errors="0" failures="0" skipped="1" time="0"><testcase classname="AptPluginRemoveWithVersion" name="apt_sequence_remove_with_version">
		<skipped message="SKIPPED: Testing the apt plugin is not supported on this platform.To run the tests call PySys with -XmyPlatform='container'" />
		<system-out>11:40:59 INFO  ==============================================================
11:40:59 INFO  Id:    apt_sequence_remove_with_version
11:40:59 INFO  Dir:   plugin_apt/
11:40:59 INFO  Title: Validate apt plugin remove with version use case
11:40:59 INFO  ==============================================================
11:40:59 INFO  Testing the apt plugin is not supported on this platform.To run the tests call PySys with -XmyPlatform='container' ... skipped
11:40:59 WARN  Aborted test due to SKIPPED outcome
11:40:59 INFO  
11:40:59 INFO  Test duration: 0.02 secs
11:40:59 INFO  Test final outcome:  SKIPPED
11:40:59 INFO  Test outcome reason: Testing the apt plugin is not supported on this platform.To run the tests call PySys with -XmyPlatform='container'
11:40:59 INFO  
</system-out>
	</testcase>
<testcase classname="AptPluginRemoveWithVersion" name="apt_sequence_remove_with_version" />
</testsuite><testsuite name="apt_sequence_remove_with_version_fail" tests="2" errors="0" failures="0" skipped="1" time="0"><testcase classname="AptPluginRemoveWithVersionFails" name="apt_sequence_remove_with_version_fail">
		<skipped message="SKIPPED: Testing the apt plugin is not supported on this platform.To run the tests call PySys with -XmyPlatform='container'" />
		<system-out>11:40:59 INFO  ==============================================================
11:40:59 INFO  Id:    apt_sequence_remove_with_version_fail
11:40:59 INFO  Dir:   plugin_apt/
11:40:59 INFO  Title: Validate apt plugin remove with version fails when the version not found
11:40:59 INFO  ==============================================================
11:40:59 INFO  Testing the apt plugin is not supported on this platform.To run the tests call PySys with -XmyPlatform='container' ... skipped
11:40:59 WARN  Aborted test due to SKIPPED outcome
11:41:00 INFO  
11:41:00 INFO  Test duration: 0.02 secs
11:41:00 INFO  Test final outcome:  SKIPPED
11:41:00 INFO  Test outcome reason: Testing the apt plugin is not supported on this platform.To run the tests call PySys with -XmyPlatform='container'
11:41:00 INFO  
</system-out>
	</testcase>
<testcase classname="AptPluginRemoveWithVersionFails" name="apt_sequence_remove_with_version_fail" />
</testsuite><testsuite name="apt_update_list" tests="2" errors="0" failures="0" skipped="1" time="0"><testcase classname="AptPluginUpdateList" name="apt_update_list">
		<skipped message="SKIPPED: Testing the apt plugin is not supported on this platform.To run the tests call PySys with -XmyPlatform='container'" />
		<system-out>11:41:00 INFO  ==============================================================
11:41:00 INFO  Id:    apt_update_list
11:41:00 INFO  Dir:   plugin_apt/
11:41:00 INFO  Title: Validate apt plugin update-list command use case
11:41:00 INFO  ==============================================================
11:41:00 INFO  Testing the apt plugin is not supported on this platform.To run the tests call PySys with -XmyPlatform='container' ... skipped
11:41:00 WARN  Aborted test due to SKIPPED outcome
11:41:00 INFO  
11:41:00 INFO  Test duration: 0.02 secs
11:41:00 INFO  Test final outcome:  SKIPPED
11:41:00 INFO  Test outcome reason: Testing the apt plugin is not supported on this platform.To run the tests call PySys with -XmyPlatform='container'
11:41:00 INFO  
</system-out>
	</testcase>
<testcase classname="AptPluginUpdateList" name="apt_update_list" />
</testsuite><testsuite name="apt_wrong_option" tests="2" errors="0" failures="0" skipped="1" time="0"><testcase classname="AptPluginWrongOption" name="apt_wrong_option">
		<skipped message="SKIPPED: Testing the apt plugin is not supported on this platform.To run the tests call PySys with -XmyPlatform='container'" />
		<system-out>11:41:00 INFO  ==============================================================
11:41:00 INFO  Id:    apt_wrong_option
11:41:00 INFO  Dir:   plugin_apt/
11:41:00 INFO  Title: Validate apt plugin install
11:41:00 INFO  ==============================================================
11:41:00 INFO  Testing the apt plugin is not supported on this platform.To run the tests call PySys with -XmyPlatform='container' ... skipped
11:41:00 WARN  Aborted test due to SKIPPED outcome
11:41:00 INFO  
11:41:00 INFO  Test duration: 0.02 secs
11:41:00 INFO  Test final outcome:  SKIPPED
11:41:00 INFO  Test outcome reason: Testing the apt plugin is not supported on this platform.To run the tests call PySys with -XmyPlatform='container'
11:41:00 INFO  
</system-out>
	</testcase>
<testcase classname="AptPluginWrongOption" name="apt_wrong_option" />
</testsuite><testsuite name="c8y_jwt_token_retrieval" tests="1" errors="0" failures="0" skipped="0" time="0"><testcase classname="ValidateJWTTokenRetrieval" name="c8y_jwt_token_retrieval" />
</testsuite><testsuite name="c8y_restart_bridge" tests="1" errors="0" failures="0" skipped="0" time="0"><testcase classname="RestartBridge" name="c8y_restart_bridge" />
</testsuite><testsuite name="call_tedge_-V" tests="1" errors="0" failures="0" skipped="0" time="0"><testcase classname="PySysTest" name="call_tedge_-V" />
</testsuite><testsuite name="call_tedge_-h" tests="1" errors="0" failures="0" skipped="0" time="0"><testcase classname="PySysTest" name="call_tedge_-h" />
</testsuite><testsuite name="call_tedge_-h_-V" tests="1" errors="0" failures="0" skipped="0" time="0"><testcase classname="PySysTest" name="call_tedge_-h_-V" />
</testsuite><testsuite name="call_tedge_config_help" tests="1" errors="0" failures="0" skipped="0" time="0"><testcase classname="PySysTest" name="call_tedge_config_help" />
</testsuite><testsuite name="call_tedge_config_list" tests="1" errors="0" failures="0" skipped="0" time="0"><testcase classname="PySysTest" name="call_tedge_config_list" />
</testsuite><testsuite name="custom_init_system" tests="1" errors="0" failures="0" skipped="0" time="0"><testcase classname="CustomInitSystem" name="custom_init_system" />
</testsuite><testsuite name="docker_plugin_finalize" tests="2" errors="0" failures="0" skipped="1" time="0"><testcase classname="DockerPluginFinalizeTest" name="docker_plugin_finalize">
		<skipped message="SKIPPED: Testing the docker plugin is not supported on this platform.To run it, all the test with -XmyPlatform='container'" />
		<system-out>11:41:00 INFO  ==============================================================
11:41:00 INFO  Id:    docker_plugin_finalize
11:41:00 INFO  Dir:   plugin_docker/
11:41:00 INFO  Title: Validate docker plugin finalize command
11:41:00 INFO  ==============================================================
11:41:00 INFO  Testing the docker plugin is not supported on this platform.To run it, all the test with -XmyPlatform='container' ... skipped
11:41:00 WARN  Aborted test due to SKIPPED outcome
11:41:00 INFO  
11:41:00 INFO  Test duration: 0.05 secs
11:41:00 INFO  Test final outcome:  SKIPPED
11:41:00 INFO  Test outcome reason: Testing the docker plugin is not supported on this platform.To run it, all the test with -XmyPlatform='container'
11:41:00 INFO  
</system-out>
	</testcase>
<testcase classname="DockerPluginFinalizeTest" name="docker_plugin_finalize" />
</testsuite><testsuite name="docker_plugin_install" tests="2" errors="0" failures="0" skipped="1" time="0"><testcase classname="DockerPluginInstallTest" name="docker_plugin_install">
		<skipped message="SKIPPED: Testing the docker plugin is not supported on this platform.To run it, all the test with -XmyPlatform='container'" />
		<system-out>11:41:00 INFO  ==============================================================
11:41:00 INFO  Id:    docker_plugin_install
11:41:00 INFO  Dir:   plugin_docker/
11:41:00 INFO  Title: Validate docker plugin install
11:41:00 INFO  ==============================================================
11:41:00 INFO  Testing the docker plugin is not supported on this platform.To run it, all the test with -XmyPlatform='container' ... skipped
11:41:00 WARN  Aborted test due to SKIPPED outcome
11:41:00 INFO  
11:41:00 INFO  Test duration: 0.02 secs
11:41:00 INFO  Test final outcome:  SKIPPED
11:41:00 INFO  Test outcome reason: Testing the docker plugin is not supported on this platform.To run it, all the test with -XmyPlatform='container'
11:41:00 INFO  
</system-out>
	</testcase>
<testcase classname="DockerPluginInstallTest" name="docker_plugin_install" />
</testsuite><testsuite name="docker_plugin_install_with_version" tests="2" errors="0" failures="0" skipped="1" time="0"><testcase classname="DockerPluginInstallWithVersionTest" name="docker_plugin_install_with_version">
		<skipped message="SKIPPED: Testing the docker plugin is not supported on this platform.To run it, all the test with -XmyPlatform='container'" />
		<system-out>11:41:00 INFO  ==============================================================
11:41:00 INFO  Id:    docker_plugin_install_with_version
11:41:00 INFO  Dir:   plugin_docker/
11:41:00 INFO  Title: Validate docker plugin install
11:41:00 INFO  ==============================================================
11:41:00 INFO  Testing the docker plugin is not supported on this platform.To run it, all the test with -XmyPlatform='container' ... skipped
11:41:00 WARN  Aborted test due to SKIPPED outcome
11:41:00 INFO  
11:41:00 INFO  Test duration: 0.02 secs
11:41:00 INFO  Test final outcome:  SKIPPED
11:41:00 INFO  Test outcome reason: Testing the docker plugin is not supported on this platform.To run it, all the test with -XmyPlatform='container'
11:41:00 INFO  
</system-out>
	</testcase>
<testcase classname="DockerPluginInstallWithVersionTest" name="docker_plugin_install_with_version" />
</testsuite><testsuite name="docker_plugin_remove" tests="2" errors="0" failures="0" skipped="1" time="0"><testcase classname="DockerPluginRemoveTest" name="docker_plugin_remove">
		<skipped message="SKIPPED: Testing the docker plugin is not supported on this platform.To run it, all the test with -XmyPlatform='container'" />
		<system-out>11:41:00 INFO  ==============================================================
11:41:00 INFO  Id:    docker_plugin_remove
11:41:00 INFO  Dir:   plugin_docker/
11:41:00 INFO  Title: Validate docker plugin remove
11:41:00 INFO  ==============================================================
11:41:00 INFO  Testing the docker plugin is not supported on this platform.To run it, all the test with -XmyPlatform='container' ... skipped
11:41:00 WARN  Aborted test due to SKIPPED outcome
11:41:00 INFO  
11:41:00 INFO  Test duration: 0.02 secs
11:41:00 INFO  Test final outcome:  SKIPPED
11:41:00 INFO  Test outcome reason: Testing the docker plugin is not supported on this platform.To run it, all the test with -XmyPlatform='container'
11:41:00 INFO  
</system-out>
	</testcase>
<testcase classname="DockerPluginRemoveTest" name="docker_plugin_remove" />
</testsuite><testsuite name="docker_plugin_remove_with_version" tests="2" errors="0" failures="0" skipped="1" time="0"><testcase classname="DockerPluginRemoveWithVersionTest" name="docker_plugin_remove_with_version">
		<skipped message="SKIPPED: Testing the docker plugin is not supported on this platform.To run it, all the test with -XmyPlatform='container'" />
		<system-out>11:41:00 INFO  ==============================================================
11:41:00 INFO  Id:    docker_plugin_remove_with_version
11:41:00 INFO  Dir:   plugin_docker/
11:41:00 INFO  Title: Validate docker plugin remove with version
11:41:00 INFO  ==============================================================
11:41:00 INFO  Testing the docker plugin is not supported on this platform.To run it, all the test with -XmyPlatform='container' ... skipped
11:41:00 WARN  Aborted test due to SKIPPED outcome
11:41:00 INFO  
11:41:00 INFO  Test duration: 0.02 secs
11:41:00 INFO  Test final outcome:  SKIPPED
11:41:00 INFO  Test outcome reason: Testing the docker plugin is not supported on this platform.To run it, all the test with -XmyPlatform='container'
11:41:00 INFO  
</system-out>
	</testcase>
<testcase classname="DockerPluginRemoveWithVersionTest" name="docker_plugin_remove_with_version" />
</testsuite><testsuite name="docker_plugin_update" tests="2" errors="0" failures="0" skipped="1" time="0"><testcase classname="DockerPluginUpdateTest" name="docker_plugin_update">
		<skipped message="SKIPPED: Testing the docker plugin is not supported on this platform.To run it, all the test with -XmyPlatform='container'" />
		<system-out>11:41:00 INFO  ==============================================================
11:41:00 INFO  Id:    docker_plugin_update
11:41:00 INFO  Dir:   plugin_docker/
11:41:00 INFO  Title: Validate docker plugin install updates existing containers
11:41:00 INFO  ==============================================================
11:41:00 INFO  Testing the docker plugin is not supported on this platform.To run it, all the test with -XmyPlatform='container' ... skipped
11:41:00 WARN  Aborted test due to SKIPPED outcome
11:41:00 INFO  
11:41:00 INFO  Test duration: 0.02 secs
11:41:00 INFO  Test final outcome:  SKIPPED
11:41:00 INFO  Test outcome reason: Testing the docker plugin is not supported on this platform.To run it, all the test with -XmyPlatform='container'
11:41:00 INFO  
</system-out>
	</testcase>
<testcase classname="DockerPluginUpdateTest" name="docker_plugin_update" />
</testsuite><testsuite name="invalid_device_id" tests="1" errors="0" failures="0" skipped="0" time="0"><testcase classname="InvalidDeviceId" name="invalid_device_id" />
</testsuite><testsuite name="local_mqtt_pub_fail_noqos" tests="1" errors="0" failures="0" skipped="0" time="0"><testcase classname="PySysTest" name="local_mqtt_pub_fail_noqos" />
</testsuite><testsuite name="local_mqtt_pub_fail_qos0" tests="1" errors="0" failures="0" skipped="0" time="0"><testcase classname="PySysTest" name="local_mqtt_pub_fail_qos0" />
</testsuite><testsuite name="local_mqtt_pub_fail_qos1" tests="1" errors="0" failures="0" skipped="0" time="0"><testcase classname="PySysTest" name="local_mqtt_pub_fail_qos1" />
</testsuite><testsuite name="local_mqtt_pub_fail_qos2" tests="1" errors="0" failures="0" skipped="0" time="0"><testcase classname="PySysTest" name="local_mqtt_pub_fail_qos2" />
</testsuite><testsuite name="local_mqtt_pub_sub" tests="1" errors="0" failures="0" skipped="0" time="0"><testcase classname="PySysTest" name="local_mqtt_pub_sub" />
</testsuite><testsuite name="local_mqtt_pub_sub_retain" tests="1" errors="0" failures="0" skipped="0" time="0"><testcase classname="MqttPublishWithRetain" name="local_mqtt_pub_sub_retain" />
</testsuite><testsuite name="local_mqtt_pub_sub_with_sudo" tests="1" errors="0" failures="0" skipped="0" time="0"><testcase classname="PySysTest" name="local_mqtt_pub_sub_with_sudo" />
</testsuite><testsuite name="local_mqtt_sub_fail" tests="1" errors="0" failures="0" skipped="0" time="0"><testcase classname="PySysTest" name="local_mqtt_sub_fail" />
</testsuite><testsuite name="log_request_error_messages" tests="1" errors="0" failures="1" skipped="0" time="0"><testcase classname="LogRequestVerifySearchTextError" name="log_request_error_messages">
		<failure message="FAILED: Assert that (True == value) with value=False" type="FAILED" />
		<system-out>11:38:00 INFO  ==============================================================
11:38:00 INFO  Id:    log_request_error_messages
11:38:00 INFO  Dir:   log_request_end_to_end/
11:38:00 INFO  Title: Validate end to end behaviour for the log request operation check for error messages
11:38:00 INFO  ==============================================================
11:38:02 INFO  EnvironmentC8y Setup
11:38:02 INFO  Executed systemctl&lt;serv_mapper1&gt;, exit status 3
11:38:02 INFO  Restarting mosquitto too frequently in the last 10 seconds. It was only up for 2 seconds
11:38:02 INFO  Delaying execution by 9 seconds
11:38:25 INFO  Executed sudo&lt;tedge_connect_c8y&gt;, exit status 0, duration 13 secs
11:38:25 INFO  Executed sudo&lt;tedge_connect_c8y_test&gt;, exit status 0
11:38:26 INFO  Executed systemctl&lt;serv_mosq2&gt;, exit status 0
11:38:26 INFO  Executed systemctl&lt;serv_mapper3&gt;, exit status 0
11:38:27 INFO  Executed sudo&lt;rm_logs&gt;, exit status 0
11:38:27 INFO  Executed sudo&lt;move_logs&gt;, exit status 0
11:38:28 INFO  log response None
11:38:28 WARN  retry, retrying in 1 seconds...
11:38:29 INFO  log response https://thin-edge-io.eu-latest.cumulocity.com/event/events/18823928/binaries
11:38:30 WARN  Assert that (True == value) with value=False ... failed [run.py:43]
11:38:30 INFO  
11:38:30 INFO  cleanup:
11:38:30 INFO  Executed sudo&lt;rm_logs&gt;, exit status 0
11:38:31 INFO  Executed sudo&lt;rm_tmp_logs&gt;, exit status 0
11:38:31 INFO  Executed sudo&lt;send_failed&gt;, exit status 0
11:38:35 INFO  Executed sudo&lt;tedge_disconnect_c8y&gt;, exit status 0
11:38:36 INFO  Executed systemctl&lt;serv_mapper5&gt;, exit status 3
11:38:36 INFO  
11:38:36 INFO  Test duration: 35.70 secs
11:38:36 INFO  Test final outcome:  FAILED
11:38:36 INFO  Test outcome reason: Assert that (True == value) with value=False
11:38:36 INFO  
</system-out>
	</testcase>
</testsuite><testsuite name="log_request_num_lines" tests="1" errors="0" failures="1" skipped="0" time="0"><testcase classname="LogRequestVerifyNumberOfLines" name="log_request_num_lines">
		<failure message="FAILED: Assert that (True == value) with value=False" type="FAILED" />
		<system-out>11:38:36 INFO  ==============================================================
11:38:36 INFO  Id:    log_request_num_lines
11:38:36 INFO  Dir:   log_request_end_to_end/
11:38:36 INFO  Title: Validate end to end behaviour for the log request operation check for number of lines
11:38:36 INFO  ==============================================================
11:38:36 INFO  EnvironmentC8y Setup
11:38:37 INFO  Executed systemctl&lt;serv_mapper1&gt;, exit status 3
11:38:37 INFO  Restarting mosquitto too frequently in the last 10 seconds. It was only up for 5 seconds
11:38:37 INFO  Delaying execution by 6 seconds
11:38:57 INFO  Executed sudo&lt;tedge_connect_c8y&gt;, exit status 0, duration 14 secs
11:38:57 INFO  Executed sudo&lt;tedge_connect_c8y_test&gt;, exit status 0
11:38:58 INFO  Executed systemctl&lt;serv_mosq2&gt;, exit status 0
11:38:58 INFO  Executed systemctl&lt;serv_mapper3&gt;, exit status 0
11:38:59 INFO  Executed sudo&lt;rm_logs&gt;, exit status 0
11:38:59 INFO  Executed sudo&lt;move_logs&gt;, exit status 0
11:39:00 INFO  log response None
11:39:00 WARN  retry, retrying in 1 seconds...
11:39:01 INFO  log response https://thin-edge-io.eu-latest.cumulocity.com/event/events/18821007/binaries
11:39:01 INFO  nlines 0
11:39:02 WARN  Assert that (True == value) with value=False ... failed [run.py:44]
11:39:02 INFO  
11:39:02 INFO  cleanup:
11:39:02 INFO  Executed sudo&lt;rm_logs&gt;, exit status 0
11:39:03 INFO  Executed sudo&lt;rm_tmp_logs&gt;, exit status 0
11:39:03 INFO  Executed sudo&lt;send_failed&gt;, exit status 0
11:39:07 INFO  Executed sudo&lt;tedge_disconnect_c8y&gt;, exit status 0
11:39:08 INFO  Executed systemctl&lt;serv_mapper5&gt;, exit status 3
11:39:08 INFO  
11:39:08 INFO  Test duration: 31.56 secs
11:39:08 INFO  Test final outcome:  FAILED
11:39:08 INFO  Test outcome reason: Assert that (True == value) with value=False
11:39:08 INFO  
</system-out>
	</testcase>
</testsuite><testsuite name="mapper_awaits_before_reconnect" tests="1" errors="0" failures="1" skipped="0" time="0"><testcase classname="MapperReconnectAwait" name="mapper_awaits_before_reconnect">
		<failure message="FAILED: Line count on tedge_mapper_journal.out for &quot;tedge_mapper::core::mapper: MQTT connection error:&quot; expected &gt;=2 but got 0" type="FAILED" />
		<system-out>11:53:36 INFO  ==============================================================
11:53:36 INFO  Id:    mapper_awaits_before_reconnect
11:53:36 INFO  Dir:   tedge_mapper_c8y/
11:53:36 INFO  Title: Validate mapper doesn't reconnect too often
11:53:36 INFO  ==============================================================
11:53:36 INFO  Started mosquitto_sub with process id 19591
11:53:36 INFO  Waiting for 0.1 seconds
11:53:36 INFO  Executed sudo&lt;tedge_mapper&gt;, exit status 0
11:53:36 INFO  Waiting for 5.0 seconds
11:53:42 INFO  Executed sudo&lt;tedge_mapper&gt;, exit status 0
11:53:44 INFO  Executed sudo&lt;tedge_mapper_journal&gt;, exit status 0
11:53:44 WARN  Grep on tedge_mapper_journal.out contains "ERROR" ... failed [run.py:67]
11:53:44 INFO  Line count on file tedge_mapper_journal.out ... passed
11:53:44 WARN  Line count on tedge_mapper_journal.out for "tedge_mapper::core::mapper: MQTT connection error:" expected &gt;=2 but got 0 ... failed [run.py:78]
11:53:44 WARN  Aborted test due to FAILED outcome
11:53:44 INFO  
11:53:44 INFO  Test duration: 8.26 secs
11:53:44 INFO  Test final outcome:  FAILED
11:53:44 INFO  Test outcome reason: Line count on tedge_mapper_journal.out for "tedge_mapper::core::mapper: MQTT connection error:" expected &gt;=2 but got 0
11:53:44 INFO  
</system-out>
	</testcase>
</testsuite><testsuite name="monitoring_smaller_interval" tests="1" errors="0" failures="1" skipped="0" time="0"><testcase classname="MonitoringSmallInterval" name="monitoring_smaller_interval">
		<failure message="BLOCKED: TypeError: 'int' object is not subscriptable" type="BLOCKED" />
		<system-out>11:40:35 INFO  ==============================================================
11:40:35 INFO  Id:    monitoring_smaller_interval
11:40:35 INFO  Dir:   monitoring/
11:40:35 INFO  Title: Validate the tedge dm agent messages that are produced with smaller sampling interval than the batching window. Here the simulated collectd messages are used
11:40:35 INFO  ==============================================================
11:40:36 INFO  Executed sudo&lt;collectd&gt;, exit status 0
11:40:37 INFO  Executed sudo&lt;collectd_mapper&gt;, exit status 0
11:40:37 INFO  Started sudo&lt;tedge_sub&gt; with process id 15753
11:40:37 INFO  Executed sudo&lt;tedge_temp&gt;, exit status 0
11:40:38 INFO  Executed sudo&lt;tedge_pres&gt;, exit status 0
11:40:38 INFO  Executed sudo&lt;tedge_temp&gt;, exit status 0
11:40:39 INFO  Executed sudo&lt;tedge_pres&gt;, exit status 0
11:40:40 INFO  Executed sudo&lt;tedge_temp&gt;, exit status 0
11:40:40 INFO  Executed sudo&lt;tedge_pres&gt;, exit status 0
11:40:41 INFO  Executed sudo&lt;tedge_temp&gt;, exit status 0
11:40:41 INFO  Executed sudo&lt;tedge_pres&gt;, exit status 0
11:40:42 INFO  Executed sudo&lt;tedge_temp&gt;, exit status 0
11:40:42 INFO  Executed sudo&lt;tedge_pres&gt;, exit status 0
11:40:43 INFO  Executed sudo&lt;tedge_temp&gt;, exit status 0
11:40:44 INFO  Executed sudo&lt;tedge_pres&gt;, exit status 0
11:40:44 INFO  Executed sudo&lt;tedge_temp&gt;, exit status 0
11:40:45 INFO  Executed sudo&lt;tedge_pres&gt;, exit status 0
11:40:45 INFO  Executed sudo&lt;tedge_temp&gt;, exit status 0
11:40:46 INFO  Executed sudo&lt;tedge_pres&gt;, exit status 0
11:40:46 INFO  Executed sudo&lt;tedge_temp&gt;, exit status 0
11:40:47 INFO  Executed sudo&lt;tedge_pres&gt;, exit status 0
11:40:48 INFO  Executed sudo&lt;tedge_temp&gt;, exit status 0
11:40:48 INFO  Executed sudo&lt;tedge_pres&gt;, exit status 0
11:40:50 INFO  Executed sudo&lt;kill_out&gt;, exit status 0
11:40:50 INFO  0

11:40:50 WARN  TypeError occurred while running test - 'int' object is not subscriptable
Traceback (most recent call last):
  File "/home/pi/env-pysys/lib/python3.7/site-packages/pysys/baserunner.py", line 1296, in __call__
    self.testObj.validate()
  File "/home/pi/actions-runner/_work/thin-edge.io/thin-edge.io/tests/PySys/monitoring/monitoring_smaller_interval/run.py", line 104, in validate
    collectd_msg_validation_result=self.validate_json(),
  File "/home/pi/actions-runner/_work/thin-edge.io/thin-edge.io/tests/PySys/monitoring/monitoring_smaller_interval/run.py", line 114, in validate_json
    if not self.validate_time():
  File "/home/pi/actions-runner/_work/thin-edge.io/thin-edge.io/tests/PySys/monitoring/monitoring_smaller_interval/run.py", line 134, in validate_time
    if self.js_msg["time"]:
TypeError: 'int' object is not subscriptable
11:40:50 WARN  TypeError: 'int' object is not subscriptable ... blocked 
11:40:50 INFO  
11:40:50 INFO  cleanup:
11:40:50 INFO  monitoring_cleanup
11:40:50 INFO  Executed sudo&lt;collectd_mapper&gt;, exit status 0
11:40:50 INFO  
11:40:50 INFO  Test duration: 14.97 secs
11:40:50 INFO  Test final outcome:  BLOCKED
11:40:50 INFO  Test outcome reason: TypeError: 'int' object is not subscriptable
11:40:50 INFO  
</system-out>
	</testcase>
</testsuite><testsuite name="monitoring_with_collectd" tests="1" errors="0" failures="0" skipped="1" time="0"><testcase classname="MonitoringWithCollectd" name="monitoring_with_collectd">
		<skipped message="SKIPPED: Test execution disabled due to #792 (instable)" />
		<system-out>11:40:50 INFO  ==============================================================
11:40:50 INFO  Id:    monitoring_with_collectd
11:40:50 INFO  Dir:   monitoring/
11:40:50 INFO  Title: Validate tedge dm agent messages that are produced by batching the collectd messages
11:40:50 INFO  ==============================================================
11:40:50 INFO  Test execution disabled due to #792 (instable) ... skipped
11:40:50 INFO  
11:40:50 INFO  Test duration: 0.02 secs
11:40:50 INFO  Test final outcome:  SKIPPED
11:40:50 INFO  Test outcome reason: Test execution disabled due to #792 (instable)
11:40:50 INFO  
</system-out>
	</testcase>
</testsuite><testsuite name="monitoring_with_simulated_messages" tests="1" errors="0" failures="1" skipped="0" time="0"><testcase classname="MonitoringWithSimulatedMessages" name="monitoring_with_simulated_messages">
		<failure message="BLOCKED: TypeError: 'int' object is not subscriptable" type="BLOCKED" />
		<system-out>11:40:51 INFO  ==============================================================
11:40:51 INFO  Id:    monitoring_with_simulated_messages
11:40:51 INFO  Dir:   monitoring/
11:40:51 INFO  Title: Validate the tedge dm agent messages that are produced from the simulated collectd messages
11:40:51 INFO  ==============================================================
11:40:51 INFO  Executed sudo&lt;collectd&gt;, exit status 0
11:40:52 INFO  Executed sudo&lt;collectd_mapper&gt;, exit status 0
11:40:52 INFO  Started sudo&lt;tedge_sub&gt; with process id 15809
11:40:52 INFO  Executed sudo&lt;tedge_temp&gt;, exit status 0
11:40:53 INFO  Executed sudo&lt;tedge_pres&gt;, exit status 0
11:40:54 INFO  Executed sudo&lt;kill_out&gt;, exit status 0
11:40:54 INFO  0

11:40:54 WARN  TypeError occurred while running test - 'int' object is not subscriptable
Traceback (most recent call last):
  File "/home/pi/env-pysys/lib/python3.7/site-packages/pysys/baserunner.py", line 1296, in __call__
    self.testObj.validate()
  File "/home/pi/actions-runner/_work/thin-edge.io/thin-edge.io/tests/PySys/monitoring/monitoring_with_simulated_messages/run.py", line 98, in validate
    collectd_msg_validation_result=self.validate_json(),
  File "/home/pi/actions-runner/_work/thin-edge.io/thin-edge.io/tests/PySys/monitoring/monitoring_with_simulated_messages/run.py", line 108, in validate_json
    if not self.validate_time():
  File "/home/pi/actions-runner/_work/thin-edge.io/thin-edge.io/tests/PySys/monitoring/monitoring_with_simulated_messages/run.py", line 127, in validate_time
    if self.js_msg["time"]:
TypeError: 'int' object is not subscriptable
11:40:54 WARN  TypeError: 'int' object is not subscriptable ... blocked 
11:40:54 INFO  
11:40:54 INFO  cleanup:
11:40:54 INFO  monitoring_cleanup
11:40:55 INFO  Executed sudo&lt;collectd_mapper&gt;, exit status 0
11:40:55 INFO  
11:40:55 INFO  Test duration: 4.44 secs
11:40:55 INFO  Test final outcome:  BLOCKED
11:40:55 INFO  Test outcome reason: TypeError: 'int' object is not subscriptable
11:40:55 INFO  
</system-out>
	</testcase>
</testsuite><testsuite name="mqtt_port_change_connection_fails" tests="1" errors="0" failures="0" skipped="0" time="0"><testcase classname="MqttPortChangeConnectionFails" name="mqtt_port_change_connection_fails" />
</testsuite><testsuite name="mqtt_port_change_connection_works" tests="1" errors="0" failures="0" skipped="1" time="0"><testcase classname="MqttPortChangeConnectionWorks" name="mqtt_port_change_connection_works">
		<skipped message="SKIPPED: failing intermitently" />
		<system-out>11:39:42 INFO  ==============================================================
11:39:42 INFO  Id:    mqtt_port_change_connection_works
11:39:42 INFO  Dir:   misc_features/
11:39:42 INFO  Title: mqtt port change connection works for all the thin-edge services that use the mosquitto broker
11:39:42 INFO  ==============================================================
11:39:42 INFO  failing intermitently ... skipped
11:39:42 INFO  
11:39:42 INFO  Test duration: 0.02 secs
11:39:42 INFO  Test final outcome:  SKIPPED
11:39:42 INFO  Test outcome reason: failing intermitently
11:39:42 INFO  
</system-out>
	</testcase>
</testsuite><testsuite name="mqtt_port_set" tests="1" errors="0" failures="0" skipped="0" time="0"><testcase classname="MqttPortSet" name="mqtt_port_set" />
</testsuite><testsuite name="mqtt_port_unset" tests="1" errors="0" failures="0" skipped="0" time="0"><testcase classname="MqttPortUnSet" name="mqtt_port_unset" />
</testsuite><testsuite name="publish_flux" tests="1" errors="0" failures="0" skipped="0" time="0"><testcase classname="PublishFlux" name="publish_flux" />
</testsuite><testsuite name="publish_sawmill" tests="1" errors="0" failures="0" skipped="0" time="0"><testcase classname="PublishSawmill" name="publish_sawmill" />
</testsuite><testsuite name="runtime_start_two_mappers" tests="1" errors="0" failures="1" skipped="0" time="0"><testcase classname="RuntimeMultiMappers" name="runtime_start_two_mappers">
		<failure message="FAILED: Grep on tedge_mapper2.err contains &quot;Error: Couldn't acquire file lock.&quot;" type="FAILED" />
		<system-out>11:53:44 INFO  ==============================================================
11:53:44 INFO  Id:    runtime_start_two_mappers
11:53:44 INFO  Dir:   tedge_mapper_c8y/
11:53:44 INFO  Title: Validate two mappers can't be started at the same time
11:53:44 INFO  ==============================================================
11:53:44 INFO  Executed sudo&lt;tedge_mapper1&gt;, exit status 0
11:53:44 INFO  Waiting for 0.1 seconds
11:53:45 INFO  Executed sudo&lt;tedge_mapper2&gt;, exit status 1
11:53:46 INFO  Executed sudo&lt;tedge_mapper1&gt;, exit status 0
11:53:46 WARN  Grep on tedge_mapper2.err contains "Error: Couldn't acquire file lock." ... failed [run.py:46]
11:53:46 INFO  
11:53:46 INFO  Test duration: 1.75 secs
11:53:46 INFO  Test final outcome:  FAILED
11:53:46 INFO  Test outcome reason: Grep on tedge_mapper2.err contains "Error: Couldn't acquire file lock."
11:53:46 INFO  
</system-out>
	</testcase>
</testsuite><testsuite name="sm_tedge_mapper_init_session" tests="1" errors="0" failures="0" skipped="0" time="0"><testcase classname="TedgeSMMapperInitSession" name="sm_tedge_mapper_init_session" />
</testsuite><testsuite name="smoketest_json" tests="1" errors="0" failures="0" skipped="0" time="0"><testcase classname="SmokeTestJson" name="smoketest_json" />
</testsuite><testsuite name="smoketest_json_400_samples_10ms" tests="1" errors="0" failures="0" skipped="0" time="0"><testcase classname="SmoketestJson400Samples10ms" name="smoketest_json_400_samples_10ms" />
</testsuite><testsuite name="smoketest_json_400_samples_20ms" tests="1" errors="0" failures="0" skipped="0" time="0"><testcase classname="SmoketestJson400Samples20ms" name="smoketest_json_400_samples_20ms" />
</testsuite><testsuite name="smoketest_smartrest" tests="1" errors="0" failures="0" skipped="0" time="0"><testcase classname="SmoketestSmartRest" name="smoketest_smartrest" />
</testsuite><testsuite name="smoketest_smartrest_400_samples_1Xms" tests="1" errors="0" failures="0" skipped="0" time="0"><testcase classname="SmoketestSmartRest400Samples1Xms" name="smoketest_smartrest_400_samples_1Xms" />
</testsuite><testsuite name="smoketest_smartrest_400_samples_20ms" tests="1" errors="0" failures="0" skipped="0" time="0"><testcase classname="SmoketestSmartRest400Samples20ms" name="smoketest_smartrest_400_samples_20ms" />
</testsuite><testsuite name="tedge_agent_user_sudo_access" tests="1" errors="0" failures="0" skipped="1" time="0"><testcase classname="TedgeAgentUserSudoAccess" name="tedge_agent_user_sudo_access">
		<skipped message="SKIPPED: #955 Observation: Exit code of the apt plugin when called with no arguments" />
		<system-out>11:51:00 INFO  ==============================================================
11:51:00 INFO  Id:    tedge_agent_user_sudo_access
11:51:00 INFO  Dir:   tedge/
11:51:00 INFO  Title: Validate tedge-agent user has a limited sudo right
11:51:00 INFO  ==============================================================
11:51:00 INFO  #955 Observation: Exit code of the apt plugin when called with no arguments ... skipped
11:51:00 INFO  
11:51:00 INFO  Test duration: 0.02 secs
11:51:00 INFO  Test final outcome:  SKIPPED
11:51:00 INFO  Test outcome reason: #955 Observation: Exit code of the apt plugin when called with no arguments
11:51:00 INFO  
</system-out>
	</testcase>
</testsuite><testsuite name="tedge_connect_test_negative" tests="1" errors="0" failures="0" skipped="0" time="0"><testcase classname="TedgeConnectTestNegative" name="tedge_connect_test_negative" />
</testsuite><testsuite name="tedge_connect_test_positive" tests="1" errors="0" failures="0" skipped="0" time="0"><testcase classname="TedgeConnectTestPositive" name="tedge_connect_test_positive" />
</testsuite><testsuite name="tedge_connect_test_sm_services" tests="1" errors="0" failures="0" skipped="0" time="0"><testcase classname="TedgeConnectTestSMServices" name="tedge_connect_test_sm_services" />
</testsuite><testsuite name="tedge_disconnect_test_sm_services" tests="1" errors="0" failures="0" skipped="0" time="0"><testcase classname="TedgeDisConnectTestSMServices" name="tedge_disconnect_test_sm_services" />
</testsuite><testsuite name="tedge_mapper_az_negative" tests="1" errors="0" failures="0" skipped="0" time="0"><testcase classname="TedgeMapperAzError" name="tedge_mapper_az_negative" />
</testsuite><testsuite name="tedge_mapper_az_with_timestamp" tests="1" errors="0" failures="0" skipped="0" time="0"><testcase classname="TedgeMapperAzWithTimestamp" name="tedge_mapper_az_with_timestamp" />
</testsuite><testsuite name="tedge_mapper_az_without_timestamp" tests="1" errors="0" failures="0" skipped="0" time="0"><testcase classname="TedgeMapperAzWithoutTimestamp" name="tedge_mapper_az_without_timestamp" />
</testsuite><testsuite name="tedge_mapper_c8y_alarms" tests="1" errors="0" failures="0" skipped="0" time="0"><testcase classname="TedgeMapperC8yAlarm" name="tedge_mapper_c8y_alarms" />
</testsuite><testsuite name="tedge_mapper_c8y_child_device_measurement" tests="1" errors="0" failures="0" skipped="0" time="0"><testcase classname="TedgeMapperC8yChildDevice" name="tedge_mapper_c8y_child_device_measurement" />
</testsuite><testsuite name="tedge_mapper_c8y_packet_threshold_size" tests="1" errors="0" failures="1" skipped="0" time="0"><testcase classname="TedgeMapperC8yThresholdPacketSize" name="tedge_mapper_c8y_packet_threshold_size">
		<failure message="FAILED: Grep on tedge_sub.out contains &quot;The size of the message received on tedge/measurements is 20489 which is greater than the threshold size of 16184.&quot;" type="FAILED" />
		<system-out>11:55:21 INFO  ==============================================================
11:55:21 INFO  Id:    tedge_mapper_c8y_packet_threshold_size
11:55:21 INFO  Dir:   tedge_mapper_c8y/
11:55:21 INFO  Title: Validate the Cumulocity Mapper accepted threshold packet size when it receives a message on tedge/measurements
11:55:21 INFO  ==============================================================
11:55:22 INFO  Executed sudo&lt;tedge_mapper_c8y&gt;, exit status 0
11:55:22 INFO  Started sudo&lt;tedge_sub&gt; with process id 20186
11:55:22 INFO  Executed sudo&lt;tedge_msg&gt;, exit status 0
11:55:23 INFO  Executed sudo&lt;tedge_pub&gt;, exit status 0
11:55:23 INFO  Executed sudo&lt;kill_out&gt;, exit status 0
11:55:23 WARN  Grep on tedge_sub.out contains "The size of the message received on tedge/measurements is 20489 which is greater than the threshold size of 16184." ... failed [run.py:88]
11:55:23 INFO  
11:55:23 INFO  cleanup:
11:55:23 INFO  mapper_cleanup
11:55:24 INFO  Executed sudo&lt;tedge_mapper_c8y&gt;, exit status 0
11:55:24 INFO  
11:55:24 INFO  Test duration: 3.05 secs
11:55:24 INFO  Test final outcome:  FAILED
11:55:24 INFO  Test outcome reason: Grep on tedge_sub.out contains "The size of the message received on tedge/measurements is 20489 which is greater than the threshold size of 16184."
11:55:24 INFO  
</system-out>
	</testcase>
</testsuite><testsuite name="tedge_software_update" tests="1" errors="0" failures="0" skipped="0" time="0"><testcase classname="PySysTest" name="tedge_software_update" />
</testsuite><testsuite name="valid_device_id" tests="1" errors="0" failures="0" skipped="0" time="0"><testcase classname="ValidateValidDeviceId" name="valid_device_id" />
</testsuite></testsuites>