<?xml version='1.0' encoding='utf-8'?>
<testsuites tests="139" failures="16" errors="0" skipped="45" time="0.0"><testsuite name="SoftwareManagement.Plugin.apama_plugin_install" tests="3" errors="0" failures="0" skipped="1" time="0"><testcase classname="ApamaPluginInstallTest" name="SoftwareManagement.Plugin.apama_plugin_install">
		<skipped message="SKIPPED: Apama plugin tests are disabled by default. Execute `pysys run` with `-XmyPlatform=container` to run these tests" />
		<system-out>11:51:16 INFO  ==============================================================
11:51:16 INFO  Id:    SoftwareManagement.Plugin.apama_plugin_install
11:51:16 INFO  Dir:   plugin_apama/
11:51:16 INFO  Title: Validate apama plugin install
11:51:16 INFO  ==============================================================
11:51:16 INFO  Apama plugin tests are disabled by default. Execute `pysys run` with `-XmyPlatform=container` to run these tests ... skipped
11:51:16 WARN  Aborted test due to SKIPPED outcome
11:51:16 INFO  
11:51:16 INFO  Test duration: 0.05 secs
11:51:16 INFO  Test final outcome:  SKIPPED
11:51:16 INFO  Test outcome reason: Apama plugin tests are disabled by default. Execute `pysys run` with `-XmyPlatform=container` to run these tests
11:51:16 INFO  
</system-out>
	</testcase>
<testcase classname="ApamaPluginInstallTest" name="SoftwareManagement.Plugin.apama_plugin_install" />
<testcase classname="ApamaPluginInstallTest" name="SoftwareManagement.Plugin.apama_plugin_install" />
</testsuite><testsuite name="SoftwareManagement.Plugin.apama_plugin_mon_support" tests="3" errors="0" failures="0" skipped="1" time="0"><testcase classname="ApamaPluginMonSupportTest" name="SoftwareManagement.Plugin.apama_plugin_mon_support">
		<skipped message="SKIPPED: Apama plugin tests are disabled by default. Execute `pysys run` with `-XmyPlatform=container` to run these tests" />
		<system-out>11:51:16 INFO  ==============================================================
11:51:16 INFO  Id:    SoftwareManagement.Plugin.apama_plugin_mon_support
11:51:16 INFO  Dir:   plugin_apama/
11:51:16 INFO  Title: Validate mon file support of apama plugin
11:51:16 INFO  ==============================================================
11:51:16 INFO  Apama plugin tests are disabled by default. Execute `pysys run` with `-XmyPlatform=container` to run these tests ... skipped
11:51:16 WARN  Aborted test due to SKIPPED outcome
11:51:16 INFO  
11:51:16 INFO  Test duration: 0.02 secs
11:51:16 INFO  Test final outcome:  SKIPPED
11:51:16 INFO  Test outcome reason: Apama plugin tests are disabled by default. Execute `pysys run` with `-XmyPlatform=container` to run these tests
11:51:16 INFO  
</system-out>
	</testcase>
<testcase classname="ApamaPluginMonSupportTest" name="SoftwareManagement.Plugin.apama_plugin_mon_support" />
<testcase classname="ApamaPluginMonSupportTest" name="SoftwareManagement.Plugin.apama_plugin_mon_support" />
</testsuite><testsuite name="SoftwareManagement.Plugin.apama_plugin_remove" tests="3" errors="0" failures="0" skipped="1" time="0"><testcase classname="ApamaPluginRemoveTest" name="SoftwareManagement.Plugin.apama_plugin_remove">
		<skipped message="SKIPPED: Apama plugin tests are disabled by default. Execute `pysys run` with `-XmyPlatform=container` to run these tests" />
		<system-out>11:51:16 INFO  ==============================================================
11:51:16 INFO  Id:    SoftwareManagement.Plugin.apama_plugin_remove
11:51:16 INFO  Dir:   plugin_apama/
11:51:16 INFO  Title: Validate apama plugin remove
11:51:16 INFO  ==============================================================
11:51:16 INFO  Apama plugin tests are disabled by default. Execute `pysys run` with `-XmyPlatform=container` to run these tests ... skipped
11:51:16 WARN  Aborted test due to SKIPPED outcome
11:51:16 INFO  
11:51:16 INFO  Test duration: 0.05 secs
11:51:16 INFO  Test final outcome:  SKIPPED
11:51:16 INFO  Test outcome reason: Apama plugin tests are disabled by default. Execute `pysys run` with `-XmyPlatform=container` to run these tests
11:51:16 INFO  
</system-out>
	</testcase>
<testcase classname="ApamaPluginRemoveTest" name="SoftwareManagement.Plugin.apama_plugin_remove" />
<testcase classname="ApamaPluginRemoveTest" name="SoftwareManagement.Plugin.apama_plugin_remove" />
</testsuite><testsuite name="SoftwareManagement.Plugin.apama_plugin_update" tests="3" errors="0" failures="2" skipped="1" time="0"><testcase classname="ApamaPluginUpdateTest" name="SoftwareManagement.Plugin.apama_plugin_update">
		<skipped message="SKIPPED: Apama plugin tests are disabled by default. Execute `pysys run` with `-XmyPlatform=container` to run these tests" />
		<system-out>11:51:16 INFO  ==============================================================
11:51:16 INFO  Id:    SoftwareManagement.Plugin.apama_plugin_update
11:51:16 INFO  Dir:   plugin_apama/
11:51:16 INFO  Title: Validate apama plugin updating one project with another
11:51:16 INFO  ==============================================================
11:51:16 INFO  Apama plugin tests are disabled by default. Execute `pysys run` with `-XmyPlatform=container` to run these tests ... skipped
11:51:16 WARN  Aborted test due to SKIPPED outcome
11:51:16 INFO  
11:51:16 INFO  Test duration: 0.02 secs
11:51:16 INFO  Test final outcome:  SKIPPED
11:51:16 INFO  Test outcome reason: Apama plugin tests are disabled by default. Execute `pysys run` with `-XmyPlatform=container` to run these tests
11:51:16 INFO  
</system-out>
	</testcase>
<testcase classname="ApamaPluginUpdateTest" name="SoftwareManagement.Plugin.apama_plugin_update">
		<failure message="BLOCKED: sudo&lt;plugin_install&gt; returned non-zero exit code 2" type="BLOCKED" />
		<system-out>12:42:23 INFO  ==============================================================
12:42:23 INFO  Id:    SoftwareManagement.Plugin.apama_plugin_update
12:42:23 INFO  Dir:   plugin_apama/
12:42:23 INFO  Title: Validate apama plugin updating one project with another
12:42:23 INFO  ==============================================================
12:42:23 INFO  Assertion that path exists=False for "/etc/tedge/apama/project" ... passed
12:42:24 INFO  Executed sudo&lt;create_project_dir&gt;, exit status 0
12:42:24 INFO  Executed sudo&lt;unzip_apama_project&gt;, exit status 0
12:42:25 INFO  Executed sudo&lt;move_apama_project&gt;, exit status 0
12:42:26 INFO  Executed sudo&lt;restart_apama_service&gt;, exit status 0
12:42:26 INFO  Executed sudo&lt;apama_correlator_wait&gt;, exit status 0
12:42:26 INFO  Assertion that path exists=True for "/etc/tedge/apama/project" ... passed
12:42:27 INFO  Executed sudo&lt;apama_list_monitors&gt;, exit status 0
12:42:27 INFO  Grep on file /home/pi/actions-runner/_work/thin-edge.io/thin-edge.io/tests/PySys/plugin_apama/apama_plugin_update/Output/linux/apama_list_monitors.out ... passed
12:42:28 WARN  Executed sudo&lt;plugin_install&gt;, exit status 2
12:42:28 INFO  Contents of plugin_install.err: 
  ERROR: Directory not empty (os error 39)
  -----

12:42:28 WARN  sudo&lt;plugin_install&gt; returned non-zero exit code 2 ... blocked [run.py:35]
12:42:28 WARN  Aborted test due to BLOCKED outcome
12:42:28 INFO  
12:42:28 INFO  cleanup:
12:42:28 INFO  Removing apama project
12:42:44 INFO  Executed sudo&lt;stop_apama_service&gt;, exit status 0, duration 15 secs
12:42:44 INFO  Executed sudo&lt;remove_apama_project&gt;, exit status 0
12:42:45 INFO  Executed sudo&lt;remove_apama_tmp_dir&gt;, exit status 0
12:42:45 INFO  
12:42:45 INFO  Test duration: 21.40 secs
12:42:45 INFO  Test final outcome:  BLOCKED
12:42:45 INFO  Test outcome reason: sudo&lt;plugin_install&gt; returned non-zero exit code 2
12:42:45 INFO  
</system-out>
	</testcase>
<testcase classname="ApamaPluginUpdateTest" name="SoftwareManagement.Plugin.apama_plugin_update">
		<failure message="BLOCKED: sudo&lt;plugin_install&gt; returned non-zero exit code 2" type="BLOCKED" />
		<system-out>12:50:56 INFO  ==============================================================
12:50:56 INFO  Id:    SoftwareManagement.Plugin.apama_plugin_update
12:50:56 INFO  Dir:   plugin_apama/
12:50:56 INFO  Title: Validate apama plugin updating one project with another
12:50:56 INFO  ==============================================================
12:50:56 INFO  Assertion that path exists=False for "/etc/tedge/apama/project" ... passed
12:50:57 INFO  Executed sudo&lt;create_project_dir&gt;, exit status 0
12:50:57 INFO  Executed sudo&lt;unzip_apama_project&gt;, exit status 0
12:50:58 INFO  Executed sudo&lt;move_apama_project&gt;, exit status 0
12:50:59 INFO  Executed sudo&lt;restart_apama_service&gt;, exit status 0
12:51:00 INFO  Executed sudo&lt;apama_correlator_wait&gt;, exit status 0
12:51:00 INFO  Assertion that path exists=True for "/etc/tedge/apama/project" ... passed
12:51:00 INFO  Executed sudo&lt;apama_list_monitors&gt;, exit status 0
12:51:00 INFO  Grep on file /home/pi/actions-runner/_work/thin-edge.io/thin-edge.io/tests/PySys/plugin_apama/apama_plugin_update/Output/linux/apama_list_monitors.out ... passed
12:51:01 WARN  Executed sudo&lt;plugin_install&gt;, exit status 2
12:51:01 INFO  Contents of plugin_install.err: 
  ERROR: Directory not empty (os error 39)
  -----

12:51:01 WARN  sudo&lt;plugin_install&gt; returned non-zero exit code 2 ... blocked [run.py:35]
12:51:01 WARN  Aborted test due to BLOCKED outcome
12:51:01 INFO  
12:51:01 INFO  cleanup:
12:51:01 INFO  Removing apama project
12:51:16 INFO  Executed sudo&lt;stop_apama_service&gt;, exit status 0, duration 15 secs
12:51:17 INFO  Executed sudo&lt;remove_apama_project&gt;, exit status 0
12:51:17 INFO  Executed sudo&lt;remove_apama_tmp_dir&gt;, exit status 0
12:51:17 INFO  
12:51:17 INFO  Test duration: 21.15 secs
12:51:17 INFO  Test final outcome:  BLOCKED
12:51:17 INFO  Test outcome reason: sudo&lt;plugin_install&gt; returned non-zero exit code 2
12:51:17 INFO  
</system-out>
	</testcase>
</testsuite><testsuite name="SoftwareManagement.sm_apt_install_download_path" tests="3" errors="0" failures="2" skipped="1" time="0"><testcase classname="AptInstallWithDownloadPath" name="SoftwareManagement.sm_apt_install_download_path">
		<skipped message="SKIPPED: Testing the apt plugin is not supported on this platform.Use parameter -XmyPlatform='container' to enable it" />
		<system-out>12:00:52 INFO  ==============================================================
12:00:52 INFO  Id:    SoftwareManagement.sm_apt_install_download_path
12:00:52 INFO  Dir:   software_management_end_to_end/
12:00:52 INFO  Title: Install package to directory specified in tedge config set tmp.path
12:00:52 INFO  ==============================================================
12:00:52 INFO  Testing the apt plugin is not supported on this platform.Use parameter -XmyPlatform='container' to enable it ... skipped
12:00:52 WARN  Aborted test due to SKIPPED outcome
12:00:52 INFO  
12:00:52 INFO  Test duration: 0.06 secs
12:00:52 INFO  Test final outcome:  SKIPPED
12:00:52 INFO  Test outcome reason: Testing the apt plugin is not supported on this platform.Use parameter -XmyPlatform='container' to enable it
12:00:52 INFO  
</system-out>
	</testcase>
<testcase classname="AptInstallWithDownloadPath" name="SoftwareManagement.sm_apt_install_download_path">
		<failure message="BLOCKED: AssertionError:" type="BLOCKED" />
		<system-out>12:24:26 INFO  ==============================================================
12:24:26 INFO  Id:    SoftwareManagement.sm_apt_install_download_path
12:24:26 INFO  Dir:   software_management_end_to_end/
12:24:26 INFO  Title: Install package to directory specified in tedge config set tmp.path
12:24:26 INFO  ==============================================================
12:24:26 INFO  Using sw id database: {'asciijump': '5475369', 'robotfindskitten': '5474869', 'squirrel3': '5475279', 'rolldice': '5152439', 'moon-buggy': '5439204', 'apple': '5495053', 'banana': '5494888', 'cherry': '5495382', 'watermelon': '5494510', 'registry': '8018911', 'hello-world': '8021526', 'docker/getting-started': '8021973', 'alpine': '7991792'}
12:24:26 INFO  EnvironmentC8y Setup
12:24:27 INFO  Executed systemctl&lt;serv_mapper1&gt;, exit status 3
12:24:41 INFO  Executed sudo&lt;tedge_connect_c8y&gt;, exit status 0, duration 14 secs
12:24:43 INFO  Executed sudo&lt;tedge_connect_c8y_test&gt;, exit status 0
12:24:44 INFO  Executed systemctl&lt;serv_mosq2&gt;, exit status 0
12:24:45 INFO  Executed systemctl&lt;serv_mapper3&gt;, exit status 0
12:24:47 ERROR No operations found, assuming it passed
12:24:47 INFO  Assert that (False == value) with value=False ... passed
12:24:48 INFO  Executed sudo, exit status 0
12:24:49 INFO  Executed sudo, exit status 0
12:24:49 INFO  Executed sudo, exit status 0
12:24:53 INFO  Executed sudo&lt;tedge_disconnect_c8y&gt;, exit status 0
12:24:53 INFO  Restarting mosquitto too frequently in the last 10 seconds. It was only up for 3 seconds
12:24:53 INFO  Delaying execution by 8 seconds
12:25:15 INFO  Executed sudo&lt;tedge_connect_c8y&gt;, exit status 0, duration 13 secs
12:25:15 INFO  Response status: 201
12:25:15 INFO  Response to action: {
    "delivery": {
        "log": [],
        "time": "2022-07-21T12:25:15.667Z",
        "status": "PENDING"
    },
    "creationTime": "2022-07-21T12:25:15.555Z",
    "deviceId": "21121273",
    "deviceName": "m32sd10d",
    "self": "https://t493319102.eu-latest.cumulocity.com/devicecontrol/operations/21131853",
    "id": "21131853",
    "status": "PENDING",
    "description": "Apply software changes, triggered from PySys: [{'name': 'rolldice', 'id': '5152439', 'version': '::apt', 'url': 'https://thin-edge-io.eu-latest.cumulocity.com/inventory/binaries/12435463', 'action': 'install'}]",
    "c8y_SoftwareUpdate": [
        {
            "name": "rolldice",
            "action": "install",
            "id": "5152439",
            "version": "::apt",
            "url": "https://thin-edge-io.eu-latest.cumulocity.com/inventory/binaries/12435463"
        }
    ]
}
12:25:15 INFO  Started operation: {'delivery': {'log': [], 'time': '2022-07-21T12:25:15.667Z', 'status': 'PENDING'}, 'creationTime': '2022-07-21T12:25:15.555Z', 'deviceId': '21121273', 'deviceName': 'm32sd10d', 'self': 'https://t493319102.eu-latest.cumulocity.com/devicecontrol/operations/21131853', 'id': '21131853', 'status': 'PENDING', 'description': "Apply software changes, triggered from PySys: [{'name': 'rolldice', 'id': '5152439', 'version': '::apt', 'url': 'https://thin-edge-io.eu-latest.cumulocity.com/inventory/binaries/12435463', 'action': 'install'}]", 'c8y_SoftwareUpdate': [{'name': 'rolldice', 'action': 'install', 'id': '5152439', 'version': '::apt', 'url': 'https://thin-edge-io.eu-latest.cumulocity.com/inventory/binaries/12435463'}]}
12:25:15 WARN  , retrying in 0.5 seconds...
12:25:16 WARN  , retrying in 0.5 seconds...
12:25:16 WARN  , retrying in 0.5 seconds...
12:25:17 WARN  , retrying in 0.5 seconds...
12:25:17 WARN  , retrying in 0.5 seconds...
12:25:18 WARN  , retrying in 0.5 seconds...
12:25:18 WARN  , retrying in 0.5 seconds...
12:25:19 WARN  , retrying in 0.5 seconds...
12:25:19 WARN  , retrying in 0.5 seconds...
12:25:20 WARN  AssertionError occurred while running test - 
Traceback (most recent call last):
  File "/home/pi/env-pysys/lib/python3.7/site-packages/pysys/baserunner.py", line 1294, in __call__
    self.testObj.execute()
  File "/home/pi/actions-runner/_work/thin-edge.io/thin-edge.io/tests/PySys/software_management_end_to_end/sm_apt_install_download_path/run.py", line 83, in execute
    assert_install_in_download_path(install_directory=self.DOWNLOAD_DIR)
  File "/home/pi/env-pysys/lib/python3.7/site-packages/decorator.py", line 232, in fun
    return caller(func, *(extras + args), **kw)
  File "/home/pi/env-pysys/lib/python3.7/site-packages/retry/api.py", line 74, in retry_decorator
    logger)
  File "/home/pi/env-pysys/lib/python3.7/site-packages/retry/api.py", line 33, in __retry_internal
    return f()
  File "/home/pi/actions-runner/_work/thin-edge.io/thin-edge.io/tests/PySys/software_management_end_to_end/sm_apt_install_download_path/run.py", line 28, in assert_install_in_download_path
    assert "rolldice" in os.listdir(f"{install_directory}")
AssertionError
12:25:21 WARN  AssertionError: ... blocked 
12:25:21 INFO  
12:25:21 INFO  cleanup:
12:25:21 INFO  Executed sudo, exit status 0
12:25:22 INFO  Executed sudo, exit status 0
12:25:26 INFO  Executed sudo&lt;tedge_disconnect_c8y&gt;, exit status 0
12:25:26 INFO  Restarting mosquitto too frequently in the last 10 seconds. It was only up for 4 seconds
12:25:26 INFO  Delaying execution by 7 seconds
12:25:47 INFO  Executed sudo&lt;tedge_connect_c8y&gt;, exit status 0, duration 14 secs
12:25:51 INFO  Executed sudo&lt;tedge_disconnect_c8y&gt;, exit status 0
12:25:52 INFO  Executed systemctl&lt;serv_mapper5&gt;, exit status 3
12:25:52 INFO  
12:25:52 INFO  Test duration: 85.68 secs
12:25:52 INFO  Test final outcome:  BLOCKED
12:25:52 INFO  Test outcome reason: AssertionError:
12:25:52 INFO  
</system-out>
	</testcase>
<testcase classname="AptInstallWithDownloadPath" name="SoftwareManagement.sm_apt_install_download_path">
		<failure message="BLOCKED: AssertionError:" type="BLOCKED" />
		<system-out>12:51:17 INFO  ==============================================================
12:51:17 INFO  Id:    SoftwareManagement.sm_apt_install_download_path
12:51:17 INFO  Dir:   software_management_end_to_end/
12:51:17 INFO  Title: Install package to directory specified in tedge config set tmp.path
12:51:17 INFO  ==============================================================
12:51:19 INFO  Using sw id database: {'asciijump': '5475369', 'robotfindskitten': '5474869', 'squirrel3': '5475279', 'rolldice': '5152439', 'moon-buggy': '5439204', 'apple': '5495053', 'banana': '5494888', 'cherry': '5495382', 'watermelon': '5494510', 'registry': '8018911', 'hello-world': '8021526', 'docker/getting-started': '8021973', 'alpine': '7991792'}
12:51:19 INFO  EnvironmentC8y Setup
12:51:19 INFO  Executed systemctl&lt;serv_mapper1&gt;, exit status 3
12:51:33 INFO  Executed sudo&lt;tedge_connect_c8y&gt;, exit status 0, duration 14 secs
12:51:34 INFO  Executed sudo&lt;tedge_connect_c8y_test&gt;, exit status 0
12:51:35 INFO  Executed systemctl&lt;serv_mosq2&gt;, exit status 0
12:51:35 INFO  Executed systemctl&lt;serv_mapper3&gt;, exit status 0
12:51:37 INFO  State of current operation: SUCCESSFUL
12:51:38 INFO  Assert that (False == value) with value=False ... passed
12:51:38 INFO  Executed sudo, exit status 0
12:51:39 INFO  Executed sudo, exit status 0
12:51:39 INFO  Executed sudo, exit status 0
12:51:43 INFO  Executed sudo&lt;tedge_disconnect_c8y&gt;, exit status 0
12:51:43 INFO  Restarting mosquitto too frequently in the last 10 seconds. It was only up for 3 seconds
12:51:43 INFO  Delaying execution by 8 seconds
12:52:05 INFO  Executed sudo&lt;tedge_connect_c8y&gt;, exit status 0, duration 13 secs
12:52:05 INFO  Response status: 201
12:52:05 INFO  Response to action: {
    "creationTime": "2022-07-21T12:52:05.809Z",
    "deviceId": "21121273",
    "deviceName": "m32sd10d",
    "self": "https://t493319102.eu-latest.cumulocity.com/devicecontrol/operations/21131991",
    "id": "21131991",
    "status": "PENDING",
    "description": "Apply software changes, triggered from PySys: [{'name': 'rolldice', 'id': '5152439', 'version': '::apt', 'url': 'https://thin-edge-io.eu-latest.cumulocity.com/inventory/binaries/12435463', 'action': 'install'}]",
    "c8y_SoftwareUpdate": [
        {
            "name": "rolldice",
            "action": "install",
            "id": "5152439",
            "version": "::apt",
            "url": "https://thin-edge-io.eu-latest.cumulocity.com/inventory/binaries/12435463"
        }
    ]
}
12:52:05 INFO  Started operation: {'creationTime': '2022-07-21T12:52:05.809Z', 'deviceId': '21121273', 'deviceName': 'm32sd10d', 'self': 'https://t493319102.eu-latest.cumulocity.com/devicecontrol/operations/21131991', 'id': '21131991', 'status': 'PENDING', 'description': "Apply software changes, triggered from PySys: [{'name': 'rolldice', 'id': '5152439', 'version': '::apt', 'url': 'https://thin-edge-io.eu-latest.cumulocity.com/inventory/binaries/12435463', 'action': 'install'}]", 'c8y_SoftwareUpdate': [{'name': 'rolldice', 'action': 'install', 'id': '5152439', 'version': '::apt', 'url': 'https://thin-edge-io.eu-latest.cumulocity.com/inventory/binaries/12435463'}]}
12:52:05 WARN  , retrying in 0.5 seconds...
12:52:06 WARN  , retrying in 0.5 seconds...
12:52:06 WARN  , retrying in 0.5 seconds...
12:52:07 WARN  , retrying in 0.5 seconds...
12:52:07 WARN  , retrying in 0.5 seconds...
12:52:08 WARN  , retrying in 0.5 seconds...
12:52:08 WARN  , retrying in 0.5 seconds...
12:52:09 WARN  , retrying in 0.5 seconds...
12:52:09 WARN  , retrying in 0.5 seconds...
12:52:10 WARN  AssertionError occurred while running test - 
Traceback (most recent call last):
  File "/home/pi/env-pysys/lib/python3.7/site-packages/pysys/baserunner.py", line 1294, in __call__
    self.testObj.execute()
  File "/home/pi/actions-runner/_work/thin-edge.io/thin-edge.io/tests/PySys/software_management_end_to_end/sm_apt_install_download_path/run.py", line 83, in execute
    assert_install_in_download_path(install_directory=self.DOWNLOAD_DIR)
  File "/home/pi/env-pysys/lib/python3.7/site-packages/decorator.py", line 232, in fun
    return caller(func, *(extras + args), **kw)
  File "/home/pi/env-pysys/lib/python3.7/site-packages/retry/api.py", line 74, in retry_decorator
    logger)
  File "/home/pi/env-pysys/lib/python3.7/site-packages/retry/api.py", line 33, in __retry_internal
    return f()
  File "/home/pi/actions-runner/_work/thin-edge.io/thin-edge.io/tests/PySys/software_management_end_to_end/sm_apt_install_download_path/run.py", line 28, in assert_install_in_download_path
    assert "rolldice" in os.listdir(f"{install_directory}")
AssertionError
12:52:10 WARN  AssertionError: ... blocked 
12:52:10 INFO  
12:52:10 INFO  cleanup:
12:52:10 INFO  Executed sudo, exit status 0
12:52:11 INFO  Executed sudo, exit status 0
12:52:16 INFO  Executed sudo&lt;tedge_disconnect_c8y&gt;, exit status 0
12:52:16 INFO  Restarting mosquitto too frequently in the last 10 seconds. It was only up for 4 seconds
12:52:16 INFO  Delaying execution by 7 seconds
12:52:37 INFO  Executed sudo&lt;tedge_connect_c8y&gt;, exit status 0, duration 13 secs
12:52:41 INFO  Executed sudo&lt;tedge_disconnect_c8y&gt;, exit status 0
12:52:41 INFO  Executed systemctl&lt;serv_mapper5&gt;, exit status 3
12:52:41 INFO  
12:52:41 INFO  Test duration: 83.74 secs
12:52:41 INFO  Test final outcome:  BLOCKED
12:52:41 INFO  Test outcome reason: AssertionError:
12:52:41 INFO  
</system-out>
	</testcase>
</testsuite><testsuite name="SoftwareManagement.sm_apt_install_fail" tests="3" errors="0" failures="0" skipped="1" time="0"><testcase classname="PySysTest" name="SoftwareManagement.sm_apt_install_fail">
		<skipped message="SKIPPED: Testing the apt plugin is not supported on this platform.Use parameter -XmyPlatform='container' to enable it" />
		<system-out>12:00:52 INFO  ==============================================================
12:00:52 INFO  Id:    SoftwareManagement.sm_apt_install_fail
12:00:52 INFO  Dir:   software_management_end_to_end/
12:00:52 INFO  Title: Validate end to end behaviour for a failing installation
12:00:52 INFO  ==============================================================
12:00:52 INFO  Testing the apt plugin is not supported on this platform.Use parameter -XmyPlatform='container' to enable it ... skipped
12:00:52 WARN  Aborted test due to SKIPPED outcome
12:00:52 INFO  
12:00:52 INFO  Test duration: 0.02 secs
12:00:52 INFO  Test final outcome:  SKIPPED
12:00:52 INFO  Test outcome reason: Testing the apt plugin is not supported on this platform.Use parameter -XmyPlatform='container' to enable it
12:00:52 INFO  
</system-out>
	</testcase>
<testcase classname="PySysTest" name="SoftwareManagement.sm_apt_install_fail" />
<testcase classname="PySysTest" name="SoftwareManagement.sm_apt_install_fail" />
</testsuite><testsuite name="SoftwareManagement.sm_apt_install_remove" tests="3" errors="0" failures="0" skipped="1" time="0"><testcase classname="PySysTest" name="SoftwareManagement.sm_apt_install_remove">
		<skipped message="SKIPPED: Testing the apt plugin is not supported on this platform.Use parameter -XmyPlatform='container' to enable it" />
		<system-out>12:00:52 INFO  ==============================================================
12:00:52 INFO  Id:    SoftwareManagement.sm_apt_install_remove
12:00:52 INFO  Dir:   software_management_end_to_end/
12:00:52 INFO  Title: Validate end to end behaviour for the apt plugin for installation and removal of packages
12:00:52 INFO  ==============================================================
12:00:52 INFO  Testing the apt plugin is not supported on this platform.Use parameter -XmyPlatform='container' to enable it ... skipped
12:00:52 WARN  Aborted test due to SKIPPED outcome
12:00:52 INFO  
12:00:52 INFO  Test duration: 0.02 secs
12:00:52 INFO  Test final outcome:  SKIPPED
12:00:52 INFO  Test outcome reason: Testing the apt plugin is not supported on this platform.Use parameter -XmyPlatform='container' to enable it
12:00:52 INFO  
</system-out>
	</testcase>
<testcase classname="PySysTest" name="SoftwareManagement.sm_apt_install_remove" />
<testcase classname="PySysTest" name="SoftwareManagement.sm_apt_install_remove" />
</testsuite><testsuite name="SoftwareManagement.sm_apt_install_remove_default" tests="3" errors="0" failures="0" skipped="1" time="0"><testcase classname="PySysTest" name="SoftwareManagement.sm_apt_install_remove_default">
		<skipped message="SKIPPED: Testing the apt plugin is not supported on this platform.Use parameter -XmyPlatform='container' to enable it" />
		<system-out>12:00:52 INFO  ==============================================================
12:00:52 INFO  Id:    SoftwareManagement.sm_apt_install_remove_default
12:00:52 INFO  Dir:   software_management_end_to_end/
12:00:52 INFO  Title: Validate end to end behaviour for the default plugin for installation and removal of packages
12:00:52 INFO  ==============================================================
12:00:52 INFO  Testing the apt plugin is not supported on this platform.Use parameter -XmyPlatform='container' to enable it ... skipped
12:00:52 WARN  Aborted test due to SKIPPED outcome
12:00:52 INFO  
12:00:52 INFO  Test duration: 0.02 secs
12:00:52 INFO  Test final outcome:  SKIPPED
12:00:52 INFO  Test outcome reason: Testing the apt plugin is not supported on this platform.Use parameter -XmyPlatform='container' to enable it
12:00:52 INFO  
</system-out>
	</testcase>
<testcase classname="PySysTest" name="SoftwareManagement.sm_apt_install_remove_default" />
<testcase classname="PySysTest" name="SoftwareManagement.sm_apt_install_remove_default" />
</testsuite><testsuite name="SoftwareManagement.sm_apt_install_remove_multiple" tests="3" errors="0" failures="2" skipped="1" time="0"><testcase classname="PySysTest" name="SoftwareManagement.sm_apt_install_remove_multiple">
		<skipped message="SKIPPED: Testing the apt plugin is not supported on this platform.Use parameter -XmyPlatform='container' to enable it" />
		<system-out>12:00:52 INFO  ==============================================================
12:00:52 INFO  Id:    SoftwareManagement.sm_apt_install_remove_multiple
12:00:52 INFO  Dir:   software_management_end_to_end/
12:00:52 INFO  Title: Validate end to end behaviour for the apt plugin for multiple packages
12:00:52 INFO  ==============================================================
12:00:52 INFO  Testing the apt plugin is not supported on this platform.Use parameter -XmyPlatform='container' to enable it ... skipped
12:00:52 WARN  Aborted test due to SKIPPED outcome
12:00:52 INFO  
12:00:52 INFO  Test duration: 0.02 secs
12:00:52 INFO  Test final outcome:  SKIPPED
12:00:52 INFO  Test outcome reason: Testing the apt plugin is not supported on this platform.Use parameter -XmyPlatform='container' to enable it
12:00:52 INFO  
</system-out>
	</testcase>
<testcase classname="PySysTest" name="SoftwareManagement.sm_apt_install_remove_multiple">
		<failure message="FAILED: Assert that (False == value) with value=True" type="FAILED" />
		<system-out>12:32:38 INFO  ==============================================================
12:32:38 INFO  Id:    SoftwareManagement.sm_apt_install_remove_multiple
12:32:38 INFO  Dir:   software_management_end_to_end/
12:32:38 INFO  Title: Validate end to end behaviour for the apt plugin for multiple packages
12:32:38 INFO  ==============================================================
12:32:38 INFO  Using sw id database: {'asciijump': '5475369', 'robotfindskitten': '5474869', 'squirrel3': '5475279', 'rolldice': '5152439', 'moon-buggy': '5439204', 'apple': '5495053', 'banana': '5494888', 'cherry': '5495382', 'watermelon': '5494510', 'registry': '8018911', 'hello-world': '8021526', 'docker/getting-started': '8021973', 'alpine': '7991792'}
12:32:38 INFO  EnvironmentC8y Setup
12:32:39 INFO  Executed systemctl&lt;serv_mapper1&gt;, exit status 3
12:32:39 INFO  Restarting mosquitto too frequently in the last 10 seconds. It was only up for 5 seconds
12:32:39 INFO  Delaying execution by 6 seconds
12:32:59 INFO  Executed sudo&lt;tedge_connect_c8y&gt;, exit status 0, duration 14 secs
12:33:00 INFO  Executed sudo&lt;tedge_connect_c8y_test&gt;, exit status 0
12:33:00 INFO  Executed systemctl&lt;serv_mosq2&gt;, exit status 0
12:33:01 INFO  Executed systemctl&lt;serv_mapper3&gt;, exit status 0
12:33:03 INFO  State of current operation: SUCCESSFUL
12:33:03 INFO  Assert that (False == value) with value=False ... passed
12:33:03 INFO  Assert that (False == value) with value=False ... passed
12:33:04 INFO  Assert that (False == value) with value=False ... passed
12:33:04 INFO  Package robotfindskitten is installed
12:33:04 WARN  Assert that (False == value) with value=True ... failed 
12:33:04 INFO  Response status: 201
12:33:04 INFO  Response to action: {
    "creationTime": "2022-07-21T12:33:04.646Z",
    "deviceId": "21121273",
    "deviceName": "m32sd10d",
    "self": "https://t493319102.eu-latest.cumulocity.com/devicecontrol/operations/21131910",
    "id": "21131910",
    "status": "PENDING",
    "description": "Apply software changes, triggered from PySys: [{'action': 'install', 'id': '5475369', 'name': 'asciijump', 'url': ' ', 'version': '::apt'}, {'action': 'install', 'id': '5474869', 'name': 'robotfindskitten', 'url': ' ', 'version': '::apt'}, {'action': 'install', 'id': '5475279', 'name': 'squirrel3', 'url': ' ', 'version': '::apt'}]",
    "c8y_SoftwareUpdate": [
        {
            "name": "asciijump",
            "action": "install",
            "id": "5475369",
            "version": "::apt",
            "url": " "
        },
        {
            "name": "robotfindskitten",
            "action": "install",
            "id": "5474869",
            "version": "::apt",
            "url": " "
        },
        {
            "name": "squirrel3",
            "action": "install",
            "id": "5475279",
            "version": "::apt",
            "url": " "
        }
    ]
}
12:33:04 INFO  Started operation: {'creationTime': '2022-07-21T12:33:04.646Z', 'deviceId': '21121273', 'deviceName': 'm32sd10d', 'self': 'https://t493319102.eu-latest.cumulocity.com/devicecontrol/operations/21131910', 'id': '21131910', 'status': 'PENDING', 'description': "Apply software changes, triggered from PySys: [{'action': 'install', 'id': '5475369', 'name': 'asciijump', 'url': ' ', 'version': '::apt'}, {'action': 'install', 'id': '5474869', 'name': 'robotfindskitten', 'url': ' ', 'version': '::apt'}, {'action': 'install', 'id': '5475279', 'name': 'squirrel3', 'url': ' ', 'version': '::apt'}]", 'c8y_SoftwareUpdate': [{'name': 'asciijump', 'action': 'install', 'id': '5475369', 'version': '::apt', 'url': ' '}, {'name': 'robotfindskitten', 'action': 'install', 'id': '5474869', 'version': '::apt', 'url': ' '}, {'name': 'squirrel3', 'action': 'install', 'id': '5475279', 'version': '::apt', 'url': ' '}]}
12:33:06 INFO  State of operation 21131910 : PENDING
12:33:09 INFO  State of operation 21131910 : EXECUTING
12:33:11 INFO  State of operation 21131910 : EXECUTING
12:33:13 INFO  State of operation 21131910 : EXECUTING
12:33:15 INFO  State of operation 21131910 : EXECUTING
12:33:18 INFO  State of operation 21131910 : EXECUTING
12:33:20 INFO  State of operation 21131910 : EXECUTING
12:33:23 INFO  State of operation 21131910 : EXECUTING
12:33:25 INFO  State of operation 21131910 : EXECUTING
12:33:28 INFO  State of operation 21131910 : EXECUTING
12:33:30 INFO  State of operation 21131910 : EXECUTING
12:33:32 INFO  State of operation 21131910 : EXECUTING
12:33:34 INFO  State of operation 21131910 : EXECUTING
12:33:37 INFO  State of operation 21131910 : EXECUTING
12:33:39 INFO  State of operation 21131910 : EXECUTING
12:33:41 INFO  State of operation 21131910 : EXECUTING
12:33:44 INFO  State of operation 21131910 : EXECUTING
12:33:46 INFO  State of operation 21131910 : EXECUTING
12:33:49 INFO  State of operation 21131910 : EXECUTING
12:33:51 INFO  State of operation 21131910 : EXECUTING
12:33:53 INFO  State of operation 21131910 : EXECUTING
12:33:56 INFO  State of operation 21131910 : EXECUTING
12:33:58 INFO  State of operation 21131910 : EXECUTING
12:34:01 INFO  State of operation 21131910 : EXECUTING
12:34:03 INFO  State of operation 21131910 : EXECUTING
12:34:06 INFO  State of operation 21131910 : EXECUTING
12:34:08 INFO  State of operation 21131910 : EXECUTING
12:34:11 INFO  State of operation 21131910 : EXECUTING
12:34:13 INFO  State of operation 21131910 : EXECUTING
12:34:16 INFO  State of operation 21131910 : EXECUTING
12:34:18 INFO  State of operation 21131910 : EXECUTING
12:34:20 INFO  State of operation 21131910 : EXECUTING
12:34:22 INFO  State of operation 21131910 : EXECUTING
12:34:25 INFO  State of operation 21131910 : SUCCESSFUL
12:34:25 INFO  Assert that (False == value) with value=False ... passed
12:34:25 INFO  Package asciijump is installed
12:34:25 INFO  Assert that (True == value) with value=True ... passed
12:34:25 INFO  Package squirrel3 is installed
12:34:25 INFO  Assert that (True == value) with value=True ... passed
12:34:26 INFO  Package robotfindskitten is installed
12:34:26 INFO  Assert that (True == value) with value=True ... passed
12:34:26 INFO  Response status: 201
12:34:26 INFO  Response to action: {
    "creationTime": "2022-07-21T12:34:26.291Z",
    "deviceId": "21121273",
    "deviceName": "m32sd10d",
    "self": "https://t493319102.eu-latest.cumulocity.com/devicecontrol/operations/21131916",
    "id": "21131916",
    "status": "PENDING",
    "description": "Apply software changes, triggered from PySys: [{'action': 'delete', 'id': '5475369', 'name': 'asciijump', 'url': ' ', 'version': '::apt'}, {'action': 'delete', 'id': '5474869', 'name': 'robotfindskitten', 'url': ' ', 'version': '::apt'}, {'action': 'delete', 'id': '5475279', 'name': 'squirrel3', 'url': ' ', 'version': '::apt'}]",
    "c8y_SoftwareUpdate": [
        {
            "name": "asciijump",
            "action": "delete",
            "id": "5475369",
            "version": "::apt",
            "url": " "
        },
        {
            "name": "robotfindskitten",
            "action": "delete",
            "id": "5474869",
            "version": "::apt",
            "url": " "
        },
        {
            "name": "squirrel3",
            "action": "delete",
            "id": "5475279",
            "version": "::apt",
            "url": " "
        }
    ]
}
12:34:26 INFO  Started operation: {'creationTime': '2022-07-21T12:34:26.291Z', 'deviceId': '21121273', 'deviceName': 'm32sd10d', 'self': 'https://t493319102.eu-latest.cumulocity.com/devicecontrol/operations/21131916', 'id': '21131916', 'status': 'PENDING', 'description': "Apply software changes, triggered from PySys: [{'action': 'delete', 'id': '5475369', 'name': 'asciijump', 'url': ' ', 'version': '::apt'}, {'action': 'delete', 'id': '5474869', 'name': 'robotfindskitten', 'url': ' ', 'version': '::apt'}, {'action': 'delete', 'id': '5475279', 'name': 'squirrel3', 'url': ' ', 'version': '::apt'}]", 'c8y_SoftwareUpdate': [{'name': 'asciijump', 'action': 'delete', 'id': '5475369', 'version': '::apt', 'url': ' '}, {'name': 'robotfindskitten', 'action': 'delete', 'id': '5474869', 'version': '::apt', 'url': ' '}, {'name': 'squirrel3', 'action': 'delete', 'id': '5475279', 'version': '::apt', 'url': ' '}]}
12:34:28 INFO  State of operation 21131916 : PENDING
12:34:30 INFO  State of operation 21131916 : EXECUTING
12:34:33 INFO  State of operation 21131916 : EXECUTING
12:34:35 INFO  State of operation 21131916 : EXECUTING
12:34:37 INFO  State of operation 21131916 : EXECUTING
12:34:39 INFO  State of operation 21131916 : EXECUTING
12:34:42 INFO  State of operation 21131916 : EXECUTING
12:34:45 INFO  State of operation 21131916 : EXECUTING
12:34:47 INFO  State of operation 21131916 : EXECUTING
12:34:50 INFO  State of operation 21131916 : EXECUTING
12:34:52 INFO  State of operation 21131916 : EXECUTING
12:34:54 INFO  State of operation 21131916 : EXECUTING
12:34:56 INFO  State of operation 21131916 : EXECUTING
12:34:59 INFO  State of operation 21131916 : EXECUTING
12:35:01 INFO  State of operation 21131916 : EXECUTING
12:35:03 INFO  State of operation 21131916 : EXECUTING
12:35:06 INFO  State of operation 21131916 : EXECUTING
12:35:08 INFO  State of operation 21131916 : EXECUTING
12:35:11 INFO  State of operation 21131916 : EXECUTING
12:35:13 INFO  State of operation 21131916 : EXECUTING
12:35:15 INFO  State of operation 21131916 : EXECUTING
12:35:18 INFO  State of operation 21131916 : EXECUTING
12:35:20 INFO  State of operation 21131916 : EXECUTING
12:35:22 INFO  State of operation 21131916 : EXECUTING
12:35:25 INFO  State of operation 21131916 : EXECUTING
12:35:27 INFO  State of operation 21131916 : EXECUTING
12:35:29 INFO  State of operation 21131916 : EXECUTING
12:35:32 INFO  State of operation 21131916 : SUCCESSFUL
12:35:32 INFO  Assert that (False == value) with value=False ... passed
12:35:32 INFO  Assert that (False == value) with value=False ... passed
12:35:32 INFO  Assert that (False == value) with value=False ... passed
12:35:33 INFO  Assert that (False == value) with value=False ... passed
12:35:33 INFO  
12:35:33 INFO  cleanup:
12:35:37 INFO  Executed sudo&lt;tedge_disconnect_c8y&gt;, exit status 0
12:35:37 INFO  Executed systemctl&lt;serv_mapper5&gt;, exit status 3
12:35:37 INFO  
12:35:37 INFO  Test duration: 178.91 secs
12:35:37 INFO  Test final outcome:  FAILED
12:35:37 INFO  Test outcome reason: Assert that (False == value) with value=True
12:35:37 INFO  
</system-out>
	</testcase>
<testcase classname="PySysTest" name="SoftwareManagement.sm_apt_install_remove_multiple">
		<failure message="FAILED: Assert that (False == value) with value=True (+2 other failures)" type="FAILED" />
		<system-out>12:59:09 INFO  ==============================================================
12:59:09 INFO  Id:    SoftwareManagement.sm_apt_install_remove_multiple
12:59:09 INFO  Dir:   software_management_end_to_end/
12:59:09 INFO  Title: Validate end to end behaviour for the apt plugin for multiple packages
12:59:09 INFO  ==============================================================
12:59:09 INFO  Using sw id database: {'asciijump': '5475369', 'robotfindskitten': '5474869', 'squirrel3': '5475279', 'rolldice': '5152439', 'moon-buggy': '5439204', 'apple': '5495053', 'banana': '5494888', 'cherry': '5495382', 'watermelon': '5494510', 'registry': '8018911', 'hello-world': '8021526', 'docker/getting-started': '8021973', 'alpine': '7991792'}
12:59:09 INFO  EnvironmentC8y Setup
12:59:09 INFO  Executed systemctl&lt;serv_mapper1&gt;, exit status 3
12:59:09 INFO  Restarting mosquitto too frequently in the last 10 seconds. It was only up for 4 seconds
12:59:09 INFO  Delaying execution by 7 seconds
12:59:30 INFO  Executed sudo&lt;tedge_connect_c8y&gt;, exit status 0, duration 13 secs
12:59:31 INFO  Executed sudo&lt;tedge_connect_c8y_test&gt;, exit status 0
12:59:31 INFO  Executed systemctl&lt;serv_mosq2&gt;, exit status 0
12:59:32 INFO  Executed systemctl&lt;serv_mapper3&gt;, exit status 0
12:59:34 INFO  State of current operation: SUCCESSFUL
12:59:34 INFO  Assert that (False == value) with value=False ... passed
12:59:34 INFO  Package asciijump is installed
12:59:35 WARN  Assert that (False == value) with value=True ... failed 
12:59:35 INFO  Package squirrel3 is installed
12:59:35 WARN  Assert that (False == value) with value=True ... failed 
12:59:35 INFO  Package robotfindskitten is installed
12:59:35 WARN  Assert that (False == value) with value=True ... failed 
12:59:36 INFO  Response status: 201
12:59:36 INFO  Response to action: {
    "creationTime": "2022-07-21T12:59:36.004Z",
    "deviceId": "21121273",
    "deviceName": "m32sd10d",
    "self": "https://t493319102.eu-latest.cumulocity.com/devicecontrol/operations/21132085",
    "id": "21132085",
    "status": "PENDING",
    "description": "Apply software changes, triggered from PySys: [{'action': 'install', 'id': '5475369', 'name': 'asciijump', 'url': ' ', 'version': '::apt'}, {'action': 'install', 'id': '5474869', 'name': 'robotfindskitten', 'url': ' ', 'version': '::apt'}, {'action': 'install', 'id': '5475279', 'name': 'squirrel3', 'url': ' ', 'version': '::apt'}]",
    "c8y_SoftwareUpdate": [
        {
            "name": "asciijump",
            "action": "install",
            "id": "5475369",
            "version": "::apt",
            "url": " "
        },
        {
            "name": "robotfindskitten",
            "action": "install",
            "id": "5474869",
            "version": "::apt",
            "url": " "
        },
        {
            "name": "squirrel3",
            "action": "install",
            "id": "5475279",
            "version": "::apt",
            "url": " "
        }
    ]
}
12:59:36 INFO  Started operation: {'creationTime': '2022-07-21T12:59:36.004Z', 'deviceId': '21121273', 'deviceName': 'm32sd10d', 'self': 'https://t493319102.eu-latest.cumulocity.com/devicecontrol/operations/21132085', 'id': '21132085', 'status': 'PENDING', 'description': "Apply software changes, triggered from PySys: [{'action': 'install', 'id': '5475369', 'name': 'asciijump', 'url': ' ', 'version': '::apt'}, {'action': 'install', 'id': '5474869', 'name': 'robotfindskitten', 'url': ' ', 'version': '::apt'}, {'action': 'install', 'id': '5475279', 'name': 'squirrel3', 'url': ' ', 'version': '::apt'}]", 'c8y_SoftwareUpdate': [{'name': 'asciijump', 'action': 'install', 'id': '5475369', 'version': '::apt', 'url': ' '}, {'name': 'robotfindskitten', 'action': 'install', 'id': '5474869', 'version': '::apt', 'url': ' '}, {'name': 'squirrel3', 'action': 'install', 'id': '5475279', 'version': '::apt', 'url': ' '}]}
12:59:38 INFO  State of operation 21132085 : PENDING
12:59:40 INFO  State of operation 21132085 : EXECUTING
12:59:42 INFO  State of operation 21132085 : EXECUTING
12:59:44 INFO  State of operation 21132085 : EXECUTING
12:59:47 INFO  State of operation 21132085 : EXECUTING
12:59:49 INFO  State of operation 21132085 : EXECUTING
12:59:52 INFO  State of operation 21132085 : EXECUTING
12:59:54 INFO  State of operation 21132085 : EXECUTING
12:59:57 INFO  State of operation 21132085 : EXECUTING
12:59:59 INFO  State of operation 21132085 : EXECUTING
13:00:02 INFO  State of operation 21132085 : EXECUTING
13:00:04 INFO  State of operation 21132085 : EXECUTING
13:00:06 INFO  State of operation 21132085 : EXECUTING
13:00:08 INFO  State of operation 21132085 : EXECUTING
13:00:11 INFO  State of operation 21132085 : EXECUTING
13:00:13 INFO  State of operation 21132085 : SUCCESSFUL
13:00:13 INFO  Assert that (False == value) with value=False ... passed
13:00:13 INFO  Package asciijump is installed
13:00:13 INFO  Assert that (True == value) with value=True ... passed
13:00:13 INFO  Package squirrel3 is installed
13:00:13 INFO  Assert that (True == value) with value=True ... passed
13:00:14 INFO  Package robotfindskitten is installed
13:00:14 INFO  Assert that (True == value) with value=True ... passed
13:00:14 INFO  Response status: 201
13:00:14 INFO  Response to action: {
    "creationTime": "2022-07-21T13:00:14.598Z",
    "deviceId": "21121273",
    "deviceName": "m32sd10d",
    "self": "https://t493319102.eu-latest.cumulocity.com/devicecontrol/operations/21132099",
    "id": "21132099",
    "status": "PENDING",
    "description": "Apply software changes, triggered from PySys: [{'action': 'delete', 'id': '5475369', 'name': 'asciijump', 'url': ' ', 'version': '::apt'}, {'action': 'delete', 'id': '5474869', 'name': 'robotfindskitten', 'url': ' ', 'version': '::apt'}, {'action': 'delete', 'id': '5475279', 'name': 'squirrel3', 'url': ' ', 'version': '::apt'}]",
    "c8y_SoftwareUpdate": [
        {
            "name": "asciijump",
            "action": "delete",
            "id": "5475369",
            "version": "::apt",
            "url": " "
        },
        {
            "name": "robotfindskitten",
            "action": "delete",
            "id": "5474869",
            "version": "::apt",
            "url": " "
        },
        {
            "name": "squirrel3",
            "action": "delete",
            "id": "5475279",
            "version": "::apt",
            "url": " "
        }
    ]
}
13:00:14 INFO  Started operation: {'creationTime': '2022-07-21T13:00:14.598Z', 'deviceId': '21121273', 'deviceName': 'm32sd10d', 'self': 'https://t493319102.eu-latest.cumulocity.com/devicecontrol/operations/21132099', 'id': '21132099', 'status': 'PENDING', 'description': "Apply software changes, triggered from PySys: [{'action': 'delete', 'id': '5475369', 'name': 'asciijump', 'url': ' ', 'version': '::apt'}, {'action': 'delete', 'id': '5474869', 'name': 'robotfindskitten', 'url': ' ', 'version': '::apt'}, {'action': 'delete', 'id': '5475279', 'name': 'squirrel3', 'url': ' ', 'version': '::apt'}]", 'c8y_SoftwareUpdate': [{'name': 'asciijump', 'action': 'delete', 'id': '5475369', 'version': '::apt', 'url': ' '}, {'name': 'robotfindskitten', 'action': 'delete', 'id': '5474869', 'version': '::apt', 'url': ' '}, {'name': 'squirrel3', 'action': 'delete', 'id': '5475279', 'version': '::apt', 'url': ' '}]}
13:00:17 INFO  State of operation 21132099 : PENDING
13:00:19 INFO  State of operation 21132099 : EXECUTING
13:00:21 INFO  State of operation 21132099 : EXECUTING
13:00:23 INFO  State of operation 21132099 : EXECUTING
13:00:26 INFO  State of operation 21132099 : EXECUTING
13:00:28 INFO  State of operation 21132099 : EXECUTING
13:00:30 INFO  State of operation 21132099 : EXECUTING
13:00:33 INFO  State of operation 21132099 : EXECUTING
13:00:35 INFO  State of operation 21132099 : EXECUTING
13:00:38 INFO  State of operation 21132099 : EXECUTING
13:00:40 INFO  State of operation 21132099 : EXECUTING
13:00:42 INFO  State of operation 21132099 : EXECUTING
13:00:44 INFO  State of operation 21132099 : EXECUTING
13:00:47 INFO  State of operation 21132099 : EXECUTING
13:00:49 INFO  State of operation 21132099 : EXECUTING
13:00:51 INFO  State of operation 21132099 : EXECUTING
13:00:54 INFO  State of operation 21132099 : EXECUTING
13:00:56 INFO  State of operation 21132099 : EXECUTING
13:00:59 INFO  State of operation 21132099 : EXECUTING
13:01:01 INFO  State of operation 21132099 : EXECUTING
13:01:03 INFO  State of operation 21132099 : EXECUTING
13:01:06 INFO  State of operation 21132099 : EXECUTING
13:01:08 INFO  State of operation 21132099 : EXECUTING
13:01:10 INFO  State of operation 21132099 : EXECUTING
13:01:12 INFO  State of operation 21132099 : EXECUTING
13:01:15 INFO  State of operation 21132099 : EXECUTING
13:01:17 INFO  State of operation 21132099 : EXECUTING
13:01:20 INFO  State of operation 21132099 : EXECUTING
13:01:22 INFO  State of operation 21132099 : SUCCESSFUL
13:01:22 INFO  Assert that (False == value) with value=False ... passed
13:01:23 INFO  Assert that (False == value) with value=False ... passed
13:01:23 INFO  Assert that (False == value) with value=False ... passed
13:01:23 INFO  Assert that (False == value) with value=False ... passed
13:01:23 INFO  
13:01:23 INFO  cleanup:
13:01:27 INFO  Executed sudo&lt;tedge_disconnect_c8y&gt;, exit status 0
13:01:28 INFO  Executed systemctl&lt;serv_mapper5&gt;, exit status 3
13:01:28 INFO  
13:01:28 INFO  Test duration: 139.19 secs
13:01:28 INFO  Test final outcome:  FAILED
13:01:28 INFO  Test outcome reason: Assert that (False == value) with value=True (+2 other failures)
13:01:28 INFO  
</system-out>
	</testcase>
</testsuite><testsuite name="SoftwareManagement.sm_apt_install_remove_multiple_mixed" tests="3" errors="0" failures="2" skipped="1" time="0"><testcase classname="PySysTest" name="SoftwareManagement.sm_apt_install_remove_multiple_mixed">
		<skipped message="SKIPPED: Testing the apt plugin is not supported on this platform.Use parameter -XmyPlatform='container' to enable it" />
		<system-out>12:00:52 INFO  ==============================================================
12:00:52 INFO  Id:    SoftwareManagement.sm_apt_install_remove_multiple_mixed
12:00:52 INFO  Dir:   software_management_end_to_end/
12:00:52 INFO  Title: Validate end to end behaviour for the apt plugin for multiple packages with mixed versions
12:00:52 INFO  ==============================================================
12:00:52 INFO  Testing the apt plugin is not supported on this platform.Use parameter -XmyPlatform='container' to enable it ... skipped
12:00:52 WARN  Aborted test due to SKIPPED outcome
12:00:52 INFO  
12:00:52 INFO  Test duration: 0.02 secs
12:00:52 INFO  Test final outcome:  SKIPPED
12:00:52 INFO  Test outcome reason: Testing the apt plugin is not supported on this platform.Use parameter -XmyPlatform='container' to enable it
12:00:52 INFO  
</system-out>
	</testcase>
<testcase classname="PySysTest" name="SoftwareManagement.sm_apt_install_remove_multiple_mixed">
		<failure message="BLOCKED: SystemError: Timeout while waiting for status SUCCESSFUL or False" type="BLOCKED" />
		<system-out>12:35:37 INFO  ==============================================================
12:35:37 INFO  Id:    SoftwareManagement.sm_apt_install_remove_multiple_mixed
12:35:37 INFO  Dir:   software_management_end_to_end/
12:35:37 INFO  Title: Validate end to end behaviour for the apt plugin for multiple packages with mixed versions
12:35:37 INFO  ==============================================================
12:35:37 INFO  Using sw id database: {'asciijump': '5475369', 'robotfindskitten': '5474869', 'squirrel3': '5475279', 'rolldice': '5152439', 'moon-buggy': '5439204', 'apple': '5495053', 'banana': '5494888', 'cherry': '5495382', 'watermelon': '5494510', 'registry': '8018911', 'hello-world': '8021526', 'docker/getting-started': '8021973', 'alpine': '7991792'}
12:35:37 INFO  EnvironmentC8y Setup
12:35:38 INFO  Executed systemctl&lt;serv_mapper1&gt;, exit status 3
12:35:38 INFO  Restarting mosquitto too frequently in the last 10 seconds. It was only up for 5 seconds
12:35:38 INFO  Delaying execution by 6 seconds
12:35:58 INFO  Executed sudo&lt;tedge_connect_c8y&gt;, exit status 0, duration 13 secs
12:35:58 INFO  Executed sudo&lt;tedge_connect_c8y_test&gt;, exit status 0
12:35:59 INFO  Executed systemctl&lt;serv_mosq2&gt;, exit status 0
12:35:59 INFO  Executed systemctl&lt;serv_mapper3&gt;, exit status 0
12:36:02 INFO  State of current operation: SUCCESSFUL
12:36:02 INFO  Assert that (False == value) with value=False ... passed
12:36:02 INFO  Assert that (False == value) with value=False ... passed
12:36:02 INFO  Assert that (False == value) with value=False ... passed
12:36:02 INFO  Assert that (False == value) with value=False ... passed
12:36:03 INFO  Assert that (False == value) with value=False ... passed
12:36:04 INFO  Response status: 201
12:36:04 INFO  Response to action: {
    "delivery": {
        "log": [],
        "time": "2022-07-21T12:36:04.415Z",
        "status": "PENDING"
    },
    "creationTime": "2022-07-21T12:36:04.397Z",
    "deviceId": "21121273",
    "deviceName": "m32sd10d",
    "self": "https://t493319102.eu-latest.cumulocity.com/devicecontrol/operations/21131926",
    "id": "21131926",
    "status": "PENDING",
    "description": "Apply software changes, triggered from PySys: [{'action': 'install', 'id': '5475369', 'name': 'asciijump', 'url': ' ', 'version': '::apt'}, {'action': 'install', 'id': '5474869', 'name': 'robotfindskitten', 'url': ' ', 'version': ' '}, {'action': 'install', 'id': '5475279', 'name': 'squirrel3', 'url': ' ', 'version': '3.1-7::apt'}, {'action': 'install', 'id': '5152439', 'name': 'rolldice', 'url': ' ', 'version': '1.16-1+b1'}, {'action': 'install', 'id': '5439204', 'name': 'moon-buggy', 'url': ' ', 'version': '1:1.0.51-12'}, {'action': 'install', 'id': '5475369', 'name': 'asciijump', 'url': ' ', 'version': '::apt'}]",
    "c8y_SoftwareUpdate": [
        {
            "name": "asciijump",
            "action": "install",
            "id": "5475369",
            "version": "::apt",
            "url": " "
        },
        {
            "name": "robotfindskitten",
            "action": "install",
            "id": "5474869",
            "version": " ",
            "url": " "
        },
        {
            "name": "squirrel3",
            "action": "install",
            "id": "5475279",
            "version": "3.1-7::apt",
            "url": " "
        },
        {
            "name": "rolldice",
            "action": "install",
            "id": "5152439",
            "version": "1.16-1+b1",
            "url": " "
        },
        {
            "name": "moon-buggy",
            "action": "install",
            "id": "5439204",
            "version": "1:1.0.51-12",
            "url": " "
        },
        {
            "name": "asciijump",
            "action": "install",
            "id": "5475369",
            "version": "::apt",
            "url": " "
        }
    ]
}
12:36:04 INFO  Started operation: {'delivery': {'log': [], 'time': '2022-07-21T12:36:04.415Z', 'status': 'PENDING'}, 'creationTime': '2022-07-21T12:36:04.397Z', 'deviceId': '21121273', 'deviceName': 'm32sd10d', 'self': 'https://t493319102.eu-latest.cumulocity.com/devicecontrol/operations/21131926', 'id': '21131926', 'status': 'PENDING', 'description': "Apply software changes, triggered from PySys: [{'action': 'install', 'id': '5475369', 'name': 'asciijump', 'url': ' ', 'version': '::apt'}, {'action': 'install', 'id': '5474869', 'name': 'robotfindskitten', 'url': ' ', 'version': ' '}, {'action': 'install', 'id': '5475279', 'name': 'squirrel3', 'url': ' ', 'version': '3.1-7::apt'}, {'action': 'install', 'id': '5152439', 'name': 'rolldice', 'url': ' ', 'version': '1.16-1+b1'}, {'action': 'install', 'id': '5439204', 'name': 'moon-buggy', 'url': ' ', 'version': '1:1.0.51-12'}, {'action': 'install', 'id': '5475369', 'name': 'asciijump', 'url': ' ', 'version': '::apt'}]", 'c8y_SoftwareUpdate': [{'name': 'asciijump', 'action': 'install', 'id': '5475369', 'version': '::apt', 'url': ' '}, {'name': 'robotfindskitten', 'action': 'install', 'id': '5474869', 'version': ' ', 'url': ' '}, {'name': 'squirrel3', 'action': 'install', 'id': '5475279', 'version': '3.1-7::apt', 'url': ' '}, {'name': 'rolldice', 'action': 'install', 'id': '5152439', 'version': '1.16-1+b1', 'url': ' '}, {'name': 'moon-buggy', 'action': 'install', 'id': '5439204', 'version': '1:1.0.51-12', 'url': ' '}, {'name': 'asciijump', 'action': 'install', 'id': '5475369', 'version': '::apt', 'url': ' '}]}
12:36:06 INFO  State of operation 21131926 : PENDING
12:36:08 INFO  State of operation 21131926 : EXECUTING
12:36:11 INFO  State of operation 21131926 : EXECUTING
12:36:13 INFO  State of operation 21131926 : EXECUTING
12:36:15 INFO  State of operation 21131926 : EXECUTING
12:36:17 INFO  State of operation 21131926 : EXECUTING
12:36:20 INFO  State of operation 21131926 : EXECUTING
12:36:23 INFO  State of operation 21131926 : EXECUTING
12:36:26 INFO  State of operation 21131926 : EXECUTING
12:36:28 INFO  State of operation 21131926 : EXECUTING
12:36:30 INFO  State of operation 21131926 : EXECUTING
12:36:32 INFO  State of operation 21131926 : EXECUTING
12:36:35 INFO  State of operation 21131926 : EXECUTING
12:36:37 INFO  State of operation 21131926 : EXECUTING
12:36:39 INFO  State of operation 21131926 : EXECUTING
12:36:41 INFO  State of operation 21131926 : EXECUTING
12:36:45 INFO  State of operation 21131926 : EXECUTING
12:36:47 INFO  State of operation 21131926 : EXECUTING
12:36:50 INFO  State of operation 21131926 : EXECUTING
12:36:52 INFO  State of operation 21131926 : EXECUTING
12:36:54 INFO  State of operation 21131926 : EXECUTING
12:36:56 INFO  State of operation 21131926 : EXECUTING
12:36:59 INFO  State of operation 21131926 : EXECUTING
12:37:01 INFO  State of operation 21131926 : EXECUTING
12:37:04 INFO  State of operation 21131926 : EXECUTING
12:37:06 INFO  State of operation 21131926 : EXECUTING
12:37:09 INFO  State of operation 21131926 : EXECUTING
12:37:11 INFO  State of operation 21131926 : EXECUTING
12:37:13 INFO  State of operation 21131926 : EXECUTING
12:37:16 INFO  State of operation 21131926 : EXECUTING
12:37:18 INFO  State of operation 21131926 : EXECUTING
12:37:20 INFO  State of operation 21131926 : EXECUTING
12:37:22 INFO  State of operation 21131926 : EXECUTING
12:37:25 INFO  State of operation 21131926 : EXECUTING
12:37:27 INFO  State of operation 21131926 : EXECUTING
12:37:29 INFO  State of operation 21131926 : EXECUTING
12:37:31 INFO  State of operation 21131926 : EXECUTING
12:37:34 INFO  State of operation 21131926 : EXECUTING
12:37:37 INFO  State of operation 21131926 : EXECUTING
12:37:40 INFO  State of operation 21131926 : EXECUTING
12:37:42 INFO  State of operation 21131926 : EXECUTING
12:37:44 INFO  State of operation 21131926 : EXECUTING
12:37:46 INFO  State of operation 21131926 : EXECUTING
12:37:48 INFO  State of operation 21131926 : EXECUTING
12:37:51 INFO  State of operation 21131926 : EXECUTING
12:37:53 INFO  State of operation 21131926 : EXECUTING
12:37:55 INFO  State of operation 21131926 : EXECUTING
12:37:58 INFO  State of operation 21131926 : EXECUTING
12:38:00 INFO  State of operation 21131926 : EXECUTING
12:38:03 INFO  State of operation 21131926 : EXECUTING
12:38:05 INFO  State of operation 21131926 : EXECUTING
12:38:07 INFO  State of operation 21131926 : EXECUTING
12:38:09 INFO  State of operation 21131926 : EXECUTING
12:38:12 INFO  State of operation 21131926 : EXECUTING
12:38:14 INFO  State of operation 21131926 : EXECUTING
12:38:16 INFO  State of operation 21131926 : EXECUTING
12:38:19 INFO  State of operation 21131926 : EXECUTING
12:38:21 INFO  State of operation 21131926 : EXECUTING
12:38:23 INFO  State of operation 21131926 : EXECUTING
12:38:25 INFO  State of operation 21131926 : EXECUTING
12:38:28 INFO  State of operation 21131926 : EXECUTING
12:38:30 WARN  SystemError occurred while running test - Timeout while waiting for status SUCCESSFUL or False
Traceback (most recent call last):
  File "/home/pi/env-pysys/lib/python3.7/site-packages/pysys/baserunner.py", line 1294, in __call__
    self.testObj.execute()
  File "/home/pi/actions-runner/_work/thin-edge.io/thin-edge.io/tests/PySys/software_management_end_to_end/sm_apt_install_remove_multiple_mixed/run.py", line 89, in execute
    self.wait_until_succcess()
  File "/home/pi/actions-runner/_work/thin-edge.io/thin-edge.io/tests/PySys/software_management_end_to_end/environment_sm_management.py", line 324, in wait_until_succcess
    self.wait_until_status("SUCCESSFUL")
  File "/home/pi/actions-runner/_work/thin-edge.io/thin-edge.io/tests/PySys/software_management_end_to_end/environment_sm_management.py", line 381, in wait_until_status
    "Timeout while waiting for status %s or %s" % (status, status2)
SystemError: Timeout while waiting for status SUCCESSFUL or False
12:38:30 WARN  SystemError: Timeout while waiting for status SUCCESSFUL or False ... blocked 
12:38:30 INFO  
12:38:30 INFO  cleanup:
12:38:35 INFO  Executed sudo&lt;tedge_disconnect_c8y&gt;, exit status 0
12:38:35 INFO  Executed systemctl&lt;serv_mapper5&gt;, exit status 3
12:38:35 INFO  
12:38:35 INFO  Test duration: 177.81 secs
12:38:35 INFO  Test final outcome:  BLOCKED
12:38:35 INFO  Test outcome reason: SystemError: Timeout while waiting for status SUCCESSFUL or False
12:38:35 INFO  
</system-out>
	</testcase>
<testcase classname="PySysTest" name="SoftwareManagement.sm_apt_install_remove_multiple_mixed">
		<failure message="BLOCKED: SystemError: Timeout while waiting for status SUCCESSFUL or False (+1 other failures)" type="BLOCKED" />
		<system-out>13:01:28 INFO  ==============================================================
13:01:28 INFO  Id:    SoftwareManagement.sm_apt_install_remove_multiple_mixed
13:01:28 INFO  Dir:   software_management_end_to_end/
13:01:28 INFO  Title: Validate end to end behaviour for the apt plugin for multiple packages with mixed versions
13:01:28 INFO  ==============================================================
13:01:28 INFO  Using sw id database: {'asciijump': '5475369', 'robotfindskitten': '5474869', 'squirrel3': '5475279', 'rolldice': '5152439', 'moon-buggy': '5439204', 'apple': '5495053', 'banana': '5494888', 'cherry': '5495382', 'watermelon': '5494510', 'registry': '8018911', 'hello-world': '8021526', 'docker/getting-started': '8021973', 'alpine': '7991792'}
13:01:28 INFO  EnvironmentC8y Setup
13:01:29 INFO  Executed systemctl&lt;serv_mapper1&gt;, exit status 3
13:01:29 INFO  Restarting mosquitto too frequently in the last 10 seconds. It was only up for 5 seconds
13:01:29 INFO  Delaying execution by 6 seconds
13:01:50 INFO  Executed sudo&lt;tedge_connect_c8y&gt;, exit status 0, duration 15 secs
13:01:51 INFO  Executed sudo&lt;tedge_connect_c8y_test&gt;, exit status 0
13:01:51 INFO  Executed systemctl&lt;serv_mosq2&gt;, exit status 0
13:01:52 INFO  Executed systemctl&lt;serv_mapper3&gt;, exit status 0
13:01:54 INFO  State of current operation: SUCCESSFUL
13:01:54 INFO  Assert that (False == value) with value=False ... passed
13:01:54 INFO  Assert that (False == value) with value=False ... passed
13:01:55 INFO  Assert that (False == value) with value=False ... passed
13:01:55 INFO  Assert that (False == value) with value=False ... passed
13:01:55 INFO  Package moon-buggy is installed
13:01:55 WARN  Assert that (False == value) with value=True ... failed 
13:01:56 INFO  Response status: 201
13:01:56 INFO  Response to action: {
    "creationTime": "2022-07-21T13:01:56.881Z",
    "deviceId": "21121273",
    "deviceName": "m32sd10d",
    "self": "https://t493319102.eu-latest.cumulocity.com/devicecontrol/operations/21133119",
    "id": "21133119",
    "status": "PENDING",
    "description": "Apply software changes, triggered from PySys: [{'action': 'install', 'id': '5475369', 'name': 'asciijump', 'url': ' ', 'version': '::apt'}, {'action': 'install', 'id': '5474869', 'name': 'robotfindskitten', 'url': ' ', 'version': ' '}, {'action': 'install', 'id': '5475279', 'name': 'squirrel3', 'url': ' ', 'version': '3.1-7::apt'}, {'action': 'install', 'id': '5152439', 'name': 'rolldice', 'url': ' ', 'version': '1.16-1+b1'}, {'action': 'install', 'id': '5439204', 'name': 'moon-buggy', 'url': ' ', 'version': '1:1.0.51-12'}, {'action': 'install', 'id': '5475369', 'name': 'asciijump', 'url': ' ', 'version': '::apt'}]",
    "c8y_SoftwareUpdate": [
        {
            "name": "asciijump",
            "action": "install",
            "id": "5475369",
            "version": "::apt",
            "url": " "
        },
        {
            "name": "robotfindskitten",
            "action": "install",
            "id": "5474869",
            "version": " ",
            "url": " "
        },
        {
            "name": "squirrel3",
            "action": "install",
            "id": "5475279",
            "version": "3.1-7::apt",
            "url": " "
        },
        {
            "name": "rolldice",
            "action": "install",
            "id": "5152439",
            "version": "1.16-1+b1",
            "url": " "
        },
        {
            "name": "moon-buggy",
            "action": "install",
            "id": "5439204",
            "version": "1:1.0.51-12",
            "url": " "
        },
        {
            "name": "asciijump",
            "action": "install",
            "id": "5475369",
            "version": "::apt",
            "url": " "
        }
    ]
}
13:01:56 INFO  Started operation: {'creationTime': '2022-07-21T13:01:56.881Z', 'deviceId': '21121273', 'deviceName': 'm32sd10d', 'self': 'https://t493319102.eu-latest.cumulocity.com/devicecontrol/operations/21133119', 'id': '21133119', 'status': 'PENDING', 'description': "Apply software changes, triggered from PySys: [{'action': 'install', 'id': '5475369', 'name': 'asciijump', 'url': ' ', 'version': '::apt'}, {'action': 'install', 'id': '5474869', 'name': 'robotfindskitten', 'url': ' ', 'version': ' '}, {'action': 'install', 'id': '5475279', 'name': 'squirrel3', 'url': ' ', 'version': '3.1-7::apt'}, {'action': 'install', 'id': '5152439', 'name': 'rolldice', 'url': ' ', 'version': '1.16-1+b1'}, {'action': 'install', 'id': '5439204', 'name': 'moon-buggy', 'url': ' ', 'version': '1:1.0.51-12'}, {'action': 'install', 'id': '5475369', 'name': 'asciijump', 'url': ' ', 'version': '::apt'}]", 'c8y_SoftwareUpdate': [{'name': 'asciijump', 'action': 'install', 'id': '5475369', 'version': '::apt', 'url': ' '}, {'name': 'robotfindskitten', 'action': 'install', 'id': '5474869', 'version': ' ', 'url': ' '}, {'name': 'squirrel3', 'action': 'install', 'id': '5475279', 'version': '3.1-7::apt', 'url': ' '}, {'name': 'rolldice', 'action': 'install', 'id': '5152439', 'version': '1.16-1+b1', 'url': ' '}, {'name': 'moon-buggy', 'action': 'install', 'id': '5439204', 'version': '1:1.0.51-12', 'url': ' '}, {'name': 'asciijump', 'action': 'install', 'id': '5475369', 'version': '::apt', 'url': ' '}]}
13:01:59 INFO  State of operation 21133119 : PENDING
13:02:01 INFO  State of operation 21133119 : EXECUTING
13:02:03 INFO  State of operation 21133119 : EXECUTING
13:02:05 INFO  State of operation 21133119 : EXECUTING
13:02:08 INFO  State of operation 21133119 : EXECUTING
13:02:10 INFO  State of operation 21133119 : EXECUTING
13:02:13 INFO  State of operation 21133119 : EXECUTING
13:02:16 INFO  State of operation 21133119 : EXECUTING
13:02:18 INFO  State of operation 21133119 : EXECUTING
13:02:20 INFO  State of operation 21133119 : EXECUTING
13:02:22 INFO  State of operation 21133119 : EXECUTING
13:02:25 INFO  State of operation 21133119 : EXECUTING
13:02:27 INFO  State of operation 21133119 : EXECUTING
13:02:29 INFO  State of operation 21133119 : EXECUTING
13:02:31 INFO  State of operation 21133119 : EXECUTING
13:02:34 INFO  State of operation 21133119 : EXECUTING
13:02:36 INFO  State of operation 21133119 : EXECUTING
13:02:38 INFO  State of operation 21133119 : EXECUTING
13:02:41 INFO  State of operation 21133119 : EXECUTING
13:02:43 INFO  State of operation 21133119 : EXECUTING
13:02:46 INFO  State of operation 21133119 : EXECUTING
13:02:48 INFO  State of operation 21133119 : EXECUTING
13:02:51 INFO  State of operation 21133119 : EXECUTING
13:02:54 INFO  State of operation 21133119 : EXECUTING
13:02:56 INFO  State of operation 21133119 : EXECUTING
13:02:59 INFO  State of operation 21133119 : EXECUTING
13:03:01 INFO  State of operation 21133119 : EXECUTING
13:03:04 INFO  State of operation 21133119 : EXECUTING
13:03:06 INFO  State of operation 21133119 : EXECUTING
13:03:08 INFO  State of operation 21133119 : EXECUTING
13:03:10 INFO  State of operation 21133119 : EXECUTING
13:03:13 INFO  State of operation 21133119 : EXECUTING
13:03:15 INFO  State of operation 21133119 : EXECUTING
13:03:17 INFO  State of operation 21133119 : EXECUTING
13:03:19 INFO  State of operation 21133119 : EXECUTING
13:03:22 INFO  State of operation 21133119 : EXECUTING
13:03:24 INFO  State of operation 21133119 : EXECUTING
13:03:27 INFO  State of operation 21133119 : EXECUTING
13:03:29 INFO  State of operation 21133119 : EXECUTING
13:03:32 INFO  State of operation 21133119 : EXECUTING
13:03:34 INFO  State of operation 21133119 : EXECUTING
13:03:36 INFO  State of operation 21133119 : EXECUTING
13:03:38 INFO  State of operation 21133119 : EXECUTING
13:03:41 INFO  State of operation 21133119 : EXECUTING
13:03:43 INFO  State of operation 21133119 : EXECUTING
13:03:45 INFO  State of operation 21133119 : EXECUTING
13:03:47 INFO  State of operation 21133119 : EXECUTING
13:03:50 INFO  State of operation 21133119 : EXECUTING
13:03:52 INFO  State of operation 21133119 : EXECUTING
13:03:55 INFO  State of operation 21133119 : EXECUTING
13:03:57 INFO  State of operation 21133119 : EXECUTING
13:04:00 INFO  State of operation 21133119 : EXECUTING
13:04:02 INFO  State of operation 21133119 : EXECUTING
13:04:05 INFO  State of operation 21133119 : EXECUTING
13:04:07 INFO  State of operation 21133119 : EXECUTING
13:04:09 INFO  State of operation 21133119 : EXECUTING
13:04:11 INFO  State of operation 21133119 : EXECUTING
13:04:14 INFO  State of operation 21133119 : EXECUTING
13:04:16 INFO  State of operation 21133119 : EXECUTING
13:04:18 INFO  State of operation 21133119 : EXECUTING
13:04:20 INFO  State of operation 21133119 : EXECUTING
13:04:22 WARN  SystemError occurred while running test - Timeout while waiting for status SUCCESSFUL or False
Traceback (most recent call last):
  File "/home/pi/env-pysys/lib/python3.7/site-packages/pysys/baserunner.py", line 1294, in __call__
    self.testObj.execute()
  File "/home/pi/actions-runner/_work/thin-edge.io/thin-edge.io/tests/PySys/software_management_end_to_end/sm_apt_install_remove_multiple_mixed/run.py", line 89, in execute
    self.wait_until_succcess()
  File "/home/pi/actions-runner/_work/thin-edge.io/thin-edge.io/tests/PySys/software_management_end_to_end/environment_sm_management.py", line 324, in wait_until_succcess
    self.wait_until_status("SUCCESSFUL")
  File "/home/pi/actions-runner/_work/thin-edge.io/thin-edge.io/tests/PySys/software_management_end_to_end/environment_sm_management.py", line 381, in wait_until_status
    "Timeout while waiting for status %s or %s" % (status, status2)
SystemError: Timeout while waiting for status SUCCESSFUL or False
13:04:22 WARN  SystemError: Timeout while waiting for status SUCCESSFUL or False ... blocked 
13:04:22 INFO  
13:04:22 INFO  cleanup:
13:04:27 INFO  Executed sudo&lt;tedge_disconnect_c8y&gt;, exit status 0
13:04:27 INFO  Executed systemctl&lt;serv_mapper5&gt;, exit status 3
13:04:27 INFO  
13:04:27 INFO  Test duration: 179.54 secs
13:04:27 INFO  Test final outcome:  BLOCKED
13:04:27 INFO  Test outcome reason: SystemError: Timeout while waiting for status SUCCESSFUL or False (+1 other failures)
13:04:27 INFO  
</system-out>
	</testcase>
</testsuite><testsuite name="SoftwareManagement.sm_apt_install_remove_with_version" tests="3" errors="0" failures="0" skipped="1" time="0"><testcase classname="PySysTest" name="SoftwareManagement.sm_apt_install_remove_with_version">
		<skipped message="SKIPPED: Testing the apt plugin is not supported on this platform.Use parameter -XmyPlatform='container' to enable it" />
		<system-out>12:00:52 INFO  ==============================================================
12:00:52 INFO  Id:    SoftwareManagement.sm_apt_install_remove_with_version
12:00:52 INFO  Dir:   software_management_end_to_end/
12:00:52 INFO  Title: Validate end to end behaviour for the apt plugin for packages with version
12:00:52 INFO  ==============================================================
12:00:52 INFO  Testing the apt plugin is not supported on this platform.Use parameter -XmyPlatform='container' to enable it ... skipped
12:00:52 WARN  Aborted test due to SKIPPED outcome
12:00:52 INFO  
12:00:52 INFO  Test duration: 0.02 secs
12:00:52 INFO  Test final outcome:  SKIPPED
12:00:52 INFO  Test outcome reason: Testing the apt plugin is not supported on this platform.Use parameter -XmyPlatform='container' to enable it
12:00:52 INFO  
</system-out>
	</testcase>
<testcase classname="PySysTest" name="SoftwareManagement.sm_apt_install_remove_with_version" />
<testcase classname="PySysTest" name="SoftwareManagement.sm_apt_install_remove_with_version" />
</testsuite><testsuite name="SoftwareManagement.sm_docker_install_remove_multiple" tests="3" errors="0" failures="0" skipped="1" time="0"><testcase classname="SMDockerInstallRemove" name="SoftwareManagement.sm_docker_install_remove_multiple">
		<skipped message="SKIPPED: Testing the apt plugin is not supported on this platform.Use parameter -XmyPlatform='container' to enable it" />
		<system-out>12:00:52 INFO  ==============================================================
12:00:52 INFO  Id:    SoftwareManagement.sm_docker_install_remove_multiple
12:00:52 INFO  Dir:   software_management_end_to_end/
12:00:52 INFO  Title: Validate end to end behaviour for the docker plugin for multiple docker images with mixed versions
12:00:52 INFO  ==============================================================
12:00:52 INFO  Testing the apt plugin is not supported on this platform.Use parameter -XmyPlatform='container' to enable it ... skipped
12:00:52 WARN  Aborted test due to SKIPPED outcome
12:00:52 INFO  
12:00:52 INFO  Test duration: 0.02 secs
12:00:52 INFO  Test final outcome:  SKIPPED
12:00:52 INFO  Test outcome reason: Testing the apt plugin is not supported on this platform.Use parameter -XmyPlatform='container' to enable it
12:00:52 INFO  
</system-out>
	</testcase>
<testcase classname="SMDockerInstallRemove" name="SoftwareManagement.sm_docker_install_remove_multiple" />
<testcase classname="SMDockerInstallRemove" name="SoftwareManagement.sm_docker_install_remove_multiple" />
</testsuite><testsuite name="SoftwareManagement.sm_fake_install_remove" tests="2" errors="0" failures="0" skipped="1" time="0"><testcase classname="PySysTest" name="SoftwareManagement.sm_fake_install_remove">
		<skipped message="SKIPPED: Testing the fake plugin is not enabled.Use parameter -Xfakeplugin=fakeplugin to enable it" />
		<system-out>12:00:52 INFO  ==============================================================
12:00:52 INFO  Id:    SoftwareManagement.sm_fake_install_remove
12:00:52 INFO  Dir:   software_management_end_to_end/
12:00:52 INFO  Title: Validate end to end behaviour for the dummy plugin for installation and removal of packages
12:00:52 INFO  ==============================================================
12:00:52 INFO  Testing the fake plugin is not enabled.Use parameter -Xfakeplugin=fakeplugin to enable it ... skipped
12:00:52 WARN  Aborted test due to SKIPPED outcome
12:00:52 INFO  
12:00:52 INFO  Test duration: 0.02 secs
12:00:52 INFO  Test final outcome:  SKIPPED
12:00:52 INFO  Test outcome reason: Testing the fake plugin is not enabled.Use parameter -Xfakeplugin=fakeplugin to enable it
12:00:52 INFO  
</system-out>
	</testcase>
<testcase classname="PySysTest" name="SoftwareManagement.sm_fake_install_remove" />
</testsuite><testsuite name="SoftwareManagement.sm_fake_install_remove_multiple" tests="2" errors="0" failures="0" skipped="1" time="0"><testcase classname="PySysTest" name="SoftwareManagement.sm_fake_install_remove_multiple">
		<skipped message="SKIPPED: Testing the fake plugin is not enabled.Use parameter -Xfakeplugin=fakeplugin to enable it" />
		<system-out>12:00:53 INFO  ==============================================================
12:00:53 INFO  Id:    SoftwareManagement.sm_fake_install_remove_multiple
12:00:53 INFO  Dir:   software_management_end_to_end/
12:00:53 INFO  Title: Validate end to end behaviour for the dummy-plugin for multiple packages
12:00:53 INFO  ==============================================================
12:00:53 INFO  Testing the fake plugin is not enabled.Use parameter -Xfakeplugin=fakeplugin to enable it ... skipped
12:00:53 WARN  Aborted test due to SKIPPED outcome
12:00:53 INFO  
12:00:53 INFO  Test duration: 0.02 secs
12:00:53 INFO  Test final outcome:  SKIPPED
12:00:53 INFO  Test outcome reason: Testing the fake plugin is not enabled.Use parameter -Xfakeplugin=fakeplugin to enable it
12:00:53 INFO  
</system-out>
	</testcase>
<testcase classname="PySysTest" name="SoftwareManagement.sm_fake_install_remove_multiple" />
</testsuite><testsuite name="SoftwareManagement.sm_mapper_fail_and_reconnect" tests="2" errors="0" failures="0" skipped="2" time="0"><testcase classname="MapperC8yReceiveLastMessageOnRestart" name="SoftwareManagement.sm_mapper_fail_and_reconnect">
		<skipped message="SKIPPED: instable https://github.com/thin-edge/thin-edge.io/issues/752" />
		<system-out>12:00:53 INFO  ==============================================================
12:00:53 INFO  Id:    SoftwareManagement.sm_mapper_fail_and_reconnect
12:00:53 INFO  Dir:   software_management_end_to_end/
12:00:53 INFO  Title: Validate the tedge-mapper-sm-c8y for receiving the last message on restart
12:00:53 INFO  ==============================================================
12:00:53 INFO  instable https://github.com/thin-edge/thin-edge.io/issues/752 ... skipped
12:00:53 INFO  
12:00:53 INFO  Test duration: 0.02 secs
12:00:53 INFO  Test final outcome:  SKIPPED
12:00:53 INFO  Test outcome reason: instable https://github.com/thin-edge/thin-edge.io/issues/752
12:00:53 INFO  
</system-out>
	</testcase>
<testcase classname="MapperC8yReceiveLastMessageOnRestart" name="SoftwareManagement.sm_mapper_fail_and_reconnect">
		<skipped message="SKIPPED: instable https://github.com/thin-edge/thin-edge.io/issues/752" />
		<system-out>13:11:04 INFO  ==============================================================
13:11:04 INFO  Id:    SoftwareManagement.sm_mapper_fail_and_reconnect
13:11:04 INFO  Dir:   software_management_end_to_end/
13:11:04 INFO  Title: Validate the tedge-mapper-sm-c8y for receiving the last message on restart
13:11:04 INFO  ==============================================================
13:11:04 INFO  instable https://github.com/thin-edge/thin-edge.io/issues/752 ... skipped
13:11:04 INFO  
13:11:04 INFO  Test duration: 0.04 secs
13:11:04 INFO  Test final outcome:  SKIPPED
13:11:04 INFO  Test outcome reason: instable https://github.com/thin-edge/thin-edge.io/issues/752
13:11:04 INFO  
</system-out>
	</testcase>
</testsuite><testsuite name="SoftwareManagement.sm_mixed_install_remove_multiple" tests="2" errors="0" failures="1" skipped="1" time="0"><testcase classname="PySysTest" name="SoftwareManagement.sm_mixed_install_remove_multiple">
		<skipped message="SKIPPED: Testing the fake plugin is not enabled.Use parameter -Xfakeplugin=fakeplugin to enable it" />
		<system-out>12:00:53 INFO  ==============================================================
12:00:53 INFO  Id:    SoftwareManagement.sm_mixed_install_remove_multiple
12:00:53 INFO  Dir:   software_management_end_to_end/
12:00:53 INFO  Title: Validate end to end behaviour for the dummy-plugin for multiple packages with mixed versions
12:00:53 INFO  ==============================================================
12:00:53 INFO  Testing the fake plugin is not enabled.Use parameter -Xfakeplugin=fakeplugin to enable it ... skipped
12:00:53 WARN  Aborted test due to SKIPPED outcome
12:00:53 INFO  
12:00:53 INFO  Test duration: 0.02 secs
12:00:53 INFO  Test final outcome:  SKIPPED
12:00:53 INFO  Test outcome reason: Testing the fake plugin is not enabled.Use parameter -Xfakeplugin=fakeplugin to enable it
12:00:53 INFO  
</system-out>
	</testcase>
<testcase classname="PySysTest" name="SoftwareManagement.sm_mixed_install_remove_multiple">
		<failure message="FAILED: Assert that (False == value) with value=True" type="FAILED" />
		<system-out>13:11:04 INFO  ==============================================================
13:11:04 INFO  Id:    SoftwareManagement.sm_mixed_install_remove_multiple
[...]
11:48:56 INFO  Executed sudo&lt;rm_tmp_logs&gt;, exit status 0
11:48:57 INFO  Executed sudo&lt;send_failed&gt;, exit status 0
11:48:57 INFO  Executed sudo&lt;log_file_daemon&gt;, exit status 0
11:49:01 INFO  Executed sudo&lt;tedge_disconnect_c8y&gt;, exit status 0
11:49:02 INFO  Executed systemctl&lt;serv_mapper5&gt;, exit status 3
11:49:02 INFO  
11:49:02 INFO  Test duration: 27.25 secs
11:49:02 INFO  Test final outcome:  BLOCKED
11:49:02 INFO  Test outcome reason: TypeError: 'NoneType' object is not subscriptable
11:49:02 INFO  
</system-out>
	</testcase>
</testsuite><testsuite name="log_request_num_lines" tests="1" errors="0" failures="1" skipped="0" time="0"><testcase classname="LogRequestVerifyNumberOfLines" name="log_request_num_lines">
		<failure message="BLOCKED: TypeError: 'NoneType' object is not subscriptable" type="BLOCKED" />
		<system-out>11:49:02 INFO  ==============================================================
11:49:02 INFO  Id:    log_request_num_lines
11:49:02 INFO  Dir:   log_request_end_to_end/
11:49:02 INFO  Title: Validate end to end behaviour for the log request operation check for number of lines
11:49:02 INFO  ==============================================================
11:49:02 INFO  EnvironmentC8y Setup
11:49:02 INFO  Executed systemctl&lt;serv_mapper1&gt;, exit status 3
11:49:03 INFO  Restarting mosquitto too frequently in the last 10 seconds. It was only up for 5 seconds
11:49:03 INFO  Delaying execution by 6 seconds
11:49:23 INFO  Executed sudo&lt;tedge_connect_c8y&gt;, exit status 0, duration 14 secs
11:49:24 INFO  Executed sudo&lt;tedge_connect_c8y_test&gt;, exit status 0
11:49:24 INFO  Executed systemctl&lt;serv_mosq2&gt;, exit status 0
11:49:25 INFO  Executed systemctl&lt;serv_mapper3&gt;, exit status 0
11:49:25 INFO  Executed sudo&lt;rm_logs&gt;, exit status 0
11:49:26 INFO  Executed sudo&lt;move_logs&gt;, exit status 0
11:49:26 INFO  Executed sudo&lt;log_file_daemon&gt;, exit status 0
11:49:27 WARN  TypeError occurred while running test - 'NoneType' object is not subscriptable
Traceback (most recent call last):
  File "/home/pi/env-pysys/lib/python3.7/site-packages/pysys/baserunner.py", line 1294, in __call__
    self.testObj.execute()
  File "/home/pi/actions-runner/_work/thin-edge.io/thin-edge.io/tests/PySys/log_request_end_to_end/log_request_num_lines/run.py", line 46, in execute
    log_file_request_payload, self.project.deviceid
  File "/home/pi/actions-runner/_work/thin-edge.io/thin-edge.io/tests/PySys/environments/cumulocity.py", line 101, in trigger_log_request
    "deviceId": self.device_fragment["id"],
TypeError: 'NoneType' object is not subscriptable
11:49:27 WARN  TypeError: 'NoneType' object is not subscriptable ... blocked 
11:49:27 INFO  
11:49:27 INFO  cleanup:
11:49:27 INFO  Executed sudo&lt;rm_logs&gt;, exit status 0
11:49:28 INFO  Executed sudo&lt;rm_tmp_logs&gt;, exit status 0
11:49:29 INFO  Executed sudo&lt;send_failed&gt;, exit status 0
11:49:29 INFO  Executed sudo&lt;log_file_daemon&gt;, exit status 0
11:49:33 INFO  Executed sudo&lt;tedge_disconnect_c8y&gt;, exit status 0
11:49:34 INFO  Executed systemctl&lt;serv_mapper5&gt;, exit status 3
11:49:34 INFO  
11:49:34 INFO  Test duration: 32.05 secs
11:49:34 INFO  Test final outcome:  BLOCKED
11:49:34 INFO  Test outcome reason: TypeError: 'NoneType' object is not subscriptable
11:49:34 INFO  
</system-out>
	</testcase>
</testsuite><testsuite name="mapper_awaits_before_reconnect" tests="1" errors="0" failures="1" skipped="0" time="0"><testcase classname="MapperReconnectAwait" name="mapper_awaits_before_reconnect">
		<failure message="FAILED: Line count on tedge_mapper_journal.out for &quot;tedge_mapper::core::mapper: MQTT connection error:&quot; expected &gt;=2 but got 0" type="FAILED" />
		<system-out>12:03:53 INFO  ==============================================================
12:03:53 INFO  Id:    mapper_awaits_before_reconnect
12:03:53 INFO  Dir:   tedge_mapper_c8y/
12:03:53 INFO  Title: Validate mapper doesn't reconnect too often
12:03:53 INFO  ==============================================================
12:03:53 INFO  Started mosquitto_sub with process id 1316
12:03:53 INFO  Waiting for 0.1 seconds
12:03:54 INFO  Executed sudo&lt;tedge_mapper&gt;, exit status 0
12:03:54 INFO  Waiting for 5.0 seconds
12:04:00 INFO  Executed sudo&lt;tedge_mapper&gt;, exit status 0
12:04:03 INFO  Executed sudo&lt;tedge_mapper_journal&gt;, exit status 0
12:04:03 WARN  Grep on tedge_mapper_journal.out contains "ERROR" ... failed [run.py:67]
12:04:03 INFO  Line count on file tedge_mapper_journal.out ... passed
12:04:03 WARN  Line count on tedge_mapper_journal.out for "tedge_mapper::core::mapper: MQTT connection error:" expected &gt;=2 but got 0 ... failed [run.py:78]
12:04:03 WARN  Aborted test due to FAILED outcome
12:04:03 INFO  
12:04:03 INFO  Test duration: 9.46 secs
12:04:03 INFO  Test final outcome:  FAILED
12:04:03 INFO  Test outcome reason: Line count on tedge_mapper_journal.out for "tedge_mapper::core::mapper: MQTT connection error:" expected &gt;=2 but got 0
12:04:03 INFO  
</system-out>
	</testcase>
</testsuite><testsuite name="monitoring_smaller_interval" tests="1" errors="0" failures="1" skipped="0" time="0"><testcase classname="MonitoringSmallInterval" name="monitoring_smaller_interval">
		<failure message="BLOCKED: TypeError: 'int' object is not subscriptable" type="BLOCKED" />
		<system-out>11:50:57 INFO  ==============================================================
11:50:57 INFO  Id:    monitoring_smaller_interval
11:50:57 INFO  Dir:   monitoring/
11:50:57 INFO  Title: Validate the tedge dm agent messages that are produced with smaller sampling interval than the batching window. Here the simulated collectd messages are used
11:50:57 INFO  ==============================================================
11:50:57 INFO  Executed sudo&lt;collectd&gt;, exit status 0
11:50:58 INFO  Executed sudo&lt;collectd_mapper&gt;, exit status 0
11:50:58 INFO  Started sudo&lt;tedge_sub&gt; with process id 29849
11:50:59 INFO  Executed sudo&lt;tedge_temp&gt;, exit status 0
11:50:59 INFO  Executed sudo&lt;tedge_pres&gt;, exit status 0
11:51:00 INFO  Executed sudo&lt;tedge_temp&gt;, exit status 0
11:51:00 INFO  Executed sudo&lt;tedge_pres&gt;, exit status 0
11:51:01 INFO  Executed sudo&lt;tedge_temp&gt;, exit status 0
11:51:01 INFO  Executed sudo&lt;tedge_pres&gt;, exit status 0
11:51:02 INFO  Executed sudo&lt;tedge_temp&gt;, exit status 0
11:51:03 INFO  Executed sudo&lt;tedge_pres&gt;, exit status 0
11:51:03 INFO  Executed sudo&lt;tedge_temp&gt;, exit status 0
11:51:04 INFO  Executed sudo&lt;tedge_pres&gt;, exit status 0
11:51:04 INFO  Executed sudo&lt;tedge_temp&gt;, exit status 0
11:51:05 INFO  Executed sudo&lt;tedge_pres&gt;, exit status 0
11:51:05 INFO  Executed sudo&lt;tedge_temp&gt;, exit status 0
11:51:06 INFO  Executed sudo&lt;tedge_pres&gt;, exit status 0
11:51:07 INFO  Executed sudo&lt;tedge_temp&gt;, exit status 0
11:51:07 INFO  Executed sudo&lt;tedge_pres&gt;, exit status 0
11:51:08 INFO  Executed sudo&lt;tedge_temp&gt;, exit status 0
11:51:08 INFO  Executed sudo&lt;tedge_pres&gt;, exit status 0
11:51:09 INFO  Executed sudo&lt;tedge_temp&gt;, exit status 0
11:51:09 INFO  Executed sudo&lt;tedge_pres&gt;, exit status 0
11:51:11 INFO  Executed sudo&lt;kill_out&gt;, exit status 0
11:51:11 INFO  0

11:51:11 WARN  TypeError occurred while running test - 'int' object is not subscriptable
Traceback (most recent call last):
  File "/home/pi/env-pysys/lib/python3.7/site-packages/pysys/baserunner.py", line 1296, in __call__
    self.testObj.validate()
  File "/home/pi/actions-runner/_work/thin-edge.io/thin-edge.io/tests/PySys/monitoring/monitoring_smaller_interval/run.py", line 104, in validate
    collectd_msg_validation_result=self.validate_json(),
  File "/home/pi/actions-runner/_work/thin-edge.io/thin-edge.io/tests/PySys/monitoring/monitoring_smaller_interval/run.py", line 114, in validate_json
    if not self.validate_time():
  File "/home/pi/actions-runner/_work/thin-edge.io/thin-edge.io/tests/PySys/monitoring/monitoring_smaller_interval/run.py", line 134, in validate_time
    if self.js_msg["time"]:
TypeError: 'int' object is not subscriptable
11:51:11 WARN  TypeError: 'int' object is not subscriptable ... blocked 
11:51:11 INFO  
11:51:11 INFO  cleanup:
11:51:11 INFO  monitoring_cleanup
11:51:12 INFO  Executed sudo&lt;collectd_mapper&gt;, exit status 0
11:51:12 INFO  
11:51:12 INFO  Test duration: 14.84 secs
11:51:12 INFO  Test final outcome:  BLOCKED
11:51:12 INFO  Test outcome reason: TypeError: 'int' object is not subscriptable
11:51:12 INFO  
</system-out>
	</testcase>
</testsuite><testsuite name="monitoring_with_collectd" tests="1" errors="0" failures="0" skipped="1" time="0"><testcase classname="MonitoringWithCollectd" name="monitoring_with_collectd">
		<skipped message="SKIPPED: Test execution disabled due to #792 (instable)" />
		<system-out>11:51:12 INFO  ==============================================================
11:51:12 INFO  Id:    monitoring_with_collectd
11:51:12 INFO  Dir:   monitoring/
11:51:12 INFO  Title: Validate tedge dm agent messages that are produced by batching the collectd messages
11:51:12 INFO  ==============================================================
11:51:12 INFO  Test execution disabled due to #792 (instable) ... skipped
11:51:12 INFO  
11:51:12 INFO  Test duration: 0.02 secs
11:51:12 INFO  Test final outcome:  SKIPPED
11:51:12 INFO  Test outcome reason: Test execution disabled due to #792 (instable)
11:51:12 INFO  
</system-out>
	</testcase>
</testsuite><testsuite name="monitoring_with_simulated_messages" tests="1" errors="0" failures="1" skipped="0" time="0"><testcase classname="MonitoringWithSimulatedMessages" name="monitoring_with_simulated_messages">
		<failure message="BLOCKED: TypeError: 'int' object is not subscriptable" type="BLOCKED" />
		<system-out>11:51:12 INFO  ==============================================================
11:51:12 INFO  Id:    monitoring_with_simulated_messages
11:51:12 INFO  Dir:   monitoring/
11:51:12 INFO  Title: Validate the tedge dm agent messages that are produced from the simulated collectd messages
11:51:12 INFO  ==============================================================
11:51:12 INFO  Executed sudo&lt;collectd&gt;, exit status 0
11:51:13 INFO  Executed sudo&lt;collectd_mapper&gt;, exit status 0
11:51:13 INFO  Started sudo&lt;tedge_sub&gt; with process id 29903
11:51:13 INFO  Executed sudo&lt;tedge_temp&gt;, exit status 0
11:51:14 INFO  Executed sudo&lt;tedge_pres&gt;, exit status 0
11:51:15 INFO  Executed sudo&lt;kill_out&gt;, exit status 0
11:51:15 INFO  0

11:51:15 WARN  TypeError occurred while running test - 'int' object is not subscriptable
Traceback (most recent call last):
  File "/home/pi/env-pysys/lib/python3.7/site-packages/pysys/baserunner.py", line 1296, in __call__
    self.testObj.validate()
  File "/home/pi/actions-runner/_work/thin-edge.io/thin-edge.io/tests/PySys/monitoring/monitoring_with_simulated_messages/run.py", line 98, in validate
    collectd_msg_validation_result=self.validate_json(),
  File "/home/pi/actions-runner/_work/thin-edge.io/thin-edge.io/tests/PySys/monitoring/monitoring_with_simulated_messages/run.py", line 108, in validate_json
    if not self.validate_time():
  File "/home/pi/actions-runner/_work/thin-edge.io/thin-edge.io/tests/PySys/monitoring/monitoring_with_simulated_messages/run.py", line 127, in validate_time
    if self.js_msg["time"]:
TypeError: 'int' object is not subscriptable
11:51:15 WARN  TypeError: 'int' object is not subscriptable ... blocked 
11:51:15 INFO  
11:51:15 INFO  cleanup:
11:51:15 INFO  monitoring_cleanup
11:51:16 INFO  Executed sudo&lt;collectd_mapper&gt;, exit status 0
11:51:16 INFO  
11:51:16 INFO  Test duration: 4.37 secs
11:51:16 INFO  Test final outcome:  BLOCKED
11:51:16 INFO  Test outcome reason: TypeError: 'int' object is not subscriptable
11:51:16 INFO  
</system-out>
	</testcase>
</testsuite><testsuite name="mqtt_port_change_connection_fails" tests="1" errors="0" failures="0" skipped="0" time="0"><testcase classname="MqttPortChangeConnectionFails" name="mqtt_port_change_connection_fails" />
</testsuite><testsuite name="mqtt_port_change_connection_works" tests="1" errors="0" failures="0" skipped="1" time="0"><testcase classname="MqttPortChangeConnectionWorks" name="mqtt_port_change_connection_works">
		<skipped message="SKIPPED: failing intermitently" />
		<system-out>11:50:09 INFO  ==============================================================
11:50:09 INFO  Id:    mqtt_port_change_connection_works
11:50:09 INFO  Dir:   misc_features/
11:50:09 INFO  Title: mqtt port change connection works for all the thin-edge services that use the mosquitto broker
11:50:09 INFO  ==============================================================
11:50:09 INFO  failing intermitently ... skipped
11:50:09 INFO  
11:50:09 INFO  Test duration: 0.02 secs
11:50:09 INFO  Test final outcome:  SKIPPED
11:50:09 INFO  Test outcome reason: failing intermitently
11:50:09 INFO  
</system-out>
	</testcase>
</testsuite><testsuite name="publish_flux" tests="1" errors="0" failures="0" skipped="0" time="0"><testcase classname="PublishFlux" name="publish_flux" />
</testsuite><testsuite name="publish_sawmill" tests="1" errors="0" failures="0" skipped="0" time="0"><testcase classname="PublishSawmill" name="publish_sawmill" />
</testsuite><testsuite name="runtime_start_two_mappers" tests="1" errors="0" failures="0" skipped="0" time="0"><testcase classname="RuntimeMultiMappers" name="runtime_start_two_mappers" />
</testsuite><testsuite name="sm_tedge_mapper_init_session" tests="1" errors="0" failures="0" skipped="0" time="0"><testcase classname="TedgeSMMapperInitSession" name="sm_tedge_mapper_init_session" />
</testsuite><testsuite name="smoketest_json" tests="1" errors="0" failures="0" skipped="0" time="0"><testcase classname="SmokeTestJson" name="smoketest_json" />
</testsuite><testsuite name="smoketest_json_400_samples_10ms" tests="1" errors="0" failures="0" skipped="0" time="0"><testcase classname="SmoketestJson400Samples10ms" name="smoketest_json_400_samples_10ms" />
</testsuite><testsuite name="smoketest_json_400_samples_20ms" tests="1" errors="0" failures="0" skipped="0" time="0"><testcase classname="SmoketestJson400Samples20ms" name="smoketest_json_400_samples_20ms" />
</testsuite><testsuite name="smoketest_smartrest" tests="1" errors="0" failures="0" skipped="0" time="0"><testcase classname="SmoketestSmartRest" name="smoketest_smartrest" />
</testsuite><testsuite name="smoketest_smartrest_400_samples_1Xms" tests="1" errors="0" failures="0" skipped="0" time="0"><testcase classname="SmoketestSmartRest400Samples1Xms" name="smoketest_smartrest_400_samples_1Xms" />
</testsuite><testsuite name="smoketest_smartrest_400_samples_20ms" tests="1" errors="0" failures="0" skipped="0" time="0"><testcase classname="SmoketestSmartRest400Samples20ms" name="smoketest_smartrest_400_samples_20ms" />
</testsuite><testsuite name="tedge_agent_user_sudo_access" tests="1" errors="0" failures="0" skipped="1" time="0"><testcase classname="TedgeAgentUserSudoAccess" name="tedge_agent_user_sudo_access">
		<skipped message="SKIPPED: #955 Observation: Exit code of the apt plugin when called with no arguments" />
		<system-out>12:01:18 INFO  ==============================================================
12:01:18 INFO  Id:    tedge_agent_user_sudo_access
12:01:18 INFO  Dir:   tedge/
12:01:18 INFO  Title: Validate tedge-agent user has a limited sudo right
12:01:18 INFO  ==============================================================
12:01:18 INFO  #955 Observation: Exit code of the apt plugin when called with no arguments ... skipped
12:01:18 INFO  
12:01:18 INFO  Test duration: 0.02 secs
12:01:18 INFO  Test final outcome:  SKIPPED
12:01:18 INFO  Test outcome reason: #955 Observation: Exit code of the apt plugin when called with no arguments
12:01:18 INFO  
</system-out>
	</testcase>
</testsuite><testsuite name="tedge_connect_test_negative" tests="1" errors="0" failures="0" skipped="0" time="0"><testcase classname="TedgeConnectTestNegative" name="tedge_connect_test_negative" />
</testsuite><testsuite name="tedge_connect_test_positive" tests="1" errors="0" failures="0" skipped="0" time="0"><testcase classname="TedgeConnectTestPositive" name="tedge_connect_test_positive" />
</testsuite><testsuite name="tedge_connect_test_sm_services" tests="1" errors="0" failures="0" skipped="0" time="0"><testcase classname="TedgeConnectTestSMServices" name="tedge_connect_test_sm_services" />
</testsuite><testsuite name="tedge_disconnect_test_sm_services" tests="1" errors="0" failures="0" skipped="0" time="0"><testcase classname="TedgeDisConnectTestSMServices" name="tedge_disconnect_test_sm_services" />
</testsuite><testsuite name="tedge_mapper_az_negative" tests="1" errors="0" failures="0" skipped="0" time="0"><testcase classname="TedgeMapperAzError" name="tedge_mapper_az_negative" />
</testsuite><testsuite name="tedge_mapper_az_with_timestamp" tests="1" errors="0" failures="0" skipped="0" time="0"><testcase classname="TedgeMapperAzWithTimestamp" name="tedge_mapper_az_with_timestamp" />
</testsuite><testsuite name="tedge_mapper_az_without_timestamp" tests="1" errors="0" failures="0" skipped="0" time="0"><testcase classname="TedgeMapperAzWithoutTimestamp" name="tedge_mapper_az_without_timestamp" />
</testsuite><testsuite name="tedge_mapper_c8y_alarms" tests="1" errors="0" failures="0" skipped="0" time="0"><testcase classname="TedgeMapperC8yAlarm" name="tedge_mapper_c8y_alarms" />
</testsuite><testsuite name="tedge_mapper_c8y_child_device_measurement" tests="1" errors="0" failures="0" skipped="0" time="0"><testcase classname="TedgeMapperC8yChildDevice" name="tedge_mapper_c8y_child_device_measurement" />
</testsuite><testsuite name="tedge_mapper_c8y_packet_threshold_size" tests="1" errors="0" failures="1" skipped="0" time="0"><testcase classname="TedgeMapperC8yThresholdPacketSize" name="tedge_mapper_c8y_packet_threshold_size">
		<failure message="FAILED: Grep on tedge_sub.out contains &quot;The size of the message received on tedge/measurements is 20489 which is greater than the threshold size of 16184.&quot;" type="FAILED" />
		<system-out>12:05:39 INFO  ==============================================================
12:05:39 INFO  Id:    tedge_mapper_c8y_packet_threshold_size
12:05:39 INFO  Dir:   tedge_mapper_c8y/
12:05:39 INFO  Title: Validate the Cumulocity Mapper accepted threshold packet size when it receives a message on tedge/measurements
12:05:39 INFO  ==============================================================
12:05:40 INFO  Executed sudo&lt;tedge_mapper_c8y&gt;, exit status 0
12:05:40 INFO  Started sudo&lt;tedge_sub&gt; with process id 1914
12:05:41 INFO  Executed sudo&lt;tedge_msg&gt;, exit status 0
12:05:41 INFO  Executed sudo&lt;tedge_pub&gt;, exit status 0
12:05:42 INFO  Executed sudo&lt;kill_out&gt;, exit status 0
12:05:42 WARN  Grep on tedge_sub.out contains "The size of the message received on tedge/measurements is 20489 which is greater than the threshold size of 16184." ... failed [run.py:88]
12:05:42 INFO  
12:05:42 INFO  cleanup:
12:05:42 INFO  mapper_cleanup
12:05:42 INFO  Executed sudo&lt;tedge_mapper_c8y&gt;, exit status 0
12:05:42 INFO  
12:05:42 INFO  Test duration: 2.97 secs
12:05:42 INFO  Test final outcome:  FAILED
12:05:42 INFO  Test outcome reason: Grep on tedge_sub.out contains "The size of the message received on tedge/measurements is 20489 which is greater than the threshold size of 16184."
12:05:42 INFO  
</system-out>
	</testcase>
</testsuite><testsuite name="tedge_software_update" tests="1" errors="0" failures="0" skipped="0" time="0"><testcase classname="PySysTest" name="tedge_software_update" />
</testsuite><testsuite name="valid_device_id" tests="1" errors="0" failures="0" skipped="0" time="0"><testcase classname="ValidateValidDeviceId" name="valid_device_id" />
</testsuite></testsuites>