<?xml version='1.0' encoding='utf-8'?>
<testsuites tests="139" failures="29" errors="0" skipped="45" time="0.0"><testsuite name="SoftwareManagement.Plugin.apama_plugin_install" tests="3" errors="0" failures="0" skipped="1" time="0"><testcase classname="ApamaPluginInstallTest" name="SoftwareManagement.Plugin.apama_plugin_install">
		<skipped message="SKIPPED: Apama plugin tests are disabled by default. Execute `pysys run` with `-XmyPlatform=container` to run these tests" />
		<system-out>08:34:40 INFO  ==============================================================
08:34:40 INFO  Id:    SoftwareManagement.Plugin.apama_plugin_install
08:34:40 INFO  Dir:   plugin_apama/
08:34:40 INFO  Title: Validate apama plugin install
08:34:40 INFO  ==============================================================
08:34:41 INFO  Apama plugin tests are disabled by default. Execute `pysys run` with `-XmyPlatform=container` to run these tests ... skipped
08:34:41 WARN  Aborted test due to SKIPPED outcome
08:34:41 INFO  
08:34:41 INFO  Test duration: 0.11 secs
08:34:41 INFO  Test final outcome:  SKIPPED
08:34:41 INFO  Test outcome reason: Apama plugin tests are disabled by default. Execute `pysys run` with `-XmyPlatform=container` to run these tests
08:34:41 INFO  
</system-out>
	</testcase>
<testcase classname="ApamaPluginInstallTest" name="SoftwareManagement.Plugin.apama_plugin_install" />
<testcase classname="ApamaPluginInstallTest" name="SoftwareManagement.Plugin.apama_plugin_install" />
</testsuite><testsuite name="SoftwareManagement.Plugin.apama_plugin_mon_support" tests="3" errors="0" failures="0" skipped="1" time="0"><testcase classname="ApamaPluginMonSupportTest" name="SoftwareManagement.Plugin.apama_plugin_mon_support">
		<skipped message="SKIPPED: Apama plugin tests are disabled by default. Execute `pysys run` with `-XmyPlatform=container` to run these tests" />
		<system-out>08:34:41 INFO  ==============================================================
08:34:41 INFO  Id:    SoftwareManagement.Plugin.apama_plugin_mon_support
08:34:41 INFO  Dir:   plugin_apama/
08:34:41 INFO  Title: Validate mon file support of apama plugin
08:34:41 INFO  ==============================================================
08:34:41 INFO  Apama plugin tests are disabled by default. Execute `pysys run` with `-XmyPlatform=container` to run these tests ... skipped
08:34:41 WARN  Aborted test due to SKIPPED outcome
08:34:41 INFO  
08:34:41 INFO  Test duration: 0.02 secs
08:34:41 INFO  Test final outcome:  SKIPPED
08:34:41 INFO  Test outcome reason: Apama plugin tests are disabled by default. Execute `pysys run` with `-XmyPlatform=container` to run these tests
08:34:41 INFO  
</system-out>
	</testcase>
<testcase classname="ApamaPluginMonSupportTest" name="SoftwareManagement.Plugin.apama_plugin_mon_support" />
<testcase classname="ApamaPluginMonSupportTest" name="SoftwareManagement.Plugin.apama_plugin_mon_support" />
</testsuite><testsuite name="SoftwareManagement.Plugin.apama_plugin_remove" tests="3" errors="0" failures="0" skipped="1" time="0"><testcase classname="ApamaPluginRemoveTest" name="SoftwareManagement.Plugin.apama_plugin_remove">
		<skipped message="SKIPPED: Apama plugin tests are disabled by default. Execute `pysys run` with `-XmyPlatform=container` to run these tests" />
		<system-out>08:34:41 INFO  ==============================================================
08:34:41 INFO  Id:    SoftwareManagement.Plugin.apama_plugin_remove
08:34:41 INFO  Dir:   plugin_apama/
08:34:41 INFO  Title: Validate apama plugin remove
08:34:41 INFO  ==============================================================
08:34:41 INFO  Apama plugin tests are disabled by default. Execute `pysys run` with `-XmyPlatform=container` to run these tests ... skipped
08:34:41 WARN  Aborted test due to SKIPPED outcome
08:34:41 INFO  
08:34:41 INFO  Test duration: 0.02 secs
08:34:41 INFO  Test final outcome:  SKIPPED
08:34:41 INFO  Test outcome reason: Apama plugin tests are disabled by default. Execute `pysys run` with `-XmyPlatform=container` to run these tests
08:34:41 INFO  
</system-out>
	</testcase>
<testcase classname="ApamaPluginRemoveTest" name="SoftwareManagement.Plugin.apama_plugin_remove" />
<testcase classname="ApamaPluginRemoveTest" name="SoftwareManagement.Plugin.apama_plugin_remove" />
</testsuite><testsuite name="SoftwareManagement.Plugin.apama_plugin_update" tests="3" errors="0" failures="2" skipped="1" time="0"><testcase classname="ApamaPluginUpdateTest" name="SoftwareManagement.Plugin.apama_plugin_update">
		<skipped message="SKIPPED: Apama plugin tests are disabled by default. Execute `pysys run` with `-XmyPlatform=container` to run these tests" />
		<system-out>08:34:41 INFO  ==============================================================
08:34:41 INFO  Id:    SoftwareManagement.Plugin.apama_plugin_update
08:34:41 INFO  Dir:   plugin_apama/
08:34:41 INFO  Title: Validate apama plugin updating one project with another
08:34:41 INFO  ==============================================================
08:34:41 INFO  Apama plugin tests are disabled by default. Execute `pysys run` with `-XmyPlatform=container` to run these tests ... skipped
08:34:41 WARN  Aborted test due to SKIPPED outcome
08:34:41 INFO  
08:34:41 INFO  Test duration: 0.03 secs
08:34:41 INFO  Test final outcome:  SKIPPED
08:34:41 INFO  Test outcome reason: Apama plugin tests are disabled by default. Execute `pysys run` with `-XmyPlatform=container` to run these tests
08:34:41 INFO  
</system-out>
	</testcase>
<testcase classname="ApamaPluginUpdateTest" name="SoftwareManagement.Plugin.apama_plugin_update">
		<failure message="BLOCKED: sudo&lt;plugin_install&gt; returned non-zero exit code 2" type="BLOCKED" />
		<system-out>09:27:48 INFO  ==============================================================
09:27:48 INFO  Id:    SoftwareManagement.Plugin.apama_plugin_update
09:27:48 INFO  Dir:   plugin_apama/
09:27:48 INFO  Title: Validate apama plugin updating one project with another
09:27:48 INFO  ==============================================================
09:27:48 INFO  Assertion that path exists=False for "/etc/tedge/apama/project" ... passed
09:27:49 INFO  Executed sudo&lt;create_project_dir&gt;, exit status 0
09:27:49 INFO  Executed sudo&lt;unzip_apama_project&gt;, exit status 0
09:27:50 INFO  Executed sudo&lt;move_apama_project&gt;, exit status 0
09:27:51 INFO  Executed sudo&lt;restart_apama_service&gt;, exit status 0
09:27:51 INFO  Executed sudo&lt;apama_correlator_wait&gt;, exit status 0
09:27:51 INFO  Assertion that path exists=True for "/etc/tedge/apama/project" ... passed
09:27:52 INFO  Executed sudo&lt;apama_list_monitors&gt;, exit status 0
09:27:52 INFO  Grep on file /home/pi/actions-runner/_work/thin-edge.io/thin-edge.io/tests/PySys/plugin_apama/apama_plugin_update/Output/linux/apama_list_monitors.out ... passed
09:27:53 WARN  Executed sudo&lt;plugin_install&gt;, exit status 2
09:27:53 INFO  Contents of plugin_install.err: 
  ERROR: Directory not empty (os error 39)
  -----

09:27:53 WARN  sudo&lt;plugin_install&gt; returned non-zero exit code 2 ... blocked [run.py:35]
09:27:53 WARN  Aborted test due to BLOCKED outcome
09:27:53 INFO  
09:27:53 INFO  cleanup:
09:27:53 INFO  Removing apama project
09:28:09 INFO  Executed sudo&lt;stop_apama_service&gt;, exit status 0, duration 15 secs
09:28:09 INFO  Executed sudo&lt;remove_apama_project&gt;, exit status 0
09:28:10 INFO  Executed sudo&lt;remove_apama_tmp_dir&gt;, exit status 0
09:28:10 INFO  
09:28:10 INFO  Test duration: 21.40 secs
09:28:10 INFO  Test final outcome:  BLOCKED
09:28:10 INFO  Test outcome reason: sudo&lt;plugin_install&gt; returned non-zero exit code 2
09:28:10 INFO  
</system-out>
	</testcase>
<testcase classname="ApamaPluginUpdateTest" name="SoftwareManagement.Plugin.apama_plugin_update">
		<failure message="BLOCKED: sudo&lt;plugin_install&gt; returned non-zero exit code 2" type="BLOCKED" />
		<system-out>09:36:42 INFO  ==============================================================
09:36:42 INFO  Id:    SoftwareManagement.Plugin.apama_plugin_update
09:36:42 INFO  Dir:   plugin_apama/
09:36:42 INFO  Title: Validate apama plugin updating one project with another
09:36:42 INFO  ==============================================================
09:36:42 INFO  Assertion that path exists=False for "/etc/tedge/apama/project" ... passed
09:36:43 INFO  Executed sudo&lt;create_project_dir&gt;, exit status 0
09:36:43 INFO  Executed sudo&lt;unzip_apama_project&gt;, exit status 0
09:36:44 INFO  Executed sudo&lt;move_apama_project&gt;, exit status 0
09:36:45 INFO  Executed sudo&lt;restart_apama_service&gt;, exit status 0
09:36:46 INFO  Executed sudo&lt;apama_correlator_wait&gt;, exit status 0
09:36:46 INFO  Assertion that path exists=True for "/etc/tedge/apama/project" ... passed
09:36:46 INFO  Executed sudo&lt;apama_list_monitors&gt;, exit status 0
09:36:46 INFO  Grep on file /home/pi/actions-runner/_work/thin-edge.io/thin-edge.io/tests/PySys/plugin_apama/apama_plugin_update/Output/linux/apama_list_monitors.out ... passed
09:36:47 WARN  Executed sudo&lt;plugin_install&gt;, exit status 2
09:36:47 INFO  Contents of plugin_install.err: 
  ERROR: Directory not empty (os error 39)
  -----

09:36:47 WARN  sudo&lt;plugin_install&gt; returned non-zero exit code 2 ... blocked [run.py:35]
09:36:47 WARN  Aborted test due to BLOCKED outcome
09:36:47 INFO  
09:36:47 INFO  cleanup:
09:36:47 INFO  Removing apama project
09:37:02 INFO  Executed sudo&lt;stop_apama_service&gt;, exit status 0, duration 15 secs
09:37:03 INFO  Executed sudo&lt;remove_apama_project&gt;, exit status 0
09:37:03 INFO  Executed sudo&lt;remove_apama_tmp_dir&gt;, exit status 0
09:37:03 INFO  
09:37:03 INFO  Test duration: 21.07 secs
09:37:03 INFO  Test final outcome:  BLOCKED
09:37:03 INFO  Test outcome reason: sudo&lt;plugin_install&gt; returned non-zero exit code 2
09:37:03 INFO  
</system-out>
	</testcase>
</testsuite><testsuite name="SoftwareManagement.sm_apt_install_download_path" tests="3" errors="0" failures="2" skipped="1" time="0"><testcase classname="AptInstallWithDownloadPath" name="SoftwareManagement.sm_apt_install_download_path">
		<skipped message="SKIPPED: Testing the apt plugin is not supported on this platform.Use parameter -XmyPlatform='container' to enable it" />
		<system-out>08:44:15 INFO  ==============================================================
08:44:15 INFO  Id:    SoftwareManagement.sm_apt_install_download_path
08:44:15 INFO  Dir:   software_management_end_to_end/
08:44:15 INFO  Title: Install package to directory specified in tedge config set tmp.path
08:44:15 INFO  ==============================================================
08:44:15 INFO  Testing the apt plugin is not supported on this platform.Use parameter -XmyPlatform='container' to enable it ... skipped
08:44:15 WARN  Aborted test due to SKIPPED outcome
08:44:15 INFO  
08:44:15 INFO  Test duration: 0.07 secs
08:44:15 INFO  Test final outcome:  SKIPPED
08:44:15 INFO  Test outcome reason: Testing the apt plugin is not supported on this platform.Use parameter -XmyPlatform='container' to enable it
08:44:15 INFO  
</system-out>
	</testcase>
<testcase classname="AptInstallWithDownloadPath" name="SoftwareManagement.sm_apt_install_download_path">
		<failure message="BLOCKED: SystemError: Timeout while waiting for status FAILED or SUCCESSFUL" type="BLOCKED" />
		<system-out>09:06:45 INFO  ==============================================================
09:06:45 INFO  Id:    SoftwareManagement.sm_apt_install_download_path
09:06:45 INFO  Dir:   software_management_end_to_end/
09:06:45 INFO  Title: Install package to directory specified in tedge config set tmp.path
09:06:45 INFO  ==============================================================
09:06:45 INFO  Using sw id database: {'asciijump': '5475369', 'robotfindskitten': '5474869', 'squirrel3': '5475279', 'rolldice': '5152439', 'moon-buggy': '5439204', 'apple': '5495053', 'banana': '5494888', 'cherry': '5495382', 'watermelon': '5494510', 'registry': '8018911', 'hello-world': '8021526', 'docker/getting-started': '8021973', 'alpine': '7991792'}
09:06:45 INFO  EnvironmentC8y Setup
09:06:46 INFO  Executed systemctl&lt;serv_mapper1&gt;, exit status 3
09:07:00 INFO  Executed sudo&lt;tedge_connect_c8y&gt;, exit status 0, duration 14 secs
09:07:01 INFO  Executed sudo&lt;tedge_connect_c8y_test&gt;, exit status 0
09:07:02 INFO  Executed systemctl&lt;serv_mosq2&gt;, exit status 0
09:07:03 INFO  Executed systemctl&lt;serv_mapper3&gt;, exit status 0
09:07:05 INFO  State of current operation: PENDING
09:07:08 INFO  State of current operation: PENDING
09:07:10 INFO  State of current operation: PENDING
09:07:12 INFO  State of current operation: PENDING
09:07:14 INFO  State of current operation: PENDING
09:07:16 INFO  State of current operation: PENDING
09:07:19 INFO  State of current operation: PENDING
09:07:21 INFO  State of current operation: PENDING
09:07:23 INFO  State of current operation: PENDING
09:07:25 INFO  State of current operation: PENDING
09:07:28 INFO  State of current operation: PENDING
09:07:30 INFO  State of current operation: PENDING
09:07:32 INFO  State of current operation: PENDING
09:07:34 INFO  State of current operation: PENDING
09:07:37 INFO  State of current operation: PENDING
09:07:39 INFO  State of current operation: PENDING
09:07:41 INFO  State of current operation: PENDING
09:07:43 INFO  State of current operation: PENDING
09:07:46 INFO  State of current operation: PENDING
09:07:48 INFO  State of current operation: PENDING
09:07:50 INFO  State of current operation: PENDING
09:07:52 INFO  State of current operation: PENDING
09:07:55 INFO  State of current operation: PENDING
09:07:57 INFO  State of current operation: PENDING
09:07:59 INFO  State of current operation: PENDING
09:08:01 INFO  State of current operation: PENDING
09:08:04 INFO  State of current operation: PENDING
09:08:06 INFO  State of current operation: PENDING
09:08:08 INFO  State of current operation: PENDING
09:08:10 INFO  State of current operation: PENDING
09:08:13 INFO  State of current operation: PENDING
09:08:15 INFO  State of current operation: PENDING
09:08:17 INFO  State of current operation: PENDING
09:08:19 INFO  State of current operation: PENDING
09:08:21 INFO  State of current operation: PENDING
09:08:24 INFO  State of current operation: PENDING
09:08:26 INFO  State of current operation: PENDING
09:08:28 INFO  State of current operation: PENDING
09:08:30 INFO  State of current operation: PENDING
09:08:33 INFO  State of current operation: PENDING
09:08:35 INFO  State of current operation: PENDING
09:08:37 INFO  State of current operation: PENDING
09:08:39 INFO  State of current operation: PENDING
09:08:42 INFO  State of current operation: PENDING
09:08:44 INFO  State of current operation: PENDING
09:08:46 INFO  State of current operation: PENDING
09:08:48 INFO  State of current operation: PENDING
09:08:50 INFO  State of current operation: PENDING
09:08:53 INFO  State of current operation: PENDING
09:08:55 INFO  State of current operation: PENDING
09:08:57 INFO  State of current operation: PENDING
09:08:59 INFO  State of current operation: PENDING
09:09:02 INFO  State of current operation: PENDING
09:09:04 INFO  State of current operation: PENDING
09:09:06 INFO  State of current operation: PENDING
09:09:08 INFO  State of current operation: PENDING
09:09:11 INFO  State of current operation: PENDING
09:09:13 INFO  State of current operation: PENDING
09:09:15 INFO  State of current operation: PENDING
09:09:17 INFO  State of current operation: PENDING
09:09:20 INFO  State of current operation: PENDING
09:09:22 WARN  SystemError occurred while running test - Timeout while waiting for status FAILED or SUCCESSFUL
Traceback (most recent call last):
  File "/home/pi/env-pysys/lib/python3.7/site-packages/pysys/baserunner.py", line 1292, in __call__
    self.testObj.setup()
  File "/home/pi/actions-runner/_work/thin-edge.io/thin-edge.io/tests/PySys/software_management_end_to_end/sm_apt_install_download_path/run.py", line 48, in setup
    super().setup()
  File "/home/pi/actions-runner/_work/thin-edge.io/thin-edge.io/tests/PySys/software_management_end_to_end/environment_sm_management.py", line 151, in setup
    self.wait_until_end()
  File "/home/pi/actions-runner/_work/thin-edge.io/thin-edge.io/tests/PySys/software_management_end_to_end/environment_sm_management.py", line 332, in wait_until_end
    self.wait_until_status("FAILED", "SUCCESSFUL")
  File "/home/pi/actions-runner/_work/thin-edge.io/thin-edge.io/tests/PySys/software_management_end_to_end/environment_sm_management.py", line 381, in wait_until_status
    "Timeout while waiting for status %s or %s" % (status, status2)
SystemError: Timeout while waiting for status FAILED or SUCCESSFUL
09:09:22 WARN  SystemError: Timeout while waiting for status FAILED or SUCCESSFUL ... blocked 
09:09:22 INFO  
09:09:22 INFO  cleanup:
09:09:23 INFO  Executed sudo, exit status 0
09:09:23 INFO  Executed sudo, exit status 0
09:09:27 INFO  Executed sudo&lt;tedge_disconnect_c8y&gt;, exit status 0
09:09:27 INFO  Restarting mosquitto too frequently in the last 10 seconds. It was only up for 3 seconds
09:09:27 INFO  Delaying execution by 8 seconds
09:09:49 INFO  Executed sudo&lt;tedge_connect_c8y&gt;, exit status 0, duration 13 secs
09:09:53 INFO  Executed sudo&lt;tedge_disconnect_c8y&gt;, exit status 0
09:09:54 INFO  Executed systemctl&lt;serv_mapper5&gt;, exit status 3
09:09:54 INFO  
09:09:54 INFO  Test duration: 188.97 secs
09:09:54 INFO  Test final outcome:  BLOCKED
09:09:54 INFO  Test outcome reason: SystemError: Timeout while waiting for status FAILED or SUCCESSFUL
09:09:54 INFO  
</system-out>
	</testcase>
<testcase classname="AptInstallWithDownloadPath" name="SoftwareManagement.sm_apt_install_download_path">
		<failure message="BLOCKED: SystemError: Timeout while waiting for status FAILED or SUCCESSFUL" type="BLOCKED" />
		<system-out>09:37:03 INFO  ==============================================================
09:37:03 INFO  Id:    SoftwareManagement.sm_apt_install_download_path
09:37:03 INFO  Dir:   software_management_end_to_end/
09:37:03 INFO  Title: Install package to directory specified in tedge config set tmp.path
09:37:03 INFO  ==============================================================
09:37:05 INFO  Using sw id database: {'asciijump': '5475369', 'robotfindskitten': '5474869', 'squirrel3': '5475279', 'rolldice': '5152439', 'moon-buggy': '5439204', 'apple': '5495053', 'banana': '5494888', 'cherry': '5495382', 'watermelon': '5494510', 'registry': '8018911', 'hello-world': '8021526', 'docker/getting-started': '8021973', 'alpine': '7991792'}
09:37:05 INFO  EnvironmentC8y Setup
09:37:05 INFO  Executed systemctl&lt;serv_mapper1&gt;, exit status 3
09:37:20 INFO  Executed sudo&lt;tedge_connect_c8y&gt;, exit status 0, duration 14 secs
09:37:21 INFO  Executed sudo&lt;tedge_connect_c8y_test&gt;, exit status 0
09:37:21 INFO  Executed systemctl&lt;serv_mosq2&gt;, exit status 0
09:37:22 INFO  Executed systemctl&lt;serv_mapper3&gt;, exit status 0
09:37:24 INFO  State of current operation: PENDING
09:37:26 INFO  State of current operation: PENDING
09:37:28 INFO  State of current operation: PENDING
09:37:31 INFO  State of current operation: PENDING
09:37:33 INFO  State of current operation: PENDING
09:37:35 INFO  State of current operation: PENDING
09:37:37 INFO  State of current operation: PENDING
09:37:40 INFO  State of current operation: PENDING
09:37:42 INFO  State of current operation: PENDING
09:37:44 INFO  State of current operation: PENDING
09:37:46 INFO  State of current operation: PENDING
09:37:49 INFO  State of current operation: PENDING
09:37:51 INFO  State of current operation: PENDING
09:37:53 INFO  State of current operation: PENDING
09:37:55 INFO  State of current operation: PENDING
09:37:58 INFO  State of current operation: PENDING
09:38:00 INFO  State of current operation: PENDING
09:38:02 INFO  State of current operation: PENDING
09:38:04 INFO  State of current operation: PENDING
09:38:06 INFO  State of current operation: PENDING
09:38:09 INFO  State of current operation: PENDING
09:38:11 INFO  State of current operation: PENDING
09:38:13 INFO  State of current operation: PENDING
09:38:15 INFO  State of current operation: PENDING
09:38:18 INFO  State of current operation: PENDING
09:38:20 INFO  State of current operation: PENDING
09:38:22 INFO  State of current operation: PENDING
09:38:24 INFO  State of current operation: PENDING
09:38:27 INFO  State of current operation: PENDING
09:38:29 INFO  State of current operation: PENDING
09:38:31 INFO  State of current operation: PENDING
09:38:33 INFO  State of current operation: PENDING
09:38:35 INFO  State of current operation: PENDING
09:38:38 INFO  State of current operation: PENDING
09:38:40 INFO  State of current operation: PENDING
09:38:42 INFO  State of current operation: PENDING
09:38:44 INFO  State of current operation: PENDING
09:38:47 INFO  State of current operation: PENDING
09:38:49 INFO  State of current operation: PENDING
09:38:51 INFO  State of current operation: PENDING
09:38:53 INFO  State of current operation: PENDING
09:38:56 INFO  State of current operation: PENDING
09:38:58 INFO  State of current operation: PENDING
09:39:00 INFO  State of current operation: PENDING
09:39:02 INFO  State of current operation: PENDING
09:39:05 INFO  State of current operation: PENDING
09:39:07 INFO  State of current operation: PENDING
09:39:09 INFO  State of current operation: PENDING
09:39:11 INFO  State of current operation: PENDING
09:39:13 INFO  State of current operation: PENDING
09:39:16 INFO  State of current operation: PENDING
09:39:18 INFO  State of current operation: PENDING
09:39:20 INFO  State of current operation: PENDING
09:39:22 INFO  State of current operation: PENDING
09:39:25 INFO  State of current operation: PENDING
09:39:27 INFO  State of current operation: PENDING
09:39:29 INFO  State of current operation: PENDING
09:39:31 INFO  State of current operation: PENDING
09:39:34 INFO  State of current operation: PENDING
09:39:36 INFO  State of current operation: PENDING
09:39:38 INFO  State of current operation: PENDING
09:39:40 WARN  SystemError occurred while running test - Timeout while waiting for status FAILED or SUCCESSFUL
Traceback (most recent call last):
  File "/home/pi/env-pysys/lib/python3.7/site-packages/pysys/baserunner.py", line 1292, in __call__
    self.testObj.setup()
  File "/home/pi/actions-runner/_work/thin-edge.io/thin-edge.io/tests/PySys/software_management_end_to_end/sm_apt_install_download_path/run.py", line 48, in setup
    super().setup()
  File "/home/pi/actions-runner/_work/thin-edge.io/thin-edge.io/tests/PySys/software_management_end_to_end/environment_sm_management.py", line 151, in setup
    self.wait_until_end()
  File "/home/pi/actions-runner/_work/thin-edge.io/thin-edge.io/tests/PySys/software_management_end_to_end/environment_sm_management.py", line 332, in wait_until_end
    self.wait_until_status("FAILED", "SUCCESSFUL")
  File "/home/pi/actions-runner/_work/thin-edge.io/thin-edge.io/tests/PySys/software_management_end_to_end/environment_sm_management.py", line 381, in wait_until_status
    "Timeout while waiting for status %s or %s" % (status, status2)
SystemError: Timeout while waiting for status FAILED or SUCCESSFUL
09:39:40 WARN  SystemError: Timeout while waiting for status FAILED or SUCCESSFUL ... blocked 
09:39:40 INFO  
09:39:40 INFO  cleanup:
09:39:41 INFO  Executed sudo, exit status 0
09:39:41 INFO  Executed sudo, exit status 0
09:39:45 INFO  Executed sudo&lt;tedge_disconnect_c8y&gt;, exit status 0
09:39:45 INFO  Restarting mosquitto too frequently in the last 10 seconds. It was only up for 3 seconds
09:39:45 INFO  Delaying execution by 8 seconds
09:40:07 INFO  Executed sudo&lt;tedge_connect_c8y&gt;, exit status 0, duration 13 secs
09:40:11 INFO  Executed sudo&lt;tedge_disconnect_c8y&gt;, exit status 0
09:40:12 INFO  Executed systemctl&lt;serv_mapper5&gt;, exit status 3
09:40:12 INFO  
09:40:12 INFO  Test duration: 188.25 secs
09:40:12 INFO  Test final outcome:  BLOCKED
09:40:12 INFO  Test outcome reason: SystemError: Timeout while waiting for status FAILED or SUCCESSFUL
09:40:12 INFO  
</system-out>
	</testcase>
</testsuite><testsuite name="SoftwareManagement.sm_apt_install_fail" tests="3" errors="0" failures="2" skipped="1" time="0"><testcase classname="PySysTest" name="SoftwareManagement.sm_apt_install_fail">
		<skipped message="SKIPPED: Testing the apt plugin is not supported on this platform.Use parameter -XmyPlatform='container' to enable it" />
		<system-out>08:44:15 INFO  ==============================================================
08:44:15 INFO  Id:    SoftwareManagement.sm_apt_install_fail
08:44:15 INFO  Dir:   software_management_end_to_end/
08:44:15 INFO  Title: Validate end to end behaviour for a failing installation
08:44:15 INFO  ==============================================================
08:44:15 INFO  Testing the apt plugin is not supported on this platform.Use parameter -XmyPlatform='container' to enable it ... skipped
08:44:15 WARN  Aborted test due to SKIPPED outcome
08:44:15 INFO  
08:44:15 INFO  Test duration: 0.02 secs
08:44:15 INFO  Test final outcome:  SKIPPED
08:44:15 INFO  Test outcome reason: Testing the apt plugin is not supported on this platform.Use parameter -XmyPlatform='container' to enable it
08:44:15 INFO  
</system-out>
	</testcase>
<testcase classname="PySysTest" name="SoftwareManagement.sm_apt_install_fail">
		<failure message="BLOCKED: SystemError: Timeout while waiting for status FAILED or SUCCESSFUL" type="BLOCKED" />
		<system-out>09:09:54 INFO  ==============================================================
09:09:54 INFO  Id:    SoftwareManagement.sm_apt_install_fail
09:09:54 INFO  Dir:   software_management_end_to_end/
09:09:54 INFO  Title: Validate end to end behaviour for a failing installation
09:09:54 INFO  ==============================================================
09:09:54 INFO  Using sw id database: {'asciijump': '5475369', 'robotfindskitten': '5474869', 'squirrel3': '5475279', 'rolldice': '5152439', 'moon-buggy': '5439204', 'apple': '5495053', 'banana': '5494888', 'cherry': '5495382', 'watermelon': '5494510', 'registry': '8018911', 'hello-world': '8021526', 'docker/getting-started': '8021973', 'alpine': '7991792'}
09:09:54 INFO  EnvironmentC8y Setup
09:09:54 INFO  Executed systemctl&lt;serv_mapper1&gt;, exit status 3
09:09:55 INFO  Restarting mosquitto too frequently in the last 10 seconds. It was only up for 4 seconds
09:09:55 INFO  Delaying execution by 7 seconds
09:10:16 INFO  Executed sudo&lt;tedge_connect_c8y&gt;, exit status 0, duration 13 secs
09:10:16 INFO  Executed sudo&lt;tedge_connect_c8y_test&gt;, exit status 0
09:10:17 INFO  Executed systemctl&lt;serv_mosq2&gt;, exit status 0
09:10:17 INFO  Executed systemctl&lt;serv_mapper3&gt;, exit status 0
09:10:19 INFO  State of current operation: PENDING
09:10:22 INFO  State of current operation: PENDING
09:10:24 INFO  State of current operation: PENDING
09:10:26 INFO  State of current operation: PENDING
09:10:28 INFO  State of current operation: PENDING
09:10:30 INFO  State of current operation: PENDING
09:10:33 INFO  State of current operation: PENDING
09:10:35 INFO  State of current operation: PENDING
09:10:37 INFO  State of current operation: PENDING
09:10:39 INFO  State of current operation: PENDING
09:10:42 INFO  State of current operation: PENDING
09:10:44 INFO  State of current operation: PENDING
09:10:46 INFO  State of current operation: PENDING
09:10:48 INFO  State of current operation: PENDING
09:10:51 INFO  State of current operation: PENDING
09:10:53 INFO  State of current operation: PENDING
09:10:55 INFO  State of current operation: PENDING
09:10:57 INFO  State of current operation: PENDING
09:10:59 INFO  State of current operation: PENDING
09:11:02 INFO  State of current operation: PENDING
09:11:04 INFO  State of current operation: PENDING
09:11:06 INFO  State of current operation: PENDING
09:11:08 INFO  State of current operation: PENDING
09:11:11 INFO  State of current operation: PENDING
09:11:13 INFO  State of current operation: PENDING
09:11:15 INFO  State of current operation: PENDING
09:11:17 INFO  State of current operation: PENDING
09:11:20 INFO  State of current operation: PENDING
09:11:22 INFO  State of current operation: PENDING
09:11:24 INFO  State of current operation: PENDING
09:11:26 INFO  State of current operation: PENDING
09:11:29 INFO  State of current operation: PENDING
09:11:31 INFO  State of current operation: PENDING
09:11:33 INFO  State of current operation: PENDING
09:11:35 INFO  State of current operation: PENDING
09:11:37 INFO  State of current operation: PENDING
09:11:40 INFO  State of current operation: PENDING
09:11:42 INFO  State of current operation: PENDING
09:11:44 INFO  State of current operation: PENDING
09:11:46 INFO  State of current operation: PENDING
09:11:49 INFO  State of current operation: PENDING
09:11:51 INFO  State of current operation: PENDING
09:11:53 INFO  State of current operation: PENDING
09:11:55 INFO  State of current operation: PENDING
09:11:58 INFO  State of current operation: PENDING
09:12:00 INFO  State of current operation: PENDING
09:12:02 INFO  State of current operation: PENDING
09:12:04 INFO  State of current operation: PENDING
09:12:06 INFO  State of current operation: PENDING
09:12:09 INFO  State of current operation: PENDING
09:12:11 INFO  State of current operation: PENDING
09:12:13 INFO  State of current operation: PENDING
09:12:15 INFO  State of current operation: PENDING
09:12:18 INFO  State of current operation: PENDING
09:12:20 INFO  State of current operation: PENDING
09:12:22 INFO  State of current operation: PENDING
09:12:24 INFO  State of current operation: PENDING
09:12:26 INFO  State of current operation: PENDING
09:12:29 INFO  State of current operation: PENDING
09:12:31 INFO  State of current operation: PENDING
09:12:33 INFO  State of current operation: PENDING
09:12:35 WARN  SystemError occurred while running test - Timeout while waiting for status FAILED or SUCCESSFUL
Traceback (most recent call last):
  File "/home/pi/env-pysys/lib/python3.7/site-packages/pysys/baserunner.py", line 1292, in __call__
    self.testObj.setup()
  File "/home/pi/actions-runner/_work/thin-edge.io/thin-edge.io/tests/PySys/software_management_end_to_end/sm_apt_install_fail/run.py", line 20, in setup
    super().setup()
  File "/home/pi/actions-runner/_work/thin-edge.io/thin-edge.io/tests/PySys/software_management_end_to_end/environment_sm_management.py", line 151, in setup
    self.wait_until_end()
  File "/home/pi/actions-runner/_work/thin-edge.io/thin-edge.io/tests/PySys/software_management_end_to_end/environment_sm_management.py", line 332, in wait_until_end
    self.wait_until_status("FAILED", "SUCCESSFUL")
  File "/home/pi/actions-runner/_work/thin-edge.io/thin-edge.io/tests/PySys/software_management_end_to_end/environment_sm_management.py", line 381, in wait_until_status
    "Timeout while waiting for status %s or %s" % (status, status2)
SystemError: Timeout while waiting for status FAILED or SUCCESSFUL
09:12:35 WARN  SystemError: Timeout while waiting for status FAILED or SUCCESSFUL ... blocked 
09:12:35 INFO  
09:12:35 INFO  cleanup:
09:12:39 INFO  Executed sudo&lt;tedge_disconnect_c8y&gt;, exit status 0
09:12:40 INFO  Executed systemctl&lt;serv_mapper5&gt;, exit status 3
09:12:40 INFO  
09:12:40 INFO  Test duration: 165.99 secs
09:12:40 INFO  Test final outcome:  BLOCKED
09:12:40 INFO  Test outcome reason: SystemError: Timeout while waiting for status FAILED or SUCCESSFUL
09:12:40 INFO  
</system-out>
	</testcase>
<testcase classname="PySysTest" name="SoftwareManagement.sm_apt_install_fail">
		<failure message="BLOCKED: SystemError: Timeout while waiting for status FAILED or SUCCESSFUL" type="BLOCKED" />
		<system-out>09:40:12 INFO  ==============================================================
09:40:12 INFO  Id:    SoftwareManagement.sm_apt_install_fail
09:40:12 INFO  Dir:   software_management_end_to_end/
09:40:12 INFO  Title: Validate end to end behaviour for a failing installation
09:40:12 INFO  ==============================================================
09:40:12 INFO  Using sw id database: {'asciijump': '5475369', 'robotfindskitten': '5474869', 'squirrel3': '5475279', 'rolldice': '5152439', 'moon-buggy': '5439204', 'apple': '5495053', 'banana': '5494888', 'cherry': '5495382', 'watermelon': '5494510', 'registry': '8018911', 'hello-world': '8021526', 'docker/getting-started': '8021973', 'alpine': '7991792'}
09:40:12 INFO  EnvironmentC8y Setup
09:40:12 INFO  Executed systemctl&lt;serv_mapper1&gt;, exit status 3
09:40:12 INFO  Restarting mosquitto too frequently in the last 10 seconds. It was only up for 4 seconds
09:40:12 INFO  Delaying execution by 7 seconds
09:40:33 INFO  Executed sudo&lt;tedge_connect_c8y&gt;, exit status 0, duration 13 secs
09:40:34 INFO  Executed sudo&lt;tedge_connect_c8y_test&gt;, exit status 0
09:40:34 INFO  Executed systemctl&lt;serv_mosq2&gt;, exit status 0
09:40:35 INFO  Executed systemctl&lt;serv_mapper3&gt;, exit status 0
09:40:37 INFO  State of current operation: PENDING
09:40:39 INFO  State of current operation: PENDING
09:40:42 INFO  State of current operation: PENDING
09:40:44 INFO  State of current operation: PENDING
09:40:46 INFO  State of current operation: PENDING
09:40:48 INFO  State of current operation: PENDING
09:40:51 INFO  State of current operation: PENDING
09:40:53 INFO  State of current operation: PENDING
09:40:55 INFO  State of current operation: PENDING
09:40:57 INFO  State of current operation: PENDING
09:40:59 INFO  State of current operation: PENDING
09:41:02 INFO  State of current operation: PENDING
09:41:04 INFO  State of current operation: PENDING
09:41:06 INFO  State of current operation: PENDING
09:41:08 INFO  State of current operation: PENDING
09:41:11 INFO  State of current operation: PENDING
09:41:13 INFO  State of current operation: PENDING
09:41:15 INFO  State of current operation: PENDING
09:41:17 INFO  State of current operation: PENDING
09:41:20 INFO  State of current operation: PENDING
09:41:22 INFO  State of current operation: PENDING
09:41:24 INFO  State of current operation: PENDING
09:41:26 INFO  State of current operation: PENDING
09:41:28 INFO  State of current operation: PENDING
09:41:31 INFO  State of current operation: PENDING
09:41:33 INFO  State of current operation: PENDING
09:41:35 INFO  State of current operation: PENDING
09:41:37 INFO  State of current operation: PENDING
09:41:40 INFO  State of current operation: PENDING
09:41:42 INFO  State of current operation: PENDING
09:41:44 INFO  State of current operation: PENDING
09:41:46 INFO  State of current operation: PENDING
09:41:49 INFO  State of current operation: PENDING
09:41:51 INFO  State of current operation: PENDING
09:41:53 INFO  State of current operation: PENDING
09:41:55 INFO  State of current operation: PENDING
09:41:57 INFO  State of current operation: PENDING
09:42:00 INFO  State of current operation: PENDING
09:42:02 INFO  State of current operation: PENDING
09:42:04 INFO  State of current operation: PENDING
09:42:06 INFO  State of current operation: PENDING
09:42:09 INFO  State of current operation: PENDING
09:42:11 INFO  State of current operation: PENDING
09:42:13 INFO  State of current operation: PENDING
09:42:15 INFO  State of current operation: PENDING
09:42:18 INFO  State of current operation: PENDING
09:42:20 INFO  State of current operation: PENDING
09:42:22 INFO  State of current operation: PENDING
09:42:24 INFO  State of current operation: PENDING
09:42:27 INFO  State of current operation: PENDING
09:42:29 INFO  State of current operation: PENDING
09:42:31 INFO  State of current operation: PENDING
09:42:33 INFO  State of current operation: PENDING
09:42:36 INFO  State of current operation: PENDING
09:42:38 INFO  State of current operation: PENDING
09:42:40 INFO  State of current operation: PENDING
09:42:42 INFO  State of current operation: PENDING
09:42:45 INFO  State of current operation: PENDING
09:42:47 INFO  State of current operation: PENDING
09:42:49 INFO  State of current operation: PENDING
09:42:51 INFO  State of current operation: PENDING
09:42:53 WARN  SystemError occurred while running test - Timeout while waiting for status FAILED or SUCCESSFUL
Traceback (most recent call last):
  File "/home/pi/env-pysys/lib/python3.7/site-packages/pysys/baserunner.py", line 1292, in __call__
    self.testObj.setup()
  File "/home/pi/actions-runner/_work/thin-edge.io/thin-edge.io/tests/PySys/software_management_end_to_end/sm_apt_install_fail/run.py", line 20, in setup
    super().setup()
  File "/home/pi/actions-runner/_work/thin-edge.io/thin-edge.io/tests/PySys/software_management_end_to_end/environment_sm_management.py", line 151, in setup
    self.wait_until_end()
  File "/home/pi/actions-runner/_work/thin-edge.io/thin-edge.io/tests/PySys/software_management_end_to_end/environment_sm_management.py", line 332, in wait_until_end
    self.wait_until_status("FAILED", "SUCCESSFUL")
  File "/home/pi/actions-runner/_work/thin-edge.io/thin-edge.io/tests/PySys/software_management_end_to_end/environment_sm_management.py", line 381, in wait_until_status
    "Timeout while waiting for status %s or %s" % (status, status2)
SystemError: Timeout while waiting for status FAILED or SUCCESSFUL
09:42:53 WARN  SystemError: Timeout while waiting for status FAILED or SUCCESSFUL ... blocked 
09:42:53 INFO  
09:42:53 INFO  cleanup:
09:42:57 INFO  Executed sudo&lt;tedge_disconnect_c8y&gt;, exit status 0
09:42:58 INFO  Executed systemctl&lt;serv_mapper5&gt;, exit status 3
09:42:58 INFO  
09:42:58 INFO  Test duration: 166.43 secs
09:42:58 INFO  Test final outcome:  BLOCKED
09:42:58 INFO  Test outcome reason: SystemError: Timeout while waiting for status FAILED or SUCCESSFUL
09:42:58 INFO  
</system-out>
	</testcase>
</testsuite><testsuite name="SoftwareManagement.sm_apt_install_remove" tests="3" errors="0" failures="2" skipped="1" time="0"><testcase classname="PySysTest" name="SoftwareManagement.sm_apt_install_remove">
		<skipped message="SKIPPED: Testing the apt plugin is not supported on this platform.Use parameter -XmyPlatform='container' to enable it" />
		<system-out>08:44:15 INFO  ==============================================================
08:44:15 INFO  Id:    SoftwareManagement.sm_apt_install_remove
08:44:15 INFO  Dir:   software_management_end_to_end/
08:44:15 INFO  Title: Validate end to end behaviour for the apt plugin for installation and removal of packages
08:44:15 INFO  ==============================================================
08:44:15 INFO  Testing the apt plugin is not supported on this platform.Use parameter -XmyPlatform='container' to enable it ... skipped
08:44:15 WARN  Aborted test due to SKIPPED outcome
08:44:15 INFO  
08:44:15 INFO  Test duration: 0.02 secs
08:44:15 INFO  Test final outcome:  SKIPPED
08:44:15 INFO  Test outcome reason: Testing the apt plugin is not supported on this platform.Use parameter -XmyPlatform='container' to enable it
08:44:15 INFO  
</system-out>
	</testcase>
<testcase classname="PySysTest" name="SoftwareManagement.sm_apt_install_remove">
		<failure message="BLOCKED: SystemError: Timeout while waiting for status FAILED or SUCCESSFUL" type="BLOCKED" />
		<system-out>09:12:40 INFO  ==============================================================
09:12:40 INFO  Id:    SoftwareManagement.sm_apt_install_remove
09:12:40 INFO  Dir:   software_management_end_to_end/
09:12:40 INFO  Title: Validate end to end behaviour for the apt plugin for installation and removal of packages
09:12:40 INFO  ==============================================================
09:12:40 INFO  Using sw id database: {'asciijump': '5475369', 'robotfindskitten': '5474869', 'squirrel3': '5475279', 'rolldice': '5152439', 'moon-buggy': '5439204', 'apple': '5495053', 'banana': '5494888', 'cherry': '5495382', 'watermelon': '5494510', 'registry': '8018911', 'hello-world': '8021526', 'docker/getting-started': '8021973', 'alpine': '7991792'}
09:12:40 INFO  EnvironmentC8y Setup
09:12:40 INFO  Executed systemctl&lt;serv_mapper1&gt;, exit status 3
09:12:41 INFO  Restarting mosquitto too frequently in the last 10 seconds. It was only up for 4 seconds
09:12:41 INFO  Delaying execution by 7 seconds
09:13:02 INFO  Executed sudo&lt;tedge_connect_c8y&gt;, exit status 0, duration 14 secs
09:13:02 INFO  Executed sudo&lt;tedge_connect_c8y_test&gt;, exit status 0
09:13:03 INFO  Executed systemctl&lt;serv_mosq2&gt;, exit status 0
09:13:03 INFO  Executed systemctl&lt;serv_mapper3&gt;, exit status 0
09:13:06 INFO  State of current operation: PENDING
09:13:08 INFO  State of current operation: PENDING
09:13:10 INFO  State of current operation: PENDING
09:13:12 INFO  State of current operation: PENDING
09:13:14 INFO  State of current operation: PENDING
09:13:17 INFO  State of current operation: PENDING
09:13:19 INFO  State of current operation: PENDING
09:13:21 INFO  State of current operation: PENDING
09:13:23 INFO  State of current operation: PENDING
09:13:26 INFO  State of current operation: PENDING
09:13:28 INFO  State of current operation: PENDING
09:13:30 INFO  State of current operation: PENDING
09:13:32 INFO  State of current operation: PENDING
09:13:35 INFO  State of current operation: PENDING
09:13:37 INFO  State of current operation: PENDING
09:13:40 INFO  State of current operation: PENDING
09:13:42 INFO  State of current operation: PENDING
09:13:44 INFO  State of current operation: PENDING
09:13:46 INFO  State of current operation: PENDING
09:13:48 INFO  State of current operation: PENDING
09:13:51 INFO  State of current operation: PENDING
09:13:53 INFO  State of current operation: PENDING
09:13:55 INFO  State of current operation: PENDING
09:13:57 INFO  State of current operation: PENDING
09:14:00 INFO  State of current operation: PENDING
09:14:02 INFO  State of current operation: PENDING
09:14:04 INFO  State of current operation: PENDING
09:14:06 INFO  State of current operation: PENDING
09:14:08 INFO  State of current operation: PENDING
09:14:11 INFO  State of current operation: PENDING
09:14:13 INFO  State of current operation: PENDING
09:14:15 INFO  State of current operation: PENDING
09:14:17 INFO  State of current operation: PENDING
09:14:20 INFO  State of current operation: PENDING
09:14:22 INFO  State of current operation: PENDING
09:14:24 INFO  State of current operation: PENDING
09:14:26 INFO  State of current operation: PENDING
09:14:29 INFO  State of current operation: PENDING
09:14:31 INFO  State of current operation: PENDING
09:14:33 INFO  State of current operation: PENDING
09:14:35 INFO  State of current operation: PENDING
09:14:37 INFO  State of current operation: PENDING
09:14:40 INFO  State of current operation: PENDING
09:14:42 INFO  State of current operation: PENDING
09:14:44 INFO  State of current operation: PENDING
09:14:46 INFO  State of current operation: PENDING
09:14:49 INFO  State of current operation: PENDING
09:14:51 INFO  State of current operation: PENDING
09:14:53 INFO  State of current operation: PENDING
09:14:55 INFO  State of current operation: PENDING
09:14:58 INFO  State of current operation: PENDING
09:15:00 INFO  State of current operation: PENDING
09:15:02 INFO  State of current operation: PENDING
09:15:04 INFO  State of current operation: PENDING
09:15:07 INFO  State of current operation: PENDING
09:15:09 INFO  State of current operation: PENDING
09:15:11 INFO  State of current operation: PENDING
09:15:13 INFO  State of current operation: PENDING
09:15:15 INFO  State of current operation: PENDING
09:15:18 INFO  State of current operation: PENDING
09:15:20 INFO  State of current operation: PENDING
09:15:22 WARN  SystemError occurred while running test - Timeout while waiting for status FAILED or SUCCESSFUL
Traceback (most recent call last):
  File "/home/pi/env-pysys/lib/python3.7/site-packages/pysys/baserunner.py", line 1292, in __call__
    self.testObj.setup()
  File "/home/pi/actions-runner/_work/thin-edge.io/thin-edge.io/tests/PySys/software_management_end_to_end/sm_apt_install_remove/run.py", line 27, in setup
    super().setup()
  File "/home/pi/actions-runner/_work/thin-edge.io/thin-edge.io/tests/PySys/software_management_end_to_end/environment_sm_management.py", line 151, in setup
    self.wait_until_end()
  File "/home/pi/actions-runner/_work/thin-edge.io/thin-edge.io/tests/PySys/software_management_end_to_end/environment_sm_management.py", line 332, in wait_until_end
    self.wait_until_status("FAILED", "SUCCESSFUL")
  File "/home/pi/actions-runner/_work/thin-edge.io/thin-edge.io/tests/PySys/software_management_end_to_end/environment_sm_management.py", line 381, in wait_until_status
    "Timeout while waiting for status %s or %s" % (status, status2)
SystemError: Timeout while waiting for status FAILED or SUCCESSFUL
09:15:22 WARN  SystemError: Timeout while waiting for status FAILED or SUCCESSFUL ... blocked 
09:15:22 INFO  
09:15:22 INFO  cleanup:
09:15:26 INFO  Executed sudo&lt;tedge_disconnect_c8y&gt;, exit status 0
09:15:27 INFO  Executed systemctl&lt;serv_mapper5&gt;, exit status 3
09:15:27 INFO  
09:15:27 INFO  Test duration: 166.83 secs
09:15:27 INFO  Test final outcome:  BLOCKED
09:15:27 INFO  Test outcome reason: SystemError: Timeout while waiting for status FAILED or SUCCESSFUL
09:15:27 INFO  
</system-out>
	</testcase>
<testcase classname="PySysTest" name="SoftwareManagement.sm_apt_install_remove">
		<failure message="BLOCKED: SystemError: Timeout while waiting for status FAILED or SUCCESSFUL" type="BLOCKED" />
		<system-out>09:42:58 INFO  ==============================================================
09:42:58 INFO  Id:    SoftwareManagement.sm_apt_install_remove
09:42:58 INFO  Dir:   software_management_end_to_end/
09:42:58 INFO  Title: Validate end to end behaviour for the apt plugin for installation and removal of packages
09:42:58 INFO  ==============================================================
09:42:58 INFO  Using sw id database: {'asciijump': '5475369', 'robotfindskitten': '5474869', 'squirrel3': '5475279', 'rolldice': '5152439', 'moon-buggy': '5439204', 'apple': '5495053', 'banana': '5494888', 'cherry': '5495382', 'watermelon': '5494510', 'registry': '8018911', 'hello-world': '8021526', 'docker/getting-started': '8021973', 'alpine': '7991792'}
09:42:58 INFO  EnvironmentC8y Setup
09:42:59 INFO  Executed systemctl&lt;serv_mapper1&gt;, exit status 3
09:42:59 INFO  Restarting mosquitto too frequently in the last 10 seconds. It was only up for 5 seconds
09:42:59 INFO  Delaying execution by 6 seconds
09:43:19 INFO  Executed sudo&lt;tedge_connect_c8y&gt;, exit status 0, duration 14 secs
09:43:19 INFO  Executed sudo&lt;tedge_connect_c8y_test&gt;, exit status 0
09:43:20 INFO  Executed systemctl&lt;serv_mosq2&gt;, exit status 0
09:43:20 INFO  Executed systemctl&lt;serv_mapper3&gt;, exit status 0
09:43:23 INFO  State of current operation: PENDING
09:43:25 INFO  State of current operation: PENDING
09:43:27 INFO  State of current operation: PENDING
09:43:29 INFO  State of current operation: PENDING
09:43:32 INFO  State of current operation: PENDING
09:43:34 INFO  State of current operation: PENDING
09:43:36 INFO  State of current operation: PENDING
09:43:38 INFO  State of current operation: PENDING
09:43:41 INFO  State of current operation: PENDING
09:43:43 INFO  State of current operation: PENDING
09:43:45 INFO  State of current operation: PENDING
09:43:47 INFO  State of current operation: PENDING
09:43:49 INFO  State of current operation: PENDING
09:43:52 INFO  State of current operation: PENDING
09:43:54 INFO  State of current operation: PENDING
09:43:56 INFO  State of current operation: PENDING
09:43:58 INFO  State of current operation: PENDING
09:44:01 INFO  State of current operation: PENDING
09:44:03 INFO  State of current operation: PENDING
09:44:05 INFO  State of current operation: PENDING
09:44:07 INFO  State of current operation: PENDING
09:44:10 INFO  State of current operation: PENDING
09:44:12 INFO  State of current operation: PENDING
09:44:14 INFO  State of current operation: PENDING
09:44:16 INFO  State of current operation: PENDING
09:44:18 INFO  State of current operation: PENDING
09:44:21 INFO  State of current operation: PENDING
09:44:23 INFO  State of current operation: PENDING
09:44:25 INFO  State of current operation: PENDING
09:44:27 INFO  State of current operation: PENDING
09:44:30 INFO  State of current operation: PENDING
09:44:32 INFO  State of current operation: PENDING
09:44:34 INFO  State of current operation: PENDING
09:44:36 INFO  State of current operation: PENDING
09:44:39 INFO  State of current operation: PENDING
09:44:41 INFO  State of current operation: PENDING
09:44:43 INFO  State of current operation: PENDING
09:44:45 INFO  State of current operation: PENDING
09:44:48 INFO  State of current operation: PENDING
09:44:50 INFO  State of current operation: PENDING
09:44:52 INFO  State of current operation: PENDING
09:44:54 INFO  State of current operation: PENDING
09:44:57 INFO  State of current operation: PENDING
09:44:59 INFO  State of current operation: PENDING
09:45:01 INFO  State of current operation: PENDING
09:45:03 INFO  State of current operation: PENDING
09:45:06 INFO  State of current operation: PENDING
09:45:08 INFO  State of current operation: PENDING
09:45:10 INFO  State of current operation: PENDING
09:45:12 INFO  State of current operation: PENDING
09:45:15 INFO  State of current operation: PENDING
09:45:17 INFO  State of current operation: PENDING
09:45:19 INFO  State of current operation: PENDING
09:45:21 INFO  State of current operation: PENDING
09:45:24 INFO  State of current operation: PENDING
09:45:26 INFO  State of current operation: PENDING
09:45:28 INFO  State of current operation: PENDING
09:45:30 INFO  State of current operation: PENDING
09:45:32 INFO  State of current operation: PENDING
09:45:35 INFO  State of current operation: PENDING
09:45:37 INFO  State of current operation: PENDING
09:45:39 WARN  SystemError occurred while running test - Timeout while waiting for status FAILED or SUCCESSFUL
Traceback (most recent call last):
  File "/home/pi/env-pysys/lib/python3.7/site-packages/pysys/baserunner.py", line 1292, in __call__
    self.testObj.setup()
  File "/home/pi/actions-runner/_work/thin-edge.io/thin-edge.io/tests/PySys/software_management_end_to_end/sm_apt_install_remove/run.py", line 27, in setup
    super().setup()
  File "/home/pi/actions-runner/_work/thin-edge.io/thin-edge.io/tests/PySys/software_management_end_to_end/environment_sm_management.py", line 151, in setup
    self.wait_until_end()
  File "/home/pi/actions-runner/_work/thin-edge.io/thin-edge.io/tests/PySys/software_management_end_to_end/environment_sm_management.py", line 332, in wait_until_end
    self.wait_until_status("FAILED", "SUCCESSFUL")
  File "/home/pi/actions-runner/_work/thin-edge.io/thin-edge.io/tests/PySys/software_management_end_to_end/environment_sm_management.py", line 381, in wait_until_status
    "Timeout while waiting for status %s or %s" % (status, status2)
SystemError: Timeout while waiting for status FAILED or SUCCESSFUL
09:45:39 WARN  SystemError: Timeout while waiting for status FAILED or SUCCESSFUL ... blocked 
09:45:39 INFO  
09:45:39 INFO  cleanup:
09:45:43 INFO  Executed sudo&lt;tedge_disconnect_c8y&gt;, exit status 0
09:45:44 INFO  Executed systemctl&lt;serv_mapper5&gt;, exit status 3
09:45:44 INFO  
09:45:44 INFO  Test duration: 165.45 secs
09:45:44 INFO  Test final outcome:  BLOCKED
09:45:44 INFO  Test outcome reason: SystemError: Timeout while waiting for status FAILED or SUCCESSFUL
09:45:44 INFO  
</system-out>
	</testcase>
</testsuite><testsuite name="SoftwareManagement.sm_apt_install_remove_default" tests="3" errors="0" failures="2" skipped="1" time="0"><testcase classname="PySysTest" name="SoftwareManagement.sm_apt_install_remove_default">
		<skipped message="SKIPPED: Testing the apt plugin is not supported on this platform.Use parameter -XmyPlatform='container' to enable it" />
		<system-out>08:44:15 INFO  ==============================================================
08:44:15 INFO  Id:    SoftwareManagement.sm_apt_install_remove_default
08:44:15 INFO  Dir:   software_management_end_to_end/
08:44:15 INFO  Title: Validate end to end behaviour for the default plugin for installation and removal of packages
08:44:15 INFO  ==============================================================
08:44:15 INFO  Testing the apt plugin is not supported on this platform.Use parameter -XmyPlatform='container' to enable it ... skipped
08:44:15 WARN  Aborted test due to SKIPPED outcome
08:44:15 INFO  
08:44:15 INFO  Test duration: 0.02 secs
08:44:15 INFO  Test final outcome:  SKIPPED
08:44:15 INFO  Test outcome reason: Testing the apt plugin is not supported on this platform.Use parameter -XmyPlatform='container' to enable it
08:44:15 INFO  
</system-out>
	</testcase>
<testcase classname="PySysTest" name="SoftwareManagement.sm_apt_install_remove_default">
		<failure message="BLOCKED: SystemError: Timeout while waiting for status FAILED or SUCCESSFUL" type="BLOCKED" />
		<system-out>09:15:27 INFO  ==============================================================
09:15:27 INFO  Id:    SoftwareManagement.sm_apt_install_remove_default
09:15:27 INFO  Dir:   software_management_end_to_end/
09:15:27 INFO  Title: Validate end to end behaviour for the default plugin for installation and removal of packages
09:15:27 INFO  ==============================================================
09:15:27 INFO  Using sw id database: {'asciijump': '5475369', 'robotfindskitten': '5474869', 'squirrel3': '5475279', 'rolldice': '5152439', 'moon-buggy': '5439204', 'apple': '5495053', 'banana': '5494888', 'cherry': '5495382', 'watermelon': '5494510', 'registry': '8018911', 'hello-world': '8021526', 'docker/getting-started': '8021973', 'alpine': '7991792'}
09:15:27 INFO  EnvironmentC8y Setup
09:15:27 INFO  Executed systemctl&lt;serv_mapper1&gt;, exit status 3
09:15:27 INFO  Restarting mosquitto too frequently in the last 10 seconds. It was only up for 4 seconds
09:15:27 INFO  Delaying execution by 7 seconds
09:15:48 INFO  Executed sudo&lt;tedge_connect_c8y&gt;, exit status 0, duration 13 secs
09:15:49 INFO  Executed sudo&lt;tedge_connect_c8y_test&gt;, exit status 0
09:15:49 INFO  Executed systemctl&lt;serv_mosq2&gt;, exit status 0
09:15:50 INFO  Executed systemctl&lt;serv_mapper3&gt;, exit status 0
09:15:52 INFO  State of current operation: PENDING
09:15:54 INFO  State of current operation: PENDING
09:15:57 INFO  State of current operation: PENDING
09:15:59 INFO  State of current operation: PENDING
09:16:01 INFO  State of current operation: PENDING
09:16:03 INFO  State of current operation: PENDING
09:16:06 INFO  State of current operation: PENDING
09:16:08 INFO  State of current operation: PENDING
09:16:10 INFO  State of current operation: PENDING
09:16:12 INFO  State of current operation: PENDING
09:16:15 INFO  State of current operation: PENDING
09:16:17 INFO  State of current operation: PENDING
09:16:19 INFO  State of current operation: PENDING
09:16:21 INFO  State of current operation: PENDING
09:16:24 INFO  State of current operation: PENDING
09:16:26 INFO  State of current operation: PENDING
09:16:28 INFO  State of current operation: PENDING
09:16:30 INFO  State of current operation: PENDING
09:16:32 INFO  State of current operation: PENDING
09:16:35 INFO  State of current operation: PENDING
09:16:37 INFO  State of current operation: PENDING
09:16:39 INFO  State of current operation: PENDING
09:16:42 INFO  State of current operation: PENDING
09:16:44 INFO  State of current operation: PENDING
09:16:46 INFO  State of current operation: PENDING
09:16:48 INFO  State of current operation: PENDING
09:16:51 INFO  State of current operation: PENDING
09:16:53 INFO  State of current operation: PENDING
09:16:55 INFO  State of current operation: PENDING
09:16:58 INFO  State of current operation: PENDING
09:17:00 INFO  State of current operation: PENDING
09:17:02 INFO  State of current operation: PENDING
09:17:04 INFO  State of current operation: PENDING
09:17:07 INFO  State of current operation: PENDING
09:17:09 INFO  State of current operation: PENDING
09:17:11 INFO  State of current operation: PENDING
09:17:13 INFO  State of current operation: PENDING
09:17:16 INFO  State of current operation: PENDING
09:17:18 INFO  State of current operation: PENDING
09:17:20 INFO  State of current operation: PENDING
09:17:22 INFO  State of current operation: PENDING
09:17:24 INFO  State of current operation: PENDING
09:17:27 INFO  State of current operation: PENDING
09:17:29 INFO  State of current operation: PENDING
09:17:31 INFO  State of current operation: PENDING
09:17:33 INFO  State of current operation: PENDING
09:17:36 INFO  State of current operation: PENDING
09:17:38 INFO  State of current operation: PENDING
09:17:40 INFO  State of current operation: PENDING
09:17:42 INFO  State of current operation: PENDING
09:17:45 INFO  State of current operation: PENDING
09:17:47 INFO  State of current operation: PENDING
09:17:49 INFO  State of current operation: PENDING
09:17:51 INFO  State of current operation: PENDING
09:17:54 INFO  State of current operation: PENDING
09:17:56 INFO  State of current operation: PENDING
09:17:58 INFO  State of current operation: PENDING
09:18:00 INFO  State of current operation: PENDING
09:18:02 INFO  State of current operation: PENDING
09:18:05 INFO  State of current operation: PENDING
09:18:07 INFO  State of current operation: PENDING
09:18:09 WARN  SystemError occurred while running test - Timeout while waiting for status FAILED or SUCCESSFUL
Traceback (most recent call last):
  File "/home/pi/env-pysys/lib/python3.7/site-packages/pysys/baserunner.py", line 1292, in __call__
    self.testObj.setup()
  File "/home/pi/actions-runner/_work/thin-edge.io/thin-edge.io/tests/PySys/software_management_end_to_end/sm_apt_install_remove_default/run.py", line 26, in setup
    super().setup()
  File "/home/pi/actions-runner/_work/thin-edge.io/thin-edge.io/tests/PySys/software_management_end_to_end/environment_sm_management.py", line 151, in setup
    self.wait_until_end()
  File "/home/pi/actions-runner/_work/thin-edge.io/thin-edge.io/tests/PySys/software_management_end_to_end/environment_sm_management.py", line 332, in wait_until_end
    self.wait_until_status("FAILED", "SUCCESSFUL")
  File "/home/pi/actions-runner/_work/thin-edge.io/thin-edge.io/tests/PySys/software_management_end_to_end/environment_sm_management.py", line 381, in wait_until_status
    "Timeout while waiting for status %s or %s" % (status, status2)
SystemError: Timeout while waiting for status FAILED or SUCCESSFUL
09:18:09 WARN  SystemError: Timeout while waiting for status FAILED or SUCCESSFUL ... blocked 
09:18:09 INFO  
09:18:09 INFO  cleanup:
09:18:13 INFO  Executed sudo&lt;tedge_disconnect_c8y&gt;, exit status 0
09:18:14 INFO  Executed systemctl&lt;serv_mapper5&gt;, exit status 3
09:18:14 INFO  
09:18:14 INFO  Test duration: 166.82 secs
09:18:14 INFO  Test final outcome:  BLOCKED
09:18:14 INFO  Test outcome reason: SystemError: Timeout while waiting for status FAILED or SUCCESSFUL
09:18:14 INFO  
</system-out>
	</testcase>
<testcase classname="PySysTest" name="SoftwareManagement.sm_apt_install_remove_default">
		<failure message="BLOCKED: SystemError: Timeout while waiting for status FAILED or SUCCESSFUL" type="BLOCKED" />
		<system-out>09:45:44 INFO  ==============================================================
09:45:44 INFO  Id:    SoftwareManagement.sm_apt_install_remove_default
09:45:44 INFO  Dir:   software_management_end_to_end/
09:45:44 INFO  Title: Validate end to end behaviour for the default plugin for installation and removal of packages
09:45:44 INFO  ==============================================================
09:45:44 INFO  Using sw id database: {'asciijump': '5475369', 'robotfindskitten': '5474869', 'squirrel3': '5475279', 'rolldice': '5152439', 'moon-buggy': '5439204', 'apple': '5495053', 'banana': '5494888', 'cherry': '5495382', 'watermelon': '5494510', 'registry': '8018911', 'hello-world': '8021526', 'docker/getting-started': '8021973', 'alpine': '7991792'}
09:45:44 INFO  EnvironmentC8y Setup
09:45:44 INFO  Executed systemctl&lt;serv_mapper1&gt;, exit status 3
09:45:44 INFO  Restarting mosquitto too frequently in the last 10 seconds. It was only up for 4 seconds
09:45:44 INFO  Delaying execution by 7 seconds
09:46:05 INFO  Executed sudo&lt;tedge_connect_c8y&gt;, exit status 0, duration 13 secs
09:46:06 INFO  Executed sudo&lt;tedge_connect_c8y_test&gt;, exit status 0
09:46:06 INFO  Executed systemctl&lt;serv_mosq2&gt;, exit status 0
09:46:07 INFO  Executed systemctl&lt;serv_mapper3&gt;, exit status 0
09:46:09 INFO  State of current operation: PENDING
09:46:11 INFO  State of current operation: PENDING
09:46:13 INFO  State of current operation: PENDING
09:46:16 INFO  State of current operation: PENDING
09:46:18 INFO  State of current operation: PENDING
09:46:20 INFO  State of current operation: PENDING
09:46:22 INFO  State of current operation: PENDING
09:46:25 INFO  State of current operation: PENDING
09:46:27 INFO  State of current operation: PENDING
09:46:29 INFO  State of current operation: PENDING
09:46:31 INFO  State of current operation: PENDING
09:46:34 INFO  State of current operation: PENDING
09:46:36 INFO  State of current operation: PENDING
09:46:38 INFO  State of current operation: PENDING
09:46:40 INFO  State of current operation: PENDING
09:46:42 INFO  State of current operation: PENDING
09:46:45 INFO  State of current operation: PENDING
09:46:47 INFO  State of current operation: PENDING
09:46:49 INFO  State of current operation: PENDING
09:46:52 INFO  State of current operation: PENDING
09:46:54 INFO  State of current operation: PENDING
09:46:56 INFO  State of current operation: PENDING
09:46:58 INFO  State of current operation: PENDING
09:47:00 INFO  State of current operation: PENDING
09:47:03 INFO  State of current operation: PENDING
09:47:05 INFO  State of current operation: PENDING
09:47:07 INFO  State of current operation: PENDING
09:47:09 INFO  State of current operation: PENDING
09:47:12 INFO  State of current operation: PENDING
09:47:14 INFO  State of current operation: PENDING
09:47:16 INFO  State of current operation: PENDING
09:47:18 INFO  State of current operation: PENDING
09:47:21 INFO  State of current operation: PENDING
09:47:23 INFO  State of current operation: PENDING
09:47:25 INFO  State of current operation: PENDING
09:47:27 INFO  State of current operation: PENDING
09:47:30 INFO  State of current operation: PENDING
09:47:32 INFO  State of current operation: PENDING
09:47:34 INFO  State of current operation: PENDING
09:47:36 INFO  State of current operation: PENDING
09:47:38 INFO  State of current operation: PENDING
09:47:41 INFO  State of current operation: PENDING
09:47:43 INFO  State of current operation: PENDING
09:47:45 INFO  State of current operation: PENDING
09:47:47 INFO  State of current operation: PENDING
09:47:50 INFO  State of current operation: PENDING
09:47:52 INFO  State of current operation: PENDING
09:47:54 INFO  State of current operation: PENDING
09:47:56 INFO  State of current operation: PENDING
09:47:59 INFO  State of current operation: PENDING
09:48:01 INFO  State of current operation: PENDING
09:48:03 INFO  State of current operation: PENDING
09:48:05 INFO  State of current operation: PENDING
09:48:08 INFO  State of current operation: PENDING
09:48:10 INFO  State of current operation: PENDING
09:48:12 INFO  State of current operation: PENDING
09:48:14 INFO  State of current operation: PENDING
09:48:16 INFO  State of current operation: PENDING
09:48:19 INFO  State of current operation: PENDING
09:48:21 INFO  State of current operation: PENDING
09:48:23 INFO  State of current operation: PENDING
09:48:25 WARN  SystemError occurred while running test - Timeout while waiting for status FAILED or SUCCESSFUL
Traceback (most recent call last):
  File "/home/pi/env-pysys/lib/python3.7/site-packages/pysys/baserunner.py", line 1292, in __call__
    self.testObj.setup()
  File "/home/pi/actions-runner/_work/thin-edge.io/thin-edge.io/tests/PySys/software_management_end_to_end/sm_apt_install_remove_default/run.py", line 26, in setup
    super().setup()
  File "/home/pi/actions-runner/_work/thin-edge.io/thin-edge.io/tests/PySys/software_management_end_to_end/environment_sm_management.py", line 151, in setup
    self.wait_until_end()
  File "/home/pi/actions-runner/_work/thin-edge.io/thin-edge.io/tests/PySys/software_management_end_to_end/environment_sm_management.py", line 332, in wait_until_end
    self.wait_until_status("FAILED", "SUCCESSFUL")
  File "/home/pi/actions-runner/_work/thin-edge.io/thin-edge.io/tests/PySys/software_management_end_to_end/environment_sm_management.py", line 381, in wait_until_status
    "Timeout while waiting for status %s or %s" % (status, status2)
SystemError: Timeout while waiting for status FAILED or SUCCESSFUL
09:48:25 WARN  SystemError: Timeout while waiting for status FAILED or SUCCESSFUL ... blocked 
09:48:25 INFO  
09:48:25 INFO  cleanup:
09:48:29 INFO  Executed sudo&lt;tedge_disconnect_c8y&gt;, exit status 0
09:48:30 INFO  Executed systemctl&lt;serv_mapper5&gt;, exit status 3
09:48:30 INFO  
09:48:30 INFO  Test duration: 166.28 secs
09:48:30 INFO  Test final outcome:  BLOCKED
09:48:30 INFO  Test outcome reason: SystemError: Timeout while waiting for status FAILED or SUCCESSFUL
09:48:30 INFO  
</system-out>
	</testcase>
</testsuite><testsuite name="SoftwareManagement.sm_apt_install_remove_multiple" tests="3" errors="0" failures="2" skipped="1" time="0"><testcase classname="PySysTest" name="SoftwareManagement.sm_apt_install_remove_multiple">
		<skipped message="SKIPPED: Testing the apt plugin is not supported on this platform.Use parameter -XmyPlatform='container' to enable it" />
		<system-out>08:44:15 INFO  ==============================================================
08:44:15 INFO  Id:    SoftwareManagement.sm_apt_install_remove_multiple
08:44:15 INFO  Dir:   software_management_end_to_end/
08:44:15 INFO  Title: Validate end to end behaviour for the apt plugin for multiple packages
08:44:15 INFO  ==============================================================
08:44:15 INFO  Testing the apt plugin is not supported on this platform.Use parameter -XmyPlatform='container' to enable it ... skipped
08:44:15 WARN  Aborted test due to SKIPPED outcome
08:44:15 INFO  
08:44:15 INFO  Test duration: 0.03 secs
08:44:15 INFO  Test final outcome:  SKIPPED
08:44:15 INFO  Test outcome reason: Testing the apt plugin is not supported on this platform.Use parameter -XmyPlatform='container' to enable it
08:44:15 INFO  
</system-out>
	</testcase>
<testcase classname="PySysTest" name="SoftwareManagement.sm_apt_install_remove_multiple">
		<failure message="BLOCKED: SystemError: Timeout while waiting for status FAILED or SUCCESSFUL" type="BLOCKED" />
		<system-out>09:18:14 INFO  ==============================================================
09:18:14 INFO  Id:    SoftwareManagement.sm_apt_install_remove_multiple
09:18:14 INFO  Dir:   software_management_end_to_end/
09:18:14 INFO  Title: Validate end to end behaviour for the apt plugin for multiple packages
09:18:14 INFO  ==============================================================
09:18:14 INFO  Using sw id database: {'asciijump': '5475369', 'robotfindskitten': '5474869', 'squirrel3': '5475279', 'rolldice': '5152439', 'moon-buggy': '5439204', 'apple': '5495053', 'banana': '5494888', 'cherry': '5495382', 'watermelon': '5494510', 'registry': '8018911', 'hello-world': '8021526', 'docker/getting-started': '8021973', 'alpine': '7991792'}
09:18:14 INFO  EnvironmentC8y Setup
09:18:14 INFO  Executed systemctl&lt;serv_mapper1&gt;, exit status 3
09:18:14 INFO  Restarting mosquitto too frequently in the last 10 seconds. It was only up for 4 seconds
09:18:14 INFO  Delaying execution by 7 seconds
09:18:35 INFO  Executed sudo&lt;tedge_connect_c8y&gt;, exit status 0, duration 13 secs
09:18:36 INFO  Executed sudo&lt;tedge_connect_c8y_test&gt;, exit status 0
09:18:36 INFO  Executed systemctl&lt;serv_mosq2&gt;, exit status 0
09:18:37 INFO  Executed systemctl&lt;serv_mapper3&gt;, exit status 0
09:18:39 INFO  State of current operation: PENDING
09:18:41 INFO  State of current operation: PENDING
09:18:43 INFO  State of current operation: PENDING
09:18:46 INFO  State of current operation: PENDING
09:18:48 INFO  State of current operation: PENDING
09:18:50 INFO  State of current operation: PENDING
09:18:52 INFO  State of current operation: PENDING
09:18:55 INFO  State of current operation: PENDING
09:18:57 INFO  State of current operation: PENDING
09:18:59 INFO  State of current operation: PENDING
09:19:01 INFO  State of current operation: PENDING
09:19:03 INFO  State of current operation: PENDING
09:19:06 INFO  State of current operation: PENDING
09:19:08 INFO  State of current operation: PENDING
09:19:10 INFO  State of current operation: PENDING
09:19:12 INFO  State of current operation: PENDING
09:19:15 INFO  State of current operation: PENDING
09:19:17 INFO  State of current operation: PENDING
09:19:19 INFO  State of current operation: PENDING
09:19:21 INFO  State of current operation: PENDING
09:19:24 INFO  State of current operation: PENDING
09:19:26 INFO  State of current operation: PENDING
09:19:28 INFO  State of current operation: PENDING
09:19:30 INFO  State of current operation: PENDING
09:19:33 INFO  State of current operation: PENDING
09:19:35 INFO  State of current operation: PENDING
09:19:37 INFO  State of current operation: PENDING
09:19:39 INFO  State of current operation: PENDING
09:19:42 INFO  State of current operation: PENDING
09:19:44 INFO  State of current operation: PENDING
09:19:46 INFO  State of current operation: PENDING
09:19:48 INFO  State of current operation: PENDING
09:19:50 INFO  State of current operation: PENDING
09:19:53 INFO  State of current operation: PENDING
09:19:55 INFO  State of current operation: PENDING
09:19:57 INFO  State of current operation: PENDING
09:19:59 INFO  State of current operation: PENDING
09:20:02 INFO  State of current operation: PENDING
09:20:04 INFO  State of current operation: PENDING
09:20:06 INFO  State of current operation: PENDING
09:20:08 INFO  State of current operation: PENDING
09:20:11 INFO  State of current operation: PENDING
09:20:13 INFO  State of current operation: PENDING
09:20:15 INFO  State of current operation: PENDING
09:20:17 INFO  State of current operation: PENDING
09:20:20 INFO  State of current operation: PENDING
09:20:22 INFO  State of current operation: PENDING
09:20:24 INFO  State of current operation: PENDING
09:20:26 INFO  State of current operation: PENDING
09:20:29 INFO  State of current operation: PENDING
09:20:31 INFO  State of current operation: PENDING
09:20:33 INFO  State of current operation: PENDING
09:20:35 INFO  State of current operation: PENDING
09:20:37 INFO  State of current operation: PENDING
09:20:40 INFO  State of current operation: PENDING
09:20:42 INFO  State of current operation: PENDING
09:20:44 INFO  State of current operation: PENDING
09:20:46 INFO  State of current operation: PENDING
09:20:49 INFO  State of current operation: PENDING
09:20:51 INFO  State of current operation: PENDING
09:20:53 INFO  State of current operation: PENDING
09:20:55 WARN  SystemError occurred while running test - Timeout while waiting for status FAILED or SUCCESSFUL
Traceback (most recent call last):
  File "/home/pi/env-pysys/lib/python3.7/site-packages/pysys/baserunner.py", line 1292, in __call__
    self.testObj.setup()
  File "/home/pi/actions-runner/_work/thin-edge.io/thin-edge.io/tests/PySys/software_management_end_to_end/sm_apt_install_remove_multiple/run.py", line 52, in setup
    super().setup()
  File "/home/pi/actions-runner/_work/thin-edge.io/thin-edge.io/tests/PySys/software_management_end_to_end/environment_sm_management.py", line 151, in setup
    self.wait_until_end()
  File "/home/pi/actions-runner/_work/thin-edge.io/thin-edge.io/tests/PySys/software_management_end_to_end/environment_sm_management.py", line 332, in wait_until_end
    self.wait_until_status("FAILED", "SUCCESSFUL")
  File "/home/pi/actions-runner/_work/thin-edge.io/thin-edge.io/tests/PySys/software_management_end_to_end/environment_sm_management.py", line 381, in wait_until_status
    "Timeout while waiting for status %s or %s" % (status, status2)
SystemError: Timeout while waiting for status FAILED or SUCCESSFUL
09:20:55 WARN  SystemError: Timeout while waiting for status FAILED or SUCCESSFUL ... blocked 
09:20:55 INFO  
09:20:55 INFO  cleanup:
09:20:59 INFO  Executed sudo&lt;tedge_disconnect_c8y&gt;, exit status 0
09:21:00 INFO  Executed systemctl&lt;serv_mapper5&gt;, exit status 3
09:21:00 INFO  
09:21:00 INFO  Test duration: 166.13 secs
09:21:00 INFO  Test final outcome:  BLOCKED
09:21:00 INFO  Test outcome reason: SystemError: Timeout while waiting for status FAILED or SUCCESSFUL
09:21:00 INFO  
</system-out>
	</testcase>
<testcase classname="PySysTest" name="SoftwareManagement.sm_apt_install_remove_multiple">
		<failure message="BLOCKED: SystemError: Timeout while waiting for status FAILED or SUCCESSFUL" type="BLOCKED" />
		<system-out>09:48:30 INFO  ==============================================================
09:48:30 INFO  Id:    SoftwareManagement.sm_apt_install_remove_multiple
09:48:30 INFO  Dir:   software_management_end_to_end/
09:48:30 INFO  Title: Validate end to end behaviour for the apt plugin for multiple packages
09:48:30 INFO  ==============================================================
09:48:30 INFO  Using sw id database: {'asciijump': '5475369', 'robotfindskitten': '5474869', 'squirrel3': '5475279', 'rolldice': '5152439', 'moon-buggy': '5439204', 'apple': '5495053', 'banana': '5494888', 'cherry': '5495382', 'watermelon': '5494510', 'registry': '8018911', 'hello-world': '8021526', 'docker/getting-started': '8021973', 'alpine': '7991792'}
09:48:30 INFO  EnvironmentC8y Setup
09:48:31 INFO  Executed systemctl&lt;serv_mapper1&gt;, exit status 3
09:48:31 INFO  Restarting mosquitto too frequently in the last 10 seconds. It was only up for 5 seconds
09:48:31 INFO  Delaying execution by 6 seconds
09:48:51 INFO  Executed sudo&lt;tedge_connect_c8y&gt;, exit status 0, duration 13 secs
09:48:51 INFO  Executed sudo&lt;tedge_connect_c8y_test&gt;, exit status 0
09:48:52 INFO  Executed systemctl&lt;serv_mosq2&gt;, exit status 0
09:48:52 INFO  Executed systemctl&lt;serv_mapper3&gt;, exit status 0
09:48:54 INFO  State of current operation: PENDING
09:48:57 INFO  State of current operation: PENDING
09:48:59 INFO  State of current operation: PENDING
09:49:01 INFO  State of current operation: PENDING
09:49:03 INFO  State of current operation: PENDING
09:49:06 INFO  State of current operation: PENDING
09:49:08 INFO  State of current operation: PENDING
09:49:10 INFO  State of current operation: PENDING
09:49:12 INFO  State of current operation: PENDING
09:49:14 INFO  State of current operation: PENDING
09:49:17 INFO  State of current operation: PENDING
09:49:19 INFO  State of current operation: PENDING
09:49:21 INFO  State of current operation: PENDING
09:49:23 INFO  State of current operation: PENDING
09:49:26 INFO  State of current operation: PENDING
09:49:28 INFO  State of current operation: PENDING
09:49:30 INFO  State of current operation: PENDING
09:49:32 INFO  State of current operation: PENDING
09:49:35 INFO  State of current operation: PENDING
09:49:37 INFO  State of current operation: PENDING
09:49:39 INFO  State of current operation: PENDING
09:49:41 INFO  State of current operation: PENDING
09:49:44 INFO  State of current operation: PENDING
09:49:46 INFO  State of current operation: PENDING
09:49:48 INFO  State of current operation: PENDING
09:49:50 INFO  State of current operation: PENDING
09:49:53 INFO  State of current operation: PENDING
09:49:55 INFO  State of current operation: PENDING
09:49:57 INFO  State of current operation: PENDING
09:49:59 INFO  State of current operation: PENDING
09:50:02 INFO  State of current operation: PENDING
09:50:04 INFO  State of current operation: PENDING
09:50:06 INFO  State of current operation: PENDING
09:50:08 INFO  State of current operation: PENDING
09:50:10 INFO  State of current operation: PENDING
09:50:13 INFO  State of current operation: PENDING
09:50:15 INFO  State of current operation: PENDING
09:50:17 INFO  State of current operation: PENDING
09:50:19 INFO  State of current operation: PENDING
09:50:22 INFO  State of current operation: PENDING
09:50:24 INFO  State of current operation: PENDING
09:50:26 INFO  State of current operation: PENDING
09:50:28 INFO  State of current operation: PENDING
09:50:31 INFO  State of current operation: PENDING
09:50:33 INFO  State of current operation: PENDING
09:50:35 INFO  State of current operation: PENDING
09:50:37 INFO  State of current operation: PENDING
09:50:40 INFO  State of current operation: PENDING
09:50:42 INFO  State of current operation: PENDING
09:50:44 INFO  State of current operation: PENDING
09:50:46 INFO  State of current operation: PENDING
09:50:49 INFO  State of current operation: PENDING
09:50:51 INFO  State of current operation: PENDING
09:50:53 INFO  State of current operation: PENDING
09:50:55 INFO  State of current operation: PENDING
09:50:58 INFO  State of current operation: PENDING
09:51:00 INFO  State of current operation: PENDING
09:51:02 INFO  State of current operation: PENDING
09:51:04 INFO  State of current operation: PENDING
09:51:07 INFO  State of current operation: PENDING
09:51:09 INFO  State of current operation: PENDING
09:51:11 WARN  SystemError occurred while running test - Timeout while waiting for status FAILED or SUCCESSFUL
Traceback (most recent call last):
  File "/home/pi/env-pysys/lib/python3.7/site-packages/pysys/baserunner.py", line 1292, in __call__
    self.testObj.setup()
  File "/home/pi/actions-runner/_work/thin-edge.io/thin-edge.io/tests/PySys/software_management_end_to_end/sm_apt_install_remove_multiple/run.py", line 52, in setup
    super().setup()
  File "/home/pi/actions-runner/_work/thin-edge.io/thin-edge.io/tests/PySys/software_management_end_to_end/environment_sm_management.py", line 151, in setup
    self.wait_until_end()
  File "/home/pi/actions-runner/_work/thin-edge.io/thin-edge.io/tests/PySys/software_management_end_to_end/environment_sm_management.py", line 332, in wait_until_end
    self.wait_until_status("FAILED", "SUCCESSFUL")
  File "/home/pi/actions-runner/_work/thin-edge.io/thin-edge.io/tests/PySys/software_management_end_to_end/environment_sm_management.py", line 381, in wait_until_status
    "Timeout while waiting for status %s or %s" % (status, status2)
SystemError: Timeout while waiting for status FAILED or SUCCESSFUL
09:51:11 WARN  SystemError: Timeout while waiting for status FAILED or SUCCESSFUL ... blocked 
09:51:11 INFO  
09:51:11 INFO  cleanup:
09:51:15 INFO  Executed sudo&lt;tedge_disconnect_c8y&gt;, exit status 0
09:51:15 INFO  Executed systemctl&lt;serv_mapper5&gt;, exit status 3
09:51:15 INFO  
09:51:15 INFO  Test duration: 165.49 secs
09:51:15 INFO  Test final outcome:  BLOCKED
09:51:15 INFO  Test outcome reason: SystemError: Timeout while waiting for status FAILED or SUCCESSFUL
09:51:15 INFO  
</system-out>
	</testcase>
</testsuite><testsuite name="SoftwareManagement.sm_apt_install_remove_multiple_mixed" tests="3" errors="0" failures="2" skipped="1" time="0"><testcase classname="PySysTest" name="SoftwareManagement.sm_apt_install_remove_multiple_mixed">
		<skipped message="SKIPPED: Testing the apt plugin is not supported on this platform.Use parameter -XmyPlatform='container' to enable it" />
		<system-out>08:44:16 INFO  ==============================================================
[...]
08:32:47 INFO  Executed systemctl&lt;serv_mapper3&gt;, exit status 0
08:32:48 INFO  Executed sudo&lt;rm_logs&gt;, exit status 0
08:32:48 INFO  Executed sudo&lt;move_logs&gt;, exit status 0
08:32:49 INFO  log response None
08:32:49 WARN  retry, retrying in 1 seconds...
08:32:50 INFO  log response None
08:32:50 WARN  retry, retrying in 1 seconds...
08:32:52 INFO  log response None
08:32:52 WARN  retry, retrying in 1 seconds...
08:32:53 INFO  log response None
08:32:53 WARN  retry, retrying in 1 seconds...
08:32:54 INFO  log response None
08:32:54 WARN  retry, retrying in 1 seconds...
08:32:55 INFO  log response None
08:32:55 WARN  retry, retrying in 1 seconds...
08:32:56 INFO  log response None
08:32:56 WARN  retry, retrying in 1 seconds...
08:32:58 INFO  log response None
08:32:58 WARN  retry, retrying in 1 seconds...
08:32:59 INFO  log response None
08:32:59 WARN  retry, retrying in 1 seconds...
08:33:00 INFO  log response None
08:33:00 WARN  retry, retrying in 1 seconds...
08:33:01 INFO  log response None
08:33:01 WARN  retry, retrying in 1 seconds...
08:33:02 INFO  log response None
08:33:02 WARN  retry, retrying in 1 seconds...
08:33:04 INFO  log response None
08:33:04 WARN  retry, retrying in 1 seconds...
08:33:05 INFO  log response None
08:33:05 WARN  retry, retrying in 1 seconds...
08:33:06 INFO  log response None
08:33:06 WARN  retry, retrying in 1 seconds...
08:33:07 INFO  log response None
08:33:07 WARN  retry, retrying in 1 seconds...
08:33:09 INFO  log response None
08:33:09 WARN  retry, retrying in 1 seconds...
08:33:10 INFO  log response None
08:33:10 WARN  retry, retrying in 1 seconds...
08:33:11 INFO  log response None
08:33:11 WARN  retry, retrying in 1 seconds...
08:33:12 INFO  log response None
08:33:12 WARN  Exception occurred while running test - retry
Traceback (most recent call last):
  File "/home/pi/env-pysys/lib/python3.7/site-packages/pysys/baserunner.py", line 1296, in __call__
    self.testObj.validate()
  File "/home/pi/actions-runner/_work/thin-edge.io/thin-edge.io/tests/PySys/log_request_end_to_end/log_request_num_lines/run.py", line 44, in validate
    self.assertThat("True == value", value=self.wait_until_logs_retrieved())
  File "/home/pi/env-pysys/lib/python3.7/site-packages/decorator.py", line 232, in fun
    return caller(func, *(extras + args), **kw)
  File "/home/pi/env-pysys/lib/python3.7/site-packages/retry/api.py", line 74, in retry_decorator
    logger)
  File "/home/pi/env-pysys/lib/python3.7/site-packages/retry/api.py", line 33, in __retry_internal
    return f()
  File "/home/pi/actions-runner/_work/thin-edge.io/thin-edge.io/tests/PySys/log_request_end_to_end/log_request_num_lines/run.py", line 52, in wait_until_logs_retrieved
    raise Exception("retry")
Exception: retry
08:33:12 WARN  Exception: retry ... blocked 
08:33:12 INFO  
08:33:12 INFO  cleanup:
08:33:13 INFO  Executed sudo&lt;rm_logs&gt;, exit status 0
08:33:13 INFO  Executed sudo&lt;rm_tmp_logs&gt;, exit status 0
08:33:14 INFO  Executed sudo&lt;send_failed&gt;, exit status 0
08:33:18 INFO  Executed sudo&lt;tedge_disconnect_c8y&gt;, exit status 0
08:33:19 INFO  Executed systemctl&lt;serv_mapper5&gt;, exit status 3
08:33:19 INFO  
08:33:19 INFO  Test duration: 54.75 secs
08:33:19 INFO  Test final outcome:  BLOCKED
08:33:19 INFO  Test outcome reason: Exception: retry
08:33:19 INFO  
</system-out>
	</testcase>
</testsuite><testsuite name="mapper_awaits_before_reconnect" tests="1" errors="0" failures="1" skipped="0" time="0"><testcase classname="MapperReconnectAwait" name="mapper_awaits_before_reconnect">
		<failure message="FAILED: Line count on tedge_mapper_journal.out for &quot;tedge_mapper::core::mapper: MQTT connection error:&quot; expected &gt;=2 but got 0" type="FAILED" />
		<system-out>08:47:19 INFO  ==============================================================
08:47:19 INFO  Id:    mapper_awaits_before_reconnect
08:47:19 INFO  Dir:   tedge_mapper_c8y/
08:47:19 INFO  Title: Validate mapper doesn't reconnect too often
08:47:19 INFO  ==============================================================
08:47:19 INFO  Started mosquitto_sub with process id 14296
08:47:19 INFO  Waiting for 0.1 seconds
08:47:19 INFO  Executed sudo&lt;tedge_mapper&gt;, exit status 0
08:47:19 INFO  Waiting for 5.0 seconds
08:47:25 INFO  Executed sudo&lt;tedge_mapper&gt;, exit status 0
08:47:27 INFO  Executed sudo&lt;tedge_mapper_journal&gt;, exit status 0
08:47:28 WARN  Grep on tedge_mapper_journal.out contains "ERROR" ... failed [run.py:67]
08:47:28 INFO  Line count on file tedge_mapper_journal.out ... passed
08:47:28 WARN  Line count on tedge_mapper_journal.out for "tedge_mapper::core::mapper: MQTT connection error:" expected &gt;=2 but got 0 ... failed [run.py:78]
08:47:28 WARN  Aborted test due to FAILED outcome
08:47:28 INFO  
08:47:28 INFO  Test duration: 8.93 secs
08:47:28 INFO  Test final outcome:  FAILED
08:47:28 INFO  Test outcome reason: Line count on tedge_mapper_journal.out for "tedge_mapper::core::mapper: MQTT connection error:" expected &gt;=2 but got 0
08:47:28 INFO  
</system-out>
	</testcase>
</testsuite><testsuite name="monitoring_smaller_interval" tests="1" errors="0" failures="1" skipped="0" time="0"><testcase classname="MonitoringSmallInterval" name="monitoring_smaller_interval">
		<failure message="BLOCKED: TypeError: 'int' object is not subscriptable" type="BLOCKED" />
		<system-out>08:34:21 INFO  ==============================================================
08:34:21 INFO  Id:    monitoring_smaller_interval
08:34:21 INFO  Dir:   monitoring/
08:34:21 INFO  Title: Validate the tedge dm agent messages that are produced with smaller sampling interval than the batching window. Here the simulated collectd messages are used
08:34:21 INFO  ==============================================================
08:34:21 INFO  Executed sudo&lt;collectd&gt;, exit status 0
08:34:22 INFO  Executed sudo&lt;collectd_mapper&gt;, exit status 0
08:34:22 INFO  Started sudo&lt;tedge_sub&gt; with process id 10486
08:34:23 INFO  Executed sudo&lt;tedge_temp&gt;, exit status 0
08:34:23 INFO  Executed sudo&lt;tedge_pres&gt;, exit status 0
08:34:24 INFO  Executed sudo&lt;tedge_temp&gt;, exit status 0
08:34:24 INFO  Executed sudo&lt;tedge_pres&gt;, exit status 0
08:34:25 INFO  Executed sudo&lt;tedge_temp&gt;, exit status 0
08:34:25 INFO  Executed sudo&lt;tedge_pres&gt;, exit status 0
08:34:26 INFO  Executed sudo&lt;tedge_temp&gt;, exit status 0
08:34:27 INFO  Executed sudo&lt;tedge_pres&gt;, exit status 0
08:34:27 INFO  Executed sudo&lt;tedge_temp&gt;, exit status 0
08:34:28 INFO  Executed sudo&lt;tedge_pres&gt;, exit status 0
08:34:28 INFO  Executed sudo&lt;tedge_temp&gt;, exit status 0
08:34:29 INFO  Executed sudo&lt;tedge_pres&gt;, exit status 0
08:34:29 INFO  Executed sudo&lt;tedge_temp&gt;, exit status 0
08:34:30 INFO  Executed sudo&lt;tedge_pres&gt;, exit status 0
08:34:31 INFO  Executed sudo&lt;tedge_temp&gt;, exit status 0
08:34:31 INFO  Executed sudo&lt;tedge_pres&gt;, exit status 0
08:34:32 INFO  Executed sudo&lt;tedge_temp&gt;, exit status 0
08:34:32 INFO  Executed sudo&lt;tedge_pres&gt;, exit status 0
08:34:33 INFO  Executed sudo&lt;tedge_temp&gt;, exit status 0
08:34:33 INFO  Executed sudo&lt;tedge_pres&gt;, exit status 0
08:34:35 INFO  Executed sudo&lt;kill_out&gt;, exit status 0
08:34:35 INFO  0

08:34:35 WARN  TypeError occurred while running test - 'int' object is not subscriptable
Traceback (most recent call last):
  File "/home/pi/env-pysys/lib/python3.7/site-packages/pysys/baserunner.py", line 1296, in __call__
    self.testObj.validate()
  File "/home/pi/actions-runner/_work/thin-edge.io/thin-edge.io/tests/PySys/monitoring/monitoring_smaller_interval/run.py", line 104, in validate
    collectd_msg_validation_result=self.validate_json(),
  File "/home/pi/actions-runner/_work/thin-edge.io/thin-edge.io/tests/PySys/monitoring/monitoring_smaller_interval/run.py", line 114, in validate_json
    if not self.validate_time():
  File "/home/pi/actions-runner/_work/thin-edge.io/thin-edge.io/tests/PySys/monitoring/monitoring_smaller_interval/run.py", line 134, in validate_time
    if self.js_msg["time"]:
TypeError: 'int' object is not subscriptable
08:34:35 WARN  TypeError: 'int' object is not subscriptable ... blocked 
08:34:35 INFO  
08:34:35 INFO  cleanup:
08:34:35 INFO  monitoring_cleanup
08:34:36 INFO  Executed sudo&lt;collectd_mapper&gt;, exit status 0
08:34:36 INFO  
08:34:36 INFO  Test duration: 14.83 secs
08:34:36 INFO  Test final outcome:  BLOCKED
08:34:36 INFO  Test outcome reason: TypeError: 'int' object is not subscriptable
08:34:36 INFO  
</system-out>
	</testcase>
</testsuite><testsuite name="monitoring_with_collectd" tests="1" errors="0" failures="0" skipped="1" time="0"><testcase classname="MonitoringWithCollectd" name="monitoring_with_collectd">
		<skipped message="SKIPPED: Test execution disabled due to #792 (instable)" />
		<system-out>08:34:36 INFO  ==============================================================
08:34:36 INFO  Id:    monitoring_with_collectd
08:34:36 INFO  Dir:   monitoring/
08:34:36 INFO  Title: Validate tedge dm agent messages that are produced by batching the collectd messages
08:34:36 INFO  ==============================================================
08:34:36 INFO  Test execution disabled due to #792 (instable) ... skipped
08:34:36 INFO  
08:34:36 INFO  Test duration: 0.10 secs
08:34:36 INFO  Test final outcome:  SKIPPED
08:34:36 INFO  Test outcome reason: Test execution disabled due to #792 (instable)
08:34:36 INFO  
</system-out>
	</testcase>
</testsuite><testsuite name="monitoring_with_simulated_messages" tests="1" errors="0" failures="1" skipped="0" time="0"><testcase classname="MonitoringWithSimulatedMessages" name="monitoring_with_simulated_messages">
		<failure message="BLOCKED: TypeError: 'int' object is not subscriptable" type="BLOCKED" />
		<system-out>08:34:36 INFO  ==============================================================
08:34:36 INFO  Id:    monitoring_with_simulated_messages
08:34:36 INFO  Dir:   monitoring/
08:34:36 INFO  Title: Validate the tedge dm agent messages that are produced from the simulated collectd messages
08:34:36 INFO  ==============================================================
08:34:37 INFO  Executed sudo&lt;collectd&gt;, exit status 0
08:34:37 INFO  Executed sudo&lt;collectd_mapper&gt;, exit status 0
08:34:37 INFO  Started sudo&lt;tedge_sub&gt; with process id 10544
08:34:38 INFO  Executed sudo&lt;tedge_temp&gt;, exit status 0
08:34:38 INFO  Executed sudo&lt;tedge_pres&gt;, exit status 0
08:34:40 INFO  Executed sudo&lt;kill_out&gt;, exit status 0
08:34:40 INFO  0

08:34:40 WARN  TypeError occurred while running test - 'int' object is not subscriptable
Traceback (most recent call last):
  File "/home/pi/env-pysys/lib/python3.7/site-packages/pysys/baserunner.py", line 1296, in __call__
    self.testObj.validate()
  File "/home/pi/actions-runner/_work/thin-edge.io/thin-edge.io/tests/PySys/monitoring/monitoring_with_simulated_messages/run.py", line 98, in validate
    collectd_msg_validation_result=self.validate_json(),
  File "/home/pi/actions-runner/_work/thin-edge.io/thin-edge.io/tests/PySys/monitoring/monitoring_with_simulated_messages/run.py", line 108, in validate_json
    if not self.validate_time():
  File "/home/pi/actions-runner/_work/thin-edge.io/thin-edge.io/tests/PySys/monitoring/monitoring_with_simulated_messages/run.py", line 127, in validate_time
    if self.js_msg["time"]:
TypeError: 'int' object is not subscriptable
08:34:40 WARN  TypeError: 'int' object is not subscriptable ... blocked 
08:34:40 INFO  
08:34:40 INFO  cleanup:
08:34:40 INFO  monitoring_cleanup
08:34:40 INFO  Executed sudo&lt;collectd_mapper&gt;, exit status 0
08:34:40 INFO  
08:34:40 INFO  Test duration: 4.68 secs
08:34:40 INFO  Test final outcome:  BLOCKED
08:34:40 INFO  Test outcome reason: TypeError: 'int' object is not subscriptable
08:34:40 INFO  
</system-out>
	</testcase>
</testsuite><testsuite name="mqtt_port_change_connection_fails" tests="1" errors="0" failures="0" skipped="0" time="0"><testcase classname="MqttPortChangeConnectionFails" name="mqtt_port_change_connection_fails" />
</testsuite><testsuite name="mqtt_port_change_connection_works" tests="1" errors="0" failures="0" skipped="1" time="0"><testcase classname="MqttPortChangeConnectionWorks" name="mqtt_port_change_connection_works">
		<skipped message="SKIPPED: failing intermitently" />
		<system-out>08:33:54 INFO  ==============================================================
08:33:54 INFO  Id:    mqtt_port_change_connection_works
08:33:54 INFO  Dir:   misc_features/
08:33:54 INFO  Title: mqtt port change connection works for all the thin-edge services that use the mosquitto broker
08:33:54 INFO  ==============================================================
08:33:54 INFO  failing intermitently ... skipped
08:33:54 INFO  
08:33:54 INFO  Test duration: 0.05 secs
08:33:54 INFO  Test final outcome:  SKIPPED
08:33:54 INFO  Test outcome reason: failing intermitently
08:33:54 INFO  
</system-out>
	</testcase>
</testsuite><testsuite name="publish_flux" tests="1" errors="0" failures="0" skipped="0" time="0"><testcase classname="PublishFlux" name="publish_flux" />
</testsuite><testsuite name="publish_sawmill" tests="1" errors="0" failures="0" skipped="0" time="0"><testcase classname="PublishSawmill" name="publish_sawmill" />
</testsuite><testsuite name="runtime_start_two_mappers" tests="1" errors="0" failures="0" skipped="0" time="0"><testcase classname="RuntimeMultiMappers" name="runtime_start_two_mappers" />
</testsuite><testsuite name="sm_tedge_mapper_init_session" tests="1" errors="0" failures="0" skipped="0" time="0"><testcase classname="TedgeSMMapperInitSession" name="sm_tedge_mapper_init_session" />
</testsuite><testsuite name="smoketest_json" tests="1" errors="0" failures="0" skipped="0" time="0"><testcase classname="SmokeTestJson" name="smoketest_json" />
</testsuite><testsuite name="smoketest_json_400_samples_10ms" tests="1" errors="0" failures="0" skipped="0" time="0"><testcase classname="SmoketestJson400Samples10ms" name="smoketest_json_400_samples_10ms" />
</testsuite><testsuite name="smoketest_json_400_samples_20ms" tests="1" errors="0" failures="0" skipped="0" time="0"><testcase classname="SmoketestJson400Samples20ms" name="smoketest_json_400_samples_20ms" />
</testsuite><testsuite name="smoketest_smartrest" tests="1" errors="0" failures="0" skipped="0" time="0"><testcase classname="SmoketestSmartRest" name="smoketest_smartrest" />
</testsuite><testsuite name="smoketest_smartrest_400_samples_1Xms" tests="1" errors="0" failures="0" skipped="0" time="0"><testcase classname="SmoketestSmartRest400Samples1Xms" name="smoketest_smartrest_400_samples_1Xms" />
</testsuite><testsuite name="smoketest_smartrest_400_samples_20ms" tests="1" errors="0" failures="0" skipped="0" time="0"><testcase classname="SmoketestSmartRest400Samples20ms" name="smoketest_smartrest_400_samples_20ms" />
</testsuite><testsuite name="tedge_agent_user_sudo_access" tests="1" errors="0" failures="0" skipped="1" time="0"><testcase classname="TedgeAgentUserSudoAccess" name="tedge_agent_user_sudo_access">
		<skipped message="SKIPPED: #955 Observation: Exit code of the apt plugin when called with no arguments" />
		<system-out>08:44:42 INFO  ==============================================================
08:44:42 INFO  Id:    tedge_agent_user_sudo_access
08:44:42 INFO  Dir:   tedge/
08:44:42 INFO  Title: Validate tedge-agent user has a limited sudo right
08:44:42 INFO  ==============================================================
08:44:42 INFO  #955 Observation: Exit code of the apt plugin when called with no arguments ... skipped
08:44:42 INFO  
08:44:42 INFO  Test duration: 0.03 secs
08:44:42 INFO  Test final outcome:  SKIPPED
08:44:42 INFO  Test outcome reason: #955 Observation: Exit code of the apt plugin when called with no arguments
08:44:42 INFO  
</system-out>
	</testcase>
</testsuite><testsuite name="tedge_connect_test_negative" tests="1" errors="0" failures="0" skipped="0" time="0"><testcase classname="TedgeConnectTestNegative" name="tedge_connect_test_negative" />
</testsuite><testsuite name="tedge_connect_test_positive" tests="1" errors="0" failures="0" skipped="0" time="0"><testcase classname="TedgeConnectTestPositive" name="tedge_connect_test_positive" />
</testsuite><testsuite name="tedge_connect_test_sm_services" tests="1" errors="0" failures="0" skipped="0" time="0"><testcase classname="TedgeConnectTestSMServices" name="tedge_connect_test_sm_services" />
</testsuite><testsuite name="tedge_disconnect_test_sm_services" tests="1" errors="0" failures="0" skipped="0" time="0"><testcase classname="TedgeDisConnectTestSMServices" name="tedge_disconnect_test_sm_services" />
</testsuite><testsuite name="tedge_mapper_az_negative" tests="1" errors="0" failures="0" skipped="0" time="0"><testcase classname="TedgeMapperAzError" name="tedge_mapper_az_negative" />
</testsuite><testsuite name="tedge_mapper_az_with_timestamp" tests="1" errors="0" failures="0" skipped="0" time="0"><testcase classname="TedgeMapperAzWithTimestamp" name="tedge_mapper_az_with_timestamp" />
</testsuite><testsuite name="tedge_mapper_az_without_timestamp" tests="1" errors="0" failures="0" skipped="0" time="0"><testcase classname="TedgeMapperAzWithoutTimestamp" name="tedge_mapper_az_without_timestamp" />
</testsuite><testsuite name="tedge_mapper_c8y_alarms" tests="1" errors="0" failures="0" skipped="0" time="0"><testcase classname="TedgeMapperC8yAlarm" name="tedge_mapper_c8y_alarms" />
</testsuite><testsuite name="tedge_mapper_c8y_child_device_measurement" tests="1" errors="0" failures="0" skipped="0" time="0"><testcase classname="TedgeMapperC8yChildDevice" name="tedge_mapper_c8y_child_device_measurement" />
</testsuite><testsuite name="tedge_mapper_c8y_packet_threshold_size" tests="1" errors="0" failures="1" skipped="0" time="0"><testcase classname="TedgeMapperC8yThresholdPacketSize" name="tedge_mapper_c8y_packet_threshold_size">
		<failure message="FAILED: Grep on tedge_sub.out contains &quot;The size of the message received on tedge/measurements is 20489 which is greater than the threshold size of 16184.&quot;" type="FAILED" />
		<system-out>08:49:04 INFO  ==============================================================
08:49:04 INFO  Id:    tedge_mapper_c8y_packet_threshold_size
08:49:04 INFO  Dir:   tedge_mapper_c8y/
08:49:04 INFO  Title: Validate the Cumulocity Mapper accepted threshold packet size when it receives a message on tedge/measurements
08:49:04 INFO  ==============================================================
08:49:05 INFO  Executed sudo&lt;tedge_mapper_c8y&gt;, exit status 0
08:49:05 INFO  Started sudo&lt;tedge_sub&gt; with process id 14901
08:49:06 INFO  Executed sudo&lt;tedge_msg&gt;, exit status 0
08:49:06 INFO  Executed sudo&lt;tedge_pub&gt;, exit status 0
08:49:07 INFO  Executed sudo&lt;kill_out&gt;, exit status 0
08:49:07 WARN  Grep on tedge_sub.out contains "The size of the message received on tedge/measurements is 20489 which is greater than the threshold size of 16184." ... failed [run.py:88]
08:49:07 INFO  
08:49:07 INFO  cleanup:
08:49:07 INFO  mapper_cleanup
08:49:07 INFO  Executed sudo&lt;tedge_mapper_c8y&gt;, exit status 0
08:49:07 INFO  
08:49:07 INFO  Test duration: 3.06 secs
08:49:07 INFO  Test final outcome:  FAILED
08:49:07 INFO  Test outcome reason: Grep on tedge_sub.out contains "The size of the message received on tedge/measurements is 20489 which is greater than the threshold size of 16184."
08:49:07 INFO  
</system-out>
	</testcase>
</testsuite><testsuite name="tedge_software_update" tests="1" errors="0" failures="0" skipped="0" time="0"><testcase classname="PySysTest" name="tedge_software_update" />
</testsuite><testsuite name="valid_device_id" tests="1" errors="0" failures="0" skipped="0" time="0"><testcase classname="ValidateValidDeviceId" name="valid_device_id" />
</testsuite></testsuites>