<?xml version='1.0' encoding='utf-8'?>
<testsuites tests="139" failures="17" errors="0" skipped="45" time="0.0"><testsuite name="SoftwareManagement.Plugin.apama_plugin_install" tests="3" errors="0" failures="0" skipped="1" time="0"><testcase classname="ApamaPluginInstallTest" name="SoftwareManagement.Plugin.apama_plugin_install">
		<skipped message="SKIPPED: Apama plugin tests are disabled by default. Execute `pysys run` with `-XmyPlatform=container` to run these tests" />
		<system-out>09:16:05 INFO  ==============================================================
09:16:05 INFO  Id:    SoftwareManagement.Plugin.apama_plugin_install
09:16:05 INFO  Dir:   plugin_apama/
09:16:05 INFO  Title: Validate apama plugin install
09:16:05 INFO  ==============================================================
09:16:05 INFO  Apama plugin tests are disabled by default. Execute `pysys run` with `-XmyPlatform=container` to run these tests ... skipped
09:16:05 WARN  Aborted test due to SKIPPED outcome
09:16:05 INFO  
09:16:05 INFO  Test duration: 0.06 secs
09:16:05 INFO  Test final outcome:  SKIPPED
09:16:05 INFO  Test outcome reason: Apama plugin tests are disabled by default. Execute `pysys run` with `-XmyPlatform=container` to run these tests
09:16:05 INFO  
</system-out>
	</testcase>
<testcase classname="ApamaPluginInstallTest" name="SoftwareManagement.Plugin.apama_plugin_install" />
<testcase classname="ApamaPluginInstallTest" name="SoftwareManagement.Plugin.apama_plugin_install" />
</testsuite><testsuite name="SoftwareManagement.Plugin.apama_plugin_mon_support" tests="3" errors="0" failures="0" skipped="1" time="0"><testcase classname="ApamaPluginMonSupportTest" name="SoftwareManagement.Plugin.apama_plugin_mon_support">
		<skipped message="SKIPPED: Apama plugin tests are disabled by default. Execute `pysys run` with `-XmyPlatform=container` to run these tests" />
		<system-out>09:16:05 INFO  ==============================================================
09:16:05 INFO  Id:    SoftwareManagement.Plugin.apama_plugin_mon_support
09:16:05 INFO  Dir:   plugin_apama/
09:16:05 INFO  Title: Validate mon file support of apama plugin
09:16:05 INFO  ==============================================================
09:16:05 INFO  Apama plugin tests are disabled by default. Execute `pysys run` with `-XmyPlatform=container` to run these tests ... skipped
09:16:05 WARN  Aborted test due to SKIPPED outcome
09:16:05 INFO  
09:16:05 INFO  Test duration: 0.02 secs
09:16:05 INFO  Test final outcome:  SKIPPED
09:16:05 INFO  Test outcome reason: Apama plugin tests are disabled by default. Execute `pysys run` with `-XmyPlatform=container` to run these tests
09:16:05 INFO  
</system-out>
	</testcase>
<testcase classname="ApamaPluginMonSupportTest" name="SoftwareManagement.Plugin.apama_plugin_mon_support" />
<testcase classname="ApamaPluginMonSupportTest" name="SoftwareManagement.Plugin.apama_plugin_mon_support" />
</testsuite><testsuite name="SoftwareManagement.Plugin.apama_plugin_remove" tests="3" errors="0" failures="0" skipped="1" time="0"><testcase classname="ApamaPluginRemoveTest" name="SoftwareManagement.Plugin.apama_plugin_remove">
		<skipped message="SKIPPED: Apama plugin tests are disabled by default. Execute `pysys run` with `-XmyPlatform=container` to run these tests" />
		<system-out>09:16:05 INFO  ==============================================================
09:16:05 INFO  Id:    SoftwareManagement.Plugin.apama_plugin_remove
09:16:05 INFO  Dir:   plugin_apama/
09:16:05 INFO  Title: Validate apama plugin remove
09:16:05 INFO  ==============================================================
09:16:05 INFO  Apama plugin tests are disabled by default. Execute `pysys run` with `-XmyPlatform=container` to run these tests ... skipped
09:16:05 WARN  Aborted test due to SKIPPED outcome
09:16:05 INFO  
09:16:05 INFO  Test duration: 0.03 secs
09:16:05 INFO  Test final outcome:  SKIPPED
09:16:05 INFO  Test outcome reason: Apama plugin tests are disabled by default. Execute `pysys run` with `-XmyPlatform=container` to run these tests
09:16:05 INFO  
</system-out>
	</testcase>
<testcase classname="ApamaPluginRemoveTest" name="SoftwareManagement.Plugin.apama_plugin_remove" />
<testcase classname="ApamaPluginRemoveTest" name="SoftwareManagement.Plugin.apama_plugin_remove" />
</testsuite><testsuite name="SoftwareManagement.Plugin.apama_plugin_update" tests="3" errors="0" failures="2" skipped="1" time="0"><testcase classname="ApamaPluginUpdateTest" name="SoftwareManagement.Plugin.apama_plugin_update">
		<skipped message="SKIPPED: Apama plugin tests are disabled by default. Execute `pysys run` with `-XmyPlatform=container` to run these tests" />
		<system-out>09:16:05 INFO  ==============================================================
09:16:05 INFO  Id:    SoftwareManagement.Plugin.apama_plugin_update
09:16:05 INFO  Dir:   plugin_apama/
09:16:05 INFO  Title: Validate apama plugin updating one project with another
09:16:05 INFO  ==============================================================
09:16:05 INFO  Apama plugin tests are disabled by default. Execute `pysys run` with `-XmyPlatform=container` to run these tests ... skipped
09:16:05 WARN  Aborted test due to SKIPPED outcome
09:16:05 INFO  
09:16:05 INFO  Test duration: 0.02 secs
09:16:05 INFO  Test final outcome:  SKIPPED
09:16:05 INFO  Test outcome reason: Apama plugin tests are disabled by default. Execute `pysys run` with `-XmyPlatform=container` to run these tests
09:16:05 INFO  
</system-out>
	</testcase>
<testcase classname="ApamaPluginUpdateTest" name="SoftwareManagement.Plugin.apama_plugin_update">
		<failure message="BLOCKED: sudo&lt;plugin_install&gt; returned non-zero exit code 2" type="BLOCKED" />
		<system-out>10:07:44 INFO  ==============================================================
10:07:44 INFO  Id:    SoftwareManagement.Plugin.apama_plugin_update
10:07:44 INFO  Dir:   plugin_apama/
10:07:44 INFO  Title: Validate apama plugin updating one project with another
10:07:44 INFO  ==============================================================
10:07:44 INFO  Assertion that path exists=False for "/etc/tedge/apama/project" ... passed
10:07:45 INFO  Executed sudo&lt;create_project_dir&gt;, exit status 0
10:07:45 INFO  Executed sudo&lt;unzip_apama_project&gt;, exit status 0
10:07:46 INFO  Executed sudo&lt;move_apama_project&gt;, exit status 0
10:07:47 INFO  Executed sudo&lt;restart_apama_service&gt;, exit status 0
10:07:47 INFO  Executed sudo&lt;apama_correlator_wait&gt;, exit status 0
10:07:47 INFO  Assertion that path exists=True for "/etc/tedge/apama/project" ... passed
10:07:48 INFO  Executed sudo&lt;apama_list_monitors&gt;, exit status 0
10:07:48 INFO  Grep on file /home/pi/actions-runner/_work/thin-edge.io/thin-edge.io/tests/PySys/plugin_apama/apama_plugin_update/Output/linux/apama_list_monitors.out ... passed
10:07:49 WARN  Executed sudo&lt;plugin_install&gt;, exit status 2
10:07:49 INFO  Contents of plugin_install.err: 
  ERROR: Directory not empty (os error 39)
  -----

10:07:49 WARN  sudo&lt;plugin_install&gt; returned non-zero exit code 2 ... blocked [run.py:35]
10:07:49 WARN  Aborted test due to BLOCKED outcome
10:07:49 INFO  
10:07:49 INFO  cleanup:
10:07:49 INFO  Removing apama project
10:08:04 INFO  Executed sudo&lt;stop_apama_service&gt;, exit status 0, duration 15 secs
10:08:05 INFO  Executed sudo&lt;remove_apama_project&gt;, exit status 0
10:08:05 INFO  Executed sudo&lt;remove_apama_tmp_dir&gt;, exit status 0
10:08:05 INFO  
10:08:05 INFO  Test duration: 21.33 secs
10:08:05 INFO  Test final outcome:  BLOCKED
10:08:05 INFO  Test outcome reason: sudo&lt;plugin_install&gt; returned non-zero exit code 2
10:08:05 INFO  
</system-out>
	</testcase>
<testcase classname="ApamaPluginUpdateTest" name="SoftwareManagement.Plugin.apama_plugin_update">
		<failure message="BLOCKED: sudo&lt;plugin_install&gt; returned non-zero exit code 2" type="BLOCKED" />
		<system-out>10:16:22 INFO  ==============================================================
10:16:22 INFO  Id:    SoftwareManagement.Plugin.apama_plugin_update
10:16:22 INFO  Dir:   plugin_apama/
10:16:22 INFO  Title: Validate apama plugin updating one project with another
10:16:22 INFO  ==============================================================
10:16:22 INFO  Assertion that path exists=False for "/etc/tedge/apama/project" ... passed
10:16:22 INFO  Executed sudo&lt;create_project_dir&gt;, exit status 0
10:16:23 INFO  Executed sudo&lt;unzip_apama_project&gt;, exit status 0
10:16:24 INFO  Executed sudo&lt;move_apama_project&gt;, exit status 0
10:16:24 INFO  Executed sudo&lt;restart_apama_service&gt;, exit status 0
10:16:25 INFO  Executed sudo&lt;apama_correlator_wait&gt;, exit status 0
10:16:25 INFO  Assertion that path exists=True for "/etc/tedge/apama/project" ... passed
10:16:26 INFO  Executed sudo&lt;apama_list_monitors&gt;, exit status 0
10:16:26 INFO  Grep on file /home/pi/actions-runner/_work/thin-edge.io/thin-edge.io/tests/PySys/plugin_apama/apama_plugin_update/Output/linux/apama_list_monitors.out ... passed
10:16:27 WARN  Executed sudo&lt;plugin_install&gt;, exit status 2
10:16:27 INFO  Contents of plugin_install.err: 
  ERROR: Directory not empty (os error 39)
  -----

10:16:27 WARN  sudo&lt;plugin_install&gt; returned non-zero exit code 2 ... blocked [run.py:35]
10:16:27 WARN  Aborted test due to BLOCKED outcome
10:16:27 INFO  
10:16:27 INFO  cleanup:
10:16:27 INFO  Removing apama project
10:16:42 INFO  Executed sudo&lt;stop_apama_service&gt;, exit status 0, duration 15 secs
10:16:43 INFO  Executed sudo&lt;remove_apama_project&gt;, exit status 0
10:16:43 INFO  Executed sudo&lt;remove_apama_tmp_dir&gt;, exit status 0
10:16:43 INFO  
10:16:43 INFO  Test duration: 21.38 secs
10:16:43 INFO  Test final outcome:  BLOCKED
10:16:43 INFO  Test outcome reason: sudo&lt;plugin_install&gt; returned non-zero exit code 2
10:16:43 INFO  
</system-out>
	</testcase>
</testsuite><testsuite name="SoftwareManagement.sm_apt_install_download_path" tests="3" errors="0" failures="2" skipped="1" time="0"><testcase classname="AptInstallWithDownloadPath" name="SoftwareManagement.sm_apt_install_download_path">
		<skipped message="SKIPPED: Testing the apt plugin is not supported on this platform.Use parameter -XmyPlatform='container' to enable it" />
		<system-out>09:25:41 INFO  ==============================================================
09:25:41 INFO  Id:    SoftwareManagement.sm_apt_install_download_path
09:25:41 INFO  Dir:   software_management_end_to_end/
09:25:41 INFO  Title: Install package to directory specified in tedge config set tmp.path
09:25:41 INFO  ==============================================================
09:25:41 INFO  Testing the apt plugin is not supported on this platform.Use parameter -XmyPlatform='container' to enable it ... skipped
09:25:41 WARN  Aborted test due to SKIPPED outcome
09:25:41 INFO  
09:25:41 INFO  Test duration: 0.07 secs
09:25:41 INFO  Test final outcome:  SKIPPED
09:25:41 INFO  Test outcome reason: Testing the apt plugin is not supported on this platform.Use parameter -XmyPlatform='container' to enable it
09:25:41 INFO  
</system-out>
	</testcase>
<testcase classname="AptInstallWithDownloadPath" name="SoftwareManagement.sm_apt_install_download_path">
		<failure message="BLOCKED: AssertionError: (+1 other failures)" type="BLOCKED" />
		<system-out>09:49:37 INFO  ==============================================================
09:49:37 INFO  Id:    SoftwareManagement.sm_apt_install_download_path
09:49:37 INFO  Dir:   software_management_end_to_end/
09:49:37 INFO  Title: Install package to directory specified in tedge config set tmp.path
09:49:37 INFO  ==============================================================
09:49:37 INFO  Using sw id database: {'asciijump': '5475369', 'robotfindskitten': '5474869', 'squirrel3': '5475279', 'rolldice': '5152439', 'moon-buggy': '5439204', 'apple': '5495053', 'banana': '5494888', 'cherry': '5495382', 'watermelon': '5494510', 'registry': '8018911', 'hello-world': '8021526', 'docker/getting-started': '8021973', 'alpine': '7991792'}
09:49:37 INFO  EnvironmentC8y Setup
09:49:38 INFO  Executed systemctl&lt;serv_mapper1&gt;, exit status 3
09:49:52 INFO  Executed sudo&lt;tedge_connect_c8y&gt;, exit status 0, duration 14 secs
09:49:54 INFO  Executed sudo&lt;tedge_connect_c8y_test&gt;, exit status 0
09:49:55 INFO  Executed systemctl&lt;serv_mosq2&gt;, exit status 0
09:49:56 INFO  Executed systemctl&lt;serv_mapper3&gt;, exit status 0
09:49:58 ERROR No operations found, assuming it passed
09:49:58 INFO  Package rolldice is installed
09:49:59 WARN  Assert that (False == value) with value=True ... failed 
09:50:00 INFO  Executed sudo, exit status 0
09:50:00 INFO  Executed sudo, exit status 0
09:50:01 INFO  Executed sudo, exit status 0
09:50:05 INFO  Executed sudo&lt;tedge_disconnect_c8y&gt;, exit status 0
09:50:05 INFO  Restarting mosquitto too frequently in the last 10 seconds. It was only up for 3 seconds
09:50:05 INFO  Delaying execution by 8 seconds
09:50:27 INFO  Executed sudo&lt;tedge_connect_c8y&gt;, exit status 0, duration 14 secs
09:50:27 INFO  Response status: 201
09:50:27 INFO  Response to action: {
    "creationTime": "2022-07-27T09:50:27.705Z",
    "deviceId": "21453471",
    "deviceName": "m32sd10d",
    "self": "https://t493319102.eu-latest.cumulocity.com/devicecontrol/operations/21474173",
    "id": "21474173",
    "status": "PENDING",
    "description": "Apply software changes, triggered from PySys: [{'name': 'rolldice', 'id': '5152439', 'version': '::apt', 'url': 'https://thin-edge-io.eu-latest.cumulocity.com/inventory/binaries/12435463', 'action': 'install'}]",
    "c8y_SoftwareUpdate": [
        {
            "name": "rolldice",
            "action": "install",
            "id": "5152439",
            "version": "::apt",
            "url": "https://thin-edge-io.eu-latest.cumulocity.com/inventory/binaries/12435463"
        }
    ]
}
09:50:27 INFO  Started operation: {'creationTime': '2022-07-27T09:50:27.705Z', 'deviceId': '21453471', 'deviceName': 'm32sd10d', 'self': 'https://t493319102.eu-latest.cumulocity.com/devicecontrol/operations/21474173', 'id': '21474173', 'status': 'PENDING', 'description': "Apply software changes, triggered from PySys: [{'name': 'rolldice', 'id': '5152439', 'version': '::apt', 'url': 'https://thin-edge-io.eu-latest.cumulocity.com/inventory/binaries/12435463', 'action': 'install'}]", 'c8y_SoftwareUpdate': [{'name': 'rolldice', 'action': 'install', 'id': '5152439', 'version': '::apt', 'url': 'https://thin-edge-io.eu-latest.cumulocity.com/inventory/binaries/12435463'}]}
09:50:27 WARN  , retrying in 0.5 seconds...
09:50:28 WARN  , retrying in 0.5 seconds...
09:50:28 WARN  , retrying in 0.5 seconds...
09:50:29 WARN  , retrying in 0.5 seconds...
09:50:29 WARN  , retrying in 0.5 seconds...
09:50:30 WARN  , retrying in 0.5 seconds...
09:50:30 WARN  , retrying in 0.5 seconds...
09:50:31 WARN  , retrying in 0.5 seconds...
09:50:31 WARN  , retrying in 0.5 seconds...
09:50:32 WARN  AssertionError occurred while running test - 
Traceback (most recent call last):
  File "/home/pi/env-pysys/lib/python3.7/site-packages/pysys/baserunner.py", line 1294, in __call__
    self.testObj.execute()
  File "/home/pi/actions-runner/_work/thin-edge.io/thin-edge.io/tests/PySys/software_management_end_to_end/sm_apt_install_download_path/run.py", line 83, in execute
    assert_install_in_download_path(install_directory=self.DOWNLOAD_DIR)
  File "/home/pi/env-pysys/lib/python3.7/site-packages/decorator.py", line 232, in fun
    return caller(func, *(extras + args), **kw)
  File "/home/pi/env-pysys/lib/python3.7/site-packages/retry/api.py", line 74, in retry_decorator
    logger)
  File "/home/pi/env-pysys/lib/python3.7/site-packages/retry/api.py", line 33, in __retry_internal
    return f()
  File "/home/pi/actions-runner/_work/thin-edge.io/thin-edge.io/tests/PySys/software_management_end_to_end/sm_apt_install_download_path/run.py", line 28, in assert_install_in_download_path
    assert "rolldice" in os.listdir(f"{install_directory}")
AssertionError
09:50:32 WARN  AssertionError: ... blocked 
09:50:32 INFO  
09:50:32 INFO  cleanup:
09:50:32 INFO  Executed sudo, exit status 0
09:50:33 INFO  Executed sudo, exit status 0
09:50:37 INFO  Executed sudo&lt;tedge_disconnect_c8y&gt;, exit status 0
09:50:37 INFO  Restarting mosquitto too frequently in the last 10 seconds. It was only up for 3 seconds
09:50:37 INFO  Delaying execution by 8 seconds
09:51:00 INFO  Executed sudo&lt;tedge_connect_c8y&gt;, exit status 0, duration 14 secs
09:51:04 INFO  Executed sudo&lt;tedge_disconnect_c8y&gt;, exit status 0
09:51:05 INFO  Executed systemctl&lt;serv_mapper5&gt;, exit status 3
09:51:05 INFO  
09:51:05 INFO  Test duration: 87.80 secs
09:51:05 INFO  Test final outcome:  BLOCKED
09:51:05 INFO  Test outcome reason: AssertionError: (+1 other failures)
09:51:05 INFO  
</system-out>
	</testcase>
<testcase classname="AptInstallWithDownloadPath" name="SoftwareManagement.sm_apt_install_download_path">
		<failure message="BLOCKED: AssertionError:" type="BLOCKED" />
		<system-out>10:16:43 INFO  ==============================================================
10:16:43 INFO  Id:    SoftwareManagement.sm_apt_install_download_path
10:16:43 INFO  Dir:   software_management_end_to_end/
10:16:43 INFO  Title: Install package to directory specified in tedge config set tmp.path
10:16:43 INFO  ==============================================================
10:16:45 INFO  Using sw id database: {'asciijump': '5475369', 'robotfindskitten': '5474869', 'squirrel3': '5475279', 'rolldice': '5152439', 'moon-buggy': '5439204', 'apple': '5495053', 'banana': '5494888', 'cherry': '5495382', 'watermelon': '5494510', 'registry': '8018911', 'hello-world': '8021526', 'docker/getting-started': '8021973', 'alpine': '7991792'}
10:16:45 INFO  EnvironmentC8y Setup
10:16:45 INFO  Executed systemctl&lt;serv_mapper1&gt;, exit status 3
10:16:59 INFO  Executed sudo&lt;tedge_connect_c8y&gt;, exit status 0, duration 13 secs
10:17:00 INFO  Executed sudo&lt;tedge_connect_c8y_test&gt;, exit status 0
10:17:00 INFO  Executed systemctl&lt;serv_mosq2&gt;, exit status 0
10:17:01 INFO  Executed systemctl&lt;serv_mapper3&gt;, exit status 0
10:17:03 INFO  State of current operation: SUCCESSFUL
10:17:03 INFO  Assert that (False == value) with value=False ... passed
10:17:04 INFO  Executed sudo, exit status 0
10:17:04 INFO  Executed sudo, exit status 0
10:17:05 INFO  Executed sudo, exit status 0
10:17:09 INFO  Executed sudo&lt;tedge_disconnect_c8y&gt;, exit status 0
10:17:09 INFO  Restarting mosquitto too frequently in the last 10 seconds. It was only up for 3 seconds
10:17:09 INFO  Delaying execution by 8 seconds
10:17:32 INFO  Executed sudo&lt;tedge_connect_c8y&gt;, exit status 0, duration 14 secs
10:17:32 INFO  Response status: 201
10:17:32 INFO  Response to action: {
    "delivery": {
        "log": [],
        "time": "2022-07-27T10:17:32.512Z",
        "status": "PENDING"
    },
    "creationTime": "2022-07-27T10:17:32.498Z",
    "deviceId": "21453471",
    "deviceName": "m32sd10d",
    "self": "https://t493319102.eu-latest.cumulocity.com/devicecontrol/operations/21474340",
    "id": "21474340",
    "status": "PENDING",
    "description": "Apply software changes, triggered from PySys: [{'name': 'rolldice', 'id': '5152439', 'version': '::apt', 'url': 'https://thin-edge-io.eu-latest.cumulocity.com/inventory/binaries/12435463', 'action': 'install'}]",
    "c8y_SoftwareUpdate": [
        {
            "name": "rolldice",
            "action": "install",
            "id": "5152439",
            "version": "::apt",
            "url": "https://thin-edge-io.eu-latest.cumulocity.com/inventory/binaries/12435463"
        }
    ]
}
10:17:32 INFO  Started operation: {'delivery': {'log': [], 'time': '2022-07-27T10:17:32.512Z', 'status': 'PENDING'}, 'creationTime': '2022-07-27T10:17:32.498Z', 'deviceId': '21453471', 'deviceName': 'm32sd10d', 'self': 'https://t493319102.eu-latest.cumulocity.com/devicecontrol/operations/21474340', 'id': '21474340', 'status': 'PENDING', 'description': "Apply software changes, triggered from PySys: [{'name': 'rolldice', 'id': '5152439', 'version': '::apt', 'url': 'https://thin-edge-io.eu-latest.cumulocity.com/inventory/binaries/12435463', 'action': 'install'}]", 'c8y_SoftwareUpdate': [{'name': 'rolldice', 'action': 'install', 'id': '5152439', 'version': '::apt', 'url': 'https://thin-edge-io.eu-latest.cumulocity.com/inventory/binaries/12435463'}]}
10:17:32 WARN  , retrying in 0.5 seconds...
10:17:33 WARN  , retrying in 0.5 seconds...
10:17:33 WARN  , retrying in 0.5 seconds...
10:17:34 WARN  , retrying in 0.5 seconds...
10:17:34 WARN  , retrying in 0.5 seconds...
10:17:35 WARN  , retrying in 0.5 seconds...
10:17:35 WARN  , retrying in 0.5 seconds...
10:17:36 WARN  , retrying in 0.5 seconds...
10:17:36 WARN  , retrying in 0.5 seconds...
10:17:37 WARN  AssertionError occurred while running test - 
Traceback (most recent call last):
  File "/home/pi/env-pysys/lib/python3.7/site-packages/pysys/baserunner.py", line 1294, in __call__
    self.testObj.execute()
  File "/home/pi/actions-runner/_work/thin-edge.io/thin-edge.io/tests/PySys/software_management_end_to_end/sm_apt_install_download_path/run.py", line 83, in execute
    assert_install_in_download_path(install_directory=self.DOWNLOAD_DIR)
  File "/home/pi/env-pysys/lib/python3.7/site-packages/decorator.py", line 232, in fun
    return caller(func, *(extras + args), **kw)
  File "/home/pi/env-pysys/lib/python3.7/site-packages/retry/api.py", line 74, in retry_decorator
    logger)
  File "/home/pi/env-pysys/lib/python3.7/site-packages/retry/api.py", line 33, in __retry_internal
    return f()
  File "/home/pi/actions-runner/_work/thin-edge.io/thin-edge.io/tests/PySys/software_management_end_to_end/sm_apt_install_download_path/run.py", line 28, in assert_install_in_download_path
    assert "rolldice" in os.listdir(f"{install_directory}")
AssertionError
10:17:37 WARN  AssertionError: ... blocked 
10:17:37 INFO  
10:17:37 INFO  cleanup:
10:17:37 INFO  Executed sudo, exit status 0
10:17:38 INFO  Executed sudo, exit status 0
10:17:42 INFO  Executed sudo&lt;tedge_disconnect_c8y&gt;, exit status 0
10:17:43 INFO  Restarting mosquitto too frequently in the last 10 seconds. It was only up for 4 seconds
10:17:43 INFO  Delaying execution by 7 seconds
10:18:04 INFO  Executed sudo&lt;tedge_connect_c8y&gt;, exit status 0, duration 14 secs
10:18:08 INFO  Executed sudo&lt;tedge_disconnect_c8y&gt;, exit status 0
10:18:09 INFO  Executed systemctl&lt;serv_mapper5&gt;, exit status 3
10:18:09 INFO  
10:18:09 INFO  Test duration: 85.46 secs
10:18:09 INFO  Test final outcome:  BLOCKED
10:18:09 INFO  Test outcome reason: AssertionError:
10:18:09 INFO  
</system-out>
	</testcase>
</testsuite><testsuite name="SoftwareManagement.sm_apt_install_fail" tests="3" errors="0" failures="0" skipped="1" time="0"><testcase classname="PySysTest" name="SoftwareManagement.sm_apt_install_fail">
		<skipped message="SKIPPED: Testing the apt plugin is not supported on this platform.Use parameter -XmyPlatform='container' to enable it" />
		<system-out>09:25:41 INFO  ==============================================================
09:25:41 INFO  Id:    SoftwareManagement.sm_apt_install_fail
09:25:41 INFO  Dir:   software_management_end_to_end/
09:25:41 INFO  Title: Validate end to end behaviour for a failing installation
09:25:41 INFO  ==============================================================
09:25:41 INFO  Testing the apt plugin is not supported on this platform.Use parameter -XmyPlatform='container' to enable it ... skipped
09:25:41 WARN  Aborted test due to SKIPPED outcome
09:25:41 INFO  
09:25:41 INFO  Test duration: 0.02 secs
09:25:41 INFO  Test final outcome:  SKIPPED
09:25:41 INFO  Test outcome reason: Testing the apt plugin is not supported on this platform.Use parameter -XmyPlatform='container' to enable it
09:25:41 INFO  
</system-out>
	</testcase>
<testcase classname="PySysTest" name="SoftwareManagement.sm_apt_install_fail" />
<testcase classname="PySysTest" name="SoftwareManagement.sm_apt_install_fail" />
</testsuite><testsuite name="SoftwareManagement.sm_apt_install_remove" tests="3" errors="0" failures="1" skipped="1" time="0"><testcase classname="PySysTest" name="SoftwareManagement.sm_apt_install_remove">
		<skipped message="SKIPPED: Testing the apt plugin is not supported on this platform.Use parameter -XmyPlatform='container' to enable it" />
		<system-out>09:25:41 INFO  ==============================================================
09:25:41 INFO  Id:    SoftwareManagement.sm_apt_install_remove
09:25:41 INFO  Dir:   software_management_end_to_end/
09:25:41 INFO  Title: Validate end to end behaviour for the apt plugin for installation and removal of packages
09:25:41 INFO  ==============================================================
09:25:41 INFO  Testing the apt plugin is not supported on this platform.Use parameter -XmyPlatform='container' to enable it ... skipped
09:25:41 WARN  Aborted test due to SKIPPED outcome
09:25:41 INFO  
09:25:41 INFO  Test duration: 0.02 secs
09:25:41 INFO  Test final outcome:  SKIPPED
09:25:41 INFO  Test outcome reason: Testing the apt plugin is not supported on this platform.Use parameter -XmyPlatform='container' to enable it
09:25:41 INFO  
</system-out>
	</testcase>
<testcase classname="PySysTest" name="SoftwareManagement.sm_apt_install_remove">
		<failure message="FAILED: Assert that (False == value) with value=True" type="FAILED" />
		<system-out>09:52:41 INFO  ==============================================================
09:52:41 INFO  Id:    SoftwareManagement.sm_apt_install_remove
09:52:41 INFO  Dir:   software_management_end_to_end/
09:52:41 INFO  Title: Validate end to end behaviour for the apt plugin for installation and removal of packages
09:52:41 INFO  ==============================================================
09:52:41 INFO  Using sw id database: {'asciijump': '5475369', 'robotfindskitten': '5474869', 'squirrel3': '5475279', 'rolldice': '5152439', 'moon-buggy': '5439204', 'apple': '5495053', 'banana': '5494888', 'cherry': '5495382', 'watermelon': '5494510', 'registry': '8018911', 'hello-world': '8021526', 'docker/getting-started': '8021973', 'alpine': '7991792'}
09:52:41 INFO  EnvironmentC8y Setup
09:52:42 INFO  Executed systemctl&lt;serv_mapper1&gt;, exit status 3
09:52:42 INFO  Restarting mosquitto too frequently in the last 10 seconds. It was only up for 5 seconds
09:52:42 INFO  Delaying execution by 6 seconds
09:53:02 INFO  Executed sudo&lt;tedge_connect_c8y&gt;, exit status 0, duration 13 secs
09:53:03 INFO  Executed sudo&lt;tedge_connect_c8y_test&gt;, exit status 0
09:53:03 INFO  Executed systemctl&lt;serv_mosq2&gt;, exit status 0
09:53:04 INFO  Executed systemctl&lt;serv_mapper3&gt;, exit status 0
09:53:06 INFO  State of current operation: FAILED
09:53:06 INFO  Package rolldice is installed
09:53:11 INFO  Package rolldice is installed
09:53:11 WARN  Assert that (False == value) with value=True ... failed 
09:53:11 INFO  Response status: 201
09:53:11 INFO  Response to action: {
    "delivery": {
        "log": [],
        "time": "2022-07-27T09:53:11.322Z",
        "status": "PENDING"
    },
    "creationTime": "2022-07-27T09:53:11.292Z",
    "deviceId": "21453471",
    "deviceName": "m32sd10d",
    "self": "https://t493319102.eu-latest.cumulocity.com/devicecontrol/operations/21474194",
    "id": "21474194",
    "status": "PENDING",
    "description": "Apply software changes, triggered from PySys: [{'name': 'rolldice', 'id': '5152439', 'version': '::apt', 'url': '', 'action': 'install'}]",
    "c8y_SoftwareUpdate": [
        {
            "name": "rolldice",
            "action": "install",
            "id": "5152439",
            "version": "::apt",
            "url": ""
        }
    ]
}
09:53:11 INFO  Started operation: {'delivery': {'log': [], 'time': '2022-07-27T09:53:11.322Z', 'status': 'PENDING'}, 'creationTime': '2022-07-27T09:53:11.292Z', 'deviceId': '21453471', 'deviceName': 'm32sd10d', 'self': 'https://t493319102.eu-latest.cumulocity.com/devicecontrol/operations/21474194', 'id': '21474194', 'status': 'PENDING', 'description': "Apply software changes, triggered from PySys: [{'name': 'rolldice', 'id': '5152439', 'version': '::apt', 'url': '', 'action': 'install'}]", 'c8y_SoftwareUpdate': [{'name': 'rolldice', 'action': 'install', 'id': '5152439', 'version': '::apt', 'url': ''}]}
09:53:13 INFO  State of operation 21474194 : PENDING
09:53:15 INFO  State of operation 21474194 : EXECUTING
09:53:18 INFO  State of operation 21474194 : EXECUTING
09:53:20 INFO  State of operation 21474194 : EXECUTING
09:53:22 INFO  State of operation 21474194 : EXECUTING
09:53:24 INFO  State of operation 21474194 : EXECUTING
09:53:27 INFO  State of operation 21474194 : EXECUTING
09:53:30 INFO  State of operation 21474194 : EXECUTING
09:53:32 INFO  State of operation 21474194 : EXECUTING
09:53:34 INFO  State of operation 21474194 : EXECUTING
09:53:37 INFO  State of operation 21474194 : EXECUTING
09:53:39 INFO  State of operation 21474194 : EXECUTING
09:53:41 INFO  State of operation 21474194 : EXECUTING
09:53:43 INFO  State of operation 21474194 : EXECUTING
09:53:46 INFO  State of operation 21474194 : EXECUTING
09:53:49 INFO  State of operation 21474194 : EXECUTING
09:53:51 INFO  State of operation 21474194 : EXECUTING
09:53:53 INFO  State of operation 21474194 : EXECUTING
09:53:55 INFO  State of operation 21474194 : EXECUTING
09:53:58 INFO  State of operation 21474194 : EXECUTING
09:54:00 INFO  State of operation 21474194 : EXECUTING
09:54:03 INFO  State of operation 21474194 : EXECUTING
09:54:05 INFO  State of operation 21474194 : EXECUTING
09:54:08 INFO  State of operation 21474194 : EXECUTING
09:54:10 INFO  State of operation 21474194 : EXECUTING
09:54:13 INFO  State of operation 21474194 : EXECUTING
09:54:15 INFO  State of operation 21474194 : EXECUTING
09:54:18 INFO  State of operation 21474194 : EXECUTING
09:54:20 INFO  State of operation 21474194 : EXECUTING
09:54:22 INFO  State of operation 21474194 : EXECUTING
09:54:24 INFO  State of operation 21474194 : EXECUTING
09:54:27 INFO  State of operation 21474194 : SUCCESSFUL
09:54:27 INFO  Package rolldice is installed
09:54:27 INFO  Assert that (True == value) with value=True ... passed
09:54:27 INFO  Response status: 201
09:54:27 INFO  Response to action: {
    "delivery": {
        "log": [],
        "time": "2022-07-27T09:54:27.634Z",
        "status": "PENDING"
    },
    "creationTime": "2022-07-27T09:54:27.585Z",
    "deviceId": "21453471",
    "deviceName": "m32sd10d",
    "self": "https://t493319102.eu-latest.cumulocity.com/devicecontrol/operations/21474206",
    "id": "21474206",
    "status": "PENDING",
    "description": "Apply software changes, triggered from PySys: [{'name': 'rolldice', 'id': '5152439', 'version': '::apt', 'url': '', 'action': 'delete'}]",
    "c8y_SoftwareUpdate": [
        {
            "name": "rolldice",
            "action": "delete",
            "id": "5152439",
            "version": "::apt",
            "url": ""
        }
    ]
}
09:54:27 INFO  Started operation: {'delivery': {'log': [], 'time': '2022-07-27T09:54:27.634Z', 'status': 'PENDING'}, 'creationTime': '2022-07-27T09:54:27.585Z', 'deviceId': '21453471', 'deviceName': 'm32sd10d', 'self': 'https://t493319102.eu-latest.cumulocity.com/devicecontrol/operations/21474206', 'id': '21474206', 'status': 'PENDING', 'description': "Apply software changes, triggered from PySys: [{'name': 'rolldice', 'id': '5152439', 'version': '::apt', 'url': '', 'action': 'delete'}]", 'c8y_SoftwareUpdate': [{'name': 'rolldice', 'action': 'delete', 'id': '5152439', 'version': '::apt', 'url': ''}]}
09:54:29 INFO  State of operation 21474206 : PENDING
09:54:32 INFO  State of operation 21474206 : EXECUTING
09:54:34 INFO  State of operation 21474206 : EXECUTING
09:54:36 INFO  State of operation 21474206 : EXECUTING
09:54:38 INFO  State of operation 21474206 : EXECUTING
09:54:40 INFO  State of operation 21474206 : EXECUTING
09:54:43 INFO  State of operation 21474206 : EXECUTING
09:54:46 INFO  State of operation 21474206 : EXECUTING
09:54:49 INFO  State of operation 21474206 : EXECUTING
09:54:51 INFO  State of operation 21474206 : EXECUTING
09:54:53 INFO  State of operation 21474206 : EXECUTING
09:54:56 INFO  State of operation 21474206 : EXECUTING
09:54:58 INFO  State of operation 21474206 : EXECUTING
09:55:00 INFO  State of operation 21474206 : EXECUTING
09:55:03 INFO  State of operation 21474206 : EXECUTING
09:55:05 INFO  State of operation 21474206 : EXECUTING
09:55:08 INFO  State of operation 21474206 : EXECUTING
09:55:10 INFO  State of operation 21474206 : EXECUTING
09:55:12 INFO  State of operation 21474206 : EXECUTING
09:55:15 INFO  State of operation 21474206 : EXECUTING
09:55:17 INFO  State of operation 21474206 : SUCCESSFUL
09:55:17 INFO  Assert that (False == value) with value=False ... passed
09:55:17 INFO  
09:55:17 INFO  cleanup:
09:55:21 INFO  Executed sudo&lt;tedge_disconnect_c8y&gt;, exit status 0
09:55:22 INFO  Executed systemctl&lt;serv_mapper5&gt;, exit status 3
09:55:22 INFO  
09:55:22 INFO  Test duration: 160.31 secs
09:55:22 INFO  Test final outcome:  FAILED
09:55:22 INFO  Test outcome reason: Assert that (False == value) with value=True
09:55:22 INFO  
</system-out>
	</testcase>
<testcase classname="PySysTest" name="SoftwareManagement.sm_apt_install_remove" />
</testsuite><testsuite name="SoftwareManagement.sm_apt_install_remove_default" tests="3" errors="0" failures="0" skipped="1" time="0"><testcase classname="PySysTest" name="SoftwareManagement.sm_apt_install_remove_default">
		<skipped message="SKIPPED: Testing the apt plugin is not supported on this platform.Use parameter -XmyPlatform='container' to enable it" />
		<system-out>09:25:41 INFO  ==============================================================
09:25:41 INFO  Id:    SoftwareManagement.sm_apt_install_remove_default
09:25:41 INFO  Dir:   software_management_end_to_end/
09:25:41 INFO  Title: Validate end to end behaviour for the default plugin for installation and removal of packages
09:25:41 INFO  ==============================================================
09:25:41 INFO  Testing the apt plugin is not supported on this platform.Use parameter -XmyPlatform='container' to enable it ... skipped
09:25:41 WARN  Aborted test due to SKIPPED outcome
09:25:41 INFO  
09:25:41 INFO  Test duration: 0.02 secs
09:25:41 INFO  Test final outcome:  SKIPPED
09:25:41 INFO  Test outcome reason: Testing the apt plugin is not supported on this platform.Use parameter -XmyPlatform='container' to enable it
09:25:41 INFO  
</system-out>
	</testcase>
<testcase classname="PySysTest" name="SoftwareManagement.sm_apt_install_remove_default" />
<testcase classname="PySysTest" name="SoftwareManagement.sm_apt_install_remove_default" />
</testsuite><testsuite name="SoftwareManagement.sm_apt_install_remove_multiple" tests="3" errors="0" failures="2" skipped="1" time="0"><testcase classname="PySysTest" name="SoftwareManagement.sm_apt_install_remove_multiple">
		<skipped message="SKIPPED: Testing the apt plugin is not supported on this platform.Use parameter -XmyPlatform='container' to enable it" />
		<system-out>09:25:41 INFO  ==============================================================
09:25:41 INFO  Id:    SoftwareManagement.sm_apt_install_remove_multiple
09:25:41 INFO  Dir:   software_management_end_to_end/
09:25:41 INFO  Title: Validate end to end behaviour for the apt plugin for multiple packages
09:25:41 INFO  ==============================================================
09:25:41 INFO  Testing the apt plugin is not supported on this platform.Use parameter -XmyPlatform='container' to enable it ... skipped
09:25:41 WARN  Aborted test due to SKIPPED outcome
09:25:41 INFO  
09:25:41 INFO  Test duration: 0.02 secs
09:25:41 INFO  Test final outcome:  SKIPPED
09:25:41 INFO  Test outcome reason: Testing the apt plugin is not supported on this platform.Use parameter -XmyPlatform='container' to enable it
09:25:41 INFO  
</system-out>
	</testcase>
<testcase classname="PySysTest" name="SoftwareManagement.sm_apt_install_remove_multiple">
		<failure message="FAILED: Assert that (False == value) with value=True" type="FAILED" />
		<system-out>09:57:58 INFO  ==============================================================
09:57:58 INFO  Id:    SoftwareManagement.sm_apt_install_remove_multiple
09:57:58 INFO  Dir:   software_management_end_to_end/
09:57:58 INFO  Title: Validate end to end behaviour for the apt plugin for multiple packages
09:57:58 INFO  ==============================================================
09:57:58 INFO  Using sw id database: {'asciijump': '5475369', 'robotfindskitten': '5474869', 'squirrel3': '5475279', 'rolldice': '5152439', 'moon-buggy': '5439204', 'apple': '5495053', 'banana': '5494888', 'cherry': '5495382', 'watermelon': '5494510', 'registry': '8018911', 'hello-world': '8021526', 'docker/getting-started': '8021973', 'alpine': '7991792'}
09:57:58 INFO  EnvironmentC8y Setup
09:57:59 INFO  Executed systemctl&lt;serv_mapper1&gt;, exit status 3
09:57:59 INFO  Restarting mosquitto too frequently in the last 10 seconds. It was only up for 5 seconds
09:57:59 INFO  Delaying execution by 6 seconds
09:58:20 INFO  Executed sudo&lt;tedge_connect_c8y&gt;, exit status 0, duration 15 secs
09:58:21 INFO  Executed sudo&lt;tedge_connect_c8y_test&gt;, exit status 0
09:58:21 INFO  Executed systemctl&lt;serv_mosq2&gt;, exit status 0
09:58:22 INFO  Executed systemctl&lt;serv_mapper3&gt;, exit status 0
09:58:24 INFO  State of current operation: SUCCESSFUL
09:58:24 INFO  Assert that (False == value) with value=False ... passed
09:58:24 INFO  Assert that (False == value) with value=False ... passed
09:58:24 INFO  Assert that (False == value) with value=False ... passed
09:58:25 INFO  Package robotfindskitten is installed
09:58:25 WARN  Assert that (False == value) with value=True ... failed 
09:58:25 INFO  Response status: 201
09:58:25 INFO  Response to action: {
    "delivery": {
        "log": [],
        "time": "2022-07-27T09:58:25.433Z",
        "status": "PENDING"
    },
    "creationTime": "2022-07-27T09:58:25.415Z",
    "deviceId": "21453471",
    "deviceName": "m32sd10d",
    "self": "https://t493319102.eu-latest.cumulocity.com/devicecontrol/operations/21474234",
    "id": "21474234",
    "status": "PENDING",
    "description": "Apply software changes, triggered from PySys: [{'action': 'install', 'id': '5475369', 'name': 'asciijump', 'url': ' ', 'version': '::apt'}, {'action': 'install', 'id': '5474869', 'name': 'robotfindskitten', 'url': ' ', 'version': '::apt'}, {'action': 'install', 'id': '5475279', 'name': 'squirrel3', 'url': ' ', 'version': '::apt'}]",
    "c8y_SoftwareUpdate": [
        {
            "name": "asciijump",
            "action": "install",
            "id": "5475369",
            "version": "::apt",
            "url": " "
        },
        {
            "name": "robotfindskitten",
            "action": "install",
            "id": "5474869",
            "version": "::apt",
            "url": " "
        },
        {
            "name": "squirrel3",
            "action": "install",
            "id": "5475279",
            "version": "::apt",
            "url": " "
        }
    ]
}
09:58:25 INFO  Started operation: {'delivery': {'log': [], 'time': '2022-07-27T09:58:25.433Z', 'status': 'PENDING'}, 'creationTime': '2022-07-27T09:58:25.415Z', 'deviceId': '21453471', 'deviceName': 'm32sd10d', 'self': 'https://t493319102.eu-latest.cumulocity.com/devicecontrol/operations/21474234', 'id': '21474234', 'status': 'PENDING', 'description': "Apply software changes, triggered from PySys: [{'action': 'install', 'id': '5475369', 'name': 'asciijump', 'url': ' ', 'version': '::apt'}, {'action': 'install', 'id': '5474869', 'name': 'robotfindskitten', 'url': ' ', 'version': '::apt'}, {'action': 'install', 'id': '5475279', 'name': 'squirrel3', 'url': ' ', 'version': '::apt'}]", 'c8y_SoftwareUpdate': [{'name': 'asciijump', 'action': 'install', 'id': '5475369', 'version': '::apt', 'url': ' '}, {'name': 'robotfindskitten', 'action': 'install', 'id': '5474869', 'version': '::apt', 'url': ' '}, {'name': 'squirrel3', 'action': 'install', 'id': '5475279', 'version': '::apt', 'url': ' '}]}
09:58:27 INFO  State of operation 21474234 : PENDING
09:58:29 INFO  State of operation 21474234 : EXECUTING
09:58:32 INFO  State of operation 21474234 : EXECUTING
09:58:34 INFO  State of operation 21474234 : EXECUTING
09:58:36 INFO  State of operation 21474234 : EXECUTING
09:58:38 INFO  State of operation 21474234 : EXECUTING
09:58:41 INFO  State of operation 21474234 : EXECUTING
09:58:44 INFO  State of operation 21474234 : EXECUTING
09:58:46 INFO  State of operation 21474234 : EXECUTING
09:58:49 INFO  State of operation 21474234 : EXECUTING
09:58:51 INFO  State of operation 21474234 : EXECUTING
09:58:53 INFO  State of operation 21474234 : EXECUTING
09:58:56 INFO  State of operation 21474234 : EXECUTING
09:58:58 INFO  State of operation 21474234 : EXECUTING
09:59:00 INFO  State of operation 21474234 : EXECUTING
09:59:02 INFO  State of operation 21474234 : EXECUTING
09:59:05 INFO  State of operation 21474234 : EXECUTING
09:59:08 INFO  State of operation 21474234 : EXECUTING
09:59:10 INFO  State of operation 21474234 : EXECUTING
09:59:12 INFO  State of operation 21474234 : EXECUTING
09:59:15 INFO  State of operation 21474234 : EXECUTING
09:59:17 INFO  State of operation 21474234 : EXECUTING
09:59:19 INFO  State of operation 21474234 : EXECUTING
09:59:22 INFO  State of operation 21474234 : EXECUTING
09:59:24 INFO  State of operation 21474234 : EXECUTING
09:59:27 INFO  State of operation 21474234 : EXECUTING
09:59:29 INFO  State of operation 21474234 : EXECUTING
09:59:32 INFO  State of operation 21474234 : EXECUTING
09:59:34 INFO  State of operation 21474234 : EXECUTING
09:59:36 INFO  State of operation 21474234 : EXECUTING
09:59:38 INFO  State of operation 21474234 : EXECUTING
09:59:41 INFO  State of operation 21474234 : EXECUTING
09:59:43 INFO  State of operation 21474234 : EXECUTING
09:59:45 INFO  State of operation 21474234 : SUCCESSFUL
09:59:45 INFO  Assert that (False == value) with value=False ... passed
09:59:46 INFO  Package asciijump is installed
09:59:46 INFO  Assert that (True == value) with value=True ... passed
09:59:46 INFO  Package squirrel3 is installed
09:59:46 INFO  Assert that (True == value) with value=True ... passed
09:59:46 INFO  Package robotfindskitten is installed
09:59:46 INFO  Assert that (True == value) with value=True ... passed
09:59:46 INFO  Response status: 201
09:59:46 INFO  Response to action: {
    "delivery": {
        "log": [],
        "time": "2022-07-27T09:59:46.730Z",
        "status": "PENDING"
    },
    "creationTime": "2022-07-27T09:59:46.714Z",
    "deviceId": "21453471",
    "deviceName": "m32sd10d",
    "self": "https://t493319102.eu-latest.cumulocity.com/devicecontrol/operations/21474246",
    "id": "21474246",
    "status": "PENDING",
    "description": "Apply software changes, triggered from PySys: [{'action': 'delete', 'id': '5475369', 'name': 'asciijump', 'url': ' ', 'version': '::apt'}, {'action': 'delete', 'id': '5474869', 'name': 'robotfindskitten', 'url': ' ', 'version': '::apt'}, {'action': 'delete', 'id': '5475279', 'name': 'squirrel3', 'url': ' ', 'version': '::apt'}]",
    "c8y_SoftwareUpdate": [
        {
            "name": "asciijump",
            "action": "delete",
            "id": "5475369",
            "version": "::apt",
            "url": " "
        },
        {
            "name": "robotfindskitten",
            "action": "delete",
            "id": "5474869",
            "version": "::apt",
            "url": " "
        },
        {
            "name": "squirrel3",
            "action": "delete",
            "id": "5475279",
            "version": "::apt",
            "url": " "
        }
    ]
}
09:59:46 INFO  Started operation: {'delivery': {'log': [], 'time': '2022-07-27T09:59:46.730Z', 'status': 'PENDING'}, 'creationTime': '2022-07-27T09:59:46.714Z', 'deviceId': '21453471', 'deviceName': 'm32sd10d', 'self': 'https://t493319102.eu-latest.cumulocity.com/devicecontrol/operations/21474246', 'id': '21474246', 'status': 'PENDING', 'description': "Apply software changes, triggered from PySys: [{'action': 'delete', 'id': '5475369', 'name': 'asciijump', 'url': ' ', 'version': '::apt'}, {'action': 'delete', 'id': '5474869', 'name': 'robotfindskitten', 'url': ' ', 'version': '::apt'}, {'action': 'delete', 'id': '5475279', 'name': 'squirrel3', 'url': ' ', 'version': '::apt'}]", 'c8y_SoftwareUpdate': [{'name': 'asciijump', 'action': 'delete', 'id': '5475369', 'version': '::apt', 'url': ' '}, {'name': 'robotfindskitten', 'action': 'delete', 'id': '5474869', 'version': '::apt', 'url': ' '}, {'name': 'squirrel3', 'action': 'delete', 'id': '5475279', 'version': '::apt', 'url': ' '}]}
09:59:48 INFO  State of operation 21474246 : PENDING
09:59:51 INFO  State of operation 21474246 : EXECUTING
09:59:53 INFO  State of operation 21474246 : EXECUTING
09:59:55 INFO  State of operation 21474246 : EXECUTING
09:59:57 INFO  State of operation 21474246 : EXECUTING
10:00:00 INFO  State of operation 21474246 : EXECUTING
10:00:02 INFO  State of operation 21474246 : EXECUTING
10:00:05 INFO  State of operation 21474246 : EXECUTING
10:00:07 INFO  State of operation 21474246 : EXECUTING
10:00:10 INFO  State of operation 21474246 : EXECUTING
10:00:12 INFO  State of operation 21474246 : EXECUTING
10:00:14 INFO  State of operation 21474246 : EXECUTING
10:00:16 INFO  State of operation 21474246 : EXECUTING
10:00:19 INFO  State of operation 21474246 : EXECUTING
10:00:21 INFO  State of operation 21474246 : EXECUTING
10:00:23 INFO  State of operation 21474246 : EXECUTING
10:00:26 INFO  State of operation 21474246 : EXECUTING
10:00:29 INFO  State of operation 21474246 : EXECUTING
10:00:31 INFO  State of operation 21474246 : EXECUTING
10:00:33 INFO  State of operation 21474246 : EXECUTING
10:00:35 INFO  State of operation 21474246 : EXECUTING
10:00:38 INFO  State of operation 21474246 : EXECUTING
10:00:40 INFO  State of operation 21474246 : EXECUTING
10:00:42 INFO  State of operation 21474246 : EXECUTING
10:00:45 INFO  State of operation 21474246 : EXECUTING
10:00:47 INFO  State of operation 21474246 : EXECUTING
10:00:49 INFO  State of operation 21474246 : EXECUTING
10:00:52 INFO  State of operation 21474246 : SUCCESSFUL
10:00:52 INFO  Assert that (False == value) with value=False ... passed
10:00:52 INFO  Assert that (False == value) with value=False ... passed
10:00:52 INFO  Assert that (False == value) with value=False ... passed
10:00:53 INFO  Assert that (False == value) with value=False ... passed
10:00:53 INFO  
10:00:53 INFO  cleanup:
10:00:57 INFO  Executed sudo&lt;tedge_disconnect_c8y&gt;, exit status 0
10:00:57 INFO  Executed systemctl&lt;serv_mapper5&gt;, exit status 3
10:00:57 INFO  
10:00:57 INFO  Test duration: 179.16 secs
10:00:57 INFO  Test final outcome:  FAILED
10:00:57 INFO  Test outcome reason: Assert that (False == value) with value=True
10:00:57 INFO  
</system-out>
	</testcase>
<testcase classname="PySysTest" name="SoftwareManagement.sm_apt_install_remove_multiple">
		<failure message="FAILED: Assert that (False == value) with value=True (+2 other failures)" type="FAILED" />
		<system-out>10:24:39 INFO  ==============================================================
10:24:39 INFO  Id:    SoftwareManagement.sm_apt_install_remove_multiple
10:24:39 INFO  Dir:   software_management_end_to_end/
10:24:39 INFO  Title: Validate end to end behaviour for the apt plugin for multiple packages
10:24:39 INFO  ==============================================================
10:24:39 INFO  Using sw id database: {'asciijump': '5475369', 'robotfindskitten': '5474869', 'squirrel3': '5475279', 'rolldice': '5152439', 'moon-buggy': '5439204', 'apple': '5495053', 'banana': '5494888', 'cherry': '5495382', 'watermelon': '5494510', 'registry': '8018911', 'hello-world': '8021526', 'docker/getting-started': '8021973', 'alpine': '7991792'}
10:24:39 INFO  EnvironmentC8y Setup
10:24:40 INFO  Executed systemctl&lt;serv_mapper1&gt;, exit status 3
10:24:40 INFO  Restarting mosquitto too frequently in the last 10 seconds. It was only up for 5 seconds
10:24:40 INFO  Delaying execution by 6 seconds
10:25:00 INFO  Executed sudo&lt;tedge_connect_c8y&gt;, exit status 0, duration 14 secs
10:25:00 INFO  Executed sudo&lt;tedge_connect_c8y_test&gt;, exit status 0
10:25:01 INFO  Executed systemctl&lt;serv_mosq2&gt;, exit status 0
10:25:01 INFO  Executed systemctl&lt;serv_mapper3&gt;, exit status 0
10:25:04 INFO  State of current operation: SUCCESSFUL
10:25:04 INFO  Assert that (False == value) with value=False ... passed
10:25:04 INFO  Package asciijump is installed
10:25:04 WARN  Assert that (False == value) with value=True ... failed 
10:25:05 INFO  Package squirrel3 is installed
10:25:05 WARN  Assert that (False == value) with value=True ... failed 
10:25:05 INFO  Package robotfindskitten is installed
10:25:05 WARN  Assert that (False == value) with value=True ... failed 
10:25:05 INFO  Response status: 201
10:25:05 INFO  Response to action: {
    "creationTime": "2022-07-27T10:25:05.621Z",
    "deviceId": "21453471",
    "deviceName": "m32sd10d",
    "self": "https://t493319102.eu-latest.cumulocity.com/devicecontrol/operations/21474405",
    "id": "21474405",
    "status": "PENDING",
    "description": "Apply software changes, triggered from PySys: [{'action': 'install', 'id': '5475369', 'name': 'asciijump', 'url': ' ', 'version': '::apt'}, {'action': 'install', 'id': '5474869', 'name': 'robotfindskitten', 'url': ' ', 'version': '::apt'}, {'action': 'install', 'id': '5475279', 'name': 'squirrel3', 'url': ' ', 'version': '::apt'}]",
    "c8y_SoftwareUpdate": [
        {
            "name": "asciijump",
            "action": "install",
            "id": "5475369",
            "version": "::apt",
            "url": " "
        },
        {
            "name": "robotfindskitten",
            "action": "install",
            "id": "5474869",
            "version": "::apt",
            "url": " "
        },
        {
            "name": "squirrel3",
            "action": "install",
            "id": "5475279",
            "version": "::apt",
            "url": " "
        }
    ]
}
10:25:05 INFO  Started operation: {'creationTime': '2022-07-27T10:25:05.621Z', 'deviceId': '21453471', 'deviceName': 'm32sd10d', 'self': 'https://t493319102.eu-latest.cumulocity.com/devicecontrol/operations/21474405', 'id': '21474405', 'status': 'PENDING', 'description': "Apply software changes, triggered from PySys: [{'action': 'install', 'id': '5475369', 'name': 'asciijump', 'url': ' ', 'version': '::apt'}, {'action': 'install', 'id': '5474869', 'name': 'robotfindskitten', 'url': ' ', 'version': '::apt'}, {'action': 'install', 'id': '5475279', 'name': 'squirrel3', 'url': ' ', 'version': '::apt'}]", 'c8y_SoftwareUpdate': [{'name': 'asciijump', 'action': 'install', 'id': '5475369', 'version': '::apt', 'url': ' '}, {'name': 'robotfindskitten', 'action': 'install', 'id': '5474869', 'version': '::apt', 'url': ' '}, {'name': 'squirrel3', 'action': 'install', 'id': '5475279', 'version': '::apt', 'url': ' '}]}
10:25:08 INFO  State of operation 21474405 : PENDING
10:25:10 INFO  State of operation 21474405 : EXECUTING
10:25:12 INFO  State of operation 21474405 : EXECUTING
10:25:14 INFO  State of operation 21474405 : EXECUTING
10:25:17 INFO  State of operation 21474405 : EXECUTING
10:25:19 INFO  State of operation 21474405 : EXECUTING
10:25:21 INFO  State of operation 21474405 : EXECUTING
10:25:24 INFO  State of operation 21474405 : EXECUTING
10:25:27 INFO  State of operation 21474405 : EXECUTING
10:25:29 INFO  State of operation 21474405 : EXECUTING
10:25:31 INFO  State of operation 21474405 : EXECUTING
10:25:33 INFO  State of operation 21474405 : EXECUTING
10:25:36 INFO  State of operation 21474405 : EXECUTING
10:25:38 INFO  State of operation 21474405 : EXECUTING
10:25:40 INFO  State of operation 21474405 : EXECUTING
10:25:42 INFO  State of operation 21474405 : SUCCESSFUL
10:25:43 INFO  Assert that (False == value) with value=False ... passed
10:25:43 INFO  Package asciijump is installed
10:25:43 INFO  Assert that (True == value) with value=True ... passed
10:25:43 INFO  Package squirrel3 is installed
10:25:43 INFO  Assert that (True == value) with value=True ... passed
10:25:43 INFO  Package robotfindskitten is installed
10:25:43 INFO  Assert that (True == value) with value=True ... passed
10:25:44 INFO  Response status: 201
10:25:44 INFO  Response to action: {
    "creationTime": "2022-07-27T10:25:44.203Z",
    "deviceId": "21453471",
    "deviceName": "m32sd10d",
    "self": "https://t493319102.eu-latest.cumulocity.com/devicecontrol/operations/21474424",
    "id": "21474424",
    "status": "PENDING",
    "description": "Apply software changes, triggered from PySys: [{'action': 'delete', 'id': '5475369', 'name': 'asciijump', 'url': ' ', 'version': '::apt'}, {'action': 'delete', 'id': '5474869', 'name': 'robotfindskitten', 'url': ' ', 'version': '::apt'}, {'action': 'delete', 'id': '5475279', 'name': 'squirrel3', 'url': ' ', 'version': '::apt'}]",
    "c8y_SoftwareUpdate": [
        {
            "name": "asciijump",
            "action": "delete",
            "id": "5475369",
            "version": "::apt",
            "url": " "
        },
        {
            "name": "robotfindskitten",
            "action": "delete",
            "id": "5474869",
            "version": "::apt",
            "url": " "
        },
        {
            "name": "squirrel3",
            "action": "delete",
            "id": "5475279",
            "version": "::apt",
            "url": " "
        }
    ]
}
10:25:44 INFO  Started operation: {'creationTime': '2022-07-27T10:25:44.203Z', 'deviceId': '21453471', 'deviceName': 'm32sd10d', 'self': 'https://t493319102.eu-latest.cumulocity.com/devicecontrol/operations/21474424', 'id': '21474424', 'status': 'PENDING', 'description': "Apply software changes, triggered from PySys: [{'action': 'delete', 'id': '5475369', 'name': 'asciijump', 'url': ' ', 'version': '::apt'}, {'action': 'delete', 'id': '5474869', 'name': 'robotfindskitten', 'url': ' ', 'version': '::apt'}, {'action': 'delete', 'id': '5475279', 'name': 'squirrel3', 'url': ' ', 'version': '::apt'}]", 'c8y_SoftwareUpdate': [{'name': 'asciijump', 'action': 'delete', 'id': '5475369', 'version': '::apt', 'url': ' '}, {'name': 'robotfindskitten', 'action': 'delete', 'id': '5474869', 'version': '::apt', 'url': ' '}, {'name': 'squirrel3', 'action': 'delete', 'id': '5475279', 'version': '::apt', 'url': ' '}]}
10:25:46 INFO  State of operation 21474424 : PENDING
10:25:48 INFO  State of operation 21474424 : EXECUTING
10:25:50 INFO  State of operation 21474424 : EXECUTING
10:25:53 INFO  State of operation 21474424 : EXECUTING
10:25:55 INFO  State of operation 21474424 : EXECUTING
10:25:57 INFO  State of operation 21474424 : EXECUTING
10:26:00 INFO  State of operation 21474424 : EXECUTING
10:26:03 INFO  State of operation 21474424 : EXECUTING
10:26:05 INFO  State of operation 21474424 : EXECUTING
10:26:07 INFO  State of operation 21474424 : EXECUTING
10:26:10 INFO  State of operation 21474424 : EXECUTING
10:26:12 INFO  State of operation 21474424 : EXECUTING
10:26:14 INFO  State of operation 21474424 : EXECUTING
10:26:16 INFO  State of operation 21474424 : EXECUTING
10:26:19 INFO  State of operation 21474424 : EXECUTING
10:26:21 INFO  State of operation 21474424 : EXECUTING
10:26:23 INFO  State of operation 21474424 : EXECUTING
10:26:26 INFO  State of operation 21474424 : EXECUTING
10:26:29 INFO  State of operation 21474424 : EXECUTING
10:26:31 INFO  State of operation 21474424 : EXECUTING
10:26:34 INFO  State of operation 21474424 : EXECUTING
10:26:36 INFO  State of operation 21474424 : EXECUTING
10:26:38 INFO  State of operation 21474424 : EXECUTING
10:26:40 INFO  State of operation 21474424 : EXECUTING
10:26:43 INFO  State of operation 21474424 : EXECUTING
10:26:46 INFO  State of operation 21474424 : EXECUTING
10:26:48 INFO  State of operation 21474424 : EXECUTING
10:26:50 INFO  State of operation 21474424 : EXECUTING
10:26:53 INFO  State of operation 21474424 : SUCCESSFUL
10:26:53 INFO  Assert that (False == value) with value=False ... passed
10:26:53 INFO  Assert that (False == value) with value=False ... passed
10:26:53 INFO  Assert that (False == value) with value=False ... passed
10:26:53 INFO  Assert that (False == value) with value=False ... passed
10:26:53 INFO  
10:26:53 INFO  cleanup:
10:26:58 INFO  Executed sudo&lt;tedge_disconnect_c8y&gt;, exit status 0
10:26:58 INFO  Executed systemctl&lt;serv_mapper5&gt;, exit status 3
10:26:58 INFO  
10:26:58 INFO  Test duration: 139.13 secs
10:26:58 INFO  Test final outcome:  FAILED
10:26:58 INFO  Test outcome reason: Assert that (False == value) with value=True (+2 other failures)
10:26:58 INFO  
</system-out>
	</testcase>
</testsuite><testsuite name="SoftwareManagement.sm_apt_install_remove_multiple_mixed" tests="3" errors="0" failures="2" skipped="1" time="0"><testcase classname="PySysTest" name="SoftwareManagement.sm_apt_install_remove_multiple_mixed">
		<skipped message="SKIPPED: Testing the apt plugin is not supported on this platform.Use parameter -XmyPlatform='container' to enable it" />
		<system-out>09:25:41 INFO  ==============================================================
09:25:41 INFO  Id:    SoftwareManagement.sm_apt_install_remove_multiple_mixed
09:25:41 INFO  Dir:   software_management_end_to_end/
09:25:41 INFO  Title: Validate end to end behaviour for the apt plugin for multiple packages with mixed versions
09:25:41 INFO  ==============================================================
09:25:41 INFO  Testing the apt plugin is not supported on this platform.Use parameter -XmyPlatform='container' to enable it ... skipped
09:25:41 WARN  Aborted test due to SKIPPED outcome
09:25:41 INFO  
09:25:41 INFO  Test duration: 0.02 secs
09:25:41 INFO  Test final outcome:  SKIPPED
09:25:41 INFO  Test outcome reason: Testing the apt plugin is not supported on this platform.Use parameter -XmyPlatform='container' to enable it
09:25:41 INFO  
</system-out>
	</testcase>
<testcase classname="PySysTest" name="SoftwareManagement.sm_apt_install_remove_multiple_mixed">
		<failure message="BLOCKED: SystemError: Timeout while waiting for status SUCCESSFUL or False" type="BLOCKED" />
		<system-out>10:00:57 INFO  ==============================================================
10:00:57 INFO  Id:    SoftwareManagement.sm_apt_install_remove_multiple_mixed
10:00:57 INFO  Dir:   software_management_end_to_end/
10:00:57 INFO  Title: Validate end to end behaviour for the apt plugin for multiple packages with mixed versions
10:00:57 INFO  ==============================================================
10:00:57 INFO  Using sw id database: {'asciijump': '5475369', 'robotfindskitten': '5474869', 'squirrel3': '5475279', 'rolldice': '5152439', 'moon-buggy': '5439204', 'apple': '5495053', 'banana': '5494888', 'cherry': '5495382', 'watermelon': '5494510', 'registry': '8018911', 'hello-world': '8021526', 'docker/getting-started': '8021973', 'alpine': '7991792'}
10:00:57 INFO  EnvironmentC8y Setup
10:00:58 INFO  Executed systemctl&lt;serv_mapper1&gt;, exit status 3
10:00:58 INFO  Restarting mosquitto too frequently in the last 10 seconds. It was only up for 5 seconds
10:00:58 INFO  Delaying execution by 6 seconds
10:01:18 INFO  Executed sudo&lt;tedge_connect_c8y&gt;, exit status 0, duration 13 secs
10:01:19 INFO  Executed sudo&lt;tedge_connect_c8y_test&gt;, exit status 0
10:01:19 INFO  Executed systemctl&lt;serv_mosq2&gt;, exit status 0
10:01:20 INFO  Executed systemctl&lt;serv_mapper3&gt;, exit status 0
10:01:22 INFO  State of current operation: SUCCESSFUL
10:01:22 INFO  Assert that (False == value) with value=False ... passed
10:01:22 INFO  Assert that (False == value) with value=False ... passed
10:01:22 INFO  Assert that (False == value) with value=False ... passed
10:01:23 INFO  Assert that (False == value) with value=False ... passed
10:01:23 INFO  Assert that (False == value) with value=False ... passed
10:01:24 INFO  Response status: 201
10:01:24 INFO  Response to action: {
    "creationTime": "2022-07-27T10:01:24.518Z",
    "deviceId": "21453471",
    "deviceName": "m32sd10d",
    "self": "https://t493319102.eu-latest.cumulocity.com/devicecontrol/operations/21474258",
    "id": "21474258",
    "status": "PENDING",
    "description": "Apply software changes, triggered from PySys: [{'action': 'install', 'id': '5475369', 'name': 'asciijump', 'url': ' ', 'version': '::apt'}, {'action': 'install', 'id': '5474869', 'name': 'robotfindskitten', 'url': ' ', 'version': ' '}, {'action': 'install', 'id': '5475279', 'name': 'squirrel3', 'url': ' ', 'version': '3.1-7::apt'}, {'action': 'install', 'id': '5152439', 'name': 'rolldice', 'url': ' ', 'version': '1.16-1+b1'}, {'action': 'install', 'id': '5439204', 'name': 'moon-buggy', 'url': ' ', 'version': '1:1.0.51-12'}, {'action': 'install', 'id': '5475369', 'name': 'asciijump', 'url': ' ', 'version': '::apt'}]",
    "c8y_SoftwareUpdate": [
        {
            "name": "asciijump",
            "action": "install",
            "id": "5475369",
            "version": "::apt",
            "url": " "
        },
        {
            "name": "robotfindskitten",
            "action": "install",
            "id": "5474869",
            "version": " ",
            "url": " "
        },
        {
            "name": "squirrel3",
            "action": "install",
            "id": "5475279",
            "version": "3.1-7::apt",
            "url": " "
        },
        {
            "name": "rolldice",
            "action": "install",
            "id": "5152439",
            "version": "1.16-1+b1",
            "url": " "
        },
        {
            "name": "moon-buggy",
            "action": "install",
            "id": "5439204",
            "version": "1:1.0.51-12",
            "url": " "
        },
        {
            "name": "asciijump",
            "action": "install",
            "id": "5475369",
            "version": "::apt",
            "url": " "
        }
    ]
}
10:01:24 INFO  Started operation: {'creationTime': '2022-07-27T10:01:24.518Z', 'deviceId': '21453471', 'deviceName': 'm32sd10d', 'self': 'https://t493319102.eu-latest.cumulocity.com/devicecontrol/operations/21474258', 'id': '21474258', 'status': 'PENDING', 'description': "Apply software changes, triggered from PySys: [{'action': 'install', 'id': '5475369', 'name': 'asciijump', 'url': ' ', 'version': '::apt'}, {'action': 'install', 'id': '5474869', 'name': 'robotfindskitten', 'url': ' ', 'version': ' '}, {'action': 'install', 'id': '5475279', 'name': 'squirrel3', 'url': ' ', 'version': '3.1-7::apt'}, {'action': 'install', 'id': '5152439', 'name': 'rolldice', 'url': ' ', 'version': '1.16-1+b1'}, {'action': 'install', 'id': '5439204', 'name': 'moon-buggy', 'url': ' ', 'version': '1:1.0.51-12'}, {'action': 'install', 'id': '5475369', 'name': 'asciijump', 'url': ' ', 'version': '::apt'}]", 'c8y_SoftwareUpdate': [{'name': 'asciijump', 'action': 'install', 'id': '5475369', 'version': '::apt', 'url': ' '}, {'name': 'robotfindskitten', 'action': 'install', 'id': '5474869', 'version': ' ', 'url': ' '}, {'name': 'squirrel3', 'action': 'install', 'id': '5475279', 'version': '3.1-7::apt', 'url': ' '}, {'name': 'rolldice', 'action': 'install', 'id': '5152439', 'version': '1.16-1+b1', 'url': ' '}, {'name': 'moon-buggy', 'action': 'install', 'id': '5439204', 'version': '1:1.0.51-12', 'url': ' '}, {'name': 'asciijump', 'action': 'install', 'id': '5475369', 'version': '::apt', 'url': ' '}]}
10:01:26 INFO  State of operation 21474258 : PENDING
10:01:29 INFO  State of operation 21474258 : EXECUTING
10:01:31 INFO  State of operation 21474258 : EXECUTING
10:01:33 INFO  State of operation 21474258 : EXECUTING
10:01:35 INFO  State of operation 21474258 : EXECUTING
10:01:38 INFO  State of operation 21474258 : EXECUTING
10:01:40 INFO  State of operation 21474258 : EXECUTING
10:01:43 INFO  State of operation 21474258 : EXECUTING
10:01:46 INFO  State of operation 21474258 : EXECUTING
10:01:48 INFO  State of operation 21474258 : EXECUTING
10:01:50 INFO  State of operation 21474258 : EXECUTING
10:01:52 INFO  State of operation 21474258 : EXECUTING
10:01:54 INFO  State of operation 21474258 : EXECUTING
10:01:57 INFO  State of operation 21474258 : EXECUTING
10:01:59 INFO  State of operation 21474258 : EXECUTING
10:02:01 INFO  State of operation 21474258 : EXECUTING
10:02:04 INFO  State of operation 21474258 : EXECUTING
10:02:06 INFO  State of operation 21474258 : EXECUTING
10:02:09 INFO  State of operation 21474258 : EXECUTING
10:02:11 INFO  State of operation 21474258 : EXECUTING
10:02:13 INFO  State of operation 21474258 : EXECUTING
10:02:16 INFO  State of operation 21474258 : EXECUTING
10:02:18 INFO  State of operation 21474258 : EXECUTING
10:02:21 INFO  State of operation 21474258 : EXECUTING
10:02:23 INFO  State of operation 21474258 : EXECUTING
10:02:26 INFO  State of operation 21474258 : EXECUTING
10:02:28 INFO  State of operation 21474258 : EXECUTING
10:02:31 INFO  State of operation 21474258 : EXECUTING
10:02:33 INFO  State of operation 21474258 : EXECUTING
10:02:36 INFO  State of operation 21474258 : EXECUTING
10:02:38 INFO  State of operation 21474258 : EXECUTING
10:02:40 INFO  State of operation 21474258 : EXECUTING
10:02:42 INFO  State of operation 21474258 : EXECUTING
10:02:45 INFO  State of operation 21474258 : EXECUTING
10:02:47 INFO  State of operation 21474258 : EXECUTING
10:02:49 INFO  State of operation 21474258 : EXECUTING
10:02:51 INFO  State of operation 21474258 : EXECUTING
10:02:54 INFO  State of operation 21474258 : EXECUTING
10:02:57 INFO  State of operation 21474258 : EXECUTING
10:02:59 INFO  State of operation 21474258 : EXECUTING
10:03:02 INFO  State of operation 21474258 : EXECUTING
10:03:04 INFO  State of operation 21474258 : EXECUTING
10:03:06 INFO  State of operation 21474258 : EXECUTING
10:03:09 INFO  State of operation 21474258 : EXECUTING
10:03:11 INFO  State of operation 21474258 : EXECUTING
10:03:13 INFO  State of operation 21474258 : EXECUTING
10:03:15 INFO  State of operation 21474258 : EXECUTING
10:03:18 INFO  State of operation 21474258 : EXECUTING
10:03:21 INFO  State of operation 21474258 : EXECUTING
10:03:23 INFO  State of operation 21474258 : EXECUTING
10:03:25 INFO  State of operation 21474258 : EXECUTING
10:03:28 INFO  State of operation 21474258 : EXECUTING
10:03:30 INFO  State of operation 21474258 : EXECUTING
10:03:32 INFO  State of operation 21474258 : EXECUTING
10:03:35 INFO  State of operation 21474258 : EXECUTING
10:03:37 INFO  State of operation 21474258 : EXECUTING
10:03:40 INFO  State of operation 21474258 : EXECUTING
10:03:42 INFO  State of operation 21474258 : EXECUTING
10:03:45 INFO  State of operation 21474258 : EXECUTING
10:03:47 INFO  State of operation 21474258 : EXECUTING
10:03:49 INFO  State of operation 21474258 : EXECUTING
10:03:51 WARN  SystemError occurred while running test - Timeout while waiting for status SUCCESSFUL or False
Traceback (most recent call last):
  File "/home/pi/env-pysys/lib/python3.7/site-packages/pysys/baserunner.py", line 1294, in __call__
    self.testObj.execute()
  File "/home/pi/actions-runner/_work/thin-edge.io/thin-edge.io/tests/PySys/software_management_end_to_end/sm_apt_install_remove_multiple_mixed/run.py", line 89, in execute
    self.wait_until_succcess()
  File "/home/pi/actions-runner/_work/thin-edge.io/thin-edge.io/tests/PySys/software_management_end_to_end/environment_sm_management.py", line 324, in wait_until_succcess
    self.wait_until_status("SUCCESSFUL")
  File "/home/pi/actions-runner/_work/thin-edge.io/thin-edge.io/tests/PySys/software_management_end_to_end/environment_sm_management.py", line 381, in wait_until_status
    "Timeout while waiting for status %s or %s" % (status, status2)
SystemError: Timeout while waiting for status SUCCESSFUL or False
10:03:51 WARN  SystemError: Timeout while waiting for status SUCCESSFUL or False ... blocked 
10:03:51 INFO  
10:03:51 INFO  cleanup:
10:03:56 INFO  Executed sudo&lt;tedge_disconnect_c8y&gt;, exit status 0
10:03:56 INFO  Executed systemctl&lt;serv_mapper5&gt;, exit status 3
10:03:56 INFO  
10:03:56 INFO  Test duration: 179.03 secs
10:03:56 INFO  Test final outcome:  BLOCKED
10:03:56 INFO  Test outcome reason: SystemError: Timeout while waiting for status SUCCESSFUL or False
10:03:56 INFO  
</system-out>
	</testcase>
<testcase classname="PySysTest" name="SoftwareManagement.sm_apt_install_remove_multiple_mixed">
		<failure message="BLOCKED: SystemError: Timeout while waiting for status SUCCESSFUL or False (+1 other failures)" type="BLOCKED" />
		<system-out>10:26:58 INFO  ==============================================================
10:26:58 INFO  Id:    SoftwareManagement.sm_apt_install_remove_multiple_mixed
10:26:58 INFO  Dir:   software_management_end_to_end/
10:26:58 INFO  Title: Validate end to end behaviour for the apt plugin for multiple packages with mixed versions
10:26:58 INFO  ==============================================================
10:26:58 INFO  Using sw id database: {'asciijump': '5475369', 'robotfindskitten': '5474869', 'squirrel3': '5475279', 'rolldice': '5152439', 'moon-buggy': '5439204', 'apple': '5495053', 'banana': '5494888', 'cherry': '5495382', 'watermelon': '5494510', 'registry': '8018911', 'hello-world': '8021526', 'docker/getting-started': '8021973', 'alpine': '7991792'}
10:26:58 INFO  EnvironmentC8y Setup
10:26:59 INFO  Executed systemctl&lt;serv_mapper1&gt;, exit status 3
10:26:59 INFO  Restarting mosquitto too frequently in the last 10 seconds. It was only up for 5 seconds
10:26:59 INFO  Delaying execution by 6 seconds
10:27:19 INFO  Executed sudo&lt;tedge_connect_c8y&gt;, exit status 0, duration 13 secs
10:27:19 INFO  Executed sudo&lt;tedge_connect_c8y_test&gt;, exit status 0
10:27:20 INFO  Executed systemctl&lt;serv_mosq2&gt;, exit status 0
10:27:20 INFO  Executed systemctl&lt;serv_mapper3&gt;, exit status 0
10:27:23 INFO  State of current operation: SUCCESSFUL
10:27:23 INFO  Assert that (False == value) with value=False ... passed
10:27:23 INFO  Assert that (False == value) with value=False ... passed
10:27:23 INFO  Assert that (False == value) with value=False ... passed
10:27:24 INFO  Assert that (False == value) with value=False ... passed
10:27:24 INFO  Package moon-buggy is installed
10:27:24 WARN  Assert that (False == value) with value=True ... failed 
10:27:25 INFO  Response status: 201
10:27:25 INFO  Response to action: {
    "creationTime": "2022-07-27T10:27:25.637Z",
    "deviceId": "21453471",
    "deviceName": "m32sd10d",
    "self": "https://t493319102.eu-latest.cumulocity.com/devicecontrol/operations/21474439",
    "id": "21474439",
    "status": "PENDING",
    "description": "Apply software changes, triggered from PySys: [{'action': 'install', 'id': '5475369', 'name': 'asciijump', 'url': ' ', 'version': '::apt'}, {'action': 'install', 'id': '5474869', 'name': 'robotfindskitten', 'url': ' ', 'version': ' '}, {'action': 'install', 'id': '5475279', 'name': 'squirrel3', 'url': ' ', 'version': '3.1-7::apt'}, {'action': 'install', 'id': '5152439', 'name': 'rolldice', 'url': ' ', 'version': '1.16-1+b1'}, {'action': 'install', 'id': '5439204', 'name': 'moon-buggy', 'url': ' ', 'version': '1:1.0.51-12'}, {'action': 'install', 'id': '5475369', 'name': 'asciijump', 'url': ' ', 'version': '::apt'}]",
    "c8y_SoftwareUpdate": [
        {
            "name": "asciijump",
            "action": "install",
            "id": "5475369",
            "version": "::apt",
            "url": " "
        },
        {
            "name": "robotfindskitten",
            "action": "install",
            "id": "5474869",
            "version": " ",
            "url": " "
        },
        {
            "name": "squirrel3",
            "action": "install",
            "id": "5475279",
            "version": "3.1-7::apt",
            "url": " "
        },
        {
            "name": "rolldice",
            "action": "install",
            "id": "5152439",
            "version": "1.16-1+b1",
            "url": " "
        },
        {
            "name": "moon-buggy",
            "action": "install",
            "id": "5439204",
            "version": "1:1.0.51-12",
            "url": " "
        },
        {
            "name": "asciijump",
            "action": "install",
            "id": "5475369",
            "version": "::apt",
            "url": " "
        }
    ]
}
10:27:25 INFO  Started operation: {'creationTime': '2022-07-27T10:27:25.637Z', 'deviceId': '21453471', 'deviceName': 'm32sd10d', 'self': 'https://t493319102.eu-latest.cumulocity.com/devicecontrol/operations/21474439', 'id': '21474439', 'status': 'PENDING', 'description': "Apply software changes, triggered from PySys: [{'action': 'install', 'id': '5475369', 'name': 'asciijump', 'url': ' ', 'version': '::apt'}, {'action': 'install', 'id': '5474869', 'name': 'robotfindskitten', 'url': ' ', 'version': ' '}, {'action': 'install', 'id': '5475279', 'name': 'squirrel3', 'url': ' ', 'version': '3.1-7::apt'}, {'action': 'install', 'id': '5152439', 'name': 'rolldice', 'url': ' ', 'version': '1.16-1+b1'}, {'action': 'install', 'id': '5439204', 'name': 'moon-buggy', 'url': ' ', 'version': '1:1.0.51-12'}, {'action': 'install', 'id': '5475369', 'name': 'asciijump', 'url': ' ', 'version': '::apt'}]", 'c8y_SoftwareUpdate': [{'name': 'asciijump', 'action': 'install', 'id': '5475369', 'version': '::apt', 'url': ' '}, {'name': 'robotfindskitten', 'action': 'install', 'id': '5474869', 'version': ' ', 'url': ' '}, {'name': 'squirrel3', 'action': 'install', 'id': '5475279', 'version': '3.1-7::apt', 'url': ' '}, {'name': 'rolldice', 'action': 'install', 'id': '5152439', 'version': '1.16-1+b1', 'url': ' '}, {'name': 'moon-buggy', 'action': 'install', 'id': '5439204', 'version': '1:1.0.51-12', 'url': ' '}, {'name': 'asciijump', 'action': 'install', 'id': '5475369', 'version': '::apt', 'url': ' '}]}
10:27:27 INFO  State of operation 21474439 : PENDING
10:27:30 INFO  State of operation 21474439 : EXECUTING
10:27:32 INFO  State of operation 21474439 : EXECUTING
10:27:34 INFO  State of operation 21474439 : EXECUTING
10:27:36 INFO  State of operation 21474439 : EXECUTING
10:27:39 INFO  State of operation 21474439 : EXECUTING
10:27:41 INFO  State of operation 21474439 : EXECUTING
10:27:44 INFO  State of operation 21474439 : EXECUTING
10:27:47 INFO  State of operation 21474439 : EXECUTING
10:27:49 INFO  State of operation 21474439 : EXECUTING
10:27:51 INFO  State of operation 21474439 : EXECUTING
10:27:53 INFO  State of operation 21474439 : EXECUTING
10:27:56 INFO  State of operation 21474439 : EXECUTING
10:27:58 INFO  State of operation 21474439 : EXECUTING
10:28:00 INFO  State of operation 21474439 : EXECUTING
10:28:02 INFO  State of operation 21474439 : EXECUTING
10:28:05 INFO  State of operation 21474439 : EXECUTING
10:28:08 INFO  State of operation 21474439 : EXECUTING
10:28:11 INFO  State of operation 21474439 : EXECUTING
10:28:13 INFO  State of operation 21474439 : EXECUTING
10:28:15 INFO  State of operation 21474439 : EXECUTING
10:28:18 INFO  State of operation 21474439 : EXECUTING
10:28:20 INFO  State of operation 21474439 : EXECUTING
10:28:22 INFO  State of operation 21474439 : EXECUTING
10:28:25 INFO  State of operation 21474439 : EXECUTING
10:28:28 INFO  State of operation 21474439 : EXECUTING
10:28:30 INFO  State of operation 21474439 : EXECUTING
10:28:33 INFO  State of operation 21474439 : EXECUTING
10:28:35 INFO  State of operation 21474439 : EXECUTING
10:28:37 INFO  State of operation 21474439 : EXECUTING
10:28:40 INFO  State of operation 21474439 : EXECUTING
10:28:42 INFO  State of operation 21474439 : EXECUTING
10:28:44 INFO  State of operation 21474439 : EXECUTING
10:28:46 INFO  State of operation 21474439 : EXECUTING
10:28:48 INFO  State of operation 21474439 : EXECUTING
10:28:51 INFO  State of operation 21474439 : EXECUTING
10:28:53 INFO  State of operation 21474439 : EXECUTING
10:28:56 INFO  State of operation 21474439 : EXECUTING
10:28:59 INFO  State of operation 21474439 : EXECUTING
10:29:01 INFO  State of operation 21474439 : EXECUTING
10:29:03 INFO  State of operation 21474439 : EXECUTING
10:29:05 INFO  State of operation 21474439 : EXECUTING
10:29:08 INFO  State of operation 21474439 : EXECUTING
10:29:10 INFO  State of operation 21474439 : EXECUTING
10:29:12 INFO  State of operation 21474439 : EXECUTING
10:29:14 INFO  State of operation 21474439 : EXECUTING
10:29:17 INFO  State of operation 21474439 : EXECUTING
10:29:20 INFO  State of operation 21474439 : EXECUTING
10:29:22 INFO  State of operation 21474439 : EXECUTING
10:29:24 INFO  State of operation 21474439 : EXECUTING
10:29:26 INFO  State of operation 21474439 : EXECUTING
10:29:29 INFO  State of operation 21474439 : EXECUTING
10:29:31 INFO  State of operation 21474439 : EXECUTING
10:29:34 INFO  State of operation 21474439 : EXECUTING
10:29:36 INFO  State of operation 21474439 : EXECUTING
10:29:39 INFO  State of operation 21474439 : EXECUTING
10:29:41 INFO  State of operation 21474439 : EXECUTING
10:29:44 INFO  State of operation 21474439 : EXECUTING
10:29:46 INFO  State of operation 21474439 : EXECUTING
10:29:49 INFO  State of operation 21474439 : EXECUTING
10:29:51 INFO  State of operation 21474439 : EXECUTING
10:29:53 WARN  SystemError occurred while running test - Timeout while waiting for status SUCCESSFUL or False
Traceback (most recent call last):
  File "/home/pi/env-pysys/lib/python3.7/site-packages/pysys/baserunner.py", line 1294, in __call__
    self.testObj.execute()
  File "/home/pi/actions-runner/_work/thin-edge.io/thin-edge.io/tests/PySys/software_management_end_to_end/sm_apt_install_remove_multiple_mixed/run.py", line 89, in execute
    self.wait_until_succcess()
  File "/home/pi/actions-runner/_work/thin-edge.io/thin-edge.io/tests/PySys/software_management_end_to_end/environment_sm_management.py", line 324, in wait_until_succcess
    self.wait_until_status("SUCCESSFUL")
  File "/home/pi/actions-runner/_work/thin-edge.io/thin-edge.io/tests/PySys/software_management_end_to_end/environment_sm_management.py", line 381, in wait_until_status
    "Timeout while waiting for status %s or %s" % (status, status2)
SystemError: Timeout while waiting for status SUCCESSFUL or False
10:29:53 WARN  SystemError: Timeout while waiting for status SUCCESSFUL or False ... blocked 
10:29:53 INFO  
10:29:53 INFO  cleanup:
10:29:57 INFO  Executed sudo&lt;tedge_disconnect_c8y&gt;, exit status 0
10:29:58 INFO  Executed systemctl&lt;serv_mapper5&gt;, exit status 3
10:29:58 INFO  
10:29:58 INFO  Test duration: 179.63 secs
10:29:58 INFO  Test final outcome:  BLOCKED
10:29:58 INFO  Test outcome reason: SystemError: Timeout while waiting for status SUCCESSFUL or False (+1 other failures)
10:29:58 INFO  
</system-out>
	</testcase>
</testsuite><testsuite name="SoftwareManagement.sm_apt_install_remove_with_version" tests="3" errors="0" failures="0" skipped="1" time="0"><testcase classname="PySysTest" name="SoftwareManagement.sm_apt_install_remove_with_version">
		<skipped message="SKIPPED: Testing the apt plugin is not supported on this platform.Use parameter -XmyPlatform='container' to enable it" />
		<system-out>09:25:41 INFO  ==============================================================
09:25:41 INFO  Id:    SoftwareManagement.sm_apt_install_remove_with_version
09:25:41 INFO  Dir:   software_management_end_to_end/
09:25:41 INFO  Title: Validate end to end behaviour for the apt plugin for packages with version
09:25:41 INFO  ==============================================================
[...]
09:13:46 INFO  Executed sudo&lt;rm_tmp_logs&gt;, exit status 0
09:13:46 INFO  Executed sudo&lt;send_failed&gt;, exit status 0
09:13:47 INFO  Executed sudo&lt;log_file_daemon&gt;, exit status 0
09:13:51 INFO  Executed sudo&lt;tedge_disconnect_c8y&gt;, exit status 0
09:13:51 INFO  Executed systemctl&lt;serv_mapper5&gt;, exit status 3
09:13:51 INFO  
09:13:51 INFO  Test duration: 27.63 secs
09:13:51 INFO  Test final outcome:  BLOCKED
09:13:51 INFO  Test outcome reason: TypeError: 'NoneType' object is not subscriptable
09:13:51 INFO  
</system-out>
	</testcase>
</testsuite><testsuite name="log_request_num_lines" tests="1" errors="0" failures="1" skipped="0" time="0"><testcase classname="LogRequestVerifyNumberOfLines" name="log_request_num_lines">
		<failure message="BLOCKED: TypeError: 'NoneType' object is not subscriptable" type="BLOCKED" />
		<system-out>09:13:51 INFO  ==============================================================
09:13:51 INFO  Id:    log_request_num_lines
09:13:51 INFO  Dir:   log_request_end_to_end/
09:13:51 INFO  Title: Validate end to end behaviour for the log request operation check for number of lines
09:13:51 INFO  ==============================================================
09:13:51 INFO  EnvironmentC8y Setup
09:13:52 INFO  Executed systemctl&lt;serv_mapper1&gt;, exit status 3
09:13:52 INFO  Restarting mosquitto too frequently in the last 10 seconds. It was only up for 5 seconds
09:13:52 INFO  Delaying execution by 6 seconds
09:14:12 INFO  Executed sudo&lt;tedge_connect_c8y&gt;, exit status 0, duration 14 secs
09:14:13 INFO  Executed sudo&lt;tedge_connect_c8y_test&gt;, exit status 0
09:14:14 INFO  Executed systemctl&lt;serv_mosq2&gt;, exit status 0
09:14:14 INFO  Executed systemctl&lt;serv_mapper3&gt;, exit status 0
09:14:15 INFO  Executed sudo&lt;rm_logs&gt;, exit status 0
09:14:15 INFO  Executed sudo&lt;move_logs&gt;, exit status 0
09:14:16 INFO  Executed sudo&lt;log_file_daemon&gt;, exit status 0
09:14:16 WARN  TypeError occurred while running test - 'NoneType' object is not subscriptable
Traceback (most recent call last):
  File "/home/pi/env-pysys/lib/python3.7/site-packages/pysys/baserunner.py", line 1294, in __call__
    self.testObj.execute()
  File "/home/pi/actions-runner/_work/thin-edge.io/thin-edge.io/tests/PySys/log_request_end_to_end/log_request_num_lines/run.py", line 46, in execute
    log_file_request_payload, self.project.deviceid
  File "/home/pi/actions-runner/_work/thin-edge.io/thin-edge.io/tests/PySys/environments/cumulocity.py", line 101, in trigger_log_request
    "deviceId": self.device_fragment["id"],
TypeError: 'NoneType' object is not subscriptable
09:14:16 WARN  TypeError: 'NoneType' object is not subscriptable ... blocked 
09:14:16 INFO  
09:14:16 INFO  cleanup:
09:14:17 INFO  Executed sudo&lt;rm_logs&gt;, exit status 0
09:14:17 INFO  Executed sudo&lt;rm_tmp_logs&gt;, exit status 0
09:14:18 INFO  Executed sudo&lt;send_failed&gt;, exit status 0
09:14:18 INFO  Executed sudo&lt;log_file_daemon&gt;, exit status 0
09:14:22 INFO  Executed sudo&lt;tedge_disconnect_c8y&gt;, exit status 0
09:14:23 INFO  Executed systemctl&lt;serv_mapper5&gt;, exit status 3
09:14:23 INFO  
09:14:23 INFO  Test duration: 31.78 secs
09:14:23 INFO  Test final outcome:  BLOCKED
09:14:23 INFO  Test outcome reason: TypeError: 'NoneType' object is not subscriptable
09:14:23 INFO  
</system-out>
	</testcase>
</testsuite><testsuite name="mapper_awaits_before_reconnect" tests="1" errors="0" failures="1" skipped="0" time="0"><testcase classname="MapperReconnectAwait" name="mapper_awaits_before_reconnect">
		<failure message="FAILED: Line count on tedge_mapper_journal.out for &quot;tedge_mapper::core::mapper: MQTT connection error:&quot; expected &gt;=2 but got 0" type="FAILED" />
		<system-out>09:28:46 INFO  ==============================================================
09:28:46 INFO  Id:    mapper_awaits_before_reconnect
09:28:46 INFO  Dir:   tedge_mapper_c8y/
09:28:46 INFO  Title: Validate mapper doesn't reconnect too often
09:28:46 INFO  ==============================================================
09:28:46 INFO  Started mosquitto_sub with process id 24867
09:28:46 INFO  Waiting for 0.1 seconds
09:28:47 INFO  Executed sudo&lt;tedge_mapper&gt;, exit status 0
09:28:47 INFO  Waiting for 5.0 seconds
09:28:52 INFO  Executed sudo&lt;tedge_mapper&gt;, exit status 0
09:28:56 INFO  Executed sudo&lt;tedge_mapper_journal&gt;, exit status 0
09:28:56 WARN  Grep on tedge_mapper_journal.out contains "ERROR" ... failed [run.py:67]
09:28:56 INFO  Line count on file tedge_mapper_journal.out ... passed
09:28:56 WARN  Line count on tedge_mapper_journal.out for "tedge_mapper::core::mapper: MQTT connection error:" expected &gt;=2 but got 0 ... failed [run.py:78]
09:28:56 WARN  Aborted test due to FAILED outcome
09:28:56 INFO  
09:28:56 INFO  Test duration: 9.81 secs
09:28:56 INFO  Test final outcome:  FAILED
09:28:56 INFO  Test outcome reason: Line count on tedge_mapper_journal.out for "tedge_mapper::core::mapper: MQTT connection error:" expected &gt;=2 but got 0
09:28:56 INFO  
</system-out>
	</testcase>
</testsuite><testsuite name="monitoring_smaller_interval" tests="1" errors="0" failures="1" skipped="0" time="0"><testcase classname="MonitoringSmallInterval" name="monitoring_smaller_interval">
		<failure message="BLOCKED: TypeError: 'int' object is not subscriptable" type="BLOCKED" />
		<system-out>09:15:45 INFO  ==============================================================
09:15:45 INFO  Id:    monitoring_smaller_interval
09:15:45 INFO  Dir:   monitoring/
09:15:45 INFO  Title: Validate the tedge dm agent messages that are produced with smaller sampling interval than the batching window. Here the simulated collectd messages are used
09:15:45 INFO  ==============================================================
09:15:46 INFO  Executed sudo&lt;collectd&gt;, exit status 0
09:15:47 INFO  Executed sudo&lt;collectd_mapper&gt;, exit status 0
09:15:47 INFO  Started sudo&lt;tedge_sub&gt; with process id 20982
09:15:47 INFO  Executed sudo&lt;tedge_temp&gt;, exit status 0
09:15:48 INFO  Executed sudo&lt;tedge_pres&gt;, exit status 0
09:15:48 INFO  Executed sudo&lt;tedge_temp&gt;, exit status 0
09:15:49 INFO  Executed sudo&lt;tedge_pres&gt;, exit status 0
09:15:50 INFO  Executed sudo&lt;tedge_temp&gt;, exit status 0
09:15:50 INFO  Executed sudo&lt;tedge_pres&gt;, exit status 0
09:15:51 INFO  Executed sudo&lt;tedge_temp&gt;, exit status 0
09:15:51 INFO  Executed sudo&lt;tedge_pres&gt;, exit status 0
09:15:52 INFO  Executed sudo&lt;tedge_temp&gt;, exit status 0
09:15:52 INFO  Executed sudo&lt;tedge_pres&gt;, exit status 0
09:15:53 INFO  Executed sudo&lt;tedge_temp&gt;, exit status 0
09:15:54 INFO  Executed sudo&lt;tedge_pres&gt;, exit status 0
09:15:54 INFO  Executed sudo&lt;tedge_temp&gt;, exit status 0
09:15:55 INFO  Executed sudo&lt;tedge_pres&gt;, exit status 0
09:15:55 INFO  Executed sudo&lt;tedge_temp&gt;, exit status 0
09:15:56 INFO  Executed sudo&lt;tedge_pres&gt;, exit status 0
09:15:56 INFO  Executed sudo&lt;tedge_temp&gt;, exit status 0
09:15:57 INFO  Executed sudo&lt;tedge_pres&gt;, exit status 0
09:15:58 INFO  Executed sudo&lt;tedge_temp&gt;, exit status 0
09:15:58 INFO  Executed sudo&lt;tedge_pres&gt;, exit status 0
09:16:00 INFO  Executed sudo&lt;kill_out&gt;, exit status 0
09:16:00 INFO  0

09:16:00 WARN  TypeError occurred while running test - 'int' object is not subscriptable
Traceback (most recent call last):
  File "/home/pi/env-pysys/lib/python3.7/site-packages/pysys/baserunner.py", line 1296, in __call__
    self.testObj.validate()
  File "/home/pi/actions-runner/_work/thin-edge.io/thin-edge.io/tests/PySys/monitoring/monitoring_smaller_interval/run.py", line 104, in validate
    collectd_msg_validation_result=self.validate_json(),
  File "/home/pi/actions-runner/_work/thin-edge.io/thin-edge.io/tests/PySys/monitoring/monitoring_smaller_interval/run.py", line 114, in validate_json
    if not self.validate_time():
  File "/home/pi/actions-runner/_work/thin-edge.io/thin-edge.io/tests/PySys/monitoring/monitoring_smaller_interval/run.py", line 134, in validate_time
    if self.js_msg["time"]:
TypeError: 'int' object is not subscriptable
09:16:00 WARN  TypeError: 'int' object is not subscriptable ... blocked 
09:16:00 INFO  
09:16:00 INFO  cleanup:
09:16:00 INFO  monitoring_cleanup
09:16:00 INFO  Executed sudo&lt;collectd_mapper&gt;, exit status 0
09:16:00 INFO  
09:16:00 INFO  Test duration: 14.95 secs
09:16:00 INFO  Test final outcome:  BLOCKED
09:16:00 INFO  Test outcome reason: TypeError: 'int' object is not subscriptable
09:16:00 INFO  
</system-out>
	</testcase>
</testsuite><testsuite name="monitoring_with_collectd" tests="1" errors="0" failures="0" skipped="1" time="0"><testcase classname="MonitoringWithCollectd" name="monitoring_with_collectd">
		<skipped message="SKIPPED: Test execution disabled due to #792 (instable)" />
		<system-out>09:16:00 INFO  ==============================================================
09:16:00 INFO  Id:    monitoring_with_collectd
09:16:00 INFO  Dir:   monitoring/
09:16:00 INFO  Title: Validate tedge dm agent messages that are produced by batching the collectd messages
09:16:00 INFO  ==============================================================
09:16:00 INFO  Test execution disabled due to #792 (instable) ... skipped
09:16:00 INFO  
09:16:00 INFO  Test duration: 0.02 secs
09:16:00 INFO  Test final outcome:  SKIPPED
09:16:00 INFO  Test outcome reason: Test execution disabled due to #792 (instable)
09:16:00 INFO  
</system-out>
	</testcase>
</testsuite><testsuite name="monitoring_with_simulated_messages" tests="1" errors="0" failures="1" skipped="0" time="0"><testcase classname="MonitoringWithSimulatedMessages" name="monitoring_with_simulated_messages">
		<failure message="BLOCKED: TypeError: 'int' object is not subscriptable" type="BLOCKED" />
		<system-out>09:16:00 INFO  ==============================================================
09:16:00 INFO  Id:    monitoring_with_simulated_messages
09:16:00 INFO  Dir:   monitoring/
09:16:00 INFO  Title: Validate the tedge dm agent messages that are produced from the simulated collectd messages
09:16:00 INFO  ==============================================================
09:16:01 INFO  Executed sudo&lt;collectd&gt;, exit status 0
09:16:02 INFO  Executed sudo&lt;collectd_mapper&gt;, exit status 0
09:16:02 INFO  Started sudo&lt;tedge_sub&gt; with process id 21036
09:16:02 INFO  Executed sudo&lt;tedge_temp&gt;, exit status 0
09:16:03 INFO  Executed sudo&lt;tedge_pres&gt;, exit status 0
09:16:04 INFO  Executed sudo&lt;kill_out&gt;, exit status 0
09:16:04 INFO  0

09:16:04 WARN  TypeError occurred while running test - 'int' object is not subscriptable
Traceback (most recent call last):
  File "/home/pi/env-pysys/lib/python3.7/site-packages/pysys/baserunner.py", line 1296, in __call__
    self.testObj.validate()
  File "/home/pi/actions-runner/_work/thin-edge.io/thin-edge.io/tests/PySys/monitoring/monitoring_with_simulated_messages/run.py", line 98, in validate
    collectd_msg_validation_result=self.validate_json(),
  File "/home/pi/actions-runner/_work/thin-edge.io/thin-edge.io/tests/PySys/monitoring/monitoring_with_simulated_messages/run.py", line 108, in validate_json
    if not self.validate_time():
  File "/home/pi/actions-runner/_work/thin-edge.io/thin-edge.io/tests/PySys/monitoring/monitoring_with_simulated_messages/run.py", line 127, in validate_time
    if self.js_msg["time"]:
TypeError: 'int' object is not subscriptable
09:16:04 WARN  TypeError: 'int' object is not subscriptable ... blocked 
09:16:04 INFO  
09:16:04 INFO  cleanup:
09:16:04 INFO  monitoring_cleanup
09:16:05 INFO  Executed sudo&lt;collectd_mapper&gt;, exit status 0
09:16:05 INFO  
09:16:05 INFO  Test duration: 4.49 secs
09:16:05 INFO  Test final outcome:  BLOCKED
09:16:05 INFO  Test outcome reason: TypeError: 'int' object is not subscriptable
09:16:05 INFO  
</system-out>
	</testcase>
</testsuite><testsuite name="mqtt_port_change_connection_fails" tests="1" errors="0" failures="0" skipped="0" time="0"><testcase classname="MqttPortChangeConnectionFails" name="mqtt_port_change_connection_fails" />
</testsuite><testsuite name="mqtt_port_change_connection_works" tests="1" errors="0" failures="0" skipped="1" time="0"><testcase classname="MqttPortChangeConnectionWorks" name="mqtt_port_change_connection_works">
		<skipped message="SKIPPED: failing intermitently" />
		<system-out>09:14:59 INFO  ==============================================================
09:14:59 INFO  Id:    mqtt_port_change_connection_works
09:14:59 INFO  Dir:   misc_features/
09:14:59 INFO  Title: mqtt port change connection works for all the thin-edge services that use the mosquitto broker
09:14:59 INFO  ==============================================================
09:14:59 INFO  failing intermitently ... skipped
09:14:59 INFO  
09:14:59 INFO  Test duration: 0.02 secs
09:14:59 INFO  Test final outcome:  SKIPPED
09:14:59 INFO  Test outcome reason: failing intermitently
09:14:59 INFO  
</system-out>
	</testcase>
</testsuite><testsuite name="publish_flux" tests="1" errors="0" failures="0" skipped="0" time="0"><testcase classname="PublishFlux" name="publish_flux" />
</testsuite><testsuite name="publish_sawmill" tests="1" errors="0" failures="0" skipped="0" time="0"><testcase classname="PublishSawmill" name="publish_sawmill" />
</testsuite><testsuite name="runtime_start_two_mappers" tests="1" errors="0" failures="0" skipped="0" time="0"><testcase classname="RuntimeMultiMappers" name="runtime_start_two_mappers" />
</testsuite><testsuite name="sm_tedge_mapper_init_session" tests="1" errors="0" failures="0" skipped="0" time="0"><testcase classname="TedgeSMMapperInitSession" name="sm_tedge_mapper_init_session" />
</testsuite><testsuite name="smoketest_json" tests="1" errors="0" failures="0" skipped="0" time="0"><testcase classname="SmokeTestJson" name="smoketest_json" />
</testsuite><testsuite name="smoketest_json_400_samples_10ms" tests="1" errors="0" failures="0" skipped="0" time="0"><testcase classname="SmoketestJson400Samples10ms" name="smoketest_json_400_samples_10ms" />
</testsuite><testsuite name="smoketest_json_400_samples_20ms" tests="1" errors="0" failures="0" skipped="0" time="0"><testcase classname="SmoketestJson400Samples20ms" name="smoketest_json_400_samples_20ms" />
</testsuite><testsuite name="smoketest_smartrest" tests="1" errors="0" failures="0" skipped="0" time="0"><testcase classname="SmoketestSmartRest" name="smoketest_smartrest" />
</testsuite><testsuite name="smoketest_smartrest_400_samples_1Xms" tests="1" errors="0" failures="0" skipped="0" time="0"><testcase classname="SmoketestSmartRest400Samples1Xms" name="smoketest_smartrest_400_samples_1Xms" />
</testsuite><testsuite name="smoketest_smartrest_400_samples_20ms" tests="1" errors="0" failures="0" skipped="0" time="0"><testcase classname="SmoketestSmartRest400Samples20ms" name="smoketest_smartrest_400_samples_20ms" />
</testsuite><testsuite name="tedge_agent_user_sudo_access" tests="1" errors="0" failures="0" skipped="1" time="0"><testcase classname="TedgeAgentUserSudoAccess" name="tedge_agent_user_sudo_access">
		<skipped message="SKIPPED: #955 Observation: Exit code of the apt plugin when called with no arguments" />
		<system-out>09:26:07 INFO  ==============================================================
09:26:07 INFO  Id:    tedge_agent_user_sudo_access
09:26:07 INFO  Dir:   tedge/
09:26:07 INFO  Title: Validate tedge-agent user has a limited sudo right
09:26:07 INFO  ==============================================================
09:26:07 INFO  #955 Observation: Exit code of the apt plugin when called with no arguments ... skipped
09:26:07 INFO  
09:26:07 INFO  Test duration: 0.02 secs
09:26:08 INFO  Test final outcome:  SKIPPED
09:26:08 INFO  Test outcome reason: #955 Observation: Exit code of the apt plugin when called with no arguments
09:26:08 INFO  
</system-out>
	</testcase>
</testsuite><testsuite name="tedge_connect_test_negative" tests="1" errors="0" failures="0" skipped="0" time="0"><testcase classname="TedgeConnectTestNegative" name="tedge_connect_test_negative" />
</testsuite><testsuite name="tedge_connect_test_positive" tests="1" errors="0" failures="0" skipped="0" time="0"><testcase classname="TedgeConnectTestPositive" name="tedge_connect_test_positive" />
</testsuite><testsuite name="tedge_connect_test_sm_services" tests="1" errors="0" failures="0" skipped="0" time="0"><testcase classname="TedgeConnectTestSMServices" name="tedge_connect_test_sm_services" />
</testsuite><testsuite name="tedge_disconnect_test_sm_services" tests="1" errors="0" failures="0" skipped="0" time="0"><testcase classname="TedgeDisConnectTestSMServices" name="tedge_disconnect_test_sm_services" />
</testsuite><testsuite name="tedge_mapper_az_negative" tests="1" errors="0" failures="0" skipped="0" time="0"><testcase classname="TedgeMapperAzError" name="tedge_mapper_az_negative" />
</testsuite><testsuite name="tedge_mapper_az_with_timestamp" tests="1" errors="0" failures="0" skipped="0" time="0"><testcase classname="TedgeMapperAzWithTimestamp" name="tedge_mapper_az_with_timestamp" />
</testsuite><testsuite name="tedge_mapper_az_without_timestamp" tests="1" errors="0" failures="0" skipped="0" time="0"><testcase classname="TedgeMapperAzWithoutTimestamp" name="tedge_mapper_az_without_timestamp" />
</testsuite><testsuite name="tedge_mapper_c8y_alarms" tests="1" errors="0" failures="0" skipped="0" time="0"><testcase classname="TedgeMapperC8yAlarm" name="tedge_mapper_c8y_alarms" />
</testsuite><testsuite name="tedge_mapper_c8y_child_device_measurement" tests="1" errors="0" failures="0" skipped="0" time="0"><testcase classname="TedgeMapperC8yChildDevice" name="tedge_mapper_c8y_child_device_measurement" />
</testsuite><testsuite name="tedge_mapper_c8y_packet_threshold_size" tests="1" errors="0" failures="1" skipped="0" time="0"><testcase classname="TedgeMapperC8yThresholdPacketSize" name="tedge_mapper_c8y_packet_threshold_size">
		<failure message="FAILED: Grep on tedge_sub.out contains &quot;The size of the message received on tedge/measurements is 20489 which is greater than the threshold size of 16184.&quot;" type="FAILED" />
		<system-out>09:30:35 INFO  ==============================================================
09:30:35 INFO  Id:    tedge_mapper_c8y_packet_threshold_size
09:30:35 INFO  Dir:   tedge_mapper_c8y/
09:30:35 INFO  Title: Validate the Cumulocity Mapper accepted threshold packet size when it receives a message on tedge/measurements
09:30:35 INFO  ==============================================================
09:30:36 INFO  Executed sudo&lt;tedge_mapper_c8y&gt;, exit status 0
09:30:36 INFO  Started sudo&lt;tedge_sub&gt; with process id 25464
09:30:37 INFO  Executed sudo&lt;tedge_msg&gt;, exit status 0
09:30:37 INFO  Executed sudo&lt;tedge_pub&gt;, exit status 0
09:30:38 INFO  Executed sudo&lt;kill_out&gt;, exit status 0
09:30:38 WARN  Grep on tedge_sub.out contains "The size of the message received on tedge/measurements is 20489 which is greater than the threshold size of 16184." ... failed [run.py:88]
09:30:38 INFO  
09:30:38 INFO  cleanup:
09:30:38 INFO  mapper_cleanup
09:30:38 INFO  Executed sudo&lt;tedge_mapper_c8y&gt;, exit status 0
09:30:38 INFO  
09:30:38 INFO  Test duration: 2.98 secs
09:30:38 INFO  Test final outcome:  FAILED
09:30:38 INFO  Test outcome reason: Grep on tedge_sub.out contains "The size of the message received on tedge/measurements is 20489 which is greater than the threshold size of 16184."
09:30:38 INFO  
</system-out>
	</testcase>
</testsuite><testsuite name="tedge_software_update" tests="1" errors="0" failures="0" skipped="0" time="0"><testcase classname="PySysTest" name="tedge_software_update" />
</testsuite><testsuite name="valid_device_id" tests="1" errors="0" failures="0" skipped="0" time="0"><testcase classname="ValidateValidDeviceId" name="valid_device_id" />
</testsuite></testsuites>