<?xml version='1.0' encoding='utf-8'?>
<testsuites tests="139" failures="16" errors="0" skipped="45" time="0.0"><testsuite name="SoftwareManagement.Plugin.apama_plugin_install" tests="3" errors="0" failures="0" skipped="1" time="0"><testcase classname="ApamaPluginInstallTest" name="SoftwareManagement.Plugin.apama_plugin_install">
		<skipped message="SKIPPED: Apama plugin tests are disabled by default. Execute `pysys run` with `-XmyPlatform=container` to run these tests" />
		<system-out>10:17:56 INFO  ==============================================================
10:17:56 INFO  Id:    SoftwareManagement.Plugin.apama_plugin_install
10:17:56 INFO  Dir:   plugin_apama/
10:17:56 INFO  Title: Validate apama plugin install
10:17:56 INFO  ==============================================================
10:17:56 INFO  Apama plugin tests are disabled by default. Execute `pysys run` with `-XmyPlatform=container` to run these tests ... skipped
10:17:56 WARN  Aborted test due to SKIPPED outcome
10:17:56 INFO  
10:17:56 INFO  Test duration: 0.05 secs
10:17:56 INFO  Test final outcome:  SKIPPED
10:17:56 INFO  Test outcome reason: Apama plugin tests are disabled by default. Execute `pysys run` with `-XmyPlatform=container` to run these tests
10:17:56 INFO  
</system-out>
	</testcase>
<testcase classname="ApamaPluginInstallTest" name="SoftwareManagement.Plugin.apama_plugin_install" />
<testcase classname="ApamaPluginInstallTest" name="SoftwareManagement.Plugin.apama_plugin_install" />
</testsuite><testsuite name="SoftwareManagement.Plugin.apama_plugin_mon_support" tests="3" errors="0" failures="0" skipped="1" time="0"><testcase classname="ApamaPluginMonSupportTest" name="SoftwareManagement.Plugin.apama_plugin_mon_support">
		<skipped message="SKIPPED: Apama plugin tests are disabled by default. Execute `pysys run` with `-XmyPlatform=container` to run these tests" />
		<system-out>10:17:56 INFO  ==============================================================
10:17:56 INFO  Id:    SoftwareManagement.Plugin.apama_plugin_mon_support
10:17:56 INFO  Dir:   plugin_apama/
10:17:56 INFO  Title: Validate mon file support of apama plugin
10:17:56 INFO  ==============================================================
10:17:56 INFO  Apama plugin tests are disabled by default. Execute `pysys run` with `-XmyPlatform=container` to run these tests ... skipped
10:17:56 WARN  Aborted test due to SKIPPED outcome
10:17:56 INFO  
10:17:56 INFO  Test duration: 0.05 secs
10:17:56 INFO  Test final outcome:  SKIPPED
10:17:56 INFO  Test outcome reason: Apama plugin tests are disabled by default. Execute `pysys run` with `-XmyPlatform=container` to run these tests
10:17:56 INFO  
</system-out>
	</testcase>
<testcase classname="ApamaPluginMonSupportTest" name="SoftwareManagement.Plugin.apama_plugin_mon_support" />
<testcase classname="ApamaPluginMonSupportTest" name="SoftwareManagement.Plugin.apama_plugin_mon_support" />
</testsuite><testsuite name="SoftwareManagement.Plugin.apama_plugin_remove" tests="3" errors="0" failures="0" skipped="1" time="0"><testcase classname="ApamaPluginRemoveTest" name="SoftwareManagement.Plugin.apama_plugin_remove">
		<skipped message="SKIPPED: Apama plugin tests are disabled by default. Execute `pysys run` with `-XmyPlatform=container` to run these tests" />
		<system-out>10:17:56 INFO  ==============================================================
10:17:56 INFO  Id:    SoftwareManagement.Plugin.apama_plugin_remove
10:17:56 INFO  Dir:   plugin_apama/
10:17:56 INFO  Title: Validate apama plugin remove
10:17:56 INFO  ==============================================================
10:17:56 INFO  Apama plugin tests are disabled by default. Execute `pysys run` with `-XmyPlatform=container` to run these tests ... skipped
10:17:56 WARN  Aborted test due to SKIPPED outcome
10:17:56 INFO  
10:17:56 INFO  Test duration: 0.02 secs
10:17:56 INFO  Test final outcome:  SKIPPED
10:17:56 INFO  Test outcome reason: Apama plugin tests are disabled by default. Execute `pysys run` with `-XmyPlatform=container` to run these tests
10:17:56 INFO  
</system-out>
	</testcase>
<testcase classname="ApamaPluginRemoveTest" name="SoftwareManagement.Plugin.apama_plugin_remove" />
<testcase classname="ApamaPluginRemoveTest" name="SoftwareManagement.Plugin.apama_plugin_remove" />
</testsuite><testsuite name="SoftwareManagement.Plugin.apama_plugin_update" tests="3" errors="0" failures="2" skipped="1" time="0"><testcase classname="ApamaPluginUpdateTest" name="SoftwareManagement.Plugin.apama_plugin_update">
		<skipped message="SKIPPED: Apama plugin tests are disabled by default. Execute `pysys run` with `-XmyPlatform=container` to run these tests" />
		<system-out>10:17:56 INFO  ==============================================================
10:17:56 INFO  Id:    SoftwareManagement.Plugin.apama_plugin_update
10:17:56 INFO  Dir:   plugin_apama/
10:17:56 INFO  Title: Validate apama plugin updating one project with another
10:17:56 INFO  ==============================================================
10:17:56 INFO  Apama plugin tests are disabled by default. Execute `pysys run` with `-XmyPlatform=container` to run these tests ... skipped
10:17:56 WARN  Aborted test due to SKIPPED outcome
10:17:56 INFO  
10:17:56 INFO  Test duration: 0.02 secs
10:17:56 INFO  Test final outcome:  SKIPPED
10:17:56 INFO  Test outcome reason: Apama plugin tests are disabled by default. Execute `pysys run` with `-XmyPlatform=container` to run these tests
10:17:56 INFO  
</system-out>
	</testcase>
<testcase classname="ApamaPluginUpdateTest" name="SoftwareManagement.Plugin.apama_plugin_update">
		<failure message="BLOCKED: sudo&lt;plugin_install&gt; returned non-zero exit code 2" type="BLOCKED" />
		<system-out>11:09:20 INFO  ==============================================================
11:09:20 INFO  Id:    SoftwareManagement.Plugin.apama_plugin_update
11:09:20 INFO  Dir:   plugin_apama/
11:09:20 INFO  Title: Validate apama plugin updating one project with another
11:09:20 INFO  ==============================================================
11:09:20 INFO  Assertion that path exists=False for "/etc/tedge/apama/project" ... passed
11:09:21 INFO  Executed sudo&lt;create_project_dir&gt;, exit status 0
11:09:21 INFO  Executed sudo&lt;unzip_apama_project&gt;, exit status 0
11:09:22 INFO  Executed sudo&lt;move_apama_project&gt;, exit status 0
11:09:23 INFO  Executed sudo&lt;restart_apama_service&gt;, exit status 0
11:09:24 INFO  Executed sudo&lt;apama_correlator_wait&gt;, exit status 0
11:09:24 INFO  Assertion that path exists=True for "/etc/tedge/apama/project" ... passed
11:09:24 INFO  Executed sudo&lt;apama_list_monitors&gt;, exit status 0
11:09:24 INFO  Grep on file /home/pi/actions-runner/_work/thin-edge.io/thin-edge.io/tests/PySys/plugin_apama/apama_plugin_update/Output/linux/apama_list_monitors.out ... passed
11:09:25 WARN  Executed sudo&lt;plugin_install&gt;, exit status 2
11:09:25 INFO  Contents of plugin_install.err: 
  ERROR: Directory not empty (os error 39)
  -----

11:09:25 WARN  sudo&lt;plugin_install&gt; returned non-zero exit code 2 ... blocked [run.py:35]
11:09:25 WARN  Aborted test due to BLOCKED outcome
11:09:25 INFO  
11:09:25 INFO  cleanup:
11:09:25 INFO  Removing apama project
11:09:40 INFO  Executed sudo&lt;stop_apama_service&gt;, exit status 0, duration 15 secs
11:09:41 INFO  Executed sudo&lt;remove_apama_project&gt;, exit status 0
11:09:41 INFO  Executed sudo&lt;remove_apama_tmp_dir&gt;, exit status 0
11:09:41 INFO  
11:09:41 INFO  Test duration: 21.14 secs
11:09:41 INFO  Test final outcome:  BLOCKED
11:09:41 INFO  Test outcome reason: sudo&lt;plugin_install&gt; returned non-zero exit code 2
11:09:41 INFO  
</system-out>
	</testcase>
<testcase classname="ApamaPluginUpdateTest" name="SoftwareManagement.Plugin.apama_plugin_update">
		<failure message="BLOCKED: sudo&lt;plugin_install&gt; returned non-zero exit code 2" type="BLOCKED" />
		<system-out>11:18:05 INFO  ==============================================================
11:18:05 INFO  Id:    SoftwareManagement.Plugin.apama_plugin_update
11:18:05 INFO  Dir:   plugin_apama/
11:18:05 INFO  Title: Validate apama plugin updating one project with another
11:18:05 INFO  ==============================================================
11:18:05 INFO  Assertion that path exists=False for "/etc/tedge/apama/project" ... passed
11:18:05 INFO  Executed sudo&lt;create_project_dir&gt;, exit status 0
11:18:06 INFO  Executed sudo&lt;unzip_apama_project&gt;, exit status 0
11:18:06 INFO  Executed sudo&lt;move_apama_project&gt;, exit status 0
11:18:07 INFO  Executed sudo&lt;restart_apama_service&gt;, exit status 0
11:18:08 INFO  Executed sudo&lt;apama_correlator_wait&gt;, exit status 0
11:18:08 INFO  Assertion that path exists=True for "/etc/tedge/apama/project" ... passed
11:18:09 INFO  Executed sudo&lt;apama_list_monitors&gt;, exit status 0
11:18:09 INFO  Grep on file /home/pi/actions-runner/_work/thin-edge.io/thin-edge.io/tests/PySys/plugin_apama/apama_plugin_update/Output/linux/apama_list_monitors.out ... passed
11:18:09 WARN  Executed sudo&lt;plugin_install&gt;, exit status 2
11:18:09 INFO  Contents of plugin_install.err: 
  ERROR: Directory not empty (os error 39)
  -----

11:18:09 WARN  sudo&lt;plugin_install&gt; returned non-zero exit code 2 ... blocked [run.py:35]
11:18:09 WARN  Aborted test due to BLOCKED outcome
11:18:09 INFO  
11:18:09 INFO  cleanup:
11:18:09 INFO  Removing apama project
11:18:27 INFO  Executed sudo&lt;stop_apama_service&gt;, exit status 0, duration 17 secs
11:18:28 INFO  Executed sudo&lt;remove_apama_project&gt;, exit status 0
11:18:28 INFO  Executed sudo&lt;remove_apama_tmp_dir&gt;, exit status 0
11:18:28 INFO  
11:18:28 INFO  Test duration: 23.85 secs
11:18:28 INFO  Test final outcome:  BLOCKED
11:18:28 INFO  Test outcome reason: sudo&lt;plugin_install&gt; returned non-zero exit code 2
11:18:28 INFO  
</system-out>
	</testcase>
</testsuite><testsuite name="SoftwareManagement.sm_apt_install_download_path" tests="3" errors="0" failures="2" skipped="1" time="0"><testcase classname="AptInstallWithDownloadPath" name="SoftwareManagement.sm_apt_install_download_path">
		<skipped message="SKIPPED: Testing the apt plugin is not supported on this platform.Use parameter -XmyPlatform='container' to enable it" />
		<system-out>10:27:28 INFO  ==============================================================
10:27:28 INFO  Id:    SoftwareManagement.sm_apt_install_download_path
10:27:28 INFO  Dir:   software_management_end_to_end/
10:27:28 INFO  Title: Install package to directory specified in tedge config set tmp.path
10:27:28 INFO  ==============================================================
10:27:28 INFO  Testing the apt plugin is not supported on this platform.Use parameter -XmyPlatform='container' to enable it ... skipped
10:27:28 WARN  Aborted test due to SKIPPED outcome
10:27:28 INFO  
10:27:28 INFO  Test duration: 0.06 secs
10:27:28 INFO  Test final outcome:  SKIPPED
10:27:28 INFO  Test outcome reason: Testing the apt plugin is not supported on this platform.Use parameter -XmyPlatform='container' to enable it
10:27:28 INFO  
</system-out>
	</testcase>
<testcase classname="AptInstallWithDownloadPath" name="SoftwareManagement.sm_apt_install_download_path">
		<failure message="BLOCKED: AssertionError:" type="BLOCKED" />
		<system-out>10:51:25 INFO  ==============================================================
10:51:25 INFO  Id:    SoftwareManagement.sm_apt_install_download_path
10:51:25 INFO  Dir:   software_management_end_to_end/
10:51:25 INFO  Title: Install package to directory specified in tedge config set tmp.path
10:51:25 INFO  ==============================================================
10:51:25 INFO  Using sw id database: {'asciijump': '5475369', 'robotfindskitten': '5474869', 'squirrel3': '5475279', 'rolldice': '5152439', 'moon-buggy': '5439204', 'apple': '5495053', 'banana': '5494888', 'cherry': '5495382', 'watermelon': '5494510', 'registry': '8018911', 'hello-world': '8021526', 'docker/getting-started': '8021973', 'alpine': '7991792'}
10:51:25 INFO  EnvironmentC8y Setup
10:51:26 INFO  Executed systemctl&lt;serv_mapper1&gt;, exit status 3
10:51:40 INFO  Executed sudo&lt;tedge_connect_c8y&gt;, exit status 0, duration 14 secs
10:51:42 INFO  Executed sudo&lt;tedge_connect_c8y_test&gt;, exit status 0
10:51:43 INFO  Executed systemctl&lt;serv_mosq2&gt;, exit status 0
10:51:44 INFO  Executed systemctl&lt;serv_mapper3&gt;, exit status 0
10:51:46 ERROR No operations found, assuming it passed
10:51:46 INFO  Assert that (False == value) with value=False ... passed
10:51:47 INFO  Executed sudo, exit status 0
10:51:47 INFO  Executed sudo, exit status 0
10:51:48 INFO  Executed sudo, exit status 0
10:51:52 INFO  Executed sudo&lt;tedge_disconnect_c8y&gt;, exit status 0
10:51:52 INFO  Restarting mosquitto too frequently in the last 10 seconds. It was only up for 3 seconds
10:51:52 INFO  Delaying execution by 8 seconds
10:52:14 INFO  Executed sudo&lt;tedge_connect_c8y&gt;, exit status 0, duration 13 secs
10:52:14 INFO  Response status: 201
10:52:14 INFO  Response to action: {
    "delivery": {
        "log": [],
        "time": "2022-07-25T10:52:14.314Z",
        "status": "PENDING"
    },
    "creationTime": "2022-07-25T10:52:14.291Z",
    "deviceId": "21360362",
    "deviceName": "m32sd10d",
    "self": "https://t493319102.eu-latest.cumulocity.com/devicecontrol/operations/21377432",
    "id": "21377432",
    "status": "PENDING",
    "description": "Apply software changes, triggered from PySys: [{'name': 'rolldice', 'id': '5152439', 'version': '::apt', 'url': 'https://thin-edge-io.eu-latest.cumulocity.com/inventory/binaries/12435463', 'action': 'install'}]",
    "c8y_SoftwareUpdate": [
        {
            "name": "rolldice",
            "action": "install",
            "id": "5152439",
            "version": "::apt",
            "url": "https://thin-edge-io.eu-latest.cumulocity.com/inventory/binaries/12435463"
        }
    ]
}
10:52:14 INFO  Started operation: {'delivery': {'log': [], 'time': '2022-07-25T10:52:14.314Z', 'status': 'PENDING'}, 'creationTime': '2022-07-25T10:52:14.291Z', 'deviceId': '21360362', 'deviceName': 'm32sd10d', 'self': 'https://t493319102.eu-latest.cumulocity.com/devicecontrol/operations/21377432', 'id': '21377432', 'status': 'PENDING', 'description': "Apply software changes, triggered from PySys: [{'name': 'rolldice', 'id': '5152439', 'version': '::apt', 'url': 'https://thin-edge-io.eu-latest.cumulocity.com/inventory/binaries/12435463', 'action': 'install'}]", 'c8y_SoftwareUpdate': [{'name': 'rolldice', 'action': 'install', 'id': '5152439', 'version': '::apt', 'url': 'https://thin-edge-io.eu-latest.cumulocity.com/inventory/binaries/12435463'}]}
10:52:14 WARN  , retrying in 0.5 seconds...
10:52:14 WARN  , retrying in 0.5 seconds...
10:52:15 WARN  , retrying in 0.5 seconds...
10:52:15 WARN  , retrying in 0.5 seconds...
10:52:16 WARN  , retrying in 0.5 seconds...
10:52:16 WARN  , retrying in 0.5 seconds...
10:52:17 WARN  , retrying in 0.5 seconds...
10:52:17 WARN  , retrying in 0.5 seconds...
10:52:18 WARN  , retrying in 0.5 seconds...
10:52:18 WARN  AssertionError occurred while running test - 
Traceback (most recent call last):
  File "/home/pi/env-pysys/lib/python3.7/site-packages/pysys/baserunner.py", line 1294, in __call__
    self.testObj.execute()
  File "/home/pi/actions-runner/_work/thin-edge.io/thin-edge.io/tests/PySys/software_management_end_to_end/sm_apt_install_download_path/run.py", line 83, in execute
    assert_install_in_download_path(install_directory=self.DOWNLOAD_DIR)
  File "/home/pi/env-pysys/lib/python3.7/site-packages/decorator.py", line 232, in fun
    return caller(func, *(extras + args), **kw)
  File "/home/pi/env-pysys/lib/python3.7/site-packages/retry/api.py", line 74, in retry_decorator
    logger)
  File "/home/pi/env-pysys/lib/python3.7/site-packages/retry/api.py", line 33, in __retry_internal
    return f()
  File "/home/pi/actions-runner/_work/thin-edge.io/thin-edge.io/tests/PySys/software_management_end_to_end/sm_apt_install_download_path/run.py", line 28, in assert_install_in_download_path
    assert "rolldice" in os.listdir(f"{install_directory}")
AssertionError
10:52:19 WARN  AssertionError: ... blocked 
10:52:19 INFO  
10:52:19 INFO  cleanup:
10:52:20 INFO  Executed sudo, exit status 0
10:52:20 INFO  Executed sudo, exit status 0
10:52:24 INFO  Executed sudo&lt;tedge_disconnect_c8y&gt;, exit status 0
10:52:24 INFO  Restarting mosquitto too frequently in the last 10 seconds. It was only up for 3 seconds
10:52:24 INFO  Delaying execution by 8 seconds
10:52:46 INFO  Executed sudo&lt;tedge_connect_c8y&gt;, exit status 0, duration 13 secs
10:52:51 INFO  Executed sudo&lt;tedge_disconnect_c8y&gt;, exit status 0
10:52:51 INFO  Executed systemctl&lt;serv_mapper5&gt;, exit status 3
10:52:51 INFO  
10:52:51 INFO  Test duration: 86.40 secs
10:52:51 INFO  Test final outcome:  BLOCKED
10:52:51 INFO  Test outcome reason: AssertionError:
10:52:51 INFO  
</system-out>
	</testcase>
<testcase classname="AptInstallWithDownloadPath" name="SoftwareManagement.sm_apt_install_download_path">
		<failure message="BLOCKED: AssertionError:" type="BLOCKED" />
		<system-out>11:18:28 INFO  ==============================================================
11:18:28 INFO  Id:    SoftwareManagement.sm_apt_install_download_path
11:18:28 INFO  Dir:   software_management_end_to_end/
11:18:28 INFO  Title: Install package to directory specified in tedge config set tmp.path
11:18:28 INFO  ==============================================================
11:18:30 INFO  Using sw id database: {'asciijump': '5475369', 'robotfindskitten': '5474869', 'squirrel3': '5475279', 'rolldice': '5152439', 'moon-buggy': '5439204', 'apple': '5495053', 'banana': '5494888', 'cherry': '5495382', 'watermelon': '5494510', 'registry': '8018911', 'hello-world': '8021526', 'docker/getting-started': '8021973', 'alpine': '7991792'}
11:18:30 INFO  EnvironmentC8y Setup
11:18:30 INFO  Executed systemctl&lt;serv_mapper1&gt;, exit status 3
11:18:45 INFO  Executed sudo&lt;tedge_connect_c8y&gt;, exit status 0, duration 14 secs
11:18:45 INFO  Executed sudo&lt;tedge_connect_c8y_test&gt;, exit status 0
11:18:46 INFO  Executed systemctl&lt;serv_mosq2&gt;, exit status 0
11:18:46 INFO  Executed systemctl&lt;serv_mapper3&gt;, exit status 0
11:18:49 INFO  State of current operation: SUCCESSFUL
11:18:49 INFO  Assert that (False == value) with value=False ... passed
11:18:50 INFO  Executed sudo, exit status 0
11:18:50 INFO  Executed sudo, exit status 0
11:18:51 INFO  Executed sudo, exit status 0
11:18:55 INFO  Executed sudo&lt;tedge_disconnect_c8y&gt;, exit status 0
11:18:55 INFO  Restarting mosquitto too frequently in the last 10 seconds. It was only up for 3 seconds
11:18:55 INFO  Delaying execution by 8 seconds
11:19:17 INFO  Executed sudo&lt;tedge_connect_c8y&gt;, exit status 0, duration 13 secs
11:19:17 INFO  Response status: 201
11:19:17 INFO  Response to action: {
    "delivery": {
        "log": [],
        "time": "2022-07-25T11:19:17.557Z",
        "status": "PENDING"
    },
    "creationTime": "2022-07-25T11:19:17.540Z",
    "deviceId": "21360362",
    "deviceName": "m32sd10d",
    "self": "https://t493319102.eu-latest.cumulocity.com/devicecontrol/operations/21377615",
    "id": "21377615",
    "status": "PENDING",
    "description": "Apply software changes, triggered from PySys: [{'name': 'rolldice', 'id': '5152439', 'version': '::apt', 'url': 'https://thin-edge-io.eu-latest.cumulocity.com/inventory/binaries/12435463', 'action': 'install'}]",
    "c8y_SoftwareUpdate": [
        {
            "name": "rolldice",
            "action": "install",
            "id": "5152439",
            "version": "::apt",
            "url": "https://thin-edge-io.eu-latest.cumulocity.com/inventory/binaries/12435463"
        }
    ]
}
11:19:17 INFO  Started operation: {'delivery': {'log': [], 'time': '2022-07-25T11:19:17.557Z', 'status': 'PENDING'}, 'creationTime': '2022-07-25T11:19:17.540Z', 'deviceId': '21360362', 'deviceName': 'm32sd10d', 'self': 'https://t493319102.eu-latest.cumulocity.com/devicecontrol/operations/21377615', 'id': '21377615', 'status': 'PENDING', 'description': "Apply software changes, triggered from PySys: [{'name': 'rolldice', 'id': '5152439', 'version': '::apt', 'url': 'https://thin-edge-io.eu-latest.cumulocity.com/inventory/binaries/12435463', 'action': 'install'}]", 'c8y_SoftwareUpdate': [{'name': 'rolldice', 'action': 'install', 'id': '5152439', 'version': '::apt', 'url': 'https://thin-edge-io.eu-latest.cumulocity.com/inventory/binaries/12435463'}]}
11:19:17 WARN  , retrying in 0.5 seconds...
11:19:18 WARN  , retrying in 0.5 seconds...
11:19:18 WARN  , retrying in 0.5 seconds...
11:19:19 WARN  , retrying in 0.5 seconds...
11:19:19 WARN  , retrying in 0.5 seconds...
11:19:20 WARN  , retrying in 0.5 seconds...
11:19:20 WARN  , retrying in 0.5 seconds...
11:19:21 WARN  , retrying in 0.5 seconds...
11:19:21 WARN  , retrying in 0.5 seconds...
11:19:22 WARN  AssertionError occurred while running test - 
Traceback (most recent call last):
  File "/home/pi/env-pysys/lib/python3.7/site-packages/pysys/baserunner.py", line 1294, in __call__
    self.testObj.execute()
  File "/home/pi/actions-runner/_work/thin-edge.io/thin-edge.io/tests/PySys/software_management_end_to_end/sm_apt_install_download_path/run.py", line 83, in execute
    assert_install_in_download_path(install_directory=self.DOWNLOAD_DIR)
  File "/home/pi/env-pysys/lib/python3.7/site-packages/decorator.py", line 232, in fun
    return caller(func, *(extras + args), **kw)
  File "/home/pi/env-pysys/lib/python3.7/site-packages/retry/api.py", line 74, in retry_decorator
    logger)
  File "/home/pi/env-pysys/lib/python3.7/site-packages/retry/api.py", line 33, in __retry_internal
    return f()
  File "/home/pi/actions-runner/_work/thin-edge.io/thin-edge.io/tests/PySys/software_management_end_to_end/sm_apt_install_download_path/run.py", line 28, in assert_install_in_download_path
    assert "rolldice" in os.listdir(f"{install_directory}")
AssertionError
11:19:22 WARN  AssertionError: ... blocked 
11:19:22 INFO  
11:19:22 INFO  cleanup:
11:19:22 INFO  Executed sudo, exit status 0
11:19:23 INFO  Executed sudo, exit status 0
11:19:30 INFO  Executed sudo&lt;tedge_disconnect_c8y&gt;, exit status 0
11:19:30 INFO  Restarting mosquitto too frequently in the last 10 seconds. It was only up for 6 seconds
11:19:30 INFO  Delaying execution by 5 seconds
11:19:49 INFO  Executed sudo&lt;tedge_connect_c8y&gt;, exit status 0, duration 14 secs
11:19:53 INFO  Executed sudo&lt;tedge_disconnect_c8y&gt;, exit status 0
11:19:54 INFO  Executed systemctl&lt;serv_mapper5&gt;, exit status 3
11:19:54 INFO  
11:19:54 INFO  Test duration: 85.46 secs
11:19:54 INFO  Test final outcome:  BLOCKED
11:19:54 INFO  Test outcome reason: AssertionError:
11:19:54 INFO  
</system-out>
	</testcase>
</testsuite><testsuite name="SoftwareManagement.sm_apt_install_fail" tests="3" errors="0" failures="0" skipped="1" time="0"><testcase classname="PySysTest" name="SoftwareManagement.sm_apt_install_fail">
		<skipped message="SKIPPED: Testing the apt plugin is not supported on this platform.Use parameter -XmyPlatform='container' to enable it" />
		<system-out>10:27:28 INFO  ==============================================================
10:27:28 INFO  Id:    SoftwareManagement.sm_apt_install_fail
10:27:28 INFO  Dir:   software_management_end_to_end/
10:27:28 INFO  Title: Validate end to end behaviour for a failing installation
10:27:28 INFO  ==============================================================
10:27:28 INFO  Testing the apt plugin is not supported on this platform.Use parameter -XmyPlatform='container' to enable it ... skipped
10:27:28 WARN  Aborted test due to SKIPPED outcome
10:27:28 INFO  
10:27:28 INFO  Test duration: 0.02 secs
10:27:28 INFO  Test final outcome:  SKIPPED
10:27:28 INFO  Test outcome reason: Testing the apt plugin is not supported on this platform.Use parameter -XmyPlatform='container' to enable it
10:27:28 INFO  
</system-out>
	</testcase>
<testcase classname="PySysTest" name="SoftwareManagement.sm_apt_install_fail" />
<testcase classname="PySysTest" name="SoftwareManagement.sm_apt_install_fail" />
</testsuite><testsuite name="SoftwareManagement.sm_apt_install_remove" tests="3" errors="0" failures="0" skipped="1" time="0"><testcase classname="PySysTest" name="SoftwareManagement.sm_apt_install_remove">
		<skipped message="SKIPPED: Testing the apt plugin is not supported on this platform.Use parameter -XmyPlatform='container' to enable it" />
		<system-out>10:27:28 INFO  ==============================================================
10:27:28 INFO  Id:    SoftwareManagement.sm_apt_install_remove
10:27:28 INFO  Dir:   software_management_end_to_end/
10:27:28 INFO  Title: Validate end to end behaviour for the apt plugin for installation and removal of packages
10:27:28 INFO  ==============================================================
10:27:28 INFO  Testing the apt plugin is not supported on this platform.Use parameter -XmyPlatform='container' to enable it ... skipped
10:27:28 WARN  Aborted test due to SKIPPED outcome
10:27:28 INFO  
10:27:28 INFO  Test duration: 0.02 secs
10:27:28 INFO  Test final outcome:  SKIPPED
10:27:28 INFO  Test outcome reason: Testing the apt plugin is not supported on this platform.Use parameter -XmyPlatform='container' to enable it
10:27:28 INFO  
</system-out>
	</testcase>
<testcase classname="PySysTest" name="SoftwareManagement.sm_apt_install_remove" />
<testcase classname="PySysTest" name="SoftwareManagement.sm_apt_install_remove" />
</testsuite><testsuite name="SoftwareManagement.sm_apt_install_remove_default" tests="3" errors="0" failures="0" skipped="1" time="0"><testcase classname="PySysTest" name="SoftwareManagement.sm_apt_install_remove_default">
		<skipped message="SKIPPED: Testing the apt plugin is not supported on this platform.Use parameter -XmyPlatform='container' to enable it" />
		<system-out>10:27:28 INFO  ==============================================================
10:27:28 INFO  Id:    SoftwareManagement.sm_apt_install_remove_default
10:27:28 INFO  Dir:   software_management_end_to_end/
10:27:28 INFO  Title: Validate end to end behaviour for the default plugin for installation and removal of packages
10:27:28 INFO  ==============================================================
10:27:28 INFO  Testing the apt plugin is not supported on this platform.Use parameter -XmyPlatform='container' to enable it ... skipped
10:27:28 WARN  Aborted test due to SKIPPED outcome
10:27:28 INFO  
10:27:28 INFO  Test duration: 0.02 secs
10:27:28 INFO  Test final outcome:  SKIPPED
10:27:28 INFO  Test outcome reason: Testing the apt plugin is not supported on this platform.Use parameter -XmyPlatform='container' to enable it
10:27:28 INFO  
</system-out>
	</testcase>
<testcase classname="PySysTest" name="SoftwareManagement.sm_apt_install_remove_default" />
<testcase classname="PySysTest" name="SoftwareManagement.sm_apt_install_remove_default" />
</testsuite><testsuite name="SoftwareManagement.sm_apt_install_remove_multiple" tests="3" errors="0" failures="2" skipped="1" time="0"><testcase classname="PySysTest" name="SoftwareManagement.sm_apt_install_remove_multiple">
		<skipped message="SKIPPED: Testing the apt plugin is not supported on this platform.Use parameter -XmyPlatform='container' to enable it" />
		<system-out>10:27:28 INFO  ==============================================================
10:27:28 INFO  Id:    SoftwareManagement.sm_apt_install_remove_multiple
10:27:28 INFO  Dir:   software_management_end_to_end/
10:27:28 INFO  Title: Validate end to end behaviour for the apt plugin for multiple packages
10:27:28 INFO  ==============================================================
10:27:28 INFO  Testing the apt plugin is not supported on this platform.Use parameter -XmyPlatform='container' to enable it ... skipped
10:27:28 WARN  Aborted test due to SKIPPED outcome
10:27:29 INFO  
10:27:29 INFO  Test duration: 0.02 secs
10:27:29 INFO  Test final outcome:  SKIPPED
10:27:29 INFO  Test outcome reason: Testing the apt plugin is not supported on this platform.Use parameter -XmyPlatform='container' to enable it
10:27:29 INFO  
</system-out>
	</testcase>
<testcase classname="PySysTest" name="SoftwareManagement.sm_apt_install_remove_multiple">
		<failure message="FAILED: Assert that (False == value) with value=True" type="FAILED" />
		<system-out>10:59:38 INFO  ==============================================================
10:59:38 INFO  Id:    SoftwareManagement.sm_apt_install_remove_multiple
10:59:38 INFO  Dir:   software_management_end_to_end/
10:59:38 INFO  Title: Validate end to end behaviour for the apt plugin for multiple packages
10:59:38 INFO  ==============================================================
10:59:38 INFO  Using sw id database: {'asciijump': '5475369', 'robotfindskitten': '5474869', 'squirrel3': '5475279', 'rolldice': '5152439', 'moon-buggy': '5439204', 'apple': '5495053', 'banana': '5494888', 'cherry': '5495382', 'watermelon': '5494510', 'registry': '8018911', 'hello-world': '8021526', 'docker/getting-started': '8021973', 'alpine': '7991792'}
10:59:38 INFO  EnvironmentC8y Setup
10:59:39 INFO  Executed systemctl&lt;serv_mapper1&gt;, exit status 3
10:59:39 INFO  Restarting mosquitto too frequently in the last 10 seconds. It was only up for 5 seconds
10:59:39 INFO  Delaying execution by 6 seconds
10:59:59 INFO  Executed sudo&lt;tedge_connect_c8y&gt;, exit status 0, duration 13 secs
10:59:59 INFO  Executed sudo&lt;tedge_connect_c8y_test&gt;, exit status 0
11:00:00 INFO  Executed systemctl&lt;serv_mosq2&gt;, exit status 0
11:00:00 INFO  Executed systemctl&lt;serv_mapper3&gt;, exit status 0
11:00:03 INFO  State of current operation: SUCCESSFUL
11:00:03 INFO  Assert that (False == value) with value=False ... passed
11:00:03 INFO  Assert that (False == value) with value=False ... passed
11:00:03 INFO  Assert that (False == value) with value=False ... passed
11:00:04 INFO  Package robotfindskitten is installed
11:00:04 WARN  Assert that (False == value) with value=True ... failed 
11:00:04 INFO  Response status: 201
11:00:04 INFO  Response to action: {
    "creationTime": "2022-07-25T11:00:04.268Z",
    "deviceId": "21360362",
    "deviceName": "m32sd10d",
    "self": "https://t493319102.eu-latest.cumulocity.com/devicecontrol/operations/21377500",
    "id": "21377500",
    "status": "PENDING",
    "description": "Apply software changes, triggered from PySys: [{'action': 'install', 'id': '5475369', 'name': 'asciijump', 'url': ' ', 'version': '::apt'}, {'action': 'install', 'id': '5474869', 'name': 'robotfindskitten', 'url': ' ', 'version': '::apt'}, {'action': 'install', 'id': '5475279', 'name': 'squirrel3', 'url': ' ', 'version': '::apt'}]",
    "c8y_SoftwareUpdate": [
        {
            "name": "asciijump",
            "action": "install",
            "id": "5475369",
            "version": "::apt",
            "url": " "
        },
        {
            "name": "robotfindskitten",
            "action": "install",
            "id": "5474869",
            "version": "::apt",
            "url": " "
        },
        {
            "name": "squirrel3",
            "action": "install",
            "id": "5475279",
            "version": "::apt",
            "url": " "
        }
    ]
}
11:00:04 INFO  Started operation: {'creationTime': '2022-07-25T11:00:04.268Z', 'deviceId': '21360362', 'deviceName': 'm32sd10d', 'self': 'https://t493319102.eu-latest.cumulocity.com/devicecontrol/operations/21377500', 'id': '21377500', 'status': 'PENDING', 'description': "Apply software changes, triggered from PySys: [{'action': 'install', 'id': '5475369', 'name': 'asciijump', 'url': ' ', 'version': '::apt'}, {'action': 'install', 'id': '5474869', 'name': 'robotfindskitten', 'url': ' ', 'version': '::apt'}, {'action': 'install', 'id': '5475279', 'name': 'squirrel3', 'url': ' ', 'version': '::apt'}]", 'c8y_SoftwareUpdate': [{'name': 'asciijump', 'action': 'install', 'id': '5475369', 'version': '::apt', 'url': ' '}, {'name': 'robotfindskitten', 'action': 'install', 'id': '5474869', 'version': '::apt', 'url': ' '}, {'name': 'squirrel3', 'action': 'install', 'id': '5475279', 'version': '::apt', 'url': ' '}]}
11:00:06 INFO  State of operation 21377500 : PENDING
11:00:08 INFO  State of operation 21377500 : EXECUTING
11:00:11 INFO  State of operation 21377500 : EXECUTING
11:00:13 INFO  State of operation 21377500 : EXECUTING
11:00:15 INFO  State of operation 21377500 : EXECUTING
11:00:17 INFO  State of operation 21377500 : EXECUTING
11:00:20 INFO  State of operation 21377500 : EXECUTING
11:00:23 INFO  State of operation 21377500 : EXECUTING
11:00:25 INFO  State of operation 21377500 : EXECUTING
11:00:27 INFO  State of operation 21377500 : EXECUTING
11:00:30 INFO  State of operation 21377500 : EXECUTING
11:00:32 INFO  State of operation 21377500 : EXECUTING
11:00:34 INFO  State of operation 21377500 : EXECUTING
11:00:37 INFO  State of operation 21377500 : EXECUTING
11:00:39 INFO  State of operation 21377500 : EXECUTING
11:00:41 INFO  State of operation 21377500 : EXECUTING
11:00:44 INFO  State of operation 21377500 : EXECUTING
11:00:46 INFO  State of operation 21377500 : EXECUTING
11:00:49 INFO  State of operation 21377500 : EXECUTING
11:00:51 INFO  State of operation 21377500 : EXECUTING
11:00:53 INFO  State of operation 21377500 : EXECUTING
11:00:56 INFO  State of operation 21377500 : EXECUTING
11:00:58 INFO  State of operation 21377500 : EXECUTING
11:01:01 INFO  State of operation 21377500 : EXECUTING
11:01:03 INFO  State of operation 21377500 : EXECUTING
11:01:06 INFO  State of operation 21377500 : EXECUTING
11:01:08 INFO  State of operation 21377500 : EXECUTING
11:01:11 INFO  State of operation 21377500 : EXECUTING
11:01:13 INFO  State of operation 21377500 : EXECUTING
11:01:16 INFO  State of operation 21377500 : EXECUTING
11:01:18 INFO  State of operation 21377500 : EXECUTING
11:01:20 INFO  State of operation 21377500 : EXECUTING
11:01:22 INFO  State of operation 21377500 : EXECUTING
11:01:24 INFO  State of operation 21377500 : SUCCESSFUL
11:01:25 INFO  Assert that (False == value) with value=False ... passed
11:01:25 INFO  Package asciijump is installed
11:01:25 INFO  Assert that (True == value) with value=True ... passed
11:01:25 INFO  Package squirrel3 is installed
11:01:25 INFO  Assert that (True == value) with value=True ... passed
11:01:25 INFO  Package robotfindskitten is installed
11:01:25 INFO  Assert that (True == value) with value=True ... passed
11:01:26 INFO  Response status: 201
11:01:26 INFO  Response to action: {
    "creationTime": "2022-07-25T11:01:26.136Z",
    "deviceId": "21360362",
    "deviceName": "m32sd10d",
    "self": "https://t493319102.eu-latest.cumulocity.com/devicecontrol/operations/21377512",
    "id": "21377512",
    "status": "PENDING",
    "description": "Apply software changes, triggered from PySys: [{'action': 'delete', 'id': '5475369', 'name': 'asciijump', 'url': ' ', 'version': '::apt'}, {'action': 'delete', 'id': '5474869', 'name': 'robotfindskitten', 'url': ' ', 'version': '::apt'}, {'action': 'delete', 'id': '5475279', 'name': 'squirrel3', 'url': ' ', 'version': '::apt'}]",
    "c8y_SoftwareUpdate": [
        {
            "name": "asciijump",
            "action": "delete",
            "id": "5475369",
            "version": "::apt",
            "url": " "
        },
        {
            "name": "robotfindskitten",
            "action": "delete",
            "id": "5474869",
            "version": "::apt",
            "url": " "
        },
        {
            "name": "squirrel3",
            "action": "delete",
            "id": "5475279",
            "version": "::apt",
            "url": " "
        }
    ]
}
11:01:26 INFO  Started operation: {'creationTime': '2022-07-25T11:01:26.136Z', 'deviceId': '21360362', 'deviceName': 'm32sd10d', 'self': 'https://t493319102.eu-latest.cumulocity.com/devicecontrol/operations/21377512', 'id': '21377512', 'status': 'PENDING', 'description': "Apply software changes, triggered from PySys: [{'action': 'delete', 'id': '5475369', 'name': 'asciijump', 'url': ' ', 'version': '::apt'}, {'action': 'delete', 'id': '5474869', 'name': 'robotfindskitten', 'url': ' ', 'version': '::apt'}, {'action': 'delete', 'id': '5475279', 'name': 'squirrel3', 'url': ' ', 'version': '::apt'}]", 'c8y_SoftwareUpdate': [{'name': 'asciijump', 'action': 'delete', 'id': '5475369', 'version': '::apt', 'url': ' '}, {'name': 'robotfindskitten', 'action': 'delete', 'id': '5474869', 'version': '::apt', 'url': ' '}, {'name': 'squirrel3', 'action': 'delete', 'id': '5475279', 'version': '::apt', 'url': ' '}]}
11:01:28 INFO  State of operation 21377512 : PENDING
11:01:30 INFO  State of operation 21377512 : EXECUTING
11:01:32 INFO  State of operation 21377512 : EXECUTING
11:01:35 INFO  State of operation 21377512 : EXECUTING
11:01:37 INFO  State of operation 21377512 : EXECUTING
11:01:39 INFO  State of operation 21377512 : EXECUTING
11:01:42 INFO  State of operation 21377512 : EXECUTING
11:01:45 INFO  State of operation 21377512 : EXECUTING
11:01:47 INFO  State of operation 21377512 : EXECUTING
11:01:49 INFO  State of operation 21377512 : EXECUTING
11:01:51 INFO  State of operation 21377512 : EXECUTING
11:01:54 INFO  State of operation 21377512 : EXECUTING
11:01:56 INFO  State of operation 21377512 : EXECUTING
11:01:58 INFO  State of operation 21377512 : EXECUTING
11:02:01 INFO  State of operation 21377512 : EXECUTING
11:02:03 INFO  State of operation 21377512 : EXECUTING
11:02:05 INFO  State of operation 21377512 : EXECUTING
11:02:08 INFO  State of operation 21377512 : EXECUTING
11:02:10 INFO  State of operation 21377512 : EXECUTING
11:02:13 INFO  State of operation 21377512 : EXECUTING
11:02:15 INFO  State of operation 21377512 : EXECUTING
11:02:17 INFO  State of operation 21377512 : EXECUTING
11:02:19 INFO  State of operation 21377512 : EXECUTING
11:02:21 INFO  State of operation 21377512 : EXECUTING
11:02:24 INFO  State of operation 21377512 : EXECUTING
11:02:26 INFO  State of operation 21377512 : EXECUTING
11:02:29 INFO  State of operation 21377512 : EXECUTING
11:02:31 INFO  State of operation 21377512 : SUCCESSFUL
11:02:31 INFO  Assert that (False == value) with value=False ... passed
11:02:31 INFO  Assert that (False == value) with value=False ... passed
11:02:32 INFO  Assert that (False == value) with value=False ... passed
11:02:32 INFO  Assert that (False == value) with value=False ... passed
11:02:32 INFO  
11:02:32 INFO  cleanup:
11:02:36 INFO  Executed sudo&lt;tedge_disconnect_c8y&gt;, exit status 0
11:02:36 INFO  Executed systemctl&lt;serv_mapper5&gt;, exit status 3
11:02:36 INFO  
11:02:36 INFO  Test duration: 178.22 secs
11:02:36 INFO  Test final outcome:  FAILED
11:02:36 INFO  Test outcome reason: Assert that (False == value) with value=True
11:02:36 INFO  
</system-out>
	</testcase>
<testcase classname="PySysTest" name="SoftwareManagement.sm_apt_install_remove_multiple">
		<failure message="FAILED: Assert that (False == value) with value=True (+2 other failures)" type="FAILED" />
		<system-out>11:26:32 INFO  ==============================================================
11:26:32 INFO  Id:    SoftwareManagement.sm_apt_install_remove_multiple
11:26:32 INFO  Dir:   software_management_end_to_end/
11:26:32 INFO  Title: Validate end to end behaviour for the apt plugin for multiple packages
11:26:32 INFO  ==============================================================
11:26:32 INFO  Using sw id database: {'asciijump': '5475369', 'robotfindskitten': '5474869', 'squirrel3': '5475279', 'rolldice': '5152439', 'moon-buggy': '5439204', 'apple': '5495053', 'banana': '5494888', 'cherry': '5495382', 'watermelon': '5494510', 'registry': '8018911', 'hello-world': '8021526', 'docker/getting-started': '8021973', 'alpine': '7991792'}
11:26:32 INFO  EnvironmentC8y Setup
11:26:33 INFO  Executed systemctl&lt;serv_mapper1&gt;, exit status 3
11:26:33 INFO  Restarting mosquitto too frequently in the last 10 seconds. It was only up for 5 seconds
11:26:33 INFO  Delaying execution by 6 seconds
11:26:53 INFO  Executed sudo&lt;tedge_connect_c8y&gt;, exit status 0, duration 13 secs
11:26:54 INFO  Executed sudo&lt;tedge_connect_c8y_test&gt;, exit status 0
11:26:54 INFO  Executed systemctl&lt;serv_mosq2&gt;, exit status 0
11:26:54 INFO  Executed systemctl&lt;serv_mapper3&gt;, exit status 0
11:26:57 INFO  State of current operation: SUCCESSFUL
11:26:57 INFO  Assert that (False == value) with value=False ... passed
11:26:57 INFO  Package asciijump is installed
11:26:57 WARN  Assert that (False == value) with value=True ... failed 
11:26:58 INFO  Package squirrel3 is installed
11:26:58 WARN  Assert that (False == value) with value=True ... failed 
11:26:58 INFO  Package robotfindskitten is installed
11:26:58 WARN  Assert that (False == value) with value=True ... failed 
11:26:58 INFO  Response status: 201
11:26:58 INFO  Response to action: {
    "creationTime": "2022-07-25T11:26:58.616Z",
    "deviceId": "21360362",
    "deviceName": "m32sd10d",
    "self": "https://t493319102.eu-latest.cumulocity.com/devicecontrol/operations/21377686",
    "id": "21377686",
    "status": "PENDING",
    "description": "Apply software changes, triggered from PySys: [{'action': 'install', 'id': '5475369', 'name': 'asciijump', 'url': ' ', 'version': '::apt'}, {'action': 'install', 'id': '5474869', 'name': 'robotfindskitten', 'url': ' ', 'version': '::apt'}, {'action': 'install', 'id': '5475279', 'name': 'squirrel3', 'url': ' ', 'version': '::apt'}]",
    "c8y_SoftwareUpdate": [
        {
            "name": "asciijump",
            "action": "install",
            "id": "5475369",
            "version": "::apt",
            "url": " "
        },
        {
            "name": "robotfindskitten",
            "action": "install",
            "id": "5474869",
            "version": "::apt",
            "url": " "
        },
        {
            "name": "squirrel3",
            "action": "install",
            "id": "5475279",
            "version": "::apt",
            "url": " "
        }
    ]
}
11:26:58 INFO  Started operation: {'creationTime': '2022-07-25T11:26:58.616Z', 'deviceId': '21360362', 'deviceName': 'm32sd10d', 'self': 'https://t493319102.eu-latest.cumulocity.com/devicecontrol/operations/21377686', 'id': '21377686', 'status': 'PENDING', 'description': "Apply software changes, triggered from PySys: [{'action': 'install', 'id': '5475369', 'name': 'asciijump', 'url': ' ', 'version': '::apt'}, {'action': 'install', 'id': '5474869', 'name': 'robotfindskitten', 'url': ' ', 'version': '::apt'}, {'action': 'install', 'id': '5475279', 'name': 'squirrel3', 'url': ' ', 'version': '::apt'}]", 'c8y_SoftwareUpdate': [{'name': 'asciijump', 'action': 'install', 'id': '5475369', 'version': '::apt', 'url': ' '}, {'name': 'robotfindskitten', 'action': 'install', 'id': '5474869', 'version': '::apt', 'url': ' '}, {'name': 'squirrel3', 'action': 'install', 'id': '5475279', 'version': '::apt', 'url': ' '}]}
11:27:00 INFO  State of operation 21377686 : PENDING
11:27:03 INFO  State of operation 21377686 : EXECUTING
11:27:05 INFO  State of operation 21377686 : EXECUTING
11:27:07 INFO  State of operation 21377686 : EXECUTING
11:27:10 INFO  State of operation 21377686 : EXECUTING
11:27:12 INFO  State of operation 21377686 : EXECUTING
11:27:15 INFO  State of operation 21377686 : EXECUTING
11:27:17 INFO  State of operation 21377686 : EXECUTING
11:27:20 INFO  State of operation 21377686 : EXECUTING
11:27:22 INFO  State of operation 21377686 : EXECUTING
11:27:24 INFO  State of operation 21377686 : EXECUTING
11:27:27 INFO  State of operation 21377686 : EXECUTING
11:27:29 INFO  State of operation 21377686 : EXECUTING
11:27:31 INFO  State of operation 21377686 : EXECUTING
11:27:33 INFO  State of operation 21377686 : EXECUTING
11:27:36 INFO  State of operation 21377686 : SUCCESSFUL
11:27:36 INFO  Assert that (False == value) with value=False ... passed
11:27:36 INFO  Package asciijump is installed
11:27:36 INFO  Assert that (True == value) with value=True ... passed
11:27:36 INFO  Package squirrel3 is installed
11:27:36 INFO  Assert that (True == value) with value=True ... passed
11:27:36 INFO  Package robotfindskitten is installed
11:27:36 INFO  Assert that (True == value) with value=True ... passed
11:27:37 INFO  Response status: 201
11:27:37 INFO  Response to action: {
    "creationTime": "2022-07-25T11:27:37.130Z",
    "deviceId": "21360362",
    "deviceName": "m32sd10d",
    "self": "https://t493319102.eu-latest.cumulocity.com/devicecontrol/operations/21377692",
    "id": "21377692",
    "status": "PENDING",
    "description": "Apply software changes, triggered from PySys: [{'action': 'delete', 'id': '5475369', 'name': 'asciijump', 'url': ' ', 'version': '::apt'}, {'action': 'delete', 'id': '5474869', 'name': 'robotfindskitten', 'url': ' ', 'version': '::apt'}, {'action': 'delete', 'id': '5475279', 'name': 'squirrel3', 'url': ' ', 'version': '::apt'}]",
    "c8y_SoftwareUpdate": [
        {
            "name": "asciijump",
            "action": "delete",
            "id": "5475369",
            "version": "::apt",
            "url": " "
        },
        {
            "name": "robotfindskitten",
            "action": "delete",
            "id": "5474869",
            "version": "::apt",
            "url": " "
        },
        {
            "name": "squirrel3",
            "action": "delete",
            "id": "5475279",
            "version": "::apt",
            "url": " "
        }
    ]
}
11:27:37 INFO  Started operation: {'creationTime': '2022-07-25T11:27:37.130Z', 'deviceId': '21360362', 'deviceName': 'm32sd10d', 'self': 'https://t493319102.eu-latest.cumulocity.com/devicecontrol/operations/21377692', 'id': '21377692', 'status': 'PENDING', 'description': "Apply software changes, triggered from PySys: [{'action': 'delete', 'id': '5475369', 'name': 'asciijump', 'url': ' ', 'version': '::apt'}, {'action': 'delete', 'id': '5474869', 'name': 'robotfindskitten', 'url': ' ', 'version': '::apt'}, {'action': 'delete', 'id': '5475279', 'name': 'squirrel3', 'url': ' ', 'version': '::apt'}]", 'c8y_SoftwareUpdate': [{'name': 'asciijump', 'action': 'delete', 'id': '5475369', 'version': '::apt', 'url': ' '}, {'name': 'robotfindskitten', 'action': 'delete', 'id': '5474869', 'version': '::apt', 'url': ' '}, {'name': 'squirrel3', 'action': 'delete', 'id': '5475279', 'version': '::apt', 'url': ' '}]}
11:27:39 INFO  State of operation 21377692 : PENDING
11:27:41 INFO  State of operation 21377692 : EXECUTING
11:27:43 INFO  State of operation 21377692 : EXECUTING
11:27:46 INFO  State of operation 21377692 : EXECUTING
11:27:48 INFO  State of operation 21377692 : EXECUTING
11:27:50 INFO  State of operation 21377692 : EXECUTING
11:27:53 INFO  State of operation 21377692 : EXECUTING
11:27:56 INFO  State of operation 21377692 : EXECUTING
11:27:58 INFO  State of operation 21377692 : EXECUTING
11:28:00 INFO  State of operation 21377692 : EXECUTING
11:28:03 INFO  State of operation 21377692 : EXECUTING
11:28:05 INFO  State of operation 21377692 : EXECUTING
11:28:07 INFO  State of operation 21377692 : EXECUTING
11:28:09 INFO  State of operation 21377692 : EXECUTING
11:28:12 INFO  State of operation 21377692 : EXECUTING
11:28:14 INFO  State of operation 21377692 : EXECUTING
11:28:16 INFO  State of operation 21377692 : EXECUTING
11:28:19 INFO  State of operation 21377692 : EXECUTING
11:28:21 INFO  State of operation 21377692 : EXECUTING
11:28:24 INFO  State of operation 21377692 : EXECUTING
11:28:26 INFO  State of operation 21377692 : EXECUTING
11:28:28 INFO  State of operation 21377692 : EXECUTING
11:28:30 INFO  State of operation 21377692 : EXECUTING
11:28:33 INFO  State of operation 21377692 : EXECUTING
11:28:35 INFO  State of operation 21377692 : EXECUTING
11:28:38 INFO  State of operation 21377692 : EXECUTING
11:28:40 INFO  State of operation 21377692 : EXECUTING
11:28:42 INFO  State of operation 21377692 : EXECUTING
11:28:44 INFO  State of operation 21377692 : SUCCESSFUL
11:28:45 INFO  Assert that (False == value) with value=False ... passed
11:28:45 INFO  Assert that (False == value) with value=False ... passed
11:28:45 INFO  Assert that (False == value) with value=False ... passed
11:28:45 INFO  Assert that (False == value) with value=False ... passed
11:28:45 INFO  
11:28:45 INFO  cleanup:
11:28:49 INFO  Executed sudo&lt;tedge_disconnect_c8y&gt;, exit status 0
11:28:50 INFO  Executed systemctl&lt;serv_mapper5&gt;, exit status 3
11:28:50 INFO  
11:28:50 INFO  Test duration: 137.80 secs
11:28:50 INFO  Test final outcome:  FAILED
11:28:50 INFO  Test outcome reason: Assert that (False == value) with value=True (+2 other failures)
11:28:50 INFO  
</system-out>
	</testcase>
</testsuite><testsuite name="SoftwareManagement.sm_apt_install_remove_multiple_mixed" tests="3" errors="0" failures="2" skipped="1" time="0"><testcase classname="PySysTest" name="SoftwareManagement.sm_apt_install_remove_multiple_mixed">
		<skipped message="SKIPPED: Testing the apt plugin is not supported on this platform.Use parameter -XmyPlatform='container' to enable it" />
		<system-out>10:27:29 INFO  ==============================================================
10:27:29 INFO  Id:    SoftwareManagement.sm_apt_install_remove_multiple_mixed
10:27:29 INFO  Dir:   software_management_end_to_end/
10:27:29 INFO  Title: Validate end to end behaviour for the apt plugin for multiple packages with mixed versions
10:27:29 INFO  ==============================================================
10:27:29 INFO  Testing the apt plugin is not supported on this platform.Use parameter -XmyPlatform='container' to enable it ... skipped
10:27:29 WARN  Aborted test due to SKIPPED outcome
10:27:29 INFO  
10:27:29 INFO  Test duration: 0.02 secs
10:27:29 INFO  Test final outcome:  SKIPPED
10:27:29 INFO  Test outcome reason: Testing the apt plugin is not supported on this platform.Use parameter -XmyPlatform='container' to enable it
10:27:29 INFO  
</system-out>
	</testcase>
<testcase classname="PySysTest" name="SoftwareManagement.sm_apt_install_remove_multiple_mixed">
		<failure message="BLOCKED: SystemError: Timeout while waiting for status SUCCESSFUL or False" type="BLOCKED" />
		<system-out>11:02:36 INFO  ==============================================================
11:02:36 INFO  Id:    SoftwareManagement.sm_apt_install_remove_multiple_mixed
11:02:36 INFO  Dir:   software_management_end_to_end/
11:02:36 INFO  Title: Validate end to end behaviour for the apt plugin for multiple packages with mixed versions
11:02:36 INFO  ==============================================================
11:02:36 INFO  Using sw id database: {'asciijump': '5475369', 'robotfindskitten': '5474869', 'squirrel3': '5475279', 'rolldice': '5152439', 'moon-buggy': '5439204', 'apple': '5495053', 'banana': '5494888', 'cherry': '5495382', 'watermelon': '5494510', 'registry': '8018911', 'hello-world': '8021526', 'docker/getting-started': '8021973', 'alpine': '7991792'}
11:02:36 INFO  EnvironmentC8y Setup
11:02:37 INFO  Executed systemctl&lt;serv_mapper1&gt;, exit status 3
11:02:37 INFO  Restarting mosquitto too frequently in the last 10 seconds. It was only up for 5 seconds
11:02:37 INFO  Delaying execution by 6 seconds
11:02:57 INFO  Executed sudo&lt;tedge_connect_c8y&gt;, exit status 0, duration 13 secs
11:02:58 INFO  Executed sudo&lt;tedge_connect_c8y_test&gt;, exit status 0
11:02:58 INFO  Executed systemctl&lt;serv_mosq2&gt;, exit status 0
11:02:59 INFO  Executed systemctl&lt;serv_mapper3&gt;, exit status 0
11:03:01 INFO  State of current operation: SUCCESSFUL
11:03:01 INFO  Assert that (False == value) with value=False ... passed
11:03:01 INFO  Assert that (False == value) with value=False ... passed
11:03:01 INFO  Assert that (False == value) with value=False ... passed
11:03:02 INFO  Assert that (False == value) with value=False ... passed
11:03:02 INFO  Assert that (False == value) with value=False ... passed
11:03:03 INFO  Response status: 201
11:03:03 INFO  Response to action: {
    "creationTime": "2022-07-25T11:03:03.642Z",
    "deviceId": "21360362",
    "deviceName": "m32sd10d",
    "self": "https://t493319102.eu-latest.cumulocity.com/devicecontrol/operations/21377524",
    "id": "21377524",
    "status": "PENDING",
    "description": "Apply software changes, triggered from PySys: [{'action': 'install', 'id': '5475369', 'name': 'asciijump', 'url': ' ', 'version': '::apt'}, {'action': 'install', 'id': '5474869', 'name': 'robotfindskitten', 'url': ' ', 'version': ' '}, {'action': 'install', 'id': '5475279', 'name': 'squirrel3', 'url': ' ', 'version': '3.1-7::apt'}, {'action': 'install', 'id': '5152439', 'name': 'rolldice', 'url': ' ', 'version': '1.16-1+b1'}, {'action': 'install', 'id': '5439204', 'name': 'moon-buggy', 'url': ' ', 'version': '1:1.0.51-12'}, {'action': 'install', 'id': '5475369', 'name': 'asciijump', 'url': ' ', 'version': '::apt'}]",
    "c8y_SoftwareUpdate": [
        {
            "name": "asciijump",
            "action": "install",
            "id": "5475369",
            "version": "::apt",
            "url": " "
        },
        {
            "name": "robotfindskitten",
            "action": "install",
            "id": "5474869",
            "version": " ",
            "url": " "
        },
        {
            "name": "squirrel3",
            "action": "install",
            "id": "5475279",
            "version": "3.1-7::apt",
            "url": " "
        },
        {
            "name": "rolldice",
            "action": "install",
            "id": "5152439",
            "version": "1.16-1+b1",
            "url": " "
        },
        {
            "name": "moon-buggy",
            "action": "install",
            "id": "5439204",
            "version": "1:1.0.51-12",
            "url": " "
        },
        {
            "name": "asciijump",
            "action": "install",
            "id": "5475369",
            "version": "::apt",
            "url": " "
        }
    ]
}
11:03:03 INFO  Started operation: {'creationTime': '2022-07-25T11:03:03.642Z', 'deviceId': '21360362', 'deviceName': 'm32sd10d', 'self': 'https://t493319102.eu-latest.cumulocity.com/devicecontrol/operations/21377524', 'id': '21377524', 'status': 'PENDING', 'description': "Apply software changes, triggered from PySys: [{'action': 'install', 'id': '5475369', 'name': 'asciijump', 'url': ' ', 'version': '::apt'}, {'action': 'install', 'id': '5474869', 'name': 'robotfindskitten', 'url': ' ', 'version': ' '}, {'action': 'install', 'id': '5475279', 'name': 'squirrel3', 'url': ' ', 'version': '3.1-7::apt'}, {'action': 'install', 'id': '5152439', 'name': 'rolldice', 'url': ' ', 'version': '1.16-1+b1'}, {'action': 'install', 'id': '5439204', 'name': 'moon-buggy', 'url': ' ', 'version': '1:1.0.51-12'}, {'action': 'install', 'id': '5475369', 'name': 'asciijump', 'url': ' ', 'version': '::apt'}]", 'c8y_SoftwareUpdate': [{'name': 'asciijump', 'action': 'install', 'id': '5475369', 'version': '::apt', 'url': ' '}, {'name': 'robotfindskitten', 'action': 'install', 'id': '5474869', 'version': ' ', 'url': ' '}, {'name': 'squirrel3', 'action': 'install', 'id': '5475279', 'version': '3.1-7::apt', 'url': ' '}, {'name': 'rolldice', 'action': 'install', 'id': '5152439', 'version': '1.16-1+b1', 'url': ' '}, {'name': 'moon-buggy', 'action': 'install', 'id': '5439204', 'version': '1:1.0.51-12', 'url': ' '}, {'name': 'asciijump', 'action': 'install', 'id': '5475369', 'version': '::apt', 'url': ' '}]}
11:03:06 INFO  State of operation 21377524 : PENDING
11:03:08 INFO  State of operation 21377524 : EXECUTING
11:03:10 INFO  State of operation 21377524 : EXECUTING
11:03:12 INFO  State of operation 21377524 : EXECUTING
11:03:14 INFO  State of operation 21377524 : EXECUTING
11:03:17 INFO  State of operation 21377524 : EXECUTING
11:03:19 INFO  State of operation 21377524 : EXECUTING
11:03:22 INFO  State of operation 21377524 : EXECUTING
11:03:25 INFO  State of operation 21377524 : EXECUTING
11:03:27 INFO  State of operation 21377524 : EXECUTING
11:03:29 INFO  State of operation 21377524 : EXECUTING
11:03:31 INFO  State of operation 21377524 : EXECUTING
11:03:34 INFO  State of operation 21377524 : EXECUTING
11:03:36 INFO  State of operation 21377524 : EXECUTING
11:03:38 INFO  State of operation 21377524 : EXECUTING
11:03:40 INFO  State of operation 21377524 : EXECUTING
11:03:43 INFO  State of operation 21377524 : EXECUTING
11:03:46 INFO  State of operation 21377524 : EXECUTING
11:03:48 INFO  State of operation 21377524 : EXECUTING
11:03:50 INFO  State of operation 21377524 : EXECUTING
11:03:52 INFO  State of operation 21377524 : EXECUTING
11:03:55 INFO  State of operation 21377524 : EXECUTING
11:03:57 INFO  State of operation 21377524 : EXECUTING
11:04:00 INFO  State of operation 21377524 : EXECUTING
11:04:02 INFO  State of operation 21377524 : EXECUTING
11:04:04 INFO  State of operation 21377524 : EXECUTING
11:04:07 INFO  State of operation 21377524 : EXECUTING
11:04:09 INFO  State of operation 21377524 : EXECUTING
11:04:12 INFO  State of operation 21377524 : EXECUTING
11:04:14 INFO  State of operation 21377524 : EXECUTING
11:04:16 INFO  State of operation 21377524 : EXECUTING
11:04:18 INFO  State of operation 21377524 : EXECUTING
11:04:21 INFO  State of operation 21377524 : EXECUTING
11:04:23 INFO  State of operation 21377524 : EXECUTING
11:04:25 INFO  State of operation 21377524 : EXECUTING
11:04:27 INFO  State of operation 21377524 : EXECUTING
11:04:29 INFO  State of operation 21377524 : EXECUTING
11:04:32 INFO  State of operation 21377524 : EXECUTING
11:04:35 INFO  State of operation 21377524 : EXECUTING
11:04:37 INFO  State of operation 21377524 : EXECUTING
11:04:40 INFO  State of operation 21377524 : EXECUTING
11:04:42 INFO  State of operation 21377524 : EXECUTING
11:04:44 INFO  State of operation 21377524 : EXECUTING
11:04:46 INFO  State of operation 21377524 : EXECUTING
11:04:49 INFO  State of operation 21377524 : EXECUTING
11:04:51 INFO  State of operation 21377524 : EXECUTING
11:04:53 INFO  State of operation 21377524 : EXECUTING
11:04:56 INFO  State of operation 21377524 : EXECUTING
11:04:58 INFO  State of operation 21377524 : EXECUTING
11:05:01 INFO  State of operation 21377524 : EXECUTING
11:05:03 INFO  State of operation 21377524 : EXECUTING
11:05:05 INFO  State of operation 21377524 : EXECUTING
11:05:07 INFO  State of operation 21377524 : EXECUTING
11:05:09 INFO  State of operation 21377524 : EXECUTING
11:05:12 INFO  State of operation 21377524 : EXECUTING
11:05:15 INFO  State of operation 21377524 : EXECUTING
11:05:17 INFO  State of operation 21377524 : EXECUTING
11:05:20 INFO  State of operation 21377524 : EXECUTING
11:05:22 INFO  State of operation 21377524 : EXECUTING
11:05:24 INFO  State of operation 21377524 : EXECUTING
11:05:27 INFO  State of operation 21377524 : EXECUTING
11:05:29 WARN  SystemError occurred while running test - Timeout while waiting for status SUCCESSFUL or False
Traceback (most recent call last):
  File "/home/pi/env-pysys/lib/python3.7/site-packages/pysys/baserunner.py", line 1294, in __call__
    self.testObj.execute()
  File "/home/pi/actions-runner/_work/thin-edge.io/thin-edge.io/tests/PySys/software_management_end_to_end/sm_apt_install_remove_multiple_mixed/run.py", line 89, in execute
    self.wait_until_succcess()
  File "/home/pi/actions-runner/_work/thin-edge.io/thin-edge.io/tests/PySys/software_management_end_to_end/environment_sm_management.py", line 324, in wait_until_succcess
    self.wait_until_status("SUCCESSFUL")
  File "/home/pi/actions-runner/_work/thin-edge.io/thin-edge.io/tests/PySys/software_management_end_to_end/environment_sm_management.py", line 381, in wait_until_status
    "Timeout while waiting for status %s or %s" % (status, status2)
SystemError: Timeout while waiting for status SUCCESSFUL or False
11:05:29 WARN  SystemError: Timeout while waiting for status SUCCESSFUL or False ... blocked 
11:05:29 INFO  
11:05:29 INFO  cleanup:
11:05:34 INFO  Executed sudo&lt;tedge_disconnect_c8y&gt;, exit status 0
11:05:34 INFO  Executed systemctl&lt;serv_mapper5&gt;, exit status 3
11:05:34 INFO  
11:05:34 INFO  Test duration: 177.80 secs
11:05:34 INFO  Test final outcome:  BLOCKED
11:05:34 INFO  Test outcome reason: SystemError: Timeout while waiting for status SUCCESSFUL or False
11:05:34 INFO  
</system-out>
	</testcase>
<testcase classname="PySysTest" name="SoftwareManagement.sm_apt_install_remove_multiple_mixed">
		<failure message="BLOCKED: SystemError: Timeout while waiting for status SUCCESSFUL or False (+1 other failures)" type="BLOCKED" />
		<system-out>11:28:50 INFO  ==============================================================
11:28:50 INFO  Id:    SoftwareManagement.sm_apt_install_remove_multiple_mixed
11:28:50 INFO  Dir:   software_management_end_to_end/
11:28:50 INFO  Title: Validate end to end behaviour for the apt plugin for multiple packages with mixed versions
11:28:50 INFO  ==============================================================
11:28:50 INFO  Using sw id database: {'asciijump': '5475369', 'robotfindskitten': '5474869', 'squirrel3': '5475279', 'rolldice': '5152439', 'moon-buggy': '5439204', 'apple': '5495053', 'banana': '5494888', 'cherry': '5495382', 'watermelon': '5494510', 'registry': '8018911', 'hello-world': '8021526', 'docker/getting-started': '8021973', 'alpine': '7991792'}
11:28:50 INFO  EnvironmentC8y Setup
11:28:51 INFO  Executed systemctl&lt;serv_mapper1&gt;, exit status 3
11:28:51 INFO  Restarting mosquitto too frequently in the last 10 seconds. It was only up for 5 seconds
11:28:51 INFO  Delaying execution by 6 seconds
11:29:11 INFO  Executed sudo&lt;tedge_connect_c8y&gt;, exit status 0, duration 14 secs
11:29:12 INFO  Executed sudo&lt;tedge_connect_c8y_test&gt;, exit status 0
11:29:12 INFO  Executed systemctl&lt;serv_mosq2&gt;, exit status 0
11:29:13 INFO  Executed systemctl&lt;serv_mapper3&gt;, exit status 0
11:29:15 INFO  State of current operation: SUCCESSFUL
11:29:15 INFO  Assert that (False == value) with value=False ... passed
11:29:15 INFO  Assert that (False == value) with value=False ... passed
11:29:16 INFO  Assert that (False == value) with value=False ... passed
11:29:16 INFO  Assert that (False == value) with value=False ... passed
11:29:16 INFO  Package moon-buggy is installed
11:29:16 WARN  Assert that (False == value) with value=True ... failed 
11:29:17 INFO  Response status: 201
11:29:17 INFO  Response to action: {
    "creationTime": "2022-07-25T11:29:17.795Z",
    "deviceId": "21360362",
    "deviceName": "m32sd10d",
    "self": "https://t493319102.eu-latest.cumulocity.com/devicecontrol/operations/21377702",
    "id": "21377702",
    "status": "PENDING",
    "description": "Apply software changes, triggered from PySys: [{'action': 'install', 'id': '5475369', 'name': 'asciijump', 'url': ' ', 'version': '::apt'}, {'action': 'install', 'id': '5474869', 'name': 'robotfindskitten', 'url': ' ', 'version': ' '}, {'action': 'install', 'id': '5475279', 'name': 'squirrel3', 'url': ' ', 'version': '3.1-7::apt'}, {'action': 'install', 'id': '5152439', 'name': 'rolldice', 'url': ' ', 'version': '1.16-1+b1'}, {'action': 'install', 'id': '5439204', 'name': 'moon-buggy', 'url': ' ', 'version': '1:1.0.51-12'}, {'action': 'install', 'id': '5475369', 'name': 'asciijump', 'url': ' ', 'version': '::apt'}]",
    "c8y_SoftwareUpdate": [
        {
            "name": "asciijump",
            "action": "install",
            "id": "5475369",
            "version": "::apt",
            "url": " "
        },
        {
            "name": "robotfindskitten",
            "action": "install",
            "id": "5474869",
            "version": " ",
            "url": " "
        },
        {
            "name": "squirrel3",
            "action": "install",
            "id": "5475279",
            "version": "3.1-7::apt",
            "url": " "
        },
        {
            "name": "rolldice",
            "action": "install",
            "id": "5152439",
            "version": "1.16-1+b1",
            "url": " "
        },
        {
            "name": "moon-buggy",
            "action": "install",
            "id": "5439204",
            "version": "1:1.0.51-12",
            "url": " "
        },
        {
            "name": "asciijump",
            "action": "install",
            "id": "5475369",
            "version": "::apt",
            "url": " "
        }
    ]
}
11:29:17 INFO  Started operation: {'creationTime': '2022-07-25T11:29:17.795Z', 'deviceId': '21360362', 'deviceName': 'm32sd10d', 'self': 'https://t493319102.eu-latest.cumulocity.com/devicecontrol/operations/21377702', 'id': '21377702', 'status': 'PENDING', 'description': "Apply software changes, triggered from PySys: [{'action': 'install', 'id': '5475369', 'name': 'asciijump', 'url': ' ', 'version': '::apt'}, {'action': 'install', 'id': '5474869', 'name': 'robotfindskitten', 'url': ' ', 'version': ' '}, {'action': 'install', 'id': '5475279', 'name': 'squirrel3', 'url': ' ', 'version': '3.1-7::apt'}, {'action': 'install', 'id': '5152439', 'name': 'rolldice', 'url': ' ', 'version': '1.16-1+b1'}, {'action': 'install', 'id': '5439204', 'name': 'moon-buggy', 'url': ' ', 'version': '1:1.0.51-12'}, {'action': 'install', 'id': '5475369', 'name': 'asciijump', 'url': ' ', 'version': '::apt'}]", 'c8y_SoftwareUpdate': [{'name': 'asciijump', 'action': 'install', 'id': '5475369', 'version': '::apt', 'url': ' '}, {'name': 'robotfindskitten', 'action': 'install', 'id': '5474869', 'version': ' ', 'url': ' '}, {'name': 'squirrel3', 'action': 'install', 'id': '5475279', 'version': '3.1-7::apt', 'url': ' '}, {'name': 'rolldice', 'action': 'install', 'id': '5152439', 'version': '1.16-1+b1', 'url': ' '}, {'name': 'moon-buggy', 'action': 'install', 'id': '5439204', 'version': '1:1.0.51-12', 'url': ' '}, {'name': 'asciijump', 'action': 'install', 'id': '5475369', 'version': '::apt', 'url': ' '}]}
11:29:20 INFO  State of operation 21377702 : PENDING
11:29:22 INFO  State of operation 21377702 : EXECUTING
11:29:24 INFO  State of operation 21377702 : EXECUTING
11:29:26 INFO  State of operation 21377702 : EXECUTING
11:29:28 INFO  State of operation 21377702 : EXECUTING
11:29:31 INFO  State of operation 21377702 : EXECUTING
11:29:34 INFO  State of operation 21377702 : EXECUTING
11:29:36 INFO  State of operation 21377702 : EXECUTING
11:29:39 INFO  State of operation 21377702 : EXECUTING
11:29:41 INFO  State of operation 21377702 : EXECUTING
11:29:43 INFO  State of operation 21377702 : EXECUTING
11:29:46 INFO  State of operation 21377702 : EXECUTING
11:29:48 INFO  State of operation 21377702 : EXECUTING
11:29:50 INFO  State of operation 21377702 : EXECUTING
11:29:52 INFO  State of operation 21377702 : EXECUTING
11:29:55 INFO  State of operation 21377702 : EXECUTING
11:29:57 INFO  State of operation 21377702 : EXECUTING
11:30:00 INFO  State of operation 21377702 : EXECUTING
11:30:02 INFO  State of operation 21377702 : EXECUTING
11:30:04 INFO  State of operation 21377702 : EXECUTING
11:30:07 INFO  State of operation 21377702 : EXECUTING
11:30:09 INFO  State of operation 21377702 : EXECUTING
11:30:12 INFO  State of operation 21377702 : EXECUTING
11:30:15 INFO  State of operation 21377702 : EXECUTING
11:30:17 INFO  State of operation 21377702 : EXECUTING
11:30:19 INFO  State of operation 21377702 : EXECUTING
11:30:21 INFO  State of operation 21377702 : EXECUTING
11:30:24 INFO  State of operation 21377702 : EXECUTING
11:30:26 INFO  State of operation 21377702 : EXECUTING
11:30:28 INFO  State of operation 21377702 : EXECUTING
11:30:31 INFO  State of operation 21377702 : EXECUTING
11:30:33 INFO  State of operation 21377702 : EXECUTING
11:30:35 INFO  State of operation 21377702 : EXECUTING
11:30:37 INFO  State of operation 21377702 : EXECUTING
11:30:40 INFO  State of operation 21377702 : EXECUTING
11:30:42 INFO  State of operation 21377702 : EXECUTING
11:30:44 INFO  State of operation 21377702 : EXECUTING
11:30:47 INFO  State of operation 21377702 : EXECUTING
11:30:49 INFO  State of operation 21377702 : EXECUTING
11:30:52 INFO  State of operation 21377702 : EXECUTING
11:30:54 INFO  State of operation 21377702 : EXECUTING
11:30:56 INFO  State of operation 21377702 : EXECUTING
11:30:59 INFO  State of operation 21377702 : EXECUTING
11:31:01 INFO  State of operation 21377702 : EXECUTING
11:31:03 INFO  State of operation 21377702 : EXECUTING
11:31:05 INFO  State of operation 21377702 : EXECUTING
11:31:08 INFO  State of operation 21377702 : EXECUTING
11:31:10 INFO  State of operation 21377702 : EXECUTING
11:31:13 INFO  State of operation 21377702 : EXECUTING
11:31:15 INFO  State of operation 21377702 : EXECUTING
11:31:17 INFO  State of operation 21377702 : EXECUTING
11:31:20 INFO  State of operation 21377702 : EXECUTING
11:31:22 INFO  State of operation 21377702 : EXECUTING
11:31:24 INFO  State of operation 21377702 : EXECUTING
11:31:27 INFO  State of operation 21377702 : EXECUTING
11:31:29 INFO  State of operation 21377702 : EXECUTING
11:31:33 INFO  State of operation 21377702 : EXECUTING
11:31:35 INFO  State of operation 21377702 : EXECUTING
11:31:37 INFO  State of operation 21377702 : EXECUTING
11:31:39 INFO  State of operation 21377702 : EXECUTING
11:31:42 INFO  State of operation 21377702 : EXECUTING
11:31:44 WARN  SystemError occurred while running test - Timeout while waiting for status SUCCESSFUL or False
Traceback (most recent call last):
  File "/home/pi/env-pysys/lib/python3.7/site-packages/pysys/baserunner.py", line 1294, in __call__
    self.testObj.execute()
  File "/home/pi/actions-runner/_work/thin-edge.io/thin-edge.io/tests/PySys/software_management_end_to_end/sm_apt_install_remove_multiple_mixed/run.py", line 89, in execute
    self.wait_until_succcess()
  File "/home/pi/actions-runner/_work/thin-edge.io/thin-edge.io/tests/PySys/software_management_end_to_end/environment_sm_management.py", line 324, in wait_until_succcess
    self.wait_until_status("SUCCESSFUL")
  File "/home/pi/actions-runner/_work/thin-edge.io/thin-edge.io/tests/PySys/software_management_end_to_end/environment_sm_management.py", line 381, in wait_until_status
    "Timeout while waiting for status %s or %s" % (status, status2)
SystemError: Timeout while waiting for status SUCCESSFUL or False
11:31:44 WARN  SystemError: Timeout while waiting for status SUCCESSFUL or False ... blocked 
11:31:44 INFO  
11:31:44 INFO  cleanup:
11:31:48 INFO  Executed sudo&lt;tedge_disconnect_c8y&gt;, exit status 0
11:31:49 INFO  Executed systemctl&lt;serv_mapper5&gt;, exit status 3
11:31:49 INFO  
11:31:49 INFO  Test duration: 178.47 secs
11:31:49 INFO  Test final outcome:  BLOCKED
11:31:49 INFO  Test outcome reason: SystemError: Timeout while waiting for status SUCCESSFUL or False (+1 other failures)
11:31:49 INFO  
</system-out>
	</testcase>
</testsuite><testsuite name="SoftwareManagement.sm_apt_install_remove_with_version" tests="3" errors="0" failures="0" skipped="1" time="0"><testcase classname="PySysTest" name="SoftwareManagement.sm_apt_install_remove_with_version">
		<skipped message="SKIPPED: Testing the apt plugin is not supported on this platform.Use parameter -XmyPlatform='container' to enable it" />
		<system-out>10:27:29 INFO  ==============================================================
10:27:29 INFO  Id:    SoftwareManagement.sm_apt_install_remove_with_version
10:27:29 INFO  Dir:   software_management_end_to_end/
10:27:29 INFO  Title: Validate end to end behaviour for the apt plugin for packages with version
10:27:29 INFO  ==============================================================
10:27:29 INFO  Testing the apt plugin is not supported on this platform.Use parameter -XmyPlatform='container' to enable it ... skipped
10:27:29 WARN  Aborted test due to SKIPPED outcome
10:27:29 INFO  
10:27:29 INFO  Test duration: 0.02 secs
10:27:29 INFO  Test final outcome:  SKIPPED
10:27:29 INFO  Test outcome reason: Testing the apt plugin is not supported on this platform.Use parameter -XmyPlatform='container' to enable it
10:27:29 INFO  
</system-out>
	</testcase>
<testcase classname="PySysTest" name="SoftwareManagement.sm_apt_install_remove_with_version" />
<testcase classname="PySysTest" name="SoftwareManagement.sm_apt_install_remove_with_version" />
</testsuite><testsuite name="SoftwareManagement.sm_docker_install_remove_multiple" tests="3" errors="0" failures="0" skipped="1" time="0"><testcase classname="SMDockerInstallRemove" name="SoftwareManagement.sm_docker_install_remove_multiple">
		<skipped message="SKIPPED: Testing the apt plugin is not supported on this platform.Use parameter -XmyPlatform='container' to enable it" />
		<system-out>10:27:29 INFO  ==============================================================
10:27:29 INFO  Id:    SoftwareManagement.sm_docker_install_remove_multiple
10:27:29 INFO  Dir:   software_management_end_to_end/
10:27:29 INFO  Title: Validate end to end behaviour for the docker plugin for multiple docker images with mixed versions
10:27:29 INFO  ==============================================================
10:27:29 INFO  Testing the apt plugin is not supported on this platform.Use parameter -XmyPlatform='container' to enable it ... skipped
10:27:29 WARN  Aborted test due to SKIPPED outcome
10:27:29 INFO  
10:27:29 INFO  Test duration: 0.02 secs
10:27:29 INFO  Test final outcome:  SKIPPED
10:27:29 INFO  Test outcome reason: Testing the apt plugin is not supported on this platform.Use parameter -XmyPlatform='container' to enable it
10:27:29 INFO  
</system-out>
	</testcase>
<testcase classname="SMDockerInstallRemove" name="SoftwareManagement.sm_docker_install_remove_multiple" />
<testcase classname="SMDockerInstallRemove" name="SoftwareManagement.sm_docker_install_remove_multiple" />
</testsuite><testsuite name="SoftwareManagement.sm_fake_install_remove" tests="2" errors="0" failures="0" skipped="1" time="0"><testcase classname="PySysTest" name="SoftwareManagement.sm_fake_install_remove">
		<skipped message="SKIPPED: Testing the fake plugin is not enabled.Use parameter -Xfakeplugin=fakeplugin to enable it" />
		<system-out>10:27:29 INFO  ==============================================================
10:27:29 INFO  Id:    SoftwareManagement.sm_fake_install_remove
10:27:29 INFO  Dir:   software_management_end_to_end/
10:27:29 INFO  Title: Validate end to end behaviour for the dummy plugin for installation and removal of packages
10:27:29 INFO  ==============================================================
10:27:29 INFO  Testing the fake plugin is not enabled.Use parameter -Xfakeplugin=fakeplugin to enable it ... skipped
10:27:29 WARN  Aborted test due to SKIPPED outcome
10:27:29 INFO  
10:27:29 INFO  Test duration: 0.02 secs
10:27:29 INFO  Test final outcome:  SKIPPED
10:27:29 INFO  Test outcome reason: Testing the fake plugin is not enabled.Use parameter -Xfakeplugin=fakeplugin to enable it
10:27:29 INFO  
</system-out>
	</testcase>
<testcase classname="PySysTest" name="SoftwareManagement.sm_fake_install_remove" />
</testsuite><testsuite name="SoftwareManagement.sm_fake_install_remove_multiple" tests="2" errors="0" failures="0" skipped="1" time="0"><testcase classname="PySysTest" name="SoftwareManagement.sm_fake_install_remove_multiple">
		<skipped message="SKIPPED: Testing the fake plugin is not enabled.Use parameter -Xfakeplugin=fakeplugin to enable it" />
		<system-out>10:27:29 INFO  ==============================================================
10:27:29 INFO  Id:    SoftwareManagement.sm_fake_install_remove_multiple
10:27:29 INFO  Dir:   software_management_end_to_end/
10:27:29 INFO  Title: Validate end to end behaviour for the dummy-plugin for multiple packages
10:27:29 INFO  ==============================================================
10:27:29 INFO  Testing the fake plugin is not enabled.Use parameter -Xfakeplugin=fakeplugin to enable it ... skipped
10:27:29 WARN  Aborted test due to SKIPPED outcome
10:27:29 INFO  
10:27:29 INFO  Test duration: 0.02 secs
10:27:29 INFO  Test final outcome:  SKIPPED
10:27:29 INFO  Test outcome reason: Testing the fake plugin is not enabled.Use parameter -Xfakeplugin=fakeplugin to enable it
10:27:29 INFO  
</system-out>
	</testcase>
<testcase classname="PySysTest" name="SoftwareManagement.sm_fake_install_remove_multiple" />
</testsuite><testsuite name="SoftwareManagement.sm_mapper_fail_and_reconnect" tests="2" errors="0" failures="0" skipped="2" time="0"><testcase classname="MapperC8yReceiveLastMessageOnRestart" name="SoftwareManagement.sm_mapper_fail_and_reconnect">
		<skipped message="SKIPPED: instable https://github.com/thin-edge/thin-edge.io/issues/752" />
		<system-out>10:27:29 INFO  ==============================================================
10:27:29 INFO  Id:    SoftwareManagement.sm_mapper_fail_and_reconnect
10:27:29 INFO  Dir:   software_management_end_to_end/
10:27:29 INFO  Title: Validate the tedge-mapper-sm-c8y for receiving the last message on restart
10:27:29 INFO  ==============================================================
10:27:29 INFO  instable https://github.com/thin-edge/thin-edge.io/issues/752 ... skipped
10:27:29 INFO  
10:27:29 INFO  Test duration: 0.02 secs
10:27:29 INFO  Test final outcome:  SKIPPED
10:27:29 INFO  Test outcome reason: instable https://github.com/thin-edge/thin-edge.io/issues/752
10:27:29 INFO  
</system-out>
	</testcase>
<testcase classname="MapperC8yReceiveLastMessageOnRestart" name="SoftwareManagement.sm_mapper_fail_and_reconnect">
		<skipped message="SKIPPED: instable https://github.com/thin-edge/thin-edge.io/issues/752" />
		<system-out>11:38:28 INFO  ==============================================================
11:38:28 INFO  Id:    SoftwareManagement.sm_mapper_fail_and_reconnect
11:38:28 INFO  Dir:   software_management_end_to_end/
11:38:28 INFO  Title: Validate the tedge-mapper-sm-c8y for receiving the last message on restart
11:38:28 INFO  ==============================================================
11:38:28 INFO  instable https://github.com/thin-edge/thin-edge.io/issues/752 ... skipped
11:38:28 INFO  
11:38:28 INFO  Test duration: 0.05 secs
11:38:28 INFO  Test final outcome:  SKIPPED
11:38:28 INFO  Test outcome reason: instable https://github.com/thin-edge/thin-edge.io/issues/752
11:38:28 INFO  
</system-out>
	</testcase>
</testsuite><testsuite name="SoftwareManagement.sm_mixed_install_remove_multiple" tests="2" errors="0" failures="1" skipped="1" time="0"><testcase classname="PySysTest" name="SoftwareManagement.sm_mixed_install_remove_multiple">
		<skipped message="SKIPPED: Testing the fake plugin is not enabled.Use parameter -Xfakeplugin=fakeplugin to enable it" />
		<system-out>10:27:29 INFO  ==============================================================
10:27:29 INFO  Id:    SoftwareManagement.sm_mixed_install_remove_multiple
10:27:29 INFO  Dir:   software_management_end_to_end/
10:27:29 INFO  Title: Validate end to end behaviour for the dummy-plugin for multiple packages with mixed versions
10:27:29 INFO  ==============================================================
10:27:29 INFO  Testing the fake plugin is not enabled.Use parameter -Xfakeplugin=fakeplugin to enable it ... skipped
10:27:29 WARN  Aborted test due to SKIPPED outcome
10:27:29 INFO  
10:27:29 INFO  Test duration: 0.02 secs
10:27:29 INFO  Test final outcome:  SKIPPED
10:27:29 INFO  Test outcome reason: Testing the fake plugin is not enabled.Use parameter -Xfakeplugin=fakeplugin to enable it
10:27:29 INFO  
</system-out>
	</testcase>
<testcase classname="PySysTest" name="SoftwareManagement.sm_mixed_install_remove_multiple">
		<failure message="FAILED: Assert that (False == value) with value=True" type="FAILED" />
		<system-out>11:38:28 INFO  ==============================================================
11:38:28 INFO  Id:    SoftwareManagement.sm_mixed_install_remove_multiple
[...]
10:15:57 INFO  Executed sudo&lt;rm_tmp_logs&gt;, exit status 0
10:15:57 INFO  Executed sudo&lt;send_failed&gt;, exit status 0
10:15:58 INFO  Executed sudo&lt;log_file_daemon&gt;, exit status 0
10:16:02 INFO  Executed sudo&lt;tedge_disconnect_c8y&gt;, exit status 0
10:16:03 INFO  Executed systemctl&lt;serv_mapper5&gt;, exit status 3
10:16:03 INFO  
10:16:03 INFO  Test duration: 27.97 secs
10:16:03 INFO  Test final outcome:  BLOCKED
10:16:03 INFO  Test outcome reason: TypeError: 'NoneType' object is not subscriptable
10:16:03 INFO  
</system-out>
	</testcase>
</testsuite><testsuite name="log_request_num_lines" tests="1" errors="0" failures="1" skipped="0" time="0"><testcase classname="LogRequestVerifyNumberOfLines" name="log_request_num_lines">
		<failure message="BLOCKED: TypeError: 'NoneType' object is not subscriptable" type="BLOCKED" />
		<system-out>10:16:03 INFO  ==============================================================
10:16:03 INFO  Id:    log_request_num_lines
10:16:03 INFO  Dir:   log_request_end_to_end/
10:16:03 INFO  Title: Validate end to end behaviour for the log request operation check for number of lines
10:16:03 INFO  ==============================================================
10:16:03 INFO  EnvironmentC8y Setup
10:16:04 INFO  Executed systemctl&lt;serv_mapper1&gt;, exit status 3
10:16:04 INFO  Restarting mosquitto too frequently in the last 10 seconds. It was only up for 5 seconds
10:16:04 INFO  Delaying execution by 6 seconds
10:16:24 INFO  Executed sudo&lt;tedge_connect_c8y&gt;, exit status 0, duration 14 secs
10:16:25 INFO  Executed sudo&lt;tedge_connect_c8y_test&gt;, exit status 0
10:16:25 INFO  Executed systemctl&lt;serv_mosq2&gt;, exit status 0
10:16:26 INFO  Executed systemctl&lt;serv_mapper3&gt;, exit status 0
10:16:26 INFO  Executed sudo&lt;rm_logs&gt;, exit status 0
10:16:27 INFO  Executed sudo&lt;move_logs&gt;, exit status 0
10:16:27 INFO  Executed sudo&lt;log_file_daemon&gt;, exit status 0
10:16:28 WARN  TypeError occurred while running test - 'NoneType' object is not subscriptable
Traceback (most recent call last):
  File "/home/pi/env-pysys/lib/python3.7/site-packages/pysys/baserunner.py", line 1294, in __call__
    self.testObj.execute()
  File "/home/pi/actions-runner/_work/thin-edge.io/thin-edge.io/tests/PySys/log_request_end_to_end/log_request_num_lines/run.py", line 46, in execute
    log_file_request_payload, self.project.deviceid
  File "/home/pi/actions-runner/_work/thin-edge.io/thin-edge.io/tests/PySys/environments/cumulocity.py", line 101, in trigger_log_request
    "deviceId": self.device_fragment["id"],
TypeError: 'NoneType' object is not subscriptable
10:16:28 WARN  TypeError: 'NoneType' object is not subscriptable ... blocked 
10:16:28 INFO  
10:16:28 INFO  cleanup:
10:16:29 INFO  Executed sudo&lt;rm_logs&gt;, exit status 0
10:16:29 INFO  Executed sudo&lt;rm_tmp_logs&gt;, exit status 0
10:16:30 INFO  Executed sudo&lt;send_failed&gt;, exit status 0
10:16:30 INFO  Executed sudo&lt;log_file_daemon&gt;, exit status 0
10:16:34 INFO  Executed sudo&lt;tedge_disconnect_c8y&gt;, exit status 0
10:16:35 INFO  Executed systemctl&lt;serv_mapper5&gt;, exit status 3
10:16:35 INFO  
10:16:35 INFO  Test duration: 31.73 secs
10:16:35 INFO  Test final outcome:  BLOCKED
10:16:35 INFO  Test outcome reason: TypeError: 'NoneType' object is not subscriptable
10:16:35 INFO  
</system-out>
	</testcase>
</testsuite><testsuite name="mapper_awaits_before_reconnect" tests="1" errors="0" failures="1" skipped="0" time="0"><testcase classname="MapperReconnectAwait" name="mapper_awaits_before_reconnect">
		<failure message="FAILED: Line count on tedge_mapper_journal.out for &quot;tedge_mapper::core::mapper: MQTT connection error:&quot; expected &gt;=2 but got 0" type="FAILED" />
		<system-out>10:30:31 INFO  ==============================================================
10:30:31 INFO  Id:    mapper_awaits_before_reconnect
10:30:31 INFO  Dir:   tedge_mapper_c8y/
10:30:31 INFO  Title: Validate mapper doesn't reconnect too often
10:30:31 INFO  ==============================================================
10:30:31 INFO  Started mosquitto_sub with process id 13572
10:30:31 INFO  Waiting for 0.1 seconds
10:30:31 INFO  Executed sudo&lt;tedge_mapper&gt;, exit status 0
10:30:31 INFO  Waiting for 5.0 seconds
10:30:37 INFO  Executed sudo&lt;tedge_mapper&gt;, exit status 0
10:30:41 INFO  Executed sudo&lt;tedge_mapper_journal&gt;, exit status 0
10:30:41 WARN  Grep on tedge_mapper_journal.out contains "ERROR" ... failed [run.py:67]
10:30:41 INFO  Line count on file tedge_mapper_journal.out ... passed
10:30:41 WARN  Line count on tedge_mapper_journal.out for "tedge_mapper::core::mapper: MQTT connection error:" expected &gt;=2 but got 0 ... failed [run.py:78]
10:30:41 WARN  Aborted test due to FAILED outcome
10:30:41 INFO  
10:30:41 INFO  Test duration: 10.22 secs
10:30:41 INFO  Test final outcome:  FAILED
10:30:41 INFO  Test outcome reason: Line count on tedge_mapper_journal.out for "tedge_mapper::core::mapper: MQTT connection error:" expected &gt;=2 but got 0
10:30:41 INFO  
</system-out>
	</testcase>
</testsuite><testsuite name="monitoring_smaller_interval" tests="1" errors="0" failures="1" skipped="0" time="0"><testcase classname="MonitoringSmallInterval" name="monitoring_smaller_interval">
		<failure message="BLOCKED: TypeError: 'int' object is not subscriptable" type="BLOCKED" />
		<system-out>10:17:36 INFO  ==============================================================
10:17:36 INFO  Id:    monitoring_smaller_interval
10:17:36 INFO  Dir:   monitoring/
10:17:36 INFO  Title: Validate the tedge dm agent messages that are produced with smaller sampling interval than the batching window. Here the simulated collectd messages are used
10:17:36 INFO  ==============================================================
10:17:37 INFO  Executed sudo&lt;collectd&gt;, exit status 0
10:17:38 INFO  Executed sudo&lt;collectd_mapper&gt;, exit status 0
10:17:38 INFO  Started sudo&lt;tedge_sub&gt; with process id 9732
10:17:38 INFO  Executed sudo&lt;tedge_temp&gt;, exit status 0
10:17:39 INFO  Executed sudo&lt;tedge_pres&gt;, exit status 0
10:17:40 INFO  Executed sudo&lt;tedge_temp&gt;, exit status 0
10:17:40 INFO  Executed sudo&lt;tedge_pres&gt;, exit status 0
10:17:41 INFO  Executed sudo&lt;tedge_temp&gt;, exit status 0
10:17:41 INFO  Executed sudo&lt;tedge_pres&gt;, exit status 0
10:17:42 INFO  Executed sudo&lt;tedge_temp&gt;, exit status 0
10:17:42 INFO  Executed sudo&lt;tedge_pres&gt;, exit status 0
10:17:43 INFO  Executed sudo&lt;tedge_temp&gt;, exit status 0
10:17:43 INFO  Executed sudo&lt;tedge_pres&gt;, exit status 0
10:17:44 INFO  Executed sudo&lt;tedge_temp&gt;, exit status 0
10:17:45 INFO  Executed sudo&lt;tedge_pres&gt;, exit status 0
10:17:45 INFO  Executed sudo&lt;tedge_temp&gt;, exit status 0
10:17:46 INFO  Executed sudo&lt;tedge_pres&gt;, exit status 0
10:17:46 INFO  Executed sudo&lt;tedge_temp&gt;, exit status 0
10:17:47 INFO  Executed sudo&lt;tedge_pres&gt;, exit status 0
10:17:47 INFO  Executed sudo&lt;tedge_temp&gt;, exit status 0
10:17:48 INFO  Executed sudo&lt;tedge_pres&gt;, exit status 0
10:17:49 INFO  Executed sudo&lt;tedge_temp&gt;, exit status 0
10:17:49 INFO  Executed sudo&lt;tedge_pres&gt;, exit status 0
10:17:51 INFO  Executed sudo&lt;kill_out&gt;, exit status 0
10:17:51 INFO  0

10:17:51 WARN  TypeError occurred while running test - 'int' object is not subscriptable
Traceback (most recent call last):
  File "/home/pi/env-pysys/lib/python3.7/site-packages/pysys/baserunner.py", line 1296, in __call__
    self.testObj.validate()
  File "/home/pi/actions-runner/_work/thin-edge.io/thin-edge.io/tests/PySys/monitoring/monitoring_smaller_interval/run.py", line 104, in validate
    collectd_msg_validation_result=self.validate_json(),
  File "/home/pi/actions-runner/_work/thin-edge.io/thin-edge.io/tests/PySys/monitoring/monitoring_smaller_interval/run.py", line 114, in validate_json
    if not self.validate_time():
  File "/home/pi/actions-runner/_work/thin-edge.io/thin-edge.io/tests/PySys/monitoring/monitoring_smaller_interval/run.py", line 134, in validate_time
    if self.js_msg["time"]:
TypeError: 'int' object is not subscriptable
10:17:51 WARN  TypeError: 'int' object is not subscriptable ... blocked 
10:17:51 INFO  
10:17:51 INFO  cleanup:
10:17:51 INFO  monitoring_cleanup
10:17:51 INFO  Executed sudo&lt;collectd_mapper&gt;, exit status 0
10:17:51 INFO  
10:17:51 INFO  Test duration: 14.81 secs
10:17:51 INFO  Test final outcome:  BLOCKED
10:17:51 INFO  Test outcome reason: TypeError: 'int' object is not subscriptable
10:17:51 INFO  
</system-out>
	</testcase>
</testsuite><testsuite name="monitoring_with_collectd" tests="1" errors="0" failures="0" skipped="1" time="0"><testcase classname="MonitoringWithCollectd" name="monitoring_with_collectd">
		<skipped message="SKIPPED: Test execution disabled due to #792 (instable)" />
		<system-out>10:17:51 INFO  ==============================================================
10:17:51 INFO  Id:    monitoring_with_collectd
10:17:51 INFO  Dir:   monitoring/
10:17:51 INFO  Title: Validate tedge dm agent messages that are produced by batching the collectd messages
10:17:51 INFO  ==============================================================
10:17:51 INFO  Test execution disabled due to #792 (instable) ... skipped
10:17:51 INFO  
10:17:51 INFO  Test duration: 0.06 secs
10:17:51 INFO  Test final outcome:  SKIPPED
10:17:51 INFO  Test outcome reason: Test execution disabled due to #792 (instable)
10:17:51 INFO  
</system-out>
	</testcase>
</testsuite><testsuite name="monitoring_with_simulated_messages" tests="1" errors="0" failures="1" skipped="0" time="0"><testcase classname="MonitoringWithSimulatedMessages" name="monitoring_with_simulated_messages">
		<failure message="BLOCKED: TypeError: 'int' object is not subscriptable" type="BLOCKED" />
		<system-out>10:17:51 INFO  ==============================================================
10:17:51 INFO  Id:    monitoring_with_simulated_messages
10:17:51 INFO  Dir:   monitoring/
10:17:51 INFO  Title: Validate the tedge dm agent messages that are produced from the simulated collectd messages
10:17:51 INFO  ==============================================================
10:17:52 INFO  Executed sudo&lt;collectd&gt;, exit status 0
10:17:53 INFO  Executed sudo&lt;collectd_mapper&gt;, exit status 0
10:17:53 INFO  Started sudo&lt;tedge_sub&gt; with process id 9793
10:17:53 INFO  Executed sudo&lt;tedge_temp&gt;, exit status 0
10:17:54 INFO  Executed sudo&lt;tedge_pres&gt;, exit status 0
10:17:55 INFO  Executed sudo&lt;kill_out&gt;, exit status 0
10:17:55 INFO  0

10:17:55 WARN  TypeError occurred while running test - 'int' object is not subscriptable
Traceback (most recent call last):
  File "/home/pi/env-pysys/lib/python3.7/site-packages/pysys/baserunner.py", line 1296, in __call__
    self.testObj.validate()
  File "/home/pi/actions-runner/_work/thin-edge.io/thin-edge.io/tests/PySys/monitoring/monitoring_with_simulated_messages/run.py", line 98, in validate
    collectd_msg_validation_result=self.validate_json(),
  File "/home/pi/actions-runner/_work/thin-edge.io/thin-edge.io/tests/PySys/monitoring/monitoring_with_simulated_messages/run.py", line 108, in validate_json
    if not self.validate_time():
  File "/home/pi/actions-runner/_work/thin-edge.io/thin-edge.io/tests/PySys/monitoring/monitoring_with_simulated_messages/run.py", line 127, in validate_time
    if self.js_msg["time"]:
TypeError: 'int' object is not subscriptable
10:17:55 WARN  TypeError: 'int' object is not subscriptable ... blocked 
10:17:55 INFO  
10:17:55 INFO  cleanup:
10:17:55 INFO  monitoring_cleanup
10:17:56 INFO  Executed sudo&lt;collectd_mapper&gt;, exit status 0
10:17:56 INFO  
10:17:56 INFO  Test duration: 4.42 secs
10:17:56 INFO  Test final outcome:  BLOCKED
10:17:56 INFO  Test outcome reason: TypeError: 'int' object is not subscriptable
10:17:56 INFO  
</system-out>
	</testcase>
</testsuite><testsuite name="mqtt_port_change_connection_fails" tests="1" errors="0" failures="0" skipped="0" time="0"><testcase classname="MqttPortChangeConnectionFails" name="mqtt_port_change_connection_fails" />
</testsuite><testsuite name="mqtt_port_change_connection_works" tests="1" errors="0" failures="0" skipped="1" time="0"><testcase classname="MqttPortChangeConnectionWorks" name="mqtt_port_change_connection_works">
		<skipped message="SKIPPED: failing intermitently" />
		<system-out>10:17:10 INFO  ==============================================================
10:17:10 INFO  Id:    mqtt_port_change_connection_works
10:17:10 INFO  Dir:   misc_features/
10:17:10 INFO  Title: mqtt port change connection works for all the thin-edge services that use the mosquitto broker
10:17:10 INFO  ==============================================================
10:17:10 INFO  failing intermitently ... skipped
10:17:10 INFO  
10:17:10 INFO  Test duration: 0.05 secs
10:17:10 INFO  Test final outcome:  SKIPPED
10:17:10 INFO  Test outcome reason: failing intermitently
10:17:10 INFO  
</system-out>
	</testcase>
</testsuite><testsuite name="publish_flux" tests="1" errors="0" failures="0" skipped="0" time="0"><testcase classname="PublishFlux" name="publish_flux" />
</testsuite><testsuite name="publish_sawmill" tests="1" errors="0" failures="0" skipped="0" time="0"><testcase classname="PublishSawmill" name="publish_sawmill" />
</testsuite><testsuite name="runtime_start_two_mappers" tests="1" errors="0" failures="0" skipped="0" time="0"><testcase classname="RuntimeMultiMappers" name="runtime_start_two_mappers" />
</testsuite><testsuite name="sm_tedge_mapper_init_session" tests="1" errors="0" failures="0" skipped="0" time="0"><testcase classname="TedgeSMMapperInitSession" name="sm_tedge_mapper_init_session" />
</testsuite><testsuite name="smoketest_json" tests="1" errors="0" failures="0" skipped="0" time="0"><testcase classname="SmokeTestJson" name="smoketest_json" />
</testsuite><testsuite name="smoketest_json_400_samples_10ms" tests="1" errors="0" failures="0" skipped="0" time="0"><testcase classname="SmoketestJson400Samples10ms" name="smoketest_json_400_samples_10ms" />
</testsuite><testsuite name="smoketest_json_400_samples_20ms" tests="1" errors="0" failures="0" skipped="0" time="0"><testcase classname="SmoketestJson400Samples20ms" name="smoketest_json_400_samples_20ms" />
</testsuite><testsuite name="smoketest_smartrest" tests="1" errors="0" failures="0" skipped="0" time="0"><testcase classname="SmoketestSmartRest" name="smoketest_smartrest" />
</testsuite><testsuite name="smoketest_smartrest_400_samples_1Xms" tests="1" errors="0" failures="0" skipped="0" time="0"><testcase classname="SmoketestSmartRest400Samples1Xms" name="smoketest_smartrest_400_samples_1Xms" />
</testsuite><testsuite name="smoketest_smartrest_400_samples_20ms" tests="1" errors="0" failures="0" skipped="0" time="0"><testcase classname="SmoketestSmartRest400Samples20ms" name="smoketest_smartrest_400_samples_20ms" />
</testsuite><testsuite name="tedge_agent_user_sudo_access" tests="1" errors="0" failures="0" skipped="1" time="0"><testcase classname="TedgeAgentUserSudoAccess" name="tedge_agent_user_sudo_access">
		<skipped message="SKIPPED: #955 Observation: Exit code of the apt plugin when called with no arguments" />
		<system-out>10:27:55 INFO  ==============================================================
10:27:55 INFO  Id:    tedge_agent_user_sudo_access
10:27:55 INFO  Dir:   tedge/
10:27:55 INFO  Title: Validate tedge-agent user has a limited sudo right
10:27:55 INFO  ==============================================================
10:27:55 INFO  #955 Observation: Exit code of the apt plugin when called with no arguments ... skipped
10:27:55 INFO  
10:27:55 INFO  Test duration: 0.02 secs
10:27:55 INFO  Test final outcome:  SKIPPED
10:27:55 INFO  Test outcome reason: #955 Observation: Exit code of the apt plugin when called with no arguments
10:27:55 INFO  
</system-out>
	</testcase>
</testsuite><testsuite name="tedge_connect_test_negative" tests="1" errors="0" failures="0" skipped="0" time="0"><testcase classname="TedgeConnectTestNegative" name="tedge_connect_test_negative" />
</testsuite><testsuite name="tedge_connect_test_positive" tests="1" errors="0" failures="0" skipped="0" time="0"><testcase classname="TedgeConnectTestPositive" name="tedge_connect_test_positive" />
</testsuite><testsuite name="tedge_connect_test_sm_services" tests="1" errors="0" failures="0" skipped="0" time="0"><testcase classname="TedgeConnectTestSMServices" name="tedge_connect_test_sm_services" />
</testsuite><testsuite name="tedge_disconnect_test_sm_services" tests="1" errors="0" failures="0" skipped="0" time="0"><testcase classname="TedgeDisConnectTestSMServices" name="tedge_disconnect_test_sm_services" />
</testsuite><testsuite name="tedge_mapper_az_negative" tests="1" errors="0" failures="0" skipped="0" time="0"><testcase classname="TedgeMapperAzError" name="tedge_mapper_az_negative" />
</testsuite><testsuite name="tedge_mapper_az_with_timestamp" tests="1" errors="0" failures="0" skipped="0" time="0"><testcase classname="TedgeMapperAzWithTimestamp" name="tedge_mapper_az_with_timestamp" />
</testsuite><testsuite name="tedge_mapper_az_without_timestamp" tests="1" errors="0" failures="0" skipped="0" time="0"><testcase classname="TedgeMapperAzWithoutTimestamp" name="tedge_mapper_az_without_timestamp" />
</testsuite><testsuite name="tedge_mapper_c8y_alarms" tests="1" errors="0" failures="0" skipped="0" time="0"><testcase classname="TedgeMapperC8yAlarm" name="tedge_mapper_c8y_alarms" />
</testsuite><testsuite name="tedge_mapper_c8y_child_device_measurement" tests="1" errors="0" failures="0" skipped="0" time="0"><testcase classname="TedgeMapperC8yChildDevice" name="tedge_mapper_c8y_child_device_measurement" />
</testsuite><testsuite name="tedge_mapper_c8y_packet_threshold_size" tests="1" errors="0" failures="1" skipped="0" time="0"><testcase classname="TedgeMapperC8yThresholdPacketSize" name="tedge_mapper_c8y_packet_threshold_size">
		<failure message="FAILED: Grep on tedge_sub.out contains &quot;The size of the message received on tedge/measurements is 20489 which is greater than the threshold size of 16184.&quot;" type="FAILED" />
		<system-out>10:32:18 INFO  ==============================================================
10:32:18 INFO  Id:    tedge_mapper_c8y_packet_threshold_size
10:32:18 INFO  Dir:   tedge_mapper_c8y/
10:32:18 INFO  Title: Validate the Cumulocity Mapper accepted threshold packet size when it receives a message on tedge/measurements
10:32:18 INFO  ==============================================================
10:32:18 INFO  Executed sudo&lt;tedge_mapper_c8y&gt;, exit status 0
10:32:18 INFO  Started sudo&lt;tedge_sub&gt; with process id 14166
10:32:19 INFO  Executed sudo&lt;tedge_msg&gt;, exit status 0
10:32:19 INFO  Executed sudo&lt;tedge_pub&gt;, exit status 0
10:32:20 INFO  Executed sudo&lt;kill_out&gt;, exit status 0
10:32:20 WARN  Grep on tedge_sub.out contains "The size of the message received on tedge/measurements is 20489 which is greater than the threshold size of 16184." ... failed [run.py:88]
10:32:20 INFO  
10:32:20 INFO  cleanup:
10:32:20 INFO  mapper_cleanup
10:32:21 INFO  Executed sudo&lt;tedge_mapper_c8y&gt;, exit status 0
10:32:21 INFO  
10:32:21 INFO  Test duration: 3.00 secs
10:32:21 INFO  Test final outcome:  FAILED
10:32:21 INFO  Test outcome reason: Grep on tedge_sub.out contains "The size of the message received on tedge/measurements is 20489 which is greater than the threshold size of 16184."
10:32:21 INFO  
</system-out>
	</testcase>
</testsuite><testsuite name="tedge_software_update" tests="1" errors="0" failures="0" skipped="0" time="0"><testcase classname="PySysTest" name="tedge_software_update" />
</testsuite><testsuite name="valid_device_id" tests="1" errors="0" failures="0" skipped="0" time="0"><testcase classname="ValidateValidDeviceId" name="valid_device_id" />
</testsuite></testsuites>