<?xml version='1.0' encoding='utf-8'?>
<testsuites tests="139" failures="17" errors="0" skipped="45" time="0.0"><testsuite name="SoftwareManagement.Plugin.apama_plugin_install" tests="3" errors="0" failures="0" skipped="1" time="0"><testcase classname="ApamaPluginInstallTest" name="SoftwareManagement.Plugin.apama_plugin_install">
		<skipped message="SKIPPED: Apama plugin tests are disabled by default. Execute `pysys run` with `-XmyPlatform=container` to run these tests" />
		<system-out>15:50:48 INFO  ==============================================================
15:50:48 INFO  Id:    SoftwareManagement.Plugin.apama_plugin_install
15:50:48 INFO  Dir:   plugin_apama/
15:50:48 INFO  Title: Validate apama plugin install
15:50:48 INFO  ==============================================================
15:50:48 INFO  Apama plugin tests are disabled by default. Execute `pysys run` with `-XmyPlatform=container` to run these tests ... skipped
15:50:48 WARN  Aborted test due to SKIPPED outcome
15:50:48 INFO  
15:50:48 INFO  Test duration: 0.05 secs
15:50:48 INFO  Test final outcome:  SKIPPED
15:50:48 INFO  Test outcome reason: Apama plugin tests are disabled by default. Execute `pysys run` with `-XmyPlatform=container` to run these tests
15:50:48 INFO  
</system-out>
	</testcase>
<testcase classname="ApamaPluginInstallTest" name="SoftwareManagement.Plugin.apama_plugin_install" />
<testcase classname="ApamaPluginInstallTest" name="SoftwareManagement.Plugin.apama_plugin_install" />
</testsuite><testsuite name="SoftwareManagement.Plugin.apama_plugin_mon_support" tests="3" errors="0" failures="0" skipped="1" time="0"><testcase classname="ApamaPluginMonSupportTest" name="SoftwareManagement.Plugin.apama_plugin_mon_support">
		<skipped message="SKIPPED: Apama plugin tests are disabled by default. Execute `pysys run` with `-XmyPlatform=container` to run these tests" />
		<system-out>15:50:48 INFO  ==============================================================
15:50:48 INFO  Id:    SoftwareManagement.Plugin.apama_plugin_mon_support
15:50:48 INFO  Dir:   plugin_apama/
15:50:48 INFO  Title: Validate mon file support of apama plugin
15:50:48 INFO  ==============================================================
15:50:49 INFO  Apama plugin tests are disabled by default. Execute `pysys run` with `-XmyPlatform=container` to run these tests ... skipped
15:50:49 WARN  Aborted test due to SKIPPED outcome
15:50:49 INFO  
15:50:49 INFO  Test duration: 0.05 secs
15:50:49 INFO  Test final outcome:  SKIPPED
15:50:49 INFO  Test outcome reason: Apama plugin tests are disabled by default. Execute `pysys run` with `-XmyPlatform=container` to run these tests
15:50:49 INFO  
</system-out>
	</testcase>
<testcase classname="ApamaPluginMonSupportTest" name="SoftwareManagement.Plugin.apama_plugin_mon_support" />
<testcase classname="ApamaPluginMonSupportTest" name="SoftwareManagement.Plugin.apama_plugin_mon_support" />
</testsuite><testsuite name="SoftwareManagement.Plugin.apama_plugin_remove" tests="3" errors="0" failures="0" skipped="1" time="0"><testcase classname="ApamaPluginRemoveTest" name="SoftwareManagement.Plugin.apama_plugin_remove">
		<skipped message="SKIPPED: Apama plugin tests are disabled by default. Execute `pysys run` with `-XmyPlatform=container` to run these tests" />
		<system-out>15:50:49 INFO  ==============================================================
15:50:49 INFO  Id:    SoftwareManagement.Plugin.apama_plugin_remove
15:50:49 INFO  Dir:   plugin_apama/
15:50:49 INFO  Title: Validate apama plugin remove
15:50:49 INFO  ==============================================================
15:50:49 INFO  Apama plugin tests are disabled by default. Execute `pysys run` with `-XmyPlatform=container` to run these tests ... skipped
15:50:49 WARN  Aborted test due to SKIPPED outcome
15:50:49 INFO  
15:50:49 INFO  Test duration: 0.03 secs
15:50:49 INFO  Test final outcome:  SKIPPED
15:50:49 INFO  Test outcome reason: Apama plugin tests are disabled by default. Execute `pysys run` with `-XmyPlatform=container` to run these tests
15:50:49 INFO  
</system-out>
	</testcase>
<testcase classname="ApamaPluginRemoveTest" name="SoftwareManagement.Plugin.apama_plugin_remove" />
<testcase classname="ApamaPluginRemoveTest" name="SoftwareManagement.Plugin.apama_plugin_remove" />
</testsuite><testsuite name="SoftwareManagement.Plugin.apama_plugin_update" tests="3" errors="0" failures="2" skipped="1" time="0"><testcase classname="ApamaPluginUpdateTest" name="SoftwareManagement.Plugin.apama_plugin_update">
		<skipped message="SKIPPED: Apama plugin tests are disabled by default. Execute `pysys run` with `-XmyPlatform=container` to run these tests" />
		<system-out>15:50:49 INFO  ==============================================================
15:50:49 INFO  Id:    SoftwareManagement.Plugin.apama_plugin_update
15:50:49 INFO  Dir:   plugin_apama/
15:50:49 INFO  Title: Validate apama plugin updating one project with another
15:50:49 INFO  ==============================================================
15:50:49 INFO  Apama plugin tests are disabled by default. Execute `pysys run` with `-XmyPlatform=container` to run these tests ... skipped
15:50:49 WARN  Aborted test due to SKIPPED outcome
15:50:49 INFO  
15:50:49 INFO  Test duration: 0.02 secs
15:50:49 INFO  Test final outcome:  SKIPPED
15:50:49 INFO  Test outcome reason: Apama plugin tests are disabled by default. Execute `pysys run` with `-XmyPlatform=container` to run these tests
15:50:49 INFO  
</system-out>
	</testcase>
<testcase classname="ApamaPluginUpdateTest" name="SoftwareManagement.Plugin.apama_plugin_update">
		<failure message="BLOCKED: sudo&lt;plugin_install&gt; returned non-zero exit code 2" type="BLOCKED" />
		<system-out>16:42:11 INFO  ==============================================================
16:42:11 INFO  Id:    SoftwareManagement.Plugin.apama_plugin_update
16:42:11 INFO  Dir:   plugin_apama/
16:42:11 INFO  Title: Validate apama plugin updating one project with another
16:42:11 INFO  ==============================================================
16:42:11 INFO  Assertion that path exists=False for "/etc/tedge/apama/project" ... passed
16:42:12 INFO  Executed sudo&lt;create_project_dir&gt;, exit status 0
16:42:13 INFO  Executed sudo&lt;unzip_apama_project&gt;, exit status 0
16:42:13 INFO  Executed sudo&lt;move_apama_project&gt;, exit status 0
16:42:14 INFO  Executed sudo&lt;restart_apama_service&gt;, exit status 0
16:42:15 INFO  Executed sudo&lt;apama_correlator_wait&gt;, exit status 0
16:42:15 INFO  Assertion that path exists=True for "/etc/tedge/apama/project" ... passed
16:42:15 INFO  Executed sudo&lt;apama_list_monitors&gt;, exit status 0
16:42:15 INFO  Grep on file /home/pi/actions-runner/_work/thin-edge.io/thin-edge.io/tests/PySys/plugin_apama/apama_plugin_update/Output/linux/apama_list_monitors.out ... passed
16:42:16 WARN  Executed sudo&lt;plugin_install&gt;, exit status 2
16:42:16 INFO  Contents of plugin_install.err: 
  ERROR: Directory not empty (os error 39)
  -----

16:42:16 WARN  sudo&lt;plugin_install&gt; returned non-zero exit code 2 ... blocked [run.py:35]
16:42:16 WARN  Aborted test due to BLOCKED outcome
16:42:16 INFO  
16:42:16 INFO  cleanup:
16:42:16 INFO  Removing apama project
16:42:32 INFO  Executed sudo&lt;stop_apama_service&gt;, exit status 0, duration 15 secs
16:42:32 INFO  Executed sudo&lt;remove_apama_project&gt;, exit status 0
16:42:33 INFO  Executed sudo&lt;remove_apama_tmp_dir&gt;, exit status 0
16:42:33 INFO  
16:42:33 INFO  Test duration: 21.34 secs
16:42:33 INFO  Test final outcome:  BLOCKED
16:42:33 INFO  Test outcome reason: sudo&lt;plugin_install&gt; returned non-zero exit code 2
16:42:33 INFO  
</system-out>
	</testcase>
<testcase classname="ApamaPluginUpdateTest" name="SoftwareManagement.Plugin.apama_plugin_update">
		<failure message="BLOCKED: sudo&lt;plugin_install&gt; returned non-zero exit code 2" type="BLOCKED" />
		<system-out>16:50:54 INFO  ==============================================================
16:50:54 INFO  Id:    SoftwareManagement.Plugin.apama_plugin_update
16:50:54 INFO  Dir:   plugin_apama/
16:50:54 INFO  Title: Validate apama plugin updating one project with another
16:50:54 INFO  ==============================================================
16:50:54 INFO  Assertion that path exists=False for "/etc/tedge/apama/project" ... passed
16:50:55 INFO  Executed sudo&lt;create_project_dir&gt;, exit status 0
16:50:56 INFO  Executed sudo&lt;unzip_apama_project&gt;, exit status 0
16:50:56 INFO  Executed sudo&lt;move_apama_project&gt;, exit status 0
16:50:57 INFO  Executed sudo&lt;restart_apama_service&gt;, exit status 0
16:50:58 INFO  Executed sudo&lt;apama_correlator_wait&gt;, exit status 0
16:50:58 INFO  Assertion that path exists=True for "/etc/tedge/apama/project" ... passed
16:50:58 INFO  Executed sudo&lt;apama_list_monitors&gt;, exit status 0
16:50:58 INFO  Grep on file /home/pi/actions-runner/_work/thin-edge.io/thin-edge.io/tests/PySys/plugin_apama/apama_plugin_update/Output/linux/apama_list_monitors.out ... passed
16:50:59 WARN  Executed sudo&lt;plugin_install&gt;, exit status 2
16:50:59 INFO  Contents of plugin_install.err: 
  ERROR: Directory not empty (os error 39)
  -----

16:50:59 WARN  sudo&lt;plugin_install&gt; returned non-zero exit code 2 ... blocked [run.py:35]
16:50:59 WARN  Aborted test due to BLOCKED outcome
16:50:59 INFO  
16:50:59 INFO  cleanup:
16:50:59 INFO  Removing apama project
16:51:15 INFO  Executed sudo&lt;stop_apama_service&gt;, exit status 0, duration 15 secs
16:51:15 INFO  Executed sudo&lt;remove_apama_project&gt;, exit status 0
16:51:16 INFO  Executed sudo&lt;remove_apama_tmp_dir&gt;, exit status 0
16:51:16 INFO  
16:51:16 INFO  Test duration: 21.17 secs
16:51:16 INFO  Test final outcome:  BLOCKED
16:51:16 INFO  Test outcome reason: sudo&lt;plugin_install&gt; returned non-zero exit code 2
16:51:16 INFO  
</system-out>
	</testcase>
</testsuite><testsuite name="SoftwareManagement.sm_apt_install_download_path" tests="3" errors="0" failures="2" skipped="1" time="0"><testcase classname="AptInstallWithDownloadPath" name="SoftwareManagement.sm_apt_install_download_path">
		<skipped message="SKIPPED: Testing the apt plugin is not supported on this platform.Use parameter -XmyPlatform='container' to enable it" />
		<system-out>16:00:25 INFO  ==============================================================
16:00:25 INFO  Id:    SoftwareManagement.sm_apt_install_download_path
16:00:25 INFO  Dir:   software_management_end_to_end/
16:00:25 INFO  Title: Install package to directory specified in tedge config set tmp.path
16:00:25 INFO  ==============================================================
16:00:25 INFO  Testing the apt plugin is not supported on this platform.Use parameter -XmyPlatform='container' to enable it ... skipped
16:00:25 WARN  Aborted test due to SKIPPED outcome
16:00:25 INFO  
16:00:25 INFO  Test duration: 0.07 secs
16:00:25 INFO  Test final outcome:  SKIPPED
16:00:25 INFO  Test outcome reason: Testing the apt plugin is not supported on this platform.Use parameter -XmyPlatform='container' to enable it
16:00:25 INFO  
</system-out>
	</testcase>
<testcase classname="AptInstallWithDownloadPath" name="SoftwareManagement.sm_apt_install_download_path">
		<failure message="BLOCKED: AssertionError:" type="BLOCKED" />
		<system-out>16:24:08 INFO  ==============================================================
16:24:08 INFO  Id:    SoftwareManagement.sm_apt_install_download_path
16:24:08 INFO  Dir:   software_management_end_to_end/
16:24:08 INFO  Title: Install package to directory specified in tedge config set tmp.path
16:24:08 INFO  ==============================================================
16:24:08 INFO  Using sw id database: {'asciijump': '5475369', 'robotfindskitten': '5474869', 'squirrel3': '5475279', 'rolldice': '5152439', 'moon-buggy': '5439204', 'apple': '5495053', 'banana': '5494888', 'cherry': '5495382', 'watermelon': '5494510', 'registry': '8018911', 'hello-world': '8021526', 'docker/getting-started': '8021973', 'alpine': '7991792'}
16:24:08 INFO  EnvironmentC8y Setup
16:24:09 INFO  Executed systemctl&lt;serv_mapper1&gt;, exit status 3
16:24:24 INFO  Executed sudo&lt;tedge_connect_c8y&gt;, exit status 0, duration 15 secs
16:24:26 INFO  Executed sudo&lt;tedge_connect_c8y_test&gt;, exit status 0
16:24:27 INFO  Executed systemctl&lt;serv_mosq2&gt;, exit status 0
16:24:27 INFO  Executed systemctl&lt;serv_mapper3&gt;, exit status 0
16:24:30 ERROR No operations found, assuming it passed
16:24:30 INFO  Assert that (False == value) with value=False ... passed
16:24:31 INFO  Executed sudo, exit status 0
16:24:31 INFO  Executed sudo, exit status 0
16:24:32 INFO  Executed sudo, exit status 0
16:24:36 INFO  Executed sudo&lt;tedge_disconnect_c8y&gt;, exit status 0
16:24:36 INFO  Restarting mosquitto too frequently in the last 10 seconds. It was only up for 3 seconds
16:24:36 INFO  Delaying execution by 8 seconds
16:24:58 INFO  Executed sudo&lt;tedge_connect_c8y&gt;, exit status 0, duration 13 secs
16:24:58 INFO  Response status: 201
16:24:58 INFO  Response to action: {
    "creationTime": "2022-07-18T16:24:58.597Z",
    "deviceName": "m32sd10d",
    "deviceId": "21014707",
    "self": "https://t493319102.eu-latest.cumulocity.com/devicecontrol/operations/21027392",
    "id": "21027392",
    "status": "PENDING",
    "description": "Apply software changes, triggered from PySys: [{'name': 'rolldice', 'id': '5152439', 'version': '::apt', 'url': 'https://thin-edge-io.eu-latest.cumulocity.com/inventory/binaries/12435463', 'action': 'install'}]",
    "c8y_SoftwareUpdate": [
        {
            "name": "rolldice",
            "action": "install",
            "id": "5152439",
            "version": "::apt",
            "url": "https://thin-edge-io.eu-latest.cumulocity.com/inventory/binaries/12435463"
        }
    ]
}
16:24:58 INFO  Started operation: {'creationTime': '2022-07-18T16:24:58.597Z', 'deviceName': 'm32sd10d', 'deviceId': '21014707', 'self': 'https://t493319102.eu-latest.cumulocity.com/devicecontrol/operations/21027392', 'id': '21027392', 'status': 'PENDING', 'description': "Apply software changes, triggered from PySys: [{'name': 'rolldice', 'id': '5152439', 'version': '::apt', 'url': 'https://thin-edge-io.eu-latest.cumulocity.com/inventory/binaries/12435463', 'action': 'install'}]", 'c8y_SoftwareUpdate': [{'name': 'rolldice', 'action': 'install', 'id': '5152439', 'version': '::apt', 'url': 'https://thin-edge-io.eu-latest.cumulocity.com/inventory/binaries/12435463'}]}
16:24:58 WARN  , retrying in 0.5 seconds...
16:24:59 WARN  , retrying in 0.5 seconds...
16:24:59 WARN  , retrying in 0.5 seconds...
16:25:00 WARN  , retrying in 0.5 seconds...
16:25:00 WARN  , retrying in 0.5 seconds...
16:25:01 WARN  , retrying in 0.5 seconds...
16:25:01 WARN  , retrying in 0.5 seconds...
16:25:02 WARN  , retrying in 0.5 seconds...
16:25:02 WARN  , retrying in 0.5 seconds...
16:25:03 WARN  AssertionError occurred while running test - 
Traceback (most recent call last):
  File "/home/pi/env-pysys/lib/python3.7/site-packages/pysys/baserunner.py", line 1294, in __call__
    self.testObj.execute()
  File "/home/pi/actions-runner/_work/thin-edge.io/thin-edge.io/tests/PySys/software_management_end_to_end/sm_apt_install_download_path/run.py", line 83, in execute
    assert_install_in_download_path(install_directory=self.DOWNLOAD_DIR)
  File "/home/pi/env-pysys/lib/python3.7/site-packages/decorator.py", line 232, in fun
    return caller(func, *(extras + args), **kw)
  File "/home/pi/env-pysys/lib/python3.7/site-packages/retry/api.py", line 74, in retry_decorator
    logger)
  File "/home/pi/env-pysys/lib/python3.7/site-packages/retry/api.py", line 33, in __retry_internal
    return f()
  File "/home/pi/actions-runner/_work/thin-edge.io/thin-edge.io/tests/PySys/software_management_end_to_end/sm_apt_install_download_path/run.py", line 28, in assert_install_in_download_path
    assert "rolldice" in os.listdir(f"{install_directory}")
AssertionError
16:25:03 WARN  AssertionError: ... blocked 
16:25:03 INFO  
16:25:03 INFO  cleanup:
16:25:04 INFO  Executed sudo, exit status 0
16:25:05 INFO  Executed sudo, exit status 0
16:25:09 INFO  Executed sudo&lt;tedge_disconnect_c8y&gt;, exit status 0
16:25:09 INFO  Restarting mosquitto too frequently in the last 10 seconds. It was only up for 4 seconds
16:25:09 INFO  Delaying execution by 7 seconds
16:25:31 INFO  Executed sudo&lt;tedge_connect_c8y&gt;, exit status 0, duration 14 secs
16:25:35 INFO  Executed sudo&lt;tedge_disconnect_c8y&gt;, exit status 0
16:25:35 INFO  Executed systemctl&lt;serv_mapper5&gt;, exit status 3
16:25:35 INFO  
16:25:35 INFO  Test duration: 87.64 secs
16:25:35 INFO  Test final outcome:  BLOCKED
16:25:35 INFO  Test outcome reason: AssertionError:
16:25:35 INFO  
</system-out>
	</testcase>
<testcase classname="AptInstallWithDownloadPath" name="SoftwareManagement.sm_apt_install_download_path">
		<failure message="BLOCKED: AssertionError:" type="BLOCKED" />
		<system-out>16:51:16 INFO  ==============================================================
16:51:16 INFO  Id:    SoftwareManagement.sm_apt_install_download_path
16:51:16 INFO  Dir:   software_management_end_to_end/
16:51:16 INFO  Title: Install package to directory specified in tedge config set tmp.path
16:51:16 INFO  ==============================================================
16:51:17 INFO  Using sw id database: {'asciijump': '5475369', 'robotfindskitten': '5474869', 'squirrel3': '5475279', 'rolldice': '5152439', 'moon-buggy': '5439204', 'apple': '5495053', 'banana': '5494888', 'cherry': '5495382', 'watermelon': '5494510', 'registry': '8018911', 'hello-world': '8021526', 'docker/getting-started': '8021973', 'alpine': '7991792'}
16:51:17 INFO  EnvironmentC8y Setup
16:51:17 INFO  Executed systemctl&lt;serv_mapper1&gt;, exit status 3
16:51:32 INFO  Executed sudo&lt;tedge_connect_c8y&gt;, exit status 0, duration 14 secs
16:51:32 INFO  Executed sudo&lt;tedge_connect_c8y_test&gt;, exit status 0
16:51:33 INFO  Executed systemctl&lt;serv_mosq2&gt;, exit status 0
16:51:33 INFO  Executed systemctl&lt;serv_mapper3&gt;, exit status 0
16:51:36 INFO  State of current operation: SUCCESSFUL
16:51:36 INFO  Assert that (False == value) with value=False ... passed
16:51:36 INFO  Executed sudo, exit status 0
16:51:37 INFO  Executed sudo, exit status 0
16:51:38 INFO  Executed sudo, exit status 0
16:51:42 INFO  Executed sudo&lt;tedge_disconnect_c8y&gt;, exit status 0
16:51:42 INFO  Restarting mosquitto too frequently in the last 10 seconds. It was only up for 4 seconds
16:51:42 INFO  Delaying execution by 7 seconds
16:52:02 INFO  Executed sudo&lt;tedge_connect_c8y&gt;, exit status 0, duration 13 secs
16:52:03 INFO  Response status: 201
16:52:03 INFO  Response to action: {
    "creationTime": "2022-07-18T16:52:03.132Z",
    "deviceName": "m32sd10d",
    "deviceId": "21014707",
    "self": "https://t493319102.eu-latest.cumulocity.com/devicecontrol/operations/21027556",
    "id": "21027556",
    "status": "PENDING",
    "description": "Apply software changes, triggered from PySys: [{'name': 'rolldice', 'id': '5152439', 'version': '::apt', 'url': 'https://thin-edge-io.eu-latest.cumulocity.com/inventory/binaries/12435463', 'action': 'install'}]",
    "c8y_SoftwareUpdate": [
        {
            "name": "rolldice",
            "action": "install",
            "id": "5152439",
            "version": "::apt",
            "url": "https://thin-edge-io.eu-latest.cumulocity.com/inventory/binaries/12435463"
        }
    ]
}
16:52:03 INFO  Started operation: {'creationTime': '2022-07-18T16:52:03.132Z', 'deviceName': 'm32sd10d', 'deviceId': '21014707', 'self': 'https://t493319102.eu-latest.cumulocity.com/devicecontrol/operations/21027556', 'id': '21027556', 'status': 'PENDING', 'description': "Apply software changes, triggered from PySys: [{'name': 'rolldice', 'id': '5152439', 'version': '::apt', 'url': 'https://thin-edge-io.eu-latest.cumulocity.com/inventory/binaries/12435463', 'action': 'install'}]", 'c8y_SoftwareUpdate': [{'name': 'rolldice', 'action': 'install', 'id': '5152439', 'version': '::apt', 'url': 'https://thin-edge-io.eu-latest.cumulocity.com/inventory/binaries/12435463'}]}
16:52:03 WARN  , retrying in 0.5 seconds...
16:52:03 WARN  , retrying in 0.5 seconds...
16:52:04 WARN  , retrying in 0.5 seconds...
16:52:04 WARN  , retrying in 0.5 seconds...
16:52:05 WARN  , retrying in 0.5 seconds...
16:52:05 WARN  , retrying in 0.5 seconds...
16:52:06 WARN  , retrying in 0.5 seconds...
16:52:06 WARN  , retrying in 0.5 seconds...
16:52:07 WARN  , retrying in 0.5 seconds...
16:52:07 WARN  AssertionError occurred while running test - 
Traceback (most recent call last):
  File "/home/pi/env-pysys/lib/python3.7/site-packages/pysys/baserunner.py", line 1294, in __call__
    self.testObj.execute()
  File "/home/pi/actions-runner/_work/thin-edge.io/thin-edge.io/tests/PySys/software_management_end_to_end/sm_apt_install_download_path/run.py", line 83, in execute
    assert_install_in_download_path(install_directory=self.DOWNLOAD_DIR)
  File "/home/pi/env-pysys/lib/python3.7/site-packages/decorator.py", line 232, in fun
    return caller(func, *(extras + args), **kw)
  File "/home/pi/env-pysys/lib/python3.7/site-packages/retry/api.py", line 74, in retry_decorator
    logger)
  File "/home/pi/env-pysys/lib/python3.7/site-packages/retry/api.py", line 33, in __retry_internal
    return f()
  File "/home/pi/actions-runner/_work/thin-edge.io/thin-edge.io/tests/PySys/software_management_end_to_end/sm_apt_install_download_path/run.py", line 28, in assert_install_in_download_path
    assert "rolldice" in os.listdir(f"{install_directory}")
AssertionError
16:52:07 WARN  AssertionError: ... blocked 
16:52:07 INFO  
16:52:07 INFO  cleanup:
16:52:08 INFO  Executed sudo, exit status 0
16:52:08 INFO  Executed sudo, exit status 0
16:52:13 INFO  Executed sudo&lt;tedge_disconnect_c8y&gt;, exit status 0
16:52:13 INFO  Restarting mosquitto too frequently in the last 10 seconds. It was only up for 4 seconds
16:52:13 INFO  Delaying execution by 7 seconds
16:52:34 INFO  Executed sudo&lt;tedge_connect_c8y&gt;, exit status 0, duration 14 secs
16:52:38 INFO  Executed sudo&lt;tedge_disconnect_c8y&gt;, exit status 0
16:52:39 INFO  Executed systemctl&lt;serv_mapper5&gt;, exit status 3
16:52:39 INFO  
16:52:39 INFO  Test duration: 83.03 secs
16:52:39 INFO  Test final outcome:  BLOCKED
16:52:39 INFO  Test outcome reason: AssertionError:
16:52:39 INFO  
</system-out>
	</testcase>
</testsuite><testsuite name="SoftwareManagement.sm_apt_install_fail" tests="3" errors="0" failures="0" skipped="1" time="0"><testcase classname="PySysTest" name="SoftwareManagement.sm_apt_install_fail">
		<skipped message="SKIPPED: Testing the apt plugin is not supported on this platform.Use parameter -XmyPlatform='container' to enable it" />
		<system-out>16:00:25 INFO  ==============================================================
16:00:25 INFO  Id:    SoftwareManagement.sm_apt_install_fail
16:00:25 INFO  Dir:   software_management_end_to_end/
16:00:25 INFO  Title: Validate end to end behaviour for a failing installation
16:00:25 INFO  ==============================================================
16:00:25 INFO  Testing the apt plugin is not supported on this platform.Use parameter -XmyPlatform='container' to enable it ... skipped
16:00:25 WARN  Aborted test due to SKIPPED outcome
16:00:25 INFO  
16:00:25 INFO  Test duration: 0.02 secs
16:00:25 INFO  Test final outcome:  SKIPPED
16:00:25 INFO  Test outcome reason: Testing the apt plugin is not supported on this platform.Use parameter -XmyPlatform='container' to enable it
16:00:25 INFO  
</system-out>
	</testcase>
<testcase classname="PySysTest" name="SoftwareManagement.sm_apt_install_fail" />
<testcase classname="PySysTest" name="SoftwareManagement.sm_apt_install_fail" />
</testsuite><testsuite name="SoftwareManagement.sm_apt_install_remove" tests="3" errors="0" failures="0" skipped="1" time="0"><testcase classname="PySysTest" name="SoftwareManagement.sm_apt_install_remove">
		<skipped message="SKIPPED: Testing the apt plugin is not supported on this platform.Use parameter -XmyPlatform='container' to enable it" />
		<system-out>16:00:25 INFO  ==============================================================
16:00:25 INFO  Id:    SoftwareManagement.sm_apt_install_remove
16:00:25 INFO  Dir:   software_management_end_to_end/
16:00:25 INFO  Title: Validate end to end behaviour for the apt plugin for installation and removal of packages
16:00:25 INFO  ==============================================================
16:00:25 INFO  Testing the apt plugin is not supported on this platform.Use parameter -XmyPlatform='container' to enable it ... skipped
16:00:25 WARN  Aborted test due to SKIPPED outcome
16:00:25 INFO  
16:00:25 INFO  Test duration: 0.02 secs
16:00:25 INFO  Test final outcome:  SKIPPED
16:00:25 INFO  Test outcome reason: Testing the apt plugin is not supported on this platform.Use parameter -XmyPlatform='container' to enable it
16:00:25 INFO  
</system-out>
	</testcase>
<testcase classname="PySysTest" name="SoftwareManagement.sm_apt_install_remove" />
<testcase classname="PySysTest" name="SoftwareManagement.sm_apt_install_remove" />
</testsuite><testsuite name="SoftwareManagement.sm_apt_install_remove_default" tests="3" errors="0" failures="0" skipped="1" time="0"><testcase classname="PySysTest" name="SoftwareManagement.sm_apt_install_remove_default">
		<skipped message="SKIPPED: Testing the apt plugin is not supported on this platform.Use parameter -XmyPlatform='container' to enable it" />
		<system-out>16:00:25 INFO  ==============================================================
16:00:25 INFO  Id:    SoftwareManagement.sm_apt_install_remove_default
16:00:25 INFO  Dir:   software_management_end_to_end/
16:00:25 INFO  Title: Validate end to end behaviour for the default plugin for installation and removal of packages
16:00:25 INFO  ==============================================================
16:00:25 INFO  Testing the apt plugin is not supported on this platform.Use parameter -XmyPlatform='container' to enable it ... skipped
16:00:25 WARN  Aborted test due to SKIPPED outcome
16:00:25 INFO  
16:00:25 INFO  Test duration: 0.02 secs
16:00:25 INFO  Test final outcome:  SKIPPED
16:00:25 INFO  Test outcome reason: Testing the apt plugin is not supported on this platform.Use parameter -XmyPlatform='container' to enable it
16:00:25 INFO  
</system-out>
	</testcase>
<testcase classname="PySysTest" name="SoftwareManagement.sm_apt_install_remove_default" />
<testcase classname="PySysTest" name="SoftwareManagement.sm_apt_install_remove_default" />
</testsuite><testsuite name="SoftwareManagement.sm_apt_install_remove_multiple" tests="3" errors="0" failures="2" skipped="1" time="0"><testcase classname="PySysTest" name="SoftwareManagement.sm_apt_install_remove_multiple">
		<skipped message="SKIPPED: Testing the apt plugin is not supported on this platform.Use parameter -XmyPlatform='container' to enable it" />
		<system-out>16:00:26 INFO  ==============================================================
16:00:26 INFO  Id:    SoftwareManagement.sm_apt_install_remove_multiple
16:00:26 INFO  Dir:   software_management_end_to_end/
16:00:26 INFO  Title: Validate end to end behaviour for the apt plugin for multiple packages
16:00:26 INFO  ==============================================================
16:00:26 INFO  Testing the apt plugin is not supported on this platform.Use parameter -XmyPlatform='container' to enable it ... skipped
16:00:26 WARN  Aborted test due to SKIPPED outcome
16:00:26 INFO  
16:00:26 INFO  Test duration: 0.02 secs
16:00:26 INFO  Test final outcome:  SKIPPED
16:00:26 INFO  Test outcome reason: Testing the apt plugin is not supported on this platform.Use parameter -XmyPlatform='container' to enable it
16:00:26 INFO  
</system-out>
	</testcase>
<testcase classname="PySysTest" name="SoftwareManagement.sm_apt_install_remove_multiple">
		<failure message="FAILED: Assert that (False == value) with value=True" type="FAILED" />
		<system-out>16:32:24 INFO  ==============================================================
16:32:24 INFO  Id:    SoftwareManagement.sm_apt_install_remove_multiple
16:32:24 INFO  Dir:   software_management_end_to_end/
16:32:24 INFO  Title: Validate end to end behaviour for the apt plugin for multiple packages
16:32:24 INFO  ==============================================================
16:32:24 INFO  Using sw id database: {'asciijump': '5475369', 'robotfindskitten': '5474869', 'squirrel3': '5475279', 'rolldice': '5152439', 'moon-buggy': '5439204', 'apple': '5495053', 'banana': '5494888', 'cherry': '5495382', 'watermelon': '5494510', 'registry': '8018911', 'hello-world': '8021526', 'docker/getting-started': '8021973', 'alpine': '7991792'}
16:32:24 INFO  EnvironmentC8y Setup
16:32:24 INFO  Executed systemctl&lt;serv_mapper1&gt;, exit status 3
16:32:24 INFO  Restarting mosquitto too frequently in the last 10 seconds. It was only up for 4 seconds
16:32:24 INFO  Delaying execution by 7 seconds
16:32:45 INFO  Executed sudo&lt;tedge_connect_c8y&gt;, exit status 0, duration 14 secs
16:32:46 INFO  Executed sudo&lt;tedge_connect_c8y_test&gt;, exit status 0
16:32:46 INFO  Executed systemctl&lt;serv_mosq2&gt;, exit status 0
16:32:47 INFO  Executed systemctl&lt;serv_mapper3&gt;, exit status 0
16:32:49 INFO  State of current operation: SUCCESSFUL
16:32:49 INFO  Assert that (False == value) with value=False ... passed
16:32:50 INFO  Assert that (False == value) with value=False ... passed
16:32:50 INFO  Assert that (False == value) with value=False ... passed
16:32:50 INFO  Package robotfindskitten is installed
16:32:50 WARN  Assert that (False == value) with value=True ... failed 
16:32:51 INFO  Response status: 201
16:32:51 INFO  Response to action: {
    "creationTime": "2022-07-18T16:32:50.975Z",
    "deviceName": "m32sd10d",
    "deviceId": "21014707",
    "self": "https://t493319102.eu-latest.cumulocity.com/devicecontrol/operations/21027456",
    "id": "21027456",
    "status": "PENDING",
    "description": "Apply software changes, triggered from PySys: [{'action': 'install', 'id': '5475369', 'name': 'asciijump', 'url': ' ', 'version': '::apt'}, {'action': 'install', 'id': '5474869', 'name': 'robotfindskitten', 'url': ' ', 'version': '::apt'}, {'action': 'install', 'id': '5475279', 'name': 'squirrel3', 'url': ' ', 'version': '::apt'}]",
    "c8y_SoftwareUpdate": [
        {
            "name": "asciijump",
            "action": "install",
            "id": "5475369",
            "version": "::apt",
            "url": " "
        },
        {
            "name": "robotfindskitten",
            "action": "install",
            "id": "5474869",
            "version": "::apt",
            "url": " "
        },
        {
            "name": "squirrel3",
            "action": "install",
            "id": "5475279",
            "version": "::apt",
            "url": " "
        }
    ]
}
16:32:51 INFO  Started operation: {'creationTime': '2022-07-18T16:32:50.975Z', 'deviceName': 'm32sd10d', 'deviceId': '21014707', 'self': 'https://t493319102.eu-latest.cumulocity.com/devicecontrol/operations/21027456', 'id': '21027456', 'status': 'PENDING', 'description': "Apply software changes, triggered from PySys: [{'action': 'install', 'id': '5475369', 'name': 'asciijump', 'url': ' ', 'version': '::apt'}, {'action': 'install', 'id': '5474869', 'name': 'robotfindskitten', 'url': ' ', 'version': '::apt'}, {'action': 'install', 'id': '5475279', 'name': 'squirrel3', 'url': ' ', 'version': '::apt'}]", 'c8y_SoftwareUpdate': [{'name': 'asciijump', 'action': 'install', 'id': '5475369', 'version': '::apt', 'url': ' '}, {'name': 'robotfindskitten', 'action': 'install', 'id': '5474869', 'version': '::apt', 'url': ' '}, {'name': 'squirrel3', 'action': 'install', 'id': '5475279', 'version': '::apt', 'url': ' '}]}
16:32:53 INFO  State of operation 21027456 : PENDING
16:32:55 INFO  State of operation 21027456 : EXECUTING
16:32:57 INFO  State of operation 21027456 : EXECUTING
16:33:00 INFO  State of operation 21027456 : EXECUTING
16:33:02 INFO  State of operation 21027456 : EXECUTING
16:33:04 INFO  State of operation 21027456 : EXECUTING
16:33:07 INFO  State of operation 21027456 : EXECUTING
16:33:10 INFO  State of operation 21027456 : EXECUTING
16:33:12 INFO  State of operation 21027456 : EXECUTING
16:33:14 INFO  State of operation 21027456 : EXECUTING
16:33:17 INFO  State of operation 21027456 : EXECUTING
16:33:19 INFO  State of operation 21027456 : EXECUTING
16:33:21 INFO  State of operation 21027456 : EXECUTING
16:33:23 INFO  State of operation 21027456 : EXECUTING
16:33:26 INFO  State of operation 21027456 : EXECUTING
16:33:28 INFO  State of operation 21027456 : EXECUTING
16:33:30 INFO  State of operation 21027456 : EXECUTING
16:33:33 INFO  State of operation 21027456 : EXECUTING
16:33:35 INFO  State of operation 21027456 : EXECUTING
16:33:37 INFO  State of operation 21027456 : EXECUTING
16:33:40 INFO  State of operation 21027456 : EXECUTING
16:33:42 INFO  State of operation 21027456 : EXECUTING
16:33:44 INFO  State of operation 21027456 : EXECUTING
16:33:48 INFO  State of operation 21027456 : EXECUTING
16:33:50 INFO  State of operation 21027456 : EXECUTING
16:33:53 INFO  State of operation 21027456 : EXECUTING
16:33:55 INFO  State of operation 21027456 : EXECUTING
16:33:57 INFO  State of operation 21027456 : EXECUTING
16:34:00 INFO  State of operation 21027456 : EXECUTING
16:34:02 INFO  State of operation 21027456 : EXECUTING
16:34:04 INFO  State of operation 21027456 : EXECUTING
16:34:06 INFO  State of operation 21027456 : EXECUTING
16:34:09 INFO  State of operation 21027456 : EXECUTING
16:34:11 INFO  State of operation 21027456 : SUCCESSFUL
16:34:11 INFO  Assert that (False == value) with value=False ... passed
16:34:11 INFO  Package asciijump is installed
16:34:11 INFO  Assert that (True == value) with value=True ... passed
16:34:12 INFO  Package squirrel3 is installed
16:34:12 INFO  Assert that (True == value) with value=True ... passed
16:34:12 INFO  Package robotfindskitten is installed
16:34:12 INFO  Assert that (True == value) with value=True ... passed
16:34:12 INFO  Response status: 201
16:34:12 INFO  Response to action: {
    "creationTime": "2022-07-18T16:34:12.651Z",
    "deviceName": "m32sd10d",
    "deviceId": "21014707",
    "self": "https://t493319102.eu-latest.cumulocity.com/devicecontrol/operations/21027464",
    "id": "21027464",
    "status": "PENDING",
    "description": "Apply software changes, triggered from PySys: [{'action': 'delete', 'id': '5475369', 'name': 'asciijump', 'url': ' ', 'version': '::apt'}, {'action': 'delete', 'id': '5474869', 'name': 'robotfindskitten', 'url': ' ', 'version': '::apt'}, {'action': 'delete', 'id': '5475279', 'name': 'squirrel3', 'url': ' ', 'version': '::apt'}]",
    "c8y_SoftwareUpdate": [
        {
            "name": "asciijump",
            "action": "delete",
            "id": "5475369",
            "version": "::apt",
            "url": " "
        },
        {
            "name": "robotfindskitten",
            "action": "delete",
            "id": "5474869",
            "version": "::apt",
            "url": " "
        },
        {
            "name": "squirrel3",
            "action": "delete",
            "id": "5475279",
            "version": "::apt",
            "url": " "
        }
    ]
}
16:34:12 INFO  Started operation: {'creationTime': '2022-07-18T16:34:12.651Z', 'deviceName': 'm32sd10d', 'deviceId': '21014707', 'self': 'https://t493319102.eu-latest.cumulocity.com/devicecontrol/operations/21027464', 'id': '21027464', 'status': 'PENDING', 'description': "Apply software changes, triggered from PySys: [{'action': 'delete', 'id': '5475369', 'name': 'asciijump', 'url': ' ', 'version': '::apt'}, {'action': 'delete', 'id': '5474869', 'name': 'robotfindskitten', 'url': ' ', 'version': '::apt'}, {'action': 'delete', 'id': '5475279', 'name': 'squirrel3', 'url': ' ', 'version': '::apt'}]", 'c8y_SoftwareUpdate': [{'name': 'asciijump', 'action': 'delete', 'id': '5475369', 'version': '::apt', 'url': ' '}, {'name': 'robotfindskitten', 'action': 'delete', 'id': '5474869', 'version': '::apt', 'url': ' '}, {'name': 'squirrel3', 'action': 'delete', 'id': '5475279', 'version': '::apt', 'url': ' '}]}
16:34:14 INFO  State of operation 21027464 : PENDING
16:34:17 INFO  State of operation 21027464 : EXECUTING
16:34:19 INFO  State of operation 21027464 : EXECUTING
16:34:21 INFO  State of operation 21027464 : EXECUTING
16:34:23 INFO  State of operation 21027464 : EXECUTING
16:34:26 INFO  State of operation 21027464 : EXECUTING
16:34:29 INFO  State of operation 21027464 : EXECUTING
16:34:31 INFO  State of operation 21027464 : EXECUTING
16:34:34 INFO  State of operation 21027464 : EXECUTING
16:34:36 INFO  State of operation 21027464 : EXECUTING
16:34:39 INFO  State of operation 21027464 : EXECUTING
16:34:41 INFO  State of operation 21027464 : EXECUTING
16:34:43 INFO  State of operation 21027464 : EXECUTING
16:34:45 INFO  State of operation 21027464 : EXECUTING
16:34:48 INFO  State of operation 21027464 : EXECUTING
16:34:50 INFO  State of operation 21027464 : EXECUTING
16:34:52 INFO  State of operation 21027464 : EXECUTING
16:34:55 INFO  State of operation 21027464 : EXECUTING
16:34:57 INFO  State of operation 21027464 : EXECUTING
16:35:00 INFO  State of operation 21027464 : EXECUTING
16:35:02 INFO  State of operation 21027464 : EXECUTING
16:35:04 INFO  State of operation 21027464 : EXECUTING
16:35:06 INFO  State of operation 21027464 : EXECUTING
16:35:09 INFO  State of operation 21027464 : EXECUTING
16:35:12 INFO  State of operation 21027464 : EXECUTING
16:35:14 INFO  State of operation 21027464 : EXECUTING
16:35:16 INFO  State of operation 21027464 : EXECUTING
16:35:18 INFO  State of operation 21027464 : SUCCESSFUL
16:35:19 INFO  Assert that (False == value) with value=False ... passed
16:35:19 INFO  Assert that (False == value) with value=False ... passed
16:35:19 INFO  Assert that (False == value) with value=False ... passed
16:35:19 INFO  Assert that (False == value) with value=False ... passed
16:35:19 INFO  
16:35:19 INFO  cleanup:
16:35:23 INFO  Executed sudo&lt;tedge_disconnect_c8y&gt;, exit status 0
16:35:24 INFO  Executed systemctl&lt;serv_mapper5&gt;, exit status 3
16:35:24 INFO  
16:35:24 INFO  Test duration: 180.02 secs
16:35:24 INFO  Test final outcome:  FAILED
16:35:24 INFO  Test outcome reason: Assert that (False == value) with value=True
16:35:24 INFO  
</system-out>
	</testcase>
<testcase classname="PySysTest" name="SoftwareManagement.sm_apt_install_remove_multiple">
		<failure message="FAILED: Assert that (False == value) with value=True (+2 other failures)" type="FAILED" />
		<system-out>16:59:13 INFO  ==============================================================
16:59:13 INFO  Id:    SoftwareManagement.sm_apt_install_remove_multiple
16:59:13 INFO  Dir:   software_management_end_to_end/
16:59:13 INFO  Title: Validate end to end behaviour for the apt plugin for multiple packages
16:59:13 INFO  ==============================================================
16:59:13 INFO  Using sw id database: {'asciijump': '5475369', 'robotfindskitten': '5474869', 'squirrel3': '5475279', 'rolldice': '5152439', 'moon-buggy': '5439204', 'apple': '5495053', 'banana': '5494888', 'cherry': '5495382', 'watermelon': '5494510', 'registry': '8018911', 'hello-world': '8021526', 'docker/getting-started': '8021973', 'alpine': '7991792'}
16:59:13 INFO  EnvironmentC8y Setup
16:59:14 INFO  Executed systemctl&lt;serv_mapper1&gt;, exit status 3
16:59:14 INFO  Restarting mosquitto too frequently in the last 10 seconds. It was only up for 5 seconds
16:59:14 INFO  Delaying execution by 6 seconds
16:59:34 INFO  Executed sudo&lt;tedge_connect_c8y&gt;, exit status 0, duration 14 secs
16:59:35 INFO  Executed sudo&lt;tedge_connect_c8y_test&gt;, exit status 0
16:59:36 INFO  Executed systemctl&lt;serv_mosq2&gt;, exit status 0
16:59:36 INFO  Executed systemctl&lt;serv_mapper3&gt;, exit status 0
16:59:38 INFO  State of current operation: SUCCESSFUL
16:59:39 INFO  Assert that (False == value) with value=False ... passed
16:59:39 INFO  Package asciijump is installed
16:59:39 WARN  Assert that (False == value) with value=True ... failed 
16:59:39 INFO  Package squirrel3 is installed
16:59:39 WARN  Assert that (False == value) with value=True ... failed 
16:59:40 INFO  Package robotfindskitten is installed
16:59:40 WARN  Assert that (False == value) with value=True ... failed 
16:59:40 INFO  Response status: 201
16:59:40 INFO  Response to action: {
    "creationTime": "2022-07-18T16:59:40.270Z",
    "deviceName": "m32sd10d",
    "deviceId": "21014707",
    "self": "https://t493319102.eu-latest.cumulocity.com/devicecontrol/operations/21027620",
    "id": "21027620",
    "status": "PENDING",
    "description": "Apply software changes, triggered from PySys: [{'action': 'install', 'id': '5475369', 'name': 'asciijump', 'url': ' ', 'version': '::apt'}, {'action': 'install', 'id': '5474869', 'name': 'robotfindskitten', 'url': ' ', 'version': '::apt'}, {'action': 'install', 'id': '5475279', 'name': 'squirrel3', 'url': ' ', 'version': '::apt'}]",
    "c8y_SoftwareUpdate": [
        {
            "name": "asciijump",
            "action": "install",
            "id": "5475369",
            "version": "::apt",
            "url": " "
        },
        {
            "name": "robotfindskitten",
            "action": "install",
            "id": "5474869",
            "version": "::apt",
            "url": " "
        },
        {
            "name": "squirrel3",
            "action": "install",
            "id": "5475279",
            "version": "::apt",
            "url": " "
        }
    ]
}
16:59:40 INFO  Started operation: {'creationTime': '2022-07-18T16:59:40.270Z', 'deviceName': 'm32sd10d', 'deviceId': '21014707', 'self': 'https://t493319102.eu-latest.cumulocity.com/devicecontrol/operations/21027620', 'id': '21027620', 'status': 'PENDING', 'description': "Apply software changes, triggered from PySys: [{'action': 'install', 'id': '5475369', 'name': 'asciijump', 'url': ' ', 'version': '::apt'}, {'action': 'install', 'id': '5474869', 'name': 'robotfindskitten', 'url': ' ', 'version': '::apt'}, {'action': 'install', 'id': '5475279', 'name': 'squirrel3', 'url': ' ', 'version': '::apt'}]", 'c8y_SoftwareUpdate': [{'name': 'asciijump', 'action': 'install', 'id': '5475369', 'version': '::apt', 'url': ' '}, {'name': 'robotfindskitten', 'action': 'install', 'id': '5474869', 'version': '::apt', 'url': ' '}, {'name': 'squirrel3', 'action': 'install', 'id': '5475279', 'version': '::apt', 'url': ' '}]}
16:59:42 INFO  State of operation 21027620 : PENDING
16:59:44 INFO  State of operation 21027620 : EXECUTING
16:59:47 INFO  State of operation 21027620 : EXECUTING
16:59:49 INFO  State of operation 21027620 : EXECUTING
16:59:51 INFO  State of operation 21027620 : EXECUTING
16:59:53 INFO  State of operation 21027620 : EXECUTING
16:59:56 INFO  State of operation 21027620 : EXECUTING
16:59:59 INFO  State of operation 21027620 : EXECUTING
17:00:01 INFO  State of operation 21027620 : EXECUTING
17:00:04 INFO  State of operation 21027620 : EXECUTING
17:00:06 INFO  State of operation 21027620 : EXECUTING
17:00:08 INFO  State of operation 21027620 : EXECUTING
17:00:11 INFO  State of operation 21027620 : EXECUTING
17:00:13 INFO  State of operation 21027620 : EXECUTING
17:00:15 INFO  State of operation 21027620 : EXECUTING
17:00:17 INFO  State of operation 21027620 : SUCCESSFUL
17:00:18 INFO  Assert that (False == value) with value=False ... passed
17:00:18 INFO  Package asciijump is installed
17:00:18 INFO  Assert that (True == value) with value=True ... passed
17:00:18 INFO  Package squirrel3 is installed
17:00:18 INFO  Assert that (True == value) with value=True ... passed
17:00:18 INFO  Package robotfindskitten is installed
17:00:18 INFO  Assert that (True == value) with value=True ... passed
17:00:18 INFO  Response status: 201
17:00:18 INFO  Response to action: {
    "creationTime": "2022-07-18T17:00:18.935Z",
    "deviceName": "m32sd10d",
    "deviceId": "21014707",
    "self": "https://t493319102.eu-latest.cumulocity.com/devicecontrol/operations/21027628",
    "id": "21027628",
    "status": "PENDING",
    "description": "Apply software changes, triggered from PySys: [{'action': 'delete', 'id': '5475369', 'name': 'asciijump', 'url': ' ', 'version': '::apt'}, {'action': 'delete', 'id': '5474869', 'name': 'robotfindskitten', 'url': ' ', 'version': '::apt'}, {'action': 'delete', 'id': '5475279', 'name': 'squirrel3', 'url': ' ', 'version': '::apt'}]",
    "c8y_SoftwareUpdate": [
        {
            "name": "asciijump",
            "action": "delete",
            "id": "5475369",
            "version": "::apt",
            "url": " "
        },
        {
            "name": "robotfindskitten",
            "action": "delete",
            "id": "5474869",
            "version": "::apt",
            "url": " "
        },
        {
            "name": "squirrel3",
            "action": "delete",
            "id": "5475279",
            "version": "::apt",
            "url": " "
        }
    ]
}
17:00:18 INFO  Started operation: {'creationTime': '2022-07-18T17:00:18.935Z', 'deviceName': 'm32sd10d', 'deviceId': '21014707', 'self': 'https://t493319102.eu-latest.cumulocity.com/devicecontrol/operations/21027628', 'id': '21027628', 'status': 'PENDING', 'description': "Apply software changes, triggered from PySys: [{'action': 'delete', 'id': '5475369', 'name': 'asciijump', 'url': ' ', 'version': '::apt'}, {'action': 'delete', 'id': '5474869', 'name': 'robotfindskitten', 'url': ' ', 'version': '::apt'}, {'action': 'delete', 'id': '5475279', 'name': 'squirrel3', 'url': ' ', 'version': '::apt'}]", 'c8y_SoftwareUpdate': [{'name': 'asciijump', 'action': 'delete', 'id': '5475369', 'version': '::apt', 'url': ' '}, {'name': 'robotfindskitten', 'action': 'delete', 'id': '5474869', 'version': '::apt', 'url': ' '}, {'name': 'squirrel3', 'action': 'delete', 'id': '5475279', 'version': '::apt', 'url': ' '}]}
17:00:21 INFO  State of operation 21027628 : PENDING
17:00:23 INFO  State of operation 21027628 : EXECUTING
17:00:25 INFO  State of operation 21027628 : EXECUTING
17:00:27 INFO  State of operation 21027628 : EXECUTING
17:00:30 INFO  State of operation 21027628 : EXECUTING
17:00:32 INFO  State of operation 21027628 : EXECUTING
17:00:35 INFO  State of operation 21027628 : EXECUTING
17:00:38 INFO  State of operation 21027628 : EXECUTING
17:00:40 INFO  State of operation 21027628 : EXECUTING
17:00:42 INFO  State of operation 21027628 : EXECUTING
17:00:45 INFO  State of operation 21027628 : EXECUTING
17:00:47 INFO  State of operation 21027628 : EXECUTING
17:00:49 INFO  State of operation 21027628 : EXECUTING
17:00:51 INFO  State of operation 21027628 : EXECUTING
17:00:54 INFO  State of operation 21027628 : EXECUTING
17:00:56 INFO  State of operation 21027628 : EXECUTING
17:00:58 INFO  State of operation 21027628 : EXECUTING
17:01:01 INFO  State of operation 21027628 : EXECUTING
17:01:03 INFO  State of operation 21027628 : EXECUTING
17:01:06 INFO  State of operation 21027628 : EXECUTING
17:01:08 INFO  State of operation 21027628 : EXECUTING
17:01:10 INFO  State of operation 21027628 : EXECUTING
17:01:13 INFO  State of operation 21027628 : EXECUTING
17:01:15 INFO  State of operation 21027628 : EXECUTING
17:01:18 INFO  State of operation 21027628 : EXECUTING
17:01:20 INFO  State of operation 21027628 : EXECUTING
17:01:22 INFO  State of operation 21027628 : EXECUTING
17:01:24 INFO  State of operation 21027628 : EXECUTING
17:01:27 INFO  State of operation 21027628 : SUCCESSFUL
17:01:27 INFO  Assert that (False == value) with value=False ... passed
17:01:27 INFO  Assert that (False == value) with value=False ... passed
17:01:27 INFO  Assert that (False == value) with value=False ... passed
17:01:28 INFO  Assert that (False == value) with value=False ... passed
17:01:28 INFO  
17:01:28 INFO  cleanup:
17:01:31 INFO  Executed sudo&lt;tedge_disconnect_c8y&gt;, exit status 0
17:01:32 INFO  Executed systemctl&lt;serv_mapper5&gt;, exit status 3
17:01:32 INFO  
17:01:32 INFO  Test duration: 138.91 secs
17:01:32 INFO  Test final outcome:  FAILED
17:01:32 INFO  Test outcome reason: Assert that (False == value) with value=True (+2 other failures)
17:01:32 INFO  
</system-out>
	</testcase>
</testsuite><testsuite name="SoftwareManagement.sm_apt_install_remove_multiple_mixed" tests="3" errors="0" failures="2" skipped="1" time="0"><testcase classname="PySysTest" name="SoftwareManagement.sm_apt_install_remove_multiple_mixed">
		<skipped message="SKIPPED: Testing the apt plugin is not supported on this platform.Use parameter -XmyPlatform='container' to enable it" />
		<system-out>16:00:26 INFO  ==============================================================
16:00:26 INFO  Id:    SoftwareManagement.sm_apt_install_remove_multiple_mixed
16:00:26 INFO  Dir:   software_management_end_to_end/
16:00:26 INFO  Title: Validate end to end behaviour for the apt plugin for multiple packages with mixed versions
16:00:26 INFO  ==============================================================
16:00:26 INFO  Testing the apt plugin is not supported on this platform.Use parameter -XmyPlatform='container' to enable it ... skipped
16:00:26 WARN  Aborted test due to SKIPPED outcome
16:00:26 INFO  
16:00:26 INFO  Test duration: 0.02 secs
16:00:26 INFO  Test final outcome:  SKIPPED
16:00:26 INFO  Test outcome reason: Testing the apt plugin is not supported on this platform.Use parameter -XmyPlatform='container' to enable it
16:00:26 INFO  
</system-out>
	</testcase>
<testcase classname="PySysTest" name="SoftwareManagement.sm_apt_install_remove_multiple_mixed">
		<failure message="BLOCKED: SystemError: Timeout while waiting for status SUCCESSFUL or False" type="BLOCKED" />
		<system-out>16:35:24 INFO  ==============================================================
16:35:24 INFO  Id:    SoftwareManagement.sm_apt_install_remove_multiple_mixed
16:35:24 INFO  Dir:   software_management_end_to_end/
16:35:24 INFO  Title: Validate end to end behaviour for the apt plugin for multiple packages with mixed versions
16:35:24 INFO  ==============================================================
16:35:24 INFO  Using sw id database: {'asciijump': '5475369', 'robotfindskitten': '5474869', 'squirrel3': '5475279', 'rolldice': '5152439', 'moon-buggy': '5439204', 'apple': '5495053', 'banana': '5494888', 'cherry': '5495382', 'watermelon': '5494510', 'registry': '8018911', 'hello-world': '8021526', 'docker/getting-started': '8021973', 'alpine': '7991792'}
16:35:24 INFO  EnvironmentC8y Setup
16:35:24 INFO  Executed systemctl&lt;serv_mapper1&gt;, exit status 3
16:35:25 INFO  Restarting mosquitto too frequently in the last 10 seconds. It was only up for 5 seconds
16:35:25 INFO  Delaying execution by 6 seconds
16:35:44 INFO  Executed sudo&lt;tedge_connect_c8y&gt;, exit status 0, duration 13 secs
16:35:45 INFO  Executed sudo&lt;tedge_connect_c8y_test&gt;, exit status 0
16:35:45 INFO  Executed systemctl&lt;serv_mosq2&gt;, exit status 0
16:35:46 INFO  Executed systemctl&lt;serv_mapper3&gt;, exit status 0
16:35:48 INFO  State of current operation: SUCCESSFUL
16:35:48 INFO  Assert that (False == value) with value=False ... passed
16:35:49 INFO  Assert that (False == value) with value=False ... passed
16:35:49 INFO  Assert that (False == value) with value=False ... passed
16:35:49 INFO  Assert that (False == value) with value=False ... passed
16:35:49 INFO  Assert that (False == value) with value=False ... passed
16:35:51 INFO  Response status: 201
16:35:51 INFO  Response to action: {
    "creationTime": "2022-07-18T16:35:51.017Z",
    "deviceName": "m32sd10d",
    "deviceId": "21014707",
    "self": "https://t493319102.eu-latest.cumulocity.com/devicecontrol/operations/21027472",
    "id": "21027472",
    "status": "PENDING",
    "description": "Apply software changes, triggered from PySys: [{'action': 'install', 'id': '5475369', 'name': 'asciijump', 'url': ' ', 'version': '::apt'}, {'action': 'install', 'id': '5474869', 'name': 'robotfindskitten', 'url': ' ', 'version': ' '}, {'action': 'install', 'id': '5475279', 'name': 'squirrel3', 'url': ' ', 'version': '3.1-7::apt'}, {'action': 'install', 'id': '5152439', 'name': 'rolldice', 'url': ' ', 'version': '1.16-1+b1'}, {'action': 'install', 'id': '5439204', 'name': 'moon-buggy', 'url': ' ', 'version': '1:1.0.51-12'}, {'action': 'install', 'id': '5475369', 'name': 'asciijump', 'url': ' ', 'version': '::apt'}]",
    "c8y_SoftwareUpdate": [
        {
            "name": "asciijump",
            "action": "install",
            "id": "5475369",
            "version": "::apt",
            "url": " "
        },
        {
            "name": "robotfindskitten",
            "action": "install",
            "id": "5474869",
            "version": " ",
            "url": " "
        },
        {
            "name": "squirrel3",
            "action": "install",
            "id": "5475279",
            "version": "3.1-7::apt",
            "url": " "
        },
        {
            "name": "rolldice",
            "action": "install",
            "id": "5152439",
            "version": "1.16-1+b1",
            "url": " "
        },
        {
            "name": "moon-buggy",
            "action": "install",
            "id": "5439204",
            "version": "1:1.0.51-12",
            "url": " "
        },
        {
            "name": "asciijump",
            "action": "install",
            "id": "5475369",
            "version": "::apt",
            "url": " "
        }
    ]
}
16:35:51 INFO  Started operation: {'creationTime': '2022-07-18T16:35:51.017Z', 'deviceName': 'm32sd10d', 'deviceId': '21014707', 'self': 'https://t493319102.eu-latest.cumulocity.com/devicecontrol/operations/21027472', 'id': '21027472', 'status': 'PENDING', 'description': "Apply software changes, triggered from PySys: [{'action': 'install', 'id': '5475369', 'name': 'asciijump', 'url': ' ', 'version': '::apt'}, {'action': 'install', 'id': '5474869', 'name': 'robotfindskitten', 'url': ' ', 'version': ' '}, {'action': 'install', 'id': '5475279', 'name': 'squirrel3', 'url': ' ', 'version': '3.1-7::apt'}, {'action': 'install', 'id': '5152439', 'name': 'rolldice', 'url': ' ', 'version': '1.16-1+b1'}, {'action': 'install', 'id': '5439204', 'name': 'moon-buggy', 'url': ' ', 'version': '1:1.0.51-12'}, {'action': 'install', 'id': '5475369', 'name': 'asciijump', 'url': ' ', 'version': '::apt'}]", 'c8y_SoftwareUpdate': [{'name': 'asciijump', 'action': 'install', 'id': '5475369', 'version': '::apt', 'url': ' '}, {'name': 'robotfindskitten', 'action': 'install', 'id': '5474869', 'version': ' ', 'url': ' '}, {'name': 'squirrel3', 'action': 'install', 'id': '5475279', 'version': '3.1-7::apt', 'url': ' '}, {'name': 'rolldice', 'action': 'install', 'id': '5152439', 'version': '1.16-1+b1', 'url': ' '}, {'name': 'moon-buggy', 'action': 'install', 'id': '5439204', 'version': '1:1.0.51-12', 'url': ' '}, {'name': 'asciijump', 'action': 'install', 'id': '5475369', 'version': '::apt', 'url': ' '}]}
16:35:53 INFO  State of operation 21027472 : PENDING
16:35:55 INFO  State of operation 21027472 : EXECUTING
16:35:57 INFO  State of operation 21027472 : EXECUTING
16:36:00 INFO  State of operation 21027472 : EXECUTING
16:36:02 INFO  State of operation 21027472 : EXECUTING
16:36:04 INFO  State of operation 21027472 : EXECUTING
16:36:07 INFO  State of operation 21027472 : EXECUTING
16:36:10 INFO  State of operation 21027472 : EXECUTING
16:36:12 INFO  State of operation 21027472 : EXECUTING
16:36:15 INFO  State of operation 21027472 : EXECUTING
16:36:17 INFO  State of operation 21027472 : EXECUTING
16:36:19 INFO  State of operation 21027472 : EXECUTING
16:36:21 INFO  State of operation 21027472 : EXECUTING
16:36:23 INFO  State of operation 21027472 : EXECUTING
16:36:26 INFO  State of operation 21027472 : EXECUTING
16:36:28 INFO  State of operation 21027472 : EXECUTING
16:36:30 INFO  State of operation 21027472 : EXECUTING
16:36:33 INFO  State of operation 21027472 : EXECUTING
16:36:35 INFO  State of operation 21027472 : EXECUTING
16:36:38 INFO  State of operation 21027472 : EXECUTING
16:36:40 INFO  State of operation 21027472 : EXECUTING
16:36:43 INFO  State of operation 21027472 : EXECUTING
16:36:45 INFO  State of operation 21027472 : EXECUTING
16:36:47 INFO  State of operation 21027472 : EXECUTING
16:36:50 INFO  State of operation 21027472 : EXECUTING
16:36:52 INFO  State of operation 21027472 : EXECUTING
16:36:54 INFO  State of operation 21027472 : EXECUTING
16:36:56 INFO  State of operation 21027472 : EXECUTING
16:36:59 INFO  State of operation 21027472 : EXECUTING
16:37:01 INFO  State of operation 21027472 : EXECUTING
16:37:03 INFO  State of operation 21027472 : EXECUTING
16:37:06 INFO  State of operation 21027472 : EXECUTING
16:37:08 INFO  State of operation 21027472 : EXECUTING
16:37:10 INFO  State of operation 21027472 : EXECUTING
16:37:12 INFO  State of operation 21027472 : EXECUTING
16:37:15 INFO  State of operation 21027472 : EXECUTING
16:37:17 INFO  State of operation 21027472 : EXECUTING
16:37:20 INFO  State of operation 21027472 : EXECUTING
16:37:22 INFO  State of operation 21027472 : EXECUTING
16:37:25 INFO  State of operation 21027472 : EXECUTING
16:37:27 INFO  State of operation 21027472 : EXECUTING
16:37:29 INFO  State of operation 21027472 : EXECUTING
16:37:32 INFO  State of operation 21027472 : EXECUTING
16:37:34 INFO  State of operation 21027472 : EXECUTING
16:37:36 INFO  State of operation 21027472 : EXECUTING
16:37:38 INFO  State of operation 21027472 : EXECUTING
16:37:41 INFO  State of operation 21027472 : EXECUTING
16:37:43 INFO  State of operation 21027472 : EXECUTING
16:37:46 INFO  State of operation 21027472 : EXECUTING
16:37:48 INFO  State of operation 21027472 : EXECUTING
16:37:51 INFO  State of operation 21027472 : EXECUTING
16:37:53 INFO  State of operation 21027472 : EXECUTING
16:37:55 INFO  State of operation 21027472 : EXECUTING
16:37:57 INFO  State of operation 21027472 : EXECUTING
16:38:00 INFO  State of operation 21027472 : EXECUTING
16:38:02 INFO  State of operation 21027472 : EXECUTING
16:38:05 INFO  State of operation 21027472 : EXECUTING
16:38:07 INFO  State of operation 21027472 : EXECUTING
16:38:10 INFO  State of operation 21027472 : EXECUTING
16:38:13 INFO  State of operation 21027472 : EXECUTING
16:38:15 INFO  State of operation 21027472 : EXECUTING
16:38:17 WARN  SystemError occurred while running test - Timeout while waiting for status SUCCESSFUL or False
Traceback (most recent call last):
  File "/home/pi/env-pysys/lib/python3.7/site-packages/pysys/baserunner.py", line 1294, in __call__
    self.testObj.execute()
  File "/home/pi/actions-runner/_work/thin-edge.io/thin-edge.io/tests/PySys/software_management_end_to_end/sm_apt_install_remove_multiple_mixed/run.py", line 89, in execute
    self.wait_until_succcess()
  File "/home/pi/actions-runner/_work/thin-edge.io/thin-edge.io/tests/PySys/software_management_end_to_end/environment_sm_management.py", line 324, in wait_until_succcess
    self.wait_until_status("SUCCESSFUL")
  File "/home/pi/actions-runner/_work/thin-edge.io/thin-edge.io/tests/PySys/software_management_end_to_end/environment_sm_management.py", line 381, in wait_until_status
    "Timeout while waiting for status %s or %s" % (status, status2)
SystemError: Timeout while waiting for status SUCCESSFUL or False
16:38:17 WARN  SystemError: Timeout while waiting for status SUCCESSFUL or False ... blocked 
16:38:17 INFO  
16:38:17 INFO  cleanup:
16:38:22 INFO  Executed sudo&lt;tedge_disconnect_c8y&gt;, exit status 0
16:38:22 INFO  Executed systemctl&lt;serv_mapper5&gt;, exit status 3
16:38:22 INFO  
16:38:22 INFO  Test duration: 178.46 secs
16:38:22 INFO  Test final outcome:  BLOCKED
16:38:22 INFO  Test outcome reason: SystemError: Timeout while waiting for status SUCCESSFUL or False
16:38:22 INFO  
</system-out>
	</testcase>
<testcase classname="PySysTest" name="SoftwareManagement.sm_apt_install_remove_multiple_mixed">
		<failure message="BLOCKED: SystemError: Timeout while waiting for status SUCCESSFUL or False (+1 other failures)" type="BLOCKED" />
		<system-out>17:01:32 INFO  ==============================================================
17:01:32 INFO  Id:    SoftwareManagement.sm_apt_install_remove_multiple_mixed
17:01:32 INFO  Dir:   software_management_end_to_end/
17:01:32 INFO  Title: Validate end to end behaviour for the apt plugin for multiple packages with mixed versions
17:01:32 INFO  ==============================================================
17:01:32 INFO  Using sw id database: {'asciijump': '5475369', 'robotfindskitten': '5474869', 'squirrel3': '5475279', 'rolldice': '5152439', 'moon-buggy': '5439204', 'apple': '5495053', 'banana': '5494888', 'cherry': '5495382', 'watermelon': '5494510', 'registry': '8018911', 'hello-world': '8021526', 'docker/getting-started': '8021973', 'alpine': '7991792'}
17:01:32 INFO  EnvironmentC8y Setup
17:01:33 INFO  Executed systemctl&lt;serv_mapper1&gt;, exit status 3
17:01:33 INFO  Restarting mosquitto too frequently in the last 10 seconds. It was only up for 5 seconds
17:01:33 INFO  Delaying execution by 6 seconds
17:01:53 INFO  Executed sudo&lt;tedge_connect_c8y&gt;, exit status 0, duration 13 secs
17:01:53 INFO  Executed sudo&lt;tedge_connect_c8y_test&gt;, exit status 0
17:01:54 INFO  Executed systemctl&lt;serv_mosq2&gt;, exit status 0
17:01:54 INFO  Executed systemctl&lt;serv_mapper3&gt;, exit status 0
17:01:57 INFO  State of current operation: SUCCESSFUL
17:01:57 INFO  Assert that (False == value) with value=False ... passed
17:01:57 INFO  Assert that (False == value) with value=False ... passed
17:01:57 INFO  Assert that (False == value) with value=False ... passed
17:01:58 INFO  Assert that (False == value) with value=False ... passed
17:01:58 INFO  Package moon-buggy is installed
17:01:58 WARN  Assert that (False == value) with value=True ... failed 
17:01:59 INFO  Response status: 201
17:01:59 INFO  Response to action: {
    "creationTime": "2022-07-18T17:01:59.770Z",
    "deviceName": "m32sd10d",
    "deviceId": "21014707",
    "self": "https://t493319102.eu-latest.cumulocity.com/devicecontrol/operations/21027636",
    "id": "21027636",
    "status": "PENDING",
    "description": "Apply software changes, triggered from PySys: [{'action': 'install', 'id': '5475369', 'name': 'asciijump', 'url': ' ', 'version': '::apt'}, {'action': 'install', 'id': '5474869', 'name': 'robotfindskitten', 'url': ' ', 'version': ' '}, {'action': 'install', 'id': '5475279', 'name': 'squirrel3', 'url': ' ', 'version': '3.1-7::apt'}, {'action': 'install', 'id': '5152439', 'name': 'rolldice', 'url': ' ', 'version': '1.16-1+b1'}, {'action': 'install', 'id': '5439204', 'name': 'moon-buggy', 'url': ' ', 'version': '1:1.0.51-12'}, {'action': 'install', 'id': '5475369', 'name': 'asciijump', 'url': ' ', 'version': '::apt'}]",
    "c8y_SoftwareUpdate": [
        {
            "name": "asciijump",
            "action": "install",
            "id": "5475369",
            "version": "::apt",
            "url": " "
        },
        {
            "name": "robotfindskitten",
            "action": "install",
            "id": "5474869",
            "version": " ",
            "url": " "
        },
        {
            "name": "squirrel3",
            "action": "install",
            "id": "5475279",
            "version": "3.1-7::apt",
            "url": " "
        },
        {
            "name": "rolldice",
            "action": "install",
            "id": "5152439",
            "version": "1.16-1+b1",
            "url": " "
        },
        {
            "name": "moon-buggy",
            "action": "install",
            "id": "5439204",
            "version": "1:1.0.51-12",
            "url": " "
        },
        {
            "name": "asciijump",
            "action": "install",
            "id": "5475369",
            "version": "::apt",
            "url": " "
        }
    ]
}
17:01:59 INFO  Started operation: {'creationTime': '2022-07-18T17:01:59.770Z', 'deviceName': 'm32sd10d', 'deviceId': '21014707', 'self': 'https://t493319102.eu-latest.cumulocity.com/devicecontrol/operations/21027636', 'id': '21027636', 'status': 'PENDING', 'description': "Apply software changes, triggered from PySys: [{'action': 'install', 'id': '5475369', 'name': 'asciijump', 'url': ' ', 'version': '::apt'}, {'action': 'install', 'id': '5474869', 'name': 'robotfindskitten', 'url': ' ', 'version': ' '}, {'action': 'install', 'id': '5475279', 'name': 'squirrel3', 'url': ' ', 'version': '3.1-7::apt'}, {'action': 'install', 'id': '5152439', 'name': 'rolldice', 'url': ' ', 'version': '1.16-1+b1'}, {'action': 'install', 'id': '5439204', 'name': 'moon-buggy', 'url': ' ', 'version': '1:1.0.51-12'}, {'action': 'install', 'id': '5475369', 'name': 'asciijump', 'url': ' ', 'version': '::apt'}]", 'c8y_SoftwareUpdate': [{'name': 'asciijump', 'action': 'install', 'id': '5475369', 'version': '::apt', 'url': ' '}, {'name': 'robotfindskitten', 'action': 'install', 'id': '5474869', 'version': ' ', 'url': ' '}, {'name': 'squirrel3', 'action': 'install', 'id': '5475279', 'version': '3.1-7::apt', 'url': ' '}, {'name': 'rolldice', 'action': 'install', 'id': '5152439', 'version': '1.16-1+b1', 'url': ' '}, {'name': 'moon-buggy', 'action': 'install', 'id': '5439204', 'version': '1:1.0.51-12', 'url': ' '}, {'name': 'asciijump', 'action': 'install', 'id': '5475369', 'version': '::apt', 'url': ' '}]}
17:02:02 INFO  State of operation 21027636 : PENDING
17:02:04 INFO  State of operation 21027636 : EXECUTING
17:02:06 INFO  State of operation 21027636 : EXECUTING
17:02:08 INFO  State of operation 21027636 : EXECUTING
17:02:11 INFO  State of operation 21027636 : EXECUTING
17:02:13 INFO  State of operation 21027636 : EXECUTING
17:02:16 INFO  State of operation 21027636 : EXECUTING
17:02:19 INFO  State of operation 21027636 : EXECUTING
17:02:21 INFO  State of operation 21027636 : EXECUTING
17:02:23 INFO  State of operation 21027636 : EXECUTING
17:02:26 INFO  State of operation 21027636 : EXECUTING
17:02:28 INFO  State of operation 21027636 : EXECUTING
17:02:30 INFO  State of operation 21027636 : EXECUTING
17:02:32 INFO  State of operation 21027636 : EXECUTING
17:02:35 INFO  State of operation 21027636 : EXECUTING
17:02:37 INFO  State of operation 21027636 : EXECUTING
17:02:39 INFO  State of operation 21027636 : EXECUTING
17:02:42 INFO  State of operation 21027636 : EXECUTING
17:02:44 INFO  State of operation 21027636 : EXECUTING
17:02:47 INFO  State of operation 21027636 : EXECUTING
17:02:49 INFO  State of operation 21027636 : EXECUTING
17:02:52 INFO  State of operation 21027636 : EXECUTING
17:02:54 INFO  State of operation 21027636 : EXECUTING
17:02:57 INFO  State of operation 21027636 : EXECUTING
17:02:59 INFO  State of operation 21027636 : EXECUTING
17:03:02 INFO  State of operation 21027636 : EXECUTING
17:03:04 INFO  State of operation 21027636 : EXECUTING
17:03:07 INFO  State of operation 21027636 : EXECUTING
17:03:09 INFO  State of operation 21027636 : EXECUTING
17:03:12 INFO  State of operation 21027636 : EXECUTING
17:03:14 INFO  State of operation 21027636 : EXECUTING
17:03:16 INFO  State of operation 21027636 : EXECUTING
17:03:18 INFO  State of operation 21027636 : EXECUTING
17:03:21 INFO  State of operation 21027636 : EXECUTING
17:03:23 INFO  State of operation 21027636 : EXECUTING
17:03:25 INFO  State of operation 21027636 : EXECUTING
17:03:27 INFO  State of operation 21027636 : EXECUTING
17:03:30 INFO  State of operation 21027636 : EXECUTING
17:03:33 INFO  State of operation 21027636 : EXECUTING
17:03:35 INFO  State of operation 21027636 : EXECUTING
17:03:37 INFO  State of operation 21027636 : EXECUTING
17:03:40 INFO  State of operation 21027636 : EXECUTING
17:03:42 INFO  State of operation 21027636 : EXECUTING
17:03:44 INFO  State of operation 21027636 : EXECUTING
17:03:46 INFO  State of operation 21027636 : EXECUTING
17:03:49 INFO  State of operation 21027636 : EXECUTING
17:03:51 INFO  State of operation 21027636 : EXECUTING
17:03:54 INFO  State of operation 21027636 : EXECUTING
17:03:56 INFO  State of operation 21027636 : EXECUTING
17:03:58 INFO  State of operation 21027636 : EXECUTING
17:04:01 INFO  State of operation 21027636 : EXECUTING
17:04:03 INFO  State of operation 21027636 : EXECUTING
17:04:06 INFO  State of operation 21027636 : EXECUTING
17:04:08 INFO  State of operation 21027636 : EXECUTING
17:04:11 INFO  State of operation 21027636 : EXECUTING
17:04:13 INFO  State of operation 21027636 : EXECUTING
17:04:16 INFO  State of operation 21027636 : EXECUTING
17:04:18 INFO  State of operation 21027636 : EXECUTING
17:04:21 INFO  State of operation 21027636 : EXECUTING
17:04:23 INFO  State of operation 21027636 : EXECUTING
17:04:25 INFO  State of operation 21027636 : EXECUTING
17:04:27 WARN  SystemError occurred while running test - Timeout while waiting for status SUCCESSFUL or False
Traceback (most recent call last):
  File "/home/pi/env-pysys/lib/python3.7/site-packages/pysys/baserunner.py", line 1294, in __call__
    self.testObj.execute()
  File "/home/pi/actions-runner/_work/thin-edge.io/thin-edge.io/tests/PySys/software_management_end_to_end/sm_apt_install_remove_multiple_mixed/run.py", line 89, in execute
    self.wait_until_succcess()
  File "/home/pi/actions-runner/_work/thin-edge.io/thin-edge.io/tests/PySys/software_management_end_to_end/environment_sm_management.py", line 324, in wait_until_succcess
    self.wait_until_status("SUCCESSFUL")
  File "/home/pi/actions-runner/_work/thin-edge.io/thin-edge.io/tests/PySys/software_management_end_to_end/environment_sm_management.py", line 381, in wait_until_status
    "Timeout while waiting for status %s or %s" % (status, status2)
SystemError: Timeout while waiting for status SUCCESSFUL or False
17:04:27 WARN  SystemError: Timeout while waiting for status SUCCESSFUL or False ... blocked 
17:04:27 INFO  
17:04:27 INFO  cleanup:
17:04:32 INFO  Executed sudo&lt;tedge_disconnect_c8y&gt;, exit status 0
17:04:32 INFO  Executed systemctl&lt;serv_mapper5&gt;, exit status 3
17:04:32 INFO  
17:04:32 INFO  Test duration: 180.23 secs
17:04:32 INFO  Test final outcome:  BLOCKED
17:04:32 INFO  Test outcome reason: SystemError: Timeout while waiting for status SUCCESSFUL or False (+1 other failures)
17:04:32 INFO  
</system-out>
	</testcase>
</testsuite><testsuite name="SoftwareManagement.sm_apt_install_remove_with_version" tests="3" errors="0" failures="0" skipped="1" time="0"><testcase classname="PySysTest" name="SoftwareManagement.sm_apt_install_remove_with_version">
		<skipped message="SKIPPED: Testing the apt plugin is not supported on this platform.Use parameter -XmyPlatform='container' to enable it" />
		<system-out>16:00:26 INFO  ==============================================================
16:00:26 INFO  Id:    SoftwareManagement.sm_apt_install_remove_with_version
16:00:26 INFO  Dir:   software_management_end_to_end/
16:00:26 INFO  Title: Validate end to end behaviour for the apt plugin for packages with version
16:00:26 INFO  ==============================================================
16:00:26 INFO  Testing the apt plugin is not supported on this platform.Use parameter -XmyPlatform='container' to enable it ... skipped
16:00:26 WARN  Aborted test due to SKIPPED outcome
16:00:26 INFO  
16:00:26 INFO  Test duration: 0.02 secs
16:00:26 INFO  Test final outcome:  SKIPPED
16:00:26 INFO  Test outcome reason: Testing the apt plugin is not supported on this platform.Use parameter -XmyPlatform='container' to enable it
16:00:26 INFO  
</system-out>
	</testcase>
<testcase classname="PySysTest" name="SoftwareManagement.sm_apt_install_remove_with_version" />
<testcase classname="PySysTest" name="SoftwareManagement.sm_apt_install_remove_with_version" />
</testsuite><testsuite name="SoftwareManagement.sm_docker_install_remove_multiple" tests="3" errors="0" failures="0" skipped="1" time="0"><testcase classname="SMDockerInstallRemove" name="SoftwareManagement.sm_docker_install_remove_multiple">
		<skipped message="SKIPPED: Testing the apt plugin is not supported on this platform.Use parameter -XmyPlatform='container' to enable it" />
		<system-out>16:00:26 INFO  ==============================================================
16:00:26 INFO  Id:    SoftwareManagement.sm_docker_install_remove_multiple
16:00:26 INFO  Dir:   software_management_end_to_end/
16:00:26 INFO  Title: Validate end to end behaviour for the docker plugin for multiple docker images with mixed versions
16:00:26 INFO  ==============================================================
16:00:26 INFO  Testing the apt plugin is not supported on this platform.Use parameter -XmyPlatform='container' to enable it ... skipped
16:00:26 WARN  Aborted test due to SKIPPED outcome
16:00:26 INFO  
16:00:26 INFO  Test duration: 0.02 secs
16:00:26 INFO  Test final outcome:  SKIPPED
16:00:26 INFO  Test outcome reason: Testing the apt plugin is not supported on this platform.Use parameter -XmyPlatform='container' to enable it
16:00:26 INFO  
</system-out>
	</testcase>
<testcase classname="SMDockerInstallRemove" name="SoftwareManagement.sm_docker_install_remove_multiple" />
<testcase classname="SMDockerInstallRemove" name="SoftwareManagement.sm_docker_install_remove_multiple" />
</testsuite><testsuite name="SoftwareManagement.sm_fake_install_remove" tests="2" errors="0" failures="0" skipped="1" time="0"><testcase classname="PySysTest" name="SoftwareManagement.sm_fake_install_remove">
		<skipped message="SKIPPED: Testing the fake plugin is not enabled.Use parameter -Xfakeplugin=fakeplugin to enable it" />
		<system-out>16:00:26 INFO  ==============================================================
16:00:26 INFO  Id:    SoftwareManagement.sm_fake_install_remove
16:00:26 INFO  Dir:   software_management_end_to_end/
16:00:26 INFO  Title: Validate end to end behaviour for the dummy plugin for installation and removal of packages
16:00:26 INFO  ==============================================================
16:00:26 INFO  Testing the fake plugin is not enabled.Use parameter -Xfakeplugin=fakeplugin to enable it ... skipped
16:00:26 WARN  Aborted test due to SKIPPED outcome
16:00:26 INFO  
16:00:26 INFO  Test duration: 0.02 secs
16:00:26 INFO  Test final outcome:  SKIPPED
16:00:26 INFO  Test outcome reason: Testing the fake plugin is not enabled.Use parameter -Xfakeplugin=fakeplugin to enable it
16:00:26 INFO  
</system-out>
	</testcase>
<testcase classname="PySysTest" name="SoftwareManagement.sm_fake_install_remove" />
</testsuite><testsuite name="SoftwareManagement.sm_fake_install_remove_multiple" tests="2" errors="0" failures="0" skipped="1" time="0"><testcase classname="PySysTest" name="SoftwareManagement.sm_fake_install_remove_multiple">
		<skipped message="SKIPPED: Testing the fake plugin is not enabled.Use parameter -Xfakeplugin=fakeplugin to enable it" />
		<system-out>16:00:26 INFO  ==============================================================
16:00:26 INFO  Id:    SoftwareManagement.sm_fake_install_remove_multiple
16:00:26 INFO  Dir:   software_management_end_to_end/
16:00:26 INFO  Title: Validate end to end behaviour for the dummy-plugin for multiple packages
16:00:26 INFO  ==============================================================
16:00:26 INFO  Testing the fake plugin is not enabled.Use parameter -Xfakeplugin=fakeplugin to enable it ... skipped
16:00:26 WARN  Aborted test due to SKIPPED outcome
16:00:26 INFO  
16:00:26 INFO  Test duration: 0.02 secs
16:00:26 INFO  Test final outcome:  SKIPPED
16:00:26 INFO  Test outcome reason: Testing the fake plugin is not enabled.Use parameter -Xfakeplugin=fakeplugin to enable it
16:00:26 INFO  
</system-out>
	</testcase>
<testcase classname="PySysTest" name="SoftwareManagement.sm_fake_install_remove_multiple" />
</testsuite><testsuite name="SoftwareManagement.sm_mapper_fail_and_reconnect" tests="2" errors="0" failures="0" skipped="2" time="0"><testcase classname="MapperC8yReceiveLastMessageOnRestart" name="SoftwareManagement.sm_mapper_fail_and_reconnect">
		<skipped message="SKIPPED: instable https://github.com/thin-edge/thin-edge.io/issues/752" />
		<system-out>16:00:26 INFO  ==============================================================
16:00:26 INFO  Id:    SoftwareManagement.sm_mapper_fail_and_reconnect
16:00:26 INFO  Dir:   software_management_end_to_end/
16:00:26 INFO  Title: Validate the tedge-mapper-sm-c8y for receiving the last message on restart
16:00:26 INFO  ==============================================================
16:00:26 INFO  instable https://github.com/thin-edge/thin-edge.io/issues/752 ... skipped
16:00:26 INFO  
16:00:26 INFO  Test duration: 0.02 secs
16:00:26 INFO  Test final outcome:  SKIPPED
16:00:26 INFO  Test outcome reason: instable https://github.com/thin-edge/thin-edge.io/issues/752
16:00:26 INFO  
</system-out>
	</testcase>
<testcase classname="MapperC8yReceiveLastMessageOnRestart" name="SoftwareManagement.sm_mapper_fail_and_reconnect">
		<skipped message="SKIPPED: instable https://github.com/thin-edge/thin-edge.io/issues/752" />
		<system-out>17:11:16 INFO  ==============================================================
17:11:16 INFO  Id:    SoftwareManagement.sm_mapper_fail_and_reconnect
17:11:16 INFO  Dir:   software_management_end_to_end/
17:11:16 INFO  Title: Validate the tedge-mapper-sm-c8y for receiving the last message on restart
17:11:16 INFO  ==============================================================
17:11:16 INFO  instable https://github.com/thin-edge/thin-edge.io/issues/752 ... skipped
17:11:16 INFO  
17:11:16 INFO  Test duration: 0.07 secs
17:11:16 INFO  Test final outcome:  SKIPPED
17:11:16 INFO  Test outcome reason: instable https://github.com/thin-edge/thin-edge.io/issues/752
17:11:16 INFO  
</system-out>
	</testcase>
</testsuite><testsuite name="SoftwareManagement.sm_mixed_install_remove_multiple" tests="2" errors="0" failures="1" skipped="1" time="0"><testcase classname="PySysTest" name="SoftwareManagement.sm_mixed_install_remove_multiple">
		<skipped message="SKIPPED: Testing the fake plugin is not enabled.Use parameter -Xfakeplugin=fakeplugin to enable it" />
		<system-out>16:00:26 INFO  ==============================================================
16:00:26 INFO  Id:    SoftwareManagement.sm_mixed_install_remove_multiple
16:00:26 INFO  Dir:   software_management_end_to_end/
16:00:26 INFO  Title: Validate end to end behaviour for the dummy-plugin for multiple packages with mixed versions
16:00:26 INFO  ==============================================================
16:00:26 INFO  Testing the fake plugin is not enabled.Use parameter -Xfakeplugin=fakeplugin to enable it ... skipped
16:00:26 WARN  Aborted test due to SKIPPED outcome
16:00:26 INFO  
16:00:26 INFO  Test duration: 0.02 secs
16:00:26 INFO  Test final outcome:  SKIPPED
16:00:26 INFO  Test outcome reason: Testing the fake plugin is not enabled.Use parameter -Xfakeplugin=fakeplugin to enable it
16:00:26 INFO  
</system-out>
	</testcase>
<testcase classname="PySysTest" name="SoftwareManagement.sm_mixed_install_remove_multiple">
		<failure message="FAILED: Assert that (False == value) with value=True" type="FAILED" />
		<system-out>17:11:16 INFO  ==============================================================
17:11:16 INFO  Id:    SoftwareManagement.sm_mixed_install_remove_multiple
17:11:16 INFO  Dir:   software_management_end_to_end/
17:11:16 INFO  Title: Validate end to end behaviour for the dummy-plugin for multiple packages with mixed versions
17:11:16 INFO  ==============================================================
[...]
15:48:28 INFO  Executed sudo&lt;rm_tmp_logs&gt;, exit status 0
15:48:28 INFO  Executed sudo&lt;send_failed&gt;, exit status 0
15:48:29 INFO  Executed sudo&lt;log_file_daemon&gt;, exit status 0
15:48:33 INFO  Executed sudo&lt;tedge_disconnect_c8y&gt;, exit status 0
15:48:33 INFO  Executed systemctl&lt;serv_mapper5&gt;, exit status 3
15:48:33 INFO  
15:48:33 INFO  Test duration: 27.97 secs
15:48:33 INFO  Test final outcome:  BLOCKED
15:48:33 INFO  Test outcome reason: TypeError: 'NoneType' object is not subscriptable
15:48:33 INFO  
</system-out>
	</testcase>
</testsuite><testsuite name="log_request_num_lines" tests="1" errors="0" failures="1" skipped="0" time="0"><testcase classname="LogRequestVerifyNumberOfLines" name="log_request_num_lines">
		<failure message="BLOCKED: TypeError: 'NoneType' object is not subscriptable" type="BLOCKED" />
		<system-out>15:48:33 INFO  ==============================================================
15:48:33 INFO  Id:    log_request_num_lines
15:48:33 INFO  Dir:   log_request_end_to_end/
15:48:33 INFO  Title: Validate end to end behaviour for the log request operation check for number of lines
15:48:33 INFO  ==============================================================
15:48:33 INFO  EnvironmentC8y Setup
15:48:34 INFO  Executed systemctl&lt;serv_mapper1&gt;, exit status 3
15:48:34 INFO  Restarting mosquitto too frequently in the last 10 seconds. It was only up for 4 seconds
15:48:34 INFO  Delaying execution by 7 seconds
15:48:55 INFO  Executed sudo&lt;tedge_connect_c8y&gt;, exit status 0, duration 14 secs
15:48:56 INFO  Executed sudo&lt;tedge_connect_c8y_test&gt;, exit status 0
15:48:56 INFO  Executed systemctl&lt;serv_mosq2&gt;, exit status 0
15:48:57 INFO  Executed systemctl&lt;serv_mapper3&gt;, exit status 0
15:48:58 INFO  Executed sudo&lt;rm_logs&gt;, exit status 0
15:48:58 INFO  Executed sudo&lt;move_logs&gt;, exit status 0
15:48:59 INFO  Executed sudo&lt;log_file_daemon&gt;, exit status 0
15:48:59 WARN  TypeError occurred while running test - 'NoneType' object is not subscriptable
Traceback (most recent call last):
  File "/home/pi/env-pysys/lib/python3.7/site-packages/pysys/baserunner.py", line 1294, in __call__
    self.testObj.execute()
  File "/home/pi/actions-runner/_work/thin-edge.io/thin-edge.io/tests/PySys/log_request_end_to_end/log_request_num_lines/run.py", line 46, in execute
    log_file_request_payload, self.project.deviceid
  File "/home/pi/actions-runner/_work/thin-edge.io/thin-edge.io/tests/PySys/environments/cumulocity.py", line 101, in trigger_log_request
    "deviceId": self.device_fragment["id"],
TypeError: 'NoneType' object is not subscriptable
15:48:59 WARN  TypeError: 'NoneType' object is not subscriptable ... blocked 
15:48:59 INFO  
15:48:59 INFO  cleanup:
15:49:00 INFO  Executed sudo&lt;rm_logs&gt;, exit status 0
15:49:00 INFO  Executed sudo&lt;rm_tmp_logs&gt;, exit status 0
15:49:01 INFO  Executed sudo&lt;send_failed&gt;, exit status 0
15:49:02 INFO  Executed sudo&lt;log_file_daemon&gt;, exit status 0
15:49:05 INFO  Executed sudo&lt;tedge_disconnect_c8y&gt;, exit status 0
15:49:06 INFO  Executed systemctl&lt;serv_mapper5&gt;, exit status 3
15:49:06 INFO  
15:49:06 INFO  Test duration: 32.57 secs
15:49:06 INFO  Test final outcome:  BLOCKED
15:49:06 INFO  Test outcome reason: TypeError: 'NoneType' object is not subscriptable
15:49:06 INFO  
</system-out>
	</testcase>
</testsuite><testsuite name="mapper_awaits_before_reconnect" tests="1" errors="0" failures="1" skipped="0" time="0"><testcase classname="MapperReconnectAwait" name="mapper_awaits_before_reconnect">
		<failure message="FAILED: Line count on tedge_mapper_journal.out for &quot;tedge_mapper::core::mapper: MQTT connection error:&quot; expected &gt;=2 but got 0" type="FAILED" />
		<system-out>16:03:31 INFO  ==============================================================
16:03:31 INFO  Id:    mapper_awaits_before_reconnect
16:03:31 INFO  Dir:   tedge_mapper_c8y/
16:03:31 INFO  Title: Validate mapper doesn't reconnect too often
16:03:31 INFO  ==============================================================
16:03:32 INFO  Started mosquitto_sub with process id 4203
16:03:32 INFO  Waiting for 0.1 seconds
16:03:32 INFO  Executed sudo&lt;tedge_mapper&gt;, exit status 0
16:03:32 INFO  Waiting for 5.0 seconds
16:03:38 INFO  Executed sudo&lt;tedge_mapper&gt;, exit status 0
16:03:41 INFO  Executed sudo&lt;tedge_mapper_journal&gt;, exit status 0
16:03:41 WARN  Grep on tedge_mapper_journal.out contains "ERROR" ... failed [run.py:67]
16:03:41 INFO  Line count on file tedge_mapper_journal.out ... passed
16:03:41 WARN  Line count on tedge_mapper_journal.out for "tedge_mapper::core::mapper: MQTT connection error:" expected &gt;=2 but got 0 ... failed [run.py:78]
16:03:41 WARN  Aborted test due to FAILED outcome
16:03:41 INFO  
16:03:41 INFO  Test duration: 9.20 secs
16:03:41 INFO  Test final outcome:  FAILED
16:03:41 INFO  Test outcome reason: Line count on tedge_mapper_journal.out for "tedge_mapper::core::mapper: MQTT connection error:" expected &gt;=2 but got 0
16:03:41 INFO  
</system-out>
	</testcase>
</testsuite><testsuite name="monitoring_smaller_interval" tests="1" errors="0" failures="1" skipped="0" time="0"><testcase classname="MonitoringSmallInterval" name="monitoring_smaller_interval">
		<failure message="BLOCKED: TypeError: 'int' object is not subscriptable" type="BLOCKED" />
		<system-out>15:50:29 INFO  ==============================================================
15:50:29 INFO  Id:    monitoring_smaller_interval
15:50:29 INFO  Dir:   monitoring/
15:50:29 INFO  Title: Validate the tedge dm agent messages that are produced with smaller sampling interval than the batching window. Here the simulated collectd messages are used
15:50:29 INFO  ==============================================================
15:50:29 INFO  Executed sudo&lt;collectd&gt;, exit status 0
15:50:30 INFO  Executed sudo&lt;collectd_mapper&gt;, exit status 0
15:50:30 INFO  Started sudo&lt;tedge_sub&gt; with process id 318
15:50:31 INFO  Executed sudo&lt;tedge_temp&gt;, exit status 0
15:50:31 INFO  Executed sudo&lt;tedge_pres&gt;, exit status 0
15:50:32 INFO  Executed sudo&lt;tedge_temp&gt;, exit status 0
15:50:32 INFO  Executed sudo&lt;tedge_pres&gt;, exit status 0
15:50:33 INFO  Executed sudo&lt;tedge_temp&gt;, exit status 0
15:50:33 INFO  Executed sudo&lt;tedge_pres&gt;, exit status 0
15:50:34 INFO  Executed sudo&lt;tedge_temp&gt;, exit status 0
15:50:35 INFO  Executed sudo&lt;tedge_pres&gt;, exit status 0
15:50:35 INFO  Executed sudo&lt;tedge_temp&gt;, exit status 0
15:50:36 INFO  Executed sudo&lt;tedge_pres&gt;, exit status 0
15:50:36 INFO  Executed sudo&lt;tedge_temp&gt;, exit status 0
15:50:37 INFO  Executed sudo&lt;tedge_pres&gt;, exit status 0
15:50:38 INFO  Executed sudo&lt;tedge_temp&gt;, exit status 0
15:50:38 INFO  Executed sudo&lt;tedge_pres&gt;, exit status 0
15:50:39 INFO  Executed sudo&lt;tedge_temp&gt;, exit status 0
15:50:39 INFO  Executed sudo&lt;tedge_pres&gt;, exit status 0
15:50:40 INFO  Executed sudo&lt;tedge_temp&gt;, exit status 0
15:50:40 INFO  Executed sudo&lt;tedge_pres&gt;, exit status 0
15:50:41 INFO  Executed sudo&lt;tedge_temp&gt;, exit status 0
15:50:42 INFO  Executed sudo&lt;tedge_pres&gt;, exit status 0
15:50:43 INFO  Executed sudo&lt;kill_out&gt;, exit status 0
15:50:43 INFO  0

15:50:43 WARN  TypeError occurred while running test - 'int' object is not subscriptable
Traceback (most recent call last):
  File "/home/pi/env-pysys/lib/python3.7/site-packages/pysys/baserunner.py", line 1296, in __call__
    self.testObj.validate()
  File "/home/pi/actions-runner/_work/thin-edge.io/thin-edge.io/tests/PySys/monitoring/monitoring_smaller_interval/run.py", line 104, in validate
    collectd_msg_validation_result=self.validate_json(),
  File "/home/pi/actions-runner/_work/thin-edge.io/thin-edge.io/tests/PySys/monitoring/monitoring_smaller_interval/run.py", line 114, in validate_json
    if not self.validate_time():
  File "/home/pi/actions-runner/_work/thin-edge.io/thin-edge.io/tests/PySys/monitoring/monitoring_smaller_interval/run.py", line 134, in validate_time
    if self.js_msg["time"]:
TypeError: 'int' object is not subscriptable
15:50:43 WARN  TypeError: 'int' object is not subscriptable ... blocked 
15:50:43 INFO  
15:50:43 INFO  cleanup:
15:50:43 INFO  monitoring_cleanup
15:50:44 INFO  Executed sudo&lt;collectd_mapper&gt;, exit status 0
15:50:44 INFO  
15:50:44 INFO  Test duration: 15.10 secs
15:50:44 INFO  Test final outcome:  BLOCKED
15:50:44 INFO  Test outcome reason: TypeError: 'int' object is not subscriptable
15:50:44 INFO  
</system-out>
	</testcase>
</testsuite><testsuite name="monitoring_with_collectd" tests="1" errors="0" failures="0" skipped="1" time="0"><testcase classname="MonitoringWithCollectd" name="monitoring_with_collectd">
		<skipped message="SKIPPED: Test execution disabled due to #792 (instable)" />
		<system-out>15:50:44 INFO  ==============================================================
15:50:44 INFO  Id:    monitoring_with_collectd
15:50:44 INFO  Dir:   monitoring/
15:50:44 INFO  Title: Validate tedge dm agent messages that are produced by batching the collectd messages
15:50:44 INFO  ==============================================================
15:50:44 INFO  Test execution disabled due to #792 (instable) ... skipped
15:50:44 INFO  
15:50:44 INFO  Test duration: 0.02 secs
15:50:44 INFO  Test final outcome:  SKIPPED
15:50:44 INFO  Test outcome reason: Test execution disabled due to #792 (instable)
15:50:44 INFO  
</system-out>
	</testcase>
</testsuite><testsuite name="monitoring_with_simulated_messages" tests="1" errors="0" failures="1" skipped="0" time="0"><testcase classname="MonitoringWithSimulatedMessages" name="monitoring_with_simulated_messages">
		<failure message="BLOCKED: TypeError: 'int' object is not subscriptable" type="BLOCKED" />
		<system-out>15:50:44 INFO  ==============================================================
15:50:44 INFO  Id:    monitoring_with_simulated_messages
15:50:44 INFO  Dir:   monitoring/
15:50:44 INFO  Title: Validate the tedge dm agent messages that are produced from the simulated collectd messages
15:50:44 INFO  ==============================================================
15:50:45 INFO  Executed sudo&lt;collectd&gt;, exit status 0
15:50:45 INFO  Executed sudo&lt;collectd_mapper&gt;, exit status 0
15:50:45 INFO  Started sudo&lt;tedge_sub&gt; with process id 392
15:50:46 INFO  Executed sudo&lt;tedge_temp&gt;, exit status 0
15:50:46 INFO  Executed sudo&lt;tedge_pres&gt;, exit status 0
15:50:48 INFO  Executed sudo&lt;kill_out&gt;, exit status 0
15:50:48 INFO  0

15:50:48 WARN  TypeError occurred while running test - 'int' object is not subscriptable
Traceback (most recent call last):
  File "/home/pi/env-pysys/lib/python3.7/site-packages/pysys/baserunner.py", line 1296, in __call__
    self.testObj.validate()
  File "/home/pi/actions-runner/_work/thin-edge.io/thin-edge.io/tests/PySys/monitoring/monitoring_with_simulated_messages/run.py", line 98, in validate
    collectd_msg_validation_result=self.validate_json(),
  File "/home/pi/actions-runner/_work/thin-edge.io/thin-edge.io/tests/PySys/monitoring/monitoring_with_simulated_messages/run.py", line 108, in validate_json
    if not self.validate_time():
  File "/home/pi/actions-runner/_work/thin-edge.io/thin-edge.io/tests/PySys/monitoring/monitoring_with_simulated_messages/run.py", line 127, in validate_time
    if self.js_msg["time"]:
TypeError: 'int' object is not subscriptable
15:50:48 WARN  TypeError: 'int' object is not subscriptable ... blocked 
15:50:48 INFO  
15:50:48 INFO  cleanup:
15:50:48 INFO  monitoring_cleanup
15:50:48 INFO  Executed sudo&lt;collectd_mapper&gt;, exit status 0
15:50:48 INFO  
15:50:48 INFO  Test duration: 4.42 secs
15:50:48 INFO  Test final outcome:  BLOCKED
15:50:48 INFO  Test outcome reason: TypeError: 'int' object is not subscriptable
15:50:48 INFO  
</system-out>
	</testcase>
</testsuite><testsuite name="mqtt_port_change_connection_fails" tests="1" errors="0" failures="0" skipped="0" time="0"><testcase classname="MqttPortChangeConnectionFails" name="mqtt_port_change_connection_fails" />
</testsuite><testsuite name="mqtt_port_change_connection_works" tests="1" errors="0" failures="0" skipped="1" time="0"><testcase classname="MqttPortChangeConnectionWorks" name="mqtt_port_change_connection_works">
		<skipped message="SKIPPED: failing intermitently" />
		<system-out>15:49:41 INFO  ==============================================================
15:49:41 INFO  Id:    mqtt_port_change_connection_works
15:49:41 INFO  Dir:   misc_features/
15:49:41 INFO  Title: mqtt port change connection works for all the thin-edge services that use the mosquitto broker
15:49:41 INFO  ==============================================================
15:49:41 INFO  failing intermitently ... skipped
15:49:41 INFO  
15:49:41 INFO  Test duration: 0.02 secs
15:49:41 INFO  Test final outcome:  SKIPPED
15:49:41 INFO  Test outcome reason: failing intermitently
15:49:41 INFO  
</system-out>
	</testcase>
</testsuite><testsuite name="publish_flux" tests="1" errors="0" failures="0" skipped="0" time="0"><testcase classname="PublishFlux" name="publish_flux" />
</testsuite><testsuite name="publish_sawmill" tests="1" errors="0" failures="0" skipped="0" time="0"><testcase classname="PublishSawmill" name="publish_sawmill" />
</testsuite><testsuite name="runtime_start_two_mappers" tests="1" errors="0" failures="0" skipped="0" time="0"><testcase classname="RuntimeMultiMappers" name="runtime_start_two_mappers" />
</testsuite><testsuite name="sm_tedge_mapper_init_session" tests="1" errors="0" failures="0" skipped="0" time="0"><testcase classname="TedgeSMMapperInitSession" name="sm_tedge_mapper_init_session" />
</testsuite><testsuite name="smoketest_json" tests="1" errors="0" failures="0" skipped="0" time="0"><testcase classname="SmokeTestJson" name="smoketest_json" />
</testsuite><testsuite name="smoketest_json_400_samples_10ms" tests="1" errors="0" failures="0" skipped="0" time="0"><testcase classname="SmoketestJson400Samples10ms" name="smoketest_json_400_samples_10ms" />
</testsuite><testsuite name="smoketest_json_400_samples_20ms" tests="1" errors="0" failures="0" skipped="0" time="0"><testcase classname="SmoketestJson400Samples20ms" name="smoketest_json_400_samples_20ms" />
</testsuite><testsuite name="smoketest_smartrest" tests="1" errors="0" failures="0" skipped="0" time="0"><testcase classname="SmoketestSmartRest" name="smoketest_smartrest" />
</testsuite><testsuite name="smoketest_smartrest_400_samples_1Xms" tests="1" errors="0" failures="0" skipped="0" time="0"><testcase classname="SmoketestSmartRest400Samples1Xms" name="smoketest_smartrest_400_samples_1Xms" />
</testsuite><testsuite name="smoketest_smartrest_400_samples_20ms" tests="1" errors="0" failures="0" skipped="0" time="0"><testcase classname="SmoketestSmartRest400Samples20ms" name="smoketest_smartrest_400_samples_20ms" />
</testsuite><testsuite name="tedge_agent_user_sudo_access" tests="1" errors="0" failures="0" skipped="1" time="0"><testcase classname="TedgeAgentUserSudoAccess" name="tedge_agent_user_sudo_access">
		<skipped message="SKIPPED: #955 Observation: Exit code of the apt plugin when called with no arguments" />
		<system-out>16:00:52 INFO  ==============================================================
16:00:52 INFO  Id:    tedge_agent_user_sudo_access
16:00:52 INFO  Dir:   tedge/
16:00:52 INFO  Title: Validate tedge-agent user has a limited sudo right
16:00:52 INFO  ==============================================================
16:00:52 INFO  #955 Observation: Exit code of the apt plugin when called with no arguments ... skipped
16:00:52 INFO  
16:00:52 INFO  Test duration: 0.02 secs
16:00:52 INFO  Test final outcome:  SKIPPED
16:00:52 INFO  Test outcome reason: #955 Observation: Exit code of the apt plugin when called with no arguments
16:00:52 INFO  
</system-out>
	</testcase>
</testsuite><testsuite name="tedge_connect_test_negative" tests="1" errors="0" failures="0" skipped="0" time="0"><testcase classname="TedgeConnectTestNegative" name="tedge_connect_test_negative" />
</testsuite><testsuite name="tedge_connect_test_positive" tests="1" errors="0" failures="0" skipped="0" time="0"><testcase classname="TedgeConnectTestPositive" name="tedge_connect_test_positive" />
</testsuite><testsuite name="tedge_connect_test_sm_services" tests="1" errors="0" failures="0" skipped="0" time="0"><testcase classname="TedgeConnectTestSMServices" name="tedge_connect_test_sm_services" />
</testsuite><testsuite name="tedge_disconnect_test_sm_services" tests="1" errors="0" failures="0" skipped="0" time="0"><testcase classname="TedgeDisConnectTestSMServices" name="tedge_disconnect_test_sm_services" />
</testsuite><testsuite name="tedge_mapper_az_negative" tests="1" errors="0" failures="0" skipped="0" time="0"><testcase classname="TedgeMapperAzError" name="tedge_mapper_az_negative" />
</testsuite><testsuite name="tedge_mapper_az_with_timestamp" tests="1" errors="0" failures="0" skipped="0" time="0"><testcase classname="TedgeMapperAzWithTimestamp" name="tedge_mapper_az_with_timestamp" />
</testsuite><testsuite name="tedge_mapper_az_without_timestamp" tests="1" errors="0" failures="0" skipped="0" time="0"><testcase classname="TedgeMapperAzWithoutTimestamp" name="tedge_mapper_az_without_timestamp" />
</testsuite><testsuite name="tedge_mapper_c8y_alarms" tests="1" errors="0" failures="0" skipped="0" time="0"><testcase classname="TedgeMapperC8yAlarm" name="tedge_mapper_c8y_alarms" />
</testsuite><testsuite name="tedge_mapper_c8y_child_device_measurement" tests="1" errors="0" failures="0" skipped="0" time="0"><testcase classname="TedgeMapperC8yChildDevice" name="tedge_mapper_c8y_child_device_measurement" />
</testsuite><testsuite name="tedge_mapper_c8y_packet_threshold_size" tests="1" errors="0" failures="1" skipped="0" time="0"><testcase classname="TedgeMapperC8yThresholdPacketSize" name="tedge_mapper_c8y_packet_threshold_size">
		<failure message="FAILED: Grep on tedge_sub.out contains &quot;The size of the message received on tedge/measurements is 20489 which is greater than the threshold size of 16184.&quot;" type="FAILED" />
		<system-out>16:05:22 INFO  ==============================================================
16:05:22 INFO  Id:    tedge_mapper_c8y_packet_threshold_size
16:05:22 INFO  Dir:   tedge_mapper_c8y/
16:05:22 INFO  Title: Validate the Cumulocity Mapper accepted threshold packet size when it receives a message on tedge/measurements
16:05:22 INFO  ==============================================================
16:05:22 INFO  Executed sudo&lt;tedge_mapper_c8y&gt;, exit status 0
16:05:22 INFO  Started sudo&lt;tedge_sub&gt; with process id 4801
16:05:23 INFO  Executed sudo&lt;tedge_msg&gt;, exit status 0
16:05:24 INFO  Executed sudo&lt;tedge_pub&gt;, exit status 0
16:05:24 INFO  Executed sudo&lt;kill_out&gt;, exit status 0
16:05:24 WARN  Grep on tedge_sub.out contains "The size of the message received on tedge/measurements is 20489 which is greater than the threshold size of 16184." ... failed [run.py:88]
16:05:24 INFO  
16:05:24 INFO  cleanup:
16:05:24 INFO  mapper_cleanup
16:05:25 INFO  Executed sudo&lt;tedge_mapper_c8y&gt;, exit status 0
16:05:25 INFO  
16:05:25 INFO  Test duration: 3.00 secs
16:05:25 INFO  Test final outcome:  FAILED
16:05:25 INFO  Test outcome reason: Grep on tedge_sub.out contains "The size of the message received on tedge/measurements is 20489 which is greater than the threshold size of 16184."
16:05:25 INFO  
</system-out>
	</testcase>
</testsuite><testsuite name="tedge_software_update" tests="1" errors="0" failures="0" skipped="0" time="0"><testcase classname="PySysTest" name="tedge_software_update" />
</testsuite><testsuite name="valid_device_id" tests="1" errors="0" failures="0" skipped="0" time="0"><testcase classname="ValidateValidDeviceId" name="valid_device_id" />
</testsuite></testsuites>