<?xml version='1.0' encoding='utf-8'?>
<testsuites tests="139" failures="22" errors="0" skipped="45" time="0.0"><testsuite name="SoftwareManagement.Plugin.apama_plugin_install" tests="3" errors="0" failures="0" skipped="1" time="0"><testcase classname="ApamaPluginInstallTest" name="SoftwareManagement.Plugin.apama_plugin_install">
		<skipped message="SKIPPED: Apama plugin tests are disabled by default. Execute `pysys run` with `-XmyPlatform=container` to run these tests" />
		<system-out>18:24:31 INFO  ==============================================================
18:24:31 INFO  Id:    SoftwareManagement.Plugin.apama_plugin_install
18:24:31 INFO  Dir:   plugin_apama/
18:24:31 INFO  Title: Validate apama plugin install
18:24:31 INFO  ==============================================================
18:24:31 INFO  Apama plugin tests are disabled by default. Execute `pysys run` with `-XmyPlatform=container` to run these tests ... skipped
18:24:31 WARN  Aborted test due to SKIPPED outcome
18:24:31 INFO  
18:24:31 INFO  Test duration: 0.04 secs
18:24:31 INFO  Test final outcome:  SKIPPED
18:24:31 INFO  Test outcome reason: Apama plugin tests are disabled by default. Execute `pysys run` with `-XmyPlatform=container` to run these tests
18:24:31 INFO  
</system-out>
	</testcase>
<testcase classname="ApamaPluginInstallTest" name="SoftwareManagement.Plugin.apama_plugin_install" />
<testcase classname="ApamaPluginInstallTest" name="SoftwareManagement.Plugin.apama_plugin_install" />
</testsuite><testsuite name="SoftwareManagement.Plugin.apama_plugin_mon_support" tests="3" errors="0" failures="0" skipped="1" time="0"><testcase classname="ApamaPluginMonSupportTest" name="SoftwareManagement.Plugin.apama_plugin_mon_support">
		<skipped message="SKIPPED: Apama plugin tests are disabled by default. Execute `pysys run` with `-XmyPlatform=container` to run these tests" />
		<system-out>18:24:31 INFO  ==============================================================
18:24:31 INFO  Id:    SoftwareManagement.Plugin.apama_plugin_mon_support
18:24:31 INFO  Dir:   plugin_apama/
18:24:31 INFO  Title: Validate mon file support of apama plugin
18:24:31 INFO  ==============================================================
18:24:31 INFO  Apama plugin tests are disabled by default. Execute `pysys run` with `-XmyPlatform=container` to run these tests ... skipped
18:24:31 WARN  Aborted test due to SKIPPED outcome
18:24:31 INFO  
18:24:31 INFO  Test duration: 0.02 secs
18:24:31 INFO  Test final outcome:  SKIPPED
18:24:31 INFO  Test outcome reason: Apama plugin tests are disabled by default. Execute `pysys run` with `-XmyPlatform=container` to run these tests
18:24:31 INFO  
</system-out>
	</testcase>
<testcase classname="ApamaPluginMonSupportTest" name="SoftwareManagement.Plugin.apama_plugin_mon_support" />
<testcase classname="ApamaPluginMonSupportTest" name="SoftwareManagement.Plugin.apama_plugin_mon_support" />
</testsuite><testsuite name="SoftwareManagement.Plugin.apama_plugin_remove" tests="3" errors="0" failures="0" skipped="1" time="0"><testcase classname="ApamaPluginRemoveTest" name="SoftwareManagement.Plugin.apama_plugin_remove">
		<skipped message="SKIPPED: Apama plugin tests are disabled by default. Execute `pysys run` with `-XmyPlatform=container` to run these tests" />
		<system-out>18:24:31 INFO  ==============================================================
18:24:31 INFO  Id:    SoftwareManagement.Plugin.apama_plugin_remove
18:24:31 INFO  Dir:   plugin_apama/
18:24:31 INFO  Title: Validate apama plugin remove
18:24:31 INFO  ==============================================================
18:24:31 INFO  Apama plugin tests are disabled by default. Execute `pysys run` with `-XmyPlatform=container` to run these tests ... skipped
18:24:31 WARN  Aborted test due to SKIPPED outcome
18:24:31 INFO  
18:24:31 INFO  Test duration: 0.02 secs
18:24:31 INFO  Test final outcome:  SKIPPED
18:24:31 INFO  Test outcome reason: Apama plugin tests are disabled by default. Execute `pysys run` with `-XmyPlatform=container` to run these tests
18:24:31 INFO  
</system-out>
	</testcase>
<testcase classname="ApamaPluginRemoveTest" name="SoftwareManagement.Plugin.apama_plugin_remove" />
<testcase classname="ApamaPluginRemoveTest" name="SoftwareManagement.Plugin.apama_plugin_remove" />
</testsuite><testsuite name="SoftwareManagement.Plugin.apama_plugin_update" tests="3" errors="0" failures="2" skipped="1" time="0"><testcase classname="ApamaPluginUpdateTest" name="SoftwareManagement.Plugin.apama_plugin_update">
		<skipped message="SKIPPED: Apama plugin tests are disabled by default. Execute `pysys run` with `-XmyPlatform=container` to run these tests" />
		<system-out>18:24:31 INFO  ==============================================================
18:24:31 INFO  Id:    SoftwareManagement.Plugin.apama_plugin_update
18:24:31 INFO  Dir:   plugin_apama/
18:24:31 INFO  Title: Validate apama plugin updating one project with another
18:24:31 INFO  ==============================================================
18:24:31 INFO  Apama plugin tests are disabled by default. Execute `pysys run` with `-XmyPlatform=container` to run these tests ... skipped
18:24:31 WARN  Aborted test due to SKIPPED outcome
18:24:31 INFO  
18:24:31 INFO  Test duration: 0.02 secs
18:24:31 INFO  Test final outcome:  SKIPPED
18:24:31 INFO  Test outcome reason: Apama plugin tests are disabled by default. Execute `pysys run` with `-XmyPlatform=container` to run these tests
18:24:31 INFO  
</system-out>
	</testcase>
<testcase classname="ApamaPluginUpdateTest" name="SoftwareManagement.Plugin.apama_plugin_update">
		<failure message="BLOCKED: sudo&lt;plugin_install&gt; returned non-zero exit code 2" type="BLOCKED" />
		<system-out>19:03:53 INFO  ==============================================================
19:03:53 INFO  Id:    SoftwareManagement.Plugin.apama_plugin_update
19:03:53 INFO  Dir:   plugin_apama/
19:03:53 INFO  Title: Validate apama plugin updating one project with another
19:03:53 INFO  ==============================================================
19:03:53 INFO  Assertion that path exists=False for "/etc/tedge/apama/project" ... passed
19:03:53 INFO  Executed sudo&lt;create_project_dir&gt;, exit status 0
19:03:54 INFO  Executed sudo&lt;unzip_apama_project&gt;, exit status 0
19:03:54 INFO  Executed sudo&lt;move_apama_project&gt;, exit status 0
19:03:55 INFO  Executed sudo&lt;restart_apama_service&gt;, exit status 0
19:03:56 INFO  Executed sudo&lt;apama_correlator_wait&gt;, exit status 0
19:03:56 INFO  Assertion that path exists=True for "/etc/tedge/apama/project" ... passed
19:03:57 INFO  Executed sudo&lt;apama_list_monitors&gt;, exit status 0
19:03:57 INFO  Grep on file /home/pi/actions-runner/_work/thin-edge.io/thin-edge.io/tests/PySys/plugin_apama/apama_plugin_update/Output/linux/apama_list_monitors.out ... passed
19:03:57 WARN  Executed sudo&lt;plugin_install&gt;, exit status 2
19:03:57 INFO  Contents of plugin_install.err: 
  ERROR: Directory not empty (os error 39)
  -----

19:03:58 WARN  sudo&lt;plugin_install&gt; returned non-zero exit code 2 ... blocked [run.py:35]
19:03:58 WARN  Aborted test due to BLOCKED outcome
19:03:58 INFO  
19:03:58 INFO  cleanup:
19:03:58 INFO  Removing apama project
19:04:14 INFO  Executed sudo&lt;stop_apama_service&gt;, exit status 0, duration 15 secs
19:04:14 INFO  Executed sudo&lt;remove_apama_project&gt;, exit status 0
19:04:15 INFO  Executed sudo&lt;remove_apama_tmp_dir&gt;, exit status 0
19:04:15 INFO  
19:04:15 INFO  Test duration: 21.78 secs
19:04:15 INFO  Test final outcome:  BLOCKED
19:04:15 INFO  Test outcome reason: sudo&lt;plugin_install&gt; returned non-zero exit code 2
19:04:15 INFO  
</system-out>
	</testcase>
<testcase classname="ApamaPluginUpdateTest" name="SoftwareManagement.Plugin.apama_plugin_update">
		<failure message="BLOCKED: sudo&lt;plugin_install&gt; returned non-zero exit code 2" type="BLOCKED" />
		<system-out>19:13:33 INFO  ==============================================================
19:13:33 INFO  Id:    SoftwareManagement.Plugin.apama_plugin_update
19:13:33 INFO  Dir:   plugin_apama/
19:13:33 INFO  Title: Validate apama plugin updating one project with another
19:13:33 INFO  ==============================================================
19:13:33 INFO  Assertion that path exists=False for "/etc/tedge/apama/project" ... passed
19:13:33 INFO  Executed sudo&lt;create_project_dir&gt;, exit status 0
19:13:34 INFO  Executed sudo&lt;unzip_apama_project&gt;, exit status 0
19:13:34 INFO  Executed sudo&lt;move_apama_project&gt;, exit status 0
19:13:35 INFO  Executed sudo&lt;restart_apama_service&gt;, exit status 0
19:13:36 INFO  Executed sudo&lt;apama_correlator_wait&gt;, exit status 0
19:13:36 INFO  Assertion that path exists=True for "/etc/tedge/apama/project" ... passed
19:13:37 INFO  Executed sudo&lt;apama_list_monitors&gt;, exit status 0
19:13:37 INFO  Grep on file /home/pi/actions-runner/_work/thin-edge.io/thin-edge.io/tests/PySys/plugin_apama/apama_plugin_update/Output/linux/apama_list_monitors.out ... passed
19:13:37 WARN  Executed sudo&lt;plugin_install&gt;, exit status 2
19:13:37 INFO  Contents of plugin_install.err: 
  ERROR: Directory not empty (os error 39)
  -----

19:13:38 WARN  sudo&lt;plugin_install&gt; returned non-zero exit code 2 ... blocked [run.py:35]
19:13:38 WARN  Aborted test due to BLOCKED outcome
19:13:38 INFO  
19:13:38 INFO  cleanup:
19:13:38 INFO  Removing apama project
19:13:53 INFO  Executed sudo&lt;stop_apama_service&gt;, exit status 0, duration 15 secs
19:13:53 INFO  Executed sudo&lt;remove_apama_project&gt;, exit status 0
19:13:54 INFO  Executed sudo&lt;remove_apama_tmp_dir&gt;, exit status 0
19:13:54 INFO  
19:13:54 INFO  Test duration: 21.46 secs
19:13:54 INFO  Test final outcome:  BLOCKED
19:13:54 INFO  Test outcome reason: sudo&lt;plugin_install&gt; returned non-zero exit code 2
19:13:54 INFO  
</system-out>
	</testcase>
</testsuite><testsuite name="SoftwareManagement.sm_apt_install_download_path" tests="3" errors="0" failures="2" skipped="1" time="0"><testcase classname="AptInstallWithDownloadPath" name="SoftwareManagement.sm_apt_install_download_path">
		<skipped message="SKIPPED: Testing the apt plugin is not supported on this platform.Use parameter -XmyPlatform='container' to enable it" />
		<system-out>18:34:12 INFO  ==============================================================
18:34:12 INFO  Id:    SoftwareManagement.sm_apt_install_download_path
18:34:12 INFO  Dir:   software_management_end_to_end/
18:34:12 INFO  Title: Install package to directory specified in tedge config set tmp.path
18:34:12 INFO  ==============================================================
18:34:12 INFO  Testing the apt plugin is not supported on this platform.Use parameter -XmyPlatform='container' to enable it ... skipped
18:34:12 WARN  Aborted test due to SKIPPED outcome
18:34:12 INFO  
18:34:12 INFO  Test duration: 0.06 secs
18:34:12 INFO  Test final outcome:  SKIPPED
18:34:12 INFO  Test outcome reason: Testing the apt plugin is not supported on this platform.Use parameter -XmyPlatform='container' to enable it
18:34:12 INFO  
</system-out>
	</testcase>
<testcase classname="AptInstallWithDownloadPath" name="SoftwareManagement.sm_apt_install_download_path">
		<failure message="BLOCKED: SystemError: The Sofware list is empty !!!" type="BLOCKED" />
		<system-out>18:58:02 INFO  ==============================================================
18:58:02 INFO  Id:    SoftwareManagement.sm_apt_install_download_path
18:58:02 INFO  Dir:   software_management_end_to_end/
18:58:02 INFO  Title: Install package to directory specified in tedge config set tmp.path
18:58:02 INFO  ==============================================================
18:58:02 INFO  Using sw id database: {'asciijump': '5475369', 'robotfindskitten': '5474869', 'squirrel3': '5475279', 'rolldice': '5152439', 'moon-buggy': '5439204', 'apple': '5495053', 'banana': '5494888', 'cherry': '5495382', 'watermelon': '5494510', 'registry': '8018911', 'hello-world': '8021526', 'docker/getting-started': '8021973', 'alpine': '7991792'}
18:58:02 INFO  EnvironmentC8y Setup
18:58:03 INFO  Executed systemctl&lt;serv_mapper1&gt;, exit status 3
18:58:17 INFO  Executed sudo&lt;tedge_connect_c8y&gt;, exit status 0, duration 13 secs
18:58:19 INFO  Executed sudo&lt;tedge_connect_c8y_test&gt;, exit status 0
18:58:20 INFO  Executed systemctl&lt;serv_mosq2&gt;, exit status 0
18:58:20 INFO  Executed systemctl&lt;serv_mapper3&gt;, exit status 0
18:58:23 ERROR No operations found, assuming it passed
18:58:23 WARN  SystemError occurred while running test - The Sofware list is empty !!!
Traceback (most recent call last):
  File "/home/pi/env-pysys/lib/python3.7/site-packages/pysys/baserunner.py", line 1292, in __call__
    self.testObj.setup()
  File "/home/pi/actions-runner/_work/thin-edge.io/thin-edge.io/tests/PySys/software_management_end_to_end/sm_apt_install_download_path/run.py", line 49, in setup
    self.assertThat("False == value", value=self.check_is_installed("rolldice"))
  File "/home/pi/actions-runner/_work/thin-edge.io/thin-edge.io/tests/PySys/software_management_end_to_end/environment_sm_management.py", line 399, in check_is_installed
    raise SystemError("The Sofware list is empty !!!")
SystemError: The Sofware list is empty !!!
18:58:23 WARN  SystemError: The Sofware list is empty !!! ... blocked 
18:58:23 INFO  
18:58:23 INFO  cleanup:
18:58:24 INFO  Executed sudo, exit status 0
18:58:25 INFO  Executed sudo, exit status 0
18:58:29 INFO  Executed sudo&lt;tedge_disconnect_c8y&gt;, exit status 0
18:58:29 INFO  Restarting mosquitto too frequently in the last 10 seconds. It was only up for 4 seconds
18:58:29 INFO  Delaying execution by 7 seconds
18:58:49 INFO  Executed sudo&lt;tedge_connect_c8y&gt;, exit status 0, duration 13 secs
18:58:54 INFO  Executed sudo&lt;tedge_disconnect_c8y&gt;, exit status 0
18:58:54 INFO  Executed systemctl&lt;serv_mapper5&gt;, exit status 3
18:58:54 INFO  
18:58:54 INFO  Test duration: 52.41 secs
18:58:54 INFO  Test final outcome:  BLOCKED
18:58:54 INFO  Test outcome reason: SystemError: The Sofware list is empty !!!
18:58:54 INFO  
</system-out>
	</testcase>
<testcase classname="AptInstallWithDownloadPath" name="SoftwareManagement.sm_apt_install_download_path">
		<failure message="BLOCKED: AssertionError:" type="BLOCKED" />
		<system-out>19:13:54 INFO  ==============================================================
19:13:54 INFO  Id:    SoftwareManagement.sm_apt_install_download_path
19:13:54 INFO  Dir:   software_management_end_to_end/
19:13:54 INFO  Title: Install package to directory specified in tedge config set tmp.path
19:13:54 INFO  ==============================================================
19:13:55 INFO  Using sw id database: {'asciijump': '5475369', 'robotfindskitten': '5474869', 'squirrel3': '5475279', 'rolldice': '5152439', 'moon-buggy': '5439204', 'apple': '5495053', 'banana': '5494888', 'cherry': '5495382', 'watermelon': '5494510', 'registry': '8018911', 'hello-world': '8021526', 'docker/getting-started': '8021973', 'alpine': '7991792'}
19:13:55 INFO  EnvironmentC8y Setup
19:13:56 INFO  Executed systemctl&lt;serv_mapper1&gt;, exit status 3
19:14:12 INFO  Executed sudo&lt;tedge_connect_c8y&gt;, exit status 0, duration 16 secs
19:14:13 INFO  Executed sudo&lt;tedge_connect_c8y_test&gt;, exit status 0
19:14:13 INFO  Executed systemctl&lt;serv_mosq2&gt;, exit status 0
19:14:14 INFO  Executed systemctl&lt;serv_mapper3&gt;, exit status 0
19:14:16 INFO  State of current operation: SUCCESSFUL
19:14:16 INFO  Assert that (False == value) with value=False ... passed
19:14:17 INFO  Executed sudo, exit status 0
19:14:17 INFO  Executed sudo, exit status 0
19:14:18 INFO  Executed sudo, exit status 0
19:14:22 INFO  Executed sudo&lt;tedge_disconnect_c8y&gt;, exit status 0
19:14:22 INFO  Restarting mosquitto too frequently in the last 10 seconds. It was only up for 3 seconds
19:14:22 INFO  Delaying execution by 8 seconds
19:14:45 INFO  Executed sudo&lt;tedge_connect_c8y&gt;, exit status 0, duration 15 secs
19:14:46 INFO  Response status: 201
19:14:46 INFO  Response to action: {
    "creationTime": "2022-07-21T19:14:46.017Z",
    "deviceId": "21166555",
    "deviceName": "m32sd10d",
    "self": "https://t493319102.eu-latest.cumulocity.com/devicecontrol/operations/21172580",
    "id": "21172580",
    "status": "PENDING",
    "description": "Apply software changes, triggered from PySys: [{'name': 'rolldice', 'id': '5152439', 'version': '::apt', 'url': 'https://thin-edge-io.eu-latest.cumulocity.com/inventory/binaries/12435463', 'action': 'install'}]",
    "c8y_SoftwareUpdate": [
        {
            "name": "rolldice",
            "action": "install",
            "id": "5152439",
            "version": "::apt",
            "url": "https://thin-edge-io.eu-latest.cumulocity.com/inventory/binaries/12435463"
        }
    ]
}
19:14:46 INFO  Started operation: {'creationTime': '2022-07-21T19:14:46.017Z', 'deviceId': '21166555', 'deviceName': 'm32sd10d', 'self': 'https://t493319102.eu-latest.cumulocity.com/devicecontrol/operations/21172580', 'id': '21172580', 'status': 'PENDING', 'description': "Apply software changes, triggered from PySys: [{'name': 'rolldice', 'id': '5152439', 'version': '::apt', 'url': 'https://thin-edge-io.eu-latest.cumulocity.com/inventory/binaries/12435463', 'action': 'install'}]", 'c8y_SoftwareUpdate': [{'name': 'rolldice', 'action': 'install', 'id': '5152439', 'version': '::apt', 'url': 'https://thin-edge-io.eu-latest.cumulocity.com/inventory/binaries/12435463'}]}
19:14:46 WARN  , retrying in 0.5 seconds...
19:14:46 WARN  , retrying in 0.5 seconds...
19:14:47 WARN  , retrying in 0.5 seconds...
19:14:47 WARN  , retrying in 0.5 seconds...
19:14:48 WARN  , retrying in 0.5 seconds...
19:14:48 WARN  , retrying in 0.5 seconds...
19:14:49 WARN  , retrying in 0.5 seconds...
19:14:49 WARN  , retrying in 0.5 seconds...
19:14:50 WARN  , retrying in 0.5 seconds...
19:14:50 WARN  AssertionError occurred while running test - 
Traceback (most recent call last):
  File "/home/pi/env-pysys/lib/python3.7/site-packages/pysys/baserunner.py", line 1294, in __call__
    self.testObj.execute()
  File "/home/pi/actions-runner/_work/thin-edge.io/thin-edge.io/tests/PySys/software_management_end_to_end/sm_apt_install_download_path/run.py", line 83, in execute
    assert_install_in_download_path(install_directory=self.DOWNLOAD_DIR)
  File "/home/pi/env-pysys/lib/python3.7/site-packages/decorator.py", line 232, in fun
    return caller(func, *(extras + args), **kw)
  File "/home/pi/env-pysys/lib/python3.7/site-packages/retry/api.py", line 74, in retry_decorator
    logger)
  File "/home/pi/env-pysys/lib/python3.7/site-packages/retry/api.py", line 33, in __retry_internal
    return f()
  File "/home/pi/actions-runner/_work/thin-edge.io/thin-edge.io/tests/PySys/software_management_end_to_end/sm_apt_install_download_path/run.py", line 28, in assert_install_in_download_path
    assert "rolldice" in os.listdir(f"{install_directory}")
AssertionError
19:14:50 WARN  AssertionError: ... blocked 
19:14:50 INFO  
19:14:50 INFO  cleanup:
19:14:51 INFO  Executed sudo, exit status 0
19:14:51 INFO  Executed sudo, exit status 0
19:14:56 INFO  Executed sudo&lt;tedge_disconnect_c8y&gt;, exit status 0
19:14:56 INFO  Restarting mosquitto too frequently in the last 10 seconds. It was only up for 4 seconds
19:14:56 INFO  Delaying execution by 7 seconds
19:15:18 INFO  Executed sudo&lt;tedge_connect_c8y&gt;, exit status 0, duration 14 secs
19:15:22 INFO  Executed sudo&lt;tedge_disconnect_c8y&gt;, exit status 0
19:15:22 INFO  Executed systemctl&lt;serv_mapper5&gt;, exit status 3
19:15:23 INFO  
19:15:23 INFO  Test duration: 88.49 secs
19:15:23 INFO  Test final outcome:  BLOCKED
19:15:23 INFO  Test outcome reason: AssertionError:
19:15:23 INFO  
</system-out>
	</testcase>
</testsuite><testsuite name="SoftwareManagement.sm_apt_install_fail" tests="3" errors="0" failures="1" skipped="1" time="0"><testcase classname="PySysTest" name="SoftwareManagement.sm_apt_install_fail">
		<skipped message="SKIPPED: Testing the apt plugin is not supported on this platform.Use parameter -XmyPlatform='container' to enable it" />
		<system-out>18:34:12 INFO  ==============================================================
18:34:12 INFO  Id:    SoftwareManagement.sm_apt_install_fail
18:34:12 INFO  Dir:   software_management_end_to_end/
18:34:12 INFO  Title: Validate end to end behaviour for a failing installation
18:34:12 INFO  ==============================================================
18:34:12 INFO  Testing the apt plugin is not supported on this platform.Use parameter -XmyPlatform='container' to enable it ... skipped
18:34:12 WARN  Aborted test due to SKIPPED outcome
18:34:12 INFO  
18:34:12 INFO  Test duration: 0.02 secs
18:34:12 INFO  Test final outcome:  SKIPPED
18:34:12 INFO  Test outcome reason: Testing the apt plugin is not supported on this platform.Use parameter -XmyPlatform='container' to enable it
18:34:12 INFO  
</system-out>
	</testcase>
<testcase classname="PySysTest" name="SoftwareManagement.sm_apt_install_fail">
		<failure message="BLOCKED: SystemError: The Sofware list is empty !!!" type="BLOCKED" />
		<system-out>18:58:54 INFO  ==============================================================
18:58:54 INFO  Id:    SoftwareManagement.sm_apt_install_fail
18:58:54 INFO  Dir:   software_management_end_to_end/
18:58:54 INFO  Title: Validate end to end behaviour for a failing installation
18:58:54 INFO  ==============================================================
18:58:54 INFO  Using sw id database: {'asciijump': '5475369', 'robotfindskitten': '5474869', 'squirrel3': '5475279', 'rolldice': '5152439', 'moon-buggy': '5439204', 'apple': '5495053', 'banana': '5494888', 'cherry': '5495382', 'watermelon': '5494510', 'registry': '8018911', 'hello-world': '8021526', 'docker/getting-started': '8021973', 'alpine': '7991792'}
18:58:54 INFO  EnvironmentC8y Setup
18:58:55 INFO  Executed systemctl&lt;serv_mapper1&gt;, exit status 3
18:58:55 INFO  Restarting mosquitto too frequently in the last 10 seconds. It was only up for 5 seconds
18:58:55 INFO  Delaying execution by 6 seconds
18:59:15 INFO  Executed sudo&lt;tedge_connect_c8y&gt;, exit status 0, duration 13 secs
18:59:15 INFO  Executed sudo&lt;tedge_connect_c8y_test&gt;, exit status 0
18:59:16 INFO  Executed systemctl&lt;serv_mosq2&gt;, exit status 0
18:59:16 INFO  Executed systemctl&lt;serv_mapper3&gt;, exit status 0
18:59:19 ERROR No operations found, assuming it passed
18:59:19 INFO  Response status: 201
18:59:19 INFO  Response to action: {
    "creationTime": "2022-07-21T18:59:19.362Z",
    "deviceId": "21166555",
    "deviceName": "m32sd10d",
    "self": "https://t493319102.eu-latest.cumulocity.com/devicecontrol/operations/21172501",
    "id": "21172501",
    "status": "PENDING",
    "description": "Apply software changes, triggered from PySys: [{'name': 'does_not_exist', 'id': '5446165', 'version': '::apt', 'url': '', 'action': 'install'}]",
    "c8y_SoftwareUpdate": [
        {
            "name": "does_not_exist",
            "action": "install",
            "id": "5446165",
            "version": "::apt",
            "url": ""
        }
    ]
}
18:59:19 INFO  Started operation: {'creationTime': '2022-07-21T18:59:19.362Z', 'deviceId': '21166555', 'deviceName': 'm32sd10d', 'self': 'https://t493319102.eu-latest.cumulocity.com/devicecontrol/operations/21172501', 'id': '21172501', 'status': 'PENDING', 'description': "Apply software changes, triggered from PySys: [{'name': 'does_not_exist', 'id': '5446165', 'version': '::apt', 'url': '', 'action': 'install'}]", 'c8y_SoftwareUpdate': [{'name': 'does_not_exist', 'action': 'install', 'id': '5446165', 'version': '::apt', 'url': ''}]}
18:59:21 INFO  State of operation 21172501 : PENDING
18:59:24 INFO  State of operation 21172501 : EXECUTING
18:59:26 INFO  State of operation 21172501 : EXECUTING
18:59:28 INFO  State of operation 21172501 : EXECUTING
18:59:30 INFO  State of operation 21172501 : EXECUTING
18:59:32 INFO  State of operation 21172501 : EXECUTING
18:59:35 INFO  State of operation 21172501 : EXECUTING
18:59:38 INFO  State of operation 21172501 : EXECUTING
18:59:40 INFO  State of operation 21172501 : EXECUTING
18:59:43 INFO  State of operation 21172501 : EXECUTING
18:59:45 INFO  State of operation 21172501 : EXECUTING
18:59:47 INFO  State of operation 21172501 : EXECUTING
18:59:49 INFO  State of operation 21172501 : EXECUTING
18:59:52 INFO  State of operation 21172501 : EXECUTING
18:59:54 INFO  State of operation 21172501 : EXECUTING
18:59:56 INFO  State of operation 21172501 : EXECUTING
18:59:59 INFO  State of operation 21172501 : EXECUTING
19:00:01 INFO  State of operation 21172501 : EXECUTING
19:00:04 INFO  State of operation 21172501 : EXECUTING
19:00:06 INFO  State of operation 21172501 : FAILED
19:00:06 WARN  SystemError occurred while running test - The Sofware list is empty !!!
Traceback (most recent call last):
  File "/home/pi/env-pysys/lib/python3.7/site-packages/pysys/baserunner.py", line 1296, in __call__
    self.testObj.validate()
  File "/home/pi/actions-runner/_work/thin-edge.io/thin-edge.io/tests/PySys/software_management_end_to_end/sm_apt_install_fail/run.py", line 31, in validate
    "False == value", value=self.check_is_installed("does_not_exist")
  File "/home/pi/actions-runner/_work/thin-edge.io/thin-edge.io/tests/PySys/software_management_end_to_end/environment_sm_management.py", line 399, in check_is_installed
    raise SystemError("The Sofware list is empty !!!")
SystemError: The Sofware list is empty !!!
19:00:06 WARN  SystemError: The Sofware list is empty !!! ... blocked 
19:00:06 INFO  
19:00:06 INFO  cleanup:
19:00:10 INFO  Executed sudo&lt;tedge_disconnect_c8y&gt;, exit status 0
19:00:11 INFO  Executed systemctl&lt;serv_mapper5&gt;, exit status 3
19:00:11 INFO  
19:00:11 INFO  Test duration: 76.21 secs
19:00:11 INFO  Test final outcome:  BLOCKED
19:00:11 INFO  Test outcome reason: SystemError: The Sofware list is empty !!!
19:00:11 INFO  
</system-out>
	</testcase>
<testcase classname="PySysTest" name="SoftwareManagement.sm_apt_install_fail" />
</testsuite><testsuite name="SoftwareManagement.sm_apt_install_remove" tests="3" errors="0" failures="1" skipped="1" time="0"><testcase classname="PySysTest" name="SoftwareManagement.sm_apt_install_remove">
		<skipped message="SKIPPED: Testing the apt plugin is not supported on this platform.Use parameter -XmyPlatform='container' to enable it" />
		<system-out>18:34:12 INFO  ==============================================================
18:34:12 INFO  Id:    SoftwareManagement.sm_apt_install_remove
18:34:12 INFO  Dir:   software_management_end_to_end/
18:34:12 INFO  Title: Validate end to end behaviour for the apt plugin for installation and removal of packages
18:34:12 INFO  ==============================================================
18:34:12 INFO  Testing the apt plugin is not supported on this platform.Use parameter -XmyPlatform='container' to enable it ... skipped
18:34:12 WARN  Aborted test due to SKIPPED outcome
18:34:12 INFO  
18:34:12 INFO  Test duration: 0.02 secs
18:34:12 INFO  Test final outcome:  SKIPPED
18:34:12 INFO  Test outcome reason: Testing the apt plugin is not supported on this platform.Use parameter -XmyPlatform='container' to enable it
18:34:12 INFO  
</system-out>
	</testcase>
<testcase classname="PySysTest" name="SoftwareManagement.sm_apt_install_remove">
		<failure message="BLOCKED: SystemError: The Sofware list is empty !!!" type="BLOCKED" />
		<system-out>19:00:11 INFO  ==============================================================
19:00:11 INFO  Id:    SoftwareManagement.sm_apt_install_remove
19:00:11 INFO  Dir:   software_management_end_to_end/
19:00:11 INFO  Title: Validate end to end behaviour for the apt plugin for installation and removal of packages
19:00:11 INFO  ==============================================================
19:00:11 INFO  Using sw id database: {'asciijump': '5475369', 'robotfindskitten': '5474869', 'squirrel3': '5475279', 'rolldice': '5152439', 'moon-buggy': '5439204', 'apple': '5495053', 'banana': '5494888', 'cherry': '5495382', 'watermelon': '5494510', 'registry': '8018911', 'hello-world': '8021526', 'docker/getting-started': '8021973', 'alpine': '7991792'}
19:00:11 INFO  EnvironmentC8y Setup
19:00:11 INFO  Executed systemctl&lt;serv_mapper1&gt;, exit status 3
19:00:11 INFO  Restarting mosquitto too frequently in the last 10 seconds. It was only up for 4 seconds
19:00:11 INFO  Delaying execution by 7 seconds
19:00:32 INFO  Executed sudo&lt;tedge_connect_c8y&gt;, exit status 0, duration 13 secs
19:00:33 INFO  Executed sudo&lt;tedge_connect_c8y_test&gt;, exit status 0
19:00:33 INFO  Executed systemctl&lt;serv_mosq2&gt;, exit status 0
19:00:34 INFO  Executed systemctl&lt;serv_mapper3&gt;, exit status 0
19:00:36 INFO  State of current operation: FAILED
19:00:36 WARN  SystemError occurred while running test - The Sofware list is empty !!!
Traceback (most recent call last):
  File "/home/pi/env-pysys/lib/python3.7/site-packages/pysys/baserunner.py", line 1292, in __call__
    self.testObj.setup()
  File "/home/pi/actions-runner/_work/thin-edge.io/thin-edge.io/tests/PySys/software_management_end_to_end/sm_apt_install_remove/run.py", line 28, in setup
    if self.check_is_installed("rolldice"):
  File "/home/pi/actions-runner/_work/thin-edge.io/thin-edge.io/tests/PySys/software_management_end_to_end/environment_sm_management.py", line 399, in check_is_installed
    raise SystemError("The Sofware list is empty !!!")
SystemError: The Sofware list is empty !!!
19:00:36 WARN  SystemError: The Sofware list is empty !!! ... blocked 
19:00:36 INFO  
19:00:36 INFO  cleanup:
19:00:40 INFO  Executed sudo&lt;tedge_disconnect_c8y&gt;, exit status 0
19:00:41 INFO  Executed systemctl&lt;serv_mapper5&gt;, exit status 3
19:00:41 INFO  
19:00:41 INFO  Test duration: 30.08 secs
19:00:41 INFO  Test final outcome:  BLOCKED
19:00:41 INFO  Test outcome reason: SystemError: The Sofware list is empty !!!
19:00:41 INFO  
</system-out>
	</testcase>
<testcase classname="PySysTest" name="SoftwareManagement.sm_apt_install_remove" />
</testsuite><testsuite name="SoftwareManagement.sm_apt_install_remove_default" tests="3" errors="0" failures="1" skipped="1" time="0"><testcase classname="PySysTest" name="SoftwareManagement.sm_apt_install_remove_default">
		<skipped message="SKIPPED: Testing the apt plugin is not supported on this platform.Use parameter -XmyPlatform='container' to enable it" />
		<system-out>18:34:13 INFO  ==============================================================
18:34:13 INFO  Id:    SoftwareManagement.sm_apt_install_remove_default
18:34:13 INFO  Dir:   software_management_end_to_end/
18:34:13 INFO  Title: Validate end to end behaviour for the default plugin for installation and removal of packages
18:34:13 INFO  ==============================================================
18:34:13 INFO  Testing the apt plugin is not supported on this platform.Use parameter -XmyPlatform='container' to enable it ... skipped
18:34:13 WARN  Aborted test due to SKIPPED outcome
18:34:13 INFO  
18:34:13 INFO  Test duration: 0.02 secs
18:34:13 INFO  Test final outcome:  SKIPPED
18:34:13 INFO  Test outcome reason: Testing the apt plugin is not supported on this platform.Use parameter -XmyPlatform='container' to enable it
18:34:13 INFO  
</system-out>
	</testcase>
<testcase classname="PySysTest" name="SoftwareManagement.sm_apt_install_remove_default">
		<failure message="BLOCKED: SystemError: The Sofware list is empty !!!" type="BLOCKED" />
		<system-out>19:00:41 INFO  ==============================================================
19:00:41 INFO  Id:    SoftwareManagement.sm_apt_install_remove_default
19:00:41 INFO  Dir:   software_management_end_to_end/
19:00:41 INFO  Title: Validate end to end behaviour for the default plugin for installation and removal of packages
19:00:41 INFO  ==============================================================
19:00:41 INFO  Using sw id database: {'asciijump': '5475369', 'robotfindskitten': '5474869', 'squirrel3': '5475279', 'rolldice': '5152439', 'moon-buggy': '5439204', 'apple': '5495053', 'banana': '5494888', 'cherry': '5495382', 'watermelon': '5494510', 'registry': '8018911', 'hello-world': '8021526', 'docker/getting-started': '8021973', 'alpine': '7991792'}
19:00:41 INFO  EnvironmentC8y Setup
19:00:42 INFO  Executed systemctl&lt;serv_mapper1&gt;, exit status 3
19:00:42 INFO  Restarting mosquitto too frequently in the last 10 seconds. It was only up for 5 seconds
19:00:42 INFO  Delaying execution by 6 seconds
19:01:01 INFO  Executed sudo&lt;tedge_connect_c8y&gt;, exit status 0, duration 13 secs
19:01:02 INFO  Executed sudo&lt;tedge_connect_c8y_test&gt;, exit status 0
19:01:03 INFO  Executed systemctl&lt;serv_mosq2&gt;, exit status 0
19:01:03 INFO  Executed systemctl&lt;serv_mapper3&gt;, exit status 0
19:01:05 INFO  State of current operation: FAILED
19:01:06 WARN  SystemError occurred while running test - The Sofware list is empty !!!
Traceback (most recent call last):
  File "/home/pi/env-pysys/lib/python3.7/site-packages/pysys/baserunner.py", line 1292, in __call__
    self.testObj.setup()
  File "/home/pi/actions-runner/_work/thin-edge.io/thin-edge.io/tests/PySys/software_management_end_to_end/sm_apt_install_remove_default/run.py", line 27, in setup
    self.assertThat("False == value", value=self.check_is_installed("rolldice"))
  File "/home/pi/actions-runner/_work/thin-edge.io/thin-edge.io/tests/PySys/software_management_end_to_end/environment_sm_management.py", line 399, in check_is_installed
    raise SystemError("The Sofware list is empty !!!")
SystemError: The Sofware list is empty !!!
19:01:06 WARN  SystemError: The Sofware list is empty !!! ... blocked 
19:01:06 INFO  
19:01:06 INFO  cleanup:
19:01:09 INFO  Executed sudo&lt;tedge_disconnect_c8y&gt;, exit status 0
19:01:10 INFO  Executed systemctl&lt;serv_mapper5&gt;, exit status 3
19:01:10 INFO  
19:01:10 INFO  Test duration: 29.18 secs
19:01:10 INFO  Test final outcome:  BLOCKED
19:01:10 INFO  Test outcome reason: SystemError: The Sofware list is empty !!!
19:01:10 INFO  
</system-out>
	</testcase>
<testcase classname="PySysTest" name="SoftwareManagement.sm_apt_install_remove_default" />
</testsuite><testsuite name="SoftwareManagement.sm_apt_install_remove_multiple" tests="3" errors="0" failures="2" skipped="1" time="0"><testcase classname="PySysTest" name="SoftwareManagement.sm_apt_install_remove_multiple">
		<skipped message="SKIPPED: Testing the apt plugin is not supported on this platform.Use parameter -XmyPlatform='container' to enable it" />
		<system-out>18:34:13 INFO  ==============================================================
18:34:13 INFO  Id:    SoftwareManagement.sm_apt_install_remove_multiple
18:34:13 INFO  Dir:   software_management_end_to_end/
18:34:13 INFO  Title: Validate end to end behaviour for the apt plugin for multiple packages
18:34:13 INFO  ==============================================================
18:34:13 INFO  Testing the apt plugin is not supported on this platform.Use parameter -XmyPlatform='container' to enable it ... skipped
18:34:13 WARN  Aborted test due to SKIPPED outcome
18:34:13 INFO  
18:34:13 INFO  Test duration: 0.02 secs
18:34:13 INFO  Test final outcome:  SKIPPED
18:34:13 INFO  Test outcome reason: Testing the apt plugin is not supported on this platform.Use parameter -XmyPlatform='container' to enable it
18:34:13 INFO  
</system-out>
	</testcase>
<testcase classname="PySysTest" name="SoftwareManagement.sm_apt_install_remove_multiple">
		<failure message="BLOCKED: SystemError: The Sofware list is empty !!!" type="BLOCKED" />
		<system-out>19:01:10 INFO  ==============================================================
19:01:10 INFO  Id:    SoftwareManagement.sm_apt_install_remove_multiple
19:01:10 INFO  Dir:   software_management_end_to_end/
19:01:10 INFO  Title: Validate end to end behaviour for the apt plugin for multiple packages
19:01:10 INFO  ==============================================================
19:01:10 INFO  Using sw id database: {'asciijump': '5475369', 'robotfindskitten': '5474869', 'squirrel3': '5475279', 'rolldice': '5152439', 'moon-buggy': '5439204', 'apple': '5495053', 'banana': '5494888', 'cherry': '5495382', 'watermelon': '5494510', 'registry': '8018911', 'hello-world': '8021526', 'docker/getting-started': '8021973', 'alpine': '7991792'}
19:01:10 INFO  EnvironmentC8y Setup
19:01:11 INFO  Executed systemctl&lt;serv_mapper1&gt;, exit status 3
19:01:11 INFO  Restarting mosquitto too frequently in the last 10 seconds. It was only up for 5 seconds
19:01:11 INFO  Delaying execution by 6 seconds
19:01:31 INFO  Executed sudo&lt;tedge_connect_c8y&gt;, exit status 0, duration 13 secs
19:01:31 INFO  Executed sudo&lt;tedge_connect_c8y_test&gt;, exit status 0
19:01:32 INFO  Executed systemctl&lt;serv_mosq2&gt;, exit status 0
19:01:32 INFO  Executed systemctl&lt;serv_mapper3&gt;, exit status 0
19:01:35 INFO  State of current operation: FAILED
19:01:35 WARN  SystemError occurred while running test - The Sofware list is empty !!!
Traceback (most recent call last):
  File "/home/pi/env-pysys/lib/python3.7/site-packages/pysys/baserunner.py", line 1292, in __call__
    self.testObj.setup()
  File "/home/pi/actions-runner/_work/thin-edge.io/thin-edge.io/tests/PySys/software_management_end_to_end/sm_apt_install_remove_multiple/run.py", line 54, in setup
    self.assertThat("False == value", value=self.check_is_installed("rolldice"))
  File "/home/pi/actions-runner/_work/thin-edge.io/thin-edge.io/tests/PySys/software_management_end_to_end/environment_sm_management.py", line 399, in check_is_installed
    raise SystemError("The Sofware list is empty !!!")
SystemError: The Sofware list is empty !!!
19:01:35 WARN  SystemError: The Sofware list is empty !!! ... blocked 
19:01:35 INFO  
19:01:35 INFO  cleanup:
19:01:39 INFO  Executed sudo&lt;tedge_disconnect_c8y&gt;, exit status 0
19:01:39 INFO  Executed systemctl&lt;serv_mapper5&gt;, exit status 3
19:01:39 INFO  
19:01:39 INFO  Test duration: 29.09 secs
19:01:39 INFO  Test final outcome:  BLOCKED
19:01:39 INFO  Test outcome reason: SystemError: The Sofware list is empty !!!
19:01:39 INFO  
</system-out>
	</testcase>
<testcase classname="PySysTest" name="SoftwareManagement.sm_apt_install_remove_multiple">
		<failure message="FAILED: Assert that (False == value) with value=True" type="FAILED" />
		<system-out>19:21:58 INFO  ==============================================================
19:21:58 INFO  Id:    SoftwareManagement.sm_apt_install_remove_multiple
19:21:58 INFO  Dir:   software_management_end_to_end/
19:21:58 INFO  Title: Validate end to end behaviour for the apt plugin for multiple packages
19:21:58 INFO  ==============================================================
19:21:58 INFO  Using sw id database: {'asciijump': '5475369', 'robotfindskitten': '5474869', 'squirrel3': '5475279', 'rolldice': '5152439', 'moon-buggy': '5439204', 'apple': '5495053', 'banana': '5494888', 'cherry': '5495382', 'watermelon': '5494510', 'registry': '8018911', 'hello-world': '8021526', 'docker/getting-started': '8021973', 'alpine': '7991792'}
19:21:58 INFO  EnvironmentC8y Setup
19:21:58 INFO  Executed systemctl&lt;serv_mapper1&gt;, exit status 3
19:21:58 INFO  Restarting mosquitto too frequently in the last 10 seconds. It was only up for 4 seconds
19:21:58 INFO  Delaying execution by 7 seconds
19:22:19 INFO  Executed sudo&lt;tedge_connect_c8y&gt;, exit status 0, duration 13 secs
19:22:20 INFO  Executed sudo&lt;tedge_connect_c8y_test&gt;, exit status 0
19:22:20 INFO  Executed systemctl&lt;serv_mosq2&gt;, exit status 0
19:22:21 INFO  Executed systemctl&lt;serv_mapper3&gt;, exit status 0
19:22:23 INFO  State of current operation: SUCCESSFUL
19:22:23 INFO  Assert that (False == value) with value=False ... passed
19:22:24 INFO  Assert that (False == value) with value=False ... passed
19:22:24 INFO  Assert that (False == value) with value=False ... passed
19:22:24 INFO  Package robotfindskitten is installed
19:22:24 WARN  Assert that (False == value) with value=True ... failed 
19:22:25 INFO  Response status: 201
19:22:25 INFO  Response to action: {
    "creationTime": "2022-07-21T19:22:25.091Z",
    "deviceId": "21166555",
    "deviceName": "m32sd10d",
    "self": "https://t493319102.eu-latest.cumulocity.com/devicecontrol/operations/21172634",
    "id": "21172634",
    "status": "PENDING",
    "description": "Apply software changes, triggered from PySys: [{'action': 'install', 'id': '5475369', 'name': 'asciijump', 'url': ' ', 'version': '::apt'}, {'action': 'install', 'id': '5474869', 'name': 'robotfindskitten', 'url': ' ', 'version': '::apt'}, {'action': 'install', 'id': '5475279', 'name': 'squirrel3', 'url': ' ', 'version': '::apt'}]",
    "c8y_SoftwareUpdate": [
        {
            "name": "asciijump",
            "action": "install",
            "id": "5475369",
            "version": "::apt",
            "url": " "
        },
        {
            "name": "robotfindskitten",
            "action": "install",
            "id": "5474869",
            "version": "::apt",
            "url": " "
        },
        {
            "name": "squirrel3",
            "action": "install",
            "id": "5475279",
            "version": "::apt",
            "url": " "
        }
    ]
}
19:22:25 INFO  Started operation: {'creationTime': '2022-07-21T19:22:25.091Z', 'deviceId': '21166555', 'deviceName': 'm32sd10d', 'self': 'https://t493319102.eu-latest.cumulocity.com/devicecontrol/operations/21172634', 'id': '21172634', 'status': 'PENDING', 'description': "Apply software changes, triggered from PySys: [{'action': 'install', 'id': '5475369', 'name': 'asciijump', 'url': ' ', 'version': '::apt'}, {'action': 'install', 'id': '5474869', 'name': 'robotfindskitten', 'url': ' ', 'version': '::apt'}, {'action': 'install', 'id': '5475279', 'name': 'squirrel3', 'url': ' ', 'version': '::apt'}]", 'c8y_SoftwareUpdate': [{'name': 'asciijump', 'action': 'install', 'id': '5475369', 'version': '::apt', 'url': ' '}, {'name': 'robotfindskitten', 'action': 'install', 'id': '5474869', 'version': '::apt', 'url': ' '}, {'name': 'squirrel3', 'action': 'install', 'id': '5475279', 'version': '::apt', 'url': ' '}]}
19:22:27 INFO  State of operation 21172634 : PENDING
19:22:29 INFO  State of operation 21172634 : EXECUTING
19:22:31 INFO  State of operation 21172634 : EXECUTING
19:22:34 INFO  State of operation 21172634 : EXECUTING
19:22:36 INFO  State of operation 21172634 : EXECUTING
19:22:38 INFO  State of operation 21172634 : EXECUTING
19:22:41 INFO  State of operation 21172634 : EXECUTING
19:22:44 INFO  State of operation 21172634 : EXECUTING
19:22:46 INFO  State of operation 21172634 : EXECUTING
19:22:48 INFO  State of operation 21172634 : EXECUTING
19:22:51 INFO  State of operation 21172634 : EXECUTING
19:22:53 INFO  State of operation 21172634 : EXECUTING
19:22:55 INFO  State of operation 21172634 : EXECUTING
19:22:57 INFO  State of operation 21172634 : EXECUTING
19:23:00 INFO  State of operation 21172634 : EXECUTING
19:23:02 INFO  State of operation 21172634 : EXECUTING
19:23:04 INFO  State of operation 21172634 : EXECUTING
19:23:06 INFO  State of operation 21172634 : EXECUTING
19:23:10 INFO  State of operation 21172634 : EXECUTING
19:23:12 INFO  State of operation 21172634 : EXECUTING
19:23:14 INFO  State of operation 21172634 : EXECUTING
19:23:17 INFO  State of operation 21172634 : EXECUTING
19:23:19 INFO  State of operation 21172634 : EXECUTING
19:23:21 INFO  State of operation 21172634 : EXECUTING
19:23:23 INFO  State of operation 21172634 : EXECUTING
19:23:26 INFO  State of operation 21172634 : EXECUTING
19:23:28 INFO  State of operation 21172634 : EXECUTING
19:23:31 INFO  State of operation 21172634 : EXECUTING
19:23:33 INFO  State of operation 21172634 : EXECUTING
19:23:35 INFO  State of operation 21172634 : EXECUTING
19:23:38 INFO  State of operation 21172634 : EXECUTING
19:23:40 INFO  State of operation 21172634 : EXECUTING
19:23:42 INFO  State of operation 21172634 : EXECUTING
19:23:44 INFO  State of operation 21172634 : EXECUTING
19:23:46 INFO  State of operation 21172634 : SUCCESSFUL
19:23:47 INFO  Assert that (False == value) with value=False ... passed
19:23:47 INFO  Package asciijump is installed
19:23:47 INFO  Assert that (True == value) with value=True ... passed
19:23:47 INFO  Package squirrel3 is installed
19:23:47 INFO  Assert that (True == value) with value=True ... passed
19:23:48 INFO  Package robotfindskitten is installed
19:23:48 INFO  Assert that (True == value) with value=True ... passed
19:23:48 INFO  Response status: 201
19:23:48 INFO  Response to action: {
    "creationTime": "2022-07-21T19:23:48.202Z",
    "deviceId": "21166555",
    "deviceName": "m32sd10d",
    "self": "https://t493319102.eu-latest.cumulocity.com/devicecontrol/operations/21172640",
    "id": "21172640",
    "status": "PENDING",
    "description": "Apply software changes, triggered from PySys: [{'action': 'delete', 'id': '5475369', 'name': 'asciijump', 'url': ' ', 'version': '::apt'}, {'action': 'delete', 'id': '5474869', 'name': 'robotfindskitten', 'url': ' ', 'version': '::apt'}, {'action': 'delete', 'id': '5475279', 'name': 'squirrel3', 'url': ' ', 'version': '::apt'}]",
    "c8y_SoftwareUpdate": [
        {
            "name": "asciijump",
            "action": "delete",
            "id": "5475369",
            "version": "::apt",
            "url": " "
        },
        {
            "name": "robotfindskitten",
            "action": "delete",
            "id": "5474869",
            "version": "::apt",
            "url": " "
        },
        {
            "name": "squirrel3",
            "action": "delete",
            "id": "5475279",
            "version": "::apt",
            "url": " "
        }
    ]
}
19:23:48 INFO  Started operation: {'creationTime': '2022-07-21T19:23:48.202Z', 'deviceId': '21166555', 'deviceName': 'm32sd10d', 'self': 'https://t493319102.eu-latest.cumulocity.com/devicecontrol/operations/21172640', 'id': '21172640', 'status': 'PENDING', 'description': "Apply software changes, triggered from PySys: [{'action': 'delete', 'id': '5475369', 'name': 'asciijump', 'url': ' ', 'version': '::apt'}, {'action': 'delete', 'id': '5474869', 'name': 'robotfindskitten', 'url': ' ', 'version': '::apt'}, {'action': 'delete', 'id': '5475279', 'name': 'squirrel3', 'url': ' ', 'version': '::apt'}]", 'c8y_SoftwareUpdate': [{'name': 'asciijump', 'action': 'delete', 'id': '5475369', 'version': '::apt', 'url': ' '}, {'name': 'robotfindskitten', 'action': 'delete', 'id': '5474869', 'version': '::apt', 'url': ' '}, {'name': 'squirrel3', 'action': 'delete', 'id': '5475279', 'version': '::apt', 'url': ' '}]}
19:23:50 INFO  State of operation 21172640 : PENDING
19:23:52 INFO  State of operation 21172640 : EXECUTING
19:23:54 INFO  State of operation 21172640 : EXECUTING
19:23:57 INFO  State of operation 21172640 : EXECUTING
19:23:59 INFO  State of operation 21172640 : EXECUTING
19:24:01 INFO  State of operation 21172640 : EXECUTING
19:24:04 INFO  State of operation 21172640 : EXECUTING
19:24:07 INFO  State of operation 21172640 : EXECUTING
19:24:09 INFO  State of operation 21172640 : EXECUTING
19:24:12 INFO  State of operation 21172640 : EXECUTING
19:24:14 INFO  State of operation 21172640 : EXECUTING
19:24:16 INFO  State of operation 21172640 : EXECUTING
19:24:18 INFO  State of operation 21172640 : EXECUTING
19:24:21 INFO  State of operation 21172640 : EXECUTING
19:24:23 INFO  State of operation 21172640 : EXECUTING
19:24:25 INFO  State of operation 21172640 : EXECUTING
19:24:27 INFO  State of operation 21172640 : EXECUTING
19:24:30 INFO  State of operation 21172640 : EXECUTING
19:24:33 INFO  State of operation 21172640 : EXECUTING
19:24:35 INFO  State of operation 21172640 : EXECUTING
19:24:37 INFO  State of operation 21172640 : EXECUTING
19:24:39 INFO  State of operation 21172640 : EXECUTING
19:24:42 INFO  State of operation 21172640 : EXECUTING
19:24:44 INFO  State of operation 21172640 : EXECUTING
19:24:47 INFO  State of operation 21172640 : EXECUTING
19:24:49 INFO  State of operation 21172640 : EXECUTING
19:24:51 INFO  State of operation 21172640 : EXECUTING
19:24:53 INFO  State of operation 21172640 : EXECUTING
19:24:56 INFO  State of operation 21172640 : SUCCESSFUL
19:24:56 INFO  Assert that (False == value) with value=False ... passed
19:24:56 INFO  Assert that (False == value) with value=False ... passed
19:24:56 INFO  Assert that (False == value) with value=False ... passed
19:24:56 INFO  Assert that (False == value) with value=False ... passed
19:24:56 INFO  
19:24:56 INFO  cleanup:
19:25:01 INFO  Executed sudo&lt;tedge_disconnect_c8y&gt;, exit status 0
19:25:01 INFO  Executed systemctl&lt;serv_mapper5&gt;, exit status 3
19:25:01 INFO  
19:25:01 INFO  Test duration: 183.36 secs
19:25:01 INFO  Test final outcome:  FAILED
19:25:01 INFO  Test outcome reason: Assert that (False == value) with value=True
19:25:01 INFO  
</system-out>
	</testcase>
</testsuite><testsuite name="SoftwareManagement.sm_apt_install_remove_multiple_mixed" tests="3" errors="0" failures="2" skipped="1" time="0"><testcase classname="PySysTest" name="SoftwareManagement.sm_apt_install_remove_multiple_mixed">
		<skipped message="SKIPPED: Testing the apt plugin is not supported on this platform.Use parameter -XmyPlatform='container' to enable it" />
		<system-out>18:34:13 INFO  ==============================================================
18:34:13 INFO  Id:    SoftwareManagement.sm_apt_install_remove_multiple_mixed
18:34:13 INFO  Dir:   software_management_end_to_end/
18:34:13 INFO  Title: Validate end to end behaviour for the apt plugin for multiple packages with mixed versions
18:34:13 INFO  ==============================================================
18:34:13 INFO  Testing the apt plugin is not supported on this platform.Use parameter -XmyPlatform='container' to enable it ... skipped
18:34:13 WARN  Aborted test due to SKIPPED outcome
18:34:13 INFO  
18:34:13 INFO  Test duration: 0.02 secs
18:34:13 INFO  Test final outcome:  SKIPPED
18:34:13 INFO  Test outcome reason: Testing the apt plugin is not supported on this platform.Use parameter -XmyPlatform='container' to enable it
18:34:13 INFO  
</system-out>
	</testcase>
<testcase classname="PySysTest" name="SoftwareManagement.sm_apt_install_remove_multiple_mixed">
		<failure message="BLOCKED: SystemError: The Sofware list is empty !!!" type="BLOCKED" />
		<system-out>19:01:39 INFO  ==============================================================
19:01:39 INFO  Id:    SoftwareManagement.sm_apt_install_remove_multiple_mixed
19:01:39 INFO  Dir:   software_management_end_to_end/
19:01:39 INFO  Title: Validate end to end behaviour for the apt plugin for multiple packages with mixed versions
19:01:39 INFO  ==============================================================
19:01:39 INFO  Using sw id database: {'asciijump': '5475369', 'robotfindskitten': '5474869', 'squirrel3': '5475279', 'rolldice': '5152439', 'moon-buggy': '5439204', 'apple': '5495053', 'banana': '5494888', 'cherry': '5495382', 'watermelon': '5494510', 'registry': '8018911', 'hello-world': '8021526', 'docker/getting-started': '8021973', 'alpine': '7991792'}
19:01:39 INFO  EnvironmentC8y Setup
19:01:40 INFO  Executed systemctl&lt;serv_mapper1&gt;, exit status 3
19:01:40 INFO  Restarting mosquitto too frequently in the last 10 seconds. It was only up for 5 seconds
19:01:40 INFO  Delaying execution by 6 seconds
19:02:01 INFO  Executed sudo&lt;tedge_connect_c8y&gt;, exit status 0, duration 14 secs
19:02:01 INFO  Executed sudo&lt;tedge_connect_c8y_test&gt;, exit status 0
19:02:02 INFO  Executed systemctl&lt;serv_mosq2&gt;, exit status 0
19:02:02 INFO  Executed systemctl&lt;serv_mapper3&gt;, exit status 0
19:02:04 INFO  State of current operation: FAILED
19:02:05 WARN  SystemError occurred while running test - The Sofware list is empty !!!
Traceback (most recent call last):
  File "/home/pi/env-pysys/lib/python3.7/site-packages/pysys/baserunner.py", line 1292, in __call__
    self.testObj.setup()
  File "/home/pi/actions-runner/_work/thin-edge.io/thin-edge.io/tests/PySys/software_management_end_to_end/sm_apt_install_remove_multiple_mixed/run.py", line 75, in setup
    self.assertThat("False == value", value=self.check_is_installed("asciijump"))
  File "/home/pi/actions-runner/_work/thin-edge.io/thin-edge.io/tests/PySys/software_management_end_to_end/environment_sm_management.py", line 399, in check_is_installed
    raise SystemError("The Sofware list is empty !!!")
SystemError: The Sofware list is empty !!!
19:02:05 WARN  SystemError: The Sofware list is empty !!! ... blocked 
19:02:05 INFO  
19:02:05 INFO  cleanup:
19:02:09 INFO  Executed sudo&lt;tedge_disconnect_c8y&gt;, exit status 0
19:02:09 INFO  Executed systemctl&lt;serv_mapper5&gt;, exit status 3
19:02:09 INFO  
19:02:09 INFO  Test duration: 29.99 secs
19:02:09 INFO  Test final outcome:  BLOCKED
19:02:09 INFO  Test outcome reason: SystemError: The Sofware list is empty !!!
19:02:09 INFO  
</system-out>
	</testcase>
<testcase classname="PySysTest" name="SoftwareManagement.sm_apt_install_remove_multiple_mixed">
		<failure message="BLOCKED: SystemError: Timeout while waiting for status SUCCESSFUL or False" type="BLOCKED" />
		<system-out>19:25:01 INFO  ==============================================================
19:25:01 INFO  Id:    SoftwareManagement.sm_apt_install_remove_multiple_mixed
19:25:01 INFO  Dir:   software_management_end_to_end/
19:25:01 INFO  Title: Validate end to end behaviour for the apt plugin for multiple packages with mixed versions
19:25:01 INFO  ==============================================================
19:25:01 INFO  Using sw id database: {'asciijump': '5475369', 'robotfindskitten': '5474869', 'squirrel3': '5475279', 'rolldice': '5152439', 'moon-buggy': '5439204', 'apple': '5495053', 'banana': '5494888', 'cherry': '5495382', 'watermelon': '5494510', 'registry': '8018911', 'hello-world': '8021526', 'docker/getting-started': '8021973', 'alpine': '7991792'}
19:25:01 INFO  EnvironmentC8y Setup
19:25:02 INFO  Executed systemctl&lt;serv_mapper1&gt;, exit status 3
19:25:02 INFO  Restarting mosquitto too frequently in the last 10 seconds. It was only up for 5 seconds
19:25:02 INFO  Delaying execution by 6 seconds
19:25:22 INFO  Executed sudo&lt;tedge_connect_c8y&gt;, exit status 0, duration 13 secs
19:25:22 INFO  Executed sudo&lt;tedge_connect_c8y_test&gt;, exit status 0
19:25:23 INFO  Executed systemctl&lt;serv_mosq2&gt;, exit status 0
19:25:23 INFO  Executed systemctl&lt;serv_mapper3&gt;, exit status 0
19:25:26 INFO  State of current operation: SUCCESSFUL
19:25:26 INFO  Assert that (False == value) with value=False ... passed
19:25:26 INFO  Assert that (False == value) with value=False ... passed
19:25:27 INFO  Assert that (False == value) with value=False ... passed
19:25:27 INFO  Assert that (False == value) with value=False ... passed
19:25:27 INFO  Assert that (False == value) with value=False ... passed
19:25:28 INFO  Response status: 201
19:25:28 INFO  Response to action: {
    "creationTime": "2022-07-21T19:25:28.803Z",
    "deviceId": "21166555",
    "deviceName": "m32sd10d",
    "self": "https://t493319102.eu-latest.cumulocity.com/devicecontrol/operations/21172648",
    "id": "21172648",
    "status": "PENDING",
    "description": "Apply software changes, triggered from PySys: [{'action': 'install', 'id': '5475369', 'name': 'asciijump', 'url': ' ', 'version': '::apt'}, {'action': 'install', 'id': '5474869', 'name': 'robotfindskitten', 'url': ' ', 'version': ' '}, {'action': 'install', 'id': '5475279', 'name': 'squirrel3', 'url': ' ', 'version': '3.1-7::apt'}, {'action': 'install', 'id': '5152439', 'name': 'rolldice', 'url': ' ', 'version': '1.16-1+b1'}, {'action': 'install', 'id': '5439204', 'name': 'moon-buggy', 'url': ' ', 'version': '1:1.0.51-12'}, {'action': 'install', 'id': '5475369', 'name': 'asciijump', 'url': ' ', 'version': '::apt'}]",
    "c8y_SoftwareUpdate": [
        {
            "name": "asciijump",
            "action": "install",
            "id": "5475369",
            "version": "::apt",
            "url": " "
        },
        {
            "name": "robotfindskitten",
            "action": "install",
            "id": "5474869",
            "version": " ",
            "url": " "
        },
        {
            "name": "squirrel3",
            "action": "install",
            "id": "5475279",
            "version": "3.1-7::apt",
            "url": " "
        },
        {
            "name": "rolldice",
            "action": "install",
            "id": "5152439",
            "version": "1.16-1+b1",
            "url": " "
        },
        {
            "name": "moon-buggy",
            "action": "install",
            "id": "5439204",
            "version": "1:1.0.51-12",
            "url": " "
        },
        {
            "name": "asciijump",
            "action": "install",
            "id": "5475369",
            "version": "::apt",
            "url": " "
        }
    ]
}
19:25:28 INFO  Started operation: {'creationTime': '2022-07-21T19:25:28.803Z', 'deviceId': '21166555', 'deviceName': 'm32sd10d', 'self': 'https://t493319102.eu-latest.cumulocity.com/devicecontrol/operations/21172648', 'id': '21172648', 'status': 'PENDING', 'description': "Apply software changes, triggered from PySys: [{'action': 'install', 'id': '5475369', 'name': 'asciijump', 'url': ' ', 'version': '::apt'}, {'action': 'install', 'id': '5474869', 'name': 'robotfindskitten', 'url': ' ', 'version': ' '}, {'action': 'install', 'id': '5475279', 'name': 'squirrel3', 'url': ' ', 'version': '3.1-7::apt'}, {'action': 'install', 'id': '5152439', 'name': 'rolldice', 'url': ' ', 'version': '1.16-1+b1'}, {'action': 'install', 'id': '5439204', 'name': 'moon-buggy', 'url': ' ', 'version': '1:1.0.51-12'}, {'action': 'install', 'id': '5475369', 'name': 'asciijump', 'url': ' ', 'version': '::apt'}]", 'c8y_SoftwareUpdate': [{'name': 'asciijump', 'action': 'install', 'id': '5475369', 'version': '::apt', 'url': ' '}, {'name': 'robotfindskitten', 'action': 'install', 'id': '5474869', 'version': ' ', 'url': ' '}, {'name': 'squirrel3', 'action': 'install', 'id': '5475279', 'version': '3.1-7::apt', 'url': ' '}, {'name': 'rolldice', 'action': 'install', 'id': '5152439', 'version': '1.16-1+b1', 'url': ' '}, {'name': 'moon-buggy', 'action': 'install', 'id': '5439204', 'version': '1:1.0.51-12', 'url': ' '}, {'name': 'asciijump', 'action': 'install', 'id': '5475369', 'version': '::apt', 'url': ' '}]}
19:25:31 INFO  State of operation 21172648 : PENDING
19:25:33 INFO  State of operation 21172648 : EXECUTING
19:25:35 INFO  State of operation 21172648 : EXECUTING
19:25:37 INFO  State of operation 21172648 : EXECUTING
19:25:39 INFO  State of operation 21172648 : EXECUTING
19:25:42 INFO  State of operation 21172648 : EXECUTING
19:25:44 INFO  State of operation 21172648 : EXECUTING
19:25:47 INFO  State of operation 21172648 : EXECUTING
19:25:50 INFO  State of operation 21172648 : EXECUTING
19:25:52 INFO  State of operation 21172648 : EXECUTING
19:25:54 INFO  State of operation 21172648 : EXECUTING
19:25:57 INFO  State of operation 21172648 : EXECUTING
19:25:59 INFO  State of operation 21172648 : EXECUTING
19:26:01 INFO  State of operation 21172648 : EXECUTING
19:26:03 INFO  State of operation 21172648 : EXECUTING
19:26:06 INFO  State of operation 21172648 : EXECUTING
19:26:08 INFO  State of operation 21172648 : EXECUTING
19:26:11 INFO  State of operation 21172648 : EXECUTING
19:26:13 INFO  State of operation 21172648 : EXECUTING
19:26:15 INFO  State of operation 21172648 : EXECUTING
19:26:18 INFO  State of operation 21172648 : EXECUTING
19:26:20 INFO  State of operation 21172648 : EXECUTING
19:26:23 INFO  State of operation 21172648 : EXECUTING
19:26:25 INFO  State of operation 21172648 : EXECUTING
19:26:28 INFO  State of operation 21172648 : EXECUTING
19:26:30 INFO  State of operation 21172648 : EXECUTING
19:26:33 INFO  State of operation 21172648 : EXECUTING
19:26:35 INFO  State of operation 21172648 : EXECUTING
19:26:38 INFO  State of operation 21172648 : EXECUTING
19:26:40 INFO  State of operation 21172648 : EXECUTING
19:26:42 INFO  State of operation 21172648 : EXECUTING
19:26:44 INFO  State of operation 21172648 : EXECUTING
19:26:47 INFO  State of operation 21172648 : EXECUTING
19:26:49 INFO  State of operation 21172648 : EXECUTING
19:26:51 INFO  State of operation 21172648 : EXECUTING
19:26:53 INFO  State of operation 21172648 : EXECUTING
19:26:56 INFO  State of operation 21172648 : EXECUTING
19:26:58 INFO  State of operation 21172648 : EXECUTING
19:27:01 INFO  State of operation 21172648 : EXECUTING
19:27:03 INFO  State of operation 21172648 : EXECUTING
19:27:06 INFO  State of operation 21172648 : EXECUTING
19:27:08 INFO  State of operation 21172648 : EXECUTING
19:27:10 INFO  State of operation 21172648 : EXECUTING
19:27:12 INFO  State of operation 21172648 : EXECUTING
19:27:15 INFO  State of operation 21172648 : EXECUTING
19:27:17 INFO  State of operation 21172648 : EXECUTING
19:27:19 INFO  State of operation 21172648 : EXECUTING
19:27:22 INFO  State of operation 21172648 : EXECUTING
19:27:24 INFO  State of operation 21172648 : EXECUTING
19:27:27 INFO  State of operation 21172648 : EXECUTING
19:27:29 INFO  State of operation 21172648 : EXECUTING
19:27:31 INFO  State of operation 21172648 : EXECUTING
19:27:34 INFO  State of operation 21172648 : EXECUTING
19:27:36 INFO  State of operation 21172648 : EXECUTING
19:27:39 INFO  State of operation 21172648 : EXECUTING
19:27:41 INFO  State of operation 21172648 : EXECUTING
19:27:43 INFO  State of operation 21172648 : EXECUTING
19:27:46 INFO  State of operation 21172648 : EXECUTING
19:27:48 INFO  State of operation 21172648 : EXECUTING
19:27:50 INFO  State of operation 21172648 : EXECUTING
19:27:52 INFO  State of operation 21172648 : EXECUTING
19:27:54 WARN  SystemError occurred while running test - Timeout while waiting for status SUCCESSFUL or False
Traceback (most recent call last):
  File "/home/pi/env-pysys/lib/python3.7/site-packages/pysys/baserunner.py", line 1294, in __call__
    self.testObj.execute()
  File "/home/pi/actions-runner/_work/thin-edge.io/thin-edge.io/tests/PySys/software_management_end_to_end/sm_apt_install_remove_multiple_mixed/run.py", line 89, in execute
    self.wait_until_succcess()
  File "/home/pi/actions-runner/_work/thin-edge.io/thin-edge.io/tests/PySys/software_management_end_to_end/environment_sm_management.py", line 324, in wait_until_succcess
    self.wait_until_status("SUCCESSFUL")
  File "/home/pi/actions-runner/_work/thin-edge.io/thin-edge.io/tests/PySys/software_management_end_to_end/environment_sm_management.py", line 381, in wait_until_status
    "Timeout while waiting for status %s or %s" % (status, status2)
SystemError: Timeout while waiting for status SUCCESSFUL or False
19:27:55 WARN  SystemError: Timeout while waiting for status SUCCESSFUL or False ... blocked 
19:27:55 INFO  
19:27:55 INFO  cleanup:
19:28:01 INFO  Executed sudo&lt;tedge_disconnect_c8y&gt;, exit status 0
19:28:01 INFO  Executed systemctl&lt;serv_mapper5&gt;, exit status 3
19:28:01 INFO  
19:28:01 INFO  Test duration: 180.28 secs
19:28:01 INFO  Test final outcome:  BLOCKED
19:28:01 INFO  Test outcome reason: SystemError: Timeout while waiting for status SUCCESSFUL or False
19:28:01 INFO  
</system-out>
	</testcase>
</testsuite><testsuite name="SoftwareManagement.sm_apt_install_remove_with_version" tests="3" errors="0" failures="1" skipped="1" time="0"><testcase classname="PySysTest" name="SoftwareManagement.sm_apt_install_remove_with_version">
		<skipped message="SKIPPED: Testing the apt plugin is not supported on this platform.Use parameter -XmyPlatform='container' to enable it" />
		<system-out>18:34:13 INFO  ==============================================================
18:34:13 INFO  Id:    SoftwareManagement.sm_apt_install_remove_with_version
18:34:13 INFO  Dir:   software_management_end_to_end/
18:34:13 INFO  Title: Validate end to end behaviour for the apt plugin for packages with version
18:34:13 INFO  ==============================================================
18:34:13 INFO  Testing the apt plugin is not supported on this platform.Use parameter -XmyPlatform='container' to enable it ... skipped
18:34:13 WARN  Aborted test due to SKIPPED outcome
18:34:13 INFO  
18:34:13 INFO  Test duration: 0.02 secs
18:34:13 INFO  Test final outcome:  SKIPPED
18:34:13 INFO  Test outcome reason: Testing the apt plugin is not supported on this platform.Use parameter -XmyPlatform='container' to enable it
18:34:13 INFO  
</system-out>
	</testcase>
<testcase classname="PySysTest" name="SoftwareManagement.sm_apt_install_remove_with_version">
		<failure message="BLOCKED: SystemError: The Sofware list is empty !!!" type="BLOCKED" />
		<system-out>19:02:09 INFO  ==============================================================
19:02:09 INFO  Id:    SoftwareManagement.sm_apt_install_remove_with_version
19:02:09 INFO  Dir:   software_management_end_to_end/
19:02:09 INFO  Title: Validate end to end behaviour for the apt plugin for packages with version
19:02:09 INFO  ==============================================================
19:02:09 INFO  Using sw id database: {'asciijump': '5475369', 'robotfindskitten': '5474869', 'squirrel3': '5475279', 'rolldice': '5152439', 'moon-buggy': '5439204', 'apple': '5495053', 'banana': '5494888', 'cherry': '5495382', 'watermelon': '5494510', 'registry': '8018911', 'hello-world': '8021526', 'docker/getting-started': '8021973', 'alpine': '7991792'}
19:02:09 INFO  EnvironmentC8y Setup
19:02:10 INFO  Executed systemctl&lt;serv_mapper1&gt;, exit status 3
19:02:10 INFO  Restarting mosquitto too frequently in the last 10 seconds. It was only up for 5 seconds
19:02:10 INFO  Delaying execution by 6 seconds
19:02:30 INFO  Executed sudo&lt;tedge_connect_c8y&gt;, exit status 0, duration 13 secs
19:02:31 INFO  Executed sudo&lt;tedge_connect_c8y_test&gt;, exit status 0
19:02:31 INFO  Executed systemctl&lt;serv_mosq2&gt;, exit status 0
19:02:32 INFO  Executed systemctl&lt;serv_mapper3&gt;, exit status 0
19:02:34 INFO  State of current operation: FAILED
19:02:34 WARN  SystemError occurred while running test - The Sofware list is empty !!!
Traceback (most recent call last):
  File "/home/pi/env-pysys/lib/python3.7/site-packages/pysys/baserunner.py", line 1292, in __call__
    self.testObj.setup()
  File "/home/pi/actions-runner/_work/thin-edge.io/thin-edge.io/tests/PySys/software_management_end_to_end/sm_apt_install_remove_with_version/run.py", line 29, in setup
    self.assertThat("False == value", value=self.check_is_installed("rolldice"))
  File "/home/pi/actions-runner/_work/thin-edge.io/thin-edge.io/tests/PySys/software_management_end_to_end/environment_sm_management.py", line 399, in check_is_installed
    raise SystemError("The Sofware list is empty !!!")
SystemError: The Sofware list is empty !!!
19:02:34 WARN  SystemError: The Sofware list is empty !!! ... blocked 
19:02:34 INFO  
19:02:34 INFO  cleanup:
19:02:38 INFO  Executed sudo&lt;tedge_disconnect_c8y&gt;, exit status 0
19:02:38 INFO  Executed systemctl&lt;serv_mapper5&gt;, exit status 3
19:02:38 INFO  
19:02:38 INFO  Test duration: 29.05 secs
19:02:38 INFO  Test final outcome:  BLOCKED
19:02:38 INFO  Test outcome reason: SystemError: The Sofware list is empty !!!
19:02:38 INFO  
</system-out>
	</testcase>
<testcase classname="PySysTest" name="SoftwareManagement.sm_apt_install_remove_with_version" />
</testsuite><testsuite name="SoftwareManagement.sm_docker_install_remove_multiple" tests="3" errors="0" failures="0" skipped="1" time="0"><testcase classname="SMDockerInstallRemove" name="SoftwareManagement.sm_docker_install_remove_multiple">
		<skipped message="SKIPPED: Testing the apt plugin is not supported on this platform.Use parameter -XmyPlatform='container' to enable it" />
		<system-out>18:34:13 INFO  ==============================================================
18:34:13 INFO  Id:    SoftwareManagement.sm_docker_install_remove_multiple
18:34:13 INFO  Dir:   software_management_end_to_end/
18:34:13 INFO  Title: Validate end to end behaviour for the docker plugin for multiple docker images with mixed versions
18:34:13 INFO  ==============================================================
18:34:13 INFO  Testing the apt plugin is not supported on this platform.Use parameter -XmyPlatform='container' to enable it ... skipped
18:34:13 WARN  Aborted test due to SKIPPED outcome
18:34:13 INFO  
18:34:13 INFO  Test duration: 0.02 secs
18:34:13 INFO  Test final outcome:  SKIPPED
18:34:13 INFO  Test outcome reason: Testing the apt plugin is not supported on this platform.Use parameter -XmyPlatform='container' to enable it
18:34:13 INFO  
</system-out>
	</testcase>
<testcase classname="SMDockerInstallRemove" name="SoftwareManagement.sm_docker_install_remove_multiple" />
<testcase classname="SMDockerInstallRemove" name="SoftwareManagement.sm_docker_install_remove_multiple" />
</testsuite><testsuite name="SoftwareManagement.sm_fake_install_remove" tests="2" errors="0" failures="0" skipped="1" time="0"><testcase classname="PySysTest" name="SoftwareManagement.sm_fake_install_remove">
		<skipped message="SKIPPED: Testing the fake plugin is not enabled.Use parameter -Xfakeplugin=fakeplugin to enable it" />
		<system-out>18:34:13 INFO  ==============================================================
18:34:13 INFO  Id:    SoftwareManagement.sm_fake_install_remove
18:34:13 INFO  Dir:   software_management_end_to_end/
18:34:13 INFO  Title: Validate end to end behaviour for the dummy plugin for installation and removal of packages
18:34:13 INFO  ==============================================================
18:34:13 INFO  Testing the fake plugin is not enabled.Use parameter -Xfakeplugin=fakeplugin to enable it ... skipped
18:34:13 WARN  Aborted test due to SKIPPED outcome
18:34:13 INFO  
18:34:13 INFO  Test duration: 0.02 secs
18:34:13 INFO  Test final outcome:  SKIPPED
18:34:13 INFO  Test outcome reason: Testing the fake plugin is not enabled.Use parameter -Xfakeplugin=fakeplugin to enable it
18:34:13 INFO  
</system-out>
	</testcase>
<testcase classname="PySysTest" name="SoftwareManagement.sm_fake_install_remove" />
</testsuite><testsuite name="SoftwareManagement.sm_fake_install_remove_multiple" tests="2" errors="0" failures="0" skipped="1" time="0"><testcase classname="PySysTest" name="SoftwareManagement.sm_fake_install_remove_multiple">
		<skipped message="SKIPPED: Testing the fake plugin is not enabled.Use parameter -Xfakeplugin=fakeplugin to enable it" />
		<system-out>18:34:13 INFO  ==============================================================
18:34:13 INFO  Id:    SoftwareManagement.sm_fake_install_remove_multiple
18:34:13 INFO  Dir:   software_management_end_to_end/
18:34:13 INFO  Title: Validate end to end behaviour for the dummy-plugin for multiple packages
18:34:13 INFO  ==============================================================
18:34:13 INFO  Testing the fake plugin is not enabled.Use parameter -Xfakeplugin=fakeplugin to enable it ... skipped
18:34:13 WARN  Aborted test due to SKIPPED outcome
18:34:13 INFO  
18:34:13 INFO  Test duration: 0.02 secs
18:34:13 INFO  Test final outcome:  SKIPPED
18:34:13 INFO  Test outcome reason: Testing the fake plugin is not enabled.Use parameter -Xfakeplugin=fakeplugin to enable it
18:34:13 INFO  
</system-out>
	</testcase>
<testcase classname="PySysTest" name="SoftwareManagement.sm_fake_install_remove_multiple" />
</testsuite><testsuite name="SoftwareManagement.sm_mapper_fail_and_reconnect" tests="2" errors="0" failures="0" skipped="2" time="0"><testcase classname="MapperC8yReceiveLastMessageOnRestart" name="SoftwareManagement.sm_mapper_fail_and_reconnect">
		<skipped message="SKIPPED: instable https://github.com/thin-edge/thin-edge.io/issues/752" />
		<system-out>18:34:13 INFO  ==============================================================
18:34:13 INFO  Id:    SoftwareManagement.sm_mapper_fail_and_reconnect
18:34:13 INFO  Dir:   software_management_end_to_end/
18:34:13 INFO  Title: Validate the tedge-mapper-sm-c8y for receiving the last message on restart
18:34:13 INFO  ==============================================================
18:34:13 INFO  instable https://github.com/thin-edge/thin-edge.io/issues/752 ... skipped
18:34:13 INFO  
18:34:13 INFO  Test duration: 0.02 secs
18:34:13 INFO  Test final outcome:  SKIPPED
18:34:13 INFO  Test outcome reason: instable https://github.com/thin-edge/thin-edge.io/issues/752
18:34:13 INFO  
</system-out>
	</testcase>
<testcase classname="MapperC8yReceiveLastMessageOnRestart" name="SoftwareManagement.sm_mapper_fail_and_reconnect">
		<skipped message="SKIPPED: instable https://github.com/thin-edge/thin-edge.io/issues/752" />
		<system-out>19:34:45 INFO  ==============================================================
19:34:45 INFO  Id:    SoftwareManagement.sm_mapper_fail_and_reconnect
19:34:45 INFO  Dir:   software_management_end_to_end/
19:34:45 INFO  Title: Validate the tedge-mapper-sm-c8y for receiving the last message on restart
19:34:45 INFO  ==============================================================
19:34:45 INFO  instable https://github.com/thin-edge/thin-edge.io/issues/752 ... skipped
19:34:45 INFO  
19:34:45 INFO  Test duration: 0.03 secs
19:34:45 INFO  Test final outcome:  SKIPPED
19:34:45 INFO  Test outcome reason: instable https://github.com/thin-edge/thin-edge.io/issues/752
19:34:45 INFO  
</system-out>
	</testcase>
</testsuite><testsuite name="SoftwareManagement.sm_mixed_install_remove_multiple" tests="2" errors="0" failures="1" skipped="1" time="0"><testcase classname="PySysTest" name="SoftwareManagement.sm_mixed_install_remove_multiple">
		<skipped message="SKIPPED: Testing the fake plugin is not enabled.Use parameter -Xfakeplugin=fakeplugin to enable it" />
		<system-out>18:34:13 INFO  ==============================================================
18:34:13 INFO  Id:    SoftwareManagement.sm_mixed_install_remove_multiple
18:34:13 INFO  Dir:   software_management_end_to_end/
18:34:13 INFO  Title: Validate end to end behaviour for the dummy-plugin for multiple packages with mixed versions
18:34:13 INFO  ==============================================================
18:34:13 INFO  Testing the fake plugin is not enabled.Use parameter -Xfakeplugin=fakeplugin to enable it ... skipped
18:34:13 WARN  Aborted test due to SKIPPED outcome
18:34:13 INFO  
18:34:13 INFO  Test duration: 0.03 secs
18:34:13 INFO  Test final outcome:  SKIPPED
18:34:13 INFO  Test outcome reason: Testing the fake plugin is not enabled.Use parameter -Xfakeplugin=fakeplugin to enable it
18:34:13 INFO  
</system-out>
	</testcase>
<testcase classname="PySysTest" name="SoftwareManagement.sm_mixed_install_remove_multiple">
		<failure message="FAILED: Assert that (False == value) with value=True" type="FAILED" />
		<system-out>19:34:45 INFO  ==============================================================
19:34:45 INFO  Id:    SoftwareManagement.sm_mixed_install_remove_multiple
19:34:45 INFO  Dir:   software_management_end_to_end/
19:34:45 INFO  Title: Validate end to end behaviour for the dummy-plugin for multiple packages with mixed versions
19:34:45 INFO  ==============================================================
19:34:45 INFO  Using sw id database: {'asciijump': '5475369', 'robotfindskitten': '5474869', 'squirrel3': '5475279', 'rolldice': '5152439', 'moon-buggy': '5439204', 'apple': '5495053', 'banana': '5494888', 'cherry': '5495382', 'watermelon': '5494510', 'registry': '8018911', 'hello-world': '8021526', 'docker/getting-started': '8021973', 'alpine': '7991792'}
19:34:45 INFO  EnvironmentC8y Setup
19:34:46 INFO  Executed systemctl&lt;serv_mapper1&gt;, exit status 3
19:34:46 INFO  Restarting mosquitto too frequently in the last 10 seconds. It was only up for 5 seconds
19:34:46 INFO  Delaying execution by 6 seconds
19:35:06 INFO  Executed sudo&lt;tedge_connect_c8y&gt;, exit status 0, duration 13 secs
19:35:06 INFO  Executed sudo&lt;tedge_connect_c8y_test&gt;, exit status 0
19:35:07 INFO  Executed systemctl&lt;serv_mosq2&gt;, exit status 0
19:35:07 INFO  Executed systemctl&lt;serv_mapper3&gt;, exit status 0
19:35:09 INFO  State of current operation: SUCCESSFUL
19:35:10 INFO  Package apple is installed
19:35:10 INFO  Assert that (True == value) with value=True ... passed
19:35:10 INFO  Package banana is installed
19:35:10 INFO  Assert that (True == value) with value=True ... passed
19:35:10 INFO  Package cherry is installed
19:35:10 INFO  Assert that (True == value) with value=True ... passed
19:35:10 INFO  Package asciijump is installed
19:35:10 WARN  Assert that (False == value) with value=True ... failed 
19:35:11 INFO  Assert that (False == value) with value=False ... passed
19:35:11 INFO  Response status: 201
19:35:11 INFO  Response to action: {
    "creationTime": "2022-07-21T19:35:11.347Z",
    "deviceId": "21166555",
    "deviceName": "m32sd10d",
    "self": "https://t493319102.eu-latest.cumulocity.com/devicecontrol/operations/21172732",
    "id": "21172732",
    "status": "PENDING",
    "description": "Apply software changes, triggered from PySys: [{'action': 'install', 'id': '5495053', 'name': 'apple', 'url': ' ', 'version': '::fruits'}, {'action': 'install', 'id': '5494888', 'name': 'banana', 'url': ' ', 'version': '::fruits'}, {'action': 'install', 'id': '5475369', 'name': 'asciijump', 'url': ' ', 'version': '::apt'}, {'action': 'install', 'id': '5495382', 'name': 'cherry', 'url': ' ', 'version': '::fruits'}, {'action': 'install', 'id': '8018911', 'name': 'registry', 'url': ' ', 'version': '::docker'}]",
    "c8y_SoftwareUpdate": [
        {
            "name": "apple",
            "action": "install",
            "id": "5495053",
            "version": "::fruits",
            "url": " "
        },
        {
            "name": "banana",
            "action": "install",
            "id": "5494888",
            "version": "::fruits",
            "url": " "
        },
        {
            "name": "asciijump",
            "action": "install",
            "id": "5475369",
            "version": "::apt",
            "url": " "
        },
        {
            "name": "cherry",
            "action": "install",
            "id": "5495382",
            "version": "::fruits",
            "url": " "
        },
        {
            "name": "registry",
            "action": "install",
            "id": "8018911",
            "version": "::docker",
            "url": " "
        }
    ]
}
[...]
18:22:09 INFO  Executed sudo&lt;rm_tmp_logs&gt;, exit status 0
18:22:10 INFO  Executed sudo&lt;send_failed&gt;, exit status 0
18:22:10 INFO  Executed sudo&lt;log_file_daemon&gt;, exit status 0
18:22:14 INFO  Executed sudo&lt;tedge_disconnect_c8y&gt;, exit status 0
18:22:15 INFO  Executed systemctl&lt;serv_mapper5&gt;, exit status 3
18:22:15 INFO  
18:22:15 INFO  Test duration: 26.75 secs
18:22:15 INFO  Test final outcome:  BLOCKED
18:22:15 INFO  Test outcome reason: TypeError: 'NoneType' object is not subscriptable
18:22:15 INFO  
</system-out>
	</testcase>
</testsuite><testsuite name="log_request_num_lines" tests="1" errors="0" failures="1" skipped="0" time="0"><testcase classname="LogRequestVerifyNumberOfLines" name="log_request_num_lines">
		<failure message="BLOCKED: TypeError: 'NoneType' object is not subscriptable" type="BLOCKED" />
		<system-out>18:22:15 INFO  ==============================================================
18:22:15 INFO  Id:    log_request_num_lines
18:22:15 INFO  Dir:   log_request_end_to_end/
18:22:15 INFO  Title: Validate end to end behaviour for the log request operation check for number of lines
18:22:15 INFO  ==============================================================
18:22:15 INFO  EnvironmentC8y Setup
18:22:16 INFO  Executed systemctl&lt;serv_mapper1&gt;, exit status 3
18:22:16 INFO  Restarting mosquitto too frequently in the last 10 seconds. It was only up for 5 seconds
18:22:16 INFO  Delaying execution by 6 seconds
18:22:36 INFO  Executed sudo&lt;tedge_connect_c8y&gt;, exit status 0, duration 14 secs
18:22:37 INFO  Executed sudo&lt;tedge_connect_c8y_test&gt;, exit status 0
18:22:38 INFO  Executed systemctl&lt;serv_mosq2&gt;, exit status 0
18:22:38 INFO  Executed systemctl&lt;serv_mapper3&gt;, exit status 0
18:22:39 INFO  Executed sudo&lt;rm_logs&gt;, exit status 0
18:22:39 INFO  Executed sudo&lt;move_logs&gt;, exit status 0
18:22:40 INFO  Executed sudo&lt;log_file_daemon&gt;, exit status 0
18:22:40 WARN  TypeError occurred while running test - 'NoneType' object is not subscriptable
Traceback (most recent call last):
  File "/home/pi/env-pysys/lib/python3.7/site-packages/pysys/baserunner.py", line 1294, in __call__
    self.testObj.execute()
  File "/home/pi/actions-runner/_work/thin-edge.io/thin-edge.io/tests/PySys/log_request_end_to_end/log_request_num_lines/run.py", line 46, in execute
    log_file_request_payload, self.project.deviceid
  File "/home/pi/actions-runner/_work/thin-edge.io/thin-edge.io/tests/PySys/environments/cumulocity.py", line 101, in trigger_log_request
    "deviceId": self.device_fragment["id"],
TypeError: 'NoneType' object is not subscriptable
18:22:40 WARN  TypeError: 'NoneType' object is not subscriptable ... blocked 
18:22:40 INFO  
18:22:40 INFO  cleanup:
18:22:41 INFO  Executed sudo&lt;rm_logs&gt;, exit status 0
18:22:41 INFO  Executed sudo&lt;rm_tmp_logs&gt;, exit status 0
18:22:42 INFO  Executed sudo&lt;send_failed&gt;, exit status 0
18:22:43 INFO  Executed sudo&lt;log_file_daemon&gt;, exit status 0
18:22:47 INFO  Executed sudo&lt;tedge_disconnect_c8y&gt;, exit status 0
18:22:47 INFO  Executed systemctl&lt;serv_mapper5&gt;, exit status 3
18:22:47 INFO  
18:22:47 INFO  Test duration: 32.29 secs
18:22:47 INFO  Test final outcome:  BLOCKED
18:22:47 INFO  Test outcome reason: TypeError: 'NoneType' object is not subscriptable
18:22:47 INFO  
</system-out>
	</testcase>
</testsuite><testsuite name="mapper_awaits_before_reconnect" tests="1" errors="0" failures="1" skipped="0" time="0"><testcase classname="MapperReconnectAwait" name="mapper_awaits_before_reconnect">
		<failure message="FAILED: Line count on tedge_mapper_journal.out for &quot;tedge_mapper::core::mapper: MQTT connection error:&quot; expected &gt;=2 but got 0" type="FAILED" />
		<system-out>18:37:20 INFO  ==============================================================
18:37:20 INFO  Id:    mapper_awaits_before_reconnect
18:37:20 INFO  Dir:   tedge_mapper_c8y/
18:37:20 INFO  Title: Validate mapper doesn't reconnect too often
18:37:20 INFO  ==============================================================
18:37:20 INFO  Started mosquitto_sub with process id 15964
18:37:20 INFO  Waiting for 0.1 seconds
18:37:21 INFO  Executed sudo&lt;tedge_mapper&gt;, exit status 0
18:37:21 INFO  Waiting for 5.0 seconds
18:37:26 INFO  Executed sudo&lt;tedge_mapper&gt;, exit status 0
18:37:29 INFO  Executed sudo&lt;tedge_mapper_journal&gt;, exit status 0
18:37:29 WARN  Grep on tedge_mapper_journal.out contains "ERROR" ... failed [run.py:67]
18:37:29 INFO  Line count on file tedge_mapper_journal.out ... passed
18:37:29 WARN  Line count on tedge_mapper_journal.out for "tedge_mapper::core::mapper: MQTT connection error:" expected &gt;=2 but got 0 ... failed [run.py:78]
18:37:29 WARN  Aborted test due to FAILED outcome
18:37:29 INFO  
18:37:29 INFO  Test duration: 9.02 secs
18:37:29 INFO  Test final outcome:  FAILED
18:37:29 INFO  Test outcome reason: Line count on tedge_mapper_journal.out for "tedge_mapper::core::mapper: MQTT connection error:" expected &gt;=2 but got 0
18:37:29 INFO  
</system-out>
	</testcase>
</testsuite><testsuite name="monitoring_smaller_interval" tests="1" errors="0" failures="1" skipped="0" time="0"><testcase classname="MonitoringSmallInterval" name="monitoring_smaller_interval">
		<failure message="BLOCKED: TypeError: 'int' object is not subscriptable" type="BLOCKED" />
		<system-out>18:24:12 INFO  ==============================================================
18:24:12 INFO  Id:    monitoring_smaller_interval
18:24:12 INFO  Dir:   monitoring/
18:24:12 INFO  Title: Validate the tedge dm agent messages that are produced with smaller sampling interval than the batching window. Here the simulated collectd messages are used
18:24:12 INFO  ==============================================================
18:24:12 INFO  Executed sudo&lt;collectd&gt;, exit status 0
18:24:13 INFO  Executed sudo&lt;collectd_mapper&gt;, exit status 0
18:24:13 INFO  Started sudo&lt;tedge_sub&gt; with process id 12132
18:24:14 INFO  Executed sudo&lt;tedge_temp&gt;, exit status 0
18:24:14 INFO  Executed sudo&lt;tedge_pres&gt;, exit status 0
18:24:15 INFO  Executed sudo&lt;tedge_temp&gt;, exit status 0
18:24:15 INFO  Executed sudo&lt;tedge_pres&gt;, exit status 0
18:24:16 INFO  Executed sudo&lt;tedge_temp&gt;, exit status 0
18:24:16 INFO  Executed sudo&lt;tedge_pres&gt;, exit status 0
18:24:17 INFO  Executed sudo&lt;tedge_temp&gt;, exit status 0
18:24:17 INFO  Executed sudo&lt;tedge_pres&gt;, exit status 0
18:24:18 INFO  Executed sudo&lt;tedge_temp&gt;, exit status 0
18:24:18 INFO  Executed sudo&lt;tedge_pres&gt;, exit status 0
18:24:19 INFO  Executed sudo&lt;tedge_temp&gt;, exit status 0
18:24:20 INFO  Executed sudo&lt;tedge_pres&gt;, exit status 0
18:24:20 INFO  Executed sudo&lt;tedge_temp&gt;, exit status 0
18:24:21 INFO  Executed sudo&lt;tedge_pres&gt;, exit status 0
18:24:21 INFO  Executed sudo&lt;tedge_temp&gt;, exit status 0
18:24:22 INFO  Executed sudo&lt;tedge_pres&gt;, exit status 0
18:24:22 INFO  Executed sudo&lt;tedge_temp&gt;, exit status 0
18:24:23 INFO  Executed sudo&lt;tedge_pres&gt;, exit status 0
18:24:24 INFO  Executed sudo&lt;tedge_temp&gt;, exit status 0
18:24:24 INFO  Executed sudo&lt;tedge_pres&gt;, exit status 0
18:24:26 INFO  Executed sudo&lt;kill_out&gt;, exit status 0
18:24:26 INFO  0

18:24:26 WARN  TypeError occurred while running test - 'int' object is not subscriptable
Traceback (most recent call last):
  File "/home/pi/env-pysys/lib/python3.7/site-packages/pysys/baserunner.py", line 1296, in __call__
    self.testObj.validate()
  File "/home/pi/actions-runner/_work/thin-edge.io/thin-edge.io/tests/PySys/monitoring/monitoring_smaller_interval/run.py", line 104, in validate
    collectd_msg_validation_result=self.validate_json(),
  File "/home/pi/actions-runner/_work/thin-edge.io/thin-edge.io/tests/PySys/monitoring/monitoring_smaller_interval/run.py", line 114, in validate_json
    if not self.validate_time():
  File "/home/pi/actions-runner/_work/thin-edge.io/thin-edge.io/tests/PySys/monitoring/monitoring_smaller_interval/run.py", line 134, in validate_time
    if self.js_msg["time"]:
TypeError: 'int' object is not subscriptable
18:24:26 WARN  TypeError: 'int' object is not subscriptable ... blocked 
18:24:26 INFO  
18:24:26 INFO  cleanup:
18:24:26 INFO  monitoring_cleanup
18:24:26 INFO  Executed sudo&lt;collectd_mapper&gt;, exit status 0
18:24:26 INFO  
18:24:26 INFO  Test duration: 14.79 secs
18:24:26 INFO  Test final outcome:  BLOCKED
18:24:26 INFO  Test outcome reason: TypeError: 'int' object is not subscriptable
18:24:26 INFO  
</system-out>
	</testcase>
</testsuite><testsuite name="monitoring_with_collectd" tests="1" errors="0" failures="0" skipped="1" time="0"><testcase classname="MonitoringWithCollectd" name="monitoring_with_collectd">
		<skipped message="SKIPPED: Test execution disabled due to #792 (instable)" />
		<system-out>18:24:26 INFO  ==============================================================
18:24:26 INFO  Id:    monitoring_with_collectd
18:24:26 INFO  Dir:   monitoring/
18:24:26 INFO  Title: Validate tedge dm agent messages that are produced by batching the collectd messages
18:24:26 INFO  ==============================================================
18:24:26 INFO  Test execution disabled due to #792 (instable) ... skipped
18:24:27 INFO  
18:24:27 INFO  Test duration: 0.03 secs
18:24:27 INFO  Test final outcome:  SKIPPED
18:24:27 INFO  Test outcome reason: Test execution disabled due to #792 (instable)
18:24:27 INFO  
</system-out>
	</testcase>
</testsuite><testsuite name="monitoring_with_simulated_messages" tests="1" errors="0" failures="1" skipped="0" time="0"><testcase classname="MonitoringWithSimulatedMessages" name="monitoring_with_simulated_messages">
		<failure message="BLOCKED: TypeError: 'int' object is not subscriptable" type="BLOCKED" />
		<system-out>18:24:27 INFO  ==============================================================
18:24:27 INFO  Id:    monitoring_with_simulated_messages
18:24:27 INFO  Dir:   monitoring/
18:24:27 INFO  Title: Validate the tedge dm agent messages that are produced from the simulated collectd messages
18:24:27 INFO  ==============================================================
18:24:27 INFO  Executed sudo&lt;collectd&gt;, exit status 0
18:24:28 INFO  Executed sudo&lt;collectd_mapper&gt;, exit status 0
18:24:28 INFO  Started sudo&lt;tedge_sub&gt; with process id 12198
18:24:28 INFO  Executed sudo&lt;tedge_temp&gt;, exit status 0
18:24:29 INFO  Executed sudo&lt;tedge_pres&gt;, exit status 0
18:24:30 INFO  Executed sudo&lt;kill_out&gt;, exit status 0
18:24:30 INFO  0

18:24:30 WARN  TypeError occurred while running test - 'int' object is not subscriptable
Traceback (most recent call last):
  File "/home/pi/env-pysys/lib/python3.7/site-packages/pysys/baserunner.py", line 1296, in __call__
    self.testObj.validate()
  File "/home/pi/actions-runner/_work/thin-edge.io/thin-edge.io/tests/PySys/monitoring/monitoring_with_simulated_messages/run.py", line 98, in validate
    collectd_msg_validation_result=self.validate_json(),
  File "/home/pi/actions-runner/_work/thin-edge.io/thin-edge.io/tests/PySys/monitoring/monitoring_with_simulated_messages/run.py", line 108, in validate_json
    if not self.validate_time():
  File "/home/pi/actions-runner/_work/thin-edge.io/thin-edge.io/tests/PySys/monitoring/monitoring_with_simulated_messages/run.py", line 127, in validate_time
    if self.js_msg["time"]:
TypeError: 'int' object is not subscriptable
18:24:30 WARN  TypeError: 'int' object is not subscriptable ... blocked 
18:24:30 INFO  
18:24:30 INFO  cleanup:
18:24:30 INFO  monitoring_cleanup
18:24:31 INFO  Executed sudo&lt;collectd_mapper&gt;, exit status 0
18:24:31 INFO  
18:24:31 INFO  Test duration: 4.44 secs
18:24:31 INFO  Test final outcome:  BLOCKED
18:24:31 INFO  Test outcome reason: TypeError: 'int' object is not subscriptable
18:24:31 INFO  
</system-out>
	</testcase>
</testsuite><testsuite name="mqtt_port_change_connection_fails" tests="1" errors="0" failures="0" skipped="0" time="0"><testcase classname="MqttPortChangeConnectionFails" name="mqtt_port_change_connection_fails" />
</testsuite><testsuite name="mqtt_port_change_connection_works" tests="1" errors="0" failures="0" skipped="1" time="0"><testcase classname="MqttPortChangeConnectionWorks" name="mqtt_port_change_connection_works">
		<skipped message="SKIPPED: failing intermitently" />
		<system-out>18:23:22 INFO  ==============================================================
18:23:22 INFO  Id:    mqtt_port_change_connection_works
18:23:22 INFO  Dir:   misc_features/
18:23:22 INFO  Title: mqtt port change connection works for all the thin-edge services that use the mosquitto broker
18:23:22 INFO  ==============================================================
18:23:22 INFO  failing intermitently ... skipped
18:23:22 INFO  
18:23:22 INFO  Test duration: 0.02 secs
18:23:22 INFO  Test final outcome:  SKIPPED
18:23:22 INFO  Test outcome reason: failing intermitently
18:23:22 INFO  
</system-out>
	</testcase>
</testsuite><testsuite name="publish_flux" tests="1" errors="0" failures="0" skipped="0" time="0"><testcase classname="PublishFlux" name="publish_flux" />
</testsuite><testsuite name="publish_sawmill" tests="1" errors="0" failures="0" skipped="0" time="0"><testcase classname="PublishSawmill" name="publish_sawmill" />
</testsuite><testsuite name="runtime_start_two_mappers" tests="1" errors="0" failures="0" skipped="0" time="0"><testcase classname="RuntimeMultiMappers" name="runtime_start_two_mappers" />
</testsuite><testsuite name="sm_tedge_mapper_init_session" tests="1" errors="0" failures="0" skipped="0" time="0"><testcase classname="TedgeSMMapperInitSession" name="sm_tedge_mapper_init_session" />
</testsuite><testsuite name="smoketest_json" tests="1" errors="0" failures="0" skipped="0" time="0"><testcase classname="SmokeTestJson" name="smoketest_json" />
</testsuite><testsuite name="smoketest_json_400_samples_10ms" tests="1" errors="0" failures="0" skipped="0" time="0"><testcase classname="SmoketestJson400Samples10ms" name="smoketest_json_400_samples_10ms" />
</testsuite><testsuite name="smoketest_json_400_samples_20ms" tests="1" errors="0" failures="0" skipped="0" time="0"><testcase classname="SmoketestJson400Samples20ms" name="smoketest_json_400_samples_20ms" />
</testsuite><testsuite name="smoketest_smartrest" tests="1" errors="0" failures="0" skipped="0" time="0"><testcase classname="SmoketestSmartRest" name="smoketest_smartrest" />
</testsuite><testsuite name="smoketest_smartrest_400_samples_1Xms" tests="1" errors="0" failures="0" skipped="0" time="0"><testcase classname="SmoketestSmartRest400Samples1Xms" name="smoketest_smartrest_400_samples_1Xms" />
</testsuite><testsuite name="smoketest_smartrest_400_samples_20ms" tests="1" errors="0" failures="0" skipped="0" time="0"><testcase classname="SmoketestSmartRest400Samples20ms" name="smoketest_smartrest_400_samples_20ms" />
</testsuite><testsuite name="tedge_agent_user_sudo_access" tests="1" errors="0" failures="0" skipped="1" time="0"><testcase classname="TedgeAgentUserSudoAccess" name="tedge_agent_user_sudo_access">
		<skipped message="SKIPPED: #955 Observation: Exit code of the apt plugin when called with no arguments" />
		<system-out>18:34:39 INFO  ==============================================================
18:34:39 INFO  Id:    tedge_agent_user_sudo_access
18:34:39 INFO  Dir:   tedge/
18:34:39 INFO  Title: Validate tedge-agent user has a limited sudo right
18:34:39 INFO  ==============================================================
18:34:39 INFO  #955 Observation: Exit code of the apt plugin when called with no arguments ... skipped
18:34:39 INFO  
18:34:39 INFO  Test duration: 0.07 secs
18:34:39 INFO  Test final outcome:  SKIPPED
18:34:39 INFO  Test outcome reason: #955 Observation: Exit code of the apt plugin when called with no arguments
18:34:39 INFO  
</system-out>
	</testcase>
</testsuite><testsuite name="tedge_connect_test_negative" tests="1" errors="0" failures="0" skipped="0" time="0"><testcase classname="TedgeConnectTestNegative" name="tedge_connect_test_negative" />
</testsuite><testsuite name="tedge_connect_test_positive" tests="1" errors="0" failures="0" skipped="0" time="0"><testcase classname="TedgeConnectTestPositive" name="tedge_connect_test_positive" />
</testsuite><testsuite name="tedge_connect_test_sm_services" tests="1" errors="0" failures="0" skipped="0" time="0"><testcase classname="TedgeConnectTestSMServices" name="tedge_connect_test_sm_services" />
</testsuite><testsuite name="tedge_disconnect_test_sm_services" tests="1" errors="0" failures="0" skipped="0" time="0"><testcase classname="TedgeDisConnectTestSMServices" name="tedge_disconnect_test_sm_services" />
</testsuite><testsuite name="tedge_mapper_az_negative" tests="1" errors="0" failures="0" skipped="0" time="0"><testcase classname="TedgeMapperAzError" name="tedge_mapper_az_negative" />
</testsuite><testsuite name="tedge_mapper_az_with_timestamp" tests="1" errors="0" failures="0" skipped="0" time="0"><testcase classname="TedgeMapperAzWithTimestamp" name="tedge_mapper_az_with_timestamp" />
</testsuite><testsuite name="tedge_mapper_az_without_timestamp" tests="1" errors="0" failures="0" skipped="0" time="0"><testcase classname="TedgeMapperAzWithoutTimestamp" name="tedge_mapper_az_without_timestamp" />
</testsuite><testsuite name="tedge_mapper_c8y_alarms" tests="1" errors="0" failures="0" skipped="0" time="0"><testcase classname="TedgeMapperC8yAlarm" name="tedge_mapper_c8y_alarms" />
</testsuite><testsuite name="tedge_mapper_c8y_child_device_measurement" tests="1" errors="0" failures="0" skipped="0" time="0"><testcase classname="TedgeMapperC8yChildDevice" name="tedge_mapper_c8y_child_device_measurement" />
</testsuite><testsuite name="tedge_mapper_c8y_packet_threshold_size" tests="1" errors="0" failures="1" skipped="0" time="0"><testcase classname="TedgeMapperC8yThresholdPacketSize" name="tedge_mapper_c8y_packet_threshold_size">
		<failure message="FAILED: Grep on tedge_sub.out contains &quot;The size of the message received on tedge/measurements is 20489 which is greater than the threshold size of 16184.&quot;" type="FAILED" />
		<system-out>18:39:08 INFO  ==============================================================
18:39:08 INFO  Id:    tedge_mapper_c8y_packet_threshold_size
18:39:08 INFO  Dir:   tedge_mapper_c8y/
18:39:08 INFO  Title: Validate the Cumulocity Mapper accepted threshold packet size when it receives a message on tedge/measurements
18:39:08 INFO  ==============================================================
18:39:08 INFO  Executed sudo&lt;tedge_mapper_c8y&gt;, exit status 0
18:39:08 INFO  Started sudo&lt;tedge_sub&gt; with process id 16550
18:39:09 INFO  Executed sudo&lt;tedge_msg&gt;, exit status 0
18:39:09 INFO  Executed sudo&lt;tedge_pub&gt;, exit status 0
18:39:10 INFO  Executed sudo&lt;kill_out&gt;, exit status 0
18:39:10 WARN  Grep on tedge_sub.out contains "The size of the message received on tedge/measurements is 20489 which is greater than the threshold size of 16184." ... failed [run.py:88]
18:39:10 INFO  
18:39:10 INFO  cleanup:
18:39:10 INFO  mapper_cleanup
18:39:10 INFO  Executed sudo&lt;tedge_mapper_c8y&gt;, exit status 0
18:39:11 INFO  
18:39:11 INFO  Test duration: 2.90 secs
18:39:11 INFO  Test final outcome:  FAILED
18:39:11 INFO  Test outcome reason: Grep on tedge_sub.out contains "The size of the message received on tedge/measurements is 20489 which is greater than the threshold size of 16184."
18:39:11 INFO  
</system-out>
	</testcase>
</testsuite><testsuite name="tedge_software_update" tests="1" errors="0" failures="0" skipped="0" time="0"><testcase classname="PySysTest" name="tedge_software_update" />
</testsuite><testsuite name="valid_device_id" tests="1" errors="0" failures="0" skipped="0" time="0"><testcase classname="ValidateValidDeviceId" name="valid_device_id" />
</testsuite></testsuites>