<?xml version='1.0' encoding='utf-8'?>
<testsuites tests="139" failures="17" errors="0" skipped="45" time="0.0"><testsuite name="SoftwareManagement.Plugin.apama_plugin_install" tests="3" errors="0" failures="0" skipped="1" time="0"><testcase classname="ApamaPluginInstallTest" name="SoftwareManagement.Plugin.apama_plugin_install">
		<skipped message="SKIPPED: Apama plugin tests are disabled by default. Execute `pysys run` with `-XmyPlatform=container` to run these tests" />
		<system-out>16:33:19 INFO  ==============================================================
16:33:19 INFO  Id:    SoftwareManagement.Plugin.apama_plugin_install
16:33:19 INFO  Dir:   plugin_apama/
16:33:19 INFO  Title: Validate apama plugin install
16:33:19 INFO  ==============================================================
16:33:19 INFO  Apama plugin tests are disabled by default. Execute `pysys run` with `-XmyPlatform=container` to run these tests ... skipped
16:33:19 WARN  Aborted test due to SKIPPED outcome
16:33:19 INFO  
16:33:19 INFO  Test duration: 0.04 secs
16:33:19 INFO  Test final outcome:  SKIPPED
16:33:19 INFO  Test outcome reason: Apama plugin tests are disabled by default. Execute `pysys run` with `-XmyPlatform=container` to run these tests
16:33:19 INFO  
</system-out>
	</testcase>
<testcase classname="ApamaPluginInstallTest" name="SoftwareManagement.Plugin.apama_plugin_install" />
<testcase classname="ApamaPluginInstallTest" name="SoftwareManagement.Plugin.apama_plugin_install" />
</testsuite><testsuite name="SoftwareManagement.Plugin.apama_plugin_mon_support" tests="3" errors="0" failures="0" skipped="1" time="0"><testcase classname="ApamaPluginMonSupportTest" name="SoftwareManagement.Plugin.apama_plugin_mon_support">
		<skipped message="SKIPPED: Apama plugin tests are disabled by default. Execute `pysys run` with `-XmyPlatform=container` to run these tests" />
		<system-out>16:33:19 INFO  ==============================================================
16:33:19 INFO  Id:    SoftwareManagement.Plugin.apama_plugin_mon_support
16:33:19 INFO  Dir:   plugin_apama/
16:33:19 INFO  Title: Validate mon file support of apama plugin
16:33:19 INFO  ==============================================================
16:33:19 INFO  Apama plugin tests are disabled by default. Execute `pysys run` with `-XmyPlatform=container` to run these tests ... skipped
16:33:19 WARN  Aborted test due to SKIPPED outcome
16:33:19 INFO  
16:33:19 INFO  Test duration: 0.02 secs
16:33:19 INFO  Test final outcome:  SKIPPED
16:33:19 INFO  Test outcome reason: Apama plugin tests are disabled by default. Execute `pysys run` with `-XmyPlatform=container` to run these tests
16:33:19 INFO  
</system-out>
	</testcase>
<testcase classname="ApamaPluginMonSupportTest" name="SoftwareManagement.Plugin.apama_plugin_mon_support" />
<testcase classname="ApamaPluginMonSupportTest" name="SoftwareManagement.Plugin.apama_plugin_mon_support" />
</testsuite><testsuite name="SoftwareManagement.Plugin.apama_plugin_remove" tests="3" errors="0" failures="0" skipped="1" time="0"><testcase classname="ApamaPluginRemoveTest" name="SoftwareManagement.Plugin.apama_plugin_remove">
		<skipped message="SKIPPED: Apama plugin tests are disabled by default. Execute `pysys run` with `-XmyPlatform=container` to run these tests" />
		<system-out>16:33:19 INFO  ==============================================================
16:33:19 INFO  Id:    SoftwareManagement.Plugin.apama_plugin_remove
16:33:19 INFO  Dir:   plugin_apama/
16:33:19 INFO  Title: Validate apama plugin remove
16:33:19 INFO  ==============================================================
16:33:19 INFO  Apama plugin tests are disabled by default. Execute `pysys run` with `-XmyPlatform=container` to run these tests ... skipped
16:33:19 WARN  Aborted test due to SKIPPED outcome
16:33:19 INFO  
16:33:19 INFO  Test duration: 0.02 secs
16:33:19 INFO  Test final outcome:  SKIPPED
16:33:19 INFO  Test outcome reason: Apama plugin tests are disabled by default. Execute `pysys run` with `-XmyPlatform=container` to run these tests
16:33:19 INFO  
</system-out>
	</testcase>
<testcase classname="ApamaPluginRemoveTest" name="SoftwareManagement.Plugin.apama_plugin_remove" />
<testcase classname="ApamaPluginRemoveTest" name="SoftwareManagement.Plugin.apama_plugin_remove" />
</testsuite><testsuite name="SoftwareManagement.Plugin.apama_plugin_update" tests="3" errors="0" failures="2" skipped="1" time="0"><testcase classname="ApamaPluginUpdateTest" name="SoftwareManagement.Plugin.apama_plugin_update">
		<skipped message="SKIPPED: Apama plugin tests are disabled by default. Execute `pysys run` with `-XmyPlatform=container` to run these tests" />
		<system-out>16:33:19 INFO  ==============================================================
16:33:19 INFO  Id:    SoftwareManagement.Plugin.apama_plugin_update
16:33:19 INFO  Dir:   plugin_apama/
16:33:19 INFO  Title: Validate apama plugin updating one project with another
16:33:19 INFO  ==============================================================
16:33:19 INFO  Apama plugin tests are disabled by default. Execute `pysys run` with `-XmyPlatform=container` to run these tests ... skipped
16:33:19 WARN  Aborted test due to SKIPPED outcome
16:33:19 INFO  
16:33:19 INFO  Test duration: 0.05 secs
16:33:19 INFO  Test final outcome:  SKIPPED
16:33:19 INFO  Test outcome reason: Apama plugin tests are disabled by default. Execute `pysys run` with `-XmyPlatform=container` to run these tests
16:33:19 INFO  
</system-out>
	</testcase>
<testcase classname="ApamaPluginUpdateTest" name="SoftwareManagement.Plugin.apama_plugin_update">
		<failure message="BLOCKED: sudo&lt;plugin_install&gt; returned non-zero exit code 2" type="BLOCKED" />
		<system-out>17:24:26 INFO  ==============================================================
17:24:26 INFO  Id:    SoftwareManagement.Plugin.apama_plugin_update
17:24:26 INFO  Dir:   plugin_apama/
17:24:26 INFO  Title: Validate apama plugin updating one project with another
17:24:26 INFO  ==============================================================
17:24:26 INFO  Assertion that path exists=False for "/etc/tedge/apama/project" ... passed
17:24:27 INFO  Executed sudo&lt;create_project_dir&gt;, exit status 0
17:24:27 INFO  Executed sudo&lt;unzip_apama_project&gt;, exit status 0
17:24:28 INFO  Executed sudo&lt;move_apama_project&gt;, exit status 0
17:24:29 INFO  Executed sudo&lt;restart_apama_service&gt;, exit status 0
17:24:30 INFO  Executed sudo&lt;apama_correlator_wait&gt;, exit status 0
17:24:30 INFO  Assertion that path exists=True for "/etc/tedge/apama/project" ... passed
17:24:30 INFO  Executed sudo&lt;apama_list_monitors&gt;, exit status 0
17:24:30 INFO  Grep on file /home/pi/actions-runner/_work/thin-edge.io/thin-edge.io/tests/PySys/plugin_apama/apama_plugin_update/Output/linux/apama_list_monitors.out ... passed
17:24:31 WARN  Executed sudo&lt;plugin_install&gt;, exit status 2
17:24:31 INFO  Contents of plugin_install.err: 
  ERROR: Directory not empty (os error 39)
  -----

17:24:31 WARN  sudo&lt;plugin_install&gt; returned non-zero exit code 2 ... blocked [run.py:35]
17:24:31 WARN  Aborted test due to BLOCKED outcome
17:24:31 INFO  
17:24:31 INFO  cleanup:
17:24:31 INFO  Removing apama project
17:24:47 INFO  Executed sudo&lt;stop_apama_service&gt;, exit status 0, duration 15 secs
17:24:47 INFO  Executed sudo&lt;remove_apama_project&gt;, exit status 0
17:24:48 INFO  Executed sudo&lt;remove_apama_tmp_dir&gt;, exit status 0
17:24:48 INFO  
17:24:48 INFO  Test duration: 21.52 secs
17:24:48 INFO  Test final outcome:  BLOCKED
17:24:48 INFO  Test outcome reason: sudo&lt;plugin_install&gt; returned non-zero exit code 2
17:24:48 INFO  
</system-out>
	</testcase>
<testcase classname="ApamaPluginUpdateTest" name="SoftwareManagement.Plugin.apama_plugin_update">
		<failure message="BLOCKED: sudo&lt;plugin_install&gt; returned non-zero exit code 2" type="BLOCKED" />
		<system-out>17:33:05 INFO  ==============================================================
17:33:05 INFO  Id:    SoftwareManagement.Plugin.apama_plugin_update
17:33:05 INFO  Dir:   plugin_apama/
17:33:05 INFO  Title: Validate apama plugin updating one project with another
17:33:05 INFO  ==============================================================
17:33:05 INFO  Assertion that path exists=False for "/etc/tedge/apama/project" ... passed
17:33:05 INFO  Executed sudo&lt;create_project_dir&gt;, exit status 0
17:33:06 INFO  Executed sudo&lt;unzip_apama_project&gt;, exit status 0
17:33:06 INFO  Executed sudo&lt;move_apama_project&gt;, exit status 0
17:33:07 INFO  Executed sudo&lt;restart_apama_service&gt;, exit status 0
17:33:08 INFO  Executed sudo&lt;apama_correlator_wait&gt;, exit status 0
17:33:08 INFO  Assertion that path exists=True for "/etc/tedge/apama/project" ... passed
17:33:09 INFO  Executed sudo&lt;apama_list_monitors&gt;, exit status 0
17:33:09 INFO  Grep on file /home/pi/actions-runner/_work/thin-edge.io/thin-edge.io/tests/PySys/plugin_apama/apama_plugin_update/Output/linux/apama_list_monitors.out ... passed
17:33:09 WARN  Executed sudo&lt;plugin_install&gt;, exit status 2
17:33:09 INFO  Contents of plugin_install.err: 
  ERROR: Directory not empty (os error 39)
  -----

17:33:10 WARN  sudo&lt;plugin_install&gt; returned non-zero exit code 2 ... blocked [run.py:35]
17:33:10 WARN  Aborted test due to BLOCKED outcome
17:33:10 INFO  
17:33:10 INFO  cleanup:
17:33:10 INFO  Removing apama project
17:33:26 INFO  Executed sudo&lt;stop_apama_service&gt;, exit status 0, duration 15 secs
17:33:26 INFO  Executed sudo&lt;remove_apama_project&gt;, exit status 0
17:33:27 INFO  Executed sudo&lt;remove_apama_tmp_dir&gt;, exit status 0
17:33:27 INFO  
17:33:27 INFO  Test duration: 21.98 secs
17:33:27 INFO  Test final outcome:  BLOCKED
17:33:27 INFO  Test outcome reason: sudo&lt;plugin_install&gt; returned non-zero exit code 2
17:33:27 INFO  
</system-out>
	</testcase>
</testsuite><testsuite name="SoftwareManagement.sm_apt_install_download_path" tests="3" errors="0" failures="2" skipped="1" time="0"><testcase classname="AptInstallWithDownloadPath" name="SoftwareManagement.sm_apt_install_download_path">
		<skipped message="SKIPPED: Testing the apt plugin is not supported on this platform.Use parameter -XmyPlatform='container' to enable it" />
		<system-out>16:42:56 INFO  ==============================================================
16:42:56 INFO  Id:    SoftwareManagement.sm_apt_install_download_path
16:42:56 INFO  Dir:   software_management_end_to_end/
16:42:56 INFO  Title: Install package to directory specified in tedge config set tmp.path
16:42:56 INFO  ==============================================================
16:42:56 INFO  Testing the apt plugin is not supported on this platform.Use parameter -XmyPlatform='container' to enable it ... skipped
16:42:56 WARN  Aborted test due to SKIPPED outcome
16:42:56 INFO  
16:42:56 INFO  Test duration: 0.06 secs
16:42:56 INFO  Test final outcome:  SKIPPED
16:42:56 INFO  Test outcome reason: Testing the apt plugin is not supported on this platform.Use parameter -XmyPlatform='container' to enable it
16:42:56 INFO  
</system-out>
	</testcase>
<testcase classname="AptInstallWithDownloadPath" name="SoftwareManagement.sm_apt_install_download_path">
		<failure message="BLOCKED: AssertionError:" type="BLOCKED" />
		<system-out>17:06:31 INFO  ==============================================================
17:06:31 INFO  Id:    SoftwareManagement.sm_apt_install_download_path
17:06:31 INFO  Dir:   software_management_end_to_end/
17:06:31 INFO  Title: Install package to directory specified in tedge config set tmp.path
17:06:31 INFO  ==============================================================
17:06:31 INFO  Using sw id database: {'asciijump': '5475369', 'robotfindskitten': '5474869', 'squirrel3': '5475279', 'rolldice': '5152439', 'moon-buggy': '5439204', 'apple': '5495053', 'banana': '5494888', 'cherry': '5495382', 'watermelon': '5494510', 'registry': '8018911', 'hello-world': '8021526', 'docker/getting-started': '8021973', 'alpine': '7991792'}
17:06:31 INFO  EnvironmentC8y Setup
17:06:32 INFO  Executed systemctl&lt;serv_mapper1&gt;, exit status 3
17:06:46 INFO  Executed sudo&lt;tedge_connect_c8y&gt;, exit status 0, duration 14 secs
17:06:48 INFO  Executed sudo&lt;tedge_connect_c8y_test&gt;, exit status 0
17:06:49 INFO  Executed systemctl&lt;serv_mosq2&gt;, exit status 0
17:06:49 INFO  Executed systemctl&lt;serv_mapper3&gt;, exit status 0
17:06:52 ERROR No operations found, assuming it passed
17:06:52 INFO  Assert that (False == value) with value=False ... passed
17:06:53 INFO  Executed sudo, exit status 0
17:06:53 INFO  Executed sudo, exit status 0
17:06:54 INFO  Executed sudo, exit status 0
17:06:58 INFO  Executed sudo&lt;tedge_disconnect_c8y&gt;, exit status 0
17:06:58 INFO  Restarting mosquitto too frequently in the last 10 seconds. It was only up for 4 seconds
17:06:58 INFO  Delaying execution by 7 seconds
17:07:18 INFO  Executed sudo&lt;tedge_connect_c8y&gt;, exit status 0, duration 13 secs
17:07:19 INFO  Response status: 201
17:07:19 INFO  Response to action: {
    "creationTime": "2022-06-09T17:07:19.018Z",
    "deviceId": "20083228",
    "deviceName": "m32sd10d",
    "self": "https://t493319102.eu-latest.cumulocity.com/devicecontrol/operations/20100660",
    "id": "20100660",
    "status": "PENDING",
    "description": "Apply software changes, triggered from PySys: [{'name': 'rolldice', 'id': '5152439', 'version': '::apt', 'url': 'https://thin-edge-io.eu-latest.cumulocity.com/inventory/binaries/12435463', 'action': 'install'}]",
    "c8y_SoftwareUpdate": [
        {
            "name": "rolldice",
            "action": "install",
            "id": "5152439",
            "version": "::apt",
            "url": "https://thin-edge-io.eu-latest.cumulocity.com/inventory/binaries/12435463"
        }
    ]
}
17:07:19 INFO  Started operation: {'creationTime': '2022-06-09T17:07:19.018Z', 'deviceId': '20083228', 'deviceName': 'm32sd10d', 'self': 'https://t493319102.eu-latest.cumulocity.com/devicecontrol/operations/20100660', 'id': '20100660', 'status': 'PENDING', 'description': "Apply software changes, triggered from PySys: [{'name': 'rolldice', 'id': '5152439', 'version': '::apt', 'url': 'https://thin-edge-io.eu-latest.cumulocity.com/inventory/binaries/12435463', 'action': 'install'}]", 'c8y_SoftwareUpdate': [{'name': 'rolldice', 'action': 'install', 'id': '5152439', 'version': '::apt', 'url': 'https://thin-edge-io.eu-latest.cumulocity.com/inventory/binaries/12435463'}]}
17:07:19 WARN  , retrying in 0.5 seconds...
17:07:19 WARN  , retrying in 0.5 seconds...
17:07:20 WARN  , retrying in 0.5 seconds...
17:07:20 WARN  , retrying in 0.5 seconds...
17:07:21 WARN  , retrying in 0.5 seconds...
17:07:21 WARN  , retrying in 0.5 seconds...
17:07:22 WARN  , retrying in 0.5 seconds...
17:07:22 WARN  , retrying in 0.5 seconds...
17:07:23 WARN  , retrying in 0.5 seconds...
17:07:23 WARN  AssertionError occurred while running test - 
Traceback (most recent call last):
  File "/home/pi/env-pysys/lib/python3.7/site-packages/pysys/baserunner.py", line 1294, in __call__
    self.testObj.execute()
  File "/home/pi/actions-runner/_work/thin-edge.io/thin-edge.io/tests/PySys/software_management_end_to_end/sm_apt_install_download_path/run.py", line 83, in execute
    assert_install_in_download_path(install_directory=self.DOWNLOAD_DIR)
  File "/home/pi/env-pysys/lib/python3.7/site-packages/decorator.py", line 232, in fun
    return caller(func, *(extras + args), **kw)
  File "/home/pi/env-pysys/lib/python3.7/site-packages/retry/api.py", line 74, in retry_decorator
    logger)
  File "/home/pi/env-pysys/lib/python3.7/site-packages/retry/api.py", line 33, in __retry_internal
    return f()
  File "/home/pi/actions-runner/_work/thin-edge.io/thin-edge.io/tests/PySys/software_management_end_to_end/sm_apt_install_download_path/run.py", line 28, in assert_install_in_download_path
    assert "rolldice" in os.listdir(f"{install_directory}")
AssertionError
17:07:24 WARN  AssertionError: ... blocked 
17:07:24 INFO  
17:07:24 INFO  cleanup:
17:07:24 INFO  Executed sudo, exit status 0
17:07:25 INFO  Executed sudo, exit status 0
17:07:29 INFO  Executed sudo&lt;tedge_disconnect_c8y&gt;, exit status 0
17:07:29 INFO  Restarting mosquitto too frequently in the last 10 seconds. It was only up for 3 seconds
17:07:29 INFO  Delaying execution by 8 seconds
17:07:51 INFO  Executed sudo&lt;tedge_connect_c8y&gt;, exit status 0, duration 14 secs
17:07:55 INFO  Executed sudo&lt;tedge_disconnect_c8y&gt;, exit status 0
17:07:56 INFO  Executed systemctl&lt;serv_mapper5&gt;, exit status 3
17:07:56 INFO  
17:07:56 INFO  Test duration: 84.95 secs
17:07:56 INFO  Test final outcome:  BLOCKED
17:07:56 INFO  Test outcome reason: AssertionError:
17:07:56 INFO  
</system-out>
	</testcase>
<testcase classname="AptInstallWithDownloadPath" name="SoftwareManagement.sm_apt_install_download_path">
		<failure message="BLOCKED: AssertionError:" type="BLOCKED" />
		<system-out>17:33:27 INFO  ==============================================================
17:33:27 INFO  Id:    SoftwareManagement.sm_apt_install_download_path
17:33:27 INFO  Dir:   software_management_end_to_end/
17:33:27 INFO  Title: Install package to directory specified in tedge config set tmp.path
17:33:27 INFO  ==============================================================
17:33:29 INFO  Using sw id database: {'asciijump': '5475369', 'robotfindskitten': '5474869', 'squirrel3': '5475279', 'rolldice': '5152439', 'moon-buggy': '5439204', 'apple': '5495053', 'banana': '5494888', 'cherry': '5495382', 'watermelon': '5494510', 'registry': '8018911', 'hello-world': '8021526', 'docker/getting-started': '8021973', 'alpine': '7991792'}
17:33:29 INFO  EnvironmentC8y Setup
17:33:29 INFO  Executed systemctl&lt;serv_mapper1&gt;, exit status 3
17:33:43 INFO  Executed sudo&lt;tedge_connect_c8y&gt;, exit status 0, duration 13 secs
17:33:44 INFO  Executed sudo&lt;tedge_connect_c8y_test&gt;, exit status 0
17:33:45 INFO  Executed systemctl&lt;serv_mosq2&gt;, exit status 0
17:33:45 INFO  Executed systemctl&lt;serv_mapper3&gt;, exit status 0
17:33:47 INFO  State of current operation: SUCCESSFUL
17:33:47 INFO  Assert that (False == value) with value=False ... passed
17:33:48 INFO  Executed sudo, exit status 0
17:33:49 INFO  Executed sudo, exit status 0
17:33:49 INFO  Executed sudo, exit status 0
17:33:53 INFO  Executed sudo&lt;tedge_disconnect_c8y&gt;, exit status 0
17:33:53 INFO  Restarting mosquitto too frequently in the last 10 seconds. It was only up for 3 seconds
17:33:53 INFO  Delaying execution by 8 seconds
17:34:15 INFO  Executed sudo&lt;tedge_connect_c8y&gt;, exit status 0, duration 13 secs
17:34:15 INFO  Response status: 201
17:34:15 INFO  Response to action: {
    "delivery": {
        "log": [],
        "time": "2022-06-09T17:34:15.875Z",
        "status": "PENDING"
    },
    "creationTime": "2022-06-09T17:34:15.853Z",
    "deviceId": "20083228",
    "deviceName": "m32sd10d",
    "self": "https://t493319102.eu-latest.cumulocity.com/devicecontrol/operations/20102140",
    "id": "20102140",
    "status": "PENDING",
    "description": "Apply software changes, triggered from PySys: [{'name': 'rolldice', 'id': '5152439', 'version': '::apt', 'url': 'https://thin-edge-io.eu-latest.cumulocity.com/inventory/binaries/12435463', 'action': 'install'}]",
    "c8y_SoftwareUpdate": [
        {
            "name": "rolldice",
            "action": "install",
            "id": "5152439",
            "version": "::apt",
            "url": "https://thin-edge-io.eu-latest.cumulocity.com/inventory/binaries/12435463"
        }
    ]
}
17:34:15 INFO  Started operation: {'delivery': {'log': [], 'time': '2022-06-09T17:34:15.875Z', 'status': 'PENDING'}, 'creationTime': '2022-06-09T17:34:15.853Z', 'deviceId': '20083228', 'deviceName': 'm32sd10d', 'self': 'https://t493319102.eu-latest.cumulocity.com/devicecontrol/operations/20102140', 'id': '20102140', 'status': 'PENDING', 'description': "Apply software changes, triggered from PySys: [{'name': 'rolldice', 'id': '5152439', 'version': '::apt', 'url': 'https://thin-edge-io.eu-latest.cumulocity.com/inventory/binaries/12435463', 'action': 'install'}]", 'c8y_SoftwareUpdate': [{'name': 'rolldice', 'action': 'install', 'id': '5152439', 'version': '::apt', 'url': 'https://thin-edge-io.eu-latest.cumulocity.com/inventory/binaries/12435463'}]}
17:34:15 WARN  , retrying in 0.5 seconds...
17:34:16 WARN  , retrying in 0.5 seconds...
17:34:16 WARN  , retrying in 0.5 seconds...
17:34:17 WARN  , retrying in 0.5 seconds...
17:34:17 WARN  , retrying in 0.5 seconds...
17:34:18 WARN  , retrying in 0.5 seconds...
17:34:18 WARN  , retrying in 0.5 seconds...
17:34:19 WARN  , retrying in 0.5 seconds...
17:34:19 WARN  , retrying in 0.5 seconds...
17:34:20 WARN  AssertionError occurred while running test - 
Traceback (most recent call last):
  File "/home/pi/env-pysys/lib/python3.7/site-packages/pysys/baserunner.py", line 1294, in __call__
    self.testObj.execute()
  File "/home/pi/actions-runner/_work/thin-edge.io/thin-edge.io/tests/PySys/software_management_end_to_end/sm_apt_install_download_path/run.py", line 83, in execute
    assert_install_in_download_path(install_directory=self.DOWNLOAD_DIR)
  File "/home/pi/env-pysys/lib/python3.7/site-packages/decorator.py", line 232, in fun
    return caller(func, *(extras + args), **kw)
  File "/home/pi/env-pysys/lib/python3.7/site-packages/retry/api.py", line 74, in retry_decorator
    logger)
  File "/home/pi/env-pysys/lib/python3.7/site-packages/retry/api.py", line 33, in __retry_internal
    return f()
  File "/home/pi/actions-runner/_work/thin-edge.io/thin-edge.io/tests/PySys/software_management_end_to_end/sm_apt_install_download_path/run.py", line 28, in assert_install_in_download_path
    assert "rolldice" in os.listdir(f"{install_directory}")
AssertionError
17:34:20 WARN  AssertionError: ... blocked 
17:34:20 INFO  
17:34:20 INFO  cleanup:
17:34:21 INFO  Executed sudo, exit status 0
17:34:21 INFO  Executed sudo, exit status 0
17:34:26 INFO  Executed sudo&lt;tedge_disconnect_c8y&gt;, exit status 0
17:34:26 INFO  Restarting mosquitto too frequently in the last 10 seconds. It was only up for 4 seconds
17:34:26 INFO  Delaying execution by 7 seconds
17:34:47 INFO  Executed sudo&lt;tedge_connect_c8y&gt;, exit status 0, duration 14 secs
17:34:51 INFO  Executed sudo&lt;tedge_disconnect_c8y&gt;, exit status 0
17:34:52 INFO  Executed systemctl&lt;serv_mapper5&gt;, exit status 3
17:34:52 INFO  
17:34:52 INFO  Test duration: 85.08 secs
17:34:52 INFO  Test final outcome:  BLOCKED
17:34:52 INFO  Test outcome reason: AssertionError:
17:34:52 INFO  
</system-out>
	</testcase>
</testsuite><testsuite name="SoftwareManagement.sm_apt_install_fail" tests="3" errors="0" failures="0" skipped="1" time="0"><testcase classname="PySysTest" name="SoftwareManagement.sm_apt_install_fail">
		<skipped message="SKIPPED: Testing the apt plugin is not supported on this platform.Use parameter -XmyPlatform='container' to enable it" />
		<system-out>16:42:56 INFO  ==============================================================
16:42:56 INFO  Id:    SoftwareManagement.sm_apt_install_fail
16:42:56 INFO  Dir:   software_management_end_to_end/
16:42:56 INFO  Title: Validate end to end behaviour for a failing installation
16:42:56 INFO  ==============================================================
16:42:56 INFO  Testing the apt plugin is not supported on this platform.Use parameter -XmyPlatform='container' to enable it ... skipped
16:42:56 WARN  Aborted test due to SKIPPED outcome
16:42:56 INFO  
16:42:56 INFO  Test duration: 0.02 secs
16:42:56 INFO  Test final outcome:  SKIPPED
16:42:56 INFO  Test outcome reason: Testing the apt plugin is not supported on this platform.Use parameter -XmyPlatform='container' to enable it
16:42:56 INFO  
</system-out>
	</testcase>
<testcase classname="PySysTest" name="SoftwareManagement.sm_apt_install_fail" />
<testcase classname="PySysTest" name="SoftwareManagement.sm_apt_install_fail" />
</testsuite><testsuite name="SoftwareManagement.sm_apt_install_remove" tests="3" errors="0" failures="0" skipped="1" time="0"><testcase classname="PySysTest" name="SoftwareManagement.sm_apt_install_remove">
		<skipped message="SKIPPED: Testing the apt plugin is not supported on this platform.Use parameter -XmyPlatform='container' to enable it" />
		<system-out>16:42:56 INFO  ==============================================================
16:42:56 INFO  Id:    SoftwareManagement.sm_apt_install_remove
16:42:56 INFO  Dir:   software_management_end_to_end/
16:42:56 INFO  Title: Validate end to end behaviour for the apt plugin for installation and removal of packages
16:42:56 INFO  ==============================================================
16:42:56 INFO  Testing the apt plugin is not supported on this platform.Use parameter -XmyPlatform='container' to enable it ... skipped
16:42:56 WARN  Aborted test due to SKIPPED outcome
16:42:56 INFO  
16:42:56 INFO  Test duration: 0.02 secs
16:42:56 INFO  Test final outcome:  SKIPPED
16:42:56 INFO  Test outcome reason: Testing the apt plugin is not supported on this platform.Use parameter -XmyPlatform='container' to enable it
16:42:56 INFO  
</system-out>
	</testcase>
<testcase classname="PySysTest" name="SoftwareManagement.sm_apt_install_remove" />
<testcase classname="PySysTest" name="SoftwareManagement.sm_apt_install_remove" />
</testsuite><testsuite name="SoftwareManagement.sm_apt_install_remove_default" tests="3" errors="0" failures="0" skipped="1" time="0"><testcase classname="PySysTest" name="SoftwareManagement.sm_apt_install_remove_default">
		<skipped message="SKIPPED: Testing the apt plugin is not supported on this platform.Use parameter -XmyPlatform='container' to enable it" />
		<system-out>16:42:56 INFO  ==============================================================
16:42:56 INFO  Id:    SoftwareManagement.sm_apt_install_remove_default
16:42:56 INFO  Dir:   software_management_end_to_end/
16:42:56 INFO  Title: Validate end to end behaviour for the default plugin for installation and removal of packages
16:42:56 INFO  ==============================================================
16:42:56 INFO  Testing the apt plugin is not supported on this platform.Use parameter -XmyPlatform='container' to enable it ... skipped
16:42:56 WARN  Aborted test due to SKIPPED outcome
16:42:56 INFO  
16:42:56 INFO  Test duration: 0.02 secs
16:42:56 INFO  Test final outcome:  SKIPPED
16:42:56 INFO  Test outcome reason: Testing the apt plugin is not supported on this platform.Use parameter -XmyPlatform='container' to enable it
16:42:56 INFO  
</system-out>
	</testcase>
<testcase classname="PySysTest" name="SoftwareManagement.sm_apt_install_remove_default" />
<testcase classname="PySysTest" name="SoftwareManagement.sm_apt_install_remove_default" />
</testsuite><testsuite name="SoftwareManagement.sm_apt_install_remove_multiple" tests="3" errors="0" failures="2" skipped="1" time="0"><testcase classname="PySysTest" name="SoftwareManagement.sm_apt_install_remove_multiple">
		<skipped message="SKIPPED: Testing the apt plugin is not supported on this platform.Use parameter -XmyPlatform='container' to enable it" />
		<system-out>16:42:56 INFO  ==============================================================
16:42:56 INFO  Id:    SoftwareManagement.sm_apt_install_remove_multiple
16:42:56 INFO  Dir:   software_management_end_to_end/
16:42:56 INFO  Title: Validate end to end behaviour for the apt plugin for multiple packages
16:42:56 INFO  ==============================================================
16:42:56 INFO  Testing the apt plugin is not supported on this platform.Use parameter -XmyPlatform='container' to enable it ... skipped
16:42:56 WARN  Aborted test due to SKIPPED outcome
16:42:56 INFO  
16:42:56 INFO  Test duration: 0.03 secs
16:42:56 INFO  Test final outcome:  SKIPPED
16:42:56 INFO  Test outcome reason: Testing the apt plugin is not supported on this platform.Use parameter -XmyPlatform='container' to enable it
16:42:56 INFO  
</system-out>
	</testcase>
<testcase classname="PySysTest" name="SoftwareManagement.sm_apt_install_remove_multiple">
		<failure message="FAILED: Assert that (False == value) with value=True" type="FAILED" />
		<system-out>17:14:42 INFO  ==============================================================
17:14:42 INFO  Id:    SoftwareManagement.sm_apt_install_remove_multiple
17:14:42 INFO  Dir:   software_management_end_to_end/
17:14:42 INFO  Title: Validate end to end behaviour for the apt plugin for multiple packages
17:14:42 INFO  ==============================================================
17:14:42 INFO  Using sw id database: {'asciijump': '5475369', 'robotfindskitten': '5474869', 'squirrel3': '5475279', 'rolldice': '5152439', 'moon-buggy': '5439204', 'apple': '5495053', 'banana': '5494888', 'cherry': '5495382', 'watermelon': '5494510', 'registry': '8018911', 'hello-world': '8021526', 'docker/getting-started': '8021973', 'alpine': '7991792'}
17:14:42 INFO  EnvironmentC8y Setup
17:14:43 INFO  Executed systemctl&lt;serv_mapper1&gt;, exit status 3
17:14:43 INFO  Restarting mosquitto too frequently in the last 10 seconds. It was only up for 5 seconds
17:14:43 INFO  Delaying execution by 6 seconds
17:15:03 INFO  Executed sudo&lt;tedge_connect_c8y&gt;, exit status 0, duration 14 secs
17:15:04 INFO  Executed sudo&lt;tedge_connect_c8y_test&gt;, exit status 0
17:15:04 INFO  Executed systemctl&lt;serv_mosq2&gt;, exit status 0
17:15:05 INFO  Executed systemctl&lt;serv_mapper3&gt;, exit status 0
17:15:07 INFO  State of current operation: SUCCESSFUL
17:15:07 INFO  Assert that (False == value) with value=False ... passed
17:15:07 INFO  Assert that (False == value) with value=False ... passed
17:15:08 INFO  Assert that (False == value) with value=False ... passed
17:15:08 INFO  Package robotfindskitten is installed
17:15:08 WARN  Assert that (False == value) with value=True ... failed 
17:15:08 INFO  Response status: 201
17:15:08 INFO  Response to action: {
    "creationTime": "2022-06-09T17:15:08.482Z",
    "deviceId": "20083228",
    "deviceName": "m32sd10d",
    "self": "https://t493319102.eu-latest.cumulocity.com/devicecontrol/operations/20100827",
    "id": "20100827",
    "status": "PENDING",
    "description": "Apply software changes, triggered from PySys: [{'action': 'install', 'id': '5475369', 'name': 'asciijump', 'url': ' ', 'version': '::apt'}, {'action': 'install', 'id': '5474869', 'name': 'robotfindskitten', 'url': ' ', 'version': '::apt'}, {'action': 'install', 'id': '5475279', 'name': 'squirrel3', 'url': ' ', 'version': '::apt'}]",
    "c8y_SoftwareUpdate": [
        {
            "name": "asciijump",
            "action": "install",
            "id": "5475369",
            "version": "::apt",
            "url": " "
        },
        {
            "name": "robotfindskitten",
            "action": "install",
            "id": "5474869",
            "version": "::apt",
            "url": " "
        },
        {
            "name": "squirrel3",
            "action": "install",
            "id": "5475279",
            "version": "::apt",
            "url": " "
        }
    ]
}
17:15:08 INFO  Started operation: {'creationTime': '2022-06-09T17:15:08.482Z', 'deviceId': '20083228', 'deviceName': 'm32sd10d', 'self': 'https://t493319102.eu-latest.cumulocity.com/devicecontrol/operations/20100827', 'id': '20100827', 'status': 'PENDING', 'description': "Apply software changes, triggered from PySys: [{'action': 'install', 'id': '5475369', 'name': 'asciijump', 'url': ' ', 'version': '::apt'}, {'action': 'install', 'id': '5474869', 'name': 'robotfindskitten', 'url': ' ', 'version': '::apt'}, {'action': 'install', 'id': '5475279', 'name': 'squirrel3', 'url': ' ', 'version': '::apt'}]", 'c8y_SoftwareUpdate': [{'name': 'asciijump', 'action': 'install', 'id': '5475369', 'version': '::apt', 'url': ' '}, {'name': 'robotfindskitten', 'action': 'install', 'id': '5474869', 'version': '::apt', 'url': ' '}, {'name': 'squirrel3', 'action': 'install', 'id': '5475279', 'version': '::apt', 'url': ' '}]}
17:15:10 INFO  State of operation 20100827 : PENDING
17:15:13 INFO  State of operation 20100827 : EXECUTING
17:15:15 INFO  State of operation 20100827 : EXECUTING
17:15:17 INFO  State of operation 20100827 : EXECUTING
17:15:19 INFO  State of operation 20100827 : EXECUTING
17:15:21 INFO  State of operation 20100827 : EXECUTING
17:15:24 INFO  State of operation 20100827 : EXECUTING
17:15:27 INFO  State of operation 20100827 : EXECUTING
17:15:29 INFO  State of operation 20100827 : EXECUTING
17:15:31 INFO  State of operation 20100827 : EXECUTING
17:15:34 INFO  State of operation 20100827 : EXECUTING
17:15:36 INFO  State of operation 20100827 : EXECUTING
17:15:38 INFO  State of operation 20100827 : EXECUTING
17:15:40 INFO  State of operation 20100827 : EXECUTING
17:15:43 INFO  State of operation 20100827 : EXECUTING
17:15:45 INFO  State of operation 20100827 : EXECUTING
17:15:47 INFO  State of operation 20100827 : EXECUTING
17:15:50 INFO  State of operation 20100827 : EXECUTING
17:15:52 INFO  State of operation 20100827 : EXECUTING
17:15:54 INFO  State of operation 20100827 : EXECUTING
17:15:57 INFO  State of operation 20100827 : EXECUTING
17:15:59 INFO  State of operation 20100827 : EXECUTING
17:16:02 INFO  State of operation 20100827 : EXECUTING
17:16:04 INFO  State of operation 20100827 : EXECUTING
17:16:06 INFO  State of operation 20100827 : EXECUTING
17:16:08 INFO  State of operation 20100827 : EXECUTING
17:16:11 INFO  State of operation 20100827 : EXECUTING
17:16:13 INFO  State of operation 20100827 : EXECUTING
17:16:16 INFO  State of operation 20100827 : EXECUTING
17:16:18 INFO  State of operation 20100827 : EXECUTING
17:16:20 INFO  State of operation 20100827 : EXECUTING
17:16:23 INFO  State of operation 20100827 : EXECUTING
17:16:25 INFO  State of operation 20100827 : EXECUTING
17:16:27 INFO  State of operation 20100827 : EXECUTING
17:16:29 INFO  State of operation 20100827 : SUCCESSFUL
17:16:30 INFO  Assert that (False == value) with value=False ... passed
17:16:30 INFO  Package asciijump is installed
17:16:30 INFO  Assert that (True == value) with value=True ... passed
17:16:30 INFO  Package squirrel3 is installed
17:16:30 INFO  Assert that (True == value) with value=True ... passed
17:16:30 INFO  Package robotfindskitten is installed
17:16:30 INFO  Assert that (True == value) with value=True ... passed
17:16:30 INFO  Response status: 201
17:16:30 INFO  Response to action: {
    "creationTime": "2022-06-09T17:16:30.895Z",
    "deviceId": "20083228",
    "deviceName": "m32sd10d",
    "self": "https://t493319102.eu-latest.cumulocity.com/devicecontrol/operations/20100855",
    "id": "20100855",
    "status": "PENDING",
    "description": "Apply software changes, triggered from PySys: [{'action': 'delete', 'id': '5475369', 'name': 'asciijump', 'url': ' ', 'version': '::apt'}, {'action': 'delete', 'id': '5474869', 'name': 'robotfindskitten', 'url': ' ', 'version': '::apt'}, {'action': 'delete', 'id': '5475279', 'name': 'squirrel3', 'url': ' ', 'version': '::apt'}]",
    "c8y_SoftwareUpdate": [
        {
            "name": "asciijump",
            "action": "delete",
            "id": "5475369",
            "version": "::apt",
            "url": " "
        },
        {
            "name": "robotfindskitten",
            "action": "delete",
            "id": "5474869",
            "version": "::apt",
            "url": " "
        },
        {
            "name": "squirrel3",
            "action": "delete",
            "id": "5475279",
            "version": "::apt",
            "url": " "
        }
    ]
}
17:16:30 INFO  Started operation: {'creationTime': '2022-06-09T17:16:30.895Z', 'deviceId': '20083228', 'deviceName': 'm32sd10d', 'self': 'https://t493319102.eu-latest.cumulocity.com/devicecontrol/operations/20100855', 'id': '20100855', 'status': 'PENDING', 'description': "Apply software changes, triggered from PySys: [{'action': 'delete', 'id': '5475369', 'name': 'asciijump', 'url': ' ', 'version': '::apt'}, {'action': 'delete', 'id': '5474869', 'name': 'robotfindskitten', 'url': ' ', 'version': '::apt'}, {'action': 'delete', 'id': '5475279', 'name': 'squirrel3', 'url': ' ', 'version': '::apt'}]", 'c8y_SoftwareUpdate': [{'name': 'asciijump', 'action': 'delete', 'id': '5475369', 'version': '::apt', 'url': ' '}, {'name': 'robotfindskitten', 'action': 'delete', 'id': '5474869', 'version': '::apt', 'url': ' '}, {'name': 'squirrel3', 'action': 'delete', 'id': '5475279', 'version': '::apt', 'url': ' '}]}
17:16:33 INFO  State of operation 20100855 : PENDING
17:16:35 INFO  State of operation 20100855 : EXECUTING
17:16:37 INFO  State of operation 20100855 : EXECUTING
17:16:39 INFO  State of operation 20100855 : EXECUTING
17:16:42 INFO  State of operation 20100855 : EXECUTING
17:16:44 INFO  State of operation 20100855 : EXECUTING
17:16:46 INFO  State of operation 20100855 : EXECUTING
17:16:50 INFO  State of operation 20100855 : EXECUTING
17:16:52 INFO  State of operation 20100855 : EXECUTING
17:16:54 INFO  State of operation 20100855 : EXECUTING
17:16:56 INFO  State of operation 20100855 : EXECUTING
17:16:59 INFO  State of operation 20100855 : EXECUTING
17:17:01 INFO  State of operation 20100855 : EXECUTING
17:17:03 INFO  State of operation 20100855 : EXECUTING
17:17:06 INFO  State of operation 20100855 : EXECUTING
17:17:08 INFO  State of operation 20100855 : EXECUTING
17:17:10 INFO  State of operation 20100855 : EXECUTING
17:17:13 INFO  State of operation 20100855 : EXECUTING
17:17:15 INFO  State of operation 20100855 : EXECUTING
17:17:18 INFO  State of operation 20100855 : EXECUTING
17:17:20 INFO  State of operation 20100855 : EXECUTING
17:17:22 INFO  State of operation 20100855 : EXECUTING
17:17:24 INFO  State of operation 20100855 : EXECUTING
17:17:27 INFO  State of operation 20100855 : EXECUTING
17:17:29 INFO  State of operation 20100855 : EXECUTING
17:17:32 INFO  State of operation 20100855 : EXECUTING
17:17:34 INFO  State of operation 20100855 : EXECUTING
17:17:36 INFO  State of operation 20100855 : SUCCESSFUL
17:17:37 INFO  Assert that (False == value) with value=False ... passed
17:17:37 INFO  Assert that (False == value) with value=False ... passed
17:17:37 INFO  Assert that (False == value) with value=False ... passed
17:17:37 INFO  Assert that (False == value) with value=False ... passed
17:17:37 INFO  
17:17:37 INFO  cleanup:
17:17:41 INFO  Executed sudo&lt;tedge_disconnect_c8y&gt;, exit status 0
17:17:42 INFO  Executed systemctl&lt;serv_mapper5&gt;, exit status 3
17:17:42 INFO  
17:17:42 INFO  Test duration: 179.57 secs
17:17:42 INFO  Test final outcome:  FAILED
17:17:42 INFO  Test outcome reason: Assert that (False == value) with value=True
17:17:42 INFO  
</system-out>
	</testcase>
<testcase classname="PySysTest" name="SoftwareManagement.sm_apt_install_remove_multiple">
		<failure message="FAILED: Assert that (False == value) with value=True (+2 other failures)" type="FAILED" />
		<system-out>17:41:23 INFO  ==============================================================
17:41:23 INFO  Id:    SoftwareManagement.sm_apt_install_remove_multiple
17:41:23 INFO  Dir:   software_management_end_to_end/
17:41:23 INFO  Title: Validate end to end behaviour for the apt plugin for multiple packages
17:41:23 INFO  ==============================================================
17:41:23 INFO  Using sw id database: {'asciijump': '5475369', 'robotfindskitten': '5474869', 'squirrel3': '5475279', 'rolldice': '5152439', 'moon-buggy': '5439204', 'apple': '5495053', 'banana': '5494888', 'cherry': '5495382', 'watermelon': '5494510', 'registry': '8018911', 'hello-world': '8021526', 'docker/getting-started': '8021973', 'alpine': '7991792'}
17:41:23 INFO  EnvironmentC8y Setup
17:41:23 INFO  Executed systemctl&lt;serv_mapper1&gt;, exit status 3
17:41:23 INFO  Restarting mosquitto too frequently in the last 10 seconds. It was only up for 4 seconds
17:41:23 INFO  Delaying execution by 7 seconds
17:41:44 INFO  Executed sudo&lt;tedge_connect_c8y&gt;, exit status 0, duration 13 secs
17:41:45 INFO  Executed sudo&lt;tedge_connect_c8y_test&gt;, exit status 0
17:41:45 INFO  Executed systemctl&lt;serv_mosq2&gt;, exit status 0
17:41:46 INFO  Executed systemctl&lt;serv_mapper3&gt;, exit status 0
17:41:48 INFO  State of current operation: SUCCESSFUL
17:41:48 INFO  Assert that (False == value) with value=False ... passed
17:41:49 INFO  Package asciijump is installed
17:41:49 WARN  Assert that (False == value) with value=True ... failed 
17:41:49 INFO  Package squirrel3 is installed
17:41:49 WARN  Assert that (False == value) with value=True ... failed 
17:41:49 INFO  Package robotfindskitten is installed
17:41:49 WARN  Assert that (False == value) with value=True ... failed 
17:41:50 INFO  Response status: 201
17:41:50 INFO  Response to action: {
    "delivery": {
        "log": [],
        "time": "2022-06-09T17:41:50.122Z",
        "status": "PENDING"
    },
    "creationTime": "2022-06-09T17:41:50.106Z",
    "deviceId": "20083228",
    "deviceName": "m32sd10d",
    "self": "https://t493319102.eu-latest.cumulocity.com/devicecontrol/operations/20102295",
    "id": "20102295",
    "status": "PENDING",
    "description": "Apply software changes, triggered from PySys: [{'action': 'install', 'id': '5475369', 'name': 'asciijump', 'url': ' ', 'version': '::apt'}, {'action': 'install', 'id': '5474869', 'name': 'robotfindskitten', 'url': ' ', 'version': '::apt'}, {'action': 'install', 'id': '5475279', 'name': 'squirrel3', 'url': ' ', 'version': '::apt'}]",
    "c8y_SoftwareUpdate": [
        {
            "name": "asciijump",
            "action": "install",
            "id": "5475369",
            "version": "::apt",
            "url": " "
        },
        {
            "name": "robotfindskitten",
            "action": "install",
            "id": "5474869",
            "version": "::apt",
            "url": " "
        },
        {
            "name": "squirrel3",
            "action": "install",
            "id": "5475279",
            "version": "::apt",
            "url": " "
        }
    ]
}
17:41:50 INFO  Started operation: {'delivery': {'log': [], 'time': '2022-06-09T17:41:50.122Z', 'status': 'PENDING'}, 'creationTime': '2022-06-09T17:41:50.106Z', 'deviceId': '20083228', 'deviceName': 'm32sd10d', 'self': 'https://t493319102.eu-latest.cumulocity.com/devicecontrol/operations/20102295', 'id': '20102295', 'status': 'PENDING', 'description': "Apply software changes, triggered from PySys: [{'action': 'install', 'id': '5475369', 'name': 'asciijump', 'url': ' ', 'version': '::apt'}, {'action': 'install', 'id': '5474869', 'name': 'robotfindskitten', 'url': ' ', 'version': '::apt'}, {'action': 'install', 'id': '5475279', 'name': 'squirrel3', 'url': ' ', 'version': '::apt'}]", 'c8y_SoftwareUpdate': [{'name': 'asciijump', 'action': 'install', 'id': '5475369', 'version': '::apt', 'url': ' '}, {'name': 'robotfindskitten', 'action': 'install', 'id': '5474869', 'version': '::apt', 'url': ' '}, {'name': 'squirrel3', 'action': 'install', 'id': '5475279', 'version': '::apt', 'url': ' '}]}
17:41:52 INFO  State of operation 20102295 : PENDING
17:41:54 INFO  State of operation 20102295 : EXECUTING
17:41:56 INFO  State of operation 20102295 : EXECUTING
17:41:59 INFO  State of operation 20102295 : EXECUTING
17:42:01 INFO  State of operation 20102295 : EXECUTING
17:42:03 INFO  State of operation 20102295 : EXECUTING
17:42:06 INFO  State of operation 20102295 : EXECUTING
17:42:09 INFO  State of operation 20102295 : EXECUTING
17:42:11 INFO  State of operation 20102295 : EXECUTING
17:42:14 INFO  State of operation 20102295 : EXECUTING
17:42:16 INFO  State of operation 20102295 : EXECUTING
17:42:18 INFO  State of operation 20102295 : EXECUTING
17:42:20 INFO  State of operation 20102295 : EXECUTING
17:42:23 INFO  State of operation 20102295 : EXECUTING
17:42:25 INFO  State of operation 20102295 : EXECUTING
17:42:27 INFO  State of operation 20102295 : SUCCESSFUL
17:42:27 INFO  Assert that (False == value) with value=False ... passed
17:42:27 INFO  Package asciijump is installed
17:42:27 INFO  Assert that (True == value) with value=True ... passed
17:42:28 INFO  Package squirrel3 is installed
17:42:28 INFO  Assert that (True == value) with value=True ... passed
17:42:28 INFO  Package robotfindskitten is installed
17:42:28 INFO  Assert that (True == value) with value=True ... passed
17:42:28 INFO  Response status: 201
17:42:28 INFO  Response to action: {
    "delivery": {
        "log": [],
        "time": "2022-06-09T17:42:28.643Z",
        "status": "PENDING"
    },
    "creationTime": "2022-06-09T17:42:28.628Z",
    "deviceId": "20083228",
    "deviceName": "m32sd10d",
    "self": "https://t493319102.eu-latest.cumulocity.com/devicecontrol/operations/20102314",
    "id": "20102314",
    "status": "PENDING",
    "description": "Apply software changes, triggered from PySys: [{'action': 'delete', 'id': '5475369', 'name': 'asciijump', 'url': ' ', 'version': '::apt'}, {'action': 'delete', 'id': '5474869', 'name': 'robotfindskitten', 'url': ' ', 'version': '::apt'}, {'action': 'delete', 'id': '5475279', 'name': 'squirrel3', 'url': ' ', 'version': '::apt'}]",
    "c8y_SoftwareUpdate": [
        {
            "name": "asciijump",
            "action": "delete",
            "id": "5475369",
            "version": "::apt",
            "url": " "
        },
        {
            "name": "robotfindskitten",
            "action": "delete",
            "id": "5474869",
            "version": "::apt",
            "url": " "
        },
        {
            "name": "squirrel3",
            "action": "delete",
            "id": "5475279",
            "version": "::apt",
            "url": " "
        }
    ]
}
17:42:28 INFO  Started operation: {'delivery': {'log': [], 'time': '2022-06-09T17:42:28.643Z', 'status': 'PENDING'}, 'creationTime': '2022-06-09T17:42:28.628Z', 'deviceId': '20083228', 'deviceName': 'm32sd10d', 'self': 'https://t493319102.eu-latest.cumulocity.com/devicecontrol/operations/20102314', 'id': '20102314', 'status': 'PENDING', 'description': "Apply software changes, triggered from PySys: [{'action': 'delete', 'id': '5475369', 'name': 'asciijump', 'url': ' ', 'version': '::apt'}, {'action': 'delete', 'id': '5474869', 'name': 'robotfindskitten', 'url': ' ', 'version': '::apt'}, {'action': 'delete', 'id': '5475279', 'name': 'squirrel3', 'url': ' ', 'version': '::apt'}]", 'c8y_SoftwareUpdate': [{'name': 'asciijump', 'action': 'delete', 'id': '5475369', 'version': '::apt', 'url': ' '}, {'name': 'robotfindskitten', 'action': 'delete', 'id': '5474869', 'version': '::apt', 'url': ' '}, {'name': 'squirrel3', 'action': 'delete', 'id': '5475279', 'version': '::apt', 'url': ' '}]}
17:42:30 INFO  State of operation 20102314 : PENDING
17:42:33 INFO  State of operation 20102314 : EXECUTING
17:42:35 INFO  State of operation 20102314 : EXECUTING
17:42:37 INFO  State of operation 20102314 : EXECUTING
17:42:39 INFO  State of operation 20102314 : EXECUTING
17:42:42 INFO  State of operation 20102314 : EXECUTING
17:42:44 INFO  State of operation 20102314 : EXECUTING
17:42:47 INFO  State of operation 20102314 : EXECUTING
17:42:49 INFO  State of operation 20102314 : EXECUTING
17:42:52 INFO  State of operation 20102314 : EXECUTING
17:42:54 INFO  State of operation 20102314 : EXECUTING
17:42:56 INFO  State of operation 20102314 : EXECUTING
17:42:58 INFO  State of operation 20102314 : EXECUTING
17:43:01 INFO  State of operation 20102314 : EXECUTING
17:43:03 INFO  State of operation 20102314 : EXECUTING
17:43:05 INFO  State of operation 20102314 : EXECUTING
17:43:08 INFO  State of operation 20102314 : EXECUTING
17:43:10 INFO  State of operation 20102314 : EXECUTING
17:43:13 INFO  State of operation 20102314 : EXECUTING
17:43:16 INFO  State of operation 20102314 : EXECUTING
17:43:18 INFO  State of operation 20102314 : EXECUTING
17:43:20 INFO  State of operation 20102314 : EXECUTING
17:43:22 INFO  State of operation 20102314 : EXECUTING
17:43:24 INFO  State of operation 20102314 : EXECUTING
17:43:27 INFO  State of operation 20102314 : EXECUTING
17:43:29 INFO  State of operation 20102314 : EXECUTING
17:43:32 INFO  State of operation 20102314 : EXECUTING
17:43:34 INFO  State of operation 20102314 : EXECUTING
17:43:36 INFO  State of operation 20102314 : SUCCESSFUL
17:43:36 INFO  Assert that (False == value) with value=False ... passed
17:43:37 INFO  Assert that (False == value) with value=False ... passed
17:43:37 INFO  Assert that (False == value) with value=False ... passed
17:43:37 INFO  Assert that (False == value) with value=False ... passed
17:43:37 INFO  
17:43:37 INFO  cleanup:
17:43:41 INFO  Executed sudo&lt;tedge_disconnect_c8y&gt;, exit status 0
17:43:42 INFO  Executed systemctl&lt;serv_mapper5&gt;, exit status 3
17:43:42 INFO  
17:43:42 INFO  Test duration: 139.31 secs
17:43:42 INFO  Test final outcome:  FAILED
17:43:42 INFO  Test outcome reason: Assert that (False == value) with value=True (+2 other failures)
17:43:42 INFO  
</system-out>
	</testcase>
</testsuite><testsuite name="SoftwareManagement.sm_apt_install_remove_multiple_mixed" tests="3" errors="0" failures="2" skipped="1" time="0"><testcase classname="PySysTest" name="SoftwareManagement.sm_apt_install_remove_multiple_mixed">
		<skipped message="SKIPPED: Testing the apt plugin is not supported on this platform.Use parameter -XmyPlatform='container' to enable it" />
		<system-out>16:42:56 INFO  ==============================================================
16:42:56 INFO  Id:    SoftwareManagement.sm_apt_install_remove_multiple_mixed
16:42:56 INFO  Dir:   software_management_end_to_end/
16:42:56 INFO  Title: Validate end to end behaviour for the apt plugin for multiple packages with mixed versions
16:42:56 INFO  ==============================================================
16:42:56 INFO  Testing the apt plugin is not supported on this platform.Use parameter -XmyPlatform='container' to enable it ... skipped
16:42:56 WARN  Aborted test due to SKIPPED outcome
16:42:56 INFO  
16:42:56 INFO  Test duration: 0.02 secs
16:42:56 INFO  Test final outcome:  SKIPPED
16:42:56 INFO  Test outcome reason: Testing the apt plugin is not supported on this platform.Use parameter -XmyPlatform='container' to enable it
16:42:56 INFO  
</system-out>
	</testcase>
<testcase classname="PySysTest" name="SoftwareManagement.sm_apt_install_remove_multiple_mixed">
		<failure message="BLOCKED: SystemError: Timeout while waiting for status SUCCESSFUL or False" type="BLOCKED" />
		<system-out>17:17:42 INFO  ==============================================================
17:17:42 INFO  Id:    SoftwareManagement.sm_apt_install_remove_multiple_mixed
17:17:42 INFO  Dir:   software_management_end_to_end/
17:17:42 INFO  Title: Validate end to end behaviour for the apt plugin for multiple packages with mixed versions
17:17:42 INFO  ==============================================================
17:17:42 INFO  Using sw id database: {'asciijump': '5475369', 'robotfindskitten': '5474869', 'squirrel3': '5475279', 'rolldice': '5152439', 'moon-buggy': '5439204', 'apple': '5495053', 'banana': '5494888', 'cherry': '5495382', 'watermelon': '5494510', 'registry': '8018911', 'hello-world': '8021526', 'docker/getting-started': '8021973', 'alpine': '7991792'}
17:17:42 INFO  EnvironmentC8y Setup
17:17:42 INFO  Executed systemctl&lt;serv_mapper1&gt;, exit status 3
17:17:43 INFO  Restarting mosquitto too frequently in the last 10 seconds. It was only up for 5 seconds
17:17:43 INFO  Delaying execution by 6 seconds
17:18:02 INFO  Executed sudo&lt;tedge_connect_c8y&gt;, exit status 0, duration 13 secs
17:18:03 INFO  Executed sudo&lt;tedge_connect_c8y_test&gt;, exit status 0
17:18:03 INFO  Executed systemctl&lt;serv_mosq2&gt;, exit status 0
17:18:04 INFO  Executed systemctl&lt;serv_mapper3&gt;, exit status 0
17:18:06 INFO  State of current operation: SUCCESSFUL
17:18:06 INFO  Assert that (False == value) with value=False ... passed
17:18:07 INFO  Assert that (False == value) with value=False ... passed
17:18:07 INFO  Assert that (False == value) with value=False ... passed
17:18:07 INFO  Assert that (False == value) with value=False ... passed
17:18:07 INFO  Assert that (False == value) with value=False ... passed
17:18:09 INFO  Response status: 201
17:18:09 INFO  Response to action: {
    "creationTime": "2022-06-09T17:18:09.031Z",
    "deviceId": "20083228",
    "deviceName": "m32sd10d",
    "self": "https://t493319102.eu-latest.cumulocity.com/devicecontrol/operations/20100891",
    "id": "20100891",
    "status": "PENDING",
    "description": "Apply software changes, triggered from PySys: [{'action': 'install', 'id': '5475369', 'name': 'asciijump', 'url': ' ', 'version': '::apt'}, {'action': 'install', 'id': '5474869', 'name': 'robotfindskitten', 'url': ' ', 'version': ' '}, {'action': 'install', 'id': '5475279', 'name': 'squirrel3', 'url': ' ', 'version': '3.1-7::apt'}, {'action': 'install', 'id': '5152439', 'name': 'rolldice', 'url': ' ', 'version': '1.16-1+b1'}, {'action': 'install', 'id': '5439204', 'name': 'moon-buggy', 'url': ' ', 'version': '1:1.0.51-12'}, {'action': 'install', 'id': '5475369', 'name': 'asciijump', 'url': ' ', 'version': '::apt'}]",
    "c8y_SoftwareUpdate": [
        {
            "name": "asciijump",
            "action": "install",
            "id": "5475369",
            "version": "::apt",
            "url": " "
        },
        {
            "name": "robotfindskitten",
            "action": "install",
            "id": "5474869",
            "version": " ",
            "url": " "
        },
        {
            "name": "squirrel3",
            "action": "install",
            "id": "5475279",
            "version": "3.1-7::apt",
            "url": " "
        },
        {
            "name": "rolldice",
            "action": "install",
            "id": "5152439",
            "version": "1.16-1+b1",
            "url": " "
        },
        {
            "name": "moon-buggy",
            "action": "install",
            "id": "5439204",
            "version": "1:1.0.51-12",
            "url": " "
        },
        {
            "name": "asciijump",
            "action": "install",
            "id": "5475369",
            "version": "::apt",
            "url": " "
        }
    ]
}
17:18:09 INFO  Started operation: {'creationTime': '2022-06-09T17:18:09.031Z', 'deviceId': '20083228', 'deviceName': 'm32sd10d', 'self': 'https://t493319102.eu-latest.cumulocity.com/devicecontrol/operations/20100891', 'id': '20100891', 'status': 'PENDING', 'description': "Apply software changes, triggered from PySys: [{'action': 'install', 'id': '5475369', 'name': 'asciijump', 'url': ' ', 'version': '::apt'}, {'action': 'install', 'id': '5474869', 'name': 'robotfindskitten', 'url': ' ', 'version': ' '}, {'action': 'install', 'id': '5475279', 'name': 'squirrel3', 'url': ' ', 'version': '3.1-7::apt'}, {'action': 'install', 'id': '5152439', 'name': 'rolldice', 'url': ' ', 'version': '1.16-1+b1'}, {'action': 'install', 'id': '5439204', 'name': 'moon-buggy', 'url': ' ', 'version': '1:1.0.51-12'}, {'action': 'install', 'id': '5475369', 'name': 'asciijump', 'url': ' ', 'version': '::apt'}]", 'c8y_SoftwareUpdate': [{'name': 'asciijump', 'action': 'install', 'id': '5475369', 'version': '::apt', 'url': ' '}, {'name': 'robotfindskitten', 'action': 'install', 'id': '5474869', 'version': ' ', 'url': ' '}, {'name': 'squirrel3', 'action': 'install', 'id': '5475279', 'version': '3.1-7::apt', 'url': ' '}, {'name': 'rolldice', 'action': 'install', 'id': '5152439', 'version': '1.16-1+b1', 'url': ' '}, {'name': 'moon-buggy', 'action': 'install', 'id': '5439204', 'version': '1:1.0.51-12', 'url': ' '}, {'name': 'asciijump', 'action': 'install', 'id': '5475369', 'version': '::apt', 'url': ' '}]}
17:18:11 INFO  State of operation 20100891 : PENDING
17:18:13 INFO  State of operation 20100891 : EXECUTING
17:18:15 INFO  State of operation 20100891 : EXECUTING
17:18:18 INFO  State of operation 20100891 : EXECUTING
17:18:20 INFO  State of operation 20100891 : EXECUTING
17:18:22 INFO  State of operation 20100891 : EXECUTING
17:18:25 INFO  State of operation 20100891 : EXECUTING
17:18:28 INFO  State of operation 20100891 : EXECUTING
17:18:30 INFO  State of operation 20100891 : EXECUTING
17:18:32 INFO  State of operation 20100891 : EXECUTING
17:18:35 INFO  State of operation 20100891 : EXECUTING
17:18:37 INFO  State of operation 20100891 : EXECUTING
17:18:39 INFO  State of operation 20100891 : EXECUTING
17:18:41 INFO  State of operation 20100891 : EXECUTING
17:18:44 INFO  State of operation 20100891 : EXECUTING
17:18:46 INFO  State of operation 20100891 : EXECUTING
17:18:48 INFO  State of operation 20100891 : EXECUTING
17:18:51 INFO  State of operation 20100891 : EXECUTING
17:18:53 INFO  State of operation 20100891 : EXECUTING
17:18:56 INFO  State of operation 20100891 : EXECUTING
17:18:58 INFO  State of operation 20100891 : EXECUTING
17:19:01 INFO  State of operation 20100891 : EXECUTING
17:19:03 INFO  State of operation 20100891 : EXECUTING
17:19:05 INFO  State of operation 20100891 : EXECUTING
17:19:08 INFO  State of operation 20100891 : EXECUTING
17:19:10 INFO  State of operation 20100891 : EXECUTING
17:19:13 INFO  State of operation 20100891 : EXECUTING
17:19:16 INFO  State of operation 20100891 : EXECUTING
17:19:18 INFO  State of operation 20100891 : EXECUTING
17:19:20 INFO  State of operation 20100891 : EXECUTING
17:19:22 INFO  State of operation 20100891 : EXECUTING
17:19:25 INFO  State of operation 20100891 : EXECUTING
17:19:27 INFO  State of operation 20100891 : EXECUTING
17:19:29 INFO  State of operation 20100891 : EXECUTING
17:19:31 INFO  State of operation 20100891 : EXECUTING
17:19:34 INFO  State of operation 20100891 : EXECUTING
17:19:36 INFO  State of operation 20100891 : EXECUTING
17:19:38 INFO  State of operation 20100891 : EXECUTING
17:19:41 INFO  State of operation 20100891 : EXECUTING
17:19:43 INFO  State of operation 20100891 : EXECUTING
17:19:46 INFO  State of operation 20100891 : EXECUTING
17:19:48 INFO  State of operation 20100891 : EXECUTING
17:19:50 INFO  State of operation 20100891 : EXECUTING
17:19:52 INFO  State of operation 20100891 : EXECUTING
17:19:55 INFO  State of operation 20100891 : EXECUTING
17:19:57 INFO  State of operation 20100891 : EXECUTING
17:19:59 INFO  State of operation 20100891 : EXECUTING
17:20:01 INFO  State of operation 20100891 : EXECUTING
17:20:04 INFO  State of operation 20100891 : EXECUTING
17:20:06 INFO  State of operation 20100891 : EXECUTING
17:20:09 INFO  State of operation 20100891 : EXECUTING
17:20:11 INFO  State of operation 20100891 : EXECUTING
17:20:14 INFO  State of operation 20100891 : EXECUTING
17:20:16 INFO  State of operation 20100891 : EXECUTING
17:20:19 INFO  State of operation 20100891 : EXECUTING
17:20:21 INFO  State of operation 20100891 : EXECUTING
17:20:23 INFO  State of operation 20100891 : EXECUTING
17:20:26 INFO  State of operation 20100891 : EXECUTING
17:20:28 INFO  State of operation 20100891 : EXECUTING
17:20:30 INFO  State of operation 20100891 : EXECUTING
17:20:32 INFO  State of operation 20100891 : EXECUTING
17:20:34 WARN  SystemError occurred while running test - Timeout while waiting for status SUCCESSFUL or False
Traceback (most recent call last):
  File "/home/pi/env-pysys/lib/python3.7/site-packages/pysys/baserunner.py", line 1294, in __call__
    self.testObj.execute()
  File "/home/pi/actions-runner/_work/thin-edge.io/thin-edge.io/tests/PySys/software_management_end_to_end/sm_apt_install_remove_multiple_mixed/run.py", line 89, in execute
    self.wait_until_succcess()
  File "/home/pi/actions-runner/_work/thin-edge.io/thin-edge.io/tests/PySys/software_management_end_to_end/environment_sm_management.py", line 324, in wait_until_succcess
    self.wait_until_status("SUCCESSFUL")
  File "/home/pi/actions-runner/_work/thin-edge.io/thin-edge.io/tests/PySys/software_management_end_to_end/environment_sm_management.py", line 381, in wait_until_status
    "Timeout while waiting for status %s or %s" % (status, status2)
SystemError: Timeout while waiting for status SUCCESSFUL or False
17:20:35 WARN  SystemError: Timeout while waiting for status SUCCESSFUL or False ... blocked 
17:20:35 INFO  
17:20:35 INFO  cleanup:
17:20:39 INFO  Executed sudo&lt;tedge_disconnect_c8y&gt;, exit status 0
17:20:40 INFO  Executed systemctl&lt;serv_mapper5&gt;, exit status 3
17:20:40 INFO  
17:20:40 INFO  Test duration: 177.89 secs
17:20:40 INFO  Test final outcome:  BLOCKED
17:20:40 INFO  Test outcome reason: SystemError: Timeout while waiting for status SUCCESSFUL or False
17:20:40 INFO  
</system-out>
	</testcase>
<testcase classname="PySysTest" name="SoftwareManagement.sm_apt_install_remove_multiple_mixed">
		<failure message="BLOCKED: SystemError: Timeout while waiting for status SUCCESSFUL or False (+1 other failures)" type="BLOCKED" />
		<system-out>17:43:42 INFO  ==============================================================
17:43:42 INFO  Id:    SoftwareManagement.sm_apt_install_remove_multiple_mixed
17:43:42 INFO  Dir:   software_management_end_to_end/
17:43:42 INFO  Title: Validate end to end behaviour for the apt plugin for multiple packages with mixed versions
17:43:42 INFO  ==============================================================
17:43:42 INFO  Using sw id database: {'asciijump': '5475369', 'robotfindskitten': '5474869', 'squirrel3': '5475279', 'rolldice': '5152439', 'moon-buggy': '5439204', 'apple': '5495053', 'banana': '5494888', 'cherry': '5495382', 'watermelon': '5494510', 'registry': '8018911', 'hello-world': '8021526', 'docker/getting-started': '8021973', 'alpine': '7991792'}
17:43:42 INFO  EnvironmentC8y Setup
17:43:43 INFO  Executed systemctl&lt;serv_mapper1&gt;, exit status 3
17:43:43 INFO  Restarting mosquitto too frequently in the last 10 seconds. It was only up for 5 seconds
17:43:43 INFO  Delaying execution by 6 seconds
17:44:02 INFO  Executed sudo&lt;tedge_connect_c8y&gt;, exit status 0, duration 13 secs
17:44:03 INFO  Executed sudo&lt;tedge_connect_c8y_test&gt;, exit status 0
17:44:03 INFO  Executed systemctl&lt;serv_mosq2&gt;, exit status 0
17:44:04 INFO  Executed systemctl&lt;serv_mapper3&gt;, exit status 0
17:44:06 INFO  State of current operation: SUCCESSFUL
17:44:06 INFO  Assert that (False == value) with value=False ... passed
17:44:07 INFO  Assert that (False == value) with value=False ... passed
17:44:07 INFO  Assert that (False == value) with value=False ... passed
17:44:07 INFO  Assert that (False == value) with value=False ... passed
17:44:07 INFO  Package moon-buggy is installed
17:44:07 WARN  Assert that (False == value) with value=True ... failed 
17:44:09 INFO  Response status: 201
17:44:09 INFO  Response to action: {
    "delivery": {
        "log": [],
        "time": "2022-06-09T17:44:09.103Z",
        "status": "PENDING"
    },
    "creationTime": "2022-06-09T17:44:09.085Z",
    "deviceId": "20083228",
    "deviceName": "m32sd10d",
    "self": "https://t493319102.eu-latest.cumulocity.com/devicecontrol/operations/20102347",
    "id": "20102347",
    "status": "PENDING",
    "description": "Apply software changes, triggered from PySys: [{'action': 'install', 'id': '5475369', 'name': 'asciijump', 'url': ' ', 'version': '::apt'}, {'action': 'install', 'id': '5474869', 'name': 'robotfindskitten', 'url': ' ', 'version': ' '}, {'action': 'install', 'id': '5475279', 'name': 'squirrel3', 'url': ' ', 'version': '3.1-7::apt'}, {'action': 'install', 'id': '5152439', 'name': 'rolldice', 'url': ' ', 'version': '1.16-1+b1'}, {'action': 'install', 'id': '5439204', 'name': 'moon-buggy', 'url': ' ', 'version': '1:1.0.51-12'}, {'action': 'install', 'id': '5475369', 'name': 'asciijump', 'url': ' ', 'version': '::apt'}]",
    "c8y_SoftwareUpdate": [
        {
            "name": "asciijump",
            "action": "install",
            "id": "5475369",
            "version": "::apt",
            "url": " "
        },
        {
            "name": "robotfindskitten",
            "action": "install",
            "id": "5474869",
            "version": " ",
            "url": " "
        },
        {
            "name": "squirrel3",
            "action": "install",
            "id": "5475279",
            "version": "3.1-7::apt",
            "url": " "
        },
        {
            "name": "rolldice",
            "action": "install",
            "id": "5152439",
            "version": "1.16-1+b1",
            "url": " "
        },
        {
            "name": "moon-buggy",
            "action": "install",
            "id": "5439204",
            "version": "1:1.0.51-12",
            "url": " "
        },
        {
            "name": "asciijump",
            "action": "install",
            "id": "5475369",
            "version": "::apt",
            "url": " "
        }
    ]
}
17:44:09 INFO  Started operation: {'delivery': {'log': [], 'time': '2022-06-09T17:44:09.103Z', 'status': 'PENDING'}, 'creationTime': '2022-06-09T17:44:09.085Z', 'deviceId': '20083228', 'deviceName': 'm32sd10d', 'self': 'https://t493319102.eu-latest.cumulocity.com/devicecontrol/operations/20102347', 'id': '20102347', 'status': 'PENDING', 'description': "Apply software changes, triggered from PySys: [{'action': 'install', 'id': '5475369', 'name': 'asciijump', 'url': ' ', 'version': '::apt'}, {'action': 'install', 'id': '5474869', 'name': 'robotfindskitten', 'url': ' ', 'version': ' '}, {'action': 'install', 'id': '5475279', 'name': 'squirrel3', 'url': ' ', 'version': '3.1-7::apt'}, {'action': 'install', 'id': '5152439', 'name': 'rolldice', 'url': ' ', 'version': '1.16-1+b1'}, {'action': 'install', 'id': '5439204', 'name': 'moon-buggy', 'url': ' ', 'version': '1:1.0.51-12'}, {'action': 'install', 'id': '5475369', 'name': 'asciijump', 'url': ' ', 'version': '::apt'}]", 'c8y_SoftwareUpdate': [{'name': 'asciijump', 'action': 'install', 'id': '5475369', 'version': '::apt', 'url': ' '}, {'name': 'robotfindskitten', 'action': 'install', 'id': '5474869', 'version': ' ', 'url': ' '}, {'name': 'squirrel3', 'action': 'install', 'id': '5475279', 'version': '3.1-7::apt', 'url': ' '}, {'name': 'rolldice', 'action': 'install', 'id': '5152439', 'version': '1.16-1+b1', 'url': ' '}, {'name': 'moon-buggy', 'action': 'install', 'id': '5439204', 'version': '1:1.0.51-12', 'url': ' '}, {'name': 'asciijump', 'action': 'install', 'id': '5475369', 'version': '::apt', 'url': ' '}]}
17:44:11 INFO  State of operation 20102347 : PENDING
17:44:13 INFO  State of operation 20102347 : EXECUTING
17:44:15 INFO  State of operation 20102347 : EXECUTING
17:44:18 INFO  State of operation 20102347 : EXECUTING
17:44:20 INFO  State of operation 20102347 : EXECUTING
17:44:22 INFO  State of operation 20102347 : EXECUTING
17:44:25 INFO  State of operation 20102347 : EXECUTING
17:44:28 INFO  State of operation 20102347 : EXECUTING
17:44:30 INFO  State of operation 20102347 : EXECUTING
17:44:32 INFO  State of operation 20102347 : EXECUTING
17:44:35 INFO  State of operation 20102347 : EXECUTING
17:44:37 INFO  State of operation 20102347 : EXECUTING
17:44:39 INFO  State of operation 20102347 : EXECUTING
17:44:41 INFO  State of operation 20102347 : EXECUTING
17:44:44 INFO  State of operation 20102347 : EXECUTING
17:44:46 INFO  State of operation 20102347 : EXECUTING
17:44:48 INFO  State of operation 20102347 : EXECUTING
17:44:51 INFO  State of operation 20102347 : EXECUTING
17:44:53 INFO  State of operation 20102347 : EXECUTING
17:44:56 INFO  State of operation 20102347 : EXECUTING
17:44:58 INFO  State of operation 20102347 : EXECUTING
17:45:01 INFO  State of operation 20102347 : EXECUTING
17:45:03 INFO  State of operation 20102347 : EXECUTING
17:45:06 INFO  State of operation 20102347 : EXECUTING
17:45:08 INFO  State of operation 20102347 : EXECUTING
17:45:10 INFO  State of operation 20102347 : EXECUTING
17:45:12 INFO  State of operation 20102347 : EXECUTING
17:45:15 INFO  State of operation 20102347 : EXECUTING
17:45:17 INFO  State of operation 20102347 : EXECUTING
17:45:19 INFO  State of operation 20102347 : EXECUTING
17:45:22 INFO  State of operation 20102347 : EXECUTING
17:45:24 INFO  State of operation 20102347 : EXECUTING
17:45:26 INFO  State of operation 20102347 : EXECUTING
17:45:28 INFO  State of operation 20102347 : EXECUTING
17:45:31 INFO  State of operation 20102347 : EXECUTING
17:45:33 INFO  State of operation 20102347 : EXECUTING
17:45:35 INFO  State of operation 20102347 : EXECUTING
17:45:38 INFO  State of operation 20102347 : EXECUTING
17:45:40 INFO  State of operation 20102347 : EXECUTING
17:45:43 INFO  State of operation 20102347 : EXECUTING
17:45:45 INFO  State of operation 20102347 : EXECUTING
17:45:47 INFO  State of operation 20102347 : EXECUTING
17:45:50 INFO  State of operation 20102347 : EXECUTING
17:45:52 INFO  State of operation 20102347 : EXECUTING
17:45:54 INFO  State of operation 20102347 : EXECUTING
17:45:56 INFO  State of operation 20102347 : EXECUTING
17:45:59 INFO  State of operation 20102347 : EXECUTING
17:46:01 INFO  State of operation 20102347 : EXECUTING
17:46:04 INFO  State of operation 20102347 : EXECUTING
17:46:06 INFO  State of operation 20102347 : EXECUTING
17:46:08 INFO  State of operation 20102347 : EXECUTING
17:46:10 INFO  State of operation 20102347 : EXECUTING
17:46:13 INFO  State of operation 20102347 : EXECUTING
17:46:15 INFO  State of operation 20102347 : EXECUTING
17:46:18 INFO  State of operation 20102347 : EXECUTING
17:46:20 INFO  State of operation 20102347 : EXECUTING
17:46:24 INFO  State of operation 20102347 : EXECUTING
17:46:26 INFO  State of operation 20102347 : EXECUTING
17:46:28 INFO  State of operation 20102347 : EXECUTING
17:46:31 INFO  State of operation 20102347 : EXECUTING
17:46:33 INFO  State of operation 20102347 : EXECUTING
17:46:35 WARN  SystemError occurred while running test - Timeout while waiting for status SUCCESSFUL or False
Traceback (most recent call last):
  File "/home/pi/env-pysys/lib/python3.7/site-packages/pysys/baserunner.py", line 1294, in __call__
    self.testObj.execute()
  File "/home/pi/actions-runner/_work/thin-edge.io/thin-edge.io/tests/PySys/software_management_end_to_end/sm_apt_install_remove_multiple_mixed/run.py", line 89, in execute
    self.wait_until_succcess()
  File "/home/pi/actions-runner/_work/thin-edge.io/thin-edge.io/tests/PySys/software_management_end_to_end/environment_sm_management.py", line 324, in wait_until_succcess
    self.wait_until_status("SUCCESSFUL")
  File "/home/pi/actions-runner/_work/thin-edge.io/thin-edge.io/tests/PySys/software_management_end_to_end/environment_sm_management.py", line 381, in wait_until_status
    "Timeout while waiting for status %s or %s" % (status, status2)
SystemError: Timeout while waiting for status SUCCESSFUL or False
17:46:35 WARN  SystemError: Timeout while waiting for status SUCCESSFUL or False ... blocked 
17:46:35 INFO  
17:46:35 INFO  cleanup:
17:46:39 INFO  Executed sudo&lt;tedge_disconnect_c8y&gt;, exit status 0
17:46:40 INFO  Executed systemctl&lt;serv_mapper5&gt;, exit status 3
17:46:40 INFO  
17:46:40 INFO  Test duration: 178.16 secs
17:46:40 INFO  Test final outcome:  BLOCKED
17:46:40 INFO  Test outcome reason: SystemError: Timeout while waiting for status SUCCESSFUL or False (+1 other failures)
17:46:40 INFO  
</system-out>
	</testcase>
</testsuite><testsuite name="SoftwareManagement.sm_apt_install_remove_with_version" tests="3" errors="0" failures="0" skipped="1" time="0"><testcase classname="PySysTest" name="SoftwareManagement.sm_apt_install_remove_with_version">
		<skipped message="SKIPPED: Testing the apt plugin is not supported on this platform.Use parameter -XmyPlatform='container' to enable it" />
		<system-out>16:42:57 INFO  ==============================================================
16:42:57 INFO  Id:    SoftwareManagement.sm_apt_install_remove_with_version
16:42:57 INFO  Dir:   software_management_end_to_end/
16:42:57 INFO  Title: Validate end to end behaviour for the apt plugin for packages with version
16:42:57 INFO  ==============================================================
16:42:57 INFO  Testing the apt plugin is not supported on this platform.Use parameter -XmyPlatform='container' to enable it ... skipped
16:42:57 WARN  Aborted test due to SKIPPED outcome
16:42:57 INFO  
16:42:57 INFO  Test duration: 0.04 secs
16:42:57 INFO  Test final outcome:  SKIPPED
16:42:57 INFO  Test outcome reason: Testing the apt plugin is not supported on this platform.Use parameter -XmyPlatform='container' to enable it
16:42:57 INFO  
</system-out>
	</testcase>
<testcase classname="PySysTest" name="SoftwareManagement.sm_apt_install_remove_with_version" />
<testcase classname="PySysTest" name="SoftwareManagement.sm_apt_install_remove_with_version" />
</testsuite><testsuite name="SoftwareManagement.sm_docker_install_remove_multiple" tests="3" errors="0" failures="0" skipped="1" time="0"><testcase classname="SMDockerInstallRemove" name="SoftwareManagement.sm_docker_install_remove_multiple">
		<skipped message="SKIPPED: Testing the apt plugin is not supported on this platform.Use parameter -XmyPlatform='container' to enable it" />
		<system-out>16:42:57 INFO  ==============================================================
16:42:57 INFO  Id:    SoftwareManagement.sm_docker_install_remove_multiple
16:42:57 INFO  Dir:   software_management_end_to_end/
16:42:57 INFO  Title: Validate end to end behaviour for the docker plugin for multiple docker images with mixed versions
16:42:57 INFO  ==============================================================
16:42:57 INFO  Testing the apt plugin is not supported on this platform.Use parameter -XmyPlatform='container' to enable it ... skipped
16:42:57 WARN  Aborted test due to SKIPPED outcome
16:42:57 INFO  
16:42:57 INFO  Test duration: 0.02 secs
16:42:57 INFO  Test final outcome:  SKIPPED
16:42:57 INFO  Test outcome reason: Testing the apt plugin is not supported on this platform.Use parameter -XmyPlatform='container' to enable it
16:42:57 INFO  
</system-out>
	</testcase>
<testcase classname="SMDockerInstallRemove" name="SoftwareManagement.sm_docker_install_remove_multiple" />
<testcase classname="SMDockerInstallRemove" name="SoftwareManagement.sm_docker_install_remove_multiple" />
</testsuite><testsuite name="SoftwareManagement.sm_fake_install_remove" tests="2" errors="0" failures="0" skipped="1" time="0"><testcase classname="PySysTest" name="SoftwareManagement.sm_fake_install_remove">
		<skipped message="SKIPPED: Testing the fake plugin is not enabled.Use parameter -Xfakeplugin=fakeplugin to enable it" />
		<system-out>16:42:57 INFO  ==============================================================
16:42:57 INFO  Id:    SoftwareManagement.sm_fake_install_remove
16:42:57 INFO  Dir:   software_management_end_to_end/
16:42:57 INFO  Title: Validate end to end behaviour for the dummy plugin for installation and removal of packages
16:42:57 INFO  ==============================================================
16:42:57 INFO  Testing the fake plugin is not enabled.Use parameter -Xfakeplugin=fakeplugin to enable it ... skipped
16:42:57 WARN  Aborted test due to SKIPPED outcome
16:42:57 INFO  
16:42:57 INFO  Test duration: 0.02 secs
16:42:57 INFO  Test final outcome:  SKIPPED
16:42:57 INFO  Test outcome reason: Testing the fake plugin is not enabled.Use parameter -Xfakeplugin=fakeplugin to enable it
16:42:57 INFO  
</system-out>
	</testcase>
<testcase classname="PySysTest" name="SoftwareManagement.sm_fake_install_remove" />
</testsuite><testsuite name="SoftwareManagement.sm_fake_install_remove_multiple" tests="2" errors="0" failures="0" skipped="1" time="0"><testcase classname="PySysTest" name="SoftwareManagement.sm_fake_install_remove_multiple">
		<skipped message="SKIPPED: Testing the fake plugin is not enabled.Use parameter -Xfakeplugin=fakeplugin to enable it" />
		<system-out>16:42:57 INFO  ==============================================================
16:42:57 INFO  Id:    SoftwareManagement.sm_fake_install_remove_multiple
16:42:57 INFO  Dir:   software_management_end_to_end/
16:42:57 INFO  Title: Validate end to end behaviour for the dummy-plugin for multiple packages
16:42:57 INFO  ==============================================================
16:42:57 INFO  Testing the fake plugin is not enabled.Use parameter -Xfakeplugin=fakeplugin to enable it ... skipped
16:42:57 WARN  Aborted test due to SKIPPED outcome
16:42:57 INFO  
16:42:57 INFO  Test duration: 0.02 secs
16:42:57 INFO  Test final outcome:  SKIPPED
16:42:57 INFO  Test outcome reason: Testing the fake plugin is not enabled.Use parameter -Xfakeplugin=fakeplugin to enable it
16:42:57 INFO  
</system-out>
	</testcase>
<testcase classname="PySysTest" name="SoftwareManagement.sm_fake_install_remove_multiple" />
</testsuite><testsuite name="SoftwareManagement.sm_mapper_fail_and_reconnect" tests="2" errors="0" failures="0" skipped="2" time="0"><testcase classname="MapperC8yReceiveLastMessageOnRestart" name="SoftwareManagement.sm_mapper_fail_and_reconnect">
		<skipped message="SKIPPED: instable https://github.com/thin-edge/thin-edge.io/issues/752" />
		<system-out>16:42:57 INFO  ==============================================================
16:42:57 INFO  Id:    SoftwareManagement.sm_mapper_fail_and_reconnect
16:42:57 INFO  Dir:   software_management_end_to_end/
16:42:57 INFO  Title: Validate the tedge-mapper-sm-c8y for receiving the last message on restart
16:42:57 INFO  ==============================================================
16:42:57 INFO  instable https://github.com/thin-edge/thin-edge.io/issues/752 ... skipped
16:42:57 INFO  
16:42:57 INFO  Test duration: 0.02 secs
16:42:57 INFO  Test final outcome:  SKIPPED
16:42:57 INFO  Test outcome reason: instable https://github.com/thin-edge/thin-edge.io/issues/752
16:42:57 INFO  
</system-out>
	</testcase>
<testcase classname="MapperC8yReceiveLastMessageOnRestart" name="SoftwareManagement.sm_mapper_fail_and_reconnect">
		<skipped message="SKIPPED: instable https://github.com/thin-edge/thin-edge.io/issues/752" />
		<system-out>17:53:19 INFO  ==============================================================
17:53:19 INFO  Id:    SoftwareManagement.sm_mapper_fail_and_reconnect
17:53:19 INFO  Dir:   software_management_end_to_end/
17:53:19 INFO  Title: Validate the tedge-mapper-sm-c8y for receiving the last message on restart
17:53:19 INFO  ==============================================================
17:53:19 INFO  instable https://github.com/thin-edge/thin-edge.io/issues/752 ... skipped
17:53:19 INFO  
17:53:19 INFO  Test duration: 0.04 secs
17:53:19 INFO  Test final outcome:  SKIPPED
17:53:19 INFO  Test outcome reason: instable https://github.com/thin-edge/thin-edge.io/issues/752
17:53:19 INFO  
</system-out>
	</testcase>
</testsuite><testsuite name="SoftwareManagement.sm_mixed_install_remove_multiple" tests="2" errors="0" failures="1" skipped="1" time="0"><testcase classname="PySysTest" name="SoftwareManagement.sm_mixed_install_remove_multiple">
		<skipped message="SKIPPED: Testing the fake plugin is not enabled.Use parameter -Xfakeplugin=fakeplugin to enable it" />
		<system-out>16:42:57 INFO  ==============================================================
16:42:57 INFO  Id:    SoftwareManagement.sm_mixed_install_remove_multiple
16:42:57 INFO  Dir:   software_management_end_to_end/
16:42:57 INFO  Title: Validate end to end behaviour for the dummy-plugin for multiple packages with mixed versions
16:42:57 INFO  ==============================================================
16:42:57 INFO  Testing the fake plugin is not enabled.Use parameter -Xfakeplugin=fakeplugin to enable it ... skipped
16:42:57 WARN  Aborted test due to SKIPPED outcome
16:42:57 INFO  
16:42:57 INFO  Test duration: 0.03 secs
16:42:57 INFO  Test final outcome:  SKIPPED
[...]
16:30:59 INFO  Executed sudo&lt;rm_tmp_logs&gt;, exit status 0
16:30:59 INFO  Executed sudo&lt;send_failed&gt;, exit status 0
16:31:00 INFO  Executed sudo&lt;log_file_daemon&gt;, exit status 0
16:31:04 INFO  Executed sudo&lt;tedge_disconnect_c8y&gt;, exit status 0
16:31:05 INFO  Executed systemctl&lt;serv_mapper5&gt;, exit status 3
16:31:05 INFO  
16:31:05 INFO  Test duration: 26.46 secs
16:31:05 INFO  Test final outcome:  BLOCKED
16:31:05 INFO  Test outcome reason: TypeError: 'NoneType' object is not subscriptable
16:31:05 INFO  
</system-out>
	</testcase>
</testsuite><testsuite name="log_request_num_lines" tests="1" errors="0" failures="1" skipped="0" time="0"><testcase classname="LogRequestVerifyNumberOfLines" name="log_request_num_lines">
		<failure message="BLOCKED: TypeError: 'NoneType' object is not subscriptable" type="BLOCKED" />
		<system-out>16:31:05 INFO  ==============================================================
16:31:05 INFO  Id:    log_request_num_lines
16:31:05 INFO  Dir:   log_request_end_to_end/
16:31:05 INFO  Title: Validate end to end behaviour for the log request operation check for number of lines
16:31:05 INFO  ==============================================================
16:31:05 INFO  EnvironmentC8y Setup
16:31:05 INFO  Executed systemctl&lt;serv_mapper1&gt;, exit status 3
16:31:05 INFO  Restarting mosquitto too frequently in the last 10 seconds. It was only up for 4 seconds
16:31:05 INFO  Delaying execution by 7 seconds
16:31:27 INFO  Executed sudo&lt;tedge_connect_c8y&gt;, exit status 0, duration 14 secs
16:31:27 INFO  Executed sudo&lt;tedge_connect_c8y_test&gt;, exit status 0
16:31:28 INFO  Executed systemctl&lt;serv_mosq2&gt;, exit status 0
16:31:28 INFO  Executed systemctl&lt;serv_mapper3&gt;, exit status 0
16:31:29 INFO  Executed sudo&lt;rm_logs&gt;, exit status 0
16:31:29 INFO  Executed sudo&lt;move_logs&gt;, exit status 0
16:31:30 INFO  Executed sudo&lt;log_file_daemon&gt;, exit status 0
16:31:30 WARN  TypeError occurred while running test - 'NoneType' object is not subscriptable
Traceback (most recent call last):
  File "/home/pi/env-pysys/lib/python3.7/site-packages/pysys/baserunner.py", line 1294, in __call__
    self.testObj.execute()
  File "/home/pi/actions-runner/_work/thin-edge.io/thin-edge.io/tests/PySys/log_request_end_to_end/log_request_num_lines/run.py", line 46, in execute
    log_file_request_payload, self.project.deviceid
  File "/home/pi/actions-runner/_work/thin-edge.io/thin-edge.io/tests/PySys/environments/cumulocity.py", line 101, in trigger_log_request
    "deviceId": self.device_fragment["id"],
TypeError: 'NoneType' object is not subscriptable
16:31:30 WARN  TypeError: 'NoneType' object is not subscriptable ... blocked 
16:31:30 INFO  
16:31:30 INFO  cleanup:
16:31:31 INFO  Executed sudo&lt;rm_logs&gt;, exit status 0
16:31:31 INFO  Executed sudo&lt;rm_tmp_logs&gt;, exit status 0
16:31:32 INFO  Executed sudo&lt;send_failed&gt;, exit status 0
16:31:33 INFO  Executed sudo&lt;log_file_daemon&gt;, exit status 0
16:31:37 INFO  Executed sudo&lt;tedge_disconnect_c8y&gt;, exit status 0
16:31:38 INFO  Executed systemctl&lt;serv_mapper5&gt;, exit status 3
16:31:38 INFO  
16:31:38 INFO  Test duration: 32.89 secs
16:31:38 INFO  Test final outcome:  BLOCKED
16:31:38 INFO  Test outcome reason: TypeError: 'NoneType' object is not subscriptable
16:31:38 INFO  
</system-out>
	</testcase>
</testsuite><testsuite name="mapper_awaits_before_reconnect" tests="1" errors="0" failures="1" skipped="0" time="0"><testcase classname="MapperReconnectAwait" name="mapper_awaits_before_reconnect">
		<failure message="FAILED: Line count on tedge_mapper_journal.out for &quot;tedge_mapper::core::mapper: MQTT connection error:&quot; expected &gt;=2 but got 0" type="FAILED" />
		<system-out>16:46:01 INFO  ==============================================================
16:46:01 INFO  Id:    mapper_awaits_before_reconnect
16:46:01 INFO  Dir:   tedge_mapper_c8y/
16:46:01 INFO  Title: Validate mapper doesn't reconnect too often
16:46:01 INFO  ==============================================================
16:46:01 INFO  Started mosquitto_sub with process id 17814
16:46:01 INFO  Waiting for 0.1 seconds
16:46:01 INFO  Executed sudo&lt;tedge_mapper&gt;, exit status 0
16:46:01 INFO  Waiting for 5.0 seconds
16:46:07 INFO  Executed sudo&lt;tedge_mapper&gt;, exit status 0
16:46:10 INFO  Executed sudo&lt;tedge_mapper_journal&gt;, exit status 0
16:46:10 WARN  Grep on tedge_mapper_journal.out contains "ERROR" ... failed [run.py:67]
16:46:10 INFO  Line count on file tedge_mapper_journal.out ... passed
16:46:10 WARN  Line count on tedge_mapper_journal.out for "tedge_mapper::core::mapper: MQTT connection error:" expected &gt;=2 but got 0 ... failed [run.py:78]
16:46:10 WARN  Aborted test due to FAILED outcome
16:46:10 INFO  
16:46:10 INFO  Test duration: 9.21 secs
16:46:10 INFO  Test final outcome:  FAILED
16:46:10 INFO  Test outcome reason: Line count on tedge_mapper_journal.out for "tedge_mapper::core::mapper: MQTT connection error:" expected &gt;=2 but got 0
16:46:10 INFO  
</system-out>
	</testcase>
</testsuite><testsuite name="monitoring_smaller_interval" tests="1" errors="0" failures="1" skipped="0" time="0"><testcase classname="MonitoringSmallInterval" name="monitoring_smaller_interval">
		<failure message="BLOCKED: TypeError: 'int' object is not subscriptable" type="BLOCKED" />
		<system-out>16:32:59 INFO  ==============================================================
16:32:59 INFO  Id:    monitoring_smaller_interval
16:32:59 INFO  Dir:   monitoring/
16:32:59 INFO  Title: Validate the tedge dm agent messages that are produced with smaller sampling interval than the batching window. Here the simulated collectd messages are used
16:32:59 INFO  ==============================================================
16:33:00 INFO  Executed sudo&lt;collectd&gt;, exit status 0
16:33:00 INFO  Executed sudo&lt;collectd_mapper&gt;, exit status 0
16:33:00 INFO  Started sudo&lt;tedge_sub&gt; with process id 13966
16:33:01 INFO  Executed sudo&lt;tedge_temp&gt;, exit status 0
16:33:02 INFO  Executed sudo&lt;tedge_pres&gt;, exit status 0
16:33:02 INFO  Executed sudo&lt;tedge_temp&gt;, exit status 0
16:33:03 INFO  Executed sudo&lt;tedge_pres&gt;, exit status 0
16:33:03 INFO  Executed sudo&lt;tedge_temp&gt;, exit status 0
16:33:04 INFO  Executed sudo&lt;tedge_pres&gt;, exit status 0
16:33:04 INFO  Executed sudo&lt;tedge_temp&gt;, exit status 0
16:33:05 INFO  Executed sudo&lt;tedge_pres&gt;, exit status 0
16:33:06 INFO  Executed sudo&lt;tedge_temp&gt;, exit status 0
16:33:06 INFO  Executed sudo&lt;tedge_pres&gt;, exit status 0
16:33:07 INFO  Executed sudo&lt;tedge_temp&gt;, exit status 0
16:33:07 INFO  Executed sudo&lt;tedge_pres&gt;, exit status 0
16:33:08 INFO  Executed sudo&lt;tedge_temp&gt;, exit status 0
16:33:08 INFO  Executed sudo&lt;tedge_pres&gt;, exit status 0
16:33:09 INFO  Executed sudo&lt;tedge_temp&gt;, exit status 0
16:33:10 INFO  Executed sudo&lt;tedge_pres&gt;, exit status 0
16:33:10 INFO  Executed sudo&lt;tedge_temp&gt;, exit status 0
16:33:11 INFO  Executed sudo&lt;tedge_pres&gt;, exit status 0
16:33:11 INFO  Executed sudo&lt;tedge_temp&gt;, exit status 0
16:33:12 INFO  Executed sudo&lt;tedge_pres&gt;, exit status 0
16:33:13 INFO  Executed sudo&lt;kill_out&gt;, exit status 0
16:33:13 INFO  0

16:33:13 WARN  TypeError occurred while running test - 'int' object is not subscriptable
Traceback (most recent call last):
  File "/home/pi/env-pysys/lib/python3.7/site-packages/pysys/baserunner.py", line 1296, in __call__
    self.testObj.validate()
  File "/home/pi/actions-runner/_work/thin-edge.io/thin-edge.io/tests/PySys/monitoring/monitoring_smaller_interval/run.py", line 104, in validate
    collectd_msg_validation_result=self.validate_json(),
  File "/home/pi/actions-runner/_work/thin-edge.io/thin-edge.io/tests/PySys/monitoring/monitoring_smaller_interval/run.py", line 114, in validate_json
    if not self.validate_time():
  File "/home/pi/actions-runner/_work/thin-edge.io/thin-edge.io/tests/PySys/monitoring/monitoring_smaller_interval/run.py", line 134, in validate_time
    if self.js_msg["time"]:
TypeError: 'int' object is not subscriptable
16:33:14 WARN  TypeError: 'int' object is not subscriptable ... blocked 
16:33:14 INFO  
16:33:14 INFO  cleanup:
16:33:14 INFO  monitoring_cleanup
16:33:14 INFO  Executed sudo&lt;collectd_mapper&gt;, exit status 0
16:33:14 INFO  
16:33:14 INFO  Test duration: 15.05 secs
16:33:14 INFO  Test final outcome:  BLOCKED
16:33:14 INFO  Test outcome reason: TypeError: 'int' object is not subscriptable
16:33:14 INFO  
</system-out>
	</testcase>
</testsuite><testsuite name="monitoring_with_collectd" tests="1" errors="0" failures="0" skipped="1" time="0"><testcase classname="MonitoringWithCollectd" name="monitoring_with_collectd">
		<skipped message="SKIPPED: Test execution disabled due to #792 (instable)" />
		<system-out>16:33:14 INFO  ==============================================================
16:33:14 INFO  Id:    monitoring_with_collectd
16:33:14 INFO  Dir:   monitoring/
16:33:14 INFO  Title: Validate tedge dm agent messages that are produced by batching the collectd messages
16:33:14 INFO  ==============================================================
16:33:14 INFO  Test execution disabled due to #792 (instable) ... skipped
16:33:14 INFO  
16:33:14 INFO  Test duration: 0.03 secs
16:33:14 INFO  Test final outcome:  SKIPPED
16:33:14 INFO  Test outcome reason: Test execution disabled due to #792 (instable)
16:33:14 INFO  
</system-out>
	</testcase>
</testsuite><testsuite name="monitoring_with_simulated_messages" tests="1" errors="0" failures="1" skipped="0" time="0"><testcase classname="MonitoringWithSimulatedMessages" name="monitoring_with_simulated_messages">
		<failure message="BLOCKED: TypeError: 'int' object is not subscriptable" type="BLOCKED" />
		<system-out>16:33:14 INFO  ==============================================================
16:33:14 INFO  Id:    monitoring_with_simulated_messages
16:33:14 INFO  Dir:   monitoring/
16:33:14 INFO  Title: Validate the tedge dm agent messages that are produced from the simulated collectd messages
16:33:14 INFO  ==============================================================
16:33:15 INFO  Executed sudo&lt;collectd&gt;, exit status 0
16:33:15 INFO  Executed sudo&lt;collectd_mapper&gt;, exit status 0
16:33:15 INFO  Started sudo&lt;tedge_sub&gt; with process id 14040
16:33:16 INFO  Executed sudo&lt;tedge_temp&gt;, exit status 0
16:33:17 INFO  Executed sudo&lt;tedge_pres&gt;, exit status 0
16:33:18 INFO  Executed sudo&lt;kill_out&gt;, exit status 0
16:33:18 INFO  0

16:33:18 WARN  TypeError occurred while running test - 'int' object is not subscriptable
Traceback (most recent call last):
  File "/home/pi/env-pysys/lib/python3.7/site-packages/pysys/baserunner.py", line 1296, in __call__
    self.testObj.validate()
  File "/home/pi/actions-runner/_work/thin-edge.io/thin-edge.io/tests/PySys/monitoring/monitoring_with_simulated_messages/run.py", line 98, in validate
    collectd_msg_validation_result=self.validate_json(),
  File "/home/pi/actions-runner/_work/thin-edge.io/thin-edge.io/tests/PySys/monitoring/monitoring_with_simulated_messages/run.py", line 108, in validate_json
    if not self.validate_time():
  File "/home/pi/actions-runner/_work/thin-edge.io/thin-edge.io/tests/PySys/monitoring/monitoring_with_simulated_messages/run.py", line 127, in validate_time
    if self.js_msg["time"]:
TypeError: 'int' object is not subscriptable
16:33:18 WARN  TypeError: 'int' object is not subscriptable ... blocked 
16:33:18 INFO  
16:33:18 INFO  cleanup:
16:33:18 INFO  monitoring_cleanup
16:33:19 INFO  Executed sudo&lt;collectd_mapper&gt;, exit status 0
16:33:19 INFO  
16:33:19 INFO  Test duration: 4.49 secs
16:33:19 INFO  Test final outcome:  BLOCKED
16:33:19 INFO  Test outcome reason: TypeError: 'int' object is not subscriptable
16:33:19 INFO  
</system-out>
	</testcase>
</testsuite><testsuite name="mqtt_port_change_connection_fails" tests="1" errors="0" failures="0" skipped="0" time="0"><testcase classname="MqttPortChangeConnectionFails" name="mqtt_port_change_connection_fails" />
</testsuite><testsuite name="mqtt_port_change_connection_works" tests="1" errors="0" failures="0" skipped="1" time="0"><testcase classname="MqttPortChangeConnectionWorks" name="mqtt_port_change_connection_works">
		<skipped message="SKIPPED: failing intermitently" />
		<system-out>16:32:12 INFO  ==============================================================
16:32:13 INFO  Id:    mqtt_port_change_connection_works
16:32:13 INFO  Dir:   misc_features/
16:32:13 INFO  Title: mqtt port change connection works for all the thin-edge services that use the mosquitto broker
16:32:13 INFO  ==============================================================
16:32:13 INFO  failing intermitently ... skipped
16:32:13 INFO  
16:32:13 INFO  Test duration: 0.02 secs
16:32:13 INFO  Test final outcome:  SKIPPED
16:32:13 INFO  Test outcome reason: failing intermitently
16:32:13 INFO  
</system-out>
	</testcase>
</testsuite><testsuite name="publish_flux" tests="1" errors="0" failures="0" skipped="0" time="0"><testcase classname="PublishFlux" name="publish_flux" />
</testsuite><testsuite name="publish_sawmill" tests="1" errors="0" failures="0" skipped="0" time="0"><testcase classname="PublishSawmill" name="publish_sawmill" />
</testsuite><testsuite name="runtime_start_two_mappers" tests="1" errors="0" failures="0" skipped="0" time="0"><testcase classname="RuntimeMultiMappers" name="runtime_start_two_mappers" />
</testsuite><testsuite name="sm_tedge_mapper_init_session" tests="1" errors="0" failures="0" skipped="0" time="0"><testcase classname="TedgeSMMapperInitSession" name="sm_tedge_mapper_init_session" />
</testsuite><testsuite name="smoketest_json" tests="1" errors="0" failures="0" skipped="0" time="0"><testcase classname="SmokeTestJson" name="smoketest_json" />
</testsuite><testsuite name="smoketest_json_400_samples_10ms" tests="1" errors="0" failures="0" skipped="0" time="0"><testcase classname="SmoketestJson400Samples10ms" name="smoketest_json_400_samples_10ms" />
</testsuite><testsuite name="smoketest_json_400_samples_20ms" tests="1" errors="0" failures="0" skipped="0" time="0"><testcase classname="SmoketestJson400Samples20ms" name="smoketest_json_400_samples_20ms" />
</testsuite><testsuite name="smoketest_smartrest" tests="1" errors="0" failures="0" skipped="0" time="0"><testcase classname="SmoketestSmartRest" name="smoketest_smartrest" />
</testsuite><testsuite name="smoketest_smartrest_400_samples_1Xms" tests="1" errors="0" failures="0" skipped="0" time="0"><testcase classname="SmoketestSmartRest400Samples1Xms" name="smoketest_smartrest_400_samples_1Xms" />
</testsuite><testsuite name="smoketest_smartrest_400_samples_20ms" tests="1" errors="0" failures="0" skipped="0" time="0"><testcase classname="SmoketestSmartRest400Samples20ms" name="smoketest_smartrest_400_samples_20ms" />
</testsuite><testsuite name="tedge_agent_user_sudo_access" tests="1" errors="0" failures="0" skipped="1" time="0"><testcase classname="TedgeAgentUserSudoAccess" name="tedge_agent_user_sudo_access">
		<skipped message="SKIPPED: #955 Observation: Exit code of the apt plugin when called with no arguments" />
		<system-out>16:43:23 INFO  ==============================================================
16:43:23 INFO  Id:    tedge_agent_user_sudo_access
16:43:23 INFO  Dir:   tedge/
16:43:23 INFO  Title: Validate tedge-agent user has a limited sudo right
16:43:23 INFO  ==============================================================
16:43:23 INFO  #955 Observation: Exit code of the apt plugin when called with no arguments ... skipped
16:43:23 INFO  
16:43:23 INFO  Test duration: 0.02 secs
16:43:23 INFO  Test final outcome:  SKIPPED
16:43:23 INFO  Test outcome reason: #955 Observation: Exit code of the apt plugin when called with no arguments
16:43:23 INFO  
</system-out>
	</testcase>
</testsuite><testsuite name="tedge_connect_test_negative" tests="1" errors="0" failures="0" skipped="0" time="0"><testcase classname="TedgeConnectTestNegative" name="tedge_connect_test_negative" />
</testsuite><testsuite name="tedge_connect_test_positive" tests="1" errors="0" failures="0" skipped="0" time="0"><testcase classname="TedgeConnectTestPositive" name="tedge_connect_test_positive" />
</testsuite><testsuite name="tedge_connect_test_sm_services" tests="1" errors="0" failures="0" skipped="0" time="0"><testcase classname="TedgeConnectTestSMServices" name="tedge_connect_test_sm_services" />
</testsuite><testsuite name="tedge_disconnect_test_sm_services" tests="1" errors="0" failures="0" skipped="0" time="0"><testcase classname="TedgeDisConnectTestSMServices" name="tedge_disconnect_test_sm_services" />
</testsuite><testsuite name="tedge_mapper_az_negative" tests="1" errors="0" failures="0" skipped="0" time="0"><testcase classname="TedgeMapperAzError" name="tedge_mapper_az_negative" />
</testsuite><testsuite name="tedge_mapper_az_with_timestamp" tests="1" errors="0" failures="0" skipped="0" time="0"><testcase classname="TedgeMapperAzWithTimestamp" name="tedge_mapper_az_with_timestamp" />
</testsuite><testsuite name="tedge_mapper_az_without_timestamp" tests="1" errors="0" failures="0" skipped="0" time="0"><testcase classname="TedgeMapperAzWithoutTimestamp" name="tedge_mapper_az_without_timestamp" />
</testsuite><testsuite name="tedge_mapper_c8y_alarms" tests="1" errors="0" failures="0" skipped="0" time="0"><testcase classname="TedgeMapperC8yAlarm" name="tedge_mapper_c8y_alarms" />
</testsuite><testsuite name="tedge_mapper_c8y_child_device_measurement" tests="1" errors="0" failures="0" skipped="0" time="0"><testcase classname="TedgeMapperC8yChildDevice" name="tedge_mapper_c8y_child_device_measurement" />
</testsuite><testsuite name="tedge_mapper_c8y_packet_threshold_size" tests="1" errors="0" failures="1" skipped="0" time="0"><testcase classname="TedgeMapperC8yThresholdPacketSize" name="tedge_mapper_c8y_packet_threshold_size">
		<failure message="FAILED: Grep on tedge_sub.out contains &quot;The size of the message received on tedge/measurements is 20489 which is greater than the threshold size of 16184.&quot;" type="FAILED" />
		<system-out>16:47:47 INFO  ==============================================================
16:47:47 INFO  Id:    tedge_mapper_c8y_packet_threshold_size
16:47:47 INFO  Dir:   tedge_mapper_c8y/
16:47:47 INFO  Title: Validate the Cumulocity Mapper accepted threshold packet size when it receives a message on tedge/measurements
16:47:47 INFO  ==============================================================
16:47:47 INFO  Executed sudo&lt;tedge_mapper_c8y&gt;, exit status 0
16:47:47 INFO  Started sudo&lt;tedge_sub&gt; with process id 18408
16:47:48 INFO  Executed sudo&lt;tedge_msg&gt;, exit status 0
16:47:49 INFO  Executed sudo&lt;tedge_pub&gt;, exit status 0
16:47:49 INFO  Executed sudo&lt;kill_out&gt;, exit status 0
16:47:49 WARN  Grep on tedge_sub.out contains "The size of the message received on tedge/measurements is 20489 which is greater than the threshold size of 16184." ... failed [run.py:88]
16:47:49 INFO  
16:47:49 INFO  cleanup:
16:47:49 INFO  mapper_cleanup
16:47:50 INFO  Executed sudo&lt;tedge_mapper_c8y&gt;, exit status 0
16:47:50 INFO  
16:47:50 INFO  Test duration: 3.25 secs
16:47:50 INFO  Test final outcome:  FAILED
16:47:50 INFO  Test outcome reason: Grep on tedge_sub.out contains "The size of the message received on tedge/measurements is 20489 which is greater than the threshold size of 16184."
16:47:50 INFO  
</system-out>
	</testcase>
</testsuite><testsuite name="tedge_software_update" tests="1" errors="0" failures="0" skipped="0" time="0"><testcase classname="PySysTest" name="tedge_software_update" />
</testsuite><testsuite name="valid_device_id" tests="1" errors="0" failures="0" skipped="0" time="0"><testcase classname="ValidateValidDeviceId" name="valid_device_id" />
</testsuite></testsuites>