<?xml version='1.0' encoding='utf-8'?>
<testsuites tests="139" failures="17" errors="0" skipped="45" time="0.0"><testsuite name="SoftwareManagement.Plugin.apama_plugin_install" tests="3" errors="0" failures="0" skipped="1" time="0"><testcase classname="ApamaPluginInstallTest" name="SoftwareManagement.Plugin.apama_plugin_install">
		<skipped message="SKIPPED: Apama plugin tests are disabled by default. Execute `pysys run` with `-XmyPlatform=container` to run these tests" />
		<system-out>16:19:41 INFO  ==============================================================
16:19:41 INFO  Id:    SoftwareManagement.Plugin.apama_plugin_install
16:19:41 INFO  Dir:   plugin_apama/
16:19:41 INFO  Title: Validate apama plugin install
16:19:41 INFO  ==============================================================
16:19:41 INFO  Apama plugin tests are disabled by default. Execute `pysys run` with `-XmyPlatform=container` to run these tests ... skipped
16:19:41 WARN  Aborted test due to SKIPPED outcome
16:19:41 INFO  
16:19:41 INFO  Test duration: 0.06 secs
16:19:41 INFO  Test final outcome:  SKIPPED
16:19:41 INFO  Test outcome reason: Apama plugin tests are disabled by default. Execute `pysys run` with `-XmyPlatform=container` to run these tests
16:19:41 INFO  
</system-out>
	</testcase>
<testcase classname="ApamaPluginInstallTest" name="SoftwareManagement.Plugin.apama_plugin_install" />
<testcase classname="ApamaPluginInstallTest" name="SoftwareManagement.Plugin.apama_plugin_install" />
</testsuite><testsuite name="SoftwareManagement.Plugin.apama_plugin_mon_support" tests="3" errors="0" failures="0" skipped="1" time="0"><testcase classname="ApamaPluginMonSupportTest" name="SoftwareManagement.Plugin.apama_plugin_mon_support">
		<skipped message="SKIPPED: Apama plugin tests are disabled by default. Execute `pysys run` with `-XmyPlatform=container` to run these tests" />
		<system-out>16:19:41 INFO  ==============================================================
16:19:41 INFO  Id:    SoftwareManagement.Plugin.apama_plugin_mon_support
16:19:41 INFO  Dir:   plugin_apama/
16:19:41 INFO  Title: Validate mon file support of apama plugin
16:19:41 INFO  ==============================================================
16:19:41 INFO  Apama plugin tests are disabled by default. Execute `pysys run` with `-XmyPlatform=container` to run these tests ... skipped
16:19:41 WARN  Aborted test due to SKIPPED outcome
16:19:41 INFO  
16:19:41 INFO  Test duration: 0.02 secs
16:19:41 INFO  Test final outcome:  SKIPPED
16:19:41 INFO  Test outcome reason: Apama plugin tests are disabled by default. Execute `pysys run` with `-XmyPlatform=container` to run these tests
16:19:41 INFO  
</system-out>
	</testcase>
<testcase classname="ApamaPluginMonSupportTest" name="SoftwareManagement.Plugin.apama_plugin_mon_support" />
<testcase classname="ApamaPluginMonSupportTest" name="SoftwareManagement.Plugin.apama_plugin_mon_support" />
</testsuite><testsuite name="SoftwareManagement.Plugin.apama_plugin_remove" tests="3" errors="0" failures="0" skipped="1" time="0"><testcase classname="ApamaPluginRemoveTest" name="SoftwareManagement.Plugin.apama_plugin_remove">
		<skipped message="SKIPPED: Apama plugin tests are disabled by default. Execute `pysys run` with `-XmyPlatform=container` to run these tests" />
		<system-out>16:19:41 INFO  ==============================================================
16:19:41 INFO  Id:    SoftwareManagement.Plugin.apama_plugin_remove
16:19:41 INFO  Dir:   plugin_apama/
16:19:41 INFO  Title: Validate apama plugin remove
16:19:41 INFO  ==============================================================
16:19:41 INFO  Apama plugin tests are disabled by default. Execute `pysys run` with `-XmyPlatform=container` to run these tests ... skipped
16:19:41 WARN  Aborted test due to SKIPPED outcome
16:19:41 INFO  
16:19:41 INFO  Test duration: 0.04 secs
16:19:41 INFO  Test final outcome:  SKIPPED
16:19:41 INFO  Test outcome reason: Apama plugin tests are disabled by default. Execute `pysys run` with `-XmyPlatform=container` to run these tests
16:19:41 INFO  
</system-out>
	</testcase>
<testcase classname="ApamaPluginRemoveTest" name="SoftwareManagement.Plugin.apama_plugin_remove" />
<testcase classname="ApamaPluginRemoveTest" name="SoftwareManagement.Plugin.apama_plugin_remove" />
</testsuite><testsuite name="SoftwareManagement.Plugin.apama_plugin_update" tests="3" errors="0" failures="2" skipped="1" time="0"><testcase classname="ApamaPluginUpdateTest" name="SoftwareManagement.Plugin.apama_plugin_update">
		<skipped message="SKIPPED: Apama plugin tests are disabled by default. Execute `pysys run` with `-XmyPlatform=container` to run these tests" />
		<system-out>16:19:41 INFO  ==============================================================
16:19:41 INFO  Id:    SoftwareManagement.Plugin.apama_plugin_update
16:19:41 INFO  Dir:   plugin_apama/
16:19:41 INFO  Title: Validate apama plugin updating one project with another
16:19:41 INFO  ==============================================================
16:19:41 INFO  Apama plugin tests are disabled by default. Execute `pysys run` with `-XmyPlatform=container` to run these tests ... skipped
16:19:41 WARN  Aborted test due to SKIPPED outcome
16:19:41 INFO  
16:19:41 INFO  Test duration: 0.02 secs
16:19:41 INFO  Test final outcome:  SKIPPED
16:19:41 INFO  Test outcome reason: Apama plugin tests are disabled by default. Execute `pysys run` with `-XmyPlatform=container` to run these tests
16:19:41 INFO  
</system-out>
	</testcase>
<testcase classname="ApamaPluginUpdateTest" name="SoftwareManagement.Plugin.apama_plugin_update">
		<failure message="BLOCKED: sudo&lt;plugin_install&gt; returned non-zero exit code 2" type="BLOCKED" />
		<system-out>17:10:36 INFO  ==============================================================
17:10:36 INFO  Id:    SoftwareManagement.Plugin.apama_plugin_update
17:10:36 INFO  Dir:   plugin_apama/
17:10:36 INFO  Title: Validate apama plugin updating one project with another
17:10:36 INFO  ==============================================================
17:10:36 INFO  Assertion that path exists=False for "/etc/tedge/apama/project" ... passed
17:10:37 INFO  Executed sudo&lt;create_project_dir&gt;, exit status 0
17:10:37 INFO  Executed sudo&lt;unzip_apama_project&gt;, exit status 0
17:10:38 INFO  Executed sudo&lt;move_apama_project&gt;, exit status 0
17:10:39 INFO  Executed sudo&lt;restart_apama_service&gt;, exit status 0
17:10:40 INFO  Executed sudo&lt;apama_correlator_wait&gt;, exit status 0
17:10:40 INFO  Assertion that path exists=True for "/etc/tedge/apama/project" ... passed
17:10:40 INFO  Executed sudo&lt;apama_list_monitors&gt;, exit status 0
17:10:40 INFO  Grep on file /home/pi/actions-runner/_work/thin-edge.io/thin-edge.io/tests/PySys/plugin_apama/apama_plugin_update/Output/linux/apama_list_monitors.out ... passed
17:10:41 WARN  Executed sudo&lt;plugin_install&gt;, exit status 2
17:10:41 INFO  Contents of plugin_install.err: 
  ERROR: Directory not empty (os error 39)
  -----

17:10:41 WARN  sudo&lt;plugin_install&gt; returned non-zero exit code 2 ... blocked [run.py:35]
17:10:41 WARN  Aborted test due to BLOCKED outcome
17:10:41 INFO  
17:10:41 INFO  cleanup:
17:10:41 INFO  Removing apama project
17:10:57 INFO  Executed sudo&lt;stop_apama_service&gt;, exit status 0, duration 16 secs
17:10:58 INFO  Executed sudo&lt;remove_apama_project&gt;, exit status 0
17:10:58 INFO  Executed sudo&lt;remove_apama_tmp_dir&gt;, exit status 0
17:10:58 INFO  
17:10:58 INFO  Test duration: 21.92 secs
17:10:58 INFO  Test final outcome:  BLOCKED
17:10:58 INFO  Test outcome reason: sudo&lt;plugin_install&gt; returned non-zero exit code 2
17:10:58 INFO  
</system-out>
	</testcase>
<testcase classname="ApamaPluginUpdateTest" name="SoftwareManagement.Plugin.apama_plugin_update">
		<failure message="BLOCKED: sudo&lt;plugin_install&gt; returned non-zero exit code 2" type="BLOCKED" />
		<system-out>17:19:08 INFO  ==============================================================
17:19:08 INFO  Id:    SoftwareManagement.Plugin.apama_plugin_update
17:19:08 INFO  Dir:   plugin_apama/
17:19:08 INFO  Title: Validate apama plugin updating one project with another
17:19:08 INFO  ==============================================================
17:19:08 INFO  Assertion that path exists=False for "/etc/tedge/apama/project" ... passed
17:19:09 INFO  Executed sudo&lt;create_project_dir&gt;, exit status 0
17:19:09 INFO  Executed sudo&lt;unzip_apama_project&gt;, exit status 0
17:19:10 INFO  Executed sudo&lt;move_apama_project&gt;, exit status 0
17:19:11 INFO  Executed sudo&lt;restart_apama_service&gt;, exit status 0
17:19:11 INFO  Executed sudo&lt;apama_correlator_wait&gt;, exit status 0
17:19:11 INFO  Assertion that path exists=True for "/etc/tedge/apama/project" ... passed
17:19:12 INFO  Executed sudo&lt;apama_list_monitors&gt;, exit status 0
17:19:12 INFO  Grep on file /home/pi/actions-runner/_work/thin-edge.io/thin-edge.io/tests/PySys/plugin_apama/apama_plugin_update/Output/linux/apama_list_monitors.out ... passed
17:19:13 WARN  Executed sudo&lt;plugin_install&gt;, exit status 2
17:19:13 INFO  Contents of plugin_install.err: 
  ERROR: Directory not empty (os error 39)
  -----

17:19:13 WARN  sudo&lt;plugin_install&gt; returned non-zero exit code 2 ... blocked [run.py:35]
17:19:13 WARN  Aborted test due to BLOCKED outcome
17:19:13 INFO  
17:19:13 INFO  cleanup:
17:19:13 INFO  Removing apama project
17:19:28 INFO  Executed sudo&lt;stop_apama_service&gt;, exit status 0, duration 15 secs
17:19:29 INFO  Executed sudo&lt;remove_apama_project&gt;, exit status 0
17:19:29 INFO  Executed sudo&lt;remove_apama_tmp_dir&gt;, exit status 0
17:19:29 INFO  
17:19:29 INFO  Test duration: 21.26 secs
17:19:29 INFO  Test final outcome:  BLOCKED
17:19:29 INFO  Test outcome reason: sudo&lt;plugin_install&gt; returned non-zero exit code 2
17:19:29 INFO  
</system-out>
	</testcase>
</testsuite><testsuite name="SoftwareManagement.sm_apt_install_download_path" tests="3" errors="0" failures="2" skipped="1" time="0"><testcase classname="AptInstallWithDownloadPath" name="SoftwareManagement.sm_apt_install_download_path">
		<skipped message="SKIPPED: Testing the apt plugin is not supported on this platform.Use parameter -XmyPlatform='container' to enable it" />
		<system-out>16:29:19 INFO  ==============================================================
16:29:19 INFO  Id:    SoftwareManagement.sm_apt_install_download_path
16:29:19 INFO  Dir:   software_management_end_to_end/
16:29:19 INFO  Title: Install package to directory specified in tedge config set tmp.path
16:29:19 INFO  ==============================================================
16:29:19 INFO  Testing the apt plugin is not supported on this platform.Use parameter -XmyPlatform='container' to enable it ... skipped
16:29:19 WARN  Aborted test due to SKIPPED outcome
16:29:19 INFO  
16:29:19 INFO  Test duration: 0.06 secs
16:29:19 INFO  Test final outcome:  SKIPPED
16:29:19 INFO  Test outcome reason: Testing the apt plugin is not supported on this platform.Use parameter -XmyPlatform='container' to enable it
16:29:19 INFO  
</system-out>
	</testcase>
<testcase classname="AptInstallWithDownloadPath" name="SoftwareManagement.sm_apt_install_download_path">
		<failure message="BLOCKED: AssertionError:" type="BLOCKED" />
		<system-out>16:52:41 INFO  ==============================================================
16:52:41 INFO  Id:    SoftwareManagement.sm_apt_install_download_path
16:52:41 INFO  Dir:   software_management_end_to_end/
16:52:41 INFO  Title: Install package to directory specified in tedge config set tmp.path
16:52:41 INFO  ==============================================================
16:52:41 INFO  Using sw id database: {'asciijump': '5475369', 'robotfindskitten': '5474869', 'squirrel3': '5475279', 'rolldice': '5152439', 'moon-buggy': '5439204', 'apple': '5495053', 'banana': '5494888', 'cherry': '5495382', 'watermelon': '5494510', 'registry': '8018911', 'hello-world': '8021526', 'docker/getting-started': '8021973', 'alpine': '7991792'}
16:52:41 INFO  EnvironmentC8y Setup
16:52:42 INFO  Executed systemctl&lt;serv_mapper1&gt;, exit status 3
16:52:57 INFO  Executed sudo&lt;tedge_connect_c8y&gt;, exit status 0, duration 14 secs
16:52:58 INFO  Executed sudo&lt;tedge_connect_c8y_test&gt;, exit status 0
16:53:00 INFO  Executed systemctl&lt;serv_mosq2&gt;, exit status 0
16:53:00 INFO  Executed systemctl&lt;serv_mapper3&gt;, exit status 0
16:53:02 INFO  State of current operation: SUCCESSFUL
16:53:03 INFO  Assert that (False == value) with value=False ... passed
16:53:03 INFO  Executed sudo, exit status 0
16:53:04 INFO  Executed sudo, exit status 0
16:53:04 INFO  Executed sudo, exit status 0
16:53:08 INFO  Executed sudo&lt;tedge_disconnect_c8y&gt;, exit status 0
16:53:08 INFO  Restarting mosquitto too frequently in the last 10 seconds. It was only up for 3 seconds
16:53:08 INFO  Delaying execution by 8 seconds
16:53:30 INFO  Executed sudo&lt;tedge_connect_c8y&gt;, exit status 0, duration 13 secs
16:53:30 INFO  Response status: 201
16:53:30 INFO  Response to action: {
    "creationTime": "2022-07-21T16:53:30.925Z",
    "deviceId": "21121273",
    "deviceName": "m32sd10d",
    "self": "https://t493319102.eu-latest.cumulocity.com/devicecontrol/operations/21163474",
    "id": "21163474",
    "status": "PENDING",
    "description": "Apply software changes, triggered from PySys: [{'name': 'rolldice', 'id': '5152439', 'version': '::apt', 'url': 'https://thin-edge-io.eu-latest.cumulocity.com/inventory/binaries/12435463', 'action': 'install'}]",
    "c8y_SoftwareUpdate": [
        {
            "name": "rolldice",
            "action": "install",
            "id": "5152439",
            "version": "::apt",
            "url": "https://thin-edge-io.eu-latest.cumulocity.com/inventory/binaries/12435463"
        }
    ]
}
16:53:30 INFO  Started operation: {'creationTime': '2022-07-21T16:53:30.925Z', 'deviceId': '21121273', 'deviceName': 'm32sd10d', 'self': 'https://t493319102.eu-latest.cumulocity.com/devicecontrol/operations/21163474', 'id': '21163474', 'status': 'PENDING', 'description': "Apply software changes, triggered from PySys: [{'name': 'rolldice', 'id': '5152439', 'version': '::apt', 'url': 'https://thin-edge-io.eu-latest.cumulocity.com/inventory/binaries/12435463', 'action': 'install'}]", 'c8y_SoftwareUpdate': [{'name': 'rolldice', 'action': 'install', 'id': '5152439', 'version': '::apt', 'url': 'https://thin-edge-io.eu-latest.cumulocity.com/inventory/binaries/12435463'}]}
16:53:30 WARN  , retrying in 0.5 seconds...
16:53:31 WARN  , retrying in 0.5 seconds...
16:53:32 WARN  , retrying in 0.5 seconds...
16:53:32 WARN  , retrying in 0.5 seconds...
16:53:33 WARN  , retrying in 0.5 seconds...
16:53:33 WARN  , retrying in 0.5 seconds...
16:53:34 WARN  , retrying in 0.5 seconds...
16:53:34 WARN  , retrying in 0.5 seconds...
16:53:35 WARN  , retrying in 0.5 seconds...
16:53:35 WARN  AssertionError occurred while running test - 
Traceback (most recent call last):
  File "/home/pi/env-pysys/lib/python3.7/site-packages/pysys/baserunner.py", line 1294, in __call__
    self.testObj.execute()
  File "/home/pi/actions-runner/_work/thin-edge.io/thin-edge.io/tests/PySys/software_management_end_to_end/sm_apt_install_download_path/run.py", line 83, in execute
    assert_install_in_download_path(install_directory=self.DOWNLOAD_DIR)
  File "/home/pi/env-pysys/lib/python3.7/site-packages/decorator.py", line 232, in fun
    return caller(func, *(extras + args), **kw)
  File "/home/pi/env-pysys/lib/python3.7/site-packages/retry/api.py", line 74, in retry_decorator
    logger)
  File "/home/pi/env-pysys/lib/python3.7/site-packages/retry/api.py", line 33, in __retry_internal
    return f()
  File "/home/pi/actions-runner/_work/thin-edge.io/thin-edge.io/tests/PySys/software_management_end_to_end/sm_apt_install_download_path/run.py", line 28, in assert_install_in_download_path
    assert "rolldice" in os.listdir(f"{install_directory}")
AssertionError
16:53:36 WARN  AssertionError: ... blocked 
16:53:36 INFO  
16:53:36 INFO  cleanup:
16:53:36 INFO  Executed sudo, exit status 0
16:53:37 INFO  Executed sudo, exit status 0
16:53:41 INFO  Executed sudo&lt;tedge_disconnect_c8y&gt;, exit status 0
16:53:41 INFO  Restarting mosquitto too frequently in the last 10 seconds. It was only up for 3 seconds
16:53:41 INFO  Delaying execution by 8 seconds
16:54:03 INFO  Executed sudo&lt;tedge_connect_c8y&gt;, exit status 0, duration 13 secs
16:54:07 INFO  Executed sudo&lt;tedge_disconnect_c8y&gt;, exit status 0
16:54:08 INFO  Executed systemctl&lt;serv_mapper5&gt;, exit status 3
16:54:08 INFO  
16:54:08 INFO  Test duration: 86.77 secs
16:54:08 INFO  Test final outcome:  BLOCKED
16:54:08 INFO  Test outcome reason: AssertionError:
16:54:08 INFO  
</system-out>
	</testcase>
<testcase classname="AptInstallWithDownloadPath" name="SoftwareManagement.sm_apt_install_download_path">
		<failure message="BLOCKED: AssertionError:" type="BLOCKED" />
		<system-out>17:19:29 INFO  ==============================================================
17:19:29 INFO  Id:    SoftwareManagement.sm_apt_install_download_path
17:19:29 INFO  Dir:   software_management_end_to_end/
17:19:29 INFO  Title: Install package to directory specified in tedge config set tmp.path
17:19:29 INFO  ==============================================================
17:19:31 INFO  Using sw id database: {'asciijump': '5475369', 'robotfindskitten': '5474869', 'squirrel3': '5475279', 'rolldice': '5152439', 'moon-buggy': '5439204', 'apple': '5495053', 'banana': '5494888', 'cherry': '5495382', 'watermelon': '5494510', 'registry': '8018911', 'hello-world': '8021526', 'docker/getting-started': '8021973', 'alpine': '7991792'}
17:19:31 INFO  EnvironmentC8y Setup
17:19:31 INFO  Executed systemctl&lt;serv_mapper1&gt;, exit status 3
17:19:45 INFO  Executed sudo&lt;tedge_connect_c8y&gt;, exit status 0, duration 14 secs
17:19:46 INFO  Executed sudo&lt;tedge_connect_c8y_test&gt;, exit status 0
17:19:46 INFO  Executed systemctl&lt;serv_mosq2&gt;, exit status 0
17:19:47 INFO  Executed systemctl&lt;serv_mapper3&gt;, exit status 0
17:19:49 INFO  State of current operation: SUCCESSFUL
17:19:49 INFO  Assert that (False == value) with value=False ... passed
17:19:50 INFO  Executed sudo, exit status 0
17:19:50 INFO  Executed sudo, exit status 0
17:19:51 INFO  Executed sudo, exit status 0
17:19:55 INFO  Executed sudo&lt;tedge_disconnect_c8y&gt;, exit status 0
17:19:55 INFO  Restarting mosquitto too frequently in the last 10 seconds. It was only up for 3 seconds
17:19:55 INFO  Delaying execution by 8 seconds
17:20:17 INFO  Executed sudo&lt;tedge_connect_c8y&gt;, exit status 0, duration 13 secs
17:20:17 INFO  Response status: 201
17:20:17 INFO  Response to action: {
    "creationTime": "2022-07-21T17:20:17.665Z",
    "deviceId": "21121273",
    "deviceName": "m32sd10d",
    "self": "https://t493319102.eu-latest.cumulocity.com/devicecontrol/operations/21163635",
    "id": "21163635",
    "status": "PENDING",
    "description": "Apply software changes, triggered from PySys: [{'name': 'rolldice', 'id': '5152439', 'version': '::apt', 'url': 'https://thin-edge-io.eu-latest.cumulocity.com/inventory/binaries/12435463', 'action': 'install'}]",
    "c8y_SoftwareUpdate": [
        {
            "name": "rolldice",
            "action": "install",
            "id": "5152439",
            "version": "::apt",
            "url": "https://thin-edge-io.eu-latest.cumulocity.com/inventory/binaries/12435463"
        }
    ]
}
17:20:17 INFO  Started operation: {'creationTime': '2022-07-21T17:20:17.665Z', 'deviceId': '21121273', 'deviceName': 'm32sd10d', 'self': 'https://t493319102.eu-latest.cumulocity.com/devicecontrol/operations/21163635', 'id': '21163635', 'status': 'PENDING', 'description': "Apply software changes, triggered from PySys: [{'name': 'rolldice', 'id': '5152439', 'version': '::apt', 'url': 'https://thin-edge-io.eu-latest.cumulocity.com/inventory/binaries/12435463', 'action': 'install'}]", 'c8y_SoftwareUpdate': [{'name': 'rolldice', 'action': 'install', 'id': '5152439', 'version': '::apt', 'url': 'https://thin-edge-io.eu-latest.cumulocity.com/inventory/binaries/12435463'}]}
17:20:17 WARN  , retrying in 0.5 seconds...
17:20:18 WARN  , retrying in 0.5 seconds...
17:20:18 WARN  , retrying in 0.5 seconds...
17:20:19 WARN  , retrying in 0.5 seconds...
17:20:19 WARN  , retrying in 0.5 seconds...
17:20:20 WARN  , retrying in 0.5 seconds...
17:20:20 WARN  , retrying in 0.5 seconds...
17:20:21 WARN  , retrying in 0.5 seconds...
17:20:21 WARN  , retrying in 0.5 seconds...
17:20:22 WARN  AssertionError occurred while running test - 
Traceback (most recent call last):
  File "/home/pi/env-pysys/lib/python3.7/site-packages/pysys/baserunner.py", line 1294, in __call__
    self.testObj.execute()
  File "/home/pi/actions-runner/_work/thin-edge.io/thin-edge.io/tests/PySys/software_management_end_to_end/sm_apt_install_download_path/run.py", line 83, in execute
    assert_install_in_download_path(install_directory=self.DOWNLOAD_DIR)
  File "/home/pi/env-pysys/lib/python3.7/site-packages/decorator.py", line 232, in fun
    return caller(func, *(extras + args), **kw)
  File "/home/pi/env-pysys/lib/python3.7/site-packages/retry/api.py", line 74, in retry_decorator
    logger)
  File "/home/pi/env-pysys/lib/python3.7/site-packages/retry/api.py", line 33, in __retry_internal
    return f()
  File "/home/pi/actions-runner/_work/thin-edge.io/thin-edge.io/tests/PySys/software_management_end_to_end/sm_apt_install_download_path/run.py", line 28, in assert_install_in_download_path
    assert "rolldice" in os.listdir(f"{install_directory}")
AssertionError
17:20:22 WARN  AssertionError: ... blocked 
17:20:22 INFO  
17:20:22 INFO  cleanup:
17:20:22 INFO  Executed sudo, exit status 0
17:20:23 INFO  Executed sudo, exit status 0
17:20:27 INFO  Executed sudo&lt;tedge_disconnect_c8y&gt;, exit status 0
17:20:27 INFO  Restarting mosquitto too frequently in the last 10 seconds. It was only up for 3 seconds
17:20:27 INFO  Delaying execution by 8 seconds
17:20:49 INFO  Executed sudo&lt;tedge_connect_c8y&gt;, exit status 0, duration 13 secs
17:20:53 INFO  Executed sudo&lt;tedge_disconnect_c8y&gt;, exit status 0
17:20:54 INFO  Executed systemctl&lt;serv_mapper5&gt;, exit status 3
17:20:54 INFO  
17:20:54 INFO  Test duration: 84.43 secs
17:20:54 INFO  Test final outcome:  BLOCKED
17:20:54 INFO  Test outcome reason: AssertionError:
17:20:54 INFO  
</system-out>
	</testcase>
</testsuite><testsuite name="SoftwareManagement.sm_apt_install_fail" tests="3" errors="0" failures="0" skipped="1" time="0"><testcase classname="PySysTest" name="SoftwareManagement.sm_apt_install_fail">
		<skipped message="SKIPPED: Testing the apt plugin is not supported on this platform.Use parameter -XmyPlatform='container' to enable it" />
		<system-out>16:29:19 INFO  ==============================================================
16:29:19 INFO  Id:    SoftwareManagement.sm_apt_install_fail
16:29:19 INFO  Dir:   software_management_end_to_end/
16:29:19 INFO  Title: Validate end to end behaviour for a failing installation
16:29:19 INFO  ==============================================================
16:29:19 INFO  Testing the apt plugin is not supported on this platform.Use parameter -XmyPlatform='container' to enable it ... skipped
16:29:19 WARN  Aborted test due to SKIPPED outcome
16:29:19 INFO  
16:29:19 INFO  Test duration: 0.02 secs
16:29:19 INFO  Test final outcome:  SKIPPED
16:29:19 INFO  Test outcome reason: Testing the apt plugin is not supported on this platform.Use parameter -XmyPlatform='container' to enable it
16:29:19 INFO  
</system-out>
	</testcase>
<testcase classname="PySysTest" name="SoftwareManagement.sm_apt_install_fail" />
<testcase classname="PySysTest" name="SoftwareManagement.sm_apt_install_fail" />
</testsuite><testsuite name="SoftwareManagement.sm_apt_install_remove" tests="3" errors="0" failures="0" skipped="1" time="0"><testcase classname="PySysTest" name="SoftwareManagement.sm_apt_install_remove">
		<skipped message="SKIPPED: Testing the apt plugin is not supported on this platform.Use parameter -XmyPlatform='container' to enable it" />
		<system-out>16:29:19 INFO  ==============================================================
16:29:19 INFO  Id:    SoftwareManagement.sm_apt_install_remove
16:29:19 INFO  Dir:   software_management_end_to_end/
16:29:19 INFO  Title: Validate end to end behaviour for the apt plugin for installation and removal of packages
16:29:19 INFO  ==============================================================
16:29:19 INFO  Testing the apt plugin is not supported on this platform.Use parameter -XmyPlatform='container' to enable it ... skipped
16:29:19 WARN  Aborted test due to SKIPPED outcome
16:29:19 INFO  
16:29:19 INFO  Test duration: 0.02 secs
16:29:19 INFO  Test final outcome:  SKIPPED
16:29:19 INFO  Test outcome reason: Testing the apt plugin is not supported on this platform.Use parameter -XmyPlatform='container' to enable it
16:29:19 INFO  
</system-out>
	</testcase>
<testcase classname="PySysTest" name="SoftwareManagement.sm_apt_install_remove" />
<testcase classname="PySysTest" name="SoftwareManagement.sm_apt_install_remove" />
</testsuite><testsuite name="SoftwareManagement.sm_apt_install_remove_default" tests="3" errors="0" failures="0" skipped="1" time="0"><testcase classname="PySysTest" name="SoftwareManagement.sm_apt_install_remove_default">
		<skipped message="SKIPPED: Testing the apt plugin is not supported on this platform.Use parameter -XmyPlatform='container' to enable it" />
		<system-out>16:29:19 INFO  ==============================================================
16:29:19 INFO  Id:    SoftwareManagement.sm_apt_install_remove_default
16:29:19 INFO  Dir:   software_management_end_to_end/
16:29:19 INFO  Title: Validate end to end behaviour for the default plugin for installation and removal of packages
16:29:19 INFO  ==============================================================
16:29:19 INFO  Testing the apt plugin is not supported on this platform.Use parameter -XmyPlatform='container' to enable it ... skipped
16:29:19 WARN  Aborted test due to SKIPPED outcome
16:29:19 INFO  
16:29:19 INFO  Test duration: 0.02 secs
16:29:19 INFO  Test final outcome:  SKIPPED
16:29:19 INFO  Test outcome reason: Testing the apt plugin is not supported on this platform.Use parameter -XmyPlatform='container' to enable it
16:29:19 INFO  
</system-out>
	</testcase>
<testcase classname="PySysTest" name="SoftwareManagement.sm_apt_install_remove_default" />
<testcase classname="PySysTest" name="SoftwareManagement.sm_apt_install_remove_default" />
</testsuite><testsuite name="SoftwareManagement.sm_apt_install_remove_multiple" tests="3" errors="0" failures="2" skipped="1" time="0"><testcase classname="PySysTest" name="SoftwareManagement.sm_apt_install_remove_multiple">
		<skipped message="SKIPPED: Testing the apt plugin is not supported on this platform.Use parameter -XmyPlatform='container' to enable it" />
		<system-out>16:29:19 INFO  ==============================================================
16:29:19 INFO  Id:    SoftwareManagement.sm_apt_install_remove_multiple
16:29:19 INFO  Dir:   software_management_end_to_end/
16:29:19 INFO  Title: Validate end to end behaviour for the apt plugin for multiple packages
16:29:19 INFO  ==============================================================
16:29:19 INFO  Testing the apt plugin is not supported on this platform.Use parameter -XmyPlatform='container' to enable it ... skipped
16:29:19 WARN  Aborted test due to SKIPPED outcome
16:29:20 INFO  
16:29:20 INFO  Test duration: 0.12 secs
16:29:20 INFO  Test final outcome:  SKIPPED
16:29:20 INFO  Test outcome reason: Testing the apt plugin is not supported on this platform.Use parameter -XmyPlatform='container' to enable it
16:29:20 INFO  
</system-out>
	</testcase>
<testcase classname="PySysTest" name="SoftwareManagement.sm_apt_install_remove_multiple">
		<failure message="FAILED: Assert that (False == value) with value=True" type="FAILED" />
		<system-out>17:00:54 INFO  ==============================================================
17:00:54 INFO  Id:    SoftwareManagement.sm_apt_install_remove_multiple
17:00:54 INFO  Dir:   software_management_end_to_end/
17:00:54 INFO  Title: Validate end to end behaviour for the apt plugin for multiple packages
17:00:54 INFO  ==============================================================
17:00:54 INFO  Using sw id database: {'asciijump': '5475369', 'robotfindskitten': '5474869', 'squirrel3': '5475279', 'rolldice': '5152439', 'moon-buggy': '5439204', 'apple': '5495053', 'banana': '5494888', 'cherry': '5495382', 'watermelon': '5494510', 'registry': '8018911', 'hello-world': '8021526', 'docker/getting-started': '8021973', 'alpine': '7991792'}
17:00:54 INFO  EnvironmentC8y Setup
17:00:55 INFO  Executed systemctl&lt;serv_mapper1&gt;, exit status 3
17:00:55 INFO  Restarting mosquitto too frequently in the last 10 seconds. It was only up for 5 seconds
17:00:55 INFO  Delaying execution by 6 seconds
17:01:15 INFO  Executed sudo&lt;tedge_connect_c8y&gt;, exit status 0, duration 13 secs
17:01:15 INFO  Executed sudo&lt;tedge_connect_c8y_test&gt;, exit status 0
17:01:16 INFO  Executed systemctl&lt;serv_mosq2&gt;, exit status 0
17:01:16 INFO  Executed systemctl&lt;serv_mapper3&gt;, exit status 0
17:01:18 INFO  State of current operation: SUCCESSFUL
17:01:19 INFO  Assert that (False == value) with value=False ... passed
17:01:19 INFO  Assert that (False == value) with value=False ... passed
17:01:19 INFO  Assert that (False == value) with value=False ... passed
17:01:19 INFO  Package robotfindskitten is installed
17:01:19 WARN  Assert that (False == value) with value=True ... failed 
17:01:20 INFO  Response status: 201
17:01:20 INFO  Response to action: {
    "creationTime": "2022-07-21T17:01:20.116Z",
    "deviceId": "21121273",
    "deviceName": "m32sd10d",
    "self": "https://t493319102.eu-latest.cumulocity.com/devicecontrol/operations/21163517",
    "id": "21163517",
    "status": "PENDING",
    "description": "Apply software changes, triggered from PySys: [{'action': 'install', 'id': '5475369', 'name': 'asciijump', 'url': ' ', 'version': '::apt'}, {'action': 'install', 'id': '5474869', 'name': 'robotfindskitten', 'url': ' ', 'version': '::apt'}, {'action': 'install', 'id': '5475279', 'name': 'squirrel3', 'url': ' ', 'version': '::apt'}]",
    "c8y_SoftwareUpdate": [
        {
            "name": "asciijump",
            "action": "install",
            "id": "5475369",
            "version": "::apt",
            "url": " "
        },
        {
            "name": "robotfindskitten",
            "action": "install",
            "id": "5474869",
            "version": "::apt",
            "url": " "
        },
        {
            "name": "squirrel3",
            "action": "install",
            "id": "5475279",
            "version": "::apt",
            "url": " "
        }
    ]
}
17:01:20 INFO  Started operation: {'creationTime': '2022-07-21T17:01:20.116Z', 'deviceId': '21121273', 'deviceName': 'm32sd10d', 'self': 'https://t493319102.eu-latest.cumulocity.com/devicecontrol/operations/21163517', 'id': '21163517', 'status': 'PENDING', 'description': "Apply software changes, triggered from PySys: [{'action': 'install', 'id': '5475369', 'name': 'asciijump', 'url': ' ', 'version': '::apt'}, {'action': 'install', 'id': '5474869', 'name': 'robotfindskitten', 'url': ' ', 'version': '::apt'}, {'action': 'install', 'id': '5475279', 'name': 'squirrel3', 'url': ' ', 'version': '::apt'}]", 'c8y_SoftwareUpdate': [{'name': 'asciijump', 'action': 'install', 'id': '5475369', 'version': '::apt', 'url': ' '}, {'name': 'robotfindskitten', 'action': 'install', 'id': '5474869', 'version': '::apt', 'url': ' '}, {'name': 'squirrel3', 'action': 'install', 'id': '5475279', 'version': '::apt', 'url': ' '}]}
17:01:22 INFO  State of operation 21163517 : PENDING
17:01:24 INFO  State of operation 21163517 : EXECUTING
17:01:26 INFO  State of operation 21163517 : EXECUTING
17:01:29 INFO  State of operation 21163517 : EXECUTING
17:01:31 INFO  State of operation 21163517 : EXECUTING
17:01:33 INFO  State of operation 21163517 : EXECUTING
17:01:36 INFO  State of operation 21163517 : EXECUTING
17:01:38 INFO  State of operation 21163517 : EXECUTING
17:01:41 INFO  State of operation 21163517 : EXECUTING
17:01:43 INFO  State of operation 21163517 : EXECUTING
17:01:45 INFO  State of operation 21163517 : EXECUTING
17:01:48 INFO  State of operation 21163517 : EXECUTING
17:01:50 INFO  State of operation 21163517 : EXECUTING
17:01:52 INFO  State of operation 21163517 : EXECUTING
17:01:54 INFO  State of operation 21163517 : EXECUTING
17:01:57 INFO  State of operation 21163517 : EXECUTING
17:01:59 INFO  State of operation 21163517 : EXECUTING
17:02:02 INFO  State of operation 21163517 : EXECUTING
17:02:04 INFO  State of operation 21163517 : EXECUTING
17:02:06 INFO  State of operation 21163517 : EXECUTING
17:02:08 INFO  State of operation 21163517 : EXECUTING
17:02:11 INFO  State of operation 21163517 : EXECUTING
17:02:13 INFO  State of operation 21163517 : EXECUTING
17:02:16 INFO  State of operation 21163517 : EXECUTING
17:02:19 INFO  State of operation 21163517 : EXECUTING
17:02:21 INFO  State of operation 21163517 : EXECUTING
17:02:24 INFO  State of operation 21163517 : EXECUTING
17:02:26 INFO  State of operation 21163517 : EXECUTING
17:02:28 INFO  State of operation 21163517 : EXECUTING
17:02:31 INFO  State of operation 21163517 : EXECUTING
17:02:33 INFO  State of operation 21163517 : EXECUTING
17:02:35 INFO  State of operation 21163517 : EXECUTING
17:02:37 INFO  State of operation 21163517 : EXECUTING
17:02:40 INFO  State of operation 21163517 : SUCCESSFUL
17:02:40 INFO  Assert that (False == value) with value=False ... passed
17:02:40 INFO  Package asciijump is installed
17:02:40 INFO  Assert that (True == value) with value=True ... passed
17:02:40 INFO  Package squirrel3 is installed
17:02:40 INFO  Assert that (True == value) with value=True ... passed
17:02:41 INFO  Package robotfindskitten is installed
17:02:41 INFO  Assert that (True == value) with value=True ... passed
17:02:41 INFO  Response status: 201
17:02:41 INFO  Response to action: {
    "creationTime": "2022-07-21T17:02:41.279Z",
    "deviceId": "21121273",
    "deviceName": "m32sd10d",
    "self": "https://t493319102.eu-latest.cumulocity.com/devicecontrol/operations/21163523",
    "id": "21163523",
    "status": "PENDING",
    "description": "Apply software changes, triggered from PySys: [{'action': 'delete', 'id': '5475369', 'name': 'asciijump', 'url': ' ', 'version': '::apt'}, {'action': 'delete', 'id': '5474869', 'name': 'robotfindskitten', 'url': ' ', 'version': '::apt'}, {'action': 'delete', 'id': '5475279', 'name': 'squirrel3', 'url': ' ', 'version': '::apt'}]",
    "c8y_SoftwareUpdate": [
        {
            "name": "asciijump",
            "action": "delete",
            "id": "5475369",
            "version": "::apt",
            "url": " "
        },
        {
            "name": "robotfindskitten",
            "action": "delete",
            "id": "5474869",
            "version": "::apt",
            "url": " "
        },
        {
            "name": "squirrel3",
            "action": "delete",
            "id": "5475279",
            "version": "::apt",
            "url": " "
        }
    ]
}
17:02:41 INFO  Started operation: {'creationTime': '2022-07-21T17:02:41.279Z', 'deviceId': '21121273', 'deviceName': 'm32sd10d', 'self': 'https://t493319102.eu-latest.cumulocity.com/devicecontrol/operations/21163523', 'id': '21163523', 'status': 'PENDING', 'description': "Apply software changes, triggered from PySys: [{'action': 'delete', 'id': '5475369', 'name': 'asciijump', 'url': ' ', 'version': '::apt'}, {'action': 'delete', 'id': '5474869', 'name': 'robotfindskitten', 'url': ' ', 'version': '::apt'}, {'action': 'delete', 'id': '5475279', 'name': 'squirrel3', 'url': ' ', 'version': '::apt'}]", 'c8y_SoftwareUpdate': [{'name': 'asciijump', 'action': 'delete', 'id': '5475369', 'version': '::apt', 'url': ' '}, {'name': 'robotfindskitten', 'action': 'delete', 'id': '5474869', 'version': '::apt', 'url': ' '}, {'name': 'squirrel3', 'action': 'delete', 'id': '5475279', 'version': '::apt', 'url': ' '}]}
17:02:43 INFO  State of operation 21163523 : PENDING
17:02:45 INFO  State of operation 21163523 : EXECUTING
17:02:47 INFO  State of operation 21163523 : EXECUTING
17:02:50 INFO  State of operation 21163523 : EXECUTING
17:02:52 INFO  State of operation 21163523 : EXECUTING
17:02:54 INFO  State of operation 21163523 : EXECUTING
17:02:57 INFO  State of operation 21163523 : EXECUTING
17:03:00 INFO  State of operation 21163523 : EXECUTING
17:03:02 INFO  State of operation 21163523 : EXECUTING
17:03:05 INFO  State of operation 21163523 : EXECUTING
17:03:07 INFO  State of operation 21163523 : EXECUTING
17:03:09 INFO  State of operation 21163523 : EXECUTING
17:03:11 INFO  State of operation 21163523 : EXECUTING
17:03:14 INFO  State of operation 21163523 : EXECUTING
17:03:16 INFO  State of operation 21163523 : EXECUTING
17:03:18 INFO  State of operation 21163523 : EXECUTING
17:03:21 INFO  State of operation 21163523 : EXECUTING
17:03:23 INFO  State of operation 21163523 : EXECUTING
17:03:26 INFO  State of operation 21163523 : EXECUTING
17:03:28 INFO  State of operation 21163523 : EXECUTING
17:03:30 INFO  State of operation 21163523 : EXECUTING
17:03:32 INFO  State of operation 21163523 : EXECUTING
17:03:35 INFO  State of operation 21163523 : EXECUTING
17:03:37 INFO  State of operation 21163523 : EXECUTING
17:03:40 INFO  State of operation 21163523 : EXECUTING
17:03:42 INFO  State of operation 21163523 : EXECUTING
17:03:44 INFO  State of operation 21163523 : EXECUTING
17:03:47 INFO  State of operation 21163523 : SUCCESSFUL
17:03:47 INFO  Assert that (False == value) with value=False ... passed
17:03:47 INFO  Assert that (False == value) with value=False ... passed
17:03:47 INFO  Assert that (False == value) with value=False ... passed
17:03:48 INFO  Assert that (False == value) with value=False ... passed
17:03:48 INFO  
17:03:48 INFO  cleanup:
17:03:52 INFO  Executed sudo&lt;tedge_disconnect_c8y&gt;, exit status 0
17:03:52 INFO  Executed systemctl&lt;serv_mapper5&gt;, exit status 3
17:03:52 INFO  
17:03:52 INFO  Test duration: 178.14 secs
17:03:52 INFO  Test final outcome:  FAILED
17:03:52 INFO  Test outcome reason: Assert that (False == value) with value=True
17:03:52 INFO  
</system-out>
	</testcase>
<testcase classname="PySysTest" name="SoftwareManagement.sm_apt_install_remove_multiple">
		<failure message="FAILED: Assert that (False == value) with value=True (+2 other failures)" type="FAILED" />
		<system-out>17:27:20 INFO  ==============================================================
17:27:20 INFO  Id:    SoftwareManagement.sm_apt_install_remove_multiple
17:27:20 INFO  Dir:   software_management_end_to_end/
17:27:20 INFO  Title: Validate end to end behaviour for the apt plugin for multiple packages
17:27:20 INFO  ==============================================================
17:27:20 INFO  Using sw id database: {'asciijump': '5475369', 'robotfindskitten': '5474869', 'squirrel3': '5475279', 'rolldice': '5152439', 'moon-buggy': '5439204', 'apple': '5495053', 'banana': '5494888', 'cherry': '5495382', 'watermelon': '5494510', 'registry': '8018911', 'hello-world': '8021526', 'docker/getting-started': '8021973', 'alpine': '7991792'}
17:27:20 INFO  EnvironmentC8y Setup
17:27:20 INFO  Executed systemctl&lt;serv_mapper1&gt;, exit status 3
17:27:20 INFO  Restarting mosquitto too frequently in the last 10 seconds. It was only up for 4 seconds
17:27:20 INFO  Delaying execution by 7 seconds
17:27:41 INFO  Executed sudo&lt;tedge_connect_c8y&gt;, exit status 0, duration 13 secs
17:27:42 INFO  Executed sudo&lt;tedge_connect_c8y_test&gt;, exit status 0
17:27:42 INFO  Executed systemctl&lt;serv_mosq2&gt;, exit status 0
17:27:43 INFO  Executed systemctl&lt;serv_mapper3&gt;, exit status 0
17:27:45 INFO  State of current operation: SUCCESSFUL
17:27:45 INFO  Assert that (False == value) with value=False ... passed
17:27:46 INFO  Package asciijump is installed
17:27:46 WARN  Assert that (False == value) with value=True ... failed 
17:27:46 INFO  Package squirrel3 is installed
17:27:46 WARN  Assert that (False == value) with value=True ... failed 
17:27:46 INFO  Package robotfindskitten is installed
17:27:46 WARN  Assert that (False == value) with value=True ... failed 
17:27:47 INFO  Response status: 201
17:27:47 INFO  Response to action: {
    "creationTime": "2022-07-21T17:27:47.180Z",
    "deviceId": "21121273",
    "deviceName": "m32sd10d",
    "self": "https://t493319102.eu-latest.cumulocity.com/devicecontrol/operations/21163696",
    "id": "21163696",
    "status": "PENDING",
    "description": "Apply software changes, triggered from PySys: [{'action': 'install', 'id': '5475369', 'name': 'asciijump', 'url': ' ', 'version': '::apt'}, {'action': 'install', 'id': '5474869', 'name': 'robotfindskitten', 'url': ' ', 'version': '::apt'}, {'action': 'install', 'id': '5475279', 'name': 'squirrel3', 'url': ' ', 'version': '::apt'}]",
    "c8y_SoftwareUpdate": [
        {
            "name": "asciijump",
            "action": "install",
            "id": "5475369",
            "version": "::apt",
            "url": " "
        },
        {
            "name": "robotfindskitten",
            "action": "install",
            "id": "5474869",
            "version": "::apt",
            "url": " "
        },
        {
            "name": "squirrel3",
            "action": "install",
            "id": "5475279",
            "version": "::apt",
            "url": " "
        }
    ]
}
17:27:47 INFO  Started operation: {'creationTime': '2022-07-21T17:27:47.180Z', 'deviceId': '21121273', 'deviceName': 'm32sd10d', 'self': 'https://t493319102.eu-latest.cumulocity.com/devicecontrol/operations/21163696', 'id': '21163696', 'status': 'PENDING', 'description': "Apply software changes, triggered from PySys: [{'action': 'install', 'id': '5475369', 'name': 'asciijump', 'url': ' ', 'version': '::apt'}, {'action': 'install', 'id': '5474869', 'name': 'robotfindskitten', 'url': ' ', 'version': '::apt'}, {'action': 'install', 'id': '5475279', 'name': 'squirrel3', 'url': ' ', 'version': '::apt'}]", 'c8y_SoftwareUpdate': [{'name': 'asciijump', 'action': 'install', 'id': '5475369', 'version': '::apt', 'url': ' '}, {'name': 'robotfindskitten', 'action': 'install', 'id': '5474869', 'version': '::apt', 'url': ' '}, {'name': 'squirrel3', 'action': 'install', 'id': '5475279', 'version': '::apt', 'url': ' '}]}
17:27:49 INFO  State of operation 21163696 : PENDING
17:27:51 INFO  State of operation 21163696 : EXECUTING
17:27:53 INFO  State of operation 21163696 : EXECUTING
17:27:56 INFO  State of operation 21163696 : EXECUTING
17:27:58 INFO  State of operation 21163696 : EXECUTING
17:28:00 INFO  State of operation 21163696 : EXECUTING
17:28:03 INFO  State of operation 21163696 : EXECUTING
17:28:06 INFO  State of operation 21163696 : EXECUTING
17:28:08 INFO  State of operation 21163696 : EXECUTING
17:28:11 INFO  State of operation 21163696 : EXECUTING
17:28:13 INFO  State of operation 21163696 : EXECUTING
17:28:15 INFO  State of operation 21163696 : EXECUTING
17:28:17 INFO  State of operation 21163696 : EXECUTING
17:28:20 INFO  State of operation 21163696 : EXECUTING
17:28:22 INFO  State of operation 21163696 : EXECUTING
17:28:24 INFO  State of operation 21163696 : SUCCESSFUL
17:28:24 INFO  Assert that (False == value) with value=False ... passed
17:28:24 INFO  Package asciijump is installed
17:28:24 INFO  Assert that (True == value) with value=True ... passed
17:28:25 INFO  Package squirrel3 is installed
17:28:25 INFO  Assert that (True == value) with value=True ... passed
17:28:25 INFO  Package robotfindskitten is installed
17:28:25 INFO  Assert that (True == value) with value=True ... passed
17:28:25 INFO  Response status: 201
17:28:25 INFO  Response to action: {
    "creationTime": "2022-07-21T17:28:25.548Z",
    "deviceId": "21121273",
    "deviceName": "m32sd10d",
    "self": "https://t493319102.eu-latest.cumulocity.com/devicecontrol/operations/21163712",
    "id": "21163712",
    "status": "PENDING",
    "description": "Apply software changes, triggered from PySys: [{'action': 'delete', 'id': '5475369', 'name': 'asciijump', 'url': ' ', 'version': '::apt'}, {'action': 'delete', 'id': '5474869', 'name': 'robotfindskitten', 'url': ' ', 'version': '::apt'}, {'action': 'delete', 'id': '5475279', 'name': 'squirrel3', 'url': ' ', 'version': '::apt'}]",
    "c8y_SoftwareUpdate": [
        {
            "name": "asciijump",
            "action": "delete",
            "id": "5475369",
            "version": "::apt",
            "url": " "
        },
        {
            "name": "robotfindskitten",
            "action": "delete",
            "id": "5474869",
            "version": "::apt",
            "url": " "
        },
        {
            "name": "squirrel3",
            "action": "delete",
            "id": "5475279",
            "version": "::apt",
            "url": " "
        }
    ]
}
17:28:25 INFO  Started operation: {'creationTime': '2022-07-21T17:28:25.548Z', 'deviceId': '21121273', 'deviceName': 'm32sd10d', 'self': 'https://t493319102.eu-latest.cumulocity.com/devicecontrol/operations/21163712', 'id': '21163712', 'status': 'PENDING', 'description': "Apply software changes, triggered from PySys: [{'action': 'delete', 'id': '5475369', 'name': 'asciijump', 'url': ' ', 'version': '::apt'}, {'action': 'delete', 'id': '5474869', 'name': 'robotfindskitten', 'url': ' ', 'version': '::apt'}, {'action': 'delete', 'id': '5475279', 'name': 'squirrel3', 'url': ' ', 'version': '::apt'}]", 'c8y_SoftwareUpdate': [{'name': 'asciijump', 'action': 'delete', 'id': '5475369', 'version': '::apt', 'url': ' '}, {'name': 'robotfindskitten', 'action': 'delete', 'id': '5474869', 'version': '::apt', 'url': ' '}, {'name': 'squirrel3', 'action': 'delete', 'id': '5475279', 'version': '::apt', 'url': ' '}]}
17:28:27 INFO  State of operation 21163712 : PENDING
17:28:30 INFO  State of operation 21163712 : EXECUTING
17:28:32 INFO  State of operation 21163712 : EXECUTING
17:28:34 INFO  State of operation 21163712 : EXECUTING
17:28:36 INFO  State of operation 21163712 : EXECUTING
17:28:38 INFO  State of operation 21163712 : EXECUTING
17:28:41 INFO  State of operation 21163712 : EXECUTING
17:28:44 INFO  State of operation 21163712 : EXECUTING
17:28:46 INFO  State of operation 21163712 : EXECUTING
17:28:49 INFO  State of operation 21163712 : EXECUTING
17:28:51 INFO  State of operation 21163712 : EXECUTING
17:28:53 INFO  State of operation 21163712 : EXECUTING
17:28:55 INFO  State of operation 21163712 : EXECUTING
17:28:58 INFO  State of operation 21163712 : EXECUTING
17:29:00 INFO  State of operation 21163712 : EXECUTING
17:29:02 INFO  State of operation 21163712 : EXECUTING
17:29:04 INFO  State of operation 21163712 : EXECUTING
17:29:07 INFO  State of operation 21163712 : EXECUTING
17:29:09 INFO  State of operation 21163712 : EXECUTING
17:29:12 INFO  State of operation 21163712 : EXECUTING
17:29:14 INFO  State of operation 21163712 : EXECUTING
17:29:16 INFO  State of operation 21163712 : EXECUTING
17:29:19 INFO  State of operation 21163712 : EXECUTING
17:29:21 INFO  State of operation 21163712 : EXECUTING
17:29:24 INFO  State of operation 21163712 : EXECUTING
17:29:26 INFO  State of operation 21163712 : EXECUTING
17:29:28 INFO  State of operation 21163712 : EXECUTING
17:29:31 INFO  State of operation 21163712 : EXECUTING
17:29:33 INFO  State of operation 21163712 : SUCCESSFUL
17:29:33 INFO  Assert that (False == value) with value=False ... passed
17:29:33 INFO  Assert that (False == value) with value=False ... passed
17:29:33 INFO  Assert that (False == value) with value=False ... passed
17:29:34 INFO  Assert that (False == value) with value=False ... passed
17:29:34 INFO  
17:29:34 INFO  cleanup:
17:29:38 INFO  Executed sudo&lt;tedge_disconnect_c8y&gt;, exit status 0
17:29:38 INFO  Executed systemctl&lt;serv_mapper5&gt;, exit status 3
17:29:38 INFO  
17:29:38 INFO  Test duration: 138.49 secs
17:29:38 INFO  Test final outcome:  FAILED
17:29:38 INFO  Test outcome reason: Assert that (False == value) with value=True (+2 other failures)
17:29:38 INFO  
</system-out>
	</testcase>
</testsuite><testsuite name="SoftwareManagement.sm_apt_install_remove_multiple_mixed" tests="3" errors="0" failures="2" skipped="1" time="0"><testcase classname="PySysTest" name="SoftwareManagement.sm_apt_install_remove_multiple_mixed">
		<skipped message="SKIPPED: Testing the apt plugin is not supported on this platform.Use parameter -XmyPlatform='container' to enable it" />
		<system-out>16:29:20 INFO  ==============================================================
16:29:20 INFO  Id:    SoftwareManagement.sm_apt_install_remove_multiple_mixed
16:29:20 INFO  Dir:   software_management_end_to_end/
16:29:20 INFO  Title: Validate end to end behaviour for the apt plugin for multiple packages with mixed versions
16:29:20 INFO  ==============================================================
16:29:20 INFO  Testing the apt plugin is not supported on this platform.Use parameter -XmyPlatform='container' to enable it ... skipped
16:29:20 WARN  Aborted test due to SKIPPED outcome
16:29:20 INFO  
16:29:20 INFO  Test duration: 0.04 secs
16:29:20 INFO  Test final outcome:  SKIPPED
16:29:20 INFO  Test outcome reason: Testing the apt plugin is not supported on this platform.Use parameter -XmyPlatform='container' to enable it
16:29:20 INFO  
</system-out>
	</testcase>
<testcase classname="PySysTest" name="SoftwareManagement.sm_apt_install_remove_multiple_mixed">
		<failure message="BLOCKED: SystemError: Timeout while waiting for status SUCCESSFUL or False" type="BLOCKED" />
		<system-out>17:03:52 INFO  ==============================================================
17:03:52 INFO  Id:    SoftwareManagement.sm_apt_install_remove_multiple_mixed
17:03:52 INFO  Dir:   software_management_end_to_end/
17:03:52 INFO  Title: Validate end to end behaviour for the apt plugin for multiple packages with mixed versions
17:03:52 INFO  ==============================================================
17:03:52 INFO  Using sw id database: {'asciijump': '5475369', 'robotfindskitten': '5474869', 'squirrel3': '5475279', 'rolldice': '5152439', 'moon-buggy': '5439204', 'apple': '5495053', 'banana': '5494888', 'cherry': '5495382', 'watermelon': '5494510', 'registry': '8018911', 'hello-world': '8021526', 'docker/getting-started': '8021973', 'alpine': '7991792'}
17:03:52 INFO  EnvironmentC8y Setup
17:03:53 INFO  Executed systemctl&lt;serv_mapper1&gt;, exit status 3
17:03:53 INFO  Restarting mosquitto too frequently in the last 10 seconds. It was only up for 5 seconds
17:03:53 INFO  Delaying execution by 6 seconds
17:04:13 INFO  Executed sudo&lt;tedge_connect_c8y&gt;, exit status 0, duration 13 secs
17:04:13 INFO  Executed sudo&lt;tedge_connect_c8y_test&gt;, exit status 0
17:04:14 INFO  Executed systemctl&lt;serv_mosq2&gt;, exit status 0
17:04:14 INFO  Executed systemctl&lt;serv_mapper3&gt;, exit status 0
17:04:17 INFO  State of current operation: SUCCESSFUL
17:04:17 INFO  Assert that (False == value) with value=False ... passed
17:04:17 INFO  Assert that (False == value) with value=False ... passed
17:04:17 INFO  Assert that (False == value) with value=False ... passed
17:04:17 INFO  Assert that (False == value) with value=False ... passed
17:04:18 INFO  Assert that (False == value) with value=False ... passed
17:04:19 INFO  Response status: 201
17:04:19 INFO  Response to action: {
    "delivery": {
        "log": [],
        "time": "2022-07-21T17:04:19.365Z",
        "status": "PENDING"
    },
    "creationTime": "2022-07-21T17:04:19.341Z",
    "deviceId": "21121273",
    "deviceName": "m32sd10d",
    "self": "https://t493319102.eu-latest.cumulocity.com/devicecontrol/operations/21163534",
    "id": "21163534",
    "status": "PENDING",
    "description": "Apply software changes, triggered from PySys: [{'action': 'install', 'id': '5475369', 'name': 'asciijump', 'url': ' ', 'version': '::apt'}, {'action': 'install', 'id': '5474869', 'name': 'robotfindskitten', 'url': ' ', 'version': ' '}, {'action': 'install', 'id': '5475279', 'name': 'squirrel3', 'url': ' ', 'version': '3.1-7::apt'}, {'action': 'install', 'id': '5152439', 'name': 'rolldice', 'url': ' ', 'version': '1.16-1+b1'}, {'action': 'install', 'id': '5439204', 'name': 'moon-buggy', 'url': ' ', 'version': '1:1.0.51-12'}, {'action': 'install', 'id': '5475369', 'name': 'asciijump', 'url': ' ', 'version': '::apt'}]",
    "c8y_SoftwareUpdate": [
        {
            "name": "asciijump",
            "action": "install",
            "id": "5475369",
            "version": "::apt",
            "url": " "
        },
        {
            "name": "robotfindskitten",
            "action": "install",
            "id": "5474869",
            "version": " ",
            "url": " "
        },
        {
            "name": "squirrel3",
            "action": "install",
            "id": "5475279",
            "version": "3.1-7::apt",
            "url": " "
        },
        {
            "name": "rolldice",
            "action": "install",
            "id": "5152439",
            "version": "1.16-1+b1",
            "url": " "
        },
        {
            "name": "moon-buggy",
            "action": "install",
            "id": "5439204",
            "version": "1:1.0.51-12",
            "url": " "
        },
        {
            "name": "asciijump",
            "action": "install",
            "id": "5475369",
            "version": "::apt",
            "url": " "
        }
    ]
}
17:04:19 INFO  Started operation: {'delivery': {'log': [], 'time': '2022-07-21T17:04:19.365Z', 'status': 'PENDING'}, 'creationTime': '2022-07-21T17:04:19.341Z', 'deviceId': '21121273', 'deviceName': 'm32sd10d', 'self': 'https://t493319102.eu-latest.cumulocity.com/devicecontrol/operations/21163534', 'id': '21163534', 'status': 'PENDING', 'description': "Apply software changes, triggered from PySys: [{'action': 'install', 'id': '5475369', 'name': 'asciijump', 'url': ' ', 'version': '::apt'}, {'action': 'install', 'id': '5474869', 'name': 'robotfindskitten', 'url': ' ', 'version': ' '}, {'action': 'install', 'id': '5475279', 'name': 'squirrel3', 'url': ' ', 'version': '3.1-7::apt'}, {'action': 'install', 'id': '5152439', 'name': 'rolldice', 'url': ' ', 'version': '1.16-1+b1'}, {'action': 'install', 'id': '5439204', 'name': 'moon-buggy', 'url': ' ', 'version': '1:1.0.51-12'}, {'action': 'install', 'id': '5475369', 'name': 'asciijump', 'url': ' ', 'version': '::apt'}]", 'c8y_SoftwareUpdate': [{'name': 'asciijump', 'action': 'install', 'id': '5475369', 'version': '::apt', 'url': ' '}, {'name': 'robotfindskitten', 'action': 'install', 'id': '5474869', 'version': ' ', 'url': ' '}, {'name': 'squirrel3', 'action': 'install', 'id': '5475279', 'version': '3.1-7::apt', 'url': ' '}, {'name': 'rolldice', 'action': 'install', 'id': '5152439', 'version': '1.16-1+b1', 'url': ' '}, {'name': 'moon-buggy', 'action': 'install', 'id': '5439204', 'version': '1:1.0.51-12', 'url': ' '}, {'name': 'asciijump', 'action': 'install', 'id': '5475369', 'version': '::apt', 'url': ' '}]}
17:04:21 INFO  State of operation 21163534 : PENDING
17:04:23 INFO  State of operation 21163534 : EXECUTING
17:04:26 INFO  State of operation 21163534 : EXECUTING
17:04:28 INFO  State of operation 21163534 : EXECUTING
17:04:30 INFO  State of operation 21163534 : EXECUTING
17:04:32 INFO  State of operation 21163534 : EXECUTING
17:04:35 INFO  State of operation 21163534 : EXECUTING
17:04:38 INFO  State of operation 21163534 : EXECUTING
17:04:40 INFO  State of operation 21163534 : EXECUTING
17:04:43 INFO  State of operation 21163534 : EXECUTING
17:04:45 INFO  State of operation 21163534 : EXECUTING
17:04:47 INFO  State of operation 21163534 : EXECUTING
17:04:49 INFO  State of operation 21163534 : EXECUTING
17:04:52 INFO  State of operation 21163534 : EXECUTING
17:04:54 INFO  State of operation 21163534 : EXECUTING
17:04:56 INFO  State of operation 21163534 : EXECUTING
17:04:59 INFO  State of operation 21163534 : EXECUTING
17:05:01 INFO  State of operation 21163534 : EXECUTING
17:05:03 INFO  State of operation 21163534 : EXECUTING
17:05:06 INFO  State of operation 21163534 : EXECUTING
17:05:08 INFO  State of operation 21163534 : EXECUTING
17:05:11 INFO  State of operation 21163534 : EXECUTING
17:05:13 INFO  State of operation 21163534 : EXECUTING
17:05:16 INFO  State of operation 21163534 : EXECUTING
17:05:18 INFO  State of operation 21163534 : EXECUTING
17:05:21 INFO  State of operation 21163534 : EXECUTING
17:05:23 INFO  State of operation 21163534 : EXECUTING
17:05:26 INFO  State of operation 21163534 : EXECUTING
17:05:28 INFO  State of operation 21163534 : EXECUTING
17:05:30 INFO  State of operation 21163534 : EXECUTING
17:05:32 INFO  State of operation 21163534 : EXECUTING
17:05:35 INFO  State of operation 21163534 : EXECUTING
17:05:37 INFO  State of operation 21163534 : EXECUTING
17:05:39 INFO  State of operation 21163534 : EXECUTING
17:05:41 INFO  State of operation 21163534 : EXECUTING
17:05:44 INFO  State of operation 21163534 : EXECUTING
17:05:46 INFO  State of operation 21163534 : EXECUTING
17:05:49 INFO  State of operation 21163534 : EXECUTING
17:05:52 INFO  State of operation 21163534 : EXECUTING
17:05:54 INFO  State of operation 21163534 : EXECUTING
17:05:56 INFO  State of operation 21163534 : EXECUTING
17:05:58 INFO  State of operation 21163534 : EXECUTING
17:06:01 INFO  State of operation 21163534 : EXECUTING
17:06:03 INFO  State of operation 21163534 : EXECUTING
17:06:05 INFO  State of operation 21163534 : EXECUTING
17:06:07 INFO  State of operation 21163534 : EXECUTING
17:06:10 INFO  State of operation 21163534 : EXECUTING
17:06:12 INFO  State of operation 21163534 : EXECUTING
17:06:15 INFO  State of operation 21163534 : EXECUTING
17:06:17 INFO  State of operation 21163534 : EXECUTING
17:06:19 INFO  State of operation 21163534 : EXECUTING
17:06:21 INFO  State of operation 21163534 : EXECUTING
17:06:25 INFO  State of operation 21163534 : EXECUTING
17:06:27 INFO  State of operation 21163534 : EXECUTING
17:06:30 INFO  State of operation 21163534 : EXECUTING
17:06:32 INFO  State of operation 21163534 : EXECUTING
17:06:35 INFO  State of operation 21163534 : EXECUTING
17:06:37 INFO  State of operation 21163534 : EXECUTING
17:06:40 INFO  State of operation 21163534 : EXECUTING
17:06:42 INFO  State of operation 21163534 : EXECUTING
17:06:44 INFO  State of operation 21163534 : EXECUTING
17:06:46 WARN  SystemError occurred while running test - Timeout while waiting for status SUCCESSFUL or False
Traceback (most recent call last):
  File "/home/pi/env-pysys/lib/python3.7/site-packages/pysys/baserunner.py", line 1294, in __call__
    self.testObj.execute()
  File "/home/pi/actions-runner/_work/thin-edge.io/thin-edge.io/tests/PySys/software_management_end_to_end/sm_apt_install_remove_multiple_mixed/run.py", line 89, in execute
    self.wait_until_succcess()
  File "/home/pi/actions-runner/_work/thin-edge.io/thin-edge.io/tests/PySys/software_management_end_to_end/environment_sm_management.py", line 324, in wait_until_succcess
    self.wait_until_status("SUCCESSFUL")
  File "/home/pi/actions-runner/_work/thin-edge.io/thin-edge.io/tests/PySys/software_management_end_to_end/environment_sm_management.py", line 381, in wait_until_status
    "Timeout while waiting for status %s or %s" % (status, status2)
SystemError: Timeout while waiting for status SUCCESSFUL or False
17:06:46 WARN  SystemError: Timeout while waiting for status SUCCESSFUL or False ... blocked 
17:06:46 INFO  
17:06:46 INFO  cleanup:
17:06:50 INFO  Executed sudo&lt;tedge_disconnect_c8y&gt;, exit status 0
17:06:51 INFO  Executed systemctl&lt;serv_mapper5&gt;, exit status 3
17:06:51 INFO  
17:06:51 INFO  Test duration: 178.66 secs
17:06:51 INFO  Test final outcome:  BLOCKED
17:06:51 INFO  Test outcome reason: SystemError: Timeout while waiting for status SUCCESSFUL or False
17:06:51 INFO  
</system-out>
	</testcase>
<testcase classname="PySysTest" name="SoftwareManagement.sm_apt_install_remove_multiple_mixed">
		<failure message="BLOCKED: SystemError: Timeout while waiting for status SUCCESSFUL or False (+1 other failures)" type="BLOCKED" />
		<system-out>17:29:38 INFO  ==============================================================
17:29:38 INFO  Id:    SoftwareManagement.sm_apt_install_remove_multiple_mixed
17:29:38 INFO  Dir:   software_management_end_to_end/
17:29:38 INFO  Title: Validate end to end behaviour for the apt plugin for multiple packages with mixed versions
17:29:38 INFO  ==============================================================
17:29:38 INFO  Using sw id database: {'asciijump': '5475369', 'robotfindskitten': '5474869', 'squirrel3': '5475279', 'rolldice': '5152439', 'moon-buggy': '5439204', 'apple': '5495053', 'banana': '5494888', 'cherry': '5495382', 'watermelon': '5494510', 'registry': '8018911', 'hello-world': '8021526', 'docker/getting-started': '8021973', 'alpine': '7991792'}
17:29:38 INFO  EnvironmentC8y Setup
17:29:39 INFO  Executed systemctl&lt;serv_mapper1&gt;, exit status 3
17:29:39 INFO  Restarting mosquitto too frequently in the last 10 seconds. It was only up for 5 seconds
17:29:39 INFO  Delaying execution by 6 seconds
17:29:59 INFO  Executed sudo&lt;tedge_connect_c8y&gt;, exit status 0, duration 13 secs
17:29:59 INFO  Executed sudo&lt;tedge_connect_c8y_test&gt;, exit status 0
17:30:00 INFO  Executed systemctl&lt;serv_mosq2&gt;, exit status 0
17:30:00 INFO  Executed systemctl&lt;serv_mapper3&gt;, exit status 0
17:30:03 INFO  State of current operation: SUCCESSFUL
17:30:03 INFO  Assert that (False == value) with value=False ... passed
17:30:03 INFO  Assert that (False == value) with value=False ... passed
17:30:03 INFO  Assert that (False == value) with value=False ... passed
17:30:03 INFO  Assert that (False == value) with value=False ... passed
17:30:04 INFO  Package moon-buggy is installed
17:30:04 WARN  Assert that (False == value) with value=True ... failed 
17:30:05 INFO  Response status: 201
17:30:05 INFO  Response to action: {
    "creationTime": "2022-07-21T17:30:05.473Z",
    "deviceId": "21121273",
    "deviceName": "m32sd10d",
    "self": "https://t493319102.eu-latest.cumulocity.com/devicecontrol/operations/21163722",
    "id": "21163722",
    "status": "PENDING",
    "description": "Apply software changes, triggered from PySys: [{'action': 'install', 'id': '5475369', 'name': 'asciijump', 'url': ' ', 'version': '::apt'}, {'action': 'install', 'id': '5474869', 'name': 'robotfindskitten', 'url': ' ', 'version': ' '}, {'action': 'install', 'id': '5475279', 'name': 'squirrel3', 'url': ' ', 'version': '3.1-7::apt'}, {'action': 'install', 'id': '5152439', 'name': 'rolldice', 'url': ' ', 'version': '1.16-1+b1'}, {'action': 'install', 'id': '5439204', 'name': 'moon-buggy', 'url': ' ', 'version': '1:1.0.51-12'}, {'action': 'install', 'id': '5475369', 'name': 'asciijump', 'url': ' ', 'version': '::apt'}]",
    "c8y_SoftwareUpdate": [
        {
            "name": "asciijump",
            "action": "install",
            "id": "5475369",
            "version": "::apt",
            "url": " "
        },
        {
            "name": "robotfindskitten",
            "action": "install",
            "id": "5474869",
            "version": " ",
            "url": " "
        },
        {
            "name": "squirrel3",
            "action": "install",
            "id": "5475279",
            "version": "3.1-7::apt",
            "url": " "
        },
        {
            "name": "rolldice",
            "action": "install",
            "id": "5152439",
            "version": "1.16-1+b1",
            "url": " "
        },
        {
            "name": "moon-buggy",
            "action": "install",
            "id": "5439204",
            "version": "1:1.0.51-12",
            "url": " "
        },
        {
            "name": "asciijump",
            "action": "install",
            "id": "5475369",
            "version": "::apt",
            "url": " "
        }
    ]
}
17:30:05 INFO  Started operation: {'creationTime': '2022-07-21T17:30:05.473Z', 'deviceId': '21121273', 'deviceName': 'm32sd10d', 'self': 'https://t493319102.eu-latest.cumulocity.com/devicecontrol/operations/21163722', 'id': '21163722', 'status': 'PENDING', 'description': "Apply software changes, triggered from PySys: [{'action': 'install', 'id': '5475369', 'name': 'asciijump', 'url': ' ', 'version': '::apt'}, {'action': 'install', 'id': '5474869', 'name': 'robotfindskitten', 'url': ' ', 'version': ' '}, {'action': 'install', 'id': '5475279', 'name': 'squirrel3', 'url': ' ', 'version': '3.1-7::apt'}, {'action': 'install', 'id': '5152439', 'name': 'rolldice', 'url': ' ', 'version': '1.16-1+b1'}, {'action': 'install', 'id': '5439204', 'name': 'moon-buggy', 'url': ' ', 'version': '1:1.0.51-12'}, {'action': 'install', 'id': '5475369', 'name': 'asciijump', 'url': ' ', 'version': '::apt'}]", 'c8y_SoftwareUpdate': [{'name': 'asciijump', 'action': 'install', 'id': '5475369', 'version': '::apt', 'url': ' '}, {'name': 'robotfindskitten', 'action': 'install', 'id': '5474869', 'version': ' ', 'url': ' '}, {'name': 'squirrel3', 'action': 'install', 'id': '5475279', 'version': '3.1-7::apt', 'url': ' '}, {'name': 'rolldice', 'action': 'install', 'id': '5152439', 'version': '1.16-1+b1', 'url': ' '}, {'name': 'moon-buggy', 'action': 'install', 'id': '5439204', 'version': '1:1.0.51-12', 'url': ' '}, {'name': 'asciijump', 'action': 'install', 'id': '5475369', 'version': '::apt', 'url': ' '}]}
17:30:07 INFO  State of operation 21163722 : PENDING
17:30:09 INFO  State of operation 21163722 : EXECUTING
17:30:12 INFO  State of operation 21163722 : EXECUTING
17:30:14 INFO  State of operation 21163722 : EXECUTING
17:30:16 INFO  State of operation 21163722 : EXECUTING
17:30:18 INFO  State of operation 21163722 : EXECUTING
17:30:21 INFO  State of operation 21163722 : EXECUTING
17:30:24 INFO  State of operation 21163722 : EXECUTING
17:30:26 INFO  State of operation 21163722 : EXECUTING
17:30:28 INFO  State of operation 21163722 : EXECUTING
17:30:31 INFO  State of operation 21163722 : EXECUTING
17:30:33 INFO  State of operation 21163722 : EXECUTING
17:30:35 INFO  State of operation 21163722 : EXECUTING
17:30:37 INFO  State of operation 21163722 : EXECUTING
17:30:40 INFO  State of operation 21163722 : EXECUTING
17:30:42 INFO  State of operation 21163722 : EXECUTING
17:30:44 INFO  State of operation 21163722 : EXECUTING
17:30:47 INFO  State of operation 21163722 : EXECUTING
17:30:49 INFO  State of operation 21163722 : EXECUTING
17:30:52 INFO  State of operation 21163722 : EXECUTING
17:30:54 INFO  State of operation 21163722 : EXECUTING
17:30:57 INFO  State of operation 21163722 : EXECUTING
17:30:59 INFO  State of operation 21163722 : EXECUTING
17:31:01 INFO  State of operation 21163722 : EXECUTING
17:31:03 INFO  State of operation 21163722 : EXECUTING
17:31:05 INFO  State of operation 21163722 : EXECUTING
17:31:08 INFO  State of operation 21163722 : EXECUTING
17:31:11 INFO  State of operation 21163722 : EXECUTING
17:31:14 INFO  State of operation 21163722 : EXECUTING
17:31:16 INFO  State of operation 21163722 : EXECUTING
17:31:18 INFO  State of operation 21163722 : EXECUTING
17:31:20 INFO  State of operation 21163722 : EXECUTING
17:31:23 INFO  State of operation 21163722 : EXECUTING
17:31:25 INFO  State of operation 21163722 : EXECUTING
17:31:27 INFO  State of operation 21163722 : EXECUTING
17:31:29 INFO  State of operation 21163722 : EXECUTING
17:31:32 INFO  State of operation 21163722 : EXECUTING
17:31:34 INFO  State of operation 21163722 : EXECUTING
17:31:37 INFO  State of operation 21163722 : EXECUTING
17:31:39 INFO  State of operation 21163722 : EXECUTING
17:31:42 INFO  State of operation 21163722 : EXECUTING
17:31:44 INFO  State of operation 21163722 : EXECUTING
17:31:46 INFO  State of operation 21163722 : EXECUTING
17:31:49 INFO  State of operation 21163722 : EXECUTING
17:31:51 INFO  State of operation 21163722 : EXECUTING
17:31:53 INFO  State of operation 21163722 : EXECUTING
17:31:55 INFO  State of operation 21163722 : EXECUTING
17:31:58 INFO  State of operation 21163722 : EXECUTING
17:32:00 INFO  State of operation 21163722 : EXECUTING
17:32:03 INFO  State of operation 21163722 : EXECUTING
17:32:05 INFO  State of operation 21163722 : EXECUTING
17:32:07 INFO  State of operation 21163722 : EXECUTING
17:32:10 INFO  State of operation 21163722 : EXECUTING
17:32:12 INFO  State of operation 21163722 : EXECUTING
17:32:15 INFO  State of operation 21163722 : EXECUTING
17:32:17 INFO  State of operation 21163722 : EXECUTING
17:32:21 INFO  State of operation 21163722 : EXECUTING
17:32:23 INFO  State of operation 21163722 : EXECUTING
17:32:25 INFO  State of operation 21163722 : EXECUTING
17:32:27 INFO  State of operation 21163722 : EXECUTING
17:32:30 INFO  State of operation 21163722 : EXECUTING
17:32:32 WARN  SystemError occurred while running test - Timeout while waiting for status SUCCESSFUL or False
Traceback (most recent call last):
  File "/home/pi/env-pysys/lib/python3.7/site-packages/pysys/baserunner.py", line 1294, in __call__
    self.testObj.execute()
  File "/home/pi/actions-runner/_work/thin-edge.io/thin-edge.io/tests/PySys/software_management_end_to_end/sm_apt_install_remove_multiple_mixed/run.py", line 89, in execute
    self.wait_until_succcess()
  File "/home/pi/actions-runner/_work/thin-edge.io/thin-edge.io/tests/PySys/software_management_end_to_end/environment_sm_management.py", line 324, in wait_until_succcess
    self.wait_until_status("SUCCESSFUL")
  File "/home/pi/actions-runner/_work/thin-edge.io/thin-edge.io/tests/PySys/software_management_end_to_end/environment_sm_management.py", line 381, in wait_until_status
    "Timeout while waiting for status %s or %s" % (status, status2)
SystemError: Timeout while waiting for status SUCCESSFUL or False
17:32:32 WARN  SystemError: Timeout while waiting for status SUCCESSFUL or False ... blocked 
17:32:32 INFO  
17:32:32 INFO  cleanup:
17:32:36 INFO  Executed sudo&lt;tedge_disconnect_c8y&gt;, exit status 0
17:32:37 INFO  Executed systemctl&lt;serv_mapper5&gt;, exit status 3
17:32:37 INFO  
17:32:37 INFO  Test duration: 178.32 secs
17:32:37 INFO  Test final outcome:  BLOCKED
17:32:37 INFO  Test outcome reason: SystemError: Timeout while waiting for status SUCCESSFUL or False (+1 other failures)
17:32:37 INFO  
</system-out>
	</testcase>
</testsuite><testsuite name="SoftwareManagement.sm_apt_install_remove_with_version" tests="3" errors="0" failures="0" skipped="1" time="0"><testcase classname="PySysTest" name="SoftwareManagement.sm_apt_install_remove_with_version">
		<skipped message="SKIPPED: Testing the apt plugin is not supported on this platform.Use parameter -XmyPlatform='container' to enable it" />
		<system-out>16:29:20 INFO  ==============================================================
16:29:20 INFO  Id:    SoftwareManagement.sm_apt_install_remove_with_version
16:29:20 INFO  Dir:   software_management_end_to_end/
16:29:20 INFO  Title: Validate end to end behaviour for the apt plugin for packages with version
16:29:20 INFO  ==============================================================
16:29:20 INFO  Testing the apt plugin is not supported on this platform.Use parameter -XmyPlatform='container' to enable it ... skipped
16:29:20 WARN  Aborted test due to SKIPPED outcome
16:29:20 INFO  
16:29:20 INFO  Test duration: 0.02 secs
16:29:20 INFO  Test final outcome:  SKIPPED
16:29:20 INFO  Test outcome reason: Testing the apt plugin is not supported on this platform.Use parameter -XmyPlatform='container' to enable it
16:29:20 INFO  
</system-out>
	</testcase>
<testcase classname="PySysTest" name="SoftwareManagement.sm_apt_install_remove_with_version" />
<testcase classname="PySysTest" name="SoftwareManagement.sm_apt_install_remove_with_version" />
</testsuite><testsuite name="SoftwareManagement.sm_docker_install_remove_multiple" tests="3" errors="0" failures="0" skipped="1" time="0"><testcase classname="SMDockerInstallRemove" name="SoftwareManagement.sm_docker_install_remove_multiple">
		<skipped message="SKIPPED: Testing the apt plugin is not supported on this platform.Use parameter -XmyPlatform='container' to enable it" />
		<system-out>16:29:20 INFO  ==============================================================
16:29:20 INFO  Id:    SoftwareManagement.sm_docker_install_remove_multiple
16:29:20 INFO  Dir:   software_management_end_to_end/
16:29:20 INFO  Title: Validate end to end behaviour for the docker plugin for multiple docker images with mixed versions
16:29:20 INFO  ==============================================================
16:29:20 INFO  Testing the apt plugin is not supported on this platform.Use parameter -XmyPlatform='container' to enable it ... skipped
16:29:20 WARN  Aborted test due to SKIPPED outcome
16:29:20 INFO  
16:29:20 INFO  Test duration: 0.11 secs
16:29:20 INFO  Test final outcome:  SKIPPED
16:29:20 INFO  Test outcome reason: Testing the apt plugin is not supported on this platform.Use parameter -XmyPlatform='container' to enable it
16:29:20 INFO  
</system-out>
	</testcase>
<testcase classname="SMDockerInstallRemove" name="SoftwareManagement.sm_docker_install_remove_multiple" />
<testcase classname="SMDockerInstallRemove" name="SoftwareManagement.sm_docker_install_remove_multiple" />
</testsuite><testsuite name="SoftwareManagement.sm_fake_install_remove" tests="2" errors="0" failures="0" skipped="1" time="0"><testcase classname="PySysTest" name="SoftwareManagement.sm_fake_install_remove">
		<skipped message="SKIPPED: Testing the fake plugin is not enabled.Use parameter -Xfakeplugin=fakeplugin to enable it" />
		<system-out>16:29:20 INFO  ==============================================================
16:29:20 INFO  Id:    SoftwareManagement.sm_fake_install_remove
16:29:20 INFO  Dir:   software_management_end_to_end/
16:29:20 INFO  Title: Validate end to end behaviour for the dummy plugin for installation and removal of packages
16:29:20 INFO  ==============================================================
16:29:20 INFO  Testing the fake plugin is not enabled.Use parameter -Xfakeplugin=fakeplugin to enable it ... skipped
16:29:20 WARN  Aborted test due to SKIPPED outcome
16:29:20 INFO  
16:29:20 INFO  Test duration: 0.02 secs
16:29:20 INFO  Test final outcome:  SKIPPED
16:29:20 INFO  Test outcome reason: Testing the fake plugin is not enabled.Use parameter -Xfakeplugin=fakeplugin to enable it
16:29:20 INFO  
</system-out>
	</testcase>
<testcase classname="PySysTest" name="SoftwareManagement.sm_fake_install_remove" />
</testsuite><testsuite name="SoftwareManagement.sm_fake_install_remove_multiple" tests="2" errors="0" failures="0" skipped="1" time="0"><testcase classname="PySysTest" name="SoftwareManagement.sm_fake_install_remove_multiple">
		<skipped message="SKIPPED: Testing the fake plugin is not enabled.Use parameter -Xfakeplugin=fakeplugin to enable it" />
		<system-out>16:29:20 INFO  ==============================================================
16:29:20 INFO  Id:    SoftwareManagement.sm_fake_install_remove_multiple
16:29:20 INFO  Dir:   software_management_end_to_end/
16:29:20 INFO  Title: Validate end to end behaviour for the dummy-plugin for multiple packages
16:29:20 INFO  ==============================================================
16:29:20 INFO  Testing the fake plugin is not enabled.Use parameter -Xfakeplugin=fakeplugin to enable it ... skipped
16:29:20 WARN  Aborted test due to SKIPPED outcome
16:29:20 INFO  
16:29:20 INFO  Test duration: 0.12 secs
16:29:20 INFO  Test final outcome:  SKIPPED
16:29:20 INFO  Test outcome reason: Testing the fake plugin is not enabled.Use parameter -Xfakeplugin=fakeplugin to enable it
16:29:20 INFO  
</system-out>
	</testcase>
<testcase classname="PySysTest" name="SoftwareManagement.sm_fake_install_remove_multiple" />
</testsuite><testsuite name="SoftwareManagement.sm_mapper_fail_and_reconnect" tests="2" errors="0" failures="0" skipped="2" time="0"><testcase classname="MapperC8yReceiveLastMessageOnRestart" name="SoftwareManagement.sm_mapper_fail_and_reconnect">
		<skipped message="SKIPPED: instable https://github.com/thin-edge/thin-edge.io/issues/752" />
		<system-out>16:29:20 INFO  ==============================================================
16:29:20 INFO  Id:    SoftwareManagement.sm_mapper_fail_and_reconnect
16:29:20 INFO  Dir:   software_management_end_to_end/
16:29:20 INFO  Title: Validate the tedge-mapper-sm-c8y for receiving the last message on restart
16:29:20 INFO  ==============================================================
16:29:20 INFO  instable https://github.com/thin-edge/thin-edge.io/issues/752 ... skipped
16:29:20 INFO  
16:29:20 INFO  Test duration: 0.02 secs
16:29:20 INFO  Test final outcome:  SKIPPED
16:29:20 INFO  Test outcome reason: instable https://github.com/thin-edge/thin-edge.io/issues/752
16:29:20 INFO  
</system-out>
	</testcase>
<testcase classname="MapperC8yReceiveLastMessageOnRestart" name="SoftwareManagement.sm_mapper_fail_and_reconnect">
		<skipped message="SKIPPED: instable https://github.com/thin-edge/thin-edge.io/issues/752" />
		<system-out>17:39:13 INFO  ==============================================================
17:39:13 INFO  Id:    SoftwareManagement.sm_mapper_fail_and_reconnect
17:39:13 INFO  Dir:   software_management_end_to_end/
17:39:13 INFO  Title: Validate the tedge-mapper-sm-c8y for receiving the last message on restart
17:39:13 INFO  ==============================================================
17:39:13 INFO  instable https://github.com/thin-edge/thin-edge.io/issues/752 ... skipped
17:39:13 INFO  
17:39:13 INFO  Test duration: 0.03 secs
17:39:13 INFO  Test final outcome:  SKIPPED
17:39:13 INFO  Test outcome reason: instable https://github.com/thin-edge/thin-edge.io/issues/752
17:39:13 INFO  
</system-out>
	</testcase>
</testsuite><testsuite name="SoftwareManagement.sm_mixed_install_remove_multiple" tests="2" errors="0" failures="1" skipped="1" time="0"><testcase classname="PySysTest" name="SoftwareManagement.sm_mixed_install_remove_multiple">
		<skipped message="SKIPPED: Testing the fake plugin is not enabled.Use parameter -Xfakeplugin=fakeplugin to enable it" />
		<system-out>16:29:21 INFO  ==============================================================
16:29:21 INFO  Id:    SoftwareManagement.sm_mixed_install_remove_multiple
16:29:21 INFO  Dir:   software_management_end_to_end/
16:29:21 INFO  Title: Validate end to end behaviour for the dummy-plugin for multiple packages with mixed versions
16:29:21 INFO  ==============================================================
16:29:21 INFO  Testing the fake plugin is not enabled.Use parameter -Xfakeplugin=fakeplugin to enable it ... skipped
16:29:21 WARN  Aborted test due to SKIPPED outcome
16:29:21 INFO  
16:29:21 INFO  Test duration: 0.12 secs
16:29:21 INFO  Test final outcome:  SKIPPED
16:29:21 INFO  Test outcome reason: Testing the fake plugin is not enabled.Use parameter -Xfakeplugin=fakeplugin to enable it
16:29:21 INFO  
</system-out>
	</testcase>
<testcase classname="PySysTest" name="SoftwareManagement.sm_mixed_install_remove_multiple">
		<failure message="FAILED: Assert that (False == value) with value=True" type="FAILED" />
		<system-out>17:39:13 INFO  ==============================================================
17:39:13 INFO  Id:    SoftwareManagement.sm_mixed_install_remove_multiple
17:39:13 INFO  Dir:   software_management_end_to_end/
17:39:13 INFO  Title: Validate end to end behaviour for the dummy-plugin for multiple packages with mixed versions
[...]
16:17:44 INFO  Executed sudo&lt;rm_tmp_logs&gt;, exit status 0
16:17:44 INFO  Executed sudo&lt;send_failed&gt;, exit status 0
16:17:45 INFO  Executed sudo&lt;log_file_daemon&gt;, exit status 0
16:17:49 INFO  Executed sudo&lt;tedge_disconnect_c8y&gt;, exit status 0
16:17:49 INFO  Executed systemctl&lt;serv_mapper5&gt;, exit status 3
16:17:49 INFO  
16:17:49 INFO  Test duration: 27.18 secs
16:17:49 INFO  Test final outcome:  BLOCKED
16:17:49 INFO  Test outcome reason: TypeError: 'NoneType' object is not subscriptable
16:17:49 INFO  
</system-out>
	</testcase>
</testsuite><testsuite name="log_request_num_lines" tests="1" errors="0" failures="1" skipped="0" time="0"><testcase classname="LogRequestVerifyNumberOfLines" name="log_request_num_lines">
		<failure message="BLOCKED: TypeError: 'NoneType' object is not subscriptable" type="BLOCKED" />
		<system-out>16:17:49 INFO  ==============================================================
16:17:49 INFO  Id:    log_request_num_lines
16:17:49 INFO  Dir:   log_request_end_to_end/
16:17:49 INFO  Title: Validate end to end behaviour for the log request operation check for number of lines
16:17:49 INFO  ==============================================================
16:17:49 INFO  EnvironmentC8y Setup
16:17:50 INFO  Executed systemctl&lt;serv_mapper1&gt;, exit status 3
16:17:50 INFO  Restarting mosquitto too frequently in the last 10 seconds. It was only up for 5 seconds
16:17:50 INFO  Delaying execution by 6 seconds
16:18:10 INFO  Executed sudo&lt;tedge_connect_c8y&gt;, exit status 0, duration 14 secs
16:18:11 INFO  Executed sudo&lt;tedge_connect_c8y_test&gt;, exit status 0
16:18:11 INFO  Executed systemctl&lt;serv_mosq2&gt;, exit status 0
16:18:12 INFO  Executed systemctl&lt;serv_mapper3&gt;, exit status 0
16:18:12 INFO  Executed sudo&lt;rm_logs&gt;, exit status 0
16:18:13 INFO  Executed sudo&lt;move_logs&gt;, exit status 0
16:18:13 INFO  Executed sudo&lt;log_file_daemon&gt;, exit status 0
16:18:14 WARN  TypeError occurred while running test - 'NoneType' object is not subscriptable
Traceback (most recent call last):
  File "/home/pi/env-pysys/lib/python3.7/site-packages/pysys/baserunner.py", line 1294, in __call__
    self.testObj.execute()
  File "/home/pi/actions-runner/_work/thin-edge.io/thin-edge.io/tests/PySys/log_request_end_to_end/log_request_num_lines/run.py", line 46, in execute
    log_file_request_payload, self.project.deviceid
  File "/home/pi/actions-runner/_work/thin-edge.io/thin-edge.io/tests/PySys/environments/cumulocity.py", line 101, in trigger_log_request
    "deviceId": self.device_fragment["id"],
TypeError: 'NoneType' object is not subscriptable
16:18:14 WARN  TypeError: 'NoneType' object is not subscriptable ... blocked 
16:18:14 INFO  
16:18:14 INFO  cleanup:
16:18:15 INFO  Executed sudo&lt;rm_logs&gt;, exit status 0
16:18:15 INFO  Executed sudo&lt;rm_tmp_logs&gt;, exit status 0
16:18:16 INFO  Executed sudo&lt;send_failed&gt;, exit status 0
16:18:16 INFO  Executed sudo&lt;log_file_daemon&gt;, exit status 0
16:18:20 INFO  Executed sudo&lt;tedge_disconnect_c8y&gt;, exit status 0
16:18:21 INFO  Executed systemctl&lt;serv_mapper5&gt;, exit status 3
16:18:21 INFO  
16:18:21 INFO  Test duration: 31.39 secs
16:18:21 INFO  Test final outcome:  BLOCKED
16:18:21 INFO  Test outcome reason: TypeError: 'NoneType' object is not subscriptable
16:18:21 INFO  
</system-out>
	</testcase>
</testsuite><testsuite name="mapper_awaits_before_reconnect" tests="1" errors="0" failures="1" skipped="0" time="0"><testcase classname="MapperReconnectAwait" name="mapper_awaits_before_reconnect">
		<failure message="FAILED: Line count on tedge_mapper_journal.out for &quot;tedge_mapper::core::mapper: MQTT connection error:&quot; expected &gt;=2 but got 0" type="FAILED" />
		<system-out>16:32:26 INFO  ==============================================================
16:32:26 INFO  Id:    mapper_awaits_before_reconnect
16:32:26 INFO  Dir:   tedge_mapper_c8y/
16:32:26 INFO  Title: Validate mapper doesn't reconnect too often
16:32:26 INFO  ==============================================================
16:32:26 INFO  Started mosquitto_sub with process id 14311
16:32:26 INFO  Waiting for 0.1 seconds
16:32:28 INFO  Executed sudo&lt;tedge_mapper&gt;, exit status 0
16:32:28 INFO  Waiting for 5.0 seconds
16:32:33 INFO  Executed sudo&lt;tedge_mapper&gt;, exit status 0
16:32:36 INFO  Executed sudo&lt;tedge_mapper_journal&gt;, exit status 0
16:32:36 WARN  Grep on tedge_mapper_journal.out contains "ERROR" ... failed [run.py:67]
16:32:36 INFO  Line count on file tedge_mapper_journal.out ... passed
16:32:36 WARN  Line count on tedge_mapper_journal.out for "tedge_mapper::core::mapper: MQTT connection error:" expected &gt;=2 but got 0 ... failed [run.py:78]
16:32:36 WARN  Aborted test due to FAILED outcome
16:32:36 INFO  
16:32:36 INFO  Test duration: 9.82 secs
16:32:36 INFO  Test final outcome:  FAILED
16:32:36 INFO  Test outcome reason: Line count on tedge_mapper_journal.out for "tedge_mapper::core::mapper: MQTT connection error:" expected &gt;=2 but got 0
16:32:36 INFO  
</system-out>
	</testcase>
</testsuite><testsuite name="monitoring_smaller_interval" tests="1" errors="0" failures="1" skipped="0" time="0"><testcase classname="MonitoringSmallInterval" name="monitoring_smaller_interval">
		<failure message="BLOCKED: TypeError: 'int' object is not subscriptable" type="BLOCKED" />
		<system-out>16:19:21 INFO  ==============================================================
16:19:21 INFO  Id:    monitoring_smaller_interval
16:19:21 INFO  Dir:   monitoring/
16:19:21 INFO  Title: Validate the tedge dm agent messages that are produced with smaller sampling interval than the batching window. Here the simulated collectd messages are used
16:19:21 INFO  ==============================================================
16:19:22 INFO  Executed sudo&lt;collectd&gt;, exit status 0
16:19:23 INFO  Executed sudo&lt;collectd_mapper&gt;, exit status 0
16:19:23 INFO  Started sudo&lt;tedge_sub&gt; with process id 10413
16:19:23 INFO  Executed sudo&lt;tedge_temp&gt;, exit status 0
16:19:24 INFO  Executed sudo&lt;tedge_pres&gt;, exit status 0
16:19:24 INFO  Executed sudo&lt;tedge_temp&gt;, exit status 0
16:19:25 INFO  Executed sudo&lt;tedge_pres&gt;, exit status 0
16:19:26 INFO  Executed sudo&lt;tedge_temp&gt;, exit status 0
16:19:26 INFO  Executed sudo&lt;tedge_pres&gt;, exit status 0
16:19:27 INFO  Executed sudo&lt;tedge_temp&gt;, exit status 0
16:19:27 INFO  Executed sudo&lt;tedge_pres&gt;, exit status 0
16:19:28 INFO  Executed sudo&lt;tedge_temp&gt;, exit status 0
16:19:28 INFO  Executed sudo&lt;tedge_pres&gt;, exit status 0
16:19:29 INFO  Executed sudo&lt;tedge_temp&gt;, exit status 0
16:19:29 INFO  Executed sudo&lt;tedge_pres&gt;, exit status 0
16:19:30 INFO  Executed sudo&lt;tedge_temp&gt;, exit status 0
16:19:31 INFO  Executed sudo&lt;tedge_pres&gt;, exit status 0
16:19:31 INFO  Executed sudo&lt;tedge_temp&gt;, exit status 0
16:19:32 INFO  Executed sudo&lt;tedge_pres&gt;, exit status 0
16:19:32 INFO  Executed sudo&lt;tedge_temp&gt;, exit status 0
16:19:33 INFO  Executed sudo&lt;tedge_pres&gt;, exit status 0
16:19:33 INFO  Executed sudo&lt;tedge_temp&gt;, exit status 0
16:19:34 INFO  Executed sudo&lt;tedge_pres&gt;, exit status 0
16:19:36 INFO  Executed sudo&lt;kill_out&gt;, exit status 0
16:19:36 INFO  0

16:19:36 WARN  TypeError occurred while running test - 'int' object is not subscriptable
Traceback (most recent call last):
  File "/home/pi/env-pysys/lib/python3.7/site-packages/pysys/baserunner.py", line 1296, in __call__
    self.testObj.validate()
  File "/home/pi/actions-runner/_work/thin-edge.io/thin-edge.io/tests/PySys/monitoring/monitoring_smaller_interval/run.py", line 104, in validate
    collectd_msg_validation_result=self.validate_json(),
  File "/home/pi/actions-runner/_work/thin-edge.io/thin-edge.io/tests/PySys/monitoring/monitoring_smaller_interval/run.py", line 114, in validate_json
    if not self.validate_time():
  File "/home/pi/actions-runner/_work/thin-edge.io/thin-edge.io/tests/PySys/monitoring/monitoring_smaller_interval/run.py", line 134, in validate_time
    if self.js_msg["time"]:
TypeError: 'int' object is not subscriptable
16:19:36 WARN  TypeError: 'int' object is not subscriptable ... blocked 
16:19:36 INFO  
16:19:36 INFO  cleanup:
16:19:36 INFO  monitoring_cleanup
16:19:36 INFO  Executed sudo&lt;collectd_mapper&gt;, exit status 0
16:19:36 INFO  
16:19:36 INFO  Test duration: 14.78 secs
16:19:36 INFO  Test final outcome:  BLOCKED
16:19:36 INFO  Test outcome reason: TypeError: 'int' object is not subscriptable
16:19:36 INFO  
</system-out>
	</testcase>
</testsuite><testsuite name="monitoring_with_collectd" tests="1" errors="0" failures="0" skipped="1" time="0"><testcase classname="MonitoringWithCollectd" name="monitoring_with_collectd">
		<skipped message="SKIPPED: Test execution disabled due to #792 (instable)" />
		<system-out>16:19:36 INFO  ==============================================================
16:19:36 INFO  Id:    monitoring_with_collectd
16:19:36 INFO  Dir:   monitoring/
16:19:36 INFO  Title: Validate tedge dm agent messages that are produced by batching the collectd messages
16:19:36 INFO  ==============================================================
16:19:36 INFO  Test execution disabled due to #792 (instable) ... skipped
16:19:36 INFO  
16:19:36 INFO  Test duration: 0.02 secs
16:19:36 INFO  Test final outcome:  SKIPPED
16:19:36 INFO  Test outcome reason: Test execution disabled due to #792 (instable)
16:19:36 INFO  
</system-out>
	</testcase>
</testsuite><testsuite name="monitoring_with_simulated_messages" tests="1" errors="0" failures="1" skipped="0" time="0"><testcase classname="MonitoringWithSimulatedMessages" name="monitoring_with_simulated_messages">
		<failure message="BLOCKED: TypeError: 'int' object is not subscriptable" type="BLOCKED" />
		<system-out>16:19:36 INFO  ==============================================================
16:19:36 INFO  Id:    monitoring_with_simulated_messages
16:19:36 INFO  Dir:   monitoring/
16:19:36 INFO  Title: Validate the tedge dm agent messages that are produced from the simulated collectd messages
16:19:36 INFO  ==============================================================
16:19:37 INFO  Executed sudo&lt;collectd&gt;, exit status 0
16:19:38 INFO  Executed sudo&lt;collectd_mapper&gt;, exit status 0
16:19:38 INFO  Started sudo&lt;tedge_sub&gt; with process id 10466
16:19:38 INFO  Executed sudo&lt;tedge_temp&gt;, exit status 0
16:19:39 INFO  Executed sudo&lt;tedge_pres&gt;, exit status 0
16:19:40 INFO  Executed sudo&lt;kill_out&gt;, exit status 0
16:19:40 INFO  0

16:19:40 WARN  TypeError occurred while running test - 'int' object is not subscriptable
Traceback (most recent call last):
  File "/home/pi/env-pysys/lib/python3.7/site-packages/pysys/baserunner.py", line 1296, in __call__
    self.testObj.validate()
  File "/home/pi/actions-runner/_work/thin-edge.io/thin-edge.io/tests/PySys/monitoring/monitoring_with_simulated_messages/run.py", line 98, in validate
    collectd_msg_validation_result=self.validate_json(),
  File "/home/pi/actions-runner/_work/thin-edge.io/thin-edge.io/tests/PySys/monitoring/monitoring_with_simulated_messages/run.py", line 108, in validate_json
    if not self.validate_time():
  File "/home/pi/actions-runner/_work/thin-edge.io/thin-edge.io/tests/PySys/monitoring/monitoring_with_simulated_messages/run.py", line 127, in validate_time
    if self.js_msg["time"]:
TypeError: 'int' object is not subscriptable
16:19:40 WARN  TypeError: 'int' object is not subscriptable ... blocked 
16:19:40 INFO  
16:19:40 INFO  cleanup:
16:19:40 INFO  monitoring_cleanup
16:19:41 INFO  Executed sudo&lt;collectd_mapper&gt;, exit status 0
16:19:41 INFO  
16:19:41 INFO  Test duration: 4.42 secs
16:19:41 INFO  Test final outcome:  BLOCKED
16:19:41 INFO  Test outcome reason: TypeError: 'int' object is not subscriptable
16:19:41 INFO  
</system-out>
	</testcase>
</testsuite><testsuite name="mqtt_port_change_connection_fails" tests="1" errors="0" failures="0" skipped="0" time="0"><testcase classname="MqttPortChangeConnectionFails" name="mqtt_port_change_connection_fails" />
</testsuite><testsuite name="mqtt_port_change_connection_works" tests="1" errors="0" failures="0" skipped="1" time="0"><testcase classname="MqttPortChangeConnectionWorks" name="mqtt_port_change_connection_works">
		<skipped message="SKIPPED: failing intermitently" />
		<system-out>16:18:56 INFO  ==============================================================
16:18:56 INFO  Id:    mqtt_port_change_connection_works
16:18:56 INFO  Dir:   misc_features/
16:18:56 INFO  Title: mqtt port change connection works for all the thin-edge services that use the mosquitto broker
16:18:56 INFO  ==============================================================
16:18:56 INFO  failing intermitently ... skipped
16:18:56 INFO  
16:18:56 INFO  Test duration: 0.02 secs
16:18:56 INFO  Test final outcome:  SKIPPED
16:18:56 INFO  Test outcome reason: failing intermitently
16:18:56 INFO  
</system-out>
	</testcase>
</testsuite><testsuite name="publish_flux" tests="1" errors="0" failures="0" skipped="0" time="0"><testcase classname="PublishFlux" name="publish_flux" />
</testsuite><testsuite name="publish_sawmill" tests="1" errors="0" failures="0" skipped="0" time="0"><testcase classname="PublishSawmill" name="publish_sawmill" />
</testsuite><testsuite name="runtime_start_two_mappers" tests="1" errors="0" failures="0" skipped="0" time="0"><testcase classname="RuntimeMultiMappers" name="runtime_start_two_mappers" />
</testsuite><testsuite name="sm_tedge_mapper_init_session" tests="1" errors="0" failures="0" skipped="0" time="0"><testcase classname="TedgeSMMapperInitSession" name="sm_tedge_mapper_init_session" />
</testsuite><testsuite name="smoketest_json" tests="1" errors="0" failures="0" skipped="0" time="0"><testcase classname="SmokeTestJson" name="smoketest_json" />
</testsuite><testsuite name="smoketest_json_400_samples_10ms" tests="1" errors="0" failures="0" skipped="0" time="0"><testcase classname="SmoketestJson400Samples10ms" name="smoketest_json_400_samples_10ms" />
</testsuite><testsuite name="smoketest_json_400_samples_20ms" tests="1" errors="0" failures="0" skipped="0" time="0"><testcase classname="SmoketestJson400Samples20ms" name="smoketest_json_400_samples_20ms" />
</testsuite><testsuite name="smoketest_smartrest" tests="1" errors="0" failures="0" skipped="0" time="0"><testcase classname="SmoketestSmartRest" name="smoketest_smartrest" />
</testsuite><testsuite name="smoketest_smartrest_400_samples_1Xms" tests="1" errors="0" failures="0" skipped="0" time="0"><testcase classname="SmoketestSmartRest400Samples1Xms" name="smoketest_smartrest_400_samples_1Xms" />
</testsuite><testsuite name="smoketest_smartrest_400_samples_20ms" tests="1" errors="0" failures="0" skipped="0" time="0"><testcase classname="SmoketestSmartRest400Samples20ms" name="smoketest_smartrest_400_samples_20ms" />
</testsuite><testsuite name="tedge_agent_user_sudo_access" tests="1" errors="0" failures="0" skipped="1" time="0"><testcase classname="TedgeAgentUserSudoAccess" name="tedge_agent_user_sudo_access">
		<skipped message="SKIPPED: #955 Observation: Exit code of the apt plugin when called with no arguments" />
		<system-out>16:29:48 INFO  ==============================================================
16:29:48 INFO  Id:    tedge_agent_user_sudo_access
16:29:48 INFO  Dir:   tedge/
16:29:48 INFO  Title: Validate tedge-agent user has a limited sudo right
16:29:48 INFO  ==============================================================
16:29:48 INFO  #955 Observation: Exit code of the apt plugin when called with no arguments ... skipped
16:29:48 INFO  
16:29:48 INFO  Test duration: 0.03 secs
16:29:48 INFO  Test final outcome:  SKIPPED
16:29:48 INFO  Test outcome reason: #955 Observation: Exit code of the apt plugin when called with no arguments
16:29:48 INFO  
</system-out>
	</testcase>
</testsuite><testsuite name="tedge_connect_test_negative" tests="1" errors="0" failures="0" skipped="0" time="0"><testcase classname="TedgeConnectTestNegative" name="tedge_connect_test_negative" />
</testsuite><testsuite name="tedge_connect_test_positive" tests="1" errors="0" failures="0" skipped="0" time="0"><testcase classname="TedgeConnectTestPositive" name="tedge_connect_test_positive" />
</testsuite><testsuite name="tedge_connect_test_sm_services" tests="1" errors="0" failures="0" skipped="0" time="0"><testcase classname="TedgeConnectTestSMServices" name="tedge_connect_test_sm_services" />
</testsuite><testsuite name="tedge_disconnect_test_sm_services" tests="1" errors="0" failures="0" skipped="0" time="0"><testcase classname="TedgeDisConnectTestSMServices" name="tedge_disconnect_test_sm_services" />
</testsuite><testsuite name="tedge_mapper_az_negative" tests="1" errors="0" failures="0" skipped="0" time="0"><testcase classname="TedgeMapperAzError" name="tedge_mapper_az_negative" />
</testsuite><testsuite name="tedge_mapper_az_with_timestamp" tests="1" errors="0" failures="0" skipped="0" time="0"><testcase classname="TedgeMapperAzWithTimestamp" name="tedge_mapper_az_with_timestamp" />
</testsuite><testsuite name="tedge_mapper_az_without_timestamp" tests="1" errors="0" failures="0" skipped="0" time="0"><testcase classname="TedgeMapperAzWithoutTimestamp" name="tedge_mapper_az_without_timestamp" />
</testsuite><testsuite name="tedge_mapper_c8y_alarms" tests="1" errors="0" failures="0" skipped="0" time="0"><testcase classname="TedgeMapperC8yAlarm" name="tedge_mapper_c8y_alarms" />
</testsuite><testsuite name="tedge_mapper_c8y_child_device_measurement" tests="1" errors="0" failures="0" skipped="0" time="0"><testcase classname="TedgeMapperC8yChildDevice" name="tedge_mapper_c8y_child_device_measurement" />
</testsuite><testsuite name="tedge_mapper_c8y_packet_threshold_size" tests="1" errors="0" failures="1" skipped="0" time="0"><testcase classname="TedgeMapperC8yThresholdPacketSize" name="tedge_mapper_c8y_packet_threshold_size">
		<failure message="FAILED: Grep on tedge_sub.out contains &quot;The size of the message received on tedge/measurements is 20489 which is greater than the threshold size of 16184.&quot;" type="FAILED" />
		<system-out>16:34:14 INFO  ==============================================================
16:34:14 INFO  Id:    tedge_mapper_c8y_packet_threshold_size
16:34:14 INFO  Dir:   tedge_mapper_c8y/
16:34:14 INFO  Title: Validate the Cumulocity Mapper accepted threshold packet size when it receives a message on tedge/measurements
16:34:14 INFO  ==============================================================
16:34:15 INFO  Executed sudo&lt;tedge_mapper_c8y&gt;, exit status 0
16:34:15 INFO  Started sudo&lt;tedge_sub&gt; with process id 14910
16:34:15 INFO  Executed sudo&lt;tedge_msg&gt;, exit status 0
16:34:16 INFO  Executed sudo&lt;tedge_pub&gt;, exit status 0
16:34:16 INFO  Executed sudo&lt;kill_out&gt;, exit status 0
16:34:16 WARN  Grep on tedge_sub.out contains "The size of the message received on tedge/measurements is 20489 which is greater than the threshold size of 16184." ... failed [run.py:88]
16:34:16 INFO  
16:34:16 INFO  cleanup:
16:34:16 INFO  mapper_cleanup
16:34:17 INFO  Executed sudo&lt;tedge_mapper_c8y&gt;, exit status 0
16:34:17 INFO  
16:34:17 INFO  Test duration: 2.95 secs
16:34:17 INFO  Test final outcome:  FAILED
16:34:17 INFO  Test outcome reason: Grep on tedge_sub.out contains "The size of the message received on tedge/measurements is 20489 which is greater than the threshold size of 16184."
16:34:17 INFO  
</system-out>
	</testcase>
</testsuite><testsuite name="tedge_software_update" tests="1" errors="0" failures="0" skipped="0" time="0"><testcase classname="PySysTest" name="tedge_software_update" />
</testsuite><testsuite name="valid_device_id" tests="1" errors="0" failures="0" skipped="0" time="0"><testcase classname="ValidateValidDeviceId" name="valid_device_id" />
</testsuite></testsuites>