<?xml version='1.0' encoding='utf-8'?>
<testsuites tests="139" failures="17" errors="0" skipped="45" time="0.0"><testsuite name="SoftwareManagement.Plugin.apama_plugin_install" tests="3" errors="0" failures="0" skipped="1" time="0"><testcase classname="ApamaPluginInstallTest" name="SoftwareManagement.Plugin.apama_plugin_install">
		<skipped message="SKIPPED: Apama plugin tests are disabled by default. Execute `pysys run` with `-XmyPlatform=container` to run these tests" />
		<system-out>11:26:58 INFO  ==============================================================
11:26:58 INFO  Id:    SoftwareManagement.Plugin.apama_plugin_install
11:26:58 INFO  Dir:   plugin_apama/
11:26:58 INFO  Title: Validate apama plugin install
11:26:58 INFO  ==============================================================
11:26:58 INFO  Apama plugin tests are disabled by default. Execute `pysys run` with `-XmyPlatform=container` to run these tests ... skipped
11:26:58 WARN  Aborted test due to SKIPPED outcome
11:26:58 INFO  
11:26:58 INFO  Test duration: 0.04 secs
11:26:58 INFO  Test final outcome:  SKIPPED
11:26:58 INFO  Test outcome reason: Apama plugin tests are disabled by default. Execute `pysys run` with `-XmyPlatform=container` to run these tests
11:26:58 INFO  
</system-out>
	</testcase>
<testcase classname="ApamaPluginInstallTest" name="SoftwareManagement.Plugin.apama_plugin_install" />
<testcase classname="ApamaPluginInstallTest" name="SoftwareManagement.Plugin.apama_plugin_install" />
</testsuite><testsuite name="SoftwareManagement.Plugin.apama_plugin_mon_support" tests="3" errors="0" failures="0" skipped="1" time="0"><testcase classname="ApamaPluginMonSupportTest" name="SoftwareManagement.Plugin.apama_plugin_mon_support">
		<skipped message="SKIPPED: Apama plugin tests are disabled by default. Execute `pysys run` with `-XmyPlatform=container` to run these tests" />
		<system-out>11:26:58 INFO  ==============================================================
11:26:58 INFO  Id:    SoftwareManagement.Plugin.apama_plugin_mon_support
11:26:58 INFO  Dir:   plugin_apama/
11:26:58 INFO  Title: Validate mon file support of apama plugin
11:26:58 INFO  ==============================================================
11:26:58 INFO  Apama plugin tests are disabled by default. Execute `pysys run` with `-XmyPlatform=container` to run these tests ... skipped
11:26:58 WARN  Aborted test due to SKIPPED outcome
11:26:58 INFO  
11:26:58 INFO  Test duration: 0.02 secs
11:26:58 INFO  Test final outcome:  SKIPPED
11:26:58 INFO  Test outcome reason: Apama plugin tests are disabled by default. Execute `pysys run` with `-XmyPlatform=container` to run these tests
11:26:58 INFO  
</system-out>
	</testcase>
<testcase classname="ApamaPluginMonSupportTest" name="SoftwareManagement.Plugin.apama_plugin_mon_support" />
<testcase classname="ApamaPluginMonSupportTest" name="SoftwareManagement.Plugin.apama_plugin_mon_support" />
</testsuite><testsuite name="SoftwareManagement.Plugin.apama_plugin_remove" tests="3" errors="0" failures="0" skipped="1" time="0"><testcase classname="ApamaPluginRemoveTest" name="SoftwareManagement.Plugin.apama_plugin_remove">
		<skipped message="SKIPPED: Apama plugin tests are disabled by default. Execute `pysys run` with `-XmyPlatform=container` to run these tests" />
		<system-out>11:26:58 INFO  ==============================================================
11:26:58 INFO  Id:    SoftwareManagement.Plugin.apama_plugin_remove
11:26:58 INFO  Dir:   plugin_apama/
11:26:58 INFO  Title: Validate apama plugin remove
11:26:58 INFO  ==============================================================
11:26:58 INFO  Apama plugin tests are disabled by default. Execute `pysys run` with `-XmyPlatform=container` to run these tests ... skipped
11:26:58 WARN  Aborted test due to SKIPPED outcome
11:26:58 INFO  
11:26:58 INFO  Test duration: 0.02 secs
11:26:58 INFO  Test final outcome:  SKIPPED
11:26:58 INFO  Test outcome reason: Apama plugin tests are disabled by default. Execute `pysys run` with `-XmyPlatform=container` to run these tests
11:26:58 INFO  
</system-out>
	</testcase>
<testcase classname="ApamaPluginRemoveTest" name="SoftwareManagement.Plugin.apama_plugin_remove" />
<testcase classname="ApamaPluginRemoveTest" name="SoftwareManagement.Plugin.apama_plugin_remove" />
</testsuite><testsuite name="SoftwareManagement.Plugin.apama_plugin_update" tests="3" errors="0" failures="2" skipped="1" time="0"><testcase classname="ApamaPluginUpdateTest" name="SoftwareManagement.Plugin.apama_plugin_update">
		<skipped message="SKIPPED: Apama plugin tests are disabled by default. Execute `pysys run` with `-XmyPlatform=container` to run these tests" />
		<system-out>11:26:58 INFO  ==============================================================
11:26:58 INFO  Id:    SoftwareManagement.Plugin.apama_plugin_update
11:26:58 INFO  Dir:   plugin_apama/
11:26:58 INFO  Title: Validate apama plugin updating one project with another
11:26:58 INFO  ==============================================================
11:26:58 INFO  Apama plugin tests are disabled by default. Execute `pysys run` with `-XmyPlatform=container` to run these tests ... skipped
11:26:58 WARN  Aborted test due to SKIPPED outcome
11:26:58 INFO  
11:26:58 INFO  Test duration: 0.02 secs
11:26:58 INFO  Test final outcome:  SKIPPED
11:26:58 INFO  Test outcome reason: Apama plugin tests are disabled by default. Execute `pysys run` with `-XmyPlatform=container` to run these tests
11:26:58 INFO  
</system-out>
	</testcase>
<testcase classname="ApamaPluginUpdateTest" name="SoftwareManagement.Plugin.apama_plugin_update">
		<failure message="BLOCKED: sudo&lt;plugin_install&gt; returned non-zero exit code 2" type="BLOCKED" />
		<system-out>12:19:13 INFO  ==============================================================
12:19:13 INFO  Id:    SoftwareManagement.Plugin.apama_plugin_update
12:19:13 INFO  Dir:   plugin_apama/
12:19:13 INFO  Title: Validate apama plugin updating one project with another
12:19:13 INFO  ==============================================================
12:19:13 INFO  Assertion that path exists=False for "/etc/tedge/apama/project" ... passed
12:19:13 INFO  Executed sudo&lt;create_project_dir&gt;, exit status 0
12:19:14 INFO  Executed sudo&lt;unzip_apama_project&gt;, exit status 0
12:19:14 INFO  Executed sudo&lt;move_apama_project&gt;, exit status 0
12:19:15 INFO  Executed sudo&lt;restart_apama_service&gt;, exit status 0
12:19:16 INFO  Executed sudo&lt;apama_correlator_wait&gt;, exit status 0
12:19:16 INFO  Assertion that path exists=True for "/etc/tedge/apama/project" ... passed
12:19:17 INFO  Executed sudo&lt;apama_list_monitors&gt;, exit status 0
12:19:17 INFO  Grep on file /home/pi/actions-runner/_work/thin-edge.io/thin-edge.io/tests/PySys/plugin_apama/apama_plugin_update/Output/linux/apama_list_monitors.out ... passed
12:19:18 WARN  Executed sudo&lt;plugin_install&gt;, exit status 2
12:19:18 INFO  Contents of plugin_install.err: 
  ERROR: Directory not empty (os error 39)
  -----

12:19:18 WARN  sudo&lt;plugin_install&gt; returned non-zero exit code 2 ... blocked [run.py:35]
12:19:18 WARN  Aborted test due to BLOCKED outcome
12:19:18 INFO  
12:19:18 INFO  cleanup:
12:19:18 INFO  Removing apama project
12:19:34 INFO  Executed sudo&lt;stop_apama_service&gt;, exit status 0, duration 16 secs
12:19:35 INFO  Executed sudo&lt;remove_apama_project&gt;, exit status 0
12:19:35 INFO  Executed sudo&lt;remove_apama_tmp_dir&gt;, exit status 0
12:19:35 INFO  
12:19:35 INFO  Test duration: 22.71 secs
12:19:35 INFO  Test final outcome:  BLOCKED
12:19:35 INFO  Test outcome reason: sudo&lt;plugin_install&gt; returned non-zero exit code 2
12:19:35 INFO  
</system-out>
	</testcase>
<testcase classname="ApamaPluginUpdateTest" name="SoftwareManagement.Plugin.apama_plugin_update">
		<failure message="BLOCKED: sudo&lt;plugin_install&gt; returned non-zero exit code 2" type="BLOCKED" />
		<system-out>12:28:04 INFO  ==============================================================
12:28:04 INFO  Id:    SoftwareManagement.Plugin.apama_plugin_update
12:28:04 INFO  Dir:   plugin_apama/
12:28:04 INFO  Title: Validate apama plugin updating one project with another
12:28:04 INFO  ==============================================================
12:28:04 INFO  Assertion that path exists=False for "/etc/tedge/apama/project" ... passed
12:28:05 INFO  Executed sudo&lt;create_project_dir&gt;, exit status 0
12:28:06 INFO  Executed sudo&lt;unzip_apama_project&gt;, exit status 0
12:28:06 INFO  Executed sudo&lt;move_apama_project&gt;, exit status 0
12:28:07 INFO  Executed sudo&lt;restart_apama_service&gt;, exit status 0
12:28:08 INFO  Executed sudo&lt;apama_correlator_wait&gt;, exit status 0
12:28:08 INFO  Assertion that path exists=True for "/etc/tedge/apama/project" ... passed
12:28:09 INFO  Executed sudo&lt;apama_list_monitors&gt;, exit status 0
12:28:09 INFO  Grep on file /home/pi/actions-runner/_work/thin-edge.io/thin-edge.io/tests/PySys/plugin_apama/apama_plugin_update/Output/linux/apama_list_monitors.out ... passed
12:28:09 WARN  Executed sudo&lt;plugin_install&gt;, exit status 2
12:28:09 INFO  Contents of plugin_install.err: 
  ERROR: Directory not empty (os error 39)
  -----

12:28:09 WARN  sudo&lt;plugin_install&gt; returned non-zero exit code 2 ... blocked [run.py:35]
12:28:09 WARN  Aborted test due to BLOCKED outcome
12:28:09 INFO  
12:28:09 INFO  cleanup:
12:28:09 INFO  Removing apama project
12:28:25 INFO  Executed sudo&lt;stop_apama_service&gt;, exit status 0, duration 15 secs
12:28:26 INFO  Executed sudo&lt;remove_apama_project&gt;, exit status 0
12:28:26 INFO  Executed sudo&lt;remove_apama_tmp_dir&gt;, exit status 0
12:28:26 INFO  
12:28:26 INFO  Test duration: 21.84 secs
12:28:26 INFO  Test final outcome:  BLOCKED
12:28:26 INFO  Test outcome reason: sudo&lt;plugin_install&gt; returned non-zero exit code 2
12:28:26 INFO  
</system-out>
	</testcase>
</testsuite><testsuite name="SoftwareManagement.sm_apt_install_download_path" tests="3" errors="0" failures="2" skipped="1" time="0"><testcase classname="AptInstallWithDownloadPath" name="SoftwareManagement.sm_apt_install_download_path">
		<skipped message="SKIPPED: Testing the apt plugin is not supported on this platform.Use parameter -XmyPlatform='container' to enable it" />
		<system-out>11:36:38 INFO  ==============================================================
11:36:38 INFO  Id:    SoftwareManagement.sm_apt_install_download_path
11:36:38 INFO  Dir:   software_management_end_to_end/
11:36:38 INFO  Title: Install package to directory specified in tedge config set tmp.path
11:36:38 INFO  ==============================================================
11:36:39 INFO  Testing the apt plugin is not supported on this platform.Use parameter -XmyPlatform='container' to enable it ... skipped
11:36:39 WARN  Aborted test due to SKIPPED outcome
11:36:39 INFO  
11:36:39 INFO  Test duration: 0.06 secs
11:36:39 INFO  Test final outcome:  SKIPPED
11:36:39 INFO  Test outcome reason: Testing the apt plugin is not supported on this platform.Use parameter -XmyPlatform='container' to enable it
11:36:39 INFO  
</system-out>
	</testcase>
<testcase classname="AptInstallWithDownloadPath" name="SoftwareManagement.sm_apt_install_download_path">
		<failure message="BLOCKED: AssertionError:" type="BLOCKED" />
		<system-out>12:00:32 INFO  ==============================================================
12:00:32 INFO  Id:    SoftwareManagement.sm_apt_install_download_path
12:00:32 INFO  Dir:   software_management_end_to_end/
12:00:32 INFO  Title: Install package to directory specified in tedge config set tmp.path
12:00:32 INFO  ==============================================================
12:00:32 INFO  Using sw id database: {'asciijump': '5475369', 'robotfindskitten': '5474869', 'squirrel3': '5475279', 'rolldice': '5152439', 'moon-buggy': '5439204', 'apple': '5495053', 'banana': '5494888', 'cherry': '5495382', 'watermelon': '5494510', 'registry': '8018911', 'hello-world': '8021526', 'docker/getting-started': '8021973', 'alpine': '7991792'}
12:00:32 INFO  EnvironmentC8y Setup
12:00:33 INFO  Executed systemctl&lt;serv_mapper1&gt;, exit status 3
12:00:50 INFO  Executed sudo&lt;tedge_connect_c8y&gt;, exit status 0, duration 17 secs
12:00:50 INFO  Executed sudo&lt;tedge_connect_c8y_test&gt;, exit status 0
12:00:51 INFO  Executed systemctl&lt;serv_mosq2&gt;, exit status 0
12:00:51 INFO  Executed systemctl&lt;serv_mapper3&gt;, exit status 0
12:00:54 ERROR No operations found, assuming it passed
12:00:54 INFO  Assert that (False == value) with value=False ... passed
12:00:54 INFO  Executed sudo, exit status 0
12:00:55 INFO  Executed sudo, exit status 0
12:00:55 INFO  Executed sudo, exit status 0
12:00:59 INFO  Executed sudo&lt;tedge_disconnect_c8y&gt;, exit status 0
12:00:59 INFO  Restarting mosquitto too frequently in the last 10 seconds. It was only up for 3 seconds
12:00:59 INFO  Delaying execution by 8 seconds
12:01:21 INFO  Executed sudo&lt;tedge_connect_c8y&gt;, exit status 0, duration 13 secs
12:01:22 INFO  Response status: 201
12:01:22 INFO  Response to action: {
    "creationTime": "2022-06-08T12:01:22.225Z",
    "deviceId": "20034146",
    "deviceName": "m32sd10d",
    "self": "https://t493319102.eu-latest.cumulocity.com/devicecontrol/operations/20043000",
    "id": "20043000",
    "status": "PENDING",
    "description": "Apply software changes, triggered from PySys: [{'name': 'rolldice', 'id': '5152439', 'version': '::apt', 'url': 'https://thin-edge-io.eu-latest.cumulocity.com/inventory/binaries/12435463', 'action': 'install'}]",
    "c8y_SoftwareUpdate": [
        {
            "name": "rolldice",
            "action": "install",
            "id": "5152439",
            "version": "::apt",
            "url": "https://thin-edge-io.eu-latest.cumulocity.com/inventory/binaries/12435463"
        }
    ]
}
12:01:22 INFO  Started operation: {'creationTime': '2022-06-08T12:01:22.225Z', 'deviceId': '20034146', 'deviceName': 'm32sd10d', 'self': 'https://t493319102.eu-latest.cumulocity.com/devicecontrol/operations/20043000', 'id': '20043000', 'status': 'PENDING', 'description': "Apply software changes, triggered from PySys: [{'name': 'rolldice', 'id': '5152439', 'version': '::apt', 'url': 'https://thin-edge-io.eu-latest.cumulocity.com/inventory/binaries/12435463', 'action': 'install'}]", 'c8y_SoftwareUpdate': [{'name': 'rolldice', 'action': 'install', 'id': '5152439', 'version': '::apt', 'url': 'https://thin-edge-io.eu-latest.cumulocity.com/inventory/binaries/12435463'}]}
12:01:22 WARN  , retrying in 0.5 seconds...
12:01:22 WARN  , retrying in 0.5 seconds...
12:01:23 WARN  , retrying in 0.5 seconds...
12:01:23 WARN  , retrying in 0.5 seconds...
12:01:24 WARN  , retrying in 0.5 seconds...
12:01:24 WARN  , retrying in 0.5 seconds...
12:01:25 WARN  , retrying in 0.5 seconds...
12:01:25 WARN  , retrying in 0.5 seconds...
12:01:26 WARN  , retrying in 0.5 seconds...
12:01:26 WARN  AssertionError occurred while running test - 
Traceback (most recent call last):
  File "/home/pi/env-pysys/lib/python3.7/site-packages/pysys/baserunner.py", line 1294, in __call__
    self.testObj.execute()
  File "/home/pi/actions-runner/_work/thin-edge.io/thin-edge.io/tests/PySys/software_management_end_to_end/sm_apt_install_download_path/run.py", line 83, in execute
    assert_install_in_download_path(install_directory=self.DOWNLOAD_DIR)
  File "/home/pi/env-pysys/lib/python3.7/site-packages/decorator.py", line 232, in fun
    return caller(func, *(extras + args), **kw)
  File "/home/pi/env-pysys/lib/python3.7/site-packages/retry/api.py", line 74, in retry_decorator
    logger)
  File "/home/pi/env-pysys/lib/python3.7/site-packages/retry/api.py", line 33, in __retry_internal
    return f()
  File "/home/pi/actions-runner/_work/thin-edge.io/thin-edge.io/tests/PySys/software_management_end_to_end/sm_apt_install_download_path/run.py", line 28, in assert_install_in_download_path
    assert "rolldice" in os.listdir(f"{install_directory}")
AssertionError
12:01:27 WARN  AssertionError: ... blocked 
12:01:27 INFO  
12:01:27 INFO  cleanup:
12:01:28 INFO  Executed sudo, exit status 0
12:01:28 INFO  Executed sudo, exit status 0
12:01:33 INFO  Executed sudo&lt;tedge_disconnect_c8y&gt;, exit status 0
12:01:33 INFO  Restarting mosquitto too frequently in the last 10 seconds. It was only up for 4 seconds
12:01:33 INFO  Delaying execution by 7 seconds
12:01:54 INFO  Executed sudo&lt;tedge_connect_c8y&gt;, exit status 0, duration 14 secs
12:01:58 INFO  Executed sudo&lt;tedge_disconnect_c8y&gt;, exit status 0
12:01:59 INFO  Executed systemctl&lt;serv_mapper5&gt;, exit status 3
12:01:59 INFO  
12:01:59 INFO  Test duration: 87.10 secs
12:01:59 INFO  Test final outcome:  BLOCKED
12:01:59 INFO  Test outcome reason: AssertionError:
12:01:59 INFO  
</system-out>
	</testcase>
<testcase classname="AptInstallWithDownloadPath" name="SoftwareManagement.sm_apt_install_download_path">
		<failure message="BLOCKED: AssertionError:" type="BLOCKED" />
		<system-out>12:28:26 INFO  ==============================================================
12:28:26 INFO  Id:    SoftwareManagement.sm_apt_install_download_path
12:28:26 INFO  Dir:   software_management_end_to_end/
12:28:26 INFO  Title: Install package to directory specified in tedge config set tmp.path
12:28:26 INFO  ==============================================================
12:28:28 INFO  Using sw id database: {'asciijump': '5475369', 'robotfindskitten': '5474869', 'squirrel3': '5475279', 'rolldice': '5152439', 'moon-buggy': '5439204', 'apple': '5495053', 'banana': '5494888', 'cherry': '5495382', 'watermelon': '5494510', 'registry': '8018911', 'hello-world': '8021526', 'docker/getting-started': '8021973', 'alpine': '7991792'}
12:28:28 INFO  EnvironmentC8y Setup
12:28:28 INFO  Executed systemctl&lt;serv_mapper1&gt;, exit status 3
12:28:44 INFO  Executed sudo&lt;tedge_connect_c8y&gt;, exit status 0, duration 15 secs
12:28:45 INFO  Executed sudo&lt;tedge_connect_c8y_test&gt;, exit status 0
12:28:45 INFO  Executed systemctl&lt;serv_mosq2&gt;, exit status 0
12:28:46 INFO  Executed systemctl&lt;serv_mapper3&gt;, exit status 0
12:28:48 INFO  State of current operation: SUCCESSFUL
12:28:48 INFO  Assert that (False == value) with value=False ... passed
12:28:49 INFO  Executed sudo, exit status 0
12:28:49 INFO  Executed sudo, exit status 0
12:28:50 INFO  Executed sudo, exit status 0
12:28:54 INFO  Executed sudo&lt;tedge_disconnect_c8y&gt;, exit status 0
12:28:54 INFO  Restarting mosquitto too frequently in the last 10 seconds. It was only up for 4 seconds
12:28:54 INFO  Delaying execution by 7 seconds
12:29:15 INFO  Executed sudo&lt;tedge_connect_c8y&gt;, exit status 0, duration 13 secs
12:29:15 INFO  Response status: 201
12:29:15 INFO  Response to action: {
    "creationTime": "2022-06-08T12:29:15.307Z",
    "deviceId": "20034146",
    "deviceName": "m32sd10d",
    "self": "https://t493319102.eu-latest.cumulocity.com/devicecontrol/operations/20046166",
    "id": "20046166",
    "status": "PENDING",
    "description": "Apply software changes, triggered from PySys: [{'name': 'rolldice', 'id': '5152439', 'version': '::apt', 'url': 'https://thin-edge-io.eu-latest.cumulocity.com/inventory/binaries/12435463', 'action': 'install'}]",
    "c8y_SoftwareUpdate": [
        {
            "name": "rolldice",
            "action": "install",
            "id": "5152439",
            "version": "::apt",
            "url": "https://thin-edge-io.eu-latest.cumulocity.com/inventory/binaries/12435463"
        }
    ]
}
12:29:15 INFO  Started operation: {'creationTime': '2022-06-08T12:29:15.307Z', 'deviceId': '20034146', 'deviceName': 'm32sd10d', 'self': 'https://t493319102.eu-latest.cumulocity.com/devicecontrol/operations/20046166', 'id': '20046166', 'status': 'PENDING', 'description': "Apply software changes, triggered from PySys: [{'name': 'rolldice', 'id': '5152439', 'version': '::apt', 'url': 'https://thin-edge-io.eu-latest.cumulocity.com/inventory/binaries/12435463', 'action': 'install'}]", 'c8y_SoftwareUpdate': [{'name': 'rolldice', 'action': 'install', 'id': '5152439', 'version': '::apt', 'url': 'https://thin-edge-io.eu-latest.cumulocity.com/inventory/binaries/12435463'}]}
12:29:15 WARN  , retrying in 0.5 seconds...
12:29:15 WARN  , retrying in 0.5 seconds...
12:29:16 WARN  , retrying in 0.5 seconds...
12:29:16 WARN  , retrying in 0.5 seconds...
12:29:17 WARN  , retrying in 0.5 seconds...
12:29:17 WARN  , retrying in 0.5 seconds...
12:29:18 WARN  , retrying in 0.5 seconds...
12:29:18 WARN  , retrying in 0.5 seconds...
12:29:19 WARN  , retrying in 0.5 seconds...
12:29:19 WARN  AssertionError occurred while running test - 
Traceback (most recent call last):
  File "/home/pi/env-pysys/lib/python3.7/site-packages/pysys/baserunner.py", line 1294, in __call__
    self.testObj.execute()
  File "/home/pi/actions-runner/_work/thin-edge.io/thin-edge.io/tests/PySys/software_management_end_to_end/sm_apt_install_download_path/run.py", line 83, in execute
    assert_install_in_download_path(install_directory=self.DOWNLOAD_DIR)
  File "/home/pi/env-pysys/lib/python3.7/site-packages/decorator.py", line 232, in fun
    return caller(func, *(extras + args), **kw)
  File "/home/pi/env-pysys/lib/python3.7/site-packages/retry/api.py", line 74, in retry_decorator
    logger)
  File "/home/pi/env-pysys/lib/python3.7/site-packages/retry/api.py", line 33, in __retry_internal
    return f()
  File "/home/pi/actions-runner/_work/thin-edge.io/thin-edge.io/tests/PySys/software_management_end_to_end/sm_apt_install_download_path/run.py", line 28, in assert_install_in_download_path
    assert "rolldice" in os.listdir(f"{install_directory}")
AssertionError
12:29:19 WARN  AssertionError: ... blocked 
12:29:19 INFO  
12:29:19 INFO  cleanup:
12:29:20 INFO  Executed sudo, exit status 0
12:29:21 INFO  Executed sudo, exit status 0
12:29:25 INFO  Executed sudo&lt;tedge_disconnect_c8y&gt;, exit status 0
12:29:25 INFO  Restarting mosquitto too frequently in the last 10 seconds. It was only up for 4 seconds
12:29:25 INFO  Delaying execution by 7 seconds
12:29:46 INFO  Executed sudo&lt;tedge_connect_c8y&gt;, exit status 0, duration 13 secs
12:29:50 INFO  Executed sudo&lt;tedge_disconnect_c8y&gt;, exit status 0
12:29:51 INFO  Executed systemctl&lt;serv_mapper5&gt;, exit status 3
12:29:51 INFO  
12:29:51 INFO  Test duration: 84.24 secs
12:29:51 INFO  Test final outcome:  BLOCKED
12:29:51 INFO  Test outcome reason: AssertionError:
12:29:51 INFO  
</system-out>
	</testcase>
</testsuite><testsuite name="SoftwareManagement.sm_apt_install_fail" tests="3" errors="0" failures="0" skipped="1" time="0"><testcase classname="PySysTest" name="SoftwareManagement.sm_apt_install_fail">
		<skipped message="SKIPPED: Testing the apt plugin is not supported on this platform.Use parameter -XmyPlatform='container' to enable it" />
		<system-out>11:36:39 INFO  ==============================================================
11:36:39 INFO  Id:    SoftwareManagement.sm_apt_install_fail
11:36:39 INFO  Dir:   software_management_end_to_end/
11:36:39 INFO  Title: Validate end to end behaviour for a failing installation
11:36:39 INFO  ==============================================================
11:36:39 INFO  Testing the apt plugin is not supported on this platform.Use parameter -XmyPlatform='container' to enable it ... skipped
11:36:39 WARN  Aborted test due to SKIPPED outcome
11:36:39 INFO  
11:36:39 INFO  Test duration: 0.02 secs
11:36:39 INFO  Test final outcome:  SKIPPED
11:36:39 INFO  Test outcome reason: Testing the apt plugin is not supported on this platform.Use parameter -XmyPlatform='container' to enable it
11:36:39 INFO  
</system-out>
	</testcase>
<testcase classname="PySysTest" name="SoftwareManagement.sm_apt_install_fail" />
<testcase classname="PySysTest" name="SoftwareManagement.sm_apt_install_fail" />
</testsuite><testsuite name="SoftwareManagement.sm_apt_install_remove" tests="3" errors="0" failures="0" skipped="1" time="0"><testcase classname="PySysTest" name="SoftwareManagement.sm_apt_install_remove">
		<skipped message="SKIPPED: Testing the apt plugin is not supported on this platform.Use parameter -XmyPlatform='container' to enable it" />
		<system-out>11:36:39 INFO  ==============================================================
11:36:39 INFO  Id:    SoftwareManagement.sm_apt_install_remove
11:36:39 INFO  Dir:   software_management_end_to_end/
11:36:39 INFO  Title: Validate end to end behaviour for the apt plugin for installation and removal of packages
11:36:39 INFO  ==============================================================
11:36:39 INFO  Testing the apt plugin is not supported on this platform.Use parameter -XmyPlatform='container' to enable it ... skipped
11:36:39 WARN  Aborted test due to SKIPPED outcome
11:36:39 INFO  
11:36:39 INFO  Test duration: 0.02 secs
11:36:39 INFO  Test final outcome:  SKIPPED
11:36:39 INFO  Test outcome reason: Testing the apt plugin is not supported on this platform.Use parameter -XmyPlatform='container' to enable it
11:36:39 INFO  
</system-out>
	</testcase>
<testcase classname="PySysTest" name="SoftwareManagement.sm_apt_install_remove" />
<testcase classname="PySysTest" name="SoftwareManagement.sm_apt_install_remove" />
</testsuite><testsuite name="SoftwareManagement.sm_apt_install_remove_default" tests="3" errors="0" failures="0" skipped="1" time="0"><testcase classname="PySysTest" name="SoftwareManagement.sm_apt_install_remove_default">
		<skipped message="SKIPPED: Testing the apt plugin is not supported on this platform.Use parameter -XmyPlatform='container' to enable it" />
		<system-out>11:36:39 INFO  ==============================================================
11:36:39 INFO  Id:    SoftwareManagement.sm_apt_install_remove_default
11:36:39 INFO  Dir:   software_management_end_to_end/
11:36:39 INFO  Title: Validate end to end behaviour for the default plugin for installation and removal of packages
11:36:39 INFO  ==============================================================
11:36:39 INFO  Testing the apt plugin is not supported on this platform.Use parameter -XmyPlatform='container' to enable it ... skipped
11:36:39 WARN  Aborted test due to SKIPPED outcome
11:36:39 INFO  
11:36:39 INFO  Test duration: 0.02 secs
11:36:39 INFO  Test final outcome:  SKIPPED
11:36:39 INFO  Test outcome reason: Testing the apt plugin is not supported on this platform.Use parameter -XmyPlatform='container' to enable it
11:36:39 INFO  
</system-out>
	</testcase>
<testcase classname="PySysTest" name="SoftwareManagement.sm_apt_install_remove_default" />
<testcase classname="PySysTest" name="SoftwareManagement.sm_apt_install_remove_default" />
</testsuite><testsuite name="SoftwareManagement.sm_apt_install_remove_multiple" tests="3" errors="0" failures="2" skipped="1" time="0"><testcase classname="PySysTest" name="SoftwareManagement.sm_apt_install_remove_multiple">
		<skipped message="SKIPPED: Testing the apt plugin is not supported on this platform.Use parameter -XmyPlatform='container' to enable it" />
		<system-out>11:36:39 INFO  ==============================================================
11:36:39 INFO  Id:    SoftwareManagement.sm_apt_install_remove_multiple
11:36:39 INFO  Dir:   software_management_end_to_end/
11:36:39 INFO  Title: Validate end to end behaviour for the apt plugin for multiple packages
11:36:39 INFO  ==============================================================
11:36:39 INFO  Testing the apt plugin is not supported on this platform.Use parameter -XmyPlatform='container' to enable it ... skipped
11:36:39 WARN  Aborted test due to SKIPPED outcome
11:36:39 INFO  
11:36:39 INFO  Test duration: 0.02 secs
11:36:39 INFO  Test final outcome:  SKIPPED
11:36:39 INFO  Test outcome reason: Testing the apt plugin is not supported on this platform.Use parameter -XmyPlatform='container' to enable it
11:36:39 INFO  
</system-out>
	</testcase>
<testcase classname="PySysTest" name="SoftwareManagement.sm_apt_install_remove_multiple">
		<failure message="FAILED: Assert that (False == value) with value=True" type="FAILED" />
		<system-out>12:08:57 INFO  ==============================================================
12:08:57 INFO  Id:    SoftwareManagement.sm_apt_install_remove_multiple
12:08:57 INFO  Dir:   software_management_end_to_end/
12:08:57 INFO  Title: Validate end to end behaviour for the apt plugin for multiple packages
12:08:57 INFO  ==============================================================
12:08:57 INFO  Using sw id database: {'asciijump': '5475369', 'robotfindskitten': '5474869', 'squirrel3': '5475279', 'rolldice': '5152439', 'moon-buggy': '5439204', 'apple': '5495053', 'banana': '5494888', 'cherry': '5495382', 'watermelon': '5494510', 'registry': '8018911', 'hello-world': '8021526', 'docker/getting-started': '8021973', 'alpine': '7991792'}
12:08:57 INFO  EnvironmentC8y Setup
12:08:57 INFO  Executed systemctl&lt;serv_mapper1&gt;, exit status 3
12:08:57 INFO  Restarting mosquitto too frequently in the last 10 seconds. It was only up for 4 seconds
12:08:57 INFO  Delaying execution by 7 seconds
12:09:19 INFO  Executed sudo&lt;tedge_connect_c8y&gt;, exit status 0, duration 14 secs
12:09:19 INFO  Executed sudo&lt;tedge_connect_c8y_test&gt;, exit status 0
12:09:20 INFO  Executed systemctl&lt;serv_mosq2&gt;, exit status 0
12:09:20 INFO  Executed systemctl&lt;serv_mapper3&gt;, exit status 0
12:09:22 INFO  State of current operation: SUCCESSFUL
12:09:23 INFO  Assert that (False == value) with value=False ... passed
12:09:23 INFO  Assert that (False == value) with value=False ... passed
12:09:23 INFO  Assert that (False == value) with value=False ... passed
12:09:23 INFO  Package robotfindskitten is installed
12:09:23 WARN  Assert that (False == value) with value=True ... failed 
12:09:24 INFO  Response status: 201
12:09:24 INFO  Response to action: {
    "creationTime": "2022-06-08T12:09:24.157Z",
    "deviceId": "20034146",
    "deviceName": "m32sd10d",
    "self": "https://t493319102.eu-latest.cumulocity.com/devicecontrol/operations/20043056",
    "id": "20043056",
    "status": "PENDING",
    "description": "Apply software changes, triggered from PySys: [{'action': 'install', 'id': '5475369', 'name': 'asciijump', 'url': ' ', 'version': '::apt'}, {'action': 'install', 'id': '5474869', 'name': 'robotfindskitten', 'url': ' ', 'version': '::apt'}, {'action': 'install', 'id': '5475279', 'name': 'squirrel3', 'url': ' ', 'version': '::apt'}]",
    "c8y_SoftwareUpdate": [
        {
            "name": "asciijump",
            "action": "install",
            "id": "5475369",
            "version": "::apt",
            "url": " "
        },
        {
            "name": "robotfindskitten",
            "action": "install",
            "id": "5474869",
            "version": "::apt",
            "url": " "
        },
        {
            "name": "squirrel3",
            "action": "install",
            "id": "5475279",
            "version": "::apt",
            "url": " "
        }
    ]
}
12:09:24 INFO  Started operation: {'creationTime': '2022-06-08T12:09:24.157Z', 'deviceId': '20034146', 'deviceName': 'm32sd10d', 'self': 'https://t493319102.eu-latest.cumulocity.com/devicecontrol/operations/20043056', 'id': '20043056', 'status': 'PENDING', 'description': "Apply software changes, triggered from PySys: [{'action': 'install', 'id': '5475369', 'name': 'asciijump', 'url': ' ', 'version': '::apt'}, {'action': 'install', 'id': '5474869', 'name': 'robotfindskitten', 'url': ' ', 'version': '::apt'}, {'action': 'install', 'id': '5475279', 'name': 'squirrel3', 'url': ' ', 'version': '::apt'}]", 'c8y_SoftwareUpdate': [{'name': 'asciijump', 'action': 'install', 'id': '5475369', 'version': '::apt', 'url': ' '}, {'name': 'robotfindskitten', 'action': 'install', 'id': '5474869', 'version': '::apt', 'url': ' '}, {'name': 'squirrel3', 'action': 'install', 'id': '5475279', 'version': '::apt', 'url': ' '}]}
12:09:26 INFO  State of operation 20043056 : PENDING
12:09:28 INFO  State of operation 20043056 : EXECUTING
12:09:30 INFO  State of operation 20043056 : EXECUTING
12:09:33 INFO  State of operation 20043056 : EXECUTING
12:09:35 INFO  State of operation 20043056 : EXECUTING
12:09:37 INFO  State of operation 20043056 : EXECUTING
12:09:40 INFO  State of operation 20043056 : EXECUTING
12:09:43 INFO  State of operation 20043056 : EXECUTING
12:09:45 INFO  State of operation 20043056 : EXECUTING
12:09:48 INFO  State of operation 20043056 : EXECUTING
12:09:50 INFO  State of operation 20043056 : EXECUTING
12:09:52 INFO  State of operation 20043056 : EXECUTING
12:09:54 INFO  State of operation 20043056 : EXECUTING
12:09:57 INFO  State of operation 20043056 : EXECUTING
12:09:59 INFO  State of operation 20043056 : EXECUTING
12:10:01 INFO  State of operation 20043056 : EXECUTING
12:10:04 INFO  State of operation 20043056 : EXECUTING
12:10:07 INFO  State of operation 20043056 : EXECUTING
12:10:09 INFO  State of operation 20043056 : EXECUTING
12:10:12 INFO  State of operation 20043056 : EXECUTING
12:10:14 INFO  State of operation 20043056 : EXECUTING
12:10:16 INFO  State of operation 20043056 : EXECUTING
12:10:18 INFO  State of operation 20043056 : EXECUTING
12:10:21 INFO  State of operation 20043056 : EXECUTING
12:10:23 INFO  State of operation 20043056 : EXECUTING
12:10:26 INFO  State of operation 20043056 : EXECUTING
12:10:28 INFO  State of operation 20043056 : EXECUTING
12:10:31 INFO  State of operation 20043056 : EXECUTING
12:10:33 INFO  State of operation 20043056 : EXECUTING
12:10:36 INFO  State of operation 20043056 : EXECUTING
12:10:38 INFO  State of operation 20043056 : EXECUTING
12:10:40 INFO  State of operation 20043056 : EXECUTING
12:10:42 INFO  State of operation 20043056 : EXECUTING
12:10:45 INFO  State of operation 20043056 : EXECUTING
12:10:47 INFO  State of operation 20043056 : SUCCESSFUL
12:10:47 INFO  Assert that (False == value) with value=False ... passed
12:10:47 INFO  Package asciijump is installed
12:10:47 INFO  Assert that (True == value) with value=True ... passed
12:10:48 INFO  Package squirrel3 is installed
12:10:48 INFO  Assert that (True == value) with value=True ... passed
12:10:48 INFO  Package robotfindskitten is installed
12:10:48 INFO  Assert that (True == value) with value=True ... passed
12:10:48 INFO  Response status: 201
12:10:48 INFO  Response to action: {
    "creationTime": "2022-06-08T12:10:48.787Z",
    "deviceId": "20034146",
    "deviceName": "m32sd10d",
    "self": "https://t493319102.eu-latest.cumulocity.com/devicecontrol/operations/20043067",
    "id": "20043067",
    "status": "PENDING",
    "description": "Apply software changes, triggered from PySys: [{'action': 'delete', 'id': '5475369', 'name': 'asciijump', 'url': ' ', 'version': '::apt'}, {'action': 'delete', 'id': '5474869', 'name': 'robotfindskitten', 'url': ' ', 'version': '::apt'}, {'action': 'delete', 'id': '5475279', 'name': 'squirrel3', 'url': ' ', 'version': '::apt'}]",
    "c8y_SoftwareUpdate": [
        {
            "name": "asciijump",
            "action": "delete",
            "id": "5475369",
            "version": "::apt",
            "url": " "
        },
        {
            "name": "robotfindskitten",
            "action": "delete",
            "id": "5474869",
            "version": "::apt",
            "url": " "
        },
        {
            "name": "squirrel3",
            "action": "delete",
            "id": "5475279",
            "version": "::apt",
            "url": " "
        }
    ]
}
12:10:48 INFO  Started operation: {'creationTime': '2022-06-08T12:10:48.787Z', 'deviceId': '20034146', 'deviceName': 'm32sd10d', 'self': 'https://t493319102.eu-latest.cumulocity.com/devicecontrol/operations/20043067', 'id': '20043067', 'status': 'PENDING', 'description': "Apply software changes, triggered from PySys: [{'action': 'delete', 'id': '5475369', 'name': 'asciijump', 'url': ' ', 'version': '::apt'}, {'action': 'delete', 'id': '5474869', 'name': 'robotfindskitten', 'url': ' ', 'version': '::apt'}, {'action': 'delete', 'id': '5475279', 'name': 'squirrel3', 'url': ' ', 'version': '::apt'}]", 'c8y_SoftwareUpdate': [{'name': 'asciijump', 'action': 'delete', 'id': '5475369', 'version': '::apt', 'url': ' '}, {'name': 'robotfindskitten', 'action': 'delete', 'id': '5474869', 'version': '::apt', 'url': ' '}, {'name': 'squirrel3', 'action': 'delete', 'id': '5475279', 'version': '::apt', 'url': ' '}]}
12:10:51 INFO  State of operation 20043067 : PENDING
12:10:53 INFO  State of operation 20043067 : EXECUTING
12:10:55 INFO  State of operation 20043067 : EXECUTING
12:10:57 INFO  State of operation 20043067 : EXECUTING
12:11:00 INFO  State of operation 20043067 : EXECUTING
12:11:02 INFO  State of operation 20043067 : EXECUTING
12:11:05 INFO  State of operation 20043067 : EXECUTING
12:11:08 INFO  State of operation 20043067 : EXECUTING
12:11:10 INFO  State of operation 20043067 : EXECUTING
12:11:12 INFO  State of operation 20043067 : EXECUTING
12:11:15 INFO  State of operation 20043067 : EXECUTING
12:11:17 INFO  State of operation 20043067 : EXECUTING
12:11:19 INFO  State of operation 20043067 : EXECUTING
12:11:21 INFO  State of operation 20043067 : EXECUTING
12:11:24 INFO  State of operation 20043067 : EXECUTING
12:11:26 INFO  State of operation 20043067 : EXECUTING
12:11:28 INFO  State of operation 20043067 : EXECUTING
12:11:31 INFO  State of operation 20043067 : EXECUTING
12:11:33 INFO  State of operation 20043067 : EXECUTING
12:11:36 INFO  State of operation 20043067 : EXECUTING
12:11:38 INFO  State of operation 20043067 : EXECUTING
12:11:40 INFO  State of operation 20043067 : EXECUTING
12:11:43 INFO  State of operation 20043067 : EXECUTING
12:11:45 INFO  State of operation 20043067 : EXECUTING
12:11:48 INFO  State of operation 20043067 : EXECUTING
12:11:50 INFO  State of operation 20043067 : EXECUTING
12:11:52 INFO  State of operation 20043067 : EXECUTING
12:11:54 INFO  State of operation 20043067 : SUCCESSFUL
12:11:55 INFO  Assert that (False == value) with value=False ... passed
12:11:55 INFO  Assert that (False == value) with value=False ... passed
12:11:55 INFO  Assert that (False == value) with value=False ... passed
12:11:55 INFO  Assert that (False == value) with value=False ... passed
12:11:55 INFO  
12:11:55 INFO  cleanup:
12:12:00 INFO  Executed sudo&lt;tedge_disconnect_c8y&gt;, exit status 0
12:12:00 INFO  Executed systemctl&lt;serv_mapper5&gt;, exit status 3
12:12:00 INFO  
12:12:00 INFO  Test duration: 183.65 secs
12:12:00 INFO  Test final outcome:  FAILED
12:12:00 INFO  Test outcome reason: Assert that (False == value) with value=True
12:12:00 INFO  
</system-out>
	</testcase>
<testcase classname="PySysTest" name="SoftwareManagement.sm_apt_install_remove_multiple">
		<failure message="FAILED: Assert that (False == value) with value=True (+2 other failures)" type="FAILED" />
		<system-out>12:36:34 INFO  ==============================================================
12:36:34 INFO  Id:    SoftwareManagement.sm_apt_install_remove_multiple
12:36:34 INFO  Dir:   software_management_end_to_end/
12:36:34 INFO  Title: Validate end to end behaviour for the apt plugin for multiple packages
12:36:34 INFO  ==============================================================
12:36:34 INFO  Using sw id database: {'asciijump': '5475369', 'robotfindskitten': '5474869', 'squirrel3': '5475279', 'rolldice': '5152439', 'moon-buggy': '5439204', 'apple': '5495053', 'banana': '5494888', 'cherry': '5495382', 'watermelon': '5494510', 'registry': '8018911', 'hello-world': '8021526', 'docker/getting-started': '8021973', 'alpine': '7991792'}
12:36:34 INFO  EnvironmentC8y Setup
12:36:35 INFO  Executed systemctl&lt;serv_mapper1&gt;, exit status 3
12:36:35 INFO  Restarting mosquitto too frequently in the last 10 seconds. It was only up for 5 seconds
12:36:35 INFO  Delaying execution by 6 seconds
12:36:55 INFO  Executed sudo&lt;tedge_connect_c8y&gt;, exit status 0, duration 14 secs
12:36:56 INFO  Executed sudo&lt;tedge_connect_c8y_test&gt;, exit status 0
12:36:57 INFO  Executed systemctl&lt;serv_mosq2&gt;, exit status 0
12:36:57 INFO  Executed systemctl&lt;serv_mapper3&gt;, exit status 0
12:36:59 INFO  State of current operation: SUCCESSFUL
12:36:59 INFO  Assert that (False == value) with value=False ... passed
12:37:00 INFO  Package asciijump is installed
12:37:00 WARN  Assert that (False == value) with value=True ... failed 
12:37:01 INFO  Package squirrel3 is installed
12:37:01 WARN  Assert that (False == value) with value=True ... failed 
12:37:01 INFO  Package robotfindskitten is installed
12:37:01 WARN  Assert that (False == value) with value=True ... failed 
12:37:01 INFO  Response status: 201
12:37:01 INFO  Response to action: {
    "delivery": {
        "log": [],
        "time": "2022-06-08T12:37:01.678Z",
        "status": "PENDING"
    },
    "creationTime": "2022-06-08T12:37:01.660Z",
    "deviceId": "20034146",
    "deviceName": "m32sd10d",
    "self": "https://t493319102.eu-latest.cumulocity.com/devicecontrol/operations/20046242",
    "id": "20046242",
    "status": "PENDING",
    "description": "Apply software changes, triggered from PySys: [{'action': 'install', 'id': '5475369', 'name': 'asciijump', 'url': ' ', 'version': '::apt'}, {'action': 'install', 'id': '5474869', 'name': 'robotfindskitten', 'url': ' ', 'version': '::apt'}, {'action': 'install', 'id': '5475279', 'name': 'squirrel3', 'url': ' ', 'version': '::apt'}]",
    "c8y_SoftwareUpdate": [
        {
            "name": "asciijump",
            "action": "install",
            "id": "5475369",
            "version": "::apt",
            "url": " "
        },
        {
            "name": "robotfindskitten",
            "action": "install",
            "id": "5474869",
            "version": "::apt",
            "url": " "
        },
        {
            "name": "squirrel3",
            "action": "install",
            "id": "5475279",
            "version": "::apt",
            "url": " "
        }
    ]
}
12:37:01 INFO  Started operation: {'delivery': {'log': [], 'time': '2022-06-08T12:37:01.678Z', 'status': 'PENDING'}, 'creationTime': '2022-06-08T12:37:01.660Z', 'deviceId': '20034146', 'deviceName': 'm32sd10d', 'self': 'https://t493319102.eu-latest.cumulocity.com/devicecontrol/operations/20046242', 'id': '20046242', 'status': 'PENDING', 'description': "Apply software changes, triggered from PySys: [{'action': 'install', 'id': '5475369', 'name': 'asciijump', 'url': ' ', 'version': '::apt'}, {'action': 'install', 'id': '5474869', 'name': 'robotfindskitten', 'url': ' ', 'version': '::apt'}, {'action': 'install', 'id': '5475279', 'name': 'squirrel3', 'url': ' ', 'version': '::apt'}]", 'c8y_SoftwareUpdate': [{'name': 'asciijump', 'action': 'install', 'id': '5475369', 'version': '::apt', 'url': ' '}, {'name': 'robotfindskitten', 'action': 'install', 'id': '5474869', 'version': '::apt', 'url': ' '}, {'name': 'squirrel3', 'action': 'install', 'id': '5475279', 'version': '::apt', 'url': ' '}]}
12:37:03 INFO  State of operation 20046242 : PENDING
12:37:06 INFO  State of operation 20046242 : EXECUTING
12:37:08 INFO  State of operation 20046242 : EXECUTING
12:37:10 INFO  State of operation 20046242 : EXECUTING
12:37:12 INFO  State of operation 20046242 : EXECUTING
12:37:15 INFO  State of operation 20046242 : EXECUTING
12:37:17 INFO  State of operation 20046242 : EXECUTING
12:37:21 INFO  State of operation 20046242 : EXECUTING
12:37:24 INFO  State of operation 20046242 : EXECUTING
12:37:26 INFO  State of operation 20046242 : EXECUTING
12:37:28 INFO  State of operation 20046242 : EXECUTING
12:37:30 INFO  State of operation 20046242 : EXECUTING
12:37:32 INFO  State of operation 20046242 : EXECUTING
12:37:35 INFO  State of operation 20046242 : EXECUTING
12:37:37 INFO  State of operation 20046242 : EXECUTING
12:37:39 INFO  State of operation 20046242 : SUCCESSFUL
12:37:39 INFO  Assert that (False == value) with value=False ... passed
12:37:40 INFO  Package asciijump is installed
12:37:40 INFO  Assert that (True == value) with value=True ... passed
12:37:40 INFO  Package squirrel3 is installed
12:37:40 INFO  Assert that (True == value) with value=True ... passed
12:37:40 INFO  Package robotfindskitten is installed
12:37:40 INFO  Assert that (True == value) with value=True ... passed
12:37:40 INFO  Response status: 201
12:37:40 INFO  Response to action: {
    "delivery": {
        "log": [],
        "time": "2022-06-08T12:37:40.846Z",
        "status": "PENDING"
    },
    "creationTime": "2022-06-08T12:37:40.823Z",
    "deviceId": "20034146",
    "deviceName": "m32sd10d",
    "self": "https://t493319102.eu-latest.cumulocity.com/devicecontrol/operations/20046251",
    "id": "20046251",
    "status": "PENDING",
    "description": "Apply software changes, triggered from PySys: [{'action': 'delete', 'id': '5475369', 'name': 'asciijump', 'url': ' ', 'version': '::apt'}, {'action': 'delete', 'id': '5474869', 'name': 'robotfindskitten', 'url': ' ', 'version': '::apt'}, {'action': 'delete', 'id': '5475279', 'name': 'squirrel3', 'url': ' ', 'version': '::apt'}]",
    "c8y_SoftwareUpdate": [
        {
            "name": "asciijump",
            "action": "delete",
            "id": "5475369",
            "version": "::apt",
            "url": " "
        },
        {
            "name": "robotfindskitten",
            "action": "delete",
            "id": "5474869",
            "version": "::apt",
            "url": " "
        },
        {
            "name": "squirrel3",
            "action": "delete",
            "id": "5475279",
            "version": "::apt",
            "url": " "
        }
    ]
}
12:37:40 INFO  Started operation: {'delivery': {'log': [], 'time': '2022-06-08T12:37:40.846Z', 'status': 'PENDING'}, 'creationTime': '2022-06-08T12:37:40.823Z', 'deviceId': '20034146', 'deviceName': 'm32sd10d', 'self': 'https://t493319102.eu-latest.cumulocity.com/devicecontrol/operations/20046251', 'id': '20046251', 'status': 'PENDING', 'description': "Apply software changes, triggered from PySys: [{'action': 'delete', 'id': '5475369', 'name': 'asciijump', 'url': ' ', 'version': '::apt'}, {'action': 'delete', 'id': '5474869', 'name': 'robotfindskitten', 'url': ' ', 'version': '::apt'}, {'action': 'delete', 'id': '5475279', 'name': 'squirrel3', 'url': ' ', 'version': '::apt'}]", 'c8y_SoftwareUpdate': [{'name': 'asciijump', 'action': 'delete', 'id': '5475369', 'version': '::apt', 'url': ' '}, {'name': 'robotfindskitten', 'action': 'delete', 'id': '5474869', 'version': '::apt', 'url': ' '}, {'name': 'squirrel3', 'action': 'delete', 'id': '5475279', 'version': '::apt', 'url': ' '}]}
12:37:43 INFO  State of operation 20046251 : PENDING
12:37:45 INFO  State of operation 20046251 : EXECUTING
12:37:47 INFO  State of operation 20046251 : EXECUTING
12:37:49 INFO  State of operation 20046251 : EXECUTING
12:37:52 INFO  State of operation 20046251 : EXECUTING
12:37:54 INFO  State of operation 20046251 : EXECUTING
12:37:56 INFO  State of operation 20046251 : EXECUTING
12:37:59 INFO  State of operation 20046251 : EXECUTING
12:38:02 INFO  State of operation 20046251 : EXECUTING
12:38:04 INFO  State of operation 20046251 : EXECUTING
12:38:06 INFO  State of operation 20046251 : EXECUTING
12:38:08 INFO  State of operation 20046251 : EXECUTING
12:38:11 INFO  State of operation 20046251 : EXECUTING
12:38:13 INFO  State of operation 20046251 : EXECUTING
12:38:15 INFO  State of operation 20046251 : EXECUTING
12:38:18 INFO  State of operation 20046251 : EXECUTING
12:38:20 INFO  State of operation 20046251 : EXECUTING
12:38:22 INFO  State of operation 20046251 : EXECUTING
12:38:25 INFO  State of operation 20046251 : EXECUTING
12:38:27 INFO  State of operation 20046251 : EXECUTING
12:38:30 INFO  State of operation 20046251 : EXECUTING
12:38:32 INFO  State of operation 20046251 : EXECUTING
12:38:34 INFO  State of operation 20046251 : EXECUTING
12:38:36 INFO  State of operation 20046251 : EXECUTING
12:38:39 INFO  State of operation 20046251 : EXECUTING
12:38:41 INFO  State of operation 20046251 : EXECUTING
12:38:44 INFO  State of operation 20046251 : EXECUTING
12:38:46 INFO  State of operation 20046251 : EXECUTING
12:38:48 INFO  State of operation 20046251 : EXECUTING
12:38:50 INFO  State of operation 20046251 : SUCCESSFUL
12:38:51 INFO  Assert that (False == value) with value=False ... passed
12:38:51 INFO  Assert that (False == value) with value=False ... passed
12:38:51 INFO  Assert that (False == value) with value=False ... passed
12:38:51 INFO  Assert that (False == value) with value=False ... passed
12:38:51 INFO  
12:38:51 INFO  cleanup:
12:38:55 INFO  Executed sudo&lt;tedge_disconnect_c8y&gt;, exit status 0
12:38:56 INFO  Executed systemctl&lt;serv_mapper5&gt;, exit status 3
12:38:56 INFO  
12:38:56 INFO  Test duration: 141.94 secs
12:38:56 INFO  Test final outcome:  FAILED
12:38:56 INFO  Test outcome reason: Assert that (False == value) with value=True (+2 other failures)
12:38:56 INFO  
</system-out>
	</testcase>
</testsuite><testsuite name="SoftwareManagement.sm_apt_install_remove_multiple_mixed" tests="3" errors="0" failures="2" skipped="1" time="0"><testcase classname="PySysTest" name="SoftwareManagement.sm_apt_install_remove_multiple_mixed">
		<skipped message="SKIPPED: Testing the apt plugin is not supported on this platform.Use parameter -XmyPlatform='container' to enable it" />
		<system-out>11:36:39 INFO  ==============================================================
11:36:39 INFO  Id:    SoftwareManagement.sm_apt_install_remove_multiple_mixed
11:36:39 INFO  Dir:   software_management_end_to_end/
11:36:39 INFO  Title: Validate end to end behaviour for the apt plugin for multiple packages with mixed versions
11:36:39 INFO  ==============================================================
11:36:39 INFO  Testing the apt plugin is not supported on this platform.Use parameter -XmyPlatform='container' to enable it ... skipped
11:36:39 WARN  Aborted test due to SKIPPED outcome
11:36:39 INFO  
11:36:39 INFO  Test duration: 0.03 secs
11:36:39 INFO  Test final outcome:  SKIPPED
11:36:39 INFO  Test outcome reason: Testing the apt plugin is not supported on this platform.Use parameter -XmyPlatform='container' to enable it
11:36:39 INFO  
</system-out>
	</testcase>
<testcase classname="PySysTest" name="SoftwareManagement.sm_apt_install_remove_multiple_mixed">
		<failure message="BLOCKED: SystemError: Timeout while waiting for status SUCCESSFUL or False" type="BLOCKED" />
		<system-out>12:12:00 INFO  ==============================================================
12:12:00 INFO  Id:    SoftwareManagement.sm_apt_install_remove_multiple_mixed
12:12:00 INFO  Dir:   software_management_end_to_end/
12:12:00 INFO  Title: Validate end to end behaviour for the apt plugin for multiple packages with mixed versions
12:12:00 INFO  ==============================================================
12:12:00 INFO  Using sw id database: {'asciijump': '5475369', 'robotfindskitten': '5474869', 'squirrel3': '5475279', 'rolldice': '5152439', 'moon-buggy': '5439204', 'apple': '5495053', 'banana': '5494888', 'cherry': '5495382', 'watermelon': '5494510', 'registry': '8018911', 'hello-world': '8021526', 'docker/getting-started': '8021973', 'alpine': '7991792'}
12:12:00 INFO  EnvironmentC8y Setup
12:12:01 INFO  Executed systemctl&lt;serv_mapper1&gt;, exit status 3
12:12:01 INFO  Restarting mosquitto too frequently in the last 10 seconds. It was only up for 5 seconds
12:12:01 INFO  Delaying execution by 6 seconds
12:12:22 INFO  Executed sudo&lt;tedge_connect_c8y&gt;, exit status 0, duration 14 secs
12:12:23 INFO  Executed sudo&lt;tedge_connect_c8y_test&gt;, exit status 0
12:12:23 INFO  Executed systemctl&lt;serv_mosq2&gt;, exit status 0
12:12:24 INFO  Executed systemctl&lt;serv_mapper3&gt;, exit status 0
12:12:26 INFO  State of current operation: SUCCESSFUL
12:12:26 INFO  Assert that (False == value) with value=False ... passed
12:12:26 INFO  Assert that (False == value) with value=False ... passed
12:12:27 INFO  Assert that (False == value) with value=False ... passed
12:12:27 INFO  Assert that (False == value) with value=False ... passed
12:12:27 INFO  Assert that (False == value) with value=False ... passed
12:12:28 INFO  Response status: 201
12:12:28 INFO  Response to action: {
    "delivery": {
        "log": [],
        "time": "2022-06-08T12:12:28.857Z",
        "status": "PENDING"
    },
    "creationTime": "2022-06-08T12:12:28.841Z",
    "deviceId": "20034146",
    "deviceName": "m32sd10d",
    "self": "https://t493319102.eu-latest.cumulocity.com/devicecontrol/operations/20043079",
    "id": "20043079",
    "status": "PENDING",
    "description": "Apply software changes, triggered from PySys: [{'action': 'install', 'id': '5475369', 'name': 'asciijump', 'url': ' ', 'version': '::apt'}, {'action': 'install', 'id': '5474869', 'name': 'robotfindskitten', 'url': ' ', 'version': ' '}, {'action': 'install', 'id': '5475279', 'name': 'squirrel3', 'url': ' ', 'version': '3.1-7::apt'}, {'action': 'install', 'id': '5152439', 'name': 'rolldice', 'url': ' ', 'version': '1.16-1+b1'}, {'action': 'install', 'id': '5439204', 'name': 'moon-buggy', 'url': ' ', 'version': '1:1.0.51-12'}, {'action': 'install', 'id': '5475369', 'name': 'asciijump', 'url': ' ', 'version': '::apt'}]",
    "c8y_SoftwareUpdate": [
        {
            "name": "asciijump",
            "action": "install",
            "id": "5475369",
            "version": "::apt",
            "url": " "
        },
        {
            "name": "robotfindskitten",
            "action": "install",
            "id": "5474869",
            "version": " ",
            "url": " "
        },
        {
            "name": "squirrel3",
            "action": "install",
            "id": "5475279",
            "version": "3.1-7::apt",
            "url": " "
        },
        {
            "name": "rolldice",
            "action": "install",
            "id": "5152439",
            "version": "1.16-1+b1",
            "url": " "
        },
        {
            "name": "moon-buggy",
            "action": "install",
            "id": "5439204",
            "version": "1:1.0.51-12",
            "url": " "
        },
        {
            "name": "asciijump",
            "action": "install",
            "id": "5475369",
            "version": "::apt",
            "url": " "
        }
    ]
}
12:12:28 INFO  Started operation: {'delivery': {'log': [], 'time': '2022-06-08T12:12:28.857Z', 'status': 'PENDING'}, 'creationTime': '2022-06-08T12:12:28.841Z', 'deviceId': '20034146', 'deviceName': 'm32sd10d', 'self': 'https://t493319102.eu-latest.cumulocity.com/devicecontrol/operations/20043079', 'id': '20043079', 'status': 'PENDING', 'description': "Apply software changes, triggered from PySys: [{'action': 'install', 'id': '5475369', 'name': 'asciijump', 'url': ' ', 'version': '::apt'}, {'action': 'install', 'id': '5474869', 'name': 'robotfindskitten', 'url': ' ', 'version': ' '}, {'action': 'install', 'id': '5475279', 'name': 'squirrel3', 'url': ' ', 'version': '3.1-7::apt'}, {'action': 'install', 'id': '5152439', 'name': 'rolldice', 'url': ' ', 'version': '1.16-1+b1'}, {'action': 'install', 'id': '5439204', 'name': 'moon-buggy', 'url': ' ', 'version': '1:1.0.51-12'}, {'action': 'install', 'id': '5475369', 'name': 'asciijump', 'url': ' ', 'version': '::apt'}]", 'c8y_SoftwareUpdate': [{'name': 'asciijump', 'action': 'install', 'id': '5475369', 'version': '::apt', 'url': ' '}, {'name': 'robotfindskitten', 'action': 'install', 'id': '5474869', 'version': ' ', 'url': ' '}, {'name': 'squirrel3', 'action': 'install', 'id': '5475279', 'version': '3.1-7::apt', 'url': ' '}, {'name': 'rolldice', 'action': 'install', 'id': '5152439', 'version': '1.16-1+b1', 'url': ' '}, {'name': 'moon-buggy', 'action': 'install', 'id': '5439204', 'version': '1:1.0.51-12', 'url': ' '}, {'name': 'asciijump', 'action': 'install', 'id': '5475369', 'version': '::apt', 'url': ' '}]}
12:12:31 INFO  State of operation 20043079 : PENDING
12:12:33 INFO  State of operation 20043079 : EXECUTING
12:12:35 INFO  State of operation 20043079 : EXECUTING
12:12:37 INFO  State of operation 20043079 : EXECUTING
12:12:40 INFO  State of operation 20043079 : EXECUTING
12:12:42 INFO  State of operation 20043079 : EXECUTING
12:12:45 INFO  State of operation 20043079 : EXECUTING
12:12:48 INFO  State of operation 20043079 : EXECUTING
12:12:50 INFO  State of operation 20043079 : EXECUTING
12:12:52 INFO  State of operation 20043079 : EXECUTING
12:12:55 INFO  State of operation 20043079 : EXECUTING
12:12:57 INFO  State of operation 20043079 : EXECUTING
12:12:59 INFO  State of operation 20043079 : EXECUTING
12:13:01 INFO  State of operation 20043079 : EXECUTING
12:13:04 INFO  State of operation 20043079 : EXECUTING
12:13:06 INFO  State of operation 20043079 : EXECUTING
12:13:08 INFO  State of operation 20043079 : EXECUTING
12:13:11 INFO  State of operation 20043079 : EXECUTING
12:13:13 INFO  State of operation 20043079 : EXECUTING
12:13:16 INFO  State of operation 20043079 : EXECUTING
12:13:18 INFO  State of operation 20043079 : EXECUTING
12:13:21 INFO  State of operation 20043079 : EXECUTING
12:13:23 INFO  State of operation 20043079 : EXECUTING
12:13:26 INFO  State of operation 20043079 : EXECUTING
12:13:28 INFO  State of operation 20043079 : EXECUTING
12:13:30 INFO  State of operation 20043079 : EXECUTING
12:13:32 INFO  State of operation 20043079 : EXECUTING
12:13:34 INFO  State of operation 20043079 : EXECUTING
12:13:37 INFO  State of operation 20043079 : EXECUTING
12:13:39 INFO  State of operation 20043079 : EXECUTING
12:13:42 INFO  State of operation 20043079 : EXECUTING
12:13:44 INFO  State of operation 20043079 : EXECUTING
12:13:46 INFO  State of operation 20043079 : EXECUTING
12:13:49 INFO  State of operation 20043079 : EXECUTING
12:13:51 INFO  State of operation 20043079 : EXECUTING
12:13:53 INFO  State of operation 20043079 : EXECUTING
12:13:55 INFO  State of operation 20043079 : EXECUTING
12:13:58 INFO  State of operation 20043079 : EXECUTING
12:14:00 INFO  State of operation 20043079 : EXECUTING
12:14:03 INFO  State of operation 20043079 : EXECUTING
12:14:06 INFO  State of operation 20043079 : EXECUTING
12:14:08 INFO  State of operation 20043079 : EXECUTING
12:14:10 INFO  State of operation 20043079 : EXECUTING
12:14:13 INFO  State of operation 20043079 : EXECUTING
12:14:15 INFO  State of operation 20043079 : EXECUTING
12:14:18 INFO  State of operation 20043079 : EXECUTING
12:14:20 INFO  State of operation 20043079 : EXECUTING
12:14:22 INFO  State of operation 20043079 : EXECUTING
12:14:25 INFO  State of operation 20043079 : EXECUTING
12:14:27 INFO  State of operation 20043079 : EXECUTING
12:14:30 INFO  State of operation 20043079 : EXECUTING
12:14:32 INFO  State of operation 20043079 : EXECUTING
12:14:35 INFO  State of operation 20043079 : EXECUTING
12:14:37 INFO  State of operation 20043079 : EXECUTING
12:14:39 INFO  State of operation 20043079 : EXECUTING
12:14:42 INFO  State of operation 20043079 : EXECUTING
12:14:44 INFO  State of operation 20043079 : EXECUTING
12:14:47 INFO  State of operation 20043079 : EXECUTING
12:14:49 INFO  State of operation 20043079 : EXECUTING
12:14:51 INFO  State of operation 20043079 : EXECUTING
12:14:54 INFO  State of operation 20043079 : EXECUTING
12:14:56 WARN  SystemError occurred while running test - Timeout while waiting for status SUCCESSFUL or False
Traceback (most recent call last):
  File "/home/pi/env-pysys/lib/python3.7/site-packages/pysys/baserunner.py", line 1294, in __call__
    self.testObj.execute()
  File "/home/pi/actions-runner/_work/thin-edge.io/thin-edge.io/tests/PySys/software_management_end_to_end/sm_apt_install_remove_multiple_mixed/run.py", line 89, in execute
    self.wait_until_succcess()
  File "/home/pi/actions-runner/_work/thin-edge.io/thin-edge.io/tests/PySys/software_management_end_to_end/environment_sm_management.py", line 324, in wait_until_succcess
    self.wait_until_status("SUCCESSFUL")
  File "/home/pi/actions-runner/_work/thin-edge.io/thin-edge.io/tests/PySys/software_management_end_to_end/environment_sm_management.py", line 381, in wait_until_status
    "Timeout while waiting for status %s or %s" % (status, status2)
SystemError: Timeout while waiting for status SUCCESSFUL or False
12:14:56 WARN  SystemError: Timeout while waiting for status SUCCESSFUL or False ... blocked 
12:14:56 INFO  
12:14:56 INFO  cleanup:
12:15:01 INFO  Executed sudo&lt;tedge_disconnect_c8y&gt;, exit status 0
12:15:01 INFO  Executed systemctl&lt;serv_mapper5&gt;, exit status 3
12:15:01 INFO  
12:15:01 INFO  Test duration: 180.88 secs
12:15:01 INFO  Test final outcome:  BLOCKED
12:15:01 INFO  Test outcome reason: SystemError: Timeout while waiting for status SUCCESSFUL or False
12:15:01 INFO  
</system-out>
	</testcase>
<testcase classname="PySysTest" name="SoftwareManagement.sm_apt_install_remove_multiple_mixed">
		<failure message="BLOCKED: SystemError: Timeout while waiting for status SUCCESSFUL or False (+1 other failures)" type="BLOCKED" />
		<system-out>12:38:56 INFO  ==============================================================
12:38:56 INFO  Id:    SoftwareManagement.sm_apt_install_remove_multiple_mixed
12:38:56 INFO  Dir:   software_management_end_to_end/
12:38:56 INFO  Title: Validate end to end behaviour for the apt plugin for multiple packages with mixed versions
12:38:56 INFO  ==============================================================
12:38:56 INFO  Using sw id database: {'asciijump': '5475369', 'robotfindskitten': '5474869', 'squirrel3': '5475279', 'rolldice': '5152439', 'moon-buggy': '5439204', 'apple': '5495053', 'banana': '5494888', 'cherry': '5495382', 'watermelon': '5494510', 'registry': '8018911', 'hello-world': '8021526', 'docker/getting-started': '8021973', 'alpine': '7991792'}
12:38:56 INFO  EnvironmentC8y Setup
12:38:57 INFO  Executed systemctl&lt;serv_mapper1&gt;, exit status 3
12:38:57 INFO  Restarting mosquitto too frequently in the last 10 seconds. It was only up for 5 seconds
12:38:57 INFO  Delaying execution by 6 seconds
12:39:17 INFO  Executed sudo&lt;tedge_connect_c8y&gt;, exit status 0, duration 14 secs
12:39:18 INFO  Executed sudo&lt;tedge_connect_c8y_test&gt;, exit status 0
12:39:18 INFO  Executed systemctl&lt;serv_mosq2&gt;, exit status 0
12:39:19 INFO  Executed systemctl&lt;serv_mapper3&gt;, exit status 0
12:39:21 INFO  State of current operation: SUCCESSFUL
12:39:21 INFO  Assert that (False == value) with value=False ... passed
12:39:22 INFO  Assert that (False == value) with value=False ... passed
12:39:22 INFO  Assert that (False == value) with value=False ... passed
12:39:22 INFO  Assert that (False == value) with value=False ... passed
12:39:22 INFO  Package moon-buggy is installed
12:39:22 WARN  Assert that (False == value) with value=True ... failed 
12:39:24 INFO  Response status: 201
12:39:24 INFO  Response to action: {
    "creationTime": "2022-06-08T12:39:24.177Z",
    "deviceId": "20034146",
    "deviceName": "m32sd10d",
    "self": "https://t493319102.eu-latest.cumulocity.com/devicecontrol/operations/20046267",
    "id": "20046267",
    "status": "PENDING",
    "description": "Apply software changes, triggered from PySys: [{'action': 'install', 'id': '5475369', 'name': 'asciijump', 'url': ' ', 'version': '::apt'}, {'action': 'install', 'id': '5474869', 'name': 'robotfindskitten', 'url': ' ', 'version': ' '}, {'action': 'install', 'id': '5475279', 'name': 'squirrel3', 'url': ' ', 'version': '3.1-7::apt'}, {'action': 'install', 'id': '5152439', 'name': 'rolldice', 'url': ' ', 'version': '1.16-1+b1'}, {'action': 'install', 'id': '5439204', 'name': 'moon-buggy', 'url': ' ', 'version': '1:1.0.51-12'}, {'action': 'install', 'id': '5475369', 'name': 'asciijump', 'url': ' ', 'version': '::apt'}]",
    "c8y_SoftwareUpdate": [
        {
            "name": "asciijump",
            "action": "install",
            "id": "5475369",
            "version": "::apt",
            "url": " "
        },
        {
            "name": "robotfindskitten",
            "action": "install",
            "id": "5474869",
            "version": " ",
            "url": " "
        },
        {
            "name": "squirrel3",
            "action": "install",
            "id": "5475279",
            "version": "3.1-7::apt",
            "url": " "
        },
        {
            "name": "rolldice",
            "action": "install",
            "id": "5152439",
            "version": "1.16-1+b1",
            "url": " "
        },
        {
            "name": "moon-buggy",
            "action": "install",
            "id": "5439204",
            "version": "1:1.0.51-12",
            "url": " "
        },
        {
            "name": "asciijump",
            "action": "install",
            "id": "5475369",
            "version": "::apt",
            "url": " "
        }
    ]
}
12:39:24 INFO  Started operation: {'creationTime': '2022-06-08T12:39:24.177Z', 'deviceId': '20034146', 'deviceName': 'm32sd10d', 'self': 'https://t493319102.eu-latest.cumulocity.com/devicecontrol/operations/20046267', 'id': '20046267', 'status': 'PENDING', 'description': "Apply software changes, triggered from PySys: [{'action': 'install', 'id': '5475369', 'name': 'asciijump', 'url': ' ', 'version': '::apt'}, {'action': 'install', 'id': '5474869', 'name': 'robotfindskitten', 'url': ' ', 'version': ' '}, {'action': 'install', 'id': '5475279', 'name': 'squirrel3', 'url': ' ', 'version': '3.1-7::apt'}, {'action': 'install', 'id': '5152439', 'name': 'rolldice', 'url': ' ', 'version': '1.16-1+b1'}, {'action': 'install', 'id': '5439204', 'name': 'moon-buggy', 'url': ' ', 'version': '1:1.0.51-12'}, {'action': 'install', 'id': '5475369', 'name': 'asciijump', 'url': ' ', 'version': '::apt'}]", 'c8y_SoftwareUpdate': [{'name': 'asciijump', 'action': 'install', 'id': '5475369', 'version': '::apt', 'url': ' '}, {'name': 'robotfindskitten', 'action': 'install', 'id': '5474869', 'version': ' ', 'url': ' '}, {'name': 'squirrel3', 'action': 'install', 'id': '5475279', 'version': '3.1-7::apt', 'url': ' '}, {'name': 'rolldice', 'action': 'install', 'id': '5152439', 'version': '1.16-1+b1', 'url': ' '}, {'name': 'moon-buggy', 'action': 'install', 'id': '5439204', 'version': '1:1.0.51-12', 'url': ' '}, {'name': 'asciijump', 'action': 'install', 'id': '5475369', 'version': '::apt', 'url': ' '}]}
12:39:26 INFO  State of operation 20046267 : PENDING
12:39:28 INFO  State of operation 20046267 : EXECUTING
12:39:30 INFO  State of operation 20046267 : EXECUTING
12:39:33 INFO  State of operation 20046267 : EXECUTING
12:39:35 INFO  State of operation 20046267 : EXECUTING
12:39:37 INFO  State of operation 20046267 : EXECUTING
12:39:40 INFO  State of operation 20046267 : EXECUTING
12:39:43 INFO  State of operation 20046267 : EXECUTING
12:39:45 INFO  State of operation 20046267 : EXECUTING
12:39:47 INFO  State of operation 20046267 : EXECUTING
12:39:50 INFO  State of operation 20046267 : EXECUTING
12:39:52 INFO  State of operation 20046267 : EXECUTING
12:39:54 INFO  State of operation 20046267 : EXECUTING
12:39:56 INFO  State of operation 20046267 : EXECUTING
12:39:58 INFO  State of operation 20046267 : EXECUTING
12:40:01 INFO  State of operation 20046267 : EXECUTING
12:40:03 INFO  State of operation 20046267 : EXECUTING
12:40:06 INFO  State of operation 20046267 : EXECUTING
12:40:09 INFO  State of operation 20046267 : EXECUTING
12:40:12 INFO  State of operation 20046267 : EXECUTING
12:40:14 INFO  State of operation 20046267 : EXECUTING
12:40:16 INFO  State of operation 20046267 : EXECUTING
12:40:19 INFO  State of operation 20046267 : EXECUTING
12:40:21 INFO  State of operation 20046267 : EXECUTING
12:40:23 INFO  State of operation 20046267 : EXECUTING
12:40:25 INFO  State of operation 20046267 : EXECUTING
12:40:28 INFO  State of operation 20046267 : EXECUTING
12:40:30 INFO  State of operation 20046267 : EXECUTING
12:40:33 INFO  State of operation 20046267 : EXECUTING
12:40:35 INFO  State of operation 20046267 : EXECUTING
12:40:38 INFO  State of operation 20046267 : EXECUTING
12:40:40 INFO  State of operation 20046267 : EXECUTING
12:40:42 INFO  State of operation 20046267 : EXECUTING
12:40:44 INFO  State of operation 20046267 : EXECUTING
12:40:47 INFO  State of operation 20046267 : EXECUTING
12:40:49 INFO  State of operation 20046267 : EXECUTING
12:40:51 INFO  State of operation 20046267 : EXECUTING
12:40:53 INFO  State of operation 20046267 : EXECUTING
12:40:56 INFO  State of operation 20046267 : EXECUTING
12:40:59 INFO  State of operation 20046267 : EXECUTING
12:41:01 INFO  State of operation 20046267 : EXECUTING
12:41:04 INFO  State of operation 20046267 : EXECUTING
12:41:06 INFO  State of operation 20046267 : EXECUTING
12:41:08 INFO  State of operation 20046267 : EXECUTING
12:41:10 INFO  State of operation 20046267 : EXECUTING
12:41:13 INFO  State of operation 20046267 : EXECUTING
12:41:16 INFO  State of operation 20046267 : EXECUTING
12:41:18 INFO  State of operation 20046267 : EXECUTING
12:41:21 INFO  State of operation 20046267 : EXECUTING
12:41:23 INFO  State of operation 20046267 : EXECUTING
12:41:25 INFO  State of operation 20046267 : EXECUTING
12:41:28 INFO  State of operation 20046267 : EXECUTING
12:41:31 INFO  State of operation 20046267 : EXECUTING
12:41:33 INFO  State of operation 20046267 : EXECUTING
12:41:35 INFO  State of operation 20046267 : EXECUTING
12:41:38 INFO  State of operation 20046267 : EXECUTING
12:41:40 INFO  State of operation 20046267 : EXECUTING
12:41:43 INFO  State of operation 20046267 : EXECUTING
12:41:45 INFO  State of operation 20046267 : EXECUTING
12:41:48 INFO  State of operation 20046267 : EXECUTING
12:41:50 INFO  State of operation 20046267 : EXECUTING
12:41:52 WARN  SystemError occurred while running test - Timeout while waiting for status SUCCESSFUL or False
Traceback (most recent call last):
  File "/home/pi/env-pysys/lib/python3.7/site-packages/pysys/baserunner.py", line 1294, in __call__
    self.testObj.execute()
  File "/home/pi/actions-runner/_work/thin-edge.io/thin-edge.io/tests/PySys/software_management_end_to_end/sm_apt_install_remove_multiple_mixed/run.py", line 89, in execute
    self.wait_until_succcess()
  File "/home/pi/actions-runner/_work/thin-edge.io/thin-edge.io/tests/PySys/software_management_end_to_end/environment_sm_management.py", line 324, in wait_until_succcess
    self.wait_until_status("SUCCESSFUL")
  File "/home/pi/actions-runner/_work/thin-edge.io/thin-edge.io/tests/PySys/software_management_end_to_end/environment_sm_management.py", line 381, in wait_until_status
    "Timeout while waiting for status %s or %s" % (status, status2)
SystemError: Timeout while waiting for status SUCCESSFUL or False
12:41:52 WARN  SystemError: Timeout while waiting for status SUCCESSFUL or False ... blocked 
12:41:52 INFO  
12:41:52 INFO  cleanup:
12:41:56 INFO  Executed sudo&lt;tedge_disconnect_c8y&gt;, exit status 0
12:41:57 INFO  Executed systemctl&lt;serv_mapper5&gt;, exit status 3
12:41:57 INFO  
12:41:57 INFO  Test duration: 180.82 secs
12:41:57 INFO  Test final outcome:  BLOCKED
12:41:57 INFO  Test outcome reason: SystemError: Timeout while waiting for status SUCCESSFUL or False (+1 other failures)
12:41:57 INFO  
</system-out>
	</testcase>
</testsuite><testsuite name="SoftwareManagement.sm_apt_install_remove_with_version" tests="3" errors="0" failures="0" skipped="1" time="0"><testcase classname="PySysTest" name="SoftwareManagement.sm_apt_install_remove_with_version">
		<skipped message="SKIPPED: Testing the apt plugin is not supported on this platform.Use parameter -XmyPlatform='container' to enable it" />
		<system-out>11:36:39 INFO  ==============================================================
11:36:39 INFO  Id:    SoftwareManagement.sm_apt_install_remove_with_version
11:36:39 INFO  Dir:   software_management_end_to_end/
11:36:39 INFO  Title: Validate end to end behaviour for the apt plugin for packages with version
11:36:39 INFO  ==============================================================
11:36:39 INFO  Testing the apt plugin is not supported on this platform.Use parameter -XmyPlatform='container' to enable it ... skipped
11:36:39 WARN  Aborted test due to SKIPPED outcome
11:36:39 INFO  
11:36:39 INFO  Test duration: 0.02 secs
11:36:39 INFO  Test final outcome:  SKIPPED
11:36:39 INFO  Test outcome reason: Testing the apt plugin is not supported on this platform.Use parameter -XmyPlatform='container' to enable it
11:36:39 INFO  
</system-out>
	</testcase>
<testcase classname="PySysTest" name="SoftwareManagement.sm_apt_install_remove_with_version" />
<testcase classname="PySysTest" name="SoftwareManagement.sm_apt_install_remove_with_version" />
</testsuite><testsuite name="SoftwareManagement.sm_docker_install_remove_multiple" tests="3" errors="0" failures="0" skipped="1" time="0"><testcase classname="SMDockerInstallRemove" name="SoftwareManagement.sm_docker_install_remove_multiple">
		<skipped message="SKIPPED: Testing the apt plugin is not supported on this platform.Use parameter -XmyPlatform='container' to enable it" />
		<system-out>11:36:39 INFO  ==============================================================
11:36:39 INFO  Id:    SoftwareManagement.sm_docker_install_remove_multiple
11:36:39 INFO  Dir:   software_management_end_to_end/
11:36:39 INFO  Title: Validate end to end behaviour for the docker plugin for multiple docker images with mixed versions
11:36:39 INFO  ==============================================================
11:36:39 INFO  Testing the apt plugin is not supported on this platform.Use parameter -XmyPlatform='container' to enable it ... skipped
11:36:39 WARN  Aborted test due to SKIPPED outcome
11:36:39 INFO  
11:36:39 INFO  Test duration: 0.02 secs
11:36:39 INFO  Test final outcome:  SKIPPED
11:36:39 INFO  Test outcome reason: Testing the apt plugin is not supported on this platform.Use parameter -XmyPlatform='container' to enable it
11:36:39 INFO  
</system-out>
	</testcase>
<testcase classname="SMDockerInstallRemove" name="SoftwareManagement.sm_docker_install_remove_multiple" />
<testcase classname="SMDockerInstallRemove" name="SoftwareManagement.sm_docker_install_remove_multiple" />
</testsuite><testsuite name="SoftwareManagement.sm_fake_install_remove" tests="2" errors="0" failures="0" skipped="1" time="0"><testcase classname="PySysTest" name="SoftwareManagement.sm_fake_install_remove">
		<skipped message="SKIPPED: Testing the fake plugin is not enabled.Use parameter -Xfakeplugin=fakeplugin to enable it" />
		<system-out>11:36:39 INFO  ==============================================================
11:36:39 INFO  Id:    SoftwareManagement.sm_fake_install_remove
11:36:39 INFO  Dir:   software_management_end_to_end/
11:36:39 INFO  Title: Validate end to end behaviour for the dummy plugin for installation and removal of packages
11:36:39 INFO  ==============================================================
11:36:39 INFO  Testing the fake plugin is not enabled.Use parameter -Xfakeplugin=fakeplugin to enable it ... skipped
11:36:39 WARN  Aborted test due to SKIPPED outcome
11:36:39 INFO  
11:36:39 INFO  Test duration: 0.02 secs
11:36:39 INFO  Test final outcome:  SKIPPED
11:36:39 INFO  Test outcome reason: Testing the fake plugin is not enabled.Use parameter -Xfakeplugin=fakeplugin to enable it
11:36:39 INFO  
</system-out>
	</testcase>
<testcase classname="PySysTest" name="SoftwareManagement.sm_fake_install_remove" />
</testsuite><testsuite name="SoftwareManagement.sm_fake_install_remove_multiple" tests="2" errors="0" failures="0" skipped="1" time="0"><testcase classname="PySysTest" name="SoftwareManagement.sm_fake_install_remove_multiple">
		<skipped message="SKIPPED: Testing the fake plugin is not enabled.Use parameter -Xfakeplugin=fakeplugin to enable it" />
		<system-out>11:36:39 INFO  ==============================================================
11:36:39 INFO  Id:    SoftwareManagement.sm_fake_install_remove_multiple
11:36:39 INFO  Dir:   software_management_end_to_end/
11:36:39 INFO  Title: Validate end to end behaviour for the dummy-plugin for multiple packages
11:36:39 INFO  ==============================================================
11:36:39 INFO  Testing the fake plugin is not enabled.Use parameter -Xfakeplugin=fakeplugin to enable it ... skipped
11:36:39 WARN  Aborted test due to SKIPPED outcome
11:36:39 INFO  
11:36:39 INFO  Test duration: 0.02 secs
11:36:39 INFO  Test final outcome:  SKIPPED
11:36:39 INFO  Test outcome reason: Testing the fake plugin is not enabled.Use parameter -Xfakeplugin=fakeplugin to enable it
11:36:39 INFO  
</system-out>
	</testcase>
<testcase classname="PySysTest" name="SoftwareManagement.sm_fake_install_remove_multiple" />
</testsuite><testsuite name="SoftwareManagement.sm_mapper_fail_and_reconnect" tests="2" errors="0" failures="0" skipped="2" time="0"><testcase classname="MapperC8yReceiveLastMessageOnRestart" name="SoftwareManagement.sm_mapper_fail_and_reconnect">
		<skipped message="SKIPPED: instable https://github.com/thin-edge/thin-edge.io/issues/752" />
		<system-out>11:36:39 INFO  ==============================================================
11:36:39 INFO  Id:    SoftwareManagement.sm_mapper_fail_and_reconnect
11:36:39 INFO  Dir:   software_management_end_to_end/
11:36:39 INFO  Title: Validate the tedge-mapper-sm-c8y for receiving the last message on restart
11:36:39 INFO  ==============================================================
11:36:39 INFO  instable https://github.com/thin-edge/thin-edge.io/issues/752 ... skipped
11:36:39 INFO  
11:36:39 INFO  Test duration: 0.02 secs
11:36:39 INFO  Test final outcome:  SKIPPED
11:36:39 INFO  Test outcome reason: instable https://github.com/thin-edge/thin-edge.io/issues/752
11:36:39 INFO  
</system-out>
	</testcase>
<testcase classname="MapperC8yReceiveLastMessageOnRestart" name="SoftwareManagement.sm_mapper_fail_and_reconnect">
		<skipped message="SKIPPED: instable https://github.com/thin-edge/thin-edge.io/issues/752" />
		<system-out>12:48:43 INFO  ==============================================================
12:48:43 INFO  Id:    SoftwareManagement.sm_mapper_fail_and_reconnect
12:48:43 INFO  Dir:   software_management_end_to_end/
12:48:43 INFO  Title: Validate the tedge-mapper-sm-c8y for receiving the last message on restart
12:48:43 INFO  ==============================================================
12:48:43 INFO  instable https://github.com/thin-edge/thin-edge.io/issues/752 ... skipped
12:48:43 INFO  
12:48:43 INFO  Test duration: 0.08 secs
12:48:43 INFO  Test final outcome:  SKIPPED
12:48:43 INFO  Test outcome reason: instable https://github.com/thin-edge/thin-edge.io/issues/752
12:48:43 INFO  
</system-out>
	</testcase>
</testsuite><testsuite name="SoftwareManagement.sm_mixed_install_remove_multiple" tests="2" errors="0" failures="1" skipped="1" time="0"><testcase classname="PySysTest" name="SoftwareManagement.sm_mixed_install_remove_multiple">
		<skipped message="SKIPPED: Testing the fake plugin is not enabled.Use parameter -Xfakeplugin=fakeplugin to enable it" />
		<system-out>11:36:39 INFO  ==============================================================
11:36:39 INFO  Id:    SoftwareManagement.sm_mixed_install_remove_multiple
11:36:39 INFO  Dir:   software_management_end_to_end/
11:36:39 INFO  Title: Validate end to end behaviour for the dummy-plugin for multiple packages with mixed versions
11:36:39 INFO  ==============================================================
11:36:39 INFO  Testing the fake plugin is not enabled.Use parameter -Xfakeplugin=fakeplugin to enable it ... skipped
11:36:39 WARN  Aborted test due to SKIPPED outcome
11:36:39 INFO  
11:36:39 INFO  Test duration: 0.03 secs
11:36:39 INFO  Test final outcome:  SKIPPED
11:36:39 INFO  Test outcome reason: Testing the fake plugin is not enabled.Use parameter -Xfakeplugin=fakeplugin to enable it
11:36:39 INFO  
</system-out>
	</testcase>
[...]
11:24:56 INFO  Executed sudo&lt;rm_tmp_logs&gt;, exit status 0
11:24:57 INFO  Executed sudo&lt;send_failed&gt;, exit status 0
11:24:57 INFO  Executed sudo&lt;log_file_daemon&gt;, exit status 0
11:25:01 INFO  Executed sudo&lt;tedge_disconnect_c8y&gt;, exit status 0
11:25:02 INFO  Executed systemctl&lt;serv_mapper5&gt;, exit status 3
11:25:02 INFO  
11:25:02 INFO  Test duration: 27.16 secs
11:25:02 INFO  Test final outcome:  BLOCKED
11:25:02 INFO  Test outcome reason: TypeError: 'NoneType' object is not subscriptable
11:25:02 INFO  
</system-out>
	</testcase>
</testsuite><testsuite name="log_request_num_lines" tests="1" errors="0" failures="1" skipped="0" time="0"><testcase classname="LogRequestVerifyNumberOfLines" name="log_request_num_lines">
		<failure message="BLOCKED: TypeError: 'NoneType' object is not subscriptable" type="BLOCKED" />
		<system-out>11:25:02 INFO  ==============================================================
11:25:02 INFO  Id:    log_request_num_lines
11:25:02 INFO  Dir:   log_request_end_to_end/
11:25:02 INFO  Title: Validate end to end behaviour for the log request operation check for number of lines
11:25:02 INFO  ==============================================================
11:25:02 INFO  EnvironmentC8y Setup
11:25:03 INFO  Executed systemctl&lt;serv_mapper1&gt;, exit status 3
11:25:03 INFO  Restarting mosquitto too frequently in the last 10 seconds. It was only up for 5 seconds
11:25:03 INFO  Delaying execution by 6 seconds
11:25:24 INFO  Executed sudo&lt;tedge_connect_c8y&gt;, exit status 0, duration 15 secs
11:25:25 INFO  Executed sudo&lt;tedge_connect_c8y_test&gt;, exit status 0
11:25:25 INFO  Executed systemctl&lt;serv_mosq2&gt;, exit status 0
11:25:26 INFO  Executed systemctl&lt;serv_mapper3&gt;, exit status 0
11:25:26 INFO  Executed sudo&lt;rm_logs&gt;, exit status 0
11:25:27 INFO  Executed sudo&lt;move_logs&gt;, exit status 0
11:25:27 INFO  Executed sudo&lt;log_file_daemon&gt;, exit status 0
11:25:28 WARN  TypeError occurred while running test - 'NoneType' object is not subscriptable
Traceback (most recent call last):
  File "/home/pi/env-pysys/lib/python3.7/site-packages/pysys/baserunner.py", line 1294, in __call__
    self.testObj.execute()
  File "/home/pi/actions-runner/_work/thin-edge.io/thin-edge.io/tests/PySys/log_request_end_to_end/log_request_num_lines/run.py", line 46, in execute
    log_file_request_payload, self.project.deviceid
  File "/home/pi/actions-runner/_work/thin-edge.io/thin-edge.io/tests/PySys/environments/cumulocity.py", line 101, in trigger_log_request
    "deviceId": self.device_fragment["id"],
TypeError: 'NoneType' object is not subscriptable
11:25:28 WARN  TypeError: 'NoneType' object is not subscriptable ... blocked 
11:25:28 INFO  
11:25:28 INFO  cleanup:
11:25:29 INFO  Executed sudo&lt;rm_logs&gt;, exit status 0
11:25:30 INFO  Executed sudo&lt;rm_tmp_logs&gt;, exit status 0
11:25:30 INFO  Executed sudo&lt;send_failed&gt;, exit status 0
11:25:31 INFO  Executed sudo&lt;log_file_daemon&gt;, exit status 0
11:25:35 INFO  Executed sudo&lt;tedge_disconnect_c8y&gt;, exit status 0
11:25:35 INFO  Executed systemctl&lt;serv_mapper5&gt;, exit status 3
11:25:35 INFO  
11:25:35 INFO  Test duration: 33.31 secs
11:25:35 INFO  Test final outcome:  BLOCKED
11:25:35 INFO  Test outcome reason: TypeError: 'NoneType' object is not subscriptable
11:25:35 INFO  
</system-out>
	</testcase>
</testsuite><testsuite name="mapper_awaits_before_reconnect" tests="1" errors="0" failures="1" skipped="0" time="0"><testcase classname="MapperReconnectAwait" name="mapper_awaits_before_reconnect">
		<failure message="FAILED: Line count on tedge_mapper_journal.out for &quot;tedge_mapper::core::mapper: MQTT connection error:&quot; expected &gt;=2 but got 0" type="FAILED" />
		<system-out>11:39:45 INFO  ==============================================================
11:39:45 INFO  Id:    mapper_awaits_before_reconnect
11:39:45 INFO  Dir:   tedge_mapper_c8y/
11:39:45 INFO  Title: Validate mapper doesn't reconnect too often
11:39:45 INFO  ==============================================================
11:39:45 INFO  Started mosquitto_sub with process id 27262
11:39:45 INFO  Waiting for 0.1 seconds
11:39:46 INFO  Executed sudo&lt;tedge_mapper&gt;, exit status 0
11:39:46 INFO  Waiting for 5.0 seconds
11:39:52 INFO  Executed sudo&lt;tedge_mapper&gt;, exit status 0
11:39:56 INFO  Executed sudo&lt;tedge_mapper_journal&gt;, exit status 0
11:39:56 WARN  Grep on tedge_mapper_journal.out contains "ERROR" ... failed [run.py:67]
11:39:56 INFO  Line count on file tedge_mapper_journal.out ... passed
11:39:56 WARN  Line count on tedge_mapper_journal.out for "tedge_mapper::core::mapper: MQTT connection error:" expected &gt;=2 but got 0 ... failed [run.py:78]
11:39:56 WARN  Aborted test due to FAILED outcome
11:39:56 INFO  
11:39:56 INFO  Test duration: 10.39 secs
11:39:56 INFO  Test final outcome:  FAILED
11:39:56 INFO  Test outcome reason: Line count on tedge_mapper_journal.out for "tedge_mapper::core::mapper: MQTT connection error:" expected &gt;=2 but got 0
11:39:56 INFO  
</system-out>
	</testcase>
</testsuite><testsuite name="monitoring_smaller_interval" tests="1" errors="0" failures="1" skipped="0" time="0"><testcase classname="MonitoringSmallInterval" name="monitoring_smaller_interval">
		<failure message="BLOCKED: TypeError: 'int' object is not subscriptable" type="BLOCKED" />
		<system-out>11:26:38 INFO  ==============================================================
11:26:38 INFO  Id:    monitoring_smaller_interval
11:26:38 INFO  Dir:   monitoring/
11:26:38 INFO  Title: Validate the tedge dm agent messages that are produced with smaller sampling interval than the batching window. Here the simulated collectd messages are used
11:26:38 INFO  ==============================================================
11:26:39 INFO  Executed sudo&lt;collectd&gt;, exit status 0
11:26:39 INFO  Executed sudo&lt;collectd_mapper&gt;, exit status 0
11:26:39 INFO  Started sudo&lt;tedge_sub&gt; with process id 23410
11:26:40 INFO  Executed sudo&lt;tedge_temp&gt;, exit status 0
11:26:40 INFO  Executed sudo&lt;tedge_pres&gt;, exit status 0
11:26:41 INFO  Executed sudo&lt;tedge_temp&gt;, exit status 0
11:26:42 INFO  Executed sudo&lt;tedge_pres&gt;, exit status 0
11:26:42 INFO  Executed sudo&lt;tedge_temp&gt;, exit status 0
11:26:43 INFO  Executed sudo&lt;tedge_pres&gt;, exit status 0
11:26:44 INFO  Executed sudo&lt;tedge_temp&gt;, exit status 0
11:26:44 INFO  Executed sudo&lt;tedge_pres&gt;, exit status 0
11:26:45 INFO  Executed sudo&lt;tedge_temp&gt;, exit status 0
11:26:45 INFO  Executed sudo&lt;tedge_pres&gt;, exit status 0
11:26:46 INFO  Executed sudo&lt;tedge_temp&gt;, exit status 0
11:26:46 INFO  Executed sudo&lt;tedge_pres&gt;, exit status 0
11:26:47 INFO  Executed sudo&lt;tedge_temp&gt;, exit status 0
11:26:48 INFO  Executed sudo&lt;tedge_pres&gt;, exit status 0
11:26:48 INFO  Executed sudo&lt;tedge_temp&gt;, exit status 0
11:26:49 INFO  Executed sudo&lt;tedge_pres&gt;, exit status 0
11:26:49 INFO  Executed sudo&lt;tedge_temp&gt;, exit status 0
11:26:50 INFO  Executed sudo&lt;tedge_pres&gt;, exit status 0
11:26:50 INFO  Executed sudo&lt;tedge_temp&gt;, exit status 0
11:26:51 INFO  Executed sudo&lt;tedge_pres&gt;, exit status 0
11:26:53 INFO  Executed sudo&lt;kill_out&gt;, exit status 0
11:26:53 INFO  0

11:26:53 WARN  TypeError occurred while running test - 'int' object is not subscriptable
Traceback (most recent call last):
  File "/home/pi/env-pysys/lib/python3.7/site-packages/pysys/baserunner.py", line 1296, in __call__
    self.testObj.validate()
  File "/home/pi/actions-runner/_work/thin-edge.io/thin-edge.io/tests/PySys/monitoring/monitoring_smaller_interval/run.py", line 104, in validate
    collectd_msg_validation_result=self.validate_json(),
  File "/home/pi/actions-runner/_work/thin-edge.io/thin-edge.io/tests/PySys/monitoring/monitoring_smaller_interval/run.py", line 114, in validate_json
    if not self.validate_time():
  File "/home/pi/actions-runner/_work/thin-edge.io/thin-edge.io/tests/PySys/monitoring/monitoring_smaller_interval/run.py", line 134, in validate_time
    if self.js_msg["time"]:
TypeError: 'int' object is not subscriptable
11:26:53 WARN  TypeError: 'int' object is not subscriptable ... blocked 
11:26:53 INFO  
11:26:53 INFO  cleanup:
11:26:53 INFO  monitoring_cleanup
11:26:53 INFO  Executed sudo&lt;collectd_mapper&gt;, exit status 0
11:26:53 INFO  
11:26:53 INFO  Test duration: 15.19 secs
11:26:53 INFO  Test final outcome:  BLOCKED
11:26:53 INFO  Test outcome reason: TypeError: 'int' object is not subscriptable
11:26:53 INFO  
</system-out>
	</testcase>
</testsuite><testsuite name="monitoring_with_collectd" tests="1" errors="0" failures="0" skipped="1" time="0"><testcase classname="MonitoringWithCollectd" name="monitoring_with_collectd">
		<skipped message="SKIPPED: Test execution disabled due to #792 (instable)" />
		<system-out>11:26:53 INFO  ==============================================================
11:26:53 INFO  Id:    monitoring_with_collectd
11:26:53 INFO  Dir:   monitoring/
11:26:53 INFO  Title: Validate tedge dm agent messages that are produced by batching the collectd messages
11:26:53 INFO  ==============================================================
11:26:53 INFO  Test execution disabled due to #792 (instable) ... skipped
11:26:53 INFO  
11:26:53 INFO  Test duration: 0.02 secs
11:26:53 INFO  Test final outcome:  SKIPPED
11:26:53 INFO  Test outcome reason: Test execution disabled due to #792 (instable)
11:26:53 INFO  
</system-out>
	</testcase>
</testsuite><testsuite name="monitoring_with_simulated_messages" tests="1" errors="0" failures="1" skipped="0" time="0"><testcase classname="MonitoringWithSimulatedMessages" name="monitoring_with_simulated_messages">
		<failure message="BLOCKED: TypeError: 'int' object is not subscriptable" type="BLOCKED" />
		<system-out>11:26:53 INFO  ==============================================================
11:26:53 INFO  Id:    monitoring_with_simulated_messages
11:26:53 INFO  Dir:   monitoring/
11:26:53 INFO  Title: Validate the tedge dm agent messages that are produced from the simulated collectd messages
11:26:53 INFO  ==============================================================
11:26:54 INFO  Executed sudo&lt;collectd&gt;, exit status 0
11:26:54 INFO  Executed sudo&lt;collectd_mapper&gt;, exit status 0
11:26:55 INFO  Started sudo&lt;tedge_sub&gt; with process id 23475
11:26:55 INFO  Executed sudo&lt;tedge_temp&gt;, exit status 0
11:26:56 INFO  Executed sudo&lt;tedge_pres&gt;, exit status 0
11:26:57 INFO  Executed sudo&lt;kill_out&gt;, exit status 0
11:26:57 INFO  0

11:26:57 WARN  TypeError occurred while running test - 'int' object is not subscriptable
Traceback (most recent call last):
  File "/home/pi/env-pysys/lib/python3.7/site-packages/pysys/baserunner.py", line 1296, in __call__
    self.testObj.validate()
  File "/home/pi/actions-runner/_work/thin-edge.io/thin-edge.io/tests/PySys/monitoring/monitoring_with_simulated_messages/run.py", line 98, in validate
    collectd_msg_validation_result=self.validate_json(),
  File "/home/pi/actions-runner/_work/thin-edge.io/thin-edge.io/tests/PySys/monitoring/monitoring_with_simulated_messages/run.py", line 108, in validate_json
    if not self.validate_time():
  File "/home/pi/actions-runner/_work/thin-edge.io/thin-edge.io/tests/PySys/monitoring/monitoring_with_simulated_messages/run.py", line 127, in validate_time
    if self.js_msg["time"]:
TypeError: 'int' object is not subscriptable
11:26:57 WARN  TypeError: 'int' object is not subscriptable ... blocked 
11:26:57 INFO  
11:26:57 INFO  cleanup:
11:26:57 INFO  monitoring_cleanup
11:26:58 INFO  Executed sudo&lt;collectd_mapper&gt;, exit status 0
11:26:58 INFO  
11:26:58 INFO  Test duration: 4.48 secs
11:26:58 INFO  Test final outcome:  BLOCKED
11:26:58 INFO  Test outcome reason: TypeError: 'int' object is not subscriptable
11:26:58 INFO  
</system-out>
	</testcase>
</testsuite><testsuite name="mqtt_port_change_connection_fails" tests="1" errors="0" failures="0" skipped="0" time="0"><testcase classname="MqttPortChangeConnectionFails" name="mqtt_port_change_connection_fails" />
</testsuite><testsuite name="mqtt_port_change_connection_works" tests="1" errors="0" failures="0" skipped="1" time="0"><testcase classname="MqttPortChangeConnectionWorks" name="mqtt_port_change_connection_works">
		<skipped message="SKIPPED: failing intermitently" />
		<system-out>11:26:11 INFO  ==============================================================
11:26:11 INFO  Id:    mqtt_port_change_connection_works
11:26:11 INFO  Dir:   misc_features/
11:26:11 INFO  Title: mqtt port change connection works for all the thin-edge services that use the mosquitto broker
11:26:11 INFO  ==============================================================
11:26:11 INFO  failing intermitently ... skipped
11:26:11 INFO  
11:26:11 INFO  Test duration: 0.02 secs
11:26:11 INFO  Test final outcome:  SKIPPED
11:26:11 INFO  Test outcome reason: failing intermitently
11:26:11 INFO  
</system-out>
	</testcase>
</testsuite><testsuite name="publish_flux" tests="1" errors="0" failures="0" skipped="0" time="0"><testcase classname="PublishFlux" name="publish_flux" />
</testsuite><testsuite name="publish_sawmill" tests="1" errors="0" failures="0" skipped="0" time="0"><testcase classname="PublishSawmill" name="publish_sawmill" />
</testsuite><testsuite name="runtime_start_two_mappers" tests="1" errors="0" failures="0" skipped="0" time="0"><testcase classname="RuntimeMultiMappers" name="runtime_start_two_mappers" />
</testsuite><testsuite name="sm_tedge_mapper_init_session" tests="1" errors="0" failures="0" skipped="0" time="0"><testcase classname="TedgeSMMapperInitSession" name="sm_tedge_mapper_init_session" />
</testsuite><testsuite name="smoketest_json" tests="1" errors="0" failures="0" skipped="0" time="0"><testcase classname="SmokeTestJson" name="smoketest_json" />
</testsuite><testsuite name="smoketest_json_400_samples_10ms" tests="1" errors="0" failures="0" skipped="0" time="0"><testcase classname="SmoketestJson400Samples10ms" name="smoketest_json_400_samples_10ms" />
</testsuite><testsuite name="smoketest_json_400_samples_20ms" tests="1" errors="0" failures="0" skipped="0" time="0"><testcase classname="SmoketestJson400Samples20ms" name="smoketest_json_400_samples_20ms" />
</testsuite><testsuite name="smoketest_smartrest" tests="1" errors="0" failures="0" skipped="0" time="0"><testcase classname="SmoketestSmartRest" name="smoketest_smartrest" />
</testsuite><testsuite name="smoketest_smartrest_400_samples_1Xms" tests="1" errors="0" failures="0" skipped="0" time="0"><testcase classname="SmoketestSmartRest400Samples1Xms" name="smoketest_smartrest_400_samples_1Xms" />
</testsuite><testsuite name="smoketest_smartrest_400_samples_20ms" tests="1" errors="0" failures="0" skipped="0" time="0"><testcase classname="SmoketestSmartRest400Samples20ms" name="smoketest_smartrest_400_samples_20ms" />
</testsuite><testsuite name="tedge_agent_user_sudo_access" tests="1" errors="0" failures="0" skipped="1" time="0"><testcase classname="TedgeAgentUserSudoAccess" name="tedge_agent_user_sudo_access">
		<skipped message="SKIPPED: #955 Observation: Exit code of the apt plugin when called with no arguments" />
		<system-out>11:37:06 INFO  ==============================================================
11:37:06 INFO  Id:    tedge_agent_user_sudo_access
11:37:06 INFO  Dir:   tedge/
11:37:06 INFO  Title: Validate tedge-agent user has a limited sudo right
11:37:06 INFO  ==============================================================
11:37:06 INFO  #955 Observation: Exit code of the apt plugin when called with no arguments ... skipped
11:37:06 INFO  
11:37:06 INFO  Test duration: 0.02 secs
11:37:06 INFO  Test final outcome:  SKIPPED
11:37:06 INFO  Test outcome reason: #955 Observation: Exit code of the apt plugin when called with no arguments
11:37:06 INFO  
</system-out>
	</testcase>
</testsuite><testsuite name="tedge_connect_test_negative" tests="1" errors="0" failures="0" skipped="0" time="0"><testcase classname="TedgeConnectTestNegative" name="tedge_connect_test_negative" />
</testsuite><testsuite name="tedge_connect_test_positive" tests="1" errors="0" failures="0" skipped="0" time="0"><testcase classname="TedgeConnectTestPositive" name="tedge_connect_test_positive" />
</testsuite><testsuite name="tedge_connect_test_sm_services" tests="1" errors="0" failures="0" skipped="0" time="0"><testcase classname="TedgeConnectTestSMServices" name="tedge_connect_test_sm_services" />
</testsuite><testsuite name="tedge_disconnect_test_sm_services" tests="1" errors="0" failures="0" skipped="0" time="0"><testcase classname="TedgeDisConnectTestSMServices" name="tedge_disconnect_test_sm_services" />
</testsuite><testsuite name="tedge_mapper_az_negative" tests="1" errors="0" failures="0" skipped="0" time="0"><testcase classname="TedgeMapperAzError" name="tedge_mapper_az_negative" />
</testsuite><testsuite name="tedge_mapper_az_with_timestamp" tests="1" errors="0" failures="0" skipped="0" time="0"><testcase classname="TedgeMapperAzWithTimestamp" name="tedge_mapper_az_with_timestamp" />
</testsuite><testsuite name="tedge_mapper_az_without_timestamp" tests="1" errors="0" failures="0" skipped="0" time="0"><testcase classname="TedgeMapperAzWithoutTimestamp" name="tedge_mapper_az_without_timestamp" />
</testsuite><testsuite name="tedge_mapper_c8y_alarms" tests="1" errors="0" failures="0" skipped="0" time="0"><testcase classname="TedgeMapperC8yAlarm" name="tedge_mapper_c8y_alarms" />
</testsuite><testsuite name="tedge_mapper_c8y_child_device_measurement" tests="1" errors="0" failures="0" skipped="0" time="0"><testcase classname="TedgeMapperC8yChildDevice" name="tedge_mapper_c8y_child_device_measurement" />
</testsuite><testsuite name="tedge_mapper_c8y_packet_threshold_size" tests="1" errors="0" failures="1" skipped="0" time="0"><testcase classname="TedgeMapperC8yThresholdPacketSize" name="tedge_mapper_c8y_packet_threshold_size">
		<failure message="FAILED: Grep on tedge_sub.out contains &quot;The size of the message received on tedge/measurements is 20489 which is greater than the threshold size of 16184.&quot;" type="FAILED" />
		<system-out>11:41:35 INFO  ==============================================================
11:41:35 INFO  Id:    tedge_mapper_c8y_packet_threshold_size
11:41:35 INFO  Dir:   tedge_mapper_c8y/
11:41:35 INFO  Title: Validate the Cumulocity Mapper accepted threshold packet size when it receives a message on tedge/measurements
11:41:35 INFO  ==============================================================
11:41:35 INFO  Executed sudo&lt;tedge_mapper_c8y&gt;, exit status 0
11:41:35 INFO  Started sudo&lt;tedge_sub&gt; with process id 27860
11:41:36 INFO  Executed sudo&lt;tedge_msg&gt;, exit status 0
11:41:37 INFO  Executed sudo&lt;tedge_pub&gt;, exit status 0
11:41:37 INFO  Executed sudo&lt;kill_out&gt;, exit status 0
11:41:37 WARN  Grep on tedge_sub.out contains "The size of the message received on tedge/measurements is 20489 which is greater than the threshold size of 16184." ... failed [run.py:88]
11:41:37 INFO  
11:41:37 INFO  cleanup:
11:41:37 INFO  mapper_cleanup
11:41:38 INFO  Executed sudo&lt;tedge_mapper_c8y&gt;, exit status 0
11:41:38 INFO  
11:41:38 INFO  Test duration: 2.90 secs
11:41:38 INFO  Test final outcome:  FAILED
11:41:38 INFO  Test outcome reason: Grep on tedge_sub.out contains "The size of the message received on tedge/measurements is 20489 which is greater than the threshold size of 16184."
11:41:38 INFO  
</system-out>
	</testcase>
</testsuite><testsuite name="tedge_software_update" tests="1" errors="0" failures="0" skipped="0" time="0"><testcase classname="PySysTest" name="tedge_software_update" />
</testsuite><testsuite name="valid_device_id" tests="1" errors="0" failures="0" skipped="0" time="0"><testcase classname="ValidateValidDeviceId" name="valid_device_id" />
</testsuite></testsuites>