<?xml version='1.0' encoding='utf-8'?>
<testsuites tests="147" failures="24" errors="0" skipped="45" time="0.0"><testsuite name="SoftwareManagement.Plugin.apama_plugin_install" tests="3" errors="0" failures="2" skipped="1" time="0"><testcase classname="ApamaPluginInstallTest" name="SoftwareManagement.Plugin.apama_plugin_install">
		<skipped message="SKIPPED: Apama plugin tests are disabled by default. Execute `pysys run` with `-XmyPlatform=container` to run these tests" />
		<system-out>08:35:13 INFO  ==============================================================
08:35:13 INFO  Id:    SoftwareManagement.Plugin.apama_plugin_install
08:35:13 INFO  Dir:   plugin_apama/
08:35:13 INFO  Title: Validate apama plugin install
08:35:13 INFO  ==============================================================
08:35:13 INFO  Apama plugin tests are disabled by default. Execute `pysys run` with `-XmyPlatform=container` to run these tests ... skipped
08:35:13 WARN  Aborted test due to SKIPPED outcome
08:35:13 INFO  
08:35:13 INFO  Test duration: 0.05 secs
08:35:13 INFO  Test final outcome:  SKIPPED
08:35:13 INFO  Test outcome reason: Apama plugin tests are disabled by default. Execute `pysys run` with `-XmyPlatform=container` to run these tests
08:35:13 INFO  
</system-out>
	</testcase>
<testcase classname="ApamaPluginInstallTest" name="SoftwareManagement.Plugin.apama_plugin_install">
		<failure message="BLOCKED: sudo&lt;plugin_install&gt; returned non-zero exit code 2" type="BLOCKED" />
		<system-out>09:26:54 INFO  ==============================================================
09:26:54 INFO  Id:    SoftwareManagement.Plugin.apama_plugin_install
09:26:54 INFO  Dir:   plugin_apama/
09:26:54 INFO  Title: Validate apama plugin install
09:26:54 INFO  ==============================================================
09:26:54 INFO  Assertion that path exists=False for "/etc/tedge/apama/project" ... passed
09:27:08 WARN  Executed sudo&lt;plugin_install&gt;, exit status 2, duration 14 secs
09:27:08 INFO  Contents of plugin_install.err: 
  Failed to connect to remote component: Failed to connect to localhost:15903: Connection refused
  ERROR: Execution of `/opt/softwareag/Apama/bin/apama_env` failed with exit status exit status: 1
  -----

09:27:08 WARN  sudo&lt;plugin_install&gt; returned non-zero exit code 2 ... blocked [run.py:29]
09:27:08 WARN  Aborted test due to BLOCKED outcome
09:27:08 INFO  
09:27:08 INFO  cleanup:
09:27:08 INFO  Removing apama project
09:27:09 INFO  Executed sudo&lt;remove_apama_project&gt;, exit status 0
09:27:26 INFO  Executed sudo&lt;stop_apama_service&gt;, exit status 0, duration 17 secs
09:27:27 INFO  Executed sudo&lt;remove_apama_tmp_dir&gt;, exit status 0
09:27:27 INFO  
09:27:27 INFO  Test duration: 32.64 secs
09:27:27 INFO  Test final outcome:  BLOCKED
09:27:27 INFO  Test outcome reason: sudo&lt;plugin_install&gt; returned non-zero exit code 2
09:27:27 INFO  
</system-out>
	</testcase>
<testcase classname="ApamaPluginInstallTest" name="SoftwareManagement.Plugin.apama_plugin_install">
		<failure message="BLOCKED: sudo&lt;plugin_install&gt; returned non-zero exit code 2 (+2 other failures)" type="BLOCKED" />
		<system-out>09:34:55 INFO  ==============================================================
09:34:55 INFO  Id:    SoftwareManagement.Plugin.apama_plugin_install
09:34:55 INFO  Dir:   plugin_apama/
09:34:55 INFO  Title: Validate apama plugin install
09:34:55 INFO  ==============================================================
09:34:55 WARN  Assertion that path exists=False for "/etc/tedge/apama/project" ... failed 
09:34:56 WARN  Executed sudo&lt;plugin_install&gt;, exit status 2
09:34:56 INFO  Contents of plugin_install.err: 
  ERROR: Device or resource busy (os error 16)
  -----

09:34:56 WARN  sudo&lt;plugin_install&gt; returned non-zero exit code 2 ... blocked [run.py:29]
09:34:56 WARN  Aborted test due to BLOCKED outcome
09:34:56 INFO  
09:34:56 INFO  cleanup:
09:34:56 INFO  Removing apama project
09:34:56 WARN  Executed sudo&lt;remove_apama_project&gt;, exit status 1
09:34:56 INFO  Contents of remove_apama_project.err: 
  rm: cannot remove '/etc/tedge/apama/project/logs/.nfs0000000000160ef00000278f': Device or resource busy
  -----

09:34:56 ERROR Error while running cleanup function: 
Traceback (most recent call last):
  File "/home/pi/env-pysys/lib/python3.7/site-packages/pysys/process/user.py", line 1305, in cleanup
    fn()
  File "/home/pi/actions-runner/_work/thin-edge.io/thin-edge.io/tests/PySys/plugin_apama/environment_apama_plugin.py", line 144, in cleanup_project
    self.remove_project()
  File "/home/pi/actions-runner/_work/thin-edge.io/thin-edge.io/tests/PySys/plugin_apama/environment_apama_plugin.py", line 95, in remove_project
    stdouterr="remove_apama_project",
  File "/home/pi/env-pysys/lib/python3.7/site-packages/pysys/process/user.py", line 482, in startProcess
    abortOnError=abortOnError)
  File "/home/pi/env-pysys/lib/python3.7/site-packages/pysys/process/user.py", line 1401, in addOutcome
    self.abort(outcome, outcomeReason, callRecord)
  File "/home/pi/env-pysys/lib/python3.7/site-packages/pysys/process/user.py", line 1420, in abort
    raise AbortExecution(outcome, outcomeReason, callRecord)
pysys.exceptions.AbortExecution: sudo&lt;remove_apama_project&gt; returned non-zero exit code 1
09:34:56 WARN  Cleanup failed with 1 errors: Cleanup function failed: sudo&lt;remove_apama_project&gt; returned non-zero exit code 1 (AbortExecution) ... blocked 
09:34:56 INFO  
09:34:56 INFO  Test duration: 1.45 secs
09:34:56 INFO  Test final outcome:  BLOCKED
09:34:56 INFO  Test outcome reason: sudo&lt;plugin_install&gt; returned non-zero exit code 2 (+2 other failures)
09:34:56 INFO  
</system-out>
	</testcase>
</testsuite><testsuite name="SoftwareManagement.Plugin.apama_plugin_mon_support" tests="3" errors="0" failures="2" skipped="1" time="0"><testcase classname="ApamaPluginMonSupportTest" name="SoftwareManagement.Plugin.apama_plugin_mon_support">
		<skipped message="SKIPPED: Apama plugin tests are disabled by default. Execute `pysys run` with `-XmyPlatform=container` to run these tests" />
		<system-out>08:35:13 INFO  ==============================================================
08:35:13 INFO  Id:    SoftwareManagement.Plugin.apama_plugin_mon_support
08:35:13 INFO  Dir:   plugin_apama/
08:35:13 INFO  Title: Validate mon file support of apama plugin
08:35:13 INFO  ==============================================================
08:35:13 INFO  Apama plugin tests are disabled by default. Execute `pysys run` with `-XmyPlatform=container` to run these tests ... skipped
08:35:13 WARN  Aborted test due to SKIPPED outcome
08:35:13 INFO  
08:35:13 INFO  Test duration: 0.05 secs
08:35:13 INFO  Test final outcome:  SKIPPED
08:35:13 INFO  Test outcome reason: Apama plugin tests are disabled by default. Execute `pysys run` with `-XmyPlatform=container` to run these tests
08:35:13 INFO  
</system-out>
	</testcase>
<testcase classname="ApamaPluginMonSupportTest" name="SoftwareManagement.Plugin.apama_plugin_mon_support">
		<failure message="BLOCKED: sudo&lt;remove_apama_project&gt; returned non-zero exit code 1 (+1 other failures)" type="BLOCKED" />
		<system-out>09:27:27 INFO  ==============================================================
09:27:27 INFO  Id:    SoftwareManagement.Plugin.apama_plugin_mon_support
09:27:27 INFO  Dir:   plugin_apama/
09:27:27 INFO  Title: Validate mon file support of apama plugin
09:27:27 INFO  ==============================================================
09:27:27 INFO  Assertion that path exists=False for "/etc/tedge/apama/project" ... passed
09:27:27 INFO  Executed sudo&lt;create_project_dir&gt;, exit status 0
09:27:28 INFO  Executed sudo&lt;unzip_apama_project&gt;, exit status 0
09:27:28 INFO  Executed sudo&lt;move_apama_project&gt;, exit status 0
09:27:29 INFO  Executed sudo&lt;restart_apama_service&gt;, exit status 0
09:27:31 INFO  Executed sudo&lt;apama_correlator_wait&gt;, exit status 0
09:27:31 INFO  Executed sudo&lt;apama_list_monitors&gt;, exit status 0
09:27:31 INFO  Grep on file /home/pi/actions-runner/_work/thin-edge.io/thin-edge.io/tests/PySys/plugin_apama/apama_plugin_mon_support/Output/linux/apama_list_monitors.out ... passed
09:27:32 INFO  Executed sudo&lt;plugin_list_before_install&gt;, exit status 0
09:27:33 INFO  Executed sudo&lt;plugin_install&gt;, exit status 0
09:27:34 INFO  Executed sudo&lt;apama_correlator_wait&gt;, exit status 0
09:27:35 INFO  Executed sudo&lt;plugin_list_after_install&gt;, exit status 0
09:27:36 INFO  Executed sudo&lt;plugin_update&gt;, exit status 0
09:27:37 INFO  Executed sudo&lt;apama_correlator_wait&gt;, exit status 0
09:27:37 INFO  Executed sudo&lt;plugin_list_after_update&gt;, exit status 0
09:27:38 INFO  Executed sudo&lt;plugin_remove&gt;, exit status 0
09:27:39 INFO  Executed sudo&lt;plugin_list_after_remove&gt;, exit status 0
09:27:39 INFO  Grep on file plugin_list_before_install.out ... passed
09:27:39 INFO  Grep on file plugin_list_after_install.out ... passed
09:27:39 INFO  Grep on file plugin_list_after_update.out ... passed
09:27:39 INFO  Grep on file plugin_list_after_remove.out ... passed
09:27:39 INFO  
09:27:39 INFO  cleanup:
09:27:39 INFO  Removing apama project
09:27:39 WARN  Executed sudo&lt;remove_apama_project&gt;, exit status 1
09:27:39 INFO  Contents of remove_apama_project.err: 
  rm: cannot remove '/etc/tedge/apama/project/logs': Directory not empty
  -----

09:27:39 ERROR Error while running cleanup function: 
Traceback (most recent call last):
  File "/home/pi/env-pysys/lib/python3.7/site-packages/pysys/process/user.py", line 1305, in cleanup
    fn()
  File "/home/pi/actions-runner/_work/thin-edge.io/thin-edge.io/tests/PySys/plugin_apama/environment_apama_plugin.py", line 144, in cleanup_project
    self.remove_project()
  File "/home/pi/actions-runner/_work/thin-edge.io/thin-edge.io/tests/PySys/plugin_apama/environment_apama_plugin.py", line 95, in remove_project
    stdouterr="remove_apama_project",
  File "/home/pi/env-pysys/lib/python3.7/site-packages/pysys/process/user.py", line 482, in startProcess
    abortOnError=abortOnError)
  File "/home/pi/env-pysys/lib/python3.7/site-packages/pysys/process/user.py", line 1401, in addOutcome
    self.abort(outcome, outcomeReason, callRecord)
  File "/home/pi/env-pysys/lib/python3.7/site-packages/pysys/process/user.py", line 1420, in abort
    raise AbortExecution(outcome, outcomeReason, callRecord)
pysys.exceptions.AbortExecution: sudo&lt;remove_apama_project&gt; returned non-zero exit code 1
09:27:39 WARN  Cleanup failed with 1 errors: Cleanup function failed: sudo&lt;remove_apama_project&gt; returned non-zero exit code 1 (AbortExecution) ... blocked 
09:27:39 INFO  
09:27:39 INFO  Test duration: 12.65 secs
09:27:39 INFO  Test final outcome:  BLOCKED
09:27:39 INFO  Test outcome reason: sudo&lt;remove_apama_project&gt; returned non-zero exit code 1 (+1 other failures)
09:27:39 INFO  
</system-out>
	</testcase>
<testcase classname="ApamaPluginMonSupportTest" name="SoftwareManagement.Plugin.apama_plugin_mon_support">
		<failure message="BLOCKED: ProcessError: Error stopping process sudo&lt;unzip_apama_project&gt; (pid 6414) due to PermissionError: [Errno 1] Operation not permitted (+3 other failures)" type="BLOCKED" />
		<system-out>09:34:56 INFO  ==============================================================
09:34:56 INFO  Id:    SoftwareManagement.Plugin.apama_plugin_mon_support
09:34:56 INFO  Dir:   plugin_apama/
09:34:56 INFO  Title: Validate mon file support of apama plugin
09:34:56 INFO  ==============================================================
09:34:56 WARN  Assertion that path exists=False for "/etc/tedge/apama/project" ... failed 
09:34:57 INFO  Executed sudo&lt;create_project_dir&gt;, exit status 0
09:44:57 WARN  Process sudo&lt;unzip_apama_project&gt; (pid 6414) timed out after 600 seconds, stopping process
09:44:57 WARN  ProcessError occurred while running test - Error stopping process sudo&lt;unzip_apama_project&gt; (pid 6414) due to PermissionError: [Errno 1] Operation not permitted
Traceback (most recent call last):
  File "/home/pi/env-pysys/lib/python3.7/site-packages/pysys/process/user.py", line 465, in startProcess
    process.start()
  File "/home/pi/env-pysys/lib/python3.7/site-packages/pysys/process/__init__.py", line 282, in start
    self.wait(self.timeout)
  File "/home/pi/env-pysys/lib/python3.7/site-packages/pysys/process/__init__.py", line 263, in wait
    raise ProcessTimeout('Waiting for completion of %r timed out after %d seconds'%(self, int(timeout)))
pysys.exceptions.ProcessTimeout: Waiting for completion of sudo&lt;unzip_apama_project&gt; (pid 6414) timed out after 600 seconds

During handling of the above exception, another exception occurred:

Traceback (most recent call last):
  File "/home/pi/env-pysys/lib/python3.7/site-packages/pysys/process/plat-unix/helper.py", line 226, in stop
    os.kill(self.pid, sig)
PermissionError: [Errno 1] Operation not permitted

During handling of the above exception, another exception occurred:

Traceback (most recent call last):
  File "/home/pi/env-pysys/lib/python3.7/site-packages/pysys/baserunner.py", line 1292, in __call__
    self.testObj.setup()
  File "/home/pi/actions-runner/_work/thin-edge.io/thin-edge.io/tests/PySys/plugin_apama/apama_plugin_mon_support/run.py", line 19, in setup
    self.install_project(self.project.apama_input_dir + "/quickstart.zip")
  File "/home/pi/actions-runner/_work/thin-edge.io/thin-edge.io/tests/PySys/plugin_apama/environment_apama_plugin.py", line 72, in install_project
    stdouterr="unzip_apama_project",
  File "/home/pi/env-pysys/lib/python3.7/site-packages/pysys/process/user.py", line 493, in startProcess
    process.stop()
  File "/home/pi/env-pysys/lib/python3.7/site-packages/pysys/process/plat-unix/helper.py", line 252, in stop
    raise ProcessError("Error stopping process %r due to %s: %s"%(self, type(ex).__name__, ex))
pysys.exceptions.ProcessError: Error stopping process sudo&lt;unzip_apama_project&gt; (pid 6414) due to PermissionError: [Errno 1] Operation not permitted
09:44:57 WARN  ProcessError: Error stopping process sudo&lt;unzip_apama_project&gt; (pid 6414) due to PermissionError: [Errno 1] Operation not permitted ... blocked 
09:44:57 INFO  
09:44:57 INFO  cleanup:
09:44:57 INFO  Removing apama project
09:44:58 WARN  Executed sudo&lt;remove_apama_project&gt;, exit status 1
09:44:58 INFO  Contents of remove_apama_project.err: 
  rm: cannot remove '/etc/tedge/apama/project/logs/.nfs0000000000160ef00000278f': Device or resource busy
  -----

09:44:58 ERROR Error while running cleanup function: 
Traceback (most recent call last):
  File "/home/pi/env-pysys/lib/python3.7/site-packages/pysys/process/user.py", line 1305, in cleanup
    fn()
  File "/home/pi/actions-runner/_work/thin-edge.io/thin-edge.io/tests/PySys/plugin_apama/environment_apama_plugin.py", line 144, in cleanup_project
    self.remove_project()
  File "/home/pi/actions-runner/_work/thin-edge.io/thin-edge.io/tests/PySys/plugin_apama/environment_apama_plugin.py", line 95, in remove_project
    stdouterr="remove_apama_project",
  File "/home/pi/env-pysys/lib/python3.7/site-packages/pysys/process/user.py", line 482, in startProcess
    abortOnError=abortOnError)
  File "/home/pi/env-pysys/lib/python3.7/site-packages/pysys/process/user.py", line 1401, in addOutcome
    self.abort(outcome, outcomeReason, callRecord)
  File "/home/pi/env-pysys/lib/python3.7/site-packages/pysys/process/user.py", line 1420, in abort
    raise AbortExecution(outcome, outcomeReason, callRecord)
pysys.exceptions.AbortExecution: sudo&lt;remove_apama_project&gt; returned non-zero exit code 1
09:44:58 WARN  Cleanup failed with 1 errors: Cleanup function failed: sudo&lt;remove_apama_project&gt; returned non-zero exit code 1 (AbortExecution) ... blocked 
09:44:58 INFO  
09:44:58 INFO  Test duration: 601.25 secs
09:44:58 INFO  Test final outcome:  BLOCKED
09:44:58 INFO  Test outcome reason: ProcessError: Error stopping process sudo&lt;unzip_apama_project&gt; (pid 6414) due to PermissionError: [Errno 1] Operation not permitted (+3 other failures)
09:44:58 INFO  
</system-out>
	</testcase>
</testsuite><testsuite name="SoftwareManagement.Plugin.apama_plugin_remove" tests="3" errors="0" failures="2" skipped="1" time="0"><testcase classname="ApamaPluginRemoveTest" name="SoftwareManagement.Plugin.apama_plugin_remove">
		<skipped message="SKIPPED: Apama plugin tests are disabled by default. Execute `pysys run` with `-XmyPlatform=container` to run these tests" />
		<system-out>08:35:13 INFO  ==============================================================
08:35:13 INFO  Id:    SoftwareManagement.Plugin.apama_plugin_remove
08:35:13 INFO  Dir:   plugin_apama/
08:35:13 INFO  Title: Validate apama plugin remove
08:35:13 INFO  ==============================================================
08:35:13 INFO  Apama plugin tests are disabled by default. Execute `pysys run` with `-XmyPlatform=container` to run these tests ... skipped
08:35:13 WARN  Aborted test due to SKIPPED outcome
08:35:13 INFO  
08:35:13 INFO  Test duration: 0.02 secs
08:35:13 INFO  Test final outcome:  SKIPPED
08:35:13 INFO  Test outcome reason: Apama plugin tests are disabled by default. Execute `pysys run` with `-XmyPlatform=container` to run these tests
08:35:13 INFO  
</system-out>
	</testcase>
<testcase classname="ApamaPluginRemoveTest" name="SoftwareManagement.Plugin.apama_plugin_remove">
		<failure message="BLOCKED: sudo&lt;remove_apama_project&gt; returned non-zero exit code 1 (+2 other failures)" type="BLOCKED" />
		<system-out>09:27:39 INFO  ==============================================================
09:27:39 INFO  Id:    SoftwareManagement.Plugin.apama_plugin_remove
09:27:39 INFO  Dir:   plugin_apama/
09:27:39 INFO  Title: Validate apama plugin remove
09:27:39 INFO  ==============================================================
09:27:39 WARN  Assertion that path exists=False for "/etc/tedge/apama/project" ... failed 
09:27:39 WARN  Aborted test due to FAILED outcome
09:27:39 INFO  
09:27:39 INFO  cleanup:
09:27:39 INFO  Removing apama project
09:27:40 WARN  Executed sudo&lt;remove_apama_project&gt;, exit status 1
09:27:40 INFO  Contents of remove_apama_project.err: 
  rm: cannot remove '/etc/tedge/apama/project/logs/.nfs0000000000160ef00000278f': Device or resource busy
  -----

09:27:40 ERROR Error while running cleanup function: 
Traceback (most recent call last):
  File "/home/pi/env-pysys/lib/python3.7/site-packages/pysys/process/user.py", line 1305, in cleanup
    fn()
  File "/home/pi/actions-runner/_work/thin-edge.io/thin-edge.io/tests/PySys/plugin_apama/environment_apama_plugin.py", line 144, in cleanup_project
    self.remove_project()
  File "/home/pi/actions-runner/_work/thin-edge.io/thin-edge.io/tests/PySys/plugin_apama/environment_apama_plugin.py", line 95, in remove_project
    stdouterr="remove_apama_project",
  File "/home/pi/env-pysys/lib/python3.7/site-packages/pysys/process/user.py", line 482, in startProcess
    abortOnError=abortOnError)
  File "/home/pi/env-pysys/lib/python3.7/site-packages/pysys/process/user.py", line 1401, in addOutcome
    self.abort(outcome, outcomeReason, callRecord)
  File "/home/pi/env-pysys/lib/python3.7/site-packages/pysys/process/user.py", line 1420, in abort
    raise AbortExecution(outcome, outcomeReason, callRecord)
pysys.exceptions.AbortExecution: sudo&lt;remove_apama_project&gt; returned non-zero exit code 1
09:27:40 WARN  Cleanup failed with 1 errors: Cleanup function failed: sudo&lt;remove_apama_project&gt; returned non-zero exit code 1 (AbortExecution) ... blocked 
09:27:40 INFO  
09:27:40 INFO  Test duration: 0.63 secs
09:27:40 INFO  Test final outcome:  BLOCKED
09:27:40 INFO  Test outcome reason: sudo&lt;remove_apama_project&gt; returned non-zero exit code 1 (+2 other failures)
09:27:40 INFO  
</system-out>
	</testcase>
<testcase classname="ApamaPluginRemoveTest" name="SoftwareManagement.Plugin.apama_plugin_remove">
		<failure message="BLOCKED: sudo&lt;remove_apama_project&gt; returned non-zero exit code 1 (+2 other failures)" type="BLOCKED" />
		<system-out>09:44:58 INFO  ==============================================================
09:44:58 INFO  Id:    SoftwareManagement.Plugin.apama_plugin_remove
09:44:58 INFO  Dir:   plugin_apama/
09:44:58 INFO  Title: Validate apama plugin remove
09:44:58 INFO  ==============================================================
09:44:58 WARN  Assertion that path exists=False for "/etc/tedge/apama/project" ... failed 
09:44:58 WARN  Aborted test due to FAILED outcome
09:44:58 INFO  
09:44:58 INFO  cleanup:
09:44:58 INFO  Removing apama project
09:44:58 WARN  Executed sudo&lt;remove_apama_project&gt;, exit status 1
09:44:58 INFO  Contents of remove_apama_project.err: 
  rm: cannot remove '/etc/tedge/apama/project/logs/.nfs0000000000160ef00000278f': Device or resource busy
  -----

09:44:58 ERROR Error while running cleanup function: 
Traceback (most recent call last):
  File "/home/pi/env-pysys/lib/python3.7/site-packages/pysys/process/user.py", line 1305, in cleanup
    fn()
  File "/home/pi/actions-runner/_work/thin-edge.io/thin-edge.io/tests/PySys/plugin_apama/environment_apama_plugin.py", line 144, in cleanup_project
    self.remove_project()
  File "/home/pi/actions-runner/_work/thin-edge.io/thin-edge.io/tests/PySys/plugin_apama/environment_apama_plugin.py", line 95, in remove_project
    stdouterr="remove_apama_project",
  File "/home/pi/env-pysys/lib/python3.7/site-packages/pysys/process/user.py", line 482, in startProcess
    abortOnError=abortOnError)
  File "/home/pi/env-pysys/lib/python3.7/site-packages/pysys/process/user.py", line 1401, in addOutcome
    self.abort(outcome, outcomeReason, callRecord)
  File "/home/pi/env-pysys/lib/python3.7/site-packages/pysys/process/user.py", line 1420, in abort
    raise AbortExecution(outcome, outcomeReason, callRecord)
pysys.exceptions.AbortExecution: sudo&lt;remove_apama_project&gt; returned non-zero exit code 1
09:44:58 WARN  Cleanup failed with 1 errors: Cleanup function failed: sudo&lt;remove_apama_project&gt; returned non-zero exit code 1 (AbortExecution) ... blocked 
09:44:58 INFO  
09:44:58 INFO  Test duration: 0.65 secs
09:44:58 INFO  Test final outcome:  BLOCKED
09:44:58 INFO  Test outcome reason: sudo&lt;remove_apama_project&gt; returned non-zero exit code 1 (+2 other failures)
09:44:58 INFO  
</system-out>
	</testcase>
</testsuite><testsuite name="SoftwareManagement.Plugin.apama_plugin_update" tests="3" errors="0" failures="2" skipped="1" time="0"><testcase classname="ApamaPluginUpdateTest" name="SoftwareManagement.Plugin.apama_plugin_update">
		<skipped message="SKIPPED: Apama plugin tests are disabled by default. Execute `pysys run` with `-XmyPlatform=container` to run these tests" />
		<system-out>08:35:13 INFO  ==============================================================
08:35:13 INFO  Id:    SoftwareManagement.Plugin.apama_plugin_update
08:35:13 INFO  Dir:   plugin_apama/
08:35:13 INFO  Title: Validate apama plugin updating one project with another
08:35:13 INFO  ==============================================================
08:35:13 INFO  Apama plugin tests are disabled by default. Execute `pysys run` with `-XmyPlatform=container` to run these tests ... skipped
08:35:13 WARN  Aborted test due to SKIPPED outcome
08:35:13 INFO  
08:35:13 INFO  Test duration: 0.02 secs
08:35:13 INFO  Test final outcome:  SKIPPED
08:35:13 INFO  Test outcome reason: Apama plugin tests are disabled by default. Execute `pysys run` with `-XmyPlatform=container` to run these tests
08:35:13 INFO  
</system-out>
	</testcase>
<testcase classname="ApamaPluginUpdateTest" name="SoftwareManagement.Plugin.apama_plugin_update">
		<failure message="BLOCKED: sudo&lt;remove_apama_project&gt; returned non-zero exit code 1 (+2 other failures)" type="BLOCKED" />
		<system-out>09:27:40 INFO  ==============================================================
09:27:40 INFO  Id:    SoftwareManagement.Plugin.apama_plugin_update
09:27:40 INFO  Dir:   plugin_apama/
09:27:40 INFO  Title: Validate apama plugin updating one project with another
09:27:40 INFO  ==============================================================
09:27:40 WARN  Assertion that path exists=False for "/etc/tedge/apama/project" ... failed 
09:27:40 WARN  Aborted test due to FAILED outcome
09:27:40 INFO  
09:27:40 INFO  cleanup:
09:27:40 INFO  Removing apama project
09:27:41 WARN  Executed sudo&lt;remove_apama_project&gt;, exit status 1
09:27:41 INFO  Contents of remove_apama_project.err: 
  rm: cannot remove '/etc/tedge/apama/project/logs/.nfs0000000000160ef00000278f': Device or resource busy
  -----

09:27:41 ERROR Error while running cleanup function: 
Traceback (most recent call last):
  File "/home/pi/env-pysys/lib/python3.7/site-packages/pysys/process/user.py", line 1305, in cleanup
    fn()
  File "/home/pi/actions-runner/_work/thin-edge.io/thin-edge.io/tests/PySys/plugin_apama/environment_apama_plugin.py", line 144, in cleanup_project
    self.remove_project()
  File "/home/pi/actions-runner/_work/thin-edge.io/thin-edge.io/tests/PySys/plugin_apama/environment_apama_plugin.py", line 95, in remove_project
    stdouterr="remove_apama_project",
  File "/home/pi/env-pysys/lib/python3.7/site-packages/pysys/process/user.py", line 482, in startProcess
    abortOnError=abortOnError)
  File "/home/pi/env-pysys/lib/python3.7/site-packages/pysys/process/user.py", line 1401, in addOutcome
    self.abort(outcome, outcomeReason, callRecord)
  File "/home/pi/env-pysys/lib/python3.7/site-packages/pysys/process/user.py", line 1420, in abort
    raise AbortExecution(outcome, outcomeReason, callRecord)
pysys.exceptions.AbortExecution: sudo&lt;remove_apama_project&gt; returned non-zero exit code 1
09:27:41 WARN  Cleanup failed with 1 errors: Cleanup function failed: sudo&lt;remove_apama_project&gt; returned non-zero exit code 1 (AbortExecution) ... blocked 
09:27:41 INFO  
09:27:41 INFO  Test duration: 0.64 secs
09:27:41 INFO  Test final outcome:  BLOCKED
09:27:41 INFO  Test outcome reason: sudo&lt;remove_apama_project&gt; returned non-zero exit code 1 (+2 other failures)
09:27:41 INFO  
</system-out>
	</testcase>
<testcase classname="ApamaPluginUpdateTest" name="SoftwareManagement.Plugin.apama_plugin_update">
		<failure message="BLOCKED: sudo&lt;remove_apama_project&gt; returned non-zero exit code 1 (+2 other failures)" type="BLOCKED" />
		<system-out>09:44:58 INFO  ==============================================================
09:44:58 INFO  Id:    SoftwareManagement.Plugin.apama_plugin_update
09:44:58 INFO  Dir:   plugin_apama/
09:44:58 INFO  Title: Validate apama plugin updating one project with another
09:44:58 INFO  ==============================================================
09:44:58 WARN  Assertion that path exists=False for "/etc/tedge/apama/project" ... failed 
09:44:58 WARN  Aborted test due to FAILED outcome
09:44:58 INFO  
09:44:58 INFO  cleanup:
09:44:58 INFO  Removing apama project
09:44:59 WARN  Executed sudo&lt;remove_apama_project&gt;, exit status 1
09:44:59 INFO  Contents of remove_apama_project.err: 
  rm: cannot remove '/etc/tedge/apama/project/logs/.nfs0000000000160ef00000278f': Device or resource busy
  -----

09:44:59 ERROR Error while running cleanup function: 
Traceback (most recent call last):
  File "/home/pi/env-pysys/lib/python3.7/site-packages/pysys/process/user.py", line 1305, in cleanup
    fn()
  File "/home/pi/actions-runner/_work/thin-edge.io/thin-edge.io/tests/PySys/plugin_apama/environment_apama_plugin.py", line 144, in cleanup_project
    self.remove_project()
  File "/home/pi/actions-runner/_work/thin-edge.io/thin-edge.io/tests/PySys/plugin_apama/environment_apama_plugin.py", line 95, in remove_project
    stdouterr="remove_apama_project",
  File "/home/pi/env-pysys/lib/python3.7/site-packages/pysys/process/user.py", line 482, in startProcess
    abortOnError=abortOnError)
  File "/home/pi/env-pysys/lib/python3.7/site-packages/pysys/process/user.py", line 1401, in addOutcome
    self.abort(outcome, outcomeReason, callRecord)
  File "/home/pi/env-pysys/lib/python3.7/site-packages/pysys/process/user.py", line 1420, in abort
    raise AbortExecution(outcome, outcomeReason, callRecord)
pysys.exceptions.AbortExecution: sudo&lt;remove_apama_project&gt; returned non-zero exit code 1
09:44:59 WARN  Cleanup failed with 1 errors: Cleanup function failed: sudo&lt;remove_apama_project&gt; returned non-zero exit code 1 (AbortExecution) ... blocked 
09:44:59 INFO  
09:44:59 INFO  Test duration: 0.71 secs
09:44:59 INFO  Test final outcome:  BLOCKED
09:44:59 INFO  Test outcome reason: sudo&lt;remove_apama_project&gt; returned non-zero exit code 1 (+2 other failures)
09:44:59 INFO  
</system-out>
	</testcase>
</testsuite><testsuite name="SoftwareManagement.sm_apt_install_download_path" tests="3" errors="0" failures="2" skipped="1" time="0"><testcase classname="AptInstallWithDownloadPath" name="SoftwareManagement.sm_apt_install_download_path">
		<skipped message="SKIPPED: Testing the apt plugin is not supported on this platform.Use parameter -XmyPlatform='container' to enable it" />
		<system-out>08:46:24 INFO  ==============================================================
08:46:24 INFO  Id:    SoftwareManagement.sm_apt_install_download_path
08:46:24 INFO  Dir:   software_management_end_to_end/
08:46:24 INFO  Title: Install package to directory specified in tedge config set tmp.path
08:46:24 INFO  ==============================================================
08:46:24 INFO  Testing the apt plugin is not supported on this platform.Use parameter -XmyPlatform='container' to enable it ... skipped
08:46:24 WARN  Aborted test due to SKIPPED outcome
08:46:24 INFO  
08:46:24 INFO  Test duration: 0.06 secs
08:46:24 INFO  Test final outcome:  SKIPPED
08:46:24 INFO  Test outcome reason: Testing the apt plugin is not supported on this platform.Use parameter -XmyPlatform='container' to enable it
08:46:24 INFO  
</system-out>
	</testcase>
<testcase classname="AptInstallWithDownloadPath" name="SoftwareManagement.sm_apt_install_download_path">
		<failure message="BLOCKED: AssertionError:" type="BLOCKED" />
		<system-out>09:10:09 INFO  ==============================================================
09:10:09 INFO  Id:    SoftwareManagement.sm_apt_install_download_path
09:10:09 INFO  Dir:   software_management_end_to_end/
09:10:09 INFO  Title: Install package to directory specified in tedge config set tmp.path
09:10:09 INFO  ==============================================================
09:10:09 INFO  Using sw id database: {'asciijump': '5475369', 'robotfindskitten': '5474869', 'squirrel3': '5475279', 'rolldice': '5152439', 'moon-buggy': '5439204', 'apple': '5495053', 'banana': '5494888', 'cherry': '5495382', 'watermelon': '5494510', 'registry': '8018911', 'hello-world': '8021526', 'docker/getting-started': '8021973', 'alpine': '7991792'}
09:10:09 INFO  EnvironmentC8y Setup
09:10:09 INFO  Executed systemctl&lt;serv_mapper1&gt;, exit status 3
09:10:24 INFO  Executed sudo&lt;tedge_connect_c8y&gt;, exit status 0, duration 14 secs
09:10:26 INFO  Executed sudo&lt;tedge_connect_c8y_test&gt;, exit status 0
09:10:27 INFO  Executed systemctl&lt;serv_mosq2&gt;, exit status 0
09:10:27 INFO  Executed systemctl&lt;serv_mapper3&gt;, exit status 0
09:10:30 INFO  State of current operation: SUCCESSFUL
09:10:30 INFO  Assert that (False == value) with value=False ... passed
09:10:30 INFO  Executed sudo, exit status 0
09:10:31 INFO  Executed sudo, exit status 0
09:10:31 INFO  Executed sudo, exit status 0
09:10:35 INFO  Executed sudo&lt;tedge_disconnect_c8y&gt;, exit status 0
09:10:35 INFO  Restarting mosquitto too frequently in the last 10 seconds. It was only up for 3 seconds
09:10:35 INFO  Delaying execution by 8 seconds
09:10:57 INFO  Executed sudo&lt;tedge_connect_c8y&gt;, exit status 0, duration 13 secs
09:10:58 INFO  Response status: 201
09:10:58 INFO  Response to action: {
    "creationTime": "2022-04-27T09:10:58.034Z",
    "deviceName": "m32sd10d",
    "deviceId": "17731194",
    "self": "https://t493319102.eu-latest.cumulocity.com/devicecontrol/operations/17757465",
    "id": "17757465",
    "status": "PENDING",
    "description": "Apply software changes, triggered from PySys: [{'name': 'rolldice', 'id': '5152439', 'version': '::apt', 'url': 'https://thin-edge-io.eu-latest.cumulocity.com/inventory/binaries/12435463', 'action': 'install'}]",
    "c8y_SoftwareUpdate": [
        {
            "name": "rolldice",
            "action": "install",
            "id": "5152439",
            "version": "::apt",
            "url": "https://thin-edge-io.eu-latest.cumulocity.com/inventory/binaries/12435463"
        }
    ]
}
09:10:58 INFO  Started operation: {'creationTime': '2022-04-27T09:10:58.034Z', 'deviceName': 'm32sd10d', 'deviceId': '17731194', 'self': 'https://t493319102.eu-latest.cumulocity.com/devicecontrol/operations/17757465', 'id': '17757465', 'status': 'PENDING', 'description': "Apply software changes, triggered from PySys: [{'name': 'rolldice', 'id': '5152439', 'version': '::apt', 'url': 'https://thin-edge-io.eu-latest.cumulocity.com/inventory/binaries/12435463', 'action': 'install'}]", 'c8y_SoftwareUpdate': [{'name': 'rolldice', 'action': 'install', 'id': '5152439', 'version': '::apt', 'url': 'https://thin-edge-io.eu-latest.cumulocity.com/inventory/binaries/12435463'}]}
09:10:58 WARN  , retrying in 0.5 seconds...
09:10:58 WARN  , retrying in 0.5 seconds...
09:10:59 WARN  , retrying in 0.5 seconds...
09:10:59 WARN  , retrying in 0.5 seconds...
09:11:00 WARN  , retrying in 0.5 seconds...
09:11:00 WARN  , retrying in 0.5 seconds...
09:11:01 WARN  , retrying in 0.5 seconds...
09:11:01 WARN  , retrying in 0.5 seconds...
09:11:02 WARN  , retrying in 0.5 seconds...
09:11:02 WARN  AssertionError occurred while running test - 
Traceback (most recent call last):
  File "/home/pi/env-pysys/lib/python3.7/site-packages/pysys/baserunner.py", line 1294, in __call__
    self.testObj.execute()
  File "/home/pi/actions-runner/_work/thin-edge.io/thin-edge.io/tests/PySys/software_management_end_to_end/sm_apt_install_download_path/run.py", line 83, in execute
    assert_install_in_download_path(install_directory=self.DOWNLOAD_DIR)
  File "/home/pi/env-pysys/lib/python3.7/site-packages/decorator.py", line 232, in fun
    return caller(func, *(extras + args), **kw)
  File "/home/pi/env-pysys/lib/python3.7/site-packages/retry/api.py", line 74, in retry_decorator
    logger)
  File "/home/pi/env-pysys/lib/python3.7/site-packages/retry/api.py", line 33, in __retry_internal
    return f()
  File "/home/pi/actions-runner/_work/thin-edge.io/thin-edge.io/tests/PySys/software_management_end_to_end/sm_apt_install_download_path/run.py", line 28, in assert_install_in_download_path
    assert "rolldice" in os.listdir(f"{install_directory}")
AssertionError
09:11:03 WARN  AssertionError: ... blocked 
09:11:03 INFO  
09:11:03 INFO  cleanup:
09:11:03 INFO  Executed sudo, exit status 0
09:11:04 INFO  Executed sudo, exit status 0
09:11:08 INFO  Executed sudo&lt;tedge_disconnect_c8y&gt;, exit status 0
09:11:08 INFO  Restarting mosquitto too frequently in the last 10 seconds. It was only up for 3 seconds
09:11:08 INFO  Delaying execution by 8 seconds
09:11:30 INFO  Executed sudo&lt;tedge_connect_c8y&gt;, exit status 0, duration 13 secs
09:11:34 INFO  Executed sudo&lt;tedge_disconnect_c8y&gt;, exit status 0
09:11:35 INFO  Executed systemctl&lt;serv_mapper5&gt;, exit status 3
09:11:35 INFO  
09:11:35 INFO  Test duration: 86.19 secs
09:11:35 INFO  Test final outcome:  BLOCKED
09:11:35 INFO  Test outcome reason: AssertionError:
09:11:35 INFO  
</system-out>
	</testcase>
<testcase classname="AptInstallWithDownloadPath" name="SoftwareManagement.sm_apt_install_download_path">
		<failure message="BLOCKED: AssertionError:" type="BLOCKED" />
		<system-out>09:44:59 INFO  ==============================================================
09:44:59 INFO  Id:    SoftwareManagement.sm_apt_install_download_path
09:44:59 INFO  Dir:   software_management_end_to_end/
09:44:59 INFO  Title: Install package to directory specified in tedge config set tmp.path
09:44:59 INFO  ==============================================================
09:45:01 INFO  Using sw id database: {'asciijump': '5475369', 'robotfindskitten': '5474869', 'squirrel3': '5475279', 'rolldice': '5152439', 'moon-buggy': '5439204', 'apple': '5495053', 'banana': '5494888', 'cherry': '5495382', 'watermelon': '5494510', 'registry': '8018911', 'hello-world': '8021526', 'docker/getting-started': '8021973', 'alpine': '7991792'}
09:45:01 INFO  EnvironmentC8y Setup
09:45:01 INFO  Executed systemctl&lt;serv_mapper1&gt;, exit status 3
09:45:15 INFO  Executed sudo&lt;tedge_connect_c8y&gt;, exit status 0, duration 13 secs
09:45:16 INFO  Executed sudo&lt;tedge_connect_c8y_test&gt;, exit status 0
09:45:16 INFO  Executed systemctl&lt;serv_mosq2&gt;, exit status 0
09:45:17 INFO  Executed systemctl&lt;serv_mapper3&gt;, exit status 0
09:45:19 INFO  State of current operation: SUCCESSFUL
09:45:19 INFO  Assert that (False == value) with value=False ... passed
09:45:20 INFO  Executed sudo, exit status 0
09:45:20 INFO  Executed sudo, exit status 0
09:45:21 INFO  Executed sudo, exit status 0
09:45:25 INFO  Executed sudo&lt;tedge_disconnect_c8y&gt;, exit status 0
09:45:25 INFO  Restarting mosquitto too frequently in the last 10 seconds. It was only up for 3 seconds
09:45:25 INFO  Delaying execution by 8 seconds
09:45:47 INFO  Executed sudo&lt;tedge_connect_c8y&gt;, exit status 0, duration 13 secs
09:45:47 INFO  Response status: 201
09:45:47 INFO  Response to action: {
    "creationTime": "2022-04-27T09:45:47.531Z",
    "deviceName": "m32sd10d",
    "deviceId": "17731194",
    "self": "https://t493319102.eu-latest.cumulocity.com/devicecontrol/operations/17757621",
    "id": "17757621",
    "status": "PENDING",
    "description": "Apply software changes, triggered from PySys: [{'name': 'rolldice', 'id': '5152439', 'version': '::apt', 'url': 'https://thin-edge-io.eu-latest.cumulocity.com/inventory/binaries/12435463', 'action': 'install'}]",
    "c8y_SoftwareUpdate": [
        {
            "name": "rolldice",
            "action": "install",
            "id": "5152439",
            "version": "::apt",
            "url": "https://thin-edge-io.eu-latest.cumulocity.com/inventory/binaries/12435463"
        }
    ]
}
09:45:47 INFO  Started operation: {'creationTime': '2022-04-27T09:45:47.531Z', 'deviceName': 'm32sd10d', 'deviceId': '17731194', 'self': 'https://t493319102.eu-latest.cumulocity.com/devicecontrol/operations/17757621', 'id': '17757621', 'status': 'PENDING', 'description': "Apply software changes, triggered from PySys: [{'name': 'rolldice', 'id': '5152439', 'version': '::apt', 'url': 'https://thin-edge-io.eu-latest.cumulocity.com/inventory/binaries/12435463', 'action': 'install'}]", 'c8y_SoftwareUpdate': [{'name': 'rolldice', 'action': 'install', 'id': '5152439', 'version': '::apt', 'url': 'https://thin-edge-io.eu-latest.cumulocity.com/inventory/binaries/12435463'}]}
09:45:47 WARN  , retrying in 0.5 seconds...
09:45:48 WARN  , retrying in 0.5 seconds...
09:45:48 WARN  , retrying in 0.5 seconds...
09:45:49 WARN  , retrying in 0.5 seconds...
09:45:49 WARN  , retrying in 0.5 seconds...
09:45:50 WARN  , retrying in 0.5 seconds...
09:45:50 WARN  , retrying in 0.5 seconds...
09:45:51 WARN  , retrying in 0.5 seconds...
09:45:51 WARN  , retrying in 0.5 seconds...
09:45:52 WARN  AssertionError occurred while running test - 
Traceback (most recent call last):
  File "/home/pi/env-pysys/lib/python3.7/site-packages/pysys/baserunner.py", line 1294, in __call__
    self.testObj.execute()
  File "/home/pi/actions-runner/_work/thin-edge.io/thin-edge.io/tests/PySys/software_management_end_to_end/sm_apt_install_download_path/run.py", line 83, in execute
    assert_install_in_download_path(install_directory=self.DOWNLOAD_DIR)
  File "/home/pi/env-pysys/lib/python3.7/site-packages/decorator.py", line 232, in fun
    return caller(func, *(extras + args), **kw)
  File "/home/pi/env-pysys/lib/python3.7/site-packages/retry/api.py", line 74, in retry_decorator
    logger)
  File "/home/pi/env-pysys/lib/python3.7/site-packages/retry/api.py", line 33, in __retry_internal
    return f()
  File "/home/pi/actions-runner/_work/thin-edge.io/thin-edge.io/tests/PySys/software_management_end_to_end/sm_apt_install_download_path/run.py", line 28, in assert_install_in_download_path
    assert "rolldice" in os.listdir(f"{install_directory}")
AssertionError
09:45:52 WARN  AssertionError: ... blocked 
09:45:52 INFO  
09:45:52 INFO  cleanup:
09:45:52 INFO  Executed sudo, exit status 0
09:45:53 INFO  Executed sudo, exit status 0
09:45:57 INFO  Executed sudo&lt;tedge_disconnect_c8y&gt;, exit status 0
09:45:57 INFO  Restarting mosquitto too frequently in the last 10 seconds. It was only up for 3 seconds
09:45:57 INFO  Delaying execution by 8 seconds
09:46:19 INFO  Executed sudo&lt;tedge_connect_c8y&gt;, exit status 0, duration 13 secs
09:46:24 INFO  Executed sudo&lt;tedge_disconnect_c8y&gt;, exit status 0
09:46:24 INFO  Executed systemctl&lt;serv_mapper5&gt;, exit status 3
09:46:24 INFO  
09:46:24 INFO  Test duration: 85.06 secs
09:46:24 INFO  Test final outcome:  BLOCKED
09:46:24 INFO  Test outcome reason: AssertionError:
09:46:24 INFO  
</system-out>
	</testcase>
</testsuite><testsuite name="SoftwareManagement.sm_apt_install_fail" tests="3" errors="0" failures="0" skipped="1" time="0"><testcase classname="PySysTest" name="SoftwareManagement.sm_apt_install_fail">
		<skipped message="SKIPPED: Testing the apt plugin is not supported on this platform.Use parameter -XmyPlatform='container' to enable it" />
		<system-out>08:46:24 INFO  ==============================================================
08:46:24 INFO  Id:    SoftwareManagement.sm_apt_install_fail
08:46:24 INFO  Dir:   software_management_end_to_end/
08:46:24 INFO  Title: Validate end to end behaviour for a failing installation
08:46:24 INFO  ==============================================================
08:46:24 INFO  Testing the apt plugin is not supported on this platform.Use parameter -XmyPlatform='container' to enable it ... skipped
08:46:24 WARN  Aborted test due to SKIPPED outcome
08:46:24 INFO  
08:46:24 INFO  Test duration: 0.02 secs
08:46:24 INFO  Test final outcome:  SKIPPED
08:46:24 INFO  Test outcome reason: Testing the apt plugin is not supported on this platform.Use parameter -XmyPlatform='container' to enable it
08:46:24 INFO  
</system-out>
	</testcase>
<testcase classname="PySysTest" name="SoftwareManagement.sm_apt_install_fail" />
<testcase classname="PySysTest" name="SoftwareManagement.sm_apt_install_fail" />
</testsuite><testsuite name="SoftwareManagement.sm_apt_install_remove" tests="3" errors="0" failures="0" skipped="1" time="0"><testcase classname="PySysTest" name="SoftwareManagement.sm_apt_install_remove">
		<skipped message="SKIPPED: Testing the apt plugin is not supported on this platform.Use parameter -XmyPlatform='container' to enable it" />
		<system-out>08:46:24 INFO  ==============================================================
08:46:24 INFO  Id:    SoftwareManagement.sm_apt_install_remove
08:46:24 INFO  Dir:   software_management_end_to_end/
08:46:24 INFO  Title: Validate end to end behaviour for the apt plugin for installation and removal of packages
08:46:24 INFO  ==============================================================
08:46:24 INFO  Testing the apt plugin is not supported on this platform.Use parameter -XmyPlatform='container' to enable it ... skipped
08:46:24 WARN  Aborted test due to SKIPPED outcome
08:46:24 INFO  
08:46:24 INFO  Test duration: 0.02 secs
08:46:24 INFO  Test final outcome:  SKIPPED
08:46:24 INFO  Test outcome reason: Testing the apt plugin is not supported on this platform.Use parameter -XmyPlatform='container' to enable it
08:46:24 INFO  
</system-out>
	</testcase>
<testcase classname="PySysTest" name="SoftwareManagement.sm_apt_install_remove" />
<testcase classname="PySysTest" name="SoftwareManagement.sm_apt_install_remove" />
</testsuite><testsuite name="SoftwareManagement.sm_apt_install_remove_default" tests="3" errors="0" failures="0" skipped="1" time="0"><testcase classname="PySysTest" name="SoftwareManagement.sm_apt_install_remove_default">
		<skipped message="SKIPPED: Testing the apt plugin is not supported on this platform.Use parameter -XmyPlatform='container' to enable it" />
		<system-out>08:46:24 INFO  ==============================================================
08:46:24 INFO  Id:    SoftwareManagement.sm_apt_install_remove_default
08:46:24 INFO  Dir:   software_management_end_to_end/
08:46:24 INFO  Title: Validate end to end behaviour for the default plugin for installation and removal of packages
08:46:24 INFO  ==============================================================
08:46:24 INFO  Testing the apt plugin is not supported on this platform.Use parameter -XmyPlatform='container' to enable it ... skipped
08:46:24 WARN  Aborted test due to SKIPPED outcome
08:46:24 INFO  
08:46:24 INFO  Test duration: 0.02 secs
08:46:24 INFO  Test final outcome:  SKIPPED
08:46:24 INFO  Test outcome reason: Testing the apt plugin is not supported on this platform.Use parameter -XmyPlatform='container' to enable it
08:46:24 INFO  
</system-out>
	</testcase>
<testcase classname="PySysTest" name="SoftwareManagement.sm_apt_install_remove_default" />
<testcase classname="PySysTest" name="SoftwareManagement.sm_apt_install_remove_default" />
</testsuite><testsuite name="SoftwareManagement.sm_apt_install_remove_multiple" tests="3" errors="0" failures="2" skipped="1" time="0"><testcase classname="PySysTest" name="SoftwareManagement.sm_apt_install_remove_multiple">
		<skipped message="SKIPPED: Testing the apt plugin is not supported on this platform.Use parameter -XmyPlatform='container' to enable it" />
		<system-out>08:46:24 INFO  ==============================================================
08:46:24 INFO  Id:    SoftwareManagement.sm_apt_install_remove_multiple
08:46:24 INFO  Dir:   software_management_end_to_end/
08:46:24 INFO  Title: Validate end to end behaviour for the apt plugin for multiple packages
08:46:24 INFO  ==============================================================
08:46:24 INFO  Testing the apt plugin is not supported on this platform.Use parameter -XmyPlatform='container' to enable it ... skipped
08:46:24 WARN  Aborted test due to SKIPPED outcome
08:46:24 INFO  
08:46:24 INFO  Test duration: 0.02 secs
08:46:24 INFO  Test final outcome:  SKIPPED
08:46:24 INFO  Test outcome reason: Testing the apt plugin is not supported on this platform.Use parameter -XmyPlatform='container' to enable it
08:46:24 INFO  
</system-out>
	</testcase>
<testcase classname="PySysTest" name="SoftwareManagement.sm_apt_install_remove_multiple">
		<failure message="FAILED: Assert that (False == value) with value=True" type="FAILED" />
		<system-out>09:18:22 INFO  ==============================================================
09:18:22 INFO  Id:    SoftwareManagement.sm_apt_install_remove_multiple
09:18:22 INFO  Dir:   software_management_end_to_end/
09:18:22 INFO  Title: Validate end to end behaviour for the apt plugin for multiple packages
09:18:22 INFO  ==============================================================
09:18:22 INFO  Using sw id database: {'asciijump': '5475369', 'robotfindskitten': '5474869', 'squirrel3': '5475279', 'rolldice': '5152439', 'moon-buggy': '5439204', 'apple': '5495053', 'banana': '5494888', 'cherry': '5495382', 'watermelon': '5494510', 'registry': '8018911', 'hello-world': '8021526', 'docker/getting-started': '8021973', 'alpine': '7991792'}
09:18:22 INFO  EnvironmentC8y Setup
09:18:23 INFO  Executed systemctl&lt;serv_mapper1&gt;, exit status 3
09:18:23 INFO  Restarting mosquitto too frequently in the last 10 seconds. It was only up for 5 seconds
09:18:23 INFO  Delaying execution by 6 seconds
09:18:43 INFO  Executed sudo&lt;tedge_connect_c8y&gt;, exit status 0, duration 13 secs
09:18:43 INFO  Executed sudo&lt;tedge_connect_c8y_test&gt;, exit status 0
09:18:44 INFO  Executed systemctl&lt;serv_mosq2&gt;, exit status 0
09:18:44 INFO  Executed systemctl&lt;serv_mapper3&gt;, exit status 0
09:18:46 INFO  State of current operation: SUCCESSFUL
09:18:47 INFO  Assert that (False == value) with value=False ... passed
09:18:47 INFO  Assert that (False == value) with value=False ... passed
09:18:47 INFO  Assert that (False == value) with value=False ... passed
09:18:47 INFO  Package robotfindskitten is installed
09:18:47 WARN  Assert that (False == value) with value=True ... failed 
09:18:48 INFO  Response status: 201
09:18:48 INFO  Response to action: {
    "creationTime": "2022-04-27T09:18:48.041Z",
    "deviceName": "m32sd10d",
    "deviceId": "17731194",
    "self": "https://t493319102.eu-latest.cumulocity.com/devicecontrol/operations/17757538",
    "id": "17757538",
    "status": "PENDING",
    "description": "Apply software changes, triggered from PySys: [{'action': 'install', 'id': '5475369', 'name': 'asciijump', 'url': ' ', 'version': '::apt'}, {'action': 'install', 'id': '5474869', 'name': 'robotfindskitten', 'url': ' ', 'version': '::apt'}, {'action': 'install', 'id': '5475279', 'name': 'squirrel3', 'url': ' ', 'version': '::apt'}]",
    "c8y_SoftwareUpdate": [
        {
            "name": "asciijump",
            "action": "install",
            "id": "5475369",
            "version": "::apt",
            "url": " "
        },
        {
            "name": "robotfindskitten",
            "action": "install",
            "id": "5474869",
            "version": "::apt",
            "url": " "
        },
        {
            "name": "squirrel3",
            "action": "install",
            "id": "5475279",
            "version": "::apt",
            "url": " "
        }
    ]
}
09:18:48 INFO  Started operation: {'creationTime': '2022-04-27T09:18:48.041Z', 'deviceName': 'm32sd10d', 'deviceId': '17731194', 'self': 'https://t493319102.eu-latest.cumulocity.com/devicecontrol/operations/17757538', 'id': '17757538', 'status': 'PENDING', 'description': "Apply software changes, triggered from PySys: [{'action': 'install', 'id': '5475369', 'name': 'asciijump', 'url': ' ', 'version': '::apt'}, {'action': 'install', 'id': '5474869', 'name': 'robotfindskitten', 'url': ' ', 'version': '::apt'}, {'action': 'install', 'id': '5475279', 'name': 'squirrel3', 'url': ' ', 'version': '::apt'}]", 'c8y_SoftwareUpdate': [{'name': 'asciijump', 'action': 'install', 'id': '5475369', 'version': '::apt', 'url': ' '}, {'name': 'robotfindskitten', 'action': 'install', 'id': '5474869', 'version': '::apt', 'url': ' '}, {'name': 'squirrel3', 'action': 'install', 'id': '5475279', 'version': '::apt', 'url': ' '}]}
09:18:50 INFO  State of operation 17757538 : PENDING
09:18:52 INFO  State of operation 17757538 : EXECUTING
09:18:54 INFO  State of operation 17757538 : EXECUTING
09:18:56 INFO  State of operation 17757538 : EXECUTING
09:18:59 INFO  State of operation 17757538 : EXECUTING
09:19:01 INFO  State of operation 17757538 : EXECUTING
09:19:03 INFO  State of operation 17757538 : EXECUTING
09:19:06 INFO  State of operation 17757538 : EXECUTING
09:19:09 INFO  State of operation 17757538 : EXECUTING
09:19:11 INFO  State of operation 17757538 : EXECUTING
09:19:13 INFO  State of operation 17757538 : EXECUTING
09:19:15 INFO  State of operation 17757538 : EXECUTING
09:19:18 INFO  State of operation 17757538 : EXECUTING
09:19:20 INFO  State of operation 17757538 : EXECUTING
09:19:22 INFO  State of operation 17757538 : EXECUTING
09:19:24 INFO  State of operation 17757538 : EXECUTING
09:19:27 INFO  State of operation 17757538 : EXECUTING
09:19:29 INFO  State of operation 17757538 : EXECUTING
09:19:32 INFO  State of operation 17757538 : EXECUTING
09:19:34 INFO  State of operation 17757538 : EXECUTING
09:19:36 INFO  State of operation 17757538 : EXECUTING
09:19:38 INFO  State of operation 17757538 : EXECUTING
09:19:41 INFO  State of operation 17757538 : EXECUTING
09:19:43 INFO  State of operation 17757538 : EXECUTING
09:19:46 INFO  State of operation 17757538 : EXECUTING
09:19:48 INFO  State of operation 17757538 : EXECUTING
09:19:50 INFO  State of operation 17757538 : EXECUTING
09:19:53 INFO  State of operation 17757538 : EXECUTING
09:19:55 INFO  State of operation 17757538 : EXECUTING
09:19:57 INFO  State of operation 17757538 : EXECUTING
09:20:00 INFO  State of operation 17757538 : EXECUTING
09:20:02 INFO  State of operation 17757538 : EXECUTING
09:20:04 INFO  State of operation 17757538 : EXECUTING
09:20:06 INFO  State of operation 17757538 : EXECUTING
09:20:08 INFO  State of operation 17757538 : SUCCESSFUL
09:20:09 INFO  Assert that (False == value) with value=False ... passed
09:20:09 INFO  Package asciijump is installed
09:20:09 INFO  Assert that (True == value) with value=True ... passed
09:20:09 INFO  Package squirrel3 is installed
09:20:09 INFO  Assert that (True == value) with value=True ... passed
09:20:09 INFO  Package robotfindskitten is installed
09:20:09 INFO  Assert that (True == value) with value=True ... passed
09:20:10 INFO  Response status: 201
09:20:10 INFO  Response to action: {
    "creationTime": "2022-04-27T09:20:09.972Z",
    "deviceName": "m32sd10d",
    "deviceId": "17731194",
    "self": "https://t493319102.eu-latest.cumulocity.com/devicecontrol/operations/17757548",
    "id": "17757548",
    "status": "PENDING",
    "description": "Apply software changes, triggered from PySys: [{'action': 'delete', 'id': '5475369', 'name': 'asciijump', 'url': ' ', 'version': '::apt'}, {'action': 'delete', 'id': '5474869', 'name': 'robotfindskitten', 'url': ' ', 'version': '::apt'}, {'action': 'delete', 'id': '5475279', 'name': 'squirrel3', 'url': ' ', 'version': '::apt'}]",
    "c8y_SoftwareUpdate": [
        {
            "name": "asciijump",
            "action": "delete",
            "id": "5475369",
            "version": "::apt",
            "url": " "
        },
        {
            "name": "robotfindskitten",
            "action": "delete",
            "id": "5474869",
            "version": "::apt",
            "url": " "
        },
        {
            "name": "squirrel3",
            "action": "delete",
            "id": "5475279",
            "version": "::apt",
            "url": " "
        }
    ]
}
09:20:10 INFO  Started operation: {'creationTime': '2022-04-27T09:20:09.972Z', 'deviceName': 'm32sd10d', 'deviceId': '17731194', 'self': 'https://t493319102.eu-latest.cumulocity.com/devicecontrol/operations/17757548', 'id': '17757548', 'status': 'PENDING', 'description': "Apply software changes, triggered from PySys: [{'action': 'delete', 'id': '5475369', 'name': 'asciijump', 'url': ' ', 'version': '::apt'}, {'action': 'delete', 'id': '5474869', 'name': 'robotfindskitten', 'url': ' ', 'version': '::apt'}, {'action': 'delete', 'id': '5475279', 'name': 'squirrel3', 'url': ' ', 'version': '::apt'}]", 'c8y_SoftwareUpdate': [{'name': 'asciijump', 'action': 'delete', 'id': '5475369', 'version': '::apt', 'url': ' '}, {'name': 'robotfindskitten', 'action': 'delete', 'id': '5474869', 'version': '::apt', 'url': ' '}, {'name': 'squirrel3', 'action': 'delete', 'id': '5475279', 'version': '::apt', 'url': ' '}]}
09:20:12 INFO  State of operation 17757548 : PENDING
09:20:14 INFO  State of operation 17757548 : EXECUTING
09:20:16 INFO  State of operation 17757548 : EXECUTING
09:20:18 INFO  State of operation 17757548 : EXECUTING
09:20:21 INFO  State of operation 17757548 : EXECUTING
09:20:23 INFO  State of operation 17757548 : EXECUTING
09:20:26 INFO  State of operation 17757548 : EXECUTING
09:20:29 INFO  State of operation 17757548 : EXECUTING
09:20:31 INFO  State of operation 17757548 : EXECUTING
09:20:33 INFO  State of operation 17757548 : EXECUTING
09:20:35 INFO  State of operation 17757548 : EXECUTING
09:20:38 INFO  State of operation 17757548 : EXECUTING
09:20:40 INFO  State of operation 17757548 : EXECUTING
09:20:42 INFO  State of operation 17757548 : EXECUTING
09:20:44 INFO  State of operation 17757548 : EXECUTING
09:20:47 INFO  State of operation 17757548 : EXECUTING
09:20:49 INFO  State of operation 17757548 : EXECUTING
09:20:52 INFO  State of operation 17757548 : EXECUTING
09:20:54 INFO  State of operation 17757548 : EXECUTING
09:20:57 INFO  State of operation 17757548 : EXECUTING
09:20:59 INFO  State of operation 17757548 : EXECUTING
09:21:01 INFO  State of operation 17757548 : EXECUTING
09:21:03 INFO  State of operation 17757548 : EXECUTING
09:21:06 INFO  State of operation 17757548 : EXECUTING
09:21:08 INFO  State of operation 17757548 : EXECUTING
09:21:11 INFO  State of operation 17757548 : EXECUTING
09:21:13 INFO  State of operation 17757548 : EXECUTING
09:21:15 INFO  State of operation 17757548 : SUCCESSFUL
09:21:16 INFO  Assert that (False == value) with value=False ... passed
09:21:16 INFO  Assert that (False == value) with value=False ... passed
09:21:16 INFO  Assert that (False == value) with value=False ... passed
09:21:16 INFO  Assert that (False == value) with value=False ... passed
09:21:16 INFO  
09:21:16 INFO  cleanup:
09:21:20 INFO  Executed sudo&lt;tedge_disconnect_c8y&gt;, exit status 0
09:21:21 INFO  Executed systemctl&lt;serv_mapper5&gt;, exit status 3
09:21:21 INFO  
09:21:21 INFO  Test duration: 178.51 secs
09:21:21 INFO  Test final outcome:  FAILED
09:21:21 INFO  Test outcome reason: Assert that (False == value) with value=True
09:21:21 INFO  
</system-out>
	</testcase>
<testcase classname="PySysTest" name="SoftwareManagement.sm_apt_install_remove_multiple">
		<failure message="FAILED: Assert that (False == value) with value=True (+2 other failures)" type="FAILED" />
		<system-out>09:53:03 INFO  ==============================================================
09:53:03 INFO  Id:    SoftwareManagement.sm_apt_install_remove_multiple
09:53:03 INFO  Dir:   software_management_end_to_end/
09:53:03 INFO  Title: Validate end to end behaviour for the apt plugin for multiple packages
09:53:03 INFO  ==============================================================
09:53:03 INFO  Using sw id database: {'asciijump': '5475369', 'robotfindskitten': '5474869', 'squirrel3': '5475279', 'rolldice': '5152439', 'moon-buggy': '5439204', 'apple': '5495053', 'banana': '5494888', 'cherry': '5495382', 'watermelon': '5494510', 'registry': '8018911', 'hello-world': '8021526', 'docker/getting-started': '8021973', 'alpine': '7991792'}
09:53:03 INFO  EnvironmentC8y Setup
09:53:03 INFO  Executed systemctl&lt;serv_mapper1&gt;, exit status 3
09:53:04 INFO  Restarting mosquitto too frequently in the last 10 seconds. It was only up for 4 seconds
09:53:04 INFO  Delaying execution by 7 seconds
09:53:24 INFO  Executed sudo&lt;tedge_connect_c8y&gt;, exit status 0, duration 13 secs
09:53:25 INFO  Executed sudo&lt;tedge_connect_c8y_test&gt;, exit status 0
09:53:26 INFO  Executed systemctl&lt;serv_mosq2&gt;, exit status 0
09:53:26 INFO  Executed systemctl&lt;serv_mapper3&gt;, exit status 0
09:53:28 INFO  State of current operation: SUCCESSFUL
09:53:28 INFO  Assert that (False == value) with value=False ... passed
09:53:29 INFO  Package asciijump is installed
09:53:29 WARN  Assert that (False == value) with value=True ... failed 
09:53:29 INFO  Package squirrel3 is installed
09:53:29 WARN  Assert that (False == value) with value=True ... failed 
09:53:29 INFO  Package robotfindskitten is installed
09:53:30 WARN  Assert that (False == value) with value=True ... failed 
09:53:30 INFO  Response status: 201
09:53:30 INFO  Response to action: {
    "delivery": {
        "time": "2022-04-27T09:53:30.197Z",
        "log": [],
        "status": "PENDING"
    },
    "creationTime": "2022-04-27T09:53:30.183Z",
    "deviceName": "m32sd10d",
    "deviceId": "17731194",
    "self": "https://t493319102.eu-latest.cumulocity.com/devicecontrol/operations/17757657",
    "id": "17757657",
    "status": "PENDING",
    "description": "Apply software changes, triggered from PySys: [{'action': 'install', 'id': '5475369', 'name': 'asciijump', 'url': ' ', 'version': '::apt'}, {'action': 'install', 'id': '5474869', 'name': 'robotfindskitten', 'url': ' ', 'version': '::apt'}, {'action': 'install', 'id': '5475279', 'name': 'squirrel3', 'url': ' ', 'version': '::apt'}]",
    "c8y_SoftwareUpdate": [
        {
            "name": "asciijump",
            "action": "install",
            "id": "5475369",
            "version": "::apt",
            "url": " "
        },
        {
            "name": "robotfindskitten",
            "action": "install",
            "id": "5474869",
            "version": "::apt",
            "url": " "
        },
        {
            "name": "squirrel3",
            "action": "install",
            "id": "5475279",
            "version": "::apt",
            "url": " "
        }
    ]
}
09:53:30 INFO  Started operation: {'delivery': {'time': '2022-04-27T09:53:30.197Z', 'log': [], 'status': 'PENDING'}, 'creationTime': '2022-04-27T09:53:30.183Z', 'deviceName': 'm32sd10d', 'deviceId': '17731194', 'self': 'https://t493319102.eu-latest.cumulocity.com/devicecontrol/operations/17757657', 'id': '17757657', 'status': 'PENDING', 'description': "Apply software changes, triggered from PySys: [{'action': 'install', 'id': '5475369', 'name': 'asciijump', 'url': ' ', 'version': '::apt'}, {'action': 'install', 'id': '5474869', 'name': 'robotfindskitten', 'url': ' ', 'version': '::apt'}, {'action': 'install', 'id': '5475279', 'name': 'squirrel3', 'url': ' ', 'version': '::apt'}]", 'c8y_SoftwareUpdate': [{'name': 'asciijump', 'action': 'install', 'id': '5475369', 'version': '::apt', 'url': ' '}, {'name': 'robotfindskitten', 'action': 'install', 'id': '5474869', 'version': '::apt', 'url': ' '}, {'name': 'squirrel3', 'action': 'install', 'id': '5475279', 'version': '::apt', 'url': ' '}]}
09:53:32 INFO  State of operation 17757657 : PENDING
09:53:34 INFO  State of operation 17757657 : EXECUTING
09:53:37 INFO  State of operation 17757657 : EXECUTING
09:53:39 INFO  State of operation 17757657 : EXECUTING
09:53:41 INFO  State of operation 17757657 : EXECUTING
09:53:43 INFO  State of operation 17757657 : EXECUTING
09:53:46 INFO  State of operation 17757657 : EXECUTING
09:53:50 INFO  State of operation 17757657 : EXECUTING
09:53:52 INFO  State of operation 17757657 : EXECUTING
09:53:55 INFO  State of operation 17757657 : EXECUTING
09:53:57 INFO  State of operation 17757657 : EXECUTING
09:53:59 INFO  State of operation 17757657 : EXECUTING
09:54:01 INFO  State of operation 17757657 : EXECUTING
09:54:04 INFO  State of operation 17757657 : EXECUTING
09:54:06 INFO  State of operation 17757657 : EXECUTING
09:54:08 INFO  State of operation 17757657 : SUCCESSFUL
09:54:08 INFO  Assert that (False == value) with value=False ... passed
09:54:08 INFO  Package asciijump is installed
09:54:08 INFO  Assert that (True == value) with value=True ... passed
09:54:09 INFO  Package squirrel3 is installed
09:54:09 INFO  Assert that (True == value) with value=True ... passed
09:54:09 INFO  Package robotfindskitten is installed
09:54:09 INFO  Assert that (True == value) with value=True ... passed
09:54:09 INFO  Response status: 201
09:54:09 INFO  Response to action: {
    "delivery": {
        "time": "2022-04-27T09:54:09.684Z",
        "log": [],
        "status": "PENDING"
    },
    "creationTime": "2022-04-27T09:54:09.667Z",
    "deviceName": "m32sd10d",
    "deviceId": "17731194",
    "self": "https://t493319102.eu-latest.cumulocity.com/devicecontrol/operations/17757663",
    "id": "17757663",
    "status": "PENDING",
    "description": "Apply software changes, triggered from PySys: [{'action': 'delete', 'id': '5475369', 'name': 'asciijump', 'url': ' ', 'version': '::apt'}, {'action': 'delete', 'id': '5474869', 'name': 'robotfindskitten', 'url': ' ', 'version': '::apt'}, {'action': 'delete', 'id': '5475279', 'name': 'squirrel3', 'url': ' ', 'version': '::apt'}]",
    "c8y_SoftwareUpdate": [
        {
            "name": "asciijump",
            "action": "delete",
            "id": "5475369",
            "version": "::apt",
            "url": " "
        },
        {
            "name": "robotfindskitten",
            "action": "delete",
            "id": "5474869",
            "version": "::apt",
            "url": " "
        },
        {
            "name": "squirrel3",
            "action": "delete",
            "id": "5475279",
            "version": "::apt",
            "url": " "
        }
    ]
}
09:54:09 INFO  Started operation: {'delivery': {'time': '2022-04-27T09:54:09.684Z', 'log': [], 'status': 'PENDING'}, 'creationTime': '2022-04-27T09:54:09.667Z', 'deviceName': 'm32sd10d', 'deviceId': '17731194', 'self': 'https://t493319102.eu-latest.cumulocity.com/devicecontrol/operations/17757663', 'id': '17757663', 'status': 'PENDING', 'description': "Apply software changes, triggered from PySys: [{'action': 'delete', 'id': '5475369', 'name': 'asciijump', 'url': ' ', 'version': '::apt'}, {'action': 'delete', 'id': '5474869', 'name': 'robotfindskitten', 'url': ' ', 'version': '::apt'}, {'action': 'delete', 'id': '5475279', 'name': 'squirrel3', 'url': ' ', 'version': '::apt'}]", 'c8y_SoftwareUpdate': [{'name': 'asciijump', 'action': 'delete', 'id': '5475369', 'version': '::apt', 'url': ' '}, {'name': 'robotfindskitten', 'action': 'delete', 'id': '5474869', 'version': '::apt', 'url': ' '}, {'name': 'squirrel3', 'action': 'delete', 'id': '5475279', 'version': '::apt', 'url': ' '}]}
09:54:11 INFO  State of operation 17757663 : PENDING
09:54:14 INFO  State of operation 17757663 : EXECUTING
09:54:16 INFO  State of operation 17757663 : EXECUTING
09:54:18 INFO  State of operation 17757663 : EXECUTING
09:54:20 INFO  State of operation 17757663 : EXECUTING
09:54:23 INFO  State of operation 17757663 : EXECUTING
09:54:25 INFO  State of operation 17757663 : EXECUTING
09:54:28 INFO  State of operation 17757663 : EXECUTING
09:54:30 INFO  State of operation 17757663 : EXECUTING
09:54:33 INFO  State of operation 17757663 : EXECUTING
09:54:35 INFO  State of operation 17757663 : EXECUTING
09:54:37 INFO  State of operation 17757663 : EXECUTING
09:54:39 INFO  State of operation 17757663 : EXECUTING
09:54:42 INFO  State of operation 17757663 : EXECUTING
09:54:44 INFO  State of operation 17757663 : EXECUTING
09:54:46 INFO  State of operation 17757663 : EXECUTING
09:54:49 INFO  State of operation 17757663 : EXECUTING
09:54:51 INFO  State of operation 17757663 : EXECUTING
09:54:54 INFO  State of operation 17757663 : EXECUTING
09:54:56 INFO  State of operation 17757663 : EXECUTING
09:54:58 INFO  State of operation 17757663 : EXECUTING
09:55:01 INFO  State of operation 17757663 : EXECUTING
09:55:03 INFO  State of operation 17757663 : EXECUTING
09:55:05 INFO  State of operation 17757663 : EXECUTING
09:55:07 INFO  State of operation 17757663 : EXECUTING
09:55:10 INFO  State of operation 17757663 : EXECUTING
09:55:12 INFO  State of operation 17757663 : EXECUTING
09:55:14 INFO  State of operation 17757663 : EXECUTING
09:55:17 INFO  State of operation 17757663 : EXECUTING
09:55:19 INFO  State of operation 17757663 : SUCCESSFUL
09:55:19 INFO  Assert that (False == value) with value=False ... passed
09:55:19 INFO  Assert that (False == value) with value=False ... passed
09:55:20 INFO  Assert that (False == value) with value=False ... passed
09:55:20 INFO  Assert that (False == value) with value=False ... passed
09:55:20 INFO  
09:55:20 INFO  cleanup:
09:55:24 INFO  Executed sudo&lt;tedge_disconnect_c8y&gt;, exit status 0
09:55:25 INFO  Executed systemctl&lt;serv_mapper5&gt;, exit status 3
09:55:25 INFO  
09:55:25 INFO  Test duration: 141.80 secs
09:55:25 INFO  Test final outcome:  FAILED
09:55:25 INFO  Test outcome reason: Assert that (False == value) with value=True (+2 other failures)
09:55:25 INFO  
</system-out>
	</testcase>
</testsuite><testsuite name="SoftwareManagement.sm_apt_install_remove_multiple_mixed" tests="3" errors="0" failures="2" skipped="1" time="0"><testcase classname="PySysTest" name="SoftwareManagement.sm_apt_install_remove_multiple_mixed">
		<skipped message="SKIPPED: Testing the apt plugin is not supported on this platform.Use parameter -XmyPlatform='container' to enable it" />
		<system-out>08:46:24 INFO  ==============================================================
08:46:24 INFO  Id:    SoftwareManagement.sm_apt_install_remove_multiple_mixed
08:46:24 INFO  Dir:   software_management_end_to_end/
08:46:24 INFO  Title: Validate end to end behaviour for the apt plugin for multiple packages with mixed versions
08:46:24 INFO  ==============================================================
08:46:24 INFO  Testing the apt plugin is not supported on this platform.Use parameter -XmyPlatform='container' to enable it ... skipped
08:46:24 WARN  Aborted test due to SKIPPED outcome
08:46:24 INFO  
08:46:24 INFO  Test duration: 0.02 secs
08:46:24 INFO  Test final outcome:  SKIPPED
08:46:24 INFO  Test outcome reason: Testing the apt plugin is not supported on this platform.Use parameter -XmyPlatform='container' to enable it
08:46:24 INFO  
</system-out>
	</testcase>
<testcase classname="PySysTest" name="SoftwareManagement.sm_apt_install_remove_multiple_mixed">
		<failure message="BLOCKED: SystemError: Timeout while waiting for status SUCCESSFUL or False" type="BLOCKED" />
		<system-out>09:21:21 INFO  ==============================================================
09:21:21 INFO  Id:    SoftwareManagement.sm_apt_install_remove_multiple_mixed
09:21:21 INFO  Dir:   software_management_end_to_end/
09:21:21 INFO  Title: Validate end to end behaviour for the apt plugin for multiple packages with mixed versions
09:21:21 INFO  ==============================================================
09:21:21 INFO  Using sw id database: {'asciijump': '5475369', 'robotfindskitten': '5474869', 'squirrel3': '5475279', 'rolldice': '5152439', 'moon-buggy': '5439204', 'apple': '5495053', 'banana': '5494888', 'cherry': '5495382', 'watermelon': '5494510', 'registry': '8018911', 'hello-world': '8021526', 'docker/getting-started': '8021973', 'alpine': '7991792'}
09:21:21 INFO  EnvironmentC8y Setup
09:21:21 INFO  Executed systemctl&lt;serv_mapper1&gt;, exit status 3
09:21:22 INFO  Restarting mosquitto too frequently in the last 10 seconds. It was only up for 4 seconds
09:21:22 INFO  Delaying execution by 7 seconds
09:21:42 INFO  Executed sudo&lt;tedge_connect_c8y&gt;, exit status 0, duration 13 secs
09:21:43 INFO  Executed sudo&lt;tedge_connect_c8y_test&gt;, exit status 0
09:21:43 INFO  Executed systemctl&lt;serv_mosq2&gt;, exit status 0
09:21:44 INFO  Executed systemctl&lt;serv_mapper3&gt;, exit status 0
09:21:46 INFO  State of current operation: SUCCESSFUL
09:21:46 INFO  Assert that (False == value) with value=False ... passed
09:21:46 INFO  Assert that (False == value) with value=False ... passed
09:21:47 INFO  Assert that (False == value) with value=False ... passed
09:21:47 INFO  Assert that (False == value) with value=False ... passed
09:21:47 INFO  Assert that (False == value) with value=False ... passed
09:21:48 INFO  Response status: 201
09:21:48 INFO  Response to action: {
    "creationTime": "2022-04-27T09:21:48.760Z",
    "deviceName": "m32sd10d",
    "deviceId": "17731194",
    "self": "https://t493319102.eu-latest.cumulocity.com/devicecontrol/operations/17757560",
    "id": "17757560",
    "status": "PENDING",
    "description": "Apply software changes, triggered from PySys: [{'action': 'install', 'id': '5475369', 'name': 'asciijump', 'url': ' ', 'version': '::apt'}, {'action': 'install', 'id': '5474869', 'name': 'robotfindskitten', 'url': ' ', 'version': ' '}, {'action': 'install', 'id': '5475279', 'name': 'squirrel3', 'url': ' ', 'version': '3.1-7::apt'}, {'action': 'install', 'id': '5152439', 'name': 'rolldice', 'url': ' ', 'version': '1.16-1+b1'}, {'action': 'install', 'id': '5439204', 'name': 'moon-buggy', 'url': ' ', 'version': '1:1.0.51-12'}, {'action': 'install', 'id': '5475369', 'name': 'asciijump', 'url': ' ', 'version': '::apt'}]",
    "c8y_SoftwareUpdate": [
        {
            "name": "asciijump",
            "action": "install",
            "id": "5475369",
            "version": "::apt",
            "url": " "
        },
        {
            "name": "robotfindskitten",
            "action": "install",
            "id": "5474869",
            "version": " ",
            "url": " "
        },
        {
            "name": "squirrel3",
            "action": "install",
            "id": "5475279",
            "version": "3.1-7::apt",
            "url": " "
        },
        {
            "name": "rolldice",
            "action": "install",
            "id": "5152439",
            "version": "1.16-1+b1",
            "url": " "
        },
        {
            "name": "moon-buggy",
            "action": "install",
            "id": "5439204",
            "version": "1:1.0.51-12",
            "url": " "
        },
        {
            "name": "asciijump",
            "action": "install",
            "id": "5475369",
            "version": "::apt",
            "url": " "
        }
    ]
}
09:21:48 INFO  Started operation: {'creationTime': '2022-04-27T09:21:48.760Z', 'deviceName': 'm32sd10d', 'deviceId': '17731194', 'self': 'https://t493319102.eu-latest.cumulocity.com/devicecontrol/operations/17757560', 'id': '17757560', 'status': 'PENDING', 'description': "Apply software changes, triggered from PySys: [{'action': 'install', 'id': '5475369', 'name': 'asciijump', 'url': ' ', 'version': '::apt'}, {'action': 'install', 'id': '5474869', 'name': 'robotfindskitten', 'url': ' ', 'version': ' '}, {'action': 'install', 'id': '5475279', 'name': 'squirrel3', 'url': ' ', 'version': '3.1-7::apt'}, {'action': 'install', 'id': '5152439', 'name': 'rolldice', 'url': ' ', 'version': '1.16-1+b1'}, {'action': 'install', 'id': '5439204', 'name': 'moon-buggy', 'url': ' ', 'version': '1:1.0.51-12'}, {'action': 'install', 'id': '5475369', 'name': 'asciijump', 'url': ' ', 'version': '::apt'}]", 'c8y_SoftwareUpdate': [{'name': 'asciijump', 'action': 'install', 'id': '5475369', 'version': '::apt', 'url': ' '}, {'name': 'robotfindskitten', 'action': 'install', 'id': '5474869', 'version': ' ', 'url': ' '}, {'name': 'squirrel3', 'action': 'install', 'id': '5475279', 'version': '3.1-7::apt', 'url': ' '}, {'name': 'rolldice', 'action': 'install', 'id': '5152439', 'version': '1.16-1+b1', 'url': ' '}, {'name': 'moon-buggy', 'action': 'install', 'id': '5439204', 'version': '1:1.0.51-12', 'url': ' '}, {'name': 'asciijump', 'action': 'install', 'id': '5475369', 'version': '::apt', 'url': ' '}]}
09:21:51 INFO  State of operation 17757560 : PENDING
09:21:53 INFO  State of operation 17757560 : EXECUTING
09:21:55 INFO  State of operation 17757560 : EXECUTING
09:21:57 INFO  State of operation 17757560 : EXECUTING
09:21:59 INFO  State of operation 17757560 : EXECUTING
09:22:02 INFO  State of operation 17757560 : EXECUTING
09:22:04 INFO  State of operation 17757560 : EXECUTING
09:22:07 INFO  State of operation 17757560 : EXECUTING
09:22:09 INFO  State of operation 17757560 : EXECUTING
09:22:12 INFO  State of operation 17757560 : EXECUTING
09:22:14 INFO  State of operation 17757560 : EXECUTING
09:22:16 INFO  State of operation 17757560 : EXECUTING
09:22:18 INFO  State of operation 17757560 : EXECUTING
09:22:21 INFO  State of operation 17757560 : EXECUTING
09:22:23 INFO  State of operation 17757560 : EXECUTING
09:22:25 INFO  State of operation 17757560 : EXECUTING
09:22:28 INFO  State of operation 17757560 : EXECUTING
09:22:30 INFO  State of operation 17757560 : EXECUTING
09:22:33 INFO  State of operation 17757560 : EXECUTING
09:22:35 INFO  State of operation 17757560 : EXECUTING
09:22:37 INFO  State of operation 17757560 : EXECUTING
09:22:39 INFO  State of operation 17757560 : EXECUTING
09:22:42 INFO  State of operation 17757560 : EXECUTING
09:22:44 INFO  State of operation 17757560 : EXECUTING
09:22:47 INFO  State of operation 17757560 : EXECUTING
09:22:49 INFO  State of operation 17757560 : EXECUTING
09:22:52 INFO  State of operation 17757560 : EXECUTING
09:22:55 INFO  State of operation 17757560 : EXECUTING
09:22:57 INFO  State of operation 17757560 : EXECUTING
09:22:59 INFO  State of operation 17757560 : EXECUTING
09:23:02 INFO  State of operation 17757560 : EXECUTING
09:23:04 INFO  State of operation 17757560 : EXECUTING
09:23:06 INFO  State of operation 17757560 : EXECUTING
09:23:08 INFO  State of operation 17757560 : EXECUTING
09:23:11 INFO  State of operation 17757560 : EXECUTING
09:23:13 INFO  State of operation 17757560 : EXECUTING
09:23:15 INFO  State of operation 17757560 : EXECUTING
09:23:18 INFO  State of operation 17757560 : EXECUTING
09:23:21 INFO  State of operation 17757560 : EXECUTING
09:23:23 INFO  State of operation 17757560 : EXECUTING
09:23:25 INFO  State of operation 17757560 : EXECUTING
09:23:28 INFO  State of operation 17757560 : EXECUTING
09:23:30 INFO  State of operation 17757560 : EXECUTING
09:23:32 INFO  State of operation 17757560 : EXECUTING
09:23:34 INFO  State of operation 17757560 : EXECUTING
09:23:36 INFO  State of operation 17757560 : EXECUTING
09:23:39 INFO  State of operation 17757560 : EXECUTING
09:23:41 INFO  State of operation 17757560 : EXECUTING
09:23:43 INFO  State of operation 17757560 : EXECUTING
09:23:46 INFO  State of operation 17757560 : EXECUTING
09:23:48 INFO  State of operation 17757560 : EXECUTING
09:23:51 INFO  State of operation 17757560 : EXECUTING
09:23:53 INFO  State of operation 17757560 : EXECUTING
09:23:55 INFO  State of operation 17757560 : EXECUTING
09:23:58 INFO  State of operation 17757560 : EXECUTING
09:24:00 INFO  State of operation 17757560 : EXECUTING
09:24:02 INFO  State of operation 17757560 : EXECUTING
09:24:04 INFO  State of operation 17757560 : EXECUTING
09:24:07 INFO  State of operation 17757560 : EXECUTING
09:24:09 INFO  State of operation 17757560 : EXECUTING
09:24:12 INFO  State of operation 17757560 : EXECUTING
09:24:14 WARN  SystemError occurred while running test - Timeout while waiting for status SUCCESSFUL or False
Traceback (most recent call last):
  File "/home/pi/env-pysys/lib/python3.7/site-packages/pysys/baserunner.py", line 1294, in __call__
    self.testObj.execute()
  File "/home/pi/actions-runner/_work/thin-edge.io/thin-edge.io/tests/PySys/software_management_end_to_end/sm_apt_install_remove_multiple_mixed/run.py", line 89, in execute
    self.wait_until_succcess()
  File "/home/pi/actions-runner/_work/thin-edge.io/thin-edge.io/tests/PySys/software_management_end_to_end/environment_sm_management.py", line 324, in wait_until_succcess
    self.wait_until_status("SUCCESSFUL")
  File "/home/pi/actions-runner/_work/thin-edge.io/thin-edge.io/tests/PySys/software_management_end_to_end/environment_sm_management.py", line 381, in wait_until_status
    "Timeout while waiting for status %s or %s" % (status, status2)
SystemError: Timeout while waiting for status SUCCESSFUL or False
09:24:14 WARN  SystemError: Timeout while waiting for status SUCCESSFUL or False ... blocked 
09:24:14 INFO  
09:24:14 INFO  cleanup:
09:24:20 INFO  Executed sudo&lt;tedge_disconnect_c8y&gt;, exit status 0
09:24:21 INFO  Executed systemctl&lt;serv_mapper5&gt;, exit status 3
09:24:21 INFO  
09:24:21 INFO  Test duration: 179.70 secs
09:24:21 INFO  Test final outcome:  BLOCKED
09:24:21 INFO  Test outcome reason: SystemError: Timeout while waiting for status SUCCESSFUL or False
09:24:21 INFO  
</system-out>
	</testcase>
<testcase classname="PySysTest" name="SoftwareManagement.sm_apt_install_remove_multiple_mixed">
		<failure message="BLOCKED: SystemError: Timeout while waiting for status SUCCESSFUL or False (+1 other failures)" type="BLOCKED" />
		<system-out>09:55:25 INFO  ==============================================================
09:55:25 INFO  Id:    SoftwareManagement.sm_apt_install_remove_multiple_mixed
09:55:25 INFO  Dir:   software_management_end_to_end/
[...]
08:35:08 INFO  Id:    monitoring_with_collectd
08:35:08 INFO  Dir:   monitoring/
08:35:08 INFO  Title: Validate tedge dm agent messages that are produced by batching the collectd messages
08:35:08 INFO  ==============================================================
08:35:08 INFO  Test execution disabled due to #792 (instable) ... skipped
08:35:08 INFO  
08:35:08 INFO  Test duration: 0.02 secs
08:35:08 INFO  Test final outcome:  SKIPPED
08:35:08 INFO  Test outcome reason: Test execution disabled due to #792 (instable)
08:35:08 INFO  
</system-out>
	</testcase>
</testsuite><testsuite name="monitoring_with_simulated_messages" tests="1" errors="0" failures="1" skipped="0" time="0"><testcase classname="MonitoringWithSimulatedMessages" name="monitoring_with_simulated_messages">
		<failure message="BLOCKED: TypeError: 'int' object is not subscriptable" type="BLOCKED" />
		<system-out>08:35:08 INFO  ==============================================================
08:35:08 INFO  Id:    monitoring_with_simulated_messages
08:35:08 INFO  Dir:   monitoring/
08:35:08 INFO  Title: Validate the tedge dm agent messages that are produced from the simulated collectd messages
08:35:08 INFO  ==============================================================
08:35:09 INFO  Executed sudo&lt;collectd&gt;, exit status 0
08:35:09 INFO  Executed sudo&lt;collectd_mapper&gt;, exit status 0
08:35:09 INFO  Started sudo&lt;tedge_sub&gt; with process id 21324
08:35:10 INFO  Executed sudo&lt;tedge_temp&gt;, exit status 0
08:35:11 INFO  Executed sudo&lt;tedge_pres&gt;, exit status 0
08:35:12 INFO  Executed sudo&lt;kill_out&gt;, exit status 0
08:35:12 INFO  0

08:35:12 WARN  TypeError occurred while running test - 'int' object is not subscriptable
Traceback (most recent call last):
  File "/home/pi/env-pysys/lib/python3.7/site-packages/pysys/baserunner.py", line 1296, in __call__
    self.testObj.validate()
  File "/home/pi/actions-runner/_work/thin-edge.io/thin-edge.io/tests/PySys/monitoring/monitoring_with_simulated_messages/run.py", line 98, in validate
    collectd_msg_validation_result=self.validate_json(),
  File "/home/pi/actions-runner/_work/thin-edge.io/thin-edge.io/tests/PySys/monitoring/monitoring_with_simulated_messages/run.py", line 108, in validate_json
    if not self.validate_time():
  File "/home/pi/actions-runner/_work/thin-edge.io/thin-edge.io/tests/PySys/monitoring/monitoring_with_simulated_messages/run.py", line 127, in validate_time
    if self.js_msg["time"]:
TypeError: 'int' object is not subscriptable
08:35:12 WARN  TypeError: 'int' object is not subscriptable ... blocked 
08:35:12 INFO  
08:35:12 INFO  cleanup:
08:35:12 INFO  monitoring_cleanup
08:35:13 INFO  Executed sudo&lt;collectd_mapper&gt;, exit status 0
08:35:13 INFO  
08:35:13 INFO  Test duration: 4.47 secs
08:35:13 INFO  Test final outcome:  BLOCKED
08:35:13 INFO  Test outcome reason: TypeError: 'int' object is not subscriptable
08:35:13 INFO  
</system-out>
	</testcase>
</testsuite><testsuite name="mqtt_port_change_connection_fails" tests="1" errors="0" failures="0" skipped="0" time="0"><testcase classname="MqttPortChangeConnectionFails" name="mqtt_port_change_connection_fails" />
</testsuite><testsuite name="mqtt_port_change_connection_works" tests="1" errors="0" failures="0" skipped="1" time="0"><testcase classname="MqttPortChangeConnectionWorks" name="mqtt_port_change_connection_works">
		<skipped message="SKIPPED: failing intermitently" />
		<system-out>08:33:59 INFO  ==============================================================
08:33:59 INFO  Id:    mqtt_port_change_connection_works
08:33:59 INFO  Dir:   misc_features/
08:33:59 INFO  Title: mqtt port change connection works for all the thin-edge services that use the mosquitto broker
08:33:59 INFO  ==============================================================
08:33:59 INFO  failing intermitently ... skipped
08:33:59 INFO  
08:33:59 INFO  Test duration: 0.02 secs
08:33:59 INFO  Test final outcome:  SKIPPED
08:33:59 INFO  Test outcome reason: failing intermitently
08:33:59 INFO  
</system-out>
	</testcase>
</testsuite><testsuite name="mqtt_port_set" tests="1" errors="0" failures="0" skipped="0" time="0"><testcase classname="MqttPortSet" name="mqtt_port_set" />
</testsuite><testsuite name="mqtt_port_unset" tests="1" errors="0" failures="0" skipped="0" time="0"><testcase classname="MqttPortUnSet" name="mqtt_port_unset" />
</testsuite><testsuite name="publish_flux" tests="1" errors="0" failures="0" skipped="0" time="0"><testcase classname="PublishFlux" name="publish_flux" />
</testsuite><testsuite name="publish_sawmill" tests="1" errors="0" failures="0" skipped="0" time="0"><testcase classname="PublishSawmill" name="publish_sawmill" />
</testsuite><testsuite name="runtime_start_two_mappers" tests="1" errors="0" failures="1" skipped="0" time="0"><testcase classname="RuntimeMultiMappers" name="runtime_start_two_mappers">
		<failure message="FAILED: Grep on tedge_mapper2.err contains &quot;Error: Couldn't acquire file lock.&quot;" type="FAILED" />
		<system-out>08:49:35 INFO  ==============================================================
08:49:35 INFO  Id:    runtime_start_two_mappers
08:49:35 INFO  Dir:   tedge_mapper_c8y/
08:49:35 INFO  Title: Validate two mappers can't be started at the same time
08:49:35 INFO  ==============================================================
08:49:35 INFO  Executed sudo&lt;tedge_mapper1&gt;, exit status 0
08:49:35 INFO  Waiting for 0.1 seconds
08:49:36 INFO  Executed sudo&lt;tedge_mapper2&gt;, exit status 1
08:49:37 INFO  Executed sudo&lt;tedge_mapper1&gt;, exit status 0
08:49:37 WARN  Grep on tedge_mapper2.err contains "Error: Couldn't acquire file lock." ... failed [run.py:46]
08:49:37 INFO  
08:49:37 INFO  Test duration: 1.86 secs
08:49:37 INFO  Test final outcome:  FAILED
08:49:37 INFO  Test outcome reason: Grep on tedge_mapper2.err contains "Error: Couldn't acquire file lock."
08:49:37 INFO  
</system-out>
	</testcase>
</testsuite><testsuite name="sm_tedge_mapper_init_session" tests="1" errors="0" failures="0" skipped="0" time="0"><testcase classname="TedgeSMMapperInitSession" name="sm_tedge_mapper_init_session" />
</testsuite><testsuite name="smoketest_json" tests="1" errors="0" failures="0" skipped="0" time="0"><testcase classname="SmokeTestJson" name="smoketest_json" />
</testsuite><testsuite name="smoketest_json_400_samples_10ms" tests="1" errors="0" failures="0" skipped="0" time="0"><testcase classname="SmoketestJson400Samples10ms" name="smoketest_json_400_samples_10ms" />
</testsuite><testsuite name="smoketest_json_400_samples_20ms" tests="1" errors="0" failures="0" skipped="0" time="0"><testcase classname="SmoketestJson400Samples20ms" name="smoketest_json_400_samples_20ms" />
</testsuite><testsuite name="smoketest_smartrest" tests="1" errors="0" failures="0" skipped="0" time="0"><testcase classname="SmoketestSmartRest" name="smoketest_smartrest" />
</testsuite><testsuite name="smoketest_smartrest_400_samples_1Xms" tests="1" errors="0" failures="1" skipped="0" time="0"><testcase classname="SmoketestSmartRest400Samples1Xms" name="smoketest_smartrest_400_samples_1Xms">
		<failure message="BLOCKED: python3&lt;stdout&gt; returned non-zero exit code 1" type="BLOCKED" />
		<system-out>08:41:16 INFO  ==============================================================
08:41:16 INFO  Id:    smoketest_smartrest_400_samples_1Xms
08:41:16 INFO  Dir:   smoketests/
08:41:16 INFO  Title: Smoketest Smart Rest 400 Samples 1Xms Delay
08:41:16 INFO  ==============================================================
08:41:16 INFO  EnvironmentC8y Setup
08:41:16 INFO  Executed systemctl&lt;serv_mapper1&gt;, exit status 3
08:41:16 INFO  Restarting mosquitto too frequently in the last 10 seconds. It was only up for 4 seconds
08:41:16 INFO  Delaying execution by 7 seconds
08:41:37 INFO  Executed sudo&lt;tedge_connect_c8y&gt;, exit status 0, duration 14 secs
08:41:38 INFO  Executed sudo&lt;tedge_connect_c8y_test&gt;, exit status 0
08:41:38 INFO  Executed systemctl&lt;serv_mosq2&gt;, exit status 0
08:41:39 INFO  Executed systemctl&lt;serv_mapper3&gt;, exit status 0
08:43:48 WARN  Executed python3&lt;stdout&gt;, exit status 1, duration 68 secs
08:43:48 INFO  Contents of stdout.out: 
     40    41    42    43    44    45    46    47    48    49    50    51    52    53    54    55    56    57    58    59
     60    61    62    63    64    65    66    67    68    69    70    71    72    73    74    75    76    77    78    79
     80    81    82    83    84    85    86    87    88    89    90    91    92    93    94    95    96    97    98    99
    100   101   102   103   104   105   106   107   108   109   110   111   112   113   114   115   116   117   118   119
    120   121   122   123   124   125   126   127   128   129   130   131   132   133   134   135   136   137   138   139
    140   141   142   143   144   145   146   147   148   149   150   151   152   153   154   155   156   157   158   159
    160   161   162   163   164   165   166   167   168   169   170   171   172   173   174   175   176   177   178   179
    180   181   182   183   184   185   186   187   188   189   190   191   192   193   194   195   196   197   198   199
    200   201   202   203   204   205   206   207   208   209   210   211   212   213   214   215   216   217   218   219
    220   221   222   223   224   225   226   227   228   229   230   231   232   233   234   235   236   237   238   239
    240   241   242   243   244   245   246   247   248   249   250   251   252   253   254   255   256   257   258   259
    260   261   262   263   264   265   266   267   268   269   270   271   272   273   274   275   276   277   278   279
    280   281   282   283   284   285   286   287   288   289   290   291   292   293   294   295   296   297   298   299
    300   301   302   303   304   305   306   307   308   309   310   311   312   313   314   315   316   317   318   319
    320   321   322   323   324   325   326   327   328   329   330   331   332   333   334   335   336   337   338   339
    340   341   342   343   344   345   346   347   348   349   350   351   352   353   354   355   356   357   358   359
    360   361   362   363   364   365   366   367   368   369   370   371   372   373   374   375   376   377   378   379
    380   381   382   383   384   385   386   387   388   389   390   391   392   393   394   395   396   397   398   399
  Expected:  0.0  ...  399.0
  Data verification FAILED
  -----

08:43:48 WARN  python3&lt;stdout&gt; returned non-zero exit code 1 ... blocked 
08:43:48 WARN  Aborted test due to BLOCKED outcome
08:43:48 INFO  
08:43:48 INFO  cleanup:
08:43:52 INFO  Executed sudo&lt;tedge_disconnect_c8y&gt;, exit status 0
08:43:52 INFO  Executed systemctl&lt;serv_mapper5&gt;, exit status 3
08:43:52 INFO  
08:43:52 INFO  Test duration: 156.72 secs
08:43:52 INFO  Test final outcome:  BLOCKED
08:43:52 INFO  Test outcome reason: python3&lt;stdout&gt; returned non-zero exit code 1
08:43:52 INFO  
</system-out>
	</testcase>
</testsuite><testsuite name="smoketest_smartrest_400_samples_20ms" tests="1" errors="0" failures="1" skipped="0" time="0"><testcase classname="SmoketestSmartRest400Samples20ms" name="smoketest_smartrest_400_samples_20ms">
		<failure message="BLOCKED: python3&lt;stdout&gt; returned non-zero exit code 1" type="BLOCKED" />
		<system-out>08:43:52 INFO  ==============================================================
08:43:52 INFO  Id:    smoketest_smartrest_400_samples_20ms
08:43:52 INFO  Dir:   smoketests/
08:43:52 INFO  Title: Smoketest SmartRest 400 Samples 20ms Delay
08:43:52 INFO  ==============================================================
08:43:52 INFO  EnvironmentC8y Setup
08:43:53 INFO  Executed systemctl&lt;serv_mapper1&gt;, exit status 3
08:43:53 INFO  Restarting mosquitto too frequently in the last 10 seconds. It was only up for 5 seconds
08:43:53 INFO  Delaying execution by 6 seconds
08:44:13 INFO  Executed sudo&lt;tedge_connect_c8y&gt;, exit status 0, duration 13 secs
08:44:14 INFO  Executed sudo&lt;tedge_connect_c8y_test&gt;, exit status 0
08:44:14 INFO  Executed systemctl&lt;serv_mosq2&gt;, exit status 0
08:44:14 INFO  Executed systemctl&lt;serv_mapper3&gt;, exit status 0
08:46:19 WARN  Executed python3&lt;stdout&gt;, exit status 1, duration 69 secs
08:46:19 INFO  Contents of stdout.out: 
  Retrieved values:
     75    76    77    78    79
     80    81    82    83    84    85    86    87    88    89    90    91    92    93    94    95    96    97    98    99
    100   101   102   103   104   105   106   107   108   109   110   111   112   113   114   115   116   117   118   119
    120   121   122   123   124   125   126   127   128   129   130   131   132   133   134   135   136   137   138   139
    140   141   142   143   144   145   146   147   148   149   150   151   152   153   154   155   156   157   158   159
    160   161   162   163   164   165   166   167   168   169   170   171   172   173   174   175   176   177   178   179
    180   181   182   183   184   185   186   187   188   189   190   191   192   193   194   195   196   197   198   199
    200   201   202   203   204   205   206   207   208   209   210   211   212   213   214   215   216   217   218   219
    220   221   222   223   224   225   226   227   228   229   230   231   232   233   234   235   236   237   238   239
    240   241   242   243   244   245   246   247   248   249   250   251   252   253   254   255   256   257   258   259
    260   261   262   263   264   265   266   267   268   269   270   271   272   273   274   275   276   277   278   279
    280   281   282   283   284   285   286   287   288   289   290   291   292   293   294   295   296   297   298   299
    300   301   302   303   304   305   306   307   308   309   310   311   312   313   314   315   316   317   318   319
    320   321   322   323   324   325   326   327   328   329   330   331   332   333   334   335   336   337   338   339
    340   341   342   343   344   345   346   347   348   349   350   351   352   353   354   355   356   357   358   359
    360   361   362   363   364   365   366   367   368   369   370   371   372   373   374   375   376   377   378   379
    380   381   382   383   384   385   386   387   388   389   390   391   392   393   394   395   396   397   398   399
  Expected:  0.0  ...  399.0
  Data verification FAILED
  -----

08:46:19 WARN  python3&lt;stdout&gt; returned non-zero exit code 1 ... blocked 
08:46:19 WARN  Aborted test due to BLOCKED outcome
08:46:19 INFO  
08:46:19 INFO  cleanup:
08:46:23 INFO  Executed sudo&lt;tedge_disconnect_c8y&gt;, exit status 0
08:46:24 INFO  Executed systemctl&lt;serv_mapper5&gt;, exit status 3
08:46:24 INFO  
08:46:24 INFO  Test duration: 151.52 secs
08:46:24 INFO  Test final outcome:  BLOCKED
08:46:24 INFO  Test outcome reason: python3&lt;stdout&gt; returned non-zero exit code 1
08:46:24 INFO  
</system-out>
	</testcase>
</testsuite><testsuite name="tedge_agent_user_sudo_access" tests="1" errors="0" failures="0" skipped="1" time="0"><testcase classname="TedgeAgentUserSudoAccess" name="tedge_agent_user_sudo_access">
		<skipped message="SKIPPED: #955 Observation: Exit code of the apt plugin when called with no arguments" />
		<system-out>08:46:51 INFO  ==============================================================
08:46:51 INFO  Id:    tedge_agent_user_sudo_access
08:46:51 INFO  Dir:   tedge/
08:46:51 INFO  Title: Validate tedge-agent user has a limited sudo right
08:46:51 INFO  ==============================================================
08:46:51 INFO  #955 Observation: Exit code of the apt plugin when called with no arguments ... skipped
08:46:51 INFO  
08:46:51 INFO  Test duration: 0.02 secs
08:46:51 INFO  Test final outcome:  SKIPPED
08:46:51 INFO  Test outcome reason: #955 Observation: Exit code of the apt plugin when called with no arguments
08:46:51 INFO  
</system-out>
	</testcase>
</testsuite><testsuite name="tedge_connect_test_negative" tests="1" errors="0" failures="0" skipped="0" time="0"><testcase classname="TedgeConnectTestNegative" name="tedge_connect_test_negative" />
</testsuite><testsuite name="tedge_connect_test_positive" tests="1" errors="0" failures="0" skipped="0" time="0"><testcase classname="TedgeConnectTestPositive" name="tedge_connect_test_positive" />
</testsuite><testsuite name="tedge_connect_test_sm_services" tests="1" errors="0" failures="0" skipped="0" time="0"><testcase classname="TedgeConnectTestSMServices" name="tedge_connect_test_sm_services" />
</testsuite><testsuite name="tedge_disconnect_test_sm_services" tests="1" errors="0" failures="0" skipped="0" time="0"><testcase classname="TedgeDisConnectTestSMServices" name="tedge_disconnect_test_sm_services" />
</testsuite><testsuite name="tedge_mapper_az_negative" tests="1" errors="0" failures="0" skipped="0" time="0"><testcase classname="TedgeMapperAzError" name="tedge_mapper_az_negative" />
</testsuite><testsuite name="tedge_mapper_az_with_timestamp" tests="1" errors="0" failures="0" skipped="0" time="0"><testcase classname="TedgeMapperAzWithTimestamp" name="tedge_mapper_az_with_timestamp" />
</testsuite><testsuite name="tedge_mapper_az_without_timestamp" tests="1" errors="0" failures="0" skipped="0" time="0"><testcase classname="TedgeMapperAzWithoutTimestamp" name="tedge_mapper_az_without_timestamp" />
</testsuite><testsuite name="tedge_mapper_c8y_alarms" tests="1" errors="0" failures="0" skipped="0" time="0"><testcase classname="TedgeMapperC8yAlarm" name="tedge_mapper_c8y_alarms" />
</testsuite><testsuite name="tedge_mapper_c8y_child_device_measurement" tests="1" errors="0" failures="0" skipped="0" time="0"><testcase classname="TedgeMapperC8yChildDevice" name="tedge_mapper_c8y_child_device_measurement" />
</testsuite><testsuite name="tedge_mapper_c8y_packet_threshold_size" tests="1" errors="0" failures="1" skipped="0" time="0"><testcase classname="TedgeMapperC8yThresholdPacketSize" name="tedge_mapper_c8y_packet_threshold_size">
		<failure message="FAILED: Grep on tedge_sub.out contains &quot;The size of the message received on tedge/measurements is 20489 which is greater than the threshold size of 16184.&quot;" type="FAILED" />
		<system-out>08:51:11 INFO  ==============================================================
08:51:11 INFO  Id:    tedge_mapper_c8y_packet_threshold_size
08:51:11 INFO  Dir:   tedge_mapper_c8y/
08:51:11 INFO  Title: Validate the Cumulocity Mapper accepted threshold packet size when it receives a message on tedge/measurements
08:51:11 INFO  ==============================================================
08:51:11 INFO  Executed sudo&lt;tedge_mapper_c8y&gt;, exit status 0
08:51:11 INFO  Started sudo&lt;tedge_sub&gt; with process id 26913
08:51:12 INFO  Executed sudo&lt;tedge_msg&gt;, exit status 0
08:51:13 INFO  Executed sudo&lt;tedge_pub&gt;, exit status 0
08:51:13 INFO  Executed sudo&lt;kill_out&gt;, exit status 0
08:51:13 WARN  Grep on tedge_sub.out contains "The size of the message received on tedge/measurements is 20489 which is greater than the threshold size of 16184." ... failed [run.py:88]
08:51:13 INFO  
08:51:13 INFO  cleanup:
08:51:13 INFO  mapper_cleanup
08:51:14 INFO  Executed sudo&lt;tedge_mapper_c8y&gt;, exit status 0
08:51:14 INFO  
08:51:14 INFO  Test duration: 3.05 secs
08:51:14 INFO  Test final outcome:  FAILED
08:51:14 INFO  Test outcome reason: Grep on tedge_sub.out contains "The size of the message received on tedge/measurements is 20489 which is greater than the threshold size of 16184."
08:51:14 INFO  
</system-out>
	</testcase>
</testsuite><testsuite name="tedge_software_update" tests="1" errors="0" failures="0" skipped="0" time="0"><testcase classname="PySysTest" name="tedge_software_update" />
</testsuite><testsuite name="valid_device_id" tests="1" errors="0" failures="0" skipped="0" time="0"><testcase classname="ValidateValidDeviceId" name="valid_device_id" />
</testsuite></testsuites>