<?xml version='1.0' encoding='utf-8'?>
<testsuites tests="139" failures="16" errors="0" skipped="45" time="0.0"><testsuite name="SoftwareManagement.Plugin.apama_plugin_install" tests="3" errors="0" failures="0" skipped="1" time="0"><testcase classname="ApamaPluginInstallTest" name="SoftwareManagement.Plugin.apama_plugin_install">
		<skipped message="SKIPPED: Apama plugin tests are disabled by default. Execute `pysys run` with `-XmyPlatform=container` to run these tests" />
		<system-out>12:58:54 INFO  ==============================================================
12:58:54 INFO  Id:    SoftwareManagement.Plugin.apama_plugin_install
12:58:54 INFO  Dir:   plugin_apama/
12:58:54 INFO  Title: Validate apama plugin install
12:58:54 INFO  ==============================================================
12:58:54 INFO  Apama plugin tests are disabled by default. Execute `pysys run` with `-XmyPlatform=container` to run these tests ... skipped
12:58:54 WARN  Aborted test due to SKIPPED outcome
12:58:54 INFO  
12:58:54 INFO  Test duration: 0.05 secs
12:58:54 INFO  Test final outcome:  SKIPPED
12:58:54 INFO  Test outcome reason: Apama plugin tests are disabled by default. Execute `pysys run` with `-XmyPlatform=container` to run these tests
12:58:54 INFO  
</system-out>
	</testcase>
<testcase classname="ApamaPluginInstallTest" name="SoftwareManagement.Plugin.apama_plugin_install" />
<testcase classname="ApamaPluginInstallTest" name="SoftwareManagement.Plugin.apama_plugin_install" />
</testsuite><testsuite name="SoftwareManagement.Plugin.apama_plugin_mon_support" tests="3" errors="0" failures="0" skipped="1" time="0"><testcase classname="ApamaPluginMonSupportTest" name="SoftwareManagement.Plugin.apama_plugin_mon_support">
		<skipped message="SKIPPED: Apama plugin tests are disabled by default. Execute `pysys run` with `-XmyPlatform=container` to run these tests" />
		<system-out>12:58:54 INFO  ==============================================================
12:58:54 INFO  Id:    SoftwareManagement.Plugin.apama_plugin_mon_support
12:58:54 INFO  Dir:   plugin_apama/
12:58:54 INFO  Title: Validate mon file support of apama plugin
12:58:54 INFO  ==============================================================
12:58:54 INFO  Apama plugin tests are disabled by default. Execute `pysys run` with `-XmyPlatform=container` to run these tests ... skipped
12:58:54 WARN  Aborted test due to SKIPPED outcome
12:58:54 INFO  
12:58:54 INFO  Test duration: 0.05 secs
12:58:54 INFO  Test final outcome:  SKIPPED
12:58:54 INFO  Test outcome reason: Apama plugin tests are disabled by default. Execute `pysys run` with `-XmyPlatform=container` to run these tests
12:58:54 INFO  
</system-out>
	</testcase>
<testcase classname="ApamaPluginMonSupportTest" name="SoftwareManagement.Plugin.apama_plugin_mon_support" />
<testcase classname="ApamaPluginMonSupportTest" name="SoftwareManagement.Plugin.apama_plugin_mon_support" />
</testsuite><testsuite name="SoftwareManagement.Plugin.apama_plugin_remove" tests="3" errors="0" failures="0" skipped="1" time="0"><testcase classname="ApamaPluginRemoveTest" name="SoftwareManagement.Plugin.apama_plugin_remove">
		<skipped message="SKIPPED: Apama plugin tests are disabled by default. Execute `pysys run` with `-XmyPlatform=container` to run these tests" />
		<system-out>12:58:54 INFO  ==============================================================
12:58:54 INFO  Id:    SoftwareManagement.Plugin.apama_plugin_remove
12:58:54 INFO  Dir:   plugin_apama/
12:58:54 INFO  Title: Validate apama plugin remove
12:58:54 INFO  ==============================================================
12:58:54 INFO  Apama plugin tests are disabled by default. Execute `pysys run` with `-XmyPlatform=container` to run these tests ... skipped
12:58:54 WARN  Aborted test due to SKIPPED outcome
12:58:54 INFO  
12:58:54 INFO  Test duration: 0.05 secs
12:58:54 INFO  Test final outcome:  SKIPPED
12:58:54 INFO  Test outcome reason: Apama plugin tests are disabled by default. Execute `pysys run` with `-XmyPlatform=container` to run these tests
12:58:54 INFO  
</system-out>
	</testcase>
<testcase classname="ApamaPluginRemoveTest" name="SoftwareManagement.Plugin.apama_plugin_remove" />
<testcase classname="ApamaPluginRemoveTest" name="SoftwareManagement.Plugin.apama_plugin_remove" />
</testsuite><testsuite name="SoftwareManagement.Plugin.apama_plugin_update" tests="3" errors="0" failures="2" skipped="1" time="0"><testcase classname="ApamaPluginUpdateTest" name="SoftwareManagement.Plugin.apama_plugin_update">
		<skipped message="SKIPPED: Apama plugin tests are disabled by default. Execute `pysys run` with `-XmyPlatform=container` to run these tests" />
		<system-out>12:58:54 INFO  ==============================================================
12:58:54 INFO  Id:    SoftwareManagement.Plugin.apama_plugin_update
12:58:54 INFO  Dir:   plugin_apama/
12:58:54 INFO  Title: Validate apama plugin updating one project with another
12:58:54 INFO  ==============================================================
12:58:54 INFO  Apama plugin tests are disabled by default. Execute `pysys run` with `-XmyPlatform=container` to run these tests ... skipped
12:58:54 WARN  Aborted test due to SKIPPED outcome
12:58:54 INFO  
12:58:54 INFO  Test duration: 0.02 secs
12:58:54 INFO  Test final outcome:  SKIPPED
12:58:54 INFO  Test outcome reason: Apama plugin tests are disabled by default. Execute `pysys run` with `-XmyPlatform=container` to run these tests
12:58:54 INFO  
</system-out>
	</testcase>
<testcase classname="ApamaPluginUpdateTest" name="SoftwareManagement.Plugin.apama_plugin_update">
		<failure message="BLOCKED: sudo&lt;plugin_install&gt; returned non-zero exit code 2" type="BLOCKED" />
		<system-out>13:50:49 INFO  ==============================================================
13:50:49 INFO  Id:    SoftwareManagement.Plugin.apama_plugin_update
13:50:49 INFO  Dir:   plugin_apama/
13:50:49 INFO  Title: Validate apama plugin updating one project with another
13:50:49 INFO  ==============================================================
13:50:49 INFO  Assertion that path exists=False for "/etc/tedge/apama/project" ... passed
13:50:50 INFO  Executed sudo&lt;create_project_dir&gt;, exit status 0
13:50:50 INFO  Executed sudo&lt;unzip_apama_project&gt;, exit status 0
13:50:51 INFO  Executed sudo&lt;move_apama_project&gt;, exit status 0
13:50:52 INFO  Executed sudo&lt;restart_apama_service&gt;, exit status 0
13:50:52 INFO  Executed sudo&lt;apama_correlator_wait&gt;, exit status 0
13:50:52 INFO  Assertion that path exists=True for "/etc/tedge/apama/project" ... passed
13:50:53 INFO  Executed sudo&lt;apama_list_monitors&gt;, exit status 0
13:50:53 INFO  Grep on file /home/pi/actions-runner/_work/thin-edge.io/thin-edge.io/tests/PySys/plugin_apama/apama_plugin_update/Output/linux/apama_list_monitors.out ... passed
13:50:54 WARN  Executed sudo&lt;plugin_install&gt;, exit status 2
13:50:54 INFO  Contents of plugin_install.err: 
  ERROR: Directory not empty (os error 39)
  -----

13:50:54 WARN  sudo&lt;plugin_install&gt; returned non-zero exit code 2 ... blocked [run.py:35]
13:50:54 WARN  Aborted test due to BLOCKED outcome
13:50:54 INFO  
13:50:54 INFO  cleanup:
13:50:54 INFO  Removing apama project
13:51:10 INFO  Executed sudo&lt;stop_apama_service&gt;, exit status 0, duration 15 secs
13:51:10 INFO  Executed sudo&lt;remove_apama_project&gt;, exit status 0
13:51:11 INFO  Executed sudo&lt;remove_apama_tmp_dir&gt;, exit status 0
13:51:11 INFO  
13:51:11 INFO  Test duration: 21.74 secs
13:51:11 INFO  Test final outcome:  BLOCKED
13:51:11 INFO  Test outcome reason: sudo&lt;plugin_install&gt; returned non-zero exit code 2
13:51:11 INFO  
</system-out>
	</testcase>
<testcase classname="ApamaPluginUpdateTest" name="SoftwareManagement.Plugin.apama_plugin_update">
		<failure message="BLOCKED: sudo&lt;plugin_install&gt; returned non-zero exit code 2" type="BLOCKED" />
		<system-out>13:59:39 INFO  ==============================================================
13:59:39 INFO  Id:    SoftwareManagement.Plugin.apama_plugin_update
13:59:39 INFO  Dir:   plugin_apama/
13:59:39 INFO  Title: Validate apama plugin updating one project with another
13:59:39 INFO  ==============================================================
13:59:39 INFO  Assertion that path exists=False for "/etc/tedge/apama/project" ... passed
13:59:40 INFO  Executed sudo&lt;create_project_dir&gt;, exit status 0
13:59:40 INFO  Executed sudo&lt;unzip_apama_project&gt;, exit status 0
13:59:41 INFO  Executed sudo&lt;move_apama_project&gt;, exit status 0
13:59:41 INFO  Executed sudo&lt;restart_apama_service&gt;, exit status 0
13:59:42 INFO  Executed sudo&lt;apama_correlator_wait&gt;, exit status 0
13:59:42 INFO  Assertion that path exists=True for "/etc/tedge/apama/project" ... passed
13:59:43 INFO  Executed sudo&lt;apama_list_monitors&gt;, exit status 0
13:59:43 INFO  Grep on file /home/pi/actions-runner/_work/thin-edge.io/thin-edge.io/tests/PySys/plugin_apama/apama_plugin_update/Output/linux/apama_list_monitors.out ... passed
13:59:44 WARN  Executed sudo&lt;plugin_install&gt;, exit status 2
13:59:44 INFO  Contents of plugin_install.err: 
  ERROR: Directory not empty (os error 39)
  -----

13:59:44 WARN  sudo&lt;plugin_install&gt; returned non-zero exit code 2 ... blocked [run.py:35]
13:59:44 WARN  Aborted test due to BLOCKED outcome
13:59:44 INFO  
13:59:44 INFO  cleanup:
13:59:44 INFO  Removing apama project
14:00:00 INFO  Executed sudo&lt;stop_apama_service&gt;, exit status 0, duration 15 secs
14:00:00 INFO  Executed sudo&lt;remove_apama_project&gt;, exit status 0
14:00:01 INFO  Executed sudo&lt;remove_apama_tmp_dir&gt;, exit status 0
14:00:01 INFO  
14:00:01 INFO  Test duration: 21.53 secs
14:00:01 INFO  Test final outcome:  BLOCKED
14:00:01 INFO  Test outcome reason: sudo&lt;plugin_install&gt; returned non-zero exit code 2
14:00:01 INFO  
</system-out>
	</testcase>
</testsuite><testsuite name="SoftwareManagement.sm_apt_install_download_path" tests="3" errors="0" failures="2" skipped="1" time="0"><testcase classname="AptInstallWithDownloadPath" name="SoftwareManagement.sm_apt_install_download_path">
		<skipped message="SKIPPED: Testing the apt plugin is not supported on this platform.Use parameter -XmyPlatform='container' to enable it" />
		<system-out>13:08:40 INFO  ==============================================================
13:08:40 INFO  Id:    SoftwareManagement.sm_apt_install_download_path
13:08:40 INFO  Dir:   software_management_end_to_end/
13:08:40 INFO  Title: Install package to directory specified in tedge config set tmp.path
13:08:40 INFO  ==============================================================
13:08:40 INFO  Testing the apt plugin is not supported on this platform.Use parameter -XmyPlatform='container' to enable it ... skipped
13:08:40 WARN  Aborted test due to SKIPPED outcome
13:08:40 INFO  
13:08:40 INFO  Test duration: 0.06 secs
13:08:40 INFO  Test final outcome:  SKIPPED
13:08:40 INFO  Test outcome reason: Testing the apt plugin is not supported on this platform.Use parameter -XmyPlatform='container' to enable it
13:08:40 INFO  
</system-out>
	</testcase>
<testcase classname="AptInstallWithDownloadPath" name="SoftwareManagement.sm_apt_install_download_path">
		<failure message="BLOCKED: AssertionError:" type="BLOCKED" />
		<system-out>13:32:24 INFO  ==============================================================
13:32:24 INFO  Id:    SoftwareManagement.sm_apt_install_download_path
13:32:24 INFO  Dir:   software_management_end_to_end/
13:32:24 INFO  Title: Install package to directory specified in tedge config set tmp.path
13:32:24 INFO  ==============================================================
13:32:24 INFO  Using sw id database: {'asciijump': '5475369', 'robotfindskitten': '5474869', 'squirrel3': '5475279', 'rolldice': '5152439', 'moon-buggy': '5439204', 'apple': '5495053', 'banana': '5494888', 'cherry': '5495382', 'watermelon': '5494510', 'registry': '8018911', 'hello-world': '8021526', 'docker/getting-started': '8021973', 'alpine': '7991792'}
13:32:24 INFO  EnvironmentC8y Setup
13:32:25 INFO  Executed systemctl&lt;serv_mapper1&gt;, exit status 3
13:32:40 INFO  Executed sudo&lt;tedge_connect_c8y&gt;, exit status 0, duration 14 secs
13:32:41 INFO  Executed sudo&lt;tedge_connect_c8y_test&gt;, exit status 0
13:32:43 INFO  Executed systemctl&lt;serv_mosq2&gt;, exit status 0
13:32:43 INFO  Executed systemctl&lt;serv_mapper3&gt;, exit status 0
13:32:45 INFO  State of current operation: SUCCESSFUL
13:32:46 INFO  Assert that (False == value) with value=False ... passed
13:32:46 INFO  Executed sudo, exit status 0
13:32:47 INFO  Executed sudo, exit status 0
13:32:47 INFO  Executed sudo, exit status 0
13:32:51 INFO  Executed sudo&lt;tedge_disconnect_c8y&gt;, exit status 0
13:32:51 INFO  Restarting mosquitto too frequently in the last 10 seconds. It was only up for 3 seconds
13:32:51 INFO  Delaying execution by 8 seconds
13:33:14 INFO  Executed sudo&lt;tedge_connect_c8y&gt;, exit status 0, duration 14 secs
13:33:14 INFO  Response status: 201
13:33:14 INFO  Response to action: {
    "creationTime": "2022-06-08T13:33:14.332Z",
    "deviceId": "20034146",
    "deviceName": "m32sd10d",
    "self": "https://t493319102.eu-latest.cumulocity.com/devicecontrol/operations/20054674",
    "id": "20054674",
    "status": "PENDING",
    "description": "Apply software changes, triggered from PySys: [{'name': 'rolldice', 'id': '5152439', 'version': '::apt', 'url': 'https://thin-edge-io.eu-latest.cumulocity.com/inventory/binaries/12435463', 'action': 'install'}]",
    "c8y_SoftwareUpdate": [
        {
            "name": "rolldice",
            "action": "install",
            "id": "5152439",
            "version": "::apt",
            "url": "https://thin-edge-io.eu-latest.cumulocity.com/inventory/binaries/12435463"
        }
    ]
}
13:33:14 INFO  Started operation: {'creationTime': '2022-06-08T13:33:14.332Z', 'deviceId': '20034146', 'deviceName': 'm32sd10d', 'self': 'https://t493319102.eu-latest.cumulocity.com/devicecontrol/operations/20054674', 'id': '20054674', 'status': 'PENDING', 'description': "Apply software changes, triggered from PySys: [{'name': 'rolldice', 'id': '5152439', 'version': '::apt', 'url': 'https://thin-edge-io.eu-latest.cumulocity.com/inventory/binaries/12435463', 'action': 'install'}]", 'c8y_SoftwareUpdate': [{'name': 'rolldice', 'action': 'install', 'id': '5152439', 'version': '::apt', 'url': 'https://thin-edge-io.eu-latest.cumulocity.com/inventory/binaries/12435463'}]}
13:33:14 WARN  , retrying in 0.5 seconds...
13:33:14 WARN  , retrying in 0.5 seconds...
13:33:15 WARN  , retrying in 0.5 seconds...
13:33:15 WARN  , retrying in 0.5 seconds...
13:33:16 WARN  , retrying in 0.5 seconds...
13:33:16 WARN  , retrying in 0.5 seconds...
13:33:17 WARN  , retrying in 0.5 seconds...
13:33:17 WARN  , retrying in 0.5 seconds...
13:33:18 WARN  , retrying in 0.5 seconds...
13:33:18 WARN  AssertionError occurred while running test - 
Traceback (most recent call last):
  File "/home/pi/env-pysys/lib/python3.7/site-packages/pysys/baserunner.py", line 1294, in __call__
    self.testObj.execute()
  File "/home/pi/actions-runner/_work/thin-edge.io/thin-edge.io/tests/PySys/software_management_end_to_end/sm_apt_install_download_path/run.py", line 83, in execute
    assert_install_in_download_path(install_directory=self.DOWNLOAD_DIR)
  File "/home/pi/env-pysys/lib/python3.7/site-packages/decorator.py", line 232, in fun
    return caller(func, *(extras + args), **kw)
  File "/home/pi/env-pysys/lib/python3.7/site-packages/retry/api.py", line 74, in retry_decorator
    logger)
  File "/home/pi/env-pysys/lib/python3.7/site-packages/retry/api.py", line 33, in __retry_internal
    return f()
  File "/home/pi/actions-runner/_work/thin-edge.io/thin-edge.io/tests/PySys/software_management_end_to_end/sm_apt_install_download_path/run.py", line 28, in assert_install_in_download_path
    assert "rolldice" in os.listdir(f"{install_directory}")
AssertionError
13:33:19 WARN  AssertionError: ... blocked 
13:33:19 INFO  
13:33:19 INFO  cleanup:
13:33:20 INFO  Executed sudo, exit status 0
13:33:20 INFO  Executed sudo, exit status 0
13:33:25 INFO  Executed sudo&lt;tedge_disconnect_c8y&gt;, exit status 0
13:33:25 INFO  Restarting mosquitto too frequently in the last 10 seconds. It was only up for 4 seconds
13:33:25 INFO  Delaying execution by 7 seconds
13:33:47 INFO  Executed sudo&lt;tedge_connect_c8y&gt;, exit status 0, duration 14 secs
13:33:52 INFO  Executed sudo&lt;tedge_disconnect_c8y&gt;, exit status 0
13:33:52 INFO  Executed systemctl&lt;serv_mapper5&gt;, exit status 3
13:33:52 INFO  
13:33:52 INFO  Test duration: 88.47 secs
13:33:52 INFO  Test final outcome:  BLOCKED
13:33:52 INFO  Test outcome reason: AssertionError:
13:33:52 INFO  
</system-out>
	</testcase>
<testcase classname="AptInstallWithDownloadPath" name="SoftwareManagement.sm_apt_install_download_path">
		<failure message="BLOCKED: AssertionError:" type="BLOCKED" />
		<system-out>14:00:01 INFO  ==============================================================
14:00:01 INFO  Id:    SoftwareManagement.sm_apt_install_download_path
14:00:01 INFO  Dir:   software_management_end_to_end/
14:00:01 INFO  Title: Install package to directory specified in tedge config set tmp.path
14:00:01 INFO  ==============================================================
14:00:02 INFO  Using sw id database: {'asciijump': '5475369', 'robotfindskitten': '5474869', 'squirrel3': '5475279', 'rolldice': '5152439', 'moon-buggy': '5439204', 'apple': '5495053', 'banana': '5494888', 'cherry': '5495382', 'watermelon': '5494510', 'registry': '8018911', 'hello-world': '8021526', 'docker/getting-started': '8021973', 'alpine': '7991792'}
14:00:02 INFO  EnvironmentC8y Setup
14:00:02 INFO  Executed systemctl&lt;serv_mapper1&gt;, exit status 3
14:00:19 INFO  Executed sudo&lt;tedge_connect_c8y&gt;, exit status 0, duration 16 secs
14:00:20 INFO  Executed sudo&lt;tedge_connect_c8y_test&gt;, exit status 0
14:00:20 INFO  Executed systemctl&lt;serv_mosq2&gt;, exit status 0
14:00:21 INFO  Executed systemctl&lt;serv_mapper3&gt;, exit status 0
14:00:23 INFO  State of current operation: SUCCESSFUL
14:00:23 INFO  Assert that (False == value) with value=False ... passed
14:00:24 INFO  Executed sudo, exit status 0
14:00:24 INFO  Executed sudo, exit status 0
14:00:25 INFO  Executed sudo, exit status 0
14:00:30 INFO  Executed sudo&lt;tedge_disconnect_c8y&gt;, exit status 0
14:00:30 INFO  Restarting mosquitto too frequently in the last 10 seconds. It was only up for 4 seconds
14:00:30 INFO  Delaying execution by 7 seconds
14:00:51 INFO  Executed sudo&lt;tedge_connect_c8y&gt;, exit status 0, duration 13 secs
14:00:51 INFO  Response status: 201
14:00:51 INFO  Response to action: {
    "delivery": {
        "log": [],
        "time": "2022-06-08T14:00:51.607Z",
        "status": "PENDING"
    },
    "creationTime": "2022-06-08T14:00:51.587Z",
    "deviceId": "20034146",
    "deviceName": "m32sd10d",
    "self": "https://t493319102.eu-latest.cumulocity.com/devicecontrol/operations/20054853",
    "id": "20054853",
    "status": "PENDING",
    "description": "Apply software changes, triggered from PySys: [{'name': 'rolldice', 'id': '5152439', 'version': '::apt', 'url': 'https://thin-edge-io.eu-latest.cumulocity.com/inventory/binaries/12435463', 'action': 'install'}]",
    "c8y_SoftwareUpdate": [
        {
            "name": "rolldice",
            "action": "install",
            "id": "5152439",
            "version": "::apt",
            "url": "https://thin-edge-io.eu-latest.cumulocity.com/inventory/binaries/12435463"
        }
    ]
}
14:00:51 INFO  Started operation: {'delivery': {'log': [], 'time': '2022-06-08T14:00:51.607Z', 'status': 'PENDING'}, 'creationTime': '2022-06-08T14:00:51.587Z', 'deviceId': '20034146', 'deviceName': 'm32sd10d', 'self': 'https://t493319102.eu-latest.cumulocity.com/devicecontrol/operations/20054853', 'id': '20054853', 'status': 'PENDING', 'description': "Apply software changes, triggered from PySys: [{'name': 'rolldice', 'id': '5152439', 'version': '::apt', 'url': 'https://thin-edge-io.eu-latest.cumulocity.com/inventory/binaries/12435463', 'action': 'install'}]", 'c8y_SoftwareUpdate': [{'name': 'rolldice', 'action': 'install', 'id': '5152439', 'version': '::apt', 'url': 'https://thin-edge-io.eu-latest.cumulocity.com/inventory/binaries/12435463'}]}
14:00:51 WARN  , retrying in 0.5 seconds...
14:00:52 WARN  , retrying in 0.5 seconds...
14:00:52 WARN  , retrying in 0.5 seconds...
14:00:53 WARN  , retrying in 0.5 seconds...
14:00:53 WARN  , retrying in 0.5 seconds...
14:00:54 WARN  , retrying in 0.5 seconds...
14:00:54 WARN  , retrying in 0.5 seconds...
14:00:55 WARN  , retrying in 0.5 seconds...
14:00:55 WARN  , retrying in 0.5 seconds...
14:00:56 WARN  AssertionError occurred while running test - 
Traceback (most recent call last):
  File "/home/pi/env-pysys/lib/python3.7/site-packages/pysys/baserunner.py", line 1294, in __call__
    self.testObj.execute()
  File "/home/pi/actions-runner/_work/thin-edge.io/thin-edge.io/tests/PySys/software_management_end_to_end/sm_apt_install_download_path/run.py", line 83, in execute
    assert_install_in_download_path(install_directory=self.DOWNLOAD_DIR)
  File "/home/pi/env-pysys/lib/python3.7/site-packages/decorator.py", line 232, in fun
    return caller(func, *(extras + args), **kw)
  File "/home/pi/env-pysys/lib/python3.7/site-packages/retry/api.py", line 74, in retry_decorator
    logger)
  File "/home/pi/env-pysys/lib/python3.7/site-packages/retry/api.py", line 33, in __retry_internal
    return f()
  File "/home/pi/actions-runner/_work/thin-edge.io/thin-edge.io/tests/PySys/software_management_end_to_end/sm_apt_install_download_path/run.py", line 28, in assert_install_in_download_path
    assert "rolldice" in os.listdir(f"{install_directory}")
AssertionError
14:00:57 WARN  AssertionError: ... blocked 
14:00:57 INFO  
14:00:57 INFO  cleanup:
14:00:58 INFO  Executed sudo, exit status 0
14:00:58 INFO  Executed sudo, exit status 0
14:01:03 INFO  Executed sudo&lt;tedge_disconnect_c8y&gt;, exit status 0
14:01:04 INFO  Restarting mosquitto too frequently in the last 10 seconds. It was only up for 5 seconds
14:01:04 INFO  Delaying execution by 6 seconds
14:01:24 INFO  Executed sudo&lt;tedge_connect_c8y&gt;, exit status 0, duration 14 secs
14:01:28 INFO  Executed sudo&lt;tedge_disconnect_c8y&gt;, exit status 0
14:01:28 INFO  Executed systemctl&lt;serv_mapper5&gt;, exit status 3
14:01:28 INFO  
14:01:28 INFO  Test duration: 87.81 secs
14:01:28 INFO  Test final outcome:  BLOCKED
14:01:28 INFO  Test outcome reason: AssertionError:
14:01:28 INFO  
</system-out>
	</testcase>
</testsuite><testsuite name="SoftwareManagement.sm_apt_install_fail" tests="3" errors="0" failures="0" skipped="1" time="0"><testcase classname="PySysTest" name="SoftwareManagement.sm_apt_install_fail">
		<skipped message="SKIPPED: Testing the apt plugin is not supported on this platform.Use parameter -XmyPlatform='container' to enable it" />
		<system-out>13:08:40 INFO  ==============================================================
13:08:40 INFO  Id:    SoftwareManagement.sm_apt_install_fail
13:08:40 INFO  Dir:   software_management_end_to_end/
13:08:40 INFO  Title: Validate end to end behaviour for a failing installation
13:08:40 INFO  ==============================================================
13:08:40 INFO  Testing the apt plugin is not supported on this platform.Use parameter -XmyPlatform='container' to enable it ... skipped
13:08:40 WARN  Aborted test due to SKIPPED outcome
13:08:40 INFO  
13:08:40 INFO  Test duration: 0.02 secs
13:08:40 INFO  Test final outcome:  SKIPPED
13:08:40 INFO  Test outcome reason: Testing the apt plugin is not supported on this platform.Use parameter -XmyPlatform='container' to enable it
13:08:40 INFO  
</system-out>
	</testcase>
<testcase classname="PySysTest" name="SoftwareManagement.sm_apt_install_fail" />
<testcase classname="PySysTest" name="SoftwareManagement.sm_apt_install_fail" />
</testsuite><testsuite name="SoftwareManagement.sm_apt_install_remove" tests="3" errors="0" failures="0" skipped="1" time="0"><testcase classname="PySysTest" name="SoftwareManagement.sm_apt_install_remove">
		<skipped message="SKIPPED: Testing the apt plugin is not supported on this platform.Use parameter -XmyPlatform='container' to enable it" />
		<system-out>13:08:41 INFO  ==============================================================
13:08:41 INFO  Id:    SoftwareManagement.sm_apt_install_remove
13:08:41 INFO  Dir:   software_management_end_to_end/
13:08:41 INFO  Title: Validate end to end behaviour for the apt plugin for installation and removal of packages
13:08:41 INFO  ==============================================================
13:08:41 INFO  Testing the apt plugin is not supported on this platform.Use parameter -XmyPlatform='container' to enable it ... skipped
13:08:41 WARN  Aborted test due to SKIPPED outcome
13:08:41 INFO  
13:08:41 INFO  Test duration: 0.02 secs
13:08:41 INFO  Test final outcome:  SKIPPED
13:08:41 INFO  Test outcome reason: Testing the apt plugin is not supported on this platform.Use parameter -XmyPlatform='container' to enable it
13:08:41 INFO  
</system-out>
	</testcase>
<testcase classname="PySysTest" name="SoftwareManagement.sm_apt_install_remove" />
<testcase classname="PySysTest" name="SoftwareManagement.sm_apt_install_remove" />
</testsuite><testsuite name="SoftwareManagement.sm_apt_install_remove_default" tests="3" errors="0" failures="0" skipped="1" time="0"><testcase classname="PySysTest" name="SoftwareManagement.sm_apt_install_remove_default">
		<skipped message="SKIPPED: Testing the apt plugin is not supported on this platform.Use parameter -XmyPlatform='container' to enable it" />
		<system-out>13:08:41 INFO  ==============================================================
13:08:41 INFO  Id:    SoftwareManagement.sm_apt_install_remove_default
13:08:41 INFO  Dir:   software_management_end_to_end/
13:08:41 INFO  Title: Validate end to end behaviour for the default plugin for installation and removal of packages
13:08:41 INFO  ==============================================================
13:08:41 INFO  Testing the apt plugin is not supported on this platform.Use parameter -XmyPlatform='container' to enable it ... skipped
13:08:41 WARN  Aborted test due to SKIPPED outcome
13:08:41 INFO  
13:08:41 INFO  Test duration: 0.02 secs
13:08:41 INFO  Test final outcome:  SKIPPED
13:08:41 INFO  Test outcome reason: Testing the apt plugin is not supported on this platform.Use parameter -XmyPlatform='container' to enable it
13:08:41 INFO  
</system-out>
	</testcase>
<testcase classname="PySysTest" name="SoftwareManagement.sm_apt_install_remove_default" />
<testcase classname="PySysTest" name="SoftwareManagement.sm_apt_install_remove_default" />
</testsuite><testsuite name="SoftwareManagement.sm_apt_install_remove_multiple" tests="3" errors="0" failures="2" skipped="1" time="0"><testcase classname="PySysTest" name="SoftwareManagement.sm_apt_install_remove_multiple">
		<skipped message="SKIPPED: Testing the apt plugin is not supported on this platform.Use parameter -XmyPlatform='container' to enable it" />
		<system-out>13:08:41 INFO  ==============================================================
13:08:41 INFO  Id:    SoftwareManagement.sm_apt_install_remove_multiple
13:08:41 INFO  Dir:   software_management_end_to_end/
13:08:41 INFO  Title: Validate end to end behaviour for the apt plugin for multiple packages
13:08:41 INFO  ==============================================================
13:08:41 INFO  Testing the apt plugin is not supported on this platform.Use parameter -XmyPlatform='container' to enable it ... skipped
13:08:41 WARN  Aborted test due to SKIPPED outcome
13:08:41 INFO  
13:08:41 INFO  Test duration: 0.02 secs
13:08:41 INFO  Test final outcome:  SKIPPED
13:08:41 INFO  Test outcome reason: Testing the apt plugin is not supported on this platform.Use parameter -XmyPlatform='container' to enable it
13:08:41 INFO  
</system-out>
	</testcase>
<testcase classname="PySysTest" name="SoftwareManagement.sm_apt_install_remove_multiple">
		<failure message="FAILED: Assert that (False == value) with value=True" type="FAILED" />
		<system-out>13:40:47 INFO  ==============================================================
13:40:47 INFO  Id:    SoftwareManagement.sm_apt_install_remove_multiple
13:40:47 INFO  Dir:   software_management_end_to_end/
13:40:47 INFO  Title: Validate end to end behaviour for the apt plugin for multiple packages
13:40:47 INFO  ==============================================================
13:40:47 INFO  Using sw id database: {'asciijump': '5475369', 'robotfindskitten': '5474869', 'squirrel3': '5475279', 'rolldice': '5152439', 'moon-buggy': '5439204', 'apple': '5495053', 'banana': '5494888', 'cherry': '5495382', 'watermelon': '5494510', 'registry': '8018911', 'hello-world': '8021526', 'docker/getting-started': '8021973', 'alpine': '7991792'}
13:40:47 INFO  EnvironmentC8y Setup
13:40:48 INFO  Executed systemctl&lt;serv_mapper1&gt;, exit status 3
13:40:48 INFO  Restarting mosquitto too frequently in the last 10 seconds. It was only up for 5 seconds
13:40:48 INFO  Delaying execution by 6 seconds
13:41:08 INFO  Executed sudo&lt;tedge_connect_c8y&gt;, exit status 0, duration 14 secs
13:41:09 INFO  Executed sudo&lt;tedge_connect_c8y_test&gt;, exit status 0
13:41:09 INFO  Executed systemctl&lt;serv_mosq2&gt;, exit status 0
13:41:10 INFO  Executed systemctl&lt;serv_mapper3&gt;, exit status 0
13:41:12 INFO  State of current operation: SUCCESSFUL
13:41:12 INFO  Assert that (False == value) with value=False ... passed
13:41:13 INFO  Assert that (False == value) with value=False ... passed
13:41:13 INFO  Assert that (False == value) with value=False ... passed
13:41:13 INFO  Package robotfindskitten is installed
13:41:13 WARN  Assert that (False == value) with value=True ... failed 
13:41:13 INFO  Response status: 201
13:41:13 INFO  Response to action: {
    "delivery": {
        "log": [],
        "time": "2022-06-08T13:41:13.934Z",
        "status": "PENDING"
    },
    "creationTime": "2022-06-08T13:41:13.911Z",
    "deviceId": "20034146",
    "deviceName": "m32sd10d",
    "self": "https://t493319102.eu-latest.cumulocity.com/devicecontrol/operations/20054746",
    "id": "20054746",
    "status": "PENDING",
    "description": "Apply software changes, triggered from PySys: [{'action': 'install', 'id': '5475369', 'name': 'asciijump', 'url': ' ', 'version': '::apt'}, {'action': 'install', 'id': '5474869', 'name': 'robotfindskitten', 'url': ' ', 'version': '::apt'}, {'action': 'install', 'id': '5475279', 'name': 'squirrel3', 'url': ' ', 'version': '::apt'}]",
    "c8y_SoftwareUpdate": [
        {
            "name": "asciijump",
            "action": "install",
            "id": "5475369",
            "version": "::apt",
            "url": " "
        },
        {
            "name": "robotfindskitten",
            "action": "install",
            "id": "5474869",
            "version": "::apt",
            "url": " "
        },
        {
            "name": "squirrel3",
            "action": "install",
            "id": "5475279",
            "version": "::apt",
            "url": " "
        }
    ]
}
13:41:13 INFO  Started operation: {'delivery': {'log': [], 'time': '2022-06-08T13:41:13.934Z', 'status': 'PENDING'}, 'creationTime': '2022-06-08T13:41:13.911Z', 'deviceId': '20034146', 'deviceName': 'm32sd10d', 'self': 'https://t493319102.eu-latest.cumulocity.com/devicecontrol/operations/20054746', 'id': '20054746', 'status': 'PENDING', 'description': "Apply software changes, triggered from PySys: [{'action': 'install', 'id': '5475369', 'name': 'asciijump', 'url': ' ', 'version': '::apt'}, {'action': 'install', 'id': '5474869', 'name': 'robotfindskitten', 'url': ' ', 'version': '::apt'}, {'action': 'install', 'id': '5475279', 'name': 'squirrel3', 'url': ' ', 'version': '::apt'}]", 'c8y_SoftwareUpdate': [{'name': 'asciijump', 'action': 'install', 'id': '5475369', 'version': '::apt', 'url': ' '}, {'name': 'robotfindskitten', 'action': 'install', 'id': '5474869', 'version': '::apt', 'url': ' '}, {'name': 'squirrel3', 'action': 'install', 'id': '5475279', 'version': '::apt', 'url': ' '}]}
13:41:16 INFO  State of operation 20054746 : PENDING
13:41:18 INFO  State of operation 20054746 : EXECUTING
13:41:20 INFO  State of operation 20054746 : EXECUTING
13:41:22 INFO  State of operation 20054746 : EXECUTING
13:41:25 INFO  State of operation 20054746 : EXECUTING
13:41:27 INFO  State of operation 20054746 : EXECUTING
13:41:30 INFO  State of operation 20054746 : EXECUTING
13:41:32 INFO  State of operation 20054746 : EXECUTING
13:41:35 INFO  State of operation 20054746 : EXECUTING
13:41:37 INFO  State of operation 20054746 : EXECUTING
13:41:39 INFO  State of operation 20054746 : EXECUTING
13:41:42 INFO  State of operation 20054746 : EXECUTING
13:41:44 INFO  State of operation 20054746 : EXECUTING
13:41:46 INFO  State of operation 20054746 : EXECUTING
13:41:48 INFO  State of operation 20054746 : EXECUTING
13:41:51 INFO  State of operation 20054746 : EXECUTING
13:41:53 INFO  State of operation 20054746 : EXECUTING
13:41:56 INFO  State of operation 20054746 : EXECUTING
13:41:58 INFO  State of operation 20054746 : EXECUTING
13:42:00 INFO  State of operation 20054746 : EXECUTING
13:42:03 INFO  State of operation 20054746 : EXECUTING
13:42:05 INFO  State of operation 20054746 : EXECUTING
13:42:08 INFO  State of operation 20054746 : EXECUTING
13:42:11 INFO  State of operation 20054746 : EXECUTING
13:42:13 INFO  State of operation 20054746 : EXECUTING
13:42:16 INFO  State of operation 20054746 : EXECUTING
13:42:18 INFO  State of operation 20054746 : EXECUTING
13:42:21 INFO  State of operation 20054746 : EXECUTING
13:42:23 INFO  State of operation 20054746 : EXECUTING
13:42:25 INFO  State of operation 20054746 : EXECUTING
13:42:28 INFO  State of operation 20054746 : EXECUTING
13:42:30 INFO  State of operation 20054746 : EXECUTING
13:42:32 INFO  State of operation 20054746 : EXECUTING
13:42:34 INFO  State of operation 20054746 : SUCCESSFUL
13:42:34 INFO  Assert that (False == value) with value=False ... passed
13:42:35 INFO  Package asciijump is installed
13:42:35 INFO  Assert that (True == value) with value=True ... passed
13:42:36 INFO  Package squirrel3 is installed
13:42:36 INFO  Assert that (True == value) with value=True ... passed
13:42:36 INFO  Package robotfindskitten is installed
13:42:36 INFO  Assert that (True == value) with value=True ... passed
13:42:36 INFO  Response status: 201
13:42:36 INFO  Response to action: {
    "delivery": {
        "log": [],
        "time": "2022-06-08T13:42:36.627Z",
        "status": "PENDING"
    },
    "creationTime": "2022-06-08T13:42:36.610Z",
    "deviceId": "20034146",
    "deviceName": "m32sd10d",
    "self": "https://t493319102.eu-latest.cumulocity.com/devicecontrol/operations/20054758",
    "id": "20054758",
    "status": "PENDING",
    "description": "Apply software changes, triggered from PySys: [{'action': 'delete', 'id': '5475369', 'name': 'asciijump', 'url': ' ', 'version': '::apt'}, {'action': 'delete', 'id': '5474869', 'name': 'robotfindskitten', 'url': ' ', 'version': '::apt'}, {'action': 'delete', 'id': '5475279', 'name': 'squirrel3', 'url': ' ', 'version': '::apt'}]",
    "c8y_SoftwareUpdate": [
        {
            "name": "asciijump",
            "action": "delete",
            "id": "5475369",
            "version": "::apt",
            "url": " "
        },
        {
            "name": "robotfindskitten",
            "action": "delete",
            "id": "5474869",
            "version": "::apt",
            "url": " "
        },
        {
            "name": "squirrel3",
            "action": "delete",
            "id": "5475279",
            "version": "::apt",
            "url": " "
        }
    ]
}
13:42:36 INFO  Started operation: {'delivery': {'log': [], 'time': '2022-06-08T13:42:36.627Z', 'status': 'PENDING'}, 'creationTime': '2022-06-08T13:42:36.610Z', 'deviceId': '20034146', 'deviceName': 'm32sd10d', 'self': 'https://t493319102.eu-latest.cumulocity.com/devicecontrol/operations/20054758', 'id': '20054758', 'status': 'PENDING', 'description': "Apply software changes, triggered from PySys: [{'action': 'delete', 'id': '5475369', 'name': 'asciijump', 'url': ' ', 'version': '::apt'}, {'action': 'delete', 'id': '5474869', 'name': 'robotfindskitten', 'url': ' ', 'version': '::apt'}, {'action': 'delete', 'id': '5475279', 'name': 'squirrel3', 'url': ' ', 'version': '::apt'}]", 'c8y_SoftwareUpdate': [{'name': 'asciijump', 'action': 'delete', 'id': '5475369', 'version': '::apt', 'url': ' '}, {'name': 'robotfindskitten', 'action': 'delete', 'id': '5474869', 'version': '::apt', 'url': ' '}, {'name': 'squirrel3', 'action': 'delete', 'id': '5475279', 'version': '::apt', 'url': ' '}]}
13:42:38 INFO  State of operation 20054758 : PENDING
13:42:41 INFO  State of operation 20054758 : EXECUTING
13:42:43 INFO  State of operation 20054758 : EXECUTING
13:42:45 INFO  State of operation 20054758 : EXECUTING
13:42:48 INFO  State of operation 20054758 : EXECUTING
13:42:50 INFO  State of operation 20054758 : EXECUTING
13:42:53 INFO  State of operation 20054758 : EXECUTING
13:42:55 INFO  State of operation 20054758 : EXECUTING
13:42:58 INFO  State of operation 20054758 : EXECUTING
13:43:00 INFO  State of operation 20054758 : EXECUTING
13:43:02 INFO  State of operation 20054758 : EXECUTING
13:43:04 INFO  State of operation 20054758 : EXECUTING
13:43:07 INFO  State of operation 20054758 : EXECUTING
13:43:09 INFO  State of operation 20054758 : EXECUTING
13:43:11 INFO  State of operation 20054758 : EXECUTING
13:43:14 INFO  State of operation 20054758 : EXECUTING
13:43:16 INFO  State of operation 20054758 : EXECUTING
13:43:19 INFO  State of operation 20054758 : EXECUTING
13:43:21 INFO  State of operation 20054758 : EXECUTING
13:43:24 INFO  State of operation 20054758 : EXECUTING
13:43:26 INFO  State of operation 20054758 : EXECUTING
13:43:28 INFO  State of operation 20054758 : EXECUTING
13:43:31 INFO  State of operation 20054758 : EXECUTING
13:43:33 INFO  State of operation 20054758 : EXECUTING
13:43:36 INFO  State of operation 20054758 : EXECUTING
13:43:38 INFO  State of operation 20054758 : EXECUTING
13:43:40 INFO  State of operation 20054758 : EXECUTING
13:43:43 INFO  State of operation 20054758 : SUCCESSFUL
13:43:43 INFO  Assert that (False == value) with value=False ... passed
13:43:43 INFO  Assert that (False == value) with value=False ... passed
13:43:43 INFO  Assert that (False == value) with value=False ... passed
13:43:44 INFO  Assert that (False == value) with value=False ... passed
13:43:44 INFO  
13:43:44 INFO  cleanup:
13:43:48 INFO  Executed sudo&lt;tedge_disconnect_c8y&gt;, exit status 0
13:43:49 INFO  Executed systemctl&lt;serv_mapper5&gt;, exit status 3
13:43:49 INFO  
13:43:49 INFO  Test duration: 182.43 secs
13:43:49 INFO  Test final outcome:  FAILED
13:43:49 INFO  Test outcome reason: Assert that (False == value) with value=True
13:43:49 INFO  
</system-out>
	</testcase>
<testcase classname="PySysTest" name="SoftwareManagement.sm_apt_install_remove_multiple">
		<failure message="FAILED: Assert that (False == value) with value=True (+2 other failures)" type="FAILED" />
		<system-out>14:08:05 INFO  ==============================================================
14:08:05 INFO  Id:    SoftwareManagement.sm_apt_install_remove_multiple
14:08:05 INFO  Dir:   software_management_end_to_end/
14:08:05 INFO  Title: Validate end to end behaviour for the apt plugin for multiple packages
14:08:05 INFO  ==============================================================
14:08:05 INFO  Using sw id database: {'asciijump': '5475369', 'robotfindskitten': '5474869', 'squirrel3': '5475279', 'rolldice': '5152439', 'moon-buggy': '5439204', 'apple': '5495053', 'banana': '5494888', 'cherry': '5495382', 'watermelon': '5494510', 'registry': '8018911', 'hello-world': '8021526', 'docker/getting-started': '8021973', 'alpine': '7991792'}
14:08:05 INFO  EnvironmentC8y Setup
14:08:06 INFO  Executed systemctl&lt;serv_mapper1&gt;, exit status 3
14:08:06 INFO  Restarting mosquitto too frequently in the last 10 seconds. It was only up for 5 seconds
14:08:06 INFO  Delaying execution by 6 seconds
14:08:26 INFO  Executed sudo&lt;tedge_connect_c8y&gt;, exit status 0, duration 14 secs
14:08:27 INFO  Executed sudo&lt;tedge_connect_c8y_test&gt;, exit status 0
14:08:27 INFO  Executed systemctl&lt;serv_mosq2&gt;, exit status 0
14:08:28 INFO  Executed systemctl&lt;serv_mapper3&gt;, exit status 0
14:08:30 INFO  State of current operation: SUCCESSFUL
14:08:30 INFO  Assert that (False == value) with value=False ... passed
14:08:30 INFO  Package asciijump is installed
14:08:31 WARN  Assert that (False == value) with value=True ... failed 
14:08:31 INFO  Package squirrel3 is installed
14:08:31 WARN  Assert that (False == value) with value=True ... failed 
14:08:32 INFO  Package robotfindskitten is installed
14:08:32 WARN  Assert that (False == value) with value=True ... failed 
14:08:32 INFO  Response status: 201
14:08:32 INFO  Response to action: {
    "delivery": {
        "log": [],
        "time": "2022-06-08T14:08:32.444Z",
        "status": "PENDING"
    },
    "creationTime": "2022-06-08T14:08:32.339Z",
    "deviceId": "20034146",
    "deviceName": "m32sd10d",
    "self": "https://t493319102.eu-latest.cumulocity.com/devicecontrol/operations/20054929",
    "id": "20054929",
    "status": "PENDING",
    "description": "Apply software changes, triggered from PySys: [{'action': 'install', 'id': '5475369', 'name': 'asciijump', 'url': ' ', 'version': '::apt'}, {'action': 'install', 'id': '5474869', 'name': 'robotfindskitten', 'url': ' ', 'version': '::apt'}, {'action': 'install', 'id': '5475279', 'name': 'squirrel3', 'url': ' ', 'version': '::apt'}]",
    "c8y_SoftwareUpdate": [
        {
            "name": "asciijump",
            "action": "install",
            "id": "5475369",
            "version": "::apt",
            "url": " "
        },
        {
            "name": "robotfindskitten",
            "action": "install",
            "id": "5474869",
            "version": "::apt",
            "url": " "
        },
        {
            "name": "squirrel3",
            "action": "install",
            "id": "5475279",
            "version": "::apt",
            "url": " "
        }
    ]
}
14:08:32 INFO  Started operation: {'delivery': {'log': [], 'time': '2022-06-08T14:08:32.444Z', 'status': 'PENDING'}, 'creationTime': '2022-06-08T14:08:32.339Z', 'deviceId': '20034146', 'deviceName': 'm32sd10d', 'self': 'https://t493319102.eu-latest.cumulocity.com/devicecontrol/operations/20054929', 'id': '20054929', 'status': 'PENDING', 'description': "Apply software changes, triggered from PySys: [{'action': 'install', 'id': '5475369', 'name': 'asciijump', 'url': ' ', 'version': '::apt'}, {'action': 'install', 'id': '5474869', 'name': 'robotfindskitten', 'url': ' ', 'version': '::apt'}, {'action': 'install', 'id': '5475279', 'name': 'squirrel3', 'url': ' ', 'version': '::apt'}]", 'c8y_SoftwareUpdate': [{'name': 'asciijump', 'action': 'install', 'id': '5475369', 'version': '::apt', 'url': ' '}, {'name': 'robotfindskitten', 'action': 'install', 'id': '5474869', 'version': '::apt', 'url': ' '}, {'name': 'squirrel3', 'action': 'install', 'id': '5475279', 'version': '::apt', 'url': ' '}]}
14:08:34 INFO  State of operation 20054929 : PENDING
14:08:36 INFO  State of operation 20054929 : EXECUTING
14:08:39 INFO  State of operation 20054929 : EXECUTING
14:08:41 INFO  State of operation 20054929 : EXECUTING
14:08:43 INFO  State of operation 20054929 : EXECUTING
14:08:45 INFO  State of operation 20054929 : EXECUTING
14:08:48 INFO  State of operation 20054929 : EXECUTING
14:08:51 INFO  State of operation 20054929 : EXECUTING
14:08:54 INFO  State of operation 20054929 : EXECUTING
14:08:56 INFO  State of operation 20054929 : EXECUTING
14:08:58 INFO  State of operation 20054929 : EXECUTING
14:09:01 INFO  State of operation 20054929 : EXECUTING
14:09:03 INFO  State of operation 20054929 : EXECUTING
14:09:05 INFO  State of operation 20054929 : EXECUTING
14:09:07 INFO  State of operation 20054929 : EXECUTING
14:09:09 INFO  State of operation 20054929 : SUCCESSFUL
14:09:10 INFO  Assert that (False == value) with value=False ... passed
14:09:10 INFO  Package asciijump is installed
14:09:10 INFO  Assert that (True == value) with value=True ... passed
14:09:10 INFO  Package squirrel3 is installed
14:09:10 INFO  Assert that (True == value) with value=True ... passed
14:09:10 INFO  Package robotfindskitten is installed
14:09:10 INFO  Assert that (True == value) with value=True ... passed
14:09:11 INFO  Response status: 201
14:09:11 INFO  Response to action: {
    "delivery": {
        "log": [],
        "time": "2022-06-08T14:09:11.112Z",
        "status": "PENDING"
    },
    "creationTime": "2022-06-08T14:09:11.095Z",
    "deviceId": "20034146",
    "deviceName": "m32sd10d",
    "self": "https://t493319102.eu-latest.cumulocity.com/devicecontrol/operations/20054939",
    "id": "20054939",
    "status": "PENDING",
    "description": "Apply software changes, triggered from PySys: [{'action': 'delete', 'id': '5475369', 'name': 'asciijump', 'url': ' ', 'version': '::apt'}, {'action': 'delete', 'id': '5474869', 'name': 'robotfindskitten', 'url': ' ', 'version': '::apt'}, {'action': 'delete', 'id': '5475279', 'name': 'squirrel3', 'url': ' ', 'version': '::apt'}]",
    "c8y_SoftwareUpdate": [
        {
            "name": "asciijump",
            "action": "delete",
            "id": "5475369",
            "version": "::apt",
            "url": " "
        },
        {
            "name": "robotfindskitten",
            "action": "delete",
            "id": "5474869",
            "version": "::apt",
            "url": " "
        },
        {
            "name": "squirrel3",
            "action": "delete",
            "id": "5475279",
            "version": "::apt",
            "url": " "
        }
    ]
}
14:09:11 INFO  Started operation: {'delivery': {'log': [], 'time': '2022-06-08T14:09:11.112Z', 'status': 'PENDING'}, 'creationTime': '2022-06-08T14:09:11.095Z', 'deviceId': '20034146', 'deviceName': 'm32sd10d', 'self': 'https://t493319102.eu-latest.cumulocity.com/devicecontrol/operations/20054939', 'id': '20054939', 'status': 'PENDING', 'description': "Apply software changes, triggered from PySys: [{'action': 'delete', 'id': '5475369', 'name': 'asciijump', 'url': ' ', 'version': '::apt'}, {'action': 'delete', 'id': '5474869', 'name': 'robotfindskitten', 'url': ' ', 'version': '::apt'}, {'action': 'delete', 'id': '5475279', 'name': 'squirrel3', 'url': ' ', 'version': '::apt'}]", 'c8y_SoftwareUpdate': [{'name': 'asciijump', 'action': 'delete', 'id': '5475369', 'version': '::apt', 'url': ' '}, {'name': 'robotfindskitten', 'action': 'delete', 'id': '5474869', 'version': '::apt', 'url': ' '}, {'name': 'squirrel3', 'action': 'delete', 'id': '5475279', 'version': '::apt', 'url': ' '}]}
14:09:13 INFO  State of operation 20054939 : PENDING
14:09:15 INFO  State of operation 20054939 : EXECUTING
14:09:17 INFO  State of operation 20054939 : EXECUTING
14:09:20 INFO  State of operation 20054939 : EXECUTING
14:09:22 INFO  State of operation 20054939 : EXECUTING
14:09:24 INFO  State of operation 20054939 : EXECUTING
14:09:27 INFO  State of operation 20054939 : EXECUTING
14:09:29 INFO  State of operation 20054939 : EXECUTING
14:09:32 INFO  State of operation 20054939 : EXECUTING
14:09:34 INFO  State of operation 20054939 : EXECUTING
14:09:36 INFO  State of operation 20054939 : EXECUTING
14:09:39 INFO  State of operation 20054939 : EXECUTING
14:09:41 INFO  State of operation 20054939 : EXECUTING
14:09:43 INFO  State of operation 20054939 : EXECUTING
14:09:45 INFO  State of operation 20054939 : EXECUTING
14:09:48 INFO  State of operation 20054939 : EXECUTING
14:09:50 INFO  State of operation 20054939 : EXECUTING
14:09:53 INFO  State of operation 20054939 : EXECUTING
14:09:56 INFO  State of operation 20054939 : EXECUTING
14:09:58 INFO  State of operation 20054939 : EXECUTING
14:10:00 INFO  State of operation 20054939 : EXECUTING
14:10:03 INFO  State of operation 20054939 : EXECUTING
14:10:05 INFO  State of operation 20054939 : EXECUTING
14:10:07 INFO  State of operation 20054939 : EXECUTING
14:10:09 INFO  State of operation 20054939 : EXECUTING
14:10:12 INFO  State of operation 20054939 : EXECUTING
14:10:14 INFO  State of operation 20054939 : EXECUTING
14:10:17 INFO  State of operation 20054939 : EXECUTING
14:10:19 INFO  State of operation 20054939 : EXECUTING
14:10:22 INFO  State of operation 20054939 : SUCCESSFUL
14:10:22 INFO  Assert that (False == value) with value=False ... passed
14:10:22 INFO  Assert that (False == value) with value=False ... passed
14:10:22 INFO  Assert that (False == value) with value=False ... passed
14:10:23 INFO  Assert that (False == value) with value=False ... passed
14:10:23 INFO  
14:10:23 INFO  cleanup:
14:10:27 INFO  Executed sudo&lt;tedge_disconnect_c8y&gt;, exit status 0
14:10:27 INFO  Executed systemctl&lt;serv_mapper5&gt;, exit status 3
14:10:27 INFO  
14:10:27 INFO  Test duration: 142.17 secs
14:10:27 INFO  Test final outcome:  FAILED
14:10:27 INFO  Test outcome reason: Assert that (False == value) with value=True (+2 other failures)
14:10:27 INFO  
</system-out>
	</testcase>
</testsuite><testsuite name="SoftwareManagement.sm_apt_install_remove_multiple_mixed" tests="3" errors="0" failures="2" skipped="1" time="0"><testcase classname="PySysTest" name="SoftwareManagement.sm_apt_install_remove_multiple_mixed">
		<skipped message="SKIPPED: Testing the apt plugin is not supported on this platform.Use parameter -XmyPlatform='container' to enable it" />
		<system-out>13:08:41 INFO  ==============================================================
13:08:41 INFO  Id:    SoftwareManagement.sm_apt_install_remove_multiple_mixed
13:08:41 INFO  Dir:   software_management_end_to_end/
13:08:41 INFO  Title: Validate end to end behaviour for the apt plugin for multiple packages with mixed versions
13:08:41 INFO  ==============================================================
13:08:41 INFO  Testing the apt plugin is not supported on this platform.Use parameter -XmyPlatform='container' to enable it ... skipped
13:08:41 WARN  Aborted test due to SKIPPED outcome
13:08:41 INFO  
13:08:41 INFO  Test duration: 0.02 secs
13:08:41 INFO  Test final outcome:  SKIPPED
13:08:41 INFO  Test outcome reason: Testing the apt plugin is not supported on this platform.Use parameter -XmyPlatform='container' to enable it
13:08:41 INFO  
</system-out>
	</testcase>
<testcase classname="PySysTest" name="SoftwareManagement.sm_apt_install_remove_multiple_mixed">
		<failure message="BLOCKED: SystemError: Timeout while waiting for status SUCCESSFUL or False" type="BLOCKED" />
		<system-out>13:43:49 INFO  ==============================================================
13:43:49 INFO  Id:    SoftwareManagement.sm_apt_install_remove_multiple_mixed
13:43:49 INFO  Dir:   software_management_end_to_end/
13:43:49 INFO  Title: Validate end to end behaviour for the apt plugin for multiple packages with mixed versions
13:43:49 INFO  ==============================================================
13:43:49 INFO  Using sw id database: {'asciijump': '5475369', 'robotfindskitten': '5474869', 'squirrel3': '5475279', 'rolldice': '5152439', 'moon-buggy': '5439204', 'apple': '5495053', 'banana': '5494888', 'cherry': '5495382', 'watermelon': '5494510', 'registry': '8018911', 'hello-world': '8021526', 'docker/getting-started': '8021973', 'alpine': '7991792'}
13:43:49 INFO  EnvironmentC8y Setup
13:43:50 INFO  Executed systemctl&lt;serv_mapper1&gt;, exit status 3
13:43:50 INFO  Restarting mosquitto too frequently in the last 10 seconds. It was only up for 6 seconds
13:43:50 INFO  Delaying execution by 5 seconds
13:44:09 INFO  Executed sudo&lt;tedge_connect_c8y&gt;, exit status 0, duration 14 secs
13:44:10 INFO  Executed sudo&lt;tedge_connect_c8y_test&gt;, exit status 0
13:44:10 INFO  Executed systemctl&lt;serv_mosq2&gt;, exit status 0
13:44:11 INFO  Executed systemctl&lt;serv_mapper3&gt;, exit status 0
13:44:13 INFO  State of current operation: SUCCESSFUL
13:44:13 INFO  Assert that (False == value) with value=False ... passed
13:44:14 INFO  Assert that (False == value) with value=False ... passed
13:44:14 INFO  Assert that (False == value) with value=False ... passed
13:44:14 INFO  Assert that (False == value) with value=False ... passed
13:44:14 INFO  Assert that (False == value) with value=False ... passed
13:44:15 INFO  Response status: 201
13:44:15 INFO  Response to action: {
    "creationTime": "2022-06-08T13:44:15.875Z",
    "deviceId": "20034146",
    "deviceName": "m32sd10d",
    "self": "https://t493319102.eu-latest.cumulocity.com/devicecontrol/operations/20054770",
    "id": "20054770",
    "status": "PENDING",
    "description": "Apply software changes, triggered from PySys: [{'action': 'install', 'id': '5475369', 'name': 'asciijump', 'url': ' ', 'version': '::apt'}, {'action': 'install', 'id': '5474869', 'name': 'robotfindskitten', 'url': ' ', 'version': ' '}, {'action': 'install', 'id': '5475279', 'name': 'squirrel3', 'url': ' ', 'version': '3.1-7::apt'}, {'action': 'install', 'id': '5152439', 'name': 'rolldice', 'url': ' ', 'version': '1.16-1+b1'}, {'action': 'install', 'id': '5439204', 'name': 'moon-buggy', 'url': ' ', 'version': '1:1.0.51-12'}, {'action': 'install', 'id': '5475369', 'name': 'asciijump', 'url': ' ', 'version': '::apt'}]",
    "c8y_SoftwareUpdate": [
        {
            "name": "asciijump",
            "action": "install",
            "id": "5475369",
            "version": "::apt",
            "url": " "
        },
        {
            "name": "robotfindskitten",
            "action": "install",
            "id": "5474869",
            "version": " ",
            "url": " "
        },
        {
            "name": "squirrel3",
            "action": "install",
            "id": "5475279",
            "version": "3.1-7::apt",
            "url": " "
        },
        {
            "name": "rolldice",
            "action": "install",
            "id": "5152439",
            "version": "1.16-1+b1",
            "url": " "
        },
        {
            "name": "moon-buggy",
            "action": "install",
            "id": "5439204",
            "version": "1:1.0.51-12",
            "url": " "
        },
        {
            "name": "asciijump",
            "action": "install",
            "id": "5475369",
            "version": "::apt",
            "url": " "
        }
    ]
}
13:44:15 INFO  Started operation: {'creationTime': '2022-06-08T13:44:15.875Z', 'deviceId': '20034146', 'deviceName': 'm32sd10d', 'self': 'https://t493319102.eu-latest.cumulocity.com/devicecontrol/operations/20054770', 'id': '20054770', 'status': 'PENDING', 'description': "Apply software changes, triggered from PySys: [{'action': 'install', 'id': '5475369', 'name': 'asciijump', 'url': ' ', 'version': '::apt'}, {'action': 'install', 'id': '5474869', 'name': 'robotfindskitten', 'url': ' ', 'version': ' '}, {'action': 'install', 'id': '5475279', 'name': 'squirrel3', 'url': ' ', 'version': '3.1-7::apt'}, {'action': 'install', 'id': '5152439', 'name': 'rolldice', 'url': ' ', 'version': '1.16-1+b1'}, {'action': 'install', 'id': '5439204', 'name': 'moon-buggy', 'url': ' ', 'version': '1:1.0.51-12'}, {'action': 'install', 'id': '5475369', 'name': 'asciijump', 'url': ' ', 'version': '::apt'}]", 'c8y_SoftwareUpdate': [{'name': 'asciijump', 'action': 'install', 'id': '5475369', 'version': '::apt', 'url': ' '}, {'name': 'robotfindskitten', 'action': 'install', 'id': '5474869', 'version': ' ', 'url': ' '}, {'name': 'squirrel3', 'action': 'install', 'id': '5475279', 'version': '3.1-7::apt', 'url': ' '}, {'name': 'rolldice', 'action': 'install', 'id': '5152439', 'version': '1.16-1+b1', 'url': ' '}, {'name': 'moon-buggy', 'action': 'install', 'id': '5439204', 'version': '1:1.0.51-12', 'url': ' '}, {'name': 'asciijump', 'action': 'install', 'id': '5475369', 'version': '::apt', 'url': ' '}]}
13:44:18 INFO  State of operation 20054770 : PENDING
13:44:20 INFO  State of operation 20054770 : EXECUTING
13:44:22 INFO  State of operation 20054770 : EXECUTING
13:44:24 INFO  State of operation 20054770 : EXECUTING
13:44:27 INFO  State of operation 20054770 : EXECUTING
13:44:29 INFO  State of operation 20054770 : EXECUTING
13:44:32 INFO  State of operation 20054770 : EXECUTING
13:44:40 INFO  State of operation 20054770 : EXECUTING
13:44:42 INFO  State of operation 20054770 : EXECUTING
13:44:45 INFO  State of operation 20054770 : EXECUTING
13:44:47 INFO  State of operation 20054770 : EXECUTING
13:44:49 INFO  State of operation 20054770 : EXECUTING
13:44:52 INFO  State of operation 20054770 : EXECUTING
13:44:54 INFO  State of operation 20054770 : EXECUTING
13:44:56 INFO  State of operation 20054770 : EXECUTING
13:44:59 INFO  State of operation 20054770 : EXECUTING
13:45:01 INFO  State of operation 20054770 : EXECUTING
13:45:04 INFO  State of operation 20054770 : EXECUTING
13:45:06 INFO  State of operation 20054770 : EXECUTING
13:45:08 INFO  State of operation 20054770 : EXECUTING
13:45:10 INFO  State of operation 20054770 : EXECUTING
13:45:13 INFO  State of operation 20054770 : EXECUTING
13:45:16 INFO  State of operation 20054770 : EXECUTING
13:45:18 INFO  State of operation 20054770 : EXECUTING
13:45:21 INFO  State of operation 20054770 : EXECUTING
13:45:23 INFO  State of operation 20054770 : EXECUTING
13:45:25 INFO  State of operation 20054770 : EXECUTING
13:45:28 INFO  State of operation 20054770 : EXECUTING
13:45:30 INFO  State of operation 20054770 : EXECUTING
13:45:32 INFO  State of operation 20054770 : EXECUTING
13:45:34 INFO  State of operation 20054770 : EXECUTING
13:45:37 INFO  State of operation 20054770 : EXECUTING
13:45:39 INFO  State of operation 20054770 : EXECUTING
13:45:41 INFO  State of operation 20054770 : EXECUTING
13:45:43 INFO  State of operation 20054770 : EXECUTING
13:45:46 INFO  State of operation 20054770 : EXECUTING
13:45:49 INFO  State of operation 20054770 : EXECUTING
13:45:51 INFO  State of operation 20054770 : EXECUTING
13:45:53 INFO  State of operation 20054770 : EXECUTING
13:45:56 INFO  State of operation 20054770 : EXECUTING
13:45:58 INFO  State of operation 20054770 : EXECUTING
13:46:00 INFO  State of operation 20054770 : EXECUTING
13:46:02 INFO  State of operation 20054770 : EXECUTING
13:46:05 INFO  State of operation 20054770 : EXECUTING
13:46:07 INFO  State of operation 20054770 : EXECUTING
13:46:09 INFO  State of operation 20054770 : EXECUTING
13:46:12 INFO  State of operation 20054770 : EXECUTING
13:46:14 INFO  State of operation 20054770 : EXECUTING
13:46:17 INFO  State of operation 20054770 : EXECUTING
13:46:20 INFO  State of operation 20054770 : EXECUTING
13:46:22 INFO  State of operation 20054770 : EXECUTING
13:46:25 INFO  State of operation 20054770 : EXECUTING
13:46:27 INFO  State of operation 20054770 : EXECUTING
13:46:30 INFO  State of operation 20054770 : EXECUTING
13:46:32 INFO  State of operation 20054770 : EXECUTING
13:46:35 INFO  State of operation 20054770 : EXECUTING
13:46:37 INFO  State of operation 20054770 : EXECUTING
13:46:40 INFO  State of operation 20054770 : EXECUTING
13:46:42 INFO  State of operation 20054770 : EXECUTING
13:46:44 INFO  State of operation 20054770 : EXECUTING
13:46:47 INFO  State of operation 20054770 : EXECUTING
13:46:49 WARN  SystemError occurred while running test - Timeout while waiting for status SUCCESSFUL or False
Traceback (most recent call last):
  File "/home/pi/env-pysys/lib/python3.7/site-packages/pysys/baserunner.py", line 1294, in __call__
    self.testObj.execute()
  File "/home/pi/actions-runner/_work/thin-edge.io/thin-edge.io/tests/PySys/software_management_end_to_end/sm_apt_install_remove_multiple_mixed/run.py", line 89, in execute
    self.wait_until_succcess()
  File "/home/pi/actions-runner/_work/thin-edge.io/thin-edge.io/tests/PySys/software_management_end_to_end/environment_sm_management.py", line 324, in wait_until_succcess
    self.wait_until_status("SUCCESSFUL")
  File "/home/pi/actions-runner/_work/thin-edge.io/thin-edge.io/tests/PySys/software_management_end_to_end/environment_sm_management.py", line 381, in wait_until_status
    "Timeout while waiting for status %s or %s" % (status, status2)
SystemError: Timeout while waiting for status SUCCESSFUL or False
13:46:49 WARN  SystemError: Timeout while waiting for status SUCCESSFUL or False ... blocked 
13:46:49 INFO  
13:46:49 INFO  cleanup:
13:46:53 INFO  Executed sudo&lt;tedge_disconnect_c8y&gt;, exit status 0
13:46:54 INFO  Executed systemctl&lt;serv_mapper5&gt;, exit status 3
13:46:54 INFO  
13:46:54 INFO  Test duration: 184.21 secs
13:46:54 INFO  Test final outcome:  BLOCKED
13:46:54 INFO  Test outcome reason: SystemError: Timeout while waiting for status SUCCESSFUL or False
13:46:54 INFO  
</system-out>
	</testcase>
<testcase classname="PySysTest" name="SoftwareManagement.sm_apt_install_remove_multiple_mixed">
		<failure message="BLOCKED: SystemError: Timeout while waiting for status SUCCESSFUL or False (+1 other failures)" type="BLOCKED" />
		<system-out>14:10:27 INFO  ==============================================================
14:10:27 INFO  Id:    SoftwareManagement.sm_apt_install_remove_multiple_mixed
14:10:27 INFO  Dir:   software_management_end_to_end/
14:10:27 INFO  Title: Validate end to end behaviour for the apt plugin for multiple packages with mixed versions
14:10:27 INFO  ==============================================================
14:10:27 INFO  Using sw id database: {'asciijump': '5475369', 'robotfindskitten': '5474869', 'squirrel3': '5475279', 'rolldice': '5152439', 'moon-buggy': '5439204', 'apple': '5495053', 'banana': '5494888', 'cherry': '5495382', 'watermelon': '5494510', 'registry': '8018911', 'hello-world': '8021526', 'docker/getting-started': '8021973', 'alpine': '7991792'}
14:10:27 INFO  EnvironmentC8y Setup
14:10:28 INFO  Executed systemctl&lt;serv_mapper1&gt;, exit status 3
14:10:28 INFO  Restarting mosquitto too frequently in the last 10 seconds. It was only up for 5 seconds
14:10:28 INFO  Delaying execution by 6 seconds
14:10:49 INFO  Executed sudo&lt;tedge_connect_c8y&gt;, exit status 0, duration 14 secs
14:10:50 INFO  Executed sudo&lt;tedge_connect_c8y_test&gt;, exit status 0
14:10:50 INFO  Executed systemctl&lt;serv_mosq2&gt;, exit status 0
14:10:51 INFO  Executed systemctl&lt;serv_mapper3&gt;, exit status 0
14:10:53 INFO  State of current operation: SUCCESSFUL
14:10:53 INFO  Assert that (False == value) with value=False ... passed
14:10:53 INFO  Assert that (False == value) with value=False ... passed
14:10:54 INFO  Assert that (False == value) with value=False ... passed
14:10:54 INFO  Assert that (False == value) with value=False ... passed
14:10:54 INFO  Package moon-buggy is installed
14:10:54 WARN  Assert that (False == value) with value=True ... failed 
14:10:55 INFO  Response status: 201
14:10:55 INFO  Response to action: {
    "creationTime": "2022-06-08T14:10:55.923Z",
    "deviceId": "20034146",
    "deviceName": "m32sd10d",
    "self": "https://t493319102.eu-latest.cumulocity.com/devicecontrol/operations/20054962",
    "id": "20054962",
    "status": "PENDING",
    "description": "Apply software changes, triggered from PySys: [{'action': 'install', 'id': '5475369', 'name': 'asciijump', 'url': ' ', 'version': '::apt'}, {'action': 'install', 'id': '5474869', 'name': 'robotfindskitten', 'url': ' ', 'version': ' '}, {'action': 'install', 'id': '5475279', 'name': 'squirrel3', 'url': ' ', 'version': '3.1-7::apt'}, {'action': 'install', 'id': '5152439', 'name': 'rolldice', 'url': ' ', 'version': '1.16-1+b1'}, {'action': 'install', 'id': '5439204', 'name': 'moon-buggy', 'url': ' ', 'version': '1:1.0.51-12'}, {'action': 'install', 'id': '5475369', 'name': 'asciijump', 'url': ' ', 'version': '::apt'}]",
    "c8y_SoftwareUpdate": [
        {
            "name": "asciijump",
            "action": "install",
            "id": "5475369",
            "version": "::apt",
            "url": " "
        },
        {
            "name": "robotfindskitten",
            "action": "install",
            "id": "5474869",
            "version": " ",
            "url": " "
        },
        {
            "name": "squirrel3",
            "action": "install",
            "id": "5475279",
            "version": "3.1-7::apt",
            "url": " "
        },
        {
            "name": "rolldice",
            "action": "install",
            "id": "5152439",
            "version": "1.16-1+b1",
            "url": " "
        },
        {
            "name": "moon-buggy",
            "action": "install",
            "id": "5439204",
            "version": "1:1.0.51-12",
            "url": " "
        },
        {
            "name": "asciijump",
            "action": "install",
            "id": "5475369",
            "version": "::apt",
            "url": " "
        }
    ]
}
14:10:55 INFO  Started operation: {'creationTime': '2022-06-08T14:10:55.923Z', 'deviceId': '20034146', 'deviceName': 'm32sd10d', 'self': 'https://t493319102.eu-latest.cumulocity.com/devicecontrol/operations/20054962', 'id': '20054962', 'status': 'PENDING', 'description': "Apply software changes, triggered from PySys: [{'action': 'install', 'id': '5475369', 'name': 'asciijump', 'url': ' ', 'version': '::apt'}, {'action': 'install', 'id': '5474869', 'name': 'robotfindskitten', 'url': ' ', 'version': ' '}, {'action': 'install', 'id': '5475279', 'name': 'squirrel3', 'url': ' ', 'version': '3.1-7::apt'}, {'action': 'install', 'id': '5152439', 'name': 'rolldice', 'url': ' ', 'version': '1.16-1+b1'}, {'action': 'install', 'id': '5439204', 'name': 'moon-buggy', 'url': ' ', 'version': '1:1.0.51-12'}, {'action': 'install', 'id': '5475369', 'name': 'asciijump', 'url': ' ', 'version': '::apt'}]", 'c8y_SoftwareUpdate': [{'name': 'asciijump', 'action': 'install', 'id': '5475369', 'version': '::apt', 'url': ' '}, {'name': 'robotfindskitten', 'action': 'install', 'id': '5474869', 'version': ' ', 'url': ' '}, {'name': 'squirrel3', 'action': 'install', 'id': '5475279', 'version': '3.1-7::apt', 'url': ' '}, {'name': 'rolldice', 'action': 'install', 'id': '5152439', 'version': '1.16-1+b1', 'url': ' '}, {'name': 'moon-buggy', 'action': 'install', 'id': '5439204', 'version': '1:1.0.51-12', 'url': ' '}, {'name': 'asciijump', 'action': 'install', 'id': '5475369', 'version': '::apt', 'url': ' '}]}
14:10:58 INFO  State of operation 20054962 : PENDING
14:11:00 INFO  State of operation 20054962 : EXECUTING
14:11:02 INFO  State of operation 20054962 : EXECUTING
14:11:04 INFO  State of operation 20054962 : EXECUTING
14:11:07 INFO  State of operation 20054962 : EXECUTING
14:11:09 INFO  State of operation 20054962 : EXECUTING
14:11:12 INFO  State of operation 20054962 : EXECUTING
14:11:14 INFO  State of operation 20054962 : EXECUTING
14:11:17 INFO  State of operation 20054962 : EXECUTING
14:11:19 INFO  State of operation 20054962 : EXECUTING
14:11:21 INFO  State of operation 20054962 : EXECUTING
14:11:24 INFO  State of operation 20054962 : EXECUTING
14:11:26 INFO  State of operation 20054962 : EXECUTING
14:11:28 INFO  State of operation 20054962 : EXECUTING
14:11:30 INFO  State of operation 20054962 : EXECUTING
14:11:33 INFO  State of operation 20054962 : EXECUTING
14:11:35 INFO  State of operation 20054962 : EXECUTING
14:11:37 INFO  State of operation 20054962 : EXECUTING
14:11:40 INFO  State of operation 20054962 : EXECUTING
14:11:42 INFO  State of operation 20054962 : EXECUTING
14:11:45 INFO  State of operation 20054962 : EXECUTING
14:11:47 INFO  State of operation 20054962 : EXECUTING
14:11:49 INFO  State of operation 20054962 : EXECUTING
14:11:51 INFO  State of operation 20054962 : EXECUTING
14:11:54 INFO  State of operation 20054962 : EXECUTING
14:11:56 INFO  State of operation 20054962 : EXECUTING
14:11:59 INFO  State of operation 20054962 : EXECUTING
14:12:02 INFO  State of operation 20054962 : EXECUTING
14:12:04 INFO  State of operation 20054962 : EXECUTING
14:12:06 INFO  State of operation 20054962 : EXECUTING
14:12:09 INFO  State of operation 20054962 : EXECUTING
14:12:11 INFO  State of operation 20054962 : EXECUTING
14:12:13 INFO  State of operation 20054962 : EXECUTING
14:12:15 INFO  State of operation 20054962 : EXECUTING
14:12:18 INFO  State of operation 20054962 : EXECUTING
14:12:20 INFO  State of operation 20054962 : EXECUTING
14:12:22 INFO  State of operation 20054962 : EXECUTING
14:12:25 INFO  State of operation 20054962 : EXECUTING
14:12:27 INFO  State of operation 20054962 : EXECUTING
14:12:30 INFO  State of operation 20054962 : EXECUTING
14:12:32 INFO  State of operation 20054962 : EXECUTING
14:12:35 INFO  State of operation 20054962 : EXECUTING
14:12:37 INFO  State of operation 20054962 : EXECUTING
14:12:39 INFO  State of operation 20054962 : EXECUTING
14:12:41 INFO  State of operation 20054962 : EXECUTING
14:12:44 INFO  State of operation 20054962 : EXECUTING
14:12:46 INFO  State of operation 20054962 : EXECUTING
14:12:48 INFO  State of operation 20054962 : EXECUTING
14:12:51 INFO  State of operation 20054962 : EXECUTING
14:12:53 INFO  State of operation 20054962 : EXECUTING
14:12:55 INFO  State of operation 20054962 : EXECUTING
14:12:58 INFO  State of operation 20054962 : EXECUTING
14:13:00 INFO  State of operation 20054962 : EXECUTING
14:13:03 INFO  State of operation 20054962 : EXECUTING
14:13:05 INFO  State of operation 20054962 : EXECUTING
14:13:07 INFO  State of operation 20054962 : EXECUTING
14:13:10 INFO  State of operation 20054962 : EXECUTING
14:13:12 INFO  State of operation 20054962 : EXECUTING
14:13:14 INFO  State of operation 20054962 : EXECUTING
14:13:17 INFO  State of operation 20054962 : EXECUTING
14:13:19 INFO  State of operation 20054962 : EXECUTING
14:13:21 WARN  SystemError occurred while running test - Timeout while waiting for status SUCCESSFUL or False
Traceback (most recent call last):
  File "/home/pi/env-pysys/lib/python3.7/site-packages/pysys/baserunner.py", line 1294, in __call__
    self.testObj.execute()
  File "/home/pi/actions-runner/_work/thin-edge.io/thin-edge.io/tests/PySys/software_management_end_to_end/sm_apt_install_remove_multiple_mixed/run.py", line 89, in execute
    self.wait_until_succcess()
  File "/home/pi/actions-runner/_work/thin-edge.io/thin-edge.io/tests/PySys/software_management_end_to_end/environment_sm_management.py", line 324, in wait_until_succcess
    self.wait_until_status("SUCCESSFUL")
  File "/home/pi/actions-runner/_work/thin-edge.io/thin-edge.io/tests/PySys/software_management_end_to_end/environment_sm_management.py", line 381, in wait_until_status
    "Timeout while waiting for status %s or %s" % (status, status2)
SystemError: Timeout while waiting for status SUCCESSFUL or False
14:13:21 WARN  SystemError: Timeout while waiting for status SUCCESSFUL or False ... blocked 
14:13:21 INFO  
14:13:21 INFO  cleanup:
14:13:26 INFO  Executed sudo&lt;tedge_disconnect_c8y&gt;, exit status 0
14:13:26 INFO  Executed systemctl&lt;serv_mapper5&gt;, exit status 3
14:13:26 INFO  
14:13:26 INFO  Test duration: 178.92 secs
14:13:26 INFO  Test final outcome:  BLOCKED
14:13:26 INFO  Test outcome reason: SystemError: Timeout while waiting for status SUCCESSFUL or False (+1 other failures)
14:13:26 INFO  
</system-out>
	</testcase>
</testsuite><testsuite name="SoftwareManagement.sm_apt_install_remove_with_version" tests="3" errors="0" failures="0" skipped="1" time="0"><testcase classname="PySysTest" name="SoftwareManagement.sm_apt_install_remove_with_version">
		<skipped message="SKIPPED: Testing the apt plugin is not supported on this platform.Use parameter -XmyPlatform='container' to enable it" />
		<system-out>13:08:41 INFO  ==============================================================
13:08:41 INFO  Id:    SoftwareManagement.sm_apt_install_remove_with_version
13:08:41 INFO  Dir:   software_management_end_to_end/
13:08:41 INFO  Title: Validate end to end behaviour for the apt plugin for packages with version
13:08:41 INFO  ==============================================================
13:08:41 INFO  Testing the apt plugin is not supported on this platform.Use parameter -XmyPlatform='container' to enable it ... skipped
13:08:41 WARN  Aborted test due to SKIPPED outcome
13:08:41 INFO  
13:08:41 INFO  Test duration: 0.02 secs
13:08:41 INFO  Test final outcome:  SKIPPED
13:08:41 INFO  Test outcome reason: Testing the apt plugin is not supported on this platform.Use parameter -XmyPlatform='container' to enable it
13:08:41 INFO  
</system-out>
	</testcase>
<testcase classname="PySysTest" name="SoftwareManagement.sm_apt_install_remove_with_version" />
<testcase classname="PySysTest" name="SoftwareManagement.sm_apt_install_remove_with_version" />
</testsuite><testsuite name="SoftwareManagement.sm_docker_install_remove_multiple" tests="3" errors="0" failures="0" skipped="1" time="0"><testcase classname="SMDockerInstallRemove" name="SoftwareManagement.sm_docker_install_remove_multiple">
		<skipped message="SKIPPED: Testing the apt plugin is not supported on this platform.Use parameter -XmyPlatform='container' to enable it" />
		<system-out>13:08:41 INFO  ==============================================================
13:08:41 INFO  Id:    SoftwareManagement.sm_docker_install_remove_multiple
13:08:41 INFO  Dir:   software_management_end_to_end/
13:08:41 INFO  Title: Validate end to end behaviour for the docker plugin for multiple docker images with mixed versions
13:08:41 INFO  ==============================================================
13:08:41 INFO  Testing the apt plugin is not supported on this platform.Use parameter -XmyPlatform='container' to enable it ... skipped
13:08:41 WARN  Aborted test due to SKIPPED outcome
13:08:41 INFO  
13:08:41 INFO  Test duration: 0.02 secs
13:08:41 INFO  Test final outcome:  SKIPPED
13:08:41 INFO  Test outcome reason: Testing the apt plugin is not supported on this platform.Use parameter -XmyPlatform='container' to enable it
13:08:41 INFO  
</system-out>
	</testcase>
<testcase classname="SMDockerInstallRemove" name="SoftwareManagement.sm_docker_install_remove_multiple" />
<testcase classname="SMDockerInstallRemove" name="SoftwareManagement.sm_docker_install_remove_multiple" />
</testsuite><testsuite name="SoftwareManagement.sm_fake_install_remove" tests="2" errors="0" failures="0" skipped="1" time="0"><testcase classname="PySysTest" name="SoftwareManagement.sm_fake_install_remove">
		<skipped message="SKIPPED: Testing the fake plugin is not enabled.Use parameter -Xfakeplugin=fakeplugin to enable it" />
		<system-out>13:08:41 INFO  ==============================================================
13:08:41 INFO  Id:    SoftwareManagement.sm_fake_install_remove
13:08:41 INFO  Dir:   software_management_end_to_end/
13:08:41 INFO  Title: Validate end to end behaviour for the dummy plugin for installation and removal of packages
13:08:41 INFO  ==============================================================
13:08:41 INFO  Testing the fake plugin is not enabled.Use parameter -Xfakeplugin=fakeplugin to enable it ... skipped
13:08:41 WARN  Aborted test due to SKIPPED outcome
13:08:41 INFO  
13:08:41 INFO  Test duration: 0.02 secs
13:08:41 INFO  Test final outcome:  SKIPPED
13:08:41 INFO  Test outcome reason: Testing the fake plugin is not enabled.Use parameter -Xfakeplugin=fakeplugin to enable it
13:08:41 INFO  
</system-out>
	</testcase>
<testcase classname="PySysTest" name="SoftwareManagement.sm_fake_install_remove" />
</testsuite><testsuite name="SoftwareManagement.sm_fake_install_remove_multiple" tests="2" errors="0" failures="0" skipped="1" time="0"><testcase classname="PySysTest" name="SoftwareManagement.sm_fake_install_remove_multiple">
		<skipped message="SKIPPED: Testing the fake plugin is not enabled.Use parameter -Xfakeplugin=fakeplugin to enable it" />
		<system-out>13:08:41 INFO  ==============================================================
13:08:41 INFO  Id:    SoftwareManagement.sm_fake_install_remove_multiple
13:08:41 INFO  Dir:   software_management_end_to_end/
13:08:41 INFO  Title: Validate end to end behaviour for the dummy-plugin for multiple packages
13:08:41 INFO  ==============================================================
13:08:41 INFO  Testing the fake plugin is not enabled.Use parameter -Xfakeplugin=fakeplugin to enable it ... skipped
13:08:41 WARN  Aborted test due to SKIPPED outcome
13:08:41 INFO  
13:08:41 INFO  Test duration: 0.02 secs
13:08:41 INFO  Test final outcome:  SKIPPED
13:08:41 INFO  Test outcome reason: Testing the fake plugin is not enabled.Use parameter -Xfakeplugin=fakeplugin to enable it
13:08:41 INFO  
</system-out>
	</testcase>
<testcase classname="PySysTest" name="SoftwareManagement.sm_fake_install_remove_multiple" />
</testsuite><testsuite name="SoftwareManagement.sm_mapper_fail_and_reconnect" tests="2" errors="0" failures="0" skipped="2" time="0"><testcase classname="MapperC8yReceiveLastMessageOnRestart" name="SoftwareManagement.sm_mapper_fail_and_reconnect">
		<skipped message="SKIPPED: instable https://github.com/thin-edge/thin-edge.io/issues/752" />
		<system-out>13:08:41 INFO  ==============================================================
13:08:41 INFO  Id:    SoftwareManagement.sm_mapper_fail_and_reconnect
13:08:41 INFO  Dir:   software_management_end_to_end/
13:08:41 INFO  Title: Validate the tedge-mapper-sm-c8y for receiving the last message on restart
13:08:41 INFO  ==============================================================
13:08:41 INFO  instable https://github.com/thin-edge/thin-edge.io/issues/752 ... skipped
13:08:41 INFO  
13:08:41 INFO  Test duration: 0.02 secs
13:08:41 INFO  Test final outcome:  SKIPPED
13:08:41 INFO  Test outcome reason: instable https://github.com/thin-edge/thin-edge.io/issues/752
13:08:41 INFO  
</system-out>
	</testcase>
<testcase classname="MapperC8yReceiveLastMessageOnRestart" name="SoftwareManagement.sm_mapper_fail_and_reconnect">
		<skipped message="SKIPPED: instable https://github.com/thin-edge/thin-edge.io/issues/752" />
		<system-out>14:20:13 INFO  ==============================================================
14:20:13 INFO  Id:    SoftwareManagement.sm_mapper_fail_and_reconnect
14:20:13 INFO  Dir:   software_management_end_to_end/
14:20:13 INFO  Title: Validate the tedge-mapper-sm-c8y for receiving the last message on restart
14:20:13 INFO  ==============================================================
14:20:13 INFO  instable https://github.com/thin-edge/thin-edge.io/issues/752 ... skipped
14:20:13 INFO  
14:20:13 INFO  Test duration: 0.05 secs
14:20:13 INFO  Test final outcome:  SKIPPED
14:20:13 INFO  Test outcome reason: instable https://github.com/thin-edge/thin-edge.io/issues/752
14:20:13 INFO  
</system-out>
	</testcase>
</testsuite><testsuite name="SoftwareManagement.sm_mixed_install_remove_multiple" tests="2" errors="0" failures="1" skipped="1" time="0"><testcase classname="PySysTest" name="SoftwareManagement.sm_mixed_install_remove_multiple">
		<skipped message="SKIPPED: Testing the fake plugin is not enabled.Use parameter -Xfakeplugin=fakeplugin to enable it" />
		<system-out>13:08:41 INFO  ==============================================================
13:08:41 INFO  Id:    SoftwareManagement.sm_mixed_install_remove_multiple
13:08:41 INFO  Dir:   software_management_end_to_end/
13:08:41 INFO  Title: Validate end to end behaviour for the dummy-plugin for multiple packages with mixed versions
13:08:41 INFO  ==============================================================
13:08:41 INFO  Testing the fake plugin is not enabled.Use parameter -Xfakeplugin=fakeplugin to enable it ... skipped
13:08:41 WARN  Aborted test due to SKIPPED outcome
[...]
12:56:53 INFO  Executed sudo&lt;rm_tmp_logs&gt;, exit status 0
12:56:54 INFO  Executed sudo&lt;send_failed&gt;, exit status 0
12:56:54 INFO  Executed sudo&lt;log_file_daemon&gt;, exit status 0
12:56:58 INFO  Executed sudo&lt;tedge_disconnect_c8y&gt;, exit status 0
12:56:59 INFO  Executed systemctl&lt;serv_mapper5&gt;, exit status 3
12:56:59 INFO  
12:56:59 INFO  Test duration: 26.74 secs
12:56:59 INFO  Test final outcome:  BLOCKED
12:56:59 INFO  Test outcome reason: TypeError: 'NoneType' object is not subscriptable
12:56:59 INFO  
</system-out>
	</testcase>
</testsuite><testsuite name="log_request_num_lines" tests="1" errors="0" failures="1" skipped="0" time="0"><testcase classname="LogRequestVerifyNumberOfLines" name="log_request_num_lines">
		<failure message="BLOCKED: TypeError: 'NoneType' object is not subscriptable" type="BLOCKED" />
		<system-out>12:56:59 INFO  ==============================================================
12:56:59 INFO  Id:    log_request_num_lines
12:56:59 INFO  Dir:   log_request_end_to_end/
12:56:59 INFO  Title: Validate end to end behaviour for the log request operation check for number of lines
12:56:59 INFO  ==============================================================
12:56:59 INFO  EnvironmentC8y Setup
12:56:59 INFO  Executed systemctl&lt;serv_mapper1&gt;, exit status 3
12:56:59 INFO  Restarting mosquitto too frequently in the last 10 seconds. It was only up for 4 seconds
12:56:59 INFO  Delaying execution by 7 seconds
12:57:21 INFO  Executed sudo&lt;tedge_connect_c8y&gt;, exit status 0, duration 14 secs
12:57:22 INFO  Executed sudo&lt;tedge_connect_c8y_test&gt;, exit status 0
12:57:22 INFO  Executed systemctl&lt;serv_mosq2&gt;, exit status 0
12:57:23 INFO  Executed systemctl&lt;serv_mapper3&gt;, exit status 0
12:57:23 INFO  Executed sudo&lt;rm_logs&gt;, exit status 0
12:57:24 INFO  Executed sudo&lt;move_logs&gt;, exit status 0
12:57:24 INFO  Executed sudo&lt;log_file_daemon&gt;, exit status 0
12:57:25 WARN  TypeError occurred while running test - 'NoneType' object is not subscriptable
Traceback (most recent call last):
  File "/home/pi/env-pysys/lib/python3.7/site-packages/pysys/baserunner.py", line 1294, in __call__
    self.testObj.execute()
  File "/home/pi/actions-runner/_work/thin-edge.io/thin-edge.io/tests/PySys/log_request_end_to_end/log_request_num_lines/run.py", line 46, in execute
    log_file_request_payload, self.project.deviceid
  File "/home/pi/actions-runner/_work/thin-edge.io/thin-edge.io/tests/PySys/environments/cumulocity.py", line 101, in trigger_log_request
    "deviceId": self.device_fragment["id"],
TypeError: 'NoneType' object is not subscriptable
12:57:25 WARN  TypeError: 'NoneType' object is not subscriptable ... blocked 
12:57:25 INFO  
12:57:25 INFO  cleanup:
12:57:26 INFO  Executed sudo&lt;rm_logs&gt;, exit status 0
12:57:26 INFO  Executed sudo&lt;rm_tmp_logs&gt;, exit status 0
12:57:27 INFO  Executed sudo&lt;send_failed&gt;, exit status 0
12:57:27 INFO  Executed sudo&lt;log_file_daemon&gt;, exit status 0
12:57:31 INFO  Executed sudo&lt;tedge_disconnect_c8y&gt;, exit status 0
12:57:32 INFO  Executed systemctl&lt;serv_mapper5&gt;, exit status 3
12:57:32 INFO  
12:57:32 INFO  Test duration: 33.18 secs
12:57:32 INFO  Test final outcome:  BLOCKED
12:57:32 INFO  Test outcome reason: TypeError: 'NoneType' object is not subscriptable
12:57:32 INFO  
</system-out>
	</testcase>
</testsuite><testsuite name="mapper_awaits_before_reconnect" tests="1" errors="0" failures="1" skipped="0" time="0"><testcase classname="MapperReconnectAwait" name="mapper_awaits_before_reconnect">
		<failure message="FAILED: Line count on tedge_mapper_journal.out for &quot;tedge_mapper::core::mapper: MQTT connection error:&quot; expected &gt;=2 but got 0" type="FAILED" />
		<system-out>13:11:48 INFO  ==============================================================
13:11:48 INFO  Id:    mapper_awaits_before_reconnect
13:11:48 INFO  Dir:   tedge_mapper_c8y/
13:11:48 INFO  Title: Validate mapper doesn't reconnect too often
13:11:48 INFO  ==============================================================
13:11:48 INFO  Started mosquitto_sub with process id 20857
13:11:48 INFO  Waiting for 0.1 seconds
13:11:48 INFO  Executed sudo&lt;tedge_mapper&gt;, exit status 0
13:11:48 INFO  Waiting for 5.0 seconds
13:11:54 INFO  Executed sudo&lt;tedge_mapper&gt;, exit status 0
13:11:57 INFO  Executed sudo&lt;tedge_mapper_journal&gt;, exit status 0
13:11:57 WARN  Grep on tedge_mapper_journal.out contains "ERROR" ... failed [run.py:67]
13:11:57 INFO  Line count on file tedge_mapper_journal.out ... passed
13:11:57 WARN  Line count on tedge_mapper_journal.out for "tedge_mapper::core::mapper: MQTT connection error:" expected &gt;=2 but got 0 ... failed [run.py:78]
13:11:57 WARN  Aborted test due to FAILED outcome
13:11:57 INFO  
13:11:57 INFO  Test duration: 9.33 secs
13:11:57 INFO  Test final outcome:  FAILED
13:11:57 INFO  Test outcome reason: Line count on tedge_mapper_journal.out for "tedge_mapper::core::mapper: MQTT connection error:" expected &gt;=2 but got 0
13:11:57 INFO  
</system-out>
	</testcase>
</testsuite><testsuite name="monitoring_smaller_interval" tests="1" errors="0" failures="1" skipped="0" time="0"><testcase classname="MonitoringSmallInterval" name="monitoring_smaller_interval">
		<failure message="BLOCKED: TypeError: 'int' object is not subscriptable" type="BLOCKED" />
		<system-out>12:58:34 INFO  ==============================================================
12:58:34 INFO  Id:    monitoring_smaller_interval
12:58:34 INFO  Dir:   monitoring/
12:58:34 INFO  Title: Validate the tedge dm agent messages that are produced with smaller sampling interval than the batching window. Here the simulated collectd messages are used
12:58:34 INFO  ==============================================================
12:58:34 INFO  Executed sudo&lt;collectd&gt;, exit status 0
12:58:35 INFO  Executed sudo&lt;collectd_mapper&gt;, exit status 0
12:58:35 INFO  Started sudo&lt;tedge_sub&gt; with process id 16996
12:58:35 INFO  Executed sudo&lt;tedge_temp&gt;, exit status 0
12:58:36 INFO  Executed sudo&lt;tedge_pres&gt;, exit status 0
12:58:37 INFO  Executed sudo&lt;tedge_temp&gt;, exit status 0
12:58:37 INFO  Executed sudo&lt;tedge_pres&gt;, exit status 0
12:58:38 INFO  Executed sudo&lt;tedge_temp&gt;, exit status 0
12:58:38 INFO  Executed sudo&lt;tedge_pres&gt;, exit status 0
12:58:39 INFO  Executed sudo&lt;tedge_temp&gt;, exit status 0
12:58:40 INFO  Executed sudo&lt;tedge_pres&gt;, exit status 0
12:58:40 INFO  Executed sudo&lt;tedge_temp&gt;, exit status 0
12:58:41 INFO  Executed sudo&lt;tedge_pres&gt;, exit status 0
12:58:42 INFO  Executed sudo&lt;tedge_temp&gt;, exit status 0
12:58:42 INFO  Executed sudo&lt;tedge_pres&gt;, exit status 0
12:58:43 INFO  Executed sudo&lt;tedge_temp&gt;, exit status 0
12:58:43 INFO  Executed sudo&lt;tedge_pres&gt;, exit status 0
12:58:44 INFO  Executed sudo&lt;tedge_temp&gt;, exit status 0
12:58:44 INFO  Executed sudo&lt;tedge_pres&gt;, exit status 0
12:58:45 INFO  Executed sudo&lt;tedge_temp&gt;, exit status 0
12:58:46 INFO  Executed sudo&lt;tedge_pres&gt;, exit status 0
12:58:46 INFO  Executed sudo&lt;tedge_temp&gt;, exit status 0
12:58:47 INFO  Executed sudo&lt;tedge_pres&gt;, exit status 0
12:58:48 INFO  Executed sudo&lt;kill_out&gt;, exit status 0
12:58:48 INFO  0

12:58:48 WARN  TypeError occurred while running test - 'int' object is not subscriptable
Traceback (most recent call last):
  File "/home/pi/env-pysys/lib/python3.7/site-packages/pysys/baserunner.py", line 1296, in __call__
    self.testObj.validate()
  File "/home/pi/actions-runner/_work/thin-edge.io/thin-edge.io/tests/PySys/monitoring/monitoring_smaller_interval/run.py", line 104, in validate
    collectd_msg_validation_result=self.validate_json(),
  File "/home/pi/actions-runner/_work/thin-edge.io/thin-edge.io/tests/PySys/monitoring/monitoring_smaller_interval/run.py", line 114, in validate_json
    if not self.validate_time():
  File "/home/pi/actions-runner/_work/thin-edge.io/thin-edge.io/tests/PySys/monitoring/monitoring_smaller_interval/run.py", line 134, in validate_time
    if self.js_msg["time"]:
TypeError: 'int' object is not subscriptable
12:58:48 WARN  TypeError: 'int' object is not subscriptable ... blocked 
12:58:48 INFO  
12:58:48 INFO  cleanup:
12:58:48 INFO  monitoring_cleanup
12:58:49 INFO  Executed sudo&lt;collectd_mapper&gt;, exit status 0
12:58:49 INFO  
12:58:49 INFO  Test duration: 15.30 secs
12:58:49 INFO  Test final outcome:  BLOCKED
12:58:49 INFO  Test outcome reason: TypeError: 'int' object is not subscriptable
12:58:49 INFO  
</system-out>
	</testcase>
</testsuite><testsuite name="monitoring_with_collectd" tests="1" errors="0" failures="0" skipped="1" time="0"><testcase classname="MonitoringWithCollectd" name="monitoring_with_collectd">
		<skipped message="SKIPPED: Test execution disabled due to #792 (instable)" />
		<system-out>12:58:49 INFO  ==============================================================
12:58:49 INFO  Id:    monitoring_with_collectd
12:58:49 INFO  Dir:   monitoring/
12:58:49 INFO  Title: Validate tedge dm agent messages that are produced by batching the collectd messages
12:58:49 INFO  ==============================================================
12:58:49 INFO  Test execution disabled due to #792 (instable) ... skipped
12:58:49 INFO  
12:58:49 INFO  Test duration: 0.02 secs
12:58:49 INFO  Test final outcome:  SKIPPED
12:58:49 INFO  Test outcome reason: Test execution disabled due to #792 (instable)
12:58:49 INFO  
</system-out>
	</testcase>
</testsuite><testsuite name="monitoring_with_simulated_messages" tests="1" errors="0" failures="1" skipped="0" time="0"><testcase classname="MonitoringWithSimulatedMessages" name="monitoring_with_simulated_messages">
		<failure message="BLOCKED: TypeError: 'int' object is not subscriptable" type="BLOCKED" />
		<system-out>12:58:49 INFO  ==============================================================
12:58:49 INFO  Id:    monitoring_with_simulated_messages
12:58:49 INFO  Dir:   monitoring/
12:58:49 INFO  Title: Validate the tedge dm agent messages that are produced from the simulated collectd messages
12:58:49 INFO  ==============================================================
12:58:50 INFO  Executed sudo&lt;collectd&gt;, exit status 0
12:58:50 INFO  Executed sudo&lt;collectd_mapper&gt;, exit status 0
12:58:50 INFO  Started sudo&lt;tedge_sub&gt; with process id 17052
12:58:51 INFO  Executed sudo&lt;tedge_temp&gt;, exit status 0
12:58:51 INFO  Executed sudo&lt;tedge_pres&gt;, exit status 0
12:58:53 INFO  Executed sudo&lt;kill_out&gt;, exit status 0
12:58:53 INFO  0

12:58:53 WARN  TypeError occurred while running test - 'int' object is not subscriptable
Traceback (most recent call last):
  File "/home/pi/env-pysys/lib/python3.7/site-packages/pysys/baserunner.py", line 1296, in __call__
    self.testObj.validate()
  File "/home/pi/actions-runner/_work/thin-edge.io/thin-edge.io/tests/PySys/monitoring/monitoring_with_simulated_messages/run.py", line 98, in validate
    collectd_msg_validation_result=self.validate_json(),
  File "/home/pi/actions-runner/_work/thin-edge.io/thin-edge.io/tests/PySys/monitoring/monitoring_with_simulated_messages/run.py", line 108, in validate_json
    if not self.validate_time():
  File "/home/pi/actions-runner/_work/thin-edge.io/thin-edge.io/tests/PySys/monitoring/monitoring_with_simulated_messages/run.py", line 127, in validate_time
    if self.js_msg["time"]:
TypeError: 'int' object is not subscriptable
12:58:53 WARN  TypeError: 'int' object is not subscriptable ... blocked 
12:58:53 INFO  
12:58:53 INFO  cleanup:
12:58:53 INFO  monitoring_cleanup
12:58:54 INFO  Executed sudo&lt;collectd_mapper&gt;, exit status 0
12:58:54 INFO  
12:58:54 INFO  Test duration: 4.44 secs
12:58:54 INFO  Test final outcome:  BLOCKED
12:58:54 INFO  Test outcome reason: TypeError: 'int' object is not subscriptable
12:58:54 INFO  
</system-out>
	</testcase>
</testsuite><testsuite name="mqtt_port_change_connection_fails" tests="1" errors="0" failures="0" skipped="0" time="0"><testcase classname="MqttPortChangeConnectionFails" name="mqtt_port_change_connection_fails" />
</testsuite><testsuite name="mqtt_port_change_connection_works" tests="1" errors="0" failures="0" skipped="1" time="0"><testcase classname="MqttPortChangeConnectionWorks" name="mqtt_port_change_connection_works">
		<skipped message="SKIPPED: failing intermitently" />
		<system-out>12:58:07 INFO  ==============================================================
12:58:07 INFO  Id:    mqtt_port_change_connection_works
12:58:07 INFO  Dir:   misc_features/
12:58:07 INFO  Title: mqtt port change connection works for all the thin-edge services that use the mosquitto broker
12:58:07 INFO  ==============================================================
12:58:07 INFO  failing intermitently ... skipped
12:58:07 INFO  
12:58:07 INFO  Test duration: 0.02 secs
12:58:07 INFO  Test final outcome:  SKIPPED
12:58:07 INFO  Test outcome reason: failing intermitently
12:58:07 INFO  
</system-out>
	</testcase>
</testsuite><testsuite name="publish_flux" tests="1" errors="0" failures="0" skipped="0" time="0"><testcase classname="PublishFlux" name="publish_flux" />
</testsuite><testsuite name="publish_sawmill" tests="1" errors="0" failures="0" skipped="0" time="0"><testcase classname="PublishSawmill" name="publish_sawmill" />
</testsuite><testsuite name="runtime_start_two_mappers" tests="1" errors="0" failures="0" skipped="0" time="0"><testcase classname="RuntimeMultiMappers" name="runtime_start_two_mappers" />
</testsuite><testsuite name="sm_tedge_mapper_init_session" tests="1" errors="0" failures="0" skipped="0" time="0"><testcase classname="TedgeSMMapperInitSession" name="sm_tedge_mapper_init_session" />
</testsuite><testsuite name="smoketest_json" tests="1" errors="0" failures="0" skipped="0" time="0"><testcase classname="SmokeTestJson" name="smoketest_json" />
</testsuite><testsuite name="smoketest_json_400_samples_10ms" tests="1" errors="0" failures="0" skipped="0" time="0"><testcase classname="SmoketestJson400Samples10ms" name="smoketest_json_400_samples_10ms" />
</testsuite><testsuite name="smoketest_json_400_samples_20ms" tests="1" errors="0" failures="0" skipped="0" time="0"><testcase classname="SmoketestJson400Samples20ms" name="smoketest_json_400_samples_20ms" />
</testsuite><testsuite name="smoketest_smartrest" tests="1" errors="0" failures="0" skipped="0" time="0"><testcase classname="SmoketestSmartRest" name="smoketest_smartrest" />
</testsuite><testsuite name="smoketest_smartrest_400_samples_1Xms" tests="1" errors="0" failures="0" skipped="0" time="0"><testcase classname="SmoketestSmartRest400Samples1Xms" name="smoketest_smartrest_400_samples_1Xms" />
</testsuite><testsuite name="smoketest_smartrest_400_samples_20ms" tests="1" errors="0" failures="0" skipped="0" time="0"><testcase classname="SmoketestSmartRest400Samples20ms" name="smoketest_smartrest_400_samples_20ms" />
</testsuite><testsuite name="tedge_agent_user_sudo_access" tests="1" errors="0" failures="0" skipped="1" time="0"><testcase classname="TedgeAgentUserSudoAccess" name="tedge_agent_user_sudo_access">
		<skipped message="SKIPPED: #955 Observation: Exit code of the apt plugin when called with no arguments" />
		<system-out>13:09:08 INFO  ==============================================================
13:09:08 INFO  Id:    tedge_agent_user_sudo_access
13:09:08 INFO  Dir:   tedge/
13:09:08 INFO  Title: Validate tedge-agent user has a limited sudo right
13:09:08 INFO  ==============================================================
13:09:08 INFO  #955 Observation: Exit code of the apt plugin when called with no arguments ... skipped
13:09:08 INFO  
13:09:08 INFO  Test duration: 0.02 secs
13:09:08 INFO  Test final outcome:  SKIPPED
13:09:08 INFO  Test outcome reason: #955 Observation: Exit code of the apt plugin when called with no arguments
13:09:08 INFO  
</system-out>
	</testcase>
</testsuite><testsuite name="tedge_connect_test_negative" tests="1" errors="0" failures="0" skipped="0" time="0"><testcase classname="TedgeConnectTestNegative" name="tedge_connect_test_negative" />
</testsuite><testsuite name="tedge_connect_test_positive" tests="1" errors="0" failures="0" skipped="0" time="0"><testcase classname="TedgeConnectTestPositive" name="tedge_connect_test_positive" />
</testsuite><testsuite name="tedge_connect_test_sm_services" tests="1" errors="0" failures="0" skipped="0" time="0"><testcase classname="TedgeConnectTestSMServices" name="tedge_connect_test_sm_services" />
</testsuite><testsuite name="tedge_disconnect_test_sm_services" tests="1" errors="0" failures="0" skipped="0" time="0"><testcase classname="TedgeDisConnectTestSMServices" name="tedge_disconnect_test_sm_services" />
</testsuite><testsuite name="tedge_mapper_az_negative" tests="1" errors="0" failures="0" skipped="0" time="0"><testcase classname="TedgeMapperAzError" name="tedge_mapper_az_negative" />
</testsuite><testsuite name="tedge_mapper_az_with_timestamp" tests="1" errors="0" failures="0" skipped="0" time="0"><testcase classname="TedgeMapperAzWithTimestamp" name="tedge_mapper_az_with_timestamp" />
</testsuite><testsuite name="tedge_mapper_az_without_timestamp" tests="1" errors="0" failures="0" skipped="0" time="0"><testcase classname="TedgeMapperAzWithoutTimestamp" name="tedge_mapper_az_without_timestamp" />
</testsuite><testsuite name="tedge_mapper_c8y_alarms" tests="1" errors="0" failures="0" skipped="0" time="0"><testcase classname="TedgeMapperC8yAlarm" name="tedge_mapper_c8y_alarms" />
</testsuite><testsuite name="tedge_mapper_c8y_child_device_measurement" tests="1" errors="0" failures="0" skipped="0" time="0"><testcase classname="TedgeMapperC8yChildDevice" name="tedge_mapper_c8y_child_device_measurement" />
</testsuite><testsuite name="tedge_mapper_c8y_packet_threshold_size" tests="1" errors="0" failures="1" skipped="0" time="0"><testcase classname="TedgeMapperC8yThresholdPacketSize" name="tedge_mapper_c8y_packet_threshold_size">
		<failure message="FAILED: Grep on tedge_sub.out contains &quot;The size of the message received on tedge/measurements is 20489 which is greater than the threshold size of 16184.&quot;" type="FAILED" />
		<system-out>13:13:37 INFO  ==============================================================
13:13:37 INFO  Id:    tedge_mapper_c8y_packet_threshold_size
13:13:37 INFO  Dir:   tedge_mapper_c8y/
13:13:37 INFO  Title: Validate the Cumulocity Mapper accepted threshold packet size when it receives a message on tedge/measurements
13:13:37 INFO  ==============================================================
13:13:38 INFO  Executed sudo&lt;tedge_mapper_c8y&gt;, exit status 0
13:13:38 INFO  Started sudo&lt;tedge_sub&gt; with process id 21454
13:13:39 INFO  Executed sudo&lt;tedge_msg&gt;, exit status 0
13:13:39 INFO  Executed sudo&lt;tedge_pub&gt;, exit status 0
13:13:40 INFO  Executed sudo&lt;kill_out&gt;, exit status 0
13:13:40 WARN  Grep on tedge_sub.out contains "The size of the message received on tedge/measurements is 20489 which is greater than the threshold size of 16184." ... failed [run.py:88]
13:13:40 INFO  
13:13:40 INFO  cleanup:
13:13:40 INFO  mapper_cleanup
13:13:40 INFO  Executed sudo&lt;tedge_mapper_c8y&gt;, exit status 0
13:13:40 INFO  
13:13:40 INFO  Test duration: 3.01 secs
13:13:40 INFO  Test final outcome:  FAILED
13:13:40 INFO  Test outcome reason: Grep on tedge_sub.out contains "The size of the message received on tedge/measurements is 20489 which is greater than the threshold size of 16184."
13:13:40 INFO  
</system-out>
	</testcase>
</testsuite><testsuite name="tedge_software_update" tests="1" errors="0" failures="0" skipped="0" time="0"><testcase classname="PySysTest" name="tedge_software_update" />
</testsuite><testsuite name="valid_device_id" tests="1" errors="0" failures="0" skipped="0" time="0"><testcase classname="ValidateValidDeviceId" name="valid_device_id" />
</testsuite></testsuites>