<?xml version='1.0' encoding='utf-8'?>
<testsuites tests="147" failures="28" errors="0" skipped="45" time="0.0"><testsuite name="SoftwareManagement.Plugin.apama_plugin_install" tests="3" errors="0" failures="0" skipped="1" time="0"><testcase classname="ApamaPluginInstallTest" name="SoftwareManagement.Plugin.apama_plugin_install">
		<skipped message="SKIPPED: Apama plugin tests are disabled by default. Execute `pysys run` with `-XmyPlatform=container` to run these tests" />
		<system-out>08:27:40 INFO  ==============================================================
08:27:40 INFO  Id:    SoftwareManagement.Plugin.apama_plugin_install
08:27:40 INFO  Dir:   plugin_apama/
08:27:40 INFO  Title: Validate apama plugin install
08:27:40 INFO  ==============================================================
08:27:40 INFO  Apama plugin tests are disabled by default. Execute `pysys run` with `-XmyPlatform=container` to run these tests ... skipped
08:27:40 WARN  Aborted test due to SKIPPED outcome
08:27:40 INFO  
08:27:40 INFO  Test duration: 0.04 secs
08:27:40 INFO  Test final outcome:  SKIPPED
08:27:40 INFO  Test outcome reason: Apama plugin tests are disabled by default. Execute `pysys run` with `-XmyPlatform=container` to run these tests
08:27:40 INFO  
</system-out>
	</testcase>
<testcase classname="ApamaPluginInstallTest" name="SoftwareManagement.Plugin.apama_plugin_install" />
<testcase classname="ApamaPluginInstallTest" name="SoftwareManagement.Plugin.apama_plugin_install" />
</testsuite><testsuite name="SoftwareManagement.Plugin.apama_plugin_mon_support" tests="3" errors="0" failures="0" skipped="1" time="0"><testcase classname="ApamaPluginMonSupportTest" name="SoftwareManagement.Plugin.apama_plugin_mon_support">
		<skipped message="SKIPPED: Apama plugin tests are disabled by default. Execute `pysys run` with `-XmyPlatform=container` to run these tests" />
		<system-out>08:27:40 INFO  ==============================================================
08:27:40 INFO  Id:    SoftwareManagement.Plugin.apama_plugin_mon_support
08:27:40 INFO  Dir:   plugin_apama/
08:27:40 INFO  Title: Validate mon file support of apama plugin
08:27:40 INFO  ==============================================================
08:27:40 INFO  Apama plugin tests are disabled by default. Execute `pysys run` with `-XmyPlatform=container` to run these tests ... skipped
08:27:40 WARN  Aborted test due to SKIPPED outcome
08:27:40 INFO  
08:27:40 INFO  Test duration: 0.05 secs
08:27:40 INFO  Test final outcome:  SKIPPED
08:27:40 INFO  Test outcome reason: Apama plugin tests are disabled by default. Execute `pysys run` with `-XmyPlatform=container` to run these tests
08:27:40 INFO  
</system-out>
	</testcase>
<testcase classname="ApamaPluginMonSupportTest" name="SoftwareManagement.Plugin.apama_plugin_mon_support" />
<testcase classname="ApamaPluginMonSupportTest" name="SoftwareManagement.Plugin.apama_plugin_mon_support" />
</testsuite><testsuite name="SoftwareManagement.Plugin.apama_plugin_remove" tests="3" errors="0" failures="0" skipped="1" time="0"><testcase classname="ApamaPluginRemoveTest" name="SoftwareManagement.Plugin.apama_plugin_remove">
		<skipped message="SKIPPED: Apama plugin tests are disabled by default. Execute `pysys run` with `-XmyPlatform=container` to run these tests" />
		<system-out>08:27:40 INFO  ==============================================================
08:27:40 INFO  Id:    SoftwareManagement.Plugin.apama_plugin_remove
08:27:40 INFO  Dir:   plugin_apama/
08:27:40 INFO  Title: Validate apama plugin remove
08:27:40 INFO  ==============================================================
08:27:40 INFO  Apama plugin tests are disabled by default. Execute `pysys run` with `-XmyPlatform=container` to run these tests ... skipped
08:27:40 WARN  Aborted test due to SKIPPED outcome
08:27:40 INFO  
08:27:40 INFO  Test duration: 0.02 secs
08:27:40 INFO  Test final outcome:  SKIPPED
08:27:40 INFO  Test outcome reason: Apama plugin tests are disabled by default. Execute `pysys run` with `-XmyPlatform=container` to run these tests
08:27:40 INFO  
</system-out>
	</testcase>
<testcase classname="ApamaPluginRemoveTest" name="SoftwareManagement.Plugin.apama_plugin_remove" />
<testcase classname="ApamaPluginRemoveTest" name="SoftwareManagement.Plugin.apama_plugin_remove" />
</testsuite><testsuite name="SoftwareManagement.Plugin.apama_plugin_update" tests="3" errors="0" failures="2" skipped="1" time="0"><testcase classname="ApamaPluginUpdateTest" name="SoftwareManagement.Plugin.apama_plugin_update">
		<skipped message="SKIPPED: Apama plugin tests are disabled by default. Execute `pysys run` with `-XmyPlatform=container` to run these tests" />
		<system-out>08:27:40 INFO  ==============================================================
08:27:40 INFO  Id:    SoftwareManagement.Plugin.apama_plugin_update
08:27:40 INFO  Dir:   plugin_apama/
08:27:40 INFO  Title: Validate apama plugin updating one project with another
08:27:40 INFO  ==============================================================
08:27:40 INFO  Apama plugin tests are disabled by default. Execute `pysys run` with `-XmyPlatform=container` to run these tests ... skipped
08:27:40 WARN  Aborted test due to SKIPPED outcome
08:27:40 INFO  
08:27:40 INFO  Test duration: 0.02 secs
08:27:40 INFO  Test final outcome:  SKIPPED
08:27:40 INFO  Test outcome reason: Apama plugin tests are disabled by default. Execute `pysys run` with `-XmyPlatform=container` to run these tests
08:27:40 INFO  
</system-out>
	</testcase>
<testcase classname="ApamaPluginUpdateTest" name="SoftwareManagement.Plugin.apama_plugin_update">
		<failure message="BLOCKED: sudo&lt;plugin_install&gt; returned non-zero exit code 2" type="BLOCKED" />
		<system-out>09:21:59 INFO  ==============================================================
09:21:59 INFO  Id:    SoftwareManagement.Plugin.apama_plugin_update
09:21:59 INFO  Dir:   plugin_apama/
09:21:59 INFO  Title: Validate apama plugin updating one project with another
09:21:59 INFO  ==============================================================
09:21:59 INFO  Assertion that path exists=False for "/etc/tedge/apama/project" ... passed
09:22:00 INFO  Executed sudo&lt;create_project_dir&gt;, exit status 0
09:22:01 INFO  Executed sudo&lt;unzip_apama_project&gt;, exit status 0
09:22:01 INFO  Executed sudo&lt;move_apama_project&gt;, exit status 0
09:22:02 INFO  Executed sudo&lt;restart_apama_service&gt;, exit status 0
09:22:03 INFO  Executed sudo&lt;apama_correlator_wait&gt;, exit status 0
09:22:03 INFO  Assertion that path exists=True for "/etc/tedge/apama/project" ... passed
09:22:03 INFO  Executed sudo&lt;apama_list_monitors&gt;, exit status 0
09:22:03 INFO  Grep on file /home/pi/actions-runner/_work/thin-edge.io/thin-edge.io/tests/PySys/plugin_apama/apama_plugin_update/Output/linux/apama_list_monitors.out ... passed
09:22:04 WARN  Executed sudo&lt;plugin_install&gt;, exit status 2
09:22:04 INFO  Contents of plugin_install.err: 
  ERROR: Directory not empty (os error 39)
  -----

09:22:04 WARN  sudo&lt;plugin_install&gt; returned non-zero exit code 2 ... blocked [run.py:35]
09:22:04 WARN  Aborted test due to BLOCKED outcome
09:22:04 INFO  
09:22:04 INFO  cleanup:
09:22:04 INFO  Removing apama project
09:22:20 INFO  Executed sudo&lt;stop_apama_service&gt;, exit status 0, duration 15 secs
09:22:20 INFO  Executed sudo&lt;remove_apama_project&gt;, exit status 0
09:22:21 INFO  Executed sudo&lt;remove_apama_tmp_dir&gt;, exit status 0
09:22:21 INFO  
09:22:21 INFO  Test duration: 21.26 secs
09:22:21 INFO  Test final outcome:  BLOCKED
09:22:21 INFO  Test outcome reason: sudo&lt;plugin_install&gt; returned non-zero exit code 2
09:22:21 INFO  
</system-out>
	</testcase>
<testcase classname="ApamaPluginUpdateTest" name="SoftwareManagement.Plugin.apama_plugin_update">
		<failure message="BLOCKED: sudo&lt;plugin_install&gt; returned non-zero exit code 2" type="BLOCKED" />
		<system-out>09:30:55 INFO  ==============================================================
09:30:55 INFO  Id:    SoftwareManagement.Plugin.apama_plugin_update
09:30:55 INFO  Dir:   plugin_apama/
09:30:55 INFO  Title: Validate apama plugin updating one project with another
09:30:55 INFO  ==============================================================
09:30:55 INFO  Assertion that path exists=False for "/etc/tedge/apama/project" ... passed
09:30:56 INFO  Executed sudo&lt;create_project_dir&gt;, exit status 0
09:30:56 INFO  Executed sudo&lt;unzip_apama_project&gt;, exit status 0
09:30:57 INFO  Executed sudo&lt;move_apama_project&gt;, exit status 0
09:30:58 INFO  Executed sudo&lt;restart_apama_service&gt;, exit status 0
09:30:58 INFO  Executed sudo&lt;apama_correlator_wait&gt;, exit status 0
09:30:58 INFO  Assertion that path exists=True for "/etc/tedge/apama/project" ... passed
09:30:59 INFO  Executed sudo&lt;apama_list_monitors&gt;, exit status 0
09:30:59 INFO  Grep on file /home/pi/actions-runner/_work/thin-edge.io/thin-edge.io/tests/PySys/plugin_apama/apama_plugin_update/Output/linux/apama_list_monitors.out ... passed
09:31:00 WARN  Executed sudo&lt;plugin_install&gt;, exit status 2
09:31:00 INFO  Contents of plugin_install.err: 
  ERROR: Directory not empty (os error 39)
  -----

09:31:00 WARN  sudo&lt;plugin_install&gt; returned non-zero exit code 2 ... blocked [run.py:35]
09:31:00 WARN  Aborted test due to BLOCKED outcome
09:31:00 INFO  
09:31:00 INFO  cleanup:
09:31:00 INFO  Removing apama project
09:31:15 INFO  Executed sudo&lt;stop_apama_service&gt;, exit status 0, duration 15 secs
09:31:16 INFO  Executed sudo&lt;remove_apama_project&gt;, exit status 0
09:31:16 INFO  Executed sudo&lt;remove_apama_tmp_dir&gt;, exit status 0
09:31:16 INFO  
09:31:16 INFO  Test duration: 20.98 secs
09:31:16 INFO  Test final outcome:  BLOCKED
09:31:16 INFO  Test outcome reason: sudo&lt;plugin_install&gt; returned non-zero exit code 2
09:31:16 INFO  
</system-out>
	</testcase>
</testsuite><testsuite name="SoftwareManagement.sm_apt_install_download_path" tests="3" errors="0" failures="2" skipped="1" time="0"><testcase classname="AptInstallWithDownloadPath" name="SoftwareManagement.sm_apt_install_download_path">
		<skipped message="SKIPPED: Testing the apt plugin is not supported on this platform.Use parameter -XmyPlatform='container' to enable it" />
		<system-out>08:37:15 INFO  ==============================================================
08:37:15 INFO  Id:    SoftwareManagement.sm_apt_install_download_path
08:37:15 INFO  Dir:   software_management_end_to_end/
08:37:15 INFO  Title: Install package to directory specified in tedge config set tmp.path
08:37:15 INFO  ==============================================================
08:37:15 INFO  Testing the apt plugin is not supported on this platform.Use parameter -XmyPlatform='container' to enable it ... skipped
08:37:15 WARN  Aborted test due to SKIPPED outcome
08:37:15 INFO  
08:37:15 INFO  Test duration: 0.06 secs
08:37:15 INFO  Test final outcome:  SKIPPED
08:37:15 INFO  Test outcome reason: Testing the apt plugin is not supported on this platform.Use parameter -XmyPlatform='container' to enable it
08:37:15 INFO  
</system-out>
	</testcase>
<testcase classname="AptInstallWithDownloadPath" name="SoftwareManagement.sm_apt_install_download_path">
		<failure message="BLOCKED: SystemError: Timeout while waiting for status FAILED or SUCCESSFUL" type="BLOCKED" />
		<system-out>09:00:50 INFO  ==============================================================
09:00:50 INFO  Id:    SoftwareManagement.sm_apt_install_download_path
09:00:50 INFO  Dir:   software_management_end_to_end/
09:00:50 INFO  Title: Install package to directory specified in tedge config set tmp.path
09:00:50 INFO  ==============================================================
09:00:51 INFO  Using sw id database: {'asciijump': '5475369', 'robotfindskitten': '5474869', 'squirrel3': '5475279', 'rolldice': '5152439', 'moon-buggy': '5439204', 'apple': '5495053', 'banana': '5494888', 'cherry': '5495382', 'watermelon': '5494510', 'registry': '8018911', 'hello-world': '8021526', 'docker/getting-started': '8021973', 'alpine': '7991792'}
09:00:51 INFO  EnvironmentC8y Setup
09:00:51 INFO  Executed systemctl&lt;serv_mapper1&gt;, exit status 3
09:01:08 INFO  Executed sudo&lt;tedge_connect_c8y&gt;, exit status 0, duration 16 secs
09:01:10 INFO  Executed sudo&lt;tedge_connect_c8y_test&gt;, exit status 0
09:01:11 INFO  Executed systemctl&lt;serv_mosq2&gt;, exit status 0
09:01:11 INFO  Executed systemctl&lt;serv_mapper3&gt;, exit status 0
09:01:14 INFO  State of current operation: PENDING
09:01:16 INFO  State of current operation: PENDING
09:01:18 INFO  State of current operation: PENDING
09:01:20 INFO  State of current operation: PENDING
09:01:23 INFO  State of current operation: PENDING
09:01:25 INFO  State of current operation: PENDING
09:01:27 INFO  State of current operation: PENDING
09:01:29 INFO  State of current operation: PENDING
09:01:31 INFO  State of current operation: PENDING
09:01:34 INFO  State of current operation: PENDING
09:01:36 INFO  State of current operation: PENDING
09:01:38 INFO  State of current operation: PENDING
09:01:40 INFO  State of current operation: PENDING
09:01:43 INFO  State of current operation: PENDING
09:01:45 INFO  State of current operation: PENDING
09:01:47 INFO  State of current operation: PENDING
09:01:49 INFO  State of current operation: PENDING
09:01:52 INFO  State of current operation: PENDING
09:01:54 INFO  State of current operation: PENDING
09:01:56 INFO  State of current operation: PENDING
09:01:58 INFO  State of current operation: PENDING
09:02:00 INFO  State of current operation: PENDING
09:02:03 INFO  State of current operation: PENDING
09:02:05 INFO  State of current operation: PENDING
09:02:08 INFO  State of current operation: PENDING
09:02:10 INFO  State of current operation: PENDING
09:02:12 INFO  State of current operation: PENDING
09:02:14 INFO  State of current operation: PENDING
09:02:17 INFO  State of current operation: PENDING
09:02:19 INFO  State of current operation: PENDING
09:02:21 INFO  State of current operation: PENDING
09:02:24 INFO  State of current operation: PENDING
09:02:26 INFO  State of current operation: PENDING
09:02:28 INFO  State of current operation: PENDING
09:02:30 INFO  State of current operation: PENDING
09:02:32 INFO  State of current operation: PENDING
09:02:35 INFO  State of current operation: PENDING
09:02:37 INFO  State of current operation: PENDING
09:02:39 INFO  State of current operation: PENDING
09:02:41 INFO  State of current operation: PENDING
09:02:44 INFO  State of current operation: PENDING
09:02:46 INFO  State of current operation: PENDING
09:02:48 INFO  State of current operation: PENDING
09:02:50 INFO  State of current operation: PENDING
09:02:53 INFO  State of current operation: PENDING
09:02:55 INFO  State of current operation: PENDING
09:02:57 INFO  State of current operation: PENDING
09:02:59 INFO  State of current operation: PENDING
09:03:02 INFO  State of current operation: PENDING
09:03:04 INFO  State of current operation: PENDING
09:03:06 INFO  State of current operation: PENDING
09:03:08 INFO  State of current operation: PENDING
09:03:11 INFO  State of current operation: PENDING
09:03:13 INFO  State of current operation: PENDING
09:03:15 INFO  State of current operation: PENDING
09:03:18 INFO  State of current operation: PENDING
09:03:20 INFO  State of current operation: PENDING
09:03:22 INFO  State of current operation: PENDING
09:03:24 INFO  State of current operation: PENDING
09:03:26 INFO  State of current operation: PENDING
09:03:29 INFO  State of current operation: PENDING
09:03:31 WARN  SystemError occurred while running test - Timeout while waiting for status FAILED or SUCCESSFUL
Traceback (most recent call last):
  File "/home/pi/env-pysys/lib/python3.7/site-packages/pysys/baserunner.py", line 1292, in __call__
    self.testObj.setup()
  File "/home/pi/actions-runner/_work/thin-edge.io/thin-edge.io/tests/PySys/software_management_end_to_end/sm_apt_install_download_path/run.py", line 48, in setup
    super().setup()
  File "/home/pi/actions-runner/_work/thin-edge.io/thin-edge.io/tests/PySys/software_management_end_to_end/environment_sm_management.py", line 151, in setup
    self.wait_until_end()
  File "/home/pi/actions-runner/_work/thin-edge.io/thin-edge.io/tests/PySys/software_management_end_to_end/environment_sm_management.py", line 332, in wait_until_end
    self.wait_until_status("FAILED", "SUCCESSFUL")
  File "/home/pi/actions-runner/_work/thin-edge.io/thin-edge.io/tests/PySys/software_management_end_to_end/environment_sm_management.py", line 381, in wait_until_status
    "Timeout while waiting for status %s or %s" % (status, status2)
SystemError: Timeout while waiting for status FAILED or SUCCESSFUL
09:03:31 WARN  SystemError: Timeout while waiting for status FAILED or SUCCESSFUL ... blocked 
09:03:31 INFO  
09:03:31 INFO  cleanup:
09:03:32 INFO  Executed sudo, exit status 0
09:03:32 INFO  Executed sudo, exit status 0
09:03:36 INFO  Executed sudo&lt;tedge_disconnect_c8y&gt;, exit status 0
09:03:37 INFO  Restarting mosquitto too frequently in the last 10 seconds. It was only up for 3 seconds
09:03:37 INFO  Delaying execution by 8 seconds
09:03:59 INFO  Executed sudo&lt;tedge_connect_c8y&gt;, exit status 0, duration 14 secs
09:04:03 INFO  Executed sudo&lt;tedge_disconnect_c8y&gt;, exit status 0
09:04:04 INFO  Executed systemctl&lt;serv_mapper5&gt;, exit status 3
09:04:04 INFO  
09:04:04 INFO  Test duration: 193.75 secs
09:04:04 INFO  Test final outcome:  BLOCKED
09:04:04 INFO  Test outcome reason: SystemError: Timeout while waiting for status FAILED or SUCCESSFUL
09:04:04 INFO  
</system-out>
	</testcase>
<testcase classname="AptInstallWithDownloadPath" name="SoftwareManagement.sm_apt_install_download_path">
		<failure message="BLOCKED: SystemError: Timeout while waiting for status FAILED or SUCCESSFUL" type="BLOCKED" />
		<system-out>09:31:16 INFO  ==============================================================
09:31:16 INFO  Id:    SoftwareManagement.sm_apt_install_download_path
09:31:16 INFO  Dir:   software_management_end_to_end/
09:31:16 INFO  Title: Install package to directory specified in tedge config set tmp.path
09:31:16 INFO  ==============================================================
09:31:17 INFO  Using sw id database: {'asciijump': '5475369', 'robotfindskitten': '5474869', 'squirrel3': '5475279', 'rolldice': '5152439', 'moon-buggy': '5439204', 'apple': '5495053', 'banana': '5494888', 'cherry': '5495382', 'watermelon': '5494510', 'registry': '8018911', 'hello-world': '8021526', 'docker/getting-started': '8021973', 'alpine': '7991792'}
09:31:17 INFO  EnvironmentC8y Setup
09:31:18 INFO  Executed systemctl&lt;serv_mapper1&gt;, exit status 3
09:31:32 INFO  Executed sudo&lt;tedge_connect_c8y&gt;, exit status 0, duration 14 secs
09:31:33 INFO  Executed sudo&lt;tedge_connect_c8y_test&gt;, exit status 0
09:31:33 INFO  Executed systemctl&lt;serv_mosq2&gt;, exit status 0
09:31:34 INFO  Executed systemctl&lt;serv_mapper3&gt;, exit status 0
09:31:36 INFO  State of current operation: PENDING
09:31:38 INFO  State of current operation: PENDING
09:31:41 INFO  State of current operation: PENDING
09:31:43 INFO  State of current operation: PENDING
09:31:45 INFO  State of current operation: PENDING
09:31:47 INFO  State of current operation: PENDING
09:31:49 INFO  State of current operation: PENDING
09:31:52 INFO  State of current operation: PENDING
09:31:54 INFO  State of current operation: PENDING
09:31:56 INFO  State of current operation: PENDING
09:31:58 INFO  State of current operation: PENDING
09:32:01 INFO  State of current operation: PENDING
09:32:03 INFO  State of current operation: PENDING
09:32:05 INFO  State of current operation: PENDING
09:32:07 INFO  State of current operation: PENDING
09:32:10 INFO  State of current operation: PENDING
09:32:12 INFO  State of current operation: PENDING
09:32:14 INFO  State of current operation: PENDING
09:32:16 INFO  State of current operation: PENDING
09:32:19 INFO  State of current operation: PENDING
09:32:21 INFO  State of current operation: PENDING
09:32:23 INFO  State of current operation: PENDING
09:32:25 INFO  State of current operation: PENDING
09:32:27 INFO  State of current operation: PENDING
09:32:30 INFO  State of current operation: PENDING
09:32:32 INFO  State of current operation: PENDING
09:32:34 INFO  State of current operation: PENDING
09:32:37 INFO  State of current operation: PENDING
09:32:39 INFO  State of current operation: PENDING
09:32:41 INFO  State of current operation: PENDING
09:32:43 INFO  State of current operation: PENDING
09:32:46 INFO  State of current operation: PENDING
09:32:48 INFO  State of current operation: PENDING
09:32:50 INFO  State of current operation: PENDING
09:32:52 INFO  State of current operation: PENDING
09:32:55 INFO  State of current operation: PENDING
09:32:57 INFO  State of current operation: PENDING
09:32:59 INFO  State of current operation: PENDING
09:33:01 INFO  State of current operation: PENDING
09:33:03 INFO  State of current operation: PENDING
09:33:06 INFO  State of current operation: PENDING
09:33:08 INFO  State of current operation: PENDING
09:33:10 INFO  State of current operation: PENDING
09:33:12 INFO  State of current operation: PENDING
09:33:15 INFO  State of current operation: PENDING
09:33:17 INFO  State of current operation: PENDING
09:33:19 INFO  State of current operation: PENDING
09:33:21 INFO  State of current operation: PENDING
09:33:24 INFO  State of current operation: PENDING
09:33:26 INFO  State of current operation: PENDING
09:33:28 INFO  State of current operation: PENDING
09:33:30 INFO  State of current operation: PENDING
09:33:33 INFO  State of current operation: PENDING
09:33:35 INFO  State of current operation: PENDING
09:33:37 INFO  State of current operation: PENDING
09:33:39 INFO  State of current operation: PENDING
09:33:41 INFO  State of current operation: PENDING
09:33:44 INFO  State of current operation: PENDING
09:33:46 INFO  State of current operation: PENDING
09:33:48 INFO  State of current operation: PENDING
09:33:50 INFO  State of current operation: PENDING
09:33:52 WARN  SystemError occurred while running test - Timeout while waiting for status FAILED or SUCCESSFUL
Traceback (most recent call last):
  File "/home/pi/env-pysys/lib/python3.7/site-packages/pysys/baserunner.py", line 1292, in __call__
    self.testObj.setup()
  File "/home/pi/actions-runner/_work/thin-edge.io/thin-edge.io/tests/PySys/software_management_end_to_end/sm_apt_install_download_path/run.py", line 48, in setup
    super().setup()
  File "/home/pi/actions-runner/_work/thin-edge.io/thin-edge.io/tests/PySys/software_management_end_to_end/environment_sm_management.py", line 151, in setup
    self.wait_until_end()
  File "/home/pi/actions-runner/_work/thin-edge.io/thin-edge.io/tests/PySys/software_management_end_to_end/environment_sm_management.py", line 332, in wait_until_end
    self.wait_until_status("FAILED", "SUCCESSFUL")
  File "/home/pi/actions-runner/_work/thin-edge.io/thin-edge.io/tests/PySys/software_management_end_to_end/environment_sm_management.py", line 381, in wait_until_status
    "Timeout while waiting for status %s or %s" % (status, status2)
SystemError: Timeout while waiting for status FAILED or SUCCESSFUL
09:33:52 WARN  SystemError: Timeout while waiting for status FAILED or SUCCESSFUL ... blocked 
09:33:52 INFO  
09:33:52 INFO  cleanup:
09:33:53 INFO  Executed sudo, exit status 0
09:33:53 INFO  Executed sudo, exit status 0
09:33:58 INFO  Executed sudo&lt;tedge_disconnect_c8y&gt;, exit status 0
09:33:58 INFO  Restarting mosquitto too frequently in the last 10 seconds. It was only up for 3 seconds
09:33:58 INFO  Delaying execution by 8 seconds
09:34:20 INFO  Executed sudo&lt;tedge_connect_c8y&gt;, exit status 0, duration 14 secs
09:34:24 INFO  Executed sudo&lt;tedge_disconnect_c8y&gt;, exit status 0
09:34:24 INFO  Executed systemctl&lt;serv_mapper5&gt;, exit status 3
09:34:24 INFO  
09:34:24 INFO  Test duration: 188.28 secs
09:34:24 INFO  Test final outcome:  BLOCKED
09:34:24 INFO  Test outcome reason: SystemError: Timeout while waiting for status FAILED or SUCCESSFUL
09:34:24 INFO  
</system-out>
	</testcase>
</testsuite><testsuite name="SoftwareManagement.sm_apt_install_fail" tests="3" errors="0" failures="2" skipped="1" time="0"><testcase classname="PySysTest" name="SoftwareManagement.sm_apt_install_fail">
		<skipped message="SKIPPED: Testing the apt plugin is not supported on this platform.Use parameter -XmyPlatform='container' to enable it" />
		<system-out>08:37:15 INFO  ==============================================================
08:37:15 INFO  Id:    SoftwareManagement.sm_apt_install_fail
08:37:15 INFO  Dir:   software_management_end_to_end/
08:37:15 INFO  Title: Validate end to end behaviour for a failing installation
08:37:15 INFO  ==============================================================
08:37:15 INFO  Testing the apt plugin is not supported on this platform.Use parameter -XmyPlatform='container' to enable it ... skipped
08:37:15 WARN  Aborted test due to SKIPPED outcome
08:37:15 INFO  
08:37:15 INFO  Test duration: 0.02 secs
08:37:15 INFO  Test final outcome:  SKIPPED
08:37:15 INFO  Test outcome reason: Testing the apt plugin is not supported on this platform.Use parameter -XmyPlatform='container' to enable it
08:37:15 INFO  
</system-out>
	</testcase>
<testcase classname="PySysTest" name="SoftwareManagement.sm_apt_install_fail">
		<failure message="BLOCKED: SystemError: Timeout while waiting for status FAILED or SUCCESSFUL" type="BLOCKED" />
		<system-out>09:04:04 INFO  ==============================================================
09:04:04 INFO  Id:    SoftwareManagement.sm_apt_install_fail
09:04:04 INFO  Dir:   software_management_end_to_end/
09:04:04 INFO  Title: Validate end to end behaviour for a failing installation
09:04:04 INFO  ==============================================================
09:04:04 INFO  Using sw id database: {'asciijump': '5475369', 'robotfindskitten': '5474869', 'squirrel3': '5475279', 'rolldice': '5152439', 'moon-buggy': '5439204', 'apple': '5495053', 'banana': '5494888', 'cherry': '5495382', 'watermelon': '5494510', 'registry': '8018911', 'hello-world': '8021526', 'docker/getting-started': '8021973', 'alpine': '7991792'}
09:04:04 INFO  EnvironmentC8y Setup
09:04:05 INFO  Executed systemctl&lt;serv_mapper1&gt;, exit status 3
09:04:05 INFO  Restarting mosquitto too frequently in the last 10 seconds. It was only up for 5 seconds
09:04:05 INFO  Delaying execution by 6 seconds
09:04:25 INFO  Executed sudo&lt;tedge_connect_c8y&gt;, exit status 0, duration 14 secs
09:04:26 INFO  Executed sudo&lt;tedge_connect_c8y_test&gt;, exit status 0
09:04:26 INFO  Executed systemctl&lt;serv_mosq2&gt;, exit status 0
09:04:26 INFO  Executed systemctl&lt;serv_mapper3&gt;, exit status 0
09:04:29 INFO  State of current operation: PENDING
09:04:31 INFO  State of current operation: PENDING
09:04:33 INFO  State of current operation: PENDING
09:04:35 INFO  State of current operation: PENDING
09:04:38 INFO  State of current operation: PENDING
09:04:40 INFO  State of current operation: PENDING
09:04:42 INFO  State of current operation: PENDING
09:04:44 INFO  State of current operation: PENDING
09:04:47 INFO  State of current operation: PENDING
09:04:49 INFO  State of current operation: PENDING
09:04:51 INFO  State of current operation: PENDING
09:04:53 INFO  State of current operation: PENDING
09:04:56 INFO  State of current operation: PENDING
09:04:58 INFO  State of current operation: PENDING
09:05:00 INFO  State of current operation: PENDING
09:05:02 INFO  State of current operation: PENDING
09:05:05 INFO  State of current operation: PENDING
09:05:07 INFO  State of current operation: PENDING
09:05:09 INFO  State of current operation: PENDING
09:05:11 INFO  State of current operation: PENDING
09:05:13 INFO  State of current operation: PENDING
09:05:16 INFO  State of current operation: PENDING
09:05:18 INFO  State of current operation: PENDING
09:05:20 INFO  State of current operation: PENDING
09:05:22 INFO  State of current operation: PENDING
09:05:25 INFO  State of current operation: PENDING
09:05:27 INFO  State of current operation: PENDING
09:05:29 INFO  State of current operation: PENDING
09:05:31 INFO  State of current operation: PENDING
09:05:34 INFO  State of current operation: PENDING
09:05:36 INFO  State of current operation: PENDING
09:05:38 INFO  State of current operation: PENDING
09:05:40 INFO  State of current operation: PENDING
09:05:42 INFO  State of current operation: PENDING
09:05:45 INFO  State of current operation: PENDING
09:05:47 INFO  State of current operation: PENDING
09:05:50 INFO  State of current operation: PENDING
09:05:52 INFO  State of current operation: PENDING
09:05:54 INFO  State of current operation: PENDING
09:05:56 INFO  State of current operation: PENDING
09:05:58 INFO  State of current operation: PENDING
09:06:01 INFO  State of current operation: PENDING
09:06:03 INFO  State of current operation: PENDING
09:06:05 INFO  State of current operation: PENDING
09:06:07 INFO  State of current operation: PENDING
09:06:10 INFO  State of current operation: PENDING
09:06:12 INFO  State of current operation: PENDING
09:06:14 INFO  State of current operation: PENDING
09:06:16 INFO  State of current operation: PENDING
09:06:19 INFO  State of current operation: PENDING
09:06:21 INFO  State of current operation: PENDING
09:06:23 INFO  State of current operation: PENDING
09:06:25 INFO  State of current operation: PENDING
09:06:28 INFO  State of current operation: PENDING
09:06:30 INFO  State of current operation: PENDING
09:06:32 INFO  State of current operation: PENDING
09:06:34 INFO  State of current operation: PENDING
09:06:36 INFO  State of current operation: PENDING
09:06:39 INFO  State of current operation: PENDING
09:06:41 INFO  State of current operation: PENDING
09:06:43 INFO  State of current operation: PENDING
09:06:45 WARN  SystemError occurred while running test - Timeout while waiting for status FAILED or SUCCESSFUL
Traceback (most recent call last):
  File "/home/pi/env-pysys/lib/python3.7/site-packages/pysys/baserunner.py", line 1292, in __call__
    self.testObj.setup()
  File "/home/pi/actions-runner/_work/thin-edge.io/thin-edge.io/tests/PySys/software_management_end_to_end/sm_apt_install_fail/run.py", line 20, in setup
    super().setup()
  File "/home/pi/actions-runner/_work/thin-edge.io/thin-edge.io/tests/PySys/software_management_end_to_end/environment_sm_management.py", line 151, in setup
    self.wait_until_end()
  File "/home/pi/actions-runner/_work/thin-edge.io/thin-edge.io/tests/PySys/software_management_end_to_end/environment_sm_management.py", line 332, in wait_until_end
    self.wait_until_status("FAILED", "SUCCESSFUL")
  File "/home/pi/actions-runner/_work/thin-edge.io/thin-edge.io/tests/PySys/software_management_end_to_end/environment_sm_management.py", line 381, in wait_until_status
    "Timeout while waiting for status %s or %s" % (status, status2)
SystemError: Timeout while waiting for status FAILED or SUCCESSFUL
09:06:45 WARN  SystemError: Timeout while waiting for status FAILED or SUCCESSFUL ... blocked 
09:06:45 INFO  
09:06:45 INFO  cleanup:
09:06:49 INFO  Executed sudo&lt;tedge_disconnect_c8y&gt;, exit status 0
09:06:50 INFO  Executed systemctl&lt;serv_mapper5&gt;, exit status 3
09:06:50 INFO  
09:06:50 INFO  Test duration: 165.76 secs
09:06:50 INFO  Test final outcome:  BLOCKED
09:06:50 INFO  Test outcome reason: SystemError: Timeout while waiting for status FAILED or SUCCESSFUL
09:06:50 INFO  
</system-out>
	</testcase>
<testcase classname="PySysTest" name="SoftwareManagement.sm_apt_install_fail">
		<failure message="BLOCKED: SystemError: Timeout while waiting for status FAILED or SUCCESSFUL" type="BLOCKED" />
		<system-out>09:34:24 INFO  ==============================================================
09:34:24 INFO  Id:    SoftwareManagement.sm_apt_install_fail
09:34:24 INFO  Dir:   software_management_end_to_end/
09:34:24 INFO  Title: Validate end to end behaviour for a failing installation
09:34:24 INFO  ==============================================================
09:34:24 INFO  Using sw id database: {'asciijump': '5475369', 'robotfindskitten': '5474869', 'squirrel3': '5475279', 'rolldice': '5152439', 'moon-buggy': '5439204', 'apple': '5495053', 'banana': '5494888', 'cherry': '5495382', 'watermelon': '5494510', 'registry': '8018911', 'hello-world': '8021526', 'docker/getting-started': '8021973', 'alpine': '7991792'}
09:34:24 INFO  EnvironmentC8y Setup
09:34:25 INFO  Executed systemctl&lt;serv_mapper1&gt;, exit status 3
09:34:25 INFO  Restarting mosquitto too frequently in the last 10 seconds. It was only up for 5 seconds
09:34:25 INFO  Delaying execution by 6 seconds
09:34:45 INFO  Executed sudo&lt;tedge_connect_c8y&gt;, exit status 0, duration 13 secs
09:34:46 INFO  Executed sudo&lt;tedge_connect_c8y_test&gt;, exit status 0
09:34:46 INFO  Executed systemctl&lt;serv_mosq2&gt;, exit status 0
09:34:46 INFO  Executed systemctl&lt;serv_mapper3&gt;, exit status 0
09:34:49 INFO  State of current operation: PENDING
09:34:51 INFO  State of current operation: PENDING
09:34:53 INFO  State of current operation: PENDING
09:34:55 INFO  State of current operation: PENDING
09:34:58 INFO  State of current operation: PENDING
09:35:00 INFO  State of current operation: PENDING
09:35:02 INFO  State of current operation: PENDING
09:35:04 INFO  State of current operation: PENDING
09:35:07 INFO  State of current operation: PENDING
09:35:09 INFO  State of current operation: PENDING
09:35:11 INFO  State of current operation: PENDING
09:35:13 INFO  State of current operation: PENDING
09:35:16 INFO  State of current operation: PENDING
09:35:18 INFO  State of current operation: PENDING
09:35:20 INFO  State of current operation: PENDING
09:35:22 INFO  State of current operation: PENDING
09:35:25 INFO  State of current operation: PENDING
09:35:27 INFO  State of current operation: PENDING
09:35:29 INFO  State of current operation: PENDING
09:35:31 INFO  State of current operation: PENDING
09:35:33 INFO  State of current operation: PENDING
09:35:36 INFO  State of current operation: PENDING
09:35:38 INFO  State of current operation: PENDING
09:35:40 INFO  State of current operation: PENDING
09:35:42 INFO  State of current operation: PENDING
09:35:45 INFO  State of current operation: PENDING
09:35:47 INFO  State of current operation: PENDING
09:35:49 INFO  State of current operation: PENDING
09:35:51 INFO  State of current operation: PENDING
09:35:54 INFO  State of current operation: PENDING
09:35:56 INFO  State of current operation: PENDING
09:35:58 INFO  State of current operation: PENDING
09:36:00 INFO  State of current operation: PENDING
09:36:02 INFO  State of current operation: PENDING
09:36:05 INFO  State of current operation: PENDING
09:36:07 INFO  State of current operation: PENDING
09:36:09 INFO  State of current operation: PENDING
09:36:11 INFO  State of current operation: PENDING
09:36:14 INFO  State of current operation: PENDING
09:36:16 INFO  State of current operation: PENDING
09:36:18 INFO  State of current operation: PENDING
09:36:20 INFO  State of current operation: PENDING
09:36:23 INFO  State of current operation: PENDING
09:36:25 INFO  State of current operation: PENDING
09:36:27 INFO  State of current operation: PENDING
09:36:30 INFO  State of current operation: PENDING
09:36:32 INFO  State of current operation: PENDING
09:36:34 INFO  State of current operation: PENDING
09:36:36 INFO  State of current operation: PENDING
09:36:39 INFO  State of current operation: PENDING
09:36:41 INFO  State of current operation: PENDING
09:36:43 INFO  State of current operation: PENDING
09:36:45 INFO  State of current operation: PENDING
09:36:48 INFO  State of current operation: PENDING
09:36:50 INFO  State of current operation: PENDING
09:36:52 INFO  State of current operation: PENDING
09:36:54 INFO  State of current operation: PENDING
09:36:56 INFO  State of current operation: PENDING
09:36:59 INFO  State of current operation: PENDING
09:37:01 INFO  State of current operation: PENDING
09:37:03 INFO  State of current operation: PENDING
09:37:05 WARN  SystemError occurred while running test - Timeout while waiting for status FAILED or SUCCESSFUL
Traceback (most recent call last):
  File "/home/pi/env-pysys/lib/python3.7/site-packages/pysys/baserunner.py", line 1292, in __call__
    self.testObj.setup()
  File "/home/pi/actions-runner/_work/thin-edge.io/thin-edge.io/tests/PySys/software_management_end_to_end/sm_apt_install_fail/run.py", line 20, in setup
    super().setup()
  File "/home/pi/actions-runner/_work/thin-edge.io/thin-edge.io/tests/PySys/software_management_end_to_end/environment_sm_management.py", line 151, in setup
    self.wait_until_end()
  File "/home/pi/actions-runner/_work/thin-edge.io/thin-edge.io/tests/PySys/software_management_end_to_end/environment_sm_management.py", line 332, in wait_until_end
    self.wait_until_status("FAILED", "SUCCESSFUL")
  File "/home/pi/actions-runner/_work/thin-edge.io/thin-edge.io/tests/PySys/software_management_end_to_end/environment_sm_management.py", line 381, in wait_until_status
    "Timeout while waiting for status %s or %s" % (status, status2)
SystemError: Timeout while waiting for status FAILED or SUCCESSFUL
09:37:05 WARN  SystemError: Timeout while waiting for status FAILED or SUCCESSFUL ... blocked 
09:37:05 INFO  
09:37:05 INFO  cleanup:
09:37:09 INFO  Executed sudo&lt;tedge_disconnect_c8y&gt;, exit status 0
09:37:10 INFO  Executed systemctl&lt;serv_mapper5&gt;, exit status 3
09:37:10 INFO  
09:37:10 INFO  Test duration: 165.45 secs
09:37:10 INFO  Test final outcome:  BLOCKED
09:37:10 INFO  Test outcome reason: SystemError: Timeout while waiting for status FAILED or SUCCESSFUL
09:37:10 INFO  
</system-out>
	</testcase>
</testsuite><testsuite name="SoftwareManagement.sm_apt_install_remove" tests="3" errors="0" failures="2" skipped="1" time="0"><testcase classname="PySysTest" name="SoftwareManagement.sm_apt_install_remove">
		<skipped message="SKIPPED: Testing the apt plugin is not supported on this platform.Use parameter -XmyPlatform='container' to enable it" />
		<system-out>08:37:15 INFO  ==============================================================
08:37:15 INFO  Id:    SoftwareManagement.sm_apt_install_remove
08:37:15 INFO  Dir:   software_management_end_to_end/
08:37:15 INFO  Title: Validate end to end behaviour for the apt plugin for installation and removal of packages
08:37:15 INFO  ==============================================================
08:37:15 INFO  Testing the apt plugin is not supported on this platform.Use parameter -XmyPlatform='container' to enable it ... skipped
08:37:15 WARN  Aborted test due to SKIPPED outcome
08:37:15 INFO  
08:37:15 INFO  Test duration: 0.02 secs
08:37:15 INFO  Test final outcome:  SKIPPED
08:37:15 INFO  Test outcome reason: Testing the apt plugin is not supported on this platform.Use parameter -XmyPlatform='container' to enable it
08:37:15 INFO  
</system-out>
	</testcase>
<testcase classname="PySysTest" name="SoftwareManagement.sm_apt_install_remove">
		<failure message="BLOCKED: SystemError: Timeout while waiting for status FAILED or SUCCESSFUL" type="BLOCKED" />
		<system-out>09:06:50 INFO  ==============================================================
09:06:50 INFO  Id:    SoftwareManagement.sm_apt_install_remove
09:06:50 INFO  Dir:   software_management_end_to_end/
09:06:50 INFO  Title: Validate end to end behaviour for the apt plugin for installation and removal of packages
09:06:50 INFO  ==============================================================
09:06:50 INFO  Using sw id database: {'asciijump': '5475369', 'robotfindskitten': '5474869', 'squirrel3': '5475279', 'rolldice': '5152439', 'moon-buggy': '5439204', 'apple': '5495053', 'banana': '5494888', 'cherry': '5495382', 'watermelon': '5494510', 'registry': '8018911', 'hello-world': '8021526', 'docker/getting-started': '8021973', 'alpine': '7991792'}
09:06:50 INFO  EnvironmentC8y Setup
09:06:50 INFO  Executed systemctl&lt;serv_mapper1&gt;, exit status 3
09:06:51 INFO  Restarting mosquitto too frequently in the last 10 seconds. It was only up for 4 seconds
09:06:51 INFO  Delaying execution by 7 seconds
09:07:12 INFO  Executed sudo&lt;tedge_connect_c8y&gt;, exit status 0, duration 14 secs
09:07:12 INFO  Executed sudo&lt;tedge_connect_c8y_test&gt;, exit status 0
09:07:13 INFO  Executed systemctl&lt;serv_mosq2&gt;, exit status 0
09:07:13 INFO  Executed systemctl&lt;serv_mapper3&gt;, exit status 0
09:07:16 INFO  State of current operation: PENDING
09:07:18 INFO  State of current operation: PENDING
09:07:20 INFO  State of current operation: PENDING
09:07:22 INFO  State of current operation: PENDING
09:07:25 INFO  State of current operation: PENDING
09:07:27 INFO  State of current operation: PENDING
09:07:29 INFO  State of current operation: PENDING
09:07:31 INFO  State of current operation: PENDING
09:07:34 INFO  State of current operation: PENDING
09:07:36 INFO  State of current operation: PENDING
09:07:38 INFO  State of current operation: PENDING
09:07:40 INFO  State of current operation: PENDING
09:07:43 INFO  State of current operation: PENDING
09:07:45 INFO  State of current operation: PENDING
09:07:47 INFO  State of current operation: PENDING
09:07:49 INFO  State of current operation: PENDING
09:07:52 INFO  State of current operation: PENDING
09:07:54 INFO  State of current operation: PENDING
09:07:56 INFO  State of current operation: PENDING
09:07:59 INFO  State of current operation: PENDING
09:08:01 INFO  State of current operation: PENDING
09:08:03 INFO  State of current operation: PENDING
09:08:05 INFO  State of current operation: PENDING
09:08:07 INFO  State of current operation: PENDING
09:08:10 INFO  State of current operation: PENDING
09:08:12 INFO  State of current operation: PENDING
09:08:14 INFO  State of current operation: PENDING
09:08:16 INFO  State of current operation: PENDING
09:08:19 INFO  State of current operation: PENDING
09:08:21 INFO  State of current operation: PENDING
09:08:23 INFO  State of current operation: PENDING
09:08:25 INFO  State of current operation: PENDING
09:08:28 INFO  State of current operation: PENDING
09:08:30 INFO  State of current operation: PENDING
09:08:32 INFO  State of current operation: PENDING
09:08:34 INFO  State of current operation: PENDING
09:08:36 INFO  State of current operation: PENDING
09:08:39 INFO  State of current operation: PENDING
09:08:41 INFO  State of current operation: PENDING
09:08:43 INFO  State of current operation: PENDING
09:08:45 INFO  State of current operation: PENDING
09:08:48 INFO  State of current operation: PENDING
09:08:50 INFO  State of current operation: PENDING
09:08:52 INFO  State of current operation: PENDING
09:08:54 INFO  State of current operation: PENDING
09:08:57 INFO  State of current operation: PENDING
09:08:59 INFO  State of current operation: PENDING
09:09:01 INFO  State of current operation: PENDING
09:09:03 INFO  State of current operation: PENDING
09:09:06 INFO  State of current operation: PENDING
09:09:08 INFO  State of current operation: PENDING
09:09:10 INFO  State of current operation: PENDING
09:09:12 INFO  State of current operation: PENDING
09:09:15 INFO  State of current operation: PENDING
09:09:17 INFO  State of current operation: PENDING
09:09:19 INFO  State of current operation: PENDING
09:09:21 INFO  State of current operation: PENDING
09:09:24 INFO  State of current operation: PENDING
09:09:26 INFO  State of current operation: PENDING
09:09:28 INFO  State of current operation: PENDING
09:09:30 INFO  State of current operation: PENDING
09:09:32 WARN  SystemError occurred while running test - Timeout while waiting for status FAILED or SUCCESSFUL
Traceback (most recent call last):
  File "/home/pi/env-pysys/lib/python3.7/site-packages/pysys/baserunner.py", line 1292, in __call__
    self.testObj.setup()
  File "/home/pi/actions-runner/_work/thin-edge.io/thin-edge.io/tests/PySys/software_management_end_to_end/sm_apt_install_remove/run.py", line 27, in setup
    super().setup()
  File "/home/pi/actions-runner/_work/thin-edge.io/thin-edge.io/tests/PySys/software_management_end_to_end/environment_sm_management.py", line 151, in setup
    self.wait_until_end()
  File "/home/pi/actions-runner/_work/thin-edge.io/thin-edge.io/tests/PySys/software_management_end_to_end/environment_sm_management.py", line 332, in wait_until_end
    self.wait_until_status("FAILED", "SUCCESSFUL")
  File "/home/pi/actions-runner/_work/thin-edge.io/thin-edge.io/tests/PySys/software_management_end_to_end/environment_sm_management.py", line 381, in wait_until_status
    "Timeout while waiting for status %s or %s" % (status, status2)
SystemError: Timeout while waiting for status FAILED or SUCCESSFUL
09:09:32 WARN  SystemError: Timeout while waiting for status FAILED or SUCCESSFUL ... blocked 
09:09:32 INFO  
09:09:32 INFO  cleanup:
09:09:37 INFO  Executed sudo&lt;tedge_disconnect_c8y&gt;, exit status 0
09:09:37 INFO  Executed systemctl&lt;serv_mapper5&gt;, exit status 3
09:09:37 INFO  
09:09:37 INFO  Test duration: 167.53 secs
09:09:37 INFO  Test final outcome:  BLOCKED
09:09:37 INFO  Test outcome reason: SystemError: Timeout while waiting for status FAILED or SUCCESSFUL
09:09:37 INFO  
</system-out>
	</testcase>
<testcase classname="PySysTest" name="SoftwareManagement.sm_apt_install_remove">
		<failure message="BLOCKED: SystemError: Timeout while waiting for status FAILED or SUCCESSFUL" type="BLOCKED" />
		<system-out>09:37:10 INFO  ==============================================================
09:37:10 INFO  Id:    SoftwareManagement.sm_apt_install_remove
09:37:10 INFO  Dir:   software_management_end_to_end/
09:37:10 INFO  Title: Validate end to end behaviour for the apt plugin for installation and removal of packages
09:37:10 INFO  ==============================================================
09:37:10 INFO  Using sw id database: {'asciijump': '5475369', 'robotfindskitten': '5474869', 'squirrel3': '5475279', 'rolldice': '5152439', 'moon-buggy': '5439204', 'apple': '5495053', 'banana': '5494888', 'cherry': '5495382', 'watermelon': '5494510', 'registry': '8018911', 'hello-world': '8021526', 'docker/getting-started': '8021973', 'alpine': '7991792'}
09:37:10 INFO  EnvironmentC8y Setup
09:37:11 INFO  Executed systemctl&lt;serv_mapper1&gt;, exit status 3
09:37:11 INFO  Restarting mosquitto too frequently in the last 10 seconds. It was only up for 4 seconds
09:37:11 INFO  Delaying execution by 7 seconds
09:37:31 INFO  Executed sudo&lt;tedge_connect_c8y&gt;, exit status 0, duration 13 secs
09:37:32 INFO  Executed sudo&lt;tedge_connect_c8y_test&gt;, exit status 0
09:37:33 INFO  Executed systemctl&lt;serv_mosq2&gt;, exit status 0
09:37:33 INFO  Executed systemctl&lt;serv_mapper3&gt;, exit status 0
09:37:36 INFO  State of current operation: PENDING
09:37:38 INFO  State of current operation: PENDING
09:37:40 INFO  State of current operation: PENDING
09:37:42 INFO  State of current operation: PENDING
09:37:44 INFO  State of current operation: PENDING
09:37:47 INFO  State of current operation: PENDING
09:37:49 INFO  State of current operation: PENDING
09:37:51 INFO  State of current operation: PENDING
09:37:53 INFO  State of current operation: PENDING
09:37:56 INFO  State of current operation: PENDING
09:37:58 INFO  State of current operation: PENDING
09:38:00 INFO  State of current operation: PENDING
09:38:03 INFO  State of current operation: PENDING
09:38:05 INFO  State of current operation: PENDING
09:38:07 INFO  State of current operation: PENDING
09:38:09 INFO  State of current operation: PENDING
09:38:12 INFO  State of current operation: PENDING
09:38:14 INFO  State of current operation: PENDING
09:38:16 INFO  State of current operation: PENDING
09:38:18 INFO  State of current operation: PENDING
09:38:21 INFO  State of current operation: PENDING
09:38:23 INFO  State of current operation: PENDING
09:38:25 INFO  State of current operation: PENDING
09:38:27 INFO  State of current operation: PENDING
09:38:29 INFO  State of current operation: PENDING
09:38:32 INFO  State of current operation: PENDING
09:38:34 INFO  State of current operation: PENDING
09:38:36 INFO  State of current operation: PENDING
09:38:38 INFO  State of current operation: PENDING
09:38:41 INFO  State of current operation: PENDING
09:38:43 INFO  State of current operation: PENDING
09:38:45 INFO  State of current operation: PENDING
09:38:47 INFO  State of current operation: PENDING
09:38:50 INFO  State of current operation: PENDING
09:38:52 INFO  State of current operation: PENDING
09:38:54 INFO  State of current operation: PENDING
09:38:56 INFO  State of current operation: PENDING
09:38:59 INFO  State of current operation: PENDING
09:39:01 INFO  State of current operation: PENDING
09:39:03 INFO  State of current operation: PENDING
09:39:05 INFO  State of current operation: PENDING
09:39:08 INFO  State of current operation: PENDING
09:39:10 INFO  State of current operation: PENDING
09:39:12 INFO  State of current operation: PENDING
09:39:14 INFO  State of current operation: PENDING
09:39:16 INFO  State of current operation: PENDING
09:39:19 INFO  State of current operation: PENDING
09:39:21 INFO  State of current operation: PENDING
09:39:23 INFO  State of current operation: PENDING
09:39:25 INFO  State of current operation: PENDING
09:39:28 INFO  State of current operation: PENDING
09:39:30 INFO  State of current operation: PENDING
09:39:32 INFO  State of current operation: PENDING
09:39:34 INFO  State of current operation: PENDING
09:39:37 INFO  State of current operation: PENDING
09:39:39 INFO  State of current operation: PENDING
09:39:41 INFO  State of current operation: PENDING
09:39:43 INFO  State of current operation: PENDING
09:39:45 INFO  State of current operation: PENDING
09:39:48 INFO  State of current operation: PENDING
09:39:50 INFO  State of current operation: PENDING
09:39:52 WARN  SystemError occurred while running test - Timeout while waiting for status FAILED or SUCCESSFUL
Traceback (most recent call last):
  File "/home/pi/env-pysys/lib/python3.7/site-packages/pysys/baserunner.py", line 1292, in __call__
    self.testObj.setup()
  File "/home/pi/actions-runner/_work/thin-edge.io/thin-edge.io/tests/PySys/software_management_end_to_end/sm_apt_install_remove/run.py", line 27, in setup
    super().setup()
  File "/home/pi/actions-runner/_work/thin-edge.io/thin-edge.io/tests/PySys/software_management_end_to_end/environment_sm_management.py", line 151, in setup
    self.wait_until_end()
  File "/home/pi/actions-runner/_work/thin-edge.io/thin-edge.io/tests/PySys/software_management_end_to_end/environment_sm_management.py", line 332, in wait_until_end
    self.wait_until_status("FAILED", "SUCCESSFUL")
  File "/home/pi/actions-runner/_work/thin-edge.io/thin-edge.io/tests/PySys/software_management_end_to_end/environment_sm_management.py", line 381, in wait_until_status
    "Timeout while waiting for status %s or %s" % (status, status2)
SystemError: Timeout while waiting for status FAILED or SUCCESSFUL
09:39:52 WARN  SystemError: Timeout while waiting for status FAILED or SUCCESSFUL ... blocked 
09:39:52 INFO  
09:39:52 INFO  cleanup:
09:39:56 INFO  Executed sudo&lt;tedge_disconnect_c8y&gt;, exit status 0
09:39:57 INFO  Executed systemctl&lt;serv_mapper5&gt;, exit status 3
09:39:57 INFO  
09:39:57 INFO  Test duration: 166.74 secs
09:39:57 INFO  Test final outcome:  BLOCKED
09:39:57 INFO  Test outcome reason: SystemError: Timeout while waiting for status FAILED or SUCCESSFUL
09:39:57 INFO  
</system-out>
	</testcase>
</testsuite><testsuite name="SoftwareManagement.sm_apt_install_remove_default" tests="3" errors="0" failures="2" skipped="1" time="0"><testcase classname="PySysTest" name="SoftwareManagement.sm_apt_install_remove_default">
		<skipped message="SKIPPED: Testing the apt plugin is not supported on this platform.Use parameter -XmyPlatform='container' to enable it" />
		<system-out>08:37:15 INFO  ==============================================================
08:37:15 INFO  Id:    SoftwareManagement.sm_apt_install_remove_default
08:37:15 INFO  Dir:   software_management_end_to_end/
08:37:15 INFO  Title: Validate end to end behaviour for the default plugin for installation and removal of packages
08:37:15 INFO  ==============================================================
08:37:15 INFO  Testing the apt plugin is not supported on this platform.Use parameter -XmyPlatform='container' to enable it ... skipped
08:37:15 WARN  Aborted test due to SKIPPED outcome
08:37:15 INFO  
08:37:15 INFO  Test duration: 0.02 secs
08:37:15 INFO  Test final outcome:  SKIPPED
08:37:15 INFO  Test outcome reason: Testing the apt plugin is not supported on this platform.Use parameter -XmyPlatform='container' to enable it
08:37:15 INFO  
</system-out>
	</testcase>
<testcase classname="PySysTest" name="SoftwareManagement.sm_apt_install_remove_default">
		<failure message="BLOCKED: SystemError: Timeout while waiting for status FAILED or SUCCESSFUL" type="BLOCKED" />
		<system-out>09:09:37 INFO  ==============================================================
09:09:37 INFO  Id:    SoftwareManagement.sm_apt_install_remove_default
09:09:37 INFO  Dir:   software_management_end_to_end/
09:09:37 INFO  Title: Validate end to end behaviour for the default plugin for installation and removal of packages
09:09:37 INFO  ==============================================================
09:09:38 INFO  Using sw id database: {'asciijump': '5475369', 'robotfindskitten': '5474869', 'squirrel3': '5475279', 'rolldice': '5152439', 'moon-buggy': '5439204', 'apple': '5495053', 'banana': '5494888', 'cherry': '5495382', 'watermelon': '5494510', 'registry': '8018911', 'hello-world': '8021526', 'docker/getting-started': '8021973', 'alpine': '7991792'}
09:09:38 INFO  EnvironmentC8y Setup
09:09:38 INFO  Executed systemctl&lt;serv_mapper1&gt;, exit status 3
09:09:38 INFO  Restarting mosquitto too frequently in the last 10 seconds. It was only up for 5 seconds
09:09:38 INFO  Delaying execution by 6 seconds
09:09:58 INFO  Executed sudo&lt;tedge_connect_c8y&gt;, exit status 0, duration 14 secs
09:09:59 INFO  Executed sudo&lt;tedge_connect_c8y_test&gt;, exit status 0
09:10:00 INFO  Executed systemctl&lt;serv_mosq2&gt;, exit status 0
09:10:00 INFO  Executed systemctl&lt;serv_mapper3&gt;, exit status 0
09:10:02 INFO  State of current operation: PENDING
09:10:05 INFO  State of current operation: PENDING
09:10:07 INFO  State of current operation: PENDING
09:10:09 INFO  State of current operation: PENDING
09:10:12 INFO  State of current operation: PENDING
09:10:14 INFO  State of current operation: PENDING
09:10:16 INFO  State of current operation: PENDING
09:10:18 INFO  State of current operation: PENDING
09:10:20 INFO  State of current operation: PENDING
09:10:23 INFO  State of current operation: PENDING
09:10:25 INFO  State of current operation: PENDING
09:10:27 INFO  State of current operation: PENDING
09:10:29 INFO  State of current operation: PENDING
09:10:32 INFO  State of current operation: PENDING
09:10:34 INFO  State of current operation: PENDING
09:10:36 INFO  State of current operation: PENDING
09:10:38 INFO  State of current operation: PENDING
09:10:41 INFO  State of current operation: PENDING
09:10:43 INFO  State of current operation: PENDING
09:10:45 INFO  State of current operation: PENDING
09:10:47 INFO  State of current operation: PENDING
09:10:50 INFO  State of current operation: PENDING
09:10:52 INFO  State of current operation: PENDING
09:10:54 INFO  State of current operation: PENDING
09:10:56 INFO  State of current operation: PENDING
09:10:59 INFO  State of current operation: PENDING
09:11:01 INFO  State of current operation: PENDING
09:11:03 INFO  State of current operation: PENDING
09:11:05 INFO  State of current operation: PENDING
09:11:07 INFO  State of current operation: PENDING
09:11:10 INFO  State of current operation: PENDING
09:11:12 INFO  State of current operation: PENDING
09:11:14 INFO  State of current operation: PENDING
09:11:16 INFO  State of current operation: PENDING
09:11:19 INFO  State of current operation: PENDING
09:11:21 INFO  State of current operation: PENDING
09:11:23 INFO  State of current operation: PENDING
09:11:25 INFO  State of current operation: PENDING
09:11:27 INFO  State of current operation: PENDING
09:11:30 INFO  State of current operation: PENDING
09:11:32 INFO  State of current operation: PENDING
09:11:34 INFO  State of current operation: PENDING
09:11:36 INFO  State of current operation: PENDING
09:11:39 INFO  State of current operation: PENDING
09:11:41 INFO  State of current operation: PENDING
09:11:43 INFO  State of current operation: PENDING
09:11:45 INFO  State of current operation: PENDING
09:11:48 INFO  State of current operation: PENDING
09:11:50 INFO  State of current operation: PENDING
09:11:52 INFO  State of current operation: PENDING
09:11:54 INFO  State of current operation: PENDING
09:11:56 INFO  State of current operation: PENDING
09:11:59 INFO  State of current operation: PENDING
09:12:01 INFO  State of current operation: PENDING
09:12:03 INFO  State of current operation: PENDING
09:12:05 INFO  State of current operation: PENDING
09:12:08 INFO  State of current operation: PENDING
09:12:10 INFO  State of current operation: PENDING
09:12:12 INFO  State of current operation: PENDING
09:12:14 INFO  State of current operation: PENDING
09:12:16 INFO  State of current operation: PENDING
09:12:19 WARN  SystemError occurred while running test - Timeout while waiting for status FAILED or SUCCESSFUL
Traceback (most recent call last):
  File "/home/pi/env-pysys/lib/python3.7/site-packages/pysys/baserunner.py", line 1292, in __call__
    self.testObj.setup()
  File "/home/pi/actions-runner/_work/thin-edge.io/thin-edge.io/tests/PySys/software_management_end_to_end/sm_apt_install_remove_default/run.py", line 26, in setup
    super().setup()
  File "/home/pi/actions-runner/_work/thin-edge.io/thin-edge.io/tests/PySys/software_management_end_to_end/environment_sm_management.py", line 151, in setup
    self.wait_until_end()
  File "/home/pi/actions-runner/_work/thin-edge.io/thin-edge.io/tests/PySys/software_management_end_to_end/environment_sm_management.py", line 332, in wait_until_end
    self.wait_until_status("FAILED", "SUCCESSFUL")
  File "/home/pi/actions-runner/_work/thin-edge.io/thin-edge.io/tests/PySys/software_management_end_to_end/environment_sm_management.py", line 381, in wait_until_status
    "Timeout while waiting for status %s or %s" % (status, status2)
SystemError: Timeout while waiting for status FAILED or SUCCESSFUL
09:12:19 WARN  SystemError: Timeout while waiting for status FAILED or SUCCESSFUL ... blocked 
09:12:19 INFO  
09:12:19 INFO  cleanup:
09:12:23 INFO  Executed sudo&lt;tedge_disconnect_c8y&gt;, exit status 0
09:12:23 INFO  Executed systemctl&lt;serv_mapper5&gt;, exit status 3
09:12:23 INFO  
09:12:23 INFO  Test duration: 165.77 secs
09:12:23 INFO  Test final outcome:  BLOCKED
09:12:23 INFO  Test outcome reason: SystemError: Timeout while waiting for status FAILED or SUCCESSFUL
09:12:23 INFO  
</system-out>
	</testcase>
<testcase classname="PySysTest" name="SoftwareManagement.sm_apt_install_remove_default">
		<failure message="BLOCKED: SystemError: Timeout while waiting for status FAILED or SUCCESSFUL" type="BLOCKED" />
		<system-out>09:39:57 INFO  ==============================================================
09:39:57 INFO  Id:    SoftwareManagement.sm_apt_install_remove_default
09:39:57 INFO  Dir:   software_management_end_to_end/
09:39:57 INFO  Title: Validate end to end behaviour for the default plugin for installation and removal of packages
09:39:57 INFO  ==============================================================
09:39:57 INFO  Using sw id database: {'asciijump': '5475369', 'robotfindskitten': '5474869', 'squirrel3': '5475279', 'rolldice': '5152439', 'moon-buggy': '5439204', 'apple': '5495053', 'banana': '5494888', 'cherry': '5495382', 'watermelon': '5494510', 'registry': '8018911', 'hello-world': '8021526', 'docker/getting-started': '8021973', 'alpine': '7991792'}
09:39:57 INFO  EnvironmentC8y Setup
09:39:57 INFO  Executed systemctl&lt;serv_mapper1&gt;, exit status 3
09:39:57 INFO  Restarting mosquitto too frequently in the last 10 seconds. It was only up for 4 seconds
09:39:57 INFO  Delaying execution by 7 seconds
09:40:18 INFO  Executed sudo&lt;tedge_connect_c8y&gt;, exit status 0, duration 13 secs
09:40:19 INFO  Executed sudo&lt;tedge_connect_c8y_test&gt;, exit status 0
09:40:19 INFO  Executed systemctl&lt;serv_mosq2&gt;, exit status 0
09:40:20 INFO  Executed systemctl&lt;serv_mapper3&gt;, exit status 0
09:40:22 INFO  State of current operation: PENDING
09:40:24 INFO  State of current operation: PENDING
09:40:26 INFO  State of current operation: PENDING
09:40:29 INFO  State of current operation: PENDING
09:40:31 INFO  State of current operation: PENDING
09:40:33 INFO  State of current operation: PENDING
09:40:35 INFO  State of current operation: PENDING
09:40:37 INFO  State of current operation: PENDING
09:40:40 INFO  State of current operation: PENDING
09:40:42 INFO  State of current operation: PENDING
09:40:44 INFO  State of current operation: PENDING
09:40:46 INFO  State of current operation: PENDING
09:40:49 INFO  State of current operation: PENDING
09:40:51 INFO  State of current operation: PENDING
09:40:53 INFO  State of current operation: PENDING
09:40:55 INFO  State of current operation: PENDING
09:40:58 INFO  State of current operation: PENDING
09:41:00 INFO  State of current operation: PENDING
09:41:02 INFO  State of current operation: PENDING
09:41:04 INFO  State of current operation: PENDING
09:41:07 INFO  State of current operation: PENDING
09:41:09 INFO  State of current operation: PENDING
09:41:11 INFO  State of current operation: PENDING
09:41:13 INFO  State of current operation: PENDING
09:41:16 INFO  State of current operation: PENDING
09:41:18 INFO  State of current operation: PENDING
09:41:20 INFO  State of current operation: PENDING
09:41:22 INFO  State of current operation: PENDING
09:41:24 INFO  State of current operation: PENDING
09:41:27 INFO  State of current operation: PENDING
09:41:29 INFO  State of current operation: PENDING
09:41:31 INFO  State of current operation: PENDING
09:41:33 INFO  State of current operation: PENDING
09:41:36 INFO  State of current operation: PENDING
09:41:38 INFO  State of current operation: PENDING
09:41:40 INFO  State of current operation: PENDING
09:41:42 INFO  State of current operation: PENDING
09:41:45 INFO  State of current operation: PENDING
09:41:47 INFO  State of current operation: PENDING
09:41:49 INFO  State of current operation: PENDING
09:41:51 INFO  State of current operation: PENDING
09:41:54 INFO  State of current operation: PENDING
09:41:56 INFO  State of current operation: PENDING
09:41:58 INFO  State of current operation: PENDING
09:42:00 INFO  State of current operation: PENDING
09:42:02 INFO  State of current operation: PENDING
09:42:05 INFO  State of current operation: PENDING
09:42:07 INFO  State of current operation: PENDING
09:42:09 INFO  State of current operation: PENDING
09:42:11 INFO  State of current operation: PENDING
09:42:14 INFO  State of current operation: PENDING
09:42:16 INFO  State of current operation: PENDING
09:42:18 INFO  State of current operation: PENDING
09:42:20 INFO  State of current operation: PENDING
09:42:23 INFO  State of current operation: PENDING
09:42:25 INFO  State of current operation: PENDING
09:42:27 INFO  State of current operation: PENDING
09:42:29 INFO  State of current operation: PENDING
09:42:32 INFO  State of current operation: PENDING
09:42:34 INFO  State of current operation: PENDING
09:42:36 INFO  State of current operation: PENDING
09:42:38 WARN  SystemError occurred while running test - Timeout while waiting for status FAILED or SUCCESSFUL
Traceback (most recent call last):
  File "/home/pi/env-pysys/lib/python3.7/site-packages/pysys/baserunner.py", line 1292, in __call__
    self.testObj.setup()
  File "/home/pi/actions-runner/_work/thin-edge.io/thin-edge.io/tests/PySys/software_management_end_to_end/sm_apt_install_remove_default/run.py", line 26, in setup
    super().setup()
  File "/home/pi/actions-runner/_work/thin-edge.io/thin-edge.io/tests/PySys/software_management_end_to_end/environment_sm_management.py", line 151, in setup
    self.wait_until_end()
  File "/home/pi/actions-runner/_work/thin-edge.io/thin-edge.io/tests/PySys/software_management_end_to_end/environment_sm_management.py", line 332, in wait_until_end
    self.wait_until_status("FAILED", "SUCCESSFUL")
  File "/home/pi/actions-runner/_work/thin-edge.io/thin-edge.io/tests/PySys/software_management_end_to_end/environment_sm_management.py", line 381, in wait_until_status
    "Timeout while waiting for status %s or %s" % (status, status2)
SystemError: Timeout while waiting for status FAILED or SUCCESSFUL
09:42:38 WARN  SystemError: Timeout while waiting for status FAILED or SUCCESSFUL ... blocked 
09:42:38 INFO  
09:42:38 INFO  cleanup:
09:42:42 INFO  Executed sudo&lt;tedge_disconnect_c8y&gt;, exit status 0
09:42:43 INFO  Executed systemctl&lt;serv_mapper5&gt;, exit status 3
09:42:43 INFO  
09:42:43 INFO  Test duration: 166.21 secs
09:42:43 INFO  Test final outcome:  BLOCKED
09:42:43 INFO  Test outcome reason: SystemError: Timeout while waiting for status FAILED or SUCCESSFUL
09:42:43 INFO  
</system-out>
	</testcase>
</testsuite><testsuite name="SoftwareManagement.sm_apt_install_remove_multiple" tests="3" errors="0" failures="2" skipped="1" time="0"><testcase classname="PySysTest" name="SoftwareManagement.sm_apt_install_remove_multiple">
		<skipped message="SKIPPED: Testing the apt plugin is not supported on this platform.Use parameter -XmyPlatform='container' to enable it" />
		<system-out>08:37:16 INFO  ==============================================================
08:37:16 INFO  Id:    SoftwareManagement.sm_apt_install_remove_multiple
08:37:16 INFO  Dir:   software_management_end_to_end/
08:37:16 INFO  Title: Validate end to end behaviour for the apt plugin for multiple packages
08:37:16 INFO  ==============================================================
08:37:16 INFO  Testing the apt plugin is not supported on this platform.Use parameter -XmyPlatform='container' to enable it ... skipped
08:37:16 WARN  Aborted test due to SKIPPED outcome
08:37:16 INFO  
08:37:16 INFO  Test duration: 0.02 secs
08:37:16 INFO  Test final outcome:  SKIPPED
08:37:16 INFO  Test outcome reason: Testing the apt plugin is not supported on this platform.Use parameter -XmyPlatform='container' to enable it
08:37:16 INFO  
</system-out>
	</testcase>
<testcase classname="PySysTest" name="SoftwareManagement.sm_apt_install_remove_multiple">
		<failure message="BLOCKED: SystemError: Timeout while waiting for status FAILED or SUCCESSFUL" type="BLOCKED" />
		<system-out>09:12:23 INFO  ==============================================================
09:12:23 INFO  Id:    SoftwareManagement.sm_apt_install_remove_multiple
09:12:23 INFO  Dir:   software_management_end_to_end/
09:12:23 INFO  Title: Validate end to end behaviour for the apt plugin for multiple packages
09:12:23 INFO  ==============================================================
09:12:23 INFO  Using sw id database: {'asciijump': '5475369', 'robotfindskitten': '5474869', 'squirrel3': '5475279', 'rolldice': '5152439', 'moon-buggy': '5439204', 'apple': '5495053', 'banana': '5494888', 'cherry': '5495382', 'watermelon': '5494510', 'registry': '8018911', 'hello-world': '8021526', 'docker/getting-started': '8021973', 'alpine': '7991792'}
09:12:23 INFO  EnvironmentC8y Setup
09:12:24 INFO  Executed systemctl&lt;serv_mapper1&gt;, exit status 3
09:12:24 INFO  Restarting mosquitto too frequently in the last 10 seconds. It was only up for 5 seconds
09:12:24 INFO  Delaying execution by 6 seconds
09:12:44 INFO  Executed sudo&lt;tedge_connect_c8y&gt;, exit status 0, duration 14 secs
09:12:45 INFO  Executed sudo&lt;tedge_connect_c8y_test&gt;, exit status 0
09:12:45 INFO  Executed systemctl&lt;serv_mosq2&gt;, exit status 0
09:12:46 INFO  Executed systemctl&lt;serv_mapper3&gt;, exit status 0
09:12:48 INFO  State of current operation: PENDING
09:12:50 INFO  State of current operation: PENDING
09:12:53 INFO  State of current operation: PENDING
09:12:55 INFO  State of current operation: PENDING
09:12:57 INFO  State of current operation: PENDING
09:12:59 INFO  State of current operation: PENDING
09:13:01 INFO  State of current operation: PENDING
09:13:04 INFO  State of current operation: PENDING
09:13:06 INFO  State of current operation: PENDING
09:13:08 INFO  State of current operation: PENDING
09:13:10 INFO  State of current operation: PENDING
09:13:13 INFO  State of current operation: PENDING
09:13:15 INFO  State of current operation: PENDING
09:13:17 INFO  State of current operation: PENDING
09:13:19 INFO  State of current operation: PENDING
09:13:21 INFO  State of current operation: PENDING
09:13:24 INFO  State of current operation: PENDING
09:13:26 INFO  State of current operation: PENDING
09:13:28 INFO  State of current operation: PENDING
09:13:30 INFO  State of current operation: PENDING
09:13:33 INFO  State of current operation: PENDING
09:13:35 INFO  State of current operation: PENDING
09:13:37 INFO  State of current operation: PENDING
09:13:39 INFO  State of current operation: PENDING
09:13:42 INFO  State of current operation: PENDING
09:13:44 INFO  State of current operation: PENDING
09:13:46 INFO  State of current operation: PENDING
09:13:48 INFO  State of current operation: PENDING
09:13:51 INFO  State of current operation: PENDING
09:13:53 INFO  State of current operation: PENDING
09:13:55 INFO  State of current operation: PENDING
09:13:57 INFO  State of current operation: PENDING
09:14:00 INFO  State of current operation: PENDING
09:14:02 INFO  State of current operation: PENDING
09:14:04 INFO  State of current operation: PENDING
09:14:07 INFO  State of current operation: PENDING
09:14:09 INFO  State of current operation: PENDING
09:14:11 INFO  State of current operation: PENDING
09:14:13 INFO  State of current operation: PENDING
09:14:15 INFO  State of current operation: PENDING
09:14:18 INFO  State of current operation: PENDING
09:14:20 INFO  State of current operation: PENDING
09:14:22 INFO  State of current operation: PENDING
09:14:24 INFO  State of current operation: PENDING
09:14:27 INFO  State of current operation: PENDING
09:14:29 INFO  State of current operation: PENDING
09:14:31 INFO  State of current operation: PENDING
09:14:33 INFO  State of current operation: PENDING
09:14:36 INFO  State of current operation: PENDING
09:14:38 INFO  State of current operation: PENDING
09:14:40 INFO  State of current operation: PENDING
09:14:42 INFO  State of current operation: PENDING
09:14:44 INFO  State of current operation: PENDING
09:14:47 INFO  State of current operation: PENDING
09:14:49 INFO  State of current operation: PENDING
09:14:51 INFO  State of current operation: PENDING
09:14:53 INFO  State of current operation: PENDING
09:14:56 INFO  State of current operation: PENDING
09:14:58 INFO  State of current operation: PENDING
09:15:00 INFO  State of current operation: PENDING
09:15:02 INFO  State of current operation: PENDING
09:15:04 WARN  SystemError occurred while running test - Timeout while waiting for status FAILED or SUCCESSFUL
Traceback (most recent call last):
  File "/home/pi/env-pysys/lib/python3.7/site-packages/pysys/baserunner.py", line 1292, in __call__
    self.testObj.setup()
  File "/home/pi/actions-runner/_work/thin-edge.io/thin-edge.io/tests/PySys/software_management_end_to_end/sm_apt_install_remove_multiple/run.py", line 52, in setup
    super().setup()
  File "/home/pi/actions-runner/_work/thin-edge.io/thin-edge.io/tests/PySys/software_management_end_to_end/environment_sm_management.py", line 151, in setup
    self.wait_until_end()
  File "/home/pi/actions-runner/_work/thin-edge.io/thin-edge.io/tests/PySys/software_management_end_to_end/environment_sm_management.py", line 332, in wait_until_end
    self.wait_until_status("FAILED", "SUCCESSFUL")
  File "/home/pi/actions-runner/_work/thin-edge.io/thin-edge.io/tests/PySys/software_management_end_to_end/environment_sm_management.py", line 381, in wait_until_status
    "Timeout while waiting for status %s or %s" % (status, status2)
SystemError: Timeout while waiting for status FAILED or SUCCESSFUL
09:15:04 WARN  SystemError: Timeout while waiting for status FAILED or SUCCESSFUL ... blocked 
09:15:04 INFO  
09:15:04 INFO  cleanup:
09:15:09 INFO  Executed sudo&lt;tedge_disconnect_c8y&gt;, exit status 0
09:15:09 INFO  Executed systemctl&lt;serv_mapper5&gt;, exit status 3
09:15:09 INFO  
09:15:09 INFO  Test duration: 166.05 secs
09:15:09 INFO  Test final outcome:  BLOCKED
09:15:09 INFO  Test outcome reason: SystemError: Timeout while waiting for status FAILED or SUCCESSFUL
09:15:09 INFO  
</system-out>
	</testcase>
<testcase classname="PySysTest" name="SoftwareManagement.sm_apt_install_remove_multiple">
		<failure message="BLOCKED: SystemError: Timeout while waiting for status FAILED or SUCCESSFUL" type="BLOCKED" />
		<system-out>09:42:43 INFO  ==============================================================
09:42:43 INFO  Id:    SoftwareManagement.sm_apt_install_remove_multiple
09:42:43 INFO  Dir:   software_management_end_to_end/
09:42:43 INFO  Title: Validate end to end behaviour for the apt plugin for multiple packages
09:42:43 INFO  ==============================================================
09:42:43 INFO  Using sw id database: {'asciijump': '5475369', 'robotfindskitten': '5474869', 'squirrel3': '5475279', 'rolldice': '5152439', 'moon-buggy': '5439204', 'apple': '5495053', 'banana': '5494888', 'cherry': '5495382', 'watermelon': '5494510', 'registry': '8018911', 'hello-world': '8021526', 'docker/getting-started': '8021973', 'alpine': '7991792'}
09:42:43 INFO  EnvironmentC8y Setup
09:42:44 INFO  Executed systemctl&lt;serv_mapper1&gt;, exit status 3
09:42:44 INFO  Restarting mosquitto too frequently in the last 10 seconds. It was only up for 4 seconds
09:42:44 INFO  Delaying execution by 7 seconds
09:43:05 INFO  Executed sudo&lt;tedge_connect_c8y&gt;, exit status 0, duration 13 secs
09:43:05 INFO  Executed sudo&lt;tedge_connect_c8y_test&gt;, exit status 0
09:43:06 INFO  Executed systemctl&lt;serv_mosq2&gt;, exit status 0
09:43:06 INFO  Executed systemctl&lt;serv_mapper3&gt;, exit status 0
09:43:08 INFO  State of current operation: PENDING
09:43:11 INFO  State of current operation: PENDING
09:43:13 INFO  State of current operation: PENDING
09:43:15 INFO  State of current operation: PENDING
09:43:17 INFO  State of current operation: PENDING
09:43:20 INFO  State of current operation: PENDING
09:43:22 INFO  State of current operation: PENDING
09:43:24 INFO  State of current operation: PENDING
09:43:26 INFO  State of current operation: PENDING
09:43:29 INFO  State of current operation: PENDING
09:43:31 INFO  State of current operation: PENDING
09:43:33 INFO  State of current operation: PENDING
09:43:35 INFO  State of current operation: PENDING
09:43:37 INFO  State of current operation: PENDING
09:43:40 INFO  State of current operation: PENDING
09:43:42 INFO  State of current operation: PENDING
09:43:44 INFO  State of current operation: PENDING
09:43:46 INFO  State of current operation: PENDING
09:43:49 INFO  State of current operation: PENDING
09:43:51 INFO  State of current operation: PENDING
09:43:53 INFO  State of current operation: PENDING
09:43:55 INFO  State of current operation: PENDING
09:43:58 INFO  State of current operation: PENDING
09:44:00 INFO  State of current operation: PENDING
09:44:02 INFO  State of current operation: PENDING
09:44:04 INFO  State of current operation: PENDING
09:44:07 INFO  State of current operation: PENDING
09:44:09 INFO  State of current operation: PENDING
09:44:11 INFO  State of current operation: PENDING
09:44:13 INFO  State of current operation: PENDING
09:44:15 INFO  State of current operation: PENDING
09:44:18 INFO  State of current operation: PENDING
09:44:20 INFO  State of current operation: PENDING
09:44:22 INFO  State of current operation: PENDING
09:44:24 INFO  State of current operation: PENDING
09:44:27 INFO  State of current operation: PENDING
09:44:29 INFO  State of current operation: PENDING
09:44:31 INFO  State of current operation: PENDING
09:44:33 INFO  State of current operation: PENDING
09:44:36 INFO  State of current operation: PENDING
09:44:38 INFO  State of current operation: PENDING
09:44:40 INFO  State of current operation: PENDING
09:44:42 INFO  State of current operation: PENDING
09:44:44 INFO  State of current operation: PENDING
09:44:47 INFO  State of current operation: PENDING
09:44:49 INFO  State of current operation: PENDING
09:44:51 INFO  State of current operation: PENDING
09:44:53 INFO  State of current operation: PENDING
09:44:56 INFO  State of current operation: PENDING
09:44:58 INFO  State of current operation: PENDING
09:45:00 INFO  State of current operation: PENDING
09:45:02 INFO  State of current operation: PENDING
09:45:05 INFO  State of current operation: PENDING
09:45:07 INFO  State of current operation: PENDING
09:45:09 INFO  State of current operation: PENDING
09:45:11 INFO  State of current operation: PENDING
09:45:14 INFO  State of current operation: PENDING
09:45:16 INFO  State of current operation: PENDING
09:45:18 INFO  State of current operation: PENDING
09:45:21 INFO  State of current operation: PENDING
09:45:23 INFO  State of current operation: PENDING
09:45:25 WARN  SystemError occurred while running test - Timeout while waiting for status FAILED or SUCCESSFUL
Traceback (most recent call last):
  File "/home/pi/env-pysys/lib/python3.7/site-packages/pysys/baserunner.py", line 1292, in __call__
    self.testObj.setup()
  File "/home/pi/actions-runner/_work/thin-edge.io/thin-edge.io/tests/PySys/software_management_end_to_end/sm_apt_install_remove_multiple/run.py", line 52, in setup
    super().setup()
  File "/home/pi/actions-runner/_work/thin-edge.io/thin-edge.io/tests/PySys/software_management_end_to_end/environment_sm_management.py", line 151, in setup
    self.wait_until_end()
  File "/home/pi/actions-runner/_work/thin-edge.io/thin-edge.io/tests/PySys/software_management_end_to_end/environment_sm_management.py", line 332, in wait_until_end
    self.wait_until_status("FAILED", "SUCCESSFUL")
  File "/home/pi/actions-runner/_work/thin-edge.io/thin-edge.io/tests/PySys/software_management_end_to_end/environment_sm_management.py", line 381, in wait_until_status
    "Timeout while waiting for status %s or %s" % (status, status2)
SystemError: Timeout while waiting for status FAILED or SUCCESSFUL
09:45:25 WARN  SystemError: Timeout while waiting for status FAILED or SUCCESSFUL ... blocked 
09:45:25 INFO  
09:45:25 INFO  cleanup:
09:45:29 INFO  Executed sudo&lt;tedge_disconnect_c8y&gt;, exit status 0
09:45:29 INFO  Executed systemctl&lt;serv_mapper5&gt;, exit status 3
09:45:29 INFO  
09:45:29 INFO  Test duration: 166.46 secs
09:45:29 INFO  Test final outcome:  BLOCKED
09:45:29 INFO  Test outcome reason: SystemError: Timeout while waiting for status FAILED or SUCCESSFUL
09:45:29 INFO  
</system-out>
	</testcase>
</testsuite><testsuite name="SoftwareManagement.sm_apt_install_remove_multiple_mixed" tests="3" errors="0" failures="2" skipped="1" time="0"><testcase classname="PySysTest" name="SoftwareManagement.sm_apt_install_remove_multiple_mixed">
		<skipped message="SKIPPED: Testing the apt plugin is not supported on this platform.Use parameter -XmyPlatform='container' to enable it" />
		<system-out>08:37:16 INFO  ==============================================================
[...]
08:24:57 WARN  retry, retrying in 1 seconds...
08:24:58 INFO  log response None
08:24:58 WARN  retry, retrying in 1 seconds...
08:25:00 INFO  log response None
08:25:00 WARN  retry, retrying in 1 seconds...
08:25:01 INFO  log response None
08:25:01 WARN  retry, retrying in 1 seconds...
08:25:02 INFO  log response None
08:25:02 WARN  retry, retrying in 1 seconds...
08:25:03 INFO  log response None
08:25:03 WARN  retry, retrying in 1 seconds...
08:25:05 INFO  log response None
08:25:05 WARN  retry, retrying in 1 seconds...
08:25:06 INFO  log response None
08:25:06 WARN  retry, retrying in 1 seconds...
08:25:07 INFO  log response None
08:25:07 WARN  retry, retrying in 1 seconds...
08:25:08 INFO  log response None
08:25:08 WARN  retry, retrying in 1 seconds...
08:25:09 INFO  log response None
08:25:09 WARN  retry, retrying in 1 seconds...
08:25:11 INFO  log response None
08:25:11 WARN  retry, retrying in 1 seconds...
08:25:12 INFO  log response None
08:25:12 WARN  retry, retrying in 1 seconds...
08:25:13 INFO  log response None
08:25:13 WARN  retry, retrying in 1 seconds...
08:25:15 INFO  log response None
08:25:15 WARN  retry, retrying in 1 seconds...
08:25:16 INFO  log response None
08:25:16 WARN  retry, retrying in 1 seconds...
08:25:17 INFO  log response None
08:25:17 WARN  retry, retrying in 1 seconds...
08:25:18 INFO  log response None
08:25:18 WARN  retry, retrying in 1 seconds...
08:25:19 INFO  log response None
08:25:19 WARN  Exception occurred while running test - retry
Traceback (most recent call last):
  File "/home/pi/env-pysys/lib/python3.7/site-packages/pysys/baserunner.py", line 1296, in __call__
    self.testObj.validate()
  File "/home/pi/actions-runner/_work/thin-edge.io/thin-edge.io/tests/PySys/log_request_end_to_end/log_request_num_lines/run.py", line 44, in validate
    self.assertThat("True == value", value=self.wait_until_logs_retrieved())
  File "/home/pi/env-pysys/lib/python3.7/site-packages/decorator.py", line 232, in fun
    return caller(func, *(extras + args), **kw)
  File "/home/pi/env-pysys/lib/python3.7/site-packages/retry/api.py", line 74, in retry_decorator
    logger)
  File "/home/pi/env-pysys/lib/python3.7/site-packages/retry/api.py", line 33, in __retry_internal
    return f()
  File "/home/pi/actions-runner/_work/thin-edge.io/thin-edge.io/tests/PySys/log_request_end_to_end/log_request_num_lines/run.py", line 52, in wait_until_logs_retrieved
    raise Exception("retry")
Exception: retry
08:25:19 WARN  Exception: retry ... blocked 
08:25:19 INFO  
08:25:19 INFO  cleanup:
08:25:20 INFO  Executed sudo&lt;rm_logs&gt;, exit status 0
08:25:20 INFO  Executed sudo&lt;rm_tmp_logs&gt;, exit status 0
08:25:21 INFO  Executed sudo&lt;send_failed&gt;, exit status 0
08:25:25 INFO  Executed sudo&lt;tedge_disconnect_c8y&gt;, exit status 0
08:25:26 INFO  Executed systemctl&lt;serv_mapper5&gt;, exit status 3
08:25:26 INFO  
08:25:26 INFO  Test duration: 53.71 secs
08:25:26 INFO  Test final outcome:  BLOCKED
08:25:26 INFO  Test outcome reason: Exception: retry
08:25:26 INFO  
</system-out>
	</testcase>
</testsuite><testsuite name="mapper_awaits_before_reconnect" tests="1" errors="0" failures="1" skipped="0" time="0"><testcase classname="MapperReconnectAwait" name="mapper_awaits_before_reconnect">
		<failure message="FAILED: Line count on tedge_mapper_journal.out for &quot;tedge_mapper::core::mapper: MQTT connection error:&quot; expected &gt;=2 but got 0" type="FAILED" />
		<system-out>08:40:21 INFO  ==============================================================
08:40:21 INFO  Id:    mapper_awaits_before_reconnect
08:40:21 INFO  Dir:   tedge_mapper_c8y/
08:40:21 INFO  Title: Validate mapper doesn't reconnect too often
08:40:21 INFO  ==============================================================
08:40:21 INFO  Started mosquitto_sub with process id 31501
08:40:21 INFO  Waiting for 0.1 seconds
08:40:22 INFO  Executed sudo&lt;tedge_mapper&gt;, exit status 0
08:40:22 INFO  Waiting for 5.0 seconds
08:40:27 INFO  Executed sudo&lt;tedge_mapper&gt;, exit status 0
08:40:28 INFO  Executed sudo&lt;tedge_mapper_journal&gt;, exit status 0
08:40:28 WARN  Grep on tedge_mapper_journal.out contains "ERROR" ... failed [run.py:67]
08:40:28 INFO  Line count on file tedge_mapper_journal.out ... passed
08:40:28 WARN  Line count on tedge_mapper_journal.out for "tedge_mapper::core::mapper: MQTT connection error:" expected &gt;=2 but got 0 ... failed [run.py:78]
08:40:28 WARN  Aborted test due to FAILED outcome
08:40:28 INFO  
08:40:28 INFO  Test duration: 7.11 secs
08:40:28 INFO  Test final outcome:  FAILED
08:40:28 INFO  Test outcome reason: Line count on tedge_mapper_journal.out for "tedge_mapper::core::mapper: MQTT connection error:" expected &gt;=2 but got 0
08:40:28 INFO  
</system-out>
	</testcase>
</testsuite><testsuite name="monitoring_smaller_interval" tests="1" errors="0" failures="1" skipped="0" time="0"><testcase classname="MonitoringSmallInterval" name="monitoring_smaller_interval">
		<failure message="BLOCKED: TypeError: 'int' object is not subscriptable" type="BLOCKED" />
		<system-out>08:27:20 INFO  ==============================================================
08:27:20 INFO  Id:    monitoring_smaller_interval
08:27:20 INFO  Dir:   monitoring/
08:27:20 INFO  Title: Validate the tedge dm agent messages that are produced with smaller sampling interval than the batching window. Here the simulated collectd messages are used
08:27:20 INFO  ==============================================================
08:27:21 INFO  Executed sudo&lt;collectd&gt;, exit status 0
08:27:21 INFO  Executed sudo&lt;collectd_mapper&gt;, exit status 0
08:27:21 INFO  Started sudo&lt;tedge_sub&gt; with process id 27647
08:27:22 INFO  Executed sudo&lt;tedge_temp&gt;, exit status 0
08:27:22 INFO  Executed sudo&lt;tedge_pres&gt;, exit status 0
08:27:23 INFO  Executed sudo&lt;tedge_temp&gt;, exit status 0
08:27:23 INFO  Executed sudo&lt;tedge_pres&gt;, exit status 0
08:27:24 INFO  Executed sudo&lt;tedge_temp&gt;, exit status 0
08:27:25 INFO  Executed sudo&lt;tedge_pres&gt;, exit status 0
08:27:25 INFO  Executed sudo&lt;tedge_temp&gt;, exit status 0
08:27:26 INFO  Executed sudo&lt;tedge_pres&gt;, exit status 0
08:27:26 INFO  Executed sudo&lt;tedge_temp&gt;, exit status 0
08:27:27 INFO  Executed sudo&lt;tedge_pres&gt;, exit status 0
08:27:28 INFO  Executed sudo&lt;tedge_temp&gt;, exit status 0
08:27:28 INFO  Executed sudo&lt;tedge_pres&gt;, exit status 0
08:27:29 INFO  Executed sudo&lt;tedge_temp&gt;, exit status 0
08:27:29 INFO  Executed sudo&lt;tedge_pres&gt;, exit status 0
08:27:30 INFO  Executed sudo&lt;tedge_temp&gt;, exit status 0
08:27:30 INFO  Executed sudo&lt;tedge_pres&gt;, exit status 0
08:27:31 INFO  Executed sudo&lt;tedge_temp&gt;, exit status 0
08:27:31 INFO  Executed sudo&lt;tedge_pres&gt;, exit status 0
08:27:32 INFO  Executed sudo&lt;tedge_temp&gt;, exit status 0
08:27:33 INFO  Executed sudo&lt;tedge_pres&gt;, exit status 0
08:27:34 INFO  Executed sudo&lt;kill_out&gt;, exit status 0
08:27:34 INFO  0

08:27:34 WARN  TypeError occurred while running test - 'int' object is not subscriptable
Traceback (most recent call last):
  File "/home/pi/env-pysys/lib/python3.7/site-packages/pysys/baserunner.py", line 1296, in __call__
    self.testObj.validate()
  File "/home/pi/actions-runner/_work/thin-edge.io/thin-edge.io/tests/PySys/monitoring/monitoring_smaller_interval/run.py", line 104, in validate
    collectd_msg_validation_result=self.validate_json(),
  File "/home/pi/actions-runner/_work/thin-edge.io/thin-edge.io/tests/PySys/monitoring/monitoring_smaller_interval/run.py", line 114, in validate_json
    if not self.validate_time():
  File "/home/pi/actions-runner/_work/thin-edge.io/thin-edge.io/tests/PySys/monitoring/monitoring_smaller_interval/run.py", line 134, in validate_time
    if self.js_msg["time"]:
TypeError: 'int' object is not subscriptable
08:27:34 WARN  TypeError: 'int' object is not subscriptable ... blocked 
08:27:34 INFO  
08:27:34 INFO  cleanup:
08:27:34 INFO  monitoring_cleanup
08:27:35 INFO  Executed sudo&lt;collectd_mapper&gt;, exit status 0
08:27:35 INFO  
08:27:35 INFO  Test duration: 14.90 secs
08:27:35 INFO  Test final outcome:  BLOCKED
08:27:35 INFO  Test outcome reason: TypeError: 'int' object is not subscriptable
08:27:35 INFO  
</system-out>
	</testcase>
</testsuite><testsuite name="monitoring_with_collectd" tests="1" errors="0" failures="0" skipped="1" time="0"><testcase classname="MonitoringWithCollectd" name="monitoring_with_collectd">
		<skipped message="SKIPPED: Test execution disabled due to #792 (instable)" />
		<system-out>08:27:35 INFO  ==============================================================
08:27:35 INFO  Id:    monitoring_with_collectd
08:27:35 INFO  Dir:   monitoring/
08:27:35 INFO  Title: Validate tedge dm agent messages that are produced by batching the collectd messages
08:27:35 INFO  ==============================================================
08:27:35 INFO  Test execution disabled due to #792 (instable) ... skipped
08:27:35 INFO  
08:27:35 INFO  Test duration: 0.02 secs
08:27:35 INFO  Test final outcome:  SKIPPED
08:27:35 INFO  Test outcome reason: Test execution disabled due to #792 (instable)
08:27:35 INFO  
</system-out>
	</testcase>
</testsuite><testsuite name="monitoring_with_simulated_messages" tests="1" errors="0" failures="1" skipped="0" time="0"><testcase classname="MonitoringWithSimulatedMessages" name="monitoring_with_simulated_messages">
		<failure message="BLOCKED: TypeError: 'int' object is not subscriptable" type="BLOCKED" />
		<system-out>08:27:35 INFO  ==============================================================
08:27:35 INFO  Id:    monitoring_with_simulated_messages
08:27:35 INFO  Dir:   monitoring/
08:27:35 INFO  Title: Validate the tedge dm agent messages that are produced from the simulated collectd messages
08:27:35 INFO  ==============================================================
08:27:36 INFO  Executed sudo&lt;collectd&gt;, exit status 0
08:27:36 INFO  Executed sudo&lt;collectd_mapper&gt;, exit status 0
08:27:36 INFO  Started sudo&lt;tedge_sub&gt; with process id 27703
08:27:37 INFO  Executed sudo&lt;tedge_temp&gt;, exit status 0
08:27:37 INFO  Executed sudo&lt;tedge_pres&gt;, exit status 0
08:27:39 INFO  Executed sudo&lt;kill_out&gt;, exit status 0
08:27:39 INFO  0

08:27:39 WARN  TypeError occurred while running test - 'int' object is not subscriptable
Traceback (most recent call last):
  File "/home/pi/env-pysys/lib/python3.7/site-packages/pysys/baserunner.py", line 1296, in __call__
    self.testObj.validate()
  File "/home/pi/actions-runner/_work/thin-edge.io/thin-edge.io/tests/PySys/monitoring/monitoring_with_simulated_messages/run.py", line 98, in validate
    collectd_msg_validation_result=self.validate_json(),
  File "/home/pi/actions-runner/_work/thin-edge.io/thin-edge.io/tests/PySys/monitoring/monitoring_with_simulated_messages/run.py", line 108, in validate_json
    if not self.validate_time():
  File "/home/pi/actions-runner/_work/thin-edge.io/thin-edge.io/tests/PySys/monitoring/monitoring_with_simulated_messages/run.py", line 127, in validate_time
    if self.js_msg["time"]:
TypeError: 'int' object is not subscriptable
08:27:39 WARN  TypeError: 'int' object is not subscriptable ... blocked 
08:27:39 INFO  
08:27:39 INFO  cleanup:
08:27:39 INFO  monitoring_cleanup
08:27:39 INFO  Executed sudo&lt;collectd_mapper&gt;, exit status 0
08:27:39 INFO  
08:27:39 INFO  Test duration: 4.51 secs
08:27:39 INFO  Test final outcome:  BLOCKED
08:27:39 INFO  Test outcome reason: TypeError: 'int' object is not subscriptable
08:27:39 INFO  
</system-out>
	</testcase>
</testsuite><testsuite name="mqtt_port_change_connection_fails" tests="1" errors="0" failures="0" skipped="0" time="0"><testcase classname="MqttPortChangeConnectionFails" name="mqtt_port_change_connection_fails" />
</testsuite><testsuite name="mqtt_port_change_connection_works" tests="1" errors="0" failures="0" skipped="1" time="0"><testcase classname="MqttPortChangeConnectionWorks" name="mqtt_port_change_connection_works">
		<skipped message="SKIPPED: failing intermitently" />
		<system-out>08:26:01 INFO  ==============================================================
08:26:01 INFO  Id:    mqtt_port_change_connection_works
08:26:01 INFO  Dir:   misc_features/
08:26:01 INFO  Title: mqtt port change connection works for all the thin-edge services that use the mosquitto broker
08:26:01 INFO  ==============================================================
08:26:01 INFO  failing intermitently ... skipped
08:26:01 INFO  
08:26:01 INFO  Test duration: 0.02 secs
08:26:01 INFO  Test final outcome:  SKIPPED
08:26:01 INFO  Test outcome reason: failing intermitently
08:26:01 INFO  
</system-out>
	</testcase>
</testsuite><testsuite name="mqtt_port_set" tests="1" errors="0" failures="0" skipped="0" time="0"><testcase classname="MqttPortSet" name="mqtt_port_set" />
</testsuite><testsuite name="mqtt_port_unset" tests="1" errors="0" failures="0" skipped="0" time="0"><testcase classname="MqttPortUnSet" name="mqtt_port_unset" />
</testsuite><testsuite name="publish_flux" tests="1" errors="0" failures="0" skipped="0" time="0"><testcase classname="PublishFlux" name="publish_flux" />
</testsuite><testsuite name="publish_sawmill" tests="1" errors="0" failures="0" skipped="0" time="0"><testcase classname="PublishSawmill" name="publish_sawmill" />
</testsuite><testsuite name="runtime_start_two_mappers" tests="1" errors="0" failures="0" skipped="0" time="0"><testcase classname="RuntimeMultiMappers" name="runtime_start_two_mappers" />
</testsuite><testsuite name="sm_tedge_mapper_init_session" tests="1" errors="0" failures="0" skipped="0" time="0"><testcase classname="TedgeSMMapperInitSession" name="sm_tedge_mapper_init_session" />
</testsuite><testsuite name="smoketest_json" tests="1" errors="0" failures="0" skipped="0" time="0"><testcase classname="SmokeTestJson" name="smoketest_json" />
</testsuite><testsuite name="smoketest_json_400_samples_10ms" tests="1" errors="0" failures="0" skipped="0" time="0"><testcase classname="SmoketestJson400Samples10ms" name="smoketest_json_400_samples_10ms" />
</testsuite><testsuite name="smoketest_json_400_samples_20ms" tests="1" errors="0" failures="0" skipped="0" time="0"><testcase classname="SmoketestJson400Samples20ms" name="smoketest_json_400_samples_20ms" />
</testsuite><testsuite name="smoketest_smartrest" tests="1" errors="0" failures="0" skipped="0" time="0"><testcase classname="SmoketestSmartRest" name="smoketest_smartrest" />
</testsuite><testsuite name="smoketest_smartrest_400_samples_1Xms" tests="1" errors="0" failures="0" skipped="0" time="0"><testcase classname="SmoketestSmartRest400Samples1Xms" name="smoketest_smartrest_400_samples_1Xms" />
</testsuite><testsuite name="smoketest_smartrest_400_samples_20ms" tests="1" errors="0" failures="0" skipped="0" time="0"><testcase classname="SmoketestSmartRest400Samples20ms" name="smoketest_smartrest_400_samples_20ms" />
</testsuite><testsuite name="tedge_agent_user_sudo_access" tests="1" errors="0" failures="0" skipped="1" time="0"><testcase classname="TedgeAgentUserSudoAccess" name="tedge_agent_user_sudo_access">
		<skipped message="SKIPPED: #955 Observation: Exit code of the apt plugin when called with no arguments" />
		<system-out>08:37:43 INFO  ==============================================================
08:37:43 INFO  Id:    tedge_agent_user_sudo_access
08:37:43 INFO  Dir:   tedge/
08:37:43 INFO  Title: Validate tedge-agent user has a limited sudo right
08:37:43 INFO  ==============================================================
08:37:43 INFO  #955 Observation: Exit code of the apt plugin when called with no arguments ... skipped
08:37:43 INFO  
08:37:43 INFO  Test duration: 0.02 secs
08:37:43 INFO  Test final outcome:  SKIPPED
08:37:43 INFO  Test outcome reason: #955 Observation: Exit code of the apt plugin when called with no arguments
08:37:43 INFO  
</system-out>
	</testcase>
</testsuite><testsuite name="tedge_connect_test_negative" tests="1" errors="0" failures="0" skipped="0" time="0"><testcase classname="TedgeConnectTestNegative" name="tedge_connect_test_negative" />
</testsuite><testsuite name="tedge_connect_test_positive" tests="1" errors="0" failures="0" skipped="0" time="0"><testcase classname="TedgeConnectTestPositive" name="tedge_connect_test_positive" />
</testsuite><testsuite name="tedge_connect_test_sm_services" tests="1" errors="0" failures="0" skipped="0" time="0"><testcase classname="TedgeConnectTestSMServices" name="tedge_connect_test_sm_services" />
</testsuite><testsuite name="tedge_disconnect_test_sm_services" tests="1" errors="0" failures="0" skipped="0" time="0"><testcase classname="TedgeDisConnectTestSMServices" name="tedge_disconnect_test_sm_services" />
</testsuite><testsuite name="tedge_mapper_az_negative" tests="1" errors="0" failures="0" skipped="0" time="0"><testcase classname="TedgeMapperAzError" name="tedge_mapper_az_negative" />
</testsuite><testsuite name="tedge_mapper_az_with_timestamp" tests="1" errors="0" failures="0" skipped="0" time="0"><testcase classname="TedgeMapperAzWithTimestamp" name="tedge_mapper_az_with_timestamp" />
</testsuite><testsuite name="tedge_mapper_az_without_timestamp" tests="1" errors="0" failures="0" skipped="0" time="0"><testcase classname="TedgeMapperAzWithoutTimestamp" name="tedge_mapper_az_without_timestamp" />
</testsuite><testsuite name="tedge_mapper_c8y_alarms" tests="1" errors="0" failures="0" skipped="0" time="0"><testcase classname="TedgeMapperC8yAlarm" name="tedge_mapper_c8y_alarms" />
</testsuite><testsuite name="tedge_mapper_c8y_child_device_measurement" tests="1" errors="0" failures="0" skipped="0" time="0"><testcase classname="TedgeMapperC8yChildDevice" name="tedge_mapper_c8y_child_device_measurement" />
</testsuite><testsuite name="tedge_mapper_c8y_packet_threshold_size" tests="1" errors="0" failures="1" skipped="0" time="0"><testcase classname="TedgeMapperC8yThresholdPacketSize" name="tedge_mapper_c8y_packet_threshold_size">
		<failure message="FAILED: Grep on tedge_sub.out contains &quot;The size of the message received on tedge/measurements is 20489 which is greater than the threshold size of 16184.&quot;" type="FAILED" />
		<system-out>08:42:04 INFO  ==============================================================
08:42:04 INFO  Id:    tedge_mapper_c8y_packet_threshold_size
08:42:04 INFO  Dir:   tedge_mapper_c8y/
08:42:04 INFO  Title: Validate the Cumulocity Mapper accepted threshold packet size when it receives a message on tedge/measurements
08:42:04 INFO  ==============================================================
08:42:05 INFO  Executed sudo&lt;tedge_mapper_c8y&gt;, exit status 0
08:42:05 INFO  Started sudo&lt;tedge_sub&gt; with process id 32091
08:42:06 INFO  Executed sudo&lt;tedge_msg&gt;, exit status 0
08:42:06 INFO  Executed sudo&lt;tedge_pub&gt;, exit status 0
08:42:07 INFO  Executed sudo&lt;kill_out&gt;, exit status 0
08:42:07 WARN  Grep on tedge_sub.out contains "The size of the message received on tedge/measurements is 20489 which is greater than the threshold size of 16184." ... failed [run.py:88]
08:42:07 INFO  
08:42:07 INFO  cleanup:
08:42:07 INFO  mapper_cleanup
08:42:07 INFO  Executed sudo&lt;tedge_mapper_c8y&gt;, exit status 0
08:42:07 INFO  
08:42:07 INFO  Test duration: 2.95 secs
08:42:07 INFO  Test final outcome:  FAILED
08:42:07 INFO  Test outcome reason: Grep on tedge_sub.out contains "The size of the message received on tedge/measurements is 20489 which is greater than the threshold size of 16184."
08:42:07 INFO  
</system-out>
	</testcase>
</testsuite><testsuite name="tedge_software_update" tests="1" errors="0" failures="0" skipped="0" time="0"><testcase classname="PySysTest" name="tedge_software_update" />
</testsuite><testsuite name="valid_device_id" tests="1" errors="0" failures="0" skipped="0" time="0"><testcase classname="ValidateValidDeviceId" name="valid_device_id" />
</testsuite></testsuites>