<?xml version='1.0' encoding='utf-8'?>
<testsuites tests="139" failures="16" errors="0" skipped="45" time="0.0"><testsuite name="SoftwareManagement.Plugin.apama_plugin_install" tests="3" errors="0" failures="0" skipped="1" time="0"><testcase classname="ApamaPluginInstallTest" name="SoftwareManagement.Plugin.apama_plugin_install">
		<skipped message="SKIPPED: Apama plugin tests are disabled by default. Execute `pysys run` with `-XmyPlatform=container` to run these tests" />
		<system-out>16:37:28 INFO  ==============================================================
16:37:28 INFO  Id:    SoftwareManagement.Plugin.apama_plugin_install
16:37:28 INFO  Dir:   plugin_apama/
16:37:28 INFO  Title: Validate apama plugin install
16:37:28 INFO  ==============================================================
16:37:28 INFO  Apama plugin tests are disabled by default. Execute `pysys run` with `-XmyPlatform=container` to run these tests ... skipped
16:37:28 WARN  Aborted test due to SKIPPED outcome
16:37:28 INFO  
16:37:28 INFO  Test duration: 0.05 secs
16:37:28 INFO  Test final outcome:  SKIPPED
16:37:28 INFO  Test outcome reason: Apama plugin tests are disabled by default. Execute `pysys run` with `-XmyPlatform=container` to run these tests
16:37:28 INFO  
</system-out>
	</testcase>
<testcase classname="ApamaPluginInstallTest" name="SoftwareManagement.Plugin.apama_plugin_install" />
<testcase classname="ApamaPluginInstallTest" name="SoftwareManagement.Plugin.apama_plugin_install" />
</testsuite><testsuite name="SoftwareManagement.Plugin.apama_plugin_mon_support" tests="3" errors="0" failures="0" skipped="1" time="0"><testcase classname="ApamaPluginMonSupportTest" name="SoftwareManagement.Plugin.apama_plugin_mon_support">
		<skipped message="SKIPPED: Apama plugin tests are disabled by default. Execute `pysys run` with `-XmyPlatform=container` to run these tests" />
		<system-out>16:37:28 INFO  ==============================================================
16:37:28 INFO  Id:    SoftwareManagement.Plugin.apama_plugin_mon_support
16:37:28 INFO  Dir:   plugin_apama/
16:37:28 INFO  Title: Validate mon file support of apama plugin
16:37:28 INFO  ==============================================================
16:37:28 INFO  Apama plugin tests are disabled by default. Execute `pysys run` with `-XmyPlatform=container` to run these tests ... skipped
16:37:28 WARN  Aborted test due to SKIPPED outcome
16:37:28 INFO  
16:37:28 INFO  Test duration: 0.02 secs
16:37:28 INFO  Test final outcome:  SKIPPED
16:37:28 INFO  Test outcome reason: Apama plugin tests are disabled by default. Execute `pysys run` with `-XmyPlatform=container` to run these tests
16:37:28 INFO  
</system-out>
	</testcase>
<testcase classname="ApamaPluginMonSupportTest" name="SoftwareManagement.Plugin.apama_plugin_mon_support" />
<testcase classname="ApamaPluginMonSupportTest" name="SoftwareManagement.Plugin.apama_plugin_mon_support" />
</testsuite><testsuite name="SoftwareManagement.Plugin.apama_plugin_remove" tests="3" errors="0" failures="0" skipped="1" time="0"><testcase classname="ApamaPluginRemoveTest" name="SoftwareManagement.Plugin.apama_plugin_remove">
		<skipped message="SKIPPED: Apama plugin tests are disabled by default. Execute `pysys run` with `-XmyPlatform=container` to run these tests" />
		<system-out>16:37:28 INFO  ==============================================================
16:37:28 INFO  Id:    SoftwareManagement.Plugin.apama_plugin_remove
16:37:28 INFO  Dir:   plugin_apama/
16:37:28 INFO  Title: Validate apama plugin remove
16:37:28 INFO  ==============================================================
16:37:28 INFO  Apama plugin tests are disabled by default. Execute `pysys run` with `-XmyPlatform=container` to run these tests ... skipped
16:37:28 WARN  Aborted test due to SKIPPED outcome
16:37:28 INFO  
16:37:28 INFO  Test duration: 0.02 secs
16:37:28 INFO  Test final outcome:  SKIPPED
16:37:28 INFO  Test outcome reason: Apama plugin tests are disabled by default. Execute `pysys run` with `-XmyPlatform=container` to run these tests
16:37:28 INFO  
</system-out>
	</testcase>
<testcase classname="ApamaPluginRemoveTest" name="SoftwareManagement.Plugin.apama_plugin_remove" />
<testcase classname="ApamaPluginRemoveTest" name="SoftwareManagement.Plugin.apama_plugin_remove" />
</testsuite><testsuite name="SoftwareManagement.Plugin.apama_plugin_update" tests="3" errors="0" failures="2" skipped="1" time="0"><testcase classname="ApamaPluginUpdateTest" name="SoftwareManagement.Plugin.apama_plugin_update">
		<skipped message="SKIPPED: Apama plugin tests are disabled by default. Execute `pysys run` with `-XmyPlatform=container` to run these tests" />
		<system-out>16:37:28 INFO  ==============================================================
16:37:28 INFO  Id:    SoftwareManagement.Plugin.apama_plugin_update
16:37:28 INFO  Dir:   plugin_apama/
16:37:28 INFO  Title: Validate apama plugin updating one project with another
16:37:28 INFO  ==============================================================
16:37:28 INFO  Apama plugin tests are disabled by default. Execute `pysys run` with `-XmyPlatform=container` to run these tests ... skipped
16:37:28 WARN  Aborted test due to SKIPPED outcome
16:37:28 INFO  
16:37:28 INFO  Test duration: 0.05 secs
16:37:28 INFO  Test final outcome:  SKIPPED
16:37:28 INFO  Test outcome reason: Apama plugin tests are disabled by default. Execute `pysys run` with `-XmyPlatform=container` to run these tests
16:37:28 INFO  
</system-out>
	</testcase>
<testcase classname="ApamaPluginUpdateTest" name="SoftwareManagement.Plugin.apama_plugin_update">
		<failure message="BLOCKED: sudo&lt;plugin_install&gt; returned non-zero exit code 2" type="BLOCKED" />
		<system-out>17:28:44 INFO  ==============================================================
17:28:44 INFO  Id:    SoftwareManagement.Plugin.apama_plugin_update
17:28:44 INFO  Dir:   plugin_apama/
17:28:44 INFO  Title: Validate apama plugin updating one project with another
17:28:44 INFO  ==============================================================
17:28:44 INFO  Assertion that path exists=False for "/etc/tedge/apama/project" ... passed
17:28:45 INFO  Executed sudo&lt;create_project_dir&gt;, exit status 0
17:28:46 INFO  Executed sudo&lt;unzip_apama_project&gt;, exit status 0
17:28:46 INFO  Executed sudo&lt;move_apama_project&gt;, exit status 0
17:28:47 INFO  Executed sudo&lt;restart_apama_service&gt;, exit status 0
17:28:48 INFO  Executed sudo&lt;apama_correlator_wait&gt;, exit status 0
17:28:48 INFO  Assertion that path exists=True for "/etc/tedge/apama/project" ... passed
17:28:48 INFO  Executed sudo&lt;apama_list_monitors&gt;, exit status 0
17:28:48 INFO  Grep on file /home/pi/actions-runner/_work/thin-edge.io/thin-edge.io/tests/PySys/plugin_apama/apama_plugin_update/Output/linux/apama_list_monitors.out ... passed
17:28:49 WARN  Executed sudo&lt;plugin_install&gt;, exit status 2
17:28:49 INFO  Contents of plugin_install.err: 
  ERROR: Directory not empty (os error 39)
  -----

17:28:49 WARN  sudo&lt;plugin_install&gt; returned non-zero exit code 2 ... blocked [run.py:35]
17:28:49 WARN  Aborted test due to BLOCKED outcome
17:28:49 INFO  
17:28:49 INFO  cleanup:
17:28:49 INFO  Removing apama project
17:29:05 INFO  Executed sudo&lt;stop_apama_service&gt;, exit status 0, duration 15 secs
17:29:05 INFO  Executed sudo&lt;remove_apama_project&gt;, exit status 0
17:29:06 INFO  Executed sudo&lt;remove_apama_tmp_dir&gt;, exit status 0
17:29:06 INFO  
17:29:06 INFO  Test duration: 21.27 secs
17:29:06 INFO  Test final outcome:  BLOCKED
17:29:06 INFO  Test outcome reason: sudo&lt;plugin_install&gt; returned non-zero exit code 2
17:29:06 INFO  
</system-out>
	</testcase>
<testcase classname="ApamaPluginUpdateTest" name="SoftwareManagement.Plugin.apama_plugin_update">
		<failure message="BLOCKED: sudo&lt;plugin_install&gt; returned non-zero exit code 2" type="BLOCKED" />
		<system-out>17:37:27 INFO  ==============================================================
17:37:27 INFO  Id:    SoftwareManagement.Plugin.apama_plugin_update
17:37:27 INFO  Dir:   plugin_apama/
17:37:27 INFO  Title: Validate apama plugin updating one project with another
17:37:27 INFO  ==============================================================
17:37:27 INFO  Assertion that path exists=False for "/etc/tedge/apama/project" ... passed
17:37:28 INFO  Executed sudo&lt;create_project_dir&gt;, exit status 0
17:37:28 INFO  Executed sudo&lt;unzip_apama_project&gt;, exit status 0
17:37:29 INFO  Executed sudo&lt;move_apama_project&gt;, exit status 0
17:37:30 INFO  Executed sudo&lt;restart_apama_service&gt;, exit status 0
17:37:30 INFO  Executed sudo&lt;apama_correlator_wait&gt;, exit status 0
17:37:30 INFO  Assertion that path exists=True for "/etc/tedge/apama/project" ... passed
17:37:31 INFO  Executed sudo&lt;apama_list_monitors&gt;, exit status 0
17:37:31 INFO  Grep on file /home/pi/actions-runner/_work/thin-edge.io/thin-edge.io/tests/PySys/plugin_apama/apama_plugin_update/Output/linux/apama_list_monitors.out ... passed
17:37:32 WARN  Executed sudo&lt;plugin_install&gt;, exit status 2
17:37:32 INFO  Contents of plugin_install.err: 
  ERROR: Directory not empty (os error 39)
  -----

17:37:32 WARN  sudo&lt;plugin_install&gt; returned non-zero exit code 2 ... blocked [run.py:35]
17:37:32 WARN  Aborted test due to BLOCKED outcome
17:37:32 INFO  
17:37:32 INFO  cleanup:
17:37:32 INFO  Removing apama project
17:37:48 INFO  Executed sudo&lt;stop_apama_service&gt;, exit status 0, duration 16 secs
17:37:49 INFO  Executed sudo&lt;remove_apama_project&gt;, exit status 0
17:37:49 INFO  Executed sudo&lt;remove_apama_tmp_dir&gt;, exit status 0
17:37:49 INFO  
17:37:49 INFO  Test duration: 22.19 secs
17:37:49 INFO  Test final outcome:  BLOCKED
17:37:49 INFO  Test outcome reason: sudo&lt;plugin_install&gt; returned non-zero exit code 2
17:37:49 INFO  
</system-out>
	</testcase>
</testsuite><testsuite name="SoftwareManagement.sm_apt_install_download_path" tests="3" errors="0" failures="2" skipped="1" time="0"><testcase classname="AptInstallWithDownloadPath" name="SoftwareManagement.sm_apt_install_download_path">
		<skipped message="SKIPPED: Testing the apt plugin is not supported on this platform.Use parameter -XmyPlatform='container' to enable it" />
		<system-out>16:47:07 INFO  ==============================================================
16:47:07 INFO  Id:    SoftwareManagement.sm_apt_install_download_path
16:47:07 INFO  Dir:   software_management_end_to_end/
16:47:07 INFO  Title: Install package to directory specified in tedge config set tmp.path
16:47:07 INFO  ==============================================================
16:47:07 INFO  Testing the apt plugin is not supported on this platform.Use parameter -XmyPlatform='container' to enable it ... skipped
16:47:07 WARN  Aborted test due to SKIPPED outcome
16:47:07 INFO  
16:47:07 INFO  Test duration: 0.06 secs
16:47:07 INFO  Test final outcome:  SKIPPED
16:47:07 INFO  Test outcome reason: Testing the apt plugin is not supported on this platform.Use parameter -XmyPlatform='container' to enable it
16:47:07 INFO  
</system-out>
	</testcase>
<testcase classname="AptInstallWithDownloadPath" name="SoftwareManagement.sm_apt_install_download_path">
		<failure message="BLOCKED: AssertionError:" type="BLOCKED" />
		<system-out>17:10:44 INFO  ==============================================================
17:10:44 INFO  Id:    SoftwareManagement.sm_apt_install_download_path
17:10:44 INFO  Dir:   software_management_end_to_end/
17:10:44 INFO  Title: Install package to directory specified in tedge config set tmp.path
17:10:44 INFO  ==============================================================
17:10:45 INFO  Using sw id database: {'asciijump': '5475369', 'robotfindskitten': '5474869', 'squirrel3': '5475279', 'rolldice': '5152439', 'moon-buggy': '5439204', 'apple': '5495053', 'banana': '5494888', 'cherry': '5495382', 'watermelon': '5494510', 'registry': '8018911', 'hello-world': '8021526', 'docker/getting-started': '8021973', 'alpine': '7991792'}
17:10:45 INFO  EnvironmentC8y Setup
17:10:45 INFO  Executed systemctl&lt;serv_mapper1&gt;, exit status 3
17:10:59 INFO  Executed sudo&lt;tedge_connect_c8y&gt;, exit status 0, duration 14 secs
17:11:01 INFO  Executed sudo&lt;tedge_connect_c8y_test&gt;, exit status 0
17:11:02 INFO  Executed systemctl&lt;serv_mosq2&gt;, exit status 0
17:11:03 INFO  Executed systemctl&lt;serv_mapper3&gt;, exit status 0
17:11:05 ERROR No operations found, assuming it passed
17:11:05 INFO  Assert that (False == value) with value=False ... passed
17:11:06 INFO  Executed sudo, exit status 0
17:11:06 INFO  Executed sudo, exit status 0
17:11:07 INFO  Executed sudo, exit status 0
17:11:11 INFO  Executed sudo&lt;tedge_disconnect_c8y&gt;, exit status 0
17:11:11 INFO  Restarting mosquitto too frequently in the last 10 seconds. It was only up for 3 seconds
17:11:11 INFO  Delaying execution by 8 seconds
17:11:33 INFO  Executed sudo&lt;tedge_connect_c8y&gt;, exit status 0, duration 13 secs
17:11:33 INFO  Response status: 201
17:11:33 INFO  Response to action: {
    "delivery": {
        "log": [],
        "time": "2022-06-20T17:11:33.458Z",
        "status": "PENDING"
    },
    "creationTime": "2022-06-20T17:11:33.442Z",
    "deviceName": "m32sd10d",
    "deviceId": "20353262",
    "self": "https://t493319102.eu-latest.cumulocity.com/devicecontrol/operations/20362635",
    "id": "20362635",
    "status": "PENDING",
    "description": "Apply software changes, triggered from PySys: [{'name': 'rolldice', 'id': '5152439', 'version': '::apt', 'url': 'https://thin-edge-io.eu-latest.cumulocity.com/inventory/binaries/12435463', 'action': 'install'}]",
    "c8y_SoftwareUpdate": [
        {
            "name": "rolldice",
            "action": "install",
            "id": "5152439",
            "version": "::apt",
            "url": "https://thin-edge-io.eu-latest.cumulocity.com/inventory/binaries/12435463"
        }
    ]
}
17:11:33 INFO  Started operation: {'delivery': {'log': [], 'time': '2022-06-20T17:11:33.458Z', 'status': 'PENDING'}, 'creationTime': '2022-06-20T17:11:33.442Z', 'deviceName': 'm32sd10d', 'deviceId': '20353262', 'self': 'https://t493319102.eu-latest.cumulocity.com/devicecontrol/operations/20362635', 'id': '20362635', 'status': 'PENDING', 'description': "Apply software changes, triggered from PySys: [{'name': 'rolldice', 'id': '5152439', 'version': '::apt', 'url': 'https://thin-edge-io.eu-latest.cumulocity.com/inventory/binaries/12435463', 'action': 'install'}]", 'c8y_SoftwareUpdate': [{'name': 'rolldice', 'action': 'install', 'id': '5152439', 'version': '::apt', 'url': 'https://thin-edge-io.eu-latest.cumulocity.com/inventory/binaries/12435463'}]}
17:11:33 WARN  , retrying in 0.5 seconds...
17:11:34 WARN  , retrying in 0.5 seconds...
17:11:34 WARN  , retrying in 0.5 seconds...
17:11:35 WARN  , retrying in 0.5 seconds...
17:11:35 WARN  , retrying in 0.5 seconds...
17:11:36 WARN  , retrying in 0.5 seconds...
17:11:36 WARN  , retrying in 0.5 seconds...
17:11:37 WARN  , retrying in 0.5 seconds...
17:11:37 WARN  , retrying in 0.5 seconds...
17:11:38 WARN  AssertionError occurred while running test - 
Traceback (most recent call last):
  File "/home/pi/env-pysys/lib/python3.7/site-packages/pysys/baserunner.py", line 1294, in __call__
    self.testObj.execute()
  File "/home/pi/actions-runner/_work/thin-edge.io/thin-edge.io/tests/PySys/software_management_end_to_end/sm_apt_install_download_path/run.py", line 83, in execute
    assert_install_in_download_path(install_directory=self.DOWNLOAD_DIR)
  File "/home/pi/env-pysys/lib/python3.7/site-packages/decorator.py", line 232, in fun
    return caller(func, *(extras + args), **kw)
  File "/home/pi/env-pysys/lib/python3.7/site-packages/retry/api.py", line 74, in retry_decorator
    logger)
  File "/home/pi/env-pysys/lib/python3.7/site-packages/retry/api.py", line 33, in __retry_internal
    return f()
  File "/home/pi/actions-runner/_work/thin-edge.io/thin-edge.io/tests/PySys/software_management_end_to_end/sm_apt_install_download_path/run.py", line 28, in assert_install_in_download_path
    assert "rolldice" in os.listdir(f"{install_directory}")
AssertionError
17:11:38 WARN  AssertionError: ... blocked 
17:11:38 INFO  
17:11:38 INFO  cleanup:
17:11:39 INFO  Executed sudo, exit status 0
17:11:39 INFO  Executed sudo, exit status 0
17:11:44 INFO  Executed sudo&lt;tedge_disconnect_c8y&gt;, exit status 0
17:11:44 INFO  Restarting mosquitto too frequently in the last 10 seconds. It was only up for 4 seconds
17:11:44 INFO  Delaying execution by 7 seconds
17:12:05 INFO  Executed sudo&lt;tedge_connect_c8y&gt;, exit status 0, duration 14 secs
17:12:09 INFO  Executed sudo&lt;tedge_disconnect_c8y&gt;, exit status 0
17:12:09 INFO  Executed systemctl&lt;serv_mapper5&gt;, exit status 3
17:12:09 INFO  
17:12:09 INFO  Test duration: 85.10 secs
17:12:09 INFO  Test final outcome:  BLOCKED
17:12:09 INFO  Test outcome reason: AssertionError:
17:12:09 INFO  
</system-out>
	</testcase>
<testcase classname="AptInstallWithDownloadPath" name="SoftwareManagement.sm_apt_install_download_path">
		<failure message="BLOCKED: AssertionError:" type="BLOCKED" />
		<system-out>17:37:49 INFO  ==============================================================
17:37:49 INFO  Id:    SoftwareManagement.sm_apt_install_download_path
17:37:49 INFO  Dir:   software_management_end_to_end/
17:37:49 INFO  Title: Install package to directory specified in tedge config set tmp.path
17:37:49 INFO  ==============================================================
17:37:51 INFO  Using sw id database: {'asciijump': '5475369', 'robotfindskitten': '5474869', 'squirrel3': '5475279', 'rolldice': '5152439', 'moon-buggy': '5439204', 'apple': '5495053', 'banana': '5494888', 'cherry': '5495382', 'watermelon': '5494510', 'registry': '8018911', 'hello-world': '8021526', 'docker/getting-started': '8021973', 'alpine': '7991792'}
17:37:51 INFO  EnvironmentC8y Setup
17:37:51 INFO  Executed systemctl&lt;serv_mapper1&gt;, exit status 3
17:38:05 INFO  Executed sudo&lt;tedge_connect_c8y&gt;, exit status 0, duration 14 secs
17:38:06 INFO  Executed sudo&lt;tedge_connect_c8y_test&gt;, exit status 0
17:38:06 INFO  Executed systemctl&lt;serv_mosq2&gt;, exit status 0
17:38:07 INFO  Executed systemctl&lt;serv_mapper3&gt;, exit status 0
17:38:09 INFO  State of current operation: SUCCESSFUL
17:38:09 INFO  Assert that (False == value) with value=False ... passed
17:38:10 INFO  Executed sudo, exit status 0
17:38:10 INFO  Executed sudo, exit status 0
17:38:11 INFO  Executed sudo, exit status 0
17:38:15 INFO  Executed sudo&lt;tedge_disconnect_c8y&gt;, exit status 0
17:38:15 INFO  Restarting mosquitto too frequently in the last 10 seconds. It was only up for 3 seconds
17:38:15 INFO  Delaying execution by 8 seconds
17:38:37 INFO  Executed sudo&lt;tedge_connect_c8y&gt;, exit status 0, duration 14 secs
17:38:38 INFO  Response status: 201
17:38:38 INFO  Response to action: {
    "creationTime": "2022-06-20T17:38:38.032Z",
    "deviceName": "m32sd10d",
    "deviceId": "20353262",
    "self": "https://t493319102.eu-latest.cumulocity.com/devicecontrol/operations/20362795",
    "id": "20362795",
    "status": "PENDING",
    "description": "Apply software changes, triggered from PySys: [{'name': 'rolldice', 'id': '5152439', 'version': '::apt', 'url': 'https://thin-edge-io.eu-latest.cumulocity.com/inventory/binaries/12435463', 'action': 'install'}]",
    "c8y_SoftwareUpdate": [
        {
            "name": "rolldice",
            "action": "install",
            "id": "5152439",
            "version": "::apt",
            "url": "https://thin-edge-io.eu-latest.cumulocity.com/inventory/binaries/12435463"
        }
    ]
}
17:38:38 INFO  Started operation: {'creationTime': '2022-06-20T17:38:38.032Z', 'deviceName': 'm32sd10d', 'deviceId': '20353262', 'self': 'https://t493319102.eu-latest.cumulocity.com/devicecontrol/operations/20362795', 'id': '20362795', 'status': 'PENDING', 'description': "Apply software changes, triggered from PySys: [{'name': 'rolldice', 'id': '5152439', 'version': '::apt', 'url': 'https://thin-edge-io.eu-latest.cumulocity.com/inventory/binaries/12435463', 'action': 'install'}]", 'c8y_SoftwareUpdate': [{'name': 'rolldice', 'action': 'install', 'id': '5152439', 'version': '::apt', 'url': 'https://thin-edge-io.eu-latest.cumulocity.com/inventory/binaries/12435463'}]}
17:38:38 WARN  , retrying in 0.5 seconds...
17:38:38 WARN  , retrying in 0.5 seconds...
17:38:39 WARN  , retrying in 0.5 seconds...
17:38:39 WARN  , retrying in 0.5 seconds...
17:38:40 WARN  , retrying in 0.5 seconds...
17:38:40 WARN  , retrying in 0.5 seconds...
17:38:41 WARN  , retrying in 0.5 seconds...
17:38:41 WARN  , retrying in 0.5 seconds...
17:38:42 WARN  , retrying in 0.5 seconds...
17:38:42 WARN  AssertionError occurred while running test - 
Traceback (most recent call last):
  File "/home/pi/env-pysys/lib/python3.7/site-packages/pysys/baserunner.py", line 1294, in __call__
    self.testObj.execute()
  File "/home/pi/actions-runner/_work/thin-edge.io/thin-edge.io/tests/PySys/software_management_end_to_end/sm_apt_install_download_path/run.py", line 83, in execute
    assert_install_in_download_path(install_directory=self.DOWNLOAD_DIR)
  File "/home/pi/env-pysys/lib/python3.7/site-packages/decorator.py", line 232, in fun
    return caller(func, *(extras + args), **kw)
  File "/home/pi/env-pysys/lib/python3.7/site-packages/retry/api.py", line 74, in retry_decorator
    logger)
  File "/home/pi/env-pysys/lib/python3.7/site-packages/retry/api.py", line 33, in __retry_internal
    return f()
  File "/home/pi/actions-runner/_work/thin-edge.io/thin-edge.io/tests/PySys/software_management_end_to_end/sm_apt_install_download_path/run.py", line 28, in assert_install_in_download_path
    assert "rolldice" in os.listdir(f"{install_directory}")
AssertionError
17:38:42 WARN  AssertionError: ... blocked 
17:38:42 INFO  
17:38:42 INFO  cleanup:
17:38:43 INFO  Executed sudo, exit status 0
17:38:43 INFO  Executed sudo, exit status 0
17:38:48 INFO  Executed sudo&lt;tedge_disconnect_c8y&gt;, exit status 0
17:38:48 INFO  Restarting mosquitto too frequently in the last 10 seconds. It was only up for 4 seconds
17:38:48 INFO  Delaying execution by 7 seconds
17:39:09 INFO  Executed sudo&lt;tedge_connect_c8y&gt;, exit status 0, duration 14 secs
17:39:14 INFO  Executed sudo&lt;tedge_disconnect_c8y&gt;, exit status 0
17:39:15 INFO  Executed systemctl&lt;serv_mapper5&gt;, exit status 3
17:39:15 INFO  
17:39:15 INFO  Test duration: 85.30 secs
17:39:15 INFO  Test final outcome:  BLOCKED
17:39:15 INFO  Test outcome reason: AssertionError:
17:39:15 INFO  
</system-out>
	</testcase>
</testsuite><testsuite name="SoftwareManagement.sm_apt_install_fail" tests="3" errors="0" failures="0" skipped="1" time="0"><testcase classname="PySysTest" name="SoftwareManagement.sm_apt_install_fail">
		<skipped message="SKIPPED: Testing the apt plugin is not supported on this platform.Use parameter -XmyPlatform='container' to enable it" />
		<system-out>16:47:07 INFO  ==============================================================
16:47:07 INFO  Id:    SoftwareManagement.sm_apt_install_fail
16:47:07 INFO  Dir:   software_management_end_to_end/
16:47:07 INFO  Title: Validate end to end behaviour for a failing installation
16:47:07 INFO  ==============================================================
16:47:07 INFO  Testing the apt plugin is not supported on this platform.Use parameter -XmyPlatform='container' to enable it ... skipped
16:47:07 WARN  Aborted test due to SKIPPED outcome
16:47:07 INFO  
16:47:07 INFO  Test duration: 0.02 secs
16:47:07 INFO  Test final outcome:  SKIPPED
16:47:07 INFO  Test outcome reason: Testing the apt plugin is not supported on this platform.Use parameter -XmyPlatform='container' to enable it
16:47:07 INFO  
</system-out>
	</testcase>
<testcase classname="PySysTest" name="SoftwareManagement.sm_apt_install_fail" />
<testcase classname="PySysTest" name="SoftwareManagement.sm_apt_install_fail" />
</testsuite><testsuite name="SoftwareManagement.sm_apt_install_remove" tests="3" errors="0" failures="0" skipped="1" time="0"><testcase classname="PySysTest" name="SoftwareManagement.sm_apt_install_remove">
		<skipped message="SKIPPED: Testing the apt plugin is not supported on this platform.Use parameter -XmyPlatform='container' to enable it" />
		<system-out>16:47:07 INFO  ==============================================================
16:47:07 INFO  Id:    SoftwareManagement.sm_apt_install_remove
16:47:07 INFO  Dir:   software_management_end_to_end/
16:47:07 INFO  Title: Validate end to end behaviour for the apt plugin for installation and removal of packages
16:47:07 INFO  ==============================================================
16:47:07 INFO  Testing the apt plugin is not supported on this platform.Use parameter -XmyPlatform='container' to enable it ... skipped
16:47:07 WARN  Aborted test due to SKIPPED outcome
16:47:07 INFO  
16:47:07 INFO  Test duration: 0.02 secs
16:47:07 INFO  Test final outcome:  SKIPPED
16:47:07 INFO  Test outcome reason: Testing the apt plugin is not supported on this platform.Use parameter -XmyPlatform='container' to enable it
16:47:07 INFO  
</system-out>
	</testcase>
<testcase classname="PySysTest" name="SoftwareManagement.sm_apt_install_remove" />
<testcase classname="PySysTest" name="SoftwareManagement.sm_apt_install_remove" />
</testsuite><testsuite name="SoftwareManagement.sm_apt_install_remove_default" tests="3" errors="0" failures="0" skipped="1" time="0"><testcase classname="PySysTest" name="SoftwareManagement.sm_apt_install_remove_default">
		<skipped message="SKIPPED: Testing the apt plugin is not supported on this platform.Use parameter -XmyPlatform='container' to enable it" />
		<system-out>16:47:07 INFO  ==============================================================
16:47:07 INFO  Id:    SoftwareManagement.sm_apt_install_remove_default
16:47:07 INFO  Dir:   software_management_end_to_end/
16:47:07 INFO  Title: Validate end to end behaviour for the default plugin for installation and removal of packages
16:47:07 INFO  ==============================================================
16:47:07 INFO  Testing the apt plugin is not supported on this platform.Use parameter -XmyPlatform='container' to enable it ... skipped
16:47:07 WARN  Aborted test due to SKIPPED outcome
16:47:07 INFO  
16:47:07 INFO  Test duration: 0.02 secs
16:47:07 INFO  Test final outcome:  SKIPPED
16:47:07 INFO  Test outcome reason: Testing the apt plugin is not supported on this platform.Use parameter -XmyPlatform='container' to enable it
16:47:07 INFO  
</system-out>
	</testcase>
<testcase classname="PySysTest" name="SoftwareManagement.sm_apt_install_remove_default" />
<testcase classname="PySysTest" name="SoftwareManagement.sm_apt_install_remove_default" />
</testsuite><testsuite name="SoftwareManagement.sm_apt_install_remove_multiple" tests="3" errors="0" failures="2" skipped="1" time="0"><testcase classname="PySysTest" name="SoftwareManagement.sm_apt_install_remove_multiple">
		<skipped message="SKIPPED: Testing the apt plugin is not supported on this platform.Use parameter -XmyPlatform='container' to enable it" />
		<system-out>16:47:07 INFO  ==============================================================
16:47:07 INFO  Id:    SoftwareManagement.sm_apt_install_remove_multiple
16:47:07 INFO  Dir:   software_management_end_to_end/
16:47:07 INFO  Title: Validate end to end behaviour for the apt plugin for multiple packages
16:47:07 INFO  ==============================================================
16:47:07 INFO  Testing the apt plugin is not supported on this platform.Use parameter -XmyPlatform='container' to enable it ... skipped
16:47:07 WARN  Aborted test due to SKIPPED outcome
16:47:07 INFO  
16:47:07 INFO  Test duration: 0.02 secs
16:47:07 INFO  Test final outcome:  SKIPPED
16:47:07 INFO  Test outcome reason: Testing the apt plugin is not supported on this platform.Use parameter -XmyPlatform='container' to enable it
16:47:07 INFO  
</system-out>
	</testcase>
<testcase classname="PySysTest" name="SoftwareManagement.sm_apt_install_remove_multiple">
		<failure message="FAILED: Assert that (False == value) with value=True" type="FAILED" />
		<system-out>17:18:58 INFO  ==============================================================
17:18:58 INFO  Id:    SoftwareManagement.sm_apt_install_remove_multiple
17:18:58 INFO  Dir:   software_management_end_to_end/
17:18:58 INFO  Title: Validate end to end behaviour for the apt plugin for multiple packages
17:18:58 INFO  ==============================================================
17:18:58 INFO  Using sw id database: {'asciijump': '5475369', 'robotfindskitten': '5474869', 'squirrel3': '5475279', 'rolldice': '5152439', 'moon-buggy': '5439204', 'apple': '5495053', 'banana': '5494888', 'cherry': '5495382', 'watermelon': '5494510', 'registry': '8018911', 'hello-world': '8021526', 'docker/getting-started': '8021973', 'alpine': '7991792'}
17:18:58 INFO  EnvironmentC8y Setup
17:18:58 INFO  Executed systemctl&lt;serv_mapper1&gt;, exit status 3
17:18:58 INFO  Restarting mosquitto too frequently in the last 10 seconds. It was only up for 4 seconds
17:18:58 INFO  Delaying execution by 7 seconds
17:19:19 INFO  Executed sudo&lt;tedge_connect_c8y&gt;, exit status 0, duration 13 secs
17:19:20 INFO  Executed sudo&lt;tedge_connect_c8y_test&gt;, exit status 0
17:19:20 INFO  Executed systemctl&lt;serv_mosq2&gt;, exit status 0
17:19:21 INFO  Executed systemctl&lt;serv_mapper3&gt;, exit status 0
17:19:23 INFO  State of current operation: SUCCESSFUL
17:19:23 INFO  Assert that (False == value) with value=False ... passed
17:19:23 INFO  Assert that (False == value) with value=False ... passed
17:19:24 INFO  Assert that (False == value) with value=False ... passed
17:19:24 INFO  Package robotfindskitten is installed
17:19:24 WARN  Assert that (False == value) with value=True ... failed 
17:19:24 INFO  Response status: 201
17:19:24 INFO  Response to action: {
    "delivery": {
        "log": [],
        "time": "2022-06-20T17:19:24.645Z",
        "status": "PENDING"
    },
    "creationTime": "2022-06-20T17:19:24.630Z",
    "deviceName": "m32sd10d",
    "deviceId": "20353262",
    "self": "https://t493319102.eu-latest.cumulocity.com/devicecontrol/operations/20362697",
    "id": "20362697",
    "status": "PENDING",
    "description": "Apply software changes, triggered from PySys: [{'action': 'install', 'id': '5475369', 'name': 'asciijump', 'url': ' ', 'version': '::apt'}, {'action': 'install', 'id': '5474869', 'name': 'robotfindskitten', 'url': ' ', 'version': '::apt'}, {'action': 'install', 'id': '5475279', 'name': 'squirrel3', 'url': ' ', 'version': '::apt'}]",
    "c8y_SoftwareUpdate": [
        {
            "name": "asciijump",
            "action": "install",
            "id": "5475369",
            "version": "::apt",
            "url": " "
        },
        {
            "name": "robotfindskitten",
            "action": "install",
            "id": "5474869",
            "version": "::apt",
            "url": " "
        },
        {
            "name": "squirrel3",
            "action": "install",
            "id": "5475279",
            "version": "::apt",
            "url": " "
        }
    ]
}
17:19:24 INFO  Started operation: {'delivery': {'log': [], 'time': '2022-06-20T17:19:24.645Z', 'status': 'PENDING'}, 'creationTime': '2022-06-20T17:19:24.630Z', 'deviceName': 'm32sd10d', 'deviceId': '20353262', 'self': 'https://t493319102.eu-latest.cumulocity.com/devicecontrol/operations/20362697', 'id': '20362697', 'status': 'PENDING', 'description': "Apply software changes, triggered from PySys: [{'action': 'install', 'id': '5475369', 'name': 'asciijump', 'url': ' ', 'version': '::apt'}, {'action': 'install', 'id': '5474869', 'name': 'robotfindskitten', 'url': ' ', 'version': '::apt'}, {'action': 'install', 'id': '5475279', 'name': 'squirrel3', 'url': ' ', 'version': '::apt'}]", 'c8y_SoftwareUpdate': [{'name': 'asciijump', 'action': 'install', 'id': '5475369', 'version': '::apt', 'url': ' '}, {'name': 'robotfindskitten', 'action': 'install', 'id': '5474869', 'version': '::apt', 'url': ' '}, {'name': 'squirrel3', 'action': 'install', 'id': '5475279', 'version': '::apt', 'url': ' '}]}
17:19:26 INFO  State of operation 20362697 : PENDING
17:19:29 INFO  State of operation 20362697 : EXECUTING
17:19:31 INFO  State of operation 20362697 : EXECUTING
17:19:33 INFO  State of operation 20362697 : EXECUTING
17:19:35 INFO  State of operation 20362697 : EXECUTING
17:19:38 INFO  State of operation 20362697 : EXECUTING
17:19:40 INFO  State of operation 20362697 : EXECUTING
17:19:43 INFO  State of operation 20362697 : EXECUTING
17:19:45 INFO  State of operation 20362697 : EXECUTING
17:19:48 INFO  State of operation 20362697 : EXECUTING
17:19:50 INFO  State of operation 20362697 : EXECUTING
17:19:52 INFO  State of operation 20362697 : EXECUTING
17:19:54 INFO  State of operation 20362697 : EXECUTING
17:19:56 INFO  State of operation 20362697 : EXECUTING
17:19:59 INFO  State of operation 20362697 : EXECUTING
17:20:01 INFO  State of operation 20362697 : EXECUTING
17:20:03 INFO  State of operation 20362697 : EXECUTING
17:20:06 INFO  State of operation 20362697 : EXECUTING
17:20:08 INFO  State of operation 20362697 : EXECUTING
17:20:11 INFO  State of operation 20362697 : EXECUTING
17:20:13 INFO  State of operation 20362697 : EXECUTING
17:20:15 INFO  State of operation 20362697 : EXECUTING
17:20:18 INFO  State of operation 20362697 : EXECUTING
17:20:20 INFO  State of operation 20362697 : EXECUTING
17:20:22 INFO  State of operation 20362697 : EXECUTING
17:20:25 INFO  State of operation 20362697 : EXECUTING
17:20:27 INFO  State of operation 20362697 : EXECUTING
17:20:29 INFO  State of operation 20362697 : EXECUTING
17:20:32 INFO  State of operation 20362697 : EXECUTING
17:20:34 INFO  State of operation 20362697 : EXECUTING
17:20:36 INFO  State of operation 20362697 : EXECUTING
17:20:38 INFO  State of operation 20362697 : EXECUTING
17:20:41 INFO  State of operation 20362697 : EXECUTING
17:20:43 INFO  State of operation 20362697 : EXECUTING
17:20:45 INFO  State of operation 20362697 : SUCCESSFUL
17:20:45 INFO  Assert that (False == value) with value=False ... passed
17:20:46 INFO  Package asciijump is installed
17:20:46 INFO  Assert that (True == value) with value=True ... passed
17:20:46 INFO  Package squirrel3 is installed
17:20:46 INFO  Assert that (True == value) with value=True ... passed
17:20:46 INFO  Package robotfindskitten is installed
17:20:46 INFO  Assert that (True == value) with value=True ... passed
17:20:46 INFO  Response status: 201
17:20:46 INFO  Response to action: {
    "delivery": {
        "log": [],
        "time": "2022-06-20T17:20:46.876Z",
        "status": "PENDING"
    },
    "creationTime": "2022-06-20T17:20:46.857Z",
    "deviceName": "m32sd10d",
    "deviceId": "20353262",
    "self": "https://t493319102.eu-latest.cumulocity.com/devicecontrol/operations/20362711",
    "id": "20362711",
    "status": "PENDING",
    "description": "Apply software changes, triggered from PySys: [{'action': 'delete', 'id': '5475369', 'name': 'asciijump', 'url': ' ', 'version': '::apt'}, {'action': 'delete', 'id': '5474869', 'name': 'robotfindskitten', 'url': ' ', 'version': '::apt'}, {'action': 'delete', 'id': '5475279', 'name': 'squirrel3', 'url': ' ', 'version': '::apt'}]",
    "c8y_SoftwareUpdate": [
        {
            "name": "asciijump",
            "action": "delete",
            "id": "5475369",
            "version": "::apt",
            "url": " "
        },
        {
            "name": "robotfindskitten",
            "action": "delete",
            "id": "5474869",
            "version": "::apt",
            "url": " "
        },
        {
            "name": "squirrel3",
            "action": "delete",
            "id": "5475279",
            "version": "::apt",
            "url": " "
        }
    ]
}
17:20:46 INFO  Started operation: {'delivery': {'log': [], 'time': '2022-06-20T17:20:46.876Z', 'status': 'PENDING'}, 'creationTime': '2022-06-20T17:20:46.857Z', 'deviceName': 'm32sd10d', 'deviceId': '20353262', 'self': 'https://t493319102.eu-latest.cumulocity.com/devicecontrol/operations/20362711', 'id': '20362711', 'status': 'PENDING', 'description': "Apply software changes, triggered from PySys: [{'action': 'delete', 'id': '5475369', 'name': 'asciijump', 'url': ' ', 'version': '::apt'}, {'action': 'delete', 'id': '5474869', 'name': 'robotfindskitten', 'url': ' ', 'version': '::apt'}, {'action': 'delete', 'id': '5475279', 'name': 'squirrel3', 'url': ' ', 'version': '::apt'}]", 'c8y_SoftwareUpdate': [{'name': 'asciijump', 'action': 'delete', 'id': '5475369', 'version': '::apt', 'url': ' '}, {'name': 'robotfindskitten', 'action': 'delete', 'id': '5474869', 'version': '::apt', 'url': ' '}, {'name': 'squirrel3', 'action': 'delete', 'id': '5475279', 'version': '::apt', 'url': ' '}]}
17:20:49 INFO  State of operation 20362711 : PENDING
17:20:51 INFO  State of operation 20362711 : EXECUTING
17:20:53 INFO  State of operation 20362711 : EXECUTING
17:20:55 INFO  State of operation 20362711 : EXECUTING
17:20:58 INFO  State of operation 20362711 : EXECUTING
17:21:00 INFO  State of operation 20362711 : EXECUTING
17:21:03 INFO  State of operation 20362711 : EXECUTING
17:21:05 INFO  State of operation 20362711 : EXECUTING
17:21:08 INFO  State of operation 20362711 : EXECUTING
17:21:10 INFO  State of operation 20362711 : EXECUTING
17:21:13 INFO  State of operation 20362711 : EXECUTING
17:21:15 INFO  State of operation 20362711 : EXECUTING
17:21:17 INFO  State of operation 20362711 : EXECUTING
17:21:20 INFO  State of operation 20362711 : EXECUTING
17:21:22 INFO  State of operation 20362711 : EXECUTING
17:21:24 INFO  State of operation 20362711 : EXECUTING
17:21:27 INFO  State of operation 20362711 : EXECUTING
17:21:29 INFO  State of operation 20362711 : EXECUTING
17:21:32 INFO  State of operation 20362711 : EXECUTING
17:21:34 INFO  State of operation 20362711 : EXECUTING
17:21:36 INFO  State of operation 20362711 : EXECUTING
17:21:38 INFO  State of operation 20362711 : EXECUTING
17:21:41 INFO  State of operation 20362711 : EXECUTING
17:21:43 INFO  State of operation 20362711 : EXECUTING
17:21:46 INFO  State of operation 20362711 : EXECUTING
17:21:48 INFO  State of operation 20362711 : EXECUTING
17:21:51 INFO  State of operation 20362711 : EXECUTING
17:21:53 INFO  State of operation 20362711 : SUCCESSFUL
17:21:53 INFO  Assert that (False == value) with value=False ... passed
17:21:53 INFO  Assert that (False == value) with value=False ... passed
17:21:53 INFO  Assert that (False == value) with value=False ... passed
17:21:54 INFO  Assert that (False == value) with value=False ... passed
17:21:54 INFO  
17:21:54 INFO  cleanup:
17:21:58 INFO  Executed sudo&lt;tedge_disconnect_c8y&gt;, exit status 0
17:21:58 INFO  Executed systemctl&lt;serv_mapper5&gt;, exit status 3
17:21:58 INFO  
17:21:58 INFO  Test duration: 180.70 secs
17:21:58 INFO  Test final outcome:  FAILED
17:21:58 INFO  Test outcome reason: Assert that (False == value) with value=True
17:21:58 INFO  
</system-out>
	</testcase>
<testcase classname="PySysTest" name="SoftwareManagement.sm_apt_install_remove_multiple">
		<failure message="FAILED: Assert that (False == value) with value=True (+2 other failures)" type="FAILED" />
		<system-out>17:45:50 INFO  ==============================================================
17:45:50 INFO  Id:    SoftwareManagement.sm_apt_install_remove_multiple
17:45:50 INFO  Dir:   software_management_end_to_end/
17:45:50 INFO  Title: Validate end to end behaviour for the apt plugin for multiple packages
17:45:50 INFO  ==============================================================
17:45:50 INFO  Using sw id database: {'asciijump': '5475369', 'robotfindskitten': '5474869', 'squirrel3': '5475279', 'rolldice': '5152439', 'moon-buggy': '5439204', 'apple': '5495053', 'banana': '5494888', 'cherry': '5495382', 'watermelon': '5494510', 'registry': '8018911', 'hello-world': '8021526', 'docker/getting-started': '8021973', 'alpine': '7991792'}
17:45:50 INFO  EnvironmentC8y Setup
17:45:50 INFO  Executed systemctl&lt;serv_mapper1&gt;, exit status 3
17:45:50 INFO  Restarting mosquitto too frequently in the last 10 seconds. It was only up for 5 seconds
17:45:50 INFO  Delaying execution by 6 seconds
17:46:10 INFO  Executed sudo&lt;tedge_connect_c8y&gt;, exit status 0, duration 14 secs
17:46:11 INFO  Executed sudo&lt;tedge_connect_c8y_test&gt;, exit status 0
17:46:12 INFO  Executed systemctl&lt;serv_mosq2&gt;, exit status 0
17:46:12 INFO  Executed systemctl&lt;serv_mapper3&gt;, exit status 0
17:46:14 INFO  State of current operation: SUCCESSFUL
17:46:14 INFO  Assert that (False == value) with value=False ... passed
17:46:15 INFO  Package asciijump is installed
17:46:15 WARN  Assert that (False == value) with value=True ... failed 
17:46:15 INFO  Package squirrel3 is installed
17:46:15 WARN  Assert that (False == value) with value=True ... failed 
17:46:16 INFO  Package robotfindskitten is installed
17:46:16 WARN  Assert that (False == value) with value=True ... failed 
17:46:16 INFO  Response status: 201
17:46:16 INFO  Response to action: {
    "creationTime": "2022-06-20T17:46:16.207Z",
    "deviceName": "m32sd10d",
    "deviceId": "20353262",
    "self": "https://t493319102.eu-latest.cumulocity.com/devicecontrol/operations/20362851",
    "id": "20362851",
    "status": "PENDING",
    "description": "Apply software changes, triggered from PySys: [{'action': 'install', 'id': '5475369', 'name': 'asciijump', 'url': ' ', 'version': '::apt'}, {'action': 'install', 'id': '5474869', 'name': 'robotfindskitten', 'url': ' ', 'version': '::apt'}, {'action': 'install', 'id': '5475279', 'name': 'squirrel3', 'url': ' ', 'version': '::apt'}]",
    "c8y_SoftwareUpdate": [
        {
            "name": "asciijump",
            "action": "install",
            "id": "5475369",
            "version": "::apt",
            "url": " "
        },
        {
            "name": "robotfindskitten",
            "action": "install",
            "id": "5474869",
            "version": "::apt",
            "url": " "
        },
        {
            "name": "squirrel3",
            "action": "install",
            "id": "5475279",
            "version": "::apt",
            "url": " "
        }
    ]
}
17:46:16 INFO  Started operation: {'creationTime': '2022-06-20T17:46:16.207Z', 'deviceName': 'm32sd10d', 'deviceId': '20353262', 'self': 'https://t493319102.eu-latest.cumulocity.com/devicecontrol/operations/20362851', 'id': '20362851', 'status': 'PENDING', 'description': "Apply software changes, triggered from PySys: [{'action': 'install', 'id': '5475369', 'name': 'asciijump', 'url': ' ', 'version': '::apt'}, {'action': 'install', 'id': '5474869', 'name': 'robotfindskitten', 'url': ' ', 'version': '::apt'}, {'action': 'install', 'id': '5475279', 'name': 'squirrel3', 'url': ' ', 'version': '::apt'}]", 'c8y_SoftwareUpdate': [{'name': 'asciijump', 'action': 'install', 'id': '5475369', 'version': '::apt', 'url': ' '}, {'name': 'robotfindskitten', 'action': 'install', 'id': '5474869', 'version': '::apt', 'url': ' '}, {'name': 'squirrel3', 'action': 'install', 'id': '5475279', 'version': '::apt', 'url': ' '}]}
17:46:18 INFO  State of operation 20362851 : PENDING
17:46:20 INFO  State of operation 20362851 : EXECUTING
17:46:22 INFO  State of operation 20362851 : EXECUTING
17:46:25 INFO  State of operation 20362851 : EXECUTING
17:46:27 INFO  State of operation 20362851 : EXECUTING
17:46:29 INFO  State of operation 20362851 : EXECUTING
17:46:32 INFO  State of operation 20362851 : EXECUTING
17:46:35 INFO  State of operation 20362851 : EXECUTING
17:46:37 INFO  State of operation 20362851 : EXECUTING
17:46:39 INFO  State of operation 20362851 : EXECUTING
17:46:42 INFO  State of operation 20362851 : EXECUTING
17:46:44 INFO  State of operation 20362851 : EXECUTING
17:46:46 INFO  State of operation 20362851 : EXECUTING
17:46:48 INFO  State of operation 20362851 : EXECUTING
17:46:51 INFO  State of operation 20362851 : EXECUTING
17:46:53 INFO  State of operation 20362851 : SUCCESSFUL
17:46:53 INFO  Assert that (False == value) with value=False ... passed
17:46:53 INFO  Package asciijump is installed
17:46:53 INFO  Assert that (True == value) with value=True ... passed
17:46:53 INFO  Package squirrel3 is installed
17:46:53 INFO  Assert that (True == value) with value=True ... passed
17:46:54 INFO  Package robotfindskitten is installed
17:46:54 INFO  Assert that (True == value) with value=True ... passed
17:46:54 INFO  Response status: 201
17:46:54 INFO  Response to action: {
    "creationTime": "2022-06-20T17:46:54.352Z",
    "deviceName": "m32sd10d",
    "deviceId": "20353262",
    "self": "https://t493319102.eu-latest.cumulocity.com/devicecontrol/operations/20362857",
    "id": "20362857",
    "status": "PENDING",
    "description": "Apply software changes, triggered from PySys: [{'action': 'delete', 'id': '5475369', 'name': 'asciijump', 'url': ' ', 'version': '::apt'}, {'action': 'delete', 'id': '5474869', 'name': 'robotfindskitten', 'url': ' ', 'version': '::apt'}, {'action': 'delete', 'id': '5475279', 'name': 'squirrel3', 'url': ' ', 'version': '::apt'}]",
    "c8y_SoftwareUpdate": [
        {
            "name": "asciijump",
            "action": "delete",
            "id": "5475369",
            "version": "::apt",
            "url": " "
        },
        {
            "name": "robotfindskitten",
            "action": "delete",
            "id": "5474869",
            "version": "::apt",
            "url": " "
        },
        {
            "name": "squirrel3",
            "action": "delete",
            "id": "5475279",
            "version": "::apt",
            "url": " "
        }
    ]
}
17:46:54 INFO  Started operation: {'creationTime': '2022-06-20T17:46:54.352Z', 'deviceName': 'm32sd10d', 'deviceId': '20353262', 'self': 'https://t493319102.eu-latest.cumulocity.com/devicecontrol/operations/20362857', 'id': '20362857', 'status': 'PENDING', 'description': "Apply software changes, triggered from PySys: [{'action': 'delete', 'id': '5475369', 'name': 'asciijump', 'url': ' ', 'version': '::apt'}, {'action': 'delete', 'id': '5474869', 'name': 'robotfindskitten', 'url': ' ', 'version': '::apt'}, {'action': 'delete', 'id': '5475279', 'name': 'squirrel3', 'url': ' ', 'version': '::apt'}]", 'c8y_SoftwareUpdate': [{'name': 'asciijump', 'action': 'delete', 'id': '5475369', 'version': '::apt', 'url': ' '}, {'name': 'robotfindskitten', 'action': 'delete', 'id': '5474869', 'version': '::apt', 'url': ' '}, {'name': 'squirrel3', 'action': 'delete', 'id': '5475279', 'version': '::apt', 'url': ' '}]}
17:46:56 INFO  State of operation 20362857 : PENDING
17:46:58 INFO  State of operation 20362857 : EXECUTING
17:47:01 INFO  State of operation 20362857 : EXECUTING
17:47:03 INFO  State of operation 20362857 : EXECUTING
17:47:05 INFO  State of operation 20362857 : EXECUTING
17:47:07 INFO  State of operation 20362857 : EXECUTING
17:47:10 INFO  State of operation 20362857 : EXECUTING
17:47:13 INFO  State of operation 20362857 : EXECUTING
17:47:15 INFO  State of operation 20362857 : EXECUTING
17:47:17 INFO  State of operation 20362857 : EXECUTING
17:47:20 INFO  State of operation 20362857 : EXECUTING
17:47:22 INFO  State of operation 20362857 : EXECUTING
17:47:24 INFO  State of operation 20362857 : EXECUTING
17:47:26 INFO  State of operation 20362857 : EXECUTING
17:47:29 INFO  State of operation 20362857 : EXECUTING
17:47:31 INFO  State of operation 20362857 : EXECUTING
17:47:33 INFO  State of operation 20362857 : EXECUTING
17:47:36 INFO  State of operation 20362857 : EXECUTING
17:47:38 INFO  State of operation 20362857 : EXECUTING
17:47:41 INFO  State of operation 20362857 : EXECUTING
17:47:43 INFO  State of operation 20362857 : EXECUTING
17:47:45 INFO  State of operation 20362857 : EXECUTING
17:47:48 INFO  State of operation 20362857 : EXECUTING
17:47:50 INFO  State of operation 20362857 : EXECUTING
17:47:52 INFO  State of operation 20362857 : EXECUTING
17:47:55 INFO  State of operation 20362857 : EXECUTING
17:47:57 INFO  State of operation 20362857 : EXECUTING
17:47:59 INFO  State of operation 20362857 : EXECUTING
17:48:02 INFO  State of operation 20362857 : SUCCESSFUL
17:48:02 INFO  Assert that (False == value) with value=False ... passed
17:48:02 INFO  Assert that (False == value) with value=False ... passed
17:48:02 INFO  Assert that (False == value) with value=False ... passed
17:48:03 INFO  Assert that (False == value) with value=False ... passed
17:48:03 INFO  
17:48:03 INFO  cleanup:
17:48:07 INFO  Executed sudo&lt;tedge_disconnect_c8y&gt;, exit status 0
17:48:07 INFO  Executed systemctl&lt;serv_mapper5&gt;, exit status 3
17:48:07 INFO  
17:48:07 INFO  Test duration: 137.79 secs
17:48:07 INFO  Test final outcome:  FAILED
17:48:07 INFO  Test outcome reason: Assert that (False == value) with value=True (+2 other failures)
17:48:07 INFO  
</system-out>
	</testcase>
</testsuite><testsuite name="SoftwareManagement.sm_apt_install_remove_multiple_mixed" tests="3" errors="0" failures="2" skipped="1" time="0"><testcase classname="PySysTest" name="SoftwareManagement.sm_apt_install_remove_multiple_mixed">
		<skipped message="SKIPPED: Testing the apt plugin is not supported on this platform.Use parameter -XmyPlatform='container' to enable it" />
		<system-out>16:47:07 INFO  ==============================================================
16:47:07 INFO  Id:    SoftwareManagement.sm_apt_install_remove_multiple_mixed
16:47:07 INFO  Dir:   software_management_end_to_end/
16:47:07 INFO  Title: Validate end to end behaviour for the apt plugin for multiple packages with mixed versions
16:47:07 INFO  ==============================================================
16:47:07 INFO  Testing the apt plugin is not supported on this platform.Use parameter -XmyPlatform='container' to enable it ... skipped
16:47:07 WARN  Aborted test due to SKIPPED outcome
16:47:07 INFO  
16:47:07 INFO  Test duration: 0.02 secs
16:47:07 INFO  Test final outcome:  SKIPPED
16:47:07 INFO  Test outcome reason: Testing the apt plugin is not supported on this platform.Use parameter -XmyPlatform='container' to enable it
16:47:07 INFO  
</system-out>
	</testcase>
<testcase classname="PySysTest" name="SoftwareManagement.sm_apt_install_remove_multiple_mixed">
		<failure message="BLOCKED: SystemError: Timeout while waiting for status SUCCESSFUL or False" type="BLOCKED" />
		<system-out>17:21:58 INFO  ==============================================================
17:21:58 INFO  Id:    SoftwareManagement.sm_apt_install_remove_multiple_mixed
17:21:58 INFO  Dir:   software_management_end_to_end/
17:21:58 INFO  Title: Validate end to end behaviour for the apt plugin for multiple packages with mixed versions
17:21:58 INFO  ==============================================================
17:21:58 INFO  Using sw id database: {'asciijump': '5475369', 'robotfindskitten': '5474869', 'squirrel3': '5475279', 'rolldice': '5152439', 'moon-buggy': '5439204', 'apple': '5495053', 'banana': '5494888', 'cherry': '5495382', 'watermelon': '5494510', 'registry': '8018911', 'hello-world': '8021526', 'docker/getting-started': '8021973', 'alpine': '7991792'}
17:21:58 INFO  EnvironmentC8y Setup
17:21:59 INFO  Executed systemctl&lt;serv_mapper1&gt;, exit status 3
17:21:59 INFO  Restarting mosquitto too frequently in the last 10 seconds. It was only up for 5 seconds
17:21:59 INFO  Delaying execution by 6 seconds
17:22:19 INFO  Executed sudo&lt;tedge_connect_c8y&gt;, exit status 0, duration 13 secs
17:22:19 INFO  Executed sudo&lt;tedge_connect_c8y_test&gt;, exit status 0
17:22:20 INFO  Executed systemctl&lt;serv_mosq2&gt;, exit status 0
17:22:20 INFO  Executed systemctl&lt;serv_mapper3&gt;, exit status 0
17:22:23 INFO  State of current operation: SUCCESSFUL
17:22:23 INFO  Assert that (False == value) with value=False ... passed
17:22:23 INFO  Assert that (False == value) with value=False ... passed
17:22:23 INFO  Assert that (False == value) with value=False ... passed
17:22:24 INFO  Assert that (False == value) with value=False ... passed
17:22:24 INFO  Assert that (False == value) with value=False ... passed
17:22:25 INFO  Response status: 201
17:22:25 INFO  Response to action: {
    "delivery": {
        "log": [],
        "time": "2022-06-20T17:22:25.652Z",
        "status": "PENDING"
    },
    "creationTime": "2022-06-20T17:22:25.617Z",
    "deviceName": "m32sd10d",
    "deviceId": "20353262",
    "self": "https://t493319102.eu-latest.cumulocity.com/devicecontrol/operations/20362721",
    "id": "20362721",
    "status": "PENDING",
    "description": "Apply software changes, triggered from PySys: [{'action': 'install', 'id': '5475369', 'name': 'asciijump', 'url': ' ', 'version': '::apt'}, {'action': 'install', 'id': '5474869', 'name': 'robotfindskitten', 'url': ' ', 'version': ' '}, {'action': 'install', 'id': '5475279', 'name': 'squirrel3', 'url': ' ', 'version': '3.1-7::apt'}, {'action': 'install', 'id': '5152439', 'name': 'rolldice', 'url': ' ', 'version': '1.16-1+b1'}, {'action': 'install', 'id': '5439204', 'name': 'moon-buggy', 'url': ' ', 'version': '1:1.0.51-12'}, {'action': 'install', 'id': '5475369', 'name': 'asciijump', 'url': ' ', 'version': '::apt'}]",
    "c8y_SoftwareUpdate": [
        {
            "name": "asciijump",
            "action": "install",
            "id": "5475369",
            "version": "::apt",
            "url": " "
        },
        {
            "name": "robotfindskitten",
            "action": "install",
            "id": "5474869",
            "version": " ",
            "url": " "
        },
        {
            "name": "squirrel3",
            "action": "install",
            "id": "5475279",
            "version": "3.1-7::apt",
            "url": " "
        },
        {
            "name": "rolldice",
            "action": "install",
            "id": "5152439",
            "version": "1.16-1+b1",
            "url": " "
        },
        {
            "name": "moon-buggy",
            "action": "install",
            "id": "5439204",
            "version": "1:1.0.51-12",
            "url": " "
        },
        {
            "name": "asciijump",
            "action": "install",
            "id": "5475369",
            "version": "::apt",
            "url": " "
        }
    ]
}
17:22:25 INFO  Started operation: {'delivery': {'log': [], 'time': '2022-06-20T17:22:25.652Z', 'status': 'PENDING'}, 'creationTime': '2022-06-20T17:22:25.617Z', 'deviceName': 'm32sd10d', 'deviceId': '20353262', 'self': 'https://t493319102.eu-latest.cumulocity.com/devicecontrol/operations/20362721', 'id': '20362721', 'status': 'PENDING', 'description': "Apply software changes, triggered from PySys: [{'action': 'install', 'id': '5475369', 'name': 'asciijump', 'url': ' ', 'version': '::apt'}, {'action': 'install', 'id': '5474869', 'name': 'robotfindskitten', 'url': ' ', 'version': ' '}, {'action': 'install', 'id': '5475279', 'name': 'squirrel3', 'url': ' ', 'version': '3.1-7::apt'}, {'action': 'install', 'id': '5152439', 'name': 'rolldice', 'url': ' ', 'version': '1.16-1+b1'}, {'action': 'install', 'id': '5439204', 'name': 'moon-buggy', 'url': ' ', 'version': '1:1.0.51-12'}, {'action': 'install', 'id': '5475369', 'name': 'asciijump', 'url': ' ', 'version': '::apt'}]", 'c8y_SoftwareUpdate': [{'name': 'asciijump', 'action': 'install', 'id': '5475369', 'version': '::apt', 'url': ' '}, {'name': 'robotfindskitten', 'action': 'install', 'id': '5474869', 'version': ' ', 'url': ' '}, {'name': 'squirrel3', 'action': 'install', 'id': '5475279', 'version': '3.1-7::apt', 'url': ' '}, {'name': 'rolldice', 'action': 'install', 'id': '5152439', 'version': '1.16-1+b1', 'url': ' '}, {'name': 'moon-buggy', 'action': 'install', 'id': '5439204', 'version': '1:1.0.51-12', 'url': ' '}, {'name': 'asciijump', 'action': 'install', 'id': '5475369', 'version': '::apt', 'url': ' '}]}
17:22:27 INFO  State of operation 20362721 : PENDING
17:22:30 INFO  State of operation 20362721 : EXECUTING
17:22:32 INFO  State of operation 20362721 : EXECUTING
17:22:34 INFO  State of operation 20362721 : EXECUTING
17:22:36 INFO  State of operation 20362721 : EXECUTING
17:22:39 INFO  State of operation 20362721 : EXECUTING
17:22:41 INFO  State of operation 20362721 : EXECUTING
17:22:44 INFO  State of operation 20362721 : EXECUTING
17:22:46 INFO  State of operation 20362721 : EXECUTING
17:22:49 INFO  State of operation 20362721 : EXECUTING
17:22:51 INFO  State of operation 20362721 : EXECUTING
17:22:53 INFO  State of operation 20362721 : EXECUTING
17:22:56 INFO  State of operation 20362721 : EXECUTING
17:22:58 INFO  State of operation 20362721 : EXECUTING
17:23:00 INFO  State of operation 20362721 : EXECUTING
17:23:02 INFO  State of operation 20362721 : EXECUTING
17:23:05 INFO  State of operation 20362721 : EXECUTING
17:23:08 INFO  State of operation 20362721 : EXECUTING
17:23:10 INFO  State of operation 20362721 : EXECUTING
17:23:12 INFO  State of operation 20362721 : EXECUTING
17:23:14 INFO  State of operation 20362721 : EXECUTING
17:23:17 INFO  State of operation 20362721 : EXECUTING
17:23:19 INFO  State of operation 20362721 : EXECUTING
17:23:22 INFO  State of operation 20362721 : EXECUTING
17:23:24 INFO  State of operation 20362721 : EXECUTING
17:23:27 INFO  State of operation 20362721 : EXECUTING
17:23:29 INFO  State of operation 20362721 : EXECUTING
17:23:32 INFO  State of operation 20362721 : EXECUTING
17:23:34 INFO  State of operation 20362721 : EXECUTING
17:23:37 INFO  State of operation 20362721 : EXECUTING
17:23:39 INFO  State of operation 20362721 : EXECUTING
17:23:41 INFO  State of operation 20362721 : EXECUTING
17:23:43 INFO  State of operation 20362721 : EXECUTING
17:23:45 INFO  State of operation 20362721 : EXECUTING
17:23:48 INFO  State of operation 20362721 : EXECUTING
17:23:50 INFO  State of operation 20362721 : EXECUTING
17:23:52 INFO  State of operation 20362721 : EXECUTING
17:23:55 INFO  State of operation 20362721 : EXECUTING
17:23:58 INFO  State of operation 20362721 : EXECUTING
17:24:00 INFO  State of operation 20362721 : EXECUTING
17:24:02 INFO  State of operation 20362721 : EXECUTING
17:24:05 INFO  State of operation 20362721 : EXECUTING
17:24:07 INFO  State of operation 20362721 : EXECUTING
17:24:09 INFO  State of operation 20362721 : EXECUTING
17:24:11 INFO  State of operation 20362721 : EXECUTING
17:24:14 INFO  State of operation 20362721 : EXECUTING
17:24:16 INFO  State of operation 20362721 : EXECUTING
17:24:18 INFO  State of operation 20362721 : EXECUTING
17:24:20 INFO  State of operation 20362721 : EXECUTING
17:24:23 INFO  State of operation 20362721 : EXECUTING
17:24:25 INFO  State of operation 20362721 : EXECUTING
17:24:28 INFO  State of operation 20362721 : EXECUTING
17:24:31 INFO  State of operation 20362721 : EXECUTING
17:24:33 INFO  State of operation 20362721 : EXECUTING
17:24:35 INFO  State of operation 20362721 : EXECUTING
17:24:37 INFO  State of operation 20362721 : EXECUTING
17:24:40 INFO  State of operation 20362721 : EXECUTING
17:24:42 INFO  State of operation 20362721 : EXECUTING
17:24:44 INFO  State of operation 20362721 : EXECUTING
17:24:47 INFO  State of operation 20362721 : EXECUTING
17:24:49 INFO  State of operation 20362721 : EXECUTING
17:24:51 WARN  SystemError occurred while running test - Timeout while waiting for status SUCCESSFUL or False
Traceback (most recent call last):
  File "/home/pi/env-pysys/lib/python3.7/site-packages/pysys/baserunner.py", line 1294, in __call__
    self.testObj.execute()
  File "/home/pi/actions-runner/_work/thin-edge.io/thin-edge.io/tests/PySys/software_management_end_to_end/sm_apt_install_remove_multiple_mixed/run.py", line 89, in execute
    self.wait_until_succcess()
  File "/home/pi/actions-runner/_work/thin-edge.io/thin-edge.io/tests/PySys/software_management_end_to_end/environment_sm_management.py", line 324, in wait_until_succcess
    self.wait_until_status("SUCCESSFUL")
  File "/home/pi/actions-runner/_work/thin-edge.io/thin-edge.io/tests/PySys/software_management_end_to_end/environment_sm_management.py", line 381, in wait_until_status
    "Timeout while waiting for status %s or %s" % (status, status2)
SystemError: Timeout while waiting for status SUCCESSFUL or False
17:24:51 WARN  SystemError: Timeout while waiting for status SUCCESSFUL or False ... blocked 
17:24:51 INFO  
17:24:51 INFO  cleanup:
17:24:56 INFO  Executed sudo&lt;tedge_disconnect_c8y&gt;, exit status 0
17:24:56 INFO  Executed systemctl&lt;serv_mapper5&gt;, exit status 3
17:24:56 INFO  
17:24:56 INFO  Test duration: 177.94 secs
17:24:56 INFO  Test final outcome:  BLOCKED
17:24:56 INFO  Test outcome reason: SystemError: Timeout while waiting for status SUCCESSFUL or False
17:24:56 INFO  
</system-out>
	</testcase>
<testcase classname="PySysTest" name="SoftwareManagement.sm_apt_install_remove_multiple_mixed">
		<failure message="BLOCKED: SystemError: Timeout while waiting for status SUCCESSFUL or False (+1 other failures)" type="BLOCKED" />
		<system-out>17:48:07 INFO  ==============================================================
17:48:07 INFO  Id:    SoftwareManagement.sm_apt_install_remove_multiple_mixed
17:48:07 INFO  Dir:   software_management_end_to_end/
17:48:07 INFO  Title: Validate end to end behaviour for the apt plugin for multiple packages with mixed versions
17:48:07 INFO  ==============================================================
17:48:07 INFO  Using sw id database: {'asciijump': '5475369', 'robotfindskitten': '5474869', 'squirrel3': '5475279', 'rolldice': '5152439', 'moon-buggy': '5439204', 'apple': '5495053', 'banana': '5494888', 'cherry': '5495382', 'watermelon': '5494510', 'registry': '8018911', 'hello-world': '8021526', 'docker/getting-started': '8021973', 'alpine': '7991792'}
17:48:07 INFO  EnvironmentC8y Setup
17:48:08 INFO  Executed systemctl&lt;serv_mapper1&gt;, exit status 3
17:48:08 INFO  Restarting mosquitto too frequently in the last 10 seconds. It was only up for 5 seconds
17:48:08 INFO  Delaying execution by 6 seconds
17:48:29 INFO  Executed sudo&lt;tedge_connect_c8y&gt;, exit status 0, duration 15 secs
17:48:30 INFO  Executed sudo&lt;tedge_connect_c8y_test&gt;, exit status 0
17:48:30 INFO  Executed systemctl&lt;serv_mosq2&gt;, exit status 0
17:48:31 INFO  Executed systemctl&lt;serv_mapper3&gt;, exit status 0
17:48:33 INFO  State of current operation: SUCCESSFUL
17:48:33 INFO  Assert that (False == value) with value=False ... passed
17:48:33 INFO  Assert that (False == value) with value=False ... passed
17:48:34 INFO  Assert that (False == value) with value=False ... passed
17:48:34 INFO  Assert that (False == value) with value=False ... passed
17:48:34 INFO  Package moon-buggy is installed
17:48:34 WARN  Assert that (False == value) with value=True ... failed 
17:48:35 INFO  Response status: 201
17:48:35 INFO  Response to action: {
    "creationTime": "2022-06-20T17:48:35.897Z",
    "deviceName": "m32sd10d",
    "deviceId": "20353262",
    "self": "https://t493319102.eu-latest.cumulocity.com/devicecontrol/operations/20362863",
    "id": "20362863",
    "status": "PENDING",
    "description": "Apply software changes, triggered from PySys: [{'action': 'install', 'id': '5475369', 'name': 'asciijump', 'url': ' ', 'version': '::apt'}, {'action': 'install', 'id': '5474869', 'name': 'robotfindskitten', 'url': ' ', 'version': ' '}, {'action': 'install', 'id': '5475279', 'name': 'squirrel3', 'url': ' ', 'version': '3.1-7::apt'}, {'action': 'install', 'id': '5152439', 'name': 'rolldice', 'url': ' ', 'version': '1.16-1+b1'}, {'action': 'install', 'id': '5439204', 'name': 'moon-buggy', 'url': ' ', 'version': '1:1.0.51-12'}, {'action': 'install', 'id': '5475369', 'name': 'asciijump', 'url': ' ', 'version': '::apt'}]",
    "c8y_SoftwareUpdate": [
        {
            "name": "asciijump",
            "action": "install",
            "id": "5475369",
            "version": "::apt",
            "url": " "
        },
        {
            "name": "robotfindskitten",
            "action": "install",
            "id": "5474869",
            "version": " ",
            "url": " "
        },
        {
            "name": "squirrel3",
            "action": "install",
            "id": "5475279",
            "version": "3.1-7::apt",
            "url": " "
        },
        {
            "name": "rolldice",
            "action": "install",
            "id": "5152439",
            "version": "1.16-1+b1",
            "url": " "
        },
        {
            "name": "moon-buggy",
            "action": "install",
            "id": "5439204",
            "version": "1:1.0.51-12",
            "url": " "
        },
        {
            "name": "asciijump",
            "action": "install",
            "id": "5475369",
            "version": "::apt",
            "url": " "
        }
    ]
}
17:48:35 INFO  Started operation: {'creationTime': '2022-06-20T17:48:35.897Z', 'deviceName': 'm32sd10d', 'deviceId': '20353262', 'self': 'https://t493319102.eu-latest.cumulocity.com/devicecontrol/operations/20362863', 'id': '20362863', 'status': 'PENDING', 'description': "Apply software changes, triggered from PySys: [{'action': 'install', 'id': '5475369', 'name': 'asciijump', 'url': ' ', 'version': '::apt'}, {'action': 'install', 'id': '5474869', 'name': 'robotfindskitten', 'url': ' ', 'version': ' '}, {'action': 'install', 'id': '5475279', 'name': 'squirrel3', 'url': ' ', 'version': '3.1-7::apt'}, {'action': 'install', 'id': '5152439', 'name': 'rolldice', 'url': ' ', 'version': '1.16-1+b1'}, {'action': 'install', 'id': '5439204', 'name': 'moon-buggy', 'url': ' ', 'version': '1:1.0.51-12'}, {'action': 'install', 'id': '5475369', 'name': 'asciijump', 'url': ' ', 'version': '::apt'}]", 'c8y_SoftwareUpdate': [{'name': 'asciijump', 'action': 'install', 'id': '5475369', 'version': '::apt', 'url': ' '}, {'name': 'robotfindskitten', 'action': 'install', 'id': '5474869', 'version': ' ', 'url': ' '}, {'name': 'squirrel3', 'action': 'install', 'id': '5475279', 'version': '3.1-7::apt', 'url': ' '}, {'name': 'rolldice', 'action': 'install', 'id': '5152439', 'version': '1.16-1+b1', 'url': ' '}, {'name': 'moon-buggy', 'action': 'install', 'id': '5439204', 'version': '1:1.0.51-12', 'url': ' '}, {'name': 'asciijump', 'action': 'install', 'id': '5475369', 'version': '::apt', 'url': ' '}]}
17:48:38 INFO  State of operation 20362863 : PENDING
17:48:40 INFO  State of operation 20362863 : EXECUTING
17:48:42 INFO  State of operation 20362863 : EXECUTING
17:48:44 INFO  State of operation 20362863 : EXECUTING
17:48:47 INFO  State of operation 20362863 : EXECUTING
17:48:49 INFO  State of operation 20362863 : EXECUTING
17:48:52 INFO  State of operation 20362863 : EXECUTING
17:48:54 INFO  State of operation 20362863 : EXECUTING
17:48:57 INFO  State of operation 20362863 : EXECUTING
17:49:00 INFO  State of operation 20362863 : EXECUTING
17:49:02 INFO  State of operation 20362863 : EXECUTING
17:49:04 INFO  State of operation 20362863 : EXECUTING
17:49:06 INFO  State of operation 20362863 : EXECUTING
17:49:08 INFO  State of operation 20362863 : EXECUTING
17:49:11 INFO  State of operation 20362863 : EXECUTING
17:49:13 INFO  State of operation 20362863 : EXECUTING
17:49:15 INFO  State of operation 20362863 : EXECUTING
17:49:17 INFO  State of operation 20362863 : EXECUTING
17:49:20 INFO  State of operation 20362863 : EXECUTING
17:49:22 INFO  State of operation 20362863 : EXECUTING
17:49:25 INFO  State of operation 20362863 : EXECUTING
17:49:27 INFO  State of operation 20362863 : EXECUTING
17:49:30 INFO  State of operation 20362863 : EXECUTING
17:49:32 INFO  State of operation 20362863 : EXECUTING
17:49:35 INFO  State of operation 20362863 : EXECUTING
17:49:37 INFO  State of operation 20362863 : EXECUTING
17:49:40 INFO  State of operation 20362863 : EXECUTING
17:49:42 INFO  State of operation 20362863 : EXECUTING
17:49:45 INFO  State of operation 20362863 : EXECUTING
17:49:47 INFO  State of operation 20362863 : EXECUTING
17:49:49 INFO  State of operation 20362863 : EXECUTING
17:49:51 INFO  State of operation 20362863 : EXECUTING
17:49:54 INFO  State of operation 20362863 : EXECUTING
17:49:56 INFO  State of operation 20362863 : EXECUTING
17:49:58 INFO  State of operation 20362863 : EXECUTING
17:50:00 INFO  State of operation 20362863 : EXECUTING
17:50:03 INFO  State of operation 20362863 : EXECUTING
17:50:05 INFO  State of operation 20362863 : EXECUTING
17:50:08 INFO  State of operation 20362863 : EXECUTING
17:50:10 INFO  State of operation 20362863 : EXECUTING
17:50:13 INFO  State of operation 20362863 : EXECUTING
17:50:15 INFO  State of operation 20362863 : EXECUTING
17:50:17 INFO  State of operation 20362863 : EXECUTING
17:50:19 INFO  State of operation 20362863 : EXECUTING
17:50:22 INFO  State of operation 20362863 : EXECUTING
17:50:24 INFO  State of operation 20362863 : EXECUTING
17:50:26 INFO  State of operation 20362863 : EXECUTING
17:50:29 INFO  State of operation 20362863 : EXECUTING
17:50:31 INFO  State of operation 20362863 : EXECUTING
17:50:34 INFO  State of operation 20362863 : EXECUTING
17:50:36 INFO  State of operation 20362863 : EXECUTING
17:50:38 INFO  State of operation 20362863 : EXECUTING
17:50:40 INFO  State of operation 20362863 : EXECUTING
17:50:43 INFO  State of operation 20362863 : EXECUTING
17:50:45 INFO  State of operation 20362863 : EXECUTING
17:50:48 INFO  State of operation 20362863 : EXECUTING
17:50:50 INFO  State of operation 20362863 : EXECUTING
17:50:53 INFO  State of operation 20362863 : EXECUTING
17:50:55 INFO  State of operation 20362863 : EXECUTING
17:50:58 INFO  State of operation 20362863 : EXECUTING
17:51:00 INFO  State of operation 20362863 : EXECUTING
17:51:02 WARN  SystemError occurred while running test - Timeout while waiting for status SUCCESSFUL or False
Traceback (most recent call last):
  File "/home/pi/env-pysys/lib/python3.7/site-packages/pysys/baserunner.py", line 1294, in __call__
    self.testObj.execute()
  File "/home/pi/actions-runner/_work/thin-edge.io/thin-edge.io/tests/PySys/software_management_end_to_end/sm_apt_install_remove_multiple_mixed/run.py", line 89, in execute
    self.wait_until_succcess()
  File "/home/pi/actions-runner/_work/thin-edge.io/thin-edge.io/tests/PySys/software_management_end_to_end/environment_sm_management.py", line 324, in wait_until_succcess
    self.wait_until_status("SUCCESSFUL")
  File "/home/pi/actions-runner/_work/thin-edge.io/thin-edge.io/tests/PySys/software_management_end_to_end/environment_sm_management.py", line 381, in wait_until_status
    "Timeout while waiting for status %s or %s" % (status, status2)
SystemError: Timeout while waiting for status SUCCESSFUL or False
17:51:02 WARN  SystemError: Timeout while waiting for status SUCCESSFUL or False ... blocked 
17:51:02 INFO  
17:51:02 INFO  cleanup:
17:51:07 INFO  Executed sudo&lt;tedge_disconnect_c8y&gt;, exit status 0
17:51:08 INFO  Executed systemctl&lt;serv_mapper5&gt;, exit status 3
17:51:08 INFO  
17:51:08 INFO  Test duration: 180.21 secs
17:51:08 INFO  Test final outcome:  BLOCKED
17:51:08 INFO  Test outcome reason: SystemError: Timeout while waiting for status SUCCESSFUL or False (+1 other failures)
17:51:08 INFO  
</system-out>
	</testcase>
</testsuite><testsuite name="SoftwareManagement.sm_apt_install_remove_with_version" tests="3" errors="0" failures="0" skipped="1" time="0"><testcase classname="PySysTest" name="SoftwareManagement.sm_apt_install_remove_with_version">
		<skipped message="SKIPPED: Testing the apt plugin is not supported on this platform.Use parameter -XmyPlatform='container' to enable it" />
		<system-out>16:47:07 INFO  ==============================================================
16:47:07 INFO  Id:    SoftwareManagement.sm_apt_install_remove_with_version
16:47:07 INFO  Dir:   software_management_end_to_end/
16:47:07 INFO  Title: Validate end to end behaviour for the apt plugin for packages with version
16:47:07 INFO  ==============================================================
16:47:07 INFO  Testing the apt plugin is not supported on this platform.Use parameter -XmyPlatform='container' to enable it ... skipped
16:47:07 WARN  Aborted test due to SKIPPED outcome
16:47:07 INFO  
16:47:07 INFO  Test duration: 0.02 secs
16:47:07 INFO  Test final outcome:  SKIPPED
16:47:07 INFO  Test outcome reason: Testing the apt plugin is not supported on this platform.Use parameter -XmyPlatform='container' to enable it
16:47:07 INFO  
</system-out>
	</testcase>
<testcase classname="PySysTest" name="SoftwareManagement.sm_apt_install_remove_with_version" />
<testcase classname="PySysTest" name="SoftwareManagement.sm_apt_install_remove_with_version" />
</testsuite><testsuite name="SoftwareManagement.sm_docker_install_remove_multiple" tests="3" errors="0" failures="0" skipped="1" time="0"><testcase classname="SMDockerInstallRemove" name="SoftwareManagement.sm_docker_install_remove_multiple">
		<skipped message="SKIPPED: Testing the apt plugin is not supported on this platform.Use parameter -XmyPlatform='container' to enable it" />
		<system-out>16:47:07 INFO  ==============================================================
16:47:07 INFO  Id:    SoftwareManagement.sm_docker_install_remove_multiple
16:47:07 INFO  Dir:   software_management_end_to_end/
16:47:07 INFO  Title: Validate end to end behaviour for the docker plugin for multiple docker images with mixed versions
16:47:07 INFO  ==============================================================
16:47:07 INFO  Testing the apt plugin is not supported on this platform.Use parameter -XmyPlatform='container' to enable it ... skipped
16:47:07 WARN  Aborted test due to SKIPPED outcome
16:47:07 INFO  
16:47:07 INFO  Test duration: 0.02 secs
16:47:07 INFO  Test final outcome:  SKIPPED
16:47:07 INFO  Test outcome reason: Testing the apt plugin is not supported on this platform.Use parameter -XmyPlatform='container' to enable it
16:47:07 INFO  
</system-out>
	</testcase>
<testcase classname="SMDockerInstallRemove" name="SoftwareManagement.sm_docker_install_remove_multiple" />
<testcase classname="SMDockerInstallRemove" name="SoftwareManagement.sm_docker_install_remove_multiple" />
</testsuite><testsuite name="SoftwareManagement.sm_fake_install_remove" tests="2" errors="0" failures="0" skipped="1" time="0"><testcase classname="PySysTest" name="SoftwareManagement.sm_fake_install_remove">
		<skipped message="SKIPPED: Testing the fake plugin is not enabled.Use parameter -Xfakeplugin=fakeplugin to enable it" />
		<system-out>16:47:07 INFO  ==============================================================
16:47:07 INFO  Id:    SoftwareManagement.sm_fake_install_remove
16:47:07 INFO  Dir:   software_management_end_to_end/
16:47:07 INFO  Title: Validate end to end behaviour for the dummy plugin for installation and removal of packages
16:47:07 INFO  ==============================================================
16:47:07 INFO  Testing the fake plugin is not enabled.Use parameter -Xfakeplugin=fakeplugin to enable it ... skipped
16:47:07 WARN  Aborted test due to SKIPPED outcome
16:47:07 INFO  
16:47:07 INFO  Test duration: 0.02 secs
16:47:07 INFO  Test final outcome:  SKIPPED
16:47:07 INFO  Test outcome reason: Testing the fake plugin is not enabled.Use parameter -Xfakeplugin=fakeplugin to enable it
16:47:07 INFO  
</system-out>
	</testcase>
<testcase classname="PySysTest" name="SoftwareManagement.sm_fake_install_remove" />
</testsuite><testsuite name="SoftwareManagement.sm_fake_install_remove_multiple" tests="2" errors="0" failures="0" skipped="1" time="0"><testcase classname="PySysTest" name="SoftwareManagement.sm_fake_install_remove_multiple">
		<skipped message="SKIPPED: Testing the fake plugin is not enabled.Use parameter -Xfakeplugin=fakeplugin to enable it" />
		<system-out>16:47:07 INFO  ==============================================================
16:47:07 INFO  Id:    SoftwareManagement.sm_fake_install_remove_multiple
16:47:07 INFO  Dir:   software_management_end_to_end/
16:47:07 INFO  Title: Validate end to end behaviour for the dummy-plugin for multiple packages
16:47:07 INFO  ==============================================================
16:47:07 INFO  Testing the fake plugin is not enabled.Use parameter -Xfakeplugin=fakeplugin to enable it ... skipped
16:47:07 WARN  Aborted test due to SKIPPED outcome
16:47:07 INFO  
16:47:07 INFO  Test duration: 0.02 secs
16:47:07 INFO  Test final outcome:  SKIPPED
16:47:07 INFO  Test outcome reason: Testing the fake plugin is not enabled.Use parameter -Xfakeplugin=fakeplugin to enable it
16:47:07 INFO  
</system-out>
	</testcase>
<testcase classname="PySysTest" name="SoftwareManagement.sm_fake_install_remove_multiple" />
</testsuite><testsuite name="SoftwareManagement.sm_mapper_fail_and_reconnect" tests="2" errors="0" failures="0" skipped="2" time="0"><testcase classname="MapperC8yReceiveLastMessageOnRestart" name="SoftwareManagement.sm_mapper_fail_and_reconnect">
		<skipped message="SKIPPED: instable https://github.com/thin-edge/thin-edge.io/issues/752" />
		<system-out>16:47:07 INFO  ==============================================================
16:47:07 INFO  Id:    SoftwareManagement.sm_mapper_fail_and_reconnect
16:47:07 INFO  Dir:   software_management_end_to_end/
16:47:07 INFO  Title: Validate the tedge-mapper-sm-c8y for receiving the last message on restart
16:47:07 INFO  ==============================================================
16:47:07 INFO  instable https://github.com/thin-edge/thin-edge.io/issues/752 ... skipped
16:47:07 INFO  
16:47:07 INFO  Test duration: 0.02 secs
16:47:07 INFO  Test final outcome:  SKIPPED
16:47:07 INFO  Test outcome reason: instable https://github.com/thin-edge/thin-edge.io/issues/752
16:47:07 INFO  
</system-out>
	</testcase>
<testcase classname="MapperC8yReceiveLastMessageOnRestart" name="SoftwareManagement.sm_mapper_fail_and_reconnect">
		<skipped message="SKIPPED: instable https://github.com/thin-edge/thin-edge.io/issues/752" />
		<system-out>17:57:56 INFO  ==============================================================
17:57:56 INFO  Id:    SoftwareManagement.sm_mapper_fail_and_reconnect
17:57:56 INFO  Dir:   software_management_end_to_end/
17:57:56 INFO  Title: Validate the tedge-mapper-sm-c8y for receiving the last message on restart
17:57:56 INFO  ==============================================================
17:57:56 INFO  instable https://github.com/thin-edge/thin-edge.io/issues/752 ... skipped
17:57:56 INFO  
17:57:56 INFO  Test duration: 0.03 secs
17:57:56 INFO  Test final outcome:  SKIPPED
17:57:56 INFO  Test outcome reason: instable https://github.com/thin-edge/thin-edge.io/issues/752
17:57:56 INFO  
</system-out>
	</testcase>
</testsuite><testsuite name="SoftwareManagement.sm_mixed_install_remove_multiple" tests="2" errors="0" failures="1" skipped="1" time="0"><testcase classname="PySysTest" name="SoftwareManagement.sm_mixed_install_remove_multiple">
		<skipped message="SKIPPED: Testing the fake plugin is not enabled.Use parameter -Xfakeplugin=fakeplugin to enable it" />
		<system-out>16:47:07 INFO  ==============================================================
16:47:07 INFO  Id:    SoftwareManagement.sm_mixed_install_remove_multiple
16:47:07 INFO  Dir:   software_management_end_to_end/
16:47:07 INFO  Title: Validate end to end behaviour for the dummy-plugin for multiple packages with mixed versions
16:47:07 INFO  ==============================================================
16:47:07 INFO  Testing the fake plugin is not enabled.Use parameter -Xfakeplugin=fakeplugin to enable it ... skipped
16:47:07 WARN  Aborted test due to SKIPPED outcome
16:47:07 INFO  
16:47:07 INFO  Test duration: 0.02 secs
16:47:07 INFO  Test final outcome:  SKIPPED
[...]
16:35:27 INFO  Executed sudo&lt;rm_tmp_logs&gt;, exit status 0
16:35:28 INFO  Executed sudo&lt;send_failed&gt;, exit status 0
16:35:28 INFO  Executed sudo&lt;log_file_daemon&gt;, exit status 0
16:35:32 INFO  Executed sudo&lt;tedge_disconnect_c8y&gt;, exit status 0
16:35:33 INFO  Executed systemctl&lt;serv_mapper5&gt;, exit status 3
16:35:33 INFO  
16:35:33 INFO  Test duration: 27.44 secs
16:35:33 INFO  Test final outcome:  BLOCKED
16:35:33 INFO  Test outcome reason: TypeError: 'NoneType' object is not subscriptable
16:35:33 INFO  
</system-out>
	</testcase>
</testsuite><testsuite name="log_request_num_lines" tests="1" errors="0" failures="1" skipped="0" time="0"><testcase classname="LogRequestVerifyNumberOfLines" name="log_request_num_lines">
		<failure message="BLOCKED: TypeError: 'NoneType' object is not subscriptable" type="BLOCKED" />
		<system-out>16:35:33 INFO  ==============================================================
16:35:33 INFO  Id:    log_request_num_lines
16:35:33 INFO  Dir:   log_request_end_to_end/
16:35:33 INFO  Title: Validate end to end behaviour for the log request operation check for number of lines
16:35:33 INFO  ==============================================================
16:35:33 INFO  EnvironmentC8y Setup
16:35:33 INFO  Executed systemctl&lt;serv_mapper1&gt;, exit status 3
16:35:33 INFO  Restarting mosquitto too frequently in the last 10 seconds. It was only up for 4 seconds
16:35:33 INFO  Delaying execution by 7 seconds
16:35:55 INFO  Executed sudo&lt;tedge_connect_c8y&gt;, exit status 0, duration 14 secs
16:35:56 INFO  Executed sudo&lt;tedge_connect_c8y_test&gt;, exit status 0
16:35:56 INFO  Executed systemctl&lt;serv_mosq2&gt;, exit status 0
16:35:56 INFO  Executed systemctl&lt;serv_mapper3&gt;, exit status 0
16:35:57 INFO  Executed sudo&lt;rm_logs&gt;, exit status 0
16:35:58 INFO  Executed sudo&lt;move_logs&gt;, exit status 0
16:35:58 INFO  Executed sudo&lt;log_file_daemon&gt;, exit status 0
16:35:59 WARN  TypeError occurred while running test - 'NoneType' object is not subscriptable
Traceback (most recent call last):
  File "/home/pi/env-pysys/lib/python3.7/site-packages/pysys/baserunner.py", line 1294, in __call__
    self.testObj.execute()
  File "/home/pi/actions-runner/_work/thin-edge.io/thin-edge.io/tests/PySys/log_request_end_to_end/log_request_num_lines/run.py", line 46, in execute
    log_file_request_payload, self.project.deviceid
  File "/home/pi/actions-runner/_work/thin-edge.io/thin-edge.io/tests/PySys/environments/cumulocity.py", line 101, in trigger_log_request
    "deviceId": self.device_fragment["id"],
TypeError: 'NoneType' object is not subscriptable
16:35:59 WARN  TypeError: 'NoneType' object is not subscriptable ... blocked 
16:35:59 INFO  
16:35:59 INFO  cleanup:
16:35:59 INFO  Executed sudo&lt;rm_logs&gt;, exit status 0
16:36:00 INFO  Executed sudo&lt;rm_tmp_logs&gt;, exit status 0
16:36:01 INFO  Executed sudo&lt;send_failed&gt;, exit status 0
16:36:01 INFO  Executed sudo&lt;log_file_daemon&gt;, exit status 0
16:36:05 INFO  Executed sudo&lt;tedge_disconnect_c8y&gt;, exit status 0
16:36:06 INFO  Executed systemctl&lt;serv_mapper5&gt;, exit status 3
16:36:06 INFO  
16:36:06 INFO  Test duration: 33.27 secs
16:36:06 INFO  Test final outcome:  BLOCKED
16:36:06 INFO  Test outcome reason: TypeError: 'NoneType' object is not subscriptable
16:36:06 INFO  
</system-out>
	</testcase>
</testsuite><testsuite name="mapper_awaits_before_reconnect" tests="1" errors="0" failures="1" skipped="0" time="0"><testcase classname="MapperReconnectAwait" name="mapper_awaits_before_reconnect">
		<failure message="FAILED: Line count on tedge_mapper_journal.out for &quot;tedge_mapper::core::mapper: MQTT connection error:&quot; expected &gt;=2 but got 0" type="FAILED" />
		<system-out>16:50:10 INFO  ==============================================================
16:50:10 INFO  Id:    mapper_awaits_before_reconnect
16:50:10 INFO  Dir:   tedge_mapper_c8y/
16:50:10 INFO  Title: Validate mapper doesn't reconnect too often
16:50:10 INFO  ==============================================================
16:50:10 INFO  Started mosquitto_sub with process id 8514
16:50:10 INFO  Waiting for 0.1 seconds
16:50:11 INFO  Executed sudo&lt;tedge_mapper&gt;, exit status 0
16:50:11 INFO  Waiting for 5.0 seconds
16:50:16 INFO  Executed sudo&lt;tedge_mapper&gt;, exit status 0
16:50:19 INFO  Executed sudo&lt;tedge_mapper_journal&gt;, exit status 0
16:50:19 WARN  Grep on tedge_mapper_journal.out contains "ERROR" ... failed [run.py:67]
16:50:19 INFO  Line count on file tedge_mapper_journal.out ... passed
16:50:19 WARN  Line count on tedge_mapper_journal.out for "tedge_mapper::core::mapper: MQTT connection error:" expected &gt;=2 but got 0 ... failed [run.py:78]
16:50:19 WARN  Aborted test due to FAILED outcome
16:50:19 INFO  
16:50:19 INFO  Test duration: 8.71 secs
16:50:19 INFO  Test final outcome:  FAILED
16:50:19 INFO  Test outcome reason: Line count on tedge_mapper_journal.out for "tedge_mapper::core::mapper: MQTT connection error:" expected &gt;=2 but got 0
16:50:19 INFO  
</system-out>
	</testcase>
</testsuite><testsuite name="monitoring_smaller_interval" tests="1" errors="0" failures="1" skipped="0" time="0"><testcase classname="MonitoringSmallInterval" name="monitoring_smaller_interval">
		<failure message="BLOCKED: TypeError: 'int' object is not subscriptable" type="BLOCKED" />
		<system-out>16:37:08 INFO  ==============================================================
16:37:08 INFO  Id:    monitoring_smaller_interval
16:37:08 INFO  Dir:   monitoring/
16:37:08 INFO  Title: Validate the tedge dm agent messages that are produced with smaller sampling interval than the batching window. Here the simulated collectd messages are used
16:37:08 INFO  ==============================================================
16:37:09 INFO  Executed sudo&lt;collectd&gt;, exit status 0
16:37:10 INFO  Executed sudo&lt;collectd_mapper&gt;, exit status 0
16:37:10 INFO  Started sudo&lt;tedge_sub&gt; with process id 4673
16:37:10 INFO  Executed sudo&lt;tedge_temp&gt;, exit status 0
16:37:11 INFO  Executed sudo&lt;tedge_pres&gt;, exit status 0
16:37:11 INFO  Executed sudo&lt;tedge_temp&gt;, exit status 0
16:37:12 INFO  Executed sudo&lt;tedge_pres&gt;, exit status 0
16:37:12 INFO  Executed sudo&lt;tedge_temp&gt;, exit status 0
16:37:13 INFO  Executed sudo&lt;tedge_pres&gt;, exit status 0
16:37:14 INFO  Executed sudo&lt;tedge_temp&gt;, exit status 0
16:37:14 INFO  Executed sudo&lt;tedge_pres&gt;, exit status 0
16:37:15 INFO  Executed sudo&lt;tedge_temp&gt;, exit status 0
16:37:15 INFO  Executed sudo&lt;tedge_pres&gt;, exit status 0
16:37:16 INFO  Executed sudo&lt;tedge_temp&gt;, exit status 0
16:37:16 INFO  Executed sudo&lt;tedge_pres&gt;, exit status 0
16:37:17 INFO  Executed sudo&lt;tedge_temp&gt;, exit status 0
16:37:18 INFO  Executed sudo&lt;tedge_pres&gt;, exit status 0
16:37:18 INFO  Executed sudo&lt;tedge_temp&gt;, exit status 0
16:37:19 INFO  Executed sudo&lt;tedge_pres&gt;, exit status 0
16:37:19 INFO  Executed sudo&lt;tedge_temp&gt;, exit status 0
16:37:20 INFO  Executed sudo&lt;tedge_pres&gt;, exit status 0
16:37:21 INFO  Executed sudo&lt;tedge_temp&gt;, exit status 0
16:37:21 INFO  Executed sudo&lt;tedge_pres&gt;, exit status 0
16:37:23 INFO  Executed sudo&lt;kill_out&gt;, exit status 0
16:37:23 INFO  0

16:37:23 WARN  TypeError occurred while running test - 'int' object is not subscriptable
Traceback (most recent call last):
  File "/home/pi/env-pysys/lib/python3.7/site-packages/pysys/baserunner.py", line 1296, in __call__
    self.testObj.validate()
  File "/home/pi/actions-runner/_work/thin-edge.io/thin-edge.io/tests/PySys/monitoring/monitoring_smaller_interval/run.py", line 104, in validate
    collectd_msg_validation_result=self.validate_json(),
  File "/home/pi/actions-runner/_work/thin-edge.io/thin-edge.io/tests/PySys/monitoring/monitoring_smaller_interval/run.py", line 114, in validate_json
    if not self.validate_time():
  File "/home/pi/actions-runner/_work/thin-edge.io/thin-edge.io/tests/PySys/monitoring/monitoring_smaller_interval/run.py", line 134, in validate_time
    if self.js_msg["time"]:
TypeError: 'int' object is not subscriptable
16:37:23 WARN  TypeError: 'int' object is not subscriptable ... blocked 
16:37:23 INFO  
16:37:23 INFO  cleanup:
16:37:23 INFO  monitoring_cleanup
16:37:23 INFO  Executed sudo&lt;collectd_mapper&gt;, exit status 0
16:37:23 INFO  
16:37:23 INFO  Test duration: 15.04 secs
16:37:23 INFO  Test final outcome:  BLOCKED
16:37:23 INFO  Test outcome reason: TypeError: 'int' object is not subscriptable
16:37:23 INFO  
</system-out>
	</testcase>
</testsuite><testsuite name="monitoring_with_collectd" tests="1" errors="0" failures="0" skipped="1" time="0"><testcase classname="MonitoringWithCollectd" name="monitoring_with_collectd">
		<skipped message="SKIPPED: Test execution disabled due to #792 (instable)" />
		<system-out>16:37:23 INFO  ==============================================================
16:37:23 INFO  Id:    monitoring_with_collectd
16:37:23 INFO  Dir:   monitoring/
16:37:23 INFO  Title: Validate tedge dm agent messages that are produced by batching the collectd messages
16:37:23 INFO  ==============================================================
16:37:23 INFO  Test execution disabled due to #792 (instable) ... skipped
16:37:23 INFO  
16:37:23 INFO  Test duration: 0.02 secs
16:37:23 INFO  Test final outcome:  SKIPPED
16:37:23 INFO  Test outcome reason: Test execution disabled due to #792 (instable)
16:37:23 INFO  
</system-out>
	</testcase>
</testsuite><testsuite name="monitoring_with_simulated_messages" tests="1" errors="0" failures="1" skipped="0" time="0"><testcase classname="MonitoringWithSimulatedMessages" name="monitoring_with_simulated_messages">
		<failure message="BLOCKED: TypeError: 'int' object is not subscriptable" type="BLOCKED" />
		<system-out>16:37:23 INFO  ==============================================================
16:37:23 INFO  Id:    monitoring_with_simulated_messages
16:37:23 INFO  Dir:   monitoring/
16:37:23 INFO  Title: Validate the tedge dm agent messages that are produced from the simulated collectd messages
16:37:23 INFO  ==============================================================
16:37:24 INFO  Executed sudo&lt;collectd&gt;, exit status 0
16:37:24 INFO  Executed sudo&lt;collectd_mapper&gt;, exit status 0
16:37:25 INFO  Started sudo&lt;tedge_sub&gt; with process id 4730
16:37:25 INFO  Executed sudo&lt;tedge_temp&gt;, exit status 0
16:37:26 INFO  Executed sudo&lt;tedge_pres&gt;, exit status 0
16:37:27 INFO  Executed sudo&lt;kill_out&gt;, exit status 0
16:37:27 INFO  0

16:37:27 WARN  TypeError occurred while running test - 'int' object is not subscriptable
Traceback (most recent call last):
  File "/home/pi/env-pysys/lib/python3.7/site-packages/pysys/baserunner.py", line 1296, in __call__
    self.testObj.validate()
  File "/home/pi/actions-runner/_work/thin-edge.io/thin-edge.io/tests/PySys/monitoring/monitoring_with_simulated_messages/run.py", line 98, in validate
    collectd_msg_validation_result=self.validate_json(),
  File "/home/pi/actions-runner/_work/thin-edge.io/thin-edge.io/tests/PySys/monitoring/monitoring_with_simulated_messages/run.py", line 108, in validate_json
    if not self.validate_time():
  File "/home/pi/actions-runner/_work/thin-edge.io/thin-edge.io/tests/PySys/monitoring/monitoring_with_simulated_messages/run.py", line 127, in validate_time
    if self.js_msg["time"]:
TypeError: 'int' object is not subscriptable
16:37:27 WARN  TypeError: 'int' object is not subscriptable ... blocked 
16:37:27 INFO  
16:37:27 INFO  cleanup:
16:37:27 INFO  monitoring_cleanup
16:37:28 INFO  Executed sudo&lt;collectd_mapper&gt;, exit status 0
16:37:28 INFO  
16:37:28 INFO  Test duration: 4.39 secs
16:37:28 INFO  Test final outcome:  BLOCKED
16:37:28 INFO  Test outcome reason: TypeError: 'int' object is not subscriptable
16:37:28 INFO  
</system-out>
	</testcase>
</testsuite><testsuite name="mqtt_port_change_connection_fails" tests="1" errors="0" failures="0" skipped="0" time="0"><testcase classname="MqttPortChangeConnectionFails" name="mqtt_port_change_connection_fails" />
</testsuite><testsuite name="mqtt_port_change_connection_works" tests="1" errors="0" failures="0" skipped="1" time="0"><testcase classname="MqttPortChangeConnectionWorks" name="mqtt_port_change_connection_works">
		<skipped message="SKIPPED: failing intermitently" />
		<system-out>16:36:41 INFO  ==============================================================
16:36:41 INFO  Id:    mqtt_port_change_connection_works
16:36:41 INFO  Dir:   misc_features/
16:36:41 INFO  Title: mqtt port change connection works for all the thin-edge services that use the mosquitto broker
16:36:41 INFO  ==============================================================
16:36:41 INFO  failing intermitently ... skipped
16:36:41 INFO  
16:36:41 INFO  Test duration: 0.02 secs
16:36:41 INFO  Test final outcome:  SKIPPED
16:36:41 INFO  Test outcome reason: failing intermitently
16:36:41 INFO  
</system-out>
	</testcase>
</testsuite><testsuite name="publish_flux" tests="1" errors="0" failures="0" skipped="0" time="0"><testcase classname="PublishFlux" name="publish_flux" />
</testsuite><testsuite name="publish_sawmill" tests="1" errors="0" failures="0" skipped="0" time="0"><testcase classname="PublishSawmill" name="publish_sawmill" />
</testsuite><testsuite name="runtime_start_two_mappers" tests="1" errors="0" failures="0" skipped="0" time="0"><testcase classname="RuntimeMultiMappers" name="runtime_start_two_mappers" />
</testsuite><testsuite name="sm_tedge_mapper_init_session" tests="1" errors="0" failures="0" skipped="0" time="0"><testcase classname="TedgeSMMapperInitSession" name="sm_tedge_mapper_init_session" />
</testsuite><testsuite name="smoketest_json" tests="1" errors="0" failures="0" skipped="0" time="0"><testcase classname="SmokeTestJson" name="smoketest_json" />
</testsuite><testsuite name="smoketest_json_400_samples_10ms" tests="1" errors="0" failures="0" skipped="0" time="0"><testcase classname="SmoketestJson400Samples10ms" name="smoketest_json_400_samples_10ms" />
</testsuite><testsuite name="smoketest_json_400_samples_20ms" tests="1" errors="0" failures="0" skipped="0" time="0"><testcase classname="SmoketestJson400Samples20ms" name="smoketest_json_400_samples_20ms" />
</testsuite><testsuite name="smoketest_smartrest" tests="1" errors="0" failures="0" skipped="0" time="0"><testcase classname="SmoketestSmartRest" name="smoketest_smartrest" />
</testsuite><testsuite name="smoketest_smartrest_400_samples_1Xms" tests="1" errors="0" failures="0" skipped="0" time="0"><testcase classname="SmoketestSmartRest400Samples1Xms" name="smoketest_smartrest_400_samples_1Xms" />
</testsuite><testsuite name="smoketest_smartrest_400_samples_20ms" tests="1" errors="0" failures="0" skipped="0" time="0"><testcase classname="SmoketestSmartRest400Samples20ms" name="smoketest_smartrest_400_samples_20ms" />
</testsuite><testsuite name="tedge_agent_user_sudo_access" tests="1" errors="0" failures="0" skipped="1" time="0"><testcase classname="TedgeAgentUserSudoAccess" name="tedge_agent_user_sudo_access">
		<skipped message="SKIPPED: #955 Observation: Exit code of the apt plugin when called with no arguments" />
		<system-out>16:47:33 INFO  ==============================================================
16:47:33 INFO  Id:    tedge_agent_user_sudo_access
16:47:33 INFO  Dir:   tedge/
16:47:33 INFO  Title: Validate tedge-agent user has a limited sudo right
16:47:33 INFO  ==============================================================
16:47:33 INFO  #955 Observation: Exit code of the apt plugin when called with no arguments ... skipped
16:47:33 INFO  
16:47:33 INFO  Test duration: 0.02 secs
16:47:33 INFO  Test final outcome:  SKIPPED
16:47:33 INFO  Test outcome reason: #955 Observation: Exit code of the apt plugin when called with no arguments
16:47:33 INFO  
</system-out>
	</testcase>
</testsuite><testsuite name="tedge_connect_test_negative" tests="1" errors="0" failures="0" skipped="0" time="0"><testcase classname="TedgeConnectTestNegative" name="tedge_connect_test_negative" />
</testsuite><testsuite name="tedge_connect_test_positive" tests="1" errors="0" failures="0" skipped="0" time="0"><testcase classname="TedgeConnectTestPositive" name="tedge_connect_test_positive" />
</testsuite><testsuite name="tedge_connect_test_sm_services" tests="1" errors="0" failures="0" skipped="0" time="0"><testcase classname="TedgeConnectTestSMServices" name="tedge_connect_test_sm_services" />
</testsuite><testsuite name="tedge_disconnect_test_sm_services" tests="1" errors="0" failures="0" skipped="0" time="0"><testcase classname="TedgeDisConnectTestSMServices" name="tedge_disconnect_test_sm_services" />
</testsuite><testsuite name="tedge_mapper_az_negative" tests="1" errors="0" failures="0" skipped="0" time="0"><testcase classname="TedgeMapperAzError" name="tedge_mapper_az_negative" />
</testsuite><testsuite name="tedge_mapper_az_with_timestamp" tests="1" errors="0" failures="0" skipped="0" time="0"><testcase classname="TedgeMapperAzWithTimestamp" name="tedge_mapper_az_with_timestamp" />
</testsuite><testsuite name="tedge_mapper_az_without_timestamp" tests="1" errors="0" failures="0" skipped="0" time="0"><testcase classname="TedgeMapperAzWithoutTimestamp" name="tedge_mapper_az_without_timestamp" />
</testsuite><testsuite name="tedge_mapper_c8y_alarms" tests="1" errors="0" failures="0" skipped="0" time="0"><testcase classname="TedgeMapperC8yAlarm" name="tedge_mapper_c8y_alarms" />
</testsuite><testsuite name="tedge_mapper_c8y_child_device_measurement" tests="1" errors="0" failures="0" skipped="0" time="0"><testcase classname="TedgeMapperC8yChildDevice" name="tedge_mapper_c8y_child_device_measurement" />
</testsuite><testsuite name="tedge_mapper_c8y_packet_threshold_size" tests="1" errors="0" failures="1" skipped="0" time="0"><testcase classname="TedgeMapperC8yThresholdPacketSize" name="tedge_mapper_c8y_packet_threshold_size">
		<failure message="FAILED: Grep on tedge_sub.out contains &quot;The size of the message received on tedge/measurements is 20489 which is greater than the threshold size of 16184.&quot;" type="FAILED" />
		<system-out>16:51:56 INFO  ==============================================================
16:51:56 INFO  Id:    tedge_mapper_c8y_packet_threshold_size
16:51:56 INFO  Dir:   tedge_mapper_c8y/
16:51:56 INFO  Title: Validate the Cumulocity Mapper accepted threshold packet size when it receives a message on tedge/measurements
16:51:56 INFO  ==============================================================
16:51:57 INFO  Executed sudo&lt;tedge_mapper_c8y&gt;, exit status 0
16:51:57 INFO  Started sudo&lt;tedge_sub&gt; with process id 9112
16:51:57 INFO  Executed sudo&lt;tedge_msg&gt;, exit status 0
16:51:58 INFO  Executed sudo&lt;tedge_pub&gt;, exit status 0
16:51:58 INFO  Executed sudo&lt;kill_out&gt;, exit status 0
16:51:58 WARN  Grep on tedge_sub.out contains "The size of the message received on tedge/measurements is 20489 which is greater than the threshold size of 16184." ... failed [run.py:88]
16:51:58 INFO  
16:51:58 INFO  cleanup:
16:51:58 INFO  mapper_cleanup
16:51:59 INFO  Executed sudo&lt;tedge_mapper_c8y&gt;, exit status 0
16:51:59 INFO  
16:51:59 INFO  Test duration: 2.96 secs
16:51:59 INFO  Test final outcome:  FAILED
16:51:59 INFO  Test outcome reason: Grep on tedge_sub.out contains "The size of the message received on tedge/measurements is 20489 which is greater than the threshold size of 16184."
16:51:59 INFO  
</system-out>
	</testcase>
</testsuite><testsuite name="tedge_software_update" tests="1" errors="0" failures="0" skipped="0" time="0"><testcase classname="PySysTest" name="tedge_software_update" />
</testsuite><testsuite name="valid_device_id" tests="1" errors="0" failures="0" skipped="0" time="0"><testcase classname="ValidateValidDeviceId" name="valid_device_id" />
</testsuite></testsuites>