<?xml version='1.0' encoding='utf-8'?>
<testsuites tests="139" failures="16" errors="0" skipped="45" time="0.0"><testsuite name="SoftwareManagement.Plugin.apama_plugin_install" tests="3" errors="0" failures="0" skipped="1" time="0"><testcase classname="ApamaPluginInstallTest" name="SoftwareManagement.Plugin.apama_plugin_install">
		<skipped message="SKIPPED: Apama plugin tests are disabled by default. Execute `pysys run` with `-XmyPlatform=container` to run these tests" />
		<system-out>09:58:07 INFO  ==============================================================
09:58:07 INFO  Id:    SoftwareManagement.Plugin.apama_plugin_install
09:58:07 INFO  Dir:   plugin_apama/
09:58:07 INFO  Title: Validate apama plugin install
09:58:07 INFO  ==============================================================
09:58:07 INFO  Apama plugin tests are disabled by default. Execute `pysys run` with `-XmyPlatform=container` to run these tests ... skipped
09:58:07 WARN  Aborted test due to SKIPPED outcome
09:58:07 INFO  
09:58:07 INFO  Test duration: 0.05 secs
09:58:07 INFO  Test final outcome:  SKIPPED
09:58:07 INFO  Test outcome reason: Apama plugin tests are disabled by default. Execute `pysys run` with `-XmyPlatform=container` to run these tests
09:58:07 INFO  
</system-out>
	</testcase>
<testcase classname="ApamaPluginInstallTest" name="SoftwareManagement.Plugin.apama_plugin_install" />
<testcase classname="ApamaPluginInstallTest" name="SoftwareManagement.Plugin.apama_plugin_install" />
</testsuite><testsuite name="SoftwareManagement.Plugin.apama_plugin_mon_support" tests="3" errors="0" failures="0" skipped="1" time="0"><testcase classname="ApamaPluginMonSupportTest" name="SoftwareManagement.Plugin.apama_plugin_mon_support">
		<skipped message="SKIPPED: Apama plugin tests are disabled by default. Execute `pysys run` with `-XmyPlatform=container` to run these tests" />
		<system-out>09:58:08 INFO  ==============================================================
09:58:08 INFO  Id:    SoftwareManagement.Plugin.apama_plugin_mon_support
09:58:08 INFO  Dir:   plugin_apama/
09:58:08 INFO  Title: Validate mon file support of apama plugin
09:58:08 INFO  ==============================================================
09:58:08 INFO  Apama plugin tests are disabled by default. Execute `pysys run` with `-XmyPlatform=container` to run these tests ... skipped
09:58:08 WARN  Aborted test due to SKIPPED outcome
09:58:08 INFO  
09:58:08 INFO  Test duration: 0.02 secs
09:58:08 INFO  Test final outcome:  SKIPPED
09:58:08 INFO  Test outcome reason: Apama plugin tests are disabled by default. Execute `pysys run` with `-XmyPlatform=container` to run these tests
09:58:08 INFO  
</system-out>
	</testcase>
<testcase classname="ApamaPluginMonSupportTest" name="SoftwareManagement.Plugin.apama_plugin_mon_support" />
<testcase classname="ApamaPluginMonSupportTest" name="SoftwareManagement.Plugin.apama_plugin_mon_support" />
</testsuite><testsuite name="SoftwareManagement.Plugin.apama_plugin_remove" tests="3" errors="0" failures="0" skipped="1" time="0"><testcase classname="ApamaPluginRemoveTest" name="SoftwareManagement.Plugin.apama_plugin_remove">
		<skipped message="SKIPPED: Apama plugin tests are disabled by default. Execute `pysys run` with `-XmyPlatform=container` to run these tests" />
		<system-out>09:58:08 INFO  ==============================================================
09:58:08 INFO  Id:    SoftwareManagement.Plugin.apama_plugin_remove
09:58:08 INFO  Dir:   plugin_apama/
09:58:08 INFO  Title: Validate apama plugin remove
09:58:08 INFO  ==============================================================
09:58:08 INFO  Apama plugin tests are disabled by default. Execute `pysys run` with `-XmyPlatform=container` to run these tests ... skipped
09:58:08 WARN  Aborted test due to SKIPPED outcome
09:58:08 INFO  
09:58:08 INFO  Test duration: 0.02 secs
09:58:08 INFO  Test final outcome:  SKIPPED
09:58:08 INFO  Test outcome reason: Apama plugin tests are disabled by default. Execute `pysys run` with `-XmyPlatform=container` to run these tests
09:58:08 INFO  
</system-out>
	</testcase>
<testcase classname="ApamaPluginRemoveTest" name="SoftwareManagement.Plugin.apama_plugin_remove" />
<testcase classname="ApamaPluginRemoveTest" name="SoftwareManagement.Plugin.apama_plugin_remove" />
</testsuite><testsuite name="SoftwareManagement.Plugin.apama_plugin_update" tests="3" errors="0" failures="2" skipped="1" time="0"><testcase classname="ApamaPluginUpdateTest" name="SoftwareManagement.Plugin.apama_plugin_update">
		<skipped message="SKIPPED: Apama plugin tests are disabled by default. Execute `pysys run` with `-XmyPlatform=container` to run these tests" />
		<system-out>09:58:08 INFO  ==============================================================
09:58:08 INFO  Id:    SoftwareManagement.Plugin.apama_plugin_update
09:58:08 INFO  Dir:   plugin_apama/
09:58:08 INFO  Title: Validate apama plugin updating one project with another
09:58:08 INFO  ==============================================================
09:58:08 INFO  Apama plugin tests are disabled by default. Execute `pysys run` with `-XmyPlatform=container` to run these tests ... skipped
09:58:08 WARN  Aborted test due to SKIPPED outcome
09:58:08 INFO  
09:58:08 INFO  Test duration: 0.02 secs
09:58:08 INFO  Test final outcome:  SKIPPED
09:58:08 INFO  Test outcome reason: Apama plugin tests are disabled by default. Execute `pysys run` with `-XmyPlatform=container` to run these tests
09:58:08 INFO  
</system-out>
	</testcase>
<testcase classname="ApamaPluginUpdateTest" name="SoftwareManagement.Plugin.apama_plugin_update">
		<failure message="BLOCKED: sudo&lt;plugin_install&gt; returned non-zero exit code 2" type="BLOCKED" />
		<system-out>10:49:18 INFO  ==============================================================
10:49:18 INFO  Id:    SoftwareManagement.Plugin.apama_plugin_update
10:49:18 INFO  Dir:   plugin_apama/
10:49:18 INFO  Title: Validate apama plugin updating one project with another
10:49:18 INFO  ==============================================================
10:49:18 INFO  Assertion that path exists=False for "/etc/tedge/apama/project" ... passed
10:49:19 INFO  Executed sudo&lt;create_project_dir&gt;, exit status 0
10:49:19 INFO  Executed sudo&lt;unzip_apama_project&gt;, exit status 0
10:49:20 INFO  Executed sudo&lt;move_apama_project&gt;, exit status 0
10:49:21 INFO  Executed sudo&lt;restart_apama_service&gt;, exit status 0
10:49:22 INFO  Executed sudo&lt;apama_correlator_wait&gt;, exit status 0
10:49:22 INFO  Assertion that path exists=True for "/etc/tedge/apama/project" ... passed
10:49:22 INFO  Executed sudo&lt;apama_list_monitors&gt;, exit status 0
10:49:22 INFO  Grep on file /home/pi/actions-runner/_work/thin-edge.io/thin-edge.io/tests/PySys/plugin_apama/apama_plugin_update/Output/linux/apama_list_monitors.out ... passed
10:49:23 WARN  Executed sudo&lt;plugin_install&gt;, exit status 2
10:49:23 INFO  Contents of plugin_install.err: 
  ERROR: Directory not empty (os error 39)
  -----

10:49:23 WARN  sudo&lt;plugin_install&gt; returned non-zero exit code 2 ... blocked [run.py:35]
10:49:23 WARN  Aborted test due to BLOCKED outcome
10:49:23 INFO  
10:49:23 INFO  cleanup:
10:49:23 INFO  Removing apama project
10:49:38 INFO  Executed sudo&lt;stop_apama_service&gt;, exit status 0, duration 15 secs
10:49:39 INFO  Executed sudo&lt;remove_apama_project&gt;, exit status 0
10:49:39 INFO  Executed sudo&lt;remove_apama_tmp_dir&gt;, exit status 0
10:49:39 INFO  
10:49:39 INFO  Test duration: 21.02 secs
10:49:39 INFO  Test final outcome:  BLOCKED
10:49:39 INFO  Test outcome reason: sudo&lt;plugin_install&gt; returned non-zero exit code 2
10:49:39 INFO  
</system-out>
	</testcase>
<testcase classname="ApamaPluginUpdateTest" name="SoftwareManagement.Plugin.apama_plugin_update">
		<failure message="BLOCKED: sudo&lt;plugin_install&gt; returned non-zero exit code 2" type="BLOCKED" />
		<system-out>10:57:50 INFO  ==============================================================
10:57:50 INFO  Id:    SoftwareManagement.Plugin.apama_plugin_update
10:57:50 INFO  Dir:   plugin_apama/
10:57:50 INFO  Title: Validate apama plugin updating one project with another
10:57:50 INFO  ==============================================================
10:57:50 INFO  Assertion that path exists=False for "/etc/tedge/apama/project" ... passed
10:57:51 INFO  Executed sudo&lt;create_project_dir&gt;, exit status 0
10:57:51 INFO  Executed sudo&lt;unzip_apama_project&gt;, exit status 0
10:57:52 INFO  Executed sudo&lt;move_apama_project&gt;, exit status 0
10:57:53 INFO  Executed sudo&lt;restart_apama_service&gt;, exit status 0
10:57:53 INFO  Executed sudo&lt;apama_correlator_wait&gt;, exit status 0
10:57:53 INFO  Assertion that path exists=True for "/etc/tedge/apama/project" ... passed
10:57:54 INFO  Executed sudo&lt;apama_list_monitors&gt;, exit status 0
10:57:54 INFO  Grep on file /home/pi/actions-runner/_work/thin-edge.io/thin-edge.io/tests/PySys/plugin_apama/apama_plugin_update/Output/linux/apama_list_monitors.out ... passed
10:57:55 WARN  Executed sudo&lt;plugin_install&gt;, exit status 2
10:57:55 INFO  Contents of plugin_install.err: 
  ERROR: Directory not empty (os error 39)
  -----

10:57:55 WARN  sudo&lt;plugin_install&gt; returned non-zero exit code 2 ... blocked [run.py:35]
10:57:55 WARN  Aborted test due to BLOCKED outcome
10:57:55 INFO  
10:57:55 INFO  cleanup:
10:57:55 INFO  Removing apama project
10:58:11 INFO  Executed sudo&lt;stop_apama_service&gt;, exit status 0, duration 15 secs
10:58:11 INFO  Executed sudo&lt;remove_apama_project&gt;, exit status 0
10:58:12 INFO  Executed sudo&lt;remove_apama_tmp_dir&gt;, exit status 0
10:58:12 INFO  
10:58:12 INFO  Test duration: 21.62 secs
10:58:12 INFO  Test final outcome:  BLOCKED
10:58:12 INFO  Test outcome reason: sudo&lt;plugin_install&gt; returned non-zero exit code 2
10:58:12 INFO  
</system-out>
	</testcase>
</testsuite><testsuite name="SoftwareManagement.sm_apt_install_download_path" tests="3" errors="0" failures="2" skipped="1" time="0"><testcase classname="AptInstallWithDownloadPath" name="SoftwareManagement.sm_apt_install_download_path">
		<skipped message="SKIPPED: Testing the apt plugin is not supported on this platform.Use parameter -XmyPlatform='container' to enable it" />
		<system-out>10:07:43 INFO  ==============================================================
10:07:43 INFO  Id:    SoftwareManagement.sm_apt_install_download_path
10:07:43 INFO  Dir:   software_management_end_to_end/
10:07:43 INFO  Title: Install package to directory specified in tedge config set tmp.path
10:07:43 INFO  ==============================================================
10:07:43 INFO  Testing the apt plugin is not supported on this platform.Use parameter -XmyPlatform='container' to enable it ... skipped
10:07:43 WARN  Aborted test due to SKIPPED outcome
10:07:43 INFO  
10:07:43 INFO  Test duration: 0.06 secs
10:07:43 INFO  Test final outcome:  SKIPPED
10:07:43 INFO  Test outcome reason: Testing the apt plugin is not supported on this platform.Use parameter -XmyPlatform='container' to enable it
10:07:43 INFO  
</system-out>
	</testcase>
<testcase classname="AptInstallWithDownloadPath" name="SoftwareManagement.sm_apt_install_download_path">
		<failure message="BLOCKED: AssertionError:" type="BLOCKED" />
		<system-out>10:31:20 INFO  ==============================================================
10:31:20 INFO  Id:    SoftwareManagement.sm_apt_install_download_path
10:31:20 INFO  Dir:   software_management_end_to_end/
10:31:20 INFO  Title: Install package to directory specified in tedge config set tmp.path
10:31:20 INFO  ==============================================================
10:31:21 INFO  Using sw id database: {'asciijump': '5475369', 'robotfindskitten': '5474869', 'squirrel3': '5475279', 'rolldice': '5152439', 'moon-buggy': '5439204', 'apple': '5495053', 'banana': '5494888', 'cherry': '5495382', 'watermelon': '5494510', 'registry': '8018911', 'hello-world': '8021526', 'docker/getting-started': '8021973', 'alpine': '7991792'}
10:31:21 INFO  EnvironmentC8y Setup
10:31:21 INFO  Executed systemctl&lt;serv_mapper1&gt;, exit status 3
10:31:35 INFO  Executed sudo&lt;tedge_connect_c8y&gt;, exit status 0, duration 14 secs
10:31:37 INFO  Executed sudo&lt;tedge_connect_c8y_test&gt;, exit status 0
10:31:38 INFO  Executed systemctl&lt;serv_mosq2&gt;, exit status 0
10:31:39 INFO  Executed systemctl&lt;serv_mapper3&gt;, exit status 0
10:31:41 ERROR No operations found, assuming it passed
10:31:41 INFO  Assert that (False == value) with value=False ... passed
10:31:42 INFO  Executed sudo, exit status 0
10:31:42 INFO  Executed sudo, exit status 0
10:31:43 INFO  Executed sudo, exit status 0
10:31:47 INFO  Executed sudo&lt;tedge_disconnect_c8y&gt;, exit status 0
10:31:47 INFO  Restarting mosquitto too frequently in the last 10 seconds. It was only up for 3 seconds
10:31:47 INFO  Delaying execution by 8 seconds
10:32:09 INFO  Executed sudo&lt;tedge_connect_c8y&gt;, exit status 0, duration 13 secs
10:32:09 INFO  Response status: 201
10:32:09 INFO  Response to action: {
    "creationTime": "2022-07-21T10:32:09.535Z",
    "deviceId": "21094418",
    "deviceName": "m32sd10d",
    "self": "https://t493319102.eu-latest.cumulocity.com/devicecontrol/operations/21118145",
    "id": "21118145",
    "status": "PENDING",
    "description": "Apply software changes, triggered from PySys: [{'name': 'rolldice', 'id': '5152439', 'version': '::apt', 'url': 'https://thin-edge-io.eu-latest.cumulocity.com/inventory/binaries/12435463', 'action': 'install'}]",
    "c8y_SoftwareUpdate": [
        {
            "name": "rolldice",
            "action": "install",
            "id": "5152439",
            "version": "::apt",
            "url": "https://thin-edge-io.eu-latest.cumulocity.com/inventory/binaries/12435463"
        }
    ]
}
10:32:09 INFO  Started operation: {'creationTime': '2022-07-21T10:32:09.535Z', 'deviceId': '21094418', 'deviceName': 'm32sd10d', 'self': 'https://t493319102.eu-latest.cumulocity.com/devicecontrol/operations/21118145', 'id': '21118145', 'status': 'PENDING', 'description': "Apply software changes, triggered from PySys: [{'name': 'rolldice', 'id': '5152439', 'version': '::apt', 'url': 'https://thin-edge-io.eu-latest.cumulocity.com/inventory/binaries/12435463', 'action': 'install'}]", 'c8y_SoftwareUpdate': [{'name': 'rolldice', 'action': 'install', 'id': '5152439', 'version': '::apt', 'url': 'https://thin-edge-io.eu-latest.cumulocity.com/inventory/binaries/12435463'}]}
10:32:09 WARN  , retrying in 0.5 seconds...
10:32:10 WARN  , retrying in 0.5 seconds...
10:32:10 WARN  , retrying in 0.5 seconds...
10:32:11 WARN  , retrying in 0.5 seconds...
10:32:11 WARN  , retrying in 0.5 seconds...
10:32:12 WARN  , retrying in 0.5 seconds...
10:32:12 WARN  , retrying in 0.5 seconds...
10:32:13 WARN  , retrying in 0.5 seconds...
10:32:13 WARN  , retrying in 0.5 seconds...
10:32:14 WARN  AssertionError occurred while running test - 
Traceback (most recent call last):
  File "/home/pi/env-pysys/lib/python3.7/site-packages/pysys/baserunner.py", line 1294, in __call__
    self.testObj.execute()
  File "/home/pi/actions-runner/_work/thin-edge.io/thin-edge.io/tests/PySys/software_management_end_to_end/sm_apt_install_download_path/run.py", line 83, in execute
    assert_install_in_download_path(install_directory=self.DOWNLOAD_DIR)
  File "/home/pi/env-pysys/lib/python3.7/site-packages/decorator.py", line 232, in fun
    return caller(func, *(extras + args), **kw)
  File "/home/pi/env-pysys/lib/python3.7/site-packages/retry/api.py", line 74, in retry_decorator
    logger)
  File "/home/pi/env-pysys/lib/python3.7/site-packages/retry/api.py", line 33, in __retry_internal
    return f()
  File "/home/pi/actions-runner/_work/thin-edge.io/thin-edge.io/tests/PySys/software_management_end_to_end/sm_apt_install_download_path/run.py", line 28, in assert_install_in_download_path
    assert "rolldice" in os.listdir(f"{install_directory}")
AssertionError
10:32:14 WARN  AssertionError: ... blocked 
10:32:14 INFO  
10:32:14 INFO  cleanup:
10:32:15 INFO  Executed sudo, exit status 0
10:32:15 INFO  Executed sudo, exit status 0
10:32:20 INFO  Executed sudo&lt;tedge_disconnect_c8y&gt;, exit status 0
10:32:20 INFO  Restarting mosquitto too frequently in the last 10 seconds. It was only up for 4 seconds
10:32:20 INFO  Delaying execution by 7 seconds
10:32:41 INFO  Executed sudo&lt;tedge_connect_c8y&gt;, exit status 0, duration 13 secs
10:32:45 INFO  Executed sudo&lt;tedge_disconnect_c8y&gt;, exit status 0
10:32:45 INFO  Executed systemctl&lt;serv_mapper5&gt;, exit status 3
10:32:45 INFO  
10:32:45 INFO  Test duration: 85.05 secs
10:32:45 INFO  Test final outcome:  BLOCKED
10:32:45 INFO  Test outcome reason: AssertionError:
10:32:45 INFO  
</system-out>
	</testcase>
<testcase classname="AptInstallWithDownloadPath" name="SoftwareManagement.sm_apt_install_download_path">
		<failure message="BLOCKED: AssertionError:" type="BLOCKED" />
		<system-out>10:58:12 INFO  ==============================================================
10:58:12 INFO  Id:    SoftwareManagement.sm_apt_install_download_path
10:58:12 INFO  Dir:   software_management_end_to_end/
10:58:12 INFO  Title: Install package to directory specified in tedge config set tmp.path
10:58:12 INFO  ==============================================================
10:58:13 INFO  Using sw id database: {'asciijump': '5475369', 'robotfindskitten': '5474869', 'squirrel3': '5475279', 'rolldice': '5152439', 'moon-buggy': '5439204', 'apple': '5495053', 'banana': '5494888', 'cherry': '5495382', 'watermelon': '5494510', 'registry': '8018911', 'hello-world': '8021526', 'docker/getting-started': '8021973', 'alpine': '7991792'}
10:58:13 INFO  EnvironmentC8y Setup
10:58:14 INFO  Executed systemctl&lt;serv_mapper1&gt;, exit status 3
10:58:28 INFO  Executed sudo&lt;tedge_connect_c8y&gt;, exit status 0, duration 14 secs
10:58:28 INFO  Executed sudo&lt;tedge_connect_c8y_test&gt;, exit status 0
10:58:29 INFO  Executed systemctl&lt;serv_mosq2&gt;, exit status 0
10:58:29 INFO  Executed systemctl&lt;serv_mapper3&gt;, exit status 0
10:58:32 INFO  State of current operation: SUCCESSFUL
10:58:32 INFO  Assert that (False == value) with value=False ... passed
10:58:32 INFO  Executed sudo, exit status 0
10:58:33 INFO  Executed sudo, exit status 0
10:58:34 INFO  Executed sudo, exit status 0
10:58:37 INFO  Executed sudo&lt;tedge_disconnect_c8y&gt;, exit status 0
10:58:38 INFO  Restarting mosquitto too frequently in the last 10 seconds. It was only up for 3 seconds
10:58:38 INFO  Delaying execution by 8 seconds
10:58:59 INFO  Executed sudo&lt;tedge_connect_c8y&gt;, exit status 0, duration 13 secs
10:59:00 INFO  Response status: 201
10:59:00 INFO  Response to action: {
    "creationTime": "2022-07-21T10:58:59.970Z",
    "deviceId": "21094418",
    "deviceName": "m32sd10d",
    "self": "https://t493319102.eu-latest.cumulocity.com/devicecontrol/operations/21118301",
    "id": "21118301",
    "status": "PENDING",
    "description": "Apply software changes, triggered from PySys: [{'name': 'rolldice', 'id': '5152439', 'version': '::apt', 'url': 'https://thin-edge-io.eu-latest.cumulocity.com/inventory/binaries/12435463', 'action': 'install'}]",
    "c8y_SoftwareUpdate": [
        {
            "name": "rolldice",
            "action": "install",
            "id": "5152439",
            "version": "::apt",
            "url": "https://thin-edge-io.eu-latest.cumulocity.com/inventory/binaries/12435463"
        }
    ]
}
10:59:00 INFO  Started operation: {'creationTime': '2022-07-21T10:58:59.970Z', 'deviceId': '21094418', 'deviceName': 'm32sd10d', 'self': 'https://t493319102.eu-latest.cumulocity.com/devicecontrol/operations/21118301', 'id': '21118301', 'status': 'PENDING', 'description': "Apply software changes, triggered from PySys: [{'name': 'rolldice', 'id': '5152439', 'version': '::apt', 'url': 'https://thin-edge-io.eu-latest.cumulocity.com/inventory/binaries/12435463', 'action': 'install'}]", 'c8y_SoftwareUpdate': [{'name': 'rolldice', 'action': 'install', 'id': '5152439', 'version': '::apt', 'url': 'https://thin-edge-io.eu-latest.cumulocity.com/inventory/binaries/12435463'}]}
10:59:00 WARN  , retrying in 0.5 seconds...
10:59:00 WARN  , retrying in 0.5 seconds...
10:59:01 WARN  , retrying in 0.5 seconds...
10:59:01 WARN  , retrying in 0.5 seconds...
10:59:02 WARN  , retrying in 0.5 seconds...
10:59:02 WARN  , retrying in 0.5 seconds...
10:59:03 WARN  , retrying in 0.5 seconds...
10:59:03 WARN  , retrying in 0.5 seconds...
10:59:04 WARN  , retrying in 0.5 seconds...
10:59:04 WARN  AssertionError occurred while running test - 
Traceback (most recent call last):
  File "/home/pi/env-pysys/lib/python3.7/site-packages/pysys/baserunner.py", line 1294, in __call__
    self.testObj.execute()
  File "/home/pi/actions-runner/_work/thin-edge.io/thin-edge.io/tests/PySys/software_management_end_to_end/sm_apt_install_download_path/run.py", line 83, in execute
    assert_install_in_download_path(install_directory=self.DOWNLOAD_DIR)
  File "/home/pi/env-pysys/lib/python3.7/site-packages/decorator.py", line 232, in fun
    return caller(func, *(extras + args), **kw)
  File "/home/pi/env-pysys/lib/python3.7/site-packages/retry/api.py", line 74, in retry_decorator
    logger)
  File "/home/pi/env-pysys/lib/python3.7/site-packages/retry/api.py", line 33, in __retry_internal
    return f()
  File "/home/pi/actions-runner/_work/thin-edge.io/thin-edge.io/tests/PySys/software_management_end_to_end/sm_apt_install_download_path/run.py", line 28, in assert_install_in_download_path
    assert "rolldice" in os.listdir(f"{install_directory}")
AssertionError
10:59:04 WARN  AssertionError: ... blocked 
10:59:04 INFO  
10:59:04 INFO  cleanup:
10:59:05 INFO  Executed sudo, exit status 0
10:59:05 INFO  Executed sudo, exit status 0
10:59:09 INFO  Executed sudo&lt;tedge_disconnect_c8y&gt;, exit status 0
10:59:09 INFO  Restarting mosquitto too frequently in the last 10 seconds. It was only up for 3 seconds
10:59:09 INFO  Delaying execution by 8 seconds
10:59:31 INFO  Executed sudo&lt;tedge_connect_c8y&gt;, exit status 0, duration 14 secs
10:59:36 INFO  Executed sudo&lt;tedge_disconnect_c8y&gt;, exit status 0
10:59:36 INFO  Executed systemctl&lt;serv_mapper5&gt;, exit status 3
10:59:36 INFO  
10:59:36 INFO  Test duration: 84.47 secs
10:59:36 INFO  Test final outcome:  BLOCKED
10:59:36 INFO  Test outcome reason: AssertionError:
10:59:36 INFO  
</system-out>
	</testcase>
</testsuite><testsuite name="SoftwareManagement.sm_apt_install_fail" tests="3" errors="0" failures="0" skipped="1" time="0"><testcase classname="PySysTest" name="SoftwareManagement.sm_apt_install_fail">
		<skipped message="SKIPPED: Testing the apt plugin is not supported on this platform.Use parameter -XmyPlatform='container' to enable it" />
		<system-out>10:07:43 INFO  ==============================================================
10:07:43 INFO  Id:    SoftwareManagement.sm_apt_install_fail
10:07:43 INFO  Dir:   software_management_end_to_end/
10:07:43 INFO  Title: Validate end to end behaviour for a failing installation
10:07:43 INFO  ==============================================================
10:07:43 INFO  Testing the apt plugin is not supported on this platform.Use parameter -XmyPlatform='container' to enable it ... skipped
10:07:43 WARN  Aborted test due to SKIPPED outcome
10:07:43 INFO  
10:07:43 INFO  Test duration: 0.02 secs
10:07:43 INFO  Test final outcome:  SKIPPED
10:07:43 INFO  Test outcome reason: Testing the apt plugin is not supported on this platform.Use parameter -XmyPlatform='container' to enable it
10:07:43 INFO  
</system-out>
	</testcase>
<testcase classname="PySysTest" name="SoftwareManagement.sm_apt_install_fail" />
<testcase classname="PySysTest" name="SoftwareManagement.sm_apt_install_fail" />
</testsuite><testsuite name="SoftwareManagement.sm_apt_install_remove" tests="3" errors="0" failures="0" skipped="1" time="0"><testcase classname="PySysTest" name="SoftwareManagement.sm_apt_install_remove">
		<skipped message="SKIPPED: Testing the apt plugin is not supported on this platform.Use parameter -XmyPlatform='container' to enable it" />
		<system-out>10:07:43 INFO  ==============================================================
10:07:43 INFO  Id:    SoftwareManagement.sm_apt_install_remove
10:07:43 INFO  Dir:   software_management_end_to_end/
10:07:43 INFO  Title: Validate end to end behaviour for the apt plugin for installation and removal of packages
10:07:43 INFO  ==============================================================
10:07:43 INFO  Testing the apt plugin is not supported on this platform.Use parameter -XmyPlatform='container' to enable it ... skipped
10:07:43 WARN  Aborted test due to SKIPPED outcome
10:07:43 INFO  
10:07:43 INFO  Test duration: 0.02 secs
10:07:43 INFO  Test final outcome:  SKIPPED
10:07:43 INFO  Test outcome reason: Testing the apt plugin is not supported on this platform.Use parameter -XmyPlatform='container' to enable it
10:07:43 INFO  
</system-out>
	</testcase>
<testcase classname="PySysTest" name="SoftwareManagement.sm_apt_install_remove" />
<testcase classname="PySysTest" name="SoftwareManagement.sm_apt_install_remove" />
</testsuite><testsuite name="SoftwareManagement.sm_apt_install_remove_default" tests="3" errors="0" failures="0" skipped="1" time="0"><testcase classname="PySysTest" name="SoftwareManagement.sm_apt_install_remove_default">
		<skipped message="SKIPPED: Testing the apt plugin is not supported on this platform.Use parameter -XmyPlatform='container' to enable it" />
		<system-out>10:07:43 INFO  ==============================================================
10:07:43 INFO  Id:    SoftwareManagement.sm_apt_install_remove_default
10:07:43 INFO  Dir:   software_management_end_to_end/
10:07:43 INFO  Title: Validate end to end behaviour for the default plugin for installation and removal of packages
10:07:43 INFO  ==============================================================
10:07:43 INFO  Testing the apt plugin is not supported on this platform.Use parameter -XmyPlatform='container' to enable it ... skipped
10:07:43 WARN  Aborted test due to SKIPPED outcome
10:07:43 INFO  
10:07:43 INFO  Test duration: 0.02 secs
10:07:43 INFO  Test final outcome:  SKIPPED
10:07:43 INFO  Test outcome reason: Testing the apt plugin is not supported on this platform.Use parameter -XmyPlatform='container' to enable it
10:07:43 INFO  
</system-out>
	</testcase>
<testcase classname="PySysTest" name="SoftwareManagement.sm_apt_install_remove_default" />
<testcase classname="PySysTest" name="SoftwareManagement.sm_apt_install_remove_default" />
</testsuite><testsuite name="SoftwareManagement.sm_apt_install_remove_multiple" tests="3" errors="0" failures="2" skipped="1" time="0"><testcase classname="PySysTest" name="SoftwareManagement.sm_apt_install_remove_multiple">
		<skipped message="SKIPPED: Testing the apt plugin is not supported on this platform.Use parameter -XmyPlatform='container' to enable it" />
		<system-out>10:07:43 INFO  ==============================================================
10:07:43 INFO  Id:    SoftwareManagement.sm_apt_install_remove_multiple
10:07:43 INFO  Dir:   software_management_end_to_end/
10:07:43 INFO  Title: Validate end to end behaviour for the apt plugin for multiple packages
10:07:43 INFO  ==============================================================
10:07:43 INFO  Testing the apt plugin is not supported on this platform.Use parameter -XmyPlatform='container' to enable it ... skipped
10:07:43 WARN  Aborted test due to SKIPPED outcome
10:07:43 INFO  
10:07:43 INFO  Test duration: 0.03 secs
10:07:43 INFO  Test final outcome:  SKIPPED
10:07:43 INFO  Test outcome reason: Testing the apt plugin is not supported on this platform.Use parameter -XmyPlatform='container' to enable it
10:07:43 INFO  
</system-out>
	</testcase>
<testcase classname="PySysTest" name="SoftwareManagement.sm_apt_install_remove_multiple">
		<failure message="FAILED: Assert that (False == value) with value=True" type="FAILED" />
		<system-out>10:39:34 INFO  ==============================================================
10:39:34 INFO  Id:    SoftwareManagement.sm_apt_install_remove_multiple
10:39:34 INFO  Dir:   software_management_end_to_end/
10:39:34 INFO  Title: Validate end to end behaviour for the apt plugin for multiple packages
10:39:34 INFO  ==============================================================
10:39:34 INFO  Using sw id database: {'asciijump': '5475369', 'robotfindskitten': '5474869', 'squirrel3': '5475279', 'rolldice': '5152439', 'moon-buggy': '5439204', 'apple': '5495053', 'banana': '5494888', 'cherry': '5495382', 'watermelon': '5494510', 'registry': '8018911', 'hello-world': '8021526', 'docker/getting-started': '8021973', 'alpine': '7991792'}
10:39:34 INFO  EnvironmentC8y Setup
10:39:35 INFO  Executed systemctl&lt;serv_mapper1&gt;, exit status 3
10:39:35 INFO  Restarting mosquitto too frequently in the last 10 seconds. It was only up for 5 seconds
10:39:35 INFO  Delaying execution by 6 seconds
10:39:55 INFO  Executed sudo&lt;tedge_connect_c8y&gt;, exit status 0, duration 14 secs
10:39:56 INFO  Executed sudo&lt;tedge_connect_c8y_test&gt;, exit status 0
10:39:56 INFO  Executed systemctl&lt;serv_mosq2&gt;, exit status 0
10:39:57 INFO  Executed systemctl&lt;serv_mapper3&gt;, exit status 0
10:39:59 INFO  State of current operation: SUCCESSFUL
10:39:59 INFO  Assert that (False == value) with value=False ... passed
10:39:59 INFO  Assert that (False == value) with value=False ... passed
10:39:59 INFO  Assert that (False == value) with value=False ... passed
10:40:00 INFO  Package robotfindskitten is installed
10:40:00 WARN  Assert that (False == value) with value=True ... failed 
10:40:00 INFO  Response status: 201
10:40:00 INFO  Response to action: {
    "creationTime": "2022-07-21T10:40:00.398Z",
    "deviceId": "21094418",
    "deviceName": "m32sd10d",
    "self": "https://t493319102.eu-latest.cumulocity.com/devicecontrol/operations/21118206",
    "id": "21118206",
    "status": "PENDING",
    "description": "Apply software changes, triggered from PySys: [{'action': 'install', 'id': '5475369', 'name': 'asciijump', 'url': ' ', 'version': '::apt'}, {'action': 'install', 'id': '5474869', 'name': 'robotfindskitten', 'url': ' ', 'version': '::apt'}, {'action': 'install', 'id': '5475279', 'name': 'squirrel3', 'url': ' ', 'version': '::apt'}]",
    "c8y_SoftwareUpdate": [
        {
            "name": "asciijump",
            "action": "install",
            "id": "5475369",
            "version": "::apt",
            "url": " "
        },
        {
            "name": "robotfindskitten",
            "action": "install",
            "id": "5474869",
            "version": "::apt",
            "url": " "
        },
        {
            "name": "squirrel3",
            "action": "install",
            "id": "5475279",
            "version": "::apt",
            "url": " "
        }
    ]
}
10:40:00 INFO  Started operation: {'creationTime': '2022-07-21T10:40:00.398Z', 'deviceId': '21094418', 'deviceName': 'm32sd10d', 'self': 'https://t493319102.eu-latest.cumulocity.com/devicecontrol/operations/21118206', 'id': '21118206', 'status': 'PENDING', 'description': "Apply software changes, triggered from PySys: [{'action': 'install', 'id': '5475369', 'name': 'asciijump', 'url': ' ', 'version': '::apt'}, {'action': 'install', 'id': '5474869', 'name': 'robotfindskitten', 'url': ' ', 'version': '::apt'}, {'action': 'install', 'id': '5475279', 'name': 'squirrel3', 'url': ' ', 'version': '::apt'}]", 'c8y_SoftwareUpdate': [{'name': 'asciijump', 'action': 'install', 'id': '5475369', 'version': '::apt', 'url': ' '}, {'name': 'robotfindskitten', 'action': 'install', 'id': '5474869', 'version': '::apt', 'url': ' '}, {'name': 'squirrel3', 'action': 'install', 'id': '5475279', 'version': '::apt', 'url': ' '}]}
10:40:02 INFO  State of operation 21118206 : PENDING
10:40:04 INFO  State of operation 21118206 : EXECUTING
10:40:07 INFO  State of operation 21118206 : EXECUTING
10:40:09 INFO  State of operation 21118206 : EXECUTING
10:40:11 INFO  State of operation 21118206 : EXECUTING
10:40:13 INFO  State of operation 21118206 : EXECUTING
10:40:16 INFO  State of operation 21118206 : EXECUTING
10:40:19 INFO  State of operation 21118206 : EXECUTING
10:40:21 INFO  State of operation 21118206 : EXECUTING
10:40:24 INFO  State of operation 21118206 : EXECUTING
10:40:26 INFO  State of operation 21118206 : EXECUTING
10:40:28 INFO  State of operation 21118206 : EXECUTING
10:40:30 INFO  State of operation 21118206 : EXECUTING
10:40:33 INFO  State of operation 21118206 : EXECUTING
10:40:35 INFO  State of operation 21118206 : EXECUTING
10:40:37 INFO  State of operation 21118206 : EXECUTING
10:40:40 INFO  State of operation 21118206 : EXECUTING
10:40:42 INFO  State of operation 21118206 : EXECUTING
10:40:44 INFO  State of operation 21118206 : EXECUTING
10:40:47 INFO  State of operation 21118206 : EXECUTING
10:40:49 INFO  State of operation 21118206 : EXECUTING
10:40:52 INFO  State of operation 21118206 : EXECUTING
10:40:54 INFO  State of operation 21118206 : EXECUTING
10:40:57 INFO  State of operation 21118206 : EXECUTING
10:40:59 INFO  State of operation 21118206 : EXECUTING
10:41:02 INFO  State of operation 21118206 : EXECUTING
10:41:04 INFO  State of operation 21118206 : EXECUTING
10:41:07 INFO  State of operation 21118206 : EXECUTING
10:41:09 INFO  State of operation 21118206 : EXECUTING
10:41:12 INFO  State of operation 21118206 : EXECUTING
10:41:14 INFO  State of operation 21118206 : EXECUTING
10:41:16 INFO  State of operation 21118206 : EXECUTING
10:41:18 INFO  State of operation 21118206 : EXECUTING
10:41:20 INFO  State of operation 21118206 : SUCCESSFUL
10:41:21 INFO  Assert that (False == value) with value=False ... passed
10:41:21 INFO  Package asciijump is installed
10:41:21 INFO  Assert that (True == value) with value=True ... passed
10:41:21 INFO  Package squirrel3 is installed
10:41:21 INFO  Assert that (True == value) with value=True ... passed
10:41:21 INFO  Package robotfindskitten is installed
10:41:21 INFO  Assert that (True == value) with value=True ... passed
10:41:22 INFO  Response status: 201
10:41:22 INFO  Response to action: {
    "creationTime": "2022-07-21T10:41:22.004Z",
    "deviceId": "21094418",
    "deviceName": "m32sd10d",
    "self": "https://t493319102.eu-latest.cumulocity.com/devicecontrol/operations/21118214",
    "id": "21118214",
    "status": "PENDING",
    "description": "Apply software changes, triggered from PySys: [{'action': 'delete', 'id': '5475369', 'name': 'asciijump', 'url': ' ', 'version': '::apt'}, {'action': 'delete', 'id': '5474869', 'name': 'robotfindskitten', 'url': ' ', 'version': '::apt'}, {'action': 'delete', 'id': '5475279', 'name': 'squirrel3', 'url': ' ', 'version': '::apt'}]",
    "c8y_SoftwareUpdate": [
        {
            "name": "asciijump",
            "action": "delete",
            "id": "5475369",
            "version": "::apt",
            "url": " "
        },
        {
            "name": "robotfindskitten",
            "action": "delete",
            "id": "5474869",
            "version": "::apt",
            "url": " "
        },
        {
            "name": "squirrel3",
            "action": "delete",
            "id": "5475279",
            "version": "::apt",
            "url": " "
        }
    ]
}
10:41:22 INFO  Started operation: {'creationTime': '2022-07-21T10:41:22.004Z', 'deviceId': '21094418', 'deviceName': 'm32sd10d', 'self': 'https://t493319102.eu-latest.cumulocity.com/devicecontrol/operations/21118214', 'id': '21118214', 'status': 'PENDING', 'description': "Apply software changes, triggered from PySys: [{'action': 'delete', 'id': '5475369', 'name': 'asciijump', 'url': ' ', 'version': '::apt'}, {'action': 'delete', 'id': '5474869', 'name': 'robotfindskitten', 'url': ' ', 'version': '::apt'}, {'action': 'delete', 'id': '5475279', 'name': 'squirrel3', 'url': ' ', 'version': '::apt'}]", 'c8y_SoftwareUpdate': [{'name': 'asciijump', 'action': 'delete', 'id': '5475369', 'version': '::apt', 'url': ' '}, {'name': 'robotfindskitten', 'action': 'delete', 'id': '5474869', 'version': '::apt', 'url': ' '}, {'name': 'squirrel3', 'action': 'delete', 'id': '5475279', 'version': '::apt', 'url': ' '}]}
10:41:24 INFO  State of operation 21118214 : PENDING
10:41:26 INFO  State of operation 21118214 : EXECUTING
10:41:28 INFO  State of operation 21118214 : EXECUTING
10:41:30 INFO  State of operation 21118214 : EXECUTING
10:41:33 INFO  State of operation 21118214 : EXECUTING
10:41:35 INFO  State of operation 21118214 : EXECUTING
10:41:38 INFO  State of operation 21118214 : EXECUTING
10:41:40 INFO  State of operation 21118214 : EXECUTING
10:41:43 INFO  State of operation 21118214 : EXECUTING
10:41:45 INFO  State of operation 21118214 : EXECUTING
10:41:47 INFO  State of operation 21118214 : EXECUTING
10:41:50 INFO  State of operation 21118214 : EXECUTING
10:41:52 INFO  State of operation 21118214 : EXECUTING
10:41:54 INFO  State of operation 21118214 : EXECUTING
10:41:57 INFO  State of operation 21118214 : EXECUTING
10:41:59 INFO  State of operation 21118214 : EXECUTING
10:42:01 INFO  State of operation 21118214 : EXECUTING
10:42:04 INFO  State of operation 21118214 : EXECUTING
10:42:06 INFO  State of operation 21118214 : EXECUTING
10:42:09 INFO  State of operation 21118214 : EXECUTING
10:42:11 INFO  State of operation 21118214 : EXECUTING
10:42:13 INFO  State of operation 21118214 : EXECUTING
10:42:15 INFO  State of operation 21118214 : EXECUTING
10:42:18 INFO  State of operation 21118214 : EXECUTING
10:42:20 INFO  State of operation 21118214 : EXECUTING
10:42:23 INFO  State of operation 21118214 : EXECUTING
10:42:25 INFO  State of operation 21118214 : EXECUTING
10:42:27 INFO  State of operation 21118214 : SUCCESSFUL
10:42:27 INFO  Assert that (False == value) with value=False ... passed
10:42:28 INFO  Assert that (False == value) with value=False ... passed
10:42:28 INFO  Assert that (False == value) with value=False ... passed
10:42:28 INFO  Assert that (False == value) with value=False ... passed
10:42:28 INFO  
10:42:28 INFO  cleanup:
10:42:32 INFO  Executed sudo&lt;tedge_disconnect_c8y&gt;, exit status 0
10:42:32 INFO  Executed systemctl&lt;serv_mapper5&gt;, exit status 3
10:42:32 INFO  
10:42:32 INFO  Test duration: 178.20 secs
10:42:32 INFO  Test final outcome:  FAILED
10:42:32 INFO  Test outcome reason: Assert that (False == value) with value=True
10:42:32 INFO  
</system-out>
	</testcase>
<testcase classname="PySysTest" name="SoftwareManagement.sm_apt_install_remove_multiple">
		<failure message="FAILED: Assert that (False == value) with value=True (+2 other failures)" type="FAILED" />
		<system-out>11:06:05 INFO  ==============================================================
11:06:05 INFO  Id:    SoftwareManagement.sm_apt_install_remove_multiple
11:06:05 INFO  Dir:   software_management_end_to_end/
11:06:05 INFO  Title: Validate end to end behaviour for the apt plugin for multiple packages
11:06:05 INFO  ==============================================================
11:06:05 INFO  Using sw id database: {'asciijump': '5475369', 'robotfindskitten': '5474869', 'squirrel3': '5475279', 'rolldice': '5152439', 'moon-buggy': '5439204', 'apple': '5495053', 'banana': '5494888', 'cherry': '5495382', 'watermelon': '5494510', 'registry': '8018911', 'hello-world': '8021526', 'docker/getting-started': '8021973', 'alpine': '7991792'}
11:06:05 INFO  EnvironmentC8y Setup
11:06:05 INFO  Executed systemctl&lt;serv_mapper1&gt;, exit status 3
11:06:06 INFO  Restarting mosquitto too frequently in the last 10 seconds. It was only up for 4 seconds
11:06:06 INFO  Delaying execution by 7 seconds
11:06:27 INFO  Executed sudo&lt;tedge_connect_c8y&gt;, exit status 0, duration 13 secs
11:06:27 INFO  Executed sudo&lt;tedge_connect_c8y_test&gt;, exit status 0
11:06:28 INFO  Executed systemctl&lt;serv_mosq2&gt;, exit status 0
11:06:28 INFO  Executed systemctl&lt;serv_mapper3&gt;, exit status 0
11:06:30 INFO  State of current operation: SUCCESSFUL
11:06:31 INFO  Assert that (False == value) with value=False ... passed
11:06:31 INFO  Package asciijump is installed
11:06:31 WARN  Assert that (False == value) with value=True ... failed 
11:06:31 INFO  Package squirrel3 is installed
11:06:31 WARN  Assert that (False == value) with value=True ... failed 
11:06:32 INFO  Package robotfindskitten is installed
11:06:32 WARN  Assert that (False == value) with value=True ... failed 
11:06:32 INFO  Response status: 201
11:06:32 INFO  Response to action: {
    "creationTime": "2022-07-21T11:06:32.444Z",
    "deviceId": "21094418",
    "deviceName": "m32sd10d",
    "self": "https://t493319102.eu-latest.cumulocity.com/devicecontrol/operations/21118373",
    "id": "21118373",
    "status": "PENDING",
    "description": "Apply software changes, triggered from PySys: [{'action': 'install', 'id': '5475369', 'name': 'asciijump', 'url': ' ', 'version': '::apt'}, {'action': 'install', 'id': '5474869', 'name': 'robotfindskitten', 'url': ' ', 'version': '::apt'}, {'action': 'install', 'id': '5475279', 'name': 'squirrel3', 'url': ' ', 'version': '::apt'}]",
    "c8y_SoftwareUpdate": [
        {
            "name": "asciijump",
            "action": "install",
            "id": "5475369",
            "version": "::apt",
            "url": " "
        },
        {
            "name": "robotfindskitten",
            "action": "install",
            "id": "5474869",
            "version": "::apt",
            "url": " "
        },
        {
            "name": "squirrel3",
            "action": "install",
            "id": "5475279",
            "version": "::apt",
            "url": " "
        }
    ]
}
11:06:32 INFO  Started operation: {'creationTime': '2022-07-21T11:06:32.444Z', 'deviceId': '21094418', 'deviceName': 'm32sd10d', 'self': 'https://t493319102.eu-latest.cumulocity.com/devicecontrol/operations/21118373', 'id': '21118373', 'status': 'PENDING', 'description': "Apply software changes, triggered from PySys: [{'action': 'install', 'id': '5475369', 'name': 'asciijump', 'url': ' ', 'version': '::apt'}, {'action': 'install', 'id': '5474869', 'name': 'robotfindskitten', 'url': ' ', 'version': '::apt'}, {'action': 'install', 'id': '5475279', 'name': 'squirrel3', 'url': ' ', 'version': '::apt'}]", 'c8y_SoftwareUpdate': [{'name': 'asciijump', 'action': 'install', 'id': '5475369', 'version': '::apt', 'url': ' '}, {'name': 'robotfindskitten', 'action': 'install', 'id': '5474869', 'version': '::apt', 'url': ' '}, {'name': 'squirrel3', 'action': 'install', 'id': '5475279', 'version': '::apt', 'url': ' '}]}
11:06:34 INFO  State of operation 21118373 : PENDING
11:06:36 INFO  State of operation 21118373 : EXECUTING
11:06:39 INFO  State of operation 21118373 : EXECUTING
11:06:41 INFO  State of operation 21118373 : EXECUTING
11:06:43 INFO  State of operation 21118373 : EXECUTING
11:06:45 INFO  State of operation 21118373 : EXECUTING
11:06:48 INFO  State of operation 21118373 : EXECUTING
11:06:51 INFO  State of operation 21118373 : EXECUTING
11:06:53 INFO  State of operation 21118373 : EXECUTING
11:06:56 INFO  State of operation 21118373 : EXECUTING
11:06:58 INFO  State of operation 21118373 : EXECUTING
11:07:00 INFO  State of operation 21118373 : EXECUTING
11:07:03 INFO  State of operation 21118373 : EXECUTING
11:07:05 INFO  State of operation 21118373 : EXECUTING
11:07:07 INFO  State of operation 21118373 : EXECUTING
11:07:09 INFO  State of operation 21118373 : SUCCESSFUL
11:07:09 INFO  Assert that (False == value) with value=False ... passed
11:07:10 INFO  Package asciijump is installed
11:07:10 INFO  Assert that (True == value) with value=True ... passed
11:07:10 INFO  Package squirrel3 is installed
11:07:10 INFO  Assert that (True == value) with value=True ... passed
11:07:10 INFO  Package robotfindskitten is installed
11:07:10 INFO  Assert that (True == value) with value=True ... passed
11:07:10 INFO  Response status: 201
11:07:10 INFO  Response to action: {
    "creationTime": "2022-07-21T11:07:10.797Z",
    "deviceId": "21094418",
    "deviceName": "m32sd10d",
    "self": "https://t493319102.eu-latest.cumulocity.com/devicecontrol/operations/21118384",
    "id": "21118384",
    "status": "PENDING",
    "description": "Apply software changes, triggered from PySys: [{'action': 'delete', 'id': '5475369', 'name': 'asciijump', 'url': ' ', 'version': '::apt'}, {'action': 'delete', 'id': '5474869', 'name': 'robotfindskitten', 'url': ' ', 'version': '::apt'}, {'action': 'delete', 'id': '5475279', 'name': 'squirrel3', 'url': ' ', 'version': '::apt'}]",
    "c8y_SoftwareUpdate": [
        {
            "name": "asciijump",
            "action": "delete",
            "id": "5475369",
            "version": "::apt",
            "url": " "
        },
        {
            "name": "robotfindskitten",
            "action": "delete",
            "id": "5474869",
            "version": "::apt",
            "url": " "
        },
        {
            "name": "squirrel3",
            "action": "delete",
            "id": "5475279",
            "version": "::apt",
            "url": " "
        }
    ]
}
11:07:10 INFO  Started operation: {'creationTime': '2022-07-21T11:07:10.797Z', 'deviceId': '21094418', 'deviceName': 'm32sd10d', 'self': 'https://t493319102.eu-latest.cumulocity.com/devicecontrol/operations/21118384', 'id': '21118384', 'status': 'PENDING', 'description': "Apply software changes, triggered from PySys: [{'action': 'delete', 'id': '5475369', 'name': 'asciijump', 'url': ' ', 'version': '::apt'}, {'action': 'delete', 'id': '5474869', 'name': 'robotfindskitten', 'url': ' ', 'version': '::apt'}, {'action': 'delete', 'id': '5475279', 'name': 'squirrel3', 'url': ' ', 'version': '::apt'}]", 'c8y_SoftwareUpdate': [{'name': 'asciijump', 'action': 'delete', 'id': '5475369', 'version': '::apt', 'url': ' '}, {'name': 'robotfindskitten', 'action': 'delete', 'id': '5474869', 'version': '::apt', 'url': ' '}, {'name': 'squirrel3', 'action': 'delete', 'id': '5475279', 'version': '::apt', 'url': ' '}]}
11:07:13 INFO  State of operation 21118384 : PENDING
11:07:15 INFO  State of operation 21118384 : EXECUTING
11:07:17 INFO  State of operation 21118384 : EXECUTING
11:07:19 INFO  State of operation 21118384 : EXECUTING
11:07:21 INFO  State of operation 21118384 : EXECUTING
11:07:24 INFO  State of operation 21118384 : EXECUTING
11:07:26 INFO  State of operation 21118384 : EXECUTING
11:07:29 INFO  State of operation 21118384 : EXECUTING
11:07:32 INFO  State of operation 21118384 : EXECUTING
11:07:34 INFO  State of operation 21118384 : EXECUTING
11:07:36 INFO  State of operation 21118384 : EXECUTING
11:07:39 INFO  State of operation 21118384 : EXECUTING
11:07:41 INFO  State of operation 21118384 : EXECUTING
11:07:43 INFO  State of operation 21118384 : EXECUTING
11:07:45 INFO  State of operation 21118384 : EXECUTING
11:07:48 INFO  State of operation 21118384 : EXECUTING
11:07:50 INFO  State of operation 21118384 : EXECUTING
11:07:52 INFO  State of operation 21118384 : EXECUTING
11:07:55 INFO  State of operation 21118384 : EXECUTING
11:07:57 INFO  State of operation 21118384 : EXECUTING
11:08:00 INFO  State of operation 21118384 : EXECUTING
11:08:02 INFO  State of operation 21118384 : EXECUTING
11:08:04 INFO  State of operation 21118384 : EXECUTING
11:08:06 INFO  State of operation 21118384 : EXECUTING
11:08:09 INFO  State of operation 21118384 : EXECUTING
11:08:11 INFO  State of operation 21118384 : EXECUTING
11:08:14 INFO  State of operation 21118384 : EXECUTING
11:08:16 INFO  State of operation 21118384 : EXECUTING
11:08:18 INFO  State of operation 21118384 : SUCCESSFUL
11:08:18 INFO  Assert that (False == value) with value=False ... passed
11:08:19 INFO  Assert that (False == value) with value=False ... passed
11:08:19 INFO  Assert that (False == value) with value=False ... passed
11:08:19 INFO  Assert that (False == value) with value=False ... passed
11:08:19 INFO  
11:08:19 INFO  cleanup:
11:08:23 INFO  Executed sudo&lt;tedge_disconnect_c8y&gt;, exit status 0
11:08:24 INFO  Executed systemctl&lt;serv_mapper5&gt;, exit status 3
11:08:24 INFO  
11:08:24 INFO  Test duration: 138.73 secs
11:08:24 INFO  Test final outcome:  FAILED
11:08:24 INFO  Test outcome reason: Assert that (False == value) with value=True (+2 other failures)
11:08:24 INFO  
</system-out>
	</testcase>
</testsuite><testsuite name="SoftwareManagement.sm_apt_install_remove_multiple_mixed" tests="3" errors="0" failures="2" skipped="1" time="0"><testcase classname="PySysTest" name="SoftwareManagement.sm_apt_install_remove_multiple_mixed">
		<skipped message="SKIPPED: Testing the apt plugin is not supported on this platform.Use parameter -XmyPlatform='container' to enable it" />
		<system-out>10:07:43 INFO  ==============================================================
10:07:43 INFO  Id:    SoftwareManagement.sm_apt_install_remove_multiple_mixed
10:07:43 INFO  Dir:   software_management_end_to_end/
10:07:43 INFO  Title: Validate end to end behaviour for the apt plugin for multiple packages with mixed versions
10:07:43 INFO  ==============================================================
10:07:43 INFO  Testing the apt plugin is not supported on this platform.Use parameter -XmyPlatform='container' to enable it ... skipped
10:07:43 WARN  Aborted test due to SKIPPED outcome
10:07:43 INFO  
10:07:43 INFO  Test duration: 0.02 secs
10:07:43 INFO  Test final outcome:  SKIPPED
10:07:43 INFO  Test outcome reason: Testing the apt plugin is not supported on this platform.Use parameter -XmyPlatform='container' to enable it
10:07:43 INFO  
</system-out>
	</testcase>
<testcase classname="PySysTest" name="SoftwareManagement.sm_apt_install_remove_multiple_mixed">
		<failure message="BLOCKED: SystemError: Timeout while waiting for status SUCCESSFUL or False" type="BLOCKED" />
		<system-out>10:42:33 INFO  ==============================================================
10:42:33 INFO  Id:    SoftwareManagement.sm_apt_install_remove_multiple_mixed
10:42:33 INFO  Dir:   software_management_end_to_end/
10:42:33 INFO  Title: Validate end to end behaviour for the apt plugin for multiple packages with mixed versions
10:42:33 INFO  ==============================================================
10:42:33 INFO  Using sw id database: {'asciijump': '5475369', 'robotfindskitten': '5474869', 'squirrel3': '5475279', 'rolldice': '5152439', 'moon-buggy': '5439204', 'apple': '5495053', 'banana': '5494888', 'cherry': '5495382', 'watermelon': '5494510', 'registry': '8018911', 'hello-world': '8021526', 'docker/getting-started': '8021973', 'alpine': '7991792'}
10:42:33 INFO  EnvironmentC8y Setup
10:42:33 INFO  Executed systemctl&lt;serv_mapper1&gt;, exit status 3
10:42:33 INFO  Restarting mosquitto too frequently in the last 10 seconds. It was only up for 4 seconds
10:42:33 INFO  Delaying execution by 7 seconds
10:42:54 INFO  Executed sudo&lt;tedge_connect_c8y&gt;, exit status 0, duration 13 secs
10:42:54 INFO  Executed sudo&lt;tedge_connect_c8y_test&gt;, exit status 0
10:42:55 INFO  Executed systemctl&lt;serv_mosq2&gt;, exit status 0
10:42:55 INFO  Executed systemctl&lt;serv_mapper3&gt;, exit status 0
10:42:58 INFO  State of current operation: SUCCESSFUL
10:42:58 INFO  Assert that (False == value) with value=False ... passed
10:42:58 INFO  Assert that (False == value) with value=False ... passed
10:42:58 INFO  Assert that (False == value) with value=False ... passed
10:42:58 INFO  Assert that (False == value) with value=False ... passed
10:42:59 INFO  Assert that (False == value) with value=False ... passed
10:43:00 INFO  Response status: 201
10:43:00 INFO  Response to action: {
    "creationTime": "2022-07-21T10:43:00.416Z",
    "deviceId": "21094418",
    "deviceName": "m32sd10d",
    "self": "https://t493319102.eu-latest.cumulocity.com/devicecontrol/operations/21118222",
    "id": "21118222",
    "status": "PENDING",
    "description": "Apply software changes, triggered from PySys: [{'action': 'install', 'id': '5475369', 'name': 'asciijump', 'url': ' ', 'version': '::apt'}, {'action': 'install', 'id': '5474869', 'name': 'robotfindskitten', 'url': ' ', 'version': ' '}, {'action': 'install', 'id': '5475279', 'name': 'squirrel3', 'url': ' ', 'version': '3.1-7::apt'}, {'action': 'install', 'id': '5152439', 'name': 'rolldice', 'url': ' ', 'version': '1.16-1+b1'}, {'action': 'install', 'id': '5439204', 'name': 'moon-buggy', 'url': ' ', 'version': '1:1.0.51-12'}, {'action': 'install', 'id': '5475369', 'name': 'asciijump', 'url': ' ', 'version': '::apt'}]",
    "c8y_SoftwareUpdate": [
        {
            "name": "asciijump",
            "action": "install",
            "id": "5475369",
            "version": "::apt",
            "url": " "
        },
        {
            "name": "robotfindskitten",
            "action": "install",
            "id": "5474869",
            "version": " ",
            "url": " "
        },
        {
            "name": "squirrel3",
            "action": "install",
            "id": "5475279",
            "version": "3.1-7::apt",
            "url": " "
        },
        {
            "name": "rolldice",
            "action": "install",
            "id": "5152439",
            "version": "1.16-1+b1",
            "url": " "
        },
        {
            "name": "moon-buggy",
            "action": "install",
            "id": "5439204",
            "version": "1:1.0.51-12",
            "url": " "
        },
        {
            "name": "asciijump",
            "action": "install",
            "id": "5475369",
            "version": "::apt",
            "url": " "
        }
    ]
}
10:43:00 INFO  Started operation: {'creationTime': '2022-07-21T10:43:00.416Z', 'deviceId': '21094418', 'deviceName': 'm32sd10d', 'self': 'https://t493319102.eu-latest.cumulocity.com/devicecontrol/operations/21118222', 'id': '21118222', 'status': 'PENDING', 'description': "Apply software changes, triggered from PySys: [{'action': 'install', 'id': '5475369', 'name': 'asciijump', 'url': ' ', 'version': '::apt'}, {'action': 'install', 'id': '5474869', 'name': 'robotfindskitten', 'url': ' ', 'version': ' '}, {'action': 'install', 'id': '5475279', 'name': 'squirrel3', 'url': ' ', 'version': '3.1-7::apt'}, {'action': 'install', 'id': '5152439', 'name': 'rolldice', 'url': ' ', 'version': '1.16-1+b1'}, {'action': 'install', 'id': '5439204', 'name': 'moon-buggy', 'url': ' ', 'version': '1:1.0.51-12'}, {'action': 'install', 'id': '5475369', 'name': 'asciijump', 'url': ' ', 'version': '::apt'}]", 'c8y_SoftwareUpdate': [{'name': 'asciijump', 'action': 'install', 'id': '5475369', 'version': '::apt', 'url': ' '}, {'name': 'robotfindskitten', 'action': 'install', 'id': '5474869', 'version': ' ', 'url': ' '}, {'name': 'squirrel3', 'action': 'install', 'id': '5475279', 'version': '3.1-7::apt', 'url': ' '}, {'name': 'rolldice', 'action': 'install', 'id': '5152439', 'version': '1.16-1+b1', 'url': ' '}, {'name': 'moon-buggy', 'action': 'install', 'id': '5439204', 'version': '1:1.0.51-12', 'url': ' '}, {'name': 'asciijump', 'action': 'install', 'id': '5475369', 'version': '::apt', 'url': ' '}]}
10:43:02 INFO  State of operation 21118222 : PENDING
10:43:04 INFO  State of operation 21118222 : EXECUTING
10:43:07 INFO  State of operation 21118222 : EXECUTING
10:43:09 INFO  State of operation 21118222 : EXECUTING
10:43:11 INFO  State of operation 21118222 : EXECUTING
10:43:13 INFO  State of operation 21118222 : EXECUTING
10:43:16 INFO  State of operation 21118222 : EXECUTING
10:43:19 INFO  State of operation 21118222 : EXECUTING
10:43:22 INFO  State of operation 21118222 : EXECUTING
10:43:24 INFO  State of operation 21118222 : EXECUTING
10:43:26 INFO  State of operation 21118222 : EXECUTING
10:43:28 INFO  State of operation 21118222 : EXECUTING
10:43:31 INFO  State of operation 21118222 : EXECUTING
10:43:33 INFO  State of operation 21118222 : EXECUTING
10:43:35 INFO  State of operation 21118222 : EXECUTING
10:43:37 INFO  State of operation 21118222 : EXECUTING
10:43:40 INFO  State of operation 21118222 : EXECUTING
10:43:42 INFO  State of operation 21118222 : EXECUTING
10:43:45 INFO  State of operation 21118222 : EXECUTING
10:43:47 INFO  State of operation 21118222 : EXECUTING
10:43:49 INFO  State of operation 21118222 : EXECUTING
10:43:52 INFO  State of operation 21118222 : EXECUTING
10:43:54 INFO  State of operation 21118222 : EXECUTING
10:43:57 INFO  State of operation 21118222 : EXECUTING
10:43:59 INFO  State of operation 21118222 : EXECUTING
10:44:02 INFO  State of operation 21118222 : EXECUTING
10:44:04 INFO  State of operation 21118222 : EXECUTING
10:44:07 INFO  State of operation 21118222 : EXECUTING
10:44:09 INFO  State of operation 21118222 : EXECUTING
10:44:11 INFO  State of operation 21118222 : EXECUTING
10:44:14 INFO  State of operation 21118222 : EXECUTING
10:44:16 INFO  State of operation 21118222 : EXECUTING
10:44:18 INFO  State of operation 21118222 : EXECUTING
10:44:20 INFO  State of operation 21118222 : EXECUTING
10:44:23 INFO  State of operation 21118222 : EXECUTING
10:44:25 INFO  State of operation 21118222 : EXECUTING
10:44:27 INFO  State of operation 21118222 : EXECUTING
10:44:30 INFO  State of operation 21118222 : EXECUTING
10:44:33 INFO  State of operation 21118222 : EXECUTING
10:44:35 INFO  State of operation 21118222 : EXECUTING
10:44:37 INFO  State of operation 21118222 : EXECUTING
10:44:40 INFO  State of operation 21118222 : EXECUTING
10:44:42 INFO  State of operation 21118222 : EXECUTING
10:44:44 INFO  State of operation 21118222 : EXECUTING
10:44:46 INFO  State of operation 21118222 : EXECUTING
10:44:49 INFO  State of operation 21118222 : EXECUTING
10:44:51 INFO  State of operation 21118222 : EXECUTING
10:44:53 INFO  State of operation 21118222 : EXECUTING
10:44:56 INFO  State of operation 21118222 : EXECUTING
10:44:58 INFO  State of operation 21118222 : EXECUTING
10:45:01 INFO  State of operation 21118222 : EXECUTING
10:45:03 INFO  State of operation 21118222 : EXECUTING
10:45:06 INFO  State of operation 21118222 : EXECUTING
10:45:09 INFO  State of operation 21118222 : EXECUTING
10:45:11 INFO  State of operation 21118222 : EXECUTING
10:45:15 INFO  State of operation 21118222 : EXECUTING
10:45:17 INFO  State of operation 21118222 : EXECUTING
10:45:19 INFO  State of operation 21118222 : EXECUTING
10:45:21 INFO  State of operation 21118222 : EXECUTING
10:45:24 INFO  State of operation 21118222 : EXECUTING
10:45:26 INFO  State of operation 21118222 : EXECUTING
10:45:28 WARN  SystemError occurred while running test - Timeout while waiting for status SUCCESSFUL or False
Traceback (most recent call last):
  File "/home/pi/env-pysys/lib/python3.7/site-packages/pysys/baserunner.py", line 1294, in __call__
    self.testObj.execute()
  File "/home/pi/actions-runner/_work/thin-edge.io/thin-edge.io/tests/PySys/software_management_end_to_end/sm_apt_install_remove_multiple_mixed/run.py", line 89, in execute
    self.wait_until_succcess()
  File "/home/pi/actions-runner/_work/thin-edge.io/thin-edge.io/tests/PySys/software_management_end_to_end/environment_sm_management.py", line 324, in wait_until_succcess
    self.wait_until_status("SUCCESSFUL")
  File "/home/pi/actions-runner/_work/thin-edge.io/thin-edge.io/tests/PySys/software_management_end_to_end/environment_sm_management.py", line 381, in wait_until_status
    "Timeout while waiting for status %s or %s" % (status, status2)
SystemError: Timeout while waiting for status SUCCESSFUL or False
10:45:28 WARN  SystemError: Timeout while waiting for status SUCCESSFUL or False ... blocked 
10:45:28 INFO  
10:45:28 INFO  cleanup:
10:45:32 INFO  Executed sudo&lt;tedge_disconnect_c8y&gt;, exit status 0
10:45:33 INFO  Executed systemctl&lt;serv_mapper5&gt;, exit status 3
10:45:33 INFO  
10:45:33 INFO  Test duration: 180.34 secs
10:45:33 INFO  Test final outcome:  BLOCKED
10:45:33 INFO  Test outcome reason: SystemError: Timeout while waiting for status SUCCESSFUL or False
10:45:33 INFO  
</system-out>
	</testcase>
<testcase classname="PySysTest" name="SoftwareManagement.sm_apt_install_remove_multiple_mixed">
		<failure message="BLOCKED: SystemError: Timeout while waiting for status SUCCESSFUL or False (+1 other failures)" type="BLOCKED" />
		<system-out>11:08:24 INFO  ==============================================================
11:08:24 INFO  Id:    SoftwareManagement.sm_apt_install_remove_multiple_mixed
11:08:24 INFO  Dir:   software_management_end_to_end/
11:08:24 INFO  Title: Validate end to end behaviour for the apt plugin for multiple packages with mixed versions
11:08:24 INFO  ==============================================================
11:08:24 INFO  Using sw id database: {'asciijump': '5475369', 'robotfindskitten': '5474869', 'squirrel3': '5475279', 'rolldice': '5152439', 'moon-buggy': '5439204', 'apple': '5495053', 'banana': '5494888', 'cherry': '5495382', 'watermelon': '5494510', 'registry': '8018911', 'hello-world': '8021526', 'docker/getting-started': '8021973', 'alpine': '7991792'}
11:08:24 INFO  EnvironmentC8y Setup
11:08:24 INFO  Executed systemctl&lt;serv_mapper1&gt;, exit status 3
11:08:24 INFO  Restarting mosquitto too frequently in the last 10 seconds. It was only up for 4 seconds
11:08:24 INFO  Delaying execution by 7 seconds
11:08:45 INFO  Executed sudo&lt;tedge_connect_c8y&gt;, exit status 0, duration 13 secs
11:08:46 INFO  Executed sudo&lt;tedge_connect_c8y_test&gt;, exit status 0
11:08:46 INFO  Executed systemctl&lt;serv_mosq2&gt;, exit status 0
11:08:47 INFO  Executed systemctl&lt;serv_mapper3&gt;, exit status 0
11:08:49 INFO  State of current operation: SUCCESSFUL
11:08:49 INFO  Assert that (False == value) with value=False ... passed
11:08:50 INFO  Assert that (False == value) with value=False ... passed
11:08:50 INFO  Assert that (False == value) with value=False ... passed
11:08:50 INFO  Assert that (False == value) with value=False ... passed
11:08:50 INFO  Package moon-buggy is installed
11:08:50 WARN  Assert that (False == value) with value=True ... failed 
11:08:52 INFO  Response status: 201
11:08:52 INFO  Response to action: {
    "creationTime": "2022-07-21T11:08:52.014Z",
    "deviceId": "21094418",
    "deviceName": "m32sd10d",
    "self": "https://t493319102.eu-latest.cumulocity.com/devicecontrol/operations/21118399",
    "id": "21118399",
    "status": "PENDING",
    "description": "Apply software changes, triggered from PySys: [{'action': 'install', 'id': '5475369', 'name': 'asciijump', 'url': ' ', 'version': '::apt'}, {'action': 'install', 'id': '5474869', 'name': 'robotfindskitten', 'url': ' ', 'version': ' '}, {'action': 'install', 'id': '5475279', 'name': 'squirrel3', 'url': ' ', 'version': '3.1-7::apt'}, {'action': 'install', 'id': '5152439', 'name': 'rolldice', 'url': ' ', 'version': '1.16-1+b1'}, {'action': 'install', 'id': '5439204', 'name': 'moon-buggy', 'url': ' ', 'version': '1:1.0.51-12'}, {'action': 'install', 'id': '5475369', 'name': 'asciijump', 'url': ' ', 'version': '::apt'}]",
    "c8y_SoftwareUpdate": [
        {
            "name": "asciijump",
            "action": "install",
            "id": "5475369",
            "version": "::apt",
            "url": " "
        },
        {
            "name": "robotfindskitten",
            "action": "install",
            "id": "5474869",
            "version": " ",
            "url": " "
        },
        {
            "name": "squirrel3",
            "action": "install",
            "id": "5475279",
            "version": "3.1-7::apt",
            "url": " "
        },
        {
            "name": "rolldice",
            "action": "install",
            "id": "5152439",
            "version": "1.16-1+b1",
            "url": " "
        },
        {
            "name": "moon-buggy",
            "action": "install",
            "id": "5439204",
            "version": "1:1.0.51-12",
            "url": " "
        },
        {
            "name": "asciijump",
            "action": "install",
            "id": "5475369",
            "version": "::apt",
            "url": " "
        }
    ]
}
11:08:52 INFO  Started operation: {'creationTime': '2022-07-21T11:08:52.014Z', 'deviceId': '21094418', 'deviceName': 'm32sd10d', 'self': 'https://t493319102.eu-latest.cumulocity.com/devicecontrol/operations/21118399', 'id': '21118399', 'status': 'PENDING', 'description': "Apply software changes, triggered from PySys: [{'action': 'install', 'id': '5475369', 'name': 'asciijump', 'url': ' ', 'version': '::apt'}, {'action': 'install', 'id': '5474869', 'name': 'robotfindskitten', 'url': ' ', 'version': ' '}, {'action': 'install', 'id': '5475279', 'name': 'squirrel3', 'url': ' ', 'version': '3.1-7::apt'}, {'action': 'install', 'id': '5152439', 'name': 'rolldice', 'url': ' ', 'version': '1.16-1+b1'}, {'action': 'install', 'id': '5439204', 'name': 'moon-buggy', 'url': ' ', 'version': '1:1.0.51-12'}, {'action': 'install', 'id': '5475369', 'name': 'asciijump', 'url': ' ', 'version': '::apt'}]", 'c8y_SoftwareUpdate': [{'name': 'asciijump', 'action': 'install', 'id': '5475369', 'version': '::apt', 'url': ' '}, {'name': 'robotfindskitten', 'action': 'install', 'id': '5474869', 'version': ' ', 'url': ' '}, {'name': 'squirrel3', 'action': 'install', 'id': '5475279', 'version': '3.1-7::apt', 'url': ' '}, {'name': 'rolldice', 'action': 'install', 'id': '5152439', 'version': '1.16-1+b1', 'url': ' '}, {'name': 'moon-buggy', 'action': 'install', 'id': '5439204', 'version': '1:1.0.51-12', 'url': ' '}, {'name': 'asciijump', 'action': 'install', 'id': '5475369', 'version': '::apt', 'url': ' '}]}
11:08:54 INFO  State of operation 21118399 : PENDING
11:08:56 INFO  State of operation 21118399 : EXECUTING
11:08:58 INFO  State of operation 21118399 : EXECUTING
11:09:00 INFO  State of operation 21118399 : EXECUTING
11:09:03 INFO  State of operation 21118399 : EXECUTING
11:09:05 INFO  State of operation 21118399 : EXECUTING
11:09:08 INFO  State of operation 21118399 : EXECUTING
11:09:10 INFO  State of operation 21118399 : EXECUTING
11:09:13 INFO  State of operation 21118399 : EXECUTING
11:09:15 INFO  State of operation 21118399 : EXECUTING
11:09:17 INFO  State of operation 21118399 : EXECUTING
11:09:20 INFO  State of operation 21118399 : EXECUTING
11:09:22 INFO  State of operation 21118399 : EXECUTING
11:09:24 INFO  State of operation 21118399 : EXECUTING
11:09:26 INFO  State of operation 21118399 : EXECUTING
11:09:29 INFO  State of operation 21118399 : EXECUTING
11:09:31 INFO  State of operation 21118399 : EXECUTING
11:09:33 INFO  State of operation 21118399 : EXECUTING
11:09:36 INFO  State of operation 21118399 : EXECUTING
11:09:38 INFO  State of operation 21118399 : EXECUTING
11:09:41 INFO  State of operation 21118399 : EXECUTING
11:09:43 INFO  State of operation 21118399 : EXECUTING
11:09:46 INFO  State of operation 21118399 : EXECUTING
11:09:48 INFO  State of operation 21118399 : EXECUTING
11:09:50 INFO  State of operation 21118399 : EXECUTING
11:09:52 INFO  State of operation 21118399 : EXECUTING
11:09:55 INFO  State of operation 21118399 : EXECUTING
11:09:57 INFO  State of operation 21118399 : EXECUTING
11:10:00 INFO  State of operation 21118399 : EXECUTING
11:10:02 INFO  State of operation 21118399 : EXECUTING
11:10:04 INFO  State of operation 21118399 : EXECUTING
11:10:06 INFO  State of operation 21118399 : EXECUTING
11:10:09 INFO  State of operation 21118399 : EXECUTING
11:10:11 INFO  State of operation 21118399 : EXECUTING
11:10:13 INFO  State of operation 21118399 : EXECUTING
11:10:15 INFO  State of operation 21118399 : EXECUTING
11:10:17 INFO  State of operation 21118399 : EXECUTING
11:10:20 INFO  State of operation 21118399 : EXECUTING
11:10:23 INFO  State of operation 21118399 : EXECUTING
11:10:25 INFO  State of operation 21118399 : EXECUTING
11:10:28 INFO  State of operation 21118399 : EXECUTING
11:10:30 INFO  State of operation 21118399 : EXECUTING
11:10:32 INFO  State of operation 21118399 : EXECUTING
11:10:34 INFO  State of operation 21118399 : EXECUTING
11:10:37 INFO  State of operation 21118399 : EXECUTING
11:10:39 INFO  State of operation 21118399 : EXECUTING
11:10:41 INFO  State of operation 21118399 : EXECUTING
11:10:43 INFO  State of operation 21118399 : EXECUTING
11:10:46 INFO  State of operation 21118399 : EXECUTING
11:10:48 INFO  State of operation 21118399 : EXECUTING
11:10:51 INFO  State of operation 21118399 : EXECUTING
11:10:53 INFO  State of operation 21118399 : EXECUTING
11:10:56 INFO  State of operation 21118399 : EXECUTING
11:10:58 INFO  State of operation 21118399 : EXECUTING
11:11:01 INFO  State of operation 21118399 : EXECUTING
11:11:03 INFO  State of operation 21118399 : EXECUTING
11:11:07 INFO  State of operation 21118399 : EXECUTING
11:11:09 INFO  State of operation 21118399 : EXECUTING
11:11:11 INFO  State of operation 21118399 : EXECUTING
11:11:13 INFO  State of operation 21118399 : EXECUTING
11:11:16 INFO  State of operation 21118399 : EXECUTING
11:11:18 WARN  SystemError occurred while running test - Timeout while waiting for status SUCCESSFUL or False
Traceback (most recent call last):
  File "/home/pi/env-pysys/lib/python3.7/site-packages/pysys/baserunner.py", line 1294, in __call__
    self.testObj.execute()
  File "/home/pi/actions-runner/_work/thin-edge.io/thin-edge.io/tests/PySys/software_management_end_to_end/sm_apt_install_remove_multiple_mixed/run.py", line 89, in execute
    self.wait_until_succcess()
  File "/home/pi/actions-runner/_work/thin-edge.io/thin-edge.io/tests/PySys/software_management_end_to_end/environment_sm_management.py", line 324, in wait_until_succcess
    self.wait_until_status("SUCCESSFUL")
  File "/home/pi/actions-runner/_work/thin-edge.io/thin-edge.io/tests/PySys/software_management_end_to_end/environment_sm_management.py", line 381, in wait_until_status
    "Timeout while waiting for status %s or %s" % (status, status2)
SystemError: Timeout while waiting for status SUCCESSFUL or False
11:11:18 WARN  SystemError: Timeout while waiting for status SUCCESSFUL or False ... blocked 
11:11:18 INFO  
11:11:18 INFO  cleanup:
11:11:22 INFO  Executed sudo&lt;tedge_disconnect_c8y&gt;, exit status 0
11:11:23 INFO  Executed systemctl&lt;serv_mapper5&gt;, exit status 3
11:11:23 INFO  
11:11:23 INFO  Test duration: 179.11 secs
11:11:23 INFO  Test final outcome:  BLOCKED
11:11:23 INFO  Test outcome reason: SystemError: Timeout while waiting for status SUCCESSFUL or False (+1 other failures)
11:11:23 INFO  
</system-out>
	</testcase>
</testsuite><testsuite name="SoftwareManagement.sm_apt_install_remove_with_version" tests="3" errors="0" failures="0" skipped="1" time="0"><testcase classname="PySysTest" name="SoftwareManagement.sm_apt_install_remove_with_version">
		<skipped message="SKIPPED: Testing the apt plugin is not supported on this platform.Use parameter -XmyPlatform='container' to enable it" />
		<system-out>10:07:43 INFO  ==============================================================
10:07:43 INFO  Id:    SoftwareManagement.sm_apt_install_remove_with_version
10:07:43 INFO  Dir:   software_management_end_to_end/
10:07:43 INFO  Title: Validate end to end behaviour for the apt plugin for packages with version
10:07:43 INFO  ==============================================================
10:07:43 INFO  Testing the apt plugin is not supported on this platform.Use parameter -XmyPlatform='container' to enable it ... skipped
10:07:43 WARN  Aborted test due to SKIPPED outcome
10:07:43 INFO  
10:07:43 INFO  Test duration: 0.02 secs
10:07:43 INFO  Test final outcome:  SKIPPED
10:07:43 INFO  Test outcome reason: Testing the apt plugin is not supported on this platform.Use parameter -XmyPlatform='container' to enable it
10:07:43 INFO  
</system-out>
	</testcase>
<testcase classname="PySysTest" name="SoftwareManagement.sm_apt_install_remove_with_version" />
<testcase classname="PySysTest" name="SoftwareManagement.sm_apt_install_remove_with_version" />
</testsuite><testsuite name="SoftwareManagement.sm_docker_install_remove_multiple" tests="3" errors="0" failures="0" skipped="1" time="0"><testcase classname="SMDockerInstallRemove" name="SoftwareManagement.sm_docker_install_remove_multiple">
		<skipped message="SKIPPED: Testing the apt plugin is not supported on this platform.Use parameter -XmyPlatform='container' to enable it" />
		<system-out>10:07:43 INFO  ==============================================================
10:07:43 INFO  Id:    SoftwareManagement.sm_docker_install_remove_multiple
10:07:43 INFO  Dir:   software_management_end_to_end/
10:07:43 INFO  Title: Validate end to end behaviour for the docker plugin for multiple docker images with mixed versions
10:07:43 INFO  ==============================================================
10:07:43 INFO  Testing the apt plugin is not supported on this platform.Use parameter -XmyPlatform='container' to enable it ... skipped
10:07:43 WARN  Aborted test due to SKIPPED outcome
10:07:43 INFO  
10:07:43 INFO  Test duration: 0.03 secs
10:07:43 INFO  Test final outcome:  SKIPPED
10:07:43 INFO  Test outcome reason: Testing the apt plugin is not supported on this platform.Use parameter -XmyPlatform='container' to enable it
10:07:43 INFO  
</system-out>
	</testcase>
<testcase classname="SMDockerInstallRemove" name="SoftwareManagement.sm_docker_install_remove_multiple" />
<testcase classname="SMDockerInstallRemove" name="SoftwareManagement.sm_docker_install_remove_multiple" />
</testsuite><testsuite name="SoftwareManagement.sm_fake_install_remove" tests="2" errors="0" failures="0" skipped="1" time="0"><testcase classname="PySysTest" name="SoftwareManagement.sm_fake_install_remove">
		<skipped message="SKIPPED: Testing the fake plugin is not enabled.Use parameter -Xfakeplugin=fakeplugin to enable it" />
		<system-out>10:07:43 INFO  ==============================================================
10:07:43 INFO  Id:    SoftwareManagement.sm_fake_install_remove
10:07:43 INFO  Dir:   software_management_end_to_end/
10:07:43 INFO  Title: Validate end to end behaviour for the dummy plugin for installation and removal of packages
10:07:43 INFO  ==============================================================
10:07:43 INFO  Testing the fake plugin is not enabled.Use parameter -Xfakeplugin=fakeplugin to enable it ... skipped
10:07:43 WARN  Aborted test due to SKIPPED outcome
10:07:43 INFO  
10:07:43 INFO  Test duration: 0.02 secs
10:07:43 INFO  Test final outcome:  SKIPPED
10:07:43 INFO  Test outcome reason: Testing the fake plugin is not enabled.Use parameter -Xfakeplugin=fakeplugin to enable it
10:07:43 INFO  
</system-out>
	</testcase>
<testcase classname="PySysTest" name="SoftwareManagement.sm_fake_install_remove" />
</testsuite><testsuite name="SoftwareManagement.sm_fake_install_remove_multiple" tests="2" errors="0" failures="0" skipped="1" time="0"><testcase classname="PySysTest" name="SoftwareManagement.sm_fake_install_remove_multiple">
		<skipped message="SKIPPED: Testing the fake plugin is not enabled.Use parameter -Xfakeplugin=fakeplugin to enable it" />
		<system-out>10:07:43 INFO  ==============================================================
10:07:43 INFO  Id:    SoftwareManagement.sm_fake_install_remove_multiple
10:07:43 INFO  Dir:   software_management_end_to_end/
10:07:43 INFO  Title: Validate end to end behaviour for the dummy-plugin for multiple packages
10:07:43 INFO  ==============================================================
10:07:43 INFO  Testing the fake plugin is not enabled.Use parameter -Xfakeplugin=fakeplugin to enable it ... skipped
10:07:43 WARN  Aborted test due to SKIPPED outcome
10:07:43 INFO  
10:07:43 INFO  Test duration: 0.02 secs
10:07:43 INFO  Test final outcome:  SKIPPED
10:07:43 INFO  Test outcome reason: Testing the fake plugin is not enabled.Use parameter -Xfakeplugin=fakeplugin to enable it
10:07:44 INFO  
</system-out>
	</testcase>
<testcase classname="PySysTest" name="SoftwareManagement.sm_fake_install_remove_multiple" />
</testsuite><testsuite name="SoftwareManagement.sm_mapper_fail_and_reconnect" tests="2" errors="0" failures="0" skipped="2" time="0"><testcase classname="MapperC8yReceiveLastMessageOnRestart" name="SoftwareManagement.sm_mapper_fail_and_reconnect">
		<skipped message="SKIPPED: instable https://github.com/thin-edge/thin-edge.io/issues/752" />
		<system-out>10:07:44 INFO  ==============================================================
10:07:44 INFO  Id:    SoftwareManagement.sm_mapper_fail_and_reconnect
10:07:44 INFO  Dir:   software_management_end_to_end/
10:07:44 INFO  Title: Validate the tedge-mapper-sm-c8y for receiving the last message on restart
10:07:44 INFO  ==============================================================
10:07:44 INFO  instable https://github.com/thin-edge/thin-edge.io/issues/752 ... skipped
10:07:44 INFO  
10:07:44 INFO  Test duration: 0.02 secs
10:07:44 INFO  Test final outcome:  SKIPPED
10:07:44 INFO  Test outcome reason: instable https://github.com/thin-edge/thin-edge.io/issues/752
10:07:44 INFO  
</system-out>
	</testcase>
<testcase classname="MapperC8yReceiveLastMessageOnRestart" name="SoftwareManagement.sm_mapper_fail_and_reconnect">
		<skipped message="SKIPPED: instable https://github.com/thin-edge/thin-edge.io/issues/752" />
		<system-out>11:18:03 INFO  ==============================================================
11:18:03 INFO  Id:    SoftwareManagement.sm_mapper_fail_and_reconnect
11:18:03 INFO  Dir:   software_management_end_to_end/
11:18:03 INFO  Title: Validate the tedge-mapper-sm-c8y for receiving the last message on restart
11:18:03 INFO  ==============================================================
11:18:03 INFO  instable https://github.com/thin-edge/thin-edge.io/issues/752 ... skipped
11:18:03 INFO  
11:18:03 INFO  Test duration: 0.04 secs
11:18:03 INFO  Test final outcome:  SKIPPED
11:18:03 INFO  Test outcome reason: instable https://github.com/thin-edge/thin-edge.io/issues/752
11:18:03 INFO  
</system-out>
	</testcase>
</testsuite><testsuite name="SoftwareManagement.sm_mixed_install_remove_multiple" tests="2" errors="0" failures="1" skipped="1" time="0"><testcase classname="PySysTest" name="SoftwareManagement.sm_mixed_install_remove_multiple">
		<skipped message="SKIPPED: Testing the fake plugin is not enabled.Use parameter -Xfakeplugin=fakeplugin to enable it" />
		<system-out>10:07:44 INFO  ==============================================================
10:07:44 INFO  Id:    SoftwareManagement.sm_mixed_install_remove_multiple
10:07:44 INFO  Dir:   software_management_end_to_end/
10:07:44 INFO  Title: Validate end to end behaviour for the dummy-plugin for multiple packages with mixed versions
10:07:44 INFO  ==============================================================
10:07:44 INFO  Testing the fake plugin is not enabled.Use parameter -Xfakeplugin=fakeplugin to enable it ... skipped
10:07:44 WARN  Aborted test due to SKIPPED outcome
10:07:44 INFO  
10:07:44 INFO  Test duration: 0.02 secs
10:07:44 INFO  Test final outcome:  SKIPPED
10:07:44 INFO  Test outcome reason: Testing the fake plugin is not enabled.Use parameter -Xfakeplugin=fakeplugin to enable it
10:07:44 INFO  
</system-out>
	</testcase>
<testcase classname="PySysTest" name="SoftwareManagement.sm_mixed_install_remove_multiple">
		<failure message="FAILED: Assert that (False == value) with value=True" type="FAILED" />
		<system-out>11:18:03 INFO  ==============================================================
11:18:03 INFO  Id:    SoftwareManagement.sm_mixed_install_remove_multiple
11:18:03 INFO  Dir:   software_management_end_to_end/
11:18:03 INFO  Title: Validate end to end behaviour for the dummy-plugin for multiple packages with mixed versions
11:18:03 INFO  ==============================================================
[...]
09:55:47 INFO  Executed sudo&lt;rm_tmp_logs&gt;, exit status 0
09:55:48 INFO  Executed sudo&lt;send_failed&gt;, exit status 0
09:55:48 INFO  Executed sudo&lt;log_file_daemon&gt;, exit status 0
09:55:52 INFO  Executed sudo&lt;tedge_disconnect_c8y&gt;, exit status 0
09:55:53 INFO  Executed systemctl&lt;serv_mapper5&gt;, exit status 3
09:55:53 INFO  
09:55:53 INFO  Test duration: 27.93 secs
09:55:53 INFO  Test final outcome:  BLOCKED
09:55:53 INFO  Test outcome reason: TypeError: 'NoneType' object is not subscriptable
09:55:53 INFO  
</system-out>
	</testcase>
</testsuite><testsuite name="log_request_num_lines" tests="1" errors="0" failures="1" skipped="0" time="0"><testcase classname="LogRequestVerifyNumberOfLines" name="log_request_num_lines">
		<failure message="BLOCKED: TypeError: 'NoneType' object is not subscriptable" type="BLOCKED" />
		<system-out>09:55:53 INFO  ==============================================================
09:55:53 INFO  Id:    log_request_num_lines
09:55:53 INFO  Dir:   log_request_end_to_end/
09:55:53 INFO  Title: Validate end to end behaviour for the log request operation check for number of lines
09:55:53 INFO  ==============================================================
09:55:53 INFO  EnvironmentC8y Setup
09:55:54 INFO  Executed systemctl&lt;serv_mapper1&gt;, exit status 3
09:55:54 INFO  Restarting mosquitto too frequently in the last 10 seconds. It was only up for 5 seconds
09:55:54 INFO  Delaying execution by 6 seconds
09:56:14 INFO  Executed sudo&lt;tedge_connect_c8y&gt;, exit status 0, duration 13 secs
09:56:14 INFO  Executed sudo&lt;tedge_connect_c8y_test&gt;, exit status 0
09:56:15 INFO  Executed systemctl&lt;serv_mosq2&gt;, exit status 0
09:56:15 INFO  Executed systemctl&lt;serv_mapper3&gt;, exit status 0
09:56:16 INFO  Executed sudo&lt;rm_logs&gt;, exit status 0
09:56:16 INFO  Executed sudo&lt;move_logs&gt;, exit status 0
09:56:17 INFO  Executed sudo&lt;log_file_daemon&gt;, exit status 0
09:56:18 WARN  TypeError occurred while running test - 'NoneType' object is not subscriptable
Traceback (most recent call last):
  File "/home/pi/env-pysys/lib/python3.7/site-packages/pysys/baserunner.py", line 1294, in __call__
    self.testObj.execute()
  File "/home/pi/actions-runner/_work/thin-edge.io/thin-edge.io/tests/PySys/log_request_end_to_end/log_request_num_lines/run.py", line 46, in execute
    log_file_request_payload, self.project.deviceid
  File "/home/pi/actions-runner/_work/thin-edge.io/thin-edge.io/tests/PySys/environments/cumulocity.py", line 101, in trigger_log_request
    "deviceId": self.device_fragment["id"],
TypeError: 'NoneType' object is not subscriptable
09:56:18 WARN  TypeError: 'NoneType' object is not subscriptable ... blocked 
09:56:18 INFO  
09:56:18 INFO  cleanup:
09:56:18 INFO  Executed sudo&lt;rm_logs&gt;, exit status 0
09:56:19 INFO  Executed sudo&lt;rm_tmp_logs&gt;, exit status 0
09:56:19 INFO  Executed sudo&lt;send_failed&gt;, exit status 0
09:56:20 INFO  Executed sudo&lt;log_file_daemon&gt;, exit status 0
09:56:24 INFO  Executed sudo&lt;tedge_disconnect_c8y&gt;, exit status 0
09:56:24 INFO  Executed systemctl&lt;serv_mapper5&gt;, exit status 3
09:56:24 INFO  
09:56:24 INFO  Test duration: 31.33 secs
09:56:24 INFO  Test final outcome:  BLOCKED
09:56:24 INFO  Test outcome reason: TypeError: 'NoneType' object is not subscriptable
09:56:24 INFO  
</system-out>
	</testcase>
</testsuite><testsuite name="mapper_awaits_before_reconnect" tests="1" errors="0" failures="1" skipped="0" time="0"><testcase classname="MapperReconnectAwait" name="mapper_awaits_before_reconnect">
		<failure message="FAILED: Line count on tedge_mapper_journal.out for &quot;tedge_mapper::core::mapper: MQTT connection error:&quot; expected &gt;=2 but got 0" type="FAILED" />
		<system-out>10:10:48 INFO  ==============================================================
10:10:48 INFO  Id:    mapper_awaits_before_reconnect
10:10:48 INFO  Dir:   tedge_mapper_c8y/
10:10:48 INFO  Title: Validate mapper doesn't reconnect too often
10:10:48 INFO  ==============================================================
10:10:48 INFO  Started mosquitto_sub with process id 1925
10:10:48 INFO  Waiting for 0.1 seconds
10:10:48 INFO  Executed sudo&lt;tedge_mapper&gt;, exit status 0
10:10:48 INFO  Waiting for 5.0 seconds
10:10:54 INFO  Executed sudo&lt;tedge_mapper&gt;, exit status 0
10:10:57 INFO  Executed sudo&lt;tedge_mapper_journal&gt;, exit status 0
10:10:57 WARN  Grep on tedge_mapper_journal.out contains "ERROR" ... failed [run.py:67]
10:10:57 INFO  Line count on file tedge_mapper_journal.out ... passed
10:10:57 WARN  Line count on tedge_mapper_journal.out for "tedge_mapper::core::mapper: MQTT connection error:" expected &gt;=2 but got 0 ... failed [run.py:78]
10:10:57 WARN  Aborted test due to FAILED outcome
10:10:57 INFO  
10:10:57 INFO  Test duration: 9.10 secs
10:10:57 INFO  Test final outcome:  FAILED
10:10:57 INFO  Test outcome reason: Line count on tedge_mapper_journal.out for "tedge_mapper::core::mapper: MQTT connection error:" expected &gt;=2 but got 0
10:10:57 INFO  
</system-out>
	</testcase>
</testsuite><testsuite name="monitoring_smaller_interval" tests="1" errors="0" failures="1" skipped="0" time="0"><testcase classname="MonitoringSmallInterval" name="monitoring_smaller_interval">
		<failure message="BLOCKED: TypeError: 'int' object is not subscriptable" type="BLOCKED" />
		<system-out>09:57:48 INFO  ==============================================================
09:57:48 INFO  Id:    monitoring_smaller_interval
09:57:48 INFO  Dir:   monitoring/
09:57:48 INFO  Title: Validate the tedge dm agent messages that are produced with smaller sampling interval than the batching window. Here the simulated collectd messages are used
09:57:48 INFO  ==============================================================
09:57:49 INFO  Executed sudo&lt;collectd&gt;, exit status 0
09:57:49 INFO  Executed sudo&lt;collectd_mapper&gt;, exit status 0
09:57:49 INFO  Started sudo&lt;tedge_sub&gt; with process id 30479
09:57:50 INFO  Executed sudo&lt;tedge_temp&gt;, exit status 0
09:57:50 INFO  Executed sudo&lt;tedge_pres&gt;, exit status 0
09:57:51 INFO  Executed sudo&lt;tedge_temp&gt;, exit status 0
09:57:51 INFO  Executed sudo&lt;tedge_pres&gt;, exit status 0
09:57:52 INFO  Executed sudo&lt;tedge_temp&gt;, exit status 0
09:57:53 INFO  Executed sudo&lt;tedge_pres&gt;, exit status 0
09:57:53 INFO  Executed sudo&lt;tedge_temp&gt;, exit status 0
09:57:54 INFO  Executed sudo&lt;tedge_pres&gt;, exit status 0
09:57:54 INFO  Executed sudo&lt;tedge_temp&gt;, exit status 0
09:57:55 INFO  Executed sudo&lt;tedge_pres&gt;, exit status 0
09:57:55 INFO  Executed sudo&lt;tedge_temp&gt;, exit status 0
09:57:56 INFO  Executed sudo&lt;tedge_pres&gt;, exit status 0
09:57:57 INFO  Executed sudo&lt;tedge_temp&gt;, exit status 0
09:57:57 INFO  Executed sudo&lt;tedge_pres&gt;, exit status 0
09:57:58 INFO  Executed sudo&lt;tedge_temp&gt;, exit status 0
09:57:58 INFO  Executed sudo&lt;tedge_pres&gt;, exit status 0
09:57:59 INFO  Executed sudo&lt;tedge_temp&gt;, exit status 0
09:57:59 INFO  Executed sudo&lt;tedge_pres&gt;, exit status 0
09:58:00 INFO  Executed sudo&lt;tedge_temp&gt;, exit status 0
09:58:01 INFO  Executed sudo&lt;tedge_pres&gt;, exit status 0
09:58:02 INFO  Executed sudo&lt;kill_out&gt;, exit status 0
09:58:02 INFO  0

09:58:02 WARN  TypeError occurred while running test - 'int' object is not subscriptable
Traceback (most recent call last):
  File "/home/pi/env-pysys/lib/python3.7/site-packages/pysys/baserunner.py", line 1296, in __call__
    self.testObj.validate()
  File "/home/pi/actions-runner/_work/thin-edge.io/thin-edge.io/tests/PySys/monitoring/monitoring_smaller_interval/run.py", line 104, in validate
    collectd_msg_validation_result=self.validate_json(),
  File "/home/pi/actions-runner/_work/thin-edge.io/thin-edge.io/tests/PySys/monitoring/monitoring_smaller_interval/run.py", line 114, in validate_json
    if not self.validate_time():
  File "/home/pi/actions-runner/_work/thin-edge.io/thin-edge.io/tests/PySys/monitoring/monitoring_smaller_interval/run.py", line 134, in validate_time
    if self.js_msg["time"]:
TypeError: 'int' object is not subscriptable
09:58:02 WARN  TypeError: 'int' object is not subscriptable ... blocked 
09:58:02 INFO  
09:58:02 INFO  cleanup:
09:58:02 INFO  monitoring_cleanup
09:58:03 INFO  Executed sudo&lt;collectd_mapper&gt;, exit status 0
09:58:03 INFO  
09:58:03 INFO  Test duration: 14.89 secs
09:58:03 INFO  Test final outcome:  BLOCKED
09:58:03 INFO  Test outcome reason: TypeError: 'int' object is not subscriptable
09:58:03 INFO  
</system-out>
	</testcase>
</testsuite><testsuite name="monitoring_with_collectd" tests="1" errors="0" failures="0" skipped="1" time="0"><testcase classname="MonitoringWithCollectd" name="monitoring_with_collectd">
		<skipped message="SKIPPED: Test execution disabled due to #792 (instable)" />
		<system-out>09:58:03 INFO  ==============================================================
09:58:03 INFO  Id:    monitoring_with_collectd
09:58:03 INFO  Dir:   monitoring/
09:58:03 INFO  Title: Validate tedge dm agent messages that are produced by batching the collectd messages
09:58:03 INFO  ==============================================================
09:58:03 INFO  Test execution disabled due to #792 (instable) ... skipped
09:58:03 INFO  
09:58:03 INFO  Test duration: 0.02 secs
09:58:03 INFO  Test final outcome:  SKIPPED
09:58:03 INFO  Test outcome reason: Test execution disabled due to #792 (instable)
09:58:03 INFO  
</system-out>
	</testcase>
</testsuite><testsuite name="monitoring_with_simulated_messages" tests="1" errors="0" failures="1" skipped="0" time="0"><testcase classname="MonitoringWithSimulatedMessages" name="monitoring_with_simulated_messages">
		<failure message="BLOCKED: TypeError: 'int' object is not subscriptable" type="BLOCKED" />
		<system-out>09:58:03 INFO  ==============================================================
09:58:03 INFO  Id:    monitoring_with_simulated_messages
09:58:03 INFO  Dir:   monitoring/
09:58:03 INFO  Title: Validate the tedge dm agent messages that are produced from the simulated collectd messages
09:58:03 INFO  ==============================================================
09:58:03 INFO  Executed sudo&lt;collectd&gt;, exit status 0
09:58:04 INFO  Executed sudo&lt;collectd_mapper&gt;, exit status 0
09:58:04 INFO  Started sudo&lt;tedge_sub&gt; with process id 30537
09:58:05 INFO  Executed sudo&lt;tedge_temp&gt;, exit status 0
09:58:05 INFO  Executed sudo&lt;tedge_pres&gt;, exit status 0
09:58:07 INFO  Executed sudo&lt;kill_out&gt;, exit status 0
09:58:07 INFO  0

09:58:07 WARN  TypeError occurred while running test - 'int' object is not subscriptable
Traceback (most recent call last):
  File "/home/pi/env-pysys/lib/python3.7/site-packages/pysys/baserunner.py", line 1296, in __call__
    self.testObj.validate()
  File "/home/pi/actions-runner/_work/thin-edge.io/thin-edge.io/tests/PySys/monitoring/monitoring_with_simulated_messages/run.py", line 98, in validate
    collectd_msg_validation_result=self.validate_json(),
  File "/home/pi/actions-runner/_work/thin-edge.io/thin-edge.io/tests/PySys/monitoring/monitoring_with_simulated_messages/run.py", line 108, in validate_json
    if not self.validate_time():
  File "/home/pi/actions-runner/_work/thin-edge.io/thin-edge.io/tests/PySys/monitoring/monitoring_with_simulated_messages/run.py", line 127, in validate_time
    if self.js_msg["time"]:
TypeError: 'int' object is not subscriptable
09:58:07 WARN  TypeError: 'int' object is not subscriptable ... blocked 
09:58:07 INFO  
09:58:07 INFO  cleanup:
09:58:07 INFO  monitoring_cleanup
09:58:07 INFO  Executed sudo&lt;collectd_mapper&gt;, exit status 0
09:58:07 INFO  
09:58:07 INFO  Test duration: 4.44 secs
09:58:07 INFO  Test final outcome:  BLOCKED
09:58:07 INFO  Test outcome reason: TypeError: 'int' object is not subscriptable
09:58:07 INFO  
</system-out>
	</testcase>
</testsuite><testsuite name="mqtt_port_change_connection_fails" tests="1" errors="0" failures="0" skipped="0" time="0"><testcase classname="MqttPortChangeConnectionFails" name="mqtt_port_change_connection_fails" />
</testsuite><testsuite name="mqtt_port_change_connection_works" tests="1" errors="0" failures="0" skipped="1" time="0"><testcase classname="MqttPortChangeConnectionWorks" name="mqtt_port_change_connection_works">
		<skipped message="SKIPPED: failing intermitently" />
		<system-out>09:57:00 INFO  ==============================================================
09:57:00 INFO  Id:    mqtt_port_change_connection_works
09:57:00 INFO  Dir:   misc_features/
09:57:00 INFO  Title: mqtt port change connection works for all the thin-edge services that use the mosquitto broker
09:57:00 INFO  ==============================================================
09:57:00 INFO  failing intermitently ... skipped
09:57:00 INFO  
09:57:00 INFO  Test duration: 0.02 secs
09:57:00 INFO  Test final outcome:  SKIPPED
09:57:00 INFO  Test outcome reason: failing intermitently
09:57:00 INFO  
</system-out>
	</testcase>
</testsuite><testsuite name="publish_flux" tests="1" errors="0" failures="0" skipped="0" time="0"><testcase classname="PublishFlux" name="publish_flux" />
</testsuite><testsuite name="publish_sawmill" tests="1" errors="0" failures="0" skipped="0" time="0"><testcase classname="PublishSawmill" name="publish_sawmill" />
</testsuite><testsuite name="runtime_start_two_mappers" tests="1" errors="0" failures="0" skipped="0" time="0"><testcase classname="RuntimeMultiMappers" name="runtime_start_two_mappers" />
</testsuite><testsuite name="sm_tedge_mapper_init_session" tests="1" errors="0" failures="0" skipped="0" time="0"><testcase classname="TedgeSMMapperInitSession" name="sm_tedge_mapper_init_session" />
</testsuite><testsuite name="smoketest_json" tests="1" errors="0" failures="0" skipped="0" time="0"><testcase classname="SmokeTestJson" name="smoketest_json" />
</testsuite><testsuite name="smoketest_json_400_samples_10ms" tests="1" errors="0" failures="0" skipped="0" time="0"><testcase classname="SmoketestJson400Samples10ms" name="smoketest_json_400_samples_10ms" />
</testsuite><testsuite name="smoketest_json_400_samples_20ms" tests="1" errors="0" failures="0" skipped="0" time="0"><testcase classname="SmoketestJson400Samples20ms" name="smoketest_json_400_samples_20ms" />
</testsuite><testsuite name="smoketest_smartrest" tests="1" errors="0" failures="0" skipped="0" time="0"><testcase classname="SmoketestSmartRest" name="smoketest_smartrest" />
</testsuite><testsuite name="smoketest_smartrest_400_samples_1Xms" tests="1" errors="0" failures="0" skipped="0" time="0"><testcase classname="SmoketestSmartRest400Samples1Xms" name="smoketest_smartrest_400_samples_1Xms" />
</testsuite><testsuite name="smoketest_smartrest_400_samples_20ms" tests="1" errors="0" failures="0" skipped="0" time="0"><testcase classname="SmoketestSmartRest400Samples20ms" name="smoketest_smartrest_400_samples_20ms" />
</testsuite><testsuite name="tedge_agent_user_sudo_access" tests="1" errors="0" failures="0" skipped="1" time="0"><testcase classname="TedgeAgentUserSudoAccess" name="tedge_agent_user_sudo_access">
		<skipped message="SKIPPED: #955 Observation: Exit code of the apt plugin when called with no arguments" />
		<system-out>10:08:10 INFO  ==============================================================
10:08:10 INFO  Id:    tedge_agent_user_sudo_access
10:08:10 INFO  Dir:   tedge/
10:08:10 INFO  Title: Validate tedge-agent user has a limited sudo right
10:08:10 INFO  ==============================================================
10:08:10 INFO  #955 Observation: Exit code of the apt plugin when called with no arguments ... skipped
10:08:10 INFO  
10:08:10 INFO  Test duration: 0.02 secs
10:08:10 INFO  Test final outcome:  SKIPPED
10:08:10 INFO  Test outcome reason: #955 Observation: Exit code of the apt plugin when called with no arguments
10:08:10 INFO  
</system-out>
	</testcase>
</testsuite><testsuite name="tedge_connect_test_negative" tests="1" errors="0" failures="0" skipped="0" time="0"><testcase classname="TedgeConnectTestNegative" name="tedge_connect_test_negative" />
</testsuite><testsuite name="tedge_connect_test_positive" tests="1" errors="0" failures="0" skipped="0" time="0"><testcase classname="TedgeConnectTestPositive" name="tedge_connect_test_positive" />
</testsuite><testsuite name="tedge_connect_test_sm_services" tests="1" errors="0" failures="0" skipped="0" time="0"><testcase classname="TedgeConnectTestSMServices" name="tedge_connect_test_sm_services" />
</testsuite><testsuite name="tedge_disconnect_test_sm_services" tests="1" errors="0" failures="0" skipped="0" time="0"><testcase classname="TedgeDisConnectTestSMServices" name="tedge_disconnect_test_sm_services" />
</testsuite><testsuite name="tedge_mapper_az_negative" tests="1" errors="0" failures="0" skipped="0" time="0"><testcase classname="TedgeMapperAzError" name="tedge_mapper_az_negative" />
</testsuite><testsuite name="tedge_mapper_az_with_timestamp" tests="1" errors="0" failures="0" skipped="0" time="0"><testcase classname="TedgeMapperAzWithTimestamp" name="tedge_mapper_az_with_timestamp" />
</testsuite><testsuite name="tedge_mapper_az_without_timestamp" tests="1" errors="0" failures="0" skipped="0" time="0"><testcase classname="TedgeMapperAzWithoutTimestamp" name="tedge_mapper_az_without_timestamp" />
</testsuite><testsuite name="tedge_mapper_c8y_alarms" tests="1" errors="0" failures="0" skipped="0" time="0"><testcase classname="TedgeMapperC8yAlarm" name="tedge_mapper_c8y_alarms" />
</testsuite><testsuite name="tedge_mapper_c8y_child_device_measurement" tests="1" errors="0" failures="0" skipped="0" time="0"><testcase classname="TedgeMapperC8yChildDevice" name="tedge_mapper_c8y_child_device_measurement" />
</testsuite><testsuite name="tedge_mapper_c8y_packet_threshold_size" tests="1" errors="0" failures="1" skipped="0" time="0"><testcase classname="TedgeMapperC8yThresholdPacketSize" name="tedge_mapper_c8y_packet_threshold_size">
		<failure message="FAILED: Grep on tedge_sub.out contains &quot;The size of the message received on tedge/measurements is 20489 which is greater than the threshold size of 16184.&quot;" type="FAILED" />
		<system-out>10:12:33 INFO  ==============================================================
10:12:33 INFO  Id:    tedge_mapper_c8y_packet_threshold_size
10:12:33 INFO  Dir:   tedge_mapper_c8y/
10:12:33 INFO  Title: Validate the Cumulocity Mapper accepted threshold packet size when it receives a message on tedge/measurements
10:12:33 INFO  ==============================================================
10:12:34 INFO  Executed sudo&lt;tedge_mapper_c8y&gt;, exit status 0
10:12:34 INFO  Started sudo&lt;tedge_sub&gt; with process id 2522
10:12:35 INFO  Executed sudo&lt;tedge_msg&gt;, exit status 0
10:12:35 INFO  Executed sudo&lt;tedge_pub&gt;, exit status 0
10:12:36 INFO  Executed sudo&lt;kill_out&gt;, exit status 0
10:12:36 WARN  Grep on tedge_sub.out contains "The size of the message received on tedge/measurements is 20489 which is greater than the threshold size of 16184." ... failed [run.py:88]
10:12:36 INFO  
10:12:36 INFO  cleanup:
10:12:36 INFO  mapper_cleanup
10:12:36 INFO  Executed sudo&lt;tedge_mapper_c8y&gt;, exit status 0
10:12:36 INFO  
10:12:36 INFO  Test duration: 2.97 secs
10:12:36 INFO  Test final outcome:  FAILED
10:12:36 INFO  Test outcome reason: Grep on tedge_sub.out contains "The size of the message received on tedge/measurements is 20489 which is greater than the threshold size of 16184."
10:12:36 INFO  
</system-out>
	</testcase>
</testsuite><testsuite name="tedge_software_update" tests="1" errors="0" failures="0" skipped="0" time="0"><testcase classname="PySysTest" name="tedge_software_update" />
</testsuite><testsuite name="valid_device_id" tests="1" errors="0" failures="0" skipped="0" time="0"><testcase classname="ValidateValidDeviceId" name="valid_device_id" />
</testsuite></testsuites>