<?xml version='1.0' encoding='utf-8'?>
<testsuites tests="147" failures="24" errors="0" skipped="45" time="0.0"><testsuite name="SoftwareManagement.Plugin.apama_plugin_install" tests="3" errors="0" failures="0" skipped="1" time="0"><testcase classname="ApamaPluginInstallTest" name="SoftwareManagement.Plugin.apama_plugin_install">
		<skipped message="SKIPPED: Apama plugin tests are disabled by default. Execute `pysys run` with `-XmyPlatform=container` to run these tests" />
		<system-out>12:23:19 INFO  ==============================================================
12:23:19 INFO  Id:    SoftwareManagement.Plugin.apama_plugin_install
12:23:19 INFO  Dir:   plugin_apama/
12:23:19 INFO  Title: Validate apama plugin install
12:23:19 INFO  ==============================================================
12:23:19 INFO  Apama plugin tests are disabled by default. Execute `pysys run` with `-XmyPlatform=container` to run these tests ... skipped
12:23:19 WARN  Aborted test due to SKIPPED outcome
12:23:19 INFO  
12:23:19 INFO  Test duration: 0.05 secs
12:23:19 INFO  Test final outcome:  SKIPPED
12:23:19 INFO  Test outcome reason: Apama plugin tests are disabled by default. Execute `pysys run` with `-XmyPlatform=container` to run these tests
12:23:19 INFO  
</system-out>
	</testcase>
<testcase classname="ApamaPluginInstallTest" name="SoftwareManagement.Plugin.apama_plugin_install" />
<testcase classname="ApamaPluginInstallTest" name="SoftwareManagement.Plugin.apama_plugin_install" />
</testsuite><testsuite name="SoftwareManagement.Plugin.apama_plugin_mon_support" tests="3" errors="0" failures="0" skipped="1" time="0"><testcase classname="ApamaPluginMonSupportTest" name="SoftwareManagement.Plugin.apama_plugin_mon_support">
		<skipped message="SKIPPED: Apama plugin tests are disabled by default. Execute `pysys run` with `-XmyPlatform=container` to run these tests" />
		<system-out>12:23:19 INFO  ==============================================================
12:23:19 INFO  Id:    SoftwareManagement.Plugin.apama_plugin_mon_support
12:23:19 INFO  Dir:   plugin_apama/
12:23:19 INFO  Title: Validate mon file support of apama plugin
12:23:19 INFO  ==============================================================
12:23:19 INFO  Apama plugin tests are disabled by default. Execute `pysys run` with `-XmyPlatform=container` to run these tests ... skipped
12:23:19 WARN  Aborted test due to SKIPPED outcome
12:23:19 INFO  
12:23:19 INFO  Test duration: 0.03 secs
12:23:19 INFO  Test final outcome:  SKIPPED
12:23:19 INFO  Test outcome reason: Apama plugin tests are disabled by default. Execute `pysys run` with `-XmyPlatform=container` to run these tests
12:23:19 INFO  
</system-out>
	</testcase>
<testcase classname="ApamaPluginMonSupportTest" name="SoftwareManagement.Plugin.apama_plugin_mon_support" />
<testcase classname="ApamaPluginMonSupportTest" name="SoftwareManagement.Plugin.apama_plugin_mon_support" />
</testsuite><testsuite name="SoftwareManagement.Plugin.apama_plugin_remove" tests="3" errors="0" failures="0" skipped="1" time="0"><testcase classname="ApamaPluginRemoveTest" name="SoftwareManagement.Plugin.apama_plugin_remove">
		<skipped message="SKIPPED: Apama plugin tests are disabled by default. Execute `pysys run` with `-XmyPlatform=container` to run these tests" />
		<system-out>12:23:19 INFO  ==============================================================
12:23:19 INFO  Id:    SoftwareManagement.Plugin.apama_plugin_remove
12:23:19 INFO  Dir:   plugin_apama/
12:23:19 INFO  Title: Validate apama plugin remove
12:23:19 INFO  ==============================================================
12:23:19 INFO  Apama plugin tests are disabled by default. Execute `pysys run` with `-XmyPlatform=container` to run these tests ... skipped
12:23:19 WARN  Aborted test due to SKIPPED outcome
12:23:19 INFO  
12:23:19 INFO  Test duration: 0.02 secs
12:23:19 INFO  Test final outcome:  SKIPPED
12:23:19 INFO  Test outcome reason: Apama plugin tests are disabled by default. Execute `pysys run` with `-XmyPlatform=container` to run these tests
12:23:19 INFO  
</system-out>
	</testcase>
<testcase classname="ApamaPluginRemoveTest" name="SoftwareManagement.Plugin.apama_plugin_remove" />
<testcase classname="ApamaPluginRemoveTest" name="SoftwareManagement.Plugin.apama_plugin_remove" />
</testsuite><testsuite name="SoftwareManagement.Plugin.apama_plugin_update" tests="3" errors="0" failures="2" skipped="1" time="0"><testcase classname="ApamaPluginUpdateTest" name="SoftwareManagement.Plugin.apama_plugin_update">
		<skipped message="SKIPPED: Apama plugin tests are disabled by default. Execute `pysys run` with `-XmyPlatform=container` to run these tests" />
		<system-out>12:23:19 INFO  ==============================================================
12:23:19 INFO  Id:    SoftwareManagement.Plugin.apama_plugin_update
12:23:19 INFO  Dir:   plugin_apama/
12:23:19 INFO  Title: Validate apama plugin updating one project with another
12:23:19 INFO  ==============================================================
12:23:19 INFO  Apama plugin tests are disabled by default. Execute `pysys run` with `-XmyPlatform=container` to run these tests ... skipped
12:23:19 WARN  Aborted test due to SKIPPED outcome
12:23:19 INFO  
12:23:19 INFO  Test duration: 0.04 secs
12:23:19 INFO  Test final outcome:  SKIPPED
12:23:19 INFO  Test outcome reason: Apama plugin tests are disabled by default. Execute `pysys run` with `-XmyPlatform=container` to run these tests
12:23:19 INFO  
</system-out>
	</testcase>
<testcase classname="ApamaPluginUpdateTest" name="SoftwareManagement.Plugin.apama_plugin_update">
		<failure message="BLOCKED: sudo&lt;plugin_install&gt; returned non-zero exit code 2" type="BLOCKED" />
		<system-out>13:13:27 INFO  ==============================================================
13:13:27 INFO  Id:    SoftwareManagement.Plugin.apama_plugin_update
13:13:27 INFO  Dir:   plugin_apama/
13:13:27 INFO  Title: Validate apama plugin updating one project with another
13:13:27 INFO  ==============================================================
13:13:27 INFO  Assertion that path exists=False for "/etc/tedge/apama/project" ... passed
13:13:27 INFO  Executed sudo&lt;create_project_dir&gt;, exit status 0
13:13:28 INFO  Executed sudo&lt;unzip_apama_project&gt;, exit status 0
13:13:28 INFO  Executed sudo&lt;move_apama_project&gt;, exit status 0
13:13:29 INFO  Executed sudo&lt;restart_apama_service&gt;, exit status 0
13:13:30 INFO  Executed sudo&lt;apama_correlator_wait&gt;, exit status 0
13:13:30 INFO  Assertion that path exists=True for "/etc/tedge/apama/project" ... passed
13:13:31 INFO  Executed sudo&lt;apama_list_monitors&gt;, exit status 0
13:13:31 INFO  Grep on file /home/pi/actions-runner/_work/thin-edge.io/thin-edge.io/tests/PySys/plugin_apama/apama_plugin_update/Output/linux/apama_list_monitors.out ... passed
13:13:31 WARN  Executed sudo&lt;plugin_install&gt;, exit status 2
13:13:31 INFO  Contents of plugin_install.err: 
  ERROR: Directory not empty (os error 39)
  -----

13:13:32 WARN  sudo&lt;plugin_install&gt; returned non-zero exit code 2 ... blocked [run.py:35]
13:13:32 WARN  Aborted test due to BLOCKED outcome
13:13:32 INFO  
13:13:32 INFO  cleanup:
13:13:32 INFO  Removing apama project
13:13:47 INFO  Executed sudo&lt;stop_apama_service&gt;, exit status 0, duration 15 secs
13:13:47 INFO  Executed sudo&lt;remove_apama_project&gt;, exit status 0
13:13:48 INFO  Executed sudo&lt;remove_apama_tmp_dir&gt;, exit status 0
13:13:48 INFO  
13:13:48 INFO  Test duration: 21.48 secs
13:13:48 INFO  Test final outcome:  BLOCKED
13:13:48 INFO  Test outcome reason: sudo&lt;plugin_install&gt; returned non-zero exit code 2
13:13:48 INFO  
</system-out>
	</testcase>
<testcase classname="ApamaPluginUpdateTest" name="SoftwareManagement.Plugin.apama_plugin_update">
		<failure message="BLOCKED: sudo&lt;plugin_install&gt; returned non-zero exit code 2" type="BLOCKED" />
		<system-out>13:16:44 INFO  ==============================================================
13:16:44 INFO  Id:    SoftwareManagement.Plugin.apama_plugin_update
13:16:44 INFO  Dir:   plugin_apama/
13:16:44 INFO  Title: Validate apama plugin updating one project with another
13:16:44 INFO  ==============================================================
13:16:44 INFO  Assertion that path exists=False for "/etc/tedge/apama/project" ... passed
13:16:44 INFO  Executed sudo&lt;create_project_dir&gt;, exit status 0
13:16:45 INFO  Executed sudo&lt;unzip_apama_project&gt;, exit status 0
13:16:45 INFO  Executed sudo&lt;move_apama_project&gt;, exit status 0
13:16:46 INFO  Executed sudo&lt;restart_apama_service&gt;, exit status 0
13:16:47 INFO  Executed sudo&lt;apama_correlator_wait&gt;, exit status 0
13:16:47 INFO  Assertion that path exists=True for "/etc/tedge/apama/project" ... passed
13:16:48 INFO  Executed sudo&lt;apama_list_monitors&gt;, exit status 0
13:16:48 INFO  Grep on file /home/pi/actions-runner/_work/thin-edge.io/thin-edge.io/tests/PySys/plugin_apama/apama_plugin_update/Output/linux/apama_list_monitors.out ... passed
13:16:48 WARN  Executed sudo&lt;plugin_install&gt;, exit status 2
13:16:48 INFO  Contents of plugin_install.err: 
  ERROR: Directory not empty (os error 39)
  -----

13:16:48 WARN  sudo&lt;plugin_install&gt; returned non-zero exit code 2 ... blocked [run.py:35]
13:16:48 WARN  Aborted test due to BLOCKED outcome
13:16:48 INFO  
13:16:48 INFO  cleanup:
13:16:48 INFO  Removing apama project
13:17:04 INFO  Executed sudo&lt;stop_apama_service&gt;, exit status 0, duration 15 secs
13:17:04 INFO  Executed sudo&lt;remove_apama_project&gt;, exit status 0
13:17:05 INFO  Executed sudo&lt;remove_apama_tmp_dir&gt;, exit status 0
13:17:05 INFO  
13:17:05 INFO  Test duration: 21.35 secs
13:17:05 INFO  Test final outcome:  BLOCKED
13:17:05 INFO  Test outcome reason: sudo&lt;plugin_install&gt; returned non-zero exit code 2
13:17:05 INFO  
</system-out>
	</testcase>
</testsuite><testsuite name="SoftwareManagement.sm_apt_install_download_path" tests="3" errors="0" failures="2" skipped="1" time="0"><testcase classname="AptInstallWithDownloadPath" name="SoftwareManagement.sm_apt_install_download_path">
		<skipped message="SKIPPED: Testing the apt plugin is not supported on this platform.Use parameter -XmyPlatform='container' to enable it" />
		<system-out>12:32:55 INFO  ==============================================================
12:32:55 INFO  Id:    SoftwareManagement.sm_apt_install_download_path
12:32:55 INFO  Dir:   software_management_end_to_end/
12:32:55 INFO  Title: Install package to directory specified in tedge config set tmp.path
12:32:55 INFO  ==============================================================
12:32:55 INFO  Testing the apt plugin is not supported on this platform.Use parameter -XmyPlatform='container' to enable it ... skipped
12:32:55 WARN  Aborted test due to SKIPPED outcome
12:32:55 INFO  
12:32:55 INFO  Test duration: 0.08 secs
12:32:55 INFO  Test final outcome:  SKIPPED
12:32:55 INFO  Test outcome reason: Testing the apt plugin is not supported on this platform.Use parameter -XmyPlatform='container' to enable it
12:32:55 INFO  
</system-out>
	</testcase>
<testcase classname="AptInstallWithDownloadPath" name="SoftwareManagement.sm_apt_install_download_path">
		<failure message="BLOCKED: AssertionError:" type="BLOCKED" />
		<system-out>12:55:31 INFO  ==============================================================
12:55:31 INFO  Id:    SoftwareManagement.sm_apt_install_download_path
12:55:31 INFO  Dir:   software_management_end_to_end/
12:55:31 INFO  Title: Install package to directory specified in tedge config set tmp.path
12:55:31 INFO  ==============================================================
12:55:32 INFO  Using sw id database: {'asciijump': '5475369', 'robotfindskitten': '5474869', 'squirrel3': '5475279', 'rolldice': '5152439', 'moon-buggy': '5439204', 'apple': '5495053', 'banana': '5494888', 'cherry': '5495382', 'watermelon': '5494510', 'registry': '8018911', 'hello-world': '8021526', 'docker/getting-started': '8021973', 'alpine': '7991792'}
12:55:32 INFO  EnvironmentC8y Setup
12:55:32 INFO  Executed systemctl&lt;serv_mapper1&gt;, exit status 3
12:55:46 INFO  Executed sudo&lt;tedge_connect_c8y&gt;, exit status 0, duration 14 secs
12:55:48 INFO  Executed sudo&lt;tedge_connect_c8y_test&gt;, exit status 0
12:55:50 INFO  Executed systemctl&lt;serv_mosq2&gt;, exit status 0
12:55:50 INFO  Executed systemctl&lt;serv_mapper3&gt;, exit status 0
12:55:52 INFO  State of current operation: SUCCESSFUL
12:55:53 INFO  Assert that (False == value) with value=False ... passed
12:55:53 INFO  Executed sudo, exit status 0
12:55:54 INFO  Executed sudo, exit status 0
12:55:54 INFO  Executed sudo, exit status 0
12:55:58 INFO  Executed sudo&lt;tedge_disconnect_c8y&gt;, exit status 0
12:55:58 INFO  Restarting mosquitto too frequently in the last 10 seconds. It was only up for 3 seconds
12:55:58 INFO  Delaying execution by 8 seconds
12:56:20 INFO  Executed sudo&lt;tedge_connect_c8y&gt;, exit status 0, duration 13 secs
12:56:20 INFO  Response status: 201
12:56:20 INFO  Response to action: {
    "creationTime": "2022-04-28T12:56:20.848Z",
    "deviceName": "m32sd10b",
    "deviceId": "17884833",
    "self": "https://t493319102.eu-latest.cumulocity.com/devicecontrol/operations/17910831",
    "id": "17910831",
    "status": "PENDING",
    "description": "Apply software changes, triggered from PySys: [{'name': 'rolldice', 'id': '5152439', 'version': '::apt', 'url': 'https://thin-edge-io.eu-latest.cumulocity.com/inventory/binaries/12435463', 'action': 'install'}]",
    "c8y_SoftwareUpdate": [
        {
            "name": "rolldice",
            "action": "install",
            "id": "5152439",
            "version": "::apt",
            "url": "https://thin-edge-io.eu-latest.cumulocity.com/inventory/binaries/12435463"
        }
    ]
}
12:56:20 INFO  Started operation: {'creationTime': '2022-04-28T12:56:20.848Z', 'deviceName': 'm32sd10b', 'deviceId': '17884833', 'self': 'https://t493319102.eu-latest.cumulocity.com/devicecontrol/operations/17910831', 'id': '17910831', 'status': 'PENDING', 'description': "Apply software changes, triggered from PySys: [{'name': 'rolldice', 'id': '5152439', 'version': '::apt', 'url': 'https://thin-edge-io.eu-latest.cumulocity.com/inventory/binaries/12435463', 'action': 'install'}]", 'c8y_SoftwareUpdate': [{'name': 'rolldice', 'action': 'install', 'id': '5152439', 'version': '::apt', 'url': 'https://thin-edge-io.eu-latest.cumulocity.com/inventory/binaries/12435463'}]}
12:56:20 WARN  , retrying in 0.5 seconds...
12:56:21 WARN  , retrying in 0.5 seconds...
12:56:21 WARN  , retrying in 0.5 seconds...
12:56:22 WARN  , retrying in 0.5 seconds...
12:56:22 WARN  , retrying in 0.5 seconds...
12:56:23 WARN  , retrying in 0.5 seconds...
12:56:23 WARN  , retrying in 0.5 seconds...
12:56:24 WARN  , retrying in 0.5 seconds...
12:56:24 WARN  , retrying in 0.5 seconds...
12:56:25 WARN  AssertionError occurred while running test - 
Traceback (most recent call last):
  File "/home/pi/env-pysys/lib/python3.7/site-packages/pysys/baserunner.py", line 1294, in __call__
    self.testObj.execute()
  File "/home/pi/actions-runner/_work/thin-edge.io/thin-edge.io/tests/PySys/software_management_end_to_end/sm_apt_install_download_path/run.py", line 83, in execute
    assert_install_in_download_path(install_directory=self.DOWNLOAD_DIR)
  File "/home/pi/env-pysys/lib/python3.7/site-packages/decorator.py", line 232, in fun
    return caller(func, *(extras + args), **kw)
  File "/home/pi/env-pysys/lib/python3.7/site-packages/retry/api.py", line 74, in retry_decorator
    logger)
  File "/home/pi/env-pysys/lib/python3.7/site-packages/retry/api.py", line 33, in __retry_internal
    return f()
  File "/home/pi/actions-runner/_work/thin-edge.io/thin-edge.io/tests/PySys/software_management_end_to_end/sm_apt_install_download_path/run.py", line 28, in assert_install_in_download_path
    assert "rolldice" in os.listdir(f"{install_directory}")
AssertionError
12:56:26 WARN  AssertionError: ... blocked 
12:56:26 INFO  
12:56:26 INFO  cleanup:
12:56:26 INFO  Executed sudo, exit status 0
12:56:27 INFO  Executed sudo, exit status 0
12:56:31 INFO  Executed sudo&lt;tedge_disconnect_c8y&gt;, exit status 0
12:56:31 INFO  Restarting mosquitto too frequently in the last 10 seconds. It was only up for 4 seconds
12:56:31 INFO  Delaying execution by 7 seconds
12:56:52 INFO  Executed sudo&lt;tedge_connect_c8y&gt;, exit status 0, duration 14 secs
12:56:57 INFO  Executed sudo&lt;tedge_disconnect_c8y&gt;, exit status 0
12:56:57 INFO  Executed systemctl&lt;serv_mapper5&gt;, exit status 3
12:56:57 INFO  
12:56:57 INFO  Test duration: 85.66 secs
12:56:57 INFO  Test final outcome:  BLOCKED
12:56:57 INFO  Test outcome reason: AssertionError:
12:56:57 INFO  
</system-out>
	</testcase>
<testcase classname="AptInstallWithDownloadPath" name="SoftwareManagement.sm_apt_install_download_path">
		<failure message="BLOCKED: AssertionError:" type="BLOCKED" />
		<system-out>13:17:05 INFO  ==============================================================
13:17:05 INFO  Id:    SoftwareManagement.sm_apt_install_download_path
13:17:05 INFO  Dir:   software_management_end_to_end/
13:17:05 INFO  Title: Install package to directory specified in tedge config set tmp.path
13:17:05 INFO  ==============================================================
13:17:06 INFO  Using sw id database: {'asciijump': '5475369', 'robotfindskitten': '5474869', 'squirrel3': '5475279', 'rolldice': '5152439', 'moon-buggy': '5439204', 'apple': '5495053', 'banana': '5494888', 'cherry': '5495382', 'watermelon': '5494510', 'registry': '8018911', 'hello-world': '8021526', 'docker/getting-started': '8021973', 'alpine': '7991792'}
13:17:06 INFO  EnvironmentC8y Setup
13:17:07 INFO  Executed systemctl&lt;serv_mapper1&gt;, exit status 3
13:17:21 INFO  Executed sudo&lt;tedge_connect_c8y&gt;, exit status 0, duration 14 secs
13:17:22 INFO  Executed sudo&lt;tedge_connect_c8y_test&gt;, exit status 0
13:17:22 INFO  Executed systemctl&lt;serv_mosq2&gt;, exit status 0
13:17:23 INFO  Executed systemctl&lt;serv_mapper3&gt;, exit status 0
13:17:25 INFO  State of current operation: FAILED
13:17:25 INFO  Assert that (False == value) with value=False ... passed
13:17:26 INFO  Executed sudo, exit status 0
13:17:26 INFO  Executed sudo, exit status 0
13:17:27 INFO  Executed sudo, exit status 0
13:17:31 INFO  Executed sudo&lt;tedge_disconnect_c8y&gt;, exit status 0
13:17:31 INFO  Restarting mosquitto too frequently in the last 10 seconds. It was only up for 3 seconds
13:17:31 INFO  Delaying execution by 8 seconds
13:17:53 INFO  Executed sudo&lt;tedge_connect_c8y&gt;, exit status 0, duration 13 secs
13:17:53 INFO  Response status: 201
13:17:53 INFO  Response to action: {
    "creationTime": "2022-04-28T13:17:53.249Z",
    "deviceName": "m32sd10b",
    "deviceId": "17884833",
    "self": "https://t493319102.eu-latest.cumulocity.com/devicecontrol/operations/17910986",
    "id": "17910986",
    "status": "PENDING",
    "description": "Apply software changes, triggered from PySys: [{'name': 'rolldice', 'id': '5152439', 'version': '::apt', 'url': 'https://thin-edge-io.eu-latest.cumulocity.com/inventory/binaries/12435463', 'action': 'install'}]",
    "c8y_SoftwareUpdate": [
        {
            "name": "rolldice",
            "action": "install",
            "id": "5152439",
            "version": "::apt",
            "url": "https://thin-edge-io.eu-latest.cumulocity.com/inventory/binaries/12435463"
        }
    ]
}
13:17:53 INFO  Started operation: {'creationTime': '2022-04-28T13:17:53.249Z', 'deviceName': 'm32sd10b', 'deviceId': '17884833', 'self': 'https://t493319102.eu-latest.cumulocity.com/devicecontrol/operations/17910986', 'id': '17910986', 'status': 'PENDING', 'description': "Apply software changes, triggered from PySys: [{'name': 'rolldice', 'id': '5152439', 'version': '::apt', 'url': 'https://thin-edge-io.eu-latest.cumulocity.com/inventory/binaries/12435463', 'action': 'install'}]", 'c8y_SoftwareUpdate': [{'name': 'rolldice', 'action': 'install', 'id': '5152439', 'version': '::apt', 'url': 'https://thin-edge-io.eu-latest.cumulocity.com/inventory/binaries/12435463'}]}
13:17:53 WARN  , retrying in 0.5 seconds...
13:17:53 WARN  , retrying in 0.5 seconds...
13:17:54 WARN  , retrying in 0.5 seconds...
13:17:54 WARN  , retrying in 0.5 seconds...
13:17:55 WARN  , retrying in 0.5 seconds...
13:17:55 WARN  , retrying in 0.5 seconds...
13:17:56 WARN  , retrying in 0.5 seconds...
13:17:56 WARN  , retrying in 0.5 seconds...
13:17:57 WARN  , retrying in 0.5 seconds...
13:17:57 WARN  AssertionError occurred while running test - 
Traceback (most recent call last):
  File "/home/pi/env-pysys/lib/python3.7/site-packages/pysys/baserunner.py", line 1294, in __call__
    self.testObj.execute()
  File "/home/pi/actions-runner/_work/thin-edge.io/thin-edge.io/tests/PySys/software_management_end_to_end/sm_apt_install_download_path/run.py", line 83, in execute
    assert_install_in_download_path(install_directory=self.DOWNLOAD_DIR)
  File "/home/pi/env-pysys/lib/python3.7/site-packages/decorator.py", line 232, in fun
    return caller(func, *(extras + args), **kw)
  File "/home/pi/env-pysys/lib/python3.7/site-packages/retry/api.py", line 74, in retry_decorator
    logger)
  File "/home/pi/env-pysys/lib/python3.7/site-packages/retry/api.py", line 33, in __retry_internal
    return f()
  File "/home/pi/actions-runner/_work/thin-edge.io/thin-edge.io/tests/PySys/software_management_end_to_end/sm_apt_install_download_path/run.py", line 28, in assert_install_in_download_path
    assert "rolldice" in os.listdir(f"{install_directory}")
AssertionError
13:17:57 WARN  AssertionError: ... blocked 
13:17:57 INFO  
13:17:57 INFO  cleanup:
13:17:58 INFO  Executed sudo, exit status 0
13:17:59 INFO  Executed sudo, exit status 0
13:18:03 INFO  Executed sudo&lt;tedge_disconnect_c8y&gt;, exit status 0
13:18:03 INFO  Restarting mosquitto too frequently in the last 10 seconds. It was only up for 3 seconds
13:18:03 INFO  Delaying execution by 8 seconds
13:18:25 INFO  Executed sudo&lt;tedge_connect_c8y&gt;, exit status 0, duration 14 secs
13:18:29 INFO  Executed sudo&lt;tedge_disconnect_c8y&gt;, exit status 0
13:18:30 INFO  Executed systemctl&lt;serv_mapper5&gt;, exit status 3
13:18:30 INFO  
13:18:30 INFO  Test duration: 84.71 secs
13:18:30 INFO  Test final outcome:  BLOCKED
13:18:30 INFO  Test outcome reason: AssertionError:
13:18:30 INFO  
</system-out>
	</testcase>
</testsuite><testsuite name="SoftwareManagement.sm_apt_install_fail" tests="3" errors="0" failures="0" skipped="1" time="0"><testcase classname="PySysTest" name="SoftwareManagement.sm_apt_install_fail">
		<skipped message="SKIPPED: Testing the apt plugin is not supported on this platform.Use parameter -XmyPlatform='container' to enable it" />
		<system-out>12:32:55 INFO  ==============================================================
12:32:55 INFO  Id:    SoftwareManagement.sm_apt_install_fail
12:32:55 INFO  Dir:   software_management_end_to_end/
12:32:55 INFO  Title: Validate end to end behaviour for a failing installation
12:32:55 INFO  ==============================================================
12:32:55 INFO  Testing the apt plugin is not supported on this platform.Use parameter -XmyPlatform='container' to enable it ... skipped
12:32:55 WARN  Aborted test due to SKIPPED outcome
12:32:55 INFO  
12:32:55 INFO  Test duration: 0.02 secs
12:32:55 INFO  Test final outcome:  SKIPPED
12:32:55 INFO  Test outcome reason: Testing the apt plugin is not supported on this platform.Use parameter -XmyPlatform='container' to enable it
12:32:55 INFO  
</system-out>
	</testcase>
<testcase classname="PySysTest" name="SoftwareManagement.sm_apt_install_fail" />
<testcase classname="PySysTest" name="SoftwareManagement.sm_apt_install_fail" />
</testsuite><testsuite name="SoftwareManagement.sm_apt_install_remove" tests="3" errors="0" failures="0" skipped="1" time="0"><testcase classname="PySysTest" name="SoftwareManagement.sm_apt_install_remove">
		<skipped message="SKIPPED: Testing the apt plugin is not supported on this platform.Use parameter -XmyPlatform='container' to enable it" />
		<system-out>12:32:55 INFO  ==============================================================
12:32:55 INFO  Id:    SoftwareManagement.sm_apt_install_remove
12:32:55 INFO  Dir:   software_management_end_to_end/
12:32:55 INFO  Title: Validate end to end behaviour for the apt plugin for installation and removal of packages
12:32:55 INFO  ==============================================================
12:32:55 INFO  Testing the apt plugin is not supported on this platform.Use parameter -XmyPlatform='container' to enable it ... skipped
12:32:55 WARN  Aborted test due to SKIPPED outcome
12:32:55 INFO  
12:32:55 INFO  Test duration: 0.02 secs
12:32:55 INFO  Test final outcome:  SKIPPED
12:32:55 INFO  Test outcome reason: Testing the apt plugin is not supported on this platform.Use parameter -XmyPlatform='container' to enable it
12:32:55 INFO  
</system-out>
	</testcase>
<testcase classname="PySysTest" name="SoftwareManagement.sm_apt_install_remove" />
<testcase classname="PySysTest" name="SoftwareManagement.sm_apt_install_remove" />
</testsuite><testsuite name="SoftwareManagement.sm_apt_install_remove_default" tests="3" errors="0" failures="0" skipped="1" time="0"><testcase classname="PySysTest" name="SoftwareManagement.sm_apt_install_remove_default">
		<skipped message="SKIPPED: Testing the apt plugin is not supported on this platform.Use parameter -XmyPlatform='container' to enable it" />
		<system-out>12:32:55 INFO  ==============================================================
12:32:55 INFO  Id:    SoftwareManagement.sm_apt_install_remove_default
12:32:55 INFO  Dir:   software_management_end_to_end/
12:32:55 INFO  Title: Validate end to end behaviour for the default plugin for installation and removal of packages
12:32:55 INFO  ==============================================================
12:32:55 INFO  Testing the apt plugin is not supported on this platform.Use parameter -XmyPlatform='container' to enable it ... skipped
12:32:55 WARN  Aborted test due to SKIPPED outcome
12:32:55 INFO  
12:32:55 INFO  Test duration: 0.02 secs
12:32:55 INFO  Test final outcome:  SKIPPED
12:32:55 INFO  Test outcome reason: Testing the apt plugin is not supported on this platform.Use parameter -XmyPlatform='container' to enable it
12:32:55 INFO  
</system-out>
	</testcase>
<testcase classname="PySysTest" name="SoftwareManagement.sm_apt_install_remove_default" />
<testcase classname="PySysTest" name="SoftwareManagement.sm_apt_install_remove_default" />
</testsuite><testsuite name="SoftwareManagement.sm_apt_install_remove_multiple" tests="3" errors="0" failures="2" skipped="1" time="0"><testcase classname="PySysTest" name="SoftwareManagement.sm_apt_install_remove_multiple">
		<skipped message="SKIPPED: Testing the apt plugin is not supported on this platform.Use parameter -XmyPlatform='container' to enable it" />
		<system-out>12:32:55 INFO  ==============================================================
12:32:55 INFO  Id:    SoftwareManagement.sm_apt_install_remove_multiple
12:32:55 INFO  Dir:   software_management_end_to_end/
12:32:55 INFO  Title: Validate end to end behaviour for the apt plugin for multiple packages
12:32:55 INFO  ==============================================================
12:32:55 INFO  Testing the apt plugin is not supported on this platform.Use parameter -XmyPlatform='container' to enable it ... skipped
12:32:55 WARN  Aborted test due to SKIPPED outcome
12:32:55 INFO  
12:32:55 INFO  Test duration: 0.02 secs
12:32:55 INFO  Test final outcome:  SKIPPED
12:32:55 INFO  Test outcome reason: Testing the apt plugin is not supported on this platform.Use parameter -XmyPlatform='container' to enable it
12:32:55 INFO  
</system-out>
	</testcase>
<testcase classname="PySysTest" name="SoftwareManagement.sm_apt_install_remove_multiple">
		<failure message="FAILED: Assert that (False == value) with value=True" type="FAILED" />
		<system-out>13:03:45 INFO  ==============================================================
13:03:45 INFO  Id:    SoftwareManagement.sm_apt_install_remove_multiple
13:03:45 INFO  Dir:   software_management_end_to_end/
13:03:45 INFO  Title: Validate end to end behaviour for the apt plugin for multiple packages
13:03:45 INFO  ==============================================================
13:03:45 INFO  Using sw id database: {'asciijump': '5475369', 'robotfindskitten': '5474869', 'squirrel3': '5475279', 'rolldice': '5152439', 'moon-buggy': '5439204', 'apple': '5495053', 'banana': '5494888', 'cherry': '5495382', 'watermelon': '5494510', 'registry': '8018911', 'hello-world': '8021526', 'docker/getting-started': '8021973', 'alpine': '7991792'}
13:03:45 INFO  EnvironmentC8y Setup
13:03:46 INFO  Executed systemctl&lt;serv_mapper1&gt;, exit status 3
13:03:46 INFO  Restarting mosquitto too frequently in the last 10 seconds. It was only up for 4 seconds
13:03:46 INFO  Delaying execution by 7 seconds
13:04:07 INFO  Executed sudo&lt;tedge_connect_c8y&gt;, exit status 0, duration 14 secs
13:04:07 INFO  Executed sudo&lt;tedge_connect_c8y_test&gt;, exit status 0
13:04:08 INFO  Executed systemctl&lt;serv_mosq2&gt;, exit status 0
13:04:08 INFO  Executed systemctl&lt;serv_mapper3&gt;, exit status 0
13:04:11 INFO  State of current operation: SUCCESSFUL
13:04:11 INFO  Assert that (False == value) with value=False ... passed
13:04:11 INFO  Assert that (False == value) with value=False ... passed
13:04:11 INFO  Assert that (False == value) with value=False ... passed
13:04:12 INFO  Package robotfindskitten is installed
13:04:12 WARN  Assert that (False == value) with value=True ... failed 
13:04:12 INFO  Response status: 201
13:04:12 INFO  Response to action: {
    "creationTime": "2022-04-28T13:04:12.236Z",
    "deviceName": "m32sd10b",
    "deviceId": "17884833",
    "self": "https://t493319102.eu-latest.cumulocity.com/devicecontrol/operations/17910906",
    "id": "17910906",
    "status": "PENDING",
    "description": "Apply software changes, triggered from PySys: [{'action': 'install', 'id': '5475369', 'name': 'asciijump', 'url': ' ', 'version': '::apt'}, {'action': 'install', 'id': '5474869', 'name': 'robotfindskitten', 'url': ' ', 'version': '::apt'}, {'action': 'install', 'id': '5475279', 'name': 'squirrel3', 'url': ' ', 'version': '::apt'}]",
    "c8y_SoftwareUpdate": [
        {
            "name": "asciijump",
            "action": "install",
            "id": "5475369",
            "version": "::apt",
            "url": " "
        },
        {
            "name": "robotfindskitten",
            "action": "install",
            "id": "5474869",
            "version": "::apt",
            "url": " "
        },
        {
            "name": "squirrel3",
            "action": "install",
            "id": "5475279",
            "version": "::apt",
            "url": " "
        }
    ]
}
13:04:12 INFO  Started operation: {'creationTime': '2022-04-28T13:04:12.236Z', 'deviceName': 'm32sd10b', 'deviceId': '17884833', 'self': 'https://t493319102.eu-latest.cumulocity.com/devicecontrol/operations/17910906', 'id': '17910906', 'status': 'PENDING', 'description': "Apply software changes, triggered from PySys: [{'action': 'install', 'id': '5475369', 'name': 'asciijump', 'url': ' ', 'version': '::apt'}, {'action': 'install', 'id': '5474869', 'name': 'robotfindskitten', 'url': ' ', 'version': '::apt'}, {'action': 'install', 'id': '5475279', 'name': 'squirrel3', 'url': ' ', 'version': '::apt'}]", 'c8y_SoftwareUpdate': [{'name': 'asciijump', 'action': 'install', 'id': '5475369', 'version': '::apt', 'url': ' '}, {'name': 'robotfindskitten', 'action': 'install', 'id': '5474869', 'version': '::apt', 'url': ' '}, {'name': 'squirrel3', 'action': 'install', 'id': '5475279', 'version': '::apt', 'url': ' '}]}
13:04:14 INFO  State of operation 17910906 : PENDING
13:04:16 INFO  State of operation 17910906 : EXECUTING
13:04:18 INFO  State of operation 17910906 : EXECUTING
13:04:21 INFO  State of operation 17910906 : EXECUTING
13:04:23 INFO  State of operation 17910906 : EXECUTING
13:04:25 INFO  State of operation 17910906 : EXECUTING
13:04:28 INFO  State of operation 17910906 : EXECUTING
13:04:31 INFO  State of operation 17910906 : EXECUTING
13:04:33 INFO  State of operation 17910906 : EXECUTING
13:04:35 INFO  State of operation 17910906 : EXECUTING
13:04:38 INFO  State of operation 17910906 : EXECUTING
13:04:40 INFO  State of operation 17910906 : EXECUTING
13:04:42 INFO  State of operation 17910906 : EXECUTING
13:04:45 INFO  State of operation 17910906 : EXECUTING
13:04:47 INFO  State of operation 17910906 : EXECUTING
13:04:49 INFO  State of operation 17910906 : EXECUTING
13:04:51 INFO  State of operation 17910906 : EXECUTING
13:04:54 INFO  State of operation 17910906 : EXECUTING
13:04:56 INFO  State of operation 17910906 : EXECUTING
13:04:59 INFO  State of operation 17910906 : EXECUTING
13:05:01 INFO  State of operation 17910906 : EXECUTING
13:05:03 INFO  State of operation 17910906 : EXECUTING
13:05:06 INFO  State of operation 17910906 : EXECUTING
13:05:08 INFO  State of operation 17910906 : EXECUTING
13:05:11 INFO  State of operation 17910906 : EXECUTING
13:05:13 INFO  State of operation 17910906 : EXECUTING
13:05:15 INFO  State of operation 17910906 : EXECUTING
13:05:18 INFO  State of operation 17910906 : EXECUTING
13:05:20 INFO  State of operation 17910906 : EXECUTING
13:05:22 INFO  State of operation 17910906 : EXECUTING
13:05:24 INFO  State of operation 17910906 : EXECUTING
13:05:27 INFO  State of operation 17910906 : EXECUTING
13:05:29 INFO  State of operation 17910906 : EXECUTING
13:05:31 INFO  State of operation 17910906 : EXECUTING
13:05:33 INFO  State of operation 17910906 : SUCCESSFUL
13:05:34 INFO  Assert that (False == value) with value=False ... passed
13:05:34 INFO  Package asciijump is installed
13:05:34 INFO  Assert that (True == value) with value=True ... passed
13:05:34 INFO  Package squirrel3 is installed
13:05:34 INFO  Assert that (True == value) with value=True ... passed
13:05:34 INFO  Package robotfindskitten is installed
13:05:34 INFO  Assert that (True == value) with value=True ... passed
13:05:34 INFO  Response status: 201
13:05:34 INFO  Response to action: {
    "creationTime": "2022-04-28T13:05:34.869Z",
    "deviceName": "m32sd10b",
    "deviceId": "17884833",
    "self": "https://t493319102.eu-latest.cumulocity.com/devicecontrol/operations/17910918",
    "id": "17910918",
    "status": "PENDING",
    "description": "Apply software changes, triggered from PySys: [{'action': 'delete', 'id': '5475369', 'name': 'asciijump', 'url': ' ', 'version': '::apt'}, {'action': 'delete', 'id': '5474869', 'name': 'robotfindskitten', 'url': ' ', 'version': '::apt'}, {'action': 'delete', 'id': '5475279', 'name': 'squirrel3', 'url': ' ', 'version': '::apt'}]",
    "c8y_SoftwareUpdate": [
        {
            "name": "asciijump",
            "action": "delete",
            "id": "5475369",
            "version": "::apt",
            "url": " "
        },
        {
            "name": "robotfindskitten",
            "action": "delete",
            "id": "5474869",
            "version": "::apt",
            "url": " "
        },
        {
            "name": "squirrel3",
            "action": "delete",
            "id": "5475279",
            "version": "::apt",
            "url": " "
        }
    ]
}
13:05:34 INFO  Started operation: {'creationTime': '2022-04-28T13:05:34.869Z', 'deviceName': 'm32sd10b', 'deviceId': '17884833', 'self': 'https://t493319102.eu-latest.cumulocity.com/devicecontrol/operations/17910918', 'id': '17910918', 'status': 'PENDING', 'description': "Apply software changes, triggered from PySys: [{'action': 'delete', 'id': '5475369', 'name': 'asciijump', 'url': ' ', 'version': '::apt'}, {'action': 'delete', 'id': '5474869', 'name': 'robotfindskitten', 'url': ' ', 'version': '::apt'}, {'action': 'delete', 'id': '5475279', 'name': 'squirrel3', 'url': ' ', 'version': '::apt'}]", 'c8y_SoftwareUpdate': [{'name': 'asciijump', 'action': 'delete', 'id': '5475369', 'version': '::apt', 'url': ' '}, {'name': 'robotfindskitten', 'action': 'delete', 'id': '5474869', 'version': '::apt', 'url': ' '}, {'name': 'squirrel3', 'action': 'delete', 'id': '5475279', 'version': '::apt', 'url': ' '}]}
13:05:37 INFO  State of operation 17910918 : PENDING
13:05:39 INFO  State of operation 17910918 : EXECUTING
13:05:41 INFO  State of operation 17910918 : EXECUTING
13:05:43 INFO  State of operation 17910918 : EXECUTING
13:05:46 INFO  State of operation 17910918 : EXECUTING
13:05:48 INFO  State of operation 17910918 : EXECUTING
13:05:51 INFO  State of operation 17910918 : EXECUTING
13:05:53 INFO  State of operation 17910918 : EXECUTING
13:05:56 INFO  State of operation 17910918 : EXECUTING
13:05:58 INFO  State of operation 17910918 : EXECUTING
13:06:00 INFO  State of operation 17910918 : EXECUTING
13:06:02 INFO  State of operation 17910918 : EXECUTING
13:06:05 INFO  State of operation 17910918 : EXECUTING
13:06:07 INFO  State of operation 17910918 : EXECUTING
13:06:09 INFO  State of operation 17910918 : EXECUTING
13:06:12 INFO  State of operation 17910918 : EXECUTING
13:06:14 INFO  State of operation 17910918 : EXECUTING
13:06:17 INFO  State of operation 17910918 : EXECUTING
13:06:19 INFO  State of operation 17910918 : EXECUTING
13:06:21 INFO  State of operation 17910918 : EXECUTING
13:06:23 INFO  State of operation 17910918 : EXECUTING
13:06:26 INFO  State of operation 17910918 : EXECUTING
13:06:28 INFO  State of operation 17910918 : EXECUTING
13:06:30 INFO  State of operation 17910918 : EXECUTING
13:06:33 INFO  State of operation 17910918 : EXECUTING
13:06:35 INFO  State of operation 17910918 : EXECUTING
13:06:37 INFO  State of operation 17910918 : EXECUTING
13:06:40 INFO  State of operation 17910918 : SUCCESSFUL
13:06:40 INFO  Assert that (False == value) with value=False ... passed
13:06:40 INFO  Assert that (False == value) with value=False ... passed
13:06:40 INFO  Assert that (False == value) with value=False ... passed
13:06:41 INFO  Assert that (False == value) with value=False ... passed
13:06:41 INFO  
13:06:41 INFO  cleanup:
13:06:45 INFO  Executed sudo&lt;tedge_disconnect_c8y&gt;, exit status 0
13:06:45 INFO  Executed systemctl&lt;serv_mapper5&gt;, exit status 3
13:06:45 INFO  
13:06:45 INFO  Test duration: 180.18 secs
13:06:45 INFO  Test final outcome:  FAILED
13:06:45 INFO  Test outcome reason: Assert that (False == value) with value=True
13:06:45 INFO  
</system-out>
	</testcase>
<testcase classname="PySysTest" name="SoftwareManagement.sm_apt_install_remove_multiple">
		<failure message="FAILED: Assert that (False == value) with value=True (+2 other failures)" type="FAILED" />
		<system-out>13:24:53 INFO  ==============================================================
13:24:53 INFO  Id:    SoftwareManagement.sm_apt_install_remove_multiple
13:24:53 INFO  Dir:   software_management_end_to_end/
13:24:53 INFO  Title: Validate end to end behaviour for the apt plugin for multiple packages
13:24:53 INFO  ==============================================================
13:24:53 INFO  Using sw id database: {'asciijump': '5475369', 'robotfindskitten': '5474869', 'squirrel3': '5475279', 'rolldice': '5152439', 'moon-buggy': '5439204', 'apple': '5495053', 'banana': '5494888', 'cherry': '5495382', 'watermelon': '5494510', 'registry': '8018911', 'hello-world': '8021526', 'docker/getting-started': '8021973', 'alpine': '7991792'}
13:24:53 INFO  EnvironmentC8y Setup
13:24:53 INFO  Executed systemctl&lt;serv_mapper1&gt;, exit status 3
13:24:53 INFO  Restarting mosquitto too frequently in the last 10 seconds. It was only up for 5 seconds
13:24:53 INFO  Delaying execution by 6 seconds
13:25:13 INFO  Executed sudo&lt;tedge_connect_c8y&gt;, exit status 0, duration 14 secs
13:25:14 INFO  Executed sudo&lt;tedge_connect_c8y_test&gt;, exit status 0
13:25:14 INFO  Executed systemctl&lt;serv_mosq2&gt;, exit status 0
13:25:15 INFO  Executed systemctl&lt;serv_mapper3&gt;, exit status 0
13:25:17 INFO  State of current operation: SUCCESSFUL
13:25:17 INFO  Assert that (False == value) with value=False ... passed
13:25:17 INFO  Package asciijump is installed
13:25:18 WARN  Assert that (False == value) with value=True ... failed 
13:25:18 INFO  Package squirrel3 is installed
13:25:18 WARN  Assert that (False == value) with value=True ... failed 
13:25:18 INFO  Package robotfindskitten is installed
13:25:18 WARN  Assert that (False == value) with value=True ... failed 
13:25:19 INFO  Response status: 201
13:25:19 INFO  Response to action: {
    "creationTime": "2022-04-28T13:25:18.997Z",
    "deviceName": "m32sd10b",
    "deviceId": "17884833",
    "self": "https://t493319102.eu-latest.cumulocity.com/devicecontrol/operations/17911039",
    "id": "17911039",
    "status": "PENDING",
    "description": "Apply software changes, triggered from PySys: [{'action': 'install', 'id': '5475369', 'name': 'asciijump', 'url': ' ', 'version': '::apt'}, {'action': 'install', 'id': '5474869', 'name': 'robotfindskitten', 'url': ' ', 'version': '::apt'}, {'action': 'install', 'id': '5475279', 'name': 'squirrel3', 'url': ' ', 'version': '::apt'}]",
    "c8y_SoftwareUpdate": [
        {
            "name": "asciijump",
            "action": "install",
            "id": "5475369",
            "version": "::apt",
            "url": " "
        },
        {
            "name": "robotfindskitten",
            "action": "install",
            "id": "5474869",
            "version": "::apt",
            "url": " "
        },
        {
            "name": "squirrel3",
            "action": "install",
            "id": "5475279",
            "version": "::apt",
            "url": " "
        }
    ]
}
13:25:19 INFO  Started operation: {'creationTime': '2022-04-28T13:25:18.997Z', 'deviceName': 'm32sd10b', 'deviceId': '17884833', 'self': 'https://t493319102.eu-latest.cumulocity.com/devicecontrol/operations/17911039', 'id': '17911039', 'status': 'PENDING', 'description': "Apply software changes, triggered from PySys: [{'action': 'install', 'id': '5475369', 'name': 'asciijump', 'url': ' ', 'version': '::apt'}, {'action': 'install', 'id': '5474869', 'name': 'robotfindskitten', 'url': ' ', 'version': '::apt'}, {'action': 'install', 'id': '5475279', 'name': 'squirrel3', 'url': ' ', 'version': '::apt'}]", 'c8y_SoftwareUpdate': [{'name': 'asciijump', 'action': 'install', 'id': '5475369', 'version': '::apt', 'url': ' '}, {'name': 'robotfindskitten', 'action': 'install', 'id': '5474869', 'version': '::apt', 'url': ' '}, {'name': 'squirrel3', 'action': 'install', 'id': '5475279', 'version': '::apt', 'url': ' '}]}
13:25:21 INFO  State of operation 17911039 : PENDING
13:25:23 INFO  State of operation 17911039 : EXECUTING
13:25:25 INFO  State of operation 17911039 : EXECUTING
13:25:27 INFO  State of operation 17911039 : EXECUTING
13:25:30 INFO  State of operation 17911039 : EXECUTING
13:25:32 INFO  State of operation 17911039 : EXECUTING
13:25:35 INFO  State of operation 17911039 : EXECUTING
13:25:38 INFO  State of operation 17911039 : EXECUTING
13:25:40 INFO  State of operation 17911039 : EXECUTING
13:25:42 INFO  State of operation 17911039 : EXECUTING
13:25:45 INFO  State of operation 17911039 : EXECUTING
13:25:47 INFO  State of operation 17911039 : EXECUTING
13:25:49 INFO  State of operation 17911039 : EXECUTING
13:25:51 INFO  State of operation 17911039 : EXECUTING
13:25:54 INFO  State of operation 17911039 : EXECUTING
13:25:56 INFO  State of operation 17911039 : SUCCESSFUL
13:25:56 INFO  Assert that (False == value) with value=False ... passed
13:25:56 INFO  Package asciijump is installed
13:25:56 INFO  Assert that (True == value) with value=True ... passed
13:25:57 INFO  Package squirrel3 is installed
13:25:57 INFO  Assert that (True == value) with value=True ... passed
13:25:57 INFO  Package robotfindskitten is installed
13:25:57 INFO  Assert that (True == value) with value=True ... passed
13:25:57 INFO  Response status: 201
13:25:57 INFO  Response to action: {
    "creationTime": "2022-04-28T13:25:57.514Z",
    "deviceName": "m32sd10b",
    "deviceId": "17884833",
    "self": "https://t493319102.eu-latest.cumulocity.com/devicecontrol/operations/17911047",
    "id": "17911047",
    "status": "PENDING",
    "description": "Apply software changes, triggered from PySys: [{'action': 'delete', 'id': '5475369', 'name': 'asciijump', 'url': ' ', 'version': '::apt'}, {'action': 'delete', 'id': '5474869', 'name': 'robotfindskitten', 'url': ' ', 'version': '::apt'}, {'action': 'delete', 'id': '5475279', 'name': 'squirrel3', 'url': ' ', 'version': '::apt'}]",
    "c8y_SoftwareUpdate": [
        {
            "name": "asciijump",
            "action": "delete",
            "id": "5475369",
            "version": "::apt",
            "url": " "
        },
        {
            "name": "robotfindskitten",
            "action": "delete",
            "id": "5474869",
            "version": "::apt",
            "url": " "
        },
        {
            "name": "squirrel3",
            "action": "delete",
            "id": "5475279",
            "version": "::apt",
            "url": " "
        }
    ]
}
13:25:57 INFO  Started operation: {'creationTime': '2022-04-28T13:25:57.514Z', 'deviceName': 'm32sd10b', 'deviceId': '17884833', 'self': 'https://t493319102.eu-latest.cumulocity.com/devicecontrol/operations/17911047', 'id': '17911047', 'status': 'PENDING', 'description': "Apply software changes, triggered from PySys: [{'action': 'delete', 'id': '5475369', 'name': 'asciijump', 'url': ' ', 'version': '::apt'}, {'action': 'delete', 'id': '5474869', 'name': 'robotfindskitten', 'url': ' ', 'version': '::apt'}, {'action': 'delete', 'id': '5475279', 'name': 'squirrel3', 'url': ' ', 'version': '::apt'}]", 'c8y_SoftwareUpdate': [{'name': 'asciijump', 'action': 'delete', 'id': '5475369', 'version': '::apt', 'url': ' '}, {'name': 'robotfindskitten', 'action': 'delete', 'id': '5474869', 'version': '::apt', 'url': ' '}, {'name': 'squirrel3', 'action': 'delete', 'id': '5475279', 'version': '::apt', 'url': ' '}]}
13:25:59 INFO  State of operation 17911047 : PENDING
13:26:02 INFO  State of operation 17911047 : EXECUTING
13:26:04 INFO  State of operation 17911047 : EXECUTING
13:26:06 INFO  State of operation 17911047 : EXECUTING
13:26:08 INFO  State of operation 17911047 : EXECUTING
13:26:10 INFO  State of operation 17911047 : EXECUTING
13:26:13 INFO  State of operation 17911047 : EXECUTING
13:26:16 INFO  State of operation 17911047 : EXECUTING
13:26:18 INFO  State of operation 17911047 : EXECUTING
13:26:20 INFO  State of operation 17911047 : EXECUTING
13:26:23 INFO  State of operation 17911047 : EXECUTING
13:26:25 INFO  State of operation 17911047 : EXECUTING
13:26:27 INFO  State of operation 17911047 : EXECUTING
13:26:29 INFO  State of operation 17911047 : EXECUTING
13:26:32 INFO  State of operation 17911047 : EXECUTING
13:26:34 INFO  State of operation 17911047 : EXECUTING
13:26:36 INFO  State of operation 17911047 : EXECUTING
13:26:39 INFO  State of operation 17911047 : EXECUTING
13:26:41 INFO  State of operation 17911047 : EXECUTING
13:26:44 INFO  State of operation 17911047 : EXECUTING
13:26:46 INFO  State of operation 17911047 : EXECUTING
13:26:48 INFO  State of operation 17911047 : EXECUTING
13:26:51 INFO  State of operation 17911047 : EXECUTING
13:26:53 INFO  State of operation 17911047 : EXECUTING
13:26:56 INFO  State of operation 17911047 : EXECUTING
13:27:03 INFO  State of operation 17911047 : SUCCESSFUL
13:27:03 INFO  Assert that (False == value) with value=False ... passed
13:27:03 INFO  Assert that (False == value) with value=False ... passed
13:27:04 INFO  Assert that (False == value) with value=False ... passed
13:27:04 INFO  Assert that (False == value) with value=False ... passed
13:27:04 INFO  
13:27:04 INFO  cleanup:
13:27:08 INFO  Executed sudo&lt;tedge_disconnect_c8y&gt;, exit status 0
13:27:08 INFO  Executed systemctl&lt;serv_mapper5&gt;, exit status 3
13:27:08 INFO  
13:27:08 INFO  Test duration: 135.95 secs
13:27:08 INFO  Test final outcome:  FAILED
13:27:08 INFO  Test outcome reason: Assert that (False == value) with value=True (+2 other failures)
13:27:08 INFO  
</system-out>
	</testcase>
</testsuite><testsuite name="SoftwareManagement.sm_apt_install_remove_multiple_mixed" tests="3" errors="0" failures="2" skipped="1" time="0"><testcase classname="PySysTest" name="SoftwareManagement.sm_apt_install_remove_multiple_mixed">
		<skipped message="SKIPPED: Testing the apt plugin is not supported on this platform.Use parameter -XmyPlatform='container' to enable it" />
		<system-out>12:32:56 INFO  ==============================================================
12:32:56 INFO  Id:    SoftwareManagement.sm_apt_install_remove_multiple_mixed
12:32:56 INFO  Dir:   software_management_end_to_end/
12:32:56 INFO  Title: Validate end to end behaviour for the apt plugin for multiple packages with mixed versions
12:32:56 INFO  ==============================================================
12:32:56 INFO  Testing the apt plugin is not supported on this platform.Use parameter -XmyPlatform='container' to enable it ... skipped
12:32:56 WARN  Aborted test due to SKIPPED outcome
12:32:56 INFO  
12:32:56 INFO  Test duration: 0.02 secs
12:32:56 INFO  Test final outcome:  SKIPPED
12:32:56 INFO  Test outcome reason: Testing the apt plugin is not supported on this platform.Use parameter -XmyPlatform='container' to enable it
12:32:56 INFO  
</system-out>
	</testcase>
<testcase classname="PySysTest" name="SoftwareManagement.sm_apt_install_remove_multiple_mixed">
		<failure message="BLOCKED: SystemError: Timeout while waiting for status SUCCESSFUL or False" type="BLOCKED" />
		<system-out>13:06:45 INFO  ==============================================================
13:06:45 INFO  Id:    SoftwareManagement.sm_apt_install_remove_multiple_mixed
13:06:45 INFO  Dir:   software_management_end_to_end/
13:06:45 INFO  Title: Validate end to end behaviour for the apt plugin for multiple packages with mixed versions
13:06:45 INFO  ==============================================================
13:06:45 INFO  Using sw id database: {'asciijump': '5475369', 'robotfindskitten': '5474869', 'squirrel3': '5475279', 'rolldice': '5152439', 'moon-buggy': '5439204', 'apple': '5495053', 'banana': '5494888', 'cherry': '5495382', 'watermelon': '5494510', 'registry': '8018911', 'hello-world': '8021526', 'docker/getting-started': '8021973', 'alpine': '7991792'}
13:06:45 INFO  EnvironmentC8y Setup
13:06:46 INFO  Executed systemctl&lt;serv_mapper1&gt;, exit status 3
13:06:46 INFO  Restarting mosquitto too frequently in the last 10 seconds. It was only up for 5 seconds
13:06:46 INFO  Delaying execution by 6 seconds
13:07:06 INFO  Executed sudo&lt;tedge_connect_c8y&gt;, exit status 0, duration 13 secs
13:07:06 INFO  Executed sudo&lt;tedge_connect_c8y_test&gt;, exit status 0
13:07:07 INFO  Executed systemctl&lt;serv_mosq2&gt;, exit status 0
13:07:07 INFO  Executed systemctl&lt;serv_mapper3&gt;, exit status 0
13:07:10 INFO  State of current operation: SUCCESSFUL
13:07:10 INFO  Assert that (False == value) with value=False ... passed
13:07:10 INFO  Assert that (False == value) with value=False ... passed
13:07:10 INFO  Assert that (False == value) with value=False ... passed
13:07:11 INFO  Assert that (False == value) with value=False ... passed
13:07:11 INFO  Assert that (False == value) with value=False ... passed
13:07:12 INFO  Response status: 201
13:07:12 INFO  Response to action: {
    "delivery": {
        "time": "2022-04-28T13:07:12.492Z",
        "log": [],
        "status": "PENDING"
    },
    "creationTime": "2022-04-28T13:07:12.477Z",
    "deviceName": "m32sd10b",
    "deviceId": "17884833",
    "self": "https://t493319102.eu-latest.cumulocity.com/devicecontrol/operations/17910930",
    "id": "17910930",
    "status": "PENDING",
    "description": "Apply software changes, triggered from PySys: [{'action': 'install', 'id': '5475369', 'name': 'asciijump', 'url': ' ', 'version': '::apt'}, {'action': 'install', 'id': '5474869', 'name': 'robotfindskitten', 'url': ' ', 'version': ' '}, {'action': 'install', 'id': '5475279', 'name': 'squirrel3', 'url': ' ', 'version': '3.1-7::apt'}, {'action': 'install', 'id': '5152439', 'name': 'rolldice', 'url': ' ', 'version': '1.16-1+b1'}, {'action': 'install', 'id': '5439204', 'name': 'moon-buggy', 'url': ' ', 'version': '1:1.0.51-12'}, {'action': 'install', 'id': '5475369', 'name': 'asciijump', 'url': ' ', 'version': '::apt'}]",
    "c8y_SoftwareUpdate": [
        {
            "name": "asciijump",
            "action": "install",
            "id": "5475369",
            "version": "::apt",
            "url": " "
        },
        {
            "name": "robotfindskitten",
            "action": "install",
            "id": "5474869",
            "version": " ",
            "url": " "
        },
        {
            "name": "squirrel3",
            "action": "install",
            "id": "5475279",
            "version": "3.1-7::apt",
            "url": " "
        },
        {
            "name": "rolldice",
            "action": "install",
            "id": "5152439",
            "version": "1.16-1+b1",
            "url": " "
        },
        {
            "name": "moon-buggy",
            "action": "install",
            "id": "5439204",
            "version": "1:1.0.51-12",
            "url": " "
        },
        {
            "name": "asciijump",
            "action": "install",
            "id": "5475369",
            "version": "::apt",
            "url": " "
        }
    ]
}
13:07:12 INFO  Started operation: {'delivery': {'time': '2022-04-28T13:07:12.492Z', 'log': [], 'status': 'PENDING'}, 'creationTime': '2022-04-28T13:07:12.477Z', 'deviceName': 'm32sd10b', 'deviceId': '17884833', 'self': 'https://t493319102.eu-latest.cumulocity.com/devicecontrol/operations/17910930', 'id': '17910930', 'status': 'PENDING', 'description': "Apply software changes, triggered from PySys: [{'action': 'install', 'id': '5475369', 'name': 'asciijump', 'url': ' ', 'version': '::apt'}, {'action': 'install', 'id': '5474869', 'name': 'robotfindskitten', 'url': ' ', 'version': ' '}, {'action': 'install', 'id': '5475279', 'name': 'squirrel3', 'url': ' ', 'version': '3.1-7::apt'}, {'action': 'install', 'id': '5152439', 'name': 'rolldice', 'url': ' ', 'version': '1.16-1+b1'}, {'action': 'install', 'id': '5439204', 'name': 'moon-buggy', 'url': ' ', 'version': '1:1.0.51-12'}, {'action': 'install', 'id': '5475369', 'name': 'asciijump', 'url': ' ', 'version': '::apt'}]", 'c8y_SoftwareUpdate': [{'name': 'asciijump', 'action': 'install', 'id': '5475369', 'version': '::apt', 'url': ' '}, {'name': 'robotfindskitten', 'action': 'install', 'id': '5474869', 'version': ' ', 'url': ' '}, {'name': 'squirrel3', 'action': 'install', 'id': '5475279', 'version': '3.1-7::apt', 'url': ' '}, {'name': 'rolldice', 'action': 'install', 'id': '5152439', 'version': '1.16-1+b1', 'url': ' '}, {'name': 'moon-buggy', 'action': 'install', 'id': '5439204', 'version': '1:1.0.51-12', 'url': ' '}, {'name': 'asciijump', 'action': 'install', 'id': '5475369', 'version': '::apt', 'url': ' '}]}
13:07:14 INFO  State of operation 17910930 : PENDING
13:07:16 INFO  State of operation 17910930 : EXECUTING
13:07:19 INFO  State of operation 17910930 : EXECUTING
13:07:21 INFO  State of operation 17910930 : EXECUTING
13:07:23 INFO  State of operation 17910930 : EXECUTING
13:07:25 INFO  State of operation 17910930 : EXECUTING
13:07:28 INFO  State of operation 17910930 : EXECUTING
13:07:31 INFO  State of operation 17910930 : EXECUTING
13:07:33 INFO  State of operation 17910930 : EXECUTING
13:07:36 INFO  State of operation 17910930 : EXECUTING
13:07:38 INFO  State of operation 17910930 : EXECUTING
13:07:40 INFO  State of operation 17910930 : EXECUTING
13:07:42 INFO  State of operation 17910930 : EXECUTING
13:07:44 INFO  State of operation 17910930 : EXECUTING
13:07:47 INFO  State of operation 17910930 : EXECUTING
13:07:49 INFO  State of operation 17910930 : EXECUTING
13:07:51 INFO  State of operation 17910930 : EXECUTING
13:07:54 INFO  State of operation 17910930 : EXECUTING
13:07:56 INFO  State of operation 17910930 : EXECUTING
13:07:59 INFO  State of operation 17910930 : EXECUTING
13:08:01 INFO  State of operation 17910930 : EXECUTING
13:08:04 INFO  State of operation 17910930 : EXECUTING
13:08:06 INFO  State of operation 17910930 : EXECUTING
13:08:09 INFO  State of operation 17910930 : EXECUTING
13:08:11 INFO  State of operation 17910930 : EXECUTING
13:08:13 INFO  State of operation 17910930 : EXECUTING
13:08:15 INFO  State of operation 17910930 : EXECUTING
13:08:17 INFO  State of operation 17910930 : EXECUTING
13:08:20 INFO  State of operation 17910930 : EXECUTING
13:08:22 INFO  State of operation 17910930 : EXECUTING
13:08:25 INFO  State of operation 17910930 : EXECUTING
13:08:27 INFO  State of operation 17910930 : EXECUTING
13:08:29 INFO  State of operation 17910930 : EXECUTING
13:08:31 INFO  State of operation 17910930 : EXECUTING
13:08:34 INFO  State of operation 17910930 : EXECUTING
13:08:36 INFO  State of operation 17910930 : EXECUTING
13:08:38 INFO  State of operation 17910930 : EXECUTING
13:08:40 INFO  State of operation 17910930 : EXECUTING
13:08:43 INFO  State of operation 17910930 : EXECUTING
13:08:46 INFO  State of operation 17910930 : EXECUTING
13:08:48 INFO  State of operation 17910930 : EXECUTING
13:08:50 INFO  State of operation 17910930 : EXECUTING
13:08:53 INFO  State of operation 17910930 : EXECUTING
13:08:55 INFO  State of operation 17910930 : EXECUTING
13:08:57 INFO  State of operation 17910930 : EXECUTING
13:08:59 INFO  State of operation 17910930 : EXECUTING
13:09:02 INFO  State of operation 17910930 : EXECUTING
13:09:04 INFO  State of operation 17910930 : EXECUTING
13:09:06 INFO  State of operation 17910930 : EXECUTING
13:09:09 INFO  State of operation 17910930 : EXECUTING
13:09:11 INFO  State of operation 17910930 : EXECUTING
13:09:14 INFO  State of operation 17910930 : EXECUTING
13:09:16 INFO  State of operation 17910930 : EXECUTING
13:09:18 INFO  State of operation 17910930 : EXECUTING
13:09:21 INFO  State of operation 17910930 : EXECUTING
13:09:23 INFO  State of operation 17910930 : EXECUTING
13:09:26 INFO  State of operation 17910930 : EXECUTING
13:09:28 INFO  State of operation 17910930 : EXECUTING
13:09:31 INFO  State of operation 17910930 : EXECUTING
13:09:33 INFO  State of operation 17910930 : EXECUTING
13:09:36 INFO  State of operation 17910930 : EXECUTING
13:09:38 WARN  SystemError occurred while running test - Timeout while waiting for status SUCCESSFUL or False
Traceback (most recent call last):
  File "/home/pi/env-pysys/lib/python3.7/site-packages/pysys/baserunner.py", line 1294, in __call__
    self.testObj.execute()
  File "/home/pi/actions-runner/_work/thin-edge.io/thin-edge.io/tests/PySys/software_management_end_to_end/sm_apt_install_remove_multiple_mixed/run.py", line 89, in execute
    self.wait_until_succcess()
  File "/home/pi/actions-runner/_work/thin-edge.io/thin-edge.io/tests/PySys/software_management_end_to_end/environment_sm_management.py", line 324, in wait_until_succcess
    self.wait_until_status("SUCCESSFUL")
  File "/home/pi/actions-runner/_work/thin-edge.io/thin-edge.io/tests/PySys/software_management_end_to_end/environment_sm_management.py", line 381, in wait_until_status
    "Timeout while waiting for status %s or %s" % (status, status2)
SystemError: Timeout while waiting for status SUCCESSFUL or False
13:09:38 WARN  SystemError: Timeout while waiting for status SUCCESSFUL or False ... blocked 
13:09:38 INFO  
13:09:38 INFO  cleanup:
13:09:43 INFO  Executed sudo&lt;tedge_disconnect_c8y&gt;, exit status 0
13:09:43 INFO  Executed systemctl&lt;serv_mapper5&gt;, exit status 3
13:09:43 INFO  
13:09:43 INFO  Test duration: 178.08 secs
13:09:43 INFO  Test final outcome:  BLOCKED
13:09:43 INFO  Test outcome reason: SystemError: Timeout while waiting for status SUCCESSFUL or False
13:09:43 INFO  
</system-out>
	</testcase>
<testcase classname="PySysTest" name="SoftwareManagement.sm_apt_install_remove_multiple_mixed">
		<failure message="BLOCKED: SystemError: Timeout while waiting for status SUCCESSFUL or False (+1 other failures)" type="BLOCKED" />
		<system-out>13:27:09 INFO  ==============================================================
13:27:09 INFO  Id:    SoftwareManagement.sm_apt_install_remove_multiple_mixed
13:27:09 INFO  Dir:   software_management_end_to_end/
13:27:09 INFO  Title: Validate end to end behaviour for the apt plugin for multiple packages with mixed versions
13:27:09 INFO  ==============================================================
13:27:09 INFO  Using sw id database: {'asciijump': '5475369', 'robotfindskitten': '5474869', 'squirrel3': '5475279', 'rolldice': '5152439', 'moon-buggy': '5439204', 'apple': '5495053', 'banana': '5494888', 'cherry': '5495382', 'watermelon': '5494510', 'registry': '8018911', 'hello-world': '8021526', 'docker/getting-started': '8021973', 'alpine': '7991792'}
13:27:09 INFO  EnvironmentC8y Setup
13:27:09 INFO  Executed systemctl&lt;serv_mapper1&gt;, exit status 3
13:27:09 INFO  Restarting mosquitto too frequently in the last 10 seconds. It was only up for 5 seconds
13:27:09 INFO  Delaying execution by 6 seconds
13:27:29 INFO  Executed sudo&lt;tedge_connect_c8y&gt;, exit status 0, duration 13 secs
13:27:30 INFO  Executed sudo&lt;tedge_connect_c8y_test&gt;, exit status 0
13:27:30 INFO  Executed systemctl&lt;serv_mosq2&gt;, exit status 0
13:27:31 INFO  Executed systemctl&lt;serv_mapper3&gt;, exit status 0
13:27:33 INFO  State of current operation: SUCCESSFUL
13:27:33 INFO  Assert that (False == value) with value=False ... passed
13:27:33 INFO  Assert that (False == value) with value=False ... passed
13:27:34 INFO  Assert that (False == value) with value=False ... passed
13:27:34 INFO  Assert that (False == value) with value=False ... passed
13:27:34 INFO  Package moon-buggy is installed
13:27:34 WARN  Assert that (False == value) with value=True ... failed 
13:27:35 INFO  Response status: 201
13:27:35 INFO  Response to action: {
    "creationTime": "2022-04-28T13:27:35.717Z",
    "deviceName": "m32sd10b",
    "deviceId": "17884833",
    "self": "https://t493319102.eu-latest.cumulocity.com/devicecontrol/operations/17911055",
    "id": "17911055",
    "status": "PENDING",
    "description": "Apply software changes, triggered from PySys: [{'action': 'install', 'id': '5475369', 'name': 'asciijump', 'url': ' ', 'version': '::apt'}, {'action': 'install', 'id': '5474869', 'name': 'robotfindskitten', 'url': ' ', 'version': ' '}, {'action': 'install', 'id': '5475279', 'name': 'squirrel3', 'url': ' ', 'version': '3.1-7::apt'}, {'action': 'install', 'id': '5152439', 'name': 'rolldice', 'url': ' ', 'version': '1.16-1+b1'}, {'action': 'install', 'id': '5439204', 'name': 'moon-buggy', 'url': ' ', 'version': '1:1.0.51-12'}, {'action': 'install', 'id': '5475369', 'name': 'asciijump', 'url': ' ', 'version': '::apt'}]",
    "c8y_SoftwareUpdate": [
        {
            "name": "asciijump",
            "action": "install",
            "id": "5475369",
            "version": "::apt",
            "url": " "
        },
        {
            "name": "robotfindskitten",
            "action": "install",
            "id": "5474869",
            "version": " ",
            "url": " "
        },
        {
            "name": "squirrel3",
            "action": "install",
            "id": "5475279",
            "version": "3.1-7::apt",
            "url": " "
        },
        {
            "name": "rolldice",
            "action": "install",
            "id": "5152439",
            "version": "1.16-1+b1",
            "url": " "
        },
        {
            "name": "moon-buggy",
            "action": "install",
            "id": "5439204",
            "version": "1:1.0.51-12",
            "url": " "
        },
        {
            "name": "asciijump",
            "action": "install",
            "id": "5475369",
            "version": "::apt",
            "url": " "
        }
    ]
}
13:27:35 INFO  Started operation: {'creationTime': '2022-04-28T13:27:35.717Z', 'deviceName': 'm32sd10b', 'deviceId': '17884833', 'self': 'https://t493319102.eu-latest.cumulocity.com/devicecontrol/operations/17911055', 'id': '17911055', 'status': 'PENDING', 'description': "Apply software changes, triggered from PySys: [{'action': 'install', 'id': '5475369', 'name': 'asciijump', 'url': ' ', 'version': '::apt'}, {'action': 'install', 'id': '5474869', 'name': 'robotfindskitten', 'url': ' ', 'version': ' '}, {'action': 'install', 'id': '5475279', 'name': 'squirrel3', 'url': ' ', 'version': '3.1-7::apt'}, {'action': 'install', 'id': '5152439', 'name': 'rolldice', 'url': ' ', 'version': '1.16-1+b1'}, {'action': 'install', 'id': '5439204', 'name': 'moon-buggy', 'url': ' ', 'version': '1:1.0.51-12'}, {'action': 'install', 'id': '5475369', 'name': 'asciijump', 'url': ' ', 'version': '::apt'}]", 'c8y_SoftwareUpdate': [{'name': 'asciijump', 'action': 'install', 'id': '5475369', 'version': '::apt', 'url': ' '}, {'name': 'robotfindskitten', 'action': 'install', 'id': '5474869', 'version': ' ', 'url': ' '}, {'name': 'squirrel3', 'action': 'install', 'id': '5475279', 'version': '3.1-7::apt', 'url': ' '}, {'name': 'rolldice', 'action': 'install', 'id': '5152439', 'version': '1.16-1+b1', 'url': ' '}, {'name': 'moon-buggy', 'action': 'install', 'id': '5439204', 'version': '1:1.0.51-12', 'url': ' '}, {'name': 'asciijump', 'action': 'install', 'id': '5475369', 'version': '::apt', 'url': ' '}]}
13:27:37 INFO  State of operation 17911055 : PENDING
13:27:40 INFO  State of operation 17911055 : EXECUTING
13:27:42 INFO  State of operation 17911055 : EXECUTING
13:27:44 INFO  State of operation 17911055 : EXECUTING
13:27:46 INFO  State of operation 17911055 : EXECUTING
13:27:49 INFO  State of operation 17911055 : EXECUTING
13:27:51 INFO  State of operation 17911055 : EXECUTING
13:27:54 INFO  State of operation 17911055 : EXECUTING
13:27:56 INFO  State of operation 17911055 : EXECUTING
13:27:59 INFO  State of operation 17911055 : EXECUTING
13:28:01 INFO  State of operation 17911055 : EXECUTING
13:28:03 INFO  State of operation 17911055 : EXECUTING
13:28:05 INFO  State of operation 17911055 : EXECUTING
13:28:08 INFO  State of operation 17911055 : EXECUTING
13:28:10 INFO  State of operation 17911055 : EXECUTING
13:28:12 INFO  State of operation 17911055 : EXECUTING
13:28:15 INFO  State of operation 17911055 : EXECUTING
13:28:17 INFO  State of operation 17911055 : EXECUTING
13:28:20 INFO  State of operation 17911055 : EXECUTING
13:28:22 INFO  State of operation 17911055 : EXECUTING
13:28:24 INFO  State of operation 17911055 : EXECUTING
13:28:27 INFO  State of operation 17911055 : EXECUTING
13:28:29 INFO  State of operation 17911055 : EXECUTING
13:28:32 INFO  State of operation 17911055 : EXECUTING
13:28:34 INFO  State of operation 17911055 : EXECUTING
13:28:36 INFO  State of operation 17911055 : EXECUTING
13:28:39 INFO  State of operation 17911055 : EXECUTING
13:28:41 INFO  State of operation 17911055 : EXECUTING
13:28:43 INFO  State of operation 17911055 : EXECUTING
13:28:45 INFO  State of operation 17911055 : EXECUTING
13:28:48 INFO  State of operation 17911055 : EXECUTING
13:28:50 INFO  State of operation 17911055 : EXECUTING
13:28:52 INFO  State of operation 17911055 : EXECUTING
13:28:54 INFO  State of operation 17911055 : EXECUTING
13:28:57 INFO  State of operation 17911055 : EXECUTING
13:28:59 INFO  State of operation 17911055 : EXECUTING
13:29:01 INFO  State of operation 17911055 : EXECUTING
13:29:03 INFO  State of operation 17911055 : EXECUTING
13:29:06 INFO  State of operation 17911055 : EXECUTING
13:29:09 INFO  State of operation 17911055 : EXECUTING
13:29:11 INFO  State of operation 17911055 : EXECUTING
13:29:13 INFO  State of operation 17911055 : EXECUTING
13:29:15 INFO  State of operation 17911055 : EXECUTING
13:29:18 INFO  State of operation 17911055 : EXECUTING
13:29:20 INFO  State of operation 17911055 : EXECUTING
13:29:22 INFO  State of operation 17911055 : EXECUTING
13:29:24 INFO  State of operation 17911055 : EXECUTING
13:29:27 INFO  State of operation 17911055 : EXECUTING
13:29:29 INFO  State of operation 17911055 : EXECUTING
13:29:32 INFO  State of operation 17911055 : EXECUTING
13:29:34 INFO  State of operation 17911055 : EXECUTING
13:29:36 INFO  State of operation 17911055 : EXECUTING
13:29:39 INFO  State of operation 17911055 : EXECUTING
13:29:41 INFO  State of operation 17911055 : EXECUTING
13:29:44 INFO  State of operation 17911055 : EXECUTING
13:29:46 INFO  State of operation 17911055 : EXECUTING
13:29:48 INFO  State of operation 17911055 : EXECUTING
13:29:50 INFO  State of operation 17911055 : EXECUTING
13:29:53 INFO  State of operation 17911055 : EXECUTING
13:29:55 INFO  State of operation 17911055 : EXECUTING
13:29:57 INFO  State of operation 17911055 : EXECUTING
13:29:59 WARN  SystemError occurred while running test - Timeout while waiting for status SUCCESSFUL or False
Traceback (most recent call last):
  File "/home/pi/env-pysys/lib/python3.7/site-packages/pysys/baserunner.py", line 1294, in __call__
    self.testObj.execute()
  File "/home/pi/actions-runner/_work/thin-edge.io/thin-edge.io/tests/PySys/software_management_end_to_end/sm_apt_install_remove_multiple_mixed/run.py", line 89, in execute
    self.wait_until_succcess()
  File "/home/pi/actions-runner/_work/thin-edge.io/thin-edge.io/tests/PySys/software_management_end_to_end/environment_sm_management.py", line 324, in wait_until_succcess
    self.wait_until_status("SUCCESSFUL")
  File "/home/pi/actions-runner/_work/thin-edge.io/thin-edge.io/tests/PySys/software_management_end_to_end/environment_sm_management.py", line 381, in wait_until_status
    "Timeout while waiting for status %s or %s" % (status, status2)
SystemError: Timeout while waiting for status SUCCESSFUL or False
13:29:59 WARN  SystemError: Timeout while waiting for status SUCCESSFUL or False ... blocked 
13:29:59 INFO  
13:29:59 INFO  cleanup:
13:30:04 INFO  Executed sudo&lt;tedge_disconnect_c8y&gt;, exit status 0
13:30:04 INFO  Executed systemctl&lt;serv_mapper5&gt;, exit status 3
13:30:04 INFO  
13:30:04 INFO  Test duration: 175.67 secs
13:30:04 INFO  Test final outcome:  BLOCKED
13:30:04 INFO  Test outcome reason: SystemError: Timeout while waiting for status SUCCESSFUL or False (+1 other failures)
13:30:04 INFO  
</system-out>
	</testcase>
</testsuite><testsuite name="SoftwareManagement.sm_apt_install_remove_with_version" tests="3" errors="0" failures="0" skipped="1" time="0"><testcase classname="PySysTest" name="SoftwareManagement.sm_apt_install_remove_with_version">
		<skipped message="SKIPPED: Testing the apt plugin is not supported on this platform.Use parameter -XmyPlatform='container' to enable it" />
		<system-out>12:32:56 INFO  ==============================================================
12:32:56 INFO  Id:    SoftwareManagement.sm_apt_install_remove_with_version
12:32:56 INFO  Dir:   software_management_end_to_end/
12:32:56 INFO  Title: Validate end to end behaviour for the apt plugin for packages with version
12:32:56 INFO  ==============================================================
12:32:56 INFO  Testing the apt plugin is not supported on this platform.Use parameter -XmyPlatform='container' to enable it ... skipped
12:32:56 WARN  Aborted test due to SKIPPED outcome
12:32:56 INFO  
12:32:56 INFO  Test duration: 0.02 secs
12:32:56 INFO  Test final outcome:  SKIPPED
12:32:56 INFO  Test outcome reason: Testing the apt plugin is not supported on this platform.Use parameter -XmyPlatform='container' to enable it
12:32:56 INFO  
</system-out>
	</testcase>
<testcase classname="PySysTest" name="SoftwareManagement.sm_apt_install_remove_with_version" />
<testcase classname="PySysTest" name="SoftwareManagement.sm_apt_install_remove_with_version" />
</testsuite><testsuite name="SoftwareManagement.sm_docker_install_remove_multiple" tests="3" errors="0" failures="2" skipped="1" time="0"><testcase classname="SMDockerInstallRemove" name="SoftwareManagement.sm_docker_install_remove_multiple">
		<skipped message="SKIPPED: Testing the apt plugin is not supported on this platform.Use parameter -XmyPlatform='container' to enable it" />
		<system-out>12:32:56 INFO  ==============================================================
12:32:56 INFO  Id:    SoftwareManagement.sm_docker_install_remove_multiple
12:32:56 INFO  Dir:   software_management_end_to_end/
12:32:56 INFO  Title: Validate end to end behaviour for the docker plugin for multiple docker images with mixed versions
12:32:56 INFO  ==============================================================
12:32:56 INFO  Testing the apt plugin is not supported on this platform.Use parameter -XmyPlatform='container' to enable it ... skipped
12:32:56 WARN  Aborted test due to SKIPPED outcome
12:32:56 INFO  
12:32:56 INFO  Test duration: 0.02 secs
12:32:56 INFO  Test final outcome:  SKIPPED
12:32:56 INFO  Test outcome reason: Testing the apt plugin is not supported on this platform.Use parameter -XmyPlatform='container' to enable it
12:32:56 INFO  
</system-out>
	</testcase>
<testcase classname="SMDockerInstallRemove" name="SoftwareManagement.sm_docker_install_remove_multiple">
		<failure message="BLOCKED: SystemError: The operation has failed" type="BLOCKED" />
		<system-out>13:14:21 INFO  ==============================================================
13:14:21 INFO  Id:    SoftwareManagement.sm_docker_install_remove_multiple
13:14:22 INFO  Dir:   software_management_end_to_end/
13:14:22 INFO  Title: Validate end to end behaviour for the docker plugin for multiple docker images with mixed versions
13:14:22 INFO  ==============================================================
13:14:23 INFO  Using sw id database: {'asciijump': '5475369', 'robotfindskitten': '5474869', 'squirrel3': '5475279', 'rolldice': '5152439', 'moon-buggy': '5439204', 'apple': '5495053', 'banana': '5494888', 'cherry': '5495382', 'watermelon': '5494510', 'registry': '8018911', 'hello-world': '8021526', 'docker/getting-started': '8021973', 'alpine': '7991792'}
13:14:23 INFO  EnvironmentC8y Setup
13:14:23 INFO  Executed systemctl&lt;serv_mapper1&gt;, exit status 3
13:14:38 INFO  Executed sudo&lt;tedge_connect_c8y&gt;, exit status 0, duration 14 secs
13:14:38 INFO  Executed sudo&lt;tedge_connect_c8y_test&gt;, exit status 0
13:14:39 INFO  Executed systemctl&lt;serv_mosq2&gt;, exit status 0
13:14:39 INFO  Executed systemctl&lt;serv_mapper3&gt;, exit status 0
13:14:41 INFO  State of current operation: SUCCESSFUL
13:14:42 INFO  Response status: 201
13:14:42 INFO  Response to action: {
    "creationTime": "2022-04-28T13:14:42.204Z",
    "deviceName": "m32sd10b",
    "deviceId": "17884833",
    "self": "https://t493319102.eu-latest.cumulocity.com/devicecontrol/operations/17910978",
    "id": "17910978",
    "status": "PENDING",
    "description": "Apply software changes, triggered from PySys: [{'action': 'install', 'id': '8021526', 'name': 'hello-world', 'url': '', 'version': '::docker'}, {'action': 'install', 'id': '8018911', 'name': 'registry', 'url': '', 'version': '2.6.2::docker'}]",
    "c8y_SoftwareUpdate": [
        {
            "name": "hello-world",
            "action": "install",
            "id": "8021526",
            "version": "::docker",
            "url": ""
        },
        {
            "name": "registry",
            "action": "install",
            "id": "8018911",
            "version": "2.6.2::docker",
            "url": ""
        }
    ]
}
13:14:42 INFO  Started operation: {'creationTime': '2022-04-28T13:14:42.204Z', 'deviceName': 'm32sd10b', 'deviceId': '17884833', 'self': 'https://t493319102.eu-latest.cumulocity.com/devicecontrol/operations/17910978', 'id': '17910978', 'status': 'PENDING', 'description': "Apply software changes, triggered from PySys: [{'action': 'install', 'id': '8021526', 'name': 'hello-world', 'url': '', 'version': '::docker'}, {'action': 'install', 'id': '8018911', 'name': 'registry', 'url': '', 'version': '2.6.2::docker'}]", 'c8y_SoftwareUpdate': [{'name': 'hello-world', 'action': 'install', 'id': '8021526', 'version': '::docker', 'url': ''}, {'name': 'registry', 'action': 'install', 'id': '8018911', 'version': '2.6.2::docker', 'url': ''}]}
13:14:44 INFO  State of operation 17910978 : PENDING
13:14:46 INFO  State of operation 17910978 : EXECUTING
13:14:48 INFO  State of operation 17910978 : EXECUTING
13:14:51 INFO  State of operation 17910978 : EXECUTING
13:14:53 INFO  State of operation 17910978 : FAILED
13:14:53 ERROR Stopping as the operation has failed
13:14:53 WARN  SystemError occurred while running test - The operation has failed
Traceback (most recent call last):
  File "/home/pi/env-pysys/lib/python3.7/site-packages/pysys/baserunner.py", line 1292, in __call__
    self.testObj.setup()
  File "/home/pi/actions-runner/_work/thin-edge.io/thin-edge.io/tests/PySys/software_management_end_to_end/sm_docker_install_remove_multiple/run.py", line 55, in setup
    self.wait_until_succcess()
  File "/home/pi/actions-runner/_work/thin-edge.io/thin-edge.io/tests/PySys/software_management_end_to_end/environment_sm_management.py", line 324, in wait_until_succcess
    self.wait_until_status("SUCCESSFUL")
  File "/home/pi/actions-runner/_work/thin-edge.io/thin-edge.io/tests/PySys/software_management_end_to_end/environment_sm_management.py", line 361, in wait_until_status
    raise SystemError("The operation has failed")
SystemError: The operation has failed
13:14:53 WARN  SystemError: The operation has failed ... blocked 
13:14:53 INFO  
13:14:53 INFO  cleanup:
13:14:57 INFO  Executed sudo&lt;tedge_disconnect_c8y&gt;, exit status 0
13:14:57 INFO  Executed systemctl&lt;serv_mapper5&gt;, exit status 3
13:14:57 INFO  
13:14:57 INFO  Test duration: 35.88 secs
13:14:57 INFO  Test final outcome:  BLOCKED
13:14:57 INFO  Test outcome reason: SystemError: The operation has failed
13:14:57 INFO  
</system-out>
	</testcase>
<testcase classname="SMDockerInstallRemove" name="SoftwareManagement.sm_docker_install_remove_multiple">
		<failure message="BLOCKED: SystemError: The operation has failed" type="BLOCKED" />
		<system-out>13:32:42 INFO  ==============================================================
13:32:42 INFO  Id:    SoftwareManagement.sm_docker_install_remove_multiple
13:32:42 INFO  Dir:   software_management_end_to_end/
13:32:42 INFO  Title: Validate end to end behaviour for the docker plugin for multiple docker images with mixed versions
13:32:42 INFO  ==============================================================
13:32:42 INFO  Using sw id database: {'asciijump': '5475369', 'robotfindskitten': '5474869', 'squirrel3': '5475279', 'rolldice': '5152439', 'moon-buggy': '5439204', 'apple': '5495053', 'banana': '5494888', 'cherry': '5495382', 'watermelon': '5494510', 'registry': '8018911', 'hello-world': '8021526', 'docker/getting-started': '8021973', 'alpine': '7991792'}
13:32:42 INFO  EnvironmentC8y Setup
13:32:43 INFO  Executed systemctl&lt;serv_mapper1&gt;, exit status 3
13:32:43 INFO  Restarting mosquitto too frequently in the last 10 seconds. It was only up for 4 seconds
13:32:43 INFO  Delaying execution by 7 seconds
13:33:04 INFO  Executed sudo&lt;tedge_connect_c8y&gt;, exit status 0, duration 14 secs
13:33:04 INFO  Executed sudo&lt;tedge_connect_c8y_test&gt;, exit status 0
13:33:05 INFO  Executed systemctl&lt;serv_mosq2&gt;, exit status 0
13:33:05 INFO  Executed systemctl&lt;serv_mapper3&gt;, exit status 0
13:33:07 INFO  State of current operation: SUCCESSFUL
13:33:08 INFO  Response status: 201
13:33:08 INFO  Response to action: {
    "creationTime": "2022-04-28T13:33:08.149Z",
    "deviceName": "m32sd10b",
    "deviceId": "17884833",
[...]
		<failure message="FAILED: Assert that (True == value) with value=False" type="FAILED" />
		<system-out>12:20:58 INFO  ==============================================================
12:20:58 INFO  Id:    log_request_num_lines
12:20:58 INFO  Dir:   log_request_end_to_end/
12:20:58 INFO  Title: Validate end to end behaviour for the log request operation check for number of lines
12:20:58 INFO  ==============================================================
12:20:58 INFO  EnvironmentC8y Setup
12:20:59 INFO  Executed systemctl&lt;serv_mapper1&gt;, exit status 3
12:20:59 INFO  Restarting mosquitto too frequently in the last 10 seconds. It was only up for 4 seconds
12:20:59 INFO  Delaying execution by 7 seconds
12:21:20 INFO  Executed sudo&lt;tedge_connect_c8y&gt;, exit status 0, duration 14 secs
12:21:21 INFO  Executed sudo&lt;tedge_connect_c8y_test&gt;, exit status 0
12:21:22 INFO  Executed systemctl&lt;serv_mosq2&gt;, exit status 0
12:21:22 INFO  Executed systemctl&lt;serv_mapper3&gt;, exit status 0
12:21:23 INFO  Executed sudo&lt;rm_logs&gt;, exit status 0
12:21:23 INFO  Executed sudo&lt;move_logs&gt;, exit status 0
12:21:24 INFO  log response None
12:21:24 WARN  retry, retrying in 1 seconds...
12:21:25 INFO  log response https://thin-edge-io.eu-latest.cumulocity.com/event/events/17899554/binaries
12:21:25 INFO  nlines 0
12:21:25 WARN  Assert that (True == value) with value=False ... failed [run.py:44]
12:21:25 INFO  
12:21:25 INFO  cleanup:
12:21:26 INFO  Executed sudo&lt;rm_logs&gt;, exit status 0
12:21:26 INFO  Executed sudo&lt;rm_tmp_logs&gt;, exit status 0
12:21:27 INFO  Executed sudo&lt;send_failed&gt;, exit status 0
12:21:31 INFO  Executed sudo&lt;tedge_disconnect_c8y&gt;, exit status 0
12:21:31 INFO  Executed systemctl&lt;serv_mapper5&gt;, exit status 3
12:21:31 INFO  
12:21:31 INFO  Test duration: 33.26 secs
12:21:31 INFO  Test final outcome:  FAILED
12:21:31 INFO  Test outcome reason: Assert that (True == value) with value=False
12:21:31 INFO  
</system-out>
	</testcase>
</testsuite><testsuite name="mapper_awaits_before_reconnect" tests="1" errors="0" failures="1" skipped="0" time="0"><testcase classname="MapperReconnectAwait" name="mapper_awaits_before_reconnect">
		<failure message="FAILED: Line count on tedge_mapper_journal.out for &quot;tedge_mapper::core::mapper: MQTT connection error:&quot; expected &gt;=2 but got 0" type="FAILED" />
		<system-out>12:36:00 INFO  ==============================================================
12:36:00 INFO  Id:    mapper_awaits_before_reconnect
12:36:00 INFO  Dir:   tedge_mapper_c8y/
12:36:00 INFO  Title: Validate mapper doesn't reconnect too often
12:36:00 INFO  ==============================================================
12:36:00 INFO  Started mosquitto_sub with process id 8800
12:36:00 INFO  Waiting for 0.1 seconds
12:36:01 INFO  Executed sudo&lt;tedge_mapper&gt;, exit status 0
12:36:01 INFO  Waiting for 5.0 seconds
12:36:06 INFO  Executed sudo&lt;tedge_mapper&gt;, exit status 0
12:36:07 INFO  Executed sudo&lt;tedge_mapper_journal&gt;, exit status 0
12:36:07 WARN  Grep on tedge_mapper_journal.out contains "ERROR" ... failed [run.py:67]
12:36:07 INFO  Line count on file tedge_mapper_journal.out ... passed
12:36:07 WARN  Line count on tedge_mapper_journal.out for "tedge_mapper::core::mapper: MQTT connection error:" expected &gt;=2 but got 0 ... failed [run.py:78]
12:36:07 WARN  Aborted test due to FAILED outcome
12:36:07 INFO  
12:36:07 INFO  Test duration: 7.10 secs
12:36:07 INFO  Test final outcome:  FAILED
12:36:07 INFO  Test outcome reason: Line count on tedge_mapper_journal.out for "tedge_mapper::core::mapper: MQTT connection error:" expected &gt;=2 but got 0
12:36:07 INFO  
</system-out>
	</testcase>
</testsuite><testsuite name="monitoring_smaller_interval" tests="1" errors="0" failures="1" skipped="0" time="0"><testcase classname="MonitoringSmallInterval" name="monitoring_smaller_interval">
		<failure message="BLOCKED: TypeError: 'int' object is not subscriptable" type="BLOCKED" />
		<system-out>12:23:00 INFO  ==============================================================
12:23:00 INFO  Id:    monitoring_smaller_interval
12:23:00 INFO  Dir:   monitoring/
12:23:00 INFO  Title: Validate the tedge dm agent messages that are produced with smaller sampling interval than the batching window. Here the simulated collectd messages are used
12:23:00 INFO  ==============================================================
12:23:00 INFO  Executed sudo&lt;collectd&gt;, exit status 0
12:23:01 INFO  Executed sudo&lt;collectd_mapper&gt;, exit status 0
12:23:01 INFO  Started sudo&lt;tedge_sub&gt; with process id 4932
12:23:01 INFO  Executed sudo&lt;tedge_temp&gt;, exit status 0
12:23:02 INFO  Executed sudo&lt;tedge_pres&gt;, exit status 0
12:23:03 INFO  Executed sudo&lt;tedge_temp&gt;, exit status 0
12:23:03 INFO  Executed sudo&lt;tedge_pres&gt;, exit status 0
12:23:04 INFO  Executed sudo&lt;tedge_temp&gt;, exit status 0
12:23:04 INFO  Executed sudo&lt;tedge_pres&gt;, exit status 0
12:23:05 INFO  Executed sudo&lt;tedge_temp&gt;, exit status 0
12:23:05 INFO  Executed sudo&lt;tedge_pres&gt;, exit status 0
12:23:06 INFO  Executed sudo&lt;tedge_temp&gt;, exit status 0
12:23:07 INFO  Executed sudo&lt;tedge_pres&gt;, exit status 0
12:23:07 INFO  Executed sudo&lt;tedge_temp&gt;, exit status 0
12:23:08 INFO  Executed sudo&lt;tedge_pres&gt;, exit status 0
12:23:08 INFO  Executed sudo&lt;tedge_temp&gt;, exit status 0
12:23:09 INFO  Executed sudo&lt;tedge_pres&gt;, exit status 0
12:23:09 INFO  Executed sudo&lt;tedge_temp&gt;, exit status 0
12:23:10 INFO  Executed sudo&lt;tedge_pres&gt;, exit status 0
12:23:11 INFO  Executed sudo&lt;tedge_temp&gt;, exit status 0
12:23:11 INFO  Executed sudo&lt;tedge_pres&gt;, exit status 0
12:23:12 INFO  Executed sudo&lt;tedge_temp&gt;, exit status 0
12:23:12 INFO  Executed sudo&lt;tedge_pres&gt;, exit status 0
12:23:14 INFO  Executed sudo&lt;kill_out&gt;, exit status 0
12:23:14 INFO  0

12:23:14 WARN  TypeError occurred while running test - 'int' object is not subscriptable
Traceback (most recent call last):
  File "/home/pi/env-pysys/lib/python3.7/site-packages/pysys/baserunner.py", line 1296, in __call__
    self.testObj.validate()
  File "/home/pi/actions-runner/_work/thin-edge.io/thin-edge.io/tests/PySys/monitoring/monitoring_smaller_interval/run.py", line 104, in validate
    collectd_msg_validation_result=self.validate_json(),
  File "/home/pi/actions-runner/_work/thin-edge.io/thin-edge.io/tests/PySys/monitoring/monitoring_smaller_interval/run.py", line 114, in validate_json
    if not self.validate_time():
  File "/home/pi/actions-runner/_work/thin-edge.io/thin-edge.io/tests/PySys/monitoring/monitoring_smaller_interval/run.py", line 134, in validate_time
    if self.js_msg["time"]:
TypeError: 'int' object is not subscriptable
12:23:14 WARN  TypeError: 'int' object is not subscriptable ... blocked 
12:23:14 INFO  
12:23:14 INFO  cleanup:
12:23:14 INFO  monitoring_cleanup
12:23:14 INFO  Executed sudo&lt;collectd_mapper&gt;, exit status 0
12:23:14 INFO  
12:23:14 INFO  Test duration: 14.79 secs
12:23:14 INFO  Test final outcome:  BLOCKED
12:23:14 INFO  Test outcome reason: TypeError: 'int' object is not subscriptable
12:23:14 INFO  
</system-out>
	</testcase>
</testsuite><testsuite name="monitoring_with_collectd" tests="1" errors="0" failures="0" skipped="1" time="0"><testcase classname="MonitoringWithCollectd" name="monitoring_with_collectd">
		<skipped message="SKIPPED: Test execution disabled due to #792 (instable)" />
		<system-out>12:23:14 INFO  ==============================================================
12:23:14 INFO  Id:    monitoring_with_collectd
12:23:14 INFO  Dir:   monitoring/
12:23:14 INFO  Title: Validate tedge dm agent messages that are produced by batching the collectd messages
12:23:14 INFO  ==============================================================
12:23:15 INFO  Test execution disabled due to #792 (instable) ... skipped
12:23:15 INFO  
12:23:15 INFO  Test duration: 0.02 secs
12:23:15 INFO  Test final outcome:  SKIPPED
12:23:15 INFO  Test outcome reason: Test execution disabled due to #792 (instable)
12:23:15 INFO  
</system-out>
	</testcase>
</testsuite><testsuite name="monitoring_with_simulated_messages" tests="1" errors="0" failures="1" skipped="0" time="0"><testcase classname="MonitoringWithSimulatedMessages" name="monitoring_with_simulated_messages">
		<failure message="BLOCKED: TypeError: 'int' object is not subscriptable" type="BLOCKED" />
		<system-out>12:23:15 INFO  ==============================================================
12:23:15 INFO  Id:    monitoring_with_simulated_messages
12:23:15 INFO  Dir:   monitoring/
12:23:15 INFO  Title: Validate the tedge dm agent messages that are produced from the simulated collectd messages
12:23:15 INFO  ==============================================================
12:23:15 INFO  Executed sudo&lt;collectd&gt;, exit status 0
12:23:16 INFO  Executed sudo&lt;collectd_mapper&gt;, exit status 0
12:23:16 INFO  Started sudo&lt;tedge_sub&gt; with process id 4997
12:23:16 INFO  Executed sudo&lt;tedge_temp&gt;, exit status 0
12:23:17 INFO  Executed sudo&lt;tedge_pres&gt;, exit status 0
12:23:18 INFO  Executed sudo&lt;kill_out&gt;, exit status 0
12:23:18 INFO  0

12:23:18 WARN  TypeError occurred while running test - 'int' object is not subscriptable
Traceback (most recent call last):
  File "/home/pi/env-pysys/lib/python3.7/site-packages/pysys/baserunner.py", line 1296, in __call__
    self.testObj.validate()
  File "/home/pi/actions-runner/_work/thin-edge.io/thin-edge.io/tests/PySys/monitoring/monitoring_with_simulated_messages/run.py", line 98, in validate
    collectd_msg_validation_result=self.validate_json(),
  File "/home/pi/actions-runner/_work/thin-edge.io/thin-edge.io/tests/PySys/monitoring/monitoring_with_simulated_messages/run.py", line 108, in validate_json
    if not self.validate_time():
  File "/home/pi/actions-runner/_work/thin-edge.io/thin-edge.io/tests/PySys/monitoring/monitoring_with_simulated_messages/run.py", line 127, in validate_time
    if self.js_msg["time"]:
TypeError: 'int' object is not subscriptable
12:23:18 WARN  TypeError: 'int' object is not subscriptable ... blocked 
12:23:18 INFO  
12:23:18 INFO  cleanup:
12:23:18 INFO  monitoring_cleanup
12:23:19 INFO  Executed sudo&lt;collectd_mapper&gt;, exit status 0
12:23:19 INFO  
12:23:19 INFO  Test duration: 4.39 secs
12:23:19 INFO  Test final outcome:  BLOCKED
12:23:19 INFO  Test outcome reason: TypeError: 'int' object is not subscriptable
12:23:19 INFO  
</system-out>
	</testcase>
</testsuite><testsuite name="mqtt_port_change_connection_fails" tests="1" errors="0" failures="0" skipped="0" time="0"><testcase classname="MqttPortChangeConnectionFails" name="mqtt_port_change_connection_fails" />
</testsuite><testsuite name="mqtt_port_change_connection_works" tests="1" errors="0" failures="0" skipped="1" time="0"><testcase classname="MqttPortChangeConnectionWorks" name="mqtt_port_change_connection_works">
		<skipped message="SKIPPED: failing intermitently" />
		<system-out>12:22:06 INFO  ==============================================================
12:22:06 INFO  Id:    mqtt_port_change_connection_works
12:22:06 INFO  Dir:   misc_features/
12:22:06 INFO  Title: mqtt port change connection works for all the thin-edge services that use the mosquitto broker
12:22:06 INFO  ==============================================================
12:22:06 INFO  failing intermitently ... skipped
12:22:06 INFO  
12:22:06 INFO  Test duration: 0.02 secs
12:22:06 INFO  Test final outcome:  SKIPPED
12:22:06 INFO  Test outcome reason: failing intermitently
12:22:06 INFO  
</system-out>
	</testcase>
</testsuite><testsuite name="mqtt_port_set" tests="1" errors="0" failures="0" skipped="0" time="0"><testcase classname="MqttPortSet" name="mqtt_port_set" />
</testsuite><testsuite name="mqtt_port_unset" tests="1" errors="0" failures="0" skipped="0" time="0"><testcase classname="MqttPortUnSet" name="mqtt_port_unset" />
</testsuite><testsuite name="publish_flux" tests="1" errors="0" failures="0" skipped="0" time="0"><testcase classname="PublishFlux" name="publish_flux" />
</testsuite><testsuite name="publish_sawmill" tests="1" errors="0" failures="0" skipped="0" time="0"><testcase classname="PublishSawmill" name="publish_sawmill" />
</testsuite><testsuite name="runtime_start_two_mappers" tests="1" errors="0" failures="1" skipped="0" time="0"><testcase classname="RuntimeMultiMappers" name="runtime_start_two_mappers">
		<failure message="FAILED: Grep on tedge_mapper2.err contains &quot;Error: Couldn't acquire file lock.&quot;" type="FAILED" />
		<system-out>12:36:07 INFO  ==============================================================
12:36:07 INFO  Id:    runtime_start_two_mappers
12:36:07 INFO  Dir:   tedge_mapper_c8y/
12:36:07 INFO  Title: Validate two mappers can't be started at the same time
12:36:07 INFO  ==============================================================
12:36:08 INFO  Executed sudo&lt;tedge_mapper1&gt;, exit status 0
12:36:08 INFO  Waiting for 0.1 seconds
12:36:08 INFO  Executed sudo&lt;tedge_mapper2&gt;, exit status 1
12:36:09 INFO  Executed sudo&lt;tedge_mapper1&gt;, exit status 0
12:36:09 WARN  Grep on tedge_mapper2.err contains "Error: Couldn't acquire file lock." ... failed [run.py:46]
12:36:09 INFO  
12:36:09 INFO  Test duration: 1.75 secs
12:36:09 INFO  Test final outcome:  FAILED
12:36:09 INFO  Test outcome reason: Grep on tedge_mapper2.err contains "Error: Couldn't acquire file lock."
12:36:09 INFO  
</system-out>
	</testcase>
</testsuite><testsuite name="sm_tedge_mapper_init_session" tests="1" errors="0" failures="0" skipped="0" time="0"><testcase classname="TedgeSMMapperInitSession" name="sm_tedge_mapper_init_session" />
</testsuite><testsuite name="smoketest_json" tests="1" errors="0" failures="0" skipped="0" time="0"><testcase classname="SmokeTestJson" name="smoketest_json" />
</testsuite><testsuite name="smoketest_json_400_samples_10ms" tests="1" errors="0" failures="0" skipped="0" time="0"><testcase classname="SmoketestJson400Samples10ms" name="smoketest_json_400_samples_10ms" />
</testsuite><testsuite name="smoketest_json_400_samples_20ms" tests="1" errors="0" failures="0" skipped="0" time="0"><testcase classname="SmoketestJson400Samples20ms" name="smoketest_json_400_samples_20ms" />
</testsuite><testsuite name="smoketest_smartrest" tests="1" errors="0" failures="0" skipped="0" time="0"><testcase classname="SmoketestSmartRest" name="smoketest_smartrest" />
</testsuite><testsuite name="smoketest_smartrest_400_samples_1Xms" tests="1" errors="0" failures="0" skipped="0" time="0"><testcase classname="SmoketestSmartRest400Samples1Xms" name="smoketest_smartrest_400_samples_1Xms" />
</testsuite><testsuite name="smoketest_smartrest_400_samples_20ms" tests="1" errors="0" failures="0" skipped="0" time="0"><testcase classname="SmoketestSmartRest400Samples20ms" name="smoketest_smartrest_400_samples_20ms" />
</testsuite><testsuite name="tedge_agent_user_sudo_access" tests="1" errors="0" failures="0" skipped="1" time="0"><testcase classname="TedgeAgentUserSudoAccess" name="tedge_agent_user_sudo_access">
		<skipped message="SKIPPED: #955 Observation: Exit code of the apt plugin when called with no arguments" />
		<system-out>12:33:22 INFO  ==============================================================
12:33:22 INFO  Id:    tedge_agent_user_sudo_access
12:33:22 INFO  Dir:   tedge/
12:33:22 INFO  Title: Validate tedge-agent user has a limited sudo right
12:33:22 INFO  ==============================================================
12:33:22 INFO  #955 Observation: Exit code of the apt plugin when called with no arguments ... skipped
12:33:22 INFO  
12:33:22 INFO  Test duration: 0.02 secs
12:33:22 INFO  Test final outcome:  SKIPPED
12:33:22 INFO  Test outcome reason: #955 Observation: Exit code of the apt plugin when called with no arguments
12:33:22 INFO  
</system-out>
	</testcase>
</testsuite><testsuite name="tedge_connect_test_negative" tests="1" errors="0" failures="0" skipped="0" time="0"><testcase classname="TedgeConnectTestNegative" name="tedge_connect_test_negative" />
</testsuite><testsuite name="tedge_connect_test_positive" tests="1" errors="0" failures="0" skipped="0" time="0"><testcase classname="TedgeConnectTestPositive" name="tedge_connect_test_positive" />
</testsuite><testsuite name="tedge_connect_test_sm_services" tests="1" errors="0" failures="0" skipped="0" time="0"><testcase classname="TedgeConnectTestSMServices" name="tedge_connect_test_sm_services" />
</testsuite><testsuite name="tedge_disconnect_test_sm_services" tests="1" errors="0" failures="0" skipped="0" time="0"><testcase classname="TedgeDisConnectTestSMServices" name="tedge_disconnect_test_sm_services" />
</testsuite><testsuite name="tedge_mapper_az_negative" tests="1" errors="0" failures="0" skipped="0" time="0"><testcase classname="TedgeMapperAzError" name="tedge_mapper_az_negative" />
</testsuite><testsuite name="tedge_mapper_az_with_timestamp" tests="1" errors="0" failures="0" skipped="0" time="0"><testcase classname="TedgeMapperAzWithTimestamp" name="tedge_mapper_az_with_timestamp" />
</testsuite><testsuite name="tedge_mapper_az_without_timestamp" tests="1" errors="0" failures="0" skipped="0" time="0"><testcase classname="TedgeMapperAzWithoutTimestamp" name="tedge_mapper_az_without_timestamp" />
</testsuite><testsuite name="tedge_mapper_c8y_alarms" tests="1" errors="0" failures="0" skipped="0" time="0"><testcase classname="TedgeMapperC8yAlarm" name="tedge_mapper_c8y_alarms" />
</testsuite><testsuite name="tedge_mapper_c8y_child_device_measurement" tests="1" errors="0" failures="0" skipped="0" time="0"><testcase classname="TedgeMapperC8yChildDevice" name="tedge_mapper_c8y_child_device_measurement" />
</testsuite><testsuite name="tedge_mapper_c8y_packet_threshold_size" tests="1" errors="0" failures="1" skipped="0" time="0"><testcase classname="TedgeMapperC8yThresholdPacketSize" name="tedge_mapper_c8y_packet_threshold_size">
		<failure message="FAILED: Grep on tedge_sub.out contains &quot;The size of the message received on tedge/measurements is 20489 which is greater than the threshold size of 16184.&quot;" type="FAILED" />
		<system-out>12:37:46 INFO  ==============================================================
12:37:46 INFO  Id:    tedge_mapper_c8y_packet_threshold_size
12:37:46 INFO  Dir:   tedge_mapper_c8y/
12:37:46 INFO  Title: Validate the Cumulocity Mapper accepted threshold packet size when it receives a message on tedge/measurements
12:37:46 INFO  ==============================================================
12:37:46 INFO  Executed sudo&lt;tedge_mapper_c8y&gt;, exit status 0
12:37:46 INFO  Started sudo&lt;tedge_sub&gt; with process id 9394
12:37:47 INFO  Executed sudo&lt;tedge_msg&gt;, exit status 0
12:37:47 INFO  Executed sudo&lt;tedge_pub&gt;, exit status 0
12:37:48 INFO  Executed sudo&lt;kill_out&gt;, exit status 0
12:37:48 WARN  Grep on tedge_sub.out contains "The size of the message received on tedge/measurements is 20489 which is greater than the threshold size of 16184." ... failed [run.py:88]
12:37:48 INFO  
12:37:48 INFO  cleanup:
12:37:48 INFO  mapper_cleanup
12:37:49 INFO  Executed sudo&lt;tedge_mapper_c8y&gt;, exit status 0
12:37:49 INFO  
12:37:49 INFO  Test duration: 2.90 secs
12:37:49 INFO  Test final outcome:  FAILED
12:37:49 INFO  Test outcome reason: Grep on tedge_sub.out contains "The size of the message received on tedge/measurements is 20489 which is greater than the threshold size of 16184."
12:37:49 INFO  
</system-out>
	</testcase>
</testsuite><testsuite name="tedge_software_update" tests="1" errors="0" failures="0" skipped="0" time="0"><testcase classname="PySysTest" name="tedge_software_update" />
</testsuite><testsuite name="valid_device_id" tests="1" errors="0" failures="0" skipped="0" time="0"><testcase classname="ValidateValidDeviceId" name="valid_device_id" />
</testsuite></testsuites>