<?xml version='1.0' encoding='utf-8'?>
<testsuites tests="139" failures="17" errors="0" skipped="45" time="0.0"><testsuite name="SoftwareManagement.Plugin.apama_plugin_install" tests="3" errors="0" failures="0" skipped="1" time="0"><testcase classname="ApamaPluginInstallTest" name="SoftwareManagement.Plugin.apama_plugin_install">
		<skipped message="SKIPPED: Apama plugin tests are disabled by default. Execute `pysys run` with `-XmyPlatform=container` to run these tests" />
		<system-out>06:51:31 INFO  ==============================================================
06:51:31 INFO  Id:    SoftwareManagement.Plugin.apama_plugin_install
06:51:31 INFO  Dir:   plugin_apama/
06:51:31 INFO  Title: Validate apama plugin install
06:51:31 INFO  ==============================================================
06:51:31 INFO  Apama plugin tests are disabled by default. Execute `pysys run` with `-XmyPlatform=container` to run these tests ... skipped
06:51:31 WARN  Aborted test due to SKIPPED outcome
06:51:31 INFO  
06:51:31 INFO  Test duration: 0.04 secs
06:51:31 INFO  Test final outcome:  SKIPPED
06:51:31 INFO  Test outcome reason: Apama plugin tests are disabled by default. Execute `pysys run` with `-XmyPlatform=container` to run these tests
06:51:31 INFO  
</system-out>
	</testcase>
<testcase classname="ApamaPluginInstallTest" name="SoftwareManagement.Plugin.apama_plugin_install" />
<testcase classname="ApamaPluginInstallTest" name="SoftwareManagement.Plugin.apama_plugin_install" />
</testsuite><testsuite name="SoftwareManagement.Plugin.apama_plugin_mon_support" tests="3" errors="0" failures="0" skipped="1" time="0"><testcase classname="ApamaPluginMonSupportTest" name="SoftwareManagement.Plugin.apama_plugin_mon_support">
		<skipped message="SKIPPED: Apama plugin tests are disabled by default. Execute `pysys run` with `-XmyPlatform=container` to run these tests" />
		<system-out>06:51:31 INFO  ==============================================================
06:51:31 INFO  Id:    SoftwareManagement.Plugin.apama_plugin_mon_support
06:51:31 INFO  Dir:   plugin_apama/
06:51:31 INFO  Title: Validate mon file support of apama plugin
06:51:31 INFO  ==============================================================
06:51:31 INFO  Apama plugin tests are disabled by default. Execute `pysys run` with `-XmyPlatform=container` to run these tests ... skipped
06:51:31 WARN  Aborted test due to SKIPPED outcome
06:51:31 INFO  
06:51:31 INFO  Test duration: 0.02 secs
06:51:31 INFO  Test final outcome:  SKIPPED
06:51:31 INFO  Test outcome reason: Apama plugin tests are disabled by default. Execute `pysys run` with `-XmyPlatform=container` to run these tests
06:51:31 INFO  
</system-out>
	</testcase>
<testcase classname="ApamaPluginMonSupportTest" name="SoftwareManagement.Plugin.apama_plugin_mon_support" />
<testcase classname="ApamaPluginMonSupportTest" name="SoftwareManagement.Plugin.apama_plugin_mon_support" />
</testsuite><testsuite name="SoftwareManagement.Plugin.apama_plugin_remove" tests="3" errors="0" failures="0" skipped="1" time="0"><testcase classname="ApamaPluginRemoveTest" name="SoftwareManagement.Plugin.apama_plugin_remove">
		<skipped message="SKIPPED: Apama plugin tests are disabled by default. Execute `pysys run` with `-XmyPlatform=container` to run these tests" />
		<system-out>06:51:31 INFO  ==============================================================
06:51:31 INFO  Id:    SoftwareManagement.Plugin.apama_plugin_remove
06:51:31 INFO  Dir:   plugin_apama/
06:51:31 INFO  Title: Validate apama plugin remove
06:51:31 INFO  ==============================================================
06:51:31 INFO  Apama plugin tests are disabled by default. Execute `pysys run` with `-XmyPlatform=container` to run these tests ... skipped
06:51:31 WARN  Aborted test due to SKIPPED outcome
06:51:31 INFO  
06:51:31 INFO  Test duration: 0.05 secs
06:51:31 INFO  Test final outcome:  SKIPPED
06:51:31 INFO  Test outcome reason: Apama plugin tests are disabled by default. Execute `pysys run` with `-XmyPlatform=container` to run these tests
06:51:31 INFO  
</system-out>
	</testcase>
<testcase classname="ApamaPluginRemoveTest" name="SoftwareManagement.Plugin.apama_plugin_remove" />
<testcase classname="ApamaPluginRemoveTest" name="SoftwareManagement.Plugin.apama_plugin_remove" />
</testsuite><testsuite name="SoftwareManagement.Plugin.apama_plugin_update" tests="3" errors="0" failures="2" skipped="1" time="0"><testcase classname="ApamaPluginUpdateTest" name="SoftwareManagement.Plugin.apama_plugin_update">
		<skipped message="SKIPPED: Apama plugin tests are disabled by default. Execute `pysys run` with `-XmyPlatform=container` to run these tests" />
		<system-out>06:51:31 INFO  ==============================================================
06:51:31 INFO  Id:    SoftwareManagement.Plugin.apama_plugin_update
06:51:31 INFO  Dir:   plugin_apama/
06:51:31 INFO  Title: Validate apama plugin updating one project with another
06:51:31 INFO  ==============================================================
06:51:31 INFO  Apama plugin tests are disabled by default. Execute `pysys run` with `-XmyPlatform=container` to run these tests ... skipped
06:51:31 WARN  Aborted test due to SKIPPED outcome
06:51:31 INFO  
06:51:31 INFO  Test duration: 0.03 secs
06:51:31 INFO  Test final outcome:  SKIPPED
06:51:31 INFO  Test outcome reason: Apama plugin tests are disabled by default. Execute `pysys run` with `-XmyPlatform=container` to run these tests
06:51:31 INFO  
</system-out>
	</testcase>
<testcase classname="ApamaPluginUpdateTest" name="SoftwareManagement.Plugin.apama_plugin_update">
		<failure message="BLOCKED: sudo&lt;plugin_install&gt; returned non-zero exit code 2" type="BLOCKED" />
		<system-out>07:42:50 INFO  ==============================================================
07:42:50 INFO  Id:    SoftwareManagement.Plugin.apama_plugin_update
07:42:50 INFO  Dir:   plugin_apama/
07:42:50 INFO  Title: Validate apama plugin updating one project with another
07:42:50 INFO  ==============================================================
07:42:50 INFO  Assertion that path exists=False for "/etc/tedge/apama/project" ... passed
07:42:50 INFO  Executed sudo&lt;create_project_dir&gt;, exit status 0
07:42:51 INFO  Executed sudo&lt;unzip_apama_project&gt;, exit status 0
07:42:51 INFO  Executed sudo&lt;move_apama_project&gt;, exit status 0
07:42:52 INFO  Executed sudo&lt;restart_apama_service&gt;, exit status 0
07:42:53 INFO  Executed sudo&lt;apama_correlator_wait&gt;, exit status 0
07:42:53 INFO  Assertion that path exists=True for "/etc/tedge/apama/project" ... passed
07:42:54 INFO  Executed sudo&lt;apama_list_monitors&gt;, exit status 0
07:42:54 INFO  Grep on file /home/pi/actions-runner/_work/thin-edge.io/thin-edge.io/tests/PySys/plugin_apama/apama_plugin_update/Output/linux/apama_list_monitors.out ... passed
07:42:54 WARN  Executed sudo&lt;plugin_install&gt;, exit status 2
07:42:54 INFO  Contents of plugin_install.err: 
  ERROR: Directory not empty (os error 39)
  -----

07:42:54 WARN  sudo&lt;plugin_install&gt; returned non-zero exit code 2 ... blocked [run.py:35]
07:42:54 WARN  Aborted test due to BLOCKED outcome
07:42:54 INFO  
07:42:54 INFO  cleanup:
07:42:54 INFO  Removing apama project
07:43:10 INFO  Executed sudo&lt;stop_apama_service&gt;, exit status 0, duration 15 secs
07:43:10 INFO  Executed sudo&lt;remove_apama_project&gt;, exit status 0
07:43:11 INFO  Executed sudo&lt;remove_apama_tmp_dir&gt;, exit status 0
07:43:11 INFO  
07:43:11 INFO  Test duration: 21.14 secs
07:43:11 INFO  Test final outcome:  BLOCKED
07:43:11 INFO  Test outcome reason: sudo&lt;plugin_install&gt; returned non-zero exit code 2
07:43:11 INFO  
</system-out>
	</testcase>
<testcase classname="ApamaPluginUpdateTest" name="SoftwareManagement.Plugin.apama_plugin_update">
		<failure message="BLOCKED: sudo&lt;plugin_install&gt; returned non-zero exit code 2" type="BLOCKED" />
		<system-out>07:51:26 INFO  ==============================================================
07:51:26 INFO  Id:    SoftwareManagement.Plugin.apama_plugin_update
07:51:26 INFO  Dir:   plugin_apama/
07:51:26 INFO  Title: Validate apama plugin updating one project with another
07:51:26 INFO  ==============================================================
07:51:26 INFO  Assertion that path exists=False for "/etc/tedge/apama/project" ... passed
07:51:26 INFO  Executed sudo&lt;create_project_dir&gt;, exit status 0
07:51:27 INFO  Executed sudo&lt;unzip_apama_project&gt;, exit status 0
07:51:27 INFO  Executed sudo&lt;move_apama_project&gt;, exit status 0
07:51:28 INFO  Executed sudo&lt;restart_apama_service&gt;, exit status 0
07:51:29 INFO  Executed sudo&lt;apama_correlator_wait&gt;, exit status 0
07:51:29 INFO  Assertion that path exists=True for "/etc/tedge/apama/project" ... passed
07:51:30 INFO  Executed sudo&lt;apama_list_monitors&gt;, exit status 0
07:51:30 INFO  Grep on file /home/pi/actions-runner/_work/thin-edge.io/thin-edge.io/tests/PySys/plugin_apama/apama_plugin_update/Output/linux/apama_list_monitors.out ... passed
07:51:30 WARN  Executed sudo&lt;plugin_install&gt;, exit status 2
07:51:30 INFO  Contents of plugin_install.err: 
  ERROR: Directory not empty (os error 39)
  -----

07:51:31 WARN  sudo&lt;plugin_install&gt; returned non-zero exit code 2 ... blocked [run.py:35]
07:51:31 WARN  Aborted test due to BLOCKED outcome
07:51:31 INFO  
07:51:31 INFO  cleanup:
07:51:31 INFO  Removing apama project
07:51:46 INFO  Executed sudo&lt;stop_apama_service&gt;, exit status 0, duration 15 secs
07:51:47 INFO  Executed sudo&lt;remove_apama_project&gt;, exit status 0
07:51:47 INFO  Executed sudo&lt;remove_apama_tmp_dir&gt;, exit status 0
07:51:47 INFO  
07:51:47 INFO  Test duration: 21.34 secs
07:51:47 INFO  Test final outcome:  BLOCKED
07:51:47 INFO  Test outcome reason: sudo&lt;plugin_install&gt; returned non-zero exit code 2
07:51:47 INFO  
</system-out>
	</testcase>
</testsuite><testsuite name="SoftwareManagement.sm_apt_install_download_path" tests="3" errors="0" failures="2" skipped="1" time="0"><testcase classname="AptInstallWithDownloadPath" name="SoftwareManagement.sm_apt_install_download_path">
		<skipped message="SKIPPED: Testing the apt plugin is not supported on this platform.Use parameter -XmyPlatform='container' to enable it" />
		<system-out>07:01:11 INFO  ==============================================================
07:01:11 INFO  Id:    SoftwareManagement.sm_apt_install_download_path
07:01:11 INFO  Dir:   software_management_end_to_end/
07:01:11 INFO  Title: Install package to directory specified in tedge config set tmp.path
07:01:11 INFO  ==============================================================
07:01:11 INFO  Testing the apt plugin is not supported on this platform.Use parameter -XmyPlatform='container' to enable it ... skipped
07:01:11 WARN  Aborted test due to SKIPPED outcome
07:01:11 INFO  
07:01:11 INFO  Test duration: 0.08 secs
07:01:11 INFO  Test final outcome:  SKIPPED
07:01:11 INFO  Test outcome reason: Testing the apt plugin is not supported on this platform.Use parameter -XmyPlatform='container' to enable it
07:01:11 INFO  
</system-out>
	</testcase>
<testcase classname="AptInstallWithDownloadPath" name="SoftwareManagement.sm_apt_install_download_path">
		<failure message="BLOCKED: AssertionError:" type="BLOCKED" />
		<system-out>07:24:47 INFO  ==============================================================
07:24:47 INFO  Id:    SoftwareManagement.sm_apt_install_download_path
07:24:47 INFO  Dir:   software_management_end_to_end/
07:24:47 INFO  Title: Install package to directory specified in tedge config set tmp.path
07:24:47 INFO  ==============================================================
07:24:47 INFO  Using sw id database: {'asciijump': '5475369', 'robotfindskitten': '5474869', 'squirrel3': '5475279', 'rolldice': '5152439', 'moon-buggy': '5439204', 'apple': '5495053', 'banana': '5494888', 'cherry': '5495382', 'watermelon': '5494510', 'registry': '8018911', 'hello-world': '8021526', 'docker/getting-started': '8021973', 'alpine': '7991792'}
07:24:47 INFO  EnvironmentC8y Setup
07:24:48 INFO  Executed systemctl&lt;serv_mapper1&gt;, exit status 3
07:25:02 INFO  Executed sudo&lt;tedge_connect_c8y&gt;, exit status 0, duration 14 secs
07:25:04 INFO  Executed sudo&lt;tedge_connect_c8y_test&gt;, exit status 0
07:25:05 INFO  Executed systemctl&lt;serv_mosq2&gt;, exit status 0
07:25:06 INFO  Executed systemctl&lt;serv_mapper3&gt;, exit status 0
07:25:08 ERROR No operations found, assuming it passed
07:25:08 INFO  Assert that (False == value) with value=False ... passed
07:25:09 INFO  Executed sudo, exit status 0
07:25:09 INFO  Executed sudo, exit status 0
07:25:10 INFO  Executed sudo, exit status 0
07:25:14 INFO  Executed sudo&lt;tedge_disconnect_c8y&gt;, exit status 0
07:25:14 INFO  Restarting mosquitto too frequently in the last 10 seconds. It was only up for 3 seconds
07:25:14 INFO  Delaying execution by 8 seconds
07:25:36 INFO  Executed sudo&lt;tedge_connect_c8y&gt;, exit status 0, duration 13 secs
07:25:36 INFO  Response status: 201
07:25:36 INFO  Response to action: {
    "creationTime": "2022-07-01T07:25:36.518Z",
    "deviceId": "20623832",
    "deviceName": "m32sd10d",
    "self": "https://t493319102.eu-latest.cumulocity.com/devicecontrol/operations/20660903",
    "id": "20660903",
    "status": "PENDING",
    "description": "Apply software changes, triggered from PySys: [{'name': 'rolldice', 'id': '5152439', 'version': '::apt', 'url': 'https://thin-edge-io.eu-latest.cumulocity.com/inventory/binaries/12435463', 'action': 'install'}]",
    "c8y_SoftwareUpdate": [
        {
            "name": "rolldice",
            "action": "install",
            "id": "5152439",
            "version": "::apt",
            "url": "https://thin-edge-io.eu-latest.cumulocity.com/inventory/binaries/12435463"
        }
    ]
}
07:25:36 INFO  Started operation: {'creationTime': '2022-07-01T07:25:36.518Z', 'deviceId': '20623832', 'deviceName': 'm32sd10d', 'self': 'https://t493319102.eu-latest.cumulocity.com/devicecontrol/operations/20660903', 'id': '20660903', 'status': 'PENDING', 'description': "Apply software changes, triggered from PySys: [{'name': 'rolldice', 'id': '5152439', 'version': '::apt', 'url': 'https://thin-edge-io.eu-latest.cumulocity.com/inventory/binaries/12435463', 'action': 'install'}]", 'c8y_SoftwareUpdate': [{'name': 'rolldice', 'action': 'install', 'id': '5152439', 'version': '::apt', 'url': 'https://thin-edge-io.eu-latest.cumulocity.com/inventory/binaries/12435463'}]}
07:25:36 WARN  , retrying in 0.5 seconds...
07:25:37 WARN  , retrying in 0.5 seconds...
07:25:37 WARN  , retrying in 0.5 seconds...
07:25:38 WARN  , retrying in 0.5 seconds...
07:25:38 WARN  , retrying in 0.5 seconds...
07:25:39 WARN  , retrying in 0.5 seconds...
07:25:39 WARN  , retrying in 0.5 seconds...
07:25:40 WARN  , retrying in 0.5 seconds...
07:25:40 WARN  , retrying in 0.5 seconds...
07:25:41 WARN  AssertionError occurred while running test - 
Traceback (most recent call last):
  File "/home/pi/env-pysys/lib/python3.7/site-packages/pysys/baserunner.py", line 1294, in __call__
    self.testObj.execute()
  File "/home/pi/actions-runner/_work/thin-edge.io/thin-edge.io/tests/PySys/software_management_end_to_end/sm_apt_install_download_path/run.py", line 83, in execute
    assert_install_in_download_path(install_directory=self.DOWNLOAD_DIR)
  File "/home/pi/env-pysys/lib/python3.7/site-packages/decorator.py", line 232, in fun
    return caller(func, *(extras + args), **kw)
  File "/home/pi/env-pysys/lib/python3.7/site-packages/retry/api.py", line 74, in retry_decorator
    logger)
  File "/home/pi/env-pysys/lib/python3.7/site-packages/retry/api.py", line 33, in __retry_internal
    return f()
  File "/home/pi/actions-runner/_work/thin-edge.io/thin-edge.io/tests/PySys/software_management_end_to_end/sm_apt_install_download_path/run.py", line 28, in assert_install_in_download_path
    assert "rolldice" in os.listdir(f"{install_directory}")
AssertionError
07:25:41 WARN  AssertionError: ... blocked 
07:25:41 INFO  
07:25:41 INFO  cleanup:
07:25:42 INFO  Executed sudo, exit status 0
07:25:42 INFO  Executed sudo, exit status 0
07:25:47 INFO  Executed sudo&lt;tedge_disconnect_c8y&gt;, exit status 0
07:25:47 INFO  Restarting mosquitto too frequently in the last 10 seconds. It was only up for 4 seconds
07:25:47 INFO  Delaying execution by 7 seconds
07:26:08 INFO  Executed sudo&lt;tedge_connect_c8y&gt;, exit status 0, duration 13 secs
07:26:12 INFO  Executed sudo&lt;tedge_disconnect_c8y&gt;, exit status 0
07:26:12 INFO  Executed systemctl&lt;serv_mapper5&gt;, exit status 3
07:26:12 INFO  
07:26:12 INFO  Test duration: 85.16 secs
07:26:12 INFO  Test final outcome:  BLOCKED
07:26:12 INFO  Test outcome reason: AssertionError:
07:26:12 INFO  
</system-out>
	</testcase>
<testcase classname="AptInstallWithDownloadPath" name="SoftwareManagement.sm_apt_install_download_path">
		<failure message="BLOCKED: AssertionError:" type="BLOCKED" />
		<system-out>07:51:47 INFO  ==============================================================
07:51:47 INFO  Id:    SoftwareManagement.sm_apt_install_download_path
07:51:47 INFO  Dir:   software_management_end_to_end/
07:51:47 INFO  Title: Install package to directory specified in tedge config set tmp.path
07:51:47 INFO  ==============================================================
07:51:48 INFO  Using sw id database: {'asciijump': '5475369', 'robotfindskitten': '5474869', 'squirrel3': '5475279', 'rolldice': '5152439', 'moon-buggy': '5439204', 'apple': '5495053', 'banana': '5494888', 'cherry': '5495382', 'watermelon': '5494510', 'registry': '8018911', 'hello-world': '8021526', 'docker/getting-started': '8021973', 'alpine': '7991792'}
07:51:48 INFO  EnvironmentC8y Setup
07:51:49 INFO  Executed systemctl&lt;serv_mapper1&gt;, exit status 3
07:52:04 INFO  Executed sudo&lt;tedge_connect_c8y&gt;, exit status 0, duration 14 secs
07:52:04 INFO  Executed sudo&lt;tedge_connect_c8y_test&gt;, exit status 0
07:52:05 INFO  Executed systemctl&lt;serv_mosq2&gt;, exit status 0
07:52:05 INFO  Executed systemctl&lt;serv_mapper3&gt;, exit status 0
07:52:07 INFO  State of current operation: SUCCESSFUL
07:52:08 INFO  Assert that (False == value) with value=False ... passed
07:52:08 INFO  Executed sudo, exit status 0
07:52:09 INFO  Executed sudo, exit status 0
07:52:09 INFO  Executed sudo, exit status 0
07:52:13 INFO  Executed sudo&lt;tedge_disconnect_c8y&gt;, exit status 0
07:52:13 INFO  Restarting mosquitto too frequently in the last 10 seconds. It was only up for 3 seconds
07:52:13 INFO  Delaying execution by 8 seconds
07:52:35 INFO  Executed sudo&lt;tedge_connect_c8y&gt;, exit status 0, duration 13 secs
07:52:35 INFO  Response status: 201
07:52:35 INFO  Response to action: {
    "creationTime": "2022-07-01T07:52:35.653Z",
    "deviceId": "20623832",
    "deviceName": "m32sd10d",
    "self": "https://t493319102.eu-latest.cumulocity.com/devicecontrol/operations/20661070",
    "id": "20661070",
    "status": "PENDING",
    "description": "Apply software changes, triggered from PySys: [{'name': 'rolldice', 'id': '5152439', 'version': '::apt', 'url': 'https://thin-edge-io.eu-latest.cumulocity.com/inventory/binaries/12435463', 'action': 'install'}]",
    "c8y_SoftwareUpdate": [
        {
            "name": "rolldice",
            "action": "install",
            "id": "5152439",
            "version": "::apt",
            "url": "https://thin-edge-io.eu-latest.cumulocity.com/inventory/binaries/12435463"
        }
    ]
}
07:52:35 INFO  Started operation: {'creationTime': '2022-07-01T07:52:35.653Z', 'deviceId': '20623832', 'deviceName': 'm32sd10d', 'self': 'https://t493319102.eu-latest.cumulocity.com/devicecontrol/operations/20661070', 'id': '20661070', 'status': 'PENDING', 'description': "Apply software changes, triggered from PySys: [{'name': 'rolldice', 'id': '5152439', 'version': '::apt', 'url': 'https://thin-edge-io.eu-latest.cumulocity.com/inventory/binaries/12435463', 'action': 'install'}]", 'c8y_SoftwareUpdate': [{'name': 'rolldice', 'action': 'install', 'id': '5152439', 'version': '::apt', 'url': 'https://thin-edge-io.eu-latest.cumulocity.com/inventory/binaries/12435463'}]}
07:52:35 WARN  , retrying in 0.5 seconds...
07:52:36 WARN  , retrying in 0.5 seconds...
07:52:36 WARN  , retrying in 0.5 seconds...
07:52:37 WARN  , retrying in 0.5 seconds...
07:52:37 WARN  , retrying in 0.5 seconds...
07:52:38 WARN  , retrying in 0.5 seconds...
07:52:38 WARN  , retrying in 0.5 seconds...
07:52:39 WARN  , retrying in 0.5 seconds...
07:52:39 WARN  , retrying in 0.5 seconds...
07:52:40 WARN  AssertionError occurred while running test - 
Traceback (most recent call last):
  File "/home/pi/env-pysys/lib/python3.7/site-packages/pysys/baserunner.py", line 1294, in __call__
    self.testObj.execute()
  File "/home/pi/actions-runner/_work/thin-edge.io/thin-edge.io/tests/PySys/software_management_end_to_end/sm_apt_install_download_path/run.py", line 83, in execute
    assert_install_in_download_path(install_directory=self.DOWNLOAD_DIR)
  File "/home/pi/env-pysys/lib/python3.7/site-packages/decorator.py", line 232, in fun
    return caller(func, *(extras + args), **kw)
  File "/home/pi/env-pysys/lib/python3.7/site-packages/retry/api.py", line 74, in retry_decorator
    logger)
  File "/home/pi/env-pysys/lib/python3.7/site-packages/retry/api.py", line 33, in __retry_internal
    return f()
  File "/home/pi/actions-runner/_work/thin-edge.io/thin-edge.io/tests/PySys/software_management_end_to_end/sm_apt_install_download_path/run.py", line 28, in assert_install_in_download_path
    assert "rolldice" in os.listdir(f"{install_directory}")
AssertionError
07:52:40 WARN  AssertionError: ... blocked 
07:52:40 INFO  
07:52:40 INFO  cleanup:
07:52:40 INFO  Executed sudo, exit status 0
07:52:41 INFO  Executed sudo, exit status 0
07:52:46 INFO  Executed sudo&lt;tedge_disconnect_c8y&gt;, exit status 0
07:52:46 INFO  Restarting mosquitto too frequently in the last 10 seconds. It was only up for 4 seconds
07:52:46 INFO  Delaying execution by 7 seconds
07:53:07 INFO  Executed sudo&lt;tedge_connect_c8y&gt;, exit status 0, duration 13 secs
07:53:11 INFO  Executed sudo&lt;tedge_disconnect_c8y&gt;, exit status 0
07:53:11 INFO  Executed systemctl&lt;serv_mapper5&gt;, exit status 3
07:53:11 INFO  
07:53:11 INFO  Test duration: 84.31 secs
07:53:11 INFO  Test final outcome:  BLOCKED
07:53:11 INFO  Test outcome reason: AssertionError:
07:53:11 INFO  
</system-out>
	</testcase>
</testsuite><testsuite name="SoftwareManagement.sm_apt_install_fail" tests="3" errors="0" failures="0" skipped="1" time="0"><testcase classname="PySysTest" name="SoftwareManagement.sm_apt_install_fail">
		<skipped message="SKIPPED: Testing the apt plugin is not supported on this platform.Use parameter -XmyPlatform='container' to enable it" />
		<system-out>07:01:11 INFO  ==============================================================
07:01:11 INFO  Id:    SoftwareManagement.sm_apt_install_fail
07:01:11 INFO  Dir:   software_management_end_to_end/
07:01:11 INFO  Title: Validate end to end behaviour for a failing installation
07:01:11 INFO  ==============================================================
07:01:11 INFO  Testing the apt plugin is not supported on this platform.Use parameter -XmyPlatform='container' to enable it ... skipped
07:01:11 WARN  Aborted test due to SKIPPED outcome
07:01:11 INFO  
07:01:11 INFO  Test duration: 0.02 secs
07:01:11 INFO  Test final outcome:  SKIPPED
07:01:11 INFO  Test outcome reason: Testing the apt plugin is not supported on this platform.Use parameter -XmyPlatform='container' to enable it
07:01:11 INFO  
</system-out>
	</testcase>
<testcase classname="PySysTest" name="SoftwareManagement.sm_apt_install_fail" />
<testcase classname="PySysTest" name="SoftwareManagement.sm_apt_install_fail" />
</testsuite><testsuite name="SoftwareManagement.sm_apt_install_remove" tests="3" errors="0" failures="0" skipped="1" time="0"><testcase classname="PySysTest" name="SoftwareManagement.sm_apt_install_remove">
		<skipped message="SKIPPED: Testing the apt plugin is not supported on this platform.Use parameter -XmyPlatform='container' to enable it" />
		<system-out>07:01:11 INFO  ==============================================================
07:01:11 INFO  Id:    SoftwareManagement.sm_apt_install_remove
07:01:11 INFO  Dir:   software_management_end_to_end/
07:01:11 INFO  Title: Validate end to end behaviour for the apt plugin for installation and removal of packages
07:01:11 INFO  ==============================================================
07:01:11 INFO  Testing the apt plugin is not supported on this platform.Use parameter -XmyPlatform='container' to enable it ... skipped
07:01:11 WARN  Aborted test due to SKIPPED outcome
07:01:11 INFO  
07:01:11 INFO  Test duration: 0.02 secs
07:01:11 INFO  Test final outcome:  SKIPPED
07:01:11 INFO  Test outcome reason: Testing the apt plugin is not supported on this platform.Use parameter -XmyPlatform='container' to enable it
07:01:11 INFO  
</system-out>
	</testcase>
<testcase classname="PySysTest" name="SoftwareManagement.sm_apt_install_remove" />
<testcase classname="PySysTest" name="SoftwareManagement.sm_apt_install_remove" />
</testsuite><testsuite name="SoftwareManagement.sm_apt_install_remove_default" tests="3" errors="0" failures="0" skipped="1" time="0"><testcase classname="PySysTest" name="SoftwareManagement.sm_apt_install_remove_default">
		<skipped message="SKIPPED: Testing the apt plugin is not supported on this platform.Use parameter -XmyPlatform='container' to enable it" />
		<system-out>07:01:11 INFO  ==============================================================
07:01:11 INFO  Id:    SoftwareManagement.sm_apt_install_remove_default
07:01:11 INFO  Dir:   software_management_end_to_end/
07:01:11 INFO  Title: Validate end to end behaviour for the default plugin for installation and removal of packages
07:01:11 INFO  ==============================================================
07:01:11 INFO  Testing the apt plugin is not supported on this platform.Use parameter -XmyPlatform='container' to enable it ... skipped
07:01:11 WARN  Aborted test due to SKIPPED outcome
07:01:11 INFO  
07:01:11 INFO  Test duration: 0.02 secs
07:01:11 INFO  Test final outcome:  SKIPPED
07:01:11 INFO  Test outcome reason: Testing the apt plugin is not supported on this platform.Use parameter -XmyPlatform='container' to enable it
07:01:11 INFO  
</system-out>
	</testcase>
<testcase classname="PySysTest" name="SoftwareManagement.sm_apt_install_remove_default" />
<testcase classname="PySysTest" name="SoftwareManagement.sm_apt_install_remove_default" />
</testsuite><testsuite name="SoftwareManagement.sm_apt_install_remove_multiple" tests="3" errors="0" failures="2" skipped="1" time="0"><testcase classname="PySysTest" name="SoftwareManagement.sm_apt_install_remove_multiple">
		<skipped message="SKIPPED: Testing the apt plugin is not supported on this platform.Use parameter -XmyPlatform='container' to enable it" />
		<system-out>07:01:11 INFO  ==============================================================
07:01:11 INFO  Id:    SoftwareManagement.sm_apt_install_remove_multiple
07:01:11 INFO  Dir:   software_management_end_to_end/
07:01:11 INFO  Title: Validate end to end behaviour for the apt plugin for multiple packages
07:01:11 INFO  ==============================================================
07:01:11 INFO  Testing the apt plugin is not supported on this platform.Use parameter -XmyPlatform='container' to enable it ... skipped
07:01:11 WARN  Aborted test due to SKIPPED outcome
07:01:11 INFO  
07:01:11 INFO  Test duration: 0.03 secs
07:01:11 INFO  Test final outcome:  SKIPPED
07:01:11 INFO  Test outcome reason: Testing the apt plugin is not supported on this platform.Use parameter -XmyPlatform='container' to enable it
07:01:11 INFO  
</system-out>
	</testcase>
<testcase classname="PySysTest" name="SoftwareManagement.sm_apt_install_remove_multiple">
		<failure message="FAILED: Assert that (False == value) with value=True" type="FAILED" />
		<system-out>07:33:04 INFO  ==============================================================
07:33:04 INFO  Id:    SoftwareManagement.sm_apt_install_remove_multiple
07:33:04 INFO  Dir:   software_management_end_to_end/
07:33:04 INFO  Title: Validate end to end behaviour for the apt plugin for multiple packages
07:33:04 INFO  ==============================================================
07:33:04 INFO  Using sw id database: {'asciijump': '5475369', 'robotfindskitten': '5474869', 'squirrel3': '5475279', 'rolldice': '5152439', 'moon-buggy': '5439204', 'apple': '5495053', 'banana': '5494888', 'cherry': '5495382', 'watermelon': '5494510', 'registry': '8018911', 'hello-world': '8021526', 'docker/getting-started': '8021973', 'alpine': '7991792'}
07:33:04 INFO  EnvironmentC8y Setup
07:33:04 INFO  Executed systemctl&lt;serv_mapper1&gt;, exit status 3
07:33:04 INFO  Restarting mosquitto too frequently in the last 10 seconds. It was only up for 4 seconds
07:33:04 INFO  Delaying execution by 7 seconds
07:33:26 INFO  Executed sudo&lt;tedge_connect_c8y&gt;, exit status 0, duration 14 secs
07:33:26 INFO  Executed sudo&lt;tedge_connect_c8y_test&gt;, exit status 0
07:33:27 INFO  Executed systemctl&lt;serv_mosq2&gt;, exit status 0
07:33:27 INFO  Executed systemctl&lt;serv_mapper3&gt;, exit status 0
07:33:30 INFO  State of current operation: SUCCESSFUL
07:33:30 INFO  Assert that (False == value) with value=False ... passed
07:33:30 INFO  Assert that (False == value) with value=False ... passed
07:33:30 INFO  Assert that (False == value) with value=False ... passed
07:33:30 INFO  Package robotfindskitten is installed
07:33:30 WARN  Assert that (False == value) with value=True ... failed 
07:33:31 INFO  Response status: 201
07:33:31 INFO  Response to action: {
    "creationTime": "2022-07-01T07:33:31.152Z",
    "deviceId": "20623832",
    "deviceName": "m32sd10d",
    "self": "https://t493319102.eu-latest.cumulocity.com/devicecontrol/operations/20660965",
    "id": "20660965",
    "status": "PENDING",
    "description": "Apply software changes, triggered from PySys: [{'action': 'install', 'id': '5475369', 'name': 'asciijump', 'url': ' ', 'version': '::apt'}, {'action': 'install', 'id': '5474869', 'name': 'robotfindskitten', 'url': ' ', 'version': '::apt'}, {'action': 'install', 'id': '5475279', 'name': 'squirrel3', 'url': ' ', 'version': '::apt'}]",
    "c8y_SoftwareUpdate": [
        {
            "name": "asciijump",
            "action": "install",
            "id": "5475369",
            "version": "::apt",
            "url": " "
        },
        {
            "name": "robotfindskitten",
            "action": "install",
            "id": "5474869",
            "version": "::apt",
            "url": " "
        },
        {
            "name": "squirrel3",
            "action": "install",
            "id": "5475279",
            "version": "::apt",
            "url": " "
        }
    ]
}
07:33:31 INFO  Started operation: {'creationTime': '2022-07-01T07:33:31.152Z', 'deviceId': '20623832', 'deviceName': 'm32sd10d', 'self': 'https://t493319102.eu-latest.cumulocity.com/devicecontrol/operations/20660965', 'id': '20660965', 'status': 'PENDING', 'description': "Apply software changes, triggered from PySys: [{'action': 'install', 'id': '5475369', 'name': 'asciijump', 'url': ' ', 'version': '::apt'}, {'action': 'install', 'id': '5474869', 'name': 'robotfindskitten', 'url': ' ', 'version': '::apt'}, {'action': 'install', 'id': '5475279', 'name': 'squirrel3', 'url': ' ', 'version': '::apt'}]", 'c8y_SoftwareUpdate': [{'name': 'asciijump', 'action': 'install', 'id': '5475369', 'version': '::apt', 'url': ' '}, {'name': 'robotfindskitten', 'action': 'install', 'id': '5474869', 'version': '::apt', 'url': ' '}, {'name': 'squirrel3', 'action': 'install', 'id': '5475279', 'version': '::apt', 'url': ' '}]}
07:33:33 INFO  State of operation 20660965 : PENDING
07:33:35 INFO  State of operation 20660965 : EXECUTING
07:33:37 INFO  State of operation 20660965 : EXECUTING
07:33:40 INFO  State of operation 20660965 : EXECUTING
07:33:42 INFO  State of operation 20660965 : EXECUTING
07:33:44 INFO  State of operation 20660965 : EXECUTING
07:33:47 INFO  State of operation 20660965 : EXECUTING
07:33:50 INFO  State of operation 20660965 : EXECUTING
07:33:52 INFO  State of operation 20660965 : EXECUTING
07:33:55 INFO  State of operation 20660965 : EXECUTING
07:33:57 INFO  State of operation 20660965 : EXECUTING
07:33:59 INFO  State of operation 20660965 : EXECUTING
07:34:01 INFO  State of operation 20660965 : EXECUTING
07:34:04 INFO  State of operation 20660965 : EXECUTING
07:34:06 INFO  State of operation 20660965 : EXECUTING
07:34:08 INFO  State of operation 20660965 : EXECUTING
07:34:10 INFO  State of operation 20660965 : EXECUTING
07:34:13 INFO  State of operation 20660965 : EXECUTING
07:34:15 INFO  State of operation 20660965 : EXECUTING
07:34:18 INFO  State of operation 20660965 : EXECUTING
07:34:20 INFO  State of operation 20660965 : EXECUTING
07:34:23 INFO  State of operation 20660965 : EXECUTING
07:34:25 INFO  State of operation 20660965 : EXECUTING
07:34:28 INFO  State of operation 20660965 : EXECUTING
07:34:30 INFO  State of operation 20660965 : EXECUTING
07:34:33 INFO  State of operation 20660965 : EXECUTING
07:34:35 INFO  State of operation 20660965 : EXECUTING
07:34:38 INFO  State of operation 20660965 : EXECUTING
07:34:40 INFO  State of operation 20660965 : EXECUTING
07:34:42 INFO  State of operation 20660965 : EXECUTING
07:34:45 INFO  State of operation 20660965 : EXECUTING
07:34:47 INFO  State of operation 20660965 : EXECUTING
07:34:49 INFO  State of operation 20660965 : EXECUTING
07:34:51 INFO  State of operation 20660965 : SUCCESSFUL
07:34:52 INFO  Assert that (False == value) with value=False ... passed
07:34:52 INFO  Package asciijump is installed
07:34:52 INFO  Assert that (True == value) with value=True ... passed
07:34:52 INFO  Package squirrel3 is installed
07:34:52 INFO  Assert that (True == value) with value=True ... passed
07:34:52 INFO  Package robotfindskitten is installed
07:34:52 INFO  Assert that (True == value) with value=True ... passed
07:34:53 INFO  Response status: 201
07:34:53 INFO  Response to action: {
    "creationTime": "2022-07-01T07:34:53.098Z",
    "deviceId": "20623832",
    "deviceName": "m32sd10d",
    "self": "https://t493319102.eu-latest.cumulocity.com/devicecontrol/operations/20660972",
    "id": "20660972",
    "status": "PENDING",
    "description": "Apply software changes, triggered from PySys: [{'action': 'delete', 'id': '5475369', 'name': 'asciijump', 'url': ' ', 'version': '::apt'}, {'action': 'delete', 'id': '5474869', 'name': 'robotfindskitten', 'url': ' ', 'version': '::apt'}, {'action': 'delete', 'id': '5475279', 'name': 'squirrel3', 'url': ' ', 'version': '::apt'}]",
    "c8y_SoftwareUpdate": [
        {
            "name": "asciijump",
            "action": "delete",
            "id": "5475369",
            "version": "::apt",
            "url": " "
        },
        {
            "name": "robotfindskitten",
            "action": "delete",
            "id": "5474869",
            "version": "::apt",
            "url": " "
        },
        {
            "name": "squirrel3",
            "action": "delete",
            "id": "5475279",
            "version": "::apt",
            "url": " "
        }
    ]
}
07:34:53 INFO  Started operation: {'creationTime': '2022-07-01T07:34:53.098Z', 'deviceId': '20623832', 'deviceName': 'm32sd10d', 'self': 'https://t493319102.eu-latest.cumulocity.com/devicecontrol/operations/20660972', 'id': '20660972', 'status': 'PENDING', 'description': "Apply software changes, triggered from PySys: [{'action': 'delete', 'id': '5475369', 'name': 'asciijump', 'url': ' ', 'version': '::apt'}, {'action': 'delete', 'id': '5474869', 'name': 'robotfindskitten', 'url': ' ', 'version': '::apt'}, {'action': 'delete', 'id': '5475279', 'name': 'squirrel3', 'url': ' ', 'version': '::apt'}]", 'c8y_SoftwareUpdate': [{'name': 'asciijump', 'action': 'delete', 'id': '5475369', 'version': '::apt', 'url': ' '}, {'name': 'robotfindskitten', 'action': 'delete', 'id': '5474869', 'version': '::apt', 'url': ' '}, {'name': 'squirrel3', 'action': 'delete', 'id': '5475279', 'version': '::apt', 'url': ' '}]}
07:34:55 INFO  State of operation 20660972 : PENDING
07:34:57 INFO  State of operation 20660972 : EXECUTING
07:34:59 INFO  State of operation 20660972 : EXECUTING
07:35:02 INFO  State of operation 20660972 : EXECUTING
07:35:04 INFO  State of operation 20660972 : EXECUTING
07:35:06 INFO  State of operation 20660972 : EXECUTING
07:35:09 INFO  State of operation 20660972 : EXECUTING
07:35:12 INFO  State of operation 20660972 : EXECUTING
07:35:14 INFO  State of operation 20660972 : EXECUTING
07:35:17 INFO  State of operation 20660972 : EXECUTING
07:35:19 INFO  State of operation 20660972 : EXECUTING
07:35:22 INFO  State of operation 20660972 : EXECUTING
07:35:24 INFO  State of operation 20660972 : EXECUTING
07:35:26 INFO  State of operation 20660972 : EXECUTING
07:35:28 INFO  State of operation 20660972 : EXECUTING
07:35:31 INFO  State of operation 20660972 : EXECUTING
07:35:33 INFO  State of operation 20660972 : EXECUTING
07:35:36 INFO  State of operation 20660972 : EXECUTING
07:35:38 INFO  State of operation 20660972 : EXECUTING
07:35:41 INFO  State of operation 20660972 : EXECUTING
07:35:43 INFO  State of operation 20660972 : EXECUTING
07:35:45 INFO  State of operation 20660972 : EXECUTING
07:35:47 INFO  State of operation 20660972 : EXECUTING
07:35:50 INFO  State of operation 20660972 : EXECUTING
07:35:52 INFO  State of operation 20660972 : EXECUTING
07:35:55 INFO  State of operation 20660972 : EXECUTING
07:35:57 INFO  State of operation 20660972 : EXECUTING
07:35:59 INFO  State of operation 20660972 : SUCCESSFUL
07:35:59 INFO  Assert that (False == value) with value=False ... passed
07:36:00 INFO  Assert that (False == value) with value=False ... passed
07:36:00 INFO  Assert that (False == value) with value=False ... passed
07:36:00 INFO  Assert that (False == value) with value=False ... passed
07:36:00 INFO  
07:36:00 INFO  cleanup:
07:36:04 INFO  Executed sudo&lt;tedge_disconnect_c8y&gt;, exit status 0
07:36:05 INFO  Executed systemctl&lt;serv_mapper5&gt;, exit status 3
07:36:05 INFO  
07:36:05 INFO  Test duration: 181.01 secs
07:36:05 INFO  Test final outcome:  FAILED
07:36:05 INFO  Test outcome reason: Assert that (False == value) with value=True
07:36:05 INFO  
</system-out>
	</testcase>
<testcase classname="PySysTest" name="SoftwareManagement.sm_apt_install_remove_multiple">
		<failure message="FAILED: Assert that (False == value) with value=True (+2 other failures)" type="FAILED" />
		<system-out>07:59:42 INFO  ==============================================================
07:59:42 INFO  Id:    SoftwareManagement.sm_apt_install_remove_multiple
07:59:42 INFO  Dir:   software_management_end_to_end/
07:59:42 INFO  Title: Validate end to end behaviour for the apt plugin for multiple packages
07:59:42 INFO  ==============================================================
07:59:42 INFO  Using sw id database: {'asciijump': '5475369', 'robotfindskitten': '5474869', 'squirrel3': '5475279', 'rolldice': '5152439', 'moon-buggy': '5439204', 'apple': '5495053', 'banana': '5494888', 'cherry': '5495382', 'watermelon': '5494510', 'registry': '8018911', 'hello-world': '8021526', 'docker/getting-started': '8021973', 'alpine': '7991792'}
07:59:42 INFO  EnvironmentC8y Setup
07:59:43 INFO  Executed systemctl&lt;serv_mapper1&gt;, exit status 3
07:59:43 INFO  Restarting mosquitto too frequently in the last 10 seconds. It was only up for 4 seconds
07:59:43 INFO  Delaying execution by 7 seconds
08:00:04 INFO  Executed sudo&lt;tedge_connect_c8y&gt;, exit status 0, duration 13 secs
08:00:05 INFO  Executed sudo&lt;tedge_connect_c8y_test&gt;, exit status 0
08:00:05 INFO  Executed systemctl&lt;serv_mosq2&gt;, exit status 0
08:00:06 INFO  Executed systemctl&lt;serv_mapper3&gt;, exit status 0
08:00:08 INFO  State of current operation: SUCCESSFUL
08:00:08 INFO  Assert that (False == value) with value=False ... passed
08:00:08 INFO  Package asciijump is installed
08:00:09 WARN  Assert that (False == value) with value=True ... failed 
08:00:09 INFO  Package squirrel3 is installed
08:00:09 WARN  Assert that (False == value) with value=True ... failed 
08:00:09 INFO  Package robotfindskitten is installed
08:00:09 WARN  Assert that (False == value) with value=True ... failed 
08:00:09 INFO  Response status: 201
08:00:09 INFO  Response to action: {
    "creationTime": "2022-07-01T08:00:09.855Z",
    "deviceId": "20623832",
    "deviceName": "m32sd10d",
    "self": "https://t493319102.eu-latest.cumulocity.com/devicecontrol/operations/20666128",
    "id": "20666128",
    "status": "PENDING",
    "description": "Apply software changes, triggered from PySys: [{'action': 'install', 'id': '5475369', 'name': 'asciijump', 'url': ' ', 'version': '::apt'}, {'action': 'install', 'id': '5474869', 'name': 'robotfindskitten', 'url': ' ', 'version': '::apt'}, {'action': 'install', 'id': '5475279', 'name': 'squirrel3', 'url': ' ', 'version': '::apt'}]",
    "c8y_SoftwareUpdate": [
        {
            "name": "asciijump",
            "action": "install",
            "id": "5475369",
            "version": "::apt",
            "url": " "
        },
        {
            "name": "robotfindskitten",
            "action": "install",
            "id": "5474869",
            "version": "::apt",
            "url": " "
        },
        {
            "name": "squirrel3",
            "action": "install",
            "id": "5475279",
            "version": "::apt",
            "url": " "
        }
    ]
}
08:00:09 INFO  Started operation: {'creationTime': '2022-07-01T08:00:09.855Z', 'deviceId': '20623832', 'deviceName': 'm32sd10d', 'self': 'https://t493319102.eu-latest.cumulocity.com/devicecontrol/operations/20666128', 'id': '20666128', 'status': 'PENDING', 'description': "Apply software changes, triggered from PySys: [{'action': 'install', 'id': '5475369', 'name': 'asciijump', 'url': ' ', 'version': '::apt'}, {'action': 'install', 'id': '5474869', 'name': 'robotfindskitten', 'url': ' ', 'version': '::apt'}, {'action': 'install', 'id': '5475279', 'name': 'squirrel3', 'url': ' ', 'version': '::apt'}]", 'c8y_SoftwareUpdate': [{'name': 'asciijump', 'action': 'install', 'id': '5475369', 'version': '::apt', 'url': ' '}, {'name': 'robotfindskitten', 'action': 'install', 'id': '5474869', 'version': '::apt', 'url': ' '}, {'name': 'squirrel3', 'action': 'install', 'id': '5475279', 'version': '::apt', 'url': ' '}]}
08:00:12 INFO  State of operation 20666128 : PENDING
08:00:14 INFO  State of operation 20666128 : EXECUTING
08:00:16 INFO  State of operation 20666128 : EXECUTING
08:00:19 INFO  State of operation 20666128 : EXECUTING
08:00:21 INFO  State of operation 20666128 : EXECUTING
08:00:23 INFO  State of operation 20666128 : EXECUTING
08:00:26 INFO  State of operation 20666128 : EXECUTING
08:00:29 INFO  State of operation 20666128 : EXECUTING
08:00:31 INFO  State of operation 20666128 : EXECUTING
08:00:34 INFO  State of operation 20666128 : EXECUTING
08:00:36 INFO  State of operation 20666128 : EXECUTING
08:00:38 INFO  State of operation 20666128 : EXECUTING
08:00:40 INFO  State of operation 20666128 : EXECUTING
08:00:42 INFO  State of operation 20666128 : EXECUTING
08:00:45 INFO  State of operation 20666128 : EXECUTING
08:00:47 INFO  State of operation 20666128 : SUCCESSFUL
08:00:47 INFO  Assert that (False == value) with value=False ... passed
08:00:47 INFO  Package asciijump is installed
08:00:47 INFO  Assert that (True == value) with value=True ... passed
08:00:48 INFO  Package squirrel3 is installed
08:00:48 INFO  Assert that (True == value) with value=True ... passed
08:00:48 INFO  Package robotfindskitten is installed
08:00:48 INFO  Assert that (True == value) with value=True ... passed
08:00:48 INFO  Response status: 201
08:00:48 INFO  Response to action: {
    "creationTime": "2022-07-01T08:00:48.497Z",
    "deviceId": "20623832",
    "deviceName": "m32sd10d",
    "self": "https://t493319102.eu-latest.cumulocity.com/devicecontrol/operations/20666135",
    "id": "20666135",
    "status": "PENDING",
    "description": "Apply software changes, triggered from PySys: [{'action': 'delete', 'id': '5475369', 'name': 'asciijump', 'url': ' ', 'version': '::apt'}, {'action': 'delete', 'id': '5474869', 'name': 'robotfindskitten', 'url': ' ', 'version': '::apt'}, {'action': 'delete', 'id': '5475279', 'name': 'squirrel3', 'url': ' ', 'version': '::apt'}]",
    "c8y_SoftwareUpdate": [
        {
            "name": "asciijump",
            "action": "delete",
            "id": "5475369",
            "version": "::apt",
            "url": " "
        },
        {
            "name": "robotfindskitten",
            "action": "delete",
            "id": "5474869",
            "version": "::apt",
            "url": " "
        },
        {
            "name": "squirrel3",
            "action": "delete",
            "id": "5475279",
            "version": "::apt",
            "url": " "
        }
    ]
}
08:00:48 INFO  Started operation: {'creationTime': '2022-07-01T08:00:48.497Z', 'deviceId': '20623832', 'deviceName': 'm32sd10d', 'self': 'https://t493319102.eu-latest.cumulocity.com/devicecontrol/operations/20666135', 'id': '20666135', 'status': 'PENDING', 'description': "Apply software changes, triggered from PySys: [{'action': 'delete', 'id': '5475369', 'name': 'asciijump', 'url': ' ', 'version': '::apt'}, {'action': 'delete', 'id': '5474869', 'name': 'robotfindskitten', 'url': ' ', 'version': '::apt'}, {'action': 'delete', 'id': '5475279', 'name': 'squirrel3', 'url': ' ', 'version': '::apt'}]", 'c8y_SoftwareUpdate': [{'name': 'asciijump', 'action': 'delete', 'id': '5475369', 'version': '::apt', 'url': ' '}, {'name': 'robotfindskitten', 'action': 'delete', 'id': '5474869', 'version': '::apt', 'url': ' '}, {'name': 'squirrel3', 'action': 'delete', 'id': '5475279', 'version': '::apt', 'url': ' '}]}
08:00:50 INFO  State of operation 20666135 : PENDING
08:00:52 INFO  State of operation 20666135 : EXECUTING
08:00:55 INFO  State of operation 20666135 : EXECUTING
08:00:57 INFO  State of operation 20666135 : EXECUTING
08:00:59 INFO  State of operation 20666135 : EXECUTING
08:01:01 INFO  State of operation 20666135 : EXECUTING
08:01:04 INFO  State of operation 20666135 : EXECUTING
08:01:07 INFO  State of operation 20666135 : EXECUTING
08:01:09 INFO  State of operation 20666135 : EXECUTING
08:01:12 INFO  State of operation 20666135 : EXECUTING
08:01:14 INFO  State of operation 20666135 : EXECUTING
08:01:16 INFO  State of operation 20666135 : EXECUTING
08:01:18 INFO  State of operation 20666135 : EXECUTING
08:01:21 INFO  State of operation 20666135 : EXECUTING
08:01:23 INFO  State of operation 20666135 : EXECUTING
08:01:25 INFO  State of operation 20666135 : EXECUTING
08:01:28 INFO  State of operation 20666135 : EXECUTING
08:01:30 INFO  State of operation 20666135 : EXECUTING
08:01:33 INFO  State of operation 20666135 : EXECUTING
08:01:35 INFO  State of operation 20666135 : EXECUTING
08:01:37 INFO  State of operation 20666135 : EXECUTING
08:01:39 INFO  State of operation 20666135 : EXECUTING
08:01:42 INFO  State of operation 20666135 : EXECUTING
08:01:44 INFO  State of operation 20666135 : EXECUTING
08:01:46 INFO  State of operation 20666135 : EXECUTING
08:01:49 INFO  State of operation 20666135 : EXECUTING
08:01:51 INFO  State of operation 20666135 : EXECUTING
08:01:53 INFO  State of operation 20666135 : EXECUTING
08:01:56 INFO  State of operation 20666135 : SUCCESSFUL
08:01:56 INFO  Assert that (False == value) with value=False ... passed
08:01:56 INFO  Assert that (False == value) with value=False ... passed
08:01:56 INFO  Assert that (False == value) with value=False ... passed
08:01:57 INFO  Assert that (False == value) with value=False ... passed
08:01:57 INFO  
08:01:57 INFO  cleanup:
08:02:01 INFO  Executed sudo&lt;tedge_disconnect_c8y&gt;, exit status 0
08:02:01 INFO  Executed systemctl&lt;serv_mapper5&gt;, exit status 3
08:02:01 INFO  
08:02:01 INFO  Test duration: 138.90 secs
08:02:01 INFO  Test final outcome:  FAILED
08:02:01 INFO  Test outcome reason: Assert that (False == value) with value=True (+2 other failures)
08:02:01 INFO  
</system-out>
	</testcase>
</testsuite><testsuite name="SoftwareManagement.sm_apt_install_remove_multiple_mixed" tests="3" errors="0" failures="2" skipped="1" time="0"><testcase classname="PySysTest" name="SoftwareManagement.sm_apt_install_remove_multiple_mixed">
		<skipped message="SKIPPED: Testing the apt plugin is not supported on this platform.Use parameter -XmyPlatform='container' to enable it" />
		<system-out>07:01:11 INFO  ==============================================================
07:01:11 INFO  Id:    SoftwareManagement.sm_apt_install_remove_multiple_mixed
07:01:11 INFO  Dir:   software_management_end_to_end/
07:01:11 INFO  Title: Validate end to end behaviour for the apt plugin for multiple packages with mixed versions
07:01:11 INFO  ==============================================================
07:01:11 INFO  Testing the apt plugin is not supported on this platform.Use parameter -XmyPlatform='container' to enable it ... skipped
07:01:11 WARN  Aborted test due to SKIPPED outcome
07:01:11 INFO  
07:01:11 INFO  Test duration: 0.03 secs
07:01:11 INFO  Test final outcome:  SKIPPED
07:01:11 INFO  Test outcome reason: Testing the apt plugin is not supported on this platform.Use parameter -XmyPlatform='container' to enable it
07:01:11 INFO  
</system-out>
	</testcase>
<testcase classname="PySysTest" name="SoftwareManagement.sm_apt_install_remove_multiple_mixed">
		<failure message="BLOCKED: SystemError: Timeout while waiting for status SUCCESSFUL or False" type="BLOCKED" />
		<system-out>07:36:05 INFO  ==============================================================
07:36:05 INFO  Id:    SoftwareManagement.sm_apt_install_remove_multiple_mixed
07:36:05 INFO  Dir:   software_management_end_to_end/
07:36:05 INFO  Title: Validate end to end behaviour for the apt plugin for multiple packages with mixed versions
07:36:05 INFO  ==============================================================
07:36:05 INFO  Using sw id database: {'asciijump': '5475369', 'robotfindskitten': '5474869', 'squirrel3': '5475279', 'rolldice': '5152439', 'moon-buggy': '5439204', 'apple': '5495053', 'banana': '5494888', 'cherry': '5495382', 'watermelon': '5494510', 'registry': '8018911', 'hello-world': '8021526', 'docker/getting-started': '8021973', 'alpine': '7991792'}
07:36:05 INFO  EnvironmentC8y Setup
07:36:06 INFO  Executed systemctl&lt;serv_mapper1&gt;, exit status 3
07:36:06 INFO  Restarting mosquitto too frequently in the last 10 seconds. It was only up for 5 seconds
07:36:06 INFO  Delaying execution by 6 seconds
07:36:25 INFO  Executed sudo&lt;tedge_connect_c8y&gt;, exit status 0, duration 13 secs
07:36:26 INFO  Executed sudo&lt;tedge_connect_c8y_test&gt;, exit status 0
07:36:26 INFO  Executed systemctl&lt;serv_mosq2&gt;, exit status 0
07:36:27 INFO  Executed systemctl&lt;serv_mapper3&gt;, exit status 0
07:36:29 INFO  State of current operation: SUCCESSFUL
07:36:29 INFO  Assert that (False == value) with value=False ... passed
07:36:30 INFO  Assert that (False == value) with value=False ... passed
07:36:30 INFO  Assert that (False == value) with value=False ... passed
07:36:30 INFO  Assert that (False == value) with value=False ... passed
07:36:30 INFO  Assert that (False == value) with value=False ... passed
07:36:32 INFO  Response status: 201
07:36:32 INFO  Response to action: {
    "delivery": {
        "log": [],
        "time": "2022-07-01T07:36:32.078Z",
        "status": "PENDING"
    },
    "creationTime": "2022-07-01T07:36:32.061Z",
    "deviceId": "20623832",
    "deviceName": "m32sd10d",
    "self": "https://t493319102.eu-latest.cumulocity.com/devicecontrol/operations/20660980",
    "id": "20660980",
    "status": "PENDING",
    "description": "Apply software changes, triggered from PySys: [{'action': 'install', 'id': '5475369', 'name': 'asciijump', 'url': ' ', 'version': '::apt'}, {'action': 'install', 'id': '5474869', 'name': 'robotfindskitten', 'url': ' ', 'version': ' '}, {'action': 'install', 'id': '5475279', 'name': 'squirrel3', 'url': ' ', 'version': '3.1-7::apt'}, {'action': 'install', 'id': '5152439', 'name': 'rolldice', 'url': ' ', 'version': '1.16-1+b1'}, {'action': 'install', 'id': '5439204', 'name': 'moon-buggy', 'url': ' ', 'version': '1:1.0.51-12'}, {'action': 'install', 'id': '5475369', 'name': 'asciijump', 'url': ' ', 'version': '::apt'}]",
    "c8y_SoftwareUpdate": [
        {
            "name": "asciijump",
            "action": "install",
            "id": "5475369",
            "version": "::apt",
            "url": " "
        },
        {
            "name": "robotfindskitten",
            "action": "install",
            "id": "5474869",
            "version": " ",
            "url": " "
        },
        {
            "name": "squirrel3",
            "action": "install",
            "id": "5475279",
            "version": "3.1-7::apt",
            "url": " "
        },
        {
            "name": "rolldice",
            "action": "install",
            "id": "5152439",
            "version": "1.16-1+b1",
            "url": " "
        },
        {
            "name": "moon-buggy",
            "action": "install",
            "id": "5439204",
            "version": "1:1.0.51-12",
            "url": " "
        },
        {
            "name": "asciijump",
            "action": "install",
            "id": "5475369",
            "version": "::apt",
            "url": " "
        }
    ]
}
07:36:32 INFO  Started operation: {'delivery': {'log': [], 'time': '2022-07-01T07:36:32.078Z', 'status': 'PENDING'}, 'creationTime': '2022-07-01T07:36:32.061Z', 'deviceId': '20623832', 'deviceName': 'm32sd10d', 'self': 'https://t493319102.eu-latest.cumulocity.com/devicecontrol/operations/20660980', 'id': '20660980', 'status': 'PENDING', 'description': "Apply software changes, triggered from PySys: [{'action': 'install', 'id': '5475369', 'name': 'asciijump', 'url': ' ', 'version': '::apt'}, {'action': 'install', 'id': '5474869', 'name': 'robotfindskitten', 'url': ' ', 'version': ' '}, {'action': 'install', 'id': '5475279', 'name': 'squirrel3', 'url': ' ', 'version': '3.1-7::apt'}, {'action': 'install', 'id': '5152439', 'name': 'rolldice', 'url': ' ', 'version': '1.16-1+b1'}, {'action': 'install', 'id': '5439204', 'name': 'moon-buggy', 'url': ' ', 'version': '1:1.0.51-12'}, {'action': 'install', 'id': '5475369', 'name': 'asciijump', 'url': ' ', 'version': '::apt'}]", 'c8y_SoftwareUpdate': [{'name': 'asciijump', 'action': 'install', 'id': '5475369', 'version': '::apt', 'url': ' '}, {'name': 'robotfindskitten', 'action': 'install', 'id': '5474869', 'version': ' ', 'url': ' '}, {'name': 'squirrel3', 'action': 'install', 'id': '5475279', 'version': '3.1-7::apt', 'url': ' '}, {'name': 'rolldice', 'action': 'install', 'id': '5152439', 'version': '1.16-1+b1', 'url': ' '}, {'name': 'moon-buggy', 'action': 'install', 'id': '5439204', 'version': '1:1.0.51-12', 'url': ' '}, {'name': 'asciijump', 'action': 'install', 'id': '5475369', 'version': '::apt', 'url': ' '}]}
07:36:34 INFO  State of operation 20660980 : PENDING
07:36:36 INFO  State of operation 20660980 : EXECUTING
07:36:38 INFO  State of operation 20660980 : EXECUTING
07:36:41 INFO  State of operation 20660980 : EXECUTING
07:36:43 INFO  State of operation 20660980 : EXECUTING
07:36:45 INFO  State of operation 20660980 : EXECUTING
07:36:48 INFO  State of operation 20660980 : EXECUTING
07:36:50 INFO  State of operation 20660980 : EXECUTING
07:36:53 INFO  State of operation 20660980 : EXECUTING
07:36:55 INFO  State of operation 20660980 : EXECUTING
07:36:58 INFO  State of operation 20660980 : EXECUTING
07:37:00 INFO  State of operation 20660980 : EXECUTING
07:37:02 INFO  State of operation 20660980 : EXECUTING
07:37:04 INFO  State of operation 20660980 : EXECUTING
07:37:07 INFO  State of operation 20660980 : EXECUTING
07:37:09 INFO  State of operation 20660980 : EXECUTING
07:37:11 INFO  State of operation 20660980 : EXECUTING
07:37:14 INFO  State of operation 20660980 : EXECUTING
07:37:16 INFO  State of operation 20660980 : EXECUTING
07:37:18 INFO  State of operation 20660980 : EXECUTING
07:37:21 INFO  State of operation 20660980 : EXECUTING
07:37:23 INFO  State of operation 20660980 : EXECUTING
07:37:25 INFO  State of operation 20660980 : EXECUTING
07:37:28 INFO  State of operation 20660980 : EXECUTING
07:37:30 INFO  State of operation 20660980 : EXECUTING
07:37:32 INFO  State of operation 20660980 : EXECUTING
07:37:34 INFO  State of operation 20660980 : EXECUTING
07:37:37 INFO  State of operation 20660980 : EXECUTING
07:37:39 INFO  State of operation 20660980 : EXECUTING
07:37:41 INFO  State of operation 20660980 : EXECUTING
07:37:44 INFO  State of operation 20660980 : EXECUTING
07:37:46 INFO  State of operation 20660980 : EXECUTING
07:37:48 INFO  State of operation 20660980 : EXECUTING
07:37:50 INFO  State of operation 20660980 : EXECUTING
07:37:52 INFO  State of operation 20660980 : EXECUTING
07:37:55 INFO  State of operation 20660980 : EXECUTING
07:37:57 INFO  State of operation 20660980 : EXECUTING
07:37:59 INFO  State of operation 20660980 : EXECUTING
07:38:02 INFO  State of operation 20660980 : EXECUTING
07:38:05 INFO  State of operation 20660980 : EXECUTING
07:38:07 INFO  State of operation 20660980 : EXECUTING
07:38:09 INFO  State of operation 20660980 : EXECUTING
07:38:12 INFO  State of operation 20660980 : EXECUTING
07:38:14 INFO  State of operation 20660980 : EXECUTING
07:38:16 INFO  State of operation 20660980 : EXECUTING
07:38:18 INFO  State of operation 20660980 : EXECUTING
07:38:20 INFO  State of operation 20660980 : EXECUTING
07:38:23 INFO  State of operation 20660980 : EXECUTING
07:38:25 INFO  State of operation 20660980 : EXECUTING
07:38:28 INFO  State of operation 20660980 : EXECUTING
07:38:30 INFO  State of operation 20660980 : EXECUTING
07:38:32 INFO  State of operation 20660980 : EXECUTING
07:38:35 INFO  State of operation 20660980 : EXECUTING
07:38:37 INFO  State of operation 20660980 : EXECUTING
07:38:40 INFO  State of operation 20660980 : EXECUTING
07:38:42 INFO  State of operation 20660980 : EXECUTING
07:38:45 INFO  State of operation 20660980 : EXECUTING
07:38:47 INFO  State of operation 20660980 : EXECUTING
07:38:49 INFO  State of operation 20660980 : EXECUTING
07:38:51 INFO  State of operation 20660980 : EXECUTING
07:38:53 INFO  State of operation 20660980 : EXECUTING
07:38:55 WARN  SystemError occurred while running test - Timeout while waiting for status SUCCESSFUL or False
Traceback (most recent call last):
  File "/home/pi/env-pysys/lib/python3.7/site-packages/pysys/baserunner.py", line 1294, in __call__
    self.testObj.execute()
  File "/home/pi/actions-runner/_work/thin-edge.io/thin-edge.io/tests/PySys/software_management_end_to_end/sm_apt_install_remove_multiple_mixed/run.py", line 89, in execute
    self.wait_until_succcess()
  File "/home/pi/actions-runner/_work/thin-edge.io/thin-edge.io/tests/PySys/software_management_end_to_end/environment_sm_management.py", line 324, in wait_until_succcess
    self.wait_until_status("SUCCESSFUL")
  File "/home/pi/actions-runner/_work/thin-edge.io/thin-edge.io/tests/PySys/software_management_end_to_end/environment_sm_management.py", line 381, in wait_until_status
    "Timeout while waiting for status %s or %s" % (status, status2)
SystemError: Timeout while waiting for status SUCCESSFUL or False
07:38:56 WARN  SystemError: Timeout while waiting for status SUCCESSFUL or False ... blocked 
07:38:56 INFO  
07:38:56 INFO  cleanup:
07:39:02 INFO  Executed sudo&lt;tedge_disconnect_c8y&gt;, exit status 0
07:39:02 INFO  Executed systemctl&lt;serv_mapper5&gt;, exit status 3
07:39:02 INFO  
07:39:02 INFO  Test duration: 177.61 secs
07:39:02 INFO  Test final outcome:  BLOCKED
07:39:02 INFO  Test outcome reason: SystemError: Timeout while waiting for status SUCCESSFUL or False
07:39:02 INFO  
</system-out>
	</testcase>
<testcase classname="PySysTest" name="SoftwareManagement.sm_apt_install_remove_multiple_mixed">
		<failure message="BLOCKED: SystemError: Timeout while waiting for status SUCCESSFUL or False (+1 other failures)" type="BLOCKED" />
		<system-out>08:02:01 INFO  ==============================================================
08:02:01 INFO  Id:    SoftwareManagement.sm_apt_install_remove_multiple_mixed
08:02:01 INFO  Dir:   software_management_end_to_end/
08:02:01 INFO  Title: Validate end to end behaviour for the apt plugin for multiple packages with mixed versions
08:02:01 INFO  ==============================================================
08:02:01 INFO  Using sw id database: {'asciijump': '5475369', 'robotfindskitten': '5474869', 'squirrel3': '5475279', 'rolldice': '5152439', 'moon-buggy': '5439204', 'apple': '5495053', 'banana': '5494888', 'cherry': '5495382', 'watermelon': '5494510', 'registry': '8018911', 'hello-world': '8021526', 'docker/getting-started': '8021973', 'alpine': '7991792'}
08:02:01 INFO  EnvironmentC8y Setup
08:02:02 INFO  Executed systemctl&lt;serv_mapper1&gt;, exit status 3
08:02:02 INFO  Restarting mosquitto too frequently in the last 10 seconds. It was only up for 5 seconds
08:02:02 INFO  Delaying execution by 6 seconds
08:02:22 INFO  Executed sudo&lt;tedge_connect_c8y&gt;, exit status 0, duration 14 secs
08:02:23 INFO  Executed sudo&lt;tedge_connect_c8y_test&gt;, exit status 0
08:02:23 INFO  Executed systemctl&lt;serv_mosq2&gt;, exit status 0
08:02:24 INFO  Executed systemctl&lt;serv_mapper3&gt;, exit status 0
08:02:26 INFO  State of current operation: SUCCESSFUL
08:02:26 INFO  Assert that (False == value) with value=False ... passed
08:02:26 INFO  Assert that (False == value) with value=False ... passed
08:02:27 INFO  Assert that (False == value) with value=False ... passed
08:02:27 INFO  Assert that (False == value) with value=False ... passed
08:02:27 INFO  Package moon-buggy is installed
08:02:27 WARN  Assert that (False == value) with value=True ... failed 
08:02:28 INFO  Response status: 201
08:02:28 INFO  Response to action: {
    "creationTime": "2022-07-01T08:02:28.714Z",
    "deviceId": "20623832",
    "deviceName": "m32sd10d",
    "self": "https://t493319102.eu-latest.cumulocity.com/devicecontrol/operations/20666145",
    "id": "20666145",
    "status": "PENDING",
    "description": "Apply software changes, triggered from PySys: [{'action': 'install', 'id': '5475369', 'name': 'asciijump', 'url': ' ', 'version': '::apt'}, {'action': 'install', 'id': '5474869', 'name': 'robotfindskitten', 'url': ' ', 'version': ' '}, {'action': 'install', 'id': '5475279', 'name': 'squirrel3', 'url': ' ', 'version': '3.1-7::apt'}, {'action': 'install', 'id': '5152439', 'name': 'rolldice', 'url': ' ', 'version': '1.16-1+b1'}, {'action': 'install', 'id': '5439204', 'name': 'moon-buggy', 'url': ' ', 'version': '1:1.0.51-12'}, {'action': 'install', 'id': '5475369', 'name': 'asciijump', 'url': ' ', 'version': '::apt'}]",
    "c8y_SoftwareUpdate": [
        {
            "name": "asciijump",
            "action": "install",
            "id": "5475369",
            "version": "::apt",
            "url": " "
        },
        {
            "name": "robotfindskitten",
            "action": "install",
            "id": "5474869",
            "version": " ",
            "url": " "
        },
        {
            "name": "squirrel3",
            "action": "install",
            "id": "5475279",
            "version": "3.1-7::apt",
            "url": " "
        },
        {
            "name": "rolldice",
            "action": "install",
            "id": "5152439",
            "version": "1.16-1+b1",
            "url": " "
        },
        {
            "name": "moon-buggy",
            "action": "install",
            "id": "5439204",
            "version": "1:1.0.51-12",
            "url": " "
        },
        {
            "name": "asciijump",
            "action": "install",
            "id": "5475369",
            "version": "::apt",
            "url": " "
        }
    ]
}
08:02:28 INFO  Started operation: {'creationTime': '2022-07-01T08:02:28.714Z', 'deviceId': '20623832', 'deviceName': 'm32sd10d', 'self': 'https://t493319102.eu-latest.cumulocity.com/devicecontrol/operations/20666145', 'id': '20666145', 'status': 'PENDING', 'description': "Apply software changes, triggered from PySys: [{'action': 'install', 'id': '5475369', 'name': 'asciijump', 'url': ' ', 'version': '::apt'}, {'action': 'install', 'id': '5474869', 'name': 'robotfindskitten', 'url': ' ', 'version': ' '}, {'action': 'install', 'id': '5475279', 'name': 'squirrel3', 'url': ' ', 'version': '3.1-7::apt'}, {'action': 'install', 'id': '5152439', 'name': 'rolldice', 'url': ' ', 'version': '1.16-1+b1'}, {'action': 'install', 'id': '5439204', 'name': 'moon-buggy', 'url': ' ', 'version': '1:1.0.51-12'}, {'action': 'install', 'id': '5475369', 'name': 'asciijump', 'url': ' ', 'version': '::apt'}]", 'c8y_SoftwareUpdate': [{'name': 'asciijump', 'action': 'install', 'id': '5475369', 'version': '::apt', 'url': ' '}, {'name': 'robotfindskitten', 'action': 'install', 'id': '5474869', 'version': ' ', 'url': ' '}, {'name': 'squirrel3', 'action': 'install', 'id': '5475279', 'version': '3.1-7::apt', 'url': ' '}, {'name': 'rolldice', 'action': 'install', 'id': '5152439', 'version': '1.16-1+b1', 'url': ' '}, {'name': 'moon-buggy', 'action': 'install', 'id': '5439204', 'version': '1:1.0.51-12', 'url': ' '}, {'name': 'asciijump', 'action': 'install', 'id': '5475369', 'version': '::apt', 'url': ' '}]}
08:02:30 INFO  State of operation 20666145 : PENDING
08:02:33 INFO  State of operation 20666145 : EXECUTING
08:02:35 INFO  State of operation 20666145 : EXECUTING
08:02:37 INFO  State of operation 20666145 : EXECUTING
08:02:39 INFO  State of operation 20666145 : EXECUTING
08:02:42 INFO  State of operation 20666145 : EXECUTING
08:02:44 INFO  State of operation 20666145 : EXECUTING
08:02:47 INFO  State of operation 20666145 : EXECUTING
08:02:50 INFO  State of operation 20666145 : EXECUTING
08:02:52 INFO  State of operation 20666145 : EXECUTING
08:02:55 INFO  State of operation 20666145 : EXECUTING
08:02:57 INFO  State of operation 20666145 : EXECUTING
08:02:59 INFO  State of operation 20666145 : EXECUTING
08:03:01 INFO  State of operation 20666145 : EXECUTING
08:03:03 INFO  State of operation 20666145 : EXECUTING
08:03:06 INFO  State of operation 20666145 : EXECUTING
08:03:08 INFO  State of operation 20666145 : EXECUTING
08:03:11 INFO  State of operation 20666145 : EXECUTING
08:03:13 INFO  State of operation 20666145 : EXECUTING
08:03:15 INFO  State of operation 20666145 : EXECUTING
08:03:18 INFO  State of operation 20666145 : EXECUTING
08:03:20 INFO  State of operation 20666145 : EXECUTING
08:03:23 INFO  State of operation 20666145 : EXECUTING
08:03:25 INFO  State of operation 20666145 : EXECUTING
08:03:28 INFO  State of operation 20666145 : EXECUTING
08:03:30 INFO  State of operation 20666145 : EXECUTING
08:03:32 INFO  State of operation 20666145 : EXECUTING
08:03:35 INFO  State of operation 20666145 : EXECUTING
08:03:37 INFO  State of operation 20666145 : EXECUTING
08:03:40 INFO  State of operation 20666145 : EXECUTING
08:03:42 INFO  State of operation 20666145 : EXECUTING
08:03:44 INFO  State of operation 20666145 : EXECUTING
08:03:46 INFO  State of operation 20666145 : EXECUTING
08:03:49 INFO  State of operation 20666145 : EXECUTING
08:03:51 INFO  State of operation 20666145 : EXECUTING
08:03:53 INFO  State of operation 20666145 : EXECUTING
08:03:55 INFO  State of operation 20666145 : EXECUTING
08:03:58 INFO  State of operation 20666145 : EXECUTING
08:04:01 INFO  State of operation 20666145 : EXECUTING
08:04:03 INFO  State of operation 20666145 : EXECUTING
08:04:06 INFO  State of operation 20666145 : EXECUTING
08:04:08 INFO  State of operation 20666145 : EXECUTING
08:04:10 INFO  State of operation 20666145 : EXECUTING
08:04:12 INFO  State of operation 20666145 : EXECUTING
08:04:14 INFO  State of operation 20666145 : EXECUTING
08:04:17 INFO  State of operation 20666145 : EXECUTING
08:04:19 INFO  State of operation 20666145 : EXECUTING
08:04:21 INFO  State of operation 20666145 : EXECUTING
08:04:24 INFO  State of operation 20666145 : EXECUTING
08:04:26 INFO  State of operation 20666145 : EXECUTING
08:04:29 INFO  State of operation 20666145 : EXECUTING
08:04:31 INFO  State of operation 20666145 : EXECUTING
08:04:34 INFO  State of operation 20666145 : EXECUTING
08:04:36 INFO  State of operation 20666145 : EXECUTING
08:04:38 INFO  State of operation 20666145 : EXECUTING
08:04:40 INFO  State of operation 20666145 : EXECUTING
08:04:43 INFO  State of operation 20666145 : EXECUTING
08:04:45 INFO  State of operation 20666145 : EXECUTING
08:04:47 INFO  State of operation 20666145 : EXECUTING
08:04:50 INFO  State of operation 20666145 : EXECUTING
08:04:52 INFO  State of operation 20666145 : EXECUTING
08:04:54 WARN  SystemError occurred while running test - Timeout while waiting for status SUCCESSFUL or False
Traceback (most recent call last):
  File "/home/pi/env-pysys/lib/python3.7/site-packages/pysys/baserunner.py", line 1294, in __call__
    self.testObj.execute()
  File "/home/pi/actions-runner/_work/thin-edge.io/thin-edge.io/tests/PySys/software_management_end_to_end/sm_apt_install_remove_multiple_mixed/run.py", line 89, in execute
    self.wait_until_succcess()
  File "/home/pi/actions-runner/_work/thin-edge.io/thin-edge.io/tests/PySys/software_management_end_to_end/environment_sm_management.py", line 324, in wait_until_succcess
    self.wait_until_status("SUCCESSFUL")
  File "/home/pi/actions-runner/_work/thin-edge.io/thin-edge.io/tests/PySys/software_management_end_to_end/environment_sm_management.py", line 381, in wait_until_status
    "Timeout while waiting for status %s or %s" % (status, status2)
SystemError: Timeout while waiting for status SUCCESSFUL or False
08:04:54 WARN  SystemError: Timeout while waiting for status SUCCESSFUL or False ... blocked 
08:04:54 INFO  
08:04:54 INFO  cleanup:
08:04:58 INFO  Executed sudo&lt;tedge_disconnect_c8y&gt;, exit status 0
08:04:59 INFO  Executed systemctl&lt;serv_mapper5&gt;, exit status 3
08:04:59 INFO  
08:04:59 INFO  Test duration: 177.69 secs
08:04:59 INFO  Test final outcome:  BLOCKED
08:04:59 INFO  Test outcome reason: SystemError: Timeout while waiting for status SUCCESSFUL or False (+1 other failures)
08:04:59 INFO  
</system-out>
	</testcase>
</testsuite><testsuite name="SoftwareManagement.sm_apt_install_remove_with_version" tests="3" errors="0" failures="0" skipped="1" time="0"><testcase classname="PySysTest" name="SoftwareManagement.sm_apt_install_remove_with_version">
		<skipped message="SKIPPED: Testing the apt plugin is not supported on this platform.Use parameter -XmyPlatform='container' to enable it" />
		<system-out>07:01:11 INFO  ==============================================================
07:01:11 INFO  Id:    SoftwareManagement.sm_apt_install_remove_with_version
07:01:11 INFO  Dir:   software_management_end_to_end/
07:01:11 INFO  Title: Validate end to end behaviour for the apt plugin for packages with version
07:01:11 INFO  ==============================================================
07:01:11 INFO  Testing the apt plugin is not supported on this platform.Use parameter -XmyPlatform='container' to enable it ... skipped
07:01:11 WARN  Aborted test due to SKIPPED outcome
07:01:11 INFO  
07:01:11 INFO  Test duration: 0.02 secs
07:01:11 INFO  Test final outcome:  SKIPPED
07:01:11 INFO  Test outcome reason: Testing the apt plugin is not supported on this platform.Use parameter -XmyPlatform='container' to enable it
07:01:11 INFO  
</system-out>
	</testcase>
<testcase classname="PySysTest" name="SoftwareManagement.sm_apt_install_remove_with_version" />
<testcase classname="PySysTest" name="SoftwareManagement.sm_apt_install_remove_with_version" />
</testsuite><testsuite name="SoftwareManagement.sm_docker_install_remove_multiple" tests="3" errors="0" failures="0" skipped="1" time="0"><testcase classname="SMDockerInstallRemove" name="SoftwareManagement.sm_docker_install_remove_multiple">
		<skipped message="SKIPPED: Testing the apt plugin is not supported on this platform.Use parameter -XmyPlatform='container' to enable it" />
		<system-out>07:01:12 INFO  ==============================================================
07:01:12 INFO  Id:    SoftwareManagement.sm_docker_install_remove_multiple
07:01:12 INFO  Dir:   software_management_end_to_end/
07:01:12 INFO  Title: Validate end to end behaviour for the docker plugin for multiple docker images with mixed versions
07:01:12 INFO  ==============================================================
07:01:12 INFO  Testing the apt plugin is not supported on this platform.Use parameter -XmyPlatform='container' to enable it ... skipped
07:01:12 WARN  Aborted test due to SKIPPED outcome
07:01:12 INFO  
07:01:12 INFO  Test duration: 0.02 secs
07:01:12 INFO  Test final outcome:  SKIPPED
07:01:12 INFO  Test outcome reason: Testing the apt plugin is not supported on this platform.Use parameter -XmyPlatform='container' to enable it
07:01:12 INFO  
</system-out>
	</testcase>
<testcase classname="SMDockerInstallRemove" name="SoftwareManagement.sm_docker_install_remove_multiple" />
<testcase classname="SMDockerInstallRemove" name="SoftwareManagement.sm_docker_install_remove_multiple" />
</testsuite><testsuite name="SoftwareManagement.sm_fake_install_remove" tests="2" errors="0" failures="0" skipped="1" time="0"><testcase classname="PySysTest" name="SoftwareManagement.sm_fake_install_remove">
		<skipped message="SKIPPED: Testing the fake plugin is not enabled.Use parameter -Xfakeplugin=fakeplugin to enable it" />
		<system-out>07:01:12 INFO  ==============================================================
07:01:12 INFO  Id:    SoftwareManagement.sm_fake_install_remove
07:01:12 INFO  Dir:   software_management_end_to_end/
07:01:12 INFO  Title: Validate end to end behaviour for the dummy plugin for installation and removal of packages
07:01:12 INFO  ==============================================================
07:01:12 INFO  Testing the fake plugin is not enabled.Use parameter -Xfakeplugin=fakeplugin to enable it ... skipped
07:01:12 WARN  Aborted test due to SKIPPED outcome
07:01:12 INFO  
07:01:12 INFO  Test duration: 0.02 secs
07:01:12 INFO  Test final outcome:  SKIPPED
07:01:12 INFO  Test outcome reason: Testing the fake plugin is not enabled.Use parameter -Xfakeplugin=fakeplugin to enable it
07:01:12 INFO  
</system-out>
	</testcase>
<testcase classname="PySysTest" name="SoftwareManagement.sm_fake_install_remove" />
</testsuite><testsuite name="SoftwareManagement.sm_fake_install_remove_multiple" tests="2" errors="0" failures="0" skipped="1" time="0"><testcase classname="PySysTest" name="SoftwareManagement.sm_fake_install_remove_multiple">
		<skipped message="SKIPPED: Testing the fake plugin is not enabled.Use parameter -Xfakeplugin=fakeplugin to enable it" />
		<system-out>07:01:12 INFO  ==============================================================
07:01:12 INFO  Id:    SoftwareManagement.sm_fake_install_remove_multiple
07:01:12 INFO  Dir:   software_management_end_to_end/
07:01:12 INFO  Title: Validate end to end behaviour for the dummy-plugin for multiple packages
07:01:12 INFO  ==============================================================
07:01:12 INFO  Testing the fake plugin is not enabled.Use parameter -Xfakeplugin=fakeplugin to enable it ... skipped
07:01:12 WARN  Aborted test due to SKIPPED outcome
07:01:12 INFO  
07:01:12 INFO  Test duration: 0.02 secs
07:01:12 INFO  Test final outcome:  SKIPPED
07:01:12 INFO  Test outcome reason: Testing the fake plugin is not enabled.Use parameter -Xfakeplugin=fakeplugin to enable it
07:01:12 INFO  
</system-out>
	</testcase>
<testcase classname="PySysTest" name="SoftwareManagement.sm_fake_install_remove_multiple" />
</testsuite><testsuite name="SoftwareManagement.sm_mapper_fail_and_reconnect" tests="2" errors="0" failures="0" skipped="2" time="0"><testcase classname="MapperC8yReceiveLastMessageOnRestart" name="SoftwareManagement.sm_mapper_fail_and_reconnect">
		<skipped message="SKIPPED: instable https://github.com/thin-edge/thin-edge.io/issues/752" />
		<system-out>07:01:12 INFO  ==============================================================
07:01:12 INFO  Id:    SoftwareManagement.sm_mapper_fail_and_reconnect
07:01:12 INFO  Dir:   software_management_end_to_end/
07:01:12 INFO  Title: Validate the tedge-mapper-sm-c8y for receiving the last message on restart
07:01:12 INFO  ==============================================================
07:01:12 INFO  instable https://github.com/thin-edge/thin-edge.io/issues/752 ... skipped
07:01:12 INFO  
07:01:12 INFO  Test duration: 0.02 secs
07:01:12 INFO  Test final outcome:  SKIPPED
07:01:12 INFO  Test outcome reason: instable https://github.com/thin-edge/thin-edge.io/issues/752
07:01:12 INFO  
</system-out>
	</testcase>
<testcase classname="MapperC8yReceiveLastMessageOnRestart" name="SoftwareManagement.sm_mapper_fail_and_reconnect">
		<skipped message="SKIPPED: instable https://github.com/thin-edge/thin-edge.io/issues/752" />
		<system-out>08:11:38 INFO  ==============================================================
08:11:38 INFO  Id:    SoftwareManagement.sm_mapper_fail_and_reconnect
08:11:38 INFO  Dir:   software_management_end_to_end/
08:11:38 INFO  Title: Validate the tedge-mapper-sm-c8y for receiving the last message on restart
08:11:38 INFO  ==============================================================
08:11:38 INFO  instable https://github.com/thin-edge/thin-edge.io/issues/752 ... skipped
08:11:38 INFO  
08:11:38 INFO  Test duration: 0.04 secs
08:11:38 INFO  Test final outcome:  SKIPPED
08:11:38 INFO  Test outcome reason: instable https://github.com/thin-edge/thin-edge.io/issues/752
08:11:38 INFO  
</system-out>
	</testcase>
</testsuite><testsuite name="SoftwareManagement.sm_mixed_install_remove_multiple" tests="2" errors="0" failures="1" skipped="1" time="0"><testcase classname="PySysTest" name="SoftwareManagement.sm_mixed_install_remove_multiple">
		<skipped message="SKIPPED: Testing the fake plugin is not enabled.Use parameter -Xfakeplugin=fakeplugin to enable it" />
		<system-out>07:01:12 INFO  ==============================================================
07:01:12 INFO  Id:    SoftwareManagement.sm_mixed_install_remove_multiple
07:01:12 INFO  Dir:   software_management_end_to_end/
07:01:12 INFO  Title: Validate end to end behaviour for the dummy-plugin for multiple packages with mixed versions
07:01:12 INFO  ==============================================================
07:01:12 INFO  Testing the fake plugin is not enabled.Use parameter -Xfakeplugin=fakeplugin to enable it ... skipped
07:01:12 WARN  Aborted test due to SKIPPED outcome
07:01:12 INFO  
07:01:12 INFO  Test duration: 0.02 secs
07:01:12 INFO  Test final outcome:  SKIPPED
07:01:12 INFO  Test outcome reason: Testing the fake plugin is not enabled.Use parameter -Xfakeplugin=fakeplugin to enable it
07:01:12 INFO  
</system-out>
	</testcase>
<testcase classname="PySysTest" name="SoftwareManagement.sm_mixed_install_remove_multiple">
		<failure message="FAILED: Assert that (False == value) with value=True" type="FAILED" />
		<system-out>08:11:38 INFO  ==============================================================
08:11:38 INFO  Id:    SoftwareManagement.sm_mixed_install_remove_multiple
08:11:38 INFO  Dir:   software_management_end_to_end/
08:11:38 INFO  Title: Validate end to end behaviour for the dummy-plugin for multiple packages with mixed versions
[...]
06:50:19 INFO  Executed sudo&lt;log_file_daemon&gt;, exit status 0
06:50:19 WARN  TypeError occurred while running test - 'NoneType' object is not subscriptable
Traceback (most recent call last):
  File "/home/pi/env-pysys/lib/python3.7/site-packages/pysys/baserunner.py", line 1294, in __call__
    self.testObj.execute()
  File "/home/pi/actions-runner/_work/thin-edge.io/thin-edge.io/tests/PySys/log_request_end_to_end/log_request_num_lines/run.py", line 46, in execute
    log_file_request_payload, self.project.deviceid
  File "/home/pi/actions-runner/_work/thin-edge.io/thin-edge.io/tests/PySys/environments/cumulocity.py", line 101, in trigger_log_request
    "deviceId": self.device_fragment["id"],
TypeError: 'NoneType' object is not subscriptable
06:50:19 WARN  TypeError: 'NoneType' object is not subscriptable ... blocked 
06:50:19 INFO  
06:50:19 INFO  cleanup:
06:50:20 INFO  Executed sudo&lt;rm_logs&gt;, exit status 0
06:50:20 INFO  Executed sudo&lt;rm_tmp_logs&gt;, exit status 0
06:50:21 INFO  Executed sudo&lt;send_failed&gt;, exit status 0
06:50:21 INFO  Executed sudo&lt;log_file_daemon&gt;, exit status 0
06:50:25 INFO  Executed sudo&lt;tedge_disconnect_c8y&gt;, exit status 0
06:50:26 INFO  Executed systemctl&lt;serv_mapper5&gt;, exit status 3
06:50:26 INFO  
06:50:26 INFO  Test duration: 31.74 secs
06:50:26 INFO  Test final outcome:  BLOCKED
06:50:26 INFO  Test outcome reason: TypeError: 'NoneType' object is not subscriptable
06:50:26 INFO  
</system-out>
	</testcase>
</testsuite><testsuite name="mapper_awaits_before_reconnect" tests="1" errors="0" failures="1" skipped="0" time="0"><testcase classname="MapperReconnectAwait" name="mapper_awaits_before_reconnect">
		<failure message="FAILED: Line count on tedge_mapper_journal.out for &quot;tedge_mapper::core::mapper: MQTT connection error:&quot; expected &gt;=2 but got 0" type="FAILED" />
		<system-out>07:04:13 INFO  ==============================================================
07:04:13 INFO  Id:    mapper_awaits_before_reconnect
07:04:13 INFO  Dir:   tedge_mapper_c8y/
07:04:13 INFO  Title: Validate mapper doesn't reconnect too often
07:04:13 INFO  ==============================================================
07:04:13 INFO  Started mosquitto_sub with process id 16395
07:04:13 INFO  Waiting for 0.1 seconds
07:04:14 INFO  Executed sudo&lt;tedge_mapper&gt;, exit status 0
07:04:14 INFO  Waiting for 5.0 seconds
07:04:19 INFO  Executed sudo&lt;tedge_mapper&gt;, exit status 0
07:04:23 INFO  Executed sudo&lt;tedge_mapper_journal&gt;, exit status 0
07:04:23 WARN  Grep on tedge_mapper_journal.out contains "ERROR" ... failed [run.py:67]
07:04:23 INFO  Line count on file tedge_mapper_journal.out ... passed
07:04:23 WARN  Line count on tedge_mapper_journal.out for "tedge_mapper::core::mapper: MQTT connection error:" expected &gt;=2 but got 0 ... failed [run.py:78]
07:04:23 WARN  Aborted test due to FAILED outcome
07:04:23 INFO  
07:04:23 INFO  Test duration: 9.98 secs
07:04:23 INFO  Test final outcome:  FAILED
07:04:23 INFO  Test outcome reason: Line count on tedge_mapper_journal.out for "tedge_mapper::core::mapper: MQTT connection error:" expected &gt;=2 but got 0
07:04:23 INFO  
</system-out>
	</testcase>
</testsuite><testsuite name="monitoring_smaller_interval" tests="1" errors="0" failures="1" skipped="0" time="0"><testcase classname="MonitoringSmallInterval" name="monitoring_smaller_interval">
		<failure message="BLOCKED: TypeError: 'int' object is not subscriptable" type="BLOCKED" />
		<system-out>06:51:11 INFO  ==============================================================
06:51:11 INFO  Id:    monitoring_smaller_interval
06:51:11 INFO  Dir:   monitoring/
06:51:11 INFO  Title: Validate the tedge dm agent messages that are produced with smaller sampling interval than the batching window. Here the simulated collectd messages are used
06:51:11 INFO  ==============================================================
06:51:12 INFO  Executed sudo&lt;collectd&gt;, exit status 0
06:51:12 INFO  Executed sudo&lt;collectd_mapper&gt;, exit status 0
06:51:12 INFO  Started sudo&lt;tedge_sub&gt; with process id 12551
06:51:13 INFO  Executed sudo&lt;tedge_temp&gt;, exit status 0
06:51:14 INFO  Executed sudo&lt;tedge_pres&gt;, exit status 0
06:51:14 INFO  Executed sudo&lt;tedge_temp&gt;, exit status 0
06:51:15 INFO  Executed sudo&lt;tedge_pres&gt;, exit status 0
06:51:15 INFO  Executed sudo&lt;tedge_temp&gt;, exit status 0
06:51:16 INFO  Executed sudo&lt;tedge_pres&gt;, exit status 0
06:51:17 INFO  Executed sudo&lt;tedge_temp&gt;, exit status 0
06:51:17 INFO  Executed sudo&lt;tedge_pres&gt;, exit status 0
06:51:18 INFO  Executed sudo&lt;tedge_temp&gt;, exit status 0
06:51:18 INFO  Executed sudo&lt;tedge_pres&gt;, exit status 0
06:51:19 INFO  Executed sudo&lt;tedge_temp&gt;, exit status 0
06:51:19 INFO  Executed sudo&lt;tedge_pres&gt;, exit status 0
06:51:20 INFO  Executed sudo&lt;tedge_temp&gt;, exit status 0
06:51:20 INFO  Executed sudo&lt;tedge_pres&gt;, exit status 0
06:51:21 INFO  Executed sudo&lt;tedge_temp&gt;, exit status 0
06:51:22 INFO  Executed sudo&lt;tedge_pres&gt;, exit status 0
06:51:22 INFO  Executed sudo&lt;tedge_temp&gt;, exit status 0
06:51:23 INFO  Executed sudo&lt;tedge_pres&gt;, exit status 0
06:51:23 INFO  Executed sudo&lt;tedge_temp&gt;, exit status 0
06:51:24 INFO  Executed sudo&lt;tedge_pres&gt;, exit status 0
06:51:25 INFO  Executed sudo&lt;kill_out&gt;, exit status 0
06:51:25 INFO  0

06:51:25 WARN  TypeError occurred while running test - 'int' object is not subscriptable
Traceback (most recent call last):
  File "/home/pi/env-pysys/lib/python3.7/site-packages/pysys/baserunner.py", line 1296, in __call__
    self.testObj.validate()
  File "/home/pi/actions-runner/_work/thin-edge.io/thin-edge.io/tests/PySys/monitoring/monitoring_smaller_interval/run.py", line 104, in validate
    collectd_msg_validation_result=self.validate_json(),
  File "/home/pi/actions-runner/_work/thin-edge.io/thin-edge.io/tests/PySys/monitoring/monitoring_smaller_interval/run.py", line 114, in validate_json
    if not self.validate_time():
  File "/home/pi/actions-runner/_work/thin-edge.io/thin-edge.io/tests/PySys/monitoring/monitoring_smaller_interval/run.py", line 134, in validate_time
    if self.js_msg["time"]:
TypeError: 'int' object is not subscriptable
06:51:25 WARN  TypeError: 'int' object is not subscriptable ... blocked 
06:51:25 INFO  
06:51:26 INFO  cleanup:
06:51:26 INFO  monitoring_cleanup
06:51:26 INFO  Executed sudo&lt;collectd_mapper&gt;, exit status 0
06:51:26 INFO  
06:51:26 INFO  Test duration: 15.06 secs
06:51:26 INFO  Test final outcome:  BLOCKED
06:51:26 INFO  Test outcome reason: TypeError: 'int' object is not subscriptable
06:51:26 INFO  
</system-out>
	</testcase>
</testsuite><testsuite name="monitoring_with_collectd" tests="1" errors="0" failures="0" skipped="1" time="0"><testcase classname="MonitoringWithCollectd" name="monitoring_with_collectd">
		<skipped message="SKIPPED: Test execution disabled due to #792 (instable)" />
		<system-out>06:51:26 INFO  ==============================================================
06:51:26 INFO  Id:    monitoring_with_collectd
06:51:26 INFO  Dir:   monitoring/
06:51:26 INFO  Title: Validate tedge dm agent messages that are produced by batching the collectd messages
06:51:26 INFO  ==============================================================
06:51:26 INFO  Test execution disabled due to #792 (instable) ... skipped
06:51:26 INFO  
06:51:26 INFO  Test duration: 0.02 secs
06:51:26 INFO  Test final outcome:  SKIPPED
06:51:26 INFO  Test outcome reason: Test execution disabled due to #792 (instable)
06:51:26 INFO  
</system-out>
	</testcase>
</testsuite><testsuite name="monitoring_with_simulated_messages" tests="1" errors="0" failures="1" skipped="0" time="0"><testcase classname="MonitoringWithSimulatedMessages" name="monitoring_with_simulated_messages">
		<failure message="BLOCKED: TypeError: 'int' object is not subscriptable" type="BLOCKED" />
		<system-out>06:51:26 INFO  ==============================================================
06:51:26 INFO  Id:    monitoring_with_simulated_messages
06:51:26 INFO  Dir:   monitoring/
06:51:26 INFO  Title: Validate the tedge dm agent messages that are produced from the simulated collectd messages
06:51:26 INFO  ==============================================================
06:51:27 INFO  Executed sudo&lt;collectd&gt;, exit status 0
06:51:27 INFO  Executed sudo&lt;collectd_mapper&gt;, exit status 0
06:51:28 INFO  Started sudo&lt;tedge_sub&gt; with process id 12613
06:51:28 INFO  Executed sudo&lt;tedge_temp&gt;, exit status 0
06:51:29 INFO  Executed sudo&lt;tedge_pres&gt;, exit status 0
06:51:30 INFO  Executed sudo&lt;kill_out&gt;, exit status 0
06:51:30 INFO  0

06:51:30 WARN  TypeError occurred while running test - 'int' object is not subscriptable
Traceback (most recent call last):
  File "/home/pi/env-pysys/lib/python3.7/site-packages/pysys/baserunner.py", line 1296, in __call__
    self.testObj.validate()
  File "/home/pi/actions-runner/_work/thin-edge.io/thin-edge.io/tests/PySys/monitoring/monitoring_with_simulated_messages/run.py", line 98, in validate
    collectd_msg_validation_result=self.validate_json(),
  File "/home/pi/actions-runner/_work/thin-edge.io/thin-edge.io/tests/PySys/monitoring/monitoring_with_simulated_messages/run.py", line 108, in validate_json
    if not self.validate_time():
  File "/home/pi/actions-runner/_work/thin-edge.io/thin-edge.io/tests/PySys/monitoring/monitoring_with_simulated_messages/run.py", line 127, in validate_time
    if self.js_msg["time"]:
TypeError: 'int' object is not subscriptable
06:51:30 WARN  TypeError: 'int' object is not subscriptable ... blocked 
06:51:30 INFO  
06:51:30 INFO  cleanup:
06:51:30 INFO  monitoring_cleanup
06:51:31 INFO  Executed sudo&lt;collectd_mapper&gt;, exit status 0
06:51:31 INFO  
06:51:31 INFO  Test duration: 4.52 secs
06:51:31 INFO  Test final outcome:  BLOCKED
06:51:31 INFO  Test outcome reason: TypeError: 'int' object is not subscriptable
06:51:31 INFO  
</system-out>
	</testcase>
</testsuite><testsuite name="mqtt_port_change_connection_fails" tests="1" errors="0" failures="0" skipped="0" time="0"><testcase classname="MqttPortChangeConnectionFails" name="mqtt_port_change_connection_fails" />
</testsuite><testsuite name="mqtt_port_change_connection_works" tests="1" errors="0" failures="0" skipped="1" time="0"><testcase classname="MqttPortChangeConnectionWorks" name="mqtt_port_change_connection_works">
		<skipped message="SKIPPED: failing intermitently" />
		<system-out>06:51:02 INFO  ==============================================================
06:51:02 INFO  Id:    mqtt_port_change_connection_works
06:51:02 INFO  Dir:   misc_features/
06:51:02 INFO  Title: mqtt port change connection works for all the thin-edge services that use the mosquitto broker
06:51:02 INFO  ==============================================================
06:51:02 INFO  failing intermitently ... skipped
06:51:02 INFO  
06:51:02 INFO  Test duration: 0.02 secs
06:51:02 INFO  Test final outcome:  SKIPPED
06:51:02 INFO  Test outcome reason: failing intermitently
06:51:02 INFO  
</system-out>
	</testcase>
</testsuite><testsuite name="publish_flux" tests="1" errors="0" failures="0" skipped="0" time="0"><testcase classname="PublishFlux" name="publish_flux" />
</testsuite><testsuite name="publish_sawmill" tests="1" errors="0" failures="0" skipped="0" time="0"><testcase classname="PublishSawmill" name="publish_sawmill" />
</testsuite><testsuite name="runtime_start_two_mappers" tests="1" errors="0" failures="0" skipped="0" time="0"><testcase classname="RuntimeMultiMappers" name="runtime_start_two_mappers" />
</testsuite><testsuite name="sm_tedge_mapper_init_session" tests="1" errors="0" failures="0" skipped="0" time="0"><testcase classname="TedgeSMMapperInitSession" name="sm_tedge_mapper_init_session" />
</testsuite><testsuite name="smoketest_json" tests="1" errors="0" failures="0" skipped="0" time="0"><testcase classname="SmokeTestJson" name="smoketest_json" />
</testsuite><testsuite name="smoketest_json_400_samples_10ms" tests="1" errors="0" failures="0" skipped="0" time="0"><testcase classname="SmoketestJson400Samples10ms" name="smoketest_json_400_samples_10ms" />
</testsuite><testsuite name="smoketest_json_400_samples_20ms" tests="1" errors="0" failures="0" skipped="0" time="0"><testcase classname="SmoketestJson400Samples20ms" name="smoketest_json_400_samples_20ms" />
</testsuite><testsuite name="smoketest_smartrest" tests="1" errors="0" failures="0" skipped="0" time="0"><testcase classname="SmoketestSmartRest" name="smoketest_smartrest" />
</testsuite><testsuite name="smoketest_smartrest_400_samples_1Xms" tests="1" errors="0" failures="0" skipped="0" time="0"><testcase classname="SmoketestSmartRest400Samples1Xms" name="smoketest_smartrest_400_samples_1Xms" />
</testsuite><testsuite name="smoketest_smartrest_400_samples_20ms" tests="1" errors="0" failures="0" skipped="0" time="0"><testcase classname="SmoketestSmartRest400Samples20ms" name="smoketest_smartrest_400_samples_20ms" />
</testsuite><testsuite name="tedge_agent_user_sudo_access" tests="1" errors="0" failures="0" skipped="1" time="0"><testcase classname="TedgeAgentUserSudoAccess" name="tedge_agent_user_sudo_access">
		<skipped message="SKIPPED: #955 Observation: Exit code of the apt plugin when called with no arguments" />
		<system-out>07:01:38 INFO  ==============================================================
07:01:38 INFO  Id:    tedge_agent_user_sudo_access
07:01:38 INFO  Dir:   tedge/
07:01:38 INFO  Title: Validate tedge-agent user has a limited sudo right
07:01:38 INFO  ==============================================================
07:01:38 INFO  #955 Observation: Exit code of the apt plugin when called with no arguments ... skipped
07:01:38 INFO  
07:01:38 INFO  Test duration: 0.02 secs
07:01:38 INFO  Test final outcome:  SKIPPED
07:01:38 INFO  Test outcome reason: #955 Observation: Exit code of the apt plugin when called with no arguments
07:01:38 INFO  
</system-out>
	</testcase>
</testsuite><testsuite name="tedge_connect_test_negative" tests="1" errors="0" failures="0" skipped="0" time="0"><testcase classname="TedgeConnectTestNegative" name="tedge_connect_test_negative" />
</testsuite><testsuite name="tedge_connect_test_positive" tests="1" errors="0" failures="0" skipped="0" time="0"><testcase classname="TedgeConnectTestPositive" name="tedge_connect_test_positive" />
</testsuite><testsuite name="tedge_connect_test_sm_services" tests="1" errors="0" failures="0" skipped="0" time="0"><testcase classname="TedgeConnectTestSMServices" name="tedge_connect_test_sm_services" />
</testsuite><testsuite name="tedge_disconnect_test_sm_services" tests="1" errors="0" failures="0" skipped="0" time="0"><testcase classname="TedgeDisConnectTestSMServices" name="tedge_disconnect_test_sm_services" />
</testsuite><testsuite name="tedge_mapper_az_negative" tests="1" errors="0" failures="0" skipped="0" time="0"><testcase classname="TedgeMapperAzError" name="tedge_mapper_az_negative" />
</testsuite><testsuite name="tedge_mapper_az_with_timestamp" tests="1" errors="0" failures="0" skipped="0" time="0"><testcase classname="TedgeMapperAzWithTimestamp" name="tedge_mapper_az_with_timestamp" />
</testsuite><testsuite name="tedge_mapper_az_without_timestamp" tests="1" errors="0" failures="0" skipped="0" time="0"><testcase classname="TedgeMapperAzWithoutTimestamp" name="tedge_mapper_az_without_timestamp" />
</testsuite><testsuite name="tedge_mapper_c8y_alarms" tests="1" errors="0" failures="0" skipped="0" time="0"><testcase classname="TedgeMapperC8yAlarm" name="tedge_mapper_c8y_alarms" />
</testsuite><testsuite name="tedge_mapper_c8y_child_device_measurement" tests="1" errors="0" failures="0" skipped="0" time="0"><testcase classname="TedgeMapperC8yChildDevice" name="tedge_mapper_c8y_child_device_measurement" />
</testsuite><testsuite name="tedge_mapper_c8y_packet_threshold_size" tests="1" errors="0" failures="1" skipped="0" time="0"><testcase classname="TedgeMapperC8yThresholdPacketSize" name="tedge_mapper_c8y_packet_threshold_size">
		<failure message="FAILED: Grep on tedge_sub.out contains &quot;The size of the message received on tedge/measurements is 20489 which is greater than the threshold size of 16184.&quot;" type="FAILED" />
		<system-out>07:06:00 INFO  ==============================================================
07:06:00 INFO  Id:    tedge_mapper_c8y_packet_threshold_size
07:06:00 INFO  Dir:   tedge_mapper_c8y/
07:06:00 INFO  Title: Validate the Cumulocity Mapper accepted threshold packet size when it receives a message on tedge/measurements
07:06:00 INFO  ==============================================================
07:06:01 INFO  Executed sudo&lt;tedge_mapper_c8y&gt;, exit status 0
07:06:01 INFO  Started sudo&lt;tedge_sub&gt; with process id 16988
07:06:01 INFO  Executed sudo&lt;tedge_msg&gt;, exit status 0
07:06:02 INFO  Executed sudo&lt;tedge_pub&gt;, exit status 0
07:06:02 INFO  Executed sudo&lt;kill_out&gt;, exit status 0
07:06:02 WARN  Grep on tedge_sub.out contains "The size of the message received on tedge/measurements is 20489 which is greater than the threshold size of 16184." ... failed [run.py:88]
07:06:02 INFO  
07:06:02 INFO  cleanup:
07:06:02 INFO  mapper_cleanup
07:06:03 INFO  Executed sudo&lt;tedge_mapper_c8y&gt;, exit status 0
07:06:03 INFO  
07:06:03 INFO  Test duration: 3.00 secs
07:06:03 INFO  Test final outcome:  FAILED
07:06:03 INFO  Test outcome reason: Grep on tedge_sub.out contains "The size of the message received on tedge/measurements is 20489 which is greater than the threshold size of 16184."
07:06:03 INFO  
</system-out>
	</testcase>
</testsuite><testsuite name="tedge_software_update" tests="1" errors="0" failures="0" skipped="0" time="0"><testcase classname="PySysTest" name="tedge_software_update" />
</testsuite><testsuite name="valid_device_id" tests="1" errors="0" failures="1" skipped="0" time="0"><testcase classname="ValidateValidDeviceId" name="valid_device_id">
		<failure message="BLOCKED: sudo&lt;tedge_connect_c8y&gt; returned non-zero exit code 1" type="BLOCKED" />
		<system-out>06:51:02 INFO  ==============================================================
06:51:02 INFO  Id:    valid_device_id
06:51:02 INFO  Dir:   misc_features/
06:51:02 INFO  Title: Valid device ID
06:51:02 INFO  ==============================================================
06:51:02 INFO  Executed sudo&lt;tedge_disconnect_c8y&gt;, exit status 0
06:51:03 INFO  Executed sudo&lt;create_cert_dir&gt;, exit status 0
06:51:03 INFO  Executed sudo&lt;change_owner_of_dir&gt;, exit status 0
06:51:04 INFO  Executed sudo&lt;set_cert_path&gt;, exit status 0
06:51:04 INFO  Executed sudo&lt;set_key_path&gt;, exit status 0
06:51:05 INFO  Executed sudo&lt;cert_create&gt;, exit status 0
06:51:06 INFO  Executed sudo&lt;cert_upload&gt;, exit status 0
06:51:09 WARN  Executed sudo&lt;tedge_connect_c8y&gt;, exit status 1
06:51:09 INFO  Contents of tedge_connect_c8y.err: 
  ERROR: MqttState(Io(Custom { kind: ConnectionAborted, error: "connection closed by peer" }))
  Error: failed to connect Cumulocity cloud.
  Caused by:
      Connection check failed
  -----

06:51:09 WARN  sudo&lt;tedge_connect_c8y&gt; returned non-zero exit code 1 ... blocked [environment_tedge.py:58,run.py:100]
06:51:09 WARN  Aborted test due to BLOCKED outcome
06:51:09 INFO  
06:51:09 INFO  cleanup:
06:51:09 INFO  Executed sudo&lt;tedge_disconnect_c8y&gt;, exit status 0
06:51:10 INFO  Executed sudo&lt;unset_cert_path&gt;, exit status 0
06:51:10 INFO  Executed sudo&lt;unset_key_path&gt;, exit status 0
06:51:11 INFO  Executed sudo&lt;remove_cert_dir&gt;, exit status 0
06:51:11 INFO  
06:51:11 INFO  Test duration: 9.42 secs
06:51:11 INFO  Test final outcome:  BLOCKED
06:51:11 INFO  Test outcome reason: sudo&lt;tedge_connect_c8y&gt; returned non-zero exit code 1
06:51:11 INFO  
</system-out>
	</testcase>
</testsuite></testsuites>