<?xml version='1.0' encoding='utf-8'?>
<testsuites tests="139" failures="17" errors="0" skipped="45" time="0.0"><testsuite name="SoftwareManagement.Plugin.apama_plugin_install" tests="3" errors="0" failures="0" skipped="1" time="0"><testcase classname="ApamaPluginInstallTest" name="SoftwareManagement.Plugin.apama_plugin_install">
		<skipped message="SKIPPED: Apama plugin tests are disabled by default. Execute `pysys run` with `-XmyPlatform=container` to run these tests" />
		<system-out>14:50:01 INFO  ==============================================================
14:50:01 INFO  Id:    SoftwareManagement.Plugin.apama_plugin_install
14:50:01 INFO  Dir:   plugin_apama/
14:50:01 INFO  Title: Validate apama plugin install
14:50:01 INFO  ==============================================================
14:50:01 INFO  Apama plugin tests are disabled by default. Execute `pysys run` with `-XmyPlatform=container` to run these tests ... skipped
14:50:01 WARN  Aborted test due to SKIPPED outcome
14:50:01 INFO  
14:50:01 INFO  Test duration: 0.06 secs
14:50:01 INFO  Test final outcome:  SKIPPED
14:50:01 INFO  Test outcome reason: Apama plugin tests are disabled by default. Execute `pysys run` with `-XmyPlatform=container` to run these tests
14:50:01 INFO  
</system-out>
	</testcase>
<testcase classname="ApamaPluginInstallTest" name="SoftwareManagement.Plugin.apama_plugin_install" />
<testcase classname="ApamaPluginInstallTest" name="SoftwareManagement.Plugin.apama_plugin_install" />
</testsuite><testsuite name="SoftwareManagement.Plugin.apama_plugin_mon_support" tests="3" errors="0" failures="0" skipped="1" time="0"><testcase classname="ApamaPluginMonSupportTest" name="SoftwareManagement.Plugin.apama_plugin_mon_support">
		<skipped message="SKIPPED: Apama plugin tests are disabled by default. Execute `pysys run` with `-XmyPlatform=container` to run these tests" />
		<system-out>14:50:01 INFO  ==============================================================
14:50:01 INFO  Id:    SoftwareManagement.Plugin.apama_plugin_mon_support
14:50:01 INFO  Dir:   plugin_apama/
14:50:01 INFO  Title: Validate mon file support of apama plugin
14:50:01 INFO  ==============================================================
14:50:01 INFO  Apama plugin tests are disabled by default. Execute `pysys run` with `-XmyPlatform=container` to run these tests ... skipped
14:50:01 WARN  Aborted test due to SKIPPED outcome
14:50:01 INFO  
14:50:01 INFO  Test duration: 0.02 secs
14:50:01 INFO  Test final outcome:  SKIPPED
14:50:01 INFO  Test outcome reason: Apama plugin tests are disabled by default. Execute `pysys run` with `-XmyPlatform=container` to run these tests
14:50:01 INFO  
</system-out>
	</testcase>
<testcase classname="ApamaPluginMonSupportTest" name="SoftwareManagement.Plugin.apama_plugin_mon_support" />
<testcase classname="ApamaPluginMonSupportTest" name="SoftwareManagement.Plugin.apama_plugin_mon_support" />
</testsuite><testsuite name="SoftwareManagement.Plugin.apama_plugin_remove" tests="3" errors="0" failures="0" skipped="1" time="0"><testcase classname="ApamaPluginRemoveTest" name="SoftwareManagement.Plugin.apama_plugin_remove">
		<skipped message="SKIPPED: Apama plugin tests are disabled by default. Execute `pysys run` with `-XmyPlatform=container` to run these tests" />
		<system-out>14:50:01 INFO  ==============================================================
14:50:01 INFO  Id:    SoftwareManagement.Plugin.apama_plugin_remove
14:50:01 INFO  Dir:   plugin_apama/
14:50:01 INFO  Title: Validate apama plugin remove
14:50:01 INFO  ==============================================================
14:50:01 INFO  Apama plugin tests are disabled by default. Execute `pysys run` with `-XmyPlatform=container` to run these tests ... skipped
14:50:01 WARN  Aborted test due to SKIPPED outcome
14:50:01 INFO  
14:50:01 INFO  Test duration: 0.02 secs
14:50:01 INFO  Test final outcome:  SKIPPED
14:50:01 INFO  Test outcome reason: Apama plugin tests are disabled by default. Execute `pysys run` with `-XmyPlatform=container` to run these tests
14:50:01 INFO  
</system-out>
	</testcase>
<testcase classname="ApamaPluginRemoveTest" name="SoftwareManagement.Plugin.apama_plugin_remove" />
<testcase classname="ApamaPluginRemoveTest" name="SoftwareManagement.Plugin.apama_plugin_remove" />
</testsuite><testsuite name="SoftwareManagement.Plugin.apama_plugin_update" tests="3" errors="0" failures="2" skipped="1" time="0"><testcase classname="ApamaPluginUpdateTest" name="SoftwareManagement.Plugin.apama_plugin_update">
		<skipped message="SKIPPED: Apama plugin tests are disabled by default. Execute `pysys run` with `-XmyPlatform=container` to run these tests" />
		<system-out>14:50:01 INFO  ==============================================================
14:50:01 INFO  Id:    SoftwareManagement.Plugin.apama_plugin_update
14:50:01 INFO  Dir:   plugin_apama/
14:50:01 INFO  Title: Validate apama plugin updating one project with another
14:50:01 INFO  ==============================================================
14:50:01 INFO  Apama plugin tests are disabled by default. Execute `pysys run` with `-XmyPlatform=container` to run these tests ... skipped
14:50:01 WARN  Aborted test due to SKIPPED outcome
14:50:01 INFO  
14:50:01 INFO  Test duration: 0.05 secs
14:50:01 INFO  Test final outcome:  SKIPPED
14:50:01 INFO  Test outcome reason: Apama plugin tests are disabled by default. Execute `pysys run` with `-XmyPlatform=container` to run these tests
14:50:01 INFO  
</system-out>
	</testcase>
<testcase classname="ApamaPluginUpdateTest" name="SoftwareManagement.Plugin.apama_plugin_update">
		<failure message="BLOCKED: sudo&lt;plugin_install&gt; returned non-zero exit code 2" type="BLOCKED" />
		<system-out>15:40:39 INFO  ==============================================================
15:40:39 INFO  Id:    SoftwareManagement.Plugin.apama_plugin_update
15:40:39 INFO  Dir:   plugin_apama/
15:40:39 INFO  Title: Validate apama plugin updating one project with another
15:40:39 INFO  ==============================================================
15:40:39 INFO  Assertion that path exists=False for "/etc/tedge/apama/project" ... passed
15:40:40 INFO  Executed sudo&lt;create_project_dir&gt;, exit status 0
15:40:40 INFO  Executed sudo&lt;unzip_apama_project&gt;, exit status 0
15:40:41 INFO  Executed sudo&lt;move_apama_project&gt;, exit status 0
15:40:42 INFO  Executed sudo&lt;restart_apama_service&gt;, exit status 0
15:40:43 INFO  Executed sudo&lt;apama_correlator_wait&gt;, exit status 0
15:40:43 INFO  Assertion that path exists=True for "/etc/tedge/apama/project" ... passed
15:40:44 INFO  Executed sudo&lt;apama_list_monitors&gt;, exit status 0
15:40:44 INFO  Grep on file /home/pi/actions-runner/_work/thin-edge.io/thin-edge.io/tests/PySys/plugin_apama/apama_plugin_update/Output/linux/apama_list_monitors.out ... passed
15:40:44 WARN  Executed sudo&lt;plugin_install&gt;, exit status 2
15:40:44 INFO  Contents of plugin_install.err: 
  ERROR: Directory not empty (os error 39)
  -----

15:40:45 WARN  sudo&lt;plugin_install&gt; returned non-zero exit code 2 ... blocked [run.py:35]
15:40:45 WARN  Aborted test due to BLOCKED outcome
15:40:45 INFO  
15:40:45 INFO  cleanup:
15:40:45 INFO  Removing apama project
15:41:00 INFO  Executed sudo&lt;stop_apama_service&gt;, exit status 0, duration 15 secs
15:41:00 INFO  Executed sudo&lt;remove_apama_project&gt;, exit status 0
15:41:01 INFO  Executed sudo&lt;remove_apama_tmp_dir&gt;, exit status 0
15:41:01 INFO  
15:41:01 INFO  Test duration: 21.55 secs
15:41:01 INFO  Test final outcome:  BLOCKED
15:41:01 INFO  Test outcome reason: sudo&lt;plugin_install&gt; returned non-zero exit code 2
15:41:01 INFO  
</system-out>
	</testcase>
<testcase classname="ApamaPluginUpdateTest" name="SoftwareManagement.Plugin.apama_plugin_update">
		<failure message="BLOCKED: sudo&lt;plugin_install&gt; returned non-zero exit code 2" type="BLOCKED" />
		<system-out>15:49:10 INFO  ==============================================================
15:49:10 INFO  Id:    SoftwareManagement.Plugin.apama_plugin_update
15:49:10 INFO  Dir:   plugin_apama/
15:49:10 INFO  Title: Validate apama plugin updating one project with another
15:49:10 INFO  ==============================================================
15:49:10 INFO  Assertion that path exists=False for "/etc/tedge/apama/project" ... passed
15:49:11 INFO  Executed sudo&lt;create_project_dir&gt;, exit status 0
15:49:11 INFO  Executed sudo&lt;unzip_apama_project&gt;, exit status 0
15:49:12 INFO  Executed sudo&lt;move_apama_project&gt;, exit status 0
15:49:13 INFO  Executed sudo&lt;restart_apama_service&gt;, exit status 0
15:49:13 INFO  Executed sudo&lt;apama_correlator_wait&gt;, exit status 0
15:49:13 INFO  Assertion that path exists=True for "/etc/tedge/apama/project" ... passed
15:49:14 INFO  Executed sudo&lt;apama_list_monitors&gt;, exit status 0
15:49:14 INFO  Grep on file /home/pi/actions-runner/_work/thin-edge.io/thin-edge.io/tests/PySys/plugin_apama/apama_plugin_update/Output/linux/apama_list_monitors.out ... passed
15:49:15 WARN  Executed sudo&lt;plugin_install&gt;, exit status 2
15:49:15 INFO  Contents of plugin_install.err: 
  ERROR: Directory not empty (os error 39)
  -----

15:49:15 WARN  sudo&lt;plugin_install&gt; returned non-zero exit code 2 ... blocked [run.py:35]
15:49:15 WARN  Aborted test due to BLOCKED outcome
15:49:15 INFO  
15:49:15 INFO  cleanup:
15:49:15 INFO  Removing apama project
15:49:30 INFO  Executed sudo&lt;stop_apama_service&gt;, exit status 0, duration 15 secs
15:49:31 INFO  Executed sudo&lt;remove_apama_project&gt;, exit status 0
15:49:31 INFO  Executed sudo&lt;remove_apama_tmp_dir&gt;, exit status 0
15:49:31 INFO  
15:49:31 INFO  Test duration: 21.13 secs
15:49:31 INFO  Test final outcome:  BLOCKED
15:49:31 INFO  Test outcome reason: sudo&lt;plugin_install&gt; returned non-zero exit code 2
15:49:31 INFO  
</system-out>
	</testcase>
</testsuite><testsuite name="SoftwareManagement.sm_apt_install_download_path" tests="3" errors="0" failures="2" skipped="1" time="0"><testcase classname="AptInstallWithDownloadPath" name="SoftwareManagement.sm_apt_install_download_path">
		<skipped message="SKIPPED: Testing the apt plugin is not supported on this platform.Use parameter -XmyPlatform='container' to enable it" />
		<system-out>14:59:35 INFO  ==============================================================
14:59:35 INFO  Id:    SoftwareManagement.sm_apt_install_download_path
14:59:35 INFO  Dir:   software_management_end_to_end/
14:59:35 INFO  Title: Install package to directory specified in tedge config set tmp.path
14:59:35 INFO  ==============================================================
14:59:35 INFO  Testing the apt plugin is not supported on this platform.Use parameter -XmyPlatform='container' to enable it ... skipped
14:59:35 WARN  Aborted test due to SKIPPED outcome
14:59:35 INFO  
14:59:35 INFO  Test duration: 0.06 secs
14:59:35 INFO  Test final outcome:  SKIPPED
14:59:35 INFO  Test outcome reason: Testing the apt plugin is not supported on this platform.Use parameter -XmyPlatform='container' to enable it
14:59:35 INFO  
</system-out>
	</testcase>
<testcase classname="AptInstallWithDownloadPath" name="SoftwareManagement.sm_apt_install_download_path">
		<failure message="BLOCKED: AssertionError:" type="BLOCKED" />
		<system-out>15:22:47 INFO  ==============================================================
15:22:47 INFO  Id:    SoftwareManagement.sm_apt_install_download_path
15:22:47 INFO  Dir:   software_management_end_to_end/
15:22:47 INFO  Title: Install package to directory specified in tedge config set tmp.path
15:22:47 INFO  ==============================================================
15:22:47 INFO  Using sw id database: {'asciijump': '5475369', 'robotfindskitten': '5474869', 'squirrel3': '5475279', 'rolldice': '5152439', 'moon-buggy': '5439204', 'apple': '5495053', 'banana': '5494888', 'cherry': '5495382', 'watermelon': '5494510', 'registry': '8018911', 'hello-world': '8021526', 'docker/getting-started': '8021973', 'alpine': '7991792'}
15:22:47 INFO  EnvironmentC8y Setup
15:22:47 INFO  Executed systemctl&lt;serv_mapper1&gt;, exit status 3
15:23:02 INFO  Executed sudo&lt;tedge_connect_c8y&gt;, exit status 0, duration 14 secs
15:23:03 INFO  Executed sudo&lt;tedge_connect_c8y_test&gt;, exit status 0
15:23:05 INFO  Executed systemctl&lt;serv_mosq2&gt;, exit status 0
15:23:05 INFO  Executed systemctl&lt;serv_mapper3&gt;, exit status 0
15:23:07 INFO  State of current operation: SUCCESSFUL
15:23:08 INFO  Assert that (False == value) with value=False ... passed
15:23:08 INFO  Executed sudo, exit status 0
15:23:09 INFO  Executed sudo, exit status 0
15:23:09 INFO  Executed sudo, exit status 0
15:23:13 INFO  Executed sudo&lt;tedge_disconnect_c8y&gt;, exit status 0
15:23:13 INFO  Restarting mosquitto too frequently in the last 10 seconds. It was only up for 3 seconds
15:23:13 INFO  Delaying execution by 8 seconds
15:23:35 INFO  Executed sudo&lt;tedge_connect_c8y&gt;, exit status 0, duration 13 secs
15:23:35 INFO  Response status: 201
15:23:35 INFO  Response to action: {
    "creationTime": "2022-07-21T15:23:35.791Z",
    "deviceId": "21121273",
    "deviceName": "m32sd10d",
    "self": "https://t493319102.eu-latest.cumulocity.com/devicecontrol/operations/21144821",
    "id": "21144821",
    "status": "PENDING",
    "description": "Apply software changes, triggered from PySys: [{'name': 'rolldice', 'id': '5152439', 'version': '::apt', 'url': 'https://thin-edge-io.eu-latest.cumulocity.com/inventory/binaries/12435463', 'action': 'install'}]",
    "c8y_SoftwareUpdate": [
        {
            "name": "rolldice",
            "action": "install",
            "id": "5152439",
            "version": "::apt",
            "url": "https://thin-edge-io.eu-latest.cumulocity.com/inventory/binaries/12435463"
        }
    ]
}
15:23:35 INFO  Started operation: {'creationTime': '2022-07-21T15:23:35.791Z', 'deviceId': '21121273', 'deviceName': 'm32sd10d', 'self': 'https://t493319102.eu-latest.cumulocity.com/devicecontrol/operations/21144821', 'id': '21144821', 'status': 'PENDING', 'description': "Apply software changes, triggered from PySys: [{'name': 'rolldice', 'id': '5152439', 'version': '::apt', 'url': 'https://thin-edge-io.eu-latest.cumulocity.com/inventory/binaries/12435463', 'action': 'install'}]", 'c8y_SoftwareUpdate': [{'name': 'rolldice', 'action': 'install', 'id': '5152439', 'version': '::apt', 'url': 'https://thin-edge-io.eu-latest.cumulocity.com/inventory/binaries/12435463'}]}
15:23:35 WARN  , retrying in 0.5 seconds...
15:23:36 WARN  , retrying in 0.5 seconds...
15:23:36 WARN  , retrying in 0.5 seconds...
15:23:37 WARN  , retrying in 0.5 seconds...
15:23:37 WARN  , retrying in 0.5 seconds...
15:23:38 WARN  , retrying in 0.5 seconds...
15:23:38 WARN  , retrying in 0.5 seconds...
15:23:39 WARN  , retrying in 0.5 seconds...
15:23:39 WARN  , retrying in 0.5 seconds...
15:23:40 WARN  AssertionError occurred while running test - 
Traceback (most recent call last):
  File "/home/pi/env-pysys/lib/python3.7/site-packages/pysys/baserunner.py", line 1294, in __call__
    self.testObj.execute()
  File "/home/pi/actions-runner/_work/thin-edge.io/thin-edge.io/tests/PySys/software_management_end_to_end/sm_apt_install_download_path/run.py", line 83, in execute
    assert_install_in_download_path(install_directory=self.DOWNLOAD_DIR)
  File "/home/pi/env-pysys/lib/python3.7/site-packages/decorator.py", line 232, in fun
    return caller(func, *(extras + args), **kw)
  File "/home/pi/env-pysys/lib/python3.7/site-packages/retry/api.py", line 74, in retry_decorator
    logger)
  File "/home/pi/env-pysys/lib/python3.7/site-packages/retry/api.py", line 33, in __retry_internal
    return f()
  File "/home/pi/actions-runner/_work/thin-edge.io/thin-edge.io/tests/PySys/software_management_end_to_end/sm_apt_install_download_path/run.py", line 28, in assert_install_in_download_path
    assert "rolldice" in os.listdir(f"{install_directory}")
AssertionError
15:23:41 WARN  AssertionError: ... blocked 
15:23:41 INFO  
15:23:41 INFO  cleanup:
15:23:41 INFO  Executed sudo, exit status 0
15:23:42 INFO  Executed sudo, exit status 0
15:23:46 INFO  Executed sudo&lt;tedge_disconnect_c8y&gt;, exit status 0
15:23:46 INFO  Restarting mosquitto too frequently in the last 10 seconds. It was only up for 4 seconds
15:23:46 INFO  Delaying execution by 7 seconds
15:24:07 INFO  Executed sudo&lt;tedge_connect_c8y&gt;, exit status 0, duration 13 secs
15:24:11 INFO  Executed sudo&lt;tedge_disconnect_c8y&gt;, exit status 0
15:24:12 INFO  Executed systemctl&lt;serv_mapper5&gt;, exit status 3
15:24:12 INFO  
15:24:12 INFO  Test duration: 85.25 secs
15:24:12 INFO  Test final outcome:  BLOCKED
15:24:12 INFO  Test outcome reason: AssertionError:
15:24:12 INFO  
</system-out>
	</testcase>
<testcase classname="AptInstallWithDownloadPath" name="SoftwareManagement.sm_apt_install_download_path">
		<failure message="BLOCKED: AssertionError:" type="BLOCKED" />
		<system-out>15:49:31 INFO  ==============================================================
15:49:31 INFO  Id:    SoftwareManagement.sm_apt_install_download_path
15:49:31 INFO  Dir:   software_management_end_to_end/
15:49:31 INFO  Title: Install package to directory specified in tedge config set tmp.path
15:49:31 INFO  ==============================================================
15:49:33 INFO  Using sw id database: {'asciijump': '5475369', 'robotfindskitten': '5474869', 'squirrel3': '5475279', 'rolldice': '5152439', 'moon-buggy': '5439204', 'apple': '5495053', 'banana': '5494888', 'cherry': '5495382', 'watermelon': '5494510', 'registry': '8018911', 'hello-world': '8021526', 'docker/getting-started': '8021973', 'alpine': '7991792'}
15:49:33 INFO  EnvironmentC8y Setup
15:49:33 INFO  Executed systemctl&lt;serv_mapper1&gt;, exit status 3
15:49:48 INFO  Executed sudo&lt;tedge_connect_c8y&gt;, exit status 0, duration 14 secs
15:49:48 INFO  Executed sudo&lt;tedge_connect_c8y_test&gt;, exit status 0
15:49:49 INFO  Executed systemctl&lt;serv_mosq2&gt;, exit status 0
15:49:49 INFO  Executed systemctl&lt;serv_mapper3&gt;, exit status 0
15:49:51 INFO  State of current operation: SUCCESSFUL
15:49:52 INFO  Assert that (False == value) with value=False ... passed
15:49:52 INFO  Executed sudo, exit status 0
15:49:53 INFO  Executed sudo, exit status 0
15:49:53 INFO  Executed sudo, exit status 0
15:49:57 INFO  Executed sudo&lt;tedge_disconnect_c8y&gt;, exit status 0
15:49:57 INFO  Restarting mosquitto too frequently in the last 10 seconds. It was only up for 3 seconds
15:49:57 INFO  Delaying execution by 8 seconds
15:50:19 INFO  Executed sudo&lt;tedge_connect_c8y&gt;, exit status 0, duration 13 secs
15:50:19 INFO  Response status: 201
15:50:19 INFO  Response to action: {
    "creationTime": "2022-07-21T15:50:19.738Z",
    "deviceId": "21121273",
    "deviceName": "m32sd10d",
    "self": "https://t493319102.eu-latest.cumulocity.com/devicecontrol/operations/21145006",
    "id": "21145006",
    "status": "PENDING",
    "description": "Apply software changes, triggered from PySys: [{'name': 'rolldice', 'id': '5152439', 'version': '::apt', 'url': 'https://thin-edge-io.eu-latest.cumulocity.com/inventory/binaries/12435463', 'action': 'install'}]",
    "c8y_SoftwareUpdate": [
        {
            "name": "rolldice",
            "action": "install",
            "id": "5152439",
            "version": "::apt",
            "url": "https://thin-edge-io.eu-latest.cumulocity.com/inventory/binaries/12435463"
        }
    ]
}
15:50:19 INFO  Started operation: {'creationTime': '2022-07-21T15:50:19.738Z', 'deviceId': '21121273', 'deviceName': 'm32sd10d', 'self': 'https://t493319102.eu-latest.cumulocity.com/devicecontrol/operations/21145006', 'id': '21145006', 'status': 'PENDING', 'description': "Apply software changes, triggered from PySys: [{'name': 'rolldice', 'id': '5152439', 'version': '::apt', 'url': 'https://thin-edge-io.eu-latest.cumulocity.com/inventory/binaries/12435463', 'action': 'install'}]", 'c8y_SoftwareUpdate': [{'name': 'rolldice', 'action': 'install', 'id': '5152439', 'version': '::apt', 'url': 'https://thin-edge-io.eu-latest.cumulocity.com/inventory/binaries/12435463'}]}
15:50:19 WARN  , retrying in 0.5 seconds...
15:50:20 WARN  , retrying in 0.5 seconds...
15:50:20 WARN  , retrying in 0.5 seconds...
15:50:21 WARN  , retrying in 0.5 seconds...
15:50:21 WARN  , retrying in 0.5 seconds...
15:50:22 WARN  , retrying in 0.5 seconds...
15:50:22 WARN  , retrying in 0.5 seconds...
15:50:23 WARN  , retrying in 0.5 seconds...
15:50:23 WARN  , retrying in 0.5 seconds...
15:50:24 WARN  AssertionError occurred while running test - 
Traceback (most recent call last):
  File "/home/pi/env-pysys/lib/python3.7/site-packages/pysys/baserunner.py", line 1294, in __call__
    self.testObj.execute()
  File "/home/pi/actions-runner/_work/thin-edge.io/thin-edge.io/tests/PySys/software_management_end_to_end/sm_apt_install_download_path/run.py", line 83, in execute
    assert_install_in_download_path(install_directory=self.DOWNLOAD_DIR)
  File "/home/pi/env-pysys/lib/python3.7/site-packages/decorator.py", line 232, in fun
    return caller(func, *(extras + args), **kw)
  File "/home/pi/env-pysys/lib/python3.7/site-packages/retry/api.py", line 74, in retry_decorator
    logger)
  File "/home/pi/env-pysys/lib/python3.7/site-packages/retry/api.py", line 33, in __retry_internal
    return f()
  File "/home/pi/actions-runner/_work/thin-edge.io/thin-edge.io/tests/PySys/software_management_end_to_end/sm_apt_install_download_path/run.py", line 28, in assert_install_in_download_path
    assert "rolldice" in os.listdir(f"{install_directory}")
AssertionError
15:50:24 WARN  AssertionError: ... blocked 
15:50:24 INFO  
15:50:24 INFO  cleanup:
15:50:24 INFO  Executed sudo, exit status 0
15:50:25 INFO  Executed sudo, exit status 0
15:50:29 INFO  Executed sudo&lt;tedge_disconnect_c8y&gt;, exit status 0
15:50:30 INFO  Restarting mosquitto too frequently in the last 10 seconds. It was only up for 3 seconds
15:50:30 INFO  Delaying execution by 8 seconds
15:50:52 INFO  Executed sudo&lt;tedge_connect_c8y&gt;, exit status 0, duration 13 secs
15:50:56 INFO  Executed sudo&lt;tedge_disconnect_c8y&gt;, exit status 0
15:50:56 INFO  Executed systemctl&lt;serv_mapper5&gt;, exit status 3
15:50:56 INFO  
15:50:56 INFO  Test duration: 84.93 secs
15:50:56 INFO  Test final outcome:  BLOCKED
15:50:56 INFO  Test outcome reason: AssertionError:
15:50:56 INFO  
</system-out>
	</testcase>
</testsuite><testsuite name="SoftwareManagement.sm_apt_install_fail" tests="3" errors="0" failures="0" skipped="1" time="0"><testcase classname="PySysTest" name="SoftwareManagement.sm_apt_install_fail">
		<skipped message="SKIPPED: Testing the apt plugin is not supported on this platform.Use parameter -XmyPlatform='container' to enable it" />
		<system-out>14:59:35 INFO  ==============================================================
14:59:35 INFO  Id:    SoftwareManagement.sm_apt_install_fail
14:59:35 INFO  Dir:   software_management_end_to_end/
14:59:35 INFO  Title: Validate end to end behaviour for a failing installation
14:59:35 INFO  ==============================================================
14:59:35 INFO  Testing the apt plugin is not supported on this platform.Use parameter -XmyPlatform='container' to enable it ... skipped
14:59:35 WARN  Aborted test due to SKIPPED outcome
14:59:35 INFO  
14:59:35 INFO  Test duration: 0.02 secs
14:59:35 INFO  Test final outcome:  SKIPPED
14:59:35 INFO  Test outcome reason: Testing the apt plugin is not supported on this platform.Use parameter -XmyPlatform='container' to enable it
14:59:35 INFO  
</system-out>
	</testcase>
<testcase classname="PySysTest" name="SoftwareManagement.sm_apt_install_fail" />
<testcase classname="PySysTest" name="SoftwareManagement.sm_apt_install_fail" />
</testsuite><testsuite name="SoftwareManagement.sm_apt_install_remove" tests="3" errors="0" failures="0" skipped="1" time="0"><testcase classname="PySysTest" name="SoftwareManagement.sm_apt_install_remove">
		<skipped message="SKIPPED: Testing the apt plugin is not supported on this platform.Use parameter -XmyPlatform='container' to enable it" />
		<system-out>14:59:35 INFO  ==============================================================
14:59:35 INFO  Id:    SoftwareManagement.sm_apt_install_remove
14:59:35 INFO  Dir:   software_management_end_to_end/
14:59:35 INFO  Title: Validate end to end behaviour for the apt plugin for installation and removal of packages
14:59:35 INFO  ==============================================================
14:59:35 INFO  Testing the apt plugin is not supported on this platform.Use parameter -XmyPlatform='container' to enable it ... skipped
14:59:35 WARN  Aborted test due to SKIPPED outcome
14:59:35 INFO  
14:59:35 INFO  Test duration: 0.02 secs
14:59:35 INFO  Test final outcome:  SKIPPED
14:59:35 INFO  Test outcome reason: Testing the apt plugin is not supported on this platform.Use parameter -XmyPlatform='container' to enable it
14:59:35 INFO  
</system-out>
	</testcase>
<testcase classname="PySysTest" name="SoftwareManagement.sm_apt_install_remove" />
<testcase classname="PySysTest" name="SoftwareManagement.sm_apt_install_remove" />
</testsuite><testsuite name="SoftwareManagement.sm_apt_install_remove_default" tests="3" errors="0" failures="0" skipped="1" time="0"><testcase classname="PySysTest" name="SoftwareManagement.sm_apt_install_remove_default">
		<skipped message="SKIPPED: Testing the apt plugin is not supported on this platform.Use parameter -XmyPlatform='container' to enable it" />
		<system-out>14:59:35 INFO  ==============================================================
14:59:35 INFO  Id:    SoftwareManagement.sm_apt_install_remove_default
14:59:35 INFO  Dir:   software_management_end_to_end/
14:59:35 INFO  Title: Validate end to end behaviour for the default plugin for installation and removal of packages
14:59:35 INFO  ==============================================================
14:59:35 INFO  Testing the apt plugin is not supported on this platform.Use parameter -XmyPlatform='container' to enable it ... skipped
14:59:35 WARN  Aborted test due to SKIPPED outcome
14:59:35 INFO  
14:59:35 INFO  Test duration: 0.02 secs
14:59:35 INFO  Test final outcome:  SKIPPED
14:59:35 INFO  Test outcome reason: Testing the apt plugin is not supported on this platform.Use parameter -XmyPlatform='container' to enable it
14:59:35 INFO  
</system-out>
	</testcase>
<testcase classname="PySysTest" name="SoftwareManagement.sm_apt_install_remove_default" />
<testcase classname="PySysTest" name="SoftwareManagement.sm_apt_install_remove_default" />
</testsuite><testsuite name="SoftwareManagement.sm_apt_install_remove_multiple" tests="3" errors="0" failures="2" skipped="1" time="0"><testcase classname="PySysTest" name="SoftwareManagement.sm_apt_install_remove_multiple">
		<skipped message="SKIPPED: Testing the apt plugin is not supported on this platform.Use parameter -XmyPlatform='container' to enable it" />
		<system-out>14:59:35 INFO  ==============================================================
14:59:35 INFO  Id:    SoftwareManagement.sm_apt_install_remove_multiple
14:59:35 INFO  Dir:   software_management_end_to_end/
14:59:35 INFO  Title: Validate end to end behaviour for the apt plugin for multiple packages
14:59:35 INFO  ==============================================================
14:59:35 INFO  Testing the apt plugin is not supported on this platform.Use parameter -XmyPlatform='container' to enable it ... skipped
14:59:35 WARN  Aborted test due to SKIPPED outcome
14:59:35 INFO  
14:59:35 INFO  Test duration: 0.02 secs
14:59:35 INFO  Test final outcome:  SKIPPED
14:59:35 INFO  Test outcome reason: Testing the apt plugin is not supported on this platform.Use parameter -XmyPlatform='container' to enable it
14:59:35 INFO  
</system-out>
	</testcase>
<testcase classname="PySysTest" name="SoftwareManagement.sm_apt_install_remove_multiple">
		<failure message="FAILED: Assert that (False == value) with value=True" type="FAILED" />
		<system-out>15:30:55 INFO  ==============================================================
15:30:55 INFO  Id:    SoftwareManagement.sm_apt_install_remove_multiple
15:30:55 INFO  Dir:   software_management_end_to_end/
15:30:55 INFO  Title: Validate end to end behaviour for the apt plugin for multiple packages
15:30:55 INFO  ==============================================================
15:30:55 INFO  Using sw id database: {'asciijump': '5475369', 'robotfindskitten': '5474869', 'squirrel3': '5475279', 'rolldice': '5152439', 'moon-buggy': '5439204', 'apple': '5495053', 'banana': '5494888', 'cherry': '5495382', 'watermelon': '5494510', 'registry': '8018911', 'hello-world': '8021526', 'docker/getting-started': '8021973', 'alpine': '7991792'}
15:30:55 INFO  EnvironmentC8y Setup
15:30:56 INFO  Executed systemctl&lt;serv_mapper1&gt;, exit status 3
15:30:56 INFO  Restarting mosquitto too frequently in the last 10 seconds. It was only up for 5 seconds
15:30:56 INFO  Delaying execution by 6 seconds
15:31:15 INFO  Executed sudo&lt;tedge_connect_c8y&gt;, exit status 0, duration 13 secs
15:31:16 INFO  Executed sudo&lt;tedge_connect_c8y_test&gt;, exit status 0
15:31:17 INFO  Executed systemctl&lt;serv_mosq2&gt;, exit status 0
15:31:17 INFO  Executed systemctl&lt;serv_mapper3&gt;, exit status 0
15:31:19 INFO  State of current operation: SUCCESSFUL
15:31:19 INFO  Assert that (False == value) with value=False ... passed
15:31:20 INFO  Assert that (False == value) with value=False ... passed
15:31:20 INFO  Assert that (False == value) with value=False ... passed
15:31:20 INFO  Package robotfindskitten is installed
15:31:20 WARN  Assert that (False == value) with value=True ... failed 
15:31:20 INFO  Response status: 201
15:31:20 INFO  Response to action: {
    "creationTime": "2022-07-21T15:31:20.924Z",
    "deviceId": "21121273",
    "deviceName": "m32sd10d",
    "self": "https://t493319102.eu-latest.cumulocity.com/devicecontrol/operations/21144887",
    "id": "21144887",
    "status": "PENDING",
    "description": "Apply software changes, triggered from PySys: [{'action': 'install', 'id': '5475369', 'name': 'asciijump', 'url': ' ', 'version': '::apt'}, {'action': 'install', 'id': '5474869', 'name': 'robotfindskitten', 'url': ' ', 'version': '::apt'}, {'action': 'install', 'id': '5475279', 'name': 'squirrel3', 'url': ' ', 'version': '::apt'}]",
    "c8y_SoftwareUpdate": [
        {
            "name": "asciijump",
            "action": "install",
            "id": "5475369",
            "version": "::apt",
            "url": " "
        },
        {
            "name": "robotfindskitten",
            "action": "install",
            "id": "5474869",
            "version": "::apt",
            "url": " "
        },
        {
            "name": "squirrel3",
            "action": "install",
            "id": "5475279",
            "version": "::apt",
            "url": " "
        }
    ]
}
15:31:20 INFO  Started operation: {'creationTime': '2022-07-21T15:31:20.924Z', 'deviceId': '21121273', 'deviceName': 'm32sd10d', 'self': 'https://t493319102.eu-latest.cumulocity.com/devicecontrol/operations/21144887', 'id': '21144887', 'status': 'PENDING', 'description': "Apply software changes, triggered from PySys: [{'action': 'install', 'id': '5475369', 'name': 'asciijump', 'url': ' ', 'version': '::apt'}, {'action': 'install', 'id': '5474869', 'name': 'robotfindskitten', 'url': ' ', 'version': '::apt'}, {'action': 'install', 'id': '5475279', 'name': 'squirrel3', 'url': ' ', 'version': '::apt'}]", 'c8y_SoftwareUpdate': [{'name': 'asciijump', 'action': 'install', 'id': '5475369', 'version': '::apt', 'url': ' '}, {'name': 'robotfindskitten', 'action': 'install', 'id': '5474869', 'version': '::apt', 'url': ' '}, {'name': 'squirrel3', 'action': 'install', 'id': '5475279', 'version': '::apt', 'url': ' '}]}
15:31:23 INFO  State of operation 21144887 : PENDING
15:31:25 INFO  State of operation 21144887 : EXECUTING
15:31:27 INFO  State of operation 21144887 : EXECUTING
15:31:29 INFO  State of operation 21144887 : EXECUTING
15:31:32 INFO  State of operation 21144887 : EXECUTING
15:31:34 INFO  State of operation 21144887 : EXECUTING
15:31:37 INFO  State of operation 21144887 : EXECUTING
15:31:39 INFO  State of operation 21144887 : EXECUTING
15:31:42 INFO  State of operation 21144887 : EXECUTING
15:31:44 INFO  State of operation 21144887 : EXECUTING
15:31:47 INFO  State of operation 21144887 : EXECUTING
15:31:49 INFO  State of operation 21144887 : EXECUTING
15:31:51 INFO  State of operation 21144887 : EXECUTING
15:31:53 INFO  State of operation 21144887 : EXECUTING
15:31:55 INFO  State of operation 21144887 : EXECUTING
15:31:58 INFO  State of operation 21144887 : EXECUTING
15:32:00 INFO  State of operation 21144887 : EXECUTING
15:32:02 INFO  State of operation 21144887 : EXECUTING
15:32:05 INFO  State of operation 21144887 : EXECUTING
15:32:07 INFO  State of operation 21144887 : EXECUTING
15:32:09 INFO  State of operation 21144887 : EXECUTING
15:32:12 INFO  State of operation 21144887 : EXECUTING
15:32:14 INFO  State of operation 21144887 : EXECUTING
15:32:17 INFO  State of operation 21144887 : EXECUTING
15:32:19 INFO  State of operation 21144887 : EXECUTING
15:32:21 INFO  State of operation 21144887 : EXECUTING
15:32:24 INFO  State of operation 21144887 : EXECUTING
15:32:26 INFO  State of operation 21144887 : EXECUTING
15:32:28 INFO  State of operation 21144887 : EXECUTING
15:32:30 INFO  State of operation 21144887 : EXECUTING
15:32:33 INFO  State of operation 21144887 : EXECUTING
15:32:35 INFO  State of operation 21144887 : EXECUTING
15:32:37 INFO  State of operation 21144887 : EXECUTING
15:32:40 INFO  State of operation 21144887 : EXECUTING
15:32:42 INFO  State of operation 21144887 : SUCCESSFUL
15:32:42 INFO  Assert that (False == value) with value=False ... passed
15:32:42 INFO  Package asciijump is installed
15:32:42 INFO  Assert that (True == value) with value=True ... passed
15:32:43 INFO  Package squirrel3 is installed
15:32:43 INFO  Assert that (True == value) with value=True ... passed
15:32:43 INFO  Package robotfindskitten is installed
15:32:43 INFO  Assert that (True == value) with value=True ... passed
15:32:43 INFO  Response status: 201
15:32:43 INFO  Response to action: {
    "creationTime": "2022-07-21T15:32:43.497Z",
    "deviceId": "21121273",
    "deviceName": "m32sd10d",
    "self": "https://t493319102.eu-latest.cumulocity.com/devicecontrol/operations/21144898",
    "id": "21144898",
    "status": "PENDING",
    "description": "Apply software changes, triggered from PySys: [{'action': 'delete', 'id': '5475369', 'name': 'asciijump', 'url': ' ', 'version': '::apt'}, {'action': 'delete', 'id': '5474869', 'name': 'robotfindskitten', 'url': ' ', 'version': '::apt'}, {'action': 'delete', 'id': '5475279', 'name': 'squirrel3', 'url': ' ', 'version': '::apt'}]",
    "c8y_SoftwareUpdate": [
        {
            "name": "asciijump",
            "action": "delete",
            "id": "5475369",
            "version": "::apt",
            "url": " "
        },
        {
            "name": "robotfindskitten",
            "action": "delete",
            "id": "5474869",
            "version": "::apt",
            "url": " "
        },
        {
            "name": "squirrel3",
            "action": "delete",
            "id": "5475279",
            "version": "::apt",
            "url": " "
        }
    ]
}
15:32:43 INFO  Started operation: {'creationTime': '2022-07-21T15:32:43.497Z', 'deviceId': '21121273', 'deviceName': 'm32sd10d', 'self': 'https://t493319102.eu-latest.cumulocity.com/devicecontrol/operations/21144898', 'id': '21144898', 'status': 'PENDING', 'description': "Apply software changes, triggered from PySys: [{'action': 'delete', 'id': '5475369', 'name': 'asciijump', 'url': ' ', 'version': '::apt'}, {'action': 'delete', 'id': '5474869', 'name': 'robotfindskitten', 'url': ' ', 'version': '::apt'}, {'action': 'delete', 'id': '5475279', 'name': 'squirrel3', 'url': ' ', 'version': '::apt'}]", 'c8y_SoftwareUpdate': [{'name': 'asciijump', 'action': 'delete', 'id': '5475369', 'version': '::apt', 'url': ' '}, {'name': 'robotfindskitten', 'action': 'delete', 'id': '5474869', 'version': '::apt', 'url': ' '}, {'name': 'squirrel3', 'action': 'delete', 'id': '5475279', 'version': '::apt', 'url': ' '}]}
15:32:45 INFO  State of operation 21144898 : PENDING
15:32:48 INFO  State of operation 21144898 : EXECUTING
15:32:50 INFO  State of operation 21144898 : EXECUTING
15:32:52 INFO  State of operation 21144898 : EXECUTING
15:32:54 INFO  State of operation 21144898 : EXECUTING
15:32:56 INFO  State of operation 21144898 : EXECUTING
15:32:59 INFO  State of operation 21144898 : EXECUTING
15:33:02 INFO  State of operation 21144898 : EXECUTING
15:33:04 INFO  State of operation 21144898 : EXECUTING
15:33:07 INFO  State of operation 21144898 : EXECUTING
15:33:09 INFO  State of operation 21144898 : EXECUTING
15:33:11 INFO  State of operation 21144898 : EXECUTING
15:33:13 INFO  State of operation 21144898 : EXECUTING
15:33:16 INFO  State of operation 21144898 : EXECUTING
15:33:18 INFO  State of operation 21144898 : EXECUTING
15:33:20 INFO  State of operation 21144898 : EXECUTING
15:33:23 INFO  State of operation 21144898 : EXECUTING
15:33:25 INFO  State of operation 21144898 : EXECUTING
15:33:28 INFO  State of operation 21144898 : EXECUTING
15:33:30 INFO  State of operation 21144898 : EXECUTING
15:33:32 INFO  State of operation 21144898 : EXECUTING
15:33:34 INFO  State of operation 21144898 : EXECUTING
15:33:37 INFO  State of operation 21144898 : EXECUTING
15:33:39 INFO  State of operation 21144898 : EXECUTING
15:33:42 INFO  State of operation 21144898 : EXECUTING
15:33:44 INFO  State of operation 21144898 : EXECUTING
15:33:46 INFO  State of operation 21144898 : EXECUTING
15:33:49 INFO  State of operation 21144898 : SUCCESSFUL
15:33:49 INFO  Assert that (False == value) with value=False ... passed
15:33:49 INFO  Assert that (False == value) with value=False ... passed
15:33:49 INFO  Assert that (False == value) with value=False ... passed
15:33:49 INFO  Assert that (False == value) with value=False ... passed
15:33:49 INFO  
15:33:49 INFO  cleanup:
15:33:53 INFO  Executed sudo&lt;tedge_disconnect_c8y&gt;, exit status 0
15:33:54 INFO  Executed systemctl&lt;serv_mapper5&gt;, exit status 3
15:33:54 INFO  
15:33:54 INFO  Test duration: 179.13 secs
15:33:54 INFO  Test final outcome:  FAILED
15:33:54 INFO  Test outcome reason: Assert that (False == value) with value=True
15:33:54 INFO  
</system-out>
	</testcase>
<testcase classname="PySysTest" name="SoftwareManagement.sm_apt_install_remove_multiple">
		<failure message="FAILED: Assert that (False == value) with value=True (+2 other failures)" type="FAILED" />
		<system-out>15:57:23 INFO  ==============================================================
15:57:23 INFO  Id:    SoftwareManagement.sm_apt_install_remove_multiple
15:57:23 INFO  Dir:   software_management_end_to_end/
15:57:23 INFO  Title: Validate end to end behaviour for the apt plugin for multiple packages
15:57:23 INFO  ==============================================================
15:57:23 INFO  Using sw id database: {'asciijump': '5475369', 'robotfindskitten': '5474869', 'squirrel3': '5475279', 'rolldice': '5152439', 'moon-buggy': '5439204', 'apple': '5495053', 'banana': '5494888', 'cherry': '5495382', 'watermelon': '5494510', 'registry': '8018911', 'hello-world': '8021526', 'docker/getting-started': '8021973', 'alpine': '7991792'}
15:57:23 INFO  EnvironmentC8y Setup
15:57:23 INFO  Executed systemctl&lt;serv_mapper1&gt;, exit status 3
15:57:23 INFO  Restarting mosquitto too frequently in the last 10 seconds. It was only up for 5 seconds
15:57:23 INFO  Delaying execution by 6 seconds
15:57:43 INFO  Executed sudo&lt;tedge_connect_c8y&gt;, exit status 0, duration 13 secs
15:57:44 INFO  Executed sudo&lt;tedge_connect_c8y_test&gt;, exit status 0
15:57:44 INFO  Executed systemctl&lt;serv_mosq2&gt;, exit status 0
15:57:45 INFO  Executed systemctl&lt;serv_mapper3&gt;, exit status 0
15:57:47 INFO  State of current operation: SUCCESSFUL
15:57:47 INFO  Assert that (False == value) with value=False ... passed
15:57:47 INFO  Package asciijump is installed
15:57:48 WARN  Assert that (False == value) with value=True ... failed 
15:57:48 INFO  Package squirrel3 is installed
15:57:48 WARN  Assert that (False == value) with value=True ... failed 
15:57:48 INFO  Package robotfindskitten is installed
15:57:48 WARN  Assert that (False == value) with value=True ... failed 
15:57:48 INFO  Response status: 201
15:57:48 INFO  Response to action: {
    "creationTime": "2022-07-21T15:57:48.811Z",
    "deviceId": "21121273",
    "deviceName": "m32sd10d",
    "self": "https://t493319102.eu-latest.cumulocity.com/devicecontrol/operations/21145074",
    "id": "21145074",
    "status": "PENDING",
    "description": "Apply software changes, triggered from PySys: [{'action': 'install', 'id': '5475369', 'name': 'asciijump', 'url': ' ', 'version': '::apt'}, {'action': 'install', 'id': '5474869', 'name': 'robotfindskitten', 'url': ' ', 'version': '::apt'}, {'action': 'install', 'id': '5475279', 'name': 'squirrel3', 'url': ' ', 'version': '::apt'}]",
    "c8y_SoftwareUpdate": [
        {
            "name": "asciijump",
            "action": "install",
            "id": "5475369",
            "version": "::apt",
            "url": " "
        },
        {
            "name": "robotfindskitten",
            "action": "install",
            "id": "5474869",
            "version": "::apt",
            "url": " "
        },
        {
            "name": "squirrel3",
            "action": "install",
            "id": "5475279",
            "version": "::apt",
            "url": " "
        }
    ]
}
15:57:48 INFO  Started operation: {'creationTime': '2022-07-21T15:57:48.811Z', 'deviceId': '21121273', 'deviceName': 'm32sd10d', 'self': 'https://t493319102.eu-latest.cumulocity.com/devicecontrol/operations/21145074', 'id': '21145074', 'status': 'PENDING', 'description': "Apply software changes, triggered from PySys: [{'action': 'install', 'id': '5475369', 'name': 'asciijump', 'url': ' ', 'version': '::apt'}, {'action': 'install', 'id': '5474869', 'name': 'robotfindskitten', 'url': ' ', 'version': '::apt'}, {'action': 'install', 'id': '5475279', 'name': 'squirrel3', 'url': ' ', 'version': '::apt'}]", 'c8y_SoftwareUpdate': [{'name': 'asciijump', 'action': 'install', 'id': '5475369', 'version': '::apt', 'url': ' '}, {'name': 'robotfindskitten', 'action': 'install', 'id': '5474869', 'version': '::apt', 'url': ' '}, {'name': 'squirrel3', 'action': 'install', 'id': '5475279', 'version': '::apt', 'url': ' '}]}
15:57:51 INFO  State of operation 21145074 : PENDING
15:57:53 INFO  State of operation 21145074 : EXECUTING
15:57:55 INFO  State of operation 21145074 : EXECUTING
15:57:57 INFO  State of operation 21145074 : EXECUTING
15:57:59 INFO  State of operation 21145074 : EXECUTING
15:58:02 INFO  State of operation 21145074 : EXECUTING
15:58:04 INFO  State of operation 21145074 : EXECUTING
15:58:07 INFO  State of operation 21145074 : EXECUTING
15:58:10 INFO  State of operation 21145074 : EXECUTING
15:58:12 INFO  State of operation 21145074 : EXECUTING
15:58:14 INFO  State of operation 21145074 : EXECUTING
15:58:16 INFO  State of operation 21145074 : EXECUTING
15:58:19 INFO  State of operation 21145074 : EXECUTING
15:58:21 INFO  State of operation 21145074 : EXECUTING
15:58:23 INFO  State of operation 21145074 : EXECUTING
15:58:25 INFO  State of operation 21145074 : SUCCESSFUL
15:58:26 INFO  Assert that (False == value) with value=False ... passed
15:58:26 INFO  Package asciijump is installed
15:58:26 INFO  Assert that (True == value) with value=True ... passed
15:58:26 INFO  Package squirrel3 is installed
15:58:26 INFO  Assert that (True == value) with value=True ... passed
15:58:26 INFO  Package robotfindskitten is installed
15:58:26 INFO  Assert that (True == value) with value=True ... passed
15:58:26 INFO  Response status: 201
15:58:26 INFO  Response to action: {
    "creationTime": "2022-07-21T15:58:26.948Z",
    "deviceId": "21121273",
    "deviceName": "m32sd10d",
    "self": "https://t493319102.eu-latest.cumulocity.com/devicecontrol/operations/21145084",
    "id": "21145084",
    "status": "PENDING",
    "description": "Apply software changes, triggered from PySys: [{'action': 'delete', 'id': '5475369', 'name': 'asciijump', 'url': ' ', 'version': '::apt'}, {'action': 'delete', 'id': '5474869', 'name': 'robotfindskitten', 'url': ' ', 'version': '::apt'}, {'action': 'delete', 'id': '5475279', 'name': 'squirrel3', 'url': ' ', 'version': '::apt'}]",
    "c8y_SoftwareUpdate": [
        {
            "name": "asciijump",
            "action": "delete",
            "id": "5475369",
            "version": "::apt",
            "url": " "
        },
        {
            "name": "robotfindskitten",
            "action": "delete",
            "id": "5474869",
            "version": "::apt",
            "url": " "
        },
        {
            "name": "squirrel3",
            "action": "delete",
            "id": "5475279",
            "version": "::apt",
            "url": " "
        }
    ]
}
15:58:26 INFO  Started operation: {'creationTime': '2022-07-21T15:58:26.948Z', 'deviceId': '21121273', 'deviceName': 'm32sd10d', 'self': 'https://t493319102.eu-latest.cumulocity.com/devicecontrol/operations/21145084', 'id': '21145084', 'status': 'PENDING', 'description': "Apply software changes, triggered from PySys: [{'action': 'delete', 'id': '5475369', 'name': 'asciijump', 'url': ' ', 'version': '::apt'}, {'action': 'delete', 'id': '5474869', 'name': 'robotfindskitten', 'url': ' ', 'version': '::apt'}, {'action': 'delete', 'id': '5475279', 'name': 'squirrel3', 'url': ' ', 'version': '::apt'}]", 'c8y_SoftwareUpdate': [{'name': 'asciijump', 'action': 'delete', 'id': '5475369', 'version': '::apt', 'url': ' '}, {'name': 'robotfindskitten', 'action': 'delete', 'id': '5474869', 'version': '::apt', 'url': ' '}, {'name': 'squirrel3', 'action': 'delete', 'id': '5475279', 'version': '::apt', 'url': ' '}]}
15:58:29 INFO  State of operation 21145084 : PENDING
15:58:31 INFO  State of operation 21145084 : EXECUTING
15:58:33 INFO  State of operation 21145084 : EXECUTING
15:58:35 INFO  State of operation 21145084 : EXECUTING
15:58:38 INFO  State of operation 21145084 : EXECUTING
15:58:40 INFO  State of operation 21145084 : EXECUTING
15:58:42 INFO  State of operation 21145084 : EXECUTING
15:58:45 INFO  State of operation 21145084 : EXECUTING
15:58:47 INFO  State of operation 21145084 : EXECUTING
15:58:50 INFO  State of operation 21145084 : EXECUTING
15:58:52 INFO  State of operation 21145084 : EXECUTING
15:58:54 INFO  State of operation 21145084 : EXECUTING
15:58:57 INFO  State of operation 21145084 : EXECUTING
15:58:59 INFO  State of operation 21145084 : EXECUTING
15:59:01 INFO  State of operation 21145084 : EXECUTING
15:59:03 INFO  State of operation 21145084 : EXECUTING
15:59:06 INFO  State of operation 21145084 : EXECUTING
15:59:08 INFO  State of operation 21145084 : EXECUTING
15:59:11 INFO  State of operation 21145084 : EXECUTING
15:59:13 INFO  State of operation 21145084 : EXECUTING
15:59:16 INFO  State of operation 21145084 : EXECUTING
15:59:18 INFO  State of operation 21145084 : EXECUTING
15:59:20 INFO  State of operation 21145084 : EXECUTING
15:59:22 INFO  State of operation 21145084 : EXECUTING
15:59:25 INFO  State of operation 21145084 : EXECUTING
15:59:27 INFO  State of operation 21145084 : EXECUTING
15:59:30 INFO  State of operation 21145084 : EXECUTING
15:59:32 INFO  State of operation 21145084 : EXECUTING
15:59:34 INFO  State of operation 21145084 : SUCCESSFUL
15:59:34 INFO  Assert that (False == value) with value=False ... passed
15:59:34 INFO  Assert that (False == value) with value=False ... passed
15:59:35 INFO  Assert that (False == value) with value=False ... passed
15:59:35 INFO  Assert that (False == value) with value=False ... passed
15:59:35 INFO  
15:59:35 INFO  cleanup:
15:59:39 INFO  Executed sudo&lt;tedge_disconnect_c8y&gt;, exit status 0
15:59:40 INFO  Executed systemctl&lt;serv_mapper5&gt;, exit status 3
15:59:40 INFO  
15:59:40 INFO  Test duration: 137.00 secs
15:59:40 INFO  Test final outcome:  FAILED
15:59:40 INFO  Test outcome reason: Assert that (False == value) with value=True (+2 other failures)
15:59:40 INFO  
</system-out>
	</testcase>
</testsuite><testsuite name="SoftwareManagement.sm_apt_install_remove_multiple_mixed" tests="3" errors="0" failures="2" skipped="1" time="0"><testcase classname="PySysTest" name="SoftwareManagement.sm_apt_install_remove_multiple_mixed">
		<skipped message="SKIPPED: Testing the apt plugin is not supported on this platform.Use parameter -XmyPlatform='container' to enable it" />
		<system-out>14:59:35 INFO  ==============================================================
14:59:35 INFO  Id:    SoftwareManagement.sm_apt_install_remove_multiple_mixed
14:59:35 INFO  Dir:   software_management_end_to_end/
14:59:35 INFO  Title: Validate end to end behaviour for the apt plugin for multiple packages with mixed versions
14:59:35 INFO  ==============================================================
14:59:35 INFO  Testing the apt plugin is not supported on this platform.Use parameter -XmyPlatform='container' to enable it ... skipped
14:59:35 WARN  Aborted test due to SKIPPED outcome
14:59:35 INFO  
14:59:35 INFO  Test duration: 0.02 secs
14:59:35 INFO  Test final outcome:  SKIPPED
14:59:35 INFO  Test outcome reason: Testing the apt plugin is not supported on this platform.Use parameter -XmyPlatform='container' to enable it
14:59:35 INFO  
</system-out>
	</testcase>
<testcase classname="PySysTest" name="SoftwareManagement.sm_apt_install_remove_multiple_mixed">
		<failure message="BLOCKED: SystemError: Timeout while waiting for status SUCCESSFUL or False" type="BLOCKED" />
		<system-out>15:33:54 INFO  ==============================================================
15:33:54 INFO  Id:    SoftwareManagement.sm_apt_install_remove_multiple_mixed
15:33:54 INFO  Dir:   software_management_end_to_end/
15:33:54 INFO  Title: Validate end to end behaviour for the apt plugin for multiple packages with mixed versions
15:33:54 INFO  ==============================================================
15:33:54 INFO  Using sw id database: {'asciijump': '5475369', 'robotfindskitten': '5474869', 'squirrel3': '5475279', 'rolldice': '5152439', 'moon-buggy': '5439204', 'apple': '5495053', 'banana': '5494888', 'cherry': '5495382', 'watermelon': '5494510', 'registry': '8018911', 'hello-world': '8021526', 'docker/getting-started': '8021973', 'alpine': '7991792'}
15:33:54 INFO  EnvironmentC8y Setup
15:33:55 INFO  Executed systemctl&lt;serv_mapper1&gt;, exit status 3
15:33:55 INFO  Restarting mosquitto too frequently in the last 10 seconds. It was only up for 5 seconds
15:33:55 INFO  Delaying execution by 6 seconds
15:34:15 INFO  Executed sudo&lt;tedge_connect_c8y&gt;, exit status 0, duration 13 secs
15:34:15 INFO  Executed sudo&lt;tedge_connect_c8y_test&gt;, exit status 0
15:34:16 INFO  Executed systemctl&lt;serv_mosq2&gt;, exit status 0
15:34:16 INFO  Executed systemctl&lt;serv_mapper3&gt;, exit status 0
15:34:18 INFO  State of current operation: SUCCESSFUL
15:34:19 INFO  Assert that (False == value) with value=False ... passed
15:34:19 INFO  Assert that (False == value) with value=False ... passed
15:34:19 INFO  Assert that (False == value) with value=False ... passed
15:34:19 INFO  Assert that (False == value) with value=False ... passed
15:34:20 INFO  Assert that (False == value) with value=False ... passed
15:34:21 INFO  Response status: 201
15:34:21 INFO  Response to action: {
    "creationTime": "2022-07-21T15:34:21.195Z",
    "deviceId": "21121273",
    "deviceName": "m32sd10d",
    "self": "https://t493319102.eu-latest.cumulocity.com/devicecontrol/operations/21144904",
    "id": "21144904",
    "status": "PENDING",
    "description": "Apply software changes, triggered from PySys: [{'action': 'install', 'id': '5475369', 'name': 'asciijump', 'url': ' ', 'version': '::apt'}, {'action': 'install', 'id': '5474869', 'name': 'robotfindskitten', 'url': ' ', 'version': ' '}, {'action': 'install', 'id': '5475279', 'name': 'squirrel3', 'url': ' ', 'version': '3.1-7::apt'}, {'action': 'install', 'id': '5152439', 'name': 'rolldice', 'url': ' ', 'version': '1.16-1+b1'}, {'action': 'install', 'id': '5439204', 'name': 'moon-buggy', 'url': ' ', 'version': '1:1.0.51-12'}, {'action': 'install', 'id': '5475369', 'name': 'asciijump', 'url': ' ', 'version': '::apt'}]",
    "c8y_SoftwareUpdate": [
        {
            "name": "asciijump",
            "action": "install",
            "id": "5475369",
            "version": "::apt",
            "url": " "
        },
        {
            "name": "robotfindskitten",
            "action": "install",
            "id": "5474869",
            "version": " ",
            "url": " "
        },
        {
            "name": "squirrel3",
            "action": "install",
            "id": "5475279",
            "version": "3.1-7::apt",
            "url": " "
        },
        {
            "name": "rolldice",
            "action": "install",
            "id": "5152439",
            "version": "1.16-1+b1",
            "url": " "
        },
        {
            "name": "moon-buggy",
            "action": "install",
            "id": "5439204",
            "version": "1:1.0.51-12",
            "url": " "
        },
        {
            "name": "asciijump",
            "action": "install",
            "id": "5475369",
            "version": "::apt",
            "url": " "
        }
    ]
}
15:34:21 INFO  Started operation: {'creationTime': '2022-07-21T15:34:21.195Z', 'deviceId': '21121273', 'deviceName': 'm32sd10d', 'self': 'https://t493319102.eu-latest.cumulocity.com/devicecontrol/operations/21144904', 'id': '21144904', 'status': 'PENDING', 'description': "Apply software changes, triggered from PySys: [{'action': 'install', 'id': '5475369', 'name': 'asciijump', 'url': ' ', 'version': '::apt'}, {'action': 'install', 'id': '5474869', 'name': 'robotfindskitten', 'url': ' ', 'version': ' '}, {'action': 'install', 'id': '5475279', 'name': 'squirrel3', 'url': ' ', 'version': '3.1-7::apt'}, {'action': 'install', 'id': '5152439', 'name': 'rolldice', 'url': ' ', 'version': '1.16-1+b1'}, {'action': 'install', 'id': '5439204', 'name': 'moon-buggy', 'url': ' ', 'version': '1:1.0.51-12'}, {'action': 'install', 'id': '5475369', 'name': 'asciijump', 'url': ' ', 'version': '::apt'}]", 'c8y_SoftwareUpdate': [{'name': 'asciijump', 'action': 'install', 'id': '5475369', 'version': '::apt', 'url': ' '}, {'name': 'robotfindskitten', 'action': 'install', 'id': '5474869', 'version': ' ', 'url': ' '}, {'name': 'squirrel3', 'action': 'install', 'id': '5475279', 'version': '3.1-7::apt', 'url': ' '}, {'name': 'rolldice', 'action': 'install', 'id': '5152439', 'version': '1.16-1+b1', 'url': ' '}, {'name': 'moon-buggy', 'action': 'install', 'id': '5439204', 'version': '1:1.0.51-12', 'url': ' '}, {'name': 'asciijump', 'action': 'install', 'id': '5475369', 'version': '::apt', 'url': ' '}]}
15:34:23 INFO  State of operation 21144904 : PENDING
15:34:25 INFO  State of operation 21144904 : EXECUTING
15:34:27 INFO  State of operation 21144904 : EXECUTING
15:34:30 INFO  State of operation 21144904 : EXECUTING
15:34:32 INFO  State of operation 21144904 : EXECUTING
15:34:34 INFO  State of operation 21144904 : EXECUTING
15:34:37 INFO  State of operation 21144904 : EXECUTING
15:34:40 INFO  State of operation 21144904 : EXECUTING
15:34:42 INFO  State of operation 21144904 : EXECUTING
15:34:45 INFO  State of operation 21144904 : EXECUTING
15:34:47 INFO  State of operation 21144904 : EXECUTING
15:34:49 INFO  State of operation 21144904 : EXECUTING
15:34:51 INFO  State of operation 21144904 : EXECUTING
15:34:54 INFO  State of operation 21144904 : EXECUTING
15:34:56 INFO  State of operation 21144904 : EXECUTING
15:34:58 INFO  State of operation 21144904 : EXECUTING
15:35:01 INFO  State of operation 21144904 : EXECUTING
15:35:03 INFO  State of operation 21144904 : EXECUTING
15:35:06 INFO  State of operation 21144904 : EXECUTING
15:35:08 INFO  State of operation 21144904 : EXECUTING
15:35:10 INFO  State of operation 21144904 : EXECUTING
15:35:13 INFO  State of operation 21144904 : EXECUTING
15:35:15 INFO  State of operation 21144904 : EXECUTING
15:35:18 INFO  State of operation 21144904 : EXECUTING
15:35:20 INFO  State of operation 21144904 : EXECUTING
15:35:22 INFO  State of operation 21144904 : EXECUTING
15:35:25 INFO  State of operation 21144904 : EXECUTING
15:35:28 INFO  State of operation 21144904 : EXECUTING
15:35:30 INFO  State of operation 21144904 : EXECUTING
15:35:32 INFO  State of operation 21144904 : EXECUTING
15:35:34 INFO  State of operation 21144904 : EXECUTING
15:35:37 INFO  State of operation 21144904 : EXECUTING
15:35:39 INFO  State of operation 21144904 : EXECUTING
15:35:41 INFO  State of operation 21144904 : EXECUTING
15:35:44 INFO  State of operation 21144904 : EXECUTING
15:35:46 INFO  State of operation 21144904 : EXECUTING
15:35:48 INFO  State of operation 21144904 : EXECUTING
15:35:51 INFO  State of operation 21144904 : EXECUTING
15:35:54 INFO  State of operation 21144904 : EXECUTING
15:35:56 INFO  State of operation 21144904 : EXECUTING
15:35:58 INFO  State of operation 21144904 : EXECUTING
15:36:01 INFO  State of operation 21144904 : EXECUTING
15:36:03 INFO  State of operation 21144904 : EXECUTING
15:36:05 INFO  State of operation 21144904 : EXECUTING
15:36:07 INFO  State of operation 21144904 : EXECUTING
15:36:10 INFO  State of operation 21144904 : EXECUTING
15:36:12 INFO  State of operation 21144904 : EXECUTING
15:36:14 INFO  State of operation 21144904 : EXECUTING
15:36:16 INFO  State of operation 21144904 : EXECUTING
15:36:19 INFO  State of operation 21144904 : EXECUTING
15:36:21 INFO  State of operation 21144904 : EXECUTING
15:36:24 INFO  State of operation 21144904 : EXECUTING
15:36:26 INFO  State of operation 21144904 : EXECUTING
15:36:28 INFO  State of operation 21144904 : EXECUTING
15:36:30 INFO  State of operation 21144904 : EXECUTING
15:36:33 INFO  State of operation 21144904 : EXECUTING
15:36:35 INFO  State of operation 21144904 : EXECUTING
15:36:38 INFO  State of operation 21144904 : EXECUTING
15:36:40 INFO  State of operation 21144904 : EXECUTING
15:36:42 INFO  State of operation 21144904 : EXECUTING
15:36:44 INFO  State of operation 21144904 : EXECUTING
15:36:46 WARN  SystemError occurred while running test - Timeout while waiting for status SUCCESSFUL or False
Traceback (most recent call last):
  File "/home/pi/env-pysys/lib/python3.7/site-packages/pysys/baserunner.py", line 1294, in __call__
    self.testObj.execute()
  File "/home/pi/actions-runner/_work/thin-edge.io/thin-edge.io/tests/PySys/software_management_end_to_end/sm_apt_install_remove_multiple_mixed/run.py", line 89, in execute
    self.wait_until_succcess()
  File "/home/pi/actions-runner/_work/thin-edge.io/thin-edge.io/tests/PySys/software_management_end_to_end/environment_sm_management.py", line 324, in wait_until_succcess
    self.wait_until_status("SUCCESSFUL")
  File "/home/pi/actions-runner/_work/thin-edge.io/thin-edge.io/tests/PySys/software_management_end_to_end/environment_sm_management.py", line 381, in wait_until_status
    "Timeout while waiting for status %s or %s" % (status, status2)
SystemError: Timeout while waiting for status SUCCESSFUL or False
15:36:46 WARN  SystemError: Timeout while waiting for status SUCCESSFUL or False ... blocked 
15:36:46 INFO  
15:36:46 INFO  cleanup:
15:36:52 INFO  Executed sudo&lt;tedge_disconnect_c8y&gt;, exit status 0
15:36:53 INFO  Executed systemctl&lt;serv_mapper5&gt;, exit status 3
15:36:53 INFO  
15:36:53 INFO  Test duration: 178.55 secs
15:36:53 INFO  Test final outcome:  BLOCKED
15:36:53 INFO  Test outcome reason: SystemError: Timeout while waiting for status SUCCESSFUL or False
15:36:53 INFO  
</system-out>
	</testcase>
<testcase classname="PySysTest" name="SoftwareManagement.sm_apt_install_remove_multiple_mixed">
		<failure message="BLOCKED: SystemError: Timeout while waiting for status SUCCESSFUL or False (+1 other failures)" type="BLOCKED" />
		<system-out>15:59:40 INFO  ==============================================================
15:59:40 INFO  Id:    SoftwareManagement.sm_apt_install_remove_multiple_mixed
15:59:40 INFO  Dir:   software_management_end_to_end/
15:59:40 INFO  Title: Validate end to end behaviour for the apt plugin for multiple packages with mixed versions
15:59:40 INFO  ==============================================================
15:59:40 INFO  Using sw id database: {'asciijump': '5475369', 'robotfindskitten': '5474869', 'squirrel3': '5475279', 'rolldice': '5152439', 'moon-buggy': '5439204', 'apple': '5495053', 'banana': '5494888', 'cherry': '5495382', 'watermelon': '5494510', 'registry': '8018911', 'hello-world': '8021526', 'docker/getting-started': '8021973', 'alpine': '7991792'}
15:59:40 INFO  EnvironmentC8y Setup
15:59:40 INFO  Executed systemctl&lt;serv_mapper1&gt;, exit status 3
15:59:40 INFO  Restarting mosquitto too frequently in the last 10 seconds. It was only up for 4 seconds
15:59:40 INFO  Delaying execution by 7 seconds
16:00:01 INFO  Executed sudo&lt;tedge_connect_c8y&gt;, exit status 0, duration 13 secs
16:00:02 INFO  Executed sudo&lt;tedge_connect_c8y_test&gt;, exit status 0
16:00:02 INFO  Executed systemctl&lt;serv_mosq2&gt;, exit status 0
16:00:03 INFO  Executed systemctl&lt;serv_mapper3&gt;, exit status 0
16:00:05 INFO  State of current operation: SUCCESSFUL
16:00:05 INFO  Assert that (False == value) with value=False ... passed
16:00:05 INFO  Assert that (False == value) with value=False ... passed
16:00:06 INFO  Assert that (False == value) with value=False ... passed
16:00:06 INFO  Assert that (False == value) with value=False ... passed
16:00:06 INFO  Package moon-buggy is installed
16:00:06 WARN  Assert that (False == value) with value=True ... failed 
16:00:08 INFO  Response status: 201
16:00:08 INFO  Response to action: {
    "creationTime": "2022-07-21T16:00:08.004Z",
    "deviceId": "21121273",
    "deviceName": "m32sd10d",
    "self": "https://t493319102.eu-latest.cumulocity.com/devicecontrol/operations/21145092",
    "id": "21145092",
    "status": "PENDING",
    "description": "Apply software changes, triggered from PySys: [{'action': 'install', 'id': '5475369', 'name': 'asciijump', 'url': ' ', 'version': '::apt'}, {'action': 'install', 'id': '5474869', 'name': 'robotfindskitten', 'url': ' ', 'version': ' '}, {'action': 'install', 'id': '5475279', 'name': 'squirrel3', 'url': ' ', 'version': '3.1-7::apt'}, {'action': 'install', 'id': '5152439', 'name': 'rolldice', 'url': ' ', 'version': '1.16-1+b1'}, {'action': 'install', 'id': '5439204', 'name': 'moon-buggy', 'url': ' ', 'version': '1:1.0.51-12'}, {'action': 'install', 'id': '5475369', 'name': 'asciijump', 'url': ' ', 'version': '::apt'}]",
    "c8y_SoftwareUpdate": [
        {
            "name": "asciijump",
            "action": "install",
            "id": "5475369",
            "version": "::apt",
            "url": " "
        },
        {
            "name": "robotfindskitten",
            "action": "install",
            "id": "5474869",
            "version": " ",
            "url": " "
        },
        {
            "name": "squirrel3",
            "action": "install",
            "id": "5475279",
            "version": "3.1-7::apt",
            "url": " "
        },
        {
            "name": "rolldice",
            "action": "install",
            "id": "5152439",
            "version": "1.16-1+b1",
            "url": " "
        },
        {
            "name": "moon-buggy",
            "action": "install",
            "id": "5439204",
            "version": "1:1.0.51-12",
            "url": " "
        },
        {
            "name": "asciijump",
            "action": "install",
            "id": "5475369",
            "version": "::apt",
            "url": " "
        }
    ]
}
16:00:08 INFO  Started operation: {'creationTime': '2022-07-21T16:00:08.004Z', 'deviceId': '21121273', 'deviceName': 'm32sd10d', 'self': 'https://t493319102.eu-latest.cumulocity.com/devicecontrol/operations/21145092', 'id': '21145092', 'status': 'PENDING', 'description': "Apply software changes, triggered from PySys: [{'action': 'install', 'id': '5475369', 'name': 'asciijump', 'url': ' ', 'version': '::apt'}, {'action': 'install', 'id': '5474869', 'name': 'robotfindskitten', 'url': ' ', 'version': ' '}, {'action': 'install', 'id': '5475279', 'name': 'squirrel3', 'url': ' ', 'version': '3.1-7::apt'}, {'action': 'install', 'id': '5152439', 'name': 'rolldice', 'url': ' ', 'version': '1.16-1+b1'}, {'action': 'install', 'id': '5439204', 'name': 'moon-buggy', 'url': ' ', 'version': '1:1.0.51-12'}, {'action': 'install', 'id': '5475369', 'name': 'asciijump', 'url': ' ', 'version': '::apt'}]", 'c8y_SoftwareUpdate': [{'name': 'asciijump', 'action': 'install', 'id': '5475369', 'version': '::apt', 'url': ' '}, {'name': 'robotfindskitten', 'action': 'install', 'id': '5474869', 'version': ' ', 'url': ' '}, {'name': 'squirrel3', 'action': 'install', 'id': '5475279', 'version': '3.1-7::apt', 'url': ' '}, {'name': 'rolldice', 'action': 'install', 'id': '5152439', 'version': '1.16-1+b1', 'url': ' '}, {'name': 'moon-buggy', 'action': 'install', 'id': '5439204', 'version': '1:1.0.51-12', 'url': ' '}, {'name': 'asciijump', 'action': 'install', 'id': '5475369', 'version': '::apt', 'url': ' '}]}
16:00:10 INFO  State of operation 21145092 : PENDING
16:00:12 INFO  State of operation 21145092 : EXECUTING
16:00:14 INFO  State of operation 21145092 : EXECUTING
16:00:16 INFO  State of operation 21145092 : EXECUTING
16:00:19 INFO  State of operation 21145092 : EXECUTING
16:00:21 INFO  State of operation 21145092 : EXECUTING
16:00:24 INFO  State of operation 21145092 : EXECUTING
16:00:27 INFO  State of operation 21145092 : EXECUTING
16:00:29 INFO  State of operation 21145092 : EXECUTING
16:00:31 INFO  State of operation 21145092 : EXECUTING
16:00:34 INFO  State of operation 21145092 : EXECUTING
16:00:36 INFO  State of operation 21145092 : EXECUTING
16:00:38 INFO  State of operation 21145092 : EXECUTING
16:00:40 INFO  State of operation 21145092 : EXECUTING
16:00:43 INFO  State of operation 21145092 : EXECUTING
16:00:45 INFO  State of operation 21145092 : EXECUTING
16:00:47 INFO  State of operation 21145092 : EXECUTING
16:00:50 INFO  State of operation 21145092 : EXECUTING
16:00:52 INFO  State of operation 21145092 : EXECUTING
16:00:55 INFO  State of operation 21145092 : EXECUTING
16:00:57 INFO  State of operation 21145092 : EXECUTING
16:01:00 INFO  State of operation 21145092 : EXECUTING
16:01:02 INFO  State of operation 21145092 : EXECUTING
16:01:04 INFO  State of operation 21145092 : EXECUTING
16:01:07 INFO  State of operation 21145092 : EXECUTING
16:01:09 INFO  State of operation 21145092 : EXECUTING
16:01:11 INFO  State of operation 21145092 : EXECUTING
16:01:13 INFO  State of operation 21145092 : EXECUTING
16:01:16 INFO  State of operation 21145092 : EXECUTING
16:01:18 INFO  State of operation 21145092 : EXECUTING
16:01:20 INFO  State of operation 21145092 : EXECUTING
16:01:23 INFO  State of operation 21145092 : EXECUTING
16:01:25 INFO  State of operation 21145092 : EXECUTING
16:01:27 INFO  State of operation 21145092 : EXECUTING
16:01:29 INFO  State of operation 21145092 : EXECUTING
16:01:32 INFO  State of operation 21145092 : EXECUTING
16:01:34 INFO  State of operation 21145092 : EXECUTING
16:01:37 INFO  State of operation 21145092 : EXECUTING
16:01:39 INFO  State of operation 21145092 : EXECUTING
16:01:41 INFO  State of operation 21145092 : EXECUTING
16:01:44 INFO  State of operation 21145092 : EXECUTING
16:01:46 INFO  State of operation 21145092 : EXECUTING
16:01:48 INFO  State of operation 21145092 : EXECUTING
16:01:51 INFO  State of operation 21145092 : EXECUTING
16:01:53 INFO  State of operation 21145092 : EXECUTING
16:01:55 INFO  State of operation 21145092 : EXECUTING
16:01:58 INFO  State of operation 21145092 : EXECUTING
16:02:00 INFO  State of operation 21145092 : EXECUTING
16:02:03 INFO  State of operation 21145092 : EXECUTING
16:02:05 INFO  State of operation 21145092 : EXECUTING
16:02:07 INFO  State of operation 21145092 : EXECUTING
16:02:10 INFO  State of operation 21145092 : EXECUTING
16:02:12 INFO  State of operation 21145092 : EXECUTING
16:02:14 INFO  State of operation 21145092 : EXECUTING
16:02:17 INFO  State of operation 21145092 : EXECUTING
16:02:19 INFO  State of operation 21145092 : EXECUTING
16:02:22 INFO  State of operation 21145092 : EXECUTING
16:02:24 INFO  State of operation 21145092 : EXECUTING
16:02:26 INFO  State of operation 21145092 : EXECUTING
16:02:28 INFO  State of operation 21145092 : EXECUTING
16:02:31 INFO  State of operation 21145092 : EXECUTING
16:02:33 WARN  SystemError occurred while running test - Timeout while waiting for status SUCCESSFUL or False
Traceback (most recent call last):
  File "/home/pi/env-pysys/lib/python3.7/site-packages/pysys/baserunner.py", line 1294, in __call__
    self.testObj.execute()
  File "/home/pi/actions-runner/_work/thin-edge.io/thin-edge.io/tests/PySys/software_management_end_to_end/sm_apt_install_remove_multiple_mixed/run.py", line 89, in execute
    self.wait_until_succcess()
  File "/home/pi/actions-runner/_work/thin-edge.io/thin-edge.io/tests/PySys/software_management_end_to_end/environment_sm_management.py", line 324, in wait_until_succcess
    self.wait_until_status("SUCCESSFUL")
  File "/home/pi/actions-runner/_work/thin-edge.io/thin-edge.io/tests/PySys/software_management_end_to_end/environment_sm_management.py", line 381, in wait_until_status
    "Timeout while waiting for status %s or %s" % (status, status2)
SystemError: Timeout while waiting for status SUCCESSFUL or False
16:02:33 WARN  SystemError: Timeout while waiting for status SUCCESSFUL or False ... blocked 
16:02:33 INFO  
16:02:33 INFO  cleanup:
16:02:37 INFO  Executed sudo&lt;tedge_disconnect_c8y&gt;, exit status 0
16:02:38 INFO  Executed systemctl&lt;serv_mapper5&gt;, exit status 3
16:02:38 INFO  
16:02:38 INFO  Test duration: 178.14 secs
16:02:38 INFO  Test final outcome:  BLOCKED
16:02:38 INFO  Test outcome reason: SystemError: Timeout while waiting for status SUCCESSFUL or False (+1 other failures)
16:02:38 INFO  
</system-out>
	</testcase>
</testsuite><testsuite name="SoftwareManagement.sm_apt_install_remove_with_version" tests="3" errors="0" failures="0" skipped="1" time="0"><testcase classname="PySysTest" name="SoftwareManagement.sm_apt_install_remove_with_version">
		<skipped message="SKIPPED: Testing the apt plugin is not supported on this platform.Use parameter -XmyPlatform='container' to enable it" />
		<system-out>14:59:35 INFO  ==============================================================
14:59:35 INFO  Id:    SoftwareManagement.sm_apt_install_remove_with_version
14:59:35 INFO  Dir:   software_management_end_to_end/
14:59:35 INFO  Title: Validate end to end behaviour for the apt plugin for packages with version
14:59:35 INFO  ==============================================================
14:59:35 INFO  Testing the apt plugin is not supported on this platform.Use parameter -XmyPlatform='container' to enable it ... skipped
14:59:35 WARN  Aborted test due to SKIPPED outcome
14:59:35 INFO  
14:59:35 INFO  Test duration: 0.02 secs
14:59:35 INFO  Test final outcome:  SKIPPED
14:59:35 INFO  Test outcome reason: Testing the apt plugin is not supported on this platform.Use parameter -XmyPlatform='container' to enable it
14:59:35 INFO  
</system-out>
	</testcase>
<testcase classname="PySysTest" name="SoftwareManagement.sm_apt_install_remove_with_version" />
<testcase classname="PySysTest" name="SoftwareManagement.sm_apt_install_remove_with_version" />
</testsuite><testsuite name="SoftwareManagement.sm_docker_install_remove_multiple" tests="3" errors="0" failures="0" skipped="1" time="0"><testcase classname="SMDockerInstallRemove" name="SoftwareManagement.sm_docker_install_remove_multiple">
		<skipped message="SKIPPED: Testing the apt plugin is not supported on this platform.Use parameter -XmyPlatform='container' to enable it" />
		<system-out>14:59:35 INFO  ==============================================================
14:59:35 INFO  Id:    SoftwareManagement.sm_docker_install_remove_multiple
14:59:35 INFO  Dir:   software_management_end_to_end/
14:59:35 INFO  Title: Validate end to end behaviour for the docker plugin for multiple docker images with mixed versions
14:59:35 INFO  ==============================================================
14:59:35 INFO  Testing the apt plugin is not supported on this platform.Use parameter -XmyPlatform='container' to enable it ... skipped
14:59:35 WARN  Aborted test due to SKIPPED outcome
14:59:35 INFO  
14:59:35 INFO  Test duration: 0.02 secs
14:59:35 INFO  Test final outcome:  SKIPPED
14:59:35 INFO  Test outcome reason: Testing the apt plugin is not supported on this platform.Use parameter -XmyPlatform='container' to enable it
14:59:35 INFO  
</system-out>
	</testcase>
<testcase classname="SMDockerInstallRemove" name="SoftwareManagement.sm_docker_install_remove_multiple" />
<testcase classname="SMDockerInstallRemove" name="SoftwareManagement.sm_docker_install_remove_multiple" />
</testsuite><testsuite name="SoftwareManagement.sm_fake_install_remove" tests="2" errors="0" failures="0" skipped="1" time="0"><testcase classname="PySysTest" name="SoftwareManagement.sm_fake_install_remove">
		<skipped message="SKIPPED: Testing the fake plugin is not enabled.Use parameter -Xfakeplugin=fakeplugin to enable it" />
		<system-out>14:59:35 INFO  ==============================================================
14:59:35 INFO  Id:    SoftwareManagement.sm_fake_install_remove
14:59:35 INFO  Dir:   software_management_end_to_end/
14:59:35 INFO  Title: Validate end to end behaviour for the dummy plugin for installation and removal of packages
14:59:35 INFO  ==============================================================
14:59:35 INFO  Testing the fake plugin is not enabled.Use parameter -Xfakeplugin=fakeplugin to enable it ... skipped
14:59:35 WARN  Aborted test due to SKIPPED outcome
14:59:35 INFO  
14:59:35 INFO  Test duration: 0.02 secs
14:59:35 INFO  Test final outcome:  SKIPPED
14:59:35 INFO  Test outcome reason: Testing the fake plugin is not enabled.Use parameter -Xfakeplugin=fakeplugin to enable it
14:59:35 INFO  
</system-out>
	</testcase>
<testcase classname="PySysTest" name="SoftwareManagement.sm_fake_install_remove" />
</testsuite><testsuite name="SoftwareManagement.sm_fake_install_remove_multiple" tests="2" errors="0" failures="0" skipped="1" time="0"><testcase classname="PySysTest" name="SoftwareManagement.sm_fake_install_remove_multiple">
		<skipped message="SKIPPED: Testing the fake plugin is not enabled.Use parameter -Xfakeplugin=fakeplugin to enable it" />
		<system-out>14:59:35 INFO  ==============================================================
14:59:35 INFO  Id:    SoftwareManagement.sm_fake_install_remove_multiple
14:59:35 INFO  Dir:   software_management_end_to_end/
14:59:35 INFO  Title: Validate end to end behaviour for the dummy-plugin for multiple packages
14:59:35 INFO  ==============================================================
14:59:35 INFO  Testing the fake plugin is not enabled.Use parameter -Xfakeplugin=fakeplugin to enable it ... skipped
14:59:35 WARN  Aborted test due to SKIPPED outcome
14:59:35 INFO  
14:59:35 INFO  Test duration: 0.02 secs
14:59:35 INFO  Test final outcome:  SKIPPED
14:59:35 INFO  Test outcome reason: Testing the fake plugin is not enabled.Use parameter -Xfakeplugin=fakeplugin to enable it
14:59:35 INFO  
</system-out>
	</testcase>
<testcase classname="PySysTest" name="SoftwareManagement.sm_fake_install_remove_multiple" />
</testsuite><testsuite name="SoftwareManagement.sm_mapper_fail_and_reconnect" tests="2" errors="0" failures="0" skipped="2" time="0"><testcase classname="MapperC8yReceiveLastMessageOnRestart" name="SoftwareManagement.sm_mapper_fail_and_reconnect">
		<skipped message="SKIPPED: instable https://github.com/thin-edge/thin-edge.io/issues/752" />
		<system-out>14:59:35 INFO  ==============================================================
14:59:35 INFO  Id:    SoftwareManagement.sm_mapper_fail_and_reconnect
14:59:35 INFO  Dir:   software_management_end_to_end/
14:59:35 INFO  Title: Validate the tedge-mapper-sm-c8y for receiving the last message on restart
14:59:35 INFO  ==============================================================
14:59:35 INFO  instable https://github.com/thin-edge/thin-edge.io/issues/752 ... skipped
14:59:35 INFO  
14:59:35 INFO  Test duration: 0.02 secs
14:59:35 INFO  Test final outcome:  SKIPPED
14:59:35 INFO  Test outcome reason: instable https://github.com/thin-edge/thin-edge.io/issues/752
14:59:35 INFO  
</system-out>
	</testcase>
<testcase classname="MapperC8yReceiveLastMessageOnRestart" name="SoftwareManagement.sm_mapper_fail_and_reconnect">
		<skipped message="SKIPPED: instable https://github.com/thin-edge/thin-edge.io/issues/752" />
		<system-out>16:09:19 INFO  ==============================================================
16:09:19 INFO  Id:    SoftwareManagement.sm_mapper_fail_and_reconnect
16:09:19 INFO  Dir:   software_management_end_to_end/
16:09:19 INFO  Title: Validate the tedge-mapper-sm-c8y for receiving the last message on restart
16:09:19 INFO  ==============================================================
16:09:19 INFO  instable https://github.com/thin-edge/thin-edge.io/issues/752 ... skipped
16:09:19 INFO  
16:09:19 INFO  Test duration: 0.03 secs
16:09:19 INFO  Test final outcome:  SKIPPED
16:09:19 INFO  Test outcome reason: instable https://github.com/thin-edge/thin-edge.io/issues/752
16:09:19 INFO  
</system-out>
	</testcase>
</testsuite><testsuite name="SoftwareManagement.sm_mixed_install_remove_multiple" tests="2" errors="0" failures="1" skipped="1" time="0"><testcase classname="PySysTest" name="SoftwareManagement.sm_mixed_install_remove_multiple">
		<skipped message="SKIPPED: Testing the fake plugin is not enabled.Use parameter -Xfakeplugin=fakeplugin to enable it" />
		<system-out>14:59:35 INFO  ==============================================================
14:59:35 INFO  Id:    SoftwareManagement.sm_mixed_install_remove_multiple
14:59:35 INFO  Dir:   software_management_end_to_end/
14:59:35 INFO  Title: Validate end to end behaviour for the dummy-plugin for multiple packages with mixed versions
14:59:35 INFO  ==============================================================
14:59:35 INFO  Testing the fake plugin is not enabled.Use parameter -Xfakeplugin=fakeplugin to enable it ... skipped
14:59:35 WARN  Aborted test due to SKIPPED outcome
14:59:35 INFO  
14:59:35 INFO  Test duration: 0.02 secs
14:59:35 INFO  Test final outcome:  SKIPPED
14:59:35 INFO  Test outcome reason: Testing the fake plugin is not enabled.Use parameter -Xfakeplugin=fakeplugin to enable it
14:59:35 INFO  
</system-out>
	</testcase>
<testcase classname="PySysTest" name="SoftwareManagement.sm_mixed_install_remove_multiple">
		<failure message="FAILED: Assert that (False == value) with value=True" type="FAILED" />
		<system-out>16:09:19 INFO  ==============================================================
16:09:19 INFO  Id:    SoftwareManagement.sm_mixed_install_remove_multiple
16:09:19 INFO  Dir:   software_management_end_to_end/
16:09:19 INFO  Title: Validate end to end behaviour for the dummy-plugin for multiple packages with mixed versions
16:09:19 INFO  ==============================================================
[...]
14:48:02 INFO  Executed sudo&lt;rm_tmp_logs&gt;, exit status 0
14:48:03 INFO  Executed sudo&lt;send_failed&gt;, exit status 0
14:48:03 INFO  Executed sudo&lt;log_file_daemon&gt;, exit status 0
14:48:07 INFO  Executed sudo&lt;tedge_disconnect_c8y&gt;, exit status 0
14:48:08 INFO  Executed systemctl&lt;serv_mapper5&gt;, exit status 3
14:48:08 INFO  
14:48:08 INFO  Test duration: 26.94 secs
14:48:08 INFO  Test final outcome:  BLOCKED
14:48:08 INFO  Test outcome reason: TypeError: 'NoneType' object is not subscriptable
14:48:08 INFO  
</system-out>
	</testcase>
</testsuite><testsuite name="log_request_num_lines" tests="1" errors="0" failures="1" skipped="0" time="0"><testcase classname="LogRequestVerifyNumberOfLines" name="log_request_num_lines">
		<failure message="BLOCKED: TypeError: 'NoneType' object is not subscriptable" type="BLOCKED" />
		<system-out>14:48:08 INFO  ==============================================================
14:48:08 INFO  Id:    log_request_num_lines
14:48:08 INFO  Dir:   log_request_end_to_end/
14:48:08 INFO  Title: Validate end to end behaviour for the log request operation check for number of lines
14:48:08 INFO  ==============================================================
14:48:08 INFO  EnvironmentC8y Setup
14:48:08 INFO  Executed systemctl&lt;serv_mapper1&gt;, exit status 3
14:48:08 INFO  Restarting mosquitto too frequently in the last 10 seconds. It was only up for 4 seconds
14:48:08 INFO  Delaying execution by 7 seconds
14:48:29 INFO  Executed sudo&lt;tedge_connect_c8y&gt;, exit status 0, duration 13 secs
14:48:30 INFO  Executed sudo&lt;tedge_connect_c8y_test&gt;, exit status 0
14:48:31 INFO  Executed systemctl&lt;serv_mosq2&gt;, exit status 0
14:48:31 INFO  Executed systemctl&lt;serv_mapper3&gt;, exit status 0
14:48:32 INFO  Executed sudo&lt;rm_logs&gt;, exit status 0
14:48:32 INFO  Executed sudo&lt;move_logs&gt;, exit status 0
14:48:33 INFO  Executed sudo&lt;log_file_daemon&gt;, exit status 0
14:48:33 WARN  TypeError occurred while running test - 'NoneType' object is not subscriptable
Traceback (most recent call last):
  File "/home/pi/env-pysys/lib/python3.7/site-packages/pysys/baserunner.py", line 1294, in __call__
    self.testObj.execute()
  File "/home/pi/actions-runner/_work/thin-edge.io/thin-edge.io/tests/PySys/log_request_end_to_end/log_request_num_lines/run.py", line 46, in execute
    log_file_request_payload, self.project.deviceid
  File "/home/pi/actions-runner/_work/thin-edge.io/thin-edge.io/tests/PySys/environments/cumulocity.py", line 101, in trigger_log_request
    "deviceId": self.device_fragment["id"],
TypeError: 'NoneType' object is not subscriptable
14:48:33 WARN  TypeError: 'NoneType' object is not subscriptable ... blocked 
14:48:33 INFO  
14:48:33 INFO  cleanup:
14:48:34 INFO  Executed sudo&lt;rm_logs&gt;, exit status 0
14:48:35 INFO  Executed sudo&lt;rm_tmp_logs&gt;, exit status 0
14:48:35 INFO  Executed sudo&lt;send_failed&gt;, exit status 0
14:48:36 INFO  Executed sudo&lt;log_file_daemon&gt;, exit status 0
14:48:39 INFO  Executed sudo&lt;tedge_disconnect_c8y&gt;, exit status 0
14:48:40 INFO  Executed systemctl&lt;serv_mapper5&gt;, exit status 3
14:48:40 INFO  
14:48:40 INFO  Test duration: 32.27 secs
14:48:40 INFO  Test final outcome:  BLOCKED
14:48:40 INFO  Test outcome reason: TypeError: 'NoneType' object is not subscriptable
14:48:40 INFO  
</system-out>
	</testcase>
</testsuite><testsuite name="mapper_awaits_before_reconnect" tests="1" errors="0" failures="1" skipped="0" time="0"><testcase classname="MapperReconnectAwait" name="mapper_awaits_before_reconnect">
		<failure message="FAILED: Line count on tedge_mapper_journal.out for &quot;tedge_mapper::core::mapper: MQTT connection error:&quot; expected &gt;=2 but got 0" type="FAILED" />
		<system-out>15:02:38 INFO  ==============================================================
15:02:38 INFO  Id:    mapper_awaits_before_reconnect
15:02:38 INFO  Dir:   tedge_mapper_c8y/
15:02:38 INFO  Title: Validate mapper doesn't reconnect too often
15:02:38 INFO  ==============================================================
15:02:38 INFO  Started mosquitto_sub with process id 20746
15:02:38 INFO  Waiting for 0.1 seconds
15:02:39 INFO  Executed sudo&lt;tedge_mapper&gt;, exit status 0
15:02:39 INFO  Waiting for 5.0 seconds
15:02:44 INFO  Executed sudo&lt;tedge_mapper&gt;, exit status 0
15:02:47 INFO  Executed sudo&lt;tedge_mapper_journal&gt;, exit status 0
15:02:47 WARN  Grep on tedge_mapper_journal.out contains "ERROR" ... failed [run.py:67]
15:02:47 INFO  Line count on file tedge_mapper_journal.out ... passed
15:02:47 WARN  Line count on tedge_mapper_journal.out for "tedge_mapper::core::mapper: MQTT connection error:" expected &gt;=2 but got 0 ... failed [run.py:78]
15:02:47 WARN  Aborted test due to FAILED outcome
15:02:47 INFO  
15:02:47 INFO  Test duration: 8.86 secs
15:02:47 INFO  Test final outcome:  FAILED
15:02:47 INFO  Test outcome reason: Line count on tedge_mapper_journal.out for "tedge_mapper::core::mapper: MQTT connection error:" expected &gt;=2 but got 0
15:02:47 INFO  
</system-out>
	</testcase>
</testsuite><testsuite name="monitoring_smaller_interval" tests="1" errors="0" failures="1" skipped="0" time="0"><testcase classname="MonitoringSmallInterval" name="monitoring_smaller_interval">
		<failure message="BLOCKED: TypeError: 'int' object is not subscriptable" type="BLOCKED" />
		<system-out>14:49:41 INFO  ==============================================================
14:49:41 INFO  Id:    monitoring_smaller_interval
14:49:41 INFO  Dir:   monitoring/
14:49:41 INFO  Title: Validate the tedge dm agent messages that are produced with smaller sampling interval than the batching window. Here the simulated collectd messages are used
14:49:41 INFO  ==============================================================
14:49:42 INFO  Executed sudo&lt;collectd&gt;, exit status 0
14:49:43 INFO  Executed sudo&lt;collectd_mapper&gt;, exit status 0
14:49:43 INFO  Started sudo&lt;tedge_sub&gt; with process id 16910
14:49:43 INFO  Executed sudo&lt;tedge_temp&gt;, exit status 0
14:49:44 INFO  Executed sudo&lt;tedge_pres&gt;, exit status 0
14:49:44 INFO  Executed sudo&lt;tedge_temp&gt;, exit status 0
14:49:45 INFO  Executed sudo&lt;tedge_pres&gt;, exit status 0
14:49:46 INFO  Executed sudo&lt;tedge_temp&gt;, exit status 0
14:49:46 INFO  Executed sudo&lt;tedge_pres&gt;, exit status 0
14:49:47 INFO  Executed sudo&lt;tedge_temp&gt;, exit status 0
14:49:47 INFO  Executed sudo&lt;tedge_pres&gt;, exit status 0
14:49:48 INFO  Executed sudo&lt;tedge_temp&gt;, exit status 0
14:49:48 INFO  Executed sudo&lt;tedge_pres&gt;, exit status 0
14:49:49 INFO  Executed sudo&lt;tedge_temp&gt;, exit status 0
14:49:49 INFO  Executed sudo&lt;tedge_pres&gt;, exit status 0
14:49:50 INFO  Executed sudo&lt;tedge_temp&gt;, exit status 0
14:49:51 INFO  Executed sudo&lt;tedge_pres&gt;, exit status 0
14:49:51 INFO  Executed sudo&lt;tedge_temp&gt;, exit status 0
14:49:52 INFO  Executed sudo&lt;tedge_pres&gt;, exit status 0
14:49:52 INFO  Executed sudo&lt;tedge_temp&gt;, exit status 0
14:49:53 INFO  Executed sudo&lt;tedge_pres&gt;, exit status 0
14:49:53 INFO  Executed sudo&lt;tedge_temp&gt;, exit status 0
14:49:54 INFO  Executed sudo&lt;tedge_pres&gt;, exit status 0
14:49:56 INFO  Executed sudo&lt;kill_out&gt;, exit status 0
14:49:56 INFO  0

14:49:56 WARN  TypeError occurred while running test - 'int' object is not subscriptable
Traceback (most recent call last):
  File "/home/pi/env-pysys/lib/python3.7/site-packages/pysys/baserunner.py", line 1296, in __call__
    self.testObj.validate()
  File "/home/pi/actions-runner/_work/thin-edge.io/thin-edge.io/tests/PySys/monitoring/monitoring_smaller_interval/run.py", line 104, in validate
    collectd_msg_validation_result=self.validate_json(),
  File "/home/pi/actions-runner/_work/thin-edge.io/thin-edge.io/tests/PySys/monitoring/monitoring_smaller_interval/run.py", line 114, in validate_json
    if not self.validate_time():
  File "/home/pi/actions-runner/_work/thin-edge.io/thin-edge.io/tests/PySys/monitoring/monitoring_smaller_interval/run.py", line 134, in validate_time
    if self.js_msg["time"]:
TypeError: 'int' object is not subscriptable
14:49:56 WARN  TypeError: 'int' object is not subscriptable ... blocked 
14:49:56 INFO  
14:49:56 INFO  cleanup:
14:49:56 INFO  monitoring_cleanup
14:49:56 INFO  Executed sudo&lt;collectd_mapper&gt;, exit status 0
14:49:56 INFO  
14:49:56 INFO  Test duration: 14.81 secs
14:49:56 INFO  Test final outcome:  BLOCKED
14:49:56 INFO  Test outcome reason: TypeError: 'int' object is not subscriptable
14:49:56 INFO  
</system-out>
	</testcase>
</testsuite><testsuite name="monitoring_with_collectd" tests="1" errors="0" failures="0" skipped="1" time="0"><testcase classname="MonitoringWithCollectd" name="monitoring_with_collectd">
		<skipped message="SKIPPED: Test execution disabled due to #792 (instable)" />
		<system-out>14:49:56 INFO  ==============================================================
14:49:56 INFO  Id:    monitoring_with_collectd
14:49:56 INFO  Dir:   monitoring/
14:49:56 INFO  Title: Validate tedge dm agent messages that are produced by batching the collectd messages
14:49:56 INFO  ==============================================================
14:49:56 INFO  Test execution disabled due to #792 (instable) ... skipped
14:49:56 INFO  
14:49:56 INFO  Test duration: 0.02 secs
14:49:56 INFO  Test final outcome:  SKIPPED
14:49:56 INFO  Test outcome reason: Test execution disabled due to #792 (instable)
14:49:56 INFO  
</system-out>
	</testcase>
</testsuite><testsuite name="monitoring_with_simulated_messages" tests="1" errors="0" failures="1" skipped="0" time="0"><testcase classname="MonitoringWithSimulatedMessages" name="monitoring_with_simulated_messages">
		<failure message="BLOCKED: TypeError: 'int' object is not subscriptable" type="BLOCKED" />
		<system-out>14:49:56 INFO  ==============================================================
14:49:56 INFO  Id:    monitoring_with_simulated_messages
14:49:56 INFO  Dir:   monitoring/
14:49:56 INFO  Title: Validate the tedge dm agent messages that are produced from the simulated collectd messages
14:49:56 INFO  ==============================================================
14:49:57 INFO  Executed sudo&lt;collectd&gt;, exit status 0
14:49:57 INFO  Executed sudo&lt;collectd_mapper&gt;, exit status 0
14:49:57 INFO  Started sudo&lt;tedge_sub&gt; with process id 16965
14:49:58 INFO  Executed sudo&lt;tedge_temp&gt;, exit status 0
14:49:59 INFO  Executed sudo&lt;tedge_pres&gt;, exit status 0
14:50:00 INFO  Executed sudo&lt;kill_out&gt;, exit status 0
14:50:00 INFO  0

14:50:00 WARN  TypeError occurred while running test - 'int' object is not subscriptable
Traceback (most recent call last):
  File "/home/pi/env-pysys/lib/python3.7/site-packages/pysys/baserunner.py", line 1296, in __call__
    self.testObj.validate()
  File "/home/pi/actions-runner/_work/thin-edge.io/thin-edge.io/tests/PySys/monitoring/monitoring_with_simulated_messages/run.py", line 98, in validate
    collectd_msg_validation_result=self.validate_json(),
  File "/home/pi/actions-runner/_work/thin-edge.io/thin-edge.io/tests/PySys/monitoring/monitoring_with_simulated_messages/run.py", line 108, in validate_json
    if not self.validate_time():
  File "/home/pi/actions-runner/_work/thin-edge.io/thin-edge.io/tests/PySys/monitoring/monitoring_with_simulated_messages/run.py", line 127, in validate_time
    if self.js_msg["time"]:
TypeError: 'int' object is not subscriptable
14:50:00 WARN  TypeError: 'int' object is not subscriptable ... blocked 
14:50:00 INFO  
14:50:00 INFO  cleanup:
14:50:00 INFO  monitoring_cleanup
14:50:01 INFO  Executed sudo&lt;collectd_mapper&gt;, exit status 0
14:50:01 INFO  
14:50:01 INFO  Test duration: 4.44 secs
14:50:01 INFO  Test final outcome:  BLOCKED
14:50:01 INFO  Test outcome reason: TypeError: 'int' object is not subscriptable
14:50:01 INFO  
</system-out>
	</testcase>
</testsuite><testsuite name="mqtt_port_change_connection_fails" tests="1" errors="0" failures="0" skipped="0" time="0"><testcase classname="MqttPortChangeConnectionFails" name="mqtt_port_change_connection_fails" />
</testsuite><testsuite name="mqtt_port_change_connection_works" tests="1" errors="0" failures="0" skipped="1" time="0"><testcase classname="MqttPortChangeConnectionWorks" name="mqtt_port_change_connection_works">
		<skipped message="SKIPPED: failing intermitently" />
		<system-out>14:49:15 INFO  ==============================================================
14:49:15 INFO  Id:    mqtt_port_change_connection_works
14:49:15 INFO  Dir:   misc_features/
14:49:15 INFO  Title: mqtt port change connection works for all the thin-edge services that use the mosquitto broker
14:49:15 INFO  ==============================================================
14:49:15 INFO  failing intermitently ... skipped
14:49:15 INFO  
14:49:15 INFO  Test duration: 0.02 secs
14:49:15 INFO  Test final outcome:  SKIPPED
14:49:15 INFO  Test outcome reason: failing intermitently
14:49:15 INFO  
</system-out>
	</testcase>
</testsuite><testsuite name="publish_flux" tests="1" errors="0" failures="0" skipped="0" time="0"><testcase classname="PublishFlux" name="publish_flux" />
</testsuite><testsuite name="publish_sawmill" tests="1" errors="0" failures="0" skipped="0" time="0"><testcase classname="PublishSawmill" name="publish_sawmill" />
</testsuite><testsuite name="runtime_start_two_mappers" tests="1" errors="0" failures="0" skipped="0" time="0"><testcase classname="RuntimeMultiMappers" name="runtime_start_two_mappers" />
</testsuite><testsuite name="sm_tedge_mapper_init_session" tests="1" errors="0" failures="0" skipped="0" time="0"><testcase classname="TedgeSMMapperInitSession" name="sm_tedge_mapper_init_session" />
</testsuite><testsuite name="smoketest_json" tests="1" errors="0" failures="0" skipped="0" time="0"><testcase classname="SmokeTestJson" name="smoketest_json" />
</testsuite><testsuite name="smoketest_json_400_samples_10ms" tests="1" errors="0" failures="0" skipped="0" time="0"><testcase classname="SmoketestJson400Samples10ms" name="smoketest_json_400_samples_10ms" />
</testsuite><testsuite name="smoketest_json_400_samples_20ms" tests="1" errors="0" failures="0" skipped="0" time="0"><testcase classname="SmoketestJson400Samples20ms" name="smoketest_json_400_samples_20ms" />
</testsuite><testsuite name="smoketest_smartrest" tests="1" errors="0" failures="0" skipped="0" time="0"><testcase classname="SmoketestSmartRest" name="smoketest_smartrest" />
</testsuite><testsuite name="smoketest_smartrest_400_samples_1Xms" tests="1" errors="0" failures="0" skipped="0" time="0"><testcase classname="SmoketestSmartRest400Samples1Xms" name="smoketest_smartrest_400_samples_1Xms" />
</testsuite><testsuite name="smoketest_smartrest_400_samples_20ms" tests="1" errors="0" failures="0" skipped="0" time="0"><testcase classname="SmoketestSmartRest400Samples20ms" name="smoketest_smartrest_400_samples_20ms" />
</testsuite><testsuite name="tedge_agent_user_sudo_access" tests="1" errors="0" failures="0" skipped="1" time="0"><testcase classname="TedgeAgentUserSudoAccess" name="tedge_agent_user_sudo_access">
		<skipped message="SKIPPED: #955 Observation: Exit code of the apt plugin when called with no arguments" />
		<system-out>15:00:01 INFO  ==============================================================
15:00:01 INFO  Id:    tedge_agent_user_sudo_access
15:00:01 INFO  Dir:   tedge/
15:00:01 INFO  Title: Validate tedge-agent user has a limited sudo right
15:00:01 INFO  ==============================================================
15:00:01 INFO  #955 Observation: Exit code of the apt plugin when called with no arguments ... skipped
15:00:01 INFO  
15:00:01 INFO  Test duration: 0.02 secs
15:00:01 INFO  Test final outcome:  SKIPPED
15:00:01 INFO  Test outcome reason: #955 Observation: Exit code of the apt plugin when called with no arguments
15:00:01 INFO  
</system-out>
	</testcase>
</testsuite><testsuite name="tedge_connect_test_negative" tests="1" errors="0" failures="0" skipped="0" time="0"><testcase classname="TedgeConnectTestNegative" name="tedge_connect_test_negative" />
</testsuite><testsuite name="tedge_connect_test_positive" tests="1" errors="0" failures="0" skipped="0" time="0"><testcase classname="TedgeConnectTestPositive" name="tedge_connect_test_positive" />
</testsuite><testsuite name="tedge_connect_test_sm_services" tests="1" errors="0" failures="0" skipped="0" time="0"><testcase classname="TedgeConnectTestSMServices" name="tedge_connect_test_sm_services" />
</testsuite><testsuite name="tedge_disconnect_test_sm_services" tests="1" errors="0" failures="0" skipped="0" time="0"><testcase classname="TedgeDisConnectTestSMServices" name="tedge_disconnect_test_sm_services" />
</testsuite><testsuite name="tedge_mapper_az_negative" tests="1" errors="0" failures="0" skipped="0" time="0"><testcase classname="TedgeMapperAzError" name="tedge_mapper_az_negative" />
</testsuite><testsuite name="tedge_mapper_az_with_timestamp" tests="1" errors="0" failures="0" skipped="0" time="0"><testcase classname="TedgeMapperAzWithTimestamp" name="tedge_mapper_az_with_timestamp" />
</testsuite><testsuite name="tedge_mapper_az_without_timestamp" tests="1" errors="0" failures="0" skipped="0" time="0"><testcase classname="TedgeMapperAzWithoutTimestamp" name="tedge_mapper_az_without_timestamp" />
</testsuite><testsuite name="tedge_mapper_c8y_alarms" tests="1" errors="0" failures="0" skipped="0" time="0"><testcase classname="TedgeMapperC8yAlarm" name="tedge_mapper_c8y_alarms" />
</testsuite><testsuite name="tedge_mapper_c8y_child_device_measurement" tests="1" errors="0" failures="0" skipped="0" time="0"><testcase classname="TedgeMapperC8yChildDevice" name="tedge_mapper_c8y_child_device_measurement" />
</testsuite><testsuite name="tedge_mapper_c8y_packet_threshold_size" tests="1" errors="0" failures="1" skipped="0" time="0"><testcase classname="TedgeMapperC8yThresholdPacketSize" name="tedge_mapper_c8y_packet_threshold_size">
		<failure message="FAILED: Grep on tedge_sub.out contains &quot;The size of the message received on tedge/measurements is 20489 which is greater than the threshold size of 16184.&quot;" type="FAILED" />
		<system-out>15:04:24 INFO  ==============================================================
15:04:24 INFO  Id:    tedge_mapper_c8y_packet_threshold_size
15:04:24 INFO  Dir:   tedge_mapper_c8y/
15:04:24 INFO  Title: Validate the Cumulocity Mapper accepted threshold packet size when it receives a message on tedge/measurements
15:04:24 INFO  ==============================================================
15:04:24 INFO  Executed sudo&lt;tedge_mapper_c8y&gt;, exit status 0
15:04:24 INFO  Started sudo&lt;tedge_sub&gt; with process id 21343
15:04:25 INFO  Executed sudo&lt;tedge_msg&gt;, exit status 0
15:04:26 INFO  Executed sudo&lt;tedge_pub&gt;, exit status 0
15:04:26 INFO  Executed sudo&lt;kill_out&gt;, exit status 0
15:04:26 WARN  Grep on tedge_sub.out contains "The size of the message received on tedge/measurements is 20489 which is greater than the threshold size of 16184." ... failed [run.py:88]
15:04:26 INFO  
15:04:26 INFO  cleanup:
15:04:26 INFO  mapper_cleanup
15:04:27 INFO  Executed sudo&lt;tedge_mapper_c8y&gt;, exit status 0
15:04:27 INFO  
15:04:27 INFO  Test duration: 3.00 secs
15:04:27 INFO  Test final outcome:  FAILED
15:04:27 INFO  Test outcome reason: Grep on tedge_sub.out contains "The size of the message received on tedge/measurements is 20489 which is greater than the threshold size of 16184."
15:04:27 INFO  
</system-out>
	</testcase>
</testsuite><testsuite name="tedge_software_update" tests="1" errors="0" failures="0" skipped="0" time="0"><testcase classname="PySysTest" name="tedge_software_update" />
</testsuite><testsuite name="valid_device_id" tests="1" errors="0" failures="0" skipped="0" time="0"><testcase classname="ValidateValidDeviceId" name="valid_device_id" />
</testsuite></testsuites>