<?xml version='1.0' encoding='utf-8'?>
<testsuites tests="147" failures="24" errors="0" skipped="45" time="0.0"><testsuite name="SoftwareManagement.Plugin.apama_plugin_install" tests="3" errors="0" failures="0" skipped="1" time="0"><testcase classname="ApamaPluginInstallTest" name="SoftwareManagement.Plugin.apama_plugin_install">
		<skipped message="SKIPPED: Apama plugin tests are disabled by default. Execute `pysys run` with `-XmyPlatform=container` to run these tests" />
		<system-out>12:22:50 INFO  ==============================================================
12:22:50 INFO  Id:    SoftwareManagement.Plugin.apama_plugin_install
12:22:50 INFO  Dir:   plugin_apama/
12:22:50 INFO  Title: Validate apama plugin install
12:22:50 INFO  ==============================================================
12:22:50 INFO  Apama plugin tests are disabled by default. Execute `pysys run` with `-XmyPlatform=container` to run these tests ... skipped
12:22:50 WARN  Aborted test due to SKIPPED outcome
12:22:50 INFO  
12:22:50 INFO  Test duration: 0.05 secs
12:22:50 INFO  Test final outcome:  SKIPPED
12:22:50 INFO  Test outcome reason: Apama plugin tests are disabled by default. Execute `pysys run` with `-XmyPlatform=container` to run these tests
12:22:50 INFO  
</system-out>
	</testcase>
<testcase classname="ApamaPluginInstallTest" name="SoftwareManagement.Plugin.apama_plugin_install" />
<testcase classname="ApamaPluginInstallTest" name="SoftwareManagement.Plugin.apama_plugin_install" />
</testsuite><testsuite name="SoftwareManagement.Plugin.apama_plugin_mon_support" tests="3" errors="0" failures="0" skipped="1" time="0"><testcase classname="ApamaPluginMonSupportTest" name="SoftwareManagement.Plugin.apama_plugin_mon_support">
		<skipped message="SKIPPED: Apama plugin tests are disabled by default. Execute `pysys run` with `-XmyPlatform=container` to run these tests" />
		<system-out>12:22:50 INFO  ==============================================================
12:22:50 INFO  Id:    SoftwareManagement.Plugin.apama_plugin_mon_support
12:22:50 INFO  Dir:   plugin_apama/
12:22:50 INFO  Title: Validate mon file support of apama plugin
12:22:50 INFO  ==============================================================
12:22:50 INFO  Apama plugin tests are disabled by default. Execute `pysys run` with `-XmyPlatform=container` to run these tests ... skipped
12:22:50 WARN  Aborted test due to SKIPPED outcome
12:22:50 INFO  
12:22:50 INFO  Test duration: 0.02 secs
12:22:50 INFO  Test final outcome:  SKIPPED
12:22:50 INFO  Test outcome reason: Apama plugin tests are disabled by default. Execute `pysys run` with `-XmyPlatform=container` to run these tests
12:22:50 INFO  
</system-out>
	</testcase>
<testcase classname="ApamaPluginMonSupportTest" name="SoftwareManagement.Plugin.apama_plugin_mon_support" />
<testcase classname="ApamaPluginMonSupportTest" name="SoftwareManagement.Plugin.apama_plugin_mon_support" />
</testsuite><testsuite name="SoftwareManagement.Plugin.apama_plugin_remove" tests="3" errors="0" failures="0" skipped="1" time="0"><testcase classname="ApamaPluginRemoveTest" name="SoftwareManagement.Plugin.apama_plugin_remove">
		<skipped message="SKIPPED: Apama plugin tests are disabled by default. Execute `pysys run` with `-XmyPlatform=container` to run these tests" />
		<system-out>12:22:51 INFO  ==============================================================
12:22:51 INFO  Id:    SoftwareManagement.Plugin.apama_plugin_remove
12:22:51 INFO  Dir:   plugin_apama/
12:22:51 INFO  Title: Validate apama plugin remove
12:22:51 INFO  ==============================================================
12:22:51 INFO  Apama plugin tests are disabled by default. Execute `pysys run` with `-XmyPlatform=container` to run these tests ... skipped
12:22:51 WARN  Aborted test due to SKIPPED outcome
12:22:51 INFO  
12:22:51 INFO  Test duration: 0.02 secs
12:22:51 INFO  Test final outcome:  SKIPPED
12:22:51 INFO  Test outcome reason: Apama plugin tests are disabled by default. Execute `pysys run` with `-XmyPlatform=container` to run these tests
12:22:51 INFO  
</system-out>
	</testcase>
<testcase classname="ApamaPluginRemoveTest" name="SoftwareManagement.Plugin.apama_plugin_remove" />
<testcase classname="ApamaPluginRemoveTest" name="SoftwareManagement.Plugin.apama_plugin_remove" />
</testsuite><testsuite name="SoftwareManagement.Plugin.apama_plugin_update" tests="3" errors="0" failures="2" skipped="1" time="0"><testcase classname="ApamaPluginUpdateTest" name="SoftwareManagement.Plugin.apama_plugin_update">
		<skipped message="SKIPPED: Apama plugin tests are disabled by default. Execute `pysys run` with `-XmyPlatform=container` to run these tests" />
		<system-out>12:22:51 INFO  ==============================================================
12:22:51 INFO  Id:    SoftwareManagement.Plugin.apama_plugin_update
12:22:51 INFO  Dir:   plugin_apama/
12:22:51 INFO  Title: Validate apama plugin updating one project with another
12:22:51 INFO  ==============================================================
12:22:51 INFO  Apama plugin tests are disabled by default. Execute `pysys run` with `-XmyPlatform=container` to run these tests ... skipped
12:22:51 WARN  Aborted test due to SKIPPED outcome
12:22:51 INFO  
12:22:51 INFO  Test duration: 0.02 secs
12:22:51 INFO  Test final outcome:  SKIPPED
12:22:51 INFO  Test outcome reason: Apama plugin tests are disabled by default. Execute `pysys run` with `-XmyPlatform=container` to run these tests
12:22:51 INFO  
</system-out>
	</testcase>
<testcase classname="ApamaPluginUpdateTest" name="SoftwareManagement.Plugin.apama_plugin_update">
		<failure message="BLOCKED: sudo&lt;plugin_install&gt; returned non-zero exit code 2" type="BLOCKED" />
		<system-out>13:12:53 INFO  ==============================================================
13:12:53 INFO  Id:    SoftwareManagement.Plugin.apama_plugin_update
13:12:53 INFO  Dir:   plugin_apama/
13:12:53 INFO  Title: Validate apama plugin updating one project with another
13:12:53 INFO  ==============================================================
13:12:53 INFO  Assertion that path exists=False for "/etc/tedge/apama/project" ... passed
13:12:53 INFO  Executed sudo&lt;create_project_dir&gt;, exit status 0
13:12:54 INFO  Executed sudo&lt;unzip_apama_project&gt;, exit status 0
13:12:54 INFO  Executed sudo&lt;move_apama_project&gt;, exit status 0
13:12:55 INFO  Executed sudo&lt;restart_apama_service&gt;, exit status 0
13:12:56 INFO  Executed sudo&lt;apama_correlator_wait&gt;, exit status 0
13:12:56 INFO  Assertion that path exists=True for "/etc/tedge/apama/project" ... passed
13:12:57 INFO  Executed sudo&lt;apama_list_monitors&gt;, exit status 0
13:12:57 INFO  Grep on file /home/pi/actions-runner/_work/thin-edge.io/thin-edge.io/tests/PySys/plugin_apama/apama_plugin_update/Output/linux/apama_list_monitors.out ... passed
13:12:57 WARN  Executed sudo&lt;plugin_install&gt;, exit status 2
13:12:57 INFO  Contents of plugin_install.err: 
  ERROR: Directory not empty (os error 39)
  -----

13:12:58 WARN  sudo&lt;plugin_install&gt; returned non-zero exit code 2 ... blocked [run.py:35]
13:12:58 WARN  Aborted test due to BLOCKED outcome
13:12:58 INFO  
13:12:58 INFO  cleanup:
13:12:58 INFO  Removing apama project
13:13:13 INFO  Executed sudo&lt;stop_apama_service&gt;, exit status 0, duration 15 secs
13:13:13 INFO  Executed sudo&lt;remove_apama_project&gt;, exit status 0
13:13:14 INFO  Executed sudo&lt;remove_apama_tmp_dir&gt;, exit status 0
13:13:14 INFO  
13:13:14 INFO  Test duration: 21.27 secs
13:13:14 INFO  Test final outcome:  BLOCKED
13:13:14 INFO  Test outcome reason: sudo&lt;plugin_install&gt; returned non-zero exit code 2
13:13:14 INFO  
</system-out>
	</testcase>
<testcase classname="ApamaPluginUpdateTest" name="SoftwareManagement.Plugin.apama_plugin_update">
		<failure message="BLOCKED: sudo&lt;plugin_install&gt; returned non-zero exit code 2" type="BLOCKED" />
		<system-out>13:16:10 INFO  ==============================================================
13:16:10 INFO  Id:    SoftwareManagement.Plugin.apama_plugin_update
13:16:10 INFO  Dir:   plugin_apama/
13:16:10 INFO  Title: Validate apama plugin updating one project with another
13:16:10 INFO  ==============================================================
13:16:10 INFO  Assertion that path exists=False for "/etc/tedge/apama/project" ... passed
13:16:11 INFO  Executed sudo&lt;create_project_dir&gt;, exit status 0
13:16:11 INFO  Executed sudo&lt;unzip_apama_project&gt;, exit status 0
13:16:12 INFO  Executed sudo&lt;move_apama_project&gt;, exit status 0
13:16:13 INFO  Executed sudo&lt;restart_apama_service&gt;, exit status 0
13:16:14 INFO  Executed sudo&lt;apama_correlator_wait&gt;, exit status 0
13:16:14 INFO  Assertion that path exists=True for "/etc/tedge/apama/project" ... passed
13:16:14 INFO  Executed sudo&lt;apama_list_monitors&gt;, exit status 0
13:16:14 INFO  Grep on file /home/pi/actions-runner/_work/thin-edge.io/thin-edge.io/tests/PySys/plugin_apama/apama_plugin_update/Output/linux/apama_list_monitors.out ... passed
13:16:15 WARN  Executed sudo&lt;plugin_install&gt;, exit status 2
13:16:15 INFO  Contents of plugin_install.err: 
  ERROR: Directory not empty (os error 39)
  -----

13:16:15 WARN  sudo&lt;plugin_install&gt; returned non-zero exit code 2 ... blocked [run.py:35]
13:16:15 WARN  Aborted test due to BLOCKED outcome
13:16:15 INFO  
13:16:15 INFO  cleanup:
13:16:15 INFO  Removing apama project
13:16:30 INFO  Executed sudo&lt;stop_apama_service&gt;, exit status 0, duration 15 secs
13:16:31 INFO  Executed sudo&lt;remove_apama_project&gt;, exit status 0
13:16:31 INFO  Executed sudo&lt;remove_apama_tmp_dir&gt;, exit status 0
13:16:31 INFO  
13:16:31 INFO  Test duration: 21.00 secs
13:16:31 INFO  Test final outcome:  BLOCKED
13:16:31 INFO  Test outcome reason: sudo&lt;plugin_install&gt; returned non-zero exit code 2
13:16:31 INFO  
</system-out>
	</testcase>
</testsuite><testsuite name="SoftwareManagement.sm_apt_install_download_path" tests="3" errors="0" failures="2" skipped="1" time="0"><testcase classname="AptInstallWithDownloadPath" name="SoftwareManagement.sm_apt_install_download_path">
		<skipped message="SKIPPED: Testing the apt plugin is not supported on this platform.Use parameter -XmyPlatform='container' to enable it" />
		<system-out>12:32:27 INFO  ==============================================================
12:32:27 INFO  Id:    SoftwareManagement.sm_apt_install_download_path
12:32:27 INFO  Dir:   software_management_end_to_end/
12:32:27 INFO  Title: Install package to directory specified in tedge config set tmp.path
12:32:27 INFO  ==============================================================
12:32:27 INFO  Testing the apt plugin is not supported on this platform.Use parameter -XmyPlatform='container' to enable it ... skipped
12:32:27 WARN  Aborted test due to SKIPPED outcome
12:32:27 INFO  
12:32:27 INFO  Test duration: 0.06 secs
12:32:27 INFO  Test final outcome:  SKIPPED
12:32:27 INFO  Test outcome reason: Testing the apt plugin is not supported on this platform.Use parameter -XmyPlatform='container' to enable it
12:32:27 INFO  
</system-out>
	</testcase>
<testcase classname="AptInstallWithDownloadPath" name="SoftwareManagement.sm_apt_install_download_path">
		<failure message="BLOCKED: AssertionError:" type="BLOCKED" />
		<system-out>12:55:00 INFO  ==============================================================
12:55:00 INFO  Id:    SoftwareManagement.sm_apt_install_download_path
12:55:00 INFO  Dir:   software_management_end_to_end/
12:55:00 INFO  Title: Install package to directory specified in tedge config set tmp.path
12:55:00 INFO  ==============================================================
12:55:00 INFO  Using sw id database: {'asciijump': '5475369', 'robotfindskitten': '5474869', 'squirrel3': '5475279', 'rolldice': '5152439', 'moon-buggy': '5439204', 'apple': '5495053', 'banana': '5494888', 'cherry': '5495382', 'watermelon': '5494510', 'registry': '8018911', 'hello-world': '8021526', 'docker/getting-started': '8021973', 'alpine': '7991792'}
12:55:00 INFO  EnvironmentC8y Setup
12:55:01 INFO  Executed systemctl&lt;serv_mapper1&gt;, exit status 3
12:55:15 INFO  Executed sudo&lt;tedge_connect_c8y&gt;, exit status 0, duration 14 secs
12:55:17 INFO  Executed sudo&lt;tedge_connect_c8y_test&gt;, exit status 0
12:55:18 INFO  Executed systemctl&lt;serv_mosq2&gt;, exit status 0
12:55:18 INFO  Executed systemctl&lt;serv_mapper3&gt;, exit status 0
12:55:21 INFO  State of current operation: SUCCESSFUL
12:55:21 INFO  Assert that (False == value) with value=False ... passed
12:55:21 INFO  Executed sudo, exit status 0
12:55:22 INFO  Executed sudo, exit status 0
12:55:23 INFO  Executed sudo, exit status 0
12:55:27 INFO  Executed sudo&lt;tedge_disconnect_c8y&gt;, exit status 0
12:55:27 INFO  Restarting mosquitto too frequently in the last 10 seconds. It was only up for 3 seconds
12:55:27 INFO  Delaying execution by 8 seconds
12:55:48 INFO  Executed sudo&lt;tedge_connect_c8y&gt;, exit status 0, duration 13 secs
12:55:49 INFO  Response status: 201
12:55:49 INFO  Response to action: {
    "creationTime": "2022-04-28T12:55:49.007Z",
    "deviceName": "m32sd10d",
    "deviceId": "17889227",
    "self": "https://t493319102.eu-latest.cumulocity.com/devicecontrol/operations/17910825",
    "id": "17910825",
    "status": "PENDING",
    "description": "Apply software changes, triggered from PySys: [{'name': 'rolldice', 'id': '5152439', 'version': '::apt', 'url': 'https://thin-edge-io.eu-latest.cumulocity.com/inventory/binaries/12435463', 'action': 'install'}]",
    "c8y_SoftwareUpdate": [
        {
            "name": "rolldice",
            "action": "install",
            "id": "5152439",
            "version": "::apt",
            "url": "https://thin-edge-io.eu-latest.cumulocity.com/inventory/binaries/12435463"
        }
    ]
}
12:55:49 INFO  Started operation: {'creationTime': '2022-04-28T12:55:49.007Z', 'deviceName': 'm32sd10d', 'deviceId': '17889227', 'self': 'https://t493319102.eu-latest.cumulocity.com/devicecontrol/operations/17910825', 'id': '17910825', 'status': 'PENDING', 'description': "Apply software changes, triggered from PySys: [{'name': 'rolldice', 'id': '5152439', 'version': '::apt', 'url': 'https://thin-edge-io.eu-latest.cumulocity.com/inventory/binaries/12435463', 'action': 'install'}]", 'c8y_SoftwareUpdate': [{'name': 'rolldice', 'action': 'install', 'id': '5152439', 'version': '::apt', 'url': 'https://thin-edge-io.eu-latest.cumulocity.com/inventory/binaries/12435463'}]}
12:55:49 WARN  , retrying in 0.5 seconds...
12:55:49 WARN  , retrying in 0.5 seconds...
12:55:50 WARN  , retrying in 0.5 seconds...
12:55:50 WARN  , retrying in 0.5 seconds...
12:55:51 WARN  , retrying in 0.5 seconds...
12:55:51 WARN  , retrying in 0.5 seconds...
12:55:52 WARN  , retrying in 0.5 seconds...
12:55:52 WARN  , retrying in 0.5 seconds...
12:55:53 WARN  , retrying in 0.5 seconds...
12:55:53 WARN  AssertionError occurred while running test - 
Traceback (most recent call last):
  File "/home/pi/env-pysys/lib/python3.7/site-packages/pysys/baserunner.py", line 1294, in __call__
    self.testObj.execute()
  File "/home/pi/actions-runner/_work/thin-edge.io/thin-edge.io/tests/PySys/software_management_end_to_end/sm_apt_install_download_path/run.py", line 83, in execute
    assert_install_in_download_path(install_directory=self.DOWNLOAD_DIR)
  File "/home/pi/env-pysys/lib/python3.7/site-packages/decorator.py", line 232, in fun
    return caller(func, *(extras + args), **kw)
  File "/home/pi/env-pysys/lib/python3.7/site-packages/retry/api.py", line 74, in retry_decorator
    logger)
  File "/home/pi/env-pysys/lib/python3.7/site-packages/retry/api.py", line 33, in __retry_internal
    return f()
  File "/home/pi/actions-runner/_work/thin-edge.io/thin-edge.io/tests/PySys/software_management_end_to_end/sm_apt_install_download_path/run.py", line 28, in assert_install_in_download_path
    assert "rolldice" in os.listdir(f"{install_directory}")
AssertionError
12:55:54 WARN  AssertionError: ... blocked 
12:55:54 INFO  
12:55:54 INFO  cleanup:
12:55:54 INFO  Executed sudo, exit status 0
12:55:55 INFO  Executed sudo, exit status 0
12:55:59 INFO  Executed sudo&lt;tedge_disconnect_c8y&gt;, exit status 0
12:55:59 INFO  Restarting mosquitto too frequently in the last 10 seconds. It was only up for 3 seconds
12:55:59 INFO  Delaying execution by 8 seconds
12:56:21 INFO  Executed sudo&lt;tedge_connect_c8y&gt;, exit status 0, duration 13 secs
12:56:25 INFO  Executed sudo&lt;tedge_disconnect_c8y&gt;, exit status 0
12:56:26 INFO  Executed systemctl&lt;serv_mapper5&gt;, exit status 3
12:56:26 INFO  
12:56:26 INFO  Test duration: 86.19 secs
12:56:26 INFO  Test final outcome:  BLOCKED
12:56:26 INFO  Test outcome reason: AssertionError:
12:56:26 INFO  
</system-out>
	</testcase>
<testcase classname="AptInstallWithDownloadPath" name="SoftwareManagement.sm_apt_install_download_path">
		<failure message="BLOCKED: AssertionError:" type="BLOCKED" />
		<system-out>13:16:31 INFO  ==============================================================
13:16:31 INFO  Id:    SoftwareManagement.sm_apt_install_download_path
13:16:31 INFO  Dir:   software_management_end_to_end/
13:16:31 INFO  Title: Install package to directory specified in tedge config set tmp.path
13:16:31 INFO  ==============================================================
13:16:33 INFO  Using sw id database: {'asciijump': '5475369', 'robotfindskitten': '5474869', 'squirrel3': '5475279', 'rolldice': '5152439', 'moon-buggy': '5439204', 'apple': '5495053', 'banana': '5494888', 'cherry': '5495382', 'watermelon': '5494510', 'registry': '8018911', 'hello-world': '8021526', 'docker/getting-started': '8021973', 'alpine': '7991792'}
13:16:33 INFO  EnvironmentC8y Setup
13:16:33 INFO  Executed systemctl&lt;serv_mapper1&gt;, exit status 3
13:16:47 INFO  Executed sudo&lt;tedge_connect_c8y&gt;, exit status 0, duration 13 secs
13:16:48 INFO  Executed sudo&lt;tedge_connect_c8y_test&gt;, exit status 0
13:16:48 INFO  Executed systemctl&lt;serv_mosq2&gt;, exit status 0
13:16:49 INFO  Executed systemctl&lt;serv_mapper3&gt;, exit status 0
13:16:51 INFO  State of current operation: FAILED
13:16:51 INFO  Assert that (False == value) with value=False ... passed
13:16:52 INFO  Executed sudo, exit status 0
13:16:52 INFO  Executed sudo, exit status 0
13:16:53 INFO  Executed sudo, exit status 0
13:16:57 INFO  Executed sudo&lt;tedge_disconnect_c8y&gt;, exit status 0
13:16:57 INFO  Restarting mosquitto too frequently in the last 10 seconds. It was only up for 3 seconds
13:16:57 INFO  Delaying execution by 8 seconds
13:17:19 INFO  Executed sudo&lt;tedge_connect_c8y&gt;, exit status 0, duration 13 secs
13:17:19 INFO  Response status: 201
13:17:19 INFO  Response to action: {
    "creationTime": "2022-04-28T13:17:19.255Z",
    "deviceName": "m32sd10d",
    "deviceId": "17889227",
    "self": "https://t493319102.eu-latest.cumulocity.com/devicecontrol/operations/17910980",
    "id": "17910980",
    "status": "PENDING",
    "description": "Apply software changes, triggered from PySys: [{'name': 'rolldice', 'id': '5152439', 'version': '::apt', 'url': 'https://thin-edge-io.eu-latest.cumulocity.com/inventory/binaries/12435463', 'action': 'install'}]",
    "c8y_SoftwareUpdate": [
        {
            "name": "rolldice",
            "action": "install",
            "id": "5152439",
            "version": "::apt",
            "url": "https://thin-edge-io.eu-latest.cumulocity.com/inventory/binaries/12435463"
        }
    ]
}
13:17:19 INFO  Started operation: {'creationTime': '2022-04-28T13:17:19.255Z', 'deviceName': 'm32sd10d', 'deviceId': '17889227', 'self': 'https://t493319102.eu-latest.cumulocity.com/devicecontrol/operations/17910980', 'id': '17910980', 'status': 'PENDING', 'description': "Apply software changes, triggered from PySys: [{'name': 'rolldice', 'id': '5152439', 'version': '::apt', 'url': 'https://thin-edge-io.eu-latest.cumulocity.com/inventory/binaries/12435463', 'action': 'install'}]", 'c8y_SoftwareUpdate': [{'name': 'rolldice', 'action': 'install', 'id': '5152439', 'version': '::apt', 'url': 'https://thin-edge-io.eu-latest.cumulocity.com/inventory/binaries/12435463'}]}
13:17:19 WARN  , retrying in 0.5 seconds...
13:17:19 WARN  , retrying in 0.5 seconds...
13:17:20 WARN  , retrying in 0.5 seconds...
13:17:20 WARN  , retrying in 0.5 seconds...
13:17:21 WARN  , retrying in 0.5 seconds...
13:17:21 WARN  , retrying in 0.5 seconds...
13:17:22 WARN  , retrying in 0.5 seconds...
13:17:22 WARN  , retrying in 0.5 seconds...
13:17:23 WARN  , retrying in 0.5 seconds...
13:17:23 WARN  AssertionError occurred while running test - 
Traceback (most recent call last):
  File "/home/pi/env-pysys/lib/python3.7/site-packages/pysys/baserunner.py", line 1294, in __call__
    self.testObj.execute()
  File "/home/pi/actions-runner/_work/thin-edge.io/thin-edge.io/tests/PySys/software_management_end_to_end/sm_apt_install_download_path/run.py", line 83, in execute
    assert_install_in_download_path(install_directory=self.DOWNLOAD_DIR)
  File "/home/pi/env-pysys/lib/python3.7/site-packages/decorator.py", line 232, in fun
    return caller(func, *(extras + args), **kw)
  File "/home/pi/env-pysys/lib/python3.7/site-packages/retry/api.py", line 74, in retry_decorator
    logger)
  File "/home/pi/env-pysys/lib/python3.7/site-packages/retry/api.py", line 33, in __retry_internal
    return f()
  File "/home/pi/actions-runner/_work/thin-edge.io/thin-edge.io/tests/PySys/software_management_end_to_end/sm_apt_install_download_path/run.py", line 28, in assert_install_in_download_path
    assert "rolldice" in os.listdir(f"{install_directory}")
AssertionError
13:17:23 WARN  AssertionError: ... blocked 
13:17:23 INFO  
13:17:23 INFO  cleanup:
13:17:24 INFO  Executed sudo, exit status 0
13:17:24 INFO  Executed sudo, exit status 0
13:17:29 INFO  Executed sudo&lt;tedge_disconnect_c8y&gt;, exit status 0
13:17:29 INFO  Restarting mosquitto too frequently in the last 10 seconds. It was only up for 3 seconds
13:17:29 INFO  Delaying execution by 8 seconds
13:17:51 INFO  Executed sudo&lt;tedge_connect_c8y&gt;, exit status 0, duration 13 secs
13:17:55 INFO  Executed sudo&lt;tedge_disconnect_c8y&gt;, exit status 0
13:17:55 INFO  Executed systemctl&lt;serv_mapper5&gt;, exit status 3
13:17:55 INFO  
13:17:55 INFO  Test duration: 83.79 secs
13:17:55 INFO  Test final outcome:  BLOCKED
13:17:55 INFO  Test outcome reason: AssertionError:
13:17:55 INFO  
</system-out>
	</testcase>
</testsuite><testsuite name="SoftwareManagement.sm_apt_install_fail" tests="3" errors="0" failures="0" skipped="1" time="0"><testcase classname="PySysTest" name="SoftwareManagement.sm_apt_install_fail">
		<skipped message="SKIPPED: Testing the apt plugin is not supported on this platform.Use parameter -XmyPlatform='container' to enable it" />
		<system-out>12:32:27 INFO  ==============================================================
12:32:27 INFO  Id:    SoftwareManagement.sm_apt_install_fail
12:32:27 INFO  Dir:   software_management_end_to_end/
12:32:27 INFO  Title: Validate end to end behaviour for a failing installation
12:32:27 INFO  ==============================================================
12:32:27 INFO  Testing the apt plugin is not supported on this platform.Use parameter -XmyPlatform='container' to enable it ... skipped
12:32:27 WARN  Aborted test due to SKIPPED outcome
12:32:27 INFO  
12:32:27 INFO  Test duration: 0.02 secs
12:32:27 INFO  Test final outcome:  SKIPPED
12:32:27 INFO  Test outcome reason: Testing the apt plugin is not supported on this platform.Use parameter -XmyPlatform='container' to enable it
12:32:27 INFO  
</system-out>
	</testcase>
<testcase classname="PySysTest" name="SoftwareManagement.sm_apt_install_fail" />
<testcase classname="PySysTest" name="SoftwareManagement.sm_apt_install_fail" />
</testsuite><testsuite name="SoftwareManagement.sm_apt_install_remove" tests="3" errors="0" failures="0" skipped="1" time="0"><testcase classname="PySysTest" name="SoftwareManagement.sm_apt_install_remove">
		<skipped message="SKIPPED: Testing the apt plugin is not supported on this platform.Use parameter -XmyPlatform='container' to enable it" />
		<system-out>12:32:27 INFO  ==============================================================
12:32:27 INFO  Id:    SoftwareManagement.sm_apt_install_remove
12:32:27 INFO  Dir:   software_management_end_to_end/
12:32:27 INFO  Title: Validate end to end behaviour for the apt plugin for installation and removal of packages
12:32:27 INFO  ==============================================================
12:32:27 INFO  Testing the apt plugin is not supported on this platform.Use parameter -XmyPlatform='container' to enable it ... skipped
12:32:27 WARN  Aborted test due to SKIPPED outcome
12:32:27 INFO  
12:32:27 INFO  Test duration: 0.02 secs
12:32:27 INFO  Test final outcome:  SKIPPED
12:32:27 INFO  Test outcome reason: Testing the apt plugin is not supported on this platform.Use parameter -XmyPlatform='container' to enable it
12:32:27 INFO  
</system-out>
	</testcase>
<testcase classname="PySysTest" name="SoftwareManagement.sm_apt_install_remove" />
<testcase classname="PySysTest" name="SoftwareManagement.sm_apt_install_remove" />
</testsuite><testsuite name="SoftwareManagement.sm_apt_install_remove_default" tests="3" errors="0" failures="0" skipped="1" time="0"><testcase classname="PySysTest" name="SoftwareManagement.sm_apt_install_remove_default">
		<skipped message="SKIPPED: Testing the apt plugin is not supported on this platform.Use parameter -XmyPlatform='container' to enable it" />
		<system-out>12:32:27 INFO  ==============================================================
12:32:27 INFO  Id:    SoftwareManagement.sm_apt_install_remove_default
12:32:27 INFO  Dir:   software_management_end_to_end/
12:32:27 INFO  Title: Validate end to end behaviour for the default plugin for installation and removal of packages
12:32:27 INFO  ==============================================================
12:32:27 INFO  Testing the apt plugin is not supported on this platform.Use parameter -XmyPlatform='container' to enable it ... skipped
12:32:27 WARN  Aborted test due to SKIPPED outcome
12:32:27 INFO  
12:32:27 INFO  Test duration: 0.02 secs
12:32:27 INFO  Test final outcome:  SKIPPED
12:32:27 INFO  Test outcome reason: Testing the apt plugin is not supported on this platform.Use parameter -XmyPlatform='container' to enable it
12:32:27 INFO  
</system-out>
	</testcase>
<testcase classname="PySysTest" name="SoftwareManagement.sm_apt_install_remove_default" />
<testcase classname="PySysTest" name="SoftwareManagement.sm_apt_install_remove_default" />
</testsuite><testsuite name="SoftwareManagement.sm_apt_install_remove_multiple" tests="3" errors="0" failures="2" skipped="1" time="0"><testcase classname="PySysTest" name="SoftwareManagement.sm_apt_install_remove_multiple">
		<skipped message="SKIPPED: Testing the apt plugin is not supported on this platform.Use parameter -XmyPlatform='container' to enable it" />
		<system-out>12:32:27 INFO  ==============================================================
12:32:27 INFO  Id:    SoftwareManagement.sm_apt_install_remove_multiple
12:32:27 INFO  Dir:   software_management_end_to_end/
12:32:27 INFO  Title: Validate end to end behaviour for the apt plugin for multiple packages
12:32:27 INFO  ==============================================================
12:32:27 INFO  Testing the apt plugin is not supported on this platform.Use parameter -XmyPlatform='container' to enable it ... skipped
12:32:27 WARN  Aborted test due to SKIPPED outcome
12:32:27 INFO  
12:32:27 INFO  Test duration: 0.02 secs
12:32:27 INFO  Test final outcome:  SKIPPED
12:32:27 INFO  Test outcome reason: Testing the apt plugin is not supported on this platform.Use parameter -XmyPlatform='container' to enable it
12:32:27 INFO  
</system-out>
	</testcase>
<testcase classname="PySysTest" name="SoftwareManagement.sm_apt_install_remove_multiple">
		<failure message="FAILED: Assert that (False == value) with value=True" type="FAILED" />
		<system-out>13:03:14 INFO  ==============================================================
13:03:14 INFO  Id:    SoftwareManagement.sm_apt_install_remove_multiple
13:03:14 INFO  Dir:   software_management_end_to_end/
13:03:14 INFO  Title: Validate end to end behaviour for the apt plugin for multiple packages
13:03:14 INFO  ==============================================================
13:03:14 INFO  Using sw id database: {'asciijump': '5475369', 'robotfindskitten': '5474869', 'squirrel3': '5475279', 'rolldice': '5152439', 'moon-buggy': '5439204', 'apple': '5495053', 'banana': '5494888', 'cherry': '5495382', 'watermelon': '5494510', 'registry': '8018911', 'hello-world': '8021526', 'docker/getting-started': '8021973', 'alpine': '7991792'}
13:03:14 INFO  EnvironmentC8y Setup
13:03:14 INFO  Executed systemctl&lt;serv_mapper1&gt;, exit status 3
13:03:14 INFO  Restarting mosquitto too frequently in the last 10 seconds. It was only up for 4 seconds
13:03:14 INFO  Delaying execution by 7 seconds
13:03:35 INFO  Executed sudo&lt;tedge_connect_c8y&gt;, exit status 0, duration 13 secs
13:03:36 INFO  Executed sudo&lt;tedge_connect_c8y_test&gt;, exit status 0
13:03:36 INFO  Executed systemctl&lt;serv_mosq2&gt;, exit status 0
13:03:37 INFO  Executed systemctl&lt;serv_mapper3&gt;, exit status 0
13:03:39 INFO  State of current operation: SUCCESSFUL
13:03:39 INFO  Assert that (False == value) with value=False ... passed
13:03:40 INFO  Assert that (False == value) with value=False ... passed
13:03:40 INFO  Assert that (False == value) with value=False ... passed
13:03:40 INFO  Package robotfindskitten is installed
13:03:40 WARN  Assert that (False == value) with value=True ... failed 
13:03:40 INFO  Response status: 201
13:03:40 INFO  Response to action: {
    "delivery": {
        "time": "2022-04-28T13:03:40.707Z",
        "log": [],
        "status": "PENDING"
    },
    "creationTime": "2022-04-28T13:03:40.691Z",
    "deviceName": "m32sd10d",
    "deviceId": "17889227",
    "self": "https://t493319102.eu-latest.cumulocity.com/devicecontrol/operations/17910897",
    "id": "17910897",
    "status": "PENDING",
    "description": "Apply software changes, triggered from PySys: [{'action': 'install', 'id': '5475369', 'name': 'asciijump', 'url': ' ', 'version': '::apt'}, {'action': 'install', 'id': '5474869', 'name': 'robotfindskitten', 'url': ' ', 'version': '::apt'}, {'action': 'install', 'id': '5475279', 'name': 'squirrel3', 'url': ' ', 'version': '::apt'}]",
    "c8y_SoftwareUpdate": [
        {
            "name": "asciijump",
            "action": "install",
            "id": "5475369",
            "version": "::apt",
            "url": " "
        },
        {
            "name": "robotfindskitten",
            "action": "install",
            "id": "5474869",
            "version": "::apt",
            "url": " "
        },
        {
            "name": "squirrel3",
            "action": "install",
            "id": "5475279",
            "version": "::apt",
            "url": " "
        }
    ]
}
13:03:40 INFO  Started operation: {'delivery': {'time': '2022-04-28T13:03:40.707Z', 'log': [], 'status': 'PENDING'}, 'creationTime': '2022-04-28T13:03:40.691Z', 'deviceName': 'm32sd10d', 'deviceId': '17889227', 'self': 'https://t493319102.eu-latest.cumulocity.com/devicecontrol/operations/17910897', 'id': '17910897', 'status': 'PENDING', 'description': "Apply software changes, triggered from PySys: [{'action': 'install', 'id': '5475369', 'name': 'asciijump', 'url': ' ', 'version': '::apt'}, {'action': 'install', 'id': '5474869', 'name': 'robotfindskitten', 'url': ' ', 'version': '::apt'}, {'action': 'install', 'id': '5475279', 'name': 'squirrel3', 'url': ' ', 'version': '::apt'}]", 'c8y_SoftwareUpdate': [{'name': 'asciijump', 'action': 'install', 'id': '5475369', 'version': '::apt', 'url': ' '}, {'name': 'robotfindskitten', 'action': 'install', 'id': '5474869', 'version': '::apt', 'url': ' '}, {'name': 'squirrel3', 'action': 'install', 'id': '5475279', 'version': '::apt', 'url': ' '}]}
13:03:42 INFO  State of operation 17910897 : PENDING
13:03:45 INFO  State of operation 17910897 : EXECUTING
13:03:47 INFO  State of operation 17910897 : EXECUTING
13:03:49 INFO  State of operation 17910897 : EXECUTING
13:03:51 INFO  State of operation 17910897 : EXECUTING
13:03:54 INFO  State of operation 17910897 : EXECUTING
13:03:56 INFO  State of operation 17910897 : EXECUTING
13:03:59 INFO  State of operation 17910897 : EXECUTING
13:04:02 INFO  State of operation 17910897 : EXECUTING
13:04:09 INFO  State of operation 17910897 : EXECUTING
13:04:11 INFO  State of operation 17910897 : EXECUTING
13:04:13 INFO  State of operation 17910897 : EXECUTING
13:04:16 INFO  State of operation 17910897 : EXECUTING
13:04:18 INFO  State of operation 17910897 : EXECUTING
13:04:20 INFO  State of operation 17910897 : EXECUTING
13:04:23 INFO  State of operation 17910897 : EXECUTING
13:04:25 INFO  State of operation 17910897 : EXECUTING
13:04:27 INFO  State of operation 17910897 : EXECUTING
13:04:30 INFO  State of operation 17910897 : EXECUTING
13:04:32 INFO  State of operation 17910897 : EXECUTING
13:04:35 INFO  State of operation 17910897 : EXECUTING
13:04:37 INFO  State of operation 17910897 : EXECUTING
13:04:39 INFO  State of operation 17910897 : EXECUTING
13:04:42 INFO  State of operation 17910897 : EXECUTING
13:04:44 INFO  State of operation 17910897 : EXECUTING
13:04:47 INFO  State of operation 17910897 : EXECUTING
13:04:50 INFO  State of operation 17910897 : EXECUTING
13:04:52 INFO  State of operation 17910897 : EXECUTING
13:04:54 INFO  State of operation 17910897 : EXECUTING
13:04:57 INFO  State of operation 17910897 : EXECUTING
13:04:59 INFO  State of operation 17910897 : EXECUTING
13:05:01 INFO  State of operation 17910897 : SUCCESSFUL
13:05:01 INFO  Assert that (False == value) with value=False ... passed
13:05:01 INFO  Package asciijump is installed
13:05:01 INFO  Assert that (True == value) with value=True ... passed
13:05:02 INFO  Package squirrel3 is installed
13:05:02 INFO  Assert that (True == value) with value=True ... passed
13:05:02 INFO  Package robotfindskitten is installed
13:05:02 INFO  Assert that (True == value) with value=True ... passed
13:05:02 INFO  Response status: 201
13:05:02 INFO  Response to action: {
    "delivery": {
        "time": "2022-04-28T13:05:02.602Z",
        "log": [],
        "status": "PENDING"
    },
    "creationTime": "2022-04-28T13:05:02.588Z",
    "deviceName": "m32sd10d",
    "deviceId": "17889227",
    "self": "https://t493319102.eu-latest.cumulocity.com/devicecontrol/operations/17910909",
    "id": "17910909",
    "status": "PENDING",
    "description": "Apply software changes, triggered from PySys: [{'action': 'delete', 'id': '5475369', 'name': 'asciijump', 'url': ' ', 'version': '::apt'}, {'action': 'delete', 'id': '5474869', 'name': 'robotfindskitten', 'url': ' ', 'version': '::apt'}, {'action': 'delete', 'id': '5475279', 'name': 'squirrel3', 'url': ' ', 'version': '::apt'}]",
    "c8y_SoftwareUpdate": [
        {
            "name": "asciijump",
            "action": "delete",
            "id": "5475369",
            "version": "::apt",
            "url": " "
        },
        {
            "name": "robotfindskitten",
            "action": "delete",
            "id": "5474869",
            "version": "::apt",
            "url": " "
        },
        {
            "name": "squirrel3",
            "action": "delete",
            "id": "5475279",
            "version": "::apt",
            "url": " "
        }
    ]
}
13:05:02 INFO  Started operation: {'delivery': {'time': '2022-04-28T13:05:02.602Z', 'log': [], 'status': 'PENDING'}, 'creationTime': '2022-04-28T13:05:02.588Z', 'deviceName': 'm32sd10d', 'deviceId': '17889227', 'self': 'https://t493319102.eu-latest.cumulocity.com/devicecontrol/operations/17910909', 'id': '17910909', 'status': 'PENDING', 'description': "Apply software changes, triggered from PySys: [{'action': 'delete', 'id': '5475369', 'name': 'asciijump', 'url': ' ', 'version': '::apt'}, {'action': 'delete', 'id': '5474869', 'name': 'robotfindskitten', 'url': ' ', 'version': '::apt'}, {'action': 'delete', 'id': '5475279', 'name': 'squirrel3', 'url': ' ', 'version': '::apt'}]", 'c8y_SoftwareUpdate': [{'name': 'asciijump', 'action': 'delete', 'id': '5475369', 'version': '::apt', 'url': ' '}, {'name': 'robotfindskitten', 'action': 'delete', 'id': '5474869', 'version': '::apt', 'url': ' '}, {'name': 'squirrel3', 'action': 'delete', 'id': '5475279', 'version': '::apt', 'url': ' '}]}
13:05:04 INFO  State of operation 17910909 : PENDING
13:05:07 INFO  State of operation 17910909 : EXECUTING
13:05:09 INFO  State of operation 17910909 : EXECUTING
13:05:11 INFO  State of operation 17910909 : EXECUTING
13:05:13 INFO  State of operation 17910909 : EXECUTING
13:05:15 INFO  State of operation 17910909 : EXECUTING
13:05:18 INFO  State of operation 17910909 : EXECUTING
13:05:21 INFO  State of operation 17910909 : EXECUTING
13:05:24 INFO  State of operation 17910909 : EXECUTING
13:05:26 INFO  State of operation 17910909 : EXECUTING
13:05:28 INFO  State of operation 17910909 : EXECUTING
13:05:30 INFO  State of operation 17910909 : EXECUTING
13:05:33 INFO  State of operation 17910909 : EXECUTING
13:05:35 INFO  State of operation 17910909 : EXECUTING
13:05:37 INFO  State of operation 17910909 : EXECUTING
13:05:40 INFO  State of operation 17910909 : EXECUTING
13:05:42 INFO  State of operation 17910909 : EXECUTING
13:05:45 INFO  State of operation 17910909 : EXECUTING
13:05:47 INFO  State of operation 17910909 : EXECUTING
13:05:49 INFO  State of operation 17910909 : EXECUTING
13:05:51 INFO  State of operation 17910909 : EXECUTING
13:05:54 INFO  State of operation 17910909 : EXECUTING
13:05:56 INFO  State of operation 17910909 : EXECUTING
13:05:59 INFO  State of operation 17910909 : EXECUTING
13:06:01 INFO  State of operation 17910909 : EXECUTING
13:06:03 INFO  State of operation 17910909 : EXECUTING
13:06:06 INFO  State of operation 17910909 : EXECUTING
13:06:08 INFO  State of operation 17910909 : SUCCESSFUL
13:06:08 INFO  Assert that (False == value) with value=False ... passed
13:06:08 INFO  Assert that (False == value) with value=False ... passed
13:06:08 INFO  Assert that (False == value) with value=False ... passed
13:06:09 INFO  Assert that (False == value) with value=False ... passed
13:06:09 INFO  
13:06:09 INFO  cleanup:
13:06:13 INFO  Executed sudo&lt;tedge_disconnect_c8y&gt;, exit status 0
13:06:13 INFO  Executed systemctl&lt;serv_mapper5&gt;, exit status 3
13:06:13 INFO  
13:06:13 INFO  Test duration: 179.63 secs
13:06:13 INFO  Test final outcome:  FAILED
13:06:13 INFO  Test outcome reason: Assert that (False == value) with value=True
13:06:13 INFO  
</system-out>
	</testcase>
<testcase classname="PySysTest" name="SoftwareManagement.sm_apt_install_remove_multiple">
		<failure message="FAILED: Assert that (False == value) with value=True (+2 other failures)" type="FAILED" />
		<system-out>13:24:17 INFO  ==============================================================
13:24:17 INFO  Id:    SoftwareManagement.sm_apt_install_remove_multiple
13:24:17 INFO  Dir:   software_management_end_to_end/
13:24:17 INFO  Title: Validate end to end behaviour for the apt plugin for multiple packages
13:24:17 INFO  ==============================================================
13:24:17 INFO  Using sw id database: {'asciijump': '5475369', 'robotfindskitten': '5474869', 'squirrel3': '5475279', 'rolldice': '5152439', 'moon-buggy': '5439204', 'apple': '5495053', 'banana': '5494888', 'cherry': '5495382', 'watermelon': '5494510', 'registry': '8018911', 'hello-world': '8021526', 'docker/getting-started': '8021973', 'alpine': '7991792'}
13:24:17 INFO  EnvironmentC8y Setup
13:24:17 INFO  Executed systemctl&lt;serv_mapper1&gt;, exit status 3
13:24:18 INFO  Restarting mosquitto too frequently in the last 10 seconds. It was only up for 4 seconds
13:24:18 INFO  Delaying execution by 7 seconds
13:24:39 INFO  Executed sudo&lt;tedge_connect_c8y&gt;, exit status 0, duration 14 secs
13:24:39 INFO  Executed sudo&lt;tedge_connect_c8y_test&gt;, exit status 0
13:24:40 INFO  Executed systemctl&lt;serv_mosq2&gt;, exit status 0
13:24:40 INFO  Executed systemctl&lt;serv_mapper3&gt;, exit status 0
13:24:42 INFO  State of current operation: SUCCESSFUL
13:24:43 INFO  Assert that (False == value) with value=False ... passed
13:24:43 INFO  Package asciijump is installed
13:24:43 WARN  Assert that (False == value) with value=True ... failed 
13:24:43 INFO  Package squirrel3 is installed
13:24:44 WARN  Assert that (False == value) with value=True ... failed 
13:24:44 INFO  Package robotfindskitten is installed
13:24:44 WARN  Assert that (False == value) with value=True ... failed 
13:24:44 INFO  Response status: 201
13:24:44 INFO  Response to action: {
    "creationTime": "2022-04-28T13:24:44.425Z",
    "deviceName": "m32sd10d",
    "deviceId": "17889227",
    "self": "https://t493319102.eu-latest.cumulocity.com/devicecontrol/operations/17911033",
    "id": "17911033",
    "status": "PENDING",
    "description": "Apply software changes, triggered from PySys: [{'action': 'install', 'id': '5475369', 'name': 'asciijump', 'url': ' ', 'version': '::apt'}, {'action': 'install', 'id': '5474869', 'name': 'robotfindskitten', 'url': ' ', 'version': '::apt'}, {'action': 'install', 'id': '5475279', 'name': 'squirrel3', 'url': ' ', 'version': '::apt'}]",
    "c8y_SoftwareUpdate": [
        {
            "name": "asciijump",
            "action": "install",
            "id": "5475369",
            "version": "::apt",
            "url": " "
        },
        {
            "name": "robotfindskitten",
            "action": "install",
            "id": "5474869",
            "version": "::apt",
            "url": " "
        },
        {
            "name": "squirrel3",
            "action": "install",
            "id": "5475279",
            "version": "::apt",
            "url": " "
        }
    ]
}
13:24:44 INFO  Started operation: {'creationTime': '2022-04-28T13:24:44.425Z', 'deviceName': 'm32sd10d', 'deviceId': '17889227', 'self': 'https://t493319102.eu-latest.cumulocity.com/devicecontrol/operations/17911033', 'id': '17911033', 'status': 'PENDING', 'description': "Apply software changes, triggered from PySys: [{'action': 'install', 'id': '5475369', 'name': 'asciijump', 'url': ' ', 'version': '::apt'}, {'action': 'install', 'id': '5474869', 'name': 'robotfindskitten', 'url': ' ', 'version': '::apt'}, {'action': 'install', 'id': '5475279', 'name': 'squirrel3', 'url': ' ', 'version': '::apt'}]", 'c8y_SoftwareUpdate': [{'name': 'asciijump', 'action': 'install', 'id': '5475369', 'version': '::apt', 'url': ' '}, {'name': 'robotfindskitten', 'action': 'install', 'id': '5474869', 'version': '::apt', 'url': ' '}, {'name': 'squirrel3', 'action': 'install', 'id': '5475279', 'version': '::apt', 'url': ' '}]}
13:24:46 INFO  State of operation 17911033 : PENDING
13:24:48 INFO  State of operation 17911033 : EXECUTING
13:24:51 INFO  State of operation 17911033 : EXECUTING
13:24:53 INFO  State of operation 17911033 : EXECUTING
13:24:55 INFO  State of operation 17911033 : EXECUTING
13:24:57 INFO  State of operation 17911033 : EXECUTING
13:25:00 INFO  State of operation 17911033 : EXECUTING
13:25:03 INFO  State of operation 17911033 : EXECUTING
13:25:05 INFO  State of operation 17911033 : EXECUTING
13:25:08 INFO  State of operation 17911033 : EXECUTING
13:25:10 INFO  State of operation 17911033 : EXECUTING
13:25:12 INFO  State of operation 17911033 : EXECUTING
13:25:14 INFO  State of operation 17911033 : EXECUTING
13:25:17 INFO  State of operation 17911033 : EXECUTING
13:25:19 INFO  State of operation 17911033 : EXECUTING
13:25:21 INFO  State of operation 17911033 : SUCCESSFUL
13:25:21 INFO  Assert that (False == value) with value=False ... passed
13:25:21 INFO  Package asciijump is installed
13:25:21 INFO  Assert that (True == value) with value=True ... passed
13:25:22 INFO  Package squirrel3 is installed
13:25:22 INFO  Assert that (True == value) with value=True ... passed
13:25:22 INFO  Package robotfindskitten is installed
13:25:22 INFO  Assert that (True == value) with value=True ... passed
13:25:22 INFO  Response status: 201
13:25:22 INFO  Response to action: {
    "creationTime": "2022-04-28T13:25:22.621Z",
    "deviceName": "m32sd10d",
    "deviceId": "17889227",
    "self": "https://t493319102.eu-latest.cumulocity.com/devicecontrol/operations/17911041",
    "id": "17911041",
    "status": "PENDING",
    "description": "Apply software changes, triggered from PySys: [{'action': 'delete', 'id': '5475369', 'name': 'asciijump', 'url': ' ', 'version': '::apt'}, {'action': 'delete', 'id': '5474869', 'name': 'robotfindskitten', 'url': ' ', 'version': '::apt'}, {'action': 'delete', 'id': '5475279', 'name': 'squirrel3', 'url': ' ', 'version': '::apt'}]",
    "c8y_SoftwareUpdate": [
        {
            "name": "asciijump",
            "action": "delete",
            "id": "5475369",
            "version": "::apt",
            "url": " "
        },
        {
            "name": "robotfindskitten",
            "action": "delete",
            "id": "5474869",
            "version": "::apt",
            "url": " "
        },
        {
            "name": "squirrel3",
            "action": "delete",
            "id": "5475279",
            "version": "::apt",
            "url": " "
        }
    ]
}
13:25:22 INFO  Started operation: {'creationTime': '2022-04-28T13:25:22.621Z', 'deviceName': 'm32sd10d', 'deviceId': '17889227', 'self': 'https://t493319102.eu-latest.cumulocity.com/devicecontrol/operations/17911041', 'id': '17911041', 'status': 'PENDING', 'description': "Apply software changes, triggered from PySys: [{'action': 'delete', 'id': '5475369', 'name': 'asciijump', 'url': ' ', 'version': '::apt'}, {'action': 'delete', 'id': '5474869', 'name': 'robotfindskitten', 'url': ' ', 'version': '::apt'}, {'action': 'delete', 'id': '5475279', 'name': 'squirrel3', 'url': ' ', 'version': '::apt'}]", 'c8y_SoftwareUpdate': [{'name': 'asciijump', 'action': 'delete', 'id': '5475369', 'version': '::apt', 'url': ' '}, {'name': 'robotfindskitten', 'action': 'delete', 'id': '5474869', 'version': '::apt', 'url': ' '}, {'name': 'squirrel3', 'action': 'delete', 'id': '5475279', 'version': '::apt', 'url': ' '}]}
13:25:24 INFO  State of operation 17911041 : PENDING
13:25:27 INFO  State of operation 17911041 : EXECUTING
13:25:29 INFO  State of operation 17911041 : EXECUTING
13:25:31 INFO  State of operation 17911041 : EXECUTING
13:25:33 INFO  State of operation 17911041 : EXECUTING
13:25:36 INFO  State of operation 17911041 : EXECUTING
13:25:38 INFO  State of operation 17911041 : EXECUTING
13:25:41 INFO  State of operation 17911041 : EXECUTING
13:25:43 INFO  State of operation 17911041 : EXECUTING
13:25:45 INFO  State of operation 17911041 : EXECUTING
13:25:48 INFO  State of operation 17911041 : EXECUTING
13:25:50 INFO  State of operation 17911041 : EXECUTING
13:25:52 INFO  State of operation 17911041 : EXECUTING
13:25:54 INFO  State of operation 17911041 : EXECUTING
13:25:57 INFO  State of operation 17911041 : EXECUTING
13:25:59 INFO  State of operation 17911041 : EXECUTING
13:26:01 INFO  State of operation 17911041 : EXECUTING
13:26:04 INFO  State of operation 17911041 : EXECUTING
13:26:06 INFO  State of operation 17911041 : EXECUTING
13:26:09 INFO  State of operation 17911041 : EXECUTING
13:26:11 INFO  State of operation 17911041 : EXECUTING
13:26:13 INFO  State of operation 17911041 : EXECUTING
13:26:15 INFO  State of operation 17911041 : EXECUTING
13:26:18 INFO  State of operation 17911041 : EXECUTING
13:26:20 INFO  State of operation 17911041 : EXECUTING
13:26:23 INFO  State of operation 17911041 : EXECUTING
13:26:25 INFO  State of operation 17911041 : EXECUTING
13:26:27 INFO  State of operation 17911041 : EXECUTING
13:26:30 INFO  State of operation 17911041 : SUCCESSFUL
13:26:30 INFO  Assert that (False == value) with value=False ... passed
13:26:30 INFO  Assert that (False == value) with value=False ... passed
13:26:30 INFO  Assert that (False == value) with value=False ... passed
13:26:30 INFO  Assert that (False == value) with value=False ... passed
13:26:31 INFO  
13:26:31 INFO  cleanup:
13:26:34 INFO  Executed sudo&lt;tedge_disconnect_c8y&gt;, exit status 0
13:26:35 INFO  Executed systemctl&lt;serv_mapper5&gt;, exit status 3
13:26:35 INFO  
13:26:35 INFO  Test duration: 138.20 secs
13:26:35 INFO  Test final outcome:  FAILED
13:26:35 INFO  Test outcome reason: Assert that (False == value) with value=True (+2 other failures)
13:26:35 INFO  
</system-out>
	</testcase>
</testsuite><testsuite name="SoftwareManagement.sm_apt_install_remove_multiple_mixed" tests="3" errors="0" failures="2" skipped="1" time="0"><testcase classname="PySysTest" name="SoftwareManagement.sm_apt_install_remove_multiple_mixed">
		<skipped message="SKIPPED: Testing the apt plugin is not supported on this platform.Use parameter -XmyPlatform='container' to enable it" />
		<system-out>12:32:27 INFO  ==============================================================
12:32:27 INFO  Id:    SoftwareManagement.sm_apt_install_remove_multiple_mixed
12:32:27 INFO  Dir:   software_management_end_to_end/
12:32:27 INFO  Title: Validate end to end behaviour for the apt plugin for multiple packages with mixed versions
12:32:27 INFO  ==============================================================
12:32:27 INFO  Testing the apt plugin is not supported on this platform.Use parameter -XmyPlatform='container' to enable it ... skipped
12:32:27 WARN  Aborted test due to SKIPPED outcome
12:32:27 INFO  
12:32:27 INFO  Test duration: 0.02 secs
12:32:27 INFO  Test final outcome:  SKIPPED
12:32:27 INFO  Test outcome reason: Testing the apt plugin is not supported on this platform.Use parameter -XmyPlatform='container' to enable it
12:32:27 INFO  
</system-out>
	</testcase>
<testcase classname="PySysTest" name="SoftwareManagement.sm_apt_install_remove_multiple_mixed">
		<failure message="BLOCKED: SystemError: Timeout while waiting for status SUCCESSFUL or False" type="BLOCKED" />
		<system-out>13:06:13 INFO  ==============================================================
13:06:13 INFO  Id:    SoftwareManagement.sm_apt_install_remove_multiple_mixed
13:06:13 INFO  Dir:   software_management_end_to_end/
13:06:13 INFO  Title: Validate end to end behaviour for the apt plugin for multiple packages with mixed versions
13:06:13 INFO  ==============================================================
13:06:13 INFO  Using sw id database: {'asciijump': '5475369', 'robotfindskitten': '5474869', 'squirrel3': '5475279', 'rolldice': '5152439', 'moon-buggy': '5439204', 'apple': '5495053', 'banana': '5494888', 'cherry': '5495382', 'watermelon': '5494510', 'registry': '8018911', 'hello-world': '8021526', 'docker/getting-started': '8021973', 'alpine': '7991792'}
13:06:13 INFO  EnvironmentC8y Setup
13:06:14 INFO  Executed systemctl&lt;serv_mapper1&gt;, exit status 3
13:06:14 INFO  Restarting mosquitto too frequently in the last 10 seconds. It was only up for 5 seconds
13:06:14 INFO  Delaying execution by 6 seconds
13:06:34 INFO  Executed sudo&lt;tedge_connect_c8y&gt;, exit status 0, duration 13 secs
13:06:34 INFO  Executed sudo&lt;tedge_connect_c8y_test&gt;, exit status 0
13:06:35 INFO  Executed systemctl&lt;serv_mosq2&gt;, exit status 0
13:06:35 INFO  Executed systemctl&lt;serv_mapper3&gt;, exit status 0
13:06:38 INFO  State of current operation: SUCCESSFUL
13:06:38 INFO  Assert that (False == value) with value=False ... passed
13:06:38 INFO  Assert that (False == value) with value=False ... passed
13:06:38 INFO  Assert that (False == value) with value=False ... passed
13:06:38 INFO  Assert that (False == value) with value=False ... passed
13:06:39 INFO  Assert that (False == value) with value=False ... passed
13:06:40 INFO  Response status: 201
13:06:40 INFO  Response to action: {
    "creationTime": "2022-04-28T13:06:40.386Z",
    "deviceName": "m32sd10d",
    "deviceId": "17889227",
    "self": "https://t493319102.eu-latest.cumulocity.com/devicecontrol/operations/17910921",
    "id": "17910921",
    "status": "PENDING",
    "description": "Apply software changes, triggered from PySys: [{'action': 'install', 'id': '5475369', 'name': 'asciijump', 'url': ' ', 'version': '::apt'}, {'action': 'install', 'id': '5474869', 'name': 'robotfindskitten', 'url': ' ', 'version': ' '}, {'action': 'install', 'id': '5475279', 'name': 'squirrel3', 'url': ' ', 'version': '3.1-7::apt'}, {'action': 'install', 'id': '5152439', 'name': 'rolldice', 'url': ' ', 'version': '1.16-1+b1'}, {'action': 'install', 'id': '5439204', 'name': 'moon-buggy', 'url': ' ', 'version': '1:1.0.51-12'}, {'action': 'install', 'id': '5475369', 'name': 'asciijump', 'url': ' ', 'version': '::apt'}]",
    "c8y_SoftwareUpdate": [
        {
            "name": "asciijump",
            "action": "install",
            "id": "5475369",
            "version": "::apt",
            "url": " "
        },
        {
            "name": "robotfindskitten",
            "action": "install",
            "id": "5474869",
            "version": " ",
            "url": " "
        },
        {
            "name": "squirrel3",
            "action": "install",
            "id": "5475279",
            "version": "3.1-7::apt",
            "url": " "
        },
        {
            "name": "rolldice",
            "action": "install",
            "id": "5152439",
            "version": "1.16-1+b1",
            "url": " "
        },
        {
            "name": "moon-buggy",
            "action": "install",
            "id": "5439204",
            "version": "1:1.0.51-12",
            "url": " "
        },
        {
            "name": "asciijump",
            "action": "install",
            "id": "5475369",
            "version": "::apt",
            "url": " "
        }
    ]
}
13:06:40 INFO  Started operation: {'creationTime': '2022-04-28T13:06:40.386Z', 'deviceName': 'm32sd10d', 'deviceId': '17889227', 'self': 'https://t493319102.eu-latest.cumulocity.com/devicecontrol/operations/17910921', 'id': '17910921', 'status': 'PENDING', 'description': "Apply software changes, triggered from PySys: [{'action': 'install', 'id': '5475369', 'name': 'asciijump', 'url': ' ', 'version': '::apt'}, {'action': 'install', 'id': '5474869', 'name': 'robotfindskitten', 'url': ' ', 'version': ' '}, {'action': 'install', 'id': '5475279', 'name': 'squirrel3', 'url': ' ', 'version': '3.1-7::apt'}, {'action': 'install', 'id': '5152439', 'name': 'rolldice', 'url': ' ', 'version': '1.16-1+b1'}, {'action': 'install', 'id': '5439204', 'name': 'moon-buggy', 'url': ' ', 'version': '1:1.0.51-12'}, {'action': 'install', 'id': '5475369', 'name': 'asciijump', 'url': ' ', 'version': '::apt'}]", 'c8y_SoftwareUpdate': [{'name': 'asciijump', 'action': 'install', 'id': '5475369', 'version': '::apt', 'url': ' '}, {'name': 'robotfindskitten', 'action': 'install', 'id': '5474869', 'version': ' ', 'url': ' '}, {'name': 'squirrel3', 'action': 'install', 'id': '5475279', 'version': '3.1-7::apt', 'url': ' '}, {'name': 'rolldice', 'action': 'install', 'id': '5152439', 'version': '1.16-1+b1', 'url': ' '}, {'name': 'moon-buggy', 'action': 'install', 'id': '5439204', 'version': '1:1.0.51-12', 'url': ' '}, {'name': 'asciijump', 'action': 'install', 'id': '5475369', 'version': '::apt', 'url': ' '}]}
13:06:42 INFO  State of operation 17910921 : PENDING
13:06:44 INFO  State of operation 17910921 : EXECUTING
13:06:47 INFO  State of operation 17910921 : EXECUTING
13:06:49 INFO  State of operation 17910921 : EXECUTING
13:06:51 INFO  State of operation 17910921 : EXECUTING
13:06:53 INFO  State of operation 17910921 : EXECUTING
13:06:56 INFO  State of operation 17910921 : EXECUTING
13:06:59 INFO  State of operation 17910921 : EXECUTING
13:07:01 INFO  State of operation 17910921 : EXECUTING
13:07:04 INFO  State of operation 17910921 : EXECUTING
13:07:06 INFO  State of operation 17910921 : EXECUTING
13:07:08 INFO  State of operation 17910921 : EXECUTING
13:07:10 INFO  State of operation 17910921 : EXECUTING
13:07:12 INFO  State of operation 17910921 : EXECUTING
13:07:15 INFO  State of operation 17910921 : EXECUTING
13:07:17 INFO  State of operation 17910921 : EXECUTING
13:07:19 INFO  State of operation 17910921 : EXECUTING
13:07:22 INFO  State of operation 17910921 : EXECUTING
13:07:24 INFO  State of operation 17910921 : EXECUTING
13:07:27 INFO  State of operation 17910921 : EXECUTING
13:07:29 INFO  State of operation 17910921 : EXECUTING
13:07:31 INFO  State of operation 17910921 : EXECUTING
13:07:34 INFO  State of operation 17910921 : EXECUTING
13:07:36 INFO  State of operation 17910921 : EXECUTING
13:07:38 INFO  State of operation 17910921 : EXECUTING
13:07:41 INFO  State of operation 17910921 : EXECUTING
13:07:43 INFO  State of operation 17910921 : EXECUTING
13:07:45 INFO  State of operation 17910921 : EXECUTING
13:07:48 INFO  State of operation 17910921 : EXECUTING
13:07:50 INFO  State of operation 17910921 : EXECUTING
13:07:52 INFO  State of operation 17910921 : EXECUTING
13:07:55 INFO  State of operation 17910921 : EXECUTING
13:07:57 INFO  State of operation 17910921 : EXECUTING
13:07:59 INFO  State of operation 17910921 : EXECUTING
13:08:01 INFO  State of operation 17910921 : EXECUTING
13:08:04 INFO  State of operation 17910921 : EXECUTING
13:08:06 INFO  State of operation 17910921 : EXECUTING
13:08:08 INFO  State of operation 17910921 : EXECUTING
13:08:11 INFO  State of operation 17910921 : EXECUTING
13:08:14 INFO  State of operation 17910921 : EXECUTING
13:08:16 INFO  State of operation 17910921 : EXECUTING
13:08:18 INFO  State of operation 17910921 : EXECUTING
13:08:21 INFO  State of operation 17910921 : EXECUTING
13:08:23 INFO  State of operation 17910921 : EXECUTING
13:08:25 INFO  State of operation 17910921 : EXECUTING
13:08:27 INFO  State of operation 17910921 : EXECUTING
13:08:29 INFO  State of operation 17910921 : EXECUTING
13:08:32 INFO  State of operation 17910921 : EXECUTING
13:08:34 INFO  State of operation 17910921 : EXECUTING
13:08:37 INFO  State of operation 17910921 : EXECUTING
13:08:39 INFO  State of operation 17910921 : EXECUTING
13:08:41 INFO  State of operation 17910921 : EXECUTING
13:08:44 INFO  State of operation 17910921 : EXECUTING
13:08:46 INFO  State of operation 17910921 : EXECUTING
13:08:49 INFO  State of operation 17910921 : EXECUTING
13:08:51 INFO  State of operation 17910921 : EXECUTING
13:08:54 INFO  State of operation 17910921 : EXECUTING
13:08:56 INFO  State of operation 17910921 : EXECUTING
13:08:58 INFO  State of operation 17910921 : EXECUTING
13:09:00 INFO  State of operation 17910921 : EXECUTING
13:09:02 INFO  State of operation 17910921 : EXECUTING
13:09:04 WARN  SystemError occurred while running test - Timeout while waiting for status SUCCESSFUL or False
Traceback (most recent call last):
  File "/home/pi/env-pysys/lib/python3.7/site-packages/pysys/baserunner.py", line 1294, in __call__
    self.testObj.execute()
  File "/home/pi/actions-runner/_work/thin-edge.io/thin-edge.io/tests/PySys/software_management_end_to_end/sm_apt_install_remove_multiple_mixed/run.py", line 89, in execute
    self.wait_until_succcess()
  File "/home/pi/actions-runner/_work/thin-edge.io/thin-edge.io/tests/PySys/software_management_end_to_end/environment_sm_management.py", line 324, in wait_until_succcess
    self.wait_until_status("SUCCESSFUL")
  File "/home/pi/actions-runner/_work/thin-edge.io/thin-edge.io/tests/PySys/software_management_end_to_end/environment_sm_management.py", line 381, in wait_until_status
    "Timeout while waiting for status %s or %s" % (status, status2)
SystemError: Timeout while waiting for status SUCCESSFUL or False
13:09:05 WARN  SystemError: Timeout while waiting for status SUCCESSFUL or False ... blocked 
13:09:05 INFO  
13:09:05 INFO  cleanup:
13:09:11 INFO  Executed sudo&lt;tedge_disconnect_c8y&gt;, exit status 0
13:09:11 INFO  Executed systemctl&lt;serv_mapper5&gt;, exit status 3
13:09:11 INFO  
13:09:11 INFO  Test duration: 177.72 secs
13:09:11 INFO  Test final outcome:  BLOCKED
13:09:11 INFO  Test outcome reason: SystemError: Timeout while waiting for status SUCCESSFUL or False
13:09:11 INFO  
</system-out>
	</testcase>
<testcase classname="PySysTest" name="SoftwareManagement.sm_apt_install_remove_multiple_mixed">
		<failure message="BLOCKED: SystemError: Timeout while waiting for status SUCCESSFUL or False (+1 other failures)" type="BLOCKED" />
		<system-out>13:26:35 INFO  ==============================================================
13:26:35 INFO  Id:    SoftwareManagement.sm_apt_install_remove_multiple_mixed
13:26:35 INFO  Dir:   software_management_end_to_end/
13:26:35 INFO  Title: Validate end to end behaviour for the apt plugin for multiple packages with mixed versions
13:26:35 INFO  ==============================================================
13:26:35 INFO  Using sw id database: {'asciijump': '5475369', 'robotfindskitten': '5474869', 'squirrel3': '5475279', 'rolldice': '5152439', 'moon-buggy': '5439204', 'apple': '5495053', 'banana': '5494888', 'cherry': '5495382', 'watermelon': '5494510', 'registry': '8018911', 'hello-world': '8021526', 'docker/getting-started': '8021973', 'alpine': '7991792'}
13:26:35 INFO  EnvironmentC8y Setup
13:26:36 INFO  Executed systemctl&lt;serv_mapper1&gt;, exit status 3
13:26:36 INFO  Restarting mosquitto too frequently in the last 10 seconds. It was only up for 5 seconds
13:26:36 INFO  Delaying execution by 6 seconds
13:26:55 INFO  Executed sudo&lt;tedge_connect_c8y&gt;, exit status 0, duration 13 secs
13:26:56 INFO  Executed sudo&lt;tedge_connect_c8y_test&gt;, exit status 0
13:26:56 INFO  Executed systemctl&lt;serv_mosq2&gt;, exit status 0
13:26:57 INFO  Executed systemctl&lt;serv_mapper3&gt;, exit status 0
13:26:59 INFO  State of current operation: SUCCESSFUL
13:26:59 INFO  Assert that (False == value) with value=False ... passed
13:27:00 INFO  Assert that (False == value) with value=False ... passed
13:27:00 INFO  Assert that (False == value) with value=False ... passed
13:27:00 INFO  Assert that (False == value) with value=False ... passed
13:27:00 INFO  Package moon-buggy is installed
13:27:00 WARN  Assert that (False == value) with value=True ... failed 
13:27:02 INFO  Response status: 201
13:27:02 INFO  Response to action: {
    "creationTime": "2022-04-28T13:27:01.964Z",
    "deviceName": "m32sd10d",
    "deviceId": "17889227",
    "self": "https://t493319102.eu-latest.cumulocity.com/devicecontrol/operations/17911049",
    "id": "17911049",
    "status": "PENDING",
    "description": "Apply software changes, triggered from PySys: [{'action': 'install', 'id': '5475369', 'name': 'asciijump', 'url': ' ', 'version': '::apt'}, {'action': 'install', 'id': '5474869', 'name': 'robotfindskitten', 'url': ' ', 'version': ' '}, {'action': 'install', 'id': '5475279', 'name': 'squirrel3', 'url': ' ', 'version': '3.1-7::apt'}, {'action': 'install', 'id': '5152439', 'name': 'rolldice', 'url': ' ', 'version': '1.16-1+b1'}, {'action': 'install', 'id': '5439204', 'name': 'moon-buggy', 'url': ' ', 'version': '1:1.0.51-12'}, {'action': 'install', 'id': '5475369', 'name': 'asciijump', 'url': ' ', 'version': '::apt'}]",
    "c8y_SoftwareUpdate": [
        {
            "name": "asciijump",
            "action": "install",
            "id": "5475369",
            "version": "::apt",
            "url": " "
        },
        {
            "name": "robotfindskitten",
            "action": "install",
            "id": "5474869",
            "version": " ",
            "url": " "
        },
        {
            "name": "squirrel3",
            "action": "install",
            "id": "5475279",
            "version": "3.1-7::apt",
            "url": " "
        },
        {
            "name": "rolldice",
            "action": "install",
            "id": "5152439",
            "version": "1.16-1+b1",
            "url": " "
        },
        {
            "name": "moon-buggy",
            "action": "install",
            "id": "5439204",
            "version": "1:1.0.51-12",
            "url": " "
        },
        {
            "name": "asciijump",
            "action": "install",
            "id": "5475369",
            "version": "::apt",
            "url": " "
        }
    ]
}
13:27:02 INFO  Started operation: {'creationTime': '2022-04-28T13:27:01.964Z', 'deviceName': 'm32sd10d', 'deviceId': '17889227', 'self': 'https://t493319102.eu-latest.cumulocity.com/devicecontrol/operations/17911049', 'id': '17911049', 'status': 'PENDING', 'description': "Apply software changes, triggered from PySys: [{'action': 'install', 'id': '5475369', 'name': 'asciijump', 'url': ' ', 'version': '::apt'}, {'action': 'install', 'id': '5474869', 'name': 'robotfindskitten', 'url': ' ', 'version': ' '}, {'action': 'install', 'id': '5475279', 'name': 'squirrel3', 'url': ' ', 'version': '3.1-7::apt'}, {'action': 'install', 'id': '5152439', 'name': 'rolldice', 'url': ' ', 'version': '1.16-1+b1'}, {'action': 'install', 'id': '5439204', 'name': 'moon-buggy', 'url': ' ', 'version': '1:1.0.51-12'}, {'action': 'install', 'id': '5475369', 'name': 'asciijump', 'url': ' ', 'version': '::apt'}]", 'c8y_SoftwareUpdate': [{'name': 'asciijump', 'action': 'install', 'id': '5475369', 'version': '::apt', 'url': ' '}, {'name': 'robotfindskitten', 'action': 'install', 'id': '5474869', 'version': ' ', 'url': ' '}, {'name': 'squirrel3', 'action': 'install', 'id': '5475279', 'version': '3.1-7::apt', 'url': ' '}, {'name': 'rolldice', 'action': 'install', 'id': '5152439', 'version': '1.16-1+b1', 'url': ' '}, {'name': 'moon-buggy', 'action': 'install', 'id': '5439204', 'version': '1:1.0.51-12', 'url': ' '}, {'name': 'asciijump', 'action': 'install', 'id': '5475369', 'version': '::apt', 'url': ' '}]}
13:27:04 INFO  State of operation 17911049 : PENDING
13:27:06 INFO  State of operation 17911049 : EXECUTING
13:27:08 INFO  State of operation 17911049 : EXECUTING
13:27:10 INFO  State of operation 17911049 : EXECUTING
13:27:13 INFO  State of operation 17911049 : EXECUTING
13:27:15 INFO  State of operation 17911049 : EXECUTING
13:27:18 INFO  State of operation 17911049 : EXECUTING
13:27:21 INFO  State of operation 17911049 : EXECUTING
13:27:23 INFO  State of operation 17911049 : EXECUTING
13:27:25 INFO  State of operation 17911049 : EXECUTING
13:27:27 INFO  State of operation 17911049 : EXECUTING
13:27:30 INFO  State of operation 17911049 : EXECUTING
13:27:32 INFO  State of operation 17911049 : EXECUTING
13:27:34 INFO  State of operation 17911049 : EXECUTING
13:27:36 INFO  State of operation 17911049 : EXECUTING
13:27:39 INFO  State of operation 17911049 : EXECUTING
13:27:41 INFO  State of operation 17911049 : EXECUTING
13:27:44 INFO  State of operation 17911049 : EXECUTING
13:27:46 INFO  State of operation 17911049 : EXECUTING
13:27:48 INFO  State of operation 17911049 : EXECUTING
13:27:51 INFO  State of operation 17911049 : EXECUTING
13:27:53 INFO  State of operation 17911049 : EXECUTING
13:27:55 INFO  State of operation 17911049 : EXECUTING
13:27:58 INFO  State of operation 17911049 : EXECUTING
13:28:00 INFO  State of operation 17911049 : EXECUTING
13:28:02 INFO  State of operation 17911049 : EXECUTING
13:28:05 INFO  State of operation 17911049 : EXECUTING
13:28:07 INFO  State of operation 17911049 : EXECUTING
13:28:09 INFO  State of operation 17911049 : EXECUTING
13:28:11 INFO  State of operation 17911049 : EXECUTING
13:28:14 INFO  State of operation 17911049 : EXECUTING
13:28:16 INFO  State of operation 17911049 : EXECUTING
13:28:18 INFO  State of operation 17911049 : EXECUTING
13:28:20 INFO  State of operation 17911049 : EXECUTING
13:28:23 INFO  State of operation 17911049 : EXECUTING
13:28:25 INFO  State of operation 17911049 : EXECUTING
13:28:27 INFO  State of operation 17911049 : EXECUTING
13:28:29 INFO  State of operation 17911049 : EXECUTING
13:28:32 INFO  State of operation 17911049 : EXECUTING
13:28:35 INFO  State of operation 17911049 : EXECUTING
13:28:37 INFO  State of operation 17911049 : EXECUTING
13:28:39 INFO  State of operation 17911049 : EXECUTING
13:28:41 INFO  State of operation 17911049 : EXECUTING
13:28:44 INFO  State of operation 17911049 : EXECUTING
13:28:46 INFO  State of operation 17911049 : EXECUTING
13:28:48 INFO  State of operation 17911049 : EXECUTING
13:28:50 INFO  State of operation 17911049 : EXECUTING
13:28:53 INFO  State of operation 17911049 : EXECUTING
13:28:56 INFO  State of operation 17911049 : EXECUTING
13:28:58 INFO  State of operation 17911049 : EXECUTING
13:29:00 INFO  State of operation 17911049 : EXECUTING
13:29:02 INFO  State of operation 17911049 : EXECUTING
13:29:05 INFO  State of operation 17911049 : EXECUTING
13:29:07 INFO  State of operation 17911049 : EXECUTING
13:29:10 INFO  State of operation 17911049 : EXECUTING
13:29:12 INFO  State of operation 17911049 : EXECUTING
13:29:15 INFO  State of operation 17911049 : EXECUTING
13:29:17 INFO  State of operation 17911049 : EXECUTING
13:29:19 INFO  State of operation 17911049 : EXECUTING
13:29:21 INFO  State of operation 17911049 : EXECUTING
13:29:24 INFO  State of operation 17911049 : EXECUTING
13:29:26 WARN  SystemError occurred while running test - Timeout while waiting for status SUCCESSFUL or False
Traceback (most recent call last):
  File "/home/pi/env-pysys/lib/python3.7/site-packages/pysys/baserunner.py", line 1294, in __call__
    self.testObj.execute()
  File "/home/pi/actions-runner/_work/thin-edge.io/thin-edge.io/tests/PySys/software_management_end_to_end/sm_apt_install_remove_multiple_mixed/run.py", line 89, in execute
    self.wait_until_succcess()
  File "/home/pi/actions-runner/_work/thin-edge.io/thin-edge.io/tests/PySys/software_management_end_to_end/environment_sm_management.py", line 324, in wait_until_succcess
    self.wait_until_status("SUCCESSFUL")
  File "/home/pi/actions-runner/_work/thin-edge.io/thin-edge.io/tests/PySys/software_management_end_to_end/environment_sm_management.py", line 381, in wait_until_status
    "Timeout while waiting for status %s or %s" % (status, status2)
SystemError: Timeout while waiting for status SUCCESSFUL or False
13:29:26 WARN  SystemError: Timeout while waiting for status SUCCESSFUL or False ... blocked 
13:29:26 INFO  
13:29:26 INFO  cleanup:
13:29:30 INFO  Executed sudo&lt;tedge_disconnect_c8y&gt;, exit status 0
13:29:30 INFO  Executed systemctl&lt;serv_mapper5&gt;, exit status 3
13:29:30 INFO  
13:29:30 INFO  Test duration: 175.27 secs
13:29:30 INFO  Test final outcome:  BLOCKED
13:29:30 INFO  Test outcome reason: SystemError: Timeout while waiting for status SUCCESSFUL or False (+1 other failures)
13:29:30 INFO  
</system-out>
	</testcase>
</testsuite><testsuite name="SoftwareManagement.sm_apt_install_remove_with_version" tests="3" errors="0" failures="0" skipped="1" time="0"><testcase classname="PySysTest" name="SoftwareManagement.sm_apt_install_remove_with_version">
		<skipped message="SKIPPED: Testing the apt plugin is not supported on this platform.Use parameter -XmyPlatform='container' to enable it" />
		<system-out>12:32:27 INFO  ==============================================================
12:32:27 INFO  Id:    SoftwareManagement.sm_apt_install_remove_with_version
12:32:27 INFO  Dir:   software_management_end_to_end/
12:32:27 INFO  Title: Validate end to end behaviour for the apt plugin for packages with version
12:32:27 INFO  ==============================================================
12:32:27 INFO  Testing the apt plugin is not supported on this platform.Use parameter -XmyPlatform='container' to enable it ... skipped
12:32:27 WARN  Aborted test due to SKIPPED outcome
12:32:27 INFO  
12:32:27 INFO  Test duration: 0.02 secs
12:32:27 INFO  Test final outcome:  SKIPPED
12:32:27 INFO  Test outcome reason: Testing the apt plugin is not supported on this platform.Use parameter -XmyPlatform='container' to enable it
12:32:27 INFO  
</system-out>
	</testcase>
<testcase classname="PySysTest" name="SoftwareManagement.sm_apt_install_remove_with_version" />
<testcase classname="PySysTest" name="SoftwareManagement.sm_apt_install_remove_with_version" />
</testsuite><testsuite name="SoftwareManagement.sm_docker_install_remove_multiple" tests="3" errors="0" failures="2" skipped="1" time="0"><testcase classname="SMDockerInstallRemove" name="SoftwareManagement.sm_docker_install_remove_multiple">
		<skipped message="SKIPPED: Testing the apt plugin is not supported on this platform.Use parameter -XmyPlatform='container' to enable it" />
		<system-out>12:32:27 INFO  ==============================================================
12:32:27 INFO  Id:    SoftwareManagement.sm_docker_install_remove_multiple
12:32:27 INFO  Dir:   software_management_end_to_end/
12:32:27 INFO  Title: Validate end to end behaviour for the docker plugin for multiple docker images with mixed versions
12:32:27 INFO  ==============================================================
12:32:27 INFO  Testing the apt plugin is not supported on this platform.Use parameter -XmyPlatform='container' to enable it ... skipped
12:32:27 WARN  Aborted test due to SKIPPED outcome
12:32:27 INFO  
12:32:27 INFO  Test duration: 0.02 secs
12:32:27 INFO  Test final outcome:  SKIPPED
12:32:27 INFO  Test outcome reason: Testing the apt plugin is not supported on this platform.Use parameter -XmyPlatform='container' to enable it
12:32:27 INFO  
</system-out>
	</testcase>
<testcase classname="SMDockerInstallRemove" name="SoftwareManagement.sm_docker_install_remove_multiple">
		<failure message="BLOCKED: SystemError: The operation has failed" type="BLOCKED" />
		<system-out>13:13:48 INFO  ==============================================================
13:13:48 INFO  Id:    SoftwareManagement.sm_docker_install_remove_multiple
13:13:48 INFO  Dir:   software_management_end_to_end/
13:13:48 INFO  Title: Validate end to end behaviour for the docker plugin for multiple docker images with mixed versions
13:13:48 INFO  ==============================================================
13:13:49 INFO  Using sw id database: {'asciijump': '5475369', 'robotfindskitten': '5474869', 'squirrel3': '5475279', 'rolldice': '5152439', 'moon-buggy': '5439204', 'apple': '5495053', 'banana': '5494888', 'cherry': '5495382', 'watermelon': '5494510', 'registry': '8018911', 'hello-world': '8021526', 'docker/getting-started': '8021973', 'alpine': '7991792'}
13:13:49 INFO  EnvironmentC8y Setup
13:13:49 INFO  Executed systemctl&lt;serv_mapper1&gt;, exit status 3
13:14:04 INFO  Executed sudo&lt;tedge_connect_c8y&gt;, exit status 0, duration 14 secs
13:14:04 INFO  Executed sudo&lt;tedge_connect_c8y_test&gt;, exit status 0
13:14:05 INFO  Executed systemctl&lt;serv_mosq2&gt;, exit status 0
13:14:05 INFO  Executed systemctl&lt;serv_mapper3&gt;, exit status 0
13:14:07 INFO  State of current operation: SUCCESSFUL
13:14:08 INFO  Response status: 201
13:14:08 INFO  Response to action: {
    "creationTime": "2022-04-28T13:14:08.069Z",
    "deviceName": "m32sd10d",
    "deviceId": "17889227",
    "self": "https://t493319102.eu-latest.cumulocity.com/devicecontrol/operations/17910972",
    "id": "17910972",
    "status": "PENDING",
    "description": "Apply software changes, triggered from PySys: [{'action': 'install', 'id': '8021526', 'name': 'hello-world', 'url': '', 'version': '::docker'}, {'action': 'install', 'id': '8018911', 'name': 'registry', 'url': '', 'version': '2.6.2::docker'}]",
    "c8y_SoftwareUpdate": [
        {
            "name": "hello-world",
            "action": "install",
            "id": "8021526",
            "version": "::docker",
            "url": ""
        },
        {
            "name": "registry",
            "action": "install",
            "id": "8018911",
            "version": "2.6.2::docker",
            "url": ""
        }
    ]
}
13:14:08 INFO  Started operation: {'creationTime': '2022-04-28T13:14:08.069Z', 'deviceName': 'm32sd10d', 'deviceId': '17889227', 'self': 'https://t493319102.eu-latest.cumulocity.com/devicecontrol/operations/17910972', 'id': '17910972', 'status': 'PENDING', 'description': "Apply software changes, triggered from PySys: [{'action': 'install', 'id': '8021526', 'name': 'hello-world', 'url': '', 'version': '::docker'}, {'action': 'install', 'id': '8018911', 'name': 'registry', 'url': '', 'version': '2.6.2::docker'}]", 'c8y_SoftwareUpdate': [{'name': 'hello-world', 'action': 'install', 'id': '8021526', 'version': '::docker', 'url': ''}, {'name': 'registry', 'action': 'install', 'id': '8018911', 'version': '2.6.2::docker', 'url': ''}]}
13:14:10 INFO  State of operation 17910972 : PENDING
13:14:12 INFO  State of operation 17910972 : EXECUTING
13:14:14 INFO  State of operation 17910972 : EXECUTING
13:14:17 INFO  State of operation 17910972 : EXECUTING
13:14:19 INFO  State of operation 17910972 : FAILED
13:14:19 ERROR Stopping as the operation has failed
13:14:19 WARN  SystemError occurred while running test - The operation has failed
Traceback (most recent call last):
  File "/home/pi/env-pysys/lib/python3.7/site-packages/pysys/baserunner.py", line 1292, in __call__
    self.testObj.setup()
  File "/home/pi/actions-runner/_work/thin-edge.io/thin-edge.io/tests/PySys/software_management_end_to_end/sm_docker_install_remove_multiple/run.py", line 55, in setup
    self.wait_until_succcess()
  File "/home/pi/actions-runner/_work/thin-edge.io/thin-edge.io/tests/PySys/software_management_end_to_end/environment_sm_management.py", line 324, in wait_until_succcess
    self.wait_until_status("SUCCESSFUL")
  File "/home/pi/actions-runner/_work/thin-edge.io/thin-edge.io/tests/PySys/software_management_end_to_end/environment_sm_management.py", line 361, in wait_until_status
    raise SystemError("The operation has failed")
SystemError: The operation has failed
13:14:19 WARN  SystemError: The operation has failed ... blocked 
13:14:19 INFO  
13:14:19 INFO  cleanup:
13:14:23 INFO  Executed sudo&lt;tedge_disconnect_c8y&gt;, exit status 0
13:14:23 INFO  Executed systemctl&lt;serv_mapper5&gt;, exit status 3
13:14:23 INFO  
13:14:23 INFO  Test duration: 35.66 secs
13:14:23 INFO  Test final outcome:  BLOCKED
13:14:23 INFO  Test outcome reason: SystemError: The operation has failed
13:14:23 INFO  
</system-out>
	</testcase>
<testcase classname="SMDockerInstallRemove" name="SoftwareManagement.sm_docker_install_remove_multiple">
		<failure message="BLOCKED: SystemError: The operation has failed" type="BLOCKED" />
		<system-out>13:32:06 INFO  ==============================================================
13:32:06 INFO  Id:    SoftwareManagement.sm_docker_install_remove_multiple
13:32:06 INFO  Dir:   software_management_end_to_end/
13:32:06 INFO  Title: Validate end to end behaviour for the docker plugin for multiple docker images with mixed versions
13:32:06 INFO  ==============================================================
13:32:06 INFO  Using sw id database: {'asciijump': '5475369', 'robotfindskitten': '5474869', 'squirrel3': '5475279', 'rolldice': '5152439', 'moon-buggy': '5439204', 'apple': '5495053', 'banana': '5494888', 'cherry': '5495382', 'watermelon': '5494510', 'registry': '8018911', 'hello-world': '8021526', 'docker/getting-started': '8021973', 'alpine': '7991792'}
13:32:06 INFO  EnvironmentC8y Setup
13:32:06 INFO  Executed systemctl&lt;serv_mapper1&gt;, exit status 3
13:32:06 INFO  Restarting mosquitto too frequently in the last 10 seconds. It was only up for 4 seconds
13:32:06 INFO  Delaying execution by 7 seconds
13:32:27 INFO  Executed sudo&lt;tedge_connect_c8y&gt;, exit status 0, duration 13 secs
13:32:28 INFO  Executed sudo&lt;tedge_connect_c8y_test&gt;, exit status 0
13:32:28 INFO  Executed systemctl&lt;serv_mosq2&gt;, exit status 0
13:32:29 INFO  Executed systemctl&lt;serv_mapper3&gt;, exit status 0
13:32:31 INFO  State of current operation: SUCCESSFUL
[...]
		<failure message="FAILED: Assert that (True == value) with value=False" type="FAILED" />
		<system-out>12:20:31 INFO  ==============================================================
12:20:31 INFO  Id:    log_request_num_lines
12:20:31 INFO  Dir:   log_request_end_to_end/
12:20:31 INFO  Title: Validate end to end behaviour for the log request operation check for number of lines
12:20:31 INFO  ==============================================================
12:20:31 INFO  EnvironmentC8y Setup
12:20:32 INFO  Executed systemctl&lt;serv_mapper1&gt;, exit status 3
12:20:32 INFO  Restarting mosquitto too frequently in the last 10 seconds. It was only up for 5 seconds
12:20:32 INFO  Delaying execution by 6 seconds
12:20:52 INFO  Executed sudo&lt;tedge_connect_c8y&gt;, exit status 0, duration 13 secs
12:20:53 INFO  Executed sudo&lt;tedge_connect_c8y_test&gt;, exit status 0
12:20:53 INFO  Executed systemctl&lt;serv_mosq2&gt;, exit status 0
12:20:54 INFO  Executed systemctl&lt;serv_mapper3&gt;, exit status 0
12:20:54 INFO  Executed sudo&lt;rm_logs&gt;, exit status 0
12:20:55 INFO  Executed sudo&lt;move_logs&gt;, exit status 0
12:20:55 INFO  log response None
12:20:55 WARN  retry, retrying in 1 seconds...
12:20:56 INFO  log response https://thin-edge-io.eu-latest.cumulocity.com/event/events/17892017/binaries
12:20:57 INFO  nlines 0
12:20:57 WARN  Assert that (True == value) with value=False ... failed [run.py:44]
12:20:57 INFO  
12:20:57 INFO  cleanup:
12:20:57 INFO  Executed sudo&lt;rm_logs&gt;, exit status 0
12:20:58 INFO  Executed sudo&lt;rm_tmp_logs&gt;, exit status 0
12:20:58 INFO  Executed sudo&lt;send_failed&gt;, exit status 0
12:21:02 INFO  Executed sudo&lt;tedge_disconnect_c8y&gt;, exit status 0
12:21:03 INFO  Executed systemctl&lt;serv_mapper5&gt;, exit status 3
12:21:03 INFO  
12:21:03 INFO  Test duration: 31.20 secs
12:21:03 INFO  Test final outcome:  FAILED
12:21:03 INFO  Test outcome reason: Assert that (True == value) with value=False
12:21:03 INFO  
</system-out>
	</testcase>
</testsuite><testsuite name="mapper_awaits_before_reconnect" tests="1" errors="0" failures="1" skipped="0" time="0"><testcase classname="MapperReconnectAwait" name="mapper_awaits_before_reconnect">
		<failure message="FAILED: Line count on tedge_mapper_journal.out for &quot;tedge_mapper::core::mapper: MQTT connection error:&quot; expected &gt;=2 but got 0" type="FAILED" />
		<system-out>12:35:30 INFO  ==============================================================
12:35:30 INFO  Id:    mapper_awaits_before_reconnect
12:35:30 INFO  Dir:   tedge_mapper_c8y/
12:35:30 INFO  Title: Validate mapper doesn't reconnect too often
12:35:30 INFO  ==============================================================
12:35:30 INFO  Started mosquitto_sub with process id 8201
12:35:30 INFO  Waiting for 0.1 seconds
12:35:31 INFO  Executed sudo&lt;tedge_mapper&gt;, exit status 0
12:35:31 INFO  Waiting for 5.0 seconds
12:35:37 INFO  Executed sudo&lt;tedge_mapper&gt;, exit status 0
12:35:37 INFO  Executed sudo&lt;tedge_mapper_journal&gt;, exit status 0
12:35:37 WARN  Grep on tedge_mapper_journal.out contains "ERROR" ... failed [run.py:67]
12:35:37 INFO  Line count on file tedge_mapper_journal.out ... passed
12:35:37 WARN  Line count on tedge_mapper_journal.out for "tedge_mapper::core::mapper: MQTT connection error:" expected &gt;=2 but got 0 ... failed [run.py:78]
12:35:37 WARN  Aborted test due to FAILED outcome
12:35:37 INFO  
12:35:37 INFO  Test duration: 7.08 secs
12:35:37 INFO  Test final outcome:  FAILED
12:35:37 INFO  Test outcome reason: Line count on tedge_mapper_journal.out for "tedge_mapper::core::mapper: MQTT connection error:" expected &gt;=2 but got 0
12:35:37 INFO  
</system-out>
	</testcase>
</testsuite><testsuite name="monitoring_smaller_interval" tests="1" errors="0" failures="1" skipped="0" time="0"><testcase classname="MonitoringSmallInterval" name="monitoring_smaller_interval">
		<failure message="BLOCKED: TypeError: 'int' object is not subscriptable" type="BLOCKED" />
		<system-out>12:22:31 INFO  ==============================================================
12:22:31 INFO  Id:    monitoring_smaller_interval
12:22:31 INFO  Dir:   monitoring/
12:22:31 INFO  Title: Validate the tedge dm agent messages that are produced with smaller sampling interval than the batching window. Here the simulated collectd messages are used
12:22:31 INFO  ==============================================================
12:22:31 INFO  Executed sudo&lt;collectd&gt;, exit status 0
12:22:32 INFO  Executed sudo&lt;collectd_mapper&gt;, exit status 0
12:22:32 INFO  Started sudo&lt;tedge_sub&gt; with process id 4326
12:22:33 INFO  Executed sudo&lt;tedge_temp&gt;, exit status 0
12:22:33 INFO  Executed sudo&lt;tedge_pres&gt;, exit status 0
12:22:34 INFO  Executed sudo&lt;tedge_temp&gt;, exit status 0
12:22:34 INFO  Executed sudo&lt;tedge_pres&gt;, exit status 0
12:22:35 INFO  Executed sudo&lt;tedge_temp&gt;, exit status 0
12:22:35 INFO  Executed sudo&lt;tedge_pres&gt;, exit status 0
12:22:36 INFO  Executed sudo&lt;tedge_temp&gt;, exit status 0
12:22:37 INFO  Executed sudo&lt;tedge_pres&gt;, exit status 0
12:22:37 INFO  Executed sudo&lt;tedge_temp&gt;, exit status 0
12:22:38 INFO  Executed sudo&lt;tedge_pres&gt;, exit status 0
12:22:38 INFO  Executed sudo&lt;tedge_temp&gt;, exit status 0
12:22:39 INFO  Executed sudo&lt;tedge_pres&gt;, exit status 0
12:22:40 INFO  Executed sudo&lt;tedge_temp&gt;, exit status 0
12:22:40 INFO  Executed sudo&lt;tedge_pres&gt;, exit status 0
12:22:41 INFO  Executed sudo&lt;tedge_temp&gt;, exit status 0
12:22:41 INFO  Executed sudo&lt;tedge_pres&gt;, exit status 0
12:22:42 INFO  Executed sudo&lt;tedge_temp&gt;, exit status 0
12:22:42 INFO  Executed sudo&lt;tedge_pres&gt;, exit status 0
12:22:43 INFO  Executed sudo&lt;tedge_temp&gt;, exit status 0
12:22:44 INFO  Executed sudo&lt;tedge_pres&gt;, exit status 0
12:22:45 INFO  Executed sudo&lt;kill_out&gt;, exit status 0
12:22:45 INFO  0

12:22:45 WARN  TypeError occurred while running test - 'int' object is not subscriptable
Traceback (most recent call last):
  File "/home/pi/env-pysys/lib/python3.7/site-packages/pysys/baserunner.py", line 1296, in __call__
    self.testObj.validate()
  File "/home/pi/actions-runner/_work/thin-edge.io/thin-edge.io/tests/PySys/monitoring/monitoring_smaller_interval/run.py", line 104, in validate
    collectd_msg_validation_result=self.validate_json(),
  File "/home/pi/actions-runner/_work/thin-edge.io/thin-edge.io/tests/PySys/monitoring/monitoring_smaller_interval/run.py", line 114, in validate_json
    if not self.validate_time():
  File "/home/pi/actions-runner/_work/thin-edge.io/thin-edge.io/tests/PySys/monitoring/monitoring_smaller_interval/run.py", line 134, in validate_time
    if self.js_msg["time"]:
TypeError: 'int' object is not subscriptable
12:22:45 WARN  TypeError: 'int' object is not subscriptable ... blocked 
12:22:45 INFO  
12:22:45 INFO  cleanup:
12:22:45 INFO  monitoring_cleanup
12:22:46 INFO  Executed sudo&lt;collectd_mapper&gt;, exit status 0
12:22:46 INFO  
12:22:46 INFO  Test duration: 15.00 secs
12:22:46 INFO  Test final outcome:  BLOCKED
12:22:46 INFO  Test outcome reason: TypeError: 'int' object is not subscriptable
12:22:46 INFO  
</system-out>
	</testcase>
</testsuite><testsuite name="monitoring_with_collectd" tests="1" errors="0" failures="0" skipped="1" time="0"><testcase classname="MonitoringWithCollectd" name="monitoring_with_collectd">
		<skipped message="SKIPPED: Test execution disabled due to #792 (instable)" />
		<system-out>12:22:46 INFO  ==============================================================
12:22:46 INFO  Id:    monitoring_with_collectd
12:22:46 INFO  Dir:   monitoring/
12:22:46 INFO  Title: Validate tedge dm agent messages that are produced by batching the collectd messages
12:22:46 INFO  ==============================================================
12:22:46 INFO  Test execution disabled due to #792 (instable) ... skipped
12:22:46 INFO  
12:22:46 INFO  Test duration: 0.04 secs
12:22:46 INFO  Test final outcome:  SKIPPED
12:22:46 INFO  Test outcome reason: Test execution disabled due to #792 (instable)
12:22:46 INFO  
</system-out>
	</testcase>
</testsuite><testsuite name="monitoring_with_simulated_messages" tests="1" errors="0" failures="1" skipped="0" time="0"><testcase classname="MonitoringWithSimulatedMessages" name="monitoring_with_simulated_messages">
		<failure message="BLOCKED: TypeError: 'int' object is not subscriptable" type="BLOCKED" />
		<system-out>12:22:46 INFO  ==============================================================
12:22:46 INFO  Id:    monitoring_with_simulated_messages
12:22:46 INFO  Dir:   monitoring/
12:22:46 INFO  Title: Validate the tedge dm agent messages that are produced from the simulated collectd messages
12:22:46 INFO  ==============================================================
12:22:46 INFO  Executed sudo&lt;collectd&gt;, exit status 0
12:22:47 INFO  Executed sudo&lt;collectd_mapper&gt;, exit status 0
12:22:47 INFO  Started sudo&lt;tedge_sub&gt; with process id 4385
12:22:48 INFO  Executed sudo&lt;tedge_temp&gt;, exit status 0
12:22:48 INFO  Executed sudo&lt;tedge_pres&gt;, exit status 0
12:22:50 INFO  Executed sudo&lt;kill_out&gt;, exit status 0
12:22:50 INFO  0

12:22:50 WARN  TypeError occurred while running test - 'int' object is not subscriptable
Traceback (most recent call last):
  File "/home/pi/env-pysys/lib/python3.7/site-packages/pysys/baserunner.py", line 1296, in __call__
    self.testObj.validate()
  File "/home/pi/actions-runner/_work/thin-edge.io/thin-edge.io/tests/PySys/monitoring/monitoring_with_simulated_messages/run.py", line 98, in validate
    collectd_msg_validation_result=self.validate_json(),
  File "/home/pi/actions-runner/_work/thin-edge.io/thin-edge.io/tests/PySys/monitoring/monitoring_with_simulated_messages/run.py", line 108, in validate_json
    if not self.validate_time():
  File "/home/pi/actions-runner/_work/thin-edge.io/thin-edge.io/tests/PySys/monitoring/monitoring_with_simulated_messages/run.py", line 127, in validate_time
    if self.js_msg["time"]:
TypeError: 'int' object is not subscriptable
12:22:50 WARN  TypeError: 'int' object is not subscriptable ... blocked 
12:22:50 INFO  
12:22:50 INFO  cleanup:
12:22:50 INFO  monitoring_cleanup
12:22:50 INFO  Executed sudo&lt;collectd_mapper&gt;, exit status 0
12:22:50 INFO  
12:22:50 INFO  Test duration: 4.47 secs
12:22:50 INFO  Test final outcome:  BLOCKED
12:22:50 INFO  Test outcome reason: TypeError: 'int' object is not subscriptable
12:22:50 INFO  
</system-out>
	</testcase>
</testsuite><testsuite name="mqtt_port_change_connection_fails" tests="1" errors="0" failures="0" skipped="0" time="0"><testcase classname="MqttPortChangeConnectionFails" name="mqtt_port_change_connection_fails" />
</testsuite><testsuite name="mqtt_port_change_connection_works" tests="1" errors="0" failures="0" skipped="1" time="0"><testcase classname="MqttPortChangeConnectionWorks" name="mqtt_port_change_connection_works">
		<skipped message="SKIPPED: failing intermitently" />
		<system-out>12:21:38 INFO  ==============================================================
12:21:38 INFO  Id:    mqtt_port_change_connection_works
12:21:38 INFO  Dir:   misc_features/
12:21:38 INFO  Title: mqtt port change connection works for all the thin-edge services that use the mosquitto broker
12:21:38 INFO  ==============================================================
12:21:38 INFO  failing intermitently ... skipped
12:21:38 INFO  
12:21:38 INFO  Test duration: 0.02 secs
12:21:38 INFO  Test final outcome:  SKIPPED
12:21:38 INFO  Test outcome reason: failing intermitently
12:21:38 INFO  
</system-out>
	</testcase>
</testsuite><testsuite name="mqtt_port_set" tests="1" errors="0" failures="0" skipped="0" time="0"><testcase classname="MqttPortSet" name="mqtt_port_set" />
</testsuite><testsuite name="mqtt_port_unset" tests="1" errors="0" failures="0" skipped="0" time="0"><testcase classname="MqttPortUnSet" name="mqtt_port_unset" />
</testsuite><testsuite name="publish_flux" tests="1" errors="0" failures="0" skipped="0" time="0"><testcase classname="PublishFlux" name="publish_flux" />
</testsuite><testsuite name="publish_sawmill" tests="1" errors="0" failures="0" skipped="0" time="0"><testcase classname="PublishSawmill" name="publish_sawmill" />
</testsuite><testsuite name="runtime_start_two_mappers" tests="1" errors="0" failures="1" skipped="0" time="0"><testcase classname="RuntimeMultiMappers" name="runtime_start_two_mappers">
		<failure message="FAILED: Grep on tedge_mapper2.err contains &quot;Error: Couldn't acquire file lock.&quot;" type="FAILED" />
		<system-out>12:35:37 INFO  ==============================================================
12:35:37 INFO  Id:    runtime_start_two_mappers
12:35:37 INFO  Dir:   tedge_mapper_c8y/
12:35:37 INFO  Title: Validate two mappers can't be started at the same time
12:35:37 INFO  ==============================================================
12:35:38 INFO  Executed sudo&lt;tedge_mapper1&gt;, exit status 0
12:35:38 INFO  Waiting for 0.1 seconds
12:35:39 INFO  Executed sudo&lt;tedge_mapper2&gt;, exit status 1
12:35:39 INFO  Executed sudo&lt;tedge_mapper1&gt;, exit status 0
12:35:39 WARN  Grep on tedge_mapper2.err contains "Error: Couldn't acquire file lock." ... failed [run.py:46]
12:35:39 INFO  
12:35:39 INFO  Test duration: 1.74 secs
12:35:39 INFO  Test final outcome:  FAILED
12:35:39 INFO  Test outcome reason: Grep on tedge_mapper2.err contains "Error: Couldn't acquire file lock."
12:35:39 INFO  
</system-out>
	</testcase>
</testsuite><testsuite name="sm_tedge_mapper_init_session" tests="1" errors="0" failures="0" skipped="0" time="0"><testcase classname="TedgeSMMapperInitSession" name="sm_tedge_mapper_init_session" />
</testsuite><testsuite name="smoketest_json" tests="1" errors="0" failures="0" skipped="0" time="0"><testcase classname="SmokeTestJson" name="smoketest_json" />
</testsuite><testsuite name="smoketest_json_400_samples_10ms" tests="1" errors="0" failures="0" skipped="0" time="0"><testcase classname="SmoketestJson400Samples10ms" name="smoketest_json_400_samples_10ms" />
</testsuite><testsuite name="smoketest_json_400_samples_20ms" tests="1" errors="0" failures="0" skipped="0" time="0"><testcase classname="SmoketestJson400Samples20ms" name="smoketest_json_400_samples_20ms" />
</testsuite><testsuite name="smoketest_smartrest" tests="1" errors="0" failures="0" skipped="0" time="0"><testcase classname="SmoketestSmartRest" name="smoketest_smartrest" />
</testsuite><testsuite name="smoketest_smartrest_400_samples_1Xms" tests="1" errors="0" failures="0" skipped="0" time="0"><testcase classname="SmoketestSmartRest400Samples1Xms" name="smoketest_smartrest_400_samples_1Xms" />
</testsuite><testsuite name="smoketest_smartrest_400_samples_20ms" tests="1" errors="0" failures="0" skipped="0" time="0"><testcase classname="SmoketestSmartRest400Samples20ms" name="smoketest_smartrest_400_samples_20ms" />
</testsuite><testsuite name="tedge_agent_user_sudo_access" tests="1" errors="0" failures="0" skipped="1" time="0"><testcase classname="TedgeAgentUserSudoAccess" name="tedge_agent_user_sudo_access">
		<skipped message="SKIPPED: #955 Observation: Exit code of the apt plugin when called with no arguments" />
		<system-out>12:32:53 INFO  ==============================================================
12:32:53 INFO  Id:    tedge_agent_user_sudo_access
12:32:53 INFO  Dir:   tedge/
12:32:53 INFO  Title: Validate tedge-agent user has a limited sudo right
12:32:53 INFO  ==============================================================
12:32:53 INFO  #955 Observation: Exit code of the apt plugin when called with no arguments ... skipped
12:32:53 INFO  
12:32:53 INFO  Test duration: 0.02 secs
12:32:53 INFO  Test final outcome:  SKIPPED
12:32:53 INFO  Test outcome reason: #955 Observation: Exit code of the apt plugin when called with no arguments
12:32:53 INFO  
</system-out>
	</testcase>
</testsuite><testsuite name="tedge_connect_test_negative" tests="1" errors="0" failures="0" skipped="0" time="0"><testcase classname="TedgeConnectTestNegative" name="tedge_connect_test_negative" />
</testsuite><testsuite name="tedge_connect_test_positive" tests="1" errors="0" failures="0" skipped="0" time="0"><testcase classname="TedgeConnectTestPositive" name="tedge_connect_test_positive" />
</testsuite><testsuite name="tedge_connect_test_sm_services" tests="1" errors="0" failures="0" skipped="0" time="0"><testcase classname="TedgeConnectTestSMServices" name="tedge_connect_test_sm_services" />
</testsuite><testsuite name="tedge_disconnect_test_sm_services" tests="1" errors="0" failures="0" skipped="0" time="0"><testcase classname="TedgeDisConnectTestSMServices" name="tedge_disconnect_test_sm_services" />
</testsuite><testsuite name="tedge_mapper_az_negative" tests="1" errors="0" failures="0" skipped="0" time="0"><testcase classname="TedgeMapperAzError" name="tedge_mapper_az_negative" />
</testsuite><testsuite name="tedge_mapper_az_with_timestamp" tests="1" errors="0" failures="0" skipped="0" time="0"><testcase classname="TedgeMapperAzWithTimestamp" name="tedge_mapper_az_with_timestamp" />
</testsuite><testsuite name="tedge_mapper_az_without_timestamp" tests="1" errors="0" failures="0" skipped="0" time="0"><testcase classname="TedgeMapperAzWithoutTimestamp" name="tedge_mapper_az_without_timestamp" />
</testsuite><testsuite name="tedge_mapper_c8y_alarms" tests="1" errors="0" failures="0" skipped="0" time="0"><testcase classname="TedgeMapperC8yAlarm" name="tedge_mapper_c8y_alarms" />
</testsuite><testsuite name="tedge_mapper_c8y_child_device_measurement" tests="1" errors="0" failures="0" skipped="0" time="0"><testcase classname="TedgeMapperC8yChildDevice" name="tedge_mapper_c8y_child_device_measurement" />
</testsuite><testsuite name="tedge_mapper_c8y_packet_threshold_size" tests="1" errors="0" failures="1" skipped="0" time="0"><testcase classname="TedgeMapperC8yThresholdPacketSize" name="tedge_mapper_c8y_packet_threshold_size">
		<failure message="FAILED: Grep on tedge_sub.out contains &quot;The size of the message received on tedge/measurements is 20489 which is greater than the threshold size of 16184.&quot;" type="FAILED" />
		<system-out>12:37:13 INFO  ==============================================================
12:37:13 INFO  Id:    tedge_mapper_c8y_packet_threshold_size
12:37:13 INFO  Dir:   tedge_mapper_c8y/
12:37:13 INFO  Title: Validate the Cumulocity Mapper accepted threshold packet size when it receives a message on tedge/measurements
12:37:13 INFO  ==============================================================
12:37:14 INFO  Executed sudo&lt;tedge_mapper_c8y&gt;, exit status 0
12:37:14 INFO  Started sudo&lt;tedge_sub&gt; with process id 8795
12:37:14 INFO  Executed sudo&lt;tedge_msg&gt;, exit status 0
12:37:15 INFO  Executed sudo&lt;tedge_pub&gt;, exit status 0
12:37:15 INFO  Executed sudo&lt;kill_out&gt;, exit status 0
12:37:15 WARN  Grep on tedge_sub.out contains "The size of the message received on tedge/measurements is 20489 which is greater than the threshold size of 16184." ... failed [run.py:88]
12:37:15 INFO  
12:37:15 INFO  cleanup:
12:37:15 INFO  mapper_cleanup
12:37:16 INFO  Executed sudo&lt;tedge_mapper_c8y&gt;, exit status 0
12:37:16 INFO  
12:37:16 INFO  Test duration: 2.93 secs
12:37:16 INFO  Test final outcome:  FAILED
12:37:16 INFO  Test outcome reason: Grep on tedge_sub.out contains "The size of the message received on tedge/measurements is 20489 which is greater than the threshold size of 16184."
12:37:16 INFO  
</system-out>
	</testcase>
</testsuite><testsuite name="tedge_software_update" tests="1" errors="0" failures="0" skipped="0" time="0"><testcase classname="PySysTest" name="tedge_software_update" />
</testsuite><testsuite name="valid_device_id" tests="1" errors="0" failures="0" skipped="0" time="0"><testcase classname="ValidateValidDeviceId" name="valid_device_id" />
</testsuite></testsuites>