<?xml version='1.0' encoding='utf-8'?>
<testsuites tests="147" failures="17" errors="0" skipped="45" time="0.0"><testsuite name="SoftwareManagement.Plugin.apama_plugin_install" tests="3" errors="0" failures="0" skipped="1" time="0"><testcase classname="ApamaPluginInstallTest" name="SoftwareManagement.Plugin.apama_plugin_install">
		<skipped message="SKIPPED: Apama plugin tests are disabled by default. Execute `pysys run` with `-XmyPlatform=container` to run these tests" />
		<system-out>14:38:08 INFO  ==============================================================
14:38:08 INFO  Id:    SoftwareManagement.Plugin.apama_plugin_install
14:38:08 INFO  Dir:   plugin_apama/
14:38:08 INFO  Title: Validate apama plugin install
14:38:08 INFO  ==============================================================
14:38:08 INFO  Apama plugin tests are disabled by default. Execute `pysys run` with `-XmyPlatform=container` to run these tests ... skipped
14:38:08 WARN  Aborted test due to SKIPPED outcome
14:38:08 INFO  
14:38:08 INFO  Test duration: 0.05 secs
14:38:08 INFO  Test final outcome:  SKIPPED
14:38:08 INFO  Test outcome reason: Apama plugin tests are disabled by default. Execute `pysys run` with `-XmyPlatform=container` to run these tests
14:38:08 INFO  
</system-out>
	</testcase>
<testcase classname="ApamaPluginInstallTest" name="SoftwareManagement.Plugin.apama_plugin_install" />
<testcase classname="ApamaPluginInstallTest" name="SoftwareManagement.Plugin.apama_plugin_install" />
</testsuite><testsuite name="SoftwareManagement.Plugin.apama_plugin_mon_support" tests="3" errors="0" failures="0" skipped="1" time="0"><testcase classname="ApamaPluginMonSupportTest" name="SoftwareManagement.Plugin.apama_plugin_mon_support">
		<skipped message="SKIPPED: Apama plugin tests are disabled by default. Execute `pysys run` with `-XmyPlatform=container` to run these tests" />
		<system-out>14:38:08 INFO  ==============================================================
14:38:08 INFO  Id:    SoftwareManagement.Plugin.apama_plugin_mon_support
14:38:08 INFO  Dir:   plugin_apama/
14:38:08 INFO  Title: Validate mon file support of apama plugin
14:38:08 INFO  ==============================================================
14:38:08 INFO  Apama plugin tests are disabled by default. Execute `pysys run` with `-XmyPlatform=container` to run these tests ... skipped
14:38:08 WARN  Aborted test due to SKIPPED outcome
14:38:08 INFO  
14:38:08 INFO  Test duration: 0.03 secs
14:38:08 INFO  Test final outcome:  SKIPPED
14:38:08 INFO  Test outcome reason: Apama plugin tests are disabled by default. Execute `pysys run` with `-XmyPlatform=container` to run these tests
14:38:08 INFO  
</system-out>
	</testcase>
<testcase classname="ApamaPluginMonSupportTest" name="SoftwareManagement.Plugin.apama_plugin_mon_support" />
<testcase classname="ApamaPluginMonSupportTest" name="SoftwareManagement.Plugin.apama_plugin_mon_support" />
</testsuite><testsuite name="SoftwareManagement.Plugin.apama_plugin_remove" tests="3" errors="0" failures="0" skipped="1" time="0"><testcase classname="ApamaPluginRemoveTest" name="SoftwareManagement.Plugin.apama_plugin_remove">
		<skipped message="SKIPPED: Apama plugin tests are disabled by default. Execute `pysys run` with `-XmyPlatform=container` to run these tests" />
		<system-out>14:38:08 INFO  ==============================================================
14:38:08 INFO  Id:    SoftwareManagement.Plugin.apama_plugin_remove
14:38:08 INFO  Dir:   plugin_apama/
14:38:08 INFO  Title: Validate apama plugin remove
14:38:08 INFO  ==============================================================
14:38:08 INFO  Apama plugin tests are disabled by default. Execute `pysys run` with `-XmyPlatform=container` to run these tests ... skipped
14:38:08 WARN  Aborted test due to SKIPPED outcome
14:38:08 INFO  
14:38:08 INFO  Test duration: 0.02 secs
14:38:08 INFO  Test final outcome:  SKIPPED
14:38:08 INFO  Test outcome reason: Apama plugin tests are disabled by default. Execute `pysys run` with `-XmyPlatform=container` to run these tests
14:38:08 INFO  
</system-out>
	</testcase>
<testcase classname="ApamaPluginRemoveTest" name="SoftwareManagement.Plugin.apama_plugin_remove" />
<testcase classname="ApamaPluginRemoveTest" name="SoftwareManagement.Plugin.apama_plugin_remove" />
</testsuite><testsuite name="SoftwareManagement.Plugin.apama_plugin_update" tests="3" errors="0" failures="2" skipped="1" time="0"><testcase classname="ApamaPluginUpdateTest" name="SoftwareManagement.Plugin.apama_plugin_update">
		<skipped message="SKIPPED: Apama plugin tests are disabled by default. Execute `pysys run` with `-XmyPlatform=container` to run these tests" />
		<system-out>14:38:08 INFO  ==============================================================
14:38:08 INFO  Id:    SoftwareManagement.Plugin.apama_plugin_update
14:38:08 INFO  Dir:   plugin_apama/
14:38:08 INFO  Title: Validate apama plugin updating one project with another
14:38:08 INFO  ==============================================================
14:38:08 INFO  Apama plugin tests are disabled by default. Execute `pysys run` with `-XmyPlatform=container` to run these tests ... skipped
14:38:08 WARN  Aborted test due to SKIPPED outcome
14:38:08 INFO  
14:38:08 INFO  Test duration: 0.02 secs
14:38:08 INFO  Test final outcome:  SKIPPED
14:38:08 INFO  Test outcome reason: Apama plugin tests are disabled by default. Execute `pysys run` with `-XmyPlatform=container` to run these tests
14:38:08 INFO  
</system-out>
	</testcase>
<testcase classname="ApamaPluginUpdateTest" name="SoftwareManagement.Plugin.apama_plugin_update">
		<failure message="BLOCKED: sudo&lt;plugin_install&gt; returned non-zero exit code 2" type="BLOCKED" />
		<system-out>15:29:15 INFO  ==============================================================
15:29:15 INFO  Id:    SoftwareManagement.Plugin.apama_plugin_update
15:29:15 INFO  Dir:   plugin_apama/
15:29:15 INFO  Title: Validate apama plugin updating one project with another
15:29:15 INFO  ==============================================================
15:29:15 INFO  Assertion that path exists=False for "/etc/tedge/apama/project" ... passed
15:29:15 INFO  Executed sudo&lt;create_project_dir&gt;, exit status 0
15:29:16 INFO  Executed sudo&lt;unzip_apama_project&gt;, exit status 0
15:29:17 INFO  Executed sudo&lt;move_apama_project&gt;, exit status 0
15:29:17 INFO  Executed sudo&lt;restart_apama_service&gt;, exit status 0
15:29:18 INFO  Executed sudo&lt;apama_correlator_wait&gt;, exit status 0
15:29:18 INFO  Assertion that path exists=True for "/etc/tedge/apama/project" ... passed
15:29:19 INFO  Executed sudo&lt;apama_list_monitors&gt;, exit status 0
15:29:19 INFO  Grep on file /home/pi/actions-runner/_work/thin-edge.io/thin-edge.io/tests/PySys/plugin_apama/apama_plugin_update/Output/linux/apama_list_monitors.out ... passed
15:29:20 WARN  Executed sudo&lt;plugin_install&gt;, exit status 2
15:29:20 INFO  Contents of plugin_install.err: 
  ERROR: Directory not empty (os error 39)
  -----

15:29:20 WARN  sudo&lt;plugin_install&gt; returned non-zero exit code 2 ... blocked [run.py:35]
15:29:20 WARN  Aborted test due to BLOCKED outcome
15:29:20 INFO  
15:29:20 INFO  cleanup:
15:29:20 INFO  Removing apama project
15:29:35 INFO  Executed sudo&lt;stop_apama_service&gt;, exit status 0, duration 15 secs
15:29:35 INFO  Executed sudo&lt;remove_apama_project&gt;, exit status 0
15:29:36 INFO  Executed sudo&lt;remove_apama_tmp_dir&gt;, exit status 0
15:29:36 INFO  
15:29:36 INFO  Test duration: 21.04 secs
15:29:36 INFO  Test final outcome:  BLOCKED
15:29:36 INFO  Test outcome reason: sudo&lt;plugin_install&gt; returned non-zero exit code 2
15:29:36 INFO  
</system-out>
	</testcase>
<testcase classname="ApamaPluginUpdateTest" name="SoftwareManagement.Plugin.apama_plugin_update">
		<failure message="BLOCKED: sudo&lt;plugin_install&gt; returned non-zero exit code 2" type="BLOCKED" />
		<system-out>15:37:44 INFO  ==============================================================
15:37:44 INFO  Id:    SoftwareManagement.Plugin.apama_plugin_update
15:37:44 INFO  Dir:   plugin_apama/
15:37:44 INFO  Title: Validate apama plugin updating one project with another
15:37:44 INFO  ==============================================================
15:37:44 INFO  Assertion that path exists=False for "/etc/tedge/apama/project" ... passed
15:37:44 INFO  Executed sudo&lt;create_project_dir&gt;, exit status 0
15:37:45 INFO  Executed sudo&lt;unzip_apama_project&gt;, exit status 0
15:37:45 INFO  Executed sudo&lt;move_apama_project&gt;, exit status 0
15:37:46 INFO  Executed sudo&lt;restart_apama_service&gt;, exit status 0
15:37:47 INFO  Executed sudo&lt;apama_correlator_wait&gt;, exit status 0
15:37:47 INFO  Assertion that path exists=True for "/etc/tedge/apama/project" ... passed
15:37:48 INFO  Executed sudo&lt;apama_list_monitors&gt;, exit status 0
15:37:48 INFO  Grep on file /home/pi/actions-runner/_work/thin-edge.io/thin-edge.io/tests/PySys/plugin_apama/apama_plugin_update/Output/linux/apama_list_monitors.out ... passed
15:37:48 WARN  Executed sudo&lt;plugin_install&gt;, exit status 2
15:37:48 INFO  Contents of plugin_install.err: 
  ERROR: Directory not empty (os error 39)
  -----

15:37:48 WARN  sudo&lt;plugin_install&gt; returned non-zero exit code 2 ... blocked [run.py:35]
15:37:48 WARN  Aborted test due to BLOCKED outcome
15:37:48 INFO  
15:37:48 INFO  cleanup:
15:37:48 INFO  Removing apama project
15:38:05 INFO  Executed sudo&lt;stop_apama_service&gt;, exit status 0, duration 16 secs
15:38:05 INFO  Executed sudo&lt;remove_apama_project&gt;, exit status 0
15:38:06 INFO  Executed sudo&lt;remove_apama_tmp_dir&gt;, exit status 0
15:38:06 INFO  
15:38:06 INFO  Test duration: 22.37 secs
15:38:06 INFO  Test final outcome:  BLOCKED
15:38:06 INFO  Test outcome reason: sudo&lt;plugin_install&gt; returned non-zero exit code 2
15:38:06 INFO  
</system-out>
	</testcase>
</testsuite><testsuite name="SoftwareManagement.sm_apt_install_download_path" tests="3" errors="0" failures="2" skipped="1" time="0"><testcase classname="AptInstallWithDownloadPath" name="SoftwareManagement.sm_apt_install_download_path">
		<skipped message="SKIPPED: Testing the apt plugin is not supported on this platform.Use parameter -XmyPlatform='container' to enable it" />
		<system-out>14:47:44 INFO  ==============================================================
14:47:44 INFO  Id:    SoftwareManagement.sm_apt_install_download_path
14:47:44 INFO  Dir:   software_management_end_to_end/
14:47:44 INFO  Title: Install package to directory specified in tedge config set tmp.path
14:47:44 INFO  ==============================================================
14:47:44 INFO  Testing the apt plugin is not supported on this platform.Use parameter -XmyPlatform='container' to enable it ... skipped
14:47:44 WARN  Aborted test due to SKIPPED outcome
14:47:44 INFO  
14:47:44 INFO  Test duration: 0.08 secs
14:47:44 INFO  Test final outcome:  SKIPPED
14:47:44 INFO  Test outcome reason: Testing the apt plugin is not supported on this platform.Use parameter -XmyPlatform='container' to enable it
14:47:44 INFO  
</system-out>
	</testcase>
<testcase classname="AptInstallWithDownloadPath" name="SoftwareManagement.sm_apt_install_download_path">
		<failure message="BLOCKED: AssertionError:" type="BLOCKED" />
		<system-out>15:11:20 INFO  ==============================================================
15:11:20 INFO  Id:    SoftwareManagement.sm_apt_install_download_path
15:11:20 INFO  Dir:   software_management_end_to_end/
15:11:20 INFO  Title: Install package to directory specified in tedge config set tmp.path
15:11:20 INFO  ==============================================================
15:11:20 INFO  Using sw id database: {'asciijump': '5475369', 'robotfindskitten': '5474869', 'squirrel3': '5475279', 'rolldice': '5152439', 'moon-buggy': '5439204', 'apple': '5495053', 'banana': '5494888', 'cherry': '5495382', 'watermelon': '5494510', 'registry': '8018911', 'hello-world': '8021526', 'docker/getting-started': '8021973', 'alpine': '7991792'}
15:11:20 INFO  EnvironmentC8y Setup
15:11:21 INFO  Executed systemctl&lt;serv_mapper1&gt;, exit status 3
15:11:35 INFO  Executed sudo&lt;tedge_connect_c8y&gt;, exit status 0, duration 14 secs
15:11:36 INFO  Executed sudo&lt;tedge_connect_c8y_test&gt;, exit status 0
15:11:37 INFO  Executed systemctl&lt;serv_mosq2&gt;, exit status 0
15:11:38 INFO  Executed systemctl&lt;serv_mapper3&gt;, exit status 0
15:11:40 INFO  State of current operation: SUCCESSFUL
15:11:41 INFO  Assert that (False == value) with value=False ... passed
15:11:41 INFO  Executed sudo, exit status 0
15:11:42 INFO  Executed sudo, exit status 0
15:11:42 INFO  Executed sudo, exit status 0
15:11:46 INFO  Executed sudo&lt;tedge_disconnect_c8y&gt;, exit status 0
15:11:46 INFO  Restarting mosquitto too frequently in the last 10 seconds. It was only up for 3 seconds
15:11:46 INFO  Delaying execution by 8 seconds
15:12:08 INFO  Executed sudo&lt;tedge_connect_c8y&gt;, exit status 0, duration 13 secs
15:12:08 INFO  Response status: 201
15:12:08 INFO  Response to action: {
    "creationTime": "2022-05-09T15:12:08.563Z",
    "deviceName": "m32sd10d",
    "deviceId": "18555945",
    "self": "https://t493319102.eu-latest.cumulocity.com/devicecontrol/operations/18564111",
    "id": "18564111",
    "status": "PENDING",
    "description": "Apply software changes, triggered from PySys: [{'name': 'rolldice', 'id': '5152439', 'version': '::apt', 'url': 'https://thin-edge-io.eu-latest.cumulocity.com/inventory/binaries/12435463', 'action': 'install'}]",
    "c8y_SoftwareUpdate": [
        {
            "name": "rolldice",
            "action": "install",
            "id": "5152439",
            "version": "::apt",
            "url": "https://thin-edge-io.eu-latest.cumulocity.com/inventory/binaries/12435463"
        }
    ]
}
15:12:08 INFO  Started operation: {'creationTime': '2022-05-09T15:12:08.563Z', 'deviceName': 'm32sd10d', 'deviceId': '18555945', 'self': 'https://t493319102.eu-latest.cumulocity.com/devicecontrol/operations/18564111', 'id': '18564111', 'status': 'PENDING', 'description': "Apply software changes, triggered from PySys: [{'name': 'rolldice', 'id': '5152439', 'version': '::apt', 'url': 'https://thin-edge-io.eu-latest.cumulocity.com/inventory/binaries/12435463', 'action': 'install'}]", 'c8y_SoftwareUpdate': [{'name': 'rolldice', 'action': 'install', 'id': '5152439', 'version': '::apt', 'url': 'https://thin-edge-io.eu-latest.cumulocity.com/inventory/binaries/12435463'}]}
15:12:08 WARN  , retrying in 0.5 seconds...
15:12:09 WARN  , retrying in 0.5 seconds...
15:12:09 WARN  , retrying in 0.5 seconds...
15:12:10 WARN  , retrying in 0.5 seconds...
15:12:10 WARN  , retrying in 0.5 seconds...
15:12:11 WARN  , retrying in 0.5 seconds...
15:12:11 WARN  , retrying in 0.5 seconds...
15:12:12 WARN  , retrying in 0.5 seconds...
15:12:12 WARN  , retrying in 0.5 seconds...
15:12:13 WARN  AssertionError occurred while running test - 
Traceback (most recent call last):
  File "/home/pi/env-pysys/lib/python3.7/site-packages/pysys/baserunner.py", line 1294, in __call__
    self.testObj.execute()
  File "/home/pi/actions-runner/_work/thin-edge.io/thin-edge.io/tests/PySys/software_management_end_to_end/sm_apt_install_download_path/run.py", line 83, in execute
    assert_install_in_download_path(install_directory=self.DOWNLOAD_DIR)
  File "/home/pi/env-pysys/lib/python3.7/site-packages/decorator.py", line 232, in fun
    return caller(func, *(extras + args), **kw)
  File "/home/pi/env-pysys/lib/python3.7/site-packages/retry/api.py", line 74, in retry_decorator
    logger)
  File "/home/pi/env-pysys/lib/python3.7/site-packages/retry/api.py", line 33, in __retry_internal
    return f()
  File "/home/pi/actions-runner/_work/thin-edge.io/thin-edge.io/tests/PySys/software_management_end_to_end/sm_apt_install_download_path/run.py", line 28, in assert_install_in_download_path
    assert "rolldice" in os.listdir(f"{install_directory}")
AssertionError
15:12:13 WARN  AssertionError: ... blocked 
15:12:13 INFO  
15:12:13 INFO  cleanup:
15:12:14 INFO  Executed sudo, exit status 0
15:12:14 INFO  Executed sudo, exit status 0
15:12:19 INFO  Executed sudo&lt;tedge_disconnect_c8y&gt;, exit status 0
15:12:19 INFO  Restarting mosquitto too frequently in the last 10 seconds. It was only up for 3 seconds
15:12:19 INFO  Delaying execution by 8 seconds
15:12:41 INFO  Executed sudo&lt;tedge_connect_c8y&gt;, exit status 0, duration 14 secs
15:12:45 INFO  Executed sudo&lt;tedge_disconnect_c8y&gt;, exit status 0
15:12:45 INFO  Executed systemctl&lt;serv_mapper5&gt;, exit status 3
15:12:45 INFO  
15:12:45 INFO  Test duration: 85.31 secs
15:12:45 INFO  Test final outcome:  BLOCKED
15:12:45 INFO  Test outcome reason: AssertionError:
15:12:45 INFO  
</system-out>
	</testcase>
<testcase classname="AptInstallWithDownloadPath" name="SoftwareManagement.sm_apt_install_download_path">
		<failure message="BLOCKED: AssertionError:" type="BLOCKED" />
		<system-out>15:38:06 INFO  ==============================================================
15:38:06 INFO  Id:    SoftwareManagement.sm_apt_install_download_path
15:38:06 INFO  Dir:   software_management_end_to_end/
15:38:06 INFO  Title: Install package to directory specified in tedge config set tmp.path
15:38:06 INFO  ==============================================================
15:38:07 INFO  Using sw id database: {'asciijump': '5475369', 'robotfindskitten': '5474869', 'squirrel3': '5475279', 'rolldice': '5152439', 'moon-buggy': '5439204', 'apple': '5495053', 'banana': '5494888', 'cherry': '5495382', 'watermelon': '5494510', 'registry': '8018911', 'hello-world': '8021526', 'docker/getting-started': '8021973', 'alpine': '7991792'}
15:38:07 INFO  EnvironmentC8y Setup
15:38:08 INFO  Executed systemctl&lt;serv_mapper1&gt;, exit status 3
15:38:22 INFO  Executed sudo&lt;tedge_connect_c8y&gt;, exit status 0, duration 14 secs
15:38:23 INFO  Executed sudo&lt;tedge_connect_c8y_test&gt;, exit status 0
15:38:23 INFO  Executed systemctl&lt;serv_mosq2&gt;, exit status 0
15:38:24 INFO  Executed systemctl&lt;serv_mapper3&gt;, exit status 0
15:38:26 INFO  State of current operation: SUCCESSFUL
15:38:26 INFO  Assert that (False == value) with value=False ... passed
15:38:27 INFO  Executed sudo, exit status 0
15:38:27 INFO  Executed sudo, exit status 0
15:38:28 INFO  Executed sudo, exit status 0
15:38:32 INFO  Executed sudo&lt;tedge_disconnect_c8y&gt;, exit status 0
15:38:32 INFO  Restarting mosquitto too frequently in the last 10 seconds. It was only up for 3 seconds
15:38:32 INFO  Delaying execution by 8 seconds
15:38:54 INFO  Executed sudo&lt;tedge_connect_c8y&gt;, exit status 0, duration 14 secs
15:38:55 INFO  Response status: 201
15:38:55 INFO  Response to action: {
    "creationTime": "2022-05-09T15:38:55.009Z",
    "deviceName": "m32sd10d",
    "deviceId": "18555945",
    "self": "https://t493319102.eu-latest.cumulocity.com/devicecontrol/operations/18564285",
    "id": "18564285",
    "status": "PENDING",
    "description": "Apply software changes, triggered from PySys: [{'name': 'rolldice', 'id': '5152439', 'version': '::apt', 'url': 'https://thin-edge-io.eu-latest.cumulocity.com/inventory/binaries/12435463', 'action': 'install'}]",
    "c8y_SoftwareUpdate": [
        {
            "name": "rolldice",
            "action": "install",
            "id": "5152439",
            "version": "::apt",
            "url": "https://thin-edge-io.eu-latest.cumulocity.com/inventory/binaries/12435463"
        }
    ]
}
15:38:55 INFO  Started operation: {'creationTime': '2022-05-09T15:38:55.009Z', 'deviceName': 'm32sd10d', 'deviceId': '18555945', 'self': 'https://t493319102.eu-latest.cumulocity.com/devicecontrol/operations/18564285', 'id': '18564285', 'status': 'PENDING', 'description': "Apply software changes, triggered from PySys: [{'name': 'rolldice', 'id': '5152439', 'version': '::apt', 'url': 'https://thin-edge-io.eu-latest.cumulocity.com/inventory/binaries/12435463', 'action': 'install'}]", 'c8y_SoftwareUpdate': [{'name': 'rolldice', 'action': 'install', 'id': '5152439', 'version': '::apt', 'url': 'https://thin-edge-io.eu-latest.cumulocity.com/inventory/binaries/12435463'}]}
15:38:55 WARN  , retrying in 0.5 seconds...
15:38:55 WARN  , retrying in 0.5 seconds...
15:38:56 WARN  , retrying in 0.5 seconds...
15:38:56 WARN  , retrying in 0.5 seconds...
15:38:57 WARN  , retrying in 0.5 seconds...
15:38:57 WARN  , retrying in 0.5 seconds...
15:38:58 WARN  , retrying in 0.5 seconds...
15:38:58 WARN  , retrying in 0.5 seconds...
15:38:59 WARN  , retrying in 0.5 seconds...
15:38:59 WARN  AssertionError occurred while running test - 
Traceback (most recent call last):
  File "/home/pi/env-pysys/lib/python3.7/site-packages/pysys/baserunner.py", line 1294, in __call__
    self.testObj.execute()
  File "/home/pi/actions-runner/_work/thin-edge.io/thin-edge.io/tests/PySys/software_management_end_to_end/sm_apt_install_download_path/run.py", line 83, in execute
    assert_install_in_download_path(install_directory=self.DOWNLOAD_DIR)
  File "/home/pi/env-pysys/lib/python3.7/site-packages/decorator.py", line 232, in fun
    return caller(func, *(extras + args), **kw)
  File "/home/pi/env-pysys/lib/python3.7/site-packages/retry/api.py", line 74, in retry_decorator
    logger)
  File "/home/pi/env-pysys/lib/python3.7/site-packages/retry/api.py", line 33, in __retry_internal
    return f()
  File "/home/pi/actions-runner/_work/thin-edge.io/thin-edge.io/tests/PySys/software_management_end_to_end/sm_apt_install_download_path/run.py", line 28, in assert_install_in_download_path
    assert "rolldice" in os.listdir(f"{install_directory}")
AssertionError
15:38:59 WARN  AssertionError: ... blocked 
15:38:59 INFO  
15:38:59 INFO  cleanup:
15:39:00 INFO  Executed sudo, exit status 0
15:39:00 INFO  Executed sudo, exit status 0
15:39:05 INFO  Executed sudo&lt;tedge_disconnect_c8y&gt;, exit status 0
15:39:05 INFO  Restarting mosquitto too frequently in the last 10 seconds. It was only up for 4 seconds
15:39:05 INFO  Delaying execution by 7 seconds
15:39:27 INFO  Executed sudo&lt;tedge_connect_c8y&gt;, exit status 0, duration 14 secs
15:39:31 INFO  Executed sudo&lt;tedge_disconnect_c8y&gt;, exit status 0
15:39:32 INFO  Executed systemctl&lt;serv_mapper5&gt;, exit status 3
15:39:32 INFO  
15:39:32 INFO  Test duration: 85.58 secs
15:39:32 INFO  Test final outcome:  BLOCKED
15:39:32 INFO  Test outcome reason: AssertionError:
15:39:32 INFO  
</system-out>
	</testcase>
</testsuite><testsuite name="SoftwareManagement.sm_apt_install_fail" tests="3" errors="0" failures="0" skipped="1" time="0"><testcase classname="PySysTest" name="SoftwareManagement.sm_apt_install_fail">
		<skipped message="SKIPPED: Testing the apt plugin is not supported on this platform.Use parameter -XmyPlatform='container' to enable it" />
		<system-out>14:47:44 INFO  ==============================================================
14:47:44 INFO  Id:    SoftwareManagement.sm_apt_install_fail
14:47:44 INFO  Dir:   software_management_end_to_end/
14:47:44 INFO  Title: Validate end to end behaviour for a failing installation
14:47:44 INFO  ==============================================================
14:47:44 INFO  Testing the apt plugin is not supported on this platform.Use parameter -XmyPlatform='container' to enable it ... skipped
14:47:44 WARN  Aborted test due to SKIPPED outcome
14:47:44 INFO  
14:47:44 INFO  Test duration: 0.02 secs
14:47:44 INFO  Test final outcome:  SKIPPED
14:47:44 INFO  Test outcome reason: Testing the apt plugin is not supported on this platform.Use parameter -XmyPlatform='container' to enable it
14:47:44 INFO  
</system-out>
	</testcase>
<testcase classname="PySysTest" name="SoftwareManagement.sm_apt_install_fail" />
<testcase classname="PySysTest" name="SoftwareManagement.sm_apt_install_fail" />
</testsuite><testsuite name="SoftwareManagement.sm_apt_install_remove" tests="3" errors="0" failures="0" skipped="1" time="0"><testcase classname="PySysTest" name="SoftwareManagement.sm_apt_install_remove">
		<skipped message="SKIPPED: Testing the apt plugin is not supported on this platform.Use parameter -XmyPlatform='container' to enable it" />
		<system-out>14:47:44 INFO  ==============================================================
14:47:44 INFO  Id:    SoftwareManagement.sm_apt_install_remove
14:47:44 INFO  Dir:   software_management_end_to_end/
14:47:44 INFO  Title: Validate end to end behaviour for the apt plugin for installation and removal of packages
14:47:44 INFO  ==============================================================
14:47:44 INFO  Testing the apt plugin is not supported on this platform.Use parameter -XmyPlatform='container' to enable it ... skipped
14:47:44 WARN  Aborted test due to SKIPPED outcome
14:47:44 INFO  
14:47:44 INFO  Test duration: 0.02 secs
14:47:44 INFO  Test final outcome:  SKIPPED
14:47:44 INFO  Test outcome reason: Testing the apt plugin is not supported on this platform.Use parameter -XmyPlatform='container' to enable it
14:47:44 INFO  
</system-out>
	</testcase>
<testcase classname="PySysTest" name="SoftwareManagement.sm_apt_install_remove" />
<testcase classname="PySysTest" name="SoftwareManagement.sm_apt_install_remove" />
</testsuite><testsuite name="SoftwareManagement.sm_apt_install_remove_default" tests="3" errors="0" failures="0" skipped="1" time="0"><testcase classname="PySysTest" name="SoftwareManagement.sm_apt_install_remove_default">
		<skipped message="SKIPPED: Testing the apt plugin is not supported on this platform.Use parameter -XmyPlatform='container' to enable it" />
		<system-out>14:47:44 INFO  ==============================================================
14:47:44 INFO  Id:    SoftwareManagement.sm_apt_install_remove_default
14:47:44 INFO  Dir:   software_management_end_to_end/
14:47:44 INFO  Title: Validate end to end behaviour for the default plugin for installation and removal of packages
14:47:44 INFO  ==============================================================
14:47:44 INFO  Testing the apt plugin is not supported on this platform.Use parameter -XmyPlatform='container' to enable it ... skipped
14:47:44 WARN  Aborted test due to SKIPPED outcome
14:47:44 INFO  
14:47:44 INFO  Test duration: 0.02 secs
14:47:44 INFO  Test final outcome:  SKIPPED
14:47:44 INFO  Test outcome reason: Testing the apt plugin is not supported on this platform.Use parameter -XmyPlatform='container' to enable it
14:47:44 INFO  
</system-out>
	</testcase>
<testcase classname="PySysTest" name="SoftwareManagement.sm_apt_install_remove_default" />
<testcase classname="PySysTest" name="SoftwareManagement.sm_apt_install_remove_default" />
</testsuite><testsuite name="SoftwareManagement.sm_apt_install_remove_multiple" tests="3" errors="0" failures="2" skipped="1" time="0"><testcase classname="PySysTest" name="SoftwareManagement.sm_apt_install_remove_multiple">
		<skipped message="SKIPPED: Testing the apt plugin is not supported on this platform.Use parameter -XmyPlatform='container' to enable it" />
		<system-out>14:47:44 INFO  ==============================================================
14:47:44 INFO  Id:    SoftwareManagement.sm_apt_install_remove_multiple
14:47:44 INFO  Dir:   software_management_end_to_end/
14:47:44 INFO  Title: Validate end to end behaviour for the apt plugin for multiple packages
14:47:44 INFO  ==============================================================
14:47:44 INFO  Testing the apt plugin is not supported on this platform.Use parameter -XmyPlatform='container' to enable it ... skipped
14:47:44 WARN  Aborted test due to SKIPPED outcome
14:47:44 INFO  
14:47:44 INFO  Test duration: 0.02 secs
14:47:44 INFO  Test final outcome:  SKIPPED
14:47:44 INFO  Test outcome reason: Testing the apt plugin is not supported on this platform.Use parameter -XmyPlatform='container' to enable it
14:47:44 INFO  
</system-out>
	</testcase>
<testcase classname="PySysTest" name="SoftwareManagement.sm_apt_install_remove_multiple">
		<failure message="FAILED: Assert that (False == value) with value=True" type="FAILED" />
		<system-out>15:19:32 INFO  ==============================================================
15:19:32 INFO  Id:    SoftwareManagement.sm_apt_install_remove_multiple
15:19:32 INFO  Dir:   software_management_end_to_end/
15:19:32 INFO  Title: Validate end to end behaviour for the apt plugin for multiple packages
15:19:32 INFO  ==============================================================
15:19:32 INFO  Using sw id database: {'asciijump': '5475369', 'robotfindskitten': '5474869', 'squirrel3': '5475279', 'rolldice': '5152439', 'moon-buggy': '5439204', 'apple': '5495053', 'banana': '5494888', 'cherry': '5495382', 'watermelon': '5494510', 'registry': '8018911', 'hello-world': '8021526', 'docker/getting-started': '8021973', 'alpine': '7991792'}
15:19:32 INFO  EnvironmentC8y Setup
15:19:33 INFO  Executed systemctl&lt;serv_mapper1&gt;, exit status 3
15:19:33 INFO  Restarting mosquitto too frequently in the last 10 seconds. It was only up for 5 seconds
15:19:33 INFO  Delaying execution by 6 seconds
15:19:53 INFO  Executed sudo&lt;tedge_connect_c8y&gt;, exit status 0, duration 13 secs
15:19:54 INFO  Executed sudo&lt;tedge_connect_c8y_test&gt;, exit status 0
15:19:54 INFO  Executed systemctl&lt;serv_mosq2&gt;, exit status 0
15:19:54 INFO  Executed systemctl&lt;serv_mapper3&gt;, exit status 0
15:19:57 INFO  State of current operation: SUCCESSFUL
15:19:57 INFO  Assert that (False == value) with value=False ... passed
15:19:57 INFO  Assert that (False == value) with value=False ... passed
15:19:57 INFO  Assert that (False == value) with value=False ... passed
15:19:58 INFO  Package robotfindskitten is installed
15:19:58 WARN  Assert that (False == value) with value=True ... failed 
15:19:58 INFO  Response status: 201
15:19:58 INFO  Response to action: {
    "delivery": {
        "time": "2022-05-09T15:19:58.381Z",
        "log": [],
        "status": "PENDING"
    },
    "creationTime": "2022-05-09T15:19:58.362Z",
    "deviceName": "m32sd10d",
    "deviceId": "18555945",
    "self": "https://t493319102.eu-latest.cumulocity.com/devicecontrol/operations/18564175",
    "id": "18564175",
    "status": "PENDING",
    "description": "Apply software changes, triggered from PySys: [{'action': 'install', 'id': '5475369', 'name': 'asciijump', 'url': ' ', 'version': '::apt'}, {'action': 'install', 'id': '5474869', 'name': 'robotfindskitten', 'url': ' ', 'version': '::apt'}, {'action': 'install', 'id': '5475279', 'name': 'squirrel3', 'url': ' ', 'version': '::apt'}]",
    "c8y_SoftwareUpdate": [
        {
            "name": "asciijump",
            "action": "install",
            "id": "5475369",
            "version": "::apt",
            "url": " "
        },
        {
            "name": "robotfindskitten",
            "action": "install",
            "id": "5474869",
            "version": "::apt",
            "url": " "
        },
        {
            "name": "squirrel3",
            "action": "install",
            "id": "5475279",
            "version": "::apt",
            "url": " "
        }
    ]
}
15:19:58 INFO  Started operation: {'delivery': {'time': '2022-05-09T15:19:58.381Z', 'log': [], 'status': 'PENDING'}, 'creationTime': '2022-05-09T15:19:58.362Z', 'deviceName': 'm32sd10d', 'deviceId': '18555945', 'self': 'https://t493319102.eu-latest.cumulocity.com/devicecontrol/operations/18564175', 'id': '18564175', 'status': 'PENDING', 'description': "Apply software changes, triggered from PySys: [{'action': 'install', 'id': '5475369', 'name': 'asciijump', 'url': ' ', 'version': '::apt'}, {'action': 'install', 'id': '5474869', 'name': 'robotfindskitten', 'url': ' ', 'version': '::apt'}, {'action': 'install', 'id': '5475279', 'name': 'squirrel3', 'url': ' ', 'version': '::apt'}]", 'c8y_SoftwareUpdate': [{'name': 'asciijump', 'action': 'install', 'id': '5475369', 'version': '::apt', 'url': ' '}, {'name': 'robotfindskitten', 'action': 'install', 'id': '5474869', 'version': '::apt', 'url': ' '}, {'name': 'squirrel3', 'action': 'install', 'id': '5475279', 'version': '::apt', 'url': ' '}]}
15:20:00 INFO  State of operation 18564175 : PENDING
15:20:02 INFO  State of operation 18564175 : EXECUTING
15:20:05 INFO  State of operation 18564175 : EXECUTING
15:20:07 INFO  State of operation 18564175 : EXECUTING
15:20:09 INFO  State of operation 18564175 : EXECUTING
15:20:11 INFO  State of operation 18564175 : EXECUTING
15:20:14 INFO  State of operation 18564175 : EXECUTING
15:20:17 INFO  State of operation 18564175 : EXECUTING
15:20:19 INFO  State of operation 18564175 : EXECUTING
15:20:22 INFO  State of operation 18564175 : EXECUTING
15:20:24 INFO  State of operation 18564175 : EXECUTING
15:20:26 INFO  State of operation 18564175 : EXECUTING
15:20:28 INFO  State of operation 18564175 : EXECUTING
15:20:31 INFO  State of operation 18564175 : EXECUTING
15:20:33 INFO  State of operation 18564175 : EXECUTING
15:20:35 INFO  State of operation 18564175 : EXECUTING
15:20:37 INFO  State of operation 18564175 : EXECUTING
15:20:40 INFO  State of operation 18564175 : EXECUTING
15:20:42 INFO  State of operation 18564175 : EXECUTING
15:20:45 INFO  State of operation 18564175 : EXECUTING
15:20:47 INFO  State of operation 18564175 : EXECUTING
15:20:50 INFO  State of operation 18564175 : EXECUTING
15:20:52 INFO  State of operation 18564175 : EXECUTING
15:20:55 INFO  State of operation 18564175 : EXECUTING
15:20:57 INFO  State of operation 18564175 : EXECUTING
15:20:59 INFO  State of operation 18564175 : EXECUTING
15:21:02 INFO  State of operation 18564175 : EXECUTING
15:21:04 INFO  State of operation 18564175 : EXECUTING
15:21:06 INFO  State of operation 18564175 : EXECUTING
15:21:09 INFO  State of operation 18564175 : EXECUTING
15:21:11 INFO  State of operation 18564175 : EXECUTING
15:21:13 INFO  State of operation 18564175 : EXECUTING
15:21:15 INFO  State of operation 18564175 : EXECUTING
15:21:18 INFO  State of operation 18564175 : SUCCESSFUL
15:21:18 INFO  Assert that (False == value) with value=False ... passed
15:21:18 INFO  Package asciijump is installed
15:21:18 INFO  Assert that (True == value) with value=True ... passed
15:21:18 INFO  Package squirrel3 is installed
15:21:18 INFO  Assert that (True == value) with value=True ... passed
15:21:19 INFO  Package robotfindskitten is installed
15:21:19 INFO  Assert that (True == value) with value=True ... passed
15:21:19 INFO  Response status: 201
15:21:19 INFO  Response to action: {
    "delivery": {
        "time": "2022-05-09T15:21:19.252Z",
        "log": [],
        "status": "PENDING"
    },
    "creationTime": "2022-05-09T15:21:19.238Z",
    "deviceName": "m32sd10d",
    "deviceId": "18555945",
    "self": "https://t493319102.eu-latest.cumulocity.com/devicecontrol/operations/18564190",
    "id": "18564190",
    "status": "PENDING",
    "description": "Apply software changes, triggered from PySys: [{'action': 'delete', 'id': '5475369', 'name': 'asciijump', 'url': ' ', 'version': '::apt'}, {'action': 'delete', 'id': '5474869', 'name': 'robotfindskitten', 'url': ' ', 'version': '::apt'}, {'action': 'delete', 'id': '5475279', 'name': 'squirrel3', 'url': ' ', 'version': '::apt'}]",
    "c8y_SoftwareUpdate": [
        {
            "name": "asciijump",
            "action": "delete",
            "id": "5475369",
            "version": "::apt",
            "url": " "
        },
        {
            "name": "robotfindskitten",
            "action": "delete",
            "id": "5474869",
            "version": "::apt",
            "url": " "
        },
        {
            "name": "squirrel3",
            "action": "delete",
            "id": "5475279",
            "version": "::apt",
            "url": " "
        }
    ]
}
15:21:19 INFO  Started operation: {'delivery': {'time': '2022-05-09T15:21:19.252Z', 'log': [], 'status': 'PENDING'}, 'creationTime': '2022-05-09T15:21:19.238Z', 'deviceName': 'm32sd10d', 'deviceId': '18555945', 'self': 'https://t493319102.eu-latest.cumulocity.com/devicecontrol/operations/18564190', 'id': '18564190', 'status': 'PENDING', 'description': "Apply software changes, triggered from PySys: [{'action': 'delete', 'id': '5475369', 'name': 'asciijump', 'url': ' ', 'version': '::apt'}, {'action': 'delete', 'id': '5474869', 'name': 'robotfindskitten', 'url': ' ', 'version': '::apt'}, {'action': 'delete', 'id': '5475279', 'name': 'squirrel3', 'url': ' ', 'version': '::apt'}]", 'c8y_SoftwareUpdate': [{'name': 'asciijump', 'action': 'delete', 'id': '5475369', 'version': '::apt', 'url': ' '}, {'name': 'robotfindskitten', 'action': 'delete', 'id': '5474869', 'version': '::apt', 'url': ' '}, {'name': 'squirrel3', 'action': 'delete', 'id': '5475279', 'version': '::apt', 'url': ' '}]}
15:21:21 INFO  State of operation 18564190 : PENDING
15:21:23 INFO  State of operation 18564190 : EXECUTING
15:21:25 INFO  State of operation 18564190 : EXECUTING
15:21:28 INFO  State of operation 18564190 : EXECUTING
15:21:30 INFO  State of operation 18564190 : EXECUTING
15:21:32 INFO  State of operation 18564190 : EXECUTING
15:21:35 INFO  State of operation 18564190 : EXECUTING
15:21:38 INFO  State of operation 18564190 : EXECUTING
15:21:40 INFO  State of operation 18564190 : EXECUTING
15:21:42 INFO  State of operation 18564190 : EXECUTING
15:21:45 INFO  State of operation 18564190 : EXECUTING
15:21:47 INFO  State of operation 18564190 : EXECUTING
15:21:49 INFO  State of operation 18564190 : EXECUTING
15:21:51 INFO  State of operation 18564190 : EXECUTING
15:21:54 INFO  State of operation 18564190 : EXECUTING
15:21:56 INFO  State of operation 18564190 : EXECUTING
15:21:58 INFO  State of operation 18564190 : EXECUTING
15:22:01 INFO  State of operation 18564190 : EXECUTING
15:22:04 INFO  State of operation 18564190 : EXECUTING
15:22:06 INFO  State of operation 18564190 : EXECUTING
15:22:08 INFO  State of operation 18564190 : EXECUTING
15:22:10 INFO  State of operation 18564190 : EXECUTING
15:22:12 INFO  State of operation 18564190 : EXECUTING
15:22:15 INFO  State of operation 18564190 : EXECUTING
15:22:18 INFO  State of operation 18564190 : EXECUTING
15:22:20 INFO  State of operation 18564190 : EXECUTING
15:22:22 INFO  State of operation 18564190 : EXECUTING
15:22:24 INFO  State of operation 18564190 : SUCCESSFUL
15:22:25 INFO  Assert that (False == value) with value=False ... passed
15:22:25 INFO  Assert that (False == value) with value=False ... passed
15:22:25 INFO  Assert that (False == value) with value=False ... passed
15:22:25 INFO  Assert that (False == value) with value=False ... passed
15:22:25 INFO  
15:22:25 INFO  cleanup:
15:22:29 INFO  Executed sudo&lt;tedge_disconnect_c8y&gt;, exit status 0
15:22:30 INFO  Executed systemctl&lt;serv_mapper5&gt;, exit status 3
15:22:30 INFO  
15:22:30 INFO  Test duration: 177.30 secs
15:22:30 INFO  Test final outcome:  FAILED
15:22:30 INFO  Test outcome reason: Assert that (False == value) with value=True
15:22:30 INFO  
</system-out>
	</testcase>
<testcase classname="PySysTest" name="SoftwareManagement.sm_apt_install_remove_multiple">
		<failure message="FAILED: Assert that (False == value) with value=True (+2 other failures)" type="FAILED" />
		<system-out>15:46:02 INFO  ==============================================================
15:46:02 INFO  Id:    SoftwareManagement.sm_apt_install_remove_multiple
15:46:02 INFO  Dir:   software_management_end_to_end/
15:46:02 INFO  Title: Validate end to end behaviour for the apt plugin for multiple packages
15:46:02 INFO  ==============================================================
15:46:02 INFO  Using sw id database: {'asciijump': '5475369', 'robotfindskitten': '5474869', 'squirrel3': '5475279', 'rolldice': '5152439', 'moon-buggy': '5439204', 'apple': '5495053', 'banana': '5494888', 'cherry': '5495382', 'watermelon': '5494510', 'registry': '8018911', 'hello-world': '8021526', 'docker/getting-started': '8021973', 'alpine': '7991792'}
15:46:02 INFO  EnvironmentC8y Setup
15:46:03 INFO  Executed systemctl&lt;serv_mapper1&gt;, exit status 3
15:46:03 INFO  Restarting mosquitto too frequently in the last 10 seconds. It was only up for 4 seconds
15:46:03 INFO  Delaying execution by 7 seconds
15:46:23 INFO  Executed sudo&lt;tedge_connect_c8y&gt;, exit status 0, duration 13 secs
15:46:24 INFO  Executed sudo&lt;tedge_connect_c8y_test&gt;, exit status 0
15:46:25 INFO  Executed systemctl&lt;serv_mosq2&gt;, exit status 0
15:46:25 INFO  Executed systemctl&lt;serv_mapper3&gt;, exit status 0
15:46:27 INFO  State of current operation: SUCCESSFUL
15:46:27 INFO  Assert that (False == value) with value=False ... passed
15:46:28 INFO  Package asciijump is installed
15:46:28 WARN  Assert that (False == value) with value=True ... failed 
15:46:28 INFO  Package squirrel3 is installed
15:46:28 WARN  Assert that (False == value) with value=True ... failed 
15:46:28 INFO  Package robotfindskitten is installed
15:46:29 WARN  Assert that (False == value) with value=True ... failed 
15:46:29 INFO  Response status: 201
15:46:29 INFO  Response to action: {
    "creationTime": "2022-05-09T15:46:29.194Z",
    "deviceName": "m32sd10d",
    "deviceId": "18555945",
    "self": "https://t493319102.eu-latest.cumulocity.com/devicecontrol/operations/18564350",
    "id": "18564350",
    "status": "PENDING",
    "description": "Apply software changes, triggered from PySys: [{'action': 'install', 'id': '5475369', 'name': 'asciijump', 'url': ' ', 'version': '::apt'}, {'action': 'install', 'id': '5474869', 'name': 'robotfindskitten', 'url': ' ', 'version': '::apt'}, {'action': 'install', 'id': '5475279', 'name': 'squirrel3', 'url': ' ', 'version': '::apt'}]",
    "c8y_SoftwareUpdate": [
        {
            "name": "asciijump",
            "action": "install",
            "id": "5475369",
            "version": "::apt",
            "url": " "
        },
        {
            "name": "robotfindskitten",
            "action": "install",
            "id": "5474869",
            "version": "::apt",
            "url": " "
        },
        {
            "name": "squirrel3",
            "action": "install",
            "id": "5475279",
            "version": "::apt",
            "url": " "
        }
    ]
}
15:46:29 INFO  Started operation: {'creationTime': '2022-05-09T15:46:29.194Z', 'deviceName': 'm32sd10d', 'deviceId': '18555945', 'self': 'https://t493319102.eu-latest.cumulocity.com/devicecontrol/operations/18564350', 'id': '18564350', 'status': 'PENDING', 'description': "Apply software changes, triggered from PySys: [{'action': 'install', 'id': '5475369', 'name': 'asciijump', 'url': ' ', 'version': '::apt'}, {'action': 'install', 'id': '5474869', 'name': 'robotfindskitten', 'url': ' ', 'version': '::apt'}, {'action': 'install', 'id': '5475279', 'name': 'squirrel3', 'url': ' ', 'version': '::apt'}]", 'c8y_SoftwareUpdate': [{'name': 'asciijump', 'action': 'install', 'id': '5475369', 'version': '::apt', 'url': ' '}, {'name': 'robotfindskitten', 'action': 'install', 'id': '5474869', 'version': '::apt', 'url': ' '}, {'name': 'squirrel3', 'action': 'install', 'id': '5475279', 'version': '::apt', 'url': ' '}]}
15:46:31 INFO  State of operation 18564350 : PENDING
15:46:33 INFO  State of operation 18564350 : EXECUTING
15:46:35 INFO  State of operation 18564350 : EXECUTING
15:46:38 INFO  State of operation 18564350 : EXECUTING
15:46:40 INFO  State of operation 18564350 : EXECUTING
15:46:42 INFO  State of operation 18564350 : EXECUTING
15:46:45 INFO  State of operation 18564350 : EXECUTING
15:46:48 INFO  State of operation 18564350 : EXECUTING
15:46:50 INFO  State of operation 18564350 : EXECUTING
15:46:52 INFO  State of operation 18564350 : EXECUTING
15:46:55 INFO  State of operation 18564350 : EXECUTING
15:46:57 INFO  State of operation 18564350 : EXECUTING
15:46:59 INFO  State of operation 18564350 : EXECUTING
15:47:01 INFO  State of operation 18564350 : EXECUTING
15:47:04 INFO  State of operation 18564350 : EXECUTING
15:47:06 INFO  State of operation 18564350 : SUCCESSFUL
15:47:06 INFO  Assert that (False == value) with value=False ... passed
15:47:06 INFO  Package asciijump is installed
15:47:06 INFO  Assert that (True == value) with value=True ... passed
15:47:06 INFO  Package squirrel3 is installed
15:47:06 INFO  Assert that (True == value) with value=True ... passed
15:47:07 INFO  Package robotfindskitten is installed
15:47:07 INFO  Assert that (True == value) with value=True ... passed
15:47:07 INFO  Response status: 201
15:47:07 INFO  Response to action: {
    "creationTime": "2022-05-09T15:47:07.382Z",
    "deviceName": "m32sd10d",
    "deviceId": "18555945",
    "self": "https://t493319102.eu-latest.cumulocity.com/devicecontrol/operations/18564356",
    "id": "18564356",
    "status": "PENDING",
    "description": "Apply software changes, triggered from PySys: [{'action': 'delete', 'id': '5475369', 'name': 'asciijump', 'url': ' ', 'version': '::apt'}, {'action': 'delete', 'id': '5474869', 'name': 'robotfindskitten', 'url': ' ', 'version': '::apt'}, {'action': 'delete', 'id': '5475279', 'name': 'squirrel3', 'url': ' ', 'version': '::apt'}]",
    "c8y_SoftwareUpdate": [
        {
            "name": "asciijump",
            "action": "delete",
            "id": "5475369",
            "version": "::apt",
            "url": " "
        },
        {
            "name": "robotfindskitten",
            "action": "delete",
            "id": "5474869",
            "version": "::apt",
            "url": " "
        },
        {
            "name": "squirrel3",
            "action": "delete",
            "id": "5475279",
            "version": "::apt",
            "url": " "
        }
    ]
}
15:47:07 INFO  Started operation: {'creationTime': '2022-05-09T15:47:07.382Z', 'deviceName': 'm32sd10d', 'deviceId': '18555945', 'self': 'https://t493319102.eu-latest.cumulocity.com/devicecontrol/operations/18564356', 'id': '18564356', 'status': 'PENDING', 'description': "Apply software changes, triggered from PySys: [{'action': 'delete', 'id': '5475369', 'name': 'asciijump', 'url': ' ', 'version': '::apt'}, {'action': 'delete', 'id': '5474869', 'name': 'robotfindskitten', 'url': ' ', 'version': '::apt'}, {'action': 'delete', 'id': '5475279', 'name': 'squirrel3', 'url': ' ', 'version': '::apt'}]", 'c8y_SoftwareUpdate': [{'name': 'asciijump', 'action': 'delete', 'id': '5475369', 'version': '::apt', 'url': ' '}, {'name': 'robotfindskitten', 'action': 'delete', 'id': '5474869', 'version': '::apt', 'url': ' '}, {'name': 'squirrel3', 'action': 'delete', 'id': '5475279', 'version': '::apt', 'url': ' '}]}
15:47:09 INFO  State of operation 18564356 : PENDING
15:47:11 INFO  State of operation 18564356 : EXECUTING
15:47:14 INFO  State of operation 18564356 : EXECUTING
15:47:16 INFO  State of operation 18564356 : EXECUTING
15:47:18 INFO  State of operation 18564356 : EXECUTING
15:47:20 INFO  State of operation 18564356 : EXECUTING
15:47:23 INFO  State of operation 18564356 : EXECUTING
15:47:26 INFO  State of operation 18564356 : EXECUTING
15:47:28 INFO  State of operation 18564356 : EXECUTING
15:47:31 INFO  State of operation 18564356 : EXECUTING
15:47:33 INFO  State of operation 18564356 : EXECUTING
15:47:35 INFO  State of operation 18564356 : EXECUTING
15:47:37 INFO  State of operation 18564356 : EXECUTING
15:47:40 INFO  State of operation 18564356 : EXECUTING
15:47:42 INFO  State of operation 18564356 : EXECUTING
15:47:44 INFO  State of operation 18564356 : EXECUTING
15:47:47 INFO  State of operation 18564356 : EXECUTING
15:47:49 INFO  State of operation 18564356 : EXECUTING
15:47:51 INFO  State of operation 18564356 : EXECUTING
15:47:54 INFO  State of operation 18564356 : EXECUTING
15:47:56 INFO  State of operation 18564356 : EXECUTING
15:47:58 INFO  State of operation 18564356 : EXECUTING
15:48:01 INFO  State of operation 18564356 : EXECUTING
15:48:03 INFO  State of operation 18564356 : EXECUTING
15:48:06 INFO  State of operation 18564356 : EXECUTING
15:48:08 INFO  State of operation 18564356 : EXECUTING
15:48:10 INFO  State of operation 18564356 : EXECUTING
15:48:13 INFO  State of operation 18564356 : EXECUTING
15:48:15 INFO  State of operation 18564356 : SUCCESSFUL
15:48:15 INFO  Assert that (False == value) with value=False ... passed
15:48:15 INFO  Assert that (False == value) with value=False ... passed
15:48:16 INFO  Assert that (False == value) with value=False ... passed
15:48:16 INFO  Assert that (False == value) with value=False ... passed
15:48:16 INFO  
15:48:16 INFO  cleanup:
15:48:20 INFO  Executed sudo&lt;tedge_disconnect_c8y&gt;, exit status 0
15:48:20 INFO  Executed systemctl&lt;serv_mapper5&gt;, exit status 3
15:48:20 INFO  
15:48:20 INFO  Test duration: 138.47 secs
15:48:20 INFO  Test final outcome:  FAILED
15:48:20 INFO  Test outcome reason: Assert that (False == value) with value=True (+2 other failures)
15:48:20 INFO  
</system-out>
	</testcase>
</testsuite><testsuite name="SoftwareManagement.sm_apt_install_remove_multiple_mixed" tests="3" errors="0" failures="2" skipped="1" time="0"><testcase classname="PySysTest" name="SoftwareManagement.sm_apt_install_remove_multiple_mixed">
		<skipped message="SKIPPED: Testing the apt plugin is not supported on this platform.Use parameter -XmyPlatform='container' to enable it" />
		<system-out>14:47:44 INFO  ==============================================================
14:47:44 INFO  Id:    SoftwareManagement.sm_apt_install_remove_multiple_mixed
14:47:44 INFO  Dir:   software_management_end_to_end/
14:47:44 INFO  Title: Validate end to end behaviour for the apt plugin for multiple packages with mixed versions
14:47:44 INFO  ==============================================================
14:47:44 INFO  Testing the apt plugin is not supported on this platform.Use parameter -XmyPlatform='container' to enable it ... skipped
14:47:44 WARN  Aborted test due to SKIPPED outcome
14:47:44 INFO  
14:47:44 INFO  Test duration: 0.02 secs
14:47:44 INFO  Test final outcome:  SKIPPED
14:47:44 INFO  Test outcome reason: Testing the apt plugin is not supported on this platform.Use parameter -XmyPlatform='container' to enable it
14:47:44 INFO  
</system-out>
	</testcase>
<testcase classname="PySysTest" name="SoftwareManagement.sm_apt_install_remove_multiple_mixed">
		<failure message="BLOCKED: SystemError: Timeout while waiting for status SUCCESSFUL or False" type="BLOCKED" />
		<system-out>15:22:30 INFO  ==============================================================
15:22:30 INFO  Id:    SoftwareManagement.sm_apt_install_remove_multiple_mixed
15:22:30 INFO  Dir:   software_management_end_to_end/
15:22:30 INFO  Title: Validate end to end behaviour for the apt plugin for multiple packages with mixed versions
15:22:30 INFO  ==============================================================
15:22:30 INFO  Using sw id database: {'asciijump': '5475369', 'robotfindskitten': '5474869', 'squirrel3': '5475279', 'rolldice': '5152439', 'moon-buggy': '5439204', 'apple': '5495053', 'banana': '5494888', 'cherry': '5495382', 'watermelon': '5494510', 'registry': '8018911', 'hello-world': '8021526', 'docker/getting-started': '8021973', 'alpine': '7991792'}
15:22:30 INFO  EnvironmentC8y Setup
15:22:30 INFO  Executed systemctl&lt;serv_mapper1&gt;, exit status 3
15:22:31 INFO  Restarting mosquitto too frequently in the last 10 seconds. It was only up for 4 seconds
15:22:31 INFO  Delaying execution by 7 seconds
15:22:51 INFO  Executed sudo&lt;tedge_connect_c8y&gt;, exit status 0, duration 13 secs
15:22:52 INFO  Executed sudo&lt;tedge_connect_c8y_test&gt;, exit status 0
15:22:52 INFO  Executed systemctl&lt;serv_mosq2&gt;, exit status 0
15:22:53 INFO  Executed systemctl&lt;serv_mapper3&gt;, exit status 0
15:22:55 INFO  State of current operation: SUCCESSFUL
15:22:55 INFO  Assert that (False == value) with value=False ... passed
15:22:55 INFO  Assert that (False == value) with value=False ... passed
15:22:56 INFO  Assert that (False == value) with value=False ... passed
15:22:56 INFO  Assert that (False == value) with value=False ... passed
15:22:56 INFO  Assert that (False == value) with value=False ... passed
15:22:57 INFO  Response status: 201
15:22:57 INFO  Response to action: {
    "delivery": {
        "time": "2022-05-09T15:22:57.758Z",
        "log": [],
        "status": "PENDING"
    },
    "creationTime": "2022-05-09T15:22:57.740Z",
    "deviceName": "m32sd10d",
    "deviceId": "18555945",
    "self": "https://t493319102.eu-latest.cumulocity.com/devicecontrol/operations/18564206",
    "id": "18564206",
    "status": "PENDING",
    "description": "Apply software changes, triggered from PySys: [{'action': 'install', 'id': '5475369', 'name': 'asciijump', 'url': ' ', 'version': '::apt'}, {'action': 'install', 'id': '5474869', 'name': 'robotfindskitten', 'url': ' ', 'version': ' '}, {'action': 'install', 'id': '5475279', 'name': 'squirrel3', 'url': ' ', 'version': '3.1-7::apt'}, {'action': 'install', 'id': '5152439', 'name': 'rolldice', 'url': ' ', 'version': '1.16-1+b1'}, {'action': 'install', 'id': '5439204', 'name': 'moon-buggy', 'url': ' ', 'version': '1:1.0.51-12'}, {'action': 'install', 'id': '5475369', 'name': 'asciijump', 'url': ' ', 'version': '::apt'}]",
    "c8y_SoftwareUpdate": [
        {
            "name": "asciijump",
            "action": "install",
            "id": "5475369",
            "version": "::apt",
            "url": " "
        },
        {
            "name": "robotfindskitten",
            "action": "install",
            "id": "5474869",
            "version": " ",
            "url": " "
        },
        {
            "name": "squirrel3",
            "action": "install",
            "id": "5475279",
            "version": "3.1-7::apt",
            "url": " "
        },
        {
            "name": "rolldice",
            "action": "install",
            "id": "5152439",
            "version": "1.16-1+b1",
            "url": " "
        },
        {
            "name": "moon-buggy",
            "action": "install",
            "id": "5439204",
            "version": "1:1.0.51-12",
            "url": " "
        },
        {
            "name": "asciijump",
            "action": "install",
            "id": "5475369",
            "version": "::apt",
            "url": " "
        }
    ]
}
15:22:57 INFO  Started operation: {'delivery': {'time': '2022-05-09T15:22:57.758Z', 'log': [], 'status': 'PENDING'}, 'creationTime': '2022-05-09T15:22:57.740Z', 'deviceName': 'm32sd10d', 'deviceId': '18555945', 'self': 'https://t493319102.eu-latest.cumulocity.com/devicecontrol/operations/18564206', 'id': '18564206', 'status': 'PENDING', 'description': "Apply software changes, triggered from PySys: [{'action': 'install', 'id': '5475369', 'name': 'asciijump', 'url': ' ', 'version': '::apt'}, {'action': 'install', 'id': '5474869', 'name': 'robotfindskitten', 'url': ' ', 'version': ' '}, {'action': 'install', 'id': '5475279', 'name': 'squirrel3', 'url': ' ', 'version': '3.1-7::apt'}, {'action': 'install', 'id': '5152439', 'name': 'rolldice', 'url': ' ', 'version': '1.16-1+b1'}, {'action': 'install', 'id': '5439204', 'name': 'moon-buggy', 'url': ' ', 'version': '1:1.0.51-12'}, {'action': 'install', 'id': '5475369', 'name': 'asciijump', 'url': ' ', 'version': '::apt'}]", 'c8y_SoftwareUpdate': [{'name': 'asciijump', 'action': 'install', 'id': '5475369', 'version': '::apt', 'url': ' '}, {'name': 'robotfindskitten', 'action': 'install', 'id': '5474869', 'version': ' ', 'url': ' '}, {'name': 'squirrel3', 'action': 'install', 'id': '5475279', 'version': '3.1-7::apt', 'url': ' '}, {'name': 'rolldice', 'action': 'install', 'id': '5152439', 'version': '1.16-1+b1', 'url': ' '}, {'name': 'moon-buggy', 'action': 'install', 'id': '5439204', 'version': '1:1.0.51-12', 'url': ' '}, {'name': 'asciijump', 'action': 'install', 'id': '5475369', 'version': '::apt', 'url': ' '}]}
15:23:00 INFO  State of operation 18564206 : PENDING
15:23:02 INFO  State of operation 18564206 : EXECUTING
15:23:04 INFO  State of operation 18564206 : EXECUTING
15:23:06 INFO  State of operation 18564206 : EXECUTING
15:23:08 INFO  State of operation 18564206 : EXECUTING
15:23:11 INFO  State of operation 18564206 : EXECUTING
15:23:13 INFO  State of operation 18564206 : EXECUTING
15:23:16 INFO  State of operation 18564206 : EXECUTING
15:23:19 INFO  State of operation 18564206 : EXECUTING
15:23:21 INFO  State of operation 18564206 : EXECUTING
15:23:23 INFO  State of operation 18564206 : EXECUTING
15:23:25 INFO  State of operation 18564206 : EXECUTING
15:23:28 INFO  State of operation 18564206 : EXECUTING
15:23:30 INFO  State of operation 18564206 : EXECUTING
15:23:32 INFO  State of operation 18564206 : EXECUTING
15:23:35 INFO  State of operation 18564206 : EXECUTING
15:23:37 INFO  State of operation 18564206 : EXECUTING
15:23:40 INFO  State of operation 18564206 : EXECUTING
15:23:42 INFO  State of operation 18564206 : EXECUTING
15:23:44 INFO  State of operation 18564206 : EXECUTING
15:23:46 INFO  State of operation 18564206 : EXECUTING
15:23:49 INFO  State of operation 18564206 : EXECUTING
15:23:51 INFO  State of operation 18564206 : EXECUTING
15:23:54 INFO  State of operation 18564206 : EXECUTING
15:23:57 INFO  State of operation 18564206 : EXECUTING
15:23:59 INFO  State of operation 18564206 : EXECUTING
15:24:02 INFO  State of operation 18564206 : EXECUTING
15:24:04 INFO  State of operation 18564206 : EXECUTING
15:24:07 INFO  State of operation 18564206 : EXECUTING
15:24:09 INFO  State of operation 18564206 : EXECUTING
15:24:11 INFO  State of operation 18564206 : EXECUTING
15:24:13 INFO  State of operation 18564206 : EXECUTING
15:24:16 INFO  State of operation 18564206 : EXECUTING
15:24:18 INFO  State of operation 18564206 : EXECUTING
15:24:20 INFO  State of operation 18564206 : EXECUTING
15:24:22 INFO  State of operation 18564206 : EXECUTING
15:24:24 INFO  State of operation 18564206 : EXECUTING
15:24:27 INFO  State of operation 18564206 : EXECUTING
15:24:30 INFO  State of operation 18564206 : EXECUTING
15:24:32 INFO  State of operation 18564206 : EXECUTING
15:24:35 INFO  State of operation 18564206 : EXECUTING
15:24:37 INFO  State of operation 18564206 : EXECUTING
15:24:39 INFO  State of operation 18564206 : EXECUTING
15:24:41 INFO  State of operation 18564206 : EXECUTING
15:24:43 INFO  State of operation 18564206 : EXECUTING
15:24:46 INFO  State of operation 18564206 : EXECUTING
15:24:48 INFO  State of operation 18564206 : EXECUTING
15:24:50 INFO  State of operation 18564206 : EXECUTING
15:24:53 INFO  State of operation 18564206 : EXECUTING
15:24:55 INFO  State of operation 18564206 : EXECUTING
15:24:58 INFO  State of operation 18564206 : EXECUTING
15:25:00 INFO  State of operation 18564206 : EXECUTING
15:25:03 INFO  State of operation 18564206 : EXECUTING
15:25:06 INFO  State of operation 18564206 : EXECUTING
15:25:09 INFO  State of operation 18564206 : EXECUTING
15:25:11 INFO  State of operation 18564206 : EXECUTING
15:25:14 INFO  State of operation 18564206 : EXECUTING
15:25:16 INFO  State of operation 18564206 : EXECUTING
15:25:19 INFO  State of operation 18564206 : EXECUTING
15:25:21 INFO  State of operation 18564206 : EXECUTING
15:25:23 INFO  State of operation 18564206 : EXECUTING
15:25:25 WARN  SystemError occurred while running test - Timeout while waiting for status SUCCESSFUL or False
Traceback (most recent call last):
  File "/home/pi/env-pysys/lib/python3.7/site-packages/pysys/baserunner.py", line 1294, in __call__
    self.testObj.execute()
  File "/home/pi/actions-runner/_work/thin-edge.io/thin-edge.io/tests/PySys/software_management_end_to_end/sm_apt_install_remove_multiple_mixed/run.py", line 89, in execute
    self.wait_until_succcess()
  File "/home/pi/actions-runner/_work/thin-edge.io/thin-edge.io/tests/PySys/software_management_end_to_end/environment_sm_management.py", line 324, in wait_until_succcess
    self.wait_until_status("SUCCESSFUL")
  File "/home/pi/actions-runner/_work/thin-edge.io/thin-edge.io/tests/PySys/software_management_end_to_end/environment_sm_management.py", line 381, in wait_until_status
    "Timeout while waiting for status %s or %s" % (status, status2)
SystemError: Timeout while waiting for status SUCCESSFUL or False
15:25:25 WARN  SystemError: Timeout while waiting for status SUCCESSFUL or False ... blocked 
15:25:25 INFO  
15:25:25 INFO  cleanup:
15:25:30 INFO  Executed sudo&lt;tedge_disconnect_c8y&gt;, exit status 0
15:25:30 INFO  Executed systemctl&lt;serv_mapper5&gt;, exit status 3
15:25:30 INFO  
15:25:30 INFO  Test duration: 180.42 secs
15:25:30 INFO  Test final outcome:  BLOCKED
15:25:30 INFO  Test outcome reason: SystemError: Timeout while waiting for status SUCCESSFUL or False
15:25:30 INFO  
</system-out>
	</testcase>
<testcase classname="PySysTest" name="SoftwareManagement.sm_apt_install_remove_multiple_mixed">
		<failure message="BLOCKED: SystemError: Timeout while waiting for status SUCCESSFUL or False (+1 other failures)" type="BLOCKED" />
		<system-out>15:48:20 INFO  ==============================================================
15:48:20 INFO  Id:    SoftwareManagement.sm_apt_install_remove_multiple_mixed
15:48:20 INFO  Dir:   software_management_end_to_end/
15:48:20 INFO  Title: Validate end to end behaviour for the apt plugin for multiple packages with mixed versions
15:48:20 INFO  ==============================================================
15:48:21 INFO  Using sw id database: {'asciijump': '5475369', 'robotfindskitten': '5474869', 'squirrel3': '5475279', 'rolldice': '5152439', 'moon-buggy': '5439204', 'apple': '5495053', 'banana': '5494888', 'cherry': '5495382', 'watermelon': '5494510', 'registry': '8018911', 'hello-world': '8021526', 'docker/getting-started': '8021973', 'alpine': '7991792'}
15:48:21 INFO  EnvironmentC8y Setup
15:48:21 INFO  Executed systemctl&lt;serv_mapper1&gt;, exit status 3
15:48:21 INFO  Restarting mosquitto too frequently in the last 10 seconds. It was only up for 5 seconds
15:48:21 INFO  Delaying execution by 6 seconds
15:48:41 INFO  Executed sudo&lt;tedge_connect_c8y&gt;, exit status 0, duration 13 secs
15:48:42 INFO  Executed sudo&lt;tedge_connect_c8y_test&gt;, exit status 0
15:48:42 INFO  Executed systemctl&lt;serv_mosq2&gt;, exit status 0
15:48:42 INFO  Executed systemctl&lt;serv_mapper3&gt;, exit status 0
15:48:45 INFO  State of current operation: SUCCESSFUL
15:48:45 INFO  Assert that (False == value) with value=False ... passed
15:48:45 INFO  Assert that (False == value) with value=False ... passed
15:48:45 INFO  Assert that (False == value) with value=False ... passed
15:48:46 INFO  Assert that (False == value) with value=False ... passed
15:48:46 INFO  Package moon-buggy is installed
15:48:46 WARN  Assert that (False == value) with value=True ... failed 
15:48:47 INFO  Response status: 201
15:48:47 INFO  Response to action: {
    "delivery": {
        "time": "2022-05-09T15:48:47.607Z",
        "log": [],
        "status": "PENDING"
    },
    "creationTime": "2022-05-09T15:48:47.593Z",
    "deviceName": "m32sd10d",
    "deviceId": "18555945",
    "self": "https://t493319102.eu-latest.cumulocity.com/devicecontrol/operations/18564366",
    "id": "18564366",
    "status": "PENDING",
    "description": "Apply software changes, triggered from PySys: [{'action': 'install', 'id': '5475369', 'name': 'asciijump', 'url': ' ', 'version': '::apt'}, {'action': 'install', 'id': '5474869', 'name': 'robotfindskitten', 'url': ' ', 'version': ' '}, {'action': 'install', 'id': '5475279', 'name': 'squirrel3', 'url': ' ', 'version': '3.1-7::apt'}, {'action': 'install', 'id': '5152439', 'name': 'rolldice', 'url': ' ', 'version': '1.16-1+b1'}, {'action': 'install', 'id': '5439204', 'name': 'moon-buggy', 'url': ' ', 'version': '1:1.0.51-12'}, {'action': 'install', 'id': '5475369', 'name': 'asciijump', 'url': ' ', 'version': '::apt'}]",
    "c8y_SoftwareUpdate": [
        {
            "name": "asciijump",
            "action": "install",
            "id": "5475369",
            "version": "::apt",
            "url": " "
        },
        {
            "name": "robotfindskitten",
            "action": "install",
            "id": "5474869",
            "version": " ",
            "url": " "
        },
        {
            "name": "squirrel3",
            "action": "install",
            "id": "5475279",
            "version": "3.1-7::apt",
            "url": " "
        },
        {
            "name": "rolldice",
            "action": "install",
            "id": "5152439",
            "version": "1.16-1+b1",
            "url": " "
        },
        {
            "name": "moon-buggy",
            "action": "install",
            "id": "5439204",
            "version": "1:1.0.51-12",
            "url": " "
        },
        {
            "name": "asciijump",
            "action": "install",
            "id": "5475369",
            "version": "::apt",
            "url": " "
        }
    ]
}
15:48:47 INFO  Started operation: {'delivery': {'time': '2022-05-09T15:48:47.607Z', 'log': [], 'status': 'PENDING'}, 'creationTime': '2022-05-09T15:48:47.593Z', 'deviceName': 'm32sd10d', 'deviceId': '18555945', 'self': 'https://t493319102.eu-latest.cumulocity.com/devicecontrol/operations/18564366', 'id': '18564366', 'status': 'PENDING', 'description': "Apply software changes, triggered from PySys: [{'action': 'install', 'id': '5475369', 'name': 'asciijump', 'url': ' ', 'version': '::apt'}, {'action': 'install', 'id': '5474869', 'name': 'robotfindskitten', 'url': ' ', 'version': ' '}, {'action': 'install', 'id': '5475279', 'name': 'squirrel3', 'url': ' ', 'version': '3.1-7::apt'}, {'action': 'install', 'id': '5152439', 'name': 'rolldice', 'url': ' ', 'version': '1.16-1+b1'}, {'action': 'install', 'id': '5439204', 'name': 'moon-buggy', 'url': ' ', 'version': '1:1.0.51-12'}, {'action': 'install', 'id': '5475369', 'name': 'asciijump', 'url': ' ', 'version': '::apt'}]", 'c8y_SoftwareUpdate': [{'name': 'asciijump', 'action': 'install', 'id': '5475369', 'version': '::apt', 'url': ' '}, {'name': 'robotfindskitten', 'action': 'install', 'id': '5474869', 'version': ' ', 'url': ' '}, {'name': 'squirrel3', 'action': 'install', 'id': '5475279', 'version': '3.1-7::apt', 'url': ' '}, {'name': 'rolldice', 'action': 'install', 'id': '5152439', 'version': '1.16-1+b1', 'url': ' '}, {'name': 'moon-buggy', 'action': 'install', 'id': '5439204', 'version': '1:1.0.51-12', 'url': ' '}, {'name': 'asciijump', 'action': 'install', 'id': '5475369', 'version': '::apt', 'url': ' '}]}
15:48:49 INFO  State of operation 18564366 : PENDING
15:48:52 INFO  State of operation 18564366 : EXECUTING
15:48:54 INFO  State of operation 18564366 : EXECUTING
15:48:56 INFO  State of operation 18564366 : EXECUTING
15:48:58 INFO  State of operation 18564366 : EXECUTING
15:49:00 INFO  State of operation 18564366 : EXECUTING
15:49:04 INFO  State of operation 18564366 : EXECUTING
15:49:07 INFO  State of operation 18564366 : EXECUTING
15:49:09 INFO  State of operation 18564366 : EXECUTING
15:49:12 INFO  State of operation 18564366 : EXECUTING
15:49:14 INFO  State of operation 18564366 : EXECUTING
15:49:16 INFO  State of operation 18564366 : EXECUTING
15:49:18 INFO  State of operation 18564366 : EXECUTING
15:49:21 INFO  State of operation 18564366 : EXECUTING
15:49:23 INFO  State of operation 18564366 : EXECUTING
15:49:26 INFO  State of operation 18564366 : EXECUTING
15:49:28 INFO  State of operation 18564366 : EXECUTING
15:49:31 INFO  State of operation 18564366 : EXECUTING
15:49:33 INFO  State of operation 18564366 : EXECUTING
15:49:35 INFO  State of operation 18564366 : EXECUTING
15:49:37 INFO  State of operation 18564366 : EXECUTING
15:49:40 INFO  State of operation 18564366 : EXECUTING
15:49:42 INFO  State of operation 18564366 : EXECUTING
15:49:44 INFO  State of operation 18564366 : EXECUTING
15:49:47 INFO  State of operation 18564366 : EXECUTING
15:49:49 INFO  State of operation 18564366 : EXECUTING
15:49:52 INFO  State of operation 18564366 : EXECUTING
15:49:54 INFO  State of operation 18564366 : EXECUTING
15:49:56 INFO  State of operation 18564366 : EXECUTING
15:49:59 INFO  State of operation 18564366 : EXECUTING
15:50:01 INFO  State of operation 18564366 : EXECUTING
15:50:03 INFO  State of operation 18564366 : EXECUTING
15:50:06 INFO  State of operation 18564366 : EXECUTING
15:50:08 INFO  State of operation 18564366 : EXECUTING
15:50:10 INFO  State of operation 18564366 : EXECUTING
15:50:12 INFO  State of operation 18564366 : EXECUTING
15:50:14 INFO  State of operation 18564366 : EXECUTING
15:50:17 INFO  State of operation 18564366 : EXECUTING
15:50:20 INFO  State of operation 18564366 : EXECUTING
15:50:22 INFO  State of operation 18564366 : EXECUTING
15:50:25 INFO  State of operation 18564366 : EXECUTING
15:50:27 INFO  State of operation 18564366 : EXECUTING
15:50:29 INFO  State of operation 18564366 : EXECUTING
15:50:31 INFO  State of operation 18564366 : EXECUTING
15:50:34 INFO  State of operation 18564366 : EXECUTING
15:50:36 INFO  State of operation 18564366 : EXECUTING
15:50:38 INFO  State of operation 18564366 : EXECUTING
15:50:41 INFO  State of operation 18564366 : EXECUTING
15:50:43 INFO  State of operation 18564366 : EXECUTING
15:50:45 INFO  State of operation 18564366 : EXECUTING
15:50:48 INFO  State of operation 18564366 : EXECUTING
15:50:50 INFO  State of operation 18564366 : EXECUTING
15:50:53 INFO  State of operation 18564366 : EXECUTING
15:50:55 INFO  State of operation 18564366 : EXECUTING
15:50:57 INFO  State of operation 18564366 : EXECUTING
15:51:00 INFO  State of operation 18564366 : EXECUTING
15:51:02 INFO  State of operation 18564366 : EXECUTING
15:51:05 INFO  State of operation 18564366 : EXECUTING
15:51:08 INFO  State of operation 18564366 : EXECUTING
15:51:10 INFO  State of operation 18564366 : EXECUTING
15:51:12 INFO  State of operation 18564366 : EXECUTING
15:51:14 WARN  SystemError occurred while running test - Timeout while waiting for status SUCCESSFUL or False
Traceback (most recent call last):
  File "/home/pi/env-pysys/lib/python3.7/site-packages/pysys/baserunner.py", line 1294, in __call__
    self.testObj.execute()
  File "/home/pi/actions-runner/_work/thin-edge.io/thin-edge.io/tests/PySys/software_management_end_to_end/sm_apt_install_remove_multiple_mixed/run.py", line 89, in execute
    self.wait_until_succcess()
  File "/home/pi/actions-runner/_work/thin-edge.io/thin-edge.io/tests/PySys/software_management_end_to_end/environment_sm_management.py", line 324, in wait_until_succcess
    self.wait_until_status("SUCCESSFUL")
  File "/home/pi/actions-runner/_work/thin-edge.io/thin-edge.io/tests/PySys/software_management_end_to_end/environment_sm_management.py", line 381, in wait_until_status
    "Timeout while waiting for status %s or %s" % (status, status2)
SystemError: Timeout while waiting for status SUCCESSFUL or False
15:51:14 WARN  SystemError: Timeout while waiting for status SUCCESSFUL or False ... blocked 
15:51:14 INFO  
15:51:14 INFO  cleanup:
15:51:19 INFO  Executed sudo&lt;tedge_disconnect_c8y&gt;, exit status 0
15:51:19 INFO  Executed systemctl&lt;serv_mapper5&gt;, exit status 3
15:51:19 INFO  
15:51:19 INFO  Test duration: 178.84 secs
15:51:19 INFO  Test final outcome:  BLOCKED
15:51:19 INFO  Test outcome reason: SystemError: Timeout while waiting for status SUCCESSFUL or False (+1 other failures)
15:51:19 INFO  
</system-out>
	</testcase>
</testsuite><testsuite name="SoftwareManagement.sm_apt_install_remove_with_version" tests="3" errors="0" failures="0" skipped="1" time="0"><testcase classname="PySysTest" name="SoftwareManagement.sm_apt_install_remove_with_version">
		<skipped message="SKIPPED: Testing the apt plugin is not supported on this platform.Use parameter -XmyPlatform='container' to enable it" />
		<system-out>14:47:44 INFO  ==============================================================
14:47:44 INFO  Id:    SoftwareManagement.sm_apt_install_remove_with_version
14:47:44 INFO  Dir:   software_management_end_to_end/
14:47:44 INFO  Title: Validate end to end behaviour for the apt plugin for packages with version
14:47:44 INFO  ==============================================================
14:47:44 INFO  Testing the apt plugin is not supported on this platform.Use parameter -XmyPlatform='container' to enable it ... skipped
14:47:44 WARN  Aborted test due to SKIPPED outcome
14:47:44 INFO  
14:47:44 INFO  Test duration: 0.02 secs
14:47:44 INFO  Test final outcome:  SKIPPED
14:47:44 INFO  Test outcome reason: Testing the apt plugin is not supported on this platform.Use parameter -XmyPlatform='container' to enable it
14:47:44 INFO  
</system-out>
	</testcase>
<testcase classname="PySysTest" name="SoftwareManagement.sm_apt_install_remove_with_version" />
<testcase classname="PySysTest" name="SoftwareManagement.sm_apt_install_remove_with_version" />
</testsuite><testsuite name="SoftwareManagement.sm_docker_install_remove_multiple" tests="3" errors="0" failures="0" skipped="1" time="0"><testcase classname="SMDockerInstallRemove" name="SoftwareManagement.sm_docker_install_remove_multiple">
		<skipped message="SKIPPED: Testing the apt plugin is not supported on this platform.Use parameter -XmyPlatform='container' to enable it" />
		<system-out>14:47:44 INFO  ==============================================================
14:47:44 INFO  Id:    SoftwareManagement.sm_docker_install_remove_multiple
14:47:44 INFO  Dir:   software_management_end_to_end/
14:47:44 INFO  Title: Validate end to end behaviour for the docker plugin for multiple docker images with mixed versions
14:47:44 INFO  ==============================================================
14:47:44 INFO  Testing the apt plugin is not supported on this platform.Use parameter -XmyPlatform='container' to enable it ... skipped
14:47:44 WARN  Aborted test due to SKIPPED outcome
14:47:44 INFO  
14:47:44 INFO  Test duration: 0.02 secs
14:47:44 INFO  Test final outcome:  SKIPPED
14:47:44 INFO  Test outcome reason: Testing the apt plugin is not supported on this platform.Use parameter -XmyPlatform='container' to enable it
14:47:44 INFO  
</system-out>
	</testcase>
<testcase classname="SMDockerInstallRemove" name="SoftwareManagement.sm_docker_install_remove_multiple" />
<testcase classname="SMDockerInstallRemove" name="SoftwareManagement.sm_docker_install_remove_multiple" />
</testsuite><testsuite name="SoftwareManagement.sm_fake_install_remove" tests="2" errors="0" failures="0" skipped="1" time="0"><testcase classname="PySysTest" name="SoftwareManagement.sm_fake_install_remove">
		<skipped message="SKIPPED: Testing the fake plugin is not enabled.Use parameter -Xfakeplugin=fakeplugin to enable it" />
		<system-out>14:47:45 INFO  ==============================================================
14:47:45 INFO  Id:    SoftwareManagement.sm_fake_install_remove
14:47:45 INFO  Dir:   software_management_end_to_end/
14:47:45 INFO  Title: Validate end to end behaviour for the dummy plugin for installation and removal of packages
14:47:45 INFO  ==============================================================
14:47:45 INFO  Testing the fake plugin is not enabled.Use parameter -Xfakeplugin=fakeplugin to enable it ... skipped
14:47:45 WARN  Aborted test due to SKIPPED outcome
14:47:45 INFO  
14:47:45 INFO  Test duration: 0.02 secs
14:47:45 INFO  Test final outcome:  SKIPPED
14:47:45 INFO  Test outcome reason: Testing the fake plugin is not enabled.Use parameter -Xfakeplugin=fakeplugin to enable it
14:47:45 INFO  
</system-out>
	</testcase>
<testcase classname="PySysTest" name="SoftwareManagement.sm_fake_install_remove" />
</testsuite><testsuite name="SoftwareManagement.sm_fake_install_remove_multiple" tests="2" errors="0" failures="0" skipped="1" time="0"><testcase classname="PySysTest" name="SoftwareManagement.sm_fake_install_remove_multiple">
		<skipped message="SKIPPED: Testing the fake plugin is not enabled.Use parameter -Xfakeplugin=fakeplugin to enable it" />
		<system-out>14:47:45 INFO  ==============================================================
14:47:45 INFO  Id:    SoftwareManagement.sm_fake_install_remove_multiple
14:47:45 INFO  Dir:   software_management_end_to_end/
14:47:45 INFO  Title: Validate end to end behaviour for the dummy-plugin for multiple packages
14:47:45 INFO  ==============================================================
14:47:45 INFO  Testing the fake plugin is not enabled.Use parameter -Xfakeplugin=fakeplugin to enable it ... skipped
14:47:45 WARN  Aborted test due to SKIPPED outcome
14:47:45 INFO  
14:47:45 INFO  Test duration: 0.03 secs
14:47:45 INFO  Test final outcome:  SKIPPED
14:47:45 INFO  Test outcome reason: Testing the fake plugin is not enabled.Use parameter -Xfakeplugin=fakeplugin to enable it
14:47:45 INFO  
</system-out>
	</testcase>
<testcase classname="PySysTest" name="SoftwareManagement.sm_fake_install_remove_multiple" />
</testsuite><testsuite name="SoftwareManagement.sm_mapper_fail_and_reconnect" tests="2" errors="0" failures="0" skipped="2" time="0"><testcase classname="MapperC8yReceiveLastMessageOnRestart" name="SoftwareManagement.sm_mapper_fail_and_reconnect">
		<skipped message="SKIPPED: instable https://github.com/thin-edge/thin-edge.io/issues/752" />
		<system-out>14:47:45 INFO  ==============================================================
14:47:45 INFO  Id:    SoftwareManagement.sm_mapper_fail_and_reconnect
14:47:45 INFO  Dir:   software_management_end_to_end/
14:47:45 INFO  Title: Validate the tedge-mapper-sm-c8y for receiving the last message on restart
14:47:45 INFO  ==============================================================
14:47:45 INFO  instable https://github.com/thin-edge/thin-edge.io/issues/752 ... skipped
14:47:45 INFO  
14:47:45 INFO  Test duration: 0.02 secs
14:47:45 INFO  Test final outcome:  SKIPPED
14:47:45 INFO  Test outcome reason: instable https://github.com/thin-edge/thin-edge.io/issues/752
14:47:45 INFO  
</system-out>
	</testcase>
<testcase classname="MapperC8yReceiveLastMessageOnRestart" name="SoftwareManagement.sm_mapper_fail_and_reconnect">
		<skipped message="SKIPPED: instable https://github.com/thin-edge/thin-edge.io/issues/752" />
		<system-out>15:57:57 INFO  ==============================================================
15:57:57 INFO  Id:    SoftwareManagement.sm_mapper_fail_and_reconnect
15:57:57 INFO  Dir:   software_management_end_to_end/
15:57:57 INFO  Title: Validate the tedge-mapper-sm-c8y for receiving the last message on restart
15:57:57 INFO  ==============================================================
15:57:57 INFO  instable https://github.com/thin-edge/thin-edge.io/issues/752 ... skipped
15:57:57 INFO  
15:57:57 INFO  Test duration: 0.09 secs
15:57:57 INFO  Test final outcome:  SKIPPED
15:57:57 INFO  Test outcome reason: instable https://github.com/thin-edge/thin-edge.io/issues/752
15:57:57 INFO  
</system-out>
	</testcase>
</testsuite><testsuite name="SoftwareManagement.sm_mixed_install_remove_multiple" tests="2" errors="0" failures="1" skipped="1" time="0"><testcase classname="PySysTest" name="SoftwareManagement.sm_mixed_install_remove_multiple">
		<skipped message="SKIPPED: Testing the fake plugin is not enabled.Use parameter -Xfakeplugin=fakeplugin to enable it" />
		<system-out>14:47:45 INFO  ==============================================================
14:47:45 INFO  Id:    SoftwareManagement.sm_mixed_install_remove_multiple
14:47:45 INFO  Dir:   software_management_end_to_end/
14:47:45 INFO  Title: Validate end to end behaviour for the dummy-plugin for multiple packages with mixed versions
14:47:45 INFO  ==============================================================
14:47:45 INFO  Testing the fake plugin is not enabled.Use parameter -Xfakeplugin=fakeplugin to enable it ... skipped
14:47:45 WARN  Aborted test due to SKIPPED outcome
14:47:45 INFO  
14:47:45 INFO  Test duration: 0.02 secs
14:47:45 INFO  Test final outcome:  SKIPPED
14:47:45 INFO  Test outcome reason: Testing the fake plugin is not enabled.Use parameter -Xfakeplugin=fakeplugin to enable it
14:47:45 INFO  
[...]
		<failure message="FAILED: Assert that (True == value) with value=False" type="FAILED" />
		<system-out>14:35:48 INFO  ==============================================================
14:35:48 INFO  Id:    log_request_num_lines
14:35:48 INFO  Dir:   log_request_end_to_end/
14:35:48 INFO  Title: Validate end to end behaviour for the log request operation check for number of lines
14:35:48 INFO  ==============================================================
14:35:48 INFO  EnvironmentC8y Setup
14:35:49 INFO  Executed systemctl&lt;serv_mapper1&gt;, exit status 3
14:35:49 INFO  Restarting mosquitto too frequently in the last 10 seconds. It was only up for 5 seconds
14:35:49 INFO  Delaying execution by 6 seconds
14:36:09 INFO  Executed sudo&lt;tedge_connect_c8y&gt;, exit status 0, duration 14 secs
14:36:10 INFO  Executed sudo&lt;tedge_connect_c8y_test&gt;, exit status 0
14:36:10 INFO  Executed systemctl&lt;serv_mosq2&gt;, exit status 0
14:36:11 INFO  Executed systemctl&lt;serv_mapper3&gt;, exit status 0
14:36:11 INFO  Executed sudo&lt;rm_logs&gt;, exit status 0
14:36:12 INFO  Executed sudo&lt;move_logs&gt;, exit status 0
14:36:12 INFO  log response None
14:36:12 WARN  retry, retrying in 1 seconds...
14:36:14 INFO  log response https://thin-edge-io.eu-latest.cumulocity.com/event/events/18556018/binaries
14:36:14 INFO  nlines 0
14:36:14 WARN  Assert that (True == value) with value=False ... failed [run.py:44]
14:36:14 INFO  
14:36:14 INFO  cleanup:
14:36:14 INFO  Executed sudo&lt;rm_logs&gt;, exit status 0
14:36:15 INFO  Executed sudo&lt;rm_tmp_logs&gt;, exit status 0
14:36:15 INFO  Executed sudo&lt;send_failed&gt;, exit status 0
14:36:19 INFO  Executed sudo&lt;tedge_disconnect_c8y&gt;, exit status 0
14:36:20 INFO  Executed systemctl&lt;serv_mapper5&gt;, exit status 3
14:36:20 INFO  
14:36:20 INFO  Test duration: 31.41 secs
14:36:20 INFO  Test final outcome:  FAILED
14:36:20 INFO  Test outcome reason: Assert that (True == value) with value=False
14:36:20 INFO  
</system-out>
	</testcase>
</testsuite><testsuite name="mapper_awaits_before_reconnect" tests="1" errors="0" failures="1" skipped="0" time="0"><testcase classname="MapperReconnectAwait" name="mapper_awaits_before_reconnect">
		<failure message="FAILED: Line count on tedge_mapper_journal.out for &quot;tedge_mapper::core::mapper: MQTT connection error:&quot; expected &gt;=2 but got 0" type="FAILED" />
		<system-out>14:50:48 INFO  ==============================================================
14:50:48 INFO  Id:    mapper_awaits_before_reconnect
14:50:48 INFO  Dir:   tedge_mapper_c8y/
14:50:48 INFO  Title: Validate mapper doesn't reconnect too often
14:50:48 INFO  ==============================================================
14:50:48 INFO  Started mosquitto_sub with process id 18604
14:50:48 INFO  Waiting for 0.1 seconds
14:50:48 INFO  Executed sudo&lt;tedge_mapper&gt;, exit status 0
14:50:48 INFO  Waiting for 5.0 seconds
14:50:54 INFO  Executed sudo&lt;tedge_mapper&gt;, exit status 0
14:50:56 INFO  Executed sudo&lt;tedge_mapper_journal&gt;, exit status 0
14:50:56 WARN  Grep on tedge_mapper_journal.out contains "ERROR" ... failed [run.py:67]
14:50:56 INFO  Line count on file tedge_mapper_journal.out ... passed
14:50:56 WARN  Line count on tedge_mapper_journal.out for "tedge_mapper::core::mapper: MQTT connection error:" expected &gt;=2 but got 0 ... failed [run.py:78]
14:50:56 WARN  Aborted test due to FAILED outcome
14:50:56 INFO  
14:50:56 INFO  Test duration: 7.91 secs
14:50:56 INFO  Test final outcome:  FAILED
14:50:56 INFO  Test outcome reason: Line count on tedge_mapper_journal.out for "tedge_mapper::core::mapper: MQTT connection error:" expected &gt;=2 but got 0
14:50:56 INFO  
</system-out>
	</testcase>
</testsuite><testsuite name="monitoring_smaller_interval" tests="1" errors="0" failures="1" skipped="0" time="0"><testcase classname="MonitoringSmallInterval" name="monitoring_smaller_interval">
		<failure message="BLOCKED: TypeError: 'int' object is not subscriptable" type="BLOCKED" />
		<system-out>14:37:48 INFO  ==============================================================
14:37:48 INFO  Id:    monitoring_smaller_interval
14:37:48 INFO  Dir:   monitoring/
14:37:48 INFO  Title: Validate the tedge dm agent messages that are produced with smaller sampling interval than the batching window. Here the simulated collectd messages are used
14:37:48 INFO  ==============================================================
14:37:49 INFO  Executed sudo&lt;collectd&gt;, exit status 0
14:37:49 INFO  Executed sudo&lt;collectd_mapper&gt;, exit status 0
14:37:49 INFO  Started sudo&lt;tedge_sub&gt; with process id 14724
14:37:50 INFO  Executed sudo&lt;tedge_temp&gt;, exit status 0
14:37:51 INFO  Executed sudo&lt;tedge_pres&gt;, exit status 0
14:37:51 INFO  Executed sudo&lt;tedge_temp&gt;, exit status 0
14:37:52 INFO  Executed sudo&lt;tedge_pres&gt;, exit status 0
14:37:52 INFO  Executed sudo&lt;tedge_temp&gt;, exit status 0
14:37:53 INFO  Executed sudo&lt;tedge_pres&gt;, exit status 0
14:37:53 INFO  Executed sudo&lt;tedge_temp&gt;, exit status 0
14:37:54 INFO  Executed sudo&lt;tedge_pres&gt;, exit status 0
14:37:55 INFO  Executed sudo&lt;tedge_temp&gt;, exit status 0
14:37:55 INFO  Executed sudo&lt;tedge_pres&gt;, exit status 0
14:37:56 INFO  Executed sudo&lt;tedge_temp&gt;, exit status 0
14:37:56 INFO  Executed sudo&lt;tedge_pres&gt;, exit status 0
14:37:57 INFO  Executed sudo&lt;tedge_temp&gt;, exit status 0
14:37:57 INFO  Executed sudo&lt;tedge_pres&gt;, exit status 0
14:37:58 INFO  Executed sudo&lt;tedge_temp&gt;, exit status 0
14:37:58 INFO  Executed sudo&lt;tedge_pres&gt;, exit status 0
14:37:59 INFO  Executed sudo&lt;tedge_temp&gt;, exit status 0
14:38:00 INFO  Executed sudo&lt;tedge_pres&gt;, exit status 0
14:38:00 INFO  Executed sudo&lt;tedge_temp&gt;, exit status 0
14:38:01 INFO  Executed sudo&lt;tedge_pres&gt;, exit status 0
14:38:02 INFO  Executed sudo&lt;kill_out&gt;, exit status 0
14:38:02 INFO  0

14:38:02 WARN  TypeError occurred while running test - 'int' object is not subscriptable
Traceback (most recent call last):
  File "/home/pi/env-pysys/lib/python3.7/site-packages/pysys/baserunner.py", line 1296, in __call__
    self.testObj.validate()
  File "/home/pi/actions-runner/_work/thin-edge.io/thin-edge.io/tests/PySys/monitoring/monitoring_smaller_interval/run.py", line 104, in validate
    collectd_msg_validation_result=self.validate_json(),
  File "/home/pi/actions-runner/_work/thin-edge.io/thin-edge.io/tests/PySys/monitoring/monitoring_smaller_interval/run.py", line 114, in validate_json
    if not self.validate_time():
  File "/home/pi/actions-runner/_work/thin-edge.io/thin-edge.io/tests/PySys/monitoring/monitoring_smaller_interval/run.py", line 134, in validate_time
    if self.js_msg["time"]:
TypeError: 'int' object is not subscriptable
14:38:02 WARN  TypeError: 'int' object is not subscriptable ... blocked 
14:38:02 INFO  
14:38:02 INFO  cleanup:
14:38:02 INFO  monitoring_cleanup
14:38:03 INFO  Executed sudo&lt;collectd_mapper&gt;, exit status 0
14:38:03 INFO  
14:38:03 INFO  Test duration: 14.83 secs
14:38:03 INFO  Test final outcome:  BLOCKED
14:38:03 INFO  Test outcome reason: TypeError: 'int' object is not subscriptable
14:38:03 INFO  
</system-out>
	</testcase>
</testsuite><testsuite name="monitoring_with_collectd" tests="1" errors="0" failures="0" skipped="1" time="0"><testcase classname="MonitoringWithCollectd" name="monitoring_with_collectd">
		<skipped message="SKIPPED: Test execution disabled due to #792 (instable)" />
		<system-out>14:38:03 INFO  ==============================================================
14:38:03 INFO  Id:    monitoring_with_collectd
14:38:03 INFO  Dir:   monitoring/
14:38:03 INFO  Title: Validate tedge dm agent messages that are produced by batching the collectd messages
14:38:03 INFO  ==============================================================
14:38:03 INFO  Test execution disabled due to #792 (instable) ... skipped
14:38:03 INFO  
14:38:03 INFO  Test duration: 0.03 secs
14:38:03 INFO  Test final outcome:  SKIPPED
14:38:03 INFO  Test outcome reason: Test execution disabled due to #792 (instable)
14:38:03 INFO  
</system-out>
	</testcase>
</testsuite><testsuite name="monitoring_with_simulated_messages" tests="1" errors="0" failures="1" skipped="0" time="0"><testcase classname="MonitoringWithSimulatedMessages" name="monitoring_with_simulated_messages">
		<failure message="BLOCKED: TypeError: 'int' object is not subscriptable" type="BLOCKED" />
		<system-out>14:38:03 INFO  ==============================================================
14:38:03 INFO  Id:    monitoring_with_simulated_messages
14:38:03 INFO  Dir:   monitoring/
14:38:03 INFO  Title: Validate the tedge dm agent messages that are produced from the simulated collectd messages
14:38:03 INFO  ==============================================================
14:38:04 INFO  Executed sudo&lt;collectd&gt;, exit status 0
14:38:04 INFO  Executed sudo&lt;collectd_mapper&gt;, exit status 0
14:38:04 INFO  Started sudo&lt;tedge_sub&gt; with process id 14781
14:38:05 INFO  Executed sudo&lt;tedge_temp&gt;, exit status 0
14:38:05 INFO  Executed sudo&lt;tedge_pres&gt;, exit status 0
14:38:07 INFO  Executed sudo&lt;kill_out&gt;, exit status 0
14:38:07 INFO  0

14:38:07 WARN  TypeError occurred while running test - 'int' object is not subscriptable
Traceback (most recent call last):
  File "/home/pi/env-pysys/lib/python3.7/site-packages/pysys/baserunner.py", line 1296, in __call__
    self.testObj.validate()
  File "/home/pi/actions-runner/_work/thin-edge.io/thin-edge.io/tests/PySys/monitoring/monitoring_with_simulated_messages/run.py", line 98, in validate
    collectd_msg_validation_result=self.validate_json(),
  File "/home/pi/actions-runner/_work/thin-edge.io/thin-edge.io/tests/PySys/monitoring/monitoring_with_simulated_messages/run.py", line 108, in validate_json
    if not self.validate_time():
  File "/home/pi/actions-runner/_work/thin-edge.io/thin-edge.io/tests/PySys/monitoring/monitoring_with_simulated_messages/run.py", line 127, in validate_time
    if self.js_msg["time"]:
TypeError: 'int' object is not subscriptable
14:38:07 WARN  TypeError: 'int' object is not subscriptable ... blocked 
14:38:07 INFO  
14:38:07 INFO  cleanup:
14:38:07 INFO  monitoring_cleanup
14:38:08 INFO  Executed sudo&lt;collectd_mapper&gt;, exit status 0
14:38:08 INFO  
14:38:08 INFO  Test duration: 4.50 secs
14:38:08 INFO  Test final outcome:  BLOCKED
14:38:08 INFO  Test outcome reason: TypeError: 'int' object is not subscriptable
14:38:08 INFO  
</system-out>
	</testcase>
</testsuite><testsuite name="mqtt_port_change_connection_fails" tests="1" errors="0" failures="0" skipped="0" time="0"><testcase classname="MqttPortChangeConnectionFails" name="mqtt_port_change_connection_fails" />
</testsuite><testsuite name="mqtt_port_change_connection_works" tests="1" errors="0" failures="0" skipped="1" time="0"><testcase classname="MqttPortChangeConnectionWorks" name="mqtt_port_change_connection_works">
		<skipped message="SKIPPED: failing intermitently" />
		<system-out>14:36:55 INFO  ==============================================================
14:36:55 INFO  Id:    mqtt_port_change_connection_works
14:36:55 INFO  Dir:   misc_features/
14:36:55 INFO  Title: mqtt port change connection works for all the thin-edge services that use the mosquitto broker
14:36:55 INFO  ==============================================================
14:36:55 INFO  failing intermitently ... skipped
14:36:55 INFO  
14:36:55 INFO  Test duration: 0.02 secs
14:36:55 INFO  Test final outcome:  SKIPPED
14:36:55 INFO  Test outcome reason: failing intermitently
14:36:55 INFO  
</system-out>
	</testcase>
</testsuite><testsuite name="mqtt_port_set" tests="1" errors="0" failures="0" skipped="0" time="0"><testcase classname="MqttPortSet" name="mqtt_port_set" />
</testsuite><testsuite name="mqtt_port_unset" tests="1" errors="0" failures="0" skipped="0" time="0"><testcase classname="MqttPortUnSet" name="mqtt_port_unset" />
</testsuite><testsuite name="publish_flux" tests="1" errors="0" failures="0" skipped="0" time="0"><testcase classname="PublishFlux" name="publish_flux" />
</testsuite><testsuite name="publish_sawmill" tests="1" errors="0" failures="0" skipped="0" time="0"><testcase classname="PublishSawmill" name="publish_sawmill" />
</testsuite><testsuite name="runtime_start_two_mappers" tests="1" errors="0" failures="1" skipped="0" time="0"><testcase classname="RuntimeMultiMappers" name="runtime_start_two_mappers">
		<failure message="FAILED: Grep on tedge_mapper2.err contains &quot;Error: Couldn't acquire file lock.&quot;" type="FAILED" />
		<system-out>14:50:56 INFO  ==============================================================
14:50:56 INFO  Id:    runtime_start_two_mappers
14:50:56 INFO  Dir:   tedge_mapper_c8y/
14:50:56 INFO  Title: Validate two mappers can't be started at the same time
14:50:56 INFO  ==============================================================
14:50:56 INFO  Executed sudo&lt;tedge_mapper1&gt;, exit status 0
14:50:56 INFO  Waiting for 0.1 seconds
14:50:57 INFO  Executed sudo&lt;tedge_mapper2&gt;, exit status 1
14:50:57 INFO  Executed sudo&lt;tedge_mapper1&gt;, exit status 0
14:50:58 WARN  Grep on tedge_mapper2.err contains "Error: Couldn't acquire file lock." ... failed [run.py:46]
14:50:58 INFO  
14:50:58 INFO  Test duration: 1.79 secs
14:50:58 INFO  Test final outcome:  FAILED
14:50:58 INFO  Test outcome reason: Grep on tedge_mapper2.err contains "Error: Couldn't acquire file lock."
14:50:58 INFO  
</system-out>
	</testcase>
</testsuite><testsuite name="sm_tedge_mapper_init_session" tests="1" errors="0" failures="0" skipped="0" time="0"><testcase classname="TedgeSMMapperInitSession" name="sm_tedge_mapper_init_session" />
</testsuite><testsuite name="smoketest_json" tests="1" errors="0" failures="0" skipped="0" time="0"><testcase classname="SmokeTestJson" name="smoketest_json" />
</testsuite><testsuite name="smoketest_json_400_samples_10ms" tests="1" errors="0" failures="0" skipped="0" time="0"><testcase classname="SmoketestJson400Samples10ms" name="smoketest_json_400_samples_10ms" />
</testsuite><testsuite name="smoketest_json_400_samples_20ms" tests="1" errors="0" failures="0" skipped="0" time="0"><testcase classname="SmoketestJson400Samples20ms" name="smoketest_json_400_samples_20ms" />
</testsuite><testsuite name="smoketest_smartrest" tests="1" errors="0" failures="0" skipped="0" time="0"><testcase classname="SmoketestSmartRest" name="smoketest_smartrest" />
</testsuite><testsuite name="smoketest_smartrest_400_samples_1Xms" tests="1" errors="0" failures="0" skipped="0" time="0"><testcase classname="SmoketestSmartRest400Samples1Xms" name="smoketest_smartrest_400_samples_1Xms" />
</testsuite><testsuite name="smoketest_smartrest_400_samples_20ms" tests="1" errors="0" failures="0" skipped="0" time="0"><testcase classname="SmoketestSmartRest400Samples20ms" name="smoketest_smartrest_400_samples_20ms" />
</testsuite><testsuite name="tedge_agent_user_sudo_access" tests="1" errors="0" failures="0" skipped="1" time="0"><testcase classname="TedgeAgentUserSudoAccess" name="tedge_agent_user_sudo_access">
		<skipped message="SKIPPED: #955 Observation: Exit code of the apt plugin when called with no arguments" />
		<system-out>14:48:11 INFO  ==============================================================
14:48:11 INFO  Id:    tedge_agent_user_sudo_access
14:48:11 INFO  Dir:   tedge/
14:48:11 INFO  Title: Validate tedge-agent user has a limited sudo right
14:48:11 INFO  ==============================================================
14:48:11 INFO  #955 Observation: Exit code of the apt plugin when called with no arguments ... skipped
14:48:11 INFO  
14:48:11 INFO  Test duration: 0.02 secs
14:48:11 INFO  Test final outcome:  SKIPPED
14:48:11 INFO  Test outcome reason: #955 Observation: Exit code of the apt plugin when called with no arguments
14:48:11 INFO  
</system-out>
	</testcase>
</testsuite><testsuite name="tedge_connect_test_negative" tests="1" errors="0" failures="0" skipped="0" time="0"><testcase classname="TedgeConnectTestNegative" name="tedge_connect_test_negative" />
</testsuite><testsuite name="tedge_connect_test_positive" tests="1" errors="0" failures="0" skipped="0" time="0"><testcase classname="TedgeConnectTestPositive" name="tedge_connect_test_positive" />
</testsuite><testsuite name="tedge_connect_test_sm_services" tests="1" errors="0" failures="0" skipped="0" time="0"><testcase classname="TedgeConnectTestSMServices" name="tedge_connect_test_sm_services" />
</testsuite><testsuite name="tedge_disconnect_test_sm_services" tests="1" errors="0" failures="0" skipped="0" time="0"><testcase classname="TedgeDisConnectTestSMServices" name="tedge_disconnect_test_sm_services" />
</testsuite><testsuite name="tedge_mapper_az_negative" tests="1" errors="0" failures="0" skipped="0" time="0"><testcase classname="TedgeMapperAzError" name="tedge_mapper_az_negative" />
</testsuite><testsuite name="tedge_mapper_az_with_timestamp" tests="1" errors="0" failures="0" skipped="0" time="0"><testcase classname="TedgeMapperAzWithTimestamp" name="tedge_mapper_az_with_timestamp" />
</testsuite><testsuite name="tedge_mapper_az_without_timestamp" tests="1" errors="0" failures="0" skipped="0" time="0"><testcase classname="TedgeMapperAzWithoutTimestamp" name="tedge_mapper_az_without_timestamp" />
</testsuite><testsuite name="tedge_mapper_c8y_alarms" tests="1" errors="0" failures="0" skipped="0" time="0"><testcase classname="TedgeMapperC8yAlarm" name="tedge_mapper_c8y_alarms" />
</testsuite><testsuite name="tedge_mapper_c8y_child_device_measurement" tests="1" errors="0" failures="0" skipped="0" time="0"><testcase classname="TedgeMapperC8yChildDevice" name="tedge_mapper_c8y_child_device_measurement" />
</testsuite><testsuite name="tedge_mapper_c8y_packet_threshold_size" tests="1" errors="0" failures="1" skipped="0" time="0"><testcase classname="TedgeMapperC8yThresholdPacketSize" name="tedge_mapper_c8y_packet_threshold_size">
		<failure message="FAILED: Grep on tedge_sub.out contains &quot;The size of the message received on tedge/measurements is 20489 which is greater than the threshold size of 16184.&quot;" type="FAILED" />
		<system-out>14:52:31 INFO  ==============================================================
14:52:31 INFO  Id:    tedge_mapper_c8y_packet_threshold_size
14:52:31 INFO  Dir:   tedge_mapper_c8y/
14:52:31 INFO  Title: Validate the Cumulocity Mapper accepted threshold packet size when it receives a message on tedge/measurements
14:52:31 INFO  ==============================================================
14:52:32 INFO  Executed sudo&lt;tedge_mapper_c8y&gt;, exit status 0
14:52:32 INFO  Started sudo&lt;tedge_sub&gt; with process id 19192
14:52:32 INFO  Executed sudo&lt;tedge_msg&gt;, exit status 0
14:52:33 INFO  Executed sudo&lt;tedge_pub&gt;, exit status 0
14:52:33 INFO  Executed sudo&lt;kill_out&gt;, exit status 0
14:52:34 WARN  Grep on tedge_sub.out contains "The size of the message received on tedge/measurements is 20489 which is greater than the threshold size of 16184." ... failed [run.py:88]
14:52:34 INFO  
14:52:34 INFO  cleanup:
14:52:34 INFO  mapper_cleanup
14:52:34 INFO  Executed sudo&lt;tedge_mapper_c8y&gt;, exit status 0
14:52:34 INFO  
14:52:34 INFO  Test duration: 3.06 secs
14:52:34 INFO  Test final outcome:  FAILED
14:52:34 INFO  Test outcome reason: Grep on tedge_sub.out contains "The size of the message received on tedge/measurements is 20489 which is greater than the threshold size of 16184."
14:52:34 INFO  
</system-out>
	</testcase>
</testsuite><testsuite name="tedge_software_update" tests="1" errors="0" failures="0" skipped="0" time="0"><testcase classname="PySysTest" name="tedge_software_update" />
</testsuite><testsuite name="valid_device_id" tests="1" errors="0" failures="0" skipped="0" time="0"><testcase classname="ValidateValidDeviceId" name="valid_device_id" />
</testsuite></testsuites>