<?xml version='1.0' encoding='utf-8'?>
<testsuites tests="147" failures="16" errors="0" skipped="45" time="0.0"><testsuite name="SoftwareManagement.Plugin.apama_plugin_install" tests="3" errors="0" failures="0" skipped="1" time="0"><testcase classname="ApamaPluginInstallTest" name="SoftwareManagement.Plugin.apama_plugin_install">
		<skipped message="SKIPPED: Apama plugin tests are disabled by default. Execute `pysys run` with `-XmyPlatform=container` to run these tests" />
		<system-out>13:12:21 INFO  ==============================================================
13:12:21 INFO  Id:    SoftwareManagement.Plugin.apama_plugin_install
13:12:21 INFO  Dir:   plugin_apama/
13:12:21 INFO  Title: Validate apama plugin install
13:12:21 INFO  ==============================================================
13:12:21 INFO  Apama plugin tests are disabled by default. Execute `pysys run` with `-XmyPlatform=container` to run these tests ... skipped
13:12:21 WARN  Aborted test due to SKIPPED outcome
13:12:21 INFO  
13:12:21 INFO  Test duration: 0.07 secs
13:12:21 INFO  Test final outcome:  SKIPPED
13:12:21 INFO  Test outcome reason: Apama plugin tests are disabled by default. Execute `pysys run` with `-XmyPlatform=container` to run these tests
13:12:21 INFO  
</system-out>
	</testcase>
<testcase classname="ApamaPluginInstallTest" name="SoftwareManagement.Plugin.apama_plugin_install" />
<testcase classname="ApamaPluginInstallTest" name="SoftwareManagement.Plugin.apama_plugin_install" />
</testsuite><testsuite name="SoftwareManagement.Plugin.apama_plugin_mon_support" tests="3" errors="0" failures="0" skipped="1" time="0"><testcase classname="ApamaPluginMonSupportTest" name="SoftwareManagement.Plugin.apama_plugin_mon_support">
		<skipped message="SKIPPED: Apama plugin tests are disabled by default. Execute `pysys run` with `-XmyPlatform=container` to run these tests" />
		<system-out>13:12:21 INFO  ==============================================================
13:12:21 INFO  Id:    SoftwareManagement.Plugin.apama_plugin_mon_support
13:12:21 INFO  Dir:   plugin_apama/
13:12:21 INFO  Title: Validate mon file support of apama plugin
13:12:21 INFO  ==============================================================
13:12:21 INFO  Apama plugin tests are disabled by default. Execute `pysys run` with `-XmyPlatform=container` to run these tests ... skipped
13:12:21 WARN  Aborted test due to SKIPPED outcome
13:12:21 INFO  
13:12:21 INFO  Test duration: 0.04 secs
13:12:21 INFO  Test final outcome:  SKIPPED
13:12:21 INFO  Test outcome reason: Apama plugin tests are disabled by default. Execute `pysys run` with `-XmyPlatform=container` to run these tests
13:12:21 INFO  
</system-out>
	</testcase>
<testcase classname="ApamaPluginMonSupportTest" name="SoftwareManagement.Plugin.apama_plugin_mon_support" />
<testcase classname="ApamaPluginMonSupportTest" name="SoftwareManagement.Plugin.apama_plugin_mon_support" />
</testsuite><testsuite name="SoftwareManagement.Plugin.apama_plugin_remove" tests="3" errors="0" failures="0" skipped="1" time="0"><testcase classname="ApamaPluginRemoveTest" name="SoftwareManagement.Plugin.apama_plugin_remove">
		<skipped message="SKIPPED: Apama plugin tests are disabled by default. Execute `pysys run` with `-XmyPlatform=container` to run these tests" />
		<system-out>13:12:21 INFO  ==============================================================
13:12:21 INFO  Id:    SoftwareManagement.Plugin.apama_plugin_remove
13:12:21 INFO  Dir:   plugin_apama/
13:12:21 INFO  Title: Validate apama plugin remove
13:12:21 INFO  ==============================================================
13:12:21 INFO  Apama plugin tests are disabled by default. Execute `pysys run` with `-XmyPlatform=container` to run these tests ... skipped
13:12:21 WARN  Aborted test due to SKIPPED outcome
13:12:21 INFO  
13:12:21 INFO  Test duration: 0.02 secs
13:12:21 INFO  Test final outcome:  SKIPPED
13:12:21 INFO  Test outcome reason: Apama plugin tests are disabled by default. Execute `pysys run` with `-XmyPlatform=container` to run these tests
13:12:21 INFO  
</system-out>
	</testcase>
<testcase classname="ApamaPluginRemoveTest" name="SoftwareManagement.Plugin.apama_plugin_remove" />
<testcase classname="ApamaPluginRemoveTest" name="SoftwareManagement.Plugin.apama_plugin_remove" />
</testsuite><testsuite name="SoftwareManagement.Plugin.apama_plugin_update" tests="3" errors="0" failures="2" skipped="1" time="0"><testcase classname="ApamaPluginUpdateTest" name="SoftwareManagement.Plugin.apama_plugin_update">
		<skipped message="SKIPPED: Apama plugin tests are disabled by default. Execute `pysys run` with `-XmyPlatform=container` to run these tests" />
		<system-out>13:12:21 INFO  ==============================================================
13:12:21 INFO  Id:    SoftwareManagement.Plugin.apama_plugin_update
13:12:21 INFO  Dir:   plugin_apama/
13:12:21 INFO  Title: Validate apama plugin updating one project with another
13:12:21 INFO  ==============================================================
13:12:21 INFO  Apama plugin tests are disabled by default. Execute `pysys run` with `-XmyPlatform=container` to run these tests ... skipped
13:12:21 WARN  Aborted test due to SKIPPED outcome
13:12:21 INFO  
13:12:21 INFO  Test duration: 0.02 secs
13:12:21 INFO  Test final outcome:  SKIPPED
13:12:21 INFO  Test outcome reason: Apama plugin tests are disabled by default. Execute `pysys run` with `-XmyPlatform=container` to run these tests
13:12:21 INFO  
</system-out>
	</testcase>
<testcase classname="ApamaPluginUpdateTest" name="SoftwareManagement.Plugin.apama_plugin_update">
		<failure message="BLOCKED: sudo&lt;plugin_install&gt; returned non-zero exit code 2" type="BLOCKED" />
		<system-out>14:03:16 INFO  ==============================================================
14:03:16 INFO  Id:    SoftwareManagement.Plugin.apama_plugin_update
14:03:16 INFO  Dir:   plugin_apama/
14:03:16 INFO  Title: Validate apama plugin updating one project with another
14:03:16 INFO  ==============================================================
14:03:16 INFO  Assertion that path exists=False for "/etc/tedge/apama/project" ... passed
14:03:17 INFO  Executed sudo&lt;create_project_dir&gt;, exit status 0
14:03:17 INFO  Executed sudo&lt;unzip_apama_project&gt;, exit status 0
14:03:18 INFO  Executed sudo&lt;move_apama_project&gt;, exit status 0
14:03:19 INFO  Executed sudo&lt;restart_apama_service&gt;, exit status 0
14:03:19 INFO  Executed sudo&lt;apama_correlator_wait&gt;, exit status 0
14:03:19 INFO  Assertion that path exists=True for "/etc/tedge/apama/project" ... passed
14:03:20 INFO  Executed sudo&lt;apama_list_monitors&gt;, exit status 0
14:03:20 INFO  Grep on file /home/pi/actions-runner/_work/thin-edge.io/thin-edge.io/tests/PySys/plugin_apama/apama_plugin_update/Output/linux/apama_list_monitors.out ... passed
14:03:21 WARN  Executed sudo&lt;plugin_install&gt;, exit status 2
14:03:21 INFO  Contents of plugin_install.err: 
  ERROR: Directory not empty (os error 39)
  -----

14:03:21 WARN  sudo&lt;plugin_install&gt; returned non-zero exit code 2 ... blocked [run.py:35]
14:03:21 WARN  Aborted test due to BLOCKED outcome
14:03:21 INFO  
14:03:21 INFO  cleanup:
14:03:21 INFO  Removing apama project
14:03:36 INFO  Executed sudo&lt;stop_apama_service&gt;, exit status 0, duration 15 secs
14:03:37 INFO  Executed sudo&lt;remove_apama_project&gt;, exit status 0
14:03:37 INFO  Executed sudo&lt;remove_apama_tmp_dir&gt;, exit status 0
14:03:37 INFO  
14:03:37 INFO  Test duration: 21.28 secs
14:03:37 INFO  Test final outcome:  BLOCKED
14:03:37 INFO  Test outcome reason: sudo&lt;plugin_install&gt; returned non-zero exit code 2
14:03:37 INFO  
</system-out>
	</testcase>
<testcase classname="ApamaPluginUpdateTest" name="SoftwareManagement.Plugin.apama_plugin_update">
		<failure message="BLOCKED: sudo&lt;plugin_install&gt; returned non-zero exit code 2" type="BLOCKED" />
		<system-out>14:11:56 INFO  ==============================================================
14:11:56 INFO  Id:    SoftwareManagement.Plugin.apama_plugin_update
14:11:56 INFO  Dir:   plugin_apama/
14:11:56 INFO  Title: Validate apama plugin updating one project with another
14:11:56 INFO  ==============================================================
14:11:56 INFO  Assertion that path exists=False for "/etc/tedge/apama/project" ... passed
14:11:57 INFO  Executed sudo&lt;create_project_dir&gt;, exit status 0
14:11:57 INFO  Executed sudo&lt;unzip_apama_project&gt;, exit status 0
14:11:58 INFO  Executed sudo&lt;move_apama_project&gt;, exit status 0
14:11:59 INFO  Executed sudo&lt;restart_apama_service&gt;, exit status 0
14:11:59 INFO  Executed sudo&lt;apama_correlator_wait&gt;, exit status 0
14:11:59 INFO  Assertion that path exists=True for "/etc/tedge/apama/project" ... passed
14:12:00 INFO  Executed sudo&lt;apama_list_monitors&gt;, exit status 0
14:12:00 INFO  Grep on file /home/pi/actions-runner/_work/thin-edge.io/thin-edge.io/tests/PySys/plugin_apama/apama_plugin_update/Output/linux/apama_list_monitors.out ... passed
14:12:01 WARN  Executed sudo&lt;plugin_install&gt;, exit status 2
14:12:01 INFO  Contents of plugin_install.err: 
  ERROR: Directory not empty (os error 39)
  -----

14:12:01 WARN  sudo&lt;plugin_install&gt; returned non-zero exit code 2 ... blocked [run.py:35]
14:12:01 WARN  Aborted test due to BLOCKED outcome
14:12:01 INFO  
14:12:01 INFO  cleanup:
14:12:01 INFO  Removing apama project
14:12:16 INFO  Executed sudo&lt;stop_apama_service&gt;, exit status 0, duration 15 secs
14:12:17 INFO  Executed sudo&lt;remove_apama_project&gt;, exit status 0
14:12:17 INFO  Executed sudo&lt;remove_apama_tmp_dir&gt;, exit status 0
14:12:17 INFO  
14:12:17 INFO  Test duration: 21.18 secs
14:12:17 INFO  Test final outcome:  BLOCKED
14:12:17 INFO  Test outcome reason: sudo&lt;plugin_install&gt; returned non-zero exit code 2
14:12:17 INFO  
</system-out>
	</testcase>
</testsuite><testsuite name="SoftwareManagement.sm_apt_install_download_path" tests="3" errors="0" failures="2" skipped="1" time="0"><testcase classname="AptInstallWithDownloadPath" name="SoftwareManagement.sm_apt_install_download_path">
		<skipped message="SKIPPED: Testing the apt plugin is not supported on this platform.Use parameter -XmyPlatform='container' to enable it" />
		<system-out>13:21:58 INFO  ==============================================================
13:21:58 INFO  Id:    SoftwareManagement.sm_apt_install_download_path
13:21:58 INFO  Dir:   software_management_end_to_end/
13:21:58 INFO  Title: Install package to directory specified in tedge config set tmp.path
13:21:58 INFO  ==============================================================
13:21:58 INFO  Testing the apt plugin is not supported on this platform.Use parameter -XmyPlatform='container' to enable it ... skipped
13:21:58 WARN  Aborted test due to SKIPPED outcome
13:21:58 INFO  
13:21:58 INFO  Test duration: 0.07 secs
13:21:58 INFO  Test final outcome:  SKIPPED
13:21:58 INFO  Test outcome reason: Testing the apt plugin is not supported on this platform.Use parameter -XmyPlatform='container' to enable it
13:21:58 INFO  
</system-out>
	</testcase>
<testcase classname="AptInstallWithDownloadPath" name="SoftwareManagement.sm_apt_install_download_path">
		<failure message="BLOCKED: AssertionError:" type="BLOCKED" />
		<system-out>13:45:20 INFO  ==============================================================
13:45:20 INFO  Id:    SoftwareManagement.sm_apt_install_download_path
13:45:20 INFO  Dir:   software_management_end_to_end/
13:45:20 INFO  Title: Install package to directory specified in tedge config set tmp.path
13:45:20 INFO  ==============================================================
13:45:20 INFO  Using sw id database: {'asciijump': '5475369', 'robotfindskitten': '5474869', 'squirrel3': '5475279', 'rolldice': '5152439', 'moon-buggy': '5439204', 'apple': '5495053', 'banana': '5494888', 'cherry': '5495382', 'watermelon': '5494510', 'registry': '8018911', 'hello-world': '8021526', 'docker/getting-started': '8021973', 'alpine': '7991792'}
13:45:20 INFO  EnvironmentC8y Setup
13:45:20 INFO  Executed systemctl&lt;serv_mapper1&gt;, exit status 3
13:45:35 INFO  Executed sudo&lt;tedge_connect_c8y&gt;, exit status 0, duration 14 secs
13:45:36 INFO  Executed sudo&lt;tedge_connect_c8y_test&gt;, exit status 0
13:45:37 INFO  Executed systemctl&lt;serv_mosq2&gt;, exit status 0
13:45:38 INFO  Executed systemctl&lt;serv_mapper3&gt;, exit status 0
13:45:40 INFO  State of current operation: SUCCESSFUL
13:45:40 INFO  Assert that (False == value) with value=False ... passed
13:45:41 INFO  Executed sudo, exit status 0
13:45:41 INFO  Executed sudo, exit status 0
13:45:42 INFO  Executed sudo, exit status 0
13:45:46 INFO  Executed sudo&lt;tedge_disconnect_c8y&gt;, exit status 0
13:45:46 INFO  Restarting mosquitto too frequently in the last 10 seconds. It was only up for 3 seconds
13:45:46 INFO  Delaying execution by 8 seconds
13:46:08 INFO  Executed sudo&lt;tedge_connect_c8y&gt;, exit status 0, duration 13 secs
13:46:08 INFO  Response status: 201
13:46:08 INFO  Response to action: {
    "creationTime": "2022-05-06T13:46:08.393Z",
    "deviceName": "m32sd10d",
    "deviceId": "18450101",
    "self": "https://t493319102.eu-latest.cumulocity.com/devicecontrol/operations/18458487",
    "id": "18458487",
    "status": "PENDING",
    "description": "Apply software changes, triggered from PySys: [{'name': 'rolldice', 'id': '5152439', 'version': '::apt', 'url': 'https://thin-edge-io.eu-latest.cumulocity.com/inventory/binaries/12435463', 'action': 'install'}]",
    "c8y_SoftwareUpdate": [
        {
            "name": "rolldice",
            "action": "install",
            "id": "5152439",
            "version": "::apt",
            "url": "https://thin-edge-io.eu-latest.cumulocity.com/inventory/binaries/12435463"
        }
    ]
}
13:46:08 INFO  Started operation: {'creationTime': '2022-05-06T13:46:08.393Z', 'deviceName': 'm32sd10d', 'deviceId': '18450101', 'self': 'https://t493319102.eu-latest.cumulocity.com/devicecontrol/operations/18458487', 'id': '18458487', 'status': 'PENDING', 'description': "Apply software changes, triggered from PySys: [{'name': 'rolldice', 'id': '5152439', 'version': '::apt', 'url': 'https://thin-edge-io.eu-latest.cumulocity.com/inventory/binaries/12435463', 'action': 'install'}]", 'c8y_SoftwareUpdate': [{'name': 'rolldice', 'action': 'install', 'id': '5152439', 'version': '::apt', 'url': 'https://thin-edge-io.eu-latest.cumulocity.com/inventory/binaries/12435463'}]}
13:46:08 WARN  , retrying in 0.5 seconds...
13:46:08 WARN  , retrying in 0.5 seconds...
13:46:09 WARN  , retrying in 0.5 seconds...
13:46:09 WARN  , retrying in 0.5 seconds...
13:46:10 WARN  , retrying in 0.5 seconds...
13:46:10 WARN  , retrying in 0.5 seconds...
13:46:11 WARN  , retrying in 0.5 seconds...
13:46:11 WARN  , retrying in 0.5 seconds...
13:46:12 WARN  , retrying in 0.5 seconds...
13:46:12 WARN  AssertionError occurred while running test - 
Traceback (most recent call last):
  File "/home/pi/env-pysys/lib/python3.7/site-packages/pysys/baserunner.py", line 1294, in __call__
    self.testObj.execute()
  File "/home/pi/actions-runner/_work/thin-edge.io/thin-edge.io/tests/PySys/software_management_end_to_end/sm_apt_install_download_path/run.py", line 83, in execute
    assert_install_in_download_path(install_directory=self.DOWNLOAD_DIR)
  File "/home/pi/env-pysys/lib/python3.7/site-packages/decorator.py", line 232, in fun
    return caller(func, *(extras + args), **kw)
  File "/home/pi/env-pysys/lib/python3.7/site-packages/retry/api.py", line 74, in retry_decorator
    logger)
  File "/home/pi/env-pysys/lib/python3.7/site-packages/retry/api.py", line 33, in __retry_internal
    return f()
  File "/home/pi/actions-runner/_work/thin-edge.io/thin-edge.io/tests/PySys/software_management_end_to_end/sm_apt_install_download_path/run.py", line 28, in assert_install_in_download_path
    assert "rolldice" in os.listdir(f"{install_directory}")
AssertionError
13:46:13 WARN  AssertionError: ... blocked 
13:46:13 INFO  
13:46:13 INFO  cleanup:
13:46:14 INFO  Executed sudo, exit status 0
13:46:14 INFO  Executed sudo, exit status 0
13:46:18 INFO  Executed sudo&lt;tedge_disconnect_c8y&gt;, exit status 0
13:46:18 INFO  Restarting mosquitto too frequently in the last 10 seconds. It was only up for 3 seconds
13:46:18 INFO  Delaying execution by 8 seconds
13:46:40 INFO  Executed sudo&lt;tedge_connect_c8y&gt;, exit status 0, duration 13 secs
13:46:44 INFO  Executed sudo&lt;tedge_disconnect_c8y&gt;, exit status 0
13:46:45 INFO  Executed systemctl&lt;serv_mapper5&gt;, exit status 3
13:46:45 INFO  
13:46:45 INFO  Test duration: 85.25 secs
13:46:45 INFO  Test final outcome:  BLOCKED
13:46:45 INFO  Test outcome reason: AssertionError:
13:46:45 INFO  
</system-out>
	</testcase>
<testcase classname="AptInstallWithDownloadPath" name="SoftwareManagement.sm_apt_install_download_path">
		<failure message="BLOCKED: AssertionError:" type="BLOCKED" />
		<system-out>14:12:17 INFO  ==============================================================
14:12:17 INFO  Id:    SoftwareManagement.sm_apt_install_download_path
14:12:17 INFO  Dir:   software_management_end_to_end/
14:12:17 INFO  Title: Install package to directory specified in tedge config set tmp.path
14:12:17 INFO  ==============================================================
14:12:19 INFO  Using sw id database: {'asciijump': '5475369', 'robotfindskitten': '5474869', 'squirrel3': '5475279', 'rolldice': '5152439', 'moon-buggy': '5439204', 'apple': '5495053', 'banana': '5494888', 'cherry': '5495382', 'watermelon': '5494510', 'registry': '8018911', 'hello-world': '8021526', 'docker/getting-started': '8021973', 'alpine': '7991792'}
14:12:19 INFO  EnvironmentC8y Setup
14:12:19 INFO  Executed systemctl&lt;serv_mapper1&gt;, exit status 3
14:12:33 INFO  Executed sudo&lt;tedge_connect_c8y&gt;, exit status 0, duration 13 secs
14:12:34 INFO  Executed sudo&lt;tedge_connect_c8y_test&gt;, exit status 0
14:12:35 INFO  Executed systemctl&lt;serv_mosq2&gt;, exit status 0
14:12:35 INFO  Executed systemctl&lt;serv_mapper3&gt;, exit status 0
14:12:37 INFO  State of current operation: SUCCESSFUL
14:12:38 INFO  Assert that (False == value) with value=False ... passed
14:12:38 INFO  Executed sudo, exit status 0
14:12:39 INFO  Executed sudo, exit status 0
14:12:39 INFO  Executed sudo, exit status 0
14:12:43 INFO  Executed sudo&lt;tedge_disconnect_c8y&gt;, exit status 0
14:12:43 INFO  Restarting mosquitto too frequently in the last 10 seconds. It was only up for 3 seconds
14:12:43 INFO  Delaying execution by 8 seconds
14:13:05 INFO  Executed sudo&lt;tedge_connect_c8y&gt;, exit status 0, duration 13 secs
14:13:05 INFO  Response status: 201
14:13:05 INFO  Response to action: {
    "creationTime": "2022-05-06T14:13:05.824Z",
    "deviceName": "m32sd10d",
    "deviceId": "18450101",
    "self": "https://t493319102.eu-latest.cumulocity.com/devicecontrol/operations/18458631",
    "id": "18458631",
    "status": "PENDING",
    "description": "Apply software changes, triggered from PySys: [{'name': 'rolldice', 'id': '5152439', 'version': '::apt', 'url': 'https://thin-edge-io.eu-latest.cumulocity.com/inventory/binaries/12435463', 'action': 'install'}]",
    "c8y_SoftwareUpdate": [
        {
            "name": "rolldice",
            "action": "install",
            "id": "5152439",
            "version": "::apt",
            "url": "https://thin-edge-io.eu-latest.cumulocity.com/inventory/binaries/12435463"
        }
    ]
}
14:13:05 INFO  Started operation: {'creationTime': '2022-05-06T14:13:05.824Z', 'deviceName': 'm32sd10d', 'deviceId': '18450101', 'self': 'https://t493319102.eu-latest.cumulocity.com/devicecontrol/operations/18458631', 'id': '18458631', 'status': 'PENDING', 'description': "Apply software changes, triggered from PySys: [{'name': 'rolldice', 'id': '5152439', 'version': '::apt', 'url': 'https://thin-edge-io.eu-latest.cumulocity.com/inventory/binaries/12435463', 'action': 'install'}]", 'c8y_SoftwareUpdate': [{'name': 'rolldice', 'action': 'install', 'id': '5152439', 'version': '::apt', 'url': 'https://thin-edge-io.eu-latest.cumulocity.com/inventory/binaries/12435463'}]}
14:13:05 WARN  , retrying in 0.5 seconds...
14:13:06 WARN  , retrying in 0.5 seconds...
14:13:06 WARN  , retrying in 0.5 seconds...
14:13:07 WARN  , retrying in 0.5 seconds...
14:13:07 WARN  , retrying in 0.5 seconds...
14:13:08 WARN  , retrying in 0.5 seconds...
14:13:08 WARN  , retrying in 0.5 seconds...
14:13:09 WARN  , retrying in 0.5 seconds...
14:13:09 WARN  , retrying in 0.5 seconds...
14:13:10 WARN  AssertionError occurred while running test - 
Traceback (most recent call last):
  File "/home/pi/env-pysys/lib/python3.7/site-packages/pysys/baserunner.py", line 1294, in __call__
    self.testObj.execute()
  File "/home/pi/actions-runner/_work/thin-edge.io/thin-edge.io/tests/PySys/software_management_end_to_end/sm_apt_install_download_path/run.py", line 83, in execute
    assert_install_in_download_path(install_directory=self.DOWNLOAD_DIR)
  File "/home/pi/env-pysys/lib/python3.7/site-packages/decorator.py", line 232, in fun
    return caller(func, *(extras + args), **kw)
  File "/home/pi/env-pysys/lib/python3.7/site-packages/retry/api.py", line 74, in retry_decorator
    logger)
  File "/home/pi/env-pysys/lib/python3.7/site-packages/retry/api.py", line 33, in __retry_internal
    return f()
  File "/home/pi/actions-runner/_work/thin-edge.io/thin-edge.io/tests/PySys/software_management_end_to_end/sm_apt_install_download_path/run.py", line 28, in assert_install_in_download_path
    assert "rolldice" in os.listdir(f"{install_directory}")
AssertionError
14:13:10 WARN  AssertionError: ... blocked 
14:13:10 INFO  
14:13:10 INFO  cleanup:
14:13:10 INFO  Executed sudo, exit status 0
14:13:11 INFO  Executed sudo, exit status 0
14:13:16 INFO  Executed sudo&lt;tedge_disconnect_c8y&gt;, exit status 0
14:13:16 INFO  Restarting mosquitto too frequently in the last 10 seconds. It was only up for 4 seconds
14:13:16 INFO  Delaying execution by 7 seconds
14:13:37 INFO  Executed sudo&lt;tedge_connect_c8y&gt;, exit status 0, duration 13 secs
14:13:41 INFO  Executed sudo&lt;tedge_disconnect_c8y&gt;, exit status 0
14:13:42 INFO  Executed systemctl&lt;serv_mapper5&gt;, exit status 3
14:13:42 INFO  
14:13:42 INFO  Test duration: 84.11 secs
14:13:42 INFO  Test final outcome:  BLOCKED
14:13:42 INFO  Test outcome reason: AssertionError:
14:13:42 INFO  
</system-out>
	</testcase>
</testsuite><testsuite name="SoftwareManagement.sm_apt_install_fail" tests="3" errors="0" failures="0" skipped="1" time="0"><testcase classname="PySysTest" name="SoftwareManagement.sm_apt_install_fail">
		<skipped message="SKIPPED: Testing the apt plugin is not supported on this platform.Use parameter -XmyPlatform='container' to enable it" />
		<system-out>13:21:58 INFO  ==============================================================
13:21:58 INFO  Id:    SoftwareManagement.sm_apt_install_fail
13:21:58 INFO  Dir:   software_management_end_to_end/
13:21:58 INFO  Title: Validate end to end behaviour for a failing installation
13:21:58 INFO  ==============================================================
13:21:58 INFO  Testing the apt plugin is not supported on this platform.Use parameter -XmyPlatform='container' to enable it ... skipped
13:21:58 WARN  Aborted test due to SKIPPED outcome
13:21:58 INFO  
13:21:58 INFO  Test duration: 0.02 secs
13:21:58 INFO  Test final outcome:  SKIPPED
13:21:58 INFO  Test outcome reason: Testing the apt plugin is not supported on this platform.Use parameter -XmyPlatform='container' to enable it
13:21:58 INFO  
</system-out>
	</testcase>
<testcase classname="PySysTest" name="SoftwareManagement.sm_apt_install_fail" />
<testcase classname="PySysTest" name="SoftwareManagement.sm_apt_install_fail" />
</testsuite><testsuite name="SoftwareManagement.sm_apt_install_remove" tests="3" errors="0" failures="0" skipped="1" time="0"><testcase classname="PySysTest" name="SoftwareManagement.sm_apt_install_remove">
		<skipped message="SKIPPED: Testing the apt plugin is not supported on this platform.Use parameter -XmyPlatform='container' to enable it" />
		<system-out>13:21:58 INFO  ==============================================================
13:21:58 INFO  Id:    SoftwareManagement.sm_apt_install_remove
13:21:58 INFO  Dir:   software_management_end_to_end/
13:21:58 INFO  Title: Validate end to end behaviour for the apt plugin for installation and removal of packages
13:21:58 INFO  ==============================================================
13:21:58 INFO  Testing the apt plugin is not supported on this platform.Use parameter -XmyPlatform='container' to enable it ... skipped
13:21:58 WARN  Aborted test due to SKIPPED outcome
13:21:58 INFO  
13:21:58 INFO  Test duration: 0.02 secs
13:21:58 INFO  Test final outcome:  SKIPPED
13:21:58 INFO  Test outcome reason: Testing the apt plugin is not supported on this platform.Use parameter -XmyPlatform='container' to enable it
13:21:58 INFO  
</system-out>
	</testcase>
<testcase classname="PySysTest" name="SoftwareManagement.sm_apt_install_remove" />
<testcase classname="PySysTest" name="SoftwareManagement.sm_apt_install_remove" />
</testsuite><testsuite name="SoftwareManagement.sm_apt_install_remove_default" tests="3" errors="0" failures="0" skipped="1" time="0"><testcase classname="PySysTest" name="SoftwareManagement.sm_apt_install_remove_default">
		<skipped message="SKIPPED: Testing the apt plugin is not supported on this platform.Use parameter -XmyPlatform='container' to enable it" />
		<system-out>13:21:58 INFO  ==============================================================
13:21:58 INFO  Id:    SoftwareManagement.sm_apt_install_remove_default
13:21:58 INFO  Dir:   software_management_end_to_end/
13:21:58 INFO  Title: Validate end to end behaviour for the default plugin for installation and removal of packages
13:21:58 INFO  ==============================================================
13:21:58 INFO  Testing the apt plugin is not supported on this platform.Use parameter -XmyPlatform='container' to enable it ... skipped
13:21:58 WARN  Aborted test due to SKIPPED outcome
13:21:58 INFO  
13:21:58 INFO  Test duration: 0.02 secs
13:21:58 INFO  Test final outcome:  SKIPPED
13:21:58 INFO  Test outcome reason: Testing the apt plugin is not supported on this platform.Use parameter -XmyPlatform='container' to enable it
13:21:58 INFO  
</system-out>
	</testcase>
<testcase classname="PySysTest" name="SoftwareManagement.sm_apt_install_remove_default" />
<testcase classname="PySysTest" name="SoftwareManagement.sm_apt_install_remove_default" />
</testsuite><testsuite name="SoftwareManagement.sm_apt_install_remove_multiple" tests="3" errors="0" failures="2" skipped="1" time="0"><testcase classname="PySysTest" name="SoftwareManagement.sm_apt_install_remove_multiple">
		<skipped message="SKIPPED: Testing the apt plugin is not supported on this platform.Use parameter -XmyPlatform='container' to enable it" />
		<system-out>13:21:58 INFO  ==============================================================
13:21:58 INFO  Id:    SoftwareManagement.sm_apt_install_remove_multiple
13:21:58 INFO  Dir:   software_management_end_to_end/
13:21:58 INFO  Title: Validate end to end behaviour for the apt plugin for multiple packages
13:21:58 INFO  ==============================================================
13:21:58 INFO  Testing the apt plugin is not supported on this platform.Use parameter -XmyPlatform='container' to enable it ... skipped
13:21:58 WARN  Aborted test due to SKIPPED outcome
13:21:58 INFO  
13:21:58 INFO  Test duration: 0.02 secs
13:21:58 INFO  Test final outcome:  SKIPPED
13:21:58 INFO  Test outcome reason: Testing the apt plugin is not supported on this platform.Use parameter -XmyPlatform='container' to enable it
13:21:58 INFO  
</system-out>
	</testcase>
<testcase classname="PySysTest" name="SoftwareManagement.sm_apt_install_remove_multiple">
		<failure message="FAILED: Assert that (False == value) with value=True" type="FAILED" />
		<system-out>13:53:29 INFO  ==============================================================
13:53:29 INFO  Id:    SoftwareManagement.sm_apt_install_remove_multiple
13:53:29 INFO  Dir:   software_management_end_to_end/
13:53:29 INFO  Title: Validate end to end behaviour for the apt plugin for multiple packages
13:53:29 INFO  ==============================================================
13:53:29 INFO  Using sw id database: {'asciijump': '5475369', 'robotfindskitten': '5474869', 'squirrel3': '5475279', 'rolldice': '5152439', 'moon-buggy': '5439204', 'apple': '5495053', 'banana': '5494888', 'cherry': '5495382', 'watermelon': '5494510', 'registry': '8018911', 'hello-world': '8021526', 'docker/getting-started': '8021973', 'alpine': '7991792'}
13:53:29 INFO  EnvironmentC8y Setup
13:53:29 INFO  Executed systemctl&lt;serv_mapper1&gt;, exit status 3
13:53:29 INFO  Restarting mosquitto too frequently in the last 10 seconds. It was only up for 4 seconds
13:53:29 INFO  Delaying execution by 7 seconds
13:53:50 INFO  Executed sudo&lt;tedge_connect_c8y&gt;, exit status 0, duration 13 secs
13:53:51 INFO  Executed sudo&lt;tedge_connect_c8y_test&gt;, exit status 0
13:53:52 INFO  Executed systemctl&lt;serv_mosq2&gt;, exit status 0
13:53:52 INFO  Executed systemctl&lt;serv_mapper3&gt;, exit status 0
13:53:54 INFO  State of current operation: SUCCESSFUL
13:53:54 INFO  Assert that (False == value) with value=False ... passed
13:53:55 INFO  Assert that (False == value) with value=False ... passed
13:53:55 INFO  Assert that (False == value) with value=False ... passed
13:53:55 INFO  Package robotfindskitten is installed
13:53:55 WARN  Assert that (False == value) with value=True ... failed 
13:53:55 INFO  Response status: 201
13:53:55 INFO  Response to action: {
    "creationTime": "2022-05-06T13:53:55.902Z",
    "deviceName": "m32sd10d",
    "deviceId": "18450101",
    "self": "https://t493319102.eu-latest.cumulocity.com/devicecontrol/operations/18458559",
    "id": "18458559",
    "status": "PENDING",
    "description": "Apply software changes, triggered from PySys: [{'action': 'install', 'id': '5475369', 'name': 'asciijump', 'url': ' ', 'version': '::apt'}, {'action': 'install', 'id': '5474869', 'name': 'robotfindskitten', 'url': ' ', 'version': '::apt'}, {'action': 'install', 'id': '5475279', 'name': 'squirrel3', 'url': ' ', 'version': '::apt'}]",
    "c8y_SoftwareUpdate": [
        {
            "name": "asciijump",
            "action": "install",
            "id": "5475369",
            "version": "::apt",
            "url": " "
        },
        {
            "name": "robotfindskitten",
            "action": "install",
            "id": "5474869",
            "version": "::apt",
            "url": " "
        },
        {
            "name": "squirrel3",
            "action": "install",
            "id": "5475279",
            "version": "::apt",
            "url": " "
        }
    ]
}
13:53:55 INFO  Started operation: {'creationTime': '2022-05-06T13:53:55.902Z', 'deviceName': 'm32sd10d', 'deviceId': '18450101', 'self': 'https://t493319102.eu-latest.cumulocity.com/devicecontrol/operations/18458559', 'id': '18458559', 'status': 'PENDING', 'description': "Apply software changes, triggered from PySys: [{'action': 'install', 'id': '5475369', 'name': 'asciijump', 'url': ' ', 'version': '::apt'}, {'action': 'install', 'id': '5474869', 'name': 'robotfindskitten', 'url': ' ', 'version': '::apt'}, {'action': 'install', 'id': '5475279', 'name': 'squirrel3', 'url': ' ', 'version': '::apt'}]", 'c8y_SoftwareUpdate': [{'name': 'asciijump', 'action': 'install', 'id': '5475369', 'version': '::apt', 'url': ' '}, {'name': 'robotfindskitten', 'action': 'install', 'id': '5474869', 'version': '::apt', 'url': ' '}, {'name': 'squirrel3', 'action': 'install', 'id': '5475279', 'version': '::apt', 'url': ' '}]}
13:53:58 INFO  State of operation 18458559 : PENDING
13:54:00 INFO  State of operation 18458559 : EXECUTING
13:54:02 INFO  State of operation 18458559 : EXECUTING
13:54:04 INFO  State of operation 18458559 : EXECUTING
13:54:07 INFO  State of operation 18458559 : EXECUTING
13:54:09 INFO  State of operation 18458559 : EXECUTING
13:54:11 INFO  State of operation 18458559 : EXECUTING
13:54:14 INFO  State of operation 18458559 : EXECUTING
13:54:17 INFO  State of operation 18458559 : EXECUTING
13:54:19 INFO  State of operation 18458559 : EXECUTING
13:54:21 INFO  State of operation 18458559 : EXECUTING
13:54:23 INFO  State of operation 18458559 : EXECUTING
13:54:26 INFO  State of operation 18458559 : EXECUTING
13:54:28 INFO  State of operation 18458559 : EXECUTING
13:54:30 INFO  State of operation 18458559 : EXECUTING
13:54:32 INFO  State of operation 18458559 : EXECUTING
13:54:35 INFO  State of operation 18458559 : EXECUTING
13:54:38 INFO  State of operation 18458559 : EXECUTING
13:54:40 INFO  State of operation 18458559 : EXECUTING
13:54:42 INFO  State of operation 18458559 : EXECUTING
13:54:44 INFO  State of operation 18458559 : EXECUTING
13:54:47 INFO  State of operation 18458559 : EXECUTING
13:54:49 INFO  State of operation 18458559 : EXECUTING
13:54:52 INFO  State of operation 18458559 : EXECUTING
13:54:54 INFO  State of operation 18458559 : EXECUTING
13:54:56 INFO  State of operation 18458559 : EXECUTING
13:54:58 INFO  State of operation 18458559 : EXECUTING
13:55:01 INFO  State of operation 18458559 : EXECUTING
13:55:03 INFO  State of operation 18458559 : EXECUTING
13:55:05 INFO  State of operation 18458559 : EXECUTING
13:55:07 INFO  State of operation 18458559 : EXECUTING
13:55:10 INFO  State of operation 18458559 : EXECUTING
13:55:12 INFO  State of operation 18458559 : EXECUTING
13:55:14 INFO  State of operation 18458559 : EXECUTING
13:55:16 INFO  State of operation 18458559 : SUCCESSFUL
13:55:17 INFO  Assert that (False == value) with value=False ... passed
13:55:17 INFO  Package asciijump is installed
13:55:17 INFO  Assert that (True == value) with value=True ... passed
13:55:17 INFO  Package squirrel3 is installed
13:55:17 INFO  Assert that (True == value) with value=True ... passed
13:55:17 INFO  Package robotfindskitten is installed
13:55:17 INFO  Assert that (True == value) with value=True ... passed
13:55:18 INFO  Response status: 201
13:55:18 INFO  Response to action: {
    "creationTime": "2022-05-06T13:55:18.029Z",
    "deviceName": "m32sd10d",
    "deviceId": "18450101",
    "self": "https://t493319102.eu-latest.cumulocity.com/devicecontrol/operations/18458567",
    "id": "18458567",
    "status": "PENDING",
    "description": "Apply software changes, triggered from PySys: [{'action': 'delete', 'id': '5475369', 'name': 'asciijump', 'url': ' ', 'version': '::apt'}, {'action': 'delete', 'id': '5474869', 'name': 'robotfindskitten', 'url': ' ', 'version': '::apt'}, {'action': 'delete', 'id': '5475279', 'name': 'squirrel3', 'url': ' ', 'version': '::apt'}]",
    "c8y_SoftwareUpdate": [
        {
            "name": "asciijump",
            "action": "delete",
            "id": "5475369",
            "version": "::apt",
            "url": " "
        },
        {
            "name": "robotfindskitten",
            "action": "delete",
            "id": "5474869",
            "version": "::apt",
            "url": " "
        },
        {
            "name": "squirrel3",
            "action": "delete",
            "id": "5475279",
            "version": "::apt",
            "url": " "
        }
    ]
}
13:55:18 INFO  Started operation: {'creationTime': '2022-05-06T13:55:18.029Z', 'deviceName': 'm32sd10d', 'deviceId': '18450101', 'self': 'https://t493319102.eu-latest.cumulocity.com/devicecontrol/operations/18458567', 'id': '18458567', 'status': 'PENDING', 'description': "Apply software changes, triggered from PySys: [{'action': 'delete', 'id': '5475369', 'name': 'asciijump', 'url': ' ', 'version': '::apt'}, {'action': 'delete', 'id': '5474869', 'name': 'robotfindskitten', 'url': ' ', 'version': '::apt'}, {'action': 'delete', 'id': '5475279', 'name': 'squirrel3', 'url': ' ', 'version': '::apt'}]", 'c8y_SoftwareUpdate': [{'name': 'asciijump', 'action': 'delete', 'id': '5475369', 'version': '::apt', 'url': ' '}, {'name': 'robotfindskitten', 'action': 'delete', 'id': '5474869', 'version': '::apt', 'url': ' '}, {'name': 'squirrel3', 'action': 'delete', 'id': '5475279', 'version': '::apt', 'url': ' '}]}
13:55:20 INFO  State of operation 18458567 : PENDING
13:55:22 INFO  State of operation 18458567 : EXECUTING
13:55:24 INFO  State of operation 18458567 : EXECUTING
13:55:26 INFO  State of operation 18458567 : EXECUTING
13:55:29 INFO  State of operation 18458567 : EXECUTING
13:55:31 INFO  State of operation 18458567 : EXECUTING
13:55:34 INFO  State of operation 18458567 : EXECUTING
13:55:37 INFO  State of operation 18458567 : EXECUTING
13:55:39 INFO  State of operation 18458567 : EXECUTING
13:55:41 INFO  State of operation 18458567 : EXECUTING
13:55:43 INFO  State of operation 18458567 : EXECUTING
13:55:46 INFO  State of operation 18458567 : EXECUTING
13:55:48 INFO  State of operation 18458567 : EXECUTING
13:55:50 INFO  State of operation 18458567 : EXECUTING
13:55:52 INFO  State of operation 18458567 : EXECUTING
13:55:55 INFO  State of operation 18458567 : EXECUTING
13:55:57 INFO  State of operation 18458567 : EXECUTING
13:56:00 INFO  State of operation 18458567 : EXECUTING
13:56:02 INFO  State of operation 18458567 : EXECUTING
13:56:04 INFO  State of operation 18458567 : EXECUTING
13:56:07 INFO  State of operation 18458567 : EXECUTING
13:56:09 INFO  State of operation 18458567 : EXECUTING
13:56:11 INFO  State of operation 18458567 : EXECUTING
13:56:13 INFO  State of operation 18458567 : EXECUTING
13:56:16 INFO  State of operation 18458567 : EXECUTING
13:56:18 INFO  State of operation 18458567 : EXECUTING
13:56:21 INFO  State of operation 18458567 : EXECUTING
13:56:23 INFO  State of operation 18458567 : SUCCESSFUL
13:56:23 INFO  Assert that (False == value) with value=False ... passed
13:56:24 INFO  Assert that (False == value) with value=False ... passed
13:56:24 INFO  Assert that (False == value) with value=False ... passed
13:56:24 INFO  Assert that (False == value) with value=False ... passed
13:56:24 INFO  
13:56:24 INFO  cleanup:
13:56:28 INFO  Executed sudo&lt;tedge_disconnect_c8y&gt;, exit status 0
13:56:29 INFO  Executed systemctl&lt;serv_mapper5&gt;, exit status 3
13:56:29 INFO  
13:56:29 INFO  Test duration: 180.00 secs
13:56:29 INFO  Test final outcome:  FAILED
13:56:29 INFO  Test outcome reason: Assert that (False == value) with value=True
13:56:29 INFO  
</system-out>
	</testcase>
<testcase classname="PySysTest" name="SoftwareManagement.sm_apt_install_remove_multiple">
		<failure message="FAILED: Assert that (False == value) with value=True (+2 other failures)" type="FAILED" />
		<system-out>14:20:15 INFO  ==============================================================
14:20:15 INFO  Id:    SoftwareManagement.sm_apt_install_remove_multiple
14:20:15 INFO  Dir:   software_management_end_to_end/
14:20:15 INFO  Title: Validate end to end behaviour for the apt plugin for multiple packages
14:20:15 INFO  ==============================================================
14:20:15 INFO  Using sw id database: {'asciijump': '5475369', 'robotfindskitten': '5474869', 'squirrel3': '5475279', 'rolldice': '5152439', 'moon-buggy': '5439204', 'apple': '5495053', 'banana': '5494888', 'cherry': '5495382', 'watermelon': '5494510', 'registry': '8018911', 'hello-world': '8021526', 'docker/getting-started': '8021973', 'alpine': '7991792'}
14:20:15 INFO  EnvironmentC8y Setup
14:20:15 INFO  Executed systemctl&lt;serv_mapper1&gt;, exit status 3
14:20:15 INFO  Restarting mosquitto too frequently in the last 10 seconds. It was only up for 4 seconds
14:20:15 INFO  Delaying execution by 7 seconds
14:20:36 INFO  Executed sudo&lt;tedge_connect_c8y&gt;, exit status 0, duration 13 secs
14:20:37 INFO  Executed sudo&lt;tedge_connect_c8y_test&gt;, exit status 0
14:20:37 INFO  Executed systemctl&lt;serv_mosq2&gt;, exit status 0
14:20:38 INFO  Executed systemctl&lt;serv_mapper3&gt;, exit status 0
14:20:40 INFO  State of current operation: SUCCESSFUL
14:20:40 INFO  Assert that (False == value) with value=False ... passed
14:20:41 INFO  Package asciijump is installed
14:20:41 WARN  Assert that (False == value) with value=True ... failed 
14:20:41 INFO  Package squirrel3 is installed
14:20:41 WARN  Assert that (False == value) with value=True ... failed 
14:20:41 INFO  Package robotfindskitten is installed
14:20:41 WARN  Assert that (False == value) with value=True ... failed 
14:20:42 INFO  Response status: 201
14:20:42 INFO  Response to action: {
    "creationTime": "2022-05-06T14:20:42.027Z",
    "deviceName": "m32sd10d",
    "deviceId": "18450101",
    "self": "https://t493319102.eu-latest.cumulocity.com/devicecontrol/operations/18458705",
    "id": "18458705",
    "status": "PENDING",
    "description": "Apply software changes, triggered from PySys: [{'action': 'install', 'id': '5475369', 'name': 'asciijump', 'url': ' ', 'version': '::apt'}, {'action': 'install', 'id': '5474869', 'name': 'robotfindskitten', 'url': ' ', 'version': '::apt'}, {'action': 'install', 'id': '5475279', 'name': 'squirrel3', 'url': ' ', 'version': '::apt'}]",
    "c8y_SoftwareUpdate": [
        {
            "name": "asciijump",
            "action": "install",
            "id": "5475369",
            "version": "::apt",
            "url": " "
        },
        {
            "name": "robotfindskitten",
            "action": "install",
            "id": "5474869",
            "version": "::apt",
            "url": " "
        },
        {
            "name": "squirrel3",
            "action": "install",
            "id": "5475279",
            "version": "::apt",
            "url": " "
        }
    ]
}
14:20:42 INFO  Started operation: {'creationTime': '2022-05-06T14:20:42.027Z', 'deviceName': 'm32sd10d', 'deviceId': '18450101', 'self': 'https://t493319102.eu-latest.cumulocity.com/devicecontrol/operations/18458705', 'id': '18458705', 'status': 'PENDING', 'description': "Apply software changes, triggered from PySys: [{'action': 'install', 'id': '5475369', 'name': 'asciijump', 'url': ' ', 'version': '::apt'}, {'action': 'install', 'id': '5474869', 'name': 'robotfindskitten', 'url': ' ', 'version': '::apt'}, {'action': 'install', 'id': '5475279', 'name': 'squirrel3', 'url': ' ', 'version': '::apt'}]", 'c8y_SoftwareUpdate': [{'name': 'asciijump', 'action': 'install', 'id': '5475369', 'version': '::apt', 'url': ' '}, {'name': 'robotfindskitten', 'action': 'install', 'id': '5474869', 'version': '::apt', 'url': ' '}, {'name': 'squirrel3', 'action': 'install', 'id': '5475279', 'version': '::apt', 'url': ' '}]}
14:20:44 INFO  State of operation 18458705 : PENDING
14:20:46 INFO  State of operation 18458705 : EXECUTING
14:20:48 INFO  State of operation 18458705 : EXECUTING
14:20:50 INFO  State of operation 18458705 : EXECUTING
14:20:53 INFO  State of operation 18458705 : EXECUTING
14:20:55 INFO  State of operation 18458705 : EXECUTING
14:20:58 INFO  State of operation 18458705 : EXECUTING
14:21:00 INFO  State of operation 18458705 : EXECUTING
14:21:03 INFO  State of operation 18458705 : EXECUTING
14:21:06 INFO  State of operation 18458705 : EXECUTING
14:21:08 INFO  State of operation 18458705 : EXECUTING
14:21:10 INFO  State of operation 18458705 : EXECUTING
14:21:12 INFO  State of operation 18458705 : EXECUTING
14:21:14 INFO  State of operation 18458705 : EXECUTING
14:21:17 INFO  State of operation 18458705 : EXECUTING
14:21:19 INFO  State of operation 18458705 : SUCCESSFUL
14:21:19 INFO  Assert that (False == value) with value=False ... passed
14:21:19 INFO  Package asciijump is installed
14:21:19 INFO  Assert that (True == value) with value=True ... passed
14:21:20 INFO  Package squirrel3 is installed
14:21:20 INFO  Assert that (True == value) with value=True ... passed
14:21:20 INFO  Package robotfindskitten is installed
14:21:20 INFO  Assert that (True == value) with value=True ... passed
14:21:20 INFO  Response status: 201
14:21:20 INFO  Response to action: {
    "creationTime": "2022-05-06T14:21:20.480Z",
    "deviceName": "m32sd10d",
    "deviceId": "18450101",
    "self": "https://t493319102.eu-latest.cumulocity.com/devicecontrol/operations/18458713",
    "id": "18458713",
    "status": "PENDING",
    "description": "Apply software changes, triggered from PySys: [{'action': 'delete', 'id': '5475369', 'name': 'asciijump', 'url': ' ', 'version': '::apt'}, {'action': 'delete', 'id': '5474869', 'name': 'robotfindskitten', 'url': ' ', 'version': '::apt'}, {'action': 'delete', 'id': '5475279', 'name': 'squirrel3', 'url': ' ', 'version': '::apt'}]",
    "c8y_SoftwareUpdate": [
        {
            "name": "asciijump",
            "action": "delete",
            "id": "5475369",
            "version": "::apt",
            "url": " "
        },
        {
            "name": "robotfindskitten",
            "action": "delete",
            "id": "5474869",
            "version": "::apt",
            "url": " "
        },
        {
            "name": "squirrel3",
            "action": "delete",
            "id": "5475279",
            "version": "::apt",
            "url": " "
        }
    ]
}
14:21:20 INFO  Started operation: {'creationTime': '2022-05-06T14:21:20.480Z', 'deviceName': 'm32sd10d', 'deviceId': '18450101', 'self': 'https://t493319102.eu-latest.cumulocity.com/devicecontrol/operations/18458713', 'id': '18458713', 'status': 'PENDING', 'description': "Apply software changes, triggered from PySys: [{'action': 'delete', 'id': '5475369', 'name': 'asciijump', 'url': ' ', 'version': '::apt'}, {'action': 'delete', 'id': '5474869', 'name': 'robotfindskitten', 'url': ' ', 'version': '::apt'}, {'action': 'delete', 'id': '5475279', 'name': 'squirrel3', 'url': ' ', 'version': '::apt'}]", 'c8y_SoftwareUpdate': [{'name': 'asciijump', 'action': 'delete', 'id': '5475369', 'version': '::apt', 'url': ' '}, {'name': 'robotfindskitten', 'action': 'delete', 'id': '5474869', 'version': '::apt', 'url': ' '}, {'name': 'squirrel3', 'action': 'delete', 'id': '5475279', 'version': '::apt', 'url': ' '}]}
14:21:22 INFO  State of operation 18458713 : PENDING
14:21:24 INFO  State of operation 18458713 : EXECUTING
14:21:27 INFO  State of operation 18458713 : EXECUTING
14:21:29 INFO  State of operation 18458713 : EXECUTING
14:21:31 INFO  State of operation 18458713 : EXECUTING
14:21:33 INFO  State of operation 18458713 : EXECUTING
14:21:36 INFO  State of operation 18458713 : EXECUTING
14:21:39 INFO  State of operation 18458713 : EXECUTING
14:21:41 INFO  State of operation 18458713 : EXECUTING
14:21:43 INFO  State of operation 18458713 : EXECUTING
14:21:46 INFO  State of operation 18458713 : EXECUTING
14:21:48 INFO  State of operation 18458713 : EXECUTING
14:21:50 INFO  State of operation 18458713 : EXECUTING
14:21:52 INFO  State of operation 18458713 : EXECUTING
14:21:55 INFO  State of operation 18458713 : EXECUTING
14:21:57 INFO  State of operation 18458713 : EXECUTING
14:21:59 INFO  State of operation 18458713 : EXECUTING
14:22:02 INFO  State of operation 18458713 : EXECUTING
14:22:04 INFO  State of operation 18458713 : EXECUTING
14:22:07 INFO  State of operation 18458713 : EXECUTING
14:22:09 INFO  State of operation 18458713 : EXECUTING
14:22:11 INFO  State of operation 18458713 : EXECUTING
14:22:14 INFO  State of operation 18458713 : EXECUTING
14:22:16 INFO  State of operation 18458713 : EXECUTING
14:22:19 INFO  State of operation 18458713 : EXECUTING
14:22:21 INFO  State of operation 18458713 : EXECUTING
14:22:23 INFO  State of operation 18458713 : EXECUTING
14:22:25 INFO  State of operation 18458713 : EXECUTING
14:22:28 INFO  State of operation 18458713 : SUCCESSFUL
14:22:28 INFO  Assert that (False == value) with value=False ... passed
14:22:28 INFO  Assert that (False == value) with value=False ... passed
14:22:28 INFO  Assert that (False == value) with value=False ... passed
14:22:29 INFO  Assert that (False == value) with value=False ... passed
14:22:29 INFO  
14:22:29 INFO  cleanup:
14:22:32 INFO  Executed sudo&lt;tedge_disconnect_c8y&gt;, exit status 0
14:22:33 INFO  Executed systemctl&lt;serv_mapper5&gt;, exit status 3
14:22:33 INFO  
14:22:33 INFO  Test duration: 138.51 secs
14:22:33 INFO  Test final outcome:  FAILED
14:22:33 INFO  Test outcome reason: Assert that (False == value) with value=True (+2 other failures)
14:22:33 INFO  
</system-out>
	</testcase>
</testsuite><testsuite name="SoftwareManagement.sm_apt_install_remove_multiple_mixed" tests="3" errors="0" failures="2" skipped="1" time="0"><testcase classname="PySysTest" name="SoftwareManagement.sm_apt_install_remove_multiple_mixed">
		<skipped message="SKIPPED: Testing the apt plugin is not supported on this platform.Use parameter -XmyPlatform='container' to enable it" />
		<system-out>13:21:58 INFO  ==============================================================
13:21:58 INFO  Id:    SoftwareManagement.sm_apt_install_remove_multiple_mixed
13:21:58 INFO  Dir:   software_management_end_to_end/
13:21:58 INFO  Title: Validate end to end behaviour for the apt plugin for multiple packages with mixed versions
13:21:58 INFO  ==============================================================
13:21:58 INFO  Testing the apt plugin is not supported on this platform.Use parameter -XmyPlatform='container' to enable it ... skipped
13:21:58 WARN  Aborted test due to SKIPPED outcome
13:21:58 INFO  
13:21:58 INFO  Test duration: 0.03 secs
13:21:58 INFO  Test final outcome:  SKIPPED
13:21:58 INFO  Test outcome reason: Testing the apt plugin is not supported on this platform.Use parameter -XmyPlatform='container' to enable it
13:21:58 INFO  
</system-out>
	</testcase>
<testcase classname="PySysTest" name="SoftwareManagement.sm_apt_install_remove_multiple_mixed">
		<failure message="BLOCKED: SystemError: Timeout while waiting for status SUCCESSFUL or False" type="BLOCKED" />
		<system-out>13:56:29 INFO  ==============================================================
13:56:29 INFO  Id:    SoftwareManagement.sm_apt_install_remove_multiple_mixed
13:56:29 INFO  Dir:   software_management_end_to_end/
13:56:29 INFO  Title: Validate end to end behaviour for the apt plugin for multiple packages with mixed versions
13:56:29 INFO  ==============================================================
13:56:29 INFO  Using sw id database: {'asciijump': '5475369', 'robotfindskitten': '5474869', 'squirrel3': '5475279', 'rolldice': '5152439', 'moon-buggy': '5439204', 'apple': '5495053', 'banana': '5494888', 'cherry': '5495382', 'watermelon': '5494510', 'registry': '8018911', 'hello-world': '8021526', 'docker/getting-started': '8021973', 'alpine': '7991792'}
13:56:29 INFO  EnvironmentC8y Setup
13:56:29 INFO  Executed systemctl&lt;serv_mapper1&gt;, exit status 3
13:56:30 INFO  Restarting mosquitto too frequently in the last 10 seconds. It was only up for 4 seconds
13:56:30 INFO  Delaying execution by 7 seconds
13:56:50 INFO  Executed sudo&lt;tedge_connect_c8y&gt;, exit status 0, duration 13 secs
13:56:51 INFO  Executed sudo&lt;tedge_connect_c8y_test&gt;, exit status 0
13:56:51 INFO  Executed systemctl&lt;serv_mosq2&gt;, exit status 0
13:56:52 INFO  Executed systemctl&lt;serv_mapper3&gt;, exit status 0
13:56:54 INFO  State of current operation: SUCCESSFUL
13:56:54 INFO  Assert that (False == value) with value=False ... passed
13:56:55 INFO  Assert that (False == value) with value=False ... passed
13:56:55 INFO  Assert that (False == value) with value=False ... passed
13:56:55 INFO  Assert that (False == value) with value=False ... passed
13:56:55 INFO  Assert that (False == value) with value=False ... passed
13:56:56 INFO  Response status: 201
13:56:56 INFO  Response to action: {
    "creationTime": "2022-05-06T13:56:56.924Z",
    "deviceName": "m32sd10d",
    "deviceId": "18450101",
    "self": "https://t493319102.eu-latest.cumulocity.com/devicecontrol/operations/18458577",
    "id": "18458577",
    "status": "PENDING",
    "description": "Apply software changes, triggered from PySys: [{'action': 'install', 'id': '5475369', 'name': 'asciijump', 'url': ' ', 'version': '::apt'}, {'action': 'install', 'id': '5474869', 'name': 'robotfindskitten', 'url': ' ', 'version': ' '}, {'action': 'install', 'id': '5475279', 'name': 'squirrel3', 'url': ' ', 'version': '3.1-7::apt'}, {'action': 'install', 'id': '5152439', 'name': 'rolldice', 'url': ' ', 'version': '1.16-1+b1'}, {'action': 'install', 'id': '5439204', 'name': 'moon-buggy', 'url': ' ', 'version': '1:1.0.51-12'}, {'action': 'install', 'id': '5475369', 'name': 'asciijump', 'url': ' ', 'version': '::apt'}]",
    "c8y_SoftwareUpdate": [
        {
            "name": "asciijump",
            "action": "install",
            "id": "5475369",
            "version": "::apt",
            "url": " "
        },
        {
            "name": "robotfindskitten",
            "action": "install",
            "id": "5474869",
            "version": " ",
            "url": " "
        },
        {
            "name": "squirrel3",
            "action": "install",
            "id": "5475279",
            "version": "3.1-7::apt",
            "url": " "
        },
        {
            "name": "rolldice",
            "action": "install",
            "id": "5152439",
            "version": "1.16-1+b1",
            "url": " "
        },
        {
            "name": "moon-buggy",
            "action": "install",
            "id": "5439204",
            "version": "1:1.0.51-12",
            "url": " "
        },
        {
            "name": "asciijump",
            "action": "install",
            "id": "5475369",
            "version": "::apt",
            "url": " "
        }
    ]
}
13:56:56 INFO  Started operation: {'creationTime': '2022-05-06T13:56:56.924Z', 'deviceName': 'm32sd10d', 'deviceId': '18450101', 'self': 'https://t493319102.eu-latest.cumulocity.com/devicecontrol/operations/18458577', 'id': '18458577', 'status': 'PENDING', 'description': "Apply software changes, triggered from PySys: [{'action': 'install', 'id': '5475369', 'name': 'asciijump', 'url': ' ', 'version': '::apt'}, {'action': 'install', 'id': '5474869', 'name': 'robotfindskitten', 'url': ' ', 'version': ' '}, {'action': 'install', 'id': '5475279', 'name': 'squirrel3', 'url': ' ', 'version': '3.1-7::apt'}, {'action': 'install', 'id': '5152439', 'name': 'rolldice', 'url': ' ', 'version': '1.16-1+b1'}, {'action': 'install', 'id': '5439204', 'name': 'moon-buggy', 'url': ' ', 'version': '1:1.0.51-12'}, {'action': 'install', 'id': '5475369', 'name': 'asciijump', 'url': ' ', 'version': '::apt'}]", 'c8y_SoftwareUpdate': [{'name': 'asciijump', 'action': 'install', 'id': '5475369', 'version': '::apt', 'url': ' '}, {'name': 'robotfindskitten', 'action': 'install', 'id': '5474869', 'version': ' ', 'url': ' '}, {'name': 'squirrel3', 'action': 'install', 'id': '5475279', 'version': '3.1-7::apt', 'url': ' '}, {'name': 'rolldice', 'action': 'install', 'id': '5152439', 'version': '1.16-1+b1', 'url': ' '}, {'name': 'moon-buggy', 'action': 'install', 'id': '5439204', 'version': '1:1.0.51-12', 'url': ' '}, {'name': 'asciijump', 'action': 'install', 'id': '5475369', 'version': '::apt', 'url': ' '}]}
13:56:59 INFO  State of operation 18458577 : PENDING
13:57:01 INFO  State of operation 18458577 : EXECUTING
13:57:03 INFO  State of operation 18458577 : EXECUTING
13:57:05 INFO  State of operation 18458577 : EXECUTING
13:57:08 INFO  State of operation 18458577 : EXECUTING
13:57:10 INFO  State of operation 18458577 : EXECUTING
13:57:12 INFO  State of operation 18458577 : EXECUTING
13:57:15 INFO  State of operation 18458577 : EXECUTING
13:57:18 INFO  State of operation 18458577 : EXECUTING
13:57:20 INFO  State of operation 18458577 : EXECUTING
13:57:22 INFO  State of operation 18458577 : EXECUTING
13:57:25 INFO  State of operation 18458577 : EXECUTING
13:57:27 INFO  State of operation 18458577 : EXECUTING
13:57:29 INFO  State of operation 18458577 : EXECUTING
13:57:31 INFO  State of operation 18458577 : EXECUTING
13:57:34 INFO  State of operation 18458577 : EXECUTING
13:57:36 INFO  State of operation 18458577 : EXECUTING
13:57:39 INFO  State of operation 18458577 : EXECUTING
13:57:41 INFO  State of operation 18458577 : EXECUTING
13:57:43 INFO  State of operation 18458577 : EXECUTING
13:57:45 INFO  State of operation 18458577 : EXECUTING
13:57:48 INFO  State of operation 18458577 : EXECUTING
13:57:50 INFO  State of operation 18458577 : EXECUTING
13:57:53 INFO  State of operation 18458577 : EXECUTING
13:57:55 INFO  State of operation 18458577 : EXECUTING
13:57:58 INFO  State of operation 18458577 : EXECUTING
13:58:00 INFO  State of operation 18458577 : EXECUTING
13:58:03 INFO  State of operation 18458577 : EXECUTING
13:58:05 INFO  State of operation 18458577 : EXECUTING
13:58:08 INFO  State of operation 18458577 : EXECUTING
13:58:10 INFO  State of operation 18458577 : EXECUTING
13:58:12 INFO  State of operation 18458577 : EXECUTING
13:58:14 INFO  State of operation 18458577 : EXECUTING
13:58:17 INFO  State of operation 18458577 : EXECUTING
13:58:19 INFO  State of operation 18458577 : EXECUTING
13:58:21 INFO  State of operation 18458577 : EXECUTING
13:58:23 INFO  State of operation 18458577 : EXECUTING
13:58:26 INFO  State of operation 18458577 : EXECUTING
13:58:29 INFO  State of operation 18458577 : EXECUTING
13:58:31 INFO  State of operation 18458577 : EXECUTING
13:58:34 INFO  State of operation 18458577 : EXECUTING
13:58:36 INFO  State of operation 18458577 : EXECUTING
13:58:38 INFO  State of operation 18458577 : EXECUTING
13:58:40 INFO  State of operation 18458577 : EXECUTING
13:58:43 INFO  State of operation 18458577 : EXECUTING
13:58:45 INFO  State of operation 18458577 : EXECUTING
13:58:47 INFO  State of operation 18458577 : EXECUTING
13:58:49 INFO  State of operation 18458577 : EXECUTING
13:58:52 INFO  State of operation 18458577 : EXECUTING
13:58:54 INFO  State of operation 18458577 : EXECUTING
13:58:57 INFO  State of operation 18458577 : EXECUTING
13:58:59 INFO  State of operation 18458577 : EXECUTING
13:59:02 INFO  State of operation 18458577 : EXECUTING
13:59:05 INFO  State of operation 18458577 : EXECUTING
13:59:07 INFO  State of operation 18458577 : EXECUTING
13:59:10 INFO  State of operation 18458577 : EXECUTING
13:59:12 INFO  State of operation 18458577 : EXECUTING
13:59:14 INFO  State of operation 18458577 : EXECUTING
13:59:17 INFO  State of operation 18458577 : EXECUTING
13:59:19 INFO  State of operation 18458577 : EXECUTING
13:59:22 INFO  State of operation 18458577 : EXECUTING
13:59:24 WARN  SystemError occurred while running test - Timeout while waiting for status SUCCESSFUL or False
Traceback (most recent call last):
  File "/home/pi/env-pysys/lib/python3.7/site-packages/pysys/baserunner.py", line 1294, in __call__
    self.testObj.execute()
  File "/home/pi/actions-runner/_work/thin-edge.io/thin-edge.io/tests/PySys/software_management_end_to_end/sm_apt_install_remove_multiple_mixed/run.py", line 89, in execute
    self.wait_until_succcess()
  File "/home/pi/actions-runner/_work/thin-edge.io/thin-edge.io/tests/PySys/software_management_end_to_end/environment_sm_management.py", line 324, in wait_until_succcess
    self.wait_until_status("SUCCESSFUL")
  File "/home/pi/actions-runner/_work/thin-edge.io/thin-edge.io/tests/PySys/software_management_end_to_end/environment_sm_management.py", line 381, in wait_until_status
    "Timeout while waiting for status %s or %s" % (status, status2)
SystemError: Timeout while waiting for status SUCCESSFUL or False
13:59:24 WARN  SystemError: Timeout while waiting for status SUCCESSFUL or False ... blocked 
13:59:24 INFO  
13:59:24 INFO  cleanup:
13:59:28 INFO  Executed sudo&lt;tedge_disconnect_c8y&gt;, exit status 0
13:59:29 INFO  Executed systemctl&lt;serv_mapper5&gt;, exit status 3
13:59:29 INFO  
13:59:29 INFO  Test duration: 180.01 secs
13:59:29 INFO  Test final outcome:  BLOCKED
13:59:29 INFO  Test outcome reason: SystemError: Timeout while waiting for status SUCCESSFUL or False
13:59:29 INFO  
</system-out>
	</testcase>
<testcase classname="PySysTest" name="SoftwareManagement.sm_apt_install_remove_multiple_mixed">
		<failure message="BLOCKED: SystemError: Timeout while waiting for status SUCCESSFUL or False (+1 other failures)" type="BLOCKED" />
		<system-out>14:22:33 INFO  ==============================================================
14:22:33 INFO  Id:    SoftwareManagement.sm_apt_install_remove_multiple_mixed
14:22:33 INFO  Dir:   software_management_end_to_end/
14:22:33 INFO  Title: Validate end to end behaviour for the apt plugin for multiple packages with mixed versions
14:22:33 INFO  ==============================================================
14:22:33 INFO  Using sw id database: {'asciijump': '5475369', 'robotfindskitten': '5474869', 'squirrel3': '5475279', 'rolldice': '5152439', 'moon-buggy': '5439204', 'apple': '5495053', 'banana': '5494888', 'cherry': '5495382', 'watermelon': '5494510', 'registry': '8018911', 'hello-world': '8021526', 'docker/getting-started': '8021973', 'alpine': '7991792'}
14:22:33 INFO  EnvironmentC8y Setup
14:22:34 INFO  Executed systemctl&lt;serv_mapper1&gt;, exit status 3
14:22:34 INFO  Restarting mosquitto too frequently in the last 10 seconds. It was only up for 5 seconds
14:22:34 INFO  Delaying execution by 6 seconds
14:22:54 INFO  Executed sudo&lt;tedge_connect_c8y&gt;, exit status 0, duration 13 secs
14:22:54 INFO  Executed sudo&lt;tedge_connect_c8y_test&gt;, exit status 0
14:22:55 INFO  Executed systemctl&lt;serv_mosq2&gt;, exit status 0
14:22:55 INFO  Executed systemctl&lt;serv_mapper3&gt;, exit status 0
14:22:57 INFO  State of current operation: SUCCESSFUL
14:22:57 INFO  Assert that (False == value) with value=False ... passed
14:22:58 INFO  Assert that (False == value) with value=False ... passed
14:22:58 INFO  Assert that (False == value) with value=False ... passed
14:22:58 INFO  Assert that (False == value) with value=False ... passed
14:22:58 INFO  Package moon-buggy is installed
14:22:58 WARN  Assert that (False == value) with value=True ... failed 
14:23:00 INFO  Response status: 201
14:23:00 INFO  Response to action: {
    "creationTime": "2022-05-06T14:23:00.140Z",
    "deviceName": "m32sd10d",
    "deviceId": "18450101",
    "self": "https://t493319102.eu-latest.cumulocity.com/devicecontrol/operations/18458719",
    "id": "18458719",
    "status": "PENDING",
    "description": "Apply software changes, triggered from PySys: [{'action': 'install', 'id': '5475369', 'name': 'asciijump', 'url': ' ', 'version': '::apt'}, {'action': 'install', 'id': '5474869', 'name': 'robotfindskitten', 'url': ' ', 'version': ' '}, {'action': 'install', 'id': '5475279', 'name': 'squirrel3', 'url': ' ', 'version': '3.1-7::apt'}, {'action': 'install', 'id': '5152439', 'name': 'rolldice', 'url': ' ', 'version': '1.16-1+b1'}, {'action': 'install', 'id': '5439204', 'name': 'moon-buggy', 'url': ' ', 'version': '1:1.0.51-12'}, {'action': 'install', 'id': '5475369', 'name': 'asciijump', 'url': ' ', 'version': '::apt'}]",
    "c8y_SoftwareUpdate": [
        {
            "name": "asciijump",
            "action": "install",
            "id": "5475369",
            "version": "::apt",
            "url": " "
        },
        {
            "name": "robotfindskitten",
            "action": "install",
            "id": "5474869",
            "version": " ",
            "url": " "
        },
        {
            "name": "squirrel3",
            "action": "install",
            "id": "5475279",
            "version": "3.1-7::apt",
            "url": " "
        },
        {
            "name": "rolldice",
            "action": "install",
            "id": "5152439",
            "version": "1.16-1+b1",
            "url": " "
        },
        {
            "name": "moon-buggy",
            "action": "install",
            "id": "5439204",
            "version": "1:1.0.51-12",
            "url": " "
        },
        {
            "name": "asciijump",
            "action": "install",
            "id": "5475369",
            "version": "::apt",
            "url": " "
        }
    ]
}
14:23:00 INFO  Started operation: {'creationTime': '2022-05-06T14:23:00.140Z', 'deviceName': 'm32sd10d', 'deviceId': '18450101', 'self': 'https://t493319102.eu-latest.cumulocity.com/devicecontrol/operations/18458719', 'id': '18458719', 'status': 'PENDING', 'description': "Apply software changes, triggered from PySys: [{'action': 'install', 'id': '5475369', 'name': 'asciijump', 'url': ' ', 'version': '::apt'}, {'action': 'install', 'id': '5474869', 'name': 'robotfindskitten', 'url': ' ', 'version': ' '}, {'action': 'install', 'id': '5475279', 'name': 'squirrel3', 'url': ' ', 'version': '3.1-7::apt'}, {'action': 'install', 'id': '5152439', 'name': 'rolldice', 'url': ' ', 'version': '1.16-1+b1'}, {'action': 'install', 'id': '5439204', 'name': 'moon-buggy', 'url': ' ', 'version': '1:1.0.51-12'}, {'action': 'install', 'id': '5475369', 'name': 'asciijump', 'url': ' ', 'version': '::apt'}]", 'c8y_SoftwareUpdate': [{'name': 'asciijump', 'action': 'install', 'id': '5475369', 'version': '::apt', 'url': ' '}, {'name': 'robotfindskitten', 'action': 'install', 'id': '5474869', 'version': ' ', 'url': ' '}, {'name': 'squirrel3', 'action': 'install', 'id': '5475279', 'version': '3.1-7::apt', 'url': ' '}, {'name': 'rolldice', 'action': 'install', 'id': '5152439', 'version': '1.16-1+b1', 'url': ' '}, {'name': 'moon-buggy', 'action': 'install', 'id': '5439204', 'version': '1:1.0.51-12', 'url': ' '}, {'name': 'asciijump', 'action': 'install', 'id': '5475369', 'version': '::apt', 'url': ' '}]}
14:23:02 INFO  State of operation 18458719 : PENDING
14:23:04 INFO  State of operation 18458719 : EXECUTING
14:23:06 INFO  State of operation 18458719 : EXECUTING
14:23:09 INFO  State of operation 18458719 : EXECUTING
14:23:11 INFO  State of operation 18458719 : EXECUTING
14:23:13 INFO  State of operation 18458719 : EXECUTING
14:23:15 INFO  State of operation 18458719 : EXECUTING
14:23:17 INFO  State of operation 18458719 : EXECUTING
14:23:20 INFO  State of operation 18458719 : EXECUTING
14:23:23 INFO  State of operation 18458719 : EXECUTING
14:23:25 INFO  State of operation 18458719 : EXECUTING
14:23:27 INFO  State of operation 18458719 : EXECUTING
14:23:30 INFO  State of operation 18458719 : EXECUTING
14:23:32 INFO  State of operation 18458719 : EXECUTING
14:23:34 INFO  State of operation 18458719 : EXECUTING
14:23:36 INFO  State of operation 18458719 : EXECUTING
14:23:39 INFO  State of operation 18458719 : EXECUTING
14:23:41 INFO  State of operation 18458719 : EXECUTING
14:23:43 INFO  State of operation 18458719 : EXECUTING
14:23:46 INFO  State of operation 18458719 : EXECUTING
14:23:48 INFO  State of operation 18458719 : EXECUTING
14:23:51 INFO  State of operation 18458719 : EXECUTING
14:23:53 INFO  State of operation 18458719 : EXECUTING
14:23:56 INFO  State of operation 18458719 : EXECUTING
14:23:58 INFO  State of operation 18458719 : EXECUTING
14:24:01 INFO  State of operation 18458719 : EXECUTING
14:24:03 INFO  State of operation 18458719 : EXECUTING
14:24:06 INFO  State of operation 18458719 : EXECUTING
14:24:08 INFO  State of operation 18458719 : EXECUTING
14:24:11 INFO  State of operation 18458719 : EXECUTING
14:24:13 INFO  State of operation 18458719 : EXECUTING
14:24:16 INFO  State of operation 18458719 : EXECUTING
14:24:18 INFO  State of operation 18458719 : EXECUTING
14:24:20 INFO  State of operation 18458719 : EXECUTING
14:24:22 INFO  State of operation 18458719 : EXECUTING
14:24:24 INFO  State of operation 18458719 : EXECUTING
14:24:27 INFO  State of operation 18458719 : EXECUTING
14:24:29 INFO  State of operation 18458719 : EXECUTING
14:24:31 INFO  State of operation 18458719 : EXECUTING
14:24:34 INFO  State of operation 18458719 : EXECUTING
14:24:37 INFO  State of operation 18458719 : EXECUTING
14:24:39 INFO  State of operation 18458719 : EXECUTING
14:24:41 INFO  State of operation 18458719 : EXECUTING
14:24:44 INFO  State of operation 18458719 : EXECUTING
14:24:46 INFO  State of operation 18458719 : EXECUTING
14:24:48 INFO  State of operation 18458719 : EXECUTING
14:24:50 INFO  State of operation 18458719 : EXECUTING
14:24:53 INFO  State of operation 18458719 : EXECUTING
14:24:55 INFO  State of operation 18458719 : EXECUTING
14:24:58 INFO  State of operation 18458719 : EXECUTING
14:25:00 INFO  State of operation 18458719 : EXECUTING
14:25:02 INFO  State of operation 18458719 : EXECUTING
14:25:05 INFO  State of operation 18458719 : EXECUTING
14:25:08 INFO  State of operation 18458719 : EXECUTING
14:25:10 INFO  State of operation 18458719 : EXECUTING
14:25:13 INFO  State of operation 18458719 : EXECUTING
14:25:15 INFO  State of operation 18458719 : EXECUTING
14:25:18 INFO  State of operation 18458719 : EXECUTING
14:25:20 INFO  State of operation 18458719 : EXECUTING
14:25:23 INFO  State of operation 18458719 : EXECUTING
14:25:25 INFO  State of operation 18458719 : EXECUTING
14:25:27 WARN  SystemError occurred while running test - Timeout while waiting for status SUCCESSFUL or False
Traceback (most recent call last):
  File "/home/pi/env-pysys/lib/python3.7/site-packages/pysys/baserunner.py", line 1294, in __call__
    self.testObj.execute()
  File "/home/pi/actions-runner/_work/thin-edge.io/thin-edge.io/tests/PySys/software_management_end_to_end/sm_apt_install_remove_multiple_mixed/run.py", line 89, in execute
    self.wait_until_succcess()
  File "/home/pi/actions-runner/_work/thin-edge.io/thin-edge.io/tests/PySys/software_management_end_to_end/environment_sm_management.py", line 324, in wait_until_succcess
    self.wait_until_status("SUCCESSFUL")
  File "/home/pi/actions-runner/_work/thin-edge.io/thin-edge.io/tests/PySys/software_management_end_to_end/environment_sm_management.py", line 381, in wait_until_status
    "Timeout while waiting for status %s or %s" % (status, status2)
SystemError: Timeout while waiting for status SUCCESSFUL or False
14:25:27 WARN  SystemError: Timeout while waiting for status SUCCESSFUL or False ... blocked 
14:25:27 INFO  
14:25:27 INFO  cleanup:
14:25:32 INFO  Executed sudo&lt;tedge_disconnect_c8y&gt;, exit status 0
14:25:33 INFO  Executed systemctl&lt;serv_mapper5&gt;, exit status 3
14:25:33 INFO  
14:25:33 INFO  Test duration: 179.67 secs
14:25:33 INFO  Test final outcome:  BLOCKED
14:25:33 INFO  Test outcome reason: SystemError: Timeout while waiting for status SUCCESSFUL or False (+1 other failures)
14:25:33 INFO  
</system-out>
	</testcase>
</testsuite><testsuite name="SoftwareManagement.sm_apt_install_remove_with_version" tests="3" errors="0" failures="0" skipped="1" time="0"><testcase classname="PySysTest" name="SoftwareManagement.sm_apt_install_remove_with_version">
		<skipped message="SKIPPED: Testing the apt plugin is not supported on this platform.Use parameter -XmyPlatform='container' to enable it" />
		<system-out>13:21:58 INFO  ==============================================================
13:21:58 INFO  Id:    SoftwareManagement.sm_apt_install_remove_with_version
13:21:58 INFO  Dir:   software_management_end_to_end/
13:21:58 INFO  Title: Validate end to end behaviour for the apt plugin for packages with version
13:21:58 INFO  ==============================================================
13:21:58 INFO  Testing the apt plugin is not supported on this platform.Use parameter -XmyPlatform='container' to enable it ... skipped
13:21:58 WARN  Aborted test due to SKIPPED outcome
13:21:58 INFO  
13:21:58 INFO  Test duration: 0.04 secs
13:21:58 INFO  Test final outcome:  SKIPPED
13:21:58 INFO  Test outcome reason: Testing the apt plugin is not supported on this platform.Use parameter -XmyPlatform='container' to enable it
13:21:58 INFO  
</system-out>
	</testcase>
<testcase classname="PySysTest" name="SoftwareManagement.sm_apt_install_remove_with_version" />
<testcase classname="PySysTest" name="SoftwareManagement.sm_apt_install_remove_with_version" />
</testsuite><testsuite name="SoftwareManagement.sm_docker_install_remove_multiple" tests="3" errors="0" failures="0" skipped="1" time="0"><testcase classname="SMDockerInstallRemove" name="SoftwareManagement.sm_docker_install_remove_multiple">
		<skipped message="SKIPPED: Testing the apt plugin is not supported on this platform.Use parameter -XmyPlatform='container' to enable it" />
		<system-out>13:21:59 INFO  ==============================================================
13:21:59 INFO  Id:    SoftwareManagement.sm_docker_install_remove_multiple
13:21:59 INFO  Dir:   software_management_end_to_end/
13:21:59 INFO  Title: Validate end to end behaviour for the docker plugin for multiple docker images with mixed versions
13:21:59 INFO  ==============================================================
13:21:59 INFO  Testing the apt plugin is not supported on this platform.Use parameter -XmyPlatform='container' to enable it ... skipped
13:21:59 WARN  Aborted test due to SKIPPED outcome
13:21:59 INFO  
13:21:59 INFO  Test duration: 0.05 secs
13:21:59 INFO  Test final outcome:  SKIPPED
13:21:59 INFO  Test outcome reason: Testing the apt plugin is not supported on this platform.Use parameter -XmyPlatform='container' to enable it
13:21:59 INFO  
</system-out>
	</testcase>
<testcase classname="SMDockerInstallRemove" name="SoftwareManagement.sm_docker_install_remove_multiple" />
<testcase classname="SMDockerInstallRemove" name="SoftwareManagement.sm_docker_install_remove_multiple" />
</testsuite><testsuite name="SoftwareManagement.sm_fake_install_remove" tests="2" errors="0" failures="0" skipped="1" time="0"><testcase classname="PySysTest" name="SoftwareManagement.sm_fake_install_remove">
		<skipped message="SKIPPED: Testing the fake plugin is not enabled.Use parameter -Xfakeplugin=fakeplugin to enable it" />
		<system-out>13:21:59 INFO  ==============================================================
13:21:59 INFO  Id:    SoftwareManagement.sm_fake_install_remove
13:21:59 INFO  Dir:   software_management_end_to_end/
13:21:59 INFO  Title: Validate end to end behaviour for the dummy plugin for installation and removal of packages
13:21:59 INFO  ==============================================================
13:21:59 INFO  Testing the fake plugin is not enabled.Use parameter -Xfakeplugin=fakeplugin to enable it ... skipped
13:21:59 WARN  Aborted test due to SKIPPED outcome
13:21:59 INFO  
13:21:59 INFO  Test duration: 0.02 secs
13:21:59 INFO  Test final outcome:  SKIPPED
13:21:59 INFO  Test outcome reason: Testing the fake plugin is not enabled.Use parameter -Xfakeplugin=fakeplugin to enable it
13:21:59 INFO  
</system-out>
	</testcase>
<testcase classname="PySysTest" name="SoftwareManagement.sm_fake_install_remove" />
</testsuite><testsuite name="SoftwareManagement.sm_fake_install_remove_multiple" tests="2" errors="0" failures="0" skipped="1" time="0"><testcase classname="PySysTest" name="SoftwareManagement.sm_fake_install_remove_multiple">
		<skipped message="SKIPPED: Testing the fake plugin is not enabled.Use parameter -Xfakeplugin=fakeplugin to enable it" />
		<system-out>13:21:59 INFO  ==============================================================
13:21:59 INFO  Id:    SoftwareManagement.sm_fake_install_remove_multiple
13:21:59 INFO  Dir:   software_management_end_to_end/
13:21:59 INFO  Title: Validate end to end behaviour for the dummy-plugin for multiple packages
13:21:59 INFO  ==============================================================
13:21:59 INFO  Testing the fake plugin is not enabled.Use parameter -Xfakeplugin=fakeplugin to enable it ... skipped
13:21:59 WARN  Aborted test due to SKIPPED outcome
13:21:59 INFO  
13:21:59 INFO  Test duration: 0.03 secs
13:21:59 INFO  Test final outcome:  SKIPPED
13:21:59 INFO  Test outcome reason: Testing the fake plugin is not enabled.Use parameter -Xfakeplugin=fakeplugin to enable it
13:21:59 INFO  
</system-out>
	</testcase>
<testcase classname="PySysTest" name="SoftwareManagement.sm_fake_install_remove_multiple" />
</testsuite><testsuite name="SoftwareManagement.sm_mapper_fail_and_reconnect" tests="2" errors="0" failures="0" skipped="2" time="0"><testcase classname="MapperC8yReceiveLastMessageOnRestart" name="SoftwareManagement.sm_mapper_fail_and_reconnect">
		<skipped message="SKIPPED: instable https://github.com/thin-edge/thin-edge.io/issues/752" />
		<system-out>13:21:59 INFO  ==============================================================
13:21:59 INFO  Id:    SoftwareManagement.sm_mapper_fail_and_reconnect
13:21:59 INFO  Dir:   software_management_end_to_end/
13:21:59 INFO  Title: Validate the tedge-mapper-sm-c8y for receiving the last message on restart
13:21:59 INFO  ==============================================================
13:21:59 INFO  instable https://github.com/thin-edge/thin-edge.io/issues/752 ... skipped
13:21:59 INFO  
13:21:59 INFO  Test duration: 0.02 secs
13:21:59 INFO  Test final outcome:  SKIPPED
13:21:59 INFO  Test outcome reason: instable https://github.com/thin-edge/thin-edge.io/issues/752
13:21:59 INFO  
</system-out>
	</testcase>
<testcase classname="MapperC8yReceiveLastMessageOnRestart" name="SoftwareManagement.sm_mapper_fail_and_reconnect">
		<skipped message="SKIPPED: instable https://github.com/thin-edge/thin-edge.io/issues/752" />
		<system-out>14:32:09 INFO  ==============================================================
14:32:09 INFO  Id:    SoftwareManagement.sm_mapper_fail_and_reconnect
14:32:09 INFO  Dir:   software_management_end_to_end/
14:32:09 INFO  Title: Validate the tedge-mapper-sm-c8y for receiving the last message on restart
14:32:09 INFO  ==============================================================
14:32:09 INFO  instable https://github.com/thin-edge/thin-edge.io/issues/752 ... skipped
14:32:09 INFO  
14:32:09 INFO  Test duration: 0.04 secs
14:32:09 INFO  Test final outcome:  SKIPPED
14:32:09 INFO  Test outcome reason: instable https://github.com/thin-edge/thin-edge.io/issues/752
14:32:09 INFO  
</system-out>
	</testcase>
</testsuite><testsuite name="SoftwareManagement.sm_mixed_install_remove_multiple" tests="2" errors="0" failures="1" skipped="1" time="0"><testcase classname="PySysTest" name="SoftwareManagement.sm_mixed_install_remove_multiple">
		<skipped message="SKIPPED: Testing the fake plugin is not enabled.Use parameter -Xfakeplugin=fakeplugin to enable it" />
		<system-out>13:21:59 INFO  ==============================================================
13:21:59 INFO  Id:    SoftwareManagement.sm_mixed_install_remove_multiple
13:21:59 INFO  Dir:   software_management_end_to_end/
13:21:59 INFO  Title: Validate end to end behaviour for the dummy-plugin for multiple packages with mixed versions
13:21:59 INFO  ==============================================================
13:21:59 INFO  Testing the fake plugin is not enabled.Use parameter -Xfakeplugin=fakeplugin to enable it ... skipped
13:21:59 WARN  Aborted test due to SKIPPED outcome
13:21:59 INFO  
13:21:59 INFO  Test duration: 0.02 secs
13:21:59 INFO  Test final outcome:  SKIPPED
13:21:59 INFO  Test outcome reason: Testing the fake plugin is not enabled.Use parameter -Xfakeplugin=fakeplugin to enable it
13:21:59 INFO  
</system-out>
	</testcase>
<testcase classname="PySysTest" name="SoftwareManagement.sm_mixed_install_remove_multiple">
		<failure message="FAILED: Assert that (False == value) with value=True" type="FAILED" />
		<system-out>14:32:09 INFO  ==============================================================
14:32:09 INFO  Id:    SoftwareManagement.sm_mixed_install_remove_multiple
14:32:09 INFO  Dir:   software_management_end_to_end/
14:32:09 INFO  Title: Validate end to end behaviour for the dummy-plugin for multiple packages with mixed versions
14:32:09 INFO  ==============================================================
[...]
		<failure message="FAILED: Assert that (True == value) with value=False" type="FAILED" />
		<system-out>13:09:39 INFO  ==============================================================
13:09:39 INFO  Id:    log_request_num_lines
13:09:39 INFO  Dir:   log_request_end_to_end/
13:09:39 INFO  Title: Validate end to end behaviour for the log request operation check for number of lines
13:09:39 INFO  ==============================================================
13:09:39 INFO  EnvironmentC8y Setup
13:09:39 INFO  Executed systemctl&lt;serv_mapper1&gt;, exit status 3
13:09:39 INFO  Restarting mosquitto too frequently in the last 10 seconds. It was only up for 5 seconds
13:09:39 INFO  Delaying execution by 6 seconds
13:10:00 INFO  Executed sudo&lt;tedge_connect_c8y&gt;, exit status 0, duration 14 secs
13:10:00 INFO  Executed sudo&lt;tedge_connect_c8y_test&gt;, exit status 0
13:10:01 INFO  Executed systemctl&lt;serv_mosq2&gt;, exit status 0
13:10:01 INFO  Executed systemctl&lt;serv_mapper3&gt;, exit status 0
13:10:02 INFO  Executed sudo&lt;rm_logs&gt;, exit status 0
13:10:02 INFO  Executed sudo&lt;move_logs&gt;, exit status 0
13:10:03 INFO  log response None
13:10:03 WARN  retry, retrying in 1 seconds...
13:10:04 INFO  log response https://thin-edge-io.eu-latest.cumulocity.com/event/events/18450115/binaries
13:10:04 INFO  nlines 0
13:10:04 WARN  Assert that (True == value) with value=False ... failed [run.py:44]
13:10:04 INFO  
13:10:04 INFO  cleanup:
13:10:05 INFO  Executed sudo&lt;rm_logs&gt;, exit status 0
13:10:05 INFO  Executed sudo&lt;rm_tmp_logs&gt;, exit status 0
13:10:06 INFO  Executed sudo&lt;send_failed&gt;, exit status 0
13:10:10 INFO  Executed sudo&lt;tedge_disconnect_c8y&gt;, exit status 0
13:10:11 INFO  Executed systemctl&lt;serv_mapper5&gt;, exit status 3
13:10:11 INFO  
13:10:11 INFO  Test duration: 31.87 secs
13:10:11 INFO  Test final outcome:  FAILED
13:10:11 INFO  Test outcome reason: Assert that (True == value) with value=False
13:10:11 INFO  
</system-out>
	</testcase>
</testsuite><testsuite name="mapper_awaits_before_reconnect" tests="1" errors="0" failures="1" skipped="0" time="0"><testcase classname="MapperReconnectAwait" name="mapper_awaits_before_reconnect">
		<failure message="FAILED: Line count on tedge_mapper_journal.out for &quot;tedge_mapper::core::mapper: MQTT connection error:&quot; expected &gt;=2 but got 0" type="FAILED" />
		<system-out>13:25:01 INFO  ==============================================================
13:25:01 INFO  Id:    mapper_awaits_before_reconnect
13:25:01 INFO  Dir:   tedge_mapper_c8y/
13:25:01 INFO  Title: Validate mapper doesn't reconnect too often
13:25:01 INFO  ==============================================================
13:25:01 INFO  Started mosquitto_sub with process id 8134
13:25:01 INFO  Waiting for 0.1 seconds
13:25:02 INFO  Executed sudo&lt;tedge_mapper&gt;, exit status 0
13:25:02 INFO  Waiting for 5.0 seconds
13:25:07 INFO  Executed sudo&lt;tedge_mapper&gt;, exit status 0
13:25:08 INFO  Executed sudo&lt;tedge_mapper_journal&gt;, exit status 0
13:25:08 WARN  Grep on tedge_mapper_journal.out contains "ERROR" ... failed [run.py:67]
13:25:08 INFO  Line count on file tedge_mapper_journal.out ... passed
13:25:08 WARN  Line count on tedge_mapper_journal.out for "tedge_mapper::core::mapper: MQTT connection error:" expected &gt;=2 but got 0 ... failed [run.py:78]
13:25:08 WARN  Aborted test due to FAILED outcome
13:25:09 INFO  
13:25:09 INFO  Test duration: 7.43 secs
13:25:09 INFO  Test final outcome:  FAILED
13:25:09 INFO  Test outcome reason: Line count on tedge_mapper_journal.out for "tedge_mapper::core::mapper: MQTT connection error:" expected &gt;=2 but got 0
13:25:09 INFO  
</system-out>
	</testcase>
</testsuite><testsuite name="monitoring_smaller_interval" tests="1" errors="0" failures="1" skipped="0" time="0"><testcase classname="MonitoringSmallInterval" name="monitoring_smaller_interval">
		<failure message="BLOCKED: TypeError: 'int' object is not subscriptable" type="BLOCKED" />
		<system-out>13:12:01 INFO  ==============================================================
13:12:01 INFO  Id:    monitoring_smaller_interval
13:12:01 INFO  Dir:   monitoring/
13:12:01 INFO  Title: Validate the tedge dm agent messages that are produced with smaller sampling interval than the batching window. Here the simulated collectd messages are used
13:12:01 INFO  ==============================================================
13:12:02 INFO  Executed sudo&lt;collectd&gt;, exit status 0
13:12:02 INFO  Executed sudo&lt;collectd_mapper&gt;, exit status 0
13:12:02 INFO  Started sudo&lt;tedge_sub&gt; with process id 4278
13:12:03 INFO  Executed sudo&lt;tedge_temp&gt;, exit status 0
13:12:04 INFO  Executed sudo&lt;tedge_pres&gt;, exit status 0
13:12:04 INFO  Executed sudo&lt;tedge_temp&gt;, exit status 0
13:12:05 INFO  Executed sudo&lt;tedge_pres&gt;, exit status 0
13:12:05 INFO  Executed sudo&lt;tedge_temp&gt;, exit status 0
13:12:06 INFO  Executed sudo&lt;tedge_pres&gt;, exit status 0
13:12:07 INFO  Executed sudo&lt;tedge_temp&gt;, exit status 0
13:12:07 INFO  Executed sudo&lt;tedge_pres&gt;, exit status 0
13:12:08 INFO  Executed sudo&lt;tedge_temp&gt;, exit status 0
13:12:08 INFO  Executed sudo&lt;tedge_pres&gt;, exit status 0
13:12:09 INFO  Executed sudo&lt;tedge_temp&gt;, exit status 0
13:12:09 INFO  Executed sudo&lt;tedge_pres&gt;, exit status 0
13:12:10 INFO  Executed sudo&lt;tedge_temp&gt;, exit status 0
13:12:11 INFO  Executed sudo&lt;tedge_pres&gt;, exit status 0
13:12:11 INFO  Executed sudo&lt;tedge_temp&gt;, exit status 0
13:12:12 INFO  Executed sudo&lt;tedge_pres&gt;, exit status 0
13:12:12 INFO  Executed sudo&lt;tedge_temp&gt;, exit status 0
13:12:13 INFO  Executed sudo&lt;tedge_pres&gt;, exit status 0
13:12:14 INFO  Executed sudo&lt;tedge_temp&gt;, exit status 0
13:12:14 INFO  Executed sudo&lt;tedge_pres&gt;, exit status 0
13:12:16 INFO  Executed sudo&lt;kill_out&gt;, exit status 0
13:12:16 INFO  0

13:12:16 WARN  TypeError occurred while running test - 'int' object is not subscriptable
Traceback (most recent call last):
  File "/home/pi/env-pysys/lib/python3.7/site-packages/pysys/baserunner.py", line 1296, in __call__
    self.testObj.validate()
  File "/home/pi/actions-runner/_work/thin-edge.io/thin-edge.io/tests/PySys/monitoring/monitoring_smaller_interval/run.py", line 104, in validate
    collectd_msg_validation_result=self.validate_json(),
  File "/home/pi/actions-runner/_work/thin-edge.io/thin-edge.io/tests/PySys/monitoring/monitoring_smaller_interval/run.py", line 114, in validate_json
    if not self.validate_time():
  File "/home/pi/actions-runner/_work/thin-edge.io/thin-edge.io/tests/PySys/monitoring/monitoring_smaller_interval/run.py", line 134, in validate_time
    if self.js_msg["time"]:
TypeError: 'int' object is not subscriptable
13:12:16 WARN  TypeError: 'int' object is not subscriptable ... blocked 
13:12:16 INFO  
13:12:16 INFO  cleanup:
13:12:16 INFO  monitoring_cleanup
13:12:16 INFO  Executed sudo&lt;collectd_mapper&gt;, exit status 0
13:12:16 INFO  
13:12:16 INFO  Test duration: 15.14 secs
13:12:16 INFO  Test final outcome:  BLOCKED
13:12:16 INFO  Test outcome reason: TypeError: 'int' object is not subscriptable
13:12:16 INFO  
</system-out>
	</testcase>
</testsuite><testsuite name="monitoring_with_collectd" tests="1" errors="0" failures="0" skipped="1" time="0"><testcase classname="MonitoringWithCollectd" name="monitoring_with_collectd">
		<skipped message="SKIPPED: Test execution disabled due to #792 (instable)" />
		<system-out>13:12:16 INFO  ==============================================================
13:12:16 INFO  Id:    monitoring_with_collectd
13:12:16 INFO  Dir:   monitoring/
13:12:16 INFO  Title: Validate tedge dm agent messages that are produced by batching the collectd messages
13:12:16 INFO  ==============================================================
13:12:16 INFO  Test execution disabled due to #792 (instable) ... skipped
13:12:16 INFO  
13:12:16 INFO  Test duration: 0.07 secs
13:12:16 INFO  Test final outcome:  SKIPPED
13:12:16 INFO  Test outcome reason: Test execution disabled due to #792 (instable)
13:12:16 INFO  
</system-out>
	</testcase>
</testsuite><testsuite name="monitoring_with_simulated_messages" tests="1" errors="0" failures="1" skipped="0" time="0"><testcase classname="MonitoringWithSimulatedMessages" name="monitoring_with_simulated_messages">
		<failure message="BLOCKED: TypeError: 'int' object is not subscriptable" type="BLOCKED" />
		<system-out>13:12:17 INFO  ==============================================================
13:12:17 INFO  Id:    monitoring_with_simulated_messages
13:12:17 INFO  Dir:   monitoring/
13:12:17 INFO  Title: Validate the tedge dm agent messages that are produced from the simulated collectd messages
13:12:17 INFO  ==============================================================
13:12:17 INFO  Executed sudo&lt;collectd&gt;, exit status 0
13:12:18 INFO  Executed sudo&lt;collectd_mapper&gt;, exit status 0
13:12:18 INFO  Started sudo&lt;tedge_sub&gt; with process id 4334
13:12:18 INFO  Executed sudo&lt;tedge_temp&gt;, exit status 0
13:12:19 INFO  Executed sudo&lt;tedge_pres&gt;, exit status 0
13:12:20 INFO  Executed sudo&lt;kill_out&gt;, exit status 0
13:12:20 INFO  0

13:12:20 WARN  TypeError occurred while running test - 'int' object is not subscriptable
Traceback (most recent call last):
  File "/home/pi/env-pysys/lib/python3.7/site-packages/pysys/baserunner.py", line 1296, in __call__
    self.testObj.validate()
  File "/home/pi/actions-runner/_work/thin-edge.io/thin-edge.io/tests/PySys/monitoring/monitoring_with_simulated_messages/run.py", line 98, in validate
    collectd_msg_validation_result=self.validate_json(),
  File "/home/pi/actions-runner/_work/thin-edge.io/thin-edge.io/tests/PySys/monitoring/monitoring_with_simulated_messages/run.py", line 108, in validate_json
    if not self.validate_time():
  File "/home/pi/actions-runner/_work/thin-edge.io/thin-edge.io/tests/PySys/monitoring/monitoring_with_simulated_messages/run.py", line 127, in validate_time
    if self.js_msg["time"]:
TypeError: 'int' object is not subscriptable
13:12:20 WARN  TypeError: 'int' object is not subscriptable ... blocked 
13:12:20 INFO  
13:12:20 INFO  cleanup:
13:12:20 INFO  monitoring_cleanup
13:12:21 INFO  Executed sudo&lt;collectd_mapper&gt;, exit status 0
13:12:21 INFO  
13:12:21 INFO  Test duration: 4.43 secs
13:12:21 INFO  Test final outcome:  BLOCKED
13:12:21 INFO  Test outcome reason: TypeError: 'int' object is not subscriptable
13:12:21 INFO  
</system-out>
	</testcase>
</testsuite><testsuite name="mqtt_port_change_connection_fails" tests="1" errors="0" failures="0" skipped="0" time="0"><testcase classname="MqttPortChangeConnectionFails" name="mqtt_port_change_connection_fails" />
</testsuite><testsuite name="mqtt_port_change_connection_works" tests="1" errors="0" failures="0" skipped="1" time="0"><testcase classname="MqttPortChangeConnectionWorks" name="mqtt_port_change_connection_works">
		<skipped message="SKIPPED: failing intermitently" />
		<system-out>13:10:46 INFO  ==============================================================
13:10:46 INFO  Id:    mqtt_port_change_connection_works
13:10:46 INFO  Dir:   misc_features/
13:10:46 INFO  Title: mqtt port change connection works for all the thin-edge services that use the mosquitto broker
13:10:46 INFO  ==============================================================
13:10:46 INFO  failing intermitently ... skipped
13:10:46 INFO  
13:10:46 INFO  Test duration: 0.05 secs
13:10:46 INFO  Test final outcome:  SKIPPED
13:10:46 INFO  Test outcome reason: failing intermitently
13:10:46 INFO  
</system-out>
	</testcase>
</testsuite><testsuite name="mqtt_port_set" tests="1" errors="0" failures="0" skipped="0" time="0"><testcase classname="MqttPortSet" name="mqtt_port_set" />
</testsuite><testsuite name="mqtt_port_unset" tests="1" errors="0" failures="0" skipped="0" time="0"><testcase classname="MqttPortUnSet" name="mqtt_port_unset" />
</testsuite><testsuite name="publish_flux" tests="1" errors="0" failures="0" skipped="0" time="0"><testcase classname="PublishFlux" name="publish_flux" />
</testsuite><testsuite name="publish_sawmill" tests="1" errors="0" failures="0" skipped="0" time="0"><testcase classname="PublishSawmill" name="publish_sawmill" />
</testsuite><testsuite name="runtime_start_two_mappers" tests="1" errors="0" failures="1" skipped="0" time="0"><testcase classname="RuntimeMultiMappers" name="runtime_start_two_mappers">
		<failure message="FAILED: Grep on tedge_mapper2.err contains &quot;Error: Couldn't acquire file lock.&quot;" type="FAILED" />
		<system-out>13:25:09 INFO  ==============================================================
13:25:09 INFO  Id:    runtime_start_two_mappers
13:25:09 INFO  Dir:   tedge_mapper_c8y/
13:25:09 INFO  Title: Validate two mappers can't be started at the same time
13:25:09 INFO  ==============================================================
13:25:09 INFO  Executed sudo&lt;tedge_mapper1&gt;, exit status 0
13:25:09 INFO  Waiting for 0.1 seconds
13:25:10 INFO  Executed sudo&lt;tedge_mapper2&gt;, exit status 1
13:25:10 INFO  Executed sudo&lt;tedge_mapper1&gt;, exit status 0
13:25:10 WARN  Grep on tedge_mapper2.err contains "Error: Couldn't acquire file lock." ... failed [run.py:46]
13:25:10 INFO  
13:25:10 INFO  Test duration: 1.79 secs
13:25:10 INFO  Test final outcome:  FAILED
13:25:10 INFO  Test outcome reason: Grep on tedge_mapper2.err contains "Error: Couldn't acquire file lock."
13:25:10 INFO  
</system-out>
	</testcase>
</testsuite><testsuite name="sm_tedge_mapper_init_session" tests="1" errors="0" failures="0" skipped="0" time="0"><testcase classname="TedgeSMMapperInitSession" name="sm_tedge_mapper_init_session" />
</testsuite><testsuite name="smoketest_json" tests="1" errors="0" failures="0" skipped="0" time="0"><testcase classname="SmokeTestJson" name="smoketest_json" />
</testsuite><testsuite name="smoketest_json_400_samples_10ms" tests="1" errors="0" failures="0" skipped="0" time="0"><testcase classname="SmoketestJson400Samples10ms" name="smoketest_json_400_samples_10ms" />
</testsuite><testsuite name="smoketest_json_400_samples_20ms" tests="1" errors="0" failures="0" skipped="0" time="0"><testcase classname="SmoketestJson400Samples20ms" name="smoketest_json_400_samples_20ms" />
</testsuite><testsuite name="smoketest_smartrest" tests="1" errors="0" failures="0" skipped="0" time="0"><testcase classname="SmoketestSmartRest" name="smoketest_smartrest" />
</testsuite><testsuite name="smoketest_smartrest_400_samples_1Xms" tests="1" errors="0" failures="0" skipped="0" time="0"><testcase classname="SmoketestSmartRest400Samples1Xms" name="smoketest_smartrest_400_samples_1Xms" />
</testsuite><testsuite name="smoketest_smartrest_400_samples_20ms" tests="1" errors="0" failures="0" skipped="0" time="0"><testcase classname="SmoketestSmartRest400Samples20ms" name="smoketest_smartrest_400_samples_20ms" />
</testsuite><testsuite name="tedge_agent_user_sudo_access" tests="1" errors="0" failures="0" skipped="1" time="0"><testcase classname="TedgeAgentUserSudoAccess" name="tedge_agent_user_sudo_access">
		<skipped message="SKIPPED: #955 Observation: Exit code of the apt plugin when called with no arguments" />
		<system-out>13:22:25 INFO  ==============================================================
13:22:25 INFO  Id:    tedge_agent_user_sudo_access
13:22:25 INFO  Dir:   tedge/
13:22:25 INFO  Title: Validate tedge-agent user has a limited sudo right
13:22:25 INFO  ==============================================================
13:22:25 INFO  #955 Observation: Exit code of the apt plugin when called with no arguments ... skipped
13:22:25 INFO  
13:22:25 INFO  Test duration: 0.02 secs
13:22:25 INFO  Test final outcome:  SKIPPED
13:22:25 INFO  Test outcome reason: #955 Observation: Exit code of the apt plugin when called with no arguments
13:22:25 INFO  
</system-out>
	</testcase>
</testsuite><testsuite name="tedge_connect_test_negative" tests="1" errors="0" failures="0" skipped="0" time="0"><testcase classname="TedgeConnectTestNegative" name="tedge_connect_test_negative" />
</testsuite><testsuite name="tedge_connect_test_positive" tests="1" errors="0" failures="0" skipped="0" time="0"><testcase classname="TedgeConnectTestPositive" name="tedge_connect_test_positive" />
</testsuite><testsuite name="tedge_connect_test_sm_services" tests="1" errors="0" failures="0" skipped="0" time="0"><testcase classname="TedgeConnectTestSMServices" name="tedge_connect_test_sm_services" />
</testsuite><testsuite name="tedge_disconnect_test_sm_services" tests="1" errors="0" failures="0" skipped="0" time="0"><testcase classname="TedgeDisConnectTestSMServices" name="tedge_disconnect_test_sm_services" />
</testsuite><testsuite name="tedge_mapper_az_negative" tests="1" errors="0" failures="0" skipped="0" time="0"><testcase classname="TedgeMapperAzError" name="tedge_mapper_az_negative" />
</testsuite><testsuite name="tedge_mapper_az_with_timestamp" tests="1" errors="0" failures="0" skipped="0" time="0"><testcase classname="TedgeMapperAzWithTimestamp" name="tedge_mapper_az_with_timestamp" />
</testsuite><testsuite name="tedge_mapper_az_without_timestamp" tests="1" errors="0" failures="0" skipped="0" time="0"><testcase classname="TedgeMapperAzWithoutTimestamp" name="tedge_mapper_az_without_timestamp" />
</testsuite><testsuite name="tedge_mapper_c8y_alarms" tests="1" errors="0" failures="0" skipped="0" time="0"><testcase classname="TedgeMapperC8yAlarm" name="tedge_mapper_c8y_alarms" />
</testsuite><testsuite name="tedge_mapper_c8y_child_device_measurement" tests="1" errors="0" failures="0" skipped="0" time="0"><testcase classname="TedgeMapperC8yChildDevice" name="tedge_mapper_c8y_child_device_measurement" />
</testsuite><testsuite name="tedge_mapper_c8y_packet_threshold_size" tests="1" errors="0" failures="1" skipped="0" time="0"><testcase classname="TedgeMapperC8yThresholdPacketSize" name="tedge_mapper_c8y_packet_threshold_size">
		<failure message="FAILED: Grep on tedge_sub.out contains &quot;The size of the message received on tedge/measurements is 20489 which is greater than the threshold size of 16184.&quot;" type="FAILED" />
		<system-out>13:26:47 INFO  ==============================================================
13:26:47 INFO  Id:    tedge_mapper_c8y_packet_threshold_size
13:26:47 INFO  Dir:   tedge_mapper_c8y/
13:26:47 INFO  Title: Validate the Cumulocity Mapper accepted threshold packet size when it receives a message on tedge/measurements
13:26:47 INFO  ==============================================================
13:26:47 INFO  Executed sudo&lt;tedge_mapper_c8y&gt;, exit status 0
13:26:47 INFO  Started sudo&lt;tedge_sub&gt; with process id 8725
13:26:48 INFO  Executed sudo&lt;tedge_msg&gt;, exit status 0
13:26:49 INFO  Executed sudo&lt;tedge_pub&gt;, exit status 0
13:26:49 INFO  Executed sudo&lt;kill_out&gt;, exit status 0
13:26:49 WARN  Grep on tedge_sub.out contains "The size of the message received on tedge/measurements is 20489 which is greater than the threshold size of 16184." ... failed [run.py:88]
13:26:49 INFO  
13:26:49 INFO  cleanup:
13:26:49 INFO  mapper_cleanup
13:26:50 INFO  Executed sudo&lt;tedge_mapper_c8y&gt;, exit status 0
13:26:50 INFO  
13:26:50 INFO  Test duration: 3.12 secs
13:26:50 INFO  Test final outcome:  FAILED
13:26:50 INFO  Test outcome reason: Grep on tedge_sub.out contains "The size of the message received on tedge/measurements is 20489 which is greater than the threshold size of 16184."
13:26:50 INFO  
</system-out>
	</testcase>
</testsuite><testsuite name="tedge_software_update" tests="1" errors="0" failures="0" skipped="0" time="0"><testcase classname="PySysTest" name="tedge_software_update" />
</testsuite><testsuite name="valid_device_id" tests="1" errors="0" failures="0" skipped="0" time="0"><testcase classname="ValidateValidDeviceId" name="valid_device_id" />
</testsuite></testsuites>