<?xml version='1.0' encoding='utf-8'?>
<testsuites tests="139" failures="16" errors="0" skipped="45" time="0.0"><testsuite name="SoftwareManagement.Plugin.apama_plugin_install" tests="3" errors="0" failures="0" skipped="1" time="0"><testcase classname="ApamaPluginInstallTest" name="SoftwareManagement.Plugin.apama_plugin_install">
		<skipped message="SKIPPED: Apama plugin tests are disabled by default. Execute `pysys run` with `-XmyPlatform=container` to run these tests" />
		<system-out>11:54:47 INFO  ==============================================================
11:54:47 INFO  Id:    SoftwareManagement.Plugin.apama_plugin_install
11:54:47 INFO  Dir:   plugin_apama/
11:54:47 INFO  Title: Validate apama plugin install
11:54:47 INFO  ==============================================================
11:54:47 INFO  Apama plugin tests are disabled by default. Execute `pysys run` with `-XmyPlatform=container` to run these tests ... skipped
11:54:47 WARN  Aborted test due to SKIPPED outcome
11:54:47 INFO  
11:54:47 INFO  Test duration: 0.05 secs
11:54:47 INFO  Test final outcome:  SKIPPED
11:54:47 INFO  Test outcome reason: Apama plugin tests are disabled by default. Execute `pysys run` with `-XmyPlatform=container` to run these tests
11:54:47 INFO  
</system-out>
	</testcase>
<testcase classname="ApamaPluginInstallTest" name="SoftwareManagement.Plugin.apama_plugin_install" />
<testcase classname="ApamaPluginInstallTest" name="SoftwareManagement.Plugin.apama_plugin_install" />
</testsuite><testsuite name="SoftwareManagement.Plugin.apama_plugin_mon_support" tests="3" errors="0" failures="0" skipped="1" time="0"><testcase classname="ApamaPluginMonSupportTest" name="SoftwareManagement.Plugin.apama_plugin_mon_support">
		<skipped message="SKIPPED: Apama plugin tests are disabled by default. Execute `pysys run` with `-XmyPlatform=container` to run these tests" />
		<system-out>11:54:47 INFO  ==============================================================
11:54:47 INFO  Id:    SoftwareManagement.Plugin.apama_plugin_mon_support
11:54:47 INFO  Dir:   plugin_apama/
11:54:47 INFO  Title: Validate mon file support of apama plugin
11:54:47 INFO  ==============================================================
11:54:47 INFO  Apama plugin tests are disabled by default. Execute `pysys run` with `-XmyPlatform=container` to run these tests ... skipped
11:54:47 WARN  Aborted test due to SKIPPED outcome
11:54:47 INFO  
11:54:47 INFO  Test duration: 0.03 secs
11:54:47 INFO  Test final outcome:  SKIPPED
11:54:47 INFO  Test outcome reason: Apama plugin tests are disabled by default. Execute `pysys run` with `-XmyPlatform=container` to run these tests
11:54:47 INFO  
</system-out>
	</testcase>
<testcase classname="ApamaPluginMonSupportTest" name="SoftwareManagement.Plugin.apama_plugin_mon_support" />
<testcase classname="ApamaPluginMonSupportTest" name="SoftwareManagement.Plugin.apama_plugin_mon_support" />
</testsuite><testsuite name="SoftwareManagement.Plugin.apama_plugin_remove" tests="3" errors="0" failures="0" skipped="1" time="0"><testcase classname="ApamaPluginRemoveTest" name="SoftwareManagement.Plugin.apama_plugin_remove">
		<skipped message="SKIPPED: Apama plugin tests are disabled by default. Execute `pysys run` with `-XmyPlatform=container` to run these tests" />
		<system-out>11:54:47 INFO  ==============================================================
11:54:47 INFO  Id:    SoftwareManagement.Plugin.apama_plugin_remove
11:54:47 INFO  Dir:   plugin_apama/
11:54:47 INFO  Title: Validate apama plugin remove
11:54:47 INFO  ==============================================================
11:54:47 INFO  Apama plugin tests are disabled by default. Execute `pysys run` with `-XmyPlatform=container` to run these tests ... skipped
11:54:47 WARN  Aborted test due to SKIPPED outcome
11:54:47 INFO  
11:54:47 INFO  Test duration: 0.02 secs
11:54:47 INFO  Test final outcome:  SKIPPED
11:54:47 INFO  Test outcome reason: Apama plugin tests are disabled by default. Execute `pysys run` with `-XmyPlatform=container` to run these tests
11:54:47 INFO  
</system-out>
	</testcase>
<testcase classname="ApamaPluginRemoveTest" name="SoftwareManagement.Plugin.apama_plugin_remove" />
<testcase classname="ApamaPluginRemoveTest" name="SoftwareManagement.Plugin.apama_plugin_remove" />
</testsuite><testsuite name="SoftwareManagement.Plugin.apama_plugin_update" tests="3" errors="0" failures="2" skipped="1" time="0"><testcase classname="ApamaPluginUpdateTest" name="SoftwareManagement.Plugin.apama_plugin_update">
		<skipped message="SKIPPED: Apama plugin tests are disabled by default. Execute `pysys run` with `-XmyPlatform=container` to run these tests" />
		<system-out>11:54:47 INFO  ==============================================================
11:54:47 INFO  Id:    SoftwareManagement.Plugin.apama_plugin_update
11:54:47 INFO  Dir:   plugin_apama/
11:54:47 INFO  Title: Validate apama plugin updating one project with another
11:54:47 INFO  ==============================================================
11:54:47 INFO  Apama plugin tests are disabled by default. Execute `pysys run` with `-XmyPlatform=container` to run these tests ... skipped
11:54:47 WARN  Aborted test due to SKIPPED outcome
11:54:47 INFO  
11:54:47 INFO  Test duration: 0.03 secs
11:54:47 INFO  Test final outcome:  SKIPPED
11:54:47 INFO  Test outcome reason: Apama plugin tests are disabled by default. Execute `pysys run` with `-XmyPlatform=container` to run these tests
11:54:47 INFO  
</system-out>
	</testcase>
<testcase classname="ApamaPluginUpdateTest" name="SoftwareManagement.Plugin.apama_plugin_update">
		<failure message="BLOCKED: sudo&lt;plugin_install&gt; returned non-zero exit code 2" type="BLOCKED" />
		<system-out>12:45:54 INFO  ==============================================================
12:45:54 INFO  Id:    SoftwareManagement.Plugin.apama_plugin_update
12:45:54 INFO  Dir:   plugin_apama/
12:45:54 INFO  Title: Validate apama plugin updating one project with another
12:45:54 INFO  ==============================================================
12:45:54 INFO  Assertion that path exists=False for "/etc/tedge/apama/project" ... passed
12:45:54 INFO  Executed sudo&lt;create_project_dir&gt;, exit status 0
12:45:55 INFO  Executed sudo&lt;unzip_apama_project&gt;, exit status 0
12:45:55 INFO  Executed sudo&lt;move_apama_project&gt;, exit status 0
12:45:56 INFO  Executed sudo&lt;restart_apama_service&gt;, exit status 0
12:45:57 INFO  Executed sudo&lt;apama_correlator_wait&gt;, exit status 0
12:45:57 INFO  Assertion that path exists=True for "/etc/tedge/apama/project" ... passed
12:45:58 INFO  Executed sudo&lt;apama_list_monitors&gt;, exit status 0
12:45:58 INFO  Grep on file /home/pi/actions-runner/_work/thin-edge.io/thin-edge.io/tests/PySys/plugin_apama/apama_plugin_update/Output/linux/apama_list_monitors.out ... passed
12:45:58 WARN  Executed sudo&lt;plugin_install&gt;, exit status 2
12:45:58 INFO  Contents of plugin_install.err: 
  ERROR: Directory not empty (os error 39)
  -----

12:45:58 WARN  sudo&lt;plugin_install&gt; returned non-zero exit code 2 ... blocked [run.py:35]
12:45:58 WARN  Aborted test due to BLOCKED outcome
12:45:58 INFO  
12:45:58 INFO  cleanup:
12:45:58 INFO  Removing apama project
12:46:14 INFO  Executed sudo&lt;stop_apama_service&gt;, exit status 0, duration 15 secs
12:46:14 INFO  Executed sudo&lt;remove_apama_project&gt;, exit status 0
12:46:15 INFO  Executed sudo&lt;remove_apama_tmp_dir&gt;, exit status 0
12:46:15 INFO  
12:46:15 INFO  Test duration: 21.29 secs
12:46:15 INFO  Test final outcome:  BLOCKED
12:46:15 INFO  Test outcome reason: sudo&lt;plugin_install&gt; returned non-zero exit code 2
12:46:15 INFO  
</system-out>
	</testcase>
<testcase classname="ApamaPluginUpdateTest" name="SoftwareManagement.Plugin.apama_plugin_update">
		<failure message="BLOCKED: sudo&lt;plugin_install&gt; returned non-zero exit code 2" type="BLOCKED" />
		<system-out>12:54:32 INFO  ==============================================================
12:54:32 INFO  Id:    SoftwareManagement.Plugin.apama_plugin_update
12:54:32 INFO  Dir:   plugin_apama/
12:54:32 INFO  Title: Validate apama plugin updating one project with another
12:54:32 INFO  ==============================================================
12:54:32 INFO  Assertion that path exists=False for "/etc/tedge/apama/project" ... passed
12:54:33 INFO  Executed sudo&lt;create_project_dir&gt;, exit status 0
12:54:34 INFO  Executed sudo&lt;unzip_apama_project&gt;, exit status 0
12:54:34 INFO  Executed sudo&lt;move_apama_project&gt;, exit status 0
12:54:35 INFO  Executed sudo&lt;restart_apama_service&gt;, exit status 0
12:54:36 INFO  Executed sudo&lt;apama_correlator_wait&gt;, exit status 0
12:54:36 INFO  Assertion that path exists=True for "/etc/tedge/apama/project" ... passed
12:54:36 INFO  Executed sudo&lt;apama_list_monitors&gt;, exit status 0
12:54:36 INFO  Grep on file /home/pi/actions-runner/_work/thin-edge.io/thin-edge.io/tests/PySys/plugin_apama/apama_plugin_update/Output/linux/apama_list_monitors.out ... passed
12:54:37 WARN  Executed sudo&lt;plugin_install&gt;, exit status 2
12:54:37 INFO  Contents of plugin_install.err: 
  ERROR: Directory not empty (os error 39)
  -----

12:54:37 WARN  sudo&lt;plugin_install&gt; returned non-zero exit code 2 ... blocked [run.py:35]
12:54:37 WARN  Aborted test due to BLOCKED outcome
12:54:37 INFO  
12:54:37 INFO  cleanup:
12:54:37 INFO  Removing apama project
12:54:53 INFO  Executed sudo&lt;stop_apama_service&gt;, exit status 0, duration 15 secs
12:54:53 INFO  Executed sudo&lt;remove_apama_project&gt;, exit status 0
12:54:54 INFO  Executed sudo&lt;remove_apama_tmp_dir&gt;, exit status 0
12:54:54 INFO  
12:54:54 INFO  Test duration: 21.49 secs
12:54:54 INFO  Test final outcome:  BLOCKED
12:54:54 INFO  Test outcome reason: sudo&lt;plugin_install&gt; returned non-zero exit code 2
12:54:54 INFO  
</system-out>
	</testcase>
</testsuite><testsuite name="SoftwareManagement.sm_apt_install_download_path" tests="3" errors="0" failures="2" skipped="1" time="0"><testcase classname="AptInstallWithDownloadPath" name="SoftwareManagement.sm_apt_install_download_path">
		<skipped message="SKIPPED: Testing the apt plugin is not supported on this platform.Use parameter -XmyPlatform='container' to enable it" />
		<system-out>12:04:25 INFO  ==============================================================
12:04:25 INFO  Id:    SoftwareManagement.sm_apt_install_download_path
12:04:25 INFO  Dir:   software_management_end_to_end/
12:04:25 INFO  Title: Install package to directory specified in tedge config set tmp.path
12:04:25 INFO  ==============================================================
12:04:25 INFO  Testing the apt plugin is not supported on this platform.Use parameter -XmyPlatform='container' to enable it ... skipped
12:04:25 WARN  Aborted test due to SKIPPED outcome
12:04:25 INFO  
12:04:25 INFO  Test duration: 0.07 secs
12:04:25 INFO  Test final outcome:  SKIPPED
12:04:25 INFO  Test outcome reason: Testing the apt plugin is not supported on this platform.Use parameter -XmyPlatform='container' to enable it
12:04:25 INFO  
</system-out>
	</testcase>
<testcase classname="AptInstallWithDownloadPath" name="SoftwareManagement.sm_apt_install_download_path">
		<failure message="BLOCKED: AssertionError:" type="BLOCKED" />
		<system-out>12:28:00 INFO  ==============================================================
12:28:00 INFO  Id:    SoftwareManagement.sm_apt_install_download_path
12:28:00 INFO  Dir:   software_management_end_to_end/
12:28:00 INFO  Title: Install package to directory specified in tedge config set tmp.path
12:28:00 INFO  ==============================================================
12:28:00 INFO  Using sw id database: {'asciijump': '5475369', 'robotfindskitten': '5474869', 'squirrel3': '5475279', 'rolldice': '5152439', 'moon-buggy': '5439204', 'apple': '5495053', 'banana': '5494888', 'cherry': '5495382', 'watermelon': '5494510', 'registry': '8018911', 'hello-world': '8021526', 'docker/getting-started': '8021973', 'alpine': '7991792'}
12:28:00 INFO  EnvironmentC8y Setup
12:28:01 INFO  Executed systemctl&lt;serv_mapper1&gt;, exit status 3
12:28:15 INFO  Executed sudo&lt;tedge_connect_c8y&gt;, exit status 0, duration 14 secs
12:28:17 INFO  Executed sudo&lt;tedge_connect_c8y_test&gt;, exit status 0
12:28:18 INFO  Executed systemctl&lt;serv_mosq2&gt;, exit status 0
12:28:19 INFO  Executed systemctl&lt;serv_mapper3&gt;, exit status 0
12:28:21 ERROR No operations found, assuming it passed
12:28:21 INFO  Assert that (False == value) with value=False ... passed
12:28:22 INFO  Executed sudo, exit status 0
12:28:22 INFO  Executed sudo, exit status 0
12:28:23 INFO  Executed sudo, exit status 0
12:28:27 INFO  Executed sudo&lt;tedge_disconnect_c8y&gt;, exit status 0
12:28:27 INFO  Restarting mosquitto too frequently in the last 10 seconds. It was only up for 3 seconds
12:28:27 INFO  Delaying execution by 8 seconds
12:28:49 INFO  Executed sudo&lt;tedge_connect_c8y&gt;, exit status 0, duration 13 secs
12:28:49 INFO  Response status: 201
12:28:49 INFO  Response to action: {
    "creationTime": "2022-06-29T12:28:49.492Z",
    "deviceId": "20555342",
    "deviceName": "m32sd10d",
    "self": "https://t493319102.eu-latest.cumulocity.com/devicecontrol/operations/20610397",
    "id": "20610397",
    "status": "PENDING",
    "description": "Apply software changes, triggered from PySys: [{'name': 'rolldice', 'id': '5152439', 'version': '::apt', 'url': 'https://thin-edge-io.eu-latest.cumulocity.com/inventory/binaries/12435463', 'action': 'install'}]",
    "c8y_SoftwareUpdate": [
        {
            "name": "rolldice",
            "action": "install",
            "id": "5152439",
            "version": "::apt",
            "url": "https://thin-edge-io.eu-latest.cumulocity.com/inventory/binaries/12435463"
        }
    ]
}
12:28:49 INFO  Started operation: {'creationTime': '2022-06-29T12:28:49.492Z', 'deviceId': '20555342', 'deviceName': 'm32sd10d', 'self': 'https://t493319102.eu-latest.cumulocity.com/devicecontrol/operations/20610397', 'id': '20610397', 'status': 'PENDING', 'description': "Apply software changes, triggered from PySys: [{'name': 'rolldice', 'id': '5152439', 'version': '::apt', 'url': 'https://thin-edge-io.eu-latest.cumulocity.com/inventory/binaries/12435463', 'action': 'install'}]", 'c8y_SoftwareUpdate': [{'name': 'rolldice', 'action': 'install', 'id': '5152439', 'version': '::apt', 'url': 'https://thin-edge-io.eu-latest.cumulocity.com/inventory/binaries/12435463'}]}
12:28:49 WARN  , retrying in 0.5 seconds...
12:28:50 WARN  , retrying in 0.5 seconds...
12:28:50 WARN  , retrying in 0.5 seconds...
12:28:51 WARN  , retrying in 0.5 seconds...
12:28:51 WARN  , retrying in 0.5 seconds...
12:28:52 WARN  , retrying in 0.5 seconds...
12:28:52 WARN  , retrying in 0.5 seconds...
12:28:53 WARN  , retrying in 0.5 seconds...
12:28:53 WARN  , retrying in 0.5 seconds...
12:28:54 WARN  AssertionError occurred while running test - 
Traceback (most recent call last):
  File "/home/pi/env-pysys/lib/python3.7/site-packages/pysys/baserunner.py", line 1294, in __call__
    self.testObj.execute()
  File "/home/pi/actions-runner/_work/thin-edge.io/thin-edge.io/tests/PySys/software_management_end_to_end/sm_apt_install_download_path/run.py", line 83, in execute
    assert_install_in_download_path(install_directory=self.DOWNLOAD_DIR)
  File "/home/pi/env-pysys/lib/python3.7/site-packages/decorator.py", line 232, in fun
    return caller(func, *(extras + args), **kw)
  File "/home/pi/env-pysys/lib/python3.7/site-packages/retry/api.py", line 74, in retry_decorator
    logger)
  File "/home/pi/env-pysys/lib/python3.7/site-packages/retry/api.py", line 33, in __retry_internal
    return f()
  File "/home/pi/actions-runner/_work/thin-edge.io/thin-edge.io/tests/PySys/software_management_end_to_end/sm_apt_install_download_path/run.py", line 28, in assert_install_in_download_path
    assert "rolldice" in os.listdir(f"{install_directory}")
AssertionError
12:28:54 WARN  AssertionError: ... blocked 
12:28:54 INFO  
12:28:54 INFO  cleanup:
12:28:55 INFO  Executed sudo, exit status 0
12:28:56 INFO  Executed sudo, exit status 0
12:29:00 INFO  Executed sudo&lt;tedge_disconnect_c8y&gt;, exit status 0
12:29:00 INFO  Restarting mosquitto too frequently in the last 10 seconds. It was only up for 4 seconds
12:29:00 INFO  Delaying execution by 7 seconds
12:29:21 INFO  Executed sudo&lt;tedge_connect_c8y&gt;, exit status 0, duration 14 secs
12:29:25 INFO  Executed sudo&lt;tedge_disconnect_c8y&gt;, exit status 0
12:29:26 INFO  Executed systemctl&lt;serv_mapper5&gt;, exit status 3
12:29:26 INFO  
12:29:26 INFO  Test duration: 85.73 secs
12:29:26 INFO  Test final outcome:  BLOCKED
12:29:26 INFO  Test outcome reason: AssertionError:
12:29:26 INFO  
</system-out>
	</testcase>
<testcase classname="AptInstallWithDownloadPath" name="SoftwareManagement.sm_apt_install_download_path">
		<failure message="BLOCKED: AssertionError:" type="BLOCKED" />
		<system-out>12:54:54 INFO  ==============================================================
12:54:54 INFO  Id:    SoftwareManagement.sm_apt_install_download_path
12:54:54 INFO  Dir:   software_management_end_to_end/
12:54:54 INFO  Title: Install package to directory specified in tedge config set tmp.path
12:54:54 INFO  ==============================================================
12:54:55 INFO  Using sw id database: {'asciijump': '5475369', 'robotfindskitten': '5474869', 'squirrel3': '5475279', 'rolldice': '5152439', 'moon-buggy': '5439204', 'apple': '5495053', 'banana': '5494888', 'cherry': '5495382', 'watermelon': '5494510', 'registry': '8018911', 'hello-world': '8021526', 'docker/getting-started': '8021973', 'alpine': '7991792'}
12:54:55 INFO  EnvironmentC8y Setup
12:54:56 INFO  Executed systemctl&lt;serv_mapper1&gt;, exit status 3
12:55:10 INFO  Executed sudo&lt;tedge_connect_c8y&gt;, exit status 0, duration 14 secs
12:55:11 INFO  Executed sudo&lt;tedge_connect_c8y_test&gt;, exit status 0
12:55:11 INFO  Executed systemctl&lt;serv_mosq2&gt;, exit status 0
12:55:12 INFO  Executed systemctl&lt;serv_mapper3&gt;, exit status 0
12:55:14 INFO  State of current operation: SUCCESSFUL
12:55:14 INFO  Assert that (False == value) with value=False ... passed
12:55:15 INFO  Executed sudo, exit status 0
12:55:15 INFO  Executed sudo, exit status 0
12:55:16 INFO  Executed sudo, exit status 0
12:55:20 INFO  Executed sudo&lt;tedge_disconnect_c8y&gt;, exit status 0
12:55:20 INFO  Restarting mosquitto too frequently in the last 10 seconds. It was only up for 3 seconds
12:55:20 INFO  Delaying execution by 8 seconds
12:55:42 INFO  Executed sudo&lt;tedge_connect_c8y&gt;, exit status 0, duration 13 secs
12:55:42 INFO  Response status: 201
12:55:42 INFO  Response to action: {
    "creationTime": "2022-06-29T12:55:42.401Z",
    "deviceId": "20555342",
    "deviceName": "m32sd10d",
    "self": "https://t493319102.eu-latest.cumulocity.com/devicecontrol/operations/20610581",
    "id": "20610581",
    "status": "PENDING",
    "description": "Apply software changes, triggered from PySys: [{'name': 'rolldice', 'id': '5152439', 'version': '::apt', 'url': 'https://thin-edge-io.eu-latest.cumulocity.com/inventory/binaries/12435463', 'action': 'install'}]",
    "c8y_SoftwareUpdate": [
        {
            "name": "rolldice",
            "action": "install",
            "id": "5152439",
            "version": "::apt",
            "url": "https://thin-edge-io.eu-latest.cumulocity.com/inventory/binaries/12435463"
        }
    ]
}
12:55:42 INFO  Started operation: {'creationTime': '2022-06-29T12:55:42.401Z', 'deviceId': '20555342', 'deviceName': 'm32sd10d', 'self': 'https://t493319102.eu-latest.cumulocity.com/devicecontrol/operations/20610581', 'id': '20610581', 'status': 'PENDING', 'description': "Apply software changes, triggered from PySys: [{'name': 'rolldice', 'id': '5152439', 'version': '::apt', 'url': 'https://thin-edge-io.eu-latest.cumulocity.com/inventory/binaries/12435463', 'action': 'install'}]", 'c8y_SoftwareUpdate': [{'name': 'rolldice', 'action': 'install', 'id': '5152439', 'version': '::apt', 'url': 'https://thin-edge-io.eu-latest.cumulocity.com/inventory/binaries/12435463'}]}
12:55:42 WARN  , retrying in 0.5 seconds...
12:55:42 WARN  , retrying in 0.5 seconds...
12:55:43 WARN  , retrying in 0.5 seconds...
12:55:43 WARN  , retrying in 0.5 seconds...
12:55:44 WARN  , retrying in 0.5 seconds...
12:55:44 WARN  , retrying in 0.5 seconds...
12:55:45 WARN  , retrying in 0.5 seconds...
12:55:45 WARN  , retrying in 0.5 seconds...
12:55:46 WARN  , retrying in 0.5 seconds...
12:55:47 WARN  AssertionError occurred while running test - 
Traceback (most recent call last):
  File "/home/pi/env-pysys/lib/python3.7/site-packages/pysys/baserunner.py", line 1294, in __call__
    self.testObj.execute()
  File "/home/pi/actions-runner/_work/thin-edge.io/thin-edge.io/tests/PySys/software_management_end_to_end/sm_apt_install_download_path/run.py", line 83, in execute
    assert_install_in_download_path(install_directory=self.DOWNLOAD_DIR)
  File "/home/pi/env-pysys/lib/python3.7/site-packages/decorator.py", line 232, in fun
    return caller(func, *(extras + args), **kw)
  File "/home/pi/env-pysys/lib/python3.7/site-packages/retry/api.py", line 74, in retry_decorator
    logger)
  File "/home/pi/env-pysys/lib/python3.7/site-packages/retry/api.py", line 33, in __retry_internal
    return f()
  File "/home/pi/actions-runner/_work/thin-edge.io/thin-edge.io/tests/PySys/software_management_end_to_end/sm_apt_install_download_path/run.py", line 28, in assert_install_in_download_path
    assert "rolldice" in os.listdir(f"{install_directory}")
AssertionError
12:55:47 WARN  AssertionError: ... blocked 
12:55:47 INFO  
12:55:47 INFO  cleanup:
12:55:47 INFO  Executed sudo, exit status 0
12:55:48 INFO  Executed sudo, exit status 0
12:55:52 INFO  Executed sudo&lt;tedge_disconnect_c8y&gt;, exit status 0
12:55:52 INFO  Restarting mosquitto too frequently in the last 10 seconds. It was only up for 4 seconds
12:55:52 INFO  Delaying execution by 7 seconds
12:56:13 INFO  Executed sudo&lt;tedge_connect_c8y&gt;, exit status 0, duration 13 secs
12:56:17 INFO  Executed sudo&lt;tedge_disconnect_c8y&gt;, exit status 0
12:56:18 INFO  Executed systemctl&lt;serv_mapper5&gt;, exit status 3
12:56:18 INFO  
12:56:18 INFO  Test duration: 83.70 secs
12:56:18 INFO  Test final outcome:  BLOCKED
12:56:18 INFO  Test outcome reason: AssertionError:
12:56:18 INFO  
</system-out>
	</testcase>
</testsuite><testsuite name="SoftwareManagement.sm_apt_install_fail" tests="3" errors="0" failures="0" skipped="1" time="0"><testcase classname="PySysTest" name="SoftwareManagement.sm_apt_install_fail">
		<skipped message="SKIPPED: Testing the apt plugin is not supported on this platform.Use parameter -XmyPlatform='container' to enable it" />
		<system-out>12:04:25 INFO  ==============================================================
12:04:25 INFO  Id:    SoftwareManagement.sm_apt_install_fail
12:04:25 INFO  Dir:   software_management_end_to_end/
12:04:25 INFO  Title: Validate end to end behaviour for a failing installation
12:04:25 INFO  ==============================================================
12:04:25 INFO  Testing the apt plugin is not supported on this platform.Use parameter -XmyPlatform='container' to enable it ... skipped
12:04:25 WARN  Aborted test due to SKIPPED outcome
12:04:25 INFO  
12:04:25 INFO  Test duration: 0.02 secs
12:04:25 INFO  Test final outcome:  SKIPPED
12:04:25 INFO  Test outcome reason: Testing the apt plugin is not supported on this platform.Use parameter -XmyPlatform='container' to enable it
12:04:25 INFO  
</system-out>
	</testcase>
<testcase classname="PySysTest" name="SoftwareManagement.sm_apt_install_fail" />
<testcase classname="PySysTest" name="SoftwareManagement.sm_apt_install_fail" />
</testsuite><testsuite name="SoftwareManagement.sm_apt_install_remove" tests="3" errors="0" failures="0" skipped="1" time="0"><testcase classname="PySysTest" name="SoftwareManagement.sm_apt_install_remove">
		<skipped message="SKIPPED: Testing the apt plugin is not supported on this platform.Use parameter -XmyPlatform='container' to enable it" />
		<system-out>12:04:25 INFO  ==============================================================
12:04:25 INFO  Id:    SoftwareManagement.sm_apt_install_remove
12:04:25 INFO  Dir:   software_management_end_to_end/
12:04:25 INFO  Title: Validate end to end behaviour for the apt plugin for installation and removal of packages
12:04:25 INFO  ==============================================================
12:04:25 INFO  Testing the apt plugin is not supported on this platform.Use parameter -XmyPlatform='container' to enable it ... skipped
12:04:25 WARN  Aborted test due to SKIPPED outcome
12:04:25 INFO  
12:04:25 INFO  Test duration: 0.02 secs
12:04:25 INFO  Test final outcome:  SKIPPED
12:04:25 INFO  Test outcome reason: Testing the apt plugin is not supported on this platform.Use parameter -XmyPlatform='container' to enable it
12:04:25 INFO  
</system-out>
	</testcase>
<testcase classname="PySysTest" name="SoftwareManagement.sm_apt_install_remove" />
<testcase classname="PySysTest" name="SoftwareManagement.sm_apt_install_remove" />
</testsuite><testsuite name="SoftwareManagement.sm_apt_install_remove_default" tests="3" errors="0" failures="0" skipped="1" time="0"><testcase classname="PySysTest" name="SoftwareManagement.sm_apt_install_remove_default">
		<skipped message="SKIPPED: Testing the apt plugin is not supported on this platform.Use parameter -XmyPlatform='container' to enable it" />
		<system-out>12:04:25 INFO  ==============================================================
12:04:25 INFO  Id:    SoftwareManagement.sm_apt_install_remove_default
12:04:25 INFO  Dir:   software_management_end_to_end/
12:04:25 INFO  Title: Validate end to end behaviour for the default plugin for installation and removal of packages
12:04:25 INFO  ==============================================================
12:04:25 INFO  Testing the apt plugin is not supported on this platform.Use parameter -XmyPlatform='container' to enable it ... skipped
12:04:25 WARN  Aborted test due to SKIPPED outcome
12:04:25 INFO  
12:04:25 INFO  Test duration: 0.02 secs
12:04:25 INFO  Test final outcome:  SKIPPED
12:04:25 INFO  Test outcome reason: Testing the apt plugin is not supported on this platform.Use parameter -XmyPlatform='container' to enable it
12:04:25 INFO  
</system-out>
	</testcase>
<testcase classname="PySysTest" name="SoftwareManagement.sm_apt_install_remove_default" />
<testcase classname="PySysTest" name="SoftwareManagement.sm_apt_install_remove_default" />
</testsuite><testsuite name="SoftwareManagement.sm_apt_install_remove_multiple" tests="3" errors="0" failures="2" skipped="1" time="0"><testcase classname="PySysTest" name="SoftwareManagement.sm_apt_install_remove_multiple">
		<skipped message="SKIPPED: Testing the apt plugin is not supported on this platform.Use parameter -XmyPlatform='container' to enable it" />
		<system-out>12:04:25 INFO  ==============================================================
12:04:25 INFO  Id:    SoftwareManagement.sm_apt_install_remove_multiple
12:04:25 INFO  Dir:   software_management_end_to_end/
12:04:25 INFO  Title: Validate end to end behaviour for the apt plugin for multiple packages
12:04:25 INFO  ==============================================================
12:04:25 INFO  Testing the apt plugin is not supported on this platform.Use parameter -XmyPlatform='container' to enable it ... skipped
12:04:25 WARN  Aborted test due to SKIPPED outcome
12:04:25 INFO  
12:04:25 INFO  Test duration: 0.03 secs
12:04:25 INFO  Test final outcome:  SKIPPED
12:04:25 INFO  Test outcome reason: Testing the apt plugin is not supported on this platform.Use parameter -XmyPlatform='container' to enable it
12:04:25 INFO  
</system-out>
	</testcase>
<testcase classname="PySysTest" name="SoftwareManagement.sm_apt_install_remove_multiple">
		<failure message="FAILED: Assert that (False == value) with value=True" type="FAILED" />
		<system-out>12:36:10 INFO  ==============================================================
12:36:10 INFO  Id:    SoftwareManagement.sm_apt_install_remove_multiple
12:36:10 INFO  Dir:   software_management_end_to_end/
12:36:10 INFO  Title: Validate end to end behaviour for the apt plugin for multiple packages
12:36:10 INFO  ==============================================================
12:36:10 INFO  Using sw id database: {'asciijump': '5475369', 'robotfindskitten': '5474869', 'squirrel3': '5475279', 'rolldice': '5152439', 'moon-buggy': '5439204', 'apple': '5495053', 'banana': '5494888', 'cherry': '5495382', 'watermelon': '5494510', 'registry': '8018911', 'hello-world': '8021526', 'docker/getting-started': '8021973', 'alpine': '7991792'}
12:36:10 INFO  EnvironmentC8y Setup
12:36:11 INFO  Executed systemctl&lt;serv_mapper1&gt;, exit status 3
12:36:11 INFO  Restarting mosquitto too frequently in the last 10 seconds. It was only up for 5 seconds
12:36:11 INFO  Delaying execution by 6 seconds
12:36:31 INFO  Executed sudo&lt;tedge_connect_c8y&gt;, exit status 0, duration 13 secs
12:36:32 INFO  Executed sudo&lt;tedge_connect_c8y_test&gt;, exit status 0
12:36:32 INFO  Executed systemctl&lt;serv_mosq2&gt;, exit status 0
12:36:33 INFO  Executed systemctl&lt;serv_mapper3&gt;, exit status 0
12:36:35 INFO  State of current operation: SUCCESSFUL
12:36:35 INFO  Assert that (False == value) with value=False ... passed
12:36:35 INFO  Assert that (False == value) with value=False ... passed
12:36:36 INFO  Assert that (False == value) with value=False ... passed
12:36:36 INFO  Package robotfindskitten is installed
12:36:36 WARN  Assert that (False == value) with value=True ... failed 
12:36:36 INFO  Response status: 201
12:36:36 INFO  Response to action: {
    "delivery": {
        "log": [],
        "time": "2022-06-29T12:36:36.491Z",
        "status": "PENDING"
    },
    "creationTime": "2022-06-29T12:36:36.475Z",
    "deviceId": "20555342",
    "deviceName": "m32sd10d",
    "self": "https://t493319102.eu-latest.cumulocity.com/devicecontrol/operations/20610470",
    "id": "20610470",
    "status": "PENDING",
    "description": "Apply software changes, triggered from PySys: [{'action': 'install', 'id': '5475369', 'name': 'asciijump', 'url': ' ', 'version': '::apt'}, {'action': 'install', 'id': '5474869', 'name': 'robotfindskitten', 'url': ' ', 'version': '::apt'}, {'action': 'install', 'id': '5475279', 'name': 'squirrel3', 'url': ' ', 'version': '::apt'}]",
    "c8y_SoftwareUpdate": [
        {
            "name": "asciijump",
            "action": "install",
            "id": "5475369",
            "version": "::apt",
            "url": " "
        },
        {
            "name": "robotfindskitten",
            "action": "install",
            "id": "5474869",
            "version": "::apt",
            "url": " "
        },
        {
            "name": "squirrel3",
            "action": "install",
            "id": "5475279",
            "version": "::apt",
            "url": " "
        }
    ]
}
12:36:36 INFO  Started operation: {'delivery': {'log': [], 'time': '2022-06-29T12:36:36.491Z', 'status': 'PENDING'}, 'creationTime': '2022-06-29T12:36:36.475Z', 'deviceId': '20555342', 'deviceName': 'm32sd10d', 'self': 'https://t493319102.eu-latest.cumulocity.com/devicecontrol/operations/20610470', 'id': '20610470', 'status': 'PENDING', 'description': "Apply software changes, triggered from PySys: [{'action': 'install', 'id': '5475369', 'name': 'asciijump', 'url': ' ', 'version': '::apt'}, {'action': 'install', 'id': '5474869', 'name': 'robotfindskitten', 'url': ' ', 'version': '::apt'}, {'action': 'install', 'id': '5475279', 'name': 'squirrel3', 'url': ' ', 'version': '::apt'}]", 'c8y_SoftwareUpdate': [{'name': 'asciijump', 'action': 'install', 'id': '5475369', 'version': '::apt', 'url': ' '}, {'name': 'robotfindskitten', 'action': 'install', 'id': '5474869', 'version': '::apt', 'url': ' '}, {'name': 'squirrel3', 'action': 'install', 'id': '5475279', 'version': '::apt', 'url': ' '}]}
12:36:38 INFO  State of operation 20610470 : PENDING
12:36:40 INFO  State of operation 20610470 : EXECUTING
12:36:43 INFO  State of operation 20610470 : EXECUTING
12:36:45 INFO  State of operation 20610470 : EXECUTING
12:36:47 INFO  State of operation 20610470 : EXECUTING
12:36:49 INFO  State of operation 20610470 : EXECUTING
12:36:52 INFO  State of operation 20610470 : EXECUTING
12:36:55 INFO  State of operation 20610470 : EXECUTING
12:36:57 INFO  State of operation 20610470 : EXECUTING
12:36:59 INFO  State of operation 20610470 : EXECUTING
12:37:02 INFO  State of operation 20610470 : EXECUTING
12:37:04 INFO  State of operation 20610470 : EXECUTING
12:37:06 INFO  State of operation 20610470 : EXECUTING
12:37:08 INFO  State of operation 20610470 : EXECUTING
12:37:11 INFO  State of operation 20610470 : EXECUTING
12:37:13 INFO  State of operation 20610470 : EXECUTING
12:37:15 INFO  State of operation 20610470 : EXECUTING
12:37:18 INFO  State of operation 20610470 : EXECUTING
12:37:20 INFO  State of operation 20610470 : EXECUTING
12:37:22 INFO  State of operation 20610470 : EXECUTING
12:37:25 INFO  State of operation 20610470 : EXECUTING
12:37:27 INFO  State of operation 20610470 : EXECUTING
12:37:29 INFO  State of operation 20610470 : EXECUTING
12:37:32 INFO  State of operation 20610470 : EXECUTING
12:37:34 INFO  State of operation 20610470 : EXECUTING
12:37:36 INFO  State of operation 20610470 : EXECUTING
12:37:39 INFO  State of operation 20610470 : EXECUTING
12:37:41 INFO  State of operation 20610470 : EXECUTING
12:37:43 INFO  State of operation 20610470 : EXECUTING
12:37:45 INFO  State of operation 20610470 : EXECUTING
12:37:48 INFO  State of operation 20610470 : EXECUTING
12:37:50 INFO  State of operation 20610470 : EXECUTING
12:37:52 INFO  State of operation 20610470 : EXECUTING
12:37:54 INFO  State of operation 20610470 : EXECUTING
12:37:56 INFO  State of operation 20610470 : SUCCESSFUL
12:37:57 INFO  Assert that (False == value) with value=False ... passed
12:37:57 INFO  Package asciijump is installed
12:37:57 INFO  Assert that (True == value) with value=True ... passed
12:37:57 INFO  Package squirrel3 is installed
12:37:57 INFO  Assert that (True == value) with value=True ... passed
12:37:57 INFO  Package robotfindskitten is installed
12:37:57 INFO  Assert that (True == value) with value=True ... passed
12:37:58 INFO  Response status: 201
12:37:58 INFO  Response to action: {
    "delivery": {
        "log": [],
        "time": "2022-06-29T12:37:58.150Z",
        "status": "PENDING"
    },
    "creationTime": "2022-06-29T12:37:58.131Z",
    "deviceId": "20555342",
    "deviceName": "m32sd10d",
    "self": "https://t493319102.eu-latest.cumulocity.com/devicecontrol/operations/20610487",
    "id": "20610487",
    "status": "PENDING",
    "description": "Apply software changes, triggered from PySys: [{'action': 'delete', 'id': '5475369', 'name': 'asciijump', 'url': ' ', 'version': '::apt'}, {'action': 'delete', 'id': '5474869', 'name': 'robotfindskitten', 'url': ' ', 'version': '::apt'}, {'action': 'delete', 'id': '5475279', 'name': 'squirrel3', 'url': ' ', 'version': '::apt'}]",
    "c8y_SoftwareUpdate": [
        {
            "name": "asciijump",
            "action": "delete",
            "id": "5475369",
            "version": "::apt",
            "url": " "
        },
        {
            "name": "robotfindskitten",
            "action": "delete",
            "id": "5474869",
            "version": "::apt",
            "url": " "
        },
        {
            "name": "squirrel3",
            "action": "delete",
            "id": "5475279",
            "version": "::apt",
            "url": " "
        }
    ]
}
12:37:58 INFO  Started operation: {'delivery': {'log': [], 'time': '2022-06-29T12:37:58.150Z', 'status': 'PENDING'}, 'creationTime': '2022-06-29T12:37:58.131Z', 'deviceId': '20555342', 'deviceName': 'm32sd10d', 'self': 'https://t493319102.eu-latest.cumulocity.com/devicecontrol/operations/20610487', 'id': '20610487', 'status': 'PENDING', 'description': "Apply software changes, triggered from PySys: [{'action': 'delete', 'id': '5475369', 'name': 'asciijump', 'url': ' ', 'version': '::apt'}, {'action': 'delete', 'id': '5474869', 'name': 'robotfindskitten', 'url': ' ', 'version': '::apt'}, {'action': 'delete', 'id': '5475279', 'name': 'squirrel3', 'url': ' ', 'version': '::apt'}]", 'c8y_SoftwareUpdate': [{'name': 'asciijump', 'action': 'delete', 'id': '5475369', 'version': '::apt', 'url': ' '}, {'name': 'robotfindskitten', 'action': 'delete', 'id': '5474869', 'version': '::apt', 'url': ' '}, {'name': 'squirrel3', 'action': 'delete', 'id': '5475279', 'version': '::apt', 'url': ' '}]}
12:38:00 INFO  State of operation 20610487 : PENDING
12:38:02 INFO  State of operation 20610487 : EXECUTING
12:38:04 INFO  State of operation 20610487 : EXECUTING
12:38:07 INFO  State of operation 20610487 : EXECUTING
12:38:09 INFO  State of operation 20610487 : EXECUTING
12:38:11 INFO  State of operation 20610487 : EXECUTING
12:38:14 INFO  State of operation 20610487 : EXECUTING
12:38:17 INFO  State of operation 20610487 : EXECUTING
12:38:19 INFO  State of operation 20610487 : EXECUTING
12:38:21 INFO  State of operation 20610487 : EXECUTING
12:38:24 INFO  State of operation 20610487 : EXECUTING
12:38:26 INFO  State of operation 20610487 : EXECUTING
12:38:28 INFO  State of operation 20610487 : EXECUTING
12:38:30 INFO  State of operation 20610487 : EXECUTING
12:38:33 INFO  State of operation 20610487 : EXECUTING
12:38:35 INFO  State of operation 20610487 : EXECUTING
12:38:38 INFO  State of operation 20610487 : EXECUTING
12:38:40 INFO  State of operation 20610487 : EXECUTING
12:38:43 INFO  State of operation 20610487 : EXECUTING
12:38:45 INFO  State of operation 20610487 : EXECUTING
12:38:47 INFO  State of operation 20610487 : EXECUTING
12:38:49 INFO  State of operation 20610487 : EXECUTING
12:38:52 INFO  State of operation 20610487 : EXECUTING
12:38:54 INFO  State of operation 20610487 : EXECUTING
12:38:57 INFO  State of operation 20610487 : EXECUTING
12:38:59 INFO  State of operation 20610487 : EXECUTING
12:39:01 INFO  State of operation 20610487 : EXECUTING
12:39:03 INFO  State of operation 20610487 : SUCCESSFUL
12:39:04 INFO  Assert that (False == value) with value=False ... passed
12:39:04 INFO  Assert that (False == value) with value=False ... passed
12:39:04 INFO  Assert that (False == value) with value=False ... passed
12:39:05 INFO  Assert that (False == value) with value=False ... passed
12:39:05 INFO  
12:39:05 INFO  cleanup:
12:39:09 INFO  Executed sudo&lt;tedge_disconnect_c8y&gt;, exit status 0
12:39:09 INFO  Executed systemctl&lt;serv_mapper5&gt;, exit status 3
12:39:09 INFO  
12:39:09 INFO  Test duration: 178.66 secs
12:39:09 INFO  Test final outcome:  FAILED
12:39:09 INFO  Test outcome reason: Assert that (False == value) with value=True
12:39:09 INFO  
</system-out>
	</testcase>
<testcase classname="PySysTest" name="SoftwareManagement.sm_apt_install_remove_multiple">
		<failure message="FAILED: Assert that (False == value) with value=True (+2 other failures)" type="FAILED" />
		<system-out>13:02:49 INFO  ==============================================================
13:02:49 INFO  Id:    SoftwareManagement.sm_apt_install_remove_multiple
13:02:49 INFO  Dir:   software_management_end_to_end/
13:02:49 INFO  Title: Validate end to end behaviour for the apt plugin for multiple packages
13:02:49 INFO  ==============================================================
13:02:49 INFO  Using sw id database: {'asciijump': '5475369', 'robotfindskitten': '5474869', 'squirrel3': '5475279', 'rolldice': '5152439', 'moon-buggy': '5439204', 'apple': '5495053', 'banana': '5494888', 'cherry': '5495382', 'watermelon': '5494510', 'registry': '8018911', 'hello-world': '8021526', 'docker/getting-started': '8021973', 'alpine': '7991792'}
13:02:49 INFO  EnvironmentC8y Setup
13:02:50 INFO  Executed systemctl&lt;serv_mapper1&gt;, exit status 3
13:02:50 INFO  Restarting mosquitto too frequently in the last 10 seconds. It was only up for 5 seconds
13:02:50 INFO  Delaying execution by 6 seconds
13:03:09 INFO  Executed sudo&lt;tedge_connect_c8y&gt;, exit status 0, duration 13 secs
13:03:10 INFO  Executed sudo&lt;tedge_connect_c8y_test&gt;, exit status 0
13:03:11 INFO  Executed systemctl&lt;serv_mosq2&gt;, exit status 0
13:03:11 INFO  Executed systemctl&lt;serv_mapper3&gt;, exit status 0
13:03:13 INFO  State of current operation: SUCCESSFUL
13:03:14 INFO  Assert that (False == value) with value=False ... passed
13:03:14 INFO  Package asciijump is installed
13:03:14 WARN  Assert that (False == value) with value=True ... failed 
13:03:14 INFO  Package squirrel3 is installed
13:03:14 WARN  Assert that (False == value) with value=True ... failed 
13:03:15 INFO  Package robotfindskitten is installed
13:03:15 WARN  Assert that (False == value) with value=True ... failed 
13:03:15 INFO  Response status: 201
13:03:15 INFO  Response to action: {
    "delivery": {
        "log": [],
        "time": "2022-06-29T13:03:15.307Z",
        "status": "PENDING"
    },
    "creationTime": "2022-06-29T13:03:15.289Z",
    "deviceId": "20555342",
    "deviceName": "m32sd10d",
    "self": "https://t493319102.eu-latest.cumulocity.com/devicecontrol/operations/20610643",
    "id": "20610643",
    "status": "PENDING",
    "description": "Apply software changes, triggered from PySys: [{'action': 'install', 'id': '5475369', 'name': 'asciijump', 'url': ' ', 'version': '::apt'}, {'action': 'install', 'id': '5474869', 'name': 'robotfindskitten', 'url': ' ', 'version': '::apt'}, {'action': 'install', 'id': '5475279', 'name': 'squirrel3', 'url': ' ', 'version': '::apt'}]",
    "c8y_SoftwareUpdate": [
        {
            "name": "asciijump",
            "action": "install",
            "id": "5475369",
            "version": "::apt",
            "url": " "
        },
        {
            "name": "robotfindskitten",
            "action": "install",
            "id": "5474869",
            "version": "::apt",
            "url": " "
        },
        {
            "name": "squirrel3",
            "action": "install",
            "id": "5475279",
            "version": "::apt",
            "url": " "
        }
    ]
}
13:03:15 INFO  Started operation: {'delivery': {'log': [], 'time': '2022-06-29T13:03:15.307Z', 'status': 'PENDING'}, 'creationTime': '2022-06-29T13:03:15.289Z', 'deviceId': '20555342', 'deviceName': 'm32sd10d', 'self': 'https://t493319102.eu-latest.cumulocity.com/devicecontrol/operations/20610643', 'id': '20610643', 'status': 'PENDING', 'description': "Apply software changes, triggered from PySys: [{'action': 'install', 'id': '5475369', 'name': 'asciijump', 'url': ' ', 'version': '::apt'}, {'action': 'install', 'id': '5474869', 'name': 'robotfindskitten', 'url': ' ', 'version': '::apt'}, {'action': 'install', 'id': '5475279', 'name': 'squirrel3', 'url': ' ', 'version': '::apt'}]", 'c8y_SoftwareUpdate': [{'name': 'asciijump', 'action': 'install', 'id': '5475369', 'version': '::apt', 'url': ' '}, {'name': 'robotfindskitten', 'action': 'install', 'id': '5474869', 'version': '::apt', 'url': ' '}, {'name': 'squirrel3', 'action': 'install', 'id': '5475279', 'version': '::apt', 'url': ' '}]}
13:03:17 INFO  State of operation 20610643 : PENDING
13:03:19 INFO  State of operation 20610643 : EXECUTING
13:03:21 INFO  State of operation 20610643 : EXECUTING
13:03:24 INFO  State of operation 20610643 : EXECUTING
13:03:26 INFO  State of operation 20610643 : EXECUTING
13:03:28 INFO  State of operation 20610643 : EXECUTING
13:03:31 INFO  State of operation 20610643 : EXECUTING
13:03:34 INFO  State of operation 20610643 : EXECUTING
13:03:36 INFO  State of operation 20610643 : EXECUTING
13:03:39 INFO  State of operation 20610643 : EXECUTING
13:03:41 INFO  State of operation 20610643 : EXECUTING
13:03:43 INFO  State of operation 20610643 : EXECUTING
13:03:45 INFO  State of operation 20610643 : EXECUTING
13:03:47 INFO  State of operation 20610643 : EXECUTING
13:03:50 INFO  State of operation 20610643 : EXECUTING
13:03:52 INFO  State of operation 20610643 : SUCCESSFUL
13:03:52 INFO  Assert that (False == value) with value=False ... passed
13:03:52 INFO  Package asciijump is installed
13:03:52 INFO  Assert that (True == value) with value=True ... passed
13:03:53 INFO  Package squirrel3 is installed
13:03:53 INFO  Assert that (True == value) with value=True ... passed
13:03:53 INFO  Package robotfindskitten is installed
13:03:53 INFO  Assert that (True == value) with value=True ... passed
13:03:53 INFO  Response status: 201
13:03:53 INFO  Response to action: {
    "delivery": {
        "log": [],
        "time": "2022-06-29T13:03:53.660Z",
        "status": "PENDING"
    },
    "creationTime": "2022-06-29T13:03:53.632Z",
    "deviceId": "20555342",
    "deviceName": "m32sd10d",
    "self": "https://t493319102.eu-latest.cumulocity.com/devicecontrol/operations/20610655",
    "id": "20610655",
    "status": "PENDING",
    "description": "Apply software changes, triggered from PySys: [{'action': 'delete', 'id': '5475369', 'name': 'asciijump', 'url': ' ', 'version': '::apt'}, {'action': 'delete', 'id': '5474869', 'name': 'robotfindskitten', 'url': ' ', 'version': '::apt'}, {'action': 'delete', 'id': '5475279', 'name': 'squirrel3', 'url': ' ', 'version': '::apt'}]",
    "c8y_SoftwareUpdate": [
        {
            "name": "asciijump",
            "action": "delete",
            "id": "5475369",
            "version": "::apt",
            "url": " "
        },
        {
            "name": "robotfindskitten",
            "action": "delete",
            "id": "5474869",
            "version": "::apt",
            "url": " "
        },
        {
            "name": "squirrel3",
            "action": "delete",
            "id": "5475279",
            "version": "::apt",
            "url": " "
        }
    ]
}
13:03:53 INFO  Started operation: {'delivery': {'log': [], 'time': '2022-06-29T13:03:53.660Z', 'status': 'PENDING'}, 'creationTime': '2022-06-29T13:03:53.632Z', 'deviceId': '20555342', 'deviceName': 'm32sd10d', 'self': 'https://t493319102.eu-latest.cumulocity.com/devicecontrol/operations/20610655', 'id': '20610655', 'status': 'PENDING', 'description': "Apply software changes, triggered from PySys: [{'action': 'delete', 'id': '5475369', 'name': 'asciijump', 'url': ' ', 'version': '::apt'}, {'action': 'delete', 'id': '5474869', 'name': 'robotfindskitten', 'url': ' ', 'version': '::apt'}, {'action': 'delete', 'id': '5475279', 'name': 'squirrel3', 'url': ' ', 'version': '::apt'}]", 'c8y_SoftwareUpdate': [{'name': 'asciijump', 'action': 'delete', 'id': '5475369', 'version': '::apt', 'url': ' '}, {'name': 'robotfindskitten', 'action': 'delete', 'id': '5474869', 'version': '::apt', 'url': ' '}, {'name': 'squirrel3', 'action': 'delete', 'id': '5475279', 'version': '::apt', 'url': ' '}]}
13:03:55 INFO  State of operation 20610655 : PENDING
13:03:58 INFO  State of operation 20610655 : EXECUTING
13:04:00 INFO  State of operation 20610655 : EXECUTING
13:04:02 INFO  State of operation 20610655 : EXECUTING
13:04:04 INFO  State of operation 20610655 : EXECUTING
13:04:07 INFO  State of operation 20610655 : EXECUTING
13:04:09 INFO  State of operation 20610655 : EXECUTING
13:04:12 INFO  State of operation 20610655 : EXECUTING
13:04:14 INFO  State of operation 20610655 : EXECUTING
13:04:17 INFO  State of operation 20610655 : EXECUTING
13:04:19 INFO  State of operation 20610655 : EXECUTING
13:04:21 INFO  State of operation 20610655 : EXECUTING
13:04:24 INFO  State of operation 20610655 : EXECUTING
13:04:26 INFO  State of operation 20610655 : EXECUTING
13:04:28 INFO  State of operation 20610655 : EXECUTING
13:04:30 INFO  State of operation 20610655 : EXECUTING
13:04:33 INFO  State of operation 20610655 : EXECUTING
13:04:36 INFO  State of operation 20610655 : EXECUTING
13:04:38 INFO  State of operation 20610655 : EXECUTING
13:04:40 INFO  State of operation 20610655 : EXECUTING
13:04:43 INFO  State of operation 20610655 : EXECUTING
13:04:45 INFO  State of operation 20610655 : EXECUTING
13:04:47 INFO  State of operation 20610655 : EXECUTING
13:04:49 INFO  State of operation 20610655 : EXECUTING
13:04:52 INFO  State of operation 20610655 : EXECUTING
13:04:54 INFO  State of operation 20610655 : EXECUTING
13:04:57 INFO  State of operation 20610655 : EXECUTING
13:04:59 INFO  State of operation 20610655 : EXECUTING
13:05:01 INFO  State of operation 20610655 : SUCCESSFUL
13:05:01 INFO  Assert that (False == value) with value=False ... passed
13:05:02 INFO  Assert that (False == value) with value=False ... passed
13:05:02 INFO  Assert that (False == value) with value=False ... passed
13:05:02 INFO  Assert that (False == value) with value=False ... passed
13:05:02 INFO  
13:05:02 INFO  cleanup:
13:05:06 INFO  Executed sudo&lt;tedge_disconnect_c8y&gt;, exit status 0
13:05:07 INFO  Executed systemctl&lt;serv_mapper5&gt;, exit status 3
13:05:07 INFO  
13:05:07 INFO  Test duration: 137.70 secs
13:05:07 INFO  Test final outcome:  FAILED
13:05:07 INFO  Test outcome reason: Assert that (False == value) with value=True (+2 other failures)
13:05:07 INFO  
</system-out>
	</testcase>
</testsuite><testsuite name="SoftwareManagement.sm_apt_install_remove_multiple_mixed" tests="3" errors="0" failures="2" skipped="1" time="0"><testcase classname="PySysTest" name="SoftwareManagement.sm_apt_install_remove_multiple_mixed">
		<skipped message="SKIPPED: Testing the apt plugin is not supported on this platform.Use parameter -XmyPlatform='container' to enable it" />
		<system-out>12:04:25 INFO  ==============================================================
12:04:25 INFO  Id:    SoftwareManagement.sm_apt_install_remove_multiple_mixed
12:04:25 INFO  Dir:   software_management_end_to_end/
12:04:25 INFO  Title: Validate end to end behaviour for the apt plugin for multiple packages with mixed versions
12:04:25 INFO  ==============================================================
12:04:25 INFO  Testing the apt plugin is not supported on this platform.Use parameter -XmyPlatform='container' to enable it ... skipped
12:04:25 WARN  Aborted test due to SKIPPED outcome
12:04:25 INFO  
12:04:25 INFO  Test duration: 0.03 secs
12:04:25 INFO  Test final outcome:  SKIPPED
12:04:25 INFO  Test outcome reason: Testing the apt plugin is not supported on this platform.Use parameter -XmyPlatform='container' to enable it
12:04:25 INFO  
</system-out>
	</testcase>
<testcase classname="PySysTest" name="SoftwareManagement.sm_apt_install_remove_multiple_mixed">
		<failure message="BLOCKED: SystemError: Timeout while waiting for status SUCCESSFUL or False" type="BLOCKED" />
		<system-out>12:39:09 INFO  ==============================================================
12:39:09 INFO  Id:    SoftwareManagement.sm_apt_install_remove_multiple_mixed
12:39:09 INFO  Dir:   software_management_end_to_end/
12:39:09 INFO  Title: Validate end to end behaviour for the apt plugin for multiple packages with mixed versions
12:39:09 INFO  ==============================================================
12:39:09 INFO  Using sw id database: {'asciijump': '5475369', 'robotfindskitten': '5474869', 'squirrel3': '5475279', 'rolldice': '5152439', 'moon-buggy': '5439204', 'apple': '5495053', 'banana': '5494888', 'cherry': '5495382', 'watermelon': '5494510', 'registry': '8018911', 'hello-world': '8021526', 'docker/getting-started': '8021973', 'alpine': '7991792'}
12:39:09 INFO  EnvironmentC8y Setup
12:39:10 INFO  Executed systemctl&lt;serv_mapper1&gt;, exit status 3
12:39:10 INFO  Restarting mosquitto too frequently in the last 10 seconds. It was only up for 5 seconds
12:39:10 INFO  Delaying execution by 6 seconds
12:39:30 INFO  Executed sudo&lt;tedge_connect_c8y&gt;, exit status 0, duration 13 secs
12:39:30 INFO  Executed sudo&lt;tedge_connect_c8y_test&gt;, exit status 0
12:39:31 INFO  Executed systemctl&lt;serv_mosq2&gt;, exit status 0
12:39:31 INFO  Executed systemctl&lt;serv_mapper3&gt;, exit status 0
12:39:33 INFO  State of current operation: SUCCESSFUL
12:39:34 INFO  Assert that (False == value) with value=False ... passed
12:39:34 INFO  Assert that (False == value) with value=False ... passed
12:39:34 INFO  Assert that (False == value) with value=False ... passed
12:39:34 INFO  Assert that (False == value) with value=False ... passed
12:39:34 INFO  Assert that (False == value) with value=False ... passed
12:39:36 INFO  Response status: 201
12:39:36 INFO  Response to action: {
    "creationTime": "2022-06-29T12:39:36.092Z",
    "deviceId": "20555342",
    "deviceName": "m32sd10d",
    "self": "https://t493319102.eu-latest.cumulocity.com/devicecontrol/operations/20610502",
    "id": "20610502",
    "status": "PENDING",
    "description": "Apply software changes, triggered from PySys: [{'action': 'install', 'id': '5475369', 'name': 'asciijump', 'url': ' ', 'version': '::apt'}, {'action': 'install', 'id': '5474869', 'name': 'robotfindskitten', 'url': ' ', 'version': ' '}, {'action': 'install', 'id': '5475279', 'name': 'squirrel3', 'url': ' ', 'version': '3.1-7::apt'}, {'action': 'install', 'id': '5152439', 'name': 'rolldice', 'url': ' ', 'version': '1.16-1+b1'}, {'action': 'install', 'id': '5439204', 'name': 'moon-buggy', 'url': ' ', 'version': '1:1.0.51-12'}, {'action': 'install', 'id': '5475369', 'name': 'asciijump', 'url': ' ', 'version': '::apt'}]",
    "c8y_SoftwareUpdate": [
        {
            "name": "asciijump",
            "action": "install",
            "id": "5475369",
            "version": "::apt",
            "url": " "
        },
        {
            "name": "robotfindskitten",
            "action": "install",
            "id": "5474869",
            "version": " ",
            "url": " "
        },
        {
            "name": "squirrel3",
            "action": "install",
            "id": "5475279",
            "version": "3.1-7::apt",
            "url": " "
        },
        {
            "name": "rolldice",
            "action": "install",
            "id": "5152439",
            "version": "1.16-1+b1",
            "url": " "
        },
        {
            "name": "moon-buggy",
            "action": "install",
            "id": "5439204",
            "version": "1:1.0.51-12",
            "url": " "
        },
        {
            "name": "asciijump",
            "action": "install",
            "id": "5475369",
            "version": "::apt",
            "url": " "
        }
    ]
}
12:39:36 INFO  Started operation: {'creationTime': '2022-06-29T12:39:36.092Z', 'deviceId': '20555342', 'deviceName': 'm32sd10d', 'self': 'https://t493319102.eu-latest.cumulocity.com/devicecontrol/operations/20610502', 'id': '20610502', 'status': 'PENDING', 'description': "Apply software changes, triggered from PySys: [{'action': 'install', 'id': '5475369', 'name': 'asciijump', 'url': ' ', 'version': '::apt'}, {'action': 'install', 'id': '5474869', 'name': 'robotfindskitten', 'url': ' ', 'version': ' '}, {'action': 'install', 'id': '5475279', 'name': 'squirrel3', 'url': ' ', 'version': '3.1-7::apt'}, {'action': 'install', 'id': '5152439', 'name': 'rolldice', 'url': ' ', 'version': '1.16-1+b1'}, {'action': 'install', 'id': '5439204', 'name': 'moon-buggy', 'url': ' ', 'version': '1:1.0.51-12'}, {'action': 'install', 'id': '5475369', 'name': 'asciijump', 'url': ' ', 'version': '::apt'}]", 'c8y_SoftwareUpdate': [{'name': 'asciijump', 'action': 'install', 'id': '5475369', 'version': '::apt', 'url': ' '}, {'name': 'robotfindskitten', 'action': 'install', 'id': '5474869', 'version': ' ', 'url': ' '}, {'name': 'squirrel3', 'action': 'install', 'id': '5475279', 'version': '3.1-7::apt', 'url': ' '}, {'name': 'rolldice', 'action': 'install', 'id': '5152439', 'version': '1.16-1+b1', 'url': ' '}, {'name': 'moon-buggy', 'action': 'install', 'id': '5439204', 'version': '1:1.0.51-12', 'url': ' '}, {'name': 'asciijump', 'action': 'install', 'id': '5475369', 'version': '::apt', 'url': ' '}]}
12:39:38 INFO  State of operation 20610502 : PENDING
12:39:40 INFO  State of operation 20610502 : EXECUTING
12:39:42 INFO  State of operation 20610502 : EXECUTING
12:39:45 INFO  State of operation 20610502 : EXECUTING
12:39:47 INFO  State of operation 20610502 : EXECUTING
12:39:49 INFO  State of operation 20610502 : EXECUTING
12:39:52 INFO  State of operation 20610502 : EXECUTING
12:39:54 INFO  State of operation 20610502 : EXECUTING
12:39:57 INFO  State of operation 20610502 : EXECUTING
12:39:59 INFO  State of operation 20610502 : EXECUTING
12:40:02 INFO  State of operation 20610502 : EXECUTING
12:40:04 INFO  State of operation 20610502 : EXECUTING
12:40:06 INFO  State of operation 20610502 : EXECUTING
12:40:08 INFO  State of operation 20610502 : EXECUTING
12:40:11 INFO  State of operation 20610502 : EXECUTING
12:40:13 INFO  State of operation 20610502 : EXECUTING
12:40:15 INFO  State of operation 20610502 : EXECUTING
12:40:18 INFO  State of operation 20610502 : EXECUTING
12:40:20 INFO  State of operation 20610502 : EXECUTING
12:40:22 INFO  State of operation 20610502 : EXECUTING
12:40:25 INFO  State of operation 20610502 : EXECUTING
12:40:27 INFO  State of operation 20610502 : EXECUTING
12:40:30 INFO  State of operation 20610502 : EXECUTING
12:40:32 INFO  State of operation 20610502 : EXECUTING
12:40:35 INFO  State of operation 20610502 : EXECUTING
12:40:37 INFO  State of operation 20610502 : EXECUTING
12:40:39 INFO  State of operation 20610502 : EXECUTING
12:40:41 INFO  State of operation 20610502 : EXECUTING
12:40:44 INFO  State of operation 20610502 : EXECUTING
12:40:46 INFO  State of operation 20610502 : EXECUTING
12:40:48 INFO  State of operation 20610502 : EXECUTING
12:40:51 INFO  State of operation 20610502 : EXECUTING
12:40:53 INFO  State of operation 20610502 : EXECUTING
12:40:55 INFO  State of operation 20610502 : EXECUTING
12:40:57 INFO  State of operation 20610502 : EXECUTING
12:41:00 INFO  State of operation 20610502 : EXECUTING
12:41:02 INFO  State of operation 20610502 : EXECUTING
12:41:05 INFO  State of operation 20610502 : EXECUTING
12:41:08 INFO  State of operation 20610502 : EXECUTING
12:41:10 INFO  State of operation 20610502 : EXECUTING
12:41:13 INFO  State of operation 20610502 : EXECUTING
12:41:15 INFO  State of operation 20610502 : EXECUTING
12:41:17 INFO  State of operation 20610502 : EXECUTING
12:41:19 INFO  State of operation 20610502 : EXECUTING
12:41:21 INFO  State of operation 20610502 : EXECUTING
12:41:24 INFO  State of operation 20610502 : EXECUTING
12:41:26 INFO  State of operation 20610502 : EXECUTING
12:41:28 INFO  State of operation 20610502 : EXECUTING
12:41:31 INFO  State of operation 20610502 : EXECUTING
12:41:33 INFO  State of operation 20610502 : EXECUTING
12:41:36 INFO  State of operation 20610502 : EXECUTING
12:41:38 INFO  State of operation 20610502 : EXECUTING
12:41:40 INFO  State of operation 20610502 : EXECUTING
12:41:42 INFO  State of operation 20610502 : EXECUTING
12:41:45 INFO  State of operation 20610502 : EXECUTING
12:41:47 INFO  State of operation 20610502 : EXECUTING
12:41:50 INFO  State of operation 20610502 : EXECUTING
12:41:52 INFO  State of operation 20610502 : EXECUTING
12:41:54 INFO  State of operation 20610502 : EXECUTING
12:41:57 INFO  State of operation 20610502 : EXECUTING
12:41:59 INFO  State of operation 20610502 : EXECUTING
12:42:01 WARN  SystemError occurred while running test - Timeout while waiting for status SUCCESSFUL or False
Traceback (most recent call last):
  File "/home/pi/env-pysys/lib/python3.7/site-packages/pysys/baserunner.py", line 1294, in __call__
    self.testObj.execute()
  File "/home/pi/actions-runner/_work/thin-edge.io/thin-edge.io/tests/PySys/software_management_end_to_end/sm_apt_install_remove_multiple_mixed/run.py", line 89, in execute
    self.wait_until_succcess()
  File "/home/pi/actions-runner/_work/thin-edge.io/thin-edge.io/tests/PySys/software_management_end_to_end/environment_sm_management.py", line 324, in wait_until_succcess
    self.wait_until_status("SUCCESSFUL")
  File "/home/pi/actions-runner/_work/thin-edge.io/thin-edge.io/tests/PySys/software_management_end_to_end/environment_sm_management.py", line 381, in wait_until_status
    "Timeout while waiting for status %s or %s" % (status, status2)
SystemError: Timeout while waiting for status SUCCESSFUL or False
12:42:01 WARN  SystemError: Timeout while waiting for status SUCCESSFUL or False ... blocked 
12:42:01 INFO  
12:42:01 INFO  cleanup:
12:42:06 INFO  Executed sudo&lt;tedge_disconnect_c8y&gt;, exit status 0
12:42:07 INFO  Executed systemctl&lt;serv_mapper5&gt;, exit status 3
12:42:07 INFO  
12:42:07 INFO  Test duration: 177.69 secs
12:42:07 INFO  Test final outcome:  BLOCKED
12:42:07 INFO  Test outcome reason: SystemError: Timeout while waiting for status SUCCESSFUL or False
12:42:07 INFO  
</system-out>
	</testcase>
<testcase classname="PySysTest" name="SoftwareManagement.sm_apt_install_remove_multiple_mixed">
		<failure message="BLOCKED: SystemError: Timeout while waiting for status SUCCESSFUL or False (+1 other failures)" type="BLOCKED" />
		<system-out>13:05:07 INFO  ==============================================================
13:05:07 INFO  Id:    SoftwareManagement.sm_apt_install_remove_multiple_mixed
13:05:07 INFO  Dir:   software_management_end_to_end/
13:05:07 INFO  Title: Validate end to end behaviour for the apt plugin for multiple packages with mixed versions
13:05:07 INFO  ==============================================================
13:05:07 INFO  Using sw id database: {'asciijump': '5475369', 'robotfindskitten': '5474869', 'squirrel3': '5475279', 'rolldice': '5152439', 'moon-buggy': '5439204', 'apple': '5495053', 'banana': '5494888', 'cherry': '5495382', 'watermelon': '5494510', 'registry': '8018911', 'hello-world': '8021526', 'docker/getting-started': '8021973', 'alpine': '7991792'}
13:05:07 INFO  EnvironmentC8y Setup
13:05:07 INFO  Executed systemctl&lt;serv_mapper1&gt;, exit status 3
13:05:07 INFO  Restarting mosquitto too frequently in the last 10 seconds. It was only up for 4 seconds
13:05:07 INFO  Delaying execution by 7 seconds
13:05:28 INFO  Executed sudo&lt;tedge_connect_c8y&gt;, exit status 0, duration 13 secs
13:05:29 INFO  Executed sudo&lt;tedge_connect_c8y_test&gt;, exit status 0
13:05:29 INFO  Executed systemctl&lt;serv_mosq2&gt;, exit status 0
13:05:30 INFO  Executed systemctl&lt;serv_mapper3&gt;, exit status 0
13:05:32 INFO  State of current operation: SUCCESSFUL
13:05:32 INFO  Assert that (False == value) with value=False ... passed
13:05:32 INFO  Assert that (False == value) with value=False ... passed
13:05:33 INFO  Assert that (False == value) with value=False ... passed
13:05:33 INFO  Assert that (False == value) with value=False ... passed
13:05:33 INFO  Package moon-buggy is installed
13:05:33 WARN  Assert that (False == value) with value=True ... failed 
13:05:34 INFO  Response status: 201
13:05:34 INFO  Response to action: {
    "creationTime": "2022-06-29T13:05:34.761Z",
    "deviceId": "20555342",
    "deviceName": "m32sd10d",
    "self": "https://t493319102.eu-latest.cumulocity.com/devicecontrol/operations/20610670",
    "id": "20610670",
    "status": "PENDING",
    "description": "Apply software changes, triggered from PySys: [{'action': 'install', 'id': '5475369', 'name': 'asciijump', 'url': ' ', 'version': '::apt'}, {'action': 'install', 'id': '5474869', 'name': 'robotfindskitten', 'url': ' ', 'version': ' '}, {'action': 'install', 'id': '5475279', 'name': 'squirrel3', 'url': ' ', 'version': '3.1-7::apt'}, {'action': 'install', 'id': '5152439', 'name': 'rolldice', 'url': ' ', 'version': '1.16-1+b1'}, {'action': 'install', 'id': '5439204', 'name': 'moon-buggy', 'url': ' ', 'version': '1:1.0.51-12'}, {'action': 'install', 'id': '5475369', 'name': 'asciijump', 'url': ' ', 'version': '::apt'}]",
    "c8y_SoftwareUpdate": [
        {
            "name": "asciijump",
            "action": "install",
            "id": "5475369",
            "version": "::apt",
            "url": " "
        },
        {
            "name": "robotfindskitten",
            "action": "install",
            "id": "5474869",
            "version": " ",
            "url": " "
        },
        {
            "name": "squirrel3",
            "action": "install",
            "id": "5475279",
            "version": "3.1-7::apt",
            "url": " "
        },
        {
            "name": "rolldice",
            "action": "install",
            "id": "5152439",
            "version": "1.16-1+b1",
            "url": " "
        },
        {
            "name": "moon-buggy",
            "action": "install",
            "id": "5439204",
            "version": "1:1.0.51-12",
            "url": " "
        },
        {
            "name": "asciijump",
            "action": "install",
            "id": "5475369",
            "version": "::apt",
            "url": " "
        }
    ]
}
13:05:34 INFO  Started operation: {'creationTime': '2022-06-29T13:05:34.761Z', 'deviceId': '20555342', 'deviceName': 'm32sd10d', 'self': 'https://t493319102.eu-latest.cumulocity.com/devicecontrol/operations/20610670', 'id': '20610670', 'status': 'PENDING', 'description': "Apply software changes, triggered from PySys: [{'action': 'install', 'id': '5475369', 'name': 'asciijump', 'url': ' ', 'version': '::apt'}, {'action': 'install', 'id': '5474869', 'name': 'robotfindskitten', 'url': ' ', 'version': ' '}, {'action': 'install', 'id': '5475279', 'name': 'squirrel3', 'url': ' ', 'version': '3.1-7::apt'}, {'action': 'install', 'id': '5152439', 'name': 'rolldice', 'url': ' ', 'version': '1.16-1+b1'}, {'action': 'install', 'id': '5439204', 'name': 'moon-buggy', 'url': ' ', 'version': '1:1.0.51-12'}, {'action': 'install', 'id': '5475369', 'name': 'asciijump', 'url': ' ', 'version': '::apt'}]", 'c8y_SoftwareUpdate': [{'name': 'asciijump', 'action': 'install', 'id': '5475369', 'version': '::apt', 'url': ' '}, {'name': 'robotfindskitten', 'action': 'install', 'id': '5474869', 'version': ' ', 'url': ' '}, {'name': 'squirrel3', 'action': 'install', 'id': '5475279', 'version': '3.1-7::apt', 'url': ' '}, {'name': 'rolldice', 'action': 'install', 'id': '5152439', 'version': '1.16-1+b1', 'url': ' '}, {'name': 'moon-buggy', 'action': 'install', 'id': '5439204', 'version': '1:1.0.51-12', 'url': ' '}, {'name': 'asciijump', 'action': 'install', 'id': '5475369', 'version': '::apt', 'url': ' '}]}
13:05:37 INFO  State of operation 20610670 : PENDING
13:05:39 INFO  State of operation 20610670 : EXECUTING
13:05:41 INFO  State of operation 20610670 : EXECUTING
13:05:43 INFO  State of operation 20610670 : EXECUTING
13:05:45 INFO  State of operation 20610670 : EXECUTING
13:05:48 INFO  State of operation 20610670 : EXECUTING
13:05:50 INFO  State of operation 20610670 : EXECUTING
13:05:53 INFO  State of operation 20610670 : EXECUTING
13:05:56 INFO  State of operation 20610670 : EXECUTING
13:05:58 INFO  State of operation 20610670 : EXECUTING
13:06:00 INFO  State of operation 20610670 : EXECUTING
13:06:03 INFO  State of operation 20610670 : EXECUTING
13:06:05 INFO  State of operation 20610670 : EXECUTING
13:06:07 INFO  State of operation 20610670 : EXECUTING
13:06:09 INFO  State of operation 20610670 : EXECUTING
13:06:12 INFO  State of operation 20610670 : EXECUTING
13:06:14 INFO  State of operation 20610670 : EXECUTING
13:06:16 INFO  State of operation 20610670 : EXECUTING
13:06:19 INFO  State of operation 20610670 : EXECUTING
13:06:21 INFO  State of operation 20610670 : EXECUTING
13:06:24 INFO  State of operation 20610670 : EXECUTING
13:06:27 INFO  State of operation 20610670 : EXECUTING
13:06:29 INFO  State of operation 20610670 : EXECUTING
13:06:32 INFO  State of operation 20610670 : EXECUTING
13:06:34 INFO  State of operation 20610670 : EXECUTING
13:06:36 INFO  State of operation 20610670 : EXECUTING
13:06:39 INFO  State of operation 20610670 : EXECUTING
13:06:41 INFO  State of operation 20610670 : EXECUTING
13:06:43 INFO  State of operation 20610670 : EXECUTING
13:06:46 INFO  State of operation 20610670 : EXECUTING
13:06:48 INFO  State of operation 20610670 : EXECUTING
13:06:50 INFO  State of operation 20610670 : EXECUTING
13:06:52 INFO  State of operation 20610670 : EXECUTING
13:06:55 INFO  State of operation 20610670 : EXECUTING
13:06:57 INFO  State of operation 20610670 : EXECUTING
13:06:59 INFO  State of operation 20610670 : EXECUTING
13:07:01 INFO  State of operation 20610670 : EXECUTING
13:07:04 INFO  State of operation 20610670 : EXECUTING
13:07:06 INFO  State of operation 20610670 : EXECUTING
13:07:09 INFO  State of operation 20610670 : EXECUTING
13:07:11 INFO  State of operation 20610670 : EXECUTING
13:07:14 INFO  State of operation 20610670 : EXECUTING
13:07:16 INFO  State of operation 20610670 : EXECUTING
13:07:18 INFO  State of operation 20610670 : EXECUTING
13:07:20 INFO  State of operation 20610670 : EXECUTING
13:07:23 INFO  State of operation 20610670 : EXECUTING
13:07:25 INFO  State of operation 20610670 : EXECUTING
13:07:27 INFO  State of operation 20610670 : EXECUTING
13:07:30 INFO  State of operation 20610670 : EXECUTING
13:07:32 INFO  State of operation 20610670 : EXECUTING
13:07:34 INFO  State of operation 20610670 : EXECUTING
13:07:37 INFO  State of operation 20610670 : EXECUTING
13:07:39 INFO  State of operation 20610670 : EXECUTING
13:07:42 INFO  State of operation 20610670 : EXECUTING
13:07:45 INFO  State of operation 20610670 : EXECUTING
13:07:47 INFO  State of operation 20610670 : EXECUTING
13:07:50 INFO  State of operation 20610670 : EXECUTING
13:07:52 INFO  State of operation 20610670 : EXECUTING
13:07:54 INFO  State of operation 20610670 : EXECUTING
13:07:57 INFO  State of operation 20610670 : EXECUTING
13:07:59 INFO  State of operation 20610670 : EXECUTING
13:08:01 WARN  SystemError occurred while running test - Timeout while waiting for status SUCCESSFUL or False
Traceback (most recent call last):
  File "/home/pi/env-pysys/lib/python3.7/site-packages/pysys/baserunner.py", line 1294, in __call__
    self.testObj.execute()
  File "/home/pi/actions-runner/_work/thin-edge.io/thin-edge.io/tests/PySys/software_management_end_to_end/sm_apt_install_remove_multiple_mixed/run.py", line 89, in execute
    self.wait_until_succcess()
  File "/home/pi/actions-runner/_work/thin-edge.io/thin-edge.io/tests/PySys/software_management_end_to_end/environment_sm_management.py", line 324, in wait_until_succcess
    self.wait_until_status("SUCCESSFUL")
  File "/home/pi/actions-runner/_work/thin-edge.io/thin-edge.io/tests/PySys/software_management_end_to_end/environment_sm_management.py", line 381, in wait_until_status
    "Timeout while waiting for status %s or %s" % (status, status2)
SystemError: Timeout while waiting for status SUCCESSFUL or False
13:08:01 WARN  SystemError: Timeout while waiting for status SUCCESSFUL or False ... blocked 
13:08:01 INFO  
13:08:01 INFO  cleanup:
13:08:05 INFO  Executed sudo&lt;tedge_disconnect_c8y&gt;, exit status 0
13:08:06 INFO  Executed systemctl&lt;serv_mapper5&gt;, exit status 3
13:08:06 INFO  
13:08:06 INFO  Test duration: 179.30 secs
13:08:06 INFO  Test final outcome:  BLOCKED
13:08:06 INFO  Test outcome reason: SystemError: Timeout while waiting for status SUCCESSFUL or False (+1 other failures)
13:08:06 INFO  
</system-out>
	</testcase>
</testsuite><testsuite name="SoftwareManagement.sm_apt_install_remove_with_version" tests="3" errors="0" failures="0" skipped="1" time="0"><testcase classname="PySysTest" name="SoftwareManagement.sm_apt_install_remove_with_version">
		<skipped message="SKIPPED: Testing the apt plugin is not supported on this platform.Use parameter -XmyPlatform='container' to enable it" />
		<system-out>12:04:25 INFO  ==============================================================
12:04:25 INFO  Id:    SoftwareManagement.sm_apt_install_remove_with_version
12:04:25 INFO  Dir:   software_management_end_to_end/
12:04:25 INFO  Title: Validate end to end behaviour for the apt plugin for packages with version
12:04:25 INFO  ==============================================================
12:04:25 INFO  Testing the apt plugin is not supported on this platform.Use parameter -XmyPlatform='container' to enable it ... skipped
12:04:25 WARN  Aborted test due to SKIPPED outcome
12:04:25 INFO  
12:04:25 INFO  Test duration: 0.02 secs
12:04:25 INFO  Test final outcome:  SKIPPED
12:04:25 INFO  Test outcome reason: Testing the apt plugin is not supported on this platform.Use parameter -XmyPlatform='container' to enable it
12:04:25 INFO  
</system-out>
	</testcase>
<testcase classname="PySysTest" name="SoftwareManagement.sm_apt_install_remove_with_version" />
<testcase classname="PySysTest" name="SoftwareManagement.sm_apt_install_remove_with_version" />
</testsuite><testsuite name="SoftwareManagement.sm_docker_install_remove_multiple" tests="3" errors="0" failures="0" skipped="1" time="0"><testcase classname="SMDockerInstallRemove" name="SoftwareManagement.sm_docker_install_remove_multiple">
		<skipped message="SKIPPED: Testing the apt plugin is not supported on this platform.Use parameter -XmyPlatform='container' to enable it" />
		<system-out>12:04:25 INFO  ==============================================================
12:04:25 INFO  Id:    SoftwareManagement.sm_docker_install_remove_multiple
12:04:25 INFO  Dir:   software_management_end_to_end/
12:04:25 INFO  Title: Validate end to end behaviour for the docker plugin for multiple docker images with mixed versions
12:04:25 INFO  ==============================================================
12:04:25 INFO  Testing the apt plugin is not supported on this platform.Use parameter -XmyPlatform='container' to enable it ... skipped
12:04:25 WARN  Aborted test due to SKIPPED outcome
12:04:25 INFO  
12:04:25 INFO  Test duration: 0.03 secs
12:04:25 INFO  Test final outcome:  SKIPPED
12:04:25 INFO  Test outcome reason: Testing the apt plugin is not supported on this platform.Use parameter -XmyPlatform='container' to enable it
12:04:25 INFO  
</system-out>
	</testcase>
<testcase classname="SMDockerInstallRemove" name="SoftwareManagement.sm_docker_install_remove_multiple" />
<testcase classname="SMDockerInstallRemove" name="SoftwareManagement.sm_docker_install_remove_multiple" />
</testsuite><testsuite name="SoftwareManagement.sm_fake_install_remove" tests="2" errors="0" failures="0" skipped="1" time="0"><testcase classname="PySysTest" name="SoftwareManagement.sm_fake_install_remove">
		<skipped message="SKIPPED: Testing the fake plugin is not enabled.Use parameter -Xfakeplugin=fakeplugin to enable it" />
		<system-out>12:04:25 INFO  ==============================================================
12:04:25 INFO  Id:    SoftwareManagement.sm_fake_install_remove
12:04:25 INFO  Dir:   software_management_end_to_end/
12:04:25 INFO  Title: Validate end to end behaviour for the dummy plugin for installation and removal of packages
12:04:25 INFO  ==============================================================
12:04:25 INFO  Testing the fake plugin is not enabled.Use parameter -Xfakeplugin=fakeplugin to enable it ... skipped
12:04:25 WARN  Aborted test due to SKIPPED outcome
12:04:25 INFO  
12:04:25 INFO  Test duration: 0.02 secs
12:04:25 INFO  Test final outcome:  SKIPPED
12:04:25 INFO  Test outcome reason: Testing the fake plugin is not enabled.Use parameter -Xfakeplugin=fakeplugin to enable it
12:04:25 INFO  
</system-out>
	</testcase>
<testcase classname="PySysTest" name="SoftwareManagement.sm_fake_install_remove" />
</testsuite><testsuite name="SoftwareManagement.sm_fake_install_remove_multiple" tests="2" errors="0" failures="0" skipped="1" time="0"><testcase classname="PySysTest" name="SoftwareManagement.sm_fake_install_remove_multiple">
		<skipped message="SKIPPED: Testing the fake plugin is not enabled.Use parameter -Xfakeplugin=fakeplugin to enable it" />
		<system-out>12:04:26 INFO  ==============================================================
12:04:26 INFO  Id:    SoftwareManagement.sm_fake_install_remove_multiple
12:04:26 INFO  Dir:   software_management_end_to_end/
12:04:26 INFO  Title: Validate end to end behaviour for the dummy-plugin for multiple packages
12:04:26 INFO  ==============================================================
12:04:26 INFO  Testing the fake plugin is not enabled.Use parameter -Xfakeplugin=fakeplugin to enable it ... skipped
12:04:26 WARN  Aborted test due to SKIPPED outcome
12:04:26 INFO  
12:04:26 INFO  Test duration: 0.02 secs
12:04:26 INFO  Test final outcome:  SKIPPED
12:04:26 INFO  Test outcome reason: Testing the fake plugin is not enabled.Use parameter -Xfakeplugin=fakeplugin to enable it
12:04:26 INFO  
</system-out>
	</testcase>
<testcase classname="PySysTest" name="SoftwareManagement.sm_fake_install_remove_multiple" />
</testsuite><testsuite name="SoftwareManagement.sm_mapper_fail_and_reconnect" tests="2" errors="0" failures="0" skipped="2" time="0"><testcase classname="MapperC8yReceiveLastMessageOnRestart" name="SoftwareManagement.sm_mapper_fail_and_reconnect">
		<skipped message="SKIPPED: instable https://github.com/thin-edge/thin-edge.io/issues/752" />
		<system-out>12:04:26 INFO  ==============================================================
12:04:26 INFO  Id:    SoftwareManagement.sm_mapper_fail_and_reconnect
12:04:26 INFO  Dir:   software_management_end_to_end/
12:04:26 INFO  Title: Validate the tedge-mapper-sm-c8y for receiving the last message on restart
12:04:26 INFO  ==============================================================
12:04:26 INFO  instable https://github.com/thin-edge/thin-edge.io/issues/752 ... skipped
12:04:26 INFO  
12:04:26 INFO  Test duration: 0.02 secs
12:04:26 INFO  Test final outcome:  SKIPPED
12:04:26 INFO  Test outcome reason: instable https://github.com/thin-edge/thin-edge.io/issues/752
12:04:26 INFO  
</system-out>
	</testcase>
<testcase classname="MapperC8yReceiveLastMessageOnRestart" name="SoftwareManagement.sm_mapper_fail_and_reconnect">
		<skipped message="SKIPPED: instable https://github.com/thin-edge/thin-edge.io/issues/752" />
		<system-out>13:14:50 INFO  ==============================================================
13:14:50 INFO  Id:    SoftwareManagement.sm_mapper_fail_and_reconnect
13:14:50 INFO  Dir:   software_management_end_to_end/
13:14:50 INFO  Title: Validate the tedge-mapper-sm-c8y for receiving the last message on restart
13:14:50 INFO  ==============================================================
13:14:50 INFO  instable https://github.com/thin-edge/thin-edge.io/issues/752 ... skipped
13:14:50 INFO  
13:14:50 INFO  Test duration: 0.04 secs
13:14:50 INFO  Test final outcome:  SKIPPED
13:14:50 INFO  Test outcome reason: instable https://github.com/thin-edge/thin-edge.io/issues/752
13:14:50 INFO  
</system-out>
	</testcase>
</testsuite><testsuite name="SoftwareManagement.sm_mixed_install_remove_multiple" tests="2" errors="0" failures="1" skipped="1" time="0"><testcase classname="PySysTest" name="SoftwareManagement.sm_mixed_install_remove_multiple">
		<skipped message="SKIPPED: Testing the fake plugin is not enabled.Use parameter -Xfakeplugin=fakeplugin to enable it" />
		<system-out>12:04:26 INFO  ==============================================================
12:04:26 INFO  Id:    SoftwareManagement.sm_mixed_install_remove_multiple
12:04:26 INFO  Dir:   software_management_end_to_end/
12:04:26 INFO  Title: Validate end to end behaviour for the dummy-plugin for multiple packages with mixed versions
12:04:26 INFO  ==============================================================
12:04:26 INFO  Testing the fake plugin is not enabled.Use parameter -Xfakeplugin=fakeplugin to enable it ... skipped
12:04:26 WARN  Aborted test due to SKIPPED outcome
12:04:26 INFO  
12:04:26 INFO  Test duration: 0.03 secs
12:04:26 INFO  Test final outcome:  SKIPPED
[...]
11:52:47 INFO  Executed sudo&lt;rm_tmp_logs&gt;, exit status 0
11:52:48 INFO  Executed sudo&lt;send_failed&gt;, exit status 0
11:52:48 INFO  Executed sudo&lt;log_file_daemon&gt;, exit status 0
11:52:52 INFO  Executed sudo&lt;tedge_disconnect_c8y&gt;, exit status 0
11:52:53 INFO  Executed systemctl&lt;serv_mapper5&gt;, exit status 3
11:52:53 INFO  
11:52:53 INFO  Test duration: 28.29 secs
11:52:53 INFO  Test final outcome:  BLOCKED
11:52:53 INFO  Test outcome reason: TypeError: 'NoneType' object is not subscriptable
11:52:53 INFO  
</system-out>
	</testcase>
</testsuite><testsuite name="log_request_num_lines" tests="1" errors="0" failures="1" skipped="0" time="0"><testcase classname="LogRequestVerifyNumberOfLines" name="log_request_num_lines">
		<failure message="BLOCKED: TypeError: 'NoneType' object is not subscriptable" type="BLOCKED" />
		<system-out>11:52:53 INFO  ==============================================================
11:52:53 INFO  Id:    log_request_num_lines
11:52:53 INFO  Dir:   log_request_end_to_end/
11:52:53 INFO  Title: Validate end to end behaviour for the log request operation check for number of lines
11:52:53 INFO  ==============================================================
11:52:53 INFO  EnvironmentC8y Setup
11:52:54 INFO  Executed systemctl&lt;serv_mapper1&gt;, exit status 3
11:52:54 INFO  Restarting mosquitto too frequently in the last 10 seconds. It was only up for 5 seconds
11:52:54 INFO  Delaying execution by 6 seconds
11:53:14 INFO  Executed sudo&lt;tedge_connect_c8y&gt;, exit status 0, duration 14 secs
11:53:15 INFO  Executed sudo&lt;tedge_connect_c8y_test&gt;, exit status 0
11:53:15 INFO  Executed systemctl&lt;serv_mosq2&gt;, exit status 0
11:53:16 INFO  Executed systemctl&lt;serv_mapper3&gt;, exit status 0
11:53:16 INFO  Executed sudo&lt;rm_logs&gt;, exit status 0
11:53:17 INFO  Executed sudo&lt;move_logs&gt;, exit status 0
11:53:18 INFO  Executed sudo&lt;log_file_daemon&gt;, exit status 0
11:53:18 WARN  TypeError occurred while running test - 'NoneType' object is not subscriptable
Traceback (most recent call last):
  File "/home/pi/env-pysys/lib/python3.7/site-packages/pysys/baserunner.py", line 1294, in __call__
    self.testObj.execute()
  File "/home/pi/actions-runner/_work/thin-edge.io/thin-edge.io/tests/PySys/log_request_end_to_end/log_request_num_lines/run.py", line 46, in execute
    log_file_request_payload, self.project.deviceid
  File "/home/pi/actions-runner/_work/thin-edge.io/thin-edge.io/tests/PySys/environments/cumulocity.py", line 101, in trigger_log_request
    "deviceId": self.device_fragment["id"],
TypeError: 'NoneType' object is not subscriptable
11:53:18 WARN  TypeError: 'NoneType' object is not subscriptable ... blocked 
11:53:18 INFO  
11:53:18 INFO  cleanup:
11:53:19 INFO  Executed sudo&lt;rm_logs&gt;, exit status 0
11:53:19 INFO  Executed sudo&lt;rm_tmp_logs&gt;, exit status 0
11:53:20 INFO  Executed sudo&lt;send_failed&gt;, exit status 0
11:53:21 INFO  Executed sudo&lt;log_file_daemon&gt;, exit status 0
11:53:24 INFO  Executed sudo&lt;tedge_disconnect_c8y&gt;, exit status 0
11:53:25 INFO  Executed systemctl&lt;serv_mapper5&gt;, exit status 3
11:53:25 INFO  
11:53:25 INFO  Test duration: 32.05 secs
11:53:25 INFO  Test final outcome:  BLOCKED
11:53:25 INFO  Test outcome reason: TypeError: 'NoneType' object is not subscriptable
11:53:25 INFO  
</system-out>
	</testcase>
</testsuite><testsuite name="mapper_awaits_before_reconnect" tests="1" errors="0" failures="1" skipped="0" time="0"><testcase classname="MapperReconnectAwait" name="mapper_awaits_before_reconnect">
		<failure message="FAILED: Line count on tedge_mapper_journal.out for &quot;tedge_mapper::core::mapper: MQTT connection error:&quot; expected &gt;=2 but got 0" type="FAILED" />
		<system-out>12:07:27 INFO  ==============================================================
12:07:27 INFO  Id:    mapper_awaits_before_reconnect
12:07:27 INFO  Dir:   tedge_mapper_c8y/
12:07:27 INFO  Title: Validate mapper doesn't reconnect too often
12:07:27 INFO  ==============================================================
12:07:27 INFO  Started mosquitto_sub with process id 16415
12:07:27 INFO  Waiting for 0.1 seconds
12:07:28 INFO  Executed sudo&lt;tedge_mapper&gt;, exit status 0
12:07:28 INFO  Waiting for 5.0 seconds
12:07:33 INFO  Executed sudo&lt;tedge_mapper&gt;, exit status 0
12:07:36 INFO  Executed sudo&lt;tedge_mapper_journal&gt;, exit status 0
12:07:36 WARN  Grep on tedge_mapper_journal.out contains "ERROR" ... failed [run.py:67]
12:07:36 INFO  Line count on file tedge_mapper_journal.out ... passed
12:07:36 WARN  Line count on tedge_mapper_journal.out for "tedge_mapper::core::mapper: MQTT connection error:" expected &gt;=2 but got 0 ... failed [run.py:78]
12:07:36 WARN  Aborted test due to FAILED outcome
12:07:36 INFO  
12:07:36 INFO  Test duration: 8.97 secs
12:07:36 INFO  Test final outcome:  FAILED
12:07:36 INFO  Test outcome reason: Line count on tedge_mapper_journal.out for "tedge_mapper::core::mapper: MQTT connection error:" expected &gt;=2 but got 0
12:07:36 INFO  
</system-out>
	</testcase>
</testsuite><testsuite name="monitoring_smaller_interval" tests="1" errors="0" failures="1" skipped="0" time="0"><testcase classname="MonitoringSmallInterval" name="monitoring_smaller_interval">
		<failure message="BLOCKED: TypeError: 'int' object is not subscriptable" type="BLOCKED" />
		<system-out>11:54:27 INFO  ==============================================================
11:54:27 INFO  Id:    monitoring_smaller_interval
11:54:27 INFO  Dir:   monitoring/
11:54:27 INFO  Title: Validate the tedge dm agent messages that are produced with smaller sampling interval than the batching window. Here the simulated collectd messages are used
11:54:27 INFO  ==============================================================
11:54:28 INFO  Executed sudo&lt;collectd&gt;, exit status 0
11:54:29 INFO  Executed sudo&lt;collectd_mapper&gt;, exit status 0
11:54:29 INFO  Started sudo&lt;tedge_sub&gt; with process id 12545
11:54:29 INFO  Executed sudo&lt;tedge_temp&gt;, exit status 0
11:54:30 INFO  Executed sudo&lt;tedge_pres&gt;, exit status 0
11:54:31 INFO  Executed sudo&lt;tedge_temp&gt;, exit status 0
11:54:31 INFO  Executed sudo&lt;tedge_pres&gt;, exit status 0
11:54:32 INFO  Executed sudo&lt;tedge_temp&gt;, exit status 0
11:54:32 INFO  Executed sudo&lt;tedge_pres&gt;, exit status 0
11:54:33 INFO  Executed sudo&lt;tedge_temp&gt;, exit status 0
11:54:33 INFO  Executed sudo&lt;tedge_pres&gt;, exit status 0
11:54:34 INFO  Executed sudo&lt;tedge_temp&gt;, exit status 0
11:54:34 INFO  Executed sudo&lt;tedge_pres&gt;, exit status 0
11:54:35 INFO  Executed sudo&lt;tedge_temp&gt;, exit status 0
11:54:36 INFO  Executed sudo&lt;tedge_pres&gt;, exit status 0
11:54:36 INFO  Executed sudo&lt;tedge_temp&gt;, exit status 0
11:54:37 INFO  Executed sudo&lt;tedge_pres&gt;, exit status 0
11:54:37 INFO  Executed sudo&lt;tedge_temp&gt;, exit status 0
11:54:38 INFO  Executed sudo&lt;tedge_pres&gt;, exit status 0
11:54:38 INFO  Executed sudo&lt;tedge_temp&gt;, exit status 0
11:54:39 INFO  Executed sudo&lt;tedge_pres&gt;, exit status 0
11:54:40 INFO  Executed sudo&lt;tedge_temp&gt;, exit status 0
11:54:40 INFO  Executed sudo&lt;tedge_pres&gt;, exit status 0
11:54:42 INFO  Executed sudo&lt;kill_out&gt;, exit status 0
11:54:42 INFO  0

11:54:42 WARN  TypeError occurred while running test - 'int' object is not subscriptable
Traceback (most recent call last):
  File "/home/pi/env-pysys/lib/python3.7/site-packages/pysys/baserunner.py", line 1296, in __call__
    self.testObj.validate()
  File "/home/pi/actions-runner/_work/thin-edge.io/thin-edge.io/tests/PySys/monitoring/monitoring_smaller_interval/run.py", line 104, in validate
    collectd_msg_validation_result=self.validate_json(),
  File "/home/pi/actions-runner/_work/thin-edge.io/thin-edge.io/tests/PySys/monitoring/monitoring_smaller_interval/run.py", line 114, in validate_json
    if not self.validate_time():
  File "/home/pi/actions-runner/_work/thin-edge.io/thin-edge.io/tests/PySys/monitoring/monitoring_smaller_interval/run.py", line 134, in validate_time
    if self.js_msg["time"]:
TypeError: 'int' object is not subscriptable
11:54:42 WARN  TypeError: 'int' object is not subscriptable ... blocked 
11:54:42 INFO  
11:54:42 INFO  cleanup:
11:54:42 INFO  monitoring_cleanup
11:54:42 INFO  Executed sudo&lt;collectd_mapper&gt;, exit status 0
11:54:42 INFO  
11:54:42 INFO  Test duration: 15.11 secs
11:54:42 INFO  Test final outcome:  BLOCKED
11:54:42 INFO  Test outcome reason: TypeError: 'int' object is not subscriptable
11:54:42 INFO  
</system-out>
	</testcase>
</testsuite><testsuite name="monitoring_with_collectd" tests="1" errors="0" failures="0" skipped="1" time="0"><testcase classname="MonitoringWithCollectd" name="monitoring_with_collectd">
		<skipped message="SKIPPED: Test execution disabled due to #792 (instable)" />
		<system-out>11:54:42 INFO  ==============================================================
11:54:42 INFO  Id:    monitoring_with_collectd
11:54:42 INFO  Dir:   monitoring/
11:54:42 INFO  Title: Validate tedge dm agent messages that are produced by batching the collectd messages
11:54:42 INFO  ==============================================================
11:54:42 INFO  Test execution disabled due to #792 (instable) ... skipped
11:54:42 INFO  
11:54:42 INFO  Test duration: 0.06 secs
11:54:42 INFO  Test final outcome:  SKIPPED
11:54:42 INFO  Test outcome reason: Test execution disabled due to #792 (instable)
11:54:42 INFO  
</system-out>
	</testcase>
</testsuite><testsuite name="monitoring_with_simulated_messages" tests="1" errors="0" failures="1" skipped="0" time="0"><testcase classname="MonitoringWithSimulatedMessages" name="monitoring_with_simulated_messages">
		<failure message="BLOCKED: TypeError: 'int' object is not subscriptable" type="BLOCKED" />
		<system-out>11:54:42 INFO  ==============================================================
11:54:42 INFO  Id:    monitoring_with_simulated_messages
11:54:42 INFO  Dir:   monitoring/
11:54:42 INFO  Title: Validate the tedge dm agent messages that are produced from the simulated collectd messages
11:54:42 INFO  ==============================================================
11:54:43 INFO  Executed sudo&lt;collectd&gt;, exit status 0
11:54:44 INFO  Executed sudo&lt;collectd_mapper&gt;, exit status 0
11:54:44 INFO  Started sudo&lt;tedge_sub&gt; with process id 12603
11:54:44 INFO  Executed sudo&lt;tedge_temp&gt;, exit status 0
11:54:45 INFO  Executed sudo&lt;tedge_pres&gt;, exit status 0
11:54:46 INFO  Executed sudo&lt;kill_out&gt;, exit status 0
11:54:46 INFO  0

11:54:46 WARN  TypeError occurred while running test - 'int' object is not subscriptable
Traceback (most recent call last):
  File "/home/pi/env-pysys/lib/python3.7/site-packages/pysys/baserunner.py", line 1296, in __call__
    self.testObj.validate()
  File "/home/pi/actions-runner/_work/thin-edge.io/thin-edge.io/tests/PySys/monitoring/monitoring_with_simulated_messages/run.py", line 98, in validate
    collectd_msg_validation_result=self.validate_json(),
  File "/home/pi/actions-runner/_work/thin-edge.io/thin-edge.io/tests/PySys/monitoring/monitoring_with_simulated_messages/run.py", line 108, in validate_json
    if not self.validate_time():
  File "/home/pi/actions-runner/_work/thin-edge.io/thin-edge.io/tests/PySys/monitoring/monitoring_with_simulated_messages/run.py", line 127, in validate_time
    if self.js_msg["time"]:
TypeError: 'int' object is not subscriptable
11:54:46 WARN  TypeError: 'int' object is not subscriptable ... blocked 
11:54:46 INFO  
11:54:46 INFO  cleanup:
11:54:46 INFO  monitoring_cleanup
11:54:47 INFO  Executed sudo&lt;collectd_mapper&gt;, exit status 0
11:54:47 INFO  
11:54:47 INFO  Test duration: 4.47 secs
11:54:47 INFO  Test final outcome:  BLOCKED
11:54:47 INFO  Test outcome reason: TypeError: 'int' object is not subscriptable
11:54:47 INFO  
</system-out>
	</testcase>
</testsuite><testsuite name="mqtt_port_change_connection_fails" tests="1" errors="0" failures="0" skipped="0" time="0"><testcase classname="MqttPortChangeConnectionFails" name="mqtt_port_change_connection_fails" />
</testsuite><testsuite name="mqtt_port_change_connection_works" tests="1" errors="0" failures="0" skipped="1" time="0"><testcase classname="MqttPortChangeConnectionWorks" name="mqtt_port_change_connection_works">
		<skipped message="SKIPPED: failing intermitently" />
		<system-out>11:54:00 INFO  ==============================================================
11:54:00 INFO  Id:    mqtt_port_change_connection_works
11:54:00 INFO  Dir:   misc_features/
11:54:00 INFO  Title: mqtt port change connection works for all the thin-edge services that use the mosquitto broker
11:54:00 INFO  ==============================================================
11:54:00 INFO  failing intermitently ... skipped
11:54:00 INFO  
11:54:00 INFO  Test duration: 0.05 secs
11:54:00 INFO  Test final outcome:  SKIPPED
11:54:00 INFO  Test outcome reason: failing intermitently
11:54:00 INFO  
</system-out>
	</testcase>
</testsuite><testsuite name="publish_flux" tests="1" errors="0" failures="0" skipped="0" time="0"><testcase classname="PublishFlux" name="publish_flux" />
</testsuite><testsuite name="publish_sawmill" tests="1" errors="0" failures="0" skipped="0" time="0"><testcase classname="PublishSawmill" name="publish_sawmill" />
</testsuite><testsuite name="runtime_start_two_mappers" tests="1" errors="0" failures="0" skipped="0" time="0"><testcase classname="RuntimeMultiMappers" name="runtime_start_two_mappers" />
</testsuite><testsuite name="sm_tedge_mapper_init_session" tests="1" errors="0" failures="0" skipped="0" time="0"><testcase classname="TedgeSMMapperInitSession" name="sm_tedge_mapper_init_session" />
</testsuite><testsuite name="smoketest_json" tests="1" errors="0" failures="0" skipped="0" time="0"><testcase classname="SmokeTestJson" name="smoketest_json" />
</testsuite><testsuite name="smoketest_json_400_samples_10ms" tests="1" errors="0" failures="0" skipped="0" time="0"><testcase classname="SmoketestJson400Samples10ms" name="smoketest_json_400_samples_10ms" />
</testsuite><testsuite name="smoketest_json_400_samples_20ms" tests="1" errors="0" failures="0" skipped="0" time="0"><testcase classname="SmoketestJson400Samples20ms" name="smoketest_json_400_samples_20ms" />
</testsuite><testsuite name="smoketest_smartrest" tests="1" errors="0" failures="0" skipped="0" time="0"><testcase classname="SmoketestSmartRest" name="smoketest_smartrest" />
</testsuite><testsuite name="smoketest_smartrest_400_samples_1Xms" tests="1" errors="0" failures="0" skipped="0" time="0"><testcase classname="SmoketestSmartRest400Samples1Xms" name="smoketest_smartrest_400_samples_1Xms" />
</testsuite><testsuite name="smoketest_smartrest_400_samples_20ms" tests="1" errors="0" failures="0" skipped="0" time="0"><testcase classname="SmoketestSmartRest400Samples20ms" name="smoketest_smartrest_400_samples_20ms" />
</testsuite><testsuite name="tedge_agent_user_sudo_access" tests="1" errors="0" failures="0" skipped="1" time="0"><testcase classname="TedgeAgentUserSudoAccess" name="tedge_agent_user_sudo_access">
		<skipped message="SKIPPED: #955 Observation: Exit code of the apt plugin when called with no arguments" />
		<system-out>12:04:52 INFO  ==============================================================
12:04:52 INFO  Id:    tedge_agent_user_sudo_access
12:04:52 INFO  Dir:   tedge/
12:04:52 INFO  Title: Validate tedge-agent user has a limited sudo right
12:04:52 INFO  ==============================================================
12:04:52 INFO  #955 Observation: Exit code of the apt plugin when called with no arguments ... skipped
12:04:52 INFO  
12:04:52 INFO  Test duration: 0.02 secs
12:04:52 INFO  Test final outcome:  SKIPPED
12:04:52 INFO  Test outcome reason: #955 Observation: Exit code of the apt plugin when called with no arguments
12:04:52 INFO  
</system-out>
	</testcase>
</testsuite><testsuite name="tedge_connect_test_negative" tests="1" errors="0" failures="0" skipped="0" time="0"><testcase classname="TedgeConnectTestNegative" name="tedge_connect_test_negative" />
</testsuite><testsuite name="tedge_connect_test_positive" tests="1" errors="0" failures="0" skipped="0" time="0"><testcase classname="TedgeConnectTestPositive" name="tedge_connect_test_positive" />
</testsuite><testsuite name="tedge_connect_test_sm_services" tests="1" errors="0" failures="0" skipped="0" time="0"><testcase classname="TedgeConnectTestSMServices" name="tedge_connect_test_sm_services" />
</testsuite><testsuite name="tedge_disconnect_test_sm_services" tests="1" errors="0" failures="0" skipped="0" time="0"><testcase classname="TedgeDisConnectTestSMServices" name="tedge_disconnect_test_sm_services" />
</testsuite><testsuite name="tedge_mapper_az_negative" tests="1" errors="0" failures="0" skipped="0" time="0"><testcase classname="TedgeMapperAzError" name="tedge_mapper_az_negative" />
</testsuite><testsuite name="tedge_mapper_az_with_timestamp" tests="1" errors="0" failures="0" skipped="0" time="0"><testcase classname="TedgeMapperAzWithTimestamp" name="tedge_mapper_az_with_timestamp" />
</testsuite><testsuite name="tedge_mapper_az_without_timestamp" tests="1" errors="0" failures="0" skipped="0" time="0"><testcase classname="TedgeMapperAzWithoutTimestamp" name="tedge_mapper_az_without_timestamp" />
</testsuite><testsuite name="tedge_mapper_c8y_alarms" tests="1" errors="0" failures="0" skipped="0" time="0"><testcase classname="TedgeMapperC8yAlarm" name="tedge_mapper_c8y_alarms" />
</testsuite><testsuite name="tedge_mapper_c8y_child_device_measurement" tests="1" errors="0" failures="0" skipped="0" time="0"><testcase classname="TedgeMapperC8yChildDevice" name="tedge_mapper_c8y_child_device_measurement" />
</testsuite><testsuite name="tedge_mapper_c8y_packet_threshold_size" tests="1" errors="0" failures="1" skipped="0" time="0"><testcase classname="TedgeMapperC8yThresholdPacketSize" name="tedge_mapper_c8y_packet_threshold_size">
		<failure message="FAILED: Grep on tedge_sub.out contains &quot;The size of the message received on tedge/measurements is 20489 which is greater than the threshold size of 16184.&quot;" type="FAILED" />
		<system-out>12:09:13 INFO  ==============================================================
12:09:13 INFO  Id:    tedge_mapper_c8y_packet_threshold_size
12:09:13 INFO  Dir:   tedge_mapper_c8y/
12:09:13 INFO  Title: Validate the Cumulocity Mapper accepted threshold packet size when it receives a message on tedge/measurements
12:09:13 INFO  ==============================================================
12:09:13 INFO  Executed sudo&lt;tedge_mapper_c8y&gt;, exit status 0
12:09:13 INFO  Started sudo&lt;tedge_sub&gt; with process id 17018
12:09:14 INFO  Executed sudo&lt;tedge_msg&gt;, exit status 0
12:09:15 INFO  Executed sudo&lt;tedge_pub&gt;, exit status 0
12:09:15 INFO  Executed sudo&lt;kill_out&gt;, exit status 0
12:09:15 WARN  Grep on tedge_sub.out contains "The size of the message received on tedge/measurements is 20489 which is greater than the threshold size of 16184." ... failed [run.py:88]
12:09:15 INFO  
12:09:15 INFO  cleanup:
12:09:15 INFO  mapper_cleanup
12:09:16 INFO  Executed sudo&lt;tedge_mapper_c8y&gt;, exit status 0
12:09:16 INFO  
12:09:16 INFO  Test duration: 3.02 secs
12:09:16 INFO  Test final outcome:  FAILED
12:09:16 INFO  Test outcome reason: Grep on tedge_sub.out contains "The size of the message received on tedge/measurements is 20489 which is greater than the threshold size of 16184."
12:09:16 INFO  
</system-out>
	</testcase>
</testsuite><testsuite name="tedge_software_update" tests="1" errors="0" failures="0" skipped="0" time="0"><testcase classname="PySysTest" name="tedge_software_update" />
</testsuite><testsuite name="valid_device_id" tests="1" errors="0" failures="0" skipped="0" time="0"><testcase classname="ValidateValidDeviceId" name="valid_device_id" />
</testsuite></testsuites>