<?xml version='1.0' encoding='utf-8'?>
<testsuites tests="147" failures="36" errors="0" skipped="45" time="0.0"><testsuite name="SoftwareManagement.Plugin.apama_plugin_install" tests="3" errors="0" failures="0" skipped="1" time="0"><testcase classname="ApamaPluginInstallTest" name="SoftwareManagement.Plugin.apama_plugin_install">
		<skipped message="SKIPPED: Apama plugin tests are disabled by default. Execute `pysys run` with `-XmyPlatform=container` to run these tests" />
		<system-out>13:20:01 INFO  ==============================================================
13:20:01 INFO  Id:    SoftwareManagement.Plugin.apama_plugin_install
13:20:01 INFO  Dir:   plugin_apama/
13:20:01 INFO  Title: Validate apama plugin install
13:20:01 INFO  ==============================================================
13:20:01 INFO  Apama plugin tests are disabled by default. Execute `pysys run` with `-XmyPlatform=container` to run these tests ... skipped
13:20:01 WARN  Aborted test due to SKIPPED outcome
13:20:01 INFO  
13:20:01 INFO  Test duration: 0.04 secs
13:20:01 INFO  Test final outcome:  SKIPPED
13:20:01 INFO  Test outcome reason: Apama plugin tests are disabled by default. Execute `pysys run` with `-XmyPlatform=container` to run these tests
13:20:01 INFO  
</system-out>
	</testcase>
<testcase classname="ApamaPluginInstallTest" name="SoftwareManagement.Plugin.apama_plugin_install" />
<testcase classname="ApamaPluginInstallTest" name="SoftwareManagement.Plugin.apama_plugin_install" />
</testsuite><testsuite name="SoftwareManagement.Plugin.apama_plugin_mon_support" tests="3" errors="0" failures="0" skipped="1" time="0"><testcase classname="ApamaPluginMonSupportTest" name="SoftwareManagement.Plugin.apama_plugin_mon_support">
		<skipped message="SKIPPED: Apama plugin tests are disabled by default. Execute `pysys run` with `-XmyPlatform=container` to run these tests" />
		<system-out>13:20:01 INFO  ==============================================================
13:20:01 INFO  Id:    SoftwareManagement.Plugin.apama_plugin_mon_support
13:20:01 INFO  Dir:   plugin_apama/
13:20:01 INFO  Title: Validate mon file support of apama plugin
13:20:01 INFO  ==============================================================
13:20:01 INFO  Apama plugin tests are disabled by default. Execute `pysys run` with `-XmyPlatform=container` to run these tests ... skipped
13:20:01 WARN  Aborted test due to SKIPPED outcome
13:20:01 INFO  
13:20:01 INFO  Test duration: 0.02 secs
13:20:01 INFO  Test final outcome:  SKIPPED
13:20:01 INFO  Test outcome reason: Apama plugin tests are disabled by default. Execute `pysys run` with `-XmyPlatform=container` to run these tests
13:20:01 INFO  
</system-out>
	</testcase>
<testcase classname="ApamaPluginMonSupportTest" name="SoftwareManagement.Plugin.apama_plugin_mon_support" />
<testcase classname="ApamaPluginMonSupportTest" name="SoftwareManagement.Plugin.apama_plugin_mon_support" />
</testsuite><testsuite name="SoftwareManagement.Plugin.apama_plugin_remove" tests="3" errors="0" failures="0" skipped="1" time="0"><testcase classname="ApamaPluginRemoveTest" name="SoftwareManagement.Plugin.apama_plugin_remove">
		<skipped message="SKIPPED: Apama plugin tests are disabled by default. Execute `pysys run` with `-XmyPlatform=container` to run these tests" />
		<system-out>13:20:01 INFO  ==============================================================
13:20:01 INFO  Id:    SoftwareManagement.Plugin.apama_plugin_remove
13:20:01 INFO  Dir:   plugin_apama/
13:20:01 INFO  Title: Validate apama plugin remove
13:20:01 INFO  ==============================================================
13:20:01 INFO  Apama plugin tests are disabled by default. Execute `pysys run` with `-XmyPlatform=container` to run these tests ... skipped
13:20:01 WARN  Aborted test due to SKIPPED outcome
13:20:01 INFO  
13:20:01 INFO  Test duration: 0.02 secs
13:20:01 INFO  Test final outcome:  SKIPPED
13:20:01 INFO  Test outcome reason: Apama plugin tests are disabled by default. Execute `pysys run` with `-XmyPlatform=container` to run these tests
13:20:01 INFO  
</system-out>
	</testcase>
<testcase classname="ApamaPluginRemoveTest" name="SoftwareManagement.Plugin.apama_plugin_remove" />
<testcase classname="ApamaPluginRemoveTest" name="SoftwareManagement.Plugin.apama_plugin_remove" />
</testsuite><testsuite name="SoftwareManagement.Plugin.apama_plugin_update" tests="3" errors="0" failures="2" skipped="1" time="0"><testcase classname="ApamaPluginUpdateTest" name="SoftwareManagement.Plugin.apama_plugin_update">
		<skipped message="SKIPPED: Apama plugin tests are disabled by default. Execute `pysys run` with `-XmyPlatform=container` to run these tests" />
		<system-out>13:20:01 INFO  ==============================================================
13:20:01 INFO  Id:    SoftwareManagement.Plugin.apama_plugin_update
13:20:01 INFO  Dir:   plugin_apama/
13:20:01 INFO  Title: Validate apama plugin updating one project with another
13:20:01 INFO  ==============================================================
13:20:01 INFO  Apama plugin tests are disabled by default. Execute `pysys run` with `-XmyPlatform=container` to run these tests ... skipped
13:20:01 WARN  Aborted test due to SKIPPED outcome
13:20:01 INFO  
13:20:01 INFO  Test duration: 0.02 secs
13:20:01 INFO  Test final outcome:  SKIPPED
13:20:01 INFO  Test outcome reason: Apama plugin tests are disabled by default. Execute `pysys run` with `-XmyPlatform=container` to run these tests
13:20:01 INFO  
</system-out>
	</testcase>
<testcase classname="ApamaPluginUpdateTest" name="SoftwareManagement.Plugin.apama_plugin_update">
		<failure message="BLOCKED: sudo&lt;plugin_install&gt; returned non-zero exit code 2" type="BLOCKED" />
		<system-out>14:13:13 INFO  ==============================================================
14:13:13 INFO  Id:    SoftwareManagement.Plugin.apama_plugin_update
14:13:13 INFO  Dir:   plugin_apama/
14:13:13 INFO  Title: Validate apama plugin updating one project with another
14:13:13 INFO  ==============================================================
14:13:13 INFO  Assertion that path exists=False for "/etc/tedge/apama/project" ... passed
14:13:14 INFO  Executed sudo&lt;create_project_dir&gt;, exit status 0
14:13:14 INFO  Executed sudo&lt;unzip_apama_project&gt;, exit status 0
14:13:15 INFO  Executed sudo&lt;move_apama_project&gt;, exit status 0
14:13:15 INFO  Executed sudo&lt;restart_apama_service&gt;, exit status 0
14:13:16 INFO  Executed sudo&lt;apama_correlator_wait&gt;, exit status 0
14:13:16 INFO  Assertion that path exists=True for "/etc/tedge/apama/project" ... passed
14:13:17 INFO  Executed sudo&lt;apama_list_monitors&gt;, exit status 0
14:13:17 INFO  Grep on file /home/pi/actions-runner/_work/thin-edge.io/thin-edge.io/tests/PySys/plugin_apama/apama_plugin_update/Output/linux/apama_list_monitors.out ... passed
14:13:18 WARN  Executed sudo&lt;plugin_install&gt;, exit status 2
14:13:18 INFO  Contents of plugin_install.err: 
  ERROR: Directory not empty (os error 39)
  -----

14:13:18 WARN  sudo&lt;plugin_install&gt; returned non-zero exit code 2 ... blocked [run.py:35]
14:13:18 WARN  Aborted test due to BLOCKED outcome
14:13:18 INFO  
14:13:18 INFO  cleanup:
14:13:18 INFO  Removing apama project
14:13:33 INFO  Executed sudo&lt;stop_apama_service&gt;, exit status 0, duration 15 secs
14:13:34 INFO  Executed sudo&lt;remove_apama_project&gt;, exit status 0
14:13:34 INFO  Executed sudo&lt;remove_apama_tmp_dir&gt;, exit status 0
14:13:34 INFO  
14:13:34 INFO  Test duration: 21.43 secs
14:13:34 INFO  Test final outcome:  BLOCKED
14:13:34 INFO  Test outcome reason: sudo&lt;plugin_install&gt; returned non-zero exit code 2
14:13:34 INFO  
</system-out>
	</testcase>
<testcase classname="ApamaPluginUpdateTest" name="SoftwareManagement.Plugin.apama_plugin_update">
		<failure message="BLOCKED: sudo&lt;plugin_install&gt; returned non-zero exit code 2" type="BLOCKED" />
		<system-out>14:18:38 INFO  ==============================================================
14:18:38 INFO  Id:    SoftwareManagement.Plugin.apama_plugin_update
14:18:38 INFO  Dir:   plugin_apama/
14:18:38 INFO  Title: Validate apama plugin updating one project with another
14:18:38 INFO  ==============================================================
14:18:38 INFO  Assertion that path exists=False for "/etc/tedge/apama/project" ... passed
14:18:39 INFO  Executed sudo&lt;create_project_dir&gt;, exit status 0
14:18:40 INFO  Executed sudo&lt;unzip_apama_project&gt;, exit status 0
14:18:40 INFO  Executed sudo&lt;move_apama_project&gt;, exit status 0
14:18:41 INFO  Executed sudo&lt;restart_apama_service&gt;, exit status 0
14:18:42 INFO  Executed sudo&lt;apama_correlator_wait&gt;, exit status 0
14:18:42 INFO  Assertion that path exists=True for "/etc/tedge/apama/project" ... passed
14:18:42 INFO  Executed sudo&lt;apama_list_monitors&gt;, exit status 0
14:18:42 INFO  Grep on file /home/pi/actions-runner/_work/thin-edge.io/thin-edge.io/tests/PySys/plugin_apama/apama_plugin_update/Output/linux/apama_list_monitors.out ... passed
14:18:43 WARN  Executed sudo&lt;plugin_install&gt;, exit status 2
14:18:43 INFO  Contents of plugin_install.err: 
  ERROR: Directory not empty (os error 39)
  -----

14:18:43 WARN  sudo&lt;plugin_install&gt; returned non-zero exit code 2 ... blocked [run.py:35]
14:18:43 WARN  Aborted test due to BLOCKED outcome
14:18:43 INFO  
14:18:43 INFO  cleanup:
14:18:43 INFO  Removing apama project
14:18:59 INFO  Executed sudo&lt;stop_apama_service&gt;, exit status 0, duration 15 secs
14:18:59 INFO  Executed sudo&lt;remove_apama_project&gt;, exit status 0
14:19:00 INFO  Executed sudo&lt;remove_apama_tmp_dir&gt;, exit status 0
14:19:00 INFO  
14:19:00 INFO  Test duration: 21.20 secs
14:19:00 INFO  Test final outcome:  BLOCKED
14:19:00 INFO  Test outcome reason: sudo&lt;plugin_install&gt; returned non-zero exit code 2
14:19:00 INFO  
</system-out>
	</testcase>
</testsuite><testsuite name="SoftwareManagement.sm_apt_install_download_path" tests="3" errors="0" failures="2" skipped="1" time="0"><testcase classname="AptInstallWithDownloadPath" name="SoftwareManagement.sm_apt_install_download_path">
		<skipped message="SKIPPED: Testing the apt plugin is not supported on this platform.Use parameter -XmyPlatform='container' to enable it" />
		<system-out>13:29:39 INFO  ==============================================================
13:29:39 INFO  Id:    SoftwareManagement.sm_apt_install_download_path
13:29:39 INFO  Dir:   software_management_end_to_end/
13:29:39 INFO  Title: Install package to directory specified in tedge config set tmp.path
13:29:39 INFO  ==============================================================
13:29:39 INFO  Testing the apt plugin is not supported on this platform.Use parameter -XmyPlatform='container' to enable it ... skipped
13:29:39 WARN  Aborted test due to SKIPPED outcome
13:29:39 INFO  
13:29:39 INFO  Test duration: 0.13 secs
13:29:39 INFO  Test final outcome:  SKIPPED
13:29:39 INFO  Test outcome reason: Testing the apt plugin is not supported on this platform.Use parameter -XmyPlatform='container' to enable it
13:29:39 INFO  
</system-out>
	</testcase>
<testcase classname="AptInstallWithDownloadPath" name="SoftwareManagement.sm_apt_install_download_path">
		<failure message="BLOCKED: SystemError: Timeout while waiting for status FAILED or SUCCESSFUL" type="BLOCKED" />
		<system-out>13:52:16 INFO  ==============================================================
13:52:16 INFO  Id:    SoftwareManagement.sm_apt_install_download_path
13:52:16 INFO  Dir:   software_management_end_to_end/
13:52:16 INFO  Title: Install package to directory specified in tedge config set tmp.path
13:52:16 INFO  ==============================================================
13:52:16 INFO  Using sw id database: {'asciijump': '5475369', 'robotfindskitten': '5474869', 'squirrel3': '5475279', 'rolldice': '5152439', 'moon-buggy': '5439204', 'apple': '5495053', 'banana': '5494888', 'cherry': '5495382', 'watermelon': '5494510', 'registry': '8018911', 'hello-world': '8021526', 'docker/getting-started': '8021973', 'alpine': '7991792'}
13:52:16 INFO  EnvironmentC8y Setup
13:52:16 INFO  Executed systemctl&lt;serv_mapper1&gt;, exit status 3
13:52:31 INFO  Executed sudo&lt;tedge_connect_c8y&gt;, exit status 0, duration 14 secs
13:52:33 INFO  Executed sudo&lt;tedge_connect_c8y_test&gt;, exit status 0
13:52:34 INFO  Executed systemctl&lt;serv_mosq2&gt;, exit status 0
13:52:34 INFO  Executed systemctl&lt;serv_mapper3&gt;, exit status 0
13:52:37 INFO  State of current operation: PENDING
13:52:39 INFO  State of current operation: PENDING
13:52:41 INFO  State of current operation: PENDING
13:52:43 INFO  State of current operation: PENDING
13:52:46 INFO  State of current operation: PENDING
13:52:48 INFO  State of current operation: PENDING
13:52:50 INFO  State of current operation: PENDING
13:52:52 INFO  State of current operation: PENDING
13:52:54 INFO  State of current operation: PENDING
13:52:57 INFO  State of current operation: PENDING
13:52:59 INFO  State of current operation: PENDING
13:53:01 INFO  State of current operation: PENDING
13:53:03 INFO  State of current operation: PENDING
13:53:06 INFO  State of current operation: PENDING
13:53:08 INFO  State of current operation: PENDING
13:53:10 INFO  State of current operation: PENDING
13:53:12 INFO  State of current operation: PENDING
13:53:15 INFO  State of current operation: PENDING
13:53:17 INFO  State of current operation: PENDING
13:53:19 INFO  State of current operation: PENDING
13:53:21 INFO  State of current operation: PENDING
13:53:23 INFO  State of current operation: PENDING
13:53:26 INFO  State of current operation: PENDING
13:53:28 INFO  State of current operation: PENDING
13:53:30 INFO  State of current operation: PENDING
13:53:32 INFO  State of current operation: PENDING
13:53:35 INFO  State of current operation: PENDING
13:53:37 INFO  State of current operation: PENDING
13:53:39 INFO  State of current operation: PENDING
13:53:41 INFO  State of current operation: PENDING
13:53:44 INFO  State of current operation: PENDING
13:53:46 INFO  State of current operation: PENDING
13:53:48 INFO  State of current operation: PENDING
13:53:50 INFO  State of current operation: PENDING
13:53:52 INFO  State of current operation: PENDING
13:53:55 INFO  State of current operation: PENDING
13:53:57 INFO  State of current operation: PENDING
13:53:59 INFO  State of current operation: PENDING
13:54:01 INFO  State of current operation: PENDING
13:54:04 INFO  State of current operation: PENDING
13:54:06 INFO  State of current operation: PENDING
13:54:08 INFO  State of current operation: PENDING
13:54:10 INFO  State of current operation: PENDING
13:54:13 INFO  State of current operation: PENDING
13:54:15 INFO  State of current operation: PENDING
13:54:17 INFO  State of current operation: PENDING
13:54:19 INFO  State of current operation: PENDING
13:54:21 INFO  State of current operation: PENDING
13:54:24 INFO  State of current operation: PENDING
13:54:26 INFO  State of current operation: PENDING
13:54:28 INFO  State of current operation: PENDING
13:54:30 INFO  State of current operation: PENDING
13:54:33 INFO  State of current operation: PENDING
13:54:35 INFO  State of current operation: PENDING
13:54:37 INFO  State of current operation: PENDING
13:54:39 INFO  State of current operation: PENDING
13:54:42 INFO  State of current operation: PENDING
13:54:44 INFO  State of current operation: PENDING
13:54:46 INFO  State of current operation: PENDING
13:54:48 INFO  State of current operation: PENDING
13:54:51 INFO  State of current operation: PENDING
13:54:53 WARN  SystemError occurred while running test - Timeout while waiting for status FAILED or SUCCESSFUL
Traceback (most recent call last):
  File "/home/pi/env-pysys/lib/python3.7/site-packages/pysys/baserunner.py", line 1292, in __call__
    self.testObj.setup()
  File "/home/pi/actions-runner/_work/thin-edge.io/thin-edge.io/tests/PySys/software_management_end_to_end/sm_apt_install_download_path/run.py", line 48, in setup
    super().setup()
  File "/home/pi/actions-runner/_work/thin-edge.io/thin-edge.io/tests/PySys/software_management_end_to_end/environment_sm_management.py", line 151, in setup
    self.wait_until_end()
  File "/home/pi/actions-runner/_work/thin-edge.io/thin-edge.io/tests/PySys/software_management_end_to_end/environment_sm_management.py", line 332, in wait_until_end
    self.wait_until_status("FAILED", "SUCCESSFUL")
  File "/home/pi/actions-runner/_work/thin-edge.io/thin-edge.io/tests/PySys/software_management_end_to_end/environment_sm_management.py", line 381, in wait_until_status
    "Timeout while waiting for status %s or %s" % (status, status2)
SystemError: Timeout while waiting for status FAILED or SUCCESSFUL
13:54:53 WARN  SystemError: Timeout while waiting for status FAILED or SUCCESSFUL ... blocked 
13:54:53 INFO  
13:54:53 INFO  cleanup:
13:54:54 INFO  Executed sudo, exit status 0
13:54:54 INFO  Executed sudo, exit status 0
13:54:58 INFO  Executed sudo&lt;tedge_disconnect_c8y&gt;, exit status 0
13:54:58 INFO  Restarting mosquitto too frequently in the last 10 seconds. It was only up for 3 seconds
13:54:58 INFO  Delaying execution by 8 seconds
13:55:20 INFO  Executed sudo&lt;tedge_connect_c8y&gt;, exit status 0, duration 14 secs
13:55:25 INFO  Executed sudo&lt;tedge_disconnect_c8y&gt;, exit status 0
13:55:25 INFO  Executed systemctl&lt;serv_mapper5&gt;, exit status 3
13:55:25 INFO  
13:55:25 INFO  Test duration: 189.58 secs
13:55:25 INFO  Test final outcome:  BLOCKED
13:55:25 INFO  Test outcome reason: SystemError: Timeout while waiting for status FAILED or SUCCESSFUL
13:55:25 INFO  
</system-out>
	</testcase>
<testcase classname="AptInstallWithDownloadPath" name="SoftwareManagement.sm_apt_install_download_path">
		<failure message="BLOCKED: SystemError: Timeout while waiting for status FAILED or SUCCESSFUL" type="BLOCKED" />
		<system-out>14:19:00 INFO  ==============================================================
14:19:00 INFO  Id:    SoftwareManagement.sm_apt_install_download_path
14:19:00 INFO  Dir:   software_management_end_to_end/
14:19:00 INFO  Title: Install package to directory specified in tedge config set tmp.path
14:19:00 INFO  ==============================================================
14:19:01 INFO  Using sw id database: {'asciijump': '5475369', 'robotfindskitten': '5474869', 'squirrel3': '5475279', 'rolldice': '5152439', 'moon-buggy': '5439204', 'apple': '5495053', 'banana': '5494888', 'cherry': '5495382', 'watermelon': '5494510', 'registry': '8018911', 'hello-world': '8021526', 'docker/getting-started': '8021973', 'alpine': '7991792'}
14:19:01 INFO  EnvironmentC8y Setup
14:19:02 INFO  Executed systemctl&lt;serv_mapper1&gt;, exit status 3
14:19:16 INFO  Executed sudo&lt;tedge_connect_c8y&gt;, exit status 0, duration 14 secs
14:19:16 INFO  Executed sudo&lt;tedge_connect_c8y_test&gt;, exit status 0
14:19:17 INFO  Executed systemctl&lt;serv_mosq2&gt;, exit status 0
14:19:17 INFO  Executed systemctl&lt;serv_mapper3&gt;, exit status 0
14:19:19 INFO  State of current operation: PENDING
14:19:22 INFO  State of current operation: PENDING
14:19:24 INFO  State of current operation: PENDING
14:19:26 INFO  State of current operation: PENDING
14:19:28 INFO  State of current operation: PENDING
14:19:31 INFO  State of current operation: PENDING
14:19:33 INFO  State of current operation: PENDING
14:19:35 INFO  State of current operation: PENDING
14:19:38 INFO  State of current operation: PENDING
14:19:40 INFO  State of current operation: PENDING
14:19:42 INFO  State of current operation: PENDING
14:19:44 INFO  State of current operation: PENDING
14:19:46 INFO  State of current operation: PENDING
14:19:49 INFO  State of current operation: PENDING
14:19:51 INFO  State of current operation: PENDING
14:19:53 INFO  State of current operation: PENDING
14:19:55 INFO  State of current operation: PENDING
14:19:58 INFO  State of current operation: PENDING
14:20:00 INFO  State of current operation: PENDING
14:20:02 INFO  State of current operation: PENDING
14:20:04 INFO  State of current operation: PENDING
14:20:07 INFO  State of current operation: PENDING
14:20:09 INFO  State of current operation: PENDING
14:20:11 INFO  State of current operation: PENDING
14:20:13 INFO  State of current operation: PENDING
14:20:15 INFO  State of current operation: PENDING
14:20:18 INFO  State of current operation: PENDING
14:20:20 INFO  State of current operation: PENDING
14:20:22 INFO  State of current operation: PENDING
14:20:24 INFO  State of current operation: PENDING
14:20:27 INFO  State of current operation: PENDING
14:20:29 INFO  State of current operation: PENDING
14:20:31 INFO  State of current operation: PENDING
14:20:33 INFO  State of current operation: PENDING
14:20:36 INFO  State of current operation: PENDING
14:20:38 INFO  State of current operation: PENDING
14:20:40 INFO  State of current operation: PENDING
14:20:42 INFO  State of current operation: PENDING
14:20:44 INFO  State of current operation: PENDING
14:20:47 INFO  State of current operation: PENDING
14:20:49 INFO  State of current operation: PENDING
14:20:51 INFO  State of current operation: PENDING
14:20:53 INFO  State of current operation: PENDING
14:20:56 INFO  State of current operation: PENDING
14:20:58 INFO  State of current operation: PENDING
14:21:00 INFO  State of current operation: PENDING
14:21:02 INFO  State of current operation: PENDING
14:21:05 INFO  State of current operation: PENDING
14:21:07 INFO  State of current operation: PENDING
14:21:09 INFO  State of current operation: PENDING
14:21:11 INFO  State of current operation: PENDING
14:21:14 INFO  State of current operation: PENDING
14:21:16 INFO  State of current operation: PENDING
14:21:18 INFO  State of current operation: PENDING
14:21:20 INFO  State of current operation: PENDING
14:21:23 INFO  State of current operation: PENDING
14:21:25 INFO  State of current operation: PENDING
14:21:27 INFO  State of current operation: PENDING
14:21:29 INFO  State of current operation: PENDING
14:21:31 INFO  State of current operation: PENDING
14:21:34 INFO  State of current operation: PENDING
14:21:36 WARN  SystemError occurred while running test - Timeout while waiting for status FAILED or SUCCESSFUL
Traceback (most recent call last):
  File "/home/pi/env-pysys/lib/python3.7/site-packages/pysys/baserunner.py", line 1292, in __call__
    self.testObj.setup()
  File "/home/pi/actions-runner/_work/thin-edge.io/thin-edge.io/tests/PySys/software_management_end_to_end/sm_apt_install_download_path/run.py", line 48, in setup
    super().setup()
  File "/home/pi/actions-runner/_work/thin-edge.io/thin-edge.io/tests/PySys/software_management_end_to_end/environment_sm_management.py", line 151, in setup
    self.wait_until_end()
  File "/home/pi/actions-runner/_work/thin-edge.io/thin-edge.io/tests/PySys/software_management_end_to_end/environment_sm_management.py", line 332, in wait_until_end
    self.wait_until_status("FAILED", "SUCCESSFUL")
  File "/home/pi/actions-runner/_work/thin-edge.io/thin-edge.io/tests/PySys/software_management_end_to_end/environment_sm_management.py", line 381, in wait_until_status
    "Timeout while waiting for status %s or %s" % (status, status2)
SystemError: Timeout while waiting for status FAILED or SUCCESSFUL
14:21:36 WARN  SystemError: Timeout while waiting for status FAILED or SUCCESSFUL ... blocked 
14:21:36 INFO  
14:21:36 INFO  cleanup:
14:21:36 INFO  Executed sudo, exit status 0
14:21:37 INFO  Executed sudo, exit status 0
14:21:41 INFO  Executed sudo&lt;tedge_disconnect_c8y&gt;, exit status 0
14:21:41 INFO  Restarting mosquitto too frequently in the last 10 seconds. It was only up for 4 seconds
14:21:41 INFO  Delaying execution by 7 seconds
14:22:02 INFO  Executed sudo&lt;tedge_connect_c8y&gt;, exit status 0, duration 13 secs
14:22:06 INFO  Executed sudo&lt;tedge_disconnect_c8y&gt;, exit status 0
14:22:07 INFO  Executed systemctl&lt;serv_mapper5&gt;, exit status 3
14:22:07 INFO  
14:22:07 INFO  Test duration: 186.90 secs
14:22:07 INFO  Test final outcome:  BLOCKED
14:22:07 INFO  Test outcome reason: SystemError: Timeout while waiting for status FAILED or SUCCESSFUL
14:22:07 INFO  
</system-out>
	</testcase>
</testsuite><testsuite name="SoftwareManagement.sm_apt_install_fail" tests="3" errors="0" failures="2" skipped="1" time="0"><testcase classname="PySysTest" name="SoftwareManagement.sm_apt_install_fail">
		<skipped message="SKIPPED: Testing the apt plugin is not supported on this platform.Use parameter -XmyPlatform='container' to enable it" />
		<system-out>13:29:39 INFO  ==============================================================
13:29:39 INFO  Id:    SoftwareManagement.sm_apt_install_fail
13:29:39 INFO  Dir:   software_management_end_to_end/
13:29:39 INFO  Title: Validate end to end behaviour for a failing installation
13:29:39 INFO  ==============================================================
13:29:39 INFO  Testing the apt plugin is not supported on this platform.Use parameter -XmyPlatform='container' to enable it ... skipped
13:29:39 WARN  Aborted test due to SKIPPED outcome
13:29:39 INFO  
13:29:39 INFO  Test duration: 0.02 secs
13:29:39 INFO  Test final outcome:  SKIPPED
13:29:39 INFO  Test outcome reason: Testing the apt plugin is not supported on this platform.Use parameter -XmyPlatform='container' to enable it
13:29:39 INFO  
</system-out>
	</testcase>
<testcase classname="PySysTest" name="SoftwareManagement.sm_apt_install_fail">
		<failure message="BLOCKED: SystemError: Timeout while waiting for status FAILED or SUCCESSFUL" type="BLOCKED" />
		<system-out>13:55:25 INFO  ==============================================================
13:55:25 INFO  Id:    SoftwareManagement.sm_apt_install_fail
13:55:25 INFO  Dir:   software_management_end_to_end/
13:55:25 INFO  Title: Validate end to end behaviour for a failing installation
13:55:25 INFO  ==============================================================
13:55:25 INFO  Using sw id database: {'asciijump': '5475369', 'robotfindskitten': '5474869', 'squirrel3': '5475279', 'rolldice': '5152439', 'moon-buggy': '5439204', 'apple': '5495053', 'banana': '5494888', 'cherry': '5495382', 'watermelon': '5494510', 'registry': '8018911', 'hello-world': '8021526', 'docker/getting-started': '8021973', 'alpine': '7991792'}
13:55:25 INFO  EnvironmentC8y Setup
13:55:26 INFO  Executed systemctl&lt;serv_mapper1&gt;, exit status 3
13:55:26 INFO  Restarting mosquitto too frequently in the last 10 seconds. It was only up for 5 seconds
13:55:26 INFO  Delaying execution by 6 seconds
13:55:46 INFO  Executed sudo&lt;tedge_connect_c8y&gt;, exit status 0, duration 14 secs
13:55:47 INFO  Executed sudo&lt;tedge_connect_c8y_test&gt;, exit status 0
13:55:47 INFO  Executed systemctl&lt;serv_mosq2&gt;, exit status 0
13:55:47 INFO  Executed systemctl&lt;serv_mapper3&gt;, exit status 0
13:55:50 INFO  State of current operation: PENDING
13:55:52 INFO  State of current operation: PENDING
13:55:54 INFO  State of current operation: PENDING
13:55:56 INFO  State of current operation: PENDING
13:55:59 INFO  State of current operation: PENDING
13:56:01 INFO  State of current operation: PENDING
13:56:03 INFO  State of current operation: PENDING
13:56:05 INFO  State of current operation: PENDING
13:56:08 INFO  State of current operation: PENDING
13:56:10 INFO  State of current operation: PENDING
13:56:12 INFO  State of current operation: PENDING
13:56:14 INFO  State of current operation: PENDING
13:56:17 INFO  State of current operation: PENDING
13:56:19 INFO  State of current operation: PENDING
13:56:21 INFO  State of current operation: PENDING
13:56:23 INFO  State of current operation: PENDING
13:56:26 INFO  State of current operation: PENDING
13:56:28 INFO  State of current operation: PENDING
13:56:30 INFO  State of current operation: PENDING
13:56:32 INFO  State of current operation: PENDING
13:56:34 INFO  State of current operation: PENDING
13:56:37 INFO  State of current operation: PENDING
13:56:39 INFO  State of current operation: PENDING
13:56:41 INFO  State of current operation: PENDING
13:56:43 INFO  State of current operation: PENDING
13:56:46 INFO  State of current operation: PENDING
13:56:48 INFO  State of current operation: PENDING
13:56:50 INFO  State of current operation: PENDING
13:56:52 INFO  State of current operation: PENDING
13:56:54 INFO  State of current operation: PENDING
13:56:57 INFO  State of current operation: PENDING
13:56:59 INFO  State of current operation: PENDING
13:57:01 INFO  State of current operation: PENDING
13:57:03 INFO  State of current operation: PENDING
13:57:06 INFO  State of current operation: PENDING
13:57:08 INFO  State of current operation: PENDING
13:57:10 INFO  State of current operation: PENDING
13:57:12 INFO  State of current operation: PENDING
13:57:15 INFO  State of current operation: PENDING
13:57:17 INFO  State of current operation: PENDING
13:57:19 INFO  State of current operation: PENDING
13:57:21 INFO  State of current operation: PENDING
13:57:23 INFO  State of current operation: PENDING
13:57:26 INFO  State of current operation: PENDING
13:57:28 INFO  State of current operation: PENDING
13:57:30 INFO  State of current operation: PENDING
13:57:32 INFO  State of current operation: PENDING
13:57:35 INFO  State of current operation: PENDING
13:57:37 INFO  State of current operation: PENDING
13:57:39 INFO  State of current operation: PENDING
13:57:41 INFO  State of current operation: PENDING
13:57:43 INFO  State of current operation: PENDING
13:57:46 INFO  State of current operation: PENDING
13:57:48 INFO  State of current operation: PENDING
13:57:50 INFO  State of current operation: PENDING
13:57:52 INFO  State of current operation: PENDING
13:57:55 INFO  State of current operation: PENDING
13:57:57 INFO  State of current operation: PENDING
13:57:59 INFO  State of current operation: PENDING
13:58:01 INFO  State of current operation: PENDING
13:58:04 INFO  State of current operation: PENDING
13:58:06 WARN  SystemError occurred while running test - Timeout while waiting for status FAILED or SUCCESSFUL
Traceback (most recent call last):
  File "/home/pi/env-pysys/lib/python3.7/site-packages/pysys/baserunner.py", line 1292, in __call__
    self.testObj.setup()
  File "/home/pi/actions-runner/_work/thin-edge.io/thin-edge.io/tests/PySys/software_management_end_to_end/sm_apt_install_fail/run.py", line 20, in setup
    super().setup()
  File "/home/pi/actions-runner/_work/thin-edge.io/thin-edge.io/tests/PySys/software_management_end_to_end/environment_sm_management.py", line 151, in setup
    self.wait_until_end()
  File "/home/pi/actions-runner/_work/thin-edge.io/thin-edge.io/tests/PySys/software_management_end_to_end/environment_sm_management.py", line 332, in wait_until_end
    self.wait_until_status("FAILED", "SUCCESSFUL")
  File "/home/pi/actions-runner/_work/thin-edge.io/thin-edge.io/tests/PySys/software_management_end_to_end/environment_sm_management.py", line 381, in wait_until_status
    "Timeout while waiting for status %s or %s" % (status, status2)
SystemError: Timeout while waiting for status FAILED or SUCCESSFUL
13:58:06 WARN  SystemError: Timeout while waiting for status FAILED or SUCCESSFUL ... blocked 
13:58:06 INFO  
13:58:06 INFO  cleanup:
13:58:10 INFO  Executed sudo&lt;tedge_disconnect_c8y&gt;, exit status 0
13:58:10 INFO  Executed systemctl&lt;serv_mapper5&gt;, exit status 3
13:58:10 INFO  
13:58:10 INFO  Test duration: 165.02 secs
13:58:10 INFO  Test final outcome:  BLOCKED
13:58:10 INFO  Test outcome reason: SystemError: Timeout while waiting for status FAILED or SUCCESSFUL
13:58:10 INFO  
</system-out>
	</testcase>
<testcase classname="PySysTest" name="SoftwareManagement.sm_apt_install_fail">
		<failure message="BLOCKED: SystemError: Timeout while waiting for status FAILED or SUCCESSFUL" type="BLOCKED" />
		<system-out>14:22:07 INFO  ==============================================================
14:22:07 INFO  Id:    SoftwareManagement.sm_apt_install_fail
14:22:07 INFO  Dir:   software_management_end_to_end/
14:22:07 INFO  Title: Validate end to end behaviour for a failing installation
14:22:07 INFO  ==============================================================
14:22:07 INFO  Using sw id database: {'asciijump': '5475369', 'robotfindskitten': '5474869', 'squirrel3': '5475279', 'rolldice': '5152439', 'moon-buggy': '5439204', 'apple': '5495053', 'banana': '5494888', 'cherry': '5495382', 'watermelon': '5494510', 'registry': '8018911', 'hello-world': '8021526', 'docker/getting-started': '8021973', 'alpine': '7991792'}
14:22:07 INFO  EnvironmentC8y Setup
14:22:07 INFO  Executed systemctl&lt;serv_mapper1&gt;, exit status 3
14:22:07 INFO  Restarting mosquitto too frequently in the last 10 seconds. It was only up for 5 seconds
14:22:07 INFO  Delaying execution by 6 seconds
14:22:27 INFO  Executed sudo&lt;tedge_connect_c8y&gt;, exit status 0, duration 13 secs
14:22:28 INFO  Executed sudo&lt;tedge_connect_c8y_test&gt;, exit status 0
14:22:28 INFO  Executed systemctl&lt;serv_mosq2&gt;, exit status 0
14:22:29 INFO  Executed systemctl&lt;serv_mapper3&gt;, exit status 0
14:22:31 INFO  State of current operation: PENDING
14:22:33 INFO  State of current operation: PENDING
14:22:35 INFO  State of current operation: PENDING
14:22:38 INFO  State of current operation: PENDING
14:22:40 INFO  State of current operation: PENDING
14:22:42 INFO  State of current operation: PENDING
14:22:44 INFO  State of current operation: PENDING
14:22:47 INFO  State of current operation: PENDING
14:22:49 INFO  State of current operation: PENDING
14:22:51 INFO  State of current operation: PENDING
14:22:53 INFO  State of current operation: PENDING
14:22:56 INFO  State of current operation: PENDING
14:22:58 INFO  State of current operation: PENDING
14:23:00 INFO  State of current operation: PENDING
14:23:02 INFO  State of current operation: PENDING
14:23:04 INFO  State of current operation: PENDING
14:23:07 INFO  State of current operation: PENDING
14:23:09 INFO  State of current operation: PENDING
14:23:11 INFO  State of current operation: PENDING
14:23:14 INFO  State of current operation: PENDING
14:23:16 INFO  State of current operation: PENDING
14:23:18 INFO  State of current operation: PENDING
14:23:21 INFO  State of current operation: PENDING
14:23:23 INFO  State of current operation: PENDING
14:23:25 INFO  State of current operation: PENDING
14:23:27 INFO  State of current operation: PENDING
14:23:30 INFO  State of current operation: PENDING
14:23:32 INFO  State of current operation: PENDING
14:23:34 INFO  State of current operation: PENDING
14:23:36 INFO  State of current operation: PENDING
14:23:39 INFO  State of current operation: PENDING
14:23:41 INFO  State of current operation: PENDING
14:23:43 INFO  State of current operation: PENDING
14:23:45 INFO  State of current operation: PENDING
14:23:48 INFO  State of current operation: PENDING
14:23:50 INFO  State of current operation: PENDING
14:23:52 INFO  State of current operation: PENDING
14:23:54 INFO  State of current operation: PENDING
14:23:56 INFO  State of current operation: PENDING
14:23:59 INFO  State of current operation: PENDING
14:24:01 INFO  State of current operation: PENDING
14:24:03 INFO  State of current operation: PENDING
14:24:05 INFO  State of current operation: PENDING
14:24:08 INFO  State of current operation: PENDING
14:24:10 INFO  State of current operation: PENDING
14:24:12 INFO  State of current operation: PENDING
14:24:14 INFO  State of current operation: PENDING
14:24:17 INFO  State of current operation: PENDING
14:24:19 INFO  State of current operation: PENDING
14:24:21 INFO  State of current operation: PENDING
14:24:23 INFO  State of current operation: PENDING
14:24:25 INFO  State of current operation: PENDING
14:24:28 INFO  State of current operation: PENDING
14:24:30 INFO  State of current operation: PENDING
14:24:32 INFO  State of current operation: PENDING
14:24:34 INFO  State of current operation: PENDING
14:24:37 INFO  State of current operation: PENDING
14:24:39 INFO  State of current operation: PENDING
14:24:41 INFO  State of current operation: PENDING
14:24:43 INFO  State of current operation: PENDING
14:24:46 INFO  State of current operation: PENDING
14:24:48 WARN  SystemError occurred while running test - Timeout while waiting for status FAILED or SUCCESSFUL
Traceback (most recent call last):
  File "/home/pi/env-pysys/lib/python3.7/site-packages/pysys/baserunner.py", line 1292, in __call__
    self.testObj.setup()
  File "/home/pi/actions-runner/_work/thin-edge.io/thin-edge.io/tests/PySys/software_management_end_to_end/sm_apt_install_fail/run.py", line 20, in setup
    super().setup()
  File "/home/pi/actions-runner/_work/thin-edge.io/thin-edge.io/tests/PySys/software_management_end_to_end/environment_sm_management.py", line 151, in setup
    self.wait_until_end()
  File "/home/pi/actions-runner/_work/thin-edge.io/thin-edge.io/tests/PySys/software_management_end_to_end/environment_sm_management.py", line 332, in wait_until_end
    self.wait_until_status("FAILED", "SUCCESSFUL")
  File "/home/pi/actions-runner/_work/thin-edge.io/thin-edge.io/tests/PySys/software_management_end_to_end/environment_sm_management.py", line 381, in wait_until_status
    "Timeout while waiting for status %s or %s" % (status, status2)
SystemError: Timeout while waiting for status FAILED or SUCCESSFUL
14:24:48 WARN  SystemError: Timeout while waiting for status FAILED or SUCCESSFUL ... blocked 
14:24:48 INFO  
14:24:48 INFO  cleanup:
14:24:52 INFO  Executed sudo&lt;tedge_disconnect_c8y&gt;, exit status 0
14:24:53 INFO  Executed systemctl&lt;serv_mapper5&gt;, exit status 3
14:24:53 INFO  
14:24:53 INFO  Test duration: 165.94 secs
14:24:53 INFO  Test final outcome:  BLOCKED
14:24:53 INFO  Test outcome reason: SystemError: Timeout while waiting for status FAILED or SUCCESSFUL
14:24:53 INFO  
</system-out>
	</testcase>
</testsuite><testsuite name="SoftwareManagement.sm_apt_install_remove" tests="3" errors="0" failures="2" skipped="1" time="0"><testcase classname="PySysTest" name="SoftwareManagement.sm_apt_install_remove">
		<skipped message="SKIPPED: Testing the apt plugin is not supported on this platform.Use parameter -XmyPlatform='container' to enable it" />
		<system-out>13:29:39 INFO  ==============================================================
13:29:39 INFO  Id:    SoftwareManagement.sm_apt_install_remove
13:29:39 INFO  Dir:   software_management_end_to_end/
13:29:39 INFO  Title: Validate end to end behaviour for the apt plugin for installation and removal of packages
13:29:39 INFO  ==============================================================
13:29:39 INFO  Testing the apt plugin is not supported on this platform.Use parameter -XmyPlatform='container' to enable it ... skipped
13:29:39 WARN  Aborted test due to SKIPPED outcome
13:29:39 INFO  
13:29:39 INFO  Test duration: 0.02 secs
13:29:39 INFO  Test final outcome:  SKIPPED
13:29:39 INFO  Test outcome reason: Testing the apt plugin is not supported on this platform.Use parameter -XmyPlatform='container' to enable it
13:29:39 INFO  
</system-out>
	</testcase>
<testcase classname="PySysTest" name="SoftwareManagement.sm_apt_install_remove">
		<failure message="BLOCKED: SystemError: Timeout while waiting for status FAILED or SUCCESSFUL" type="BLOCKED" />
		<system-out>13:58:10 INFO  ==============================================================
13:58:10 INFO  Id:    SoftwareManagement.sm_apt_install_remove
13:58:10 INFO  Dir:   software_management_end_to_end/
13:58:10 INFO  Title: Validate end to end behaviour for the apt plugin for installation and removal of packages
13:58:10 INFO  ==============================================================
13:58:10 INFO  Using sw id database: {'asciijump': '5475369', 'robotfindskitten': '5474869', 'squirrel3': '5475279', 'rolldice': '5152439', 'moon-buggy': '5439204', 'apple': '5495053', 'banana': '5494888', 'cherry': '5495382', 'watermelon': '5494510', 'registry': '8018911', 'hello-world': '8021526', 'docker/getting-started': '8021973', 'alpine': '7991792'}
13:58:10 INFO  EnvironmentC8y Setup
13:58:11 INFO  Executed systemctl&lt;serv_mapper1&gt;, exit status 3
13:58:11 INFO  Restarting mosquitto too frequently in the last 10 seconds. It was only up for 5 seconds
13:58:11 INFO  Delaying execution by 6 seconds
13:58:31 INFO  Executed sudo&lt;tedge_connect_c8y&gt;, exit status 0, duration 13 secs
13:58:31 INFO  Executed sudo&lt;tedge_connect_c8y_test&gt;, exit status 0
13:58:32 INFO  Executed systemctl&lt;serv_mosq2&gt;, exit status 0
13:58:32 INFO  Executed systemctl&lt;serv_mapper3&gt;, exit status 0
13:58:35 INFO  State of current operation: PENDING
13:58:37 INFO  State of current operation: PENDING
13:58:39 INFO  State of current operation: PENDING
13:58:41 INFO  State of current operation: PENDING
13:58:44 INFO  State of current operation: PENDING
13:58:46 INFO  State of current operation: PENDING
13:58:48 INFO  State of current operation: PENDING
13:58:50 INFO  State of current operation: PENDING
13:58:53 INFO  State of current operation: PENDING
13:58:55 INFO  State of current operation: PENDING
13:58:57 INFO  State of current operation: PENDING
13:58:59 INFO  State of current operation: PENDING
13:59:02 INFO  State of current operation: PENDING
13:59:04 INFO  State of current operation: PENDING
13:59:06 INFO  State of current operation: PENDING
13:59:08 INFO  State of current operation: PENDING
13:59:10 INFO  State of current operation: PENDING
13:59:13 INFO  State of current operation: PENDING
13:59:15 INFO  State of current operation: PENDING
13:59:17 INFO  State of current operation: PENDING
13:59:19 INFO  State of current operation: PENDING
13:59:22 INFO  State of current operation: PENDING
13:59:24 INFO  State of current operation: PENDING
13:59:26 INFO  State of current operation: PENDING
13:59:28 INFO  State of current operation: PENDING
13:59:31 INFO  State of current operation: PENDING
13:59:33 INFO  State of current operation: PENDING
13:59:35 INFO  State of current operation: PENDING
13:59:37 INFO  State of current operation: PENDING
13:59:39 INFO  State of current operation: PENDING
13:59:42 INFO  State of current operation: PENDING
13:59:44 INFO  State of current operation: PENDING
13:59:46 INFO  State of current operation: PENDING
13:59:48 INFO  State of current operation: PENDING
13:59:51 INFO  State of current operation: PENDING
13:59:53 INFO  State of current operation: PENDING
13:59:55 INFO  State of current operation: PENDING
13:59:57 INFO  State of current operation: PENDING
14:00:00 INFO  State of current operation: PENDING
14:00:02 INFO  State of current operation: PENDING
14:00:04 INFO  State of current operation: PENDING
14:00:06 INFO  State of current operation: PENDING
14:00:08 INFO  State of current operation: PENDING
14:00:11 INFO  State of current operation: PENDING
14:00:13 INFO  State of current operation: PENDING
14:00:15 INFO  State of current operation: PENDING
14:00:17 INFO  State of current operation: PENDING
14:00:20 INFO  State of current operation: PENDING
14:00:22 INFO  State of current operation: PENDING
14:00:24 INFO  State of current operation: PENDING
14:00:26 INFO  State of current operation: PENDING
14:00:29 INFO  State of current operation: PENDING
14:00:31 INFO  State of current operation: PENDING
14:00:33 INFO  State of current operation: PENDING
14:00:35 INFO  State of current operation: PENDING
14:00:37 INFO  State of current operation: PENDING
14:00:40 INFO  State of current operation: PENDING
14:00:42 INFO  State of current operation: PENDING
14:00:44 INFO  State of current operation: PENDING
14:00:47 INFO  State of current operation: PENDING
14:00:49 INFO  State of current operation: PENDING
14:00:51 WARN  SystemError occurred while running test - Timeout while waiting for status FAILED or SUCCESSFUL
Traceback (most recent call last):
  File "/home/pi/env-pysys/lib/python3.7/site-packages/pysys/baserunner.py", line 1292, in __call__
    self.testObj.setup()
  File "/home/pi/actions-runner/_work/thin-edge.io/thin-edge.io/tests/PySys/software_management_end_to_end/sm_apt_install_remove/run.py", line 27, in setup
    super().setup()
  File "/home/pi/actions-runner/_work/thin-edge.io/thin-edge.io/tests/PySys/software_management_end_to_end/environment_sm_management.py", line 151, in setup
    self.wait_until_end()
  File "/home/pi/actions-runner/_work/thin-edge.io/thin-edge.io/tests/PySys/software_management_end_to_end/environment_sm_management.py", line 332, in wait_until_end
    self.wait_until_status("FAILED", "SUCCESSFUL")
  File "/home/pi/actions-runner/_work/thin-edge.io/thin-edge.io/tests/PySys/software_management_end_to_end/environment_sm_management.py", line 381, in wait_until_status
    "Timeout while waiting for status %s or %s" % (status, status2)
SystemError: Timeout while waiting for status FAILED or SUCCESSFUL
14:00:51 WARN  SystemError: Timeout while waiting for status FAILED or SUCCESSFUL ... blocked 
14:00:51 INFO  
14:00:51 INFO  cleanup:
14:00:55 INFO  Executed sudo&lt;tedge_disconnect_c8y&gt;, exit status 0
14:00:55 INFO  Executed systemctl&lt;serv_mapper5&gt;, exit status 3
14:00:55 INFO  
14:00:55 INFO  Test duration: 165.25 secs
14:00:55 INFO  Test final outcome:  BLOCKED
14:00:55 INFO  Test outcome reason: SystemError: Timeout while waiting for status FAILED or SUCCESSFUL
14:00:55 INFO  
</system-out>
	</testcase>
<testcase classname="PySysTest" name="SoftwareManagement.sm_apt_install_remove">
		<failure message="BLOCKED: SystemError: Timeout while waiting for status FAILED or SUCCESSFUL" type="BLOCKED" />
		<system-out>14:24:53 INFO  ==============================================================
14:24:53 INFO  Id:    SoftwareManagement.sm_apt_install_remove
14:24:53 INFO  Dir:   software_management_end_to_end/
14:24:53 INFO  Title: Validate end to end behaviour for the apt plugin for installation and removal of packages
14:24:53 INFO  ==============================================================
14:24:53 INFO  Using sw id database: {'asciijump': '5475369', 'robotfindskitten': '5474869', 'squirrel3': '5475279', 'rolldice': '5152439', 'moon-buggy': '5439204', 'apple': '5495053', 'banana': '5494888', 'cherry': '5495382', 'watermelon': '5494510', 'registry': '8018911', 'hello-world': '8021526', 'docker/getting-started': '8021973', 'alpine': '7991792'}
14:24:53 INFO  EnvironmentC8y Setup
14:24:53 INFO  Executed systemctl&lt;serv_mapper1&gt;, exit status 3
14:24:53 INFO  Restarting mosquitto too frequently in the last 10 seconds. It was only up for 4 seconds
14:24:53 INFO  Delaying execution by 7 seconds
14:25:14 INFO  Executed sudo&lt;tedge_connect_c8y&gt;, exit status 0, duration 14 secs
14:25:15 INFO  Executed sudo&lt;tedge_connect_c8y_test&gt;, exit status 0
14:25:16 INFO  Executed systemctl&lt;serv_mosq2&gt;, exit status 0
14:25:16 INFO  Executed systemctl&lt;serv_mapper3&gt;, exit status 0
14:25:18 INFO  State of current operation: PENDING
14:25:20 INFO  State of current operation: PENDING
14:25:23 INFO  State of current operation: PENDING
14:25:25 INFO  State of current operation: PENDING
14:25:27 INFO  State of current operation: PENDING
14:25:29 INFO  State of current operation: PENDING
14:25:32 INFO  State of current operation: PENDING
14:25:34 INFO  State of current operation: PENDING
14:25:36 INFO  State of current operation: PENDING
14:25:38 INFO  State of current operation: PENDING
14:25:41 INFO  State of current operation: PENDING
14:25:43 INFO  State of current operation: PENDING
14:25:45 INFO  State of current operation: PENDING
14:25:47 INFO  State of current operation: PENDING
14:25:50 INFO  State of current operation: PENDING
14:25:52 INFO  State of current operation: PENDING
14:25:54 INFO  State of current operation: PENDING
14:25:56 INFO  State of current operation: PENDING
14:25:59 INFO  State of current operation: PENDING
14:26:01 INFO  State of current operation: PENDING
14:26:03 INFO  State of current operation: PENDING
14:26:05 INFO  State of current operation: PENDING
14:26:07 INFO  State of current operation: PENDING
14:26:10 INFO  State of current operation: PENDING
14:26:12 INFO  State of current operation: PENDING
14:26:14 INFO  State of current operation: PENDING
14:26:16 INFO  State of current operation: PENDING
14:26:19 INFO  State of current operation: PENDING
14:26:21 INFO  State of current operation: PENDING
14:26:23 INFO  State of current operation: PENDING
14:26:26 INFO  State of current operation: PENDING
14:26:28 INFO  State of current operation: PENDING
14:26:30 INFO  State of current operation: PENDING
14:26:32 INFO  State of current operation: PENDING
14:26:35 INFO  State of current operation: PENDING
14:26:37 INFO  State of current operation: PENDING
14:26:39 INFO  State of current operation: PENDING
14:26:41 INFO  State of current operation: PENDING
14:26:44 INFO  State of current operation: PENDING
14:26:46 INFO  State of current operation: PENDING
14:26:48 INFO  State of current operation: PENDING
14:26:50 INFO  State of current operation: PENDING
14:26:52 INFO  State of current operation: PENDING
14:26:55 INFO  State of current operation: PENDING
14:26:57 INFO  State of current operation: PENDING
14:26:59 INFO  State of current operation: PENDING
14:27:01 INFO  State of current operation: PENDING
14:27:04 INFO  State of current operation: PENDING
14:27:06 INFO  State of current operation: PENDING
14:27:08 INFO  State of current operation: PENDING
14:27:10 INFO  State of current operation: PENDING
14:27:13 INFO  State of current operation: PENDING
14:27:15 INFO  State of current operation: PENDING
14:27:17 INFO  State of current operation: PENDING
14:27:19 INFO  State of current operation: PENDING
14:27:22 INFO  State of current operation: PENDING
14:27:24 INFO  State of current operation: PENDING
14:27:26 INFO  State of current operation: PENDING
14:27:28 INFO  State of current operation: PENDING
14:27:30 INFO  State of current operation: PENDING
14:27:33 INFO  State of current operation: PENDING
14:27:35 WARN  SystemError occurred while running test - Timeout while waiting for status FAILED or SUCCESSFUL
Traceback (most recent call last):
  File "/home/pi/env-pysys/lib/python3.7/site-packages/pysys/baserunner.py", line 1292, in __call__
    self.testObj.setup()
  File "/home/pi/actions-runner/_work/thin-edge.io/thin-edge.io/tests/PySys/software_management_end_to_end/sm_apt_install_remove/run.py", line 27, in setup
    super().setup()
  File "/home/pi/actions-runner/_work/thin-edge.io/thin-edge.io/tests/PySys/software_management_end_to_end/environment_sm_management.py", line 151, in setup
    self.wait_until_end()
  File "/home/pi/actions-runner/_work/thin-edge.io/thin-edge.io/tests/PySys/software_management_end_to_end/environment_sm_management.py", line 332, in wait_until_end
    self.wait_until_status("FAILED", "SUCCESSFUL")
  File "/home/pi/actions-runner/_work/thin-edge.io/thin-edge.io/tests/PySys/software_management_end_to_end/environment_sm_management.py", line 381, in wait_until_status
    "Timeout while waiting for status %s or %s" % (status, status2)
SystemError: Timeout while waiting for status FAILED or SUCCESSFUL
14:27:35 WARN  SystemError: Timeout while waiting for status FAILED or SUCCESSFUL ... blocked 
14:27:35 INFO  
14:27:35 INFO  cleanup:
14:27:39 INFO  Executed sudo&lt;tedge_disconnect_c8y&gt;, exit status 0
14:27:39 INFO  Executed systemctl&lt;serv_mapper5&gt;, exit status 3
14:27:39 INFO  
14:27:39 INFO  Test duration: 166.71 secs
14:27:39 INFO  Test final outcome:  BLOCKED
14:27:39 INFO  Test outcome reason: SystemError: Timeout while waiting for status FAILED or SUCCESSFUL
14:27:39 INFO  
</system-out>
	</testcase>
</testsuite><testsuite name="SoftwareManagement.sm_apt_install_remove_default" tests="3" errors="0" failures="2" skipped="1" time="0"><testcase classname="PySysTest" name="SoftwareManagement.sm_apt_install_remove_default">
		<skipped message="SKIPPED: Testing the apt plugin is not supported on this platform.Use parameter -XmyPlatform='container' to enable it" />
		<system-out>13:29:39 INFO  ==============================================================
13:29:39 INFO  Id:    SoftwareManagement.sm_apt_install_remove_default
13:29:39 INFO  Dir:   software_management_end_to_end/
13:29:39 INFO  Title: Validate end to end behaviour for the default plugin for installation and removal of packages
13:29:39 INFO  ==============================================================
13:29:39 INFO  Testing the apt plugin is not supported on this platform.Use parameter -XmyPlatform='container' to enable it ... skipped
13:29:39 WARN  Aborted test due to SKIPPED outcome
13:29:39 INFO  
13:29:39 INFO  Test duration: 0.02 secs
13:29:39 INFO  Test final outcome:  SKIPPED
13:29:39 INFO  Test outcome reason: Testing the apt plugin is not supported on this platform.Use parameter -XmyPlatform='container' to enable it
13:29:39 INFO  
</system-out>
	</testcase>
<testcase classname="PySysTest" name="SoftwareManagement.sm_apt_install_remove_default">
		<failure message="BLOCKED: SystemError: Timeout while waiting for status FAILED or SUCCESSFUL" type="BLOCKED" />
		<system-out>14:00:56 INFO  ==============================================================
14:00:56 INFO  Id:    SoftwareManagement.sm_apt_install_remove_default
14:00:56 INFO  Dir:   software_management_end_to_end/
14:00:56 INFO  Title: Validate end to end behaviour for the default plugin for installation and removal of packages
14:00:56 INFO  ==============================================================
14:00:56 INFO  Using sw id database: {'asciijump': '5475369', 'robotfindskitten': '5474869', 'squirrel3': '5475279', 'rolldice': '5152439', 'moon-buggy': '5439204', 'apple': '5495053', 'banana': '5494888', 'cherry': '5495382', 'watermelon': '5494510', 'registry': '8018911', 'hello-world': '8021526', 'docker/getting-started': '8021973', 'alpine': '7991792'}
14:00:56 INFO  EnvironmentC8y Setup
14:00:56 INFO  Executed systemctl&lt;serv_mapper1&gt;, exit status 3
14:00:56 INFO  Restarting mosquitto too frequently in the last 10 seconds. It was only up for 5 seconds
14:00:56 INFO  Delaying execution by 6 seconds
14:01:16 INFO  Executed sudo&lt;tedge_connect_c8y&gt;, exit status 0, duration 14 secs
14:01:17 INFO  Executed sudo&lt;tedge_connect_c8y_test&gt;, exit status 0
14:01:18 INFO  Executed systemctl&lt;serv_mosq2&gt;, exit status 0
14:01:18 INFO  Executed systemctl&lt;serv_mapper3&gt;, exit status 0
14:01:20 INFO  State of current operation: PENDING
14:01:22 INFO  State of current operation: PENDING
14:01:25 INFO  State of current operation: PENDING
14:01:27 INFO  State of current operation: PENDING
14:01:29 INFO  State of current operation: PENDING
14:01:31 INFO  State of current operation: PENDING
14:01:34 INFO  State of current operation: PENDING
14:01:36 INFO  State of current operation: PENDING
14:01:38 INFO  State of current operation: PENDING
14:01:40 INFO  State of current operation: PENDING
14:01:43 INFO  State of current operation: PENDING
14:01:45 INFO  State of current operation: PENDING
14:01:47 INFO  State of current operation: PENDING
14:01:49 INFO  State of current operation: PENDING
14:01:51 INFO  State of current operation: PENDING
14:01:54 INFO  State of current operation: PENDING
14:01:56 INFO  State of current operation: PENDING
14:01:58 INFO  State of current operation: PENDING
14:02:01 INFO  State of current operation: PENDING
14:02:03 INFO  State of current operation: PENDING
14:02:05 INFO  State of current operation: PENDING
14:02:08 INFO  State of current operation: PENDING
14:02:10 INFO  State of current operation: PENDING
14:02:12 INFO  State of current operation: PENDING
14:02:14 INFO  State of current operation: PENDING
14:02:17 INFO  State of current operation: PENDING
14:02:19 INFO  State of current operation: PENDING
14:02:21 INFO  State of current operation: PENDING
14:02:23 INFO  State of current operation: PENDING
14:02:25 INFO  State of current operation: PENDING
14:02:28 INFO  State of current operation: PENDING
14:02:30 INFO  State of current operation: PENDING
14:02:32 INFO  State of current operation: PENDING
14:02:35 INFO  State of current operation: PENDING
14:02:37 INFO  State of current operation: PENDING
14:02:39 INFO  State of current operation: PENDING
14:02:41 INFO  State of current operation: PENDING
14:02:43 INFO  State of current operation: PENDING
14:02:46 INFO  State of current operation: PENDING
14:02:48 INFO  State of current operation: PENDING
14:02:50 INFO  State of current operation: PENDING
14:02:52 INFO  State of current operation: PENDING
14:02:55 INFO  State of current operation: PENDING
14:02:57 INFO  State of current operation: PENDING
14:02:59 INFO  State of current operation: PENDING
14:03:01 INFO  State of current operation: PENDING
14:03:04 INFO  State of current operation: PENDING
14:03:06 INFO  State of current operation: PENDING
14:03:08 INFO  State of current operation: PENDING
14:03:10 INFO  State of current operation: PENDING
14:03:13 INFO  State of current operation: PENDING
14:03:15 INFO  State of current operation: PENDING
14:03:17 INFO  State of current operation: PENDING
14:03:19 INFO  State of current operation: PENDING
14:03:22 INFO  State of current operation: PENDING
14:03:24 INFO  State of current operation: PENDING
14:03:26 INFO  State of current operation: PENDING
14:03:28 INFO  State of current operation: PENDING
14:03:31 INFO  State of current operation: PENDING
14:03:33 INFO  State of current operation: PENDING
14:03:35 INFO  State of current operation: PENDING
14:03:37 WARN  SystemError occurred while running test - Timeout while waiting for status FAILED or SUCCESSFUL
Traceback (most recent call last):
  File "/home/pi/env-pysys/lib/python3.7/site-packages/pysys/baserunner.py", line 1292, in __call__
    self.testObj.setup()
  File "/home/pi/actions-runner/_work/thin-edge.io/thin-edge.io/tests/PySys/software_management_end_to_end/sm_apt_install_remove_default/run.py", line 26, in setup
    super().setup()
  File "/home/pi/actions-runner/_work/thin-edge.io/thin-edge.io/tests/PySys/software_management_end_to_end/environment_sm_management.py", line 151, in setup
    self.wait_until_end()
  File "/home/pi/actions-runner/_work/thin-edge.io/thin-edge.io/tests/PySys/software_management_end_to_end/environment_sm_management.py", line 332, in wait_until_end
    self.wait_until_status("FAILED", "SUCCESSFUL")
  File "/home/pi/actions-runner/_work/thin-edge.io/thin-edge.io/tests/PySys/software_management_end_to_end/environment_sm_management.py", line 381, in wait_until_status
    "Timeout while waiting for status %s or %s" % (status, status2)
SystemError: Timeout while waiting for status FAILED or SUCCESSFUL
14:03:37 WARN  SystemError: Timeout while waiting for status FAILED or SUCCESSFUL ... blocked 
14:03:37 INFO  
14:03:37 INFO  cleanup:
14:03:41 INFO  Executed sudo&lt;tedge_disconnect_c8y&gt;, exit status 0
14:03:42 INFO  Executed systemctl&lt;serv_mapper5&gt;, exit status 3
14:03:42 INFO  
14:03:42 INFO  Test duration: 166.23 secs
14:03:42 INFO  Test final outcome:  BLOCKED
14:03:42 INFO  Test outcome reason: SystemError: Timeout while waiting for status FAILED or SUCCESSFUL
14:03:42 INFO  
</system-out>
	</testcase>
<testcase classname="PySysTest" name="SoftwareManagement.sm_apt_install_remove_default">
		<failure message="BLOCKED: SystemError: Timeout while waiting for status FAILED or SUCCESSFUL" type="BLOCKED" />
		<system-out>14:27:39 INFO  ==============================================================
14:27:39 INFO  Id:    SoftwareManagement.sm_apt_install_remove_default
14:27:39 INFO  Dir:   software_management_end_to_end/
14:27:39 INFO  Title: Validate end to end behaviour for the default plugin for installation and removal of packages
14:27:39 INFO  ==============================================================
14:27:39 INFO  Using sw id database: {'asciijump': '5475369', 'robotfindskitten': '5474869', 'squirrel3': '5475279', 'rolldice': '5152439', 'moon-buggy': '5439204', 'apple': '5495053', 'banana': '5494888', 'cherry': '5495382', 'watermelon': '5494510', 'registry': '8018911', 'hello-world': '8021526', 'docker/getting-started': '8021973', 'alpine': '7991792'}
14:27:39 INFO  EnvironmentC8y Setup
14:27:40 INFO  Executed systemctl&lt;serv_mapper1&gt;, exit status 3
14:27:40 INFO  Restarting mosquitto too frequently in the last 10 seconds. It was only up for 5 seconds
14:27:40 INFO  Delaying execution by 6 seconds
14:28:00 INFO  Executed sudo&lt;tedge_connect_c8y&gt;, exit status 0, duration 14 secs
14:28:01 INFO  Executed sudo&lt;tedge_connect_c8y_test&gt;, exit status 0
14:28:01 INFO  Executed systemctl&lt;serv_mosq2&gt;, exit status 0
14:28:02 INFO  Executed systemctl&lt;serv_mapper3&gt;, exit status 0
14:28:04 INFO  State of current operation: PENDING
14:28:06 INFO  State of current operation: PENDING
14:28:09 INFO  State of current operation: PENDING
14:28:11 INFO  State of current operation: PENDING
14:28:13 INFO  State of current operation: PENDING
14:28:15 INFO  State of current operation: PENDING
14:28:17 INFO  State of current operation: PENDING
14:28:20 INFO  State of current operation: PENDING
14:28:22 INFO  State of current operation: PENDING
14:28:24 INFO  State of current operation: PENDING
14:28:26 INFO  State of current operation: PENDING
14:28:29 INFO  State of current operation: PENDING
14:28:31 INFO  State of current operation: PENDING
14:28:33 INFO  State of current operation: PENDING
14:28:36 INFO  State of current operation: PENDING
14:28:38 INFO  State of current operation: PENDING
14:28:40 INFO  State of current operation: PENDING
14:28:42 INFO  State of current operation: PENDING
14:28:45 INFO  State of current operation: PENDING
14:28:47 INFO  State of current operation: PENDING
14:28:49 INFO  State of current operation: PENDING
14:28:51 INFO  State of current operation: PENDING
14:28:53 INFO  State of current operation: PENDING
14:28:56 INFO  State of current operation: PENDING
14:28:58 INFO  State of current operation: PENDING
14:29:00 INFO  State of current operation: PENDING
14:29:02 INFO  State of current operation: PENDING
14:29:05 INFO  State of current operation: PENDING
14:29:07 INFO  State of current operation: PENDING
14:29:09 INFO  State of current operation: PENDING
14:29:12 INFO  State of current operation: PENDING
14:29:14 INFO  State of current operation: PENDING
14:29:16 INFO  State of current operation: PENDING
14:29:18 INFO  State of current operation: PENDING
14:29:20 INFO  State of current operation: PENDING
14:29:23 INFO  State of current operation: PENDING
14:29:25 INFO  State of current operation: PENDING
14:29:27 INFO  State of current operation: PENDING
14:29:29 INFO  State of current operation: PENDING
14:29:32 INFO  State of current operation: PENDING
14:29:34 INFO  State of current operation: PENDING
14:29:36 INFO  State of current operation: PENDING
14:29:38 INFO  State of current operation: PENDING
14:29:41 INFO  State of current operation: PENDING
14:29:43 INFO  State of current operation: PENDING
14:29:45 INFO  State of current operation: PENDING
14:29:47 INFO  State of current operation: PENDING
14:29:50 INFO  State of current operation: PENDING
14:29:52 INFO  State of current operation: PENDING
14:29:54 INFO  State of current operation: PENDING
14:29:56 INFO  State of current operation: PENDING
14:29:59 INFO  State of current operation: PENDING
14:30:01 INFO  State of current operation: PENDING
14:30:03 INFO  State of current operation: PENDING
14:30:05 INFO  State of current operation: PENDING
14:30:08 INFO  State of current operation: PENDING
14:30:10 INFO  State of current operation: PENDING
14:30:12 INFO  State of current operation: PENDING
14:30:14 INFO  State of current operation: PENDING
14:30:17 INFO  State of current operation: PENDING
14:30:19 INFO  State of current operation: PENDING
14:30:21 WARN  SystemError occurred while running test - Timeout while waiting for status FAILED or SUCCESSFUL
Traceback (most recent call last):
  File "/home/pi/env-pysys/lib/python3.7/site-packages/pysys/baserunner.py", line 1292, in __call__
    self.testObj.setup()
  File "/home/pi/actions-runner/_work/thin-edge.io/thin-edge.io/tests/PySys/software_management_end_to_end/sm_apt_install_remove_default/run.py", line 26, in setup
    super().setup()
  File "/home/pi/actions-runner/_work/thin-edge.io/thin-edge.io/tests/PySys/software_management_end_to_end/environment_sm_management.py", line 151, in setup
    self.wait_until_end()
  File "/home/pi/actions-runner/_work/thin-edge.io/thin-edge.io/tests/PySys/software_management_end_to_end/environment_sm_management.py", line 332, in wait_until_end
    self.wait_until_status("FAILED", "SUCCESSFUL")
  File "/home/pi/actions-runner/_work/thin-edge.io/thin-edge.io/tests/PySys/software_management_end_to_end/environment_sm_management.py", line 381, in wait_until_status
    "Timeout while waiting for status %s or %s" % (status, status2)
SystemError: Timeout while waiting for status FAILED or SUCCESSFUL
14:30:21 WARN  SystemError: Timeout while waiting for status FAILED or SUCCESSFUL ... blocked 
14:30:21 INFO  
14:30:21 INFO  cleanup:
14:30:25 INFO  Executed sudo&lt;tedge_disconnect_c8y&gt;, exit status 0
14:30:25 INFO  Executed systemctl&lt;serv_mapper5&gt;, exit status 3
14:30:25 INFO  
14:30:25 INFO  Test duration: 166.12 secs
14:30:25 INFO  Test final outcome:  BLOCKED
14:30:25 INFO  Test outcome reason: SystemError: Timeout while waiting for status FAILED or SUCCESSFUL
14:30:25 INFO  
</system-out>
	</testcase>
</testsuite><testsuite name="SoftwareManagement.sm_apt_install_remove_multiple" tests="3" errors="0" failures="2" skipped="1" time="0"><testcase classname="PySysTest" name="SoftwareManagement.sm_apt_install_remove_multiple">
		<skipped message="SKIPPED: Testing the apt plugin is not supported on this platform.Use parameter -XmyPlatform='container' to enable it" />
		<system-out>13:29:39 INFO  ==============================================================
13:29:39 INFO  Id:    SoftwareManagement.sm_apt_install_remove_multiple
13:29:39 INFO  Dir:   software_management_end_to_end/
13:29:39 INFO  Title: Validate end to end behaviour for the apt plugin for multiple packages
13:29:39 INFO  ==============================================================
13:29:39 INFO  Testing the apt plugin is not supported on this platform.Use parameter -XmyPlatform='container' to enable it ... skipped
13:29:39 WARN  Aborted test due to SKIPPED outcome
13:29:39 INFO  
13:29:39 INFO  Test duration: 0.02 secs
13:29:39 INFO  Test final outcome:  SKIPPED
13:29:39 INFO  Test outcome reason: Testing the apt plugin is not supported on this platform.Use parameter -XmyPlatform='container' to enable it
13:29:39 INFO  
</system-out>
	</testcase>
<testcase classname="PySysTest" name="SoftwareManagement.sm_apt_install_remove_multiple">
		<failure message="BLOCKED: SystemError: Timeout while waiting for status FAILED or SUCCESSFUL" type="BLOCKED" />
		<system-out>14:03:42 INFO  ==============================================================
14:03:42 INFO  Id:    SoftwareManagement.sm_apt_install_remove_multiple
14:03:42 INFO  Dir:   software_management_end_to_end/
14:03:42 INFO  Title: Validate end to end behaviour for the apt plugin for multiple packages
14:03:42 INFO  ==============================================================
14:03:42 INFO  Using sw id database: {'asciijump': '5475369', 'robotfindskitten': '5474869', 'squirrel3': '5475279', 'rolldice': '5152439', 'moon-buggy': '5439204', 'apple': '5495053', 'banana': '5494888', 'cherry': '5495382', 'watermelon': '5494510', 'registry': '8018911', 'hello-world': '8021526', 'docker/getting-started': '8021973', 'alpine': '7991792'}
14:03:42 INFO  EnvironmentC8y Setup
14:03:42 INFO  Executed systemctl&lt;serv_mapper1&gt;, exit status 3
14:03:42 INFO  Restarting mosquitto too frequently in the last 10 seconds. It was only up for 4 seconds
14:03:42 INFO  Delaying execution by 7 seconds
14:04:03 INFO  Executed sudo&lt;tedge_connect_c8y&gt;, exit status 0, duration 13 secs
14:04:04 INFO  Executed sudo&lt;tedge_connect_c8y_test&gt;, exit status 0
14:04:04 INFO  Executed systemctl&lt;serv_mosq2&gt;, exit status 0
14:04:05 INFO  Executed systemctl&lt;serv_mapper3&gt;, exit status 0
14:04:07 INFO  State of current operation: PENDING
14:04:09 INFO  State of current operation: PENDING
14:04:11 INFO  State of current operation: PENDING
14:04:14 INFO  State of current operation: PENDING
14:04:16 INFO  State of current operation: PENDING
14:04:18 INFO  State of current operation: PENDING
14:04:20 INFO  State of current operation: PENDING
14:04:22 INFO  State of current operation: PENDING
14:04:25 INFO  State of current operation: PENDING
14:04:27 INFO  State of current operation: PENDING
14:04:29 INFO  State of current operation: PENDING
14:04:31 INFO  State of current operation: PENDING
14:04:34 INFO  State of current operation: PENDING
14:04:36 INFO  State of current operation: PENDING
14:04:38 INFO  State of current operation: PENDING
14:04:40 INFO  State of current operation: PENDING
14:04:43 INFO  State of current operation: PENDING
14:04:45 INFO  State of current operation: PENDING
14:04:47 INFO  State of current operation: PENDING
14:04:49 INFO  State of current operation: PENDING
14:04:51 INFO  State of current operation: PENDING
14:04:54 INFO  State of current operation: PENDING
14:04:56 INFO  State of current operation: PENDING
14:04:58 INFO  State of current operation: PENDING
14:05:01 INFO  State of current operation: PENDING
14:05:03 INFO  State of current operation: PENDING
14:05:05 INFO  State of current operation: PENDING
14:05:07 INFO  State of current operation: PENDING
14:05:09 INFO  State of current operation: PENDING
14:05:12 INFO  State of current operation: PENDING
14:05:14 INFO  State of current operation: PENDING
14:05:16 INFO  State of current operation: PENDING
14:05:18 INFO  State of current operation: PENDING
14:05:21 INFO  State of current operation: PENDING
14:05:23 INFO  State of current operation: PENDING
14:05:25 INFO  State of current operation: PENDING
14:05:27 INFO  State of current operation: PENDING
14:05:30 INFO  State of current operation: PENDING
14:05:32 INFO  State of current operation: PENDING
14:05:34 INFO  State of current operation: PENDING
14:05:36 INFO  State of current operation: PENDING
14:05:38 INFO  State of current operation: PENDING
14:05:41 INFO  State of current operation: PENDING
14:05:43 INFO  State of current operation: PENDING
14:05:45 INFO  State of current operation: PENDING
14:05:47 INFO  State of current operation: PENDING
14:05:50 INFO  State of current operation: PENDING
14:05:52 INFO  State of current operation: PENDING
14:05:54 INFO  State of current operation: PENDING
14:05:56 INFO  State of current operation: PENDING
14:05:59 INFO  State of current operation: PENDING
14:06:01 INFO  State of current operation: PENDING
14:06:03 INFO  State of current operation: PENDING
14:06:05 INFO  State of current operation: PENDING
14:06:08 INFO  State of current operation: PENDING
14:06:10 INFO  State of current operation: PENDING
14:06:12 INFO  State of current operation: PENDING
14:06:14 INFO  State of current operation: PENDING
14:06:17 INFO  State of current operation: PENDING
14:06:19 INFO  State of current operation: PENDING
14:06:21 INFO  State of current operation: PENDING
14:06:23 WARN  SystemError occurred while running test - Timeout while waiting for status FAILED or SUCCESSFUL
Traceback (most recent call last):
  File "/home/pi/env-pysys/lib/python3.7/site-packages/pysys/baserunner.py", line 1292, in __call__
    self.testObj.setup()
  File "/home/pi/actions-runner/_work/thin-edge.io/thin-edge.io/tests/PySys/software_management_end_to_end/sm_apt_install_remove_multiple/run.py", line 52, in setup
    super().setup()
  File "/home/pi/actions-runner/_work/thin-edge.io/thin-edge.io/tests/PySys/software_management_end_to_end/environment_sm_management.py", line 151, in setup
    self.wait_until_end()
  File "/home/pi/actions-runner/_work/thin-edge.io/thin-edge.io/tests/PySys/software_management_end_to_end/environment_sm_management.py", line 332, in wait_until_end
    self.wait_until_status("FAILED", "SUCCESSFUL")
  File "/home/pi/actions-runner/_work/thin-edge.io/thin-edge.io/tests/PySys/software_management_end_to_end/environment_sm_management.py", line 381, in wait_until_status
    "Timeout while waiting for status %s or %s" % (status, status2)
SystemError: Timeout while waiting for status FAILED or SUCCESSFUL
14:06:23 WARN  SystemError: Timeout while waiting for status FAILED or SUCCESSFUL ... blocked 
14:06:23 INFO  
14:06:23 INFO  cleanup:
14:06:27 INFO  Executed sudo&lt;tedge_disconnect_c8y&gt;, exit status 0
14:06:28 INFO  Executed systemctl&lt;serv_mapper5&gt;, exit status 3
14:06:28 INFO  
14:06:28 INFO  Test duration: 165.97 secs
14:06:28 INFO  Test final outcome:  BLOCKED
14:06:28 INFO  Test outcome reason: SystemError: Timeout while waiting for status FAILED or SUCCESSFUL
14:06:28 INFO  
</system-out>
	</testcase>
<testcase classname="PySysTest" name="SoftwareManagement.sm_apt_install_remove_multiple">
		<failure message="BLOCKED: SystemError: Timeout while waiting for status FAILED or SUCCESSFUL" type="BLOCKED" />
		<system-out>14:30:26 INFO  ==============================================================
14:30:26 INFO  Id:    SoftwareManagement.sm_apt_install_remove_multiple
14:30:26 INFO  Dir:   software_management_end_to_end/
14:30:26 INFO  Title: Validate end to end behaviour for the apt plugin for multiple packages
14:30:26 INFO  ==============================================================
14:30:26 INFO  Using sw id database: {'asciijump': '5475369', 'robotfindskitten': '5474869', 'squirrel3': '5475279', 'rolldice': '5152439', 'moon-buggy': '5439204', 'apple': '5495053', 'banana': '5494888', 'cherry': '5495382', 'watermelon': '5494510', 'registry': '8018911', 'hello-world': '8021526', 'docker/getting-started': '8021973', 'alpine': '7991792'}
14:30:26 INFO  EnvironmentC8y Setup
14:30:26 INFO  Executed systemctl&lt;serv_mapper1&gt;, exit status 3
14:30:26 INFO  Restarting mosquitto too frequently in the last 10 seconds. It was only up for 5 seconds
14:30:26 INFO  Delaying execution by 6 seconds
14:30:47 INFO  Executed sudo&lt;tedge_connect_c8y&gt;, exit status 0, duration 14 secs
14:30:47 INFO  Executed sudo&lt;tedge_connect_c8y_test&gt;, exit status 0
14:30:48 INFO  Executed systemctl&lt;serv_mosq2&gt;, exit status 0
14:30:48 INFO  Executed systemctl&lt;serv_mapper3&gt;, exit status 0
14:30:52 INFO  State of current operation: PENDING
14:30:54 INFO  State of current operation: PENDING
14:30:56 INFO  State of current operation: PENDING
14:30:58 INFO  State of current operation: PENDING
14:31:01 INFO  State of current operation: PENDING
14:31:03 INFO  State of current operation: PENDING
14:31:05 INFO  State of current operation: PENDING
14:31:07 INFO  State of current operation: PENDING
14:31:09 INFO  State of current operation: PENDING
14:31:12 INFO  State of current operation: PENDING
14:31:14 INFO  State of current operation: PENDING
14:31:16 INFO  State of current operation: PENDING
14:31:18 INFO  State of current operation: PENDING
14:31:21 INFO  State of current operation: PENDING
14:31:23 INFO  State of current operation: PENDING
14:31:25 INFO  State of current operation: PENDING
14:31:27 INFO  State of current operation: PENDING
14:31:30 INFO  State of current operation: PENDING
14:31:32 INFO  State of current operation: PENDING
14:31:34 INFO  State of current operation: PENDING
14:31:36 INFO  State of current operation: PENDING
14:31:38 INFO  State of current operation: PENDING
14:31:41 INFO  State of current operation: PENDING
14:31:43 INFO  State of current operation: PENDING
14:31:45 INFO  State of current operation: PENDING
14:31:47 INFO  State of current operation: PENDING
14:31:50 INFO  State of current operation: PENDING
14:31:52 INFO  State of current operation: PENDING
14:31:54 INFO  State of current operation: PENDING
14:31:56 INFO  State of current operation: PENDING
14:31:59 INFO  State of current operation: PENDING
14:32:01 INFO  State of current operation: PENDING
14:32:03 INFO  State of current operation: PENDING
14:32:05 INFO  State of current operation: PENDING
14:32:08 INFO  State of current operation: PENDING
14:32:10 INFO  State of current operation: PENDING
14:32:12 INFO  State of current operation: PENDING
14:32:14 INFO  State of current operation: PENDING
14:32:17 INFO  State of current operation: PENDING
14:32:19 INFO  State of current operation: PENDING
14:32:21 INFO  State of current operation: PENDING
14:32:23 INFO  State of current operation: PENDING
14:32:25 INFO  State of current operation: PENDING
14:32:28 INFO  State of current operation: PENDING
14:32:30 INFO  State of current operation: PENDING
14:32:32 INFO  State of current operation: PENDING
14:32:34 INFO  State of current operation: PENDING
14:32:37 INFO  State of current operation: PENDING
14:32:39 INFO  State of current operation: PENDING
14:32:41 INFO  State of current operation: PENDING
14:32:43 INFO  State of current operation: PENDING
14:32:46 INFO  State of current operation: PENDING
14:32:48 INFO  State of current operation: PENDING
14:32:50 INFO  State of current operation: PENDING
14:32:53 INFO  State of current operation: PENDING
14:32:55 INFO  State of current operation: PENDING
14:32:57 INFO  State of current operation: PENDING
14:32:59 INFO  State of current operation: PENDING
14:33:02 INFO  State of current operation: PENDING
14:33:04 INFO  State of current operation: PENDING
14:33:06 INFO  State of current operation: PENDING
14:33:08 WARN  SystemError occurred while running test - Timeout while waiting for status FAILED or SUCCESSFUL
Traceback (most recent call last):
  File "/home/pi/env-pysys/lib/python3.7/site-packages/pysys/baserunner.py", line 1292, in __call__
    self.testObj.setup()
  File "/home/pi/actions-runner/_work/thin-edge.io/thin-edge.io/tests/PySys/software_management_end_to_end/sm_apt_install_remove_multiple/run.py", line 52, in setup
    super().setup()
  File "/home/pi/actions-runner/_work/thin-edge.io/thin-edge.io/tests/PySys/software_management_end_to_end/environment_sm_management.py", line 151, in setup
    self.wait_until_end()
  File "/home/pi/actions-runner/_work/thin-edge.io/thin-edge.io/tests/PySys/software_management_end_to_end/environment_sm_management.py", line 332, in wait_until_end
    self.wait_until_status("FAILED", "SUCCESSFUL")
  File "/home/pi/actions-runner/_work/thin-edge.io/thin-edge.io/tests/PySys/software_management_end_to_end/environment_sm_management.py", line 381, in wait_until_status
    "Timeout while waiting for status %s or %s" % (status, status2)
SystemError: Timeout while waiting for status FAILED or SUCCESSFUL
14:33:08 WARN  SystemError: Timeout while waiting for status FAILED or SUCCESSFUL ... blocked 
14:33:08 INFO  
14:33:08 INFO  cleanup:
14:33:12 INFO  Executed sudo&lt;tedge_disconnect_c8y&gt;, exit status 0
14:33:13 INFO  Executed systemctl&lt;serv_mapper5&gt;, exit status 3
14:33:13 INFO  
14:33:13 INFO  Test duration: 167.08 secs
14:33:13 INFO  Test final outcome:  BLOCKED
14:33:13 INFO  Test outcome reason: SystemError: Timeout while waiting for status FAILED or SUCCESSFUL
14:33:13 INFO  
</system-out>
	</testcase>
</testsuite><testsuite name="SoftwareManagement.sm_apt_install_remove_multiple_mixed" tests="3" errors="0" failures="2" skipped="1" time="0"><testcase classname="PySysTest" name="SoftwareManagement.sm_apt_install_remove_multiple_mixed">
		<skipped message="SKIPPED: Testing the apt plugin is not supported on this platform.Use parameter -XmyPlatform='container' to enable it" />
		<system-out>13:29:39 INFO  ==============================================================
[...]
13:17:42 WARN  retry, retrying in 1 seconds...
13:17:43 INFO  log response None
13:17:43 WARN  retry, retrying in 1 seconds...
13:17:45 INFO  log response None
13:17:45 WARN  retry, retrying in 1 seconds...
13:17:46 INFO  log response None
13:17:46 WARN  retry, retrying in 1 seconds...
13:17:47 INFO  log response None
13:17:47 WARN  retry, retrying in 1 seconds...
13:17:48 INFO  log response None
13:17:48 WARN  retry, retrying in 1 seconds...
13:17:50 INFO  log response None
13:17:50 WARN  retry, retrying in 1 seconds...
13:17:51 INFO  log response None
13:17:51 WARN  retry, retrying in 1 seconds...
13:17:52 INFO  log response None
13:17:52 WARN  retry, retrying in 1 seconds...
13:17:53 INFO  log response None
13:17:53 WARN  retry, retrying in 1 seconds...
13:17:54 INFO  log response None
13:17:54 WARN  retry, retrying in 1 seconds...
13:17:56 INFO  log response None
13:17:56 WARN  retry, retrying in 1 seconds...
13:17:57 INFO  log response None
13:17:57 WARN  retry, retrying in 1 seconds...
13:17:58 INFO  log response None
13:17:58 WARN  retry, retrying in 1 seconds...
13:17:59 INFO  log response None
13:17:59 WARN  retry, retrying in 1 seconds...
13:18:01 INFO  log response None
13:18:01 WARN  retry, retrying in 1 seconds...
13:18:02 INFO  log response None
13:18:02 WARN  retry, retrying in 1 seconds...
13:18:03 INFO  log response None
13:18:03 WARN  retry, retrying in 1 seconds...
13:18:04 INFO  log response None
13:18:04 WARN  Exception occurred while running test - retry
Traceback (most recent call last):
  File "/home/pi/env-pysys/lib/python3.7/site-packages/pysys/baserunner.py", line 1296, in __call__
    self.testObj.validate()
  File "/home/pi/actions-runner/_work/thin-edge.io/thin-edge.io/tests/PySys/log_request_end_to_end/log_request_num_lines/run.py", line 44, in validate
    self.assertThat("True == value", value=self.wait_until_logs_retrieved())
  File "/home/pi/env-pysys/lib/python3.7/site-packages/decorator.py", line 232, in fun
    return caller(func, *(extras + args), **kw)
  File "/home/pi/env-pysys/lib/python3.7/site-packages/retry/api.py", line 74, in retry_decorator
    logger)
  File "/home/pi/env-pysys/lib/python3.7/site-packages/retry/api.py", line 33, in __retry_internal
    return f()
  File "/home/pi/actions-runner/_work/thin-edge.io/thin-edge.io/tests/PySys/log_request_end_to_end/log_request_num_lines/run.py", line 52, in wait_until_logs_retrieved
    raise Exception("retry")
Exception: retry
13:18:04 WARN  Exception: retry ... blocked 
13:18:04 INFO  
13:18:04 INFO  cleanup:
13:18:05 INFO  Executed sudo&lt;rm_logs&gt;, exit status 0
13:18:05 INFO  Executed sudo&lt;rm_tmp_logs&gt;, exit status 0
13:18:06 INFO  Executed sudo&lt;send_failed&gt;, exit status 0
13:18:10 INFO  Executed sudo&lt;tedge_disconnect_c8y&gt;, exit status 0
13:18:11 INFO  Executed systemctl&lt;serv_mapper5&gt;, exit status 3
13:18:11 INFO  
13:18:11 INFO  Test duration: 54.66 secs
13:18:11 INFO  Test final outcome:  BLOCKED
13:18:11 INFO  Test outcome reason: Exception: retry
13:18:11 INFO  
</system-out>
	</testcase>
</testsuite><testsuite name="mapper_awaits_before_reconnect" tests="1" errors="0" failures="1" skipped="0" time="0"><testcase classname="MapperReconnectAwait" name="mapper_awaits_before_reconnect">
		<failure message="FAILED: Line count on tedge_mapper_journal.out for &quot;tedge_mapper::core::mapper: MQTT connection error:&quot; expected &gt;=2 but got 0" type="FAILED" />
		<system-out>13:32:43 INFO  ==============================================================
13:32:43 INFO  Id:    mapper_awaits_before_reconnect
13:32:43 INFO  Dir:   tedge_mapper_c8y/
13:32:43 INFO  Title: Validate mapper doesn't reconnect too often
13:32:43 INFO  ==============================================================
13:32:43 INFO  Started mosquitto_sub with process id 5406
13:32:43 INFO  Waiting for 0.1 seconds
13:32:44 INFO  Executed sudo&lt;tedge_mapper&gt;, exit status 0
13:32:44 INFO  Waiting for 5.0 seconds
13:32:50 INFO  Executed sudo&lt;tedge_mapper&gt;, exit status 0
13:32:50 INFO  Executed sudo&lt;tedge_mapper_journal&gt;, exit status 0
13:32:50 WARN  Grep on tedge_mapper_journal.out contains "ERROR" ... failed [run.py:67]
13:32:50 INFO  Line count on file tedge_mapper_journal.out ... passed
13:32:50 WARN  Line count on tedge_mapper_journal.out for "tedge_mapper::core::mapper: MQTT connection error:" expected &gt;=2 but got 0 ... failed [run.py:78]
13:32:50 WARN  Aborted test due to FAILED outcome
13:32:50 INFO  
13:32:50 INFO  Test duration: 7.07 secs
13:32:50 INFO  Test final outcome:  FAILED
13:32:50 INFO  Test outcome reason: Line count on tedge_mapper_journal.out for "tedge_mapper::core::mapper: MQTT connection error:" expected &gt;=2 but got 0
13:32:50 INFO  
</system-out>
	</testcase>
</testsuite><testsuite name="monitoring_smaller_interval" tests="1" errors="0" failures="1" skipped="0" time="0"><testcase classname="MonitoringSmallInterval" name="monitoring_smaller_interval">
		<failure message="BLOCKED: TypeError: 'int' object is not subscriptable" type="BLOCKED" />
		<system-out>13:19:41 INFO  ==============================================================
13:19:41 INFO  Id:    monitoring_smaller_interval
13:19:41 INFO  Dir:   monitoring/
13:19:41 INFO  Title: Validate the tedge dm agent messages that are produced with smaller sampling interval than the batching window. Here the simulated collectd messages are used
13:19:41 INFO  ==============================================================
13:19:42 INFO  Executed sudo&lt;collectd&gt;, exit status 0
13:19:42 INFO  Executed sudo&lt;collectd_mapper&gt;, exit status 0
13:19:42 INFO  Started sudo&lt;tedge_sub&gt; with process id 1578
13:19:43 INFO  Executed sudo&lt;tedge_temp&gt;, exit status 0
13:19:43 INFO  Executed sudo&lt;tedge_pres&gt;, exit status 0
13:19:44 INFO  Executed sudo&lt;tedge_temp&gt;, exit status 0
13:19:45 INFO  Executed sudo&lt;tedge_pres&gt;, exit status 0
13:19:45 INFO  Executed sudo&lt;tedge_temp&gt;, exit status 0
13:19:46 INFO  Executed sudo&lt;tedge_pres&gt;, exit status 0
13:19:46 INFO  Executed sudo&lt;tedge_temp&gt;, exit status 0
13:19:47 INFO  Executed sudo&lt;tedge_pres&gt;, exit status 0
13:19:48 INFO  Executed sudo&lt;tedge_temp&gt;, exit status 0
13:19:48 INFO  Executed sudo&lt;tedge_pres&gt;, exit status 0
13:19:49 INFO  Executed sudo&lt;tedge_temp&gt;, exit status 0
13:19:49 INFO  Executed sudo&lt;tedge_pres&gt;, exit status 0
13:19:50 INFO  Executed sudo&lt;tedge_temp&gt;, exit status 0
13:19:50 INFO  Executed sudo&lt;tedge_pres&gt;, exit status 0
13:19:51 INFO  Executed sudo&lt;tedge_temp&gt;, exit status 0
13:19:51 INFO  Executed sudo&lt;tedge_pres&gt;, exit status 0
13:19:52 INFO  Executed sudo&lt;tedge_temp&gt;, exit status 0
13:19:53 INFO  Executed sudo&lt;tedge_pres&gt;, exit status 0
13:19:53 INFO  Executed sudo&lt;tedge_temp&gt;, exit status 0
13:19:54 INFO  Executed sudo&lt;tedge_pres&gt;, exit status 0
13:19:55 INFO  Executed sudo&lt;kill_out&gt;, exit status 0
13:19:55 INFO  0

13:19:55 WARN  TypeError occurred while running test - 'int' object is not subscriptable
Traceback (most recent call last):
  File "/home/pi/env-pysys/lib/python3.7/site-packages/pysys/baserunner.py", line 1296, in __call__
    self.testObj.validate()
  File "/home/pi/actions-runner/_work/thin-edge.io/thin-edge.io/tests/PySys/monitoring/monitoring_smaller_interval/run.py", line 104, in validate
    collectd_msg_validation_result=self.validate_json(),
  File "/home/pi/actions-runner/_work/thin-edge.io/thin-edge.io/tests/PySys/monitoring/monitoring_smaller_interval/run.py", line 114, in validate_json
    if not self.validate_time():
  File "/home/pi/actions-runner/_work/thin-edge.io/thin-edge.io/tests/PySys/monitoring/monitoring_smaller_interval/run.py", line 134, in validate_time
    if self.js_msg["time"]:
TypeError: 'int' object is not subscriptable
13:19:55 WARN  TypeError: 'int' object is not subscriptable ... blocked 
13:19:55 INFO  
13:19:55 INFO  cleanup:
13:19:55 INFO  monitoring_cleanup
13:19:56 INFO  Executed sudo&lt;collectd_mapper&gt;, exit status 0
13:19:56 INFO  
13:19:56 INFO  Test duration: 14.82 secs
13:19:56 INFO  Test final outcome:  BLOCKED
13:19:56 INFO  Test outcome reason: TypeError: 'int' object is not subscriptable
13:19:56 INFO  
</system-out>
	</testcase>
</testsuite><testsuite name="monitoring_with_collectd" tests="1" errors="0" failures="0" skipped="1" time="0"><testcase classname="MonitoringWithCollectd" name="monitoring_with_collectd">
		<skipped message="SKIPPED: Test execution disabled due to #792 (instable)" />
		<system-out>13:19:56 INFO  ==============================================================
13:19:56 INFO  Id:    monitoring_with_collectd
13:19:56 INFO  Dir:   monitoring/
13:19:56 INFO  Title: Validate tedge dm agent messages that are produced by batching the collectd messages
13:19:56 INFO  ==============================================================
13:19:56 INFO  Test execution disabled due to #792 (instable) ... skipped
13:19:56 INFO  
13:19:56 INFO  Test duration: 0.02 secs
13:19:56 INFO  Test final outcome:  SKIPPED
13:19:56 INFO  Test outcome reason: Test execution disabled due to #792 (instable)
13:19:56 INFO  
</system-out>
	</testcase>
</testsuite><testsuite name="monitoring_with_simulated_messages" tests="1" errors="0" failures="1" skipped="0" time="0"><testcase classname="MonitoringWithSimulatedMessages" name="monitoring_with_simulated_messages">
		<failure message="BLOCKED: TypeError: 'int' object is not subscriptable" type="BLOCKED" />
		<system-out>13:19:56 INFO  ==============================================================
13:19:56 INFO  Id:    monitoring_with_simulated_messages
13:19:56 INFO  Dir:   monitoring/
13:19:56 INFO  Title: Validate the tedge dm agent messages that are produced from the simulated collectd messages
13:19:56 INFO  ==============================================================
13:19:57 INFO  Executed sudo&lt;collectd&gt;, exit status 0
13:19:57 INFO  Executed sudo&lt;collectd_mapper&gt;, exit status 0
13:19:57 INFO  Started sudo&lt;tedge_sub&gt; with process id 1640
13:19:58 INFO  Executed sudo&lt;tedge_temp&gt;, exit status 0
13:19:58 INFO  Executed sudo&lt;tedge_pres&gt;, exit status 0
13:20:00 INFO  Executed sudo&lt;kill_out&gt;, exit status 0
13:20:00 INFO  0

13:20:00 WARN  TypeError occurred while running test - 'int' object is not subscriptable
Traceback (most recent call last):
  File "/home/pi/env-pysys/lib/python3.7/site-packages/pysys/baserunner.py", line 1296, in __call__
    self.testObj.validate()
  File "/home/pi/actions-runner/_work/thin-edge.io/thin-edge.io/tests/PySys/monitoring/monitoring_with_simulated_messages/run.py", line 98, in validate
    collectd_msg_validation_result=self.validate_json(),
  File "/home/pi/actions-runner/_work/thin-edge.io/thin-edge.io/tests/PySys/monitoring/monitoring_with_simulated_messages/run.py", line 108, in validate_json
    if not self.validate_time():
  File "/home/pi/actions-runner/_work/thin-edge.io/thin-edge.io/tests/PySys/monitoring/monitoring_with_simulated_messages/run.py", line 127, in validate_time
    if self.js_msg["time"]:
TypeError: 'int' object is not subscriptable
13:20:00 WARN  TypeError: 'int' object is not subscriptable ... blocked 
13:20:00 INFO  
13:20:00 INFO  cleanup:
13:20:00 INFO  monitoring_cleanup
13:20:00 INFO  Executed sudo&lt;collectd_mapper&gt;, exit status 0
13:20:00 INFO  
13:20:00 INFO  Test duration: 4.44 secs
13:20:00 INFO  Test final outcome:  BLOCKED
13:20:00 INFO  Test outcome reason: TypeError: 'int' object is not subscriptable
13:20:00 INFO  
</system-out>
	</testcase>
</testsuite><testsuite name="mqtt_port_change_connection_fails" tests="1" errors="0" failures="0" skipped="0" time="0"><testcase classname="MqttPortChangeConnectionFails" name="mqtt_port_change_connection_fails" />
</testsuite><testsuite name="mqtt_port_change_connection_works" tests="1" errors="0" failures="0" skipped="1" time="0"><testcase classname="MqttPortChangeConnectionWorks" name="mqtt_port_change_connection_works">
		<skipped message="SKIPPED: failing intermitently" />
		<system-out>13:18:46 INFO  ==============================================================
13:18:46 INFO  Id:    mqtt_port_change_connection_works
13:18:46 INFO  Dir:   misc_features/
13:18:46 INFO  Title: mqtt port change connection works for all the thin-edge services that use the mosquitto broker
13:18:46 INFO  ==============================================================
13:18:46 INFO  failing intermitently ... skipped
13:18:46 INFO  
13:18:46 INFO  Test duration: 0.02 secs
13:18:46 INFO  Test final outcome:  SKIPPED
13:18:46 INFO  Test outcome reason: failing intermitently
13:18:46 INFO  
</system-out>
	</testcase>
</testsuite><testsuite name="mqtt_port_set" tests="1" errors="0" failures="0" skipped="0" time="0"><testcase classname="MqttPortSet" name="mqtt_port_set" />
</testsuite><testsuite name="mqtt_port_unset" tests="1" errors="0" failures="0" skipped="0" time="0"><testcase classname="MqttPortUnSet" name="mqtt_port_unset" />
</testsuite><testsuite name="publish_flux" tests="1" errors="0" failures="0" skipped="0" time="0"><testcase classname="PublishFlux" name="publish_flux" />
</testsuite><testsuite name="publish_sawmill" tests="1" errors="0" failures="0" skipped="0" time="0"><testcase classname="PublishSawmill" name="publish_sawmill" />
</testsuite><testsuite name="runtime_start_two_mappers" tests="1" errors="0" failures="0" skipped="0" time="0"><testcase classname="RuntimeMultiMappers" name="runtime_start_two_mappers" />
</testsuite><testsuite name="sm_tedge_mapper_init_session" tests="1" errors="0" failures="0" skipped="0" time="0"><testcase classname="TedgeSMMapperInitSession" name="sm_tedge_mapper_init_session" />
</testsuite><testsuite name="smoketest_json" tests="1" errors="0" failures="0" skipped="0" time="0"><testcase classname="SmokeTestJson" name="smoketest_json" />
</testsuite><testsuite name="smoketest_json_400_samples_10ms" tests="1" errors="0" failures="0" skipped="0" time="0"><testcase classname="SmoketestJson400Samples10ms" name="smoketest_json_400_samples_10ms" />
</testsuite><testsuite name="smoketest_json_400_samples_20ms" tests="1" errors="0" failures="0" skipped="0" time="0"><testcase classname="SmoketestJson400Samples20ms" name="smoketest_json_400_samples_20ms" />
</testsuite><testsuite name="smoketest_smartrest" tests="1" errors="0" failures="0" skipped="0" time="0"><testcase classname="SmoketestSmartRest" name="smoketest_smartrest" />
</testsuite><testsuite name="smoketest_smartrest_400_samples_1Xms" tests="1" errors="0" failures="0" skipped="0" time="0"><testcase classname="SmoketestSmartRest400Samples1Xms" name="smoketest_smartrest_400_samples_1Xms" />
</testsuite><testsuite name="smoketest_smartrest_400_samples_20ms" tests="1" errors="0" failures="0" skipped="0" time="0"><testcase classname="SmoketestSmartRest400Samples20ms" name="smoketest_smartrest_400_samples_20ms" />
</testsuite><testsuite name="tedge_agent_user_sudo_access" tests="1" errors="0" failures="0" skipped="1" time="0"><testcase classname="TedgeAgentUserSudoAccess" name="tedge_agent_user_sudo_access">
		<skipped message="SKIPPED: #955 Observation: Exit code of the apt plugin when called with no arguments" />
		<system-out>13:30:06 INFO  ==============================================================
13:30:06 INFO  Id:    tedge_agent_user_sudo_access
13:30:06 INFO  Dir:   tedge/
13:30:06 INFO  Title: Validate tedge-agent user has a limited sudo right
13:30:06 INFO  ==============================================================
13:30:06 INFO  #955 Observation: Exit code of the apt plugin when called with no arguments ... skipped
13:30:06 INFO  
13:30:06 INFO  Test duration: 0.02 secs
13:30:06 INFO  Test final outcome:  SKIPPED
13:30:06 INFO  Test outcome reason: #955 Observation: Exit code of the apt plugin when called with no arguments
13:30:06 INFO  
</system-out>
	</testcase>
</testsuite><testsuite name="tedge_connect_test_negative" tests="1" errors="0" failures="0" skipped="0" time="0"><testcase classname="TedgeConnectTestNegative" name="tedge_connect_test_negative" />
</testsuite><testsuite name="tedge_connect_test_positive" tests="1" errors="0" failures="0" skipped="0" time="0"><testcase classname="TedgeConnectTestPositive" name="tedge_connect_test_positive" />
</testsuite><testsuite name="tedge_connect_test_sm_services" tests="1" errors="0" failures="0" skipped="0" time="0"><testcase classname="TedgeConnectTestSMServices" name="tedge_connect_test_sm_services" />
</testsuite><testsuite name="tedge_disconnect_test_sm_services" tests="1" errors="0" failures="0" skipped="0" time="0"><testcase classname="TedgeDisConnectTestSMServices" name="tedge_disconnect_test_sm_services" />
</testsuite><testsuite name="tedge_mapper_az_negative" tests="1" errors="0" failures="0" skipped="0" time="0"><testcase classname="TedgeMapperAzError" name="tedge_mapper_az_negative" />
</testsuite><testsuite name="tedge_mapper_az_with_timestamp" tests="1" errors="0" failures="0" skipped="0" time="0"><testcase classname="TedgeMapperAzWithTimestamp" name="tedge_mapper_az_with_timestamp" />
</testsuite><testsuite name="tedge_mapper_az_without_timestamp" tests="1" errors="0" failures="0" skipped="0" time="0"><testcase classname="TedgeMapperAzWithoutTimestamp" name="tedge_mapper_az_without_timestamp" />
</testsuite><testsuite name="tedge_mapper_c8y_alarms" tests="1" errors="0" failures="0" skipped="0" time="0"><testcase classname="TedgeMapperC8yAlarm" name="tedge_mapper_c8y_alarms" />
</testsuite><testsuite name="tedge_mapper_c8y_child_device_measurement" tests="1" errors="0" failures="0" skipped="0" time="0"><testcase classname="TedgeMapperC8yChildDevice" name="tedge_mapper_c8y_child_device_measurement" />
</testsuite><testsuite name="tedge_mapper_c8y_packet_threshold_size" tests="1" errors="0" failures="1" skipped="0" time="0"><testcase classname="TedgeMapperC8yThresholdPacketSize" name="tedge_mapper_c8y_packet_threshold_size">
		<failure message="FAILED: Grep on tedge_sub.out contains &quot;The size of the message received on tedge/measurements is 20489 which is greater than the threshold size of 16184.&quot;" type="FAILED" />
		<system-out>13:34:27 INFO  ==============================================================
13:34:27 INFO  Id:    tedge_mapper_c8y_packet_threshold_size
13:34:27 INFO  Dir:   tedge_mapper_c8y/
13:34:27 INFO  Title: Validate the Cumulocity Mapper accepted threshold packet size when it receives a message on tedge/measurements
13:34:27 INFO  ==============================================================
13:34:28 INFO  Executed sudo&lt;tedge_mapper_c8y&gt;, exit status 0
13:34:28 INFO  Started sudo&lt;tedge_sub&gt; with process id 6011
13:34:29 INFO  Executed sudo&lt;tedge_msg&gt;, exit status 0
13:34:29 INFO  Executed sudo&lt;tedge_pub&gt;, exit status 0
13:34:30 INFO  Executed sudo&lt;kill_out&gt;, exit status 0
13:34:30 WARN  Grep on tedge_sub.out contains "The size of the message received on tedge/measurements is 20489 which is greater than the threshold size of 16184." ... failed [run.py:88]
13:34:30 INFO  
13:34:30 INFO  cleanup:
13:34:30 INFO  mapper_cleanup
13:34:30 INFO  Executed sudo&lt;tedge_mapper_c8y&gt;, exit status 0
13:34:30 INFO  
13:34:30 INFO  Test duration: 3.00 secs
13:34:30 INFO  Test final outcome:  FAILED
13:34:30 INFO  Test outcome reason: Grep on tedge_sub.out contains "The size of the message received on tedge/measurements is 20489 which is greater than the threshold size of 16184."
13:34:30 INFO  
</system-out>
	</testcase>
</testsuite><testsuite name="tedge_software_update" tests="1" errors="0" failures="0" skipped="0" time="0"><testcase classname="PySysTest" name="tedge_software_update" />
</testsuite><testsuite name="valid_device_id" tests="1" errors="0" failures="0" skipped="0" time="0"><testcase classname="ValidateValidDeviceId" name="valid_device_id" />
</testsuite></testsuites>