<?xml version='1.0' encoding='utf-8'?>
<testsuites tests="147" failures="19" errors="0" skipped="45" time="0.0"><testsuite name="SoftwareManagement.Plugin.apama_plugin_install" tests="3" errors="0" failures="1" skipped="1" time="0"><testcase classname="ApamaPluginInstallTest" name="SoftwareManagement.Plugin.apama_plugin_install">
		<skipped message="SKIPPED: Apama plugin tests are disabled by default. Execute `pysys run` with `-XmyPlatform=container` to run these tests" />
		<system-out>08:18:52 INFO  ==============================================================
08:18:52 INFO  Id:    SoftwareManagement.Plugin.apama_plugin_install
08:18:52 INFO  Dir:   plugin_apama/
08:18:52 INFO  Title: Validate apama plugin install
08:18:52 INFO  ==============================================================
08:18:52 INFO  Apama plugin tests are disabled by default. Execute `pysys run` with `-XmyPlatform=container` to run these tests ... skipped
08:18:52 WARN  Aborted test due to SKIPPED outcome
08:18:52 INFO  
08:18:52 INFO  Test duration: 0.05 secs
08:18:52 INFO  Test final outcome:  SKIPPED
08:18:52 INFO  Test outcome reason: Apama plugin tests are disabled by default. Execute `pysys run` with `-XmyPlatform=container` to run these tests
08:18:52 INFO  
</system-out>
	</testcase>
<testcase classname="ApamaPluginInstallTest" name="SoftwareManagement.Plugin.apama_plugin_install">
		<failure message="BLOCKED: sudo&lt;plugin_install&gt; returned non-zero exit code 2" type="BLOCKED" />
		<system-out>09:07:57 INFO  ==============================================================
09:07:57 INFO  Id:    SoftwareManagement.Plugin.apama_plugin_install
09:07:57 INFO  Dir:   plugin_apama/
09:07:57 INFO  Title: Validate apama plugin install
09:07:57 INFO  ==============================================================
09:07:57 INFO  Assertion that path exists=False for "/etc/tedge/apama/project" ... passed
09:08:09 WARN  Executed sudo&lt;plugin_install&gt;, exit status 2, duration 12 secs
09:08:09 INFO  Contents of plugin_install.err: 
  Failed to connect to remote component: Failed to connect to localhost:15903: Connection refused
  ERROR: Execution of `/opt/softwareag/Apama/bin/apama_env` failed with exit status exit status: 1
  -----

09:08:09 WARN  sudo&lt;plugin_install&gt; returned non-zero exit code 2 ... blocked [run.py:29]
09:08:09 WARN  Aborted test due to BLOCKED outcome
09:08:09 INFO  
09:08:09 INFO  cleanup:
09:08:09 INFO  Removing apama project
09:08:26 INFO  Executed sudo&lt;stop_apama_service&gt;, exit status 0, duration 16 secs
09:08:26 INFO  Executed sudo&lt;remove_apama_project&gt;, exit status 0
09:08:27 INFO  Executed sudo&lt;remove_apama_tmp_dir&gt;, exit status 0
09:08:27 INFO  
09:08:27 INFO  Test duration: 30.09 secs
09:08:27 INFO  Test final outcome:  BLOCKED
09:08:27 INFO  Test outcome reason: sudo&lt;plugin_install&gt; returned non-zero exit code 2
09:08:27 INFO  
</system-out>
	</testcase>
<testcase classname="ApamaPluginInstallTest" name="SoftwareManagement.Plugin.apama_plugin_install" />
</testsuite><testsuite name="SoftwareManagement.Plugin.apama_plugin_mon_support" tests="3" errors="0" failures="0" skipped="1" time="0"><testcase classname="ApamaPluginMonSupportTest" name="SoftwareManagement.Plugin.apama_plugin_mon_support">
		<skipped message="SKIPPED: Apama plugin tests are disabled by default. Execute `pysys run` with `-XmyPlatform=container` to run these tests" />
		<system-out>08:18:52 INFO  ==============================================================
08:18:52 INFO  Id:    SoftwareManagement.Plugin.apama_plugin_mon_support
08:18:52 INFO  Dir:   plugin_apama/
08:18:52 INFO  Title: Validate mon file support of apama plugin
08:18:52 INFO  ==============================================================
08:18:52 INFO  Apama plugin tests are disabled by default. Execute `pysys run` with `-XmyPlatform=container` to run these tests ... skipped
08:18:52 WARN  Aborted test due to SKIPPED outcome
08:18:52 INFO  
08:18:52 INFO  Test duration: 0.03 secs
08:18:52 INFO  Test final outcome:  SKIPPED
08:18:52 INFO  Test outcome reason: Apama plugin tests are disabled by default. Execute `pysys run` with `-XmyPlatform=container` to run these tests
08:18:52 INFO  
</system-out>
	</testcase>
<testcase classname="ApamaPluginMonSupportTest" name="SoftwareManagement.Plugin.apama_plugin_mon_support" />
<testcase classname="ApamaPluginMonSupportTest" name="SoftwareManagement.Plugin.apama_plugin_mon_support" />
</testsuite><testsuite name="SoftwareManagement.Plugin.apama_plugin_remove" tests="3" errors="0" failures="0" skipped="1" time="0"><testcase classname="ApamaPluginRemoveTest" name="SoftwareManagement.Plugin.apama_plugin_remove">
		<skipped message="SKIPPED: Apama plugin tests are disabled by default. Execute `pysys run` with `-XmyPlatform=container` to run these tests" />
		<system-out>08:18:52 INFO  ==============================================================
08:18:52 INFO  Id:    SoftwareManagement.Plugin.apama_plugin_remove
08:18:52 INFO  Dir:   plugin_apama/
08:18:52 INFO  Title: Validate apama plugin remove
08:18:52 INFO  ==============================================================
08:18:52 INFO  Apama plugin tests are disabled by default. Execute `pysys run` with `-XmyPlatform=container` to run these tests ... skipped
08:18:52 WARN  Aborted test due to SKIPPED outcome
08:18:52 INFO  
08:18:52 INFO  Test duration: 0.02 secs
08:18:52 INFO  Test final outcome:  SKIPPED
08:18:52 INFO  Test outcome reason: Apama plugin tests are disabled by default. Execute `pysys run` with `-XmyPlatform=container` to run these tests
08:18:52 INFO  
</system-out>
	</testcase>
<testcase classname="ApamaPluginRemoveTest" name="SoftwareManagement.Plugin.apama_plugin_remove" />
<testcase classname="ApamaPluginRemoveTest" name="SoftwareManagement.Plugin.apama_plugin_remove" />
</testsuite><testsuite name="SoftwareManagement.Plugin.apama_plugin_update" tests="3" errors="0" failures="2" skipped="1" time="0"><testcase classname="ApamaPluginUpdateTest" name="SoftwareManagement.Plugin.apama_plugin_update">
		<skipped message="SKIPPED: Apama plugin tests are disabled by default. Execute `pysys run` with `-XmyPlatform=container` to run these tests" />
		<system-out>08:18:52 INFO  ==============================================================
08:18:52 INFO  Id:    SoftwareManagement.Plugin.apama_plugin_update
08:18:52 INFO  Dir:   plugin_apama/
08:18:52 INFO  Title: Validate apama plugin updating one project with another
08:18:52 INFO  ==============================================================
08:18:52 INFO  Apama plugin tests are disabled by default. Execute `pysys run` with `-XmyPlatform=container` to run these tests ... skipped
08:18:52 WARN  Aborted test due to SKIPPED outcome
08:18:52 INFO  
08:18:52 INFO  Test duration: 0.02 secs
08:18:52 INFO  Test final outcome:  SKIPPED
08:18:52 INFO  Test outcome reason: Apama plugin tests are disabled by default. Execute `pysys run` with `-XmyPlatform=container` to run these tests
08:18:52 INFO  
</system-out>
	</testcase>
<testcase classname="ApamaPluginUpdateTest" name="SoftwareManagement.Plugin.apama_plugin_update">
		<failure message="BLOCKED: sudo&lt;plugin_install&gt; returned non-zero exit code 2" type="BLOCKED" />
		<system-out>09:09:13 INFO  ==============================================================
09:09:13 INFO  Id:    SoftwareManagement.Plugin.apama_plugin_update
09:09:13 INFO  Dir:   plugin_apama/
09:09:13 INFO  Title: Validate apama plugin updating one project with another
09:09:13 INFO  ==============================================================
09:09:13 INFO  Assertion that path exists=False for "/etc/tedge/apama/project" ... passed
09:09:13 INFO  Executed sudo&lt;create_project_dir&gt;, exit status 0
09:09:14 INFO  Executed sudo&lt;unzip_apama_project&gt;, exit status 0
09:09:14 INFO  Executed sudo&lt;move_apama_project&gt;, exit status 0
09:09:15 INFO  Executed sudo&lt;restart_apama_service&gt;, exit status 0
09:09:16 INFO  Executed sudo&lt;apama_correlator_wait&gt;, exit status 0
09:09:16 INFO  Assertion that path exists=True for "/etc/tedge/apama/project" ... passed
09:09:17 INFO  Executed sudo&lt;apama_list_monitors&gt;, exit status 0
09:09:17 INFO  Grep on file /home/pi/actions-runner/_work/thin-edge.io/thin-edge.io/tests/PySys/plugin_apama/apama_plugin_update/Output/linux/apama_list_monitors.out ... passed
09:09:17 WARN  Executed sudo&lt;plugin_install&gt;, exit status 2
09:09:17 INFO  Contents of plugin_install.err: 
  ERROR: Directory not empty (os error 39)
  -----

09:09:17 WARN  sudo&lt;plugin_install&gt; returned non-zero exit code 2 ... blocked [run.py:35]
09:09:17 WARN  Aborted test due to BLOCKED outcome
09:09:17 INFO  
09:09:17 INFO  cleanup:
09:09:17 INFO  Removing apama project
09:09:32 INFO  Executed sudo&lt;stop_apama_service&gt;, exit status 0, duration 15 secs
09:09:33 INFO  Executed sudo&lt;remove_apama_project&gt;, exit status 0
09:09:33 INFO  Executed sudo&lt;remove_apama_tmp_dir&gt;, exit status 0
09:09:33 INFO  
09:09:33 INFO  Test duration: 20.70 secs
09:09:33 INFO  Test final outcome:  BLOCKED
09:09:33 INFO  Test outcome reason: sudo&lt;plugin_install&gt; returned non-zero exit code 2
09:09:33 INFO  
</system-out>
	</testcase>
<testcase classname="ApamaPluginUpdateTest" name="SoftwareManagement.Plugin.apama_plugin_update">
		<failure message="BLOCKED: sudo&lt;plugin_install&gt; returned non-zero exit code 2" type="BLOCKED" />
		<system-out>09:17:17 INFO  ==============================================================
09:17:17 INFO  Id:    SoftwareManagement.Plugin.apama_plugin_update
09:17:17 INFO  Dir:   plugin_apama/
09:17:17 INFO  Title: Validate apama plugin updating one project with another
09:17:17 INFO  ==============================================================
09:17:17 INFO  Assertion that path exists=False for "/etc/tedge/apama/project" ... passed
09:17:18 INFO  Executed sudo&lt;create_project_dir&gt;, exit status 0
09:17:18 INFO  Executed sudo&lt;unzip_apama_project&gt;, exit status 0
09:17:19 INFO  Executed sudo&lt;move_apama_project&gt;, exit status 0
09:17:20 INFO  Executed sudo&lt;restart_apama_service&gt;, exit status 0
09:17:20 INFO  Executed sudo&lt;apama_correlator_wait&gt;, exit status 0
09:17:20 INFO  Assertion that path exists=True for "/etc/tedge/apama/project" ... passed
09:17:21 INFO  Executed sudo&lt;apama_list_monitors&gt;, exit status 0
09:17:21 INFO  Grep on file /home/pi/actions-runner/_work/thin-edge.io/thin-edge.io/tests/PySys/plugin_apama/apama_plugin_update/Output/linux/apama_list_monitors.out ... passed
09:17:22 WARN  Executed sudo&lt;plugin_install&gt;, exit status 2
09:17:22 INFO  Contents of plugin_install.err: 
  ERROR: Directory not empty (os error 39)
  -----

09:17:22 WARN  sudo&lt;plugin_install&gt; returned non-zero exit code 2 ... blocked [run.py:35]
09:17:22 WARN  Aborted test due to BLOCKED outcome
09:17:22 INFO  
09:17:22 INFO  cleanup:
09:17:22 INFO  Removing apama project
09:17:37 INFO  Executed sudo&lt;stop_apama_service&gt;, exit status 0, duration 14 secs
09:17:38 INFO  Executed sudo&lt;remove_apama_project&gt;, exit status 0
09:17:38 INFO  Executed sudo&lt;remove_apama_tmp_dir&gt;, exit status 0
09:17:38 INFO  
09:17:38 INFO  Test duration: 21.05 secs
09:17:38 INFO  Test final outcome:  BLOCKED
09:17:38 INFO  Test outcome reason: sudo&lt;plugin_install&gt; returned non-zero exit code 2
09:17:38 INFO  
</system-out>
	</testcase>
</testsuite><testsuite name="SoftwareManagement.sm_apt_install_download_path" tests="3" errors="0" failures="2" skipped="1" time="0"><testcase classname="AptInstallWithDownloadPath" name="SoftwareManagement.sm_apt_install_download_path">
		<skipped message="SKIPPED: Testing the apt plugin is not supported on this platform.Use parameter -XmyPlatform='container' to enable it" />
		<system-out>08:28:30 INFO  ==============================================================
08:28:30 INFO  Id:    SoftwareManagement.sm_apt_install_download_path
08:28:30 INFO  Dir:   software_management_end_to_end/
08:28:30 INFO  Title: Install package to directory specified in tedge config set tmp.path
08:28:30 INFO  ==============================================================
08:28:30 INFO  Testing the apt plugin is not supported on this platform.Use parameter -XmyPlatform='container' to enable it ... skipped
08:28:30 WARN  Aborted test due to SKIPPED outcome
08:28:30 INFO  
08:28:30 INFO  Test duration: 0.06 secs
08:28:30 INFO  Test final outcome:  SKIPPED
08:28:30 INFO  Test outcome reason: Testing the apt plugin is not supported on this platform.Use parameter -XmyPlatform='container' to enable it
08:28:30 INFO  
</system-out>
	</testcase>
<testcase classname="AptInstallWithDownloadPath" name="SoftwareManagement.sm_apt_install_download_path">
		<failure message="BLOCKED: AssertionError:" type="BLOCKED" />
		<system-out>08:51:10 INFO  ==============================================================
08:51:10 INFO  Id:    SoftwareManagement.sm_apt_install_download_path
08:51:10 INFO  Dir:   software_management_end_to_end/
08:51:10 INFO  Title: Install package to directory specified in tedge config set tmp.path
08:51:10 INFO  ==============================================================
08:51:10 INFO  Using sw id database: {'asciijump': '5475369', 'robotfindskitten': '5474869', 'squirrel3': '5475279', 'rolldice': '5152439', 'moon-buggy': '5439204', 'apple': '5495053', 'banana': '5494888', 'cherry': '5495382', 'watermelon': '5494510', 'registry': '8018911', 'hello-world': '8021526', 'docker/getting-started': '8021973', 'alpine': '7991792'}
08:51:10 INFO  EnvironmentC8y Setup
08:51:10 INFO  Executed systemctl&lt;serv_mapper1&gt;, exit status 3
08:51:25 INFO  Executed sudo&lt;tedge_connect_c8y&gt;, exit status 0, duration 14 secs
08:51:26 INFO  Executed sudo&lt;tedge_connect_c8y_test&gt;, exit status 0
08:51:27 INFO  Executed systemctl&lt;serv_mosq2&gt;, exit status 0
08:51:28 INFO  Executed systemctl&lt;serv_mapper3&gt;, exit status 0
08:51:30 INFO  State of current operation: SUCCESSFUL
08:51:30 INFO  Assert that (False == value) with value=False ... passed
08:51:31 INFO  Executed sudo, exit status 0
08:51:31 INFO  Executed sudo, exit status 0
08:51:32 INFO  Executed sudo, exit status 0
08:51:36 INFO  Executed sudo&lt;tedge_disconnect_c8y&gt;, exit status 0
08:51:36 INFO  Restarting mosquitto too frequently in the last 10 seconds. It was only up for 3 seconds
08:51:36 INFO  Delaying execution by 8 seconds
08:51:58 INFO  Executed sudo&lt;tedge_connect_c8y&gt;, exit status 0, duration 13 secs
08:51:58 INFO  Response status: 201
08:51:58 INFO  Response to action: {
    "creationTime": "2022-04-28T08:51:58.489Z",
    "deviceName": "m32sd10d",
    "deviceId": "17852646",
    "self": "https://t493319102.eu-latest.cumulocity.com/devicecontrol/operations/17868471",
    "id": "17868471",
    "status": "PENDING",
    "description": "Apply software changes, triggered from PySys: [{'name': 'rolldice', 'id': '5152439', 'version': '::apt', 'url': 'https://thin-edge-io.eu-latest.cumulocity.com/inventory/binaries/12435463', 'action': 'install'}]",
    "c8y_SoftwareUpdate": [
        {
            "name": "rolldice",
            "action": "install",
            "id": "5152439",
            "version": "::apt",
            "url": "https://thin-edge-io.eu-latest.cumulocity.com/inventory/binaries/12435463"
        }
    ]
}
08:51:58 INFO  Started operation: {'creationTime': '2022-04-28T08:51:58.489Z', 'deviceName': 'm32sd10d', 'deviceId': '17852646', 'self': 'https://t493319102.eu-latest.cumulocity.com/devicecontrol/operations/17868471', 'id': '17868471', 'status': 'PENDING', 'description': "Apply software changes, triggered from PySys: [{'name': 'rolldice', 'id': '5152439', 'version': '::apt', 'url': 'https://thin-edge-io.eu-latest.cumulocity.com/inventory/binaries/12435463', 'action': 'install'}]", 'c8y_SoftwareUpdate': [{'name': 'rolldice', 'action': 'install', 'id': '5152439', 'version': '::apt', 'url': 'https://thin-edge-io.eu-latest.cumulocity.com/inventory/binaries/12435463'}]}
08:51:58 WARN  , retrying in 0.5 seconds...
08:51:59 WARN  , retrying in 0.5 seconds...
08:51:59 WARN  , retrying in 0.5 seconds...
08:52:00 WARN  , retrying in 0.5 seconds...
08:52:00 WARN  , retrying in 0.5 seconds...
08:52:01 WARN  , retrying in 0.5 seconds...
08:52:01 WARN  , retrying in 0.5 seconds...
08:52:02 WARN  , retrying in 0.5 seconds...
08:52:02 WARN  , retrying in 0.5 seconds...
08:52:03 WARN  AssertionError occurred while running test - 
Traceback (most recent call last):
  File "/home/pi/env-pysys/lib/python3.7/site-packages/pysys/baserunner.py", line 1294, in __call__
    self.testObj.execute()
  File "/home/pi/actions-runner/_work/thin-edge.io/thin-edge.io/tests/PySys/software_management_end_to_end/sm_apt_install_download_path/run.py", line 83, in execute
    assert_install_in_download_path(install_directory=self.DOWNLOAD_DIR)
  File "/home/pi/env-pysys/lib/python3.7/site-packages/decorator.py", line 232, in fun
    return caller(func, *(extras + args), **kw)
  File "/home/pi/env-pysys/lib/python3.7/site-packages/retry/api.py", line 74, in retry_decorator
    logger)
  File "/home/pi/env-pysys/lib/python3.7/site-packages/retry/api.py", line 33, in __retry_internal
    return f()
  File "/home/pi/actions-runner/_work/thin-edge.io/thin-edge.io/tests/PySys/software_management_end_to_end/sm_apt_install_download_path/run.py", line 28, in assert_install_in_download_path
    assert "rolldice" in os.listdir(f"{install_directory}")
AssertionError
08:52:03 WARN  AssertionError: ... blocked 
08:52:03 INFO  
08:52:03 INFO  cleanup:
08:52:04 INFO  Executed sudo, exit status 0
08:52:04 INFO  Executed sudo, exit status 0
08:52:09 INFO  Executed sudo&lt;tedge_disconnect_c8y&gt;, exit status 0
08:52:09 INFO  Restarting mosquitto too frequently in the last 10 seconds. It was only up for 3 seconds
08:52:09 INFO  Delaying execution by 8 seconds
08:52:31 INFO  Executed sudo&lt;tedge_connect_c8y&gt;, exit status 0, duration 13 secs
08:52:35 INFO  Executed sudo&lt;tedge_disconnect_c8y&gt;, exit status 0
08:52:35 INFO  Executed systemctl&lt;serv_mapper5&gt;, exit status 3
08:52:35 INFO  
08:52:35 INFO  Test duration: 85.59 secs
08:52:35 INFO  Test final outcome:  BLOCKED
08:52:35 INFO  Test outcome reason: AssertionError:
08:52:35 INFO  
</system-out>
	</testcase>
<testcase classname="AptInstallWithDownloadPath" name="SoftwareManagement.sm_apt_install_download_path">
		<failure message="BLOCKED: AssertionError:" type="BLOCKED" />
		<system-out>09:17:38 INFO  ==============================================================
09:17:38 INFO  Id:    SoftwareManagement.sm_apt_install_download_path
09:17:38 INFO  Dir:   software_management_end_to_end/
09:17:38 INFO  Title: Install package to directory specified in tedge config set tmp.path
09:17:38 INFO  ==============================================================
09:17:39 INFO  Using sw id database: {'asciijump': '5475369', 'robotfindskitten': '5474869', 'squirrel3': '5475279', 'rolldice': '5152439', 'moon-buggy': '5439204', 'apple': '5495053', 'banana': '5494888', 'cherry': '5495382', 'watermelon': '5494510', 'registry': '8018911', 'hello-world': '8021526', 'docker/getting-started': '8021973', 'alpine': '7991792'}
09:17:39 INFO  EnvironmentC8y Setup
09:17:40 INFO  Executed systemctl&lt;serv_mapper1&gt;, exit status 3
09:17:54 INFO  Executed sudo&lt;tedge_connect_c8y&gt;, exit status 0, duration 13 secs
09:17:55 INFO  Executed sudo&lt;tedge_connect_c8y_test&gt;, exit status 0
09:17:55 INFO  Executed systemctl&lt;serv_mosq2&gt;, exit status 0
09:17:56 INFO  Executed systemctl&lt;serv_mapper3&gt;, exit status 0
09:17:58 INFO  State of current operation: SUCCESSFUL
09:17:58 INFO  Assert that (False == value) with value=False ... passed
09:17:59 INFO  Executed sudo, exit status 0
09:17:59 INFO  Executed sudo, exit status 0
09:18:00 INFO  Executed sudo, exit status 0
09:18:04 INFO  Executed sudo&lt;tedge_disconnect_c8y&gt;, exit status 0
09:18:04 INFO  Restarting mosquitto too frequently in the last 10 seconds. It was only up for 3 seconds
09:18:04 INFO  Delaying execution by 8 seconds
09:18:25 INFO  Executed sudo&lt;tedge_connect_c8y&gt;, exit status 0, duration 13 secs
09:18:26 INFO  Response status: 201
09:18:26 INFO  Response to action: {
    "creationTime": "2022-04-28T09:18:25.996Z",
    "deviceName": "m32sd10d",
    "deviceId": "17852646",
    "self": "https://t493319102.eu-latest.cumulocity.com/devicecontrol/operations/17887623",
    "id": "17887623",
    "status": "PENDING",
    "description": "Apply software changes, triggered from PySys: [{'name': 'rolldice', 'id': '5152439', 'version': '::apt', 'url': 'https://thin-edge-io.eu-latest.cumulocity.com/inventory/binaries/12435463', 'action': 'install'}]",
    "c8y_SoftwareUpdate": [
        {
            "name": "rolldice",
            "action": "install",
            "id": "5152439",
            "version": "::apt",
            "url": "https://thin-edge-io.eu-latest.cumulocity.com/inventory/binaries/12435463"
        }
    ]
}
09:18:26 INFO  Started operation: {'creationTime': '2022-04-28T09:18:25.996Z', 'deviceName': 'm32sd10d', 'deviceId': '17852646', 'self': 'https://t493319102.eu-latest.cumulocity.com/devicecontrol/operations/17887623', 'id': '17887623', 'status': 'PENDING', 'description': "Apply software changes, triggered from PySys: [{'name': 'rolldice', 'id': '5152439', 'version': '::apt', 'url': 'https://thin-edge-io.eu-latest.cumulocity.com/inventory/binaries/12435463', 'action': 'install'}]", 'c8y_SoftwareUpdate': [{'name': 'rolldice', 'action': 'install', 'id': '5152439', 'version': '::apt', 'url': 'https://thin-edge-io.eu-latest.cumulocity.com/inventory/binaries/12435463'}]}
09:18:26 WARN  , retrying in 0.5 seconds...
09:18:26 WARN  , retrying in 0.5 seconds...
09:18:27 WARN  , retrying in 0.5 seconds...
09:18:27 WARN  , retrying in 0.5 seconds...
09:18:28 WARN  , retrying in 0.5 seconds...
09:18:28 WARN  , retrying in 0.5 seconds...
09:18:29 WARN  , retrying in 0.5 seconds...
09:18:29 WARN  , retrying in 0.5 seconds...
09:18:30 WARN  , retrying in 0.5 seconds...
09:18:30 WARN  AssertionError occurred while running test - 
Traceback (most recent call last):
  File "/home/pi/env-pysys/lib/python3.7/site-packages/pysys/baserunner.py", line 1294, in __call__
    self.testObj.execute()
  File "/home/pi/actions-runner/_work/thin-edge.io/thin-edge.io/tests/PySys/software_management_end_to_end/sm_apt_install_download_path/run.py", line 83, in execute
    assert_install_in_download_path(install_directory=self.DOWNLOAD_DIR)
  File "/home/pi/env-pysys/lib/python3.7/site-packages/decorator.py", line 232, in fun
    return caller(func, *(extras + args), **kw)
  File "/home/pi/env-pysys/lib/python3.7/site-packages/retry/api.py", line 74, in retry_decorator
    logger)
  File "/home/pi/env-pysys/lib/python3.7/site-packages/retry/api.py", line 33, in __retry_internal
    return f()
  File "/home/pi/actions-runner/_work/thin-edge.io/thin-edge.io/tests/PySys/software_management_end_to_end/sm_apt_install_download_path/run.py", line 28, in assert_install_in_download_path
    assert "rolldice" in os.listdir(f"{install_directory}")
AssertionError
09:18:30 WARN  AssertionError: ... blocked 
09:18:30 INFO  
09:18:30 INFO  cleanup:
09:18:31 INFO  Executed sudo, exit status 0
09:18:31 INFO  Executed sudo, exit status 0
09:18:36 INFO  Executed sudo&lt;tedge_disconnect_c8y&gt;, exit status 0
09:18:36 INFO  Restarting mosquitto too frequently in the last 10 seconds. It was only up for 3 seconds
09:18:36 INFO  Delaying execution by 8 seconds
09:18:58 INFO  Executed sudo&lt;tedge_connect_c8y&gt;, exit status 0, duration 13 secs
09:19:02 INFO  Executed sudo&lt;tedge_disconnect_c8y&gt;, exit status 0
09:19:02 INFO  Executed systemctl&lt;serv_mapper5&gt;, exit status 3
09:19:02 INFO  
09:19:02 INFO  Test duration: 84.04 secs
09:19:02 INFO  Test final outcome:  BLOCKED
09:19:02 INFO  Test outcome reason: AssertionError:
09:19:02 INFO  
</system-out>
	</testcase>
</testsuite><testsuite name="SoftwareManagement.sm_apt_install_fail" tests="3" errors="0" failures="0" skipped="1" time="0"><testcase classname="PySysTest" name="SoftwareManagement.sm_apt_install_fail">
		<skipped message="SKIPPED: Testing the apt plugin is not supported on this platform.Use parameter -XmyPlatform='container' to enable it" />
		<system-out>08:28:30 INFO  ==============================================================
08:28:30 INFO  Id:    SoftwareManagement.sm_apt_install_fail
08:28:30 INFO  Dir:   software_management_end_to_end/
08:28:30 INFO  Title: Validate end to end behaviour for a failing installation
08:28:30 INFO  ==============================================================
08:28:30 INFO  Testing the apt plugin is not supported on this platform.Use parameter -XmyPlatform='container' to enable it ... skipped
08:28:30 WARN  Aborted test due to SKIPPED outcome
08:28:30 INFO  
08:28:30 INFO  Test duration: 0.02 secs
08:28:30 INFO  Test final outcome:  SKIPPED
08:28:30 INFO  Test outcome reason: Testing the apt plugin is not supported on this platform.Use parameter -XmyPlatform='container' to enable it
08:28:30 INFO  
</system-out>
	</testcase>
<testcase classname="PySysTest" name="SoftwareManagement.sm_apt_install_fail" />
<testcase classname="PySysTest" name="SoftwareManagement.sm_apt_install_fail" />
</testsuite><testsuite name="SoftwareManagement.sm_apt_install_remove" tests="3" errors="0" failures="0" skipped="1" time="0"><testcase classname="PySysTest" name="SoftwareManagement.sm_apt_install_remove">
		<skipped message="SKIPPED: Testing the apt plugin is not supported on this platform.Use parameter -XmyPlatform='container' to enable it" />
		<system-out>08:28:31 INFO  ==============================================================
08:28:31 INFO  Id:    SoftwareManagement.sm_apt_install_remove
08:28:31 INFO  Dir:   software_management_end_to_end/
08:28:31 INFO  Title: Validate end to end behaviour for the apt plugin for installation and removal of packages
08:28:31 INFO  ==============================================================
08:28:31 INFO  Testing the apt plugin is not supported on this platform.Use parameter -XmyPlatform='container' to enable it ... skipped
08:28:31 WARN  Aborted test due to SKIPPED outcome
08:28:31 INFO  
08:28:31 INFO  Test duration: 0.02 secs
08:28:31 INFO  Test final outcome:  SKIPPED
08:28:31 INFO  Test outcome reason: Testing the apt plugin is not supported on this platform.Use parameter -XmyPlatform='container' to enable it
08:28:31 INFO  
</system-out>
	</testcase>
<testcase classname="PySysTest" name="SoftwareManagement.sm_apt_install_remove" />
<testcase classname="PySysTest" name="SoftwareManagement.sm_apt_install_remove" />
</testsuite><testsuite name="SoftwareManagement.sm_apt_install_remove_default" tests="3" errors="0" failures="0" skipped="1" time="0"><testcase classname="PySysTest" name="SoftwareManagement.sm_apt_install_remove_default">
		<skipped message="SKIPPED: Testing the apt plugin is not supported on this platform.Use parameter -XmyPlatform='container' to enable it" />
		<system-out>08:28:31 INFO  ==============================================================
08:28:31 INFO  Id:    SoftwareManagement.sm_apt_install_remove_default
08:28:31 INFO  Dir:   software_management_end_to_end/
08:28:31 INFO  Title: Validate end to end behaviour for the default plugin for installation and removal of packages
08:28:31 INFO  ==============================================================
08:28:31 INFO  Testing the apt plugin is not supported on this platform.Use parameter -XmyPlatform='container' to enable it ... skipped
08:28:31 WARN  Aborted test due to SKIPPED outcome
08:28:31 INFO  
08:28:31 INFO  Test duration: 0.02 secs
08:28:31 INFO  Test final outcome:  SKIPPED
08:28:31 INFO  Test outcome reason: Testing the apt plugin is not supported on this platform.Use parameter -XmyPlatform='container' to enable it
08:28:31 INFO  
</system-out>
	</testcase>
<testcase classname="PySysTest" name="SoftwareManagement.sm_apt_install_remove_default" />
<testcase classname="PySysTest" name="SoftwareManagement.sm_apt_install_remove_default" />
</testsuite><testsuite name="SoftwareManagement.sm_apt_install_remove_multiple" tests="3" errors="0" failures="2" skipped="1" time="0"><testcase classname="PySysTest" name="SoftwareManagement.sm_apt_install_remove_multiple">
		<skipped message="SKIPPED: Testing the apt plugin is not supported on this platform.Use parameter -XmyPlatform='container' to enable it" />
		<system-out>08:28:31 INFO  ==============================================================
08:28:31 INFO  Id:    SoftwareManagement.sm_apt_install_remove_multiple
08:28:31 INFO  Dir:   software_management_end_to_end/
08:28:31 INFO  Title: Validate end to end behaviour for the apt plugin for multiple packages
08:28:31 INFO  ==============================================================
08:28:31 INFO  Testing the apt plugin is not supported on this platform.Use parameter -XmyPlatform='container' to enable it ... skipped
08:28:31 WARN  Aborted test due to SKIPPED outcome
08:28:31 INFO  
08:28:31 INFO  Test duration: 0.02 secs
08:28:31 INFO  Test final outcome:  SKIPPED
08:28:31 INFO  Test outcome reason: Testing the apt plugin is not supported on this platform.Use parameter -XmyPlatform='container' to enable it
08:28:31 INFO  
</system-out>
	</testcase>
<testcase classname="PySysTest" name="SoftwareManagement.sm_apt_install_remove_multiple">
		<failure message="FAILED: Assert that (False == value) with value=True" type="FAILED" />
		<system-out>08:59:25 INFO  ==============================================================
08:59:25 INFO  Id:    SoftwareManagement.sm_apt_install_remove_multiple
08:59:25 INFO  Dir:   software_management_end_to_end/
08:59:25 INFO  Title: Validate end to end behaviour for the apt plugin for multiple packages
08:59:25 INFO  ==============================================================
08:59:25 INFO  Using sw id database: {'asciijump': '5475369', 'robotfindskitten': '5474869', 'squirrel3': '5475279', 'rolldice': '5152439', 'moon-buggy': '5439204', 'apple': '5495053', 'banana': '5494888', 'cherry': '5495382', 'watermelon': '5494510', 'registry': '8018911', 'hello-world': '8021526', 'docker/getting-started': '8021973', 'alpine': '7991792'}
08:59:25 INFO  EnvironmentC8y Setup
08:59:26 INFO  Executed systemctl&lt;serv_mapper1&gt;, exit status 3
08:59:26 INFO  Restarting mosquitto too frequently in the last 10 seconds. It was only up for 5 seconds
08:59:26 INFO  Delaying execution by 6 seconds
08:59:46 INFO  Executed sudo&lt;tedge_connect_c8y&gt;, exit status 0, duration 13 secs
08:59:46 INFO  Executed sudo&lt;tedge_connect_c8y_test&gt;, exit status 0
08:59:47 INFO  Executed systemctl&lt;serv_mosq2&gt;, exit status 0
08:59:47 INFO  Executed systemctl&lt;serv_mapper3&gt;, exit status 0
08:59:50 INFO  State of current operation: SUCCESSFUL
08:59:50 INFO  Assert that (False == value) with value=False ... passed
08:59:50 INFO  Assert that (False == value) with value=False ... passed
08:59:50 INFO  Assert that (False == value) with value=False ... passed
08:59:50 INFO  Package robotfindskitten is installed
08:59:51 WARN  Assert that (False == value) with value=True ... failed 
08:59:51 INFO  Response status: 201
08:59:51 INFO  Response to action: {
    "creationTime": "2022-04-28T08:59:51.206Z",
    "deviceName": "m32sd10d",
    "deviceId": "17852646",
    "self": "https://t493319102.eu-latest.cumulocity.com/devicecontrol/operations/17887527",
    "id": "17887527",
    "status": "PENDING",
    "description": "Apply software changes, triggered from PySys: [{'action': 'install', 'id': '5475369', 'name': 'asciijump', 'url': ' ', 'version': '::apt'}, {'action': 'install', 'id': '5474869', 'name': 'robotfindskitten', 'url': ' ', 'version': '::apt'}, {'action': 'install', 'id': '5475279', 'name': 'squirrel3', 'url': ' ', 'version': '::apt'}]",
    "c8y_SoftwareUpdate": [
        {
            "name": "asciijump",
            "action": "install",
            "id": "5475369",
            "version": "::apt",
            "url": " "
        },
        {
            "name": "robotfindskitten",
            "action": "install",
            "id": "5474869",
            "version": "::apt",
            "url": " "
        },
        {
            "name": "squirrel3",
            "action": "install",
            "id": "5475279",
            "version": "::apt",
            "url": " "
        }
    ]
}
08:59:51 INFO  Started operation: {'creationTime': '2022-04-28T08:59:51.206Z', 'deviceName': 'm32sd10d', 'deviceId': '17852646', 'self': 'https://t493319102.eu-latest.cumulocity.com/devicecontrol/operations/17887527', 'id': '17887527', 'status': 'PENDING', 'description': "Apply software changes, triggered from PySys: [{'action': 'install', 'id': '5475369', 'name': 'asciijump', 'url': ' ', 'version': '::apt'}, {'action': 'install', 'id': '5474869', 'name': 'robotfindskitten', 'url': ' ', 'version': '::apt'}, {'action': 'install', 'id': '5475279', 'name': 'squirrel3', 'url': ' ', 'version': '::apt'}]", 'c8y_SoftwareUpdate': [{'name': 'asciijump', 'action': 'install', 'id': '5475369', 'version': '::apt', 'url': ' '}, {'name': 'robotfindskitten', 'action': 'install', 'id': '5474869', 'version': '::apt', 'url': ' '}, {'name': 'squirrel3', 'action': 'install', 'id': '5475279', 'version': '::apt', 'url': ' '}]}
08:59:53 INFO  State of operation 17887527 : PENDING
08:59:55 INFO  State of operation 17887527 : EXECUTING
08:59:57 INFO  State of operation 17887527 : EXECUTING
09:00:00 INFO  State of operation 17887527 : EXECUTING
09:00:02 INFO  State of operation 17887527 : EXECUTING
09:00:04 INFO  State of operation 17887527 : EXECUTING
09:00:07 INFO  State of operation 17887527 : EXECUTING
09:00:10 INFO  State of operation 17887527 : EXECUTING
09:00:12 INFO  State of operation 17887527 : EXECUTING
09:00:15 INFO  State of operation 17887527 : EXECUTING
09:00:17 INFO  State of operation 17887527 : EXECUTING
09:00:19 INFO  State of operation 17887527 : EXECUTING
09:00:21 INFO  State of operation 17887527 : EXECUTING
09:00:24 INFO  State of operation 17887527 : EXECUTING
09:00:26 INFO  State of operation 17887527 : EXECUTING
09:00:28 INFO  State of operation 17887527 : EXECUTING
09:00:31 INFO  State of operation 17887527 : EXECUTING
09:00:33 INFO  State of operation 17887527 : EXECUTING
09:00:36 INFO  State of operation 17887527 : EXECUTING
09:00:38 INFO  State of operation 17887527 : EXECUTING
09:00:40 INFO  State of operation 17887527 : EXECUTING
09:00:43 INFO  State of operation 17887527 : EXECUTING
09:00:45 INFO  State of operation 17887527 : EXECUTING
09:00:48 INFO  State of operation 17887527 : EXECUTING
09:00:50 INFO  State of operation 17887527 : EXECUTING
09:00:53 INFO  State of operation 17887527 : EXECUTING
09:00:56 INFO  State of operation 17887527 : EXECUTING
09:00:58 INFO  State of operation 17887527 : EXECUTING
09:01:00 INFO  State of operation 17887527 : EXECUTING
09:01:03 INFO  State of operation 17887527 : EXECUTING
09:01:05 INFO  State of operation 17887527 : EXECUTING
09:01:07 INFO  State of operation 17887527 : EXECUTING
09:01:09 INFO  State of operation 17887527 : EXECUTING
09:01:12 INFO  State of operation 17887527 : SUCCESSFUL
09:01:12 INFO  Assert that (False == value) with value=False ... passed
09:01:12 INFO  Package asciijump is installed
09:01:12 INFO  Assert that (True == value) with value=True ... passed
09:01:12 INFO  Package squirrel3 is installed
09:01:12 INFO  Assert that (True == value) with value=True ... passed
09:01:13 INFO  Package robotfindskitten is installed
09:01:13 INFO  Assert that (True == value) with value=True ... passed
09:01:13 INFO  Response status: 201
09:01:13 INFO  Response to action: {
    "creationTime": "2022-04-28T09:01:13.227Z",
    "deviceName": "m32sd10d",
    "deviceId": "17852646",
    "self": "https://t493319102.eu-latest.cumulocity.com/devicecontrol/operations/17887535",
    "id": "17887535",
    "status": "PENDING",
    "description": "Apply software changes, triggered from PySys: [{'action': 'delete', 'id': '5475369', 'name': 'asciijump', 'url': ' ', 'version': '::apt'}, {'action': 'delete', 'id': '5474869', 'name': 'robotfindskitten', 'url': ' ', 'version': '::apt'}, {'action': 'delete', 'id': '5475279', 'name': 'squirrel3', 'url': ' ', 'version': '::apt'}]",
    "c8y_SoftwareUpdate": [
        {
            "name": "asciijump",
            "action": "delete",
            "id": "5475369",
            "version": "::apt",
            "url": " "
        },
        {
            "name": "robotfindskitten",
            "action": "delete",
            "id": "5474869",
            "version": "::apt",
            "url": " "
        },
        {
            "name": "squirrel3",
            "action": "delete",
            "id": "5475279",
            "version": "::apt",
            "url": " "
        }
    ]
}
09:01:13 INFO  Started operation: {'creationTime': '2022-04-28T09:01:13.227Z', 'deviceName': 'm32sd10d', 'deviceId': '17852646', 'self': 'https://t493319102.eu-latest.cumulocity.com/devicecontrol/operations/17887535', 'id': '17887535', 'status': 'PENDING', 'description': "Apply software changes, triggered from PySys: [{'action': 'delete', 'id': '5475369', 'name': 'asciijump', 'url': ' ', 'version': '::apt'}, {'action': 'delete', 'id': '5474869', 'name': 'robotfindskitten', 'url': ' ', 'version': '::apt'}, {'action': 'delete', 'id': '5475279', 'name': 'squirrel3', 'url': ' ', 'version': '::apt'}]", 'c8y_SoftwareUpdate': [{'name': 'asciijump', 'action': 'delete', 'id': '5475369', 'version': '::apt', 'url': ' '}, {'name': 'robotfindskitten', 'action': 'delete', 'id': '5474869', 'version': '::apt', 'url': ' '}, {'name': 'squirrel3', 'action': 'delete', 'id': '5475279', 'version': '::apt', 'url': ' '}]}
09:01:15 INFO  State of operation 17887535 : PENDING
09:01:17 INFO  State of operation 17887535 : EXECUTING
09:01:19 INFO  State of operation 17887535 : EXECUTING
09:01:22 INFO  State of operation 17887535 : EXECUTING
09:01:24 INFO  State of operation 17887535 : EXECUTING
09:01:26 INFO  State of operation 17887535 : EXECUTING
09:01:29 INFO  State of operation 17887535 : EXECUTING
09:01:32 INFO  State of operation 17887535 : EXECUTING
09:01:34 INFO  State of operation 17887535 : EXECUTING
09:01:36 INFO  State of operation 17887535 : EXECUTING
09:01:38 INFO  State of operation 17887535 : EXECUTING
09:01:41 INFO  State of operation 17887535 : EXECUTING
09:01:43 INFO  State of operation 17887535 : EXECUTING
09:01:45 INFO  State of operation 17887535 : EXECUTING
09:01:47 INFO  State of operation 17887535 : EXECUTING
09:01:50 INFO  State of operation 17887535 : EXECUTING
09:01:52 INFO  State of operation 17887535 : EXECUTING
09:01:55 INFO  State of operation 17887535 : EXECUTING
09:01:57 INFO  State of operation 17887535 : EXECUTING
09:02:00 INFO  State of operation 17887535 : EXECUTING
09:02:02 INFO  State of operation 17887535 : EXECUTING
09:02:04 INFO  State of operation 17887535 : EXECUTING
09:02:06 INFO  State of operation 17887535 : EXECUTING
09:02:09 INFO  State of operation 17887535 : EXECUTING
09:02:11 INFO  State of operation 17887535 : EXECUTING
09:02:14 INFO  State of operation 17887535 : EXECUTING
09:02:16 INFO  State of operation 17887535 : EXECUTING
09:02:18 INFO  State of operation 17887535 : SUCCESSFUL
09:02:18 INFO  Assert that (False == value) with value=False ... passed
09:02:18 INFO  Assert that (False == value) with value=False ... passed
09:02:19 INFO  Assert that (False == value) with value=False ... passed
09:02:19 INFO  Assert that (False == value) with value=False ... passed
09:02:19 INFO  
09:02:19 INFO  cleanup:
09:02:23 INFO  Executed sudo&lt;tedge_disconnect_c8y&gt;, exit status 0
09:02:23 INFO  Executed systemctl&lt;serv_mapper5&gt;, exit status 3
09:02:23 INFO  
09:02:23 INFO  Test duration: 178.08 secs
09:02:23 INFO  Test final outcome:  FAILED
09:02:23 INFO  Test outcome reason: Assert that (False == value) with value=True
09:02:23 INFO  
</system-out>
	</testcase>
<testcase classname="PySysTest" name="SoftwareManagement.sm_apt_install_remove_multiple">
		<failure message="FAILED: Assert that (False == value) with value=True (+2 other failures)" type="FAILED" />
		<system-out>09:25:34 INFO  ==============================================================
09:25:34 INFO  Id:    SoftwareManagement.sm_apt_install_remove_multiple
09:25:34 INFO  Dir:   software_management_end_to_end/
09:25:34 INFO  Title: Validate end to end behaviour for the apt plugin for multiple packages
09:25:34 INFO  ==============================================================
09:25:34 INFO  Using sw id database: {'asciijump': '5475369', 'robotfindskitten': '5474869', 'squirrel3': '5475279', 'rolldice': '5152439', 'moon-buggy': '5439204', 'apple': '5495053', 'banana': '5494888', 'cherry': '5495382', 'watermelon': '5494510', 'registry': '8018911', 'hello-world': '8021526', 'docker/getting-started': '8021973', 'alpine': '7991792'}
09:25:34 INFO  EnvironmentC8y Setup
09:25:35 INFO  Executed systemctl&lt;serv_mapper1&gt;, exit status 3
09:25:35 INFO  Restarting mosquitto too frequently in the last 10 seconds. It was only up for 5 seconds
09:25:35 INFO  Delaying execution by 6 seconds
09:25:55 INFO  Executed sudo&lt;tedge_connect_c8y&gt;, exit status 0, duration 13 secs
09:25:55 INFO  Executed sudo&lt;tedge_connect_c8y_test&gt;, exit status 0
09:25:56 INFO  Executed systemctl&lt;serv_mosq2&gt;, exit status 0
09:25:56 INFO  Executed systemctl&lt;serv_mapper3&gt;, exit status 0
09:25:58 INFO  State of current operation: SUCCESSFUL
09:25:59 INFO  Assert that (False == value) with value=False ... passed
09:25:59 INFO  Package asciijump is installed
09:25:59 WARN  Assert that (False == value) with value=True ... failed 
09:25:59 INFO  Package squirrel3 is installed
09:25:59 WARN  Assert that (False == value) with value=True ... failed 
09:26:00 INFO  Package robotfindskitten is installed
09:26:00 WARN  Assert that (False == value) with value=True ... failed 
09:26:00 INFO  Response status: 201
09:26:00 INFO  Response to action: {
    "creationTime": "2022-04-28T09:26:00.417Z",
    "deviceName": "m32sd10d",
    "deviceId": "17852646",
    "self": "https://t493319102.eu-latest.cumulocity.com/devicecontrol/operations/17887682",
    "id": "17887682",
    "status": "PENDING",
    "description": "Apply software changes, triggered from PySys: [{'action': 'install', 'id': '5475369', 'name': 'asciijump', 'url': ' ', 'version': '::apt'}, {'action': 'install', 'id': '5474869', 'name': 'robotfindskitten', 'url': ' ', 'version': '::apt'}, {'action': 'install', 'id': '5475279', 'name': 'squirrel3', 'url': ' ', 'version': '::apt'}]",
    "c8y_SoftwareUpdate": [
        {
            "name": "asciijump",
            "action": "install",
            "id": "5475369",
            "version": "::apt",
            "url": " "
        },
        {
            "name": "robotfindskitten",
            "action": "install",
            "id": "5474869",
            "version": "::apt",
            "url": " "
        },
        {
            "name": "squirrel3",
            "action": "install",
            "id": "5475279",
            "version": "::apt",
            "url": " "
        }
    ]
}
09:26:00 INFO  Started operation: {'creationTime': '2022-04-28T09:26:00.417Z', 'deviceName': 'm32sd10d', 'deviceId': '17852646', 'self': 'https://t493319102.eu-latest.cumulocity.com/devicecontrol/operations/17887682', 'id': '17887682', 'status': 'PENDING', 'description': "Apply software changes, triggered from PySys: [{'action': 'install', 'id': '5475369', 'name': 'asciijump', 'url': ' ', 'version': '::apt'}, {'action': 'install', 'id': '5474869', 'name': 'robotfindskitten', 'url': ' ', 'version': '::apt'}, {'action': 'install', 'id': '5475279', 'name': 'squirrel3', 'url': ' ', 'version': '::apt'}]", 'c8y_SoftwareUpdate': [{'name': 'asciijump', 'action': 'install', 'id': '5475369', 'version': '::apt', 'url': ' '}, {'name': 'robotfindskitten', 'action': 'install', 'id': '5474869', 'version': '::apt', 'url': ' '}, {'name': 'squirrel3', 'action': 'install', 'id': '5475279', 'version': '::apt', 'url': ' '}]}
09:26:02 INFO  State of operation 17887682 : PENDING
09:26:04 INFO  State of operation 17887682 : EXECUTING
09:26:07 INFO  State of operation 17887682 : EXECUTING
09:26:09 INFO  State of operation 17887682 : EXECUTING
09:26:11 INFO  State of operation 17887682 : EXECUTING
09:26:13 INFO  State of operation 17887682 : EXECUTING
09:26:16 INFO  State of operation 17887682 : EXECUTING
09:26:19 INFO  State of operation 17887682 : EXECUTING
09:26:21 INFO  State of operation 17887682 : EXECUTING
09:26:24 INFO  State of operation 17887682 : EXECUTING
09:26:26 INFO  State of operation 17887682 : EXECUTING
09:26:28 INFO  State of operation 17887682 : EXECUTING
09:26:31 INFO  State of operation 17887682 : EXECUTING
09:26:33 INFO  State of operation 17887682 : EXECUTING
09:26:35 INFO  State of operation 17887682 : EXECUTING
09:26:37 INFO  State of operation 17887682 : SUCCESSFUL
09:26:37 INFO  Assert that (False == value) with value=False ... passed
09:26:38 INFO  Package asciijump is installed
09:26:38 INFO  Assert that (True == value) with value=True ... passed
09:26:38 INFO  Package squirrel3 is installed
09:26:38 INFO  Assert that (True == value) with value=True ... passed
09:26:38 INFO  Package robotfindskitten is installed
09:26:38 INFO  Assert that (True == value) with value=True ... passed
09:26:38 INFO  Response status: 201
09:26:38 INFO  Response to action: {
    "creationTime": "2022-04-28T09:26:38.819Z",
    "deviceName": "m32sd10d",
    "deviceId": "17852646",
    "self": "https://t493319102.eu-latest.cumulocity.com/devicecontrol/operations/17887690",
    "id": "17887690",
    "status": "PENDING",
    "description": "Apply software changes, triggered from PySys: [{'action': 'delete', 'id': '5475369', 'name': 'asciijump', 'url': ' ', 'version': '::apt'}, {'action': 'delete', 'id': '5474869', 'name': 'robotfindskitten', 'url': ' ', 'version': '::apt'}, {'action': 'delete', 'id': '5475279', 'name': 'squirrel3', 'url': ' ', 'version': '::apt'}]",
    "c8y_SoftwareUpdate": [
        {
            "name": "asciijump",
            "action": "delete",
            "id": "5475369",
            "version": "::apt",
            "url": " "
        },
        {
            "name": "robotfindskitten",
            "action": "delete",
            "id": "5474869",
            "version": "::apt",
            "url": " "
        },
        {
            "name": "squirrel3",
            "action": "delete",
            "id": "5475279",
            "version": "::apt",
            "url": " "
        }
    ]
}
09:26:38 INFO  Started operation: {'creationTime': '2022-04-28T09:26:38.819Z', 'deviceName': 'm32sd10d', 'deviceId': '17852646', 'self': 'https://t493319102.eu-latest.cumulocity.com/devicecontrol/operations/17887690', 'id': '17887690', 'status': 'PENDING', 'description': "Apply software changes, triggered from PySys: [{'action': 'delete', 'id': '5475369', 'name': 'asciijump', 'url': ' ', 'version': '::apt'}, {'action': 'delete', 'id': '5474869', 'name': 'robotfindskitten', 'url': ' ', 'version': '::apt'}, {'action': 'delete', 'id': '5475279', 'name': 'squirrel3', 'url': ' ', 'version': '::apt'}]", 'c8y_SoftwareUpdate': [{'name': 'asciijump', 'action': 'delete', 'id': '5475369', 'version': '::apt', 'url': ' '}, {'name': 'robotfindskitten', 'action': 'delete', 'id': '5474869', 'version': '::apt', 'url': ' '}, {'name': 'squirrel3', 'action': 'delete', 'id': '5475279', 'version': '::apt', 'url': ' '}]}
09:26:41 INFO  State of operation 17887690 : PENDING
09:26:43 INFO  State of operation 17887690 : EXECUTING
09:26:45 INFO  State of operation 17887690 : EXECUTING
09:26:47 INFO  State of operation 17887690 : EXECUTING
09:26:49 INFO  State of operation 17887690 : EXECUTING
09:26:52 INFO  State of operation 17887690 : EXECUTING
09:26:55 INFO  State of operation 17887690 : EXECUTING
09:26:57 INFO  State of operation 17887690 : EXECUTING
09:27:00 INFO  State of operation 17887690 : EXECUTING
09:27:02 INFO  State of operation 17887690 : EXECUTING
09:27:04 INFO  State of operation 17887690 : EXECUTING
09:27:06 INFO  State of operation 17887690 : EXECUTING
09:27:09 INFO  State of operation 17887690 : EXECUTING
09:27:11 INFO  State of operation 17887690 : EXECUTING
09:27:13 INFO  State of operation 17887690 : EXECUTING
09:27:15 INFO  State of operation 17887690 : EXECUTING
09:27:18 INFO  State of operation 17887690 : EXECUTING
09:27:20 INFO  State of operation 17887690 : EXECUTING
09:27:23 INFO  State of operation 17887690 : EXECUTING
09:27:25 INFO  State of operation 17887690 : EXECUTING
09:27:27 INFO  State of operation 17887690 : EXECUTING
09:27:30 INFO  State of operation 17887690 : EXECUTING
09:27:32 INFO  State of operation 17887690 : EXECUTING
09:27:34 INFO  State of operation 17887690 : EXECUTING
09:27:36 INFO  State of operation 17887690 : EXECUTING
09:27:39 INFO  State of operation 17887690 : EXECUTING
09:27:41 INFO  State of operation 17887690 : EXECUTING
09:27:44 INFO  State of operation 17887690 : EXECUTING
09:27:46 INFO  State of operation 17887690 : EXECUTING
09:27:48 INFO  State of operation 17887690 : SUCCESSFUL
09:27:48 INFO  Assert that (False == value) with value=False ... passed
09:27:49 INFO  Assert that (False == value) with value=False ... passed
09:27:49 INFO  Assert that (False == value) with value=False ... passed
09:27:49 INFO  Assert that (False == value) with value=False ... passed
09:27:49 INFO  
09:27:49 INFO  cleanup:
09:27:53 INFO  Executed sudo&lt;tedge_disconnect_c8y&gt;, exit status 0
09:27:54 INFO  Executed systemctl&lt;serv_mapper5&gt;, exit status 3
09:27:54 INFO  
09:27:54 INFO  Test duration: 139.69 secs
09:27:54 INFO  Test final outcome:  FAILED
09:27:54 INFO  Test outcome reason: Assert that (False == value) with value=True (+2 other failures)
09:27:54 INFO  
</system-out>
	</testcase>
</testsuite><testsuite name="SoftwareManagement.sm_apt_install_remove_multiple_mixed" tests="3" errors="0" failures="2" skipped="1" time="0"><testcase classname="PySysTest" name="SoftwareManagement.sm_apt_install_remove_multiple_mixed">
		<skipped message="SKIPPED: Testing the apt plugin is not supported on this platform.Use parameter -XmyPlatform='container' to enable it" />
		<system-out>08:28:31 INFO  ==============================================================
08:28:31 INFO  Id:    SoftwareManagement.sm_apt_install_remove_multiple_mixed
08:28:31 INFO  Dir:   software_management_end_to_end/
08:28:31 INFO  Title: Validate end to end behaviour for the apt plugin for multiple packages with mixed versions
08:28:31 INFO  ==============================================================
08:28:31 INFO  Testing the apt plugin is not supported on this platform.Use parameter -XmyPlatform='container' to enable it ... skipped
08:28:31 WARN  Aborted test due to SKIPPED outcome
08:28:31 INFO  
08:28:31 INFO  Test duration: 0.02 secs
08:28:31 INFO  Test final outcome:  SKIPPED
08:28:31 INFO  Test outcome reason: Testing the apt plugin is not supported on this platform.Use parameter -XmyPlatform='container' to enable it
08:28:31 INFO  
</system-out>
	</testcase>
<testcase classname="PySysTest" name="SoftwareManagement.sm_apt_install_remove_multiple_mixed">
		<failure message="BLOCKED: SystemError: Timeout while waiting for status SUCCESSFUL or False" type="BLOCKED" />
		<system-out>09:02:24 INFO  ==============================================================
09:02:24 INFO  Id:    SoftwareManagement.sm_apt_install_remove_multiple_mixed
09:02:24 INFO  Dir:   software_management_end_to_end/
09:02:24 INFO  Title: Validate end to end behaviour for the apt plugin for multiple packages with mixed versions
09:02:24 INFO  ==============================================================
09:02:24 INFO  Using sw id database: {'asciijump': '5475369', 'robotfindskitten': '5474869', 'squirrel3': '5475279', 'rolldice': '5152439', 'moon-buggy': '5439204', 'apple': '5495053', 'banana': '5494888', 'cherry': '5495382', 'watermelon': '5494510', 'registry': '8018911', 'hello-world': '8021526', 'docker/getting-started': '8021973', 'alpine': '7991792'}
09:02:24 INFO  EnvironmentC8y Setup
09:02:24 INFO  Executed systemctl&lt;serv_mapper1&gt;, exit status 3
09:02:24 INFO  Restarting mosquitto too frequently in the last 10 seconds. It was only up for 4 seconds
09:02:24 INFO  Delaying execution by 7 seconds
09:02:45 INFO  Executed sudo&lt;tedge_connect_c8y&gt;, exit status 0, duration 13 secs
09:02:46 INFO  Executed sudo&lt;tedge_connect_c8y_test&gt;, exit status 0
09:02:46 INFO  Executed systemctl&lt;serv_mosq2&gt;, exit status 0
09:02:46 INFO  Executed systemctl&lt;serv_mapper3&gt;, exit status 0
09:02:49 INFO  State of current operation: SUCCESSFUL
09:02:49 INFO  Assert that (False == value) with value=False ... passed
09:02:49 INFO  Assert that (False == value) with value=False ... passed
09:02:49 INFO  Assert that (False == value) with value=False ... passed
09:02:50 INFO  Assert that (False == value) with value=False ... passed
09:02:50 INFO  Assert that (False == value) with value=False ... passed
09:02:51 INFO  Response status: 201
09:02:51 INFO  Response to action: {
    "creationTime": "2022-04-28T09:02:51.622Z",
    "deviceName": "m32sd10d",
    "deviceId": "17852646",
    "self": "https://t493319102.eu-latest.cumulocity.com/devicecontrol/operations/17887543",
    "id": "17887543",
    "status": "PENDING",
    "description": "Apply software changes, triggered from PySys: [{'action': 'install', 'id': '5475369', 'name': 'asciijump', 'url': ' ', 'version': '::apt'}, {'action': 'install', 'id': '5474869', 'name': 'robotfindskitten', 'url': ' ', 'version': ' '}, {'action': 'install', 'id': '5475279', 'name': 'squirrel3', 'url': ' ', 'version': '3.1-7::apt'}, {'action': 'install', 'id': '5152439', 'name': 'rolldice', 'url': ' ', 'version': '1.16-1+b1'}, {'action': 'install', 'id': '5439204', 'name': 'moon-buggy', 'url': ' ', 'version': '1:1.0.51-12'}, {'action': 'install', 'id': '5475369', 'name': 'asciijump', 'url': ' ', 'version': '::apt'}]",
    "c8y_SoftwareUpdate": [
        {
            "name": "asciijump",
            "action": "install",
            "id": "5475369",
            "version": "::apt",
            "url": " "
        },
        {
            "name": "robotfindskitten",
            "action": "install",
            "id": "5474869",
            "version": " ",
            "url": " "
        },
        {
            "name": "squirrel3",
            "action": "install",
            "id": "5475279",
            "version": "3.1-7::apt",
            "url": " "
        },
        {
            "name": "rolldice",
            "action": "install",
            "id": "5152439",
            "version": "1.16-1+b1",
            "url": " "
        },
        {
            "name": "moon-buggy",
            "action": "install",
            "id": "5439204",
            "version": "1:1.0.51-12",
            "url": " "
        },
        {
            "name": "asciijump",
            "action": "install",
            "id": "5475369",
            "version": "::apt",
            "url": " "
        }
    ]
}
09:02:51 INFO  Started operation: {'creationTime': '2022-04-28T09:02:51.622Z', 'deviceName': 'm32sd10d', 'deviceId': '17852646', 'self': 'https://t493319102.eu-latest.cumulocity.com/devicecontrol/operations/17887543', 'id': '17887543', 'status': 'PENDING', 'description': "Apply software changes, triggered from PySys: [{'action': 'install', 'id': '5475369', 'name': 'asciijump', 'url': ' ', 'version': '::apt'}, {'action': 'install', 'id': '5474869', 'name': 'robotfindskitten', 'url': ' ', 'version': ' '}, {'action': 'install', 'id': '5475279', 'name': 'squirrel3', 'url': ' ', 'version': '3.1-7::apt'}, {'action': 'install', 'id': '5152439', 'name': 'rolldice', 'url': ' ', 'version': '1.16-1+b1'}, {'action': 'install', 'id': '5439204', 'name': 'moon-buggy', 'url': ' ', 'version': '1:1.0.51-12'}, {'action': 'install', 'id': '5475369', 'name': 'asciijump', 'url': ' ', 'version': '::apt'}]", 'c8y_SoftwareUpdate': [{'name': 'asciijump', 'action': 'install', 'id': '5475369', 'version': '::apt', 'url': ' '}, {'name': 'robotfindskitten', 'action': 'install', 'id': '5474869', 'version': ' ', 'url': ' '}, {'name': 'squirrel3', 'action': 'install', 'id': '5475279', 'version': '3.1-7::apt', 'url': ' '}, {'name': 'rolldice', 'action': 'install', 'id': '5152439', 'version': '1.16-1+b1', 'url': ' '}, {'name': 'moon-buggy', 'action': 'install', 'id': '5439204', 'version': '1:1.0.51-12', 'url': ' '}, {'name': 'asciijump', 'action': 'install', 'id': '5475369', 'version': '::apt', 'url': ' '}]}
09:02:53 INFO  State of operation 17887543 : PENDING
09:02:56 INFO  State of operation 17887543 : EXECUTING
09:02:58 INFO  State of operation 17887543 : EXECUTING
09:03:00 INFO  State of operation 17887543 : EXECUTING
09:03:02 INFO  State of operation 17887543 : EXECUTING
09:03:04 INFO  State of operation 17887543 : EXECUTING
09:03:07 INFO  State of operation 17887543 : EXECUTING
09:03:10 INFO  State of operation 17887543 : EXECUTING
09:03:12 INFO  State of operation 17887543 : EXECUTING
09:03:15 INFO  State of operation 17887543 : EXECUTING
09:03:17 INFO  State of operation 17887543 : EXECUTING
09:03:19 INFO  State of operation 17887543 : EXECUTING
09:03:21 INFO  State of operation 17887543 : EXECUTING
09:03:24 INFO  State of operation 17887543 : EXECUTING
09:03:26 INFO  State of operation 17887543 : EXECUTING
09:03:28 INFO  State of operation 17887543 : EXECUTING
09:03:31 INFO  State of operation 17887543 : EXECUTING
09:03:33 INFO  State of operation 17887543 : EXECUTING
09:03:36 INFO  State of operation 17887543 : EXECUTING
09:03:38 INFO  State of operation 17887543 : EXECUTING
09:03:40 INFO  State of operation 17887543 : EXECUTING
09:03:43 INFO  State of operation 17887543 : EXECUTING
09:03:45 INFO  State of operation 17887543 : EXECUTING
09:03:47 INFO  State of operation 17887543 : EXECUTING
09:03:49 INFO  State of operation 17887543 : EXECUTING
09:03:52 INFO  State of operation 17887543 : EXECUTING
09:03:55 INFO  State of operation 17887543 : EXECUTING
09:03:57 INFO  State of operation 17887543 : EXECUTING
09:03:59 INFO  State of operation 17887543 : EXECUTING
09:04:01 INFO  State of operation 17887543 : EXECUTING
09:04:04 INFO  State of operation 17887543 : EXECUTING
09:04:06 INFO  State of operation 17887543 : EXECUTING
09:04:08 INFO  State of operation 17887543 : EXECUTING
09:04:10 INFO  State of operation 17887543 : EXECUTING
09:04:13 INFO  State of operation 17887543 : EXECUTING
09:04:15 INFO  State of operation 17887543 : EXECUTING
09:04:17 INFO  State of operation 17887543 : EXECUTING
09:04:19 INFO  State of operation 17887543 : EXECUTING
09:04:22 INFO  State of operation 17887543 : EXECUTING
09:04:25 INFO  State of operation 17887543 : EXECUTING
09:04:27 INFO  State of operation 17887543 : EXECUTING
09:04:30 INFO  State of operation 17887543 : EXECUTING
09:04:32 INFO  State of operation 17887543 : EXECUTING
09:04:34 INFO  State of operation 17887543 : EXECUTING
09:04:36 INFO  State of operation 17887543 : EXECUTING
09:04:39 INFO  State of operation 17887543 : EXECUTING
09:04:41 INFO  State of operation 17887543 : EXECUTING
09:04:43 INFO  State of operation 17887543 : EXECUTING
09:04:45 INFO  State of operation 17887543 : EXECUTING
09:04:48 INFO  State of operation 17887543 : EXECUTING
09:04:50 INFO  State of operation 17887543 : EXECUTING
09:04:53 INFO  State of operation 17887543 : EXECUTING
09:04:55 INFO  State of operation 17887543 : EXECUTING
09:04:58 INFO  State of operation 17887543 : EXECUTING
09:05:00 INFO  State of operation 17887543 : EXECUTING
09:05:02 INFO  State of operation 17887543 : EXECUTING
09:05:04 INFO  State of operation 17887543 : EXECUTING
09:05:06 INFO  State of operation 17887543 : EXECUTING
09:05:09 INFO  State of operation 17887543 : EXECUTING
09:05:11 INFO  State of operation 17887543 : EXECUTING
09:05:14 INFO  State of operation 17887543 : EXECUTING
09:05:16 WARN  SystemError occurred while running test - Timeout while waiting for status SUCCESSFUL or False
Traceback (most recent call last):
  File "/home/pi/env-pysys/lib/python3.7/site-packages/pysys/baserunner.py", line 1294, in __call__
    self.testObj.execute()
  File "/home/pi/actions-runner/_work/thin-edge.io/thin-edge.io/tests/PySys/software_management_end_to_end/sm_apt_install_remove_multiple_mixed/run.py", line 89, in execute
    self.wait_until_succcess()
  File "/home/pi/actions-runner/_work/thin-edge.io/thin-edge.io/tests/PySys/software_management_end_to_end/environment_sm_management.py", line 324, in wait_until_succcess
    self.wait_until_status("SUCCESSFUL")
  File "/home/pi/actions-runner/_work/thin-edge.io/thin-edge.io/tests/PySys/software_management_end_to_end/environment_sm_management.py", line 381, in wait_until_status
    "Timeout while waiting for status %s or %s" % (status, status2)
SystemError: Timeout while waiting for status SUCCESSFUL or False
09:05:16 WARN  SystemError: Timeout while waiting for status SUCCESSFUL or False ... blocked 
09:05:16 INFO  
09:05:16 INFO  cleanup:
09:05:22 INFO  Executed sudo&lt;tedge_disconnect_c8y&gt;, exit status 0
09:05:23 INFO  Executed systemctl&lt;serv_mapper5&gt;, exit status 3
09:05:23 INFO  
09:05:23 INFO  Test duration: 179.39 secs
09:05:23 INFO  Test final outcome:  BLOCKED
09:05:23 INFO  Test outcome reason: SystemError: Timeout while waiting for status SUCCESSFUL or False
09:05:23 INFO  
</system-out>
	</testcase>
<testcase classname="PySysTest" name="SoftwareManagement.sm_apt_install_remove_multiple_mixed">
		<failure message="BLOCKED: SystemError: Timeout while waiting for status SUCCESSFUL or False (+1 other failures)" type="BLOCKED" />
		<system-out>09:27:54 INFO  ==============================================================
09:27:54 INFO  Id:    SoftwareManagement.sm_apt_install_remove_multiple_mixed
09:27:54 INFO  Dir:   software_management_end_to_end/
09:27:54 INFO  Title: Validate end to end behaviour for the apt plugin for multiple packages with mixed versions
09:27:54 INFO  ==============================================================
09:27:54 INFO  Using sw id database: {'asciijump': '5475369', 'robotfindskitten': '5474869', 'squirrel3': '5475279', 'rolldice': '5152439', 'moon-buggy': '5439204', 'apple': '5495053', 'banana': '5494888', 'cherry': '5495382', 'watermelon': '5494510', 'registry': '8018911', 'hello-world': '8021526', 'docker/getting-started': '8021973', 'alpine': '7991792'}
09:27:54 INFO  EnvironmentC8y Setup
09:27:54 INFO  Executed systemctl&lt;serv_mapper1&gt;, exit status 3
09:27:55 INFO  Restarting mosquitto too frequently in the last 10 seconds. It was only up for 4 seconds
09:27:55 INFO  Delaying execution by 7 seconds
09:28:15 INFO  Executed sudo&lt;tedge_connect_c8y&gt;, exit status 0, duration 13 secs
09:28:16 INFO  Executed sudo&lt;tedge_connect_c8y_test&gt;, exit status 0
09:28:16 INFO  Executed systemctl&lt;serv_mosq2&gt;, exit status 0
09:28:17 INFO  Executed systemctl&lt;serv_mapper3&gt;, exit status 0
09:28:19 INFO  State of current operation: SUCCESSFUL
09:28:19 INFO  Assert that (False == value) with value=False ... passed
09:28:19 INFO  Assert that (False == value) with value=False ... passed
09:28:20 INFO  Assert that (False == value) with value=False ... passed
09:28:20 INFO  Assert that (False == value) with value=False ... passed
09:28:20 INFO  Package moon-buggy is installed
09:28:20 WARN  Assert that (False == value) with value=True ... failed 
09:28:21 INFO  Response status: 201
09:28:21 INFO  Response to action: {
    "creationTime": "2022-04-28T09:28:21.863Z",
    "deviceName": "m32sd10d",
    "deviceId": "17852646",
    "self": "https://t493319102.eu-latest.cumulocity.com/devicecontrol/operations/17887698",
    "id": "17887698",
    "status": "PENDING",
    "description": "Apply software changes, triggered from PySys: [{'action': 'install', 'id': '5475369', 'name': 'asciijump', 'url': ' ', 'version': '::apt'}, {'action': 'install', 'id': '5474869', 'name': 'robotfindskitten', 'url': ' ', 'version': ' '}, {'action': 'install', 'id': '5475279', 'name': 'squirrel3', 'url': ' ', 'version': '3.1-7::apt'}, {'action': 'install', 'id': '5152439', 'name': 'rolldice', 'url': ' ', 'version': '1.16-1+b1'}, {'action': 'install', 'id': '5439204', 'name': 'moon-buggy', 'url': ' ', 'version': '1:1.0.51-12'}, {'action': 'install', 'id': '5475369', 'name': 'asciijump', 'url': ' ', 'version': '::apt'}]",
    "c8y_SoftwareUpdate": [
        {
            "name": "asciijump",
            "action": "install",
            "id": "5475369",
            "version": "::apt",
            "url": " "
        },
        {
            "name": "robotfindskitten",
            "action": "install",
            "id": "5474869",
            "version": " ",
            "url": " "
        },
        {
            "name": "squirrel3",
            "action": "install",
            "id": "5475279",
            "version": "3.1-7::apt",
            "url": " "
        },
        {
            "name": "rolldice",
            "action": "install",
            "id": "5152439",
            "version": "1.16-1+b1",
            "url": " "
        },
        {
            "name": "moon-buggy",
            "action": "install",
            "id": "5439204",
            "version": "1:1.0.51-12",
            "url": " "
        },
        {
            "name": "asciijump",
            "action": "install",
            "id": "5475369",
            "version": "::apt",
            "url": " "
        }
    ]
}
09:28:21 INFO  Started operation: {'creationTime': '2022-04-28T09:28:21.863Z', 'deviceName': 'm32sd10d', 'deviceId': '17852646', 'self': 'https://t493319102.eu-latest.cumulocity.com/devicecontrol/operations/17887698', 'id': '17887698', 'status': 'PENDING', 'description': "Apply software changes, triggered from PySys: [{'action': 'install', 'id': '5475369', 'name': 'asciijump', 'url': ' ', 'version': '::apt'}, {'action': 'install', 'id': '5474869', 'name': 'robotfindskitten', 'url': ' ', 'version': ' '}, {'action': 'install', 'id': '5475279', 'name': 'squirrel3', 'url': ' ', 'version': '3.1-7::apt'}, {'action': 'install', 'id': '5152439', 'name': 'rolldice', 'url': ' ', 'version': '1.16-1+b1'}, {'action': 'install', 'id': '5439204', 'name': 'moon-buggy', 'url': ' ', 'version': '1:1.0.51-12'}, {'action': 'install', 'id': '5475369', 'name': 'asciijump', 'url': ' ', 'version': '::apt'}]", 'c8y_SoftwareUpdate': [{'name': 'asciijump', 'action': 'install', 'id': '5475369', 'version': '::apt', 'url': ' '}, {'name': 'robotfindskitten', 'action': 'install', 'id': '5474869', 'version': ' ', 'url': ' '}, {'name': 'squirrel3', 'action': 'install', 'id': '5475279', 'version': '3.1-7::apt', 'url': ' '}, {'name': 'rolldice', 'action': 'install', 'id': '5152439', 'version': '1.16-1+b1', 'url': ' '}, {'name': 'moon-buggy', 'action': 'install', 'id': '5439204', 'version': '1:1.0.51-12', 'url': ' '}, {'name': 'asciijump', 'action': 'install', 'id': '5475369', 'version': '::apt', 'url': ' '}]}
09:28:24 INFO  State of operation 17887698 : PENDING
09:28:26 INFO  State of operation 17887698 : EXECUTING
09:28:28 INFO  State of operation 17887698 : EXECUTING
09:28:30 INFO  State of operation 17887698 : EXECUTING
09:28:33 INFO  State of operation 17887698 : EXECUTING
09:28:35 INFO  State of operation 17887698 : EXECUTING
09:28:38 INFO  State of operation 17887698 : EXECUTING
09:28:40 INFO  State of operation 17887698 : EXECUTING
09:28:43 INFO  State of operation 17887698 : EXECUTING
09:28:45 INFO  State of operation 17887698 : EXECUTING
09:28:48 INFO  State of operation 17887698 : EXECUTING
09:28:50 INFO  State of operation 17887698 : EXECUTING
09:28:52 INFO  State of operation 17887698 : EXECUTING
09:28:54 INFO  State of operation 17887698 : EXECUTING
09:28:57 INFO  State of operation 17887698 : EXECUTING
09:28:59 INFO  State of operation 17887698 : EXECUTING
09:29:01 INFO  State of operation 17887698 : EXECUTING
09:29:04 INFO  State of operation 17887698 : EXECUTING
09:29:07 INFO  State of operation 17887698 : EXECUTING
09:29:09 INFO  State of operation 17887698 : EXECUTING
09:29:11 INFO  State of operation 17887698 : EXECUTING
09:29:14 INFO  State of operation 17887698 : EXECUTING
09:29:16 INFO  State of operation 17887698 : EXECUTING
09:29:18 INFO  State of operation 17887698 : EXECUTING
09:29:20 INFO  State of operation 17887698 : EXECUTING
09:29:22 INFO  State of operation 17887698 : EXECUTING
09:29:25 INFO  State of operation 17887698 : EXECUTING
09:29:27 INFO  State of operation 17887698 : EXECUTING
09:29:30 INFO  State of operation 17887698 : EXECUTING
09:29:32 INFO  State of operation 17887698 : EXECUTING
09:29:34 INFO  State of operation 17887698 : EXECUTING
09:29:36 INFO  State of operation 17887698 : EXECUTING
09:29:39 INFO  State of operation 17887698 : EXECUTING
09:29:41 INFO  State of operation 17887698 : EXECUTING
09:29:43 INFO  State of operation 17887698 : EXECUTING
09:29:45 INFO  State of operation 17887698 : EXECUTING
09:29:47 INFO  State of operation 17887698 : EXECUTING
09:29:50 INFO  State of operation 17887698 : EXECUTING
09:29:52 INFO  State of operation 17887698 : EXECUTING
09:29:55 INFO  State of operation 17887698 : EXECUTING
09:29:57 INFO  State of operation 17887698 : EXECUTING
09:30:00 INFO  State of operation 17887698 : EXECUTING
09:30:02 INFO  State of operation 17887698 : EXECUTING
09:30:04 INFO  State of operation 17887698 : EXECUTING
09:30:06 INFO  State of operation 17887698 : EXECUTING
09:30:08 INFO  State of operation 17887698 : EXECUTING
09:30:11 INFO  State of operation 17887698 : EXECUTING
09:30:13 INFO  State of operation 17887698 : EXECUTING
09:30:15 INFO  State of operation 17887698 : EXECUTING
09:30:18 INFO  State of operation 17887698 : EXECUTING
09:30:20 INFO  State of operation 17887698 : EXECUTING
09:30:23 INFO  State of operation 17887698 : EXECUTING
09:30:25 INFO  State of operation 17887698 : EXECUTING
09:30:28 INFO  State of operation 17887698 : EXECUTING
09:30:30 INFO  State of operation 17887698 : EXECUTING
09:30:32 INFO  State of operation 17887698 : EXECUTING
09:30:34 INFO  State of operation 17887698 : EXECUTING
09:30:37 INFO  State of operation 17887698 : EXECUTING
09:30:39 INFO  State of operation 17887698 : EXECUTING
09:30:42 INFO  State of operation 17887698 : EXECUTING
09:30:44 INFO  State of operation 17887698 : EXECUTING
09:30:46 WARN  SystemError occurred while running test - Timeout while waiting for status SUCCESSFUL or False
Traceback (most recent call last):
  File "/home/pi/env-pysys/lib/python3.7/site-packages/pysys/baserunner.py", line 1294, in __call__
    self.testObj.execute()
  File "/home/pi/actions-runner/_work/thin-edge.io/thin-edge.io/tests/PySys/software_management_end_to_end/sm_apt_install_remove_multiple_mixed/run.py", line 89, in execute
    self.wait_until_succcess()
  File "/home/pi/actions-runner/_work/thin-edge.io/thin-edge.io/tests/PySys/software_management_end_to_end/environment_sm_management.py", line 324, in wait_until_succcess
    self.wait_until_status("SUCCESSFUL")
  File "/home/pi/actions-runner/_work/thin-edge.io/thin-edge.io/tests/PySys/software_management_end_to_end/environment_sm_management.py", line 381, in wait_until_status
    "Timeout while waiting for status %s or %s" % (status, status2)
SystemError: Timeout while waiting for status SUCCESSFUL or False
09:30:46 WARN  SystemError: Timeout while waiting for status SUCCESSFUL or False ... blocked 
09:30:46 INFO  
09:30:46 INFO  cleanup:
09:30:51 INFO  Executed sudo&lt;tedge_disconnect_c8y&gt;, exit status 0
09:30:51 INFO  Executed systemctl&lt;serv_mapper5&gt;, exit status 3
09:30:51 INFO  
09:30:51 INFO  Test duration: 177.81 secs
09:30:51 INFO  Test final outcome:  BLOCKED
09:30:51 INFO  Test outcome reason: SystemError: Timeout while waiting for status SUCCESSFUL or False (+1 other failures)
09:30:51 INFO  
</system-out>
	</testcase>
</testsuite><testsuite name="SoftwareManagement.sm_apt_install_remove_with_version" tests="3" errors="0" failures="0" skipped="1" time="0"><testcase classname="PySysTest" name="SoftwareManagement.sm_apt_install_remove_with_version">
		<skipped message="SKIPPED: Testing the apt plugin is not supported on this platform.Use parameter -XmyPlatform='container' to enable it" />
		<system-out>08:28:31 INFO  ==============================================================
08:28:31 INFO  Id:    SoftwareManagement.sm_apt_install_remove_with_version
08:28:31 INFO  Dir:   software_management_end_to_end/
08:28:31 INFO  Title: Validate end to end behaviour for the apt plugin for packages with version
08:28:31 INFO  ==============================================================
08:28:31 INFO  Testing the apt plugin is not supported on this platform.Use parameter -XmyPlatform='container' to enable it ... skipped
08:28:31 WARN  Aborted test due to SKIPPED outcome
08:28:31 INFO  
08:28:31 INFO  Test duration: 0.02 secs
08:28:31 INFO  Test final outcome:  SKIPPED
08:28:31 INFO  Test outcome reason: Testing the apt plugin is not supported on this platform.Use parameter -XmyPlatform='container' to enable it
08:28:31 INFO  
</system-out>
	</testcase>
<testcase classname="PySysTest" name="SoftwareManagement.sm_apt_install_remove_with_version" />
<testcase classname="PySysTest" name="SoftwareManagement.sm_apt_install_remove_with_version" />
</testsuite><testsuite name="SoftwareManagement.sm_docker_install_remove_multiple" tests="3" errors="0" failures="2" skipped="1" time="0"><testcase classname="SMDockerInstallRemove" name="SoftwareManagement.sm_docker_install_remove_multiple">
		<skipped message="SKIPPED: Testing the apt plugin is not supported on this platform.Use parameter -XmyPlatform='container' to enable it" />
		<system-out>08:28:31 INFO  ==============================================================
08:28:31 INFO  Id:    SoftwareManagement.sm_docker_install_remove_multiple
08:28:31 INFO  Dir:   software_management_end_to_end/
08:28:31 INFO  Title: Validate end to end behaviour for the docker plugin for multiple docker images with mixed versions
08:28:31 INFO  ==============================================================
08:28:31 INFO  Testing the apt plugin is not supported on this platform.Use parameter -XmyPlatform='container' to enable it ... skipped
08:28:31 WARN  Aborted test due to SKIPPED outcome
08:28:31 INFO  
08:28:31 INFO  Test duration: 0.17 secs
08:28:31 INFO  Test final outcome:  SKIPPED
08:28:31 INFO  Test outcome reason: Testing the apt plugin is not supported on this platform.Use parameter -XmyPlatform='container' to enable it
08:28:31 INFO  
</system-out>
	</testcase>
<testcase classname="SMDockerInstallRemove" name="SoftwareManagement.sm_docker_install_remove_multiple">
		<failure message="BLOCKED: SystemError: The operation has failed" type="BLOCKED" />
		<system-out>09:13:32 INFO  ==============================================================
09:13:32 INFO  Id:    SoftwareManagement.sm_docker_install_remove_multiple
09:13:32 INFO  Dir:   software_management_end_to_end/
09:13:32 INFO  Title: Validate end to end behaviour for the docker plugin for multiple docker images with mixed versions
09:13:32 INFO  ==============================================================
09:13:33 INFO  Using sw id database: {'asciijump': '5475369', 'robotfindskitten': '5474869', 'squirrel3': '5475279', 'rolldice': '5152439', 'moon-buggy': '5439204', 'apple': '5495053', 'banana': '5494888', 'cherry': '5495382', 'watermelon': '5494510', 'registry': '8018911', 'hello-world': '8021526', 'docker/getting-started': '8021973', 'alpine': '7991792'}
09:13:33 INFO  EnvironmentC8y Setup
09:13:34 INFO  Executed systemctl&lt;serv_mapper1&gt;, exit status 3
09:13:50 INFO  Executed sudo&lt;tedge_connect_c8y&gt;, exit status 0, duration 16 secs
09:13:51 INFO  Executed sudo&lt;tedge_connect_c8y_test&gt;, exit status 0
09:13:51 INFO  Executed systemctl&lt;serv_mosq2&gt;, exit status 0
09:13:52 INFO  Executed systemctl&lt;serv_mapper3&gt;, exit status 0
09:13:54 INFO  State of current operation: SUCCESSFUL
09:13:54 INFO  Response status: 201
09:13:54 INFO  Response to action: {
    "delivery": {
        "time": "2022-04-28T09:13:54.600Z",
        "log": [],
        "status": "PENDING"
    },
    "creationTime": "2022-04-28T09:13:54.587Z",
    "deviceName": "m32sd10d",
    "deviceId": "17852646",
    "self": "https://t493319102.eu-latest.cumulocity.com/devicecontrol/operations/17887575",
    "id": "17887575",
    "status": "PENDING",
    "description": "Apply software changes, triggered from PySys: [{'action': 'install', 'id': '8021526', 'name': 'hello-world', 'url': '', 'version': '::docker'}, {'action': 'install', 'id': '8018911', 'name': 'registry', 'url': '', 'version': '2.6.2::docker'}]",
    "c8y_SoftwareUpdate": [
        {
            "name": "hello-world",
            "action": "install",
            "id": "8021526",
            "version": "::docker",
            "url": ""
        },
        {
            "name": "registry",
            "action": "install",
            "id": "8018911",
            "version": "2.6.2::docker",
            "url": ""
        }
    ]
}
09:13:54 INFO  Started operation: {'delivery': {'time': '2022-04-28T09:13:54.600Z', 'log': [], 'status': 'PENDING'}, 'creationTime': '2022-04-28T09:13:54.587Z', 'deviceName': 'm32sd10d', 'deviceId': '17852646', 'self': 'https://t493319102.eu-latest.cumulocity.com/devicecontrol/operations/17887575', 'id': '17887575', 'status': 'PENDING', 'description': "Apply software changes, triggered from PySys: [{'action': 'install', 'id': '8021526', 'name': 'hello-world', 'url': '', 'version': '::docker'}, {'action': 'install', 'id': '8018911', 'name': 'registry', 'url': '', 'version': '2.6.2::docker'}]", 'c8y_SoftwareUpdate': [{'name': 'hello-world', 'action': 'install', 'id': '8021526', 'version': '::docker', 'url': ''}, {'name': 'registry', 'action': 'install', 'id': '8018911', 'version': '2.6.2::docker', 'url': ''}]}
09:13:56 INFO  State of operation 17887575 : PENDING
09:13:59 INFO  State of operation 17887575 : EXECUTING
09:14:01 INFO  State of operation 17887575 : EXECUTING
09:14:03 INFO  State of operation 17887575 : EXECUTING
09:14:05 INFO  State of operation 17887575 : EXECUTING
09:14:08 INFO  State of operation 17887575 : EXECUTING
09:14:10 INFO  State of operation 17887575 : EXECUTING
09:14:12 INFO  State of operation 17887575 : EXECUTING
09:14:14 INFO  State of operation 17887575 : EXECUTING
09:14:17 INFO  State of operation 17887575 : EXECUTING
09:14:19 INFO  State of operation 17887575 : EXECUTING
09:14:23 INFO  State of operation 17887575 : EXECUTING
09:14:25 INFO  State of operation 17887575 : EXECUTING
09:14:27 INFO  State of operation 17887575 : EXECUTING
09:14:29 INFO  State of operation 17887575 : EXECUTING
09:14:32 INFO  State of operation 17887575 : SUCCESSFUL
09:14:33 INFO  Package hello-world is installed
09:14:33 INFO  Package hello-world is installed
09:14:33 INFO  Assert that (True == value) with value=True ... passed
09:14:33 INFO  Package registry is installed
09:14:33 INFO  Assert that (True == value) with value=True ... passed
09:14:33 INFO  Assert that (False == value) with value=False ... passed
09:14:34 INFO  Response status: 201
09:14:34 INFO  Response to action: {
    "delivery": {
        "time": "2022-04-28T09:14:34.195Z",
        "log": [],
        "status": "PENDING"
    },
    "creationTime": "2022-04-28T09:14:34.173Z",
    "deviceName": "m32sd10d",
    "deviceId": "17852646",
    "self": "https://t493319102.eu-latest.cumulocity.com/devicecontrol/operations/17887590",
    "id": "17887590",
    "status": "PENDING",
[...]
		<failure message="FAILED: Assert that (True == value) with value=False" type="FAILED" />
		<system-out>08:16:30 INFO  ==============================================================
08:16:30 INFO  Id:    log_request_num_lines
08:16:30 INFO  Dir:   log_request_end_to_end/
08:16:30 INFO  Title: Validate end to end behaviour for the log request operation check for number of lines
08:16:30 INFO  ==============================================================
08:16:30 INFO  EnvironmentC8y Setup
08:16:31 INFO  Executed systemctl&lt;serv_mapper1&gt;, exit status 3
08:16:31 INFO  Restarting mosquitto too frequently in the last 10 seconds. It was only up for 5 seconds
08:16:31 INFO  Delaying execution by 6 seconds
08:16:51 INFO  Executed sudo&lt;tedge_connect_c8y&gt;, exit status 0, duration 14 secs
08:16:52 INFO  Executed sudo&lt;tedge_connect_c8y_test&gt;, exit status 0
08:16:52 INFO  Executed systemctl&lt;serv_mosq2&gt;, exit status 0
08:16:53 INFO  Executed systemctl&lt;serv_mapper3&gt;, exit status 0
08:16:53 INFO  Executed sudo&lt;rm_logs&gt;, exit status 0
08:16:54 INFO  Executed sudo&lt;move_logs&gt;, exit status 0
08:16:54 INFO  log response None
08:16:54 WARN  retry, retrying in 1 seconds...
08:16:56 INFO  log response https://thin-edge-io.eu-latest.cumulocity.com/event/events/17848577/binaries
08:16:56 INFO  nlines 0
08:16:56 WARN  Assert that (True == value) with value=False ... failed [run.py:44]
08:16:56 INFO  
08:16:56 INFO  cleanup:
08:16:56 INFO  Executed sudo&lt;rm_logs&gt;, exit status 0
08:16:57 INFO  Executed sudo&lt;rm_tmp_logs&gt;, exit status 0
08:16:57 INFO  Executed sudo&lt;send_failed&gt;, exit status 0
08:17:02 INFO  Executed sudo&lt;tedge_disconnect_c8y&gt;, exit status 0
08:17:02 INFO  Executed systemctl&lt;serv_mapper5&gt;, exit status 3
08:17:02 INFO  
08:17:02 INFO  Test duration: 31.93 secs
08:17:02 INFO  Test final outcome:  FAILED
08:17:02 INFO  Test outcome reason: Assert that (True == value) with value=False
08:17:02 INFO  
</system-out>
	</testcase>
</testsuite><testsuite name="mapper_awaits_before_reconnect" tests="1" errors="0" failures="1" skipped="0" time="0"><testcase classname="MapperReconnectAwait" name="mapper_awaits_before_reconnect">
		<failure message="FAILED: Line count on tedge_mapper_journal.out for &quot;tedge_mapper::core::mapper: MQTT connection error:&quot; expected &gt;=2 but got 0" type="FAILED" />
		<system-out>08:31:33 INFO  ==============================================================
08:31:33 INFO  Id:    mapper_awaits_before_reconnect
08:31:33 INFO  Dir:   tedge_mapper_c8y/
08:31:33 INFO  Title: Validate mapper doesn't reconnect too often
08:31:33 INFO  ==============================================================
08:31:33 INFO  Started mosquitto_sub with process id 22306
08:31:33 INFO  Waiting for 0.1 seconds
08:31:33 INFO  Executed sudo&lt;tedge_mapper&gt;, exit status 0
08:31:33 INFO  Waiting for 5.0 seconds
08:31:39 INFO  Executed sudo&lt;tedge_mapper&gt;, exit status 0
08:31:40 INFO  Executed sudo&lt;tedge_mapper_journal&gt;, exit status 0
08:31:40 WARN  Grep on tedge_mapper_journal.out contains "ERROR" ... failed [run.py:67]
08:31:40 INFO  Line count on file tedge_mapper_journal.out ... passed
08:31:40 WARN  Line count on tedge_mapper_journal.out for "tedge_mapper::core::mapper: MQTT connection error:" expected &gt;=2 but got 0 ... failed [run.py:78]
08:31:40 WARN  Aborted test due to FAILED outcome
08:31:40 INFO  
08:31:40 INFO  Test duration: 7.55 secs
08:31:40 INFO  Test final outcome:  FAILED
08:31:40 INFO  Test outcome reason: Line count on tedge_mapper_journal.out for "tedge_mapper::core::mapper: MQTT connection error:" expected &gt;=2 but got 0
08:31:40 INFO  
</system-out>
	</testcase>
</testsuite><testsuite name="monitoring_smaller_interval" tests="1" errors="0" failures="1" skipped="0" time="0"><testcase classname="MonitoringSmallInterval" name="monitoring_smaller_interval">
		<failure message="BLOCKED: TypeError: 'int' object is not subscriptable" type="BLOCKED" />
		<system-out>08:18:32 INFO  ==============================================================
08:18:32 INFO  Id:    monitoring_smaller_interval
08:18:32 INFO  Dir:   monitoring/
08:18:32 INFO  Title: Validate the tedge dm agent messages that are produced with smaller sampling interval than the batching window. Here the simulated collectd messages are used
08:18:32 INFO  ==============================================================
08:18:33 INFO  Executed sudo&lt;collectd&gt;, exit status 0
08:18:34 INFO  Executed sudo&lt;collectd_mapper&gt;, exit status 0
08:18:34 INFO  Started sudo&lt;tedge_sub&gt; with process id 18434
08:18:34 INFO  Executed sudo&lt;tedge_temp&gt;, exit status 0
08:18:35 INFO  Executed sudo&lt;tedge_pres&gt;, exit status 0
08:18:35 INFO  Executed sudo&lt;tedge_temp&gt;, exit status 0
08:18:36 INFO  Executed sudo&lt;tedge_pres&gt;, exit status 0
08:18:36 INFO  Executed sudo&lt;tedge_temp&gt;, exit status 0
08:18:37 INFO  Executed sudo&lt;tedge_pres&gt;, exit status 0
08:18:38 INFO  Executed sudo&lt;tedge_temp&gt;, exit status 0
08:18:38 INFO  Executed sudo&lt;tedge_pres&gt;, exit status 0
08:18:39 INFO  Executed sudo&lt;tedge_temp&gt;, exit status 0
08:18:39 INFO  Executed sudo&lt;tedge_pres&gt;, exit status 0
08:18:40 INFO  Executed sudo&lt;tedge_temp&gt;, exit status 0
08:18:40 INFO  Executed sudo&lt;tedge_pres&gt;, exit status 0
08:18:41 INFO  Executed sudo&lt;tedge_temp&gt;, exit status 0
08:18:42 INFO  Executed sudo&lt;tedge_pres&gt;, exit status 0
08:18:42 INFO  Executed sudo&lt;tedge_temp&gt;, exit status 0
08:18:43 INFO  Executed sudo&lt;tedge_pres&gt;, exit status 0
08:18:43 INFO  Executed sudo&lt;tedge_temp&gt;, exit status 0
08:18:44 INFO  Executed sudo&lt;tedge_pres&gt;, exit status 0
08:18:45 INFO  Executed sudo&lt;tedge_temp&gt;, exit status 0
08:18:45 INFO  Executed sudo&lt;tedge_pres&gt;, exit status 0
08:18:47 INFO  Executed sudo&lt;kill_out&gt;, exit status 0
08:18:47 INFO  0

08:18:47 WARN  TypeError occurred while running test - 'int' object is not subscriptable
Traceback (most recent call last):
  File "/home/pi/env-pysys/lib/python3.7/site-packages/pysys/baserunner.py", line 1296, in __call__
    self.testObj.validate()
  File "/home/pi/actions-runner/_work/thin-edge.io/thin-edge.io/tests/PySys/monitoring/monitoring_smaller_interval/run.py", line 104, in validate
    collectd_msg_validation_result=self.validate_json(),
  File "/home/pi/actions-runner/_work/thin-edge.io/thin-edge.io/tests/PySys/monitoring/monitoring_smaller_interval/run.py", line 114, in validate_json
    if not self.validate_time():
  File "/home/pi/actions-runner/_work/thin-edge.io/thin-edge.io/tests/PySys/monitoring/monitoring_smaller_interval/run.py", line 134, in validate_time
    if self.js_msg["time"]:
TypeError: 'int' object is not subscriptable
08:18:47 WARN  TypeError: 'int' object is not subscriptable ... blocked 
08:18:47 INFO  
08:18:47 INFO  cleanup:
08:18:47 INFO  monitoring_cleanup
08:18:47 INFO  Executed sudo&lt;collectd_mapper&gt;, exit status 0
08:18:47 INFO  
08:18:47 INFO  Test duration: 15.13 secs
08:18:47 INFO  Test final outcome:  BLOCKED
08:18:47 INFO  Test outcome reason: TypeError: 'int' object is not subscriptable
08:18:47 INFO  
</system-out>
	</testcase>
</testsuite><testsuite name="monitoring_with_collectd" tests="1" errors="0" failures="0" skipped="1" time="0"><testcase classname="MonitoringWithCollectd" name="monitoring_with_collectd">
		<skipped message="SKIPPED: Test execution disabled due to #792 (instable)" />
		<system-out>08:18:47 INFO  ==============================================================
08:18:47 INFO  Id:    monitoring_with_collectd
08:18:47 INFO  Dir:   monitoring/
08:18:47 INFO  Title: Validate tedge dm agent messages that are produced by batching the collectd messages
08:18:47 INFO  ==============================================================
08:18:47 INFO  Test execution disabled due to #792 (instable) ... skipped
08:18:47 INFO  
08:18:47 INFO  Test duration: 0.02 secs
08:18:47 INFO  Test final outcome:  SKIPPED
08:18:47 INFO  Test outcome reason: Test execution disabled due to #792 (instable)
08:18:47 INFO  
</system-out>
	</testcase>
</testsuite><testsuite name="monitoring_with_simulated_messages" tests="1" errors="0" failures="1" skipped="0" time="0"><testcase classname="MonitoringWithSimulatedMessages" name="monitoring_with_simulated_messages">
		<failure message="BLOCKED: TypeError: 'int' object is not subscriptable" type="BLOCKED" />
		<system-out>08:18:47 INFO  ==============================================================
08:18:47 INFO  Id:    monitoring_with_simulated_messages
08:18:47 INFO  Dir:   monitoring/
08:18:47 INFO  Title: Validate the tedge dm agent messages that are produced from the simulated collectd messages
08:18:47 INFO  ==============================================================
08:18:48 INFO  Executed sudo&lt;collectd&gt;, exit status 0
08:18:49 INFO  Executed sudo&lt;collectd_mapper&gt;, exit status 0
08:18:49 INFO  Started sudo&lt;tedge_sub&gt; with process id 18490
08:18:49 INFO  Executed sudo&lt;tedge_temp&gt;, exit status 0
08:18:50 INFO  Executed sudo&lt;tedge_pres&gt;, exit status 0
08:18:51 INFO  Executed sudo&lt;kill_out&gt;, exit status 0
08:18:51 INFO  0

08:18:51 WARN  TypeError occurred while running test - 'int' object is not subscriptable
Traceback (most recent call last):
  File "/home/pi/env-pysys/lib/python3.7/site-packages/pysys/baserunner.py", line 1296, in __call__
    self.testObj.validate()
  File "/home/pi/actions-runner/_work/thin-edge.io/thin-edge.io/tests/PySys/monitoring/monitoring_with_simulated_messages/run.py", line 98, in validate
    collectd_msg_validation_result=self.validate_json(),
  File "/home/pi/actions-runner/_work/thin-edge.io/thin-edge.io/tests/PySys/monitoring/monitoring_with_simulated_messages/run.py", line 108, in validate_json
    if not self.validate_time():
  File "/home/pi/actions-runner/_work/thin-edge.io/thin-edge.io/tests/PySys/monitoring/monitoring_with_simulated_messages/run.py", line 127, in validate_time
    if self.js_msg["time"]:
TypeError: 'int' object is not subscriptable
08:18:51 WARN  TypeError: 'int' object is not subscriptable ... blocked 
08:18:51 INFO  
08:18:51 INFO  cleanup:
08:18:51 INFO  monitoring_cleanup
08:18:52 INFO  Executed sudo&lt;collectd_mapper&gt;, exit status 0
08:18:52 INFO  
08:18:52 INFO  Test duration: 4.40 secs
08:18:52 INFO  Test final outcome:  BLOCKED
08:18:52 INFO  Test outcome reason: TypeError: 'int' object is not subscriptable
08:18:52 INFO  
</system-out>
	</testcase>
</testsuite><testsuite name="mqtt_port_change_connection_fails" tests="1" errors="0" failures="0" skipped="0" time="0"><testcase classname="MqttPortChangeConnectionFails" name="mqtt_port_change_connection_fails" />
</testsuite><testsuite name="mqtt_port_change_connection_works" tests="1" errors="0" failures="0" skipped="1" time="0"><testcase classname="MqttPortChangeConnectionWorks" name="mqtt_port_change_connection_works">
		<skipped message="SKIPPED: failing intermitently" />
		<system-out>08:17:38 INFO  ==============================================================
08:17:38 INFO  Id:    mqtt_port_change_connection_works
08:17:38 INFO  Dir:   misc_features/
08:17:38 INFO  Title: mqtt port change connection works for all the thin-edge services that use the mosquitto broker
08:17:38 INFO  ==============================================================
08:17:38 INFO  failing intermitently ... skipped
08:17:38 INFO  
08:17:38 INFO  Test duration: 0.02 secs
08:17:38 INFO  Test final outcome:  SKIPPED
08:17:38 INFO  Test outcome reason: failing intermitently
08:17:38 INFO  
</system-out>
	</testcase>
</testsuite><testsuite name="mqtt_port_set" tests="1" errors="0" failures="0" skipped="0" time="0"><testcase classname="MqttPortSet" name="mqtt_port_set" />
</testsuite><testsuite name="mqtt_port_unset" tests="1" errors="0" failures="0" skipped="0" time="0"><testcase classname="MqttPortUnSet" name="mqtt_port_unset" />
</testsuite><testsuite name="publish_flux" tests="1" errors="0" failures="0" skipped="0" time="0"><testcase classname="PublishFlux" name="publish_flux" />
</testsuite><testsuite name="publish_sawmill" tests="1" errors="0" failures="0" skipped="0" time="0"><testcase classname="PublishSawmill" name="publish_sawmill" />
</testsuite><testsuite name="runtime_start_two_mappers" tests="1" errors="0" failures="1" skipped="0" time="0"><testcase classname="RuntimeMultiMappers" name="runtime_start_two_mappers">
		<failure message="FAILED: Grep on tedge_mapper2.err contains &quot;Error: Couldn't acquire file lock.&quot;" type="FAILED" />
		<system-out>08:31:40 INFO  ==============================================================
08:31:40 INFO  Id:    runtime_start_two_mappers
08:31:40 INFO  Dir:   tedge_mapper_c8y/
08:31:40 INFO  Title: Validate two mappers can't be started at the same time
08:31:40 INFO  ==============================================================
08:31:41 INFO  Executed sudo&lt;tedge_mapper1&gt;, exit status 0
08:31:41 INFO  Waiting for 0.1 seconds
08:31:41 INFO  Executed sudo&lt;tedge_mapper2&gt;, exit status 1
08:31:42 INFO  Executed sudo&lt;tedge_mapper1&gt;, exit status 0
08:31:42 WARN  Grep on tedge_mapper2.err contains "Error: Couldn't acquire file lock." ... failed [run.py:46]
08:31:42 INFO  
08:31:42 INFO  Test duration: 1.73 secs
08:31:42 INFO  Test final outcome:  FAILED
08:31:42 INFO  Test outcome reason: Grep on tedge_mapper2.err contains "Error: Couldn't acquire file lock."
08:31:42 INFO  
</system-out>
	</testcase>
</testsuite><testsuite name="sm_tedge_mapper_init_session" tests="1" errors="0" failures="0" skipped="0" time="0"><testcase classname="TedgeSMMapperInitSession" name="sm_tedge_mapper_init_session" />
</testsuite><testsuite name="smoketest_json" tests="1" errors="0" failures="0" skipped="0" time="0"><testcase classname="SmokeTestJson" name="smoketest_json" />
</testsuite><testsuite name="smoketest_json_400_samples_10ms" tests="1" errors="0" failures="0" skipped="0" time="0"><testcase classname="SmoketestJson400Samples10ms" name="smoketest_json_400_samples_10ms" />
</testsuite><testsuite name="smoketest_json_400_samples_20ms" tests="1" errors="0" failures="0" skipped="0" time="0"><testcase classname="SmoketestJson400Samples20ms" name="smoketest_json_400_samples_20ms" />
</testsuite><testsuite name="smoketest_smartrest" tests="1" errors="0" failures="0" skipped="0" time="0"><testcase classname="SmoketestSmartRest" name="smoketest_smartrest" />
</testsuite><testsuite name="smoketest_smartrest_400_samples_1Xms" tests="1" errors="0" failures="0" skipped="0" time="0"><testcase classname="SmoketestSmartRest400Samples1Xms" name="smoketest_smartrest_400_samples_1Xms" />
</testsuite><testsuite name="smoketest_smartrest_400_samples_20ms" tests="1" errors="0" failures="0" skipped="0" time="0"><testcase classname="SmoketestSmartRest400Samples20ms" name="smoketest_smartrest_400_samples_20ms" />
</testsuite><testsuite name="tedge_agent_user_sudo_access" tests="1" errors="0" failures="0" skipped="1" time="0"><testcase classname="TedgeAgentUserSudoAccess" name="tedge_agent_user_sudo_access">
		<skipped message="SKIPPED: #955 Observation: Exit code of the apt plugin when called with no arguments" />
		<system-out>08:28:57 INFO  ==============================================================
08:28:57 INFO  Id:    tedge_agent_user_sudo_access
08:28:57 INFO  Dir:   tedge/
08:28:57 INFO  Title: Validate tedge-agent user has a limited sudo right
08:28:57 INFO  ==============================================================
08:28:57 INFO  #955 Observation: Exit code of the apt plugin when called with no arguments ... skipped
08:28:57 INFO  
08:28:57 INFO  Test duration: 0.02 secs
08:28:57 INFO  Test final outcome:  SKIPPED
08:28:57 INFO  Test outcome reason: #955 Observation: Exit code of the apt plugin when called with no arguments
08:28:57 INFO  
</system-out>
	</testcase>
</testsuite><testsuite name="tedge_connect_test_negative" tests="1" errors="0" failures="0" skipped="0" time="0"><testcase classname="TedgeConnectTestNegative" name="tedge_connect_test_negative" />
</testsuite><testsuite name="tedge_connect_test_positive" tests="1" errors="0" failures="0" skipped="0" time="0"><testcase classname="TedgeConnectTestPositive" name="tedge_connect_test_positive" />
</testsuite><testsuite name="tedge_connect_test_sm_services" tests="1" errors="0" failures="0" skipped="0" time="0"><testcase classname="TedgeConnectTestSMServices" name="tedge_connect_test_sm_services" />
</testsuite><testsuite name="tedge_disconnect_test_sm_services" tests="1" errors="0" failures="0" skipped="0" time="0"><testcase classname="TedgeDisConnectTestSMServices" name="tedge_disconnect_test_sm_services" />
</testsuite><testsuite name="tedge_mapper_az_negative" tests="1" errors="0" failures="0" skipped="0" time="0"><testcase classname="TedgeMapperAzError" name="tedge_mapper_az_negative" />
</testsuite><testsuite name="tedge_mapper_az_with_timestamp" tests="1" errors="0" failures="0" skipped="0" time="0"><testcase classname="TedgeMapperAzWithTimestamp" name="tedge_mapper_az_with_timestamp" />
</testsuite><testsuite name="tedge_mapper_az_without_timestamp" tests="1" errors="0" failures="0" skipped="0" time="0"><testcase classname="TedgeMapperAzWithoutTimestamp" name="tedge_mapper_az_without_timestamp" />
</testsuite><testsuite name="tedge_mapper_c8y_alarms" tests="1" errors="0" failures="0" skipped="0" time="0"><testcase classname="TedgeMapperC8yAlarm" name="tedge_mapper_c8y_alarms" />
</testsuite><testsuite name="tedge_mapper_c8y_child_device_measurement" tests="1" errors="0" failures="0" skipped="0" time="0"><testcase classname="TedgeMapperC8yChildDevice" name="tedge_mapper_c8y_child_device_measurement" />
</testsuite><testsuite name="tedge_mapper_c8y_packet_threshold_size" tests="1" errors="0" failures="1" skipped="0" time="0"><testcase classname="TedgeMapperC8yThresholdPacketSize" name="tedge_mapper_c8y_packet_threshold_size">
		<failure message="FAILED: Grep on tedge_sub.out contains &quot;The size of the message received on tedge/measurements is 20489 which is greater than the threshold size of 16184.&quot;" type="FAILED" />
		<system-out>08:33:17 INFO  ==============================================================
08:33:17 INFO  Id:    tedge_mapper_c8y_packet_threshold_size
08:33:17 INFO  Dir:   tedge_mapper_c8y/
08:33:17 INFO  Title: Validate the Cumulocity Mapper accepted threshold packet size when it receives a message on tedge/measurements
08:33:17 INFO  ==============================================================
08:33:17 INFO  Executed sudo&lt;tedge_mapper_c8y&gt;, exit status 0
08:33:17 INFO  Started sudo&lt;tedge_sub&gt; with process id 22892
08:33:18 INFO  Executed sudo&lt;tedge_msg&gt;, exit status 0
08:33:19 INFO  Executed sudo&lt;tedge_pub&gt;, exit status 0
08:33:19 INFO  Executed sudo&lt;kill_out&gt;, exit status 0
08:33:19 WARN  Grep on tedge_sub.out contains "The size of the message received on tedge/measurements is 20489 which is greater than the threshold size of 16184." ... failed [run.py:88]
08:33:19 INFO  
08:33:19 INFO  cleanup:
08:33:19 INFO  mapper_cleanup
08:33:20 INFO  Executed sudo&lt;tedge_mapper_c8y&gt;, exit status 0
08:33:20 INFO  
08:33:20 INFO  Test duration: 3.01 secs
08:33:20 INFO  Test final outcome:  FAILED
08:33:20 INFO  Test outcome reason: Grep on tedge_sub.out contains "The size of the message received on tedge/measurements is 20489 which is greater than the threshold size of 16184."
08:33:20 INFO  
</system-out>
	</testcase>
</testsuite><testsuite name="tedge_software_update" tests="1" errors="0" failures="0" skipped="0" time="0"><testcase classname="PySysTest" name="tedge_software_update" />
</testsuite><testsuite name="valid_device_id" tests="1" errors="0" failures="0" skipped="0" time="0"><testcase classname="ValidateValidDeviceId" name="valid_device_id" />
</testsuite></testsuites>