<?xml version='1.0' encoding='utf-8'?>
<testsuites tests="147" failures="31" errors="0" skipped="45" time="0.0"><testsuite name="SoftwareManagement.Plugin.apama_plugin_install" tests="3" errors="0" failures="0" skipped="1" time="0"><testcase classname="ApamaPluginInstallTest" name="SoftwareManagement.Plugin.apama_plugin_install">
		<skipped message="SKIPPED: Apama plugin tests are disabled by default. Execute `pysys run` with `-XmyPlatform=container` to run these tests" />
		<system-out>10:43:38 INFO  ==============================================================
10:43:38 INFO  Id:    SoftwareManagement.Plugin.apama_plugin_install
10:43:38 INFO  Dir:   plugin_apama/
10:43:38 INFO  Title: Validate apama plugin install
10:43:38 INFO  ==============================================================
10:43:38 INFO  Apama plugin tests are disabled by default. Execute `pysys run` with `-XmyPlatform=container` to run these tests ... skipped
10:43:38 WARN  Aborted test due to SKIPPED outcome
10:43:38 INFO  
10:43:38 INFO  Test duration: 0.04 secs
10:43:38 INFO  Test final outcome:  SKIPPED
10:43:38 INFO  Test outcome reason: Apama plugin tests are disabled by default. Execute `pysys run` with `-XmyPlatform=container` to run these tests
10:43:38 INFO  
</system-out>
	</testcase>
<testcase classname="ApamaPluginInstallTest" name="SoftwareManagement.Plugin.apama_plugin_install" />
<testcase classname="ApamaPluginInstallTest" name="SoftwareManagement.Plugin.apama_plugin_install" />
</testsuite><testsuite name="SoftwareManagement.Plugin.apama_plugin_mon_support" tests="3" errors="0" failures="0" skipped="1" time="0"><testcase classname="ApamaPluginMonSupportTest" name="SoftwareManagement.Plugin.apama_plugin_mon_support">
		<skipped message="SKIPPED: Apama plugin tests are disabled by default. Execute `pysys run` with `-XmyPlatform=container` to run these tests" />
		<system-out>10:43:38 INFO  ==============================================================
10:43:38 INFO  Id:    SoftwareManagement.Plugin.apama_plugin_mon_support
10:43:38 INFO  Dir:   plugin_apama/
10:43:38 INFO  Title: Validate mon file support of apama plugin
10:43:38 INFO  ==============================================================
10:43:38 INFO  Apama plugin tests are disabled by default. Execute `pysys run` with `-XmyPlatform=container` to run these tests ... skipped
10:43:38 WARN  Aborted test due to SKIPPED outcome
10:43:38 INFO  
10:43:38 INFO  Test duration: 0.04 secs
10:43:38 INFO  Test final outcome:  SKIPPED
10:43:38 INFO  Test outcome reason: Apama plugin tests are disabled by default. Execute `pysys run` with `-XmyPlatform=container` to run these tests
10:43:38 INFO  
</system-out>
	</testcase>
<testcase classname="ApamaPluginMonSupportTest" name="SoftwareManagement.Plugin.apama_plugin_mon_support" />
<testcase classname="ApamaPluginMonSupportTest" name="SoftwareManagement.Plugin.apama_plugin_mon_support" />
</testsuite><testsuite name="SoftwareManagement.Plugin.apama_plugin_remove" tests="3" errors="0" failures="0" skipped="1" time="0"><testcase classname="ApamaPluginRemoveTest" name="SoftwareManagement.Plugin.apama_plugin_remove">
		<skipped message="SKIPPED: Apama plugin tests are disabled by default. Execute `pysys run` with `-XmyPlatform=container` to run these tests" />
		<system-out>10:43:38 INFO  ==============================================================
10:43:38 INFO  Id:    SoftwareManagement.Plugin.apama_plugin_remove
10:43:38 INFO  Dir:   plugin_apama/
10:43:38 INFO  Title: Validate apama plugin remove
10:43:38 INFO  ==============================================================
10:43:38 INFO  Apama plugin tests are disabled by default. Execute `pysys run` with `-XmyPlatform=container` to run these tests ... skipped
10:43:38 WARN  Aborted test due to SKIPPED outcome
10:43:38 INFO  
10:43:38 INFO  Test duration: 0.02 secs
10:43:38 INFO  Test final outcome:  SKIPPED
10:43:38 INFO  Test outcome reason: Apama plugin tests are disabled by default. Execute `pysys run` with `-XmyPlatform=container` to run these tests
10:43:38 INFO  
</system-out>
	</testcase>
<testcase classname="ApamaPluginRemoveTest" name="SoftwareManagement.Plugin.apama_plugin_remove" />
<testcase classname="ApamaPluginRemoveTest" name="SoftwareManagement.Plugin.apama_plugin_remove" />
</testsuite><testsuite name="SoftwareManagement.Plugin.apama_plugin_update" tests="3" errors="0" failures="2" skipped="1" time="0"><testcase classname="ApamaPluginUpdateTest" name="SoftwareManagement.Plugin.apama_plugin_update">
		<skipped message="SKIPPED: Apama plugin tests are disabled by default. Execute `pysys run` with `-XmyPlatform=container` to run these tests" />
		<system-out>10:43:38 INFO  ==============================================================
10:43:38 INFO  Id:    SoftwareManagement.Plugin.apama_plugin_update
10:43:38 INFO  Dir:   plugin_apama/
10:43:38 INFO  Title: Validate apama plugin updating one project with another
10:43:38 INFO  ==============================================================
10:43:38 INFO  Apama plugin tests are disabled by default. Execute `pysys run` with `-XmyPlatform=container` to run these tests ... skipped
10:43:38 WARN  Aborted test due to SKIPPED outcome
10:43:38 INFO  
10:43:38 INFO  Test duration: 0.05 secs
10:43:38 INFO  Test final outcome:  SKIPPED
10:43:38 INFO  Test outcome reason: Apama plugin tests are disabled by default. Execute `pysys run` with `-XmyPlatform=container` to run these tests
10:43:38 INFO  
</system-out>
	</testcase>
<testcase classname="ApamaPluginUpdateTest" name="SoftwareManagement.Plugin.apama_plugin_update">
		<failure message="BLOCKED: sudo&lt;plugin_install&gt; returned non-zero exit code 2" type="BLOCKED" />
		<system-out>11:37:01 INFO  ==============================================================
11:37:01 INFO  Id:    SoftwareManagement.Plugin.apama_plugin_update
11:37:01 INFO  Dir:   plugin_apama/
11:37:01 INFO  Title: Validate apama plugin updating one project with another
11:37:01 INFO  ==============================================================
11:37:01 INFO  Assertion that path exists=False for "/etc/tedge/apama/project" ... passed
11:37:02 INFO  Executed sudo&lt;create_project_dir&gt;, exit status 0
11:37:02 INFO  Executed sudo&lt;unzip_apama_project&gt;, exit status 0
11:37:03 INFO  Executed sudo&lt;move_apama_project&gt;, exit status 0
11:37:04 INFO  Executed sudo&lt;restart_apama_service&gt;, exit status 0
11:37:04 INFO  Executed sudo&lt;apama_correlator_wait&gt;, exit status 0
11:37:04 INFO  Assertion that path exists=True for "/etc/tedge/apama/project" ... passed
11:37:05 INFO  Executed sudo&lt;apama_list_monitors&gt;, exit status 0
11:37:05 INFO  Grep on file /home/pi/actions-runner/_work/thin-edge.io/thin-edge.io/tests/PySys/plugin_apama/apama_plugin_update/Output/linux/apama_list_monitors.out ... passed
11:37:06 WARN  Executed sudo&lt;plugin_install&gt;, exit status 2
11:37:06 INFO  Contents of plugin_install.err: 
  ERROR: Directory not empty (os error 39)
  -----

11:37:06 WARN  sudo&lt;plugin_install&gt; returned non-zero exit code 2 ... blocked [run.py:35]
11:37:06 WARN  Aborted test due to BLOCKED outcome
11:37:06 INFO  
11:37:06 INFO  cleanup:
11:37:06 INFO  Removing apama project
11:37:21 INFO  Executed sudo&lt;stop_apama_service&gt;, exit status 0, duration 15 secs
11:37:22 INFO  Executed sudo&lt;remove_apama_project&gt;, exit status 0
11:37:22 INFO  Executed sudo&lt;remove_apama_tmp_dir&gt;, exit status 0
11:37:22 INFO  
11:37:22 INFO  Test duration: 21.17 secs
11:37:22 INFO  Test final outcome:  BLOCKED
11:37:22 INFO  Test outcome reason: sudo&lt;plugin_install&gt; returned non-zero exit code 2
11:37:22 INFO  
</system-out>
	</testcase>
<testcase classname="ApamaPluginUpdateTest" name="SoftwareManagement.Plugin.apama_plugin_update">
		<failure message="BLOCKED: sudo&lt;plugin_install&gt; returned non-zero exit code 2" type="BLOCKED" />
		<system-out>11:46:06 INFO  ==============================================================
11:46:06 INFO  Id:    SoftwareManagement.Plugin.apama_plugin_update
11:46:06 INFO  Dir:   plugin_apama/
11:46:06 INFO  Title: Validate apama plugin updating one project with another
11:46:06 INFO  ==============================================================
11:46:06 INFO  Assertion that path exists=False for "/etc/tedge/apama/project" ... passed
11:46:07 INFO  Executed sudo&lt;create_project_dir&gt;, exit status 0
11:46:07 INFO  Executed sudo&lt;unzip_apama_project&gt;, exit status 0
11:46:08 INFO  Executed sudo&lt;move_apama_project&gt;, exit status 0
11:46:09 INFO  Executed sudo&lt;restart_apama_service&gt;, exit status 0
11:46:10 INFO  Executed sudo&lt;apama_correlator_wait&gt;, exit status 0
11:46:10 INFO  Assertion that path exists=True for "/etc/tedge/apama/project" ... passed
11:46:10 INFO  Executed sudo&lt;apama_list_monitors&gt;, exit status 0
11:46:10 INFO  Grep on file /home/pi/actions-runner/_work/thin-edge.io/thin-edge.io/tests/PySys/plugin_apama/apama_plugin_update/Output/linux/apama_list_monitors.out ... passed
11:46:11 WARN  Executed sudo&lt;plugin_install&gt;, exit status 2
11:46:11 INFO  Contents of plugin_install.err: 
  ERROR: Directory not empty (os error 39)
  -----

11:46:11 WARN  sudo&lt;plugin_install&gt; returned non-zero exit code 2 ... blocked [run.py:35]
11:46:11 WARN  Aborted test due to BLOCKED outcome
11:46:11 INFO  
11:46:11 INFO  cleanup:
11:46:11 INFO  Removing apama project
11:46:27 INFO  Executed sudo&lt;stop_apama_service&gt;, exit status 0, duration 15 secs
11:46:27 INFO  Executed sudo&lt;remove_apama_project&gt;, exit status 0
11:46:28 INFO  Executed sudo&lt;remove_apama_tmp_dir&gt;, exit status 0
11:46:28 INFO  
11:46:28 INFO  Test duration: 21.62 secs
11:46:28 INFO  Test final outcome:  BLOCKED
11:46:28 INFO  Test outcome reason: sudo&lt;plugin_install&gt; returned non-zero exit code 2
11:46:28 INFO  
</system-out>
	</testcase>
</testsuite><testsuite name="SoftwareManagement.sm_apt_install_download_path" tests="3" errors="0" failures="2" skipped="1" time="0"><testcase classname="AptInstallWithDownloadPath" name="SoftwareManagement.sm_apt_install_download_path">
		<skipped message="SKIPPED: Testing the apt plugin is not supported on this platform.Use parameter -XmyPlatform='container' to enable it" />
		<system-out>10:53:15 INFO  ==============================================================
10:53:15 INFO  Id:    SoftwareManagement.sm_apt_install_download_path
10:53:15 INFO  Dir:   software_management_end_to_end/
10:53:15 INFO  Title: Install package to directory specified in tedge config set tmp.path
10:53:15 INFO  ==============================================================
10:53:15 INFO  Testing the apt plugin is not supported on this platform.Use parameter -XmyPlatform='container' to enable it ... skipped
10:53:15 WARN  Aborted test due to SKIPPED outcome
10:53:15 INFO  
10:53:15 INFO  Test duration: 0.06 secs
10:53:15 INFO  Test final outcome:  SKIPPED
10:53:15 INFO  Test outcome reason: Testing the apt plugin is not supported on this platform.Use parameter -XmyPlatform='container' to enable it
10:53:15 INFO  
</system-out>
	</testcase>
<testcase classname="AptInstallWithDownloadPath" name="SoftwareManagement.sm_apt_install_download_path">
		<failure message="BLOCKED: SystemError: Timeout while waiting for status FAILED or SUCCESSFUL" type="BLOCKED" />
		<system-out>11:15:54 INFO  ==============================================================
11:15:54 INFO  Id:    SoftwareManagement.sm_apt_install_download_path
11:15:54 INFO  Dir:   software_management_end_to_end/
11:15:54 INFO  Title: Install package to directory specified in tedge config set tmp.path
11:15:54 INFO  ==============================================================
11:15:55 INFO  Using sw id database: {'asciijump': '5475369', 'robotfindskitten': '5474869', 'squirrel3': '5475279', 'rolldice': '5152439', 'moon-buggy': '5439204', 'apple': '5495053', 'banana': '5494888', 'cherry': '5495382', 'watermelon': '5494510', 'registry': '8018911', 'hello-world': '8021526', 'docker/getting-started': '8021973', 'alpine': '7991792'}
11:15:55 INFO  EnvironmentC8y Setup
11:15:55 INFO  Executed systemctl&lt;serv_mapper1&gt;, exit status 3
11:16:10 INFO  Executed sudo&lt;tedge_connect_c8y&gt;, exit status 0, duration 14 secs
11:16:11 INFO  Executed sudo&lt;tedge_connect_c8y_test&gt;, exit status 0
11:16:13 INFO  Executed systemctl&lt;serv_mosq2&gt;, exit status 0
11:16:13 INFO  Executed systemctl&lt;serv_mapper3&gt;, exit status 0
11:16:15 INFO  State of current operation: PENDING
11:16:18 INFO  State of current operation: PENDING
11:16:20 INFO  State of current operation: PENDING
11:16:22 INFO  State of current operation: PENDING
11:16:24 INFO  State of current operation: PENDING
11:16:27 INFO  State of current operation: PENDING
11:16:29 INFO  State of current operation: PENDING
11:16:31 INFO  State of current operation: PENDING
11:16:33 INFO  State of current operation: PENDING
11:16:36 INFO  State of current operation: PENDING
11:16:38 INFO  State of current operation: PENDING
11:16:40 INFO  State of current operation: PENDING
11:16:42 INFO  State of current operation: PENDING
11:16:44 INFO  State of current operation: PENDING
11:16:47 INFO  State of current operation: PENDING
11:16:49 INFO  State of current operation: PENDING
11:16:51 INFO  State of current operation: PENDING
11:16:53 INFO  State of current operation: PENDING
11:16:56 INFO  State of current operation: PENDING
11:16:58 INFO  State of current operation: PENDING
11:17:00 INFO  State of current operation: PENDING
11:17:02 INFO  State of current operation: PENDING
11:17:04 INFO  State of current operation: PENDING
11:17:07 INFO  State of current operation: PENDING
11:17:09 INFO  State of current operation: PENDING
11:17:11 INFO  State of current operation: PENDING
11:17:13 INFO  State of current operation: PENDING
11:17:16 INFO  State of current operation: PENDING
11:17:18 INFO  State of current operation: PENDING
11:17:20 INFO  State of current operation: PENDING
11:17:23 INFO  State of current operation: PENDING
11:17:25 INFO  State of current operation: PENDING
11:17:27 INFO  State of current operation: PENDING
11:17:29 INFO  State of current operation: PENDING
11:17:31 INFO  State of current operation: PENDING
11:17:34 INFO  State of current operation: PENDING
11:17:36 INFO  State of current operation: PENDING
11:17:38 INFO  State of current operation: PENDING
11:17:40 INFO  State of current operation: PENDING
11:17:43 INFO  State of current operation: PENDING
11:17:45 INFO  State of current operation: PENDING
11:17:47 INFO  State of current operation: PENDING
11:17:49 INFO  State of current operation: PENDING
11:17:51 INFO  State of current operation: PENDING
11:17:54 INFO  State of current operation: PENDING
11:17:56 INFO  State of current operation: PENDING
11:17:58 INFO  State of current operation: PENDING
11:18:00 INFO  State of current operation: PENDING
11:18:03 INFO  State of current operation: PENDING
11:18:05 INFO  State of current operation: PENDING
11:18:07 INFO  State of current operation: PENDING
11:18:10 INFO  State of current operation: PENDING
11:18:12 INFO  State of current operation: PENDING
11:18:14 INFO  State of current operation: PENDING
11:18:16 INFO  State of current operation: PENDING
11:18:18 INFO  State of current operation: PENDING
11:18:21 INFO  State of current operation: PENDING
11:18:23 INFO  State of current operation: PENDING
11:18:25 INFO  State of current operation: PENDING
11:18:27 INFO  State of current operation: PENDING
11:18:30 INFO  State of current operation: PENDING
11:18:32 WARN  SystemError occurred while running test - Timeout while waiting for status FAILED or SUCCESSFUL
Traceback (most recent call last):
  File "/home/pi/env-pysys/lib/python3.7/site-packages/pysys/baserunner.py", line 1292, in __call__
    self.testObj.setup()
  File "/home/pi/actions-runner/_work/thin-edge.io/thin-edge.io/tests/PySys/software_management_end_to_end/sm_apt_install_download_path/run.py", line 48, in setup
    super().setup()
  File "/home/pi/actions-runner/_work/thin-edge.io/thin-edge.io/tests/PySys/software_management_end_to_end/environment_sm_management.py", line 151, in setup
    self.wait_until_end()
  File "/home/pi/actions-runner/_work/thin-edge.io/thin-edge.io/tests/PySys/software_management_end_to_end/environment_sm_management.py", line 332, in wait_until_end
    self.wait_until_status("FAILED", "SUCCESSFUL")
  File "/home/pi/actions-runner/_work/thin-edge.io/thin-edge.io/tests/PySys/software_management_end_to_end/environment_sm_management.py", line 381, in wait_until_status
    "Timeout while waiting for status %s or %s" % (status, status2)
SystemError: Timeout while waiting for status FAILED or SUCCESSFUL
11:18:32 WARN  SystemError: Timeout while waiting for status FAILED or SUCCESSFUL ... blocked 
11:18:32 INFO  
11:18:32 INFO  cleanup:
11:18:33 INFO  Executed sudo, exit status 0
11:18:33 INFO  Executed sudo, exit status 0
11:18:37 INFO  Executed sudo&lt;tedge_disconnect_c8y&gt;, exit status 0
11:18:37 INFO  Restarting mosquitto too frequently in the last 10 seconds. It was only up for 3 seconds
11:18:37 INFO  Delaying execution by 8 seconds
11:19:00 INFO  Executed sudo&lt;tedge_connect_c8y&gt;, exit status 0, duration 14 secs
11:19:04 INFO  Executed sudo&lt;tedge_disconnect_c8y&gt;, exit status 0
11:19:05 INFO  Executed systemctl&lt;serv_mapper5&gt;, exit status 3
11:19:05 INFO  
11:19:05 INFO  Test duration: 190.51 secs
11:19:05 INFO  Test final outcome:  BLOCKED
11:19:05 INFO  Test outcome reason: SystemError: Timeout while waiting for status FAILED or SUCCESSFUL
11:19:05 INFO  
</system-out>
	</testcase>
<testcase classname="AptInstallWithDownloadPath" name="SoftwareManagement.sm_apt_install_download_path">
		<failure message="BLOCKED: SystemError: Timeout while waiting for status FAILED or SUCCESSFUL" type="BLOCKED" />
		<system-out>11:46:28 INFO  ==============================================================
11:46:28 INFO  Id:    SoftwareManagement.sm_apt_install_download_path
11:46:28 INFO  Dir:   software_management_end_to_end/
11:46:28 INFO  Title: Install package to directory specified in tedge config set tmp.path
11:46:28 INFO  ==============================================================
11:46:29 INFO  Using sw id database: {'asciijump': '5475369', 'robotfindskitten': '5474869', 'squirrel3': '5475279', 'rolldice': '5152439', 'moon-buggy': '5439204', 'apple': '5495053', 'banana': '5494888', 'cherry': '5495382', 'watermelon': '5494510', 'registry': '8018911', 'hello-world': '8021526', 'docker/getting-started': '8021973', 'alpine': '7991792'}
11:46:29 INFO  EnvironmentC8y Setup
11:46:29 INFO  Executed systemctl&lt;serv_mapper1&gt;, exit status 3
11:46:44 INFO  Executed sudo&lt;tedge_connect_c8y&gt;, exit status 0, duration 14 secs
11:46:45 INFO  Executed sudo&lt;tedge_connect_c8y_test&gt;, exit status 0
11:46:46 INFO  Executed systemctl&lt;serv_mosq2&gt;, exit status 0
11:46:46 INFO  Executed systemctl&lt;serv_mapper3&gt;, exit status 0
11:46:48 INFO  State of current operation: PENDING
11:46:50 INFO  State of current operation: PENDING
11:46:53 INFO  State of current operation: PENDING
11:46:55 INFO  State of current operation: PENDING
11:46:57 INFO  State of current operation: PENDING
11:46:59 INFO  State of current operation: PENDING
11:47:02 INFO  State of current operation: PENDING
11:47:04 INFO  State of current operation: PENDING
11:47:06 INFO  State of current operation: PENDING
11:47:08 INFO  State of current operation: PENDING
11:47:11 INFO  State of current operation: PENDING
11:47:13 INFO  State of current operation: PENDING
11:47:15 INFO  State of current operation: PENDING
11:47:17 INFO  State of current operation: PENDING
11:47:20 INFO  State of current operation: PENDING
11:47:22 INFO  State of current operation: PENDING
11:47:24 INFO  State of current operation: PENDING
11:47:26 INFO  State of current operation: PENDING
11:47:29 INFO  State of current operation: PENDING
11:47:31 INFO  State of current operation: PENDING
11:47:33 INFO  State of current operation: PENDING
11:47:36 INFO  State of current operation: PENDING
11:47:38 INFO  State of current operation: PENDING
11:47:40 INFO  State of current operation: PENDING
11:47:42 INFO  State of current operation: PENDING
11:47:44 INFO  State of current operation: PENDING
11:47:47 INFO  State of current operation: PENDING
11:47:49 INFO  State of current operation: PENDING
11:47:51 INFO  State of current operation: PENDING
11:47:53 INFO  State of current operation: PENDING
11:47:56 INFO  State of current operation: PENDING
11:47:58 INFO  State of current operation: PENDING
11:48:00 INFO  State of current operation: PENDING
11:48:02 INFO  State of current operation: PENDING
11:48:05 INFO  State of current operation: PENDING
11:48:07 INFO  State of current operation: PENDING
11:48:09 INFO  State of current operation: PENDING
11:48:11 INFO  State of current operation: PENDING
11:48:14 INFO  State of current operation: PENDING
11:48:16 INFO  State of current operation: PENDING
11:48:18 INFO  State of current operation: PENDING
11:48:20 INFO  State of current operation: PENDING
11:48:22 INFO  State of current operation: PENDING
11:48:25 INFO  State of current operation: PENDING
11:48:27 INFO  State of current operation: PENDING
11:48:29 INFO  State of current operation: PENDING
11:48:31 INFO  State of current operation: PENDING
11:48:34 INFO  State of current operation: PENDING
11:48:36 INFO  State of current operation: PENDING
11:48:38 INFO  State of current operation: PENDING
11:48:41 INFO  State of current operation: PENDING
11:48:43 INFO  State of current operation: PENDING
11:48:45 INFO  State of current operation: PENDING
11:48:47 INFO  State of current operation: PENDING
11:48:50 INFO  State of current operation: PENDING
11:48:52 INFO  State of current operation: PENDING
11:48:54 INFO  State of current operation: PENDING
11:48:56 INFO  State of current operation: PENDING
11:48:58 INFO  State of current operation: PENDING
11:49:01 INFO  State of current operation: PENDING
11:49:03 INFO  State of current operation: PENDING
11:49:05 WARN  SystemError occurred while running test - Timeout while waiting for status FAILED or SUCCESSFUL
Traceback (most recent call last):
  File "/home/pi/env-pysys/lib/python3.7/site-packages/pysys/baserunner.py", line 1292, in __call__
    self.testObj.setup()
  File "/home/pi/actions-runner/_work/thin-edge.io/thin-edge.io/tests/PySys/software_management_end_to_end/sm_apt_install_download_path/run.py", line 48, in setup
    super().setup()
  File "/home/pi/actions-runner/_work/thin-edge.io/thin-edge.io/tests/PySys/software_management_end_to_end/environment_sm_management.py", line 151, in setup
    self.wait_until_end()
  File "/home/pi/actions-runner/_work/thin-edge.io/thin-edge.io/tests/PySys/software_management_end_to_end/environment_sm_management.py", line 332, in wait_until_end
    self.wait_until_status("FAILED", "SUCCESSFUL")
  File "/home/pi/actions-runner/_work/thin-edge.io/thin-edge.io/tests/PySys/software_management_end_to_end/environment_sm_management.py", line 381, in wait_until_status
    "Timeout while waiting for status %s or %s" % (status, status2)
SystemError: Timeout while waiting for status FAILED or SUCCESSFUL
11:49:05 WARN  SystemError: Timeout while waiting for status FAILED or SUCCESSFUL ... blocked 
11:49:05 INFO  
11:49:05 INFO  cleanup:
11:49:06 INFO  Executed sudo, exit status 0
11:49:06 INFO  Executed sudo, exit status 0
11:49:10 INFO  Executed sudo&lt;tedge_disconnect_c8y&gt;, exit status 0
11:49:10 INFO  Restarting mosquitto too frequently in the last 10 seconds. It was only up for 3 seconds
11:49:10 INFO  Delaying execution by 8 seconds
11:49:32 INFO  Executed sudo&lt;tedge_connect_c8y&gt;, exit status 0, duration 14 secs
11:49:37 INFO  Executed sudo&lt;tedge_disconnect_c8y&gt;, exit status 0
11:49:37 INFO  Executed systemctl&lt;serv_mapper5&gt;, exit status 3
11:49:37 INFO  
11:49:37 INFO  Test duration: 189.49 secs
11:49:37 INFO  Test final outcome:  BLOCKED
11:49:37 INFO  Test outcome reason: SystemError: Timeout while waiting for status FAILED or SUCCESSFUL
11:49:37 INFO  
</system-out>
	</testcase>
</testsuite><testsuite name="SoftwareManagement.sm_apt_install_fail" tests="3" errors="0" failures="2" skipped="1" time="0"><testcase classname="PySysTest" name="SoftwareManagement.sm_apt_install_fail">
		<skipped message="SKIPPED: Testing the apt plugin is not supported on this platform.Use parameter -XmyPlatform='container' to enable it" />
		<system-out>10:53:15 INFO  ==============================================================
10:53:15 INFO  Id:    SoftwareManagement.sm_apt_install_fail
10:53:15 INFO  Dir:   software_management_end_to_end/
10:53:15 INFO  Title: Validate end to end behaviour for a failing installation
10:53:15 INFO  ==============================================================
10:53:15 INFO  Testing the apt plugin is not supported on this platform.Use parameter -XmyPlatform='container' to enable it ... skipped
10:53:15 WARN  Aborted test due to SKIPPED outcome
10:53:15 INFO  
10:53:15 INFO  Test duration: 0.02 secs
10:53:15 INFO  Test final outcome:  SKIPPED
10:53:15 INFO  Test outcome reason: Testing the apt plugin is not supported on this platform.Use parameter -XmyPlatform='container' to enable it
10:53:15 INFO  
</system-out>
	</testcase>
<testcase classname="PySysTest" name="SoftwareManagement.sm_apt_install_fail">
		<failure message="BLOCKED: SystemError: Timeout while waiting for status FAILED or SUCCESSFUL" type="BLOCKED" />
		<system-out>11:19:05 INFO  ==============================================================
11:19:05 INFO  Id:    SoftwareManagement.sm_apt_install_fail
11:19:05 INFO  Dir:   software_management_end_to_end/
11:19:05 INFO  Title: Validate end to end behaviour for a failing installation
11:19:05 INFO  ==============================================================
11:19:05 INFO  Using sw id database: {'asciijump': '5475369', 'robotfindskitten': '5474869', 'squirrel3': '5475279', 'rolldice': '5152439', 'moon-buggy': '5439204', 'apple': '5495053', 'banana': '5494888', 'cherry': '5495382', 'watermelon': '5494510', 'registry': '8018911', 'hello-world': '8021526', 'docker/getting-started': '8021973', 'alpine': '7991792'}
11:19:05 INFO  EnvironmentC8y Setup
11:19:06 INFO  Executed systemctl&lt;serv_mapper1&gt;, exit status 3
11:19:06 INFO  Restarting mosquitto too frequently in the last 10 seconds. It was only up for 4 seconds
11:19:06 INFO  Delaying execution by 7 seconds
11:19:26 INFO  Executed sudo&lt;tedge_connect_c8y&gt;, exit status 0, duration 13 secs
11:19:27 INFO  Executed sudo&lt;tedge_connect_c8y_test&gt;, exit status 0
11:19:28 INFO  Executed systemctl&lt;serv_mosq2&gt;, exit status 0
11:19:28 INFO  Executed systemctl&lt;serv_mapper3&gt;, exit status 0
11:19:30 INFO  State of current operation: PENDING
11:19:33 INFO  State of current operation: PENDING
11:19:35 INFO  State of current operation: PENDING
11:19:37 INFO  State of current operation: PENDING
11:19:39 INFO  State of current operation: PENDING
11:19:41 INFO  State of current operation: PENDING
11:19:44 INFO  State of current operation: PENDING
11:19:46 INFO  State of current operation: PENDING
11:19:48 INFO  State of current operation: PENDING
11:19:51 INFO  State of current operation: PENDING
11:19:53 INFO  State of current operation: PENDING
11:19:55 INFO  State of current operation: PENDING
11:19:57 INFO  State of current operation: PENDING
11:20:00 INFO  State of current operation: PENDING
11:20:02 INFO  State of current operation: PENDING
11:20:04 INFO  State of current operation: PENDING
11:20:06 INFO  State of current operation: PENDING
11:20:09 INFO  State of current operation: PENDING
11:20:11 INFO  State of current operation: PENDING
11:20:13 INFO  State of current operation: PENDING
11:20:15 INFO  State of current operation: PENDING
11:20:18 INFO  State of current operation: PENDING
11:20:20 INFO  State of current operation: PENDING
11:20:22 INFO  State of current operation: PENDING
11:20:25 INFO  State of current operation: PENDING
11:20:27 INFO  State of current operation: PENDING
11:20:29 INFO  State of current operation: PENDING
11:20:33 INFO  State of current operation: PENDING
11:20:35 INFO  State of current operation: PENDING
11:20:37 INFO  State of current operation: PENDING
11:20:39 INFO  State of current operation: PENDING
11:20:41 INFO  State of current operation: PENDING
11:20:44 INFO  State of current operation: PENDING
11:20:46 INFO  State of current operation: PENDING
11:20:48 INFO  State of current operation: PENDING
11:20:50 INFO  State of current operation: PENDING
11:20:53 INFO  State of current operation: PENDING
11:20:55 INFO  State of current operation: PENDING
11:20:57 INFO  State of current operation: PENDING
11:21:00 INFO  State of current operation: PENDING
11:21:02 INFO  State of current operation: PENDING
11:21:04 INFO  State of current operation: PENDING
11:21:06 INFO  State of current operation: PENDING
11:21:09 INFO  State of current operation: PENDING
11:21:11 INFO  State of current operation: PENDING
11:21:13 INFO  State of current operation: PENDING
11:21:15 INFO  State of current operation: PENDING
11:21:18 INFO  State of current operation: PENDING
11:21:20 INFO  State of current operation: PENDING
11:21:22 INFO  State of current operation: PENDING
11:21:24 INFO  State of current operation: PENDING
11:21:27 INFO  State of current operation: PENDING
11:21:29 INFO  State of current operation: PENDING
11:21:31 INFO  State of current operation: PENDING
11:21:33 INFO  State of current operation: PENDING
11:21:35 INFO  State of current operation: PENDING
11:21:38 INFO  State of current operation: PENDING
11:21:40 INFO  State of current operation: PENDING
11:21:42 INFO  State of current operation: PENDING
11:21:44 INFO  State of current operation: PENDING
11:21:47 INFO  State of current operation: PENDING
11:21:49 WARN  SystemError occurred while running test - Timeout while waiting for status FAILED or SUCCESSFUL
Traceback (most recent call last):
  File "/home/pi/env-pysys/lib/python3.7/site-packages/pysys/baserunner.py", line 1292, in __call__
    self.testObj.setup()
  File "/home/pi/actions-runner/_work/thin-edge.io/thin-edge.io/tests/PySys/software_management_end_to_end/sm_apt_install_fail/run.py", line 20, in setup
    super().setup()
  File "/home/pi/actions-runner/_work/thin-edge.io/thin-edge.io/tests/PySys/software_management_end_to_end/environment_sm_management.py", line 151, in setup
    self.wait_until_end()
  File "/home/pi/actions-runner/_work/thin-edge.io/thin-edge.io/tests/PySys/software_management_end_to_end/environment_sm_management.py", line 332, in wait_until_end
    self.wait_until_status("FAILED", "SUCCESSFUL")
  File "/home/pi/actions-runner/_work/thin-edge.io/thin-edge.io/tests/PySys/software_management_end_to_end/environment_sm_management.py", line 381, in wait_until_status
    "Timeout while waiting for status %s or %s" % (status, status2)
SystemError: Timeout while waiting for status FAILED or SUCCESSFUL
11:21:49 WARN  SystemError: Timeout while waiting for status FAILED or SUCCESSFUL ... blocked 
11:21:49 INFO  
11:21:49 INFO  cleanup:
11:21:53 INFO  Executed sudo&lt;tedge_disconnect_c8y&gt;, exit status 0
11:21:53 INFO  Executed systemctl&lt;serv_mapper5&gt;, exit status 3
11:21:53 INFO  
11:21:53 INFO  Test duration: 168.34 secs
11:21:53 INFO  Test final outcome:  BLOCKED
11:21:53 INFO  Test outcome reason: SystemError: Timeout while waiting for status FAILED or SUCCESSFUL
11:21:53 INFO  
</system-out>
	</testcase>
<testcase classname="PySysTest" name="SoftwareManagement.sm_apt_install_fail">
		<failure message="BLOCKED: SystemError: Timeout while waiting for status FAILED or SUCCESSFUL" type="BLOCKED" />
		<system-out>11:49:37 INFO  ==============================================================
11:49:37 INFO  Id:    SoftwareManagement.sm_apt_install_fail
11:49:37 INFO  Dir:   software_management_end_to_end/
11:49:37 INFO  Title: Validate end to end behaviour for a failing installation
11:49:37 INFO  ==============================================================
11:49:37 INFO  Using sw id database: {'asciijump': '5475369', 'robotfindskitten': '5474869', 'squirrel3': '5475279', 'rolldice': '5152439', 'moon-buggy': '5439204', 'apple': '5495053', 'banana': '5494888', 'cherry': '5495382', 'watermelon': '5494510', 'registry': '8018911', 'hello-world': '8021526', 'docker/getting-started': '8021973', 'alpine': '7991792'}
11:49:37 INFO  EnvironmentC8y Setup
11:49:38 INFO  Executed systemctl&lt;serv_mapper1&gt;, exit status 3
11:49:38 INFO  Restarting mosquitto too frequently in the last 10 seconds. It was only up for 5 seconds
11:49:38 INFO  Delaying execution by 6 seconds
11:49:58 INFO  Executed sudo&lt;tedge_connect_c8y&gt;, exit status 0, duration 14 secs
11:49:59 INFO  Executed sudo&lt;tedge_connect_c8y_test&gt;, exit status 0
11:49:59 INFO  Executed systemctl&lt;serv_mosq2&gt;, exit status 0
11:50:00 INFO  Executed systemctl&lt;serv_mapper3&gt;, exit status 0
11:50:02 INFO  State of current operation: PENDING
11:50:04 INFO  State of current operation: PENDING
11:50:07 INFO  State of current operation: PENDING
11:50:09 INFO  State of current operation: PENDING
11:50:11 INFO  State of current operation: PENDING
11:50:13 INFO  State of current operation: PENDING
11:50:16 INFO  State of current operation: PENDING
11:50:18 INFO  State of current operation: PENDING
11:50:20 INFO  State of current operation: PENDING
11:50:22 INFO  State of current operation: PENDING
11:50:24 INFO  State of current operation: PENDING
11:50:27 INFO  State of current operation: PENDING
11:50:29 INFO  State of current operation: PENDING
11:50:31 INFO  State of current operation: PENDING
11:50:33 INFO  State of current operation: PENDING
11:50:36 INFO  State of current operation: PENDING
11:50:38 INFO  State of current operation: PENDING
11:50:40 INFO  State of current operation: PENDING
11:50:42 INFO  State of current operation: PENDING
11:50:45 INFO  State of current operation: PENDING
11:50:47 INFO  State of current operation: PENDING
11:50:49 INFO  State of current operation: PENDING
11:50:51 INFO  State of current operation: PENDING
11:50:53 INFO  State of current operation: PENDING
11:50:56 INFO  State of current operation: PENDING
11:50:58 INFO  State of current operation: PENDING
11:51:00 INFO  State of current operation: PENDING
11:51:02 INFO  State of current operation: PENDING
11:51:05 INFO  State of current operation: PENDING
11:51:07 INFO  State of current operation: PENDING
11:51:09 INFO  State of current operation: PENDING
11:51:11 INFO  State of current operation: PENDING
11:51:14 INFO  State of current operation: PENDING
11:51:16 INFO  State of current operation: PENDING
11:51:18 INFO  State of current operation: PENDING
11:51:20 INFO  State of current operation: PENDING
11:51:23 INFO  State of current operation: PENDING
11:51:25 INFO  State of current operation: PENDING
11:51:27 INFO  State of current operation: PENDING
11:51:29 INFO  State of current operation: PENDING
11:51:32 INFO  State of current operation: PENDING
11:51:34 INFO  State of current operation: PENDING
11:51:36 INFO  State of current operation: PENDING
11:51:38 INFO  State of current operation: PENDING
11:51:41 INFO  State of current operation: PENDING
11:51:43 INFO  State of current operation: PENDING
11:51:45 INFO  State of current operation: PENDING
11:51:47 INFO  State of current operation: PENDING
11:51:49 INFO  State of current operation: PENDING
11:51:52 INFO  State of current operation: PENDING
11:51:54 INFO  State of current operation: PENDING
11:51:56 INFO  State of current operation: PENDING
11:51:58 INFO  State of current operation: PENDING
11:52:01 INFO  State of current operation: PENDING
11:52:03 INFO  State of current operation: PENDING
11:52:05 INFO  State of current operation: PENDING
11:52:07 INFO  State of current operation: PENDING
11:52:10 INFO  State of current operation: PENDING
11:52:12 INFO  State of current operation: PENDING
11:52:14 INFO  State of current operation: PENDING
11:52:17 INFO  State of current operation: PENDING
11:52:19 WARN  SystemError occurred while running test - Timeout while waiting for status FAILED or SUCCESSFUL
Traceback (most recent call last):
  File "/home/pi/env-pysys/lib/python3.7/site-packages/pysys/baserunner.py", line 1292, in __call__
    self.testObj.setup()
  File "/home/pi/actions-runner/_work/thin-edge.io/thin-edge.io/tests/PySys/software_management_end_to_end/sm_apt_install_fail/run.py", line 20, in setup
    super().setup()
  File "/home/pi/actions-runner/_work/thin-edge.io/thin-edge.io/tests/PySys/software_management_end_to_end/environment_sm_management.py", line 151, in setup
    self.wait_until_end()
  File "/home/pi/actions-runner/_work/thin-edge.io/thin-edge.io/tests/PySys/software_management_end_to_end/environment_sm_management.py", line 332, in wait_until_end
    self.wait_until_status("FAILED", "SUCCESSFUL")
  File "/home/pi/actions-runner/_work/thin-edge.io/thin-edge.io/tests/PySys/software_management_end_to_end/environment_sm_management.py", line 381, in wait_until_status
    "Timeout while waiting for status %s or %s" % (status, status2)
SystemError: Timeout while waiting for status FAILED or SUCCESSFUL
11:52:19 WARN  SystemError: Timeout while waiting for status FAILED or SUCCESSFUL ... blocked 
11:52:19 INFO  
11:52:19 INFO  cleanup:
11:52:23 INFO  Executed sudo&lt;tedge_disconnect_c8y&gt;, exit status 0
11:52:23 INFO  Executed systemctl&lt;serv_mapper5&gt;, exit status 3
11:52:23 INFO  
11:52:23 INFO  Test duration: 166.00 secs
11:52:23 INFO  Test final outcome:  BLOCKED
11:52:23 INFO  Test outcome reason: SystemError: Timeout while waiting for status FAILED or SUCCESSFUL
11:52:23 INFO  
</system-out>
	</testcase>
</testsuite><testsuite name="SoftwareManagement.sm_apt_install_remove" tests="3" errors="0" failures="2" skipped="1" time="0"><testcase classname="PySysTest" name="SoftwareManagement.sm_apt_install_remove">
		<skipped message="SKIPPED: Testing the apt plugin is not supported on this platform.Use parameter -XmyPlatform='container' to enable it" />
		<system-out>10:53:15 INFO  ==============================================================
10:53:15 INFO  Id:    SoftwareManagement.sm_apt_install_remove
10:53:15 INFO  Dir:   software_management_end_to_end/
10:53:15 INFO  Title: Validate end to end behaviour for the apt plugin for installation and removal of packages
10:53:15 INFO  ==============================================================
10:53:15 INFO  Testing the apt plugin is not supported on this platform.Use parameter -XmyPlatform='container' to enable it ... skipped
10:53:15 WARN  Aborted test due to SKIPPED outcome
10:53:15 INFO  
10:53:15 INFO  Test duration: 0.02 secs
10:53:15 INFO  Test final outcome:  SKIPPED
10:53:15 INFO  Test outcome reason: Testing the apt plugin is not supported on this platform.Use parameter -XmyPlatform='container' to enable it
10:53:15 INFO  
</system-out>
	</testcase>
<testcase classname="PySysTest" name="SoftwareManagement.sm_apt_install_remove">
		<failure message="BLOCKED: SystemError: Timeout while waiting for status FAILED or SUCCESSFUL" type="BLOCKED" />
		<system-out>11:21:53 INFO  ==============================================================
11:21:53 INFO  Id:    SoftwareManagement.sm_apt_install_remove
11:21:53 INFO  Dir:   software_management_end_to_end/
11:21:53 INFO  Title: Validate end to end behaviour for the apt plugin for installation and removal of packages
11:21:53 INFO  ==============================================================
11:21:53 INFO  Using sw id database: {'asciijump': '5475369', 'robotfindskitten': '5474869', 'squirrel3': '5475279', 'rolldice': '5152439', 'moon-buggy': '5439204', 'apple': '5495053', 'banana': '5494888', 'cherry': '5495382', 'watermelon': '5494510', 'registry': '8018911', 'hello-world': '8021526', 'docker/getting-started': '8021973', 'alpine': '7991792'}
11:21:53 INFO  EnvironmentC8y Setup
11:21:54 INFO  Executed systemctl&lt;serv_mapper1&gt;, exit status 3
11:21:54 INFO  Restarting mosquitto too frequently in the last 10 seconds. It was only up for 5 seconds
11:21:54 INFO  Delaying execution by 6 seconds
11:22:14 INFO  Executed sudo&lt;tedge_connect_c8y&gt;, exit status 0, duration 14 secs
11:22:15 INFO  Executed sudo&lt;tedge_connect_c8y_test&gt;, exit status 0
11:22:15 INFO  Executed systemctl&lt;serv_mosq2&gt;, exit status 0
11:22:16 INFO  Executed systemctl&lt;serv_mapper3&gt;, exit status 0
11:22:18 INFO  State of current operation: PENDING
11:22:20 INFO  State of current operation: PENDING
11:22:22 INFO  State of current operation: PENDING
11:22:25 INFO  State of current operation: PENDING
11:22:27 INFO  State of current operation: PENDING
11:22:29 INFO  State of current operation: PENDING
11:22:31 INFO  State of current operation: PENDING
11:22:34 INFO  State of current operation: PENDING
11:22:36 INFO  State of current operation: PENDING
11:22:38 INFO  State of current operation: PENDING
11:22:40 INFO  State of current operation: PENDING
11:22:43 INFO  State of current operation: PENDING
11:22:45 INFO  State of current operation: PENDING
11:22:47 INFO  State of current operation: PENDING
11:22:49 INFO  State of current operation: PENDING
11:22:51 INFO  State of current operation: PENDING
11:22:54 INFO  State of current operation: PENDING
11:22:56 INFO  State of current operation: PENDING
11:22:58 INFO  State of current operation: PENDING
11:23:00 INFO  State of current operation: PENDING
11:23:03 INFO  State of current operation: PENDING
11:23:05 INFO  State of current operation: PENDING
11:23:07 INFO  State of current operation: PENDING
11:23:09 INFO  State of current operation: PENDING
11:23:12 INFO  State of current operation: PENDING
11:23:14 INFO  State of current operation: PENDING
11:23:16 INFO  State of current operation: PENDING
11:23:18 INFO  State of current operation: PENDING
11:23:21 INFO  State of current operation: PENDING
11:23:23 INFO  State of current operation: PENDING
11:23:25 INFO  State of current operation: PENDING
11:23:27 INFO  State of current operation: PENDING
11:23:29 INFO  State of current operation: PENDING
11:23:32 INFO  State of current operation: PENDING
11:23:34 INFO  State of current operation: PENDING
11:23:36 INFO  State of current operation: PENDING
11:23:38 INFO  State of current operation: PENDING
11:23:41 INFO  State of current operation: PENDING
11:23:43 INFO  State of current operation: PENDING
11:23:45 INFO  State of current operation: PENDING
11:23:47 INFO  State of current operation: PENDING
11:23:50 INFO  State of current operation: PENDING
11:23:52 INFO  State of current operation: PENDING
11:23:54 INFO  State of current operation: PENDING
11:23:56 INFO  State of current operation: PENDING
11:23:59 INFO  State of current operation: PENDING
11:24:01 INFO  State of current operation: PENDING
11:24:03 INFO  State of current operation: PENDING
11:24:05 INFO  State of current operation: PENDING
11:24:08 INFO  State of current operation: PENDING
11:24:10 INFO  State of current operation: PENDING
11:24:12 INFO  State of current operation: PENDING
11:24:14 INFO  State of current operation: PENDING
11:24:16 INFO  State of current operation: PENDING
11:24:19 INFO  State of current operation: PENDING
11:24:21 INFO  State of current operation: PENDING
11:24:23 INFO  State of current operation: PENDING
11:24:25 INFO  State of current operation: PENDING
11:24:28 INFO  State of current operation: PENDING
11:24:30 INFO  State of current operation: PENDING
11:24:32 INFO  State of current operation: PENDING
11:24:34 WARN  SystemError occurred while running test - Timeout while waiting for status FAILED or SUCCESSFUL
Traceback (most recent call last):
  File "/home/pi/env-pysys/lib/python3.7/site-packages/pysys/baserunner.py", line 1292, in __call__
    self.testObj.setup()
  File "/home/pi/actions-runner/_work/thin-edge.io/thin-edge.io/tests/PySys/software_management_end_to_end/sm_apt_install_remove/run.py", line 27, in setup
    super().setup()
  File "/home/pi/actions-runner/_work/thin-edge.io/thin-edge.io/tests/PySys/software_management_end_to_end/environment_sm_management.py", line 151, in setup
    self.wait_until_end()
  File "/home/pi/actions-runner/_work/thin-edge.io/thin-edge.io/tests/PySys/software_management_end_to_end/environment_sm_management.py", line 332, in wait_until_end
    self.wait_until_status("FAILED", "SUCCESSFUL")
  File "/home/pi/actions-runner/_work/thin-edge.io/thin-edge.io/tests/PySys/software_management_end_to_end/environment_sm_management.py", line 381, in wait_until_status
    "Timeout while waiting for status %s or %s" % (status, status2)
SystemError: Timeout while waiting for status FAILED or SUCCESSFUL
11:24:34 WARN  SystemError: Timeout while waiting for status FAILED or SUCCESSFUL ... blocked 
11:24:34 INFO  
11:24:34 INFO  cleanup:
11:24:38 INFO  Executed sudo&lt;tedge_disconnect_c8y&gt;, exit status 0
11:24:39 INFO  Executed systemctl&lt;serv_mapper5&gt;, exit status 3
11:24:39 INFO  
11:24:39 INFO  Test duration: 165.29 secs
11:24:39 INFO  Test final outcome:  BLOCKED
11:24:39 INFO  Test outcome reason: SystemError: Timeout while waiting for status FAILED or SUCCESSFUL
11:24:39 INFO  
</system-out>
	</testcase>
<testcase classname="PySysTest" name="SoftwareManagement.sm_apt_install_remove">
		<failure message="BLOCKED: SystemError: Timeout while waiting for status FAILED or SUCCESSFUL" type="BLOCKED" />
		<system-out>11:52:23 INFO  ==============================================================
11:52:23 INFO  Id:    SoftwareManagement.sm_apt_install_remove
11:52:23 INFO  Dir:   software_management_end_to_end/
11:52:23 INFO  Title: Validate end to end behaviour for the apt plugin for installation and removal of packages
11:52:23 INFO  ==============================================================
11:52:23 INFO  Using sw id database: {'asciijump': '5475369', 'robotfindskitten': '5474869', 'squirrel3': '5475279', 'rolldice': '5152439', 'moon-buggy': '5439204', 'apple': '5495053', 'banana': '5494888', 'cherry': '5495382', 'watermelon': '5494510', 'registry': '8018911', 'hello-world': '8021526', 'docker/getting-started': '8021973', 'alpine': '7991792'}
11:52:23 INFO  EnvironmentC8y Setup
11:52:24 INFO  Executed systemctl&lt;serv_mapper1&gt;, exit status 3
11:52:24 INFO  Restarting mosquitto too frequently in the last 10 seconds. It was only up for 5 seconds
11:52:24 INFO  Delaying execution by 6 seconds
11:52:44 INFO  Executed sudo&lt;tedge_connect_c8y&gt;, exit status 0, duration 13 secs
11:52:45 INFO  Executed sudo&lt;tedge_connect_c8y_test&gt;, exit status 0
11:52:45 INFO  Executed systemctl&lt;serv_mosq2&gt;, exit status 0
11:52:46 INFO  Executed systemctl&lt;serv_mapper3&gt;, exit status 0
11:52:48 INFO  State of current operation: PENDING
11:52:50 INFO  State of current operation: PENDING
11:52:52 INFO  State of current operation: PENDING
11:52:55 INFO  State of current operation: PENDING
11:52:57 INFO  State of current operation: PENDING
11:52:59 INFO  State of current operation: PENDING
11:53:01 INFO  State of current operation: PENDING
11:53:04 INFO  State of current operation: PENDING
11:53:06 INFO  State of current operation: PENDING
11:53:08 INFO  State of current operation: PENDING
11:53:10 INFO  State of current operation: PENDING
11:53:13 INFO  State of current operation: PENDING
11:53:15 INFO  State of current operation: PENDING
11:53:17 INFO  State of current operation: PENDING
11:53:19 INFO  State of current operation: PENDING
11:53:22 INFO  State of current operation: PENDING
11:53:24 INFO  State of current operation: PENDING
11:53:26 INFO  State of current operation: PENDING
11:53:28 INFO  State of current operation: PENDING
11:53:31 INFO  State of current operation: PENDING
11:53:33 INFO  State of current operation: PENDING
11:53:35 INFO  State of current operation: PENDING
11:53:37 INFO  State of current operation: PENDING
11:53:40 INFO  State of current operation: PENDING
11:53:42 INFO  State of current operation: PENDING
11:53:44 INFO  State of current operation: PENDING
11:53:46 INFO  State of current operation: PENDING
11:53:48 INFO  State of current operation: PENDING
11:53:51 INFO  State of current operation: PENDING
11:53:53 INFO  State of current operation: PENDING
11:53:55 INFO  State of current operation: PENDING
11:53:58 INFO  State of current operation: PENDING
11:54:00 INFO  State of current operation: PENDING
11:54:02 INFO  State of current operation: PENDING
11:54:04 INFO  State of current operation: PENDING
11:54:07 INFO  State of current operation: PENDING
11:54:09 INFO  State of current operation: PENDING
11:54:11 INFO  State of current operation: PENDING
11:54:13 INFO  State of current operation: PENDING
11:54:16 INFO  State of current operation: PENDING
11:54:18 INFO  State of current operation: PENDING
11:54:20 INFO  State of current operation: PENDING
11:54:22 INFO  State of current operation: PENDING
11:54:25 INFO  State of current operation: PENDING
11:54:27 INFO  State of current operation: PENDING
11:54:29 INFO  State of current operation: PENDING
11:54:31 INFO  State of current operation: PENDING
11:54:33 INFO  State of current operation: PENDING
11:54:36 INFO  State of current operation: PENDING
11:54:38 INFO  State of current operation: PENDING
11:54:40 INFO  State of current operation: PENDING
11:54:42 INFO  State of current operation: PENDING
11:54:45 INFO  State of current operation: PENDING
11:54:47 INFO  State of current operation: PENDING
11:54:49 INFO  State of current operation: PENDING
11:54:52 INFO  State of current operation: PENDING
11:54:54 INFO  State of current operation: PENDING
11:54:56 INFO  State of current operation: PENDING
11:54:58 INFO  State of current operation: PENDING
11:55:01 INFO  State of current operation: PENDING
11:55:03 INFO  State of current operation: PENDING
11:55:05 WARN  SystemError occurred while running test - Timeout while waiting for status FAILED or SUCCESSFUL
Traceback (most recent call last):
  File "/home/pi/env-pysys/lib/python3.7/site-packages/pysys/baserunner.py", line 1292, in __call__
    self.testObj.setup()
  File "/home/pi/actions-runner/_work/thin-edge.io/thin-edge.io/tests/PySys/software_management_end_to_end/sm_apt_install_remove/run.py", line 27, in setup
    super().setup()
  File "/home/pi/actions-runner/_work/thin-edge.io/thin-edge.io/tests/PySys/software_management_end_to_end/environment_sm_management.py", line 151, in setup
    self.wait_until_end()
  File "/home/pi/actions-runner/_work/thin-edge.io/thin-edge.io/tests/PySys/software_management_end_to_end/environment_sm_management.py", line 332, in wait_until_end
    self.wait_until_status("FAILED", "SUCCESSFUL")
  File "/home/pi/actions-runner/_work/thin-edge.io/thin-edge.io/tests/PySys/software_management_end_to_end/environment_sm_management.py", line 381, in wait_until_status
    "Timeout while waiting for status %s or %s" % (status, status2)
SystemError: Timeout while waiting for status FAILED or SUCCESSFUL
11:55:05 WARN  SystemError: Timeout while waiting for status FAILED or SUCCESSFUL ... blocked 
11:55:05 INFO  
11:55:05 INFO  cleanup:
11:55:09 INFO  Executed sudo&lt;tedge_disconnect_c8y&gt;, exit status 0
11:55:10 INFO  Executed systemctl&lt;serv_mapper5&gt;, exit status 3
11:55:10 INFO  
11:55:10 INFO  Test duration: 166.35 secs
11:55:10 INFO  Test final outcome:  BLOCKED
11:55:10 INFO  Test outcome reason: SystemError: Timeout while waiting for status FAILED or SUCCESSFUL
11:55:10 INFO  
</system-out>
	</testcase>
</testsuite><testsuite name="SoftwareManagement.sm_apt_install_remove_default" tests="3" errors="0" failures="2" skipped="1" time="0"><testcase classname="PySysTest" name="SoftwareManagement.sm_apt_install_remove_default">
		<skipped message="SKIPPED: Testing the apt plugin is not supported on this platform.Use parameter -XmyPlatform='container' to enable it" />
		<system-out>10:53:15 INFO  ==============================================================
10:53:15 INFO  Id:    SoftwareManagement.sm_apt_install_remove_default
10:53:15 INFO  Dir:   software_management_end_to_end/
10:53:15 INFO  Title: Validate end to end behaviour for the default plugin for installation and removal of packages
10:53:15 INFO  ==============================================================
10:53:15 INFO  Testing the apt plugin is not supported on this platform.Use parameter -XmyPlatform='container' to enable it ... skipped
10:53:15 WARN  Aborted test due to SKIPPED outcome
10:53:15 INFO  
10:53:15 INFO  Test duration: 0.02 secs
10:53:15 INFO  Test final outcome:  SKIPPED
10:53:15 INFO  Test outcome reason: Testing the apt plugin is not supported on this platform.Use parameter -XmyPlatform='container' to enable it
10:53:15 INFO  
</system-out>
	</testcase>
<testcase classname="PySysTest" name="SoftwareManagement.sm_apt_install_remove_default">
		<failure message="BLOCKED: SystemError: Timeout while waiting for status FAILED or SUCCESSFUL" type="BLOCKED" />
		<system-out>11:24:39 INFO  ==============================================================
11:24:39 INFO  Id:    SoftwareManagement.sm_apt_install_remove_default
11:24:39 INFO  Dir:   software_management_end_to_end/
11:24:39 INFO  Title: Validate end to end behaviour for the default plugin for installation and removal of packages
11:24:39 INFO  ==============================================================
11:24:39 INFO  Using sw id database: {'asciijump': '5475369', 'robotfindskitten': '5474869', 'squirrel3': '5475279', 'rolldice': '5152439', 'moon-buggy': '5439204', 'apple': '5495053', 'banana': '5494888', 'cherry': '5495382', 'watermelon': '5494510', 'registry': '8018911', 'hello-world': '8021526', 'docker/getting-started': '8021973', 'alpine': '7991792'}
11:24:39 INFO  EnvironmentC8y Setup
11:24:39 INFO  Executed systemctl&lt;serv_mapper1&gt;, exit status 3
11:24:39 INFO  Restarting mosquitto too frequently in the last 10 seconds. It was only up for 4 seconds
11:24:39 INFO  Delaying execution by 7 seconds
11:25:00 INFO  Executed sudo&lt;tedge_connect_c8y&gt;, exit status 0, duration 14 secs
11:25:01 INFO  Executed sudo&lt;tedge_connect_c8y_test&gt;, exit status 0
11:25:02 INFO  Executed systemctl&lt;serv_mosq2&gt;, exit status 0
11:25:02 INFO  Executed systemctl&lt;serv_mapper3&gt;, exit status 0
11:25:04 INFO  State of current operation: PENDING
11:25:06 INFO  State of current operation: PENDING
11:25:09 INFO  State of current operation: PENDING
11:25:11 INFO  State of current operation: PENDING
11:25:13 INFO  State of current operation: PENDING
11:25:15 INFO  State of current operation: PENDING
11:25:18 INFO  State of current operation: PENDING
11:25:20 INFO  State of current operation: PENDING
11:25:22 INFO  State of current operation: PENDING
11:25:24 INFO  State of current operation: PENDING
11:25:27 INFO  State of current operation: PENDING
11:25:29 INFO  State of current operation: PENDING
11:25:31 INFO  State of current operation: PENDING
11:25:33 INFO  State of current operation: PENDING
11:25:36 INFO  State of current operation: PENDING
11:25:38 INFO  State of current operation: PENDING
11:25:40 INFO  State of current operation: PENDING
11:25:42 INFO  State of current operation: PENDING
11:25:44 INFO  State of current operation: PENDING
11:25:47 INFO  State of current operation: PENDING
11:25:49 INFO  State of current operation: PENDING
11:25:51 INFO  State of current operation: PENDING
11:25:54 INFO  State of current operation: PENDING
11:25:56 INFO  State of current operation: PENDING
11:25:59 INFO  State of current operation: PENDING
11:26:01 INFO  State of current operation: PENDING
11:26:03 INFO  State of current operation: PENDING
11:26:05 INFO  State of current operation: PENDING
11:26:07 INFO  State of current operation: PENDING
11:26:10 INFO  State of current operation: PENDING
11:26:12 INFO  State of current operation: PENDING
11:26:14 INFO  State of current operation: PENDING
11:26:16 INFO  State of current operation: PENDING
11:26:19 INFO  State of current operation: PENDING
11:26:21 INFO  State of current operation: PENDING
11:26:23 INFO  State of current operation: PENDING
11:26:25 INFO  State of current operation: PENDING
11:26:28 INFO  State of current operation: PENDING
11:26:30 INFO  State of current operation: PENDING
11:26:32 INFO  State of current operation: PENDING
11:26:34 INFO  State of current operation: PENDING
11:26:36 INFO  State of current operation: PENDING
11:26:39 INFO  State of current operation: PENDING
11:26:41 INFO  State of current operation: PENDING
11:26:43 INFO  State of current operation: PENDING
11:26:45 INFO  State of current operation: PENDING
11:26:48 INFO  State of current operation: PENDING
11:26:50 INFO  State of current operation: PENDING
11:26:52 INFO  State of current operation: PENDING
11:26:54 INFO  State of current operation: PENDING
11:26:57 INFO  State of current operation: PENDING
11:26:59 INFO  State of current operation: PENDING
11:27:01 INFO  State of current operation: PENDING
11:27:03 INFO  State of current operation: PENDING
11:27:06 INFO  State of current operation: PENDING
11:27:08 INFO  State of current operation: PENDING
11:27:10 INFO  State of current operation: PENDING
11:27:12 INFO  State of current operation: PENDING
11:27:15 INFO  State of current operation: PENDING
11:27:17 INFO  State of current operation: PENDING
11:27:19 INFO  State of current operation: PENDING
11:27:21 WARN  SystemError occurred while running test - Timeout while waiting for status FAILED or SUCCESSFUL
Traceback (most recent call last):
  File "/home/pi/env-pysys/lib/python3.7/site-packages/pysys/baserunner.py", line 1292, in __call__
    self.testObj.setup()
  File "/home/pi/actions-runner/_work/thin-edge.io/thin-edge.io/tests/PySys/software_management_end_to_end/sm_apt_install_remove_default/run.py", line 26, in setup
    super().setup()
  File "/home/pi/actions-runner/_work/thin-edge.io/thin-edge.io/tests/PySys/software_management_end_to_end/environment_sm_management.py", line 151, in setup
    self.wait_until_end()
  File "/home/pi/actions-runner/_work/thin-edge.io/thin-edge.io/tests/PySys/software_management_end_to_end/environment_sm_management.py", line 332, in wait_until_end
    self.wait_until_status("FAILED", "SUCCESSFUL")
  File "/home/pi/actions-runner/_work/thin-edge.io/thin-edge.io/tests/PySys/software_management_end_to_end/environment_sm_management.py", line 381, in wait_until_status
    "Timeout while waiting for status %s or %s" % (status, status2)
SystemError: Timeout while waiting for status FAILED or SUCCESSFUL
11:27:21 WARN  SystemError: Timeout while waiting for status FAILED or SUCCESSFUL ... blocked 
11:27:21 INFO  
11:27:21 INFO  cleanup:
11:27:25 INFO  Executed sudo&lt;tedge_disconnect_c8y&gt;, exit status 0
11:27:26 INFO  Executed systemctl&lt;serv_mapper5&gt;, exit status 3
11:27:26 INFO  
11:27:26 INFO  Test duration: 167.06 secs
11:27:26 INFO  Test final outcome:  BLOCKED
11:27:26 INFO  Test outcome reason: SystemError: Timeout while waiting for status FAILED or SUCCESSFUL
11:27:26 INFO  
</system-out>
	</testcase>
<testcase classname="PySysTest" name="SoftwareManagement.sm_apt_install_remove_default">
		<failure message="BLOCKED: SystemError: Timeout while waiting for status FAILED or SUCCESSFUL" type="BLOCKED" />
		<system-out>11:55:10 INFO  ==============================================================
11:55:10 INFO  Id:    SoftwareManagement.sm_apt_install_remove_default
11:55:10 INFO  Dir:   software_management_end_to_end/
11:55:10 INFO  Title: Validate end to end behaviour for the default plugin for installation and removal of packages
11:55:10 INFO  ==============================================================
11:55:10 INFO  Using sw id database: {'asciijump': '5475369', 'robotfindskitten': '5474869', 'squirrel3': '5475279', 'rolldice': '5152439', 'moon-buggy': '5439204', 'apple': '5495053', 'banana': '5494888', 'cherry': '5495382', 'watermelon': '5494510', 'registry': '8018911', 'hello-world': '8021526', 'docker/getting-started': '8021973', 'alpine': '7991792'}
11:55:10 INFO  EnvironmentC8y Setup
11:55:10 INFO  Executed systemctl&lt;serv_mapper1&gt;, exit status 3
11:55:10 INFO  Restarting mosquitto too frequently in the last 10 seconds. It was only up for 5 seconds
11:55:10 INFO  Delaying execution by 6 seconds
11:55:30 INFO  Executed sudo&lt;tedge_connect_c8y&gt;, exit status 0, duration 13 secs
11:55:31 INFO  Executed sudo&lt;tedge_connect_c8y_test&gt;, exit status 0
11:55:31 INFO  Executed systemctl&lt;serv_mosq2&gt;, exit status 0
11:55:32 INFO  Executed systemctl&lt;serv_mapper3&gt;, exit status 0
11:55:34 INFO  State of current operation: PENDING
11:55:36 INFO  State of current operation: PENDING
11:55:39 INFO  State of current operation: PENDING
11:55:41 INFO  State of current operation: PENDING
11:55:43 INFO  State of current operation: PENDING
11:55:45 INFO  State of current operation: PENDING
11:55:48 INFO  State of current operation: PENDING
11:55:50 INFO  State of current operation: PENDING
11:55:52 INFO  State of current operation: PENDING
11:55:54 INFO  State of current operation: PENDING
11:55:56 INFO  State of current operation: PENDING
11:55:59 INFO  State of current operation: PENDING
11:56:01 INFO  State of current operation: PENDING
11:56:03 INFO  State of current operation: PENDING
11:56:05 INFO  State of current operation: PENDING
11:56:08 INFO  State of current operation: PENDING
11:56:10 INFO  State of current operation: PENDING
11:56:12 INFO  State of current operation: PENDING
11:56:14 INFO  State of current operation: PENDING
11:56:17 INFO  State of current operation: PENDING
11:56:19 INFO  State of current operation: PENDING
11:56:21 INFO  State of current operation: PENDING
11:56:23 INFO  State of current operation: PENDING
11:56:25 INFO  State of current operation: PENDING
11:56:28 INFO  State of current operation: PENDING
11:56:30 INFO  State of current operation: PENDING
11:56:32 INFO  State of current operation: PENDING
11:56:34 INFO  State of current operation: PENDING
11:56:37 INFO  State of current operation: PENDING
11:56:39 INFO  State of current operation: PENDING
11:56:41 INFO  State of current operation: PENDING
11:56:43 INFO  State of current operation: PENDING
11:56:46 INFO  State of current operation: PENDING
11:56:48 INFO  State of current operation: PENDING
11:56:50 INFO  State of current operation: PENDING
11:56:52 INFO  State of current operation: PENDING
11:56:55 INFO  State of current operation: PENDING
11:56:57 INFO  State of current operation: PENDING
11:56:59 INFO  State of current operation: PENDING
11:57:01 INFO  State of current operation: PENDING
11:57:04 INFO  State of current operation: PENDING
11:57:06 INFO  State of current operation: PENDING
11:57:08 INFO  State of current operation: PENDING
11:57:11 INFO  State of current operation: PENDING
11:57:13 INFO  State of current operation: PENDING
11:57:15 INFO  State of current operation: PENDING
11:57:17 INFO  State of current operation: PENDING
11:57:20 INFO  State of current operation: PENDING
11:57:22 INFO  State of current operation: PENDING
11:57:24 INFO  State of current operation: PENDING
11:57:26 INFO  State of current operation: PENDING
11:57:29 INFO  State of current operation: PENDING
11:57:31 INFO  State of current operation: PENDING
11:57:33 INFO  State of current operation: PENDING
11:57:35 INFO  State of current operation: PENDING
11:57:38 INFO  State of current operation: PENDING
11:57:40 INFO  State of current operation: PENDING
11:57:42 INFO  State of current operation: PENDING
11:57:44 INFO  State of current operation: PENDING
11:57:47 INFO  State of current operation: PENDING
11:57:49 INFO  State of current operation: PENDING
11:57:51 WARN  SystemError occurred while running test - Timeout while waiting for status FAILED or SUCCESSFUL
Traceback (most recent call last):
  File "/home/pi/env-pysys/lib/python3.7/site-packages/pysys/baserunner.py", line 1292, in __call__
    self.testObj.setup()
  File "/home/pi/actions-runner/_work/thin-edge.io/thin-edge.io/tests/PySys/software_management_end_to_end/sm_apt_install_remove_default/run.py", line 26, in setup
    super().setup()
  File "/home/pi/actions-runner/_work/thin-edge.io/thin-edge.io/tests/PySys/software_management_end_to_end/environment_sm_management.py", line 151, in setup
    self.wait_until_end()
  File "/home/pi/actions-runner/_work/thin-edge.io/thin-edge.io/tests/PySys/software_management_end_to_end/environment_sm_management.py", line 332, in wait_until_end
    self.wait_until_status("FAILED", "SUCCESSFUL")
  File "/home/pi/actions-runner/_work/thin-edge.io/thin-edge.io/tests/PySys/software_management_end_to_end/environment_sm_management.py", line 381, in wait_until_status
    "Timeout while waiting for status %s or %s" % (status, status2)
SystemError: Timeout while waiting for status FAILED or SUCCESSFUL
11:57:51 WARN  SystemError: Timeout while waiting for status FAILED or SUCCESSFUL ... blocked 
11:57:51 INFO  
11:57:51 INFO  cleanup:
11:57:55 INFO  Executed sudo&lt;tedge_disconnect_c8y&gt;, exit status 0
11:57:55 INFO  Executed systemctl&lt;serv_mapper5&gt;, exit status 3
11:57:55 INFO  
11:57:55 INFO  Test duration: 165.87 secs
11:57:55 INFO  Test final outcome:  BLOCKED
11:57:55 INFO  Test outcome reason: SystemError: Timeout while waiting for status FAILED or SUCCESSFUL
11:57:55 INFO  
</system-out>
	</testcase>
</testsuite><testsuite name="SoftwareManagement.sm_apt_install_remove_multiple" tests="3" errors="0" failures="2" skipped="1" time="0"><testcase classname="PySysTest" name="SoftwareManagement.sm_apt_install_remove_multiple">
		<skipped message="SKIPPED: Testing the apt plugin is not supported on this platform.Use parameter -XmyPlatform='container' to enable it" />
		<system-out>10:53:15 INFO  ==============================================================
10:53:15 INFO  Id:    SoftwareManagement.sm_apt_install_remove_multiple
10:53:15 INFO  Dir:   software_management_end_to_end/
10:53:15 INFO  Title: Validate end to end behaviour for the apt plugin for multiple packages
10:53:15 INFO  ==============================================================
10:53:15 INFO  Testing the apt plugin is not supported on this platform.Use parameter -XmyPlatform='container' to enable it ... skipped
10:53:15 WARN  Aborted test due to SKIPPED outcome
10:53:15 INFO  
10:53:15 INFO  Test duration: 0.02 secs
10:53:15 INFO  Test final outcome:  SKIPPED
10:53:15 INFO  Test outcome reason: Testing the apt plugin is not supported on this platform.Use parameter -XmyPlatform='container' to enable it
10:53:15 INFO  
</system-out>
	</testcase>
<testcase classname="PySysTest" name="SoftwareManagement.sm_apt_install_remove_multiple">
		<failure message="BLOCKED: SystemError: Timeout while waiting for status FAILED or SUCCESSFUL" type="BLOCKED" />
		<system-out>11:27:26 INFO  ==============================================================
11:27:26 INFO  Id:    SoftwareManagement.sm_apt_install_remove_multiple
11:27:26 INFO  Dir:   software_management_end_to_end/
11:27:26 INFO  Title: Validate end to end behaviour for the apt plugin for multiple packages
11:27:26 INFO  ==============================================================
11:27:26 INFO  Using sw id database: {'asciijump': '5475369', 'robotfindskitten': '5474869', 'squirrel3': '5475279', 'rolldice': '5152439', 'moon-buggy': '5439204', 'apple': '5495053', 'banana': '5494888', 'cherry': '5495382', 'watermelon': '5494510', 'registry': '8018911', 'hello-world': '8021526', 'docker/getting-started': '8021973', 'alpine': '7991792'}
11:27:26 INFO  EnvironmentC8y Setup
11:27:26 INFO  Executed systemctl&lt;serv_mapper1&gt;, exit status 3
11:27:27 INFO  Restarting mosquitto too frequently in the last 10 seconds. It was only up for 4 seconds
11:27:27 INFO  Delaying execution by 7 seconds
11:27:48 INFO  Executed sudo&lt;tedge_connect_c8y&gt;, exit status 0, duration 14 secs
11:27:48 INFO  Executed sudo&lt;tedge_connect_c8y_test&gt;, exit status 0
11:27:49 INFO  Executed systemctl&lt;serv_mosq2&gt;, exit status 0
11:27:49 INFO  Executed systemctl&lt;serv_mapper3&gt;, exit status 0
11:27:51 INFO  State of current operation: PENDING
11:27:54 INFO  State of current operation: PENDING
11:27:56 INFO  State of current operation: PENDING
11:27:58 INFO  State of current operation: PENDING
11:28:00 INFO  State of current operation: PENDING
11:28:03 INFO  State of current operation: PENDING
11:28:05 INFO  State of current operation: PENDING
11:28:07 INFO  State of current operation: PENDING
11:28:09 INFO  State of current operation: PENDING
11:28:12 INFO  State of current operation: PENDING
11:28:14 INFO  State of current operation: PENDING
11:28:16 INFO  State of current operation: PENDING
11:28:18 INFO  State of current operation: PENDING
11:28:21 INFO  State of current operation: PENDING
11:28:23 INFO  State of current operation: PENDING
11:28:25 INFO  State of current operation: PENDING
11:28:27 INFO  State of current operation: PENDING
11:28:30 INFO  State of current operation: PENDING
11:28:32 INFO  State of current operation: PENDING
11:28:34 INFO  State of current operation: PENDING
11:28:36 INFO  State of current operation: PENDING
11:28:39 INFO  State of current operation: PENDING
11:28:41 INFO  State of current operation: PENDING
11:28:43 INFO  State of current operation: PENDING
11:28:45 INFO  State of current operation: PENDING
11:28:48 INFO  State of current operation: PENDING
11:28:50 INFO  State of current operation: PENDING
11:28:52 INFO  State of current operation: PENDING
11:28:54 INFO  State of current operation: PENDING
11:28:57 INFO  State of current operation: PENDING
11:28:59 INFO  State of current operation: PENDING
11:29:01 INFO  State of current operation: PENDING
11:29:03 INFO  State of current operation: PENDING
11:29:06 INFO  State of current operation: PENDING
11:29:08 INFO  State of current operation: PENDING
11:29:10 INFO  State of current operation: PENDING
11:29:12 INFO  State of current operation: PENDING
11:29:15 INFO  State of current operation: PENDING
11:29:17 INFO  State of current operation: PENDING
11:29:19 INFO  State of current operation: PENDING
11:29:21 INFO  State of current operation: PENDING
11:29:23 INFO  State of current operation: PENDING
11:29:26 INFO  State of current operation: PENDING
11:29:28 INFO  State of current operation: PENDING
11:29:30 INFO  State of current operation: PENDING
11:29:32 INFO  State of current operation: PENDING
11:29:35 INFO  State of current operation: PENDING
11:29:37 INFO  State of current operation: PENDING
11:29:39 INFO  State of current operation: PENDING
11:29:41 INFO  State of current operation: PENDING
11:29:44 INFO  State of current operation: PENDING
11:29:46 INFO  State of current operation: PENDING
11:29:48 INFO  State of current operation: PENDING
11:29:50 INFO  State of current operation: PENDING
11:29:52 INFO  State of current operation: PENDING
11:29:55 INFO  State of current operation: PENDING
11:29:57 INFO  State of current operation: PENDING
11:29:59 INFO  State of current operation: PENDING
11:30:01 INFO  State of current operation: PENDING
11:30:04 INFO  State of current operation: PENDING
11:30:06 INFO  State of current operation: PENDING
11:30:08 WARN  SystemError occurred while running test - Timeout while waiting for status FAILED or SUCCESSFUL
Traceback (most recent call last):
  File "/home/pi/env-pysys/lib/python3.7/site-packages/pysys/baserunner.py", line 1292, in __call__
    self.testObj.setup()
  File "/home/pi/actions-runner/_work/thin-edge.io/thin-edge.io/tests/PySys/software_management_end_to_end/sm_apt_install_remove_multiple/run.py", line 52, in setup
    super().setup()
  File "/home/pi/actions-runner/_work/thin-edge.io/thin-edge.io/tests/PySys/software_management_end_to_end/environment_sm_management.py", line 151, in setup
    self.wait_until_end()
  File "/home/pi/actions-runner/_work/thin-edge.io/thin-edge.io/tests/PySys/software_management_end_to_end/environment_sm_management.py", line 332, in wait_until_end
    self.wait_until_status("FAILED", "SUCCESSFUL")
  File "/home/pi/actions-runner/_work/thin-edge.io/thin-edge.io/tests/PySys/software_management_end_to_end/environment_sm_management.py", line 381, in wait_until_status
    "Timeout while waiting for status %s or %s" % (status, status2)
SystemError: Timeout while waiting for status FAILED or SUCCESSFUL
11:30:08 WARN  SystemError: Timeout while waiting for status FAILED or SUCCESSFUL ... blocked 
11:30:08 INFO  
11:30:08 INFO  cleanup:
11:30:12 INFO  Executed sudo&lt;tedge_disconnect_c8y&gt;, exit status 0
11:30:13 INFO  Executed systemctl&lt;serv_mapper5&gt;, exit status 3
11:30:13 INFO  
11:30:13 INFO  Test duration: 166.69 secs
11:30:13 INFO  Test final outcome:  BLOCKED
11:30:13 INFO  Test outcome reason: SystemError: Timeout while waiting for status FAILED or SUCCESSFUL
11:30:13 INFO  
</system-out>
	</testcase>
<testcase classname="PySysTest" name="SoftwareManagement.sm_apt_install_remove_multiple">
		<failure message="BLOCKED: SystemError: Timeout while waiting for status FAILED or SUCCESSFUL" type="BLOCKED" />
		<system-out>11:57:56 INFO  ==============================================================
11:57:56 INFO  Id:    SoftwareManagement.sm_apt_install_remove_multiple
11:57:56 INFO  Dir:   software_management_end_to_end/
11:57:56 INFO  Title: Validate end to end behaviour for the apt plugin for multiple packages
11:57:56 INFO  ==============================================================
11:57:56 INFO  Using sw id database: {'asciijump': '5475369', 'robotfindskitten': '5474869', 'squirrel3': '5475279', 'rolldice': '5152439', 'moon-buggy': '5439204', 'apple': '5495053', 'banana': '5494888', 'cherry': '5495382', 'watermelon': '5494510', 'registry': '8018911', 'hello-world': '8021526', 'docker/getting-started': '8021973', 'alpine': '7991792'}
11:57:56 INFO  EnvironmentC8y Setup
11:57:56 INFO  Executed systemctl&lt;serv_mapper1&gt;, exit status 3
11:57:56 INFO  Restarting mosquitto too frequently in the last 10 seconds. It was only up for 5 seconds
11:57:56 INFO  Delaying execution by 6 seconds
11:58:17 INFO  Executed sudo&lt;tedge_connect_c8y&gt;, exit status 0, duration 14 secs
11:58:17 INFO  Executed sudo&lt;tedge_connect_c8y_test&gt;, exit status 0
11:58:18 INFO  Executed systemctl&lt;serv_mosq2&gt;, exit status 0
11:58:18 INFO  Executed systemctl&lt;serv_mapper3&gt;, exit status 0
11:58:20 INFO  State of current operation: PENDING
11:58:23 INFO  State of current operation: PENDING
11:58:25 INFO  State of current operation: PENDING
11:58:27 INFO  State of current operation: PENDING
11:58:29 INFO  State of current operation: PENDING
11:58:32 INFO  State of current operation: PENDING
11:58:34 INFO  State of current operation: PENDING
11:58:36 INFO  State of current operation: PENDING
11:58:38 INFO  State of current operation: PENDING
11:58:41 INFO  State of current operation: PENDING
11:58:43 INFO  State of current operation: PENDING
11:58:45 INFO  State of current operation: PENDING
11:58:47 INFO  State of current operation: PENDING
11:58:50 INFO  State of current operation: PENDING
11:58:52 INFO  State of current operation: PENDING
11:58:54 INFO  State of current operation: PENDING
11:58:56 INFO  State of current operation: PENDING
11:58:59 INFO  State of current operation: PENDING
11:59:01 INFO  State of current operation: PENDING
11:59:03 INFO  State of current operation: PENDING
11:59:05 INFO  State of current operation: PENDING
11:59:07 INFO  State of current operation: PENDING
11:59:10 INFO  State of current operation: PENDING
11:59:12 INFO  State of current operation: PENDING
11:59:14 INFO  State of current operation: PENDING
11:59:16 INFO  State of current operation: PENDING
11:59:19 INFO  State of current operation: PENDING
11:59:21 INFO  State of current operation: PENDING
11:59:23 INFO  State of current operation: PENDING
11:59:25 INFO  State of current operation: PENDING
11:59:28 INFO  State of current operation: PENDING
11:59:30 INFO  State of current operation: PENDING
11:59:32 INFO  State of current operation: PENDING
11:59:34 INFO  State of current operation: PENDING
11:59:37 INFO  State of current operation: PENDING
11:59:39 INFO  State of current operation: PENDING
11:59:41 INFO  State of current operation: PENDING
11:59:43 INFO  State of current operation: PENDING
11:59:46 INFO  State of current operation: PENDING
11:59:48 INFO  State of current operation: PENDING
11:59:50 INFO  State of current operation: PENDING
11:59:52 INFO  State of current operation: PENDING
11:59:55 INFO  State of current operation: PENDING
11:59:57 INFO  State of current operation: PENDING
11:59:59 INFO  State of current operation: PENDING
12:00:01 INFO  State of current operation: PENDING
12:00:03 INFO  State of current operation: PENDING
12:00:06 INFO  State of current operation: PENDING
12:00:08 INFO  State of current operation: PENDING
12:00:10 INFO  State of current operation: PENDING
12:00:12 INFO  State of current operation: PENDING
12:00:15 INFO  State of current operation: PENDING
12:00:17 INFO  State of current operation: PENDING
12:00:19 INFO  State of current operation: PENDING
12:00:21 INFO  State of current operation: PENDING
12:00:24 INFO  State of current operation: PENDING
12:00:26 INFO  State of current operation: PENDING
12:00:28 INFO  State of current operation: PENDING
12:00:30 INFO  State of current operation: PENDING
12:00:32 INFO  State of current operation: PENDING
12:00:35 INFO  State of current operation: PENDING
12:00:37 WARN  SystemError occurred while running test - Timeout while waiting for status FAILED or SUCCESSFUL
Traceback (most recent call last):
  File "/home/pi/env-pysys/lib/python3.7/site-packages/pysys/baserunner.py", line 1292, in __call__
    self.testObj.setup()
  File "/home/pi/actions-runner/_work/thin-edge.io/thin-edge.io/tests/PySys/software_management_end_to_end/sm_apt_install_remove_multiple/run.py", line 52, in setup
    super().setup()
  File "/home/pi/actions-runner/_work/thin-edge.io/thin-edge.io/tests/PySys/software_management_end_to_end/environment_sm_management.py", line 151, in setup
    self.wait_until_end()
  File "/home/pi/actions-runner/_work/thin-edge.io/thin-edge.io/tests/PySys/software_management_end_to_end/environment_sm_management.py", line 332, in wait_until_end
    self.wait_until_status("FAILED", "SUCCESSFUL")
  File "/home/pi/actions-runner/_work/thin-edge.io/thin-edge.io/tests/PySys/software_management_end_to_end/environment_sm_management.py", line 381, in wait_until_status
    "Timeout while waiting for status %s or %s" % (status, status2)
SystemError: Timeout while waiting for status FAILED or SUCCESSFUL
12:00:37 WARN  SystemError: Timeout while waiting for status FAILED or SUCCESSFUL ... blocked 
12:00:37 INFO  
12:00:37 INFO  cleanup:
12:00:41 INFO  Executed sudo&lt;tedge_disconnect_c8y&gt;, exit status 0
12:00:41 INFO  Executed systemctl&lt;serv_mapper5&gt;, exit status 3
12:00:41 INFO  
12:00:41 INFO  Test duration: 165.98 secs
12:00:41 INFO  Test final outcome:  BLOCKED
12:00:41 INFO  Test outcome reason: SystemError: Timeout while waiting for status FAILED or SUCCESSFUL
12:00:41 INFO  
</system-out>
	</testcase>
</testsuite><testsuite name="SoftwareManagement.sm_apt_install_remove_multiple_mixed" tests="3" errors="0" failures="2" skipped="1" time="0"><testcase classname="PySysTest" name="SoftwareManagement.sm_apt_install_remove_multiple_mixed">
		<skipped message="SKIPPED: Testing the apt plugin is not supported on this platform.Use parameter -XmyPlatform='container' to enable it" />
		<system-out>10:53:15 INFO  ==============================================================
[...]
10:41:21 WARN  retry, retrying in 1 seconds...
10:41:22 INFO  log response None
10:41:22 WARN  retry, retrying in 1 seconds...
10:41:23 INFO  log response None
10:41:23 WARN  retry, retrying in 1 seconds...
10:41:24 INFO  log response None
10:41:24 WARN  retry, retrying in 1 seconds...
10:41:25 INFO  log response None
10:41:25 WARN  retry, retrying in 1 seconds...
10:41:27 INFO  log response None
10:41:27 WARN  retry, retrying in 1 seconds...
10:41:28 INFO  log response None
10:41:28 WARN  retry, retrying in 1 seconds...
10:41:29 INFO  log response None
10:41:29 WARN  retry, retrying in 1 seconds...
10:41:30 INFO  log response None
10:41:30 WARN  retry, retrying in 1 seconds...
10:41:32 INFO  log response None
10:41:32 WARN  retry, retrying in 1 seconds...
10:41:33 INFO  log response None
10:41:33 WARN  retry, retrying in 1 seconds...
10:41:34 INFO  log response None
10:41:34 WARN  retry, retrying in 1 seconds...
10:41:35 INFO  log response None
10:41:35 WARN  retry, retrying in 1 seconds...
10:41:36 INFO  log response None
10:41:36 WARN  retry, retrying in 1 seconds...
10:41:38 INFO  log response None
10:41:38 WARN  retry, retrying in 1 seconds...
10:41:39 INFO  log response None
10:41:39 WARN  retry, retrying in 1 seconds...
10:41:40 INFO  log response None
10:41:40 WARN  retry, retrying in 1 seconds...
10:41:41 INFO  log response None
10:41:41 WARN  retry, retrying in 1 seconds...
10:41:43 INFO  log response None
10:41:43 WARN  Exception occurred while running test - retry
Traceback (most recent call last):
  File "/home/pi/env-pysys/lib/python3.7/site-packages/pysys/baserunner.py", line 1296, in __call__
    self.testObj.validate()
  File "/home/pi/actions-runner/_work/thin-edge.io/thin-edge.io/tests/PySys/log_request_end_to_end/log_request_num_lines/run.py", line 44, in validate
    self.assertThat("True == value", value=self.wait_until_logs_retrieved())
  File "/home/pi/env-pysys/lib/python3.7/site-packages/decorator.py", line 232, in fun
    return caller(func, *(extras + args), **kw)
  File "/home/pi/env-pysys/lib/python3.7/site-packages/retry/api.py", line 74, in retry_decorator
    logger)
  File "/home/pi/env-pysys/lib/python3.7/site-packages/retry/api.py", line 33, in __retry_internal
    return f()
  File "/home/pi/actions-runner/_work/thin-edge.io/thin-edge.io/tests/PySys/log_request_end_to_end/log_request_num_lines/run.py", line 52, in wait_until_logs_retrieved
    raise Exception("retry")
Exception: retry
10:41:43 WARN  Exception: retry ... blocked 
10:41:43 INFO  
10:41:43 INFO  cleanup:
10:41:43 INFO  Executed sudo&lt;rm_logs&gt;, exit status 0
10:41:44 INFO  Executed sudo&lt;rm_tmp_logs&gt;, exit status 0
10:41:44 INFO  Executed sudo&lt;send_failed&gt;, exit status 0
10:41:48 INFO  Executed sudo&lt;tedge_disconnect_c8y&gt;, exit status 0
10:41:49 INFO  Executed systemctl&lt;serv_mapper5&gt;, exit status 3
10:41:49 INFO  
10:41:49 INFO  Test duration: 54.54 secs
10:41:49 INFO  Test final outcome:  BLOCKED
10:41:49 INFO  Test outcome reason: Exception: retry
10:41:49 INFO  
</system-out>
	</testcase>
</testsuite><testsuite name="mapper_awaits_before_reconnect" tests="1" errors="0" failures="1" skipped="0" time="0"><testcase classname="MapperReconnectAwait" name="mapper_awaits_before_reconnect">
		<failure message="FAILED: Line count on tedge_mapper_journal.out for &quot;tedge_mapper::core::mapper: MQTT connection error:&quot; expected &gt;=2 but got 0" type="FAILED" />
		<system-out>10:56:20 INFO  ==============================================================
10:56:20 INFO  Id:    mapper_awaits_before_reconnect
10:56:20 INFO  Dir:   tedge_mapper_c8y/
10:56:20 INFO  Title: Validate mapper doesn't reconnect too often
10:56:20 INFO  ==============================================================
10:56:20 INFO  Started mosquitto_sub with process id 14476
10:56:20 INFO  Waiting for 0.1 seconds
10:56:21 INFO  Executed sudo&lt;tedge_mapper&gt;, exit status 0
10:56:21 INFO  Waiting for 5.0 seconds
10:56:27 INFO  Executed sudo&lt;tedge_mapper&gt;, exit status 0
10:56:28 INFO  Executed sudo&lt;tedge_mapper_journal&gt;, exit status 0
10:56:28 WARN  Grep on tedge_mapper_journal.out contains "ERROR" ... failed [run.py:67]
10:56:28 INFO  Line count on file tedge_mapper_journal.out ... passed
10:56:28 WARN  Line count on tedge_mapper_journal.out for "tedge_mapper::core::mapper: MQTT connection error:" expected &gt;=2 but got 0 ... failed [run.py:78]
10:56:28 WARN  Aborted test due to FAILED outcome
10:56:28 INFO  
10:56:28 INFO  Test duration: 7.62 secs
10:56:28 INFO  Test final outcome:  FAILED
10:56:28 INFO  Test outcome reason: Line count on tedge_mapper_journal.out for "tedge_mapper::core::mapper: MQTT connection error:" expected &gt;=2 but got 0
10:56:28 INFO  
</system-out>
	</testcase>
</testsuite><testsuite name="monitoring_smaller_interval" tests="1" errors="0" failures="1" skipped="0" time="0"><testcase classname="MonitoringSmallInterval" name="monitoring_smaller_interval">
		<failure message="BLOCKED: TypeError: 'int' object is not subscriptable" type="BLOCKED" />
		<system-out>10:43:19 INFO  ==============================================================
10:43:19 INFO  Id:    monitoring_smaller_interval
10:43:19 INFO  Dir:   monitoring/
10:43:19 INFO  Title: Validate the tedge dm agent messages that are produced with smaller sampling interval than the batching window. Here the simulated collectd messages are used
10:43:19 INFO  ==============================================================
10:43:19 INFO  Executed sudo&lt;collectd&gt;, exit status 0
10:43:20 INFO  Executed sudo&lt;collectd_mapper&gt;, exit status 0
10:43:20 INFO  Started sudo&lt;tedge_sub&gt; with process id 10663
10:43:20 INFO  Executed sudo&lt;tedge_temp&gt;, exit status 0
10:43:21 INFO  Executed sudo&lt;tedge_pres&gt;, exit status 0
10:43:22 INFO  Executed sudo&lt;tedge_temp&gt;, exit status 0
10:43:22 INFO  Executed sudo&lt;tedge_pres&gt;, exit status 0
10:43:23 INFO  Executed sudo&lt;tedge_temp&gt;, exit status 0
10:43:23 INFO  Executed sudo&lt;tedge_pres&gt;, exit status 0
10:43:24 INFO  Executed sudo&lt;tedge_temp&gt;, exit status 0
10:43:24 INFO  Executed sudo&lt;tedge_pres&gt;, exit status 0
10:43:25 INFO  Executed sudo&lt;tedge_temp&gt;, exit status 0
10:43:26 INFO  Executed sudo&lt;tedge_pres&gt;, exit status 0
10:43:26 INFO  Executed sudo&lt;tedge_temp&gt;, exit status 0
10:43:27 INFO  Executed sudo&lt;tedge_pres&gt;, exit status 0
10:43:27 INFO  Executed sudo&lt;tedge_temp&gt;, exit status 0
10:43:28 INFO  Executed sudo&lt;tedge_pres&gt;, exit status 0
10:43:28 INFO  Executed sudo&lt;tedge_temp&gt;, exit status 0
10:43:29 INFO  Executed sudo&lt;tedge_pres&gt;, exit status 0
10:43:30 INFO  Executed sudo&lt;tedge_temp&gt;, exit status 0
10:43:30 INFO  Executed sudo&lt;tedge_pres&gt;, exit status 0
10:43:31 INFO  Executed sudo&lt;tedge_temp&gt;, exit status 0
10:43:31 INFO  Executed sudo&lt;tedge_pres&gt;, exit status 0
10:43:33 INFO  Executed sudo&lt;kill_out&gt;, exit status 0
10:43:33 INFO  0

10:43:33 WARN  TypeError occurred while running test - 'int' object is not subscriptable
Traceback (most recent call last):
  File "/home/pi/env-pysys/lib/python3.7/site-packages/pysys/baserunner.py", line 1296, in __call__
    self.testObj.validate()
  File "/home/pi/actions-runner/_work/thin-edge.io/thin-edge.io/tests/PySys/monitoring/monitoring_smaller_interval/run.py", line 104, in validate
    collectd_msg_validation_result=self.validate_json(),
  File "/home/pi/actions-runner/_work/thin-edge.io/thin-edge.io/tests/PySys/monitoring/monitoring_smaller_interval/run.py", line 114, in validate_json
    if not self.validate_time():
  File "/home/pi/actions-runner/_work/thin-edge.io/thin-edge.io/tests/PySys/monitoring/monitoring_smaller_interval/run.py", line 134, in validate_time
    if self.js_msg["time"]:
TypeError: 'int' object is not subscriptable
10:43:33 WARN  TypeError: 'int' object is not subscriptable ... blocked 
10:43:33 INFO  
10:43:33 INFO  cleanup:
10:43:33 INFO  monitoring_cleanup
10:43:34 INFO  Executed sudo&lt;collectd_mapper&gt;, exit status 0
10:43:34 INFO  
10:43:34 INFO  Test duration: 15.04 secs
10:43:34 INFO  Test final outcome:  BLOCKED
10:43:34 INFO  Test outcome reason: TypeError: 'int' object is not subscriptable
10:43:34 INFO  
</system-out>
	</testcase>
</testsuite><testsuite name="monitoring_with_collectd" tests="1" errors="0" failures="0" skipped="1" time="0"><testcase classname="MonitoringWithCollectd" name="monitoring_with_collectd">
		<skipped message="SKIPPED: Test execution disabled due to #792 (instable)" />
		<system-out>10:43:34 INFO  ==============================================================
10:43:34 INFO  Id:    monitoring_with_collectd
10:43:34 INFO  Dir:   monitoring/
10:43:34 INFO  Title: Validate tedge dm agent messages that are produced by batching the collectd messages
10:43:34 INFO  ==============================================================
10:43:34 INFO  Test execution disabled due to #792 (instable) ... skipped
10:43:34 INFO  
10:43:34 INFO  Test duration: 0.02 secs
10:43:34 INFO  Test final outcome:  SKIPPED
10:43:34 INFO  Test outcome reason: Test execution disabled due to #792 (instable)
10:43:34 INFO  
</system-out>
	</testcase>
</testsuite><testsuite name="monitoring_with_simulated_messages" tests="1" errors="0" failures="1" skipped="0" time="0"><testcase classname="MonitoringWithSimulatedMessages" name="monitoring_with_simulated_messages">
		<failure message="BLOCKED: TypeError: 'int' object is not subscriptable" type="BLOCKED" />
		<system-out>10:43:34 INFO  ==============================================================
10:43:34 INFO  Id:    monitoring_with_simulated_messages
10:43:34 INFO  Dir:   monitoring/
10:43:34 INFO  Title: Validate the tedge dm agent messages that are produced from the simulated collectd messages
10:43:34 INFO  ==============================================================
10:43:34 INFO  Executed sudo&lt;collectd&gt;, exit status 0
10:43:35 INFO  Executed sudo&lt;collectd_mapper&gt;, exit status 0
10:43:35 INFO  Started sudo&lt;tedge_sub&gt; with process id 10721
10:43:35 INFO  Executed sudo&lt;tedge_temp&gt;, exit status 0
10:43:36 INFO  Executed sudo&lt;tedge_pres&gt;, exit status 0
10:43:37 INFO  Executed sudo&lt;kill_out&gt;, exit status 0
10:43:37 INFO  0

10:43:37 WARN  TypeError occurred while running test - 'int' object is not subscriptable
Traceback (most recent call last):
  File "/home/pi/env-pysys/lib/python3.7/site-packages/pysys/baserunner.py", line 1296, in __call__
    self.testObj.validate()
  File "/home/pi/actions-runner/_work/thin-edge.io/thin-edge.io/tests/PySys/monitoring/monitoring_with_simulated_messages/run.py", line 98, in validate
    collectd_msg_validation_result=self.validate_json(),
  File "/home/pi/actions-runner/_work/thin-edge.io/thin-edge.io/tests/PySys/monitoring/monitoring_with_simulated_messages/run.py", line 108, in validate_json
    if not self.validate_time():
  File "/home/pi/actions-runner/_work/thin-edge.io/thin-edge.io/tests/PySys/monitoring/monitoring_with_simulated_messages/run.py", line 127, in validate_time
    if self.js_msg["time"]:
TypeError: 'int' object is not subscriptable
10:43:38 WARN  TypeError: 'int' object is not subscriptable ... blocked 
10:43:38 INFO  
10:43:38 INFO  cleanup:
10:43:38 INFO  monitoring_cleanup
10:43:38 INFO  Executed sudo&lt;collectd_mapper&gt;, exit status 0
10:43:38 INFO  
10:43:38 INFO  Test duration: 4.45 secs
10:43:38 INFO  Test final outcome:  BLOCKED
10:43:38 INFO  Test outcome reason: TypeError: 'int' object is not subscriptable
10:43:38 INFO  
</system-out>
	</testcase>
</testsuite><testsuite name="mqtt_port_change_connection_fails" tests="1" errors="0" failures="0" skipped="0" time="0"><testcase classname="MqttPortChangeConnectionFails" name="mqtt_port_change_connection_fails" />
</testsuite><testsuite name="mqtt_port_change_connection_works" tests="1" errors="0" failures="0" skipped="1" time="0"><testcase classname="MqttPortChangeConnectionWorks" name="mqtt_port_change_connection_works">
		<skipped message="SKIPPED: failing intermitently" />
		<system-out>10:42:24 INFO  ==============================================================
10:42:24 INFO  Id:    mqtt_port_change_connection_works
10:42:24 INFO  Dir:   misc_features/
10:42:24 INFO  Title: mqtt port change connection works for all the thin-edge services that use the mosquitto broker
10:42:24 INFO  ==============================================================
10:42:24 INFO  failing intermitently ... skipped
10:42:24 INFO  
10:42:24 INFO  Test duration: 0.02 secs
10:42:24 INFO  Test final outcome:  SKIPPED
10:42:24 INFO  Test outcome reason: failing intermitently
10:42:24 INFO  
</system-out>
	</testcase>
</testsuite><testsuite name="mqtt_port_set" tests="1" errors="0" failures="0" skipped="0" time="0"><testcase classname="MqttPortSet" name="mqtt_port_set" />
</testsuite><testsuite name="mqtt_port_unset" tests="1" errors="0" failures="0" skipped="0" time="0"><testcase classname="MqttPortUnSet" name="mqtt_port_unset" />
</testsuite><testsuite name="publish_flux" tests="1" errors="0" failures="0" skipped="0" time="0"><testcase classname="PublishFlux" name="publish_flux" />
</testsuite><testsuite name="publish_sawmill" tests="1" errors="0" failures="0" skipped="0" time="0"><testcase classname="PublishSawmill" name="publish_sawmill" />
</testsuite><testsuite name="runtime_start_two_mappers" tests="1" errors="0" failures="0" skipped="0" time="0"><testcase classname="RuntimeMultiMappers" name="runtime_start_two_mappers" />
</testsuite><testsuite name="sm_tedge_mapper_init_session" tests="1" errors="0" failures="0" skipped="0" time="0"><testcase classname="TedgeSMMapperInitSession" name="sm_tedge_mapper_init_session" />
</testsuite><testsuite name="smoketest_json" tests="1" errors="0" failures="0" skipped="0" time="0"><testcase classname="SmokeTestJson" name="smoketest_json" />
</testsuite><testsuite name="smoketest_json_400_samples_10ms" tests="1" errors="0" failures="0" skipped="0" time="0"><testcase classname="SmoketestJson400Samples10ms" name="smoketest_json_400_samples_10ms" />
</testsuite><testsuite name="smoketest_json_400_samples_20ms" tests="1" errors="0" failures="0" skipped="0" time="0"><testcase classname="SmoketestJson400Samples20ms" name="smoketest_json_400_samples_20ms" />
</testsuite><testsuite name="smoketest_smartrest" tests="1" errors="0" failures="0" skipped="0" time="0"><testcase classname="SmoketestSmartRest" name="smoketest_smartrest" />
</testsuite><testsuite name="smoketest_smartrest_400_samples_1Xms" tests="1" errors="0" failures="0" skipped="0" time="0"><testcase classname="SmoketestSmartRest400Samples1Xms" name="smoketest_smartrest_400_samples_1Xms" />
</testsuite><testsuite name="smoketest_smartrest_400_samples_20ms" tests="1" errors="0" failures="0" skipped="0" time="0"><testcase classname="SmoketestSmartRest400Samples20ms" name="smoketest_smartrest_400_samples_20ms" />
</testsuite><testsuite name="tedge_agent_user_sudo_access" tests="1" errors="0" failures="0" skipped="1" time="0"><testcase classname="TedgeAgentUserSudoAccess" name="tedge_agent_user_sudo_access">
		<skipped message="SKIPPED: #955 Observation: Exit code of the apt plugin when called with no arguments" />
		<system-out>10:53:42 INFO  ==============================================================
10:53:42 INFO  Id:    tedge_agent_user_sudo_access
10:53:42 INFO  Dir:   tedge/
10:53:42 INFO  Title: Validate tedge-agent user has a limited sudo right
10:53:42 INFO  ==============================================================
10:53:42 INFO  #955 Observation: Exit code of the apt plugin when called with no arguments ... skipped
10:53:42 INFO  
10:53:42 INFO  Test duration: 0.02 secs
10:53:42 INFO  Test final outcome:  SKIPPED
10:53:42 INFO  Test outcome reason: #955 Observation: Exit code of the apt plugin when called with no arguments
10:53:42 INFO  
</system-out>
	</testcase>
</testsuite><testsuite name="tedge_connect_test_negative" tests="1" errors="0" failures="0" skipped="0" time="0"><testcase classname="TedgeConnectTestNegative" name="tedge_connect_test_negative" />
</testsuite><testsuite name="tedge_connect_test_positive" tests="1" errors="0" failures="0" skipped="0" time="0"><testcase classname="TedgeConnectTestPositive" name="tedge_connect_test_positive" />
</testsuite><testsuite name="tedge_connect_test_sm_services" tests="1" errors="0" failures="0" skipped="0" time="0"><testcase classname="TedgeConnectTestSMServices" name="tedge_connect_test_sm_services" />
</testsuite><testsuite name="tedge_disconnect_test_sm_services" tests="1" errors="0" failures="0" skipped="0" time="0"><testcase classname="TedgeDisConnectTestSMServices" name="tedge_disconnect_test_sm_services" />
</testsuite><testsuite name="tedge_mapper_az_negative" tests="1" errors="0" failures="0" skipped="0" time="0"><testcase classname="TedgeMapperAzError" name="tedge_mapper_az_negative" />
</testsuite><testsuite name="tedge_mapper_az_with_timestamp" tests="1" errors="0" failures="0" skipped="0" time="0"><testcase classname="TedgeMapperAzWithTimestamp" name="tedge_mapper_az_with_timestamp" />
</testsuite><testsuite name="tedge_mapper_az_without_timestamp" tests="1" errors="0" failures="0" skipped="0" time="0"><testcase classname="TedgeMapperAzWithoutTimestamp" name="tedge_mapper_az_without_timestamp" />
</testsuite><testsuite name="tedge_mapper_c8y_alarms" tests="1" errors="0" failures="0" skipped="0" time="0"><testcase classname="TedgeMapperC8yAlarm" name="tedge_mapper_c8y_alarms" />
</testsuite><testsuite name="tedge_mapper_c8y_child_device_measurement" tests="1" errors="0" failures="0" skipped="0" time="0"><testcase classname="TedgeMapperC8yChildDevice" name="tedge_mapper_c8y_child_device_measurement" />
</testsuite><testsuite name="tedge_mapper_c8y_packet_threshold_size" tests="1" errors="0" failures="1" skipped="0" time="0"><testcase classname="TedgeMapperC8yThresholdPacketSize" name="tedge_mapper_c8y_packet_threshold_size">
		<failure message="FAILED: Grep on tedge_sub.out contains &quot;The size of the message received on tedge/measurements is 20489 which is greater than the threshold size of 16184.&quot;" type="FAILED" />
		<system-out>10:58:06 INFO  ==============================================================
10:58:06 INFO  Id:    tedge_mapper_c8y_packet_threshold_size
10:58:06 INFO  Dir:   tedge_mapper_c8y/
10:58:06 INFO  Title: Validate the Cumulocity Mapper accepted threshold packet size when it receives a message on tedge/measurements
10:58:06 INFO  ==============================================================
10:58:07 INFO  Executed sudo&lt;tedge_mapper_c8y&gt;, exit status 0
10:58:07 INFO  Started sudo&lt;tedge_sub&gt; with process id 15084
10:58:07 INFO  Executed sudo&lt;tedge_msg&gt;, exit status 0
10:58:08 INFO  Executed sudo&lt;tedge_pub&gt;, exit status 0
10:58:08 INFO  Executed sudo&lt;kill_out&gt;, exit status 0
10:58:08 WARN  Grep on tedge_sub.out contains "The size of the message received on tedge/measurements is 20489 which is greater than the threshold size of 16184." ... failed [run.py:88]
10:58:08 INFO  
10:58:08 INFO  cleanup:
10:58:08 INFO  mapper_cleanup
10:58:09 INFO  Executed sudo&lt;tedge_mapper_c8y&gt;, exit status 0
10:58:09 INFO  
10:58:09 INFO  Test duration: 3.08 secs
10:58:09 INFO  Test final outcome:  FAILED
10:58:09 INFO  Test outcome reason: Grep on tedge_sub.out contains "The size of the message received on tedge/measurements is 20489 which is greater than the threshold size of 16184."
10:58:09 INFO  
</system-out>
	</testcase>
</testsuite><testsuite name="tedge_software_update" tests="1" errors="0" failures="0" skipped="0" time="0"><testcase classname="PySysTest" name="tedge_software_update" />
</testsuite><testsuite name="valid_device_id" tests="1" errors="0" failures="0" skipped="0" time="0"><testcase classname="ValidateValidDeviceId" name="valid_device_id" />
</testsuite></testsuites>