<?xml version='1.0' encoding='utf-8'?>
<testsuites tests="139" failures="17" errors="0" skipped="45" time="0.0"><testsuite name="SoftwareManagement.Plugin.apama_plugin_install" tests="3" errors="0" failures="0" skipped="1" time="0"><testcase classname="ApamaPluginInstallTest" name="SoftwareManagement.Plugin.apama_plugin_install">
		<skipped message="SKIPPED: Apama plugin tests are disabled by default. Execute `pysys run` with `-XmyPlatform=container` to run these tests" />
		<system-out>06:57:41 INFO  ==============================================================
06:57:41 INFO  Id:    SoftwareManagement.Plugin.apama_plugin_install
06:57:41 INFO  Dir:   plugin_apama/
06:57:41 INFO  Title: Validate apama plugin install
06:57:41 INFO  ==============================================================
06:57:41 INFO  Apama plugin tests are disabled by default. Execute `pysys run` with `-XmyPlatform=container` to run these tests ... skipped
06:57:41 WARN  Aborted test due to SKIPPED outcome
06:57:41 INFO  
06:57:41 INFO  Test duration: 0.05 secs
06:57:41 INFO  Test final outcome:  SKIPPED
06:57:41 INFO  Test outcome reason: Apama plugin tests are disabled by default. Execute `pysys run` with `-XmyPlatform=container` to run these tests
06:57:41 INFO  
</system-out>
	</testcase>
<testcase classname="ApamaPluginInstallTest" name="SoftwareManagement.Plugin.apama_plugin_install" />
<testcase classname="ApamaPluginInstallTest" name="SoftwareManagement.Plugin.apama_plugin_install" />
</testsuite><testsuite name="SoftwareManagement.Plugin.apama_plugin_mon_support" tests="3" errors="0" failures="0" skipped="1" time="0"><testcase classname="ApamaPluginMonSupportTest" name="SoftwareManagement.Plugin.apama_plugin_mon_support">
		<skipped message="SKIPPED: Apama plugin tests are disabled by default. Execute `pysys run` with `-XmyPlatform=container` to run these tests" />
		<system-out>06:57:41 INFO  ==============================================================
06:57:41 INFO  Id:    SoftwareManagement.Plugin.apama_plugin_mon_support
06:57:41 INFO  Dir:   plugin_apama/
06:57:41 INFO  Title: Validate mon file support of apama plugin
06:57:41 INFO  ==============================================================
06:57:41 INFO  Apama plugin tests are disabled by default. Execute `pysys run` with `-XmyPlatform=container` to run these tests ... skipped
06:57:41 WARN  Aborted test due to SKIPPED outcome
06:57:42 INFO  
06:57:42 INFO  Test duration: 0.02 secs
06:57:42 INFO  Test final outcome:  SKIPPED
06:57:42 INFO  Test outcome reason: Apama plugin tests are disabled by default. Execute `pysys run` with `-XmyPlatform=container` to run these tests
06:57:42 INFO  
</system-out>
	</testcase>
<testcase classname="ApamaPluginMonSupportTest" name="SoftwareManagement.Plugin.apama_plugin_mon_support" />
<testcase classname="ApamaPluginMonSupportTest" name="SoftwareManagement.Plugin.apama_plugin_mon_support" />
</testsuite><testsuite name="SoftwareManagement.Plugin.apama_plugin_remove" tests="3" errors="0" failures="0" skipped="1" time="0"><testcase classname="ApamaPluginRemoveTest" name="SoftwareManagement.Plugin.apama_plugin_remove">
		<skipped message="SKIPPED: Apama plugin tests are disabled by default. Execute `pysys run` with `-XmyPlatform=container` to run these tests" />
		<system-out>06:57:42 INFO  ==============================================================
06:57:42 INFO  Id:    SoftwareManagement.Plugin.apama_plugin_remove
06:57:42 INFO  Dir:   plugin_apama/
06:57:42 INFO  Title: Validate apama plugin remove
06:57:42 INFO  ==============================================================
06:57:42 INFO  Apama plugin tests are disabled by default. Execute `pysys run` with `-XmyPlatform=container` to run these tests ... skipped
06:57:42 WARN  Aborted test due to SKIPPED outcome
06:57:42 INFO  
06:57:42 INFO  Test duration: 0.02 secs
06:57:42 INFO  Test final outcome:  SKIPPED
06:57:42 INFO  Test outcome reason: Apama plugin tests are disabled by default. Execute `pysys run` with `-XmyPlatform=container` to run these tests
06:57:42 INFO  
</system-out>
	</testcase>
<testcase classname="ApamaPluginRemoveTest" name="SoftwareManagement.Plugin.apama_plugin_remove" />
<testcase classname="ApamaPluginRemoveTest" name="SoftwareManagement.Plugin.apama_plugin_remove" />
</testsuite><testsuite name="SoftwareManagement.Plugin.apama_plugin_update" tests="3" errors="0" failures="2" skipped="1" time="0"><testcase classname="ApamaPluginUpdateTest" name="SoftwareManagement.Plugin.apama_plugin_update">
		<skipped message="SKIPPED: Apama plugin tests are disabled by default. Execute `pysys run` with `-XmyPlatform=container` to run these tests" />
		<system-out>06:57:42 INFO  ==============================================================
06:57:42 INFO  Id:    SoftwareManagement.Plugin.apama_plugin_update
06:57:42 INFO  Dir:   plugin_apama/
06:57:42 INFO  Title: Validate apama plugin updating one project with another
06:57:42 INFO  ==============================================================
06:57:42 INFO  Apama plugin tests are disabled by default. Execute `pysys run` with `-XmyPlatform=container` to run these tests ... skipped
06:57:42 WARN  Aborted test due to SKIPPED outcome
06:57:42 INFO  
06:57:42 INFO  Test duration: 0.02 secs
06:57:42 INFO  Test final outcome:  SKIPPED
06:57:42 INFO  Test outcome reason: Apama plugin tests are disabled by default. Execute `pysys run` with `-XmyPlatform=container` to run these tests
06:57:42 INFO  
</system-out>
	</testcase>
<testcase classname="ApamaPluginUpdateTest" name="SoftwareManagement.Plugin.apama_plugin_update">
		<failure message="BLOCKED: sudo&lt;plugin_install&gt; returned non-zero exit code 2" type="BLOCKED" />
		<system-out>07:48:55 INFO  ==============================================================
07:48:55 INFO  Id:    SoftwareManagement.Plugin.apama_plugin_update
07:48:55 INFO  Dir:   plugin_apama/
07:48:55 INFO  Title: Validate apama plugin updating one project with another
07:48:55 INFO  ==============================================================
07:48:55 INFO  Assertion that path exists=False for "/etc/tedge/apama/project" ... passed
07:48:55 INFO  Executed sudo&lt;create_project_dir&gt;, exit status 0
07:48:56 INFO  Executed sudo&lt;unzip_apama_project&gt;, exit status 0
07:48:57 INFO  Executed sudo&lt;move_apama_project&gt;, exit status 0
07:48:58 INFO  Executed sudo&lt;restart_apama_service&gt;, exit status 0
07:48:58 INFO  Executed sudo&lt;apama_correlator_wait&gt;, exit status 0
07:48:58 INFO  Assertion that path exists=True for "/etc/tedge/apama/project" ... passed
07:48:59 INFO  Executed sudo&lt;apama_list_monitors&gt;, exit status 0
07:48:59 INFO  Grep on file /home/pi/actions-runner/_work/thin-edge.io/thin-edge.io/tests/PySys/plugin_apama/apama_plugin_update/Output/linux/apama_list_monitors.out ... passed
07:49:00 WARN  Executed sudo&lt;plugin_install&gt;, exit status 2
07:49:00 INFO  Contents of plugin_install.err: 
  ERROR: Directory not empty (os error 39)
  -----

07:49:00 WARN  sudo&lt;plugin_install&gt; returned non-zero exit code 2 ... blocked [run.py:35]
07:49:00 WARN  Aborted test due to BLOCKED outcome
07:49:00 INFO  
07:49:00 INFO  cleanup:
07:49:00 INFO  Removing apama project
07:49:15 INFO  Executed sudo&lt;stop_apama_service&gt;, exit status 0, duration 15 secs
07:49:16 INFO  Executed sudo&lt;remove_apama_project&gt;, exit status 0
07:49:16 INFO  Executed sudo&lt;remove_apama_tmp_dir&gt;, exit status 0
07:49:16 INFO  
07:49:16 INFO  Test duration: 21.29 secs
07:49:16 INFO  Test final outcome:  BLOCKED
07:49:16 INFO  Test outcome reason: sudo&lt;plugin_install&gt; returned non-zero exit code 2
07:49:16 INFO  
</system-out>
	</testcase>
<testcase classname="ApamaPluginUpdateTest" name="SoftwareManagement.Plugin.apama_plugin_update">
		<failure message="BLOCKED: sudo&lt;plugin_install&gt; returned non-zero exit code 2" type="BLOCKED" />
		<system-out>07:57:36 INFO  ==============================================================
07:57:36 INFO  Id:    SoftwareManagement.Plugin.apama_plugin_update
07:57:36 INFO  Dir:   plugin_apama/
07:57:36 INFO  Title: Validate apama plugin updating one project with another
07:57:36 INFO  ==============================================================
07:57:36 INFO  Assertion that path exists=False for "/etc/tedge/apama/project" ... passed
07:57:37 INFO  Executed sudo&lt;create_project_dir&gt;, exit status 0
07:57:38 INFO  Executed sudo&lt;unzip_apama_project&gt;, exit status 0
07:57:38 INFO  Executed sudo&lt;move_apama_project&gt;, exit status 0
07:57:39 INFO  Executed sudo&lt;restart_apama_service&gt;, exit status 0
07:57:40 INFO  Executed sudo&lt;apama_correlator_wait&gt;, exit status 0
07:57:40 INFO  Assertion that path exists=True for "/etc/tedge/apama/project" ... passed
07:57:40 INFO  Executed sudo&lt;apama_list_monitors&gt;, exit status 0
07:57:40 INFO  Grep on file /home/pi/actions-runner/_work/thin-edge.io/thin-edge.io/tests/PySys/plugin_apama/apama_plugin_update/Output/linux/apama_list_monitors.out ... passed
07:57:41 WARN  Executed sudo&lt;plugin_install&gt;, exit status 2
07:57:41 INFO  Contents of plugin_install.err: 
  ERROR: Directory not empty (os error 39)
  -----

07:57:41 WARN  sudo&lt;plugin_install&gt; returned non-zero exit code 2 ... blocked [run.py:35]
07:57:41 WARN  Aborted test due to BLOCKED outcome
07:57:41 INFO  
07:57:41 INFO  cleanup:
07:57:41 INFO  Removing apama project
07:57:57 INFO  Executed sudo&lt;stop_apama_service&gt;, exit status 0, duration 15 secs
07:57:57 INFO  Executed sudo&lt;remove_apama_project&gt;, exit status 0
07:57:58 INFO  Executed sudo&lt;remove_apama_tmp_dir&gt;, exit status 0
07:57:58 INFO  
07:57:58 INFO  Test duration: 21.46 secs
07:57:58 INFO  Test final outcome:  BLOCKED
07:57:58 INFO  Test outcome reason: sudo&lt;plugin_install&gt; returned non-zero exit code 2
07:57:58 INFO  
</system-out>
	</testcase>
</testsuite><testsuite name="SoftwareManagement.sm_apt_install_download_path" tests="3" errors="0" failures="2" skipped="1" time="0"><testcase classname="AptInstallWithDownloadPath" name="SoftwareManagement.sm_apt_install_download_path">
		<skipped message="SKIPPED: Testing the apt plugin is not supported on this platform.Use parameter -XmyPlatform='container' to enable it" />
		<system-out>07:07:16 INFO  ==============================================================
07:07:16 INFO  Id:    SoftwareManagement.sm_apt_install_download_path
07:07:16 INFO  Dir:   software_management_end_to_end/
07:07:16 INFO  Title: Install package to directory specified in tedge config set tmp.path
07:07:16 INFO  ==============================================================
07:07:16 INFO  Testing the apt plugin is not supported on this platform.Use parameter -XmyPlatform='container' to enable it ... skipped
07:07:16 WARN  Aborted test due to SKIPPED outcome
07:07:16 INFO  
07:07:16 INFO  Test duration: 0.07 secs
07:07:16 INFO  Test final outcome:  SKIPPED
07:07:16 INFO  Test outcome reason: Testing the apt plugin is not supported on this platform.Use parameter -XmyPlatform='container' to enable it
07:07:16 INFO  
</system-out>
	</testcase>
<testcase classname="AptInstallWithDownloadPath" name="SoftwareManagement.sm_apt_install_download_path">
		<failure message="BLOCKED: AssertionError:" type="BLOCKED" />
		<system-out>07:30:56 INFO  ==============================================================
07:30:56 INFO  Id:    SoftwareManagement.sm_apt_install_download_path
07:30:56 INFO  Dir:   software_management_end_to_end/
07:30:56 INFO  Title: Install package to directory specified in tedge config set tmp.path
07:30:56 INFO  ==============================================================
07:30:56 INFO  Using sw id database: {'asciijump': '5475369', 'robotfindskitten': '5474869', 'squirrel3': '5475279', 'rolldice': '5152439', 'moon-buggy': '5439204', 'apple': '5495053', 'banana': '5494888', 'cherry': '5495382', 'watermelon': '5494510', 'registry': '8018911', 'hello-world': '8021526', 'docker/getting-started': '8021973', 'alpine': '7991792'}
07:30:56 INFO  EnvironmentC8y Setup
07:30:57 INFO  Executed systemctl&lt;serv_mapper1&gt;, exit status 3
07:31:11 INFO  Executed sudo&lt;tedge_connect_c8y&gt;, exit status 0, duration 14 secs
07:31:13 INFO  Executed sudo&lt;tedge_connect_c8y_test&gt;, exit status 0
07:31:14 INFO  Executed systemctl&lt;serv_mosq2&gt;, exit status 0
07:31:15 INFO  Executed systemctl&lt;serv_mapper3&gt;, exit status 0
07:31:17 ERROR No operations found, assuming it passed
07:31:17 INFO  Assert that (False == value) with value=False ... passed
07:31:18 INFO  Executed sudo, exit status 0
07:31:18 INFO  Executed sudo, exit status 0
07:31:19 INFO  Executed sudo, exit status 0
07:31:23 INFO  Executed sudo&lt;tedge_disconnect_c8y&gt;, exit status 0
07:31:23 INFO  Restarting mosquitto too frequently in the last 10 seconds. It was only up for 3 seconds
07:31:23 INFO  Delaying execution by 8 seconds
07:31:45 INFO  Executed sudo&lt;tedge_connect_c8y&gt;, exit status 0, duration 13 secs
07:31:45 INFO  Response status: 201
07:31:45 INFO  Response to action: {
    "delivery": {
        "log": [],
        "time": "2022-06-09T07:31:45.484Z",
        "status": "PENDING"
    },
    "creationTime": "2022-06-09T07:31:45.462Z",
    "deviceId": "20070102",
    "deviceName": "m32sd10d",
    "self": "https://t493319102.eu-latest.cumulocity.com/devicecontrol/operations/20084145",
    "id": "20084145",
    "status": "PENDING",
    "description": "Apply software changes, triggered from PySys: [{'name': 'rolldice', 'id': '5152439', 'version': '::apt', 'url': 'https://thin-edge-io.eu-latest.cumulocity.com/inventory/binaries/12435463', 'action': 'install'}]",
    "c8y_SoftwareUpdate": [
        {
            "name": "rolldice",
            "action": "install",
            "id": "5152439",
            "version": "::apt",
            "url": "https://thin-edge-io.eu-latest.cumulocity.com/inventory/binaries/12435463"
        }
    ]
}
07:31:45 INFO  Started operation: {'delivery': {'log': [], 'time': '2022-06-09T07:31:45.484Z', 'status': 'PENDING'}, 'creationTime': '2022-06-09T07:31:45.462Z', 'deviceId': '20070102', 'deviceName': 'm32sd10d', 'self': 'https://t493319102.eu-latest.cumulocity.com/devicecontrol/operations/20084145', 'id': '20084145', 'status': 'PENDING', 'description': "Apply software changes, triggered from PySys: [{'name': 'rolldice', 'id': '5152439', 'version': '::apt', 'url': 'https://thin-edge-io.eu-latest.cumulocity.com/inventory/binaries/12435463', 'action': 'install'}]", 'c8y_SoftwareUpdate': [{'name': 'rolldice', 'action': 'install', 'id': '5152439', 'version': '::apt', 'url': 'https://thin-edge-io.eu-latest.cumulocity.com/inventory/binaries/12435463'}]}
07:31:45 WARN  , retrying in 0.5 seconds...
07:31:46 WARN  , retrying in 0.5 seconds...
07:31:46 WARN  , retrying in 0.5 seconds...
07:31:47 WARN  , retrying in 0.5 seconds...
07:31:47 WARN  , retrying in 0.5 seconds...
07:31:48 WARN  , retrying in 0.5 seconds...
07:31:48 WARN  , retrying in 0.5 seconds...
07:31:49 WARN  , retrying in 0.5 seconds...
07:31:49 WARN  , retrying in 0.5 seconds...
07:31:50 WARN  AssertionError occurred while running test - 
Traceback (most recent call last):
  File "/home/pi/env-pysys/lib/python3.7/site-packages/pysys/baserunner.py", line 1294, in __call__
    self.testObj.execute()
  File "/home/pi/actions-runner/_work/thin-edge.io/thin-edge.io/tests/PySys/software_management_end_to_end/sm_apt_install_download_path/run.py", line 83, in execute
    assert_install_in_download_path(install_directory=self.DOWNLOAD_DIR)
  File "/home/pi/env-pysys/lib/python3.7/site-packages/decorator.py", line 232, in fun
    return caller(func, *(extras + args), **kw)
  File "/home/pi/env-pysys/lib/python3.7/site-packages/retry/api.py", line 74, in retry_decorator
    logger)
  File "/home/pi/env-pysys/lib/python3.7/site-packages/retry/api.py", line 33, in __retry_internal
    return f()
  File "/home/pi/actions-runner/_work/thin-edge.io/thin-edge.io/tests/PySys/software_management_end_to_end/sm_apt_install_download_path/run.py", line 28, in assert_install_in_download_path
    assert "rolldice" in os.listdir(f"{install_directory}")
AssertionError
07:31:50 WARN  AssertionError: ... blocked 
07:31:50 INFO  
07:31:50 INFO  cleanup:
07:31:51 INFO  Executed sudo, exit status 0
07:31:51 INFO  Executed sudo, exit status 0
07:31:55 INFO  Executed sudo&lt;tedge_disconnect_c8y&gt;, exit status 0
07:31:56 INFO  Restarting mosquitto too frequently in the last 10 seconds. It was only up for 3 seconds
07:31:56 INFO  Delaying execution by 8 seconds
07:32:18 INFO  Executed sudo&lt;tedge_connect_c8y&gt;, exit status 0, duration 14 secs
07:32:22 INFO  Executed sudo&lt;tedge_disconnect_c8y&gt;, exit status 0
07:32:23 INFO  Executed systemctl&lt;serv_mapper5&gt;, exit status 3
07:32:23 INFO  
07:32:23 INFO  Test duration: 86.83 secs
07:32:23 INFO  Test final outcome:  BLOCKED
07:32:23 INFO  Test outcome reason: AssertionError:
07:32:23 INFO  
</system-out>
	</testcase>
<testcase classname="AptInstallWithDownloadPath" name="SoftwareManagement.sm_apt_install_download_path">
		<failure message="BLOCKED: AssertionError:" type="BLOCKED" />
		<system-out>07:57:58 INFO  ==============================================================
07:57:58 INFO  Id:    SoftwareManagement.sm_apt_install_download_path
07:57:58 INFO  Dir:   software_management_end_to_end/
07:57:58 INFO  Title: Install package to directory specified in tedge config set tmp.path
07:57:58 INFO  ==============================================================
07:57:59 INFO  Using sw id database: {'asciijump': '5475369', 'robotfindskitten': '5474869', 'squirrel3': '5475279', 'rolldice': '5152439', 'moon-buggy': '5439204', 'apple': '5495053', 'banana': '5494888', 'cherry': '5495382', 'watermelon': '5494510', 'registry': '8018911', 'hello-world': '8021526', 'docker/getting-started': '8021973', 'alpine': '7991792'}
07:57:59 INFO  EnvironmentC8y Setup
07:58:00 INFO  Executed systemctl&lt;serv_mapper1&gt;, exit status 3
07:58:14 INFO  Executed sudo&lt;tedge_connect_c8y&gt;, exit status 0, duration 14 secs
07:58:15 INFO  Executed sudo&lt;tedge_connect_c8y_test&gt;, exit status 0
07:58:15 INFO  Executed systemctl&lt;serv_mosq2&gt;, exit status 0
07:58:16 INFO  Executed systemctl&lt;serv_mapper3&gt;, exit status 0
07:58:18 INFO  State of current operation: SUCCESSFUL
07:58:18 INFO  Assert that (False == value) with value=False ... passed
07:58:19 INFO  Executed sudo, exit status 0
07:58:19 INFO  Executed sudo, exit status 0
07:58:20 INFO  Executed sudo, exit status 0
07:58:24 INFO  Executed sudo&lt;tedge_disconnect_c8y&gt;, exit status 0
07:58:24 INFO  Restarting mosquitto too frequently in the last 10 seconds. It was only up for 3 seconds
07:58:24 INFO  Delaying execution by 8 seconds
07:58:46 INFO  Executed sudo&lt;tedge_connect_c8y&gt;, exit status 0, duration 13 secs
07:58:46 INFO  Response status: 201
07:58:46 INFO  Response to action: {
    "creationTime": "2022-06-09T07:58:46.322Z",
    "deviceId": "20070102",
    "deviceName": "m32sd10d",
    "self": "https://t493319102.eu-latest.cumulocity.com/devicecontrol/operations/20084619",
    "id": "20084619",
    "status": "PENDING",
    "description": "Apply software changes, triggered from PySys: [{'name': 'rolldice', 'id': '5152439', 'version': '::apt', 'url': 'https://thin-edge-io.eu-latest.cumulocity.com/inventory/binaries/12435463', 'action': 'install'}]",
    "c8y_SoftwareUpdate": [
        {
            "name": "rolldice",
            "action": "install",
            "id": "5152439",
            "version": "::apt",
            "url": "https://thin-edge-io.eu-latest.cumulocity.com/inventory/binaries/12435463"
        }
    ]
}
07:58:46 INFO  Started operation: {'creationTime': '2022-06-09T07:58:46.322Z', 'deviceId': '20070102', 'deviceName': 'm32sd10d', 'self': 'https://t493319102.eu-latest.cumulocity.com/devicecontrol/operations/20084619', 'id': '20084619', 'status': 'PENDING', 'description': "Apply software changes, triggered from PySys: [{'name': 'rolldice', 'id': '5152439', 'version': '::apt', 'url': 'https://thin-edge-io.eu-latest.cumulocity.com/inventory/binaries/12435463', 'action': 'install'}]", 'c8y_SoftwareUpdate': [{'name': 'rolldice', 'action': 'install', 'id': '5152439', 'version': '::apt', 'url': 'https://thin-edge-io.eu-latest.cumulocity.com/inventory/binaries/12435463'}]}
07:58:46 WARN  , retrying in 0.5 seconds...
07:58:46 WARN  , retrying in 0.5 seconds...
07:58:47 WARN  , retrying in 0.5 seconds...
07:58:47 WARN  , retrying in 0.5 seconds...
07:58:48 WARN  , retrying in 0.5 seconds...
07:58:48 WARN  , retrying in 0.5 seconds...
07:58:49 WARN  , retrying in 0.5 seconds...
07:58:49 WARN  , retrying in 0.5 seconds...
07:58:50 WARN  , retrying in 0.5 seconds...
07:58:50 WARN  AssertionError occurred while running test - 
Traceback (most recent call last):
  File "/home/pi/env-pysys/lib/python3.7/site-packages/pysys/baserunner.py", line 1294, in __call__
    self.testObj.execute()
  File "/home/pi/actions-runner/_work/thin-edge.io/thin-edge.io/tests/PySys/software_management_end_to_end/sm_apt_install_download_path/run.py", line 83, in execute
    assert_install_in_download_path(install_directory=self.DOWNLOAD_DIR)
  File "/home/pi/env-pysys/lib/python3.7/site-packages/decorator.py", line 232, in fun
    return caller(func, *(extras + args), **kw)
  File "/home/pi/env-pysys/lib/python3.7/site-packages/retry/api.py", line 74, in retry_decorator
    logger)
  File "/home/pi/env-pysys/lib/python3.7/site-packages/retry/api.py", line 33, in __retry_internal
    return f()
  File "/home/pi/actions-runner/_work/thin-edge.io/thin-edge.io/tests/PySys/software_management_end_to_end/sm_apt_install_download_path/run.py", line 28, in assert_install_in_download_path
    assert "rolldice" in os.listdir(f"{install_directory}")
AssertionError
07:58:51 WARN  AssertionError: ... blocked 
07:58:51 INFO  
07:58:51 INFO  cleanup:
07:58:51 INFO  Executed sudo, exit status 0
07:58:52 INFO  Executed sudo, exit status 0
07:58:56 INFO  Executed sudo&lt;tedge_disconnect_c8y&gt;, exit status 0
07:58:56 INFO  Restarting mosquitto too frequently in the last 10 seconds. It was only up for 4 seconds
07:58:56 INFO  Delaying execution by 7 seconds
07:59:17 INFO  Executed sudo&lt;tedge_connect_c8y&gt;, exit status 0, duration 13 secs
07:59:21 INFO  Executed sudo&lt;tedge_disconnect_c8y&gt;, exit status 0
07:59:22 INFO  Executed systemctl&lt;serv_mapper5&gt;, exit status 3
07:59:22 INFO  
07:59:22 INFO  Test duration: 84.05 secs
07:59:22 INFO  Test final outcome:  BLOCKED
07:59:22 INFO  Test outcome reason: AssertionError:
07:59:22 INFO  
</system-out>
	</testcase>
</testsuite><testsuite name="SoftwareManagement.sm_apt_install_fail" tests="3" errors="0" failures="0" skipped="1" time="0"><testcase classname="PySysTest" name="SoftwareManagement.sm_apt_install_fail">
		<skipped message="SKIPPED: Testing the apt plugin is not supported on this platform.Use parameter -XmyPlatform='container' to enable it" />
		<system-out>07:07:16 INFO  ==============================================================
07:07:16 INFO  Id:    SoftwareManagement.sm_apt_install_fail
07:07:16 INFO  Dir:   software_management_end_to_end/
07:07:16 INFO  Title: Validate end to end behaviour for a failing installation
07:07:16 INFO  ==============================================================
07:07:16 INFO  Testing the apt plugin is not supported on this platform.Use parameter -XmyPlatform='container' to enable it ... skipped
07:07:16 WARN  Aborted test due to SKIPPED outcome
07:07:16 INFO  
07:07:16 INFO  Test duration: 0.02 secs
07:07:16 INFO  Test final outcome:  SKIPPED
07:07:16 INFO  Test outcome reason: Testing the apt plugin is not supported on this platform.Use parameter -XmyPlatform='container' to enable it
07:07:16 INFO  
</system-out>
	</testcase>
<testcase classname="PySysTest" name="SoftwareManagement.sm_apt_install_fail" />
<testcase classname="PySysTest" name="SoftwareManagement.sm_apt_install_fail" />
</testsuite><testsuite name="SoftwareManagement.sm_apt_install_remove" tests="3" errors="0" failures="0" skipped="1" time="0"><testcase classname="PySysTest" name="SoftwareManagement.sm_apt_install_remove">
		<skipped message="SKIPPED: Testing the apt plugin is not supported on this platform.Use parameter -XmyPlatform='container' to enable it" />
		<system-out>07:07:16 INFO  ==============================================================
07:07:16 INFO  Id:    SoftwareManagement.sm_apt_install_remove
07:07:16 INFO  Dir:   software_management_end_to_end/
07:07:16 INFO  Title: Validate end to end behaviour for the apt plugin for installation and removal of packages
07:07:16 INFO  ==============================================================
07:07:16 INFO  Testing the apt plugin is not supported on this platform.Use parameter -XmyPlatform='container' to enable it ... skipped
07:07:16 WARN  Aborted test due to SKIPPED outcome
07:07:16 INFO  
07:07:16 INFO  Test duration: 0.02 secs
07:07:16 INFO  Test final outcome:  SKIPPED
07:07:16 INFO  Test outcome reason: Testing the apt plugin is not supported on this platform.Use parameter -XmyPlatform='container' to enable it
07:07:16 INFO  
</system-out>
	</testcase>
<testcase classname="PySysTest" name="SoftwareManagement.sm_apt_install_remove" />
<testcase classname="PySysTest" name="SoftwareManagement.sm_apt_install_remove" />
</testsuite><testsuite name="SoftwareManagement.sm_apt_install_remove_default" tests="3" errors="0" failures="0" skipped="1" time="0"><testcase classname="PySysTest" name="SoftwareManagement.sm_apt_install_remove_default">
		<skipped message="SKIPPED: Testing the apt plugin is not supported on this platform.Use parameter -XmyPlatform='container' to enable it" />
		<system-out>07:07:16 INFO  ==============================================================
07:07:16 INFO  Id:    SoftwareManagement.sm_apt_install_remove_default
07:07:16 INFO  Dir:   software_management_end_to_end/
07:07:16 INFO  Title: Validate end to end behaviour for the default plugin for installation and removal of packages
07:07:16 INFO  ==============================================================
07:07:16 INFO  Testing the apt plugin is not supported on this platform.Use parameter -XmyPlatform='container' to enable it ... skipped
07:07:16 WARN  Aborted test due to SKIPPED outcome
07:07:16 INFO  
07:07:16 INFO  Test duration: 0.02 secs
07:07:16 INFO  Test final outcome:  SKIPPED
07:07:16 INFO  Test outcome reason: Testing the apt plugin is not supported on this platform.Use parameter -XmyPlatform='container' to enable it
07:07:16 INFO  
</system-out>
	</testcase>
<testcase classname="PySysTest" name="SoftwareManagement.sm_apt_install_remove_default" />
<testcase classname="PySysTest" name="SoftwareManagement.sm_apt_install_remove_default" />
</testsuite><testsuite name="SoftwareManagement.sm_apt_install_remove_multiple" tests="3" errors="0" failures="2" skipped="1" time="0"><testcase classname="PySysTest" name="SoftwareManagement.sm_apt_install_remove_multiple">
		<skipped message="SKIPPED: Testing the apt plugin is not supported on this platform.Use parameter -XmyPlatform='container' to enable it" />
		<system-out>07:07:16 INFO  ==============================================================
07:07:16 INFO  Id:    SoftwareManagement.sm_apt_install_remove_multiple
07:07:16 INFO  Dir:   software_management_end_to_end/
07:07:16 INFO  Title: Validate end to end behaviour for the apt plugin for multiple packages
07:07:16 INFO  ==============================================================
07:07:16 INFO  Testing the apt plugin is not supported on this platform.Use parameter -XmyPlatform='container' to enable it ... skipped
07:07:16 WARN  Aborted test due to SKIPPED outcome
07:07:16 INFO  
07:07:16 INFO  Test duration: 0.02 secs
07:07:16 INFO  Test final outcome:  SKIPPED
07:07:16 INFO  Test outcome reason: Testing the apt plugin is not supported on this platform.Use parameter -XmyPlatform='container' to enable it
07:07:16 INFO  
</system-out>
	</testcase>
<testcase classname="PySysTest" name="SoftwareManagement.sm_apt_install_remove_multiple">
		<failure message="FAILED: Assert that (False == value) with value=True" type="FAILED" />
		<system-out>07:39:09 INFO  ==============================================================
07:39:09 INFO  Id:    SoftwareManagement.sm_apt_install_remove_multiple
07:39:09 INFO  Dir:   software_management_end_to_end/
07:39:09 INFO  Title: Validate end to end behaviour for the apt plugin for multiple packages
07:39:09 INFO  ==============================================================
07:39:09 INFO  Using sw id database: {'asciijump': '5475369', 'robotfindskitten': '5474869', 'squirrel3': '5475279', 'rolldice': '5152439', 'moon-buggy': '5439204', 'apple': '5495053', 'banana': '5494888', 'cherry': '5495382', 'watermelon': '5494510', 'registry': '8018911', 'hello-world': '8021526', 'docker/getting-started': '8021973', 'alpine': '7991792'}
07:39:09 INFO  EnvironmentC8y Setup
07:39:09 INFO  Executed systemctl&lt;serv_mapper1&gt;, exit status 3
07:39:09 INFO  Restarting mosquitto too frequently in the last 10 seconds. It was only up for 4 seconds
07:39:09 INFO  Delaying execution by 7 seconds
07:39:31 INFO  Executed sudo&lt;tedge_connect_c8y&gt;, exit status 0, duration 14 secs
07:39:31 INFO  Executed sudo&lt;tedge_connect_c8y_test&gt;, exit status 0
07:39:32 INFO  Executed systemctl&lt;serv_mosq2&gt;, exit status 0
07:39:32 INFO  Executed systemctl&lt;serv_mapper3&gt;, exit status 0
07:39:34 INFO  State of current operation: SUCCESSFUL
07:39:35 INFO  Assert that (False == value) with value=False ... passed
07:39:35 INFO  Assert that (False == value) with value=False ... passed
07:39:35 INFO  Assert that (False == value) with value=False ... passed
07:39:35 INFO  Package robotfindskitten is installed
07:39:35 WARN  Assert that (False == value) with value=True ... failed 
07:39:36 INFO  Response status: 201
07:39:36 INFO  Response to action: {
    "creationTime": "2022-06-09T07:39:35.975Z",
    "deviceId": "20070102",
    "deviceName": "m32sd10d",
    "self": "https://t493319102.eu-latest.cumulocity.com/devicecontrol/operations/20084304",
    "id": "20084304",
    "status": "PENDING",
    "description": "Apply software changes, triggered from PySys: [{'action': 'install', 'id': '5475369', 'name': 'asciijump', 'url': ' ', 'version': '::apt'}, {'action': 'install', 'id': '5474869', 'name': 'robotfindskitten', 'url': ' ', 'version': '::apt'}, {'action': 'install', 'id': '5475279', 'name': 'squirrel3', 'url': ' ', 'version': '::apt'}]",
    "c8y_SoftwareUpdate": [
        {
            "name": "asciijump",
            "action": "install",
            "id": "5475369",
            "version": "::apt",
            "url": " "
        },
        {
            "name": "robotfindskitten",
            "action": "install",
            "id": "5474869",
            "version": "::apt",
            "url": " "
        },
        {
            "name": "squirrel3",
            "action": "install",
            "id": "5475279",
            "version": "::apt",
            "url": " "
        }
    ]
}
07:39:36 INFO  Started operation: {'creationTime': '2022-06-09T07:39:35.975Z', 'deviceId': '20070102', 'deviceName': 'm32sd10d', 'self': 'https://t493319102.eu-latest.cumulocity.com/devicecontrol/operations/20084304', 'id': '20084304', 'status': 'PENDING', 'description': "Apply software changes, triggered from PySys: [{'action': 'install', 'id': '5475369', 'name': 'asciijump', 'url': ' ', 'version': '::apt'}, {'action': 'install', 'id': '5474869', 'name': 'robotfindskitten', 'url': ' ', 'version': '::apt'}, {'action': 'install', 'id': '5475279', 'name': 'squirrel3', 'url': ' ', 'version': '::apt'}]", 'c8y_SoftwareUpdate': [{'name': 'asciijump', 'action': 'install', 'id': '5475369', 'version': '::apt', 'url': ' '}, {'name': 'robotfindskitten', 'action': 'install', 'id': '5474869', 'version': '::apt', 'url': ' '}, {'name': 'squirrel3', 'action': 'install', 'id': '5475279', 'version': '::apt', 'url': ' '}]}
07:39:38 INFO  State of operation 20084304 : PENDING
07:39:40 INFO  State of operation 20084304 : EXECUTING
07:39:42 INFO  State of operation 20084304 : EXECUTING
07:39:44 INFO  State of operation 20084304 : EXECUTING
07:39:47 INFO  State of operation 20084304 : EXECUTING
07:39:49 INFO  State of operation 20084304 : EXECUTING
07:39:52 INFO  State of operation 20084304 : EXECUTING
07:39:54 INFO  State of operation 20084304 : EXECUTING
07:39:57 INFO  State of operation 20084304 : EXECUTING
07:39:59 INFO  State of operation 20084304 : EXECUTING
07:40:01 INFO  State of operation 20084304 : EXECUTING
07:40:03 INFO  State of operation 20084304 : EXECUTING
07:40:06 INFO  State of operation 20084304 : EXECUTING
07:40:08 INFO  State of operation 20084304 : EXECUTING
07:40:10 INFO  State of operation 20084304 : EXECUTING
07:40:13 INFO  State of operation 20084304 : EXECUTING
07:40:15 INFO  State of operation 20084304 : EXECUTING
07:40:18 INFO  State of operation 20084304 : EXECUTING
07:40:20 INFO  State of operation 20084304 : EXECUTING
07:40:22 INFO  State of operation 20084304 : EXECUTING
07:40:24 INFO  State of operation 20084304 : EXECUTING
07:40:27 INFO  State of operation 20084304 : EXECUTING
07:40:29 INFO  State of operation 20084304 : EXECUTING
07:40:33 INFO  State of operation 20084304 : EXECUTING
07:40:35 INFO  State of operation 20084304 : EXECUTING
07:40:37 INFO  State of operation 20084304 : EXECUTING
07:40:40 INFO  State of operation 20084304 : EXECUTING
07:40:42 INFO  State of operation 20084304 : EXECUTING
07:40:44 INFO  State of operation 20084304 : EXECUTING
07:40:46 INFO  State of operation 20084304 : EXECUTING
07:40:49 INFO  State of operation 20084304 : EXECUTING
07:40:51 INFO  State of operation 20084304 : EXECUTING
07:40:53 INFO  State of operation 20084304 : EXECUTING
07:40:55 INFO  State of operation 20084304 : SUCCESSFUL
07:40:56 INFO  Assert that (False == value) with value=False ... passed
07:40:56 INFO  Package asciijump is installed
07:40:56 INFO  Assert that (True == value) with value=True ... passed
07:40:56 INFO  Package squirrel3 is installed
07:40:56 INFO  Assert that (True == value) with value=True ... passed
07:40:56 INFO  Package robotfindskitten is installed
07:40:56 INFO  Assert that (True == value) with value=True ... passed
07:40:57 INFO  Response status: 201
07:40:57 INFO  Response to action: {
    "creationTime": "2022-06-09T07:40:57.067Z",
    "deviceId": "20070102",
    "deviceName": "m32sd10d",
    "self": "https://t493319102.eu-latest.cumulocity.com/devicecontrol/operations/20084328",
    "id": "20084328",
    "status": "PENDING",
    "description": "Apply software changes, triggered from PySys: [{'action': 'delete', 'id': '5475369', 'name': 'asciijump', 'url': ' ', 'version': '::apt'}, {'action': 'delete', 'id': '5474869', 'name': 'robotfindskitten', 'url': ' ', 'version': '::apt'}, {'action': 'delete', 'id': '5475279', 'name': 'squirrel3', 'url': ' ', 'version': '::apt'}]",
    "c8y_SoftwareUpdate": [
        {
            "name": "asciijump",
            "action": "delete",
            "id": "5475369",
            "version": "::apt",
            "url": " "
        },
        {
            "name": "robotfindskitten",
            "action": "delete",
            "id": "5474869",
            "version": "::apt",
            "url": " "
        },
        {
            "name": "squirrel3",
            "action": "delete",
            "id": "5475279",
            "version": "::apt",
            "url": " "
        }
    ]
}
07:40:57 INFO  Started operation: {'creationTime': '2022-06-09T07:40:57.067Z', 'deviceId': '20070102', 'deviceName': 'm32sd10d', 'self': 'https://t493319102.eu-latest.cumulocity.com/devicecontrol/operations/20084328', 'id': '20084328', 'status': 'PENDING', 'description': "Apply software changes, triggered from PySys: [{'action': 'delete', 'id': '5475369', 'name': 'asciijump', 'url': ' ', 'version': '::apt'}, {'action': 'delete', 'id': '5474869', 'name': 'robotfindskitten', 'url': ' ', 'version': '::apt'}, {'action': 'delete', 'id': '5475279', 'name': 'squirrel3', 'url': ' ', 'version': '::apt'}]", 'c8y_SoftwareUpdate': [{'name': 'asciijump', 'action': 'delete', 'id': '5475369', 'version': '::apt', 'url': ' '}, {'name': 'robotfindskitten', 'action': 'delete', 'id': '5474869', 'version': '::apt', 'url': ' '}, {'name': 'squirrel3', 'action': 'delete', 'id': '5475279', 'version': '::apt', 'url': ' '}]}
07:40:59 INFO  State of operation 20084328 : PENDING
07:41:01 INFO  State of operation 20084328 : EXECUTING
07:41:03 INFO  State of operation 20084328 : EXECUTING
07:41:06 INFO  State of operation 20084328 : EXECUTING
07:41:08 INFO  State of operation 20084328 : EXECUTING
07:41:10 INFO  State of operation 20084328 : EXECUTING
07:41:13 INFO  State of operation 20084328 : EXECUTING
07:41:16 INFO  State of operation 20084328 : EXECUTING
07:41:18 INFO  State of operation 20084328 : EXECUTING
07:41:20 INFO  State of operation 20084328 : EXECUTING
07:41:23 INFO  State of operation 20084328 : EXECUTING
07:41:25 INFO  State of operation 20084328 : EXECUTING
07:41:27 INFO  State of operation 20084328 : EXECUTING
07:41:29 INFO  State of operation 20084328 : EXECUTING
07:41:31 INFO  State of operation 20084328 : EXECUTING
07:41:34 INFO  State of operation 20084328 : EXECUTING
07:41:36 INFO  State of operation 20084328 : EXECUTING
07:41:39 INFO  State of operation 20084328 : EXECUTING
07:41:41 INFO  State of operation 20084328 : EXECUTING
07:41:44 INFO  State of operation 20084328 : EXECUTING
07:41:46 INFO  State of operation 20084328 : EXECUTING
07:41:48 INFO  State of operation 20084328 : EXECUTING
07:41:50 INFO  State of operation 20084328 : EXECUTING
07:41:53 INFO  State of operation 20084328 : EXECUTING
07:41:55 INFO  State of operation 20084328 : EXECUTING
07:41:58 INFO  State of operation 20084328 : EXECUTING
07:42:00 INFO  State of operation 20084328 : EXECUTING
07:42:02 INFO  State of operation 20084328 : SUCCESSFUL
07:42:03 INFO  Assert that (False == value) with value=False ... passed
07:42:03 INFO  Assert that (False == value) with value=False ... passed
07:42:03 INFO  Assert that (False == value) with value=False ... passed
07:42:03 INFO  Assert that (False == value) with value=False ... passed
07:42:03 INFO  
07:42:03 INFO  cleanup:
07:42:07 INFO  Executed sudo&lt;tedge_disconnect_c8y&gt;, exit status 0
07:42:08 INFO  Executed systemctl&lt;serv_mapper5&gt;, exit status 3
07:42:08 INFO  
07:42:08 INFO  Test duration: 179.09 secs
07:42:08 INFO  Test final outcome:  FAILED
07:42:08 INFO  Test outcome reason: Assert that (False == value) with value=True
07:42:08 INFO  
</system-out>
	</testcase>
<testcase classname="PySysTest" name="SoftwareManagement.sm_apt_install_remove_multiple">
		<failure message="FAILED: Assert that (False == value) with value=True (+2 other failures)" type="FAILED" />
		<system-out>08:05:51 INFO  ==============================================================
08:05:51 INFO  Id:    SoftwareManagement.sm_apt_install_remove_multiple
08:05:51 INFO  Dir:   software_management_end_to_end/
08:05:51 INFO  Title: Validate end to end behaviour for the apt plugin for multiple packages
08:05:51 INFO  ==============================================================
08:05:51 INFO  Using sw id database: {'asciijump': '5475369', 'robotfindskitten': '5474869', 'squirrel3': '5475279', 'rolldice': '5152439', 'moon-buggy': '5439204', 'apple': '5495053', 'banana': '5494888', 'cherry': '5495382', 'watermelon': '5494510', 'registry': '8018911', 'hello-world': '8021526', 'docker/getting-started': '8021973', 'alpine': '7991792'}
08:05:51 INFO  EnvironmentC8y Setup
08:05:52 INFO  Executed systemctl&lt;serv_mapper1&gt;, exit status 3
08:05:52 INFO  Restarting mosquitto too frequently in the last 10 seconds. It was only up for 5 seconds
08:05:52 INFO  Delaying execution by 6 seconds
08:06:12 INFO  Executed sudo&lt;tedge_connect_c8y&gt;, exit status 0, duration 13 secs
08:06:13 INFO  Executed sudo&lt;tedge_connect_c8y_test&gt;, exit status 0
08:06:13 INFO  Executed systemctl&lt;serv_mosq2&gt;, exit status 0
08:06:14 INFO  Executed systemctl&lt;serv_mapper3&gt;, exit status 0
08:06:16 INFO  State of current operation: SUCCESSFUL
08:06:16 INFO  Assert that (False == value) with value=False ... passed
08:06:16 INFO  Package asciijump is installed
08:06:17 WARN  Assert that (False == value) with value=True ... failed 
08:06:17 INFO  Package squirrel3 is installed
08:06:17 WARN  Assert that (False == value) with value=True ... failed 
08:06:17 INFO  Package robotfindskitten is installed
08:06:17 WARN  Assert that (False == value) with value=True ... failed 
08:06:17 INFO  Response status: 201
08:06:17 INFO  Response to action: {
    "creationTime": "2022-06-09T08:06:17.739Z",
    "deviceId": "20070102",
    "deviceName": "m32sd10d",
    "self": "https://t493319102.eu-latest.cumulocity.com/devicecontrol/operations/20084773",
    "id": "20084773",
    "status": "PENDING",
    "description": "Apply software changes, triggered from PySys: [{'action': 'install', 'id': '5475369', 'name': 'asciijump', 'url': ' ', 'version': '::apt'}, {'action': 'install', 'id': '5474869', 'name': 'robotfindskitten', 'url': ' ', 'version': '::apt'}, {'action': 'install', 'id': '5475279', 'name': 'squirrel3', 'url': ' ', 'version': '::apt'}]",
    "c8y_SoftwareUpdate": [
        {
            "name": "asciijump",
            "action": "install",
            "id": "5475369",
            "version": "::apt",
            "url": " "
        },
        {
            "name": "robotfindskitten",
            "action": "install",
            "id": "5474869",
            "version": "::apt",
            "url": " "
        },
        {
            "name": "squirrel3",
            "action": "install",
            "id": "5475279",
            "version": "::apt",
            "url": " "
        }
    ]
}
08:06:17 INFO  Started operation: {'creationTime': '2022-06-09T08:06:17.739Z', 'deviceId': '20070102', 'deviceName': 'm32sd10d', 'self': 'https://t493319102.eu-latest.cumulocity.com/devicecontrol/operations/20084773', 'id': '20084773', 'status': 'PENDING', 'description': "Apply software changes, triggered from PySys: [{'action': 'install', 'id': '5475369', 'name': 'asciijump', 'url': ' ', 'version': '::apt'}, {'action': 'install', 'id': '5474869', 'name': 'robotfindskitten', 'url': ' ', 'version': '::apt'}, {'action': 'install', 'id': '5475279', 'name': 'squirrel3', 'url': ' ', 'version': '::apt'}]", 'c8y_SoftwareUpdate': [{'name': 'asciijump', 'action': 'install', 'id': '5475369', 'version': '::apt', 'url': ' '}, {'name': 'robotfindskitten', 'action': 'install', 'id': '5474869', 'version': '::apt', 'url': ' '}, {'name': 'squirrel3', 'action': 'install', 'id': '5475279', 'version': '::apt', 'url': ' '}]}
08:06:20 INFO  State of operation 20084773 : PENDING
08:06:22 INFO  State of operation 20084773 : EXECUTING
08:06:24 INFO  State of operation 20084773 : EXECUTING
08:06:26 INFO  State of operation 20084773 : EXECUTING
08:06:28 INFO  State of operation 20084773 : EXECUTING
08:06:31 INFO  State of operation 20084773 : EXECUTING
08:06:33 INFO  State of operation 20084773 : EXECUTING
08:06:36 INFO  State of operation 20084773 : EXECUTING
08:06:39 INFO  State of operation 20084773 : EXECUTING
08:06:41 INFO  State of operation 20084773 : EXECUTING
08:06:43 INFO  State of operation 20084773 : EXECUTING
08:06:45 INFO  State of operation 20084773 : EXECUTING
08:06:48 INFO  State of operation 20084773 : EXECUTING
08:06:50 INFO  State of operation 20084773 : EXECUTING
08:06:52 INFO  State of operation 20084773 : EXECUTING
08:06:54 INFO  State of operation 20084773 : SUCCESSFUL
08:06:55 INFO  Assert that (False == value) with value=False ... passed
08:06:55 INFO  Package asciijump is installed
08:06:55 INFO  Assert that (True == value) with value=True ... passed
08:06:55 INFO  Package squirrel3 is installed
08:06:55 INFO  Assert that (True == value) with value=True ... passed
08:06:55 INFO  Package robotfindskitten is installed
08:06:55 INFO  Assert that (True == value) with value=True ... passed
08:06:56 INFO  Response status: 201
08:06:56 INFO  Response to action: {
    "creationTime": "2022-06-09T08:06:55.965Z",
    "deviceId": "20070102",
    "deviceName": "m32sd10d",
    "self": "https://t493319102.eu-latest.cumulocity.com/devicecontrol/operations/20084788",
    "id": "20084788",
    "status": "PENDING",
    "description": "Apply software changes, triggered from PySys: [{'action': 'delete', 'id': '5475369', 'name': 'asciijump', 'url': ' ', 'version': '::apt'}, {'action': 'delete', 'id': '5474869', 'name': 'robotfindskitten', 'url': ' ', 'version': '::apt'}, {'action': 'delete', 'id': '5475279', 'name': 'squirrel3', 'url': ' ', 'version': '::apt'}]",
    "c8y_SoftwareUpdate": [
        {
            "name": "asciijump",
            "action": "delete",
            "id": "5475369",
            "version": "::apt",
            "url": " "
        },
        {
            "name": "robotfindskitten",
            "action": "delete",
            "id": "5474869",
            "version": "::apt",
            "url": " "
        },
        {
            "name": "squirrel3",
            "action": "delete",
            "id": "5475279",
            "version": "::apt",
            "url": " "
        }
    ]
}
08:06:56 INFO  Started operation: {'creationTime': '2022-06-09T08:06:55.965Z', 'deviceId': '20070102', 'deviceName': 'm32sd10d', 'self': 'https://t493319102.eu-latest.cumulocity.com/devicecontrol/operations/20084788', 'id': '20084788', 'status': 'PENDING', 'description': "Apply software changes, triggered from PySys: [{'action': 'delete', 'id': '5475369', 'name': 'asciijump', 'url': ' ', 'version': '::apt'}, {'action': 'delete', 'id': '5474869', 'name': 'robotfindskitten', 'url': ' ', 'version': '::apt'}, {'action': 'delete', 'id': '5475279', 'name': 'squirrel3', 'url': ' ', 'version': '::apt'}]", 'c8y_SoftwareUpdate': [{'name': 'asciijump', 'action': 'delete', 'id': '5475369', 'version': '::apt', 'url': ' '}, {'name': 'robotfindskitten', 'action': 'delete', 'id': '5474869', 'version': '::apt', 'url': ' '}, {'name': 'squirrel3', 'action': 'delete', 'id': '5475279', 'version': '::apt', 'url': ' '}]}
08:06:58 INFO  State of operation 20084788 : PENDING
08:07:00 INFO  State of operation 20084788 : EXECUTING
08:07:02 INFO  State of operation 20084788 : EXECUTING
08:07:04 INFO  State of operation 20084788 : EXECUTING
08:07:07 INFO  State of operation 20084788 : EXECUTING
08:07:09 INFO  State of operation 20084788 : EXECUTING
08:07:12 INFO  State of operation 20084788 : EXECUTING
08:07:14 INFO  State of operation 20084788 : EXECUTING
08:07:17 INFO  State of operation 20084788 : EXECUTING
08:07:19 INFO  State of operation 20084788 : EXECUTING
08:07:22 INFO  State of operation 20084788 : EXECUTING
08:07:24 INFO  State of operation 20084788 : EXECUTING
08:07:26 INFO  State of operation 20084788 : EXECUTING
08:07:28 INFO  State of operation 20084788 : EXECUTING
08:07:30 INFO  State of operation 20084788 : EXECUTING
08:07:33 INFO  State of operation 20084788 : EXECUTING
08:07:35 INFO  State of operation 20084788 : EXECUTING
08:07:37 INFO  State of operation 20084788 : EXECUTING
08:07:40 INFO  State of operation 20084788 : EXECUTING
08:07:43 INFO  State of operation 20084788 : EXECUTING
08:07:45 INFO  State of operation 20084788 : EXECUTING
08:07:47 INFO  State of operation 20084788 : EXECUTING
08:07:49 INFO  State of operation 20084788 : EXECUTING
08:07:51 INFO  State of operation 20084788 : EXECUTING
08:07:54 INFO  State of operation 20084788 : EXECUTING
08:07:56 INFO  State of operation 20084788 : EXECUTING
08:07:59 INFO  State of operation 20084788 : EXECUTING
08:08:01 INFO  State of operation 20084788 : EXECUTING
08:08:03 INFO  State of operation 20084788 : SUCCESSFUL
08:08:04 INFO  Assert that (False == value) with value=False ... passed
08:08:04 INFO  Assert that (False == value) with value=False ... passed
08:08:04 INFO  Assert that (False == value) with value=False ... passed
08:08:04 INFO  Assert that (False == value) with value=False ... passed
08:08:04 INFO  
08:08:04 INFO  cleanup:
08:08:08 INFO  Executed sudo&lt;tedge_disconnect_c8y&gt;, exit status 0
08:08:09 INFO  Executed systemctl&lt;serv_mapper5&gt;, exit status 3
08:08:09 INFO  
08:08:09 INFO  Test duration: 137.68 secs
08:08:09 INFO  Test final outcome:  FAILED
08:08:09 INFO  Test outcome reason: Assert that (False == value) with value=True (+2 other failures)
08:08:09 INFO  
</system-out>
	</testcase>
</testsuite><testsuite name="SoftwareManagement.sm_apt_install_remove_multiple_mixed" tests="3" errors="0" failures="2" skipped="1" time="0"><testcase classname="PySysTest" name="SoftwareManagement.sm_apt_install_remove_multiple_mixed">
		<skipped message="SKIPPED: Testing the apt plugin is not supported on this platform.Use parameter -XmyPlatform='container' to enable it" />
		<system-out>07:07:16 INFO  ==============================================================
07:07:16 INFO  Id:    SoftwareManagement.sm_apt_install_remove_multiple_mixed
07:07:16 INFO  Dir:   software_management_end_to_end/
07:07:16 INFO  Title: Validate end to end behaviour for the apt plugin for multiple packages with mixed versions
07:07:16 INFO  ==============================================================
07:07:16 INFO  Testing the apt plugin is not supported on this platform.Use parameter -XmyPlatform='container' to enable it ... skipped
07:07:16 WARN  Aborted test due to SKIPPED outcome
07:07:16 INFO  
07:07:16 INFO  Test duration: 0.02 secs
07:07:16 INFO  Test final outcome:  SKIPPED
07:07:16 INFO  Test outcome reason: Testing the apt plugin is not supported on this platform.Use parameter -XmyPlatform='container' to enable it
07:07:16 INFO  
</system-out>
	</testcase>
<testcase classname="PySysTest" name="SoftwareManagement.sm_apt_install_remove_multiple_mixed">
		<failure message="BLOCKED: SystemError: Timeout while waiting for status SUCCESSFUL or False" type="BLOCKED" />
		<system-out>07:42:08 INFO  ==============================================================
07:42:08 INFO  Id:    SoftwareManagement.sm_apt_install_remove_multiple_mixed
07:42:08 INFO  Dir:   software_management_end_to_end/
07:42:08 INFO  Title: Validate end to end behaviour for the apt plugin for multiple packages with mixed versions
07:42:08 INFO  ==============================================================
07:42:08 INFO  Using sw id database: {'asciijump': '5475369', 'robotfindskitten': '5474869', 'squirrel3': '5475279', 'rolldice': '5152439', 'moon-buggy': '5439204', 'apple': '5495053', 'banana': '5494888', 'cherry': '5495382', 'watermelon': '5494510', 'registry': '8018911', 'hello-world': '8021526', 'docker/getting-started': '8021973', 'alpine': '7991792'}
07:42:08 INFO  EnvironmentC8y Setup
07:42:08 INFO  Executed systemctl&lt;serv_mapper1&gt;, exit status 3
07:42:09 INFO  Restarting mosquitto too frequently in the last 10 seconds. It was only up for 5 seconds
07:42:09 INFO  Delaying execution by 6 seconds
07:42:29 INFO  Executed sudo&lt;tedge_connect_c8y&gt;, exit status 0, duration 14 secs
07:42:29 INFO  Executed sudo&lt;tedge_connect_c8y_test&gt;, exit status 0
07:42:30 INFO  Executed systemctl&lt;serv_mosq2&gt;, exit status 0
07:42:30 INFO  Executed systemctl&lt;serv_mapper3&gt;, exit status 0
07:42:33 INFO  State of current operation: SUCCESSFUL
07:42:33 INFO  Assert that (False == value) with value=False ... passed
07:42:33 INFO  Assert that (False == value) with value=False ... passed
07:42:33 INFO  Assert that (False == value) with value=False ... passed
07:42:34 INFO  Assert that (False == value) with value=False ... passed
07:42:34 INFO  Assert that (False == value) with value=False ... passed
07:42:35 INFO  Response status: 201
07:42:35 INFO  Response to action: {
    "creationTime": "2022-06-09T07:42:35.479Z",
    "deviceId": "20070102",
    "deviceName": "m32sd10d",
    "self": "https://t493319102.eu-latest.cumulocity.com/devicecontrol/operations/20084355",
    "id": "20084355",
    "status": "PENDING",
    "description": "Apply software changes, triggered from PySys: [{'action': 'install', 'id': '5475369', 'name': 'asciijump', 'url': ' ', 'version': '::apt'}, {'action': 'install', 'id': '5474869', 'name': 'robotfindskitten', 'url': ' ', 'version': ' '}, {'action': 'install', 'id': '5475279', 'name': 'squirrel3', 'url': ' ', 'version': '3.1-7::apt'}, {'action': 'install', 'id': '5152439', 'name': 'rolldice', 'url': ' ', 'version': '1.16-1+b1'}, {'action': 'install', 'id': '5439204', 'name': 'moon-buggy', 'url': ' ', 'version': '1:1.0.51-12'}, {'action': 'install', 'id': '5475369', 'name': 'asciijump', 'url': ' ', 'version': '::apt'}]",
    "c8y_SoftwareUpdate": [
        {
            "name": "asciijump",
            "action": "install",
            "id": "5475369",
            "version": "::apt",
            "url": " "
        },
        {
            "name": "robotfindskitten",
            "action": "install",
            "id": "5474869",
            "version": " ",
            "url": " "
        },
        {
            "name": "squirrel3",
            "action": "install",
            "id": "5475279",
            "version": "3.1-7::apt",
            "url": " "
        },
        {
            "name": "rolldice",
            "action": "install",
            "id": "5152439",
            "version": "1.16-1+b1",
            "url": " "
        },
        {
            "name": "moon-buggy",
            "action": "install",
            "id": "5439204",
            "version": "1:1.0.51-12",
            "url": " "
        },
        {
            "name": "asciijump",
            "action": "install",
            "id": "5475369",
            "version": "::apt",
            "url": " "
        }
    ]
}
07:42:35 INFO  Started operation: {'creationTime': '2022-06-09T07:42:35.479Z', 'deviceId': '20070102', 'deviceName': 'm32sd10d', 'self': 'https://t493319102.eu-latest.cumulocity.com/devicecontrol/operations/20084355', 'id': '20084355', 'status': 'PENDING', 'description': "Apply software changes, triggered from PySys: [{'action': 'install', 'id': '5475369', 'name': 'asciijump', 'url': ' ', 'version': '::apt'}, {'action': 'install', 'id': '5474869', 'name': 'robotfindskitten', 'url': ' ', 'version': ' '}, {'action': 'install', 'id': '5475279', 'name': 'squirrel3', 'url': ' ', 'version': '3.1-7::apt'}, {'action': 'install', 'id': '5152439', 'name': 'rolldice', 'url': ' ', 'version': '1.16-1+b1'}, {'action': 'install', 'id': '5439204', 'name': 'moon-buggy', 'url': ' ', 'version': '1:1.0.51-12'}, {'action': 'install', 'id': '5475369', 'name': 'asciijump', 'url': ' ', 'version': '::apt'}]", 'c8y_SoftwareUpdate': [{'name': 'asciijump', 'action': 'install', 'id': '5475369', 'version': '::apt', 'url': ' '}, {'name': 'robotfindskitten', 'action': 'install', 'id': '5474869', 'version': ' ', 'url': ' '}, {'name': 'squirrel3', 'action': 'install', 'id': '5475279', 'version': '3.1-7::apt', 'url': ' '}, {'name': 'rolldice', 'action': 'install', 'id': '5152439', 'version': '1.16-1+b1', 'url': ' '}, {'name': 'moon-buggy', 'action': 'install', 'id': '5439204', 'version': '1:1.0.51-12', 'url': ' '}, {'name': 'asciijump', 'action': 'install', 'id': '5475369', 'version': '::apt', 'url': ' '}]}
07:42:37 INFO  State of operation 20084355 : PENDING
07:42:39 INFO  State of operation 20084355 : EXECUTING
07:42:42 INFO  State of operation 20084355 : EXECUTING
07:42:44 INFO  State of operation 20084355 : EXECUTING
07:42:46 INFO  State of operation 20084355 : EXECUTING
07:42:48 INFO  State of operation 20084355 : EXECUTING
07:42:51 INFO  State of operation 20084355 : EXECUTING
07:42:54 INFO  State of operation 20084355 : EXECUTING
07:42:56 INFO  State of operation 20084355 : EXECUTING
07:42:59 INFO  State of operation 20084355 : EXECUTING
07:43:01 INFO  State of operation 20084355 : EXECUTING
07:43:03 INFO  State of operation 20084355 : EXECUTING
07:43:05 INFO  State of operation 20084355 : EXECUTING
07:43:08 INFO  State of operation 20084355 : EXECUTING
07:43:10 INFO  State of operation 20084355 : EXECUTING
07:43:12 INFO  State of operation 20084355 : EXECUTING
07:43:15 INFO  State of operation 20084355 : EXECUTING
07:43:17 INFO  State of operation 20084355 : EXECUTING
07:43:19 INFO  State of operation 20084355 : EXECUTING
07:43:22 INFO  State of operation 20084355 : EXECUTING
07:43:24 INFO  State of operation 20084355 : EXECUTING
07:43:27 INFO  State of operation 20084355 : EXECUTING
07:43:29 INFO  State of operation 20084355 : EXECUTING
07:43:32 INFO  State of operation 20084355 : EXECUTING
07:43:34 INFO  State of operation 20084355 : EXECUTING
07:43:37 INFO  State of operation 20084355 : EXECUTING
07:43:39 INFO  State of operation 20084355 : EXECUTING
07:43:42 INFO  State of operation 20084355 : EXECUTING
07:43:44 INFO  State of operation 20084355 : EXECUTING
07:43:47 INFO  State of operation 20084355 : EXECUTING
07:43:49 INFO  State of operation 20084355 : EXECUTING
07:43:51 INFO  State of operation 20084355 : EXECUTING
07:43:53 INFO  State of operation 20084355 : EXECUTING
07:43:55 INFO  State of operation 20084355 : EXECUTING
07:43:58 INFO  State of operation 20084355 : EXECUTING
07:44:00 INFO  State of operation 20084355 : EXECUTING
07:44:02 INFO  State of operation 20084355 : EXECUTING
07:44:05 INFO  State of operation 20084355 : EXECUTING
07:44:08 INFO  State of operation 20084355 : EXECUTING
07:44:10 INFO  State of operation 20084355 : EXECUTING
07:44:12 INFO  State of operation 20084355 : EXECUTING
07:44:14 INFO  State of operation 20084355 : EXECUTING
07:44:17 INFO  State of operation 20084355 : EXECUTING
07:44:19 INFO  State of operation 20084355 : EXECUTING
07:44:21 INFO  State of operation 20084355 : EXECUTING
07:44:23 INFO  State of operation 20084355 : EXECUTING
07:44:26 INFO  State of operation 20084355 : EXECUTING
07:44:28 INFO  State of operation 20084355 : EXECUTING
07:44:30 INFO  State of operation 20084355 : EXECUTING
07:44:33 INFO  State of operation 20084355 : EXECUTING
07:44:35 INFO  State of operation 20084355 : EXECUTING
07:44:37 INFO  State of operation 20084355 : EXECUTING
07:44:41 INFO  State of operation 20084355 : EXECUTING
07:44:43 INFO  State of operation 20084355 : EXECUTING
07:44:46 INFO  State of operation 20084355 : EXECUTING
07:44:48 INFO  State of operation 20084355 : EXECUTING
07:44:51 INFO  State of operation 20084355 : EXECUTING
07:44:53 INFO  State of operation 20084355 : EXECUTING
07:44:55 INFO  State of operation 20084355 : EXECUTING
07:44:58 INFO  State of operation 20084355 : EXECUTING
07:45:00 INFO  State of operation 20084355 : EXECUTING
07:45:02 WARN  SystemError occurred while running test - Timeout while waiting for status SUCCESSFUL or False
Traceback (most recent call last):
  File "/home/pi/env-pysys/lib/python3.7/site-packages/pysys/baserunner.py", line 1294, in __call__
    self.testObj.execute()
  File "/home/pi/actions-runner/_work/thin-edge.io/thin-edge.io/tests/PySys/software_management_end_to_end/sm_apt_install_remove_multiple_mixed/run.py", line 89, in execute
    self.wait_until_succcess()
  File "/home/pi/actions-runner/_work/thin-edge.io/thin-edge.io/tests/PySys/software_management_end_to_end/environment_sm_management.py", line 324, in wait_until_succcess
    self.wait_until_status("SUCCESSFUL")
  File "/home/pi/actions-runner/_work/thin-edge.io/thin-edge.io/tests/PySys/software_management_end_to_end/environment_sm_management.py", line 381, in wait_until_status
    "Timeout while waiting for status %s or %s" % (status, status2)
SystemError: Timeout while waiting for status SUCCESSFUL or False
07:45:02 WARN  SystemError: Timeout while waiting for status SUCCESSFUL or False ... blocked 
07:45:02 INFO  
07:45:02 INFO  cleanup:
07:45:07 INFO  Executed sudo&lt;tedge_disconnect_c8y&gt;, exit status 0
07:45:07 INFO  Executed systemctl&lt;serv_mapper5&gt;, exit status 3
07:45:07 INFO  
07:45:07 INFO  Test duration: 179.39 secs
07:45:07 INFO  Test final outcome:  BLOCKED
07:45:07 INFO  Test outcome reason: SystemError: Timeout while waiting for status SUCCESSFUL or False
07:45:07 INFO  
</system-out>
	</testcase>
<testcase classname="PySysTest" name="SoftwareManagement.sm_apt_install_remove_multiple_mixed">
		<failure message="BLOCKED: SystemError: Timeout while waiting for status SUCCESSFUL or False (+1 other failures)" type="BLOCKED" />
		<system-out>08:08:09 INFO  ==============================================================
08:08:09 INFO  Id:    SoftwareManagement.sm_apt_install_remove_multiple_mixed
08:08:09 INFO  Dir:   software_management_end_to_end/
08:08:09 INFO  Title: Validate end to end behaviour for the apt plugin for multiple packages with mixed versions
08:08:09 INFO  ==============================================================
08:08:09 INFO  Using sw id database: {'asciijump': '5475369', 'robotfindskitten': '5474869', 'squirrel3': '5475279', 'rolldice': '5152439', 'moon-buggy': '5439204', 'apple': '5495053', 'banana': '5494888', 'cherry': '5495382', 'watermelon': '5494510', 'registry': '8018911', 'hello-world': '8021526', 'docker/getting-started': '8021973', 'alpine': '7991792'}
08:08:09 INFO  EnvironmentC8y Setup
08:08:10 INFO  Executed systemctl&lt;serv_mapper1&gt;, exit status 3
08:08:10 INFO  Restarting mosquitto too frequently in the last 10 seconds. It was only up for 5 seconds
08:08:10 INFO  Delaying execution by 6 seconds
08:08:29 INFO  Executed sudo&lt;tedge_connect_c8y&gt;, exit status 0, duration 13 secs
08:08:30 INFO  Executed sudo&lt;tedge_connect_c8y_test&gt;, exit status 0
08:08:31 INFO  Executed systemctl&lt;serv_mosq2&gt;, exit status 0
08:08:31 INFO  Executed systemctl&lt;serv_mapper3&gt;, exit status 0
08:08:33 INFO  State of current operation: SUCCESSFUL
08:08:33 INFO  Assert that (False == value) with value=False ... passed
08:08:34 INFO  Assert that (False == value) with value=False ... passed
08:08:34 INFO  Assert that (False == value) with value=False ... passed
08:08:34 INFO  Assert that (False == value) with value=False ... passed
08:08:34 INFO  Package moon-buggy is installed
08:08:34 WARN  Assert that (False == value) with value=True ... failed 
08:08:36 INFO  Response status: 201
08:08:36 INFO  Response to action: {
    "creationTime": "2022-06-09T08:08:36.188Z",
    "deviceId": "20070102",
    "deviceName": "m32sd10d",
    "self": "https://t493319102.eu-latest.cumulocity.com/devicecontrol/operations/20084817",
    "id": "20084817",
    "status": "PENDING",
    "description": "Apply software changes, triggered from PySys: [{'action': 'install', 'id': '5475369', 'name': 'asciijump', 'url': ' ', 'version': '::apt'}, {'action': 'install', 'id': '5474869', 'name': 'robotfindskitten', 'url': ' ', 'version': ' '}, {'action': 'install', 'id': '5475279', 'name': 'squirrel3', 'url': ' ', 'version': '3.1-7::apt'}, {'action': 'install', 'id': '5152439', 'name': 'rolldice', 'url': ' ', 'version': '1.16-1+b1'}, {'action': 'install', 'id': '5439204', 'name': 'moon-buggy', 'url': ' ', 'version': '1:1.0.51-12'}, {'action': 'install', 'id': '5475369', 'name': 'asciijump', 'url': ' ', 'version': '::apt'}]",
    "c8y_SoftwareUpdate": [
        {
            "name": "asciijump",
            "action": "install",
            "id": "5475369",
            "version": "::apt",
            "url": " "
        },
        {
            "name": "robotfindskitten",
            "action": "install",
            "id": "5474869",
            "version": " ",
            "url": " "
        },
        {
            "name": "squirrel3",
            "action": "install",
            "id": "5475279",
            "version": "3.1-7::apt",
            "url": " "
        },
        {
            "name": "rolldice",
            "action": "install",
            "id": "5152439",
            "version": "1.16-1+b1",
            "url": " "
        },
        {
            "name": "moon-buggy",
            "action": "install",
            "id": "5439204",
            "version": "1:1.0.51-12",
            "url": " "
        },
        {
            "name": "asciijump",
            "action": "install",
            "id": "5475369",
            "version": "::apt",
            "url": " "
        }
    ]
}
08:08:36 INFO  Started operation: {'creationTime': '2022-06-09T08:08:36.188Z', 'deviceId': '20070102', 'deviceName': 'm32sd10d', 'self': 'https://t493319102.eu-latest.cumulocity.com/devicecontrol/operations/20084817', 'id': '20084817', 'status': 'PENDING', 'description': "Apply software changes, triggered from PySys: [{'action': 'install', 'id': '5475369', 'name': 'asciijump', 'url': ' ', 'version': '::apt'}, {'action': 'install', 'id': '5474869', 'name': 'robotfindskitten', 'url': ' ', 'version': ' '}, {'action': 'install', 'id': '5475279', 'name': 'squirrel3', 'url': ' ', 'version': '3.1-7::apt'}, {'action': 'install', 'id': '5152439', 'name': 'rolldice', 'url': ' ', 'version': '1.16-1+b1'}, {'action': 'install', 'id': '5439204', 'name': 'moon-buggy', 'url': ' ', 'version': '1:1.0.51-12'}, {'action': 'install', 'id': '5475369', 'name': 'asciijump', 'url': ' ', 'version': '::apt'}]", 'c8y_SoftwareUpdate': [{'name': 'asciijump', 'action': 'install', 'id': '5475369', 'version': '::apt', 'url': ' '}, {'name': 'robotfindskitten', 'action': 'install', 'id': '5474869', 'version': ' ', 'url': ' '}, {'name': 'squirrel3', 'action': 'install', 'id': '5475279', 'version': '3.1-7::apt', 'url': ' '}, {'name': 'rolldice', 'action': 'install', 'id': '5152439', 'version': '1.16-1+b1', 'url': ' '}, {'name': 'moon-buggy', 'action': 'install', 'id': '5439204', 'version': '1:1.0.51-12', 'url': ' '}, {'name': 'asciijump', 'action': 'install', 'id': '5475369', 'version': '::apt', 'url': ' '}]}
08:08:38 INFO  State of operation 20084817 : PENDING
08:08:40 INFO  State of operation 20084817 : EXECUTING
08:08:42 INFO  State of operation 20084817 : EXECUTING
08:08:45 INFO  State of operation 20084817 : EXECUTING
08:08:47 INFO  State of operation 20084817 : EXECUTING
08:08:49 INFO  State of operation 20084817 : EXECUTING
08:08:52 INFO  State of operation 20084817 : EXECUTING
08:08:55 INFO  State of operation 20084817 : EXECUTING
08:08:57 INFO  State of operation 20084817 : EXECUTING
08:09:00 INFO  State of operation 20084817 : EXECUTING
08:09:02 INFO  State of operation 20084817 : EXECUTING
08:09:04 INFO  State of operation 20084817 : EXECUTING
08:09:06 INFO  State of operation 20084817 : EXECUTING
08:09:09 INFO  State of operation 20084817 : EXECUTING
08:09:11 INFO  State of operation 20084817 : EXECUTING
08:09:13 INFO  State of operation 20084817 : EXECUTING
08:09:16 INFO  State of operation 20084817 : EXECUTING
08:09:18 INFO  State of operation 20084817 : EXECUTING
08:09:21 INFO  State of operation 20084817 : EXECUTING
08:09:23 INFO  State of operation 20084817 : EXECUTING
08:09:25 INFO  State of operation 20084817 : EXECUTING
08:09:28 INFO  State of operation 20084817 : EXECUTING
08:09:30 INFO  State of operation 20084817 : EXECUTING
08:09:32 INFO  State of operation 20084817 : EXECUTING
08:09:34 INFO  State of operation 20084817 : EXECUTING
08:09:37 INFO  State of operation 20084817 : EXECUTING
08:09:39 INFO  State of operation 20084817 : EXECUTING
08:09:41 INFO  State of operation 20084817 : EXECUTING
08:09:44 INFO  State of operation 20084817 : EXECUTING
08:09:46 INFO  State of operation 20084817 : EXECUTING
08:09:48 INFO  State of operation 20084817 : EXECUTING
08:09:51 INFO  State of operation 20084817 : EXECUTING
08:09:53 INFO  State of operation 20084817 : EXECUTING
08:09:55 INFO  State of operation 20084817 : EXECUTING
08:09:57 INFO  State of operation 20084817 : EXECUTING
08:10:00 INFO  State of operation 20084817 : EXECUTING
08:10:02 INFO  State of operation 20084817 : EXECUTING
08:10:04 INFO  State of operation 20084817 : EXECUTING
08:10:07 INFO  State of operation 20084817 : EXECUTING
08:10:10 INFO  State of operation 20084817 : EXECUTING
08:10:12 INFO  State of operation 20084817 : EXECUTING
08:10:14 INFO  State of operation 20084817 : EXECUTING
08:10:16 INFO  State of operation 20084817 : EXECUTING
08:10:19 INFO  State of operation 20084817 : EXECUTING
08:10:21 INFO  State of operation 20084817 : EXECUTING
08:10:23 INFO  State of operation 20084817 : EXECUTING
08:10:25 INFO  State of operation 20084817 : EXECUTING
08:10:28 INFO  State of operation 20084817 : EXECUTING
08:10:31 INFO  State of operation 20084817 : EXECUTING
08:10:33 INFO  State of operation 20084817 : EXECUTING
08:10:35 INFO  State of operation 20084817 : EXECUTING
08:10:37 INFO  State of operation 20084817 : EXECUTING
08:10:40 INFO  State of operation 20084817 : EXECUTING
08:10:42 INFO  State of operation 20084817 : EXECUTING
08:10:45 INFO  State of operation 20084817 : EXECUTING
08:10:47 INFO  State of operation 20084817 : EXECUTING
08:10:50 INFO  State of operation 20084817 : EXECUTING
08:10:53 INFO  State of operation 20084817 : EXECUTING
08:10:55 INFO  State of operation 20084817 : EXECUTING
08:10:57 INFO  State of operation 20084817 : EXECUTING
08:11:00 INFO  State of operation 20084817 : EXECUTING
08:11:02 WARN  SystemError occurred while running test - Timeout while waiting for status SUCCESSFUL or False
Traceback (most recent call last):
  File "/home/pi/env-pysys/lib/python3.7/site-packages/pysys/baserunner.py", line 1294, in __call__
    self.testObj.execute()
  File "/home/pi/actions-runner/_work/thin-edge.io/thin-edge.io/tests/PySys/software_management_end_to_end/sm_apt_install_remove_multiple_mixed/run.py", line 89, in execute
    self.wait_until_succcess()
  File "/home/pi/actions-runner/_work/thin-edge.io/thin-edge.io/tests/PySys/software_management_end_to_end/environment_sm_management.py", line 324, in wait_until_succcess
    self.wait_until_status("SUCCESSFUL")
  File "/home/pi/actions-runner/_work/thin-edge.io/thin-edge.io/tests/PySys/software_management_end_to_end/environment_sm_management.py", line 381, in wait_until_status
    "Timeout while waiting for status %s or %s" % (status, status2)
SystemError: Timeout while waiting for status SUCCESSFUL or False
08:11:02 WARN  SystemError: Timeout while waiting for status SUCCESSFUL or False ... blocked 
08:11:02 INFO  
08:11:02 INFO  cleanup:
08:11:06 INFO  Executed sudo&lt;tedge_disconnect_c8y&gt;, exit status 0
08:11:06 INFO  Executed systemctl&lt;serv_mapper5&gt;, exit status 3
08:11:06 INFO  
08:11:06 INFO  Test duration: 177.47 secs
08:11:06 INFO  Test final outcome:  BLOCKED
08:11:06 INFO  Test outcome reason: SystemError: Timeout while waiting for status SUCCESSFUL or False (+1 other failures)
08:11:06 INFO  
</system-out>
	</testcase>
</testsuite><testsuite name="SoftwareManagement.sm_apt_install_remove_with_version" tests="3" errors="0" failures="0" skipped="1" time="0"><testcase classname="PySysTest" name="SoftwareManagement.sm_apt_install_remove_with_version">
		<skipped message="SKIPPED: Testing the apt plugin is not supported on this platform.Use parameter -XmyPlatform='container' to enable it" />
		<system-out>07:07:17 INFO  ==============================================================
07:07:17 INFO  Id:    SoftwareManagement.sm_apt_install_remove_with_version
07:07:17 INFO  Dir:   software_management_end_to_end/
07:07:17 INFO  Title: Validate end to end behaviour for the apt plugin for packages with version
07:07:17 INFO  ==============================================================
07:07:17 INFO  Testing the apt plugin is not supported on this platform.Use parameter -XmyPlatform='container' to enable it ... skipped
07:07:17 WARN  Aborted test due to SKIPPED outcome
07:07:17 INFO  
07:07:17 INFO  Test duration: 0.02 secs
07:07:17 INFO  Test final outcome:  SKIPPED
07:07:17 INFO  Test outcome reason: Testing the apt plugin is not supported on this platform.Use parameter -XmyPlatform='container' to enable it
07:07:17 INFO  
</system-out>
	</testcase>
<testcase classname="PySysTest" name="SoftwareManagement.sm_apt_install_remove_with_version" />
<testcase classname="PySysTest" name="SoftwareManagement.sm_apt_install_remove_with_version" />
</testsuite><testsuite name="SoftwareManagement.sm_docker_install_remove_multiple" tests="3" errors="0" failures="0" skipped="1" time="0"><testcase classname="SMDockerInstallRemove" name="SoftwareManagement.sm_docker_install_remove_multiple">
		<skipped message="SKIPPED: Testing the apt plugin is not supported on this platform.Use parameter -XmyPlatform='container' to enable it" />
		<system-out>07:07:17 INFO  ==============================================================
07:07:17 INFO  Id:    SoftwareManagement.sm_docker_install_remove_multiple
07:07:17 INFO  Dir:   software_management_end_to_end/
07:07:17 INFO  Title: Validate end to end behaviour for the docker plugin for multiple docker images with mixed versions
07:07:17 INFO  ==============================================================
07:07:17 INFO  Testing the apt plugin is not supported on this platform.Use parameter -XmyPlatform='container' to enable it ... skipped
07:07:17 WARN  Aborted test due to SKIPPED outcome
07:07:17 INFO  
07:07:17 INFO  Test duration: 0.03 secs
07:07:17 INFO  Test final outcome:  SKIPPED
07:07:17 INFO  Test outcome reason: Testing the apt plugin is not supported on this platform.Use parameter -XmyPlatform='container' to enable it
07:07:17 INFO  
</system-out>
	</testcase>
<testcase classname="SMDockerInstallRemove" name="SoftwareManagement.sm_docker_install_remove_multiple" />
<testcase classname="SMDockerInstallRemove" name="SoftwareManagement.sm_docker_install_remove_multiple" />
</testsuite><testsuite name="SoftwareManagement.sm_fake_install_remove" tests="2" errors="0" failures="0" skipped="1" time="0"><testcase classname="PySysTest" name="SoftwareManagement.sm_fake_install_remove">
		<skipped message="SKIPPED: Testing the fake plugin is not enabled.Use parameter -Xfakeplugin=fakeplugin to enable it" />
		<system-out>07:07:17 INFO  ==============================================================
07:07:17 INFO  Id:    SoftwareManagement.sm_fake_install_remove
07:07:17 INFO  Dir:   software_management_end_to_end/
07:07:17 INFO  Title: Validate end to end behaviour for the dummy plugin for installation and removal of packages
07:07:17 INFO  ==============================================================
07:07:17 INFO  Testing the fake plugin is not enabled.Use parameter -Xfakeplugin=fakeplugin to enable it ... skipped
07:07:17 WARN  Aborted test due to SKIPPED outcome
07:07:17 INFO  
07:07:17 INFO  Test duration: 0.02 secs
07:07:17 INFO  Test final outcome:  SKIPPED
07:07:17 INFO  Test outcome reason: Testing the fake plugin is not enabled.Use parameter -Xfakeplugin=fakeplugin to enable it
07:07:17 INFO  
</system-out>
	</testcase>
<testcase classname="PySysTest" name="SoftwareManagement.sm_fake_install_remove" />
</testsuite><testsuite name="SoftwareManagement.sm_fake_install_remove_multiple" tests="2" errors="0" failures="0" skipped="1" time="0"><testcase classname="PySysTest" name="SoftwareManagement.sm_fake_install_remove_multiple">
		<skipped message="SKIPPED: Testing the fake plugin is not enabled.Use parameter -Xfakeplugin=fakeplugin to enable it" />
		<system-out>07:07:17 INFO  ==============================================================
07:07:17 INFO  Id:    SoftwareManagement.sm_fake_install_remove_multiple
07:07:17 INFO  Dir:   software_management_end_to_end/
07:07:17 INFO  Title: Validate end to end behaviour for the dummy-plugin for multiple packages
07:07:17 INFO  ==============================================================
07:07:17 INFO  Testing the fake plugin is not enabled.Use parameter -Xfakeplugin=fakeplugin to enable it ... skipped
07:07:17 WARN  Aborted test due to SKIPPED outcome
07:07:17 INFO  
07:07:17 INFO  Test duration: 0.02 secs
07:07:17 INFO  Test final outcome:  SKIPPED
07:07:17 INFO  Test outcome reason: Testing the fake plugin is not enabled.Use parameter -Xfakeplugin=fakeplugin to enable it
07:07:17 INFO  
</system-out>
	</testcase>
<testcase classname="PySysTest" name="SoftwareManagement.sm_fake_install_remove_multiple" />
</testsuite><testsuite name="SoftwareManagement.sm_mapper_fail_and_reconnect" tests="2" errors="0" failures="0" skipped="2" time="0"><testcase classname="MapperC8yReceiveLastMessageOnRestart" name="SoftwareManagement.sm_mapper_fail_and_reconnect">
		<skipped message="SKIPPED: instable https://github.com/thin-edge/thin-edge.io/issues/752" />
		<system-out>07:07:17 INFO  ==============================================================
07:07:17 INFO  Id:    SoftwareManagement.sm_mapper_fail_and_reconnect
07:07:17 INFO  Dir:   software_management_end_to_end/
07:07:17 INFO  Title: Validate the tedge-mapper-sm-c8y for receiving the last message on restart
07:07:17 INFO  ==============================================================
07:07:17 INFO  instable https://github.com/thin-edge/thin-edge.io/issues/752 ... skipped
07:07:17 INFO  
07:07:17 INFO  Test duration: 0.02 secs
07:07:17 INFO  Test final outcome:  SKIPPED
07:07:17 INFO  Test outcome reason: instable https://github.com/thin-edge/thin-edge.io/issues/752
07:07:17 INFO  
</system-out>
	</testcase>
<testcase classname="MapperC8yReceiveLastMessageOnRestart" name="SoftwareManagement.sm_mapper_fail_and_reconnect">
		<skipped message="SKIPPED: instable https://github.com/thin-edge/thin-edge.io/issues/752" />
		<system-out>08:17:47 INFO  ==============================================================
08:17:47 INFO  Id:    SoftwareManagement.sm_mapper_fail_and_reconnect
08:17:47 INFO  Dir:   software_management_end_to_end/
08:17:47 INFO  Title: Validate the tedge-mapper-sm-c8y for receiving the last message on restart
08:17:47 INFO  ==============================================================
08:17:47 INFO  instable https://github.com/thin-edge/thin-edge.io/issues/752 ... skipped
08:17:47 INFO  
08:17:47 INFO  Test duration: 0.11 secs
08:17:47 INFO  Test final outcome:  SKIPPED
08:17:47 INFO  Test outcome reason: instable https://github.com/thin-edge/thin-edge.io/issues/752
08:17:47 INFO  
</system-out>
	</testcase>
</testsuite><testsuite name="SoftwareManagement.sm_mixed_install_remove_multiple" tests="2" errors="0" failures="1" skipped="1" time="0"><testcase classname="PySysTest" name="SoftwareManagement.sm_mixed_install_remove_multiple">
		<skipped message="SKIPPED: Testing the fake plugin is not enabled.Use parameter -Xfakeplugin=fakeplugin to enable it" />
		<system-out>07:07:17 INFO  ==============================================================
07:07:17 INFO  Id:    SoftwareManagement.sm_mixed_install_remove_multiple
07:07:17 INFO  Dir:   software_management_end_to_end/
07:07:17 INFO  Title: Validate end to end behaviour for the dummy-plugin for multiple packages with mixed versions
07:07:17 INFO  ==============================================================
07:07:17 INFO  Testing the fake plugin is not enabled.Use parameter -Xfakeplugin=fakeplugin to enable it ... skipped
07:07:17 WARN  Aborted test due to SKIPPED outcome
07:07:17 INFO  
07:07:17 INFO  Test duration: 0.03 secs
07:07:17 INFO  Test final outcome:  SKIPPED
07:07:17 INFO  Test outcome reason: Testing the fake plugin is not enabled.Use parameter -Xfakeplugin=fakeplugin to enable it
07:07:17 INFO  
</system-out>
	</testcase>
<testcase classname="PySysTest" name="SoftwareManagement.sm_mixed_install_remove_multiple">
		<failure message="FAILED: Assert that (False == value) with value=True" type="FAILED" />
		<system-out>08:17:47 INFO  ==============================================================
08:17:47 INFO  Id:    SoftwareManagement.sm_mixed_install_remove_multiple
08:17:47 INFO  Dir:   software_management_end_to_end/
08:17:47 INFO  Title: Validate end to end behaviour for the dummy-plugin for multiple packages with mixed versions
[...]
06:55:42 INFO  Executed sudo&lt;rm_tmp_logs&gt;, exit status 0
06:55:42 INFO  Executed sudo&lt;send_failed&gt;, exit status 0
06:55:43 INFO  Executed sudo&lt;log_file_daemon&gt;, exit status 0
06:55:47 INFO  Executed sudo&lt;tedge_disconnect_c8y&gt;, exit status 0
06:55:48 INFO  Executed systemctl&lt;serv_mapper5&gt;, exit status 3
06:55:48 INFO  
06:55:48 INFO  Test duration: 26.85 secs
06:55:48 INFO  Test final outcome:  BLOCKED
06:55:48 INFO  Test outcome reason: TypeError: 'NoneType' object is not subscriptable
06:55:48 INFO  
</system-out>
	</testcase>
</testsuite><testsuite name="log_request_num_lines" tests="1" errors="0" failures="1" skipped="0" time="0"><testcase classname="LogRequestVerifyNumberOfLines" name="log_request_num_lines">
		<failure message="BLOCKED: TypeError: 'NoneType' object is not subscriptable" type="BLOCKED" />
		<system-out>06:55:48 INFO  ==============================================================
06:55:48 INFO  Id:    log_request_num_lines
06:55:48 INFO  Dir:   log_request_end_to_end/
06:55:48 INFO  Title: Validate end to end behaviour for the log request operation check for number of lines
06:55:48 INFO  ==============================================================
06:55:48 INFO  EnvironmentC8y Setup
06:55:48 INFO  Executed systemctl&lt;serv_mapper1&gt;, exit status 3
06:55:48 INFO  Restarting mosquitto too frequently in the last 10 seconds. It was only up for 4 seconds
06:55:48 INFO  Delaying execution by 7 seconds
06:56:10 INFO  Executed sudo&lt;tedge_connect_c8y&gt;, exit status 0, duration 14 secs
06:56:10 INFO  Executed sudo&lt;tedge_connect_c8y_test&gt;, exit status 0
06:56:11 INFO  Executed systemctl&lt;serv_mosq2&gt;, exit status 0
06:56:11 INFO  Executed systemctl&lt;serv_mapper3&gt;, exit status 0
06:56:12 INFO  Executed sudo&lt;rm_logs&gt;, exit status 0
06:56:12 INFO  Executed sudo&lt;move_logs&gt;, exit status 0
06:56:13 INFO  Executed sudo&lt;log_file_daemon&gt;, exit status 0
06:56:13 WARN  TypeError occurred while running test - 'NoneType' object is not subscriptable
Traceback (most recent call last):
  File "/home/pi/env-pysys/lib/python3.7/site-packages/pysys/baserunner.py", line 1294, in __call__
    self.testObj.execute()
  File "/home/pi/actions-runner/_work/thin-edge.io/thin-edge.io/tests/PySys/log_request_end_to_end/log_request_num_lines/run.py", line 46, in execute
    log_file_request_payload, self.project.deviceid
  File "/home/pi/actions-runner/_work/thin-edge.io/thin-edge.io/tests/PySys/environments/cumulocity.py", line 101, in trigger_log_request
    "deviceId": self.device_fragment["id"],
TypeError: 'NoneType' object is not subscriptable
06:56:13 WARN  TypeError: 'NoneType' object is not subscriptable ... blocked 
06:56:13 INFO  
06:56:13 INFO  cleanup:
06:56:14 INFO  Executed sudo&lt;rm_logs&gt;, exit status 0
06:56:15 INFO  Executed sudo&lt;rm_tmp_logs&gt;, exit status 0
06:56:15 INFO  Executed sudo&lt;send_failed&gt;, exit status 0
06:56:16 INFO  Executed sudo&lt;log_file_daemon&gt;, exit status 0
06:56:20 INFO  Executed sudo&lt;tedge_disconnect_c8y&gt;, exit status 0
06:56:20 INFO  Executed systemctl&lt;serv_mapper5&gt;, exit status 3
06:56:20 INFO  
06:56:20 INFO  Test duration: 32.55 secs
06:56:20 INFO  Test final outcome:  BLOCKED
06:56:20 INFO  Test outcome reason: TypeError: 'NoneType' object is not subscriptable
06:56:20 INFO  
</system-out>
	</testcase>
</testsuite><testsuite name="mapper_awaits_before_reconnect" tests="1" errors="0" failures="1" skipped="0" time="0"><testcase classname="MapperReconnectAwait" name="mapper_awaits_before_reconnect">
		<failure message="FAILED: Line count on tedge_mapper_journal.out for &quot;tedge_mapper::core::mapper: MQTT connection error:&quot; expected &gt;=2 but got 0" type="FAILED" />
		<system-out>07:10:20 INFO  ==============================================================
07:10:20 INFO  Id:    mapper_awaits_before_reconnect
07:10:20 INFO  Dir:   tedge_mapper_c8y/
07:10:20 INFO  Title: Validate mapper doesn't reconnect too often
07:10:20 INFO  ==============================================================
07:10:20 INFO  Started mosquitto_sub with process id 20280
07:10:21 INFO  Waiting for 0.1 seconds
07:10:21 INFO  Executed sudo&lt;tedge_mapper&gt;, exit status 0
07:10:21 INFO  Waiting for 5.0 seconds
07:10:27 INFO  Executed sudo&lt;tedge_mapper&gt;, exit status 0
07:10:32 INFO  Executed sudo&lt;tedge_mapper_journal&gt;, exit status 0
07:10:32 WARN  Grep on tedge_mapper_journal.out contains "ERROR" ... failed [run.py:67]
07:10:32 INFO  Line count on file tedge_mapper_journal.out ... passed
07:10:32 WARN  Line count on tedge_mapper_journal.out for "tedge_mapper::core::mapper: MQTT connection error:" expected &gt;=2 but got 0 ... failed [run.py:78]
07:10:32 WARN  Aborted test due to FAILED outcome
07:10:32 INFO  
07:10:32 INFO  Test duration: 11.13 secs
07:10:32 INFO  Test final outcome:  FAILED
07:10:32 INFO  Test outcome reason: Line count on tedge_mapper_journal.out for "tedge_mapper::core::mapper: MQTT connection error:" expected &gt;=2 but got 0
07:10:32 INFO  
</system-out>
	</testcase>
</testsuite><testsuite name="monitoring_smaller_interval" tests="1" errors="0" failures="1" skipped="0" time="0"><testcase classname="MonitoringSmallInterval" name="monitoring_smaller_interval">
		<failure message="BLOCKED: TypeError: 'int' object is not subscriptable" type="BLOCKED" />
		<system-out>06:57:22 INFO  ==============================================================
06:57:22 INFO  Id:    monitoring_smaller_interval
06:57:22 INFO  Dir:   monitoring/
06:57:22 INFO  Title: Validate the tedge dm agent messages that are produced with smaller sampling interval than the batching window. Here the simulated collectd messages are used
06:57:22 INFO  ==============================================================
06:57:23 INFO  Executed sudo&lt;collectd&gt;, exit status 0
06:57:23 INFO  Executed sudo&lt;collectd_mapper&gt;, exit status 0
06:57:23 INFO  Started sudo&lt;tedge_sub&gt; with process id 16421
06:57:24 INFO  Executed sudo&lt;tedge_temp&gt;, exit status 0
06:57:24 INFO  Executed sudo&lt;tedge_pres&gt;, exit status 0
06:57:25 INFO  Executed sudo&lt;tedge_temp&gt;, exit status 0
06:57:25 INFO  Executed sudo&lt;tedge_pres&gt;, exit status 0
06:57:26 INFO  Executed sudo&lt;tedge_temp&gt;, exit status 0
06:57:27 INFO  Executed sudo&lt;tedge_pres&gt;, exit status 0
06:57:27 INFO  Executed sudo&lt;tedge_temp&gt;, exit status 0
06:57:28 INFO  Executed sudo&lt;tedge_pres&gt;, exit status 0
06:57:28 INFO  Executed sudo&lt;tedge_temp&gt;, exit status 0
06:57:29 INFO  Executed sudo&lt;tedge_pres&gt;, exit status 0
06:57:29 INFO  Executed sudo&lt;tedge_temp&gt;, exit status 0
06:57:30 INFO  Executed sudo&lt;tedge_pres&gt;, exit status 0
06:57:31 INFO  Executed sudo&lt;tedge_temp&gt;, exit status 0
06:57:31 INFO  Executed sudo&lt;tedge_pres&gt;, exit status 0
06:57:32 INFO  Executed sudo&lt;tedge_temp&gt;, exit status 0
06:57:32 INFO  Executed sudo&lt;tedge_pres&gt;, exit status 0
06:57:33 INFO  Executed sudo&lt;tedge_temp&gt;, exit status 0
06:57:33 INFO  Executed sudo&lt;tedge_pres&gt;, exit status 0
06:57:34 INFO  Executed sudo&lt;tedge_temp&gt;, exit status 0
06:57:35 INFO  Executed sudo&lt;tedge_pres&gt;, exit status 0
06:57:36 INFO  Executed sudo&lt;kill_out&gt;, exit status 0
06:57:36 INFO  0

06:57:36 WARN  TypeError occurred while running test - 'int' object is not subscriptable
Traceback (most recent call last):
  File "/home/pi/env-pysys/lib/python3.7/site-packages/pysys/baserunner.py", line 1296, in __call__
    self.testObj.validate()
  File "/home/pi/actions-runner/_work/thin-edge.io/thin-edge.io/tests/PySys/monitoring/monitoring_smaller_interval/run.py", line 104, in validate
    collectd_msg_validation_result=self.validate_json(),
  File "/home/pi/actions-runner/_work/thin-edge.io/thin-edge.io/tests/PySys/monitoring/monitoring_smaller_interval/run.py", line 114, in validate_json
    if not self.validate_time():
  File "/home/pi/actions-runner/_work/thin-edge.io/thin-edge.io/tests/PySys/monitoring/monitoring_smaller_interval/run.py", line 134, in validate_time
    if self.js_msg["time"]:
TypeError: 'int' object is not subscriptable
06:57:36 WARN  TypeError: 'int' object is not subscriptable ... blocked 
06:57:36 INFO  
06:57:36 INFO  cleanup:
06:57:36 INFO  monitoring_cleanup
06:57:37 INFO  Executed sudo&lt;collectd_mapper&gt;, exit status 0
06:57:37 INFO  
06:57:37 INFO  Test duration: 14.95 secs
06:57:37 INFO  Test final outcome:  BLOCKED
06:57:37 INFO  Test outcome reason: TypeError: 'int' object is not subscriptable
06:57:37 INFO  
</system-out>
	</testcase>
</testsuite><testsuite name="monitoring_with_collectd" tests="1" errors="0" failures="0" skipped="1" time="0"><testcase classname="MonitoringWithCollectd" name="monitoring_with_collectd">
		<skipped message="SKIPPED: Test execution disabled due to #792 (instable)" />
		<system-out>06:57:37 INFO  ==============================================================
06:57:37 INFO  Id:    monitoring_with_collectd
06:57:37 INFO  Dir:   monitoring/
06:57:37 INFO  Title: Validate tedge dm agent messages that are produced by batching the collectd messages
06:57:37 INFO  ==============================================================
06:57:37 INFO  Test execution disabled due to #792 (instable) ... skipped
06:57:37 INFO  
06:57:37 INFO  Test duration: 0.03 secs
06:57:37 INFO  Test final outcome:  SKIPPED
06:57:37 INFO  Test outcome reason: Test execution disabled due to #792 (instable)
06:57:37 INFO  
</system-out>
	</testcase>
</testsuite><testsuite name="monitoring_with_simulated_messages" tests="1" errors="0" failures="1" skipped="0" time="0"><testcase classname="MonitoringWithSimulatedMessages" name="monitoring_with_simulated_messages">
		<failure message="BLOCKED: TypeError: 'int' object is not subscriptable" type="BLOCKED" />
		<system-out>06:57:37 INFO  ==============================================================
06:57:37 INFO  Id:    monitoring_with_simulated_messages
06:57:37 INFO  Dir:   monitoring/
06:57:37 INFO  Title: Validate the tedge dm agent messages that are produced from the simulated collectd messages
06:57:37 INFO  ==============================================================
06:57:37 INFO  Executed sudo&lt;collectd&gt;, exit status 0
06:57:38 INFO  Executed sudo&lt;collectd_mapper&gt;, exit status 0
06:57:38 INFO  Started sudo&lt;tedge_sub&gt; with process id 16491
06:57:39 INFO  Executed sudo&lt;tedge_temp&gt;, exit status 0
06:57:39 INFO  Executed sudo&lt;tedge_pres&gt;, exit status 0
06:57:41 INFO  Executed sudo&lt;kill_out&gt;, exit status 0
06:57:41 INFO  0

06:57:41 WARN  TypeError occurred while running test - 'int' object is not subscriptable
Traceback (most recent call last):
  File "/home/pi/env-pysys/lib/python3.7/site-packages/pysys/baserunner.py", line 1296, in __call__
    self.testObj.validate()
  File "/home/pi/actions-runner/_work/thin-edge.io/thin-edge.io/tests/PySys/monitoring/monitoring_with_simulated_messages/run.py", line 98, in validate
    collectd_msg_validation_result=self.validate_json(),
  File "/home/pi/actions-runner/_work/thin-edge.io/thin-edge.io/tests/PySys/monitoring/monitoring_with_simulated_messages/run.py", line 108, in validate_json
    if not self.validate_time():
  File "/home/pi/actions-runner/_work/thin-edge.io/thin-edge.io/tests/PySys/monitoring/monitoring_with_simulated_messages/run.py", line 127, in validate_time
    if self.js_msg["time"]:
TypeError: 'int' object is not subscriptable
06:57:41 WARN  TypeError: 'int' object is not subscriptable ... blocked 
06:57:41 INFO  
06:57:41 INFO  cleanup:
06:57:41 INFO  monitoring_cleanup
06:57:41 INFO  Executed sudo&lt;collectd_mapper&gt;, exit status 0
06:57:41 INFO  
06:57:41 INFO  Test duration: 4.48 secs
06:57:41 INFO  Test final outcome:  BLOCKED
06:57:41 INFO  Test outcome reason: TypeError: 'int' object is not subscriptable
06:57:41 INFO  
</system-out>
	</testcase>
</testsuite><testsuite name="mqtt_port_change_connection_fails" tests="1" errors="0" failures="0" skipped="0" time="0"><testcase classname="MqttPortChangeConnectionFails" name="mqtt_port_change_connection_fails" />
</testsuite><testsuite name="mqtt_port_change_connection_works" tests="1" errors="0" failures="0" skipped="1" time="0"><testcase classname="MqttPortChangeConnectionWorks" name="mqtt_port_change_connection_works">
		<skipped message="SKIPPED: failing intermitently" />
		<system-out>06:56:55 INFO  ==============================================================
06:56:55 INFO  Id:    mqtt_port_change_connection_works
06:56:55 INFO  Dir:   misc_features/
06:56:55 INFO  Title: mqtt port change connection works for all the thin-edge services that use the mosquitto broker
06:56:55 INFO  ==============================================================
06:56:55 INFO  failing intermitently ... skipped
06:56:55 INFO  
06:56:55 INFO  Test duration: 0.03 secs
06:56:55 INFO  Test final outcome:  SKIPPED
06:56:55 INFO  Test outcome reason: failing intermitently
06:56:55 INFO  
</system-out>
	</testcase>
</testsuite><testsuite name="publish_flux" tests="1" errors="0" failures="0" skipped="0" time="0"><testcase classname="PublishFlux" name="publish_flux" />
</testsuite><testsuite name="publish_sawmill" tests="1" errors="0" failures="0" skipped="0" time="0"><testcase classname="PublishSawmill" name="publish_sawmill" />
</testsuite><testsuite name="runtime_start_two_mappers" tests="1" errors="0" failures="0" skipped="0" time="0"><testcase classname="RuntimeMultiMappers" name="runtime_start_two_mappers" />
</testsuite><testsuite name="sm_tedge_mapper_init_session" tests="1" errors="0" failures="0" skipped="0" time="0"><testcase classname="TedgeSMMapperInitSession" name="sm_tedge_mapper_init_session" />
</testsuite><testsuite name="smoketest_json" tests="1" errors="0" failures="0" skipped="0" time="0"><testcase classname="SmokeTestJson" name="smoketest_json" />
</testsuite><testsuite name="smoketest_json_400_samples_10ms" tests="1" errors="0" failures="0" skipped="0" time="0"><testcase classname="SmoketestJson400Samples10ms" name="smoketest_json_400_samples_10ms" />
</testsuite><testsuite name="smoketest_json_400_samples_20ms" tests="1" errors="0" failures="0" skipped="0" time="0"><testcase classname="SmoketestJson400Samples20ms" name="smoketest_json_400_samples_20ms" />
</testsuite><testsuite name="smoketest_smartrest" tests="1" errors="0" failures="0" skipped="0" time="0"><testcase classname="SmoketestSmartRest" name="smoketest_smartrest" />
</testsuite><testsuite name="smoketest_smartrest_400_samples_1Xms" tests="1" errors="0" failures="0" skipped="0" time="0"><testcase classname="SmoketestSmartRest400Samples1Xms" name="smoketest_smartrest_400_samples_1Xms" />
</testsuite><testsuite name="smoketest_smartrest_400_samples_20ms" tests="1" errors="0" failures="0" skipped="0" time="0"><testcase classname="SmoketestSmartRest400Samples20ms" name="smoketest_smartrest_400_samples_20ms" />
</testsuite><testsuite name="tedge_agent_user_sudo_access" tests="1" errors="0" failures="0" skipped="1" time="0"><testcase classname="TedgeAgentUserSudoAccess" name="tedge_agent_user_sudo_access">
		<skipped message="SKIPPED: #955 Observation: Exit code of the apt plugin when called with no arguments" />
		<system-out>07:07:43 INFO  ==============================================================
07:07:43 INFO  Id:    tedge_agent_user_sudo_access
07:07:43 INFO  Dir:   tedge/
07:07:43 INFO  Title: Validate tedge-agent user has a limited sudo right
07:07:43 INFO  ==============================================================
07:07:43 INFO  #955 Observation: Exit code of the apt plugin when called with no arguments ... skipped
07:07:43 INFO  
07:07:43 INFO  Test duration: 0.02 secs
07:07:43 INFO  Test final outcome:  SKIPPED
07:07:43 INFO  Test outcome reason: #955 Observation: Exit code of the apt plugin when called with no arguments
07:07:43 INFO  
</system-out>
	</testcase>
</testsuite><testsuite name="tedge_connect_test_negative" tests="1" errors="0" failures="0" skipped="0" time="0"><testcase classname="TedgeConnectTestNegative" name="tedge_connect_test_negative" />
</testsuite><testsuite name="tedge_connect_test_positive" tests="1" errors="0" failures="0" skipped="0" time="0"><testcase classname="TedgeConnectTestPositive" name="tedge_connect_test_positive" />
</testsuite><testsuite name="tedge_connect_test_sm_services" tests="1" errors="0" failures="0" skipped="0" time="0"><testcase classname="TedgeConnectTestSMServices" name="tedge_connect_test_sm_services" />
</testsuite><testsuite name="tedge_disconnect_test_sm_services" tests="1" errors="0" failures="0" skipped="0" time="0"><testcase classname="TedgeDisConnectTestSMServices" name="tedge_disconnect_test_sm_services" />
</testsuite><testsuite name="tedge_mapper_az_negative" tests="1" errors="0" failures="0" skipped="0" time="0"><testcase classname="TedgeMapperAzError" name="tedge_mapper_az_negative" />
</testsuite><testsuite name="tedge_mapper_az_with_timestamp" tests="1" errors="0" failures="0" skipped="0" time="0"><testcase classname="TedgeMapperAzWithTimestamp" name="tedge_mapper_az_with_timestamp" />
</testsuite><testsuite name="tedge_mapper_az_without_timestamp" tests="1" errors="0" failures="0" skipped="0" time="0"><testcase classname="TedgeMapperAzWithoutTimestamp" name="tedge_mapper_az_without_timestamp" />
</testsuite><testsuite name="tedge_mapper_c8y_alarms" tests="1" errors="0" failures="0" skipped="0" time="0"><testcase classname="TedgeMapperC8yAlarm" name="tedge_mapper_c8y_alarms" />
</testsuite><testsuite name="tedge_mapper_c8y_child_device_measurement" tests="1" errors="0" failures="0" skipped="0" time="0"><testcase classname="TedgeMapperC8yChildDevice" name="tedge_mapper_c8y_child_device_measurement" />
</testsuite><testsuite name="tedge_mapper_c8y_packet_threshold_size" tests="1" errors="0" failures="1" skipped="0" time="0"><testcase classname="TedgeMapperC8yThresholdPacketSize" name="tedge_mapper_c8y_packet_threshold_size">
		<failure message="FAILED: Grep on tedge_sub.out contains &quot;The size of the message received on tedge/measurements is 20489 which is greater than the threshold size of 16184.&quot;" type="FAILED" />
		<system-out>07:12:09 INFO  ==============================================================
07:12:09 INFO  Id:    tedge_mapper_c8y_packet_threshold_size
07:12:09 INFO  Dir:   tedge_mapper_c8y/
07:12:09 INFO  Title: Validate the Cumulocity Mapper accepted threshold packet size when it receives a message on tedge/measurements
07:12:09 INFO  ==============================================================
07:12:09 INFO  Executed sudo&lt;tedge_mapper_c8y&gt;, exit status 0
07:12:09 INFO  Started sudo&lt;tedge_sub&gt; with process id 20873
07:12:10 INFO  Executed sudo&lt;tedge_msg&gt;, exit status 0
07:12:11 INFO  Executed sudo&lt;tedge_pub&gt;, exit status 0
07:12:11 INFO  Executed sudo&lt;kill_out&gt;, exit status 0
07:12:11 WARN  Grep on tedge_sub.out contains "The size of the message received on tedge/measurements is 20489 which is greater than the threshold size of 16184." ... failed [run.py:88]
07:12:11 INFO  
07:12:11 INFO  cleanup:
07:12:11 INFO  mapper_cleanup
07:12:12 INFO  Executed sudo&lt;tedge_mapper_c8y&gt;, exit status 0
07:12:12 INFO  
07:12:12 INFO  Test duration: 2.97 secs
07:12:12 INFO  Test final outcome:  FAILED
07:12:12 INFO  Test outcome reason: Grep on tedge_sub.out contains "The size of the message received on tedge/measurements is 20489 which is greater than the threshold size of 16184."
07:12:12 INFO  
</system-out>
	</testcase>
</testsuite><testsuite name="tedge_software_update" tests="1" errors="0" failures="0" skipped="0" time="0"><testcase classname="PySysTest" name="tedge_software_update" />
</testsuite><testsuite name="valid_device_id" tests="1" errors="0" failures="0" skipped="0" time="0"><testcase classname="ValidateValidDeviceId" name="valid_device_id" />
</testsuite></testsuites>