<?xml version='1.0' encoding='utf-8'?>
<testsuites tests="147" failures="35" errors="0" skipped="45" time="0.0"><testsuite name="SoftwareManagement.Plugin.apama_plugin_install" tests="3" errors="0" failures="0" skipped="1" time="0"><testcase classname="ApamaPluginInstallTest" name="SoftwareManagement.Plugin.apama_plugin_install">
		<skipped message="SKIPPED: Apama plugin tests are disabled by default. Execute `pysys run` with `-XmyPlatform=container` to run these tests" />
		<system-out>11:09:22 INFO  ==============================================================
11:09:22 INFO  Id:    SoftwareManagement.Plugin.apama_plugin_install
11:09:22 INFO  Dir:   plugin_apama/
11:09:22 INFO  Title: Validate apama plugin install
11:09:22 INFO  ==============================================================
11:09:23 INFO  Apama plugin tests are disabled by default. Execute `pysys run` with `-XmyPlatform=container` to run these tests ... skipped
11:09:23 WARN  Aborted test due to SKIPPED outcome
11:09:23 INFO  
11:09:23 INFO  Test duration: 0.05 secs
11:09:23 INFO  Test final outcome:  SKIPPED
11:09:23 INFO  Test outcome reason: Apama plugin tests are disabled by default. Execute `pysys run` with `-XmyPlatform=container` to run these tests
11:09:23 INFO  
</system-out>
	</testcase>
<testcase classname="ApamaPluginInstallTest" name="SoftwareManagement.Plugin.apama_plugin_install" />
<testcase classname="ApamaPluginInstallTest" name="SoftwareManagement.Plugin.apama_plugin_install" />
</testsuite><testsuite name="SoftwareManagement.Plugin.apama_plugin_mon_support" tests="3" errors="0" failures="0" skipped="1" time="0"><testcase classname="ApamaPluginMonSupportTest" name="SoftwareManagement.Plugin.apama_plugin_mon_support">
		<skipped message="SKIPPED: Apama plugin tests are disabled by default. Execute `pysys run` with `-XmyPlatform=container` to run these tests" />
		<system-out>11:09:23 INFO  ==============================================================
11:09:23 INFO  Id:    SoftwareManagement.Plugin.apama_plugin_mon_support
11:09:23 INFO  Dir:   plugin_apama/
11:09:23 INFO  Title: Validate mon file support of apama plugin
11:09:23 INFO  ==============================================================
11:09:23 INFO  Apama plugin tests are disabled by default. Execute `pysys run` with `-XmyPlatform=container` to run these tests ... skipped
11:09:23 WARN  Aborted test due to SKIPPED outcome
11:09:23 INFO  
11:09:23 INFO  Test duration: 0.02 secs
11:09:23 INFO  Test final outcome:  SKIPPED
11:09:23 INFO  Test outcome reason: Apama plugin tests are disabled by default. Execute `pysys run` with `-XmyPlatform=container` to run these tests
11:09:23 INFO  
</system-out>
	</testcase>
<testcase classname="ApamaPluginMonSupportTest" name="SoftwareManagement.Plugin.apama_plugin_mon_support" />
<testcase classname="ApamaPluginMonSupportTest" name="SoftwareManagement.Plugin.apama_plugin_mon_support" />
</testsuite><testsuite name="SoftwareManagement.Plugin.apama_plugin_remove" tests="3" errors="0" failures="0" skipped="1" time="0"><testcase classname="ApamaPluginRemoveTest" name="SoftwareManagement.Plugin.apama_plugin_remove">
		<skipped message="SKIPPED: Apama plugin tests are disabled by default. Execute `pysys run` with `-XmyPlatform=container` to run these tests" />
		<system-out>11:09:23 INFO  ==============================================================
11:09:23 INFO  Id:    SoftwareManagement.Plugin.apama_plugin_remove
11:09:23 INFO  Dir:   plugin_apama/
11:09:23 INFO  Title: Validate apama plugin remove
11:09:23 INFO  ==============================================================
11:09:23 INFO  Apama plugin tests are disabled by default. Execute `pysys run` with `-XmyPlatform=container` to run these tests ... skipped
11:09:23 WARN  Aborted test due to SKIPPED outcome
11:09:23 INFO  
11:09:23 INFO  Test duration: 0.02 secs
11:09:23 INFO  Test final outcome:  SKIPPED
11:09:23 INFO  Test outcome reason: Apama plugin tests are disabled by default. Execute `pysys run` with `-XmyPlatform=container` to run these tests
11:09:23 INFO  
</system-out>
	</testcase>
<testcase classname="ApamaPluginRemoveTest" name="SoftwareManagement.Plugin.apama_plugin_remove" />
<testcase classname="ApamaPluginRemoveTest" name="SoftwareManagement.Plugin.apama_plugin_remove" />
</testsuite><testsuite name="SoftwareManagement.Plugin.apama_plugin_update" tests="3" errors="0" failures="2" skipped="1" time="0"><testcase classname="ApamaPluginUpdateTest" name="SoftwareManagement.Plugin.apama_plugin_update">
		<skipped message="SKIPPED: Apama plugin tests are disabled by default. Execute `pysys run` with `-XmyPlatform=container` to run these tests" />
		<system-out>11:09:23 INFO  ==============================================================
11:09:23 INFO  Id:    SoftwareManagement.Plugin.apama_plugin_update
11:09:23 INFO  Dir:   plugin_apama/
11:09:23 INFO  Title: Validate apama plugin updating one project with another
11:09:23 INFO  ==============================================================
11:09:23 INFO  Apama plugin tests are disabled by default. Execute `pysys run` with `-XmyPlatform=container` to run these tests ... skipped
11:09:23 WARN  Aborted test due to SKIPPED outcome
11:09:23 INFO  
11:09:23 INFO  Test duration: 0.02 secs
11:09:23 INFO  Test final outcome:  SKIPPED
11:09:23 INFO  Test outcome reason: Apama plugin tests are disabled by default. Execute `pysys run` with `-XmyPlatform=container` to run these tests
11:09:23 INFO  
</system-out>
	</testcase>
<testcase classname="ApamaPluginUpdateTest" name="SoftwareManagement.Plugin.apama_plugin_update">
		<failure message="BLOCKED: sudo&lt;plugin_install&gt; returned non-zero exit code 2" type="BLOCKED" />
		<system-out>12:03:03 INFO  ==============================================================
12:03:03 INFO  Id:    SoftwareManagement.Plugin.apama_plugin_update
12:03:03 INFO  Dir:   plugin_apama/
12:03:03 INFO  Title: Validate apama plugin updating one project with another
12:03:03 INFO  ==============================================================
12:03:03 INFO  Assertion that path exists=False for "/etc/tedge/apama/project" ... passed
12:03:03 INFO  Executed sudo&lt;create_project_dir&gt;, exit status 0
12:03:04 INFO  Executed sudo&lt;unzip_apama_project&gt;, exit status 0
12:03:04 INFO  Executed sudo&lt;move_apama_project&gt;, exit status 0
12:03:05 INFO  Executed sudo&lt;restart_apama_service&gt;, exit status 0
12:03:06 INFO  Executed sudo&lt;apama_correlator_wait&gt;, exit status 0
12:03:06 INFO  Assertion that path exists=True for "/etc/tedge/apama/project" ... passed
12:03:07 INFO  Executed sudo&lt;apama_list_monitors&gt;, exit status 0
12:03:07 INFO  Grep on file /home/pi/actions-runner/_work/thin-edge.io/thin-edge.io/tests/PySys/plugin_apama/apama_plugin_update/Output/linux/apama_list_monitors.out ... passed
12:03:08 WARN  Executed sudo&lt;plugin_install&gt;, exit status 2
12:03:08 INFO  Contents of plugin_install.err: 
  ERROR: Directory not empty (os error 39)
  -----

12:03:08 WARN  sudo&lt;plugin_install&gt; returned non-zero exit code 2 ... blocked [run.py:35]
12:03:08 WARN  Aborted test due to BLOCKED outcome
12:03:08 INFO  
12:03:08 INFO  cleanup:
12:03:08 INFO  Removing apama project
12:03:23 INFO  Executed sudo&lt;stop_apama_service&gt;, exit status 0, duration 15 secs
12:03:24 INFO  Executed sudo&lt;remove_apama_project&gt;, exit status 0
12:03:24 INFO  Executed sudo&lt;remove_apama_tmp_dir&gt;, exit status 0
12:03:24 INFO  
12:03:24 INFO  Test duration: 21.37 secs
12:03:24 INFO  Test final outcome:  BLOCKED
12:03:24 INFO  Test outcome reason: sudo&lt;plugin_install&gt; returned non-zero exit code 2
12:03:24 INFO  
</system-out>
	</testcase>
<testcase classname="ApamaPluginUpdateTest" name="SoftwareManagement.Plugin.apama_plugin_update">
		<failure message="BLOCKED: sudo&lt;plugin_install&gt; returned non-zero exit code 2" type="BLOCKED" />
		<system-out>12:08:29 INFO  ==============================================================
12:08:29 INFO  Id:    SoftwareManagement.Plugin.apama_plugin_update
12:08:29 INFO  Dir:   plugin_apama/
12:08:29 INFO  Title: Validate apama plugin updating one project with another
12:08:29 INFO  ==============================================================
12:08:29 INFO  Assertion that path exists=False for "/etc/tedge/apama/project" ... passed
12:08:30 INFO  Executed sudo&lt;create_project_dir&gt;, exit status 0
12:08:30 INFO  Executed sudo&lt;unzip_apama_project&gt;, exit status 0
12:08:31 INFO  Executed sudo&lt;move_apama_project&gt;, exit status 0
12:08:32 INFO  Executed sudo&lt;restart_apama_service&gt;, exit status 0
12:08:33 INFO  Executed sudo&lt;apama_correlator_wait&gt;, exit status 0
12:08:33 INFO  Assertion that path exists=True for "/etc/tedge/apama/project" ... passed
12:08:33 INFO  Executed sudo&lt;apama_list_monitors&gt;, exit status 0
12:08:33 INFO  Grep on file /home/pi/actions-runner/_work/thin-edge.io/thin-edge.io/tests/PySys/plugin_apama/apama_plugin_update/Output/linux/apama_list_monitors.out ... passed
12:08:34 WARN  Executed sudo&lt;plugin_install&gt;, exit status 2
12:08:34 INFO  Contents of plugin_install.err: 
  ERROR: Directory not empty (os error 39)
  -----

12:08:34 WARN  sudo&lt;plugin_install&gt; returned non-zero exit code 2 ... blocked [run.py:35]
12:08:34 WARN  Aborted test due to BLOCKED outcome
12:08:34 INFO  
12:08:34 INFO  cleanup:
12:08:34 INFO  Removing apama project
12:08:50 INFO  Executed sudo&lt;stop_apama_service&gt;, exit status 0, duration 15 secs
12:08:50 INFO  Executed sudo&lt;remove_apama_project&gt;, exit status 0
12:08:51 INFO  Executed sudo&lt;remove_apama_tmp_dir&gt;, exit status 0
12:08:51 INFO  
12:08:51 INFO  Test duration: 21.30 secs
12:08:51 INFO  Test final outcome:  BLOCKED
12:08:51 INFO  Test outcome reason: sudo&lt;plugin_install&gt; returned non-zero exit code 2
12:08:51 INFO  
</system-out>
	</testcase>
</testsuite><testsuite name="SoftwareManagement.sm_apt_install_download_path" tests="3" errors="0" failures="2" skipped="1" time="0"><testcase classname="AptInstallWithDownloadPath" name="SoftwareManagement.sm_apt_install_download_path">
		<skipped message="SKIPPED: Testing the apt plugin is not supported on this platform.Use parameter -XmyPlatform='container' to enable it" />
		<system-out>11:19:02 INFO  ==============================================================
11:19:02 INFO  Id:    SoftwareManagement.sm_apt_install_download_path
11:19:02 INFO  Dir:   software_management_end_to_end/
11:19:02 INFO  Title: Install package to directory specified in tedge config set tmp.path
11:19:02 INFO  ==============================================================
11:19:02 INFO  Testing the apt plugin is not supported on this platform.Use parameter -XmyPlatform='container' to enable it ... skipped
11:19:02 WARN  Aborted test due to SKIPPED outcome
11:19:02 INFO  
11:19:02 INFO  Test duration: 0.06 secs
11:19:02 INFO  Test final outcome:  SKIPPED
11:19:02 INFO  Test outcome reason: Testing the apt plugin is not supported on this platform.Use parameter -XmyPlatform='container' to enable it
11:19:02 INFO  
</system-out>
	</testcase>
<testcase classname="AptInstallWithDownloadPath" name="SoftwareManagement.sm_apt_install_download_path">
		<failure message="BLOCKED: SystemError: Timeout while waiting for status FAILED or SUCCESSFUL" type="BLOCKED" />
		<system-out>11:42:04 INFO  ==============================================================
11:42:04 INFO  Id:    SoftwareManagement.sm_apt_install_download_path
11:42:04 INFO  Dir:   software_management_end_to_end/
11:42:04 INFO  Title: Install package to directory specified in tedge config set tmp.path
11:42:04 INFO  ==============================================================
11:42:04 INFO  Using sw id database: {'asciijump': '5475369', 'robotfindskitten': '5474869', 'squirrel3': '5475279', 'rolldice': '5152439', 'moon-buggy': '5439204', 'apple': '5495053', 'banana': '5494888', 'cherry': '5495382', 'watermelon': '5494510', 'registry': '8018911', 'hello-world': '8021526', 'docker/getting-started': '8021973', 'alpine': '7991792'}
11:42:04 INFO  EnvironmentC8y Setup
11:42:05 INFO  Executed systemctl&lt;serv_mapper1&gt;, exit status 3
11:42:19 INFO  Executed sudo&lt;tedge_connect_c8y&gt;, exit status 0, duration 14 secs
11:42:21 INFO  Executed sudo&lt;tedge_connect_c8y_test&gt;, exit status 0
11:42:22 INFO  Executed systemctl&lt;serv_mosq2&gt;, exit status 0
11:42:23 INFO  Executed systemctl&lt;serv_mapper3&gt;, exit status 0
11:42:25 INFO  State of current operation: PENDING
11:42:27 INFO  State of current operation: PENDING
11:42:29 INFO  State of current operation: PENDING
11:42:32 INFO  State of current operation: PENDING
11:42:34 INFO  State of current operation: PENDING
11:42:36 INFO  State of current operation: PENDING
11:42:38 INFO  State of current operation: PENDING
11:42:41 INFO  State of current operation: PENDING
11:42:43 INFO  State of current operation: PENDING
11:42:45 INFO  State of current operation: PENDING
11:42:47 INFO  State of current operation: PENDING
11:42:50 INFO  State of current operation: PENDING
11:42:52 INFO  State of current operation: PENDING
11:42:54 INFO  State of current operation: PENDING
11:42:56 INFO  State of current operation: PENDING
11:42:58 INFO  State of current operation: PENDING
11:43:01 INFO  State of current operation: PENDING
11:43:03 INFO  State of current operation: PENDING
11:43:05 INFO  State of current operation: PENDING
11:43:07 INFO  State of current operation: PENDING
11:43:10 INFO  State of current operation: PENDING
11:43:12 INFO  State of current operation: PENDING
11:43:14 INFO  State of current operation: PENDING
11:43:16 INFO  State of current operation: PENDING
11:43:19 INFO  State of current operation: PENDING
11:43:21 INFO  State of current operation: PENDING
11:43:23 INFO  State of current operation: PENDING
11:43:25 INFO  State of current operation: PENDING
11:43:27 INFO  State of current operation: PENDING
11:43:30 INFO  State of current operation: PENDING
11:43:32 INFO  State of current operation: PENDING
11:43:34 INFO  State of current operation: PENDING
11:43:36 INFO  State of current operation: PENDING
11:43:39 INFO  State of current operation: PENDING
11:43:41 INFO  State of current operation: PENDING
11:43:43 INFO  State of current operation: PENDING
11:43:45 INFO  State of current operation: PENDING
11:43:48 INFO  State of current operation: PENDING
11:43:50 INFO  State of current operation: PENDING
11:43:52 INFO  State of current operation: PENDING
11:43:54 INFO  State of current operation: PENDING
11:43:56 INFO  State of current operation: PENDING
11:43:59 INFO  State of current operation: PENDING
11:44:01 INFO  State of current operation: PENDING
11:44:03 INFO  State of current operation: PENDING
11:44:05 INFO  State of current operation: PENDING
11:44:08 INFO  State of current operation: PENDING
11:44:10 INFO  State of current operation: PENDING
11:44:12 INFO  State of current operation: PENDING
11:44:14 INFO  State of current operation: PENDING
11:44:17 INFO  State of current operation: PENDING
11:44:19 INFO  State of current operation: PENDING
11:44:21 INFO  State of current operation: PENDING
11:44:23 INFO  State of current operation: PENDING
11:44:25 INFO  State of current operation: PENDING
11:44:28 INFO  State of current operation: PENDING
11:44:30 INFO  State of current operation: PENDING
11:44:32 INFO  State of current operation: PENDING
11:44:34 INFO  State of current operation: PENDING
11:44:37 INFO  State of current operation: PENDING
11:44:39 INFO  State of current operation: PENDING
11:44:41 WARN  SystemError occurred while running test - Timeout while waiting for status FAILED or SUCCESSFUL
Traceback (most recent call last):
  File "/home/pi/env-pysys/lib/python3.7/site-packages/pysys/baserunner.py", line 1292, in __call__
    self.testObj.setup()
  File "/home/pi/actions-runner/_work/thin-edge.io/thin-edge.io/tests/PySys/software_management_end_to_end/sm_apt_install_download_path/run.py", line 48, in setup
    super().setup()
  File "/home/pi/actions-runner/_work/thin-edge.io/thin-edge.io/tests/PySys/software_management_end_to_end/environment_sm_management.py", line 151, in setup
    self.wait_until_end()
  File "/home/pi/actions-runner/_work/thin-edge.io/thin-edge.io/tests/PySys/software_management_end_to_end/environment_sm_management.py", line 332, in wait_until_end
    self.wait_until_status("FAILED", "SUCCESSFUL")
  File "/home/pi/actions-runner/_work/thin-edge.io/thin-edge.io/tests/PySys/software_management_end_to_end/environment_sm_management.py", line 381, in wait_until_status
    "Timeout while waiting for status %s or %s" % (status, status2)
SystemError: Timeout while waiting for status FAILED or SUCCESSFUL
11:44:41 WARN  SystemError: Timeout while waiting for status FAILED or SUCCESSFUL ... blocked 
11:44:41 INFO  
11:44:41 INFO  cleanup:
11:44:42 INFO  Executed sudo, exit status 0
11:44:43 INFO  Executed sudo, exit status 0
11:44:47 INFO  Executed sudo&lt;tedge_disconnect_c8y&gt;, exit status 0
11:44:47 INFO  Restarting mosquitto too frequently in the last 10 seconds. It was only up for 3 seconds
11:44:47 INFO  Delaying execution by 8 seconds
11:45:09 INFO  Executed sudo&lt;tedge_connect_c8y&gt;, exit status 0, duration 13 secs
11:45:13 INFO  Executed sudo&lt;tedge_disconnect_c8y&gt;, exit status 0
11:45:13 INFO  Executed systemctl&lt;serv_mapper5&gt;, exit status 3
11:45:13 INFO  
11:45:13 INFO  Test duration: 189.51 secs
11:45:13 INFO  Test final outcome:  BLOCKED
11:45:13 INFO  Test outcome reason: SystemError: Timeout while waiting for status FAILED or SUCCESSFUL
11:45:13 INFO  
</system-out>
	</testcase>
<testcase classname="AptInstallWithDownloadPath" name="SoftwareManagement.sm_apt_install_download_path">
		<failure message="BLOCKED: SystemError: Timeout while waiting for status FAILED or SUCCESSFUL" type="BLOCKED" />
		<system-out>12:08:51 INFO  ==============================================================
12:08:51 INFO  Id:    SoftwareManagement.sm_apt_install_download_path
12:08:51 INFO  Dir:   software_management_end_to_end/
12:08:51 INFO  Title: Install package to directory specified in tedge config set tmp.path
12:08:51 INFO  ==============================================================
12:08:52 INFO  Using sw id database: {'asciijump': '5475369', 'robotfindskitten': '5474869', 'squirrel3': '5475279', 'rolldice': '5152439', 'moon-buggy': '5439204', 'apple': '5495053', 'banana': '5494888', 'cherry': '5495382', 'watermelon': '5494510', 'registry': '8018911', 'hello-world': '8021526', 'docker/getting-started': '8021973', 'alpine': '7991792'}
12:08:52 INFO  EnvironmentC8y Setup
12:08:53 INFO  Executed systemctl&lt;serv_mapper1&gt;, exit status 3
12:09:07 INFO  Executed sudo&lt;tedge_connect_c8y&gt;, exit status 0, duration 14 secs
12:09:07 INFO  Executed sudo&lt;tedge_connect_c8y_test&gt;, exit status 0
12:09:08 INFO  Executed systemctl&lt;serv_mosq2&gt;, exit status 0
12:09:08 INFO  Executed systemctl&lt;serv_mapper3&gt;, exit status 0
12:09:11 INFO  State of current operation: PENDING
12:09:13 INFO  State of current operation: PENDING
12:09:15 INFO  State of current operation: PENDING
12:09:17 INFO  State of current operation: PENDING
12:09:19 INFO  State of current operation: PENDING
12:09:22 INFO  State of current operation: PENDING
12:09:24 INFO  State of current operation: PENDING
12:09:26 INFO  State of current operation: PENDING
12:09:28 INFO  State of current operation: PENDING
12:09:31 INFO  State of current operation: PENDING
12:09:33 INFO  State of current operation: PENDING
12:09:35 INFO  State of current operation: PENDING
12:09:37 INFO  State of current operation: PENDING
12:09:40 INFO  State of current operation: PENDING
12:09:42 INFO  State of current operation: PENDING
12:09:44 INFO  State of current operation: PENDING
12:09:46 INFO  State of current operation: PENDING
12:09:49 INFO  State of current operation: PENDING
12:09:51 INFO  State of current operation: PENDING
12:09:53 INFO  State of current operation: PENDING
12:09:55 INFO  State of current operation: PENDING
12:09:58 INFO  State of current operation: PENDING
12:10:00 INFO  State of current operation: PENDING
12:10:02 INFO  State of current operation: PENDING
12:10:04 INFO  State of current operation: PENDING
12:10:06 INFO  State of current operation: PENDING
12:10:09 INFO  State of current operation: PENDING
12:10:11 INFO  State of current operation: PENDING
12:10:13 INFO  State of current operation: PENDING
12:10:15 INFO  State of current operation: PENDING
12:10:18 INFO  State of current operation: PENDING
12:10:20 INFO  State of current operation: PENDING
12:10:22 INFO  State of current operation: PENDING
12:10:24 INFO  State of current operation: PENDING
12:10:27 INFO  State of current operation: PENDING
12:10:29 INFO  State of current operation: PENDING
12:10:31 INFO  State of current operation: PENDING
12:10:33 INFO  State of current operation: PENDING
12:10:36 INFO  State of current operation: PENDING
12:10:38 INFO  State of current operation: PENDING
12:10:40 INFO  State of current operation: PENDING
12:10:42 INFO  State of current operation: PENDING
12:10:45 INFO  State of current operation: PENDING
12:10:47 INFO  State of current operation: PENDING
12:10:50 INFO  State of current operation: PENDING
12:10:52 INFO  State of current operation: PENDING
12:10:54 INFO  State of current operation: PENDING
12:10:56 INFO  State of current operation: PENDING
12:10:58 INFO  State of current operation: PENDING
12:11:01 INFO  State of current operation: PENDING
12:11:03 INFO  State of current operation: PENDING
12:11:05 INFO  State of current operation: PENDING
12:11:07 INFO  State of current operation: PENDING
12:11:10 INFO  State of current operation: PENDING
12:11:12 INFO  State of current operation: PENDING
12:11:14 INFO  State of current operation: PENDING
12:11:16 INFO  State of current operation: PENDING
12:11:19 INFO  State of current operation: PENDING
12:11:21 INFO  State of current operation: PENDING
12:11:23 INFO  State of current operation: PENDING
12:11:25 INFO  State of current operation: PENDING
12:11:27 WARN  SystemError occurred while running test - Timeout while waiting for status FAILED or SUCCESSFUL
Traceback (most recent call last):
  File "/home/pi/env-pysys/lib/python3.7/site-packages/pysys/baserunner.py", line 1292, in __call__
    self.testObj.setup()
  File "/home/pi/actions-runner/_work/thin-edge.io/thin-edge.io/tests/PySys/software_management_end_to_end/sm_apt_install_download_path/run.py", line 48, in setup
    super().setup()
  File "/home/pi/actions-runner/_work/thin-edge.io/thin-edge.io/tests/PySys/software_management_end_to_end/environment_sm_management.py", line 151, in setup
    self.wait_until_end()
  File "/home/pi/actions-runner/_work/thin-edge.io/thin-edge.io/tests/PySys/software_management_end_to_end/environment_sm_management.py", line 332, in wait_until_end
    self.wait_until_status("FAILED", "SUCCESSFUL")
  File "/home/pi/actions-runner/_work/thin-edge.io/thin-edge.io/tests/PySys/software_management_end_to_end/environment_sm_management.py", line 381, in wait_until_status
    "Timeout while waiting for status %s or %s" % (status, status2)
SystemError: Timeout while waiting for status FAILED or SUCCESSFUL
12:11:27 WARN  SystemError: Timeout while waiting for status FAILED or SUCCESSFUL ... blocked 
12:11:27 INFO  
12:11:27 INFO  cleanup:
12:11:28 INFO  Executed sudo, exit status 0
12:11:28 INFO  Executed sudo, exit status 0
12:11:32 INFO  Executed sudo&lt;tedge_disconnect_c8y&gt;, exit status 0
12:11:32 INFO  Restarting mosquitto too frequently in the last 10 seconds. It was only up for 3 seconds
12:11:32 INFO  Delaying execution by 8 seconds
12:11:54 INFO  Executed sudo&lt;tedge_connect_c8y&gt;, exit status 0, duration 13 secs
12:11:58 INFO  Executed sudo&lt;tedge_disconnect_c8y&gt;, exit status 0
12:11:59 INFO  Executed systemctl&lt;serv_mapper5&gt;, exit status 3
12:11:59 INFO  
12:11:59 INFO  Test duration: 188.31 secs
12:11:59 INFO  Test final outcome:  BLOCKED
12:11:59 INFO  Test outcome reason: SystemError: Timeout while waiting for status FAILED or SUCCESSFUL
12:11:59 INFO  
</system-out>
	</testcase>
</testsuite><testsuite name="SoftwareManagement.sm_apt_install_fail" tests="3" errors="0" failures="2" skipped="1" time="0"><testcase classname="PySysTest" name="SoftwareManagement.sm_apt_install_fail">
		<skipped message="SKIPPED: Testing the apt plugin is not supported on this platform.Use parameter -XmyPlatform='container' to enable it" />
		<system-out>11:19:02 INFO  ==============================================================
11:19:02 INFO  Id:    SoftwareManagement.sm_apt_install_fail
11:19:02 INFO  Dir:   software_management_end_to_end/
11:19:02 INFO  Title: Validate end to end behaviour for a failing installation
11:19:02 INFO  ==============================================================
11:19:02 INFO  Testing the apt plugin is not supported on this platform.Use parameter -XmyPlatform='container' to enable it ... skipped
11:19:02 WARN  Aborted test due to SKIPPED outcome
11:19:02 INFO  
11:19:02 INFO  Test duration: 0.02 secs
11:19:02 INFO  Test final outcome:  SKIPPED
11:19:02 INFO  Test outcome reason: Testing the apt plugin is not supported on this platform.Use parameter -XmyPlatform='container' to enable it
11:19:02 INFO  
</system-out>
	</testcase>
<testcase classname="PySysTest" name="SoftwareManagement.sm_apt_install_fail">
		<failure message="BLOCKED: SystemError: Timeout while waiting for status FAILED or SUCCESSFUL" type="BLOCKED" />
		<system-out>11:45:13 INFO  ==============================================================
11:45:13 INFO  Id:    SoftwareManagement.sm_apt_install_fail
11:45:13 INFO  Dir:   software_management_end_to_end/
11:45:13 INFO  Title: Validate end to end behaviour for a failing installation
11:45:13 INFO  ==============================================================
11:45:13 INFO  Using sw id database: {'asciijump': '5475369', 'robotfindskitten': '5474869', 'squirrel3': '5475279', 'rolldice': '5152439', 'moon-buggy': '5439204', 'apple': '5495053', 'banana': '5494888', 'cherry': '5495382', 'watermelon': '5494510', 'registry': '8018911', 'hello-world': '8021526', 'docker/getting-started': '8021973', 'alpine': '7991792'}
11:45:13 INFO  EnvironmentC8y Setup
11:45:14 INFO  Executed systemctl&lt;serv_mapper1&gt;, exit status 3
11:45:14 INFO  Restarting mosquitto too frequently in the last 10 seconds. It was only up for 5 seconds
11:45:14 INFO  Delaying execution by 6 seconds
11:45:34 INFO  Executed sudo&lt;tedge_connect_c8y&gt;, exit status 0, duration 13 secs
11:45:34 INFO  Executed sudo&lt;tedge_connect_c8y_test&gt;, exit status 0
11:45:35 INFO  Executed systemctl&lt;serv_mosq2&gt;, exit status 0
11:45:35 INFO  Executed systemctl&lt;serv_mapper3&gt;, exit status 0
11:45:38 INFO  State of current operation: PENDING
11:45:40 INFO  State of current operation: PENDING
11:45:42 INFO  State of current operation: PENDING
11:45:44 INFO  State of current operation: PENDING
11:45:47 INFO  State of current operation: PENDING
11:45:49 INFO  State of current operation: PENDING
11:45:51 INFO  State of current operation: PENDING
11:45:53 INFO  State of current operation: PENDING
11:45:56 INFO  State of current operation: PENDING
11:45:58 INFO  State of current operation: PENDING
11:46:00 INFO  State of current operation: PENDING
11:46:02 INFO  State of current operation: PENDING
11:46:05 INFO  State of current operation: PENDING
11:46:07 INFO  State of current operation: PENDING
11:46:09 INFO  State of current operation: PENDING
11:46:12 INFO  State of current operation: PENDING
11:46:14 INFO  State of current operation: PENDING
11:46:16 INFO  State of current operation: PENDING
11:46:18 INFO  State of current operation: PENDING
11:46:20 INFO  State of current operation: PENDING
11:46:23 INFO  State of current operation: PENDING
11:46:25 INFO  State of current operation: PENDING
11:46:27 INFO  State of current operation: PENDING
11:46:29 INFO  State of current operation: PENDING
11:46:32 INFO  State of current operation: PENDING
11:46:34 INFO  State of current operation: PENDING
11:46:36 INFO  State of current operation: PENDING
11:46:38 INFO  State of current operation: PENDING
11:46:41 INFO  State of current operation: PENDING
11:46:43 INFO  State of current operation: PENDING
11:46:45 INFO  State of current operation: PENDING
11:46:47 INFO  State of current operation: PENDING
11:46:50 INFO  State of current operation: PENDING
11:46:52 INFO  State of current operation: PENDING
11:46:54 INFO  State of current operation: PENDING
11:46:56 INFO  State of current operation: PENDING
11:46:58 INFO  State of current operation: PENDING
11:47:01 INFO  State of current operation: PENDING
11:47:03 INFO  State of current operation: PENDING
11:47:05 INFO  State of current operation: PENDING
11:47:07 INFO  State of current operation: PENDING
11:47:10 INFO  State of current operation: PENDING
11:47:12 INFO  State of current operation: PENDING
11:47:14 INFO  State of current operation: PENDING
11:47:16 INFO  State of current operation: PENDING
11:47:18 INFO  State of current operation: PENDING
11:47:21 INFO  State of current operation: PENDING
11:47:23 INFO  State of current operation: PENDING
11:47:25 INFO  State of current operation: PENDING
11:47:27 INFO  State of current operation: PENDING
11:47:30 INFO  State of current operation: PENDING
11:47:32 INFO  State of current operation: PENDING
11:47:34 INFO  State of current operation: PENDING
11:47:36 INFO  State of current operation: PENDING
11:47:39 INFO  State of current operation: PENDING
11:47:41 INFO  State of current operation: PENDING
11:47:43 INFO  State of current operation: PENDING
11:47:45 INFO  State of current operation: PENDING
11:47:48 INFO  State of current operation: PENDING
11:47:50 INFO  State of current operation: PENDING
11:47:52 INFO  State of current operation: PENDING
11:47:54 WARN  SystemError occurred while running test - Timeout while waiting for status FAILED or SUCCESSFUL
Traceback (most recent call last):
  File "/home/pi/env-pysys/lib/python3.7/site-packages/pysys/baserunner.py", line 1292, in __call__
    self.testObj.setup()
  File "/home/pi/actions-runner/_work/thin-edge.io/thin-edge.io/tests/PySys/software_management_end_to_end/sm_apt_install_fail/run.py", line 20, in setup
    super().setup()
  File "/home/pi/actions-runner/_work/thin-edge.io/thin-edge.io/tests/PySys/software_management_end_to_end/environment_sm_management.py", line 151, in setup
    self.wait_until_end()
  File "/home/pi/actions-runner/_work/thin-edge.io/thin-edge.io/tests/PySys/software_management_end_to_end/environment_sm_management.py", line 332, in wait_until_end
    self.wait_until_status("FAILED", "SUCCESSFUL")
  File "/home/pi/actions-runner/_work/thin-edge.io/thin-edge.io/tests/PySys/software_management_end_to_end/environment_sm_management.py", line 381, in wait_until_status
    "Timeout while waiting for status %s or %s" % (status, status2)
SystemError: Timeout while waiting for status FAILED or SUCCESSFUL
11:47:54 WARN  SystemError: Timeout while waiting for status FAILED or SUCCESSFUL ... blocked 
11:47:54 INFO  
11:47:54 INFO  cleanup:
11:47:58 INFO  Executed sudo&lt;tedge_disconnect_c8y&gt;, exit status 0
11:47:59 INFO  Executed systemctl&lt;serv_mapper5&gt;, exit status 3
11:47:59 INFO  
11:47:59 INFO  Test duration: 165.38 secs
11:47:59 INFO  Test final outcome:  BLOCKED
11:47:59 INFO  Test outcome reason: SystemError: Timeout while waiting for status FAILED or SUCCESSFUL
11:47:59 INFO  
</system-out>
	</testcase>
<testcase classname="PySysTest" name="SoftwareManagement.sm_apt_install_fail">
		<failure message="BLOCKED: SystemError: Timeout while waiting for status FAILED or SUCCESSFUL" type="BLOCKED" />
		<system-out>12:11:59 INFO  ==============================================================
12:11:59 INFO  Id:    SoftwareManagement.sm_apt_install_fail
12:11:59 INFO  Dir:   software_management_end_to_end/
12:11:59 INFO  Title: Validate end to end behaviour for a failing installation
12:11:59 INFO  ==============================================================
12:11:59 INFO  Using sw id database: {'asciijump': '5475369', 'robotfindskitten': '5474869', 'squirrel3': '5475279', 'rolldice': '5152439', 'moon-buggy': '5439204', 'apple': '5495053', 'banana': '5494888', 'cherry': '5495382', 'watermelon': '5494510', 'registry': '8018911', 'hello-world': '8021526', 'docker/getting-started': '8021973', 'alpine': '7991792'}
12:11:59 INFO  EnvironmentC8y Setup
12:12:00 INFO  Executed systemctl&lt;serv_mapper1&gt;, exit status 3
12:12:00 INFO  Restarting mosquitto too frequently in the last 10 seconds. It was only up for 5 seconds
12:12:00 INFO  Delaying execution by 6 seconds
12:12:20 INFO  Executed sudo&lt;tedge_connect_c8y&gt;, exit status 0, duration 13 secs
12:12:20 INFO  Executed sudo&lt;tedge_connect_c8y_test&gt;, exit status 0
12:12:21 INFO  Executed systemctl&lt;serv_mosq2&gt;, exit status 0
12:12:21 INFO  Executed systemctl&lt;serv_mapper3&gt;, exit status 0
12:12:23 INFO  State of current operation: PENDING
12:12:26 INFO  State of current operation: PENDING
12:12:28 INFO  State of current operation: PENDING
12:12:30 INFO  State of current operation: PENDING
12:12:32 INFO  State of current operation: PENDING
12:12:35 INFO  State of current operation: PENDING
12:12:37 INFO  State of current operation: PENDING
12:12:39 INFO  State of current operation: PENDING
12:12:41 INFO  State of current operation: PENDING
12:12:44 INFO  State of current operation: PENDING
12:12:46 INFO  State of current operation: PENDING
12:12:48 INFO  State of current operation: PENDING
12:12:50 INFO  State of current operation: PENDING
12:12:52 INFO  State of current operation: PENDING
12:12:55 INFO  State of current operation: PENDING
12:12:57 INFO  State of current operation: PENDING
12:12:59 INFO  State of current operation: PENDING
12:13:01 INFO  State of current operation: PENDING
12:13:04 INFO  State of current operation: PENDING
12:13:06 INFO  State of current operation: PENDING
12:13:08 INFO  State of current operation: PENDING
12:13:10 INFO  State of current operation: PENDING
12:13:13 INFO  State of current operation: PENDING
12:13:15 INFO  State of current operation: PENDING
12:13:17 INFO  State of current operation: PENDING
12:13:19 INFO  State of current operation: PENDING
12:13:21 INFO  State of current operation: PENDING
12:13:24 INFO  State of current operation: PENDING
12:13:26 INFO  State of current operation: PENDING
12:13:28 INFO  State of current operation: PENDING
12:13:30 INFO  State of current operation: PENDING
12:13:33 INFO  State of current operation: PENDING
12:13:35 INFO  State of current operation: PENDING
12:13:37 INFO  State of current operation: PENDING
12:13:39 INFO  State of current operation: PENDING
12:13:42 INFO  State of current operation: PENDING
12:13:44 INFO  State of current operation: PENDING
12:13:46 INFO  State of current operation: PENDING
12:13:48 INFO  State of current operation: PENDING
12:13:51 INFO  State of current operation: PENDING
12:13:53 INFO  State of current operation: PENDING
12:13:55 INFO  State of current operation: PENDING
12:13:57 INFO  State of current operation: PENDING
12:14:00 INFO  State of current operation: PENDING
12:14:02 INFO  State of current operation: PENDING
12:14:04 INFO  State of current operation: PENDING
12:14:06 INFO  State of current operation: PENDING
12:14:08 INFO  State of current operation: PENDING
12:14:11 INFO  State of current operation: PENDING
12:14:13 INFO  State of current operation: PENDING
12:14:15 INFO  State of current operation: PENDING
12:14:17 INFO  State of current operation: PENDING
12:14:20 INFO  State of current operation: PENDING
12:14:22 INFO  State of current operation: PENDING
12:14:24 INFO  State of current operation: PENDING
12:14:26 INFO  State of current operation: PENDING
12:14:29 INFO  State of current operation: PENDING
12:14:31 INFO  State of current operation: PENDING
12:14:33 INFO  State of current operation: PENDING
12:14:36 INFO  State of current operation: PENDING
12:14:38 INFO  State of current operation: PENDING
12:14:40 WARN  SystemError occurred while running test - Timeout while waiting for status FAILED or SUCCESSFUL
Traceback (most recent call last):
  File "/home/pi/env-pysys/lib/python3.7/site-packages/pysys/baserunner.py", line 1292, in __call__
    self.testObj.setup()
  File "/home/pi/actions-runner/_work/thin-edge.io/thin-edge.io/tests/PySys/software_management_end_to_end/sm_apt_install_fail/run.py", line 20, in setup
    super().setup()
  File "/home/pi/actions-runner/_work/thin-edge.io/thin-edge.io/tests/PySys/software_management_end_to_end/environment_sm_management.py", line 151, in setup
    self.wait_until_end()
  File "/home/pi/actions-runner/_work/thin-edge.io/thin-edge.io/tests/PySys/software_management_end_to_end/environment_sm_management.py", line 332, in wait_until_end
    self.wait_until_status("FAILED", "SUCCESSFUL")
  File "/home/pi/actions-runner/_work/thin-edge.io/thin-edge.io/tests/PySys/software_management_end_to_end/environment_sm_management.py", line 381, in wait_until_status
    "Timeout while waiting for status %s or %s" % (status, status2)
SystemError: Timeout while waiting for status FAILED or SUCCESSFUL
12:14:40 WARN  SystemError: Timeout while waiting for status FAILED or SUCCESSFUL ... blocked 
12:14:40 INFO  
12:14:40 INFO  cleanup:
12:14:44 INFO  Executed sudo&lt;tedge_disconnect_c8y&gt;, exit status 0
12:14:45 INFO  Executed systemctl&lt;serv_mapper5&gt;, exit status 3
12:14:45 INFO  
12:14:45 INFO  Test duration: 165.50 secs
12:14:45 INFO  Test final outcome:  BLOCKED
12:14:45 INFO  Test outcome reason: SystemError: Timeout while waiting for status FAILED or SUCCESSFUL
12:14:45 INFO  
</system-out>
	</testcase>
</testsuite><testsuite name="SoftwareManagement.sm_apt_install_remove" tests="3" errors="0" failures="2" skipped="1" time="0"><testcase classname="PySysTest" name="SoftwareManagement.sm_apt_install_remove">
		<skipped message="SKIPPED: Testing the apt plugin is not supported on this platform.Use parameter -XmyPlatform='container' to enable it" />
		<system-out>11:19:02 INFO  ==============================================================
11:19:02 INFO  Id:    SoftwareManagement.sm_apt_install_remove
11:19:02 INFO  Dir:   software_management_end_to_end/
11:19:02 INFO  Title: Validate end to end behaviour for the apt plugin for installation and removal of packages
11:19:02 INFO  ==============================================================
11:19:02 INFO  Testing the apt plugin is not supported on this platform.Use parameter -XmyPlatform='container' to enable it ... skipped
11:19:02 WARN  Aborted test due to SKIPPED outcome
11:19:02 INFO  
11:19:02 INFO  Test duration: 0.02 secs
11:19:02 INFO  Test final outcome:  SKIPPED
11:19:02 INFO  Test outcome reason: Testing the apt plugin is not supported on this platform.Use parameter -XmyPlatform='container' to enable it
11:19:02 INFO  
</system-out>
	</testcase>
<testcase classname="PySysTest" name="SoftwareManagement.sm_apt_install_remove">
		<failure message="BLOCKED: SystemError: Timeout while waiting for status FAILED or SUCCESSFUL" type="BLOCKED" />
		<system-out>11:47:59 INFO  ==============================================================
11:47:59 INFO  Id:    SoftwareManagement.sm_apt_install_remove
11:47:59 INFO  Dir:   software_management_end_to_end/
11:47:59 INFO  Title: Validate end to end behaviour for the apt plugin for installation and removal of packages
11:47:59 INFO  ==============================================================
11:47:59 INFO  Using sw id database: {'asciijump': '5475369', 'robotfindskitten': '5474869', 'squirrel3': '5475279', 'rolldice': '5152439', 'moon-buggy': '5439204', 'apple': '5495053', 'banana': '5494888', 'cherry': '5495382', 'watermelon': '5494510', 'registry': '8018911', 'hello-world': '8021526', 'docker/getting-started': '8021973', 'alpine': '7991792'}
11:47:59 INFO  EnvironmentC8y Setup
11:47:59 INFO  Executed systemctl&lt;serv_mapper1&gt;, exit status 3
11:47:59 INFO  Restarting mosquitto too frequently in the last 10 seconds. It was only up for 4 seconds
11:47:59 INFO  Delaying execution by 7 seconds
11:48:20 INFO  Executed sudo&lt;tedge_connect_c8y&gt;, exit status 0, duration 13 secs
11:48:21 INFO  Executed sudo&lt;tedge_connect_c8y_test&gt;, exit status 0
11:48:21 INFO  Executed systemctl&lt;serv_mosq2&gt;, exit status 0
11:48:22 INFO  Executed systemctl&lt;serv_mapper3&gt;, exit status 0
11:48:24 INFO  State of current operation: PENDING
11:48:26 INFO  State of current operation: PENDING
11:48:28 INFO  State of current operation: PENDING
11:48:31 INFO  State of current operation: PENDING
11:48:33 INFO  State of current operation: PENDING
11:48:35 INFO  State of current operation: PENDING
11:48:37 INFO  State of current operation: PENDING
11:48:40 INFO  State of current operation: PENDING
11:48:42 INFO  State of current operation: PENDING
11:48:44 INFO  State of current operation: PENDING
11:48:46 INFO  State of current operation: PENDING
11:48:49 INFO  State of current operation: PENDING
11:48:51 INFO  State of current operation: PENDING
11:48:53 INFO  State of current operation: PENDING
11:48:55 INFO  State of current operation: PENDING
11:48:58 INFO  State of current operation: PENDING
11:49:00 INFO  State of current operation: PENDING
11:49:02 INFO  State of current operation: PENDING
11:49:04 INFO  State of current operation: PENDING
11:49:06 INFO  State of current operation: PENDING
11:49:09 INFO  State of current operation: PENDING
11:49:11 INFO  State of current operation: PENDING
11:49:13 INFO  State of current operation: PENDING
11:49:15 INFO  State of current operation: PENDING
11:49:18 INFO  State of current operation: PENDING
11:49:20 INFO  State of current operation: PENDING
11:49:22 INFO  State of current operation: PENDING
11:49:24 INFO  State of current operation: PENDING
11:49:27 INFO  State of current operation: PENDING
11:49:29 INFO  State of current operation: PENDING
11:49:31 INFO  State of current operation: PENDING
11:49:33 INFO  State of current operation: PENDING
11:49:35 INFO  State of current operation: PENDING
11:49:38 INFO  State of current operation: PENDING
11:49:40 INFO  State of current operation: PENDING
11:49:42 INFO  State of current operation: PENDING
11:49:44 INFO  State of current operation: PENDING
11:49:47 INFO  State of current operation: PENDING
11:49:49 INFO  State of current operation: PENDING
11:49:51 INFO  State of current operation: PENDING
11:49:53 INFO  State of current operation: PENDING
11:49:55 INFO  State of current operation: PENDING
11:49:58 INFO  State of current operation: PENDING
11:50:00 INFO  State of current operation: PENDING
11:50:02 INFO  State of current operation: PENDING
11:50:04 INFO  State of current operation: PENDING
11:50:07 INFO  State of current operation: PENDING
11:50:09 INFO  State of current operation: PENDING
11:50:11 INFO  State of current operation: PENDING
11:50:13 INFO  State of current operation: PENDING
11:50:16 INFO  State of current operation: PENDING
11:50:18 INFO  State of current operation: PENDING
11:50:20 INFO  State of current operation: PENDING
11:50:22 INFO  State of current operation: PENDING
11:50:24 INFO  State of current operation: PENDING
11:50:27 INFO  State of current operation: PENDING
11:50:29 INFO  State of current operation: PENDING
11:50:31 INFO  State of current operation: PENDING
11:50:33 INFO  State of current operation: PENDING
11:50:36 INFO  State of current operation: PENDING
11:50:38 INFO  State of current operation: PENDING
11:50:40 WARN  SystemError occurred while running test - Timeout while waiting for status FAILED or SUCCESSFUL
Traceback (most recent call last):
  File "/home/pi/env-pysys/lib/python3.7/site-packages/pysys/baserunner.py", line 1292, in __call__
    self.testObj.setup()
  File "/home/pi/actions-runner/_work/thin-edge.io/thin-edge.io/tests/PySys/software_management_end_to_end/sm_apt_install_remove/run.py", line 27, in setup
    super().setup()
  File "/home/pi/actions-runner/_work/thin-edge.io/thin-edge.io/tests/PySys/software_management_end_to_end/environment_sm_management.py", line 151, in setup
    self.wait_until_end()
  File "/home/pi/actions-runner/_work/thin-edge.io/thin-edge.io/tests/PySys/software_management_end_to_end/environment_sm_management.py", line 332, in wait_until_end
    self.wait_until_status("FAILED", "SUCCESSFUL")
  File "/home/pi/actions-runner/_work/thin-edge.io/thin-edge.io/tests/PySys/software_management_end_to_end/environment_sm_management.py", line 381, in wait_until_status
    "Timeout while waiting for status %s or %s" % (status, status2)
SystemError: Timeout while waiting for status FAILED or SUCCESSFUL
11:50:40 WARN  SystemError: Timeout while waiting for status FAILED or SUCCESSFUL ... blocked 
11:50:40 INFO  
11:50:40 INFO  cleanup:
11:50:44 INFO  Executed sudo&lt;tedge_disconnect_c8y&gt;, exit status 0
11:50:44 INFO  Executed systemctl&lt;serv_mapper5&gt;, exit status 3
11:50:44 INFO  
11:50:44 INFO  Test duration: 165.72 secs
11:50:44 INFO  Test final outcome:  BLOCKED
11:50:44 INFO  Test outcome reason: SystemError: Timeout while waiting for status FAILED or SUCCESSFUL
11:50:44 INFO  
</system-out>
	</testcase>
<testcase classname="PySysTest" name="SoftwareManagement.sm_apt_install_remove">
		<failure message="BLOCKED: SystemError: Timeout while waiting for status FAILED or SUCCESSFUL" type="BLOCKED" />
		<system-out>12:14:45 INFO  ==============================================================
12:14:45 INFO  Id:    SoftwareManagement.sm_apt_install_remove
12:14:45 INFO  Dir:   software_management_end_to_end/
12:14:45 INFO  Title: Validate end to end behaviour for the apt plugin for installation and removal of packages
12:14:45 INFO  ==============================================================
12:14:45 INFO  Using sw id database: {'asciijump': '5475369', 'robotfindskitten': '5474869', 'squirrel3': '5475279', 'rolldice': '5152439', 'moon-buggy': '5439204', 'apple': '5495053', 'banana': '5494888', 'cherry': '5495382', 'watermelon': '5494510', 'registry': '8018911', 'hello-world': '8021526', 'docker/getting-started': '8021973', 'alpine': '7991792'}
12:14:45 INFO  EnvironmentC8y Setup
12:14:45 INFO  Executed systemctl&lt;serv_mapper1&gt;, exit status 3
12:14:45 INFO  Restarting mosquitto too frequently in the last 10 seconds. It was only up for 4 seconds
12:14:45 INFO  Delaying execution by 7 seconds
12:15:06 INFO  Executed sudo&lt;tedge_connect_c8y&gt;, exit status 0, duration 14 secs
12:15:07 INFO  Executed sudo&lt;tedge_connect_c8y_test&gt;, exit status 0
12:15:08 INFO  Executed systemctl&lt;serv_mosq2&gt;, exit status 0
12:15:08 INFO  Executed systemctl&lt;serv_mapper3&gt;, exit status 0
12:15:10 INFO  State of current operation: PENDING
12:15:13 INFO  State of current operation: PENDING
12:15:15 INFO  State of current operation: PENDING
12:15:17 INFO  State of current operation: PENDING
12:15:19 INFO  State of current operation: PENDING
12:15:22 INFO  State of current operation: PENDING
12:15:24 INFO  State of current operation: PENDING
12:15:26 INFO  State of current operation: PENDING
12:15:28 INFO  State of current operation: PENDING
12:15:31 INFO  State of current operation: PENDING
12:15:33 INFO  State of current operation: PENDING
12:15:35 INFO  State of current operation: PENDING
12:15:37 INFO  State of current operation: PENDING
12:15:39 INFO  State of current operation: PENDING
12:15:42 INFO  State of current operation: PENDING
12:15:44 INFO  State of current operation: PENDING
12:15:46 INFO  State of current operation: PENDING
12:15:48 INFO  State of current operation: PENDING
12:15:51 INFO  State of current operation: PENDING
12:15:53 INFO  State of current operation: PENDING
12:15:55 INFO  State of current operation: PENDING
12:15:57 INFO  State of current operation: PENDING
12:16:00 INFO  State of current operation: PENDING
12:16:02 INFO  State of current operation: PENDING
12:16:04 INFO  State of current operation: PENDING
12:16:06 INFO  State of current operation: PENDING
12:16:08 INFO  State of current operation: PENDING
12:16:11 INFO  State of current operation: PENDING
12:16:13 INFO  State of current operation: PENDING
12:16:15 INFO  State of current operation: PENDING
12:16:17 INFO  State of current operation: PENDING
12:16:20 INFO  State of current operation: PENDING
12:16:22 INFO  State of current operation: PENDING
12:16:24 INFO  State of current operation: PENDING
12:16:26 INFO  State of current operation: PENDING
12:16:29 INFO  State of current operation: PENDING
12:16:31 INFO  State of current operation: PENDING
12:16:33 INFO  State of current operation: PENDING
12:16:35 INFO  State of current operation: PENDING
12:16:38 INFO  State of current operation: PENDING
12:16:40 INFO  State of current operation: PENDING
12:16:42 INFO  State of current operation: PENDING
12:16:44 INFO  State of current operation: PENDING
12:16:46 INFO  State of current operation: PENDING
12:16:49 INFO  State of current operation: PENDING
12:16:51 INFO  State of current operation: PENDING
12:16:53 INFO  State of current operation: PENDING
12:16:55 INFO  State of current operation: PENDING
12:16:58 INFO  State of current operation: PENDING
12:17:00 INFO  State of current operation: PENDING
12:17:02 INFO  State of current operation: PENDING
12:17:04 INFO  State of current operation: PENDING
12:17:07 INFO  State of current operation: PENDING
12:17:09 INFO  State of current operation: PENDING
12:17:11 INFO  State of current operation: PENDING
12:17:13 INFO  State of current operation: PENDING
12:17:16 INFO  State of current operation: PENDING
12:17:18 INFO  State of current operation: PENDING
12:17:20 INFO  State of current operation: PENDING
12:17:22 INFO  State of current operation: PENDING
12:17:25 INFO  State of current operation: PENDING
12:17:27 WARN  SystemError occurred while running test - Timeout while waiting for status FAILED or SUCCESSFUL
Traceback (most recent call last):
  File "/home/pi/env-pysys/lib/python3.7/site-packages/pysys/baserunner.py", line 1292, in __call__
    self.testObj.setup()
  File "/home/pi/actions-runner/_work/thin-edge.io/thin-edge.io/tests/PySys/software_management_end_to_end/sm_apt_install_remove/run.py", line 27, in setup
    super().setup()
  File "/home/pi/actions-runner/_work/thin-edge.io/thin-edge.io/tests/PySys/software_management_end_to_end/environment_sm_management.py", line 151, in setup
    self.wait_until_end()
  File "/home/pi/actions-runner/_work/thin-edge.io/thin-edge.io/tests/PySys/software_management_end_to_end/environment_sm_management.py", line 332, in wait_until_end
    self.wait_until_status("FAILED", "SUCCESSFUL")
  File "/home/pi/actions-runner/_work/thin-edge.io/thin-edge.io/tests/PySys/software_management_end_to_end/environment_sm_management.py", line 381, in wait_until_status
    "Timeout while waiting for status %s or %s" % (status, status2)
SystemError: Timeout while waiting for status FAILED or SUCCESSFUL
12:17:27 WARN  SystemError: Timeout while waiting for status FAILED or SUCCESSFUL ... blocked 
12:17:27 INFO  
12:17:27 INFO  cleanup:
12:17:31 INFO  Executed sudo&lt;tedge_disconnect_c8y&gt;, exit status 0
12:17:31 INFO  Executed systemctl&lt;serv_mapper5&gt;, exit status 3
12:17:31 INFO  
12:17:31 INFO  Test duration: 166.53 secs
12:17:31 INFO  Test final outcome:  BLOCKED
12:17:31 INFO  Test outcome reason: SystemError: Timeout while waiting for status FAILED or SUCCESSFUL
12:17:31 INFO  
</system-out>
	</testcase>
</testsuite><testsuite name="SoftwareManagement.sm_apt_install_remove_default" tests="3" errors="0" failures="2" skipped="1" time="0"><testcase classname="PySysTest" name="SoftwareManagement.sm_apt_install_remove_default">
		<skipped message="SKIPPED: Testing the apt plugin is not supported on this platform.Use parameter -XmyPlatform='container' to enable it" />
		<system-out>11:19:03 INFO  ==============================================================
11:19:03 INFO  Id:    SoftwareManagement.sm_apt_install_remove_default
11:19:03 INFO  Dir:   software_management_end_to_end/
11:19:03 INFO  Title: Validate end to end behaviour for the default plugin for installation and removal of packages
11:19:03 INFO  ==============================================================
11:19:03 INFO  Testing the apt plugin is not supported on this platform.Use parameter -XmyPlatform='container' to enable it ... skipped
11:19:03 WARN  Aborted test due to SKIPPED outcome
11:19:03 INFO  
11:19:03 INFO  Test duration: 0.02 secs
11:19:03 INFO  Test final outcome:  SKIPPED
11:19:03 INFO  Test outcome reason: Testing the apt plugin is not supported on this platform.Use parameter -XmyPlatform='container' to enable it
11:19:03 INFO  
</system-out>
	</testcase>
<testcase classname="PySysTest" name="SoftwareManagement.sm_apt_install_remove_default">
		<failure message="BLOCKED: SystemError: Timeout while waiting for status FAILED or SUCCESSFUL" type="BLOCKED" />
		<system-out>11:50:45 INFO  ==============================================================
11:50:45 INFO  Id:    SoftwareManagement.sm_apt_install_remove_default
11:50:45 INFO  Dir:   software_management_end_to_end/
11:50:45 INFO  Title: Validate end to end behaviour for the default plugin for installation and removal of packages
11:50:45 INFO  ==============================================================
11:50:45 INFO  Using sw id database: {'asciijump': '5475369', 'robotfindskitten': '5474869', 'squirrel3': '5475279', 'rolldice': '5152439', 'moon-buggy': '5439204', 'apple': '5495053', 'banana': '5494888', 'cherry': '5495382', 'watermelon': '5494510', 'registry': '8018911', 'hello-world': '8021526', 'docker/getting-started': '8021973', 'alpine': '7991792'}
11:50:45 INFO  EnvironmentC8y Setup
11:50:45 INFO  Executed systemctl&lt;serv_mapper1&gt;, exit status 3
11:50:45 INFO  Restarting mosquitto too frequently in the last 10 seconds. It was only up for 5 seconds
11:50:45 INFO  Delaying execution by 6 seconds
11:51:06 INFO  Executed sudo&lt;tedge_connect_c8y&gt;, exit status 0, duration 14 secs
11:51:06 INFO  Executed sudo&lt;tedge_connect_c8y_test&gt;, exit status 0
11:51:07 INFO  Executed systemctl&lt;serv_mosq2&gt;, exit status 0
11:51:07 INFO  Executed systemctl&lt;serv_mapper3&gt;, exit status 0
11:51:09 INFO  State of current operation: PENDING
11:51:12 INFO  State of current operation: PENDING
11:51:14 INFO  State of current operation: PENDING
11:51:16 INFO  State of current operation: PENDING
11:51:18 INFO  State of current operation: PENDING
11:51:21 INFO  State of current operation: PENDING
11:51:23 INFO  State of current operation: PENDING
11:51:25 INFO  State of current operation: PENDING
11:51:27 INFO  State of current operation: PENDING
11:51:29 INFO  State of current operation: PENDING
11:51:32 INFO  State of current operation: PENDING
11:51:34 INFO  State of current operation: PENDING
11:51:36 INFO  State of current operation: PENDING
11:51:38 INFO  State of current operation: PENDING
11:51:41 INFO  State of current operation: PENDING
11:51:43 INFO  State of current operation: PENDING
11:51:45 INFO  State of current operation: PENDING
11:51:47 INFO  State of current operation: PENDING
11:51:49 INFO  State of current operation: PENDING
11:51:52 INFO  State of current operation: PENDING
11:51:54 INFO  State of current operation: PENDING
11:51:56 INFO  State of current operation: PENDING
11:51:58 INFO  State of current operation: PENDING
11:52:01 INFO  State of current operation: PENDING
11:52:03 INFO  State of current operation: PENDING
11:52:05 INFO  State of current operation: PENDING
11:52:07 INFO  State of current operation: PENDING
11:52:10 INFO  State of current operation: PENDING
11:52:12 INFO  State of current operation: PENDING
11:52:14 INFO  State of current operation: PENDING
11:52:16 INFO  State of current operation: PENDING
11:52:19 INFO  State of current operation: PENDING
11:52:21 INFO  State of current operation: PENDING
11:52:23 INFO  State of current operation: PENDING
11:52:25 INFO  State of current operation: PENDING
11:52:28 INFO  State of current operation: PENDING
11:52:30 INFO  State of current operation: PENDING
11:52:32 INFO  State of current operation: PENDING
11:52:34 INFO  State of current operation: PENDING
11:52:37 INFO  State of current operation: PENDING
11:52:39 INFO  State of current operation: PENDING
11:52:41 INFO  State of current operation: PENDING
11:52:43 INFO  State of current operation: PENDING
11:52:46 INFO  State of current operation: PENDING
11:52:48 INFO  State of current operation: PENDING
11:52:50 INFO  State of current operation: PENDING
11:52:52 INFO  State of current operation: PENDING
11:52:55 INFO  State of current operation: PENDING
11:52:57 INFO  State of current operation: PENDING
11:52:59 INFO  State of current operation: PENDING
11:53:01 INFO  State of current operation: PENDING
11:53:03 INFO  State of current operation: PENDING
11:53:06 INFO  State of current operation: PENDING
11:53:08 INFO  State of current operation: PENDING
11:53:10 INFO  State of current operation: PENDING
11:53:12 INFO  State of current operation: PENDING
11:53:15 INFO  State of current operation: PENDING
11:53:17 INFO  State of current operation: PENDING
11:53:19 INFO  State of current operation: PENDING
11:53:21 INFO  State of current operation: PENDING
11:53:24 INFO  State of current operation: PENDING
11:53:26 WARN  SystemError occurred while running test - Timeout while waiting for status FAILED or SUCCESSFUL
Traceback (most recent call last):
  File "/home/pi/env-pysys/lib/python3.7/site-packages/pysys/baserunner.py", line 1292, in __call__
    self.testObj.setup()
  File "/home/pi/actions-runner/_work/thin-edge.io/thin-edge.io/tests/PySys/software_management_end_to_end/sm_apt_install_remove_default/run.py", line 26, in setup
    super().setup()
  File "/home/pi/actions-runner/_work/thin-edge.io/thin-edge.io/tests/PySys/software_management_end_to_end/environment_sm_management.py", line 151, in setup
    self.wait_until_end()
  File "/home/pi/actions-runner/_work/thin-edge.io/thin-edge.io/tests/PySys/software_management_end_to_end/environment_sm_management.py", line 332, in wait_until_end
    self.wait_until_status("FAILED", "SUCCESSFUL")
  File "/home/pi/actions-runner/_work/thin-edge.io/thin-edge.io/tests/PySys/software_management_end_to_end/environment_sm_management.py", line 381, in wait_until_status
    "Timeout while waiting for status %s or %s" % (status, status2)
SystemError: Timeout while waiting for status FAILED or SUCCESSFUL
11:53:26 WARN  SystemError: Timeout while waiting for status FAILED or SUCCESSFUL ... blocked 
11:53:26 INFO  
11:53:26 INFO  cleanup:
11:53:30 INFO  Executed sudo&lt;tedge_disconnect_c8y&gt;, exit status 0
11:53:30 INFO  Executed systemctl&lt;serv_mapper5&gt;, exit status 3
11:53:30 INFO  
11:53:30 INFO  Test duration: 165.56 secs
11:53:30 INFO  Test final outcome:  BLOCKED
11:53:30 INFO  Test outcome reason: SystemError: Timeout while waiting for status FAILED or SUCCESSFUL
11:53:30 INFO  
</system-out>
	</testcase>
<testcase classname="PySysTest" name="SoftwareManagement.sm_apt_install_remove_default">
		<failure message="BLOCKED: SystemError: Timeout while waiting for status FAILED or SUCCESSFUL" type="BLOCKED" />
		<system-out>12:17:31 INFO  ==============================================================
12:17:31 INFO  Id:    SoftwareManagement.sm_apt_install_remove_default
12:17:31 INFO  Dir:   software_management_end_to_end/
12:17:31 INFO  Title: Validate end to end behaviour for the default plugin for installation and removal of packages
12:17:31 INFO  ==============================================================
12:17:31 INFO  Using sw id database: {'asciijump': '5475369', 'robotfindskitten': '5474869', 'squirrel3': '5475279', 'rolldice': '5152439', 'moon-buggy': '5439204', 'apple': '5495053', 'banana': '5494888', 'cherry': '5495382', 'watermelon': '5494510', 'registry': '8018911', 'hello-world': '8021526', 'docker/getting-started': '8021973', 'alpine': '7991792'}
12:17:31 INFO  EnvironmentC8y Setup
12:17:32 INFO  Executed systemctl&lt;serv_mapper1&gt;, exit status 3
12:17:32 INFO  Restarting mosquitto too frequently in the last 10 seconds. It was only up for 5 seconds
12:17:32 INFO  Delaying execution by 6 seconds
12:17:52 INFO  Executed sudo&lt;tedge_connect_c8y&gt;, exit status 0, duration 13 secs
12:17:53 INFO  Executed sudo&lt;tedge_connect_c8y_test&gt;, exit status 0
12:17:53 INFO  Executed systemctl&lt;serv_mosq2&gt;, exit status 0
12:17:54 INFO  Executed systemctl&lt;serv_mapper3&gt;, exit status 0
12:17:56 INFO  State of current operation: PENDING
12:17:58 INFO  State of current operation: PENDING
12:18:00 INFO  State of current operation: PENDING
12:18:03 INFO  State of current operation: PENDING
12:18:05 INFO  State of current operation: PENDING
12:18:07 INFO  State of current operation: PENDING
12:18:09 INFO  State of current operation: PENDING
12:18:11 INFO  State of current operation: PENDING
12:18:14 INFO  State of current operation: PENDING
12:18:16 INFO  State of current operation: PENDING
12:18:18 INFO  State of current operation: PENDING
12:18:20 INFO  State of current operation: PENDING
12:18:23 INFO  State of current operation: PENDING
12:18:25 INFO  State of current operation: PENDING
12:18:27 INFO  State of current operation: PENDING
12:18:30 INFO  State of current operation: PENDING
12:18:32 INFO  State of current operation: PENDING
12:18:34 INFO  State of current operation: PENDING
12:18:36 INFO  State of current operation: PENDING
12:18:39 INFO  State of current operation: PENDING
12:18:41 INFO  State of current operation: PENDING
12:18:43 INFO  State of current operation: PENDING
12:18:45 INFO  State of current operation: PENDING
12:18:47 INFO  State of current operation: PENDING
12:18:50 INFO  State of current operation: PENDING
12:18:52 INFO  State of current operation: PENDING
12:18:54 INFO  State of current operation: PENDING
12:18:56 INFO  State of current operation: PENDING
12:18:59 INFO  State of current operation: PENDING
12:19:01 INFO  State of current operation: PENDING
12:19:03 INFO  State of current operation: PENDING
12:19:05 INFO  State of current operation: PENDING
12:19:08 INFO  State of current operation: PENDING
12:19:10 INFO  State of current operation: PENDING
12:19:12 INFO  State of current operation: PENDING
12:19:14 INFO  State of current operation: PENDING
12:19:16 INFO  State of current operation: PENDING
12:19:19 INFO  State of current operation: PENDING
12:19:21 INFO  State of current operation: PENDING
12:19:23 INFO  State of current operation: PENDING
12:19:25 INFO  State of current operation: PENDING
12:19:28 INFO  State of current operation: PENDING
12:19:30 INFO  State of current operation: PENDING
12:19:32 INFO  State of current operation: PENDING
12:19:34 INFO  State of current operation: PENDING
12:19:37 INFO  State of current operation: PENDING
12:19:39 INFO  State of current operation: PENDING
12:19:41 INFO  State of current operation: PENDING
12:19:43 INFO  State of current operation: PENDING
12:19:46 INFO  State of current operation: PENDING
12:19:48 INFO  State of current operation: PENDING
12:19:50 INFO  State of current operation: PENDING
12:19:52 INFO  State of current operation: PENDING
12:19:54 INFO  State of current operation: PENDING
12:19:57 INFO  State of current operation: PENDING
12:19:59 INFO  State of current operation: PENDING
12:20:01 INFO  State of current operation: PENDING
12:20:04 INFO  State of current operation: PENDING
12:20:06 INFO  State of current operation: PENDING
12:20:08 INFO  State of current operation: PENDING
12:20:10 INFO  State of current operation: PENDING
12:20:12 WARN  SystemError occurred while running test - Timeout while waiting for status FAILED or SUCCESSFUL
Traceback (most recent call last):
  File "/home/pi/env-pysys/lib/python3.7/site-packages/pysys/baserunner.py", line 1292, in __call__
    self.testObj.setup()
  File "/home/pi/actions-runner/_work/thin-edge.io/thin-edge.io/tests/PySys/software_management_end_to_end/sm_apt_install_remove_default/run.py", line 26, in setup
    super().setup()
  File "/home/pi/actions-runner/_work/thin-edge.io/thin-edge.io/tests/PySys/software_management_end_to_end/environment_sm_management.py", line 151, in setup
    self.wait_until_end()
  File "/home/pi/actions-runner/_work/thin-edge.io/thin-edge.io/tests/PySys/software_management_end_to_end/environment_sm_management.py", line 332, in wait_until_end
    self.wait_until_status("FAILED", "SUCCESSFUL")
  File "/home/pi/actions-runner/_work/thin-edge.io/thin-edge.io/tests/PySys/software_management_end_to_end/environment_sm_management.py", line 381, in wait_until_status
    "Timeout while waiting for status %s or %s" % (status, status2)
SystemError: Timeout while waiting for status FAILED or SUCCESSFUL
12:20:12 WARN  SystemError: Timeout while waiting for status FAILED or SUCCESSFUL ... blocked 
12:20:12 INFO  
12:20:12 INFO  cleanup:
12:20:16 INFO  Executed sudo&lt;tedge_disconnect_c8y&gt;, exit status 0
12:20:17 INFO  Executed systemctl&lt;serv_mapper5&gt;, exit status 3
12:20:17 INFO  
12:20:17 INFO  Test duration: 165.63 secs
12:20:17 INFO  Test final outcome:  BLOCKED
12:20:17 INFO  Test outcome reason: SystemError: Timeout while waiting for status FAILED or SUCCESSFUL
12:20:17 INFO  
</system-out>
	</testcase>
</testsuite><testsuite name="SoftwareManagement.sm_apt_install_remove_multiple" tests="3" errors="0" failures="2" skipped="1" time="0"><testcase classname="PySysTest" name="SoftwareManagement.sm_apt_install_remove_multiple">
		<skipped message="SKIPPED: Testing the apt plugin is not supported on this platform.Use parameter -XmyPlatform='container' to enable it" />
		<system-out>11:19:03 INFO  ==============================================================
11:19:03 INFO  Id:    SoftwareManagement.sm_apt_install_remove_multiple
11:19:03 INFO  Dir:   software_management_end_to_end/
11:19:03 INFO  Title: Validate end to end behaviour for the apt plugin for multiple packages
11:19:03 INFO  ==============================================================
11:19:03 INFO  Testing the apt plugin is not supported on this platform.Use parameter -XmyPlatform='container' to enable it ... skipped
11:19:03 WARN  Aborted test due to SKIPPED outcome
11:19:03 INFO  
11:19:03 INFO  Test duration: 0.02 secs
11:19:03 INFO  Test final outcome:  SKIPPED
11:19:03 INFO  Test outcome reason: Testing the apt plugin is not supported on this platform.Use parameter -XmyPlatform='container' to enable it
11:19:03 INFO  
</system-out>
	</testcase>
<testcase classname="PySysTest" name="SoftwareManagement.sm_apt_install_remove_multiple">
		<failure message="BLOCKED: SystemError: Timeout while waiting for status FAILED or SUCCESSFUL" type="BLOCKED" />
		<system-out>11:53:30 INFO  ==============================================================
11:53:30 INFO  Id:    SoftwareManagement.sm_apt_install_remove_multiple
11:53:30 INFO  Dir:   software_management_end_to_end/
11:53:30 INFO  Title: Validate end to end behaviour for the apt plugin for multiple packages
11:53:30 INFO  ==============================================================
11:53:30 INFO  Using sw id database: {'asciijump': '5475369', 'robotfindskitten': '5474869', 'squirrel3': '5475279', 'rolldice': '5152439', 'moon-buggy': '5439204', 'apple': '5495053', 'banana': '5494888', 'cherry': '5495382', 'watermelon': '5494510', 'registry': '8018911', 'hello-world': '8021526', 'docker/getting-started': '8021973', 'alpine': '7991792'}
11:53:30 INFO  EnvironmentC8y Setup
11:53:31 INFO  Executed systemctl&lt;serv_mapper1&gt;, exit status 3
11:53:31 INFO  Restarting mosquitto too frequently in the last 10 seconds. It was only up for 5 seconds
11:53:31 INFO  Delaying execution by 6 seconds
11:53:51 INFO  Executed sudo&lt;tedge_connect_c8y&gt;, exit status 0, duration 13 secs
11:53:51 INFO  Executed sudo&lt;tedge_connect_c8y_test&gt;, exit status 0
11:53:52 INFO  Executed systemctl&lt;serv_mosq2&gt;, exit status 0
11:53:52 INFO  Executed systemctl&lt;serv_mapper3&gt;, exit status 0
11:53:54 INFO  State of current operation: PENDING
11:53:57 INFO  State of current operation: PENDING
11:53:59 INFO  State of current operation: PENDING
11:54:01 INFO  State of current operation: PENDING
11:54:04 INFO  State of current operation: PENDING
11:54:06 INFO  State of current operation: PENDING
11:54:08 INFO  State of current operation: PENDING
11:54:11 INFO  State of current operation: PENDING
11:54:13 INFO  State of current operation: PENDING
11:54:15 INFO  State of current operation: PENDING
11:54:17 INFO  State of current operation: PENDING
11:54:19 INFO  State of current operation: PENDING
11:54:22 INFO  State of current operation: PENDING
11:54:24 INFO  State of current operation: PENDING
11:54:26 INFO  State of current operation: PENDING
11:54:28 INFO  State of current operation: PENDING
11:54:31 INFO  State of current operation: PENDING
11:54:33 INFO  State of current operation: PENDING
11:54:35 INFO  State of current operation: PENDING
11:54:37 INFO  State of current operation: PENDING
11:54:40 INFO  State of current operation: PENDING
11:54:42 INFO  State of current operation: PENDING
11:54:44 INFO  State of current operation: PENDING
11:54:46 INFO  State of current operation: PENDING
11:54:48 INFO  State of current operation: PENDING
11:54:51 INFO  State of current operation: PENDING
11:54:53 INFO  State of current operation: PENDING
11:54:55 INFO  State of current operation: PENDING
11:54:57 INFO  State of current operation: PENDING
11:55:00 INFO  State of current operation: PENDING
11:55:02 INFO  State of current operation: PENDING
11:55:04 INFO  State of current operation: PENDING
11:55:06 INFO  State of current operation: PENDING
11:55:09 INFO  State of current operation: PENDING
11:55:11 INFO  State of current operation: PENDING
11:55:13 INFO  State of current operation: PENDING
11:55:15 INFO  State of current operation: PENDING
11:55:18 INFO  State of current operation: PENDING
11:55:20 INFO  State of current operation: PENDING
11:55:22 INFO  State of current operation: PENDING
11:55:24 INFO  State of current operation: PENDING
11:55:27 INFO  State of current operation: PENDING
11:55:29 INFO  State of current operation: PENDING
11:55:31 INFO  State of current operation: PENDING
11:55:33 INFO  State of current operation: PENDING
11:55:36 INFO  State of current operation: PENDING
11:55:38 INFO  State of current operation: PENDING
11:55:40 INFO  State of current operation: PENDING
11:55:42 INFO  State of current operation: PENDING
11:55:45 INFO  State of current operation: PENDING
11:55:47 INFO  State of current operation: PENDING
11:55:49 INFO  State of current operation: PENDING
11:55:51 INFO  State of current operation: PENDING
11:55:53 INFO  State of current operation: PENDING
11:55:56 INFO  State of current operation: PENDING
11:55:58 INFO  State of current operation: PENDING
11:56:00 INFO  State of current operation: PENDING
11:56:02 INFO  State of current operation: PENDING
11:56:05 INFO  State of current operation: PENDING
11:56:07 INFO  State of current operation: PENDING
11:56:09 INFO  State of current operation: PENDING
11:56:11 WARN  SystemError occurred while running test - Timeout while waiting for status FAILED or SUCCESSFUL
Traceback (most recent call last):
  File "/home/pi/env-pysys/lib/python3.7/site-packages/pysys/baserunner.py", line 1292, in __call__
    self.testObj.setup()
  File "/home/pi/actions-runner/_work/thin-edge.io/thin-edge.io/tests/PySys/software_management_end_to_end/sm_apt_install_remove_multiple/run.py", line 52, in setup
    super().setup()
  File "/home/pi/actions-runner/_work/thin-edge.io/thin-edge.io/tests/PySys/software_management_end_to_end/environment_sm_management.py", line 151, in setup
    self.wait_until_end()
  File "/home/pi/actions-runner/_work/thin-edge.io/thin-edge.io/tests/PySys/software_management_end_to_end/environment_sm_management.py", line 332, in wait_until_end
    self.wait_until_status("FAILED", "SUCCESSFUL")
  File "/home/pi/actions-runner/_work/thin-edge.io/thin-edge.io/tests/PySys/software_management_end_to_end/environment_sm_management.py", line 381, in wait_until_status
    "Timeout while waiting for status %s or %s" % (status, status2)
SystemError: Timeout while waiting for status FAILED or SUCCESSFUL
11:56:11 WARN  SystemError: Timeout while waiting for status FAILED or SUCCESSFUL ... blocked 
11:56:11 INFO  
11:56:11 INFO  cleanup:
11:56:15 INFO  Executed sudo&lt;tedge_disconnect_c8y&gt;, exit status 0
11:56:16 INFO  Executed systemctl&lt;serv_mapper5&gt;, exit status 3
11:56:16 INFO  
11:56:16 INFO  Test duration: 165.50 secs
11:56:16 INFO  Test final outcome:  BLOCKED
11:56:16 INFO  Test outcome reason: SystemError: Timeout while waiting for status FAILED or SUCCESSFUL
11:56:16 INFO  
</system-out>
	</testcase>
<testcase classname="PySysTest" name="SoftwareManagement.sm_apt_install_remove_multiple">
		<failure message="BLOCKED: SystemError: Timeout while waiting for status FAILED or SUCCESSFUL" type="BLOCKED" />
		<system-out>12:20:17 INFO  ==============================================================
12:20:17 INFO  Id:    SoftwareManagement.sm_apt_install_remove_multiple
12:20:17 INFO  Dir:   software_management_end_to_end/
12:20:17 INFO  Title: Validate end to end behaviour for the apt plugin for multiple packages
12:20:17 INFO  ==============================================================
12:20:17 INFO  Using sw id database: {'asciijump': '5475369', 'robotfindskitten': '5474869', 'squirrel3': '5475279', 'rolldice': '5152439', 'moon-buggy': '5439204', 'apple': '5495053', 'banana': '5494888', 'cherry': '5495382', 'watermelon': '5494510', 'registry': '8018911', 'hello-world': '8021526', 'docker/getting-started': '8021973', 'alpine': '7991792'}
12:20:17 INFO  EnvironmentC8y Setup
12:20:17 INFO  Executed systemctl&lt;serv_mapper1&gt;, exit status 3
12:20:18 INFO  Restarting mosquitto too frequently in the last 10 seconds. It was only up for 4 seconds
12:20:18 INFO  Delaying execution by 7 seconds
12:20:38 INFO  Executed sudo&lt;tedge_connect_c8y&gt;, exit status 0, duration 13 secs
12:20:39 INFO  Executed sudo&lt;tedge_connect_c8y_test&gt;, exit status 0
12:20:39 INFO  Executed systemctl&lt;serv_mosq2&gt;, exit status 0
12:20:40 INFO  Executed systemctl&lt;serv_mapper3&gt;, exit status 0
12:20:42 INFO  State of current operation: PENDING
12:20:44 INFO  State of current operation: PENDING
12:20:47 INFO  State of current operation: PENDING
12:20:49 INFO  State of current operation: PENDING
12:20:51 INFO  State of current operation: PENDING
12:20:54 INFO  State of current operation: PENDING
12:20:56 INFO  State of current operation: PENDING
12:20:58 INFO  State of current operation: PENDING
12:21:00 INFO  State of current operation: PENDING
12:21:03 INFO  State of current operation: PENDING
12:21:05 INFO  State of current operation: PENDING
12:21:07 INFO  State of current operation: PENDING
12:21:09 INFO  State of current operation: PENDING
12:21:12 INFO  State of current operation: PENDING
12:21:14 INFO  State of current operation: PENDING
12:21:16 INFO  State of current operation: PENDING
12:21:18 INFO  State of current operation: PENDING
12:21:20 INFO  State of current operation: PENDING
12:21:23 INFO  State of current operation: PENDING
12:21:25 INFO  State of current operation: PENDING
12:21:27 INFO  State of current operation: PENDING
12:21:29 INFO  State of current operation: PENDING
12:21:32 INFO  State of current operation: PENDING
12:21:34 INFO  State of current operation: PENDING
12:21:36 INFO  State of current operation: PENDING
12:21:38 INFO  State of current operation: PENDING
12:21:41 INFO  State of current operation: PENDING
12:21:43 INFO  State of current operation: PENDING
12:21:45 INFO  State of current operation: PENDING
12:21:47 INFO  State of current operation: PENDING
12:21:50 INFO  State of current operation: PENDING
12:21:52 INFO  State of current operation: PENDING
12:21:54 INFO  State of current operation: PENDING
12:21:56 INFO  State of current operation: PENDING
12:21:58 INFO  State of current operation: PENDING
12:22:01 INFO  State of current operation: PENDING
12:22:03 INFO  State of current operation: PENDING
12:22:05 INFO  State of current operation: PENDING
12:22:08 INFO  State of current operation: PENDING
12:22:10 INFO  State of current operation: PENDING
12:22:12 INFO  State of current operation: PENDING
12:22:14 INFO  State of current operation: PENDING
12:22:17 INFO  State of current operation: PENDING
12:22:19 INFO  State of current operation: PENDING
12:22:21 INFO  State of current operation: PENDING
12:22:23 INFO  State of current operation: PENDING
12:22:26 INFO  State of current operation: PENDING
12:22:28 INFO  State of current operation: PENDING
12:22:30 INFO  State of current operation: PENDING
12:22:32 INFO  State of current operation: PENDING
12:22:34 INFO  State of current operation: PENDING
12:22:37 INFO  State of current operation: PENDING
12:22:39 INFO  State of current operation: PENDING
12:22:41 INFO  State of current operation: PENDING
12:22:43 INFO  State of current operation: PENDING
12:22:46 INFO  State of current operation: PENDING
12:22:48 INFO  State of current operation: PENDING
12:22:50 INFO  State of current operation: PENDING
12:22:52 INFO  State of current operation: PENDING
12:22:55 INFO  State of current operation: PENDING
12:22:57 INFO  State of current operation: PENDING
12:22:59 WARN  SystemError occurred while running test - Timeout while waiting for status FAILED or SUCCESSFUL
Traceback (most recent call last):
  File "/home/pi/env-pysys/lib/python3.7/site-packages/pysys/baserunner.py", line 1292, in __call__
    self.testObj.setup()
  File "/home/pi/actions-runner/_work/thin-edge.io/thin-edge.io/tests/PySys/software_management_end_to_end/sm_apt_install_remove_multiple/run.py", line 52, in setup
    super().setup()
  File "/home/pi/actions-runner/_work/thin-edge.io/thin-edge.io/tests/PySys/software_management_end_to_end/environment_sm_management.py", line 151, in setup
    self.wait_until_end()
  File "/home/pi/actions-runner/_work/thin-edge.io/thin-edge.io/tests/PySys/software_management_end_to_end/environment_sm_management.py", line 332, in wait_until_end
    self.wait_until_status("FAILED", "SUCCESSFUL")
  File "/home/pi/actions-runner/_work/thin-edge.io/thin-edge.io/tests/PySys/software_management_end_to_end/environment_sm_management.py", line 381, in wait_until_status
    "Timeout while waiting for status %s or %s" % (status, status2)
SystemError: Timeout while waiting for status FAILED or SUCCESSFUL
12:22:59 WARN  SystemError: Timeout while waiting for status FAILED or SUCCESSFUL ... blocked 
12:22:59 INFO  
12:22:59 INFO  cleanup:
12:23:03 INFO  Executed sudo&lt;tedge_disconnect_c8y&gt;, exit status 0
12:23:04 INFO  Executed systemctl&lt;serv_mapper5&gt;, exit status 3
12:23:04 INFO  
12:23:04 INFO  Test duration: 166.67 secs
12:23:04 INFO  Test final outcome:  BLOCKED
12:23:04 INFO  Test outcome reason: SystemError: Timeout while waiting for status FAILED or SUCCESSFUL
12:23:04 INFO  
</system-out>
	</testcase>
</testsuite><testsuite name="SoftwareManagement.sm_apt_install_remove_multiple_mixed" tests="3" errors="0" failures="2" skipped="1" time="0"><testcase classname="PySysTest" name="SoftwareManagement.sm_apt_install_remove_multiple_mixed">
		<skipped message="SKIPPED: Testing the apt plugin is not supported on this platform.Use parameter -XmyPlatform='container' to enable it" />
		<system-out>11:19:03 INFO  ==============================================================
[...]
  File "/home/pi/env-pysys/lib/python3.7/site-packages/retry/api.py", line 74, in retry_decorator
    logger)
  File "/home/pi/env-pysys/lib/python3.7/site-packages/retry/api.py", line 33, in __retry_internal
    return f()
  File "/home/pi/actions-runner/_work/thin-edge.io/thin-edge.io/tests/PySys/log_request_end_to_end/log_request_num_lines/run.py", line 52, in wait_until_logs_retrieved
    raise Exception("retry")
Exception: retry
11:07:39 WARN  Exception: retry ... blocked 
11:07:39 INFO  
11:07:39 INFO  cleanup:
11:07:40 INFO  Executed sudo&lt;rm_logs&gt;, exit status 0
11:07:40 INFO  Executed sudo&lt;rm_tmp_logs&gt;, exit status 0
11:07:41 INFO  Executed sudo&lt;send_failed&gt;, exit status 0
11:07:45 INFO  Executed sudo&lt;tedge_disconnect_c8y&gt;, exit status 0
11:07:46 INFO  Executed systemctl&lt;serv_mapper5&gt;, exit status 3
11:07:46 INFO  
11:07:46 INFO  Test duration: 54.02 secs
11:07:46 INFO  Test final outcome:  BLOCKED
11:07:46 INFO  Test outcome reason: Exception: retry
11:07:46 INFO  
</system-out>
	</testcase>
</testsuite><testsuite name="mapper_awaits_before_reconnect" tests="1" errors="0" failures="1" skipped="0" time="0"><testcase classname="MapperReconnectAwait" name="mapper_awaits_before_reconnect">
		<failure message="FAILED: Line count on tedge_mapper_journal.out for &quot;tedge_mapper::core::mapper: MQTT connection error:&quot; expected &gt;=2 but got 0" type="FAILED" />
		<system-out>11:22:11 INFO  ==============================================================
11:22:11 INFO  Id:    mapper_awaits_before_reconnect
11:22:11 INFO  Dir:   tedge_mapper_c8y/
11:22:11 INFO  Title: Validate mapper doesn't reconnect too often
11:22:11 INFO  ==============================================================
11:22:11 INFO  Started mosquitto_sub with process id 18136
11:22:11 INFO  Waiting for 0.1 seconds
11:22:12 INFO  Executed sudo&lt;tedge_mapper&gt;, exit status 0
11:22:12 INFO  Waiting for 5.0 seconds
11:22:17 INFO  Executed sudo&lt;tedge_mapper&gt;, exit status 0
11:22:19 INFO  Executed sudo&lt;tedge_mapper_journal&gt;, exit status 0
11:22:19 WARN  Grep on tedge_mapper_journal.out contains "ERROR" ... failed [run.py:67]
11:22:19 INFO  Line count on file tedge_mapper_journal.out ... passed
11:22:19 WARN  Line count on tedge_mapper_journal.out for "tedge_mapper::core::mapper: MQTT connection error:" expected &gt;=2 but got 0 ... failed [run.py:78]
11:22:19 WARN  Aborted test due to FAILED outcome
11:22:19 INFO  
11:22:19 INFO  Test duration: 7.84 secs
11:22:19 INFO  Test final outcome:  FAILED
11:22:19 INFO  Test outcome reason: Line count on tedge_mapper_journal.out for "tedge_mapper::core::mapper: MQTT connection error:" expected &gt;=2 but got 0
11:22:19 INFO  
</system-out>
	</testcase>
</testsuite><testsuite name="monitoring_smaller_interval" tests="1" errors="0" failures="1" skipped="0" time="0"><testcase classname="MonitoringSmallInterval" name="monitoring_smaller_interval">
		<failure message="BLOCKED: TypeError: 'int' object is not subscriptable" type="BLOCKED" />
		<system-out>11:09:03 INFO  ==============================================================
11:09:03 INFO  Id:    monitoring_smaller_interval
11:09:03 INFO  Dir:   monitoring/
11:09:03 INFO  Title: Validate the tedge dm agent messages that are produced with smaller sampling interval than the batching window. Here the simulated collectd messages are used
11:09:03 INFO  ==============================================================
11:09:04 INFO  Executed sudo&lt;collectd&gt;, exit status 0
11:09:04 INFO  Executed sudo&lt;collectd_mapper&gt;, exit status 0
11:09:04 INFO  Started sudo&lt;tedge_sub&gt; with process id 14308
11:09:05 INFO  Executed sudo&lt;tedge_temp&gt;, exit status 0
11:09:05 INFO  Executed sudo&lt;tedge_pres&gt;, exit status 0
11:09:06 INFO  Executed sudo&lt;tedge_temp&gt;, exit status 0
11:09:06 INFO  Executed sudo&lt;tedge_pres&gt;, exit status 0
11:09:07 INFO  Executed sudo&lt;tedge_temp&gt;, exit status 0
11:09:08 INFO  Executed sudo&lt;tedge_pres&gt;, exit status 0
11:09:08 INFO  Executed sudo&lt;tedge_temp&gt;, exit status 0
11:09:09 INFO  Executed sudo&lt;tedge_pres&gt;, exit status 0
11:09:09 INFO  Executed sudo&lt;tedge_temp&gt;, exit status 0
11:09:10 INFO  Executed sudo&lt;tedge_pres&gt;, exit status 0
11:09:10 INFO  Executed sudo&lt;tedge_temp&gt;, exit status 0
11:09:11 INFO  Executed sudo&lt;tedge_pres&gt;, exit status 0
11:09:12 INFO  Executed sudo&lt;tedge_temp&gt;, exit status 0
11:09:12 INFO  Executed sudo&lt;tedge_pres&gt;, exit status 0
11:09:13 INFO  Executed sudo&lt;tedge_temp&gt;, exit status 0
11:09:13 INFO  Executed sudo&lt;tedge_pres&gt;, exit status 0
11:09:14 INFO  Executed sudo&lt;tedge_temp&gt;, exit status 0
11:09:14 INFO  Executed sudo&lt;tedge_pres&gt;, exit status 0
11:09:15 INFO  Executed sudo&lt;tedge_temp&gt;, exit status 0
11:09:16 INFO  Executed sudo&lt;tedge_pres&gt;, exit status 0
11:09:17 INFO  Executed sudo&lt;kill_out&gt;, exit status 0
11:09:17 INFO  0

11:09:17 WARN  TypeError occurred while running test - 'int' object is not subscriptable
Traceback (most recent call last):
  File "/home/pi/env-pysys/lib/python3.7/site-packages/pysys/baserunner.py", line 1296, in __call__
    self.testObj.validate()
  File "/home/pi/actions-runner/_work/thin-edge.io/thin-edge.io/tests/PySys/monitoring/monitoring_smaller_interval/run.py", line 104, in validate
    collectd_msg_validation_result=self.validate_json(),
  File "/home/pi/actions-runner/_work/thin-edge.io/thin-edge.io/tests/PySys/monitoring/monitoring_smaller_interval/run.py", line 114, in validate_json
    if not self.validate_time():
  File "/home/pi/actions-runner/_work/thin-edge.io/thin-edge.io/tests/PySys/monitoring/monitoring_smaller_interval/run.py", line 134, in validate_time
    if self.js_msg["time"]:
TypeError: 'int' object is not subscriptable
11:09:17 WARN  TypeError: 'int' object is not subscriptable ... blocked 
11:09:17 INFO  
11:09:17 INFO  cleanup:
11:09:17 INFO  monitoring_cleanup
11:09:18 INFO  Executed sudo&lt;collectd_mapper&gt;, exit status 0
11:09:18 INFO  
11:09:18 INFO  Test duration: 14.98 secs
11:09:18 INFO  Test final outcome:  BLOCKED
11:09:18 INFO  Test outcome reason: TypeError: 'int' object is not subscriptable
11:09:18 INFO  
</system-out>
	</testcase>
</testsuite><testsuite name="monitoring_with_collectd" tests="1" errors="0" failures="0" skipped="1" time="0"><testcase classname="MonitoringWithCollectd" name="monitoring_with_collectd">
		<skipped message="SKIPPED: Test execution disabled due to #792 (instable)" />
		<system-out>11:09:18 INFO  ==============================================================
11:09:18 INFO  Id:    monitoring_with_collectd
11:09:18 INFO  Dir:   monitoring/
11:09:18 INFO  Title: Validate tedge dm agent messages that are produced by batching the collectd messages
11:09:18 INFO  ==============================================================
11:09:18 INFO  Test execution disabled due to #792 (instable) ... skipped
11:09:18 INFO  
11:09:18 INFO  Test duration: 0.02 secs
11:09:18 INFO  Test final outcome:  SKIPPED
11:09:18 INFO  Test outcome reason: Test execution disabled due to #792 (instable)
11:09:18 INFO  
</system-out>
	</testcase>
</testsuite><testsuite name="monitoring_with_simulated_messages" tests="1" errors="0" failures="1" skipped="0" time="0"><testcase classname="MonitoringWithSimulatedMessages" name="monitoring_with_simulated_messages">
		<failure message="BLOCKED: TypeError: 'int' object is not subscriptable" type="BLOCKED" />
		<system-out>11:09:18 INFO  ==============================================================
11:09:18 INFO  Id:    monitoring_with_simulated_messages
11:09:18 INFO  Dir:   monitoring/
11:09:18 INFO  Title: Validate the tedge dm agent messages that are produced from the simulated collectd messages
11:09:18 INFO  ==============================================================
11:09:19 INFO  Executed sudo&lt;collectd&gt;, exit status 0
11:09:19 INFO  Executed sudo&lt;collectd_mapper&gt;, exit status 0
11:09:19 INFO  Started sudo&lt;tedge_sub&gt; with process id 14368
11:09:20 INFO  Executed sudo&lt;tedge_temp&gt;, exit status 0
11:09:20 INFO  Executed sudo&lt;tedge_pres&gt;, exit status 0
11:09:22 INFO  Executed sudo&lt;kill_out&gt;, exit status 0
11:09:22 INFO  0

11:09:22 WARN  TypeError occurred while running test - 'int' object is not subscriptable
Traceback (most recent call last):
  File "/home/pi/env-pysys/lib/python3.7/site-packages/pysys/baserunner.py", line 1296, in __call__
    self.testObj.validate()
  File "/home/pi/actions-runner/_work/thin-edge.io/thin-edge.io/tests/PySys/monitoring/monitoring_with_simulated_messages/run.py", line 98, in validate
    collectd_msg_validation_result=self.validate_json(),
  File "/home/pi/actions-runner/_work/thin-edge.io/thin-edge.io/tests/PySys/monitoring/monitoring_with_simulated_messages/run.py", line 108, in validate_json
    if not self.validate_time():
  File "/home/pi/actions-runner/_work/thin-edge.io/thin-edge.io/tests/PySys/monitoring/monitoring_with_simulated_messages/run.py", line 127, in validate_time
    if self.js_msg["time"]:
TypeError: 'int' object is not subscriptable
11:09:22 WARN  TypeError: 'int' object is not subscriptable ... blocked 
11:09:22 INFO  
11:09:22 INFO  cleanup:
11:09:22 INFO  monitoring_cleanup
11:09:22 INFO  Executed sudo&lt;collectd_mapper&gt;, exit status 0
11:09:22 INFO  
11:09:22 INFO  Test duration: 4.44 secs
11:09:22 INFO  Test final outcome:  BLOCKED
11:09:22 INFO  Test outcome reason: TypeError: 'int' object is not subscriptable
11:09:22 INFO  
</system-out>
	</testcase>
</testsuite><testsuite name="mqtt_port_change_connection_fails" tests="1" errors="0" failures="0" skipped="0" time="0"><testcase classname="MqttPortChangeConnectionFails" name="mqtt_port_change_connection_fails" />
</testsuite><testsuite name="mqtt_port_change_connection_works" tests="1" errors="0" failures="0" skipped="1" time="0"><testcase classname="MqttPortChangeConnectionWorks" name="mqtt_port_change_connection_works">
		<skipped message="SKIPPED: failing intermitently" />
		<system-out>11:08:21 INFO  ==============================================================
11:08:21 INFO  Id:    mqtt_port_change_connection_works
11:08:21 INFO  Dir:   misc_features/
11:08:21 INFO  Title: mqtt port change connection works for all the thin-edge services that use the mosquitto broker
11:08:21 INFO  ==============================================================
11:08:21 INFO  failing intermitently ... skipped
11:08:21 INFO  
11:08:21 INFO  Test duration: 0.04 secs
11:08:21 INFO  Test final outcome:  SKIPPED
11:08:21 INFO  Test outcome reason: failing intermitently
11:08:21 INFO  
</system-out>
	</testcase>
</testsuite><testsuite name="mqtt_port_set" tests="1" errors="0" failures="0" skipped="0" time="0"><testcase classname="MqttPortSet" name="mqtt_port_set" />
</testsuite><testsuite name="mqtt_port_unset" tests="1" errors="0" failures="0" skipped="0" time="0"><testcase classname="MqttPortUnSet" name="mqtt_port_unset" />
</testsuite><testsuite name="publish_flux" tests="1" errors="0" failures="0" skipped="0" time="0"><testcase classname="PublishFlux" name="publish_flux" />
</testsuite><testsuite name="publish_sawmill" tests="1" errors="0" failures="0" skipped="0" time="0"><testcase classname="PublishSawmill" name="publish_sawmill" />
</testsuite><testsuite name="runtime_start_two_mappers" tests="1" errors="0" failures="0" skipped="0" time="0"><testcase classname="RuntimeMultiMappers" name="runtime_start_two_mappers" />
</testsuite><testsuite name="sm_tedge_mapper_init_session" tests="1" errors="0" failures="0" skipped="0" time="0"><testcase classname="TedgeSMMapperInitSession" name="sm_tedge_mapper_init_session" />
</testsuite><testsuite name="smoketest_json" tests="1" errors="0" failures="0" skipped="0" time="0"><testcase classname="SmokeTestJson" name="smoketest_json" />
</testsuite><testsuite name="smoketest_json_400_samples_10ms" tests="1" errors="0" failures="0" skipped="0" time="0"><testcase classname="SmoketestJson400Samples10ms" name="smoketest_json_400_samples_10ms" />
</testsuite><testsuite name="smoketest_json_400_samples_20ms" tests="1" errors="0" failures="0" skipped="0" time="0"><testcase classname="SmoketestJson400Samples20ms" name="smoketest_json_400_samples_20ms" />
</testsuite><testsuite name="smoketest_smartrest" tests="1" errors="0" failures="0" skipped="0" time="0"><testcase classname="SmoketestSmartRest" name="smoketest_smartrest" />
</testsuite><testsuite name="smoketest_smartrest_400_samples_1Xms" tests="1" errors="0" failures="0" skipped="0" time="0"><testcase classname="SmoketestSmartRest400Samples1Xms" name="smoketest_smartrest_400_samples_1Xms" />
</testsuite><testsuite name="smoketest_smartrest_400_samples_20ms" tests="1" errors="0" failures="0" skipped="0" time="0"><testcase classname="SmoketestSmartRest400Samples20ms" name="smoketest_smartrest_400_samples_20ms" />
</testsuite><testsuite name="tedge_agent_user_sudo_access" tests="1" errors="0" failures="0" skipped="1" time="0"><testcase classname="TedgeAgentUserSudoAccess" name="tedge_agent_user_sudo_access">
		<skipped message="SKIPPED: #955 Observation: Exit code of the apt plugin when called with no arguments" />
		<system-out>11:19:30 INFO  ==============================================================
11:19:30 INFO  Id:    tedge_agent_user_sudo_access
11:19:30 INFO  Dir:   tedge/
11:19:30 INFO  Title: Validate tedge-agent user has a limited sudo right
11:19:30 INFO  ==============================================================
11:19:30 INFO  #955 Observation: Exit code of the apt plugin when called with no arguments ... skipped
11:19:30 INFO  
11:19:30 INFO  Test duration: 0.02 secs
11:19:30 INFO  Test final outcome:  SKIPPED
11:19:30 INFO  Test outcome reason: #955 Observation: Exit code of the apt plugin when called with no arguments
11:19:30 INFO  
</system-out>
	</testcase>
</testsuite><testsuite name="tedge_connect_test_negative" tests="1" errors="0" failures="0" skipped="0" time="0"><testcase classname="TedgeConnectTestNegative" name="tedge_connect_test_negative" />
</testsuite><testsuite name="tedge_connect_test_positive" tests="1" errors="0" failures="0" skipped="0" time="0"><testcase classname="TedgeConnectTestPositive" name="tedge_connect_test_positive" />
</testsuite><testsuite name="tedge_connect_test_sm_services" tests="1" errors="0" failures="0" skipped="0" time="0"><testcase classname="TedgeConnectTestSMServices" name="tedge_connect_test_sm_services" />
</testsuite><testsuite name="tedge_disconnect_test_sm_services" tests="1" errors="0" failures="0" skipped="0" time="0"><testcase classname="TedgeDisConnectTestSMServices" name="tedge_disconnect_test_sm_services" />
</testsuite><testsuite name="tedge_mapper_az_negative" tests="1" errors="0" failures="0" skipped="0" time="0"><testcase classname="TedgeMapperAzError" name="tedge_mapper_az_negative" />
</testsuite><testsuite name="tedge_mapper_az_with_timestamp" tests="1" errors="0" failures="0" skipped="0" time="0"><testcase classname="TedgeMapperAzWithTimestamp" name="tedge_mapper_az_with_timestamp" />
</testsuite><testsuite name="tedge_mapper_az_without_timestamp" tests="1" errors="0" failures="0" skipped="0" time="0"><testcase classname="TedgeMapperAzWithoutTimestamp" name="tedge_mapper_az_without_timestamp" />
</testsuite><testsuite name="tedge_mapper_c8y_alarms" tests="1" errors="0" failures="0" skipped="0" time="0"><testcase classname="TedgeMapperC8yAlarm" name="tedge_mapper_c8y_alarms" />
</testsuite><testsuite name="tedge_mapper_c8y_child_device_measurement" tests="1" errors="0" failures="0" skipped="0" time="0"><testcase classname="TedgeMapperC8yChildDevice" name="tedge_mapper_c8y_child_device_measurement" />
</testsuite><testsuite name="tedge_mapper_c8y_packet_threshold_size" tests="1" errors="0" failures="1" skipped="0" time="0"><testcase classname="TedgeMapperC8yThresholdPacketSize" name="tedge_mapper_c8y_packet_threshold_size">
		<failure message="FAILED: Grep on tedge_sub.out contains &quot;The size of the message received on tedge/measurements is 20489 which is greater than the threshold size of 16184.&quot;" type="FAILED" />
		<system-out>11:23:56 INFO  ==============================================================
11:23:56 INFO  Id:    tedge_mapper_c8y_packet_threshold_size
11:23:56 INFO  Dir:   tedge_mapper_c8y/
11:23:56 INFO  Title: Validate the Cumulocity Mapper accepted threshold packet size when it receives a message on tedge/measurements
11:23:56 INFO  ==============================================================
11:23:57 INFO  Executed sudo&lt;tedge_mapper_c8y&gt;, exit status 0
11:23:57 INFO  Started sudo&lt;tedge_sub&gt; with process id 18740
11:23:58 INFO  Executed sudo&lt;tedge_msg&gt;, exit status 0
11:23:58 INFO  Executed sudo&lt;tedge_pub&gt;, exit status 0
11:23:59 INFO  Executed sudo&lt;kill_out&gt;, exit status 0
11:23:59 WARN  Grep on tedge_sub.out contains "The size of the message received on tedge/measurements is 20489 which is greater than the threshold size of 16184." ... failed [run.py:88]
11:23:59 INFO  
11:23:59 INFO  cleanup:
11:23:59 INFO  mapper_cleanup
11:23:59 INFO  Executed sudo&lt;tedge_mapper_c8y&gt;, exit status 0
11:23:59 INFO  
11:23:59 INFO  Test duration: 3.00 secs
11:23:59 INFO  Test final outcome:  FAILED
11:23:59 INFO  Test outcome reason: Grep on tedge_sub.out contains "The size of the message received on tedge/measurements is 20489 which is greater than the threshold size of 16184."
11:23:59 INFO  
</system-out>
	</testcase>
</testsuite><testsuite name="tedge_software_update" tests="1" errors="0" failures="0" skipped="0" time="0"><testcase classname="PySysTest" name="tedge_software_update" />
</testsuite><testsuite name="valid_device_id" tests="1" errors="0" failures="1" skipped="0" time="0"><testcase classname="ValidateValidDeviceId" name="valid_device_id">
		<failure message="BLOCKED: sudo&lt;tedge_connect_c8y&gt; returned non-zero exit code 1" type="BLOCKED" />
		<system-out>11:08:44 INFO  ==============================================================
11:08:44 INFO  Id:    valid_device_id
11:08:44 INFO  Dir:   misc_features/
11:08:44 INFO  Title: Valid device ID
11:08:44 INFO  ==============================================================
11:08:44 INFO  Restarting mosquitto too frequently in the last 10 seconds. It was only up for 5 seconds
11:08:44 INFO  Delaying execution by 6 seconds
11:08:50 INFO  Executed sudo&lt;tedge_disconnect_c8y&gt;, exit status 0
11:08:51 INFO  Executed sudo&lt;create_cert_dir&gt;, exit status 0
11:08:51 INFO  Executed sudo&lt;change_owner_of_dir&gt;, exit status 0
11:08:52 INFO  Executed sudo&lt;set_cert_path&gt;, exit status 0
11:08:52 INFO  Executed sudo&lt;set_key_path&gt;, exit status 0
11:08:53 INFO  Executed sudo&lt;cert_create&gt;, exit status 0
11:08:54 INFO  Executed sudo&lt;cert_upload&gt;, exit status 0
11:09:00 WARN  Executed sudo&lt;tedge_connect_c8y&gt;, exit status 1
11:09:00 INFO  Contents of tedge_connect_c8y.err: 
  ERROR: Io(Custom { kind: InvalidData, error: AlertReceived(CertificateUnknown) })
  Error: failed to connect Cumulocity cloud.
  Caused by:
      Connection check failed
  -----

11:09:00 WARN  sudo&lt;tedge_connect_c8y&gt; returned non-zero exit code 1 ... blocked [environment_tedge.py:58,run.py:100]
11:09:00 WARN  Aborted test due to BLOCKED outcome
11:09:00 INFO  
11:09:00 INFO  cleanup:
11:09:01 INFO  Executed sudo&lt;tedge_disconnect_c8y&gt;, exit status 0
11:09:02 INFO  Executed sudo&lt;unset_cert_path&gt;, exit status 0
11:09:02 INFO  Executed sudo&lt;unset_key_path&gt;, exit status 0
11:09:03 INFO  Executed sudo&lt;remove_cert_dir&gt;, exit status 0
11:09:03 INFO  
11:09:03 INFO  Test duration: 19.27 secs
11:09:03 INFO  Test final outcome:  BLOCKED
11:09:03 INFO  Test outcome reason: sudo&lt;tedge_connect_c8y&gt; returned non-zero exit code 1
11:09:03 INFO  
</system-out>
	</testcase>
</testsuite></testsuites>