<?xml version='1.0' encoding='utf-8'?>
<testsuites tests="139" failures="17" errors="0" skipped="45" time="0.0"><testsuite name="SoftwareManagement.Plugin.apama_plugin_install" tests="3" errors="0" failures="0" skipped="1" time="0"><testcase classname="ApamaPluginInstallTest" name="SoftwareManagement.Plugin.apama_plugin_install">
		<skipped message="SKIPPED: Apama plugin tests are disabled by default. Execute `pysys run` with `-XmyPlatform=container` to run these tests" />
		<system-out>10:54:37 INFO  ==============================================================
10:54:37 INFO  Id:    SoftwareManagement.Plugin.apama_plugin_install
10:54:37 INFO  Dir:   plugin_apama/
10:54:37 INFO  Title: Validate apama plugin install
10:54:37 INFO  ==============================================================
10:54:37 INFO  Apama plugin tests are disabled by default. Execute `pysys run` with `-XmyPlatform=container` to run these tests ... skipped
10:54:37 WARN  Aborted test due to SKIPPED outcome
10:54:37 INFO  
10:54:37 INFO  Test duration: 0.06 secs
10:54:37 INFO  Test final outcome:  SKIPPED
10:54:37 INFO  Test outcome reason: Apama plugin tests are disabled by default. Execute `pysys run` with `-XmyPlatform=container` to run these tests
10:54:37 INFO  
</system-out>
	</testcase>
<testcase classname="ApamaPluginInstallTest" name="SoftwareManagement.Plugin.apama_plugin_install" />
<testcase classname="ApamaPluginInstallTest" name="SoftwareManagement.Plugin.apama_plugin_install" />
</testsuite><testsuite name="SoftwareManagement.Plugin.apama_plugin_mon_support" tests="3" errors="0" failures="0" skipped="1" time="0"><testcase classname="ApamaPluginMonSupportTest" name="SoftwareManagement.Plugin.apama_plugin_mon_support">
		<skipped message="SKIPPED: Apama plugin tests are disabled by default. Execute `pysys run` with `-XmyPlatform=container` to run these tests" />
		<system-out>10:54:37 INFO  ==============================================================
10:54:37 INFO  Id:    SoftwareManagement.Plugin.apama_plugin_mon_support
10:54:37 INFO  Dir:   plugin_apama/
10:54:37 INFO  Title: Validate mon file support of apama plugin
10:54:37 INFO  ==============================================================
10:54:37 INFO  Apama plugin tests are disabled by default. Execute `pysys run` with `-XmyPlatform=container` to run these tests ... skipped
10:54:37 WARN  Aborted test due to SKIPPED outcome
10:54:37 INFO  
10:54:37 INFO  Test duration: 0.02 secs
10:54:37 INFO  Test final outcome:  SKIPPED
10:54:37 INFO  Test outcome reason: Apama plugin tests are disabled by default. Execute `pysys run` with `-XmyPlatform=container` to run these tests
10:54:37 INFO  
</system-out>
	</testcase>
<testcase classname="ApamaPluginMonSupportTest" name="SoftwareManagement.Plugin.apama_plugin_mon_support" />
<testcase classname="ApamaPluginMonSupportTest" name="SoftwareManagement.Plugin.apama_plugin_mon_support" />
</testsuite><testsuite name="SoftwareManagement.Plugin.apama_plugin_remove" tests="3" errors="0" failures="0" skipped="1" time="0"><testcase classname="ApamaPluginRemoveTest" name="SoftwareManagement.Plugin.apama_plugin_remove">
		<skipped message="SKIPPED: Apama plugin tests are disabled by default. Execute `pysys run` with `-XmyPlatform=container` to run these tests" />
		<system-out>10:54:37 INFO  ==============================================================
10:54:37 INFO  Id:    SoftwareManagement.Plugin.apama_plugin_remove
10:54:37 INFO  Dir:   plugin_apama/
10:54:37 INFO  Title: Validate apama plugin remove
10:54:37 INFO  ==============================================================
10:54:37 INFO  Apama plugin tests are disabled by default. Execute `pysys run` with `-XmyPlatform=container` to run these tests ... skipped
10:54:37 WARN  Aborted test due to SKIPPED outcome
10:54:37 INFO  
10:54:37 INFO  Test duration: 0.02 secs
10:54:37 INFO  Test final outcome:  SKIPPED
10:54:37 INFO  Test outcome reason: Apama plugin tests are disabled by default. Execute `pysys run` with `-XmyPlatform=container` to run these tests
10:54:37 INFO  
</system-out>
	</testcase>
<testcase classname="ApamaPluginRemoveTest" name="SoftwareManagement.Plugin.apama_plugin_remove" />
<testcase classname="ApamaPluginRemoveTest" name="SoftwareManagement.Plugin.apama_plugin_remove" />
</testsuite><testsuite name="SoftwareManagement.Plugin.apama_plugin_update" tests="3" errors="0" failures="2" skipped="1" time="0"><testcase classname="ApamaPluginUpdateTest" name="SoftwareManagement.Plugin.apama_plugin_update">
		<skipped message="SKIPPED: Apama plugin tests are disabled by default. Execute `pysys run` with `-XmyPlatform=container` to run these tests" />
		<system-out>10:54:37 INFO  ==============================================================
10:54:37 INFO  Id:    SoftwareManagement.Plugin.apama_plugin_update
10:54:37 INFO  Dir:   plugin_apama/
10:54:37 INFO  Title: Validate apama plugin updating one project with another
10:54:37 INFO  ==============================================================
10:54:37 INFO  Apama plugin tests are disabled by default. Execute `pysys run` with `-XmyPlatform=container` to run these tests ... skipped
10:54:37 WARN  Aborted test due to SKIPPED outcome
10:54:37 INFO  
10:54:37 INFO  Test duration: 0.02 secs
10:54:37 INFO  Test final outcome:  SKIPPED
10:54:37 INFO  Test outcome reason: Apama plugin tests are disabled by default. Execute `pysys run` with `-XmyPlatform=container` to run these tests
10:54:37 INFO  
</system-out>
	</testcase>
<testcase classname="ApamaPluginUpdateTest" name="SoftwareManagement.Plugin.apama_plugin_update">
		<failure message="BLOCKED: sudo&lt;plugin_install&gt; returned non-zero exit code 2" type="BLOCKED" />
		<system-out>11:46:08 INFO  ==============================================================
11:46:08 INFO  Id:    SoftwareManagement.Plugin.apama_plugin_update
11:46:08 INFO  Dir:   plugin_apama/
11:46:08 INFO  Title: Validate apama plugin updating one project with another
11:46:08 INFO  ==============================================================
11:46:08 INFO  Assertion that path exists=False for "/etc/tedge/apama/project" ... passed
11:46:08 INFO  Executed sudo&lt;create_project_dir&gt;, exit status 0
11:46:09 INFO  Executed sudo&lt;unzip_apama_project&gt;, exit status 0
11:46:09 INFO  Executed sudo&lt;move_apama_project&gt;, exit status 0
11:46:10 INFO  Executed sudo&lt;restart_apama_service&gt;, exit status 0
11:46:11 INFO  Executed sudo&lt;apama_correlator_wait&gt;, exit status 0
11:46:11 INFO  Assertion that path exists=True for "/etc/tedge/apama/project" ... passed
11:46:11 INFO  Executed sudo&lt;apama_list_monitors&gt;, exit status 0
11:46:11 INFO  Grep on file /home/pi/actions-runner/_work/thin-edge.io/thin-edge.io/tests/PySys/plugin_apama/apama_plugin_update/Output/linux/apama_list_monitors.out ... passed
11:46:12 WARN  Executed sudo&lt;plugin_install&gt;, exit status 2
11:46:12 INFO  Contents of plugin_install.err: 
  ERROR: Directory not empty (os error 39)
  -----

11:46:12 WARN  sudo&lt;plugin_install&gt; returned non-zero exit code 2 ... blocked [run.py:35]
11:46:12 WARN  Aborted test due to BLOCKED outcome
11:46:12 INFO  
11:46:12 INFO  cleanup:
11:46:12 INFO  Removing apama project
11:46:28 INFO  Executed sudo&lt;stop_apama_service&gt;, exit status 0, duration 15 secs
11:46:28 INFO  Executed sudo&lt;remove_apama_project&gt;, exit status 0
11:46:29 INFO  Executed sudo&lt;remove_apama_tmp_dir&gt;, exit status 0
11:46:29 INFO  
11:46:29 INFO  Test duration: 21.40 secs
11:46:29 INFO  Test final outcome:  BLOCKED
11:46:29 INFO  Test outcome reason: sudo&lt;plugin_install&gt; returned non-zero exit code 2
11:46:29 INFO  
</system-out>
	</testcase>
<testcase classname="ApamaPluginUpdateTest" name="SoftwareManagement.Plugin.apama_plugin_update">
		<failure message="BLOCKED: sudo&lt;plugin_install&gt; returned non-zero exit code 2" type="BLOCKED" />
		<system-out>11:54:47 INFO  ==============================================================
11:54:47 INFO  Id:    SoftwareManagement.Plugin.apama_plugin_update
11:54:47 INFO  Dir:   plugin_apama/
11:54:47 INFO  Title: Validate apama plugin updating one project with another
11:54:47 INFO  ==============================================================
11:54:47 INFO  Assertion that path exists=False for "/etc/tedge/apama/project" ... passed
11:54:47 INFO  Executed sudo&lt;create_project_dir&gt;, exit status 0
11:54:48 INFO  Executed sudo&lt;unzip_apama_project&gt;, exit status 0
11:54:48 INFO  Executed sudo&lt;move_apama_project&gt;, exit status 0
11:54:49 INFO  Executed sudo&lt;restart_apama_service&gt;, exit status 0
11:54:50 INFO  Executed sudo&lt;apama_correlator_wait&gt;, exit status 0
11:54:50 INFO  Assertion that path exists=True for "/etc/tedge/apama/project" ... passed
11:54:51 INFO  Executed sudo&lt;apama_list_monitors&gt;, exit status 0
11:54:51 INFO  Grep on file /home/pi/actions-runner/_work/thin-edge.io/thin-edge.io/tests/PySys/plugin_apama/apama_plugin_update/Output/linux/apama_list_monitors.out ... passed
11:54:51 WARN  Executed sudo&lt;plugin_install&gt;, exit status 2
11:54:51 INFO  Contents of plugin_install.err: 
  ERROR: Directory not empty (os error 39)
  -----

11:54:52 WARN  sudo&lt;plugin_install&gt; returned non-zero exit code 2 ... blocked [run.py:35]
11:54:52 WARN  Aborted test due to BLOCKED outcome
11:54:52 INFO  
11:54:52 INFO  cleanup:
11:54:52 INFO  Removing apama project
11:55:07 INFO  Executed sudo&lt;stop_apama_service&gt;, exit status 0, duration 15 secs
11:55:08 INFO  Executed sudo&lt;remove_apama_project&gt;, exit status 0
11:55:08 INFO  Executed sudo&lt;remove_apama_tmp_dir&gt;, exit status 0
11:55:08 INFO  
11:55:08 INFO  Test duration: 21.58 secs
11:55:08 INFO  Test final outcome:  BLOCKED
11:55:08 INFO  Test outcome reason: sudo&lt;plugin_install&gt; returned non-zero exit code 2
11:55:08 INFO  
</system-out>
	</testcase>
</testsuite><testsuite name="SoftwareManagement.sm_apt_install_download_path" tests="3" errors="0" failures="2" skipped="1" time="0"><testcase classname="AptInstallWithDownloadPath" name="SoftwareManagement.sm_apt_install_download_path">
		<skipped message="SKIPPED: Testing the apt plugin is not supported on this platform.Use parameter -XmyPlatform='container' to enable it" />
		<system-out>11:04:13 INFO  ==============================================================
11:04:13 INFO  Id:    SoftwareManagement.sm_apt_install_download_path
11:04:13 INFO  Dir:   software_management_end_to_end/
11:04:13 INFO  Title: Install package to directory specified in tedge config set tmp.path
11:04:13 INFO  ==============================================================
11:04:13 INFO  Testing the apt plugin is not supported on this platform.Use parameter -XmyPlatform='container' to enable it ... skipped
11:04:13 WARN  Aborted test due to SKIPPED outcome
11:04:13 INFO  
11:04:13 INFO  Test duration: 0.09 secs
11:04:13 INFO  Test final outcome:  SKIPPED
11:04:13 INFO  Test outcome reason: Testing the apt plugin is not supported on this platform.Use parameter -XmyPlatform='container' to enable it
11:04:13 INFO  
</system-out>
	</testcase>
<testcase classname="AptInstallWithDownloadPath" name="SoftwareManagement.sm_apt_install_download_path">
		<failure message="BLOCKED: AssertionError:" type="BLOCKED" />
		<system-out>11:28:10 INFO  ==============================================================
11:28:10 INFO  Id:    SoftwareManagement.sm_apt_install_download_path
11:28:10 INFO  Dir:   software_management_end_to_end/
11:28:10 INFO  Title: Install package to directory specified in tedge config set tmp.path
11:28:10 INFO  ==============================================================
11:28:10 INFO  Using sw id database: {'asciijump': '5475369', 'robotfindskitten': '5474869', 'squirrel3': '5475279', 'rolldice': '5152439', 'moon-buggy': '5439204', 'apple': '5495053', 'banana': '5494888', 'cherry': '5495382', 'watermelon': '5494510', 'registry': '8018911', 'hello-world': '8021526', 'docker/getting-started': '8021973', 'alpine': '7991792'}
11:28:10 INFO  EnvironmentC8y Setup
11:28:11 INFO  Executed systemctl&lt;serv_mapper1&gt;, exit status 3
11:28:25 INFO  Executed sudo&lt;tedge_connect_c8y&gt;, exit status 0, duration 14 secs
11:28:27 INFO  Executed sudo&lt;tedge_connect_c8y_test&gt;, exit status 0
11:28:28 INFO  Executed systemctl&lt;serv_mosq2&gt;, exit status 0
11:28:29 INFO  Executed systemctl&lt;serv_mapper3&gt;, exit status 0
11:28:31 ERROR No operations found, assuming it passed
11:28:31 INFO  Assert that (False == value) with value=False ... passed
11:28:32 INFO  Executed sudo, exit status 0
11:28:32 INFO  Executed sudo, exit status 0
11:28:33 INFO  Executed sudo, exit status 0
11:28:37 INFO  Executed sudo&lt;tedge_disconnect_c8y&gt;, exit status 0
11:28:37 INFO  Restarting mosquitto too frequently in the last 10 seconds. It was only up for 3 seconds
11:28:37 INFO  Delaying execution by 8 seconds
11:28:59 INFO  Executed sudo&lt;tedge_connect_c8y&gt;, exit status 0, duration 13 secs
11:28:59 INFO  Response status: 201
11:28:59 INFO  Response to action: {
    "creationTime": "2022-06-15T11:28:59.268Z",
    "deviceName": "m32sd10d",
    "deviceId": "20220945",
    "self": "https://t493319102.eu-latest.cumulocity.com/devicecontrol/operations/20232102",
    "id": "20232102",
    "status": "PENDING",
    "description": "Apply software changes, triggered from PySys: [{'name': 'rolldice', 'id': '5152439', 'version': '::apt', 'url': 'https://thin-edge-io.eu-latest.cumulocity.com/inventory/binaries/12435463', 'action': 'install'}]",
    "c8y_SoftwareUpdate": [
        {
            "name": "rolldice",
            "action": "install",
            "id": "5152439",
            "version": "::apt",
            "url": "https://thin-edge-io.eu-latest.cumulocity.com/inventory/binaries/12435463"
        }
    ]
}
11:28:59 INFO  Started operation: {'creationTime': '2022-06-15T11:28:59.268Z', 'deviceName': 'm32sd10d', 'deviceId': '20220945', 'self': 'https://t493319102.eu-latest.cumulocity.com/devicecontrol/operations/20232102', 'id': '20232102', 'status': 'PENDING', 'description': "Apply software changes, triggered from PySys: [{'name': 'rolldice', 'id': '5152439', 'version': '::apt', 'url': 'https://thin-edge-io.eu-latest.cumulocity.com/inventory/binaries/12435463', 'action': 'install'}]", 'c8y_SoftwareUpdate': [{'name': 'rolldice', 'action': 'install', 'id': '5152439', 'version': '::apt', 'url': 'https://thin-edge-io.eu-latest.cumulocity.com/inventory/binaries/12435463'}]}
11:28:59 WARN  , retrying in 0.5 seconds...
11:28:59 WARN  , retrying in 0.5 seconds...
11:29:00 WARN  , retrying in 0.5 seconds...
11:29:00 WARN  , retrying in 0.5 seconds...
11:29:01 WARN  , retrying in 0.5 seconds...
11:29:01 WARN  , retrying in 0.5 seconds...
11:29:02 WARN  , retrying in 0.5 seconds...
11:29:02 WARN  , retrying in 0.5 seconds...
11:29:03 WARN  , retrying in 0.5 seconds...
11:29:03 WARN  AssertionError occurred while running test - 
Traceback (most recent call last):
  File "/home/pi/env-pysys/lib/python3.7/site-packages/pysys/baserunner.py", line 1294, in __call__
    self.testObj.execute()
  File "/home/pi/actions-runner/_work/thin-edge.io/thin-edge.io/tests/PySys/software_management_end_to_end/sm_apt_install_download_path/run.py", line 83, in execute
    assert_install_in_download_path(install_directory=self.DOWNLOAD_DIR)
  File "/home/pi/env-pysys/lib/python3.7/site-packages/decorator.py", line 232, in fun
    return caller(func, *(extras + args), **kw)
  File "/home/pi/env-pysys/lib/python3.7/site-packages/retry/api.py", line 74, in retry_decorator
    logger)
  File "/home/pi/env-pysys/lib/python3.7/site-packages/retry/api.py", line 33, in __retry_internal
    return f()
  File "/home/pi/actions-runner/_work/thin-edge.io/thin-edge.io/tests/PySys/software_management_end_to_end/sm_apt_install_download_path/run.py", line 28, in assert_install_in_download_path
    assert "rolldice" in os.listdir(f"{install_directory}")
AssertionError
11:29:04 WARN  AssertionError: ... blocked 
11:29:04 INFO  
11:29:04 INFO  cleanup:
11:29:05 INFO  Executed sudo, exit status 0
11:29:05 INFO  Executed sudo, exit status 0
11:29:09 INFO  Executed sudo&lt;tedge_disconnect_c8y&gt;, exit status 0
11:29:09 INFO  Restarting mosquitto too frequently in the last 10 seconds. It was only up for 3 seconds
11:29:09 INFO  Delaying execution by 8 seconds
11:29:32 INFO  Executed sudo&lt;tedge_connect_c8y&gt;, exit status 0, duration 14 secs
11:29:36 INFO  Executed sudo&lt;tedge_disconnect_c8y&gt;, exit status 0
11:29:36 INFO  Executed systemctl&lt;serv_mapper5&gt;, exit status 3
11:29:36 INFO  
11:29:36 INFO  Test duration: 86.33 secs
11:29:36 INFO  Test final outcome:  BLOCKED
11:29:36 INFO  Test outcome reason: AssertionError:
11:29:36 INFO  
</system-out>
	</testcase>
<testcase classname="AptInstallWithDownloadPath" name="SoftwareManagement.sm_apt_install_download_path">
		<failure message="BLOCKED: AssertionError:" type="BLOCKED" />
		<system-out>11:55:08 INFO  ==============================================================
11:55:08 INFO  Id:    SoftwareManagement.sm_apt_install_download_path
11:55:08 INFO  Dir:   software_management_end_to_end/
11:55:08 INFO  Title: Install package to directory specified in tedge config set tmp.path
11:55:08 INFO  ==============================================================
11:55:10 INFO  Using sw id database: {'asciijump': '5475369', 'robotfindskitten': '5474869', 'squirrel3': '5475279', 'rolldice': '5152439', 'moon-buggy': '5439204', 'apple': '5495053', 'banana': '5494888', 'cherry': '5495382', 'watermelon': '5494510', 'registry': '8018911', 'hello-world': '8021526', 'docker/getting-started': '8021973', 'alpine': '7991792'}
11:55:10 INFO  EnvironmentC8y Setup
11:55:10 INFO  Executed systemctl&lt;serv_mapper1&gt;, exit status 3
11:55:24 INFO  Executed sudo&lt;tedge_connect_c8y&gt;, exit status 0, duration 14 secs
11:55:25 INFO  Executed sudo&lt;tedge_connect_c8y_test&gt;, exit status 0
11:55:25 INFO  Executed systemctl&lt;serv_mosq2&gt;, exit status 0
11:55:26 INFO  Executed systemctl&lt;serv_mapper3&gt;, exit status 0
11:55:28 INFO  State of current operation: SUCCESSFUL
11:55:28 INFO  Assert that (False == value) with value=False ... passed
11:55:29 INFO  Executed sudo, exit status 0
11:55:29 INFO  Executed sudo, exit status 0
11:55:30 INFO  Executed sudo, exit status 0
11:55:34 INFO  Executed sudo&lt;tedge_disconnect_c8y&gt;, exit status 0
11:55:34 INFO  Restarting mosquitto too frequently in the last 10 seconds. It was only up for 3 seconds
11:55:34 INFO  Delaying execution by 8 seconds
11:55:56 INFO  Executed sudo&lt;tedge_connect_c8y&gt;, exit status 0, duration 13 secs
11:55:56 INFO  Response status: 201
11:55:56 INFO  Response to action: {
    "creationTime": "2022-06-15T11:55:56.630Z",
    "deviceName": "m32sd10d",
    "deviceId": "20220945",
    "self": "https://t493319102.eu-latest.cumulocity.com/devicecontrol/operations/20232259",
    "id": "20232259",
    "status": "PENDING",
    "description": "Apply software changes, triggered from PySys: [{'name': 'rolldice', 'id': '5152439', 'version': '::apt', 'url': 'https://thin-edge-io.eu-latest.cumulocity.com/inventory/binaries/12435463', 'action': 'install'}]",
    "c8y_SoftwareUpdate": [
        {
            "name": "rolldice",
            "action": "install",
            "id": "5152439",
            "version": "::apt",
            "url": "https://thin-edge-io.eu-latest.cumulocity.com/inventory/binaries/12435463"
        }
    ]
}
11:55:56 INFO  Started operation: {'creationTime': '2022-06-15T11:55:56.630Z', 'deviceName': 'm32sd10d', 'deviceId': '20220945', 'self': 'https://t493319102.eu-latest.cumulocity.com/devicecontrol/operations/20232259', 'id': '20232259', 'status': 'PENDING', 'description': "Apply software changes, triggered from PySys: [{'name': 'rolldice', 'id': '5152439', 'version': '::apt', 'url': 'https://thin-edge-io.eu-latest.cumulocity.com/inventory/binaries/12435463', 'action': 'install'}]", 'c8y_SoftwareUpdate': [{'name': 'rolldice', 'action': 'install', 'id': '5152439', 'version': '::apt', 'url': 'https://thin-edge-io.eu-latest.cumulocity.com/inventory/binaries/12435463'}]}
11:55:56 WARN  , retrying in 0.5 seconds...
11:55:57 WARN  , retrying in 0.5 seconds...
11:55:57 WARN  , retrying in 0.5 seconds...
11:55:58 WARN  , retrying in 0.5 seconds...
11:55:58 WARN  , retrying in 0.5 seconds...
11:55:59 WARN  , retrying in 0.5 seconds...
11:55:59 WARN  , retrying in 0.5 seconds...
11:56:00 WARN  , retrying in 0.5 seconds...
11:56:00 WARN  , retrying in 0.5 seconds...
11:56:01 WARN  AssertionError occurred while running test - 
Traceback (most recent call last):
  File "/home/pi/env-pysys/lib/python3.7/site-packages/pysys/baserunner.py", line 1294, in __call__
    self.testObj.execute()
  File "/home/pi/actions-runner/_work/thin-edge.io/thin-edge.io/tests/PySys/software_management_end_to_end/sm_apt_install_download_path/run.py", line 83, in execute
    assert_install_in_download_path(install_directory=self.DOWNLOAD_DIR)
  File "/home/pi/env-pysys/lib/python3.7/site-packages/decorator.py", line 232, in fun
    return caller(func, *(extras + args), **kw)
  File "/home/pi/env-pysys/lib/python3.7/site-packages/retry/api.py", line 74, in retry_decorator
    logger)
  File "/home/pi/env-pysys/lib/python3.7/site-packages/retry/api.py", line 33, in __retry_internal
    return f()
  File "/home/pi/actions-runner/_work/thin-edge.io/thin-edge.io/tests/PySys/software_management_end_to_end/sm_apt_install_download_path/run.py", line 28, in assert_install_in_download_path
    assert "rolldice" in os.listdir(f"{install_directory}")
AssertionError
11:56:01 WARN  AssertionError: ... blocked 
11:56:01 INFO  
11:56:01 INFO  cleanup:
11:56:01 INFO  Executed sudo, exit status 0
11:56:02 INFO  Executed sudo, exit status 0
11:56:06 INFO  Executed sudo&lt;tedge_disconnect_c8y&gt;, exit status 0
11:56:06 INFO  Restarting mosquitto too frequently in the last 10 seconds. It was only up for 3 seconds
11:56:06 INFO  Delaying execution by 8 seconds
11:56:28 INFO  Executed sudo&lt;tedge_connect_c8y&gt;, exit status 0, duration 13 secs
11:56:32 INFO  Executed sudo&lt;tedge_disconnect_c8y&gt;, exit status 0
11:56:33 INFO  Executed systemctl&lt;serv_mapper5&gt;, exit status 3
11:56:33 INFO  
11:56:33 INFO  Test duration: 84.36 secs
11:56:33 INFO  Test final outcome:  BLOCKED
11:56:33 INFO  Test outcome reason: AssertionError:
11:56:33 INFO  
</system-out>
	</testcase>
</testsuite><testsuite name="SoftwareManagement.sm_apt_install_fail" tests="3" errors="0" failures="0" skipped="1" time="0"><testcase classname="PySysTest" name="SoftwareManagement.sm_apt_install_fail">
		<skipped message="SKIPPED: Testing the apt plugin is not supported on this platform.Use parameter -XmyPlatform='container' to enable it" />
		<system-out>11:04:13 INFO  ==============================================================
11:04:13 INFO  Id:    SoftwareManagement.sm_apt_install_fail
11:04:13 INFO  Dir:   software_management_end_to_end/
11:04:13 INFO  Title: Validate end to end behaviour for a failing installation
11:04:13 INFO  ==============================================================
11:04:13 INFO  Testing the apt plugin is not supported on this platform.Use parameter -XmyPlatform='container' to enable it ... skipped
11:04:13 WARN  Aborted test due to SKIPPED outcome
11:04:13 INFO  
11:04:13 INFO  Test duration: 0.02 secs
11:04:13 INFO  Test final outcome:  SKIPPED
11:04:13 INFO  Test outcome reason: Testing the apt plugin is not supported on this platform.Use parameter -XmyPlatform='container' to enable it
11:04:13 INFO  
</system-out>
	</testcase>
<testcase classname="PySysTest" name="SoftwareManagement.sm_apt_install_fail" />
<testcase classname="PySysTest" name="SoftwareManagement.sm_apt_install_fail" />
</testsuite><testsuite name="SoftwareManagement.sm_apt_install_remove" tests="3" errors="0" failures="0" skipped="1" time="0"><testcase classname="PySysTest" name="SoftwareManagement.sm_apt_install_remove">
		<skipped message="SKIPPED: Testing the apt plugin is not supported on this platform.Use parameter -XmyPlatform='container' to enable it" />
		<system-out>11:04:13 INFO  ==============================================================
11:04:13 INFO  Id:    SoftwareManagement.sm_apt_install_remove
11:04:13 INFO  Dir:   software_management_end_to_end/
11:04:13 INFO  Title: Validate end to end behaviour for the apt plugin for installation and removal of packages
11:04:13 INFO  ==============================================================
11:04:13 INFO  Testing the apt plugin is not supported on this platform.Use parameter -XmyPlatform='container' to enable it ... skipped
11:04:13 WARN  Aborted test due to SKIPPED outcome
11:04:13 INFO  
11:04:13 INFO  Test duration: 0.02 secs
11:04:13 INFO  Test final outcome:  SKIPPED
11:04:13 INFO  Test outcome reason: Testing the apt plugin is not supported on this platform.Use parameter -XmyPlatform='container' to enable it
11:04:13 INFO  
</system-out>
	</testcase>
<testcase classname="PySysTest" name="SoftwareManagement.sm_apt_install_remove" />
<testcase classname="PySysTest" name="SoftwareManagement.sm_apt_install_remove" />
</testsuite><testsuite name="SoftwareManagement.sm_apt_install_remove_default" tests="3" errors="0" failures="0" skipped="1" time="0"><testcase classname="PySysTest" name="SoftwareManagement.sm_apt_install_remove_default">
		<skipped message="SKIPPED: Testing the apt plugin is not supported on this platform.Use parameter -XmyPlatform='container' to enable it" />
		<system-out>11:04:13 INFO  ==============================================================
11:04:13 INFO  Id:    SoftwareManagement.sm_apt_install_remove_default
11:04:13 INFO  Dir:   software_management_end_to_end/
11:04:13 INFO  Title: Validate end to end behaviour for the default plugin for installation and removal of packages
11:04:13 INFO  ==============================================================
11:04:13 INFO  Testing the apt plugin is not supported on this platform.Use parameter -XmyPlatform='container' to enable it ... skipped
11:04:13 WARN  Aborted test due to SKIPPED outcome
11:04:13 INFO  
11:04:13 INFO  Test duration: 0.02 secs
11:04:13 INFO  Test final outcome:  SKIPPED
11:04:13 INFO  Test outcome reason: Testing the apt plugin is not supported on this platform.Use parameter -XmyPlatform='container' to enable it
11:04:13 INFO  
</system-out>
	</testcase>
<testcase classname="PySysTest" name="SoftwareManagement.sm_apt_install_remove_default" />
<testcase classname="PySysTest" name="SoftwareManagement.sm_apt_install_remove_default" />
</testsuite><testsuite name="SoftwareManagement.sm_apt_install_remove_multiple" tests="3" errors="0" failures="2" skipped="1" time="0"><testcase classname="PySysTest" name="SoftwareManagement.sm_apt_install_remove_multiple">
		<skipped message="SKIPPED: Testing the apt plugin is not supported on this platform.Use parameter -XmyPlatform='container' to enable it" />
		<system-out>11:04:13 INFO  ==============================================================
11:04:13 INFO  Id:    SoftwareManagement.sm_apt_install_remove_multiple
11:04:13 INFO  Dir:   software_management_end_to_end/
11:04:13 INFO  Title: Validate end to end behaviour for the apt plugin for multiple packages
11:04:13 INFO  ==============================================================
11:04:13 INFO  Testing the apt plugin is not supported on this platform.Use parameter -XmyPlatform='container' to enable it ... skipped
11:04:13 WARN  Aborted test due to SKIPPED outcome
11:04:13 INFO  
11:04:13 INFO  Test duration: 0.03 secs
11:04:13 INFO  Test final outcome:  SKIPPED
11:04:13 INFO  Test outcome reason: Testing the apt plugin is not supported on this platform.Use parameter -XmyPlatform='container' to enable it
11:04:13 INFO  
</system-out>
	</testcase>
<testcase classname="PySysTest" name="SoftwareManagement.sm_apt_install_remove_multiple">
		<failure message="FAILED: Assert that (False == value) with value=True" type="FAILED" />
		<system-out>11:36:23 INFO  ==============================================================
11:36:23 INFO  Id:    SoftwareManagement.sm_apt_install_remove_multiple
11:36:23 INFO  Dir:   software_management_end_to_end/
11:36:23 INFO  Title: Validate end to end behaviour for the apt plugin for multiple packages
11:36:23 INFO  ==============================================================
11:36:23 INFO  Using sw id database: {'asciijump': '5475369', 'robotfindskitten': '5474869', 'squirrel3': '5475279', 'rolldice': '5152439', 'moon-buggy': '5439204', 'apple': '5495053', 'banana': '5494888', 'cherry': '5495382', 'watermelon': '5494510', 'registry': '8018911', 'hello-world': '8021526', 'docker/getting-started': '8021973', 'alpine': '7991792'}
11:36:23 INFO  EnvironmentC8y Setup
11:36:24 INFO  Executed systemctl&lt;serv_mapper1&gt;, exit status 3
11:36:24 INFO  Restarting mosquitto too frequently in the last 10 seconds. It was only up for 5 seconds
11:36:24 INFO  Delaying execution by 6 seconds
11:36:44 INFO  Executed sudo&lt;tedge_connect_c8y&gt;, exit status 0, duration 13 secs
11:36:44 INFO  Executed sudo&lt;tedge_connect_c8y_test&gt;, exit status 0
11:36:45 INFO  Executed systemctl&lt;serv_mosq2&gt;, exit status 0
11:36:45 INFO  Executed systemctl&lt;serv_mapper3&gt;, exit status 0
11:36:47 INFO  State of current operation: SUCCESSFUL
11:36:48 INFO  Assert that (False == value) with value=False ... passed
11:36:48 INFO  Assert that (False == value) with value=False ... passed
11:36:48 INFO  Assert that (False == value) with value=False ... passed
11:36:48 INFO  Package robotfindskitten is installed
11:36:48 WARN  Assert that (False == value) with value=True ... failed 
11:36:49 INFO  Response status: 201
11:36:49 INFO  Response to action: {
    "creationTime": "2022-06-15T11:36:49.123Z",
    "deviceName": "m32sd10d",
    "deviceId": "20220945",
    "self": "https://t493319102.eu-latest.cumulocity.com/devicecontrol/operations/20232161",
    "id": "20232161",
    "status": "PENDING",
    "description": "Apply software changes, triggered from PySys: [{'action': 'install', 'id': '5475369', 'name': 'asciijump', 'url': ' ', 'version': '::apt'}, {'action': 'install', 'id': '5474869', 'name': 'robotfindskitten', 'url': ' ', 'version': '::apt'}, {'action': 'install', 'id': '5475279', 'name': 'squirrel3', 'url': ' ', 'version': '::apt'}]",
    "c8y_SoftwareUpdate": [
        {
            "name": "asciijump",
            "action": "install",
            "id": "5475369",
            "version": "::apt",
            "url": " "
        },
        {
            "name": "robotfindskitten",
            "action": "install",
            "id": "5474869",
            "version": "::apt",
            "url": " "
        },
        {
            "name": "squirrel3",
            "action": "install",
            "id": "5475279",
            "version": "::apt",
            "url": " "
        }
    ]
}
11:36:49 INFO  Started operation: {'creationTime': '2022-06-15T11:36:49.123Z', 'deviceName': 'm32sd10d', 'deviceId': '20220945', 'self': 'https://t493319102.eu-latest.cumulocity.com/devicecontrol/operations/20232161', 'id': '20232161', 'status': 'PENDING', 'description': "Apply software changes, triggered from PySys: [{'action': 'install', 'id': '5475369', 'name': 'asciijump', 'url': ' ', 'version': '::apt'}, {'action': 'install', 'id': '5474869', 'name': 'robotfindskitten', 'url': ' ', 'version': '::apt'}, {'action': 'install', 'id': '5475279', 'name': 'squirrel3', 'url': ' ', 'version': '::apt'}]", 'c8y_SoftwareUpdate': [{'name': 'asciijump', 'action': 'install', 'id': '5475369', 'version': '::apt', 'url': ' '}, {'name': 'robotfindskitten', 'action': 'install', 'id': '5474869', 'version': '::apt', 'url': ' '}, {'name': 'squirrel3', 'action': 'install', 'id': '5475279', 'version': '::apt', 'url': ' '}]}
11:36:51 INFO  State of operation 20232161 : PENDING
11:36:53 INFO  State of operation 20232161 : EXECUTING
11:36:55 INFO  State of operation 20232161 : EXECUTING
11:36:58 INFO  State of operation 20232161 : EXECUTING
11:37:00 INFO  State of operation 20232161 : EXECUTING
11:37:02 INFO  State of operation 20232161 : EXECUTING
11:37:05 INFO  State of operation 20232161 : EXECUTING
11:37:07 INFO  State of operation 20232161 : EXECUTING
11:37:10 INFO  State of operation 20232161 : EXECUTING
11:37:12 INFO  State of operation 20232161 : EXECUTING
11:37:14 INFO  State of operation 20232161 : EXECUTING
11:37:17 INFO  State of operation 20232161 : EXECUTING
11:37:19 INFO  State of operation 20232161 : EXECUTING
11:37:21 INFO  State of operation 20232161 : EXECUTING
11:37:23 INFO  State of operation 20232161 : EXECUTING
11:37:26 INFO  State of operation 20232161 : EXECUTING
11:37:28 INFO  State of operation 20232161 : EXECUTING
11:37:31 INFO  State of operation 20232161 : EXECUTING
11:37:33 INFO  State of operation 20232161 : EXECUTING
11:37:35 INFO  State of operation 20232161 : EXECUTING
11:37:37 INFO  State of operation 20232161 : EXECUTING
11:37:40 INFO  State of operation 20232161 : EXECUTING
11:37:42 INFO  State of operation 20232161 : EXECUTING
11:37:44 INFO  State of operation 20232161 : EXECUTING
11:37:47 INFO  State of operation 20232161 : EXECUTING
11:37:49 INFO  State of operation 20232161 : EXECUTING
11:37:51 INFO  State of operation 20232161 : EXECUTING
11:37:54 INFO  State of operation 20232161 : EXECUTING
11:37:56 INFO  State of operation 20232161 : EXECUTING
11:37:58 INFO  State of operation 20232161 : EXECUTING
11:38:00 INFO  State of operation 20232161 : EXECUTING
11:38:03 INFO  State of operation 20232161 : EXECUTING
11:38:05 INFO  State of operation 20232161 : EXECUTING
11:38:07 INFO  State of operation 20232161 : EXECUTING
11:38:09 INFO  State of operation 20232161 : SUCCESSFUL
11:38:10 INFO  Assert that (False == value) with value=False ... passed
11:38:10 INFO  Package asciijump is installed
11:38:10 INFO  Assert that (True == value) with value=True ... passed
11:38:10 INFO  Package squirrel3 is installed
11:38:10 INFO  Assert that (True == value) with value=True ... passed
11:38:10 INFO  Package robotfindskitten is installed
11:38:10 INFO  Assert that (True == value) with value=True ... passed
11:38:10 INFO  Response status: 201
11:38:10 INFO  Response to action: {
    "creationTime": "2022-06-15T11:38:10.851Z",
    "deviceName": "m32sd10d",
    "deviceId": "20220945",
    "self": "https://t493319102.eu-latest.cumulocity.com/devicecontrol/operations/20232169",
    "id": "20232169",
    "status": "PENDING",
    "description": "Apply software changes, triggered from PySys: [{'action': 'delete', 'id': '5475369', 'name': 'asciijump', 'url': ' ', 'version': '::apt'}, {'action': 'delete', 'id': '5474869', 'name': 'robotfindskitten', 'url': ' ', 'version': '::apt'}, {'action': 'delete', 'id': '5475279', 'name': 'squirrel3', 'url': ' ', 'version': '::apt'}]",
    "c8y_SoftwareUpdate": [
        {
            "name": "asciijump",
            "action": "delete",
            "id": "5475369",
            "version": "::apt",
            "url": " "
        },
        {
            "name": "robotfindskitten",
            "action": "delete",
            "id": "5474869",
            "version": "::apt",
            "url": " "
        },
        {
            "name": "squirrel3",
            "action": "delete",
            "id": "5475279",
            "version": "::apt",
            "url": " "
        }
    ]
}
11:38:10 INFO  Started operation: {'creationTime': '2022-06-15T11:38:10.851Z', 'deviceName': 'm32sd10d', 'deviceId': '20220945', 'self': 'https://t493319102.eu-latest.cumulocity.com/devicecontrol/operations/20232169', 'id': '20232169', 'status': 'PENDING', 'description': "Apply software changes, triggered from PySys: [{'action': 'delete', 'id': '5475369', 'name': 'asciijump', 'url': ' ', 'version': '::apt'}, {'action': 'delete', 'id': '5474869', 'name': 'robotfindskitten', 'url': ' ', 'version': '::apt'}, {'action': 'delete', 'id': '5475279', 'name': 'squirrel3', 'url': ' ', 'version': '::apt'}]", 'c8y_SoftwareUpdate': [{'name': 'asciijump', 'action': 'delete', 'id': '5475369', 'version': '::apt', 'url': ' '}, {'name': 'robotfindskitten', 'action': 'delete', 'id': '5474869', 'version': '::apt', 'url': ' '}, {'name': 'squirrel3', 'action': 'delete', 'id': '5475279', 'version': '::apt', 'url': ' '}]}
11:38:13 INFO  State of operation 20232169 : PENDING
11:38:15 INFO  State of operation 20232169 : EXECUTING
11:38:17 INFO  State of operation 20232169 : EXECUTING
11:38:19 INFO  State of operation 20232169 : EXECUTING
11:38:22 INFO  State of operation 20232169 : EXECUTING
11:38:24 INFO  State of operation 20232169 : EXECUTING
11:38:26 INFO  State of operation 20232169 : EXECUTING
11:38:29 INFO  State of operation 20232169 : EXECUTING
11:38:32 INFO  State of operation 20232169 : EXECUTING
11:38:34 INFO  State of operation 20232169 : EXECUTING
11:38:36 INFO  State of operation 20232169 : EXECUTING
11:38:38 INFO  State of operation 20232169 : EXECUTING
11:38:41 INFO  State of operation 20232169 : EXECUTING
11:38:43 INFO  State of operation 20232169 : EXECUTING
11:38:45 INFO  State of operation 20232169 : EXECUTING
11:38:48 INFO  State of operation 20232169 : EXECUTING
11:38:50 INFO  State of operation 20232169 : EXECUTING
11:38:53 INFO  State of operation 20232169 : EXECUTING
11:38:55 INFO  State of operation 20232169 : EXECUTING
11:38:57 INFO  State of operation 20232169 : EXECUTING
11:39:00 INFO  State of operation 20232169 : EXECUTING
11:39:02 INFO  State of operation 20232169 : EXECUTING
11:39:04 INFO  State of operation 20232169 : EXECUTING
11:39:06 INFO  State of operation 20232169 : EXECUTING
11:39:09 INFO  State of operation 20232169 : EXECUTING
11:39:11 INFO  State of operation 20232169 : EXECUTING
11:39:13 INFO  State of operation 20232169 : EXECUTING
11:39:16 INFO  State of operation 20232169 : SUCCESSFUL
11:39:16 INFO  Assert that (False == value) with value=False ... passed
11:39:16 INFO  Assert that (False == value) with value=False ... passed
11:39:16 INFO  Assert that (False == value) with value=False ... passed
11:39:17 INFO  Assert that (False == value) with value=False ... passed
11:39:17 INFO  
11:39:17 INFO  cleanup:
11:39:21 INFO  Executed sudo&lt;tedge_disconnect_c8y&gt;, exit status 0
11:39:21 INFO  Executed systemctl&lt;serv_mapper5&gt;, exit status 3
11:39:21 INFO  
11:39:21 INFO  Test duration: 178.06 secs
11:39:21 INFO  Test final outcome:  FAILED
11:39:21 INFO  Test outcome reason: Assert that (False == value) with value=True
11:39:21 INFO  
</system-out>
	</testcase>
<testcase classname="PySysTest" name="SoftwareManagement.sm_apt_install_remove_multiple">
		<failure message="FAILED: Assert that (False == value) with value=True (+2 other failures)" type="FAILED" />
		<system-out>12:03:01 INFO  ==============================================================
12:03:01 INFO  Id:    SoftwareManagement.sm_apt_install_remove_multiple
12:03:01 INFO  Dir:   software_management_end_to_end/
12:03:01 INFO  Title: Validate end to end behaviour for the apt plugin for multiple packages
12:03:01 INFO  ==============================================================
12:03:01 INFO  Using sw id database: {'asciijump': '5475369', 'robotfindskitten': '5474869', 'squirrel3': '5475279', 'rolldice': '5152439', 'moon-buggy': '5439204', 'apple': '5495053', 'banana': '5494888', 'cherry': '5495382', 'watermelon': '5494510', 'registry': '8018911', 'hello-world': '8021526', 'docker/getting-started': '8021973', 'alpine': '7991792'}
12:03:01 INFO  EnvironmentC8y Setup
12:03:02 INFO  Executed systemctl&lt;serv_mapper1&gt;, exit status 3
12:03:02 INFO  Restarting mosquitto too frequently in the last 10 seconds. It was only up for 5 seconds
12:03:02 INFO  Delaying execution by 6 seconds
12:03:22 INFO  Executed sudo&lt;tedge_connect_c8y&gt;, exit status 0, duration 14 secs
12:03:22 INFO  Executed sudo&lt;tedge_connect_c8y_test&gt;, exit status 0
12:03:23 INFO  Executed systemctl&lt;serv_mosq2&gt;, exit status 0
12:03:23 INFO  Executed systemctl&lt;serv_mapper3&gt;, exit status 0
12:03:26 INFO  State of current operation: SUCCESSFUL
12:03:26 INFO  Assert that (False == value) with value=False ... passed
12:03:26 INFO  Package asciijump is installed
12:03:26 WARN  Assert that (False == value) with value=True ... failed 
12:03:27 INFO  Package squirrel3 is installed
12:03:27 WARN  Assert that (False == value) with value=True ... failed 
12:03:27 INFO  Package robotfindskitten is installed
12:03:27 WARN  Assert that (False == value) with value=True ... failed 
12:03:27 INFO  Response status: 201
12:03:27 INFO  Response to action: {
    "creationTime": "2022-06-15T12:03:27.620Z",
    "deviceName": "m32sd10d",
    "deviceId": "20220945",
    "self": "https://t493319102.eu-latest.cumulocity.com/devicecontrol/operations/20232319",
    "id": "20232319",
    "status": "PENDING",
    "description": "Apply software changes, triggered from PySys: [{'action': 'install', 'id': '5475369', 'name': 'asciijump', 'url': ' ', 'version': '::apt'}, {'action': 'install', 'id': '5474869', 'name': 'robotfindskitten', 'url': ' ', 'version': '::apt'}, {'action': 'install', 'id': '5475279', 'name': 'squirrel3', 'url': ' ', 'version': '::apt'}]",
    "c8y_SoftwareUpdate": [
        {
            "name": "asciijump",
            "action": "install",
            "id": "5475369",
            "version": "::apt",
            "url": " "
        },
        {
            "name": "robotfindskitten",
            "action": "install",
            "id": "5474869",
            "version": "::apt",
            "url": " "
        },
        {
            "name": "squirrel3",
            "action": "install",
            "id": "5475279",
            "version": "::apt",
            "url": " "
        }
    ]
}
12:03:27 INFO  Started operation: {'creationTime': '2022-06-15T12:03:27.620Z', 'deviceName': 'm32sd10d', 'deviceId': '20220945', 'self': 'https://t493319102.eu-latest.cumulocity.com/devicecontrol/operations/20232319', 'id': '20232319', 'status': 'PENDING', 'description': "Apply software changes, triggered from PySys: [{'action': 'install', 'id': '5475369', 'name': 'asciijump', 'url': ' ', 'version': '::apt'}, {'action': 'install', 'id': '5474869', 'name': 'robotfindskitten', 'url': ' ', 'version': '::apt'}, {'action': 'install', 'id': '5475279', 'name': 'squirrel3', 'url': ' ', 'version': '::apt'}]", 'c8y_SoftwareUpdate': [{'name': 'asciijump', 'action': 'install', 'id': '5475369', 'version': '::apt', 'url': ' '}, {'name': 'robotfindskitten', 'action': 'install', 'id': '5474869', 'version': '::apt', 'url': ' '}, {'name': 'squirrel3', 'action': 'install', 'id': '5475279', 'version': '::apt', 'url': ' '}]}
12:03:29 INFO  State of operation 20232319 : PENDING
12:03:32 INFO  State of operation 20232319 : EXECUTING
12:03:34 INFO  State of operation 20232319 : EXECUTING
12:03:36 INFO  State of operation 20232319 : EXECUTING
12:03:38 INFO  State of operation 20232319 : EXECUTING
12:03:41 INFO  State of operation 20232319 : EXECUTING
12:03:43 INFO  State of operation 20232319 : EXECUTING
12:03:46 INFO  State of operation 20232319 : EXECUTING
12:03:48 INFO  State of operation 20232319 : EXECUTING
12:03:51 INFO  State of operation 20232319 : EXECUTING
12:03:53 INFO  State of operation 20232319 : EXECUTING
12:03:55 INFO  State of operation 20232319 : EXECUTING
12:03:57 INFO  State of operation 20232319 : EXECUTING
12:04:00 INFO  State of operation 20232319 : EXECUTING
12:04:02 INFO  State of operation 20232319 : EXECUTING
12:04:04 INFO  State of operation 20232319 : SUCCESSFUL
12:04:04 INFO  Assert that (False == value) with value=False ... passed
12:04:05 INFO  Package asciijump is installed
12:04:05 INFO  Assert that (True == value) with value=True ... passed
12:04:05 INFO  Package squirrel3 is installed
12:04:05 INFO  Assert that (True == value) with value=True ... passed
12:04:05 INFO  Package robotfindskitten is installed
12:04:05 INFO  Assert that (True == value) with value=True ... passed
12:04:05 INFO  Response status: 201
12:04:05 INFO  Response to action: {
    "creationTime": "2022-06-15T12:04:05.694Z",
    "deviceName": "m32sd10d",
    "deviceId": "20220945",
    "self": "https://t493319102.eu-latest.cumulocity.com/devicecontrol/operations/20232327",
    "id": "20232327",
    "status": "PENDING",
    "description": "Apply software changes, triggered from PySys: [{'action': 'delete', 'id': '5475369', 'name': 'asciijump', 'url': ' ', 'version': '::apt'}, {'action': 'delete', 'id': '5474869', 'name': 'robotfindskitten', 'url': ' ', 'version': '::apt'}, {'action': 'delete', 'id': '5475279', 'name': 'squirrel3', 'url': ' ', 'version': '::apt'}]",
    "c8y_SoftwareUpdate": [
        {
            "name": "asciijump",
            "action": "delete",
            "id": "5475369",
            "version": "::apt",
            "url": " "
        },
        {
            "name": "robotfindskitten",
            "action": "delete",
            "id": "5474869",
            "version": "::apt",
            "url": " "
        },
        {
            "name": "squirrel3",
            "action": "delete",
            "id": "5475279",
            "version": "::apt",
            "url": " "
        }
    ]
}
12:04:05 INFO  Started operation: {'creationTime': '2022-06-15T12:04:05.694Z', 'deviceName': 'm32sd10d', 'deviceId': '20220945', 'self': 'https://t493319102.eu-latest.cumulocity.com/devicecontrol/operations/20232327', 'id': '20232327', 'status': 'PENDING', 'description': "Apply software changes, triggered from PySys: [{'action': 'delete', 'id': '5475369', 'name': 'asciijump', 'url': ' ', 'version': '::apt'}, {'action': 'delete', 'id': '5474869', 'name': 'robotfindskitten', 'url': ' ', 'version': '::apt'}, {'action': 'delete', 'id': '5475279', 'name': 'squirrel3', 'url': ' ', 'version': '::apt'}]", 'c8y_SoftwareUpdate': [{'name': 'asciijump', 'action': 'delete', 'id': '5475369', 'version': '::apt', 'url': ' '}, {'name': 'robotfindskitten', 'action': 'delete', 'id': '5474869', 'version': '::apt', 'url': ' '}, {'name': 'squirrel3', 'action': 'delete', 'id': '5475279', 'version': '::apt', 'url': ' '}]}
12:04:07 INFO  State of operation 20232327 : PENDING
12:04:10 INFO  State of operation 20232327 : EXECUTING
12:04:12 INFO  State of operation 20232327 : EXECUTING
12:04:14 INFO  State of operation 20232327 : EXECUTING
12:04:16 INFO  State of operation 20232327 : EXECUTING
12:04:19 INFO  State of operation 20232327 : EXECUTING
12:04:21 INFO  State of operation 20232327 : EXECUTING
12:04:24 INFO  State of operation 20232327 : EXECUTING
12:04:26 INFO  State of operation 20232327 : EXECUTING
12:04:29 INFO  State of operation 20232327 : EXECUTING
12:04:31 INFO  State of operation 20232327 : EXECUTING
12:04:33 INFO  State of operation 20232327 : EXECUTING
12:04:35 INFO  State of operation 20232327 : EXECUTING
12:04:37 INFO  State of operation 20232327 : EXECUTING
12:04:40 INFO  State of operation 20232327 : EXECUTING
12:04:42 INFO  State of operation 20232327 : EXECUTING
12:04:44 INFO  State of operation 20232327 : EXECUTING
12:04:47 INFO  State of operation 20232327 : EXECUTING
12:04:49 INFO  State of operation 20232327 : EXECUTING
12:04:52 INFO  State of operation 20232327 : EXECUTING
12:04:54 INFO  State of operation 20232327 : EXECUTING
12:04:56 INFO  State of operation 20232327 : EXECUTING
12:04:58 INFO  State of operation 20232327 : EXECUTING
12:05:01 INFO  State of operation 20232327 : EXECUTING
12:05:03 INFO  State of operation 20232327 : EXECUTING
12:05:06 INFO  State of operation 20232327 : EXECUTING
12:05:08 INFO  State of operation 20232327 : EXECUTING
12:05:10 INFO  State of operation 20232327 : EXECUTING
12:05:12 INFO  State of operation 20232327 : SUCCESSFUL
12:05:13 INFO  Assert that (False == value) with value=False ... passed
12:05:13 INFO  Assert that (False == value) with value=False ... passed
12:05:13 INFO  Assert that (False == value) with value=False ... passed
12:05:13 INFO  Assert that (False == value) with value=False ... passed
12:05:13 INFO  
12:05:13 INFO  cleanup:
12:05:17 INFO  Executed sudo&lt;tedge_disconnect_c8y&gt;, exit status 0
12:05:18 INFO  Executed systemctl&lt;serv_mapper5&gt;, exit status 3
12:05:18 INFO  
12:05:18 INFO  Test duration: 136.76 secs
12:05:18 INFO  Test final outcome:  FAILED
12:05:18 INFO  Test outcome reason: Assert that (False == value) with value=True (+2 other failures)
12:05:18 INFO  
</system-out>
	</testcase>
</testsuite><testsuite name="SoftwareManagement.sm_apt_install_remove_multiple_mixed" tests="3" errors="0" failures="2" skipped="1" time="0"><testcase classname="PySysTest" name="SoftwareManagement.sm_apt_install_remove_multiple_mixed">
		<skipped message="SKIPPED: Testing the apt plugin is not supported on this platform.Use parameter -XmyPlatform='container' to enable it" />
		<system-out>11:04:13 INFO  ==============================================================
11:04:13 INFO  Id:    SoftwareManagement.sm_apt_install_remove_multiple_mixed
11:04:13 INFO  Dir:   software_management_end_to_end/
11:04:13 INFO  Title: Validate end to end behaviour for the apt plugin for multiple packages with mixed versions
11:04:13 INFO  ==============================================================
11:04:13 INFO  Testing the apt plugin is not supported on this platform.Use parameter -XmyPlatform='container' to enable it ... skipped
11:04:13 WARN  Aborted test due to SKIPPED outcome
11:04:13 INFO  
11:04:13 INFO  Test duration: 0.03 secs
11:04:13 INFO  Test final outcome:  SKIPPED
11:04:13 INFO  Test outcome reason: Testing the apt plugin is not supported on this platform.Use parameter -XmyPlatform='container' to enable it
11:04:13 INFO  
</system-out>
	</testcase>
<testcase classname="PySysTest" name="SoftwareManagement.sm_apt_install_remove_multiple_mixed">
		<failure message="BLOCKED: SystemError: Timeout while waiting for status SUCCESSFUL or False" type="BLOCKED" />
		<system-out>11:39:21 INFO  ==============================================================
11:39:21 INFO  Id:    SoftwareManagement.sm_apt_install_remove_multiple_mixed
11:39:21 INFO  Dir:   software_management_end_to_end/
11:39:21 INFO  Title: Validate end to end behaviour for the apt plugin for multiple packages with mixed versions
11:39:21 INFO  ==============================================================
11:39:21 INFO  Using sw id database: {'asciijump': '5475369', 'robotfindskitten': '5474869', 'squirrel3': '5475279', 'rolldice': '5152439', 'moon-buggy': '5439204', 'apple': '5495053', 'banana': '5494888', 'cherry': '5495382', 'watermelon': '5494510', 'registry': '8018911', 'hello-world': '8021526', 'docker/getting-started': '8021973', 'alpine': '7991792'}
11:39:21 INFO  EnvironmentC8y Setup
11:39:22 INFO  Executed systemctl&lt;serv_mapper1&gt;, exit status 3
11:39:22 INFO  Restarting mosquitto too frequently in the last 10 seconds. It was only up for 5 seconds
11:39:22 INFO  Delaying execution by 6 seconds
11:39:42 INFO  Executed sudo&lt;tedge_connect_c8y&gt;, exit status 0, duration 13 secs
11:39:42 INFO  Executed sudo&lt;tedge_connect_c8y_test&gt;, exit status 0
11:39:43 INFO  Executed systemctl&lt;serv_mosq2&gt;, exit status 0
11:39:43 INFO  Executed systemctl&lt;serv_mapper3&gt;, exit status 0
11:39:45 INFO  State of current operation: SUCCESSFUL
11:39:46 INFO  Assert that (False == value) with value=False ... passed
11:39:46 INFO  Assert that (False == value) with value=False ... passed
11:39:46 INFO  Assert that (False == value) with value=False ... passed
11:39:46 INFO  Assert that (False == value) with value=False ... passed
11:39:47 INFO  Assert that (False == value) with value=False ... passed
11:39:48 INFO  Response status: 201
11:39:48 INFO  Response to action: {
    "creationTime": "2022-06-15T11:39:48.299Z",
    "deviceName": "m32sd10d",
    "deviceId": "20220945",
    "self": "https://t493319102.eu-latest.cumulocity.com/devicecontrol/operations/20232179",
    "id": "20232179",
    "status": "PENDING",
    "description": "Apply software changes, triggered from PySys: [{'action': 'install', 'id': '5475369', 'name': 'asciijump', 'url': ' ', 'version': '::apt'}, {'action': 'install', 'id': '5474869', 'name': 'robotfindskitten', 'url': ' ', 'version': ' '}, {'action': 'install', 'id': '5475279', 'name': 'squirrel3', 'url': ' ', 'version': '3.1-7::apt'}, {'action': 'install', 'id': '5152439', 'name': 'rolldice', 'url': ' ', 'version': '1.16-1+b1'}, {'action': 'install', 'id': '5439204', 'name': 'moon-buggy', 'url': ' ', 'version': '1:1.0.51-12'}, {'action': 'install', 'id': '5475369', 'name': 'asciijump', 'url': ' ', 'version': '::apt'}]",
    "c8y_SoftwareUpdate": [
        {
            "name": "asciijump",
            "action": "install",
            "id": "5475369",
            "version": "::apt",
            "url": " "
        },
        {
            "name": "robotfindskitten",
            "action": "install",
            "id": "5474869",
            "version": " ",
            "url": " "
        },
        {
            "name": "squirrel3",
            "action": "install",
            "id": "5475279",
            "version": "3.1-7::apt",
            "url": " "
        },
        {
            "name": "rolldice",
            "action": "install",
            "id": "5152439",
            "version": "1.16-1+b1",
            "url": " "
        },
        {
            "name": "moon-buggy",
            "action": "install",
            "id": "5439204",
            "version": "1:1.0.51-12",
            "url": " "
        },
        {
            "name": "asciijump",
            "action": "install",
            "id": "5475369",
            "version": "::apt",
            "url": " "
        }
    ]
}
11:39:48 INFO  Started operation: {'creationTime': '2022-06-15T11:39:48.299Z', 'deviceName': 'm32sd10d', 'deviceId': '20220945', 'self': 'https://t493319102.eu-latest.cumulocity.com/devicecontrol/operations/20232179', 'id': '20232179', 'status': 'PENDING', 'description': "Apply software changes, triggered from PySys: [{'action': 'install', 'id': '5475369', 'name': 'asciijump', 'url': ' ', 'version': '::apt'}, {'action': 'install', 'id': '5474869', 'name': 'robotfindskitten', 'url': ' ', 'version': ' '}, {'action': 'install', 'id': '5475279', 'name': 'squirrel3', 'url': ' ', 'version': '3.1-7::apt'}, {'action': 'install', 'id': '5152439', 'name': 'rolldice', 'url': ' ', 'version': '1.16-1+b1'}, {'action': 'install', 'id': '5439204', 'name': 'moon-buggy', 'url': ' ', 'version': '1:1.0.51-12'}, {'action': 'install', 'id': '5475369', 'name': 'asciijump', 'url': ' ', 'version': '::apt'}]", 'c8y_SoftwareUpdate': [{'name': 'asciijump', 'action': 'install', 'id': '5475369', 'version': '::apt', 'url': ' '}, {'name': 'robotfindskitten', 'action': 'install', 'id': '5474869', 'version': ' ', 'url': ' '}, {'name': 'squirrel3', 'action': 'install', 'id': '5475279', 'version': '3.1-7::apt', 'url': ' '}, {'name': 'rolldice', 'action': 'install', 'id': '5152439', 'version': '1.16-1+b1', 'url': ' '}, {'name': 'moon-buggy', 'action': 'install', 'id': '5439204', 'version': '1:1.0.51-12', 'url': ' '}, {'name': 'asciijump', 'action': 'install', 'id': '5475369', 'version': '::apt', 'url': ' '}]}
11:39:50 INFO  State of operation 20232179 : PENDING
11:39:52 INFO  State of operation 20232179 : EXECUTING
11:39:55 INFO  State of operation 20232179 : EXECUTING
11:39:57 INFO  State of operation 20232179 : EXECUTING
11:39:59 INFO  State of operation 20232179 : EXECUTING
11:40:01 INFO  State of operation 20232179 : EXECUTING
11:40:04 INFO  State of operation 20232179 : EXECUTING
11:40:07 INFO  State of operation 20232179 : EXECUTING
11:40:09 INFO  State of operation 20232179 : EXECUTING
11:40:11 INFO  State of operation 20232179 : EXECUTING
11:40:14 INFO  State of operation 20232179 : EXECUTING
11:40:16 INFO  State of operation 20232179 : EXECUTING
11:40:18 INFO  State of operation 20232179 : EXECUTING
11:40:20 INFO  State of operation 20232179 : EXECUTING
11:40:23 INFO  State of operation 20232179 : EXECUTING
11:40:25 INFO  State of operation 20232179 : EXECUTING
11:40:27 INFO  State of operation 20232179 : EXECUTING
11:40:30 INFO  State of operation 20232179 : EXECUTING
11:40:32 INFO  State of operation 20232179 : EXECUTING
11:40:35 INFO  State of operation 20232179 : EXECUTING
11:40:37 INFO  State of operation 20232179 : EXECUTING
11:40:40 INFO  State of operation 20232179 : EXECUTING
11:40:42 INFO  State of operation 20232179 : EXECUTING
11:40:44 INFO  State of operation 20232179 : EXECUTING
11:40:47 INFO  State of operation 20232179 : EXECUTING
11:40:49 INFO  State of operation 20232179 : EXECUTING
11:40:52 INFO  State of operation 20232179 : EXECUTING
11:40:55 INFO  State of operation 20232179 : EXECUTING
11:40:57 INFO  State of operation 20232179 : EXECUTING
11:40:59 INFO  State of operation 20232179 : EXECUTING
11:41:01 INFO  State of operation 20232179 : EXECUTING
11:41:03 INFO  State of operation 20232179 : EXECUTING
11:41:06 INFO  State of operation 20232179 : EXECUTING
11:41:08 INFO  State of operation 20232179 : EXECUTING
11:41:10 INFO  State of operation 20232179 : EXECUTING
11:41:12 INFO  State of operation 20232179 : EXECUTING
11:41:15 INFO  State of operation 20232179 : EXECUTING
11:41:17 INFO  State of operation 20232179 : EXECUTING
11:41:20 INFO  State of operation 20232179 : EXECUTING
11:41:23 INFO  State of operation 20232179 : EXECUTING
11:41:25 INFO  State of operation 20232179 : EXECUTING
11:41:27 INFO  State of operation 20232179 : EXECUTING
11:41:29 INFO  State of operation 20232179 : EXECUTING
11:41:31 INFO  State of operation 20232179 : EXECUTING
11:41:34 INFO  State of operation 20232179 : EXECUTING
11:41:36 INFO  State of operation 20232179 : EXECUTING
11:41:38 INFO  State of operation 20232179 : EXECUTING
11:41:41 INFO  State of operation 20232179 : EXECUTING
11:41:43 INFO  State of operation 20232179 : EXECUTING
11:41:46 INFO  State of operation 20232179 : EXECUTING
11:41:48 INFO  State of operation 20232179 : EXECUTING
11:41:50 INFO  State of operation 20232179 : EXECUTING
11:41:53 INFO  State of operation 20232179 : EXECUTING
11:41:56 INFO  State of operation 20232179 : EXECUTING
11:41:58 INFO  State of operation 20232179 : EXECUTING
11:42:01 INFO  State of operation 20232179 : EXECUTING
11:42:03 INFO  State of operation 20232179 : EXECUTING
11:42:05 INFO  State of operation 20232179 : EXECUTING
11:42:07 INFO  State of operation 20232179 : EXECUTING
11:42:10 INFO  State of operation 20232179 : EXECUTING
11:42:12 INFO  State of operation 20232179 : EXECUTING
11:42:14 WARN  SystemError occurred while running test - Timeout while waiting for status SUCCESSFUL or False
Traceback (most recent call last):
  File "/home/pi/env-pysys/lib/python3.7/site-packages/pysys/baserunner.py", line 1294, in __call__
    self.testObj.execute()
  File "/home/pi/actions-runner/_work/thin-edge.io/thin-edge.io/tests/PySys/software_management_end_to_end/sm_apt_install_remove_multiple_mixed/run.py", line 89, in execute
    self.wait_until_succcess()
  File "/home/pi/actions-runner/_work/thin-edge.io/thin-edge.io/tests/PySys/software_management_end_to_end/environment_sm_management.py", line 324, in wait_until_succcess
    self.wait_until_status("SUCCESSFUL")
  File "/home/pi/actions-runner/_work/thin-edge.io/thin-edge.io/tests/PySys/software_management_end_to_end/environment_sm_management.py", line 381, in wait_until_status
    "Timeout while waiting for status %s or %s" % (status, status2)
SystemError: Timeout while waiting for status SUCCESSFUL or False
11:42:14 WARN  SystemError: Timeout while waiting for status SUCCESSFUL or False ... blocked 
11:42:14 INFO  
11:42:14 INFO  cleanup:
11:42:18 INFO  Executed sudo&lt;tedge_disconnect_c8y&gt;, exit status 0
11:42:19 INFO  Executed systemctl&lt;serv_mapper5&gt;, exit status 3
11:42:19 INFO  
11:42:19 INFO  Test duration: 177.71 secs
11:42:19 INFO  Test final outcome:  BLOCKED
11:42:19 INFO  Test outcome reason: SystemError: Timeout while waiting for status SUCCESSFUL or False
11:42:19 INFO  
</system-out>
	</testcase>
<testcase classname="PySysTest" name="SoftwareManagement.sm_apt_install_remove_multiple_mixed">
		<failure message="BLOCKED: SystemError: Timeout while waiting for status SUCCESSFUL or False (+1 other failures)" type="BLOCKED" />
		<system-out>12:05:18 INFO  ==============================================================
12:05:18 INFO  Id:    SoftwareManagement.sm_apt_install_remove_multiple_mixed
12:05:18 INFO  Dir:   software_management_end_to_end/
12:05:18 INFO  Title: Validate end to end behaviour for the apt plugin for multiple packages with mixed versions
12:05:18 INFO  ==============================================================
12:05:18 INFO  Using sw id database: {'asciijump': '5475369', 'robotfindskitten': '5474869', 'squirrel3': '5475279', 'rolldice': '5152439', 'moon-buggy': '5439204', 'apple': '5495053', 'banana': '5494888', 'cherry': '5495382', 'watermelon': '5494510', 'registry': '8018911', 'hello-world': '8021526', 'docker/getting-started': '8021973', 'alpine': '7991792'}
12:05:18 INFO  EnvironmentC8y Setup
12:05:19 INFO  Executed systemctl&lt;serv_mapper1&gt;, exit status 3
12:05:19 INFO  Restarting mosquitto too frequently in the last 10 seconds. It was only up for 5 seconds
12:05:19 INFO  Delaying execution by 6 seconds
12:05:38 INFO  Executed sudo&lt;tedge_connect_c8y&gt;, exit status 0, duration 13 secs
12:05:39 INFO  Executed sudo&lt;tedge_connect_c8y_test&gt;, exit status 0
12:05:40 INFO  Executed systemctl&lt;serv_mosq2&gt;, exit status 0
12:05:40 INFO  Executed systemctl&lt;serv_mapper3&gt;, exit status 0
12:05:42 INFO  State of current operation: SUCCESSFUL
12:05:43 INFO  Assert that (False == value) with value=False ... passed
12:05:43 INFO  Assert that (False == value) with value=False ... passed
12:05:43 INFO  Assert that (False == value) with value=False ... passed
12:05:43 INFO  Assert that (False == value) with value=False ... passed
12:05:43 INFO  Package moon-buggy is installed
12:05:43 WARN  Assert that (False == value) with value=True ... failed 
12:05:45 INFO  Response status: 201
12:05:45 INFO  Response to action: {
    "creationTime": "2022-06-15T12:05:45.233Z",
    "deviceName": "m32sd10d",
    "deviceId": "20220945",
    "self": "https://t493319102.eu-latest.cumulocity.com/devicecontrol/operations/20232333",
    "id": "20232333",
    "status": "PENDING",
    "description": "Apply software changes, triggered from PySys: [{'action': 'install', 'id': '5475369', 'name': 'asciijump', 'url': ' ', 'version': '::apt'}, {'action': 'install', 'id': '5474869', 'name': 'robotfindskitten', 'url': ' ', 'version': ' '}, {'action': 'install', 'id': '5475279', 'name': 'squirrel3', 'url': ' ', 'version': '3.1-7::apt'}, {'action': 'install', 'id': '5152439', 'name': 'rolldice', 'url': ' ', 'version': '1.16-1+b1'}, {'action': 'install', 'id': '5439204', 'name': 'moon-buggy', 'url': ' ', 'version': '1:1.0.51-12'}, {'action': 'install', 'id': '5475369', 'name': 'asciijump', 'url': ' ', 'version': '::apt'}]",
    "c8y_SoftwareUpdate": [
        {
            "name": "asciijump",
            "action": "install",
            "id": "5475369",
            "version": "::apt",
            "url": " "
        },
        {
            "name": "robotfindskitten",
            "action": "install",
            "id": "5474869",
            "version": " ",
            "url": " "
        },
        {
            "name": "squirrel3",
            "action": "install",
            "id": "5475279",
            "version": "3.1-7::apt",
            "url": " "
        },
        {
            "name": "rolldice",
            "action": "install",
            "id": "5152439",
            "version": "1.16-1+b1",
            "url": " "
        },
        {
            "name": "moon-buggy",
            "action": "install",
            "id": "5439204",
            "version": "1:1.0.51-12",
            "url": " "
        },
        {
            "name": "asciijump",
            "action": "install",
            "id": "5475369",
            "version": "::apt",
            "url": " "
        }
    ]
}
12:05:45 INFO  Started operation: {'creationTime': '2022-06-15T12:05:45.233Z', 'deviceName': 'm32sd10d', 'deviceId': '20220945', 'self': 'https://t493319102.eu-latest.cumulocity.com/devicecontrol/operations/20232333', 'id': '20232333', 'status': 'PENDING', 'description': "Apply software changes, triggered from PySys: [{'action': 'install', 'id': '5475369', 'name': 'asciijump', 'url': ' ', 'version': '::apt'}, {'action': 'install', 'id': '5474869', 'name': 'robotfindskitten', 'url': ' ', 'version': ' '}, {'action': 'install', 'id': '5475279', 'name': 'squirrel3', 'url': ' ', 'version': '3.1-7::apt'}, {'action': 'install', 'id': '5152439', 'name': 'rolldice', 'url': ' ', 'version': '1.16-1+b1'}, {'action': 'install', 'id': '5439204', 'name': 'moon-buggy', 'url': ' ', 'version': '1:1.0.51-12'}, {'action': 'install', 'id': '5475369', 'name': 'asciijump', 'url': ' ', 'version': '::apt'}]", 'c8y_SoftwareUpdate': [{'name': 'asciijump', 'action': 'install', 'id': '5475369', 'version': '::apt', 'url': ' '}, {'name': 'robotfindskitten', 'action': 'install', 'id': '5474869', 'version': ' ', 'url': ' '}, {'name': 'squirrel3', 'action': 'install', 'id': '5475279', 'version': '3.1-7::apt', 'url': ' '}, {'name': 'rolldice', 'action': 'install', 'id': '5152439', 'version': '1.16-1+b1', 'url': ' '}, {'name': 'moon-buggy', 'action': 'install', 'id': '5439204', 'version': '1:1.0.51-12', 'url': ' '}, {'name': 'asciijump', 'action': 'install', 'id': '5475369', 'version': '::apt', 'url': ' '}]}
12:05:47 INFO  State of operation 20232333 : PENDING
12:05:49 INFO  State of operation 20232333 : EXECUTING
12:05:52 INFO  State of operation 20232333 : EXECUTING
12:05:54 INFO  State of operation 20232333 : EXECUTING
12:05:56 INFO  State of operation 20232333 : EXECUTING
12:05:58 INFO  State of operation 20232333 : EXECUTING
12:06:01 INFO  State of operation 20232333 : EXECUTING
12:06:04 INFO  State of operation 20232333 : EXECUTING
12:06:06 INFO  State of operation 20232333 : EXECUTING
12:06:08 INFO  State of operation 20232333 : EXECUTING
12:06:11 INFO  State of operation 20232333 : EXECUTING
12:06:13 INFO  State of operation 20232333 : EXECUTING
12:06:15 INFO  State of operation 20232333 : EXECUTING
12:06:17 INFO  State of operation 20232333 : EXECUTING
12:06:20 INFO  State of operation 20232333 : EXECUTING
12:06:22 INFO  State of operation 20232333 : EXECUTING
12:06:24 INFO  State of operation 20232333 : EXECUTING
12:06:27 INFO  State of operation 20232333 : EXECUTING
12:06:29 INFO  State of operation 20232333 : EXECUTING
12:06:32 INFO  State of operation 20232333 : EXECUTING
12:06:34 INFO  State of operation 20232333 : EXECUTING
12:06:37 INFO  State of operation 20232333 : EXECUTING
12:06:39 INFO  State of operation 20232333 : EXECUTING
12:06:41 INFO  State of operation 20232333 : EXECUTING
12:06:43 INFO  State of operation 20232333 : EXECUTING
12:06:45 INFO  State of operation 20232333 : EXECUTING
12:06:48 INFO  State of operation 20232333 : EXECUTING
12:06:50 INFO  State of operation 20232333 : EXECUTING
12:06:53 INFO  State of operation 20232333 : EXECUTING
12:06:55 INFO  State of operation 20232333 : EXECUTING
12:06:57 INFO  State of operation 20232333 : EXECUTING
12:06:59 INFO  State of operation 20232333 : EXECUTING
12:07:02 INFO  State of operation 20232333 : EXECUTING
12:07:04 INFO  State of operation 20232333 : EXECUTING
12:07:06 INFO  State of operation 20232333 : EXECUTING
12:07:08 INFO  State of operation 20232333 : EXECUTING
12:07:11 INFO  State of operation 20232333 : EXECUTING
12:07:13 INFO  State of operation 20232333 : EXECUTING
12:07:16 INFO  State of operation 20232333 : EXECUTING
12:07:18 INFO  State of operation 20232333 : EXECUTING
12:07:21 INFO  State of operation 20232333 : EXECUTING
12:07:23 INFO  State of operation 20232333 : EXECUTING
12:07:25 INFO  State of operation 20232333 : EXECUTING
12:07:27 INFO  State of operation 20232333 : EXECUTING
12:07:29 INFO  State of operation 20232333 : EXECUTING
12:07:32 INFO  State of operation 20232333 : EXECUTING
12:07:34 INFO  State of operation 20232333 : EXECUTING
12:07:36 INFO  State of operation 20232333 : EXECUTING
12:07:39 INFO  State of operation 20232333 : EXECUTING
12:07:41 INFO  State of operation 20232333 : EXECUTING
12:07:44 INFO  State of operation 20232333 : EXECUTING
12:07:46 INFO  State of operation 20232333 : EXECUTING
12:07:48 INFO  State of operation 20232333 : EXECUTING
12:07:51 INFO  State of operation 20232333 : EXECUTING
12:07:53 INFO  State of operation 20232333 : EXECUTING
12:07:56 INFO  State of operation 20232333 : EXECUTING
12:07:59 INFO  State of operation 20232333 : EXECUTING
12:08:01 INFO  State of operation 20232333 : EXECUTING
12:08:04 INFO  State of operation 20232333 : EXECUTING
12:08:06 INFO  State of operation 20232333 : EXECUTING
12:08:08 INFO  State of operation 20232333 : EXECUTING
12:08:10 WARN  SystemError occurred while running test - Timeout while waiting for status SUCCESSFUL or False
Traceback (most recent call last):
  File "/home/pi/env-pysys/lib/python3.7/site-packages/pysys/baserunner.py", line 1294, in __call__
    self.testObj.execute()
  File "/home/pi/actions-runner/_work/thin-edge.io/thin-edge.io/tests/PySys/software_management_end_to_end/sm_apt_install_remove_multiple_mixed/run.py", line 89, in execute
    self.wait_until_succcess()
  File "/home/pi/actions-runner/_work/thin-edge.io/thin-edge.io/tests/PySys/software_management_end_to_end/environment_sm_management.py", line 324, in wait_until_succcess
    self.wait_until_status("SUCCESSFUL")
  File "/home/pi/actions-runner/_work/thin-edge.io/thin-edge.io/tests/PySys/software_management_end_to_end/environment_sm_management.py", line 381, in wait_until_status
    "Timeout while waiting for status %s or %s" % (status, status2)
SystemError: Timeout while waiting for status SUCCESSFUL or False
12:08:10 WARN  SystemError: Timeout while waiting for status SUCCESSFUL or False ... blocked 
12:08:10 INFO  
12:08:10 INFO  cleanup:
12:08:14 INFO  Executed sudo&lt;tedge_disconnect_c8y&gt;, exit status 0
12:08:15 INFO  Executed systemctl&lt;serv_mapper5&gt;, exit status 3
12:08:15 INFO  
12:08:15 INFO  Test duration: 177.04 secs
12:08:15 INFO  Test final outcome:  BLOCKED
12:08:15 INFO  Test outcome reason: SystemError: Timeout while waiting for status SUCCESSFUL or False (+1 other failures)
12:08:15 INFO  
</system-out>
	</testcase>
</testsuite><testsuite name="SoftwareManagement.sm_apt_install_remove_with_version" tests="3" errors="0" failures="0" skipped="1" time="0"><testcase classname="PySysTest" name="SoftwareManagement.sm_apt_install_remove_with_version">
		<skipped message="SKIPPED: Testing the apt plugin is not supported on this platform.Use parameter -XmyPlatform='container' to enable it" />
		<system-out>11:04:13 INFO  ==============================================================
11:04:13 INFO  Id:    SoftwareManagement.sm_apt_install_remove_with_version
11:04:13 INFO  Dir:   software_management_end_to_end/
11:04:13 INFO  Title: Validate end to end behaviour for the apt plugin for packages with version
11:04:13 INFO  ==============================================================
11:04:13 INFO  Testing the apt plugin is not supported on this platform.Use parameter -XmyPlatform='container' to enable it ... skipped
11:04:13 WARN  Aborted test due to SKIPPED outcome
11:04:13 INFO  
11:04:13 INFO  Test duration: 0.02 secs
11:04:13 INFO  Test final outcome:  SKIPPED
11:04:13 INFO  Test outcome reason: Testing the apt plugin is not supported on this platform.Use parameter -XmyPlatform='container' to enable it
11:04:13 INFO  
</system-out>
	</testcase>
<testcase classname="PySysTest" name="SoftwareManagement.sm_apt_install_remove_with_version" />
<testcase classname="PySysTest" name="SoftwareManagement.sm_apt_install_remove_with_version" />
</testsuite><testsuite name="SoftwareManagement.sm_docker_install_remove_multiple" tests="3" errors="0" failures="0" skipped="1" time="0"><testcase classname="SMDockerInstallRemove" name="SoftwareManagement.sm_docker_install_remove_multiple">
		<skipped message="SKIPPED: Testing the apt plugin is not supported on this platform.Use parameter -XmyPlatform='container' to enable it" />
		<system-out>11:04:13 INFO  ==============================================================
11:04:13 INFO  Id:    SoftwareManagement.sm_docker_install_remove_multiple
11:04:13 INFO  Dir:   software_management_end_to_end/
11:04:13 INFO  Title: Validate end to end behaviour for the docker plugin for multiple docker images with mixed versions
11:04:13 INFO  ==============================================================
11:04:13 INFO  Testing the apt plugin is not supported on this platform.Use parameter -XmyPlatform='container' to enable it ... skipped
11:04:13 WARN  Aborted test due to SKIPPED outcome
11:04:13 INFO  
11:04:13 INFO  Test duration: 0.03 secs
11:04:13 INFO  Test final outcome:  SKIPPED
11:04:13 INFO  Test outcome reason: Testing the apt plugin is not supported on this platform.Use parameter -XmyPlatform='container' to enable it
11:04:13 INFO  
</system-out>
	</testcase>
<testcase classname="SMDockerInstallRemove" name="SoftwareManagement.sm_docker_install_remove_multiple" />
<testcase classname="SMDockerInstallRemove" name="SoftwareManagement.sm_docker_install_remove_multiple" />
</testsuite><testsuite name="SoftwareManagement.sm_fake_install_remove" tests="2" errors="0" failures="0" skipped="1" time="0"><testcase classname="PySysTest" name="SoftwareManagement.sm_fake_install_remove">
		<skipped message="SKIPPED: Testing the fake plugin is not enabled.Use parameter -Xfakeplugin=fakeplugin to enable it" />
		<system-out>11:04:13 INFO  ==============================================================
11:04:13 INFO  Id:    SoftwareManagement.sm_fake_install_remove
11:04:13 INFO  Dir:   software_management_end_to_end/
11:04:13 INFO  Title: Validate end to end behaviour for the dummy plugin for installation and removal of packages
11:04:13 INFO  ==============================================================
11:04:13 INFO  Testing the fake plugin is not enabled.Use parameter -Xfakeplugin=fakeplugin to enable it ... skipped
11:04:13 WARN  Aborted test due to SKIPPED outcome
11:04:13 INFO  
11:04:13 INFO  Test duration: 0.02 secs
11:04:13 INFO  Test final outcome:  SKIPPED
11:04:13 INFO  Test outcome reason: Testing the fake plugin is not enabled.Use parameter -Xfakeplugin=fakeplugin to enable it
11:04:13 INFO  
</system-out>
	</testcase>
<testcase classname="PySysTest" name="SoftwareManagement.sm_fake_install_remove" />
</testsuite><testsuite name="SoftwareManagement.sm_fake_install_remove_multiple" tests="2" errors="0" failures="0" skipped="1" time="0"><testcase classname="PySysTest" name="SoftwareManagement.sm_fake_install_remove_multiple">
		<skipped message="SKIPPED: Testing the fake plugin is not enabled.Use parameter -Xfakeplugin=fakeplugin to enable it" />
		<system-out>11:04:13 INFO  ==============================================================
11:04:13 INFO  Id:    SoftwareManagement.sm_fake_install_remove_multiple
11:04:13 INFO  Dir:   software_management_end_to_end/
11:04:13 INFO  Title: Validate end to end behaviour for the dummy-plugin for multiple packages
11:04:13 INFO  ==============================================================
11:04:13 INFO  Testing the fake plugin is not enabled.Use parameter -Xfakeplugin=fakeplugin to enable it ... skipped
11:04:13 WARN  Aborted test due to SKIPPED outcome
11:04:13 INFO  
11:04:13 INFO  Test duration: 0.02 secs
11:04:13 INFO  Test final outcome:  SKIPPED
11:04:13 INFO  Test outcome reason: Testing the fake plugin is not enabled.Use parameter -Xfakeplugin=fakeplugin to enable it
11:04:13 INFO  
</system-out>
	</testcase>
<testcase classname="PySysTest" name="SoftwareManagement.sm_fake_install_remove_multiple" />
</testsuite><testsuite name="SoftwareManagement.sm_mapper_fail_and_reconnect" tests="2" errors="0" failures="0" skipped="2" time="0"><testcase classname="MapperC8yReceiveLastMessageOnRestart" name="SoftwareManagement.sm_mapper_fail_and_reconnect">
		<skipped message="SKIPPED: instable https://github.com/thin-edge/thin-edge.io/issues/752" />
		<system-out>11:04:13 INFO  ==============================================================
11:04:13 INFO  Id:    SoftwareManagement.sm_mapper_fail_and_reconnect
11:04:13 INFO  Dir:   software_management_end_to_end/
11:04:13 INFO  Title: Validate the tedge-mapper-sm-c8y for receiving the last message on restart
11:04:13 INFO  ==============================================================
11:04:13 INFO  instable https://github.com/thin-edge/thin-edge.io/issues/752 ... skipped
11:04:13 INFO  
11:04:13 INFO  Test duration: 0.02 secs
11:04:13 INFO  Test final outcome:  SKIPPED
11:04:13 INFO  Test outcome reason: instable https://github.com/thin-edge/thin-edge.io/issues/752
11:04:13 INFO  
</system-out>
	</testcase>
<testcase classname="MapperC8yReceiveLastMessageOnRestart" name="SoftwareManagement.sm_mapper_fail_and_reconnect">
		<skipped message="SKIPPED: instable https://github.com/thin-edge/thin-edge.io/issues/752" />
		<system-out>12:14:55 INFO  ==============================================================
12:14:55 INFO  Id:    SoftwareManagement.sm_mapper_fail_and_reconnect
12:14:55 INFO  Dir:   software_management_end_to_end/
12:14:55 INFO  Title: Validate the tedge-mapper-sm-c8y for receiving the last message on restart
12:14:55 INFO  ==============================================================
12:14:55 INFO  instable https://github.com/thin-edge/thin-edge.io/issues/752 ... skipped
12:14:55 INFO  
12:14:55 INFO  Test duration: 0.02 secs
12:14:55 INFO  Test final outcome:  SKIPPED
12:14:55 INFO  Test outcome reason: instable https://github.com/thin-edge/thin-edge.io/issues/752
12:14:55 INFO  
</system-out>
	</testcase>
</testsuite><testsuite name="SoftwareManagement.sm_mixed_install_remove_multiple" tests="2" errors="0" failures="1" skipped="1" time="0"><testcase classname="PySysTest" name="SoftwareManagement.sm_mixed_install_remove_multiple">
		<skipped message="SKIPPED: Testing the fake plugin is not enabled.Use parameter -Xfakeplugin=fakeplugin to enable it" />
		<system-out>11:04:14 INFO  ==============================================================
11:04:14 INFO  Id:    SoftwareManagement.sm_mixed_install_remove_multiple
11:04:14 INFO  Dir:   software_management_end_to_end/
11:04:14 INFO  Title: Validate end to end behaviour for the dummy-plugin for multiple packages with mixed versions
11:04:14 INFO  ==============================================================
11:04:14 INFO  Testing the fake plugin is not enabled.Use parameter -Xfakeplugin=fakeplugin to enable it ... skipped
11:04:14 WARN  Aborted test due to SKIPPED outcome
11:04:14 INFO  
11:04:14 INFO  Test duration: 0.03 secs
11:04:14 INFO  Test final outcome:  SKIPPED
11:04:14 INFO  Test outcome reason: Testing the fake plugin is not enabled.Use parameter -Xfakeplugin=fakeplugin to enable it
11:04:14 INFO  
</system-out>
	</testcase>
<testcase classname="PySysTest" name="SoftwareManagement.sm_mixed_install_remove_multiple">
		<failure message="FAILED: Assert that (False == value) with value=True" type="FAILED" />
		<system-out>12:14:55 INFO  ==============================================================
12:14:55 INFO  Id:    SoftwareManagement.sm_mixed_install_remove_multiple
12:14:55 INFO  Dir:   software_management_end_to_end/
12:14:55 INFO  Title: Validate end to end behaviour for the dummy-plugin for multiple packages with mixed versions
12:14:55 INFO  ==============================================================
[...]
10:52:37 INFO  Executed sudo&lt;rm_tmp_logs&gt;, exit status 0
10:52:38 INFO  Executed sudo&lt;send_failed&gt;, exit status 0
10:52:38 INFO  Executed sudo&lt;log_file_daemon&gt;, exit status 0
10:52:43 INFO  Executed sudo&lt;tedge_disconnect_c8y&gt;, exit status 0
10:52:43 INFO  Executed systemctl&lt;serv_mapper5&gt;, exit status 3
10:52:43 INFO  
10:52:43 INFO  Test duration: 27.52 secs
10:52:43 INFO  Test final outcome:  BLOCKED
10:52:43 INFO  Test outcome reason: TypeError: 'NoneType' object is not subscriptable
10:52:43 INFO  
</system-out>
	</testcase>
</testsuite><testsuite name="log_request_num_lines" tests="1" errors="0" failures="1" skipped="0" time="0"><testcase classname="LogRequestVerifyNumberOfLines" name="log_request_num_lines">
		<failure message="BLOCKED: TypeError: 'NoneType' object is not subscriptable" type="BLOCKED" />
		<system-out>10:52:43 INFO  ==============================================================
10:52:43 INFO  Id:    log_request_num_lines
10:52:43 INFO  Dir:   log_request_end_to_end/
10:52:43 INFO  Title: Validate end to end behaviour for the log request operation check for number of lines
10:52:43 INFO  ==============================================================
10:52:43 INFO  EnvironmentC8y Setup
10:52:44 INFO  Executed systemctl&lt;serv_mapper1&gt;, exit status 3
10:52:44 INFO  Restarting mosquitto too frequently in the last 10 seconds. It was only up for 5 seconds
10:52:44 INFO  Delaying execution by 6 seconds
10:53:04 INFO  Executed sudo&lt;tedge_connect_c8y&gt;, exit status 0, duration 14 secs
10:53:05 INFO  Executed sudo&lt;tedge_connect_c8y_test&gt;, exit status 0
10:53:05 INFO  Executed systemctl&lt;serv_mosq2&gt;, exit status 0
10:53:06 INFO  Executed systemctl&lt;serv_mapper3&gt;, exit status 0
10:53:06 INFO  Executed sudo&lt;rm_logs&gt;, exit status 0
10:53:07 INFO  Executed sudo&lt;move_logs&gt;, exit status 0
10:53:07 INFO  Executed sudo&lt;log_file_daemon&gt;, exit status 0
10:53:08 WARN  TypeError occurred while running test - 'NoneType' object is not subscriptable
Traceback (most recent call last):
  File "/home/pi/env-pysys/lib/python3.7/site-packages/pysys/baserunner.py", line 1294, in __call__
    self.testObj.execute()
  File "/home/pi/actions-runner/_work/thin-edge.io/thin-edge.io/tests/PySys/log_request_end_to_end/log_request_num_lines/run.py", line 46, in execute
    log_file_request_payload, self.project.deviceid
  File "/home/pi/actions-runner/_work/thin-edge.io/thin-edge.io/tests/PySys/environments/cumulocity.py", line 101, in trigger_log_request
    "deviceId": self.device_fragment["id"],
TypeError: 'NoneType' object is not subscriptable
10:53:08 WARN  TypeError: 'NoneType' object is not subscriptable ... blocked 
10:53:08 INFO  
10:53:08 INFO  cleanup:
10:53:08 INFO  Executed sudo&lt;rm_logs&gt;, exit status 0
10:53:09 INFO  Executed sudo&lt;rm_tmp_logs&gt;, exit status 0
10:53:10 INFO  Executed sudo&lt;send_failed&gt;, exit status 0
10:53:10 INFO  Executed sudo&lt;log_file_daemon&gt;, exit status 0
10:53:14 INFO  Executed sudo&lt;tedge_disconnect_c8y&gt;, exit status 0
10:53:15 INFO  Executed systemctl&lt;serv_mapper5&gt;, exit status 3
10:53:15 INFO  
10:53:15 INFO  Test duration: 31.60 secs
10:53:15 INFO  Test final outcome:  BLOCKED
10:53:15 INFO  Test outcome reason: TypeError: 'NoneType' object is not subscriptable
10:53:15 INFO  
</system-out>
	</testcase>
</testsuite><testsuite name="mapper_awaits_before_reconnect" tests="1" errors="0" failures="1" skipped="0" time="0"><testcase classname="MapperReconnectAwait" name="mapper_awaits_before_reconnect">
		<failure message="FAILED: Line count on tedge_mapper_journal.out for &quot;tedge_mapper::core::mapper: MQTT connection error:&quot; expected &gt;=2 but got 0" type="FAILED" />
		<system-out>11:07:17 INFO  ==============================================================
11:07:17 INFO  Id:    mapper_awaits_before_reconnect
11:07:17 INFO  Dir:   tedge_mapper_c8y/
11:07:17 INFO  Title: Validate mapper doesn't reconnect too often
11:07:17 INFO  ==============================================================
11:07:17 INFO  Started mosquitto_sub with process id 375
11:07:17 INFO  Waiting for 0.1 seconds
11:07:18 INFO  Executed sudo&lt;tedge_mapper&gt;, exit status 0
11:07:18 INFO  Waiting for 5.0 seconds
11:07:23 INFO  Executed sudo&lt;tedge_mapper&gt;, exit status 0
11:07:26 INFO  Executed sudo&lt;tedge_mapper_journal&gt;, exit status 0
11:07:26 WARN  Grep on tedge_mapper_journal.out contains "ERROR" ... failed [run.py:67]
11:07:26 INFO  Line count on file tedge_mapper_journal.out ... passed
11:07:26 WARN  Line count on tedge_mapper_journal.out for "tedge_mapper::core::mapper: MQTT connection error:" expected &gt;=2 but got 0 ... failed [run.py:78]
11:07:26 WARN  Aborted test due to FAILED outcome
11:07:26 INFO  
11:07:26 INFO  Test duration: 8.53 secs
11:07:26 INFO  Test final outcome:  FAILED
11:07:26 INFO  Test outcome reason: Line count on tedge_mapper_journal.out for "tedge_mapper::core::mapper: MQTT connection error:" expected &gt;=2 but got 0
11:07:26 INFO  
</system-out>
	</testcase>
</testsuite><testsuite name="monitoring_smaller_interval" tests="1" errors="0" failures="1" skipped="0" time="0"><testcase classname="MonitoringSmallInterval" name="monitoring_smaller_interval">
		<failure message="BLOCKED: TypeError: 'int' object is not subscriptable" type="BLOCKED" />
		<system-out>10:54:17 INFO  ==============================================================
10:54:17 INFO  Id:    monitoring_smaller_interval
10:54:17 INFO  Dir:   monitoring/
10:54:17 INFO  Title: Validate the tedge dm agent messages that are produced with smaller sampling interval than the batching window. Here the simulated collectd messages are used
10:54:17 INFO  ==============================================================
10:54:18 INFO  Executed sudo&lt;collectd&gt;, exit status 0
10:54:18 INFO  Executed sudo&lt;collectd_mapper&gt;, exit status 0
10:54:18 INFO  Started sudo&lt;tedge_sub&gt; with process id 28965
10:54:19 INFO  Executed sudo&lt;tedge_temp&gt;, exit status 0
10:54:19 INFO  Executed sudo&lt;tedge_pres&gt;, exit status 0
10:54:20 INFO  Executed sudo&lt;tedge_temp&gt;, exit status 0
10:54:21 INFO  Executed sudo&lt;tedge_pres&gt;, exit status 0
10:54:21 INFO  Executed sudo&lt;tedge_temp&gt;, exit status 0
10:54:22 INFO  Executed sudo&lt;tedge_pres&gt;, exit status 0
10:54:22 INFO  Executed sudo&lt;tedge_temp&gt;, exit status 0
10:54:23 INFO  Executed sudo&lt;tedge_pres&gt;, exit status 0
10:54:23 INFO  Executed sudo&lt;tedge_temp&gt;, exit status 0
10:54:24 INFO  Executed sudo&lt;tedge_pres&gt;, exit status 0
10:54:25 INFO  Executed sudo&lt;tedge_temp&gt;, exit status 0
10:54:25 INFO  Executed sudo&lt;tedge_pres&gt;, exit status 0
10:54:26 INFO  Executed sudo&lt;tedge_temp&gt;, exit status 0
10:54:26 INFO  Executed sudo&lt;tedge_pres&gt;, exit status 0
10:54:27 INFO  Executed sudo&lt;tedge_temp&gt;, exit status 0
10:54:27 INFO  Executed sudo&lt;tedge_pres&gt;, exit status 0
10:54:28 INFO  Executed sudo&lt;tedge_temp&gt;, exit status 0
10:54:29 INFO  Executed sudo&lt;tedge_pres&gt;, exit status 0
10:54:29 INFO  Executed sudo&lt;tedge_temp&gt;, exit status 0
10:54:30 INFO  Executed sudo&lt;tedge_pres&gt;, exit status 0
10:54:31 INFO  Executed sudo&lt;kill_out&gt;, exit status 0
10:54:31 INFO  0

10:54:31 WARN  TypeError occurred while running test - 'int' object is not subscriptable
Traceback (most recent call last):
  File "/home/pi/env-pysys/lib/python3.7/site-packages/pysys/baserunner.py", line 1296, in __call__
    self.testObj.validate()
  File "/home/pi/actions-runner/_work/thin-edge.io/thin-edge.io/tests/PySys/monitoring/monitoring_smaller_interval/run.py", line 104, in validate
    collectd_msg_validation_result=self.validate_json(),
  File "/home/pi/actions-runner/_work/thin-edge.io/thin-edge.io/tests/PySys/monitoring/monitoring_smaller_interval/run.py", line 114, in validate_json
    if not self.validate_time():
  File "/home/pi/actions-runner/_work/thin-edge.io/thin-edge.io/tests/PySys/monitoring/monitoring_smaller_interval/run.py", line 134, in validate_time
    if self.js_msg["time"]:
TypeError: 'int' object is not subscriptable
10:54:31 WARN  TypeError: 'int' object is not subscriptable ... blocked 
10:54:31 INFO  
10:54:31 INFO  cleanup:
10:54:31 INFO  monitoring_cleanup
10:54:32 INFO  Executed sudo&lt;collectd_mapper&gt;, exit status 0
10:54:32 INFO  
10:54:32 INFO  Test duration: 14.88 secs
10:54:32 INFO  Test final outcome:  BLOCKED
10:54:32 INFO  Test outcome reason: TypeError: 'int' object is not subscriptable
10:54:32 INFO  
</system-out>
	</testcase>
</testsuite><testsuite name="monitoring_with_collectd" tests="1" errors="0" failures="0" skipped="1" time="0"><testcase classname="MonitoringWithCollectd" name="monitoring_with_collectd">
		<skipped message="SKIPPED: Test execution disabled due to #792 (instable)" />
		<system-out>10:54:32 INFO  ==============================================================
10:54:32 INFO  Id:    monitoring_with_collectd
10:54:32 INFO  Dir:   monitoring/
10:54:32 INFO  Title: Validate tedge dm agent messages that are produced by batching the collectd messages
10:54:32 INFO  ==============================================================
10:54:32 INFO  Test execution disabled due to #792 (instable) ... skipped
10:54:32 INFO  
10:54:32 INFO  Test duration: 0.04 secs
10:54:32 INFO  Test final outcome:  SKIPPED
10:54:32 INFO  Test outcome reason: Test execution disabled due to #792 (instable)
10:54:32 INFO  
</system-out>
	</testcase>
</testsuite><testsuite name="monitoring_with_simulated_messages" tests="1" errors="0" failures="1" skipped="0" time="0"><testcase classname="MonitoringWithSimulatedMessages" name="monitoring_with_simulated_messages">
		<failure message="BLOCKED: TypeError: 'int' object is not subscriptable" type="BLOCKED" />
		<system-out>10:54:32 INFO  ==============================================================
10:54:32 INFO  Id:    monitoring_with_simulated_messages
10:54:32 INFO  Dir:   monitoring/
10:54:32 INFO  Title: Validate the tedge dm agent messages that are produced from the simulated collectd messages
10:54:32 INFO  ==============================================================
10:54:33 INFO  Executed sudo&lt;collectd&gt;, exit status 0
10:54:33 INFO  Executed sudo&lt;collectd_mapper&gt;, exit status 0
10:54:33 INFO  Started sudo&lt;tedge_sub&gt; with process id 29029
10:54:34 INFO  Executed sudo&lt;tedge_temp&gt;, exit status 0
10:54:34 INFO  Executed sudo&lt;tedge_pres&gt;, exit status 0
10:54:36 INFO  Executed sudo&lt;kill_out&gt;, exit status 0
10:54:36 INFO  0

10:54:36 WARN  TypeError occurred while running test - 'int' object is not subscriptable
Traceback (most recent call last):
  File "/home/pi/env-pysys/lib/python3.7/site-packages/pysys/baserunner.py", line 1296, in __call__
    self.testObj.validate()
  File "/home/pi/actions-runner/_work/thin-edge.io/thin-edge.io/tests/PySys/monitoring/monitoring_with_simulated_messages/run.py", line 98, in validate
    collectd_msg_validation_result=self.validate_json(),
  File "/home/pi/actions-runner/_work/thin-edge.io/thin-edge.io/tests/PySys/monitoring/monitoring_with_simulated_messages/run.py", line 108, in validate_json
    if not self.validate_time():
  File "/home/pi/actions-runner/_work/thin-edge.io/thin-edge.io/tests/PySys/monitoring/monitoring_with_simulated_messages/run.py", line 127, in validate_time
    if self.js_msg["time"]:
TypeError: 'int' object is not subscriptable
10:54:36 WARN  TypeError: 'int' object is not subscriptable ... blocked 
10:54:36 INFO  
10:54:36 INFO  cleanup:
10:54:36 INFO  monitoring_cleanup
10:54:37 INFO  Executed sudo&lt;collectd_mapper&gt;, exit status 0
10:54:37 INFO  
10:54:37 INFO  Test duration: 4.60 secs
10:54:37 INFO  Test final outcome:  BLOCKED
10:54:37 INFO  Test outcome reason: TypeError: 'int' object is not subscriptable
10:54:37 INFO  
</system-out>
	</testcase>
</testsuite><testsuite name="mqtt_port_change_connection_fails" tests="1" errors="0" failures="0" skipped="0" time="0"><testcase classname="MqttPortChangeConnectionFails" name="mqtt_port_change_connection_fails" />
</testsuite><testsuite name="mqtt_port_change_connection_works" tests="1" errors="0" failures="0" skipped="1" time="0"><testcase classname="MqttPortChangeConnectionWorks" name="mqtt_port_change_connection_works">
		<skipped message="SKIPPED: failing intermitently" />
		<system-out>10:53:50 INFO  ==============================================================
10:53:50 INFO  Id:    mqtt_port_change_connection_works
10:53:50 INFO  Dir:   misc_features/
10:53:50 INFO  Title: mqtt port change connection works for all the thin-edge services that use the mosquitto broker
10:53:50 INFO  ==============================================================
10:53:50 INFO  failing intermitently ... skipped
10:53:50 INFO  
10:53:50 INFO  Test duration: 0.04 secs
10:53:50 INFO  Test final outcome:  SKIPPED
10:53:50 INFO  Test outcome reason: failing intermitently
10:53:50 INFO  
</system-out>
	</testcase>
</testsuite><testsuite name="publish_flux" tests="1" errors="0" failures="0" skipped="0" time="0"><testcase classname="PublishFlux" name="publish_flux" />
</testsuite><testsuite name="publish_sawmill" tests="1" errors="0" failures="0" skipped="0" time="0"><testcase classname="PublishSawmill" name="publish_sawmill" />
</testsuite><testsuite name="runtime_start_two_mappers" tests="1" errors="0" failures="0" skipped="0" time="0"><testcase classname="RuntimeMultiMappers" name="runtime_start_two_mappers" />
</testsuite><testsuite name="sm_tedge_mapper_init_session" tests="1" errors="0" failures="0" skipped="0" time="0"><testcase classname="TedgeSMMapperInitSession" name="sm_tedge_mapper_init_session" />
</testsuite><testsuite name="smoketest_json" tests="1" errors="0" failures="0" skipped="0" time="0"><testcase classname="SmokeTestJson" name="smoketest_json" />
</testsuite><testsuite name="smoketest_json_400_samples_10ms" tests="1" errors="0" failures="0" skipped="0" time="0"><testcase classname="SmoketestJson400Samples10ms" name="smoketest_json_400_samples_10ms" />
</testsuite><testsuite name="smoketest_json_400_samples_20ms" tests="1" errors="0" failures="0" skipped="0" time="0"><testcase classname="SmoketestJson400Samples20ms" name="smoketest_json_400_samples_20ms" />
</testsuite><testsuite name="smoketest_smartrest" tests="1" errors="0" failures="0" skipped="0" time="0"><testcase classname="SmoketestSmartRest" name="smoketest_smartrest" />
</testsuite><testsuite name="smoketest_smartrest_400_samples_1Xms" tests="1" errors="0" failures="0" skipped="0" time="0"><testcase classname="SmoketestSmartRest400Samples1Xms" name="smoketest_smartrest_400_samples_1Xms" />
</testsuite><testsuite name="smoketest_smartrest_400_samples_20ms" tests="1" errors="0" failures="0" skipped="0" time="0"><testcase classname="SmoketestSmartRest400Samples20ms" name="smoketest_smartrest_400_samples_20ms" />
</testsuite><testsuite name="tedge_agent_user_sudo_access" tests="1" errors="0" failures="0" skipped="1" time="0"><testcase classname="TedgeAgentUserSudoAccess" name="tedge_agent_user_sudo_access">
		<skipped message="SKIPPED: #955 Observation: Exit code of the apt plugin when called with no arguments" />
		<system-out>11:04:40 INFO  ==============================================================
11:04:40 INFO  Id:    tedge_agent_user_sudo_access
11:04:40 INFO  Dir:   tedge/
11:04:40 INFO  Title: Validate tedge-agent user has a limited sudo right
11:04:40 INFO  ==============================================================
11:04:40 INFO  #955 Observation: Exit code of the apt plugin when called with no arguments ... skipped
11:04:40 INFO  
11:04:40 INFO  Test duration: 0.02 secs
11:04:40 INFO  Test final outcome:  SKIPPED
11:04:40 INFO  Test outcome reason: #955 Observation: Exit code of the apt plugin when called with no arguments
11:04:40 INFO  
</system-out>
	</testcase>
</testsuite><testsuite name="tedge_connect_test_negative" tests="1" errors="0" failures="0" skipped="0" time="0"><testcase classname="TedgeConnectTestNegative" name="tedge_connect_test_negative" />
</testsuite><testsuite name="tedge_connect_test_positive" tests="1" errors="0" failures="0" skipped="0" time="0"><testcase classname="TedgeConnectTestPositive" name="tedge_connect_test_positive" />
</testsuite><testsuite name="tedge_connect_test_sm_services" tests="1" errors="0" failures="0" skipped="0" time="0"><testcase classname="TedgeConnectTestSMServices" name="tedge_connect_test_sm_services" />
</testsuite><testsuite name="tedge_disconnect_test_sm_services" tests="1" errors="0" failures="0" skipped="0" time="0"><testcase classname="TedgeDisConnectTestSMServices" name="tedge_disconnect_test_sm_services" />
</testsuite><testsuite name="tedge_mapper_az_negative" tests="1" errors="0" failures="0" skipped="0" time="0"><testcase classname="TedgeMapperAzError" name="tedge_mapper_az_negative" />
</testsuite><testsuite name="tedge_mapper_az_with_timestamp" tests="1" errors="0" failures="0" skipped="0" time="0"><testcase classname="TedgeMapperAzWithTimestamp" name="tedge_mapper_az_with_timestamp" />
</testsuite><testsuite name="tedge_mapper_az_without_timestamp" tests="1" errors="0" failures="0" skipped="0" time="0"><testcase classname="TedgeMapperAzWithoutTimestamp" name="tedge_mapper_az_without_timestamp" />
</testsuite><testsuite name="tedge_mapper_c8y_alarms" tests="1" errors="0" failures="0" skipped="0" time="0"><testcase classname="TedgeMapperC8yAlarm" name="tedge_mapper_c8y_alarms" />
</testsuite><testsuite name="tedge_mapper_c8y_child_device_measurement" tests="1" errors="0" failures="0" skipped="0" time="0"><testcase classname="TedgeMapperC8yChildDevice" name="tedge_mapper_c8y_child_device_measurement" />
</testsuite><testsuite name="tedge_mapper_c8y_packet_threshold_size" tests="1" errors="0" failures="1" skipped="0" time="0"><testcase classname="TedgeMapperC8yThresholdPacketSize" name="tedge_mapper_c8y_packet_threshold_size">
		<failure message="FAILED: Grep on tedge_sub.out contains &quot;The size of the message received on tedge/measurements is 20489 which is greater than the threshold size of 16184.&quot;" type="FAILED" />
		<system-out>11:09:03 INFO  ==============================================================
11:09:03 INFO  Id:    tedge_mapper_c8y_packet_threshold_size
11:09:03 INFO  Dir:   tedge_mapper_c8y/
11:09:03 INFO  Title: Validate the Cumulocity Mapper accepted threshold packet size when it receives a message on tedge/measurements
11:09:03 INFO  ==============================================================
11:09:04 INFO  Executed sudo&lt;tedge_mapper_c8y&gt;, exit status 0
11:09:04 INFO  Started sudo&lt;tedge_sub&gt; with process id 1009
11:09:04 INFO  Executed sudo&lt;tedge_msg&gt;, exit status 0
11:09:05 INFO  Executed sudo&lt;tedge_pub&gt;, exit status 0
11:09:05 INFO  Executed sudo&lt;kill_out&gt;, exit status 0
11:09:06 WARN  Grep on tedge_sub.out contains "The size of the message received on tedge/measurements is 20489 which is greater than the threshold size of 16184." ... failed [run.py:88]
11:09:06 INFO  
11:09:06 INFO  cleanup:
11:09:06 INFO  mapper_cleanup
11:09:06 INFO  Executed sudo&lt;tedge_mapper_c8y&gt;, exit status 0
11:09:06 INFO  
11:09:06 INFO  Test duration: 2.97 secs
11:09:06 INFO  Test final outcome:  FAILED
11:09:06 INFO  Test outcome reason: Grep on tedge_sub.out contains "The size of the message received on tedge/measurements is 20489 which is greater than the threshold size of 16184."
11:09:06 INFO  
</system-out>
	</testcase>
</testsuite><testsuite name="tedge_software_update" tests="1" errors="0" failures="0" skipped="0" time="0"><testcase classname="PySysTest" name="tedge_software_update" />
</testsuite><testsuite name="valid_device_id" tests="1" errors="0" failures="0" skipped="0" time="0"><testcase classname="ValidateValidDeviceId" name="valid_device_id" />
</testsuite></testsuites>