<?xml version='1.0' encoding='utf-8'?>
<testsuites tests="139" failures="16" errors="0" skipped="45" time="0.0"><testsuite name="SoftwareManagement.Plugin.apama_plugin_install" tests="3" errors="0" failures="0" skipped="1" time="0"><testcase classname="ApamaPluginInstallTest" name="SoftwareManagement.Plugin.apama_plugin_install">
		<skipped message="SKIPPED: Apama plugin tests are disabled by default. Execute `pysys run` with `-XmyPlatform=container` to run these tests" />
		<system-out>07:17:10 INFO  ==============================================================
07:17:10 INFO  Id:    SoftwareManagement.Plugin.apama_plugin_install
07:17:10 INFO  Dir:   plugin_apama/
07:17:10 INFO  Title: Validate apama plugin install
07:17:10 INFO  ==============================================================
07:17:10 INFO  Apama plugin tests are disabled by default. Execute `pysys run` with `-XmyPlatform=container` to run these tests ... skipped
07:17:10 WARN  Aborted test due to SKIPPED outcome
07:17:10 INFO  
07:17:10 INFO  Test duration: 0.05 secs
07:17:10 INFO  Test final outcome:  SKIPPED
07:17:10 INFO  Test outcome reason: Apama plugin tests are disabled by default. Execute `pysys run` with `-XmyPlatform=container` to run these tests
07:17:10 INFO  
</system-out>
	</testcase>
<testcase classname="ApamaPluginInstallTest" name="SoftwareManagement.Plugin.apama_plugin_install" />
<testcase classname="ApamaPluginInstallTest" name="SoftwareManagement.Plugin.apama_plugin_install" />
</testsuite><testsuite name="SoftwareManagement.Plugin.apama_plugin_mon_support" tests="3" errors="0" failures="0" skipped="1" time="0"><testcase classname="ApamaPluginMonSupportTest" name="SoftwareManagement.Plugin.apama_plugin_mon_support">
		<skipped message="SKIPPED: Apama plugin tests are disabled by default. Execute `pysys run` with `-XmyPlatform=container` to run these tests" />
		<system-out>07:17:10 INFO  ==============================================================
07:17:10 INFO  Id:    SoftwareManagement.Plugin.apama_plugin_mon_support
07:17:10 INFO  Dir:   plugin_apama/
07:17:10 INFO  Title: Validate mon file support of apama plugin
07:17:10 INFO  ==============================================================
07:17:10 INFO  Apama plugin tests are disabled by default. Execute `pysys run` with `-XmyPlatform=container` to run these tests ... skipped
07:17:10 WARN  Aborted test due to SKIPPED outcome
07:17:10 INFO  
07:17:11 INFO  Test duration: 0.02 secs
07:17:11 INFO  Test final outcome:  SKIPPED
07:17:11 INFO  Test outcome reason: Apama plugin tests are disabled by default. Execute `pysys run` with `-XmyPlatform=container` to run these tests
07:17:11 INFO  
</system-out>
	</testcase>
<testcase classname="ApamaPluginMonSupportTest" name="SoftwareManagement.Plugin.apama_plugin_mon_support" />
<testcase classname="ApamaPluginMonSupportTest" name="SoftwareManagement.Plugin.apama_plugin_mon_support" />
</testsuite><testsuite name="SoftwareManagement.Plugin.apama_plugin_remove" tests="3" errors="0" failures="0" skipped="1" time="0"><testcase classname="ApamaPluginRemoveTest" name="SoftwareManagement.Plugin.apama_plugin_remove">
		<skipped message="SKIPPED: Apama plugin tests are disabled by default. Execute `pysys run` with `-XmyPlatform=container` to run these tests" />
		<system-out>07:17:11 INFO  ==============================================================
07:17:11 INFO  Id:    SoftwareManagement.Plugin.apama_plugin_remove
07:17:11 INFO  Dir:   plugin_apama/
07:17:11 INFO  Title: Validate apama plugin remove
07:17:11 INFO  ==============================================================
07:17:11 INFO  Apama plugin tests are disabled by default. Execute `pysys run` with `-XmyPlatform=container` to run these tests ... skipped
07:17:11 WARN  Aborted test due to SKIPPED outcome
07:17:11 INFO  
07:17:11 INFO  Test duration: 0.02 secs
07:17:11 INFO  Test final outcome:  SKIPPED
07:17:11 INFO  Test outcome reason: Apama plugin tests are disabled by default. Execute `pysys run` with `-XmyPlatform=container` to run these tests
07:17:11 INFO  
</system-out>
	</testcase>
<testcase classname="ApamaPluginRemoveTest" name="SoftwareManagement.Plugin.apama_plugin_remove" />
<testcase classname="ApamaPluginRemoveTest" name="SoftwareManagement.Plugin.apama_plugin_remove" />
</testsuite><testsuite name="SoftwareManagement.Plugin.apama_plugin_update" tests="3" errors="0" failures="2" skipped="1" time="0"><testcase classname="ApamaPluginUpdateTest" name="SoftwareManagement.Plugin.apama_plugin_update">
		<skipped message="SKIPPED: Apama plugin tests are disabled by default. Execute `pysys run` with `-XmyPlatform=container` to run these tests" />
		<system-out>07:17:11 INFO  ==============================================================
07:17:11 INFO  Id:    SoftwareManagement.Plugin.apama_plugin_update
07:17:11 INFO  Dir:   plugin_apama/
07:17:11 INFO  Title: Validate apama plugin updating one project with another
07:17:11 INFO  ==============================================================
07:17:11 INFO  Apama plugin tests are disabled by default. Execute `pysys run` with `-XmyPlatform=container` to run these tests ... skipped
07:17:11 WARN  Aborted test due to SKIPPED outcome
07:17:11 INFO  
07:17:11 INFO  Test duration: 0.02 secs
07:17:11 INFO  Test final outcome:  SKIPPED
07:17:11 INFO  Test outcome reason: Apama plugin tests are disabled by default. Execute `pysys run` with `-XmyPlatform=container` to run these tests
07:17:11 INFO  
</system-out>
	</testcase>
<testcase classname="ApamaPluginUpdateTest" name="SoftwareManagement.Plugin.apama_plugin_update">
		<failure message="BLOCKED: sudo&lt;plugin_install&gt; returned non-zero exit code 2" type="BLOCKED" />
		<system-out>08:08:23 INFO  ==============================================================
08:08:23 INFO  Id:    SoftwareManagement.Plugin.apama_plugin_update
08:08:23 INFO  Dir:   plugin_apama/
08:08:23 INFO  Title: Validate apama plugin updating one project with another
08:08:23 INFO  ==============================================================
08:08:23 INFO  Assertion that path exists=False for "/etc/tedge/apama/project" ... passed
08:08:24 INFO  Executed sudo&lt;create_project_dir&gt;, exit status 0
08:08:25 INFO  Executed sudo&lt;unzip_apama_project&gt;, exit status 0
08:08:25 INFO  Executed sudo&lt;move_apama_project&gt;, exit status 0
08:08:26 INFO  Executed sudo&lt;restart_apama_service&gt;, exit status 0
08:08:27 INFO  Executed sudo&lt;apama_correlator_wait&gt;, exit status 0
08:08:27 INFO  Assertion that path exists=True for "/etc/tedge/apama/project" ... passed
08:08:27 INFO  Executed sudo&lt;apama_list_monitors&gt;, exit status 0
08:08:27 INFO  Grep on file /home/pi/actions-runner/_work/thin-edge.io/thin-edge.io/tests/PySys/plugin_apama/apama_plugin_update/Output/linux/apama_list_monitors.out ... passed
08:08:28 WARN  Executed sudo&lt;plugin_install&gt;, exit status 2
08:08:28 INFO  Contents of plugin_install.err: 
  ERROR: Directory not empty (os error 39)
  -----

08:08:28 WARN  sudo&lt;plugin_install&gt; returned non-zero exit code 2 ... blocked [run.py:35]
08:08:28 WARN  Aborted test due to BLOCKED outcome
08:08:28 INFO  
08:08:28 INFO  cleanup:
08:08:28 INFO  Removing apama project
08:08:44 INFO  Executed sudo&lt;stop_apama_service&gt;, exit status 0, duration 15 secs
08:08:44 INFO  Executed sudo&lt;remove_apama_project&gt;, exit status 0
08:08:45 INFO  Executed sudo&lt;remove_apama_tmp_dir&gt;, exit status 0
08:08:45 INFO  
08:08:45 INFO  Test duration: 21.18 secs
08:08:45 INFO  Test final outcome:  BLOCKED
08:08:45 INFO  Test outcome reason: sudo&lt;plugin_install&gt; returned non-zero exit code 2
08:08:45 INFO  
</system-out>
	</testcase>
<testcase classname="ApamaPluginUpdateTest" name="SoftwareManagement.Plugin.apama_plugin_update">
		<failure message="BLOCKED: sudo&lt;plugin_install&gt; returned non-zero exit code 2" type="BLOCKED" />
		<system-out>08:16:59 INFO  ==============================================================
08:16:59 INFO  Id:    SoftwareManagement.Plugin.apama_plugin_update
08:16:59 INFO  Dir:   plugin_apama/
08:16:59 INFO  Title: Validate apama plugin updating one project with another
08:16:59 INFO  ==============================================================
08:16:59 INFO  Assertion that path exists=False for "/etc/tedge/apama/project" ... passed
08:17:00 INFO  Executed sudo&lt;create_project_dir&gt;, exit status 0
08:17:00 INFO  Executed sudo&lt;unzip_apama_project&gt;, exit status 0
08:17:01 INFO  Executed sudo&lt;move_apama_project&gt;, exit status 0
08:17:02 INFO  Executed sudo&lt;restart_apama_service&gt;, exit status 0
08:17:03 INFO  Executed sudo&lt;apama_correlator_wait&gt;, exit status 0
08:17:03 INFO  Assertion that path exists=True for "/etc/tedge/apama/project" ... passed
08:17:03 INFO  Executed sudo&lt;apama_list_monitors&gt;, exit status 0
08:17:03 INFO  Grep on file /home/pi/actions-runner/_work/thin-edge.io/thin-edge.io/tests/PySys/plugin_apama/apama_plugin_update/Output/linux/apama_list_monitors.out ... passed
08:17:04 WARN  Executed sudo&lt;plugin_install&gt;, exit status 2
08:17:04 INFO  Contents of plugin_install.err: 
  ERROR: Directory not empty (os error 39)
  -----

08:17:04 WARN  sudo&lt;plugin_install&gt; returned non-zero exit code 2 ... blocked [run.py:35]
08:17:04 WARN  Aborted test due to BLOCKED outcome
08:17:04 INFO  
08:17:04 INFO  cleanup:
08:17:04 INFO  Removing apama project
08:17:19 INFO  Executed sudo&lt;stop_apama_service&gt;, exit status 0, duration 15 secs
08:17:20 INFO  Executed sudo&lt;remove_apama_project&gt;, exit status 0
08:17:20 INFO  Executed sudo&lt;remove_apama_tmp_dir&gt;, exit status 0
08:17:20 INFO  
08:17:20 INFO  Test duration: 20.97 secs
08:17:20 INFO  Test final outcome:  BLOCKED
08:17:20 INFO  Test outcome reason: sudo&lt;plugin_install&gt; returned non-zero exit code 2
08:17:20 INFO  
</system-out>
	</testcase>
</testsuite><testsuite name="SoftwareManagement.sm_apt_install_download_path" tests="3" errors="0" failures="2" skipped="1" time="0"><testcase classname="AptInstallWithDownloadPath" name="SoftwareManagement.sm_apt_install_download_path">
		<skipped message="SKIPPED: Testing the apt plugin is not supported on this platform.Use parameter -XmyPlatform='container' to enable it" />
		<system-out>07:26:46 INFO  ==============================================================
07:26:46 INFO  Id:    SoftwareManagement.sm_apt_install_download_path
07:26:46 INFO  Dir:   software_management_end_to_end/
07:26:46 INFO  Title: Install package to directory specified in tedge config set tmp.path
07:26:46 INFO  ==============================================================
07:26:46 INFO  Testing the apt plugin is not supported on this platform.Use parameter -XmyPlatform='container' to enable it ... skipped
07:26:46 WARN  Aborted test due to SKIPPED outcome
07:26:46 INFO  
07:26:46 INFO  Test duration: 0.09 secs
07:26:46 INFO  Test final outcome:  SKIPPED
07:26:46 INFO  Test outcome reason: Testing the apt plugin is not supported on this platform.Use parameter -XmyPlatform='container' to enable it
07:26:46 INFO  
</system-out>
	</testcase>
<testcase classname="AptInstallWithDownloadPath" name="SoftwareManagement.sm_apt_install_download_path">
		<failure message="BLOCKED: AssertionError:" type="BLOCKED" />
		<system-out>07:50:24 INFO  ==============================================================
07:50:24 INFO  Id:    SoftwareManagement.sm_apt_install_download_path
07:50:24 INFO  Dir:   software_management_end_to_end/
07:50:24 INFO  Title: Install package to directory specified in tedge config set tmp.path
07:50:24 INFO  ==============================================================
07:50:24 INFO  Using sw id database: {'asciijump': '5475369', 'robotfindskitten': '5474869', 'squirrel3': '5475279', 'rolldice': '5152439', 'moon-buggy': '5439204', 'apple': '5495053', 'banana': '5494888', 'cherry': '5495382', 'watermelon': '5494510', 'registry': '8018911', 'hello-world': '8021526', 'docker/getting-started': '8021973', 'alpine': '7991792'}
07:50:24 INFO  EnvironmentC8y Setup
07:50:25 INFO  Executed systemctl&lt;serv_mapper1&gt;, exit status 3
07:50:39 INFO  Executed sudo&lt;tedge_connect_c8y&gt;, exit status 0, duration 14 secs
07:50:41 INFO  Executed sudo&lt;tedge_connect_c8y_test&gt;, exit status 0
07:50:42 INFO  Executed systemctl&lt;serv_mosq2&gt;, exit status 0
07:50:43 INFO  Executed systemctl&lt;serv_mapper3&gt;, exit status 0
07:50:45 ERROR No operations found, assuming it passed
07:50:45 INFO  Assert that (False == value) with value=False ... passed
07:50:46 INFO  Executed sudo, exit status 0
07:50:47 INFO  Executed sudo, exit status 0
07:50:47 INFO  Executed sudo, exit status 0
07:50:51 INFO  Executed sudo&lt;tedge_disconnect_c8y&gt;, exit status 0
07:50:51 INFO  Restarting mosquitto too frequently in the last 10 seconds. It was only up for 3 seconds
07:50:51 INFO  Delaying execution by 8 seconds
07:51:13 INFO  Executed sudo&lt;tedge_connect_c8y&gt;, exit status 0, duration 13 secs
07:51:13 INFO  Response status: 201
07:51:13 INFO  Response to action: {
    "delivery": {
        "log": [],
        "time": "2022-07-26T07:51:13.514Z",
        "status": "PENDING"
    },
    "creationTime": "2022-07-26T07:51:13.488Z",
    "deviceId": "21413442",
    "deviceName": "m32sd10d",
    "self": "https://t493319102.eu-latest.cumulocity.com/devicecontrol/operations/21434443",
    "id": "21434443",
    "status": "PENDING",
    "description": "Apply software changes, triggered from PySys: [{'name': 'rolldice', 'id': '5152439', 'version': '::apt', 'url': 'https://thin-edge-io.eu-latest.cumulocity.com/inventory/binaries/12435463', 'action': 'install'}]",
    "c8y_SoftwareUpdate": [
        {
            "name": "rolldice",
            "action": "install",
            "id": "5152439",
            "version": "::apt",
            "url": "https://thin-edge-io.eu-latest.cumulocity.com/inventory/binaries/12435463"
        }
    ]
}
07:51:13 INFO  Started operation: {'delivery': {'log': [], 'time': '2022-07-26T07:51:13.514Z', 'status': 'PENDING'}, 'creationTime': '2022-07-26T07:51:13.488Z', 'deviceId': '21413442', 'deviceName': 'm32sd10d', 'self': 'https://t493319102.eu-latest.cumulocity.com/devicecontrol/operations/21434443', 'id': '21434443', 'status': 'PENDING', 'description': "Apply software changes, triggered from PySys: [{'name': 'rolldice', 'id': '5152439', 'version': '::apt', 'url': 'https://thin-edge-io.eu-latest.cumulocity.com/inventory/binaries/12435463', 'action': 'install'}]", 'c8y_SoftwareUpdate': [{'name': 'rolldice', 'action': 'install', 'id': '5152439', 'version': '::apt', 'url': 'https://thin-edge-io.eu-latest.cumulocity.com/inventory/binaries/12435463'}]}
07:51:13 WARN  , retrying in 0.5 seconds...
07:51:14 WARN  , retrying in 0.5 seconds...
07:51:14 WARN  , retrying in 0.5 seconds...
07:51:15 WARN  , retrying in 0.5 seconds...
07:51:15 WARN  , retrying in 0.5 seconds...
07:51:16 WARN  , retrying in 0.5 seconds...
07:51:16 WARN  , retrying in 0.5 seconds...
07:51:17 WARN  , retrying in 0.5 seconds...
07:51:17 WARN  , retrying in 0.5 seconds...
07:51:18 WARN  AssertionError occurred while running test - 
Traceback (most recent call last):
  File "/home/pi/env-pysys/lib/python3.7/site-packages/pysys/baserunner.py", line 1294, in __call__
    self.testObj.execute()
  File "/home/pi/actions-runner/_work/thin-edge.io/thin-edge.io/tests/PySys/software_management_end_to_end/sm_apt_install_download_path/run.py", line 83, in execute
    assert_install_in_download_path(install_directory=self.DOWNLOAD_DIR)
  File "/home/pi/env-pysys/lib/python3.7/site-packages/decorator.py", line 232, in fun
    return caller(func, *(extras + args), **kw)
  File "/home/pi/env-pysys/lib/python3.7/site-packages/retry/api.py", line 74, in retry_decorator
    logger)
  File "/home/pi/env-pysys/lib/python3.7/site-packages/retry/api.py", line 33, in __retry_internal
    return f()
  File "/home/pi/actions-runner/_work/thin-edge.io/thin-edge.io/tests/PySys/software_management_end_to_end/sm_apt_install_download_path/run.py", line 28, in assert_install_in_download_path
    assert "rolldice" in os.listdir(f"{install_directory}")
AssertionError
07:51:18 WARN  AssertionError: ... blocked 
07:51:18 INFO  
07:51:18 INFO  cleanup:
07:51:19 INFO  Executed sudo, exit status 0
07:51:19 INFO  Executed sudo, exit status 0
07:51:23 INFO  Executed sudo&lt;tedge_disconnect_c8y&gt;, exit status 0
07:51:24 INFO  Restarting mosquitto too frequently in the last 10 seconds. It was only up for 3 seconds
07:51:24 INFO  Delaying execution by 8 seconds
07:51:46 INFO  Executed sudo&lt;tedge_connect_c8y&gt;, exit status 0, duration 13 secs
07:51:50 INFO  Executed sudo&lt;tedge_disconnect_c8y&gt;, exit status 0
07:51:50 INFO  Executed systemctl&lt;serv_mapper5&gt;, exit status 3
07:51:50 INFO  
07:51:50 INFO  Test duration: 86.12 secs
07:51:50 INFO  Test final outcome:  BLOCKED
07:51:50 INFO  Test outcome reason: AssertionError:
07:51:50 INFO  
</system-out>
	</testcase>
<testcase classname="AptInstallWithDownloadPath" name="SoftwareManagement.sm_apt_install_download_path">
		<failure message="BLOCKED: AssertionError:" type="BLOCKED" />
		<system-out>08:17:20 INFO  ==============================================================
08:17:20 INFO  Id:    SoftwareManagement.sm_apt_install_download_path
08:17:20 INFO  Dir:   software_management_end_to_end/
08:17:20 INFO  Title: Install package to directory specified in tedge config set tmp.path
08:17:20 INFO  ==============================================================
08:17:22 INFO  Using sw id database: {'asciijump': '5475369', 'robotfindskitten': '5474869', 'squirrel3': '5475279', 'rolldice': '5152439', 'moon-buggy': '5439204', 'apple': '5495053', 'banana': '5494888', 'cherry': '5495382', 'watermelon': '5494510', 'registry': '8018911', 'hello-world': '8021526', 'docker/getting-started': '8021973', 'alpine': '7991792'}
08:17:22 INFO  EnvironmentC8y Setup
08:17:22 INFO  Executed systemctl&lt;serv_mapper1&gt;, exit status 3
08:17:37 INFO  Executed sudo&lt;tedge_connect_c8y&gt;, exit status 0, duration 14 secs
08:17:37 INFO  Executed sudo&lt;tedge_connect_c8y_test&gt;, exit status 0
08:17:38 INFO  Executed systemctl&lt;serv_mosq2&gt;, exit status 0
08:17:38 INFO  Executed systemctl&lt;serv_mapper3&gt;, exit status 0
08:17:40 INFO  State of current operation: SUCCESSFUL
08:17:41 INFO  Assert that (False == value) with value=False ... passed
08:17:41 INFO  Executed sudo, exit status 0
08:17:42 INFO  Executed sudo, exit status 0
08:17:42 INFO  Executed sudo, exit status 0
08:17:46 INFO  Executed sudo&lt;tedge_disconnect_c8y&gt;, exit status 0
08:17:46 INFO  Restarting mosquitto too frequently in the last 10 seconds. It was only up for 3 seconds
08:17:46 INFO  Delaying execution by 8 seconds
08:18:08 INFO  Executed sudo&lt;tedge_connect_c8y&gt;, exit status 0, duration 13 secs
08:18:08 INFO  Response status: 201
08:18:08 INFO  Response to action: {
    "creationTime": "2022-07-26T08:18:08.727Z",
    "deviceId": "21413442",
    "deviceName": "m32sd10d",
    "self": "https://t493319102.eu-latest.cumulocity.com/devicecontrol/operations/21434589",
    "id": "21434589",
    "status": "PENDING",
    "description": "Apply software changes, triggered from PySys: [{'name': 'rolldice', 'id': '5152439', 'version': '::apt', 'url': 'https://thin-edge-io.eu-latest.cumulocity.com/inventory/binaries/12435463', 'action': 'install'}]",
    "c8y_SoftwareUpdate": [
        {
            "name": "rolldice",
            "action": "install",
            "id": "5152439",
            "version": "::apt",
            "url": "https://thin-edge-io.eu-latest.cumulocity.com/inventory/binaries/12435463"
        }
    ]
}
08:18:08 INFO  Started operation: {'creationTime': '2022-07-26T08:18:08.727Z', 'deviceId': '21413442', 'deviceName': 'm32sd10d', 'self': 'https://t493319102.eu-latest.cumulocity.com/devicecontrol/operations/21434589', 'id': '21434589', 'status': 'PENDING', 'description': "Apply software changes, triggered from PySys: [{'name': 'rolldice', 'id': '5152439', 'version': '::apt', 'url': 'https://thin-edge-io.eu-latest.cumulocity.com/inventory/binaries/12435463', 'action': 'install'}]", 'c8y_SoftwareUpdate': [{'name': 'rolldice', 'action': 'install', 'id': '5152439', 'version': '::apt', 'url': 'https://thin-edge-io.eu-latest.cumulocity.com/inventory/binaries/12435463'}]}
08:18:08 WARN  , retrying in 0.5 seconds...
08:18:09 WARN  , retrying in 0.5 seconds...
08:18:09 WARN  , retrying in 0.5 seconds...
08:18:10 WARN  , retrying in 0.5 seconds...
08:18:10 WARN  , retrying in 0.5 seconds...
08:18:11 WARN  , retrying in 0.5 seconds...
08:18:11 WARN  , retrying in 0.5 seconds...
08:18:12 WARN  , retrying in 0.5 seconds...
08:18:12 WARN  , retrying in 0.5 seconds...
08:18:13 WARN  AssertionError occurred while running test - 
Traceback (most recent call last):
  File "/home/pi/env-pysys/lib/python3.7/site-packages/pysys/baserunner.py", line 1294, in __call__
    self.testObj.execute()
  File "/home/pi/actions-runner/_work/thin-edge.io/thin-edge.io/tests/PySys/software_management_end_to_end/sm_apt_install_download_path/run.py", line 83, in execute
    assert_install_in_download_path(install_directory=self.DOWNLOAD_DIR)
  File "/home/pi/env-pysys/lib/python3.7/site-packages/decorator.py", line 232, in fun
    return caller(func, *(extras + args), **kw)
  File "/home/pi/env-pysys/lib/python3.7/site-packages/retry/api.py", line 74, in retry_decorator
    logger)
  File "/home/pi/env-pysys/lib/python3.7/site-packages/retry/api.py", line 33, in __retry_internal
    return f()
  File "/home/pi/actions-runner/_work/thin-edge.io/thin-edge.io/tests/PySys/software_management_end_to_end/sm_apt_install_download_path/run.py", line 28, in assert_install_in_download_path
    assert "rolldice" in os.listdir(f"{install_directory}")
AssertionError
08:18:13 WARN  AssertionError: ... blocked 
08:18:13 INFO  
08:18:13 INFO  cleanup:
08:18:14 INFO  Executed sudo, exit status 0
08:18:14 INFO  Executed sudo, exit status 0
08:18:18 INFO  Executed sudo&lt;tedge_disconnect_c8y&gt;, exit status 0
08:18:19 INFO  Restarting mosquitto too frequently in the last 10 seconds. It was only up for 4 seconds
08:18:19 INFO  Delaying execution by 7 seconds
08:18:40 INFO  Executed sudo&lt;tedge_connect_c8y&gt;, exit status 0, duration 14 secs
08:18:44 INFO  Executed sudo&lt;tedge_disconnect_c8y&gt;, exit status 0
08:18:45 INFO  Executed systemctl&lt;serv_mapper5&gt;, exit status 3
08:18:45 INFO  
08:18:45 INFO  Test duration: 84.44 secs
08:18:45 INFO  Test final outcome:  BLOCKED
08:18:45 INFO  Test outcome reason: AssertionError:
08:18:45 INFO  
</system-out>
	</testcase>
</testsuite><testsuite name="SoftwareManagement.sm_apt_install_fail" tests="3" errors="0" failures="0" skipped="1" time="0"><testcase classname="PySysTest" name="SoftwareManagement.sm_apt_install_fail">
		<skipped message="SKIPPED: Testing the apt plugin is not supported on this platform.Use parameter -XmyPlatform='container' to enable it" />
		<system-out>07:26:46 INFO  ==============================================================
07:26:46 INFO  Id:    SoftwareManagement.sm_apt_install_fail
07:26:46 INFO  Dir:   software_management_end_to_end/
07:26:46 INFO  Title: Validate end to end behaviour for a failing installation
07:26:46 INFO  ==============================================================
07:26:46 INFO  Testing the apt plugin is not supported on this platform.Use parameter -XmyPlatform='container' to enable it ... skipped
07:26:46 WARN  Aborted test due to SKIPPED outcome
07:26:46 INFO  
07:26:46 INFO  Test duration: 0.02 secs
07:26:46 INFO  Test final outcome:  SKIPPED
07:26:46 INFO  Test outcome reason: Testing the apt plugin is not supported on this platform.Use parameter -XmyPlatform='container' to enable it
07:26:46 INFO  
</system-out>
	</testcase>
<testcase classname="PySysTest" name="SoftwareManagement.sm_apt_install_fail" />
<testcase classname="PySysTest" name="SoftwareManagement.sm_apt_install_fail" />
</testsuite><testsuite name="SoftwareManagement.sm_apt_install_remove" tests="3" errors="0" failures="0" skipped="1" time="0"><testcase classname="PySysTest" name="SoftwareManagement.sm_apt_install_remove">
		<skipped message="SKIPPED: Testing the apt plugin is not supported on this platform.Use parameter -XmyPlatform='container' to enable it" />
		<system-out>07:26:46 INFO  ==============================================================
07:26:46 INFO  Id:    SoftwareManagement.sm_apt_install_remove
07:26:46 INFO  Dir:   software_management_end_to_end/
07:26:46 INFO  Title: Validate end to end behaviour for the apt plugin for installation and removal of packages
07:26:46 INFO  ==============================================================
07:26:46 INFO  Testing the apt plugin is not supported on this platform.Use parameter -XmyPlatform='container' to enable it ... skipped
07:26:46 WARN  Aborted test due to SKIPPED outcome
07:26:46 INFO  
07:26:46 INFO  Test duration: 0.02 secs
07:26:46 INFO  Test final outcome:  SKIPPED
07:26:46 INFO  Test outcome reason: Testing the apt plugin is not supported on this platform.Use parameter -XmyPlatform='container' to enable it
07:26:46 INFO  
</system-out>
	</testcase>
<testcase classname="PySysTest" name="SoftwareManagement.sm_apt_install_remove" />
<testcase classname="PySysTest" name="SoftwareManagement.sm_apt_install_remove" />
</testsuite><testsuite name="SoftwareManagement.sm_apt_install_remove_default" tests="3" errors="0" failures="0" skipped="1" time="0"><testcase classname="PySysTest" name="SoftwareManagement.sm_apt_install_remove_default">
		<skipped message="SKIPPED: Testing the apt plugin is not supported on this platform.Use parameter -XmyPlatform='container' to enable it" />
		<system-out>07:26:46 INFO  ==============================================================
07:26:46 INFO  Id:    SoftwareManagement.sm_apt_install_remove_default
07:26:46 INFO  Dir:   software_management_end_to_end/
07:26:46 INFO  Title: Validate end to end behaviour for the default plugin for installation and removal of packages
07:26:46 INFO  ==============================================================
07:26:46 INFO  Testing the apt plugin is not supported on this platform.Use parameter -XmyPlatform='container' to enable it ... skipped
07:26:46 WARN  Aborted test due to SKIPPED outcome
07:26:46 INFO  
07:26:46 INFO  Test duration: 0.02 secs
07:26:46 INFO  Test final outcome:  SKIPPED
07:26:46 INFO  Test outcome reason: Testing the apt plugin is not supported on this platform.Use parameter -XmyPlatform='container' to enable it
07:26:46 INFO  
</system-out>
	</testcase>
<testcase classname="PySysTest" name="SoftwareManagement.sm_apt_install_remove_default" />
<testcase classname="PySysTest" name="SoftwareManagement.sm_apt_install_remove_default" />
</testsuite><testsuite name="SoftwareManagement.sm_apt_install_remove_multiple" tests="3" errors="0" failures="2" skipped="1" time="0"><testcase classname="PySysTest" name="SoftwareManagement.sm_apt_install_remove_multiple">
		<skipped message="SKIPPED: Testing the apt plugin is not supported on this platform.Use parameter -XmyPlatform='container' to enable it" />
		<system-out>07:26:46 INFO  ==============================================================
07:26:46 INFO  Id:    SoftwareManagement.sm_apt_install_remove_multiple
07:26:46 INFO  Dir:   software_management_end_to_end/
07:26:46 INFO  Title: Validate end to end behaviour for the apt plugin for multiple packages
07:26:46 INFO  ==============================================================
07:26:46 INFO  Testing the apt plugin is not supported on this platform.Use parameter -XmyPlatform='container' to enable it ... skipped
07:26:46 WARN  Aborted test due to SKIPPED outcome
07:26:46 INFO  
07:26:46 INFO  Test duration: 0.02 secs
07:26:46 INFO  Test final outcome:  SKIPPED
07:26:46 INFO  Test outcome reason: Testing the apt plugin is not supported on this platform.Use parameter -XmyPlatform='container' to enable it
07:26:46 INFO  
</system-out>
	</testcase>
<testcase classname="PySysTest" name="SoftwareManagement.sm_apt_install_remove_multiple">
		<failure message="FAILED: Assert that (False == value) with value=True" type="FAILED" />
		<system-out>07:58:38 INFO  ==============================================================
07:58:38 INFO  Id:    SoftwareManagement.sm_apt_install_remove_multiple
07:58:38 INFO  Dir:   software_management_end_to_end/
07:58:38 INFO  Title: Validate end to end behaviour for the apt plugin for multiple packages
07:58:38 INFO  ==============================================================
07:58:38 INFO  Using sw id database: {'asciijump': '5475369', 'robotfindskitten': '5474869', 'squirrel3': '5475279', 'rolldice': '5152439', 'moon-buggy': '5439204', 'apple': '5495053', 'banana': '5494888', 'cherry': '5495382', 'watermelon': '5494510', 'registry': '8018911', 'hello-world': '8021526', 'docker/getting-started': '8021973', 'alpine': '7991792'}
07:58:38 INFO  EnvironmentC8y Setup
07:58:39 INFO  Executed systemctl&lt;serv_mapper1&gt;, exit status 3
07:58:39 INFO  Restarting mosquitto too frequently in the last 10 seconds. It was only up for 5 seconds
07:58:39 INFO  Delaying execution by 6 seconds
07:58:59 INFO  Executed sudo&lt;tedge_connect_c8y&gt;, exit status 0, duration 13 secs
07:58:59 INFO  Executed sudo&lt;tedge_connect_c8y_test&gt;, exit status 0
07:59:00 INFO  Executed systemctl&lt;serv_mosq2&gt;, exit status 0
07:59:00 INFO  Executed systemctl&lt;serv_mapper3&gt;, exit status 0
07:59:02 INFO  State of current operation: SUCCESSFUL
07:59:03 INFO  Assert that (False == value) with value=False ... passed
07:59:03 INFO  Assert that (False == value) with value=False ... passed
07:59:03 INFO  Assert that (False == value) with value=False ... passed
07:59:03 INFO  Package robotfindskitten is installed
07:59:03 WARN  Assert that (False == value) with value=True ... failed 
07:59:04 INFO  Response status: 201
07:59:04 INFO  Response to action: {
    "creationTime": "2022-07-26T07:59:04.055Z",
    "deviceId": "21413442",
    "deviceName": "m32sd10d",
    "self": "https://t493319102.eu-latest.cumulocity.com/devicecontrol/operations/21434500",
    "id": "21434500",
    "status": "PENDING",
    "description": "Apply software changes, triggered from PySys: [{'action': 'install', 'id': '5475369', 'name': 'asciijump', 'url': ' ', 'version': '::apt'}, {'action': 'install', 'id': '5474869', 'name': 'robotfindskitten', 'url': ' ', 'version': '::apt'}, {'action': 'install', 'id': '5475279', 'name': 'squirrel3', 'url': ' ', 'version': '::apt'}]",
    "c8y_SoftwareUpdate": [
        {
            "name": "asciijump",
            "action": "install",
            "id": "5475369",
            "version": "::apt",
            "url": " "
        },
        {
            "name": "robotfindskitten",
            "action": "install",
            "id": "5474869",
            "version": "::apt",
            "url": " "
        },
        {
            "name": "squirrel3",
            "action": "install",
            "id": "5475279",
            "version": "::apt",
            "url": " "
        }
    ]
}
07:59:04 INFO  Started operation: {'creationTime': '2022-07-26T07:59:04.055Z', 'deviceId': '21413442', 'deviceName': 'm32sd10d', 'self': 'https://t493319102.eu-latest.cumulocity.com/devicecontrol/operations/21434500', 'id': '21434500', 'status': 'PENDING', 'description': "Apply software changes, triggered from PySys: [{'action': 'install', 'id': '5475369', 'name': 'asciijump', 'url': ' ', 'version': '::apt'}, {'action': 'install', 'id': '5474869', 'name': 'robotfindskitten', 'url': ' ', 'version': '::apt'}, {'action': 'install', 'id': '5475279', 'name': 'squirrel3', 'url': ' ', 'version': '::apt'}]", 'c8y_SoftwareUpdate': [{'name': 'asciijump', 'action': 'install', 'id': '5475369', 'version': '::apt', 'url': ' '}, {'name': 'robotfindskitten', 'action': 'install', 'id': '5474869', 'version': '::apt', 'url': ' '}, {'name': 'squirrel3', 'action': 'install', 'id': '5475279', 'version': '::apt', 'url': ' '}]}
07:59:06 INFO  State of operation 21434500 : PENDING
07:59:08 INFO  State of operation 21434500 : EXECUTING
07:59:10 INFO  State of operation 21434500 : EXECUTING
07:59:12 INFO  State of operation 21434500 : EXECUTING
07:59:15 INFO  State of operation 21434500 : EXECUTING
07:59:17 INFO  State of operation 21434500 : EXECUTING
07:59:20 INFO  State of operation 21434500 : EXECUTING
07:59:22 INFO  State of operation 21434500 : EXECUTING
07:59:25 INFO  State of operation 21434500 : EXECUTING
07:59:27 INFO  State of operation 21434500 : EXECUTING
07:59:29 INFO  State of operation 21434500 : EXECUTING
07:59:32 INFO  State of operation 21434500 : EXECUTING
07:59:34 INFO  State of operation 21434500 : EXECUTING
07:59:36 INFO  State of operation 21434500 : EXECUTING
07:59:38 INFO  State of operation 21434500 : EXECUTING
07:59:41 INFO  State of operation 21434500 : EXECUTING
07:59:43 INFO  State of operation 21434500 : EXECUTING
07:59:46 INFO  State of operation 21434500 : EXECUTING
07:59:48 INFO  State of operation 21434500 : EXECUTING
07:59:50 INFO  State of operation 21434500 : EXECUTING
07:59:52 INFO  State of operation 21434500 : EXECUTING
07:59:55 INFO  State of operation 21434500 : EXECUTING
07:59:57 INFO  State of operation 21434500 : EXECUTING
08:00:01 INFO  State of operation 21434500 : EXECUTING
08:00:03 INFO  State of operation 21434500 : EXECUTING
08:00:05 INFO  State of operation 21434500 : EXECUTING
08:00:08 INFO  State of operation 21434500 : EXECUTING
08:00:11 INFO  State of operation 21434500 : EXECUTING
08:00:13 INFO  State of operation 21434500 : EXECUTING
08:00:15 INFO  State of operation 21434500 : EXECUTING
08:00:18 INFO  State of operation 21434500 : EXECUTING
08:00:20 INFO  State of operation 21434500 : EXECUTING
08:00:22 INFO  State of operation 21434500 : EXECUTING
08:00:24 INFO  State of operation 21434500 : SUCCESSFUL
08:00:24 INFO  Assert that (False == value) with value=False ... passed
08:00:25 INFO  Package asciijump is installed
08:00:25 INFO  Assert that (True == value) with value=True ... passed
08:00:25 INFO  Package squirrel3 is installed
08:00:25 INFO  Assert that (True == value) with value=True ... passed
08:00:25 INFO  Package robotfindskitten is installed
08:00:25 INFO  Assert that (True == value) with value=True ... passed
08:00:25 INFO  Response status: 201
08:00:25 INFO  Response to action: {
    "creationTime": "2022-07-26T08:00:25.820Z",
    "deviceId": "21413442",
    "deviceName": "m32sd10d",
    "self": "https://t493319102.eu-latest.cumulocity.com/devicecontrol/operations/21434506",
    "id": "21434506",
    "status": "PENDING",
    "description": "Apply software changes, triggered from PySys: [{'action': 'delete', 'id': '5475369', 'name': 'asciijump', 'url': ' ', 'version': '::apt'}, {'action': 'delete', 'id': '5474869', 'name': 'robotfindskitten', 'url': ' ', 'version': '::apt'}, {'action': 'delete', 'id': '5475279', 'name': 'squirrel3', 'url': ' ', 'version': '::apt'}]",
    "c8y_SoftwareUpdate": [
        {
            "name": "asciijump",
            "action": "delete",
            "id": "5475369",
            "version": "::apt",
            "url": " "
        },
        {
            "name": "robotfindskitten",
            "action": "delete",
            "id": "5474869",
            "version": "::apt",
            "url": " "
        },
        {
            "name": "squirrel3",
            "action": "delete",
            "id": "5475279",
            "version": "::apt",
            "url": " "
        }
    ]
}
08:00:25 INFO  Started operation: {'creationTime': '2022-07-26T08:00:25.820Z', 'deviceId': '21413442', 'deviceName': 'm32sd10d', 'self': 'https://t493319102.eu-latest.cumulocity.com/devicecontrol/operations/21434506', 'id': '21434506', 'status': 'PENDING', 'description': "Apply software changes, triggered from PySys: [{'action': 'delete', 'id': '5475369', 'name': 'asciijump', 'url': ' ', 'version': '::apt'}, {'action': 'delete', 'id': '5474869', 'name': 'robotfindskitten', 'url': ' ', 'version': '::apt'}, {'action': 'delete', 'id': '5475279', 'name': 'squirrel3', 'url': ' ', 'version': '::apt'}]", 'c8y_SoftwareUpdate': [{'name': 'asciijump', 'action': 'delete', 'id': '5475369', 'version': '::apt', 'url': ' '}, {'name': 'robotfindskitten', 'action': 'delete', 'id': '5474869', 'version': '::apt', 'url': ' '}, {'name': 'squirrel3', 'action': 'delete', 'id': '5475279', 'version': '::apt', 'url': ' '}]}
08:00:28 INFO  State of operation 21434506 : PENDING
08:00:30 INFO  State of operation 21434506 : EXECUTING
08:00:32 INFO  State of operation 21434506 : EXECUTING
08:00:34 INFO  State of operation 21434506 : EXECUTING
08:00:37 INFO  State of operation 21434506 : EXECUTING
08:00:39 INFO  State of operation 21434506 : EXECUTING
08:00:41 INFO  State of operation 21434506 : EXECUTING
08:00:44 INFO  State of operation 21434506 : EXECUTING
08:00:47 INFO  State of operation 21434506 : EXECUTING
08:00:49 INFO  State of operation 21434506 : EXECUTING
08:00:51 INFO  State of operation 21434506 : EXECUTING
08:00:54 INFO  State of operation 21434506 : EXECUTING
08:00:56 INFO  State of operation 21434506 : EXECUTING
08:00:58 INFO  State of operation 21434506 : EXECUTING
08:01:00 INFO  State of operation 21434506 : EXECUTING
08:01:03 INFO  State of operation 21434506 : EXECUTING
08:01:05 INFO  State of operation 21434506 : EXECUTING
08:01:08 INFO  State of operation 21434506 : EXECUTING
08:01:10 INFO  State of operation 21434506 : EXECUTING
08:01:12 INFO  State of operation 21434506 : EXECUTING
08:01:15 INFO  State of operation 21434506 : EXECUTING
08:01:17 INFO  State of operation 21434506 : EXECUTING
08:01:19 INFO  State of operation 21434506 : EXECUTING
08:01:21 INFO  State of operation 21434506 : EXECUTING
08:01:24 INFO  State of operation 21434506 : EXECUTING
08:01:27 INFO  State of operation 21434506 : EXECUTING
08:01:29 INFO  State of operation 21434506 : EXECUTING
08:01:31 INFO  State of operation 21434506 : SUCCESSFUL
08:01:31 INFO  Assert that (False == value) with value=False ... passed
08:01:32 INFO  Assert that (False == value) with value=False ... passed
08:01:32 INFO  Assert that (False == value) with value=False ... passed
08:01:32 INFO  Assert that (False == value) with value=False ... passed
08:01:32 INFO  
08:01:32 INFO  cleanup:
08:01:36 INFO  Executed sudo&lt;tedge_disconnect_c8y&gt;, exit status 0
08:01:37 INFO  Executed systemctl&lt;serv_mapper5&gt;, exit status 3
08:01:37 INFO  
08:01:37 INFO  Test duration: 178.89 secs
08:01:37 INFO  Test final outcome:  FAILED
08:01:37 INFO  Test outcome reason: Assert that (False == value) with value=True
08:01:37 INFO  
</system-out>
	</testcase>
<testcase classname="PySysTest" name="SoftwareManagement.sm_apt_install_remove_multiple">
		<failure message="FAILED: Assert that (False == value) with value=True (+2 other failures)" type="FAILED" />
		<system-out>08:25:23 INFO  ==============================================================
08:25:23 INFO  Id:    SoftwareManagement.sm_apt_install_remove_multiple
08:25:23 INFO  Dir:   software_management_end_to_end/
08:25:23 INFO  Title: Validate end to end behaviour for the apt plugin for multiple packages
08:25:23 INFO  ==============================================================
08:25:23 INFO  Using sw id database: {'asciijump': '5475369', 'robotfindskitten': '5474869', 'squirrel3': '5475279', 'rolldice': '5152439', 'moon-buggy': '5439204', 'apple': '5495053', 'banana': '5494888', 'cherry': '5495382', 'watermelon': '5494510', 'registry': '8018911', 'hello-world': '8021526', 'docker/getting-started': '8021973', 'alpine': '7991792'}
08:25:23 INFO  EnvironmentC8y Setup
08:25:23 INFO  Executed systemctl&lt;serv_mapper1&gt;, exit status 3
08:25:23 INFO  Restarting mosquitto too frequently in the last 10 seconds. It was only up for 4 seconds
08:25:23 INFO  Delaying execution by 7 seconds
08:25:45 INFO  Executed sudo&lt;tedge_connect_c8y&gt;, exit status 0, duration 14 secs
08:25:45 INFO  Executed sudo&lt;tedge_connect_c8y_test&gt;, exit status 0
08:25:46 INFO  Executed systemctl&lt;serv_mosq2&gt;, exit status 0
08:25:46 INFO  Executed systemctl&lt;serv_mapper3&gt;, exit status 0
08:25:49 INFO  State of current operation: SUCCESSFUL
08:25:49 INFO  Assert that (False == value) with value=False ... passed
08:25:49 INFO  Package asciijump is installed
08:25:49 WARN  Assert that (False == value) with value=True ... failed 
08:25:50 INFO  Package squirrel3 is installed
08:25:50 WARN  Assert that (False == value) with value=True ... failed 
08:25:50 INFO  Package robotfindskitten is installed
08:25:50 WARN  Assert that (False == value) with value=True ... failed 
08:25:50 INFO  Response status: 201
08:25:50 INFO  Response to action: {
    "delivery": {
        "log": [],
        "time": "2022-07-26T08:25:50.560Z",
        "status": "PENDING"
    },
    "creationTime": "2022-07-26T08:25:50.543Z",
    "deviceId": "21413442",
    "deviceName": "m32sd10d",
    "self": "https://t493319102.eu-latest.cumulocity.com/devicecontrol/operations/21434656",
    "id": "21434656",
    "status": "PENDING",
    "description": "Apply software changes, triggered from PySys: [{'action': 'install', 'id': '5475369', 'name': 'asciijump', 'url': ' ', 'version': '::apt'}, {'action': 'install', 'id': '5474869', 'name': 'robotfindskitten', 'url': ' ', 'version': '::apt'}, {'action': 'install', 'id': '5475279', 'name': 'squirrel3', 'url': ' ', 'version': '::apt'}]",
    "c8y_SoftwareUpdate": [
        {
            "name": "asciijump",
            "action": "install",
            "id": "5475369",
            "version": "::apt",
            "url": " "
        },
        {
            "name": "robotfindskitten",
            "action": "install",
            "id": "5474869",
            "version": "::apt",
            "url": " "
        },
        {
            "name": "squirrel3",
            "action": "install",
            "id": "5475279",
            "version": "::apt",
            "url": " "
        }
    ]
}
08:25:50 INFO  Started operation: {'delivery': {'log': [], 'time': '2022-07-26T08:25:50.560Z', 'status': 'PENDING'}, 'creationTime': '2022-07-26T08:25:50.543Z', 'deviceId': '21413442', 'deviceName': 'm32sd10d', 'self': 'https://t493319102.eu-latest.cumulocity.com/devicecontrol/operations/21434656', 'id': '21434656', 'status': 'PENDING', 'description': "Apply software changes, triggered from PySys: [{'action': 'install', 'id': '5475369', 'name': 'asciijump', 'url': ' ', 'version': '::apt'}, {'action': 'install', 'id': '5474869', 'name': 'robotfindskitten', 'url': ' ', 'version': '::apt'}, {'action': 'install', 'id': '5475279', 'name': 'squirrel3', 'url': ' ', 'version': '::apt'}]", 'c8y_SoftwareUpdate': [{'name': 'asciijump', 'action': 'install', 'id': '5475369', 'version': '::apt', 'url': ' '}, {'name': 'robotfindskitten', 'action': 'install', 'id': '5474869', 'version': '::apt', 'url': ' '}, {'name': 'squirrel3', 'action': 'install', 'id': '5475279', 'version': '::apt', 'url': ' '}]}
08:25:52 INFO  State of operation 21434656 : PENDING
08:25:55 INFO  State of operation 21434656 : EXECUTING
08:25:57 INFO  State of operation 21434656 : EXECUTING
08:25:59 INFO  State of operation 21434656 : EXECUTING
08:26:01 INFO  State of operation 21434656 : EXECUTING
08:26:04 INFO  State of operation 21434656 : EXECUTING
08:26:06 INFO  State of operation 21434656 : EXECUTING
08:26:09 INFO  State of operation 21434656 : EXECUTING
08:26:11 INFO  State of operation 21434656 : EXECUTING
08:26:14 INFO  State of operation 21434656 : EXECUTING
08:26:16 INFO  State of operation 21434656 : EXECUTING
08:26:18 INFO  State of operation 21434656 : EXECUTING
08:26:21 INFO  State of operation 21434656 : EXECUTING
08:26:23 INFO  State of operation 21434656 : EXECUTING
08:26:25 INFO  State of operation 21434656 : EXECUTING
08:26:27 INFO  State of operation 21434656 : SUCCESSFUL
08:26:27 INFO  Assert that (False == value) with value=False ... passed
08:26:28 INFO  Package asciijump is installed
08:26:28 INFO  Assert that (True == value) with value=True ... passed
08:26:28 INFO  Package squirrel3 is installed
08:26:28 INFO  Assert that (True == value) with value=True ... passed
08:26:28 INFO  Package robotfindskitten is installed
08:26:28 INFO  Assert that (True == value) with value=True ... passed
08:26:28 INFO  Response status: 201
08:26:28 INFO  Response to action: {
    "delivery": {
        "log": [],
        "time": "2022-07-26T08:26:28.900Z",
        "status": "PENDING"
    },
    "creationTime": "2022-07-26T08:26:28.884Z",
    "deviceId": "21413442",
    "deviceName": "m32sd10d",
    "self": "https://t493319102.eu-latest.cumulocity.com/devicecontrol/operations/21434666",
    "id": "21434666",
    "status": "PENDING",
    "description": "Apply software changes, triggered from PySys: [{'action': 'delete', 'id': '5475369', 'name': 'asciijump', 'url': ' ', 'version': '::apt'}, {'action': 'delete', 'id': '5474869', 'name': 'robotfindskitten', 'url': ' ', 'version': '::apt'}, {'action': 'delete', 'id': '5475279', 'name': 'squirrel3', 'url': ' ', 'version': '::apt'}]",
    "c8y_SoftwareUpdate": [
        {
            "name": "asciijump",
            "action": "delete",
            "id": "5475369",
            "version": "::apt",
            "url": " "
        },
        {
            "name": "robotfindskitten",
            "action": "delete",
            "id": "5474869",
            "version": "::apt",
            "url": " "
        },
        {
            "name": "squirrel3",
            "action": "delete",
            "id": "5475279",
            "version": "::apt",
            "url": " "
        }
    ]
}
08:26:28 INFO  Started operation: {'delivery': {'log': [], 'time': '2022-07-26T08:26:28.900Z', 'status': 'PENDING'}, 'creationTime': '2022-07-26T08:26:28.884Z', 'deviceId': '21413442', 'deviceName': 'm32sd10d', 'self': 'https://t493319102.eu-latest.cumulocity.com/devicecontrol/operations/21434666', 'id': '21434666', 'status': 'PENDING', 'description': "Apply software changes, triggered from PySys: [{'action': 'delete', 'id': '5475369', 'name': 'asciijump', 'url': ' ', 'version': '::apt'}, {'action': 'delete', 'id': '5474869', 'name': 'robotfindskitten', 'url': ' ', 'version': '::apt'}, {'action': 'delete', 'id': '5475279', 'name': 'squirrel3', 'url': ' ', 'version': '::apt'}]", 'c8y_SoftwareUpdate': [{'name': 'asciijump', 'action': 'delete', 'id': '5475369', 'version': '::apt', 'url': ' '}, {'name': 'robotfindskitten', 'action': 'delete', 'id': '5474869', 'version': '::apt', 'url': ' '}, {'name': 'squirrel3', 'action': 'delete', 'id': '5475279', 'version': '::apt', 'url': ' '}]}
08:26:31 INFO  State of operation 21434666 : PENDING
08:26:33 INFO  State of operation 21434666 : EXECUTING
08:26:35 INFO  State of operation 21434666 : EXECUTING
08:26:38 INFO  State of operation 21434666 : EXECUTING
08:26:40 INFO  State of operation 21434666 : EXECUTING
08:26:42 INFO  State of operation 21434666 : EXECUTING
08:26:45 INFO  State of operation 21434666 : EXECUTING
08:26:48 INFO  State of operation 21434666 : EXECUTING
08:26:50 INFO  State of operation 21434666 : EXECUTING
08:26:53 INFO  State of operation 21434666 : EXECUTING
08:26:55 INFO  State of operation 21434666 : EXECUTING
08:26:57 INFO  State of operation 21434666 : EXECUTING
08:26:59 INFO  State of operation 21434666 : EXECUTING
08:27:02 INFO  State of operation 21434666 : EXECUTING
08:27:04 INFO  State of operation 21434666 : EXECUTING
08:27:06 INFO  State of operation 21434666 : EXECUTING
08:27:08 INFO  State of operation 21434666 : EXECUTING
08:27:11 INFO  State of operation 21434666 : EXECUTING
08:27:14 INFO  State of operation 21434666 : EXECUTING
08:27:16 INFO  State of operation 21434666 : EXECUTING
08:27:18 INFO  State of operation 21434666 : EXECUTING
08:27:20 INFO  State of operation 21434666 : EXECUTING
08:27:23 INFO  State of operation 21434666 : EXECUTING
08:27:25 INFO  State of operation 21434666 : EXECUTING
08:27:28 INFO  State of operation 21434666 : EXECUTING
08:27:30 INFO  State of operation 21434666 : EXECUTING
08:27:33 INFO  State of operation 21434666 : EXECUTING
08:27:35 INFO  State of operation 21434666 : EXECUTING
08:27:37 INFO  State of operation 21434666 : SUCCESSFUL
08:27:37 INFO  Assert that (False == value) with value=False ... passed
08:27:38 INFO  Assert that (False == value) with value=False ... passed
08:27:38 INFO  Assert that (False == value) with value=False ... passed
08:27:38 INFO  Assert that (False == value) with value=False ... passed
08:27:38 INFO  
08:27:38 INFO  cleanup:
08:27:42 INFO  Executed sudo&lt;tedge_disconnect_c8y&gt;, exit status 0
08:27:43 INFO  Executed systemctl&lt;serv_mapper5&gt;, exit status 3
08:27:43 INFO  
08:27:43 INFO  Test duration: 140.25 secs
08:27:43 INFO  Test final outcome:  FAILED
08:27:43 INFO  Test outcome reason: Assert that (False == value) with value=True (+2 other failures)
08:27:43 INFO  
</system-out>
	</testcase>
</testsuite><testsuite name="SoftwareManagement.sm_apt_install_remove_multiple_mixed" tests="3" errors="0" failures="2" skipped="1" time="0"><testcase classname="PySysTest" name="SoftwareManagement.sm_apt_install_remove_multiple_mixed">
		<skipped message="SKIPPED: Testing the apt plugin is not supported on this platform.Use parameter -XmyPlatform='container' to enable it" />
		<system-out>07:26:46 INFO  ==============================================================
07:26:46 INFO  Id:    SoftwareManagement.sm_apt_install_remove_multiple_mixed
07:26:46 INFO  Dir:   software_management_end_to_end/
07:26:46 INFO  Title: Validate end to end behaviour for the apt plugin for multiple packages with mixed versions
07:26:46 INFO  ==============================================================
07:26:46 INFO  Testing the apt plugin is not supported on this platform.Use parameter -XmyPlatform='container' to enable it ... skipped
07:26:46 WARN  Aborted test due to SKIPPED outcome
07:26:46 INFO  
07:26:46 INFO  Test duration: 0.02 secs
07:26:46 INFO  Test final outcome:  SKIPPED
07:26:46 INFO  Test outcome reason: Testing the apt plugin is not supported on this platform.Use parameter -XmyPlatform='container' to enable it
07:26:46 INFO  
</system-out>
	</testcase>
<testcase classname="PySysTest" name="SoftwareManagement.sm_apt_install_remove_multiple_mixed">
		<failure message="BLOCKED: SystemError: Timeout while waiting for status SUCCESSFUL or False" type="BLOCKED" />
		<system-out>08:01:37 INFO  ==============================================================
08:01:37 INFO  Id:    SoftwareManagement.sm_apt_install_remove_multiple_mixed
08:01:37 INFO  Dir:   software_management_end_to_end/
08:01:37 INFO  Title: Validate end to end behaviour for the apt plugin for multiple packages with mixed versions
08:01:37 INFO  ==============================================================
08:01:37 INFO  Using sw id database: {'asciijump': '5475369', 'robotfindskitten': '5474869', 'squirrel3': '5475279', 'rolldice': '5152439', 'moon-buggy': '5439204', 'apple': '5495053', 'banana': '5494888', 'cherry': '5495382', 'watermelon': '5494510', 'registry': '8018911', 'hello-world': '8021526', 'docker/getting-started': '8021973', 'alpine': '7991792'}
08:01:37 INFO  EnvironmentC8y Setup
08:01:38 INFO  Executed systemctl&lt;serv_mapper1&gt;, exit status 3
08:01:38 INFO  Restarting mosquitto too frequently in the last 10 seconds. It was only up for 5 seconds
08:01:38 INFO  Delaying execution by 6 seconds
08:01:57 INFO  Executed sudo&lt;tedge_connect_c8y&gt;, exit status 0, duration 13 secs
08:01:58 INFO  Executed sudo&lt;tedge_connect_c8y_test&gt;, exit status 0
08:01:59 INFO  Executed systemctl&lt;serv_mosq2&gt;, exit status 0
08:01:59 INFO  Executed systemctl&lt;serv_mapper3&gt;, exit status 0
08:02:01 INFO  State of current operation: SUCCESSFUL
08:02:01 INFO  Assert that (False == value) with value=False ... passed
08:02:02 INFO  Assert that (False == value) with value=False ... passed
08:02:02 INFO  Assert that (False == value) with value=False ... passed
08:02:02 INFO  Assert that (False == value) with value=False ... passed
08:02:02 INFO  Assert that (False == value) with value=False ... passed
08:02:04 INFO  Response status: 201
08:02:04 INFO  Response to action: {
    "delivery": {
        "log": [],
        "time": "2022-07-26T08:02:03.999Z",
        "status": "PENDING"
    },
    "creationTime": "2022-07-26T08:02:03.984Z",
    "deviceId": "21413442",
    "deviceName": "m32sd10d",
    "self": "https://t493319102.eu-latest.cumulocity.com/devicecontrol/operations/21434516",
    "id": "21434516",
    "status": "PENDING",
    "description": "Apply software changes, triggered from PySys: [{'action': 'install', 'id': '5475369', 'name': 'asciijump', 'url': ' ', 'version': '::apt'}, {'action': 'install', 'id': '5474869', 'name': 'robotfindskitten', 'url': ' ', 'version': ' '}, {'action': 'install', 'id': '5475279', 'name': 'squirrel3', 'url': ' ', 'version': '3.1-7::apt'}, {'action': 'install', 'id': '5152439', 'name': 'rolldice', 'url': ' ', 'version': '1.16-1+b1'}, {'action': 'install', 'id': '5439204', 'name': 'moon-buggy', 'url': ' ', 'version': '1:1.0.51-12'}, {'action': 'install', 'id': '5475369', 'name': 'asciijump', 'url': ' ', 'version': '::apt'}]",
    "c8y_SoftwareUpdate": [
        {
            "name": "asciijump",
            "action": "install",
            "id": "5475369",
            "version": "::apt",
            "url": " "
        },
        {
            "name": "robotfindskitten",
            "action": "install",
            "id": "5474869",
            "version": " ",
            "url": " "
        },
        {
            "name": "squirrel3",
            "action": "install",
            "id": "5475279",
            "version": "3.1-7::apt",
            "url": " "
        },
        {
            "name": "rolldice",
            "action": "install",
            "id": "5152439",
            "version": "1.16-1+b1",
            "url": " "
        },
        {
            "name": "moon-buggy",
            "action": "install",
            "id": "5439204",
            "version": "1:1.0.51-12",
            "url": " "
        },
        {
            "name": "asciijump",
            "action": "install",
            "id": "5475369",
            "version": "::apt",
            "url": " "
        }
    ]
}
08:02:04 INFO  Started operation: {'delivery': {'log': [], 'time': '2022-07-26T08:02:03.999Z', 'status': 'PENDING'}, 'creationTime': '2022-07-26T08:02:03.984Z', 'deviceId': '21413442', 'deviceName': 'm32sd10d', 'self': 'https://t493319102.eu-latest.cumulocity.com/devicecontrol/operations/21434516', 'id': '21434516', 'status': 'PENDING', 'description': "Apply software changes, triggered from PySys: [{'action': 'install', 'id': '5475369', 'name': 'asciijump', 'url': ' ', 'version': '::apt'}, {'action': 'install', 'id': '5474869', 'name': 'robotfindskitten', 'url': ' ', 'version': ' '}, {'action': 'install', 'id': '5475279', 'name': 'squirrel3', 'url': ' ', 'version': '3.1-7::apt'}, {'action': 'install', 'id': '5152439', 'name': 'rolldice', 'url': ' ', 'version': '1.16-1+b1'}, {'action': 'install', 'id': '5439204', 'name': 'moon-buggy', 'url': ' ', 'version': '1:1.0.51-12'}, {'action': 'install', 'id': '5475369', 'name': 'asciijump', 'url': ' ', 'version': '::apt'}]", 'c8y_SoftwareUpdate': [{'name': 'asciijump', 'action': 'install', 'id': '5475369', 'version': '::apt', 'url': ' '}, {'name': 'robotfindskitten', 'action': 'install', 'id': '5474869', 'version': ' ', 'url': ' '}, {'name': 'squirrel3', 'action': 'install', 'id': '5475279', 'version': '3.1-7::apt', 'url': ' '}, {'name': 'rolldice', 'action': 'install', 'id': '5152439', 'version': '1.16-1+b1', 'url': ' '}, {'name': 'moon-buggy', 'action': 'install', 'id': '5439204', 'version': '1:1.0.51-12', 'url': ' '}, {'name': 'asciijump', 'action': 'install', 'id': '5475369', 'version': '::apt', 'url': ' '}]}
08:02:06 INFO  State of operation 21434516 : PENDING
08:02:08 INFO  State of operation 21434516 : EXECUTING
08:02:10 INFO  State of operation 21434516 : EXECUTING
08:02:12 INFO  State of operation 21434516 : EXECUTING
08:02:15 INFO  State of operation 21434516 : EXECUTING
08:02:17 INFO  State of operation 21434516 : EXECUTING
08:02:20 INFO  State of operation 21434516 : EXECUTING
08:02:22 INFO  State of operation 21434516 : EXECUTING
08:02:25 INFO  State of operation 21434516 : EXECUTING
08:02:28 INFO  State of operation 21434516 : EXECUTING
08:02:30 INFO  State of operation 21434516 : EXECUTING
08:02:33 INFO  State of operation 21434516 : EXECUTING
08:02:35 INFO  State of operation 21434516 : EXECUTING
08:02:37 INFO  State of operation 21434516 : EXECUTING
08:02:39 INFO  State of operation 21434516 : EXECUTING
08:02:41 INFO  State of operation 21434516 : EXECUTING
08:02:44 INFO  State of operation 21434516 : EXECUTING
08:02:47 INFO  State of operation 21434516 : EXECUTING
08:02:49 INFO  State of operation 21434516 : EXECUTING
08:02:51 INFO  State of operation 21434516 : EXECUTING
08:02:53 INFO  State of operation 21434516 : EXECUTING
08:02:56 INFO  State of operation 21434516 : EXECUTING
08:02:58 INFO  State of operation 21434516 : EXECUTING
08:03:01 INFO  State of operation 21434516 : EXECUTING
08:03:03 INFO  State of operation 21434516 : EXECUTING
08:03:06 INFO  State of operation 21434516 : EXECUTING
08:03:09 INFO  State of operation 21434516 : EXECUTING
08:03:11 INFO  State of operation 21434516 : EXECUTING
08:03:13 INFO  State of operation 21434516 : EXECUTING
08:03:15 INFO  State of operation 21434516 : EXECUTING
08:03:18 INFO  State of operation 21434516 : EXECUTING
08:03:20 INFO  State of operation 21434516 : EXECUTING
08:03:22 INFO  State of operation 21434516 : EXECUTING
08:03:24 INFO  State of operation 21434516 : EXECUTING
08:03:26 INFO  State of operation 21434516 : EXECUTING
08:03:29 INFO  State of operation 21434516 : EXECUTING
08:03:31 INFO  State of operation 21434516 : EXECUTING
08:03:34 INFO  State of operation 21434516 : EXECUTING
08:03:37 INFO  State of operation 21434516 : EXECUTING
08:03:39 INFO  State of operation 21434516 : EXECUTING
08:03:41 INFO  State of operation 21434516 : EXECUTING
08:03:44 INFO  State of operation 21434516 : EXECUTING
08:03:46 INFO  State of operation 21434516 : EXECUTING
08:03:48 INFO  State of operation 21434516 : EXECUTING
08:03:50 INFO  State of operation 21434516 : EXECUTING
08:03:53 INFO  State of operation 21434516 : EXECUTING
08:03:55 INFO  State of operation 21434516 : EXECUTING
08:03:57 INFO  State of operation 21434516 : EXECUTING
08:04:00 INFO  State of operation 21434516 : EXECUTING
08:04:02 INFO  State of operation 21434516 : EXECUTING
08:04:04 INFO  State of operation 21434516 : EXECUTING
08:04:06 INFO  State of operation 21434516 : EXECUTING
08:04:09 INFO  State of operation 21434516 : EXECUTING
08:04:11 INFO  State of operation 21434516 : EXECUTING
08:04:14 INFO  State of operation 21434516 : EXECUTING
08:04:16 INFO  State of operation 21434516 : EXECUTING
08:04:19 INFO  State of operation 21434516 : EXECUTING
08:04:21 INFO  State of operation 21434516 : EXECUTING
08:04:23 INFO  State of operation 21434516 : EXECUTING
08:04:25 INFO  State of operation 21434516 : EXECUTING
08:04:28 INFO  State of operation 21434516 : EXECUTING
08:04:30 WARN  SystemError occurred while running test - Timeout while waiting for status SUCCESSFUL or False
Traceback (most recent call last):
  File "/home/pi/env-pysys/lib/python3.7/site-packages/pysys/baserunner.py", line 1294, in __call__
    self.testObj.execute()
  File "/home/pi/actions-runner/_work/thin-edge.io/thin-edge.io/tests/PySys/software_management_end_to_end/sm_apt_install_remove_multiple_mixed/run.py", line 89, in execute
    self.wait_until_succcess()
  File "/home/pi/actions-runner/_work/thin-edge.io/thin-edge.io/tests/PySys/software_management_end_to_end/environment_sm_management.py", line 324, in wait_until_succcess
    self.wait_until_status("SUCCESSFUL")
  File "/home/pi/actions-runner/_work/thin-edge.io/thin-edge.io/tests/PySys/software_management_end_to_end/environment_sm_management.py", line 381, in wait_until_status
    "Timeout while waiting for status %s or %s" % (status, status2)
SystemError: Timeout while waiting for status SUCCESSFUL or False
08:04:30 WARN  SystemError: Timeout while waiting for status SUCCESSFUL or False ... blocked 
08:04:30 INFO  
08:04:30 INFO  cleanup:
08:04:34 INFO  Executed sudo&lt;tedge_disconnect_c8y&gt;, exit status 0
08:04:35 INFO  Executed systemctl&lt;serv_mapper5&gt;, exit status 3
08:04:35 INFO  
08:04:35 INFO  Test duration: 177.79 secs
08:04:35 INFO  Test final outcome:  BLOCKED
08:04:35 INFO  Test outcome reason: SystemError: Timeout while waiting for status SUCCESSFUL or False
08:04:35 INFO  
</system-out>
	</testcase>
<testcase classname="PySysTest" name="SoftwareManagement.sm_apt_install_remove_multiple_mixed">
		<failure message="BLOCKED: SystemError: Timeout while waiting for status SUCCESSFUL or False (+1 other failures)" type="BLOCKED" />
		<system-out>08:27:43 INFO  ==============================================================
08:27:43 INFO  Id:    SoftwareManagement.sm_apt_install_remove_multiple_mixed
08:27:43 INFO  Dir:   software_management_end_to_end/
08:27:43 INFO  Title: Validate end to end behaviour for the apt plugin for multiple packages with mixed versions
08:27:43 INFO  ==============================================================
08:27:43 INFO  Using sw id database: {'asciijump': '5475369', 'robotfindskitten': '5474869', 'squirrel3': '5475279', 'rolldice': '5152439', 'moon-buggy': '5439204', 'apple': '5495053', 'banana': '5494888', 'cherry': '5495382', 'watermelon': '5494510', 'registry': '8018911', 'hello-world': '8021526', 'docker/getting-started': '8021973', 'alpine': '7991792'}
08:27:43 INFO  EnvironmentC8y Setup
08:27:44 INFO  Executed systemctl&lt;serv_mapper1&gt;, exit status 3
08:27:44 INFO  Restarting mosquitto too frequently in the last 10 seconds. It was only up for 5 seconds
08:27:44 INFO  Delaying execution by 6 seconds
08:28:04 INFO  Executed sudo&lt;tedge_connect_c8y&gt;, exit status 0, duration 13 secs
08:28:04 INFO  Executed sudo&lt;tedge_connect_c8y_test&gt;, exit status 0
08:28:05 INFO  Executed systemctl&lt;serv_mosq2&gt;, exit status 0
08:28:05 INFO  Executed systemctl&lt;serv_mapper3&gt;, exit status 0
08:28:07 INFO  State of current operation: SUCCESSFUL
08:28:08 INFO  Assert that (False == value) with value=False ... passed
08:28:08 INFO  Assert that (False == value) with value=False ... passed
08:28:08 INFO  Assert that (False == value) with value=False ... passed
08:28:08 INFO  Assert that (False == value) with value=False ... passed
08:28:09 INFO  Package moon-buggy is installed
08:28:09 WARN  Assert that (False == value) with value=True ... failed 
08:28:10 INFO  Response status: 201
08:28:10 INFO  Response to action: {
    "creationTime": "2022-07-26T08:28:10.479Z",
    "deviceId": "21413442",
    "deviceName": "m32sd10d",
    "self": "https://t493319102.eu-latest.cumulocity.com/devicecontrol/operations/21434689",
    "id": "21434689",
    "status": "PENDING",
    "description": "Apply software changes, triggered from PySys: [{'action': 'install', 'id': '5475369', 'name': 'asciijump', 'url': ' ', 'version': '::apt'}, {'action': 'install', 'id': '5474869', 'name': 'robotfindskitten', 'url': ' ', 'version': ' '}, {'action': 'install', 'id': '5475279', 'name': 'squirrel3', 'url': ' ', 'version': '3.1-7::apt'}, {'action': 'install', 'id': '5152439', 'name': 'rolldice', 'url': ' ', 'version': '1.16-1+b1'}, {'action': 'install', 'id': '5439204', 'name': 'moon-buggy', 'url': ' ', 'version': '1:1.0.51-12'}, {'action': 'install', 'id': '5475369', 'name': 'asciijump', 'url': ' ', 'version': '::apt'}]",
    "c8y_SoftwareUpdate": [
        {
            "name": "asciijump",
            "action": "install",
            "id": "5475369",
            "version": "::apt",
            "url": " "
        },
        {
            "name": "robotfindskitten",
            "action": "install",
            "id": "5474869",
            "version": " ",
            "url": " "
        },
        {
            "name": "squirrel3",
            "action": "install",
            "id": "5475279",
            "version": "3.1-7::apt",
            "url": " "
        },
        {
            "name": "rolldice",
            "action": "install",
            "id": "5152439",
            "version": "1.16-1+b1",
            "url": " "
        },
        {
            "name": "moon-buggy",
            "action": "install",
            "id": "5439204",
            "version": "1:1.0.51-12",
            "url": " "
        },
        {
            "name": "asciijump",
            "action": "install",
            "id": "5475369",
            "version": "::apt",
            "url": " "
        }
    ]
}
08:28:10 INFO  Started operation: {'creationTime': '2022-07-26T08:28:10.479Z', 'deviceId': '21413442', 'deviceName': 'm32sd10d', 'self': 'https://t493319102.eu-latest.cumulocity.com/devicecontrol/operations/21434689', 'id': '21434689', 'status': 'PENDING', 'description': "Apply software changes, triggered from PySys: [{'action': 'install', 'id': '5475369', 'name': 'asciijump', 'url': ' ', 'version': '::apt'}, {'action': 'install', 'id': '5474869', 'name': 'robotfindskitten', 'url': ' ', 'version': ' '}, {'action': 'install', 'id': '5475279', 'name': 'squirrel3', 'url': ' ', 'version': '3.1-7::apt'}, {'action': 'install', 'id': '5152439', 'name': 'rolldice', 'url': ' ', 'version': '1.16-1+b1'}, {'action': 'install', 'id': '5439204', 'name': 'moon-buggy', 'url': ' ', 'version': '1:1.0.51-12'}, {'action': 'install', 'id': '5475369', 'name': 'asciijump', 'url': ' ', 'version': '::apt'}]", 'c8y_SoftwareUpdate': [{'name': 'asciijump', 'action': 'install', 'id': '5475369', 'version': '::apt', 'url': ' '}, {'name': 'robotfindskitten', 'action': 'install', 'id': '5474869', 'version': ' ', 'url': ' '}, {'name': 'squirrel3', 'action': 'install', 'id': '5475279', 'version': '3.1-7::apt', 'url': ' '}, {'name': 'rolldice', 'action': 'install', 'id': '5152439', 'version': '1.16-1+b1', 'url': ' '}, {'name': 'moon-buggy', 'action': 'install', 'id': '5439204', 'version': '1:1.0.51-12', 'url': ' '}, {'name': 'asciijump', 'action': 'install', 'id': '5475369', 'version': '::apt', 'url': ' '}]}
08:28:12 INFO  State of operation 21434689 : PENDING
08:28:15 INFO  State of operation 21434689 : EXECUTING
08:28:17 INFO  State of operation 21434689 : EXECUTING
08:28:19 INFO  State of operation 21434689 : EXECUTING
08:28:21 INFO  State of operation 21434689 : EXECUTING
08:28:23 INFO  State of operation 21434689 : EXECUTING
08:28:26 INFO  State of operation 21434689 : EXECUTING
08:28:29 INFO  State of operation 21434689 : EXECUTING
08:28:32 INFO  State of operation 21434689 : EXECUTING
08:28:34 INFO  State of operation 21434689 : EXECUTING
08:28:36 INFO  State of operation 21434689 : EXECUTING
08:28:39 INFO  State of operation 21434689 : EXECUTING
08:28:41 INFO  State of operation 21434689 : EXECUTING
08:28:43 INFO  State of operation 21434689 : EXECUTING
08:28:45 INFO  State of operation 21434689 : EXECUTING
08:28:48 INFO  State of operation 21434689 : EXECUTING
08:28:50 INFO  State of operation 21434689 : EXECUTING
08:28:53 INFO  State of operation 21434689 : EXECUTING
08:28:55 INFO  State of operation 21434689 : EXECUTING
08:28:57 INFO  State of operation 21434689 : EXECUTING
08:29:00 INFO  State of operation 21434689 : EXECUTING
08:29:02 INFO  State of operation 21434689 : EXECUTING
08:29:05 INFO  State of operation 21434689 : EXECUTING
08:29:07 INFO  State of operation 21434689 : EXECUTING
08:29:10 INFO  State of operation 21434689 : EXECUTING
08:29:13 INFO  State of operation 21434689 : EXECUTING
08:29:15 INFO  State of operation 21434689 : EXECUTING
08:29:18 INFO  State of operation 21434689 : EXECUTING
08:29:20 INFO  State of operation 21434689 : EXECUTING
08:29:22 INFO  State of operation 21434689 : EXECUTING
08:29:25 INFO  State of operation 21434689 : EXECUTING
08:29:27 INFO  State of operation 21434689 : EXECUTING
08:29:29 INFO  State of operation 21434689 : EXECUTING
08:29:31 INFO  State of operation 21434689 : EXECUTING
08:29:34 INFO  State of operation 21434689 : EXECUTING
08:29:36 INFO  State of operation 21434689 : EXECUTING
08:29:38 INFO  State of operation 21434689 : EXECUTING
08:29:41 INFO  State of operation 21434689 : EXECUTING
08:29:43 INFO  State of operation 21434689 : EXECUTING
08:29:46 INFO  State of operation 21434689 : EXECUTING
08:29:48 INFO  State of operation 21434689 : EXECUTING
08:29:51 INFO  State of operation 21434689 : EXECUTING
08:29:53 INFO  State of operation 21434689 : EXECUTING
08:29:55 INFO  State of operation 21434689 : EXECUTING
08:29:57 INFO  State of operation 21434689 : EXECUTING
08:29:59 INFO  State of operation 21434689 : EXECUTING
08:30:02 INFO  State of operation 21434689 : EXECUTING
08:30:05 INFO  State of operation 21434689 : EXECUTING
08:30:07 INFO  State of operation 21434689 : EXECUTING
08:30:09 INFO  State of operation 21434689 : EXECUTING
08:30:11 INFO  State of operation 21434689 : EXECUTING
08:30:14 INFO  State of operation 21434689 : EXECUTING
08:30:16 INFO  State of operation 21434689 : EXECUTING
08:30:19 INFO  State of operation 21434689 : EXECUTING
08:30:21 INFO  State of operation 21434689 : EXECUTING
08:30:24 INFO  State of operation 21434689 : EXECUTING
08:30:27 INFO  State of operation 21434689 : EXECUTING
08:30:29 INFO  State of operation 21434689 : EXECUTING
08:30:32 INFO  State of operation 21434689 : EXECUTING
08:30:34 INFO  State of operation 21434689 : EXECUTING
08:30:36 INFO  State of operation 21434689 : EXECUTING
08:30:38 WARN  SystemError occurred while running test - Timeout while waiting for status SUCCESSFUL or False
Traceback (most recent call last):
  File "/home/pi/env-pysys/lib/python3.7/site-packages/pysys/baserunner.py", line 1294, in __call__
    self.testObj.execute()
  File "/home/pi/actions-runner/_work/thin-edge.io/thin-edge.io/tests/PySys/software_management_end_to_end/sm_apt_install_remove_multiple_mixed/run.py", line 89, in execute
    self.wait_until_succcess()
  File "/home/pi/actions-runner/_work/thin-edge.io/thin-edge.io/tests/PySys/software_management_end_to_end/environment_sm_management.py", line 324, in wait_until_succcess
    self.wait_until_status("SUCCESSFUL")
  File "/home/pi/actions-runner/_work/thin-edge.io/thin-edge.io/tests/PySys/software_management_end_to_end/environment_sm_management.py", line 381, in wait_until_status
    "Timeout while waiting for status %s or %s" % (status, status2)
SystemError: Timeout while waiting for status SUCCESSFUL or False
08:30:38 WARN  SystemError: Timeout while waiting for status SUCCESSFUL or False ... blocked 
08:30:38 INFO  
08:30:38 INFO  cleanup:
08:30:43 INFO  Executed sudo&lt;tedge_disconnect_c8y&gt;, exit status 0
08:30:43 INFO  Executed systemctl&lt;serv_mapper5&gt;, exit status 3
08:30:43 INFO  
08:30:43 INFO  Test duration: 180.29 secs
08:30:43 INFO  Test final outcome:  BLOCKED
08:30:43 INFO  Test outcome reason: SystemError: Timeout while waiting for status SUCCESSFUL or False (+1 other failures)
08:30:43 INFO  
</system-out>
	</testcase>
</testsuite><testsuite name="SoftwareManagement.sm_apt_install_remove_with_version" tests="3" errors="0" failures="0" skipped="1" time="0"><testcase classname="PySysTest" name="SoftwareManagement.sm_apt_install_remove_with_version">
		<skipped message="SKIPPED: Testing the apt plugin is not supported on this platform.Use parameter -XmyPlatform='container' to enable it" />
		<system-out>07:26:46 INFO  ==============================================================
07:26:46 INFO  Id:    SoftwareManagement.sm_apt_install_remove_with_version
07:26:46 INFO  Dir:   software_management_end_to_end/
07:26:46 INFO  Title: Validate end to end behaviour for the apt plugin for packages with version
07:26:46 INFO  ==============================================================
07:26:46 INFO  Testing the apt plugin is not supported on this platform.Use parameter -XmyPlatform='container' to enable it ... skipped
07:26:46 WARN  Aborted test due to SKIPPED outcome
07:26:46 INFO  
07:26:46 INFO  Test duration: 0.02 secs
07:26:46 INFO  Test final outcome:  SKIPPED
07:26:46 INFO  Test outcome reason: Testing the apt plugin is not supported on this platform.Use parameter -XmyPlatform='container' to enable it
07:26:46 INFO  
</system-out>
	</testcase>
<testcase classname="PySysTest" name="SoftwareManagement.sm_apt_install_remove_with_version" />
<testcase classname="PySysTest" name="SoftwareManagement.sm_apt_install_remove_with_version" />
</testsuite><testsuite name="SoftwareManagement.sm_docker_install_remove_multiple" tests="3" errors="0" failures="0" skipped="1" time="0"><testcase classname="SMDockerInstallRemove" name="SoftwareManagement.sm_docker_install_remove_multiple">
		<skipped message="SKIPPED: Testing the apt plugin is not supported on this platform.Use parameter -XmyPlatform='container' to enable it" />
		<system-out>07:26:46 INFO  ==============================================================
07:26:46 INFO  Id:    SoftwareManagement.sm_docker_install_remove_multiple
07:26:46 INFO  Dir:   software_management_end_to_end/
07:26:46 INFO  Title: Validate end to end behaviour for the docker plugin for multiple docker images with mixed versions
07:26:46 INFO  ==============================================================
07:26:46 INFO  Testing the apt plugin is not supported on this platform.Use parameter -XmyPlatform='container' to enable it ... skipped
07:26:46 WARN  Aborted test due to SKIPPED outcome
07:26:46 INFO  
07:26:46 INFO  Test duration: 0.02 secs
07:26:46 INFO  Test final outcome:  SKIPPED
07:26:46 INFO  Test outcome reason: Testing the apt plugin is not supported on this platform.Use parameter -XmyPlatform='container' to enable it
07:26:46 INFO  
</system-out>
	</testcase>
<testcase classname="SMDockerInstallRemove" name="SoftwareManagement.sm_docker_install_remove_multiple" />
<testcase classname="SMDockerInstallRemove" name="SoftwareManagement.sm_docker_install_remove_multiple" />
</testsuite><testsuite name="SoftwareManagement.sm_fake_install_remove" tests="2" errors="0" failures="0" skipped="1" time="0"><testcase classname="PySysTest" name="SoftwareManagement.sm_fake_install_remove">
		<skipped message="SKIPPED: Testing the fake plugin is not enabled.Use parameter -Xfakeplugin=fakeplugin to enable it" />
		<system-out>07:26:46 INFO  ==============================================================
07:26:46 INFO  Id:    SoftwareManagement.sm_fake_install_remove
07:26:46 INFO  Dir:   software_management_end_to_end/
07:26:46 INFO  Title: Validate end to end behaviour for the dummy plugin for installation and removal of packages
07:26:46 INFO  ==============================================================
07:26:46 INFO  Testing the fake plugin is not enabled.Use parameter -Xfakeplugin=fakeplugin to enable it ... skipped
07:26:46 WARN  Aborted test due to SKIPPED outcome
07:26:46 INFO  
07:26:46 INFO  Test duration: 0.02 secs
07:26:46 INFO  Test final outcome:  SKIPPED
07:26:46 INFO  Test outcome reason: Testing the fake plugin is not enabled.Use parameter -Xfakeplugin=fakeplugin to enable it
07:26:46 INFO  
</system-out>
	</testcase>
<testcase classname="PySysTest" name="SoftwareManagement.sm_fake_install_remove" />
</testsuite><testsuite name="SoftwareManagement.sm_fake_install_remove_multiple" tests="2" errors="0" failures="0" skipped="1" time="0"><testcase classname="PySysTest" name="SoftwareManagement.sm_fake_install_remove_multiple">
		<skipped message="SKIPPED: Testing the fake plugin is not enabled.Use parameter -Xfakeplugin=fakeplugin to enable it" />
		<system-out>07:26:46 INFO  ==============================================================
07:26:46 INFO  Id:    SoftwareManagement.sm_fake_install_remove_multiple
07:26:46 INFO  Dir:   software_management_end_to_end/
07:26:46 INFO  Title: Validate end to end behaviour for the dummy-plugin for multiple packages
07:26:46 INFO  ==============================================================
07:26:46 INFO  Testing the fake plugin is not enabled.Use parameter -Xfakeplugin=fakeplugin to enable it ... skipped
07:26:46 WARN  Aborted test due to SKIPPED outcome
07:26:46 INFO  
07:26:46 INFO  Test duration: 0.02 secs
07:26:46 INFO  Test final outcome:  SKIPPED
07:26:46 INFO  Test outcome reason: Testing the fake plugin is not enabled.Use parameter -Xfakeplugin=fakeplugin to enable it
07:26:46 INFO  
</system-out>
	</testcase>
<testcase classname="PySysTest" name="SoftwareManagement.sm_fake_install_remove_multiple" />
</testsuite><testsuite name="SoftwareManagement.sm_mapper_fail_and_reconnect" tests="2" errors="0" failures="0" skipped="2" time="0"><testcase classname="MapperC8yReceiveLastMessageOnRestart" name="SoftwareManagement.sm_mapper_fail_and_reconnect">
		<skipped message="SKIPPED: instable https://github.com/thin-edge/thin-edge.io/issues/752" />
		<system-out>07:26:46 INFO  ==============================================================
07:26:46 INFO  Id:    SoftwareManagement.sm_mapper_fail_and_reconnect
07:26:46 INFO  Dir:   software_management_end_to_end/
07:26:46 INFO  Title: Validate the tedge-mapper-sm-c8y for receiving the last message on restart
07:26:46 INFO  ==============================================================
07:26:46 INFO  instable https://github.com/thin-edge/thin-edge.io/issues/752 ... skipped
07:26:46 INFO  
07:26:46 INFO  Test duration: 0.02 secs
07:26:46 INFO  Test final outcome:  SKIPPED
07:26:46 INFO  Test outcome reason: instable https://github.com/thin-edge/thin-edge.io/issues/752
07:26:46 INFO  
</system-out>
	</testcase>
<testcase classname="MapperC8yReceiveLastMessageOnRestart" name="SoftwareManagement.sm_mapper_fail_and_reconnect">
		<skipped message="SKIPPED: instable https://github.com/thin-edge/thin-edge.io/issues/752" />
		<system-out>08:37:25 INFO  ==============================================================
08:37:25 INFO  Id:    SoftwareManagement.sm_mapper_fail_and_reconnect
08:37:25 INFO  Dir:   software_management_end_to_end/
08:37:25 INFO  Title: Validate the tedge-mapper-sm-c8y for receiving the last message on restart
08:37:25 INFO  ==============================================================
08:37:25 INFO  instable https://github.com/thin-edge/thin-edge.io/issues/752 ... skipped
08:37:25 INFO  
08:37:25 INFO  Test duration: 0.03 secs
08:37:25 INFO  Test final outcome:  SKIPPED
08:37:25 INFO  Test outcome reason: instable https://github.com/thin-edge/thin-edge.io/issues/752
08:37:25 INFO  
</system-out>
	</testcase>
</testsuite><testsuite name="SoftwareManagement.sm_mixed_install_remove_multiple" tests="2" errors="0" failures="1" skipped="1" time="0"><testcase classname="PySysTest" name="SoftwareManagement.sm_mixed_install_remove_multiple">
		<skipped message="SKIPPED: Testing the fake plugin is not enabled.Use parameter -Xfakeplugin=fakeplugin to enable it" />
		<system-out>07:26:46 INFO  ==============================================================
07:26:46 INFO  Id:    SoftwareManagement.sm_mixed_install_remove_multiple
07:26:46 INFO  Dir:   software_management_end_to_end/
07:26:46 INFO  Title: Validate end to end behaviour for the dummy-plugin for multiple packages with mixed versions
07:26:46 INFO  ==============================================================
07:26:46 INFO  Testing the fake plugin is not enabled.Use parameter -Xfakeplugin=fakeplugin to enable it ... skipped
07:26:46 WARN  Aborted test due to SKIPPED outcome
07:26:47 INFO  
07:26:47 INFO  Test duration: 0.02 secs
07:26:47 INFO  Test final outcome:  SKIPPED
07:26:47 INFO  Test outcome reason: Testing the fake plugin is not enabled.Use parameter -Xfakeplugin=fakeplugin to enable it
07:26:47 INFO  
[...]
07:15:11 INFO  Executed sudo&lt;rm_tmp_logs&gt;, exit status 0
07:15:12 INFO  Executed sudo&lt;send_failed&gt;, exit status 0
07:15:12 INFO  Executed sudo&lt;log_file_daemon&gt;, exit status 0
07:15:16 INFO  Executed sudo&lt;tedge_disconnect_c8y&gt;, exit status 0
07:15:17 INFO  Executed systemctl&lt;serv_mapper5&gt;, exit status 3
07:15:17 INFO  
07:15:17 INFO  Test duration: 28.89 secs
07:15:17 INFO  Test final outcome:  BLOCKED
07:15:17 INFO  Test outcome reason: TypeError: 'NoneType' object is not subscriptable
07:15:17 INFO  
</system-out>
	</testcase>
</testsuite><testsuite name="log_request_num_lines" tests="1" errors="0" failures="1" skipped="0" time="0"><testcase classname="LogRequestVerifyNumberOfLines" name="log_request_num_lines">
		<failure message="BLOCKED: TypeError: 'NoneType' object is not subscriptable" type="BLOCKED" />
		<system-out>07:15:17 INFO  ==============================================================
07:15:17 INFO  Id:    log_request_num_lines
07:15:17 INFO  Dir:   log_request_end_to_end/
07:15:17 INFO  Title: Validate end to end behaviour for the log request operation check for number of lines
07:15:17 INFO  ==============================================================
07:15:17 INFO  EnvironmentC8y Setup
07:15:18 INFO  Executed systemctl&lt;serv_mapper1&gt;, exit status 3
07:15:18 INFO  Restarting mosquitto too frequently in the last 10 seconds. It was only up for 5 seconds
07:15:18 INFO  Delaying execution by 6 seconds
07:15:38 INFO  Executed sudo&lt;tedge_connect_c8y&gt;, exit status 0, duration 14 secs
07:15:39 INFO  Executed sudo&lt;tedge_connect_c8y_test&gt;, exit status 0
07:15:39 INFO  Executed systemctl&lt;serv_mosq2&gt;, exit status 0
07:15:40 INFO  Executed systemctl&lt;serv_mapper3&gt;, exit status 0
07:15:40 INFO  Executed sudo&lt;rm_logs&gt;, exit status 0
07:15:41 INFO  Executed sudo&lt;move_logs&gt;, exit status 0
07:15:41 INFO  Executed sudo&lt;log_file_daemon&gt;, exit status 0
07:15:42 WARN  TypeError occurred while running test - 'NoneType' object is not subscriptable
Traceback (most recent call last):
  File "/home/pi/env-pysys/lib/python3.7/site-packages/pysys/baserunner.py", line 1294, in __call__
    self.testObj.execute()
  File "/home/pi/actions-runner/_work/thin-edge.io/thin-edge.io/tests/PySys/log_request_end_to_end/log_request_num_lines/run.py", line 46, in execute
    log_file_request_payload, self.project.deviceid
  File "/home/pi/actions-runner/_work/thin-edge.io/thin-edge.io/tests/PySys/environments/cumulocity.py", line 101, in trigger_log_request
    "deviceId": self.device_fragment["id"],
TypeError: 'NoneType' object is not subscriptable
07:15:42 WARN  TypeError: 'NoneType' object is not subscriptable ... blocked 
07:15:42 INFO  
07:15:42 INFO  cleanup:
07:15:42 INFO  Executed sudo&lt;rm_logs&gt;, exit status 0
07:15:43 INFO  Executed sudo&lt;rm_tmp_logs&gt;, exit status 0
07:15:43 INFO  Executed sudo&lt;send_failed&gt;, exit status 0
07:15:44 INFO  Executed sudo&lt;log_file_daemon&gt;, exit status 0
07:15:48 INFO  Executed sudo&lt;tedge_disconnect_c8y&gt;, exit status 0
07:15:49 INFO  Executed systemctl&lt;serv_mapper5&gt;, exit status 3
07:15:49 INFO  
07:15:49 INFO  Test duration: 31.96 secs
07:15:49 INFO  Test final outcome:  BLOCKED
07:15:49 INFO  Test outcome reason: TypeError: 'NoneType' object is not subscriptable
07:15:49 INFO  
</system-out>
	</testcase>
</testsuite><testsuite name="mapper_awaits_before_reconnect" tests="1" errors="0" failures="1" skipped="0" time="0"><testcase classname="MapperReconnectAwait" name="mapper_awaits_before_reconnect">
		<failure message="FAILED: Line count on tedge_mapper_journal.out for &quot;tedge_mapper::core::mapper: MQTT connection error:&quot; expected &gt;=2 but got 0" type="FAILED" />
		<system-out>07:29:50 INFO  ==============================================================
07:29:50 INFO  Id:    mapper_awaits_before_reconnect
07:29:50 INFO  Dir:   tedge_mapper_c8y/
07:29:50 INFO  Title: Validate mapper doesn't reconnect too often
07:29:50 INFO  ==============================================================
07:29:50 INFO  Started mosquitto_sub with process id 28869
07:29:50 INFO  Waiting for 0.1 seconds
07:29:51 INFO  Executed sudo&lt;tedge_mapper&gt;, exit status 0
07:29:51 INFO  Waiting for 5.0 seconds
07:29:56 INFO  Executed sudo&lt;tedge_mapper&gt;, exit status 0
07:29:59 INFO  Executed sudo&lt;tedge_mapper_journal&gt;, exit status 0
07:29:59 WARN  Grep on tedge_mapper_journal.out contains "ERROR" ... failed [run.py:67]
07:29:59 INFO  Line count on file tedge_mapper_journal.out ... passed
07:29:59 WARN  Line count on tedge_mapper_journal.out for "tedge_mapper::core::mapper: MQTT connection error:" expected &gt;=2 but got 0 ... failed [run.py:78]
07:29:59 WARN  Aborted test due to FAILED outcome
07:29:59 INFO  
07:29:59 INFO  Test duration: 9.39 secs
07:29:59 INFO  Test final outcome:  FAILED
07:29:59 INFO  Test outcome reason: Line count on tedge_mapper_journal.out for "tedge_mapper::core::mapper: MQTT connection error:" expected &gt;=2 but got 0
07:29:59 INFO  
</system-out>
	</testcase>
</testsuite><testsuite name="monitoring_smaller_interval" tests="1" errors="0" failures="1" skipped="0" time="0"><testcase classname="MonitoringSmallInterval" name="monitoring_smaller_interval">
		<failure message="BLOCKED: TypeError: 'int' object is not subscriptable" type="BLOCKED" />
		<system-out>07:16:51 INFO  ==============================================================
07:16:51 INFO  Id:    monitoring_smaller_interval
07:16:51 INFO  Dir:   monitoring/
07:16:51 INFO  Title: Validate the tedge dm agent messages that are produced with smaller sampling interval than the batching window. Here the simulated collectd messages are used
07:16:51 INFO  ==============================================================
07:16:52 INFO  Executed sudo&lt;collectd&gt;, exit status 0
07:16:52 INFO  Executed sudo&lt;collectd_mapper&gt;, exit status 0
07:16:52 INFO  Started sudo&lt;tedge_sub&gt; with process id 25006
07:16:53 INFO  Executed sudo&lt;tedge_temp&gt;, exit status 0
07:16:53 INFO  Executed sudo&lt;tedge_pres&gt;, exit status 0
07:16:54 INFO  Executed sudo&lt;tedge_temp&gt;, exit status 0
07:16:54 INFO  Executed sudo&lt;tedge_pres&gt;, exit status 0
07:16:55 INFO  Executed sudo&lt;tedge_temp&gt;, exit status 0
07:16:56 INFO  Executed sudo&lt;tedge_pres&gt;, exit status 0
07:16:56 INFO  Executed sudo&lt;tedge_temp&gt;, exit status 0
07:16:57 INFO  Executed sudo&lt;tedge_pres&gt;, exit status 0
07:16:57 INFO  Executed sudo&lt;tedge_temp&gt;, exit status 0
07:16:58 INFO  Executed sudo&lt;tedge_pres&gt;, exit status 0
07:16:58 INFO  Executed sudo&lt;tedge_temp&gt;, exit status 0
07:16:59 INFO  Executed sudo&lt;tedge_pres&gt;, exit status 0
07:17:00 INFO  Executed sudo&lt;tedge_temp&gt;, exit status 0
07:17:00 INFO  Executed sudo&lt;tedge_pres&gt;, exit status 0
07:17:01 INFO  Executed sudo&lt;tedge_temp&gt;, exit status 0
07:17:01 INFO  Executed sudo&lt;tedge_pres&gt;, exit status 0
07:17:02 INFO  Executed sudo&lt;tedge_temp&gt;, exit status 0
07:17:02 INFO  Executed sudo&lt;tedge_pres&gt;, exit status 0
07:17:03 INFO  Executed sudo&lt;tedge_temp&gt;, exit status 0
07:17:04 INFO  Executed sudo&lt;tedge_pres&gt;, exit status 0
07:17:05 INFO  Executed sudo&lt;kill_out&gt;, exit status 0
07:17:05 INFO  0

07:17:05 WARN  TypeError occurred while running test - 'int' object is not subscriptable
Traceback (most recent call last):
  File "/home/pi/env-pysys/lib/python3.7/site-packages/pysys/baserunner.py", line 1296, in __call__
    self.testObj.validate()
  File "/home/pi/actions-runner/_work/thin-edge.io/thin-edge.io/tests/PySys/monitoring/monitoring_smaller_interval/run.py", line 104, in validate
    collectd_msg_validation_result=self.validate_json(),
  File "/home/pi/actions-runner/_work/thin-edge.io/thin-edge.io/tests/PySys/monitoring/monitoring_smaller_interval/run.py", line 114, in validate_json
    if not self.validate_time():
  File "/home/pi/actions-runner/_work/thin-edge.io/thin-edge.io/tests/PySys/monitoring/monitoring_smaller_interval/run.py", line 134, in validate_time
    if self.js_msg["time"]:
TypeError: 'int' object is not subscriptable
07:17:05 WARN  TypeError: 'int' object is not subscriptable ... blocked 
07:17:05 INFO  
07:17:05 INFO  cleanup:
07:17:05 INFO  monitoring_cleanup
07:17:06 INFO  Executed sudo&lt;collectd_mapper&gt;, exit status 0
07:17:06 INFO  
07:17:06 INFO  Test duration: 14.97 secs
07:17:06 INFO  Test final outcome:  BLOCKED
07:17:06 INFO  Test outcome reason: TypeError: 'int' object is not subscriptable
07:17:06 INFO  
</system-out>
	</testcase>
</testsuite><testsuite name="monitoring_with_collectd" tests="1" errors="0" failures="0" skipped="1" time="0"><testcase classname="MonitoringWithCollectd" name="monitoring_with_collectd">
		<skipped message="SKIPPED: Test execution disabled due to #792 (instable)" />
		<system-out>07:17:06 INFO  ==============================================================
07:17:06 INFO  Id:    monitoring_with_collectd
07:17:06 INFO  Dir:   monitoring/
07:17:06 INFO  Title: Validate tedge dm agent messages that are produced by batching the collectd messages
07:17:06 INFO  ==============================================================
07:17:06 INFO  Test execution disabled due to #792 (instable) ... skipped
07:17:06 INFO  
07:17:06 INFO  Test duration: 0.02 secs
07:17:06 INFO  Test final outcome:  SKIPPED
07:17:06 INFO  Test outcome reason: Test execution disabled due to #792 (instable)
07:17:06 INFO  
</system-out>
	</testcase>
</testsuite><testsuite name="monitoring_with_simulated_messages" tests="1" errors="0" failures="1" skipped="0" time="0"><testcase classname="MonitoringWithSimulatedMessages" name="monitoring_with_simulated_messages">
		<failure message="BLOCKED: TypeError: 'int' object is not subscriptable" type="BLOCKED" />
		<system-out>07:17:06 INFO  ==============================================================
07:17:06 INFO  Id:    monitoring_with_simulated_messages
07:17:06 INFO  Dir:   monitoring/
07:17:06 INFO  Title: Validate the tedge dm agent messages that are produced from the simulated collectd messages
07:17:06 INFO  ==============================================================
07:17:06 INFO  Executed sudo&lt;collectd&gt;, exit status 0
07:17:07 INFO  Executed sudo&lt;collectd_mapper&gt;, exit status 0
07:17:07 INFO  Started sudo&lt;tedge_sub&gt; with process id 25065
07:17:08 INFO  Executed sudo&lt;tedge_temp&gt;, exit status 0
07:17:08 INFO  Executed sudo&lt;tedge_pres&gt;, exit status 0
07:17:10 INFO  Executed sudo&lt;kill_out&gt;, exit status 0
07:17:10 INFO  0

07:17:10 WARN  TypeError occurred while running test - 'int' object is not subscriptable
Traceback (most recent call last):
  File "/home/pi/env-pysys/lib/python3.7/site-packages/pysys/baserunner.py", line 1296, in __call__
    self.testObj.validate()
  File "/home/pi/actions-runner/_work/thin-edge.io/thin-edge.io/tests/PySys/monitoring/monitoring_with_simulated_messages/run.py", line 98, in validate
    collectd_msg_validation_result=self.validate_json(),
  File "/home/pi/actions-runner/_work/thin-edge.io/thin-edge.io/tests/PySys/monitoring/monitoring_with_simulated_messages/run.py", line 108, in validate_json
    if not self.validate_time():
  File "/home/pi/actions-runner/_work/thin-edge.io/thin-edge.io/tests/PySys/monitoring/monitoring_with_simulated_messages/run.py", line 127, in validate_time
    if self.js_msg["time"]:
TypeError: 'int' object is not subscriptable
07:17:10 WARN  TypeError: 'int' object is not subscriptable ... blocked 
07:17:10 INFO  
07:17:10 INFO  cleanup:
07:17:10 INFO  monitoring_cleanup
07:17:10 INFO  Executed sudo&lt;collectd_mapper&gt;, exit status 0
07:17:10 INFO  
07:17:10 INFO  Test duration: 4.44 secs
07:17:10 INFO  Test final outcome:  BLOCKED
07:17:10 INFO  Test outcome reason: TypeError: 'int' object is not subscriptable
07:17:10 INFO  
</system-out>
	</testcase>
</testsuite><testsuite name="mqtt_port_change_connection_fails" tests="1" errors="0" failures="0" skipped="0" time="0"><testcase classname="MqttPortChangeConnectionFails" name="mqtt_port_change_connection_fails" />
</testsuite><testsuite name="mqtt_port_change_connection_works" tests="1" errors="0" failures="0" skipped="1" time="0"><testcase classname="MqttPortChangeConnectionWorks" name="mqtt_port_change_connection_works">
		<skipped message="SKIPPED: failing intermitently" />
		<system-out>07:16:24 INFO  ==============================================================
07:16:24 INFO  Id:    mqtt_port_change_connection_works
07:16:24 INFO  Dir:   misc_features/
07:16:24 INFO  Title: mqtt port change connection works for all the thin-edge services that use the mosquitto broker
07:16:24 INFO  ==============================================================
07:16:24 INFO  failing intermitently ... skipped
07:16:24 INFO  
07:16:24 INFO  Test duration: 0.02 secs
07:16:24 INFO  Test final outcome:  SKIPPED
07:16:24 INFO  Test outcome reason: failing intermitently
07:16:24 INFO  
</system-out>
	</testcase>
</testsuite><testsuite name="publish_flux" tests="1" errors="0" failures="0" skipped="0" time="0"><testcase classname="PublishFlux" name="publish_flux" />
</testsuite><testsuite name="publish_sawmill" tests="1" errors="0" failures="0" skipped="0" time="0"><testcase classname="PublishSawmill" name="publish_sawmill" />
</testsuite><testsuite name="runtime_start_two_mappers" tests="1" errors="0" failures="0" skipped="0" time="0"><testcase classname="RuntimeMultiMappers" name="runtime_start_two_mappers" />
</testsuite><testsuite name="sm_tedge_mapper_init_session" tests="1" errors="0" failures="0" skipped="0" time="0"><testcase classname="TedgeSMMapperInitSession" name="sm_tedge_mapper_init_session" />
</testsuite><testsuite name="smoketest_json" tests="1" errors="0" failures="0" skipped="0" time="0"><testcase classname="SmokeTestJson" name="smoketest_json" />
</testsuite><testsuite name="smoketest_json_400_samples_10ms" tests="1" errors="0" failures="0" skipped="0" time="0"><testcase classname="SmoketestJson400Samples10ms" name="smoketest_json_400_samples_10ms" />
</testsuite><testsuite name="smoketest_json_400_samples_20ms" tests="1" errors="0" failures="0" skipped="0" time="0"><testcase classname="SmoketestJson400Samples20ms" name="smoketest_json_400_samples_20ms" />
</testsuite><testsuite name="smoketest_smartrest" tests="1" errors="0" failures="0" skipped="0" time="0"><testcase classname="SmoketestSmartRest" name="smoketest_smartrest" />
</testsuite><testsuite name="smoketest_smartrest_400_samples_1Xms" tests="1" errors="0" failures="0" skipped="0" time="0"><testcase classname="SmoketestSmartRest400Samples1Xms" name="smoketest_smartrest_400_samples_1Xms" />
</testsuite><testsuite name="smoketest_smartrest_400_samples_20ms" tests="1" errors="0" failures="0" skipped="0" time="0"><testcase classname="SmoketestSmartRest400Samples20ms" name="smoketest_smartrest_400_samples_20ms" />
</testsuite><testsuite name="tedge_agent_user_sudo_access" tests="1" errors="0" failures="0" skipped="1" time="0"><testcase classname="TedgeAgentUserSudoAccess" name="tedge_agent_user_sudo_access">
		<skipped message="SKIPPED: #955 Observation: Exit code of the apt plugin when called with no arguments" />
		<system-out>07:27:12 INFO  ==============================================================
07:27:12 INFO  Id:    tedge_agent_user_sudo_access
07:27:12 INFO  Dir:   tedge/
07:27:12 INFO  Title: Validate tedge-agent user has a limited sudo right
07:27:12 INFO  ==============================================================
07:27:12 INFO  #955 Observation: Exit code of the apt plugin when called with no arguments ... skipped
07:27:12 INFO  
07:27:12 INFO  Test duration: 0.02 secs
07:27:12 INFO  Test final outcome:  SKIPPED
07:27:12 INFO  Test outcome reason: #955 Observation: Exit code of the apt plugin when called with no arguments
07:27:12 INFO  
</system-out>
	</testcase>
</testsuite><testsuite name="tedge_connect_test_negative" tests="1" errors="0" failures="0" skipped="0" time="0"><testcase classname="TedgeConnectTestNegative" name="tedge_connect_test_negative" />
</testsuite><testsuite name="tedge_connect_test_positive" tests="1" errors="0" failures="0" skipped="0" time="0"><testcase classname="TedgeConnectTestPositive" name="tedge_connect_test_positive" />
</testsuite><testsuite name="tedge_connect_test_sm_services" tests="1" errors="0" failures="0" skipped="0" time="0"><testcase classname="TedgeConnectTestSMServices" name="tedge_connect_test_sm_services" />
</testsuite><testsuite name="tedge_disconnect_test_sm_services" tests="1" errors="0" failures="0" skipped="0" time="0"><testcase classname="TedgeDisConnectTestSMServices" name="tedge_disconnect_test_sm_services" />
</testsuite><testsuite name="tedge_mapper_az_negative" tests="1" errors="0" failures="0" skipped="0" time="0"><testcase classname="TedgeMapperAzError" name="tedge_mapper_az_negative" />
</testsuite><testsuite name="tedge_mapper_az_with_timestamp" tests="1" errors="0" failures="0" skipped="0" time="0"><testcase classname="TedgeMapperAzWithTimestamp" name="tedge_mapper_az_with_timestamp" />
</testsuite><testsuite name="tedge_mapper_az_without_timestamp" tests="1" errors="0" failures="0" skipped="0" time="0"><testcase classname="TedgeMapperAzWithoutTimestamp" name="tedge_mapper_az_without_timestamp" />
</testsuite><testsuite name="tedge_mapper_c8y_alarms" tests="1" errors="0" failures="0" skipped="0" time="0"><testcase classname="TedgeMapperC8yAlarm" name="tedge_mapper_c8y_alarms" />
</testsuite><testsuite name="tedge_mapper_c8y_child_device_measurement" tests="1" errors="0" failures="0" skipped="0" time="0"><testcase classname="TedgeMapperC8yChildDevice" name="tedge_mapper_c8y_child_device_measurement" />
</testsuite><testsuite name="tedge_mapper_c8y_packet_threshold_size" tests="1" errors="0" failures="1" skipped="0" time="0"><testcase classname="TedgeMapperC8yThresholdPacketSize" name="tedge_mapper_c8y_packet_threshold_size">
		<failure message="FAILED: Grep on tedge_sub.out contains &quot;The size of the message received on tedge/measurements is 20489 which is greater than the threshold size of 16184.&quot;" type="FAILED" />
		<system-out>07:31:37 INFO  ==============================================================
07:31:37 INFO  Id:    tedge_mapper_c8y_packet_threshold_size
07:31:37 INFO  Dir:   tedge_mapper_c8y/
07:31:37 INFO  Title: Validate the Cumulocity Mapper accepted threshold packet size when it receives a message on tedge/measurements
07:31:37 INFO  ==============================================================
07:31:38 INFO  Executed sudo&lt;tedge_mapper_c8y&gt;, exit status 0
07:31:38 INFO  Started sudo&lt;tedge_sub&gt; with process id 29465
07:31:38 INFO  Executed sudo&lt;tedge_msg&gt;, exit status 0
07:31:39 INFO  Executed sudo&lt;tedge_pub&gt;, exit status 0
07:31:39 INFO  Executed sudo&lt;kill_out&gt;, exit status 0
07:31:39 WARN  Grep on tedge_sub.out contains "The size of the message received on tedge/measurements is 20489 which is greater than the threshold size of 16184." ... failed [run.py:88]
07:31:39 INFO  
07:31:39 INFO  cleanup:
07:31:39 INFO  mapper_cleanup
07:31:40 INFO  Executed sudo&lt;tedge_mapper_c8y&gt;, exit status 0
07:31:40 INFO  
07:31:40 INFO  Test duration: 3.01 secs
07:31:40 INFO  Test final outcome:  FAILED
07:31:40 INFO  Test outcome reason: Grep on tedge_sub.out contains "The size of the message received on tedge/measurements is 20489 which is greater than the threshold size of 16184."
07:31:40 INFO  
</system-out>
	</testcase>
</testsuite><testsuite name="tedge_software_update" tests="1" errors="0" failures="0" skipped="0" time="0"><testcase classname="PySysTest" name="tedge_software_update" />
</testsuite><testsuite name="valid_device_id" tests="1" errors="0" failures="0" skipped="0" time="0"><testcase classname="ValidateValidDeviceId" name="valid_device_id" />
</testsuite></testsuites>