<?xml version='1.0' encoding='utf-8'?>
<testsuites tests="147" failures="16" errors="0" skipped="45" time="0.0"><testsuite name="SoftwareManagement.Plugin.apama_plugin_install" tests="3" errors="0" failures="0" skipped="1" time="0"><testcase classname="ApamaPluginInstallTest" name="SoftwareManagement.Plugin.apama_plugin_install">
		<skipped message="SKIPPED: Apama plugin tests are disabled by default. Execute `pysys run` with `-XmyPlatform=container` to run these tests" />
		<system-out>09:35:44 INFO  ==============================================================
09:35:44 INFO  Id:    SoftwareManagement.Plugin.apama_plugin_install
09:35:44 INFO  Dir:   plugin_apama/
09:35:44 INFO  Title: Validate apama plugin install
09:35:44 INFO  ==============================================================
09:35:44 INFO  Apama plugin tests are disabled by default. Execute `pysys run` with `-XmyPlatform=container` to run these tests ... skipped
09:35:44 WARN  Aborted test due to SKIPPED outcome
09:35:44 INFO  
09:35:44 INFO  Test duration: 0.06 secs
09:35:44 INFO  Test final outcome:  SKIPPED
09:35:44 INFO  Test outcome reason: Apama plugin tests are disabled by default. Execute `pysys run` with `-XmyPlatform=container` to run these tests
09:35:44 INFO  
</system-out>
	</testcase>
<testcase classname="ApamaPluginInstallTest" name="SoftwareManagement.Plugin.apama_plugin_install" />
<testcase classname="ApamaPluginInstallTest" name="SoftwareManagement.Plugin.apama_plugin_install" />
</testsuite><testsuite name="SoftwareManagement.Plugin.apama_plugin_mon_support" tests="3" errors="0" failures="0" skipped="1" time="0"><testcase classname="ApamaPluginMonSupportTest" name="SoftwareManagement.Plugin.apama_plugin_mon_support">
		<skipped message="SKIPPED: Apama plugin tests are disabled by default. Execute `pysys run` with `-XmyPlatform=container` to run these tests" />
		<system-out>09:35:44 INFO  ==============================================================
09:35:44 INFO  Id:    SoftwareManagement.Plugin.apama_plugin_mon_support
09:35:44 INFO  Dir:   plugin_apama/
09:35:44 INFO  Title: Validate mon file support of apama plugin
09:35:44 INFO  ==============================================================
09:35:44 INFO  Apama plugin tests are disabled by default. Execute `pysys run` with `-XmyPlatform=container` to run these tests ... skipped
09:35:44 WARN  Aborted test due to SKIPPED outcome
09:35:44 INFO  
09:35:44 INFO  Test duration: 0.03 secs
09:35:44 INFO  Test final outcome:  SKIPPED
09:35:44 INFO  Test outcome reason: Apama plugin tests are disabled by default. Execute `pysys run` with `-XmyPlatform=container` to run these tests
09:35:44 INFO  
</system-out>
	</testcase>
<testcase classname="ApamaPluginMonSupportTest" name="SoftwareManagement.Plugin.apama_plugin_mon_support" />
<testcase classname="ApamaPluginMonSupportTest" name="SoftwareManagement.Plugin.apama_plugin_mon_support" />
</testsuite><testsuite name="SoftwareManagement.Plugin.apama_plugin_remove" tests="3" errors="0" failures="0" skipped="1" time="0"><testcase classname="ApamaPluginRemoveTest" name="SoftwareManagement.Plugin.apama_plugin_remove">
		<skipped message="SKIPPED: Apama plugin tests are disabled by default. Execute `pysys run` with `-XmyPlatform=container` to run these tests" />
		<system-out>09:35:44 INFO  ==============================================================
09:35:44 INFO  Id:    SoftwareManagement.Plugin.apama_plugin_remove
09:35:44 INFO  Dir:   plugin_apama/
09:35:44 INFO  Title: Validate apama plugin remove
09:35:44 INFO  ==============================================================
09:35:44 INFO  Apama plugin tests are disabled by default. Execute `pysys run` with `-XmyPlatform=container` to run these tests ... skipped
09:35:44 WARN  Aborted test due to SKIPPED outcome
09:35:44 INFO  
09:35:44 INFO  Test duration: 0.02 secs
09:35:44 INFO  Test final outcome:  SKIPPED
09:35:44 INFO  Test outcome reason: Apama plugin tests are disabled by default. Execute `pysys run` with `-XmyPlatform=container` to run these tests
09:35:44 INFO  
</system-out>
	</testcase>
<testcase classname="ApamaPluginRemoveTest" name="SoftwareManagement.Plugin.apama_plugin_remove" />
<testcase classname="ApamaPluginRemoveTest" name="SoftwareManagement.Plugin.apama_plugin_remove" />
</testsuite><testsuite name="SoftwareManagement.Plugin.apama_plugin_update" tests="3" errors="0" failures="2" skipped="1" time="0"><testcase classname="ApamaPluginUpdateTest" name="SoftwareManagement.Plugin.apama_plugin_update">
		<skipped message="SKIPPED: Apama plugin tests are disabled by default. Execute `pysys run` with `-XmyPlatform=container` to run these tests" />
		<system-out>09:35:44 INFO  ==============================================================
09:35:44 INFO  Id:    SoftwareManagement.Plugin.apama_plugin_update
09:35:44 INFO  Dir:   plugin_apama/
09:35:44 INFO  Title: Validate apama plugin updating one project with another
09:35:44 INFO  ==============================================================
09:35:44 INFO  Apama plugin tests are disabled by default. Execute `pysys run` with `-XmyPlatform=container` to run these tests ... skipped
09:35:44 WARN  Aborted test due to SKIPPED outcome
09:35:44 INFO  
09:35:44 INFO  Test duration: 0.02 secs
09:35:44 INFO  Test final outcome:  SKIPPED
09:35:44 INFO  Test outcome reason: Apama plugin tests are disabled by default. Execute `pysys run` with `-XmyPlatform=container` to run these tests
09:35:44 INFO  
</system-out>
	</testcase>
<testcase classname="ApamaPluginUpdateTest" name="SoftwareManagement.Plugin.apama_plugin_update">
		<failure message="BLOCKED: sudo&lt;plugin_install&gt; returned non-zero exit code 2" type="BLOCKED" />
		<system-out>10:26:13 INFO  ==============================================================
10:26:13 INFO  Id:    SoftwareManagement.Plugin.apama_plugin_update
10:26:13 INFO  Dir:   plugin_apama/
10:26:13 INFO  Title: Validate apama plugin updating one project with another
10:26:13 INFO  ==============================================================
10:26:13 INFO  Assertion that path exists=False for "/etc/tedge/apama/project" ... passed
10:26:13 INFO  Executed sudo&lt;create_project_dir&gt;, exit status 0
10:26:14 INFO  Executed sudo&lt;unzip_apama_project&gt;, exit status 0
10:26:14 INFO  Executed sudo&lt;move_apama_project&gt;, exit status 0
10:26:15 INFO  Executed sudo&lt;restart_apama_service&gt;, exit status 0
10:26:16 INFO  Executed sudo&lt;apama_correlator_wait&gt;, exit status 0
10:26:16 INFO  Assertion that path exists=True for "/etc/tedge/apama/project" ... passed
10:26:16 INFO  Executed sudo&lt;apama_list_monitors&gt;, exit status 0
10:26:16 INFO  Grep on file /home/pi/actions-runner/_work/thin-edge.io/thin-edge.io/tests/PySys/plugin_apama/apama_plugin_update/Output/linux/apama_list_monitors.out ... passed
10:26:17 WARN  Executed sudo&lt;plugin_install&gt;, exit status 2
10:26:17 INFO  Contents of plugin_install.err: 
  ERROR: Directory not empty (os error 39)
  -----

10:26:17 WARN  sudo&lt;plugin_install&gt; returned non-zero exit code 2 ... blocked [run.py:35]
10:26:17 WARN  Aborted test due to BLOCKED outcome
10:26:17 INFO  
10:26:17 INFO  cleanup:
10:26:17 INFO  Removing apama project
10:26:33 INFO  Executed sudo&lt;stop_apama_service&gt;, exit status 0, duration 15 secs
10:26:34 INFO  Executed sudo&lt;remove_apama_project&gt;, exit status 0
10:26:34 INFO  Executed sudo&lt;remove_apama_tmp_dir&gt;, exit status 0
10:26:34 INFO  
10:26:34 INFO  Test duration: 21.64 secs
10:26:34 INFO  Test final outcome:  BLOCKED
10:26:34 INFO  Test outcome reason: sudo&lt;plugin_install&gt; returned non-zero exit code 2
10:26:34 INFO  
</system-out>
	</testcase>
<testcase classname="ApamaPluginUpdateTest" name="SoftwareManagement.Plugin.apama_plugin_update">
		<failure message="BLOCKED: sudo&lt;plugin_install&gt; returned non-zero exit code 2" type="BLOCKED" />
		<system-out>10:34:49 INFO  ==============================================================
10:34:49 INFO  Id:    SoftwareManagement.Plugin.apama_plugin_update
10:34:49 INFO  Dir:   plugin_apama/
10:34:49 INFO  Title: Validate apama plugin updating one project with another
10:34:49 INFO  ==============================================================
10:34:49 INFO  Assertion that path exists=False for "/etc/tedge/apama/project" ... passed
10:34:49 INFO  Executed sudo&lt;create_project_dir&gt;, exit status 0
10:34:50 INFO  Executed sudo&lt;unzip_apama_project&gt;, exit status 0
10:34:50 INFO  Executed sudo&lt;move_apama_project&gt;, exit status 0
10:34:51 INFO  Executed sudo&lt;restart_apama_service&gt;, exit status 0
10:34:52 INFO  Executed sudo&lt;apama_correlator_wait&gt;, exit status 0
10:34:52 INFO  Assertion that path exists=True for "/etc/tedge/apama/project" ... passed
10:34:53 INFO  Executed sudo&lt;apama_list_monitors&gt;, exit status 0
10:34:53 INFO  Grep on file /home/pi/actions-runner/_work/thin-edge.io/thin-edge.io/tests/PySys/plugin_apama/apama_plugin_update/Output/linux/apama_list_monitors.out ... passed
10:34:53 WARN  Executed sudo&lt;plugin_install&gt;, exit status 2
10:34:53 INFO  Contents of plugin_install.err: 
  ERROR: Directory not empty (os error 39)
  -----

10:34:54 WARN  sudo&lt;plugin_install&gt; returned non-zero exit code 2 ... blocked [run.py:35]
10:34:54 WARN  Aborted test due to BLOCKED outcome
10:34:54 INFO  
10:34:54 INFO  cleanup:
10:34:54 INFO  Removing apama project
10:35:09 INFO  Executed sudo&lt;stop_apama_service&gt;, exit status 0, duration 15 secs
10:35:09 INFO  Executed sudo&lt;remove_apama_project&gt;, exit status 0
10:35:10 INFO  Executed sudo&lt;remove_apama_tmp_dir&gt;, exit status 0
10:35:10 INFO  
10:35:10 INFO  Test duration: 21.32 secs
10:35:10 INFO  Test final outcome:  BLOCKED
10:35:10 INFO  Test outcome reason: sudo&lt;plugin_install&gt; returned non-zero exit code 2
10:35:10 INFO  
</system-out>
	</testcase>
</testsuite><testsuite name="SoftwareManagement.sm_apt_install_download_path" tests="3" errors="0" failures="2" skipped="1" time="0"><testcase classname="AptInstallWithDownloadPath" name="SoftwareManagement.sm_apt_install_download_path">
		<skipped message="SKIPPED: Testing the apt plugin is not supported on this platform.Use parameter -XmyPlatform='container' to enable it" />
		<system-out>09:45:18 INFO  ==============================================================
09:45:18 INFO  Id:    SoftwareManagement.sm_apt_install_download_path
09:45:18 INFO  Dir:   software_management_end_to_end/
09:45:18 INFO  Title: Install package to directory specified in tedge config set tmp.path
09:45:18 INFO  ==============================================================
09:45:18 INFO  Testing the apt plugin is not supported on this platform.Use parameter -XmyPlatform='container' to enable it ... skipped
09:45:18 WARN  Aborted test due to SKIPPED outcome
09:45:18 INFO  
09:45:18 INFO  Test duration: 0.06 secs
09:45:18 INFO  Test final outcome:  SKIPPED
09:45:18 INFO  Test outcome reason: Testing the apt plugin is not supported on this platform.Use parameter -XmyPlatform='container' to enable it
09:45:18 INFO  
</system-out>
	</testcase>
<testcase classname="AptInstallWithDownloadPath" name="SoftwareManagement.sm_apt_install_download_path">
		<failure message="BLOCKED: AssertionError:" type="BLOCKED" />
		<system-out>10:08:19 INFO  ==============================================================
10:08:19 INFO  Id:    SoftwareManagement.sm_apt_install_download_path
10:08:19 INFO  Dir:   software_management_end_to_end/
10:08:19 INFO  Title: Install package to directory specified in tedge config set tmp.path
10:08:19 INFO  ==============================================================
10:08:19 INFO  Using sw id database: {'asciijump': '5475369', 'robotfindskitten': '5474869', 'squirrel3': '5475279', 'rolldice': '5152439', 'moon-buggy': '5439204', 'apple': '5495053', 'banana': '5494888', 'cherry': '5495382', 'watermelon': '5494510', 'registry': '8018911', 'hello-world': '8021526', 'docker/getting-started': '8021973', 'alpine': '7991792'}
10:08:19 INFO  EnvironmentC8y Setup
10:08:20 INFO  Executed systemctl&lt;serv_mapper1&gt;, exit status 3
10:08:34 INFO  Executed sudo&lt;tedge_connect_c8y&gt;, exit status 0, duration 14 secs
10:08:36 INFO  Executed sudo&lt;tedge_connect_c8y_test&gt;, exit status 0
10:08:37 INFO  Executed systemctl&lt;serv_mosq2&gt;, exit status 0
10:08:37 INFO  Executed systemctl&lt;serv_mapper3&gt;, exit status 0
10:08:40 INFO  State of current operation: SUCCESSFUL
10:08:40 INFO  Assert that (False == value) with value=False ... passed
10:08:40 INFO  Executed sudo, exit status 0
10:08:41 INFO  Executed sudo, exit status 0
10:08:42 INFO  Executed sudo, exit status 0
10:08:45 INFO  Executed sudo&lt;tedge_disconnect_c8y&gt;, exit status 0
10:08:46 INFO  Restarting mosquitto too frequently in the last 10 seconds. It was only up for 3 seconds
10:08:46 INFO  Delaying execution by 8 seconds
10:09:07 INFO  Executed sudo&lt;tedge_connect_c8y&gt;, exit status 0, duration 13 secs
10:09:08 INFO  Response status: 201
10:09:08 INFO  Response to action: {
    "creationTime": "2022-05-20T10:09:08.032Z",
    "deviceId": "19314048",
    "deviceName": "m32sd10d",
    "self": "https://t493319102.eu-latest.cumulocity.com/devicecontrol/operations/19389845",
    "id": "19389845",
    "status": "PENDING",
    "description": "Apply software changes, triggered from PySys: [{'name': 'rolldice', 'id': '5152439', 'version': '::apt', 'url': 'https://thin-edge-io.eu-latest.cumulocity.com/inventory/binaries/12435463', 'action': 'install'}]",
    "c8y_SoftwareUpdate": [
        {
            "name": "rolldice",
            "action": "install",
            "id": "5152439",
            "version": "::apt",
            "url": "https://thin-edge-io.eu-latest.cumulocity.com/inventory/binaries/12435463"
        }
    ]
}
10:09:08 INFO  Started operation: {'creationTime': '2022-05-20T10:09:08.032Z', 'deviceId': '19314048', 'deviceName': 'm32sd10d', 'self': 'https://t493319102.eu-latest.cumulocity.com/devicecontrol/operations/19389845', 'id': '19389845', 'status': 'PENDING', 'description': "Apply software changes, triggered from PySys: [{'name': 'rolldice', 'id': '5152439', 'version': '::apt', 'url': 'https://thin-edge-io.eu-latest.cumulocity.com/inventory/binaries/12435463', 'action': 'install'}]", 'c8y_SoftwareUpdate': [{'name': 'rolldice', 'action': 'install', 'id': '5152439', 'version': '::apt', 'url': 'https://thin-edge-io.eu-latest.cumulocity.com/inventory/binaries/12435463'}]}
10:09:08 WARN  , retrying in 0.5 seconds...
10:09:08 WARN  , retrying in 0.5 seconds...
10:09:09 WARN  , retrying in 0.5 seconds...
10:09:09 WARN  , retrying in 0.5 seconds...
10:09:10 WARN  , retrying in 0.5 seconds...
10:09:10 WARN  , retrying in 0.5 seconds...
10:09:11 WARN  , retrying in 0.5 seconds...
10:09:11 WARN  , retrying in 0.5 seconds...
10:09:12 WARN  , retrying in 0.5 seconds...
10:09:12 WARN  AssertionError occurred while running test - 
Traceback (most recent call last):
  File "/home/pi/env-pysys/lib/python3.7/site-packages/pysys/baserunner.py", line 1294, in __call__
    self.testObj.execute()
  File "/home/pi/actions-runner/_work/thin-edge.io/thin-edge.io/tests/PySys/software_management_end_to_end/sm_apt_install_download_path/run.py", line 83, in execute
    assert_install_in_download_path(install_directory=self.DOWNLOAD_DIR)
  File "/home/pi/env-pysys/lib/python3.7/site-packages/decorator.py", line 232, in fun
    return caller(func, *(extras + args), **kw)
  File "/home/pi/env-pysys/lib/python3.7/site-packages/retry/api.py", line 74, in retry_decorator
    logger)
  File "/home/pi/env-pysys/lib/python3.7/site-packages/retry/api.py", line 33, in __retry_internal
    return f()
  File "/home/pi/actions-runner/_work/thin-edge.io/thin-edge.io/tests/PySys/software_management_end_to_end/sm_apt_install_download_path/run.py", line 28, in assert_install_in_download_path
    assert "rolldice" in os.listdir(f"{install_directory}")
AssertionError
10:09:13 WARN  AssertionError: ... blocked 
10:09:13 INFO  
10:09:13 INFO  cleanup:
10:09:13 INFO  Executed sudo, exit status 0
10:09:14 INFO  Executed sudo, exit status 0
10:09:18 INFO  Executed sudo&lt;tedge_disconnect_c8y&gt;, exit status 0
10:09:18 INFO  Restarting mosquitto too frequently in the last 10 seconds. It was only up for 3 seconds
10:09:18 INFO  Delaying execution by 8 seconds
10:09:40 INFO  Executed sudo&lt;tedge_connect_c8y&gt;, exit status 0, duration 14 secs
10:09:44 INFO  Executed sudo&lt;tedge_disconnect_c8y&gt;, exit status 0
10:09:45 INFO  Executed systemctl&lt;serv_mapper5&gt;, exit status 3
10:09:45 INFO  
10:09:45 INFO  Test duration: 86.34 secs
10:09:45 INFO  Test final outcome:  BLOCKED
10:09:45 INFO  Test outcome reason: AssertionError:
10:09:45 INFO  
</system-out>
	</testcase>
<testcase classname="AptInstallWithDownloadPath" name="SoftwareManagement.sm_apt_install_download_path">
		<failure message="BLOCKED: AssertionError:" type="BLOCKED" />
		<system-out>10:35:10 INFO  ==============================================================
10:35:10 INFO  Id:    SoftwareManagement.sm_apt_install_download_path
10:35:10 INFO  Dir:   software_management_end_to_end/
10:35:10 INFO  Title: Install package to directory specified in tedge config set tmp.path
10:35:10 INFO  ==============================================================
10:35:11 INFO  Using sw id database: {'asciijump': '5475369', 'robotfindskitten': '5474869', 'squirrel3': '5475279', 'rolldice': '5152439', 'moon-buggy': '5439204', 'apple': '5495053', 'banana': '5494888', 'cherry': '5495382', 'watermelon': '5494510', 'registry': '8018911', 'hello-world': '8021526', 'docker/getting-started': '8021973', 'alpine': '7991792'}
10:35:11 INFO  EnvironmentC8y Setup
10:35:12 INFO  Executed systemctl&lt;serv_mapper1&gt;, exit status 3
10:35:26 INFO  Executed sudo&lt;tedge_connect_c8y&gt;, exit status 0, duration 14 secs
10:35:27 INFO  Executed sudo&lt;tedge_connect_c8y_test&gt;, exit status 0
10:35:27 INFO  Executed systemctl&lt;serv_mosq2&gt;, exit status 0
10:35:28 INFO  Executed systemctl&lt;serv_mapper3&gt;, exit status 0
10:35:30 INFO  State of current operation: SUCCESSFUL
10:35:30 INFO  Assert that (False == value) with value=False ... passed
10:35:31 INFO  Executed sudo, exit status 0
10:35:31 INFO  Executed sudo, exit status 0
10:35:32 INFO  Executed sudo, exit status 0
10:35:36 INFO  Executed sudo&lt;tedge_disconnect_c8y&gt;, exit status 0
10:35:36 INFO  Restarting mosquitto too frequently in the last 10 seconds. It was only up for 3 seconds
10:35:36 INFO  Delaying execution by 8 seconds
10:35:58 INFO  Executed sudo&lt;tedge_connect_c8y&gt;, exit status 0, duration 13 secs
10:35:58 INFO  Response status: 201
10:35:58 INFO  Response to action: {
    "creationTime": "2022-05-20T10:35:58.325Z",
    "deviceId": "19314048",
    "deviceName": "m32sd10d",
    "self": "https://t493319102.eu-latest.cumulocity.com/devicecontrol/operations/19394568",
    "id": "19394568",
    "status": "PENDING",
    "description": "Apply software changes, triggered from PySys: [{'name': 'rolldice', 'id': '5152439', 'version': '::apt', 'url': 'https://thin-edge-io.eu-latest.cumulocity.com/inventory/binaries/12435463', 'action': 'install'}]",
    "c8y_SoftwareUpdate": [
        {
            "name": "rolldice",
            "action": "install",
            "id": "5152439",
            "version": "::apt",
            "url": "https://thin-edge-io.eu-latest.cumulocity.com/inventory/binaries/12435463"
        }
    ]
}
10:35:58 INFO  Started operation: {'creationTime': '2022-05-20T10:35:58.325Z', 'deviceId': '19314048', 'deviceName': 'm32sd10d', 'self': 'https://t493319102.eu-latest.cumulocity.com/devicecontrol/operations/19394568', 'id': '19394568', 'status': 'PENDING', 'description': "Apply software changes, triggered from PySys: [{'name': 'rolldice', 'id': '5152439', 'version': '::apt', 'url': 'https://thin-edge-io.eu-latest.cumulocity.com/inventory/binaries/12435463', 'action': 'install'}]", 'c8y_SoftwareUpdate': [{'name': 'rolldice', 'action': 'install', 'id': '5152439', 'version': '::apt', 'url': 'https://thin-edge-io.eu-latest.cumulocity.com/inventory/binaries/12435463'}]}
10:35:58 WARN  , retrying in 0.5 seconds...
10:35:58 WARN  , retrying in 0.5 seconds...
10:35:59 WARN  , retrying in 0.5 seconds...
10:35:59 WARN  , retrying in 0.5 seconds...
10:36:00 WARN  , retrying in 0.5 seconds...
10:36:00 WARN  , retrying in 0.5 seconds...
10:36:01 WARN  , retrying in 0.5 seconds...
10:36:01 WARN  , retrying in 0.5 seconds...
10:36:02 WARN  , retrying in 0.5 seconds...
10:36:02 WARN  AssertionError occurred while running test - 
Traceback (most recent call last):
  File "/home/pi/env-pysys/lib/python3.7/site-packages/pysys/baserunner.py", line 1294, in __call__
    self.testObj.execute()
  File "/home/pi/actions-runner/_work/thin-edge.io/thin-edge.io/tests/PySys/software_management_end_to_end/sm_apt_install_download_path/run.py", line 83, in execute
    assert_install_in_download_path(install_directory=self.DOWNLOAD_DIR)
  File "/home/pi/env-pysys/lib/python3.7/site-packages/decorator.py", line 232, in fun
    return caller(func, *(extras + args), **kw)
  File "/home/pi/env-pysys/lib/python3.7/site-packages/retry/api.py", line 74, in retry_decorator
    logger)
  File "/home/pi/env-pysys/lib/python3.7/site-packages/retry/api.py", line 33, in __retry_internal
    return f()
  File "/home/pi/actions-runner/_work/thin-edge.io/thin-edge.io/tests/PySys/software_management_end_to_end/sm_apt_install_download_path/run.py", line 28, in assert_install_in_download_path
    assert "rolldice" in os.listdir(f"{install_directory}")
AssertionError
10:36:03 WARN  AssertionError: ... blocked 
10:36:03 INFO  
10:36:03 INFO  cleanup:
10:36:03 INFO  Executed sudo, exit status 0
10:36:04 INFO  Executed sudo, exit status 0
10:36:08 INFO  Executed sudo&lt;tedge_disconnect_c8y&gt;, exit status 0
10:36:08 INFO  Restarting mosquitto too frequently in the last 10 seconds. It was only up for 4 seconds
10:36:08 INFO  Delaying execution by 7 seconds
10:36:29 INFO  Executed sudo&lt;tedge_connect_c8y&gt;, exit status 0, duration 13 secs
10:36:33 INFO  Executed sudo&lt;tedge_disconnect_c8y&gt;, exit status 0
10:36:34 INFO  Executed systemctl&lt;serv_mapper5&gt;, exit status 3
10:36:34 INFO  
10:36:34 INFO  Test duration: 84.00 secs
10:36:34 INFO  Test final outcome:  BLOCKED
10:36:34 INFO  Test outcome reason: AssertionError:
10:36:34 INFO  
</system-out>
	</testcase>
</testsuite><testsuite name="SoftwareManagement.sm_apt_install_fail" tests="3" errors="0" failures="0" skipped="1" time="0"><testcase classname="PySysTest" name="SoftwareManagement.sm_apt_install_fail">
		<skipped message="SKIPPED: Testing the apt plugin is not supported on this platform.Use parameter -XmyPlatform='container' to enable it" />
		<system-out>09:45:18 INFO  ==============================================================
09:45:18 INFO  Id:    SoftwareManagement.sm_apt_install_fail
09:45:18 INFO  Dir:   software_management_end_to_end/
09:45:18 INFO  Title: Validate end to end behaviour for a failing installation
09:45:18 INFO  ==============================================================
09:45:18 INFO  Testing the apt plugin is not supported on this platform.Use parameter -XmyPlatform='container' to enable it ... skipped
09:45:18 WARN  Aborted test due to SKIPPED outcome
09:45:18 INFO  
09:45:18 INFO  Test duration: 0.02 secs
09:45:18 INFO  Test final outcome:  SKIPPED
09:45:18 INFO  Test outcome reason: Testing the apt plugin is not supported on this platform.Use parameter -XmyPlatform='container' to enable it
09:45:18 INFO  
</system-out>
	</testcase>
<testcase classname="PySysTest" name="SoftwareManagement.sm_apt_install_fail" />
<testcase classname="PySysTest" name="SoftwareManagement.sm_apt_install_fail" />
</testsuite><testsuite name="SoftwareManagement.sm_apt_install_remove" tests="3" errors="0" failures="0" skipped="1" time="0"><testcase classname="PySysTest" name="SoftwareManagement.sm_apt_install_remove">
		<skipped message="SKIPPED: Testing the apt plugin is not supported on this platform.Use parameter -XmyPlatform='container' to enable it" />
		<system-out>09:45:18 INFO  ==============================================================
09:45:18 INFO  Id:    SoftwareManagement.sm_apt_install_remove
09:45:18 INFO  Dir:   software_management_end_to_end/
09:45:18 INFO  Title: Validate end to end behaviour for the apt plugin for installation and removal of packages
09:45:18 INFO  ==============================================================
09:45:18 INFO  Testing the apt plugin is not supported on this platform.Use parameter -XmyPlatform='container' to enable it ... skipped
09:45:18 WARN  Aborted test due to SKIPPED outcome
09:45:18 INFO  
09:45:18 INFO  Test duration: 0.02 secs
09:45:18 INFO  Test final outcome:  SKIPPED
09:45:18 INFO  Test outcome reason: Testing the apt plugin is not supported on this platform.Use parameter -XmyPlatform='container' to enable it
09:45:18 INFO  
</system-out>
	</testcase>
<testcase classname="PySysTest" name="SoftwareManagement.sm_apt_install_remove" />
<testcase classname="PySysTest" name="SoftwareManagement.sm_apt_install_remove" />
</testsuite><testsuite name="SoftwareManagement.sm_apt_install_remove_default" tests="3" errors="0" failures="0" skipped="1" time="0"><testcase classname="PySysTest" name="SoftwareManagement.sm_apt_install_remove_default">
		<skipped message="SKIPPED: Testing the apt plugin is not supported on this platform.Use parameter -XmyPlatform='container' to enable it" />
		<system-out>09:45:19 INFO  ==============================================================
09:45:19 INFO  Id:    SoftwareManagement.sm_apt_install_remove_default
09:45:19 INFO  Dir:   software_management_end_to_end/
09:45:19 INFO  Title: Validate end to end behaviour for the default plugin for installation and removal of packages
09:45:19 INFO  ==============================================================
09:45:19 INFO  Testing the apt plugin is not supported on this platform.Use parameter -XmyPlatform='container' to enable it ... skipped
09:45:19 WARN  Aborted test due to SKIPPED outcome
09:45:19 INFO  
09:45:19 INFO  Test duration: 0.02 secs
09:45:19 INFO  Test final outcome:  SKIPPED
09:45:19 INFO  Test outcome reason: Testing the apt plugin is not supported on this platform.Use parameter -XmyPlatform='container' to enable it
09:45:19 INFO  
</system-out>
	</testcase>
<testcase classname="PySysTest" name="SoftwareManagement.sm_apt_install_remove_default" />
<testcase classname="PySysTest" name="SoftwareManagement.sm_apt_install_remove_default" />
</testsuite><testsuite name="SoftwareManagement.sm_apt_install_remove_multiple" tests="3" errors="0" failures="2" skipped="1" time="0"><testcase classname="PySysTest" name="SoftwareManagement.sm_apt_install_remove_multiple">
		<skipped message="SKIPPED: Testing the apt plugin is not supported on this platform.Use parameter -XmyPlatform='container' to enable it" />
		<system-out>09:45:19 INFO  ==============================================================
09:45:19 INFO  Id:    SoftwareManagement.sm_apt_install_remove_multiple
09:45:19 INFO  Dir:   software_management_end_to_end/
09:45:19 INFO  Title: Validate end to end behaviour for the apt plugin for multiple packages
09:45:19 INFO  ==============================================================
09:45:19 INFO  Testing the apt plugin is not supported on this platform.Use parameter -XmyPlatform='container' to enable it ... skipped
09:45:19 WARN  Aborted test due to SKIPPED outcome
09:45:19 INFO  
09:45:19 INFO  Test duration: 0.02 secs
09:45:19 INFO  Test final outcome:  SKIPPED
09:45:19 INFO  Test outcome reason: Testing the apt plugin is not supported on this platform.Use parameter -XmyPlatform='container' to enable it
09:45:19 INFO  
</system-out>
	</testcase>
<testcase classname="PySysTest" name="SoftwareManagement.sm_apt_install_remove_multiple">
		<failure message="FAILED: Assert that (False == value) with value=True" type="FAILED" />
		<system-out>10:16:29 INFO  ==============================================================
10:16:29 INFO  Id:    SoftwareManagement.sm_apt_install_remove_multiple
10:16:29 INFO  Dir:   software_management_end_to_end/
10:16:29 INFO  Title: Validate end to end behaviour for the apt plugin for multiple packages
10:16:29 INFO  ==============================================================
10:16:29 INFO  Using sw id database: {'asciijump': '5475369', 'robotfindskitten': '5474869', 'squirrel3': '5475279', 'rolldice': '5152439', 'moon-buggy': '5439204', 'apple': '5495053', 'banana': '5494888', 'cherry': '5495382', 'watermelon': '5494510', 'registry': '8018911', 'hello-world': '8021526', 'docker/getting-started': '8021973', 'alpine': '7991792'}
10:16:29 INFO  EnvironmentC8y Setup
10:16:29 INFO  Executed systemctl&lt;serv_mapper1&gt;, exit status 3
10:16:30 INFO  Restarting mosquitto too frequently in the last 10 seconds. It was only up for 4 seconds
10:16:30 INFO  Delaying execution by 7 seconds
10:16:50 INFO  Executed sudo&lt;tedge_connect_c8y&gt;, exit status 0, duration 13 secs
10:16:51 INFO  Executed sudo&lt;tedge_connect_c8y_test&gt;, exit status 0
10:16:52 INFO  Executed systemctl&lt;serv_mosq2&gt;, exit status 0
10:16:52 INFO  Executed systemctl&lt;serv_mapper3&gt;, exit status 0
10:16:54 INFO  State of current operation: SUCCESSFUL
10:16:55 INFO  Assert that (False == value) with value=False ... passed
10:16:55 INFO  Assert that (False == value) with value=False ... passed
10:16:55 INFO  Assert that (False == value) with value=False ... passed
10:16:55 INFO  Package robotfindskitten is installed
10:16:55 WARN  Assert that (False == value) with value=True ... failed 
10:16:56 INFO  Response status: 201
10:16:56 INFO  Response to action: {
    "delivery": {
        "log": [],
        "time": "2022-05-20T10:16:56.042Z",
        "status": "PENDING"
    },
    "creationTime": "2022-05-20T10:16:56.026Z",
    "deviceId": "19314048",
    "deviceName": "m32sd10d",
    "self": "https://t493319102.eu-latest.cumulocity.com/devicecontrol/operations/19394424",
    "id": "19394424",
    "status": "PENDING",
    "description": "Apply software changes, triggered from PySys: [{'action': 'install', 'id': '5475369', 'name': 'asciijump', 'url': ' ', 'version': '::apt'}, {'action': 'install', 'id': '5474869', 'name': 'robotfindskitten', 'url': ' ', 'version': '::apt'}, {'action': 'install', 'id': '5475279', 'name': 'squirrel3', 'url': ' ', 'version': '::apt'}]",
    "c8y_SoftwareUpdate": [
        {
            "name": "asciijump",
            "action": "install",
            "id": "5475369",
            "version": "::apt",
            "url": " "
        },
        {
            "name": "robotfindskitten",
            "action": "install",
            "id": "5474869",
            "version": "::apt",
            "url": " "
        },
        {
            "name": "squirrel3",
            "action": "install",
            "id": "5475279",
            "version": "::apt",
            "url": " "
        }
    ]
}
10:16:56 INFO  Started operation: {'delivery': {'log': [], 'time': '2022-05-20T10:16:56.042Z', 'status': 'PENDING'}, 'creationTime': '2022-05-20T10:16:56.026Z', 'deviceId': '19314048', 'deviceName': 'm32sd10d', 'self': 'https://t493319102.eu-latest.cumulocity.com/devicecontrol/operations/19394424', 'id': '19394424', 'status': 'PENDING', 'description': "Apply software changes, triggered from PySys: [{'action': 'install', 'id': '5475369', 'name': 'asciijump', 'url': ' ', 'version': '::apt'}, {'action': 'install', 'id': '5474869', 'name': 'robotfindskitten', 'url': ' ', 'version': '::apt'}, {'action': 'install', 'id': '5475279', 'name': 'squirrel3', 'url': ' ', 'version': '::apt'}]", 'c8y_SoftwareUpdate': [{'name': 'asciijump', 'action': 'install', 'id': '5475369', 'version': '::apt', 'url': ' '}, {'name': 'robotfindskitten', 'action': 'install', 'id': '5474869', 'version': '::apt', 'url': ' '}, {'name': 'squirrel3', 'action': 'install', 'id': '5475279', 'version': '::apt', 'url': ' '}]}
10:16:58 INFO  State of operation 19394424 : PENDING
10:17:00 INFO  State of operation 19394424 : EXECUTING
10:17:02 INFO  State of operation 19394424 : EXECUTING
10:17:04 INFO  State of operation 19394424 : EXECUTING
10:17:07 INFO  State of operation 19394424 : EXECUTING
10:17:09 INFO  State of operation 19394424 : EXECUTING
10:17:12 INFO  State of operation 19394424 : EXECUTING
10:17:14 INFO  State of operation 19394424 : EXECUTING
10:17:17 INFO  State of operation 19394424 : EXECUTING
10:17:19 INFO  State of operation 19394424 : EXECUTING
10:17:21 INFO  State of operation 19394424 : EXECUTING
10:17:24 INFO  State of operation 19394424 : EXECUTING
10:17:26 INFO  State of operation 19394424 : EXECUTING
10:17:28 INFO  State of operation 19394424 : EXECUTING
10:17:30 INFO  State of operation 19394424 : EXECUTING
10:17:33 INFO  State of operation 19394424 : EXECUTING
10:17:35 INFO  State of operation 19394424 : EXECUTING
10:17:38 INFO  State of operation 19394424 : EXECUTING
10:17:40 INFO  State of operation 19394424 : EXECUTING
10:17:42 INFO  State of operation 19394424 : EXECUTING
10:17:45 INFO  State of operation 19394424 : EXECUTING
10:17:47 INFO  State of operation 19394424 : EXECUTING
10:17:50 INFO  State of operation 19394424 : EXECUTING
10:17:52 INFO  State of operation 19394424 : EXECUTING
10:17:55 INFO  State of operation 19394424 : EXECUTING
10:17:57 INFO  State of operation 19394424 : EXECUTING
10:17:59 INFO  State of operation 19394424 : EXECUTING
10:18:01 INFO  State of operation 19394424 : EXECUTING
10:18:03 INFO  State of operation 19394424 : EXECUTING
10:18:06 INFO  State of operation 19394424 : EXECUTING
10:18:08 INFO  State of operation 19394424 : EXECUTING
10:18:10 INFO  State of operation 19394424 : EXECUTING
10:18:12 INFO  State of operation 19394424 : EXECUTING
10:18:15 INFO  State of operation 19394424 : EXECUTING
10:18:17 INFO  State of operation 19394424 : SUCCESSFUL
10:18:17 INFO  Assert that (False == value) with value=False ... passed
10:18:17 INFO  Package asciijump is installed
10:18:17 INFO  Assert that (True == value) with value=True ... passed
10:18:18 INFO  Package squirrel3 is installed
10:18:18 INFO  Assert that (True == value) with value=True ... passed
10:18:18 INFO  Package robotfindskitten is installed
10:18:18 INFO  Assert that (True == value) with value=True ... passed
10:18:18 INFO  Response status: 201
10:18:18 INFO  Response to action: {
    "delivery": {
        "log": [],
        "time": "2022-05-20T10:18:18.529Z",
        "status": "PENDING"
    },
    "creationTime": "2022-05-20T10:18:18.512Z",
    "deviceId": "19314048",
    "deviceName": "m32sd10d",
    "self": "https://t493319102.eu-latest.cumulocity.com/devicecontrol/operations/19394438",
    "id": "19394438",
    "status": "PENDING",
    "description": "Apply software changes, triggered from PySys: [{'action': 'delete', 'id': '5475369', 'name': 'asciijump', 'url': ' ', 'version': '::apt'}, {'action': 'delete', 'id': '5474869', 'name': 'robotfindskitten', 'url': ' ', 'version': '::apt'}, {'action': 'delete', 'id': '5475279', 'name': 'squirrel3', 'url': ' ', 'version': '::apt'}]",
    "c8y_SoftwareUpdate": [
        {
            "name": "asciijump",
            "action": "delete",
            "id": "5475369",
            "version": "::apt",
            "url": " "
        },
        {
            "name": "robotfindskitten",
            "action": "delete",
            "id": "5474869",
            "version": "::apt",
            "url": " "
        },
        {
            "name": "squirrel3",
            "action": "delete",
            "id": "5475279",
            "version": "::apt",
            "url": " "
        }
    ]
}
10:18:18 INFO  Started operation: {'delivery': {'log': [], 'time': '2022-05-20T10:18:18.529Z', 'status': 'PENDING'}, 'creationTime': '2022-05-20T10:18:18.512Z', 'deviceId': '19314048', 'deviceName': 'm32sd10d', 'self': 'https://t493319102.eu-latest.cumulocity.com/devicecontrol/operations/19394438', 'id': '19394438', 'status': 'PENDING', 'description': "Apply software changes, triggered from PySys: [{'action': 'delete', 'id': '5475369', 'name': 'asciijump', 'url': ' ', 'version': '::apt'}, {'action': 'delete', 'id': '5474869', 'name': 'robotfindskitten', 'url': ' ', 'version': '::apt'}, {'action': 'delete', 'id': '5475279', 'name': 'squirrel3', 'url': ' ', 'version': '::apt'}]", 'c8y_SoftwareUpdate': [{'name': 'asciijump', 'action': 'delete', 'id': '5475369', 'version': '::apt', 'url': ' '}, {'name': 'robotfindskitten', 'action': 'delete', 'id': '5474869', 'version': '::apt', 'url': ' '}, {'name': 'squirrel3', 'action': 'delete', 'id': '5475279', 'version': '::apt', 'url': ' '}]}
10:18:20 INFO  State of operation 19394438 : PENDING
10:18:23 INFO  State of operation 19394438 : EXECUTING
10:18:25 INFO  State of operation 19394438 : EXECUTING
10:18:27 INFO  State of operation 19394438 : EXECUTING
10:18:29 INFO  State of operation 19394438 : EXECUTING
10:18:31 INFO  State of operation 19394438 : EXECUTING
10:18:34 INFO  State of operation 19394438 : EXECUTING
10:18:37 INFO  State of operation 19394438 : EXECUTING
10:18:40 INFO  State of operation 19394438 : EXECUTING
10:18:42 INFO  State of operation 19394438 : EXECUTING
10:18:44 INFO  State of operation 19394438 : EXECUTING
10:18:46 INFO  State of operation 19394438 : EXECUTING
10:18:49 INFO  State of operation 19394438 : EXECUTING
10:18:51 INFO  State of operation 19394438 : EXECUTING
10:18:53 INFO  State of operation 19394438 : EXECUTING
10:18:56 INFO  State of operation 19394438 : EXECUTING
10:18:58 INFO  State of operation 19394438 : EXECUTING
10:19:01 INFO  State of operation 19394438 : EXECUTING
10:19:03 INFO  State of operation 19394438 : EXECUTING
10:19:05 INFO  State of operation 19394438 : EXECUTING
10:19:07 INFO  State of operation 19394438 : EXECUTING
10:19:10 INFO  State of operation 19394438 : EXECUTING
10:19:12 INFO  State of operation 19394438 : EXECUTING
10:19:14 INFO  State of operation 19394438 : EXECUTING
10:19:17 INFO  State of operation 19394438 : EXECUTING
10:19:19 INFO  State of operation 19394438 : EXECUTING
10:19:22 INFO  State of operation 19394438 : EXECUTING
10:19:24 INFO  State of operation 19394438 : SUCCESSFUL
10:19:24 INFO  Assert that (False == value) with value=False ... passed
10:19:24 INFO  Assert that (False == value) with value=False ... passed
10:19:25 INFO  Assert that (False == value) with value=False ... passed
10:19:25 INFO  Assert that (False == value) with value=False ... passed
10:19:25 INFO  
10:19:25 INFO  cleanup:
10:19:29 INFO  Executed sudo&lt;tedge_disconnect_c8y&gt;, exit status 0
10:19:29 INFO  Executed systemctl&lt;serv_mapper5&gt;, exit status 3
10:19:29 INFO  
10:19:29 INFO  Test duration: 180.62 secs
10:19:29 INFO  Test final outcome:  FAILED
10:19:29 INFO  Test outcome reason: Assert that (False == value) with value=True
10:19:29 INFO  
</system-out>
	</testcase>
<testcase classname="PySysTest" name="SoftwareManagement.sm_apt_install_remove_multiple">
		<failure message="FAILED: Assert that (False == value) with value=True (+2 other failures)" type="FAILED" />
		<system-out>10:43:08 INFO  ==============================================================
10:43:08 INFO  Id:    SoftwareManagement.sm_apt_install_remove_multiple
10:43:08 INFO  Dir:   software_management_end_to_end/
10:43:08 INFO  Title: Validate end to end behaviour for the apt plugin for multiple packages
10:43:08 INFO  ==============================================================
10:43:08 INFO  Using sw id database: {'asciijump': '5475369', 'robotfindskitten': '5474869', 'squirrel3': '5475279', 'rolldice': '5152439', 'moon-buggy': '5439204', 'apple': '5495053', 'banana': '5494888', 'cherry': '5495382', 'watermelon': '5494510', 'registry': '8018911', 'hello-world': '8021526', 'docker/getting-started': '8021973', 'alpine': '7991792'}
10:43:08 INFO  EnvironmentC8y Setup
10:43:09 INFO  Executed systemctl&lt;serv_mapper1&gt;, exit status 3
10:43:09 INFO  Restarting mosquitto too frequently in the last 10 seconds. It was only up for 4 seconds
10:43:09 INFO  Delaying execution by 7 seconds
10:43:29 INFO  Executed sudo&lt;tedge_connect_c8y&gt;, exit status 0, duration 13 secs
10:43:30 INFO  Executed sudo&lt;tedge_connect_c8y_test&gt;, exit status 0
10:43:30 INFO  Executed systemctl&lt;serv_mosq2&gt;, exit status 0
10:43:31 INFO  Executed systemctl&lt;serv_mapper3&gt;, exit status 0
10:43:33 INFO  State of current operation: SUCCESSFUL
10:43:34 INFO  Assert that (False == value) with value=False ... passed
10:43:34 INFO  Package asciijump is installed
10:43:34 WARN  Assert that (False == value) with value=True ... failed 
10:43:34 INFO  Package squirrel3 is installed
10:43:34 WARN  Assert that (False == value) with value=True ... failed 
10:43:35 INFO  Package robotfindskitten is installed
10:43:35 WARN  Assert that (False == value) with value=True ... failed 
10:43:35 INFO  Response status: 201
10:43:35 INFO  Response to action: {
    "creationTime": "2022-05-20T10:43:35.244Z",
    "deviceId": "19314048",
    "deviceName": "m32sd10d",
    "self": "https://t493319102.eu-latest.cumulocity.com/devicecontrol/operations/19394652",
    "id": "19394652",
    "status": "PENDING",
    "description": "Apply software changes, triggered from PySys: [{'action': 'install', 'id': '5475369', 'name': 'asciijump', 'url': ' ', 'version': '::apt'}, {'action': 'install', 'id': '5474869', 'name': 'robotfindskitten', 'url': ' ', 'version': '::apt'}, {'action': 'install', 'id': '5475279', 'name': 'squirrel3', 'url': ' ', 'version': '::apt'}]",
    "c8y_SoftwareUpdate": [
        {
            "name": "asciijump",
            "action": "install",
            "id": "5475369",
            "version": "::apt",
            "url": " "
        },
        {
            "name": "robotfindskitten",
            "action": "install",
            "id": "5474869",
            "version": "::apt",
            "url": " "
        },
        {
            "name": "squirrel3",
            "action": "install",
            "id": "5475279",
            "version": "::apt",
            "url": " "
        }
    ]
}
10:43:35 INFO  Started operation: {'creationTime': '2022-05-20T10:43:35.244Z', 'deviceId': '19314048', 'deviceName': 'm32sd10d', 'self': 'https://t493319102.eu-latest.cumulocity.com/devicecontrol/operations/19394652', 'id': '19394652', 'status': 'PENDING', 'description': "Apply software changes, triggered from PySys: [{'action': 'install', 'id': '5475369', 'name': 'asciijump', 'url': ' ', 'version': '::apt'}, {'action': 'install', 'id': '5474869', 'name': 'robotfindskitten', 'url': ' ', 'version': '::apt'}, {'action': 'install', 'id': '5475279', 'name': 'squirrel3', 'url': ' ', 'version': '::apt'}]", 'c8y_SoftwareUpdate': [{'name': 'asciijump', 'action': 'install', 'id': '5475369', 'version': '::apt', 'url': ' '}, {'name': 'robotfindskitten', 'action': 'install', 'id': '5474869', 'version': '::apt', 'url': ' '}, {'name': 'squirrel3', 'action': 'install', 'id': '5475279', 'version': '::apt', 'url': ' '}]}
10:43:37 INFO  State of operation 19394652 : PENDING
10:43:39 INFO  State of operation 19394652 : EXECUTING
10:43:41 INFO  State of operation 19394652 : EXECUTING
10:43:44 INFO  State of operation 19394652 : EXECUTING
10:43:46 INFO  State of operation 19394652 : EXECUTING
10:43:48 INFO  State of operation 19394652 : EXECUTING
10:43:51 INFO  State of operation 19394652 : EXECUTING
10:43:54 INFO  State of operation 19394652 : EXECUTING
10:43:56 INFO  State of operation 19394652 : EXECUTING
10:43:59 INFO  State of operation 19394652 : EXECUTING
10:44:01 INFO  State of operation 19394652 : EXECUTING
10:44:03 INFO  State of operation 19394652 : EXECUTING
10:44:05 INFO  State of operation 19394652 : EXECUTING
10:44:07 INFO  State of operation 19394652 : EXECUTING
10:44:10 INFO  State of operation 19394652 : EXECUTING
10:44:12 INFO  State of operation 19394652 : SUCCESSFUL
10:44:12 INFO  Assert that (False == value) with value=False ... passed
10:44:12 INFO  Package asciijump is installed
10:44:12 INFO  Assert that (True == value) with value=True ... passed
10:44:13 INFO  Package squirrel3 is installed
10:44:13 INFO  Assert that (True == value) with value=True ... passed
10:44:13 INFO  Package robotfindskitten is installed
10:44:13 INFO  Assert that (True == value) with value=True ... passed
10:44:13 INFO  Response status: 201
10:44:13 INFO  Response to action: {
    "creationTime": "2022-05-20T10:44:13.475Z",
    "deviceId": "19314048",
    "deviceName": "m32sd10d",
    "self": "https://t493319102.eu-latest.cumulocity.com/devicecontrol/operations/19394660",
    "id": "19394660",
    "status": "PENDING",
    "description": "Apply software changes, triggered from PySys: [{'action': 'delete', 'id': '5475369', 'name': 'asciijump', 'url': ' ', 'version': '::apt'}, {'action': 'delete', 'id': '5474869', 'name': 'robotfindskitten', 'url': ' ', 'version': '::apt'}, {'action': 'delete', 'id': '5475279', 'name': 'squirrel3', 'url': ' ', 'version': '::apt'}]",
    "c8y_SoftwareUpdate": [
        {
            "name": "asciijump",
            "action": "delete",
            "id": "5475369",
            "version": "::apt",
            "url": " "
        },
        {
            "name": "robotfindskitten",
            "action": "delete",
            "id": "5474869",
            "version": "::apt",
            "url": " "
        },
        {
            "name": "squirrel3",
            "action": "delete",
            "id": "5475279",
            "version": "::apt",
            "url": " "
        }
    ]
}
10:44:13 INFO  Started operation: {'creationTime': '2022-05-20T10:44:13.475Z', 'deviceId': '19314048', 'deviceName': 'm32sd10d', 'self': 'https://t493319102.eu-latest.cumulocity.com/devicecontrol/operations/19394660', 'id': '19394660', 'status': 'PENDING', 'description': "Apply software changes, triggered from PySys: [{'action': 'delete', 'id': '5475369', 'name': 'asciijump', 'url': ' ', 'version': '::apt'}, {'action': 'delete', 'id': '5474869', 'name': 'robotfindskitten', 'url': ' ', 'version': '::apt'}, {'action': 'delete', 'id': '5475279', 'name': 'squirrel3', 'url': ' ', 'version': '::apt'}]", 'c8y_SoftwareUpdate': [{'name': 'asciijump', 'action': 'delete', 'id': '5475369', 'version': '::apt', 'url': ' '}, {'name': 'robotfindskitten', 'action': 'delete', 'id': '5474869', 'version': '::apt', 'url': ' '}, {'name': 'squirrel3', 'action': 'delete', 'id': '5475279', 'version': '::apt', 'url': ' '}]}
10:44:15 INFO  State of operation 19394660 : PENDING
10:44:17 INFO  State of operation 19394660 : EXECUTING
10:44:20 INFO  State of operation 19394660 : EXECUTING
10:44:22 INFO  State of operation 19394660 : EXECUTING
10:44:24 INFO  State of operation 19394660 : EXECUTING
10:44:26 INFO  State of operation 19394660 : EXECUTING
10:44:29 INFO  State of operation 19394660 : EXECUTING
10:44:32 INFO  State of operation 19394660 : EXECUTING
10:44:34 INFO  State of operation 19394660 : EXECUTING
10:44:37 INFO  State of operation 19394660 : EXECUTING
10:44:39 INFO  State of operation 19394660 : EXECUTING
10:44:41 INFO  State of operation 19394660 : EXECUTING
10:44:43 INFO  State of operation 19394660 : EXECUTING
10:44:46 INFO  State of operation 19394660 : EXECUTING
10:44:48 INFO  State of operation 19394660 : EXECUTING
10:44:50 INFO  State of operation 19394660 : EXECUTING
10:44:52 INFO  State of operation 19394660 : EXECUTING
10:44:55 INFO  State of operation 19394660 : EXECUTING
10:44:57 INFO  State of operation 19394660 : EXECUTING
10:45:00 INFO  State of operation 19394660 : EXECUTING
10:45:02 INFO  State of operation 19394660 : EXECUTING
10:45:04 INFO  State of operation 19394660 : EXECUTING
10:45:06 INFO  State of operation 19394660 : EXECUTING
10:45:09 INFO  State of operation 19394660 : EXECUTING
10:45:11 INFO  State of operation 19394660 : EXECUTING
10:45:14 INFO  State of operation 19394660 : EXECUTING
10:45:16 INFO  State of operation 19394660 : EXECUTING
10:45:18 INFO  State of operation 19394660 : EXECUTING
10:45:20 INFO  State of operation 19394660 : EXECUTING
10:45:23 INFO  State of operation 19394660 : SUCCESSFUL
10:45:23 INFO  Assert that (False == value) with value=False ... passed
10:45:23 INFO  Assert that (False == value) with value=False ... passed
10:45:23 INFO  Assert that (False == value) with value=False ... passed
10:45:24 INFO  Assert that (False == value) with value=False ... passed
10:45:24 INFO  
10:45:24 INFO  cleanup:
10:45:28 INFO  Executed sudo&lt;tedge_disconnect_c8y&gt;, exit status 0
10:45:28 INFO  Executed systemctl&lt;serv_mapper5&gt;, exit status 3
10:45:28 INFO  
10:45:28 INFO  Test duration: 140.36 secs
10:45:28 INFO  Test final outcome:  FAILED
10:45:28 INFO  Test outcome reason: Assert that (False == value) with value=True (+2 other failures)
10:45:28 INFO  
</system-out>
	</testcase>
</testsuite><testsuite name="SoftwareManagement.sm_apt_install_remove_multiple_mixed" tests="3" errors="0" failures="2" skipped="1" time="0"><testcase classname="PySysTest" name="SoftwareManagement.sm_apt_install_remove_multiple_mixed">
		<skipped message="SKIPPED: Testing the apt plugin is not supported on this platform.Use parameter -XmyPlatform='container' to enable it" />
		<system-out>09:45:19 INFO  ==============================================================
09:45:19 INFO  Id:    SoftwareManagement.sm_apt_install_remove_multiple_mixed
09:45:19 INFO  Dir:   software_management_end_to_end/
09:45:19 INFO  Title: Validate end to end behaviour for the apt plugin for multiple packages with mixed versions
09:45:19 INFO  ==============================================================
09:45:19 INFO  Testing the apt plugin is not supported on this platform.Use parameter -XmyPlatform='container' to enable it ... skipped
09:45:19 WARN  Aborted test due to SKIPPED outcome
09:45:19 INFO  
09:45:19 INFO  Test duration: 0.02 secs
09:45:19 INFO  Test final outcome:  SKIPPED
09:45:19 INFO  Test outcome reason: Testing the apt plugin is not supported on this platform.Use parameter -XmyPlatform='container' to enable it
09:45:19 INFO  
</system-out>
	</testcase>
<testcase classname="PySysTest" name="SoftwareManagement.sm_apt_install_remove_multiple_mixed">
		<failure message="BLOCKED: SystemError: Timeout while waiting for status SUCCESSFUL or False" type="BLOCKED" />
		<system-out>10:19:30 INFO  ==============================================================
10:19:30 INFO  Id:    SoftwareManagement.sm_apt_install_remove_multiple_mixed
10:19:30 INFO  Dir:   software_management_end_to_end/
10:19:30 INFO  Title: Validate end to end behaviour for the apt plugin for multiple packages with mixed versions
10:19:30 INFO  ==============================================================
10:19:30 INFO  Using sw id database: {'asciijump': '5475369', 'robotfindskitten': '5474869', 'squirrel3': '5475279', 'rolldice': '5152439', 'moon-buggy': '5439204', 'apple': '5495053', 'banana': '5494888', 'cherry': '5495382', 'watermelon': '5494510', 'registry': '8018911', 'hello-world': '8021526', 'docker/getting-started': '8021973', 'alpine': '7991792'}
10:19:30 INFO  EnvironmentC8y Setup
10:19:30 INFO  Executed systemctl&lt;serv_mapper1&gt;, exit status 3
10:19:30 INFO  Restarting mosquitto too frequently in the last 10 seconds. It was only up for 5 seconds
10:19:30 INFO  Delaying execution by 6 seconds
10:19:50 INFO  Executed sudo&lt;tedge_connect_c8y&gt;, exit status 0, duration 13 secs
10:19:51 INFO  Executed sudo&lt;tedge_connect_c8y_test&gt;, exit status 0
10:19:51 INFO  Executed systemctl&lt;serv_mosq2&gt;, exit status 0
10:19:52 INFO  Executed systemctl&lt;serv_mapper3&gt;, exit status 0
10:19:54 INFO  State of current operation: SUCCESSFUL
10:19:54 INFO  Assert that (False == value) with value=False ... passed
10:19:54 INFO  Assert that (False == value) with value=False ... passed
10:19:54 INFO  Assert that (False == value) with value=False ... passed
10:19:55 INFO  Assert that (False == value) with value=False ... passed
10:19:55 INFO  Assert that (False == value) with value=False ... passed
10:19:56 INFO  Response status: 201
10:19:56 INFO  Response to action: {
    "creationTime": "2022-05-20T10:19:56.528Z",
    "deviceId": "19314048",
    "deviceName": "m32sd10d",
    "self": "https://t493319102.eu-latest.cumulocity.com/devicecontrol/operations/19394456",
    "id": "19394456",
    "status": "PENDING",
    "description": "Apply software changes, triggered from PySys: [{'action': 'install', 'id': '5475369', 'name': 'asciijump', 'url': ' ', 'version': '::apt'}, {'action': 'install', 'id': '5474869', 'name': 'robotfindskitten', 'url': ' ', 'version': ' '}, {'action': 'install', 'id': '5475279', 'name': 'squirrel3', 'url': ' ', 'version': '3.1-7::apt'}, {'action': 'install', 'id': '5152439', 'name': 'rolldice', 'url': ' ', 'version': '1.16-1+b1'}, {'action': 'install', 'id': '5439204', 'name': 'moon-buggy', 'url': ' ', 'version': '1:1.0.51-12'}, {'action': 'install', 'id': '5475369', 'name': 'asciijump', 'url': ' ', 'version': '::apt'}]",
    "c8y_SoftwareUpdate": [
        {
            "name": "asciijump",
            "action": "install",
            "id": "5475369",
            "version": "::apt",
            "url": " "
        },
        {
            "name": "robotfindskitten",
            "action": "install",
            "id": "5474869",
            "version": " ",
            "url": " "
        },
        {
            "name": "squirrel3",
            "action": "install",
            "id": "5475279",
            "version": "3.1-7::apt",
            "url": " "
        },
        {
            "name": "rolldice",
            "action": "install",
            "id": "5152439",
            "version": "1.16-1+b1",
            "url": " "
        },
        {
            "name": "moon-buggy",
            "action": "install",
            "id": "5439204",
            "version": "1:1.0.51-12",
            "url": " "
        },
        {
            "name": "asciijump",
            "action": "install",
            "id": "5475369",
            "version": "::apt",
            "url": " "
        }
    ]
}
10:19:56 INFO  Started operation: {'creationTime': '2022-05-20T10:19:56.528Z', 'deviceId': '19314048', 'deviceName': 'm32sd10d', 'self': 'https://t493319102.eu-latest.cumulocity.com/devicecontrol/operations/19394456', 'id': '19394456', 'status': 'PENDING', 'description': "Apply software changes, triggered from PySys: [{'action': 'install', 'id': '5475369', 'name': 'asciijump', 'url': ' ', 'version': '::apt'}, {'action': 'install', 'id': '5474869', 'name': 'robotfindskitten', 'url': ' ', 'version': ' '}, {'action': 'install', 'id': '5475279', 'name': 'squirrel3', 'url': ' ', 'version': '3.1-7::apt'}, {'action': 'install', 'id': '5152439', 'name': 'rolldice', 'url': ' ', 'version': '1.16-1+b1'}, {'action': 'install', 'id': '5439204', 'name': 'moon-buggy', 'url': ' ', 'version': '1:1.0.51-12'}, {'action': 'install', 'id': '5475369', 'name': 'asciijump', 'url': ' ', 'version': '::apt'}]", 'c8y_SoftwareUpdate': [{'name': 'asciijump', 'action': 'install', 'id': '5475369', 'version': '::apt', 'url': ' '}, {'name': 'robotfindskitten', 'action': 'install', 'id': '5474869', 'version': ' ', 'url': ' '}, {'name': 'squirrel3', 'action': 'install', 'id': '5475279', 'version': '3.1-7::apt', 'url': ' '}, {'name': 'rolldice', 'action': 'install', 'id': '5152439', 'version': '1.16-1+b1', 'url': ' '}, {'name': 'moon-buggy', 'action': 'install', 'id': '5439204', 'version': '1:1.0.51-12', 'url': ' '}, {'name': 'asciijump', 'action': 'install', 'id': '5475369', 'version': '::apt', 'url': ' '}]}
10:19:58 INFO  State of operation 19394456 : PENDING
10:20:01 INFO  State of operation 19394456 : EXECUTING
10:20:03 INFO  State of operation 19394456 : EXECUTING
10:20:05 INFO  State of operation 19394456 : EXECUTING
10:20:07 INFO  State of operation 19394456 : EXECUTING
10:20:09 INFO  State of operation 19394456 : EXECUTING
10:20:12 INFO  State of operation 19394456 : EXECUTING
10:20:15 INFO  State of operation 19394456 : EXECUTING
10:20:18 INFO  State of operation 19394456 : EXECUTING
10:20:20 INFO  State of operation 19394456 : EXECUTING
10:20:22 INFO  State of operation 19394456 : EXECUTING
10:20:24 INFO  State of operation 19394456 : EXECUTING
10:20:27 INFO  State of operation 19394456 : EXECUTING
10:20:29 INFO  State of operation 19394456 : EXECUTING
10:20:31 INFO  State of operation 19394456 : EXECUTING
10:20:33 INFO  State of operation 19394456 : EXECUTING
10:20:36 INFO  State of operation 19394456 : EXECUTING
10:20:38 INFO  State of operation 19394456 : EXECUTING
10:20:41 INFO  State of operation 19394456 : EXECUTING
10:20:43 INFO  State of operation 19394456 : EXECUTING
10:20:45 INFO  State of operation 19394456 : EXECUTING
10:20:48 INFO  State of operation 19394456 : EXECUTING
10:20:50 INFO  State of operation 19394456 : EXECUTING
10:20:53 INFO  State of operation 19394456 : EXECUTING
10:20:55 INFO  State of operation 19394456 : EXECUTING
10:20:59 INFO  State of operation 19394456 : EXECUTING
10:21:01 INFO  State of operation 19394456 : EXECUTING
10:21:03 INFO  State of operation 19394456 : EXECUTING
10:21:05 INFO  State of operation 19394456 : EXECUTING
10:21:08 INFO  State of operation 19394456 : EXECUTING
10:21:10 INFO  State of operation 19394456 : EXECUTING
10:21:12 INFO  State of operation 19394456 : EXECUTING
10:21:14 INFO  State of operation 19394456 : EXECUTING
10:21:17 INFO  State of operation 19394456 : EXECUTING
10:21:19 INFO  State of operation 19394456 : EXECUTING
10:21:21 INFO  State of operation 19394456 : EXECUTING
10:21:23 INFO  State of operation 19394456 : EXECUTING
10:21:26 INFO  State of operation 19394456 : EXECUTING
10:21:29 INFO  State of operation 19394456 : EXECUTING
10:21:31 INFO  State of operation 19394456 : EXECUTING
10:21:34 INFO  State of operation 19394456 : EXECUTING
10:21:36 INFO  State of operation 19394456 : EXECUTING
10:21:38 INFO  State of operation 19394456 : EXECUTING
10:21:40 INFO  State of operation 19394456 : EXECUTING
10:21:43 INFO  State of operation 19394456 : EXECUTING
10:21:45 INFO  State of operation 19394456 : EXECUTING
10:21:47 INFO  State of operation 19394456 : EXECUTING
10:21:49 INFO  State of operation 19394456 : EXECUTING
10:21:52 INFO  State of operation 19394456 : EXECUTING
10:21:54 INFO  State of operation 19394456 : EXECUTING
10:21:57 INFO  State of operation 19394456 : EXECUTING
10:21:59 INFO  State of operation 19394456 : EXECUTING
10:22:02 INFO  State of operation 19394456 : EXECUTING
10:22:04 INFO  State of operation 19394456 : EXECUTING
10:22:07 INFO  State of operation 19394456 : EXECUTING
10:22:09 INFO  State of operation 19394456 : EXECUTING
10:22:12 INFO  State of operation 19394456 : EXECUTING
10:22:14 INFO  State of operation 19394456 : EXECUTING
10:22:17 INFO  State of operation 19394456 : EXECUTING
10:22:19 INFO  State of operation 19394456 : EXECUTING
10:22:22 INFO  State of operation 19394456 : EXECUTING
10:22:24 WARN  SystemError occurred while running test - Timeout while waiting for status SUCCESSFUL or False
Traceback (most recent call last):
  File "/home/pi/env-pysys/lib/python3.7/site-packages/pysys/baserunner.py", line 1294, in __call__
    self.testObj.execute()
  File "/home/pi/actions-runner/_work/thin-edge.io/thin-edge.io/tests/PySys/software_management_end_to_end/sm_apt_install_remove_multiple_mixed/run.py", line 89, in execute
    self.wait_until_succcess()
  File "/home/pi/actions-runner/_work/thin-edge.io/thin-edge.io/tests/PySys/software_management_end_to_end/environment_sm_management.py", line 324, in wait_until_succcess
    self.wait_until_status("SUCCESSFUL")
  File "/home/pi/actions-runner/_work/thin-edge.io/thin-edge.io/tests/PySys/software_management_end_to_end/environment_sm_management.py", line 381, in wait_until_status
    "Timeout while waiting for status %s or %s" % (status, status2)
SystemError: Timeout while waiting for status SUCCESSFUL or False
10:22:24 WARN  SystemError: Timeout while waiting for status SUCCESSFUL or False ... blocked 
10:22:24 INFO  
10:22:24 INFO  cleanup:
10:22:28 INFO  Executed sudo&lt;tedge_disconnect_c8y&gt;, exit status 0
10:22:29 INFO  Executed systemctl&lt;serv_mapper5&gt;, exit status 3
10:22:29 INFO  
10:22:29 INFO  Test duration: 179.19 secs
10:22:29 INFO  Test final outcome:  BLOCKED
10:22:29 INFO  Test outcome reason: SystemError: Timeout while waiting for status SUCCESSFUL or False
10:22:29 INFO  
</system-out>
	</testcase>
<testcase classname="PySysTest" name="SoftwareManagement.sm_apt_install_remove_multiple_mixed">
		<failure message="BLOCKED: SystemError: Timeout while waiting for status SUCCESSFUL or False (+1 other failures)" type="BLOCKED" />
		<system-out>10:45:28 INFO  ==============================================================
10:45:28 INFO  Id:    SoftwareManagement.sm_apt_install_remove_multiple_mixed
10:45:28 INFO  Dir:   software_management_end_to_end/
10:45:28 INFO  Title: Validate end to end behaviour for the apt plugin for multiple packages with mixed versions
10:45:28 INFO  ==============================================================
10:45:28 INFO  Using sw id database: {'asciijump': '5475369', 'robotfindskitten': '5474869', 'squirrel3': '5475279', 'rolldice': '5152439', 'moon-buggy': '5439204', 'apple': '5495053', 'banana': '5494888', 'cherry': '5495382', 'watermelon': '5494510', 'registry': '8018911', 'hello-world': '8021526', 'docker/getting-started': '8021973', 'alpine': '7991792'}
10:45:28 INFO  EnvironmentC8y Setup
10:45:29 INFO  Executed systemctl&lt;serv_mapper1&gt;, exit status 3
10:45:29 INFO  Restarting mosquitto too frequently in the last 10 seconds. It was only up for 5 seconds
10:45:29 INFO  Delaying execution by 6 seconds
10:45:49 INFO  Executed sudo&lt;tedge_connect_c8y&gt;, exit status 0, duration 13 secs
10:45:49 INFO  Executed sudo&lt;tedge_connect_c8y_test&gt;, exit status 0
10:45:50 INFO  Executed systemctl&lt;serv_mosq2&gt;, exit status 0
10:45:50 INFO  Executed systemctl&lt;serv_mapper3&gt;, exit status 0
10:45:53 INFO  State of current operation: SUCCESSFUL
10:45:53 INFO  Assert that (False == value) with value=False ... passed
10:45:53 INFO  Assert that (False == value) with value=False ... passed
10:45:53 INFO  Assert that (False == value) with value=False ... passed
10:45:54 INFO  Assert that (False == value) with value=False ... passed
10:45:54 INFO  Package moon-buggy is installed
10:45:54 WARN  Assert that (False == value) with value=True ... failed 
10:45:55 INFO  Response status: 201
10:45:55 INFO  Response to action: {
    "creationTime": "2022-05-20T10:45:55.605Z",
    "deviceId": "19314048",
    "deviceName": "m32sd10d",
    "self": "https://t493319102.eu-latest.cumulocity.com/devicecontrol/operations/19394672",
    "id": "19394672",
    "status": "PENDING",
    "description": "Apply software changes, triggered from PySys: [{'action': 'install', 'id': '5475369', 'name': 'asciijump', 'url': ' ', 'version': '::apt'}, {'action': 'install', 'id': '5474869', 'name': 'robotfindskitten', 'url': ' ', 'version': ' '}, {'action': 'install', 'id': '5475279', 'name': 'squirrel3', 'url': ' ', 'version': '3.1-7::apt'}, {'action': 'install', 'id': '5152439', 'name': 'rolldice', 'url': ' ', 'version': '1.16-1+b1'}, {'action': 'install', 'id': '5439204', 'name': 'moon-buggy', 'url': ' ', 'version': '1:1.0.51-12'}, {'action': 'install', 'id': '5475369', 'name': 'asciijump', 'url': ' ', 'version': '::apt'}]",
    "c8y_SoftwareUpdate": [
        {
            "name": "asciijump",
            "action": "install",
            "id": "5475369",
            "version": "::apt",
            "url": " "
        },
        {
            "name": "robotfindskitten",
            "action": "install",
            "id": "5474869",
            "version": " ",
            "url": " "
        },
        {
            "name": "squirrel3",
            "action": "install",
            "id": "5475279",
            "version": "3.1-7::apt",
            "url": " "
        },
        {
            "name": "rolldice",
            "action": "install",
            "id": "5152439",
            "version": "1.16-1+b1",
            "url": " "
        },
        {
            "name": "moon-buggy",
            "action": "install",
            "id": "5439204",
            "version": "1:1.0.51-12",
            "url": " "
        },
        {
            "name": "asciijump",
            "action": "install",
            "id": "5475369",
            "version": "::apt",
            "url": " "
        }
    ]
}
10:45:55 INFO  Started operation: {'creationTime': '2022-05-20T10:45:55.605Z', 'deviceId': '19314048', 'deviceName': 'm32sd10d', 'self': 'https://t493319102.eu-latest.cumulocity.com/devicecontrol/operations/19394672', 'id': '19394672', 'status': 'PENDING', 'description': "Apply software changes, triggered from PySys: [{'action': 'install', 'id': '5475369', 'name': 'asciijump', 'url': ' ', 'version': '::apt'}, {'action': 'install', 'id': '5474869', 'name': 'robotfindskitten', 'url': ' ', 'version': ' '}, {'action': 'install', 'id': '5475279', 'name': 'squirrel3', 'url': ' ', 'version': '3.1-7::apt'}, {'action': 'install', 'id': '5152439', 'name': 'rolldice', 'url': ' ', 'version': '1.16-1+b1'}, {'action': 'install', 'id': '5439204', 'name': 'moon-buggy', 'url': ' ', 'version': '1:1.0.51-12'}, {'action': 'install', 'id': '5475369', 'name': 'asciijump', 'url': ' ', 'version': '::apt'}]", 'c8y_SoftwareUpdate': [{'name': 'asciijump', 'action': 'install', 'id': '5475369', 'version': '::apt', 'url': ' '}, {'name': 'robotfindskitten', 'action': 'install', 'id': '5474869', 'version': ' ', 'url': ' '}, {'name': 'squirrel3', 'action': 'install', 'id': '5475279', 'version': '3.1-7::apt', 'url': ' '}, {'name': 'rolldice', 'action': 'install', 'id': '5152439', 'version': '1.16-1+b1', 'url': ' '}, {'name': 'moon-buggy', 'action': 'install', 'id': '5439204', 'version': '1:1.0.51-12', 'url': ' '}, {'name': 'asciijump', 'action': 'install', 'id': '5475369', 'version': '::apt', 'url': ' '}]}
10:45:57 INFO  State of operation 19394672 : PENDING
10:46:00 INFO  State of operation 19394672 : EXECUTING
10:46:02 INFO  State of operation 19394672 : EXECUTING
10:46:04 INFO  State of operation 19394672 : EXECUTING
10:46:06 INFO  State of operation 19394672 : EXECUTING
10:46:09 INFO  State of operation 19394672 : EXECUTING
10:46:11 INFO  State of operation 19394672 : EXECUTING
10:46:14 INFO  State of operation 19394672 : EXECUTING
10:46:17 INFO  State of operation 19394672 : EXECUTING
10:46:19 INFO  State of operation 19394672 : EXECUTING
10:46:21 INFO  State of operation 19394672 : EXECUTING
10:46:24 INFO  State of operation 19394672 : EXECUTING
10:46:26 INFO  State of operation 19394672 : EXECUTING
10:46:28 INFO  State of operation 19394672 : EXECUTING
10:46:30 INFO  State of operation 19394672 : EXECUTING
10:46:33 INFO  State of operation 19394672 : EXECUTING
10:46:35 INFO  State of operation 19394672 : EXECUTING
10:46:38 INFO  State of operation 19394672 : EXECUTING
10:46:40 INFO  State of operation 19394672 : EXECUTING
10:46:42 INFO  State of operation 19394672 : EXECUTING
10:46:45 INFO  State of operation 19394672 : EXECUTING
10:46:47 INFO  State of operation 19394672 : EXECUTING
10:46:50 INFO  State of operation 19394672 : EXECUTING
10:46:52 INFO  State of operation 19394672 : EXECUTING
10:46:55 INFO  State of operation 19394672 : EXECUTING
10:46:57 INFO  State of operation 19394672 : EXECUTING
10:46:59 INFO  State of operation 19394672 : EXECUTING
10:47:02 INFO  State of operation 19394672 : EXECUTING
10:47:04 INFO  State of operation 19394672 : EXECUTING
10:47:06 INFO  State of operation 19394672 : EXECUTING
10:47:09 INFO  State of operation 19394672 : EXECUTING
10:47:11 INFO  State of operation 19394672 : EXECUTING
10:47:13 INFO  State of operation 19394672 : EXECUTING
10:47:15 INFO  State of operation 19394672 : EXECUTING
10:47:17 INFO  State of operation 19394672 : EXECUTING
10:47:20 INFO  State of operation 19394672 : EXECUTING
10:47:22 INFO  State of operation 19394672 : EXECUTING
10:47:25 INFO  State of operation 19394672 : EXECUTING
10:47:27 INFO  State of operation 19394672 : EXECUTING
10:47:30 INFO  State of operation 19394672 : EXECUTING
10:47:32 INFO  State of operation 19394672 : EXECUTING
10:47:34 INFO  State of operation 19394672 : EXECUTING
10:47:36 INFO  State of operation 19394672 : EXECUTING
10:47:39 INFO  State of operation 19394672 : EXECUTING
10:47:41 INFO  State of operation 19394672 : EXECUTING
10:47:43 INFO  State of operation 19394672 : EXECUTING
10:47:45 INFO  State of operation 19394672 : EXECUTING
10:47:48 INFO  State of operation 19394672 : EXECUTING
10:47:51 INFO  State of operation 19394672 : EXECUTING
10:47:53 INFO  State of operation 19394672 : EXECUTING
10:47:55 INFO  State of operation 19394672 : EXECUTING
10:47:57 INFO  State of operation 19394672 : EXECUTING
10:48:00 INFO  State of operation 19394672 : EXECUTING
10:48:02 INFO  State of operation 19394672 : EXECUTING
10:48:05 INFO  State of operation 19394672 : EXECUTING
10:48:08 INFO  State of operation 19394672 : EXECUTING
10:48:10 INFO  State of operation 19394672 : EXECUTING
10:48:13 INFO  State of operation 19394672 : EXECUTING
10:48:15 INFO  State of operation 19394672 : EXECUTING
10:48:17 INFO  State of operation 19394672 : EXECUTING
10:48:20 INFO  State of operation 19394672 : EXECUTING
10:48:22 WARN  SystemError occurred while running test - Timeout while waiting for status SUCCESSFUL or False
Traceback (most recent call last):
  File "/home/pi/env-pysys/lib/python3.7/site-packages/pysys/baserunner.py", line 1294, in __call__
    self.testObj.execute()
  File "/home/pi/actions-runner/_work/thin-edge.io/thin-edge.io/tests/PySys/software_management_end_to_end/sm_apt_install_remove_multiple_mixed/run.py", line 89, in execute
    self.wait_until_succcess()
  File "/home/pi/actions-runner/_work/thin-edge.io/thin-edge.io/tests/PySys/software_management_end_to_end/environment_sm_management.py", line 324, in wait_until_succcess
    self.wait_until_status("SUCCESSFUL")
  File "/home/pi/actions-runner/_work/thin-edge.io/thin-edge.io/tests/PySys/software_management_end_to_end/environment_sm_management.py", line 381, in wait_until_status
    "Timeout while waiting for status %s or %s" % (status, status2)
SystemError: Timeout while waiting for status SUCCESSFUL or False
10:48:22 WARN  SystemError: Timeout while waiting for status SUCCESSFUL or False ... blocked 
10:48:22 INFO  
10:48:22 INFO  cleanup:
10:48:26 INFO  Executed sudo&lt;tedge_disconnect_c8y&gt;, exit status 0
10:48:27 INFO  Executed systemctl&lt;serv_mapper5&gt;, exit status 3
10:48:27 INFO  
10:48:27 INFO  Test duration: 178.31 secs
10:48:27 INFO  Test final outcome:  BLOCKED
10:48:27 INFO  Test outcome reason: SystemError: Timeout while waiting for status SUCCESSFUL or False (+1 other failures)
10:48:27 INFO  
</system-out>
	</testcase>
</testsuite><testsuite name="SoftwareManagement.sm_apt_install_remove_with_version" tests="3" errors="0" failures="0" skipped="1" time="0"><testcase classname="PySysTest" name="SoftwareManagement.sm_apt_install_remove_with_version">
		<skipped message="SKIPPED: Testing the apt plugin is not supported on this platform.Use parameter -XmyPlatform='container' to enable it" />
		<system-out>09:45:19 INFO  ==============================================================
09:45:19 INFO  Id:    SoftwareManagement.sm_apt_install_remove_with_version
09:45:19 INFO  Dir:   software_management_end_to_end/
09:45:19 INFO  Title: Validate end to end behaviour for the apt plugin for packages with version
09:45:19 INFO  ==============================================================
09:45:19 INFO  Testing the apt plugin is not supported on this platform.Use parameter -XmyPlatform='container' to enable it ... skipped
09:45:19 WARN  Aborted test due to SKIPPED outcome
09:45:19 INFO  
09:45:19 INFO  Test duration: 0.02 secs
09:45:19 INFO  Test final outcome:  SKIPPED
09:45:19 INFO  Test outcome reason: Testing the apt plugin is not supported on this platform.Use parameter -XmyPlatform='container' to enable it
09:45:19 INFO  
</system-out>
	</testcase>
<testcase classname="PySysTest" name="SoftwareManagement.sm_apt_install_remove_with_version" />
<testcase classname="PySysTest" name="SoftwareManagement.sm_apt_install_remove_with_version" />
</testsuite><testsuite name="SoftwareManagement.sm_docker_install_remove_multiple" tests="3" errors="0" failures="0" skipped="1" time="0"><testcase classname="SMDockerInstallRemove" name="SoftwareManagement.sm_docker_install_remove_multiple">
		<skipped message="SKIPPED: Testing the apt plugin is not supported on this platform.Use parameter -XmyPlatform='container' to enable it" />
		<system-out>09:45:19 INFO  ==============================================================
09:45:19 INFO  Id:    SoftwareManagement.sm_docker_install_remove_multiple
09:45:19 INFO  Dir:   software_management_end_to_end/
09:45:19 INFO  Title: Validate end to end behaviour for the docker plugin for multiple docker images with mixed versions
09:45:19 INFO  ==============================================================
09:45:19 INFO  Testing the apt plugin is not supported on this platform.Use parameter -XmyPlatform='container' to enable it ... skipped
09:45:19 WARN  Aborted test due to SKIPPED outcome
09:45:19 INFO  
09:45:19 INFO  Test duration: 0.03 secs
09:45:19 INFO  Test final outcome:  SKIPPED
09:45:19 INFO  Test outcome reason: Testing the apt plugin is not supported on this platform.Use parameter -XmyPlatform='container' to enable it
09:45:19 INFO  
</system-out>
	</testcase>
<testcase classname="SMDockerInstallRemove" name="SoftwareManagement.sm_docker_install_remove_multiple" />
<testcase classname="SMDockerInstallRemove" name="SoftwareManagement.sm_docker_install_remove_multiple" />
</testsuite><testsuite name="SoftwareManagement.sm_fake_install_remove" tests="2" errors="0" failures="0" skipped="1" time="0"><testcase classname="PySysTest" name="SoftwareManagement.sm_fake_install_remove">
		<skipped message="SKIPPED: Testing the fake plugin is not enabled.Use parameter -Xfakeplugin=fakeplugin to enable it" />
		<system-out>09:45:19 INFO  ==============================================================
09:45:19 INFO  Id:    SoftwareManagement.sm_fake_install_remove
09:45:19 INFO  Dir:   software_management_end_to_end/
09:45:19 INFO  Title: Validate end to end behaviour for the dummy plugin for installation and removal of packages
09:45:19 INFO  ==============================================================
09:45:19 INFO  Testing the fake plugin is not enabled.Use parameter -Xfakeplugin=fakeplugin to enable it ... skipped
09:45:19 WARN  Aborted test due to SKIPPED outcome
09:45:19 INFO  
09:45:19 INFO  Test duration: 0.02 secs
09:45:19 INFO  Test final outcome:  SKIPPED
09:45:19 INFO  Test outcome reason: Testing the fake plugin is not enabled.Use parameter -Xfakeplugin=fakeplugin to enable it
09:45:19 INFO  
</system-out>
	</testcase>
<testcase classname="PySysTest" name="SoftwareManagement.sm_fake_install_remove" />
</testsuite><testsuite name="SoftwareManagement.sm_fake_install_remove_multiple" tests="2" errors="0" failures="0" skipped="1" time="0"><testcase classname="PySysTest" name="SoftwareManagement.sm_fake_install_remove_multiple">
		<skipped message="SKIPPED: Testing the fake plugin is not enabled.Use parameter -Xfakeplugin=fakeplugin to enable it" />
		<system-out>09:45:19 INFO  ==============================================================
09:45:19 INFO  Id:    SoftwareManagement.sm_fake_install_remove_multiple
09:45:19 INFO  Dir:   software_management_end_to_end/
09:45:19 INFO  Title: Validate end to end behaviour for the dummy-plugin for multiple packages
09:45:19 INFO  ==============================================================
09:45:19 INFO  Testing the fake plugin is not enabled.Use parameter -Xfakeplugin=fakeplugin to enable it ... skipped
09:45:19 WARN  Aborted test due to SKIPPED outcome
09:45:19 INFO  
09:45:19 INFO  Test duration: 0.03 secs
09:45:19 INFO  Test final outcome:  SKIPPED
09:45:19 INFO  Test outcome reason: Testing the fake plugin is not enabled.Use parameter -Xfakeplugin=fakeplugin to enable it
09:45:19 INFO  
</system-out>
	</testcase>
<testcase classname="PySysTest" name="SoftwareManagement.sm_fake_install_remove_multiple" />
</testsuite><testsuite name="SoftwareManagement.sm_mapper_fail_and_reconnect" tests="2" errors="0" failures="0" skipped="2" time="0"><testcase classname="MapperC8yReceiveLastMessageOnRestart" name="SoftwareManagement.sm_mapper_fail_and_reconnect">
		<skipped message="SKIPPED: instable https://github.com/thin-edge/thin-edge.io/issues/752" />
		<system-out>09:45:19 INFO  ==============================================================
09:45:19 INFO  Id:    SoftwareManagement.sm_mapper_fail_and_reconnect
09:45:19 INFO  Dir:   software_management_end_to_end/
09:45:19 INFO  Title: Validate the tedge-mapper-sm-c8y for receiving the last message on restart
09:45:19 INFO  ==============================================================
09:45:19 INFO  instable https://github.com/thin-edge/thin-edge.io/issues/752 ... skipped
09:45:19 INFO  
09:45:19 INFO  Test duration: 0.02 secs
09:45:19 INFO  Test final outcome:  SKIPPED
09:45:19 INFO  Test outcome reason: instable https://github.com/thin-edge/thin-edge.io/issues/752
09:45:19 INFO  
</system-out>
	</testcase>
<testcase classname="MapperC8yReceiveLastMessageOnRestart" name="SoftwareManagement.sm_mapper_fail_and_reconnect">
		<skipped message="SKIPPED: instable https://github.com/thin-edge/thin-edge.io/issues/752" />
		<system-out>10:55:04 INFO  ==============================================================
10:55:04 INFO  Id:    SoftwareManagement.sm_mapper_fail_and_reconnect
10:55:04 INFO  Dir:   software_management_end_to_end/
10:55:04 INFO  Title: Validate the tedge-mapper-sm-c8y for receiving the last message on restart
10:55:04 INFO  ==============================================================
10:55:04 INFO  instable https://github.com/thin-edge/thin-edge.io/issues/752 ... skipped
10:55:04 INFO  
10:55:04 INFO  Test duration: 0.07 secs
10:55:04 INFO  Test final outcome:  SKIPPED
10:55:04 INFO  Test outcome reason: instable https://github.com/thin-edge/thin-edge.io/issues/752
10:55:04 INFO  
</system-out>
	</testcase>
</testsuite><testsuite name="SoftwareManagement.sm_mixed_install_remove_multiple" tests="2" errors="0" failures="1" skipped="1" time="0"><testcase classname="PySysTest" name="SoftwareManagement.sm_mixed_install_remove_multiple">
		<skipped message="SKIPPED: Testing the fake plugin is not enabled.Use parameter -Xfakeplugin=fakeplugin to enable it" />
		<system-out>09:45:19 INFO  ==============================================================
09:45:19 INFO  Id:    SoftwareManagement.sm_mixed_install_remove_multiple
09:45:19 INFO  Dir:   software_management_end_to_end/
09:45:19 INFO  Title: Validate end to end behaviour for the dummy-plugin for multiple packages with mixed versions
09:45:19 INFO  ==============================================================
09:45:19 INFO  Testing the fake plugin is not enabled.Use parameter -Xfakeplugin=fakeplugin to enable it ... skipped
09:45:19 WARN  Aborted test due to SKIPPED outcome
09:45:19 INFO  
09:45:19 INFO  Test duration: 0.02 secs
09:45:19 INFO  Test final outcome:  SKIPPED
09:45:19 INFO  Test outcome reason: Testing the fake plugin is not enabled.Use parameter -Xfakeplugin=fakeplugin to enable it
09:45:19 INFO  
</system-out>
	</testcase>
<testcase classname="PySysTest" name="SoftwareManagement.sm_mixed_install_remove_multiple">
		<failure message="FAILED: Assert that (False == value) with value=True" type="FAILED" />
[...]
09:32:47 INFO  log response None
09:32:47 WARN  retry, retrying in 1 seconds...
09:32:48 INFO  log response https://thin-edge-io.eu-latest.cumulocity.com/event/events/19378782/binaries
09:32:49 WARN  Assert that (True == value) with value=False ... failed [run.py:43]
09:32:49 INFO  
09:32:49 INFO  cleanup:
09:32:49 INFO  Executed sudo&lt;rm_logs&gt;, exit status 0
09:32:50 INFO  Executed sudo&lt;rm_tmp_logs&gt;, exit status 0
09:32:50 INFO  Executed sudo&lt;send_failed&gt;, exit status 0
09:32:54 INFO  Executed sudo&lt;tedge_disconnect_c8y&gt;, exit status 0
09:32:55 INFO  Executed systemctl&lt;serv_mapper5&gt;, exit status 3
09:32:55 INFO  
09:32:55 INFO  Test duration: 36.37 secs
09:32:55 INFO  Test final outcome:  FAILED
09:32:55 INFO  Test outcome reason: Assert that (True == value) with value=False
09:32:55 INFO  
</system-out>
	</testcase>
</testsuite><testsuite name="log_request_num_lines" tests="1" errors="0" failures="1" skipped="0" time="0"><testcase classname="LogRequestVerifyNumberOfLines" name="log_request_num_lines">
		<failure message="FAILED: Assert that (True == value) with value=False" type="FAILED" />
		<system-out>09:32:55 INFO  ==============================================================
09:32:55 INFO  Id:    log_request_num_lines
09:32:55 INFO  Dir:   log_request_end_to_end/
09:32:55 INFO  Title: Validate end to end behaviour for the log request operation check for number of lines
09:32:55 INFO  ==============================================================
09:32:55 INFO  EnvironmentC8y Setup
09:32:56 INFO  Executed systemctl&lt;serv_mapper1&gt;, exit status 3
09:32:56 INFO  Restarting mosquitto too frequently in the last 10 seconds. It was only up for 4 seconds
09:32:56 INFO  Delaying execution by 7 seconds
09:33:17 INFO  Executed sudo&lt;tedge_connect_c8y&gt;, exit status 0, duration 14 secs
09:33:18 INFO  Executed sudo&lt;tedge_connect_c8y_test&gt;, exit status 0
09:33:18 INFO  Executed systemctl&lt;serv_mosq2&gt;, exit status 0
09:33:19 INFO  Executed systemctl&lt;serv_mapper3&gt;, exit status 0
09:33:19 INFO  Executed sudo&lt;rm_logs&gt;, exit status 0
09:33:20 INFO  Executed sudo&lt;move_logs&gt;, exit status 0
09:33:20 INFO  log response None
09:33:20 WARN  retry, retrying in 1 seconds...
09:33:21 INFO  log response https://thin-edge-io.eu-latest.cumulocity.com/event/events/19314054/binaries
09:33:21 INFO  nlines 0
09:33:22 WARN  Assert that (True == value) with value=False ... failed [run.py:44]
09:33:22 INFO  
09:33:22 INFO  cleanup:
09:33:22 INFO  Executed sudo&lt;rm_logs&gt;, exit status 0
09:33:23 INFO  Executed sudo&lt;rm_tmp_logs&gt;, exit status 0
09:33:23 INFO  Executed sudo&lt;send_failed&gt;, exit status 0
09:33:27 INFO  Executed sudo&lt;tedge_disconnect_c8y&gt;, exit status 0
09:33:28 INFO  Executed systemctl&lt;serv_mapper5&gt;, exit status 3
09:33:28 INFO  
09:33:28 INFO  Test duration: 32.93 secs
09:33:28 INFO  Test final outcome:  FAILED
09:33:28 INFO  Test outcome reason: Assert that (True == value) with value=False
09:33:28 INFO  
</system-out>
	</testcase>
</testsuite><testsuite name="mapper_awaits_before_reconnect" tests="1" errors="0" failures="1" skipped="0" time="0"><testcase classname="MapperReconnectAwait" name="mapper_awaits_before_reconnect">
		<failure message="FAILED: Line count on tedge_mapper_journal.out for &quot;tedge_mapper::core::mapper: MQTT connection error:&quot; expected &gt;=2 but got 0" type="FAILED" />
		<system-out>09:48:23 INFO  ==============================================================
09:48:23 INFO  Id:    mapper_awaits_before_reconnect
09:48:23 INFO  Dir:   tedge_mapper_c8y/
09:48:23 INFO  Title: Validate mapper doesn't reconnect too often
09:48:23 INFO  ==============================================================
09:48:23 INFO  Started mosquitto_sub with process id 4735
09:48:23 INFO  Waiting for 0.1 seconds
09:48:23 INFO  Executed sudo&lt;tedge_mapper&gt;, exit status 0
09:48:23 INFO  Waiting for 5.0 seconds
09:48:29 INFO  Executed sudo&lt;tedge_mapper&gt;, exit status 0
09:48:30 INFO  Executed sudo&lt;tedge_mapper_journal&gt;, exit status 0
09:48:30 WARN  Grep on tedge_mapper_journal.out contains "ERROR" ... failed [run.py:67]
09:48:30 INFO  Line count on file tedge_mapper_journal.out ... passed
09:48:30 WARN  Line count on tedge_mapper_journal.out for "tedge_mapper::core::mapper: MQTT connection error:" expected &gt;=2 but got 0 ... failed [run.py:78]
09:48:30 WARN  Aborted test due to FAILED outcome
09:48:30 INFO  
09:48:30 INFO  Test duration: 7.80 secs
09:48:30 INFO  Test final outcome:  FAILED
09:48:30 INFO  Test outcome reason: Line count on tedge_mapper_journal.out for "tedge_mapper::core::mapper: MQTT connection error:" expected &gt;=2 but got 0
09:48:30 INFO  
</system-out>
	</testcase>
</testsuite><testsuite name="monitoring_smaller_interval" tests="1" errors="0" failures="1" skipped="0" time="0"><testcase classname="MonitoringSmallInterval" name="monitoring_smaller_interval">
		<failure message="BLOCKED: TypeError: 'int' object is not subscriptable" type="BLOCKED" />
		<system-out>09:35:24 INFO  ==============================================================
09:35:24 INFO  Id:    monitoring_smaller_interval
09:35:24 INFO  Dir:   monitoring/
09:35:24 INFO  Title: Validate the tedge dm agent messages that are produced with smaller sampling interval than the batching window. Here the simulated collectd messages are used
09:35:24 INFO  ==============================================================
09:35:24 INFO  Executed sudo&lt;collectd&gt;, exit status 0
09:35:25 INFO  Executed sudo&lt;collectd_mapper&gt;, exit status 0
09:35:25 INFO  Started sudo&lt;tedge_sub&gt; with process id 856
09:35:26 INFO  Executed sudo&lt;tedge_temp&gt;, exit status 0
09:35:26 INFO  Executed sudo&lt;tedge_pres&gt;, exit status 0
09:35:27 INFO  Executed sudo&lt;tedge_temp&gt;, exit status 0
09:35:27 INFO  Executed sudo&lt;tedge_pres&gt;, exit status 0
09:35:28 INFO  Executed sudo&lt;tedge_temp&gt;, exit status 0
09:35:28 INFO  Executed sudo&lt;tedge_pres&gt;, exit status 0
09:35:29 INFO  Executed sudo&lt;tedge_temp&gt;, exit status 0
09:35:30 INFO  Executed sudo&lt;tedge_pres&gt;, exit status 0
09:35:30 INFO  Executed sudo&lt;tedge_temp&gt;, exit status 0
09:35:31 INFO  Executed sudo&lt;tedge_pres&gt;, exit status 0
09:35:31 INFO  Executed sudo&lt;tedge_temp&gt;, exit status 0
09:35:32 INFO  Executed sudo&lt;tedge_pres&gt;, exit status 0
09:35:32 INFO  Executed sudo&lt;tedge_temp&gt;, exit status 0
09:35:33 INFO  Executed sudo&lt;tedge_pres&gt;, exit status 0
09:35:34 INFO  Executed sudo&lt;tedge_temp&gt;, exit status 0
09:35:34 INFO  Executed sudo&lt;tedge_pres&gt;, exit status 0
09:35:35 INFO  Executed sudo&lt;tedge_temp&gt;, exit status 0
09:35:36 INFO  Executed sudo&lt;tedge_pres&gt;, exit status 0
09:35:36 INFO  Executed sudo&lt;tedge_temp&gt;, exit status 0
09:35:37 INFO  Executed sudo&lt;tedge_pres&gt;, exit status 0
09:35:38 INFO  Executed sudo&lt;kill_out&gt;, exit status 0
09:35:38 INFO  0

09:35:38 WARN  TypeError occurred while running test - 'int' object is not subscriptable
Traceback (most recent call last):
  File "/home/pi/env-pysys/lib/python3.7/site-packages/pysys/baserunner.py", line 1296, in __call__
    self.testObj.validate()
  File "/home/pi/actions-runner/_work/thin-edge.io/thin-edge.io/tests/PySys/monitoring/monitoring_smaller_interval/run.py", line 104, in validate
    collectd_msg_validation_result=self.validate_json(),
  File "/home/pi/actions-runner/_work/thin-edge.io/thin-edge.io/tests/PySys/monitoring/monitoring_smaller_interval/run.py", line 114, in validate_json
    if not self.validate_time():
  File "/home/pi/actions-runner/_work/thin-edge.io/thin-edge.io/tests/PySys/monitoring/monitoring_smaller_interval/run.py", line 134, in validate_time
    if self.js_msg["time"]:
TypeError: 'int' object is not subscriptable
09:35:38 WARN  TypeError: 'int' object is not subscriptable ... blocked 
09:35:38 INFO  
09:35:38 INFO  cleanup:
09:35:38 INFO  monitoring_cleanup
09:35:39 INFO  Executed sudo&lt;collectd_mapper&gt;, exit status 0
09:35:39 INFO  
09:35:39 INFO  Test duration: 15.02 secs
09:35:39 INFO  Test final outcome:  BLOCKED
09:35:39 INFO  Test outcome reason: TypeError: 'int' object is not subscriptable
09:35:39 INFO  
</system-out>
	</testcase>
</testsuite><testsuite name="monitoring_with_collectd" tests="1" errors="0" failures="0" skipped="1" time="0"><testcase classname="MonitoringWithCollectd" name="monitoring_with_collectd">
		<skipped message="SKIPPED: Test execution disabled due to #792 (instable)" />
		<system-out>09:35:39 INFO  ==============================================================
09:35:39 INFO  Id:    monitoring_with_collectd
09:35:39 INFO  Dir:   monitoring/
09:35:39 INFO  Title: Validate tedge dm agent messages that are produced by batching the collectd messages
09:35:39 INFO  ==============================================================
09:35:39 INFO  Test execution disabled due to #792 (instable) ... skipped
09:35:39 INFO  
09:35:39 INFO  Test duration: 0.02 secs
09:35:39 INFO  Test final outcome:  SKIPPED
09:35:39 INFO  Test outcome reason: Test execution disabled due to #792 (instable)
09:35:39 INFO  
</system-out>
	</testcase>
</testsuite><testsuite name="monitoring_with_simulated_messages" tests="1" errors="0" failures="1" skipped="0" time="0"><testcase classname="MonitoringWithSimulatedMessages" name="monitoring_with_simulated_messages">
		<failure message="BLOCKED: TypeError: 'int' object is not subscriptable" type="BLOCKED" />
		<system-out>09:35:39 INFO  ==============================================================
09:35:39 INFO  Id:    monitoring_with_simulated_messages
09:35:39 INFO  Dir:   monitoring/
09:35:39 INFO  Title: Validate the tedge dm agent messages that are produced from the simulated collectd messages
09:35:39 INFO  ==============================================================
09:35:40 INFO  Executed sudo&lt;collectd&gt;, exit status 0
09:35:40 INFO  Executed sudo&lt;collectd_mapper&gt;, exit status 0
09:35:40 INFO  Started sudo&lt;tedge_sub&gt; with process id 913
09:35:41 INFO  Executed sudo&lt;tedge_temp&gt;, exit status 0
09:35:41 INFO  Executed sudo&lt;tedge_pres&gt;, exit status 0
09:35:43 INFO  Executed sudo&lt;kill_out&gt;, exit status 0
09:35:43 INFO  0

09:35:43 WARN  TypeError occurred while running test - 'int' object is not subscriptable
Traceback (most recent call last):
  File "/home/pi/env-pysys/lib/python3.7/site-packages/pysys/baserunner.py", line 1296, in __call__
    self.testObj.validate()
  File "/home/pi/actions-runner/_work/thin-edge.io/thin-edge.io/tests/PySys/monitoring/monitoring_with_simulated_messages/run.py", line 98, in validate
    collectd_msg_validation_result=self.validate_json(),
  File "/home/pi/actions-runner/_work/thin-edge.io/thin-edge.io/tests/PySys/monitoring/monitoring_with_simulated_messages/run.py", line 108, in validate_json
    if not self.validate_time():
  File "/home/pi/actions-runner/_work/thin-edge.io/thin-edge.io/tests/PySys/monitoring/monitoring_with_simulated_messages/run.py", line 127, in validate_time
    if self.js_msg["time"]:
TypeError: 'int' object is not subscriptable
09:35:43 WARN  TypeError: 'int' object is not subscriptable ... blocked 
09:35:43 INFO  
09:35:43 INFO  cleanup:
09:35:43 INFO  monitoring_cleanup
09:35:43 INFO  Executed sudo&lt;collectd_mapper&gt;, exit status 0
09:35:43 INFO  
09:35:43 INFO  Test duration: 4.50 secs
09:35:43 INFO  Test final outcome:  BLOCKED
09:35:43 INFO  Test outcome reason: TypeError: 'int' object is not subscriptable
09:35:43 INFO  
</system-out>
	</testcase>
</testsuite><testsuite name="mqtt_port_change_connection_fails" tests="1" errors="0" failures="0" skipped="0" time="0"><testcase classname="MqttPortChangeConnectionFails" name="mqtt_port_change_connection_fails" />
</testsuite><testsuite name="mqtt_port_change_connection_works" tests="1" errors="0" failures="0" skipped="1" time="0"><testcase classname="MqttPortChangeConnectionWorks" name="mqtt_port_change_connection_works">
		<skipped message="SKIPPED: failing intermitently" />
		<system-out>09:34:03 INFO  ==============================================================
09:34:03 INFO  Id:    mqtt_port_change_connection_works
09:34:03 INFO  Dir:   misc_features/
09:34:03 INFO  Title: mqtt port change connection works for all the thin-edge services that use the mosquitto broker
09:34:03 INFO  ==============================================================
09:34:03 INFO  failing intermitently ... skipped
09:34:03 INFO  
09:34:03 INFO  Test duration: 0.02 secs
09:34:03 INFO  Test final outcome:  SKIPPED
09:34:03 INFO  Test outcome reason: failing intermitently
09:34:03 INFO  
</system-out>
	</testcase>
</testsuite><testsuite name="mqtt_port_set" tests="1" errors="0" failures="0" skipped="0" time="0"><testcase classname="MqttPortSet" name="mqtt_port_set" />
</testsuite><testsuite name="mqtt_port_unset" tests="1" errors="0" failures="0" skipped="0" time="0"><testcase classname="MqttPortUnSet" name="mqtt_port_unset" />
</testsuite><testsuite name="publish_flux" tests="1" errors="0" failures="0" skipped="0" time="0"><testcase classname="PublishFlux" name="publish_flux" />
</testsuite><testsuite name="publish_sawmill" tests="1" errors="0" failures="0" skipped="0" time="0"><testcase classname="PublishSawmill" name="publish_sawmill" />
</testsuite><testsuite name="runtime_start_two_mappers" tests="1" errors="0" failures="0" skipped="0" time="0"><testcase classname="RuntimeMultiMappers" name="runtime_start_two_mappers" />
</testsuite><testsuite name="sm_tedge_mapper_init_session" tests="1" errors="0" failures="0" skipped="0" time="0"><testcase classname="TedgeSMMapperInitSession" name="sm_tedge_mapper_init_session" />
</testsuite><testsuite name="smoketest_json" tests="1" errors="0" failures="0" skipped="0" time="0"><testcase classname="SmokeTestJson" name="smoketest_json" />
</testsuite><testsuite name="smoketest_json_400_samples_10ms" tests="1" errors="0" failures="0" skipped="0" time="0"><testcase classname="SmoketestJson400Samples10ms" name="smoketest_json_400_samples_10ms" />
</testsuite><testsuite name="smoketest_json_400_samples_20ms" tests="1" errors="0" failures="0" skipped="0" time="0"><testcase classname="SmoketestJson400Samples20ms" name="smoketest_json_400_samples_20ms" />
</testsuite><testsuite name="smoketest_smartrest" tests="1" errors="0" failures="0" skipped="0" time="0"><testcase classname="SmoketestSmartRest" name="smoketest_smartrest" />
</testsuite><testsuite name="smoketest_smartrest_400_samples_1Xms" tests="1" errors="0" failures="0" skipped="0" time="0"><testcase classname="SmoketestSmartRest400Samples1Xms" name="smoketest_smartrest_400_samples_1Xms" />
</testsuite><testsuite name="smoketest_smartrest_400_samples_20ms" tests="1" errors="0" failures="0" skipped="0" time="0"><testcase classname="SmoketestSmartRest400Samples20ms" name="smoketest_smartrest_400_samples_20ms" />
</testsuite><testsuite name="tedge_agent_user_sudo_access" tests="1" errors="0" failures="0" skipped="1" time="0"><testcase classname="TedgeAgentUserSudoAccess" name="tedge_agent_user_sudo_access">
		<skipped message="SKIPPED: #955 Observation: Exit code of the apt plugin when called with no arguments" />
		<system-out>09:45:45 INFO  ==============================================================
09:45:45 INFO  Id:    tedge_agent_user_sudo_access
09:45:45 INFO  Dir:   tedge/
09:45:45 INFO  Title: Validate tedge-agent user has a limited sudo right
09:45:45 INFO  ==============================================================
09:45:45 INFO  #955 Observation: Exit code of the apt plugin when called with no arguments ... skipped
09:45:45 INFO  
09:45:45 INFO  Test duration: 0.02 secs
09:45:45 INFO  Test final outcome:  SKIPPED
09:45:45 INFO  Test outcome reason: #955 Observation: Exit code of the apt plugin when called with no arguments
09:45:45 INFO  
</system-out>
	</testcase>
</testsuite><testsuite name="tedge_connect_test_negative" tests="1" errors="0" failures="0" skipped="0" time="0"><testcase classname="TedgeConnectTestNegative" name="tedge_connect_test_negative" />
</testsuite><testsuite name="tedge_connect_test_positive" tests="1" errors="0" failures="0" skipped="0" time="0"><testcase classname="TedgeConnectTestPositive" name="tedge_connect_test_positive" />
</testsuite><testsuite name="tedge_connect_test_sm_services" tests="1" errors="0" failures="0" skipped="0" time="0"><testcase classname="TedgeConnectTestSMServices" name="tedge_connect_test_sm_services" />
</testsuite><testsuite name="tedge_disconnect_test_sm_services" tests="1" errors="0" failures="0" skipped="0" time="0"><testcase classname="TedgeDisConnectTestSMServices" name="tedge_disconnect_test_sm_services" />
</testsuite><testsuite name="tedge_mapper_az_negative" tests="1" errors="0" failures="0" skipped="0" time="0"><testcase classname="TedgeMapperAzError" name="tedge_mapper_az_negative" />
</testsuite><testsuite name="tedge_mapper_az_with_timestamp" tests="1" errors="0" failures="0" skipped="0" time="0"><testcase classname="TedgeMapperAzWithTimestamp" name="tedge_mapper_az_with_timestamp" />
</testsuite><testsuite name="tedge_mapper_az_without_timestamp" tests="1" errors="0" failures="0" skipped="0" time="0"><testcase classname="TedgeMapperAzWithoutTimestamp" name="tedge_mapper_az_without_timestamp" />
</testsuite><testsuite name="tedge_mapper_c8y_alarms" tests="1" errors="0" failures="0" skipped="0" time="0"><testcase classname="TedgeMapperC8yAlarm" name="tedge_mapper_c8y_alarms" />
</testsuite><testsuite name="tedge_mapper_c8y_child_device_measurement" tests="1" errors="0" failures="0" skipped="0" time="0"><testcase classname="TedgeMapperC8yChildDevice" name="tedge_mapper_c8y_child_device_measurement" />
</testsuite><testsuite name="tedge_mapper_c8y_packet_threshold_size" tests="1" errors="0" failures="1" skipped="0" time="0"><testcase classname="TedgeMapperC8yThresholdPacketSize" name="tedge_mapper_c8y_packet_threshold_size">
		<failure message="FAILED: Grep on tedge_sub.out contains &quot;The size of the message received on tedge/measurements is 20489 which is greater than the threshold size of 16184.&quot;" type="FAILED" />
		<system-out>09:50:07 INFO  ==============================================================
09:50:07 INFO  Id:    tedge_mapper_c8y_packet_threshold_size
09:50:07 INFO  Dir:   tedge_mapper_c8y/
09:50:07 INFO  Title: Validate the Cumulocity Mapper accepted threshold packet size when it receives a message on tedge/measurements
09:50:07 INFO  ==============================================================
09:50:07 INFO  Executed sudo&lt;tedge_mapper_c8y&gt;, exit status 0
09:50:07 INFO  Started sudo&lt;tedge_sub&gt; with process id 5326
09:50:08 INFO  Executed sudo&lt;tedge_msg&gt;, exit status 0
09:50:09 INFO  Executed sudo&lt;tedge_pub&gt;, exit status 0
09:50:09 INFO  Executed sudo&lt;kill_out&gt;, exit status 0
09:50:09 WARN  Grep on tedge_sub.out contains "The size of the message received on tedge/measurements is 20489 which is greater than the threshold size of 16184." ... failed [run.py:88]
09:50:09 INFO  
09:50:09 INFO  cleanup:
09:50:09 INFO  mapper_cleanup
09:50:10 INFO  Executed sudo&lt;tedge_mapper_c8y&gt;, exit status 0
09:50:10 INFO  
09:50:10 INFO  Test duration: 3.08 secs
09:50:10 INFO  Test final outcome:  FAILED
09:50:10 INFO  Test outcome reason: Grep on tedge_sub.out contains "The size of the message received on tedge/measurements is 20489 which is greater than the threshold size of 16184."
09:50:10 INFO  
</system-out>
	</testcase>
</testsuite><testsuite name="tedge_software_update" tests="1" errors="0" failures="0" skipped="0" time="0"><testcase classname="PySysTest" name="tedge_software_update" />
</testsuite><testsuite name="valid_device_id" tests="1" errors="0" failures="0" skipped="0" time="0"><testcase classname="ValidateValidDeviceId" name="valid_device_id" />
</testsuite></testsuites>