<?xml version='1.0' encoding='utf-8'?>
<testsuites tests="139" failures="22" errors="0" skipped="45" time="0.0"><testsuite name="SoftwareManagement.Plugin.apama_plugin_install" tests="3" errors="0" failures="0" skipped="1" time="0"><testcase classname="ApamaPluginInstallTest" name="SoftwareManagement.Plugin.apama_plugin_install">
		<skipped message="SKIPPED: Apama plugin tests are disabled by default. Execute `pysys run` with `-XmyPlatform=container` to run these tests" />
		<system-out>18:46:54 INFO  ==============================================================
18:46:54 INFO  Id:    SoftwareManagement.Plugin.apama_plugin_install
18:46:54 INFO  Dir:   plugin_apama/
18:46:54 INFO  Title: Validate apama plugin install
18:46:54 INFO  ==============================================================
18:46:54 INFO  Apama plugin tests are disabled by default. Execute `pysys run` with `-XmyPlatform=container` to run these tests ... skipped
18:46:54 WARN  Aborted test due to SKIPPED outcome
18:46:54 INFO  
18:46:54 INFO  Test duration: 0.06 secs
18:46:54 INFO  Test final outcome:  SKIPPED
18:46:54 INFO  Test outcome reason: Apama plugin tests are disabled by default. Execute `pysys run` with `-XmyPlatform=container` to run these tests
18:46:54 INFO  
</system-out>
	</testcase>
<testcase classname="ApamaPluginInstallTest" name="SoftwareManagement.Plugin.apama_plugin_install" />
<testcase classname="ApamaPluginInstallTest" name="SoftwareManagement.Plugin.apama_plugin_install" />
</testsuite><testsuite name="SoftwareManagement.Plugin.apama_plugin_mon_support" tests="3" errors="0" failures="0" skipped="1" time="0"><testcase classname="ApamaPluginMonSupportTest" name="SoftwareManagement.Plugin.apama_plugin_mon_support">
		<skipped message="SKIPPED: Apama plugin tests are disabled by default. Execute `pysys run` with `-XmyPlatform=container` to run these tests" />
		<system-out>18:46:54 INFO  ==============================================================
18:46:54 INFO  Id:    SoftwareManagement.Plugin.apama_plugin_mon_support
18:46:54 INFO  Dir:   plugin_apama/
18:46:54 INFO  Title: Validate mon file support of apama plugin
18:46:54 INFO  ==============================================================
18:46:54 INFO  Apama plugin tests are disabled by default. Execute `pysys run` with `-XmyPlatform=container` to run these tests ... skipped
18:46:54 WARN  Aborted test due to SKIPPED outcome
18:46:54 INFO  
18:46:54 INFO  Test duration: 0.04 secs
18:46:54 INFO  Test final outcome:  SKIPPED
18:46:54 INFO  Test outcome reason: Apama plugin tests are disabled by default. Execute `pysys run` with `-XmyPlatform=container` to run these tests
18:46:54 INFO  
</system-out>
	</testcase>
<testcase classname="ApamaPluginMonSupportTest" name="SoftwareManagement.Plugin.apama_plugin_mon_support" />
<testcase classname="ApamaPluginMonSupportTest" name="SoftwareManagement.Plugin.apama_plugin_mon_support" />
</testsuite><testsuite name="SoftwareManagement.Plugin.apama_plugin_remove" tests="3" errors="0" failures="0" skipped="1" time="0"><testcase classname="ApamaPluginRemoveTest" name="SoftwareManagement.Plugin.apama_plugin_remove">
		<skipped message="SKIPPED: Apama plugin tests are disabled by default. Execute `pysys run` with `-XmyPlatform=container` to run these tests" />
		<system-out>18:46:54 INFO  ==============================================================
18:46:54 INFO  Id:    SoftwareManagement.Plugin.apama_plugin_remove
18:46:54 INFO  Dir:   plugin_apama/
18:46:54 INFO  Title: Validate apama plugin remove
18:46:54 INFO  ==============================================================
18:46:54 INFO  Apama plugin tests are disabled by default. Execute `pysys run` with `-XmyPlatform=container` to run these tests ... skipped
18:46:54 WARN  Aborted test due to SKIPPED outcome
18:46:54 INFO  
18:46:54 INFO  Test duration: 0.02 secs
18:46:54 INFO  Test final outcome:  SKIPPED
18:46:54 INFO  Test outcome reason: Apama plugin tests are disabled by default. Execute `pysys run` with `-XmyPlatform=container` to run these tests
18:46:54 INFO  
</system-out>
	</testcase>
<testcase classname="ApamaPluginRemoveTest" name="SoftwareManagement.Plugin.apama_plugin_remove" />
<testcase classname="ApamaPluginRemoveTest" name="SoftwareManagement.Plugin.apama_plugin_remove" />
</testsuite><testsuite name="SoftwareManagement.Plugin.apama_plugin_update" tests="3" errors="0" failures="2" skipped="1" time="0"><testcase classname="ApamaPluginUpdateTest" name="SoftwareManagement.Plugin.apama_plugin_update">
		<skipped message="SKIPPED: Apama plugin tests are disabled by default. Execute `pysys run` with `-XmyPlatform=container` to run these tests" />
		<system-out>18:46:54 INFO  ==============================================================
18:46:54 INFO  Id:    SoftwareManagement.Plugin.apama_plugin_update
18:46:54 INFO  Dir:   plugin_apama/
18:46:54 INFO  Title: Validate apama plugin updating one project with another
18:46:54 INFO  ==============================================================
18:46:54 INFO  Apama plugin tests are disabled by default. Execute `pysys run` with `-XmyPlatform=container` to run these tests ... skipped
18:46:54 WARN  Aborted test due to SKIPPED outcome
18:46:54 INFO  
18:46:54 INFO  Test duration: 0.02 secs
18:46:54 INFO  Test final outcome:  SKIPPED
18:46:54 INFO  Test outcome reason: Apama plugin tests are disabled by default. Execute `pysys run` with `-XmyPlatform=container` to run these tests
18:46:54 INFO  
</system-out>
	</testcase>
<testcase classname="ApamaPluginUpdateTest" name="SoftwareManagement.Plugin.apama_plugin_update">
		<failure message="BLOCKED: sudo&lt;plugin_install&gt; returned non-zero exit code 2" type="BLOCKED" />
		<system-out>19:37:04 INFO  ==============================================================
19:37:04 INFO  Id:    SoftwareManagement.Plugin.apama_plugin_update
19:37:04 INFO  Dir:   plugin_apama/
19:37:04 INFO  Title: Validate apama plugin updating one project with another
19:37:04 INFO  ==============================================================
19:37:04 INFO  Assertion that path exists=False for "/etc/tedge/apama/project" ... passed
19:37:05 INFO  Executed sudo&lt;create_project_dir&gt;, exit status 0
19:37:05 INFO  Executed sudo&lt;unzip_apama_project&gt;, exit status 0
19:37:06 INFO  Executed sudo&lt;move_apama_project&gt;, exit status 0
19:37:07 INFO  Executed sudo&lt;restart_apama_service&gt;, exit status 0
19:37:07 INFO  Executed sudo&lt;apama_correlator_wait&gt;, exit status 0
19:37:07 INFO  Assertion that path exists=True for "/etc/tedge/apama/project" ... passed
19:37:08 INFO  Executed sudo&lt;apama_list_monitors&gt;, exit status 0
19:37:08 INFO  Grep on file /home/pi/actions-runner/_work/thin-edge.io/thin-edge.io/tests/PySys/plugin_apama/apama_plugin_update/Output/linux/apama_list_monitors.out ... passed
19:37:09 WARN  Executed sudo&lt;plugin_install&gt;, exit status 2
19:37:09 INFO  Contents of plugin_install.err: 
  ERROR: Directory not empty (os error 39)
  -----

19:37:09 WARN  sudo&lt;plugin_install&gt; returned non-zero exit code 2 ... blocked [run.py:35]
19:37:09 WARN  Aborted test due to BLOCKED outcome
19:37:09 INFO  
19:37:09 INFO  cleanup:
19:37:09 INFO  Removing apama project
19:37:24 INFO  Executed sudo&lt;stop_apama_service&gt;, exit status 0, duration 15 secs
19:37:25 INFO  Executed sudo&lt;remove_apama_project&gt;, exit status 0
19:37:25 INFO  Executed sudo&lt;remove_apama_tmp_dir&gt;, exit status 0
19:37:25 INFO  
19:37:25 INFO  Test duration: 21.23 secs
19:37:25 INFO  Test final outcome:  BLOCKED
19:37:25 INFO  Test outcome reason: sudo&lt;plugin_install&gt; returned non-zero exit code 2
19:37:25 INFO  
</system-out>
	</testcase>
<testcase classname="ApamaPluginUpdateTest" name="SoftwareManagement.Plugin.apama_plugin_update">
		<failure message="BLOCKED: sudo&lt;plugin_install&gt; returned non-zero exit code 2" type="BLOCKED" />
		<system-out>19:41:14 INFO  ==============================================================
19:41:14 INFO  Id:    SoftwareManagement.Plugin.apama_plugin_update
19:41:14 INFO  Dir:   plugin_apama/
19:41:14 INFO  Title: Validate apama plugin updating one project with another
19:41:14 INFO  ==============================================================
19:41:14 INFO  Assertion that path exists=False for "/etc/tedge/apama/project" ... passed
19:41:15 INFO  Executed sudo&lt;create_project_dir&gt;, exit status 0
19:41:16 INFO  Executed sudo&lt;unzip_apama_project&gt;, exit status 0
19:41:16 INFO  Executed sudo&lt;move_apama_project&gt;, exit status 0
19:41:17 INFO  Executed sudo&lt;restart_apama_service&gt;, exit status 0
19:41:18 INFO  Executed sudo&lt;apama_correlator_wait&gt;, exit status 0
19:41:18 INFO  Assertion that path exists=True for "/etc/tedge/apama/project" ... passed
19:41:18 INFO  Executed sudo&lt;apama_list_monitors&gt;, exit status 0
19:41:18 INFO  Grep on file /home/pi/actions-runner/_work/thin-edge.io/thin-edge.io/tests/PySys/plugin_apama/apama_plugin_update/Output/linux/apama_list_monitors.out ... passed
19:41:19 WARN  Executed sudo&lt;plugin_install&gt;, exit status 2
19:41:19 INFO  Contents of plugin_install.err: 
  ERROR: Directory not empty (os error 39)
  -----

19:41:19 WARN  sudo&lt;plugin_install&gt; returned non-zero exit code 2 ... blocked [run.py:35]
19:41:19 WARN  Aborted test due to BLOCKED outcome
19:41:19 INFO  
19:41:19 INFO  cleanup:
19:41:19 INFO  Removing apama project
19:41:35 INFO  Executed sudo&lt;stop_apama_service&gt;, exit status 0, duration 15 secs
19:41:35 INFO  Executed sudo&lt;remove_apama_project&gt;, exit status 0
19:41:36 INFO  Executed sudo&lt;remove_apama_tmp_dir&gt;, exit status 0
19:41:36 INFO  
19:41:36 INFO  Test duration: 21.09 secs
19:41:36 INFO  Test final outcome:  BLOCKED
19:41:36 INFO  Test outcome reason: sudo&lt;plugin_install&gt; returned non-zero exit code 2
19:41:36 INFO  
</system-out>
	</testcase>
</testsuite><testsuite name="SoftwareManagement.sm_apt_install_download_path" tests="3" errors="0" failures="2" skipped="1" time="0"><testcase classname="AptInstallWithDownloadPath" name="SoftwareManagement.sm_apt_install_download_path">
		<skipped message="SKIPPED: Testing the apt plugin is not supported on this platform.Use parameter -XmyPlatform='container' to enable it" />
		<system-out>18:56:32 INFO  ==============================================================
18:56:32 INFO  Id:    SoftwareManagement.sm_apt_install_download_path
18:56:32 INFO  Dir:   software_management_end_to_end/
18:56:32 INFO  Title: Install package to directory specified in tedge config set tmp.path
18:56:32 INFO  ==============================================================
18:56:32 INFO  Testing the apt plugin is not supported on this platform.Use parameter -XmyPlatform='container' to enable it ... skipped
18:56:32 WARN  Aborted test due to SKIPPED outcome
18:56:32 INFO  
18:56:32 INFO  Test duration: 0.06 secs
18:56:32 INFO  Test final outcome:  SKIPPED
18:56:32 INFO  Test outcome reason: Testing the apt plugin is not supported on this platform.Use parameter -XmyPlatform='container' to enable it
18:56:32 INFO  
</system-out>
	</testcase>
<testcase classname="AptInstallWithDownloadPath" name="SoftwareManagement.sm_apt_install_download_path">
		<failure message="BLOCKED: AssertionError:" type="BLOCKED" />
		<system-out>19:19:04 INFO  ==============================================================
19:19:04 INFO  Id:    SoftwareManagement.sm_apt_install_download_path
19:19:04 INFO  Dir:   software_management_end_to_end/
19:19:04 INFO  Title: Install package to directory specified in tedge config set tmp.path
19:19:04 INFO  ==============================================================
19:19:04 INFO  Using sw id database: {'asciijump': '5475369', 'robotfindskitten': '5474869', 'squirrel3': '5475279', 'rolldice': '5152439', 'moon-buggy': '5439204', 'apple': '5495053', 'banana': '5494888', 'cherry': '5495382', 'watermelon': '5494510', 'registry': '8018911', 'hello-world': '8021526', 'docker/getting-started': '8021973', 'alpine': '7991792'}
19:19:04 INFO  EnvironmentC8y Setup
19:19:05 INFO  Executed systemctl&lt;serv_mapper1&gt;, exit status 3
19:19:19 INFO  Executed sudo&lt;tedge_connect_c8y&gt;, exit status 0, duration 14 secs
19:19:21 INFO  Executed sudo&lt;tedge_connect_c8y_test&gt;, exit status 0
19:19:22 INFO  Executed systemctl&lt;serv_mosq2&gt;, exit status 0
19:19:23 INFO  Executed systemctl&lt;serv_mapper3&gt;, exit status 0
19:19:25 INFO  State of current operation: FAILED
19:19:25 INFO  Assert that (False == value) with value=False ... passed
19:19:26 INFO  Executed sudo, exit status 0
19:19:26 INFO  Executed sudo, exit status 0
19:19:27 INFO  Executed sudo, exit status 0
19:19:31 INFO  Executed sudo&lt;tedge_disconnect_c8y&gt;, exit status 0
19:19:31 INFO  Restarting mosquitto too frequently in the last 10 seconds. It was only up for 3 seconds
19:19:31 INFO  Delaying execution by 8 seconds
19:19:53 INFO  Executed sudo&lt;tedge_connect_c8y&gt;, exit status 0, duration 14 secs
19:19:53 INFO  Response status: 201
19:19:53 INFO  Response to action: {
    "creationTime": "2022-06-22T19:19:53.861Z",
    "deviceName": "m32sd10d",
    "deviceId": "20418361",
    "self": "https://t493319102.eu-latest.cumulocity.com/devicecontrol/operations/20449260",
    "id": "20449260",
    "status": "PENDING",
    "description": "Apply software changes, triggered from PySys: [{'name': 'rolldice', 'id': '5152439', 'version': '::apt', 'url': 'https://thin-edge-io.eu-latest.cumulocity.com/inventory/binaries/12435463', 'action': 'install'}]",
    "c8y_SoftwareUpdate": [
        {
            "name": "rolldice",
            "action": "install",
            "id": "5152439",
            "version": "::apt",
            "url": "https://thin-edge-io.eu-latest.cumulocity.com/inventory/binaries/12435463"
        }
    ]
}
19:19:53 INFO  Started operation: {'creationTime': '2022-06-22T19:19:53.861Z', 'deviceName': 'm32sd10d', 'deviceId': '20418361', 'self': 'https://t493319102.eu-latest.cumulocity.com/devicecontrol/operations/20449260', 'id': '20449260', 'status': 'PENDING', 'description': "Apply software changes, triggered from PySys: [{'name': 'rolldice', 'id': '5152439', 'version': '::apt', 'url': 'https://thin-edge-io.eu-latest.cumulocity.com/inventory/binaries/12435463', 'action': 'install'}]", 'c8y_SoftwareUpdate': [{'name': 'rolldice', 'action': 'install', 'id': '5152439', 'version': '::apt', 'url': 'https://thin-edge-io.eu-latest.cumulocity.com/inventory/binaries/12435463'}]}
19:19:53 WARN  , retrying in 0.5 seconds...
19:19:54 WARN  , retrying in 0.5 seconds...
19:19:54 WARN  , retrying in 0.5 seconds...
19:19:55 WARN  , retrying in 0.5 seconds...
19:19:55 WARN  , retrying in 0.5 seconds...
19:19:56 WARN  , retrying in 0.5 seconds...
19:19:56 WARN  , retrying in 0.5 seconds...
19:19:57 WARN  , retrying in 0.5 seconds...
19:19:57 WARN  , retrying in 0.5 seconds...
19:19:58 WARN  AssertionError occurred while running test - 
Traceback (most recent call last):
  File "/home/pi/env-pysys/lib/python3.7/site-packages/pysys/baserunner.py", line 1294, in __call__
    self.testObj.execute()
  File "/home/pi/actions-runner/_work/thin-edge.io/thin-edge.io/tests/PySys/software_management_end_to_end/sm_apt_install_download_path/run.py", line 83, in execute
    assert_install_in_download_path(install_directory=self.DOWNLOAD_DIR)
  File "/home/pi/env-pysys/lib/python3.7/site-packages/decorator.py", line 232, in fun
    return caller(func, *(extras + args), **kw)
  File "/home/pi/env-pysys/lib/python3.7/site-packages/retry/api.py", line 74, in retry_decorator
    logger)
  File "/home/pi/env-pysys/lib/python3.7/site-packages/retry/api.py", line 33, in __retry_internal
    return f()
  File "/home/pi/actions-runner/_work/thin-edge.io/thin-edge.io/tests/PySys/software_management_end_to_end/sm_apt_install_download_path/run.py", line 28, in assert_install_in_download_path
    assert "rolldice" in os.listdir(f"{install_directory}")
AssertionError
19:19:59 WARN  AssertionError: ... blocked 
19:19:59 INFO  
19:19:59 INFO  cleanup:
19:19:59 INFO  Executed sudo, exit status 0
19:20:00 INFO  Executed sudo, exit status 0
19:20:04 INFO  Executed sudo&lt;tedge_disconnect_c8y&gt;, exit status 0
19:20:04 INFO  Restarting mosquitto too frequently in the last 10 seconds. It was only up for 3 seconds
19:20:04 INFO  Delaying execution by 8 seconds
19:20:26 INFO  Executed sudo&lt;tedge_connect_c8y&gt;, exit status 0, duration 14 secs
19:20:30 INFO  Executed sudo&lt;tedge_disconnect_c8y&gt;, exit status 0
19:20:31 INFO  Executed systemctl&lt;serv_mapper5&gt;, exit status 3
19:20:31 INFO  
19:20:31 INFO  Test duration: 86.84 secs
19:20:31 INFO  Test final outcome:  BLOCKED
19:20:31 INFO  Test outcome reason: AssertionError:
19:20:31 INFO  
</system-out>
	</testcase>
<testcase classname="AptInstallWithDownloadPath" name="SoftwareManagement.sm_apt_install_download_path">
		<failure message="BLOCKED: AssertionError:" type="BLOCKED" />
		<system-out>19:41:36 INFO  ==============================================================
19:41:36 INFO  Id:    SoftwareManagement.sm_apt_install_download_path
19:41:36 INFO  Dir:   software_management_end_to_end/
19:41:36 INFO  Title: Install package to directory specified in tedge config set tmp.path
19:41:36 INFO  ==============================================================
19:41:37 INFO  Using sw id database: {'asciijump': '5475369', 'robotfindskitten': '5474869', 'squirrel3': '5475279', 'rolldice': '5152439', 'moon-buggy': '5439204', 'apple': '5495053', 'banana': '5494888', 'cherry': '5495382', 'watermelon': '5494510', 'registry': '8018911', 'hello-world': '8021526', 'docker/getting-started': '8021973', 'alpine': '7991792'}
19:41:37 INFO  EnvironmentC8y Setup
19:41:37 INFO  Executed systemctl&lt;serv_mapper1&gt;, exit status 3
19:41:52 INFO  Executed sudo&lt;tedge_connect_c8y&gt;, exit status 0, duration 14 secs
19:41:52 INFO  Executed sudo&lt;tedge_connect_c8y_test&gt;, exit status 0
19:41:53 INFO  Executed systemctl&lt;serv_mosq2&gt;, exit status 0
19:41:53 INFO  Executed systemctl&lt;serv_mapper3&gt;, exit status 0
19:41:56 INFO  State of current operation: FAILED
19:41:56 INFO  Assert that (False == value) with value=False ... passed
19:41:56 INFO  Executed sudo, exit status 0
19:41:57 INFO  Executed sudo, exit status 0
19:41:58 INFO  Executed sudo, exit status 0
19:42:01 INFO  Executed sudo&lt;tedge_disconnect_c8y&gt;, exit status 0
19:42:02 INFO  Restarting mosquitto too frequently in the last 10 seconds. It was only up for 3 seconds
19:42:02 INFO  Delaying execution by 8 seconds
19:42:24 INFO  Executed sudo&lt;tedge_connect_c8y&gt;, exit status 0, duration 14 secs
19:42:24 INFO  Response status: 201
19:42:24 INFO  Response to action: {
    "delivery": {
        "log": [],
        "time": "2022-06-22T19:42:24.433Z",
        "status": "PENDING"
    },
    "creationTime": "2022-06-22T19:42:24.416Z",
    "deviceName": "m32sd10d",
    "deviceId": "20418361",
    "self": "https://t493319102.eu-latest.cumulocity.com/devicecontrol/operations/20449430",
    "id": "20449430",
    "status": "PENDING",
    "description": "Apply software changes, triggered from PySys: [{'name': 'rolldice', 'id': '5152439', 'version': '::apt', 'url': 'https://thin-edge-io.eu-latest.cumulocity.com/inventory/binaries/12435463', 'action': 'install'}]",
    "c8y_SoftwareUpdate": [
        {
            "name": "rolldice",
            "action": "install",
            "id": "5152439",
            "version": "::apt",
            "url": "https://thin-edge-io.eu-latest.cumulocity.com/inventory/binaries/12435463"
        }
    ]
}
19:42:24 INFO  Started operation: {'delivery': {'log': [], 'time': '2022-06-22T19:42:24.433Z', 'status': 'PENDING'}, 'creationTime': '2022-06-22T19:42:24.416Z', 'deviceName': 'm32sd10d', 'deviceId': '20418361', 'self': 'https://t493319102.eu-latest.cumulocity.com/devicecontrol/operations/20449430', 'id': '20449430', 'status': 'PENDING', 'description': "Apply software changes, triggered from PySys: [{'name': 'rolldice', 'id': '5152439', 'version': '::apt', 'url': 'https://thin-edge-io.eu-latest.cumulocity.com/inventory/binaries/12435463', 'action': 'install'}]", 'c8y_SoftwareUpdate': [{'name': 'rolldice', 'action': 'install', 'id': '5152439', 'version': '::apt', 'url': 'https://thin-edge-io.eu-latest.cumulocity.com/inventory/binaries/12435463'}]}
19:42:24 WARN  , retrying in 0.5 seconds...
19:42:24 WARN  , retrying in 0.5 seconds...
19:42:25 WARN  , retrying in 0.5 seconds...
19:42:25 WARN  , retrying in 0.5 seconds...
19:42:26 WARN  , retrying in 0.5 seconds...
19:42:26 WARN  , retrying in 0.5 seconds...
19:42:27 WARN  , retrying in 0.5 seconds...
19:42:27 WARN  , retrying in 0.5 seconds...
19:42:28 WARN  , retrying in 0.5 seconds...
19:42:28 WARN  AssertionError occurred while running test - 
Traceback (most recent call last):
  File "/home/pi/env-pysys/lib/python3.7/site-packages/pysys/baserunner.py", line 1294, in __call__
    self.testObj.execute()
  File "/home/pi/actions-runner/_work/thin-edge.io/thin-edge.io/tests/PySys/software_management_end_to_end/sm_apt_install_download_path/run.py", line 83, in execute
    assert_install_in_download_path(install_directory=self.DOWNLOAD_DIR)
  File "/home/pi/env-pysys/lib/python3.7/site-packages/decorator.py", line 232, in fun
    return caller(func, *(extras + args), **kw)
  File "/home/pi/env-pysys/lib/python3.7/site-packages/retry/api.py", line 74, in retry_decorator
    logger)
  File "/home/pi/env-pysys/lib/python3.7/site-packages/retry/api.py", line 33, in __retry_internal
    return f()
  File "/home/pi/actions-runner/_work/thin-edge.io/thin-edge.io/tests/PySys/software_management_end_to_end/sm_apt_install_download_path/run.py", line 28, in assert_install_in_download_path
    assert "rolldice" in os.listdir(f"{install_directory}")
AssertionError
19:42:29 WARN  AssertionError: ... blocked 
19:42:29 INFO  
19:42:29 INFO  cleanup:
19:42:29 INFO  Executed sudo, exit status 0
19:42:30 INFO  Executed sudo, exit status 0
19:42:34 INFO  Executed sudo&lt;tedge_disconnect_c8y&gt;, exit status 0
19:42:34 INFO  Restarting mosquitto too frequently in the last 10 seconds. It was only up for 4 seconds
19:42:34 INFO  Delaying execution by 7 seconds
19:42:55 INFO  Executed sudo&lt;tedge_connect_c8y&gt;, exit status 0, duration 13 secs
19:42:59 INFO  Executed sudo&lt;tedge_disconnect_c8y&gt;, exit status 0
19:43:00 INFO  Executed systemctl&lt;serv_mapper5&gt;, exit status 3
19:43:00 INFO  
19:43:00 INFO  Test duration: 84.15 secs
19:43:00 INFO  Test final outcome:  BLOCKED
19:43:00 INFO  Test outcome reason: AssertionError:
19:43:00 INFO  
</system-out>
	</testcase>
</testsuite><testsuite name="SoftwareManagement.sm_apt_install_fail" tests="3" errors="0" failures="0" skipped="1" time="0"><testcase classname="PySysTest" name="SoftwareManagement.sm_apt_install_fail">
		<skipped message="SKIPPED: Testing the apt plugin is not supported on this platform.Use parameter -XmyPlatform='container' to enable it" />
		<system-out>18:56:32 INFO  ==============================================================
18:56:32 INFO  Id:    SoftwareManagement.sm_apt_install_fail
18:56:32 INFO  Dir:   software_management_end_to_end/
18:56:32 INFO  Title: Validate end to end behaviour for a failing installation
18:56:32 INFO  ==============================================================
18:56:32 INFO  Testing the apt plugin is not supported on this platform.Use parameter -XmyPlatform='container' to enable it ... skipped
18:56:32 WARN  Aborted test due to SKIPPED outcome
18:56:32 INFO  
18:56:32 INFO  Test duration: 0.02 secs
18:56:32 INFO  Test final outcome:  SKIPPED
18:56:32 INFO  Test outcome reason: Testing the apt plugin is not supported on this platform.Use parameter -XmyPlatform='container' to enable it
18:56:32 INFO  
</system-out>
	</testcase>
<testcase classname="PySysTest" name="SoftwareManagement.sm_apt_install_fail" />
<testcase classname="PySysTest" name="SoftwareManagement.sm_apt_install_fail" />
</testsuite><testsuite name="SoftwareManagement.sm_apt_install_remove" tests="3" errors="0" failures="0" skipped="1" time="0"><testcase classname="PySysTest" name="SoftwareManagement.sm_apt_install_remove">
		<skipped message="SKIPPED: Testing the apt plugin is not supported on this platform.Use parameter -XmyPlatform='container' to enable it" />
		<system-out>18:56:32 INFO  ==============================================================
18:56:32 INFO  Id:    SoftwareManagement.sm_apt_install_remove
18:56:32 INFO  Dir:   software_management_end_to_end/
18:56:32 INFO  Title: Validate end to end behaviour for the apt plugin for installation and removal of packages
18:56:32 INFO  ==============================================================
18:56:32 INFO  Testing the apt plugin is not supported on this platform.Use parameter -XmyPlatform='container' to enable it ... skipped
18:56:32 WARN  Aborted test due to SKIPPED outcome
18:56:32 INFO  
18:56:32 INFO  Test duration: 0.02 secs
18:56:32 INFO  Test final outcome:  SKIPPED
18:56:32 INFO  Test outcome reason: Testing the apt plugin is not supported on this platform.Use parameter -XmyPlatform='container' to enable it
18:56:32 INFO  
</system-out>
	</testcase>
<testcase classname="PySysTest" name="SoftwareManagement.sm_apt_install_remove" />
<testcase classname="PySysTest" name="SoftwareManagement.sm_apt_install_remove" />
</testsuite><testsuite name="SoftwareManagement.sm_apt_install_remove_default" tests="3" errors="0" failures="0" skipped="1" time="0"><testcase classname="PySysTest" name="SoftwareManagement.sm_apt_install_remove_default">
		<skipped message="SKIPPED: Testing the apt plugin is not supported on this platform.Use parameter -XmyPlatform='container' to enable it" />
		<system-out>18:56:32 INFO  ==============================================================
18:56:32 INFO  Id:    SoftwareManagement.sm_apt_install_remove_default
18:56:32 INFO  Dir:   software_management_end_to_end/
18:56:32 INFO  Title: Validate end to end behaviour for the default plugin for installation and removal of packages
18:56:32 INFO  ==============================================================
18:56:32 INFO  Testing the apt plugin is not supported on this platform.Use parameter -XmyPlatform='container' to enable it ... skipped
18:56:32 WARN  Aborted test due to SKIPPED outcome
18:56:32 INFO  
18:56:32 INFO  Test duration: 0.02 secs
18:56:32 INFO  Test final outcome:  SKIPPED
18:56:32 INFO  Test outcome reason: Testing the apt plugin is not supported on this platform.Use parameter -XmyPlatform='container' to enable it
18:56:32 INFO  
</system-out>
	</testcase>
<testcase classname="PySysTest" name="SoftwareManagement.sm_apt_install_remove_default" />
<testcase classname="PySysTest" name="SoftwareManagement.sm_apt_install_remove_default" />
</testsuite><testsuite name="SoftwareManagement.sm_apt_install_remove_multiple" tests="3" errors="0" failures="2" skipped="1" time="0"><testcase classname="PySysTest" name="SoftwareManagement.sm_apt_install_remove_multiple">
		<skipped message="SKIPPED: Testing the apt plugin is not supported on this platform.Use parameter -XmyPlatform='container' to enable it" />
		<system-out>18:56:33 INFO  ==============================================================
18:56:33 INFO  Id:    SoftwareManagement.sm_apt_install_remove_multiple
18:56:33 INFO  Dir:   software_management_end_to_end/
18:56:33 INFO  Title: Validate end to end behaviour for the apt plugin for multiple packages
18:56:33 INFO  ==============================================================
18:56:33 INFO  Testing the apt plugin is not supported on this platform.Use parameter -XmyPlatform='container' to enable it ... skipped
18:56:33 WARN  Aborted test due to SKIPPED outcome
18:56:33 INFO  
18:56:33 INFO  Test duration: 0.02 secs
18:56:33 INFO  Test final outcome:  SKIPPED
18:56:33 INFO  Test outcome reason: Testing the apt plugin is not supported on this platform.Use parameter -XmyPlatform='container' to enable it
18:56:33 INFO  
</system-out>
	</testcase>
<testcase classname="PySysTest" name="SoftwareManagement.sm_apt_install_remove_multiple">
		<failure message="FAILED: Assert that (False == value) with value=True" type="FAILED" />
		<system-out>19:27:18 INFO  ==============================================================
19:27:18 INFO  Id:    SoftwareManagement.sm_apt_install_remove_multiple
19:27:18 INFO  Dir:   software_management_end_to_end/
19:27:18 INFO  Title: Validate end to end behaviour for the apt plugin for multiple packages
19:27:18 INFO  ==============================================================
19:27:18 INFO  Using sw id database: {'asciijump': '5475369', 'robotfindskitten': '5474869', 'squirrel3': '5475279', 'rolldice': '5152439', 'moon-buggy': '5439204', 'apple': '5495053', 'banana': '5494888', 'cherry': '5495382', 'watermelon': '5494510', 'registry': '8018911', 'hello-world': '8021526', 'docker/getting-started': '8021973', 'alpine': '7991792'}
19:27:18 INFO  EnvironmentC8y Setup
19:27:19 INFO  Executed systemctl&lt;serv_mapper1&gt;, exit status 3
19:27:19 INFO  Restarting mosquitto too frequently in the last 10 seconds. It was only up for 5 seconds
19:27:19 INFO  Delaying execution by 6 seconds
19:27:39 INFO  Executed sudo&lt;tedge_connect_c8y&gt;, exit status 0, duration 13 secs
19:27:39 INFO  Executed sudo&lt;tedge_connect_c8y_test&gt;, exit status 0
19:27:40 INFO  Executed systemctl&lt;serv_mosq2&gt;, exit status 0
19:27:40 INFO  Executed systemctl&lt;serv_mapper3&gt;, exit status 0
19:27:42 INFO  State of current operation: SUCCESSFUL
19:27:43 INFO  Assert that (False == value) with value=False ... passed
19:27:43 INFO  Assert that (False == value) with value=False ... passed
19:27:43 INFO  Assert that (False == value) with value=False ... passed
19:27:43 INFO  Package robotfindskitten is installed
19:27:43 WARN  Assert that (False == value) with value=True ... failed 
19:27:45 INFO  Response status: 201
19:27:45 INFO  Response to action: {
    "creationTime": "2022-06-22T19:27:44.758Z",
    "deviceName": "m32sd10d",
    "deviceId": "20418361",
    "self": "https://t493319102.eu-latest.cumulocity.com/devicecontrol/operations/20449347",
    "id": "20449347",
    "status": "PENDING",
    "description": "Apply software changes, triggered from PySys: [{'action': 'install', 'id': '5475369', 'name': 'asciijump', 'url': ' ', 'version': '::apt'}, {'action': 'install', 'id': '5474869', 'name': 'robotfindskitten', 'url': ' ', 'version': '::apt'}, {'action': 'install', 'id': '5475279', 'name': 'squirrel3', 'url': ' ', 'version': '::apt'}]",
    "c8y_SoftwareUpdate": [
        {
            "name": "asciijump",
            "action": "install",
            "id": "5475369",
            "version": "::apt",
            "url": " "
        },
        {
            "name": "robotfindskitten",
            "action": "install",
            "id": "5474869",
            "version": "::apt",
            "url": " "
        },
        {
            "name": "squirrel3",
            "action": "install",
            "id": "5475279",
            "version": "::apt",
            "url": " "
        }
    ]
}
19:27:45 INFO  Started operation: {'creationTime': '2022-06-22T19:27:44.758Z', 'deviceName': 'm32sd10d', 'deviceId': '20418361', 'self': 'https://t493319102.eu-latest.cumulocity.com/devicecontrol/operations/20449347', 'id': '20449347', 'status': 'PENDING', 'description': "Apply software changes, triggered from PySys: [{'action': 'install', 'id': '5475369', 'name': 'asciijump', 'url': ' ', 'version': '::apt'}, {'action': 'install', 'id': '5474869', 'name': 'robotfindskitten', 'url': ' ', 'version': '::apt'}, {'action': 'install', 'id': '5475279', 'name': 'squirrel3', 'url': ' ', 'version': '::apt'}]", 'c8y_SoftwareUpdate': [{'name': 'asciijump', 'action': 'install', 'id': '5475369', 'version': '::apt', 'url': ' '}, {'name': 'robotfindskitten', 'action': 'install', 'id': '5474869', 'version': '::apt', 'url': ' '}, {'name': 'squirrel3', 'action': 'install', 'id': '5475279', 'version': '::apt', 'url': ' '}]}
19:27:47 INFO  State of operation 20449347 : PENDING
19:27:49 INFO  State of operation 20449347 : EXECUTING
19:27:51 INFO  State of operation 20449347 : EXECUTING
19:27:53 INFO  State of operation 20449347 : EXECUTING
19:27:56 INFO  State of operation 20449347 : EXECUTING
19:27:58 INFO  State of operation 20449347 : EXECUTING
19:28:01 INFO  State of operation 20449347 : EXECUTING
19:28:04 INFO  State of operation 20449347 : EXECUTING
19:28:06 INFO  State of operation 20449347 : EXECUTING
19:28:08 INFO  State of operation 20449347 : EXECUTING
19:28:11 INFO  State of operation 20449347 : EXECUTING
19:28:13 INFO  State of operation 20449347 : EXECUTING
19:28:15 INFO  State of operation 20449347 : EXECUTING
19:28:17 INFO  State of operation 20449347 : EXECUTING
19:28:20 INFO  State of operation 20449347 : EXECUTING
19:28:22 INFO  State of operation 20449347 : EXECUTING
19:28:24 INFO  State of operation 20449347 : EXECUTING
19:28:27 INFO  State of operation 20449347 : EXECUTING
19:28:29 INFO  State of operation 20449347 : EXECUTING
19:28:32 INFO  State of operation 20449347 : EXECUTING
19:28:34 INFO  State of operation 20449347 : EXECUTING
19:28:36 INFO  State of operation 20449347 : EXECUTING
19:28:39 INFO  State of operation 20449347 : EXECUTING
19:28:42 INFO  State of operation 20449347 : EXECUTING
19:28:44 INFO  State of operation 20449347 : EXECUTING
19:28:46 INFO  State of operation 20449347 : EXECUTING
19:28:49 INFO  State of operation 20449347 : EXECUTING
19:28:51 INFO  State of operation 20449347 : EXECUTING
19:28:54 INFO  State of operation 20449347 : EXECUTING
19:28:56 INFO  State of operation 20449347 : EXECUTING
19:28:59 INFO  State of operation 20449347 : EXECUTING
19:29:01 INFO  State of operation 20449347 : EXECUTING
19:29:03 INFO  State of operation 20449347 : EXECUTING
19:29:05 INFO  State of operation 20449347 : SUCCESSFUL
19:29:05 INFO  Assert that (False == value) with value=False ... passed
19:29:06 INFO  Package asciijump is installed
19:29:06 INFO  Assert that (True == value) with value=True ... passed
19:29:06 INFO  Package squirrel3 is installed
19:29:06 INFO  Assert that (True == value) with value=True ... passed
19:29:06 INFO  Package robotfindskitten is installed
19:29:06 INFO  Assert that (True == value) with value=True ... passed
19:29:06 INFO  Response status: 201
19:29:06 INFO  Response to action: {
    "creationTime": "2022-06-22T19:29:06.791Z",
    "deviceName": "m32sd10d",
    "deviceId": "20418361",
    "self": "https://t493319102.eu-latest.cumulocity.com/devicecontrol/operations/20449363",
    "id": "20449363",
    "status": "PENDING",
    "description": "Apply software changes, triggered from PySys: [{'action': 'delete', 'id': '5475369', 'name': 'asciijump', 'url': ' ', 'version': '::apt'}, {'action': 'delete', 'id': '5474869', 'name': 'robotfindskitten', 'url': ' ', 'version': '::apt'}, {'action': 'delete', 'id': '5475279', 'name': 'squirrel3', 'url': ' ', 'version': '::apt'}]",
    "c8y_SoftwareUpdate": [
        {
            "name": "asciijump",
            "action": "delete",
            "id": "5475369",
            "version": "::apt",
            "url": " "
        },
        {
            "name": "robotfindskitten",
            "action": "delete",
            "id": "5474869",
            "version": "::apt",
            "url": " "
        },
        {
            "name": "squirrel3",
            "action": "delete",
            "id": "5475279",
            "version": "::apt",
            "url": " "
        }
    ]
}
19:29:06 INFO  Started operation: {'creationTime': '2022-06-22T19:29:06.791Z', 'deviceName': 'm32sd10d', 'deviceId': '20418361', 'self': 'https://t493319102.eu-latest.cumulocity.com/devicecontrol/operations/20449363', 'id': '20449363', 'status': 'PENDING', 'description': "Apply software changes, triggered from PySys: [{'action': 'delete', 'id': '5475369', 'name': 'asciijump', 'url': ' ', 'version': '::apt'}, {'action': 'delete', 'id': '5474869', 'name': 'robotfindskitten', 'url': ' ', 'version': '::apt'}, {'action': 'delete', 'id': '5475279', 'name': 'squirrel3', 'url': ' ', 'version': '::apt'}]", 'c8y_SoftwareUpdate': [{'name': 'asciijump', 'action': 'delete', 'id': '5475369', 'version': '::apt', 'url': ' '}, {'name': 'robotfindskitten', 'action': 'delete', 'id': '5474869', 'version': '::apt', 'url': ' '}, {'name': 'squirrel3', 'action': 'delete', 'id': '5475279', 'version': '::apt', 'url': ' '}]}
19:29:09 INFO  State of operation 20449363 : PENDING
19:29:11 INFO  State of operation 20449363 : EXECUTING
19:29:13 INFO  State of operation 20449363 : EXECUTING
19:29:15 INFO  State of operation 20449363 : EXECUTING
19:29:17 INFO  State of operation 20449363 : EXECUTING
19:29:20 INFO  State of operation 20449363 : EXECUTING
19:29:22 INFO  State of operation 20449363 : EXECUTING
19:29:25 INFO  State of operation 20449363 : EXECUTING
19:29:28 INFO  State of operation 20449363 : EXECUTING
19:29:30 INFO  State of operation 20449363 : EXECUTING
19:29:32 INFO  State of operation 20449363 : EXECUTING
19:29:34 INFO  State of operation 20449363 : EXECUTING
19:29:37 INFO  State of operation 20449363 : EXECUTING
19:29:39 INFO  State of operation 20449363 : EXECUTING
19:29:41 INFO  State of operation 20449363 : EXECUTING
19:29:44 INFO  State of operation 20449363 : EXECUTING
19:29:46 INFO  State of operation 20449363 : EXECUTING
19:29:49 INFO  State of operation 20449363 : EXECUTING
19:29:51 INFO  State of operation 20449363 : EXECUTING
19:29:53 INFO  State of operation 20449363 : EXECUTING
19:29:55 INFO  State of operation 20449363 : EXECUTING
19:29:58 INFO  State of operation 20449363 : EXECUTING
19:30:00 INFO  State of operation 20449363 : EXECUTING
19:30:03 INFO  State of operation 20449363 : EXECUTING
19:30:05 INFO  State of operation 20449363 : EXECUTING
19:30:07 INFO  State of operation 20449363 : EXECUTING
19:30:09 INFO  State of operation 20449363 : EXECUTING
19:30:12 INFO  State of operation 20449363 : SUCCESSFUL
19:30:12 INFO  Assert that (False == value) with value=False ... passed
19:30:12 INFO  Assert that (False == value) with value=False ... passed
19:30:12 INFO  Assert that (False == value) with value=False ... passed
19:30:13 INFO  Assert that (False == value) with value=False ... passed
19:30:13 INFO  
19:30:13 INFO  cleanup:
19:30:17 INFO  Executed sudo&lt;tedge_disconnect_c8y&gt;, exit status 0
19:30:17 INFO  Executed systemctl&lt;serv_mapper5&gt;, exit status 3
19:30:17 INFO  
19:30:17 INFO  Test duration: 179.25 secs
19:30:17 INFO  Test final outcome:  FAILED
19:30:17 INFO  Test outcome reason: Assert that (False == value) with value=True
19:30:17 INFO  
</system-out>
	</testcase>
<testcase classname="PySysTest" name="SoftwareManagement.sm_apt_install_remove_multiple">
		<failure message="FAILED: Assert that (False == value) with value=True (+2 other failures)" type="FAILED" />
		<system-out>19:49:24 INFO  ==============================================================
19:49:24 INFO  Id:    SoftwareManagement.sm_apt_install_remove_multiple
19:49:24 INFO  Dir:   software_management_end_to_end/
19:49:24 INFO  Title: Validate end to end behaviour for the apt plugin for multiple packages
19:49:24 INFO  ==============================================================
19:49:24 INFO  Using sw id database: {'asciijump': '5475369', 'robotfindskitten': '5474869', 'squirrel3': '5475279', 'rolldice': '5152439', 'moon-buggy': '5439204', 'apple': '5495053', 'banana': '5494888', 'cherry': '5495382', 'watermelon': '5494510', 'registry': '8018911', 'hello-world': '8021526', 'docker/getting-started': '8021973', 'alpine': '7991792'}
19:49:24 INFO  EnvironmentC8y Setup
19:49:24 INFO  Executed systemctl&lt;serv_mapper1&gt;, exit status 3
19:49:24 INFO  Restarting mosquitto too frequently in the last 10 seconds. It was only up for 4 seconds
19:49:24 INFO  Delaying execution by 7 seconds
19:49:45 INFO  Executed sudo&lt;tedge_connect_c8y&gt;, exit status 0, duration 14 secs
19:49:46 INFO  Executed sudo&lt;tedge_connect_c8y_test&gt;, exit status 0
19:49:46 INFO  Executed systemctl&lt;serv_mosq2&gt;, exit status 0
19:49:47 INFO  Executed systemctl&lt;serv_mapper3&gt;, exit status 0
19:49:49 INFO  State of current operation: SUCCESSFUL
19:49:49 INFO  Assert that (False == value) with value=False ... passed
19:49:50 INFO  Package asciijump is installed
19:49:50 WARN  Assert that (False == value) with value=True ... failed 
19:49:50 INFO  Package squirrel3 is installed
19:49:50 WARN  Assert that (False == value) with value=True ... failed 
19:49:50 INFO  Package robotfindskitten is installed
19:49:50 WARN  Assert that (False == value) with value=True ... failed 
19:49:51 INFO  Response status: 201
19:49:51 INFO  Response to action: {
    "creationTime": "2022-06-22T19:49:51.129Z",
    "deviceName": "m32sd10d",
    "deviceId": "20418361",
    "self": "https://t493319102.eu-latest.cumulocity.com/devicecontrol/operations/20449518",
    "id": "20449518",
    "status": "PENDING",
    "description": "Apply software changes, triggered from PySys: [{'action': 'install', 'id': '5475369', 'name': 'asciijump', 'url': ' ', 'version': '::apt'}, {'action': 'install', 'id': '5474869', 'name': 'robotfindskitten', 'url': ' ', 'version': '::apt'}, {'action': 'install', 'id': '5475279', 'name': 'squirrel3', 'url': ' ', 'version': '::apt'}]",
    "c8y_SoftwareUpdate": [
        {
            "name": "asciijump",
            "action": "install",
            "id": "5475369",
            "version": "::apt",
            "url": " "
        },
        {
            "name": "robotfindskitten",
            "action": "install",
            "id": "5474869",
            "version": "::apt",
            "url": " "
        },
        {
            "name": "squirrel3",
            "action": "install",
            "id": "5475279",
            "version": "::apt",
            "url": " "
        }
    ]
}
19:49:51 INFO  Started operation: {'creationTime': '2022-06-22T19:49:51.129Z', 'deviceName': 'm32sd10d', 'deviceId': '20418361', 'self': 'https://t493319102.eu-latest.cumulocity.com/devicecontrol/operations/20449518', 'id': '20449518', 'status': 'PENDING', 'description': "Apply software changes, triggered from PySys: [{'action': 'install', 'id': '5475369', 'name': 'asciijump', 'url': ' ', 'version': '::apt'}, {'action': 'install', 'id': '5474869', 'name': 'robotfindskitten', 'url': ' ', 'version': '::apt'}, {'action': 'install', 'id': '5475279', 'name': 'squirrel3', 'url': ' ', 'version': '::apt'}]", 'c8y_SoftwareUpdate': [{'name': 'asciijump', 'action': 'install', 'id': '5475369', 'version': '::apt', 'url': ' '}, {'name': 'robotfindskitten', 'action': 'install', 'id': '5474869', 'version': '::apt', 'url': ' '}, {'name': 'squirrel3', 'action': 'install', 'id': '5475279', 'version': '::apt', 'url': ' '}]}
19:49:53 INFO  State of operation 20449518 : PENDING
19:49:55 INFO  State of operation 20449518 : EXECUTING
19:49:57 INFO  State of operation 20449518 : EXECUTING
19:50:00 INFO  State of operation 20449518 : EXECUTING
19:50:02 INFO  State of operation 20449518 : EXECUTING
19:50:04 INFO  State of operation 20449518 : EXECUTING
19:50:07 INFO  State of operation 20449518 : EXECUTING
19:50:10 INFO  State of operation 20449518 : EXECUTING
19:50:12 INFO  State of operation 20449518 : EXECUTING
19:50:14 INFO  State of operation 20449518 : EXECUTING
19:50:17 INFO  State of operation 20449518 : EXECUTING
19:50:19 INFO  State of operation 20449518 : EXECUTING
19:50:21 INFO  State of operation 20449518 : EXECUTING
19:50:23 INFO  State of operation 20449518 : EXECUTING
19:50:25 INFO  State of operation 20449518 : EXECUTING
19:50:28 INFO  State of operation 20449518 : SUCCESSFUL
19:50:28 INFO  Assert that (False == value) with value=False ... passed
19:50:28 INFO  Package asciijump is installed
19:50:28 INFO  Assert that (True == value) with value=True ... passed
19:50:28 INFO  Package squirrel3 is installed
19:50:28 INFO  Assert that (True == value) with value=True ... passed
19:50:29 INFO  Package robotfindskitten is installed
19:50:29 INFO  Assert that (True == value) with value=True ... passed
19:50:29 INFO  Response status: 201
19:50:29 INFO  Response to action: {
    "creationTime": "2022-06-22T19:50:29.299Z",
    "deviceName": "m32sd10d",
    "deviceId": "20418361",
    "self": "https://t493319102.eu-latest.cumulocity.com/devicecontrol/operations/20449529",
    "id": "20449529",
    "status": "PENDING",
    "description": "Apply software changes, triggered from PySys: [{'action': 'delete', 'id': '5475369', 'name': 'asciijump', 'url': ' ', 'version': '::apt'}, {'action': 'delete', 'id': '5474869', 'name': 'robotfindskitten', 'url': ' ', 'version': '::apt'}, {'action': 'delete', 'id': '5475279', 'name': 'squirrel3', 'url': ' ', 'version': '::apt'}]",
    "c8y_SoftwareUpdate": [
        {
            "name": "asciijump",
            "action": "delete",
            "id": "5475369",
            "version": "::apt",
            "url": " "
        },
        {
            "name": "robotfindskitten",
            "action": "delete",
            "id": "5474869",
            "version": "::apt",
            "url": " "
        },
        {
            "name": "squirrel3",
            "action": "delete",
            "id": "5475279",
            "version": "::apt",
            "url": " "
        }
    ]
}
19:50:29 INFO  Started operation: {'creationTime': '2022-06-22T19:50:29.299Z', 'deviceName': 'm32sd10d', 'deviceId': '20418361', 'self': 'https://t493319102.eu-latest.cumulocity.com/devicecontrol/operations/20449529', 'id': '20449529', 'status': 'PENDING', 'description': "Apply software changes, triggered from PySys: [{'action': 'delete', 'id': '5475369', 'name': 'asciijump', 'url': ' ', 'version': '::apt'}, {'action': 'delete', 'id': '5474869', 'name': 'robotfindskitten', 'url': ' ', 'version': '::apt'}, {'action': 'delete', 'id': '5475279', 'name': 'squirrel3', 'url': ' ', 'version': '::apt'}]", 'c8y_SoftwareUpdate': [{'name': 'asciijump', 'action': 'delete', 'id': '5475369', 'version': '::apt', 'url': ' '}, {'name': 'robotfindskitten', 'action': 'delete', 'id': '5474869', 'version': '::apt', 'url': ' '}, {'name': 'squirrel3', 'action': 'delete', 'id': '5475279', 'version': '::apt', 'url': ' '}]}
19:50:31 INFO  State of operation 20449529 : PENDING
19:50:33 INFO  State of operation 20449529 : EXECUTING
19:50:35 INFO  State of operation 20449529 : EXECUTING
19:50:38 INFO  State of operation 20449529 : EXECUTING
19:50:40 INFO  State of operation 20449529 : EXECUTING
19:50:42 INFO  State of operation 20449529 : EXECUTING
19:50:45 INFO  State of operation 20449529 : EXECUTING
19:50:48 INFO  State of operation 20449529 : EXECUTING
19:50:51 INFO  State of operation 20449529 : EXECUTING
19:50:53 INFO  State of operation 20449529 : EXECUTING
19:50:55 INFO  State of operation 20449529 : EXECUTING
19:50:57 INFO  State of operation 20449529 : EXECUTING
19:51:00 INFO  State of operation 20449529 : EXECUTING
19:51:02 INFO  State of operation 20449529 : EXECUTING
19:51:04 INFO  State of operation 20449529 : EXECUTING
19:51:06 INFO  State of operation 20449529 : EXECUTING
19:51:09 INFO  State of operation 20449529 : EXECUTING
19:51:12 INFO  State of operation 20449529 : EXECUTING
19:51:14 INFO  State of operation 20449529 : EXECUTING
19:51:16 INFO  State of operation 20449529 : EXECUTING
19:51:19 INFO  State of operation 20449529 : EXECUTING
19:51:21 INFO  State of operation 20449529 : EXECUTING
19:51:23 INFO  State of operation 20449529 : EXECUTING
19:51:25 INFO  State of operation 20449529 : EXECUTING
19:51:28 INFO  State of operation 20449529 : EXECUTING
19:51:30 INFO  State of operation 20449529 : EXECUTING
19:51:33 INFO  State of operation 20449529 : EXECUTING
19:51:35 INFO  State of operation 20449529 : EXECUTING
19:51:37 INFO  State of operation 20449529 : SUCCESSFUL
19:51:37 INFO  Assert that (False == value) with value=False ... passed
19:51:37 INFO  Assert that (False == value) with value=False ... passed
19:51:38 INFO  Assert that (False == value) with value=False ... passed
19:51:38 INFO  Assert that (False == value) with value=False ... passed
19:51:38 INFO  
19:51:38 INFO  cleanup:
19:51:42 INFO  Executed sudo&lt;tedge_disconnect_c8y&gt;, exit status 0
19:51:43 INFO  Executed systemctl&lt;serv_mapper5&gt;, exit status 3
19:51:43 INFO  
19:51:43 INFO  Test duration: 139.15 secs
19:51:43 INFO  Test final outcome:  FAILED
19:51:43 INFO  Test outcome reason: Assert that (False == value) with value=True (+2 other failures)
19:51:43 INFO  
</system-out>
	</testcase>
</testsuite><testsuite name="SoftwareManagement.sm_apt_install_remove_multiple_mixed" tests="3" errors="0" failures="2" skipped="1" time="0"><testcase classname="PySysTest" name="SoftwareManagement.sm_apt_install_remove_multiple_mixed">
		<skipped message="SKIPPED: Testing the apt plugin is not supported on this platform.Use parameter -XmyPlatform='container' to enable it" />
		<system-out>18:56:33 INFO  ==============================================================
18:56:33 INFO  Id:    SoftwareManagement.sm_apt_install_remove_multiple_mixed
18:56:33 INFO  Dir:   software_management_end_to_end/
18:56:33 INFO  Title: Validate end to end behaviour for the apt plugin for multiple packages with mixed versions
18:56:33 INFO  ==============================================================
18:56:33 INFO  Testing the apt plugin is not supported on this platform.Use parameter -XmyPlatform='container' to enable it ... skipped
18:56:33 WARN  Aborted test due to SKIPPED outcome
18:56:33 INFO  
18:56:33 INFO  Test duration: 0.02 secs
18:56:33 INFO  Test final outcome:  SKIPPED
18:56:33 INFO  Test outcome reason: Testing the apt plugin is not supported on this platform.Use parameter -XmyPlatform='container' to enable it
18:56:33 INFO  
</system-out>
	</testcase>
<testcase classname="PySysTest" name="SoftwareManagement.sm_apt_install_remove_multiple_mixed">
		<failure message="BLOCKED: SystemError: Timeout while waiting for status SUCCESSFUL or False" type="BLOCKED" />
		<system-out>19:30:17 INFO  ==============================================================
19:30:17 INFO  Id:    SoftwareManagement.sm_apt_install_remove_multiple_mixed
19:30:17 INFO  Dir:   software_management_end_to_end/
19:30:17 INFO  Title: Validate end to end behaviour for the apt plugin for multiple packages with mixed versions
19:30:17 INFO  ==============================================================
19:30:17 INFO  Using sw id database: {'asciijump': '5475369', 'robotfindskitten': '5474869', 'squirrel3': '5475279', 'rolldice': '5152439', 'moon-buggy': '5439204', 'apple': '5495053', 'banana': '5494888', 'cherry': '5495382', 'watermelon': '5494510', 'registry': '8018911', 'hello-world': '8021526', 'docker/getting-started': '8021973', 'alpine': '7991792'}
19:30:17 INFO  EnvironmentC8y Setup
19:30:18 INFO  Executed systemctl&lt;serv_mapper1&gt;, exit status 3
19:30:18 INFO  Restarting mosquitto too frequently in the last 10 seconds. It was only up for 5 seconds
19:30:18 INFO  Delaying execution by 6 seconds
19:30:38 INFO  Executed sudo&lt;tedge_connect_c8y&gt;, exit status 0, duration 13 secs
19:30:39 INFO  Executed sudo&lt;tedge_connect_c8y_test&gt;, exit status 0
19:30:39 INFO  Executed systemctl&lt;serv_mosq2&gt;, exit status 0
19:30:40 INFO  Executed systemctl&lt;serv_mapper3&gt;, exit status 0
19:30:42 INFO  State of current operation: SUCCESSFUL
19:30:42 INFO  Assert that (False == value) with value=False ... passed
19:30:43 INFO  Assert that (False == value) with value=False ... passed
19:30:43 INFO  Assert that (False == value) with value=False ... passed
19:30:43 INFO  Assert that (False == value) with value=False ... passed
19:30:43 INFO  Assert that (False == value) with value=False ... passed
19:30:44 INFO  Response status: 201
19:30:44 INFO  Response to action: {
    "creationTime": "2022-06-22T19:30:44.856Z",
    "deviceName": "m32sd10d",
    "deviceId": "20418361",
    "self": "https://t493319102.eu-latest.cumulocity.com/devicecontrol/operations/20449377",
    "id": "20449377",
    "status": "PENDING",
    "description": "Apply software changes, triggered from PySys: [{'action': 'install', 'id': '5475369', 'name': 'asciijump', 'url': ' ', 'version': '::apt'}, {'action': 'install', 'id': '5474869', 'name': 'robotfindskitten', 'url': ' ', 'version': ' '}, {'action': 'install', 'id': '5475279', 'name': 'squirrel3', 'url': ' ', 'version': '3.1-7::apt'}, {'action': 'install', 'id': '5152439', 'name': 'rolldice', 'url': ' ', 'version': '1.16-1+b1'}, {'action': 'install', 'id': '5439204', 'name': 'moon-buggy', 'url': ' ', 'version': '1:1.0.51-12'}, {'action': 'install', 'id': '5475369', 'name': 'asciijump', 'url': ' ', 'version': '::apt'}]",
    "c8y_SoftwareUpdate": [
        {
            "name": "asciijump",
            "action": "install",
            "id": "5475369",
            "version": "::apt",
            "url": " "
        },
        {
            "name": "robotfindskitten",
            "action": "install",
            "id": "5474869",
            "version": " ",
            "url": " "
        },
        {
            "name": "squirrel3",
            "action": "install",
            "id": "5475279",
            "version": "3.1-7::apt",
            "url": " "
        },
        {
            "name": "rolldice",
            "action": "install",
            "id": "5152439",
            "version": "1.16-1+b1",
            "url": " "
        },
        {
            "name": "moon-buggy",
            "action": "install",
            "id": "5439204",
            "version": "1:1.0.51-12",
            "url": " "
        },
        {
            "name": "asciijump",
            "action": "install",
            "id": "5475369",
            "version": "::apt",
            "url": " "
        }
    ]
}
19:30:44 INFO  Started operation: {'creationTime': '2022-06-22T19:30:44.856Z', 'deviceName': 'm32sd10d', 'deviceId': '20418361', 'self': 'https://t493319102.eu-latest.cumulocity.com/devicecontrol/operations/20449377', 'id': '20449377', 'status': 'PENDING', 'description': "Apply software changes, triggered from PySys: [{'action': 'install', 'id': '5475369', 'name': 'asciijump', 'url': ' ', 'version': '::apt'}, {'action': 'install', 'id': '5474869', 'name': 'robotfindskitten', 'url': ' ', 'version': ' '}, {'action': 'install', 'id': '5475279', 'name': 'squirrel3', 'url': ' ', 'version': '3.1-7::apt'}, {'action': 'install', 'id': '5152439', 'name': 'rolldice', 'url': ' ', 'version': '1.16-1+b1'}, {'action': 'install', 'id': '5439204', 'name': 'moon-buggy', 'url': ' ', 'version': '1:1.0.51-12'}, {'action': 'install', 'id': '5475369', 'name': 'asciijump', 'url': ' ', 'version': '::apt'}]", 'c8y_SoftwareUpdate': [{'name': 'asciijump', 'action': 'install', 'id': '5475369', 'version': '::apt', 'url': ' '}, {'name': 'robotfindskitten', 'action': 'install', 'id': '5474869', 'version': ' ', 'url': ' '}, {'name': 'squirrel3', 'action': 'install', 'id': '5475279', 'version': '3.1-7::apt', 'url': ' '}, {'name': 'rolldice', 'action': 'install', 'id': '5152439', 'version': '1.16-1+b1', 'url': ' '}, {'name': 'moon-buggy', 'action': 'install', 'id': '5439204', 'version': '1:1.0.51-12', 'url': ' '}, {'name': 'asciijump', 'action': 'install', 'id': '5475369', 'version': '::apt', 'url': ' '}]}
19:30:47 INFO  State of operation 20449377 : PENDING
19:30:49 INFO  State of operation 20449377 : EXECUTING
19:30:51 INFO  State of operation 20449377 : EXECUTING
19:30:53 INFO  State of operation 20449377 : EXECUTING
19:30:56 INFO  State of operation 20449377 : EXECUTING
19:30:58 INFO  State of operation 20449377 : EXECUTING
19:31:01 INFO  State of operation 20449377 : EXECUTING
19:31:03 INFO  State of operation 20449377 : EXECUTING
19:31:06 INFO  State of operation 20449377 : EXECUTING
19:31:08 INFO  State of operation 20449377 : EXECUTING
19:31:10 INFO  State of operation 20449377 : EXECUTING
19:31:12 INFO  State of operation 20449377 : EXECUTING
19:31:15 INFO  State of operation 20449377 : EXECUTING
19:31:17 INFO  State of operation 20449377 : EXECUTING
19:31:19 INFO  State of operation 20449377 : EXECUTING
19:31:22 INFO  State of operation 20449377 : EXECUTING
19:31:24 INFO  State of operation 20449377 : EXECUTING
19:31:27 INFO  State of operation 20449377 : EXECUTING
19:31:29 INFO  State of operation 20449377 : EXECUTING
19:31:31 INFO  State of operation 20449377 : EXECUTING
19:31:34 INFO  State of operation 20449377 : EXECUTING
19:31:36 INFO  State of operation 20449377 : EXECUTING
19:31:38 INFO  State of operation 20449377 : EXECUTING
19:31:41 INFO  State of operation 20449377 : EXECUTING
19:31:44 INFO  State of operation 20449377 : EXECUTING
19:31:46 INFO  State of operation 20449377 : EXECUTING
19:31:49 INFO  State of operation 20449377 : EXECUTING
19:31:51 INFO  State of operation 20449377 : EXECUTING
19:31:53 INFO  State of operation 20449377 : EXECUTING
19:31:56 INFO  State of operation 20449377 : EXECUTING
19:31:58 INFO  State of operation 20449377 : EXECUTING
19:32:00 INFO  State of operation 20449377 : EXECUTING
19:32:02 INFO  State of operation 20449377 : EXECUTING
19:32:05 INFO  State of operation 20449377 : EXECUTING
19:32:07 INFO  State of operation 20449377 : EXECUTING
19:32:09 INFO  State of operation 20449377 : EXECUTING
19:32:11 INFO  State of operation 20449377 : EXECUTING
19:32:14 INFO  State of operation 20449377 : EXECUTING
19:32:17 INFO  State of operation 20449377 : EXECUTING
19:32:19 INFO  State of operation 20449377 : EXECUTING
19:32:22 INFO  State of operation 20449377 : EXECUTING
19:32:24 INFO  State of operation 20449377 : EXECUTING
19:32:26 INFO  State of operation 20449377 : EXECUTING
19:32:28 INFO  State of operation 20449377 : EXECUTING
19:32:31 INFO  State of operation 20449377 : EXECUTING
19:32:33 INFO  State of operation 20449377 : EXECUTING
19:32:35 INFO  State of operation 20449377 : EXECUTING
19:32:37 INFO  State of operation 20449377 : EXECUTING
19:32:40 INFO  State of operation 20449377 : EXECUTING
19:32:43 INFO  State of operation 20449377 : EXECUTING
19:32:45 INFO  State of operation 20449377 : EXECUTING
19:32:47 INFO  State of operation 20449377 : EXECUTING
19:32:50 INFO  State of operation 20449377 : EXECUTING
19:32:52 INFO  State of operation 20449377 : EXECUTING
19:32:55 INFO  State of operation 20449377 : EXECUTING
19:32:57 INFO  State of operation 20449377 : EXECUTING
19:33:00 INFO  State of operation 20449377 : EXECUTING
19:33:02 INFO  State of operation 20449377 : EXECUTING
19:33:05 INFO  State of operation 20449377 : EXECUTING
19:33:07 INFO  State of operation 20449377 : EXECUTING
19:33:10 INFO  State of operation 20449377 : EXECUTING
19:33:12 WARN  SystemError occurred while running test - Timeout while waiting for status SUCCESSFUL or False
Traceback (most recent call last):
  File "/home/pi/env-pysys/lib/python3.7/site-packages/pysys/baserunner.py", line 1294, in __call__
    self.testObj.execute()
  File "/home/pi/actions-runner/_work/thin-edge.io/thin-edge.io/tests/PySys/software_management_end_to_end/sm_apt_install_remove_multiple_mixed/run.py", line 89, in execute
    self.wait_until_succcess()
  File "/home/pi/actions-runner/_work/thin-edge.io/thin-edge.io/tests/PySys/software_management_end_to_end/environment_sm_management.py", line 324, in wait_until_succcess
    self.wait_until_status("SUCCESSFUL")
  File "/home/pi/actions-runner/_work/thin-edge.io/thin-edge.io/tests/PySys/software_management_end_to_end/environment_sm_management.py", line 381, in wait_until_status
    "Timeout while waiting for status %s or %s" % (status, status2)
SystemError: Timeout while waiting for status SUCCESSFUL or False
19:33:12 WARN  SystemError: Timeout while waiting for status SUCCESSFUL or False ... blocked 
19:33:12 INFO  
19:33:12 INFO  cleanup:
19:33:16 INFO  Executed sudo&lt;tedge_disconnect_c8y&gt;, exit status 0
19:33:16 INFO  Executed systemctl&lt;serv_mapper5&gt;, exit status 3
19:33:16 INFO  
19:33:16 INFO  Test duration: 179.18 secs
19:33:16 INFO  Test final outcome:  BLOCKED
19:33:16 INFO  Test outcome reason: SystemError: Timeout while waiting for status SUCCESSFUL or False
19:33:16 INFO  
</system-out>
	</testcase>
<testcase classname="PySysTest" name="SoftwareManagement.sm_apt_install_remove_multiple_mixed">
		<failure message="BLOCKED: SystemError: Timeout while waiting for status SUCCESSFUL or False (+1 other failures)" type="BLOCKED" />
		<system-out>19:51:43 INFO  ==============================================================
19:51:43 INFO  Id:    SoftwareManagement.sm_apt_install_remove_multiple_mixed
19:51:43 INFO  Dir:   software_management_end_to_end/
19:51:43 INFO  Title: Validate end to end behaviour for the apt plugin for multiple packages with mixed versions
19:51:43 INFO  ==============================================================
19:51:43 INFO  Using sw id database: {'asciijump': '5475369', 'robotfindskitten': '5474869', 'squirrel3': '5475279', 'rolldice': '5152439', 'moon-buggy': '5439204', 'apple': '5495053', 'banana': '5494888', 'cherry': '5495382', 'watermelon': '5494510', 'registry': '8018911', 'hello-world': '8021526', 'docker/getting-started': '8021973', 'alpine': '7991792'}
19:51:43 INFO  EnvironmentC8y Setup
19:51:43 INFO  Executed systemctl&lt;serv_mapper1&gt;, exit status 3
19:51:43 INFO  Restarting mosquitto too frequently in the last 10 seconds. It was only up for 4 seconds
19:51:43 INFO  Delaying execution by 7 seconds
19:52:04 INFO  Executed sudo&lt;tedge_connect_c8y&gt;, exit status 0, duration 13 secs
19:52:05 INFO  Executed sudo&lt;tedge_connect_c8y_test&gt;, exit status 0
19:52:05 INFO  Executed systemctl&lt;serv_mosq2&gt;, exit status 0
19:52:06 INFO  Executed systemctl&lt;serv_mapper3&gt;, exit status 0
19:52:08 INFO  State of current operation: SUCCESSFUL
19:52:08 INFO  Assert that (False == value) with value=False ... passed
19:52:09 INFO  Assert that (False == value) with value=False ... passed
19:52:09 INFO  Assert that (False == value) with value=False ... passed
19:52:09 INFO  Assert that (False == value) with value=False ... passed
19:52:09 INFO  Package moon-buggy is installed
19:52:09 WARN  Assert that (False == value) with value=True ... failed 
19:52:11 INFO  Response status: 201
19:52:11 INFO  Response to action: {
    "creationTime": "2022-06-22T19:52:10.966Z",
    "deviceName": "m32sd10d",
    "deviceId": "20418361",
    "self": "https://t493319102.eu-latest.cumulocity.com/devicecontrol/operations/20449545",
    "id": "20449545",
    "status": "PENDING",
    "description": "Apply software changes, triggered from PySys: [{'action': 'install', 'id': '5475369', 'name': 'asciijump', 'url': ' ', 'version': '::apt'}, {'action': 'install', 'id': '5474869', 'name': 'robotfindskitten', 'url': ' ', 'version': ' '}, {'action': 'install', 'id': '5475279', 'name': 'squirrel3', 'url': ' ', 'version': '3.1-7::apt'}, {'action': 'install', 'id': '5152439', 'name': 'rolldice', 'url': ' ', 'version': '1.16-1+b1'}, {'action': 'install', 'id': '5439204', 'name': 'moon-buggy', 'url': ' ', 'version': '1:1.0.51-12'}, {'action': 'install', 'id': '5475369', 'name': 'asciijump', 'url': ' ', 'version': '::apt'}]",
    "c8y_SoftwareUpdate": [
        {
            "name": "asciijump",
            "action": "install",
            "id": "5475369",
            "version": "::apt",
            "url": " "
        },
        {
            "name": "robotfindskitten",
            "action": "install",
            "id": "5474869",
            "version": " ",
            "url": " "
        },
        {
            "name": "squirrel3",
            "action": "install",
            "id": "5475279",
            "version": "3.1-7::apt",
            "url": " "
        },
        {
            "name": "rolldice",
            "action": "install",
            "id": "5152439",
            "version": "1.16-1+b1",
            "url": " "
        },
        {
            "name": "moon-buggy",
            "action": "install",
            "id": "5439204",
            "version": "1:1.0.51-12",
            "url": " "
        },
        {
            "name": "asciijump",
            "action": "install",
            "id": "5475369",
            "version": "::apt",
            "url": " "
        }
    ]
}
19:52:11 INFO  Started operation: {'creationTime': '2022-06-22T19:52:10.966Z', 'deviceName': 'm32sd10d', 'deviceId': '20418361', 'self': 'https://t493319102.eu-latest.cumulocity.com/devicecontrol/operations/20449545', 'id': '20449545', 'status': 'PENDING', 'description': "Apply software changes, triggered from PySys: [{'action': 'install', 'id': '5475369', 'name': 'asciijump', 'url': ' ', 'version': '::apt'}, {'action': 'install', 'id': '5474869', 'name': 'robotfindskitten', 'url': ' ', 'version': ' '}, {'action': 'install', 'id': '5475279', 'name': 'squirrel3', 'url': ' ', 'version': '3.1-7::apt'}, {'action': 'install', 'id': '5152439', 'name': 'rolldice', 'url': ' ', 'version': '1.16-1+b1'}, {'action': 'install', 'id': '5439204', 'name': 'moon-buggy', 'url': ' ', 'version': '1:1.0.51-12'}, {'action': 'install', 'id': '5475369', 'name': 'asciijump', 'url': ' ', 'version': '::apt'}]", 'c8y_SoftwareUpdate': [{'name': 'asciijump', 'action': 'install', 'id': '5475369', 'version': '::apt', 'url': ' '}, {'name': 'robotfindskitten', 'action': 'install', 'id': '5474869', 'version': ' ', 'url': ' '}, {'name': 'squirrel3', 'action': 'install', 'id': '5475279', 'version': '3.1-7::apt', 'url': ' '}, {'name': 'rolldice', 'action': 'install', 'id': '5152439', 'version': '1.16-1+b1', 'url': ' '}, {'name': 'moon-buggy', 'action': 'install', 'id': '5439204', 'version': '1:1.0.51-12', 'url': ' '}, {'name': 'asciijump', 'action': 'install', 'id': '5475369', 'version': '::apt', 'url': ' '}]}
19:52:13 INFO  State of operation 20449545 : PENDING
19:52:15 INFO  State of operation 20449545 : EXECUTING
19:52:17 INFO  State of operation 20449545 : EXECUTING
19:52:19 INFO  State of operation 20449545 : EXECUTING
19:52:22 INFO  State of operation 20449545 : EXECUTING
19:52:24 INFO  State of operation 20449545 : EXECUTING
19:52:27 INFO  State of operation 20449545 : EXECUTING
19:52:29 INFO  State of operation 20449545 : EXECUTING
19:52:32 INFO  State of operation 20449545 : EXECUTING
19:52:34 INFO  State of operation 20449545 : EXECUTING
19:52:36 INFO  State of operation 20449545 : EXECUTING
19:52:39 INFO  State of operation 20449545 : EXECUTING
19:52:41 INFO  State of operation 20449545 : EXECUTING
19:52:43 INFO  State of operation 20449545 : EXECUTING
19:52:46 INFO  State of operation 20449545 : EXECUTING
19:52:48 INFO  State of operation 20449545 : EXECUTING
19:52:51 INFO  State of operation 20449545 : EXECUTING
19:52:54 INFO  State of operation 20449545 : EXECUTING
19:52:56 INFO  State of operation 20449545 : EXECUTING
19:52:58 INFO  State of operation 20449545 : EXECUTING
19:53:00 INFO  State of operation 20449545 : EXECUTING
19:53:03 INFO  State of operation 20449545 : EXECUTING
19:53:05 INFO  State of operation 20449545 : EXECUTING
19:53:08 INFO  State of operation 20449545 : EXECUTING
19:53:10 INFO  State of operation 20449545 : EXECUTING
19:53:13 INFO  State of operation 20449545 : EXECUTING
19:53:15 INFO  State of operation 20449545 : EXECUTING
19:53:18 INFO  State of operation 20449545 : EXECUTING
19:53:20 INFO  State of operation 20449545 : EXECUTING
19:53:23 INFO  State of operation 20449545 : EXECUTING
19:53:25 INFO  State of operation 20449545 : EXECUTING
19:53:27 INFO  State of operation 20449545 : EXECUTING
19:53:29 INFO  State of operation 20449545 : EXECUTING
19:53:31 INFO  State of operation 20449545 : EXECUTING
19:53:34 INFO  State of operation 20449545 : EXECUTING
19:53:36 INFO  State of operation 20449545 : EXECUTING
19:53:38 INFO  State of operation 20449545 : EXECUTING
19:53:41 INFO  State of operation 20449545 : EXECUTING
19:53:44 INFO  State of operation 20449545 : EXECUTING
19:53:46 INFO  State of operation 20449545 : EXECUTING
19:53:48 INFO  State of operation 20449545 : EXECUTING
19:53:51 INFO  State of operation 20449545 : EXECUTING
19:53:53 INFO  State of operation 20449545 : EXECUTING
19:53:55 INFO  State of operation 20449545 : EXECUTING
19:53:57 INFO  State of operation 20449545 : EXECUTING
19:53:59 INFO  State of operation 20449545 : EXECUTING
19:54:02 INFO  State of operation 20449545 : EXECUTING
19:54:05 INFO  State of operation 20449545 : EXECUTING
19:54:07 INFO  State of operation 20449545 : EXECUTING
19:54:09 INFO  State of operation 20449545 : EXECUTING
19:54:11 INFO  State of operation 20449545 : EXECUTING
19:54:14 INFO  State of operation 20449545 : EXECUTING
19:54:16 INFO  State of operation 20449545 : EXECUTING
19:54:19 INFO  State of operation 20449545 : EXECUTING
19:54:21 INFO  State of operation 20449545 : EXECUTING
19:54:23 INFO  State of operation 20449545 : EXECUTING
19:54:25 INFO  State of operation 20449545 : EXECUTING
19:54:28 INFO  State of operation 20449545 : EXECUTING
19:54:30 INFO  State of operation 20449545 : EXECUTING
19:54:32 INFO  State of operation 20449545 : EXECUTING
19:54:35 INFO  State of operation 20449545 : EXECUTING
19:54:37 WARN  SystemError occurred while running test - Timeout while waiting for status SUCCESSFUL or False
Traceback (most recent call last):
  File "/home/pi/env-pysys/lib/python3.7/site-packages/pysys/baserunner.py", line 1294, in __call__
    self.testObj.execute()
  File "/home/pi/actions-runner/_work/thin-edge.io/thin-edge.io/tests/PySys/software_management_end_to_end/sm_apt_install_remove_multiple_mixed/run.py", line 89, in execute
    self.wait_until_succcess()
  File "/home/pi/actions-runner/_work/thin-edge.io/thin-edge.io/tests/PySys/software_management_end_to_end/environment_sm_management.py", line 324, in wait_until_succcess
    self.wait_until_status("SUCCESSFUL")
  File "/home/pi/actions-runner/_work/thin-edge.io/thin-edge.io/tests/PySys/software_management_end_to_end/environment_sm_management.py", line 381, in wait_until_status
    "Timeout while waiting for status %s or %s" % (status, status2)
SystemError: Timeout while waiting for status SUCCESSFUL or False
19:54:37 WARN  SystemError: Timeout while waiting for status SUCCESSFUL or False ... blocked 
19:54:37 INFO  
19:54:37 INFO  cleanup:
19:54:41 INFO  Executed sudo&lt;tedge_disconnect_c8y&gt;, exit status 0
19:54:41 INFO  Executed systemctl&lt;serv_mapper5&gt;, exit status 3
19:54:41 INFO  
19:54:41 INFO  Test duration: 178.76 secs
19:54:41 INFO  Test final outcome:  BLOCKED
19:54:41 INFO  Test outcome reason: SystemError: Timeout while waiting for status SUCCESSFUL or False (+1 other failures)
19:54:41 INFO  
</system-out>
	</testcase>
</testsuite><testsuite name="SoftwareManagement.sm_apt_install_remove_with_version" tests="3" errors="0" failures="0" skipped="1" time="0"><testcase classname="PySysTest" name="SoftwareManagement.sm_apt_install_remove_with_version">
		<skipped message="SKIPPED: Testing the apt plugin is not supported on this platform.Use parameter -XmyPlatform='container' to enable it" />
		<system-out>18:56:33 INFO  ==============================================================
18:56:33 INFO  Id:    SoftwareManagement.sm_apt_install_remove_with_version
18:56:33 INFO  Dir:   software_management_end_to_end/
18:56:33 INFO  Title: Validate end to end behaviour for the apt plugin for packages with version
18:56:33 INFO  ==============================================================
18:56:33 INFO  Testing the apt plugin is not supported on this platform.Use parameter -XmyPlatform='container' to enable it ... skipped
18:56:33 WARN  Aborted test due to SKIPPED outcome
18:56:33 INFO  
18:56:33 INFO  Test duration: 0.02 secs
18:56:33 INFO  Test final outcome:  SKIPPED
18:56:33 INFO  Test outcome reason: Testing the apt plugin is not supported on this platform.Use parameter -XmyPlatform='container' to enable it
18:56:33 INFO  
</system-out>
	</testcase>
<testcase classname="PySysTest" name="SoftwareManagement.sm_apt_install_remove_with_version" />
<testcase classname="PySysTest" name="SoftwareManagement.sm_apt_install_remove_with_version" />
</testsuite><testsuite name="SoftwareManagement.sm_docker_install_remove_multiple" tests="3" errors="0" failures="2" skipped="1" time="0"><testcase classname="SMDockerInstallRemove" name="SoftwareManagement.sm_docker_install_remove_multiple">
		<skipped message="SKIPPED: Testing the apt plugin is not supported on this platform.Use parameter -XmyPlatform='container' to enable it" />
		<system-out>18:56:33 INFO  ==============================================================
18:56:33 INFO  Id:    SoftwareManagement.sm_docker_install_remove_multiple
18:56:33 INFO  Dir:   software_management_end_to_end/
18:56:33 INFO  Title: Validate end to end behaviour for the docker plugin for multiple docker images with mixed versions
18:56:33 INFO  ==============================================================
18:56:33 INFO  Testing the apt plugin is not supported on this platform.Use parameter -XmyPlatform='container' to enable it ... skipped
18:56:33 WARN  Aborted test due to SKIPPED outcome
18:56:33 INFO  
18:56:33 INFO  Test duration: 0.02 secs
18:56:33 INFO  Test final outcome:  SKIPPED
18:56:33 INFO  Test outcome reason: Testing the apt plugin is not supported on this platform.Use parameter -XmyPlatform='container' to enable it
18:56:33 INFO  
</system-out>
	</testcase>
<testcase classname="SMDockerInstallRemove" name="SoftwareManagement.sm_docker_install_remove_multiple">
		<failure message="BLOCKED: SystemError: The operation has failed" type="BLOCKED" />
		<system-out>19:38:51 INFO  ==============================================================
19:38:51 INFO  Id:    SoftwareManagement.sm_docker_install_remove_multiple
19:38:51 INFO  Dir:   software_management_end_to_end/
19:38:51 INFO  Title: Validate end to end behaviour for the docker plugin for multiple docker images with mixed versions
19:38:51 INFO  ==============================================================
19:38:52 INFO  Using sw id database: {'asciijump': '5475369', 'robotfindskitten': '5474869', 'squirrel3': '5475279', 'rolldice': '5152439', 'moon-buggy': '5439204', 'apple': '5495053', 'banana': '5494888', 'cherry': '5495382', 'watermelon': '5494510', 'registry': '8018911', 'hello-world': '8021526', 'docker/getting-started': '8021973', 'alpine': '7991792'}
19:38:52 INFO  EnvironmentC8y Setup
19:38:53 INFO  Executed systemctl&lt;serv_mapper1&gt;, exit status 3
19:39:08 INFO  Executed sudo&lt;tedge_connect_c8y&gt;, exit status 0, duration 14 secs
19:39:08 INFO  Executed sudo&lt;tedge_connect_c8y_test&gt;, exit status 0
19:39:09 INFO  Executed systemctl&lt;serv_mosq2&gt;, exit status 0
19:39:09 INFO  Executed systemctl&lt;serv_mapper3&gt;, exit status 0
19:39:12 INFO  State of current operation: SUCCESSFUL
19:39:12 INFO  Response status: 201
19:39:12 INFO  Response to action: {
    "creationTime": "2022-06-22T19:39:12.236Z",
    "deviceName": "m32sd10d",
    "deviceId": "20418361",
    "self": "https://t493319102.eu-latest.cumulocity.com/devicecontrol/operations/20449414",
    "id": "20449414",
    "status": "PENDING",
    "description": "Apply software changes, triggered from PySys: [{'action': 'install', 'id': '8021526', 'name': 'hello-world', 'url': '', 'version': '::docker'}, {'action': 'install', 'id': '8018911', 'name': 'registry', 'url': '', 'version': '2.6.2::docker'}]",
    "c8y_SoftwareUpdate": [
        {
            "name": "hello-world",
            "action": "install",
            "id": "8021526",
            "version": "::docker",
            "url": ""
        },
        {
            "name": "registry",
            "action": "install",
            "id": "8018911",
            "version": "2.6.2::docker",
            "url": ""
        }
    ]
}
19:39:12 INFO  Started operation: {'creationTime': '2022-06-22T19:39:12.236Z', 'deviceName': 'm32sd10d', 'deviceId': '20418361', 'self': 'https://t493319102.eu-latest.cumulocity.com/devicecontrol/operations/20449414', 'id': '20449414', 'status': 'PENDING', 'description': "Apply software changes, triggered from PySys: [{'action': 'install', 'id': '8021526', 'name': 'hello-world', 'url': '', 'version': '::docker'}, {'action': 'install', 'id': '8018911', 'name': 'registry', 'url': '', 'version': '2.6.2::docker'}]", 'c8y_SoftwareUpdate': [{'name': 'hello-world', 'action': 'install', 'id': '8021526', 'version': '::docker', 'url': ''}, {'name': 'registry', 'action': 'install', 'id': '8018911', 'version': '2.6.2::docker', 'url': ''}]}
19:39:14 INFO  State of operation 20449414 : PENDING
19:39:16 INFO  State of operation 20449414 : EXECUTING
19:39:19 INFO  State of operation 20449414 : EXECUTING
19:39:21 INFO  State of operation 20449414 : EXECUTING
19:39:23 INFO  State of operation 20449414 : FAILED
19:39:23 ERROR Stopping as the operation has failed
19:39:23 WARN  SystemError occurred while running test - The operation has failed
Traceback (most recent call last):
  File "/home/pi/env-pysys/lib/python3.7/site-packages/pysys/baserunner.py", line 1292, in __call__
    self.testObj.setup()
  File "/home/pi/actions-runner/_work/thin-edge.io/thin-edge.io/tests/PySys/software_management_end_to_end/sm_docker_install_remove_multiple/run.py", line 55, in setup
    self.wait_until_succcess()
  File "/home/pi/actions-runner/_work/thin-edge.io/thin-edge.io/tests/PySys/software_management_end_to_end/environment_sm_management.py", line 324, in wait_until_succcess
    self.wait_until_status("SUCCESSFUL")
  File "/home/pi/actions-runner/_work/thin-edge.io/thin-edge.io/tests/PySys/software_management_end_to_end/environment_sm_management.py", line 361, in wait_until_status
    raise SystemError("The operation has failed")
SystemError: The operation has failed
19:39:23 WARN  SystemError: The operation has failed ... blocked 
19:39:23 INFO  
19:39:23 INFO  cleanup:
19:39:27 INFO  Executed sudo&lt;tedge_disconnect_c8y&gt;, exit status 0
19:39:27 INFO  Executed systemctl&lt;serv_mapper5&gt;, exit status 3
19:39:27 INFO  
19:39:27 INFO  Test duration: 36.68 secs
19:39:27 INFO  Test final outcome:  BLOCKED
19:39:27 INFO  Test outcome reason: SystemError: The operation has failed
19:39:27 INFO  
</system-out>
	</testcase>
<testcase classname="SMDockerInstallRemove" name="SoftwareManagement.sm_docker_install_remove_multiple">
		<failure message="BLOCKED: SystemError: The operation has failed" type="BLOCKED" />
		<system-out>19:57:17 INFO  ==============================================================
19:57:17 INFO  Id:    SoftwareManagement.sm_docker_install_remove_multiple
19:57:17 INFO  Dir:   software_management_end_to_end/
19:57:17 INFO  Title: Validate end to end behaviour for the docker plugin for multiple docker images with mixed versions
19:57:17 INFO  ==============================================================
19:57:17 INFO  Using sw id database: {'asciijump': '5475369', 'robotfindskitten': '5474869', 'squirrel3': '5475279', 'rolldice': '5152439', 'moon-buggy': '5439204', 'apple': '5495053', 'banana': '5494888', 'cherry': '5495382', 'watermelon': '5494510', 'registry': '8018911', 'hello-world': '8021526', 'docker/getting-started': '8021973', 'alpine': '7991792'}
19:57:17 INFO  EnvironmentC8y Setup
19:57:18 INFO  Executed systemctl&lt;serv_mapper1&gt;, exit status 3
19:57:18 INFO  Restarting mosquitto too frequently in the last 10 seconds. It was only up for 5 seconds
19:57:18 INFO  Delaying execution by 6 seconds
19:57:38 INFO  Executed sudo&lt;tedge_connect_c8y&gt;, exit status 0, duration 14 secs
19:57:38 INFO  Executed sudo&lt;tedge_connect_c8y_test&gt;, exit status 0
19:57:39 INFO  Executed systemctl&lt;serv_mosq2&gt;, exit status 0
19:57:39 INFO  Executed systemctl&lt;serv_mapper3&gt;, exit status 0
19:57:42 INFO  State of current operation: SUCCESSFUL
19:57:42 INFO  Response status: 201
19:57:42 INFO  Response to action: {
    "delivery": {
        "log": [],
[...]
18:44:56 INFO  Executed sudo&lt;rm_tmp_logs&gt;, exit status 0
18:44:57 INFO  Executed sudo&lt;send_failed&gt;, exit status 0
18:44:57 INFO  Executed sudo&lt;log_file_daemon&gt;, exit status 0
18:45:01 INFO  Executed sudo&lt;tedge_disconnect_c8y&gt;, exit status 0
18:45:02 INFO  Executed systemctl&lt;serv_mapper5&gt;, exit status 3
18:45:02 INFO  
18:45:02 INFO  Test duration: 27.10 secs
18:45:02 INFO  Test final outcome:  BLOCKED
18:45:02 INFO  Test outcome reason: TypeError: 'NoneType' object is not subscriptable
18:45:02 INFO  
</system-out>
	</testcase>
</testsuite><testsuite name="log_request_num_lines" tests="1" errors="0" failures="1" skipped="0" time="0"><testcase classname="LogRequestVerifyNumberOfLines" name="log_request_num_lines">
		<failure message="BLOCKED: TypeError: 'NoneType' object is not subscriptable" type="BLOCKED" />
		<system-out>18:45:02 INFO  ==============================================================
18:45:02 INFO  Id:    log_request_num_lines
18:45:02 INFO  Dir:   log_request_end_to_end/
18:45:02 INFO  Title: Validate end to end behaviour for the log request operation check for number of lines
18:45:02 INFO  ==============================================================
18:45:02 INFO  EnvironmentC8y Setup
18:45:02 INFO  Executed systemctl&lt;serv_mapper1&gt;, exit status 3
18:45:03 INFO  Restarting mosquitto too frequently in the last 10 seconds. It was only up for 5 seconds
18:45:03 INFO  Delaying execution by 6 seconds
18:45:23 INFO  Executed sudo&lt;tedge_connect_c8y&gt;, exit status 0, duration 14 secs
18:45:24 INFO  Executed sudo&lt;tedge_connect_c8y_test&gt;, exit status 0
18:45:24 INFO  Executed systemctl&lt;serv_mosq2&gt;, exit status 0
18:45:24 INFO  Executed systemctl&lt;serv_mapper3&gt;, exit status 0
18:45:25 INFO  Executed sudo&lt;rm_logs&gt;, exit status 0
18:45:26 INFO  Executed sudo&lt;move_logs&gt;, exit status 0
18:45:26 INFO  Executed sudo&lt;log_file_daemon&gt;, exit status 0
18:45:27 WARN  TypeError occurred while running test - 'NoneType' object is not subscriptable
Traceback (most recent call last):
  File "/home/pi/env-pysys/lib/python3.7/site-packages/pysys/baserunner.py", line 1294, in __call__
    self.testObj.execute()
  File "/home/pi/actions-runner/_work/thin-edge.io/thin-edge.io/tests/PySys/log_request_end_to_end/log_request_num_lines/run.py", line 46, in execute
    log_file_request_payload, self.project.deviceid
  File "/home/pi/actions-runner/_work/thin-edge.io/thin-edge.io/tests/PySys/environments/cumulocity.py", line 101, in trigger_log_request
    "deviceId": self.device_fragment["id"],
TypeError: 'NoneType' object is not subscriptable
18:45:27 WARN  TypeError: 'NoneType' object is not subscriptable ... blocked 
18:45:27 INFO  
18:45:27 INFO  cleanup:
18:45:27 INFO  Executed sudo&lt;rm_logs&gt;, exit status 0
18:45:28 INFO  Executed sudo&lt;rm_tmp_logs&gt;, exit status 0
18:45:28 INFO  Executed sudo&lt;send_failed&gt;, exit status 0
18:45:29 INFO  Executed sudo&lt;log_file_daemon&gt;, exit status 0
18:45:33 INFO  Executed sudo&lt;tedge_disconnect_c8y&gt;, exit status 0
18:45:33 INFO  Executed systemctl&lt;serv_mapper5&gt;, exit status 3
18:45:33 INFO  
18:45:33 INFO  Test duration: 31.45 secs
18:45:33 INFO  Test final outcome:  BLOCKED
18:45:33 INFO  Test outcome reason: TypeError: 'NoneType' object is not subscriptable
18:45:33 INFO  
</system-out>
	</testcase>
</testsuite><testsuite name="mapper_awaits_before_reconnect" tests="1" errors="0" failures="1" skipped="0" time="0"><testcase classname="MapperReconnectAwait" name="mapper_awaits_before_reconnect">
		<failure message="FAILED: Line count on tedge_mapper_journal.out for &quot;tedge_mapper::core::mapper: MQTT connection error:&quot; expected &gt;=2 but got 0" type="FAILED" />
		<system-out>18:59:35 INFO  ==============================================================
18:59:35 INFO  Id:    mapper_awaits_before_reconnect
18:59:35 INFO  Dir:   tedge_mapper_c8y/
18:59:35 INFO  Title: Validate mapper doesn't reconnect too often
18:59:35 INFO  ==============================================================
18:59:35 INFO  Started mosquitto_sub with process id 29504
18:59:35 INFO  Waiting for 0.1 seconds
18:59:36 INFO  Executed sudo&lt;tedge_mapper&gt;, exit status 0
18:59:36 INFO  Waiting for 5.0 seconds
18:59:42 INFO  Executed sudo&lt;tedge_mapper&gt;, exit status 0
18:59:44 INFO  Executed sudo&lt;tedge_mapper_journal&gt;, exit status 0
18:59:44 WARN  Grep on tedge_mapper_journal.out contains "ERROR" ... failed [run.py:67]
18:59:44 INFO  Line count on file tedge_mapper_journal.out ... passed
18:59:44 WARN  Line count on tedge_mapper_journal.out for "tedge_mapper::core::mapper: MQTT connection error:" expected &gt;=2 but got 0 ... failed [run.py:78]
18:59:44 WARN  Aborted test due to FAILED outcome
18:59:44 INFO  
18:59:44 INFO  Test duration: 8.57 secs
18:59:44 INFO  Test final outcome:  FAILED
18:59:44 INFO  Test outcome reason: Line count on tedge_mapper_journal.out for "tedge_mapper::core::mapper: MQTT connection error:" expected &gt;=2 but got 0
18:59:44 INFO  
</system-out>
	</testcase>
</testsuite><testsuite name="monitoring_smaller_interval" tests="1" errors="0" failures="1" skipped="0" time="0"><testcase classname="MonitoringSmallInterval" name="monitoring_smaller_interval">
		<failure message="BLOCKED: TypeError: 'int' object is not subscriptable" type="BLOCKED" />
		<system-out>18:46:35 INFO  ==============================================================
18:46:35 INFO  Id:    monitoring_smaller_interval
18:46:35 INFO  Dir:   monitoring/
18:46:35 INFO  Title: Validate the tedge dm agent messages that are produced with smaller sampling interval than the batching window. Here the simulated collectd messages are used
18:46:35 INFO  ==============================================================
18:46:35 INFO  Executed sudo&lt;collectd&gt;, exit status 0
18:46:36 INFO  Executed sudo&lt;collectd_mapper&gt;, exit status 0
18:46:36 INFO  Started sudo&lt;tedge_sub&gt; with process id 25631
18:46:36 INFO  Executed sudo&lt;tedge_temp&gt;, exit status 0
18:46:37 INFO  Executed sudo&lt;tedge_pres&gt;, exit status 0
18:46:37 INFO  Executed sudo&lt;tedge_temp&gt;, exit status 0
18:46:38 INFO  Executed sudo&lt;tedge_pres&gt;, exit status 0
18:46:39 INFO  Executed sudo&lt;tedge_temp&gt;, exit status 0
18:46:39 INFO  Executed sudo&lt;tedge_pres&gt;, exit status 0
18:46:40 INFO  Executed sudo&lt;tedge_temp&gt;, exit status 0
18:46:40 INFO  Executed sudo&lt;tedge_pres&gt;, exit status 0
18:46:41 INFO  Executed sudo&lt;tedge_temp&gt;, exit status 0
18:46:41 INFO  Executed sudo&lt;tedge_pres&gt;, exit status 0
18:46:42 INFO  Executed sudo&lt;tedge_temp&gt;, exit status 0
18:46:42 INFO  Executed sudo&lt;tedge_pres&gt;, exit status 0
18:46:43 INFO  Executed sudo&lt;tedge_temp&gt;, exit status 0
18:46:44 INFO  Executed sudo&lt;tedge_pres&gt;, exit status 0
18:46:44 INFO  Executed sudo&lt;tedge_temp&gt;, exit status 0
18:46:45 INFO  Executed sudo&lt;tedge_pres&gt;, exit status 0
18:46:45 INFO  Executed sudo&lt;tedge_temp&gt;, exit status 0
18:46:46 INFO  Executed sudo&lt;tedge_pres&gt;, exit status 0
18:46:47 INFO  Executed sudo&lt;tedge_temp&gt;, exit status 0
18:46:47 INFO  Executed sudo&lt;tedge_pres&gt;, exit status 0
18:46:49 INFO  Executed sudo&lt;kill_out&gt;, exit status 0
18:46:49 INFO  0

18:46:49 WARN  TypeError occurred while running test - 'int' object is not subscriptable
Traceback (most recent call last):
  File "/home/pi/env-pysys/lib/python3.7/site-packages/pysys/baserunner.py", line 1296, in __call__
    self.testObj.validate()
  File "/home/pi/actions-runner/_work/thin-edge.io/thin-edge.io/tests/PySys/monitoring/monitoring_smaller_interval/run.py", line 104, in validate
    collectd_msg_validation_result=self.validate_json(),
  File "/home/pi/actions-runner/_work/thin-edge.io/thin-edge.io/tests/PySys/monitoring/monitoring_smaller_interval/run.py", line 114, in validate_json
    if not self.validate_time():
  File "/home/pi/actions-runner/_work/thin-edge.io/thin-edge.io/tests/PySys/monitoring/monitoring_smaller_interval/run.py", line 134, in validate_time
    if self.js_msg["time"]:
TypeError: 'int' object is not subscriptable
18:46:49 WARN  TypeError: 'int' object is not subscriptable ... blocked 
18:46:49 INFO  
18:46:49 INFO  cleanup:
18:46:49 INFO  monitoring_cleanup
18:46:49 INFO  Executed sudo&lt;collectd_mapper&gt;, exit status 0
18:46:49 INFO  
18:46:49 INFO  Test duration: 14.74 secs
18:46:49 INFO  Test final outcome:  BLOCKED
18:46:49 INFO  Test outcome reason: TypeError: 'int' object is not subscriptable
18:46:49 INFO  
</system-out>
	</testcase>
</testsuite><testsuite name="monitoring_with_collectd" tests="1" errors="0" failures="0" skipped="1" time="0"><testcase classname="MonitoringWithCollectd" name="monitoring_with_collectd">
		<skipped message="SKIPPED: Test execution disabled due to #792 (instable)" />
		<system-out>18:46:49 INFO  ==============================================================
18:46:49 INFO  Id:    monitoring_with_collectd
18:46:49 INFO  Dir:   monitoring/
18:46:49 INFO  Title: Validate tedge dm agent messages that are produced by batching the collectd messages
18:46:49 INFO  ==============================================================
18:46:49 INFO  Test execution disabled due to #792 (instable) ... skipped
18:46:49 INFO  
18:46:49 INFO  Test duration: 0.02 secs
18:46:49 INFO  Test final outcome:  SKIPPED
18:46:49 INFO  Test outcome reason: Test execution disabled due to #792 (instable)
18:46:49 INFO  
</system-out>
	</testcase>
</testsuite><testsuite name="monitoring_with_simulated_messages" tests="1" errors="0" failures="1" skipped="0" time="0"><testcase classname="MonitoringWithSimulatedMessages" name="monitoring_with_simulated_messages">
		<failure message="BLOCKED: TypeError: 'int' object is not subscriptable" type="BLOCKED" />
		<system-out>18:46:49 INFO  ==============================================================
18:46:49 INFO  Id:    monitoring_with_simulated_messages
18:46:49 INFO  Dir:   monitoring/
18:46:49 INFO  Title: Validate the tedge dm agent messages that are produced from the simulated collectd messages
18:46:49 INFO  ==============================================================
18:46:50 INFO  Executed sudo&lt;collectd&gt;, exit status 0
18:46:51 INFO  Executed sudo&lt;collectd_mapper&gt;, exit status 0
18:46:51 INFO  Started sudo&lt;tedge_sub&gt; with process id 25690
18:46:51 INFO  Executed sudo&lt;tedge_temp&gt;, exit status 0
18:46:52 INFO  Executed sudo&lt;tedge_pres&gt;, exit status 0
18:46:53 INFO  Executed sudo&lt;kill_out&gt;, exit status 0
18:46:53 INFO  0

18:46:53 WARN  TypeError occurred while running test - 'int' object is not subscriptable
Traceback (most recent call last):
  File "/home/pi/env-pysys/lib/python3.7/site-packages/pysys/baserunner.py", line 1296, in __call__
    self.testObj.validate()
  File "/home/pi/actions-runner/_work/thin-edge.io/thin-edge.io/tests/PySys/monitoring/monitoring_with_simulated_messages/run.py", line 98, in validate
    collectd_msg_validation_result=self.validate_json(),
  File "/home/pi/actions-runner/_work/thin-edge.io/thin-edge.io/tests/PySys/monitoring/monitoring_with_simulated_messages/run.py", line 108, in validate_json
    if not self.validate_time():
  File "/home/pi/actions-runner/_work/thin-edge.io/thin-edge.io/tests/PySys/monitoring/monitoring_with_simulated_messages/run.py", line 127, in validate_time
    if self.js_msg["time"]:
TypeError: 'int' object is not subscriptable
18:46:53 WARN  TypeError: 'int' object is not subscriptable ... blocked 
18:46:53 INFO  
18:46:53 INFO  cleanup:
18:46:53 INFO  monitoring_cleanup
18:46:54 INFO  Executed sudo&lt;collectd_mapper&gt;, exit status 0
18:46:54 INFO  
18:46:54 INFO  Test duration: 4.44 secs
18:46:54 INFO  Test final outcome:  BLOCKED
18:46:54 INFO  Test outcome reason: TypeError: 'int' object is not subscriptable
18:46:54 INFO  
</system-out>
	</testcase>
</testsuite><testsuite name="mqtt_port_change_connection_fails" tests="1" errors="0" failures="0" skipped="0" time="0"><testcase classname="MqttPortChangeConnectionFails" name="mqtt_port_change_connection_fails" />
</testsuite><testsuite name="mqtt_port_change_connection_works" tests="1" errors="0" failures="0" skipped="1" time="0"><testcase classname="MqttPortChangeConnectionWorks" name="mqtt_port_change_connection_works">
		<skipped message="SKIPPED: failing intermitently" />
		<system-out>18:46:08 INFO  ==============================================================
18:46:08 INFO  Id:    mqtt_port_change_connection_works
18:46:08 INFO  Dir:   misc_features/
18:46:08 INFO  Title: mqtt port change connection works for all the thin-edge services that use the mosquitto broker
18:46:08 INFO  ==============================================================
18:46:08 INFO  failing intermitently ... skipped
18:46:08 INFO  
18:46:08 INFO  Test duration: 0.02 secs
18:46:08 INFO  Test final outcome:  SKIPPED
18:46:08 INFO  Test outcome reason: failing intermitently
18:46:08 INFO  
</system-out>
	</testcase>
</testsuite><testsuite name="publish_flux" tests="1" errors="0" failures="0" skipped="0" time="0"><testcase classname="PublishFlux" name="publish_flux" />
</testsuite><testsuite name="publish_sawmill" tests="1" errors="0" failures="0" skipped="0" time="0"><testcase classname="PublishSawmill" name="publish_sawmill" />
</testsuite><testsuite name="runtime_start_two_mappers" tests="1" errors="0" failures="0" skipped="0" time="0"><testcase classname="RuntimeMultiMappers" name="runtime_start_two_mappers" />
</testsuite><testsuite name="sm_tedge_mapper_init_session" tests="1" errors="0" failures="0" skipped="0" time="0"><testcase classname="TedgeSMMapperInitSession" name="sm_tedge_mapper_init_session" />
</testsuite><testsuite name="smoketest_json" tests="1" errors="0" failures="0" skipped="0" time="0"><testcase classname="SmokeTestJson" name="smoketest_json" />
</testsuite><testsuite name="smoketest_json_400_samples_10ms" tests="1" errors="0" failures="0" skipped="0" time="0"><testcase classname="SmoketestJson400Samples10ms" name="smoketest_json_400_samples_10ms" />
</testsuite><testsuite name="smoketest_json_400_samples_20ms" tests="1" errors="0" failures="0" skipped="0" time="0"><testcase classname="SmoketestJson400Samples20ms" name="smoketest_json_400_samples_20ms" />
</testsuite><testsuite name="smoketest_smartrest" tests="1" errors="0" failures="0" skipped="0" time="0"><testcase classname="SmoketestSmartRest" name="smoketest_smartrest" />
</testsuite><testsuite name="smoketest_smartrest_400_samples_1Xms" tests="1" errors="0" failures="0" skipped="0" time="0"><testcase classname="SmoketestSmartRest400Samples1Xms" name="smoketest_smartrest_400_samples_1Xms" />
</testsuite><testsuite name="smoketest_smartrest_400_samples_20ms" tests="1" errors="0" failures="0" skipped="0" time="0"><testcase classname="SmoketestSmartRest400Samples20ms" name="smoketest_smartrest_400_samples_20ms" />
</testsuite><testsuite name="tedge_agent_user_sudo_access" tests="1" errors="0" failures="0" skipped="1" time="0"><testcase classname="TedgeAgentUserSudoAccess" name="tedge_agent_user_sudo_access">
		<skipped message="SKIPPED: #955 Observation: Exit code of the apt plugin when called with no arguments" />
		<system-out>18:56:59 INFO  ==============================================================
18:56:59 INFO  Id:    tedge_agent_user_sudo_access
18:56:59 INFO  Dir:   tedge/
18:56:59 INFO  Title: Validate tedge-agent user has a limited sudo right
18:56:59 INFO  ==============================================================
18:56:59 INFO  #955 Observation: Exit code of the apt plugin when called with no arguments ... skipped
18:56:59 INFO  
18:56:59 INFO  Test duration: 0.02 secs
18:56:59 INFO  Test final outcome:  SKIPPED
18:56:59 INFO  Test outcome reason: #955 Observation: Exit code of the apt plugin when called with no arguments
18:56:59 INFO  
</system-out>
	</testcase>
</testsuite><testsuite name="tedge_connect_test_negative" tests="1" errors="0" failures="0" skipped="0" time="0"><testcase classname="TedgeConnectTestNegative" name="tedge_connect_test_negative" />
</testsuite><testsuite name="tedge_connect_test_positive" tests="1" errors="0" failures="0" skipped="0" time="0"><testcase classname="TedgeConnectTestPositive" name="tedge_connect_test_positive" />
</testsuite><testsuite name="tedge_connect_test_sm_services" tests="1" errors="0" failures="0" skipped="0" time="0"><testcase classname="TedgeConnectTestSMServices" name="tedge_connect_test_sm_services" />
</testsuite><testsuite name="tedge_disconnect_test_sm_services" tests="1" errors="0" failures="0" skipped="0" time="0"><testcase classname="TedgeDisConnectTestSMServices" name="tedge_disconnect_test_sm_services" />
</testsuite><testsuite name="tedge_mapper_az_negative" tests="1" errors="0" failures="0" skipped="0" time="0"><testcase classname="TedgeMapperAzError" name="tedge_mapper_az_negative" />
</testsuite><testsuite name="tedge_mapper_az_with_timestamp" tests="1" errors="0" failures="0" skipped="0" time="0"><testcase classname="TedgeMapperAzWithTimestamp" name="tedge_mapper_az_with_timestamp" />
</testsuite><testsuite name="tedge_mapper_az_without_timestamp" tests="1" errors="0" failures="0" skipped="0" time="0"><testcase classname="TedgeMapperAzWithoutTimestamp" name="tedge_mapper_az_without_timestamp" />
</testsuite><testsuite name="tedge_mapper_c8y_alarms" tests="1" errors="0" failures="0" skipped="0" time="0"><testcase classname="TedgeMapperC8yAlarm" name="tedge_mapper_c8y_alarms" />
</testsuite><testsuite name="tedge_mapper_c8y_child_device_measurement" tests="1" errors="0" failures="0" skipped="0" time="0"><testcase classname="TedgeMapperC8yChildDevice" name="tedge_mapper_c8y_child_device_measurement" />
</testsuite><testsuite name="tedge_mapper_c8y_packet_threshold_size" tests="1" errors="0" failures="1" skipped="0" time="0"><testcase classname="TedgeMapperC8yThresholdPacketSize" name="tedge_mapper_c8y_packet_threshold_size">
		<failure message="FAILED: Grep on tedge_sub.out contains &quot;The size of the message received on tedge/measurements is 20489 which is greater than the threshold size of 16184.&quot;" type="FAILED" />
		<system-out>19:01:21 INFO  ==============================================================
19:01:21 INFO  Id:    tedge_mapper_c8y_packet_threshold_size
19:01:21 INFO  Dir:   tedge_mapper_c8y/
19:01:21 INFO  Title: Validate the Cumulocity Mapper accepted threshold packet size when it receives a message on tedge/measurements
19:01:21 INFO  ==============================================================
19:01:22 INFO  Executed sudo&lt;tedge_mapper_c8y&gt;, exit status 0
19:01:22 INFO  Started sudo&lt;tedge_sub&gt; with process id 30096
19:01:22 INFO  Executed sudo&lt;tedge_msg&gt;, exit status 0
19:01:23 INFO  Executed sudo&lt;tedge_pub&gt;, exit status 0
19:01:23 INFO  Executed sudo&lt;kill_out&gt;, exit status 0
19:01:24 WARN  Grep on tedge_sub.out contains "The size of the message received on tedge/measurements is 20489 which is greater than the threshold size of 16184." ... failed [run.py:88]
19:01:24 INFO  
19:01:24 INFO  cleanup:
19:01:24 INFO  mapper_cleanup
19:01:24 INFO  Executed sudo&lt;tedge_mapper_c8y&gt;, exit status 0
19:01:24 INFO  
19:01:24 INFO  Test duration: 2.95 secs
19:01:24 INFO  Test final outcome:  FAILED
19:01:24 INFO  Test outcome reason: Grep on tedge_sub.out contains "The size of the message received on tedge/measurements is 20489 which is greater than the threshold size of 16184."
19:01:24 INFO  
</system-out>
	</testcase>
</testsuite><testsuite name="tedge_software_update" tests="1" errors="0" failures="0" skipped="0" time="0"><testcase classname="PySysTest" name="tedge_software_update" />
</testsuite><testsuite name="valid_device_id" tests="1" errors="0" failures="0" skipped="0" time="0"><testcase classname="ValidateValidDeviceId" name="valid_device_id" />
</testsuite></testsuites>