<?xml version='1.0' encoding='utf-8'?>
<testsuites tests="147" failures="21" errors="0" skipped="45" time="0.0"><testsuite name="SoftwareManagement.Plugin.apama_plugin_install" tests="3" errors="0" failures="0" skipped="1" time="0"><testcase classname="ApamaPluginInstallTest" name="SoftwareManagement.Plugin.apama_plugin_install">
		<skipped message="SKIPPED: Apama plugin tests are disabled by default. Execute `pysys run` with `-XmyPlatform=container` to run these tests" />
		<system-out>11:14:36 INFO  ==============================================================
11:14:36 INFO  Id:    SoftwareManagement.Plugin.apama_plugin_install
11:14:36 INFO  Dir:   plugin_apama/
11:14:36 INFO  Title: Validate apama plugin install
11:14:36 INFO  ==============================================================
11:14:36 INFO  Apama plugin tests are disabled by default. Execute `pysys run` with `-XmyPlatform=container` to run these tests ... skipped
11:14:36 WARN  Aborted test due to SKIPPED outcome
11:14:36 INFO  
11:14:36 INFO  Test duration: 0.04 secs
11:14:36 INFO  Test final outcome:  SKIPPED
11:14:36 INFO  Test outcome reason: Apama plugin tests are disabled by default. Execute `pysys run` with `-XmyPlatform=container` to run these tests
11:14:36 INFO  
</system-out>
	</testcase>
<testcase classname="ApamaPluginInstallTest" name="SoftwareManagement.Plugin.apama_plugin_install" />
<testcase classname="ApamaPluginInstallTest" name="SoftwareManagement.Plugin.apama_plugin_install" />
</testsuite><testsuite name="SoftwareManagement.Plugin.apama_plugin_mon_support" tests="3" errors="0" failures="0" skipped="1" time="0"><testcase classname="ApamaPluginMonSupportTest" name="SoftwareManagement.Plugin.apama_plugin_mon_support">
		<skipped message="SKIPPED: Apama plugin tests are disabled by default. Execute `pysys run` with `-XmyPlatform=container` to run these tests" />
		<system-out>11:14:37 INFO  ==============================================================
11:14:37 INFO  Id:    SoftwareManagement.Plugin.apama_plugin_mon_support
11:14:37 INFO  Dir:   plugin_apama/
11:14:37 INFO  Title: Validate mon file support of apama plugin
11:14:37 INFO  ==============================================================
11:14:37 INFO  Apama plugin tests are disabled by default. Execute `pysys run` with `-XmyPlatform=container` to run these tests ... skipped
11:14:37 WARN  Aborted test due to SKIPPED outcome
11:14:37 INFO  
11:14:37 INFO  Test duration: 0.02 secs
11:14:37 INFO  Test final outcome:  SKIPPED
11:14:37 INFO  Test outcome reason: Apama plugin tests are disabled by default. Execute `pysys run` with `-XmyPlatform=container` to run these tests
11:14:37 INFO  
</system-out>
	</testcase>
<testcase classname="ApamaPluginMonSupportTest" name="SoftwareManagement.Plugin.apama_plugin_mon_support" />
<testcase classname="ApamaPluginMonSupportTest" name="SoftwareManagement.Plugin.apama_plugin_mon_support" />
</testsuite><testsuite name="SoftwareManagement.Plugin.apama_plugin_remove" tests="3" errors="0" failures="0" skipped="1" time="0"><testcase classname="ApamaPluginRemoveTest" name="SoftwareManagement.Plugin.apama_plugin_remove">
		<skipped message="SKIPPED: Apama plugin tests are disabled by default. Execute `pysys run` with `-XmyPlatform=container` to run these tests" />
		<system-out>11:14:37 INFO  ==============================================================
11:14:37 INFO  Id:    SoftwareManagement.Plugin.apama_plugin_remove
11:14:37 INFO  Dir:   plugin_apama/
11:14:37 INFO  Title: Validate apama plugin remove
11:14:37 INFO  ==============================================================
11:14:37 INFO  Apama plugin tests are disabled by default. Execute `pysys run` with `-XmyPlatform=container` to run these tests ... skipped
11:14:37 WARN  Aborted test due to SKIPPED outcome
11:14:37 INFO  
11:14:37 INFO  Test duration: 0.02 secs
11:14:37 INFO  Test final outcome:  SKIPPED
11:14:37 INFO  Test outcome reason: Apama plugin tests are disabled by default. Execute `pysys run` with `-XmyPlatform=container` to run these tests
11:14:37 INFO  
</system-out>
	</testcase>
<testcase classname="ApamaPluginRemoveTest" name="SoftwareManagement.Plugin.apama_plugin_remove" />
<testcase classname="ApamaPluginRemoveTest" name="SoftwareManagement.Plugin.apama_plugin_remove" />
</testsuite><testsuite name="SoftwareManagement.Plugin.apama_plugin_update" tests="3" errors="0" failures="2" skipped="1" time="0"><testcase classname="ApamaPluginUpdateTest" name="SoftwareManagement.Plugin.apama_plugin_update">
		<skipped message="SKIPPED: Apama plugin tests are disabled by default. Execute `pysys run` with `-XmyPlatform=container` to run these tests" />
		<system-out>11:14:37 INFO  ==============================================================
11:14:37 INFO  Id:    SoftwareManagement.Plugin.apama_plugin_update
11:14:37 INFO  Dir:   plugin_apama/
11:14:37 INFO  Title: Validate apama plugin updating one project with another
11:14:37 INFO  ==============================================================
11:14:37 INFO  Apama plugin tests are disabled by default. Execute `pysys run` with `-XmyPlatform=container` to run these tests ... skipped
11:14:37 WARN  Aborted test due to SKIPPED outcome
11:14:37 INFO  
11:14:37 INFO  Test duration: 0.02 secs
11:14:37 INFO  Test final outcome:  SKIPPED
11:14:37 INFO  Test outcome reason: Apama plugin tests are disabled by default. Execute `pysys run` with `-XmyPlatform=container` to run these tests
11:14:37 INFO  
</system-out>
	</testcase>
<testcase classname="ApamaPluginUpdateTest" name="SoftwareManagement.Plugin.apama_plugin_update">
		<failure message="BLOCKED: sudo&lt;plugin_install&gt; returned non-zero exit code 2" type="BLOCKED" />
		<system-out>12:05:45 INFO  ==============================================================
12:05:45 INFO  Id:    SoftwareManagement.Plugin.apama_plugin_update
12:05:45 INFO  Dir:   plugin_apama/
12:05:45 INFO  Title: Validate apama plugin updating one project with another
12:05:45 INFO  ==============================================================
12:05:45 INFO  Assertion that path exists=False for "/etc/tedge/apama/project" ... passed
12:05:46 INFO  Executed sudo&lt;create_project_dir&gt;, exit status 0
12:05:46 INFO  Executed sudo&lt;unzip_apama_project&gt;, exit status 0
12:05:47 INFO  Executed sudo&lt;move_apama_project&gt;, exit status 0
12:05:48 INFO  Executed sudo&lt;restart_apama_service&gt;, exit status 0
12:05:48 INFO  Executed sudo&lt;apama_correlator_wait&gt;, exit status 0
12:05:48 INFO  Assertion that path exists=True for "/etc/tedge/apama/project" ... passed
12:05:49 INFO  Executed sudo&lt;apama_list_monitors&gt;, exit status 0
12:05:49 INFO  Grep on file /home/pi/actions-runner/_work/thin-edge.io/thin-edge.io/tests/PySys/plugin_apama/apama_plugin_update/Output/linux/apama_list_monitors.out ... passed
12:05:50 WARN  Executed sudo&lt;plugin_install&gt;, exit status 2
12:05:50 INFO  Contents of plugin_install.err: 
  ERROR: Directory not empty (os error 39)
  -----

12:05:50 WARN  sudo&lt;plugin_install&gt; returned non-zero exit code 2 ... blocked [run.py:35]
12:05:50 WARN  Aborted test due to BLOCKED outcome
12:05:50 INFO  
12:05:50 INFO  cleanup:
12:05:50 INFO  Removing apama project
12:06:06 INFO  Executed sudo&lt;stop_apama_service&gt;, exit status 0, duration 15 secs
12:06:06 INFO  Executed sudo&lt;remove_apama_project&gt;, exit status 0
12:06:07 INFO  Executed sudo&lt;remove_apama_tmp_dir&gt;, exit status 0
12:06:07 INFO  
12:06:07 INFO  Test duration: 21.53 secs
12:06:07 INFO  Test final outcome:  BLOCKED
12:06:07 INFO  Test outcome reason: sudo&lt;plugin_install&gt; returned non-zero exit code 2
12:06:07 INFO  
</system-out>
	</testcase>
<testcase classname="ApamaPluginUpdateTest" name="SoftwareManagement.Plugin.apama_plugin_update">
		<failure message="BLOCKED: sudo&lt;plugin_install&gt; returned non-zero exit code 2" type="BLOCKED" />
		<system-out>12:10:28 INFO  ==============================================================
12:10:28 INFO  Id:    SoftwareManagement.Plugin.apama_plugin_update
12:10:28 INFO  Dir:   plugin_apama/
12:10:28 INFO  Title: Validate apama plugin updating one project with another
12:10:28 INFO  ==============================================================
12:10:28 INFO  Assertion that path exists=False for "/etc/tedge/apama/project" ... passed
12:10:28 INFO  Executed sudo&lt;create_project_dir&gt;, exit status 0
12:10:29 INFO  Executed sudo&lt;unzip_apama_project&gt;, exit status 0
12:10:29 INFO  Executed sudo&lt;move_apama_project&gt;, exit status 0
12:10:30 INFO  Executed sudo&lt;restart_apama_service&gt;, exit status 0
12:10:31 INFO  Executed sudo&lt;apama_correlator_wait&gt;, exit status 0
12:10:31 INFO  Assertion that path exists=True for "/etc/tedge/apama/project" ... passed
12:10:32 INFO  Executed sudo&lt;apama_list_monitors&gt;, exit status 0
12:10:32 INFO  Grep on file /home/pi/actions-runner/_work/thin-edge.io/thin-edge.io/tests/PySys/plugin_apama/apama_plugin_update/Output/linux/apama_list_monitors.out ... passed
12:10:32 WARN  Executed sudo&lt;plugin_install&gt;, exit status 2
12:10:32 INFO  Contents of plugin_install.err: 
  ERROR: Directory not empty (os error 39)
  -----

12:10:33 WARN  sudo&lt;plugin_install&gt; returned non-zero exit code 2 ... blocked [run.py:35]
12:10:33 WARN  Aborted test due to BLOCKED outcome
12:10:33 INFO  
12:10:33 INFO  cleanup:
12:10:33 INFO  Removing apama project
12:10:48 INFO  Executed sudo&lt;stop_apama_service&gt;, exit status 0, duration 15 secs
12:10:48 INFO  Executed sudo&lt;remove_apama_project&gt;, exit status 0
12:10:49 INFO  Executed sudo&lt;remove_apama_tmp_dir&gt;, exit status 0
12:10:49 INFO  
12:10:49 INFO  Test duration: 21.26 secs
12:10:49 INFO  Test final outcome:  BLOCKED
12:10:49 INFO  Test outcome reason: sudo&lt;plugin_install&gt; returned non-zero exit code 2
12:10:49 INFO  
</system-out>
	</testcase>
</testsuite><testsuite name="SoftwareManagement.sm_apt_install_download_path" tests="3" errors="0" failures="2" skipped="1" time="0"><testcase classname="AptInstallWithDownloadPath" name="SoftwareManagement.sm_apt_install_download_path">
		<skipped message="SKIPPED: Testing the apt plugin is not supported on this platform.Use parameter -XmyPlatform='container' to enable it" />
		<system-out>11:24:14 INFO  ==============================================================
11:24:14 INFO  Id:    SoftwareManagement.sm_apt_install_download_path
11:24:14 INFO  Dir:   software_management_end_to_end/
11:24:14 INFO  Title: Install package to directory specified in tedge config set tmp.path
11:24:14 INFO  ==============================================================
11:24:14 INFO  Testing the apt plugin is not supported on this platform.Use parameter -XmyPlatform='container' to enable it ... skipped
11:24:14 WARN  Aborted test due to SKIPPED outcome
11:24:14 INFO  
11:24:14 INFO  Test duration: 0.06 secs
11:24:14 INFO  Test final outcome:  SKIPPED
11:24:14 INFO  Test outcome reason: Testing the apt plugin is not supported on this platform.Use parameter -XmyPlatform='container' to enable it
11:24:14 INFO  
</system-out>
	</testcase>
<testcase classname="AptInstallWithDownloadPath" name="SoftwareManagement.sm_apt_install_download_path">
		<failure message="BLOCKED: AssertionError:" type="BLOCKED" />
		<system-out>11:47:48 INFO  ==============================================================
11:47:48 INFO  Id:    SoftwareManagement.sm_apt_install_download_path
11:47:48 INFO  Dir:   software_management_end_to_end/
11:47:48 INFO  Title: Install package to directory specified in tedge config set tmp.path
11:47:48 INFO  ==============================================================
11:47:48 INFO  Using sw id database: {'asciijump': '5475369', 'robotfindskitten': '5474869', 'squirrel3': '5475279', 'rolldice': '5152439', 'moon-buggy': '5439204', 'apple': '5495053', 'banana': '5494888', 'cherry': '5495382', 'watermelon': '5494510', 'registry': '8018911', 'hello-world': '8021526', 'docker/getting-started': '8021973', 'alpine': '7991792'}
11:47:48 INFO  EnvironmentC8y Setup
11:47:49 INFO  Executed systemctl&lt;serv_mapper1&gt;, exit status 3
11:48:03 INFO  Executed sudo&lt;tedge_connect_c8y&gt;, exit status 0, duration 14 secs
11:48:05 INFO  Executed sudo&lt;tedge_connect_c8y_test&gt;, exit status 0
11:48:06 INFO  Executed systemctl&lt;serv_mosq2&gt;, exit status 0
11:48:07 INFO  Executed systemctl&lt;serv_mapper3&gt;, exit status 0
11:48:09 INFO  State of current operation: SUCCESSFUL
11:48:09 INFO  Assert that (False == value) with value=False ... passed
11:48:10 INFO  Executed sudo, exit status 0
11:48:10 INFO  Executed sudo, exit status 0
11:48:11 INFO  Executed sudo, exit status 0
11:48:15 INFO  Executed sudo&lt;tedge_disconnect_c8y&gt;, exit status 0
11:48:15 INFO  Restarting mosquitto too frequently in the last 10 seconds. It was only up for 3 seconds
11:48:15 INFO  Delaying execution by 8 seconds
11:48:37 INFO  Executed sudo&lt;tedge_connect_c8y&gt;, exit status 0, duration 13 secs
11:48:37 INFO  Response status: 201
11:48:37 INFO  Response to action: {
    "creationTime": "2022-05-20T11:48:37.426Z",
    "deviceId": "19397480",
    "deviceName": "m32sd10d",
    "self": "https://t493319102.eu-latest.cumulocity.com/devicecontrol/operations/19409223",
    "id": "19409223",
    "status": "PENDING",
    "description": "Apply software changes, triggered from PySys: [{'name': 'rolldice', 'id': '5152439', 'version': '::apt', 'url': 'https://thin-edge-io.eu-latest.cumulocity.com/inventory/binaries/12435463', 'action': 'install'}]",
    "c8y_SoftwareUpdate": [
        {
            "name": "rolldice",
            "action": "install",
            "id": "5152439",
            "version": "::apt",
            "url": "https://thin-edge-io.eu-latest.cumulocity.com/inventory/binaries/12435463"
        }
    ]
}
11:48:37 INFO  Started operation: {'creationTime': '2022-05-20T11:48:37.426Z', 'deviceId': '19397480', 'deviceName': 'm32sd10d', 'self': 'https://t493319102.eu-latest.cumulocity.com/devicecontrol/operations/19409223', 'id': '19409223', 'status': 'PENDING', 'description': "Apply software changes, triggered from PySys: [{'name': 'rolldice', 'id': '5152439', 'version': '::apt', 'url': 'https://thin-edge-io.eu-latest.cumulocity.com/inventory/binaries/12435463', 'action': 'install'}]", 'c8y_SoftwareUpdate': [{'name': 'rolldice', 'action': 'install', 'id': '5152439', 'version': '::apt', 'url': 'https://thin-edge-io.eu-latest.cumulocity.com/inventory/binaries/12435463'}]}
11:48:37 WARN  , retrying in 0.5 seconds...
11:48:37 WARN  , retrying in 0.5 seconds...
11:48:38 WARN  , retrying in 0.5 seconds...
11:48:38 WARN  , retrying in 0.5 seconds...
11:48:39 WARN  , retrying in 0.5 seconds...
11:48:40 WARN  , retrying in 0.5 seconds...
11:48:40 WARN  , retrying in 0.5 seconds...
11:48:41 WARN  , retrying in 0.5 seconds...
11:48:41 WARN  , retrying in 0.5 seconds...
11:48:42 WARN  AssertionError occurred while running test - 
Traceback (most recent call last):
  File "/home/pi/env-pysys/lib/python3.7/site-packages/pysys/baserunner.py", line 1294, in __call__
    self.testObj.execute()
  File "/home/pi/actions-runner/_work/thin-edge.io/thin-edge.io/tests/PySys/software_management_end_to_end/sm_apt_install_download_path/run.py", line 83, in execute
    assert_install_in_download_path(install_directory=self.DOWNLOAD_DIR)
  File "/home/pi/env-pysys/lib/python3.7/site-packages/decorator.py", line 232, in fun
    return caller(func, *(extras + args), **kw)
  File "/home/pi/env-pysys/lib/python3.7/site-packages/retry/api.py", line 74, in retry_decorator
    logger)
  File "/home/pi/env-pysys/lib/python3.7/site-packages/retry/api.py", line 33, in __retry_internal
    return f()
  File "/home/pi/actions-runner/_work/thin-edge.io/thin-edge.io/tests/PySys/software_management_end_to_end/sm_apt_install_download_path/run.py", line 28, in assert_install_in_download_path
    assert "rolldice" in os.listdir(f"{install_directory}")
AssertionError
11:48:42 WARN  AssertionError: ... blocked 
11:48:42 INFO  
11:48:42 INFO  cleanup:
11:48:43 INFO  Executed sudo, exit status 0
11:48:43 INFO  Executed sudo, exit status 0
11:48:48 INFO  Executed sudo&lt;tedge_disconnect_c8y&gt;, exit status 0
11:48:48 INFO  Restarting mosquitto too frequently in the last 10 seconds. It was only up for 3 seconds
11:48:48 INFO  Delaying execution by 8 seconds
11:49:10 INFO  Executed sudo&lt;tedge_connect_c8y&gt;, exit status 0, duration 14 secs
11:49:14 INFO  Executed sudo&lt;tedge_disconnect_c8y&gt;, exit status 0
11:49:14 INFO  Executed systemctl&lt;serv_mapper5&gt;, exit status 3
11:49:14 INFO  
11:49:14 INFO  Test duration: 86.27 secs
11:49:14 INFO  Test final outcome:  BLOCKED
11:49:14 INFO  Test outcome reason: AssertionError:
11:49:14 INFO  
</system-out>
	</testcase>
<testcase classname="AptInstallWithDownloadPath" name="SoftwareManagement.sm_apt_install_download_path">
		<failure message="BLOCKED: AssertionError:" type="BLOCKED" />
		<system-out>12:10:49 INFO  ==============================================================
12:10:49 INFO  Id:    SoftwareManagement.sm_apt_install_download_path
12:10:49 INFO  Dir:   software_management_end_to_end/
12:10:49 INFO  Title: Install package to directory specified in tedge config set tmp.path
12:10:49 INFO  ==============================================================
12:10:50 INFO  Using sw id database: {'asciijump': '5475369', 'robotfindskitten': '5474869', 'squirrel3': '5475279', 'rolldice': '5152439', 'moon-buggy': '5439204', 'apple': '5495053', 'banana': '5494888', 'cherry': '5495382', 'watermelon': '5494510', 'registry': '8018911', 'hello-world': '8021526', 'docker/getting-started': '8021973', 'alpine': '7991792'}
12:10:50 INFO  EnvironmentC8y Setup
12:10:51 INFO  Executed systemctl&lt;serv_mapper1&gt;, exit status 3
12:11:05 INFO  Executed sudo&lt;tedge_connect_c8y&gt;, exit status 0, duration 13 secs
12:11:05 INFO  Executed sudo&lt;tedge_connect_c8y_test&gt;, exit status 0
12:11:06 INFO  Executed systemctl&lt;serv_mosq2&gt;, exit status 0
12:11:06 INFO  Executed systemctl&lt;serv_mapper3&gt;, exit status 0
12:11:09 INFO  State of current operation: FAILED
12:11:09 INFO  Assert that (False == value) with value=False ... passed
12:11:09 INFO  Executed sudo, exit status 0
12:11:10 INFO  Executed sudo, exit status 0
12:11:11 INFO  Executed sudo, exit status 0
12:11:14 INFO  Executed sudo&lt;tedge_disconnect_c8y&gt;, exit status 0
12:11:15 INFO  Restarting mosquitto too frequently in the last 10 seconds. It was only up for 3 seconds
12:11:15 INFO  Delaying execution by 8 seconds
12:11:36 INFO  Executed sudo&lt;tedge_connect_c8y&gt;, exit status 0, duration 13 secs
12:11:36 INFO  Response status: 201
12:11:36 INFO  Response to action: {
    "creationTime": "2022-05-20T12:11:36.833Z",
    "deviceId": "19397480",
    "deviceName": "m32sd10d",
    "self": "https://t493319102.eu-latest.cumulocity.com/devicecontrol/operations/19409393",
    "id": "19409393",
    "status": "PENDING",
    "description": "Apply software changes, triggered from PySys: [{'name': 'rolldice', 'id': '5152439', 'version': '::apt', 'url': 'https://thin-edge-io.eu-latest.cumulocity.com/inventory/binaries/12435463', 'action': 'install'}]",
    "c8y_SoftwareUpdate": [
        {
            "name": "rolldice",
            "action": "install",
            "id": "5152439",
            "version": "::apt",
            "url": "https://thin-edge-io.eu-latest.cumulocity.com/inventory/binaries/12435463"
        }
    ]
}
12:11:36 INFO  Started operation: {'creationTime': '2022-05-20T12:11:36.833Z', 'deviceId': '19397480', 'deviceName': 'm32sd10d', 'self': 'https://t493319102.eu-latest.cumulocity.com/devicecontrol/operations/19409393', 'id': '19409393', 'status': 'PENDING', 'description': "Apply software changes, triggered from PySys: [{'name': 'rolldice', 'id': '5152439', 'version': '::apt', 'url': 'https://thin-edge-io.eu-latest.cumulocity.com/inventory/binaries/12435463', 'action': 'install'}]", 'c8y_SoftwareUpdate': [{'name': 'rolldice', 'action': 'install', 'id': '5152439', 'version': '::apt', 'url': 'https://thin-edge-io.eu-latest.cumulocity.com/inventory/binaries/12435463'}]}
12:11:36 WARN  , retrying in 0.5 seconds...
12:11:37 WARN  , retrying in 0.5 seconds...
12:11:37 WARN  , retrying in 0.5 seconds...
12:11:38 WARN  , retrying in 0.5 seconds...
12:11:38 WARN  , retrying in 0.5 seconds...
12:11:39 WARN  , retrying in 0.5 seconds...
12:11:39 WARN  , retrying in 0.5 seconds...
12:11:40 WARN  , retrying in 0.5 seconds...
12:11:40 WARN  , retrying in 0.5 seconds...
12:11:41 WARN  AssertionError occurred while running test - 
Traceback (most recent call last):
  File "/home/pi/env-pysys/lib/python3.7/site-packages/pysys/baserunner.py", line 1294, in __call__
    self.testObj.execute()
  File "/home/pi/actions-runner/_work/thin-edge.io/thin-edge.io/tests/PySys/software_management_end_to_end/sm_apt_install_download_path/run.py", line 83, in execute
    assert_install_in_download_path(install_directory=self.DOWNLOAD_DIR)
  File "/home/pi/env-pysys/lib/python3.7/site-packages/decorator.py", line 232, in fun
    return caller(func, *(extras + args), **kw)
  File "/home/pi/env-pysys/lib/python3.7/site-packages/retry/api.py", line 74, in retry_decorator
    logger)
  File "/home/pi/env-pysys/lib/python3.7/site-packages/retry/api.py", line 33, in __retry_internal
    return f()
  File "/home/pi/actions-runner/_work/thin-edge.io/thin-edge.io/tests/PySys/software_management_end_to_end/sm_apt_install_download_path/run.py", line 28, in assert_install_in_download_path
    assert "rolldice" in os.listdir(f"{install_directory}")
AssertionError
12:11:41 WARN  AssertionError: ... blocked 
12:11:41 INFO  
12:11:41 INFO  cleanup:
12:11:41 INFO  Executed sudo, exit status 0
12:11:42 INFO  Executed sudo, exit status 0
12:11:46 INFO  Executed sudo&lt;tedge_disconnect_c8y&gt;, exit status 0
12:11:46 INFO  Restarting mosquitto too frequently in the last 10 seconds. It was only up for 3 seconds
12:11:46 INFO  Delaying execution by 8 seconds
12:12:08 INFO  Executed sudo&lt;tedge_connect_c8y&gt;, exit status 0, duration 14 secs
12:12:13 INFO  Executed sudo&lt;tedge_disconnect_c8y&gt;, exit status 0
12:12:13 INFO  Executed systemctl&lt;serv_mapper5&gt;, exit status 3
12:12:13 INFO  
12:12:13 INFO  Test duration: 84.15 secs
12:12:13 INFO  Test final outcome:  BLOCKED
12:12:13 INFO  Test outcome reason: AssertionError:
12:12:13 INFO  
</system-out>
	</testcase>
</testsuite><testsuite name="SoftwareManagement.sm_apt_install_fail" tests="3" errors="0" failures="0" skipped="1" time="0"><testcase classname="PySysTest" name="SoftwareManagement.sm_apt_install_fail">
		<skipped message="SKIPPED: Testing the apt plugin is not supported on this platform.Use parameter -XmyPlatform='container' to enable it" />
		<system-out>11:24:14 INFO  ==============================================================
11:24:14 INFO  Id:    SoftwareManagement.sm_apt_install_fail
11:24:14 INFO  Dir:   software_management_end_to_end/
11:24:14 INFO  Title: Validate end to end behaviour for a failing installation
11:24:14 INFO  ==============================================================
11:24:14 INFO  Testing the apt plugin is not supported on this platform.Use parameter -XmyPlatform='container' to enable it ... skipped
11:24:14 WARN  Aborted test due to SKIPPED outcome
11:24:14 INFO  
11:24:14 INFO  Test duration: 0.02 secs
11:24:14 INFO  Test final outcome:  SKIPPED
11:24:14 INFO  Test outcome reason: Testing the apt plugin is not supported on this platform.Use parameter -XmyPlatform='container' to enable it
11:24:14 INFO  
</system-out>
	</testcase>
<testcase classname="PySysTest" name="SoftwareManagement.sm_apt_install_fail" />
<testcase classname="PySysTest" name="SoftwareManagement.sm_apt_install_fail" />
</testsuite><testsuite name="SoftwareManagement.sm_apt_install_remove" tests="3" errors="0" failures="0" skipped="1" time="0"><testcase classname="PySysTest" name="SoftwareManagement.sm_apt_install_remove">
		<skipped message="SKIPPED: Testing the apt plugin is not supported on this platform.Use parameter -XmyPlatform='container' to enable it" />
		<system-out>11:24:14 INFO  ==============================================================
11:24:14 INFO  Id:    SoftwareManagement.sm_apt_install_remove
11:24:14 INFO  Dir:   software_management_end_to_end/
11:24:14 INFO  Title: Validate end to end behaviour for the apt plugin for installation and removal of packages
11:24:14 INFO  ==============================================================
11:24:14 INFO  Testing the apt plugin is not supported on this platform.Use parameter -XmyPlatform='container' to enable it ... skipped
11:24:14 WARN  Aborted test due to SKIPPED outcome
11:24:14 INFO  
11:24:14 INFO  Test duration: 0.02 secs
11:24:14 INFO  Test final outcome:  SKIPPED
11:24:14 INFO  Test outcome reason: Testing the apt plugin is not supported on this platform.Use parameter -XmyPlatform='container' to enable it
11:24:14 INFO  
</system-out>
	</testcase>
<testcase classname="PySysTest" name="SoftwareManagement.sm_apt_install_remove" />
<testcase classname="PySysTest" name="SoftwareManagement.sm_apt_install_remove" />
</testsuite><testsuite name="SoftwareManagement.sm_apt_install_remove_default" tests="3" errors="0" failures="0" skipped="1" time="0"><testcase classname="PySysTest" name="SoftwareManagement.sm_apt_install_remove_default">
		<skipped message="SKIPPED: Testing the apt plugin is not supported on this platform.Use parameter -XmyPlatform='container' to enable it" />
		<system-out>11:24:14 INFO  ==============================================================
11:24:14 INFO  Id:    SoftwareManagement.sm_apt_install_remove_default
11:24:14 INFO  Dir:   software_management_end_to_end/
11:24:14 INFO  Title: Validate end to end behaviour for the default plugin for installation and removal of packages
11:24:14 INFO  ==============================================================
11:24:14 INFO  Testing the apt plugin is not supported on this platform.Use parameter -XmyPlatform='container' to enable it ... skipped
11:24:14 WARN  Aborted test due to SKIPPED outcome
11:24:14 INFO  
11:24:14 INFO  Test duration: 0.02 secs
11:24:14 INFO  Test final outcome:  SKIPPED
11:24:14 INFO  Test outcome reason: Testing the apt plugin is not supported on this platform.Use parameter -XmyPlatform='container' to enable it
11:24:14 INFO  
</system-out>
	</testcase>
<testcase classname="PySysTest" name="SoftwareManagement.sm_apt_install_remove_default" />
<testcase classname="PySysTest" name="SoftwareManagement.sm_apt_install_remove_default" />
</testsuite><testsuite name="SoftwareManagement.sm_apt_install_remove_multiple" tests="3" errors="0" failures="2" skipped="1" time="0"><testcase classname="PySysTest" name="SoftwareManagement.sm_apt_install_remove_multiple">
		<skipped message="SKIPPED: Testing the apt plugin is not supported on this platform.Use parameter -XmyPlatform='container' to enable it" />
		<system-out>11:24:14 INFO  ==============================================================
11:24:14 INFO  Id:    SoftwareManagement.sm_apt_install_remove_multiple
11:24:14 INFO  Dir:   software_management_end_to_end/
11:24:14 INFO  Title: Validate end to end behaviour for the apt plugin for multiple packages
11:24:14 INFO  ==============================================================
11:24:14 INFO  Testing the apt plugin is not supported on this platform.Use parameter -XmyPlatform='container' to enable it ... skipped
11:24:14 WARN  Aborted test due to SKIPPED outcome
11:24:14 INFO  
11:24:14 INFO  Test duration: 0.03 secs
11:24:14 INFO  Test final outcome:  SKIPPED
11:24:14 INFO  Test outcome reason: Testing the apt plugin is not supported on this platform.Use parameter -XmyPlatform='container' to enable it
11:24:14 INFO  
</system-out>
	</testcase>
<testcase classname="PySysTest" name="SoftwareManagement.sm_apt_install_remove_multiple">
		<failure message="FAILED: Assert that (False == value) with value=True" type="FAILED" />
		<system-out>11:55:58 INFO  ==============================================================
11:55:58 INFO  Id:    SoftwareManagement.sm_apt_install_remove_multiple
11:55:58 INFO  Dir:   software_management_end_to_end/
11:55:58 INFO  Title: Validate end to end behaviour for the apt plugin for multiple packages
11:55:58 INFO  ==============================================================
11:55:58 INFO  Using sw id database: {'asciijump': '5475369', 'robotfindskitten': '5474869', 'squirrel3': '5475279', 'rolldice': '5152439', 'moon-buggy': '5439204', 'apple': '5495053', 'banana': '5494888', 'cherry': '5495382', 'watermelon': '5494510', 'registry': '8018911', 'hello-world': '8021526', 'docker/getting-started': '8021973', 'alpine': '7991792'}
11:55:58 INFO  EnvironmentC8y Setup
11:55:59 INFO  Executed systemctl&lt;serv_mapper1&gt;, exit status 3
11:55:59 INFO  Restarting mosquitto too frequently in the last 10 seconds. It was only up for 4 seconds
11:55:59 INFO  Delaying execution by 7 seconds
11:56:19 INFO  Executed sudo&lt;tedge_connect_c8y&gt;, exit status 0, duration 13 secs
11:56:20 INFO  Executed sudo&lt;tedge_connect_c8y_test&gt;, exit status 0
11:56:21 INFO  Executed systemctl&lt;serv_mosq2&gt;, exit status 0
11:56:21 INFO  Executed systemctl&lt;serv_mapper3&gt;, exit status 0
11:56:23 INFO  State of current operation: SUCCESSFUL
11:56:23 INFO  Assert that (False == value) with value=False ... passed
11:56:24 INFO  Assert that (False == value) with value=False ... passed
11:56:24 INFO  Assert that (False == value) with value=False ... passed
11:56:24 INFO  Package robotfindskitten is installed
11:56:24 WARN  Assert that (False == value) with value=True ... failed 
11:56:24 INFO  Response status: 201
11:56:24 INFO  Response to action: {
    "delivery": {
        "log": [],
        "time": "2022-05-20T11:56:24.914Z",
        "status": "PENDING"
    },
    "creationTime": "2022-05-20T11:56:24.859Z",
    "deviceId": "19397480",
    "deviceName": "m32sd10d",
    "self": "https://t493319102.eu-latest.cumulocity.com/devicecontrol/operations/19409295",
    "id": "19409295",
    "status": "PENDING",
    "description": "Apply software changes, triggered from PySys: [{'action': 'install', 'id': '5475369', 'name': 'asciijump', 'url': ' ', 'version': '::apt'}, {'action': 'install', 'id': '5474869', 'name': 'robotfindskitten', 'url': ' ', 'version': '::apt'}, {'action': 'install', 'id': '5475279', 'name': 'squirrel3', 'url': ' ', 'version': '::apt'}]",
    "c8y_SoftwareUpdate": [
        {
            "name": "asciijump",
            "action": "install",
            "id": "5475369",
            "version": "::apt",
            "url": " "
        },
        {
            "name": "robotfindskitten",
            "action": "install",
            "id": "5474869",
            "version": "::apt",
            "url": " "
        },
        {
            "name": "squirrel3",
            "action": "install",
            "id": "5475279",
            "version": "::apt",
            "url": " "
        }
    ]
}
11:56:24 INFO  Started operation: {'delivery': {'log': [], 'time': '2022-05-20T11:56:24.914Z', 'status': 'PENDING'}, 'creationTime': '2022-05-20T11:56:24.859Z', 'deviceId': '19397480', 'deviceName': 'm32sd10d', 'self': 'https://t493319102.eu-latest.cumulocity.com/devicecontrol/operations/19409295', 'id': '19409295', 'status': 'PENDING', 'description': "Apply software changes, triggered from PySys: [{'action': 'install', 'id': '5475369', 'name': 'asciijump', 'url': ' ', 'version': '::apt'}, {'action': 'install', 'id': '5474869', 'name': 'robotfindskitten', 'url': ' ', 'version': '::apt'}, {'action': 'install', 'id': '5475279', 'name': 'squirrel3', 'url': ' ', 'version': '::apt'}]", 'c8y_SoftwareUpdate': [{'name': 'asciijump', 'action': 'install', 'id': '5475369', 'version': '::apt', 'url': ' '}, {'name': 'robotfindskitten', 'action': 'install', 'id': '5474869', 'version': '::apt', 'url': ' '}, {'name': 'squirrel3', 'action': 'install', 'id': '5475279', 'version': '::apt', 'url': ' '}]}
11:56:27 INFO  State of operation 19409295 : PENDING
11:56:29 INFO  State of operation 19409295 : EXECUTING
11:56:31 INFO  State of operation 19409295 : EXECUTING
11:56:33 INFO  State of operation 19409295 : EXECUTING
11:56:36 INFO  State of operation 19409295 : EXECUTING
11:56:38 INFO  State of operation 19409295 : EXECUTING
11:56:41 INFO  State of operation 19409295 : EXECUTING
11:56:44 INFO  State of operation 19409295 : EXECUTING
11:56:46 INFO  State of operation 19409295 : EXECUTING
11:56:48 INFO  State of operation 19409295 : EXECUTING
11:56:50 INFO  State of operation 19409295 : EXECUTING
11:56:53 INFO  State of operation 19409295 : EXECUTING
11:56:55 INFO  State of operation 19409295 : EXECUTING
11:56:57 INFO  State of operation 19409295 : EXECUTING
11:56:59 INFO  State of operation 19409295 : EXECUTING
11:57:02 INFO  State of operation 19409295 : EXECUTING
11:57:04 INFO  State of operation 19409295 : EXECUTING
11:57:07 INFO  State of operation 19409295 : EXECUTING
11:57:09 INFO  State of operation 19409295 : EXECUTING
11:57:11 INFO  State of operation 19409295 : EXECUTING
11:57:13 INFO  State of operation 19409295 : EXECUTING
11:57:16 INFO  State of operation 19409295 : EXECUTING
11:57:18 INFO  State of operation 19409295 : EXECUTING
11:57:22 INFO  State of operation 19409295 : EXECUTING
11:57:24 INFO  State of operation 19409295 : EXECUTING
11:57:27 INFO  State of operation 19409295 : EXECUTING
11:57:29 INFO  State of operation 19409295 : EXECUTING
11:57:31 INFO  State of operation 19409295 : EXECUTING
11:57:34 INFO  State of operation 19409295 : EXECUTING
11:57:36 INFO  State of operation 19409295 : EXECUTING
11:57:38 INFO  State of operation 19409295 : EXECUTING
11:57:40 INFO  State of operation 19409295 : EXECUTING
11:57:43 INFO  State of operation 19409295 : EXECUTING
11:57:45 INFO  State of operation 19409295 : SUCCESSFUL
11:57:45 INFO  Assert that (False == value) with value=False ... passed
11:57:45 INFO  Package asciijump is installed
11:57:45 INFO  Assert that (True == value) with value=True ... passed
11:57:46 INFO  Package squirrel3 is installed
11:57:46 INFO  Assert that (True == value) with value=True ... passed
11:57:46 INFO  Package robotfindskitten is installed
11:57:46 INFO  Assert that (True == value) with value=True ... passed
11:57:46 INFO  Response status: 201
11:57:46 INFO  Response to action: {
    "delivery": {
        "log": [],
        "time": "2022-05-20T11:57:46.574Z",
        "status": "PENDING"
    },
    "creationTime": "2022-05-20T11:57:46.558Z",
    "deviceId": "19397480",
    "deviceName": "m32sd10d",
    "self": "https://t493319102.eu-latest.cumulocity.com/devicecontrol/operations/19409309",
    "id": "19409309",
    "status": "PENDING",
    "description": "Apply software changes, triggered from PySys: [{'action': 'delete', 'id': '5475369', 'name': 'asciijump', 'url': ' ', 'version': '::apt'}, {'action': 'delete', 'id': '5474869', 'name': 'robotfindskitten', 'url': ' ', 'version': '::apt'}, {'action': 'delete', 'id': '5475279', 'name': 'squirrel3', 'url': ' ', 'version': '::apt'}]",
    "c8y_SoftwareUpdate": [
        {
            "name": "asciijump",
            "action": "delete",
            "id": "5475369",
            "version": "::apt",
            "url": " "
        },
        {
            "name": "robotfindskitten",
            "action": "delete",
            "id": "5474869",
            "version": "::apt",
            "url": " "
        },
        {
            "name": "squirrel3",
            "action": "delete",
            "id": "5475279",
            "version": "::apt",
            "url": " "
        }
    ]
}
11:57:46 INFO  Started operation: {'delivery': {'log': [], 'time': '2022-05-20T11:57:46.574Z', 'status': 'PENDING'}, 'creationTime': '2022-05-20T11:57:46.558Z', 'deviceId': '19397480', 'deviceName': 'm32sd10d', 'self': 'https://t493319102.eu-latest.cumulocity.com/devicecontrol/operations/19409309', 'id': '19409309', 'status': 'PENDING', 'description': "Apply software changes, triggered from PySys: [{'action': 'delete', 'id': '5475369', 'name': 'asciijump', 'url': ' ', 'version': '::apt'}, {'action': 'delete', 'id': '5474869', 'name': 'robotfindskitten', 'url': ' ', 'version': '::apt'}, {'action': 'delete', 'id': '5475279', 'name': 'squirrel3', 'url': ' ', 'version': '::apt'}]", 'c8y_SoftwareUpdate': [{'name': 'asciijump', 'action': 'delete', 'id': '5475369', 'version': '::apt', 'url': ' '}, {'name': 'robotfindskitten', 'action': 'delete', 'id': '5474869', 'version': '::apt', 'url': ' '}, {'name': 'squirrel3', 'action': 'delete', 'id': '5475279', 'version': '::apt', 'url': ' '}]}
11:57:48 INFO  State of operation 19409309 : PENDING
11:57:51 INFO  State of operation 19409309 : EXECUTING
11:57:53 INFO  State of operation 19409309 : EXECUTING
11:57:55 INFO  State of operation 19409309 : EXECUTING
11:57:57 INFO  State of operation 19409309 : EXECUTING
11:57:59 INFO  State of operation 19409309 : EXECUTING
11:58:02 INFO  State of operation 19409309 : EXECUTING
11:58:05 INFO  State of operation 19409309 : EXECUTING
11:58:07 INFO  State of operation 19409309 : EXECUTING
11:58:10 INFO  State of operation 19409309 : EXECUTING
11:58:12 INFO  State of operation 19409309 : EXECUTING
11:58:14 INFO  State of operation 19409309 : EXECUTING
11:58:16 INFO  State of operation 19409309 : EXECUTING
11:58:19 INFO  State of operation 19409309 : EXECUTING
11:58:21 INFO  State of operation 19409309 : EXECUTING
11:58:23 INFO  State of operation 19409309 : EXECUTING
11:58:25 INFO  State of operation 19409309 : EXECUTING
11:58:28 INFO  State of operation 19409309 : EXECUTING
11:58:30 INFO  State of operation 19409309 : EXECUTING
11:58:33 INFO  State of operation 19409309 : EXECUTING
11:58:35 INFO  State of operation 19409309 : EXECUTING
11:58:37 INFO  State of operation 19409309 : EXECUTING
11:58:39 INFO  State of operation 19409309 : EXECUTING
11:58:42 INFO  State of operation 19409309 : EXECUTING
11:58:44 INFO  State of operation 19409309 : EXECUTING
11:58:47 INFO  State of operation 19409309 : EXECUTING
11:58:49 INFO  State of operation 19409309 : EXECUTING
11:58:51 INFO  State of operation 19409309 : SUCCESSFUL
11:58:51 INFO  Assert that (False == value) with value=False ... passed
11:58:52 INFO  Assert that (False == value) with value=False ... passed
11:58:52 INFO  Assert that (False == value) with value=False ... passed
11:58:52 INFO  Assert that (False == value) with value=False ... passed
11:58:52 INFO  
11:58:52 INFO  cleanup:
11:58:56 INFO  Executed sudo&lt;tedge_disconnect_c8y&gt;, exit status 0
11:58:57 INFO  Executed systemctl&lt;serv_mapper5&gt;, exit status 3
11:58:57 INFO  
11:58:57 INFO  Test duration: 178.71 secs
11:58:57 INFO  Test final outcome:  FAILED
11:58:57 INFO  Test outcome reason: Assert that (False == value) with value=True
11:58:57 INFO  
</system-out>
	</testcase>
<testcase classname="PySysTest" name="SoftwareManagement.sm_apt_install_remove_multiple">
		<failure message="FAILED: Assert that (False == value) with value=True (+2 other failures)" type="FAILED" />
		<system-out>12:18:34 INFO  ==============================================================
12:18:34 INFO  Id:    SoftwareManagement.sm_apt_install_remove_multiple
12:18:34 INFO  Dir:   software_management_end_to_end/
12:18:34 INFO  Title: Validate end to end behaviour for the apt plugin for multiple packages
12:18:34 INFO  ==============================================================
12:18:34 INFO  Using sw id database: {'asciijump': '5475369', 'robotfindskitten': '5474869', 'squirrel3': '5475279', 'rolldice': '5152439', 'moon-buggy': '5439204', 'apple': '5495053', 'banana': '5494888', 'cherry': '5495382', 'watermelon': '5494510', 'registry': '8018911', 'hello-world': '8021526', 'docker/getting-started': '8021973', 'alpine': '7991792'}
12:18:34 INFO  EnvironmentC8y Setup
12:18:35 INFO  Executed systemctl&lt;serv_mapper1&gt;, exit status 3
12:18:35 INFO  Restarting mosquitto too frequently in the last 10 seconds. It was only up for 5 seconds
12:18:35 INFO  Delaying execution by 6 seconds
12:18:55 INFO  Executed sudo&lt;tedge_connect_c8y&gt;, exit status 0, duration 13 secs
12:18:56 INFO  Executed sudo&lt;tedge_connect_c8y_test&gt;, exit status 0
12:18:56 INFO  Executed systemctl&lt;serv_mosq2&gt;, exit status 0
12:18:56 INFO  Executed systemctl&lt;serv_mapper3&gt;, exit status 0
12:18:59 INFO  State of current operation: SUCCESSFUL
12:18:59 INFO  Assert that (False == value) with value=False ... passed
12:18:59 INFO  Package asciijump is installed
12:18:59 WARN  Assert that (False == value) with value=True ... failed 
12:19:00 INFO  Package squirrel3 is installed
12:19:00 WARN  Assert that (False == value) with value=True ... failed 
12:19:00 INFO  Package robotfindskitten is installed
12:19:00 WARN  Assert that (False == value) with value=True ... failed 
12:19:00 INFO  Response status: 201
12:19:00 INFO  Response to action: {
    "creationTime": "2022-05-20T12:19:00.649Z",
    "deviceId": "19397480",
    "deviceName": "m32sd10d",
    "self": "https://t493319102.eu-latest.cumulocity.com/devicecontrol/operations/19409480",
    "id": "19409480",
    "status": "PENDING",
    "description": "Apply software changes, triggered from PySys: [{'action': 'install', 'id': '5475369', 'name': 'asciijump', 'url': ' ', 'version': '::apt'}, {'action': 'install', 'id': '5474869', 'name': 'robotfindskitten', 'url': ' ', 'version': '::apt'}, {'action': 'install', 'id': '5475279', 'name': 'squirrel3', 'url': ' ', 'version': '::apt'}]",
    "c8y_SoftwareUpdate": [
        {
            "name": "asciijump",
            "action": "install",
            "id": "5475369",
            "version": "::apt",
            "url": " "
        },
        {
            "name": "robotfindskitten",
            "action": "install",
            "id": "5474869",
            "version": "::apt",
            "url": " "
        },
        {
            "name": "squirrel3",
            "action": "install",
            "id": "5475279",
            "version": "::apt",
            "url": " "
        }
    ]
}
12:19:00 INFO  Started operation: {'creationTime': '2022-05-20T12:19:00.649Z', 'deviceId': '19397480', 'deviceName': 'm32sd10d', 'self': 'https://t493319102.eu-latest.cumulocity.com/devicecontrol/operations/19409480', 'id': '19409480', 'status': 'PENDING', 'description': "Apply software changes, triggered from PySys: [{'action': 'install', 'id': '5475369', 'name': 'asciijump', 'url': ' ', 'version': '::apt'}, {'action': 'install', 'id': '5474869', 'name': 'robotfindskitten', 'url': ' ', 'version': '::apt'}, {'action': 'install', 'id': '5475279', 'name': 'squirrel3', 'url': ' ', 'version': '::apt'}]", 'c8y_SoftwareUpdate': [{'name': 'asciijump', 'action': 'install', 'id': '5475369', 'version': '::apt', 'url': ' '}, {'name': 'robotfindskitten', 'action': 'install', 'id': '5474869', 'version': '::apt', 'url': ' '}, {'name': 'squirrel3', 'action': 'install', 'id': '5475279', 'version': '::apt', 'url': ' '}]}
12:19:02 INFO  State of operation 19409480 : PENDING
12:19:05 INFO  State of operation 19409480 : EXECUTING
12:19:07 INFO  State of operation 19409480 : EXECUTING
12:19:09 INFO  State of operation 19409480 : EXECUTING
12:19:11 INFO  State of operation 19409480 : EXECUTING
12:19:14 INFO  State of operation 19409480 : EXECUTING
12:19:16 INFO  State of operation 19409480 : EXECUTING
12:19:19 INFO  State of operation 19409480 : EXECUTING
12:19:21 INFO  State of operation 19409480 : EXECUTING
12:19:24 INFO  State of operation 19409480 : EXECUTING
12:19:26 INFO  State of operation 19409480 : EXECUTING
12:19:28 INFO  State of operation 19409480 : EXECUTING
12:19:30 INFO  State of operation 19409480 : EXECUTING
12:19:33 INFO  State of operation 19409480 : EXECUTING
12:19:35 INFO  State of operation 19409480 : EXECUTING
12:19:37 INFO  State of operation 19409480 : SUCCESSFUL
12:19:37 INFO  Assert that (False == value) with value=False ... passed
12:19:38 INFO  Package asciijump is installed
12:19:38 INFO  Assert that (True == value) with value=True ... passed
12:19:38 INFO  Package squirrel3 is installed
12:19:38 INFO  Assert that (True == value) with value=True ... passed
12:19:38 INFO  Package robotfindskitten is installed
12:19:38 INFO  Assert that (True == value) with value=True ... passed
12:19:38 INFO  Response status: 201
12:19:38 INFO  Response to action: {
    "creationTime": "2022-05-20T12:19:38.653Z",
    "deviceId": "19397480",
    "deviceName": "m32sd10d",
    "self": "https://t493319102.eu-latest.cumulocity.com/devicecontrol/operations/19409488",
    "id": "19409488",
    "status": "PENDING",
    "description": "Apply software changes, triggered from PySys: [{'action': 'delete', 'id': '5475369', 'name': 'asciijump', 'url': ' ', 'version': '::apt'}, {'action': 'delete', 'id': '5474869', 'name': 'robotfindskitten', 'url': ' ', 'version': '::apt'}, {'action': 'delete', 'id': '5475279', 'name': 'squirrel3', 'url': ' ', 'version': '::apt'}]",
    "c8y_SoftwareUpdate": [
        {
            "name": "asciijump",
            "action": "delete",
            "id": "5475369",
            "version": "::apt",
            "url": " "
        },
        {
            "name": "robotfindskitten",
            "action": "delete",
            "id": "5474869",
            "version": "::apt",
            "url": " "
        },
        {
            "name": "squirrel3",
            "action": "delete",
            "id": "5475279",
            "version": "::apt",
            "url": " "
        }
    ]
}
12:19:38 INFO  Started operation: {'creationTime': '2022-05-20T12:19:38.653Z', 'deviceId': '19397480', 'deviceName': 'm32sd10d', 'self': 'https://t493319102.eu-latest.cumulocity.com/devicecontrol/operations/19409488', 'id': '19409488', 'status': 'PENDING', 'description': "Apply software changes, triggered from PySys: [{'action': 'delete', 'id': '5475369', 'name': 'asciijump', 'url': ' ', 'version': '::apt'}, {'action': 'delete', 'id': '5474869', 'name': 'robotfindskitten', 'url': ' ', 'version': '::apt'}, {'action': 'delete', 'id': '5475279', 'name': 'squirrel3', 'url': ' ', 'version': '::apt'}]", 'c8y_SoftwareUpdate': [{'name': 'asciijump', 'action': 'delete', 'id': '5475369', 'version': '::apt', 'url': ' '}, {'name': 'robotfindskitten', 'action': 'delete', 'id': '5474869', 'version': '::apt', 'url': ' '}, {'name': 'squirrel3', 'action': 'delete', 'id': '5475279', 'version': '::apt', 'url': ' '}]}
12:19:40 INFO  State of operation 19409488 : PENDING
12:19:43 INFO  State of operation 19409488 : EXECUTING
12:19:45 INFO  State of operation 19409488 : EXECUTING
12:19:47 INFO  State of operation 19409488 : EXECUTING
12:19:49 INFO  State of operation 19409488 : EXECUTING
12:19:52 INFO  State of operation 19409488 : EXECUTING
12:19:54 INFO  State of operation 19409488 : EXECUTING
12:19:58 INFO  State of operation 19409488 : EXECUTING
12:20:00 INFO  State of operation 19409488 : EXECUTING
12:20:02 INFO  State of operation 19409488 : EXECUTING
12:20:05 INFO  State of operation 19409488 : EXECUTING
12:20:07 INFO  State of operation 19409488 : EXECUTING
12:20:09 INFO  State of operation 19409488 : EXECUTING
12:20:11 INFO  State of operation 19409488 : EXECUTING
12:20:14 INFO  State of operation 19409488 : EXECUTING
12:20:16 INFO  State of operation 19409488 : EXECUTING
12:20:18 INFO  State of operation 19409488 : EXECUTING
12:20:21 INFO  State of operation 19409488 : EXECUTING
12:20:24 INFO  State of operation 19409488 : EXECUTING
12:20:26 INFO  State of operation 19409488 : EXECUTING
12:20:28 INFO  State of operation 19409488 : EXECUTING
12:20:30 INFO  State of operation 19409488 : EXECUTING
12:20:33 INFO  State of operation 19409488 : EXECUTING
12:20:35 INFO  State of operation 19409488 : EXECUTING
12:20:38 INFO  State of operation 19409488 : EXECUTING
12:20:40 INFO  State of operation 19409488 : EXECUTING
12:20:43 INFO  State of operation 19409488 : EXECUTING
12:20:45 INFO  State of operation 19409488 : SUCCESSFUL
12:20:45 INFO  Assert that (False == value) with value=False ... passed
12:20:45 INFO  Assert that (False == value) with value=False ... passed
12:20:46 INFO  Assert that (False == value) with value=False ... passed
12:20:46 INFO  Assert that (False == value) with value=False ... passed
12:20:46 INFO  
12:20:46 INFO  cleanup:
12:20:50 INFO  Executed sudo&lt;tedge_disconnect_c8y&gt;, exit status 0
12:20:50 INFO  Executed systemctl&lt;serv_mapper5&gt;, exit status 3
12:20:50 INFO  
12:20:50 INFO  Test duration: 136.01 secs
12:20:50 INFO  Test final outcome:  FAILED
12:20:50 INFO  Test outcome reason: Assert that (False == value) with value=True (+2 other failures)
12:20:50 INFO  
</system-out>
	</testcase>
</testsuite><testsuite name="SoftwareManagement.sm_apt_install_remove_multiple_mixed" tests="3" errors="0" failures="2" skipped="1" time="0"><testcase classname="PySysTest" name="SoftwareManagement.sm_apt_install_remove_multiple_mixed">
		<skipped message="SKIPPED: Testing the apt plugin is not supported on this platform.Use parameter -XmyPlatform='container' to enable it" />
		<system-out>11:24:14 INFO  ==============================================================
11:24:14 INFO  Id:    SoftwareManagement.sm_apt_install_remove_multiple_mixed
11:24:14 INFO  Dir:   software_management_end_to_end/
11:24:14 INFO  Title: Validate end to end behaviour for the apt plugin for multiple packages with mixed versions
11:24:14 INFO  ==============================================================
11:24:14 INFO  Testing the apt plugin is not supported on this platform.Use parameter -XmyPlatform='container' to enable it ... skipped
11:24:14 WARN  Aborted test due to SKIPPED outcome
11:24:14 INFO  
11:24:14 INFO  Test duration: 0.03 secs
11:24:14 INFO  Test final outcome:  SKIPPED
11:24:14 INFO  Test outcome reason: Testing the apt plugin is not supported on this platform.Use parameter -XmyPlatform='container' to enable it
11:24:14 INFO  
</system-out>
	</testcase>
<testcase classname="PySysTest" name="SoftwareManagement.sm_apt_install_remove_multiple_mixed">
		<failure message="BLOCKED: SystemError: Timeout while waiting for status SUCCESSFUL or False" type="BLOCKED" />
		<system-out>11:58:57 INFO  ==============================================================
11:58:57 INFO  Id:    SoftwareManagement.sm_apt_install_remove_multiple_mixed
11:58:57 INFO  Dir:   software_management_end_to_end/
11:58:57 INFO  Title: Validate end to end behaviour for the apt plugin for multiple packages with mixed versions
11:58:57 INFO  ==============================================================
11:58:57 INFO  Using sw id database: {'asciijump': '5475369', 'robotfindskitten': '5474869', 'squirrel3': '5475279', 'rolldice': '5152439', 'moon-buggy': '5439204', 'apple': '5495053', 'banana': '5494888', 'cherry': '5495382', 'watermelon': '5494510', 'registry': '8018911', 'hello-world': '8021526', 'docker/getting-started': '8021973', 'alpine': '7991792'}
11:58:57 INFO  EnvironmentC8y Setup
11:58:57 INFO  Executed systemctl&lt;serv_mapper1&gt;, exit status 3
11:58:57 INFO  Restarting mosquitto too frequently in the last 10 seconds. It was only up for 4 seconds
11:58:57 INFO  Delaying execution by 7 seconds
11:59:18 INFO  Executed sudo&lt;tedge_connect_c8y&gt;, exit status 0, duration 13 secs
11:59:19 INFO  Executed sudo&lt;tedge_connect_c8y_test&gt;, exit status 0
11:59:19 INFO  Executed systemctl&lt;serv_mosq2&gt;, exit status 0
11:59:20 INFO  Executed systemctl&lt;serv_mapper3&gt;, exit status 0
11:59:22 INFO  State of current operation: SUCCESSFUL
11:59:22 INFO  Assert that (False == value) with value=False ... passed
11:59:22 INFO  Assert that (False == value) with value=False ... passed
11:59:23 INFO  Assert that (False == value) with value=False ... passed
11:59:23 INFO  Assert that (False == value) with value=False ... passed
11:59:23 INFO  Assert that (False == value) with value=False ... passed
11:59:24 INFO  Response status: 201
11:59:24 INFO  Response to action: {
    "creationTime": "2022-05-20T11:59:24.809Z",
    "deviceId": "19397480",
    "deviceName": "m32sd10d",
    "self": "https://t493319102.eu-latest.cumulocity.com/devicecontrol/operations/19409325",
    "id": "19409325",
    "status": "PENDING",
    "description": "Apply software changes, triggered from PySys: [{'action': 'install', 'id': '5475369', 'name': 'asciijump', 'url': ' ', 'version': '::apt'}, {'action': 'install', 'id': '5474869', 'name': 'robotfindskitten', 'url': ' ', 'version': ' '}, {'action': 'install', 'id': '5475279', 'name': 'squirrel3', 'url': ' ', 'version': '3.1-7::apt'}, {'action': 'install', 'id': '5152439', 'name': 'rolldice', 'url': ' ', 'version': '1.16-1+b1'}, {'action': 'install', 'id': '5439204', 'name': 'moon-buggy', 'url': ' ', 'version': '1:1.0.51-12'}, {'action': 'install', 'id': '5475369', 'name': 'asciijump', 'url': ' ', 'version': '::apt'}]",
    "c8y_SoftwareUpdate": [
        {
            "name": "asciijump",
            "action": "install",
            "id": "5475369",
            "version": "::apt",
            "url": " "
        },
        {
            "name": "robotfindskitten",
            "action": "install",
            "id": "5474869",
            "version": " ",
            "url": " "
        },
        {
            "name": "squirrel3",
            "action": "install",
            "id": "5475279",
            "version": "3.1-7::apt",
            "url": " "
        },
        {
            "name": "rolldice",
            "action": "install",
            "id": "5152439",
            "version": "1.16-1+b1",
            "url": " "
        },
        {
            "name": "moon-buggy",
            "action": "install",
            "id": "5439204",
            "version": "1:1.0.51-12",
            "url": " "
        },
        {
            "name": "asciijump",
            "action": "install",
            "id": "5475369",
            "version": "::apt",
            "url": " "
        }
    ]
}
11:59:24 INFO  Started operation: {'creationTime': '2022-05-20T11:59:24.809Z', 'deviceId': '19397480', 'deviceName': 'm32sd10d', 'self': 'https://t493319102.eu-latest.cumulocity.com/devicecontrol/operations/19409325', 'id': '19409325', 'status': 'PENDING', 'description': "Apply software changes, triggered from PySys: [{'action': 'install', 'id': '5475369', 'name': 'asciijump', 'url': ' ', 'version': '::apt'}, {'action': 'install', 'id': '5474869', 'name': 'robotfindskitten', 'url': ' ', 'version': ' '}, {'action': 'install', 'id': '5475279', 'name': 'squirrel3', 'url': ' ', 'version': '3.1-7::apt'}, {'action': 'install', 'id': '5152439', 'name': 'rolldice', 'url': ' ', 'version': '1.16-1+b1'}, {'action': 'install', 'id': '5439204', 'name': 'moon-buggy', 'url': ' ', 'version': '1:1.0.51-12'}, {'action': 'install', 'id': '5475369', 'name': 'asciijump', 'url': ' ', 'version': '::apt'}]", 'c8y_SoftwareUpdate': [{'name': 'asciijump', 'action': 'install', 'id': '5475369', 'version': '::apt', 'url': ' '}, {'name': 'robotfindskitten', 'action': 'install', 'id': '5474869', 'version': ' ', 'url': ' '}, {'name': 'squirrel3', 'action': 'install', 'id': '5475279', 'version': '3.1-7::apt', 'url': ' '}, {'name': 'rolldice', 'action': 'install', 'id': '5152439', 'version': '1.16-1+b1', 'url': ' '}, {'name': 'moon-buggy', 'action': 'install', 'id': '5439204', 'version': '1:1.0.51-12', 'url': ' '}, {'name': 'asciijump', 'action': 'install', 'id': '5475369', 'version': '::apt', 'url': ' '}]}
11:59:27 INFO  State of operation 19409325 : PENDING
11:59:29 INFO  State of operation 19409325 : EXECUTING
11:59:31 INFO  State of operation 19409325 : EXECUTING
11:59:33 INFO  State of operation 19409325 : EXECUTING
11:59:35 INFO  State of operation 19409325 : EXECUTING
11:59:38 INFO  State of operation 19409325 : EXECUTING
11:59:41 INFO  State of operation 19409325 : EXECUTING
11:59:43 INFO  State of operation 19409325 : EXECUTING
11:59:46 INFO  State of operation 19409325 : EXECUTING
11:59:48 INFO  State of operation 19409325 : EXECUTING
11:59:50 INFO  State of operation 19409325 : EXECUTING
11:59:52 INFO  State of operation 19409325 : EXECUTING
11:59:55 INFO  State of operation 19409325 : EXECUTING
11:59:57 INFO  State of operation 19409325 : EXECUTING
11:59:59 INFO  State of operation 19409325 : EXECUTING
12:00:01 INFO  State of operation 19409325 : EXECUTING
12:00:04 INFO  State of operation 19409325 : EXECUTING
12:00:07 INFO  State of operation 19409325 : EXECUTING
12:00:09 INFO  State of operation 19409325 : EXECUTING
12:00:11 INFO  State of operation 19409325 : EXECUTING
12:00:13 INFO  State of operation 19409325 : EXECUTING
12:00:16 INFO  State of operation 19409325 : EXECUTING
12:00:18 INFO  State of operation 19409325 : EXECUTING
12:00:21 INFO  State of operation 19409325 : EXECUTING
12:00:23 INFO  State of operation 19409325 : EXECUTING
12:00:26 INFO  State of operation 19409325 : EXECUTING
12:00:28 INFO  State of operation 19409325 : EXECUTING
12:00:31 INFO  State of operation 19409325 : EXECUTING
12:00:33 INFO  State of operation 19409325 : EXECUTING
12:00:36 INFO  State of operation 19409325 : EXECUTING
12:00:38 INFO  State of operation 19409325 : EXECUTING
12:00:40 INFO  State of operation 19409325 : EXECUTING
12:00:42 INFO  State of operation 19409325 : EXECUTING
12:00:45 INFO  State of operation 19409325 : EXECUTING
12:00:47 INFO  State of operation 19409325 : EXECUTING
12:00:49 INFO  State of operation 19409325 : EXECUTING
12:00:51 INFO  State of operation 19409325 : EXECUTING
12:00:54 INFO  State of operation 19409325 : EXECUTING
12:00:57 INFO  State of operation 19409325 : EXECUTING
12:00:59 INFO  State of operation 19409325 : EXECUTING
12:01:01 INFO  State of operation 19409325 : EXECUTING
12:01:04 INFO  State of operation 19409325 : EXECUTING
12:01:06 INFO  State of operation 19409325 : EXECUTING
12:01:08 INFO  State of operation 19409325 : EXECUTING
12:01:10 INFO  State of operation 19409325 : EXECUTING
12:01:13 INFO  State of operation 19409325 : EXECUTING
12:01:15 INFO  State of operation 19409325 : EXECUTING
12:01:17 INFO  State of operation 19409325 : EXECUTING
12:01:19 INFO  State of operation 19409325 : EXECUTING
12:01:22 INFO  State of operation 19409325 : EXECUTING
12:01:24 INFO  State of operation 19409325 : EXECUTING
12:01:27 INFO  State of operation 19409325 : EXECUTING
12:01:30 INFO  State of operation 19409325 : EXECUTING
12:01:32 INFO  State of operation 19409325 : EXECUTING
12:01:35 INFO  State of operation 19409325 : EXECUTING
12:01:37 INFO  State of operation 19409325 : EXECUTING
12:01:40 INFO  State of operation 19409325 : EXECUTING
12:01:43 INFO  State of operation 19409325 : EXECUTING
12:01:45 INFO  State of operation 19409325 : EXECUTING
12:01:47 INFO  State of operation 19409325 : EXECUTING
12:01:50 INFO  State of operation 19409325 : EXECUTING
12:01:52 WARN  SystemError occurred while running test - Timeout while waiting for status SUCCESSFUL or False
Traceback (most recent call last):
  File "/home/pi/env-pysys/lib/python3.7/site-packages/pysys/baserunner.py", line 1294, in __call__
    self.testObj.execute()
  File "/home/pi/actions-runner/_work/thin-edge.io/thin-edge.io/tests/PySys/software_management_end_to_end/sm_apt_install_remove_multiple_mixed/run.py", line 89, in execute
    self.wait_until_succcess()
  File "/home/pi/actions-runner/_work/thin-edge.io/thin-edge.io/tests/PySys/software_management_end_to_end/environment_sm_management.py", line 324, in wait_until_succcess
    self.wait_until_status("SUCCESSFUL")
  File "/home/pi/actions-runner/_work/thin-edge.io/thin-edge.io/tests/PySys/software_management_end_to_end/environment_sm_management.py", line 381, in wait_until_status
    "Timeout while waiting for status %s or %s" % (status, status2)
SystemError: Timeout while waiting for status SUCCESSFUL or False
12:01:52 WARN  SystemError: Timeout while waiting for status SUCCESSFUL or False ... blocked 
12:01:52 INFO  
12:01:52 INFO  cleanup:
12:01:56 INFO  Executed sudo&lt;tedge_disconnect_c8y&gt;, exit status 0
12:01:57 INFO  Executed systemctl&lt;serv_mapper5&gt;, exit status 3
12:01:57 INFO  
12:01:57 INFO  Test duration: 180.12 secs
12:01:57 INFO  Test final outcome:  BLOCKED
12:01:57 INFO  Test outcome reason: SystemError: Timeout while waiting for status SUCCESSFUL or False
12:01:57 INFO  
</system-out>
	</testcase>
<testcase classname="PySysTest" name="SoftwareManagement.sm_apt_install_remove_multiple_mixed">
		<failure message="BLOCKED: SystemError: Timeout while waiting for status SUCCESSFUL or False (+1 other failures)" type="BLOCKED" />
		<system-out>12:20:50 INFO  ==============================================================
12:20:50 INFO  Id:    SoftwareManagement.sm_apt_install_remove_multiple_mixed
12:20:50 INFO  Dir:   software_management_end_to_end/
12:20:50 INFO  Title: Validate end to end behaviour for the apt plugin for multiple packages with mixed versions
12:20:50 INFO  ==============================================================
12:20:50 INFO  Using sw id database: {'asciijump': '5475369', 'robotfindskitten': '5474869', 'squirrel3': '5475279', 'rolldice': '5152439', 'moon-buggy': '5439204', 'apple': '5495053', 'banana': '5494888', 'cherry': '5495382', 'watermelon': '5494510', 'registry': '8018911', 'hello-world': '8021526', 'docker/getting-started': '8021973', 'alpine': '7991792'}
12:20:50 INFO  EnvironmentC8y Setup
12:20:51 INFO  Executed systemctl&lt;serv_mapper1&gt;, exit status 3
12:20:51 INFO  Restarting mosquitto too frequently in the last 10 seconds. It was only up for 5 seconds
12:20:51 INFO  Delaying execution by 6 seconds
12:21:11 INFO  Executed sudo&lt;tedge_connect_c8y&gt;, exit status 0, duration 13 secs
12:21:12 INFO  Executed sudo&lt;tedge_connect_c8y_test&gt;, exit status 0
12:21:12 INFO  Executed systemctl&lt;serv_mosq2&gt;, exit status 0
12:21:12 INFO  Executed systemctl&lt;serv_mapper3&gt;, exit status 0
12:21:15 INFO  State of current operation: SUCCESSFUL
12:21:15 INFO  Assert that (False == value) with value=False ... passed
12:21:15 INFO  Assert that (False == value) with value=False ... passed
12:21:15 INFO  Assert that (False == value) with value=False ... passed
12:21:16 INFO  Assert that (False == value) with value=False ... passed
12:21:16 INFO  Package moon-buggy is installed
12:21:16 WARN  Assert that (False == value) with value=True ... failed 
12:21:17 INFO  Response status: 201
12:21:17 INFO  Response to action: {
    "creationTime": "2022-05-20T12:21:17.548Z",
    "deviceId": "19397480",
    "deviceName": "m32sd10d",
    "self": "https://t493319102.eu-latest.cumulocity.com/devicecontrol/operations/19409499",
    "id": "19409499",
    "status": "PENDING",
    "description": "Apply software changes, triggered from PySys: [{'action': 'install', 'id': '5475369', 'name': 'asciijump', 'url': ' ', 'version': '::apt'}, {'action': 'install', 'id': '5474869', 'name': 'robotfindskitten', 'url': ' ', 'version': ' '}, {'action': 'install', 'id': '5475279', 'name': 'squirrel3', 'url': ' ', 'version': '3.1-7::apt'}, {'action': 'install', 'id': '5152439', 'name': 'rolldice', 'url': ' ', 'version': '1.16-1+b1'}, {'action': 'install', 'id': '5439204', 'name': 'moon-buggy', 'url': ' ', 'version': '1:1.0.51-12'}, {'action': 'install', 'id': '5475369', 'name': 'asciijump', 'url': ' ', 'version': '::apt'}]",
    "c8y_SoftwareUpdate": [
        {
            "name": "asciijump",
            "action": "install",
            "id": "5475369",
            "version": "::apt",
            "url": " "
        },
        {
            "name": "robotfindskitten",
            "action": "install",
            "id": "5474869",
            "version": " ",
            "url": " "
        },
        {
            "name": "squirrel3",
            "action": "install",
            "id": "5475279",
            "version": "3.1-7::apt",
            "url": " "
        },
        {
            "name": "rolldice",
            "action": "install",
            "id": "5152439",
            "version": "1.16-1+b1",
            "url": " "
        },
        {
            "name": "moon-buggy",
            "action": "install",
            "id": "5439204",
            "version": "1:1.0.51-12",
            "url": " "
        },
        {
            "name": "asciijump",
            "action": "install",
            "id": "5475369",
            "version": "::apt",
            "url": " "
        }
    ]
}
12:21:17 INFO  Started operation: {'creationTime': '2022-05-20T12:21:17.548Z', 'deviceId': '19397480', 'deviceName': 'm32sd10d', 'self': 'https://t493319102.eu-latest.cumulocity.com/devicecontrol/operations/19409499', 'id': '19409499', 'status': 'PENDING', 'description': "Apply software changes, triggered from PySys: [{'action': 'install', 'id': '5475369', 'name': 'asciijump', 'url': ' ', 'version': '::apt'}, {'action': 'install', 'id': '5474869', 'name': 'robotfindskitten', 'url': ' ', 'version': ' '}, {'action': 'install', 'id': '5475279', 'name': 'squirrel3', 'url': ' ', 'version': '3.1-7::apt'}, {'action': 'install', 'id': '5152439', 'name': 'rolldice', 'url': ' ', 'version': '1.16-1+b1'}, {'action': 'install', 'id': '5439204', 'name': 'moon-buggy', 'url': ' ', 'version': '1:1.0.51-12'}, {'action': 'install', 'id': '5475369', 'name': 'asciijump', 'url': ' ', 'version': '::apt'}]", 'c8y_SoftwareUpdate': [{'name': 'asciijump', 'action': 'install', 'id': '5475369', 'version': '::apt', 'url': ' '}, {'name': 'robotfindskitten', 'action': 'install', 'id': '5474869', 'version': ' ', 'url': ' '}, {'name': 'squirrel3', 'action': 'install', 'id': '5475279', 'version': '3.1-7::apt', 'url': ' '}, {'name': 'rolldice', 'action': 'install', 'id': '5152439', 'version': '1.16-1+b1', 'url': ' '}, {'name': 'moon-buggy', 'action': 'install', 'id': '5439204', 'version': '1:1.0.51-12', 'url': ' '}, {'name': 'asciijump', 'action': 'install', 'id': '5475369', 'version': '::apt', 'url': ' '}]}
12:21:19 INFO  State of operation 19409499 : PENDING
12:21:22 INFO  State of operation 19409499 : EXECUTING
12:21:24 INFO  State of operation 19409499 : EXECUTING
12:21:26 INFO  State of operation 19409499 : EXECUTING
12:21:28 INFO  State of operation 19409499 : EXECUTING
12:21:30 INFO  State of operation 19409499 : EXECUTING
12:21:33 INFO  State of operation 19409499 : EXECUTING
12:21:36 INFO  State of operation 19409499 : EXECUTING
12:21:38 INFO  State of operation 19409499 : EXECUTING
12:21:41 INFO  State of operation 19409499 : EXECUTING
12:21:43 INFO  State of operation 19409499 : EXECUTING
12:21:45 INFO  State of operation 19409499 : EXECUTING
12:21:47 INFO  State of operation 19409499 : EXECUTING
12:21:50 INFO  State of operation 19409499 : EXECUTING
12:21:52 INFO  State of operation 19409499 : EXECUTING
12:21:54 INFO  State of operation 19409499 : EXECUTING
12:21:57 INFO  State of operation 19409499 : EXECUTING
12:22:00 INFO  State of operation 19409499 : EXECUTING
12:22:02 INFO  State of operation 19409499 : EXECUTING
12:22:05 INFO  State of operation 19409499 : EXECUTING
12:22:07 INFO  State of operation 19409499 : EXECUTING
12:22:10 INFO  State of operation 19409499 : EXECUTING
12:22:12 INFO  State of operation 19409499 : EXECUTING
12:22:14 INFO  State of operation 19409499 : EXECUTING
12:22:17 INFO  State of operation 19409499 : EXECUTING
12:22:20 INFO  State of operation 19409499 : EXECUTING
12:22:22 INFO  State of operation 19409499 : EXECUTING
12:22:25 INFO  State of operation 19409499 : EXECUTING
12:22:27 INFO  State of operation 19409499 : EXECUTING
12:22:30 INFO  State of operation 19409499 : EXECUTING
12:22:32 INFO  State of operation 19409499 : EXECUTING
12:22:34 INFO  State of operation 19409499 : EXECUTING
12:22:36 INFO  State of operation 19409499 : EXECUTING
12:22:39 INFO  State of operation 19409499 : EXECUTING
12:22:41 INFO  State of operation 19409499 : EXECUTING
12:22:43 INFO  State of operation 19409499 : EXECUTING
12:22:45 INFO  State of operation 19409499 : EXECUTING
12:22:48 INFO  State of operation 19409499 : EXECUTING
12:22:51 INFO  State of operation 19409499 : EXECUTING
12:22:53 INFO  State of operation 19409499 : EXECUTING
12:22:56 INFO  State of operation 19409499 : EXECUTING
12:22:58 INFO  State of operation 19409499 : EXECUTING
12:23:00 INFO  State of operation 19409499 : EXECUTING
12:23:02 INFO  State of operation 19409499 : EXECUTING
12:23:05 INFO  State of operation 19409499 : EXECUTING
12:23:07 INFO  State of operation 19409499 : EXECUTING
12:23:09 INFO  State of operation 19409499 : EXECUTING
12:23:12 INFO  State of operation 19409499 : EXECUTING
12:23:14 INFO  State of operation 19409499 : EXECUTING
12:23:17 INFO  State of operation 19409499 : EXECUTING
12:23:19 INFO  State of operation 19409499 : EXECUTING
12:23:22 INFO  State of operation 19409499 : EXECUTING
12:23:24 INFO  State of operation 19409499 : EXECUTING
12:23:27 INFO  State of operation 19409499 : EXECUTING
12:23:29 INFO  State of operation 19409499 : EXECUTING
12:23:32 INFO  State of operation 19409499 : EXECUTING
12:23:34 INFO  State of operation 19409499 : EXECUTING
12:23:37 INFO  State of operation 19409499 : EXECUTING
12:23:39 INFO  State of operation 19409499 : EXECUTING
12:23:42 INFO  State of operation 19409499 : EXECUTING
12:23:44 INFO  State of operation 19409499 : EXECUTING
12:23:46 WARN  SystemError occurred while running test - Timeout while waiting for status SUCCESSFUL or False
Traceback (most recent call last):
  File "/home/pi/env-pysys/lib/python3.7/site-packages/pysys/baserunner.py", line 1294, in __call__
    self.testObj.execute()
  File "/home/pi/actions-runner/_work/thin-edge.io/thin-edge.io/tests/PySys/software_management_end_to_end/sm_apt_install_remove_multiple_mixed/run.py", line 89, in execute
    self.wait_until_succcess()
  File "/home/pi/actions-runner/_work/thin-edge.io/thin-edge.io/tests/PySys/software_management_end_to_end/environment_sm_management.py", line 324, in wait_until_succcess
    self.wait_until_status("SUCCESSFUL")
  File "/home/pi/actions-runner/_work/thin-edge.io/thin-edge.io/tests/PySys/software_management_end_to_end/environment_sm_management.py", line 381, in wait_until_status
    "Timeout while waiting for status %s or %s" % (status, status2)
SystemError: Timeout while waiting for status SUCCESSFUL or False
12:23:46 WARN  SystemError: Timeout while waiting for status SUCCESSFUL or False ... blocked 
12:23:46 INFO  
12:23:46 INFO  cleanup:
12:23:50 INFO  Executed sudo&lt;tedge_disconnect_c8y&gt;, exit status 0
12:23:51 INFO  Executed systemctl&lt;serv_mapper5&gt;, exit status 3
12:23:51 INFO  
12:23:51 INFO  Test duration: 180.32 secs
12:23:51 INFO  Test final outcome:  BLOCKED
12:23:51 INFO  Test outcome reason: SystemError: Timeout while waiting for status SUCCESSFUL or False (+1 other failures)
12:23:51 INFO  
</system-out>
	</testcase>
</testsuite><testsuite name="SoftwareManagement.sm_apt_install_remove_with_version" tests="3" errors="0" failures="0" skipped="1" time="0"><testcase classname="PySysTest" name="SoftwareManagement.sm_apt_install_remove_with_version">
		<skipped message="SKIPPED: Testing the apt plugin is not supported on this platform.Use parameter -XmyPlatform='container' to enable it" />
		<system-out>11:24:14 INFO  ==============================================================
11:24:14 INFO  Id:    SoftwareManagement.sm_apt_install_remove_with_version
11:24:14 INFO  Dir:   software_management_end_to_end/
11:24:14 INFO  Title: Validate end to end behaviour for the apt plugin for packages with version
11:24:14 INFO  ==============================================================
11:24:14 INFO  Testing the apt plugin is not supported on this platform.Use parameter -XmyPlatform='container' to enable it ... skipped
11:24:14 WARN  Aborted test due to SKIPPED outcome
11:24:14 INFO  
11:24:14 INFO  Test duration: 0.02 secs
11:24:14 INFO  Test final outcome:  SKIPPED
11:24:14 INFO  Test outcome reason: Testing the apt plugin is not supported on this platform.Use parameter -XmyPlatform='container' to enable it
11:24:14 INFO  
</system-out>
	</testcase>
<testcase classname="PySysTest" name="SoftwareManagement.sm_apt_install_remove_with_version" />
<testcase classname="PySysTest" name="SoftwareManagement.sm_apt_install_remove_with_version" />
</testsuite><testsuite name="SoftwareManagement.sm_docker_install_remove_multiple" tests="3" errors="0" failures="2" skipped="1" time="0"><testcase classname="SMDockerInstallRemove" name="SoftwareManagement.sm_docker_install_remove_multiple">
		<skipped message="SKIPPED: Testing the apt plugin is not supported on this platform.Use parameter -XmyPlatform='container' to enable it" />
		<system-out>11:24:14 INFO  ==============================================================
11:24:14 INFO  Id:    SoftwareManagement.sm_docker_install_remove_multiple
11:24:14 INFO  Dir:   software_management_end_to_end/
11:24:14 INFO  Title: Validate end to end behaviour for the docker plugin for multiple docker images with mixed versions
11:24:14 INFO  ==============================================================
11:24:14 INFO  Testing the apt plugin is not supported on this platform.Use parameter -XmyPlatform='container' to enable it ... skipped
11:24:14 WARN  Aborted test due to SKIPPED outcome
11:24:14 INFO  
11:24:14 INFO  Test duration: 0.03 secs
11:24:14 INFO  Test final outcome:  SKIPPED
11:24:14 INFO  Test outcome reason: Testing the apt plugin is not supported on this platform.Use parameter -XmyPlatform='container' to enable it
11:24:14 INFO  
</system-out>
	</testcase>
<testcase classname="SMDockerInstallRemove" name="SoftwareManagement.sm_docker_install_remove_multiple">
		<failure message="BLOCKED: SystemError: The operation has failed" type="BLOCKED" />
		<system-out>12:08:04 INFO  ==============================================================
12:08:04 INFO  Id:    SoftwareManagement.sm_docker_install_remove_multiple
12:08:04 INFO  Dir:   software_management_end_to_end/
12:08:04 INFO  Title: Validate end to end behaviour for the docker plugin for multiple docker images with mixed versions
12:08:04 INFO  ==============================================================
12:08:05 INFO  Using sw id database: {'asciijump': '5475369', 'robotfindskitten': '5474869', 'squirrel3': '5475279', 'rolldice': '5152439', 'moon-buggy': '5439204', 'apple': '5495053', 'banana': '5494888', 'cherry': '5495382', 'watermelon': '5494510', 'registry': '8018911', 'hello-world': '8021526', 'docker/getting-started': '8021973', 'alpine': '7991792'}
12:08:05 INFO  EnvironmentC8y Setup
12:08:05 INFO  Executed systemctl&lt;serv_mapper1&gt;, exit status 3
12:08:20 INFO  Executed sudo&lt;tedge_connect_c8y&gt;, exit status 0, duration 14 secs
12:08:21 INFO  Executed sudo&lt;tedge_connect_c8y_test&gt;, exit status 0
12:08:21 INFO  Executed systemctl&lt;serv_mosq2&gt;, exit status 0
12:08:22 INFO  Executed systemctl&lt;serv_mapper3&gt;, exit status 0
12:08:24 INFO  State of current operation: SUCCESSFUL
12:08:24 INFO  Response status: 201
12:08:24 INFO  Response to action: {
    "creationTime": "2022-05-20T12:08:24.509Z",
    "deviceId": "19397480",
    "deviceName": "m32sd10d",
    "self": "https://t493319102.eu-latest.cumulocity.com/devicecontrol/operations/19409377",
    "id": "19409377",
    "status": "PENDING",
    "description": "Apply software changes, triggered from PySys: [{'action': 'install', 'id': '8021526', 'name': 'hello-world', 'url': '', 'version': '::docker'}, {'action': 'install', 'id': '8018911', 'name': 'registry', 'url': '', 'version': '2.6.2::docker'}]",
    "c8y_SoftwareUpdate": [
        {
            "name": "hello-world",
            "action": "install",
            "id": "8021526",
            "version": "::docker",
            "url": ""
        },
        {
            "name": "registry",
            "action": "install",
            "id": "8018911",
            "version": "2.6.2::docker",
            "url": ""
        }
    ]
}
12:08:24 INFO  Started operation: {'creationTime': '2022-05-20T12:08:24.509Z', 'deviceId': '19397480', 'deviceName': 'm32sd10d', 'self': 'https://t493319102.eu-latest.cumulocity.com/devicecontrol/operations/19409377', 'id': '19409377', 'status': 'PENDING', 'description': "Apply software changes, triggered from PySys: [{'action': 'install', 'id': '8021526', 'name': 'hello-world', 'url': '', 'version': '::docker'}, {'action': 'install', 'id': '8018911', 'name': 'registry', 'url': '', 'version': '2.6.2::docker'}]", 'c8y_SoftwareUpdate': [{'name': 'hello-world', 'action': 'install', 'id': '8021526', 'version': '::docker', 'url': ''}, {'name': 'registry', 'action': 'install', 'id': '8018911', 'version': '2.6.2::docker', 'url': ''}]}
12:08:26 INFO  State of operation 19409377 : PENDING
12:08:29 INFO  State of operation 19409377 : EXECUTING
12:08:31 INFO  State of operation 19409377 : EXECUTING
12:08:33 INFO  State of operation 19409377 : EXECUTING
12:08:35 INFO  State of operation 19409377 : FAILED
12:08:35 ERROR Stopping as the operation has failed
12:08:35 WARN  SystemError occurred while running test - The operation has failed
Traceback (most recent call last):
  File "/home/pi/env-pysys/lib/python3.7/site-packages/pysys/baserunner.py", line 1292, in __call__
    self.testObj.setup()
  File "/home/pi/actions-runner/_work/thin-edge.io/thin-edge.io/tests/PySys/software_management_end_to_end/sm_docker_install_remove_multiple/run.py", line 55, in setup
    self.wait_until_succcess()
  File "/home/pi/actions-runner/_work/thin-edge.io/thin-edge.io/tests/PySys/software_management_end_to_end/environment_sm_management.py", line 324, in wait_until_succcess
    self.wait_until_status("SUCCESSFUL")
  File "/home/pi/actions-runner/_work/thin-edge.io/thin-edge.io/tests/PySys/software_management_end_to_end/environment_sm_management.py", line 361, in wait_until_status
    raise SystemError("The operation has failed")
SystemError: The operation has failed
12:08:35 WARN  SystemError: The operation has failed ... blocked 
12:08:35 INFO  
12:08:35 INFO  cleanup:
12:08:39 INFO  Executed sudo&lt;tedge_disconnect_c8y&gt;, exit status 0
12:08:40 INFO  Executed systemctl&lt;serv_mapper5&gt;, exit status 3
12:08:40 INFO  
12:08:40 INFO  Test duration: 36.27 secs
12:08:40 INFO  Test final outcome:  BLOCKED
12:08:40 INFO  Test outcome reason: SystemError: The operation has failed
12:08:40 INFO  
</system-out>
	</testcase>
<testcase classname="SMDockerInstallRemove" name="SoftwareManagement.sm_docker_install_remove_multiple">
		<failure message="BLOCKED: SystemError: The operation has failed" type="BLOCKED" />
		<system-out>12:26:27 INFO  ==============================================================
12:26:27 INFO  Id:    SoftwareManagement.sm_docker_install_remove_multiple
12:26:27 INFO  Dir:   software_management_end_to_end/
12:26:27 INFO  Title: Validate end to end behaviour for the docker plugin for multiple docker images with mixed versions
12:26:27 INFO  ==============================================================
12:26:27 INFO  Using sw id database: {'asciijump': '5475369', 'robotfindskitten': '5474869', 'squirrel3': '5475279', 'rolldice': '5152439', 'moon-buggy': '5439204', 'apple': '5495053', 'banana': '5494888', 'cherry': '5495382', 'watermelon': '5494510', 'registry': '8018911', 'hello-world': '8021526', 'docker/getting-started': '8021973', 'alpine': '7991792'}
12:26:27 INFO  EnvironmentC8y Setup
12:26:28 INFO  Executed systemctl&lt;serv_mapper1&gt;, exit status 3
12:26:28 INFO  Restarting mosquitto too frequently in the last 10 seconds. It was only up for 5 seconds
12:26:28 INFO  Delaying execution by 6 seconds
12:26:48 INFO  Executed sudo&lt;tedge_connect_c8y&gt;, exit status 0, duration 13 secs
12:26:49 INFO  Executed sudo&lt;tedge_connect_c8y_test&gt;, exit status 0
12:26:49 INFO  Executed systemctl&lt;serv_mosq2&gt;, exit status 0
12:26:50 INFO  Executed systemctl&lt;serv_mapper3&gt;, exit status 0
[...]
11:12:26 INFO  Executed sudo&lt;tedge_connect_c8y_test&gt;, exit status 0
11:12:27 INFO  Executed systemctl&lt;serv_mosq2&gt;, exit status 0
11:12:27 INFO  Executed systemctl&lt;serv_mapper3&gt;, exit status 0
11:12:28 INFO  Executed sudo&lt;rm_logs&gt;, exit status 0
11:12:28 INFO  Executed sudo&lt;move_logs&gt;, exit status 0
11:12:29 INFO  log response None
11:12:29 WARN  retry, retrying in 1 seconds...
11:12:30 INFO  log response https://thin-edge-io.eu-latest.cumulocity.com/event/events/19395850/binaries
11:12:30 INFO  nlines 0
11:12:30 WARN  Assert that (True == value) with value=False ... failed [run.py:44]
11:12:30 INFO  
11:12:30 INFO  cleanup:
11:12:31 INFO  Executed sudo&lt;rm_logs&gt;, exit status 0
11:12:31 INFO  Executed sudo&lt;rm_tmp_logs&gt;, exit status 0
11:12:32 INFO  Executed sudo&lt;send_failed&gt;, exit status 0
11:12:36 INFO  Executed sudo&lt;tedge_disconnect_c8y&gt;, exit status 0
11:12:37 INFO  Executed systemctl&lt;serv_mapper5&gt;, exit status 3
11:12:37 INFO  
11:12:37 INFO  Test duration: 31.99 secs
11:12:37 INFO  Test final outcome:  FAILED
11:12:37 INFO  Test outcome reason: Assert that (True == value) with value=False
11:12:37 INFO  
</system-out>
	</testcase>
</testsuite><testsuite name="mapper_awaits_before_reconnect" tests="1" errors="0" failures="1" skipped="0" time="0"><testcase classname="MapperReconnectAwait" name="mapper_awaits_before_reconnect">
		<failure message="FAILED: Line count on tedge_mapper_journal.out for &quot;tedge_mapper::core::mapper: MQTT connection error:&quot; expected &gt;=2 but got 0" type="FAILED" />
		<system-out>11:27:16 INFO  ==============================================================
11:27:16 INFO  Id:    mapper_awaits_before_reconnect
11:27:16 INFO  Dir:   tedge_mapper_c8y/
11:27:16 INFO  Title: Validate mapper doesn't reconnect too often
11:27:16 INFO  ==============================================================
11:27:16 INFO  Started mosquitto_sub with process id 844
11:27:16 INFO  Waiting for 0.1 seconds
11:27:17 INFO  Executed sudo&lt;tedge_mapper&gt;, exit status 0
11:27:17 INFO  Waiting for 5.0 seconds
11:27:22 INFO  Executed sudo&lt;tedge_mapper&gt;, exit status 0
11:27:24 INFO  Executed sudo&lt;tedge_mapper_journal&gt;, exit status 0
11:27:24 WARN  Grep on tedge_mapper_journal.out contains "ERROR" ... failed [run.py:67]
11:27:24 INFO  Line count on file tedge_mapper_journal.out ... passed
11:27:24 WARN  Line count on tedge_mapper_journal.out for "tedge_mapper::core::mapper: MQTT connection error:" expected &gt;=2 but got 0 ... failed [run.py:78]
11:27:24 WARN  Aborted test due to FAILED outcome
11:27:24 INFO  
11:27:24 INFO  Test duration: 7.87 secs
11:27:24 INFO  Test final outcome:  FAILED
11:27:24 INFO  Test outcome reason: Line count on tedge_mapper_journal.out for "tedge_mapper::core::mapper: MQTT connection error:" expected &gt;=2 but got 0
11:27:24 INFO  
</system-out>
	</testcase>
</testsuite><testsuite name="monitoring_smaller_interval" tests="1" errors="0" failures="1" skipped="0" time="0"><testcase classname="MonitoringSmallInterval" name="monitoring_smaller_interval">
		<failure message="BLOCKED: TypeError: 'int' object is not subscriptable" type="BLOCKED" />
		<system-out>11:14:17 INFO  ==============================================================
11:14:17 INFO  Id:    monitoring_smaller_interval
11:14:17 INFO  Dir:   monitoring/
11:14:17 INFO  Title: Validate the tedge dm agent messages that are produced with smaller sampling interval than the batching window. Here the simulated collectd messages are used
11:14:17 INFO  ==============================================================
11:14:17 INFO  Executed sudo&lt;collectd&gt;, exit status 0
11:14:18 INFO  Executed sudo&lt;collectd_mapper&gt;, exit status 0
11:14:18 INFO  Started sudo&lt;tedge_sub&gt; with process id 29477
11:14:19 INFO  Executed sudo&lt;tedge_temp&gt;, exit status 0
11:14:19 INFO  Executed sudo&lt;tedge_pres&gt;, exit status 0
11:14:20 INFO  Executed sudo&lt;tedge_temp&gt;, exit status 0
11:14:20 INFO  Executed sudo&lt;tedge_pres&gt;, exit status 0
11:14:21 INFO  Executed sudo&lt;tedge_temp&gt;, exit status 0
11:14:21 INFO  Executed sudo&lt;tedge_pres&gt;, exit status 0
11:14:22 INFO  Executed sudo&lt;tedge_temp&gt;, exit status 0
11:14:23 INFO  Executed sudo&lt;tedge_pres&gt;, exit status 0
11:14:23 INFO  Executed sudo&lt;tedge_temp&gt;, exit status 0
11:14:24 INFO  Executed sudo&lt;tedge_pres&gt;, exit status 0
11:14:24 INFO  Executed sudo&lt;tedge_temp&gt;, exit status 0
11:14:25 INFO  Executed sudo&lt;tedge_pres&gt;, exit status 0
11:14:25 INFO  Executed sudo&lt;tedge_temp&gt;, exit status 0
11:14:26 INFO  Executed sudo&lt;tedge_pres&gt;, exit status 0
11:14:27 INFO  Executed sudo&lt;tedge_temp&gt;, exit status 0
11:14:27 INFO  Executed sudo&lt;tedge_pres&gt;, exit status 0
11:14:28 INFO  Executed sudo&lt;tedge_temp&gt;, exit status 0
11:14:28 INFO  Executed sudo&lt;tedge_pres&gt;, exit status 0
11:14:29 INFO  Executed sudo&lt;tedge_temp&gt;, exit status 0
11:14:29 INFO  Executed sudo&lt;tedge_pres&gt;, exit status 0
11:14:31 INFO  Executed sudo&lt;kill_out&gt;, exit status 0
11:14:31 INFO  0

11:14:31 WARN  TypeError occurred while running test - 'int' object is not subscriptable
Traceback (most recent call last):
  File "/home/pi/env-pysys/lib/python3.7/site-packages/pysys/baserunner.py", line 1296, in __call__
    self.testObj.validate()
  File "/home/pi/actions-runner/_work/thin-edge.io/thin-edge.io/tests/PySys/monitoring/monitoring_smaller_interval/run.py", line 104, in validate
    collectd_msg_validation_result=self.validate_json(),
  File "/home/pi/actions-runner/_work/thin-edge.io/thin-edge.io/tests/PySys/monitoring/monitoring_smaller_interval/run.py", line 114, in validate_json
    if not self.validate_time():
  File "/home/pi/actions-runner/_work/thin-edge.io/thin-edge.io/tests/PySys/monitoring/monitoring_smaller_interval/run.py", line 134, in validate_time
    if self.js_msg["time"]:
TypeError: 'int' object is not subscriptable
11:14:31 WARN  TypeError: 'int' object is not subscriptable ... blocked 
11:14:31 INFO  
11:14:31 INFO  cleanup:
11:14:31 INFO  monitoring_cleanup
11:14:32 INFO  Executed sudo&lt;collectd_mapper&gt;, exit status 0
11:14:32 INFO  
11:14:32 INFO  Test duration: 15.11 secs
11:14:32 INFO  Test final outcome:  BLOCKED
11:14:32 INFO  Test outcome reason: TypeError: 'int' object is not subscriptable
11:14:32 INFO  
</system-out>
	</testcase>
</testsuite><testsuite name="monitoring_with_collectd" tests="1" errors="0" failures="0" skipped="1" time="0"><testcase classname="MonitoringWithCollectd" name="monitoring_with_collectd">
		<skipped message="SKIPPED: Test execution disabled due to #792 (instable)" />
		<system-out>11:14:32 INFO  ==============================================================
11:14:32 INFO  Id:    monitoring_with_collectd
11:14:32 INFO  Dir:   monitoring/
11:14:32 INFO  Title: Validate tedge dm agent messages that are produced by batching the collectd messages
11:14:32 INFO  ==============================================================
11:14:32 INFO  Test execution disabled due to #792 (instable) ... skipped
11:14:32 INFO  
11:14:32 INFO  Test duration: 0.02 secs
11:14:32 INFO  Test final outcome:  SKIPPED
11:14:32 INFO  Test outcome reason: Test execution disabled due to #792 (instable)
11:14:32 INFO  
</system-out>
	</testcase>
</testsuite><testsuite name="monitoring_with_simulated_messages" tests="1" errors="0" failures="1" skipped="0" time="0"><testcase classname="MonitoringWithSimulatedMessages" name="monitoring_with_simulated_messages">
		<failure message="BLOCKED: TypeError: 'int' object is not subscriptable" type="BLOCKED" />
		<system-out>11:14:32 INFO  ==============================================================
11:14:32 INFO  Id:    monitoring_with_simulated_messages
11:14:32 INFO  Dir:   monitoring/
11:14:32 INFO  Title: Validate the tedge dm agent messages that are produced from the simulated collectd messages
11:14:32 INFO  ==============================================================
11:14:32 INFO  Executed sudo&lt;collectd&gt;, exit status 0
11:14:33 INFO  Executed sudo&lt;collectd_mapper&gt;, exit status 0
11:14:33 INFO  Started sudo&lt;tedge_sub&gt; with process id 29545
11:14:34 INFO  Executed sudo&lt;tedge_temp&gt;, exit status 0
11:14:34 INFO  Executed sudo&lt;tedge_pres&gt;, exit status 0
11:14:36 INFO  Executed sudo&lt;kill_out&gt;, exit status 0
11:14:36 INFO  0

11:14:36 WARN  TypeError occurred while running test - 'int' object is not subscriptable
Traceback (most recent call last):
  File "/home/pi/env-pysys/lib/python3.7/site-packages/pysys/baserunner.py", line 1296, in __call__
    self.testObj.validate()
  File "/home/pi/actions-runner/_work/thin-edge.io/thin-edge.io/tests/PySys/monitoring/monitoring_with_simulated_messages/run.py", line 98, in validate
    collectd_msg_validation_result=self.validate_json(),
  File "/home/pi/actions-runner/_work/thin-edge.io/thin-edge.io/tests/PySys/monitoring/monitoring_with_simulated_messages/run.py", line 108, in validate_json
    if not self.validate_time():
  File "/home/pi/actions-runner/_work/thin-edge.io/thin-edge.io/tests/PySys/monitoring/monitoring_with_simulated_messages/run.py", line 127, in validate_time
    if self.js_msg["time"]:
TypeError: 'int' object is not subscriptable
11:14:36 WARN  TypeError: 'int' object is not subscriptable ... blocked 
11:14:36 INFO  
11:14:36 INFO  cleanup:
11:14:36 INFO  monitoring_cleanup
11:14:36 INFO  Executed sudo&lt;collectd_mapper&gt;, exit status 0
11:14:36 INFO  
11:14:36 INFO  Test duration: 4.59 secs
11:14:36 INFO  Test final outcome:  BLOCKED
11:14:36 INFO  Test outcome reason: TypeError: 'int' object is not subscriptable
11:14:36 INFO  
</system-out>
	</testcase>
</testsuite><testsuite name="mqtt_port_change_connection_fails" tests="1" errors="0" failures="0" skipped="0" time="0"><testcase classname="MqttPortChangeConnectionFails" name="mqtt_port_change_connection_fails" />
</testsuite><testsuite name="mqtt_port_change_connection_works" tests="1" errors="0" failures="0" skipped="1" time="0"><testcase classname="MqttPortChangeConnectionWorks" name="mqtt_port_change_connection_works">
		<skipped message="SKIPPED: failing intermitently" />
		<system-out>11:13:12 INFO  ==============================================================
11:13:12 INFO  Id:    mqtt_port_change_connection_works
11:13:12 INFO  Dir:   misc_features/
11:13:12 INFO  Title: mqtt port change connection works for all the thin-edge services that use the mosquitto broker
11:13:12 INFO  ==============================================================
11:13:12 INFO  failing intermitently ... skipped
11:13:12 INFO  
11:13:12 INFO  Test duration: 0.02 secs
11:13:12 INFO  Test final outcome:  SKIPPED
11:13:12 INFO  Test outcome reason: failing intermitently
11:13:12 INFO  
</system-out>
	</testcase>
</testsuite><testsuite name="mqtt_port_set" tests="1" errors="0" failures="0" skipped="0" time="0"><testcase classname="MqttPortSet" name="mqtt_port_set" />
</testsuite><testsuite name="mqtt_port_unset" tests="1" errors="0" failures="0" skipped="0" time="0"><testcase classname="MqttPortUnSet" name="mqtt_port_unset" />
</testsuite><testsuite name="publish_flux" tests="1" errors="0" failures="0" skipped="0" time="0"><testcase classname="PublishFlux" name="publish_flux" />
</testsuite><testsuite name="publish_sawmill" tests="1" errors="0" failures="0" skipped="0" time="0"><testcase classname="PublishSawmill" name="publish_sawmill" />
</testsuite><testsuite name="runtime_start_two_mappers" tests="1" errors="0" failures="0" skipped="0" time="0"><testcase classname="RuntimeMultiMappers" name="runtime_start_two_mappers" />
</testsuite><testsuite name="sm_tedge_mapper_init_session" tests="1" errors="0" failures="0" skipped="0" time="0"><testcase classname="TedgeSMMapperInitSession" name="sm_tedge_mapper_init_session" />
</testsuite><testsuite name="smoketest_json" tests="1" errors="0" failures="0" skipped="0" time="0"><testcase classname="SmokeTestJson" name="smoketest_json" />
</testsuite><testsuite name="smoketest_json_400_samples_10ms" tests="1" errors="0" failures="0" skipped="0" time="0"><testcase classname="SmoketestJson400Samples10ms" name="smoketest_json_400_samples_10ms" />
</testsuite><testsuite name="smoketest_json_400_samples_20ms" tests="1" errors="0" failures="0" skipped="0" time="0"><testcase classname="SmoketestJson400Samples20ms" name="smoketest_json_400_samples_20ms" />
</testsuite><testsuite name="smoketest_smartrest" tests="1" errors="0" failures="0" skipped="0" time="0"><testcase classname="SmoketestSmartRest" name="smoketest_smartrest" />
</testsuite><testsuite name="smoketest_smartrest_400_samples_1Xms" tests="1" errors="0" failures="0" skipped="0" time="0"><testcase classname="SmoketestSmartRest400Samples1Xms" name="smoketest_smartrest_400_samples_1Xms" />
</testsuite><testsuite name="smoketest_smartrest_400_samples_20ms" tests="1" errors="0" failures="0" skipped="0" time="0"><testcase classname="SmoketestSmartRest400Samples20ms" name="smoketest_smartrest_400_samples_20ms" />
</testsuite><testsuite name="tedge_agent_user_sudo_access" tests="1" errors="0" failures="0" skipped="1" time="0"><testcase classname="TedgeAgentUserSudoAccess" name="tedge_agent_user_sudo_access">
		<skipped message="SKIPPED: #955 Observation: Exit code of the apt plugin when called with no arguments" />
		<system-out>11:24:41 INFO  ==============================================================
11:24:41 INFO  Id:    tedge_agent_user_sudo_access
11:24:41 INFO  Dir:   tedge/
11:24:41 INFO  Title: Validate tedge-agent user has a limited sudo right
11:24:41 INFO  ==============================================================
11:24:41 INFO  #955 Observation: Exit code of the apt plugin when called with no arguments ... skipped
11:24:41 INFO  
11:24:41 INFO  Test duration: 0.02 secs
11:24:41 INFO  Test final outcome:  SKIPPED
11:24:41 INFO  Test outcome reason: #955 Observation: Exit code of the apt plugin when called with no arguments
11:24:41 INFO  
</system-out>
	</testcase>
</testsuite><testsuite name="tedge_connect_test_negative" tests="1" errors="0" failures="0" skipped="0" time="0"><testcase classname="TedgeConnectTestNegative" name="tedge_connect_test_negative" />
</testsuite><testsuite name="tedge_connect_test_positive" tests="1" errors="0" failures="0" skipped="0" time="0"><testcase classname="TedgeConnectTestPositive" name="tedge_connect_test_positive" />
</testsuite><testsuite name="tedge_connect_test_sm_services" tests="1" errors="0" failures="0" skipped="0" time="0"><testcase classname="TedgeConnectTestSMServices" name="tedge_connect_test_sm_services" />
</testsuite><testsuite name="tedge_disconnect_test_sm_services" tests="1" errors="0" failures="0" skipped="0" time="0"><testcase classname="TedgeDisConnectTestSMServices" name="tedge_disconnect_test_sm_services" />
</testsuite><testsuite name="tedge_mapper_az_negative" tests="1" errors="0" failures="0" skipped="0" time="0"><testcase classname="TedgeMapperAzError" name="tedge_mapper_az_negative" />
</testsuite><testsuite name="tedge_mapper_az_with_timestamp" tests="1" errors="0" failures="0" skipped="0" time="0"><testcase classname="TedgeMapperAzWithTimestamp" name="tedge_mapper_az_with_timestamp" />
</testsuite><testsuite name="tedge_mapper_az_without_timestamp" tests="1" errors="0" failures="0" skipped="0" time="0"><testcase classname="TedgeMapperAzWithoutTimestamp" name="tedge_mapper_az_without_timestamp" />
</testsuite><testsuite name="tedge_mapper_c8y_alarms" tests="1" errors="0" failures="0" skipped="0" time="0"><testcase classname="TedgeMapperC8yAlarm" name="tedge_mapper_c8y_alarms" />
</testsuite><testsuite name="tedge_mapper_c8y_child_device_measurement" tests="1" errors="0" failures="0" skipped="0" time="0"><testcase classname="TedgeMapperC8yChildDevice" name="tedge_mapper_c8y_child_device_measurement" />
</testsuite><testsuite name="tedge_mapper_c8y_packet_threshold_size" tests="1" errors="0" failures="1" skipped="0" time="0"><testcase classname="TedgeMapperC8yThresholdPacketSize" name="tedge_mapper_c8y_packet_threshold_size">
		<failure message="FAILED: Grep on tedge_sub.out contains &quot;The size of the message received on tedge/measurements is 20489 which is greater than the threshold size of 16184.&quot;" type="FAILED" />
		<system-out>11:29:01 INFO  ==============================================================
11:29:01 INFO  Id:    tedge_mapper_c8y_packet_threshold_size
11:29:01 INFO  Dir:   tedge_mapper_c8y/
11:29:01 INFO  Title: Validate the Cumulocity Mapper accepted threshold packet size when it receives a message on tedge/measurements
11:29:01 INFO  ==============================================================
11:29:02 INFO  Executed sudo&lt;tedge_mapper_c8y&gt;, exit status 0
11:29:02 INFO  Started sudo&lt;tedge_sub&gt; with process id 1470
11:29:02 INFO  Executed sudo&lt;tedge_msg&gt;, exit status 0
11:29:03 INFO  Executed sudo&lt;tedge_pub&gt;, exit status 0
11:29:03 INFO  Executed sudo&lt;kill_out&gt;, exit status 0
11:29:03 WARN  Grep on tedge_sub.out contains "The size of the message received on tedge/measurements is 20489 which is greater than the threshold size of 16184." ... failed [run.py:88]
11:29:03 INFO  
11:29:03 INFO  cleanup:
11:29:03 INFO  mapper_cleanup
11:29:04 INFO  Executed sudo&lt;tedge_mapper_c8y&gt;, exit status 0
11:29:04 INFO  
11:29:04 INFO  Test duration: 3.00 secs
11:29:04 INFO  Test final outcome:  FAILED
11:29:04 INFO  Test outcome reason: Grep on tedge_sub.out contains "The size of the message received on tedge/measurements is 20489 which is greater than the threshold size of 16184."
11:29:04 INFO  
</system-out>
	</testcase>
</testsuite><testsuite name="tedge_software_update" tests="1" errors="0" failures="0" skipped="0" time="0"><testcase classname="PySysTest" name="tedge_software_update" />
</testsuite><testsuite name="valid_device_id" tests="1" errors="0" failures="1" skipped="0" time="0"><testcase classname="ValidateValidDeviceId" name="valid_device_id">
		<failure message="FAILED: Grep on tedge_connect_c8y_test.out contains &quot;successful&quot;" type="FAILED" />
		<system-out>11:13:34 INFO  ==============================================================
11:13:34 INFO  Id:    valid_device_id
11:13:34 INFO  Dir:   misc_features/
11:13:34 INFO  Title: Valid device ID
11:13:34 INFO  ==============================================================
11:13:35 INFO  Restarting mosquitto too frequently in the last 10 seconds. It was only up for 5 seconds
11:13:35 INFO  Delaying execution by 6 seconds
11:13:41 INFO  Executed sudo&lt;tedge_disconnect_c8y&gt;, exit status 0
11:13:42 INFO  Executed sudo&lt;create_cert_dir&gt;, exit status 0
11:13:42 INFO  Executed sudo&lt;change_owner_of_dir&gt;, exit status 0
11:13:43 INFO  Executed sudo&lt;set_cert_path&gt;, exit status 0
11:13:43 INFO  Executed sudo&lt;set_key_path&gt;, exit status 0
11:13:44 INFO  Executed sudo&lt;cert_create&gt;, exit status 0
11:13:45 INFO  Executed sudo&lt;cert_upload&gt;, exit status 0
11:14:00 INFO  Executed sudo&lt;tedge_connect_c8y&gt;, exit status 0, duration 14 secs
11:14:11 INFO  Executed sudo&lt;tedge_connect_c8y_test&gt;, exit status 0
11:14:11 INFO  Grep on file tedge_connect_c8y.out ... passed
11:14:11 WARN  Grep on tedge_connect_c8y_test.out contains "successful" ... failed [run.py:108]
11:14:11 INFO  
11:14:11 INFO  cleanup:
11:14:15 INFO  Executed sudo&lt;tedge_disconnect_c8y&gt;, exit status 0
11:14:15 INFO  Executed sudo&lt;unset_cert_path&gt;, exit status 0
11:14:16 INFO  Executed sudo&lt;unset_key_path&gt;, exit status 0
11:14:17 INFO  Executed sudo&lt;remove_cert_dir&gt;, exit status 0
11:14:17 INFO  
11:14:17 INFO  Test duration: 42.16 secs
11:14:17 INFO  Test final outcome:  FAILED
11:14:17 INFO  Test outcome reason: Grep on tedge_connect_c8y_test.out contains "successful"
11:14:17 INFO  
</system-out>
	</testcase>
</testsuite></testsuites>