<?xml version='1.0' encoding='utf-8'?>
<testsuites tests="139" failures="17" errors="0" skipped="45" time="0.0"><testsuite name="SoftwareManagement.Plugin.apama_plugin_install" tests="3" errors="0" failures="0" skipped="1" time="0"><testcase classname="ApamaPluginInstallTest" name="SoftwareManagement.Plugin.apama_plugin_install">
		<skipped message="SKIPPED: Apama plugin tests are disabled by default. Execute `pysys run` with `-XmyPlatform=container` to run these tests" />
		<system-out>00:17:36 INFO  ==============================================================
00:17:36 INFO  Id:    SoftwareManagement.Plugin.apama_plugin_install
00:17:36 INFO  Dir:   plugin_apama/
00:17:36 INFO  Title: Validate apama plugin install
00:17:36 INFO  ==============================================================
00:17:36 INFO  Apama plugin tests are disabled by default. Execute `pysys run` with `-XmyPlatform=container` to run these tests ... skipped
00:17:36 WARN  Aborted test due to SKIPPED outcome
00:17:36 INFO  
00:17:36 INFO  Test duration: 0.05 secs
00:17:36 INFO  Test final outcome:  SKIPPED
00:17:36 INFO  Test outcome reason: Apama plugin tests are disabled by default. Execute `pysys run` with `-XmyPlatform=container` to run these tests
00:17:36 INFO  
</system-out>
	</testcase>
<testcase classname="ApamaPluginInstallTest" name="SoftwareManagement.Plugin.apama_plugin_install" />
<testcase classname="ApamaPluginInstallTest" name="SoftwareManagement.Plugin.apama_plugin_install" />
</testsuite><testsuite name="SoftwareManagement.Plugin.apama_plugin_mon_support" tests="3" errors="0" failures="0" skipped="1" time="0"><testcase classname="ApamaPluginMonSupportTest" name="SoftwareManagement.Plugin.apama_plugin_mon_support">
		<skipped message="SKIPPED: Apama plugin tests are disabled by default. Execute `pysys run` with `-XmyPlatform=container` to run these tests" />
		<system-out>00:17:36 INFO  ==============================================================
00:17:36 INFO  Id:    SoftwareManagement.Plugin.apama_plugin_mon_support
00:17:36 INFO  Dir:   plugin_apama/
00:17:36 INFO  Title: Validate mon file support of apama plugin
00:17:36 INFO  ==============================================================
00:17:36 INFO  Apama plugin tests are disabled by default. Execute `pysys run` with `-XmyPlatform=container` to run these tests ... skipped
00:17:36 WARN  Aborted test due to SKIPPED outcome
00:17:36 INFO  
00:17:36 INFO  Test duration: 0.02 secs
00:17:36 INFO  Test final outcome:  SKIPPED
00:17:36 INFO  Test outcome reason: Apama plugin tests are disabled by default. Execute `pysys run` with `-XmyPlatform=container` to run these tests
00:17:36 INFO  
</system-out>
	</testcase>
<testcase classname="ApamaPluginMonSupportTest" name="SoftwareManagement.Plugin.apama_plugin_mon_support" />
<testcase classname="ApamaPluginMonSupportTest" name="SoftwareManagement.Plugin.apama_plugin_mon_support" />
</testsuite><testsuite name="SoftwareManagement.Plugin.apama_plugin_remove" tests="3" errors="0" failures="0" skipped="1" time="0"><testcase classname="ApamaPluginRemoveTest" name="SoftwareManagement.Plugin.apama_plugin_remove">
		<skipped message="SKIPPED: Apama plugin tests are disabled by default. Execute `pysys run` with `-XmyPlatform=container` to run these tests" />
		<system-out>00:17:36 INFO  ==============================================================
00:17:36 INFO  Id:    SoftwareManagement.Plugin.apama_plugin_remove
00:17:36 INFO  Dir:   plugin_apama/
00:17:36 INFO  Title: Validate apama plugin remove
00:17:36 INFO  ==============================================================
00:17:36 INFO  Apama plugin tests are disabled by default. Execute `pysys run` with `-XmyPlatform=container` to run these tests ... skipped
00:17:36 WARN  Aborted test due to SKIPPED outcome
00:17:36 INFO  
00:17:36 INFO  Test duration: 0.02 secs
00:17:36 INFO  Test final outcome:  SKIPPED
00:17:36 INFO  Test outcome reason: Apama plugin tests are disabled by default. Execute `pysys run` with `-XmyPlatform=container` to run these tests
00:17:36 INFO  
</system-out>
	</testcase>
<testcase classname="ApamaPluginRemoveTest" name="SoftwareManagement.Plugin.apama_plugin_remove" />
<testcase classname="ApamaPluginRemoveTest" name="SoftwareManagement.Plugin.apama_plugin_remove" />
</testsuite><testsuite name="SoftwareManagement.Plugin.apama_plugin_update" tests="3" errors="0" failures="2" skipped="1" time="0"><testcase classname="ApamaPluginUpdateTest" name="SoftwareManagement.Plugin.apama_plugin_update">
		<skipped message="SKIPPED: Apama plugin tests are disabled by default. Execute `pysys run` with `-XmyPlatform=container` to run these tests" />
		<system-out>00:17:36 INFO  ==============================================================
00:17:36 INFO  Id:    SoftwareManagement.Plugin.apama_plugin_update
00:17:36 INFO  Dir:   plugin_apama/
00:17:36 INFO  Title: Validate apama plugin updating one project with another
00:17:36 INFO  ==============================================================
00:17:36 INFO  Apama plugin tests are disabled by default. Execute `pysys run` with `-XmyPlatform=container` to run these tests ... skipped
00:17:36 WARN  Aborted test due to SKIPPED outcome
00:17:36 INFO  
00:17:36 INFO  Test duration: 0.02 secs
00:17:36 INFO  Test final outcome:  SKIPPED
00:17:36 INFO  Test outcome reason: Apama plugin tests are disabled by default. Execute `pysys run` with `-XmyPlatform=container` to run these tests
00:17:36 INFO  
</system-out>
	</testcase>
<testcase classname="ApamaPluginUpdateTest" name="SoftwareManagement.Plugin.apama_plugin_update">
		<failure message="BLOCKED: sudo&lt;plugin_install&gt; returned non-zero exit code 2" type="BLOCKED" />
		<system-out>01:08:35 INFO  ==============================================================
01:08:35 INFO  Id:    SoftwareManagement.Plugin.apama_plugin_update
01:08:35 INFO  Dir:   plugin_apama/
01:08:35 INFO  Title: Validate apama plugin updating one project with another
01:08:35 INFO  ==============================================================
01:08:35 INFO  Assertion that path exists=False for "/etc/tedge/apama/project" ... passed
01:08:36 INFO  Executed sudo&lt;create_project_dir&gt;, exit status 0
01:08:36 INFO  Executed sudo&lt;unzip_apama_project&gt;, exit status 0
01:08:37 INFO  Executed sudo&lt;move_apama_project&gt;, exit status 0
01:08:38 INFO  Executed sudo&lt;restart_apama_service&gt;, exit status 0
01:08:39 INFO  Executed sudo&lt;apama_correlator_wait&gt;, exit status 0
01:08:39 INFO  Assertion that path exists=True for "/etc/tedge/apama/project" ... passed
01:08:39 INFO  Executed sudo&lt;apama_list_monitors&gt;, exit status 0
01:08:39 INFO  Grep on file /home/pi/actions-runner/_work/thin-edge.io/thin-edge.io/tests/PySys/plugin_apama/apama_plugin_update/Output/linux/apama_list_monitors.out ... passed
01:08:40 WARN  Executed sudo&lt;plugin_install&gt;, exit status 2
01:08:40 INFO  Contents of plugin_install.err: 
  ERROR: Directory not empty (os error 39)
  -----

01:08:40 WARN  sudo&lt;plugin_install&gt; returned non-zero exit code 2 ... blocked [run.py:35]
01:08:40 WARN  Aborted test due to BLOCKED outcome
01:08:40 INFO  
01:08:40 INFO  cleanup:
01:08:40 INFO  Removing apama project
01:08:56 INFO  Executed sudo&lt;stop_apama_service&gt;, exit status 0, duration 15 secs
01:08:56 INFO  Executed sudo&lt;remove_apama_project&gt;, exit status 0
01:08:57 INFO  Executed sudo&lt;remove_apama_tmp_dir&gt;, exit status 0
01:08:57 INFO  
01:08:57 INFO  Test duration: 21.37 secs
01:08:57 INFO  Test final outcome:  BLOCKED
01:08:57 INFO  Test outcome reason: sudo&lt;plugin_install&gt; returned non-zero exit code 2
01:08:57 INFO  
</system-out>
	</testcase>
<testcase classname="ApamaPluginUpdateTest" name="SoftwareManagement.Plugin.apama_plugin_update">
		<failure message="BLOCKED: sudo&lt;plugin_install&gt; returned non-zero exit code 2" type="BLOCKED" />
		<system-out>01:17:06 INFO  ==============================================================
01:17:06 INFO  Id:    SoftwareManagement.Plugin.apama_plugin_update
01:17:06 INFO  Dir:   plugin_apama/
01:17:06 INFO  Title: Validate apama plugin updating one project with another
01:17:06 INFO  ==============================================================
01:17:06 INFO  Assertion that path exists=False for "/etc/tedge/apama/project" ... passed
01:17:06 INFO  Executed sudo&lt;create_project_dir&gt;, exit status 0
01:17:07 INFO  Executed sudo&lt;unzip_apama_project&gt;, exit status 0
01:17:07 INFO  Executed sudo&lt;move_apama_project&gt;, exit status 0
01:17:08 INFO  Executed sudo&lt;restart_apama_service&gt;, exit status 0
01:17:09 INFO  Executed sudo&lt;apama_correlator_wait&gt;, exit status 0
01:17:09 INFO  Assertion that path exists=True for "/etc/tedge/apama/project" ... passed
01:17:10 INFO  Executed sudo&lt;apama_list_monitors&gt;, exit status 0
01:17:10 INFO  Grep on file /home/pi/actions-runner/_work/thin-edge.io/thin-edge.io/tests/PySys/plugin_apama/apama_plugin_update/Output/linux/apama_list_monitors.out ... passed
01:17:10 WARN  Executed sudo&lt;plugin_install&gt;, exit status 2
01:17:10 INFO  Contents of plugin_install.err: 
  ERROR: Directory not empty (os error 39)
  -----

01:17:10 WARN  sudo&lt;plugin_install&gt; returned non-zero exit code 2 ... blocked [run.py:35]
01:17:10 WARN  Aborted test due to BLOCKED outcome
01:17:10 INFO  
01:17:10 INFO  cleanup:
01:17:10 INFO  Removing apama project
01:17:26 INFO  Executed sudo&lt;stop_apama_service&gt;, exit status 0, duration 15 secs
01:17:26 INFO  Executed sudo&lt;remove_apama_project&gt;, exit status 0
01:17:27 INFO  Executed sudo&lt;remove_apama_tmp_dir&gt;, exit status 0
01:17:27 INFO  
01:17:27 INFO  Test duration: 21.29 secs
01:17:27 INFO  Test final outcome:  BLOCKED
01:17:27 INFO  Test outcome reason: sudo&lt;plugin_install&gt; returned non-zero exit code 2
01:17:27 INFO  
</system-out>
	</testcase>
</testsuite><testsuite name="SoftwareManagement.sm_apt_install_download_path" tests="3" errors="0" failures="2" skipped="1" time="0"><testcase classname="AptInstallWithDownloadPath" name="SoftwareManagement.sm_apt_install_download_path">
		<skipped message="SKIPPED: Testing the apt plugin is not supported on this platform.Use parameter -XmyPlatform='container' to enable it" />
		<system-out>00:27:12 INFO  ==============================================================
00:27:12 INFO  Id:    SoftwareManagement.sm_apt_install_download_path
00:27:12 INFO  Dir:   software_management_end_to_end/
00:27:12 INFO  Title: Install package to directory specified in tedge config set tmp.path
00:27:12 INFO  ==============================================================
00:27:12 INFO  Testing the apt plugin is not supported on this platform.Use parameter -XmyPlatform='container' to enable it ... skipped
00:27:12 WARN  Aborted test due to SKIPPED outcome
00:27:12 INFO  
00:27:12 INFO  Test duration: 0.06 secs
00:27:12 INFO  Test final outcome:  SKIPPED
00:27:12 INFO  Test outcome reason: Testing the apt plugin is not supported on this platform.Use parameter -XmyPlatform='container' to enable it
00:27:12 INFO  
</system-out>
	</testcase>
<testcase classname="AptInstallWithDownloadPath" name="SoftwareManagement.sm_apt_install_download_path">
		<failure message="BLOCKED: AssertionError:" type="BLOCKED" />
		<system-out>00:50:35 INFO  ==============================================================
00:50:35 INFO  Id:    SoftwareManagement.sm_apt_install_download_path
00:50:35 INFO  Dir:   software_management_end_to_end/
00:50:35 INFO  Title: Install package to directory specified in tedge config set tmp.path
00:50:35 INFO  ==============================================================
00:50:35 INFO  Using sw id database: {'asciijump': '5475369', 'robotfindskitten': '5474869', 'squirrel3': '5475279', 'rolldice': '5152439', 'moon-buggy': '5439204', 'apple': '5495053', 'banana': '5494888', 'cherry': '5495382', 'watermelon': '5494510', 'registry': '8018911', 'hello-world': '8021526', 'docker/getting-started': '8021973', 'alpine': '7991792'}
00:50:35 INFO  EnvironmentC8y Setup
00:50:36 INFO  Executed systemctl&lt;serv_mapper1&gt;, exit status 3
00:50:51 INFO  Executed sudo&lt;tedge_connect_c8y&gt;, exit status 0, duration 14 secs
00:50:52 INFO  Executed sudo&lt;tedge_connect_c8y_test&gt;, exit status 0
00:50:54 INFO  Executed systemctl&lt;serv_mosq2&gt;, exit status 0
00:50:54 INFO  Executed systemctl&lt;serv_mapper3&gt;, exit status 0
00:50:56 INFO  State of current operation: SUCCESSFUL
00:50:57 INFO  Assert that (False == value) with value=False ... passed
00:50:57 INFO  Executed sudo, exit status 0
00:50:58 INFO  Executed sudo, exit status 0
00:50:58 INFO  Executed sudo, exit status 0
00:51:02 INFO  Executed sudo&lt;tedge_disconnect_c8y&gt;, exit status 0
00:51:02 INFO  Restarting mosquitto too frequently in the last 10 seconds. It was only up for 3 seconds
00:51:02 INFO  Delaying execution by 8 seconds
00:51:24 INFO  Executed sudo&lt;tedge_connect_c8y&gt;, exit status 0, duration 13 secs
00:51:24 INFO  Response status: 201
00:51:24 INFO  Response to action: {
    "creationTime": "2022-07-22T00:51:24.799Z",
    "deviceId": "21166555",
    "deviceName": "m32sd10d",
    "self": "https://t493319102.eu-latest.cumulocity.com/devicecontrol/operations/21213808",
    "id": "21213808",
    "status": "PENDING",
    "description": "Apply software changes, triggered from PySys: [{'name': 'rolldice', 'id': '5152439', 'version': '::apt', 'url': 'https://thin-edge-io.eu-latest.cumulocity.com/inventory/binaries/12435463', 'action': 'install'}]",
    "c8y_SoftwareUpdate": [
        {
            "name": "rolldice",
            "action": "install",
            "id": "5152439",
            "version": "::apt",
            "url": "https://thin-edge-io.eu-latest.cumulocity.com/inventory/binaries/12435463"
        }
    ]
}
00:51:24 INFO  Started operation: {'creationTime': '2022-07-22T00:51:24.799Z', 'deviceId': '21166555', 'deviceName': 'm32sd10d', 'self': 'https://t493319102.eu-latest.cumulocity.com/devicecontrol/operations/21213808', 'id': '21213808', 'status': 'PENDING', 'description': "Apply software changes, triggered from PySys: [{'name': 'rolldice', 'id': '5152439', 'version': '::apt', 'url': 'https://thin-edge-io.eu-latest.cumulocity.com/inventory/binaries/12435463', 'action': 'install'}]", 'c8y_SoftwareUpdate': [{'name': 'rolldice', 'action': 'install', 'id': '5152439', 'version': '::apt', 'url': 'https://thin-edge-io.eu-latest.cumulocity.com/inventory/binaries/12435463'}]}
00:51:24 WARN  , retrying in 0.5 seconds...
00:51:25 WARN  , retrying in 0.5 seconds...
00:51:25 WARN  , retrying in 0.5 seconds...
00:51:26 WARN  , retrying in 0.5 seconds...
00:51:26 WARN  , retrying in 0.5 seconds...
00:51:27 WARN  , retrying in 0.5 seconds...
00:51:27 WARN  , retrying in 0.5 seconds...
00:51:28 WARN  , retrying in 0.5 seconds...
00:51:28 WARN  , retrying in 0.5 seconds...
00:51:29 WARN  AssertionError occurred while running test - 
Traceback (most recent call last):
  File "/home/pi/env-pysys/lib/python3.7/site-packages/pysys/baserunner.py", line 1294, in __call__
    self.testObj.execute()
  File "/home/pi/actions-runner/_work/thin-edge.io/thin-edge.io/tests/PySys/software_management_end_to_end/sm_apt_install_download_path/run.py", line 83, in execute
    assert_install_in_download_path(install_directory=self.DOWNLOAD_DIR)
  File "/home/pi/env-pysys/lib/python3.7/site-packages/decorator.py", line 232, in fun
    return caller(func, *(extras + args), **kw)
  File "/home/pi/env-pysys/lib/python3.7/site-packages/retry/api.py", line 74, in retry_decorator
    logger)
  File "/home/pi/env-pysys/lib/python3.7/site-packages/retry/api.py", line 33, in __retry_internal
    return f()
  File "/home/pi/actions-runner/_work/thin-edge.io/thin-edge.io/tests/PySys/software_management_end_to_end/sm_apt_install_download_path/run.py", line 28, in assert_install_in_download_path
    assert "rolldice" in os.listdir(f"{install_directory}")
AssertionError
00:51:30 WARN  AssertionError: ... blocked 
00:51:30 INFO  
00:51:30 INFO  cleanup:
00:51:30 INFO  Executed sudo, exit status 0
00:51:31 INFO  Executed sudo, exit status 0
00:51:35 INFO  Executed sudo&lt;tedge_disconnect_c8y&gt;, exit status 0
00:51:35 INFO  Restarting mosquitto too frequently in the last 10 seconds. It was only up for 3 seconds
00:51:35 INFO  Delaying execution by 8 seconds
00:51:57 INFO  Executed sudo&lt;tedge_connect_c8y&gt;, exit status 0, duration 14 secs
00:52:01 INFO  Executed sudo&lt;tedge_disconnect_c8y&gt;, exit status 0
00:52:02 INFO  Executed systemctl&lt;serv_mapper5&gt;, exit status 3
00:52:02 INFO  
00:52:02 INFO  Test duration: 86.79 secs
00:52:02 INFO  Test final outcome:  BLOCKED
00:52:02 INFO  Test outcome reason: AssertionError:
00:52:02 INFO  
</system-out>
	</testcase>
<testcase classname="AptInstallWithDownloadPath" name="SoftwareManagement.sm_apt_install_download_path">
		<failure message="BLOCKED: AssertionError:" type="BLOCKED" />
		<system-out>01:17:27 INFO  ==============================================================
01:17:27 INFO  Id:    SoftwareManagement.sm_apt_install_download_path
01:17:27 INFO  Dir:   software_management_end_to_end/
01:17:27 INFO  Title: Install package to directory specified in tedge config set tmp.path
01:17:27 INFO  ==============================================================
01:17:28 INFO  Using sw id database: {'asciijump': '5475369', 'robotfindskitten': '5474869', 'squirrel3': '5475279', 'rolldice': '5152439', 'moon-buggy': '5439204', 'apple': '5495053', 'banana': '5494888', 'cherry': '5495382', 'watermelon': '5494510', 'registry': '8018911', 'hello-world': '8021526', 'docker/getting-started': '8021973', 'alpine': '7991792'}
01:17:28 INFO  EnvironmentC8y Setup
01:17:29 INFO  Executed systemctl&lt;serv_mapper1&gt;, exit status 3
01:17:43 INFO  Executed sudo&lt;tedge_connect_c8y&gt;, exit status 0, duration 14 secs
01:17:44 INFO  Executed sudo&lt;tedge_connect_c8y_test&gt;, exit status 0
01:17:44 INFO  Executed systemctl&lt;serv_mosq2&gt;, exit status 0
01:17:44 INFO  Executed systemctl&lt;serv_mapper3&gt;, exit status 0
01:17:47 INFO  State of current operation: SUCCESSFUL
01:17:47 INFO  Assert that (False == value) with value=False ... passed
01:17:47 INFO  Executed sudo, exit status 0
01:17:48 INFO  Executed sudo, exit status 0
01:17:49 INFO  Executed sudo, exit status 0
01:17:53 INFO  Executed sudo&lt;tedge_disconnect_c8y&gt;, exit status 0
01:17:53 INFO  Restarting mosquitto too frequently in the last 10 seconds. It was only up for 4 seconds
01:17:53 INFO  Delaying execution by 7 seconds
01:18:14 INFO  Executed sudo&lt;tedge_connect_c8y&gt;, exit status 0, duration 14 secs
01:18:14 INFO  Response status: 201
01:18:14 INFO  Response to action: {
    "creationTime": "2022-07-22T01:18:14.352Z",
    "deviceId": "21166555",
    "deviceName": "m32sd10d",
    "self": "https://t493319102.eu-latest.cumulocity.com/devicecontrol/operations/21213929",
    "id": "21213929",
    "status": "PENDING",
    "description": "Apply software changes, triggered from PySys: [{'name': 'rolldice', 'id': '5152439', 'version': '::apt', 'url': 'https://thin-edge-io.eu-latest.cumulocity.com/inventory/binaries/12435463', 'action': 'install'}]",
    "c8y_SoftwareUpdate": [
        {
            "name": "rolldice",
            "action": "install",
            "id": "5152439",
            "version": "::apt",
            "url": "https://thin-edge-io.eu-latest.cumulocity.com/inventory/binaries/12435463"
        }
    ]
}
01:18:14 INFO  Started operation: {'creationTime': '2022-07-22T01:18:14.352Z', 'deviceId': '21166555', 'deviceName': 'm32sd10d', 'self': 'https://t493319102.eu-latest.cumulocity.com/devicecontrol/operations/21213929', 'id': '21213929', 'status': 'PENDING', 'description': "Apply software changes, triggered from PySys: [{'name': 'rolldice', 'id': '5152439', 'version': '::apt', 'url': 'https://thin-edge-io.eu-latest.cumulocity.com/inventory/binaries/12435463', 'action': 'install'}]", 'c8y_SoftwareUpdate': [{'name': 'rolldice', 'action': 'install', 'id': '5152439', 'version': '::apt', 'url': 'https://thin-edge-io.eu-latest.cumulocity.com/inventory/binaries/12435463'}]}
01:18:14 WARN  , retrying in 0.5 seconds...
01:18:14 WARN  , retrying in 0.5 seconds...
01:18:15 WARN  , retrying in 0.5 seconds...
01:18:15 WARN  , retrying in 0.5 seconds...
01:18:16 WARN  , retrying in 0.5 seconds...
01:18:16 WARN  , retrying in 0.5 seconds...
01:18:17 WARN  , retrying in 0.5 seconds...
01:18:17 WARN  , retrying in 0.5 seconds...
01:18:18 WARN  , retrying in 0.5 seconds...
01:18:18 WARN  AssertionError occurred while running test - 
Traceback (most recent call last):
  File "/home/pi/env-pysys/lib/python3.7/site-packages/pysys/baserunner.py", line 1294, in __call__
    self.testObj.execute()
  File "/home/pi/actions-runner/_work/thin-edge.io/thin-edge.io/tests/PySys/software_management_end_to_end/sm_apt_install_download_path/run.py", line 83, in execute
    assert_install_in_download_path(install_directory=self.DOWNLOAD_DIR)
  File "/home/pi/env-pysys/lib/python3.7/site-packages/decorator.py", line 232, in fun
    return caller(func, *(extras + args), **kw)
  File "/home/pi/env-pysys/lib/python3.7/site-packages/retry/api.py", line 74, in retry_decorator
    logger)
  File "/home/pi/env-pysys/lib/python3.7/site-packages/retry/api.py", line 33, in __retry_internal
    return f()
  File "/home/pi/actions-runner/_work/thin-edge.io/thin-edge.io/tests/PySys/software_management_end_to_end/sm_apt_install_download_path/run.py", line 28, in assert_install_in_download_path
    assert "rolldice" in os.listdir(f"{install_directory}")
AssertionError
01:18:18 WARN  AssertionError: ... blocked 
01:18:18 INFO  
01:18:18 INFO  cleanup:
01:18:19 INFO  Executed sudo, exit status 0
01:18:20 INFO  Executed sudo, exit status 0
01:18:24 INFO  Executed sudo&lt;tedge_disconnect_c8y&gt;, exit status 0
01:18:24 INFO  Restarting mosquitto too frequently in the last 10 seconds. It was only up for 3 seconds
01:18:24 INFO  Delaying execution by 8 seconds
01:18:46 INFO  Executed sudo&lt;tedge_connect_c8y&gt;, exit status 0, duration 13 secs
01:18:50 INFO  Executed sudo&lt;tedge_disconnect_c8y&gt;, exit status 0
01:18:51 INFO  Executed systemctl&lt;serv_mapper5&gt;, exit status 3
01:18:51 INFO  
01:18:51 INFO  Test duration: 84.01 secs
01:18:51 INFO  Test final outcome:  BLOCKED
01:18:51 INFO  Test outcome reason: AssertionError:
01:18:51 INFO  
</system-out>
	</testcase>
</testsuite><testsuite name="SoftwareManagement.sm_apt_install_fail" tests="3" errors="0" failures="0" skipped="1" time="0"><testcase classname="PySysTest" name="SoftwareManagement.sm_apt_install_fail">
		<skipped message="SKIPPED: Testing the apt plugin is not supported on this platform.Use parameter -XmyPlatform='container' to enable it" />
		<system-out>00:27:12 INFO  ==============================================================
00:27:12 INFO  Id:    SoftwareManagement.sm_apt_install_fail
00:27:12 INFO  Dir:   software_management_end_to_end/
00:27:12 INFO  Title: Validate end to end behaviour for a failing installation
00:27:12 INFO  ==============================================================
00:27:12 INFO  Testing the apt plugin is not supported on this platform.Use parameter -XmyPlatform='container' to enable it ... skipped
00:27:12 WARN  Aborted test due to SKIPPED outcome
00:27:12 INFO  
00:27:12 INFO  Test duration: 0.02 secs
00:27:12 INFO  Test final outcome:  SKIPPED
00:27:12 INFO  Test outcome reason: Testing the apt plugin is not supported on this platform.Use parameter -XmyPlatform='container' to enable it
00:27:12 INFO  
</system-out>
	</testcase>
<testcase classname="PySysTest" name="SoftwareManagement.sm_apt_install_fail" />
<testcase classname="PySysTest" name="SoftwareManagement.sm_apt_install_fail" />
</testsuite><testsuite name="SoftwareManagement.sm_apt_install_remove" tests="3" errors="0" failures="0" skipped="1" time="0"><testcase classname="PySysTest" name="SoftwareManagement.sm_apt_install_remove">
		<skipped message="SKIPPED: Testing the apt plugin is not supported on this platform.Use parameter -XmyPlatform='container' to enable it" />
		<system-out>00:27:12 INFO  ==============================================================
00:27:12 INFO  Id:    SoftwareManagement.sm_apt_install_remove
00:27:12 INFO  Dir:   software_management_end_to_end/
00:27:12 INFO  Title: Validate end to end behaviour for the apt plugin for installation and removal of packages
00:27:12 INFO  ==============================================================
00:27:12 INFO  Testing the apt plugin is not supported on this platform.Use parameter -XmyPlatform='container' to enable it ... skipped
00:27:12 WARN  Aborted test due to SKIPPED outcome
00:27:12 INFO  
00:27:12 INFO  Test duration: 0.02 secs
00:27:12 INFO  Test final outcome:  SKIPPED
00:27:12 INFO  Test outcome reason: Testing the apt plugin is not supported on this platform.Use parameter -XmyPlatform='container' to enable it
00:27:12 INFO  
</system-out>
	</testcase>
<testcase classname="PySysTest" name="SoftwareManagement.sm_apt_install_remove" />
<testcase classname="PySysTest" name="SoftwareManagement.sm_apt_install_remove" />
</testsuite><testsuite name="SoftwareManagement.sm_apt_install_remove_default" tests="3" errors="0" failures="0" skipped="1" time="0"><testcase classname="PySysTest" name="SoftwareManagement.sm_apt_install_remove_default">
		<skipped message="SKIPPED: Testing the apt plugin is not supported on this platform.Use parameter -XmyPlatform='container' to enable it" />
		<system-out>00:27:12 INFO  ==============================================================
00:27:12 INFO  Id:    SoftwareManagement.sm_apt_install_remove_default
00:27:12 INFO  Dir:   software_management_end_to_end/
00:27:12 INFO  Title: Validate end to end behaviour for the default plugin for installation and removal of packages
00:27:12 INFO  ==============================================================
00:27:12 INFO  Testing the apt plugin is not supported on this platform.Use parameter -XmyPlatform='container' to enable it ... skipped
00:27:12 WARN  Aborted test due to SKIPPED outcome
00:27:12 INFO  
00:27:12 INFO  Test duration: 0.02 secs
00:27:12 INFO  Test final outcome:  SKIPPED
00:27:12 INFO  Test outcome reason: Testing the apt plugin is not supported on this platform.Use parameter -XmyPlatform='container' to enable it
00:27:12 INFO  
</system-out>
	</testcase>
<testcase classname="PySysTest" name="SoftwareManagement.sm_apt_install_remove_default" />
<testcase classname="PySysTest" name="SoftwareManagement.sm_apt_install_remove_default" />
</testsuite><testsuite name="SoftwareManagement.sm_apt_install_remove_multiple" tests="3" errors="0" failures="2" skipped="1" time="0"><testcase classname="PySysTest" name="SoftwareManagement.sm_apt_install_remove_multiple">
		<skipped message="SKIPPED: Testing the apt plugin is not supported on this platform.Use parameter -XmyPlatform='container' to enable it" />
		<system-out>00:27:12 INFO  ==============================================================
00:27:12 INFO  Id:    SoftwareManagement.sm_apt_install_remove_multiple
00:27:12 INFO  Dir:   software_management_end_to_end/
00:27:12 INFO  Title: Validate end to end behaviour for the apt plugin for multiple packages
00:27:12 INFO  ==============================================================
00:27:12 INFO  Testing the apt plugin is not supported on this platform.Use parameter -XmyPlatform='container' to enable it ... skipped
00:27:12 WARN  Aborted test due to SKIPPED outcome
00:27:12 INFO  
00:27:12 INFO  Test duration: 0.02 secs
00:27:12 INFO  Test final outcome:  SKIPPED
00:27:12 INFO  Test outcome reason: Testing the apt plugin is not supported on this platform.Use parameter -XmyPlatform='container' to enable it
00:27:12 INFO  
</system-out>
	</testcase>
<testcase classname="PySysTest" name="SoftwareManagement.sm_apt_install_remove_multiple">
		<failure message="FAILED: Assert that (False == value) with value=True" type="FAILED" />
		<system-out>00:58:49 INFO  ==============================================================
00:58:49 INFO  Id:    SoftwareManagement.sm_apt_install_remove_multiple
00:58:49 INFO  Dir:   software_management_end_to_end/
00:58:49 INFO  Title: Validate end to end behaviour for the apt plugin for multiple packages
00:58:49 INFO  ==============================================================
00:58:49 INFO  Using sw id database: {'asciijump': '5475369', 'robotfindskitten': '5474869', 'squirrel3': '5475279', 'rolldice': '5152439', 'moon-buggy': '5439204', 'apple': '5495053', 'banana': '5494888', 'cherry': '5495382', 'watermelon': '5494510', 'registry': '8018911', 'hello-world': '8021526', 'docker/getting-started': '8021973', 'alpine': '7991792'}
00:58:49 INFO  EnvironmentC8y Setup
00:58:49 INFO  Executed systemctl&lt;serv_mapper1&gt;, exit status 3
00:58:49 INFO  Restarting mosquitto too frequently in the last 10 seconds. It was only up for 4 seconds
00:58:49 INFO  Delaying execution by 7 seconds
00:59:10 INFO  Executed sudo&lt;tedge_connect_c8y&gt;, exit status 0, duration 13 secs
00:59:11 INFO  Executed sudo&lt;tedge_connect_c8y_test&gt;, exit status 0
00:59:11 INFO  Executed systemctl&lt;serv_mosq2&gt;, exit status 0
00:59:12 INFO  Executed systemctl&lt;serv_mapper3&gt;, exit status 0
00:59:14 INFO  State of current operation: SUCCESSFUL
00:59:14 INFO  Assert that (False == value) with value=False ... passed
00:59:14 INFO  Assert that (False == value) with value=False ... passed
00:59:15 INFO  Assert that (False == value) with value=False ... passed
00:59:15 INFO  Package robotfindskitten is installed
00:59:15 WARN  Assert that (False == value) with value=True ... failed 
00:59:15 INFO  Response status: 201
00:59:15 INFO  Response to action: {
    "creationTime": "2022-07-22T00:59:15.511Z",
    "deviceId": "21166555",
    "deviceName": "m32sd10d",
    "self": "https://t493319102.eu-latest.cumulocity.com/devicecontrol/operations/21213820",
    "id": "21213820",
    "status": "PENDING",
    "description": "Apply software changes, triggered from PySys: [{'action': 'install', 'id': '5475369', 'name': 'asciijump', 'url': ' ', 'version': '::apt'}, {'action': 'install', 'id': '5474869', 'name': 'robotfindskitten', 'url': ' ', 'version': '::apt'}, {'action': 'install', 'id': '5475279', 'name': 'squirrel3', 'url': ' ', 'version': '::apt'}]",
    "c8y_SoftwareUpdate": [
        {
            "name": "asciijump",
            "action": "install",
            "id": "5475369",
            "version": "::apt",
            "url": " "
        },
        {
            "name": "robotfindskitten",
            "action": "install",
            "id": "5474869",
            "version": "::apt",
            "url": " "
        },
        {
            "name": "squirrel3",
            "action": "install",
            "id": "5475279",
            "version": "::apt",
            "url": " "
        }
    ]
}
00:59:15 INFO  Started operation: {'creationTime': '2022-07-22T00:59:15.511Z', 'deviceId': '21166555', 'deviceName': 'm32sd10d', 'self': 'https://t493319102.eu-latest.cumulocity.com/devicecontrol/operations/21213820', 'id': '21213820', 'status': 'PENDING', 'description': "Apply software changes, triggered from PySys: [{'action': 'install', 'id': '5475369', 'name': 'asciijump', 'url': ' ', 'version': '::apt'}, {'action': 'install', 'id': '5474869', 'name': 'robotfindskitten', 'url': ' ', 'version': '::apt'}, {'action': 'install', 'id': '5475279', 'name': 'squirrel3', 'url': ' ', 'version': '::apt'}]", 'c8y_SoftwareUpdate': [{'name': 'asciijump', 'action': 'install', 'id': '5475369', 'version': '::apt', 'url': ' '}, {'name': 'robotfindskitten', 'action': 'install', 'id': '5474869', 'version': '::apt', 'url': ' '}, {'name': 'squirrel3', 'action': 'install', 'id': '5475279', 'version': '::apt', 'url': ' '}]}
00:59:17 INFO  State of operation 21213820 : PENDING
00:59:19 INFO  State of operation 21213820 : EXECUTING
00:59:22 INFO  State of operation 21213820 : EXECUTING
00:59:24 INFO  State of operation 21213820 : EXECUTING
00:59:26 INFO  State of operation 21213820 : EXECUTING
00:59:28 INFO  State of operation 21213820 : EXECUTING
00:59:31 INFO  State of operation 21213820 : EXECUTING
00:59:34 INFO  State of operation 21213820 : EXECUTING
00:59:36 INFO  State of operation 21213820 : EXECUTING
00:59:38 INFO  State of operation 21213820 : EXECUTING
00:59:41 INFO  State of operation 21213820 : EXECUTING
00:59:43 INFO  State of operation 21213820 : EXECUTING
00:59:45 INFO  State of operation 21213820 : EXECUTING
00:59:47 INFO  State of operation 21213820 : EXECUTING
00:59:50 INFO  State of operation 21213820 : EXECUTING
00:59:52 INFO  State of operation 21213820 : EXECUTING
00:59:54 INFO  State of operation 21213820 : EXECUTING
00:59:57 INFO  State of operation 21213820 : EXECUTING
00:59:59 INFO  State of operation 21213820 : EXECUTING
01:00:02 INFO  State of operation 21213820 : EXECUTING
01:00:04 INFO  State of operation 21213820 : EXECUTING
01:00:07 INFO  State of operation 21213820 : EXECUTING
01:00:09 INFO  State of operation 21213820 : EXECUTING
01:00:12 INFO  State of operation 21213820 : EXECUTING
01:00:14 INFO  State of operation 21213820 : EXECUTING
01:00:16 INFO  State of operation 21213820 : EXECUTING
01:00:18 INFO  State of operation 21213820 : EXECUTING
01:00:21 INFO  State of operation 21213820 : EXECUTING
01:00:23 INFO  State of operation 21213820 : EXECUTING
01:00:25 INFO  State of operation 21213820 : EXECUTING
01:00:28 INFO  State of operation 21213820 : EXECUTING
01:00:30 INFO  State of operation 21213820 : EXECUTING
01:00:32 INFO  State of operation 21213820 : EXECUTING
01:00:34 INFO  State of operation 21213820 : EXECUTING
01:00:37 INFO  State of operation 21213820 : SUCCESSFUL
01:00:37 INFO  Assert that (False == value) with value=False ... passed
01:00:37 INFO  Package asciijump is installed
01:00:37 INFO  Assert that (True == value) with value=True ... passed
01:00:37 INFO  Package squirrel3 is installed
01:00:37 INFO  Assert that (True == value) with value=True ... passed
01:00:38 INFO  Package robotfindskitten is installed
01:00:38 INFO  Assert that (True == value) with value=True ... passed
01:00:38 INFO  Response status: 201
01:00:38 INFO  Response to action: {
    "creationTime": "2022-07-22T01:00:38.225Z",
    "deviceId": "21166555",
    "deviceName": "m32sd10d",
    "self": "https://t493319102.eu-latest.cumulocity.com/devicecontrol/operations/21213822",
    "id": "21213822",
    "status": "PENDING",
    "description": "Apply software changes, triggered from PySys: [{'action': 'delete', 'id': '5475369', 'name': 'asciijump', 'url': ' ', 'version': '::apt'}, {'action': 'delete', 'id': '5474869', 'name': 'robotfindskitten', 'url': ' ', 'version': '::apt'}, {'action': 'delete', 'id': '5475279', 'name': 'squirrel3', 'url': ' ', 'version': '::apt'}]",
    "c8y_SoftwareUpdate": [
        {
            "name": "asciijump",
            "action": "delete",
            "id": "5475369",
            "version": "::apt",
            "url": " "
        },
        {
            "name": "robotfindskitten",
            "action": "delete",
            "id": "5474869",
            "version": "::apt",
            "url": " "
        },
        {
            "name": "squirrel3",
            "action": "delete",
            "id": "5475279",
            "version": "::apt",
            "url": " "
        }
    ]
}
01:00:38 INFO  Started operation: {'creationTime': '2022-07-22T01:00:38.225Z', 'deviceId': '21166555', 'deviceName': 'm32sd10d', 'self': 'https://t493319102.eu-latest.cumulocity.com/devicecontrol/operations/21213822', 'id': '21213822', 'status': 'PENDING', 'description': "Apply software changes, triggered from PySys: [{'action': 'delete', 'id': '5475369', 'name': 'asciijump', 'url': ' ', 'version': '::apt'}, {'action': 'delete', 'id': '5474869', 'name': 'robotfindskitten', 'url': ' ', 'version': '::apt'}, {'action': 'delete', 'id': '5475279', 'name': 'squirrel3', 'url': ' ', 'version': '::apt'}]", 'c8y_SoftwareUpdate': [{'name': 'asciijump', 'action': 'delete', 'id': '5475369', 'version': '::apt', 'url': ' '}, {'name': 'robotfindskitten', 'action': 'delete', 'id': '5474869', 'version': '::apt', 'url': ' '}, {'name': 'squirrel3', 'action': 'delete', 'id': '5475279', 'version': '::apt', 'url': ' '}]}
01:00:40 INFO  State of operation 21213822 : PENDING
01:00:42 INFO  State of operation 21213822 : EXECUTING
01:00:45 INFO  State of operation 21213822 : EXECUTING
01:00:47 INFO  State of operation 21213822 : EXECUTING
01:00:49 INFO  State of operation 21213822 : EXECUTING
01:00:51 INFO  State of operation 21213822 : EXECUTING
01:00:54 INFO  State of operation 21213822 : EXECUTING
01:00:57 INFO  State of operation 21213822 : EXECUTING
01:01:00 INFO  State of operation 21213822 : EXECUTING
01:01:02 INFO  State of operation 21213822 : EXECUTING
01:01:04 INFO  State of operation 21213822 : EXECUTING
01:01:06 INFO  State of operation 21213822 : EXECUTING
01:01:08 INFO  State of operation 21213822 : EXECUTING
01:01:11 INFO  State of operation 21213822 : EXECUTING
01:01:13 INFO  State of operation 21213822 : EXECUTING
01:01:15 INFO  State of operation 21213822 : EXECUTING
01:01:18 INFO  State of operation 21213822 : EXECUTING
01:01:20 INFO  State of operation 21213822 : EXECUTING
01:01:23 INFO  State of operation 21213822 : EXECUTING
01:01:25 INFO  State of operation 21213822 : EXECUTING
01:01:27 INFO  State of operation 21213822 : EXECUTING
01:01:30 INFO  State of operation 21213822 : EXECUTING
01:01:32 INFO  State of operation 21213822 : EXECUTING
01:01:34 INFO  State of operation 21213822 : EXECUTING
01:01:37 INFO  State of operation 21213822 : EXECUTING
01:01:39 INFO  State of operation 21213822 : EXECUTING
01:01:41 INFO  State of operation 21213822 : EXECUTING
01:01:44 INFO  State of operation 21213822 : SUCCESSFUL
01:01:44 INFO  Assert that (False == value) with value=False ... passed
01:01:44 INFO  Assert that (False == value) with value=False ... passed
01:01:44 INFO  Assert that (False == value) with value=False ... passed
01:01:45 INFO  Assert that (False == value) with value=False ... passed
01:01:45 INFO  
01:01:45 INFO  cleanup:
01:01:48 INFO  Executed sudo&lt;tedge_disconnect_c8y&gt;, exit status 0
01:01:49 INFO  Executed systemctl&lt;serv_mapper5&gt;, exit status 3
01:01:49 INFO  
01:01:49 INFO  Test duration: 180.43 secs
01:01:49 INFO  Test final outcome:  FAILED
01:01:49 INFO  Test outcome reason: Assert that (False == value) with value=True
01:01:49 INFO  
</system-out>
	</testcase>
<testcase classname="PySysTest" name="SoftwareManagement.sm_apt_install_remove_multiple">
		<failure message="FAILED: Assert that (False == value) with value=True (+2 other failures)" type="FAILED" />
		<system-out>01:25:20 INFO  ==============================================================
01:25:20 INFO  Id:    SoftwareManagement.sm_apt_install_remove_multiple
01:25:20 INFO  Dir:   software_management_end_to_end/
01:25:20 INFO  Title: Validate end to end behaviour for the apt plugin for multiple packages
01:25:20 INFO  ==============================================================
01:25:20 INFO  Using sw id database: {'asciijump': '5475369', 'robotfindskitten': '5474869', 'squirrel3': '5475279', 'rolldice': '5152439', 'moon-buggy': '5439204', 'apple': '5495053', 'banana': '5494888', 'cherry': '5495382', 'watermelon': '5494510', 'registry': '8018911', 'hello-world': '8021526', 'docker/getting-started': '8021973', 'alpine': '7991792'}
01:25:20 INFO  EnvironmentC8y Setup
01:25:20 INFO  Executed systemctl&lt;serv_mapper1&gt;, exit status 3
01:25:20 INFO  Restarting mosquitto too frequently in the last 10 seconds. It was only up for 4 seconds
01:25:20 INFO  Delaying execution by 7 seconds
01:25:41 INFO  Executed sudo&lt;tedge_connect_c8y&gt;, exit status 0, duration 13 secs
01:25:42 INFO  Executed sudo&lt;tedge_connect_c8y_test&gt;, exit status 0
01:25:42 INFO  Executed systemctl&lt;serv_mosq2&gt;, exit status 0
01:25:43 INFO  Executed systemctl&lt;serv_mapper3&gt;, exit status 0
01:25:45 INFO  State of current operation: SUCCESSFUL
01:25:46 INFO  Assert that (False == value) with value=False ... passed
01:25:46 INFO  Package asciijump is installed
01:25:46 WARN  Assert that (False == value) with value=True ... failed 
01:25:46 INFO  Package squirrel3 is installed
01:25:46 WARN  Assert that (False == value) with value=True ... failed 
01:25:47 INFO  Package robotfindskitten is installed
01:25:47 WARN  Assert that (False == value) with value=True ... failed 
01:25:47 INFO  Response status: 201
01:25:47 INFO  Response to action: {
    "delivery": {
        "log": [],
        "time": "2022-07-22T01:25:47.316Z",
        "status": "PENDING"
    },
    "creationTime": "2022-07-22T01:25:47.300Z",
    "deviceId": "21166555",
    "deviceName": "m32sd10d",
    "self": "https://t493319102.eu-latest.cumulocity.com/devicecontrol/operations/21213957",
    "id": "21213957",
    "status": "PENDING",
    "description": "Apply software changes, triggered from PySys: [{'action': 'install', 'id': '5475369', 'name': 'asciijump', 'url': ' ', 'version': '::apt'}, {'action': 'install', 'id': '5474869', 'name': 'robotfindskitten', 'url': ' ', 'version': '::apt'}, {'action': 'install', 'id': '5475279', 'name': 'squirrel3', 'url': ' ', 'version': '::apt'}]",
    "c8y_SoftwareUpdate": [
        {
            "name": "asciijump",
            "action": "install",
            "id": "5475369",
            "version": "::apt",
            "url": " "
        },
        {
            "name": "robotfindskitten",
            "action": "install",
            "id": "5474869",
            "version": "::apt",
            "url": " "
        },
        {
            "name": "squirrel3",
            "action": "install",
            "id": "5475279",
            "version": "::apt",
            "url": " "
        }
    ]
}
01:25:47 INFO  Started operation: {'delivery': {'log': [], 'time': '2022-07-22T01:25:47.316Z', 'status': 'PENDING'}, 'creationTime': '2022-07-22T01:25:47.300Z', 'deviceId': '21166555', 'deviceName': 'm32sd10d', 'self': 'https://t493319102.eu-latest.cumulocity.com/devicecontrol/operations/21213957', 'id': '21213957', 'status': 'PENDING', 'description': "Apply software changes, triggered from PySys: [{'action': 'install', 'id': '5475369', 'name': 'asciijump', 'url': ' ', 'version': '::apt'}, {'action': 'install', 'id': '5474869', 'name': 'robotfindskitten', 'url': ' ', 'version': '::apt'}, {'action': 'install', 'id': '5475279', 'name': 'squirrel3', 'url': ' ', 'version': '::apt'}]", 'c8y_SoftwareUpdate': [{'name': 'asciijump', 'action': 'install', 'id': '5475369', 'version': '::apt', 'url': ' '}, {'name': 'robotfindskitten', 'action': 'install', 'id': '5474869', 'version': '::apt', 'url': ' '}, {'name': 'squirrel3', 'action': 'install', 'id': '5475279', 'version': '::apt', 'url': ' '}]}
01:25:49 INFO  State of operation 21213957 : PENDING
01:25:51 INFO  State of operation 21213957 : EXECUTING
01:25:54 INFO  State of operation 21213957 : EXECUTING
01:25:56 INFO  State of operation 21213957 : EXECUTING
01:25:58 INFO  State of operation 21213957 : EXECUTING
01:26:00 INFO  State of operation 21213957 : EXECUTING
01:26:03 INFO  State of operation 21213957 : EXECUTING
01:26:06 INFO  State of operation 21213957 : EXECUTING
01:26:08 INFO  State of operation 21213957 : EXECUTING
01:26:10 INFO  State of operation 21213957 : EXECUTING
01:26:13 INFO  State of operation 21213957 : EXECUTING
01:26:15 INFO  State of operation 21213957 : EXECUTING
01:26:17 INFO  State of operation 21213957 : EXECUTING
01:26:19 INFO  State of operation 21213957 : EXECUTING
01:26:22 INFO  State of operation 21213957 : EXECUTING
01:26:24 INFO  State of operation 21213957 : SUCCESSFUL
01:26:24 INFO  Assert that (False == value) with value=False ... passed
01:26:24 INFO  Package asciijump is installed
01:26:24 INFO  Assert that (True == value) with value=True ... passed
01:26:25 INFO  Package squirrel3 is installed
01:26:25 INFO  Assert that (True == value) with value=True ... passed
01:26:25 INFO  Package robotfindskitten is installed
01:26:25 INFO  Assert that (True == value) with value=True ... passed
01:26:25 INFO  Response status: 201
01:26:25 INFO  Response to action: {
    "delivery": {
        "log": [],
        "time": "2022-07-22T01:26:25.571Z",
        "status": "PENDING"
    },
    "creationTime": "2022-07-22T01:26:25.556Z",
    "deviceId": "21166555",
    "deviceName": "m32sd10d",
    "self": "https://t493319102.eu-latest.cumulocity.com/devicecontrol/operations/21213965",
    "id": "21213965",
    "status": "PENDING",
    "description": "Apply software changes, triggered from PySys: [{'action': 'delete', 'id': '5475369', 'name': 'asciijump', 'url': ' ', 'version': '::apt'}, {'action': 'delete', 'id': '5474869', 'name': 'robotfindskitten', 'url': ' ', 'version': '::apt'}, {'action': 'delete', 'id': '5475279', 'name': 'squirrel3', 'url': ' ', 'version': '::apt'}]",
    "c8y_SoftwareUpdate": [
        {
            "name": "asciijump",
            "action": "delete",
            "id": "5475369",
            "version": "::apt",
            "url": " "
        },
        {
            "name": "robotfindskitten",
            "action": "delete",
            "id": "5474869",
            "version": "::apt",
            "url": " "
        },
        {
            "name": "squirrel3",
            "action": "delete",
            "id": "5475279",
            "version": "::apt",
            "url": " "
        }
    ]
}
01:26:25 INFO  Started operation: {'delivery': {'log': [], 'time': '2022-07-22T01:26:25.571Z', 'status': 'PENDING'}, 'creationTime': '2022-07-22T01:26:25.556Z', 'deviceId': '21166555', 'deviceName': 'm32sd10d', 'self': 'https://t493319102.eu-latest.cumulocity.com/devicecontrol/operations/21213965', 'id': '21213965', 'status': 'PENDING', 'description': "Apply software changes, triggered from PySys: [{'action': 'delete', 'id': '5475369', 'name': 'asciijump', 'url': ' ', 'version': '::apt'}, {'action': 'delete', 'id': '5474869', 'name': 'robotfindskitten', 'url': ' ', 'version': '::apt'}, {'action': 'delete', 'id': '5475279', 'name': 'squirrel3', 'url': ' ', 'version': '::apt'}]", 'c8y_SoftwareUpdate': [{'name': 'asciijump', 'action': 'delete', 'id': '5475369', 'version': '::apt', 'url': ' '}, {'name': 'robotfindskitten', 'action': 'delete', 'id': '5474869', 'version': '::apt', 'url': ' '}, {'name': 'squirrel3', 'action': 'delete', 'id': '5475279', 'version': '::apt', 'url': ' '}]}
01:26:27 INFO  State of operation 21213965 : PENDING
01:26:30 INFO  State of operation 21213965 : EXECUTING
01:26:32 INFO  State of operation 21213965 : EXECUTING
01:26:34 INFO  State of operation 21213965 : EXECUTING
01:26:36 INFO  State of operation 21213965 : EXECUTING
01:26:38 INFO  State of operation 21213965 : EXECUTING
01:26:41 INFO  State of operation 21213965 : EXECUTING
01:26:44 INFO  State of operation 21213965 : EXECUTING
01:26:46 INFO  State of operation 21213965 : EXECUTING
01:26:49 INFO  State of operation 21213965 : EXECUTING
01:26:51 INFO  State of operation 21213965 : EXECUTING
01:26:53 INFO  State of operation 21213965 : EXECUTING
01:26:55 INFO  State of operation 21213965 : EXECUTING
01:26:58 INFO  State of operation 21213965 : EXECUTING
01:27:00 INFO  State of operation 21213965 : EXECUTING
01:27:02 INFO  State of operation 21213965 : EXECUTING
01:27:04 INFO  State of operation 21213965 : EXECUTING
01:27:07 INFO  State of operation 21213965 : EXECUTING
01:27:10 INFO  State of operation 21213965 : EXECUTING
01:27:12 INFO  State of operation 21213965 : EXECUTING
01:27:14 INFO  State of operation 21213965 : EXECUTING
01:27:16 INFO  State of operation 21213965 : EXECUTING
01:27:19 INFO  State of operation 21213965 : EXECUTING
01:27:21 INFO  State of operation 21213965 : EXECUTING
01:27:24 INFO  State of operation 21213965 : EXECUTING
01:27:26 INFO  State of operation 21213965 : EXECUTING
01:27:28 INFO  State of operation 21213965 : EXECUTING
01:27:31 INFO  State of operation 21213965 : EXECUTING
01:27:33 INFO  State of operation 21213965 : SUCCESSFUL
01:27:33 INFO  Assert that (False == value) with value=False ... passed
01:27:33 INFO  Assert that (False == value) with value=False ... passed
01:27:33 INFO  Assert that (False == value) with value=False ... passed
01:27:34 INFO  Assert that (False == value) with value=False ... passed
01:27:34 INFO  
01:27:34 INFO  cleanup:
01:27:38 INFO  Executed sudo&lt;tedge_disconnect_c8y&gt;, exit status 0
01:27:38 INFO  Executed systemctl&lt;serv_mapper5&gt;, exit status 3
01:27:38 INFO  
01:27:38 INFO  Test duration: 138.47 secs
01:27:38 INFO  Test final outcome:  FAILED
01:27:38 INFO  Test outcome reason: Assert that (False == value) with value=True (+2 other failures)
01:27:38 INFO  
</system-out>
	</testcase>
</testsuite><testsuite name="SoftwareManagement.sm_apt_install_remove_multiple_mixed" tests="3" errors="0" failures="2" skipped="1" time="0"><testcase classname="PySysTest" name="SoftwareManagement.sm_apt_install_remove_multiple_mixed">
		<skipped message="SKIPPED: Testing the apt plugin is not supported on this platform.Use parameter -XmyPlatform='container' to enable it" />
		<system-out>00:27:12 INFO  ==============================================================
00:27:12 INFO  Id:    SoftwareManagement.sm_apt_install_remove_multiple_mixed
00:27:12 INFO  Dir:   software_management_end_to_end/
00:27:12 INFO  Title: Validate end to end behaviour for the apt plugin for multiple packages with mixed versions
00:27:12 INFO  ==============================================================
00:27:12 INFO  Testing the apt plugin is not supported on this platform.Use parameter -XmyPlatform='container' to enable it ... skipped
00:27:12 WARN  Aborted test due to SKIPPED outcome
00:27:12 INFO  
00:27:12 INFO  Test duration: 0.02 secs
00:27:12 INFO  Test final outcome:  SKIPPED
00:27:12 INFO  Test outcome reason: Testing the apt plugin is not supported on this platform.Use parameter -XmyPlatform='container' to enable it
00:27:12 INFO  
</system-out>
	</testcase>
<testcase classname="PySysTest" name="SoftwareManagement.sm_apt_install_remove_multiple_mixed">
		<failure message="BLOCKED: SystemError: Timeout while waiting for status SUCCESSFUL or False" type="BLOCKED" />
		<system-out>01:01:49 INFO  ==============================================================
01:01:49 INFO  Id:    SoftwareManagement.sm_apt_install_remove_multiple_mixed
01:01:49 INFO  Dir:   software_management_end_to_end/
01:01:49 INFO  Title: Validate end to end behaviour for the apt plugin for multiple packages with mixed versions
01:01:49 INFO  ==============================================================
01:01:49 INFO  Using sw id database: {'asciijump': '5475369', 'robotfindskitten': '5474869', 'squirrel3': '5475279', 'rolldice': '5152439', 'moon-buggy': '5439204', 'apple': '5495053', 'banana': '5494888', 'cherry': '5495382', 'watermelon': '5494510', 'registry': '8018911', 'hello-world': '8021526', 'docker/getting-started': '8021973', 'alpine': '7991792'}
01:01:49 INFO  EnvironmentC8y Setup
01:01:50 INFO  Executed systemctl&lt;serv_mapper1&gt;, exit status 3
01:01:50 INFO  Restarting mosquitto too frequently in the last 10 seconds. It was only up for 5 seconds
01:01:50 INFO  Delaying execution by 6 seconds
01:02:10 INFO  Executed sudo&lt;tedge_connect_c8y&gt;, exit status 0, duration 13 secs
01:02:10 INFO  Executed sudo&lt;tedge_connect_c8y_test&gt;, exit status 0
01:02:11 INFO  Executed systemctl&lt;serv_mosq2&gt;, exit status 0
01:02:11 INFO  Executed systemctl&lt;serv_mapper3&gt;, exit status 0
01:02:13 INFO  State of current operation: SUCCESSFUL
01:02:14 INFO  Assert that (False == value) with value=False ... passed
01:02:14 INFO  Assert that (False == value) with value=False ... passed
01:02:14 INFO  Assert that (False == value) with value=False ... passed
01:02:14 INFO  Assert that (False == value) with value=False ... passed
01:02:15 INFO  Assert that (False == value) with value=False ... passed
01:02:16 INFO  Response status: 201
01:02:16 INFO  Response to action: {
    "creationTime": "2022-07-22T01:02:16.388Z",
    "deviceId": "21166555",
    "deviceName": "m32sd10d",
    "self": "https://t493319102.eu-latest.cumulocity.com/devicecontrol/operations/21213826",
    "id": "21213826",
    "status": "PENDING",
    "description": "Apply software changes, triggered from PySys: [{'action': 'install', 'id': '5475369', 'name': 'asciijump', 'url': ' ', 'version': '::apt'}, {'action': 'install', 'id': '5474869', 'name': 'robotfindskitten', 'url': ' ', 'version': ' '}, {'action': 'install', 'id': '5475279', 'name': 'squirrel3', 'url': ' ', 'version': '3.1-7::apt'}, {'action': 'install', 'id': '5152439', 'name': 'rolldice', 'url': ' ', 'version': '1.16-1+b1'}, {'action': 'install', 'id': '5439204', 'name': 'moon-buggy', 'url': ' ', 'version': '1:1.0.51-12'}, {'action': 'install', 'id': '5475369', 'name': 'asciijump', 'url': ' ', 'version': '::apt'}]",
    "c8y_SoftwareUpdate": [
        {
            "name": "asciijump",
            "action": "install",
            "id": "5475369",
            "version": "::apt",
            "url": " "
        },
        {
            "name": "robotfindskitten",
            "action": "install",
            "id": "5474869",
            "version": " ",
            "url": " "
        },
        {
            "name": "squirrel3",
            "action": "install",
            "id": "5475279",
            "version": "3.1-7::apt",
            "url": " "
        },
        {
            "name": "rolldice",
            "action": "install",
            "id": "5152439",
            "version": "1.16-1+b1",
            "url": " "
        },
        {
            "name": "moon-buggy",
            "action": "install",
            "id": "5439204",
            "version": "1:1.0.51-12",
            "url": " "
        },
        {
            "name": "asciijump",
            "action": "install",
            "id": "5475369",
            "version": "::apt",
            "url": " "
        }
    ]
}
01:02:16 INFO  Started operation: {'creationTime': '2022-07-22T01:02:16.388Z', 'deviceId': '21166555', 'deviceName': 'm32sd10d', 'self': 'https://t493319102.eu-latest.cumulocity.com/devicecontrol/operations/21213826', 'id': '21213826', 'status': 'PENDING', 'description': "Apply software changes, triggered from PySys: [{'action': 'install', 'id': '5475369', 'name': 'asciijump', 'url': ' ', 'version': '::apt'}, {'action': 'install', 'id': '5474869', 'name': 'robotfindskitten', 'url': ' ', 'version': ' '}, {'action': 'install', 'id': '5475279', 'name': 'squirrel3', 'url': ' ', 'version': '3.1-7::apt'}, {'action': 'install', 'id': '5152439', 'name': 'rolldice', 'url': ' ', 'version': '1.16-1+b1'}, {'action': 'install', 'id': '5439204', 'name': 'moon-buggy', 'url': ' ', 'version': '1:1.0.51-12'}, {'action': 'install', 'id': '5475369', 'name': 'asciijump', 'url': ' ', 'version': '::apt'}]", 'c8y_SoftwareUpdate': [{'name': 'asciijump', 'action': 'install', 'id': '5475369', 'version': '::apt', 'url': ' '}, {'name': 'robotfindskitten', 'action': 'install', 'id': '5474869', 'version': ' ', 'url': ' '}, {'name': 'squirrel3', 'action': 'install', 'id': '5475279', 'version': '3.1-7::apt', 'url': ' '}, {'name': 'rolldice', 'action': 'install', 'id': '5152439', 'version': '1.16-1+b1', 'url': ' '}, {'name': 'moon-buggy', 'action': 'install', 'id': '5439204', 'version': '1:1.0.51-12', 'url': ' '}, {'name': 'asciijump', 'action': 'install', 'id': '5475369', 'version': '::apt', 'url': ' '}]}
01:02:18 INFO  State of operation 21213826 : PENDING
01:02:20 INFO  State of operation 21213826 : EXECUTING
01:02:23 INFO  State of operation 21213826 : EXECUTING
01:02:25 INFO  State of operation 21213826 : EXECUTING
01:02:27 INFO  State of operation 21213826 : EXECUTING
01:02:29 INFO  State of operation 21213826 : EXECUTING
01:02:32 INFO  State of operation 21213826 : EXECUTING
01:02:35 INFO  State of operation 21213826 : EXECUTING
01:02:38 INFO  State of operation 21213826 : EXECUTING
01:02:40 INFO  State of operation 21213826 : EXECUTING
01:02:42 INFO  State of operation 21213826 : EXECUTING
01:02:44 INFO  State of operation 21213826 : EXECUTING
01:02:46 INFO  State of operation 21213826 : EXECUTING
01:02:49 INFO  State of operation 21213826 : EXECUTING
01:02:51 INFO  State of operation 21213826 : EXECUTING
01:02:53 INFO  State of operation 21213826 : EXECUTING
01:02:56 INFO  State of operation 21213826 : EXECUTING
01:02:58 INFO  State of operation 21213826 : EXECUTING
01:03:01 INFO  State of operation 21213826 : EXECUTING
01:03:03 INFO  State of operation 21213826 : EXECUTING
01:03:05 INFO  State of operation 21213826 : EXECUTING
01:03:08 INFO  State of operation 21213826 : EXECUTING
01:03:10 INFO  State of operation 21213826 : EXECUTING
01:03:13 INFO  State of operation 21213826 : EXECUTING
01:03:15 INFO  State of operation 21213826 : EXECUTING
01:03:19 INFO  State of operation 21213826 : EXECUTING
01:03:21 INFO  State of operation 21213826 : EXECUTING
01:03:23 INFO  State of operation 21213826 : EXECUTING
01:03:25 INFO  State of operation 21213826 : EXECUTING
01:03:28 INFO  State of operation 21213826 : EXECUTING
01:03:30 INFO  State of operation 21213826 : EXECUTING
01:03:32 INFO  State of operation 21213826 : EXECUTING
01:03:34 INFO  State of operation 21213826 : EXECUTING
01:03:37 INFO  State of operation 21213826 : EXECUTING
01:03:39 INFO  State of operation 21213826 : EXECUTING
01:03:41 INFO  State of operation 21213826 : EXECUTING
01:03:43 INFO  State of operation 21213826 : EXECUTING
01:03:46 INFO  State of operation 21213826 : EXECUTING
01:03:49 INFO  State of operation 21213826 : EXECUTING
01:03:52 INFO  State of operation 21213826 : EXECUTING
01:03:54 INFO  State of operation 21213826 : EXECUTING
01:03:56 INFO  State of operation 21213826 : EXECUTING
01:03:58 INFO  State of operation 21213826 : EXECUTING
01:04:01 INFO  State of operation 21213826 : EXECUTING
01:04:03 INFO  State of operation 21213826 : EXECUTING
01:04:05 INFO  State of operation 21213826 : EXECUTING
01:04:07 INFO  State of operation 21213826 : EXECUTING
01:04:10 INFO  State of operation 21213826 : EXECUTING
01:04:12 INFO  State of operation 21213826 : EXECUTING
01:04:15 INFO  State of operation 21213826 : EXECUTING
01:04:17 INFO  State of operation 21213826 : EXECUTING
01:04:19 INFO  State of operation 21213826 : EXECUTING
01:04:22 INFO  State of operation 21213826 : EXECUTING
01:04:24 INFO  State of operation 21213826 : EXECUTING
01:04:27 INFO  State of operation 21213826 : EXECUTING
01:04:29 INFO  State of operation 21213826 : EXECUTING
01:04:31 INFO  State of operation 21213826 : EXECUTING
01:04:34 INFO  State of operation 21213826 : EXECUTING
01:04:36 INFO  State of operation 21213826 : EXECUTING
01:04:38 INFO  State of operation 21213826 : EXECUTING
01:04:40 INFO  State of operation 21213826 : EXECUTING
01:04:42 WARN  SystemError occurred while running test - Timeout while waiting for status SUCCESSFUL or False
Traceback (most recent call last):
  File "/home/pi/env-pysys/lib/python3.7/site-packages/pysys/baserunner.py", line 1294, in __call__
    self.testObj.execute()
  File "/home/pi/actions-runner/_work/thin-edge.io/thin-edge.io/tests/PySys/software_management_end_to_end/sm_apt_install_remove_multiple_mixed/run.py", line 89, in execute
    self.wait_until_succcess()
  File "/home/pi/actions-runner/_work/thin-edge.io/thin-edge.io/tests/PySys/software_management_end_to_end/environment_sm_management.py", line 324, in wait_until_succcess
    self.wait_until_status("SUCCESSFUL")
  File "/home/pi/actions-runner/_work/thin-edge.io/thin-edge.io/tests/PySys/software_management_end_to_end/environment_sm_management.py", line 381, in wait_until_status
    "Timeout while waiting for status %s or %s" % (status, status2)
SystemError: Timeout while waiting for status SUCCESSFUL or False
01:04:43 WARN  SystemError: Timeout while waiting for status SUCCESSFUL or False ... blocked 
01:04:43 INFO  
01:04:43 INFO  cleanup:
01:04:47 INFO  Executed sudo&lt;tedge_disconnect_c8y&gt;, exit status 0
01:04:48 INFO  Executed systemctl&lt;serv_mapper5&gt;, exit status 3
01:04:48 INFO  
01:04:48 INFO  Test duration: 178.68 secs
01:04:48 INFO  Test final outcome:  BLOCKED
01:04:48 INFO  Test outcome reason: SystemError: Timeout while waiting for status SUCCESSFUL or False
01:04:48 INFO  
</system-out>
	</testcase>
<testcase classname="PySysTest" name="SoftwareManagement.sm_apt_install_remove_multiple_mixed">
		<failure message="BLOCKED: SystemError: Timeout while waiting for status SUCCESSFUL or False (+1 other failures)" type="BLOCKED" />
		<system-out>01:27:38 INFO  ==============================================================
01:27:38 INFO  Id:    SoftwareManagement.sm_apt_install_remove_multiple_mixed
01:27:38 INFO  Dir:   software_management_end_to_end/
01:27:38 INFO  Title: Validate end to end behaviour for the apt plugin for multiple packages with mixed versions
01:27:38 INFO  ==============================================================
01:27:38 INFO  Using sw id database: {'asciijump': '5475369', 'robotfindskitten': '5474869', 'squirrel3': '5475279', 'rolldice': '5152439', 'moon-buggy': '5439204', 'apple': '5495053', 'banana': '5494888', 'cherry': '5495382', 'watermelon': '5494510', 'registry': '8018911', 'hello-world': '8021526', 'docker/getting-started': '8021973', 'alpine': '7991792'}
01:27:38 INFO  EnvironmentC8y Setup
01:27:39 INFO  Executed systemctl&lt;serv_mapper1&gt;, exit status 3
01:27:39 INFO  Restarting mosquitto too frequently in the last 10 seconds. It was only up for 5 seconds
01:27:39 INFO  Delaying execution by 6 seconds
01:27:59 INFO  Executed sudo&lt;tedge_connect_c8y&gt;, exit status 0, duration 13 secs
01:28:00 INFO  Executed sudo&lt;tedge_connect_c8y_test&gt;, exit status 0
01:28:00 INFO  Executed systemctl&lt;serv_mosq2&gt;, exit status 0
01:28:01 INFO  Executed systemctl&lt;serv_mapper3&gt;, exit status 0
01:28:03 INFO  State of current operation: SUCCESSFUL
01:28:03 INFO  Assert that (False == value) with value=False ... passed
01:28:03 INFO  Assert that (False == value) with value=False ... passed
01:28:03 INFO  Assert that (False == value) with value=False ... passed
01:28:04 INFO  Assert that (False == value) with value=False ... passed
01:28:04 INFO  Package moon-buggy is installed
01:28:04 WARN  Assert that (False == value) with value=True ... failed 
01:28:05 INFO  Response status: 201
01:28:05 INFO  Response to action: {
    "delivery": {
        "log": [],
        "time": "2022-07-22T01:28:05.692Z",
        "status": "PENDING"
    },
    "creationTime": "2022-07-22T01:28:05.674Z",
    "deviceId": "21166555",
    "deviceName": "m32sd10d",
    "self": "https://t493319102.eu-latest.cumulocity.com/devicecontrol/operations/21213975",
    "id": "21213975",
    "status": "PENDING",
    "description": "Apply software changes, triggered from PySys: [{'action': 'install', 'id': '5475369', 'name': 'asciijump', 'url': ' ', 'version': '::apt'}, {'action': 'install', 'id': '5474869', 'name': 'robotfindskitten', 'url': ' ', 'version': ' '}, {'action': 'install', 'id': '5475279', 'name': 'squirrel3', 'url': ' ', 'version': '3.1-7::apt'}, {'action': 'install', 'id': '5152439', 'name': 'rolldice', 'url': ' ', 'version': '1.16-1+b1'}, {'action': 'install', 'id': '5439204', 'name': 'moon-buggy', 'url': ' ', 'version': '1:1.0.51-12'}, {'action': 'install', 'id': '5475369', 'name': 'asciijump', 'url': ' ', 'version': '::apt'}]",
    "c8y_SoftwareUpdate": [
        {
            "name": "asciijump",
            "action": "install",
            "id": "5475369",
            "version": "::apt",
            "url": " "
        },
        {
            "name": "robotfindskitten",
            "action": "install",
            "id": "5474869",
            "version": " ",
            "url": " "
        },
        {
            "name": "squirrel3",
            "action": "install",
            "id": "5475279",
            "version": "3.1-7::apt",
            "url": " "
        },
        {
            "name": "rolldice",
            "action": "install",
            "id": "5152439",
            "version": "1.16-1+b1",
            "url": " "
        },
        {
            "name": "moon-buggy",
            "action": "install",
            "id": "5439204",
            "version": "1:1.0.51-12",
            "url": " "
        },
        {
            "name": "asciijump",
            "action": "install",
            "id": "5475369",
            "version": "::apt",
            "url": " "
        }
    ]
}
01:28:05 INFO  Started operation: {'delivery': {'log': [], 'time': '2022-07-22T01:28:05.692Z', 'status': 'PENDING'}, 'creationTime': '2022-07-22T01:28:05.674Z', 'deviceId': '21166555', 'deviceName': 'm32sd10d', 'self': 'https://t493319102.eu-latest.cumulocity.com/devicecontrol/operations/21213975', 'id': '21213975', 'status': 'PENDING', 'description': "Apply software changes, triggered from PySys: [{'action': 'install', 'id': '5475369', 'name': 'asciijump', 'url': ' ', 'version': '::apt'}, {'action': 'install', 'id': '5474869', 'name': 'robotfindskitten', 'url': ' ', 'version': ' '}, {'action': 'install', 'id': '5475279', 'name': 'squirrel3', 'url': ' ', 'version': '3.1-7::apt'}, {'action': 'install', 'id': '5152439', 'name': 'rolldice', 'url': ' ', 'version': '1.16-1+b1'}, {'action': 'install', 'id': '5439204', 'name': 'moon-buggy', 'url': ' ', 'version': '1:1.0.51-12'}, {'action': 'install', 'id': '5475369', 'name': 'asciijump', 'url': ' ', 'version': '::apt'}]", 'c8y_SoftwareUpdate': [{'name': 'asciijump', 'action': 'install', 'id': '5475369', 'version': '::apt', 'url': ' '}, {'name': 'robotfindskitten', 'action': 'install', 'id': '5474869', 'version': ' ', 'url': ' '}, {'name': 'squirrel3', 'action': 'install', 'id': '5475279', 'version': '3.1-7::apt', 'url': ' '}, {'name': 'rolldice', 'action': 'install', 'id': '5152439', 'version': '1.16-1+b1', 'url': ' '}, {'name': 'moon-buggy', 'action': 'install', 'id': '5439204', 'version': '1:1.0.51-12', 'url': ' '}, {'name': 'asciijump', 'action': 'install', 'id': '5475369', 'version': '::apt', 'url': ' '}]}
01:28:07 INFO  State of operation 21213975 : PENDING
01:28:10 INFO  State of operation 21213975 : EXECUTING
01:28:12 INFO  State of operation 21213975 : EXECUTING
01:28:14 INFO  State of operation 21213975 : EXECUTING
01:28:16 INFO  State of operation 21213975 : EXECUTING
01:28:19 INFO  State of operation 21213975 : EXECUTING
01:28:21 INFO  State of operation 21213975 : EXECUTING
01:28:24 INFO  State of operation 21213975 : EXECUTING
01:28:27 INFO  State of operation 21213975 : EXECUTING
01:28:29 INFO  State of operation 21213975 : EXECUTING
01:28:31 INFO  State of operation 21213975 : EXECUTING
01:28:33 INFO  State of operation 21213975 : EXECUTING
01:28:36 INFO  State of operation 21213975 : EXECUTING
01:28:38 INFO  State of operation 21213975 : EXECUTING
01:28:40 INFO  State of operation 21213975 : EXECUTING
01:28:43 INFO  State of operation 21213975 : EXECUTING
01:28:45 INFO  State of operation 21213975 : EXECUTING
01:28:47 INFO  State of operation 21213975 : EXECUTING
01:28:50 INFO  State of operation 21213975 : EXECUTING
01:28:52 INFO  State of operation 21213975 : EXECUTING
01:28:54 INFO  State of operation 21213975 : EXECUTING
01:28:57 INFO  State of operation 21213975 : EXECUTING
01:28:59 INFO  State of operation 21213975 : EXECUTING
01:29:01 INFO  State of operation 21213975 : EXECUTING
01:29:04 INFO  State of operation 21213975 : EXECUTING
01:29:06 INFO  State of operation 21213975 : EXECUTING
01:29:09 INFO  State of operation 21213975 : EXECUTING
01:29:11 INFO  State of operation 21213975 : EXECUTING
01:29:13 INFO  State of operation 21213975 : EXECUTING
01:29:16 INFO  State of operation 21213975 : EXECUTING
01:29:18 INFO  State of operation 21213975 : EXECUTING
01:29:20 INFO  State of operation 21213975 : EXECUTING
01:29:23 INFO  State of operation 21213975 : EXECUTING
01:29:25 INFO  State of operation 21213975 : EXECUTING
01:29:27 INFO  State of operation 21213975 : EXECUTING
01:29:29 INFO  State of operation 21213975 : EXECUTING
01:29:31 INFO  State of operation 21213975 : EXECUTING
01:29:34 INFO  State of operation 21213975 : EXECUTING
01:29:36 INFO  State of operation 21213975 : EXECUTING
01:29:39 INFO  State of operation 21213975 : EXECUTING
01:29:42 INFO  State of operation 21213975 : EXECUTING
01:29:44 INFO  State of operation 21213975 : EXECUTING
01:29:46 INFO  State of operation 21213975 : EXECUTING
01:29:48 INFO  State of operation 21213975 : EXECUTING
01:29:50 INFO  State of operation 21213975 : EXECUTING
01:29:53 INFO  State of operation 21213975 : EXECUTING
01:29:55 INFO  State of operation 21213975 : EXECUTING
01:29:57 INFO  State of operation 21213975 : EXECUTING
01:30:00 INFO  State of operation 21213975 : EXECUTING
01:30:02 INFO  State of operation 21213975 : EXECUTING
01:30:05 INFO  State of operation 21213975 : EXECUTING
01:30:07 INFO  State of operation 21213975 : EXECUTING
01:30:09 INFO  State of operation 21213975 : EXECUTING
01:30:12 INFO  State of operation 21213975 : EXECUTING
01:30:14 INFO  State of operation 21213975 : EXECUTING
01:30:17 INFO  State of operation 21213975 : EXECUTING
01:30:19 INFO  State of operation 21213975 : EXECUTING
01:30:22 INFO  State of operation 21213975 : EXECUTING
01:30:24 INFO  State of operation 21213975 : EXECUTING
01:30:27 INFO  State of operation 21213975 : EXECUTING
01:30:29 INFO  State of operation 21213975 : EXECUTING
01:30:31 WARN  SystemError occurred while running test - Timeout while waiting for status SUCCESSFUL or False
Traceback (most recent call last):
  File "/home/pi/env-pysys/lib/python3.7/site-packages/pysys/baserunner.py", line 1294, in __call__
    self.testObj.execute()
  File "/home/pi/actions-runner/_work/thin-edge.io/thin-edge.io/tests/PySys/software_management_end_to_end/sm_apt_install_remove_multiple_mixed/run.py", line 89, in execute
    self.wait_until_succcess()
  File "/home/pi/actions-runner/_work/thin-edge.io/thin-edge.io/tests/PySys/software_management_end_to_end/environment_sm_management.py", line 324, in wait_until_succcess
    self.wait_until_status("SUCCESSFUL")
  File "/home/pi/actions-runner/_work/thin-edge.io/thin-edge.io/tests/PySys/software_management_end_to_end/environment_sm_management.py", line 381, in wait_until_status
    "Timeout while waiting for status %s or %s" % (status, status2)
SystemError: Timeout while waiting for status SUCCESSFUL or False
01:30:31 WARN  SystemError: Timeout while waiting for status SUCCESSFUL or False ... blocked 
01:30:31 INFO  
01:30:31 INFO  cleanup:
01:30:35 INFO  Executed sudo&lt;tedge_disconnect_c8y&gt;, exit status 0
01:30:36 INFO  Executed systemctl&lt;serv_mapper5&gt;, exit status 3
01:30:36 INFO  
01:30:36 INFO  Test duration: 177.75 secs
01:30:36 INFO  Test final outcome:  BLOCKED
01:30:36 INFO  Test outcome reason: SystemError: Timeout while waiting for status SUCCESSFUL or False (+1 other failures)
01:30:36 INFO  
</system-out>
	</testcase>
</testsuite><testsuite name="SoftwareManagement.sm_apt_install_remove_with_version" tests="3" errors="0" failures="0" skipped="1" time="0"><testcase classname="PySysTest" name="SoftwareManagement.sm_apt_install_remove_with_version">
		<skipped message="SKIPPED: Testing the apt plugin is not supported on this platform.Use parameter -XmyPlatform='container' to enable it" />
		<system-out>00:27:12 INFO  ==============================================================
00:27:12 INFO  Id:    SoftwareManagement.sm_apt_install_remove_with_version
00:27:12 INFO  Dir:   software_management_end_to_end/
00:27:12 INFO  Title: Validate end to end behaviour for the apt plugin for packages with version
00:27:12 INFO  ==============================================================
00:27:12 INFO  Testing the apt plugin is not supported on this platform.Use parameter -XmyPlatform='container' to enable it ... skipped
00:27:12 WARN  Aborted test due to SKIPPED outcome
00:27:12 INFO  
00:27:12 INFO  Test duration: 0.02 secs
00:27:12 INFO  Test final outcome:  SKIPPED
00:27:12 INFO  Test outcome reason: Testing the apt plugin is not supported on this platform.Use parameter -XmyPlatform='container' to enable it
00:27:12 INFO  
</system-out>
	</testcase>
<testcase classname="PySysTest" name="SoftwareManagement.sm_apt_install_remove_with_version" />
<testcase classname="PySysTest" name="SoftwareManagement.sm_apt_install_remove_with_version" />
</testsuite><testsuite name="SoftwareManagement.sm_docker_install_remove_multiple" tests="3" errors="0" failures="0" skipped="1" time="0"><testcase classname="SMDockerInstallRemove" name="SoftwareManagement.sm_docker_install_remove_multiple">
		<skipped message="SKIPPED: Testing the apt plugin is not supported on this platform.Use parameter -XmyPlatform='container' to enable it" />
		<system-out>00:27:13 INFO  ==============================================================
00:27:13 INFO  Id:    SoftwareManagement.sm_docker_install_remove_multiple
00:27:13 INFO  Dir:   software_management_end_to_end/
00:27:13 INFO  Title: Validate end to end behaviour for the docker plugin for multiple docker images with mixed versions
00:27:13 INFO  ==============================================================
00:27:13 INFO  Testing the apt plugin is not supported on this platform.Use parameter -XmyPlatform='container' to enable it ... skipped
00:27:13 WARN  Aborted test due to SKIPPED outcome
00:27:13 INFO  
00:27:13 INFO  Test duration: 0.02 secs
00:27:13 INFO  Test final outcome:  SKIPPED
00:27:13 INFO  Test outcome reason: Testing the apt plugin is not supported on this platform.Use parameter -XmyPlatform='container' to enable it
00:27:13 INFO  
</system-out>
	</testcase>
<testcase classname="SMDockerInstallRemove" name="SoftwareManagement.sm_docker_install_remove_multiple" />
<testcase classname="SMDockerInstallRemove" name="SoftwareManagement.sm_docker_install_remove_multiple" />
</testsuite><testsuite name="SoftwareManagement.sm_fake_install_remove" tests="2" errors="0" failures="0" skipped="1" time="0"><testcase classname="PySysTest" name="SoftwareManagement.sm_fake_install_remove">
		<skipped message="SKIPPED: Testing the fake plugin is not enabled.Use parameter -Xfakeplugin=fakeplugin to enable it" />
		<system-out>00:27:13 INFO  ==============================================================
00:27:13 INFO  Id:    SoftwareManagement.sm_fake_install_remove
00:27:13 INFO  Dir:   software_management_end_to_end/
00:27:13 INFO  Title: Validate end to end behaviour for the dummy plugin for installation and removal of packages
00:27:13 INFO  ==============================================================
00:27:13 INFO  Testing the fake plugin is not enabled.Use parameter -Xfakeplugin=fakeplugin to enable it ... skipped
00:27:13 WARN  Aborted test due to SKIPPED outcome
00:27:13 INFO  
00:27:13 INFO  Test duration: 0.02 secs
00:27:13 INFO  Test final outcome:  SKIPPED
00:27:13 INFO  Test outcome reason: Testing the fake plugin is not enabled.Use parameter -Xfakeplugin=fakeplugin to enable it
00:27:13 INFO  
</system-out>
	</testcase>
<testcase classname="PySysTest" name="SoftwareManagement.sm_fake_install_remove" />
</testsuite><testsuite name="SoftwareManagement.sm_fake_install_remove_multiple" tests="2" errors="0" failures="0" skipped="1" time="0"><testcase classname="PySysTest" name="SoftwareManagement.sm_fake_install_remove_multiple">
		<skipped message="SKIPPED: Testing the fake plugin is not enabled.Use parameter -Xfakeplugin=fakeplugin to enable it" />
		<system-out>00:27:13 INFO  ==============================================================
00:27:13 INFO  Id:    SoftwareManagement.sm_fake_install_remove_multiple
00:27:13 INFO  Dir:   software_management_end_to_end/
00:27:13 INFO  Title: Validate end to end behaviour for the dummy-plugin for multiple packages
00:27:13 INFO  ==============================================================
00:27:13 INFO  Testing the fake plugin is not enabled.Use parameter -Xfakeplugin=fakeplugin to enable it ... skipped
00:27:13 WARN  Aborted test due to SKIPPED outcome
00:27:13 INFO  
00:27:13 INFO  Test duration: 0.02 secs
00:27:13 INFO  Test final outcome:  SKIPPED
00:27:13 INFO  Test outcome reason: Testing the fake plugin is not enabled.Use parameter -Xfakeplugin=fakeplugin to enable it
00:27:13 INFO  
</system-out>
	</testcase>
<testcase classname="PySysTest" name="SoftwareManagement.sm_fake_install_remove_multiple" />
</testsuite><testsuite name="SoftwareManagement.sm_mapper_fail_and_reconnect" tests="2" errors="0" failures="0" skipped="2" time="0"><testcase classname="MapperC8yReceiveLastMessageOnRestart" name="SoftwareManagement.sm_mapper_fail_and_reconnect">
		<skipped message="SKIPPED: instable https://github.com/thin-edge/thin-edge.io/issues/752" />
		<system-out>00:27:13 INFO  ==============================================================
00:27:13 INFO  Id:    SoftwareManagement.sm_mapper_fail_and_reconnect
00:27:13 INFO  Dir:   software_management_end_to_end/
00:27:13 INFO  Title: Validate the tedge-mapper-sm-c8y for receiving the last message on restart
00:27:13 INFO  ==============================================================
00:27:13 INFO  instable https://github.com/thin-edge/thin-edge.io/issues/752 ... skipped
00:27:13 INFO  
00:27:13 INFO  Test duration: 0.02 secs
00:27:13 INFO  Test final outcome:  SKIPPED
00:27:13 INFO  Test outcome reason: instable https://github.com/thin-edge/thin-edge.io/issues/752
00:27:13 INFO  
</system-out>
	</testcase>
<testcase classname="MapperC8yReceiveLastMessageOnRestart" name="SoftwareManagement.sm_mapper_fail_and_reconnect">
		<skipped message="SKIPPED: instable https://github.com/thin-edge/thin-edge.io/issues/752" />
		<system-out>01:37:14 INFO  ==============================================================
01:37:14 INFO  Id:    SoftwareManagement.sm_mapper_fail_and_reconnect
01:37:14 INFO  Dir:   software_management_end_to_end/
01:37:14 INFO  Title: Validate the tedge-mapper-sm-c8y for receiving the last message on restart
01:37:14 INFO  ==============================================================
01:37:14 INFO  instable https://github.com/thin-edge/thin-edge.io/issues/752 ... skipped
01:37:14 INFO  
01:37:14 INFO  Test duration: 0.03 secs
01:37:14 INFO  Test final outcome:  SKIPPED
01:37:14 INFO  Test outcome reason: instable https://github.com/thin-edge/thin-edge.io/issues/752
01:37:14 INFO  
</system-out>
	</testcase>
</testsuite><testsuite name="SoftwareManagement.sm_mixed_install_remove_multiple" tests="2" errors="0" failures="1" skipped="1" time="0"><testcase classname="PySysTest" name="SoftwareManagement.sm_mixed_install_remove_multiple">
		<skipped message="SKIPPED: Testing the fake plugin is not enabled.Use parameter -Xfakeplugin=fakeplugin to enable it" />
		<system-out>00:27:13 INFO  ==============================================================
00:27:13 INFO  Id:    SoftwareManagement.sm_mixed_install_remove_multiple
00:27:13 INFO  Dir:   software_management_end_to_end/
00:27:13 INFO  Title: Validate end to end behaviour for the dummy-plugin for multiple packages with mixed versions
00:27:13 INFO  ==============================================================
00:27:13 INFO  Testing the fake plugin is not enabled.Use parameter -Xfakeplugin=fakeplugin to enable it ... skipped
00:27:13 WARN  Aborted test due to SKIPPED outcome
00:27:13 INFO  
00:27:13 INFO  Test duration: 0.04 secs
00:27:13 INFO  Test final outcome:  SKIPPED
00:27:13 INFO  Test outcome reason: Testing the fake plugin is not enabled.Use parameter -Xfakeplugin=fakeplugin to enable it
00:27:13 INFO  
</system-out>
	</testcase>
<testcase classname="PySysTest" name="SoftwareManagement.sm_mixed_install_remove_multiple">
[...]
00:15:38 INFO  Executed sudo&lt;rm_tmp_logs&gt;, exit status 0
00:15:38 INFO  Executed sudo&lt;send_failed&gt;, exit status 0
00:15:39 INFO  Executed sudo&lt;log_file_daemon&gt;, exit status 0
00:15:43 INFO  Executed sudo&lt;tedge_disconnect_c8y&gt;, exit status 0
00:15:43 INFO  Executed systemctl&lt;serv_mapper5&gt;, exit status 3
00:15:43 INFO  
00:15:43 INFO  Test duration: 26.97 secs
00:15:43 INFO  Test final outcome:  BLOCKED
00:15:43 INFO  Test outcome reason: TypeError: 'NoneType' object is not subscriptable
00:15:43 INFO  
</system-out>
	</testcase>
</testsuite><testsuite name="log_request_num_lines" tests="1" errors="0" failures="1" skipped="0" time="0"><testcase classname="LogRequestVerifyNumberOfLines" name="log_request_num_lines">
		<failure message="BLOCKED: TypeError: 'NoneType' object is not subscriptable" type="BLOCKED" />
		<system-out>00:15:43 INFO  ==============================================================
00:15:43 INFO  Id:    log_request_num_lines
00:15:43 INFO  Dir:   log_request_end_to_end/
00:15:43 INFO  Title: Validate end to end behaviour for the log request operation check for number of lines
00:15:43 INFO  ==============================================================
00:15:43 INFO  EnvironmentC8y Setup
00:15:44 INFO  Executed systemctl&lt;serv_mapper1&gt;, exit status 3
00:15:44 INFO  Restarting mosquitto too frequently in the last 10 seconds. It was only up for 4 seconds
00:15:44 INFO  Delaying execution by 7 seconds
00:16:05 INFO  Executed sudo&lt;tedge_connect_c8y&gt;, exit status 0, duration 13 secs
00:16:06 INFO  Executed sudo&lt;tedge_connect_c8y_test&gt;, exit status 0
00:16:06 INFO  Executed systemctl&lt;serv_mosq2&gt;, exit status 0
00:16:07 INFO  Executed systemctl&lt;serv_mapper3&gt;, exit status 0
00:16:07 INFO  Executed sudo&lt;rm_logs&gt;, exit status 0
00:16:08 INFO  Executed sudo&lt;move_logs&gt;, exit status 0
00:16:08 INFO  Executed sudo&lt;log_file_daemon&gt;, exit status 0
00:16:09 WARN  TypeError occurred while running test - 'NoneType' object is not subscriptable
Traceback (most recent call last):
  File "/home/pi/env-pysys/lib/python3.7/site-packages/pysys/baserunner.py", line 1294, in __call__
    self.testObj.execute()
  File "/home/pi/actions-runner/_work/thin-edge.io/thin-edge.io/tests/PySys/log_request_end_to_end/log_request_num_lines/run.py", line 46, in execute
    log_file_request_payload, self.project.deviceid
  File "/home/pi/actions-runner/_work/thin-edge.io/thin-edge.io/tests/PySys/environments/cumulocity.py", line 101, in trigger_log_request
    "deviceId": self.device_fragment["id"],
TypeError: 'NoneType' object is not subscriptable
00:16:09 WARN  TypeError: 'NoneType' object is not subscriptable ... blocked 
00:16:09 INFO  
00:16:09 INFO  cleanup:
00:16:09 INFO  Executed sudo&lt;rm_logs&gt;, exit status 0
00:16:10 INFO  Executed sudo&lt;rm_tmp_logs&gt;, exit status 0
00:16:10 INFO  Executed sudo&lt;send_failed&gt;, exit status 0
00:16:11 INFO  Executed sudo&lt;log_file_daemon&gt;, exit status 0
00:16:15 INFO  Executed sudo&lt;tedge_disconnect_c8y&gt;, exit status 0
00:16:16 INFO  Executed systemctl&lt;serv_mapper5&gt;, exit status 3
00:16:16 INFO  
00:16:16 INFO  Test duration: 32.25 secs
00:16:16 INFO  Test final outcome:  BLOCKED
00:16:16 INFO  Test outcome reason: TypeError: 'NoneType' object is not subscriptable
00:16:16 INFO  
</system-out>
	</testcase>
</testsuite><testsuite name="mapper_awaits_before_reconnect" tests="1" errors="0" failures="1" skipped="0" time="0"><testcase classname="MapperReconnectAwait" name="mapper_awaits_before_reconnect">
		<failure message="FAILED: Line count on tedge_mapper_journal.out for &quot;tedge_mapper::core::mapper: MQTT connection error:&quot; expected &gt;=2 but got 0" type="FAILED" />
		<system-out>00:30:15 INFO  ==============================================================
00:30:15 INFO  Id:    mapper_awaits_before_reconnect
00:30:15 INFO  Dir:   tedge_mapper_c8y/
00:30:15 INFO  Title: Validate mapper doesn't reconnect too often
00:30:15 INFO  ==============================================================
00:30:15 INFO  Started mosquitto_sub with process id 19667
00:30:15 INFO  Waiting for 0.1 seconds
00:30:15 INFO  Executed sudo&lt;tedge_mapper&gt;, exit status 0
00:30:15 INFO  Waiting for 5.0 seconds
00:30:21 INFO  Executed sudo&lt;tedge_mapper&gt;, exit status 0
00:30:23 INFO  Executed sudo&lt;tedge_mapper_journal&gt;, exit status 0
00:30:23 WARN  Grep on tedge_mapper_journal.out contains "ERROR" ... failed [run.py:67]
00:30:23 INFO  Line count on file tedge_mapper_journal.out ... passed
00:30:23 WARN  Line count on tedge_mapper_journal.out for "tedge_mapper::core::mapper: MQTT connection error:" expected &gt;=2 but got 0 ... failed [run.py:78]
00:30:23 WARN  Aborted test due to FAILED outcome
00:30:23 INFO  
00:30:23 INFO  Test duration: 8.82 secs
00:30:23 INFO  Test final outcome:  FAILED
00:30:23 INFO  Test outcome reason: Line count on tedge_mapper_journal.out for "tedge_mapper::core::mapper: MQTT connection error:" expected &gt;=2 but got 0
00:30:23 INFO  
</system-out>
	</testcase>
</testsuite><testsuite name="monitoring_smaller_interval" tests="1" errors="0" failures="1" skipped="0" time="0"><testcase classname="MonitoringSmallInterval" name="monitoring_smaller_interval">
		<failure message="BLOCKED: TypeError: 'int' object is not subscriptable" type="BLOCKED" />
		<system-out>00:17:16 INFO  ==============================================================
00:17:16 INFO  Id:    monitoring_smaller_interval
00:17:16 INFO  Dir:   monitoring/
00:17:16 INFO  Title: Validate the tedge dm agent messages that are produced with smaller sampling interval than the batching window. Here the simulated collectd messages are used
00:17:16 INFO  ==============================================================
00:17:17 INFO  Executed sudo&lt;collectd&gt;, exit status 0
00:17:18 INFO  Executed sudo&lt;collectd_mapper&gt;, exit status 0
00:17:18 INFO  Started sudo&lt;tedge_sub&gt; with process id 15790
00:17:18 INFO  Executed sudo&lt;tedge_temp&gt;, exit status 0
00:17:19 INFO  Executed sudo&lt;tedge_pres&gt;, exit status 0
00:17:19 INFO  Executed sudo&lt;tedge_temp&gt;, exit status 0
00:17:20 INFO  Executed sudo&lt;tedge_pres&gt;, exit status 0
00:17:21 INFO  Executed sudo&lt;tedge_temp&gt;, exit status 0
00:17:21 INFO  Executed sudo&lt;tedge_pres&gt;, exit status 0
00:17:22 INFO  Executed sudo&lt;tedge_temp&gt;, exit status 0
00:17:22 INFO  Executed sudo&lt;tedge_pres&gt;, exit status 0
00:17:23 INFO  Executed sudo&lt;tedge_temp&gt;, exit status 0
00:17:23 INFO  Executed sudo&lt;tedge_pres&gt;, exit status 0
00:17:24 INFO  Executed sudo&lt;tedge_temp&gt;, exit status 0
00:17:24 INFO  Executed sudo&lt;tedge_pres&gt;, exit status 0
00:17:25 INFO  Executed sudo&lt;tedge_temp&gt;, exit status 0
00:17:26 INFO  Executed sudo&lt;tedge_pres&gt;, exit status 0
00:17:26 INFO  Executed sudo&lt;tedge_temp&gt;, exit status 0
00:17:27 INFO  Executed sudo&lt;tedge_pres&gt;, exit status 0
00:17:27 INFO  Executed sudo&lt;tedge_temp&gt;, exit status 0
00:17:28 INFO  Executed sudo&lt;tedge_pres&gt;, exit status 0
00:17:29 INFO  Executed sudo&lt;tedge_temp&gt;, exit status 0
00:17:29 INFO  Executed sudo&lt;tedge_pres&gt;, exit status 0
00:17:31 INFO  Executed sudo&lt;kill_out&gt;, exit status 0
00:17:31 INFO  0

00:17:31 WARN  TypeError occurred while running test - 'int' object is not subscriptable
Traceback (most recent call last):
  File "/home/pi/env-pysys/lib/python3.7/site-packages/pysys/baserunner.py", line 1296, in __call__
    self.testObj.validate()
  File "/home/pi/actions-runner/_work/thin-edge.io/thin-edge.io/tests/PySys/monitoring/monitoring_smaller_interval/run.py", line 104, in validate
    collectd_msg_validation_result=self.validate_json(),
  File "/home/pi/actions-runner/_work/thin-edge.io/thin-edge.io/tests/PySys/monitoring/monitoring_smaller_interval/run.py", line 114, in validate_json
    if not self.validate_time():
  File "/home/pi/actions-runner/_work/thin-edge.io/thin-edge.io/tests/PySys/monitoring/monitoring_smaller_interval/run.py", line 134, in validate_time
    if self.js_msg["time"]:
TypeError: 'int' object is not subscriptable
00:17:31 WARN  TypeError: 'int' object is not subscriptable ... blocked 
00:17:31 INFO  
00:17:31 INFO  cleanup:
00:17:31 INFO  monitoring_cleanup
00:17:31 INFO  Executed sudo&lt;collectd_mapper&gt;, exit status 0
00:17:31 INFO  
00:17:31 INFO  Test duration: 14.85 secs
00:17:31 INFO  Test final outcome:  BLOCKED
00:17:31 INFO  Test outcome reason: TypeError: 'int' object is not subscriptable
00:17:31 INFO  
</system-out>
	</testcase>
</testsuite><testsuite name="monitoring_with_collectd" tests="1" errors="0" failures="0" skipped="1" time="0"><testcase classname="MonitoringWithCollectd" name="monitoring_with_collectd">
		<skipped message="SKIPPED: Test execution disabled due to #792 (instable)" />
		<system-out>00:17:31 INFO  ==============================================================
00:17:31 INFO  Id:    monitoring_with_collectd
00:17:31 INFO  Dir:   monitoring/
00:17:31 INFO  Title: Validate tedge dm agent messages that are produced by batching the collectd messages
00:17:31 INFO  ==============================================================
00:17:31 INFO  Test execution disabled due to #792 (instable) ... skipped
00:17:31 INFO  
00:17:31 INFO  Test duration: 0.02 secs
00:17:31 INFO  Test final outcome:  SKIPPED
00:17:31 INFO  Test outcome reason: Test execution disabled due to #792 (instable)
00:17:31 INFO  
</system-out>
	</testcase>
</testsuite><testsuite name="monitoring_with_simulated_messages" tests="1" errors="0" failures="1" skipped="0" time="0"><testcase classname="MonitoringWithSimulatedMessages" name="monitoring_with_simulated_messages">
		<failure message="BLOCKED: TypeError: 'int' object is not subscriptable" type="BLOCKED" />
		<system-out>00:17:31 INFO  ==============================================================
00:17:31 INFO  Id:    monitoring_with_simulated_messages
00:17:31 INFO  Dir:   monitoring/
00:17:31 INFO  Title: Validate the tedge dm agent messages that are produced from the simulated collectd messages
00:17:31 INFO  ==============================================================
00:17:32 INFO  Executed sudo&lt;collectd&gt;, exit status 0
00:17:33 INFO  Executed sudo&lt;collectd_mapper&gt;, exit status 0
00:17:33 INFO  Started sudo&lt;tedge_sub&gt; with process id 15850
00:17:33 INFO  Executed sudo&lt;tedge_temp&gt;, exit status 0
00:17:34 INFO  Executed sudo&lt;tedge_pres&gt;, exit status 0
00:17:35 INFO  Executed sudo&lt;kill_out&gt;, exit status 0
00:17:35 INFO  0

00:17:35 WARN  TypeError occurred while running test - 'int' object is not subscriptable
Traceback (most recent call last):
  File "/home/pi/env-pysys/lib/python3.7/site-packages/pysys/baserunner.py", line 1296, in __call__
    self.testObj.validate()
  File "/home/pi/actions-runner/_work/thin-edge.io/thin-edge.io/tests/PySys/monitoring/monitoring_with_simulated_messages/run.py", line 98, in validate
    collectd_msg_validation_result=self.validate_json(),
  File "/home/pi/actions-runner/_work/thin-edge.io/thin-edge.io/tests/PySys/monitoring/monitoring_with_simulated_messages/run.py", line 108, in validate_json
    if not self.validate_time():
  File "/home/pi/actions-runner/_work/thin-edge.io/thin-edge.io/tests/PySys/monitoring/monitoring_with_simulated_messages/run.py", line 127, in validate_time
    if self.js_msg["time"]:
TypeError: 'int' object is not subscriptable
00:17:35 WARN  TypeError: 'int' object is not subscriptable ... blocked 
00:17:35 INFO  
00:17:35 INFO  cleanup:
00:17:35 INFO  monitoring_cleanup
00:17:36 INFO  Executed sudo&lt;collectd_mapper&gt;, exit status 0
00:17:36 INFO  
00:17:36 INFO  Test duration: 4.49 secs
00:17:36 INFO  Test final outcome:  BLOCKED
00:17:36 INFO  Test outcome reason: TypeError: 'int' object is not subscriptable
00:17:36 INFO  
</system-out>
	</testcase>
</testsuite><testsuite name="mqtt_port_change_connection_fails" tests="1" errors="0" failures="0" skipped="0" time="0"><testcase classname="MqttPortChangeConnectionFails" name="mqtt_port_change_connection_fails" />
</testsuite><testsuite name="mqtt_port_change_connection_works" tests="1" errors="0" failures="0" skipped="1" time="0"><testcase classname="MqttPortChangeConnectionWorks" name="mqtt_port_change_connection_works">
		<skipped message="SKIPPED: failing intermitently" />
		<system-out>00:16:50 INFO  ==============================================================
00:16:50 INFO  Id:    mqtt_port_change_connection_works
00:16:50 INFO  Dir:   misc_features/
00:16:50 INFO  Title: mqtt port change connection works for all the thin-edge services that use the mosquitto broker
00:16:50 INFO  ==============================================================
00:16:50 INFO  failing intermitently ... skipped
00:16:50 INFO  
00:16:50 INFO  Test duration: 0.02 secs
00:16:50 INFO  Test final outcome:  SKIPPED
00:16:50 INFO  Test outcome reason: failing intermitently
00:16:50 INFO  
</system-out>
	</testcase>
</testsuite><testsuite name="publish_flux" tests="1" errors="0" failures="0" skipped="0" time="0"><testcase classname="PublishFlux" name="publish_flux" />
</testsuite><testsuite name="publish_sawmill" tests="1" errors="0" failures="0" skipped="0" time="0"><testcase classname="PublishSawmill" name="publish_sawmill" />
</testsuite><testsuite name="runtime_start_two_mappers" tests="1" errors="0" failures="0" skipped="0" time="0"><testcase classname="RuntimeMultiMappers" name="runtime_start_two_mappers" />
</testsuite><testsuite name="sm_tedge_mapper_init_session" tests="1" errors="0" failures="0" skipped="0" time="0"><testcase classname="TedgeSMMapperInitSession" name="sm_tedge_mapper_init_session" />
</testsuite><testsuite name="smoketest_json" tests="1" errors="0" failures="0" skipped="0" time="0"><testcase classname="SmokeTestJson" name="smoketest_json" />
</testsuite><testsuite name="smoketest_json_400_samples_10ms" tests="1" errors="0" failures="0" skipped="0" time="0"><testcase classname="SmoketestJson400Samples10ms" name="smoketest_json_400_samples_10ms" />
</testsuite><testsuite name="smoketest_json_400_samples_20ms" tests="1" errors="0" failures="0" skipped="0" time="0"><testcase classname="SmoketestJson400Samples20ms" name="smoketest_json_400_samples_20ms" />
</testsuite><testsuite name="smoketest_smartrest" tests="1" errors="0" failures="0" skipped="0" time="0"><testcase classname="SmoketestSmartRest" name="smoketest_smartrest" />
</testsuite><testsuite name="smoketest_smartrest_400_samples_1Xms" tests="1" errors="0" failures="0" skipped="0" time="0"><testcase classname="SmoketestSmartRest400Samples1Xms" name="smoketest_smartrest_400_samples_1Xms" />
</testsuite><testsuite name="smoketest_smartrest_400_samples_20ms" tests="1" errors="0" failures="0" skipped="0" time="0"><testcase classname="SmoketestSmartRest400Samples20ms" name="smoketest_smartrest_400_samples_20ms" />
</testsuite><testsuite name="tedge_agent_user_sudo_access" tests="1" errors="0" failures="0" skipped="1" time="0"><testcase classname="TedgeAgentUserSudoAccess" name="tedge_agent_user_sudo_access">
		<skipped message="SKIPPED: #955 Observation: Exit code of the apt plugin when called with no arguments" />
		<system-out>00:27:39 INFO  ==============================================================
00:27:39 INFO  Id:    tedge_agent_user_sudo_access
00:27:39 INFO  Dir:   tedge/
00:27:39 INFO  Title: Validate tedge-agent user has a limited sudo right
00:27:39 INFO  ==============================================================
00:27:39 INFO  #955 Observation: Exit code of the apt plugin when called with no arguments ... skipped
00:27:39 INFO  
00:27:39 INFO  Test duration: 0.02 secs
00:27:39 INFO  Test final outcome:  SKIPPED
00:27:39 INFO  Test outcome reason: #955 Observation: Exit code of the apt plugin when called with no arguments
00:27:39 INFO  
</system-out>
	</testcase>
</testsuite><testsuite name="tedge_connect_test_negative" tests="1" errors="0" failures="0" skipped="0" time="0"><testcase classname="TedgeConnectTestNegative" name="tedge_connect_test_negative" />
</testsuite><testsuite name="tedge_connect_test_positive" tests="1" errors="0" failures="0" skipped="0" time="0"><testcase classname="TedgeConnectTestPositive" name="tedge_connect_test_positive" />
</testsuite><testsuite name="tedge_connect_test_sm_services" tests="1" errors="0" failures="0" skipped="0" time="0"><testcase classname="TedgeConnectTestSMServices" name="tedge_connect_test_sm_services" />
</testsuite><testsuite name="tedge_disconnect_test_sm_services" tests="1" errors="0" failures="0" skipped="0" time="0"><testcase classname="TedgeDisConnectTestSMServices" name="tedge_disconnect_test_sm_services" />
</testsuite><testsuite name="tedge_mapper_az_negative" tests="1" errors="0" failures="0" skipped="0" time="0"><testcase classname="TedgeMapperAzError" name="tedge_mapper_az_negative" />
</testsuite><testsuite name="tedge_mapper_az_with_timestamp" tests="1" errors="0" failures="0" skipped="0" time="0"><testcase classname="TedgeMapperAzWithTimestamp" name="tedge_mapper_az_with_timestamp" />
</testsuite><testsuite name="tedge_mapper_az_without_timestamp" tests="1" errors="0" failures="0" skipped="0" time="0"><testcase classname="TedgeMapperAzWithoutTimestamp" name="tedge_mapper_az_without_timestamp" />
</testsuite><testsuite name="tedge_mapper_c8y_alarms" tests="1" errors="0" failures="0" skipped="0" time="0"><testcase classname="TedgeMapperC8yAlarm" name="tedge_mapper_c8y_alarms" />
</testsuite><testsuite name="tedge_mapper_c8y_child_device_measurement" tests="1" errors="0" failures="0" skipped="0" time="0"><testcase classname="TedgeMapperC8yChildDevice" name="tedge_mapper_c8y_child_device_measurement" />
</testsuite><testsuite name="tedge_mapper_c8y_packet_threshold_size" tests="1" errors="0" failures="1" skipped="0" time="0"><testcase classname="TedgeMapperC8yThresholdPacketSize" name="tedge_mapper_c8y_packet_threshold_size">
		<failure message="FAILED: Grep on tedge_sub.out contains &quot;The size of the message received on tedge/measurements is 20489 which is greater than the threshold size of 16184.&quot;" type="FAILED" />
		<system-out>00:32:04 INFO  ==============================================================
00:32:04 INFO  Id:    tedge_mapper_c8y_packet_threshold_size
00:32:04 INFO  Dir:   tedge_mapper_c8y/
00:32:04 INFO  Title: Validate the Cumulocity Mapper accepted threshold packet size when it receives a message on tedge/measurements
00:32:04 INFO  ==============================================================
00:32:04 INFO  Executed sudo&lt;tedge_mapper_c8y&gt;, exit status 0
00:32:04 INFO  Started sudo&lt;tedge_sub&gt; with process id 20256
00:32:05 INFO  Executed sudo&lt;tedge_msg&gt;, exit status 0
00:32:05 INFO  Executed sudo&lt;tedge_pub&gt;, exit status 0
00:32:06 INFO  Executed sudo&lt;kill_out&gt;, exit status 0
00:32:06 WARN  Grep on tedge_sub.out contains "The size of the message received on tedge/measurements is 20489 which is greater than the threshold size of 16184." ... failed [run.py:88]
00:32:06 INFO  
00:32:06 INFO  cleanup:
00:32:06 INFO  mapper_cleanup
00:32:06 INFO  Executed sudo&lt;tedge_mapper_c8y&gt;, exit status 0
00:32:07 INFO  
00:32:07 INFO  Test duration: 2.90 secs
00:32:07 INFO  Test final outcome:  FAILED
00:32:07 INFO  Test outcome reason: Grep on tedge_sub.out contains "The size of the message received on tedge/measurements is 20489 which is greater than the threshold size of 16184."
00:32:07 INFO  
</system-out>
	</testcase>
</testsuite><testsuite name="tedge_software_update" tests="1" errors="0" failures="0" skipped="0" time="0"><testcase classname="PySysTest" name="tedge_software_update" />
</testsuite><testsuite name="valid_device_id" tests="1" errors="0" failures="0" skipped="0" time="0"><testcase classname="ValidateValidDeviceId" name="valid_device_id" />
</testsuite></testsuites>