<?xml version='1.0' encoding='utf-8'?>
<testsuites tests="147" failures="18" errors="0" skipped="45" time="0.0"><testsuite name="SoftwareManagement.Plugin.apama_plugin_install" tests="3" errors="0" failures="0" skipped="1" time="0"><testcase classname="ApamaPluginInstallTest" name="SoftwareManagement.Plugin.apama_plugin_install">
		<skipped message="SKIPPED: Apama plugin tests are disabled by default. Execute `pysys run` with `-XmyPlatform=container` to run these tests" />
		<system-out>14:10:23 INFO  ==============================================================
14:10:23 INFO  Id:    SoftwareManagement.Plugin.apama_plugin_install
14:10:23 INFO  Dir:   plugin_apama/
14:10:23 INFO  Title: Validate apama plugin install
14:10:23 INFO  ==============================================================
14:10:23 INFO  Apama plugin tests are disabled by default. Execute `pysys run` with `-XmyPlatform=container` to run these tests ... skipped
14:10:23 WARN  Aborted test due to SKIPPED outcome
14:10:23 INFO  
14:10:23 INFO  Test duration: 0.05 secs
14:10:23 INFO  Test final outcome:  SKIPPED
14:10:23 INFO  Test outcome reason: Apama plugin tests are disabled by default. Execute `pysys run` with `-XmyPlatform=container` to run these tests
14:10:23 INFO  
</system-out>
	</testcase>
<testcase classname="ApamaPluginInstallTest" name="SoftwareManagement.Plugin.apama_plugin_install" />
<testcase classname="ApamaPluginInstallTest" name="SoftwareManagement.Plugin.apama_plugin_install" />
</testsuite><testsuite name="SoftwareManagement.Plugin.apama_plugin_mon_support" tests="3" errors="0" failures="0" skipped="1" time="0"><testcase classname="ApamaPluginMonSupportTest" name="SoftwareManagement.Plugin.apama_plugin_mon_support">
		<skipped message="SKIPPED: Apama plugin tests are disabled by default. Execute `pysys run` with `-XmyPlatform=container` to run these tests" />
		<system-out>14:10:23 INFO  ==============================================================
14:10:23 INFO  Id:    SoftwareManagement.Plugin.apama_plugin_mon_support
14:10:23 INFO  Dir:   plugin_apama/
14:10:23 INFO  Title: Validate mon file support of apama plugin
14:10:23 INFO  ==============================================================
14:10:23 INFO  Apama plugin tests are disabled by default. Execute `pysys run` with `-XmyPlatform=container` to run these tests ... skipped
14:10:23 WARN  Aborted test due to SKIPPED outcome
14:10:23 INFO  
14:10:23 INFO  Test duration: 0.06 secs
14:10:23 INFO  Test final outcome:  SKIPPED
14:10:23 INFO  Test outcome reason: Apama plugin tests are disabled by default. Execute `pysys run` with `-XmyPlatform=container` to run these tests
14:10:23 INFO  
</system-out>
	</testcase>
<testcase classname="ApamaPluginMonSupportTest" name="SoftwareManagement.Plugin.apama_plugin_mon_support" />
<testcase classname="ApamaPluginMonSupportTest" name="SoftwareManagement.Plugin.apama_plugin_mon_support" />
</testsuite><testsuite name="SoftwareManagement.Plugin.apama_plugin_remove" tests="3" errors="0" failures="0" skipped="1" time="0"><testcase classname="ApamaPluginRemoveTest" name="SoftwareManagement.Plugin.apama_plugin_remove">
		<skipped message="SKIPPED: Apama plugin tests are disabled by default. Execute `pysys run` with `-XmyPlatform=container` to run these tests" />
		<system-out>14:10:23 INFO  ==============================================================
14:10:23 INFO  Id:    SoftwareManagement.Plugin.apama_plugin_remove
14:10:23 INFO  Dir:   plugin_apama/
14:10:23 INFO  Title: Validate apama plugin remove
14:10:23 INFO  ==============================================================
14:10:23 INFO  Apama plugin tests are disabled by default. Execute `pysys run` with `-XmyPlatform=container` to run these tests ... skipped
14:10:23 WARN  Aborted test due to SKIPPED outcome
14:10:23 INFO  
14:10:23 INFO  Test duration: 0.03 secs
14:10:23 INFO  Test final outcome:  SKIPPED
14:10:23 INFO  Test outcome reason: Apama plugin tests are disabled by default. Execute `pysys run` with `-XmyPlatform=container` to run these tests
14:10:23 INFO  
</system-out>
	</testcase>
<testcase classname="ApamaPluginRemoveTest" name="SoftwareManagement.Plugin.apama_plugin_remove" />
<testcase classname="ApamaPluginRemoveTest" name="SoftwareManagement.Plugin.apama_plugin_remove" />
</testsuite><testsuite name="SoftwareManagement.Plugin.apama_plugin_update" tests="3" errors="0" failures="2" skipped="1" time="0"><testcase classname="ApamaPluginUpdateTest" name="SoftwareManagement.Plugin.apama_plugin_update">
		<skipped message="SKIPPED: Apama plugin tests are disabled by default. Execute `pysys run` with `-XmyPlatform=container` to run these tests" />
		<system-out>14:10:23 INFO  ==============================================================
14:10:23 INFO  Id:    SoftwareManagement.Plugin.apama_plugin_update
14:10:23 INFO  Dir:   plugin_apama/
14:10:23 INFO  Title: Validate apama plugin updating one project with another
14:10:23 INFO  ==============================================================
14:10:23 INFO  Apama plugin tests are disabled by default. Execute `pysys run` with `-XmyPlatform=container` to run these tests ... skipped
14:10:23 WARN  Aborted test due to SKIPPED outcome
14:10:23 INFO  
14:10:23 INFO  Test duration: 0.02 secs
14:10:23 INFO  Test final outcome:  SKIPPED
14:10:23 INFO  Test outcome reason: Apama plugin tests are disabled by default. Execute `pysys run` with `-XmyPlatform=container` to run these tests
14:10:23 INFO  
</system-out>
	</testcase>
<testcase classname="ApamaPluginUpdateTest" name="SoftwareManagement.Plugin.apama_plugin_update">
		<failure message="BLOCKED: sudo&lt;plugin_install&gt; returned non-zero exit code 2" type="BLOCKED" />
		<system-out>15:00:54 INFO  ==============================================================
15:00:54 INFO  Id:    SoftwareManagement.Plugin.apama_plugin_update
15:00:54 INFO  Dir:   plugin_apama/
15:00:54 INFO  Title: Validate apama plugin updating one project with another
15:00:54 INFO  ==============================================================
15:00:54 INFO  Assertion that path exists=False for "/etc/tedge/apama/project" ... passed
15:00:55 INFO  Executed sudo&lt;create_project_dir&gt;, exit status 0
15:00:56 INFO  Executed sudo&lt;unzip_apama_project&gt;, exit status 0
15:00:56 INFO  Executed sudo&lt;move_apama_project&gt;, exit status 0
15:00:57 INFO  Executed sudo&lt;restart_apama_service&gt;, exit status 0
15:00:58 INFO  Executed sudo&lt;apama_correlator_wait&gt;, exit status 0
15:00:58 INFO  Assertion that path exists=True for "/etc/tedge/apama/project" ... passed
15:00:58 INFO  Executed sudo&lt;apama_list_monitors&gt;, exit status 0
15:00:58 INFO  Grep on file /home/pi/actions-runner/_work/thin-edge.io/thin-edge.io/tests/PySys/plugin_apama/apama_plugin_update/Output/linux/apama_list_monitors.out ... passed
15:00:59 WARN  Executed sudo&lt;plugin_install&gt;, exit status 2
15:00:59 INFO  Contents of plugin_install.err: 
  ERROR: Directory not empty (os error 39)
  -----

15:00:59 WARN  sudo&lt;plugin_install&gt; returned non-zero exit code 2 ... blocked [run.py:35]
15:00:59 WARN  Aborted test due to BLOCKED outcome
15:00:59 INFO  
15:00:59 INFO  cleanup:
15:00:59 INFO  Removing apama project
15:01:15 INFO  Executed sudo&lt;stop_apama_service&gt;, exit status 0, duration 15 secs
15:01:15 INFO  Executed sudo&lt;remove_apama_project&gt;, exit status 0
15:01:16 INFO  Executed sudo&lt;remove_apama_tmp_dir&gt;, exit status 0
15:01:16 INFO  
15:01:16 INFO  Test duration: 21.10 secs
15:01:16 INFO  Test final outcome:  BLOCKED
15:01:16 INFO  Test outcome reason: sudo&lt;plugin_install&gt; returned non-zero exit code 2
15:01:16 INFO  
</system-out>
	</testcase>
<testcase classname="ApamaPluginUpdateTest" name="SoftwareManagement.Plugin.apama_plugin_update">
		<failure message="BLOCKED: sudo&lt;plugin_install&gt; returned non-zero exit code 2" type="BLOCKED" />
		<system-out>15:09:41 INFO  ==============================================================
15:09:41 INFO  Id:    SoftwareManagement.Plugin.apama_plugin_update
15:09:41 INFO  Dir:   plugin_apama/
15:09:41 INFO  Title: Validate apama plugin updating one project with another
15:09:41 INFO  ==============================================================
15:09:41 INFO  Assertion that path exists=False for "/etc/tedge/apama/project" ... passed
15:09:41 INFO  Executed sudo&lt;create_project_dir&gt;, exit status 0
15:09:42 INFO  Executed sudo&lt;unzip_apama_project&gt;, exit status 0
15:09:42 INFO  Executed sudo&lt;move_apama_project&gt;, exit status 0
15:09:43 INFO  Executed sudo&lt;restart_apama_service&gt;, exit status 0
15:09:44 INFO  Executed sudo&lt;apama_correlator_wait&gt;, exit status 0
15:09:44 INFO  Assertion that path exists=True for "/etc/tedge/apama/project" ... passed
15:09:45 INFO  Executed sudo&lt;apama_list_monitors&gt;, exit status 0
15:09:45 INFO  Grep on file /home/pi/actions-runner/_work/thin-edge.io/thin-edge.io/tests/PySys/plugin_apama/apama_plugin_update/Output/linux/apama_list_monitors.out ... passed
15:09:45 WARN  Executed sudo&lt;plugin_install&gt;, exit status 2
15:09:45 INFO  Contents of plugin_install.err: 
  ERROR: Directory not empty (os error 39)
  -----

15:09:45 WARN  sudo&lt;plugin_install&gt; returned non-zero exit code 2 ... blocked [run.py:35]
15:09:45 WARN  Aborted test due to BLOCKED outcome
15:09:45 INFO  
15:09:45 INFO  cleanup:
15:09:45 INFO  Removing apama project
15:10:01 INFO  Executed sudo&lt;stop_apama_service&gt;, exit status 0, duration 15 secs
15:10:01 INFO  Executed sudo&lt;remove_apama_project&gt;, exit status 0
15:10:02 INFO  Executed sudo&lt;remove_apama_tmp_dir&gt;, exit status 0
15:10:02 INFO  
15:10:02 INFO  Test duration: 21.41 secs
15:10:02 INFO  Test final outcome:  BLOCKED
15:10:02 INFO  Test outcome reason: sudo&lt;plugin_install&gt; returned non-zero exit code 2
15:10:02 INFO  
</system-out>
	</testcase>
</testsuite><testsuite name="SoftwareManagement.sm_apt_install_download_path" tests="3" errors="0" failures="2" skipped="1" time="0"><testcase classname="AptInstallWithDownloadPath" name="SoftwareManagement.sm_apt_install_download_path">
		<skipped message="SKIPPED: Testing the apt plugin is not supported on this platform.Use parameter -XmyPlatform='container' to enable it" />
		<system-out>14:20:01 INFO  ==============================================================
14:20:01 INFO  Id:    SoftwareManagement.sm_apt_install_download_path
14:20:01 INFO  Dir:   software_management_end_to_end/
14:20:01 INFO  Title: Install package to directory specified in tedge config set tmp.path
14:20:01 INFO  ==============================================================
14:20:01 INFO  Testing the apt plugin is not supported on this platform.Use parameter -XmyPlatform='container' to enable it ... skipped
14:20:01 WARN  Aborted test due to SKIPPED outcome
14:20:01 INFO  
14:20:01 INFO  Test duration: 0.08 secs
14:20:01 INFO  Test final outcome:  SKIPPED
14:20:01 INFO  Test outcome reason: Testing the apt plugin is not supported on this platform.Use parameter -XmyPlatform='container' to enable it
14:20:01 INFO  
</system-out>
	</testcase>
<testcase classname="AptInstallWithDownloadPath" name="SoftwareManagement.sm_apt_install_download_path">
		<failure message="BLOCKED: AssertionError:" type="BLOCKED" />
		<system-out>14:42:58 INFO  ==============================================================
14:42:58 INFO  Id:    SoftwareManagement.sm_apt_install_download_path
14:42:58 INFO  Dir:   software_management_end_to_end/
14:42:58 INFO  Title: Install package to directory specified in tedge config set tmp.path
14:42:58 INFO  ==============================================================
14:42:58 INFO  Using sw id database: {'asciijump': '5475369', 'robotfindskitten': '5474869', 'squirrel3': '5475279', 'rolldice': '5152439', 'moon-buggy': '5439204', 'apple': '5495053', 'banana': '5494888', 'cherry': '5495382', 'watermelon': '5494510', 'registry': '8018911', 'hello-world': '8021526', 'docker/getting-started': '8021973', 'alpine': '7991792'}
14:42:58 INFO  EnvironmentC8y Setup
14:42:58 INFO  Executed systemctl&lt;serv_mapper1&gt;, exit status 3
14:43:13 INFO  Executed sudo&lt;tedge_connect_c8y&gt;, exit status 0, duration 14 secs
14:43:14 INFO  Executed sudo&lt;tedge_connect_c8y_test&gt;, exit status 0
14:43:15 INFO  Executed systemctl&lt;serv_mosq2&gt;, exit status 0
14:43:16 INFO  Executed systemctl&lt;serv_mapper3&gt;, exit status 0
14:43:18 INFO  State of current operation: SUCCESSFUL
14:43:18 INFO  Assert that (False == value) with value=False ... passed
14:43:19 INFO  Executed sudo, exit status 0
14:43:19 INFO  Executed sudo, exit status 0
14:43:20 INFO  Executed sudo, exit status 0
14:43:24 INFO  Executed sudo&lt;tedge_disconnect_c8y&gt;, exit status 0
14:43:24 INFO  Restarting mosquitto too frequently in the last 10 seconds. It was only up for 3 seconds
14:43:24 INFO  Delaying execution by 8 seconds
14:43:46 INFO  Executed sudo&lt;tedge_connect_c8y&gt;, exit status 0, duration 13 secs
14:43:46 INFO  Response status: 201
14:43:46 INFO  Response to action: {
    "creationTime": "2022-05-03T14:43:46.628Z",
    "deviceName": "m32sd10d",
    "deviceId": "18298586",
    "self": "https://t493319102.eu-latest.cumulocity.com/devicecontrol/operations/18313710",
    "id": "18313710",
    "status": "PENDING",
    "description": "Apply software changes, triggered from PySys: [{'name': 'rolldice', 'id': '5152439', 'version': '::apt', 'url': 'https://thin-edge-io.eu-latest.cumulocity.com/inventory/binaries/12435463', 'action': 'install'}]",
    "c8y_SoftwareUpdate": [
        {
            "name": "rolldice",
            "action": "install",
            "id": "5152439",
            "version": "::apt",
            "url": "https://thin-edge-io.eu-latest.cumulocity.com/inventory/binaries/12435463"
        }
    ]
}
14:43:46 INFO  Started operation: {'creationTime': '2022-05-03T14:43:46.628Z', 'deviceName': 'm32sd10d', 'deviceId': '18298586', 'self': 'https://t493319102.eu-latest.cumulocity.com/devicecontrol/operations/18313710', 'id': '18313710', 'status': 'PENDING', 'description': "Apply software changes, triggered from PySys: [{'name': 'rolldice', 'id': '5152439', 'version': '::apt', 'url': 'https://thin-edge-io.eu-latest.cumulocity.com/inventory/binaries/12435463', 'action': 'install'}]", 'c8y_SoftwareUpdate': [{'name': 'rolldice', 'action': 'install', 'id': '5152439', 'version': '::apt', 'url': 'https://thin-edge-io.eu-latest.cumulocity.com/inventory/binaries/12435463'}]}
14:43:46 WARN  , retrying in 0.5 seconds...
14:43:47 WARN  , retrying in 0.5 seconds...
14:43:47 WARN  , retrying in 0.5 seconds...
14:43:48 WARN  , retrying in 0.5 seconds...
14:43:48 WARN  , retrying in 0.5 seconds...
14:43:49 WARN  , retrying in 0.5 seconds...
14:43:49 WARN  , retrying in 0.5 seconds...
14:43:50 WARN  , retrying in 0.5 seconds...
14:43:50 WARN  , retrying in 0.5 seconds...
14:43:51 WARN  AssertionError occurred while running test - 
Traceback (most recent call last):
  File "/home/pi/env-pysys/lib/python3.7/site-packages/pysys/baserunner.py", line 1294, in __call__
    self.testObj.execute()
  File "/home/pi/actions-runner/_work/thin-edge.io/thin-edge.io/tests/PySys/software_management_end_to_end/sm_apt_install_download_path/run.py", line 83, in execute
    assert_install_in_download_path(install_directory=self.DOWNLOAD_DIR)
  File "/home/pi/env-pysys/lib/python3.7/site-packages/decorator.py", line 232, in fun
    return caller(func, *(extras + args), **kw)
  File "/home/pi/env-pysys/lib/python3.7/site-packages/retry/api.py", line 74, in retry_decorator
    logger)
  File "/home/pi/env-pysys/lib/python3.7/site-packages/retry/api.py", line 33, in __retry_internal
    return f()
  File "/home/pi/actions-runner/_work/thin-edge.io/thin-edge.io/tests/PySys/software_management_end_to_end/sm_apt_install_download_path/run.py", line 28, in assert_install_in_download_path
    assert "rolldice" in os.listdir(f"{install_directory}")
AssertionError
14:43:51 WARN  AssertionError: ... blocked 
14:43:51 INFO  
14:43:51 INFO  cleanup:
14:43:52 INFO  Executed sudo, exit status 0
14:43:53 INFO  Executed sudo, exit status 0
14:43:57 INFO  Executed sudo&lt;tedge_disconnect_c8y&gt;, exit status 0
14:43:57 INFO  Restarting mosquitto too frequently in the last 10 seconds. It was only up for 4 seconds
14:43:57 INFO  Delaying execution by 7 seconds
14:44:18 INFO  Executed sudo&lt;tedge_connect_c8y&gt;, exit status 0, duration 13 secs
14:44:22 INFO  Executed sudo&lt;tedge_disconnect_c8y&gt;, exit status 0
14:44:23 INFO  Executed systemctl&lt;serv_mapper5&gt;, exit status 3
14:44:23 INFO  
14:44:23 INFO  Test duration: 85.02 secs
14:44:23 INFO  Test final outcome:  BLOCKED
14:44:23 INFO  Test outcome reason: AssertionError:
14:44:23 INFO  
</system-out>
	</testcase>
<testcase classname="AptInstallWithDownloadPath" name="SoftwareManagement.sm_apt_install_download_path">
		<failure message="BLOCKED: AssertionError:" type="BLOCKED" />
		<system-out>15:10:02 INFO  ==============================================================
15:10:02 INFO  Id:    SoftwareManagement.sm_apt_install_download_path
15:10:02 INFO  Dir:   software_management_end_to_end/
15:10:02 INFO  Title: Install package to directory specified in tedge config set tmp.path
15:10:02 INFO  ==============================================================
15:10:03 INFO  Using sw id database: {'asciijump': '5475369', 'robotfindskitten': '5474869', 'squirrel3': '5475279', 'rolldice': '5152439', 'moon-buggy': '5439204', 'apple': '5495053', 'banana': '5494888', 'cherry': '5495382', 'watermelon': '5494510', 'registry': '8018911', 'hello-world': '8021526', 'docker/getting-started': '8021973', 'alpine': '7991792'}
15:10:03 INFO  EnvironmentC8y Setup
15:10:04 INFO  Executed systemctl&lt;serv_mapper1&gt;, exit status 3
15:10:18 INFO  Executed sudo&lt;tedge_connect_c8y&gt;, exit status 0, duration 13 secs
15:10:18 INFO  Executed sudo&lt;tedge_connect_c8y_test&gt;, exit status 0
15:10:19 INFO  Executed systemctl&lt;serv_mosq2&gt;, exit status 0
15:10:19 INFO  Executed systemctl&lt;serv_mapper3&gt;, exit status 0
15:10:22 INFO  State of current operation: SUCCESSFUL
15:10:22 INFO  Assert that (False == value) with value=False ... passed
15:10:22 INFO  Executed sudo, exit status 0
15:10:23 INFO  Executed sudo, exit status 0
15:10:24 INFO  Executed sudo, exit status 0
15:10:28 INFO  Executed sudo&lt;tedge_disconnect_c8y&gt;, exit status 0
15:10:28 INFO  Restarting mosquitto too frequently in the last 10 seconds. It was only up for 4 seconds
15:10:28 INFO  Delaying execution by 7 seconds
15:10:48 INFO  Executed sudo&lt;tedge_connect_c8y&gt;, exit status 0, duration 13 secs
15:10:49 INFO  Response status: 201
15:10:49 INFO  Response to action: {
    "creationTime": "2022-05-03T15:10:49.134Z",
    "deviceName": "m32sd10d",
    "deviceId": "18298586",
    "self": "https://t493319102.eu-latest.cumulocity.com/devicecontrol/operations/18313902",
    "id": "18313902",
    "status": "PENDING",
    "description": "Apply software changes, triggered from PySys: [{'name': 'rolldice', 'id': '5152439', 'version': '::apt', 'url': 'https://thin-edge-io.eu-latest.cumulocity.com/inventory/binaries/12435463', 'action': 'install'}]",
    "c8y_SoftwareUpdate": [
        {
            "name": "rolldice",
            "action": "install",
            "id": "5152439",
            "version": "::apt",
            "url": "https://thin-edge-io.eu-latest.cumulocity.com/inventory/binaries/12435463"
        }
    ]
}
15:10:49 INFO  Started operation: {'creationTime': '2022-05-03T15:10:49.134Z', 'deviceName': 'm32sd10d', 'deviceId': '18298586', 'self': 'https://t493319102.eu-latest.cumulocity.com/devicecontrol/operations/18313902', 'id': '18313902', 'status': 'PENDING', 'description': "Apply software changes, triggered from PySys: [{'name': 'rolldice', 'id': '5152439', 'version': '::apt', 'url': 'https://thin-edge-io.eu-latest.cumulocity.com/inventory/binaries/12435463', 'action': 'install'}]", 'c8y_SoftwareUpdate': [{'name': 'rolldice', 'action': 'install', 'id': '5152439', 'version': '::apt', 'url': 'https://thin-edge-io.eu-latest.cumulocity.com/inventory/binaries/12435463'}]}
15:10:49 WARN  , retrying in 0.5 seconds...
15:10:49 WARN  , retrying in 0.5 seconds...
15:10:50 WARN  , retrying in 0.5 seconds...
15:10:50 WARN  , retrying in 0.5 seconds...
15:10:51 WARN  , retrying in 0.5 seconds...
15:10:51 WARN  , retrying in 0.5 seconds...
15:10:52 WARN  , retrying in 0.5 seconds...
15:10:52 WARN  , retrying in 0.5 seconds...
15:10:53 WARN  , retrying in 0.5 seconds...
15:10:53 WARN  AssertionError occurred while running test - 
Traceback (most recent call last):
  File "/home/pi/env-pysys/lib/python3.7/site-packages/pysys/baserunner.py", line 1294, in __call__
    self.testObj.execute()
  File "/home/pi/actions-runner/_work/thin-edge.io/thin-edge.io/tests/PySys/software_management_end_to_end/sm_apt_install_download_path/run.py", line 83, in execute
    assert_install_in_download_path(install_directory=self.DOWNLOAD_DIR)
  File "/home/pi/env-pysys/lib/python3.7/site-packages/decorator.py", line 232, in fun
    return caller(func, *(extras + args), **kw)
  File "/home/pi/env-pysys/lib/python3.7/site-packages/retry/api.py", line 74, in retry_decorator
    logger)
  File "/home/pi/env-pysys/lib/python3.7/site-packages/retry/api.py", line 33, in __retry_internal
    return f()
  File "/home/pi/actions-runner/_work/thin-edge.io/thin-edge.io/tests/PySys/software_management_end_to_end/sm_apt_install_download_path/run.py", line 28, in assert_install_in_download_path
    assert "rolldice" in os.listdir(f"{install_directory}")
AssertionError
15:10:53 WARN  AssertionError: ... blocked 
15:10:53 INFO  
15:10:53 INFO  cleanup:
15:10:54 INFO  Executed sudo, exit status 0
15:10:54 INFO  Executed sudo, exit status 0
15:10:59 INFO  Executed sudo&lt;tedge_disconnect_c8y&gt;, exit status 0
15:10:59 INFO  Restarting mosquitto too frequently in the last 10 seconds. It was only up for 4 seconds
15:10:59 INFO  Delaying execution by 7 seconds
15:11:20 INFO  Executed sudo&lt;tedge_connect_c8y&gt;, exit status 0, duration 13 secs
15:11:25 INFO  Executed sudo&lt;tedge_disconnect_c8y&gt;, exit status 0
15:11:26 INFO  Executed systemctl&lt;serv_mapper5&gt;, exit status 3
15:11:26 INFO  
15:11:26 INFO  Test duration: 83.55 secs
15:11:26 INFO  Test final outcome:  BLOCKED
15:11:26 INFO  Test outcome reason: AssertionError:
15:11:26 INFO  
</system-out>
	</testcase>
</testsuite><testsuite name="SoftwareManagement.sm_apt_install_fail" tests="3" errors="0" failures="0" skipped="1" time="0"><testcase classname="PySysTest" name="SoftwareManagement.sm_apt_install_fail">
		<skipped message="SKIPPED: Testing the apt plugin is not supported on this platform.Use parameter -XmyPlatform='container' to enable it" />
		<system-out>14:20:01 INFO  ==============================================================
14:20:01 INFO  Id:    SoftwareManagement.sm_apt_install_fail
14:20:01 INFO  Dir:   software_management_end_to_end/
14:20:01 INFO  Title: Validate end to end behaviour for a failing installation
14:20:01 INFO  ==============================================================
14:20:01 INFO  Testing the apt plugin is not supported on this platform.Use parameter -XmyPlatform='container' to enable it ... skipped
14:20:01 WARN  Aborted test due to SKIPPED outcome
14:20:01 INFO  
14:20:01 INFO  Test duration: 0.02 secs
14:20:01 INFO  Test final outcome:  SKIPPED
14:20:01 INFO  Test outcome reason: Testing the apt plugin is not supported on this platform.Use parameter -XmyPlatform='container' to enable it
14:20:01 INFO  
</system-out>
	</testcase>
<testcase classname="PySysTest" name="SoftwareManagement.sm_apt_install_fail" />
<testcase classname="PySysTest" name="SoftwareManagement.sm_apt_install_fail" />
</testsuite><testsuite name="SoftwareManagement.sm_apt_install_remove" tests="3" errors="0" failures="0" skipped="1" time="0"><testcase classname="PySysTest" name="SoftwareManagement.sm_apt_install_remove">
		<skipped message="SKIPPED: Testing the apt plugin is not supported on this platform.Use parameter -XmyPlatform='container' to enable it" />
		<system-out>14:20:01 INFO  ==============================================================
14:20:01 INFO  Id:    SoftwareManagement.sm_apt_install_remove
14:20:01 INFO  Dir:   software_management_end_to_end/
14:20:01 INFO  Title: Validate end to end behaviour for the apt plugin for installation and removal of packages
14:20:01 INFO  ==============================================================
14:20:01 INFO  Testing the apt plugin is not supported on this platform.Use parameter -XmyPlatform='container' to enable it ... skipped
14:20:01 WARN  Aborted test due to SKIPPED outcome
14:20:01 INFO  
14:20:01 INFO  Test duration: 0.02 secs
14:20:01 INFO  Test final outcome:  SKIPPED
14:20:01 INFO  Test outcome reason: Testing the apt plugin is not supported on this platform.Use parameter -XmyPlatform='container' to enable it
14:20:01 INFO  
</system-out>
	</testcase>
<testcase classname="PySysTest" name="SoftwareManagement.sm_apt_install_remove" />
<testcase classname="PySysTest" name="SoftwareManagement.sm_apt_install_remove" />
</testsuite><testsuite name="SoftwareManagement.sm_apt_install_remove_default" tests="3" errors="0" failures="0" skipped="1" time="0"><testcase classname="PySysTest" name="SoftwareManagement.sm_apt_install_remove_default">
		<skipped message="SKIPPED: Testing the apt plugin is not supported on this platform.Use parameter -XmyPlatform='container' to enable it" />
		<system-out>14:20:01 INFO  ==============================================================
14:20:01 INFO  Id:    SoftwareManagement.sm_apt_install_remove_default
14:20:01 INFO  Dir:   software_management_end_to_end/
14:20:01 INFO  Title: Validate end to end behaviour for the default plugin for installation and removal of packages
14:20:01 INFO  ==============================================================
14:20:01 INFO  Testing the apt plugin is not supported on this platform.Use parameter -XmyPlatform='container' to enable it ... skipped
14:20:01 WARN  Aborted test due to SKIPPED outcome
14:20:01 INFO  
14:20:01 INFO  Test duration: 0.02 secs
14:20:01 INFO  Test final outcome:  SKIPPED
14:20:01 INFO  Test outcome reason: Testing the apt plugin is not supported on this platform.Use parameter -XmyPlatform='container' to enable it
14:20:01 INFO  
</system-out>
	</testcase>
<testcase classname="PySysTest" name="SoftwareManagement.sm_apt_install_remove_default" />
<testcase classname="PySysTest" name="SoftwareManagement.sm_apt_install_remove_default" />
</testsuite><testsuite name="SoftwareManagement.sm_apt_install_remove_multiple" tests="3" errors="0" failures="2" skipped="1" time="0"><testcase classname="PySysTest" name="SoftwareManagement.sm_apt_install_remove_multiple">
		<skipped message="SKIPPED: Testing the apt plugin is not supported on this platform.Use parameter -XmyPlatform='container' to enable it" />
		<system-out>14:20:01 INFO  ==============================================================
14:20:01 INFO  Id:    SoftwareManagement.sm_apt_install_remove_multiple
14:20:01 INFO  Dir:   software_management_end_to_end/
14:20:01 INFO  Title: Validate end to end behaviour for the apt plugin for multiple packages
14:20:01 INFO  ==============================================================
14:20:01 INFO  Testing the apt plugin is not supported on this platform.Use parameter -XmyPlatform='container' to enable it ... skipped
14:20:01 WARN  Aborted test due to SKIPPED outcome
14:20:01 INFO  
14:20:01 INFO  Test duration: 0.02 secs
14:20:01 INFO  Test final outcome:  SKIPPED
14:20:01 INFO  Test outcome reason: Testing the apt plugin is not supported on this platform.Use parameter -XmyPlatform='container' to enable it
14:20:01 INFO  
</system-out>
	</testcase>
<testcase classname="PySysTest" name="SoftwareManagement.sm_apt_install_remove_multiple">
		<failure message="FAILED: Assert that (False == value) with value=True" type="FAILED" />
		<system-out>14:51:11 INFO  ==============================================================
14:51:11 INFO  Id:    SoftwareManagement.sm_apt_install_remove_multiple
14:51:11 INFO  Dir:   software_management_end_to_end/
14:51:11 INFO  Title: Validate end to end behaviour for the apt plugin for multiple packages
14:51:11 INFO  ==============================================================
14:51:11 INFO  Using sw id database: {'asciijump': '5475369', 'robotfindskitten': '5474869', 'squirrel3': '5475279', 'rolldice': '5152439', 'moon-buggy': '5439204', 'apple': '5495053', 'banana': '5494888', 'cherry': '5495382', 'watermelon': '5494510', 'registry': '8018911', 'hello-world': '8021526', 'docker/getting-started': '8021973', 'alpine': '7991792'}
14:51:11 INFO  EnvironmentC8y Setup
14:51:11 INFO  Executed systemctl&lt;serv_mapper1&gt;, exit status 3
14:51:11 INFO  Restarting mosquitto too frequently in the last 10 seconds. It was only up for 4 seconds
14:51:11 INFO  Delaying execution by 7 seconds
14:51:32 INFO  Executed sudo&lt;tedge_connect_c8y&gt;, exit status 0, duration 13 secs
14:51:33 INFO  Executed sudo&lt;tedge_connect_c8y_test&gt;, exit status 0
14:51:33 INFO  Executed systemctl&lt;serv_mosq2&gt;, exit status 0
14:51:34 INFO  Executed systemctl&lt;serv_mapper3&gt;, exit status 0
14:51:36 INFO  State of current operation: SUCCESSFUL
14:51:36 INFO  Assert that (False == value) with value=False ... passed
14:51:37 INFO  Assert that (False == value) with value=False ... passed
14:51:37 INFO  Assert that (False == value) with value=False ... passed
14:51:37 INFO  Package robotfindskitten is installed
14:51:37 WARN  Assert that (False == value) with value=True ... failed 
14:51:37 INFO  Response status: 201
14:51:37 INFO  Response to action: {
    "creationTime": "2022-05-03T14:51:37.942Z",
    "deviceName": "m32sd10d",
    "deviceId": "18298586",
    "self": "https://t493319102.eu-latest.cumulocity.com/devicecontrol/operations/18313778",
    "id": "18313778",
    "status": "PENDING",
    "description": "Apply software changes, triggered from PySys: [{'action': 'install', 'id': '5475369', 'name': 'asciijump', 'url': ' ', 'version': '::apt'}, {'action': 'install', 'id': '5474869', 'name': 'robotfindskitten', 'url': ' ', 'version': '::apt'}, {'action': 'install', 'id': '5475279', 'name': 'squirrel3', 'url': ' ', 'version': '::apt'}]",
    "c8y_SoftwareUpdate": [
        {
            "name": "asciijump",
            "action": "install",
            "id": "5475369",
            "version": "::apt",
            "url": " "
        },
        {
            "name": "robotfindskitten",
            "action": "install",
            "id": "5474869",
            "version": "::apt",
            "url": " "
        },
        {
            "name": "squirrel3",
            "action": "install",
            "id": "5475279",
            "version": "::apt",
            "url": " "
        }
    ]
}
14:51:37 INFO  Started operation: {'creationTime': '2022-05-03T14:51:37.942Z', 'deviceName': 'm32sd10d', 'deviceId': '18298586', 'self': 'https://t493319102.eu-latest.cumulocity.com/devicecontrol/operations/18313778', 'id': '18313778', 'status': 'PENDING', 'description': "Apply software changes, triggered from PySys: [{'action': 'install', 'id': '5475369', 'name': 'asciijump', 'url': ' ', 'version': '::apt'}, {'action': 'install', 'id': '5474869', 'name': 'robotfindskitten', 'url': ' ', 'version': '::apt'}, {'action': 'install', 'id': '5475279', 'name': 'squirrel3', 'url': ' ', 'version': '::apt'}]", 'c8y_SoftwareUpdate': [{'name': 'asciijump', 'action': 'install', 'id': '5475369', 'version': '::apt', 'url': ' '}, {'name': 'robotfindskitten', 'action': 'install', 'id': '5474869', 'version': '::apt', 'url': ' '}, {'name': 'squirrel3', 'action': 'install', 'id': '5475279', 'version': '::apt', 'url': ' '}]}
14:51:40 INFO  State of operation 18313778 : PENDING
14:51:42 INFO  State of operation 18313778 : EXECUTING
14:51:44 INFO  State of operation 18313778 : EXECUTING
14:51:46 INFO  State of operation 18313778 : EXECUTING
14:51:49 INFO  State of operation 18313778 : EXECUTING
14:51:51 INFO  State of operation 18313778 : EXECUTING
14:51:54 INFO  State of operation 18313778 : EXECUTING
14:51:56 INFO  State of operation 18313778 : EXECUTING
14:51:59 INFO  State of operation 18313778 : EXECUTING
14:52:01 INFO  State of operation 18313778 : EXECUTING
14:52:03 INFO  State of operation 18313778 : EXECUTING
14:52:05 INFO  State of operation 18313778 : EXECUTING
14:52:08 INFO  State of operation 18313778 : EXECUTING
14:52:10 INFO  State of operation 18313778 : EXECUTING
14:52:12 INFO  State of operation 18313778 : EXECUTING
14:52:14 INFO  State of operation 18313778 : EXECUTING
14:52:17 INFO  State of operation 18313778 : EXECUTING
14:52:19 INFO  State of operation 18313778 : EXECUTING
14:52:22 INFO  State of operation 18313778 : EXECUTING
14:52:24 INFO  State of operation 18313778 : EXECUTING
14:52:26 INFO  State of operation 18313778 : EXECUTING
14:52:29 INFO  State of operation 18313778 : EXECUTING
14:52:31 INFO  State of operation 18313778 : EXECUTING
14:52:34 INFO  State of operation 18313778 : EXECUTING
14:52:36 INFO  State of operation 18313778 : EXECUTING
14:52:39 INFO  State of operation 18313778 : EXECUTING
14:52:41 INFO  State of operation 18313778 : EXECUTING
14:52:43 INFO  State of operation 18313778 : EXECUTING
14:52:46 INFO  State of operation 18313778 : EXECUTING
14:52:48 INFO  State of operation 18313778 : EXECUTING
14:52:50 INFO  State of operation 18313778 : EXECUTING
14:52:52 INFO  State of operation 18313778 : EXECUTING
14:52:55 INFO  State of operation 18313778 : EXECUTING
14:52:57 INFO  State of operation 18313778 : SUCCESSFUL
14:52:57 INFO  Assert that (False == value) with value=False ... passed
14:52:57 INFO  Package asciijump is installed
14:52:57 INFO  Assert that (True == value) with value=True ... passed
14:52:58 INFO  Package squirrel3 is installed
14:52:58 INFO  Assert that (True == value) with value=True ... passed
14:52:58 INFO  Package robotfindskitten is installed
14:52:58 INFO  Assert that (True == value) with value=True ... passed
14:52:58 INFO  Response status: 201
14:52:58 INFO  Response to action: {
    "creationTime": "2022-05-03T14:52:58.465Z",
    "deviceName": "m32sd10d",
    "deviceId": "18298586",
    "self": "https://t493319102.eu-latest.cumulocity.com/devicecontrol/operations/18313789",
    "id": "18313789",
    "status": "PENDING",
    "description": "Apply software changes, triggered from PySys: [{'action': 'delete', 'id': '5475369', 'name': 'asciijump', 'url': ' ', 'version': '::apt'}, {'action': 'delete', 'id': '5474869', 'name': 'robotfindskitten', 'url': ' ', 'version': '::apt'}, {'action': 'delete', 'id': '5475279', 'name': 'squirrel3', 'url': ' ', 'version': '::apt'}]",
    "c8y_SoftwareUpdate": [
        {
            "name": "asciijump",
            "action": "delete",
            "id": "5475369",
            "version": "::apt",
            "url": " "
        },
        {
            "name": "robotfindskitten",
            "action": "delete",
            "id": "5474869",
            "version": "::apt",
            "url": " "
        },
        {
            "name": "squirrel3",
            "action": "delete",
            "id": "5475279",
            "version": "::apt",
            "url": " "
        }
    ]
}
14:52:58 INFO  Started operation: {'creationTime': '2022-05-03T14:52:58.465Z', 'deviceName': 'm32sd10d', 'deviceId': '18298586', 'self': 'https://t493319102.eu-latest.cumulocity.com/devicecontrol/operations/18313789', 'id': '18313789', 'status': 'PENDING', 'description': "Apply software changes, triggered from PySys: [{'action': 'delete', 'id': '5475369', 'name': 'asciijump', 'url': ' ', 'version': '::apt'}, {'action': 'delete', 'id': '5474869', 'name': 'robotfindskitten', 'url': ' ', 'version': '::apt'}, {'action': 'delete', 'id': '5475279', 'name': 'squirrel3', 'url': ' ', 'version': '::apt'}]", 'c8y_SoftwareUpdate': [{'name': 'asciijump', 'action': 'delete', 'id': '5475369', 'version': '::apt', 'url': ' '}, {'name': 'robotfindskitten', 'action': 'delete', 'id': '5474869', 'version': '::apt', 'url': ' '}, {'name': 'squirrel3', 'action': 'delete', 'id': '5475279', 'version': '::apt', 'url': ' '}]}
14:53:00 INFO  State of operation 18313789 : PENDING
14:53:02 INFO  State of operation 18313789 : EXECUTING
14:53:05 INFO  State of operation 18313789 : EXECUTING
14:53:07 INFO  State of operation 18313789 : EXECUTING
14:53:09 INFO  State of operation 18313789 : EXECUTING
14:53:17 INFO  State of operation 18313789 : EXECUTING
14:53:19 INFO  State of operation 18313789 : EXECUTING
14:53:21 INFO  State of operation 18313789 : EXECUTING
14:53:24 INFO  State of operation 18313789 : EXECUTING
14:53:26 INFO  State of operation 18313789 : EXECUTING
14:53:28 INFO  State of operation 18313789 : EXECUTING
14:53:30 INFO  State of operation 18313789 : EXECUTING
14:53:33 INFO  State of operation 18313789 : EXECUTING
14:53:35 INFO  State of operation 18313789 : EXECUTING
14:53:37 INFO  State of operation 18313789 : EXECUTING
14:53:40 INFO  State of operation 18313789 : EXECUTING
14:53:43 INFO  State of operation 18313789 : EXECUTING
14:53:45 INFO  State of operation 18313789 : EXECUTING
14:53:47 INFO  State of operation 18313789 : EXECUTING
14:53:49 INFO  State of operation 18313789 : EXECUTING
14:53:52 INFO  State of operation 18313789 : EXECUTING
14:53:54 INFO  State of operation 18313789 : EXECUTING
14:53:57 INFO  State of operation 18313789 : EXECUTING
14:53:59 INFO  State of operation 18313789 : EXECUTING
14:54:01 INFO  State of operation 18313789 : EXECUTING
14:54:03 INFO  State of operation 18313789 : SUCCESSFUL
14:54:03 INFO  Assert that (False == value) with value=False ... passed
14:54:04 INFO  Assert that (False == value) with value=False ... passed
14:54:04 INFO  Assert that (False == value) with value=False ... passed
14:54:04 INFO  Assert that (False == value) with value=False ... passed
14:54:04 INFO  
14:54:04 INFO  cleanup:
14:54:08 INFO  Executed sudo&lt;tedge_disconnect_c8y&gt;, exit status 0
14:54:09 INFO  Executed systemctl&lt;serv_mapper5&gt;, exit status 3
14:54:09 INFO  
14:54:09 INFO  Test duration: 178.03 secs
14:54:09 INFO  Test final outcome:  FAILED
14:54:09 INFO  Test outcome reason: Assert that (False == value) with value=True
14:54:09 INFO  
</system-out>
	</testcase>
<testcase classname="PySysTest" name="SoftwareManagement.sm_apt_install_remove_multiple">
		<failure message="FAILED: Assert that (False == value) with value=True (+2 other failures)" type="FAILED" />
		<system-out>15:18:00 INFO  ==============================================================
15:18:00 INFO  Id:    SoftwareManagement.sm_apt_install_remove_multiple
15:18:00 INFO  Dir:   software_management_end_to_end/
15:18:00 INFO  Title: Validate end to end behaviour for the apt plugin for multiple packages
15:18:00 INFO  ==============================================================
15:18:00 INFO  Using sw id database: {'asciijump': '5475369', 'robotfindskitten': '5474869', 'squirrel3': '5475279', 'rolldice': '5152439', 'moon-buggy': '5439204', 'apple': '5495053', 'banana': '5494888', 'cherry': '5495382', 'watermelon': '5494510', 'registry': '8018911', 'hello-world': '8021526', 'docker/getting-started': '8021973', 'alpine': '7991792'}
15:18:00 INFO  EnvironmentC8y Setup
15:18:00 INFO  Executed systemctl&lt;serv_mapper1&gt;, exit status 3
15:18:00 INFO  Restarting mosquitto too frequently in the last 10 seconds. It was only up for 4 seconds
15:18:00 INFO  Delaying execution by 7 seconds
15:18:21 INFO  Executed sudo&lt;tedge_connect_c8y&gt;, exit status 0, duration 13 secs
15:18:22 INFO  Executed sudo&lt;tedge_connect_c8y_test&gt;, exit status 0
15:18:22 INFO  Executed systemctl&lt;serv_mosq2&gt;, exit status 0
15:18:23 INFO  Executed systemctl&lt;serv_mapper3&gt;, exit status 0
15:18:25 INFO  State of current operation: SUCCESSFUL
15:18:25 INFO  Assert that (False == value) with value=False ... passed
15:18:25 INFO  Package asciijump is installed
15:18:26 WARN  Assert that (False == value) with value=True ... failed 
15:18:26 INFO  Package squirrel3 is installed
15:18:26 WARN  Assert that (False == value) with value=True ... failed 
15:18:26 INFO  Package robotfindskitten is installed
15:18:26 WARN  Assert that (False == value) with value=True ... failed 
15:18:27 INFO  Response status: 201
15:18:27 INFO  Response to action: {
    "creationTime": "2022-05-03T15:18:26.968Z",
    "deviceName": "m32sd10d",
    "deviceId": "18298586",
    "self": "https://t493319102.eu-latest.cumulocity.com/devicecontrol/operations/18313942",
    "id": "18313942",
    "status": "PENDING",
    "description": "Apply software changes, triggered from PySys: [{'action': 'install', 'id': '5475369', 'name': 'asciijump', 'url': ' ', 'version': '::apt'}, {'action': 'install', 'id': '5474869', 'name': 'robotfindskitten', 'url': ' ', 'version': '::apt'}, {'action': 'install', 'id': '5475279', 'name': 'squirrel3', 'url': ' ', 'version': '::apt'}]",
    "c8y_SoftwareUpdate": [
        {
            "name": "asciijump",
            "action": "install",
            "id": "5475369",
            "version": "::apt",
            "url": " "
        },
        {
            "name": "robotfindskitten",
            "action": "install",
            "id": "5474869",
            "version": "::apt",
            "url": " "
        },
        {
            "name": "squirrel3",
            "action": "install",
            "id": "5475279",
            "version": "::apt",
            "url": " "
        }
    ]
}
15:18:27 INFO  Started operation: {'creationTime': '2022-05-03T15:18:26.968Z', 'deviceName': 'm32sd10d', 'deviceId': '18298586', 'self': 'https://t493319102.eu-latest.cumulocity.com/devicecontrol/operations/18313942', 'id': '18313942', 'status': 'PENDING', 'description': "Apply software changes, triggered from PySys: [{'action': 'install', 'id': '5475369', 'name': 'asciijump', 'url': ' ', 'version': '::apt'}, {'action': 'install', 'id': '5474869', 'name': 'robotfindskitten', 'url': ' ', 'version': '::apt'}, {'action': 'install', 'id': '5475279', 'name': 'squirrel3', 'url': ' ', 'version': '::apt'}]", 'c8y_SoftwareUpdate': [{'name': 'asciijump', 'action': 'install', 'id': '5475369', 'version': '::apt', 'url': ' '}, {'name': 'robotfindskitten', 'action': 'install', 'id': '5474869', 'version': '::apt', 'url': ' '}, {'name': 'squirrel3', 'action': 'install', 'id': '5475279', 'version': '::apt', 'url': ' '}]}
15:18:29 INFO  State of operation 18313942 : PENDING
15:18:31 INFO  State of operation 18313942 : EXECUTING
15:18:33 INFO  State of operation 18313942 : EXECUTING
15:18:35 INFO  State of operation 18313942 : EXECUTING
15:18:38 INFO  State of operation 18313942 : EXECUTING
15:18:40 INFO  State of operation 18313942 : EXECUTING
15:18:43 INFO  State of operation 18313942 : EXECUTING
15:18:45 INFO  State of operation 18313942 : EXECUTING
15:18:48 INFO  State of operation 18313942 : EXECUTING
15:18:50 INFO  State of operation 18313942 : EXECUTING
15:18:52 INFO  State of operation 18313942 : EXECUTING
15:18:55 INFO  State of operation 18313942 : EXECUTING
15:18:57 INFO  State of operation 18313942 : EXECUTING
15:18:59 INFO  State of operation 18313942 : EXECUTING
15:19:01 INFO  State of operation 18313942 : EXECUTING
15:19:04 INFO  State of operation 18313942 : SUCCESSFUL
15:19:04 INFO  Assert that (False == value) with value=False ... passed
15:19:04 INFO  Package asciijump is installed
15:19:04 INFO  Assert that (True == value) with value=True ... passed
15:19:04 INFO  Package squirrel3 is installed
15:19:04 INFO  Assert that (True == value) with value=True ... passed
15:19:04 INFO  Package robotfindskitten is installed
15:19:05 INFO  Assert that (True == value) with value=True ... passed
15:19:05 INFO  Response status: 201
15:19:05 INFO  Response to action: {
    "creationTime": "2022-05-03T15:19:05.177Z",
    "deviceName": "m32sd10d",
    "deviceId": "18298586",
    "self": "https://t493319102.eu-latest.cumulocity.com/devicecontrol/operations/18313949",
    "id": "18313949",
    "status": "PENDING",
    "description": "Apply software changes, triggered from PySys: [{'action': 'delete', 'id': '5475369', 'name': 'asciijump', 'url': ' ', 'version': '::apt'}, {'action': 'delete', 'id': '5474869', 'name': 'robotfindskitten', 'url': ' ', 'version': '::apt'}, {'action': 'delete', 'id': '5475279', 'name': 'squirrel3', 'url': ' ', 'version': '::apt'}]",
    "c8y_SoftwareUpdate": [
        {
            "name": "asciijump",
            "action": "delete",
            "id": "5475369",
            "version": "::apt",
            "url": " "
        },
        {
            "name": "robotfindskitten",
            "action": "delete",
            "id": "5474869",
            "version": "::apt",
            "url": " "
        },
        {
            "name": "squirrel3",
            "action": "delete",
            "id": "5475279",
            "version": "::apt",
            "url": " "
        }
    ]
}
15:19:05 INFO  Started operation: {'creationTime': '2022-05-03T15:19:05.177Z', 'deviceName': 'm32sd10d', 'deviceId': '18298586', 'self': 'https://t493319102.eu-latest.cumulocity.com/devicecontrol/operations/18313949', 'id': '18313949', 'status': 'PENDING', 'description': "Apply software changes, triggered from PySys: [{'action': 'delete', 'id': '5475369', 'name': 'asciijump', 'url': ' ', 'version': '::apt'}, {'action': 'delete', 'id': '5474869', 'name': 'robotfindskitten', 'url': ' ', 'version': '::apt'}, {'action': 'delete', 'id': '5475279', 'name': 'squirrel3', 'url': ' ', 'version': '::apt'}]", 'c8y_SoftwareUpdate': [{'name': 'asciijump', 'action': 'delete', 'id': '5475369', 'version': '::apt', 'url': ' '}, {'name': 'robotfindskitten', 'action': 'delete', 'id': '5474869', 'version': '::apt', 'url': ' '}, {'name': 'squirrel3', 'action': 'delete', 'id': '5475279', 'version': '::apt', 'url': ' '}]}
15:19:07 INFO  State of operation 18313949 : PENDING
15:19:09 INFO  State of operation 18313949 : EXECUTING
15:19:11 INFO  State of operation 18313949 : EXECUTING
15:19:14 INFO  State of operation 18313949 : EXECUTING
15:19:16 INFO  State of operation 18313949 : EXECUTING
15:19:18 INFO  State of operation 18313949 : EXECUTING
15:19:21 INFO  State of operation 18313949 : EXECUTING
15:19:24 INFO  State of operation 18313949 : EXECUTING
15:19:26 INFO  State of operation 18313949 : EXECUTING
15:19:28 INFO  State of operation 18313949 : EXECUTING
15:19:30 INFO  State of operation 18313949 : EXECUTING
15:19:33 INFO  State of operation 18313949 : EXECUTING
15:19:35 INFO  State of operation 18313949 : EXECUTING
15:19:37 INFO  State of operation 18313949 : EXECUTING
15:19:39 INFO  State of operation 18313949 : EXECUTING
15:19:42 INFO  State of operation 18313949 : EXECUTING
15:19:44 INFO  State of operation 18313949 : EXECUTING
15:19:46 INFO  State of operation 18313949 : EXECUTING
15:19:49 INFO  State of operation 18313949 : EXECUTING
15:19:51 INFO  State of operation 18313949 : EXECUTING
15:19:54 INFO  State of operation 18313949 : EXECUTING
15:19:56 INFO  State of operation 18313949 : EXECUTING
15:19:58 INFO  State of operation 18313949 : EXECUTING
15:20:00 INFO  State of operation 18313949 : EXECUTING
15:20:02 INFO  State of operation 18313949 : EXECUTING
15:20:05 INFO  State of operation 18313949 : EXECUTING
15:20:07 INFO  State of operation 18313949 : EXECUTING
15:20:10 INFO  State of operation 18313949 : EXECUTING
15:20:12 INFO  State of operation 18313949 : EXECUTING
15:20:14 INFO  State of operation 18313949 : SUCCESSFUL
15:20:14 INFO  Assert that (False == value) with value=False ... passed
15:20:15 INFO  Assert that (False == value) with value=False ... passed
15:20:15 INFO  Assert that (False == value) with value=False ... passed
15:20:15 INFO  Assert that (False == value) with value=False ... passed
15:20:15 INFO  
15:20:15 INFO  cleanup:
15:20:19 INFO  Executed sudo&lt;tedge_disconnect_c8y&gt;, exit status 0
15:20:20 INFO  Executed systemctl&lt;serv_mapper5&gt;, exit status 3
15:20:20 INFO  
15:20:20 INFO  Test duration: 140.10 secs
15:20:20 INFO  Test final outcome:  FAILED
15:20:20 INFO  Test outcome reason: Assert that (False == value) with value=True (+2 other failures)
15:20:20 INFO  
</system-out>
	</testcase>
</testsuite><testsuite name="SoftwareManagement.sm_apt_install_remove_multiple_mixed" tests="3" errors="0" failures="2" skipped="1" time="0"><testcase classname="PySysTest" name="SoftwareManagement.sm_apt_install_remove_multiple_mixed">
		<skipped message="SKIPPED: Testing the apt plugin is not supported on this platform.Use parameter -XmyPlatform='container' to enable it" />
		<system-out>14:20:01 INFO  ==============================================================
14:20:01 INFO  Id:    SoftwareManagement.sm_apt_install_remove_multiple_mixed
14:20:01 INFO  Dir:   software_management_end_to_end/
14:20:01 INFO  Title: Validate end to end behaviour for the apt plugin for multiple packages with mixed versions
14:20:01 INFO  ==============================================================
14:20:01 INFO  Testing the apt plugin is not supported on this platform.Use parameter -XmyPlatform='container' to enable it ... skipped
14:20:01 WARN  Aborted test due to SKIPPED outcome
14:20:01 INFO  
14:20:01 INFO  Test duration: 0.02 secs
14:20:01 INFO  Test final outcome:  SKIPPED
14:20:01 INFO  Test outcome reason: Testing the apt plugin is not supported on this platform.Use parameter -XmyPlatform='container' to enable it
14:20:01 INFO  
</system-out>
	</testcase>
<testcase classname="PySysTest" name="SoftwareManagement.sm_apt_install_remove_multiple_mixed">
		<failure message="BLOCKED: SystemError: Timeout while waiting for status SUCCESSFUL or False" type="BLOCKED" />
		<system-out>14:54:09 INFO  ==============================================================
14:54:09 INFO  Id:    SoftwareManagement.sm_apt_install_remove_multiple_mixed
14:54:09 INFO  Dir:   software_management_end_to_end/
14:54:09 INFO  Title: Validate end to end behaviour for the apt plugin for multiple packages with mixed versions
14:54:09 INFO  ==============================================================
14:54:09 INFO  Using sw id database: {'asciijump': '5475369', 'robotfindskitten': '5474869', 'squirrel3': '5475279', 'rolldice': '5152439', 'moon-buggy': '5439204', 'apple': '5495053', 'banana': '5494888', 'cherry': '5495382', 'watermelon': '5494510', 'registry': '8018911', 'hello-world': '8021526', 'docker/getting-started': '8021973', 'alpine': '7991792'}
14:54:09 INFO  EnvironmentC8y Setup
14:54:09 INFO  Executed systemctl&lt;serv_mapper1&gt;, exit status 3
14:54:10 INFO  Restarting mosquitto too frequently in the last 10 seconds. It was only up for 4 seconds
14:54:10 INFO  Delaying execution by 7 seconds
14:54:30 INFO  Executed sudo&lt;tedge_connect_c8y&gt;, exit status 0, duration 13 secs
14:54:31 INFO  Executed sudo&lt;tedge_connect_c8y_test&gt;, exit status 0
14:54:31 INFO  Executed systemctl&lt;serv_mosq2&gt;, exit status 0
14:54:32 INFO  Executed systemctl&lt;serv_mapper3&gt;, exit status 0
14:54:34 INFO  State of current operation: SUCCESSFUL
14:54:34 INFO  Assert that (False == value) with value=False ... passed
14:54:34 INFO  Assert that (False == value) with value=False ... passed
14:54:35 INFO  Assert that (False == value) with value=False ... passed
14:54:35 INFO  Assert that (False == value) with value=False ... passed
14:54:35 INFO  Assert that (False == value) with value=False ... passed
14:54:37 INFO  Response status: 201
14:54:37 INFO  Response to action: {
    "creationTime": "2022-05-03T14:54:37.063Z",
    "deviceName": "m32sd10d",
    "deviceId": "18298586",
    "self": "https://t493319102.eu-latest.cumulocity.com/devicecontrol/operations/18313802",
    "id": "18313802",
    "status": "PENDING",
    "description": "Apply software changes, triggered from PySys: [{'action': 'install', 'id': '5475369', 'name': 'asciijump', 'url': ' ', 'version': '::apt'}, {'action': 'install', 'id': '5474869', 'name': 'robotfindskitten', 'url': ' ', 'version': ' '}, {'action': 'install', 'id': '5475279', 'name': 'squirrel3', 'url': ' ', 'version': '3.1-7::apt'}, {'action': 'install', 'id': '5152439', 'name': 'rolldice', 'url': ' ', 'version': '1.16-1+b1'}, {'action': 'install', 'id': '5439204', 'name': 'moon-buggy', 'url': ' ', 'version': '1:1.0.51-12'}, {'action': 'install', 'id': '5475369', 'name': 'asciijump', 'url': ' ', 'version': '::apt'}]",
    "c8y_SoftwareUpdate": [
        {
            "name": "asciijump",
            "action": "install",
            "id": "5475369",
            "version": "::apt",
            "url": " "
        },
        {
            "name": "robotfindskitten",
            "action": "install",
            "id": "5474869",
            "version": " ",
            "url": " "
        },
        {
            "name": "squirrel3",
            "action": "install",
            "id": "5475279",
            "version": "3.1-7::apt",
            "url": " "
        },
        {
            "name": "rolldice",
            "action": "install",
            "id": "5152439",
            "version": "1.16-1+b1",
            "url": " "
        },
        {
            "name": "moon-buggy",
            "action": "install",
            "id": "5439204",
            "version": "1:1.0.51-12",
            "url": " "
        },
        {
            "name": "asciijump",
            "action": "install",
            "id": "5475369",
            "version": "::apt",
            "url": " "
        }
    ]
}
14:54:37 INFO  Started operation: {'creationTime': '2022-05-03T14:54:37.063Z', 'deviceName': 'm32sd10d', 'deviceId': '18298586', 'self': 'https://t493319102.eu-latest.cumulocity.com/devicecontrol/operations/18313802', 'id': '18313802', 'status': 'PENDING', 'description': "Apply software changes, triggered from PySys: [{'action': 'install', 'id': '5475369', 'name': 'asciijump', 'url': ' ', 'version': '::apt'}, {'action': 'install', 'id': '5474869', 'name': 'robotfindskitten', 'url': ' ', 'version': ' '}, {'action': 'install', 'id': '5475279', 'name': 'squirrel3', 'url': ' ', 'version': '3.1-7::apt'}, {'action': 'install', 'id': '5152439', 'name': 'rolldice', 'url': ' ', 'version': '1.16-1+b1'}, {'action': 'install', 'id': '5439204', 'name': 'moon-buggy', 'url': ' ', 'version': '1:1.0.51-12'}, {'action': 'install', 'id': '5475369', 'name': 'asciijump', 'url': ' ', 'version': '::apt'}]", 'c8y_SoftwareUpdate': [{'name': 'asciijump', 'action': 'install', 'id': '5475369', 'version': '::apt', 'url': ' '}, {'name': 'robotfindskitten', 'action': 'install', 'id': '5474869', 'version': ' ', 'url': ' '}, {'name': 'squirrel3', 'action': 'install', 'id': '5475279', 'version': '3.1-7::apt', 'url': ' '}, {'name': 'rolldice', 'action': 'install', 'id': '5152439', 'version': '1.16-1+b1', 'url': ' '}, {'name': 'moon-buggy', 'action': 'install', 'id': '5439204', 'version': '1:1.0.51-12', 'url': ' '}, {'name': 'asciijump', 'action': 'install', 'id': '5475369', 'version': '::apt', 'url': ' '}]}
14:54:39 INFO  State of operation 18313802 : PENDING
14:54:41 INFO  State of operation 18313802 : EXECUTING
14:54:43 INFO  State of operation 18313802 : EXECUTING
14:54:45 INFO  State of operation 18313802 : EXECUTING
14:54:48 INFO  State of operation 18313802 : EXECUTING
14:54:50 INFO  State of operation 18313802 : EXECUTING
14:54:53 INFO  State of operation 18313802 : EXECUTING
14:54:56 INFO  State of operation 18313802 : EXECUTING
14:54:58 INFO  State of operation 18313802 : EXECUTING
14:55:00 INFO  State of operation 18313802 : EXECUTING
14:55:03 INFO  State of operation 18313802 : EXECUTING
14:55:05 INFO  State of operation 18313802 : EXECUTING
14:55:07 INFO  State of operation 18313802 : EXECUTING
14:55:09 INFO  State of operation 18313802 : EXECUTING
14:55:12 INFO  State of operation 18313802 : EXECUTING
14:55:14 INFO  State of operation 18313802 : EXECUTING
14:55:16 INFO  State of operation 18313802 : EXECUTING
14:55:19 INFO  State of operation 18313802 : EXECUTING
14:55:21 INFO  State of operation 18313802 : EXECUTING
14:55:24 INFO  State of operation 18313802 : EXECUTING
14:55:26 INFO  State of operation 18313802 : EXECUTING
14:55:29 INFO  State of operation 18313802 : EXECUTING
14:55:31 INFO  State of operation 18313802 : EXECUTING
14:55:34 INFO  State of operation 18313802 : EXECUTING
14:55:36 INFO  State of operation 18313802 : EXECUTING
14:55:39 INFO  State of operation 18313802 : EXECUTING
14:55:41 INFO  State of operation 18313802 : EXECUTING
14:55:44 INFO  State of operation 18313802 : EXECUTING
14:55:46 INFO  State of operation 18313802 : EXECUTING
14:55:48 INFO  State of operation 18313802 : EXECUTING
14:55:51 INFO  State of operation 18313802 : EXECUTING
14:55:53 INFO  State of operation 18313802 : EXECUTING
14:55:55 INFO  State of operation 18313802 : EXECUTING
14:55:57 INFO  State of operation 18313802 : EXECUTING
14:55:59 INFO  State of operation 18313802 : EXECUTING
14:56:02 INFO  State of operation 18313802 : EXECUTING
14:56:04 INFO  State of operation 18313802 : EXECUTING
14:56:07 INFO  State of operation 18313802 : EXECUTING
14:56:10 INFO  State of operation 18313802 : EXECUTING
14:56:12 INFO  State of operation 18313802 : EXECUTING
14:56:14 INFO  State of operation 18313802 : EXECUTING
14:56:16 INFO  State of operation 18313802 : EXECUTING
14:56:19 INFO  State of operation 18313802 : EXECUTING
14:56:21 INFO  State of operation 18313802 : EXECUTING
14:56:23 INFO  State of operation 18313802 : EXECUTING
14:56:25 INFO  State of operation 18313802 : EXECUTING
14:56:28 INFO  State of operation 18313802 : EXECUTING
14:56:30 INFO  State of operation 18313802 : EXECUTING
14:56:33 INFO  State of operation 18313802 : EXECUTING
14:56:35 INFO  State of operation 18313802 : EXECUTING
14:56:37 INFO  State of operation 18313802 : EXECUTING
14:56:40 INFO  State of operation 18313802 : EXECUTING
14:56:43 INFO  State of operation 18313802 : EXECUTING
14:56:45 INFO  State of operation 18313802 : EXECUTING
14:56:48 INFO  State of operation 18313802 : EXECUTING
14:56:50 INFO  State of operation 18313802 : EXECUTING
14:56:53 INFO  State of operation 18313802 : EXECUTING
14:56:55 INFO  State of operation 18313802 : EXECUTING
14:56:58 INFO  State of operation 18313802 : EXECUTING
14:57:00 INFO  State of operation 18313802 : EXECUTING
14:57:02 INFO  State of operation 18313802 : EXECUTING
14:57:04 WARN  SystemError occurred while running test - Timeout while waiting for status SUCCESSFUL or False
Traceback (most recent call last):
  File "/home/pi/env-pysys/lib/python3.7/site-packages/pysys/baserunner.py", line 1294, in __call__
    self.testObj.execute()
  File "/home/pi/actions-runner/_work/thin-edge.io/thin-edge.io/tests/PySys/software_management_end_to_end/sm_apt_install_remove_multiple_mixed/run.py", line 89, in execute
    self.wait_until_succcess()
  File "/home/pi/actions-runner/_work/thin-edge.io/thin-edge.io/tests/PySys/software_management_end_to_end/environment_sm_management.py", line 324, in wait_until_succcess
    self.wait_until_status("SUCCESSFUL")
  File "/home/pi/actions-runner/_work/thin-edge.io/thin-edge.io/tests/PySys/software_management_end_to_end/environment_sm_management.py", line 381, in wait_until_status
    "Timeout while waiting for status %s or %s" % (status, status2)
SystemError: Timeout while waiting for status SUCCESSFUL or False
14:57:04 WARN  SystemError: Timeout while waiting for status SUCCESSFUL or False ... blocked 
14:57:04 INFO  
14:57:04 INFO  cleanup:
14:57:09 INFO  Executed sudo&lt;tedge_disconnect_c8y&gt;, exit status 0
14:57:09 INFO  Executed systemctl&lt;serv_mapper5&gt;, exit status 3
14:57:09 INFO  
14:57:09 INFO  Test duration: 180.33 secs
14:57:09 INFO  Test final outcome:  BLOCKED
14:57:09 INFO  Test outcome reason: SystemError: Timeout while waiting for status SUCCESSFUL or False
14:57:09 INFO  
</system-out>
	</testcase>
<testcase classname="PySysTest" name="SoftwareManagement.sm_apt_install_remove_multiple_mixed">
		<failure message="BLOCKED: SystemError: Timeout while waiting for status SUCCESSFUL or False (+1 other failures)" type="BLOCKED" />
		<system-out>15:20:20 INFO  ==============================================================
15:20:20 INFO  Id:    SoftwareManagement.sm_apt_install_remove_multiple_mixed
15:20:20 INFO  Dir:   software_management_end_to_end/
15:20:20 INFO  Title: Validate end to end behaviour for the apt plugin for multiple packages with mixed versions
15:20:20 INFO  ==============================================================
15:20:20 INFO  Using sw id database: {'asciijump': '5475369', 'robotfindskitten': '5474869', 'squirrel3': '5475279', 'rolldice': '5152439', 'moon-buggy': '5439204', 'apple': '5495053', 'banana': '5494888', 'cherry': '5495382', 'watermelon': '5494510', 'registry': '8018911', 'hello-world': '8021526', 'docker/getting-started': '8021973', 'alpine': '7991792'}
15:20:20 INFO  EnvironmentC8y Setup
15:20:20 INFO  Executed systemctl&lt;serv_mapper1&gt;, exit status 3
15:20:21 INFO  Restarting mosquitto too frequently in the last 10 seconds. It was only up for 4 seconds
15:20:21 INFO  Delaying execution by 7 seconds
15:20:41 INFO  Executed sudo&lt;tedge_connect_c8y&gt;, exit status 0, duration 13 secs
15:20:42 INFO  Executed sudo&lt;tedge_connect_c8y_test&gt;, exit status 0
15:20:42 INFO  Executed systemctl&lt;serv_mosq2&gt;, exit status 0
15:20:43 INFO  Executed systemctl&lt;serv_mapper3&gt;, exit status 0
15:20:45 INFO  State of current operation: SUCCESSFUL
15:20:45 INFO  Assert that (False == value) with value=False ... passed
15:20:45 INFO  Assert that (False == value) with value=False ... passed
15:20:46 INFO  Assert that (False == value) with value=False ... passed
15:20:46 INFO  Assert that (False == value) with value=False ... passed
15:20:46 INFO  Package moon-buggy is installed
15:20:46 WARN  Assert that (False == value) with value=True ... failed 
15:20:48 INFO  Response status: 201
15:20:48 INFO  Response to action: {
    "creationTime": "2022-05-03T15:20:48.137Z",
    "deviceName": "m32sd10d",
    "deviceId": "18298586",
    "self": "https://t493319102.eu-latest.cumulocity.com/devicecontrol/operations/18313955",
    "id": "18313955",
    "status": "PENDING",
    "description": "Apply software changes, triggered from PySys: [{'action': 'install', 'id': '5475369', 'name': 'asciijump', 'url': ' ', 'version': '::apt'}, {'action': 'install', 'id': '5474869', 'name': 'robotfindskitten', 'url': ' ', 'version': ' '}, {'action': 'install', 'id': '5475279', 'name': 'squirrel3', 'url': ' ', 'version': '3.1-7::apt'}, {'action': 'install', 'id': '5152439', 'name': 'rolldice', 'url': ' ', 'version': '1.16-1+b1'}, {'action': 'install', 'id': '5439204', 'name': 'moon-buggy', 'url': ' ', 'version': '1:1.0.51-12'}, {'action': 'install', 'id': '5475369', 'name': 'asciijump', 'url': ' ', 'version': '::apt'}]",
    "c8y_SoftwareUpdate": [
        {
            "name": "asciijump",
            "action": "install",
            "id": "5475369",
            "version": "::apt",
            "url": " "
        },
        {
            "name": "robotfindskitten",
            "action": "install",
            "id": "5474869",
            "version": " ",
            "url": " "
        },
        {
            "name": "squirrel3",
            "action": "install",
            "id": "5475279",
            "version": "3.1-7::apt",
            "url": " "
        },
        {
            "name": "rolldice",
            "action": "install",
            "id": "5152439",
            "version": "1.16-1+b1",
            "url": " "
        },
        {
            "name": "moon-buggy",
            "action": "install",
            "id": "5439204",
            "version": "1:1.0.51-12",
            "url": " "
        },
        {
            "name": "asciijump",
            "action": "install",
            "id": "5475369",
            "version": "::apt",
            "url": " "
        }
    ]
}
15:20:48 INFO  Started operation: {'creationTime': '2022-05-03T15:20:48.137Z', 'deviceName': 'm32sd10d', 'deviceId': '18298586', 'self': 'https://t493319102.eu-latest.cumulocity.com/devicecontrol/operations/18313955', 'id': '18313955', 'status': 'PENDING', 'description': "Apply software changes, triggered from PySys: [{'action': 'install', 'id': '5475369', 'name': 'asciijump', 'url': ' ', 'version': '::apt'}, {'action': 'install', 'id': '5474869', 'name': 'robotfindskitten', 'url': ' ', 'version': ' '}, {'action': 'install', 'id': '5475279', 'name': 'squirrel3', 'url': ' ', 'version': '3.1-7::apt'}, {'action': 'install', 'id': '5152439', 'name': 'rolldice', 'url': ' ', 'version': '1.16-1+b1'}, {'action': 'install', 'id': '5439204', 'name': 'moon-buggy', 'url': ' ', 'version': '1:1.0.51-12'}, {'action': 'install', 'id': '5475369', 'name': 'asciijump', 'url': ' ', 'version': '::apt'}]", 'c8y_SoftwareUpdate': [{'name': 'asciijump', 'action': 'install', 'id': '5475369', 'version': '::apt', 'url': ' '}, {'name': 'robotfindskitten', 'action': 'install', 'id': '5474869', 'version': ' ', 'url': ' '}, {'name': 'squirrel3', 'action': 'install', 'id': '5475279', 'version': '3.1-7::apt', 'url': ' '}, {'name': 'rolldice', 'action': 'install', 'id': '5152439', 'version': '1.16-1+b1', 'url': ' '}, {'name': 'moon-buggy', 'action': 'install', 'id': '5439204', 'version': '1:1.0.51-12', 'url': ' '}, {'name': 'asciijump', 'action': 'install', 'id': '5475369', 'version': '::apt', 'url': ' '}]}
15:20:50 INFO  State of operation 18313955 : PENDING
15:20:52 INFO  State of operation 18313955 : EXECUTING
15:20:54 INFO  State of operation 18313955 : EXECUTING
15:20:57 INFO  State of operation 18313955 : EXECUTING
15:20:59 INFO  State of operation 18313955 : EXECUTING
15:21:01 INFO  State of operation 18313955 : EXECUTING
15:21:04 INFO  State of operation 18313955 : EXECUTING
15:21:06 INFO  State of operation 18313955 : EXECUTING
15:21:09 INFO  State of operation 18313955 : EXECUTING
15:21:11 INFO  State of operation 18313955 : EXECUTING
15:21:14 INFO  State of operation 18313955 : EXECUTING
15:21:16 INFO  State of operation 18313955 : EXECUTING
15:21:18 INFO  State of operation 18313955 : EXECUTING
15:21:20 INFO  State of operation 18313955 : EXECUTING
15:21:23 INFO  State of operation 18313955 : EXECUTING
15:21:25 INFO  State of operation 18313955 : EXECUTING
15:21:27 INFO  State of operation 18313955 : EXECUTING
15:21:30 INFO  State of operation 18313955 : EXECUTING
15:21:33 INFO  State of operation 18313955 : EXECUTING
15:21:35 INFO  State of operation 18313955 : EXECUTING
15:21:37 INFO  State of operation 18313955 : EXECUTING
15:21:40 INFO  State of operation 18313955 : EXECUTING
15:21:42 INFO  State of operation 18313955 : EXECUTING
15:21:45 INFO  State of operation 18313955 : EXECUTING
15:21:47 INFO  State of operation 18313955 : EXECUTING
15:21:49 INFO  State of operation 18313955 : EXECUTING
15:21:51 INFO  State of operation 18313955 : EXECUTING
15:21:53 INFO  State of operation 18313955 : EXECUTING
15:21:56 INFO  State of operation 18313955 : EXECUTING
15:21:58 INFO  State of operation 18313955 : EXECUTING
15:22:00 INFO  State of operation 18313955 : EXECUTING
15:22:02 INFO  State of operation 18313955 : EXECUTING
15:22:05 INFO  State of operation 18313955 : EXECUTING
15:22:07 INFO  State of operation 18313955 : EXECUTING
15:22:09 INFO  State of operation 18313955 : EXECUTING
15:22:11 INFO  State of operation 18313955 : EXECUTING
15:22:13 INFO  State of operation 18313955 : EXECUTING
15:22:16 INFO  State of operation 18313955 : EXECUTING
15:22:18 INFO  State of operation 18313955 : EXECUTING
15:22:21 INFO  State of operation 18313955 : EXECUTING
15:22:23 INFO  State of operation 18313955 : EXECUTING
15:22:26 INFO  State of operation 18313955 : EXECUTING
15:22:28 INFO  State of operation 18313955 : EXECUTING
15:22:30 INFO  State of operation 18313955 : EXECUTING
15:22:32 INFO  State of operation 18313955 : EXECUTING
15:22:35 INFO  State of operation 18313955 : EXECUTING
15:22:37 INFO  State of operation 18313955 : EXECUTING
15:22:39 INFO  State of operation 18313955 : EXECUTING
15:22:41 INFO  State of operation 18313955 : EXECUTING
15:22:44 INFO  State of operation 18313955 : EXECUTING
15:22:46 INFO  State of operation 18313955 : EXECUTING
15:22:49 INFO  State of operation 18313955 : EXECUTING
15:22:52 INFO  State of operation 18313955 : EXECUTING
15:22:54 INFO  State of operation 18313955 : EXECUTING
15:22:57 INFO  State of operation 18313955 : EXECUTING
15:22:59 INFO  State of operation 18313955 : EXECUTING
15:23:01 INFO  State of operation 18313955 : EXECUTING
15:23:03 INFO  State of operation 18313955 : EXECUTING
15:23:05 INFO  State of operation 18313955 : EXECUTING
15:23:08 INFO  State of operation 18313955 : EXECUTING
15:23:10 INFO  State of operation 18313955 : EXECUTING
15:23:12 WARN  SystemError occurred while running test - Timeout while waiting for status SUCCESSFUL or False
Traceback (most recent call last):
  File "/home/pi/env-pysys/lib/python3.7/site-packages/pysys/baserunner.py", line 1294, in __call__
    self.testObj.execute()
  File "/home/pi/actions-runner/_work/thin-edge.io/thin-edge.io/tests/PySys/software_management_end_to_end/sm_apt_install_remove_multiple_mixed/run.py", line 89, in execute
    self.wait_until_succcess()
  File "/home/pi/actions-runner/_work/thin-edge.io/thin-edge.io/tests/PySys/software_management_end_to_end/environment_sm_management.py", line 324, in wait_until_succcess
    self.wait_until_status("SUCCESSFUL")
  File "/home/pi/actions-runner/_work/thin-edge.io/thin-edge.io/tests/PySys/software_management_end_to_end/environment_sm_management.py", line 381, in wait_until_status
    "Timeout while waiting for status %s or %s" % (status, status2)
SystemError: Timeout while waiting for status SUCCESSFUL or False
15:23:12 WARN  SystemError: Timeout while waiting for status SUCCESSFUL or False ... blocked 
15:23:12 INFO  
15:23:12 INFO  cleanup:
15:23:17 INFO  Executed sudo&lt;tedge_disconnect_c8y&gt;, exit status 0
15:23:17 INFO  Executed systemctl&lt;serv_mapper5&gt;, exit status 3
15:23:17 INFO  
15:23:17 INFO  Test duration: 177.52 secs
15:23:17 INFO  Test final outcome:  BLOCKED
15:23:17 INFO  Test outcome reason: SystemError: Timeout while waiting for status SUCCESSFUL or False (+1 other failures)
15:23:17 INFO  
</system-out>
	</testcase>
</testsuite><testsuite name="SoftwareManagement.sm_apt_install_remove_with_version" tests="3" errors="0" failures="0" skipped="1" time="0"><testcase classname="PySysTest" name="SoftwareManagement.sm_apt_install_remove_with_version">
		<skipped message="SKIPPED: Testing the apt plugin is not supported on this platform.Use parameter -XmyPlatform='container' to enable it" />
		<system-out>14:20:01 INFO  ==============================================================
14:20:01 INFO  Id:    SoftwareManagement.sm_apt_install_remove_with_version
14:20:01 INFO  Dir:   software_management_end_to_end/
14:20:01 INFO  Title: Validate end to end behaviour for the apt plugin for packages with version
14:20:01 INFO  ==============================================================
14:20:01 INFO  Testing the apt plugin is not supported on this platform.Use parameter -XmyPlatform='container' to enable it ... skipped
14:20:01 WARN  Aborted test due to SKIPPED outcome
14:20:01 INFO  
14:20:01 INFO  Test duration: 0.02 secs
14:20:01 INFO  Test final outcome:  SKIPPED
14:20:01 INFO  Test outcome reason: Testing the apt plugin is not supported on this platform.Use parameter -XmyPlatform='container' to enable it
14:20:01 INFO  
</system-out>
	</testcase>
<testcase classname="PySysTest" name="SoftwareManagement.sm_apt_install_remove_with_version" />
<testcase classname="PySysTest" name="SoftwareManagement.sm_apt_install_remove_with_version" />
</testsuite><testsuite name="SoftwareManagement.sm_docker_install_remove_multiple" tests="3" errors="0" failures="0" skipped="1" time="0"><testcase classname="SMDockerInstallRemove" name="SoftwareManagement.sm_docker_install_remove_multiple">
		<skipped message="SKIPPED: Testing the apt plugin is not supported on this platform.Use parameter -XmyPlatform='container' to enable it" />
		<system-out>14:20:01 INFO  ==============================================================
14:20:01 INFO  Id:    SoftwareManagement.sm_docker_install_remove_multiple
14:20:01 INFO  Dir:   software_management_end_to_end/
14:20:01 INFO  Title: Validate end to end behaviour for the docker plugin for multiple docker images with mixed versions
14:20:01 INFO  ==============================================================
14:20:01 INFO  Testing the apt plugin is not supported on this platform.Use parameter -XmyPlatform='container' to enable it ... skipped
14:20:01 WARN  Aborted test due to SKIPPED outcome
14:20:01 INFO  
14:20:01 INFO  Test duration: 0.03 secs
14:20:01 INFO  Test final outcome:  SKIPPED
14:20:01 INFO  Test outcome reason: Testing the apt plugin is not supported on this platform.Use parameter -XmyPlatform='container' to enable it
14:20:01 INFO  
</system-out>
	</testcase>
<testcase classname="SMDockerInstallRemove" name="SoftwareManagement.sm_docker_install_remove_multiple" />
<testcase classname="SMDockerInstallRemove" name="SoftwareManagement.sm_docker_install_remove_multiple" />
</testsuite><testsuite name="SoftwareManagement.sm_fake_install_remove" tests="2" errors="0" failures="0" skipped="1" time="0"><testcase classname="PySysTest" name="SoftwareManagement.sm_fake_install_remove">
		<skipped message="SKIPPED: Testing the fake plugin is not enabled.Use parameter -Xfakeplugin=fakeplugin to enable it" />
		<system-out>14:20:01 INFO  ==============================================================
14:20:01 INFO  Id:    SoftwareManagement.sm_fake_install_remove
14:20:01 INFO  Dir:   software_management_end_to_end/
14:20:01 INFO  Title: Validate end to end behaviour for the dummy plugin for installation and removal of packages
14:20:01 INFO  ==============================================================
14:20:01 INFO  Testing the fake plugin is not enabled.Use parameter -Xfakeplugin=fakeplugin to enable it ... skipped
14:20:01 WARN  Aborted test due to SKIPPED outcome
14:20:01 INFO  
14:20:01 INFO  Test duration: 0.02 secs
14:20:01 INFO  Test final outcome:  SKIPPED
14:20:01 INFO  Test outcome reason: Testing the fake plugin is not enabled.Use parameter -Xfakeplugin=fakeplugin to enable it
14:20:01 INFO  
</system-out>
	</testcase>
<testcase classname="PySysTest" name="SoftwareManagement.sm_fake_install_remove" />
</testsuite><testsuite name="SoftwareManagement.sm_fake_install_remove_multiple" tests="2" errors="0" failures="0" skipped="1" time="0"><testcase classname="PySysTest" name="SoftwareManagement.sm_fake_install_remove_multiple">
		<skipped message="SKIPPED: Testing the fake plugin is not enabled.Use parameter -Xfakeplugin=fakeplugin to enable it" />
		<system-out>14:20:01 INFO  ==============================================================
14:20:01 INFO  Id:    SoftwareManagement.sm_fake_install_remove_multiple
14:20:01 INFO  Dir:   software_management_end_to_end/
14:20:01 INFO  Title: Validate end to end behaviour for the dummy-plugin for multiple packages
14:20:01 INFO  ==============================================================
14:20:01 INFO  Testing the fake plugin is not enabled.Use parameter -Xfakeplugin=fakeplugin to enable it ... skipped
14:20:01 WARN  Aborted test due to SKIPPED outcome
14:20:01 INFO  
14:20:01 INFO  Test duration: 0.02 secs
14:20:01 INFO  Test final outcome:  SKIPPED
14:20:01 INFO  Test outcome reason: Testing the fake plugin is not enabled.Use parameter -Xfakeplugin=fakeplugin to enable it
14:20:01 INFO  
</system-out>
	</testcase>
<testcase classname="PySysTest" name="SoftwareManagement.sm_fake_install_remove_multiple" />
</testsuite><testsuite name="SoftwareManagement.sm_mapper_fail_and_reconnect" tests="2" errors="0" failures="0" skipped="2" time="0"><testcase classname="MapperC8yReceiveLastMessageOnRestart" name="SoftwareManagement.sm_mapper_fail_and_reconnect">
		<skipped message="SKIPPED: instable https://github.com/thin-edge/thin-edge.io/issues/752" />
		<system-out>14:20:02 INFO  ==============================================================
14:20:02 INFO  Id:    SoftwareManagement.sm_mapper_fail_and_reconnect
14:20:02 INFO  Dir:   software_management_end_to_end/
14:20:02 INFO  Title: Validate the tedge-mapper-sm-c8y for receiving the last message on restart
14:20:02 INFO  ==============================================================
14:20:02 INFO  instable https://github.com/thin-edge/thin-edge.io/issues/752 ... skipped
14:20:02 INFO  
14:20:02 INFO  Test duration: 0.02 secs
14:20:02 INFO  Test final outcome:  SKIPPED
14:20:02 INFO  Test outcome reason: instable https://github.com/thin-edge/thin-edge.io/issues/752
14:20:02 INFO  
</system-out>
	</testcase>
<testcase classname="MapperC8yReceiveLastMessageOnRestart" name="SoftwareManagement.sm_mapper_fail_and_reconnect">
		<skipped message="SKIPPED: instable https://github.com/thin-edge/thin-edge.io/issues/752" />
		<system-out>15:30:01 INFO  ==============================================================
15:30:01 INFO  Id:    SoftwareManagement.sm_mapper_fail_and_reconnect
15:30:01 INFO  Dir:   software_management_end_to_end/
15:30:01 INFO  Title: Validate the tedge-mapper-sm-c8y for receiving the last message on restart
15:30:01 INFO  ==============================================================
15:30:01 INFO  instable https://github.com/thin-edge/thin-edge.io/issues/752 ... skipped
15:30:01 INFO  
15:30:01 INFO  Test duration: 0.26 secs
15:30:01 INFO  Test final outcome:  SKIPPED
15:30:01 INFO  Test outcome reason: instable https://github.com/thin-edge/thin-edge.io/issues/752
15:30:01 INFO  
</system-out>
	</testcase>
</testsuite><testsuite name="SoftwareManagement.sm_mixed_install_remove_multiple" tests="2" errors="0" failures="1" skipped="1" time="0"><testcase classname="PySysTest" name="SoftwareManagement.sm_mixed_install_remove_multiple">
		<skipped message="SKIPPED: Testing the fake plugin is not enabled.Use parameter -Xfakeplugin=fakeplugin to enable it" />
		<system-out>14:20:02 INFO  ==============================================================
14:20:02 INFO  Id:    SoftwareManagement.sm_mixed_install_remove_multiple
14:20:02 INFO  Dir:   software_management_end_to_end/
14:20:02 INFO  Title: Validate end to end behaviour for the dummy-plugin for multiple packages with mixed versions
14:20:02 INFO  ==============================================================
14:20:02 INFO  Testing the fake plugin is not enabled.Use parameter -Xfakeplugin=fakeplugin to enable it ... skipped
14:20:02 WARN  Aborted test due to SKIPPED outcome
14:20:02 INFO  
14:20:02 INFO  Test duration: 0.03 secs
14:20:02 INFO  Test final outcome:  SKIPPED
14:20:02 INFO  Test outcome reason: Testing the fake plugin is not enabled.Use parameter -Xfakeplugin=fakeplugin to enable it
14:20:02 INFO  
</system-out>
	</testcase>
<testcase classname="PySysTest" name="SoftwareManagement.sm_mixed_install_remove_multiple">
		<failure message="FAILED: Assert that (False == value) with value=True" type="FAILED" />
		<system-out>15:30:01 INFO  ==============================================================
15:30:01 INFO  Id:    SoftwareManagement.sm_mixed_install_remove_multiple
15:30:01 INFO  Dir:   software_management_end_to_end/
15:30:01 INFO  Title: Validate end to end behaviour for the dummy-plugin for multiple packages with mixed versions
15:30:01 INFO  ==============================================================
[...]
		<failure message="FAILED: Assert that (True == value) with value=False" type="FAILED" />
		<system-out>14:08:01 INFO  ==============================================================
14:08:01 INFO  Id:    log_request_num_lines
14:08:01 INFO  Dir:   log_request_end_to_end/
14:08:01 INFO  Title: Validate end to end behaviour for the log request operation check for number of lines
14:08:01 INFO  ==============================================================
14:08:01 INFO  EnvironmentC8y Setup
14:08:01 INFO  Executed systemctl&lt;serv_mapper1&gt;, exit status 3
14:08:02 INFO  Restarting mosquitto too frequently in the last 10 seconds. It was only up for 4 seconds
14:08:02 INFO  Delaying execution by 7 seconds
14:08:23 INFO  Executed sudo&lt;tedge_connect_c8y&gt;, exit status 0, duration 14 secs
14:08:23 INFO  Executed sudo&lt;tedge_connect_c8y_test&gt;, exit status 0
14:08:24 INFO  Executed systemctl&lt;serv_mosq2&gt;, exit status 0
14:08:24 INFO  Executed systemctl&lt;serv_mapper3&gt;, exit status 0
14:08:25 INFO  Executed sudo&lt;rm_logs&gt;, exit status 0
14:08:25 INFO  Executed sudo&lt;move_logs&gt;, exit status 0
14:08:26 INFO  log response None
14:08:26 WARN  retry, retrying in 1 seconds...
14:08:27 INFO  log response https://thin-edge-io.eu-latest.cumulocity.com/event/events/18294388/binaries
14:08:27 INFO  nlines 0
14:08:27 WARN  Assert that (True == value) with value=False ... failed [run.py:44]
14:08:27 INFO  
14:08:27 INFO  cleanup:
14:08:28 INFO  Executed sudo&lt;rm_logs&gt;, exit status 0
14:08:28 INFO  Executed sudo&lt;rm_tmp_logs&gt;, exit status 0
14:08:29 INFO  Executed sudo&lt;send_failed&gt;, exit status 0
14:08:33 INFO  Executed sudo&lt;tedge_disconnect_c8y&gt;, exit status 0
14:08:33 INFO  Executed systemctl&lt;serv_mapper5&gt;, exit status 3
14:08:33 INFO  
14:08:33 INFO  Test duration: 32.63 secs
14:08:33 INFO  Test final outcome:  FAILED
14:08:33 INFO  Test outcome reason: Assert that (True == value) with value=False
14:08:33 INFO  
</system-out>
	</testcase>
</testsuite><testsuite name="mapper_awaits_before_reconnect" tests="1" errors="0" failures="1" skipped="0" time="0"><testcase classname="MapperReconnectAwait" name="mapper_awaits_before_reconnect">
		<failure message="FAILED: Line count on tedge_mapper_journal.out for &quot;tedge_mapper::core::mapper: MQTT connection error:&quot; expected &gt;=2 but got 0" type="FAILED" />
		<system-out>14:23:04 INFO  ==============================================================
14:23:04 INFO  Id:    mapper_awaits_before_reconnect
14:23:04 INFO  Dir:   tedge_mapper_c8y/
14:23:04 INFO  Title: Validate mapper doesn't reconnect too often
14:23:04 INFO  ==============================================================
14:23:04 INFO  Started mosquitto_sub with process id 7962
14:23:04 INFO  Waiting for 0.1 seconds
14:23:04 INFO  Executed sudo&lt;tedge_mapper&gt;, exit status 0
14:23:04 INFO  Waiting for 5.0 seconds
14:23:10 INFO  Executed sudo&lt;tedge_mapper&gt;, exit status 0
14:23:10 INFO  Executed sudo&lt;tedge_mapper_journal&gt;, exit status 0
14:23:10 WARN  Grep on tedge_mapper_journal.out contains "ERROR" ... failed [run.py:67]
14:23:10 INFO  Line count on file tedge_mapper_journal.out ... passed
14:23:10 WARN  Line count on tedge_mapper_journal.out for "tedge_mapper::core::mapper: MQTT connection error:" expected &gt;=2 but got 0 ... failed [run.py:78]
14:23:10 WARN  Aborted test due to FAILED outcome
14:23:10 INFO  
14:23:10 INFO  Test duration: 6.96 secs
14:23:10 INFO  Test final outcome:  FAILED
14:23:10 INFO  Test outcome reason: Line count on tedge_mapper_journal.out for "tedge_mapper::core::mapper: MQTT connection error:" expected &gt;=2 but got 0
14:23:10 INFO  
</system-out>
	</testcase>
</testsuite><testsuite name="monitoring_smaller_interval" tests="1" errors="0" failures="1" skipped="0" time="0"><testcase classname="MonitoringSmallInterval" name="monitoring_smaller_interval">
		<failure message="BLOCKED: TypeError: 'int' object is not subscriptable" type="BLOCKED" />
		<system-out>14:10:03 INFO  ==============================================================
14:10:03 INFO  Id:    monitoring_smaller_interval
14:10:03 INFO  Dir:   monitoring/
14:10:03 INFO  Title: Validate the tedge dm agent messages that are produced with smaller sampling interval than the batching window. Here the simulated collectd messages are used
14:10:03 INFO  ==============================================================
14:10:04 INFO  Executed sudo&lt;collectd&gt;, exit status 0
14:10:04 INFO  Executed sudo&lt;collectd_mapper&gt;, exit status 0
14:10:04 INFO  Started sudo&lt;tedge_sub&gt; with process id 4120
14:10:05 INFO  Executed sudo&lt;tedge_temp&gt;, exit status 0
14:10:05 INFO  Executed sudo&lt;tedge_pres&gt;, exit status 0
14:10:06 INFO  Executed sudo&lt;tedge_temp&gt;, exit status 0
14:10:07 INFO  Executed sudo&lt;tedge_pres&gt;, exit status 0
14:10:07 INFO  Executed sudo&lt;tedge_temp&gt;, exit status 0
14:10:08 INFO  Executed sudo&lt;tedge_pres&gt;, exit status 0
14:10:08 INFO  Executed sudo&lt;tedge_temp&gt;, exit status 0
14:10:09 INFO  Executed sudo&lt;tedge_pres&gt;, exit status 0
14:10:09 INFO  Executed sudo&lt;tedge_temp&gt;, exit status 0
14:10:10 INFO  Executed sudo&lt;tedge_pres&gt;, exit status 0
14:10:11 INFO  Executed sudo&lt;tedge_temp&gt;, exit status 0
14:10:11 INFO  Executed sudo&lt;tedge_pres&gt;, exit status 0
14:10:12 INFO  Executed sudo&lt;tedge_temp&gt;, exit status 0
14:10:12 INFO  Executed sudo&lt;tedge_pres&gt;, exit status 0
14:10:13 INFO  Executed sudo&lt;tedge_temp&gt;, exit status 0
14:10:13 INFO  Executed sudo&lt;tedge_pres&gt;, exit status 0
14:10:14 INFO  Executed sudo&lt;tedge_temp&gt;, exit status 0
14:10:15 INFO  Executed sudo&lt;tedge_pres&gt;, exit status 0
14:10:15 INFO  Executed sudo&lt;tedge_temp&gt;, exit status 0
14:10:16 INFO  Executed sudo&lt;tedge_pres&gt;, exit status 0
14:10:17 INFO  Executed sudo&lt;kill_out&gt;, exit status 0
14:10:17 INFO  0

14:10:17 WARN  TypeError occurred while running test - 'int' object is not subscriptable
Traceback (most recent call last):
  File "/home/pi/env-pysys/lib/python3.7/site-packages/pysys/baserunner.py", line 1296, in __call__
    self.testObj.validate()
  File "/home/pi/actions-runner/_work/thin-edge.io/thin-edge.io/tests/PySys/monitoring/monitoring_smaller_interval/run.py", line 104, in validate
    collectd_msg_validation_result=self.validate_json(),
  File "/home/pi/actions-runner/_work/thin-edge.io/thin-edge.io/tests/PySys/monitoring/monitoring_smaller_interval/run.py", line 114, in validate_json
    if not self.validate_time():
  File "/home/pi/actions-runner/_work/thin-edge.io/thin-edge.io/tests/PySys/monitoring/monitoring_smaller_interval/run.py", line 134, in validate_time
    if self.js_msg["time"]:
TypeError: 'int' object is not subscriptable
14:10:17 WARN  TypeError: 'int' object is not subscriptable ... blocked 
14:10:17 INFO  
14:10:17 INFO  cleanup:
14:10:17 INFO  monitoring_cleanup
14:10:18 INFO  Executed sudo&lt;collectd_mapper&gt;, exit status 0
14:10:18 INFO  
14:10:18 INFO  Test duration: 14.85 secs
14:10:18 INFO  Test final outcome:  BLOCKED
14:10:18 INFO  Test outcome reason: TypeError: 'int' object is not subscriptable
14:10:18 INFO  
</system-out>
	</testcase>
</testsuite><testsuite name="monitoring_with_collectd" tests="1" errors="0" failures="0" skipped="1" time="0"><testcase classname="MonitoringWithCollectd" name="monitoring_with_collectd">
		<skipped message="SKIPPED: Test execution disabled due to #792 (instable)" />
		<system-out>14:10:18 INFO  ==============================================================
14:10:18 INFO  Id:    monitoring_with_collectd
14:10:18 INFO  Dir:   monitoring/
14:10:18 INFO  Title: Validate tedge dm agent messages that are produced by batching the collectd messages
14:10:18 INFO  ==============================================================
14:10:18 INFO  Test execution disabled due to #792 (instable) ... skipped
14:10:18 INFO  
14:10:18 INFO  Test duration: 0.02 secs
14:10:18 INFO  Test final outcome:  SKIPPED
14:10:18 INFO  Test outcome reason: Test execution disabled due to #792 (instable)
14:10:18 INFO  
</system-out>
	</testcase>
</testsuite><testsuite name="monitoring_with_simulated_messages" tests="1" errors="0" failures="1" skipped="0" time="0"><testcase classname="MonitoringWithSimulatedMessages" name="monitoring_with_simulated_messages">
		<failure message="BLOCKED: TypeError: 'int' object is not subscriptable" type="BLOCKED" />
		<system-out>14:10:18 INFO  ==============================================================
14:10:18 INFO  Id:    monitoring_with_simulated_messages
14:10:18 INFO  Dir:   monitoring/
14:10:18 INFO  Title: Validate the tedge dm agent messages that are produced from the simulated collectd messages
14:10:18 INFO  ==============================================================
14:10:19 INFO  Executed sudo&lt;collectd&gt;, exit status 0
14:10:19 INFO  Executed sudo&lt;collectd_mapper&gt;, exit status 0
14:10:19 INFO  Started sudo&lt;tedge_sub&gt; with process id 4172
14:10:20 INFO  Executed sudo&lt;tedge_temp&gt;, exit status 0
14:10:20 INFO  Executed sudo&lt;tedge_pres&gt;, exit status 0
14:10:22 INFO  Executed sudo&lt;kill_out&gt;, exit status 0
14:10:22 INFO  0

14:10:22 WARN  TypeError occurred while running test - 'int' object is not subscriptable
Traceback (most recent call last):
  File "/home/pi/env-pysys/lib/python3.7/site-packages/pysys/baserunner.py", line 1296, in __call__
    self.testObj.validate()
  File "/home/pi/actions-runner/_work/thin-edge.io/thin-edge.io/tests/PySys/monitoring/monitoring_with_simulated_messages/run.py", line 98, in validate
    collectd_msg_validation_result=self.validate_json(),
  File "/home/pi/actions-runner/_work/thin-edge.io/thin-edge.io/tests/PySys/monitoring/monitoring_with_simulated_messages/run.py", line 108, in validate_json
    if not self.validate_time():
  File "/home/pi/actions-runner/_work/thin-edge.io/thin-edge.io/tests/PySys/monitoring/monitoring_with_simulated_messages/run.py", line 127, in validate_time
    if self.js_msg["time"]:
TypeError: 'int' object is not subscriptable
14:10:22 WARN  TypeError: 'int' object is not subscriptable ... blocked 
14:10:22 INFO  
14:10:22 INFO  cleanup:
14:10:22 INFO  monitoring_cleanup
14:10:22 INFO  Executed sudo&lt;collectd_mapper&gt;, exit status 0
14:10:22 INFO  
14:10:22 INFO  Test duration: 4.39 secs
14:10:22 INFO  Test final outcome:  BLOCKED
14:10:22 INFO  Test outcome reason: TypeError: 'int' object is not subscriptable
14:10:22 INFO  
</system-out>
	</testcase>
</testsuite><testsuite name="mqtt_port_change_connection_fails" tests="1" errors="0" failures="0" skipped="0" time="0"><testcase classname="MqttPortChangeConnectionFails" name="mqtt_port_change_connection_fails" />
</testsuite><testsuite name="mqtt_port_change_connection_works" tests="1" errors="0" failures="0" skipped="1" time="0"><testcase classname="MqttPortChangeConnectionWorks" name="mqtt_port_change_connection_works">
		<skipped message="SKIPPED: failing intermitently" />
		<system-out>14:09:09 INFO  ==============================================================
14:09:09 INFO  Id:    mqtt_port_change_connection_works
14:09:09 INFO  Dir:   misc_features/
14:09:09 INFO  Title: mqtt port change connection works for all the thin-edge services that use the mosquitto broker
14:09:09 INFO  ==============================================================
14:09:09 INFO  failing intermitently ... skipped
14:09:09 INFO  
14:09:09 INFO  Test duration: 0.02 secs
14:09:09 INFO  Test final outcome:  SKIPPED
14:09:09 INFO  Test outcome reason: failing intermitently
14:09:09 INFO  
</system-out>
	</testcase>
</testsuite><testsuite name="mqtt_port_set" tests="1" errors="0" failures="0" skipped="0" time="0"><testcase classname="MqttPortSet" name="mqtt_port_set" />
</testsuite><testsuite name="mqtt_port_unset" tests="1" errors="0" failures="0" skipped="0" time="0"><testcase classname="MqttPortUnSet" name="mqtt_port_unset" />
</testsuite><testsuite name="publish_flux" tests="1" errors="0" failures="0" skipped="0" time="0"><testcase classname="PublishFlux" name="publish_flux" />
</testsuite><testsuite name="publish_sawmill" tests="1" errors="0" failures="0" skipped="0" time="0"><testcase classname="PublishSawmill" name="publish_sawmill" />
</testsuite><testsuite name="runtime_start_two_mappers" tests="1" errors="0" failures="1" skipped="0" time="0"><testcase classname="RuntimeMultiMappers" name="runtime_start_two_mappers">
		<failure message="FAILED: Grep on tedge_mapper2.err contains &quot;Error: Couldn't acquire file lock.&quot;" type="FAILED" />
		<system-out>14:23:11 INFO  ==============================================================
14:23:11 INFO  Id:    runtime_start_two_mappers
14:23:11 INFO  Dir:   tedge_mapper_c8y/
14:23:11 INFO  Title: Validate two mappers can't be started at the same time
14:23:11 INFO  ==============================================================
14:23:11 INFO  Executed sudo&lt;tedge_mapper1&gt;, exit status 0
14:23:11 INFO  Waiting for 0.1 seconds
14:23:12 INFO  Executed sudo&lt;tedge_mapper2&gt;, exit status 1
14:23:12 INFO  Executed sudo&lt;tedge_mapper1&gt;, exit status 0
14:23:12 WARN  Grep on tedge_mapper2.err contains "Error: Couldn't acquire file lock." ... failed [run.py:46]
14:23:12 INFO  
14:23:12 INFO  Test duration: 1.82 secs
14:23:12 INFO  Test final outcome:  FAILED
14:23:12 INFO  Test outcome reason: Grep on tedge_mapper2.err contains "Error: Couldn't acquire file lock."
14:23:12 INFO  
</system-out>
	</testcase>
</testsuite><testsuite name="sm_tedge_mapper_init_session" tests="1" errors="0" failures="0" skipped="0" time="0"><testcase classname="TedgeSMMapperInitSession" name="sm_tedge_mapper_init_session" />
</testsuite><testsuite name="smoketest_json" tests="1" errors="0" failures="0" skipped="0" time="0"><testcase classname="SmokeTestJson" name="smoketest_json" />
</testsuite><testsuite name="smoketest_json_400_samples_10ms" tests="1" errors="0" failures="0" skipped="0" time="0"><testcase classname="SmoketestJson400Samples10ms" name="smoketest_json_400_samples_10ms" />
</testsuite><testsuite name="smoketest_json_400_samples_20ms" tests="1" errors="0" failures="0" skipped="0" time="0"><testcase classname="SmoketestJson400Samples20ms" name="smoketest_json_400_samples_20ms" />
</testsuite><testsuite name="smoketest_smartrest" tests="1" errors="0" failures="0" skipped="0" time="0"><testcase classname="SmoketestSmartRest" name="smoketest_smartrest" />
</testsuite><testsuite name="smoketest_smartrest_400_samples_1Xms" tests="1" errors="0" failures="0" skipped="0" time="0"><testcase classname="SmoketestSmartRest400Samples1Xms" name="smoketest_smartrest_400_samples_1Xms" />
</testsuite><testsuite name="smoketest_smartrest_400_samples_20ms" tests="1" errors="0" failures="0" skipped="0" time="0"><testcase classname="SmoketestSmartRest400Samples20ms" name="smoketest_smartrest_400_samples_20ms" />
</testsuite><testsuite name="tedge_agent_user_sudo_access" tests="1" errors="0" failures="0" skipped="1" time="0"><testcase classname="TedgeAgentUserSudoAccess" name="tedge_agent_user_sudo_access">
		<skipped message="SKIPPED: #955 Observation: Exit code of the apt plugin when called with no arguments" />
		<system-out>14:20:27 INFO  ==============================================================
14:20:27 INFO  Id:    tedge_agent_user_sudo_access
14:20:27 INFO  Dir:   tedge/
14:20:27 INFO  Title: Validate tedge-agent user has a limited sudo right
14:20:27 INFO  ==============================================================
14:20:27 INFO  #955 Observation: Exit code of the apt plugin when called with no arguments ... skipped
14:20:27 INFO  
14:20:27 INFO  Test duration: 0.02 secs
14:20:27 INFO  Test final outcome:  SKIPPED
14:20:27 INFO  Test outcome reason: #955 Observation: Exit code of the apt plugin when called with no arguments
14:20:27 INFO  
</system-out>
	</testcase>
</testsuite><testsuite name="tedge_connect_test_negative" tests="1" errors="0" failures="0" skipped="0" time="0"><testcase classname="TedgeConnectTestNegative" name="tedge_connect_test_negative" />
</testsuite><testsuite name="tedge_connect_test_positive" tests="1" errors="0" failures="0" skipped="0" time="0"><testcase classname="TedgeConnectTestPositive" name="tedge_connect_test_positive" />
</testsuite><testsuite name="tedge_connect_test_sm_services" tests="1" errors="0" failures="0" skipped="0" time="0"><testcase classname="TedgeConnectTestSMServices" name="tedge_connect_test_sm_services" />
</testsuite><testsuite name="tedge_disconnect_test_sm_services" tests="1" errors="0" failures="0" skipped="0" time="0"><testcase classname="TedgeDisConnectTestSMServices" name="tedge_disconnect_test_sm_services" />
</testsuite><testsuite name="tedge_mapper_az_negative" tests="1" errors="0" failures="0" skipped="0" time="0"><testcase classname="TedgeMapperAzError" name="tedge_mapper_az_negative" />
</testsuite><testsuite name="tedge_mapper_az_with_timestamp" tests="1" errors="0" failures="0" skipped="0" time="0"><testcase classname="TedgeMapperAzWithTimestamp" name="tedge_mapper_az_with_timestamp" />
</testsuite><testsuite name="tedge_mapper_az_without_timestamp" tests="1" errors="0" failures="0" skipped="0" time="0"><testcase classname="TedgeMapperAzWithoutTimestamp" name="tedge_mapper_az_without_timestamp" />
</testsuite><testsuite name="tedge_mapper_c8y_alarms" tests="1" errors="0" failures="0" skipped="0" time="0"><testcase classname="TedgeMapperC8yAlarm" name="tedge_mapper_c8y_alarms" />
</testsuite><testsuite name="tedge_mapper_c8y_child_device_measurement" tests="1" errors="0" failures="0" skipped="0" time="0"><testcase classname="TedgeMapperC8yChildDevice" name="tedge_mapper_c8y_child_device_measurement" />
</testsuite><testsuite name="tedge_mapper_c8y_packet_threshold_size" tests="1" errors="0" failures="1" skipped="0" time="0"><testcase classname="TedgeMapperC8yThresholdPacketSize" name="tedge_mapper_c8y_packet_threshold_size">
		<failure message="FAILED: Grep on tedge_sub.out contains &quot;The size of the message received on tedge/measurements is 20489 which is greater than the threshold size of 16184.&quot;" type="FAILED" />
		<system-out>14:24:47 INFO  ==============================================================
14:24:47 INFO  Id:    tedge_mapper_c8y_packet_threshold_size
14:24:47 INFO  Dir:   tedge_mapper_c8y/
14:24:47 INFO  Title: Validate the Cumulocity Mapper accepted threshold packet size when it receives a message on tedge/measurements
14:24:47 INFO  ==============================================================
14:24:47 INFO  Executed sudo&lt;tedge_mapper_c8y&gt;, exit status 0
14:24:47 INFO  Started sudo&lt;tedge_sub&gt; with process id 8548
14:24:48 INFO  Executed sudo&lt;tedge_msg&gt;, exit status 0
14:24:49 INFO  Executed sudo&lt;tedge_pub&gt;, exit status 0
14:24:49 INFO  Executed sudo&lt;kill_out&gt;, exit status 0
14:24:49 WARN  Grep on tedge_sub.out contains "The size of the message received on tedge/measurements is 20489 which is greater than the threshold size of 16184." ... failed [run.py:88]
14:24:49 INFO  
14:24:49 INFO  cleanup:
14:24:49 INFO  mapper_cleanup
14:24:50 INFO  Executed sudo&lt;tedge_mapper_c8y&gt;, exit status 0
14:24:50 INFO  
14:24:50 INFO  Test duration: 2.90 secs
14:24:50 INFO  Test final outcome:  FAILED
14:24:50 INFO  Test outcome reason: Grep on tedge_sub.out contains "The size of the message received on tedge/measurements is 20489 which is greater than the threshold size of 16184."
14:24:50 INFO  
</system-out>
	</testcase>
</testsuite><testsuite name="tedge_software_update" tests="1" errors="0" failures="0" skipped="0" time="0"><testcase classname="PySysTest" name="tedge_software_update" />
</testsuite><testsuite name="valid_device_id" tests="1" errors="0" failures="0" skipped="0" time="0"><testcase classname="ValidateValidDeviceId" name="valid_device_id" />
</testsuite></testsuites>