<?xml version='1.0' encoding='utf-8'?>
<testsuites tests="139" failures="16" errors="0" skipped="45" time="0.0"><testsuite name="SoftwareManagement.Plugin.apama_plugin_install" tests="3" errors="0" failures="0" skipped="1" time="0"><testcase classname="ApamaPluginInstallTest" name="SoftwareManagement.Plugin.apama_plugin_install">
		<skipped message="SKIPPED: Apama plugin tests are disabled by default. Execute `pysys run` with `-XmyPlatform=container` to run these tests" />
		<system-out>09:43:50 INFO  ==============================================================
09:43:50 INFO  Id:    SoftwareManagement.Plugin.apama_plugin_install
09:43:50 INFO  Dir:   plugin_apama/
09:43:50 INFO  Title: Validate apama plugin install
09:43:50 INFO  ==============================================================
09:43:50 INFO  Apama plugin tests are disabled by default. Execute `pysys run` with `-XmyPlatform=container` to run these tests ... skipped
09:43:50 WARN  Aborted test due to SKIPPED outcome
09:43:50 INFO  
09:43:50 INFO  Test duration: 0.06 secs
09:43:50 INFO  Test final outcome:  SKIPPED
09:43:50 INFO  Test outcome reason: Apama plugin tests are disabled by default. Execute `pysys run` with `-XmyPlatform=container` to run these tests
09:43:50 INFO  
</system-out>
	</testcase>
<testcase classname="ApamaPluginInstallTest" name="SoftwareManagement.Plugin.apama_plugin_install" />
<testcase classname="ApamaPluginInstallTest" name="SoftwareManagement.Plugin.apama_plugin_install" />
</testsuite><testsuite name="SoftwareManagement.Plugin.apama_plugin_mon_support" tests="3" errors="0" failures="0" skipped="1" time="0"><testcase classname="ApamaPluginMonSupportTest" name="SoftwareManagement.Plugin.apama_plugin_mon_support">
		<skipped message="SKIPPED: Apama plugin tests are disabled by default. Execute `pysys run` with `-XmyPlatform=container` to run these tests" />
		<system-out>09:43:50 INFO  ==============================================================
09:43:50 INFO  Id:    SoftwareManagement.Plugin.apama_plugin_mon_support
09:43:50 INFO  Dir:   plugin_apama/
09:43:50 INFO  Title: Validate mon file support of apama plugin
09:43:50 INFO  ==============================================================
09:43:50 INFO  Apama plugin tests are disabled by default. Execute `pysys run` with `-XmyPlatform=container` to run these tests ... skipped
09:43:50 WARN  Aborted test due to SKIPPED outcome
09:43:50 INFO  
09:43:50 INFO  Test duration: 0.06 secs
09:43:50 INFO  Test final outcome:  SKIPPED
09:43:50 INFO  Test outcome reason: Apama plugin tests are disabled by default. Execute `pysys run` with `-XmyPlatform=container` to run these tests
09:43:50 INFO  
</system-out>
	</testcase>
<testcase classname="ApamaPluginMonSupportTest" name="SoftwareManagement.Plugin.apama_plugin_mon_support" />
<testcase classname="ApamaPluginMonSupportTest" name="SoftwareManagement.Plugin.apama_plugin_mon_support" />
</testsuite><testsuite name="SoftwareManagement.Plugin.apama_plugin_remove" tests="3" errors="0" failures="0" skipped="1" time="0"><testcase classname="ApamaPluginRemoveTest" name="SoftwareManagement.Plugin.apama_plugin_remove">
		<skipped message="SKIPPED: Apama plugin tests are disabled by default. Execute `pysys run` with `-XmyPlatform=container` to run these tests" />
		<system-out>09:43:50 INFO  ==============================================================
09:43:50 INFO  Id:    SoftwareManagement.Plugin.apama_plugin_remove
09:43:50 INFO  Dir:   plugin_apama/
09:43:50 INFO  Title: Validate apama plugin remove
09:43:50 INFO  ==============================================================
09:43:50 INFO  Apama plugin tests are disabled by default. Execute `pysys run` with `-XmyPlatform=container` to run these tests ... skipped
09:43:50 WARN  Aborted test due to SKIPPED outcome
09:43:50 INFO  
09:43:50 INFO  Test duration: 0.02 secs
09:43:50 INFO  Test final outcome:  SKIPPED
09:43:50 INFO  Test outcome reason: Apama plugin tests are disabled by default. Execute `pysys run` with `-XmyPlatform=container` to run these tests
09:43:50 INFO  
</system-out>
	</testcase>
<testcase classname="ApamaPluginRemoveTest" name="SoftwareManagement.Plugin.apama_plugin_remove" />
<testcase classname="ApamaPluginRemoveTest" name="SoftwareManagement.Plugin.apama_plugin_remove" />
</testsuite><testsuite name="SoftwareManagement.Plugin.apama_plugin_update" tests="3" errors="0" failures="2" skipped="1" time="0"><testcase classname="ApamaPluginUpdateTest" name="SoftwareManagement.Plugin.apama_plugin_update">
		<skipped message="SKIPPED: Apama plugin tests are disabled by default. Execute `pysys run` with `-XmyPlatform=container` to run these tests" />
		<system-out>09:43:50 INFO  ==============================================================
09:43:50 INFO  Id:    SoftwareManagement.Plugin.apama_plugin_update
09:43:50 INFO  Dir:   plugin_apama/
09:43:50 INFO  Title: Validate apama plugin updating one project with another
09:43:50 INFO  ==============================================================
09:43:50 INFO  Apama plugin tests are disabled by default. Execute `pysys run` with `-XmyPlatform=container` to run these tests ... skipped
09:43:50 WARN  Aborted test due to SKIPPED outcome
09:43:50 INFO  
09:43:50 INFO  Test duration: 0.04 secs
09:43:50 INFO  Test final outcome:  SKIPPED
09:43:50 INFO  Test outcome reason: Apama plugin tests are disabled by default. Execute `pysys run` with `-XmyPlatform=container` to run these tests
09:43:50 INFO  
</system-out>
	</testcase>
<testcase classname="ApamaPluginUpdateTest" name="SoftwareManagement.Plugin.apama_plugin_update">
		<failure message="BLOCKED: sudo&lt;plugin_install&gt; returned non-zero exit code 2" type="BLOCKED" />
		<system-out>10:35:09 INFO  ==============================================================
10:35:09 INFO  Id:    SoftwareManagement.Plugin.apama_plugin_update
10:35:09 INFO  Dir:   plugin_apama/
10:35:09 INFO  Title: Validate apama plugin updating one project with another
10:35:09 INFO  ==============================================================
10:35:09 INFO  Assertion that path exists=False for "/etc/tedge/apama/project" ... passed
10:35:09 INFO  Executed sudo&lt;create_project_dir&gt;, exit status 0
10:35:10 INFO  Executed sudo&lt;unzip_apama_project&gt;, exit status 0
10:35:11 INFO  Executed sudo&lt;move_apama_project&gt;, exit status 0
10:35:11 INFO  Executed sudo&lt;restart_apama_service&gt;, exit status 0
10:35:12 INFO  Executed sudo&lt;apama_correlator_wait&gt;, exit status 0
10:35:12 INFO  Assertion that path exists=True for "/etc/tedge/apama/project" ... passed
10:35:13 INFO  Executed sudo&lt;apama_list_monitors&gt;, exit status 0
10:35:13 INFO  Grep on file /home/pi/actions-runner/_work/thin-edge.io/thin-edge.io/tests/PySys/plugin_apama/apama_plugin_update/Output/linux/apama_list_monitors.out ... passed
10:35:13 WARN  Executed sudo&lt;plugin_install&gt;, exit status 2
10:35:13 INFO  Contents of plugin_install.err: 
  ERROR: Directory not empty (os error 39)
  -----

10:35:14 WARN  sudo&lt;plugin_install&gt; returned non-zero exit code 2 ... blocked [run.py:35]
10:35:14 WARN  Aborted test due to BLOCKED outcome
10:35:14 INFO  
10:35:14 INFO  cleanup:
10:35:14 INFO  Removing apama project
10:35:29 INFO  Executed sudo&lt;stop_apama_service&gt;, exit status 0, duration 15 secs
10:35:30 INFO  Executed sudo&lt;remove_apama_project&gt;, exit status 0
10:35:30 INFO  Executed sudo&lt;remove_apama_tmp_dir&gt;, exit status 0
10:35:30 INFO  
10:35:30 INFO  Test duration: 21.30 secs
10:35:30 INFO  Test final outcome:  BLOCKED
10:35:30 INFO  Test outcome reason: sudo&lt;plugin_install&gt; returned non-zero exit code 2
10:35:30 INFO  
</system-out>
	</testcase>
<testcase classname="ApamaPluginUpdateTest" name="SoftwareManagement.Plugin.apama_plugin_update">
		<failure message="BLOCKED: sudo&lt;plugin_install&gt; returned non-zero exit code 2" type="BLOCKED" />
		<system-out>10:43:54 INFO  ==============================================================
10:43:54 INFO  Id:    SoftwareManagement.Plugin.apama_plugin_update
10:43:54 INFO  Dir:   plugin_apama/
10:43:54 INFO  Title: Validate apama plugin updating one project with another
10:43:54 INFO  ==============================================================
10:43:54 INFO  Assertion that path exists=False for "/etc/tedge/apama/project" ... passed
10:43:54 INFO  Executed sudo&lt;create_project_dir&gt;, exit status 0
10:43:55 INFO  Executed sudo&lt;unzip_apama_project&gt;, exit status 0
10:43:55 INFO  Executed sudo&lt;move_apama_project&gt;, exit status 0
10:43:56 INFO  Executed sudo&lt;restart_apama_service&gt;, exit status 0
10:43:57 INFO  Executed sudo&lt;apama_correlator_wait&gt;, exit status 0
10:43:57 INFO  Assertion that path exists=True for "/etc/tedge/apama/project" ... passed
10:43:58 INFO  Executed sudo&lt;apama_list_monitors&gt;, exit status 0
10:43:58 INFO  Grep on file /home/pi/actions-runner/_work/thin-edge.io/thin-edge.io/tests/PySys/plugin_apama/apama_plugin_update/Output/linux/apama_list_monitors.out ... passed
10:43:58 WARN  Executed sudo&lt;plugin_install&gt;, exit status 2
10:43:58 INFO  Contents of plugin_install.err: 
  ERROR: Directory not empty (os error 39)
  -----

10:43:58 WARN  sudo&lt;plugin_install&gt; returned non-zero exit code 2 ... blocked [run.py:35]
10:43:58 WARN  Aborted test due to BLOCKED outcome
10:43:58 INFO  
10:43:58 INFO  cleanup:
10:43:58 INFO  Removing apama project
10:44:14 INFO  Executed sudo&lt;stop_apama_service&gt;, exit status 0, duration 15 secs
10:44:14 INFO  Executed sudo&lt;remove_apama_project&gt;, exit status 0
10:44:15 INFO  Executed sudo&lt;remove_apama_tmp_dir&gt;, exit status 0
10:44:15 INFO  
10:44:15 INFO  Test duration: 21.37 secs
10:44:15 INFO  Test final outcome:  BLOCKED
10:44:15 INFO  Test outcome reason: sudo&lt;plugin_install&gt; returned non-zero exit code 2
10:44:15 INFO  
</system-out>
	</testcase>
</testsuite><testsuite name="SoftwareManagement.sm_apt_install_download_path" tests="3" errors="0" failures="2" skipped="1" time="0"><testcase classname="AptInstallWithDownloadPath" name="SoftwareManagement.sm_apt_install_download_path">
		<skipped message="SKIPPED: Testing the apt plugin is not supported on this platform.Use parameter -XmyPlatform='container' to enable it" />
		<system-out>09:53:29 INFO  ==============================================================
09:53:29 INFO  Id:    SoftwareManagement.sm_apt_install_download_path
09:53:29 INFO  Dir:   software_management_end_to_end/
09:53:29 INFO  Title: Install package to directory specified in tedge config set tmp.path
09:53:29 INFO  ==============================================================
09:53:29 INFO  Testing the apt plugin is not supported on this platform.Use parameter -XmyPlatform='container' to enable it ... skipped
09:53:29 WARN  Aborted test due to SKIPPED outcome
09:53:29 INFO  
09:53:29 INFO  Test duration: 0.08 secs
09:53:29 INFO  Test final outcome:  SKIPPED
09:53:29 INFO  Test outcome reason: Testing the apt plugin is not supported on this platform.Use parameter -XmyPlatform='container' to enable it
09:53:29 INFO  
</system-out>
	</testcase>
<testcase classname="AptInstallWithDownloadPath" name="SoftwareManagement.sm_apt_install_download_path">
		<failure message="BLOCKED: AssertionError:" type="BLOCKED" />
		<system-out>10:17:09 INFO  ==============================================================
10:17:09 INFO  Id:    SoftwareManagement.sm_apt_install_download_path
10:17:09 INFO  Dir:   software_management_end_to_end/
10:17:09 INFO  Title: Install package to directory specified in tedge config set tmp.path
10:17:09 INFO  ==============================================================
10:17:09 INFO  Using sw id database: {'asciijump': '5475369', 'robotfindskitten': '5474869', 'squirrel3': '5475279', 'rolldice': '5152439', 'moon-buggy': '5439204', 'apple': '5495053', 'banana': '5494888', 'cherry': '5495382', 'watermelon': '5494510', 'registry': '8018911', 'hello-world': '8021526', 'docker/getting-started': '8021973', 'alpine': '7991792'}
10:17:09 INFO  EnvironmentC8y Setup
10:17:10 INFO  Executed systemctl&lt;serv_mapper1&gt;, exit status 3
10:17:24 INFO  Executed sudo&lt;tedge_connect_c8y&gt;, exit status 0, duration 14 secs
10:17:26 INFO  Executed sudo&lt;tedge_connect_c8y_test&gt;, exit status 0
10:17:27 INFO  Executed systemctl&lt;serv_mosq2&gt;, exit status 0
10:17:28 INFO  Executed systemctl&lt;serv_mapper3&gt;, exit status 0
10:17:30 ERROR No operations found, assuming it passed
10:17:30 INFO  Assert that (False == value) with value=False ... passed
10:17:31 INFO  Executed sudo, exit status 0
10:17:31 INFO  Executed sudo, exit status 0
10:17:32 INFO  Executed sudo, exit status 0
10:17:36 INFO  Executed sudo&lt;tedge_disconnect_c8y&gt;, exit status 0
10:17:36 INFO  Restarting mosquitto too frequently in the last 10 seconds. It was only up for 3 seconds
10:17:36 INFO  Delaying execution by 8 seconds
10:17:58 INFO  Executed sudo&lt;tedge_connect_c8y&gt;, exit status 0, duration 14 secs
10:17:58 INFO  Response status: 201
10:17:58 INFO  Response to action: {
    "delivery": {
        "log": [],
        "time": "2022-06-22T10:17:58.894Z",
        "status": "PENDING"
    },
    "creationTime": "2022-06-22T10:17:58.850Z",
    "deviceName": "m32sd10d",
    "deviceId": "20363028",
    "self": "https://t493319102.eu-latest.cumulocity.com/devicecontrol/operations/20403341",
    "id": "20403341",
    "status": "PENDING",
    "description": "Apply software changes, triggered from PySys: [{'name': 'rolldice', 'id': '5152439', 'version': '::apt', 'url': 'https://thin-edge-io.eu-latest.cumulocity.com/inventory/binaries/12435463', 'action': 'install'}]",
    "c8y_SoftwareUpdate": [
        {
            "name": "rolldice",
            "action": "install",
            "id": "5152439",
            "version": "::apt",
            "url": "https://thin-edge-io.eu-latest.cumulocity.com/inventory/binaries/12435463"
        }
    ]
}
10:17:58 INFO  Started operation: {'delivery': {'log': [], 'time': '2022-06-22T10:17:58.894Z', 'status': 'PENDING'}, 'creationTime': '2022-06-22T10:17:58.850Z', 'deviceName': 'm32sd10d', 'deviceId': '20363028', 'self': 'https://t493319102.eu-latest.cumulocity.com/devicecontrol/operations/20403341', 'id': '20403341', 'status': 'PENDING', 'description': "Apply software changes, triggered from PySys: [{'name': 'rolldice', 'id': '5152439', 'version': '::apt', 'url': 'https://thin-edge-io.eu-latest.cumulocity.com/inventory/binaries/12435463', 'action': 'install'}]", 'c8y_SoftwareUpdate': [{'name': 'rolldice', 'action': 'install', 'id': '5152439', 'version': '::apt', 'url': 'https://thin-edge-io.eu-latest.cumulocity.com/inventory/binaries/12435463'}]}
10:17:58 WARN  , retrying in 0.5 seconds...
10:17:59 WARN  , retrying in 0.5 seconds...
10:17:59 WARN  , retrying in 0.5 seconds...
10:18:00 WARN  , retrying in 0.5 seconds...
10:18:00 WARN  , retrying in 0.5 seconds...
10:18:01 WARN  , retrying in 0.5 seconds...
10:18:01 WARN  , retrying in 0.5 seconds...
10:18:02 WARN  , retrying in 0.5 seconds...
10:18:02 WARN  , retrying in 0.5 seconds...
10:18:03 WARN  AssertionError occurred while running test - 
Traceback (most recent call last):
  File "/home/pi/env-pysys/lib/python3.7/site-packages/pysys/baserunner.py", line 1294, in __call__
    self.testObj.execute()
  File "/home/pi/actions-runner/_work/thin-edge.io/thin-edge.io/tests/PySys/software_management_end_to_end/sm_apt_install_download_path/run.py", line 83, in execute
    assert_install_in_download_path(install_directory=self.DOWNLOAD_DIR)
  File "/home/pi/env-pysys/lib/python3.7/site-packages/decorator.py", line 232, in fun
    return caller(func, *(extras + args), **kw)
  File "/home/pi/env-pysys/lib/python3.7/site-packages/retry/api.py", line 74, in retry_decorator
    logger)
  File "/home/pi/env-pysys/lib/python3.7/site-packages/retry/api.py", line 33, in __retry_internal
    return f()
  File "/home/pi/actions-runner/_work/thin-edge.io/thin-edge.io/tests/PySys/software_management_end_to_end/sm_apt_install_download_path/run.py", line 28, in assert_install_in_download_path
    assert "rolldice" in os.listdir(f"{install_directory}")
AssertionError
10:18:04 WARN  AssertionError: ... blocked 
10:18:04 INFO  
10:18:04 INFO  cleanup:
10:18:04 INFO  Executed sudo, exit status 0
10:18:05 INFO  Executed sudo, exit status 0
10:18:09 INFO  Executed sudo&lt;tedge_disconnect_c8y&gt;, exit status 0
10:18:09 INFO  Restarting mosquitto too frequently in the last 10 seconds. It was only up for 3 seconds
10:18:09 INFO  Delaying execution by 8 seconds
10:18:31 INFO  Executed sudo&lt;tedge_connect_c8y&gt;, exit status 0, duration 14 secs
10:18:35 INFO  Executed sudo&lt;tedge_disconnect_c8y&gt;, exit status 0
10:18:36 INFO  Executed systemctl&lt;serv_mapper5&gt;, exit status 3
10:18:36 INFO  
10:18:36 INFO  Test duration: 87.01 secs
10:18:36 INFO  Test final outcome:  BLOCKED
10:18:36 INFO  Test outcome reason: AssertionError:
10:18:36 INFO  
</system-out>
	</testcase>
<testcase classname="AptInstallWithDownloadPath" name="SoftwareManagement.sm_apt_install_download_path">
		<failure message="BLOCKED: AssertionError:" type="BLOCKED" />
		<system-out>10:44:15 INFO  ==============================================================
10:44:15 INFO  Id:    SoftwareManagement.sm_apt_install_download_path
10:44:15 INFO  Dir:   software_management_end_to_end/
10:44:15 INFO  Title: Install package to directory specified in tedge config set tmp.path
10:44:15 INFO  ==============================================================
10:44:16 INFO  Using sw id database: {'asciijump': '5475369', 'robotfindskitten': '5474869', 'squirrel3': '5475279', 'rolldice': '5152439', 'moon-buggy': '5439204', 'apple': '5495053', 'banana': '5494888', 'cherry': '5495382', 'watermelon': '5494510', 'registry': '8018911', 'hello-world': '8021526', 'docker/getting-started': '8021973', 'alpine': '7991792'}
10:44:16 INFO  EnvironmentC8y Setup
10:44:17 INFO  Executed systemctl&lt;serv_mapper1&gt;, exit status 3
10:44:31 INFO  Executed sudo&lt;tedge_connect_c8y&gt;, exit status 0, duration 13 secs
10:44:31 INFO  Executed sudo&lt;tedge_connect_c8y_test&gt;, exit status 0
10:44:32 INFO  Executed systemctl&lt;serv_mosq2&gt;, exit status 0
10:44:32 INFO  Executed systemctl&lt;serv_mapper3&gt;, exit status 0
10:44:35 INFO  State of current operation: SUCCESSFUL
10:44:35 INFO  Assert that (False == value) with value=False ... passed
10:44:35 INFO  Executed sudo, exit status 0
10:44:36 INFO  Executed sudo, exit status 0
10:44:37 INFO  Executed sudo, exit status 0
10:44:40 INFO  Executed sudo&lt;tedge_disconnect_c8y&gt;, exit status 0
10:44:41 INFO  Restarting mosquitto too frequently in the last 10 seconds. It was only up for 3 seconds
10:44:41 INFO  Delaying execution by 8 seconds
10:45:02 INFO  Executed sudo&lt;tedge_connect_c8y&gt;, exit status 0, duration 13 secs
10:45:03 INFO  Response status: 201
10:45:03 INFO  Response to action: {
    "creationTime": "2022-06-22T10:45:02.978Z",
    "deviceName": "m32sd10d",
    "deviceId": "20363028",
    "self": "https://t493319102.eu-latest.cumulocity.com/devicecontrol/operations/20403517",
    "id": "20403517",
    "status": "PENDING",
    "description": "Apply software changes, triggered from PySys: [{'name': 'rolldice', 'id': '5152439', 'version': '::apt', 'url': 'https://thin-edge-io.eu-latest.cumulocity.com/inventory/binaries/12435463', 'action': 'install'}]",
    "c8y_SoftwareUpdate": [
        {
            "name": "rolldice",
            "action": "install",
            "id": "5152439",
            "version": "::apt",
            "url": "https://thin-edge-io.eu-latest.cumulocity.com/inventory/binaries/12435463"
        }
    ]
}
10:45:03 INFO  Started operation: {'creationTime': '2022-06-22T10:45:02.978Z', 'deviceName': 'm32sd10d', 'deviceId': '20363028', 'self': 'https://t493319102.eu-latest.cumulocity.com/devicecontrol/operations/20403517', 'id': '20403517', 'status': 'PENDING', 'description': "Apply software changes, triggered from PySys: [{'name': 'rolldice', 'id': '5152439', 'version': '::apt', 'url': 'https://thin-edge-io.eu-latest.cumulocity.com/inventory/binaries/12435463', 'action': 'install'}]", 'c8y_SoftwareUpdate': [{'name': 'rolldice', 'action': 'install', 'id': '5152439', 'version': '::apt', 'url': 'https://thin-edge-io.eu-latest.cumulocity.com/inventory/binaries/12435463'}]}
10:45:03 WARN  , retrying in 0.5 seconds...
10:45:03 WARN  , retrying in 0.5 seconds...
10:45:04 WARN  , retrying in 0.5 seconds...
10:45:04 WARN  , retrying in 0.5 seconds...
10:45:05 WARN  , retrying in 0.5 seconds...
10:45:05 WARN  , retrying in 0.5 seconds...
10:45:06 WARN  , retrying in 0.5 seconds...
10:45:06 WARN  , retrying in 0.5 seconds...
10:45:07 WARN  , retrying in 0.5 seconds...
10:45:07 WARN  AssertionError occurred while running test - 
Traceback (most recent call last):
  File "/home/pi/env-pysys/lib/python3.7/site-packages/pysys/baserunner.py", line 1294, in __call__
    self.testObj.execute()
  File "/home/pi/actions-runner/_work/thin-edge.io/thin-edge.io/tests/PySys/software_management_end_to_end/sm_apt_install_download_path/run.py", line 83, in execute
    assert_install_in_download_path(install_directory=self.DOWNLOAD_DIR)
  File "/home/pi/env-pysys/lib/python3.7/site-packages/decorator.py", line 232, in fun
    return caller(func, *(extras + args), **kw)
  File "/home/pi/env-pysys/lib/python3.7/site-packages/retry/api.py", line 74, in retry_decorator
    logger)
  File "/home/pi/env-pysys/lib/python3.7/site-packages/retry/api.py", line 33, in __retry_internal
    return f()
  File "/home/pi/actions-runner/_work/thin-edge.io/thin-edge.io/tests/PySys/software_management_end_to_end/sm_apt_install_download_path/run.py", line 28, in assert_install_in_download_path
    assert "rolldice" in os.listdir(f"{install_directory}")
AssertionError
10:45:07 WARN  AssertionError: ... blocked 
10:45:07 INFO  
10:45:07 INFO  cleanup:
10:45:08 INFO  Executed sudo, exit status 0
10:45:08 INFO  Executed sudo, exit status 0
10:45:13 INFO  Executed sudo&lt;tedge_disconnect_c8y&gt;, exit status 0
10:45:13 INFO  Restarting mosquitto too frequently in the last 10 seconds. It was only up for 4 seconds
10:45:13 INFO  Delaying execution by 7 seconds
10:45:34 INFO  Executed sudo&lt;tedge_connect_c8y&gt;, exit status 0, duration 14 secs
10:45:38 INFO  Executed sudo&lt;tedge_disconnect_c8y&gt;, exit status 0
10:45:39 INFO  Executed systemctl&lt;serv_mapper5&gt;, exit status 3
10:45:39 INFO  
10:45:39 INFO  Test duration: 83.64 secs
10:45:39 INFO  Test final outcome:  BLOCKED
10:45:39 INFO  Test outcome reason: AssertionError:
10:45:39 INFO  
</system-out>
	</testcase>
</testsuite><testsuite name="SoftwareManagement.sm_apt_install_fail" tests="3" errors="0" failures="0" skipped="1" time="0"><testcase classname="PySysTest" name="SoftwareManagement.sm_apt_install_fail">
		<skipped message="SKIPPED: Testing the apt plugin is not supported on this platform.Use parameter -XmyPlatform='container' to enable it" />
		<system-out>09:53:29 INFO  ==============================================================
09:53:29 INFO  Id:    SoftwareManagement.sm_apt_install_fail
09:53:29 INFO  Dir:   software_management_end_to_end/
09:53:29 INFO  Title: Validate end to end behaviour for a failing installation
09:53:29 INFO  ==============================================================
09:53:29 INFO  Testing the apt plugin is not supported on this platform.Use parameter -XmyPlatform='container' to enable it ... skipped
09:53:29 WARN  Aborted test due to SKIPPED outcome
09:53:29 INFO  
09:53:29 INFO  Test duration: 0.02 secs
09:53:29 INFO  Test final outcome:  SKIPPED
09:53:29 INFO  Test outcome reason: Testing the apt plugin is not supported on this platform.Use parameter -XmyPlatform='container' to enable it
09:53:29 INFO  
</system-out>
	</testcase>
<testcase classname="PySysTest" name="SoftwareManagement.sm_apt_install_fail" />
<testcase classname="PySysTest" name="SoftwareManagement.sm_apt_install_fail" />
</testsuite><testsuite name="SoftwareManagement.sm_apt_install_remove" tests="3" errors="0" failures="0" skipped="1" time="0"><testcase classname="PySysTest" name="SoftwareManagement.sm_apt_install_remove">
		<skipped message="SKIPPED: Testing the apt plugin is not supported on this platform.Use parameter -XmyPlatform='container' to enable it" />
		<system-out>09:53:30 INFO  ==============================================================
09:53:30 INFO  Id:    SoftwareManagement.sm_apt_install_remove
09:53:30 INFO  Dir:   software_management_end_to_end/
09:53:30 INFO  Title: Validate end to end behaviour for the apt plugin for installation and removal of packages
09:53:30 INFO  ==============================================================
09:53:30 INFO  Testing the apt plugin is not supported on this platform.Use parameter -XmyPlatform='container' to enable it ... skipped
09:53:30 WARN  Aborted test due to SKIPPED outcome
09:53:30 INFO  
09:53:30 INFO  Test duration: 0.02 secs
09:53:30 INFO  Test final outcome:  SKIPPED
09:53:30 INFO  Test outcome reason: Testing the apt plugin is not supported on this platform.Use parameter -XmyPlatform='container' to enable it
09:53:30 INFO  
</system-out>
	</testcase>
<testcase classname="PySysTest" name="SoftwareManagement.sm_apt_install_remove" />
<testcase classname="PySysTest" name="SoftwareManagement.sm_apt_install_remove" />
</testsuite><testsuite name="SoftwareManagement.sm_apt_install_remove_default" tests="3" errors="0" failures="0" skipped="1" time="0"><testcase classname="PySysTest" name="SoftwareManagement.sm_apt_install_remove_default">
		<skipped message="SKIPPED: Testing the apt plugin is not supported on this platform.Use parameter -XmyPlatform='container' to enable it" />
		<system-out>09:53:30 INFO  ==============================================================
09:53:30 INFO  Id:    SoftwareManagement.sm_apt_install_remove_default
09:53:30 INFO  Dir:   software_management_end_to_end/
09:53:30 INFO  Title: Validate end to end behaviour for the default plugin for installation and removal of packages
09:53:30 INFO  ==============================================================
09:53:30 INFO  Testing the apt plugin is not supported on this platform.Use parameter -XmyPlatform='container' to enable it ... skipped
09:53:30 WARN  Aborted test due to SKIPPED outcome
09:53:30 INFO  
09:53:30 INFO  Test duration: 0.02 secs
09:53:30 INFO  Test final outcome:  SKIPPED
09:53:30 INFO  Test outcome reason: Testing the apt plugin is not supported on this platform.Use parameter -XmyPlatform='container' to enable it
09:53:30 INFO  
</system-out>
	</testcase>
<testcase classname="PySysTest" name="SoftwareManagement.sm_apt_install_remove_default" />
<testcase classname="PySysTest" name="SoftwareManagement.sm_apt_install_remove_default" />
</testsuite><testsuite name="SoftwareManagement.sm_apt_install_remove_multiple" tests="3" errors="0" failures="2" skipped="1" time="0"><testcase classname="PySysTest" name="SoftwareManagement.sm_apt_install_remove_multiple">
		<skipped message="SKIPPED: Testing the apt plugin is not supported on this platform.Use parameter -XmyPlatform='container' to enable it" />
		<system-out>09:53:30 INFO  ==============================================================
09:53:30 INFO  Id:    SoftwareManagement.sm_apt_install_remove_multiple
09:53:30 INFO  Dir:   software_management_end_to_end/
09:53:30 INFO  Title: Validate end to end behaviour for the apt plugin for multiple packages
09:53:30 INFO  ==============================================================
09:53:30 INFO  Testing the apt plugin is not supported on this platform.Use parameter -XmyPlatform='container' to enable it ... skipped
09:53:30 WARN  Aborted test due to SKIPPED outcome
09:53:30 INFO  
09:53:30 INFO  Test duration: 0.04 secs
09:53:30 INFO  Test final outcome:  SKIPPED
09:53:30 INFO  Test outcome reason: Testing the apt plugin is not supported on this platform.Use parameter -XmyPlatform='container' to enable it
09:53:30 INFO  
</system-out>
	</testcase>
<testcase classname="PySysTest" name="SoftwareManagement.sm_apt_install_remove_multiple">
		<failure message="FAILED: Assert that (False == value) with value=True" type="FAILED" />
		<system-out>10:25:23 INFO  ==============================================================
10:25:23 INFO  Id:    SoftwareManagement.sm_apt_install_remove_multiple
10:25:23 INFO  Dir:   software_management_end_to_end/
10:25:23 INFO  Title: Validate end to end behaviour for the apt plugin for multiple packages
10:25:23 INFO  ==============================================================
10:25:23 INFO  Using sw id database: {'asciijump': '5475369', 'robotfindskitten': '5474869', 'squirrel3': '5475279', 'rolldice': '5152439', 'moon-buggy': '5439204', 'apple': '5495053', 'banana': '5494888', 'cherry': '5495382', 'watermelon': '5494510', 'registry': '8018911', 'hello-world': '8021526', 'docker/getting-started': '8021973', 'alpine': '7991792'}
10:25:23 INFO  EnvironmentC8y Setup
10:25:24 INFO  Executed systemctl&lt;serv_mapper1&gt;, exit status 3
10:25:24 INFO  Restarting mosquitto too frequently in the last 10 seconds. It was only up for 5 seconds
10:25:24 INFO  Delaying execution by 6 seconds
10:25:44 INFO  Executed sudo&lt;tedge_connect_c8y&gt;, exit status 0, duration 14 secs
10:25:45 INFO  Executed sudo&lt;tedge_connect_c8y_test&gt;, exit status 0
10:25:45 INFO  Executed systemctl&lt;serv_mosq2&gt;, exit status 0
10:25:46 INFO  Executed systemctl&lt;serv_mapper3&gt;, exit status 0
10:25:48 INFO  State of current operation: SUCCESSFUL
10:25:48 INFO  Assert that (False == value) with value=False ... passed
10:25:49 INFO  Assert that (False == value) with value=False ... passed
10:25:49 INFO  Assert that (False == value) with value=False ... passed
10:25:49 INFO  Package robotfindskitten is installed
10:25:49 WARN  Assert that (False == value) with value=True ... failed 
10:25:49 INFO  Response status: 201
10:25:49 INFO  Response to action: {
    "creationTime": "2022-06-22T10:25:49.870Z",
    "deviceName": "m32sd10d",
    "deviceId": "20363028",
    "self": "https://t493319102.eu-latest.cumulocity.com/devicecontrol/operations/20403408",
    "id": "20403408",
    "status": "PENDING",
    "description": "Apply software changes, triggered from PySys: [{'action': 'install', 'id': '5475369', 'name': 'asciijump', 'url': ' ', 'version': '::apt'}, {'action': 'install', 'id': '5474869', 'name': 'robotfindskitten', 'url': ' ', 'version': '::apt'}, {'action': 'install', 'id': '5475279', 'name': 'squirrel3', 'url': ' ', 'version': '::apt'}]",
    "c8y_SoftwareUpdate": [
        {
            "name": "asciijump",
            "action": "install",
            "id": "5475369",
            "version": "::apt",
            "url": " "
        },
        {
            "name": "robotfindskitten",
            "action": "install",
            "id": "5474869",
            "version": "::apt",
            "url": " "
        },
        {
            "name": "squirrel3",
            "action": "install",
            "id": "5475279",
            "version": "::apt",
            "url": " "
        }
    ]
}
10:25:49 INFO  Started operation: {'creationTime': '2022-06-22T10:25:49.870Z', 'deviceName': 'm32sd10d', 'deviceId': '20363028', 'self': 'https://t493319102.eu-latest.cumulocity.com/devicecontrol/operations/20403408', 'id': '20403408', 'status': 'PENDING', 'description': "Apply software changes, triggered from PySys: [{'action': 'install', 'id': '5475369', 'name': 'asciijump', 'url': ' ', 'version': '::apt'}, {'action': 'install', 'id': '5474869', 'name': 'robotfindskitten', 'url': ' ', 'version': '::apt'}, {'action': 'install', 'id': '5475279', 'name': 'squirrel3', 'url': ' ', 'version': '::apt'}]", 'c8y_SoftwareUpdate': [{'name': 'asciijump', 'action': 'install', 'id': '5475369', 'version': '::apt', 'url': ' '}, {'name': 'robotfindskitten', 'action': 'install', 'id': '5474869', 'version': '::apt', 'url': ' '}, {'name': 'squirrel3', 'action': 'install', 'id': '5475279', 'version': '::apt', 'url': ' '}]}
10:25:52 INFO  State of operation 20403408 : PENDING
10:25:54 INFO  State of operation 20403408 : EXECUTING
10:25:56 INFO  State of operation 20403408 : EXECUTING
10:25:59 INFO  State of operation 20403408 : EXECUTING
10:26:01 INFO  State of operation 20403408 : EXECUTING
10:26:03 INFO  State of operation 20403408 : EXECUTING
10:26:06 INFO  State of operation 20403408 : EXECUTING
10:26:09 INFO  State of operation 20403408 : EXECUTING
10:26:11 INFO  State of operation 20403408 : EXECUTING
10:26:13 INFO  State of operation 20403408 : EXECUTING
10:26:16 INFO  State of operation 20403408 : EXECUTING
10:26:18 INFO  State of operation 20403408 : EXECUTING
10:26:20 INFO  State of operation 20403408 : EXECUTING
10:26:22 INFO  State of operation 20403408 : EXECUTING
10:26:25 INFO  State of operation 20403408 : EXECUTING
10:26:27 INFO  State of operation 20403408 : EXECUTING
10:26:29 INFO  State of operation 20403408 : EXECUTING
10:26:32 INFO  State of operation 20403408 : EXECUTING
10:26:34 INFO  State of operation 20403408 : EXECUTING
10:26:37 INFO  State of operation 20403408 : EXECUTING
10:26:39 INFO  State of operation 20403408 : EXECUTING
10:26:41 INFO  State of operation 20403408 : EXECUTING
10:26:44 INFO  State of operation 20403408 : EXECUTING
10:26:47 INFO  State of operation 20403408 : EXECUTING
10:26:49 INFO  State of operation 20403408 : EXECUTING
10:26:52 INFO  State of operation 20403408 : EXECUTING
10:26:54 INFO  State of operation 20403408 : EXECUTING
10:26:57 INFO  State of operation 20403408 : EXECUTING
10:26:59 INFO  State of operation 20403408 : EXECUTING
10:27:01 INFO  State of operation 20403408 : EXECUTING
10:27:03 INFO  State of operation 20403408 : EXECUTING
10:27:06 INFO  State of operation 20403408 : EXECUTING
10:27:08 INFO  State of operation 20403408 : EXECUTING
10:27:10 INFO  State of operation 20403408 : SUCCESSFUL
10:27:10 INFO  Assert that (False == value) with value=False ... passed
10:27:11 INFO  Package asciijump is installed
10:27:11 INFO  Assert that (True == value) with value=True ... passed
10:27:11 INFO  Package squirrel3 is installed
10:27:11 INFO  Assert that (True == value) with value=True ... passed
10:27:11 INFO  Package robotfindskitten is installed
10:27:11 INFO  Assert that (True == value) with value=True ... passed
10:27:11 INFO  Response status: 201
10:27:11 INFO  Response to action: {
    "creationTime": "2022-06-22T10:27:11.654Z",
    "deviceName": "m32sd10d",
    "deviceId": "20363028",
    "self": "https://t493319102.eu-latest.cumulocity.com/devicecontrol/operations/20403420",
    "id": "20403420",
    "status": "PENDING",
    "description": "Apply software changes, triggered from PySys: [{'action': 'delete', 'id': '5475369', 'name': 'asciijump', 'url': ' ', 'version': '::apt'}, {'action': 'delete', 'id': '5474869', 'name': 'robotfindskitten', 'url': ' ', 'version': '::apt'}, {'action': 'delete', 'id': '5475279', 'name': 'squirrel3', 'url': ' ', 'version': '::apt'}]",
    "c8y_SoftwareUpdate": [
        {
            "name": "asciijump",
            "action": "delete",
            "id": "5475369",
            "version": "::apt",
            "url": " "
        },
        {
            "name": "robotfindskitten",
            "action": "delete",
            "id": "5474869",
            "version": "::apt",
            "url": " "
        },
        {
            "name": "squirrel3",
            "action": "delete",
            "id": "5475279",
            "version": "::apt",
            "url": " "
        }
    ]
}
10:27:11 INFO  Started operation: {'creationTime': '2022-06-22T10:27:11.654Z', 'deviceName': 'm32sd10d', 'deviceId': '20363028', 'self': 'https://t493319102.eu-latest.cumulocity.com/devicecontrol/operations/20403420', 'id': '20403420', 'status': 'PENDING', 'description': "Apply software changes, triggered from PySys: [{'action': 'delete', 'id': '5475369', 'name': 'asciijump', 'url': ' ', 'version': '::apt'}, {'action': 'delete', 'id': '5474869', 'name': 'robotfindskitten', 'url': ' ', 'version': '::apt'}, {'action': 'delete', 'id': '5475279', 'name': 'squirrel3', 'url': ' ', 'version': '::apt'}]", 'c8y_SoftwareUpdate': [{'name': 'asciijump', 'action': 'delete', 'id': '5475369', 'version': '::apt', 'url': ' '}, {'name': 'robotfindskitten', 'action': 'delete', 'id': '5474869', 'version': '::apt', 'url': ' '}, {'name': 'squirrel3', 'action': 'delete', 'id': '5475279', 'version': '::apt', 'url': ' '}]}
10:27:13 INFO  State of operation 20403420 : PENDING
10:27:16 INFO  State of operation 20403420 : EXECUTING
10:27:18 INFO  State of operation 20403420 : EXECUTING
10:27:20 INFO  State of operation 20403420 : EXECUTING
10:27:22 INFO  State of operation 20403420 : EXECUTING
10:27:25 INFO  State of operation 20403420 : EXECUTING
10:27:27 INFO  State of operation 20403420 : EXECUTING
10:27:30 INFO  State of operation 20403420 : EXECUTING
10:27:33 INFO  State of operation 20403420 : EXECUTING
10:27:35 INFO  State of operation 20403420 : EXECUTING
10:27:37 INFO  State of operation 20403420 : EXECUTING
10:27:39 INFO  State of operation 20403420 : EXECUTING
10:27:42 INFO  State of operation 20403420 : EXECUTING
10:27:44 INFO  State of operation 20403420 : EXECUTING
10:27:46 INFO  State of operation 20403420 : EXECUTING
10:27:49 INFO  State of operation 20403420 : EXECUTING
10:27:51 INFO  State of operation 20403420 : EXECUTING
10:27:54 INFO  State of operation 20403420 : EXECUTING
10:27:56 INFO  State of operation 20403420 : EXECUTING
10:27:58 INFO  State of operation 20403420 : EXECUTING
10:28:01 INFO  State of operation 20403420 : EXECUTING
10:28:03 INFO  State of operation 20403420 : EXECUTING
10:28:05 INFO  State of operation 20403420 : EXECUTING
10:28:07 INFO  State of operation 20403420 : EXECUTING
10:28:10 INFO  State of operation 20403420 : EXECUTING
10:28:13 INFO  State of operation 20403420 : EXECUTING
10:28:15 INFO  State of operation 20403420 : EXECUTING
10:28:17 INFO  State of operation 20403420 : SUCCESSFUL
10:28:17 INFO  Assert that (False == value) with value=False ... passed
10:28:17 INFO  Assert that (False == value) with value=False ... passed
10:28:18 INFO  Assert that (False == value) with value=False ... passed
10:28:18 INFO  Assert that (False == value) with value=False ... passed
10:28:18 INFO  
10:28:18 INFO  cleanup:
10:28:22 INFO  Executed sudo&lt;tedge_disconnect_c8y&gt;, exit status 0
10:28:22 INFO  Executed systemctl&lt;serv_mapper5&gt;, exit status 3
10:28:22 INFO  
10:28:22 INFO  Test duration: 178.97 secs
10:28:22 INFO  Test final outcome:  FAILED
10:28:22 INFO  Test outcome reason: Assert that (False == value) with value=True
10:28:22 INFO  
</system-out>
	</testcase>
<testcase classname="PySysTest" name="SoftwareManagement.sm_apt_install_remove_multiple">
		<failure message="FAILED: Assert that (False == value) with value=True (+2 other failures)" type="FAILED" />
		<system-out>10:52:14 INFO  ==============================================================
10:52:14 INFO  Id:    SoftwareManagement.sm_apt_install_remove_multiple
10:52:14 INFO  Dir:   software_management_end_to_end/
10:52:14 INFO  Title: Validate end to end behaviour for the apt plugin for multiple packages
10:52:14 INFO  ==============================================================
10:52:14 INFO  Using sw id database: {'asciijump': '5475369', 'robotfindskitten': '5474869', 'squirrel3': '5475279', 'rolldice': '5152439', 'moon-buggy': '5439204', 'apple': '5495053', 'banana': '5494888', 'cherry': '5495382', 'watermelon': '5494510', 'registry': '8018911', 'hello-world': '8021526', 'docker/getting-started': '8021973', 'alpine': '7991792'}
10:52:14 INFO  EnvironmentC8y Setup
10:52:14 INFO  Executed systemctl&lt;serv_mapper1&gt;, exit status 3
10:52:14 INFO  Restarting mosquitto too frequently in the last 10 seconds. It was only up for 4 seconds
10:52:14 INFO  Delaying execution by 7 seconds
10:52:36 INFO  Executed sudo&lt;tedge_connect_c8y&gt;, exit status 0, duration 14 secs
10:52:36 INFO  Executed sudo&lt;tedge_connect_c8y_test&gt;, exit status 0
10:52:37 INFO  Executed systemctl&lt;serv_mosq2&gt;, exit status 0
10:52:37 INFO  Executed systemctl&lt;serv_mapper3&gt;, exit status 0
10:52:39 INFO  State of current operation: SUCCESSFUL
10:52:40 INFO  Assert that (False == value) with value=False ... passed
10:52:40 INFO  Package asciijump is installed
10:52:40 WARN  Assert that (False == value) with value=True ... failed 
10:52:40 INFO  Package squirrel3 is installed
10:52:40 WARN  Assert that (False == value) with value=True ... failed 
10:52:41 INFO  Package robotfindskitten is installed
10:52:41 WARN  Assert that (False == value) with value=True ... failed 
10:52:41 INFO  Response status: 201
10:52:41 INFO  Response to action: {
    "creationTime": "2022-06-22T10:52:41.312Z",
    "deviceName": "m32sd10d",
    "deviceId": "20363028",
    "self": "https://t493319102.eu-latest.cumulocity.com/devicecontrol/operations/20403601",
    "id": "20403601",
    "status": "PENDING",
    "description": "Apply software changes, triggered from PySys: [{'action': 'install', 'id': '5475369', 'name': 'asciijump', 'url': ' ', 'version': '::apt'}, {'action': 'install', 'id': '5474869', 'name': 'robotfindskitten', 'url': ' ', 'version': '::apt'}, {'action': 'install', 'id': '5475279', 'name': 'squirrel3', 'url': ' ', 'version': '::apt'}]",
    "c8y_SoftwareUpdate": [
        {
            "name": "asciijump",
            "action": "install",
            "id": "5475369",
            "version": "::apt",
            "url": " "
        },
        {
            "name": "robotfindskitten",
            "action": "install",
            "id": "5474869",
            "version": "::apt",
            "url": " "
        },
        {
            "name": "squirrel3",
            "action": "install",
            "id": "5475279",
            "version": "::apt",
            "url": " "
        }
    ]
}
10:52:41 INFO  Started operation: {'creationTime': '2022-06-22T10:52:41.312Z', 'deviceName': 'm32sd10d', 'deviceId': '20363028', 'self': 'https://t493319102.eu-latest.cumulocity.com/devicecontrol/operations/20403601', 'id': '20403601', 'status': 'PENDING', 'description': "Apply software changes, triggered from PySys: [{'action': 'install', 'id': '5475369', 'name': 'asciijump', 'url': ' ', 'version': '::apt'}, {'action': 'install', 'id': '5474869', 'name': 'robotfindskitten', 'url': ' ', 'version': '::apt'}, {'action': 'install', 'id': '5475279', 'name': 'squirrel3', 'url': ' ', 'version': '::apt'}]", 'c8y_SoftwareUpdate': [{'name': 'asciijump', 'action': 'install', 'id': '5475369', 'version': '::apt', 'url': ' '}, {'name': 'robotfindskitten', 'action': 'install', 'id': '5474869', 'version': '::apt', 'url': ' '}, {'name': 'squirrel3', 'action': 'install', 'id': '5475279', 'version': '::apt', 'url': ' '}]}
10:52:43 INFO  State of operation 20403601 : PENDING
10:52:45 INFO  State of operation 20403601 : EXECUTING
10:52:48 INFO  State of operation 20403601 : EXECUTING
10:52:50 INFO  State of operation 20403601 : EXECUTING
10:52:52 INFO  State of operation 20403601 : EXECUTING
10:52:54 INFO  State of operation 20403601 : EXECUTING
10:52:57 INFO  State of operation 20403601 : EXECUTING
10:53:00 INFO  State of operation 20403601 : EXECUTING
10:53:02 INFO  State of operation 20403601 : EXECUTING
10:53:04 INFO  State of operation 20403601 : EXECUTING
10:53:07 INFO  State of operation 20403601 : EXECUTING
10:53:09 INFO  State of operation 20403601 : EXECUTING
10:53:11 INFO  State of operation 20403601 : EXECUTING
10:53:13 INFO  State of operation 20403601 : EXECUTING
10:53:16 INFO  State of operation 20403601 : EXECUTING
10:53:18 INFO  State of operation 20403601 : SUCCESSFUL
10:53:18 INFO  Assert that (False == value) with value=False ... passed
10:53:18 INFO  Package asciijump is installed
10:53:18 INFO  Assert that (True == value) with value=True ... passed
10:53:18 INFO  Package squirrel3 is installed
10:53:18 INFO  Assert that (True == value) with value=True ... passed
10:53:19 INFO  Package robotfindskitten is installed
10:53:19 INFO  Assert that (True == value) with value=True ... passed
10:53:19 INFO  Response status: 201
10:53:19 INFO  Response to action: {
    "creationTime": "2022-06-22T10:53:19.339Z",
    "deviceName": "m32sd10d",
    "deviceId": "20363028",
    "self": "https://t493319102.eu-latest.cumulocity.com/devicecontrol/operations/20403613",
    "id": "20403613",
    "status": "PENDING",
    "description": "Apply software changes, triggered from PySys: [{'action': 'delete', 'id': '5475369', 'name': 'asciijump', 'url': ' ', 'version': '::apt'}, {'action': 'delete', 'id': '5474869', 'name': 'robotfindskitten', 'url': ' ', 'version': '::apt'}, {'action': 'delete', 'id': '5475279', 'name': 'squirrel3', 'url': ' ', 'version': '::apt'}]",
    "c8y_SoftwareUpdate": [
        {
            "name": "asciijump",
            "action": "delete",
            "id": "5475369",
            "version": "::apt",
            "url": " "
        },
        {
            "name": "robotfindskitten",
            "action": "delete",
            "id": "5474869",
            "version": "::apt",
            "url": " "
        },
        {
            "name": "squirrel3",
            "action": "delete",
            "id": "5475279",
            "version": "::apt",
            "url": " "
        }
    ]
}
10:53:19 INFO  Started operation: {'creationTime': '2022-06-22T10:53:19.339Z', 'deviceName': 'm32sd10d', 'deviceId': '20363028', 'self': 'https://t493319102.eu-latest.cumulocity.com/devicecontrol/operations/20403613', 'id': '20403613', 'status': 'PENDING', 'description': "Apply software changes, triggered from PySys: [{'action': 'delete', 'id': '5475369', 'name': 'asciijump', 'url': ' ', 'version': '::apt'}, {'action': 'delete', 'id': '5474869', 'name': 'robotfindskitten', 'url': ' ', 'version': '::apt'}, {'action': 'delete', 'id': '5475279', 'name': 'squirrel3', 'url': ' ', 'version': '::apt'}]", 'c8y_SoftwareUpdate': [{'name': 'asciijump', 'action': 'delete', 'id': '5475369', 'version': '::apt', 'url': ' '}, {'name': 'robotfindskitten', 'action': 'delete', 'id': '5474869', 'version': '::apt', 'url': ' '}, {'name': 'squirrel3', 'action': 'delete', 'id': '5475279', 'version': '::apt', 'url': ' '}]}
10:53:21 INFO  State of operation 20403613 : PENDING
10:53:23 INFO  State of operation 20403613 : EXECUTING
10:53:26 INFO  State of operation 20403613 : EXECUTING
10:53:28 INFO  State of operation 20403613 : EXECUTING
10:53:30 INFO  State of operation 20403613 : EXECUTING
10:53:32 INFO  State of operation 20403613 : EXECUTING
10:53:35 INFO  State of operation 20403613 : EXECUTING
10:53:38 INFO  State of operation 20403613 : EXECUTING
10:53:41 INFO  State of operation 20403613 : EXECUTING
10:53:43 INFO  State of operation 20403613 : EXECUTING
10:53:45 INFO  State of operation 20403613 : EXECUTING
10:53:47 INFO  State of operation 20403613 : EXECUTING
10:53:50 INFO  State of operation 20403613 : EXECUTING
10:53:52 INFO  State of operation 20403613 : EXECUTING
10:53:54 INFO  State of operation 20403613 : EXECUTING
10:53:56 INFO  State of operation 20403613 : EXECUTING
10:53:59 INFO  State of operation 20403613 : EXECUTING
10:54:01 INFO  State of operation 20403613 : EXECUTING
10:54:04 INFO  State of operation 20403613 : EXECUTING
10:54:06 INFO  State of operation 20403613 : EXECUTING
10:54:08 INFO  State of operation 20403613 : EXECUTING
10:54:11 INFO  State of operation 20403613 : EXECUTING
10:54:13 INFO  State of operation 20403613 : EXECUTING
10:54:15 INFO  State of operation 20403613 : EXECUTING
10:54:18 INFO  State of operation 20403613 : EXECUTING
10:54:20 INFO  State of operation 20403613 : EXECUTING
10:54:23 INFO  State of operation 20403613 : EXECUTING
10:54:25 INFO  State of operation 20403613 : EXECUTING
10:54:27 INFO  State of operation 20403613 : SUCCESSFUL
10:54:27 INFO  Assert that (False == value) with value=False ... passed
10:54:27 INFO  Assert that (False == value) with value=False ... passed
10:54:28 INFO  Assert that (False == value) with value=False ... passed
10:54:28 INFO  Assert that (False == value) with value=False ... passed
10:54:28 INFO  
10:54:28 INFO  cleanup:
10:54:32 INFO  Executed sudo&lt;tedge_disconnect_c8y&gt;, exit status 0
10:54:32 INFO  Executed systemctl&lt;serv_mapper5&gt;, exit status 3
10:54:32 INFO  
10:54:32 INFO  Test duration: 138.67 secs
10:54:32 INFO  Test final outcome:  FAILED
10:54:32 INFO  Test outcome reason: Assert that (False == value) with value=True (+2 other failures)
10:54:32 INFO  
</system-out>
	</testcase>
</testsuite><testsuite name="SoftwareManagement.sm_apt_install_remove_multiple_mixed" tests="3" errors="0" failures="2" skipped="1" time="0"><testcase classname="PySysTest" name="SoftwareManagement.sm_apt_install_remove_multiple_mixed">
		<skipped message="SKIPPED: Testing the apt plugin is not supported on this platform.Use parameter -XmyPlatform='container' to enable it" />
		<system-out>09:53:30 INFO  ==============================================================
09:53:30 INFO  Id:    SoftwareManagement.sm_apt_install_remove_multiple_mixed
09:53:30 INFO  Dir:   software_management_end_to_end/
09:53:30 INFO  Title: Validate end to end behaviour for the apt plugin for multiple packages with mixed versions
09:53:30 INFO  ==============================================================
09:53:30 INFO  Testing the apt plugin is not supported on this platform.Use parameter -XmyPlatform='container' to enable it ... skipped
09:53:30 WARN  Aborted test due to SKIPPED outcome
09:53:30 INFO  
09:53:30 INFO  Test duration: 0.03 secs
09:53:30 INFO  Test final outcome:  SKIPPED
09:53:30 INFO  Test outcome reason: Testing the apt plugin is not supported on this platform.Use parameter -XmyPlatform='container' to enable it
09:53:30 INFO  
</system-out>
	</testcase>
<testcase classname="PySysTest" name="SoftwareManagement.sm_apt_install_remove_multiple_mixed">
		<failure message="BLOCKED: SystemError: Timeout while waiting for status SUCCESSFUL or False" type="BLOCKED" />
		<system-out>10:28:22 INFO  ==============================================================
10:28:22 INFO  Id:    SoftwareManagement.sm_apt_install_remove_multiple_mixed
10:28:22 INFO  Dir:   software_management_end_to_end/
10:28:22 INFO  Title: Validate end to end behaviour for the apt plugin for multiple packages with mixed versions
10:28:22 INFO  ==============================================================
10:28:23 INFO  Using sw id database: {'asciijump': '5475369', 'robotfindskitten': '5474869', 'squirrel3': '5475279', 'rolldice': '5152439', 'moon-buggy': '5439204', 'apple': '5495053', 'banana': '5494888', 'cherry': '5495382', 'watermelon': '5494510', 'registry': '8018911', 'hello-world': '8021526', 'docker/getting-started': '8021973', 'alpine': '7991792'}
10:28:23 INFO  EnvironmentC8y Setup
10:28:23 INFO  Executed systemctl&lt;serv_mapper1&gt;, exit status 3
10:28:23 INFO  Restarting mosquitto too frequently in the last 10 seconds. It was only up for 4 seconds
10:28:23 INFO  Delaying execution by 7 seconds
10:28:44 INFO  Executed sudo&lt;tedge_connect_c8y&gt;, exit status 0, duration 13 secs
10:28:45 INFO  Executed sudo&lt;tedge_connect_c8y_test&gt;, exit status 0
10:28:45 INFO  Executed systemctl&lt;serv_mosq2&gt;, exit status 0
10:28:46 INFO  Executed systemctl&lt;serv_mapper3&gt;, exit status 0
10:28:48 INFO  State of current operation: SUCCESSFUL
10:28:48 INFO  Assert that (False == value) with value=False ... passed
10:28:48 INFO  Assert that (False == value) with value=False ... passed
10:28:49 INFO  Assert that (False == value) with value=False ... passed
10:28:49 INFO  Assert that (False == value) with value=False ... passed
10:28:49 INFO  Assert that (False == value) with value=False ... passed
10:28:50 INFO  Response status: 201
10:28:50 INFO  Response to action: {
    "creationTime": "2022-06-22T10:28:50.713Z",
    "deviceName": "m32sd10d",
    "deviceId": "20363028",
    "self": "https://t493319102.eu-latest.cumulocity.com/devicecontrol/operations/20403429",
    "id": "20403429",
    "status": "PENDING",
    "description": "Apply software changes, triggered from PySys: [{'action': 'install', 'id': '5475369', 'name': 'asciijump', 'url': ' ', 'version': '::apt'}, {'action': 'install', 'id': '5474869', 'name': 'robotfindskitten', 'url': ' ', 'version': ' '}, {'action': 'install', 'id': '5475279', 'name': 'squirrel3', 'url': ' ', 'version': '3.1-7::apt'}, {'action': 'install', 'id': '5152439', 'name': 'rolldice', 'url': ' ', 'version': '1.16-1+b1'}, {'action': 'install', 'id': '5439204', 'name': 'moon-buggy', 'url': ' ', 'version': '1:1.0.51-12'}, {'action': 'install', 'id': '5475369', 'name': 'asciijump', 'url': ' ', 'version': '::apt'}]",
    "c8y_SoftwareUpdate": [
        {
            "name": "asciijump",
            "action": "install",
            "id": "5475369",
            "version": "::apt",
            "url": " "
        },
        {
            "name": "robotfindskitten",
            "action": "install",
            "id": "5474869",
            "version": " ",
            "url": " "
        },
        {
            "name": "squirrel3",
            "action": "install",
            "id": "5475279",
            "version": "3.1-7::apt",
            "url": " "
        },
        {
            "name": "rolldice",
            "action": "install",
            "id": "5152439",
            "version": "1.16-1+b1",
            "url": " "
        },
        {
            "name": "moon-buggy",
            "action": "install",
            "id": "5439204",
            "version": "1:1.0.51-12",
            "url": " "
        },
        {
            "name": "asciijump",
            "action": "install",
            "id": "5475369",
            "version": "::apt",
            "url": " "
        }
    ]
}
10:28:50 INFO  Started operation: {'creationTime': '2022-06-22T10:28:50.713Z', 'deviceName': 'm32sd10d', 'deviceId': '20363028', 'self': 'https://t493319102.eu-latest.cumulocity.com/devicecontrol/operations/20403429', 'id': '20403429', 'status': 'PENDING', 'description': "Apply software changes, triggered from PySys: [{'action': 'install', 'id': '5475369', 'name': 'asciijump', 'url': ' ', 'version': '::apt'}, {'action': 'install', 'id': '5474869', 'name': 'robotfindskitten', 'url': ' ', 'version': ' '}, {'action': 'install', 'id': '5475279', 'name': 'squirrel3', 'url': ' ', 'version': '3.1-7::apt'}, {'action': 'install', 'id': '5152439', 'name': 'rolldice', 'url': ' ', 'version': '1.16-1+b1'}, {'action': 'install', 'id': '5439204', 'name': 'moon-buggy', 'url': ' ', 'version': '1:1.0.51-12'}, {'action': 'install', 'id': '5475369', 'name': 'asciijump', 'url': ' ', 'version': '::apt'}]", 'c8y_SoftwareUpdate': [{'name': 'asciijump', 'action': 'install', 'id': '5475369', 'version': '::apt', 'url': ' '}, {'name': 'robotfindskitten', 'action': 'install', 'id': '5474869', 'version': ' ', 'url': ' '}, {'name': 'squirrel3', 'action': 'install', 'id': '5475279', 'version': '3.1-7::apt', 'url': ' '}, {'name': 'rolldice', 'action': 'install', 'id': '5152439', 'version': '1.16-1+b1', 'url': ' '}, {'name': 'moon-buggy', 'action': 'install', 'id': '5439204', 'version': '1:1.0.51-12', 'url': ' '}, {'name': 'asciijump', 'action': 'install', 'id': '5475369', 'version': '::apt', 'url': ' '}]}
10:28:52 INFO  State of operation 20403429 : PENDING
10:28:55 INFO  State of operation 20403429 : EXECUTING
10:28:57 INFO  State of operation 20403429 : EXECUTING
10:28:59 INFO  State of operation 20403429 : EXECUTING
10:29:01 INFO  State of operation 20403429 : EXECUTING
10:29:04 INFO  State of operation 20403429 : EXECUTING
10:29:07 INFO  State of operation 20403429 : EXECUTING
10:29:09 INFO  State of operation 20403429 : EXECUTING
10:29:12 INFO  State of operation 20403429 : EXECUTING
10:29:14 INFO  State of operation 20403429 : EXECUTING
10:29:16 INFO  State of operation 20403429 : EXECUTING
10:29:19 INFO  State of operation 20403429 : EXECUTING
10:29:21 INFO  State of operation 20403429 : EXECUTING
10:29:23 INFO  State of operation 20403429 : EXECUTING
10:29:25 INFO  State of operation 20403429 : EXECUTING
10:29:28 INFO  State of operation 20403429 : EXECUTING
10:29:30 INFO  State of operation 20403429 : EXECUTING
10:29:33 INFO  State of operation 20403429 : EXECUTING
10:29:35 INFO  State of operation 20403429 : EXECUTING
10:29:37 INFO  State of operation 20403429 : EXECUTING
10:29:40 INFO  State of operation 20403429 : EXECUTING
10:29:42 INFO  State of operation 20403429 : EXECUTING
10:29:44 INFO  State of operation 20403429 : EXECUTING
10:29:47 INFO  State of operation 20403429 : EXECUTING
10:29:49 INFO  State of operation 20403429 : EXECUTING
10:29:52 INFO  State of operation 20403429 : EXECUTING
10:29:54 INFO  State of operation 20403429 : EXECUTING
10:29:57 INFO  State of operation 20403429 : EXECUTING
10:29:59 INFO  State of operation 20403429 : EXECUTING
10:30:02 INFO  State of operation 20403429 : EXECUTING
10:30:04 INFO  State of operation 20403429 : EXECUTING
10:30:06 INFO  State of operation 20403429 : EXECUTING
10:30:08 INFO  State of operation 20403429 : EXECUTING
10:30:11 INFO  State of operation 20403429 : EXECUTING
10:30:13 INFO  State of operation 20403429 : EXECUTING
10:30:15 INFO  State of operation 20403429 : EXECUTING
10:30:17 INFO  State of operation 20403429 : EXECUTING
10:30:20 INFO  State of operation 20403429 : EXECUTING
10:30:23 INFO  State of operation 20403429 : EXECUTING
10:30:25 INFO  State of operation 20403429 : EXECUTING
10:30:27 INFO  State of operation 20403429 : EXECUTING
10:30:30 INFO  State of operation 20403429 : EXECUTING
10:30:32 INFO  State of operation 20403429 : EXECUTING
10:30:34 INFO  State of operation 20403429 : EXECUTING
10:30:36 INFO  State of operation 20403429 : EXECUTING
10:30:39 INFO  State of operation 20403429 : EXECUTING
10:30:41 INFO  State of operation 20403429 : EXECUTING
10:30:44 INFO  State of operation 20403429 : EXECUTING
10:30:46 INFO  State of operation 20403429 : EXECUTING
10:30:49 INFO  State of operation 20403429 : EXECUTING
10:30:51 INFO  State of operation 20403429 : EXECUTING
10:30:53 INFO  State of operation 20403429 : EXECUTING
10:30:57 INFO  State of operation 20403429 : EXECUTING
10:30:59 INFO  State of operation 20403429 : EXECUTING
10:31:02 INFO  State of operation 20403429 : EXECUTING
10:31:04 INFO  State of operation 20403429 : EXECUTING
10:31:07 INFO  State of operation 20403429 : EXECUTING
10:31:09 INFO  State of operation 20403429 : EXECUTING
10:31:11 INFO  State of operation 20403429 : EXECUTING
10:31:13 INFO  State of operation 20403429 : EXECUTING
10:31:16 INFO  State of operation 20403429 : EXECUTING
10:31:18 WARN  SystemError occurred while running test - Timeout while waiting for status SUCCESSFUL or False
Traceback (most recent call last):
  File "/home/pi/env-pysys/lib/python3.7/site-packages/pysys/baserunner.py", line 1294, in __call__
    self.testObj.execute()
  File "/home/pi/actions-runner/_work/thin-edge.io/thin-edge.io/tests/PySys/software_management_end_to_end/sm_apt_install_remove_multiple_mixed/run.py", line 89, in execute
    self.wait_until_succcess()
  File "/home/pi/actions-runner/_work/thin-edge.io/thin-edge.io/tests/PySys/software_management_end_to_end/environment_sm_management.py", line 324, in wait_until_succcess
    self.wait_until_status("SUCCESSFUL")
  File "/home/pi/actions-runner/_work/thin-edge.io/thin-edge.io/tests/PySys/software_management_end_to_end/environment_sm_management.py", line 381, in wait_until_status
    "Timeout while waiting for status %s or %s" % (status, status2)
SystemError: Timeout while waiting for status SUCCESSFUL or False
10:31:18 WARN  SystemError: Timeout while waiting for status SUCCESSFUL or False ... blocked 
10:31:18 INFO  
10:31:18 INFO  cleanup:
10:31:22 INFO  Executed sudo&lt;tedge_disconnect_c8y&gt;, exit status 0
10:31:23 INFO  Executed systemctl&lt;serv_mapper5&gt;, exit status 3
10:31:23 INFO  
10:31:23 INFO  Test duration: 180.57 secs
10:31:23 INFO  Test final outcome:  BLOCKED
10:31:23 INFO  Test outcome reason: SystemError: Timeout while waiting for status SUCCESSFUL or False
10:31:23 INFO  
</system-out>
	</testcase>
<testcase classname="PySysTest" name="SoftwareManagement.sm_apt_install_remove_multiple_mixed">
		<failure message="BLOCKED: SystemError: Timeout while waiting for status SUCCESSFUL or False (+1 other failures)" type="BLOCKED" />
		<system-out>10:54:33 INFO  ==============================================================
10:54:33 INFO  Id:    SoftwareManagement.sm_apt_install_remove_multiple_mixed
10:54:33 INFO  Dir:   software_management_end_to_end/
10:54:33 INFO  Title: Validate end to end behaviour for the apt plugin for multiple packages with mixed versions
10:54:33 INFO  ==============================================================
10:54:33 INFO  Using sw id database: {'asciijump': '5475369', 'robotfindskitten': '5474869', 'squirrel3': '5475279', 'rolldice': '5152439', 'moon-buggy': '5439204', 'apple': '5495053', 'banana': '5494888', 'cherry': '5495382', 'watermelon': '5494510', 'registry': '8018911', 'hello-world': '8021526', 'docker/getting-started': '8021973', 'alpine': '7991792'}
10:54:33 INFO  EnvironmentC8y Setup
10:54:33 INFO  Executed systemctl&lt;serv_mapper1&gt;, exit status 3
10:54:33 INFO  Restarting mosquitto too frequently in the last 10 seconds. It was only up for 4 seconds
10:54:33 INFO  Delaying execution by 7 seconds
10:54:54 INFO  Executed sudo&lt;tedge_connect_c8y&gt;, exit status 0, duration 13 secs
10:54:55 INFO  Executed sudo&lt;tedge_connect_c8y_test&gt;, exit status 0
10:54:55 INFO  Executed systemctl&lt;serv_mosq2&gt;, exit status 0
10:54:56 INFO  Executed systemctl&lt;serv_mapper3&gt;, exit status 0
10:54:58 INFO  State of current operation: SUCCESSFUL
10:54:58 INFO  Assert that (False == value) with value=False ... passed
10:54:58 INFO  Assert that (False == value) with value=False ... passed
10:54:59 INFO  Assert that (False == value) with value=False ... passed
10:54:59 INFO  Assert that (False == value) with value=False ... passed
10:54:59 INFO  Package moon-buggy is installed
10:54:59 WARN  Assert that (False == value) with value=True ... failed 
10:55:00 INFO  Response status: 201
10:55:00 INFO  Response to action: {
    "creationTime": "2022-06-22T10:55:00.756Z",
    "deviceName": "m32sd10d",
    "deviceId": "20363028",
    "self": "https://t493319102.eu-latest.cumulocity.com/devicecontrol/operations/20403625",
    "id": "20403625",
    "status": "PENDING",
    "description": "Apply software changes, triggered from PySys: [{'action': 'install', 'id': '5475369', 'name': 'asciijump', 'url': ' ', 'version': '::apt'}, {'action': 'install', 'id': '5474869', 'name': 'robotfindskitten', 'url': ' ', 'version': ' '}, {'action': 'install', 'id': '5475279', 'name': 'squirrel3', 'url': ' ', 'version': '3.1-7::apt'}, {'action': 'install', 'id': '5152439', 'name': 'rolldice', 'url': ' ', 'version': '1.16-1+b1'}, {'action': 'install', 'id': '5439204', 'name': 'moon-buggy', 'url': ' ', 'version': '1:1.0.51-12'}, {'action': 'install', 'id': '5475369', 'name': 'asciijump', 'url': ' ', 'version': '::apt'}]",
    "c8y_SoftwareUpdate": [
        {
            "name": "asciijump",
            "action": "install",
            "id": "5475369",
            "version": "::apt",
            "url": " "
        },
        {
            "name": "robotfindskitten",
            "action": "install",
            "id": "5474869",
            "version": " ",
            "url": " "
        },
        {
            "name": "squirrel3",
            "action": "install",
            "id": "5475279",
            "version": "3.1-7::apt",
            "url": " "
        },
        {
            "name": "rolldice",
            "action": "install",
            "id": "5152439",
            "version": "1.16-1+b1",
            "url": " "
        },
        {
            "name": "moon-buggy",
            "action": "install",
            "id": "5439204",
            "version": "1:1.0.51-12",
            "url": " "
        },
        {
            "name": "asciijump",
            "action": "install",
            "id": "5475369",
            "version": "::apt",
            "url": " "
        }
    ]
}
10:55:00 INFO  Started operation: {'creationTime': '2022-06-22T10:55:00.756Z', 'deviceName': 'm32sd10d', 'deviceId': '20363028', 'self': 'https://t493319102.eu-latest.cumulocity.com/devicecontrol/operations/20403625', 'id': '20403625', 'status': 'PENDING', 'description': "Apply software changes, triggered from PySys: [{'action': 'install', 'id': '5475369', 'name': 'asciijump', 'url': ' ', 'version': '::apt'}, {'action': 'install', 'id': '5474869', 'name': 'robotfindskitten', 'url': ' ', 'version': ' '}, {'action': 'install', 'id': '5475279', 'name': 'squirrel3', 'url': ' ', 'version': '3.1-7::apt'}, {'action': 'install', 'id': '5152439', 'name': 'rolldice', 'url': ' ', 'version': '1.16-1+b1'}, {'action': 'install', 'id': '5439204', 'name': 'moon-buggy', 'url': ' ', 'version': '1:1.0.51-12'}, {'action': 'install', 'id': '5475369', 'name': 'asciijump', 'url': ' ', 'version': '::apt'}]", 'c8y_SoftwareUpdate': [{'name': 'asciijump', 'action': 'install', 'id': '5475369', 'version': '::apt', 'url': ' '}, {'name': 'robotfindskitten', 'action': 'install', 'id': '5474869', 'version': ' ', 'url': ' '}, {'name': 'squirrel3', 'action': 'install', 'id': '5475279', 'version': '3.1-7::apt', 'url': ' '}, {'name': 'rolldice', 'action': 'install', 'id': '5152439', 'version': '1.16-1+b1', 'url': ' '}, {'name': 'moon-buggy', 'action': 'install', 'id': '5439204', 'version': '1:1.0.51-12', 'url': ' '}, {'name': 'asciijump', 'action': 'install', 'id': '5475369', 'version': '::apt', 'url': ' '}]}
10:55:03 INFO  State of operation 20403625 : PENDING
10:55:05 INFO  State of operation 20403625 : EXECUTING
10:55:07 INFO  State of operation 20403625 : EXECUTING
10:55:09 INFO  State of operation 20403625 : EXECUTING
10:55:12 INFO  State of operation 20403625 : EXECUTING
10:55:14 INFO  State of operation 20403625 : EXECUTING
10:55:17 INFO  State of operation 20403625 : EXECUTING
10:55:19 INFO  State of operation 20403625 : EXECUTING
10:55:22 INFO  State of operation 20403625 : EXECUTING
10:55:24 INFO  State of operation 20403625 : EXECUTING
10:55:26 INFO  State of operation 20403625 : EXECUTING
10:55:29 INFO  State of operation 20403625 : EXECUTING
10:55:31 INFO  State of operation 20403625 : EXECUTING
10:55:33 INFO  State of operation 20403625 : EXECUTING
10:55:35 INFO  State of operation 20403625 : EXECUTING
10:55:38 INFO  State of operation 20403625 : EXECUTING
10:55:40 INFO  State of operation 20403625 : EXECUTING
10:55:43 INFO  State of operation 20403625 : EXECUTING
10:55:45 INFO  State of operation 20403625 : EXECUTING
10:55:48 INFO  State of operation 20403625 : EXECUTING
10:55:50 INFO  State of operation 20403625 : EXECUTING
10:55:52 INFO  State of operation 20403625 : EXECUTING
10:55:55 INFO  State of operation 20403625 : EXECUTING
10:55:57 INFO  State of operation 20403625 : EXECUTING
10:56:00 INFO  State of operation 20403625 : EXECUTING
10:56:02 INFO  State of operation 20403625 : EXECUTING
10:56:04 INFO  State of operation 20403625 : EXECUTING
10:56:06 INFO  State of operation 20403625 : EXECUTING
10:56:08 INFO  State of operation 20403625 : EXECUTING
10:56:11 INFO  State of operation 20403625 : EXECUTING
10:56:13 INFO  State of operation 20403625 : EXECUTING
10:56:15 INFO  State of operation 20403625 : EXECUTING
10:56:18 INFO  State of operation 20403625 : EXECUTING
10:56:20 INFO  State of operation 20403625 : EXECUTING
10:56:22 INFO  State of operation 20403625 : EXECUTING
10:56:24 INFO  State of operation 20403625 : EXECUTING
10:56:27 INFO  State of operation 20403625 : EXECUTING
10:56:29 INFO  State of operation 20403625 : EXECUTING
10:56:32 INFO  State of operation 20403625 : EXECUTING
10:56:34 INFO  State of operation 20403625 : EXECUTING
10:56:37 INFO  State of operation 20403625 : EXECUTING
10:56:39 INFO  State of operation 20403625 : EXECUTING
10:56:41 INFO  State of operation 20403625 : EXECUTING
10:56:43 INFO  State of operation 20403625 : EXECUTING
10:56:46 INFO  State of operation 20403625 : EXECUTING
10:56:48 INFO  State of operation 20403625 : EXECUTING
10:56:50 INFO  State of operation 20403625 : EXECUTING
10:56:53 INFO  State of operation 20403625 : EXECUTING
10:56:56 INFO  State of operation 20403625 : EXECUTING
10:56:58 INFO  State of operation 20403625 : EXECUTING
10:57:01 INFO  State of operation 20403625 : EXECUTING
10:57:03 INFO  State of operation 20403625 : EXECUTING
10:57:05 INFO  State of operation 20403625 : EXECUTING
10:57:08 INFO  State of operation 20403625 : EXECUTING
10:57:10 INFO  State of operation 20403625 : EXECUTING
10:57:12 INFO  State of operation 20403625 : EXECUTING
10:57:15 INFO  State of operation 20403625 : EXECUTING
10:57:18 INFO  State of operation 20403625 : EXECUTING
10:57:20 INFO  State of operation 20403625 : EXECUTING
10:57:22 INFO  State of operation 20403625 : EXECUTING
10:57:25 INFO  State of operation 20403625 : EXECUTING
10:57:27 WARN  SystemError occurred while running test - Timeout while waiting for status SUCCESSFUL or False
Traceback (most recent call last):
  File "/home/pi/env-pysys/lib/python3.7/site-packages/pysys/baserunner.py", line 1294, in __call__
    self.testObj.execute()
  File "/home/pi/actions-runner/_work/thin-edge.io/thin-edge.io/tests/PySys/software_management_end_to_end/sm_apt_install_remove_multiple_mixed/run.py", line 89, in execute
    self.wait_until_succcess()
  File "/home/pi/actions-runner/_work/thin-edge.io/thin-edge.io/tests/PySys/software_management_end_to_end/environment_sm_management.py", line 324, in wait_until_succcess
    self.wait_until_status("SUCCESSFUL")
  File "/home/pi/actions-runner/_work/thin-edge.io/thin-edge.io/tests/PySys/software_management_end_to_end/environment_sm_management.py", line 381, in wait_until_status
    "Timeout while waiting for status %s or %s" % (status, status2)
SystemError: Timeout while waiting for status SUCCESSFUL or False
10:57:27 WARN  SystemError: Timeout while waiting for status SUCCESSFUL or False ... blocked 
10:57:27 INFO  
10:57:27 INFO  cleanup:
10:57:31 INFO  Executed sudo&lt;tedge_disconnect_c8y&gt;, exit status 0
10:57:32 INFO  Executed systemctl&lt;serv_mapper5&gt;, exit status 3
10:57:32 INFO  
10:57:32 INFO  Test duration: 179.03 secs
10:57:32 INFO  Test final outcome:  BLOCKED
10:57:32 INFO  Test outcome reason: SystemError: Timeout while waiting for status SUCCESSFUL or False (+1 other failures)
10:57:32 INFO  
</system-out>
	</testcase>
</testsuite><testsuite name="SoftwareManagement.sm_apt_install_remove_with_version" tests="3" errors="0" failures="0" skipped="1" time="0"><testcase classname="PySysTest" name="SoftwareManagement.sm_apt_install_remove_with_version">
		<skipped message="SKIPPED: Testing the apt plugin is not supported on this platform.Use parameter -XmyPlatform='container' to enable it" />
		<system-out>09:53:30 INFO  ==============================================================
09:53:30 INFO  Id:    SoftwareManagement.sm_apt_install_remove_with_version
09:53:30 INFO  Dir:   software_management_end_to_end/
09:53:30 INFO  Title: Validate end to end behaviour for the apt plugin for packages with version
09:53:30 INFO  ==============================================================
09:53:30 INFO  Testing the apt plugin is not supported on this platform.Use parameter -XmyPlatform='container' to enable it ... skipped
09:53:30 WARN  Aborted test due to SKIPPED outcome
09:53:30 INFO  
09:53:30 INFO  Test duration: 0.02 secs
09:53:30 INFO  Test final outcome:  SKIPPED
09:53:30 INFO  Test outcome reason: Testing the apt plugin is not supported on this platform.Use parameter -XmyPlatform='container' to enable it
09:53:30 INFO  
</system-out>
	</testcase>
<testcase classname="PySysTest" name="SoftwareManagement.sm_apt_install_remove_with_version" />
<testcase classname="PySysTest" name="SoftwareManagement.sm_apt_install_remove_with_version" />
</testsuite><testsuite name="SoftwareManagement.sm_docker_install_remove_multiple" tests="3" errors="0" failures="0" skipped="1" time="0"><testcase classname="SMDockerInstallRemove" name="SoftwareManagement.sm_docker_install_remove_multiple">
		<skipped message="SKIPPED: Testing the apt plugin is not supported on this platform.Use parameter -XmyPlatform='container' to enable it" />
		<system-out>09:53:30 INFO  ==============================================================
09:53:30 INFO  Id:    SoftwareManagement.sm_docker_install_remove_multiple
09:53:30 INFO  Dir:   software_management_end_to_end/
09:53:30 INFO  Title: Validate end to end behaviour for the docker plugin for multiple docker images with mixed versions
09:53:30 INFO  ==============================================================
09:53:30 INFO  Testing the apt plugin is not supported on this platform.Use parameter -XmyPlatform='container' to enable it ... skipped
09:53:30 WARN  Aborted test due to SKIPPED outcome
09:53:30 INFO  
09:53:30 INFO  Test duration: 0.02 secs
09:53:30 INFO  Test final outcome:  SKIPPED
09:53:30 INFO  Test outcome reason: Testing the apt plugin is not supported on this platform.Use parameter -XmyPlatform='container' to enable it
09:53:30 INFO  
</system-out>
	</testcase>
<testcase classname="SMDockerInstallRemove" name="SoftwareManagement.sm_docker_install_remove_multiple" />
<testcase classname="SMDockerInstallRemove" name="SoftwareManagement.sm_docker_install_remove_multiple" />
</testsuite><testsuite name="SoftwareManagement.sm_fake_install_remove" tests="2" errors="0" failures="0" skipped="1" time="0"><testcase classname="PySysTest" name="SoftwareManagement.sm_fake_install_remove">
		<skipped message="SKIPPED: Testing the fake plugin is not enabled.Use parameter -Xfakeplugin=fakeplugin to enable it" />
		<system-out>09:53:30 INFO  ==============================================================
09:53:30 INFO  Id:    SoftwareManagement.sm_fake_install_remove
09:53:30 INFO  Dir:   software_management_end_to_end/
09:53:30 INFO  Title: Validate end to end behaviour for the dummy plugin for installation and removal of packages
09:53:30 INFO  ==============================================================
09:53:30 INFO  Testing the fake plugin is not enabled.Use parameter -Xfakeplugin=fakeplugin to enable it ... skipped
09:53:30 WARN  Aborted test due to SKIPPED outcome
09:53:30 INFO  
09:53:30 INFO  Test duration: 0.02 secs
09:53:30 INFO  Test final outcome:  SKIPPED
09:53:30 INFO  Test outcome reason: Testing the fake plugin is not enabled.Use parameter -Xfakeplugin=fakeplugin to enable it
09:53:30 INFO  
</system-out>
	</testcase>
<testcase classname="PySysTest" name="SoftwareManagement.sm_fake_install_remove" />
</testsuite><testsuite name="SoftwareManagement.sm_fake_install_remove_multiple" tests="2" errors="0" failures="0" skipped="1" time="0"><testcase classname="PySysTest" name="SoftwareManagement.sm_fake_install_remove_multiple">
		<skipped message="SKIPPED: Testing the fake plugin is not enabled.Use parameter -Xfakeplugin=fakeplugin to enable it" />
		<system-out>09:53:30 INFO  ==============================================================
09:53:30 INFO  Id:    SoftwareManagement.sm_fake_install_remove_multiple
09:53:30 INFO  Dir:   software_management_end_to_end/
09:53:30 INFO  Title: Validate end to end behaviour for the dummy-plugin for multiple packages
09:53:30 INFO  ==============================================================
09:53:30 INFO  Testing the fake plugin is not enabled.Use parameter -Xfakeplugin=fakeplugin to enable it ... skipped
09:53:30 WARN  Aborted test due to SKIPPED outcome
09:53:30 INFO  
09:53:30 INFO  Test duration: 0.02 secs
09:53:30 INFO  Test final outcome:  SKIPPED
09:53:30 INFO  Test outcome reason: Testing the fake plugin is not enabled.Use parameter -Xfakeplugin=fakeplugin to enable it
09:53:30 INFO  
</system-out>
	</testcase>
<testcase classname="PySysTest" name="SoftwareManagement.sm_fake_install_remove_multiple" />
</testsuite><testsuite name="SoftwareManagement.sm_mapper_fail_and_reconnect" tests="2" errors="0" failures="0" skipped="2" time="0"><testcase classname="MapperC8yReceiveLastMessageOnRestart" name="SoftwareManagement.sm_mapper_fail_and_reconnect">
		<skipped message="SKIPPED: instable https://github.com/thin-edge/thin-edge.io/issues/752" />
		<system-out>09:53:30 INFO  ==============================================================
09:53:30 INFO  Id:    SoftwareManagement.sm_mapper_fail_and_reconnect
09:53:30 INFO  Dir:   software_management_end_to_end/
09:53:30 INFO  Title: Validate the tedge-mapper-sm-c8y for receiving the last message on restart
09:53:30 INFO  ==============================================================
09:53:30 INFO  instable https://github.com/thin-edge/thin-edge.io/issues/752 ... skipped
09:53:30 INFO  
09:53:30 INFO  Test duration: 0.02 secs
09:53:30 INFO  Test final outcome:  SKIPPED
09:53:30 INFO  Test outcome reason: instable https://github.com/thin-edge/thin-edge.io/issues/752
09:53:30 INFO  
</system-out>
	</testcase>
<testcase classname="MapperC8yReceiveLastMessageOnRestart" name="SoftwareManagement.sm_mapper_fail_and_reconnect">
		<skipped message="SKIPPED: instable https://github.com/thin-edge/thin-edge.io/issues/752" />
		<system-out>11:04:14 INFO  ==============================================================
11:04:14 INFO  Id:    SoftwareManagement.sm_mapper_fail_and_reconnect
11:04:14 INFO  Dir:   software_management_end_to_end/
11:04:14 INFO  Title: Validate the tedge-mapper-sm-c8y for receiving the last message on restart
11:04:14 INFO  ==============================================================
11:04:14 INFO  instable https://github.com/thin-edge/thin-edge.io/issues/752 ... skipped
11:04:14 INFO  
11:04:14 INFO  Test duration: 0.04 secs
11:04:14 INFO  Test final outcome:  SKIPPED
11:04:14 INFO  Test outcome reason: instable https://github.com/thin-edge/thin-edge.io/issues/752
11:04:14 INFO  
</system-out>
	</testcase>
</testsuite><testsuite name="SoftwareManagement.sm_mixed_install_remove_multiple" tests="2" errors="0" failures="1" skipped="1" time="0"><testcase classname="PySysTest" name="SoftwareManagement.sm_mixed_install_remove_multiple">
		<skipped message="SKIPPED: Testing the fake plugin is not enabled.Use parameter -Xfakeplugin=fakeplugin to enable it" />
		<system-out>09:53:30 INFO  ==============================================================
09:53:30 INFO  Id:    SoftwareManagement.sm_mixed_install_remove_multiple
09:53:30 INFO  Dir:   software_management_end_to_end/
09:53:30 INFO  Title: Validate end to end behaviour for the dummy-plugin for multiple packages with mixed versions
09:53:30 INFO  ==============================================================
09:53:30 INFO  Testing the fake plugin is not enabled.Use parameter -Xfakeplugin=fakeplugin to enable it ... skipped
09:53:30 WARN  Aborted test due to SKIPPED outcome
09:53:30 INFO  
09:53:30 INFO  Test duration: 0.02 secs
09:53:30 INFO  Test final outcome:  SKIPPED
09:53:30 INFO  Test outcome reason: Testing the fake plugin is not enabled.Use parameter -Xfakeplugin=fakeplugin to enable it
09:53:30 INFO  
</system-out>
	</testcase>
<testcase classname="PySysTest" name="SoftwareManagement.sm_mixed_install_remove_multiple">
		<failure message="FAILED: Assert that (False == value) with value=True" type="FAILED" />
		<system-out>11:04:14 INFO  ==============================================================
11:04:14 INFO  Id:    SoftwareManagement.sm_mixed_install_remove_multiple
11:04:14 INFO  Dir:   software_management_end_to_end/
11:04:14 INFO  Title: Validate end to end behaviour for the dummy-plugin for multiple packages with mixed versions
[...]
09:41:30 INFO  Executed sudo&lt;rm_tmp_logs&gt;, exit status 0
09:41:31 INFO  Executed sudo&lt;send_failed&gt;, exit status 0
09:41:31 INFO  Executed sudo&lt;log_file_daemon&gt;, exit status 0
09:41:35 INFO  Executed sudo&lt;tedge_disconnect_c8y&gt;, exit status 0
09:41:36 INFO  Executed systemctl&lt;serv_mapper5&gt;, exit status 3
09:41:36 INFO  
09:41:36 INFO  Test duration: 28.50 secs
09:41:36 INFO  Test final outcome:  BLOCKED
09:41:36 INFO  Test outcome reason: TypeError: 'NoneType' object is not subscriptable
09:41:36 INFO  
</system-out>
	</testcase>
</testsuite><testsuite name="log_request_num_lines" tests="1" errors="0" failures="1" skipped="0" time="0"><testcase classname="LogRequestVerifyNumberOfLines" name="log_request_num_lines">
		<failure message="BLOCKED: TypeError: 'NoneType' object is not subscriptable" type="BLOCKED" />
		<system-out>09:41:36 INFO  ==============================================================
09:41:36 INFO  Id:    log_request_num_lines
09:41:36 INFO  Dir:   log_request_end_to_end/
09:41:36 INFO  Title: Validate end to end behaviour for the log request operation check for number of lines
09:41:36 INFO  ==============================================================
09:41:36 INFO  EnvironmentC8y Setup
09:41:37 INFO  Executed systemctl&lt;serv_mapper1&gt;, exit status 3
09:41:37 INFO  Restarting mosquitto too frequently in the last 10 seconds. It was only up for 5 seconds
09:41:37 INFO  Delaying execution by 6 seconds
09:41:57 INFO  Executed sudo&lt;tedge_connect_c8y&gt;, exit status 0, duration 14 secs
09:41:58 INFO  Executed sudo&lt;tedge_connect_c8y_test&gt;, exit status 0
09:41:58 INFO  Executed systemctl&lt;serv_mosq2&gt;, exit status 0
09:41:59 INFO  Executed systemctl&lt;serv_mapper3&gt;, exit status 0
09:41:59 INFO  Executed sudo&lt;rm_logs&gt;, exit status 0
09:42:00 INFO  Executed sudo&lt;move_logs&gt;, exit status 0
09:42:01 INFO  Executed sudo&lt;log_file_daemon&gt;, exit status 0
09:42:01 WARN  TypeError occurred while running test - 'NoneType' object is not subscriptable
Traceback (most recent call last):
  File "/home/pi/env-pysys/lib/python3.7/site-packages/pysys/baserunner.py", line 1294, in __call__
    self.testObj.execute()
  File "/home/pi/actions-runner/_work/thin-edge.io/thin-edge.io/tests/PySys/log_request_end_to_end/log_request_num_lines/run.py", line 46, in execute
    log_file_request_payload, self.project.deviceid
  File "/home/pi/actions-runner/_work/thin-edge.io/thin-edge.io/tests/PySys/environments/cumulocity.py", line 101, in trigger_log_request
    "deviceId": self.device_fragment["id"],
TypeError: 'NoneType' object is not subscriptable
09:42:01 WARN  TypeError: 'NoneType' object is not subscriptable ... blocked 
09:42:01 INFO  
09:42:01 INFO  cleanup:
09:42:02 INFO  Executed sudo&lt;rm_logs&gt;, exit status 0
09:42:02 INFO  Executed sudo&lt;rm_tmp_logs&gt;, exit status 0
09:42:03 INFO  Executed sudo&lt;send_failed&gt;, exit status 0
09:42:03 INFO  Executed sudo&lt;log_file_daemon&gt;, exit status 0
09:42:08 INFO  Executed sudo&lt;tedge_disconnect_c8y&gt;, exit status 0
09:42:08 INFO  Executed systemctl&lt;serv_mapper5&gt;, exit status 3
09:42:08 INFO  
09:42:08 INFO  Test duration: 32.10 secs
09:42:08 INFO  Test final outcome:  BLOCKED
09:42:08 INFO  Test outcome reason: TypeError: 'NoneType' object is not subscriptable
09:42:08 INFO  
</system-out>
	</testcase>
</testsuite><testsuite name="mapper_awaits_before_reconnect" tests="1" errors="0" failures="1" skipped="0" time="0"><testcase classname="MapperReconnectAwait" name="mapper_awaits_before_reconnect">
		<failure message="FAILED: Line count on tedge_mapper_journal.out for &quot;tedge_mapper::core::mapper: MQTT connection error:&quot; expected &gt;=2 but got 0" type="FAILED" />
		<system-out>09:56:34 INFO  ==============================================================
09:56:34 INFO  Id:    mapper_awaits_before_reconnect
09:56:34 INFO  Dir:   tedge_mapper_c8y/
09:56:34 INFO  Title: Validate mapper doesn't reconnect too often
09:56:34 INFO  ==============================================================
09:56:34 INFO  Started mosquitto_sub with process id 12411
09:56:34 INFO  Waiting for 0.1 seconds
09:56:35 INFO  Executed sudo&lt;tedge_mapper&gt;, exit status 0
09:56:35 INFO  Waiting for 5.0 seconds
09:56:40 INFO  Executed sudo&lt;tedge_mapper&gt;, exit status 0
09:56:43 INFO  Executed sudo&lt;tedge_mapper_journal&gt;, exit status 0
09:56:43 WARN  Grep on tedge_mapper_journal.out contains "ERROR" ... failed [run.py:67]
09:56:43 INFO  Line count on file tedge_mapper_journal.out ... passed
09:56:43 WARN  Line count on tedge_mapper_journal.out for "tedge_mapper::core::mapper: MQTT connection error:" expected &gt;=2 but got 0 ... failed [run.py:78]
09:56:43 WARN  Aborted test due to FAILED outcome
09:56:43 INFO  
09:56:43 INFO  Test duration: 8.97 secs
09:56:43 INFO  Test final outcome:  FAILED
09:56:43 INFO  Test outcome reason: Line count on tedge_mapper_journal.out for "tedge_mapper::core::mapper: MQTT connection error:" expected &gt;=2 but got 0
09:56:43 INFO  
</system-out>
	</testcase>
</testsuite><testsuite name="monitoring_smaller_interval" tests="1" errors="0" failures="1" skipped="0" time="0"><testcase classname="MonitoringSmallInterval" name="monitoring_smaller_interval">
		<failure message="BLOCKED: TypeError: 'int' object is not subscriptable" type="BLOCKED" />
		<system-out>09:43:30 INFO  ==============================================================
09:43:30 INFO  Id:    monitoring_smaller_interval
09:43:30 INFO  Dir:   monitoring/
09:43:30 INFO  Title: Validate the tedge dm agent messages that are produced with smaller sampling interval than the batching window. Here the simulated collectd messages are used
09:43:30 INFO  ==============================================================
09:43:31 INFO  Executed sudo&lt;collectd&gt;, exit status 0
09:43:32 INFO  Executed sudo&lt;collectd_mapper&gt;, exit status 0
09:43:32 INFO  Started sudo&lt;tedge_sub&gt; with process id 8559
09:43:32 INFO  Executed sudo&lt;tedge_temp&gt;, exit status 0
09:43:33 INFO  Executed sudo&lt;tedge_pres&gt;, exit status 0
09:43:33 INFO  Executed sudo&lt;tedge_temp&gt;, exit status 0
09:43:34 INFO  Executed sudo&lt;tedge_pres&gt;, exit status 0
09:43:34 INFO  Executed sudo&lt;tedge_temp&gt;, exit status 0
09:43:35 INFO  Executed sudo&lt;tedge_pres&gt;, exit status 0
09:43:36 INFO  Executed sudo&lt;tedge_temp&gt;, exit status 0
09:43:36 INFO  Executed sudo&lt;tedge_pres&gt;, exit status 0
09:43:37 INFO  Executed sudo&lt;tedge_temp&gt;, exit status 0
09:43:37 INFO  Executed sudo&lt;tedge_pres&gt;, exit status 0
09:43:38 INFO  Executed sudo&lt;tedge_temp&gt;, exit status 0
09:43:38 INFO  Executed sudo&lt;tedge_pres&gt;, exit status 0
09:43:39 INFO  Executed sudo&lt;tedge_temp&gt;, exit status 0
09:43:39 INFO  Executed sudo&lt;tedge_pres&gt;, exit status 0
09:43:40 INFO  Executed sudo&lt;tedge_temp&gt;, exit status 0
09:43:41 INFO  Executed sudo&lt;tedge_pres&gt;, exit status 0
09:43:41 INFO  Executed sudo&lt;tedge_temp&gt;, exit status 0
09:43:42 INFO  Executed sudo&lt;tedge_pres&gt;, exit status 0
09:43:42 INFO  Executed sudo&lt;tedge_temp&gt;, exit status 0
09:43:43 INFO  Executed sudo&lt;tedge_pres&gt;, exit status 0
09:43:45 INFO  Executed sudo&lt;kill_out&gt;, exit status 0
09:43:45 INFO  0

09:43:45 WARN  TypeError occurred while running test - 'int' object is not subscriptable
Traceback (most recent call last):
  File "/home/pi/env-pysys/lib/python3.7/site-packages/pysys/baserunner.py", line 1296, in __call__
    self.testObj.validate()
  File "/home/pi/actions-runner/_work/thin-edge.io/thin-edge.io/tests/PySys/monitoring/monitoring_smaller_interval/run.py", line 104, in validate
    collectd_msg_validation_result=self.validate_json(),
  File "/home/pi/actions-runner/_work/thin-edge.io/thin-edge.io/tests/PySys/monitoring/monitoring_smaller_interval/run.py", line 114, in validate_json
    if not self.validate_time():
  File "/home/pi/actions-runner/_work/thin-edge.io/thin-edge.io/tests/PySys/monitoring/monitoring_smaller_interval/run.py", line 134, in validate_time
    if self.js_msg["time"]:
TypeError: 'int' object is not subscriptable
09:43:45 WARN  TypeError: 'int' object is not subscriptable ... blocked 
09:43:45 INFO  
09:43:45 INFO  cleanup:
09:43:45 INFO  monitoring_cleanup
09:43:45 INFO  Executed sudo&lt;collectd_mapper&gt;, exit status 0
09:43:45 INFO  
09:43:45 INFO  Test duration: 14.98 secs
09:43:45 INFO  Test final outcome:  BLOCKED
09:43:45 INFO  Test outcome reason: TypeError: 'int' object is not subscriptable
09:43:45 INFO  
</system-out>
	</testcase>
</testsuite><testsuite name="monitoring_with_collectd" tests="1" errors="0" failures="0" skipped="1" time="0"><testcase classname="MonitoringWithCollectd" name="monitoring_with_collectd">
		<skipped message="SKIPPED: Test execution disabled due to #792 (instable)" />
		<system-out>09:43:45 INFO  ==============================================================
09:43:45 INFO  Id:    monitoring_with_collectd
09:43:45 INFO  Dir:   monitoring/
09:43:45 INFO  Title: Validate tedge dm agent messages that are produced by batching the collectd messages
09:43:45 INFO  ==============================================================
09:43:45 INFO  Test execution disabled due to #792 (instable) ... skipped
09:43:45 INFO  
09:43:45 INFO  Test duration: 0.02 secs
09:43:45 INFO  Test final outcome:  SKIPPED
09:43:45 INFO  Test outcome reason: Test execution disabled due to #792 (instable)
09:43:45 INFO  
</system-out>
	</testcase>
</testsuite><testsuite name="monitoring_with_simulated_messages" tests="1" errors="0" failures="1" skipped="0" time="0"><testcase classname="MonitoringWithSimulatedMessages" name="monitoring_with_simulated_messages">
		<failure message="BLOCKED: TypeError: 'int' object is not subscriptable" type="BLOCKED" />
		<system-out>09:43:45 INFO  ==============================================================
09:43:45 INFO  Id:    monitoring_with_simulated_messages
09:43:45 INFO  Dir:   monitoring/
09:43:45 INFO  Title: Validate the tedge dm agent messages that are produced from the simulated collectd messages
09:43:45 INFO  ==============================================================
09:43:46 INFO  Executed sudo&lt;collectd&gt;, exit status 0
09:43:46 INFO  Executed sudo&lt;collectd_mapper&gt;, exit status 0
09:43:46 INFO  Started sudo&lt;tedge_sub&gt; with process id 8617
09:43:47 INFO  Executed sudo&lt;tedge_temp&gt;, exit status 0
09:43:48 INFO  Executed sudo&lt;tedge_pres&gt;, exit status 0
09:43:49 INFO  Executed sudo&lt;kill_out&gt;, exit status 0
09:43:49 INFO  0

09:43:49 WARN  TypeError occurred while running test - 'int' object is not subscriptable
Traceback (most recent call last):
  File "/home/pi/env-pysys/lib/python3.7/site-packages/pysys/baserunner.py", line 1296, in __call__
    self.testObj.validate()
  File "/home/pi/actions-runner/_work/thin-edge.io/thin-edge.io/tests/PySys/monitoring/monitoring_with_simulated_messages/run.py", line 98, in validate
    collectd_msg_validation_result=self.validate_json(),
  File "/home/pi/actions-runner/_work/thin-edge.io/thin-edge.io/tests/PySys/monitoring/monitoring_with_simulated_messages/run.py", line 108, in validate_json
    if not self.validate_time():
  File "/home/pi/actions-runner/_work/thin-edge.io/thin-edge.io/tests/PySys/monitoring/monitoring_with_simulated_messages/run.py", line 127, in validate_time
    if self.js_msg["time"]:
TypeError: 'int' object is not subscriptable
09:43:49 WARN  TypeError: 'int' object is not subscriptable ... blocked 
09:43:49 INFO  
09:43:49 INFO  cleanup:
09:43:49 INFO  monitoring_cleanup
09:43:50 INFO  Executed sudo&lt;collectd_mapper&gt;, exit status 0
09:43:50 INFO  
09:43:50 INFO  Test duration: 4.54 secs
09:43:50 INFO  Test final outcome:  BLOCKED
09:43:50 INFO  Test outcome reason: TypeError: 'int' object is not subscriptable
09:43:50 INFO  
</system-out>
	</testcase>
</testsuite><testsuite name="mqtt_port_change_connection_fails" tests="1" errors="0" failures="0" skipped="0" time="0"><testcase classname="MqttPortChangeConnectionFails" name="mqtt_port_change_connection_fails" />
</testsuite><testsuite name="mqtt_port_change_connection_works" tests="1" errors="0" failures="0" skipped="1" time="0"><testcase classname="MqttPortChangeConnectionWorks" name="mqtt_port_change_connection_works">
		<skipped message="SKIPPED: failing intermitently" />
		<system-out>09:42:43 INFO  ==============================================================
09:42:43 INFO  Id:    mqtt_port_change_connection_works
09:42:43 INFO  Dir:   misc_features/
09:42:43 INFO  Title: mqtt port change connection works for all the thin-edge services that use the mosquitto broker
09:42:43 INFO  ==============================================================
09:42:43 INFO  failing intermitently ... skipped
09:42:43 INFO  
09:42:43 INFO  Test duration: 0.02 secs
09:42:43 INFO  Test final outcome:  SKIPPED
09:42:43 INFO  Test outcome reason: failing intermitently
09:42:43 INFO  
</system-out>
	</testcase>
</testsuite><testsuite name="publish_flux" tests="1" errors="0" failures="0" skipped="0" time="0"><testcase classname="PublishFlux" name="publish_flux" />
</testsuite><testsuite name="publish_sawmill" tests="1" errors="0" failures="0" skipped="0" time="0"><testcase classname="PublishSawmill" name="publish_sawmill" />
</testsuite><testsuite name="runtime_start_two_mappers" tests="1" errors="0" failures="0" skipped="0" time="0"><testcase classname="RuntimeMultiMappers" name="runtime_start_two_mappers" />
</testsuite><testsuite name="sm_tedge_mapper_init_session" tests="1" errors="0" failures="0" skipped="0" time="0"><testcase classname="TedgeSMMapperInitSession" name="sm_tedge_mapper_init_session" />
</testsuite><testsuite name="smoketest_json" tests="1" errors="0" failures="0" skipped="0" time="0"><testcase classname="SmokeTestJson" name="smoketest_json" />
</testsuite><testsuite name="smoketest_json_400_samples_10ms" tests="1" errors="0" failures="0" skipped="0" time="0"><testcase classname="SmoketestJson400Samples10ms" name="smoketest_json_400_samples_10ms" />
</testsuite><testsuite name="smoketest_json_400_samples_20ms" tests="1" errors="0" failures="0" skipped="0" time="0"><testcase classname="SmoketestJson400Samples20ms" name="smoketest_json_400_samples_20ms" />
</testsuite><testsuite name="smoketest_smartrest" tests="1" errors="0" failures="0" skipped="0" time="0"><testcase classname="SmoketestSmartRest" name="smoketest_smartrest" />
</testsuite><testsuite name="smoketest_smartrest_400_samples_1Xms" tests="1" errors="0" failures="0" skipped="0" time="0"><testcase classname="SmoketestSmartRest400Samples1Xms" name="smoketest_smartrest_400_samples_1Xms" />
</testsuite><testsuite name="smoketest_smartrest_400_samples_20ms" tests="1" errors="0" failures="0" skipped="0" time="0"><testcase classname="SmoketestSmartRest400Samples20ms" name="smoketest_smartrest_400_samples_20ms" />
</testsuite><testsuite name="tedge_agent_user_sudo_access" tests="1" errors="0" failures="0" skipped="1" time="0"><testcase classname="TedgeAgentUserSudoAccess" name="tedge_agent_user_sudo_access">
		<skipped message="SKIPPED: #955 Observation: Exit code of the apt plugin when called with no arguments" />
		<system-out>09:53:57 INFO  ==============================================================
09:53:57 INFO  Id:    tedge_agent_user_sudo_access
09:53:57 INFO  Dir:   tedge/
09:53:57 INFO  Title: Validate tedge-agent user has a limited sudo right
09:53:57 INFO  ==============================================================
09:53:57 INFO  #955 Observation: Exit code of the apt plugin when called with no arguments ... skipped
09:53:57 INFO  
09:53:57 INFO  Test duration: 0.02 secs
09:53:57 INFO  Test final outcome:  SKIPPED
09:53:57 INFO  Test outcome reason: #955 Observation: Exit code of the apt plugin when called with no arguments
09:53:57 INFO  
</system-out>
	</testcase>
</testsuite><testsuite name="tedge_connect_test_negative" tests="1" errors="0" failures="0" skipped="0" time="0"><testcase classname="TedgeConnectTestNegative" name="tedge_connect_test_negative" />
</testsuite><testsuite name="tedge_connect_test_positive" tests="1" errors="0" failures="0" skipped="0" time="0"><testcase classname="TedgeConnectTestPositive" name="tedge_connect_test_positive" />
</testsuite><testsuite name="tedge_connect_test_sm_services" tests="1" errors="0" failures="0" skipped="0" time="0"><testcase classname="TedgeConnectTestSMServices" name="tedge_connect_test_sm_services" />
</testsuite><testsuite name="tedge_disconnect_test_sm_services" tests="1" errors="0" failures="0" skipped="0" time="0"><testcase classname="TedgeDisConnectTestSMServices" name="tedge_disconnect_test_sm_services" />
</testsuite><testsuite name="tedge_mapper_az_negative" tests="1" errors="0" failures="0" skipped="0" time="0"><testcase classname="TedgeMapperAzError" name="tedge_mapper_az_negative" />
</testsuite><testsuite name="tedge_mapper_az_with_timestamp" tests="1" errors="0" failures="0" skipped="0" time="0"><testcase classname="TedgeMapperAzWithTimestamp" name="tedge_mapper_az_with_timestamp" />
</testsuite><testsuite name="tedge_mapper_az_without_timestamp" tests="1" errors="0" failures="0" skipped="0" time="0"><testcase classname="TedgeMapperAzWithoutTimestamp" name="tedge_mapper_az_without_timestamp" />
</testsuite><testsuite name="tedge_mapper_c8y_alarms" tests="1" errors="0" failures="0" skipped="0" time="0"><testcase classname="TedgeMapperC8yAlarm" name="tedge_mapper_c8y_alarms" />
</testsuite><testsuite name="tedge_mapper_c8y_child_device_measurement" tests="1" errors="0" failures="0" skipped="0" time="0"><testcase classname="TedgeMapperC8yChildDevice" name="tedge_mapper_c8y_child_device_measurement" />
</testsuite><testsuite name="tedge_mapper_c8y_packet_threshold_size" tests="1" errors="0" failures="1" skipped="0" time="0"><testcase classname="TedgeMapperC8yThresholdPacketSize" name="tedge_mapper_c8y_packet_threshold_size">
		<failure message="FAILED: Grep on tedge_sub.out contains &quot;The size of the message received on tedge/measurements is 20489 which is greater than the threshold size of 16184.&quot;" type="FAILED" />
		<system-out>09:58:21 INFO  ==============================================================
09:58:21 INFO  Id:    tedge_mapper_c8y_packet_threshold_size
09:58:21 INFO  Dir:   tedge_mapper_c8y/
09:58:21 INFO  Title: Validate the Cumulocity Mapper accepted threshold packet size when it receives a message on tedge/measurements
09:58:21 INFO  ==============================================================
09:58:22 INFO  Executed sudo&lt;tedge_mapper_c8y&gt;, exit status 0
09:58:22 INFO  Started sudo&lt;tedge_sub&gt; with process id 13007
09:58:23 INFO  Executed sudo&lt;tedge_msg&gt;, exit status 0
09:58:23 INFO  Executed sudo&lt;tedge_pub&gt;, exit status 0
09:58:24 INFO  Executed sudo&lt;kill_out&gt;, exit status 0
09:58:24 WARN  Grep on tedge_sub.out contains "The size of the message received on tedge/measurements is 20489 which is greater than the threshold size of 16184." ... failed [run.py:88]
09:58:24 INFO  
09:58:24 INFO  cleanup:
09:58:24 INFO  mapper_cleanup
09:58:24 INFO  Executed sudo&lt;tedge_mapper_c8y&gt;, exit status 0
09:58:24 INFO  
09:58:24 INFO  Test duration: 2.97 secs
09:58:24 INFO  Test final outcome:  FAILED
09:58:24 INFO  Test outcome reason: Grep on tedge_sub.out contains "The size of the message received on tedge/measurements is 20489 which is greater than the threshold size of 16184."
09:58:24 INFO  
</system-out>
	</testcase>
</testsuite><testsuite name="tedge_software_update" tests="1" errors="0" failures="0" skipped="0" time="0"><testcase classname="PySysTest" name="tedge_software_update" />
</testsuite><testsuite name="valid_device_id" tests="1" errors="0" failures="0" skipped="0" time="0"><testcase classname="ValidateValidDeviceId" name="valid_device_id" />
</testsuite></testsuites>