<?xml version='1.0' encoding='utf-8'?>
<testsuites tests="147" failures="19" errors="0" skipped="45" time="0.0"><testsuite name="SoftwareManagement.Plugin.apama_plugin_install" tests="3" errors="0" failures="0" skipped="1" time="0"><testcase classname="ApamaPluginInstallTest" name="SoftwareManagement.Plugin.apama_plugin_install">
		<skipped message="SKIPPED: Apama plugin tests are disabled by default. Execute `pysys run` with `-XmyPlatform=container` to run these tests" />
		<system-out>08:25:10 INFO  ==============================================================
08:25:10 INFO  Id:    SoftwareManagement.Plugin.apama_plugin_install
08:25:10 INFO  Dir:   plugin_apama/
08:25:10 INFO  Title: Validate apama plugin install
08:25:10 INFO  ==============================================================
08:25:10 INFO  Apama plugin tests are disabled by default. Execute `pysys run` with `-XmyPlatform=container` to run these tests ... skipped
08:25:10 WARN  Aborted test due to SKIPPED outcome
08:25:10 INFO  
08:25:10 INFO  Test duration: 0.05 secs
08:25:10 INFO  Test final outcome:  SKIPPED
08:25:10 INFO  Test outcome reason: Apama plugin tests are disabled by default. Execute `pysys run` with `-XmyPlatform=container` to run these tests
08:25:10 INFO  
</system-out>
	</testcase>
<testcase classname="ApamaPluginInstallTest" name="SoftwareManagement.Plugin.apama_plugin_install" />
<testcase classname="ApamaPluginInstallTest" name="SoftwareManagement.Plugin.apama_plugin_install" />
</testsuite><testsuite name="SoftwareManagement.Plugin.apama_plugin_mon_support" tests="3" errors="0" failures="0" skipped="1" time="0"><testcase classname="ApamaPluginMonSupportTest" name="SoftwareManagement.Plugin.apama_plugin_mon_support">
		<skipped message="SKIPPED: Apama plugin tests are disabled by default. Execute `pysys run` with `-XmyPlatform=container` to run these tests" />
		<system-out>08:25:10 INFO  ==============================================================
08:25:10 INFO  Id:    SoftwareManagement.Plugin.apama_plugin_mon_support
08:25:10 INFO  Dir:   plugin_apama/
08:25:10 INFO  Title: Validate mon file support of apama plugin
08:25:10 INFO  ==============================================================
08:25:10 INFO  Apama plugin tests are disabled by default. Execute `pysys run` with `-XmyPlatform=container` to run these tests ... skipped
08:25:10 WARN  Aborted test due to SKIPPED outcome
08:25:10 INFO  
08:25:10 INFO  Test duration: 0.03 secs
08:25:10 INFO  Test final outcome:  SKIPPED
08:25:10 INFO  Test outcome reason: Apama plugin tests are disabled by default. Execute `pysys run` with `-XmyPlatform=container` to run these tests
08:25:10 INFO  
</system-out>
	</testcase>
<testcase classname="ApamaPluginMonSupportTest" name="SoftwareManagement.Plugin.apama_plugin_mon_support" />
<testcase classname="ApamaPluginMonSupportTest" name="SoftwareManagement.Plugin.apama_plugin_mon_support" />
</testsuite><testsuite name="SoftwareManagement.Plugin.apama_plugin_remove" tests="3" errors="0" failures="0" skipped="1" time="0"><testcase classname="ApamaPluginRemoveTest" name="SoftwareManagement.Plugin.apama_plugin_remove">
		<skipped message="SKIPPED: Apama plugin tests are disabled by default. Execute `pysys run` with `-XmyPlatform=container` to run these tests" />
		<system-out>08:25:10 INFO  ==============================================================
08:25:10 INFO  Id:    SoftwareManagement.Plugin.apama_plugin_remove
08:25:10 INFO  Dir:   plugin_apama/
08:25:10 INFO  Title: Validate apama plugin remove
08:25:10 INFO  ==============================================================
08:25:10 INFO  Apama plugin tests are disabled by default. Execute `pysys run` with `-XmyPlatform=container` to run these tests ... skipped
08:25:10 WARN  Aborted test due to SKIPPED outcome
08:25:10 INFO  
08:25:10 INFO  Test duration: 0.02 secs
08:25:10 INFO  Test final outcome:  SKIPPED
08:25:10 INFO  Test outcome reason: Apama plugin tests are disabled by default. Execute `pysys run` with `-XmyPlatform=container` to run these tests
08:25:10 INFO  
</system-out>
	</testcase>
<testcase classname="ApamaPluginRemoveTest" name="SoftwareManagement.Plugin.apama_plugin_remove" />
<testcase classname="ApamaPluginRemoveTest" name="SoftwareManagement.Plugin.apama_plugin_remove" />
</testsuite><testsuite name="SoftwareManagement.Plugin.apama_plugin_update" tests="3" errors="0" failures="2" skipped="1" time="0"><testcase classname="ApamaPluginUpdateTest" name="SoftwareManagement.Plugin.apama_plugin_update">
		<skipped message="SKIPPED: Apama plugin tests are disabled by default. Execute `pysys run` with `-XmyPlatform=container` to run these tests" />
		<system-out>08:25:10 INFO  ==============================================================
08:25:10 INFO  Id:    SoftwareManagement.Plugin.apama_plugin_update
08:25:10 INFO  Dir:   plugin_apama/
08:25:10 INFO  Title: Validate apama plugin updating one project with another
08:25:10 INFO  ==============================================================
08:25:10 INFO  Apama plugin tests are disabled by default. Execute `pysys run` with `-XmyPlatform=container` to run these tests ... skipped
08:25:10 WARN  Aborted test due to SKIPPED outcome
08:25:10 INFO  
08:25:10 INFO  Test duration: 0.02 secs
08:25:10 INFO  Test final outcome:  SKIPPED
08:25:10 INFO  Test outcome reason: Apama plugin tests are disabled by default. Execute `pysys run` with `-XmyPlatform=container` to run these tests
08:25:10 INFO  
</system-out>
	</testcase>
<testcase classname="ApamaPluginUpdateTest" name="SoftwareManagement.Plugin.apama_plugin_update">
		<failure message="BLOCKED: sudo&lt;plugin_install&gt; returned non-zero exit code 2" type="BLOCKED" />
		<system-out>09:15:47 INFO  ==============================================================
09:15:47 INFO  Id:    SoftwareManagement.Plugin.apama_plugin_update
09:15:47 INFO  Dir:   plugin_apama/
09:15:47 INFO  Title: Validate apama plugin updating one project with another
09:15:47 INFO  ==============================================================
09:15:47 INFO  Assertion that path exists=False for "/etc/tedge/apama/project" ... passed
09:15:48 INFO  Executed sudo&lt;create_project_dir&gt;, exit status 0
09:15:48 INFO  Executed sudo&lt;unzip_apama_project&gt;, exit status 0
09:15:49 INFO  Executed sudo&lt;move_apama_project&gt;, exit status 0
09:15:50 INFO  Executed sudo&lt;restart_apama_service&gt;, exit status 0
09:15:50 INFO  Executed sudo&lt;apama_correlator_wait&gt;, exit status 0
09:15:50 INFO  Assertion that path exists=True for "/etc/tedge/apama/project" ... passed
09:15:51 INFO  Executed sudo&lt;apama_list_monitors&gt;, exit status 0
09:15:51 INFO  Grep on file /home/pi/actions-runner/_work/thin-edge.io/thin-edge.io/tests/PySys/plugin_apama/apama_plugin_update/Output/linux/apama_list_monitors.out ... passed
09:15:52 WARN  Executed sudo&lt;plugin_install&gt;, exit status 2
09:15:52 INFO  Contents of plugin_install.err: 
  ERROR: Directory not empty (os error 39)
  -----

09:15:52 WARN  sudo&lt;plugin_install&gt; returned non-zero exit code 2 ... blocked [run.py:35]
09:15:52 WARN  Aborted test due to BLOCKED outcome
09:15:52 INFO  
09:15:52 INFO  cleanup:
09:15:52 INFO  Removing apama project
09:16:07 INFO  Executed sudo&lt;stop_apama_service&gt;, exit status 0, duration 15 secs
09:16:08 INFO  Executed sudo&lt;remove_apama_project&gt;, exit status 0
09:16:08 INFO  Executed sudo&lt;remove_apama_tmp_dir&gt;, exit status 0
09:16:08 INFO  
09:16:08 INFO  Test duration: 20.96 secs
09:16:08 INFO  Test final outcome:  BLOCKED
09:16:08 INFO  Test outcome reason: sudo&lt;plugin_install&gt; returned non-zero exit code 2
09:16:08 INFO  
</system-out>
	</testcase>
<testcase classname="ApamaPluginUpdateTest" name="SoftwareManagement.Plugin.apama_plugin_update">
		<failure message="BLOCKED: sudo&lt;plugin_install&gt; returned non-zero exit code 2" type="BLOCKED" />
		<system-out>09:21:40 INFO  ==============================================================
09:21:40 INFO  Id:    SoftwareManagement.Plugin.apama_plugin_update
09:21:40 INFO  Dir:   plugin_apama/
09:21:40 INFO  Title: Validate apama plugin updating one project with another
09:21:40 INFO  ==============================================================
09:21:40 INFO  Assertion that path exists=False for "/etc/tedge/apama/project" ... passed
09:21:40 INFO  Executed sudo&lt;create_project_dir&gt;, exit status 0
09:21:41 INFO  Executed sudo&lt;unzip_apama_project&gt;, exit status 0
09:21:41 INFO  Executed sudo&lt;move_apama_project&gt;, exit status 0
09:21:42 INFO  Executed sudo&lt;restart_apama_service&gt;, exit status 0
09:21:43 INFO  Executed sudo&lt;apama_correlator_wait&gt;, exit status 0
09:21:43 INFO  Assertion that path exists=True for "/etc/tedge/apama/project" ... passed
09:21:44 INFO  Executed sudo&lt;apama_list_monitors&gt;, exit status 0
09:21:44 INFO  Grep on file /home/pi/actions-runner/_work/thin-edge.io/thin-edge.io/tests/PySys/plugin_apama/apama_plugin_update/Output/linux/apama_list_monitors.out ... passed
09:21:44 WARN  Executed sudo&lt;plugin_install&gt;, exit status 2
09:21:44 INFO  Contents of plugin_install.err: 
  ERROR: Directory not empty (os error 39)
  -----

09:21:45 WARN  sudo&lt;plugin_install&gt; returned non-zero exit code 2 ... blocked [run.py:35]
09:21:45 WARN  Aborted test due to BLOCKED outcome
09:21:45 INFO  
09:21:45 INFO  cleanup:
09:21:45 INFO  Removing apama project
09:22:00 INFO  Executed sudo&lt;stop_apama_service&gt;, exit status 0, duration 15 secs
09:22:00 INFO  Executed sudo&lt;remove_apama_project&gt;, exit status 0
09:22:01 INFO  Executed sudo&lt;remove_apama_tmp_dir&gt;, exit status 0
09:22:01 INFO  
09:22:01 INFO  Test duration: 21.06 secs
09:22:01 INFO  Test final outcome:  BLOCKED
09:22:01 INFO  Test outcome reason: sudo&lt;plugin_install&gt; returned non-zero exit code 2
09:22:01 INFO  
</system-out>
	</testcase>
</testsuite><testsuite name="SoftwareManagement.sm_apt_install_download_path" tests="3" errors="0" failures="2" skipped="1" time="0"><testcase classname="AptInstallWithDownloadPath" name="SoftwareManagement.sm_apt_install_download_path">
		<skipped message="SKIPPED: Testing the apt plugin is not supported on this platform.Use parameter -XmyPlatform='container' to enable it" />
		<system-out>08:34:46 INFO  ==============================================================
08:34:46 INFO  Id:    SoftwareManagement.sm_apt_install_download_path
08:34:46 INFO  Dir:   software_management_end_to_end/
08:34:46 INFO  Title: Install package to directory specified in tedge config set tmp.path
08:34:46 INFO  ==============================================================
08:34:46 INFO  Testing the apt plugin is not supported on this platform.Use parameter -XmyPlatform='container' to enable it ... skipped
08:34:46 WARN  Aborted test due to SKIPPED outcome
08:34:46 INFO  
08:34:46 INFO  Test duration: 0.06 secs
08:34:46 INFO  Test final outcome:  SKIPPED
08:34:46 INFO  Test outcome reason: Testing the apt plugin is not supported on this platform.Use parameter -XmyPlatform='container' to enable it
08:34:46 INFO  
</system-out>
	</testcase>
<testcase classname="AptInstallWithDownloadPath" name="SoftwareManagement.sm_apt_install_download_path">
		<failure message="BLOCKED: AssertionError:" type="BLOCKED" />
		<system-out>08:57:48 INFO  ==============================================================
08:57:48 INFO  Id:    SoftwareManagement.sm_apt_install_download_path
08:57:48 INFO  Dir:   software_management_end_to_end/
08:57:48 INFO  Title: Install package to directory specified in tedge config set tmp.path
08:57:48 INFO  ==============================================================
08:57:48 INFO  Using sw id database: {'asciijump': '5475369', 'robotfindskitten': '5474869', 'squirrel3': '5475279', 'rolldice': '5152439', 'moon-buggy': '5439204', 'apple': '5495053', 'banana': '5494888', 'cherry': '5495382', 'watermelon': '5494510', 'registry': '8018911', 'hello-world': '8021526', 'docker/getting-started': '8021973', 'alpine': '7991792'}
08:57:48 INFO  EnvironmentC8y Setup
08:57:49 INFO  Executed systemctl&lt;serv_mapper1&gt;, exit status 3
08:58:03 INFO  Executed sudo&lt;tedge_connect_c8y&gt;, exit status 0, duration 14 secs
08:58:05 INFO  Executed sudo&lt;tedge_connect_c8y_test&gt;, exit status 0
08:58:06 INFO  Executed systemctl&lt;serv_mosq2&gt;, exit status 0
08:58:07 INFO  Executed systemctl&lt;serv_mapper3&gt;, exit status 0
08:58:09 INFO  State of current operation: SUCCESSFUL
08:58:09 INFO  Assert that (False == value) with value=False ... passed
08:58:10 INFO  Executed sudo, exit status 0
08:58:10 INFO  Executed sudo, exit status 0
08:58:11 INFO  Executed sudo, exit status 0
08:58:15 INFO  Executed sudo&lt;tedge_disconnect_c8y&gt;, exit status 0
08:58:15 INFO  Restarting mosquitto too frequently in the last 10 seconds. It was only up for 3 seconds
08:58:15 INFO  Delaying execution by 8 seconds
08:58:37 INFO  Executed sudo&lt;tedge_connect_c8y&gt;, exit status 0, duration 13 secs
08:58:37 INFO  Response status: 201
08:58:37 INFO  Response to action: {
    "creationTime": "2022-05-04T08:58:37.409Z",
    "deviceName": "m32sd10d",
    "deviceId": "18360056",
    "self": "https://t493319102.eu-latest.cumulocity.com/devicecontrol/operations/18389134",
    "id": "18389134",
    "status": "PENDING",
    "description": "Apply software changes, triggered from PySys: [{'name': 'rolldice', 'id': '5152439', 'version': '::apt', 'url': 'https://thin-edge-io.eu-latest.cumulocity.com/inventory/binaries/12435463', 'action': 'install'}]",
    "c8y_SoftwareUpdate": [
        {
            "name": "rolldice",
            "action": "install",
            "id": "5152439",
            "version": "::apt",
            "url": "https://thin-edge-io.eu-latest.cumulocity.com/inventory/binaries/12435463"
        }
    ]
}
08:58:37 INFO  Started operation: {'creationTime': '2022-05-04T08:58:37.409Z', 'deviceName': 'm32sd10d', 'deviceId': '18360056', 'self': 'https://t493319102.eu-latest.cumulocity.com/devicecontrol/operations/18389134', 'id': '18389134', 'status': 'PENDING', 'description': "Apply software changes, triggered from PySys: [{'name': 'rolldice', 'id': '5152439', 'version': '::apt', 'url': 'https://thin-edge-io.eu-latest.cumulocity.com/inventory/binaries/12435463', 'action': 'install'}]", 'c8y_SoftwareUpdate': [{'name': 'rolldice', 'action': 'install', 'id': '5152439', 'version': '::apt', 'url': 'https://thin-edge-io.eu-latest.cumulocity.com/inventory/binaries/12435463'}]}
08:58:37 WARN  , retrying in 0.5 seconds...
08:58:38 WARN  , retrying in 0.5 seconds...
08:58:38 WARN  , retrying in 0.5 seconds...
08:58:39 WARN  , retrying in 0.5 seconds...
08:58:39 WARN  , retrying in 0.5 seconds...
08:58:40 WARN  , retrying in 0.5 seconds...
08:58:40 WARN  , retrying in 0.5 seconds...
08:58:41 WARN  , retrying in 0.5 seconds...
08:58:41 WARN  , retrying in 0.5 seconds...
08:58:42 WARN  AssertionError occurred while running test - 
Traceback (most recent call last):
  File "/home/pi/env-pysys/lib/python3.7/site-packages/pysys/baserunner.py", line 1294, in __call__
    self.testObj.execute()
  File "/home/pi/actions-runner/_work/thin-edge.io/thin-edge.io/tests/PySys/software_management_end_to_end/sm_apt_install_download_path/run.py", line 83, in execute
    assert_install_in_download_path(install_directory=self.DOWNLOAD_DIR)
  File "/home/pi/env-pysys/lib/python3.7/site-packages/decorator.py", line 232, in fun
    return caller(func, *(extras + args), **kw)
  File "/home/pi/env-pysys/lib/python3.7/site-packages/retry/api.py", line 74, in retry_decorator
    logger)
  File "/home/pi/env-pysys/lib/python3.7/site-packages/retry/api.py", line 33, in __retry_internal
    return f()
  File "/home/pi/actions-runner/_work/thin-edge.io/thin-edge.io/tests/PySys/software_management_end_to_end/sm_apt_install_download_path/run.py", line 28, in assert_install_in_download_path
    assert "rolldice" in os.listdir(f"{install_directory}")
AssertionError
08:58:42 WARN  AssertionError: ... blocked 
08:58:42 INFO  
08:58:42 INFO  cleanup:
08:58:43 INFO  Executed sudo, exit status 0
08:58:44 INFO  Executed sudo, exit status 0
08:58:49 INFO  Executed sudo&lt;tedge_disconnect_c8y&gt;, exit status 0
08:58:49 INFO  Restarting mosquitto too frequently in the last 10 seconds. It was only up for 4 seconds
08:58:49 INFO  Delaying execution by 7 seconds
08:59:10 INFO  Executed sudo&lt;tedge_connect_c8y&gt;, exit status 0, duration 14 secs
08:59:14 INFO  Executed sudo&lt;tedge_disconnect_c8y&gt;, exit status 0
08:59:15 INFO  Executed systemctl&lt;serv_mapper5&gt;, exit status 3
08:59:15 INFO  
08:59:15 INFO  Test duration: 87.09 secs
08:59:15 INFO  Test final outcome:  BLOCKED
08:59:15 INFO  Test outcome reason: AssertionError:
08:59:15 INFO  
</system-out>
	</testcase>
<testcase classname="AptInstallWithDownloadPath" name="SoftwareManagement.sm_apt_install_download_path">
		<failure message="BLOCKED: AssertionError:" type="BLOCKED" />
		<system-out>09:22:01 INFO  ==============================================================
09:22:01 INFO  Id:    SoftwareManagement.sm_apt_install_download_path
09:22:01 INFO  Dir:   software_management_end_to_end/
09:22:01 INFO  Title: Install package to directory specified in tedge config set tmp.path
09:22:01 INFO  ==============================================================
09:22:02 INFO  Using sw id database: {'asciijump': '5475369', 'robotfindskitten': '5474869', 'squirrel3': '5475279', 'rolldice': '5152439', 'moon-buggy': '5439204', 'apple': '5495053', 'banana': '5494888', 'cherry': '5495382', 'watermelon': '5494510', 'registry': '8018911', 'hello-world': '8021526', 'docker/getting-started': '8021973', 'alpine': '7991792'}
09:22:02 INFO  EnvironmentC8y Setup
09:22:03 INFO  Executed systemctl&lt;serv_mapper1&gt;, exit status 3
09:22:17 INFO  Executed sudo&lt;tedge_connect_c8y&gt;, exit status 0, duration 13 secs
09:22:17 INFO  Executed sudo&lt;tedge_connect_c8y_test&gt;, exit status 0
09:22:18 INFO  Executed systemctl&lt;serv_mosq2&gt;, exit status 0
09:22:18 INFO  Executed systemctl&lt;serv_mapper3&gt;, exit status 0
09:22:21 INFO  State of current operation: FAILED
09:22:21 INFO  Assert that (False == value) with value=False ... passed
09:22:21 INFO  Executed sudo, exit status 0
09:22:22 INFO  Executed sudo, exit status 0
09:22:22 INFO  Executed sudo, exit status 0
09:22:26 INFO  Executed sudo&lt;tedge_disconnect_c8y&gt;, exit status 0
09:22:26 INFO  Restarting mosquitto too frequently in the last 10 seconds. It was only up for 3 seconds
09:22:26 INFO  Delaying execution by 8 seconds
09:22:48 INFO  Executed sudo&lt;tedge_connect_c8y&gt;, exit status 0, duration 13 secs
09:22:49 INFO  Response status: 201
09:22:49 INFO  Response to action: {
    "creationTime": "2022-05-04T09:22:49.016Z",
    "deviceName": "m32sd10d",
    "deviceId": "18360056",
    "self": "https://t493319102.eu-latest.cumulocity.com/devicecontrol/operations/18389520",
    "id": "18389520",
    "status": "PENDING",
    "description": "Apply software changes, triggered from PySys: [{'name': 'rolldice', 'id': '5152439', 'version': '::apt', 'url': 'https://thin-edge-io.eu-latest.cumulocity.com/inventory/binaries/12435463', 'action': 'install'}]",
    "c8y_SoftwareUpdate": [
        {
            "name": "rolldice",
            "action": "install",
            "id": "5152439",
            "version": "::apt",
            "url": "https://thin-edge-io.eu-latest.cumulocity.com/inventory/binaries/12435463"
        }
    ]
}
09:22:49 INFO  Started operation: {'creationTime': '2022-05-04T09:22:49.016Z', 'deviceName': 'm32sd10d', 'deviceId': '18360056', 'self': 'https://t493319102.eu-latest.cumulocity.com/devicecontrol/operations/18389520', 'id': '18389520', 'status': 'PENDING', 'description': "Apply software changes, triggered from PySys: [{'name': 'rolldice', 'id': '5152439', 'version': '::apt', 'url': 'https://thin-edge-io.eu-latest.cumulocity.com/inventory/binaries/12435463', 'action': 'install'}]", 'c8y_SoftwareUpdate': [{'name': 'rolldice', 'action': 'install', 'id': '5152439', 'version': '::apt', 'url': 'https://thin-edge-io.eu-latest.cumulocity.com/inventory/binaries/12435463'}]}
09:22:49 WARN  , retrying in 0.5 seconds...
09:22:49 WARN  , retrying in 0.5 seconds...
09:22:50 WARN  , retrying in 0.5 seconds...
09:22:50 WARN  , retrying in 0.5 seconds...
09:22:51 WARN  , retrying in 0.5 seconds...
09:22:51 WARN  , retrying in 0.5 seconds...
09:22:52 WARN  , retrying in 0.5 seconds...
09:22:52 WARN  , retrying in 0.5 seconds...
09:22:53 WARN  , retrying in 0.5 seconds...
09:22:53 WARN  AssertionError occurred while running test - 
Traceback (most recent call last):
  File "/home/pi/env-pysys/lib/python3.7/site-packages/pysys/baserunner.py", line 1294, in __call__
    self.testObj.execute()
  File "/home/pi/actions-runner/_work/thin-edge.io/thin-edge.io/tests/PySys/software_management_end_to_end/sm_apt_install_download_path/run.py", line 83, in execute
    assert_install_in_download_path(install_directory=self.DOWNLOAD_DIR)
  File "/home/pi/env-pysys/lib/python3.7/site-packages/decorator.py", line 232, in fun
    return caller(func, *(extras + args), **kw)
  File "/home/pi/env-pysys/lib/python3.7/site-packages/retry/api.py", line 74, in retry_decorator
    logger)
  File "/home/pi/env-pysys/lib/python3.7/site-packages/retry/api.py", line 33, in __retry_internal
    return f()
  File "/home/pi/actions-runner/_work/thin-edge.io/thin-edge.io/tests/PySys/software_management_end_to_end/sm_apt_install_download_path/run.py", line 28, in assert_install_in_download_path
    assert "rolldice" in os.listdir(f"{install_directory}")
AssertionError
09:22:53 WARN  AssertionError: ... blocked 
09:22:53 INFO  
09:22:53 INFO  cleanup:
09:22:54 INFO  Executed sudo, exit status 0
09:22:54 INFO  Executed sudo, exit status 0
09:22:59 INFO  Executed sudo&lt;tedge_disconnect_c8y&gt;, exit status 0
09:22:59 INFO  Restarting mosquitto too frequently in the last 10 seconds. It was only up for 3 seconds
09:22:59 INFO  Delaying execution by 8 seconds
09:23:21 INFO  Executed sudo&lt;tedge_connect_c8y&gt;, exit status 0, duration 13 secs
09:23:25 INFO  Executed sudo&lt;tedge_disconnect_c8y&gt;, exit status 0
09:23:25 INFO  Executed systemctl&lt;serv_mapper5&gt;, exit status 3
09:23:25 INFO  
09:23:25 INFO  Test duration: 84.42 secs
09:23:25 INFO  Test final outcome:  BLOCKED
09:23:25 INFO  Test outcome reason: AssertionError:
09:23:25 INFO  
</system-out>
	</testcase>
</testsuite><testsuite name="SoftwareManagement.sm_apt_install_fail" tests="3" errors="0" failures="0" skipped="1" time="0"><testcase classname="PySysTest" name="SoftwareManagement.sm_apt_install_fail">
		<skipped message="SKIPPED: Testing the apt plugin is not supported on this platform.Use parameter -XmyPlatform='container' to enable it" />
		<system-out>08:34:46 INFO  ==============================================================
08:34:46 INFO  Id:    SoftwareManagement.sm_apt_install_fail
08:34:46 INFO  Dir:   software_management_end_to_end/
08:34:46 INFO  Title: Validate end to end behaviour for a failing installation
08:34:46 INFO  ==============================================================
08:34:46 INFO  Testing the apt plugin is not supported on this platform.Use parameter -XmyPlatform='container' to enable it ... skipped
08:34:46 WARN  Aborted test due to SKIPPED outcome
08:34:46 INFO  
08:34:46 INFO  Test duration: 0.02 secs
08:34:46 INFO  Test final outcome:  SKIPPED
08:34:46 INFO  Test outcome reason: Testing the apt plugin is not supported on this platform.Use parameter -XmyPlatform='container' to enable it
08:34:46 INFO  
</system-out>
	</testcase>
<testcase classname="PySysTest" name="SoftwareManagement.sm_apt_install_fail" />
<testcase classname="PySysTest" name="SoftwareManagement.sm_apt_install_fail" />
</testsuite><testsuite name="SoftwareManagement.sm_apt_install_remove" tests="3" errors="0" failures="0" skipped="1" time="0"><testcase classname="PySysTest" name="SoftwareManagement.sm_apt_install_remove">
		<skipped message="SKIPPED: Testing the apt plugin is not supported on this platform.Use parameter -XmyPlatform='container' to enable it" />
		<system-out>08:34:46 INFO  ==============================================================
08:34:46 INFO  Id:    SoftwareManagement.sm_apt_install_remove
08:34:46 INFO  Dir:   software_management_end_to_end/
08:34:46 INFO  Title: Validate end to end behaviour for the apt plugin for installation and removal of packages
08:34:46 INFO  ==============================================================
08:34:46 INFO  Testing the apt plugin is not supported on this platform.Use parameter -XmyPlatform='container' to enable it ... skipped
08:34:46 WARN  Aborted test due to SKIPPED outcome
08:34:46 INFO  
08:34:46 INFO  Test duration: 0.02 secs
08:34:46 INFO  Test final outcome:  SKIPPED
08:34:46 INFO  Test outcome reason: Testing the apt plugin is not supported on this platform.Use parameter -XmyPlatform='container' to enable it
08:34:46 INFO  
</system-out>
	</testcase>
<testcase classname="PySysTest" name="SoftwareManagement.sm_apt_install_remove" />
<testcase classname="PySysTest" name="SoftwareManagement.sm_apt_install_remove" />
</testsuite><testsuite name="SoftwareManagement.sm_apt_install_remove_default" tests="3" errors="0" failures="0" skipped="1" time="0"><testcase classname="PySysTest" name="SoftwareManagement.sm_apt_install_remove_default">
		<skipped message="SKIPPED: Testing the apt plugin is not supported on this platform.Use parameter -XmyPlatform='container' to enable it" />
		<system-out>08:34:46 INFO  ==============================================================
08:34:46 INFO  Id:    SoftwareManagement.sm_apt_install_remove_default
08:34:46 INFO  Dir:   software_management_end_to_end/
08:34:46 INFO  Title: Validate end to end behaviour for the default plugin for installation and removal of packages
08:34:46 INFO  ==============================================================
08:34:46 INFO  Testing the apt plugin is not supported on this platform.Use parameter -XmyPlatform='container' to enable it ... skipped
08:34:46 WARN  Aborted test due to SKIPPED outcome
08:34:46 INFO  
08:34:46 INFO  Test duration: 0.02 secs
08:34:46 INFO  Test final outcome:  SKIPPED
08:34:46 INFO  Test outcome reason: Testing the apt plugin is not supported on this platform.Use parameter -XmyPlatform='container' to enable it
08:34:46 INFO  
</system-out>
	</testcase>
<testcase classname="PySysTest" name="SoftwareManagement.sm_apt_install_remove_default" />
<testcase classname="PySysTest" name="SoftwareManagement.sm_apt_install_remove_default" />
</testsuite><testsuite name="SoftwareManagement.sm_apt_install_remove_multiple" tests="3" errors="0" failures="2" skipped="1" time="0"><testcase classname="PySysTest" name="SoftwareManagement.sm_apt_install_remove_multiple">
		<skipped message="SKIPPED: Testing the apt plugin is not supported on this platform.Use parameter -XmyPlatform='container' to enable it" />
		<system-out>08:34:46 INFO  ==============================================================
08:34:46 INFO  Id:    SoftwareManagement.sm_apt_install_remove_multiple
08:34:46 INFO  Dir:   software_management_end_to_end/
08:34:46 INFO  Title: Validate end to end behaviour for the apt plugin for multiple packages
08:34:46 INFO  ==============================================================
08:34:46 INFO  Testing the apt plugin is not supported on this platform.Use parameter -XmyPlatform='container' to enable it ... skipped
08:34:46 WARN  Aborted test due to SKIPPED outcome
08:34:46 INFO  
08:34:46 INFO  Test duration: 0.02 secs
08:34:46 INFO  Test final outcome:  SKIPPED
08:34:46 INFO  Test outcome reason: Testing the apt plugin is not supported on this platform.Use parameter -XmyPlatform='container' to enable it
08:34:46 INFO  
</system-out>
	</testcase>
<testcase classname="PySysTest" name="SoftwareManagement.sm_apt_install_remove_multiple">
		<failure message="FAILED: Assert that (False == value) with value=True" type="FAILED" />
		<system-out>09:06:04 INFO  ==============================================================
09:06:04 INFO  Id:    SoftwareManagement.sm_apt_install_remove_multiple
09:06:04 INFO  Dir:   software_management_end_to_end/
09:06:04 INFO  Title: Validate end to end behaviour for the apt plugin for multiple packages
09:06:04 INFO  ==============================================================
09:06:04 INFO  Using sw id database: {'asciijump': '5475369', 'robotfindskitten': '5474869', 'squirrel3': '5475279', 'rolldice': '5152439', 'moon-buggy': '5439204', 'apple': '5495053', 'banana': '5494888', 'cherry': '5495382', 'watermelon': '5494510', 'registry': '8018911', 'hello-world': '8021526', 'docker/getting-started': '8021973', 'alpine': '7991792'}
09:06:04 INFO  EnvironmentC8y Setup
09:06:05 INFO  Executed systemctl&lt;serv_mapper1&gt;, exit status 3
09:06:05 INFO  Restarting mosquitto too frequently in the last 10 seconds. It was only up for 5 seconds
09:06:05 INFO  Delaying execution by 6 seconds
09:06:25 INFO  Executed sudo&lt;tedge_connect_c8y&gt;, exit status 0, duration 13 secs
09:06:26 INFO  Executed sudo&lt;tedge_connect_c8y_test&gt;, exit status 0
09:06:26 INFO  Executed systemctl&lt;serv_mosq2&gt;, exit status 0
09:06:26 INFO  Executed systemctl&lt;serv_mapper3&gt;, exit status 0
09:06:29 INFO  State of current operation: SUCCESSFUL
09:06:29 INFO  Assert that (False == value) with value=False ... passed
09:06:29 INFO  Assert that (False == value) with value=False ... passed
09:06:29 INFO  Assert that (False == value) with value=False ... passed
09:06:30 INFO  Package robotfindskitten is installed
09:06:30 WARN  Assert that (False == value) with value=True ... failed 
09:06:30 INFO  Response status: 201
09:06:30 INFO  Response to action: {
    "creationTime": "2022-05-04T09:06:30.360Z",
    "deviceName": "m32sd10d",
    "deviceId": "18360056",
    "self": "https://t493319102.eu-latest.cumulocity.com/devicecontrol/operations/18389249",
    "id": "18389249",
    "status": "PENDING",
    "description": "Apply software changes, triggered from PySys: [{'action': 'install', 'id': '5475369', 'name': 'asciijump', 'url': ' ', 'version': '::apt'}, {'action': 'install', 'id': '5474869', 'name': 'robotfindskitten', 'url': ' ', 'version': '::apt'}, {'action': 'install', 'id': '5475279', 'name': 'squirrel3', 'url': ' ', 'version': '::apt'}]",
    "c8y_SoftwareUpdate": [
        {
            "name": "asciijump",
            "action": "install",
            "id": "5475369",
            "version": "::apt",
            "url": " "
        },
        {
            "name": "robotfindskitten",
            "action": "install",
            "id": "5474869",
            "version": "::apt",
            "url": " "
        },
        {
            "name": "squirrel3",
            "action": "install",
            "id": "5475279",
            "version": "::apt",
            "url": " "
        }
    ]
}
09:06:30 INFO  Started operation: {'creationTime': '2022-05-04T09:06:30.360Z', 'deviceName': 'm32sd10d', 'deviceId': '18360056', 'self': 'https://t493319102.eu-latest.cumulocity.com/devicecontrol/operations/18389249', 'id': '18389249', 'status': 'PENDING', 'description': "Apply software changes, triggered from PySys: [{'action': 'install', 'id': '5475369', 'name': 'asciijump', 'url': ' ', 'version': '::apt'}, {'action': 'install', 'id': '5474869', 'name': 'robotfindskitten', 'url': ' ', 'version': '::apt'}, {'action': 'install', 'id': '5475279', 'name': 'squirrel3', 'url': ' ', 'version': '::apt'}]", 'c8y_SoftwareUpdate': [{'name': 'asciijump', 'action': 'install', 'id': '5475369', 'version': '::apt', 'url': ' '}, {'name': 'robotfindskitten', 'action': 'install', 'id': '5474869', 'version': '::apt', 'url': ' '}, {'name': 'squirrel3', 'action': 'install', 'id': '5475279', 'version': '::apt', 'url': ' '}]}
09:06:32 INFO  State of operation 18389249 : PENDING
09:06:34 INFO  State of operation 18389249 : EXECUTING
09:06:37 INFO  State of operation 18389249 : EXECUTING
09:06:39 INFO  State of operation 18389249 : EXECUTING
09:06:41 INFO  State of operation 18389249 : EXECUTING
09:06:43 INFO  State of operation 18389249 : EXECUTING
09:06:46 INFO  State of operation 18389249 : EXECUTING
09:06:49 INFO  State of operation 18389249 : EXECUTING
09:06:51 INFO  State of operation 18389249 : EXECUTING
09:06:54 INFO  State of operation 18389249 : EXECUTING
09:06:56 INFO  State of operation 18389249 : EXECUTING
09:06:58 INFO  State of operation 18389249 : EXECUTING
09:07:00 INFO  State of operation 18389249 : EXECUTING
09:07:02 INFO  State of operation 18389249 : EXECUTING
09:07:05 INFO  State of operation 18389249 : EXECUTING
09:07:07 INFO  State of operation 18389249 : EXECUTING
09:07:09 INFO  State of operation 18389249 : EXECUTING
09:07:12 INFO  State of operation 18389249 : EXECUTING
09:07:14 INFO  State of operation 18389249 : EXECUTING
09:07:16 INFO  State of operation 18389249 : EXECUTING
09:07:19 INFO  State of operation 18389249 : EXECUTING
09:07:21 INFO  State of operation 18389249 : EXECUTING
09:07:24 INFO  State of operation 18389249 : EXECUTING
09:07:26 INFO  State of operation 18389249 : EXECUTING
09:07:29 INFO  State of operation 18389249 : EXECUTING
09:07:31 INFO  State of operation 18389249 : EXECUTING
09:07:33 INFO  State of operation 18389249 : EXECUTING
09:07:36 INFO  State of operation 18389249 : EXECUTING
09:07:39 INFO  State of operation 18389249 : EXECUTING
09:07:41 INFO  State of operation 18389249 : EXECUTING
09:07:43 INFO  State of operation 18389249 : EXECUTING
09:07:45 INFO  State of operation 18389249 : EXECUTING
09:07:48 INFO  State of operation 18389249 : EXECUTING
09:07:50 INFO  State of operation 18389249 : SUCCESSFUL
09:07:50 INFO  Assert that (False == value) with value=False ... passed
09:07:50 INFO  Package asciijump is installed
09:07:50 INFO  Assert that (True == value) with value=True ... passed
09:07:51 INFO  Package squirrel3 is installed
09:07:51 INFO  Assert that (True == value) with value=True ... passed
09:07:51 INFO  Package robotfindskitten is installed
09:07:51 INFO  Assert that (True == value) with value=True ... passed
09:07:51 INFO  Response status: 201
09:07:51 INFO  Response to action: {
    "creationTime": "2022-05-04T09:07:51.492Z",
    "deviceName": "m32sd10d",
    "deviceId": "18360056",
    "self": "https://t493319102.eu-latest.cumulocity.com/devicecontrol/operations/18389281",
    "id": "18389281",
    "status": "PENDING",
    "description": "Apply software changes, triggered from PySys: [{'action': 'delete', 'id': '5475369', 'name': 'asciijump', 'url': ' ', 'version': '::apt'}, {'action': 'delete', 'id': '5474869', 'name': 'robotfindskitten', 'url': ' ', 'version': '::apt'}, {'action': 'delete', 'id': '5475279', 'name': 'squirrel3', 'url': ' ', 'version': '::apt'}]",
    "c8y_SoftwareUpdate": [
        {
            "name": "asciijump",
            "action": "delete",
            "id": "5475369",
            "version": "::apt",
            "url": " "
        },
        {
            "name": "robotfindskitten",
            "action": "delete",
            "id": "5474869",
            "version": "::apt",
            "url": " "
        },
        {
            "name": "squirrel3",
            "action": "delete",
            "id": "5475279",
            "version": "::apt",
            "url": " "
        }
    ]
}
09:07:51 INFO  Started operation: {'creationTime': '2022-05-04T09:07:51.492Z', 'deviceName': 'm32sd10d', 'deviceId': '18360056', 'self': 'https://t493319102.eu-latest.cumulocity.com/devicecontrol/operations/18389281', 'id': '18389281', 'status': 'PENDING', 'description': "Apply software changes, triggered from PySys: [{'action': 'delete', 'id': '5475369', 'name': 'asciijump', 'url': ' ', 'version': '::apt'}, {'action': 'delete', 'id': '5474869', 'name': 'robotfindskitten', 'url': ' ', 'version': '::apt'}, {'action': 'delete', 'id': '5475279', 'name': 'squirrel3', 'url': ' ', 'version': '::apt'}]", 'c8y_SoftwareUpdate': [{'name': 'asciijump', 'action': 'delete', 'id': '5475369', 'version': '::apt', 'url': ' '}, {'name': 'robotfindskitten', 'action': 'delete', 'id': '5474869', 'version': '::apt', 'url': ' '}, {'name': 'squirrel3', 'action': 'delete', 'id': '5475279', 'version': '::apt', 'url': ' '}]}
09:07:53 INFO  State of operation 18389281 : PENDING
09:07:55 INFO  State of operation 18389281 : EXECUTING
09:07:58 INFO  State of operation 18389281 : EXECUTING
09:08:00 INFO  State of operation 18389281 : EXECUTING
09:08:02 INFO  State of operation 18389281 : EXECUTING
09:08:04 INFO  State of operation 18389281 : EXECUTING
09:08:07 INFO  State of operation 18389281 : EXECUTING
09:08:10 INFO  State of operation 18389281 : EXECUTING
09:08:13 INFO  State of operation 18389281 : EXECUTING
09:08:15 INFO  State of operation 18389281 : EXECUTING
09:08:17 INFO  State of operation 18389281 : EXECUTING
09:08:19 INFO  State of operation 18389281 : EXECUTING
09:08:22 INFO  State of operation 18389281 : EXECUTING
09:08:24 INFO  State of operation 18389281 : EXECUTING
09:08:26 INFO  State of operation 18389281 : EXECUTING
09:08:29 INFO  State of operation 18389281 : EXECUTING
09:08:31 INFO  State of operation 18389281 : EXECUTING
09:08:34 INFO  State of operation 18389281 : EXECUTING
09:08:36 INFO  State of operation 18389281 : EXECUTING
09:08:38 INFO  State of operation 18389281 : EXECUTING
09:08:40 INFO  State of operation 18389281 : EXECUTING
09:08:43 INFO  State of operation 18389281 : EXECUTING
09:08:45 INFO  State of operation 18389281 : EXECUTING
09:08:47 INFO  State of operation 18389281 : EXECUTING
09:08:50 INFO  State of operation 18389281 : EXECUTING
09:08:52 INFO  State of operation 18389281 : EXECUTING
09:08:54 INFO  State of operation 18389281 : EXECUTING
09:08:57 INFO  State of operation 18389281 : SUCCESSFUL
09:08:57 INFO  Assert that (False == value) with value=False ... passed
09:08:57 INFO  Assert that (False == value) with value=False ... passed
09:08:57 INFO  Assert that (False == value) with value=False ... passed
09:08:58 INFO  Assert that (False == value) with value=False ... passed
09:08:58 INFO  
09:08:58 INFO  cleanup:
09:09:02 INFO  Executed sudo&lt;tedge_disconnect_c8y&gt;, exit status 0
09:09:02 INFO  Executed systemctl&lt;serv_mapper5&gt;, exit status 3
09:09:02 INFO  
09:09:02 INFO  Test duration: 177.85 secs
09:09:02 INFO  Test final outcome:  FAILED
09:09:02 INFO  Test outcome reason: Assert that (False == value) with value=True
09:09:02 INFO  
</system-out>
	</testcase>
<testcase classname="PySysTest" name="SoftwareManagement.sm_apt_install_remove_multiple">
		<failure message="FAILED: Assert that (False == value) with value=True (+2 other failures)" type="FAILED" />
		<system-out>09:29:50 INFO  ==============================================================
09:29:50 INFO  Id:    SoftwareManagement.sm_apt_install_remove_multiple
09:29:50 INFO  Dir:   software_management_end_to_end/
09:29:50 INFO  Title: Validate end to end behaviour for the apt plugin for multiple packages
09:29:50 INFO  ==============================================================
09:29:51 INFO  Using sw id database: {'asciijump': '5475369', 'robotfindskitten': '5474869', 'squirrel3': '5475279', 'rolldice': '5152439', 'moon-buggy': '5439204', 'apple': '5495053', 'banana': '5494888', 'cherry': '5495382', 'watermelon': '5494510', 'registry': '8018911', 'hello-world': '8021526', 'docker/getting-started': '8021973', 'alpine': '7991792'}
09:29:51 INFO  EnvironmentC8y Setup
09:29:51 INFO  Executed systemctl&lt;serv_mapper1&gt;, exit status 3
09:29:51 INFO  Restarting mosquitto too frequently in the last 10 seconds. It was only up for 5 seconds
09:29:51 INFO  Delaying execution by 6 seconds
09:30:11 INFO  Executed sudo&lt;tedge_connect_c8y&gt;, exit status 0, duration 14 secs
09:30:12 INFO  Executed sudo&lt;tedge_connect_c8y_test&gt;, exit status 0
09:30:12 INFO  Executed systemctl&lt;serv_mosq2&gt;, exit status 0
09:30:13 INFO  Executed systemctl&lt;serv_mapper3&gt;, exit status 0
09:30:15 INFO  State of current operation: SUCCESSFUL
09:30:15 INFO  Assert that (False == value) with value=False ... passed
09:30:15 INFO  Package asciijump is installed
09:30:16 WARN  Assert that (False == value) with value=True ... failed 
09:30:16 INFO  Package squirrel3 is installed
09:30:16 WARN  Assert that (False == value) with value=True ... failed 
09:30:16 INFO  Package robotfindskitten is installed
09:30:16 WARN  Assert that (False == value) with value=True ... failed 
09:30:17 INFO  Response status: 201
09:30:17 INFO  Response to action: {
    "creationTime": "2022-05-04T09:30:16.978Z",
    "deviceName": "m32sd10d",
    "deviceId": "18360056",
    "self": "https://t493319102.eu-latest.cumulocity.com/devicecontrol/operations/18392228",
    "id": "18392228",
    "status": "PENDING",
    "description": "Apply software changes, triggered from PySys: [{'action': 'install', 'id': '5475369', 'name': 'asciijump', 'url': ' ', 'version': '::apt'}, {'action': 'install', 'id': '5474869', 'name': 'robotfindskitten', 'url': ' ', 'version': '::apt'}, {'action': 'install', 'id': '5475279', 'name': 'squirrel3', 'url': ' ', 'version': '::apt'}]",
    "c8y_SoftwareUpdate": [
        {
            "name": "asciijump",
            "action": "install",
            "id": "5475369",
            "version": "::apt",
            "url": " "
        },
        {
            "name": "robotfindskitten",
            "action": "install",
            "id": "5474869",
            "version": "::apt",
            "url": " "
        },
        {
            "name": "squirrel3",
            "action": "install",
            "id": "5475279",
            "version": "::apt",
            "url": " "
        }
    ]
}
09:30:17 INFO  Started operation: {'creationTime': '2022-05-04T09:30:16.978Z', 'deviceName': 'm32sd10d', 'deviceId': '18360056', 'self': 'https://t493319102.eu-latest.cumulocity.com/devicecontrol/operations/18392228', 'id': '18392228', 'status': 'PENDING', 'description': "Apply software changes, triggered from PySys: [{'action': 'install', 'id': '5475369', 'name': 'asciijump', 'url': ' ', 'version': '::apt'}, {'action': 'install', 'id': '5474869', 'name': 'robotfindskitten', 'url': ' ', 'version': '::apt'}, {'action': 'install', 'id': '5475279', 'name': 'squirrel3', 'url': ' ', 'version': '::apt'}]", 'c8y_SoftwareUpdate': [{'name': 'asciijump', 'action': 'install', 'id': '5475369', 'version': '::apt', 'url': ' '}, {'name': 'robotfindskitten', 'action': 'install', 'id': '5474869', 'version': '::apt', 'url': ' '}, {'name': 'squirrel3', 'action': 'install', 'id': '5475279', 'version': '::apt', 'url': ' '}]}
09:30:19 INFO  State of operation 18392228 : PENDING
09:30:21 INFO  State of operation 18392228 : EXECUTING
09:30:23 INFO  State of operation 18392228 : EXECUTING
09:30:25 INFO  State of operation 18392228 : EXECUTING
09:30:28 INFO  State of operation 18392228 : EXECUTING
09:30:30 INFO  State of operation 18392228 : EXECUTING
09:30:33 INFO  State of operation 18392228 : EXECUTING
09:30:35 INFO  State of operation 18392228 : EXECUTING
09:30:38 INFO  State of operation 18392228 : EXECUTING
09:30:40 INFO  State of operation 18392228 : EXECUTING
09:30:43 INFO  State of operation 18392228 : EXECUTING
09:30:45 INFO  State of operation 18392228 : EXECUTING
09:30:47 INFO  State of operation 18392228 : EXECUTING
09:30:49 INFO  State of operation 18392228 : EXECUTING
09:30:52 INFO  State of operation 18392228 : EXECUTING
09:30:54 INFO  State of operation 18392228 : SUCCESSFUL
09:30:54 INFO  Assert that (False == value) with value=False ... passed
09:30:54 INFO  Package asciijump is installed
09:30:54 INFO  Assert that (True == value) with value=True ... passed
09:30:54 INFO  Package squirrel3 is installed
09:30:54 INFO  Assert that (True == value) with value=True ... passed
09:30:55 INFO  Package robotfindskitten is installed
09:30:55 INFO  Assert that (True == value) with value=True ... passed
09:30:55 INFO  Response status: 201
09:30:55 INFO  Response to action: {
    "creationTime": "2022-05-04T09:30:55.339Z",
    "deviceName": "m32sd10d",
    "deviceId": "18360056",
    "self": "https://t493319102.eu-latest.cumulocity.com/devicecontrol/operations/18392240",
    "id": "18392240",
    "status": "PENDING",
    "description": "Apply software changes, triggered from PySys: [{'action': 'delete', 'id': '5475369', 'name': 'asciijump', 'url': ' ', 'version': '::apt'}, {'action': 'delete', 'id': '5474869', 'name': 'robotfindskitten', 'url': ' ', 'version': '::apt'}, {'action': 'delete', 'id': '5475279', 'name': 'squirrel3', 'url': ' ', 'version': '::apt'}]",
    "c8y_SoftwareUpdate": [
        {
            "name": "asciijump",
            "action": "delete",
            "id": "5475369",
            "version": "::apt",
            "url": " "
        },
        {
            "name": "robotfindskitten",
            "action": "delete",
            "id": "5474869",
            "version": "::apt",
            "url": " "
        },
        {
            "name": "squirrel3",
            "action": "delete",
            "id": "5475279",
            "version": "::apt",
            "url": " "
        }
    ]
}
09:30:55 INFO  Started operation: {'creationTime': '2022-05-04T09:30:55.339Z', 'deviceName': 'm32sd10d', 'deviceId': '18360056', 'self': 'https://t493319102.eu-latest.cumulocity.com/devicecontrol/operations/18392240', 'id': '18392240', 'status': 'PENDING', 'description': "Apply software changes, triggered from PySys: [{'action': 'delete', 'id': '5475369', 'name': 'asciijump', 'url': ' ', 'version': '::apt'}, {'action': 'delete', 'id': '5474869', 'name': 'robotfindskitten', 'url': ' ', 'version': '::apt'}, {'action': 'delete', 'id': '5475279', 'name': 'squirrel3', 'url': ' ', 'version': '::apt'}]", 'c8y_SoftwareUpdate': [{'name': 'asciijump', 'action': 'delete', 'id': '5475369', 'version': '::apt', 'url': ' '}, {'name': 'robotfindskitten', 'action': 'delete', 'id': '5474869', 'version': '::apt', 'url': ' '}, {'name': 'squirrel3', 'action': 'delete', 'id': '5475279', 'version': '::apt', 'url': ' '}]}
09:30:57 INFO  State of operation 18392240 : PENDING
09:30:59 INFO  State of operation 18392240 : EXECUTING
09:31:02 INFO  State of operation 18392240 : EXECUTING
09:31:04 INFO  State of operation 18392240 : EXECUTING
09:31:06 INFO  State of operation 18392240 : EXECUTING
09:31:08 INFO  State of operation 18392240 : EXECUTING
09:31:11 INFO  State of operation 18392240 : EXECUTING
09:31:14 INFO  State of operation 18392240 : EXECUTING
09:31:16 INFO  State of operation 18392240 : EXECUTING
09:31:18 INFO  State of operation 18392240 : EXECUTING
09:31:21 INFO  State of operation 18392240 : EXECUTING
09:31:23 INFO  State of operation 18392240 : EXECUTING
09:31:25 INFO  State of operation 18392240 : EXECUTING
09:31:27 INFO  State of operation 18392240 : EXECUTING
09:31:30 INFO  State of operation 18392240 : EXECUTING
09:31:32 INFO  State of operation 18392240 : EXECUTING
09:31:34 INFO  State of operation 18392240 : EXECUTING
09:31:37 INFO  State of operation 18392240 : EXECUTING
09:31:39 INFO  State of operation 18392240 : EXECUTING
09:31:42 INFO  State of operation 18392240 : EXECUTING
09:31:44 INFO  State of operation 18392240 : EXECUTING
09:31:46 INFO  State of operation 18392240 : EXECUTING
09:31:49 INFO  State of operation 18392240 : EXECUTING
09:31:51 INFO  State of operation 18392240 : EXECUTING
09:31:53 INFO  State of operation 18392240 : EXECUTING
09:31:56 INFO  State of operation 18392240 : EXECUTING
09:31:58 INFO  State of operation 18392240 : EXECUTING
09:32:00 INFO  State of operation 18392240 : EXECUTING
09:32:03 INFO  State of operation 18392240 : SUCCESSFUL
09:32:03 INFO  Assert that (False == value) with value=False ... passed
09:32:03 INFO  Assert that (False == value) with value=False ... passed
09:32:03 INFO  Assert that (False == value) with value=False ... passed
09:32:04 INFO  Assert that (False == value) with value=False ... passed
09:32:04 INFO  
09:32:04 INFO  cleanup:
09:32:08 INFO  Executed sudo&lt;tedge_disconnect_c8y&gt;, exit status 0
09:32:08 INFO  Executed systemctl&lt;serv_mapper5&gt;, exit status 3
09:32:08 INFO  
09:32:08 INFO  Test duration: 137.74 secs
09:32:08 INFO  Test final outcome:  FAILED
09:32:08 INFO  Test outcome reason: Assert that (False == value) with value=True (+2 other failures)
09:32:08 INFO  
</system-out>
	</testcase>
</testsuite><testsuite name="SoftwareManagement.sm_apt_install_remove_multiple_mixed" tests="3" errors="0" failures="2" skipped="1" time="0"><testcase classname="PySysTest" name="SoftwareManagement.sm_apt_install_remove_multiple_mixed">
		<skipped message="SKIPPED: Testing the apt plugin is not supported on this platform.Use parameter -XmyPlatform='container' to enable it" />
		<system-out>08:34:47 INFO  ==============================================================
08:34:47 INFO  Id:    SoftwareManagement.sm_apt_install_remove_multiple_mixed
08:34:47 INFO  Dir:   software_management_end_to_end/
08:34:47 INFO  Title: Validate end to end behaviour for the apt plugin for multiple packages with mixed versions
08:34:47 INFO  ==============================================================
08:34:47 INFO  Testing the apt plugin is not supported on this platform.Use parameter -XmyPlatform='container' to enable it ... skipped
08:34:47 WARN  Aborted test due to SKIPPED outcome
08:34:47 INFO  
08:34:47 INFO  Test duration: 0.03 secs
08:34:47 INFO  Test final outcome:  SKIPPED
08:34:47 INFO  Test outcome reason: Testing the apt plugin is not supported on this platform.Use parameter -XmyPlatform='container' to enable it
08:34:47 INFO  
</system-out>
	</testcase>
<testcase classname="PySysTest" name="SoftwareManagement.sm_apt_install_remove_multiple_mixed">
		<failure message="BLOCKED: SystemError: Timeout while waiting for status SUCCESSFUL or False" type="BLOCKED" />
		<system-out>09:09:02 INFO  ==============================================================
09:09:02 INFO  Id:    SoftwareManagement.sm_apt_install_remove_multiple_mixed
09:09:02 INFO  Dir:   software_management_end_to_end/
09:09:02 INFO  Title: Validate end to end behaviour for the apt plugin for multiple packages with mixed versions
09:09:02 INFO  ==============================================================
09:09:02 INFO  Using sw id database: {'asciijump': '5475369', 'robotfindskitten': '5474869', 'squirrel3': '5475279', 'rolldice': '5152439', 'moon-buggy': '5439204', 'apple': '5495053', 'banana': '5494888', 'cherry': '5495382', 'watermelon': '5494510', 'registry': '8018911', 'hello-world': '8021526', 'docker/getting-started': '8021973', 'alpine': '7991792'}
09:09:02 INFO  EnvironmentC8y Setup
09:09:03 INFO  Executed systemctl&lt;serv_mapper1&gt;, exit status 3
09:09:03 INFO  Restarting mosquitto too frequently in the last 10 seconds. It was only up for 5 seconds
09:09:03 INFO  Delaying execution by 6 seconds
09:09:23 INFO  Executed sudo&lt;tedge_connect_c8y&gt;, exit status 0, duration 13 secs
09:09:23 INFO  Executed sudo&lt;tedge_connect_c8y_test&gt;, exit status 0
09:09:24 INFO  Executed systemctl&lt;serv_mosq2&gt;, exit status 0
09:09:24 INFO  Executed systemctl&lt;serv_mapper3&gt;, exit status 0
09:09:26 INFO  State of current operation: SUCCESSFUL
09:09:27 INFO  Assert that (False == value) with value=False ... passed
09:09:27 INFO  Assert that (False == value) with value=False ... passed
09:09:27 INFO  Assert that (False == value) with value=False ... passed
09:09:27 INFO  Assert that (False == value) with value=False ... passed
09:09:28 INFO  Assert that (False == value) with value=False ... passed
09:09:29 INFO  Response status: 201
09:09:29 INFO  Response to action: {
    "delivery": {
        "time": "2022-05-04T09:09:29.264Z",
        "log": [],
        "status": "PENDING"
    },
    "creationTime": "2022-05-04T09:09:29.248Z",
    "deviceName": "m32sd10d",
    "deviceId": "18360056",
    "self": "https://t493319102.eu-latest.cumulocity.com/devicecontrol/operations/18389317",
    "id": "18389317",
    "status": "PENDING",
    "description": "Apply software changes, triggered from PySys: [{'action': 'install', 'id': '5475369', 'name': 'asciijump', 'url': ' ', 'version': '::apt'}, {'action': 'install', 'id': '5474869', 'name': 'robotfindskitten', 'url': ' ', 'version': ' '}, {'action': 'install', 'id': '5475279', 'name': 'squirrel3', 'url': ' ', 'version': '3.1-7::apt'}, {'action': 'install', 'id': '5152439', 'name': 'rolldice', 'url': ' ', 'version': '1.16-1+b1'}, {'action': 'install', 'id': '5439204', 'name': 'moon-buggy', 'url': ' ', 'version': '1:1.0.51-12'}, {'action': 'install', 'id': '5475369', 'name': 'asciijump', 'url': ' ', 'version': '::apt'}]",
    "c8y_SoftwareUpdate": [
        {
            "name": "asciijump",
            "action": "install",
            "id": "5475369",
            "version": "::apt",
            "url": " "
        },
        {
            "name": "robotfindskitten",
            "action": "install",
            "id": "5474869",
            "version": " ",
            "url": " "
        },
        {
            "name": "squirrel3",
            "action": "install",
            "id": "5475279",
            "version": "3.1-7::apt",
            "url": " "
        },
        {
            "name": "rolldice",
            "action": "install",
            "id": "5152439",
            "version": "1.16-1+b1",
            "url": " "
        },
        {
            "name": "moon-buggy",
            "action": "install",
            "id": "5439204",
            "version": "1:1.0.51-12",
            "url": " "
        },
        {
            "name": "asciijump",
            "action": "install",
            "id": "5475369",
            "version": "::apt",
            "url": " "
        }
    ]
}
09:09:29 INFO  Started operation: {'delivery': {'time': '2022-05-04T09:09:29.264Z', 'log': [], 'status': 'PENDING'}, 'creationTime': '2022-05-04T09:09:29.248Z', 'deviceName': 'm32sd10d', 'deviceId': '18360056', 'self': 'https://t493319102.eu-latest.cumulocity.com/devicecontrol/operations/18389317', 'id': '18389317', 'status': 'PENDING', 'description': "Apply software changes, triggered from PySys: [{'action': 'install', 'id': '5475369', 'name': 'asciijump', 'url': ' ', 'version': '::apt'}, {'action': 'install', 'id': '5474869', 'name': 'robotfindskitten', 'url': ' ', 'version': ' '}, {'action': 'install', 'id': '5475279', 'name': 'squirrel3', 'url': ' ', 'version': '3.1-7::apt'}, {'action': 'install', 'id': '5152439', 'name': 'rolldice', 'url': ' ', 'version': '1.16-1+b1'}, {'action': 'install', 'id': '5439204', 'name': 'moon-buggy', 'url': ' ', 'version': '1:1.0.51-12'}, {'action': 'install', 'id': '5475369', 'name': 'asciijump', 'url': ' ', 'version': '::apt'}]", 'c8y_SoftwareUpdate': [{'name': 'asciijump', 'action': 'install', 'id': '5475369', 'version': '::apt', 'url': ' '}, {'name': 'robotfindskitten', 'action': 'install', 'id': '5474869', 'version': ' ', 'url': ' '}, {'name': 'squirrel3', 'action': 'install', 'id': '5475279', 'version': '3.1-7::apt', 'url': ' '}, {'name': 'rolldice', 'action': 'install', 'id': '5152439', 'version': '1.16-1+b1', 'url': ' '}, {'name': 'moon-buggy', 'action': 'install', 'id': '5439204', 'version': '1:1.0.51-12', 'url': ' '}, {'name': 'asciijump', 'action': 'install', 'id': '5475369', 'version': '::apt', 'url': ' '}]}
09:09:31 INFO  State of operation 18389317 : PENDING
09:09:33 INFO  State of operation 18389317 : EXECUTING
09:09:36 INFO  State of operation 18389317 : EXECUTING
09:09:38 INFO  State of operation 18389317 : EXECUTING
09:09:40 INFO  State of operation 18389317 : EXECUTING
09:09:42 INFO  State of operation 18389317 : EXECUTING
09:09:45 INFO  State of operation 18389317 : EXECUTING
09:09:48 INFO  State of operation 18389317 : EXECUTING
09:09:50 INFO  State of operation 18389317 : EXECUTING
09:09:53 INFO  State of operation 18389317 : EXECUTING
09:09:55 INFO  State of operation 18389317 : EXECUTING
09:09:57 INFO  State of operation 18389317 : EXECUTING
09:09:59 INFO  State of operation 18389317 : EXECUTING
09:10:02 INFO  State of operation 18389317 : EXECUTING
09:10:04 INFO  State of operation 18389317 : EXECUTING
09:10:06 INFO  State of operation 18389317 : EXECUTING
09:10:09 INFO  State of operation 18389317 : EXECUTING
09:10:11 INFO  State of operation 18389317 : EXECUTING
09:10:13 INFO  State of operation 18389317 : EXECUTING
09:10:16 INFO  State of operation 18389317 : EXECUTING
09:10:18 INFO  State of operation 18389317 : EXECUTING
09:10:21 INFO  State of operation 18389317 : EXECUTING
09:10:23 INFO  State of operation 18389317 : EXECUTING
09:10:26 INFO  State of operation 18389317 : EXECUTING
09:10:28 INFO  State of operation 18389317 : EXECUTING
09:10:30 INFO  State of operation 18389317 : EXECUTING
09:10:32 INFO  State of operation 18389317 : EXECUTING
09:10:35 INFO  State of operation 18389317 : EXECUTING
09:10:37 INFO  State of operation 18389317 : EXECUTING
09:10:39 INFO  State of operation 18389317 : EXECUTING
09:10:42 INFO  State of operation 18389317 : EXECUTING
09:10:44 INFO  State of operation 18389317 : EXECUTING
09:10:46 INFO  State of operation 18389317 : EXECUTING
09:10:48 INFO  State of operation 18389317 : EXECUTING
09:10:51 INFO  State of operation 18389317 : EXECUTING
09:10:53 INFO  State of operation 18389317 : EXECUTING
09:10:55 INFO  State of operation 18389317 : EXECUTING
09:10:58 INFO  State of operation 18389317 : EXECUTING
09:11:01 INFO  State of operation 18389317 : EXECUTING
09:11:03 INFO  State of operation 18389317 : EXECUTING
09:11:06 INFO  State of operation 18389317 : EXECUTING
09:11:08 INFO  State of operation 18389317 : EXECUTING
09:11:10 INFO  State of operation 18389317 : EXECUTING
09:11:12 INFO  State of operation 18389317 : EXECUTING
09:11:14 INFO  State of operation 18389317 : EXECUTING
09:11:17 INFO  State of operation 18389317 : EXECUTING
09:11:19 INFO  State of operation 18389317 : EXECUTING
09:11:21 INFO  State of operation 18389317 : EXECUTING
09:11:24 INFO  State of operation 18389317 : EXECUTING
09:11:26 INFO  State of operation 18389317 : EXECUTING
09:11:29 INFO  State of operation 18389317 : EXECUTING
09:11:31 INFO  State of operation 18389317 : EXECUTING
09:11:33 INFO  State of operation 18389317 : EXECUTING
09:11:35 INFO  State of operation 18389317 : EXECUTING
09:11:38 INFO  State of operation 18389317 : EXECUTING
09:11:41 INFO  State of operation 18389317 : EXECUTING
09:11:43 INFO  State of operation 18389317 : EXECUTING
09:11:46 INFO  State of operation 18389317 : EXECUTING
09:11:48 INFO  State of operation 18389317 : EXECUTING
09:11:50 INFO  State of operation 18389317 : EXECUTING
09:11:53 INFO  State of operation 18389317 : EXECUTING
09:11:55 WARN  SystemError occurred while running test - Timeout while waiting for status SUCCESSFUL or False
Traceback (most recent call last):
  File "/home/pi/env-pysys/lib/python3.7/site-packages/pysys/baserunner.py", line 1294, in __call__
    self.testObj.execute()
  File "/home/pi/actions-runner/_work/thin-edge.io/thin-edge.io/tests/PySys/software_management_end_to_end/sm_apt_install_remove_multiple_mixed/run.py", line 89, in execute
    self.wait_until_succcess()
  File "/home/pi/actions-runner/_work/thin-edge.io/thin-edge.io/tests/PySys/software_management_end_to_end/environment_sm_management.py", line 324, in wait_until_succcess
    self.wait_until_status("SUCCESSFUL")
  File "/home/pi/actions-runner/_work/thin-edge.io/thin-edge.io/tests/PySys/software_management_end_to_end/environment_sm_management.py", line 381, in wait_until_status
    "Timeout while waiting for status %s or %s" % (status, status2)
SystemError: Timeout while waiting for status SUCCESSFUL or False
09:11:55 WARN  SystemError: Timeout while waiting for status SUCCESSFUL or False ... blocked 
09:11:55 INFO  
09:11:55 INFO  cleanup:
09:12:00 INFO  Executed sudo&lt;tedge_disconnect_c8y&gt;, exit status 0
09:12:00 INFO  Executed systemctl&lt;serv_mapper5&gt;, exit status 3
09:12:00 INFO  
09:12:00 INFO  Test duration: 177.98 secs
09:12:00 INFO  Test final outcome:  BLOCKED
09:12:00 INFO  Test outcome reason: SystemError: Timeout while waiting for status SUCCESSFUL or False
09:12:00 INFO  
</system-out>
	</testcase>
<testcase classname="PySysTest" name="SoftwareManagement.sm_apt_install_remove_multiple_mixed">
		<failure message="BLOCKED: SystemError: Timeout while waiting for status SUCCESSFUL or False (+1 other failures)" type="BLOCKED" />
		<system-out>09:32:08 INFO  ==============================================================
09:32:08 INFO  Id:    SoftwareManagement.sm_apt_install_remove_multiple_mixed
09:32:08 INFO  Dir:   software_management_end_to_end/
09:32:08 INFO  Title: Validate end to end behaviour for the apt plugin for multiple packages with mixed versions
09:32:08 INFO  ==============================================================
09:32:08 INFO  Using sw id database: {'asciijump': '5475369', 'robotfindskitten': '5474869', 'squirrel3': '5475279', 'rolldice': '5152439', 'moon-buggy': '5439204', 'apple': '5495053', 'banana': '5494888', 'cherry': '5495382', 'watermelon': '5494510', 'registry': '8018911', 'hello-world': '8021526', 'docker/getting-started': '8021973', 'alpine': '7991792'}
09:32:08 INFO  EnvironmentC8y Setup
09:32:09 INFO  Executed systemctl&lt;serv_mapper1&gt;, exit status 3
09:32:09 INFO  Restarting mosquitto too frequently in the last 10 seconds. It was only up for 5 seconds
09:32:09 INFO  Delaying execution by 6 seconds
09:32:29 INFO  Executed sudo&lt;tedge_connect_c8y&gt;, exit status 0, duration 13 secs
09:32:29 INFO  Executed sudo&lt;tedge_connect_c8y_test&gt;, exit status 0
09:32:30 INFO  Executed systemctl&lt;serv_mosq2&gt;, exit status 0
09:32:30 INFO  Executed systemctl&lt;serv_mapper3&gt;, exit status 0
09:32:32 INFO  State of current operation: SUCCESSFUL
09:32:33 INFO  Assert that (False == value) with value=False ... passed
09:32:33 INFO  Assert that (False == value) with value=False ... passed
09:32:33 INFO  Assert that (False == value) with value=False ... passed
09:32:33 INFO  Assert that (False == value) with value=False ... passed
09:32:34 INFO  Package moon-buggy is installed
09:32:34 WARN  Assert that (False == value) with value=True ... failed 
09:32:35 INFO  Response status: 201
09:32:35 INFO  Response to action: {
    "creationTime": "2022-05-04T09:32:35.294Z",
    "deviceName": "m32sd10d",
    "deviceId": "18360056",
    "self": "https://t493319102.eu-latest.cumulocity.com/devicecontrol/operations/18392250",
    "id": "18392250",
    "status": "PENDING",
    "description": "Apply software changes, triggered from PySys: [{'action': 'install', 'id': '5475369', 'name': 'asciijump', 'url': ' ', 'version': '::apt'}, {'action': 'install', 'id': '5474869', 'name': 'robotfindskitten', 'url': ' ', 'version': ' '}, {'action': 'install', 'id': '5475279', 'name': 'squirrel3', 'url': ' ', 'version': '3.1-7::apt'}, {'action': 'install', 'id': '5152439', 'name': 'rolldice', 'url': ' ', 'version': '1.16-1+b1'}, {'action': 'install', 'id': '5439204', 'name': 'moon-buggy', 'url': ' ', 'version': '1:1.0.51-12'}, {'action': 'install', 'id': '5475369', 'name': 'asciijump', 'url': ' ', 'version': '::apt'}]",
    "c8y_SoftwareUpdate": [
        {
            "name": "asciijump",
            "action": "install",
            "id": "5475369",
            "version": "::apt",
            "url": " "
        },
        {
            "name": "robotfindskitten",
            "action": "install",
            "id": "5474869",
            "version": " ",
            "url": " "
        },
        {
            "name": "squirrel3",
            "action": "install",
            "id": "5475279",
            "version": "3.1-7::apt",
            "url": " "
        },
        {
            "name": "rolldice",
            "action": "install",
            "id": "5152439",
            "version": "1.16-1+b1",
            "url": " "
        },
        {
            "name": "moon-buggy",
            "action": "install",
            "id": "5439204",
            "version": "1:1.0.51-12",
            "url": " "
        },
        {
            "name": "asciijump",
            "action": "install",
            "id": "5475369",
            "version": "::apt",
            "url": " "
        }
    ]
}
09:32:35 INFO  Started operation: {'creationTime': '2022-05-04T09:32:35.294Z', 'deviceName': 'm32sd10d', 'deviceId': '18360056', 'self': 'https://t493319102.eu-latest.cumulocity.com/devicecontrol/operations/18392250', 'id': '18392250', 'status': 'PENDING', 'description': "Apply software changes, triggered from PySys: [{'action': 'install', 'id': '5475369', 'name': 'asciijump', 'url': ' ', 'version': '::apt'}, {'action': 'install', 'id': '5474869', 'name': 'robotfindskitten', 'url': ' ', 'version': ' '}, {'action': 'install', 'id': '5475279', 'name': 'squirrel3', 'url': ' ', 'version': '3.1-7::apt'}, {'action': 'install', 'id': '5152439', 'name': 'rolldice', 'url': ' ', 'version': '1.16-1+b1'}, {'action': 'install', 'id': '5439204', 'name': 'moon-buggy', 'url': ' ', 'version': '1:1.0.51-12'}, {'action': 'install', 'id': '5475369', 'name': 'asciijump', 'url': ' ', 'version': '::apt'}]", 'c8y_SoftwareUpdate': [{'name': 'asciijump', 'action': 'install', 'id': '5475369', 'version': '::apt', 'url': ' '}, {'name': 'robotfindskitten', 'action': 'install', 'id': '5474869', 'version': ' ', 'url': ' '}, {'name': 'squirrel3', 'action': 'install', 'id': '5475279', 'version': '3.1-7::apt', 'url': ' '}, {'name': 'rolldice', 'action': 'install', 'id': '5152439', 'version': '1.16-1+b1', 'url': ' '}, {'name': 'moon-buggy', 'action': 'install', 'id': '5439204', 'version': '1:1.0.51-12', 'url': ' '}, {'name': 'asciijump', 'action': 'install', 'id': '5475369', 'version': '::apt', 'url': ' '}]}
09:32:37 INFO  State of operation 18392250 : PENDING
09:32:39 INFO  State of operation 18392250 : EXECUTING
09:32:42 INFO  State of operation 18392250 : EXECUTING
09:32:44 INFO  State of operation 18392250 : EXECUTING
09:32:46 INFO  State of operation 18392250 : EXECUTING
09:32:48 INFO  State of operation 18392250 : EXECUTING
09:32:51 INFO  State of operation 18392250 : EXECUTING
09:32:54 INFO  State of operation 18392250 : EXECUTING
09:32:56 INFO  State of operation 18392250 : EXECUTING
09:32:59 INFO  State of operation 18392250 : EXECUTING
09:33:01 INFO  State of operation 18392250 : EXECUTING
09:33:03 INFO  State of operation 18392250 : EXECUTING
09:33:05 INFO  State of operation 18392250 : EXECUTING
09:33:08 INFO  State of operation 18392250 : EXECUTING
09:33:10 INFO  State of operation 18392250 : EXECUTING
09:33:12 INFO  State of operation 18392250 : EXECUTING
09:33:15 INFO  State of operation 18392250 : EXECUTING
09:33:17 INFO  State of operation 18392250 : EXECUTING
09:33:20 INFO  State of operation 18392250 : EXECUTING
09:33:22 INFO  State of operation 18392250 : EXECUTING
09:33:24 INFO  State of operation 18392250 : EXECUTING
09:33:27 INFO  State of operation 18392250 : EXECUTING
09:33:29 INFO  State of operation 18392250 : EXECUTING
09:33:31 INFO  State of operation 18392250 : EXECUTING
09:33:34 INFO  State of operation 18392250 : EXECUTING
09:33:36 INFO  State of operation 18392250 : EXECUTING
09:33:38 INFO  State of operation 18392250 : EXECUTING
09:33:41 INFO  State of operation 18392250 : EXECUTING
09:33:43 INFO  State of operation 18392250 : EXECUTING
09:33:45 INFO  State of operation 18392250 : EXECUTING
09:33:47 INFO  State of operation 18392250 : EXECUTING
09:33:50 INFO  State of operation 18392250 : EXECUTING
09:33:52 INFO  State of operation 18392250 : EXECUTING
09:33:54 INFO  State of operation 18392250 : EXECUTING
09:33:56 INFO  State of operation 18392250 : EXECUTING
09:33:59 INFO  State of operation 18392250 : EXECUTING
09:34:01 INFO  State of operation 18392250 : EXECUTING
09:34:03 INFO  State of operation 18392250 : EXECUTING
09:34:06 INFO  State of operation 18392250 : EXECUTING
09:34:08 INFO  State of operation 18392250 : EXECUTING
09:34:11 INFO  State of operation 18392250 : EXECUTING
09:34:13 INFO  State of operation 18392250 : EXECUTING
09:34:16 INFO  State of operation 18392250 : EXECUTING
09:34:18 INFO  State of operation 18392250 : EXECUTING
09:34:20 INFO  State of operation 18392250 : EXECUTING
09:34:23 INFO  State of operation 18392250 : EXECUTING
09:34:25 INFO  State of operation 18392250 : EXECUTING
09:34:27 INFO  State of operation 18392250 : EXECUTING
09:34:30 INFO  State of operation 18392250 : EXECUTING
09:34:32 INFO  State of operation 18392250 : EXECUTING
09:34:35 INFO  State of operation 18392250 : EXECUTING
09:34:37 INFO  State of operation 18392250 : EXECUTING
09:34:40 INFO  State of operation 18392250 : EXECUTING
09:34:42 INFO  State of operation 18392250 : EXECUTING
09:34:45 INFO  State of operation 18392250 : EXECUTING
09:34:47 INFO  State of operation 18392250 : EXECUTING
09:34:49 INFO  State of operation 18392250 : EXECUTING
09:34:52 INFO  State of operation 18392250 : EXECUTING
09:34:54 INFO  State of operation 18392250 : EXECUTING
09:34:57 INFO  State of operation 18392250 : EXECUTING
09:34:59 INFO  State of operation 18392250 : EXECUTING
09:35:01 WARN  SystemError occurred while running test - Timeout while waiting for status SUCCESSFUL or False
Traceback (most recent call last):
  File "/home/pi/env-pysys/lib/python3.7/site-packages/pysys/baserunner.py", line 1294, in __call__
    self.testObj.execute()
  File "/home/pi/actions-runner/_work/thin-edge.io/thin-edge.io/tests/PySys/software_management_end_to_end/sm_apt_install_remove_multiple_mixed/run.py", line 89, in execute
    self.wait_until_succcess()
  File "/home/pi/actions-runner/_work/thin-edge.io/thin-edge.io/tests/PySys/software_management_end_to_end/environment_sm_management.py", line 324, in wait_until_succcess
    self.wait_until_status("SUCCESSFUL")
  File "/home/pi/actions-runner/_work/thin-edge.io/thin-edge.io/tests/PySys/software_management_end_to_end/environment_sm_management.py", line 381, in wait_until_status
    "Timeout while waiting for status %s or %s" % (status, status2)
SystemError: Timeout while waiting for status SUCCESSFUL or False
09:35:01 WARN  SystemError: Timeout while waiting for status SUCCESSFUL or False ... blocked 
09:35:01 INFO  
09:35:01 INFO  cleanup:
09:35:05 INFO  Executed sudo&lt;tedge_disconnect_c8y&gt;, exit status 0
09:35:06 INFO  Executed systemctl&lt;serv_mapper5&gt;, exit status 3
09:35:06 INFO  
09:35:06 INFO  Test duration: 177.82 secs
09:35:06 INFO  Test final outcome:  BLOCKED
09:35:06 INFO  Test outcome reason: SystemError: Timeout while waiting for status SUCCESSFUL or False (+1 other failures)
09:35:06 INFO  
</system-out>
	</testcase>
</testsuite><testsuite name="SoftwareManagement.sm_apt_install_remove_with_version" tests="3" errors="0" failures="0" skipped="1" time="0"><testcase classname="PySysTest" name="SoftwareManagement.sm_apt_install_remove_with_version">
		<skipped message="SKIPPED: Testing the apt plugin is not supported on this platform.Use parameter -XmyPlatform='container' to enable it" />
		<system-out>08:34:47 INFO  ==============================================================
08:34:47 INFO  Id:    SoftwareManagement.sm_apt_install_remove_with_version
08:34:47 INFO  Dir:   software_management_end_to_end/
08:34:47 INFO  Title: Validate end to end behaviour for the apt plugin for packages with version
08:34:47 INFO  ==============================================================
08:34:47 INFO  Testing the apt plugin is not supported on this platform.Use parameter -XmyPlatform='container' to enable it ... skipped
08:34:47 WARN  Aborted test due to SKIPPED outcome
08:34:47 INFO  
08:34:47 INFO  Test duration: 0.02 secs
08:34:47 INFO  Test final outcome:  SKIPPED
08:34:47 INFO  Test outcome reason: Testing the apt plugin is not supported on this platform.Use parameter -XmyPlatform='container' to enable it
08:34:47 INFO  
</system-out>
	</testcase>
<testcase classname="PySysTest" name="SoftwareManagement.sm_apt_install_remove_with_version" />
<testcase classname="PySysTest" name="SoftwareManagement.sm_apt_install_remove_with_version" />
</testsuite><testsuite name="SoftwareManagement.sm_docker_install_remove_multiple" tests="3" errors="0" failures="2" skipped="1" time="0"><testcase classname="SMDockerInstallRemove" name="SoftwareManagement.sm_docker_install_remove_multiple">
		<skipped message="SKIPPED: Testing the apt plugin is not supported on this platform.Use parameter -XmyPlatform='container' to enable it" />
		<system-out>08:34:47 INFO  ==============================================================
08:34:47 INFO  Id:    SoftwareManagement.sm_docker_install_remove_multiple
08:34:47 INFO  Dir:   software_management_end_to_end/
08:34:47 INFO  Title: Validate end to end behaviour for the docker plugin for multiple docker images with mixed versions
08:34:47 INFO  ==============================================================
08:34:47 INFO  Testing the apt plugin is not supported on this platform.Use parameter -XmyPlatform='container' to enable it ... skipped
08:34:47 WARN  Aborted test due to SKIPPED outcome
08:34:47 INFO  
08:34:47 INFO  Test duration: 0.03 secs
08:34:47 INFO  Test final outcome:  SKIPPED
08:34:47 INFO  Test outcome reason: Testing the apt plugin is not supported on this platform.Use parameter -XmyPlatform='container' to enable it
08:34:47 INFO  
</system-out>
	</testcase>
<testcase classname="SMDockerInstallRemove" name="SoftwareManagement.sm_docker_install_remove_multiple">
		<failure message="BLOCKED: SystemError: The operation has failed" type="BLOCKED" />
		<system-out>09:19:05 INFO  ==============================================================
09:19:05 INFO  Id:    SoftwareManagement.sm_docker_install_remove_multiple
09:19:05 INFO  Dir:   software_management_end_to_end/
09:19:05 INFO  Title: Validate end to end behaviour for the docker plugin for multiple docker images with mixed versions
09:19:05 INFO  ==============================================================
09:19:07 INFO  Using sw id database: {'asciijump': '5475369', 'robotfindskitten': '5474869', 'squirrel3': '5475279', 'rolldice': '5152439', 'moon-buggy': '5439204', 'apple': '5495053', 'banana': '5494888', 'cherry': '5495382', 'watermelon': '5494510', 'registry': '8018911', 'hello-world': '8021526', 'docker/getting-started': '8021973', 'alpine': '7991792'}
09:19:07 INFO  EnvironmentC8y Setup
09:19:08 INFO  Executed systemctl&lt;serv_mapper1&gt;, exit status 3
09:19:24 INFO  Executed sudo&lt;tedge_connect_c8y&gt;, exit status 0, duration 15 secs
09:19:25 INFO  Executed sudo&lt;tedge_connect_c8y_test&gt;, exit status 0
09:19:25 INFO  Executed systemctl&lt;serv_mosq2&gt;, exit status 0
09:19:26 INFO  Executed systemctl&lt;serv_mapper3&gt;, exit status 0
09:19:28 INFO  State of current operation: SUCCESSFUL
09:19:28 INFO  Response status: 201
09:19:28 INFO  Response to action: {
    "creationTime": "2022-05-04T09:19:28.663Z",
    "deviceName": "m32sd10d",
    "deviceId": "18360056",
    "self": "https://t493319102.eu-latest.cumulocity.com/devicecontrol/operations/18389472",
    "id": "18389472",
    "status": "PENDING",
    "description": "Apply software changes, triggered from PySys: [{'action': 'install', 'id': '8021526', 'name': 'hello-world', 'url': '', 'version': '::docker'}, {'action': 'install', 'id': '8018911', 'name': 'registry', 'url': '', 'version': '2.6.2::docker'}]",
    "c8y_SoftwareUpdate": [
        {
            "name": "hello-world",
            "action": "install",
            "id": "8021526",
            "version": "::docker",
            "url": ""
        },
        {
            "name": "registry",
            "action": "install",
            "id": "8018911",
            "version": "2.6.2::docker",
            "url": ""
        }
    ]
}
09:19:28 INFO  Started operation: {'creationTime': '2022-05-04T09:19:28.663Z', 'deviceName': 'm32sd10d', 'deviceId': '18360056', 'self': 'https://t493319102.eu-latest.cumulocity.com/devicecontrol/operations/18389472', 'id': '18389472', 'status': 'PENDING', 'description': "Apply software changes, triggered from PySys: [{'action': 'install', 'id': '8021526', 'name': 'hello-world', 'url': '', 'version': '::docker'}, {'action': 'install', 'id': '8018911', 'name': 'registry', 'url': '', 'version': '2.6.2::docker'}]", 'c8y_SoftwareUpdate': [{'name': 'hello-world', 'action': 'install', 'id': '8021526', 'version': '::docker', 'url': ''}, {'name': 'registry', 'action': 'install', 'id': '8018911', 'version': '2.6.2::docker', 'url': ''}]}
09:19:30 INFO  State of operation 18389472 : PENDING
09:19:33 INFO  State of operation 18389472 : EXECUTING
09:19:35 INFO  State of operation 18389472 : EXECUTING
09:19:37 INFO  State of operation 18389472 : EXECUTING
09:19:39 INFO  State of operation 18389472 : FAILED
09:19:39 ERROR Stopping as the operation has failed
09:19:39 WARN  SystemError occurred while running test - The operation has failed
Traceback (most recent call last):
  File "/home/pi/env-pysys/lib/python3.7/site-packages/pysys/baserunner.py", line 1292, in __call__
    self.testObj.setup()
  File "/home/pi/actions-runner/_work/thin-edge.io/thin-edge.io/tests/PySys/software_management_end_to_end/sm_docker_install_remove_multiple/run.py", line 55, in setup
    self.wait_until_succcess()
  File "/home/pi/actions-runner/_work/thin-edge.io/thin-edge.io/tests/PySys/software_management_end_to_end/environment_sm_management.py", line 324, in wait_until_succcess
    self.wait_until_status("SUCCESSFUL")
  File "/home/pi/actions-runner/_work/thin-edge.io/thin-edge.io/tests/PySys/software_management_end_to_end/environment_sm_management.py", line 361, in wait_until_status
    raise SystemError("The operation has failed")
SystemError: The operation has failed
09:19:39 WARN  SystemError: The operation has failed ... blocked 
09:19:39 INFO  
09:19:39 INFO  cleanup:
09:19:43 INFO  Executed sudo&lt;tedge_disconnect_c8y&gt;, exit status 0
09:19:44 INFO  Executed systemctl&lt;serv_mapper5&gt;, exit status 3
09:19:44 INFO  
09:19:44 INFO  Test duration: 38.41 secs
09:19:44 INFO  Test final outcome:  BLOCKED
09:19:44 INFO  Test outcome reason: SystemError: The operation has failed
09:19:44 INFO  
</system-out>
	</testcase>
<testcase classname="SMDockerInstallRemove" name="SoftwareManagement.sm_docker_install_remove_multiple">
		<failure message="BLOCKED: SystemError: The operation has failed" type="BLOCKED" />
		<system-out>09:37:42 INFO  ==============================================================
09:37:42 INFO  Id:    SoftwareManagement.sm_docker_install_remove_multiple
09:37:42 INFO  Dir:   software_management_end_to_end/
09:37:42 INFO  Title: Validate end to end behaviour for the docker plugin for multiple docker images with mixed versions
09:37:42 INFO  ==============================================================
09:37:42 INFO  Using sw id database: {'asciijump': '5475369', 'robotfindskitten': '5474869', 'squirrel3': '5475279', 'rolldice': '5152439', 'moon-buggy': '5439204', 'apple': '5495053', 'banana': '5494888', 'cherry': '5495382', 'watermelon': '5494510', 'registry': '8018911', 'hello-world': '8021526', 'docker/getting-started': '8021973', 'alpine': '7991792'}
09:37:42 INFO  EnvironmentC8y Setup
09:37:43 INFO  Executed systemctl&lt;serv_mapper1&gt;, exit status 3
09:37:43 INFO  Restarting mosquitto too frequently in the last 10 seconds. It was only up for 5 seconds
09:37:43 INFO  Delaying execution by 6 seconds
09:38:03 INFO  Executed sudo&lt;tedge_connect_c8y&gt;, exit status 0, duration 14 secs
09:38:04 INFO  Executed sudo&lt;tedge_connect_c8y_test&gt;, exit status 0
09:38:04 INFO  Executed systemctl&lt;serv_mosq2&gt;, exit status 0
09:38:05 INFO  Executed systemctl&lt;serv_mapper3&gt;, exit status 0
09:38:07 INFO  State of current operation: SUCCESSFUL
09:38:07 INFO  Response status: 201
09:38:07 INFO  Response to action: {
[...]
		<failure message="FAILED: Assert that (True == value) with value=False" type="FAILED" />
		<system-out>08:22:27 INFO  ==============================================================
08:22:27 INFO  Id:    log_request_num_lines
08:22:27 INFO  Dir:   log_request_end_to_end/
08:22:27 INFO  Title: Validate end to end behaviour for the log request operation check for number of lines
08:22:27 INFO  ==============================================================
08:22:27 INFO  EnvironmentC8y Setup
08:22:28 INFO  Executed systemctl&lt;serv_mapper1&gt;, exit status 3
08:22:28 INFO  Restarting mosquitto too frequently in the last 10 seconds. It was only up for 5 seconds
08:22:28 INFO  Delaying execution by 6 seconds
08:22:48 INFO  Executed sudo&lt;tedge_connect_c8y&gt;, exit status 0, duration 14 secs
08:22:49 INFO  Executed sudo&lt;tedge_connect_c8y_test&gt;, exit status 0
08:22:49 INFO  Executed systemctl&lt;serv_mosq2&gt;, exit status 0
08:22:50 INFO  Executed systemctl&lt;serv_mapper3&gt;, exit status 0
08:22:50 INFO  Executed sudo&lt;rm_logs&gt;, exit status 0
08:22:51 INFO  Executed sudo&lt;move_logs&gt;, exit status 0
08:22:51 INFO  log response None
08:22:51 WARN  retry, retrying in 1 seconds...
08:22:52 INFO  log response https://thin-edge-io.eu-latest.cumulocity.com/event/events/18365157/binaries
08:22:53 INFO  nlines 0
08:22:53 WARN  Assert that (True == value) with value=False ... failed [run.py:44]
08:22:53 INFO  
08:22:53 INFO  cleanup:
08:22:53 INFO  Executed sudo&lt;rm_logs&gt;, exit status 0
08:22:54 INFO  Executed sudo&lt;rm_tmp_logs&gt;, exit status 0
08:22:54 INFO  Executed sudo&lt;send_failed&gt;, exit status 0
08:22:58 INFO  Executed sudo&lt;tedge_disconnect_c8y&gt;, exit status 0
08:22:59 INFO  Executed systemctl&lt;serv_mapper5&gt;, exit status 3
08:22:59 INFO  
08:22:59 INFO  Test duration: 31.74 secs
08:22:59 INFO  Test final outcome:  FAILED
08:22:59 INFO  Test outcome reason: Assert that (True == value) with value=False
08:22:59 INFO  
</system-out>
	</testcase>
</testsuite><testsuite name="mapper_awaits_before_reconnect" tests="1" errors="0" failures="1" skipped="0" time="0"><testcase classname="MapperReconnectAwait" name="mapper_awaits_before_reconnect">
		<failure message="FAILED: Line count on tedge_mapper_journal.out for &quot;tedge_mapper::core::mapper: MQTT connection error:&quot; expected &gt;=2 but got 0" type="FAILED" />
		<system-out>08:37:49 INFO  ==============================================================
08:37:49 INFO  Id:    mapper_awaits_before_reconnect
08:37:49 INFO  Dir:   tedge_mapper_c8y/
08:37:49 INFO  Title: Validate mapper doesn't reconnect too often
08:37:49 INFO  ==============================================================
08:37:49 INFO  Started mosquitto_sub with process id 32155
08:37:49 INFO  Waiting for 0.1 seconds
08:37:50 INFO  Executed sudo&lt;tedge_mapper&gt;, exit status 0
08:37:50 INFO  Waiting for 5.0 seconds
08:37:55 INFO  Executed sudo&lt;tedge_mapper&gt;, exit status 0
08:37:56 INFO  Executed sudo&lt;tedge_mapper_journal&gt;, exit status 0
08:37:56 WARN  Grep on tedge_mapper_journal.out contains "ERROR" ... failed [run.py:67]
08:37:56 INFO  Line count on file tedge_mapper_journal.out ... passed
08:37:56 WARN  Line count on tedge_mapper_journal.out for "tedge_mapper::core::mapper: MQTT connection error:" expected &gt;=2 but got 0 ... failed [run.py:78]
08:37:56 WARN  Aborted test due to FAILED outcome
08:37:56 INFO  
08:37:56 INFO  Test duration: 7.43 secs
08:37:56 INFO  Test final outcome:  FAILED
08:37:56 INFO  Test outcome reason: Line count on tedge_mapper_journal.out for "tedge_mapper::core::mapper: MQTT connection error:" expected &gt;=2 but got 0
08:37:56 INFO  
</system-out>
	</testcase>
</testsuite><testsuite name="monitoring_smaller_interval" tests="1" errors="0" failures="1" skipped="0" time="0"><testcase classname="MonitoringSmallInterval" name="monitoring_smaller_interval">
		<failure message="BLOCKED: TypeError: 'int' object is not subscriptable" type="BLOCKED" />
		<system-out>08:24:49 INFO  ==============================================================
08:24:49 INFO  Id:    monitoring_smaller_interval
08:24:49 INFO  Dir:   monitoring/
08:24:49 INFO  Title: Validate the tedge dm agent messages that are produced with smaller sampling interval than the batching window. Here the simulated collectd messages are used
08:24:49 INFO  ==============================================================
08:24:51 INFO  Executed sudo&lt;collectd&gt;, exit status 0
08:24:51 INFO  Executed sudo&lt;collectd_mapper&gt;, exit status 0
08:24:51 INFO  Started sudo&lt;tedge_sub&gt; with process id 28291
08:24:52 INFO  Executed sudo&lt;tedge_temp&gt;, exit status 0
08:24:53 INFO  Executed sudo&lt;tedge_pres&gt;, exit status 0
08:24:53 INFO  Executed sudo&lt;tedge_temp&gt;, exit status 0
08:24:54 INFO  Executed sudo&lt;tedge_pres&gt;, exit status 0
08:24:54 INFO  Executed sudo&lt;tedge_temp&gt;, exit status 0
08:24:55 INFO  Executed sudo&lt;tedge_pres&gt;, exit status 0
08:24:56 INFO  Executed sudo&lt;tedge_temp&gt;, exit status 0
08:24:56 INFO  Executed sudo&lt;tedge_pres&gt;, exit status 0
08:24:57 INFO  Executed sudo&lt;tedge_temp&gt;, exit status 0
08:24:57 INFO  Executed sudo&lt;tedge_pres&gt;, exit status 0
08:24:58 INFO  Executed sudo&lt;tedge_temp&gt;, exit status 0
08:24:58 INFO  Executed sudo&lt;tedge_pres&gt;, exit status 0
08:24:59 INFO  Executed sudo&lt;tedge_temp&gt;, exit status 0
08:24:59 INFO  Executed sudo&lt;tedge_pres&gt;, exit status 0
08:25:00 INFO  Executed sudo&lt;tedge_temp&gt;, exit status 0
08:25:01 INFO  Executed sudo&lt;tedge_pres&gt;, exit status 0
08:25:01 INFO  Executed sudo&lt;tedge_temp&gt;, exit status 0
08:25:02 INFO  Executed sudo&lt;tedge_pres&gt;, exit status 0
08:25:02 INFO  Executed sudo&lt;tedge_temp&gt;, exit status 0
08:25:03 INFO  Executed sudo&lt;tedge_pres&gt;, exit status 0
08:25:05 INFO  Executed sudo&lt;kill_out&gt;, exit status 0
08:25:05 INFO  0

08:25:05 WARN  TypeError occurred while running test - 'int' object is not subscriptable
Traceback (most recent call last):
  File "/home/pi/env-pysys/lib/python3.7/site-packages/pysys/baserunner.py", line 1296, in __call__
    self.testObj.validate()
  File "/home/pi/actions-runner/_work/thin-edge.io/thin-edge.io/tests/PySys/monitoring/monitoring_smaller_interval/run.py", line 104, in validate
    collectd_msg_validation_result=self.validate_json(),
  File "/home/pi/actions-runner/_work/thin-edge.io/thin-edge.io/tests/PySys/monitoring/monitoring_smaller_interval/run.py", line 114, in validate_json
    if not self.validate_time():
  File "/home/pi/actions-runner/_work/thin-edge.io/thin-edge.io/tests/PySys/monitoring/monitoring_smaller_interval/run.py", line 134, in validate_time
    if self.js_msg["time"]:
TypeError: 'int' object is not subscriptable
08:25:05 WARN  TypeError: 'int' object is not subscriptable ... blocked 
08:25:05 INFO  
08:25:05 INFO  cleanup:
08:25:05 INFO  monitoring_cleanup
08:25:05 INFO  Executed sudo&lt;collectd_mapper&gt;, exit status 0
08:25:05 INFO  
08:25:05 INFO  Test duration: 16.06 secs
08:25:05 INFO  Test final outcome:  BLOCKED
08:25:05 INFO  Test outcome reason: TypeError: 'int' object is not subscriptable
08:25:05 INFO  
</system-out>
	</testcase>
</testsuite><testsuite name="monitoring_with_collectd" tests="1" errors="0" failures="0" skipped="1" time="0"><testcase classname="MonitoringWithCollectd" name="monitoring_with_collectd">
		<skipped message="SKIPPED: Test execution disabled due to #792 (instable)" />
		<system-out>08:25:05 INFO  ==============================================================
08:25:05 INFO  Id:    monitoring_with_collectd
08:25:05 INFO  Dir:   monitoring/
08:25:05 INFO  Title: Validate tedge dm agent messages that are produced by batching the collectd messages
08:25:05 INFO  ==============================================================
08:25:05 INFO  Test execution disabled due to #792 (instable) ... skipped
08:25:05 INFO  
08:25:05 INFO  Test duration: 0.02 secs
08:25:05 INFO  Test final outcome:  SKIPPED
08:25:05 INFO  Test outcome reason: Test execution disabled due to #792 (instable)
08:25:05 INFO  
</system-out>
	</testcase>
</testsuite><testsuite name="monitoring_with_simulated_messages" tests="1" errors="0" failures="1" skipped="0" time="0"><testcase classname="MonitoringWithSimulatedMessages" name="monitoring_with_simulated_messages">
		<failure message="BLOCKED: TypeError: 'int' object is not subscriptable" type="BLOCKED" />
		<system-out>08:25:05 INFO  ==============================================================
08:25:05 INFO  Id:    monitoring_with_simulated_messages
08:25:05 INFO  Dir:   monitoring/
08:25:05 INFO  Title: Validate the tedge dm agent messages that are produced from the simulated collectd messages
08:25:05 INFO  ==============================================================
08:25:06 INFO  Executed sudo&lt;collectd&gt;, exit status 0
08:25:07 INFO  Executed sudo&lt;collectd_mapper&gt;, exit status 0
08:25:07 INFO  Started sudo&lt;tedge_sub&gt; with process id 28348
08:25:07 INFO  Executed sudo&lt;tedge_temp&gt;, exit status 0
08:25:08 INFO  Executed sudo&lt;tedge_pres&gt;, exit status 0
08:25:09 INFO  Executed sudo&lt;kill_out&gt;, exit status 0
08:25:09 INFO  0

08:25:09 WARN  TypeError occurred while running test - 'int' object is not subscriptable
Traceback (most recent call last):
  File "/home/pi/env-pysys/lib/python3.7/site-packages/pysys/baserunner.py", line 1296, in __call__
    self.testObj.validate()
  File "/home/pi/actions-runner/_work/thin-edge.io/thin-edge.io/tests/PySys/monitoring/monitoring_with_simulated_messages/run.py", line 98, in validate
    collectd_msg_validation_result=self.validate_json(),
  File "/home/pi/actions-runner/_work/thin-edge.io/thin-edge.io/tests/PySys/monitoring/monitoring_with_simulated_messages/run.py", line 108, in validate_json
    if not self.validate_time():
  File "/home/pi/actions-runner/_work/thin-edge.io/thin-edge.io/tests/PySys/monitoring/monitoring_with_simulated_messages/run.py", line 127, in validate_time
    if self.js_msg["time"]:
TypeError: 'int' object is not subscriptable
08:25:09 WARN  TypeError: 'int' object is not subscriptable ... blocked 
08:25:09 INFO  
08:25:09 INFO  cleanup:
08:25:09 INFO  monitoring_cleanup
08:25:10 INFO  Executed sudo&lt;collectd_mapper&gt;, exit status 0
08:25:10 INFO  
08:25:10 INFO  Test duration: 4.47 secs
08:25:10 INFO  Test final outcome:  BLOCKED
08:25:10 INFO  Test outcome reason: TypeError: 'int' object is not subscriptable
08:25:10 INFO  
</system-out>
	</testcase>
</testsuite><testsuite name="mqtt_port_change_connection_fails" tests="1" errors="0" failures="0" skipped="0" time="0"><testcase classname="MqttPortChangeConnectionFails" name="mqtt_port_change_connection_fails" />
</testsuite><testsuite name="mqtt_port_change_connection_works" tests="1" errors="0" failures="0" skipped="1" time="0"><testcase classname="MqttPortChangeConnectionWorks" name="mqtt_port_change_connection_works">
		<skipped message="SKIPPED: failing intermitently" />
		<system-out>08:23:34 INFO  ==============================================================
08:23:34 INFO  Id:    mqtt_port_change_connection_works
08:23:34 INFO  Dir:   misc_features/
08:23:34 INFO  Title: mqtt port change connection works for all the thin-edge services that use the mosquitto broker
08:23:34 INFO  ==============================================================
08:23:34 INFO  failing intermitently ... skipped
08:23:34 INFO  
08:23:34 INFO  Test duration: 0.02 secs
08:23:34 INFO  Test final outcome:  SKIPPED
08:23:34 INFO  Test outcome reason: failing intermitently
08:23:34 INFO  
</system-out>
	</testcase>
</testsuite><testsuite name="mqtt_port_set" tests="1" errors="0" failures="0" skipped="0" time="0"><testcase classname="MqttPortSet" name="mqtt_port_set" />
</testsuite><testsuite name="mqtt_port_unset" tests="1" errors="0" failures="0" skipped="0" time="0"><testcase classname="MqttPortUnSet" name="mqtt_port_unset" />
</testsuite><testsuite name="publish_flux" tests="1" errors="0" failures="0" skipped="0" time="0"><testcase classname="PublishFlux" name="publish_flux" />
</testsuite><testsuite name="publish_sawmill" tests="1" errors="0" failures="0" skipped="0" time="0"><testcase classname="PublishSawmill" name="publish_sawmill" />
</testsuite><testsuite name="runtime_start_two_mappers" tests="1" errors="0" failures="1" skipped="0" time="0"><testcase classname="RuntimeMultiMappers" name="runtime_start_two_mappers">
		<failure message="FAILED: Grep on tedge_mapper2.err contains &quot;Error: Couldn't acquire file lock.&quot;" type="FAILED" />
		<system-out>08:37:56 INFO  ==============================================================
08:37:56 INFO  Id:    runtime_start_two_mappers
08:37:56 INFO  Dir:   tedge_mapper_c8y/
08:37:56 INFO  Title: Validate two mappers can't be started at the same time
08:37:57 INFO  ==============================================================
08:37:57 INFO  Executed sudo&lt;tedge_mapper1&gt;, exit status 0
08:37:57 INFO  Waiting for 0.1 seconds
08:37:58 INFO  Executed sudo&lt;tedge_mapper2&gt;, exit status 1
08:37:58 INFO  Executed sudo&lt;tedge_mapper1&gt;, exit status 0
08:37:58 WARN  Grep on tedge_mapper2.err contains "Error: Couldn't acquire file lock." ... failed [run.py:46]
08:37:58 INFO  
08:37:58 INFO  Test duration: 1.76 secs
08:37:58 INFO  Test final outcome:  FAILED
08:37:58 INFO  Test outcome reason: Grep on tedge_mapper2.err contains "Error: Couldn't acquire file lock."
08:37:58 INFO  
</system-out>
	</testcase>
</testsuite><testsuite name="sm_tedge_mapper_init_session" tests="1" errors="0" failures="0" skipped="0" time="0"><testcase classname="TedgeSMMapperInitSession" name="sm_tedge_mapper_init_session" />
</testsuite><testsuite name="smoketest_json" tests="1" errors="0" failures="0" skipped="0" time="0"><testcase classname="SmokeTestJson" name="smoketest_json" />
</testsuite><testsuite name="smoketest_json_400_samples_10ms" tests="1" errors="0" failures="0" skipped="0" time="0"><testcase classname="SmoketestJson400Samples10ms" name="smoketest_json_400_samples_10ms" />
</testsuite><testsuite name="smoketest_json_400_samples_20ms" tests="1" errors="0" failures="0" skipped="0" time="0"><testcase classname="SmoketestJson400Samples20ms" name="smoketest_json_400_samples_20ms" />
</testsuite><testsuite name="smoketest_smartrest" tests="1" errors="0" failures="0" skipped="0" time="0"><testcase classname="SmoketestSmartRest" name="smoketest_smartrest" />
</testsuite><testsuite name="smoketest_smartrest_400_samples_1Xms" tests="1" errors="0" failures="0" skipped="0" time="0"><testcase classname="SmoketestSmartRest400Samples1Xms" name="smoketest_smartrest_400_samples_1Xms" />
</testsuite><testsuite name="smoketest_smartrest_400_samples_20ms" tests="1" errors="0" failures="0" skipped="0" time="0"><testcase classname="SmoketestSmartRest400Samples20ms" name="smoketest_smartrest_400_samples_20ms" />
</testsuite><testsuite name="tedge_agent_user_sudo_access" tests="1" errors="0" failures="0" skipped="1" time="0"><testcase classname="TedgeAgentUserSudoAccess" name="tedge_agent_user_sudo_access">
		<skipped message="SKIPPED: #955 Observation: Exit code of the apt plugin when called with no arguments" />
		<system-out>08:35:13 INFO  ==============================================================
08:35:13 INFO  Id:    tedge_agent_user_sudo_access
08:35:13 INFO  Dir:   tedge/
08:35:13 INFO  Title: Validate tedge-agent user has a limited sudo right
08:35:13 INFO  ==============================================================
08:35:13 INFO  #955 Observation: Exit code of the apt plugin when called with no arguments ... skipped
08:35:13 INFO  
08:35:13 INFO  Test duration: 0.02 secs
08:35:13 INFO  Test final outcome:  SKIPPED
08:35:13 INFO  Test outcome reason: #955 Observation: Exit code of the apt plugin when called with no arguments
08:35:13 INFO  
</system-out>
	</testcase>
</testsuite><testsuite name="tedge_connect_test_negative" tests="1" errors="0" failures="0" skipped="0" time="0"><testcase classname="TedgeConnectTestNegative" name="tedge_connect_test_negative" />
</testsuite><testsuite name="tedge_connect_test_positive" tests="1" errors="0" failures="0" skipped="0" time="0"><testcase classname="TedgeConnectTestPositive" name="tedge_connect_test_positive" />
</testsuite><testsuite name="tedge_connect_test_sm_services" tests="1" errors="0" failures="0" skipped="0" time="0"><testcase classname="TedgeConnectTestSMServices" name="tedge_connect_test_sm_services" />
</testsuite><testsuite name="tedge_disconnect_test_sm_services" tests="1" errors="0" failures="0" skipped="0" time="0"><testcase classname="TedgeDisConnectTestSMServices" name="tedge_disconnect_test_sm_services" />
</testsuite><testsuite name="tedge_mapper_az_negative" tests="1" errors="0" failures="0" skipped="0" time="0"><testcase classname="TedgeMapperAzError" name="tedge_mapper_az_negative" />
</testsuite><testsuite name="tedge_mapper_az_with_timestamp" tests="1" errors="0" failures="0" skipped="0" time="0"><testcase classname="TedgeMapperAzWithTimestamp" name="tedge_mapper_az_with_timestamp" />
</testsuite><testsuite name="tedge_mapper_az_without_timestamp" tests="1" errors="0" failures="0" skipped="0" time="0"><testcase classname="TedgeMapperAzWithoutTimestamp" name="tedge_mapper_az_without_timestamp" />
</testsuite><testsuite name="tedge_mapper_c8y_alarms" tests="1" errors="0" failures="0" skipped="0" time="0"><testcase classname="TedgeMapperC8yAlarm" name="tedge_mapper_c8y_alarms" />
</testsuite><testsuite name="tedge_mapper_c8y_child_device_measurement" tests="1" errors="0" failures="0" skipped="0" time="0"><testcase classname="TedgeMapperC8yChildDevice" name="tedge_mapper_c8y_child_device_measurement" />
</testsuite><testsuite name="tedge_mapper_c8y_packet_threshold_size" tests="1" errors="0" failures="1" skipped="0" time="0"><testcase classname="TedgeMapperC8yThresholdPacketSize" name="tedge_mapper_c8y_packet_threshold_size">
		<failure message="FAILED: Grep on tedge_sub.out contains &quot;The size of the message received on tedge/measurements is 20489 which is greater than the threshold size of 16184.&quot;" type="FAILED" />
		<system-out>08:39:34 INFO  ==============================================================
08:39:34 INFO  Id:    tedge_mapper_c8y_packet_threshold_size
08:39:34 INFO  Dir:   tedge_mapper_c8y/
08:39:34 INFO  Title: Validate the Cumulocity Mapper accepted threshold packet size when it receives a message on tedge/measurements
08:39:34 INFO  ==============================================================
08:39:35 INFO  Executed sudo&lt;tedge_mapper_c8y&gt;, exit status 0
08:39:35 INFO  Started sudo&lt;tedge_sub&gt; with process id 32744
08:39:36 INFO  Executed sudo&lt;tedge_msg&gt;, exit status 0
08:39:36 INFO  Executed sudo&lt;tedge_pub&gt;, exit status 0
08:39:37 INFO  Executed sudo&lt;kill_out&gt;, exit status 0
08:39:37 WARN  Grep on tedge_sub.out contains "The size of the message received on tedge/measurements is 20489 which is greater than the threshold size of 16184." ... failed [run.py:88]
08:39:37 INFO  
08:39:37 INFO  cleanup:
08:39:37 INFO  mapper_cleanup
08:39:37 INFO  Executed sudo&lt;tedge_mapper_c8y&gt;, exit status 0
08:39:37 INFO  
08:39:37 INFO  Test duration: 2.96 secs
08:39:37 INFO  Test final outcome:  FAILED
08:39:37 INFO  Test outcome reason: Grep on tedge_sub.out contains "The size of the message received on tedge/measurements is 20489 which is greater than the threshold size of 16184."
08:39:37 INFO  
</system-out>
	</testcase>
</testsuite><testsuite name="tedge_software_update" tests="1" errors="0" failures="0" skipped="0" time="0"><testcase classname="PySysTest" name="tedge_software_update" />
</testsuite><testsuite name="valid_device_id" tests="1" errors="0" failures="0" skipped="0" time="0"><testcase classname="ValidateValidDeviceId" name="valid_device_id" />
</testsuite></testsuites>