<?xml version='1.0' encoding='utf-8'?>
<testsuites tests="147" failures="26" errors="0" skipped="45" time="0.0"><testsuite name="SoftwareManagement.Plugin.apama_plugin_install" tests="3" errors="0" failures="0" skipped="1" time="0"><testcase classname="ApamaPluginInstallTest" name="SoftwareManagement.Plugin.apama_plugin_install">
		<skipped message="SKIPPED: Apama plugin tests are disabled by default. Execute `pysys run` with `-XmyPlatform=container` to run these tests" />
		<system-out>11:01:57 INFO  ==============================================================
11:01:57 INFO  Id:    SoftwareManagement.Plugin.apama_plugin_install
11:01:57 INFO  Dir:   plugin_apama/
11:01:57 INFO  Title: Validate apama plugin install
11:01:57 INFO  ==============================================================
11:01:57 INFO  Apama plugin tests are disabled by default. Execute `pysys run` with `-XmyPlatform=container` to run these tests ... skipped
11:01:57 WARN  Aborted test due to SKIPPED outcome
11:01:57 INFO  
11:01:57 INFO  Test duration: 0.04 secs
11:01:57 INFO  Test final outcome:  SKIPPED
11:01:57 INFO  Test outcome reason: Apama plugin tests are disabled by default. Execute `pysys run` with `-XmyPlatform=container` to run these tests
11:01:57 INFO  
</system-out>
	</testcase>
<testcase classname="ApamaPluginInstallTest" name="SoftwareManagement.Plugin.apama_plugin_install" />
<testcase classname="ApamaPluginInstallTest" name="SoftwareManagement.Plugin.apama_plugin_install" />
</testsuite><testsuite name="SoftwareManagement.Plugin.apama_plugin_mon_support" tests="3" errors="0" failures="0" skipped="1" time="0"><testcase classname="ApamaPluginMonSupportTest" name="SoftwareManagement.Plugin.apama_plugin_mon_support">
		<skipped message="SKIPPED: Apama plugin tests are disabled by default. Execute `pysys run` with `-XmyPlatform=container` to run these tests" />
		<system-out>11:01:57 INFO  ==============================================================
11:01:57 INFO  Id:    SoftwareManagement.Plugin.apama_plugin_mon_support
11:01:57 INFO  Dir:   plugin_apama/
11:01:57 INFO  Title: Validate mon file support of apama plugin
11:01:57 INFO  ==============================================================
11:01:57 INFO  Apama plugin tests are disabled by default. Execute `pysys run` with `-XmyPlatform=container` to run these tests ... skipped
11:01:57 WARN  Aborted test due to SKIPPED outcome
11:01:57 INFO  
11:01:57 INFO  Test duration: 0.02 secs
11:01:57 INFO  Test final outcome:  SKIPPED
11:01:57 INFO  Test outcome reason: Apama plugin tests are disabled by default. Execute `pysys run` with `-XmyPlatform=container` to run these tests
11:01:57 INFO  
</system-out>
	</testcase>
<testcase classname="ApamaPluginMonSupportTest" name="SoftwareManagement.Plugin.apama_plugin_mon_support" />
<testcase classname="ApamaPluginMonSupportTest" name="SoftwareManagement.Plugin.apama_plugin_mon_support" />
</testsuite><testsuite name="SoftwareManagement.Plugin.apama_plugin_remove" tests="3" errors="0" failures="0" skipped="1" time="0"><testcase classname="ApamaPluginRemoveTest" name="SoftwareManagement.Plugin.apama_plugin_remove">
		<skipped message="SKIPPED: Apama plugin tests are disabled by default. Execute `pysys run` with `-XmyPlatform=container` to run these tests" />
		<system-out>11:01:57 INFO  ==============================================================
11:01:57 INFO  Id:    SoftwareManagement.Plugin.apama_plugin_remove
11:01:57 INFO  Dir:   plugin_apama/
11:01:57 INFO  Title: Validate apama plugin remove
11:01:57 INFO  ==============================================================
11:01:57 INFO  Apama plugin tests are disabled by default. Execute `pysys run` with `-XmyPlatform=container` to run these tests ... skipped
11:01:57 WARN  Aborted test due to SKIPPED outcome
11:01:57 INFO  
11:01:57 INFO  Test duration: 0.02 secs
11:01:57 INFO  Test final outcome:  SKIPPED
11:01:57 INFO  Test outcome reason: Apama plugin tests are disabled by default. Execute `pysys run` with `-XmyPlatform=container` to run these tests
11:01:57 INFO  
</system-out>
	</testcase>
<testcase classname="ApamaPluginRemoveTest" name="SoftwareManagement.Plugin.apama_plugin_remove" />
<testcase classname="ApamaPluginRemoveTest" name="SoftwareManagement.Plugin.apama_plugin_remove" />
</testsuite><testsuite name="SoftwareManagement.Plugin.apama_plugin_update" tests="3" errors="0" failures="2" skipped="1" time="0"><testcase classname="ApamaPluginUpdateTest" name="SoftwareManagement.Plugin.apama_plugin_update">
		<skipped message="SKIPPED: Apama plugin tests are disabled by default. Execute `pysys run` with `-XmyPlatform=container` to run these tests" />
		<system-out>11:01:57 INFO  ==============================================================
11:01:57 INFO  Id:    SoftwareManagement.Plugin.apama_plugin_update
11:01:57 INFO  Dir:   plugin_apama/
11:01:57 INFO  Title: Validate apama plugin updating one project with another
11:01:57 INFO  ==============================================================
11:01:57 INFO  Apama plugin tests are disabled by default. Execute `pysys run` with `-XmyPlatform=container` to run these tests ... skipped
11:01:57 WARN  Aborted test due to SKIPPED outcome
11:01:57 INFO  
11:01:57 INFO  Test duration: 0.02 secs
11:01:57 INFO  Test final outcome:  SKIPPED
11:01:57 INFO  Test outcome reason: Apama plugin tests are disabled by default. Execute `pysys run` with `-XmyPlatform=container` to run these tests
11:01:57 INFO  
</system-out>
	</testcase>
<testcase classname="ApamaPluginUpdateTest" name="SoftwareManagement.Plugin.apama_plugin_update">
		<failure message="BLOCKED: sudo&lt;plugin_install&gt; returned non-zero exit code 2" type="BLOCKED" />
		<system-out>11:52:25 INFO  ==============================================================
11:52:25 INFO  Id:    SoftwareManagement.Plugin.apama_plugin_update
11:52:25 INFO  Dir:   plugin_apama/
11:52:25 INFO  Title: Validate apama plugin updating one project with another
11:52:25 INFO  ==============================================================
11:52:25 INFO  Assertion that path exists=False for "/etc/tedge/apama/project" ... passed
11:52:25 INFO  Executed sudo&lt;create_project_dir&gt;, exit status 0
11:52:26 INFO  Executed sudo&lt;unzip_apama_project&gt;, exit status 0
11:52:26 INFO  Executed sudo&lt;move_apama_project&gt;, exit status 0
11:52:27 INFO  Executed sudo&lt;restart_apama_service&gt;, exit status 0
11:52:28 INFO  Executed sudo&lt;apama_correlator_wait&gt;, exit status 0
11:52:28 INFO  Assertion that path exists=True for "/etc/tedge/apama/project" ... passed
11:52:29 INFO  Executed sudo&lt;apama_list_monitors&gt;, exit status 0
11:52:29 INFO  Grep on file /home/pi/actions-runner/_work/thin-edge.io/thin-edge.io/tests/PySys/plugin_apama/apama_plugin_update/Output/linux/apama_list_monitors.out ... passed
11:52:29 WARN  Executed sudo&lt;plugin_install&gt;, exit status 2
11:52:29 INFO  Contents of plugin_install.err: 
  ERROR: Directory not empty (os error 39)
  -----

11:52:29 WARN  sudo&lt;plugin_install&gt; returned non-zero exit code 2 ... blocked [run.py:35]
11:52:29 WARN  Aborted test due to BLOCKED outcome
11:52:29 INFO  
11:52:29 INFO  cleanup:
11:52:29 INFO  Removing apama project
11:52:45 INFO  Executed sudo&lt;stop_apama_service&gt;, exit status 0, duration 15 secs
11:52:45 INFO  Executed sudo&lt;remove_apama_project&gt;, exit status 0
11:52:46 INFO  Executed sudo&lt;remove_apama_tmp_dir&gt;, exit status 0
11:52:46 INFO  
11:52:46 INFO  Test duration: 21.31 secs
11:52:46 INFO  Test final outcome:  BLOCKED
11:52:46 INFO  Test outcome reason: sudo&lt;plugin_install&gt; returned non-zero exit code 2
11:52:46 INFO  
</system-out>
	</testcase>
<testcase classname="ApamaPluginUpdateTest" name="SoftwareManagement.Plugin.apama_plugin_update">
		<failure message="BLOCKED: sudo&lt;plugin_install&gt; returned non-zero exit code 2" type="BLOCKED" />
		<system-out>11:55:43 INFO  ==============================================================
11:55:43 INFO  Id:    SoftwareManagement.Plugin.apama_plugin_update
11:55:43 INFO  Dir:   plugin_apama/
11:55:43 INFO  Title: Validate apama plugin updating one project with another
11:55:43 INFO  ==============================================================
11:55:43 INFO  Assertion that path exists=False for "/etc/tedge/apama/project" ... passed
11:55:43 INFO  Executed sudo&lt;create_project_dir&gt;, exit status 0
11:55:44 INFO  Executed sudo&lt;unzip_apama_project&gt;, exit status 0
11:55:44 INFO  Executed sudo&lt;move_apama_project&gt;, exit status 0
11:55:45 INFO  Executed sudo&lt;restart_apama_service&gt;, exit status 0
11:55:46 INFO  Executed sudo&lt;apama_correlator_wait&gt;, exit status 0
11:55:46 INFO  Assertion that path exists=True for "/etc/tedge/apama/project" ... passed
11:55:47 INFO  Executed sudo&lt;apama_list_monitors&gt;, exit status 0
11:55:47 INFO  Grep on file /home/pi/actions-runner/_work/thin-edge.io/thin-edge.io/tests/PySys/plugin_apama/apama_plugin_update/Output/linux/apama_list_monitors.out ... passed
11:55:47 WARN  Executed sudo&lt;plugin_install&gt;, exit status 2
11:55:47 INFO  Contents of plugin_install.err: 
  ERROR: Directory not empty (os error 39)
  -----

11:55:47 WARN  sudo&lt;plugin_install&gt; returned non-zero exit code 2 ... blocked [run.py:35]
11:55:47 WARN  Aborted test due to BLOCKED outcome
11:55:47 INFO  
11:55:47 INFO  cleanup:
11:55:47 INFO  Removing apama project
11:56:03 INFO  Executed sudo&lt;stop_apama_service&gt;, exit status 0, duration 15 secs
11:56:03 INFO  Executed sudo&lt;remove_apama_project&gt;, exit status 0
11:56:04 INFO  Executed sudo&lt;remove_apama_tmp_dir&gt;, exit status 0
11:56:04 INFO  
11:56:04 INFO  Test duration: 21.11 secs
11:56:04 INFO  Test final outcome:  BLOCKED
11:56:04 INFO  Test outcome reason: sudo&lt;plugin_install&gt; returned non-zero exit code 2
11:56:04 INFO  
</system-out>
	</testcase>
</testsuite><testsuite name="SoftwareManagement.sm_apt_install_download_path" tests="3" errors="0" failures="2" skipped="1" time="0"><testcase classname="AptInstallWithDownloadPath" name="SoftwareManagement.sm_apt_install_download_path">
		<skipped message="SKIPPED: Testing the apt plugin is not supported on this platform.Use parameter -XmyPlatform='container' to enable it" />
		<system-out>11:11:33 INFO  ==============================================================
11:11:33 INFO  Id:    SoftwareManagement.sm_apt_install_download_path
11:11:33 INFO  Dir:   software_management_end_to_end/
11:11:33 INFO  Title: Install package to directory specified in tedge config set tmp.path
11:11:33 INFO  ==============================================================
11:11:33 INFO  Testing the apt plugin is not supported on this platform.Use parameter -XmyPlatform='container' to enable it ... skipped
11:11:33 WARN  Aborted test due to SKIPPED outcome
11:11:33 INFO  
11:11:33 INFO  Test duration: 0.06 secs
11:11:33 INFO  Test final outcome:  SKIPPED
11:11:33 INFO  Test outcome reason: Testing the apt plugin is not supported on this platform.Use parameter -XmyPlatform='container' to enable it
11:11:33 INFO  
</system-out>
	</testcase>
<testcase classname="AptInstallWithDownloadPath" name="SoftwareManagement.sm_apt_install_download_path">
		<failure message="BLOCKED: AssertionError:" type="BLOCKED" />
		<system-out>11:34:29 INFO  ==============================================================
11:34:29 INFO  Id:    SoftwareManagement.sm_apt_install_download_path
11:34:29 INFO  Dir:   software_management_end_to_end/
11:34:29 INFO  Title: Install package to directory specified in tedge config set tmp.path
11:34:29 INFO  ==============================================================
11:34:29 INFO  Using sw id database: {'asciijump': '5475369', 'robotfindskitten': '5474869', 'squirrel3': '5475279', 'rolldice': '5152439', 'moon-buggy': '5439204', 'apple': '5495053', 'banana': '5494888', 'cherry': '5495382', 'watermelon': '5494510', 'registry': '8018911', 'hello-world': '8021526', 'docker/getting-started': '8021973', 'alpine': '7991792'}
11:34:29 INFO  EnvironmentC8y Setup
11:34:30 INFO  Executed systemctl&lt;serv_mapper1&gt;, exit status 3
11:34:44 INFO  Executed sudo&lt;tedge_connect_c8y&gt;, exit status 0, duration 14 secs
11:34:46 INFO  Executed sudo&lt;tedge_connect_c8y_test&gt;, exit status 0
11:34:47 INFO  Executed systemctl&lt;serv_mosq2&gt;, exit status 0
11:34:47 INFO  Executed systemctl&lt;serv_mapper3&gt;, exit status 0
11:34:50 INFO  State of current operation: SUCCESSFUL
11:34:50 INFO  Assert that (False == value) with value=False ... passed
11:34:50 INFO  Executed sudo, exit status 0
11:34:51 INFO  Executed sudo, exit status 0
11:34:52 INFO  Executed sudo, exit status 0
11:34:55 INFO  Executed sudo&lt;tedge_disconnect_c8y&gt;, exit status 0
11:34:55 INFO  Restarting mosquitto too frequently in the last 10 seconds. It was only up for 3 seconds
11:34:55 INFO  Delaying execution by 8 seconds
11:35:17 INFO  Executed sudo&lt;tedge_connect_c8y&gt;, exit status 0, duration 13 secs
11:35:17 INFO  Response status: 201
11:35:17 INFO  Response to action: {
    "creationTime": "2022-04-28T11:35:17.698Z",
    "deviceName": "m32sd10d",
    "deviceId": "17889227",
    "self": "https://t493319102.eu-latest.cumulocity.com/devicecontrol/operations/17899072",
    "id": "17899072",
    "status": "PENDING",
    "description": "Apply software changes, triggered from PySys: [{'name': 'rolldice', 'id': '5152439', 'version': '::apt', 'url': 'https://thin-edge-io.eu-latest.cumulocity.com/inventory/binaries/12435463', 'action': 'install'}]",
    "c8y_SoftwareUpdate": [
        {
            "name": "rolldice",
            "action": "install",
            "id": "5152439",
            "version": "::apt",
            "url": "https://thin-edge-io.eu-latest.cumulocity.com/inventory/binaries/12435463"
        }
    ]
}
11:35:17 INFO  Started operation: {'creationTime': '2022-04-28T11:35:17.698Z', 'deviceName': 'm32sd10d', 'deviceId': '17889227', 'self': 'https://t493319102.eu-latest.cumulocity.com/devicecontrol/operations/17899072', 'id': '17899072', 'status': 'PENDING', 'description': "Apply software changes, triggered from PySys: [{'name': 'rolldice', 'id': '5152439', 'version': '::apt', 'url': 'https://thin-edge-io.eu-latest.cumulocity.com/inventory/binaries/12435463', 'action': 'install'}]", 'c8y_SoftwareUpdate': [{'name': 'rolldice', 'action': 'install', 'id': '5152439', 'version': '::apt', 'url': 'https://thin-edge-io.eu-latest.cumulocity.com/inventory/binaries/12435463'}]}
11:35:17 WARN  , retrying in 0.5 seconds...
11:35:18 WARN  , retrying in 0.5 seconds...
11:35:18 WARN  , retrying in 0.5 seconds...
11:35:19 WARN  , retrying in 0.5 seconds...
11:35:19 WARN  , retrying in 0.5 seconds...
11:35:20 WARN  , retrying in 0.5 seconds...
11:35:20 WARN  , retrying in 0.5 seconds...
11:35:21 WARN  , retrying in 0.5 seconds...
11:35:21 WARN  , retrying in 0.5 seconds...
11:35:22 WARN  AssertionError occurred while running test - 
Traceback (most recent call last):
  File "/home/pi/env-pysys/lib/python3.7/site-packages/pysys/baserunner.py", line 1294, in __call__
    self.testObj.execute()
  File "/home/pi/actions-runner/_work/thin-edge.io/thin-edge.io/tests/PySys/software_management_end_to_end/sm_apt_install_download_path/run.py", line 83, in execute
    assert_install_in_download_path(install_directory=self.DOWNLOAD_DIR)
  File "/home/pi/env-pysys/lib/python3.7/site-packages/decorator.py", line 232, in fun
    return caller(func, *(extras + args), **kw)
  File "/home/pi/env-pysys/lib/python3.7/site-packages/retry/api.py", line 74, in retry_decorator
    logger)
  File "/home/pi/env-pysys/lib/python3.7/site-packages/retry/api.py", line 33, in __retry_internal
    return f()
  File "/home/pi/actions-runner/_work/thin-edge.io/thin-edge.io/tests/PySys/software_management_end_to_end/sm_apt_install_download_path/run.py", line 28, in assert_install_in_download_path
    assert "rolldice" in os.listdir(f"{install_directory}")
AssertionError
11:35:23 WARN  AssertionError: ... blocked 
11:35:23 INFO  
11:35:23 INFO  cleanup:
11:35:23 INFO  Executed sudo, exit status 0
11:35:24 INFO  Executed sudo, exit status 0
11:35:28 INFO  Executed sudo&lt;tedge_disconnect_c8y&gt;, exit status 0
11:35:28 INFO  Restarting mosquitto too frequently in the last 10 seconds. It was only up for 4 seconds
11:35:28 INFO  Delaying execution by 7 seconds
11:35:49 INFO  Executed sudo&lt;tedge_connect_c8y&gt;, exit status 0, duration 13 secs
11:35:53 INFO  Executed sudo&lt;tedge_disconnect_c8y&gt;, exit status 0
11:35:53 INFO  Executed systemctl&lt;serv_mapper5&gt;, exit status 3
11:35:53 INFO  
11:35:53 INFO  Test duration: 84.45 secs
11:35:53 INFO  Test final outcome:  BLOCKED
11:35:53 INFO  Test outcome reason: AssertionError:
11:35:53 INFO  
</system-out>
	</testcase>
<testcase classname="AptInstallWithDownloadPath" name="SoftwareManagement.sm_apt_install_download_path">
		<failure message="BLOCKED: AssertionError:" type="BLOCKED" />
		<system-out>11:56:04 INFO  ==============================================================
11:56:04 INFO  Id:    SoftwareManagement.sm_apt_install_download_path
11:56:04 INFO  Dir:   software_management_end_to_end/
11:56:04 INFO  Title: Install package to directory specified in tedge config set tmp.path
11:56:04 INFO  ==============================================================
11:56:05 INFO  Using sw id database: {'asciijump': '5475369', 'robotfindskitten': '5474869', 'squirrel3': '5475279', 'rolldice': '5152439', 'moon-buggy': '5439204', 'apple': '5495053', 'banana': '5494888', 'cherry': '5495382', 'watermelon': '5494510', 'registry': '8018911', 'hello-world': '8021526', 'docker/getting-started': '8021973', 'alpine': '7991792'}
11:56:05 INFO  EnvironmentC8y Setup
11:56:06 INFO  Executed systemctl&lt;serv_mapper1&gt;, exit status 3
11:56:20 INFO  Executed sudo&lt;tedge_connect_c8y&gt;, exit status 0, duration 14 secs
11:56:20 INFO  Executed sudo&lt;tedge_connect_c8y_test&gt;, exit status 0
11:56:21 INFO  Executed systemctl&lt;serv_mosq2&gt;, exit status 0
11:56:21 INFO  Executed systemctl&lt;serv_mapper3&gt;, exit status 0
11:56:24 INFO  State of current operation: FAILED
11:56:24 INFO  Assert that (False == value) with value=False ... passed
11:56:24 INFO  Executed sudo, exit status 0
11:56:25 INFO  Executed sudo, exit status 0
11:56:25 INFO  Executed sudo, exit status 0
11:56:29 INFO  Executed sudo&lt;tedge_disconnect_c8y&gt;, exit status 0
11:56:30 INFO  Restarting mosquitto too frequently in the last 10 seconds. It was only up for 3 seconds
11:56:30 INFO  Delaying execution by 8 seconds
11:56:51 INFO  Executed sudo&lt;tedge_connect_c8y&gt;, exit status 0, duration 13 secs
11:56:51 INFO  Response status: 201
11:56:51 INFO  Response to action: {
    "creationTime": "2022-04-28T11:56:51.872Z",
    "deviceName": "m32sd10d",
    "deviceId": "17889227",
    "self": "https://t493319102.eu-latest.cumulocity.com/devicecontrol/operations/17901203",
    "id": "17901203",
    "status": "PENDING",
    "description": "Apply software changes, triggered from PySys: [{'name': 'rolldice', 'id': '5152439', 'version': '::apt', 'url': 'https://thin-edge-io.eu-latest.cumulocity.com/inventory/binaries/12435463', 'action': 'install'}]",
    "c8y_SoftwareUpdate": [
        {
            "name": "rolldice",
            "action": "install",
            "id": "5152439",
            "version": "::apt",
            "url": "https://thin-edge-io.eu-latest.cumulocity.com/inventory/binaries/12435463"
        }
    ]
}
11:56:51 INFO  Started operation: {'creationTime': '2022-04-28T11:56:51.872Z', 'deviceName': 'm32sd10d', 'deviceId': '17889227', 'self': 'https://t493319102.eu-latest.cumulocity.com/devicecontrol/operations/17901203', 'id': '17901203', 'status': 'PENDING', 'description': "Apply software changes, triggered from PySys: [{'name': 'rolldice', 'id': '5152439', 'version': '::apt', 'url': 'https://thin-edge-io.eu-latest.cumulocity.com/inventory/binaries/12435463', 'action': 'install'}]", 'c8y_SoftwareUpdate': [{'name': 'rolldice', 'action': 'install', 'id': '5152439', 'version': '::apt', 'url': 'https://thin-edge-io.eu-latest.cumulocity.com/inventory/binaries/12435463'}]}
11:56:51 WARN  , retrying in 0.5 seconds...
11:56:52 WARN  , retrying in 0.5 seconds...
11:56:52 WARN  , retrying in 0.5 seconds...
11:56:53 WARN  , retrying in 0.5 seconds...
11:56:53 WARN  , retrying in 0.5 seconds...
11:56:54 WARN  , retrying in 0.5 seconds...
11:56:54 WARN  , retrying in 0.5 seconds...
11:56:55 WARN  , retrying in 0.5 seconds...
11:56:55 WARN  , retrying in 0.5 seconds...
11:56:56 WARN  AssertionError occurred while running test - 
Traceback (most recent call last):
  File "/home/pi/env-pysys/lib/python3.7/site-packages/pysys/baserunner.py", line 1294, in __call__
    self.testObj.execute()
  File "/home/pi/actions-runner/_work/thin-edge.io/thin-edge.io/tests/PySys/software_management_end_to_end/sm_apt_install_download_path/run.py", line 83, in execute
    assert_install_in_download_path(install_directory=self.DOWNLOAD_DIR)
  File "/home/pi/env-pysys/lib/python3.7/site-packages/decorator.py", line 232, in fun
    return caller(func, *(extras + args), **kw)
  File "/home/pi/env-pysys/lib/python3.7/site-packages/retry/api.py", line 74, in retry_decorator
    logger)
  File "/home/pi/env-pysys/lib/python3.7/site-packages/retry/api.py", line 33, in __retry_internal
    return f()
  File "/home/pi/actions-runner/_work/thin-edge.io/thin-edge.io/tests/PySys/software_management_end_to_end/sm_apt_install_download_path/run.py", line 28, in assert_install_in_download_path
    assert "rolldice" in os.listdir(f"{install_directory}")
AssertionError
11:56:56 WARN  AssertionError: ... blocked 
11:56:56 INFO  
11:56:56 INFO  cleanup:
11:56:57 INFO  Executed sudo, exit status 0
11:56:57 INFO  Executed sudo, exit status 0
11:57:01 INFO  Executed sudo&lt;tedge_disconnect_c8y&gt;, exit status 0
11:57:01 INFO  Restarting mosquitto too frequently in the last 10 seconds. It was only up for 3 seconds
11:57:01 INFO  Delaying execution by 8 seconds
11:57:23 INFO  Executed sudo&lt;tedge_connect_c8y&gt;, exit status 0, duration 13 secs
11:57:27 INFO  Executed sudo&lt;tedge_disconnect_c8y&gt;, exit status 0
11:57:28 INFO  Executed systemctl&lt;serv_mapper5&gt;, exit status 3
11:57:28 INFO  
11:57:28 INFO  Test duration: 84.27 secs
11:57:28 INFO  Test final outcome:  BLOCKED
11:57:28 INFO  Test outcome reason: AssertionError:
11:57:28 INFO  
</system-out>
	</testcase>
</testsuite><testsuite name="SoftwareManagement.sm_apt_install_fail" tests="3" errors="0" failures="0" skipped="1" time="0"><testcase classname="PySysTest" name="SoftwareManagement.sm_apt_install_fail">
		<skipped message="SKIPPED: Testing the apt plugin is not supported on this platform.Use parameter -XmyPlatform='container' to enable it" />
		<system-out>11:11:33 INFO  ==============================================================
11:11:33 INFO  Id:    SoftwareManagement.sm_apt_install_fail
11:11:33 INFO  Dir:   software_management_end_to_end/
11:11:33 INFO  Title: Validate end to end behaviour for a failing installation
11:11:33 INFO  ==============================================================
11:11:33 INFO  Testing the apt plugin is not supported on this platform.Use parameter -XmyPlatform='container' to enable it ... skipped
11:11:33 WARN  Aborted test due to SKIPPED outcome
11:11:33 INFO  
11:11:33 INFO  Test duration: 0.07 secs
11:11:33 INFO  Test final outcome:  SKIPPED
11:11:33 INFO  Test outcome reason: Testing the apt plugin is not supported on this platform.Use parameter -XmyPlatform='container' to enable it
11:11:33 INFO  
</system-out>
	</testcase>
<testcase classname="PySysTest" name="SoftwareManagement.sm_apt_install_fail" />
<testcase classname="PySysTest" name="SoftwareManagement.sm_apt_install_fail" />
</testsuite><testsuite name="SoftwareManagement.sm_apt_install_remove" tests="3" errors="0" failures="0" skipped="1" time="0"><testcase classname="PySysTest" name="SoftwareManagement.sm_apt_install_remove">
		<skipped message="SKIPPED: Testing the apt plugin is not supported on this platform.Use parameter -XmyPlatform='container' to enable it" />
		<system-out>11:11:33 INFO  ==============================================================
11:11:33 INFO  Id:    SoftwareManagement.sm_apt_install_remove
11:11:33 INFO  Dir:   software_management_end_to_end/
11:11:33 INFO  Title: Validate end to end behaviour for the apt plugin for installation and removal of packages
11:11:33 INFO  ==============================================================
11:11:33 INFO  Testing the apt plugin is not supported on this platform.Use parameter -XmyPlatform='container' to enable it ... skipped
11:11:33 WARN  Aborted test due to SKIPPED outcome
11:11:33 INFO  
11:11:33 INFO  Test duration: 0.02 secs
11:11:33 INFO  Test final outcome:  SKIPPED
11:11:33 INFO  Test outcome reason: Testing the apt plugin is not supported on this platform.Use parameter -XmyPlatform='container' to enable it
11:11:33 INFO  
</system-out>
	</testcase>
<testcase classname="PySysTest" name="SoftwareManagement.sm_apt_install_remove" />
<testcase classname="PySysTest" name="SoftwareManagement.sm_apt_install_remove" />
</testsuite><testsuite name="SoftwareManagement.sm_apt_install_remove_default" tests="3" errors="0" failures="0" skipped="1" time="0"><testcase classname="PySysTest" name="SoftwareManagement.sm_apt_install_remove_default">
		<skipped message="SKIPPED: Testing the apt plugin is not supported on this platform.Use parameter -XmyPlatform='container' to enable it" />
		<system-out>11:11:33 INFO  ==============================================================
11:11:33 INFO  Id:    SoftwareManagement.sm_apt_install_remove_default
11:11:33 INFO  Dir:   software_management_end_to_end/
11:11:33 INFO  Title: Validate end to end behaviour for the default plugin for installation and removal of packages
11:11:33 INFO  ==============================================================
11:11:33 INFO  Testing the apt plugin is not supported on this platform.Use parameter -XmyPlatform='container' to enable it ... skipped
11:11:33 WARN  Aborted test due to SKIPPED outcome
11:11:33 INFO  
11:11:33 INFO  Test duration: 0.02 secs
11:11:33 INFO  Test final outcome:  SKIPPED
11:11:33 INFO  Test outcome reason: Testing the apt plugin is not supported on this platform.Use parameter -XmyPlatform='container' to enable it
11:11:33 INFO  
</system-out>
	</testcase>
<testcase classname="PySysTest" name="SoftwareManagement.sm_apt_install_remove_default" />
<testcase classname="PySysTest" name="SoftwareManagement.sm_apt_install_remove_default" />
</testsuite><testsuite name="SoftwareManagement.sm_apt_install_remove_multiple" tests="3" errors="0" failures="2" skipped="1" time="0"><testcase classname="PySysTest" name="SoftwareManagement.sm_apt_install_remove_multiple">
		<skipped message="SKIPPED: Testing the apt plugin is not supported on this platform.Use parameter -XmyPlatform='container' to enable it" />
		<system-out>11:11:33 INFO  ==============================================================
11:11:33 INFO  Id:    SoftwareManagement.sm_apt_install_remove_multiple
11:11:33 INFO  Dir:   software_management_end_to_end/
11:11:33 INFO  Title: Validate end to end behaviour for the apt plugin for multiple packages
11:11:33 INFO  ==============================================================
11:11:33 INFO  Testing the apt plugin is not supported on this platform.Use parameter -XmyPlatform='container' to enable it ... skipped
11:11:33 WARN  Aborted test due to SKIPPED outcome
11:11:33 INFO  
11:11:33 INFO  Test duration: 0.02 secs
11:11:33 INFO  Test final outcome:  SKIPPED
11:11:33 INFO  Test outcome reason: Testing the apt plugin is not supported on this platform.Use parameter -XmyPlatform='container' to enable it
11:11:33 INFO  
</system-out>
	</testcase>
<testcase classname="PySysTest" name="SoftwareManagement.sm_apt_install_remove_multiple">
		<failure message="FAILED: Assert that (False == value) with value=True" type="FAILED" />
		<system-out>11:42:42 INFO  ==============================================================
11:42:42 INFO  Id:    SoftwareManagement.sm_apt_install_remove_multiple
11:42:42 INFO  Dir:   software_management_end_to_end/
11:42:42 INFO  Title: Validate end to end behaviour for the apt plugin for multiple packages
11:42:42 INFO  ==============================================================
11:42:42 INFO  Using sw id database: {'asciijump': '5475369', 'robotfindskitten': '5474869', 'squirrel3': '5475279', 'rolldice': '5152439', 'moon-buggy': '5439204', 'apple': '5495053', 'banana': '5494888', 'cherry': '5495382', 'watermelon': '5494510', 'registry': '8018911', 'hello-world': '8021526', 'docker/getting-started': '8021973', 'alpine': '7991792'}
11:42:42 INFO  EnvironmentC8y Setup
11:42:42 INFO  Executed systemctl&lt;serv_mapper1&gt;, exit status 3
11:42:42 INFO  Restarting mosquitto too frequently in the last 10 seconds. It was only up for 4 seconds
11:42:42 INFO  Delaying execution by 7 seconds
11:43:03 INFO  Executed sudo&lt;tedge_connect_c8y&gt;, exit status 0, duration 13 secs
11:43:04 INFO  Executed sudo&lt;tedge_connect_c8y_test&gt;, exit status 0
11:43:04 INFO  Executed systemctl&lt;serv_mosq2&gt;, exit status 0
11:43:05 INFO  Executed systemctl&lt;serv_mapper3&gt;, exit status 0
11:43:07 INFO  State of current operation: SUCCESSFUL
11:43:07 INFO  Assert that (False == value) with value=False ... passed
11:43:07 INFO  Assert that (False == value) with value=False ... passed
11:43:08 INFO  Assert that (False == value) with value=False ... passed
11:43:08 INFO  Package robotfindskitten is installed
11:43:08 WARN  Assert that (False == value) with value=True ... failed 
11:43:08 INFO  Response status: 201
11:43:08 INFO  Response to action: {
    "creationTime": "2022-04-28T11:43:08.493Z",
    "deviceName": "m32sd10d",
    "deviceId": "17889227",
    "self": "https://t493319102.eu-latest.cumulocity.com/devicecontrol/operations/17901144",
    "id": "17901144",
    "status": "PENDING",
    "description": "Apply software changes, triggered from PySys: [{'action': 'install', 'id': '5475369', 'name': 'asciijump', 'url': ' ', 'version': '::apt'}, {'action': 'install', 'id': '5474869', 'name': 'robotfindskitten', 'url': ' ', 'version': '::apt'}, {'action': 'install', 'id': '5475279', 'name': 'squirrel3', 'url': ' ', 'version': '::apt'}]",
    "c8y_SoftwareUpdate": [
        {
            "name": "asciijump",
            "action": "install",
            "id": "5475369",
            "version": "::apt",
            "url": " "
        },
        {
            "name": "robotfindskitten",
            "action": "install",
            "id": "5474869",
            "version": "::apt",
            "url": " "
        },
        {
            "name": "squirrel3",
            "action": "install",
            "id": "5475279",
            "version": "::apt",
            "url": " "
        }
    ]
}
11:43:08 INFO  Started operation: {'creationTime': '2022-04-28T11:43:08.493Z', 'deviceName': 'm32sd10d', 'deviceId': '17889227', 'self': 'https://t493319102.eu-latest.cumulocity.com/devicecontrol/operations/17901144', 'id': '17901144', 'status': 'PENDING', 'description': "Apply software changes, triggered from PySys: [{'action': 'install', 'id': '5475369', 'name': 'asciijump', 'url': ' ', 'version': '::apt'}, {'action': 'install', 'id': '5474869', 'name': 'robotfindskitten', 'url': ' ', 'version': '::apt'}, {'action': 'install', 'id': '5475279', 'name': 'squirrel3', 'url': ' ', 'version': '::apt'}]", 'c8y_SoftwareUpdate': [{'name': 'asciijump', 'action': 'install', 'id': '5475369', 'version': '::apt', 'url': ' '}, {'name': 'robotfindskitten', 'action': 'install', 'id': '5474869', 'version': '::apt', 'url': ' '}, {'name': 'squirrel3', 'action': 'install', 'id': '5475279', 'version': '::apt', 'url': ' '}]}
11:43:10 INFO  State of operation 17901144 : PENDING
11:43:12 INFO  State of operation 17901144 : EXECUTING
11:43:15 INFO  State of operation 17901144 : EXECUTING
11:43:17 INFO  State of operation 17901144 : EXECUTING
11:43:19 INFO  State of operation 17901144 : EXECUTING
11:43:21 INFO  State of operation 17901144 : EXECUTING
11:43:24 INFO  State of operation 17901144 : EXECUTING
11:43:27 INFO  State of operation 17901144 : EXECUTING
11:43:29 INFO  State of operation 17901144 : EXECUTING
11:43:31 INFO  State of operation 17901144 : EXECUTING
11:43:34 INFO  State of operation 17901144 : EXECUTING
11:43:36 INFO  State of operation 17901144 : EXECUTING
11:43:38 INFO  State of operation 17901144 : EXECUTING
11:43:40 INFO  State of operation 17901144 : EXECUTING
11:43:43 INFO  State of operation 17901144 : EXECUTING
11:43:45 INFO  State of operation 17901144 : EXECUTING
11:43:47 INFO  State of operation 17901144 : EXECUTING
11:43:50 INFO  State of operation 17901144 : EXECUTING
11:43:52 INFO  State of operation 17901144 : EXECUTING
11:43:54 INFO  State of operation 17901144 : EXECUTING
11:43:57 INFO  State of operation 17901144 : EXECUTING
11:43:59 INFO  State of operation 17901144 : EXECUTING
11:44:02 INFO  State of operation 17901144 : EXECUTING
11:44:04 INFO  State of operation 17901144 : EXECUTING
11:44:07 INFO  State of operation 17901144 : EXECUTING
11:44:09 INFO  State of operation 17901144 : EXECUTING
11:44:11 INFO  State of operation 17901144 : EXECUTING
11:44:13 INFO  State of operation 17901144 : EXECUTING
11:44:15 INFO  State of operation 17901144 : EXECUTING
11:44:18 INFO  State of operation 17901144 : EXECUTING
11:44:20 INFO  State of operation 17901144 : EXECUTING
11:44:22 INFO  State of operation 17901144 : EXECUTING
11:44:24 INFO  State of operation 17901144 : EXECUTING
11:44:27 INFO  State of operation 17901144 : EXECUTING
11:44:29 INFO  State of operation 17901144 : SUCCESSFUL
11:44:29 INFO  Assert that (False == value) with value=False ... passed
11:44:29 INFO  Package asciijump is installed
11:44:29 INFO  Assert that (True == value) with value=True ... passed
11:44:30 INFO  Package squirrel3 is installed
11:44:30 INFO  Assert that (True == value) with value=True ... passed
11:44:30 INFO  Package robotfindskitten is installed
11:44:30 INFO  Assert that (True == value) with value=True ... passed
11:44:30 INFO  Response status: 201
11:44:30 INFO  Response to action: {
    "creationTime": "2022-04-28T11:44:30.601Z",
    "deviceName": "m32sd10d",
    "deviceId": "17889227",
    "self": "https://t493319102.eu-latest.cumulocity.com/devicecontrol/operations/17901152",
    "id": "17901152",
    "status": "PENDING",
    "description": "Apply software changes, triggered from PySys: [{'action': 'delete', 'id': '5475369', 'name': 'asciijump', 'url': ' ', 'version': '::apt'}, {'action': 'delete', 'id': '5474869', 'name': 'robotfindskitten', 'url': ' ', 'version': '::apt'}, {'action': 'delete', 'id': '5475279', 'name': 'squirrel3', 'url': ' ', 'version': '::apt'}]",
    "c8y_SoftwareUpdate": [
        {
            "name": "asciijump",
            "action": "delete",
            "id": "5475369",
            "version": "::apt",
            "url": " "
        },
        {
            "name": "robotfindskitten",
            "action": "delete",
            "id": "5474869",
            "version": "::apt",
            "url": " "
        },
        {
            "name": "squirrel3",
            "action": "delete",
            "id": "5475279",
            "version": "::apt",
            "url": " "
        }
    ]
}
11:44:30 INFO  Started operation: {'creationTime': '2022-04-28T11:44:30.601Z', 'deviceName': 'm32sd10d', 'deviceId': '17889227', 'self': 'https://t493319102.eu-latest.cumulocity.com/devicecontrol/operations/17901152', 'id': '17901152', 'status': 'PENDING', 'description': "Apply software changes, triggered from PySys: [{'action': 'delete', 'id': '5475369', 'name': 'asciijump', 'url': ' ', 'version': '::apt'}, {'action': 'delete', 'id': '5474869', 'name': 'robotfindskitten', 'url': ' ', 'version': '::apt'}, {'action': 'delete', 'id': '5475279', 'name': 'squirrel3', 'url': ' ', 'version': '::apt'}]", 'c8y_SoftwareUpdate': [{'name': 'asciijump', 'action': 'delete', 'id': '5475369', 'version': '::apt', 'url': ' '}, {'name': 'robotfindskitten', 'action': 'delete', 'id': '5474869', 'version': '::apt', 'url': ' '}, {'name': 'squirrel3', 'action': 'delete', 'id': '5475279', 'version': '::apt', 'url': ' '}]}
11:44:32 INFO  State of operation 17901152 : PENDING
11:44:35 INFO  State of operation 17901152 : EXECUTING
11:44:37 INFO  State of operation 17901152 : EXECUTING
11:44:39 INFO  State of operation 17901152 : EXECUTING
11:44:41 INFO  State of operation 17901152 : EXECUTING
11:44:43 INFO  State of operation 17901152 : EXECUTING
11:44:46 INFO  State of operation 17901152 : EXECUTING
11:44:49 INFO  State of operation 17901152 : EXECUTING
11:44:51 INFO  State of operation 17901152 : EXECUTING
11:44:54 INFO  State of operation 17901152 : EXECUTING
11:44:56 INFO  State of operation 17901152 : EXECUTING
11:44:58 INFO  State of operation 17901152 : EXECUTING
11:45:00 INFO  State of operation 17901152 : EXECUTING
11:45:03 INFO  State of operation 17901152 : EXECUTING
11:45:05 INFO  State of operation 17901152 : EXECUTING
11:45:07 INFO  State of operation 17901152 : EXECUTING
11:45:10 INFO  State of operation 17901152 : EXECUTING
11:45:12 INFO  State of operation 17901152 : EXECUTING
11:45:15 INFO  State of operation 17901152 : EXECUTING
11:45:17 INFO  State of operation 17901152 : EXECUTING
11:45:19 INFO  State of operation 17901152 : EXECUTING
11:45:21 INFO  State of operation 17901152 : EXECUTING
11:45:23 INFO  State of operation 17901152 : EXECUTING
11:45:26 INFO  State of operation 17901152 : EXECUTING
11:45:28 INFO  State of operation 17901152 : EXECUTING
11:45:31 INFO  State of operation 17901152 : EXECUTING
11:45:33 INFO  State of operation 17901152 : EXECUTING
11:45:35 INFO  State of operation 17901152 : SUCCESSFUL
11:45:35 INFO  Assert that (False == value) with value=False ... passed
11:45:36 INFO  Assert that (False == value) with value=False ... passed
11:45:36 INFO  Assert that (False == value) with value=False ... passed
11:45:36 INFO  Assert that (False == value) with value=False ... passed
11:45:36 INFO  
11:45:36 INFO  cleanup:
11:45:40 INFO  Executed sudo&lt;tedge_disconnect_c8y&gt;, exit status 0
11:45:41 INFO  Executed systemctl&lt;serv_mapper5&gt;, exit status 3
11:45:41 INFO  
11:45:41 INFO  Test duration: 179.27 secs
11:45:41 INFO  Test final outcome:  FAILED
11:45:41 INFO  Test outcome reason: Assert that (False == value) with value=True
11:45:41 INFO  
</system-out>
	</testcase>
<testcase classname="PySysTest" name="SoftwareManagement.sm_apt_install_remove_multiple">
		<failure message="FAILED: Assert that (False == value) with value=True (+2 other failures)" type="FAILED" />
		<system-out>12:03:49 INFO  ==============================================================
12:03:49 INFO  Id:    SoftwareManagement.sm_apt_install_remove_multiple
12:03:49 INFO  Dir:   software_management_end_to_end/
12:03:49 INFO  Title: Validate end to end behaviour for the apt plugin for multiple packages
12:03:49 INFO  ==============================================================
12:03:49 INFO  Using sw id database: {'asciijump': '5475369', 'robotfindskitten': '5474869', 'squirrel3': '5475279', 'rolldice': '5152439', 'moon-buggy': '5439204', 'apple': '5495053', 'banana': '5494888', 'cherry': '5495382', 'watermelon': '5494510', 'registry': '8018911', 'hello-world': '8021526', 'docker/getting-started': '8021973', 'alpine': '7991792'}
12:03:49 INFO  EnvironmentC8y Setup
12:03:50 INFO  Executed systemctl&lt;serv_mapper1&gt;, exit status 3
12:03:50 INFO  Restarting mosquitto too frequently in the last 10 seconds. It was only up for 5 seconds
12:03:50 INFO  Delaying execution by 6 seconds
12:04:10 INFO  Executed sudo&lt;tedge_connect_c8y&gt;, exit status 0, duration 13 secs
12:04:11 INFO  Executed sudo&lt;tedge_connect_c8y_test&gt;, exit status 0
12:04:11 INFO  Executed systemctl&lt;serv_mosq2&gt;, exit status 0
12:04:12 INFO  Executed systemctl&lt;serv_mapper3&gt;, exit status 0
12:04:14 INFO  State of current operation: SUCCESSFUL
12:04:14 INFO  Assert that (False == value) with value=False ... passed
12:04:14 INFO  Package asciijump is installed
12:04:15 WARN  Assert that (False == value) with value=True ... failed 
12:04:15 INFO  Package squirrel3 is installed
12:04:15 WARN  Assert that (False == value) with value=True ... failed 
12:04:15 INFO  Package robotfindskitten is installed
12:04:15 WARN  Assert that (False == value) with value=True ... failed 
12:04:15 INFO  Response status: 201
12:04:15 INFO  Response to action: {
    "creationTime": "2022-04-28T12:04:15.770Z",
    "deviceName": "m32sd10d",
    "deviceId": "17889227",
    "self": "https://t493319102.eu-latest.cumulocity.com/devicecontrol/operations/17901288",
    "id": "17901288",
    "status": "PENDING",
    "description": "Apply software changes, triggered from PySys: [{'action': 'install', 'id': '5475369', 'name': 'asciijump', 'url': ' ', 'version': '::apt'}, {'action': 'install', 'id': '5474869', 'name': 'robotfindskitten', 'url': ' ', 'version': '::apt'}, {'action': 'install', 'id': '5475279', 'name': 'squirrel3', 'url': ' ', 'version': '::apt'}]",
    "c8y_SoftwareUpdate": [
        {
            "name": "asciijump",
            "action": "install",
            "id": "5475369",
            "version": "::apt",
            "url": " "
        },
        {
            "name": "robotfindskitten",
            "action": "install",
            "id": "5474869",
            "version": "::apt",
            "url": " "
        },
        {
            "name": "squirrel3",
            "action": "install",
            "id": "5475279",
            "version": "::apt",
            "url": " "
        }
    ]
}
12:04:15 INFO  Started operation: {'creationTime': '2022-04-28T12:04:15.770Z', 'deviceName': 'm32sd10d', 'deviceId': '17889227', 'self': 'https://t493319102.eu-latest.cumulocity.com/devicecontrol/operations/17901288', 'id': '17901288', 'status': 'PENDING', 'description': "Apply software changes, triggered from PySys: [{'action': 'install', 'id': '5475369', 'name': 'asciijump', 'url': ' ', 'version': '::apt'}, {'action': 'install', 'id': '5474869', 'name': 'robotfindskitten', 'url': ' ', 'version': '::apt'}, {'action': 'install', 'id': '5475279', 'name': 'squirrel3', 'url': ' ', 'version': '::apt'}]", 'c8y_SoftwareUpdate': [{'name': 'asciijump', 'action': 'install', 'id': '5475369', 'version': '::apt', 'url': ' '}, {'name': 'robotfindskitten', 'action': 'install', 'id': '5474869', 'version': '::apt', 'url': ' '}, {'name': 'squirrel3', 'action': 'install', 'id': '5475279', 'version': '::apt', 'url': ' '}]}
12:04:18 INFO  State of operation 17901288 : PENDING
12:04:20 INFO  State of operation 17901288 : EXECUTING
12:04:22 INFO  State of operation 17901288 : EXECUTING
12:04:24 INFO  State of operation 17901288 : EXECUTING
12:04:26 INFO  State of operation 17901288 : EXECUTING
12:04:29 INFO  State of operation 17901288 : EXECUTING
12:04:31 INFO  State of operation 17901288 : EXECUTING
12:04:34 INFO  State of operation 17901288 : EXECUTING
12:04:36 INFO  State of operation 17901288 : EXECUTING
12:04:39 INFO  State of operation 17901288 : EXECUTING
12:04:41 INFO  State of operation 17901288 : EXECUTING
12:04:43 INFO  State of operation 17901288 : EXECUTING
12:04:45 INFO  State of operation 17901288 : EXECUTING
12:04:48 INFO  State of operation 17901288 : EXECUTING
12:04:50 INFO  State of operation 17901288 : EXECUTING
12:04:52 INFO  State of operation 17901288 : SUCCESSFUL
12:04:52 INFO  Assert that (False == value) with value=False ... passed
12:04:53 INFO  Package asciijump is installed
12:04:53 INFO  Assert that (True == value) with value=True ... passed
12:04:53 INFO  Package squirrel3 is installed
12:04:53 INFO  Assert that (True == value) with value=True ... passed
12:04:53 INFO  Package robotfindskitten is installed
12:04:53 INFO  Assert that (True == value) with value=True ... passed
12:04:53 INFO  Response status: 201
12:04:53 INFO  Response to action: {
    "creationTime": "2022-04-28T12:04:53.728Z",
    "deviceName": "m32sd10d",
    "deviceId": "17889227",
    "self": "https://t493319102.eu-latest.cumulocity.com/devicecontrol/operations/17901299",
    "id": "17901299",
    "status": "PENDING",
    "description": "Apply software changes, triggered from PySys: [{'action': 'delete', 'id': '5475369', 'name': 'asciijump', 'url': ' ', 'version': '::apt'}, {'action': 'delete', 'id': '5474869', 'name': 'robotfindskitten', 'url': ' ', 'version': '::apt'}, {'action': 'delete', 'id': '5475279', 'name': 'squirrel3', 'url': ' ', 'version': '::apt'}]",
    "c8y_SoftwareUpdate": [
        {
            "name": "asciijump",
            "action": "delete",
            "id": "5475369",
            "version": "::apt",
            "url": " "
        },
        {
            "name": "robotfindskitten",
            "action": "delete",
            "id": "5474869",
            "version": "::apt",
            "url": " "
        },
        {
            "name": "squirrel3",
            "action": "delete",
            "id": "5475279",
            "version": "::apt",
            "url": " "
        }
    ]
}
12:04:53 INFO  Started operation: {'creationTime': '2022-04-28T12:04:53.728Z', 'deviceName': 'm32sd10d', 'deviceId': '17889227', 'self': 'https://t493319102.eu-latest.cumulocity.com/devicecontrol/operations/17901299', 'id': '17901299', 'status': 'PENDING', 'description': "Apply software changes, triggered from PySys: [{'action': 'delete', 'id': '5475369', 'name': 'asciijump', 'url': ' ', 'version': '::apt'}, {'action': 'delete', 'id': '5474869', 'name': 'robotfindskitten', 'url': ' ', 'version': '::apt'}, {'action': 'delete', 'id': '5475279', 'name': 'squirrel3', 'url': ' ', 'version': '::apt'}]", 'c8y_SoftwareUpdate': [{'name': 'asciijump', 'action': 'delete', 'id': '5475369', 'version': '::apt', 'url': ' '}, {'name': 'robotfindskitten', 'action': 'delete', 'id': '5474869', 'version': '::apt', 'url': ' '}, {'name': 'squirrel3', 'action': 'delete', 'id': '5475279', 'version': '::apt', 'url': ' '}]}
12:04:56 INFO  State of operation 17901299 : PENDING
12:04:58 INFO  State of operation 17901299 : EXECUTING
12:05:00 INFO  State of operation 17901299 : EXECUTING
12:05:02 INFO  State of operation 17901299 : EXECUTING
12:05:05 INFO  State of operation 17901299 : EXECUTING
12:05:07 INFO  State of operation 17901299 : EXECUTING
12:05:09 INFO  State of operation 17901299 : EXECUTING
12:05:12 INFO  State of operation 17901299 : EXECUTING
12:05:15 INFO  State of operation 17901299 : EXECUTING
12:05:17 INFO  State of operation 17901299 : EXECUTING
12:05:19 INFO  State of operation 17901299 : EXECUTING
12:05:22 INFO  State of operation 17901299 : EXECUTING
12:05:24 INFO  State of operation 17901299 : EXECUTING
12:05:26 INFO  State of operation 17901299 : EXECUTING
12:05:28 INFO  State of operation 17901299 : EXECUTING
12:05:31 INFO  State of operation 17901299 : EXECUTING
12:05:33 INFO  State of operation 17901299 : EXECUTING
12:05:36 INFO  State of operation 17901299 : EXECUTING
12:05:38 INFO  State of operation 17901299 : EXECUTING
12:05:41 INFO  State of operation 17901299 : EXECUTING
12:05:43 INFO  State of operation 17901299 : EXECUTING
12:05:45 INFO  State of operation 17901299 : EXECUTING
12:05:47 INFO  State of operation 17901299 : EXECUTING
12:05:49 INFO  State of operation 17901299 : EXECUTING
12:05:52 INFO  State of operation 17901299 : EXECUTING
12:05:55 INFO  State of operation 17901299 : EXECUTING
12:05:57 INFO  State of operation 17901299 : EXECUTING
12:05:59 INFO  State of operation 17901299 : SUCCESSFUL
12:06:00 INFO  Assert that (False == value) with value=False ... passed
12:06:00 INFO  Assert that (False == value) with value=False ... passed
12:06:00 INFO  Assert that (False == value) with value=False ... passed
12:06:00 INFO  Assert that (False == value) with value=False ... passed
12:06:00 INFO  
12:06:00 INFO  cleanup:
12:06:04 INFO  Executed sudo&lt;tedge_disconnect_c8y&gt;, exit status 0
12:06:05 INFO  Executed systemctl&lt;serv_mapper5&gt;, exit status 3
12:06:05 INFO  
12:06:05 INFO  Test duration: 135.65 secs
12:06:05 INFO  Test final outcome:  FAILED
12:06:05 INFO  Test outcome reason: Assert that (False == value) with value=True (+2 other failures)
12:06:05 INFO  
</system-out>
	</testcase>
</testsuite><testsuite name="SoftwareManagement.sm_apt_install_remove_multiple_mixed" tests="3" errors="0" failures="2" skipped="1" time="0"><testcase classname="PySysTest" name="SoftwareManagement.sm_apt_install_remove_multiple_mixed">
		<skipped message="SKIPPED: Testing the apt plugin is not supported on this platform.Use parameter -XmyPlatform='container' to enable it" />
		<system-out>11:11:33 INFO  ==============================================================
11:11:33 INFO  Id:    SoftwareManagement.sm_apt_install_remove_multiple_mixed
11:11:33 INFO  Dir:   software_management_end_to_end/
11:11:33 INFO  Title: Validate end to end behaviour for the apt plugin for multiple packages with mixed versions
11:11:33 INFO  ==============================================================
11:11:33 INFO  Testing the apt plugin is not supported on this platform.Use parameter -XmyPlatform='container' to enable it ... skipped
11:11:33 WARN  Aborted test due to SKIPPED outcome
11:11:33 INFO  
11:11:33 INFO  Test duration: 0.02 secs
11:11:33 INFO  Test final outcome:  SKIPPED
11:11:33 INFO  Test outcome reason: Testing the apt plugin is not supported on this platform.Use parameter -XmyPlatform='container' to enable it
11:11:33 INFO  
</system-out>
	</testcase>
<testcase classname="PySysTest" name="SoftwareManagement.sm_apt_install_remove_multiple_mixed">
		<failure message="BLOCKED: SystemError: Timeout while waiting for status SUCCESSFUL or False" type="BLOCKED" />
		<system-out>11:45:41 INFO  ==============================================================
11:45:41 INFO  Id:    SoftwareManagement.sm_apt_install_remove_multiple_mixed
11:45:41 INFO  Dir:   software_management_end_to_end/
11:45:41 INFO  Title: Validate end to end behaviour for the apt plugin for multiple packages with mixed versions
11:45:41 INFO  ==============================================================
11:45:41 INFO  Using sw id database: {'asciijump': '5475369', 'robotfindskitten': '5474869', 'squirrel3': '5475279', 'rolldice': '5152439', 'moon-buggy': '5439204', 'apple': '5495053', 'banana': '5494888', 'cherry': '5495382', 'watermelon': '5494510', 'registry': '8018911', 'hello-world': '8021526', 'docker/getting-started': '8021973', 'alpine': '7991792'}
11:45:41 INFO  EnvironmentC8y Setup
11:45:42 INFO  Executed systemctl&lt;serv_mapper1&gt;, exit status 3
11:45:42 INFO  Restarting mosquitto too frequently in the last 10 seconds. It was only up for 4 seconds
11:45:42 INFO  Delaying execution by 7 seconds
11:46:02 INFO  Executed sudo&lt;tedge_connect_c8y&gt;, exit status 0, duration 13 secs
11:46:03 INFO  Executed sudo&lt;tedge_connect_c8y_test&gt;, exit status 0
11:46:03 INFO  Executed systemctl&lt;serv_mosq2&gt;, exit status 0
11:46:04 INFO  Executed systemctl&lt;serv_mapper3&gt;, exit status 0
11:46:06 INFO  State of current operation: SUCCESSFUL
11:46:06 INFO  Assert that (False == value) with value=False ... passed
11:46:07 INFO  Assert that (False == value) with value=False ... passed
11:46:07 INFO  Assert that (False == value) with value=False ... passed
11:46:07 INFO  Assert that (False == value) with value=False ... passed
11:46:07 INFO  Assert that (False == value) with value=False ... passed
11:46:09 INFO  Response status: 201
11:46:09 INFO  Response to action: {
    "delivery": {
        "time": "2022-04-28T11:46:09.020Z",
        "log": [],
        "status": "PENDING"
    },
    "creationTime": "2022-04-28T11:46:09.005Z",
    "deviceName": "m32sd10d",
    "deviceId": "17889227",
    "self": "https://t493319102.eu-latest.cumulocity.com/devicecontrol/operations/17901160",
    "id": "17901160",
    "status": "PENDING",
    "description": "Apply software changes, triggered from PySys: [{'action': 'install', 'id': '5475369', 'name': 'asciijump', 'url': ' ', 'version': '::apt'}, {'action': 'install', 'id': '5474869', 'name': 'robotfindskitten', 'url': ' ', 'version': ' '}, {'action': 'install', 'id': '5475279', 'name': 'squirrel3', 'url': ' ', 'version': '3.1-7::apt'}, {'action': 'install', 'id': '5152439', 'name': 'rolldice', 'url': ' ', 'version': '1.16-1+b1'}, {'action': 'install', 'id': '5439204', 'name': 'moon-buggy', 'url': ' ', 'version': '1:1.0.51-12'}, {'action': 'install', 'id': '5475369', 'name': 'asciijump', 'url': ' ', 'version': '::apt'}]",
    "c8y_SoftwareUpdate": [
        {
            "name": "asciijump",
            "action": "install",
            "id": "5475369",
            "version": "::apt",
            "url": " "
        },
        {
            "name": "robotfindskitten",
            "action": "install",
            "id": "5474869",
            "version": " ",
            "url": " "
        },
        {
            "name": "squirrel3",
            "action": "install",
            "id": "5475279",
            "version": "3.1-7::apt",
            "url": " "
        },
        {
            "name": "rolldice",
            "action": "install",
            "id": "5152439",
            "version": "1.16-1+b1",
            "url": " "
        },
        {
            "name": "moon-buggy",
            "action": "install",
            "id": "5439204",
            "version": "1:1.0.51-12",
            "url": " "
        },
        {
            "name": "asciijump",
            "action": "install",
            "id": "5475369",
            "version": "::apt",
            "url": " "
        }
    ]
}
11:46:09 INFO  Started operation: {'delivery': {'time': '2022-04-28T11:46:09.020Z', 'log': [], 'status': 'PENDING'}, 'creationTime': '2022-04-28T11:46:09.005Z', 'deviceName': 'm32sd10d', 'deviceId': '17889227', 'self': 'https://t493319102.eu-latest.cumulocity.com/devicecontrol/operations/17901160', 'id': '17901160', 'status': 'PENDING', 'description': "Apply software changes, triggered from PySys: [{'action': 'install', 'id': '5475369', 'name': 'asciijump', 'url': ' ', 'version': '::apt'}, {'action': 'install', 'id': '5474869', 'name': 'robotfindskitten', 'url': ' ', 'version': ' '}, {'action': 'install', 'id': '5475279', 'name': 'squirrel3', 'url': ' ', 'version': '3.1-7::apt'}, {'action': 'install', 'id': '5152439', 'name': 'rolldice', 'url': ' ', 'version': '1.16-1+b1'}, {'action': 'install', 'id': '5439204', 'name': 'moon-buggy', 'url': ' ', 'version': '1:1.0.51-12'}, {'action': 'install', 'id': '5475369', 'name': 'asciijump', 'url': ' ', 'version': '::apt'}]", 'c8y_SoftwareUpdate': [{'name': 'asciijump', 'action': 'install', 'id': '5475369', 'version': '::apt', 'url': ' '}, {'name': 'robotfindskitten', 'action': 'install', 'id': '5474869', 'version': ' ', 'url': ' '}, {'name': 'squirrel3', 'action': 'install', 'id': '5475279', 'version': '3.1-7::apt', 'url': ' '}, {'name': 'rolldice', 'action': 'install', 'id': '5152439', 'version': '1.16-1+b1', 'url': ' '}, {'name': 'moon-buggy', 'action': 'install', 'id': '5439204', 'version': '1:1.0.51-12', 'url': ' '}, {'name': 'asciijump', 'action': 'install', 'id': '5475369', 'version': '::apt', 'url': ' '}]}
11:46:11 INFO  State of operation 17901160 : PENDING
11:46:13 INFO  State of operation 17901160 : EXECUTING
11:46:15 INFO  State of operation 17901160 : EXECUTING
11:46:17 INFO  State of operation 17901160 : EXECUTING
11:46:20 INFO  State of operation 17901160 : EXECUTING
11:46:22 INFO  State of operation 17901160 : EXECUTING
11:46:25 INFO  State of operation 17901160 : EXECUTING
11:46:28 INFO  State of operation 17901160 : EXECUTING
11:46:30 INFO  State of operation 17901160 : EXECUTING
11:46:32 INFO  State of operation 17901160 : EXECUTING
11:46:35 INFO  State of operation 17901160 : EXECUTING
11:46:37 INFO  State of operation 17901160 : EXECUTING
11:46:39 INFO  State of operation 17901160 : EXECUTING
11:46:41 INFO  State of operation 17901160 : EXECUTING
11:46:44 INFO  State of operation 17901160 : EXECUTING
11:46:46 INFO  State of operation 17901160 : EXECUTING
11:46:48 INFO  State of operation 17901160 : EXECUTING
11:46:51 INFO  State of operation 17901160 : EXECUTING
11:46:53 INFO  State of operation 17901160 : EXECUTING
11:46:55 INFO  State of operation 17901160 : EXECUTING
11:46:57 INFO  State of operation 17901160 : EXECUTING
11:47:00 INFO  State of operation 17901160 : EXECUTING
11:47:02 INFO  State of operation 17901160 : EXECUTING
11:47:05 INFO  State of operation 17901160 : EXECUTING
11:47:07 INFO  State of operation 17901160 : EXECUTING
11:47:10 INFO  State of operation 17901160 : EXECUTING
11:47:12 INFO  State of operation 17901160 : EXECUTING
11:47:14 INFO  State of operation 17901160 : EXECUTING
11:47:16 INFO  State of operation 17901160 : EXECUTING
11:47:19 INFO  State of operation 17901160 : EXECUTING
11:47:21 INFO  State of operation 17901160 : EXECUTING
11:47:24 INFO  State of operation 17901160 : EXECUTING
11:47:26 INFO  State of operation 17901160 : EXECUTING
11:47:28 INFO  State of operation 17901160 : EXECUTING
11:47:30 INFO  State of operation 17901160 : EXECUTING
11:47:33 INFO  State of operation 17901160 : EXECUTING
11:47:35 INFO  State of operation 17901160 : EXECUTING
11:47:38 INFO  State of operation 17901160 : EXECUTING
11:47:40 INFO  State of operation 17901160 : EXECUTING
11:47:43 INFO  State of operation 17901160 : EXECUTING
11:47:45 INFO  State of operation 17901160 : EXECUTING
11:47:47 INFO  State of operation 17901160 : EXECUTING
11:47:49 INFO  State of operation 17901160 : EXECUTING
11:47:52 INFO  State of operation 17901160 : EXECUTING
11:47:54 INFO  State of operation 17901160 : EXECUTING
11:47:56 INFO  State of operation 17901160 : EXECUTING
11:47:58 INFO  State of operation 17901160 : EXECUTING
11:48:00 INFO  State of operation 17901160 : EXECUTING
11:48:03 INFO  State of operation 17901160 : EXECUTING
11:48:06 INFO  State of operation 17901160 : EXECUTING
11:48:08 INFO  State of operation 17901160 : EXECUTING
11:48:10 INFO  State of operation 17901160 : EXECUTING
11:48:12 INFO  State of operation 17901160 : EXECUTING
11:48:15 INFO  State of operation 17901160 : EXECUTING
11:48:17 INFO  State of operation 17901160 : EXECUTING
11:48:20 INFO  State of operation 17901160 : EXECUTING
11:48:22 INFO  State of operation 17901160 : EXECUTING
11:48:25 INFO  State of operation 17901160 : EXECUTING
11:48:27 INFO  State of operation 17901160 : EXECUTING
11:48:30 INFO  State of operation 17901160 : EXECUTING
11:48:32 INFO  State of operation 17901160 : EXECUTING
11:48:34 WARN  SystemError occurred while running test - Timeout while waiting for status SUCCESSFUL or False
Traceback (most recent call last):
  File "/home/pi/env-pysys/lib/python3.7/site-packages/pysys/baserunner.py", line 1294, in __call__
    self.testObj.execute()
  File "/home/pi/actions-runner/_work/thin-edge.io/thin-edge.io/tests/PySys/software_management_end_to_end/sm_apt_install_remove_multiple_mixed/run.py", line 89, in execute
    self.wait_until_succcess()
  File "/home/pi/actions-runner/_work/thin-edge.io/thin-edge.io/tests/PySys/software_management_end_to_end/environment_sm_management.py", line 324, in wait_until_succcess
    self.wait_until_status("SUCCESSFUL")
  File "/home/pi/actions-runner/_work/thin-edge.io/thin-edge.io/tests/PySys/software_management_end_to_end/environment_sm_management.py", line 381, in wait_until_status
    "Timeout while waiting for status %s or %s" % (status, status2)
SystemError: Timeout while waiting for status SUCCESSFUL or False
11:48:34 WARN  SystemError: Timeout while waiting for status SUCCESSFUL or False ... blocked 
11:48:34 INFO  
11:48:34 INFO  cleanup:
11:48:39 INFO  Executed sudo&lt;tedge_disconnect_c8y&gt;, exit status 0
11:48:39 INFO  Executed systemctl&lt;serv_mapper5&gt;, exit status 3
11:48:39 INFO  
11:48:39 INFO  Test duration: 178.52 secs
11:48:39 INFO  Test final outcome:  BLOCKED
11:48:39 INFO  Test outcome reason: SystemError: Timeout while waiting for status SUCCESSFUL or False
11:48:39 INFO  
</system-out>
	</testcase>
<testcase classname="PySysTest" name="SoftwareManagement.sm_apt_install_remove_multiple_mixed">
		<failure message="BLOCKED: SystemError: Timeout while waiting for status SUCCESSFUL or False (+1 other failures)" type="BLOCKED" />
		<system-out>12:06:05 INFO  ==============================================================
12:06:05 INFO  Id:    SoftwareManagement.sm_apt_install_remove_multiple_mixed
12:06:05 INFO  Dir:   software_management_end_to_end/
12:06:05 INFO  Title: Validate end to end behaviour for the apt plugin for multiple packages with mixed versions
12:06:05 INFO  ==============================================================
12:06:05 INFO  Using sw id database: {'asciijump': '5475369', 'robotfindskitten': '5474869', 'squirrel3': '5475279', 'rolldice': '5152439', 'moon-buggy': '5439204', 'apple': '5495053', 'banana': '5494888', 'cherry': '5495382', 'watermelon': '5494510', 'registry': '8018911', 'hello-world': '8021526', 'docker/getting-started': '8021973', 'alpine': '7991792'}
12:06:05 INFO  EnvironmentC8y Setup
12:06:06 INFO  Executed systemctl&lt;serv_mapper1&gt;, exit status 3
12:06:06 INFO  Restarting mosquitto too frequently in the last 10 seconds. It was only up for 5 seconds
12:06:06 INFO  Delaying execution by 6 seconds
12:06:26 INFO  Executed sudo&lt;tedge_connect_c8y&gt;, exit status 0, duration 13 secs
12:06:26 INFO  Executed sudo&lt;tedge_connect_c8y_test&gt;, exit status 0
12:06:27 INFO  Executed systemctl&lt;serv_mosq2&gt;, exit status 0
12:06:27 INFO  Executed systemctl&lt;serv_mapper3&gt;, exit status 0
12:06:29 INFO  State of current operation: SUCCESSFUL
12:06:30 INFO  Assert that (False == value) with value=False ... passed
12:06:30 INFO  Assert that (False == value) with value=False ... passed
12:06:30 INFO  Assert that (False == value) with value=False ... passed
12:06:30 INFO  Assert that (False == value) with value=False ... passed
12:06:31 INFO  Package moon-buggy is installed
12:06:31 WARN  Assert that (False == value) with value=True ... failed 
12:06:32 INFO  Response status: 201
12:06:32 INFO  Response to action: {
    "delivery": {
        "time": "2022-04-28T12:06:32.270Z",
        "log": [],
        "status": "PENDING"
    },
    "creationTime": "2022-04-28T12:06:32.251Z",
    "deviceName": "m32sd10d",
    "deviceId": "17889227",
    "self": "https://t493319102.eu-latest.cumulocity.com/devicecontrol/operations/17901312",
    "id": "17901312",
    "status": "PENDING",
    "description": "Apply software changes, triggered from PySys: [{'action': 'install', 'id': '5475369', 'name': 'asciijump', 'url': ' ', 'version': '::apt'}, {'action': 'install', 'id': '5474869', 'name': 'robotfindskitten', 'url': ' ', 'version': ' '}, {'action': 'install', 'id': '5475279', 'name': 'squirrel3', 'url': ' ', 'version': '3.1-7::apt'}, {'action': 'install', 'id': '5152439', 'name': 'rolldice', 'url': ' ', 'version': '1.16-1+b1'}, {'action': 'install', 'id': '5439204', 'name': 'moon-buggy', 'url': ' ', 'version': '1:1.0.51-12'}, {'action': 'install', 'id': '5475369', 'name': 'asciijump', 'url': ' ', 'version': '::apt'}]",
    "c8y_SoftwareUpdate": [
        {
            "name": "asciijump",
            "action": "install",
            "id": "5475369",
            "version": "::apt",
            "url": " "
        },
        {
            "name": "robotfindskitten",
            "action": "install",
            "id": "5474869",
            "version": " ",
            "url": " "
        },
        {
            "name": "squirrel3",
            "action": "install",
            "id": "5475279",
            "version": "3.1-7::apt",
            "url": " "
        },
        {
            "name": "rolldice",
            "action": "install",
            "id": "5152439",
            "version": "1.16-1+b1",
            "url": " "
        },
        {
            "name": "moon-buggy",
            "action": "install",
            "id": "5439204",
            "version": "1:1.0.51-12",
            "url": " "
        },
        {
            "name": "asciijump",
            "action": "install",
            "id": "5475369",
            "version": "::apt",
            "url": " "
        }
    ]
}
12:06:32 INFO  Started operation: {'delivery': {'time': '2022-04-28T12:06:32.270Z', 'log': [], 'status': 'PENDING'}, 'creationTime': '2022-04-28T12:06:32.251Z', 'deviceName': 'm32sd10d', 'deviceId': '17889227', 'self': 'https://t493319102.eu-latest.cumulocity.com/devicecontrol/operations/17901312', 'id': '17901312', 'status': 'PENDING', 'description': "Apply software changes, triggered from PySys: [{'action': 'install', 'id': '5475369', 'name': 'asciijump', 'url': ' ', 'version': '::apt'}, {'action': 'install', 'id': '5474869', 'name': 'robotfindskitten', 'url': ' ', 'version': ' '}, {'action': 'install', 'id': '5475279', 'name': 'squirrel3', 'url': ' ', 'version': '3.1-7::apt'}, {'action': 'install', 'id': '5152439', 'name': 'rolldice', 'url': ' ', 'version': '1.16-1+b1'}, {'action': 'install', 'id': '5439204', 'name': 'moon-buggy', 'url': ' ', 'version': '1:1.0.51-12'}, {'action': 'install', 'id': '5475369', 'name': 'asciijump', 'url': ' ', 'version': '::apt'}]", 'c8y_SoftwareUpdate': [{'name': 'asciijump', 'action': 'install', 'id': '5475369', 'version': '::apt', 'url': ' '}, {'name': 'robotfindskitten', 'action': 'install', 'id': '5474869', 'version': ' ', 'url': ' '}, {'name': 'squirrel3', 'action': 'install', 'id': '5475279', 'version': '3.1-7::apt', 'url': ' '}, {'name': 'rolldice', 'action': 'install', 'id': '5152439', 'version': '1.16-1+b1', 'url': ' '}, {'name': 'moon-buggy', 'action': 'install', 'id': '5439204', 'version': '1:1.0.51-12', 'url': ' '}, {'name': 'asciijump', 'action': 'install', 'id': '5475369', 'version': '::apt', 'url': ' '}]}
12:06:34 INFO  State of operation 17901312 : PENDING
12:06:36 INFO  State of operation 17901312 : EXECUTING
12:06:39 INFO  State of operation 17901312 : EXECUTING
12:06:41 INFO  State of operation 17901312 : EXECUTING
12:06:43 INFO  State of operation 17901312 : EXECUTING
12:06:45 INFO  State of operation 17901312 : EXECUTING
12:06:48 INFO  State of operation 17901312 : EXECUTING
12:06:50 INFO  State of operation 17901312 : EXECUTING
12:06:53 INFO  State of operation 17901312 : EXECUTING
12:06:55 INFO  State of operation 17901312 : EXECUTING
12:06:58 INFO  State of operation 17901312 : EXECUTING
12:07:00 INFO  State of operation 17901312 : EXECUTING
12:07:02 INFO  State of operation 17901312 : EXECUTING
12:07:04 INFO  State of operation 17901312 : EXECUTING
12:07:07 INFO  State of operation 17901312 : EXECUTING
12:07:09 INFO  State of operation 17901312 : EXECUTING
12:07:11 INFO  State of operation 17901312 : EXECUTING
12:07:14 INFO  State of operation 17901312 : EXECUTING
12:07:16 INFO  State of operation 17901312 : EXECUTING
12:07:19 INFO  State of operation 17901312 : EXECUTING
12:07:21 INFO  State of operation 17901312 : EXECUTING
12:07:24 INFO  State of operation 17901312 : EXECUTING
12:07:26 INFO  State of operation 17901312 : EXECUTING
12:07:29 INFO  State of operation 17901312 : EXECUTING
12:07:31 INFO  State of operation 17901312 : EXECUTING
12:07:33 INFO  State of operation 17901312 : EXECUTING
12:07:35 INFO  State of operation 17901312 : EXECUTING
12:07:38 INFO  State of operation 17901312 : EXECUTING
12:07:40 INFO  State of operation 17901312 : EXECUTING
12:07:42 INFO  State of operation 17901312 : EXECUTING
12:07:45 INFO  State of operation 17901312 : EXECUTING
12:07:47 INFO  State of operation 17901312 : EXECUTING
12:07:49 INFO  State of operation 17901312 : EXECUTING
12:07:51 INFO  State of operation 17901312 : EXECUTING
12:07:53 INFO  State of operation 17901312 : EXECUTING
12:07:56 INFO  State of operation 17901312 : EXECUTING
12:07:58 INFO  State of operation 17901312 : EXECUTING
12:08:00 INFO  State of operation 17901312 : EXECUTING
12:08:03 INFO  State of operation 17901312 : EXECUTING
12:08:06 INFO  State of operation 17901312 : EXECUTING
12:08:08 INFO  State of operation 17901312 : EXECUTING
12:08:10 INFO  State of operation 17901312 : EXECUTING
12:08:12 INFO  State of operation 17901312 : EXECUTING
12:08:15 INFO  State of operation 17901312 : EXECUTING
12:08:17 INFO  State of operation 17901312 : EXECUTING
12:08:19 INFO  State of operation 17901312 : EXECUTING
12:08:21 INFO  State of operation 17901312 : EXECUTING
12:08:24 INFO  State of operation 17901312 : EXECUTING
12:08:27 INFO  State of operation 17901312 : EXECUTING
12:08:29 INFO  State of operation 17901312 : EXECUTING
12:08:31 INFO  State of operation 17901312 : EXECUTING
12:08:33 INFO  State of operation 17901312 : EXECUTING
12:08:36 INFO  State of operation 17901312 : EXECUTING
12:08:38 INFO  State of operation 17901312 : EXECUTING
12:08:41 INFO  State of operation 17901312 : EXECUTING
12:08:43 INFO  State of operation 17901312 : EXECUTING
12:08:46 INFO  State of operation 17901312 : EXECUTING
12:08:48 INFO  State of operation 17901312 : EXECUTING
12:08:50 INFO  State of operation 17901312 : EXECUTING
12:08:52 INFO  State of operation 17901312 : EXECUTING
12:08:55 INFO  State of operation 17901312 : EXECUTING
12:08:57 WARN  SystemError occurred while running test - Timeout while waiting for status SUCCESSFUL or False
Traceback (most recent call last):
  File "/home/pi/env-pysys/lib/python3.7/site-packages/pysys/baserunner.py", line 1294, in __call__
    self.testObj.execute()
  File "/home/pi/actions-runner/_work/thin-edge.io/thin-edge.io/tests/PySys/software_management_end_to_end/sm_apt_install_remove_multiple_mixed/run.py", line 89, in execute
    self.wait_until_succcess()
  File "/home/pi/actions-runner/_work/thin-edge.io/thin-edge.io/tests/PySys/software_management_end_to_end/environment_sm_management.py", line 324, in wait_until_succcess
    self.wait_until_status("SUCCESSFUL")
  File "/home/pi/actions-runner/_work/thin-edge.io/thin-edge.io/tests/PySys/software_management_end_to_end/environment_sm_management.py", line 381, in wait_until_status
    "Timeout while waiting for status %s or %s" % (status, status2)
SystemError: Timeout while waiting for status SUCCESSFUL or False
12:08:57 WARN  SystemError: Timeout while waiting for status SUCCESSFUL or False ... blocked 
12:08:57 INFO  
12:08:57 INFO  cleanup:
12:09:01 INFO  Executed sudo&lt;tedge_disconnect_c8y&gt;, exit status 0
12:09:02 INFO  Executed systemctl&lt;serv_mapper5&gt;, exit status 3
12:09:02 INFO  
12:09:02 INFO  Test duration: 176.78 secs
12:09:02 INFO  Test final outcome:  BLOCKED
12:09:02 INFO  Test outcome reason: SystemError: Timeout while waiting for status SUCCESSFUL or False (+1 other failures)
12:09:02 INFO  
</system-out>
	</testcase>
</testsuite><testsuite name="SoftwareManagement.sm_apt_install_remove_with_version" tests="3" errors="0" failures="0" skipped="1" time="0"><testcase classname="PySysTest" name="SoftwareManagement.sm_apt_install_remove_with_version">
		<skipped message="SKIPPED: Testing the apt plugin is not supported on this platform.Use parameter -XmyPlatform='container' to enable it" />
		<system-out>11:11:33 INFO  ==============================================================
11:11:33 INFO  Id:    SoftwareManagement.sm_apt_install_remove_with_version
11:11:33 INFO  Dir:   software_management_end_to_end/
11:11:33 INFO  Title: Validate end to end behaviour for the apt plugin for packages with version
11:11:33 INFO  ==============================================================
11:11:33 INFO  Testing the apt plugin is not supported on this platform.Use parameter -XmyPlatform='container' to enable it ... skipped
11:11:33 WARN  Aborted test due to SKIPPED outcome
11:11:33 INFO  
11:11:33 INFO  Test duration: 0.02 secs
11:11:33 INFO  Test final outcome:  SKIPPED
11:11:33 INFO  Test outcome reason: Testing the apt plugin is not supported on this platform.Use parameter -XmyPlatform='container' to enable it
11:11:33 INFO  
</system-out>
	</testcase>
<testcase classname="PySysTest" name="SoftwareManagement.sm_apt_install_remove_with_version" />
<testcase classname="PySysTest" name="SoftwareManagement.sm_apt_install_remove_with_version" />
</testsuite><testsuite name="SoftwareManagement.sm_docker_install_remove_multiple" tests="3" errors="0" failures="2" skipped="1" time="0"><testcase classname="SMDockerInstallRemove" name="SoftwareManagement.sm_docker_install_remove_multiple">
		<skipped message="SKIPPED: Testing the apt plugin is not supported on this platform.Use parameter -XmyPlatform='container' to enable it" />
		<system-out>11:11:33 INFO  ==============================================================
11:11:33 INFO  Id:    SoftwareManagement.sm_docker_install_remove_multiple
11:11:33 INFO  Dir:   software_management_end_to_end/
11:11:33 INFO  Title: Validate end to end behaviour for the docker plugin for multiple docker images with mixed versions
11:11:33 INFO  ==============================================================
11:11:33 INFO  Testing the apt plugin is not supported on this platform.Use parameter -XmyPlatform='container' to enable it ... skipped
11:11:33 WARN  Aborted test due to SKIPPED outcome
11:11:33 INFO  
11:11:33 INFO  Test duration: 0.02 secs
11:11:33 INFO  Test final outcome:  SKIPPED
11:11:33 INFO  Test outcome reason: Testing the apt plugin is not supported on this platform.Use parameter -XmyPlatform='container' to enable it
11:11:33 INFO  
</system-out>
	</testcase>
<testcase classname="SMDockerInstallRemove" name="SoftwareManagement.sm_docker_install_remove_multiple">
		<failure message="BLOCKED: SystemError: The operation has failed" type="BLOCKED" />
		<system-out>11:53:21 INFO  ==============================================================
11:53:21 INFO  Id:    SoftwareManagement.sm_docker_install_remove_multiple
11:53:21 INFO  Dir:   software_management_end_to_end/
11:53:21 INFO  Title: Validate end to end behaviour for the docker plugin for multiple docker images with mixed versions
11:53:21 INFO  ==============================================================
11:53:22 INFO  Using sw id database: {'asciijump': '5475369', 'robotfindskitten': '5474869', 'squirrel3': '5475279', 'rolldice': '5152439', 'moon-buggy': '5439204', 'apple': '5495053', 'banana': '5494888', 'cherry': '5495382', 'watermelon': '5494510', 'registry': '8018911', 'hello-world': '8021526', 'docker/getting-started': '8021973', 'alpine': '7991792'}
11:53:22 INFO  EnvironmentC8y Setup
11:53:23 INFO  Executed systemctl&lt;serv_mapper1&gt;, exit status 3
11:53:37 INFO  Executed sudo&lt;tedge_connect_c8y&gt;, exit status 0, duration 13 secs
11:53:37 INFO  Executed sudo&lt;tedge_connect_c8y_test&gt;, exit status 0
11:53:38 INFO  Executed systemctl&lt;serv_mosq2&gt;, exit status 0
11:53:38 INFO  Executed systemctl&lt;serv_mapper3&gt;, exit status 0
11:53:40 INFO  State of current operation: SUCCESSFUL
11:53:41 INFO  Response status: 201
11:53:41 INFO  Response to action: {
    "creationTime": "2022-04-28T11:53:41.083Z",
    "deviceName": "m32sd10d",
    "deviceId": "17889227",
    "self": "https://t493319102.eu-latest.cumulocity.com/devicecontrol/operations/17901195",
    "id": "17901195",
    "status": "PENDING",
    "description": "Apply software changes, triggered from PySys: [{'action': 'install', 'id': '8021526', 'name': 'hello-world', 'url': '', 'version': '::docker'}, {'action': 'install', 'id': '8018911', 'name': 'registry', 'url': '', 'version': '2.6.2::docker'}]",
    "c8y_SoftwareUpdate": [
        {
            "name": "hello-world",
            "action": "install",
            "id": "8021526",
            "version": "::docker",
            "url": ""
        },
        {
            "name": "registry",
            "action": "install",
            "id": "8018911",
            "version": "2.6.2::docker",
            "url": ""
        }
    ]
}
11:53:41 INFO  Started operation: {'creationTime': '2022-04-28T11:53:41.083Z', 'deviceName': 'm32sd10d', 'deviceId': '17889227', 'self': 'https://t493319102.eu-latest.cumulocity.com/devicecontrol/operations/17901195', 'id': '17901195', 'status': 'PENDING', 'description': "Apply software changes, triggered from PySys: [{'action': 'install', 'id': '8021526', 'name': 'hello-world', 'url': '', 'version': '::docker'}, {'action': 'install', 'id': '8018911', 'name': 'registry', 'url': '', 'version': '2.6.2::docker'}]", 'c8y_SoftwareUpdate': [{'name': 'hello-world', 'action': 'install', 'id': '8021526', 'version': '::docker', 'url': ''}, {'name': 'registry', 'action': 'install', 'id': '8018911', 'version': '2.6.2::docker', 'url': ''}]}
11:53:43 INFO  State of operation 17901195 : PENDING
11:53:45 INFO  State of operation 17901195 : EXECUTING
11:53:47 INFO  State of operation 17901195 : EXECUTING
11:53:49 INFO  State of operation 17901195 : EXECUTING
11:53:52 INFO  State of operation 17901195 : FAILED
11:53:52 ERROR Stopping as the operation has failed
11:53:52 WARN  SystemError occurred while running test - The operation has failed
Traceback (most recent call last):
  File "/home/pi/env-pysys/lib/python3.7/site-packages/pysys/baserunner.py", line 1292, in __call__
    self.testObj.setup()
  File "/home/pi/actions-runner/_work/thin-edge.io/thin-edge.io/tests/PySys/software_management_end_to_end/sm_docker_install_remove_multiple/run.py", line 55, in setup
    self.wait_until_succcess()
  File "/home/pi/actions-runner/_work/thin-edge.io/thin-edge.io/tests/PySys/software_management_end_to_end/environment_sm_management.py", line 324, in wait_until_succcess
    self.wait_until_status("SUCCESSFUL")
  File "/home/pi/actions-runner/_work/thin-edge.io/thin-edge.io/tests/PySys/software_management_end_to_end/environment_sm_management.py", line 361, in wait_until_status
    raise SystemError("The operation has failed")
SystemError: The operation has failed
11:53:52 WARN  SystemError: The operation has failed ... blocked 
11:53:52 INFO  
11:53:52 INFO  cleanup:
11:53:56 INFO  Executed sudo&lt;tedge_disconnect_c8y&gt;, exit status 0
11:53:56 INFO  Executed systemctl&lt;serv_mapper5&gt;, exit status 3
11:53:56 INFO  
11:53:56 INFO  Test duration: 35.35 secs
11:53:56 INFO  Test final outcome:  BLOCKED
11:53:56 INFO  Test outcome reason: SystemError: The operation has failed
11:53:56 INFO  
</system-out>
	</testcase>
<testcase classname="SMDockerInstallRemove" name="SoftwareManagement.sm_docker_install_remove_multiple">
		<failure message="BLOCKED: SystemError: The operation has failed" type="BLOCKED" />
		<system-out>12:11:39 INFO  ==============================================================
12:11:39 INFO  Id:    SoftwareManagement.sm_docker_install_remove_multiple
12:11:39 INFO  Dir:   software_management_end_to_end/
12:11:39 INFO  Title: Validate end to end behaviour for the docker plugin for multiple docker images with mixed versions
12:11:39 INFO  ==============================================================
12:11:39 INFO  Using sw id database: {'asciijump': '5475369', 'robotfindskitten': '5474869', 'squirrel3': '5475279', 'rolldice': '5152439', 'moon-buggy': '5439204', 'apple': '5495053', 'banana': '5494888', 'cherry': '5495382', 'watermelon': '5494510', 'registry': '8018911', 'hello-world': '8021526', 'docker/getting-started': '8021973', 'alpine': '7991792'}
12:11:39 INFO  EnvironmentC8y Setup
12:11:39 INFO  Executed systemctl&lt;serv_mapper1&gt;, exit status 3
12:11:40 INFO  Restarting mosquitto too frequently in the last 10 seconds. It was only up for 4 seconds
12:11:40 INFO  Delaying execution by 7 seconds
12:12:01 INFO  Executed sudo&lt;tedge_connect_c8y&gt;, exit status 0, duration 14 secs
12:12:02 INFO  Executed sudo&lt;tedge_connect_c8y_test&gt;, exit status 0
12:12:02 INFO  Executed systemctl&lt;serv_mosq2&gt;, exit status 0
[...]
		<failure message="FAILED: Assert that (True == value) with value=False" type="FAILED" />
		<system-out>10:59:36 INFO  ==============================================================
10:59:36 INFO  Id:    log_request_num_lines
10:59:36 INFO  Dir:   log_request_end_to_end/
10:59:36 INFO  Title: Validate end to end behaviour for the log request operation check for number of lines
10:59:36 INFO  ==============================================================
10:59:36 INFO  EnvironmentC8y Setup
10:59:37 INFO  Executed systemctl&lt;serv_mapper1&gt;, exit status 3
10:59:37 INFO  Restarting mosquitto too frequently in the last 10 seconds. It was only up for 5 seconds
10:59:37 INFO  Delaying execution by 6 seconds
10:59:57 INFO  Executed sudo&lt;tedge_connect_c8y&gt;, exit status 0, duration 14 secs
10:59:58 INFO  Executed sudo&lt;tedge_connect_c8y_test&gt;, exit status 0
10:59:58 INFO  Executed systemctl&lt;serv_mosq2&gt;, exit status 0
10:59:59 INFO  Executed systemctl&lt;serv_mapper3&gt;, exit status 0
10:59:59 INFO  Executed sudo&lt;rm_logs&gt;, exit status 0
11:00:00 INFO  Executed sudo&lt;move_logs&gt;, exit status 0
11:00:00 INFO  log response None
11:00:00 WARN  retry, retrying in 1 seconds...
11:00:01 INFO  log response https://thin-edge-io.eu-latest.cumulocity.com/event/events/17889341/binaries
11:00:02 INFO  nlines 0
11:00:02 WARN  Assert that (True == value) with value=False ... failed [run.py:44]
11:00:02 INFO  
11:00:02 INFO  cleanup:
11:00:02 INFO  Executed sudo&lt;rm_logs&gt;, exit status 0
11:00:03 INFO  Executed sudo&lt;rm_tmp_logs&gt;, exit status 0
11:00:03 INFO  Executed sudo&lt;send_failed&gt;, exit status 0
11:00:07 INFO  Executed sudo&lt;tedge_disconnect_c8y&gt;, exit status 0
11:00:08 INFO  Executed systemctl&lt;serv_mapper5&gt;, exit status 3
11:00:08 INFO  
11:00:08 INFO  Test duration: 31.80 secs
11:00:08 INFO  Test final outcome:  FAILED
11:00:08 INFO  Test outcome reason: Assert that (True == value) with value=False
11:00:08 INFO  
</system-out>
	</testcase>
</testsuite><testsuite name="mapper_awaits_before_reconnect" tests="1" errors="0" failures="1" skipped="0" time="0"><testcase classname="MapperReconnectAwait" name="mapper_awaits_before_reconnect">
		<failure message="FAILED: Line count on tedge_mapper_journal.out for &quot;tedge_mapper::core::mapper: MQTT connection error:&quot; expected &gt;=2 but got 0" type="FAILED" />
		<system-out>11:14:36 INFO  ==============================================================
11:14:36 INFO  Id:    mapper_awaits_before_reconnect
11:14:36 INFO  Dir:   tedge_mapper_c8y/
11:14:36 INFO  Title: Validate mapper doesn't reconnect too often
11:14:36 INFO  ==============================================================
11:14:36 INFO  Started mosquitto_sub with process id 19023
11:14:36 INFO  Waiting for 0.1 seconds
11:14:37 INFO  Executed sudo&lt;tedge_mapper&gt;, exit status 0
11:14:37 INFO  Waiting for 5.0 seconds
11:14:43 INFO  Executed sudo&lt;tedge_mapper&gt;, exit status 0
11:14:44 INFO  Executed sudo&lt;tedge_mapper_journal&gt;, exit status 0
11:14:44 WARN  Grep on tedge_mapper_journal.out contains "ERROR" ... failed [run.py:67]
11:14:44 INFO  Line count on file tedge_mapper_journal.out ... passed
11:14:44 WARN  Line count on tedge_mapper_journal.out for "tedge_mapper::core::mapper: MQTT connection error:" expected &gt;=2 but got 0 ... failed [run.py:78]
11:14:44 WARN  Aborted test due to FAILED outcome
11:14:44 INFO  
11:14:44 INFO  Test duration: 7.43 secs
11:14:44 INFO  Test final outcome:  FAILED
11:14:44 INFO  Test outcome reason: Line count on tedge_mapper_journal.out for "tedge_mapper::core::mapper: MQTT connection error:" expected &gt;=2 but got 0
11:14:44 INFO  
</system-out>
	</testcase>
</testsuite><testsuite name="monitoring_smaller_interval" tests="1" errors="0" failures="1" skipped="0" time="0"><testcase classname="MonitoringSmallInterval" name="monitoring_smaller_interval">
		<failure message="BLOCKED: TypeError: 'int' object is not subscriptable" type="BLOCKED" />
		<system-out>11:01:37 INFO  ==============================================================
11:01:37 INFO  Id:    monitoring_smaller_interval
11:01:37 INFO  Dir:   monitoring/
11:01:37 INFO  Title: Validate the tedge dm agent messages that are produced with smaller sampling interval than the batching window. Here the simulated collectd messages are used
11:01:37 INFO  ==============================================================
11:01:38 INFO  Executed sudo&lt;collectd&gt;, exit status 0
11:01:38 INFO  Executed sudo&lt;collectd_mapper&gt;, exit status 0
11:01:38 INFO  Started sudo&lt;tedge_sub&gt; with process id 15169
11:01:39 INFO  Executed sudo&lt;tedge_temp&gt;, exit status 0
11:01:39 INFO  Executed sudo&lt;tedge_pres&gt;, exit status 0
11:01:40 INFO  Executed sudo&lt;tedge_temp&gt;, exit status 0
11:01:41 INFO  Executed sudo&lt;tedge_pres&gt;, exit status 0
11:01:41 INFO  Executed sudo&lt;tedge_temp&gt;, exit status 0
11:01:42 INFO  Executed sudo&lt;tedge_pres&gt;, exit status 0
11:01:42 INFO  Executed sudo&lt;tedge_temp&gt;, exit status 0
11:01:43 INFO  Executed sudo&lt;tedge_pres&gt;, exit status 0
11:01:44 INFO  Executed sudo&lt;tedge_temp&gt;, exit status 0
11:01:44 INFO  Executed sudo&lt;tedge_pres&gt;, exit status 0
11:01:45 INFO  Executed sudo&lt;tedge_temp&gt;, exit status 0
11:01:45 INFO  Executed sudo&lt;tedge_pres&gt;, exit status 0
11:01:46 INFO  Executed sudo&lt;tedge_temp&gt;, exit status 0
11:01:46 INFO  Executed sudo&lt;tedge_pres&gt;, exit status 0
11:01:47 INFO  Executed sudo&lt;tedge_temp&gt;, exit status 0
11:01:48 INFO  Executed sudo&lt;tedge_pres&gt;, exit status 0
11:01:48 INFO  Executed sudo&lt;tedge_temp&gt;, exit status 0
11:01:49 INFO  Executed sudo&lt;tedge_pres&gt;, exit status 0
11:01:49 INFO  Executed sudo&lt;tedge_temp&gt;, exit status 0
11:01:50 INFO  Executed sudo&lt;tedge_pres&gt;, exit status 0
11:01:51 INFO  Executed sudo&lt;kill_out&gt;, exit status 0
11:01:51 INFO  0

11:01:51 WARN  TypeError occurred while running test - 'int' object is not subscriptable
Traceback (most recent call last):
  File "/home/pi/env-pysys/lib/python3.7/site-packages/pysys/baserunner.py", line 1296, in __call__
    self.testObj.validate()
  File "/home/pi/actions-runner/_work/thin-edge.io/thin-edge.io/tests/PySys/monitoring/monitoring_smaller_interval/run.py", line 104, in validate
    collectd_msg_validation_result=self.validate_json(),
  File "/home/pi/actions-runner/_work/thin-edge.io/thin-edge.io/tests/PySys/monitoring/monitoring_smaller_interval/run.py", line 114, in validate_json
    if not self.validate_time():
  File "/home/pi/actions-runner/_work/thin-edge.io/thin-edge.io/tests/PySys/monitoring/monitoring_smaller_interval/run.py", line 134, in validate_time
    if self.js_msg["time"]:
TypeError: 'int' object is not subscriptable
11:01:51 WARN  TypeError: 'int' object is not subscriptable ... blocked 
11:01:51 INFO  
11:01:51 INFO  cleanup:
11:01:51 INFO  monitoring_cleanup
11:01:52 INFO  Executed sudo&lt;collectd_mapper&gt;, exit status 0
11:01:52 INFO  
11:01:52 INFO  Test duration: 14.95 secs
11:01:52 INFO  Test final outcome:  BLOCKED
11:01:52 INFO  Test outcome reason: TypeError: 'int' object is not subscriptable
11:01:52 INFO  
</system-out>
	</testcase>
</testsuite><testsuite name="monitoring_with_collectd" tests="1" errors="0" failures="0" skipped="1" time="0"><testcase classname="MonitoringWithCollectd" name="monitoring_with_collectd">
		<skipped message="SKIPPED: Test execution disabled due to #792 (instable)" />
		<system-out>11:01:52 INFO  ==============================================================
11:01:52 INFO  Id:    monitoring_with_collectd
11:01:52 INFO  Dir:   monitoring/
11:01:52 INFO  Title: Validate tedge dm agent messages that are produced by batching the collectd messages
11:01:52 INFO  ==============================================================
11:01:52 INFO  Test execution disabled due to #792 (instable) ... skipped
11:01:52 INFO  
11:01:52 INFO  Test duration: 0.02 secs
11:01:52 INFO  Test final outcome:  SKIPPED
11:01:52 INFO  Test outcome reason: Test execution disabled due to #792 (instable)
11:01:52 INFO  
</system-out>
	</testcase>
</testsuite><testsuite name="monitoring_with_simulated_messages" tests="1" errors="0" failures="1" skipped="0" time="0"><testcase classname="MonitoringWithSimulatedMessages" name="monitoring_with_simulated_messages">
		<failure message="BLOCKED: TypeError: 'int' object is not subscriptable" type="BLOCKED" />
		<system-out>11:01:52 INFO  ==============================================================
11:01:52 INFO  Id:    monitoring_with_simulated_messages
11:01:52 INFO  Dir:   monitoring/
11:01:52 INFO  Title: Validate the tedge dm agent messages that are produced from the simulated collectd messages
11:01:52 INFO  ==============================================================
11:01:53 INFO  Executed sudo&lt;collectd&gt;, exit status 0
11:01:53 INFO  Executed sudo&lt;collectd_mapper&gt;, exit status 0
11:01:53 INFO  Started sudo&lt;tedge_sub&gt; with process id 15231
11:01:54 INFO  Executed sudo&lt;tedge_temp&gt;, exit status 0
11:01:55 INFO  Executed sudo&lt;tedge_pres&gt;, exit status 0
11:01:56 INFO  Executed sudo&lt;kill_out&gt;, exit status 0
11:01:56 INFO  0

11:01:56 WARN  TypeError occurred while running test - 'int' object is not subscriptable
Traceback (most recent call last):
  File "/home/pi/env-pysys/lib/python3.7/site-packages/pysys/baserunner.py", line 1296, in __call__
    self.testObj.validate()
  File "/home/pi/actions-runner/_work/thin-edge.io/thin-edge.io/tests/PySys/monitoring/monitoring_with_simulated_messages/run.py", line 98, in validate
    collectd_msg_validation_result=self.validate_json(),
  File "/home/pi/actions-runner/_work/thin-edge.io/thin-edge.io/tests/PySys/monitoring/monitoring_with_simulated_messages/run.py", line 108, in validate_json
    if not self.validate_time():
  File "/home/pi/actions-runner/_work/thin-edge.io/thin-edge.io/tests/PySys/monitoring/monitoring_with_simulated_messages/run.py", line 127, in validate_time
    if self.js_msg["time"]:
TypeError: 'int' object is not subscriptable
11:01:56 WARN  TypeError: 'int' object is not subscriptable ... blocked 
11:01:56 INFO  
11:01:56 INFO  cleanup:
11:01:56 INFO  monitoring_cleanup
11:01:57 INFO  Executed sudo&lt;collectd_mapper&gt;, exit status 0
11:01:57 INFO  
11:01:57 INFO  Test duration: 4.49 secs
11:01:57 INFO  Test final outcome:  BLOCKED
11:01:57 INFO  Test outcome reason: TypeError: 'int' object is not subscriptable
11:01:57 INFO  
</system-out>
	</testcase>
</testsuite><testsuite name="mqtt_port_change_connection_fails" tests="1" errors="0" failures="0" skipped="0" time="0"><testcase classname="MqttPortChangeConnectionFails" name="mqtt_port_change_connection_fails" />
</testsuite><testsuite name="mqtt_port_change_connection_works" tests="1" errors="0" failures="0" skipped="1" time="0"><testcase classname="MqttPortChangeConnectionWorks" name="mqtt_port_change_connection_works">
		<skipped message="SKIPPED: failing intermitently" />
		<system-out>11:00:43 INFO  ==============================================================
11:00:43 INFO  Id:    mqtt_port_change_connection_works
11:00:43 INFO  Dir:   misc_features/
11:00:43 INFO  Title: mqtt port change connection works for all the thin-edge services that use the mosquitto broker
11:00:43 INFO  ==============================================================
11:00:43 INFO  failing intermitently ... skipped
11:00:43 INFO  
11:00:43 INFO  Test duration: 0.02 secs
11:00:43 INFO  Test final outcome:  SKIPPED
11:00:43 INFO  Test outcome reason: failing intermitently
11:00:43 INFO  
</system-out>
	</testcase>
</testsuite><testsuite name="mqtt_port_set" tests="1" errors="0" failures="0" skipped="0" time="0"><testcase classname="MqttPortSet" name="mqtt_port_set" />
</testsuite><testsuite name="mqtt_port_unset" tests="1" errors="0" failures="0" skipped="0" time="0"><testcase classname="MqttPortUnSet" name="mqtt_port_unset" />
</testsuite><testsuite name="publish_flux" tests="1" errors="0" failures="0" skipped="0" time="0"><testcase classname="PublishFlux" name="publish_flux" />
</testsuite><testsuite name="publish_sawmill" tests="1" errors="0" failures="0" skipped="0" time="0"><testcase classname="PublishSawmill" name="publish_sawmill" />
</testsuite><testsuite name="runtime_start_two_mappers" tests="1" errors="0" failures="1" skipped="0" time="0"><testcase classname="RuntimeMultiMappers" name="runtime_start_two_mappers">
		<failure message="FAILED: Grep on tedge_mapper2.err contains &quot;Error: Couldn't acquire file lock.&quot;" type="FAILED" />
		<system-out>11:14:44 INFO  ==============================================================
11:14:44 INFO  Id:    runtime_start_two_mappers
11:14:44 INFO  Dir:   tedge_mapper_c8y/
11:14:44 INFO  Title: Validate two mappers can't be started at the same time
11:14:44 INFO  ==============================================================
11:14:44 INFO  Executed sudo&lt;tedge_mapper1&gt;, exit status 0
11:14:44 INFO  Waiting for 0.1 seconds
11:14:45 INFO  Executed sudo&lt;tedge_mapper2&gt;, exit status 1
11:14:46 INFO  Executed sudo&lt;tedge_mapper1&gt;, exit status 0
11:14:46 WARN  Grep on tedge_mapper2.err contains "Error: Couldn't acquire file lock." ... failed [run.py:46]
11:14:46 INFO  
11:14:46 INFO  Test duration: 1.81 secs
11:14:46 INFO  Test final outcome:  FAILED
11:14:46 INFO  Test outcome reason: Grep on tedge_mapper2.err contains "Error: Couldn't acquire file lock."
11:14:46 INFO  
</system-out>
	</testcase>
</testsuite><testsuite name="sm_tedge_mapper_init_session" tests="1" errors="0" failures="0" skipped="0" time="0"><testcase classname="TedgeSMMapperInitSession" name="sm_tedge_mapper_init_session" />
</testsuite><testsuite name="smoketest_json" tests="1" errors="0" failures="0" skipped="0" time="0"><testcase classname="SmokeTestJson" name="smoketest_json" />
</testsuite><testsuite name="smoketest_json_400_samples_10ms" tests="1" errors="0" failures="0" skipped="0" time="0"><testcase classname="SmoketestJson400Samples10ms" name="smoketest_json_400_samples_10ms" />
</testsuite><testsuite name="smoketest_json_400_samples_20ms" tests="1" errors="0" failures="0" skipped="0" time="0"><testcase classname="SmoketestJson400Samples20ms" name="smoketest_json_400_samples_20ms" />
</testsuite><testsuite name="smoketest_smartrest" tests="1" errors="0" failures="0" skipped="0" time="0"><testcase classname="SmoketestSmartRest" name="smoketest_smartrest" />
</testsuite><testsuite name="smoketest_smartrest_400_samples_1Xms" tests="1" errors="0" failures="0" skipped="0" time="0"><testcase classname="SmoketestSmartRest400Samples1Xms" name="smoketest_smartrest_400_samples_1Xms" />
</testsuite><testsuite name="smoketest_smartrest_400_samples_20ms" tests="1" errors="0" failures="0" skipped="0" time="0"><testcase classname="SmoketestSmartRest400Samples20ms" name="smoketest_smartrest_400_samples_20ms" />
</testsuite><testsuite name="tedge_agent_user_sudo_access" tests="1" errors="0" failures="0" skipped="1" time="0"><testcase classname="TedgeAgentUserSudoAccess" name="tedge_agent_user_sudo_access">
		<skipped message="SKIPPED: #955 Observation: Exit code of the apt plugin when called with no arguments" />
		<system-out>11:11:59 INFO  ==============================================================
11:11:59 INFO  Id:    tedge_agent_user_sudo_access
11:11:59 INFO  Dir:   tedge/
11:11:59 INFO  Title: Validate tedge-agent user has a limited sudo right
11:11:59 INFO  ==============================================================
11:11:59 INFO  #955 Observation: Exit code of the apt plugin when called with no arguments ... skipped
11:11:59 INFO  
11:11:59 INFO  Test duration: 0.02 secs
11:11:59 INFO  Test final outcome:  SKIPPED
11:11:59 INFO  Test outcome reason: #955 Observation: Exit code of the apt plugin when called with no arguments
11:11:59 INFO  
</system-out>
	</testcase>
</testsuite><testsuite name="tedge_connect_test_negative" tests="1" errors="0" failures="0" skipped="0" time="0"><testcase classname="TedgeConnectTestNegative" name="tedge_connect_test_negative" />
</testsuite><testsuite name="tedge_connect_test_positive" tests="1" errors="0" failures="0" skipped="0" time="0"><testcase classname="TedgeConnectTestPositive" name="tedge_connect_test_positive" />
</testsuite><testsuite name="tedge_connect_test_sm_services" tests="1" errors="0" failures="0" skipped="0" time="0"><testcase classname="TedgeConnectTestSMServices" name="tedge_connect_test_sm_services" />
</testsuite><testsuite name="tedge_disconnect_test_sm_services" tests="1" errors="0" failures="0" skipped="0" time="0"><testcase classname="TedgeDisConnectTestSMServices" name="tedge_disconnect_test_sm_services" />
</testsuite><testsuite name="tedge_mapper_az_negative" tests="1" errors="0" failures="0" skipped="0" time="0"><testcase classname="TedgeMapperAzError" name="tedge_mapper_az_negative" />
</testsuite><testsuite name="tedge_mapper_az_with_timestamp" tests="1" errors="0" failures="0" skipped="0" time="0"><testcase classname="TedgeMapperAzWithTimestamp" name="tedge_mapper_az_with_timestamp" />
</testsuite><testsuite name="tedge_mapper_az_without_timestamp" tests="1" errors="0" failures="0" skipped="0" time="0"><testcase classname="TedgeMapperAzWithoutTimestamp" name="tedge_mapper_az_without_timestamp" />
</testsuite><testsuite name="tedge_mapper_c8y_alarms" tests="1" errors="0" failures="0" skipped="0" time="0"><testcase classname="TedgeMapperC8yAlarm" name="tedge_mapper_c8y_alarms" />
</testsuite><testsuite name="tedge_mapper_c8y_child_device_measurement" tests="1" errors="0" failures="0" skipped="0" time="0"><testcase classname="TedgeMapperC8yChildDevice" name="tedge_mapper_c8y_child_device_measurement" />
</testsuite><testsuite name="tedge_mapper_c8y_packet_threshold_size" tests="1" errors="0" failures="1" skipped="0" time="0"><testcase classname="TedgeMapperC8yThresholdPacketSize" name="tedge_mapper_c8y_packet_threshold_size">
		<failure message="FAILED: Grep on tedge_sub.out contains &quot;The size of the message received on tedge/measurements is 20489 which is greater than the threshold size of 16184.&quot;" type="FAILED" />
		<system-out>11:16:20 INFO  ==============================================================
11:16:20 INFO  Id:    tedge_mapper_c8y_packet_threshold_size
11:16:20 INFO  Dir:   tedge_mapper_c8y/
11:16:20 INFO  Title: Validate the Cumulocity Mapper accepted threshold packet size when it receives a message on tedge/measurements
11:16:20 INFO  ==============================================================
11:16:21 INFO  Executed sudo&lt;tedge_mapper_c8y&gt;, exit status 0
11:16:21 INFO  Started sudo&lt;tedge_sub&gt; with process id 19635
11:16:21 INFO  Executed sudo&lt;tedge_msg&gt;, exit status 0
11:16:22 INFO  Executed sudo&lt;tedge_pub&gt;, exit status 0
11:16:22 INFO  Executed sudo&lt;kill_out&gt;, exit status 0
11:16:22 WARN  Grep on tedge_sub.out contains "The size of the message received on tedge/measurements is 20489 which is greater than the threshold size of 16184." ... failed [run.py:88]
11:16:22 INFO  
11:16:22 INFO  cleanup:
11:16:22 INFO  mapper_cleanup
11:16:23 INFO  Executed sudo&lt;tedge_mapper_c8y&gt;, exit status 0
11:16:23 INFO  
11:16:23 INFO  Test duration: 3.00 secs
11:16:23 INFO  Test final outcome:  FAILED
11:16:23 INFO  Test outcome reason: Grep on tedge_sub.out contains "The size of the message received on tedge/measurements is 20489 which is greater than the threshold size of 16184."
11:16:23 INFO  
</system-out>
	</testcase>
</testsuite><testsuite name="tedge_software_update" tests="1" errors="0" failures="0" skipped="0" time="0"><testcase classname="PySysTest" name="tedge_software_update" />
</testsuite><testsuite name="valid_device_id" tests="1" errors="0" failures="0" skipped="0" time="0"><testcase classname="ValidateValidDeviceId" name="valid_device_id" />
</testsuite></testsuites>