<?xml version='1.0' encoding='utf-8'?>
<testsuites tests="139" failures="20" errors="0" skipped="45" time="0.0"><testsuite name="SoftwareManagement.Plugin.apama_plugin_install" tests="3" errors="0" failures="0" skipped="1" time="0"><testcase classname="ApamaPluginInstallTest" name="SoftwareManagement.Plugin.apama_plugin_install">
		<skipped message="SKIPPED: Apama plugin tests are disabled by default. Execute `pysys run` with `-XmyPlatform=container` to run these tests" />
		<system-out>09:22:06 INFO  ==============================================================
09:22:06 INFO  Id:    SoftwareManagement.Plugin.apama_plugin_install
09:22:06 INFO  Dir:   plugin_apama/
09:22:06 INFO  Title: Validate apama plugin install
09:22:06 INFO  ==============================================================
09:22:06 INFO  Apama plugin tests are disabled by default. Execute `pysys run` with `-XmyPlatform=container` to run these tests ... skipped
09:22:06 WARN  Aborted test due to SKIPPED outcome
09:22:06 INFO  
09:22:06 INFO  Test duration: 0.05 secs
09:22:06 INFO  Test final outcome:  SKIPPED
09:22:06 INFO  Test outcome reason: Apama plugin tests are disabled by default. Execute `pysys run` with `-XmyPlatform=container` to run these tests
09:22:06 INFO  
</system-out>
	</testcase>
<testcase classname="ApamaPluginInstallTest" name="SoftwareManagement.Plugin.apama_plugin_install" />
<testcase classname="ApamaPluginInstallTest" name="SoftwareManagement.Plugin.apama_plugin_install" />
</testsuite><testsuite name="SoftwareManagement.Plugin.apama_plugin_mon_support" tests="3" errors="0" failures="0" skipped="1" time="0"><testcase classname="ApamaPluginMonSupportTest" name="SoftwareManagement.Plugin.apama_plugin_mon_support">
		<skipped message="SKIPPED: Apama plugin tests are disabled by default. Execute `pysys run` with `-XmyPlatform=container` to run these tests" />
		<system-out>09:22:06 INFO  ==============================================================
09:22:06 INFO  Id:    SoftwareManagement.Plugin.apama_plugin_mon_support
09:22:06 INFO  Dir:   plugin_apama/
09:22:06 INFO  Title: Validate mon file support of apama plugin
09:22:06 INFO  ==============================================================
09:22:06 INFO  Apama plugin tests are disabled by default. Execute `pysys run` with `-XmyPlatform=container` to run these tests ... skipped
09:22:06 WARN  Aborted test due to SKIPPED outcome
09:22:06 INFO  
09:22:06 INFO  Test duration: 0.02 secs
09:22:06 INFO  Test final outcome:  SKIPPED
09:22:06 INFO  Test outcome reason: Apama plugin tests are disabled by default. Execute `pysys run` with `-XmyPlatform=container` to run these tests
09:22:06 INFO  
</system-out>
	</testcase>
<testcase classname="ApamaPluginMonSupportTest" name="SoftwareManagement.Plugin.apama_plugin_mon_support" />
<testcase classname="ApamaPluginMonSupportTest" name="SoftwareManagement.Plugin.apama_plugin_mon_support" />
</testsuite><testsuite name="SoftwareManagement.Plugin.apama_plugin_remove" tests="3" errors="0" failures="0" skipped="1" time="0"><testcase classname="ApamaPluginRemoveTest" name="SoftwareManagement.Plugin.apama_plugin_remove">
		<skipped message="SKIPPED: Apama plugin tests are disabled by default. Execute `pysys run` with `-XmyPlatform=container` to run these tests" />
		<system-out>09:22:06 INFO  ==============================================================
09:22:06 INFO  Id:    SoftwareManagement.Plugin.apama_plugin_remove
09:22:06 INFO  Dir:   plugin_apama/
09:22:06 INFO  Title: Validate apama plugin remove
09:22:06 INFO  ==============================================================
09:22:06 INFO  Apama plugin tests are disabled by default. Execute `pysys run` with `-XmyPlatform=container` to run these tests ... skipped
09:22:06 WARN  Aborted test due to SKIPPED outcome
09:22:06 INFO  
09:22:06 INFO  Test duration: 0.02 secs
09:22:06 INFO  Test final outcome:  SKIPPED
09:22:06 INFO  Test outcome reason: Apama plugin tests are disabled by default. Execute `pysys run` with `-XmyPlatform=container` to run these tests
09:22:06 INFO  
</system-out>
	</testcase>
<testcase classname="ApamaPluginRemoveTest" name="SoftwareManagement.Plugin.apama_plugin_remove" />
<testcase classname="ApamaPluginRemoveTest" name="SoftwareManagement.Plugin.apama_plugin_remove" />
</testsuite><testsuite name="SoftwareManagement.Plugin.apama_plugin_update" tests="3" errors="0" failures="2" skipped="1" time="0"><testcase classname="ApamaPluginUpdateTest" name="SoftwareManagement.Plugin.apama_plugin_update">
		<skipped message="SKIPPED: Apama plugin tests are disabled by default. Execute `pysys run` with `-XmyPlatform=container` to run these tests" />
		<system-out>09:22:06 INFO  ==============================================================
09:22:06 INFO  Id:    SoftwareManagement.Plugin.apama_plugin_update
09:22:06 INFO  Dir:   plugin_apama/
09:22:06 INFO  Title: Validate apama plugin updating one project with another
09:22:06 INFO  ==============================================================
09:22:06 INFO  Apama plugin tests are disabled by default. Execute `pysys run` with `-XmyPlatform=container` to run these tests ... skipped
09:22:06 WARN  Aborted test due to SKIPPED outcome
09:22:06 INFO  
09:22:06 INFO  Test duration: 0.03 secs
09:22:06 INFO  Test final outcome:  SKIPPED
09:22:06 INFO  Test outcome reason: Apama plugin tests are disabled by default. Execute `pysys run` with `-XmyPlatform=container` to run these tests
09:22:06 INFO  
</system-out>
	</testcase>
<testcase classname="ApamaPluginUpdateTest" name="SoftwareManagement.Plugin.apama_plugin_update">
		<failure message="BLOCKED: sudo&lt;plugin_install&gt; returned non-zero exit code 2" type="BLOCKED" />
		<system-out>10:01:18 INFO  ==============================================================
10:01:18 INFO  Id:    SoftwareManagement.Plugin.apama_plugin_update
10:01:18 INFO  Dir:   plugin_apama/
10:01:18 INFO  Title: Validate apama plugin updating one project with another
10:01:18 INFO  ==============================================================
10:01:18 INFO  Assertion that path exists=False for "/etc/tedge/apama/project" ... passed
10:01:18 INFO  Executed sudo&lt;create_project_dir&gt;, exit status 0
10:01:19 INFO  Executed sudo&lt;unzip_apama_project&gt;, exit status 0
10:01:19 INFO  Executed sudo&lt;move_apama_project&gt;, exit status 0
10:01:20 INFO  Executed sudo&lt;restart_apama_service&gt;, exit status 0
10:01:21 INFO  Executed sudo&lt;apama_correlator_wait&gt;, exit status 0
10:01:21 INFO  Assertion that path exists=True for "/etc/tedge/apama/project" ... passed
10:01:22 INFO  Executed sudo&lt;apama_list_monitors&gt;, exit status 0
10:01:22 INFO  Grep on file /home/pi/actions-runner/_work/thin-edge.io/thin-edge.io/tests/PySys/plugin_apama/apama_plugin_update/Output/linux/apama_list_monitors.out ... passed
10:01:22 WARN  Executed sudo&lt;plugin_install&gt;, exit status 2
10:01:22 INFO  Contents of plugin_install.err: 
  ERROR: Directory not empty (os error 39)
  -----

10:01:23 WARN  sudo&lt;plugin_install&gt; returned non-zero exit code 2 ... blocked [run.py:35]
10:01:23 WARN  Aborted test due to BLOCKED outcome
10:01:23 INFO  
10:01:23 INFO  cleanup:
10:01:23 INFO  Removing apama project
10:01:38 INFO  Executed sudo&lt;stop_apama_service&gt;, exit status 0, duration 15 secs
10:01:38 INFO  Executed sudo&lt;remove_apama_project&gt;, exit status 0
10:01:39 INFO  Executed sudo&lt;remove_apama_tmp_dir&gt;, exit status 0
10:01:39 INFO  
10:01:39 INFO  Test duration: 21.11 secs
10:01:39 INFO  Test final outcome:  BLOCKED
10:01:39 INFO  Test outcome reason: sudo&lt;plugin_install&gt; returned non-zero exit code 2
10:01:39 INFO  
</system-out>
	</testcase>
<testcase classname="ApamaPluginUpdateTest" name="SoftwareManagement.Plugin.apama_plugin_update">
		<failure message="BLOCKED: sudo&lt;plugin_install&gt; returned non-zero exit code 2" type="BLOCKED" />
		<system-out>10:09:53 INFO  ==============================================================
10:09:53 INFO  Id:    SoftwareManagement.Plugin.apama_plugin_update
10:09:53 INFO  Dir:   plugin_apama/
10:09:53 INFO  Title: Validate apama plugin updating one project with another
10:09:53 INFO  ==============================================================
10:09:53 INFO  Assertion that path exists=False for "/etc/tedge/apama/project" ... passed
10:09:54 INFO  Executed sudo&lt;create_project_dir&gt;, exit status 0
10:09:54 INFO  Executed sudo&lt;unzip_apama_project&gt;, exit status 0
10:09:55 INFO  Executed sudo&lt;move_apama_project&gt;, exit status 0
10:09:56 INFO  Executed sudo&lt;restart_apama_service&gt;, exit status 0
10:09:56 INFO  Executed sudo&lt;apama_correlator_wait&gt;, exit status 0
10:09:56 INFO  Assertion that path exists=True for "/etc/tedge/apama/project" ... passed
10:09:57 INFO  Executed sudo&lt;apama_list_monitors&gt;, exit status 0
10:09:57 INFO  Grep on file /home/pi/actions-runner/_work/thin-edge.io/thin-edge.io/tests/PySys/plugin_apama/apama_plugin_update/Output/linux/apama_list_monitors.out ... passed
10:09:58 WARN  Executed sudo&lt;plugin_install&gt;, exit status 2
10:09:58 INFO  Contents of plugin_install.err: 
  ERROR: Directory not empty (os error 39)
  -----

10:09:58 WARN  sudo&lt;plugin_install&gt; returned non-zero exit code 2 ... blocked [run.py:35]
10:09:58 WARN  Aborted test due to BLOCKED outcome
10:09:58 INFO  
10:09:58 INFO  cleanup:
10:09:58 INFO  Removing apama project
10:10:13 INFO  Executed sudo&lt;stop_apama_service&gt;, exit status 0, duration 15 secs
10:10:14 INFO  Executed sudo&lt;remove_apama_project&gt;, exit status 0
10:10:14 INFO  Executed sudo&lt;remove_apama_tmp_dir&gt;, exit status 0
10:10:14 INFO  
10:10:14 INFO  Test duration: 21.23 secs
10:10:14 INFO  Test final outcome:  BLOCKED
10:10:14 INFO  Test outcome reason: sudo&lt;plugin_install&gt; returned non-zero exit code 2
10:10:14 INFO  
</system-out>
	</testcase>
</testsuite><testsuite name="SoftwareManagement.sm_apt_install_download_path" tests="3" errors="0" failures="2" skipped="1" time="0"><testcase classname="AptInstallWithDownloadPath" name="SoftwareManagement.sm_apt_install_download_path">
		<skipped message="SKIPPED: Testing the apt plugin is not supported on this platform.Use parameter -XmyPlatform='container' to enable it" />
		<system-out>09:31:42 INFO  ==============================================================
09:31:42 INFO  Id:    SoftwareManagement.sm_apt_install_download_path
09:31:42 INFO  Dir:   software_management_end_to_end/
09:31:42 INFO  Title: Install package to directory specified in tedge config set tmp.path
09:31:42 INFO  ==============================================================
09:31:42 INFO  Testing the apt plugin is not supported on this platform.Use parameter -XmyPlatform='container' to enable it ... skipped
09:31:42 WARN  Aborted test due to SKIPPED outcome
09:31:42 INFO  
09:31:42 INFO  Test duration: 0.07 secs
09:31:42 INFO  Test final outcome:  SKIPPED
09:31:42 INFO  Test outcome reason: Testing the apt plugin is not supported on this platform.Use parameter -XmyPlatform='container' to enable it
09:31:42 INFO  
</system-out>
	</testcase>
<testcase classname="AptInstallWithDownloadPath" name="SoftwareManagement.sm_apt_install_download_path">
		<failure message="BLOCKED: SystemError: The Sofware list is empty !!!" type="BLOCKED" />
		<system-out>09:55:19 INFO  ==============================================================
09:55:19 INFO  Id:    SoftwareManagement.sm_apt_install_download_path
09:55:19 INFO  Dir:   software_management_end_to_end/
09:55:19 INFO  Title: Install package to directory specified in tedge config set tmp.path
09:55:19 INFO  ==============================================================
09:55:19 INFO  Using sw id database: {'asciijump': '5475369', 'robotfindskitten': '5474869', 'squirrel3': '5475279', 'rolldice': '5152439', 'moon-buggy': '5439204', 'apple': '5495053', 'banana': '5494888', 'cherry': '5495382', 'watermelon': '5494510', 'registry': '8018911', 'hello-world': '8021526', 'docker/getting-started': '8021973', 'alpine': '7991792'}
09:55:19 INFO  EnvironmentC8y Setup
09:55:20 INFO  Executed systemctl&lt;serv_mapper1&gt;, exit status 3
09:55:34 INFO  Executed sudo&lt;tedge_connect_c8y&gt;, exit status 0, duration 14 secs
09:55:36 INFO  Executed sudo&lt;tedge_connect_c8y_test&gt;, exit status 0
09:55:37 INFO  Executed systemctl&lt;serv_mosq2&gt;, exit status 0
09:55:38 INFO  Executed systemctl&lt;serv_mapper3&gt;, exit status 0
09:55:40 ERROR No operations found, assuming it passed
09:55:40 WARN  SystemError occurred while running test - The Sofware list is empty !!!
Traceback (most recent call last):
  File "/home/pi/env-pysys/lib/python3.7/site-packages/pysys/baserunner.py", line 1292, in __call__
    self.testObj.setup()
  File "/home/pi/actions-runner/_work/thin-edge.io/thin-edge.io/tests/PySys/software_management_end_to_end/sm_apt_install_download_path/run.py", line 49, in setup
    self.assertThat("False == value", value=self.check_is_installed("rolldice"))
  File "/home/pi/actions-runner/_work/thin-edge.io/thin-edge.io/tests/PySys/software_management_end_to_end/environment_sm_management.py", line 399, in check_is_installed
    raise SystemError("The Sofware list is empty !!!")
SystemError: The Sofware list is empty !!!
09:55:41 WARN  SystemError: The Sofware list is empty !!! ... blocked 
09:55:41 INFO  
09:55:41 INFO  cleanup:
09:55:41 INFO  Executed sudo, exit status 0
09:55:42 INFO  Executed sudo, exit status 0
09:55:46 INFO  Executed sudo&lt;tedge_disconnect_c8y&gt;, exit status 0
09:55:46 INFO  Restarting mosquitto too frequently in the last 10 seconds. It was only up for 3 seconds
09:55:46 INFO  Delaying execution by 8 seconds
09:56:08 INFO  Executed sudo&lt;tedge_connect_c8y&gt;, exit status 0, duration 13 secs
09:56:12 INFO  Executed sudo&lt;tedge_disconnect_c8y&gt;, exit status 0
09:56:13 INFO  Executed systemctl&lt;serv_mapper5&gt;, exit status 3
09:56:13 INFO  
09:56:13 INFO  Test duration: 53.43 secs
09:56:13 INFO  Test final outcome:  BLOCKED
09:56:13 INFO  Test outcome reason: SystemError: The Sofware list is empty !!!
09:56:13 INFO  
</system-out>
	</testcase>
<testcase classname="AptInstallWithDownloadPath" name="SoftwareManagement.sm_apt_install_download_path">
		<failure message="BLOCKED: AssertionError:" type="BLOCKED" />
		<system-out>10:10:14 INFO  ==============================================================
10:10:14 INFO  Id:    SoftwareManagement.sm_apt_install_download_path
10:10:14 INFO  Dir:   software_management_end_to_end/
10:10:14 INFO  Title: Install package to directory specified in tedge config set tmp.path
10:10:14 INFO  ==============================================================
10:10:16 INFO  Using sw id database: {'asciijump': '5475369', 'robotfindskitten': '5474869', 'squirrel3': '5475279', 'rolldice': '5152439', 'moon-buggy': '5439204', 'apple': '5495053', 'banana': '5494888', 'cherry': '5495382', 'watermelon': '5494510', 'registry': '8018911', 'hello-world': '8021526', 'docker/getting-started': '8021973', 'alpine': '7991792'}
10:10:16 INFO  EnvironmentC8y Setup
10:10:16 INFO  Executed systemctl&lt;serv_mapper1&gt;, exit status 3
10:10:30 INFO  Executed sudo&lt;tedge_connect_c8y&gt;, exit status 0, duration 14 secs
10:10:31 INFO  Executed sudo&lt;tedge_connect_c8y_test&gt;, exit status 0
10:10:32 INFO  Executed systemctl&lt;serv_mosq2&gt;, exit status 0
10:10:32 INFO  Executed systemctl&lt;serv_mapper3&gt;, exit status 0
10:10:34 INFO  State of current operation: SUCCESSFUL
10:10:35 INFO  Assert that (False == value) with value=False ... passed
10:10:35 INFO  Executed sudo, exit status 0
10:10:36 INFO  Executed sudo, exit status 0
10:10:36 INFO  Executed sudo, exit status 0
10:10:40 INFO  Executed sudo&lt;tedge_disconnect_c8y&gt;, exit status 0
10:10:40 INFO  Restarting mosquitto too frequently in the last 10 seconds. It was only up for 3 seconds
10:10:40 INFO  Delaying execution by 8 seconds
10:11:02 INFO  Executed sudo&lt;tedge_connect_c8y&gt;, exit status 0, duration 13 secs
10:11:03 INFO  Response status: 201
10:11:03 INFO  Response to action: {
    "creationTime": "2022-07-22T10:11:02.876Z",
    "deviceId": "21261801",
    "deviceName": "m32sd10d",
    "self": "https://t493319102.eu-latest.cumulocity.com/devicecontrol/operations/21274859",
    "id": "21274859",
    "status": "PENDING",
    "description": "Apply software changes, triggered from PySys: [{'name': 'rolldice', 'id': '5152439', 'version': '::apt', 'url': 'https://thin-edge-io.eu-latest.cumulocity.com/inventory/binaries/12435463', 'action': 'install'}]",
    "c8y_SoftwareUpdate": [
        {
            "name": "rolldice",
            "action": "install",
            "id": "5152439",
            "version": "::apt",
            "url": "https://thin-edge-io.eu-latest.cumulocity.com/inventory/binaries/12435463"
        }
    ]
}
10:11:03 INFO  Started operation: {'creationTime': '2022-07-22T10:11:02.876Z', 'deviceId': '21261801', 'deviceName': 'm32sd10d', 'self': 'https://t493319102.eu-latest.cumulocity.com/devicecontrol/operations/21274859', 'id': '21274859', 'status': 'PENDING', 'description': "Apply software changes, triggered from PySys: [{'name': 'rolldice', 'id': '5152439', 'version': '::apt', 'url': 'https://thin-edge-io.eu-latest.cumulocity.com/inventory/binaries/12435463', 'action': 'install'}]", 'c8y_SoftwareUpdate': [{'name': 'rolldice', 'action': 'install', 'id': '5152439', 'version': '::apt', 'url': 'https://thin-edge-io.eu-latest.cumulocity.com/inventory/binaries/12435463'}]}
10:11:03 WARN  , retrying in 0.5 seconds...
10:11:03 WARN  , retrying in 0.5 seconds...
10:11:04 WARN  , retrying in 0.5 seconds...
10:11:04 WARN  , retrying in 0.5 seconds...
10:11:05 WARN  , retrying in 0.5 seconds...
10:11:05 WARN  , retrying in 0.5 seconds...
10:11:06 WARN  , retrying in 0.5 seconds...
10:11:06 WARN  , retrying in 0.5 seconds...
10:11:07 WARN  , retrying in 0.5 seconds...
10:11:07 WARN  AssertionError occurred while running test - 
Traceback (most recent call last):
  File "/home/pi/env-pysys/lib/python3.7/site-packages/pysys/baserunner.py", line 1294, in __call__
    self.testObj.execute()
  File "/home/pi/actions-runner/_work/thin-edge.io/thin-edge.io/tests/PySys/software_management_end_to_end/sm_apt_install_download_path/run.py", line 83, in execute
    assert_install_in_download_path(install_directory=self.DOWNLOAD_DIR)
  File "/home/pi/env-pysys/lib/python3.7/site-packages/decorator.py", line 232, in fun
    return caller(func, *(extras + args), **kw)
  File "/home/pi/env-pysys/lib/python3.7/site-packages/retry/api.py", line 74, in retry_decorator
    logger)
  File "/home/pi/env-pysys/lib/python3.7/site-packages/retry/api.py", line 33, in __retry_internal
    return f()
  File "/home/pi/actions-runner/_work/thin-edge.io/thin-edge.io/tests/PySys/software_management_end_to_end/sm_apt_install_download_path/run.py", line 28, in assert_install_in_download_path
    assert "rolldice" in os.listdir(f"{install_directory}")
AssertionError
10:11:07 WARN  AssertionError: ... blocked 
10:11:07 INFO  
10:11:07 INFO  cleanup:
10:11:08 INFO  Executed sudo, exit status 0
10:11:08 INFO  Executed sudo, exit status 0
10:11:13 INFO  Executed sudo&lt;tedge_disconnect_c8y&gt;, exit status 0
10:11:13 INFO  Restarting mosquitto too frequently in the last 10 seconds. It was only up for 4 seconds
10:11:13 INFO  Delaying execution by 7 seconds
10:11:34 INFO  Executed sudo&lt;tedge_connect_c8y&gt;, exit status 0, duration 14 secs
10:11:38 INFO  Executed sudo&lt;tedge_disconnect_c8y&gt;, exit status 0
10:11:39 INFO  Executed systemctl&lt;serv_mapper5&gt;, exit status 3
10:11:39 INFO  
10:11:39 INFO  Test duration: 84.34 secs
10:11:39 INFO  Test final outcome:  BLOCKED
10:11:39 INFO  Test outcome reason: AssertionError:
10:11:39 INFO  
</system-out>
	</testcase>
</testsuite><testsuite name="SoftwareManagement.sm_apt_install_fail" tests="3" errors="0" failures="1" skipped="1" time="0"><testcase classname="PySysTest" name="SoftwareManagement.sm_apt_install_fail">
		<skipped message="SKIPPED: Testing the apt plugin is not supported on this platform.Use parameter -XmyPlatform='container' to enable it" />
		<system-out>09:31:42 INFO  ==============================================================
09:31:42 INFO  Id:    SoftwareManagement.sm_apt_install_fail
09:31:42 INFO  Dir:   software_management_end_to_end/
09:31:42 INFO  Title: Validate end to end behaviour for a failing installation
09:31:42 INFO  ==============================================================
09:31:42 INFO  Testing the apt plugin is not supported on this platform.Use parameter -XmyPlatform='container' to enable it ... skipped
09:31:42 WARN  Aborted test due to SKIPPED outcome
09:31:42 INFO  
09:31:42 INFO  Test duration: 0.02 secs
09:31:42 INFO  Test final outcome:  SKIPPED
09:31:42 INFO  Test outcome reason: Testing the apt plugin is not supported on this platform.Use parameter -XmyPlatform='container' to enable it
09:31:42 INFO  
</system-out>
	</testcase>
<testcase classname="PySysTest" name="SoftwareManagement.sm_apt_install_fail">
		<failure message="BLOCKED: SystemError: The Sofware list is empty !!!" type="BLOCKED" />
		<system-out>09:56:13 INFO  ==============================================================
09:56:13 INFO  Id:    SoftwareManagement.sm_apt_install_fail
09:56:13 INFO  Dir:   software_management_end_to_end/
09:56:13 INFO  Title: Validate end to end behaviour for a failing installation
09:56:13 INFO  ==============================================================
09:56:13 INFO  Using sw id database: {'asciijump': '5475369', 'robotfindskitten': '5474869', 'squirrel3': '5475279', 'rolldice': '5152439', 'moon-buggy': '5439204', 'apple': '5495053', 'banana': '5494888', 'cherry': '5495382', 'watermelon': '5494510', 'registry': '8018911', 'hello-world': '8021526', 'docker/getting-started': '8021973', 'alpine': '7991792'}
09:56:13 INFO  EnvironmentC8y Setup
09:56:13 INFO  Executed systemctl&lt;serv_mapper1&gt;, exit status 3
09:56:13 INFO  Restarting mosquitto too frequently in the last 10 seconds. It was only up for 4 seconds
09:56:13 INFO  Delaying execution by 7 seconds
09:56:34 INFO  Executed sudo&lt;tedge_connect_c8y&gt;, exit status 0, duration 13 secs
09:56:35 INFO  Executed sudo&lt;tedge_connect_c8y_test&gt;, exit status 0
09:56:35 INFO  Executed systemctl&lt;serv_mosq2&gt;, exit status 0
09:56:36 INFO  Executed systemctl&lt;serv_mapper3&gt;, exit status 0
09:56:38 ERROR No operations found, assuming it passed
09:56:38 INFO  Response status: 201
09:56:38 INFO  Response to action: {
    "delivery": {
        "log": [],
        "time": "2022-07-22T09:56:38.728Z",
        "status": "PENDING"
    },
    "creationTime": "2022-07-22T09:56:38.653Z",
    "deviceId": "21261801",
    "deviceName": "m32sd10d",
    "self": "https://t493319102.eu-latest.cumulocity.com/devicecontrol/operations/21274761",
    "id": "21274761",
    "status": "PENDING",
    "description": "Apply software changes, triggered from PySys: [{'name': 'does_not_exist', 'id': '5446165', 'version': '::apt', 'url': '', 'action': 'install'}]",
    "c8y_SoftwareUpdate": [
        {
            "name": "does_not_exist",
            "action": "install",
            "id": "5446165",
            "version": "::apt",
            "url": ""
        }
    ]
}
09:56:38 INFO  Started operation: {'delivery': {'log': [], 'time': '2022-07-22T09:56:38.728Z', 'status': 'PENDING'}, 'creationTime': '2022-07-22T09:56:38.653Z', 'deviceId': '21261801', 'deviceName': 'm32sd10d', 'self': 'https://t493319102.eu-latest.cumulocity.com/devicecontrol/operations/21274761', 'id': '21274761', 'status': 'PENDING', 'description': "Apply software changes, triggered from PySys: [{'name': 'does_not_exist', 'id': '5446165', 'version': '::apt', 'url': '', 'action': 'install'}]", 'c8y_SoftwareUpdate': [{'name': 'does_not_exist', 'action': 'install', 'id': '5446165', 'version': '::apt', 'url': ''}]}
09:56:41 INFO  State of operation 21274761 : PENDING
09:56:43 INFO  State of operation 21274761 : EXECUTING
09:56:45 INFO  State of operation 21274761 : EXECUTING
09:56:47 INFO  State of operation 21274761 : EXECUTING
09:56:49 INFO  State of operation 21274761 : EXECUTING
09:56:52 INFO  State of operation 21274761 : EXECUTING
09:56:55 INFO  State of operation 21274761 : EXECUTING
09:56:57 INFO  State of operation 21274761 : EXECUTING
09:57:00 INFO  State of operation 21274761 : EXECUTING
09:57:02 INFO  State of operation 21274761 : EXECUTING
09:57:04 INFO  State of operation 21274761 : EXECUTING
09:57:06 INFO  State of operation 21274761 : EXECUTING
09:57:09 INFO  State of operation 21274761 : EXECUTING
09:57:11 INFO  State of operation 21274761 : EXECUTING
09:57:13 INFO  State of operation 21274761 : EXECUTING
09:57:16 INFO  State of operation 21274761 : EXECUTING
09:57:18 INFO  State of operation 21274761 : EXECUTING
09:57:21 INFO  State of operation 21274761 : EXECUTING
09:57:23 INFO  State of operation 21274761 : EXECUTING
09:57:25 INFO  State of operation 21274761 : EXECUTING
09:57:28 INFO  State of operation 21274761 : FAILED
09:57:28 WARN  SystemError occurred while running test - The Sofware list is empty !!!
Traceback (most recent call last):
  File "/home/pi/env-pysys/lib/python3.7/site-packages/pysys/baserunner.py", line 1296, in __call__
    self.testObj.validate()
  File "/home/pi/actions-runner/_work/thin-edge.io/thin-edge.io/tests/PySys/software_management_end_to_end/sm_apt_install_fail/run.py", line 31, in validate
    "False == value", value=self.check_is_installed("does_not_exist")
  File "/home/pi/actions-runner/_work/thin-edge.io/thin-edge.io/tests/PySys/software_management_end_to_end/environment_sm_management.py", line 399, in check_is_installed
    raise SystemError("The Sofware list is empty !!!")
SystemError: The Sofware list is empty !!!
09:57:28 WARN  SystemError: The Sofware list is empty !!! ... blocked 
09:57:28 INFO  
09:57:28 INFO  cleanup:
09:57:32 INFO  Executed sudo&lt;tedge_disconnect_c8y&gt;, exit status 0
09:57:32 INFO  Executed systemctl&lt;serv_mapper5&gt;, exit status 3
09:57:32 INFO  
09:57:32 INFO  Test duration: 79.74 secs
09:57:32 INFO  Test final outcome:  BLOCKED
09:57:32 INFO  Test outcome reason: SystemError: The Sofware list is empty !!!
09:57:32 INFO  
</system-out>
	</testcase>
<testcase classname="PySysTest" name="SoftwareManagement.sm_apt_install_fail" />
</testsuite><testsuite name="SoftwareManagement.sm_apt_install_remove" tests="3" errors="0" failures="1" skipped="1" time="0"><testcase classname="PySysTest" name="SoftwareManagement.sm_apt_install_remove">
		<skipped message="SKIPPED: Testing the apt plugin is not supported on this platform.Use parameter -XmyPlatform='container' to enable it" />
		<system-out>09:31:42 INFO  ==============================================================
09:31:42 INFO  Id:    SoftwareManagement.sm_apt_install_remove
09:31:42 INFO  Dir:   software_management_end_to_end/
09:31:42 INFO  Title: Validate end to end behaviour for the apt plugin for installation and removal of packages
09:31:42 INFO  ==============================================================
09:31:42 INFO  Testing the apt plugin is not supported on this platform.Use parameter -XmyPlatform='container' to enable it ... skipped
09:31:42 WARN  Aborted test due to SKIPPED outcome
09:31:42 INFO  
09:31:42 INFO  Test duration: 0.02 secs
09:31:42 INFO  Test final outcome:  SKIPPED
09:31:42 INFO  Test outcome reason: Testing the apt plugin is not supported on this platform.Use parameter -XmyPlatform='container' to enable it
09:31:42 INFO  
</system-out>
	</testcase>
<testcase classname="PySysTest" name="SoftwareManagement.sm_apt_install_remove">
		<failure message="BLOCKED: SystemError: The Sofware list is empty !!!" type="BLOCKED" />
		<system-out>09:57:32 INFO  ==============================================================
09:57:32 INFO  Id:    SoftwareManagement.sm_apt_install_remove
09:57:32 INFO  Dir:   software_management_end_to_end/
09:57:32 INFO  Title: Validate end to end behaviour for the apt plugin for installation and removal of packages
09:57:32 INFO  ==============================================================
09:57:32 INFO  Using sw id database: {'asciijump': '5475369', 'robotfindskitten': '5474869', 'squirrel3': '5475279', 'rolldice': '5152439', 'moon-buggy': '5439204', 'apple': '5495053', 'banana': '5494888', 'cherry': '5495382', 'watermelon': '5494510', 'registry': '8018911', 'hello-world': '8021526', 'docker/getting-started': '8021973', 'alpine': '7991792'}
09:57:32 INFO  EnvironmentC8y Setup
09:57:33 INFO  Executed systemctl&lt;serv_mapper1&gt;, exit status 3
09:57:33 INFO  Restarting mosquitto too frequently in the last 10 seconds. It was only up for 4 seconds
09:57:33 INFO  Delaying execution by 7 seconds
09:57:54 INFO  Executed sudo&lt;tedge_connect_c8y&gt;, exit status 0, duration 13 secs
09:57:55 INFO  Executed sudo&lt;tedge_connect_c8y_test&gt;, exit status 0
09:57:55 INFO  Executed systemctl&lt;serv_mosq2&gt;, exit status 0
09:57:56 INFO  Executed systemctl&lt;serv_mapper3&gt;, exit status 0
09:57:58 INFO  State of current operation: FAILED
09:57:58 WARN  SystemError occurred while running test - The Sofware list is empty !!!
Traceback (most recent call last):
  File "/home/pi/env-pysys/lib/python3.7/site-packages/pysys/baserunner.py", line 1292, in __call__
    self.testObj.setup()
  File "/home/pi/actions-runner/_work/thin-edge.io/thin-edge.io/tests/PySys/software_management_end_to_end/sm_apt_install_remove/run.py", line 28, in setup
    if self.check_is_installed("rolldice"):
  File "/home/pi/actions-runner/_work/thin-edge.io/thin-edge.io/tests/PySys/software_management_end_to_end/environment_sm_management.py", line 399, in check_is_installed
    raise SystemError("The Sofware list is empty !!!")
SystemError: The Sofware list is empty !!!
09:57:58 WARN  SystemError: The Sofware list is empty !!! ... blocked 
09:57:58 INFO  
09:57:58 INFO  cleanup:
09:58:02 INFO  Executed sudo&lt;tedge_disconnect_c8y&gt;, exit status 0
09:58:03 INFO  Executed systemctl&lt;serv_mapper5&gt;, exit status 3
09:58:03 INFO  
09:58:03 INFO  Test duration: 30.14 secs
09:58:03 INFO  Test final outcome:  BLOCKED
09:58:03 INFO  Test outcome reason: SystemError: The Sofware list is empty !!!
09:58:03 INFO  
</system-out>
	</testcase>
<testcase classname="PySysTest" name="SoftwareManagement.sm_apt_install_remove" />
</testsuite><testsuite name="SoftwareManagement.sm_apt_install_remove_default" tests="3" errors="0" failures="1" skipped="1" time="0"><testcase classname="PySysTest" name="SoftwareManagement.sm_apt_install_remove_default">
		<skipped message="SKIPPED: Testing the apt plugin is not supported on this platform.Use parameter -XmyPlatform='container' to enable it" />
		<system-out>09:31:43 INFO  ==============================================================
09:31:43 INFO  Id:    SoftwareManagement.sm_apt_install_remove_default
09:31:43 INFO  Dir:   software_management_end_to_end/
09:31:43 INFO  Title: Validate end to end behaviour for the default plugin for installation and removal of packages
09:31:43 INFO  ==============================================================
09:31:43 INFO  Testing the apt plugin is not supported on this platform.Use parameter -XmyPlatform='container' to enable it ... skipped
09:31:43 WARN  Aborted test due to SKIPPED outcome
09:31:43 INFO  
09:31:43 INFO  Test duration: 0.02 secs
09:31:43 INFO  Test final outcome:  SKIPPED
09:31:43 INFO  Test outcome reason: Testing the apt plugin is not supported on this platform.Use parameter -XmyPlatform='container' to enable it
09:31:43 INFO  
</system-out>
	</testcase>
<testcase classname="PySysTest" name="SoftwareManagement.sm_apt_install_remove_default">
		<failure message="BLOCKED: SystemError: The Sofware list is empty !!!" type="BLOCKED" />
		<system-out>09:58:03 INFO  ==============================================================
09:58:03 INFO  Id:    SoftwareManagement.sm_apt_install_remove_default
09:58:03 INFO  Dir:   software_management_end_to_end/
09:58:03 INFO  Title: Validate end to end behaviour for the default plugin for installation and removal of packages
09:58:03 INFO  ==============================================================
09:58:03 INFO  Using sw id database: {'asciijump': '5475369', 'robotfindskitten': '5474869', 'squirrel3': '5475279', 'rolldice': '5152439', 'moon-buggy': '5439204', 'apple': '5495053', 'banana': '5494888', 'cherry': '5495382', 'watermelon': '5494510', 'registry': '8018911', 'hello-world': '8021526', 'docker/getting-started': '8021973', 'alpine': '7991792'}
09:58:03 INFO  EnvironmentC8y Setup
09:58:03 INFO  Executed systemctl&lt;serv_mapper1&gt;, exit status 3
09:58:03 INFO  Restarting mosquitto too frequently in the last 10 seconds. It was only up for 4 seconds
09:58:03 INFO  Delaying execution by 7 seconds
09:58:24 INFO  Executed sudo&lt;tedge_connect_c8y&gt;, exit status 0, duration 13 secs
09:58:25 INFO  Executed sudo&lt;tedge_connect_c8y_test&gt;, exit status 0
09:58:25 INFO  Executed systemctl&lt;serv_mosq2&gt;, exit status 0
09:58:26 INFO  Executed systemctl&lt;serv_mapper3&gt;, exit status 0
09:58:28 INFO  State of current operation: FAILED
09:58:28 WARN  SystemError occurred while running test - The Sofware list is empty !!!
Traceback (most recent call last):
  File "/home/pi/env-pysys/lib/python3.7/site-packages/pysys/baserunner.py", line 1292, in __call__
    self.testObj.setup()
  File "/home/pi/actions-runner/_work/thin-edge.io/thin-edge.io/tests/PySys/software_management_end_to_end/sm_apt_install_remove_default/run.py", line 27, in setup
    self.assertThat("False == value", value=self.check_is_installed("rolldice"))
  File "/home/pi/actions-runner/_work/thin-edge.io/thin-edge.io/tests/PySys/software_management_end_to_end/environment_sm_management.py", line 399, in check_is_installed
    raise SystemError("The Sofware list is empty !!!")
SystemError: The Sofware list is empty !!!
09:58:28 WARN  SystemError: The Sofware list is empty !!! ... blocked 
09:58:28 INFO  
09:58:28 INFO  cleanup:
09:58:32 INFO  Executed sudo&lt;tedge_disconnect_c8y&gt;, exit status 0
09:58:33 INFO  Executed systemctl&lt;serv_mapper5&gt;, exit status 3
09:58:33 INFO  
09:58:33 INFO  Test duration: 30.20 secs
09:58:33 INFO  Test final outcome:  BLOCKED
09:58:33 INFO  Test outcome reason: SystemError: The Sofware list is empty !!!
09:58:33 INFO  
</system-out>
	</testcase>
<testcase classname="PySysTest" name="SoftwareManagement.sm_apt_install_remove_default" />
</testsuite><testsuite name="SoftwareManagement.sm_apt_install_remove_multiple" tests="3" errors="0" failures="2" skipped="1" time="0"><testcase classname="PySysTest" name="SoftwareManagement.sm_apt_install_remove_multiple">
		<skipped message="SKIPPED: Testing the apt plugin is not supported on this platform.Use parameter -XmyPlatform='container' to enable it" />
		<system-out>09:31:43 INFO  ==============================================================
09:31:43 INFO  Id:    SoftwareManagement.sm_apt_install_remove_multiple
09:31:43 INFO  Dir:   software_management_end_to_end/
09:31:43 INFO  Title: Validate end to end behaviour for the apt plugin for multiple packages
09:31:43 INFO  ==============================================================
09:31:43 INFO  Testing the apt plugin is not supported on this platform.Use parameter -XmyPlatform='container' to enable it ... skipped
09:31:43 WARN  Aborted test due to SKIPPED outcome
09:31:43 INFO  
09:31:43 INFO  Test duration: 0.02 secs
09:31:43 INFO  Test final outcome:  SKIPPED
09:31:43 INFO  Test outcome reason: Testing the apt plugin is not supported on this platform.Use parameter -XmyPlatform='container' to enable it
09:31:43 INFO  
</system-out>
	</testcase>
<testcase classname="PySysTest" name="SoftwareManagement.sm_apt_install_remove_multiple">
		<failure message="BLOCKED: SystemError: The Sofware list is empty !!!" type="BLOCKED" />
		<system-out>09:58:33 INFO  ==============================================================
09:58:33 INFO  Id:    SoftwareManagement.sm_apt_install_remove_multiple
09:58:33 INFO  Dir:   software_management_end_to_end/
09:58:33 INFO  Title: Validate end to end behaviour for the apt plugin for multiple packages
09:58:33 INFO  ==============================================================
09:58:33 INFO  Using sw id database: {'asciijump': '5475369', 'robotfindskitten': '5474869', 'squirrel3': '5475279', 'rolldice': '5152439', 'moon-buggy': '5439204', 'apple': '5495053', 'banana': '5494888', 'cherry': '5495382', 'watermelon': '5494510', 'registry': '8018911', 'hello-world': '8021526', 'docker/getting-started': '8021973', 'alpine': '7991792'}
09:58:33 INFO  EnvironmentC8y Setup
09:58:33 INFO  Executed systemctl&lt;serv_mapper1&gt;, exit status 3
09:58:34 INFO  Restarting mosquitto too frequently in the last 10 seconds. It was only up for 4 seconds
09:58:34 INFO  Delaying execution by 7 seconds
09:58:54 INFO  Executed sudo&lt;tedge_connect_c8y&gt;, exit status 0, duration 13 secs
09:58:55 INFO  Executed sudo&lt;tedge_connect_c8y_test&gt;, exit status 0
09:58:56 INFO  Executed systemctl&lt;serv_mosq2&gt;, exit status 0
09:58:56 INFO  Executed systemctl&lt;serv_mapper3&gt;, exit status 0
09:58:58 INFO  State of current operation: FAILED
09:58:58 WARN  SystemError occurred while running test - The Sofware list is empty !!!
Traceback (most recent call last):
  File "/home/pi/env-pysys/lib/python3.7/site-packages/pysys/baserunner.py", line 1292, in __call__
    self.testObj.setup()
  File "/home/pi/actions-runner/_work/thin-edge.io/thin-edge.io/tests/PySys/software_management_end_to_end/sm_apt_install_remove_multiple/run.py", line 54, in setup
    self.assertThat("False == value", value=self.check_is_installed("rolldice"))
  File "/home/pi/actions-runner/_work/thin-edge.io/thin-edge.io/tests/PySys/software_management_end_to_end/environment_sm_management.py", line 399, in check_is_installed
    raise SystemError("The Sofware list is empty !!!")
SystemError: The Sofware list is empty !!!
09:58:58 WARN  SystemError: The Sofware list is empty !!! ... blocked 
09:58:58 INFO  
09:58:58 INFO  cleanup:
09:59:02 INFO  Executed sudo&lt;tedge_disconnect_c8y&gt;, exit status 0
09:59:03 INFO  Executed systemctl&lt;serv_mapper5&gt;, exit status 3
09:59:03 INFO  
09:59:03 INFO  Test duration: 30.00 secs
09:59:03 INFO  Test final outcome:  BLOCKED
09:59:03 INFO  Test outcome reason: SystemError: The Sofware list is empty !!!
09:59:03 INFO  
</system-out>
	</testcase>
<testcase classname="PySysTest" name="SoftwareManagement.sm_apt_install_remove_multiple">
		<failure message="FAILED: Assert that (False == value) with value=True" type="FAILED" />
		<system-out>10:18:29 INFO  ==============================================================
10:18:29 INFO  Id:    SoftwareManagement.sm_apt_install_remove_multiple
10:18:29 INFO  Dir:   software_management_end_to_end/
10:18:29 INFO  Title: Validate end to end behaviour for the apt plugin for multiple packages
10:18:29 INFO  ==============================================================
10:18:29 INFO  Using sw id database: {'asciijump': '5475369', 'robotfindskitten': '5474869', 'squirrel3': '5475279', 'rolldice': '5152439', 'moon-buggy': '5439204', 'apple': '5495053', 'banana': '5494888', 'cherry': '5495382', 'watermelon': '5494510', 'registry': '8018911', 'hello-world': '8021526', 'docker/getting-started': '8021973', 'alpine': '7991792'}
10:18:29 INFO  EnvironmentC8y Setup
10:18:30 INFO  Executed systemctl&lt;serv_mapper1&gt;, exit status 3
10:18:30 INFO  Restarting mosquitto too frequently in the last 10 seconds. It was only up for 5 seconds
10:18:30 INFO  Delaying execution by 6 seconds
10:18:50 INFO  Executed sudo&lt;tedge_connect_c8y&gt;, exit status 0, duration 13 secs
10:18:51 INFO  Executed sudo&lt;tedge_connect_c8y_test&gt;, exit status 0
10:18:51 INFO  Executed systemctl&lt;serv_mosq2&gt;, exit status 0
10:18:52 INFO  Executed systemctl&lt;serv_mapper3&gt;, exit status 0
10:18:54 INFO  State of current operation: SUCCESSFUL
10:18:54 INFO  Assert that (False == value) with value=False ... passed
10:18:54 INFO  Assert that (False == value) with value=False ... passed
10:18:55 INFO  Assert that (False == value) with value=False ... passed
10:18:55 INFO  Package robotfindskitten is installed
10:18:55 WARN  Assert that (False == value) with value=True ... failed 
10:18:55 INFO  Response status: 201
10:18:55 INFO  Response to action: {
    "creationTime": "2022-07-22T10:18:55.823Z",
    "deviceId": "21261801",
    "deviceName": "m32sd10d",
    "self": "https://t493319102.eu-latest.cumulocity.com/devicecontrol/operations/21274904",
    "id": "21274904",
    "status": "PENDING",
    "description": "Apply software changes, triggered from PySys: [{'action': 'install', 'id': '5475369', 'name': 'asciijump', 'url': ' ', 'version': '::apt'}, {'action': 'install', 'id': '5474869', 'name': 'robotfindskitten', 'url': ' ', 'version': '::apt'}, {'action': 'install', 'id': '5475279', 'name': 'squirrel3', 'url': ' ', 'version': '::apt'}]",
    "c8y_SoftwareUpdate": [
        {
            "name": "asciijump",
            "action": "install",
            "id": "5475369",
            "version": "::apt",
            "url": " "
        },
        {
            "name": "robotfindskitten",
            "action": "install",
            "id": "5474869",
            "version": "::apt",
            "url": " "
        },
        {
            "name": "squirrel3",
            "action": "install",
            "id": "5475279",
            "version": "::apt",
            "url": " "
        }
    ]
}
10:18:55 INFO  Started operation: {'creationTime': '2022-07-22T10:18:55.823Z', 'deviceId': '21261801', 'deviceName': 'm32sd10d', 'self': 'https://t493319102.eu-latest.cumulocity.com/devicecontrol/operations/21274904', 'id': '21274904', 'status': 'PENDING', 'description': "Apply software changes, triggered from PySys: [{'action': 'install', 'id': '5475369', 'name': 'asciijump', 'url': ' ', 'version': '::apt'}, {'action': 'install', 'id': '5474869', 'name': 'robotfindskitten', 'url': ' ', 'version': '::apt'}, {'action': 'install', 'id': '5475279', 'name': 'squirrel3', 'url': ' ', 'version': '::apt'}]", 'c8y_SoftwareUpdate': [{'name': 'asciijump', 'action': 'install', 'id': '5475369', 'version': '::apt', 'url': ' '}, {'name': 'robotfindskitten', 'action': 'install', 'id': '5474869', 'version': '::apt', 'url': ' '}, {'name': 'squirrel3', 'action': 'install', 'id': '5475279', 'version': '::apt', 'url': ' '}]}
10:18:58 INFO  State of operation 21274904 : PENDING
10:19:00 INFO  State of operation 21274904 : EXECUTING
10:19:02 INFO  State of operation 21274904 : EXECUTING
10:19:04 INFO  State of operation 21274904 : EXECUTING
10:19:06 INFO  State of operation 21274904 : EXECUTING
10:19:09 INFO  State of operation 21274904 : EXECUTING
10:19:12 INFO  State of operation 21274904 : EXECUTING
10:19:15 INFO  State of operation 21274904 : EXECUTING
10:19:17 INFO  State of operation 21274904 : EXECUTING
10:19:19 INFO  State of operation 21274904 : EXECUTING
10:19:22 INFO  State of operation 21274904 : EXECUTING
10:19:24 INFO  State of operation 21274904 : EXECUTING
10:19:26 INFO  State of operation 21274904 : EXECUTING
10:19:28 INFO  State of operation 21274904 : EXECUTING
10:19:31 INFO  State of operation 21274904 : EXECUTING
10:19:33 INFO  State of operation 21274904 : EXECUTING
10:19:35 INFO  State of operation 21274904 : EXECUTING
10:19:38 INFO  State of operation 21274904 : EXECUTING
10:19:40 INFO  State of operation 21274904 : EXECUTING
10:19:42 INFO  State of operation 21274904 : EXECUTING
10:19:45 INFO  State of operation 21274904 : EXECUTING
10:19:47 INFO  State of operation 21274904 : EXECUTING
10:19:49 INFO  State of operation 21274904 : EXECUTING
10:19:51 INFO  State of operation 21274904 : EXECUTING
10:19:54 INFO  State of operation 21274904 : EXECUTING
10:19:56 INFO  State of operation 21274904 : EXECUTING
10:19:59 INFO  State of operation 21274904 : EXECUTING
10:20:01 INFO  State of operation 21274904 : EXECUTING
10:20:03 INFO  State of operation 21274904 : EXECUTING
10:20:06 INFO  State of operation 21274904 : EXECUTING
10:20:08 INFO  State of operation 21274904 : EXECUTING
10:20:10 INFO  State of operation 21274904 : EXECUTING
10:20:13 INFO  State of operation 21274904 : EXECUTING
10:20:15 INFO  State of operation 21274904 : EXECUTING
10:20:17 INFO  State of operation 21274904 : EXECUTING
10:20:19 INFO  State of operation 21274904 : SUCCESSFUL
10:20:19 INFO  Assert that (False == value) with value=False ... passed
10:20:20 INFO  Package asciijump is installed
10:20:20 INFO  Assert that (True == value) with value=True ... passed
10:20:20 INFO  Package squirrel3 is installed
10:20:20 INFO  Assert that (True == value) with value=True ... passed
10:20:20 INFO  Package robotfindskitten is installed
10:20:20 INFO  Assert that (True == value) with value=True ... passed
10:20:20 INFO  Response status: 201
10:20:20 INFO  Response to action: {
    "creationTime": "2022-07-22T10:20:20.843Z",
    "deviceId": "21261801",
    "deviceName": "m32sd10d",
    "self": "https://t493319102.eu-latest.cumulocity.com/devicecontrol/operations/21274922",
    "id": "21274922",
    "status": "PENDING",
    "description": "Apply software changes, triggered from PySys: [{'action': 'delete', 'id': '5475369', 'name': 'asciijump', 'url': ' ', 'version': '::apt'}, {'action': 'delete', 'id': '5474869', 'name': 'robotfindskitten', 'url': ' ', 'version': '::apt'}, {'action': 'delete', 'id': '5475279', 'name': 'squirrel3', 'url': ' ', 'version': '::apt'}]",
    "c8y_SoftwareUpdate": [
        {
            "name": "asciijump",
            "action": "delete",
            "id": "5475369",
            "version": "::apt",
            "url": " "
        },
        {
            "name": "robotfindskitten",
            "action": "delete",
            "id": "5474869",
            "version": "::apt",
            "url": " "
        },
        {
            "name": "squirrel3",
            "action": "delete",
            "id": "5475279",
            "version": "::apt",
            "url": " "
        }
    ]
}
10:20:20 INFO  Started operation: {'creationTime': '2022-07-22T10:20:20.843Z', 'deviceId': '21261801', 'deviceName': 'm32sd10d', 'self': 'https://t493319102.eu-latest.cumulocity.com/devicecontrol/operations/21274922', 'id': '21274922', 'status': 'PENDING', 'description': "Apply software changes, triggered from PySys: [{'action': 'delete', 'id': '5475369', 'name': 'asciijump', 'url': ' ', 'version': '::apt'}, {'action': 'delete', 'id': '5474869', 'name': 'robotfindskitten', 'url': ' ', 'version': '::apt'}, {'action': 'delete', 'id': '5475279', 'name': 'squirrel3', 'url': ' ', 'version': '::apt'}]", 'c8y_SoftwareUpdate': [{'name': 'asciijump', 'action': 'delete', 'id': '5475369', 'version': '::apt', 'url': ' '}, {'name': 'robotfindskitten', 'action': 'delete', 'id': '5474869', 'version': '::apt', 'url': ' '}, {'name': 'squirrel3', 'action': 'delete', 'id': '5475279', 'version': '::apt', 'url': ' '}]}
10:20:23 INFO  State of operation 21274922 : PENDING
10:20:25 INFO  State of operation 21274922 : EXECUTING
10:20:27 INFO  State of operation 21274922 : EXECUTING
10:20:29 INFO  State of operation 21274922 : EXECUTING
10:20:32 INFO  State of operation 21274922 : EXECUTING
10:20:34 INFO  State of operation 21274922 : EXECUTING
10:20:37 INFO  State of operation 21274922 : EXECUTING
10:20:40 INFO  State of operation 21274922 : EXECUTING
10:20:42 INFO  State of operation 21274922 : EXECUTING
10:20:44 INFO  State of operation 21274922 : EXECUTING
10:20:47 INFO  State of operation 21274922 : EXECUTING
10:20:49 INFO  State of operation 21274922 : EXECUTING
10:20:51 INFO  State of operation 21274922 : EXECUTING
10:20:53 INFO  State of operation 21274922 : EXECUTING
10:20:56 INFO  State of operation 21274922 : EXECUTING
10:20:58 INFO  State of operation 21274922 : EXECUTING
10:21:00 INFO  State of operation 21274922 : EXECUTING
10:21:03 INFO  State of operation 21274922 : EXECUTING
10:21:06 INFO  State of operation 21274922 : EXECUTING
10:21:08 INFO  State of operation 21274922 : EXECUTING
10:21:10 INFO  State of operation 21274922 : EXECUTING
10:21:12 INFO  State of operation 21274922 : EXECUTING
10:21:14 INFO  State of operation 21274922 : EXECUTING
10:21:17 INFO  State of operation 21274922 : EXECUTING
10:21:20 INFO  State of operation 21274922 : EXECUTING
10:21:22 INFO  State of operation 21274922 : EXECUTING
10:21:24 INFO  State of operation 21274922 : EXECUTING
10:21:26 INFO  State of operation 21274922 : SUCCESSFUL
10:21:27 INFO  Assert that (False == value) with value=False ... passed
10:21:27 INFO  Assert that (False == value) with value=False ... passed
10:21:27 INFO  Assert that (False == value) with value=False ... passed
10:21:27 INFO  Assert that (False == value) with value=False ... passed
10:21:27 INFO  
10:21:27 INFO  cleanup:
10:21:31 INFO  Executed sudo&lt;tedge_disconnect_c8y&gt;, exit status 0
10:21:32 INFO  Executed systemctl&lt;serv_mapper5&gt;, exit status 3
10:21:32 INFO  
10:21:32 INFO  Test duration: 182.40 secs
10:21:32 INFO  Test final outcome:  FAILED
10:21:32 INFO  Test outcome reason: Assert that (False == value) with value=True
10:21:32 INFO  
</system-out>
	</testcase>
</testsuite><testsuite name="SoftwareManagement.sm_apt_install_remove_multiple_mixed" tests="3" errors="0" failures="2" skipped="1" time="0"><testcase classname="PySysTest" name="SoftwareManagement.sm_apt_install_remove_multiple_mixed">
		<skipped message="SKIPPED: Testing the apt plugin is not supported on this platform.Use parameter -XmyPlatform='container' to enable it" />
		<system-out>09:31:43 INFO  ==============================================================
09:31:43 INFO  Id:    SoftwareManagement.sm_apt_install_remove_multiple_mixed
09:31:43 INFO  Dir:   software_management_end_to_end/
09:31:43 INFO  Title: Validate end to end behaviour for the apt plugin for multiple packages with mixed versions
09:31:43 INFO  ==============================================================
09:31:43 INFO  Testing the apt plugin is not supported on this platform.Use parameter -XmyPlatform='container' to enable it ... skipped
09:31:43 WARN  Aborted test due to SKIPPED outcome
09:31:43 INFO  
09:31:43 INFO  Test duration: 0.02 secs
09:31:43 INFO  Test final outcome:  SKIPPED
09:31:43 INFO  Test outcome reason: Testing the apt plugin is not supported on this platform.Use parameter -XmyPlatform='container' to enable it
09:31:43 INFO  
</system-out>
	</testcase>
<testcase classname="PySysTest" name="SoftwareManagement.sm_apt_install_remove_multiple_mixed">
		<failure message="BLOCKED: SystemError: The Sofware list is empty !!!" type="BLOCKED" />
		<system-out>09:59:03 INFO  ==============================================================
09:59:03 INFO  Id:    SoftwareManagement.sm_apt_install_remove_multiple_mixed
09:59:03 INFO  Dir:   software_management_end_to_end/
09:59:03 INFO  Title: Validate end to end behaviour for the apt plugin for multiple packages with mixed versions
09:59:03 INFO  ==============================================================
09:59:03 INFO  Using sw id database: {'asciijump': '5475369', 'robotfindskitten': '5474869', 'squirrel3': '5475279', 'rolldice': '5152439', 'moon-buggy': '5439204', 'apple': '5495053', 'banana': '5494888', 'cherry': '5495382', 'watermelon': '5494510', 'registry': '8018911', 'hello-world': '8021526', 'docker/getting-started': '8021973', 'alpine': '7991792'}
09:59:03 INFO  EnvironmentC8y Setup
09:59:03 INFO  Executed systemctl&lt;serv_mapper1&gt;, exit status 3
09:59:04 INFO  Restarting mosquitto too frequently in the last 10 seconds. It was only up for 4 seconds
09:59:04 INFO  Delaying execution by 7 seconds
09:59:24 INFO  Executed sudo&lt;tedge_connect_c8y&gt;, exit status 0, duration 13 secs
09:59:25 INFO  Executed sudo&lt;tedge_connect_c8y_test&gt;, exit status 0
09:59:25 INFO  Executed systemctl&lt;serv_mosq2&gt;, exit status 0
09:59:26 INFO  Executed systemctl&lt;serv_mapper3&gt;, exit status 0
09:59:28 INFO  State of current operation: FAILED
09:59:28 WARN  SystemError occurred while running test - The Sofware list is empty !!!
Traceback (most recent call last):
  File "/home/pi/env-pysys/lib/python3.7/site-packages/pysys/baserunner.py", line 1292, in __call__
    self.testObj.setup()
  File "/home/pi/actions-runner/_work/thin-edge.io/thin-edge.io/tests/PySys/software_management_end_to_end/sm_apt_install_remove_multiple_mixed/run.py", line 75, in setup
    self.assertThat("False == value", value=self.check_is_installed("asciijump"))
  File "/home/pi/actions-runner/_work/thin-edge.io/thin-edge.io/tests/PySys/software_management_end_to_end/environment_sm_management.py", line 399, in check_is_installed
    raise SystemError("The Sofware list is empty !!!")
SystemError: The Sofware list is empty !!!
09:59:28 WARN  SystemError: The Sofware list is empty !!! ... blocked 
09:59:28 INFO  
09:59:28 INFO  cleanup:
09:59:32 INFO  Executed sudo&lt;tedge_disconnect_c8y&gt;, exit status 0
09:59:33 INFO  Executed systemctl&lt;serv_mapper5&gt;, exit status 3
09:59:33 INFO  
09:59:33 INFO  Test duration: 29.89 secs
09:59:33 INFO  Test final outcome:  BLOCKED
09:59:33 INFO  Test outcome reason: SystemError: The Sofware list is empty !!!
09:59:33 INFO  
</system-out>
	</testcase>
<testcase classname="PySysTest" name="SoftwareManagement.sm_apt_install_remove_multiple_mixed">
		<failure message="BLOCKED: SystemError: Timeout while waiting for status SUCCESSFUL or False" type="BLOCKED" />
		<system-out>10:21:32 INFO  ==============================================================
10:21:32 INFO  Id:    SoftwareManagement.sm_apt_install_remove_multiple_mixed
10:21:32 INFO  Dir:   software_management_end_to_end/
10:21:32 INFO  Title: Validate end to end behaviour for the apt plugin for multiple packages with mixed versions
10:21:32 INFO  ==============================================================
10:21:32 INFO  Using sw id database: {'asciijump': '5475369', 'robotfindskitten': '5474869', 'squirrel3': '5475279', 'rolldice': '5152439', 'moon-buggy': '5439204', 'apple': '5495053', 'banana': '5494888', 'cherry': '5495382', 'watermelon': '5494510', 'registry': '8018911', 'hello-world': '8021526', 'docker/getting-started': '8021973', 'alpine': '7991792'}
10:21:32 INFO  EnvironmentC8y Setup
10:21:33 INFO  Executed systemctl&lt;serv_mapper1&gt;, exit status 3
10:21:33 INFO  Restarting mosquitto too frequently in the last 10 seconds. It was only up for 5 seconds
10:21:33 INFO  Delaying execution by 6 seconds
10:21:52 INFO  Executed sudo&lt;tedge_connect_c8y&gt;, exit status 0, duration 13 secs
10:21:53 INFO  Executed sudo&lt;tedge_connect_c8y_test&gt;, exit status 0
10:21:53 INFO  Executed systemctl&lt;serv_mosq2&gt;, exit status 0
10:21:54 INFO  Executed systemctl&lt;serv_mapper3&gt;, exit status 0
10:21:56 INFO  State of current operation: SUCCESSFUL
10:21:56 INFO  Assert that (False == value) with value=False ... passed
10:21:57 INFO  Assert that (False == value) with value=False ... passed
10:21:57 INFO  Assert that (False == value) with value=False ... passed
10:21:57 INFO  Assert that (False == value) with value=False ... passed
10:21:57 INFO  Assert that (False == value) with value=False ... passed
10:21:59 INFO  Response status: 201
10:21:59 INFO  Response to action: {
    "delivery": {
        "log": [],
        "time": "2022-07-22T10:21:58.981Z",
        "status": "PENDING"
    },
    "creationTime": "2022-07-22T10:21:58.965Z",
    "deviceId": "21261801",
    "deviceName": "m32sd10d",
    "self": "https://t493319102.eu-latest.cumulocity.com/devicecontrol/operations/21274924",
    "id": "21274924",
    "status": "PENDING",
    "description": "Apply software changes, triggered from PySys: [{'action': 'install', 'id': '5475369', 'name': 'asciijump', 'url': ' ', 'version': '::apt'}, {'action': 'install', 'id': '5474869', 'name': 'robotfindskitten', 'url': ' ', 'version': ' '}, {'action': 'install', 'id': '5475279', 'name': 'squirrel3', 'url': ' ', 'version': '3.1-7::apt'}, {'action': 'install', 'id': '5152439', 'name': 'rolldice', 'url': ' ', 'version': '1.16-1+b1'}, {'action': 'install', 'id': '5439204', 'name': 'moon-buggy', 'url': ' ', 'version': '1:1.0.51-12'}, {'action': 'install', 'id': '5475369', 'name': 'asciijump', 'url': ' ', 'version': '::apt'}]",
    "c8y_SoftwareUpdate": [
        {
            "name": "asciijump",
            "action": "install",
            "id": "5475369",
            "version": "::apt",
            "url": " "
        },
        {
            "name": "robotfindskitten",
            "action": "install",
            "id": "5474869",
            "version": " ",
            "url": " "
        },
        {
            "name": "squirrel3",
            "action": "install",
            "id": "5475279",
            "version": "3.1-7::apt",
            "url": " "
        },
        {
            "name": "rolldice",
            "action": "install",
            "id": "5152439",
            "version": "1.16-1+b1",
            "url": " "
        },
        {
            "name": "moon-buggy",
            "action": "install",
            "id": "5439204",
            "version": "1:1.0.51-12",
            "url": " "
        },
        {
            "name": "asciijump",
            "action": "install",
            "id": "5475369",
            "version": "::apt",
            "url": " "
        }
    ]
}
10:21:59 INFO  Started operation: {'delivery': {'log': [], 'time': '2022-07-22T10:21:58.981Z', 'status': 'PENDING'}, 'creationTime': '2022-07-22T10:21:58.965Z', 'deviceId': '21261801', 'deviceName': 'm32sd10d', 'self': 'https://t493319102.eu-latest.cumulocity.com/devicecontrol/operations/21274924', 'id': '21274924', 'status': 'PENDING', 'description': "Apply software changes, triggered from PySys: [{'action': 'install', 'id': '5475369', 'name': 'asciijump', 'url': ' ', 'version': '::apt'}, {'action': 'install', 'id': '5474869', 'name': 'robotfindskitten', 'url': ' ', 'version': ' '}, {'action': 'install', 'id': '5475279', 'name': 'squirrel3', 'url': ' ', 'version': '3.1-7::apt'}, {'action': 'install', 'id': '5152439', 'name': 'rolldice', 'url': ' ', 'version': '1.16-1+b1'}, {'action': 'install', 'id': '5439204', 'name': 'moon-buggy', 'url': ' ', 'version': '1:1.0.51-12'}, {'action': 'install', 'id': '5475369', 'name': 'asciijump', 'url': ' ', 'version': '::apt'}]", 'c8y_SoftwareUpdate': [{'name': 'asciijump', 'action': 'install', 'id': '5475369', 'version': '::apt', 'url': ' '}, {'name': 'robotfindskitten', 'action': 'install', 'id': '5474869', 'version': ' ', 'url': ' '}, {'name': 'squirrel3', 'action': 'install', 'id': '5475279', 'version': '3.1-7::apt', 'url': ' '}, {'name': 'rolldice', 'action': 'install', 'id': '5152439', 'version': '1.16-1+b1', 'url': ' '}, {'name': 'moon-buggy', 'action': 'install', 'id': '5439204', 'version': '1:1.0.51-12', 'url': ' '}, {'name': 'asciijump', 'action': 'install', 'id': '5475369', 'version': '::apt', 'url': ' '}]}
10:22:01 INFO  State of operation 21274924 : PENDING
10:22:03 INFO  State of operation 21274924 : EXECUTING
10:22:05 INFO  State of operation 21274924 : EXECUTING
10:22:07 INFO  State of operation 21274924 : EXECUTING
10:22:10 INFO  State of operation 21274924 : EXECUTING
10:22:12 INFO  State of operation 21274924 : EXECUTING
10:22:15 INFO  State of operation 21274924 : EXECUTING
10:22:17 INFO  State of operation 21274924 : EXECUTING
10:22:20 INFO  State of operation 21274924 : EXECUTING
10:22:22 INFO  State of operation 21274924 : EXECUTING
10:22:25 INFO  State of operation 21274924 : EXECUTING
10:22:27 INFO  State of operation 21274924 : EXECUTING
10:22:29 INFO  State of operation 21274924 : EXECUTING
10:22:31 INFO  State of operation 21274924 : EXECUTING
10:22:34 INFO  State of operation 21274924 : EXECUTING
10:22:36 INFO  State of operation 21274924 : EXECUTING
10:22:38 INFO  State of operation 21274924 : EXECUTING
10:22:41 INFO  State of operation 21274924 : EXECUTING
10:22:44 INFO  State of operation 21274924 : EXECUTING
10:22:46 INFO  State of operation 21274924 : EXECUTING
10:22:48 INFO  State of operation 21274924 : EXECUTING
10:22:51 INFO  State of operation 21274924 : EXECUTING
10:22:53 INFO  State of operation 21274924 : EXECUTING
10:22:56 INFO  State of operation 21274924 : EXECUTING
10:22:58 INFO  State of operation 21274924 : EXECUTING
10:23:00 INFO  State of operation 21274924 : EXECUTING
10:23:03 INFO  State of operation 21274924 : EXECUTING
10:23:05 INFO  State of operation 21274924 : EXECUTING
10:23:07 INFO  State of operation 21274924 : EXECUTING
10:23:10 INFO  State of operation 21274924 : EXECUTING
10:23:12 INFO  State of operation 21274924 : EXECUTING
10:23:14 INFO  State of operation 21274924 : EXECUTING
10:23:17 INFO  State of operation 21274924 : EXECUTING
10:23:19 INFO  State of operation 21274924 : EXECUTING
10:23:21 INFO  State of operation 21274924 : EXECUTING
10:23:23 INFO  State of operation 21274924 : EXECUTING
10:23:25 INFO  State of operation 21274924 : EXECUTING
10:23:29 INFO  State of operation 21274924 : EXECUTING
10:23:32 INFO  State of operation 21274924 : EXECUTING
10:23:34 INFO  State of operation 21274924 : EXECUTING
10:23:36 INFO  State of operation 21274924 : EXECUTING
10:23:38 INFO  State of operation 21274924 : EXECUTING
10:23:41 INFO  State of operation 21274924 : EXECUTING
10:23:43 INFO  State of operation 21274924 : EXECUTING
10:23:45 INFO  State of operation 21274924 : EXECUTING
10:23:47 INFO  State of operation 21274924 : EXECUTING
10:23:50 INFO  State of operation 21274924 : EXECUTING
10:23:52 INFO  State of operation 21274924 : EXECUTING
10:23:54 INFO  State of operation 21274924 : EXECUTING
10:23:57 INFO  State of operation 21274924 : EXECUTING
10:23:59 INFO  State of operation 21274924 : EXECUTING
10:24:01 INFO  State of operation 21274924 : EXECUTING
10:24:04 INFO  State of operation 21274924 : EXECUTING
10:24:06 INFO  State of operation 21274924 : EXECUTING
10:24:08 INFO  State of operation 21274924 : EXECUTING
10:24:11 INFO  State of operation 21274924 : EXECUTING
10:24:13 INFO  State of operation 21274924 : EXECUTING
10:24:16 INFO  State of operation 21274924 : EXECUTING
10:24:18 INFO  State of operation 21274924 : EXECUTING
10:24:21 INFO  State of operation 21274924 : EXECUTING
10:24:23 INFO  State of operation 21274924 : EXECUTING
10:24:25 WARN  SystemError occurred while running test - Timeout while waiting for status SUCCESSFUL or False
Traceback (most recent call last):
  File "/home/pi/env-pysys/lib/python3.7/site-packages/pysys/baserunner.py", line 1294, in __call__
    self.testObj.execute()
  File "/home/pi/actions-runner/_work/thin-edge.io/thin-edge.io/tests/PySys/software_management_end_to_end/sm_apt_install_remove_multiple_mixed/run.py", line 89, in execute
    self.wait_until_succcess()
  File "/home/pi/actions-runner/_work/thin-edge.io/thin-edge.io/tests/PySys/software_management_end_to_end/environment_sm_management.py", line 324, in wait_until_succcess
    self.wait_until_status("SUCCESSFUL")
  File "/home/pi/actions-runner/_work/thin-edge.io/thin-edge.io/tests/PySys/software_management_end_to_end/environment_sm_management.py", line 381, in wait_until_status
    "Timeout while waiting for status %s or %s" % (status, status2)
SystemError: Timeout while waiting for status SUCCESSFUL or False
10:24:26 WARN  SystemError: Timeout while waiting for status SUCCESSFUL or False ... blocked 
10:24:26 INFO  
10:24:26 INFO  cleanup:
10:24:30 INFO  Executed sudo&lt;tedge_disconnect_c8y&gt;, exit status 0
10:24:31 INFO  Executed systemctl&lt;serv_mapper5&gt;, exit status 3
10:24:31 INFO  
10:24:31 INFO  Test duration: 179.13 secs
10:24:31 INFO  Test final outcome:  BLOCKED
10:24:31 INFO  Test outcome reason: SystemError: Timeout while waiting for status SUCCESSFUL or False
10:24:31 INFO  
</system-out>
	</testcase>
</testsuite><testsuite name="SoftwareManagement.sm_apt_install_remove_with_version" tests="3" errors="0" failures="1" skipped="1" time="0"><testcase classname="PySysTest" name="SoftwareManagement.sm_apt_install_remove_with_version">
		<skipped message="SKIPPED: Testing the apt plugin is not supported on this platform.Use parameter -XmyPlatform='container' to enable it" />
		<system-out>09:31:43 INFO  ==============================================================
09:31:43 INFO  Id:    SoftwareManagement.sm_apt_install_remove_with_version
09:31:43 INFO  Dir:   software_management_end_to_end/
09:31:43 INFO  Title: Validate end to end behaviour for the apt plugin for packages with version
09:31:43 INFO  ==============================================================
09:31:43 INFO  Testing the apt plugin is not supported on this platform.Use parameter -XmyPlatform='container' to enable it ... skipped
09:31:43 WARN  Aborted test due to SKIPPED outcome
09:31:43 INFO  
09:31:43 INFO  Test duration: 0.02 secs
09:31:43 INFO  Test final outcome:  SKIPPED
09:31:43 INFO  Test outcome reason: Testing the apt plugin is not supported on this platform.Use parameter -XmyPlatform='container' to enable it
09:31:43 INFO  
</system-out>
	</testcase>
<testcase classname="PySysTest" name="SoftwareManagement.sm_apt_install_remove_with_version">
		<failure message="BLOCKED: SystemError: The Sofware list is empty !!!" type="BLOCKED" />
		<system-out>09:59:33 INFO  ==============================================================
09:59:33 INFO  Id:    SoftwareManagement.sm_apt_install_remove_with_version
09:59:33 INFO  Dir:   software_management_end_to_end/
09:59:33 INFO  Title: Validate end to end behaviour for the apt plugin for packages with version
09:59:33 INFO  ==============================================================
09:59:33 INFO  Using sw id database: {'asciijump': '5475369', 'robotfindskitten': '5474869', 'squirrel3': '5475279', 'rolldice': '5152439', 'moon-buggy': '5439204', 'apple': '5495053', 'banana': '5494888', 'cherry': '5495382', 'watermelon': '5494510', 'registry': '8018911', 'hello-world': '8021526', 'docker/getting-started': '8021973', 'alpine': '7991792'}
09:59:33 INFO  EnvironmentC8y Setup
09:59:33 INFO  Executed systemctl&lt;serv_mapper1&gt;, exit status 3
09:59:33 INFO  Restarting mosquitto too frequently in the last 10 seconds. It was only up for 4 seconds
09:59:33 INFO  Delaying execution by 7 seconds
09:59:54 INFO  Executed sudo&lt;tedge_connect_c8y&gt;, exit status 0, duration 13 secs
09:59:55 INFO  Executed sudo&lt;tedge_connect_c8y_test&gt;, exit status 0
09:59:55 INFO  Executed systemctl&lt;serv_mosq2&gt;, exit status 0
09:59:56 INFO  Executed systemctl&lt;serv_mapper3&gt;, exit status 0
09:59:58 INFO  State of current operation: FAILED
09:59:58 WARN  SystemError occurred while running test - The Sofware list is empty !!!
Traceback (most recent call last):
  File "/home/pi/env-pysys/lib/python3.7/site-packages/pysys/baserunner.py", line 1292, in __call__
    self.testObj.setup()
  File "/home/pi/actions-runner/_work/thin-edge.io/thin-edge.io/tests/PySys/software_management_end_to_end/sm_apt_install_remove_with_version/run.py", line 29, in setup
    self.assertThat("False == value", value=self.check_is_installed("rolldice"))
  File "/home/pi/actions-runner/_work/thin-edge.io/thin-edge.io/tests/PySys/software_management_end_to_end/environment_sm_management.py", line 399, in check_is_installed
    raise SystemError("The Sofware list is empty !!!")
SystemError: The Sofware list is empty !!!
09:59:58 WARN  SystemError: The Sofware list is empty !!! ... blocked 
09:59:58 INFO  
09:59:58 INFO  cleanup:
10:00:02 INFO  Executed sudo&lt;tedge_disconnect_c8y&gt;, exit status 0
10:00:03 INFO  Executed systemctl&lt;serv_mapper5&gt;, exit status 3
10:00:03 INFO  
10:00:03 INFO  Test duration: 29.94 secs
10:00:03 INFO  Test final outcome:  BLOCKED
10:00:03 INFO  Test outcome reason: SystemError: The Sofware list is empty !!!
10:00:03 INFO  
</system-out>
	</testcase>
<testcase classname="PySysTest" name="SoftwareManagement.sm_apt_install_remove_with_version" />
</testsuite><testsuite name="SoftwareManagement.sm_docker_install_remove_multiple" tests="3" errors="0" failures="0" skipped="1" time="0"><testcase classname="SMDockerInstallRemove" name="SoftwareManagement.sm_docker_install_remove_multiple">
		<skipped message="SKIPPED: Testing the apt plugin is not supported on this platform.Use parameter -XmyPlatform='container' to enable it" />
		<system-out>09:31:43 INFO  ==============================================================
09:31:43 INFO  Id:    SoftwareManagement.sm_docker_install_remove_multiple
09:31:43 INFO  Dir:   software_management_end_to_end/
09:31:43 INFO  Title: Validate end to end behaviour for the docker plugin for multiple docker images with mixed versions
09:31:43 INFO  ==============================================================
09:31:43 INFO  Testing the apt plugin is not supported on this platform.Use parameter -XmyPlatform='container' to enable it ... skipped
09:31:43 WARN  Aborted test due to SKIPPED outcome
09:31:43 INFO  
09:31:43 INFO  Test duration: 0.04 secs
09:31:43 INFO  Test final outcome:  SKIPPED
09:31:43 INFO  Test outcome reason: Testing the apt plugin is not supported on this platform.Use parameter -XmyPlatform='container' to enable it
09:31:43 INFO  
</system-out>
	</testcase>
<testcase classname="SMDockerInstallRemove" name="SoftwareManagement.sm_docker_install_remove_multiple" />
<testcase classname="SMDockerInstallRemove" name="SoftwareManagement.sm_docker_install_remove_multiple" />
</testsuite><testsuite name="SoftwareManagement.sm_fake_install_remove" tests="2" errors="0" failures="0" skipped="1" time="0"><testcase classname="PySysTest" name="SoftwareManagement.sm_fake_install_remove">
		<skipped message="SKIPPED: Testing the fake plugin is not enabled.Use parameter -Xfakeplugin=fakeplugin to enable it" />
		<system-out>09:31:43 INFO  ==============================================================
09:31:43 INFO  Id:    SoftwareManagement.sm_fake_install_remove
09:31:43 INFO  Dir:   software_management_end_to_end/
09:31:43 INFO  Title: Validate end to end behaviour for the dummy plugin for installation and removal of packages
09:31:43 INFO  ==============================================================
09:31:43 INFO  Testing the fake plugin is not enabled.Use parameter -Xfakeplugin=fakeplugin to enable it ... skipped
09:31:43 WARN  Aborted test due to SKIPPED outcome
09:31:43 INFO  
09:31:43 INFO  Test duration: 0.02 secs
09:31:43 INFO  Test final outcome:  SKIPPED
09:31:43 INFO  Test outcome reason: Testing the fake plugin is not enabled.Use parameter -Xfakeplugin=fakeplugin to enable it
09:31:43 INFO  
</system-out>
	</testcase>
<testcase classname="PySysTest" name="SoftwareManagement.sm_fake_install_remove" />
</testsuite><testsuite name="SoftwareManagement.sm_fake_install_remove_multiple" tests="2" errors="0" failures="0" skipped="1" time="0"><testcase classname="PySysTest" name="SoftwareManagement.sm_fake_install_remove_multiple">
		<skipped message="SKIPPED: Testing the fake plugin is not enabled.Use parameter -Xfakeplugin=fakeplugin to enable it" />
		<system-out>09:31:43 INFO  ==============================================================
09:31:43 INFO  Id:    SoftwareManagement.sm_fake_install_remove_multiple
09:31:43 INFO  Dir:   software_management_end_to_end/
09:31:43 INFO  Title: Validate end to end behaviour for the dummy-plugin for multiple packages
09:31:43 INFO  ==============================================================
09:31:43 INFO  Testing the fake plugin is not enabled.Use parameter -Xfakeplugin=fakeplugin to enable it ... skipped
09:31:43 WARN  Aborted test due to SKIPPED outcome
09:31:43 INFO  
09:31:43 INFO  Test duration: 0.02 secs
09:31:43 INFO  Test final outcome:  SKIPPED
09:31:43 INFO  Test outcome reason: Testing the fake plugin is not enabled.Use parameter -Xfakeplugin=fakeplugin to enable it
09:31:43 INFO  
</system-out>
	</testcase>
<testcase classname="PySysTest" name="SoftwareManagement.sm_fake_install_remove_multiple" />
</testsuite><testsuite name="SoftwareManagement.sm_mapper_fail_and_reconnect" tests="2" errors="0" failures="0" skipped="2" time="0"><testcase classname="MapperC8yReceiveLastMessageOnRestart" name="SoftwareManagement.sm_mapper_fail_and_reconnect">
		<skipped message="SKIPPED: instable https://github.com/thin-edge/thin-edge.io/issues/752" />
		<system-out>09:31:43 INFO  ==============================================================
09:31:43 INFO  Id:    SoftwareManagement.sm_mapper_fail_and_reconnect
09:31:43 INFO  Dir:   software_management_end_to_end/
09:31:43 INFO  Title: Validate the tedge-mapper-sm-c8y for receiving the last message on restart
09:31:43 INFO  ==============================================================
09:31:43 INFO  instable https://github.com/thin-edge/thin-edge.io/issues/752 ... skipped
09:31:43 INFO  
09:31:43 INFO  Test duration: 0.02 secs
09:31:43 INFO  Test final outcome:  SKIPPED
09:31:43 INFO  Test outcome reason: instable https://github.com/thin-edge/thin-edge.io/issues/752
09:31:43 INFO  
</system-out>
	</testcase>
<testcase classname="MapperC8yReceiveLastMessageOnRestart" name="SoftwareManagement.sm_mapper_fail_and_reconnect">
		<skipped message="SKIPPED: instable https://github.com/thin-edge/thin-edge.io/issues/752" />
		<system-out>10:31:12 INFO  ==============================================================
10:31:12 INFO  Id:    SoftwareManagement.sm_mapper_fail_and_reconnect
10:31:12 INFO  Dir:   software_management_end_to_end/
10:31:12 INFO  Title: Validate the tedge-mapper-sm-c8y for receiving the last message on restart
10:31:12 INFO  ==============================================================
10:31:12 INFO  instable https://github.com/thin-edge/thin-edge.io/issues/752 ... skipped
10:31:12 INFO  
10:31:12 INFO  Test duration: 0.03 secs
10:31:12 INFO  Test final outcome:  SKIPPED
10:31:12 INFO  Test outcome reason: instable https://github.com/thin-edge/thin-edge.io/issues/752
10:31:12 INFO  
</system-out>
	</testcase>
</testsuite><testsuite name="SoftwareManagement.sm_mixed_install_remove_multiple" tests="2" errors="0" failures="1" skipped="1" time="0"><testcase classname="PySysTest" name="SoftwareManagement.sm_mixed_install_remove_multiple">
		<skipped message="SKIPPED: Testing the fake plugin is not enabled.Use parameter -Xfakeplugin=fakeplugin to enable it" />
		<system-out>09:31:43 INFO  ==============================================================
09:31:43 INFO  Id:    SoftwareManagement.sm_mixed_install_remove_multiple
09:31:43 INFO  Dir:   software_management_end_to_end/
09:31:43 INFO  Title: Validate end to end behaviour for the dummy-plugin for multiple packages with mixed versions
09:31:43 INFO  ==============================================================
09:31:43 INFO  Testing the fake plugin is not enabled.Use parameter -Xfakeplugin=fakeplugin to enable it ... skipped
09:31:43 WARN  Aborted test due to SKIPPED outcome
09:31:43 INFO  
09:31:43 INFO  Test duration: 0.02 secs
09:31:43 INFO  Test final outcome:  SKIPPED
09:31:43 INFO  Test outcome reason: Testing the fake plugin is not enabled.Use parameter -Xfakeplugin=fakeplugin to enable it
09:31:43 INFO  
</system-out>
	</testcase>
<testcase classname="PySysTest" name="SoftwareManagement.sm_mixed_install_remove_multiple">
		<failure message="FAILED: Assert that (False == value) with value=True" type="FAILED" />
		<system-out>10:31:12 INFO  ==============================================================
10:31:12 INFO  Id:    SoftwareManagement.sm_mixed_install_remove_multiple
10:31:12 INFO  Dir:   software_management_end_to_end/
10:31:12 INFO  Title: Validate end to end behaviour for the dummy-plugin for multiple packages with mixed versions
10:31:12 INFO  ==============================================================
10:31:12 INFO  Using sw id database: {'asciijump': '5475369', 'robotfindskitten': '5474869', 'squirrel3': '5475279', 'rolldice': '5152439', 'moon-buggy': '5439204', 'apple': '5495053', 'banana': '5494888', 'cherry': '5495382', 'watermelon': '5494510', 'registry': '8018911', 'hello-world': '8021526', 'docker/getting-started': '8021973', 'alpine': '7991792'}
10:31:12 INFO  EnvironmentC8y Setup
10:31:13 INFO  Executed systemctl&lt;serv_mapper1&gt;, exit status 3
10:31:13 INFO  Restarting mosquitto too frequently in the last 10 seconds. It was only up for 5 seconds
10:31:13 INFO  Delaying execution by 6 seconds
10:31:33 INFO  Executed sudo&lt;tedge_connect_c8y&gt;, exit status 0, duration 14 secs
10:31:34 INFO  Executed sudo&lt;tedge_connect_c8y_test&gt;, exit status 0
10:31:34 INFO  Executed systemctl&lt;serv_mosq2&gt;, exit status 0
10:31:35 INFO  Executed systemctl&lt;serv_mapper3&gt;, exit status 0
10:31:37 INFO  State of current operation: SUCCESSFUL
10:31:37 INFO  Package apple is installed
10:31:37 INFO  Assert that (True == value) with value=True ... passed
10:31:37 INFO  Package banana is installed
10:31:37 INFO  Assert that (True == value) with value=True ... passed
10:31:37 INFO  Package cherry is installed
10:31:37 INFO  Assert that (True == value) with value=True ... passed
10:31:38 INFO  Package asciijump is installed
10:31:38 WARN  Assert that (False == value) with value=True ... failed 
10:31:38 INFO  Assert that (False == value) with value=False ... passed
10:31:38 INFO  Response status: 201
10:31:38 INFO  Response to action: {
    "delivery": {
        "log": [],
        "time": "2022-07-22T10:31:38.615Z",
        "status": "PENDING"
    },
    "creationTime": "2022-07-22T10:31:38.600Z",
    "deviceId": "21261801",
    "deviceName": "m32sd10d",
    "self": "https://t493319102.eu-latest.cumulocity.com/devicecontrol/operations/21275023",
    "id": "21275023",
    "status": "PENDING",
    "description": "Apply software changes, triggered from PySys: [{'action': 'install', 'id': '5495053', 'name': 'apple', 'url': ' ', 'version': '::fruits'}, {'action': 'install', 'id': '5494888', 'name': 'banana', 'url': ' ', 'version': '::fruits'}, {'action': 'install', 'id': '5475369', 'name': 'asciijump', 'url': ' ', 'version': '::apt'}, {'action': 'install', 'id': '5495382', 'name': 'cherry', 'url': ' ', 'version': '::fruits'}, {'action': 'install', 'id': '8018911', 'name': 'registry', 'url': ' ', 'version': '::docker'}]",
    "c8y_SoftwareUpdate": [
        {
            "name": "apple",
            "action": "install",
            "id": "5495053",
            "version": "::fruits",
            "url": " "
        },
        {
            "name": "banana",
            "action": "install",
            "id": "5494888",
            "version": "::fruits",
            "url": " "
        },
        {
            "name": "asciijump",
            "action": "install",
            "id": "5475369",
            "version": "::apt",
            "url": " "
        },
        {
            "name": "cherry",
            "action": "install",
            "id": "5495382",
            "version": "::fruits",
            "url": " "
        },
        {
            "name": "registry",
            "action": "install",
            "id": "8018911",
            "version": "::docker",
            "url": " "
        }
    ]
}
[...]
09:19:46 INFO  Executed sudo&lt;rm_tmp_logs&gt;, exit status 0
09:19:46 INFO  Executed sudo&lt;send_failed&gt;, exit status 0
09:19:47 INFO  Executed sudo&lt;log_file_daemon&gt;, exit status 0
09:19:52 INFO  Executed sudo&lt;tedge_disconnect_c8y&gt;, exit status 0
09:19:52 INFO  Executed systemctl&lt;serv_mapper5&gt;, exit status 3
09:19:52 INFO  
09:19:52 INFO  Test duration: 28.20 secs
09:19:52 INFO  Test final outcome:  BLOCKED
09:19:52 INFO  Test outcome reason: TypeError: 'NoneType' object is not subscriptable
09:19:52 INFO  
</system-out>
	</testcase>
</testsuite><testsuite name="log_request_num_lines" tests="1" errors="0" failures="1" skipped="0" time="0"><testcase classname="LogRequestVerifyNumberOfLines" name="log_request_num_lines">
		<failure message="BLOCKED: TypeError: 'NoneType' object is not subscriptable" type="BLOCKED" />
		<system-out>09:19:52 INFO  ==============================================================
09:19:52 INFO  Id:    log_request_num_lines
09:19:52 INFO  Dir:   log_request_end_to_end/
09:19:52 INFO  Title: Validate end to end behaviour for the log request operation check for number of lines
09:19:52 INFO  ==============================================================
09:19:52 INFO  EnvironmentC8y Setup
09:19:53 INFO  Executed systemctl&lt;serv_mapper1&gt;, exit status 3
09:19:53 INFO  Restarting mosquitto too frequently in the last 10 seconds. It was only up for 5 seconds
09:19:53 INFO  Delaying execution by 6 seconds
09:20:14 INFO  Executed sudo&lt;tedge_connect_c8y&gt;, exit status 0, duration 14 secs
09:20:14 INFO  Executed sudo&lt;tedge_connect_c8y_test&gt;, exit status 0
09:20:15 INFO  Executed systemctl&lt;serv_mosq2&gt;, exit status 0
09:20:15 INFO  Executed systemctl&lt;serv_mapper3&gt;, exit status 0
09:20:16 INFO  Executed sudo&lt;rm_logs&gt;, exit status 0
09:20:16 INFO  Executed sudo&lt;move_logs&gt;, exit status 0
09:20:17 INFO  Executed sudo&lt;log_file_daemon&gt;, exit status 0
09:20:18 WARN  TypeError occurred while running test - 'NoneType' object is not subscriptable
Traceback (most recent call last):
  File "/home/pi/env-pysys/lib/python3.7/site-packages/pysys/baserunner.py", line 1294, in __call__
    self.testObj.execute()
  File "/home/pi/actions-runner/_work/thin-edge.io/thin-edge.io/tests/PySys/log_request_end_to_end/log_request_num_lines/run.py", line 46, in execute
    log_file_request_payload, self.project.deviceid
  File "/home/pi/actions-runner/_work/thin-edge.io/thin-edge.io/tests/PySys/environments/cumulocity.py", line 101, in trigger_log_request
    "deviceId": self.device_fragment["id"],
TypeError: 'NoneType' object is not subscriptable
09:20:18 WARN  TypeError: 'NoneType' object is not subscriptable ... blocked 
09:20:18 INFO  
09:20:18 INFO  cleanup:
09:20:18 INFO  Executed sudo&lt;rm_logs&gt;, exit status 0
09:20:19 INFO  Executed sudo&lt;rm_tmp_logs&gt;, exit status 0
09:20:19 INFO  Executed sudo&lt;send_failed&gt;, exit status 0
09:20:20 INFO  Executed sudo&lt;log_file_daemon&gt;, exit status 0
09:20:24 INFO  Executed sudo&lt;tedge_disconnect_c8y&gt;, exit status 0
09:20:24 INFO  Executed systemctl&lt;serv_mapper5&gt;, exit status 3
09:20:24 INFO  
09:20:24 INFO  Test duration: 32.19 secs
09:20:24 INFO  Test final outcome:  BLOCKED
09:20:24 INFO  Test outcome reason: TypeError: 'NoneType' object is not subscriptable
09:20:24 INFO  
</system-out>
	</testcase>
</testsuite><testsuite name="mapper_awaits_before_reconnect" tests="1" errors="0" failures="1" skipped="0" time="0"><testcase classname="MapperReconnectAwait" name="mapper_awaits_before_reconnect">
		<failure message="FAILED: Line count on tedge_mapper_journal.out for &quot;tedge_mapper::core::mapper: MQTT connection error:&quot; expected &gt;=2 but got 0" type="FAILED" />
		<system-out>09:34:45 INFO  ==============================================================
09:34:45 INFO  Id:    mapper_awaits_before_reconnect
09:34:45 INFO  Dir:   tedge_mapper_c8y/
09:34:45 INFO  Title: Validate mapper doesn't reconnect too often
09:34:45 INFO  ==============================================================
09:34:45 INFO  Started mosquitto_sub with process id 23531
09:34:45 INFO  Waiting for 0.1 seconds
09:34:46 INFO  Executed sudo&lt;tedge_mapper&gt;, exit status 0
09:34:46 INFO  Waiting for 5.0 seconds
09:34:52 INFO  Executed sudo&lt;tedge_mapper&gt;, exit status 0
09:34:54 INFO  Executed sudo&lt;tedge_mapper_journal&gt;, exit status 0
09:34:54 WARN  Grep on tedge_mapper_journal.out contains "ERROR" ... failed [run.py:67]
09:34:54 INFO  Line count on file tedge_mapper_journal.out ... passed
09:34:54 WARN  Line count on tedge_mapper_journal.out for "tedge_mapper::core::mapper: MQTT connection error:" expected &gt;=2 but got 0 ... failed [run.py:78]
09:34:54 WARN  Aborted test due to FAILED outcome
09:34:54 INFO  
09:34:54 INFO  Test duration: 8.76 secs
09:34:54 INFO  Test final outcome:  FAILED
09:34:54 INFO  Test outcome reason: Line count on tedge_mapper_journal.out for "tedge_mapper::core::mapper: MQTT connection error:" expected &gt;=2 but got 0
09:34:54 INFO  
</system-out>
	</testcase>
</testsuite><testsuite name="monitoring_smaller_interval" tests="1" errors="0" failures="1" skipped="0" time="0"><testcase classname="MonitoringSmallInterval" name="monitoring_smaller_interval">
		<failure message="BLOCKED: TypeError: 'int' object is not subscriptable" type="BLOCKED" />
		<system-out>09:21:46 INFO  ==============================================================
09:21:46 INFO  Id:    monitoring_smaller_interval
09:21:46 INFO  Dir:   monitoring/
09:21:46 INFO  Title: Validate the tedge dm agent messages that are produced with smaller sampling interval than the batching window. Here the simulated collectd messages are used
09:21:46 INFO  ==============================================================
09:21:47 INFO  Executed sudo&lt;collectd&gt;, exit status 0
09:21:48 INFO  Executed sudo&lt;collectd_mapper&gt;, exit status 0
09:21:48 INFO  Started sudo&lt;tedge_sub&gt; with process id 19678
09:21:48 INFO  Executed sudo&lt;tedge_temp&gt;, exit status 0
09:21:49 INFO  Executed sudo&lt;tedge_pres&gt;, exit status 0
09:21:49 INFO  Executed sudo&lt;tedge_temp&gt;, exit status 0
09:21:50 INFO  Executed sudo&lt;tedge_pres&gt;, exit status 0
09:21:51 INFO  Executed sudo&lt;tedge_temp&gt;, exit status 0
09:21:51 INFO  Executed sudo&lt;tedge_pres&gt;, exit status 0
09:21:52 INFO  Executed sudo&lt;tedge_temp&gt;, exit status 0
09:21:52 INFO  Executed sudo&lt;tedge_pres&gt;, exit status 0
09:21:53 INFO  Executed sudo&lt;tedge_temp&gt;, exit status 0
09:21:53 INFO  Executed sudo&lt;tedge_pres&gt;, exit status 0
09:21:54 INFO  Executed sudo&lt;tedge_temp&gt;, exit status 0
09:21:55 INFO  Executed sudo&lt;tedge_pres&gt;, exit status 0
09:21:55 INFO  Executed sudo&lt;tedge_temp&gt;, exit status 0
09:21:56 INFO  Executed sudo&lt;tedge_pres&gt;, exit status 0
09:21:56 INFO  Executed sudo&lt;tedge_temp&gt;, exit status 0
09:21:57 INFO  Executed sudo&lt;tedge_pres&gt;, exit status 0
09:21:58 INFO  Executed sudo&lt;tedge_temp&gt;, exit status 0
09:21:58 INFO  Executed sudo&lt;tedge_pres&gt;, exit status 0
09:21:59 INFO  Executed sudo&lt;tedge_temp&gt;, exit status 0
09:21:59 INFO  Executed sudo&lt;tedge_pres&gt;, exit status 0
09:22:01 INFO  Executed sudo&lt;kill_out&gt;, exit status 0
09:22:01 INFO  0

09:22:01 WARN  TypeError occurred while running test - 'int' object is not subscriptable
Traceback (most recent call last):
  File "/home/pi/env-pysys/lib/python3.7/site-packages/pysys/baserunner.py", line 1296, in __call__
    self.testObj.validate()
  File "/home/pi/actions-runner/_work/thin-edge.io/thin-edge.io/tests/PySys/monitoring/monitoring_smaller_interval/run.py", line 104, in validate
    collectd_msg_validation_result=self.validate_json(),
  File "/home/pi/actions-runner/_work/thin-edge.io/thin-edge.io/tests/PySys/monitoring/monitoring_smaller_interval/run.py", line 114, in validate_json
    if not self.validate_time():
  File "/home/pi/actions-runner/_work/thin-edge.io/thin-edge.io/tests/PySys/monitoring/monitoring_smaller_interval/run.py", line 134, in validate_time
    if self.js_msg["time"]:
TypeError: 'int' object is not subscriptable
09:22:01 WARN  TypeError: 'int' object is not subscriptable ... blocked 
09:22:01 INFO  
09:22:01 INFO  cleanup:
09:22:01 INFO  monitoring_cleanup
09:22:01 INFO  Executed sudo&lt;collectd_mapper&gt;, exit status 0
09:22:01 INFO  
09:22:01 INFO  Test duration: 15.05 secs
09:22:01 INFO  Test final outcome:  BLOCKED
09:22:01 INFO  Test outcome reason: TypeError: 'int' object is not subscriptable
09:22:01 INFO  
</system-out>
	</testcase>
</testsuite><testsuite name="monitoring_with_collectd" tests="1" errors="0" failures="0" skipped="1" time="0"><testcase classname="MonitoringWithCollectd" name="monitoring_with_collectd">
		<skipped message="SKIPPED: Test execution disabled due to #792 (instable)" />
		<system-out>09:22:01 INFO  ==============================================================
09:22:01 INFO  Id:    monitoring_with_collectd
09:22:01 INFO  Dir:   monitoring/
09:22:01 INFO  Title: Validate tedge dm agent messages that are produced by batching the collectd messages
09:22:01 INFO  ==============================================================
09:22:02 INFO  Test execution disabled due to #792 (instable) ... skipped
09:22:02 INFO  
09:22:02 INFO  Test duration: 0.03 secs
09:22:02 INFO  Test final outcome:  SKIPPED
09:22:02 INFO  Test outcome reason: Test execution disabled due to #792 (instable)
09:22:02 INFO  
</system-out>
	</testcase>
</testsuite><testsuite name="monitoring_with_simulated_messages" tests="1" errors="0" failures="1" skipped="0" time="0"><testcase classname="MonitoringWithSimulatedMessages" name="monitoring_with_simulated_messages">
		<failure message="BLOCKED: TypeError: 'int' object is not subscriptable" type="BLOCKED" />
		<system-out>09:22:02 INFO  ==============================================================
09:22:02 INFO  Id:    monitoring_with_simulated_messages
09:22:02 INFO  Dir:   monitoring/
09:22:02 INFO  Title: Validate the tedge dm agent messages that are produced from the simulated collectd messages
09:22:02 INFO  ==============================================================
09:22:02 INFO  Executed sudo&lt;collectd&gt;, exit status 0
09:22:03 INFO  Executed sudo&lt;collectd_mapper&gt;, exit status 0
09:22:03 INFO  Started sudo&lt;tedge_sub&gt; with process id 19735
09:22:03 INFO  Executed sudo&lt;tedge_temp&gt;, exit status 0
09:22:04 INFO  Executed sudo&lt;tedge_pres&gt;, exit status 0
09:22:05 INFO  Executed sudo&lt;kill_out&gt;, exit status 0
09:22:05 INFO  0

09:22:05 WARN  TypeError occurred while running test - 'int' object is not subscriptable
Traceback (most recent call last):
  File "/home/pi/env-pysys/lib/python3.7/site-packages/pysys/baserunner.py", line 1296, in __call__
    self.testObj.validate()
  File "/home/pi/actions-runner/_work/thin-edge.io/thin-edge.io/tests/PySys/monitoring/monitoring_with_simulated_messages/run.py", line 98, in validate
    collectd_msg_validation_result=self.validate_json(),
  File "/home/pi/actions-runner/_work/thin-edge.io/thin-edge.io/tests/PySys/monitoring/monitoring_with_simulated_messages/run.py", line 108, in validate_json
    if not self.validate_time():
  File "/home/pi/actions-runner/_work/thin-edge.io/thin-edge.io/tests/PySys/monitoring/monitoring_with_simulated_messages/run.py", line 127, in validate_time
    if self.js_msg["time"]:
TypeError: 'int' object is not subscriptable
09:22:05 WARN  TypeError: 'int' object is not subscriptable ... blocked 
09:22:05 INFO  
09:22:05 INFO  cleanup:
09:22:05 INFO  monitoring_cleanup
09:22:06 INFO  Executed sudo&lt;collectd_mapper&gt;, exit status 0
09:22:06 INFO  
09:22:06 INFO  Test duration: 4.39 secs
09:22:06 INFO  Test final outcome:  BLOCKED
09:22:06 INFO  Test outcome reason: TypeError: 'int' object is not subscriptable
09:22:06 INFO  
</system-out>
	</testcase>
</testsuite><testsuite name="mqtt_port_change_connection_fails" tests="1" errors="0" failures="0" skipped="0" time="0"><testcase classname="MqttPortChangeConnectionFails" name="mqtt_port_change_connection_fails" />
</testsuite><testsuite name="mqtt_port_change_connection_works" tests="1" errors="0" failures="0" skipped="1" time="0"><testcase classname="MqttPortChangeConnectionWorks" name="mqtt_port_change_connection_works">
		<skipped message="SKIPPED: failing intermitently" />
		<system-out>09:21:00 INFO  ==============================================================
09:21:00 INFO  Id:    mqtt_port_change_connection_works
09:21:00 INFO  Dir:   misc_features/
09:21:00 INFO  Title: mqtt port change connection works for all the thin-edge services that use the mosquitto broker
09:21:00 INFO  ==============================================================
09:21:00 INFO  failing intermitently ... skipped
09:21:00 INFO  
09:21:00 INFO  Test duration: 0.02 secs
09:21:00 INFO  Test final outcome:  SKIPPED
09:21:00 INFO  Test outcome reason: failing intermitently
09:21:00 INFO  
</system-out>
	</testcase>
</testsuite><testsuite name="publish_flux" tests="1" errors="0" failures="0" skipped="0" time="0"><testcase classname="PublishFlux" name="publish_flux" />
</testsuite><testsuite name="publish_sawmill" tests="1" errors="0" failures="0" skipped="0" time="0"><testcase classname="PublishSawmill" name="publish_sawmill" />
</testsuite><testsuite name="runtime_start_two_mappers" tests="1" errors="0" failures="0" skipped="0" time="0"><testcase classname="RuntimeMultiMappers" name="runtime_start_two_mappers" />
</testsuite><testsuite name="sm_tedge_mapper_init_session" tests="1" errors="0" failures="0" skipped="0" time="0"><testcase classname="TedgeSMMapperInitSession" name="sm_tedge_mapper_init_session" />
</testsuite><testsuite name="smoketest_json" tests="1" errors="0" failures="0" skipped="0" time="0"><testcase classname="SmokeTestJson" name="smoketest_json" />
</testsuite><testsuite name="smoketest_json_400_samples_10ms" tests="1" errors="0" failures="0" skipped="0" time="0"><testcase classname="SmoketestJson400Samples10ms" name="smoketest_json_400_samples_10ms" />
</testsuite><testsuite name="smoketest_json_400_samples_20ms" tests="1" errors="0" failures="0" skipped="0" time="0"><testcase classname="SmoketestJson400Samples20ms" name="smoketest_json_400_samples_20ms" />
</testsuite><testsuite name="smoketest_smartrest" tests="1" errors="0" failures="0" skipped="0" time="0"><testcase classname="SmoketestSmartRest" name="smoketest_smartrest" />
</testsuite><testsuite name="smoketest_smartrest_400_samples_1Xms" tests="1" errors="0" failures="0" skipped="0" time="0"><testcase classname="SmoketestSmartRest400Samples1Xms" name="smoketest_smartrest_400_samples_1Xms" />
</testsuite><testsuite name="smoketest_smartrest_400_samples_20ms" tests="1" errors="0" failures="0" skipped="0" time="0"><testcase classname="SmoketestSmartRest400Samples20ms" name="smoketest_smartrest_400_samples_20ms" />
</testsuite><testsuite name="tedge_agent_user_sudo_access" tests="1" errors="0" failures="0" skipped="1" time="0"><testcase classname="TedgeAgentUserSudoAccess" name="tedge_agent_user_sudo_access">
		<skipped message="SKIPPED: #955 Observation: Exit code of the apt plugin when called with no arguments" />
		<system-out>09:32:09 INFO  ==============================================================
09:32:09 INFO  Id:    tedge_agent_user_sudo_access
09:32:09 INFO  Dir:   tedge/
09:32:09 INFO  Title: Validate tedge-agent user has a limited sudo right
09:32:09 INFO  ==============================================================
09:32:09 INFO  #955 Observation: Exit code of the apt plugin when called with no arguments ... skipped
09:32:09 INFO  
09:32:09 INFO  Test duration: 0.02 secs
09:32:09 INFO  Test final outcome:  SKIPPED
09:32:09 INFO  Test outcome reason: #955 Observation: Exit code of the apt plugin when called with no arguments
09:32:09 INFO  
</system-out>
	</testcase>
</testsuite><testsuite name="tedge_connect_test_negative" tests="1" errors="0" failures="0" skipped="0" time="0"><testcase classname="TedgeConnectTestNegative" name="tedge_connect_test_negative" />
</testsuite><testsuite name="tedge_connect_test_positive" tests="1" errors="0" failures="0" skipped="0" time="0"><testcase classname="TedgeConnectTestPositive" name="tedge_connect_test_positive" />
</testsuite><testsuite name="tedge_connect_test_sm_services" tests="1" errors="0" failures="0" skipped="0" time="0"><testcase classname="TedgeConnectTestSMServices" name="tedge_connect_test_sm_services" />
</testsuite><testsuite name="tedge_disconnect_test_sm_services" tests="1" errors="0" failures="0" skipped="0" time="0"><testcase classname="TedgeDisConnectTestSMServices" name="tedge_disconnect_test_sm_services" />
</testsuite><testsuite name="tedge_mapper_az_negative" tests="1" errors="0" failures="0" skipped="0" time="0"><testcase classname="TedgeMapperAzError" name="tedge_mapper_az_negative" />
</testsuite><testsuite name="tedge_mapper_az_with_timestamp" tests="1" errors="0" failures="0" skipped="0" time="0"><testcase classname="TedgeMapperAzWithTimestamp" name="tedge_mapper_az_with_timestamp" />
</testsuite><testsuite name="tedge_mapper_az_without_timestamp" tests="1" errors="0" failures="0" skipped="0" time="0"><testcase classname="TedgeMapperAzWithoutTimestamp" name="tedge_mapper_az_without_timestamp" />
</testsuite><testsuite name="tedge_mapper_c8y_alarms" tests="1" errors="0" failures="0" skipped="0" time="0"><testcase classname="TedgeMapperC8yAlarm" name="tedge_mapper_c8y_alarms" />
</testsuite><testsuite name="tedge_mapper_c8y_child_device_measurement" tests="1" errors="0" failures="0" skipped="0" time="0"><testcase classname="TedgeMapperC8yChildDevice" name="tedge_mapper_c8y_child_device_measurement" />
</testsuite><testsuite name="tedge_mapper_c8y_packet_threshold_size" tests="1" errors="0" failures="1" skipped="0" time="0"><testcase classname="TedgeMapperC8yThresholdPacketSize" name="tedge_mapper_c8y_packet_threshold_size">
		<failure message="FAILED: Grep on tedge_sub.out contains &quot;The size of the message received on tedge/measurements is 20489 which is greater than the threshold size of 16184.&quot;" type="FAILED" />
		<system-out>09:36:31 INFO  ==============================================================
09:36:31 INFO  Id:    tedge_mapper_c8y_packet_threshold_size
09:36:31 INFO  Dir:   tedge_mapper_c8y/
09:36:31 INFO  Title: Validate the Cumulocity Mapper accepted threshold packet size when it receives a message on tedge/measurements
09:36:31 INFO  ==============================================================
09:36:32 INFO  Executed sudo&lt;tedge_mapper_c8y&gt;, exit status 0
09:36:32 INFO  Started sudo&lt;tedge_sub&gt; with process id 24128
09:36:33 INFO  Executed sudo&lt;tedge_msg&gt;, exit status 0
09:36:33 INFO  Executed sudo&lt;tedge_pub&gt;, exit status 0
09:36:34 INFO  Executed sudo&lt;kill_out&gt;, exit status 0
09:36:34 WARN  Grep on tedge_sub.out contains "The size of the message received on tedge/measurements is 20489 which is greater than the threshold size of 16184." ... failed [run.py:88]
09:36:34 INFO  
09:36:34 INFO  cleanup:
09:36:34 INFO  mapper_cleanup
09:36:34 INFO  Executed sudo&lt;tedge_mapper_c8y&gt;, exit status 0
09:36:34 INFO  
09:36:34 INFO  Test duration: 3.01 secs
09:36:34 INFO  Test final outcome:  FAILED
09:36:34 INFO  Test outcome reason: Grep on tedge_sub.out contains "The size of the message received on tedge/measurements is 20489 which is greater than the threshold size of 16184."
09:36:34 INFO  
</system-out>
	</testcase>
</testsuite><testsuite name="tedge_software_update" tests="1" errors="0" failures="0" skipped="0" time="0"><testcase classname="PySysTest" name="tedge_software_update" />
</testsuite><testsuite name="valid_device_id" tests="1" errors="0" failures="0" skipped="0" time="0"><testcase classname="ValidateValidDeviceId" name="valid_device_id" />
</testsuite></testsuites>