<?xml version='1.0' encoding='utf-8'?>
<testsuites tests="139" failures="18" errors="0" skipped="45" time="0.0"><testsuite name="SoftwareManagement.Plugin.apama_plugin_install" tests="3" errors="0" failures="0" skipped="1" time="0"><testcase classname="ApamaPluginInstallTest" name="SoftwareManagement.Plugin.apama_plugin_install">
		<skipped message="SKIPPED: Apama plugin tests are disabled by default. Execute `pysys run` with `-XmyPlatform=container` to run these tests" />
		<system-out>11:48:45 INFO  ==============================================================
11:48:45 INFO  Id:    SoftwareManagement.Plugin.apama_plugin_install
11:48:45 INFO  Dir:   plugin_apama/
11:48:45 INFO  Title: Validate apama plugin install
11:48:45 INFO  ==============================================================
11:48:45 INFO  Apama plugin tests are disabled by default. Execute `pysys run` with `-XmyPlatform=container` to run these tests ... skipped
11:48:45 WARN  Aborted test due to SKIPPED outcome
11:48:45 INFO  
11:48:45 INFO  Test duration: 0.04 secs
11:48:45 INFO  Test final outcome:  SKIPPED
11:48:45 INFO  Test outcome reason: Apama plugin tests are disabled by default. Execute `pysys run` with `-XmyPlatform=container` to run these tests
11:48:45 INFO  
</system-out>
	</testcase>
<testcase classname="ApamaPluginInstallTest" name="SoftwareManagement.Plugin.apama_plugin_install" />
<testcase classname="ApamaPluginInstallTest" name="SoftwareManagement.Plugin.apama_plugin_install" />
</testsuite><testsuite name="SoftwareManagement.Plugin.apama_plugin_mon_support" tests="3" errors="0" failures="0" skipped="1" time="0"><testcase classname="ApamaPluginMonSupportTest" name="SoftwareManagement.Plugin.apama_plugin_mon_support">
		<skipped message="SKIPPED: Apama plugin tests are disabled by default. Execute `pysys run` with `-XmyPlatform=container` to run these tests" />
		<system-out>11:48:45 INFO  ==============================================================
11:48:45 INFO  Id:    SoftwareManagement.Plugin.apama_plugin_mon_support
11:48:45 INFO  Dir:   plugin_apama/
11:48:45 INFO  Title: Validate mon file support of apama plugin
11:48:45 INFO  ==============================================================
11:48:45 INFO  Apama plugin tests are disabled by default. Execute `pysys run` with `-XmyPlatform=container` to run these tests ... skipped
11:48:45 WARN  Aborted test due to SKIPPED outcome
11:48:45 INFO  
11:48:45 INFO  Test duration: 0.05 secs
11:48:45 INFO  Test final outcome:  SKIPPED
11:48:45 INFO  Test outcome reason: Apama plugin tests are disabled by default. Execute `pysys run` with `-XmyPlatform=container` to run these tests
11:48:45 INFO  
</system-out>
	</testcase>
<testcase classname="ApamaPluginMonSupportTest" name="SoftwareManagement.Plugin.apama_plugin_mon_support" />
<testcase classname="ApamaPluginMonSupportTest" name="SoftwareManagement.Plugin.apama_plugin_mon_support" />
</testsuite><testsuite name="SoftwareManagement.Plugin.apama_plugin_remove" tests="3" errors="0" failures="0" skipped="1" time="0"><testcase classname="ApamaPluginRemoveTest" name="SoftwareManagement.Plugin.apama_plugin_remove">
		<skipped message="SKIPPED: Apama plugin tests are disabled by default. Execute `pysys run` with `-XmyPlatform=container` to run these tests" />
		<system-out>11:48:45 INFO  ==============================================================
11:48:45 INFO  Id:    SoftwareManagement.Plugin.apama_plugin_remove
11:48:45 INFO  Dir:   plugin_apama/
11:48:45 INFO  Title: Validate apama plugin remove
11:48:45 INFO  ==============================================================
11:48:45 INFO  Apama plugin tests are disabled by default. Execute `pysys run` with `-XmyPlatform=container` to run these tests ... skipped
11:48:45 WARN  Aborted test due to SKIPPED outcome
11:48:45 INFO  
11:48:45 INFO  Test duration: 0.02 secs
11:48:45 INFO  Test final outcome:  SKIPPED
11:48:45 INFO  Test outcome reason: Apama plugin tests are disabled by default. Execute `pysys run` with `-XmyPlatform=container` to run these tests
11:48:45 INFO  
</system-out>
	</testcase>
<testcase classname="ApamaPluginRemoveTest" name="SoftwareManagement.Plugin.apama_plugin_remove" />
<testcase classname="ApamaPluginRemoveTest" name="SoftwareManagement.Plugin.apama_plugin_remove" />
</testsuite><testsuite name="SoftwareManagement.Plugin.apama_plugin_update" tests="3" errors="0" failures="2" skipped="1" time="0"><testcase classname="ApamaPluginUpdateTest" name="SoftwareManagement.Plugin.apama_plugin_update">
		<skipped message="SKIPPED: Apama plugin tests are disabled by default. Execute `pysys run` with `-XmyPlatform=container` to run these tests" />
		<system-out>11:48:45 INFO  ==============================================================
11:48:45 INFO  Id:    SoftwareManagement.Plugin.apama_plugin_update
11:48:45 INFO  Dir:   plugin_apama/
11:48:45 INFO  Title: Validate apama plugin updating one project with another
11:48:45 INFO  ==============================================================
11:48:45 INFO  Apama plugin tests are disabled by default. Execute `pysys run` with `-XmyPlatform=container` to run these tests ... skipped
11:48:45 WARN  Aborted test due to SKIPPED outcome
11:48:45 INFO  
11:48:45 INFO  Test duration: 0.02 secs
11:48:45 INFO  Test final outcome:  SKIPPED
11:48:45 INFO  Test outcome reason: Apama plugin tests are disabled by default. Execute `pysys run` with `-XmyPlatform=container` to run these tests
11:48:45 INFO  
</system-out>
	</testcase>
<testcase classname="ApamaPluginUpdateTest" name="SoftwareManagement.Plugin.apama_plugin_update">
		<failure message="BLOCKED: sudo&lt;plugin_install&gt; returned non-zero exit code 2" type="BLOCKED" />
		<system-out>12:39:51 INFO  ==============================================================
12:39:51 INFO  Id:    SoftwareManagement.Plugin.apama_plugin_update
12:39:51 INFO  Dir:   plugin_apama/
12:39:51 INFO  Title: Validate apama plugin updating one project with another
12:39:51 INFO  ==============================================================
12:39:51 INFO  Assertion that path exists=False for "/etc/tedge/apama/project" ... passed
12:39:52 INFO  Executed sudo&lt;create_project_dir&gt;, exit status 0
12:39:52 INFO  Executed sudo&lt;unzip_apama_project&gt;, exit status 0
12:39:53 INFO  Executed sudo&lt;move_apama_project&gt;, exit status 0
12:39:54 INFO  Executed sudo&lt;restart_apama_service&gt;, exit status 0
12:39:55 INFO  Executed sudo&lt;apama_correlator_wait&gt;, exit status 0
12:39:55 INFO  Assertion that path exists=True for "/etc/tedge/apama/project" ... passed
12:39:55 INFO  Executed sudo&lt;apama_list_monitors&gt;, exit status 0
12:39:55 INFO  Grep on file /home/pi/actions-runner/_work/thin-edge.io/thin-edge.io/tests/PySys/plugin_apama/apama_plugin_update/Output/linux/apama_list_monitors.out ... passed
12:39:56 WARN  Executed sudo&lt;plugin_install&gt;, exit status 2
12:39:56 INFO  Contents of plugin_install.err: 
  ERROR: Directory not empty (os error 39)
  -----

12:39:57 WARN  sudo&lt;plugin_install&gt; returned non-zero exit code 2 ... blocked [run.py:35]
12:39:57 WARN  Aborted test due to BLOCKED outcome
12:39:57 INFO  
12:39:57 INFO  cleanup:
12:39:57 INFO  Removing apama project
12:40:15 INFO  Executed sudo&lt;stop_apama_service&gt;, exit status 0, duration 18 secs
12:40:16 INFO  Executed sudo&lt;remove_apama_project&gt;, exit status 0
12:40:16 INFO  Executed sudo&lt;remove_apama_tmp_dir&gt;, exit status 0
12:40:16 INFO  
12:40:16 INFO  Test duration: 25.30 secs
12:40:16 INFO  Test final outcome:  BLOCKED
12:40:16 INFO  Test outcome reason: sudo&lt;plugin_install&gt; returned non-zero exit code 2
12:40:16 INFO  
</system-out>
	</testcase>
<testcase classname="ApamaPluginUpdateTest" name="SoftwareManagement.Plugin.apama_plugin_update">
		<failure message="BLOCKED: sudo&lt;plugin_install&gt; returned non-zero exit code 2" type="BLOCKED" />
		<system-out>12:48:29 INFO  ==============================================================
12:48:29 INFO  Id:    SoftwareManagement.Plugin.apama_plugin_update
12:48:29 INFO  Dir:   plugin_apama/
12:48:29 INFO  Title: Validate apama plugin updating one project with another
12:48:29 INFO  ==============================================================
12:48:29 INFO  Assertion that path exists=False for "/etc/tedge/apama/project" ... passed
12:48:30 INFO  Executed sudo&lt;create_project_dir&gt;, exit status 0
12:48:30 INFO  Executed sudo&lt;unzip_apama_project&gt;, exit status 0
12:48:31 INFO  Executed sudo&lt;move_apama_project&gt;, exit status 0
12:48:32 INFO  Executed sudo&lt;restart_apama_service&gt;, exit status 0
12:48:33 INFO  Executed sudo&lt;apama_correlator_wait&gt;, exit status 0
12:48:33 INFO  Assertion that path exists=True for "/etc/tedge/apama/project" ... passed
12:48:33 INFO  Executed sudo&lt;apama_list_monitors&gt;, exit status 0
12:48:33 INFO  Grep on file /home/pi/actions-runner/_work/thin-edge.io/thin-edge.io/tests/PySys/plugin_apama/apama_plugin_update/Output/linux/apama_list_monitors.out ... passed
12:48:34 WARN  Executed sudo&lt;plugin_install&gt;, exit status 2
12:48:34 INFO  Contents of plugin_install.err: 
  ERROR: Directory not empty (os error 39)
  -----

12:48:34 WARN  sudo&lt;plugin_install&gt; returned non-zero exit code 2 ... blocked [run.py:35]
12:48:34 WARN  Aborted test due to BLOCKED outcome
12:48:34 INFO  
12:48:34 INFO  cleanup:
12:48:34 INFO  Removing apama project
12:48:49 INFO  Executed sudo&lt;stop_apama_service&gt;, exit status 0, duration 15 secs
12:48:50 INFO  Executed sudo&lt;remove_apama_project&gt;, exit status 0
12:48:50 INFO  Executed sudo&lt;remove_apama_tmp_dir&gt;, exit status 0
12:48:50 INFO  
12:48:50 INFO  Test duration: 21.24 secs
12:48:50 INFO  Test final outcome:  BLOCKED
12:48:50 INFO  Test outcome reason: sudo&lt;plugin_install&gt; returned non-zero exit code 2
12:48:50 INFO  
</system-out>
	</testcase>
</testsuite><testsuite name="SoftwareManagement.sm_apt_install_download_path" tests="3" errors="0" failures="2" skipped="1" time="0"><testcase classname="AptInstallWithDownloadPath" name="SoftwareManagement.sm_apt_install_download_path">
		<skipped message="SKIPPED: Testing the apt plugin is not supported on this platform.Use parameter -XmyPlatform='container' to enable it" />
		<system-out>11:58:22 INFO  ==============================================================
11:58:22 INFO  Id:    SoftwareManagement.sm_apt_install_download_path
11:58:22 INFO  Dir:   software_management_end_to_end/
11:58:22 INFO  Title: Install package to directory specified in tedge config set tmp.path
11:58:22 INFO  ==============================================================
11:58:22 INFO  Testing the apt plugin is not supported on this platform.Use parameter -XmyPlatform='container' to enable it ... skipped
11:58:22 WARN  Aborted test due to SKIPPED outcome
11:58:22 INFO  
11:58:22 INFO  Test duration: 0.06 secs
11:58:22 INFO  Test final outcome:  SKIPPED
11:58:22 INFO  Test outcome reason: Testing the apt plugin is not supported on this platform.Use parameter -XmyPlatform='container' to enable it
11:58:22 INFO  
</system-out>
	</testcase>
<testcase classname="AptInstallWithDownloadPath" name="SoftwareManagement.sm_apt_install_download_path">
		<failure message="BLOCKED: AssertionError:" type="BLOCKED" />
		<system-out>12:21:43 INFO  ==============================================================
12:21:43 INFO  Id:    SoftwareManagement.sm_apt_install_download_path
12:21:43 INFO  Dir:   software_management_end_to_end/
12:21:43 INFO  Title: Install package to directory specified in tedge config set tmp.path
12:21:43 INFO  ==============================================================
12:21:44 INFO  Using sw id database: {'asciijump': '5475369', 'robotfindskitten': '5474869', 'squirrel3': '5475279', 'rolldice': '5152439', 'moon-buggy': '5439204', 'apple': '5495053', 'banana': '5494888', 'cherry': '5495382', 'watermelon': '5494510', 'registry': '8018911', 'hello-world': '8021526', 'docker/getting-started': '8021973', 'alpine': '7991792'}
12:21:44 INFO  EnvironmentC8y Setup
12:21:44 INFO  Executed systemctl&lt;serv_mapper1&gt;, exit status 3
12:21:59 INFO  Executed sudo&lt;tedge_connect_c8y&gt;, exit status 0, duration 14 secs
12:22:01 INFO  Executed sudo&lt;tedge_connect_c8y_test&gt;, exit status 0
12:22:02 INFO  Executed systemctl&lt;serv_mosq2&gt;, exit status 0
12:22:02 INFO  Executed systemctl&lt;serv_mapper3&gt;, exit status 0
12:22:05 INFO  State of current operation: SUCCESSFUL
12:22:05 INFO  Assert that (False == value) with value=False ... passed
12:22:05 INFO  Executed sudo, exit status 0
12:22:06 INFO  Executed sudo, exit status 0
12:22:06 INFO  Executed sudo, exit status 0
12:22:10 INFO  Executed sudo&lt;tedge_disconnect_c8y&gt;, exit status 0
12:22:10 INFO  Restarting mosquitto too frequently in the last 10 seconds. It was only up for 3 seconds
12:22:10 INFO  Delaying execution by 8 seconds
12:22:32 INFO  Executed sudo&lt;tedge_connect_c8y&gt;, exit status 0, duration 13 secs
12:22:32 INFO  Response status: 201
12:22:32 INFO  Response to action: {
    "creationTime": "2022-07-25T12:22:32.800Z",
    "deviceId": "21360362",
    "deviceName": "m32sd10d",
    "self": "https://t493319102.eu-latest.cumulocity.com/devicecontrol/operations/21385387",
    "id": "21385387",
    "status": "PENDING",
    "description": "Apply software changes, triggered from PySys: [{'name': 'rolldice', 'id': '5152439', 'version': '::apt', 'url': 'https://thin-edge-io.eu-latest.cumulocity.com/inventory/binaries/12435463', 'action': 'install'}]",
    "c8y_SoftwareUpdate": [
        {
            "name": "rolldice",
            "action": "install",
            "id": "5152439",
            "version": "::apt",
            "url": "https://thin-edge-io.eu-latest.cumulocity.com/inventory/binaries/12435463"
        }
    ]
}
12:22:32 INFO  Started operation: {'creationTime': '2022-07-25T12:22:32.800Z', 'deviceId': '21360362', 'deviceName': 'm32sd10d', 'self': 'https://t493319102.eu-latest.cumulocity.com/devicecontrol/operations/21385387', 'id': '21385387', 'status': 'PENDING', 'description': "Apply software changes, triggered from PySys: [{'name': 'rolldice', 'id': '5152439', 'version': '::apt', 'url': 'https://thin-edge-io.eu-latest.cumulocity.com/inventory/binaries/12435463', 'action': 'install'}]", 'c8y_SoftwareUpdate': [{'name': 'rolldice', 'action': 'install', 'id': '5152439', 'version': '::apt', 'url': 'https://thin-edge-io.eu-latest.cumulocity.com/inventory/binaries/12435463'}]}
12:22:32 WARN  , retrying in 0.5 seconds...
12:22:33 WARN  , retrying in 0.5 seconds...
12:22:33 WARN  , retrying in 0.5 seconds...
12:22:34 WARN  , retrying in 0.5 seconds...
12:22:34 WARN  , retrying in 0.5 seconds...
12:22:35 WARN  , retrying in 0.5 seconds...
12:22:35 WARN  , retrying in 0.5 seconds...
12:22:36 WARN  , retrying in 0.5 seconds...
12:22:36 WARN  , retrying in 0.5 seconds...
12:22:37 WARN  AssertionError occurred while running test - 
Traceback (most recent call last):
  File "/home/pi/env-pysys/lib/python3.7/site-packages/pysys/baserunner.py", line 1294, in __call__
    self.testObj.execute()
  File "/home/pi/actions-runner/_work/thin-edge.io/thin-edge.io/tests/PySys/software_management_end_to_end/sm_apt_install_download_path/run.py", line 83, in execute
    assert_install_in_download_path(install_directory=self.DOWNLOAD_DIR)
  File "/home/pi/env-pysys/lib/python3.7/site-packages/decorator.py", line 232, in fun
    return caller(func, *(extras + args), **kw)
  File "/home/pi/env-pysys/lib/python3.7/site-packages/retry/api.py", line 74, in retry_decorator
    logger)
  File "/home/pi/env-pysys/lib/python3.7/site-packages/retry/api.py", line 33, in __retry_internal
    return f()
  File "/home/pi/actions-runner/_work/thin-edge.io/thin-edge.io/tests/PySys/software_management_end_to_end/sm_apt_install_download_path/run.py", line 28, in assert_install_in_download_path
    assert "rolldice" in os.listdir(f"{install_directory}")
AssertionError
12:22:38 WARN  AssertionError: ... blocked 
12:22:38 INFO  
12:22:38 INFO  cleanup:
12:22:38 INFO  Executed sudo, exit status 0
12:22:39 INFO  Executed sudo, exit status 0
12:22:43 INFO  Executed sudo&lt;tedge_disconnect_c8y&gt;, exit status 0
12:22:43 INFO  Restarting mosquitto too frequently in the last 10 seconds. It was only up for 4 seconds
12:22:43 INFO  Delaying execution by 7 seconds
12:23:04 INFO  Executed sudo&lt;tedge_connect_c8y&gt;, exit status 0, duration 14 secs
12:23:09 INFO  Executed sudo&lt;tedge_disconnect_c8y&gt;, exit status 0
12:23:09 INFO  Executed systemctl&lt;serv_mapper5&gt;, exit status 3
12:23:09 INFO  
12:23:09 INFO  Test duration: 85.82 secs
12:23:09 INFO  Test final outcome:  BLOCKED
12:23:09 INFO  Test outcome reason: AssertionError:
12:23:09 INFO  
</system-out>
	</testcase>
<testcase classname="AptInstallWithDownloadPath" name="SoftwareManagement.sm_apt_install_download_path">
		<failure message="BLOCKED: AssertionError:" type="BLOCKED" />
		<system-out>12:48:51 INFO  ==============================================================
12:48:51 INFO  Id:    SoftwareManagement.sm_apt_install_download_path
12:48:51 INFO  Dir:   software_management_end_to_end/
12:48:51 INFO  Title: Install package to directory specified in tedge config set tmp.path
12:48:51 INFO  ==============================================================
12:48:52 INFO  Using sw id database: {'asciijump': '5475369', 'robotfindskitten': '5474869', 'squirrel3': '5475279', 'rolldice': '5152439', 'moon-buggy': '5439204', 'apple': '5495053', 'banana': '5494888', 'cherry': '5495382', 'watermelon': '5494510', 'registry': '8018911', 'hello-world': '8021526', 'docker/getting-started': '8021973', 'alpine': '7991792'}
12:48:52 INFO  EnvironmentC8y Setup
12:48:52 INFO  Executed systemctl&lt;serv_mapper1&gt;, exit status 3
12:49:07 INFO  Executed sudo&lt;tedge_connect_c8y&gt;, exit status 0, duration 14 secs
12:49:07 INFO  Executed sudo&lt;tedge_connect_c8y_test&gt;, exit status 0
12:49:08 INFO  Executed systemctl&lt;serv_mosq2&gt;, exit status 0
12:49:08 INFO  Executed systemctl&lt;serv_mapper3&gt;, exit status 0
12:49:10 INFO  State of current operation: SUCCESSFUL
12:49:11 INFO  Assert that (False == value) with value=False ... passed
12:49:11 INFO  Executed sudo, exit status 0
12:49:12 INFO  Executed sudo, exit status 0
12:49:12 INFO  Executed sudo, exit status 0
12:49:16 INFO  Executed sudo&lt;tedge_disconnect_c8y&gt;, exit status 0
12:49:16 INFO  Restarting mosquitto too frequently in the last 10 seconds. It was only up for 3 seconds
12:49:16 INFO  Delaying execution by 8 seconds
12:49:38 INFO  Executed sudo&lt;tedge_connect_c8y&gt;, exit status 0, duration 13 secs
12:49:38 INFO  Response status: 201
12:49:38 INFO  Response to action: {
    "creationTime": "2022-07-25T12:49:38.912Z",
    "deviceId": "21360362",
    "deviceName": "m32sd10d",
    "self": "https://t493319102.eu-latest.cumulocity.com/devicecontrol/operations/21385583",
    "id": "21385583",
    "status": "PENDING",
    "description": "Apply software changes, triggered from PySys: [{'name': 'rolldice', 'id': '5152439', 'version': '::apt', 'url': 'https://thin-edge-io.eu-latest.cumulocity.com/inventory/binaries/12435463', 'action': 'install'}]",
    "c8y_SoftwareUpdate": [
        {
            "name": "rolldice",
            "action": "install",
            "id": "5152439",
            "version": "::apt",
            "url": "https://thin-edge-io.eu-latest.cumulocity.com/inventory/binaries/12435463"
        }
    ]
}
12:49:38 INFO  Started operation: {'creationTime': '2022-07-25T12:49:38.912Z', 'deviceId': '21360362', 'deviceName': 'm32sd10d', 'self': 'https://t493319102.eu-latest.cumulocity.com/devicecontrol/operations/21385583', 'id': '21385583', 'status': 'PENDING', 'description': "Apply software changes, triggered from PySys: [{'name': 'rolldice', 'id': '5152439', 'version': '::apt', 'url': 'https://thin-edge-io.eu-latest.cumulocity.com/inventory/binaries/12435463', 'action': 'install'}]", 'c8y_SoftwareUpdate': [{'name': 'rolldice', 'action': 'install', 'id': '5152439', 'version': '::apt', 'url': 'https://thin-edge-io.eu-latest.cumulocity.com/inventory/binaries/12435463'}]}
12:49:38 WARN  , retrying in 0.5 seconds...
12:49:39 WARN  , retrying in 0.5 seconds...
12:49:39 WARN  , retrying in 0.5 seconds...
12:49:40 WARN  , retrying in 0.5 seconds...
12:49:40 WARN  , retrying in 0.5 seconds...
12:49:41 WARN  , retrying in 0.5 seconds...
12:49:42 WARN  , retrying in 0.5 seconds...
12:49:42 WARN  , retrying in 0.5 seconds...
12:49:43 WARN  , retrying in 0.5 seconds...
12:49:43 WARN  AssertionError occurred while running test - 
Traceback (most recent call last):
  File "/home/pi/env-pysys/lib/python3.7/site-packages/pysys/baserunner.py", line 1294, in __call__
    self.testObj.execute()
  File "/home/pi/actions-runner/_work/thin-edge.io/thin-edge.io/tests/PySys/software_management_end_to_end/sm_apt_install_download_path/run.py", line 83, in execute
    assert_install_in_download_path(install_directory=self.DOWNLOAD_DIR)
  File "/home/pi/env-pysys/lib/python3.7/site-packages/decorator.py", line 232, in fun
    return caller(func, *(extras + args), **kw)
  File "/home/pi/env-pysys/lib/python3.7/site-packages/retry/api.py", line 74, in retry_decorator
    logger)
  File "/home/pi/env-pysys/lib/python3.7/site-packages/retry/api.py", line 33, in __retry_internal
    return f()
  File "/home/pi/actions-runner/_work/thin-edge.io/thin-edge.io/tests/PySys/software_management_end_to_end/sm_apt_install_download_path/run.py", line 28, in assert_install_in_download_path
    assert "rolldice" in os.listdir(f"{install_directory}")
AssertionError
12:49:43 WARN  AssertionError: ... blocked 
12:49:43 INFO  
12:49:43 INFO  cleanup:
12:49:44 INFO  Executed sudo, exit status 0
12:49:44 INFO  Executed sudo, exit status 0
12:49:49 INFO  Executed sudo&lt;tedge_disconnect_c8y&gt;, exit status 0
12:49:49 INFO  Restarting mosquitto too frequently in the last 10 seconds. It was only up for 4 seconds
12:49:49 INFO  Delaying execution by 7 seconds
12:50:10 INFO  Executed sudo&lt;tedge_connect_c8y&gt;, exit status 0, duration 14 secs
12:50:14 INFO  Executed sudo&lt;tedge_disconnect_c8y&gt;, exit status 0
12:50:15 INFO  Executed systemctl&lt;serv_mapper5&gt;, exit status 3
12:50:15 INFO  
12:50:15 INFO  Test duration: 84.20 secs
12:50:15 INFO  Test final outcome:  BLOCKED
12:50:15 INFO  Test outcome reason: AssertionError:
12:50:15 INFO  
</system-out>
	</testcase>
</testsuite><testsuite name="SoftwareManagement.sm_apt_install_fail" tests="3" errors="0" failures="0" skipped="1" time="0"><testcase classname="PySysTest" name="SoftwareManagement.sm_apt_install_fail">
		<skipped message="SKIPPED: Testing the apt plugin is not supported on this platform.Use parameter -XmyPlatform='container' to enable it" />
		<system-out>11:58:22 INFO  ==============================================================
11:58:22 INFO  Id:    SoftwareManagement.sm_apt_install_fail
11:58:22 INFO  Dir:   software_management_end_to_end/
11:58:22 INFO  Title: Validate end to end behaviour for a failing installation
11:58:22 INFO  ==============================================================
11:58:22 INFO  Testing the apt plugin is not supported on this platform.Use parameter -XmyPlatform='container' to enable it ... skipped
11:58:22 WARN  Aborted test due to SKIPPED outcome
11:58:22 INFO  
11:58:22 INFO  Test duration: 0.02 secs
11:58:22 INFO  Test final outcome:  SKIPPED
11:58:22 INFO  Test outcome reason: Testing the apt plugin is not supported on this platform.Use parameter -XmyPlatform='container' to enable it
11:58:22 INFO  
</system-out>
	</testcase>
<testcase classname="PySysTest" name="SoftwareManagement.sm_apt_install_fail" />
<testcase classname="PySysTest" name="SoftwareManagement.sm_apt_install_fail" />
</testsuite><testsuite name="SoftwareManagement.sm_apt_install_remove" tests="3" errors="0" failures="0" skipped="1" time="0"><testcase classname="PySysTest" name="SoftwareManagement.sm_apt_install_remove">
		<skipped message="SKIPPED: Testing the apt plugin is not supported on this platform.Use parameter -XmyPlatform='container' to enable it" />
		<system-out>11:58:22 INFO  ==============================================================
11:58:22 INFO  Id:    SoftwareManagement.sm_apt_install_remove
11:58:22 INFO  Dir:   software_management_end_to_end/
11:58:22 INFO  Title: Validate end to end behaviour for the apt plugin for installation and removal of packages
11:58:22 INFO  ==============================================================
11:58:22 INFO  Testing the apt plugin is not supported on this platform.Use parameter -XmyPlatform='container' to enable it ... skipped
11:58:22 WARN  Aborted test due to SKIPPED outcome
11:58:22 INFO  
11:58:22 INFO  Test duration: 0.03 secs
11:58:22 INFO  Test final outcome:  SKIPPED
11:58:22 INFO  Test outcome reason: Testing the apt plugin is not supported on this platform.Use parameter -XmyPlatform='container' to enable it
11:58:22 INFO  
</system-out>
	</testcase>
<testcase classname="PySysTest" name="SoftwareManagement.sm_apt_install_remove" />
<testcase classname="PySysTest" name="SoftwareManagement.sm_apt_install_remove" />
</testsuite><testsuite name="SoftwareManagement.sm_apt_install_remove_default" tests="3" errors="0" failures="0" skipped="1" time="0"><testcase classname="PySysTest" name="SoftwareManagement.sm_apt_install_remove_default">
		<skipped message="SKIPPED: Testing the apt plugin is not supported on this platform.Use parameter -XmyPlatform='container' to enable it" />
		<system-out>11:58:22 INFO  ==============================================================
11:58:22 INFO  Id:    SoftwareManagement.sm_apt_install_remove_default
11:58:22 INFO  Dir:   software_management_end_to_end/
11:58:22 INFO  Title: Validate end to end behaviour for the default plugin for installation and removal of packages
11:58:22 INFO  ==============================================================
11:58:22 INFO  Testing the apt plugin is not supported on this platform.Use parameter -XmyPlatform='container' to enable it ... skipped
11:58:22 WARN  Aborted test due to SKIPPED outcome
11:58:22 INFO  
11:58:22 INFO  Test duration: 0.02 secs
11:58:22 INFO  Test final outcome:  SKIPPED
11:58:22 INFO  Test outcome reason: Testing the apt plugin is not supported on this platform.Use parameter -XmyPlatform='container' to enable it
11:58:22 INFO  
</system-out>
	</testcase>
<testcase classname="PySysTest" name="SoftwareManagement.sm_apt_install_remove_default" />
<testcase classname="PySysTest" name="SoftwareManagement.sm_apt_install_remove_default" />
</testsuite><testsuite name="SoftwareManagement.sm_apt_install_remove_multiple" tests="3" errors="0" failures="2" skipped="1" time="0"><testcase classname="PySysTest" name="SoftwareManagement.sm_apt_install_remove_multiple">
		<skipped message="SKIPPED: Testing the apt plugin is not supported on this platform.Use parameter -XmyPlatform='container' to enable it" />
		<system-out>11:58:22 INFO  ==============================================================
11:58:22 INFO  Id:    SoftwareManagement.sm_apt_install_remove_multiple
11:58:22 INFO  Dir:   software_management_end_to_end/
11:58:22 INFO  Title: Validate end to end behaviour for the apt plugin for multiple packages
11:58:22 INFO  ==============================================================
11:58:22 INFO  Testing the apt plugin is not supported on this platform.Use parameter -XmyPlatform='container' to enable it ... skipped
11:58:22 WARN  Aborted test due to SKIPPED outcome
11:58:22 INFO  
11:58:22 INFO  Test duration: 0.02 secs
11:58:22 INFO  Test final outcome:  SKIPPED
11:58:22 INFO  Test outcome reason: Testing the apt plugin is not supported on this platform.Use parameter -XmyPlatform='container' to enable it
11:58:22 INFO  
</system-out>
	</testcase>
<testcase classname="PySysTest" name="SoftwareManagement.sm_apt_install_remove_multiple">
		<failure message="FAILED: Assert that (False == value) with value=True" type="FAILED" />
		<system-out>12:29:58 INFO  ==============================================================
12:29:58 INFO  Id:    SoftwareManagement.sm_apt_install_remove_multiple
12:29:58 INFO  Dir:   software_management_end_to_end/
12:29:58 INFO  Title: Validate end to end behaviour for the apt plugin for multiple packages
12:29:58 INFO  ==============================================================
12:29:58 INFO  Using sw id database: {'asciijump': '5475369', 'robotfindskitten': '5474869', 'squirrel3': '5475279', 'rolldice': '5152439', 'moon-buggy': '5439204', 'apple': '5495053', 'banana': '5494888', 'cherry': '5495382', 'watermelon': '5494510', 'registry': '8018911', 'hello-world': '8021526', 'docker/getting-started': '8021973', 'alpine': '7991792'}
12:29:58 INFO  EnvironmentC8y Setup
12:29:58 INFO  Executed systemctl&lt;serv_mapper1&gt;, exit status 3
12:29:59 INFO  Restarting mosquitto too frequently in the last 10 seconds. It was only up for 5 seconds
12:29:59 INFO  Delaying execution by 6 seconds
12:30:19 INFO  Executed sudo&lt;tedge_connect_c8y&gt;, exit status 0, duration 13 secs
12:30:19 INFO  Executed sudo&lt;tedge_connect_c8y_test&gt;, exit status 0
12:30:20 INFO  Executed systemctl&lt;serv_mosq2&gt;, exit status 0
12:30:20 INFO  Executed systemctl&lt;serv_mapper3&gt;, exit status 0
12:30:22 INFO  State of current operation: SUCCESSFUL
12:30:23 INFO  Assert that (False == value) with value=False ... passed
12:30:23 INFO  Assert that (False == value) with value=False ... passed
12:30:23 INFO  Assert that (False == value) with value=False ... passed
12:30:23 INFO  Package robotfindskitten is installed
12:30:23 WARN  Assert that (False == value) with value=True ... failed 
12:30:24 INFO  Response status: 201
12:30:24 INFO  Response to action: {
    "delivery": {
        "log": [],
        "time": "2022-07-25T12:30:24.026Z",
        "status": "PENDING"
    },
    "creationTime": "2022-07-25T12:30:24.007Z",
    "deviceId": "21360362",
    "deviceName": "m32sd10d",
    "self": "https://t493319102.eu-latest.cumulocity.com/devicecontrol/operations/21385472",
    "id": "21385472",
    "status": "PENDING",
    "description": "Apply software changes, triggered from PySys: [{'action': 'install', 'id': '5475369', 'name': 'asciijump', 'url': ' ', 'version': '::apt'}, {'action': 'install', 'id': '5474869', 'name': 'robotfindskitten', 'url': ' ', 'version': '::apt'}, {'action': 'install', 'id': '5475279', 'name': 'squirrel3', 'url': ' ', 'version': '::apt'}]",
    "c8y_SoftwareUpdate": [
        {
            "name": "asciijump",
            "action": "install",
            "id": "5475369",
            "version": "::apt",
            "url": " "
        },
        {
            "name": "robotfindskitten",
            "action": "install",
            "id": "5474869",
            "version": "::apt",
            "url": " "
        },
        {
            "name": "squirrel3",
            "action": "install",
            "id": "5475279",
            "version": "::apt",
            "url": " "
        }
    ]
}
12:30:24 INFO  Started operation: {'delivery': {'log': [], 'time': '2022-07-25T12:30:24.026Z', 'status': 'PENDING'}, 'creationTime': '2022-07-25T12:30:24.007Z', 'deviceId': '21360362', 'deviceName': 'm32sd10d', 'self': 'https://t493319102.eu-latest.cumulocity.com/devicecontrol/operations/21385472', 'id': '21385472', 'status': 'PENDING', 'description': "Apply software changes, triggered from PySys: [{'action': 'install', 'id': '5475369', 'name': 'asciijump', 'url': ' ', 'version': '::apt'}, {'action': 'install', 'id': '5474869', 'name': 'robotfindskitten', 'url': ' ', 'version': '::apt'}, {'action': 'install', 'id': '5475279', 'name': 'squirrel3', 'url': ' ', 'version': '::apt'}]", 'c8y_SoftwareUpdate': [{'name': 'asciijump', 'action': 'install', 'id': '5475369', 'version': '::apt', 'url': ' '}, {'name': 'robotfindskitten', 'action': 'install', 'id': '5474869', 'version': '::apt', 'url': ' '}, {'name': 'squirrel3', 'action': 'install', 'id': '5475279', 'version': '::apt', 'url': ' '}]}
12:30:26 INFO  State of operation 21385472 : PENDING
12:30:28 INFO  State of operation 21385472 : EXECUTING
12:30:30 INFO  State of operation 21385472 : EXECUTING
12:30:33 INFO  State of operation 21385472 : EXECUTING
12:30:35 INFO  State of operation 21385472 : EXECUTING
12:30:37 INFO  State of operation 21385472 : EXECUTING
12:30:40 INFO  State of operation 21385472 : EXECUTING
12:30:43 INFO  State of operation 21385472 : EXECUTING
12:30:45 INFO  State of operation 21385472 : EXECUTING
12:30:47 INFO  State of operation 21385472 : EXECUTING
12:30:50 INFO  State of operation 21385472 : EXECUTING
12:30:52 INFO  State of operation 21385472 : EXECUTING
12:30:54 INFO  State of operation 21385472 : EXECUTING
12:30:56 INFO  State of operation 21385472 : EXECUTING
12:30:59 INFO  State of operation 21385472 : EXECUTING
12:31:01 INFO  State of operation 21385472 : EXECUTING
12:31:03 INFO  State of operation 21385472 : EXECUTING
12:31:06 INFO  State of operation 21385472 : EXECUTING
12:31:08 INFO  State of operation 21385472 : EXECUTING
12:31:10 INFO  State of operation 21385472 : EXECUTING
12:31:12 INFO  State of operation 21385472 : EXECUTING
12:31:15 INFO  State of operation 21385472 : EXECUTING
12:31:17 INFO  State of operation 21385472 : EXECUTING
12:31:20 INFO  State of operation 21385472 : EXECUTING
12:31:23 INFO  State of operation 21385472 : EXECUTING
12:31:25 INFO  State of operation 21385472 : EXECUTING
12:31:27 INFO  State of operation 21385472 : EXECUTING
12:31:30 INFO  State of operation 21385472 : EXECUTING
12:31:32 INFO  State of operation 21385472 : EXECUTING
12:31:34 INFO  State of operation 21385472 : EXECUTING
12:31:37 INFO  State of operation 21385472 : EXECUTING
12:31:39 INFO  State of operation 21385472 : EXECUTING
12:31:41 INFO  State of operation 21385472 : EXECUTING
12:31:43 INFO  State of operation 21385472 : SUCCESSFUL
12:31:43 INFO  Assert that (False == value) with value=False ... passed
12:31:44 INFO  Package asciijump is installed
12:31:44 INFO  Assert that (True == value) with value=True ... passed
12:31:44 INFO  Package squirrel3 is installed
12:31:44 INFO  Assert that (True == value) with value=True ... passed
12:31:44 INFO  Package robotfindskitten is installed
12:31:44 INFO  Assert that (True == value) with value=True ... passed
12:31:44 INFO  Response status: 201
12:31:44 INFO  Response to action: {
    "delivery": {
        "log": [],
        "time": "2022-07-25T12:31:44.867Z",
        "status": "PENDING"
    },
    "creationTime": "2022-07-25T12:31:44.848Z",
    "deviceId": "21360362",
    "deviceName": "m32sd10d",
    "self": "https://t493319102.eu-latest.cumulocity.com/devicecontrol/operations/21385489",
    "id": "21385489",
    "status": "PENDING",
    "description": "Apply software changes, triggered from PySys: [{'action': 'delete', 'id': '5475369', 'name': 'asciijump', 'url': ' ', 'version': '::apt'}, {'action': 'delete', 'id': '5474869', 'name': 'robotfindskitten', 'url': ' ', 'version': '::apt'}, {'action': 'delete', 'id': '5475279', 'name': 'squirrel3', 'url': ' ', 'version': '::apt'}]",
    "c8y_SoftwareUpdate": [
        {
            "name": "asciijump",
            "action": "delete",
            "id": "5475369",
            "version": "::apt",
            "url": " "
        },
        {
            "name": "robotfindskitten",
            "action": "delete",
            "id": "5474869",
            "version": "::apt",
            "url": " "
        },
        {
            "name": "squirrel3",
            "action": "delete",
            "id": "5475279",
            "version": "::apt",
            "url": " "
        }
    ]
}
12:31:44 INFO  Started operation: {'delivery': {'log': [], 'time': '2022-07-25T12:31:44.867Z', 'status': 'PENDING'}, 'creationTime': '2022-07-25T12:31:44.848Z', 'deviceId': '21360362', 'deviceName': 'm32sd10d', 'self': 'https://t493319102.eu-latest.cumulocity.com/devicecontrol/operations/21385489', 'id': '21385489', 'status': 'PENDING', 'description': "Apply software changes, triggered from PySys: [{'action': 'delete', 'id': '5475369', 'name': 'asciijump', 'url': ' ', 'version': '::apt'}, {'action': 'delete', 'id': '5474869', 'name': 'robotfindskitten', 'url': ' ', 'version': '::apt'}, {'action': 'delete', 'id': '5475279', 'name': 'squirrel3', 'url': ' ', 'version': '::apt'}]", 'c8y_SoftwareUpdate': [{'name': 'asciijump', 'action': 'delete', 'id': '5475369', 'version': '::apt', 'url': ' '}, {'name': 'robotfindskitten', 'action': 'delete', 'id': '5474869', 'version': '::apt', 'url': ' '}, {'name': 'squirrel3', 'action': 'delete', 'id': '5475279', 'version': '::apt', 'url': ' '}]}
12:31:47 INFO  State of operation 21385489 : PENDING
12:31:49 INFO  State of operation 21385489 : EXECUTING
12:31:51 INFO  State of operation 21385489 : EXECUTING
12:31:53 INFO  State of operation 21385489 : EXECUTING
12:31:56 INFO  State of operation 21385489 : EXECUTING
12:31:58 INFO  State of operation 21385489 : EXECUTING
12:32:01 INFO  State of operation 21385489 : EXECUTING
12:32:03 INFO  State of operation 21385489 : EXECUTING
12:32:06 INFO  State of operation 21385489 : EXECUTING
12:32:08 INFO  State of operation 21385489 : EXECUTING
12:32:10 INFO  State of operation 21385489 : EXECUTING
12:32:12 INFO  State of operation 21385489 : EXECUTING
12:32:15 INFO  State of operation 21385489 : EXECUTING
12:32:17 INFO  State of operation 21385489 : EXECUTING
12:32:19 INFO  State of operation 21385489 : EXECUTING
12:32:22 INFO  State of operation 21385489 : EXECUTING
12:32:24 INFO  State of operation 21385489 : EXECUTING
12:32:27 INFO  State of operation 21385489 : EXECUTING
12:32:29 INFO  State of operation 21385489 : EXECUTING
12:32:32 INFO  State of operation 21385489 : EXECUTING
12:32:34 INFO  State of operation 21385489 : EXECUTING
12:32:36 INFO  State of operation 21385489 : EXECUTING
12:32:38 INFO  State of operation 21385489 : EXECUTING
12:32:41 INFO  State of operation 21385489 : EXECUTING
12:32:43 INFO  State of operation 21385489 : EXECUTING
12:32:46 INFO  State of operation 21385489 : EXECUTING
12:32:48 INFO  State of operation 21385489 : EXECUTING
12:32:50 INFO  State of operation 21385489 : SUCCESSFUL
12:32:50 INFO  Assert that (False == value) with value=False ... passed
12:32:51 INFO  Assert that (False == value) with value=False ... passed
12:32:51 INFO  Assert that (False == value) with value=False ... passed
12:32:51 INFO  Assert that (False == value) with value=False ... passed
12:32:51 INFO  
12:32:51 INFO  cleanup:
12:32:55 INFO  Executed sudo&lt;tedge_disconnect_c8y&gt;, exit status 0
12:32:56 INFO  Executed systemctl&lt;serv_mapper5&gt;, exit status 3
12:32:56 INFO  
12:32:56 INFO  Test duration: 177.84 secs
12:32:56 INFO  Test final outcome:  FAILED
12:32:56 INFO  Test outcome reason: Assert that (False == value) with value=True
12:32:56 INFO  
</system-out>
	</testcase>
<testcase classname="PySysTest" name="SoftwareManagement.sm_apt_install_remove_multiple">
		<failure message="FAILED: Assert that (False == value) with value=True (+2 other failures)" type="FAILED" />
		<system-out>12:56:47 INFO  ==============================================================
12:56:47 INFO  Id:    SoftwareManagement.sm_apt_install_remove_multiple
12:56:47 INFO  Dir:   software_management_end_to_end/
12:56:47 INFO  Title: Validate end to end behaviour for the apt plugin for multiple packages
12:56:47 INFO  ==============================================================
12:56:47 INFO  Using sw id database: {'asciijump': '5475369', 'robotfindskitten': '5474869', 'squirrel3': '5475279', 'rolldice': '5152439', 'moon-buggy': '5439204', 'apple': '5495053', 'banana': '5494888', 'cherry': '5495382', 'watermelon': '5494510', 'registry': '8018911', 'hello-world': '8021526', 'docker/getting-started': '8021973', 'alpine': '7991792'}
12:56:47 INFO  EnvironmentC8y Setup
12:56:48 INFO  Executed systemctl&lt;serv_mapper1&gt;, exit status 3
12:56:48 INFO  Restarting mosquitto too frequently in the last 10 seconds. It was only up for 5 seconds
12:56:48 INFO  Delaying execution by 6 seconds
12:57:08 INFO  Executed sudo&lt;tedge_connect_c8y&gt;, exit status 0, duration 13 secs
12:57:09 INFO  Executed sudo&lt;tedge_connect_c8y_test&gt;, exit status 0
12:57:09 INFO  Executed systemctl&lt;serv_mosq2&gt;, exit status 0
12:57:09 INFO  Executed systemctl&lt;serv_mapper3&gt;, exit status 0
12:57:12 INFO  State of current operation: SUCCESSFUL
12:57:12 INFO  Assert that (False == value) with value=False ... passed
12:57:12 INFO  Package asciijump is installed
12:57:13 WARN  Assert that (False == value) with value=True ... failed 
12:57:13 INFO  Package squirrel3 is installed
12:57:13 WARN  Assert that (False == value) with value=True ... failed 
12:57:13 INFO  Package robotfindskitten is installed
12:57:13 WARN  Assert that (False == value) with value=True ... failed 
12:57:13 INFO  Response status: 201
12:57:13 INFO  Response to action: {
    "creationTime": "2022-07-25T12:57:13.732Z",
    "deviceId": "21360362",
    "deviceName": "m32sd10d",
    "self": "https://t493319102.eu-latest.cumulocity.com/devicecontrol/operations/21385650",
    "id": "21385650",
    "status": "PENDING",
    "description": "Apply software changes, triggered from PySys: [{'action': 'install', 'id': '5475369', 'name': 'asciijump', 'url': ' ', 'version': '::apt'}, {'action': 'install', 'id': '5474869', 'name': 'robotfindskitten', 'url': ' ', 'version': '::apt'}, {'action': 'install', 'id': '5475279', 'name': 'squirrel3', 'url': ' ', 'version': '::apt'}]",
    "c8y_SoftwareUpdate": [
        {
            "name": "asciijump",
            "action": "install",
            "id": "5475369",
            "version": "::apt",
            "url": " "
        },
        {
            "name": "robotfindskitten",
            "action": "install",
            "id": "5474869",
            "version": "::apt",
            "url": " "
        },
        {
            "name": "squirrel3",
            "action": "install",
            "id": "5475279",
            "version": "::apt",
            "url": " "
        }
    ]
}
12:57:13 INFO  Started operation: {'creationTime': '2022-07-25T12:57:13.732Z', 'deviceId': '21360362', 'deviceName': 'm32sd10d', 'self': 'https://t493319102.eu-latest.cumulocity.com/devicecontrol/operations/21385650', 'id': '21385650', 'status': 'PENDING', 'description': "Apply software changes, triggered from PySys: [{'action': 'install', 'id': '5475369', 'name': 'asciijump', 'url': ' ', 'version': '::apt'}, {'action': 'install', 'id': '5474869', 'name': 'robotfindskitten', 'url': ' ', 'version': '::apt'}, {'action': 'install', 'id': '5475279', 'name': 'squirrel3', 'url': ' ', 'version': '::apt'}]", 'c8y_SoftwareUpdate': [{'name': 'asciijump', 'action': 'install', 'id': '5475369', 'version': '::apt', 'url': ' '}, {'name': 'robotfindskitten', 'action': 'install', 'id': '5474869', 'version': '::apt', 'url': ' '}, {'name': 'squirrel3', 'action': 'install', 'id': '5475279', 'version': '::apt', 'url': ' '}]}
12:57:16 INFO  State of operation 21385650 : PENDING
12:57:18 INFO  State of operation 21385650 : EXECUTING
12:57:20 INFO  State of operation 21385650 : EXECUTING
12:57:22 INFO  State of operation 21385650 : EXECUTING
12:57:24 INFO  State of operation 21385650 : EXECUTING
12:57:27 INFO  State of operation 21385650 : EXECUTING
12:57:29 INFO  State of operation 21385650 : EXECUTING
12:57:32 INFO  State of operation 21385650 : EXECUTING
12:57:35 INFO  State of operation 21385650 : EXECUTING
12:57:37 INFO  State of operation 21385650 : EXECUTING
12:57:39 INFO  State of operation 21385650 : EXECUTING
12:57:42 INFO  State of operation 21385650 : EXECUTING
12:57:44 INFO  State of operation 21385650 : EXECUTING
12:57:46 INFO  State of operation 21385650 : EXECUTING
12:57:48 INFO  State of operation 21385650 : EXECUTING
12:57:51 INFO  State of operation 21385650 : SUCCESSFUL
12:57:51 INFO  Assert that (False == value) with value=False ... passed
12:57:51 INFO  Package asciijump is installed
12:57:51 INFO  Assert that (True == value) with value=True ... passed
12:57:51 INFO  Package squirrel3 is installed
12:57:51 INFO  Assert that (True == value) with value=True ... passed
12:57:51 INFO  Package robotfindskitten is installed
12:57:52 INFO  Assert that (True == value) with value=True ... passed
12:57:52 INFO  Response status: 201
12:57:52 INFO  Response to action: {
    "creationTime": "2022-07-25T12:57:52.181Z",
    "deviceId": "21360362",
    "deviceName": "m32sd10d",
    "self": "https://t493319102.eu-latest.cumulocity.com/devicecontrol/operations/21385658",
    "id": "21385658",
    "status": "PENDING",
    "description": "Apply software changes, triggered from PySys: [{'action': 'delete', 'id': '5475369', 'name': 'asciijump', 'url': ' ', 'version': '::apt'}, {'action': 'delete', 'id': '5474869', 'name': 'robotfindskitten', 'url': ' ', 'version': '::apt'}, {'action': 'delete', 'id': '5475279', 'name': 'squirrel3', 'url': ' ', 'version': '::apt'}]",
    "c8y_SoftwareUpdate": [
        {
            "name": "asciijump",
            "action": "delete",
            "id": "5475369",
            "version": "::apt",
            "url": " "
        },
        {
            "name": "robotfindskitten",
            "action": "delete",
            "id": "5474869",
            "version": "::apt",
            "url": " "
        },
        {
            "name": "squirrel3",
            "action": "delete",
            "id": "5475279",
            "version": "::apt",
            "url": " "
        }
    ]
}
12:57:52 INFO  Started operation: {'creationTime': '2022-07-25T12:57:52.181Z', 'deviceId': '21360362', 'deviceName': 'm32sd10d', 'self': 'https://t493319102.eu-latest.cumulocity.com/devicecontrol/operations/21385658', 'id': '21385658', 'status': 'PENDING', 'description': "Apply software changes, triggered from PySys: [{'action': 'delete', 'id': '5475369', 'name': 'asciijump', 'url': ' ', 'version': '::apt'}, {'action': 'delete', 'id': '5474869', 'name': 'robotfindskitten', 'url': ' ', 'version': '::apt'}, {'action': 'delete', 'id': '5475279', 'name': 'squirrel3', 'url': ' ', 'version': '::apt'}]", 'c8y_SoftwareUpdate': [{'name': 'asciijump', 'action': 'delete', 'id': '5475369', 'version': '::apt', 'url': ' '}, {'name': 'robotfindskitten', 'action': 'delete', 'id': '5474869', 'version': '::apt', 'url': ' '}, {'name': 'squirrel3', 'action': 'delete', 'id': '5475279', 'version': '::apt', 'url': ' '}]}
12:57:54 INFO  State of operation 21385658 : PENDING
12:57:56 INFO  State of operation 21385658 : EXECUTING
12:57:59 INFO  State of operation 21385658 : EXECUTING
12:58:01 INFO  State of operation 21385658 : EXECUTING
12:58:03 INFO  State of operation 21385658 : EXECUTING
12:58:05 INFO  State of operation 21385658 : EXECUTING
12:58:08 INFO  State of operation 21385658 : EXECUTING
12:58:11 INFO  State of operation 21385658 : EXECUTING
12:58:13 INFO  State of operation 21385658 : EXECUTING
12:58:16 INFO  State of operation 21385658 : EXECUTING
12:58:18 INFO  State of operation 21385658 : EXECUTING
12:58:20 INFO  State of operation 21385658 : EXECUTING
12:58:22 INFO  State of operation 21385658 : EXECUTING
12:58:25 INFO  State of operation 21385658 : EXECUTING
12:58:27 INFO  State of operation 21385658 : EXECUTING
12:58:29 INFO  State of operation 21385658 : EXECUTING
12:58:31 INFO  State of operation 21385658 : EXECUTING
12:58:35 INFO  State of operation 21385658 : EXECUTING
12:58:37 INFO  State of operation 21385658 : EXECUTING
12:58:39 INFO  State of operation 21385658 : EXECUTING
12:58:41 INFO  State of operation 21385658 : EXECUTING
12:58:44 INFO  State of operation 21385658 : EXECUTING
12:58:46 INFO  State of operation 21385658 : EXECUTING
12:58:48 INFO  State of operation 21385658 : EXECUTING
12:58:51 INFO  State of operation 21385658 : EXECUTING
12:58:53 INFO  State of operation 21385658 : EXECUTING
12:58:56 INFO  State of operation 21385658 : EXECUTING
12:58:58 INFO  State of operation 21385658 : EXECUTING
12:59:00 INFO  State of operation 21385658 : SUCCESSFUL
12:59:00 INFO  Assert that (False == value) with value=False ... passed
12:59:01 INFO  Assert that (False == value) with value=False ... passed
12:59:01 INFO  Assert that (False == value) with value=False ... passed
12:59:01 INFO  Assert that (False == value) with value=False ... passed
12:59:01 INFO  
12:59:01 INFO  cleanup:
12:59:05 INFO  Executed sudo&lt;tedge_disconnect_c8y&gt;, exit status 0
12:59:06 INFO  Executed systemctl&lt;serv_mapper5&gt;, exit status 3
12:59:06 INFO  
12:59:06 INFO  Test duration: 138.24 secs
12:59:06 INFO  Test final outcome:  FAILED
12:59:06 INFO  Test outcome reason: Assert that (False == value) with value=True (+2 other failures)
12:59:06 INFO  
</system-out>
	</testcase>
</testsuite><testsuite name="SoftwareManagement.sm_apt_install_remove_multiple_mixed" tests="3" errors="0" failures="2" skipped="1" time="0"><testcase classname="PySysTest" name="SoftwareManagement.sm_apt_install_remove_multiple_mixed">
		<skipped message="SKIPPED: Testing the apt plugin is not supported on this platform.Use parameter -XmyPlatform='container' to enable it" />
		<system-out>11:58:22 INFO  ==============================================================
11:58:22 INFO  Id:    SoftwareManagement.sm_apt_install_remove_multiple_mixed
11:58:22 INFO  Dir:   software_management_end_to_end/
11:58:22 INFO  Title: Validate end to end behaviour for the apt plugin for multiple packages with mixed versions
11:58:22 INFO  ==============================================================
11:58:22 INFO  Testing the apt plugin is not supported on this platform.Use parameter -XmyPlatform='container' to enable it ... skipped
11:58:22 WARN  Aborted test due to SKIPPED outcome
11:58:22 INFO  
11:58:22 INFO  Test duration: 0.02 secs
11:58:22 INFO  Test final outcome:  SKIPPED
11:58:22 INFO  Test outcome reason: Testing the apt plugin is not supported on this platform.Use parameter -XmyPlatform='container' to enable it
11:58:22 INFO  
</system-out>
	</testcase>
<testcase classname="PySysTest" name="SoftwareManagement.sm_apt_install_remove_multiple_mixed">
		<failure message="BLOCKED: SystemError: Timeout while waiting for status SUCCESSFUL or False" type="BLOCKED" />
		<system-out>12:32:56 INFO  ==============================================================
12:32:56 INFO  Id:    SoftwareManagement.sm_apt_install_remove_multiple_mixed
12:32:56 INFO  Dir:   software_management_end_to_end/
12:32:56 INFO  Title: Validate end to end behaviour for the apt plugin for multiple packages with mixed versions
12:32:56 INFO  ==============================================================
12:32:56 INFO  Using sw id database: {'asciijump': '5475369', 'robotfindskitten': '5474869', 'squirrel3': '5475279', 'rolldice': '5152439', 'moon-buggy': '5439204', 'apple': '5495053', 'banana': '5494888', 'cherry': '5495382', 'watermelon': '5494510', 'registry': '8018911', 'hello-world': '8021526', 'docker/getting-started': '8021973', 'alpine': '7991792'}
12:32:56 INFO  EnvironmentC8y Setup
12:32:56 INFO  Executed systemctl&lt;serv_mapper1&gt;, exit status 3
12:32:57 INFO  Restarting mosquitto too frequently in the last 10 seconds. It was only up for 5 seconds
12:32:57 INFO  Delaying execution by 6 seconds
12:33:17 INFO  Executed sudo&lt;tedge_connect_c8y&gt;, exit status 0, duration 14 secs
12:33:18 INFO  Executed sudo&lt;tedge_connect_c8y_test&gt;, exit status 0
12:33:18 INFO  Executed systemctl&lt;serv_mosq2&gt;, exit status 0
12:33:19 INFO  Executed systemctl&lt;serv_mapper3&gt;, exit status 0
12:33:21 INFO  State of current operation: SUCCESSFUL
12:33:21 INFO  Assert that (False == value) with value=False ... passed
12:33:21 INFO  Assert that (False == value) with value=False ... passed
12:33:22 INFO  Assert that (False == value) with value=False ... passed
12:33:22 INFO  Assert that (False == value) with value=False ... passed
12:33:22 INFO  Assert that (False == value) with value=False ... passed
12:33:23 INFO  Response status: 201
12:33:23 INFO  Response to action: {
    "creationTime": "2022-07-25T12:33:23.659Z",
    "deviceId": "21360362",
    "deviceName": "m32sd10d",
    "self": "https://t493319102.eu-latest.cumulocity.com/devicecontrol/operations/21385504",
    "id": "21385504",
    "status": "PENDING",
    "description": "Apply software changes, triggered from PySys: [{'action': 'install', 'id': '5475369', 'name': 'asciijump', 'url': ' ', 'version': '::apt'}, {'action': 'install', 'id': '5474869', 'name': 'robotfindskitten', 'url': ' ', 'version': ' '}, {'action': 'install', 'id': '5475279', 'name': 'squirrel3', 'url': ' ', 'version': '3.1-7::apt'}, {'action': 'install', 'id': '5152439', 'name': 'rolldice', 'url': ' ', 'version': '1.16-1+b1'}, {'action': 'install', 'id': '5439204', 'name': 'moon-buggy', 'url': ' ', 'version': '1:1.0.51-12'}, {'action': 'install', 'id': '5475369', 'name': 'asciijump', 'url': ' ', 'version': '::apt'}]",
    "c8y_SoftwareUpdate": [
        {
            "name": "asciijump",
            "action": "install",
            "id": "5475369",
            "version": "::apt",
            "url": " "
        },
        {
            "name": "robotfindskitten",
            "action": "install",
            "id": "5474869",
            "version": " ",
            "url": " "
        },
        {
            "name": "squirrel3",
            "action": "install",
            "id": "5475279",
            "version": "3.1-7::apt",
            "url": " "
        },
        {
            "name": "rolldice",
            "action": "install",
            "id": "5152439",
            "version": "1.16-1+b1",
            "url": " "
        },
        {
            "name": "moon-buggy",
            "action": "install",
            "id": "5439204",
            "version": "1:1.0.51-12",
            "url": " "
        },
        {
            "name": "asciijump",
            "action": "install",
            "id": "5475369",
            "version": "::apt",
            "url": " "
        }
    ]
}
12:33:23 INFO  Started operation: {'creationTime': '2022-07-25T12:33:23.659Z', 'deviceId': '21360362', 'deviceName': 'm32sd10d', 'self': 'https://t493319102.eu-latest.cumulocity.com/devicecontrol/operations/21385504', 'id': '21385504', 'status': 'PENDING', 'description': "Apply software changes, triggered from PySys: [{'action': 'install', 'id': '5475369', 'name': 'asciijump', 'url': ' ', 'version': '::apt'}, {'action': 'install', 'id': '5474869', 'name': 'robotfindskitten', 'url': ' ', 'version': ' '}, {'action': 'install', 'id': '5475279', 'name': 'squirrel3', 'url': ' ', 'version': '3.1-7::apt'}, {'action': 'install', 'id': '5152439', 'name': 'rolldice', 'url': ' ', 'version': '1.16-1+b1'}, {'action': 'install', 'id': '5439204', 'name': 'moon-buggy', 'url': ' ', 'version': '1:1.0.51-12'}, {'action': 'install', 'id': '5475369', 'name': 'asciijump', 'url': ' ', 'version': '::apt'}]", 'c8y_SoftwareUpdate': [{'name': 'asciijump', 'action': 'install', 'id': '5475369', 'version': '::apt', 'url': ' '}, {'name': 'robotfindskitten', 'action': 'install', 'id': '5474869', 'version': ' ', 'url': ' '}, {'name': 'squirrel3', 'action': 'install', 'id': '5475279', 'version': '3.1-7::apt', 'url': ' '}, {'name': 'rolldice', 'action': 'install', 'id': '5152439', 'version': '1.16-1+b1', 'url': ' '}, {'name': 'moon-buggy', 'action': 'install', 'id': '5439204', 'version': '1:1.0.51-12', 'url': ' '}, {'name': 'asciijump', 'action': 'install', 'id': '5475369', 'version': '::apt', 'url': ' '}]}
12:33:25 INFO  State of operation 21385504 : PENDING
12:33:28 INFO  State of operation 21385504 : EXECUTING
12:33:30 INFO  State of operation 21385504 : EXECUTING
12:33:32 INFO  State of operation 21385504 : EXECUTING
12:33:34 INFO  State of operation 21385504 : EXECUTING
12:33:37 INFO  State of operation 21385504 : EXECUTING
12:33:39 INFO  State of operation 21385504 : EXECUTING
12:33:42 INFO  State of operation 21385504 : EXECUTING
12:33:45 INFO  State of operation 21385504 : EXECUTING
12:33:47 INFO  State of operation 21385504 : EXECUTING
12:33:49 INFO  State of operation 21385504 : EXECUTING
12:33:51 INFO  State of operation 21385504 : EXECUTING
12:33:54 INFO  State of operation 21385504 : EXECUTING
12:33:56 INFO  State of operation 21385504 : EXECUTING
12:33:58 INFO  State of operation 21385504 : EXECUTING
12:34:01 INFO  State of operation 21385504 : EXECUTING
12:34:03 INFO  State of operation 21385504 : EXECUTING
12:34:05 INFO  State of operation 21385504 : EXECUTING
12:34:08 INFO  State of operation 21385504 : EXECUTING
12:34:10 INFO  State of operation 21385504 : EXECUTING
12:34:13 INFO  State of operation 21385504 : EXECUTING
12:34:15 INFO  State of operation 21385504 : EXECUTING
12:34:18 INFO  State of operation 21385504 : EXECUTING
12:34:20 INFO  State of operation 21385504 : EXECUTING
12:34:23 INFO  State of operation 21385504 : EXECUTING
12:34:25 INFO  State of operation 21385504 : EXECUTING
12:34:27 INFO  State of operation 21385504 : EXECUTING
12:34:29 INFO  State of operation 21385504 : EXECUTING
12:34:31 INFO  State of operation 21385504 : EXECUTING
12:34:34 INFO  State of operation 21385504 : EXECUTING
12:34:36 INFO  State of operation 21385504 : EXECUTING
12:34:38 INFO  State of operation 21385504 : EXECUTING
12:34:41 INFO  State of operation 21385504 : EXECUTING
12:34:43 INFO  State of operation 21385504 : EXECUTING
12:34:45 INFO  State of operation 21385504 : EXECUTING
12:34:47 INFO  State of operation 21385504 : EXECUTING
12:34:49 INFO  State of operation 21385504 : EXECUTING
12:34:52 INFO  State of operation 21385504 : EXECUTING
12:34:54 INFO  State of operation 21385504 : EXECUTING
12:34:57 INFO  State of operation 21385504 : EXECUTING
12:35:00 INFO  State of operation 21385504 : EXECUTING
12:35:02 INFO  State of operation 21385504 : EXECUTING
12:35:04 INFO  State of operation 21385504 : EXECUTING
12:35:06 INFO  State of operation 21385504 : EXECUTING
12:35:09 INFO  State of operation 21385504 : EXECUTING
12:35:11 INFO  State of operation 21385504 : EXECUTING
12:35:13 INFO  State of operation 21385504 : EXECUTING
12:35:16 INFO  State of operation 21385504 : EXECUTING
12:35:18 INFO  State of operation 21385504 : EXECUTING
12:35:20 INFO  State of operation 21385504 : EXECUTING
12:35:24 INFO  State of operation 21385504 : EXECUTING
12:35:26 INFO  State of operation 21385504 : EXECUTING
12:35:28 INFO  State of operation 21385504 : EXECUTING
12:35:31 INFO  State of operation 21385504 : EXECUTING
12:35:33 INFO  State of operation 21385504 : EXECUTING
12:35:35 INFO  State of operation 21385504 : EXECUTING
12:35:38 INFO  State of operation 21385504 : EXECUTING
12:35:40 INFO  State of operation 21385504 : EXECUTING
12:35:42 INFO  State of operation 21385504 : EXECUTING
12:35:44 INFO  State of operation 21385504 : EXECUTING
12:35:47 INFO  State of operation 21385504 : EXECUTING
12:35:49 WARN  SystemError occurred while running test - Timeout while waiting for status SUCCESSFUL or False
Traceback (most recent call last):
  File "/home/pi/env-pysys/lib/python3.7/site-packages/pysys/baserunner.py", line 1294, in __call__
    self.testObj.execute()
  File "/home/pi/actions-runner/_work/thin-edge.io/thin-edge.io/tests/PySys/software_management_end_to_end/sm_apt_install_remove_multiple_mixed/run.py", line 89, in execute
    self.wait_until_succcess()
  File "/home/pi/actions-runner/_work/thin-edge.io/thin-edge.io/tests/PySys/software_management_end_to_end/environment_sm_management.py", line 324, in wait_until_succcess
    self.wait_until_status("SUCCESSFUL")
  File "/home/pi/actions-runner/_work/thin-edge.io/thin-edge.io/tests/PySys/software_management_end_to_end/environment_sm_management.py", line 381, in wait_until_status
    "Timeout while waiting for status %s or %s" % (status, status2)
SystemError: Timeout while waiting for status SUCCESSFUL or False
12:35:49 WARN  SystemError: Timeout while waiting for status SUCCESSFUL or False ... blocked 
12:35:49 INFO  
12:35:49 INFO  cleanup:
12:35:56 INFO  Executed sudo&lt;tedge_disconnect_c8y&gt;, exit status 0
12:35:56 INFO  Executed systemctl&lt;serv_mapper5&gt;, exit status 3
12:35:56 INFO  
12:35:56 INFO  Test duration: 180.39 secs
12:35:56 INFO  Test final outcome:  BLOCKED
12:35:56 INFO  Test outcome reason: SystemError: Timeout while waiting for status SUCCESSFUL or False
12:35:56 INFO  
</system-out>
	</testcase>
<testcase classname="PySysTest" name="SoftwareManagement.sm_apt_install_remove_multiple_mixed">
		<failure message="BLOCKED: SystemError: Timeout while waiting for status SUCCESSFUL or False (+1 other failures)" type="BLOCKED" />
		<system-out>12:59:06 INFO  ==============================================================
12:59:06 INFO  Id:    SoftwareManagement.sm_apt_install_remove_multiple_mixed
12:59:06 INFO  Dir:   software_management_end_to_end/
12:59:06 INFO  Title: Validate end to end behaviour for the apt plugin for multiple packages with mixed versions
12:59:06 INFO  ==============================================================
12:59:06 INFO  Using sw id database: {'asciijump': '5475369', 'robotfindskitten': '5474869', 'squirrel3': '5475279', 'rolldice': '5152439', 'moon-buggy': '5439204', 'apple': '5495053', 'banana': '5494888', 'cherry': '5495382', 'watermelon': '5494510', 'registry': '8018911', 'hello-world': '8021526', 'docker/getting-started': '8021973', 'alpine': '7991792'}
12:59:06 INFO  EnvironmentC8y Setup
12:59:06 INFO  Executed systemctl&lt;serv_mapper1&gt;, exit status 3
12:59:06 INFO  Restarting mosquitto too frequently in the last 10 seconds. It was only up for 4 seconds
12:59:06 INFO  Delaying execution by 7 seconds
12:59:27 INFO  Executed sudo&lt;tedge_connect_c8y&gt;, exit status 0, duration 13 secs
12:59:28 INFO  Executed sudo&lt;tedge_connect_c8y_test&gt;, exit status 0
12:59:28 INFO  Executed systemctl&lt;serv_mosq2&gt;, exit status 0
12:59:28 INFO  Executed systemctl&lt;serv_mapper3&gt;, exit status 0
12:59:31 INFO  State of current operation: SUCCESSFUL
12:59:31 INFO  Assert that (False == value) with value=False ... passed
12:59:31 INFO  Assert that (False == value) with value=False ... passed
12:59:31 INFO  Assert that (False == value) with value=False ... passed
12:59:32 INFO  Assert that (False == value) with value=False ... passed
12:59:32 INFO  Package moon-buggy is installed
12:59:32 WARN  Assert that (False == value) with value=True ... failed 
12:59:33 INFO  Response status: 201
12:59:33 INFO  Response to action: {
    "delivery": {
        "log": [],
        "time": "2022-07-25T12:59:33.613Z",
        "status": "PENDING"
    },
    "creationTime": "2022-07-25T12:59:33.577Z",
    "deviceId": "21360362",
    "deviceName": "m32sd10d",
    "self": "https://t493319102.eu-latest.cumulocity.com/devicecontrol/operations/21385666",
    "id": "21385666",
    "status": "PENDING",
    "description": "Apply software changes, triggered from PySys: [{'action': 'install', 'id': '5475369', 'name': 'asciijump', 'url': ' ', 'version': '::apt'}, {'action': 'install', 'id': '5474869', 'name': 'robotfindskitten', 'url': ' ', 'version': ' '}, {'action': 'install', 'id': '5475279', 'name': 'squirrel3', 'url': ' ', 'version': '3.1-7::apt'}, {'action': 'install', 'id': '5152439', 'name': 'rolldice', 'url': ' ', 'version': '1.16-1+b1'}, {'action': 'install', 'id': '5439204', 'name': 'moon-buggy', 'url': ' ', 'version': '1:1.0.51-12'}, {'action': 'install', 'id': '5475369', 'name': 'asciijump', 'url': ' ', 'version': '::apt'}]",
    "c8y_SoftwareUpdate": [
        {
            "name": "asciijump",
            "action": "install",
            "id": "5475369",
            "version": "::apt",
            "url": " "
        },
        {
            "name": "robotfindskitten",
            "action": "install",
            "id": "5474869",
            "version": " ",
            "url": " "
        },
        {
            "name": "squirrel3",
            "action": "install",
            "id": "5475279",
            "version": "3.1-7::apt",
            "url": " "
        },
        {
            "name": "rolldice",
            "action": "install",
            "id": "5152439",
            "version": "1.16-1+b1",
            "url": " "
        },
        {
            "name": "moon-buggy",
            "action": "install",
            "id": "5439204",
            "version": "1:1.0.51-12",
            "url": " "
        },
        {
            "name": "asciijump",
            "action": "install",
            "id": "5475369",
            "version": "::apt",
            "url": " "
        }
    ]
}
12:59:33 INFO  Started operation: {'delivery': {'log': [], 'time': '2022-07-25T12:59:33.613Z', 'status': 'PENDING'}, 'creationTime': '2022-07-25T12:59:33.577Z', 'deviceId': '21360362', 'deviceName': 'm32sd10d', 'self': 'https://t493319102.eu-latest.cumulocity.com/devicecontrol/operations/21385666', 'id': '21385666', 'status': 'PENDING', 'description': "Apply software changes, triggered from PySys: [{'action': 'install', 'id': '5475369', 'name': 'asciijump', 'url': ' ', 'version': '::apt'}, {'action': 'install', 'id': '5474869', 'name': 'robotfindskitten', 'url': ' ', 'version': ' '}, {'action': 'install', 'id': '5475279', 'name': 'squirrel3', 'url': ' ', 'version': '3.1-7::apt'}, {'action': 'install', 'id': '5152439', 'name': 'rolldice', 'url': ' ', 'version': '1.16-1+b1'}, {'action': 'install', 'id': '5439204', 'name': 'moon-buggy', 'url': ' ', 'version': '1:1.0.51-12'}, {'action': 'install', 'id': '5475369', 'name': 'asciijump', 'url': ' ', 'version': '::apt'}]", 'c8y_SoftwareUpdate': [{'name': 'asciijump', 'action': 'install', 'id': '5475369', 'version': '::apt', 'url': ' '}, {'name': 'robotfindskitten', 'action': 'install', 'id': '5474869', 'version': ' ', 'url': ' '}, {'name': 'squirrel3', 'action': 'install', 'id': '5475279', 'version': '3.1-7::apt', 'url': ' '}, {'name': 'rolldice', 'action': 'install', 'id': '5152439', 'version': '1.16-1+b1', 'url': ' '}, {'name': 'moon-buggy', 'action': 'install', 'id': '5439204', 'version': '1:1.0.51-12', 'url': ' '}, {'name': 'asciijump', 'action': 'install', 'id': '5475369', 'version': '::apt', 'url': ' '}]}
12:59:35 INFO  State of operation 21385666 : PENDING
12:59:38 INFO  State of operation 21385666 : EXECUTING
12:59:40 INFO  State of operation 21385666 : EXECUTING
12:59:42 INFO  State of operation 21385666 : EXECUTING
12:59:44 INFO  State of operation 21385666 : EXECUTING
12:59:47 INFO  State of operation 21385666 : EXECUTING
12:59:49 INFO  State of operation 21385666 : EXECUTING
12:59:52 INFO  State of operation 21385666 : EXECUTING
12:59:55 INFO  State of operation 21385666 : EXECUTING
12:59:57 INFO  State of operation 21385666 : EXECUTING
12:59:59 INFO  State of operation 21385666 : EXECUTING
13:00:01 INFO  State of operation 21385666 : EXECUTING
13:00:04 INFO  State of operation 21385666 : EXECUTING
13:00:06 INFO  State of operation 21385666 : EXECUTING
13:00:08 INFO  State of operation 21385666 : EXECUTING
13:00:11 INFO  State of operation 21385666 : EXECUTING
13:00:13 INFO  State of operation 21385666 : EXECUTING
13:00:16 INFO  State of operation 21385666 : EXECUTING
13:00:18 INFO  State of operation 21385666 : EXECUTING
13:00:20 INFO  State of operation 21385666 : EXECUTING
13:00:23 INFO  State of operation 21385666 : EXECUTING
13:00:26 INFO  State of operation 21385666 : EXECUTING
13:00:28 INFO  State of operation 21385666 : EXECUTING
13:00:31 INFO  State of operation 21385666 : EXECUTING
13:00:33 INFO  State of operation 21385666 : EXECUTING
13:00:36 INFO  State of operation 21385666 : EXECUTING
13:00:38 INFO  State of operation 21385666 : EXECUTING
13:00:41 INFO  State of operation 21385666 : EXECUTING
13:00:43 INFO  State of operation 21385666 : EXECUTING
13:00:45 INFO  State of operation 21385666 : EXECUTING
13:00:47 INFO  State of operation 21385666 : EXECUTING
13:00:50 INFO  State of operation 21385666 : EXECUTING
13:00:52 INFO  State of operation 21385666 : EXECUTING
13:00:54 INFO  State of operation 21385666 : EXECUTING
13:00:56 INFO  State of operation 21385666 : EXECUTING
13:00:59 INFO  State of operation 21385666 : EXECUTING
13:01:01 INFO  State of operation 21385666 : EXECUTING
13:01:04 INFO  State of operation 21385666 : EXECUTING
13:01:06 INFO  State of operation 21385666 : EXECUTING
13:01:09 INFO  State of operation 21385666 : EXECUTING
13:01:11 INFO  State of operation 21385666 : EXECUTING
13:01:13 INFO  State of operation 21385666 : EXECUTING
13:01:16 INFO  State of operation 21385666 : EXECUTING
13:01:18 INFO  State of operation 21385666 : EXECUTING
13:01:20 INFO  State of operation 21385666 : EXECUTING
13:01:22 INFO  State of operation 21385666 : EXECUTING
13:01:25 INFO  State of operation 21385666 : EXECUTING
13:01:27 INFO  State of operation 21385666 : EXECUTING
13:01:30 INFO  State of operation 21385666 : EXECUTING
13:01:32 INFO  State of operation 21385666 : EXECUTING
13:01:34 INFO  State of operation 21385666 : EXECUTING
13:01:37 INFO  State of operation 21385666 : EXECUTING
13:01:39 INFO  State of operation 21385666 : EXECUTING
13:01:42 INFO  State of operation 21385666 : EXECUTING
13:01:44 INFO  State of operation 21385666 : EXECUTING
13:01:46 INFO  State of operation 21385666 : EXECUTING
13:01:48 INFO  State of operation 21385666 : EXECUTING
13:01:50 INFO  State of operation 21385666 : EXECUTING
13:01:53 INFO  State of operation 21385666 : EXECUTING
13:01:55 INFO  State of operation 21385666 : EXECUTING
13:01:57 INFO  State of operation 21385666 : EXECUTING
13:01:59 WARN  SystemError occurred while running test - Timeout while waiting for status SUCCESSFUL or False
Traceback (most recent call last):
  File "/home/pi/env-pysys/lib/python3.7/site-packages/pysys/baserunner.py", line 1294, in __call__
    self.testObj.execute()
  File "/home/pi/actions-runner/_work/thin-edge.io/thin-edge.io/tests/PySys/software_management_end_to_end/sm_apt_install_remove_multiple_mixed/run.py", line 89, in execute
    self.wait_until_succcess()
  File "/home/pi/actions-runner/_work/thin-edge.io/thin-edge.io/tests/PySys/software_management_end_to_end/environment_sm_management.py", line 324, in wait_until_succcess
    self.wait_until_status("SUCCESSFUL")
  File "/home/pi/actions-runner/_work/thin-edge.io/thin-edge.io/tests/PySys/software_management_end_to_end/environment_sm_management.py", line 381, in wait_until_status
    "Timeout while waiting for status %s or %s" % (status, status2)
SystemError: Timeout while waiting for status SUCCESSFUL or False
13:01:59 WARN  SystemError: Timeout while waiting for status SUCCESSFUL or False ... blocked 
13:01:59 INFO  
13:01:59 INFO  cleanup:
13:02:04 INFO  Executed sudo&lt;tedge_disconnect_c8y&gt;, exit status 0
13:02:04 INFO  Executed systemctl&lt;serv_mapper5&gt;, exit status 3
13:02:04 INFO  
13:02:04 INFO  Test duration: 178.69 secs
13:02:04 INFO  Test final outcome:  BLOCKED
13:02:04 INFO  Test outcome reason: SystemError: Timeout while waiting for status SUCCESSFUL or False (+1 other failures)
13:02:04 INFO  
</system-out>
	</testcase>
</testsuite><testsuite name="SoftwareManagement.sm_apt_install_remove_with_version" tests="3" errors="0" failures="0" skipped="1" time="0"><testcase classname="PySysTest" name="SoftwareManagement.sm_apt_install_remove_with_version">
		<skipped message="SKIPPED: Testing the apt plugin is not supported on this platform.Use parameter -XmyPlatform='container' to enable it" />
		<system-out>11:58:22 INFO  ==============================================================
11:58:22 INFO  Id:    SoftwareManagement.sm_apt_install_remove_with_version
11:58:22 INFO  Dir:   software_management_end_to_end/
11:58:22 INFO  Title: Validate end to end behaviour for the apt plugin for packages with version
11:58:22 INFO  ==============================================================
11:58:22 INFO  Testing the apt plugin is not supported on this platform.Use parameter -XmyPlatform='container' to enable it ... skipped
11:58:22 WARN  Aborted test due to SKIPPED outcome
11:58:22 INFO  
11:58:22 INFO  Test duration: 0.02 secs
11:58:22 INFO  Test final outcome:  SKIPPED
11:58:22 INFO  Test outcome reason: Testing the apt plugin is not supported on this platform.Use parameter -XmyPlatform='container' to enable it
11:58:22 INFO  
</system-out>
	</testcase>
<testcase classname="PySysTest" name="SoftwareManagement.sm_apt_install_remove_with_version" />
<testcase classname="PySysTest" name="SoftwareManagement.sm_apt_install_remove_with_version" />
</testsuite><testsuite name="SoftwareManagement.sm_docker_install_remove_multiple" tests="3" errors="0" failures="0" skipped="1" time="0"><testcase classname="SMDockerInstallRemove" name="SoftwareManagement.sm_docker_install_remove_multiple">
		<skipped message="SKIPPED: Testing the apt plugin is not supported on this platform.Use parameter -XmyPlatform='container' to enable it" />
		<system-out>11:58:22 INFO  ==============================================================
11:58:22 INFO  Id:    SoftwareManagement.sm_docker_install_remove_multiple
11:58:22 INFO  Dir:   software_management_end_to_end/
11:58:22 INFO  Title: Validate end to end behaviour for the docker plugin for multiple docker images with mixed versions
11:58:22 INFO  ==============================================================
11:58:22 INFO  Testing the apt plugin is not supported on this platform.Use parameter -XmyPlatform='container' to enable it ... skipped
11:58:22 WARN  Aborted test due to SKIPPED outcome
11:58:22 INFO  
11:58:22 INFO  Test duration: 0.02 secs
11:58:22 INFO  Test final outcome:  SKIPPED
11:58:22 INFO  Test outcome reason: Testing the apt plugin is not supported on this platform.Use parameter -XmyPlatform='container' to enable it
11:58:22 INFO  
</system-out>
	</testcase>
<testcase classname="SMDockerInstallRemove" name="SoftwareManagement.sm_docker_install_remove_multiple" />
<testcase classname="SMDockerInstallRemove" name="SoftwareManagement.sm_docker_install_remove_multiple" />
</testsuite><testsuite name="SoftwareManagement.sm_fake_install_remove" tests="2" errors="0" failures="0" skipped="1" time="0"><testcase classname="PySysTest" name="SoftwareManagement.sm_fake_install_remove">
		<skipped message="SKIPPED: Testing the fake plugin is not enabled.Use parameter -Xfakeplugin=fakeplugin to enable it" />
		<system-out>11:58:22 INFO  ==============================================================
11:58:22 INFO  Id:    SoftwareManagement.sm_fake_install_remove
11:58:22 INFO  Dir:   software_management_end_to_end/
11:58:22 INFO  Title: Validate end to end behaviour for the dummy plugin for installation and removal of packages
11:58:22 INFO  ==============================================================
11:58:22 INFO  Testing the fake plugin is not enabled.Use parameter -Xfakeplugin=fakeplugin to enable it ... skipped
11:58:22 WARN  Aborted test due to SKIPPED outcome
11:58:22 INFO  
11:58:22 INFO  Test duration: 0.02 secs
11:58:22 INFO  Test final outcome:  SKIPPED
11:58:22 INFO  Test outcome reason: Testing the fake plugin is not enabled.Use parameter -Xfakeplugin=fakeplugin to enable it
11:58:22 INFO  
</system-out>
	</testcase>
<testcase classname="PySysTest" name="SoftwareManagement.sm_fake_install_remove" />
</testsuite><testsuite name="SoftwareManagement.sm_fake_install_remove_multiple" tests="2" errors="0" failures="0" skipped="1" time="0"><testcase classname="PySysTest" name="SoftwareManagement.sm_fake_install_remove_multiple">
		<skipped message="SKIPPED: Testing the fake plugin is not enabled.Use parameter -Xfakeplugin=fakeplugin to enable it" />
		<system-out>11:58:22 INFO  ==============================================================
11:58:22 INFO  Id:    SoftwareManagement.sm_fake_install_remove_multiple
11:58:22 INFO  Dir:   software_management_end_to_end/
11:58:22 INFO  Title: Validate end to end behaviour for the dummy-plugin for multiple packages
11:58:22 INFO  ==============================================================
11:58:22 INFO  Testing the fake plugin is not enabled.Use parameter -Xfakeplugin=fakeplugin to enable it ... skipped
11:58:22 WARN  Aborted test due to SKIPPED outcome
11:58:22 INFO  
11:58:22 INFO  Test duration: 0.02 secs
11:58:22 INFO  Test final outcome:  SKIPPED
11:58:22 INFO  Test outcome reason: Testing the fake plugin is not enabled.Use parameter -Xfakeplugin=fakeplugin to enable it
11:58:22 INFO  
</system-out>
	</testcase>
<testcase classname="PySysTest" name="SoftwareManagement.sm_fake_install_remove_multiple" />
</testsuite><testsuite name="SoftwareManagement.sm_mapper_fail_and_reconnect" tests="2" errors="0" failures="0" skipped="2" time="0"><testcase classname="MapperC8yReceiveLastMessageOnRestart" name="SoftwareManagement.sm_mapper_fail_and_reconnect">
		<skipped message="SKIPPED: instable https://github.com/thin-edge/thin-edge.io/issues/752" />
		<system-out>11:58:23 INFO  ==============================================================
11:58:23 INFO  Id:    SoftwareManagement.sm_mapper_fail_and_reconnect
11:58:23 INFO  Dir:   software_management_end_to_end/
11:58:23 INFO  Title: Validate the tedge-mapper-sm-c8y for receiving the last message on restart
11:58:23 INFO  ==============================================================
11:58:23 INFO  instable https://github.com/thin-edge/thin-edge.io/issues/752 ... skipped
11:58:23 INFO  
11:58:23 INFO  Test duration: 0.02 secs
11:58:23 INFO  Test final outcome:  SKIPPED
11:58:23 INFO  Test outcome reason: instable https://github.com/thin-edge/thin-edge.io/issues/752
11:58:23 INFO  
</system-out>
	</testcase>
<testcase classname="MapperC8yReceiveLastMessageOnRestart" name="SoftwareManagement.sm_mapper_fail_and_reconnect">
		<skipped message="SKIPPED: instable https://github.com/thin-edge/thin-edge.io/issues/752" />
		<system-out>13:08:46 INFO  ==============================================================
13:08:46 INFO  Id:    SoftwareManagement.sm_mapper_fail_and_reconnect
13:08:46 INFO  Dir:   software_management_end_to_end/
13:08:46 INFO  Title: Validate the tedge-mapper-sm-c8y for receiving the last message on restart
13:08:46 INFO  ==============================================================
13:08:46 INFO  instable https://github.com/thin-edge/thin-edge.io/issues/752 ... skipped
13:08:46 INFO  
13:08:46 INFO  Test duration: 0.06 secs
13:08:46 INFO  Test final outcome:  SKIPPED
13:08:46 INFO  Test outcome reason: instable https://github.com/thin-edge/thin-edge.io/issues/752
13:08:46 INFO  
</system-out>
	</testcase>
</testsuite><testsuite name="SoftwareManagement.sm_mixed_install_remove_multiple" tests="2" errors="0" failures="1" skipped="1" time="0"><testcase classname="PySysTest" name="SoftwareManagement.sm_mixed_install_remove_multiple">
		<skipped message="SKIPPED: Testing the fake plugin is not enabled.Use parameter -Xfakeplugin=fakeplugin to enable it" />
		<system-out>11:58:23 INFO  ==============================================================
11:58:23 INFO  Id:    SoftwareManagement.sm_mixed_install_remove_multiple
11:58:23 INFO  Dir:   software_management_end_to_end/
11:58:23 INFO  Title: Validate end to end behaviour for the dummy-plugin for multiple packages with mixed versions
11:58:23 INFO  ==============================================================
11:58:23 INFO  Testing the fake plugin is not enabled.Use parameter -Xfakeplugin=fakeplugin to enable it ... skipped
11:58:23 WARN  Aborted test due to SKIPPED outcome
11:58:23 INFO  
11:58:23 INFO  Test duration: 0.02 secs
11:58:23 INFO  Test final outcome:  SKIPPED
11:58:23 INFO  Test outcome reason: Testing the fake plugin is not enabled.Use parameter -Xfakeplugin=fakeplugin to enable it
11:58:23 INFO  
</system-out>
	</testcase>
<testcase classname="PySysTest" name="SoftwareManagement.sm_mixed_install_remove_multiple">
[...]
11:46:27 INFO  Executed sudo&lt;rm_tmp_logs&gt;, exit status 0
11:46:27 INFO  Executed sudo&lt;send_failed&gt;, exit status 0
11:46:28 INFO  Executed sudo&lt;log_file_daemon&gt;, exit status 0
11:46:32 INFO  Executed sudo&lt;tedge_disconnect_c8y&gt;, exit status 0
11:46:32 INFO  Executed systemctl&lt;serv_mapper5&gt;, exit status 3
11:46:32 INFO  
11:46:32 INFO  Test duration: 26.45 secs
11:46:32 INFO  Test final outcome:  BLOCKED
11:46:32 INFO  Test outcome reason: TypeError: 'NoneType' object is not subscriptable
11:46:32 INFO  
</system-out>
	</testcase>
</testsuite><testsuite name="log_request_num_lines" tests="1" errors="0" failures="1" skipped="0" time="0"><testcase classname="LogRequestVerifyNumberOfLines" name="log_request_num_lines">
		<failure message="BLOCKED: TypeError: 'NoneType' object is not subscriptable" type="BLOCKED" />
		<system-out>11:46:32 INFO  ==============================================================
11:46:32 INFO  Id:    log_request_num_lines
11:46:32 INFO  Dir:   log_request_end_to_end/
11:46:32 INFO  Title: Validate end to end behaviour for the log request operation check for number of lines
11:46:32 INFO  ==============================================================
11:46:32 INFO  EnvironmentC8y Setup
11:46:33 INFO  Executed systemctl&lt;serv_mapper1&gt;, exit status 3
11:46:33 INFO  Restarting mosquitto too frequently in the last 10 seconds. It was only up for 5 seconds
11:46:33 INFO  Delaying execution by 6 seconds
11:46:53 INFO  Executed sudo&lt;tedge_connect_c8y&gt;, exit status 0, duration 13 secs
11:46:53 INFO  Executed sudo&lt;tedge_connect_c8y_test&gt;, exit status 0
11:46:54 INFO  Executed systemctl&lt;serv_mosq2&gt;, exit status 0
11:46:54 INFO  Executed systemctl&lt;serv_mapper3&gt;, exit status 0
11:46:55 INFO  Executed sudo&lt;rm_logs&gt;, exit status 0
11:46:55 INFO  Executed sudo&lt;move_logs&gt;, exit status 0
11:46:56 INFO  Executed sudo&lt;log_file_daemon&gt;, exit status 0
11:46:57 WARN  TypeError occurred while running test - 'NoneType' object is not subscriptable
Traceback (most recent call last):
  File "/home/pi/env-pysys/lib/python3.7/site-packages/pysys/baserunner.py", line 1294, in __call__
    self.testObj.execute()
  File "/home/pi/actions-runner/_work/thin-edge.io/thin-edge.io/tests/PySys/log_request_end_to_end/log_request_num_lines/run.py", line 46, in execute
    log_file_request_payload, self.project.deviceid
  File "/home/pi/actions-runner/_work/thin-edge.io/thin-edge.io/tests/PySys/environments/cumulocity.py", line 101, in trigger_log_request
    "deviceId": self.device_fragment["id"],
TypeError: 'NoneType' object is not subscriptable
11:46:57 WARN  TypeError: 'NoneType' object is not subscriptable ... blocked 
11:46:57 INFO  
11:46:57 INFO  cleanup:
11:46:57 INFO  Executed sudo&lt;rm_logs&gt;, exit status 0
11:46:58 INFO  Executed sudo&lt;rm_tmp_logs&gt;, exit status 0
11:46:58 INFO  Executed sudo&lt;send_failed&gt;, exit status 0
11:46:59 INFO  Executed sudo&lt;log_file_daemon&gt;, exit status 0
11:47:03 INFO  Executed sudo&lt;tedge_disconnect_c8y&gt;, exit status 0
11:47:03 INFO  Executed systemctl&lt;serv_mapper5&gt;, exit status 3
11:47:03 INFO  
11:47:03 INFO  Test duration: 31.02 secs
11:47:03 INFO  Test final outcome:  BLOCKED
11:47:03 INFO  Test outcome reason: TypeError: 'NoneType' object is not subscriptable
11:47:03 INFO  
</system-out>
	</testcase>
</testsuite><testsuite name="mapper_awaits_before_reconnect" tests="1" errors="0" failures="1" skipped="0" time="0"><testcase classname="MapperReconnectAwait" name="mapper_awaits_before_reconnect">
		<failure message="FAILED: Line count on tedge_mapper_journal.out for &quot;tedge_mapper::core::mapper: MQTT connection error:&quot; expected &gt;=2 but got 0" type="FAILED" />
		<system-out>12:01:26 INFO  ==============================================================
12:01:26 INFO  Id:    mapper_awaits_before_reconnect
12:01:26 INFO  Dir:   tedge_mapper_c8y/
12:01:26 INFO  Title: Validate mapper doesn't reconnect too often
12:01:26 INFO  ==============================================================
12:01:26 INFO  Started mosquitto_sub with process id 7200
12:01:26 INFO  Waiting for 0.1 seconds
12:01:26 INFO  Executed sudo&lt;tedge_mapper&gt;, exit status 0
12:01:26 INFO  Waiting for 5.0 seconds
12:01:32 INFO  Executed sudo&lt;tedge_mapper&gt;, exit status 0
12:01:35 INFO  Executed sudo&lt;tedge_mapper_journal&gt;, exit status 0
12:01:35 WARN  Grep on tedge_mapper_journal.out contains "ERROR" ... failed [run.py:67]
12:01:35 INFO  Line count on file tedge_mapper_journal.out ... passed
12:01:35 WARN  Line count on tedge_mapper_journal.out for "tedge_mapper::core::mapper: MQTT connection error:" expected &gt;=2 but got 0 ... failed [run.py:78]
12:01:35 WARN  Aborted test due to FAILED outcome
12:01:35 INFO  
12:01:35 INFO  Test duration: 9.06 secs
12:01:35 INFO  Test final outcome:  FAILED
12:01:35 INFO  Test outcome reason: Line count on tedge_mapper_journal.out for "tedge_mapper::core::mapper: MQTT connection error:" expected &gt;=2 but got 0
12:01:35 INFO  
</system-out>
	</testcase>
</testsuite><testsuite name="monitoring_smaller_interval" tests="1" errors="0" failures="1" skipped="0" time="0"><testcase classname="MonitoringSmallInterval" name="monitoring_smaller_interval">
		<failure message="BLOCKED: TypeError: 'int' object is not subscriptable" type="BLOCKED" />
		<system-out>11:48:26 INFO  ==============================================================
11:48:26 INFO  Id:    monitoring_smaller_interval
11:48:26 INFO  Dir:   monitoring/
11:48:26 INFO  Title: Validate the tedge dm agent messages that are produced with smaller sampling interval than the batching window. Here the simulated collectd messages are used
11:48:26 INFO  ==============================================================
11:48:26 INFO  Executed sudo&lt;collectd&gt;, exit status 0
11:48:27 INFO  Executed sudo&lt;collectd_mapper&gt;, exit status 0
11:48:27 INFO  Started sudo&lt;tedge_sub&gt; with process id 3299
11:48:28 INFO  Executed sudo&lt;tedge_temp&gt;, exit status 0
11:48:28 INFO  Executed sudo&lt;tedge_pres&gt;, exit status 0
11:48:29 INFO  Executed sudo&lt;tedge_temp&gt;, exit status 0
11:48:29 INFO  Executed sudo&lt;tedge_pres&gt;, exit status 0
11:48:30 INFO  Executed sudo&lt;tedge_temp&gt;, exit status 0
11:48:30 INFO  Executed sudo&lt;tedge_pres&gt;, exit status 0
11:48:31 INFO  Executed sudo&lt;tedge_temp&gt;, exit status 0
11:48:31 INFO  Executed sudo&lt;tedge_pres&gt;, exit status 0
11:48:32 INFO  Executed sudo&lt;tedge_temp&gt;, exit status 0
11:48:33 INFO  Executed sudo&lt;tedge_pres&gt;, exit status 0
11:48:33 INFO  Executed sudo&lt;tedge_temp&gt;, exit status 0
11:48:34 INFO  Executed sudo&lt;tedge_pres&gt;, exit status 0
11:48:34 INFO  Executed sudo&lt;tedge_temp&gt;, exit status 0
11:48:35 INFO  Executed sudo&lt;tedge_pres&gt;, exit status 0
11:48:35 INFO  Executed sudo&lt;tedge_temp&gt;, exit status 0
11:48:36 INFO  Executed sudo&lt;tedge_pres&gt;, exit status 0
11:48:37 INFO  Executed sudo&lt;tedge_temp&gt;, exit status 0
11:48:37 INFO  Executed sudo&lt;tedge_pres&gt;, exit status 0
11:48:38 INFO  Executed sudo&lt;tedge_temp&gt;, exit status 0
11:48:38 INFO  Executed sudo&lt;tedge_pres&gt;, exit status 0
11:48:40 INFO  Executed sudo&lt;kill_out&gt;, exit status 0
11:48:40 INFO  0

11:48:40 WARN  TypeError occurred while running test - 'int' object is not subscriptable
Traceback (most recent call last):
  File "/home/pi/env-pysys/lib/python3.7/site-packages/pysys/baserunner.py", line 1296, in __call__
    self.testObj.validate()
  File "/home/pi/actions-runner/_work/thin-edge.io/thin-edge.io/tests/PySys/monitoring/monitoring_smaller_interval/run.py", line 104, in validate
    collectd_msg_validation_result=self.validate_json(),
  File "/home/pi/actions-runner/_work/thin-edge.io/thin-edge.io/tests/PySys/monitoring/monitoring_smaller_interval/run.py", line 114, in validate_json
    if not self.validate_time():
  File "/home/pi/actions-runner/_work/thin-edge.io/thin-edge.io/tests/PySys/monitoring/monitoring_smaller_interval/run.py", line 134, in validate_time
    if self.js_msg["time"]:
TypeError: 'int' object is not subscriptable
11:48:40 WARN  TypeError: 'int' object is not subscriptable ... blocked 
11:48:40 INFO  
11:48:40 INFO  cleanup:
11:48:40 INFO  monitoring_cleanup
11:48:40 INFO  Executed sudo&lt;collectd_mapper&gt;, exit status 0
11:48:41 INFO  
11:48:41 INFO  Test duration: 14.71 secs
11:48:41 INFO  Test final outcome:  BLOCKED
11:48:41 INFO  Test outcome reason: TypeError: 'int' object is not subscriptable
11:48:41 INFO  
</system-out>
	</testcase>
</testsuite><testsuite name="monitoring_with_collectd" tests="1" errors="0" failures="0" skipped="1" time="0"><testcase classname="MonitoringWithCollectd" name="monitoring_with_collectd">
		<skipped message="SKIPPED: Test execution disabled due to #792 (instable)" />
		<system-out>11:48:41 INFO  ==============================================================
11:48:41 INFO  Id:    monitoring_with_collectd
11:48:41 INFO  Dir:   monitoring/
11:48:41 INFO  Title: Validate tedge dm agent messages that are produced by batching the collectd messages
11:48:41 INFO  ==============================================================
11:48:41 INFO  Test execution disabled due to #792 (instable) ... skipped
11:48:41 INFO  
11:48:41 INFO  Test duration: 0.02 secs
11:48:41 INFO  Test final outcome:  SKIPPED
11:48:41 INFO  Test outcome reason: Test execution disabled due to #792 (instable)
11:48:41 INFO  
</system-out>
	</testcase>
</testsuite><testsuite name="monitoring_with_simulated_messages" tests="1" errors="0" failures="1" skipped="0" time="0"><testcase classname="MonitoringWithSimulatedMessages" name="monitoring_with_simulated_messages">
		<failure message="BLOCKED: TypeError: 'int' object is not subscriptable" type="BLOCKED" />
		<system-out>11:48:41 INFO  ==============================================================
11:48:41 INFO  Id:    monitoring_with_simulated_messages
11:48:41 INFO  Dir:   monitoring/
11:48:41 INFO  Title: Validate the tedge dm agent messages that are produced from the simulated collectd messages
11:48:41 INFO  ==============================================================
11:48:41 INFO  Executed sudo&lt;collectd&gt;, exit status 0
11:48:42 INFO  Executed sudo&lt;collectd_mapper&gt;, exit status 0
11:48:42 INFO  Started sudo&lt;tedge_sub&gt; with process id 3365
11:48:42 INFO  Executed sudo&lt;tedge_temp&gt;, exit status 0
11:48:43 INFO  Executed sudo&lt;tedge_pres&gt;, exit status 0
11:48:44 INFO  Executed sudo&lt;kill_out&gt;, exit status 0
11:48:44 INFO  0

11:48:44 WARN  TypeError occurred while running test - 'int' object is not subscriptable
Traceback (most recent call last):
  File "/home/pi/env-pysys/lib/python3.7/site-packages/pysys/baserunner.py", line 1296, in __call__
    self.testObj.validate()
  File "/home/pi/actions-runner/_work/thin-edge.io/thin-edge.io/tests/PySys/monitoring/monitoring_with_simulated_messages/run.py", line 98, in validate
    collectd_msg_validation_result=self.validate_json(),
  File "/home/pi/actions-runner/_work/thin-edge.io/thin-edge.io/tests/PySys/monitoring/monitoring_with_simulated_messages/run.py", line 108, in validate_json
    if not self.validate_time():
  File "/home/pi/actions-runner/_work/thin-edge.io/thin-edge.io/tests/PySys/monitoring/monitoring_with_simulated_messages/run.py", line 127, in validate_time
    if self.js_msg["time"]:
TypeError: 'int' object is not subscriptable
11:48:44 WARN  TypeError: 'int' object is not subscriptable ... blocked 
11:48:44 INFO  
11:48:44 INFO  cleanup:
11:48:44 INFO  monitoring_cleanup
11:48:45 INFO  Executed sudo&lt;collectd_mapper&gt;, exit status 0
11:48:45 INFO  
11:48:45 INFO  Test duration: 4.51 secs
11:48:45 INFO  Test final outcome:  BLOCKED
11:48:45 INFO  Test outcome reason: TypeError: 'int' object is not subscriptable
11:48:45 INFO  
</system-out>
	</testcase>
</testsuite><testsuite name="mqtt_port_change_connection_fails" tests="1" errors="0" failures="0" skipped="0" time="0"><testcase classname="MqttPortChangeConnectionFails" name="mqtt_port_change_connection_fails" />
</testsuite><testsuite name="mqtt_port_change_connection_works" tests="1" errors="0" failures="0" skipped="1" time="0"><testcase classname="MqttPortChangeConnectionWorks" name="mqtt_port_change_connection_works">
		<skipped message="SKIPPED: failing intermitently" />
		<system-out>11:47:38 INFO  ==============================================================
11:47:38 INFO  Id:    mqtt_port_change_connection_works
11:47:38 INFO  Dir:   misc_features/
11:47:38 INFO  Title: mqtt port change connection works for all the thin-edge services that use the mosquitto broker
11:47:38 INFO  ==============================================================
11:47:38 INFO  failing intermitently ... skipped
11:47:38 INFO  
11:47:38 INFO  Test duration: 0.02 secs
11:47:38 INFO  Test final outcome:  SKIPPED
11:47:38 INFO  Test outcome reason: failing intermitently
11:47:38 INFO  
</system-out>
	</testcase>
</testsuite><testsuite name="publish_flux" tests="1" errors="0" failures="0" skipped="0" time="0"><testcase classname="PublishFlux" name="publish_flux" />
</testsuite><testsuite name="publish_sawmill" tests="1" errors="0" failures="0" skipped="0" time="0"><testcase classname="PublishSawmill" name="publish_sawmill" />
</testsuite><testsuite name="runtime_start_two_mappers" tests="1" errors="0" failures="0" skipped="0" time="0"><testcase classname="RuntimeMultiMappers" name="runtime_start_two_mappers" />
</testsuite><testsuite name="sm_tedge_mapper_init_session" tests="1" errors="0" failures="0" skipped="0" time="0"><testcase classname="TedgeSMMapperInitSession" name="sm_tedge_mapper_init_session" />
</testsuite><testsuite name="smoketest_json" tests="1" errors="0" failures="0" skipped="0" time="0"><testcase classname="SmokeTestJson" name="smoketest_json" />
</testsuite><testsuite name="smoketest_json_400_samples_10ms" tests="1" errors="0" failures="0" skipped="0" time="0"><testcase classname="SmoketestJson400Samples10ms" name="smoketest_json_400_samples_10ms" />
</testsuite><testsuite name="smoketest_json_400_samples_20ms" tests="1" errors="0" failures="0" skipped="0" time="0"><testcase classname="SmoketestJson400Samples20ms" name="smoketest_json_400_samples_20ms" />
</testsuite><testsuite name="smoketest_smartrest" tests="1" errors="0" failures="0" skipped="0" time="0"><testcase classname="SmoketestSmartRest" name="smoketest_smartrest" />
</testsuite><testsuite name="smoketest_smartrest_400_samples_1Xms" tests="1" errors="0" failures="0" skipped="0" time="0"><testcase classname="SmoketestSmartRest400Samples1Xms" name="smoketest_smartrest_400_samples_1Xms" />
</testsuite><testsuite name="smoketest_smartrest_400_samples_20ms" tests="1" errors="0" failures="0" skipped="0" time="0"><testcase classname="SmoketestSmartRest400Samples20ms" name="smoketest_smartrest_400_samples_20ms" />
</testsuite><testsuite name="tedge_agent_user_sudo_access" tests="1" errors="0" failures="0" skipped="1" time="0"><testcase classname="TedgeAgentUserSudoAccess" name="tedge_agent_user_sudo_access">
		<skipped message="SKIPPED: #955 Observation: Exit code of the apt plugin when called with no arguments" />
		<system-out>11:58:49 INFO  ==============================================================
11:58:49 INFO  Id:    tedge_agent_user_sudo_access
11:58:49 INFO  Dir:   tedge/
11:58:49 INFO  Title: Validate tedge-agent user has a limited sudo right
11:58:49 INFO  ==============================================================
11:58:49 INFO  #955 Observation: Exit code of the apt plugin when called with no arguments ... skipped
11:58:49 INFO  
11:58:49 INFO  Test duration: 0.02 secs
11:58:49 INFO  Test final outcome:  SKIPPED
11:58:49 INFO  Test outcome reason: #955 Observation: Exit code of the apt plugin when called with no arguments
11:58:49 INFO  
</system-out>
	</testcase>
</testsuite><testsuite name="tedge_connect_test_negative" tests="1" errors="0" failures="0" skipped="0" time="0"><testcase classname="TedgeConnectTestNegative" name="tedge_connect_test_negative" />
</testsuite><testsuite name="tedge_connect_test_positive" tests="1" errors="0" failures="0" skipped="0" time="0"><testcase classname="TedgeConnectTestPositive" name="tedge_connect_test_positive" />
</testsuite><testsuite name="tedge_connect_test_sm_services" tests="1" errors="0" failures="0" skipped="0" time="0"><testcase classname="TedgeConnectTestSMServices" name="tedge_connect_test_sm_services" />
</testsuite><testsuite name="tedge_disconnect_test_sm_services" tests="1" errors="0" failures="0" skipped="0" time="0"><testcase classname="TedgeDisConnectTestSMServices" name="tedge_disconnect_test_sm_services" />
</testsuite><testsuite name="tedge_mapper_az_negative" tests="1" errors="0" failures="0" skipped="0" time="0"><testcase classname="TedgeMapperAzError" name="tedge_mapper_az_negative" />
</testsuite><testsuite name="tedge_mapper_az_with_timestamp" tests="1" errors="0" failures="0" skipped="0" time="0"><testcase classname="TedgeMapperAzWithTimestamp" name="tedge_mapper_az_with_timestamp" />
</testsuite><testsuite name="tedge_mapper_az_without_timestamp" tests="1" errors="0" failures="0" skipped="0" time="0"><testcase classname="TedgeMapperAzWithoutTimestamp" name="tedge_mapper_az_without_timestamp" />
</testsuite><testsuite name="tedge_mapper_c8y_alarms" tests="1" errors="0" failures="0" skipped="0" time="0"><testcase classname="TedgeMapperC8yAlarm" name="tedge_mapper_c8y_alarms" />
</testsuite><testsuite name="tedge_mapper_c8y_child_device_measurement" tests="1" errors="0" failures="0" skipped="0" time="0"><testcase classname="TedgeMapperC8yChildDevice" name="tedge_mapper_c8y_child_device_measurement" />
</testsuite><testsuite name="tedge_mapper_c8y_packet_threshold_size" tests="1" errors="0" failures="1" skipped="0" time="0"><testcase classname="TedgeMapperC8yThresholdPacketSize" name="tedge_mapper_c8y_packet_threshold_size">
		<failure message="FAILED: Grep on tedge_sub.out contains &quot;The size of the message received on tedge/measurements is 20489 which is greater than the threshold size of 16184.&quot;" type="FAILED" />
		<system-out>12:03:12 INFO  ==============================================================
12:03:12 INFO  Id:    tedge_mapper_c8y_packet_threshold_size
12:03:12 INFO  Dir:   tedge_mapper_c8y/
12:03:12 INFO  Title: Validate the Cumulocity Mapper accepted threshold packet size when it receives a message on tedge/measurements
12:03:12 INFO  ==============================================================
12:03:13 INFO  Executed sudo&lt;tedge_mapper_c8y&gt;, exit status 0
12:03:13 INFO  Started sudo&lt;tedge_sub&gt; with process id 7795
12:03:13 INFO  Executed sudo&lt;tedge_msg&gt;, exit status 0
12:03:14 INFO  Executed sudo&lt;tedge_pub&gt;, exit status 0
12:03:14 INFO  Executed sudo&lt;kill_out&gt;, exit status 0
12:03:14 WARN  Grep on tedge_sub.out contains "The size of the message received on tedge/measurements is 20489 which is greater than the threshold size of 16184." ... failed [run.py:88]
12:03:14 INFO  
12:03:14 INFO  cleanup:
12:03:14 INFO  mapper_cleanup
12:03:16 INFO  Executed sudo&lt;tedge_mapper_c8y&gt;, exit status 0
12:03:16 INFO  
12:03:16 INFO  Test duration: 3.60 secs
12:03:16 INFO  Test final outcome:  FAILED
12:03:16 INFO  Test outcome reason: Grep on tedge_sub.out contains "The size of the message received on tedge/measurements is 20489 which is greater than the threshold size of 16184."
12:03:16 INFO  
</system-out>
	</testcase>
</testsuite><testsuite name="tedge_software_update" tests="1" errors="0" failures="0" skipped="0" time="0"><testcase classname="PySysTest" name="tedge_software_update" />
</testsuite><testsuite name="valid_device_id" tests="1" errors="0" failures="0" skipped="0" time="0"><testcase classname="ValidateValidDeviceId" name="valid_device_id" />
</testsuite></testsuites>