<?xml version='1.0' encoding='utf-8'?>
<testsuites tests="147" failures="54" errors="0" skipped="45" time="0.0"><testsuite name="SoftwareManagement.Plugin.apama_plugin_install" tests="3" errors="0" failures="2" skipped="1" time="0"><testcase classname="ApamaPluginInstallTest" name="SoftwareManagement.Plugin.apama_plugin_install">
		<skipped message="SKIPPED: Apama plugin tests are disabled by default. Execute `pysys run` with `-XmyPlatform=container` to run these tests" />
		<system-out>10:29:41 INFO  ==============================================================
10:29:41 INFO  Id:    SoftwareManagement.Plugin.apama_plugin_install
10:29:41 INFO  Dir:   plugin_apama/
10:29:41 INFO  Title: Validate apama plugin install
10:29:41 INFO  ==============================================================
10:29:42 INFO  Apama plugin tests are disabled by default. Execute `pysys run` with `-XmyPlatform=container` to run these tests ... skipped
10:29:42 WARN  Aborted test due to SKIPPED outcome
10:29:42 INFO  
10:29:42 INFO  Test duration: 0.06 secs
10:29:42 INFO  Test final outcome:  SKIPPED
10:29:42 INFO  Test outcome reason: Apama plugin tests are disabled by default. Execute `pysys run` with `-XmyPlatform=container` to run these tests
10:29:42 INFO  
</system-out>
	</testcase>
<testcase classname="ApamaPluginInstallTest" name="SoftwareManagement.Plugin.apama_plugin_install">
		<failure message="BLOCKED: sudo&lt;remove_apama_project&gt; returned non-zero exit code 1 (+1 other failures)" type="BLOCKED" />
		<system-out>10:50:40 INFO  ==============================================================
10:50:40 INFO  Id:    SoftwareManagement.Plugin.apama_plugin_install
10:50:40 INFO  Dir:   plugin_apama/
10:50:40 INFO  Title: Validate apama plugin install
10:50:40 INFO  ==============================================================
10:50:40 INFO  Assertion that path exists=False for "/etc/tedge/apama/project" ... passed
10:50:42 INFO  Executed sudo&lt;plugin_install&gt;, exit status 0
10:50:43 INFO  Executed sudo&lt;apama_correlator_wait&gt;, exit status 0
10:50:44 INFO  Executed sudo&lt;plugin_list_after_install&gt;, exit status 0
10:50:44 INFO  Assertion that path exists=True for "/etc/tedge/apama/project" ... passed
10:50:44 INFO  Executed sudo&lt;apama_list_monitors&gt;, exit status 0
10:50:44 INFO  Grep on file /home/pi/actions-runner/_work/thin-edge.io/thin-edge.io/tests/PySys/plugin_apama/apama_plugin_install/Output/linux/apama_list_monitors.out ... passed
10:50:44 INFO  Grep on file plugin_list_after_install.out ... passed
10:50:44 INFO  Grep on file plugin_list_after_install.out ... passed
10:50:44 INFO  
10:50:44 INFO  cleanup:
10:50:44 INFO  Removing apama project
10:50:45 WARN  Executed sudo&lt;remove_apama_project&gt;, exit status 1
10:50:45 INFO  Contents of remove_apama_project.err: 
  rm: cannot remove '/etc/tedge/apama/project/logs': Directory not empty
  -----

10:50:45 ERROR Error while running cleanup function: 
Traceback (most recent call last):
  File "/home/pi/env-pysys/lib/python3.7/site-packages/pysys/process/user.py", line 1305, in cleanup
    fn()
  File "/home/pi/actions-runner/_work/thin-edge.io/thin-edge.io/tests/PySys/plugin_apama/environment_apama_plugin.py", line 144, in cleanup_project
    self.remove_project()
  File "/home/pi/actions-runner/_work/thin-edge.io/thin-edge.io/tests/PySys/plugin_apama/environment_apama_plugin.py", line 95, in remove_project
    stdouterr="remove_apama_project",
  File "/home/pi/env-pysys/lib/python3.7/site-packages/pysys/process/user.py", line 482, in startProcess
    abortOnError=abortOnError)
  File "/home/pi/env-pysys/lib/python3.7/site-packages/pysys/process/user.py", line 1401, in addOutcome
    self.abort(outcome, outcomeReason, callRecord)
  File "/home/pi/env-pysys/lib/python3.7/site-packages/pysys/process/user.py", line 1420, in abort
    raise AbortExecution(outcome, outcomeReason, callRecord)
pysys.exceptions.AbortExecution: sudo&lt;remove_apama_project&gt; returned non-zero exit code 1
10:50:45 WARN  Cleanup failed with 1 errors: Cleanup function failed: sudo&lt;remove_apama_project&gt; returned non-zero exit code 1 (AbortExecution) ... blocked 
10:50:45 INFO  
10:50:45 INFO  Test duration: 5.22 secs
10:50:45 INFO  Test final outcome:  BLOCKED
10:50:45 INFO  Test outcome reason: sudo&lt;remove_apama_project&gt; returned non-zero exit code 1 (+1 other failures)
10:50:45 INFO  
</system-out>
	</testcase>
<testcase classname="ApamaPluginInstallTest" name="SoftwareManagement.Plugin.apama_plugin_install">
		<failure message="BLOCKED: sudo&lt;plugin_install&gt; returned non-zero exit code 2 (+2 other failures)" type="BLOCKED" />
		<system-out>10:56:17 INFO  ==============================================================
10:56:17 INFO  Id:    SoftwareManagement.Plugin.apama_plugin_install
10:56:17 INFO  Dir:   plugin_apama/
10:56:17 INFO  Title: Validate apama plugin install
10:56:17 INFO  ==============================================================
10:56:17 WARN  Assertion that path exists=False for "/etc/tedge/apama/project" ... failed 
10:56:18 WARN  Executed sudo&lt;plugin_install&gt;, exit status 2
10:56:18 INFO  Contents of plugin_install.err: 
  ERROR: Device or resource busy (os error 16)
  -----

10:56:18 WARN  sudo&lt;plugin_install&gt; returned non-zero exit code 2 ... blocked [run.py:29]
10:56:18 WARN  Aborted test due to BLOCKED outcome
10:56:18 INFO  
10:56:18 INFO  cleanup:
10:56:18 INFO  Removing apama project
10:56:19 WARN  Executed sudo&lt;remove_apama_project&gt;, exit status 1
10:56:19 INFO  Contents of remove_apama_project.err: 
  rm: cannot remove '/etc/tedge/apama/project/logs/.nfs0000000000160e5500002dc2': Device or resource busy
  -----

10:56:19 ERROR Error while running cleanup function: 
Traceback (most recent call last):
  File "/home/pi/env-pysys/lib/python3.7/site-packages/pysys/process/user.py", line 1305, in cleanup
    fn()
  File "/home/pi/actions-runner/_work/thin-edge.io/thin-edge.io/tests/PySys/plugin_apama/environment_apama_plugin.py", line 144, in cleanup_project
    self.remove_project()
  File "/home/pi/actions-runner/_work/thin-edge.io/thin-edge.io/tests/PySys/plugin_apama/environment_apama_plugin.py", line 95, in remove_project
    stdouterr="remove_apama_project",
  File "/home/pi/env-pysys/lib/python3.7/site-packages/pysys/process/user.py", line 482, in startProcess
    abortOnError=abortOnError)
  File "/home/pi/env-pysys/lib/python3.7/site-packages/pysys/process/user.py", line 1401, in addOutcome
    self.abort(outcome, outcomeReason, callRecord)
  File "/home/pi/env-pysys/lib/python3.7/site-packages/pysys/process/user.py", line 1420, in abort
    raise AbortExecution(outcome, outcomeReason, callRecord)
pysys.exceptions.AbortExecution: sudo&lt;remove_apama_project&gt; returned non-zero exit code 1
10:56:19 WARN  Cleanup failed with 1 errors: Cleanup function failed: sudo&lt;remove_apama_project&gt; returned non-zero exit code 1 (AbortExecution) ... blocked 
10:56:19 INFO  
10:56:19 INFO  Test duration: 1.56 secs
10:56:19 INFO  Test final outcome:  BLOCKED
10:56:19 INFO  Test outcome reason: sudo&lt;plugin_install&gt; returned non-zero exit code 2 (+2 other failures)
10:56:19 INFO  
</system-out>
	</testcase>
</testsuite><testsuite name="SoftwareManagement.Plugin.apama_plugin_mon_support" tests="3" errors="0" failures="2" skipped="1" time="0"><testcase classname="ApamaPluginMonSupportTest" name="SoftwareManagement.Plugin.apama_plugin_mon_support">
		<skipped message="SKIPPED: Apama plugin tests are disabled by default. Execute `pysys run` with `-XmyPlatform=container` to run these tests" />
		<system-out>10:29:42 INFO  ==============================================================
10:29:42 INFO  Id:    SoftwareManagement.Plugin.apama_plugin_mon_support
10:29:42 INFO  Dir:   plugin_apama/
10:29:42 INFO  Title: Validate mon file support of apama plugin
10:29:42 INFO  ==============================================================
10:29:42 INFO  Apama plugin tests are disabled by default. Execute `pysys run` with `-XmyPlatform=container` to run these tests ... skipped
10:29:42 WARN  Aborted test due to SKIPPED outcome
10:29:42 INFO  
10:29:42 INFO  Test duration: 0.02 secs
10:29:42 INFO  Test final outcome:  SKIPPED
10:29:42 INFO  Test outcome reason: Apama plugin tests are disabled by default. Execute `pysys run` with `-XmyPlatform=container` to run these tests
10:29:42 INFO  
</system-out>
	</testcase>
<testcase classname="ApamaPluginMonSupportTest" name="SoftwareManagement.Plugin.apama_plugin_mon_support">
		<failure message="FAILED: Assertion that path exists=False for &quot;/etc/tedge/apama/project&quot;" type="FAILED" />
		<system-out>10:50:45 INFO  ==============================================================
10:50:45 INFO  Id:    SoftwareManagement.Plugin.apama_plugin_mon_support
10:50:45 INFO  Dir:   plugin_apama/
10:50:45 INFO  Title: Validate mon file support of apama plugin
10:50:45 INFO  ==============================================================
10:50:45 WARN  Assertion that path exists=False for "/etc/tedge/apama/project" ... failed 
10:50:46 INFO  Executed sudo&lt;create_project_dir&gt;, exit status 0
10:50:46 INFO  Executed sudo&lt;unzip_apama_project&gt;, exit status 0
10:50:47 INFO  Executed sudo&lt;move_apama_project&gt;, exit status 0
10:50:48 INFO  Executed sudo&lt;restart_apama_service&gt;, exit status 0
10:50:49 INFO  Executed sudo&lt;apama_correlator_wait&gt;, exit status 0
10:50:50 INFO  Executed sudo&lt;apama_list_monitors&gt;, exit status 0
10:50:50 INFO  Grep on file /home/pi/actions-runner/_work/thin-edge.io/thin-edge.io/tests/PySys/plugin_apama/apama_plugin_mon_support/Output/linux/apama_list_monitors.out ... passed
10:50:50 INFO  Executed sudo&lt;plugin_list_before_install&gt;, exit status 0
10:50:51 INFO  Executed sudo&lt;plugin_install&gt;, exit status 0
10:50:52 INFO  Executed sudo&lt;apama_correlator_wait&gt;, exit status 0
10:50:53 INFO  Executed sudo&lt;plugin_list_after_install&gt;, exit status 0
10:50:54 INFO  Executed sudo&lt;plugin_update&gt;, exit status 0
10:50:55 INFO  Executed sudo&lt;apama_correlator_wait&gt;, exit status 0
10:50:56 INFO  Executed sudo&lt;plugin_list_after_update&gt;, exit status 0
10:50:56 INFO  Executed sudo&lt;plugin_remove&gt;, exit status 0
10:50:57 INFO  Executed sudo&lt;plugin_list_after_remove&gt;, exit status 0
10:50:57 INFO  Grep on file plugin_list_before_install.out ... passed
10:50:57 INFO  Grep on file plugin_list_after_install.out ... passed
10:50:57 INFO  Grep on file plugin_list_after_update.out ... passed
10:50:57 INFO  Grep on file plugin_list_after_remove.out ... passed
10:50:57 INFO  
10:50:57 INFO  cleanup:
10:50:57 INFO  Removing apama project
10:50:58 INFO  Executed sudo&lt;remove_apama_project&gt;, exit status 0
10:51:14 INFO  Executed sudo&lt;stop_apama_service&gt;, exit status 0, duration 16 secs
10:51:14 INFO  Executed sudo&lt;remove_apama_tmp_dir&gt;, exit status 0
10:51:14 INFO  
10:51:14 INFO  Test duration: 29.23 secs
10:51:14 INFO  Test final outcome:  FAILED
10:51:14 INFO  Test outcome reason: Assertion that path exists=False for "/etc/tedge/apama/project"
10:51:14 INFO  
</system-out>
	</testcase>
<testcase classname="ApamaPluginMonSupportTest" name="SoftwareManagement.Plugin.apama_plugin_mon_support">
		<failure message="BLOCKED: ProcessError: Error stopping process sudo&lt;unzip_apama_project&gt; (pid 26528) due to PermissionError: [Errno 1] Operation not permitted (+3 other failures)" type="BLOCKED" />
		<system-out>10:56:19 INFO  ==============================================================
10:56:19 INFO  Id:    SoftwareManagement.Plugin.apama_plugin_mon_support
10:56:19 INFO  Dir:   plugin_apama/
10:56:19 INFO  Title: Validate mon file support of apama plugin
10:56:19 INFO  ==============================================================
10:56:19 WARN  Assertion that path exists=False for "/etc/tedge/apama/project" ... failed 
10:56:19 INFO  Executed sudo&lt;create_project_dir&gt;, exit status 0
11:06:19 WARN  Process sudo&lt;unzip_apama_project&gt; (pid 26528) timed out after 600 seconds, stopping process
11:06:19 WARN  ProcessError occurred while running test - Error stopping process sudo&lt;unzip_apama_project&gt; (pid 26528) due to PermissionError: [Errno 1] Operation not permitted
Traceback (most recent call last):
  File "/home/pi/env-pysys/lib/python3.7/site-packages/pysys/process/user.py", line 465, in startProcess
    process.start()
  File "/home/pi/env-pysys/lib/python3.7/site-packages/pysys/process/__init__.py", line 282, in start
    self.wait(self.timeout)
  File "/home/pi/env-pysys/lib/python3.7/site-packages/pysys/process/__init__.py", line 263, in wait
    raise ProcessTimeout('Waiting for completion of %r timed out after %d seconds'%(self, int(timeout)))
pysys.exceptions.ProcessTimeout: Waiting for completion of sudo&lt;unzip_apama_project&gt; (pid 26528) timed out after 600 seconds

During handling of the above exception, another exception occurred:

Traceback (most recent call last):
  File "/home/pi/env-pysys/lib/python3.7/site-packages/pysys/process/plat-unix/helper.py", line 226, in stop
    os.kill(self.pid, sig)
PermissionError: [Errno 1] Operation not permitted

During handling of the above exception, another exception occurred:

Traceback (most recent call last):
  File "/home/pi/env-pysys/lib/python3.7/site-packages/pysys/baserunner.py", line 1292, in __call__
    self.testObj.setup()
  File "/home/pi/actions-runner/_work/thin-edge.io/thin-edge.io/tests/PySys/plugin_apama/apama_plugin_mon_support/run.py", line 19, in setup
    self.install_project(self.project.apama_input_dir + "/quickstart.zip")
  File "/home/pi/actions-runner/_work/thin-edge.io/thin-edge.io/tests/PySys/plugin_apama/environment_apama_plugin.py", line 72, in install_project
    stdouterr="unzip_apama_project",
  File "/home/pi/env-pysys/lib/python3.7/site-packages/pysys/process/user.py", line 493, in startProcess
    process.stop()
  File "/home/pi/env-pysys/lib/python3.7/site-packages/pysys/process/plat-unix/helper.py", line 252, in stop
    raise ProcessError("Error stopping process %r due to %s: %s"%(self, type(ex).__name__, ex))
pysys.exceptions.ProcessError: Error stopping process sudo&lt;unzip_apama_project&gt; (pid 26528) due to PermissionError: [Errno 1] Operation not permitted
11:06:20 WARN  ProcessError: Error stopping process sudo&lt;unzip_apama_project&gt; (pid 26528) due to PermissionError: [Errno 1] Operation not permitted ... blocked 
11:06:20 INFO  
11:06:20 INFO  cleanup:
11:06:20 INFO  Removing apama project
11:06:21 WARN  Executed sudo&lt;remove_apama_project&gt;, exit status 1
11:06:21 INFO  Contents of remove_apama_project.err: 
  rm: cannot remove '/etc/tedge/apama/project/logs/.nfs0000000000160e5500002dc2': Device or resource busy
  -----

11:06:21 ERROR Error while running cleanup function: 
Traceback (most recent call last):
  File "/home/pi/env-pysys/lib/python3.7/site-packages/pysys/process/user.py", line 1305, in cleanup
    fn()
  File "/home/pi/actions-runner/_work/thin-edge.io/thin-edge.io/tests/PySys/plugin_apama/environment_apama_plugin.py", line 144, in cleanup_project
    self.remove_project()
  File "/home/pi/actions-runner/_work/thin-edge.io/thin-edge.io/tests/PySys/plugin_apama/environment_apama_plugin.py", line 95, in remove_project
    stdouterr="remove_apama_project",
  File "/home/pi/env-pysys/lib/python3.7/site-packages/pysys/process/user.py", line 482, in startProcess
    abortOnError=abortOnError)
  File "/home/pi/env-pysys/lib/python3.7/site-packages/pysys/process/user.py", line 1401, in addOutcome
    self.abort(outcome, outcomeReason, callRecord)
  File "/home/pi/env-pysys/lib/python3.7/site-packages/pysys/process/user.py", line 1420, in abort
    raise AbortExecution(outcome, outcomeReason, callRecord)
pysys.exceptions.AbortExecution: sudo&lt;remove_apama_project&gt; returned non-zero exit code 1
11:06:21 WARN  Cleanup failed with 1 errors: Cleanup function failed: sudo&lt;remove_apama_project&gt; returned non-zero exit code 1 (AbortExecution) ... blocked 
11:06:21 INFO  
11:06:21 INFO  Test duration: 602.00 secs
11:06:21 INFO  Test final outcome:  BLOCKED
11:06:21 INFO  Test outcome reason: ProcessError: Error stopping process sudo&lt;unzip_apama_project&gt; (pid 26528) due to PermissionError: [Errno 1] Operation not permitted (+3 other failures)
11:06:21 INFO  
</system-out>
	</testcase>
</testsuite><testsuite name="SoftwareManagement.Plugin.apama_plugin_remove" tests="3" errors="0" failures="1" skipped="1" time="0"><testcase classname="ApamaPluginRemoveTest" name="SoftwareManagement.Plugin.apama_plugin_remove">
		<skipped message="SKIPPED: Apama plugin tests are disabled by default. Execute `pysys run` with `-XmyPlatform=container` to run these tests" />
		<system-out>10:29:42 INFO  ==============================================================
10:29:42 INFO  Id:    SoftwareManagement.Plugin.apama_plugin_remove
10:29:42 INFO  Dir:   plugin_apama/
10:29:42 INFO  Title: Validate apama plugin remove
10:29:42 INFO  ==============================================================
10:29:42 INFO  Apama plugin tests are disabled by default. Execute `pysys run` with `-XmyPlatform=container` to run these tests ... skipped
10:29:42 WARN  Aborted test due to SKIPPED outcome
10:29:42 INFO  
10:29:42 INFO  Test duration: 0.05 secs
10:29:42 INFO  Test final outcome:  SKIPPED
10:29:42 INFO  Test outcome reason: Apama plugin tests are disabled by default. Execute `pysys run` with `-XmyPlatform=container` to run these tests
10:29:42 INFO  
</system-out>
	</testcase>
<testcase classname="ApamaPluginRemoveTest" name="SoftwareManagement.Plugin.apama_plugin_remove" />
<testcase classname="ApamaPluginRemoveTest" name="SoftwareManagement.Plugin.apama_plugin_remove">
		<failure message="BLOCKED: sudo&lt;remove_apama_project&gt; returned non-zero exit code 1 (+2 other failures)" type="BLOCKED" />
		<system-out>11:06:21 INFO  ==============================================================
11:06:21 INFO  Id:    SoftwareManagement.Plugin.apama_plugin_remove
11:06:21 INFO  Dir:   plugin_apama/
11:06:21 INFO  Title: Validate apama plugin remove
11:06:21 INFO  ==============================================================
11:06:21 WARN  Assertion that path exists=False for "/etc/tedge/apama/project" ... failed 
11:06:21 WARN  Aborted test due to FAILED outcome
11:06:21 INFO  
11:06:21 INFO  cleanup:
11:06:21 INFO  Removing apama project
11:06:21 WARN  Executed sudo&lt;remove_apama_project&gt;, exit status 1
11:06:21 INFO  Contents of remove_apama_project.err: 
  rm: cannot remove '/etc/tedge/apama/project/logs/.nfs0000000000160e5500002dc2': Device or resource busy
  -----

11:06:21 ERROR Error while running cleanup function: 
Traceback (most recent call last):
  File "/home/pi/env-pysys/lib/python3.7/site-packages/pysys/process/user.py", line 1305, in cleanup
    fn()
  File "/home/pi/actions-runner/_work/thin-edge.io/thin-edge.io/tests/PySys/plugin_apama/environment_apama_plugin.py", line 144, in cleanup_project
    self.remove_project()
  File "/home/pi/actions-runner/_work/thin-edge.io/thin-edge.io/tests/PySys/plugin_apama/environment_apama_plugin.py", line 95, in remove_project
    stdouterr="remove_apama_project",
  File "/home/pi/env-pysys/lib/python3.7/site-packages/pysys/process/user.py", line 482, in startProcess
    abortOnError=abortOnError)
  File "/home/pi/env-pysys/lib/python3.7/site-packages/pysys/process/user.py", line 1401, in addOutcome
    self.abort(outcome, outcomeReason, callRecord)
  File "/home/pi/env-pysys/lib/python3.7/site-packages/pysys/process/user.py", line 1420, in abort
    raise AbortExecution(outcome, outcomeReason, callRecord)
pysys.exceptions.AbortExecution: sudo&lt;remove_apama_project&gt; returned non-zero exit code 1
11:06:21 WARN  Cleanup failed with 1 errors: Cleanup function failed: sudo&lt;remove_apama_project&gt; returned non-zero exit code 1 (AbortExecution) ... blocked 
11:06:21 INFO  
11:06:21 INFO  Test duration: 0.64 secs
11:06:21 INFO  Test final outcome:  BLOCKED
11:06:21 INFO  Test outcome reason: sudo&lt;remove_apama_project&gt; returned non-zero exit code 1 (+2 other failures)
11:06:21 INFO  
</system-out>
	</testcase>
</testsuite><testsuite name="SoftwareManagement.Plugin.apama_plugin_update" tests="3" errors="0" failures="2" skipped="1" time="0"><testcase classname="ApamaPluginUpdateTest" name="SoftwareManagement.Plugin.apama_plugin_update">
		<skipped message="SKIPPED: Apama plugin tests are disabled by default. Execute `pysys run` with `-XmyPlatform=container` to run these tests" />
		<system-out>10:29:42 INFO  ==============================================================
10:29:42 INFO  Id:    SoftwareManagement.Plugin.apama_plugin_update
10:29:42 INFO  Dir:   plugin_apama/
10:29:42 INFO  Title: Validate apama plugin updating one project with another
10:29:42 INFO  ==============================================================
10:29:42 INFO  Apama plugin tests are disabled by default. Execute `pysys run` with `-XmyPlatform=container` to run these tests ... skipped
10:29:42 WARN  Aborted test due to SKIPPED outcome
10:29:42 INFO  
10:29:42 INFO  Test duration: 0.02 secs
10:29:42 INFO  Test final outcome:  SKIPPED
10:29:42 INFO  Test outcome reason: Apama plugin tests are disabled by default. Execute `pysys run` with `-XmyPlatform=container` to run these tests
10:29:42 INFO  
</system-out>
	</testcase>
<testcase classname="ApamaPluginUpdateTest" name="SoftwareManagement.Plugin.apama_plugin_update">
		<failure message="BLOCKED: sudo&lt;plugin_install&gt; returned non-zero exit code 2 (+2 other failures)" type="BLOCKED" />
		<system-out>10:51:33 INFO  ==============================================================
10:51:33 INFO  Id:    SoftwareManagement.Plugin.apama_plugin_update
10:51:33 INFO  Dir:   plugin_apama/
10:51:33 INFO  Title: Validate apama plugin updating one project with another
10:51:33 INFO  ==============================================================
10:51:33 INFO  Assertion that path exists=False for "/etc/tedge/apama/project" ... passed
10:51:33 INFO  Executed sudo&lt;create_project_dir&gt;, exit status 0
10:51:34 INFO  Executed sudo&lt;unzip_apama_project&gt;, exit status 0
10:51:34 INFO  Executed sudo&lt;move_apama_project&gt;, exit status 0
10:51:35 INFO  Executed sudo&lt;restart_apama_service&gt;, exit status 0
10:51:36 INFO  Executed sudo&lt;apama_correlator_wait&gt;, exit status 0
10:51:36 INFO  Assertion that path exists=True for "/etc/tedge/apama/project" ... passed
10:51:37 INFO  Executed sudo&lt;apama_list_monitors&gt;, exit status 0
10:51:37 INFO  Grep on file /home/pi/actions-runner/_work/thin-edge.io/thin-edge.io/tests/PySys/plugin_apama/apama_plugin_update/Output/linux/apama_list_monitors.out ... passed
10:51:37 WARN  Executed sudo&lt;plugin_install&gt;, exit status 2
10:51:37 INFO  Contents of plugin_install.err: 
  ERROR: Directory not empty (os error 39)
  -----

10:51:37 WARN  sudo&lt;plugin_install&gt; returned non-zero exit code 2 ... blocked [run.py:35]
10:51:37 WARN  Aborted test due to BLOCKED outcome
10:51:37 INFO  
10:51:37 INFO  cleanup:
10:51:37 INFO  Removing apama project
10:51:38 WARN  Executed sudo&lt;remove_apama_project&gt;, exit status 1
10:51:38 INFO  Contents of remove_apama_project.err: 
  rm: cannot remove '/etc/tedge/apama/project/logs/.nfs0000000000160e5500002dc2': Device or resource busy
  -----

10:51:38 ERROR Error while running cleanup function: 
Traceback (most recent call last):
  File "/home/pi/env-pysys/lib/python3.7/site-packages/pysys/process/user.py", line 1305, in cleanup
    fn()
  File "/home/pi/actions-runner/_work/thin-edge.io/thin-edge.io/tests/PySys/plugin_apama/environment_apama_plugin.py", line 144, in cleanup_project
    self.remove_project()
  File "/home/pi/actions-runner/_work/thin-edge.io/thin-edge.io/tests/PySys/plugin_apama/environment_apama_plugin.py", line 95, in remove_project
    stdouterr="remove_apama_project",
  File "/home/pi/env-pysys/lib/python3.7/site-packages/pysys/process/user.py", line 482, in startProcess
    abortOnError=abortOnError)
  File "/home/pi/env-pysys/lib/python3.7/site-packages/pysys/process/user.py", line 1401, in addOutcome
    self.abort(outcome, outcomeReason, callRecord)
  File "/home/pi/env-pysys/lib/python3.7/site-packages/pysys/process/user.py", line 1420, in abort
    raise AbortExecution(outcome, outcomeReason, callRecord)
pysys.exceptions.AbortExecution: sudo&lt;remove_apama_project&gt; returned non-zero exit code 1
10:51:38 WARN  Cleanup failed with 1 errors: Cleanup function failed: sudo&lt;remove_apama_project&gt; returned non-zero exit code 1 (AbortExecution) ... blocked 
10:51:38 INFO  
10:51:38 INFO  Test duration: 5.18 secs
10:51:38 INFO  Test final outcome:  BLOCKED
10:51:38 INFO  Test outcome reason: sudo&lt;plugin_install&gt; returned non-zero exit code 2 (+2 other failures)
10:51:38 INFO  
</system-out>
	</testcase>
<testcase classname="ApamaPluginUpdateTest" name="SoftwareManagement.Plugin.apama_plugin_update">
		<failure message="BLOCKED: sudo&lt;remove_apama_project&gt; returned non-zero exit code 1 (+2 other failures)" type="BLOCKED" />
		<system-out>11:06:21 INFO  ==============================================================
11:06:21 INFO  Id:    SoftwareManagement.Plugin.apama_plugin_update
11:06:21 INFO  Dir:   plugin_apama/
11:06:21 INFO  Title: Validate apama plugin updating one project with another
11:06:21 INFO  ==============================================================
11:06:21 WARN  Assertion that path exists=False for "/etc/tedge/apama/project" ... failed 
11:06:21 WARN  Aborted test due to FAILED outcome
11:06:21 INFO  
11:06:21 INFO  cleanup:
11:06:21 INFO  Removing apama project
11:06:22 WARN  Executed sudo&lt;remove_apama_project&gt;, exit status 1
11:06:22 INFO  Contents of remove_apama_project.err: 
  rm: cannot remove '/etc/tedge/apama/project/logs/.nfs0000000000160e5500002dc2': Device or resource busy
  -----

11:06:22 ERROR Error while running cleanup function: 
Traceback (most recent call last):
  File "/home/pi/env-pysys/lib/python3.7/site-packages/pysys/process/user.py", line 1305, in cleanup
    fn()
  File "/home/pi/actions-runner/_work/thin-edge.io/thin-edge.io/tests/PySys/plugin_apama/environment_apama_plugin.py", line 144, in cleanup_project
    self.remove_project()
  File "/home/pi/actions-runner/_work/thin-edge.io/thin-edge.io/tests/PySys/plugin_apama/environment_apama_plugin.py", line 95, in remove_project
    stdouterr="remove_apama_project",
  File "/home/pi/env-pysys/lib/python3.7/site-packages/pysys/process/user.py", line 482, in startProcess
    abortOnError=abortOnError)
  File "/home/pi/env-pysys/lib/python3.7/site-packages/pysys/process/user.py", line 1401, in addOutcome
    self.abort(outcome, outcomeReason, callRecord)
  File "/home/pi/env-pysys/lib/python3.7/site-packages/pysys/process/user.py", line 1420, in abort
    raise AbortExecution(outcome, outcomeReason, callRecord)
pysys.exceptions.AbortExecution: sudo&lt;remove_apama_project&gt; returned non-zero exit code 1
11:06:22 WARN  Cleanup failed with 1 errors: Cleanup function failed: sudo&lt;remove_apama_project&gt; returned non-zero exit code 1 (AbortExecution) ... blocked 
11:06:22 INFO  
11:06:22 INFO  Test duration: 0.74 secs
11:06:22 INFO  Test final outcome:  BLOCKED
11:06:22 INFO  Test outcome reason: sudo&lt;remove_apama_project&gt; returned non-zero exit code 1 (+2 other failures)
11:06:22 INFO  
</system-out>
	</testcase>
</testsuite><testsuite name="SoftwareManagement.sm_apt_install_download_path" tests="3" errors="0" failures="2" skipped="1" time="0"><testcase classname="AptInstallWithDownloadPath" name="SoftwareManagement.sm_apt_install_download_path">
		<skipped message="SKIPPED: Testing the apt plugin is not supported on this platform.Use parameter -XmyPlatform='container' to enable it" />
		<system-out>10:30:11 INFO  ==============================================================
10:30:11 INFO  Id:    SoftwareManagement.sm_apt_install_download_path
10:30:11 INFO  Dir:   software_management_end_to_end/
10:30:11 INFO  Title: Install package to directory specified in tedge config set tmp.path
10:30:11 INFO  ==============================================================
10:30:11 INFO  Testing the apt plugin is not supported on this platform.Use parameter -XmyPlatform='container' to enable it ... skipped
10:30:11 WARN  Aborted test due to SKIPPED outcome
10:30:11 INFO  
10:30:11 INFO  Test duration: 0.08 secs
10:30:11 INFO  Test final outcome:  SKIPPED
10:30:11 INFO  Test outcome reason: Testing the apt plugin is not supported on this platform.Use parameter -XmyPlatform='container' to enable it
10:30:11 INFO  
</system-out>
	</testcase>
<testcase classname="AptInstallWithDownloadPath" name="SoftwareManagement.sm_apt_install_download_path">
		<failure message="BLOCKED: sudo&lt;tedge_connect_c8y&gt; returned non-zero exit code 1" type="BLOCKED" />
		<system-out>10:50:20 INFO  ==============================================================
10:50:20 INFO  Id:    SoftwareManagement.sm_apt_install_download_path
10:50:20 INFO  Dir:   software_management_end_to_end/
10:50:20 INFO  Title: Install package to directory specified in tedge config set tmp.path
10:50:20 INFO  ==============================================================
10:50:20 INFO  Using sw id database: {'asciijump': '5475369', 'robotfindskitten': '5474869', 'squirrel3': '5475279', 'rolldice': '5152439', 'moon-buggy': '5439204', 'apple': '5495053', 'banana': '5494888', 'cherry': '5495382', 'watermelon': '5494510', 'registry': '8018911', 'hello-world': '8021526', 'docker/getting-started': '8021973', 'alpine': '7991792'}
10:50:20 INFO  EnvironmentC8y Setup
10:50:20 INFO  Executed systemctl&lt;serv_mapper1&gt;, exit status 3
10:50:21 WARN  Executed sudo&lt;tedge_connect_c8y&gt;, exit status 1
10:50:21 INFO  Contents of tedge_connect_c8y.err: 
  Error: failed to connect Cumulocity cloud.
  Caused by:
      A value for `c8y.url` is missing.
          A value can be set with `tedge config set c8y.url &lt;value&gt;`
  -----

10:50:22 WARN  sudo&lt;tedge_connect_c8y&gt; returned non-zero exit code 1 ... blocked 
10:50:22 WARN  Aborted test due to BLOCKED outcome
10:50:22 INFO  
10:50:22 INFO  cleanup:
10:50:22 INFO  Executed sudo&lt;tedge_disconnect_c8y&gt;, exit status 0
10:50:23 INFO  Executed systemctl&lt;serv_mapper5&gt;, exit status 3
10:50:23 INFO  
10:50:23 INFO  Test duration: 3.07 secs
10:50:23 INFO  Test final outcome:  BLOCKED
10:50:23 INFO  Test outcome reason: sudo&lt;tedge_connect_c8y&gt; returned non-zero exit code 1
10:50:23 INFO  
</system-out>
	</testcase>
<testcase classname="AptInstallWithDownloadPath" name="SoftwareManagement.sm_apt_install_download_path">
		<failure message="BLOCKED: sudo&lt;tedge_connect_c8y&gt; returned non-zero exit code 1" type="BLOCKED" />
		<system-out>11:06:22 INFO  ==============================================================
11:06:22 INFO  Id:    SoftwareManagement.sm_apt_install_download_path
11:06:22 INFO  Dir:   software_management_end_to_end/
11:06:22 INFO  Title: Install package to directory specified in tedge config set tmp.path
11:06:22 INFO  ==============================================================
11:06:24 INFO  Using sw id database: {'asciijump': '5475369', 'robotfindskitten': '5474869', 'squirrel3': '5475279', 'rolldice': '5152439', 'moon-buggy': '5439204', 'apple': '5495053', 'banana': '5494888', 'cherry': '5495382', 'watermelon': '5494510', 'registry': '8018911', 'hello-world': '8021526', 'docker/getting-started': '8021973', 'alpine': '7991792'}
11:06:24 INFO  EnvironmentC8y Setup
11:06:24 INFO  Executed systemctl&lt;serv_mapper1&gt;, exit status 3
11:06:25 WARN  Executed sudo&lt;tedge_connect_c8y&gt;, exit status 1
11:06:25 INFO  Contents of tedge_connect_c8y.err: 
  Error: failed to connect Cumulocity cloud.
  Caused by:
      A value for `c8y.url` is missing.
          A value can be set with `tedge config set c8y.url &lt;value&gt;`
  -----

11:06:25 WARN  sudo&lt;tedge_connect_c8y&gt; returned non-zero exit code 1 ... blocked 
11:06:25 WARN  Aborted test due to BLOCKED outcome
11:06:25 INFO  
11:06:25 INFO  cleanup:
11:06:26 INFO  Executed sudo&lt;tedge_disconnect_c8y&gt;, exit status 0
11:06:26 INFO  Executed systemctl&lt;serv_mapper5&gt;, exit status 3
11:06:26 INFO  
11:06:26 INFO  Test duration: 3.96 secs
11:06:26 INFO  Test final outcome:  BLOCKED
11:06:26 INFO  Test outcome reason: sudo&lt;tedge_connect_c8y&gt; returned non-zero exit code 1
11:06:26 INFO  
</system-out>
	</testcase>
</testsuite><testsuite name="SoftwareManagement.sm_apt_install_fail" tests="3" errors="0" failures="2" skipped="1" time="0"><testcase classname="PySysTest" name="SoftwareManagement.sm_apt_install_fail">
		<skipped message="SKIPPED: Testing the apt plugin is not supported on this platform.Use parameter -XmyPlatform='container' to enable it" />
		<system-out>10:30:11 INFO  ==============================================================
10:30:11 INFO  Id:    SoftwareManagement.sm_apt_install_fail
10:30:11 INFO  Dir:   software_management_end_to_end/
10:30:11 INFO  Title: Validate end to end behaviour for a failing installation
10:30:11 INFO  ==============================================================
10:30:11 INFO  Testing the apt plugin is not supported on this platform.Use parameter -XmyPlatform='container' to enable it ... skipped
10:30:11 WARN  Aborted test due to SKIPPED outcome
10:30:11 INFO  
10:30:11 INFO  Test duration: 0.02 secs
10:30:11 INFO  Test final outcome:  SKIPPED
10:30:11 INFO  Test outcome reason: Testing the apt plugin is not supported on this platform.Use parameter -XmyPlatform='container' to enable it
10:30:11 INFO  
</system-out>
	</testcase>
<testcase classname="PySysTest" name="SoftwareManagement.sm_apt_install_fail">
		<failure message="BLOCKED: sudo&lt;tedge_connect_c8y&gt; returned non-zero exit code 1" type="BLOCKED" />
		<system-out>10:50:23 INFO  ==============================================================
10:50:23 INFO  Id:    SoftwareManagement.sm_apt_install_fail
10:50:23 INFO  Dir:   software_management_end_to_end/
10:50:23 INFO  Title: Validate end to end behaviour for a failing installation
10:50:23 INFO  ==============================================================
10:50:23 INFO  Using sw id database: {'asciijump': '5475369', 'robotfindskitten': '5474869', 'squirrel3': '5475279', 'rolldice': '5152439', 'moon-buggy': '5439204', 'apple': '5495053', 'banana': '5494888', 'cherry': '5495382', 'watermelon': '5494510', 'registry': '8018911', 'hello-world': '8021526', 'docker/getting-started': '8021973', 'alpine': '7991792'}
10:50:23 INFO  EnvironmentC8y Setup
10:50:23 INFO  Executed systemctl&lt;serv_mapper1&gt;, exit status 3
10:50:24 WARN  Executed sudo&lt;tedge_connect_c8y&gt;, exit status 1
10:50:24 INFO  Contents of tedge_connect_c8y.err: 
  Error: failed to connect Cumulocity cloud.
  Caused by:
      A value for `c8y.url` is missing.
          A value can be set with `tedge config set c8y.url &lt;value&gt;`
  -----

10:50:24 WARN  sudo&lt;tedge_connect_c8y&gt; returned non-zero exit code 1 ... blocked 
10:50:24 WARN  Aborted test due to BLOCKED outcome
10:50:24 INFO  
10:50:24 INFO  cleanup:
10:50:25 INFO  Executed sudo&lt;tedge_disconnect_c8y&gt;, exit status 0
10:50:25 INFO  Executed systemctl&lt;serv_mapper5&gt;, exit status 3
10:50:25 INFO  
10:50:25 INFO  Test duration: 2.25 secs
10:50:25 INFO  Test final outcome:  BLOCKED
10:50:25 INFO  Test outcome reason: sudo&lt;tedge_connect_c8y&gt; returned non-zero exit code 1
10:50:25 INFO  
</system-out>
	</testcase>
<testcase classname="PySysTest" name="SoftwareManagement.sm_apt_install_fail">
		<failure message="BLOCKED: sudo&lt;tedge_connect_c8y&gt; returned non-zero exit code 1" type="BLOCKED" />
		<system-out>11:06:26 INFO  ==============================================================
11:06:26 INFO  Id:    SoftwareManagement.sm_apt_install_fail
11:06:26 INFO  Dir:   software_management_end_to_end/
11:06:26 INFO  Title: Validate end to end behaviour for a failing installation
11:06:26 INFO  ==============================================================
11:06:26 INFO  Using sw id database: {'asciijump': '5475369', 'robotfindskitten': '5474869', 'squirrel3': '5475279', 'rolldice': '5152439', 'moon-buggy': '5439204', 'apple': '5495053', 'banana': '5494888', 'cherry': '5495382', 'watermelon': '5494510', 'registry': '8018911', 'hello-world': '8021526', 'docker/getting-started': '8021973', 'alpine': '7991792'}
11:06:26 INFO  EnvironmentC8y Setup
11:06:27 INFO  Executed systemctl&lt;serv_mapper1&gt;, exit status 3
11:06:27 WARN  Executed sudo&lt;tedge_connect_c8y&gt;, exit status 1
11:06:27 INFO  Contents of tedge_connect_c8y.err: 
  Error: failed to connect Cumulocity cloud.
  Caused by:
      A value for `c8y.url` is missing.
          A value can be set with `tedge config set c8y.url &lt;value&gt;`
  -----

11:06:27 WARN  sudo&lt;tedge_connect_c8y&gt; returned non-zero exit code 1 ... blocked 
11:06:27 WARN  Aborted test due to BLOCKED outcome
11:06:27 INFO  
11:06:27 INFO  cleanup:
11:06:28 INFO  Executed sudo&lt;tedge_disconnect_c8y&gt;, exit status 0
11:06:28 INFO  Executed systemctl&lt;serv_mapper5&gt;, exit status 3
11:06:28 INFO  
11:06:28 INFO  Test duration: 2.27 secs
11:06:28 INFO  Test final outcome:  BLOCKED
11:06:28 INFO  Test outcome reason: sudo&lt;tedge_connect_c8y&gt; returned non-zero exit code 1
11:06:28 INFO  
</system-out>
	</testcase>
</testsuite><testsuite name="SoftwareManagement.sm_apt_install_remove" tests="3" errors="0" failures="2" skipped="1" time="0"><testcase classname="PySysTest" name="SoftwareManagement.sm_apt_install_remove">
		<skipped message="SKIPPED: Testing the apt plugin is not supported on this platform.Use parameter -XmyPlatform='container' to enable it" />
		<system-out>10:30:11 INFO  ==============================================================
10:30:11 INFO  Id:    SoftwareManagement.sm_apt_install_remove
10:30:11 INFO  Dir:   software_management_end_to_end/
10:30:11 INFO  Title: Validate end to end behaviour for the apt plugin for installation and removal of packages
10:30:11 INFO  ==============================================================
10:30:11 INFO  Testing the apt plugin is not supported on this platform.Use parameter -XmyPlatform='container' to enable it ... skipped
10:30:11 WARN  Aborted test due to SKIPPED outcome
10:30:11 INFO  
10:30:11 INFO  Test duration: 0.02 secs
10:30:11 INFO  Test final outcome:  SKIPPED
10:30:11 INFO  Test outcome reason: Testing the apt plugin is not supported on this platform.Use parameter -XmyPlatform='container' to enable it
10:30:11 INFO  
</system-out>
	</testcase>
<testcase classname="PySysTest" name="SoftwareManagement.sm_apt_install_remove">
		<failure message="BLOCKED: sudo&lt;tedge_connect_c8y&gt; returned non-zero exit code 1" type="BLOCKED" />
		<system-out>10:50:25 INFO  ==============================================================
10:50:25 INFO  Id:    SoftwareManagement.sm_apt_install_remove
10:50:25 INFO  Dir:   software_management_end_to_end/
10:50:25 INFO  Title: Validate end to end behaviour for the apt plugin for installation and removal of packages
10:50:25 INFO  ==============================================================
10:50:25 INFO  Using sw id database: {'asciijump': '5475369', 'robotfindskitten': '5474869', 'squirrel3': '5475279', 'rolldice': '5152439', 'moon-buggy': '5439204', 'apple': '5495053', 'banana': '5494888', 'cherry': '5495382', 'watermelon': '5494510', 'registry': '8018911', 'hello-world': '8021526', 'docker/getting-started': '8021973', 'alpine': '7991792'}
10:50:25 INFO  EnvironmentC8y Setup
10:50:26 INFO  Executed systemctl&lt;serv_mapper1&gt;, exit status 3
10:50:26 WARN  Executed sudo&lt;tedge_connect_c8y&gt;, exit status 1
10:50:26 INFO  Contents of tedge_connect_c8y.err: 
  Error: failed to connect Cumulocity cloud.
  Caused by:
      A value for `c8y.url` is missing.
          A value can be set with `tedge config set c8y.url &lt;value&gt;`
  -----

10:50:26 WARN  sudo&lt;tedge_connect_c8y&gt; returned non-zero exit code 1 ... blocked 
10:50:26 WARN  Aborted test due to BLOCKED outcome
10:50:26 INFO  
10:50:26 INFO  cleanup:
10:50:27 INFO  Executed sudo&lt;tedge_disconnect_c8y&gt;, exit status 0
10:50:27 INFO  Executed systemctl&lt;serv_mapper5&gt;, exit status 3
10:50:27 INFO  
10:50:27 INFO  Test duration: 2.27 secs
10:50:27 INFO  Test final outcome:  BLOCKED
10:50:27 INFO  Test outcome reason: sudo&lt;tedge_connect_c8y&gt; returned non-zero exit code 1
10:50:27 INFO  
</system-out>
	</testcase>
<testcase classname="PySysTest" name="SoftwareManagement.sm_apt_install_remove">
		<failure message="BLOCKED: sudo&lt;tedge_connect_c8y&gt; returned non-zero exit code 1" type="BLOCKED" />
		<system-out>11:06:28 INFO  ==============================================================
11:06:28 INFO  Id:    SoftwareManagement.sm_apt_install_remove
11:06:28 INFO  Dir:   software_management_end_to_end/
11:06:28 INFO  Title: Validate end to end behaviour for the apt plugin for installation and removal of packages
11:06:28 INFO  ==============================================================
11:06:28 INFO  Using sw id database: {'asciijump': '5475369', 'robotfindskitten': '5474869', 'squirrel3': '5475279', 'rolldice': '5152439', 'moon-buggy': '5439204', 'apple': '5495053', 'banana': '5494888', 'cherry': '5495382', 'watermelon': '5494510', 'registry': '8018911', 'hello-world': '8021526', 'docker/getting-started': '8021973', 'alpine': '7991792'}
11:06:28 INFO  EnvironmentC8y Setup
11:06:29 INFO  Executed systemctl&lt;serv_mapper1&gt;, exit status 3
11:06:30 WARN  Executed sudo&lt;tedge_connect_c8y&gt;, exit status 1
11:06:30 INFO  Contents of tedge_connect_c8y.err: 
  Error: failed to connect Cumulocity cloud.
  Caused by:
      A value for `c8y.url` is missing.
          A value can be set with `tedge config set c8y.url &lt;value&gt;`
  -----

11:06:30 WARN  sudo&lt;tedge_connect_c8y&gt; returned non-zero exit code 1 ... blocked 
11:06:30 WARN  Aborted test due to BLOCKED outcome
11:06:30 INFO  
11:06:30 INFO  cleanup:
11:06:30 INFO  Executed sudo&lt;tedge_disconnect_c8y&gt;, exit status 0
11:06:31 INFO  Executed systemctl&lt;serv_mapper5&gt;, exit status 3
11:06:31 INFO  
11:06:31 INFO  Test duration: 2.26 secs
11:06:31 INFO  Test final outcome:  BLOCKED
11:06:31 INFO  Test outcome reason: sudo&lt;tedge_connect_c8y&gt; returned non-zero exit code 1
11:06:31 INFO  
</system-out>
	</testcase>
</testsuite><testsuite name="SoftwareManagement.sm_apt_install_remove_default" tests="3" errors="0" failures="2" skipped="1" time="0"><testcase classname="PySysTest" name="SoftwareManagement.sm_apt_install_remove_default">
		<skipped message="SKIPPED: Testing the apt plugin is not supported on this platform.Use parameter -XmyPlatform='container' to enable it" />
		<system-out>10:30:11 INFO  ==============================================================
10:30:11 INFO  Id:    SoftwareManagement.sm_apt_install_remove_default
10:30:11 INFO  Dir:   software_management_end_to_end/
10:30:11 INFO  Title: Validate end to end behaviour for the default plugin for installation and removal of packages
10:30:11 INFO  ==============================================================
10:30:11 INFO  Testing the apt plugin is not supported on this platform.Use parameter -XmyPlatform='container' to enable it ... skipped
10:30:11 WARN  Aborted test due to SKIPPED outcome
10:30:11 INFO  
10:30:11 INFO  Test duration: 0.02 secs
10:30:11 INFO  Test final outcome:  SKIPPED
10:30:11 INFO  Test outcome reason: Testing the apt plugin is not supported on this platform.Use parameter -XmyPlatform='container' to enable it
10:30:11 INFO  
</system-out>
	</testcase>
<testcase classname="PySysTest" name="SoftwareManagement.sm_apt_install_remove_default">
		<failure message="BLOCKED: sudo&lt;tedge_connect_c8y&gt; returned non-zero exit code 1" type="BLOCKED" />
		<system-out>10:50:27 INFO  ==============================================================
10:50:27 INFO  Id:    SoftwareManagement.sm_apt_install_remove_default
10:50:27 INFO  Dir:   software_management_end_to_end/
10:50:27 INFO  Title: Validate end to end behaviour for the default plugin for installation and removal of packages
10:50:27 INFO  ==============================================================
10:50:27 INFO  Using sw id database: {'asciijump': '5475369', 'robotfindskitten': '5474869', 'squirrel3': '5475279', 'rolldice': '5152439', 'moon-buggy': '5439204', 'apple': '5495053', 'banana': '5494888', 'cherry': '5495382', 'watermelon': '5494510', 'registry': '8018911', 'hello-world': '8021526', 'docker/getting-started': '8021973', 'alpine': '7991792'}
10:50:27 INFO  EnvironmentC8y Setup
10:50:28 INFO  Executed systemctl&lt;serv_mapper1&gt;, exit status 3
10:50:29 WARN  Executed sudo&lt;tedge_connect_c8y&gt;, exit status 1
10:50:29 INFO  Contents of tedge_connect_c8y.err: 
  Error: failed to connect Cumulocity cloud.
  Caused by:
      A value for `c8y.url` is missing.
          A value can be set with `tedge config set c8y.url &lt;value&gt;`
  -----

10:50:29 WARN  sudo&lt;tedge_connect_c8y&gt; returned non-zero exit code 1 ... blocked 
10:50:29 WARN  Aborted test due to BLOCKED outcome
10:50:29 INFO  
10:50:29 INFO  cleanup:
10:50:29 INFO  Executed sudo&lt;tedge_disconnect_c8y&gt;, exit status 0
10:50:30 INFO  Executed systemctl&lt;serv_mapper5&gt;, exit status 3
10:50:30 INFO  
10:50:30 INFO  Test duration: 2.25 secs
10:50:30 INFO  Test final outcome:  BLOCKED
10:50:30 INFO  Test outcome reason: sudo&lt;tedge_connect_c8y&gt; returned non-zero exit code 1
10:50:30 INFO  
</system-out>
	</testcase>
<testcase classname="PySysTest" name="SoftwareManagement.sm_apt_install_remove_default">
		<failure message="BLOCKED: sudo&lt;tedge_connect_c8y&gt; returned non-zero exit code 1" type="BLOCKED" />
		<system-out>11:06:31 INFO  ==============================================================
11:06:31 INFO  Id:    SoftwareManagement.sm_apt_install_remove_default
11:06:31 INFO  Dir:   software_management_end_to_end/
11:06:31 INFO  Title: Validate end to end behaviour for the default plugin for installation and removal of packages
11:06:31 INFO  ==============================================================
11:06:31 INFO  Using sw id database: {'asciijump': '5475369', 'robotfindskitten': '5474869', 'squirrel3': '5475279', 'rolldice': '5152439', 'moon-buggy': '5439204', 'apple': '5495053', 'banana': '5494888', 'cherry': '5495382', 'watermelon': '5494510', 'registry': '8018911', 'hello-world': '8021526', 'docker/getting-started': '8021973', 'alpine': '7991792'}
11:06:31 INFO  EnvironmentC8y Setup
11:06:31 INFO  Executed systemctl&lt;serv_mapper1&gt;, exit status 3
11:06:32 WARN  Executed sudo&lt;tedge_connect_c8y&gt;, exit status 1
11:06:32 INFO  Contents of tedge_connect_c8y.err: 
  Error: failed to connect Cumulocity cloud.
  Caused by:
      A value for `c8y.url` is missing.
          A value can be set with `tedge config set c8y.url &lt;value&gt;`
  -----

11:06:32 WARN  sudo&lt;tedge_connect_c8y&gt; returned non-zero exit code 1 ... blocked 
11:06:32 WARN  Aborted test due to BLOCKED outcome
11:06:32 INFO  
11:06:32 INFO  cleanup:
11:06:33 INFO  Executed sudo&lt;tedge_disconnect_c8y&gt;, exit status 0
11:06:33 INFO  Executed systemctl&lt;serv_mapper5&gt;, exit status 3
11:06:33 INFO  
11:06:33 INFO  Test duration: 2.31 secs
11:06:33 INFO  Test final outcome:  BLOCKED
11:06:33 INFO  Test outcome reason: sudo&lt;tedge_connect_c8y&gt; returned non-zero exit code 1
11:06:33 INFO  
</system-out>
	</testcase>
</testsuite><testsuite name="SoftwareManagement.sm_apt_install_remove_multiple" tests="3" errors="0" failures="2" skipped="1" time="0"><testcase classname="PySysTest" name="SoftwareManagement.sm_apt_install_remove_multiple">
		<skipped message="SKIPPED: Testing the apt plugin is not supported on this platform.Use parameter -XmyPlatform='container' to enable it" />
		<system-out>10:30:11 INFO  ==============================================================
10:30:11 INFO  Id:    SoftwareManagement.sm_apt_install_remove_multiple
10:30:11 INFO  Dir:   software_management_end_to_end/
10:30:11 INFO  Title: Validate end to end behaviour for the apt plugin for multiple packages
10:30:11 INFO  ==============================================================
10:30:11 INFO  Testing the apt plugin is not supported on this platform.Use parameter -XmyPlatform='container' to enable it ... skipped
10:30:11 WARN  Aborted test due to SKIPPED outcome
10:30:11 INFO  
10:30:11 INFO  Test duration: 0.02 secs
10:30:11 INFO  Test final outcome:  SKIPPED
10:30:11 INFO  Test outcome reason: Testing the apt plugin is not supported on this platform.Use parameter -XmyPlatform='container' to enable it
10:30:11 INFO  
</system-out>
	</testcase>
<testcase classname="PySysTest" name="SoftwareManagement.sm_apt_install_remove_multiple">
		<failure message="BLOCKED: sudo&lt;tedge_connect_c8y&gt; returned non-zero exit code 1" type="BLOCKED" />
		<system-out>10:50:30 INFO  ==============================================================
10:50:30 INFO  Id:    SoftwareManagement.sm_apt_install_remove_multiple
10:50:30 INFO  Dir:   software_management_end_to_end/
10:50:30 INFO  Title: Validate end to end behaviour for the apt plugin for multiple packages
10:50:30 INFO  ==============================================================
10:50:30 INFO  Using sw id database: {'asciijump': '5475369', 'robotfindskitten': '5474869', 'squirrel3': '5475279', 'rolldice': '5152439', 'moon-buggy': '5439204', 'apple': '5495053', 'banana': '5494888', 'cherry': '5495382', 'watermelon': '5494510', 'registry': '8018911', 'hello-world': '8021526', 'docker/getting-started': '8021973', 'alpine': '7991792'}
10:50:30 INFO  EnvironmentC8y Setup
10:50:30 INFO  Executed systemctl&lt;serv_mapper1&gt;, exit status 3
10:50:31 WARN  Executed sudo&lt;tedge_connect_c8y&gt;, exit status 1
10:50:31 INFO  Contents of tedge_connect_c8y.err: 
  Error: failed to connect Cumulocity cloud.
  Caused by:
      A value for `c8y.url` is missing.
          A value can be set with `tedge config set c8y.url &lt;value&gt;`
  -----

10:50:31 WARN  sudo&lt;tedge_connect_c8y&gt; returned non-zero exit code 1 ... blocked 
10:50:31 WARN  Aborted test due to BLOCKED outcome
10:50:31 INFO  
10:50:31 INFO  cleanup:
10:50:32 INFO  Executed sudo&lt;tedge_disconnect_c8y&gt;, exit status 0
10:50:32 INFO  Executed systemctl&lt;serv_mapper5&gt;, exit status 3
10:50:32 INFO  
10:50:32 INFO  Test duration: 2.26 secs
10:50:32 INFO  Test final outcome:  BLOCKED
10:50:32 INFO  Test outcome reason: sudo&lt;tedge_connect_c8y&gt; returned non-zero exit code 1
10:50:32 INFO  
</system-out>
	</testcase>
<testcase classname="PySysTest" name="SoftwareManagement.sm_apt_install_remove_multiple">
		<failure message="BLOCKED: sudo&lt;tedge_connect_c8y&gt; returned non-zero exit code 1" type="BLOCKED" />
		<system-out>11:06:33 INFO  ==============================================================
11:06:33 INFO  Id:    SoftwareManagement.sm_apt_install_remove_multiple
11:06:33 INFO  Dir:   software_management_end_to_end/
11:06:33 INFO  Title: Validate end to end behaviour for the apt plugin for multiple packages
11:06:33 INFO  ==============================================================
11:06:33 INFO  Using sw id database: {'asciijump': '5475369', 'robotfindskitten': '5474869', 'squirrel3': '5475279', 'rolldice': '5152439', 'moon-buggy': '5439204', 'apple': '5495053', 'banana': '5494888', 'cherry': '5495382', 'watermelon': '5494510', 'registry': '8018911', 'hello-world': '8021526', 'docker/getting-started': '8021973', 'alpine': '7991792'}
11:06:33 INFO  EnvironmentC8y Setup
11:06:34 INFO  Executed systemctl&lt;serv_mapper1&gt;, exit status 3
11:06:34 WARN  Executed sudo&lt;tedge_connect_c8y&gt;, exit status 1
11:06:34 INFO  Contents of tedge_connect_c8y.err: 
  Error: failed to connect Cumulocity cloud.
  Caused by:
      A value for `c8y.url` is missing.
          A value can be set with `tedge config set c8y.url &lt;value&gt;`
  -----

11:06:34 WARN  sudo&lt;tedge_connect_c8y&gt; returned non-zero exit code 1 ... blocked 
11:06:34 WARN  Aborted test due to BLOCKED outcome
11:06:34 INFO  
11:06:34 INFO  cleanup:
11:06:35 INFO  Executed sudo&lt;tedge_disconnect_c8y&gt;, exit status 0
11:06:35 INFO  Executed systemctl&lt;serv_mapper5&gt;, exit status 3
11:06:35 INFO  
11:06:35 INFO  Test duration: 2.26 secs
11:06:35 INFO  Test final outcome:  BLOCKED
11:06:35 INFO  Test outcome reason: sudo&lt;tedge_connect_c8y&gt; returned non-zero exit code 1
11:06:35 INFO  
</system-out>
	</testcase>
</testsuite><testsuite name="SoftwareManagement.sm_apt_install_remove_multiple_mixed" tests="3" errors="0" failures="2" skipped="1" time="0"><testcase classname="PySysTest" name="SoftwareManagement.sm_apt_install_remove_multiple_mixed">
		<skipped message="SKIPPED: Testing the apt plugin is not supported on this platform.Use parameter -XmyPlatform='container' to enable it" />
		<system-out>10:30:11 INFO  ==============================================================
10:30:11 INFO  Id:    SoftwareManagement.sm_apt_install_remove_multiple_mixed
10:30:11 INFO  Dir:   software_management_end_to_end/
10:30:11 INFO  Title: Validate end to end behaviour for the apt plugin for multiple packages with mixed versions
10:30:11 INFO  ==============================================================
10:30:11 INFO  Testing the apt plugin is not supported on this platform.Use parameter -XmyPlatform='container' to enable it ... skipped
10:30:11 WARN  Aborted test due to SKIPPED outcome
10:30:11 INFO  
10:30:11 INFO  Test duration: 0.02 secs
10:30:11 INFO  Test final outcome:  SKIPPED
10:30:11 INFO  Test outcome reason: Testing the apt plugin is not supported on this platform.Use parameter -XmyPlatform='container' to enable it
10:30:11 INFO  
</system-out>
	</testcase>
<testcase classname="PySysTest" name="SoftwareManagement.sm_apt_install_remove_multiple_mixed">
		<failure message="BLOCKED: sudo&lt;tedge_connect_c8y&gt; returned non-zero exit code 1" type="BLOCKED" />
		<system-out>10:50:32 INFO  ==============================================================
10:50:32 INFO  Id:    SoftwareManagement.sm_apt_install_remove_multiple_mixed
10:50:32 INFO  Dir:   software_management_end_to_end/
10:50:32 INFO  Title: Validate end to end behaviour for the apt plugin for multiple packages with mixed versions
10:50:32 INFO  ==============================================================
10:50:32 INFO  Using sw id database: {'asciijump': '5475369', 'robotfindskitten': '5474869', 'squirrel3': '5475279', 'rolldice': '5152439', 'moon-buggy': '5439204', 'apple': '5495053', 'banana': '5494888', 'cherry': '5495382', 'watermelon': '5494510', 'registry': '8018911', 'hello-world': '8021526', 'docker/getting-started': '8021973', 'alpine': '7991792'}
10:50:32 INFO  EnvironmentC8y Setup
10:50:33 INFO  Executed systemctl&lt;serv_mapper1&gt;, exit status 3
10:50:33 WARN  Executed sudo&lt;tedge_connect_c8y&gt;, exit status 1
10:50:33 INFO  Contents of tedge_connect_c8y.err: 
  Error: failed to connect Cumulocity cloud.
  Caused by:
      A value for `c8y.url` is missing.
          A value can be set with `tedge config set c8y.url &lt;value&gt;`
  -----

10:50:33 WARN  sudo&lt;tedge_connect_c8y&gt; returned non-zero exit code 1 ... blocked 
10:50:33 WARN  Aborted test due to BLOCKED outcome
10:50:33 INFO  
10:50:33 INFO  cleanup:
10:50:34 INFO  Executed sudo&lt;tedge_disconnect_c8y&gt;, exit status 0
10:50:34 INFO  Executed systemctl&lt;serv_mapper5&gt;, exit status 3
10:50:34 INFO  
10:50:34 INFO  Test duration: 2.31 secs
10:50:34 INFO  Test final outcome:  BLOCKED
10:50:34 INFO  Test outcome reason: sudo&lt;tedge_connect_c8y&gt; returned non-zero exit code 1
10:50:34 INFO  
</system-out>
	</testcase>
<testcase classname="PySysTest" name="SoftwareManagement.sm_apt_install_remove_multiple_mixed">
		<failure message="BLOCKED: sudo&lt;tedge_connect_c8y&gt; returned non-zero exit code 1" type="BLOCKED" />
		<system-out>11:06:35 INFO  ==============================================================
11:06:35 INFO  Id:    SoftwareManagement.sm_apt_install_remove_multiple_mixed
11:06:35 INFO  Dir:   software_management_end_to_end/
11:06:35 INFO  Title: Validate end to end behaviour for the apt plugin for multiple packages with mixed versions
11:06:35 INFO  ==============================================================
11:06:35 INFO  Using sw id database: {'asciijump': '5475369', 'robotfindskitten': '5474869', 'squirrel3': '5475279', 'rolldice': '5152439', 'moon-buggy': '5439204', 'apple': '5495053', 'banana': '5494888', 'cherry': '5495382', 'watermelon': '5494510', 'registry': '8018911', 'hello-world': '8021526', 'docker/getting-started': '8021973', 'alpine': '7991792'}
11:06:35 INFO  EnvironmentC8y Setup
11:06:36 INFO  Executed systemctl&lt;serv_mapper1&gt;, exit status 3
11:06:37 WARN  Executed sudo&lt;tedge_connect_c8y&gt;, exit status 1
11:06:37 INFO  Contents of tedge_connect_c8y.err: 
  Error: failed to connect Cumulocity cloud.
  Caused by:
      A value for `c8y.url` is missing.
          A value can be set with `tedge config set c8y.url &lt;value&gt;`
  -----

11:06:37 WARN  sudo&lt;tedge_connect_c8y&gt; returned non-zero exit code 1 ... blocked 
11:06:37 WARN  Aborted test due to BLOCKED outcome
11:06:37 INFO  
11:06:37 INFO  cleanup:
11:06:37 INFO  Executed sudo&lt;tedge_disconnect_c8y&gt;, exit status 0
11:06:38 INFO  Executed systemctl&lt;serv_mapper5&gt;, exit status 3
11:06:38 INFO  
11:06:38 INFO  Test duration: 2.31 secs
11:06:38 INFO  Test final outcome:  BLOCKED
11:06:38 INFO  Test outcome reason: sudo&lt;tedge_connect_c8y&gt; returned non-zero exit code 1
11:06:38 INFO  
</system-out>
	</testcase>
</testsuite><testsuite name="SoftwareManagement.sm_apt_install_remove_with_version" tests="3" errors="0" failures="2" skipped="1" time="0"><testcase classname="PySysTest" name="SoftwareManagement.sm_apt_install_remove_with_version">
		<skipped message="SKIPPED: Testing the apt plugin is not supported on this platform.Use parameter -XmyPlatform='container' to enable it" />
		<system-out>10:30:11 INFO  ==============================================================
10:30:11 INFO  Id:    SoftwareManagement.sm_apt_install_remove_with_version
10:30:11 INFO  Dir:   software_management_end_to_end/
10:30:11 INFO  Title: Validate end to end behaviour for the apt plugin for packages with version
10:30:11 INFO  ==============================================================
10:30:11 INFO  Testing the apt plugin is not supported on this platform.Use parameter -XmyPlatform='container' to enable it ... skipped
10:30:11 WARN  Aborted test due to SKIPPED outcome
10:30:11 INFO  
10:30:11 INFO  Test duration: 0.02 secs
10:30:11 INFO  Test final outcome:  SKIPPED
10:30:11 INFO  Test outcome reason: Testing the apt plugin is not supported on this platform.Use parameter -XmyPlatform='container' to enable it
10:30:11 INFO  
</system-out>
	</testcase>
<testcase classname="PySysTest" name="SoftwareManagement.sm_apt_install_remove_with_version">
		<failure message="BLOCKED: sudo&lt;tedge_connect_c8y&gt; returned non-zero exit code 1" type="BLOCKED" />
		<system-out>10:50:34 INFO  ==============================================================
10:50:34 INFO  Id:    SoftwareManagement.sm_apt_install_remove_with_version
10:50:34 INFO  Dir:   software_management_end_to_end/
10:50:34 INFO  Title: Validate end to end behaviour for the apt plugin for packages with version
10:50:34 INFO  ==============================================================
10:50:34 INFO  Using sw id database: {'asciijump': '5475369', 'robotfindskitten': '5474869', 'squirrel3': '5475279', 'rolldice': '5152439', 'moon-buggy': '5439204', 'apple': '5495053', 'banana': '5494888', 'cherry': '5495382', 'watermelon': '5494510', 'registry': '8018911', 'hello-world': '8021526', 'docker/getting-started': '8021973', 'alpine': '7991792'}
10:50:34 INFO  EnvironmentC8y Setup
10:50:35 INFO  Executed systemctl&lt;serv_mapper1&gt;, exit status 3
10:50:36 WARN  Executed sudo&lt;tedge_connect_c8y&gt;, exit status 1
10:50:36 INFO  Contents of tedge_connect_c8y.err: 
  Error: failed to connect Cumulocity cloud.
  Caused by:
      A value for `c8y.url` is missing.
          A value can be set with `tedge config set c8y.url &lt;value&gt;`
  -----

10:50:36 WARN  sudo&lt;tedge_connect_c8y&gt; returned non-zero exit code 1 ... blocked 
10:50:36 WARN  Aborted test due to BLOCKED outcome
10:50:36 INFO  
10:50:36 INFO  cleanup:
10:50:36 INFO  Executed sudo&lt;tedge_disconnect_c8y&gt;, exit status 0
10:50:37 INFO  Executed systemctl&lt;serv_mapper5&gt;, exit status 3
10:50:37 INFO  
10:50:37 INFO  Test duration: 2.25 secs
10:50:37 INFO  Test final outcome:  BLOCKED
10:50:37 INFO  Test outcome reason: sudo&lt;tedge_connect_c8y&gt; returned non-zero exit code 1
10:50:37 INFO  
</system-out>
	</testcase>
<testcase classname="PySysTest" name="SoftwareManagement.sm_apt_install_remove_with_version">
		<failure message="BLOCKED: sudo&lt;tedge_connect_c8y&gt; returned non-zero exit code 1" type="BLOCKED" />
		<system-out>11:06:38 INFO  ==============================================================
11:06:38 INFO  Id:    SoftwareManagement.sm_apt_install_remove_with_version
11:06:38 INFO  Dir:   software_management_end_to_end/
11:06:38 INFO  Title: Validate end to end behaviour for the apt plugin for packages with version
11:06:38 INFO  ==============================================================
11:06:38 INFO  Using sw id database: {'asciijump': '5475369', 'robotfindskitten': '5474869', 'squirrel3': '5475279', 'rolldice': '5152439', 'moon-buggy': '5439204', 'apple': '5495053', 'banana': '5494888', 'cherry': '5495382', 'watermelon': '5494510', 'registry': '8018911', 'hello-world': '8021526', 'docker/getting-started': '8021973', 'alpine': '7991792'}
11:06:38 INFO  EnvironmentC8y Setup
11:06:38 INFO  Executed systemctl&lt;serv_mapper1&gt;, exit status 3
11:06:39 WARN  Executed sudo&lt;tedge_connect_c8y&gt;, exit status 1
11:06:39 INFO  Contents of tedge_connect_c8y.err: 
  Error: failed to connect Cumulocity cloud.
  Caused by:
      A value for `c8y.url` is missing.
          A value can be set with `tedge config set c8y.url &lt;value&gt;`
  -----

11:06:39 WARN  sudo&lt;tedge_connect_c8y&gt; returned non-zero exit code 1 ... blocked 
11:06:39 WARN  Aborted test due to BLOCKED outcome
11:06:39 INFO  
11:06:39 INFO  cleanup:
11:06:40 INFO  Executed sudo&lt;tedge_disconnect_c8y&gt;, exit status 0
11:06:40 INFO  Executed systemctl&lt;serv_mapper5&gt;, exit status 3
11:06:40 INFO  
11:06:40 INFO  Test duration: 2.36 secs
11:06:40 INFO  Test final outcome:  BLOCKED
11:06:40 INFO  Test outcome reason: sudo&lt;tedge_connect_c8y&gt; returned non-zero exit code 1
11:06:40 INFO  
</system-out>
	</testcase>
</testsuite><testsuite name="SoftwareManagement.sm_docker_install_remove_multiple" tests="3" errors="0" failures="2" skipped="1" time="0"><testcase classname="SMDockerInstallRemove" name="SoftwareManagement.sm_docker_install_remove_multiple">
		<skipped message="SKIPPED: Testing the apt plugin is not supported on this platform.Use parameter -XmyPlatform='container' to enable it" />
		<system-out>10:30:11 INFO  ==============================================================
10:30:11 INFO  Id:    SoftwareManagement.sm_docker_install_remove_multiple
10:30:11 INFO  Dir:   software_management_end_to_end/
10:30:11 INFO  Title: Validate end to end behaviour for the docker plugin for multiple docker images with mixed versions
10:30:11 INFO  ==============================================================
10:30:11 INFO  Testing the apt plugin is not supported on this platform.Use parameter -XmyPlatform='container' to enable it ... skipped
10:30:11 WARN  Aborted test due to SKIPPED outcome
10:30:11 INFO  
10:30:11 INFO  Test duration: 0.03 secs
10:30:11 INFO  Test final outcome:  SKIPPED
10:30:11 INFO  Test outcome reason: Testing the apt plugin is not supported on this platform.Use parameter -XmyPlatform='container' to enable it
10:30:11 INFO  
</system-out>
	</testcase>
<testcase classname="SMDockerInstallRemove" name="SoftwareManagement.sm_docker_install_remove_multiple">
		<failure message="BLOCKED: sudo&lt;tedge_connect_c8y&gt; returned non-zero exit code 1" type="BLOCKED" />
		<system-out>10:55:31 INFO  ==============================================================
10:55:31 INFO  Id:    SoftwareManagement.sm_docker_install_remove_multiple
10:55:31 INFO  Dir:   software_management_end_to_end/
10:55:31 INFO  Title: Validate end to end behaviour for the docker plugin for multiple docker images with mixed versions
10:55:31 INFO  ==============================================================
10:55:32 INFO  Using sw id database: {'asciijump': '5475369', 'robotfindskitten': '5474869', 'squirrel3': '5475279', 'rolldice': '5152439', 'moon-buggy': '5439204', 'apple': '5495053', 'banana': '5494888', 'cherry': '5495382', 'watermelon': '5494510', 'registry': '8018911', 'hello-world': '8021526', 'docker/getting-started': '8021973', 'alpine': '7991792'}
10:55:32 INFO  EnvironmentC8y Setup
10:55:33 INFO  Executed systemctl&lt;serv_mapper1&gt;, exit status 3
10:55:34 WARN  Executed sudo&lt;tedge_connect_c8y&gt;, exit status 1
10:55:34 INFO  Contents of tedge_connect_c8y.err: 
  Error: failed to connect Cumulocity cloud.
  Caused by:
      A value for `c8y.url` is missing.
          A value can be set with `tedge config set c8y.url &lt;value&gt;`
  -----

10:55:35 WARN  sudo&lt;tedge_connect_c8y&gt; returned non-zero exit code 1 ... blocked 
10:55:35 WARN  Aborted test due to BLOCKED outcome
10:55:35 INFO  
10:55:35 INFO  cleanup:
10:55:35 INFO  Executed sudo&lt;tedge_disconnect_c8y&gt;, exit status 0
10:55:36 INFO  Executed systemctl&lt;serv_mapper5&gt;, exit status 3
10:55:36 INFO  
10:55:36 INFO  Test duration: 4.73 secs
10:55:36 INFO  Test final outcome:  BLOCKED
10:55:36 INFO  Test outcome reason: sudo&lt;tedge_connect_c8y&gt; returned non-zero exit code 1
10:55:36 INFO  
</system-out>
	</testcase>
<testcase classname="SMDockerInstallRemove" name="SoftwareManagement.sm_docker_install_remove_multiple">
		<failure message="BLOCKED: sudo&lt;tedge_connect_c8y&gt; returned non-zero exit code 1" type="BLOCKED" />
		<system-out>11:06:40 INFO  ==============================================================
11:06:40 INFO  Id:    SoftwareManagement.sm_docker_install_remove_multiple
11:06:40 INFO  Dir:   software_management_end_to_end/
11:06:40 INFO  Title: Validate end to end behaviour for the docker plugin for multiple docker images with mixed versions
11:06:40 INFO  ==============================================================
11:06:40 INFO  Using sw id database: {'asciijump': '5475369', 'robotfindskitten': '5474869', 'squirrel3': '5475279', 'rolldice': '5152439', 'moon-buggy': '5439204', 'apple': '5495053', 'banana': '5494888', 'cherry': '5495382', 'watermelon': '5494510', 'registry': '8018911', 'hello-world': '8021526', 'docker/getting-started': '8021973', 'alpine': '7991792'}
11:06:40 INFO  EnvironmentC8y Setup
11:06:41 INFO  Executed systemctl&lt;serv_mapper1&gt;, exit status 3
11:06:41 WARN  Executed sudo&lt;tedge_connect_c8y&gt;, exit status 1
11:06:41 INFO  Contents of tedge_connect_c8y.err: 
  Error: failed to connect Cumulocity cloud.
  Caused by:
      A value for `c8y.url` is missing.
          A value can be set with `tedge config set c8y.url &lt;value&gt;`
  -----

11:06:41 WARN  sudo&lt;tedge_connect_c8y&gt; returned non-zero exit code 1 ... blocked 
11:06:41 WARN  Aborted test due to BLOCKED outcome
11:06:41 INFO  
11:06:41 INFO  cleanup:
11:06:42 INFO  Executed sudo&lt;tedge_disconnect_c8y&gt;, exit status 0
11:06:42 INFO  Executed systemctl&lt;serv_mapper5&gt;, exit status 3
11:06:42 INFO  
11:06:42 INFO  Test duration: 2.28 secs
11:06:42 INFO  Test final outcome:  BLOCKED
11:06:42 INFO  Test outcome reason: sudo&lt;tedge_connect_c8y&gt; returned non-zero exit code 1
11:06:42 INFO  
</system-out>
	</testcase>
</testsuite><testsuite name="SoftwareManagement.sm_fake_install_remove" tests="2" errors="0" failures="1" skipped="1" time="0"><testcase classname="PySysTest" name="SoftwareManagement.sm_fake_install_remove">
		<skipped message="SKIPPED: Testing the fake plugin is not enabled.Use parameter -Xfakeplugin=fakeplugin to enable it" />
		<system-out>10:30:11 INFO  ==============================================================
10:30:11 INFO  Id:    SoftwareManagement.sm_fake_install_remove
10:30:11 INFO  Dir:   software_management_end_to_end/
10:30:11 INFO  Title: Validate end to end behaviour for the dummy plugin for installation and removal of packages
10:30:11 INFO  ==============================================================
10:30:11 INFO  Testing the fake plugin is not enabled.Use parameter -Xfakeplugin=fakeplugin to enable it ... skipped
10:30:11 WARN  Aborted test due to SKIPPED outcome
10:30:11 INFO  
10:30:11 INFO  Test duration: 0.02 secs
10:30:11 INFO  Test final outcome:  SKIPPED
10:30:11 INFO  Test outcome reason: Testing the fake plugin is not enabled.Use parameter -Xfakeplugin=fakeplugin to enable it
10:30:11 INFO  
</system-out>
	</testcase>
<testcase classname="PySysTest" name="SoftwareManagement.sm_fake_install_remove">
		<failure message="BLOCKED: sudo&lt;tedge_connect_c8y&gt; returned non-zero exit code 1" type="BLOCKED" />
		<system-out>11:06:42 INFO  ==============================================================
11:06:42 INFO  Id:    SoftwareManagement.sm_fake_install_remove
11:06:42 INFO  Dir:   software_management_end_to_end/
11:06:42 INFO  Title: Validate end to end behaviour for the dummy plugin for installation and removal of packages
11:06:42 INFO  ==============================================================
11:06:43 INFO  Using sw id database: {'asciijump': '5475369', 'robotfindskitten': '5474869', 'squirrel3': '5475279', 'rolldice': '5152439', 'moon-buggy': '5439204', 'apple': '5495053', 'banana': '5494888', 'cherry': '5495382', 'watermelon': '5494510', 'registry': '8018911', 'hello-world': '8021526', 'docker/getting-started': '8021973', 'alpine': '7991792'}
11:06:43 INFO  EnvironmentC8y Setup
11:06:43 INFO  Executed systemctl&lt;serv_mapper1&gt;, exit status 3
11:06:44 WARN  Executed sudo&lt;tedge_connect_c8y&gt;, exit status 1
11:06:44 INFO  Contents of tedge_connect_c8y.err: 
  Error: failed to connect Cumulocity cloud.
  Caused by:
      A value for `c8y.url` is missing.
          A value can be set with `tedge config set c8y.url &lt;value&gt;`
  -----

11:06:44 WARN  sudo&lt;tedge_connect_c8y&gt; returned non-zero exit code 1 ... blocked 
11:06:44 WARN  Aborted test due to BLOCKED outcome
11:06:44 INFO  
11:06:44 INFO  cleanup:
11:06:44 INFO  Executed sudo&lt;tedge_disconnect_c8y&gt;, exit status 0
11:06:45 INFO  Executed systemctl&lt;serv_mapper5&gt;, exit status 3
11:06:45 INFO  
11:06:45 INFO  Test duration: 2.28 secs
11:06:45 INFO  Test final outcome:  BLOCKED
11:06:45 INFO  Test outcome reason: sudo&lt;tedge_connect_c8y&gt; returned non-zero exit code 1
11:06:45 INFO  
</system-out>
	</testcase>
</testsuite><testsuite name="SoftwareManagement.sm_fake_install_remove_multiple" tests="2" errors="0" failures="1" skipped="1" time="0"><testcase classname="PySysTest" name="SoftwareManagement.sm_fake_install_remove_multiple">
		<skipped message="SKIPPED: Testing the fake plugin is not enabled.Use parameter -Xfakeplugin=fakeplugin to enable it" />
		<system-out>10:30:12 INFO  ==============================================================
10:30:12 INFO  Id:    SoftwareManagement.sm_fake_install_remove_multiple
10:30:12 INFO  Dir:   software_management_end_to_end/
10:30:12 INFO  Title: Validate end to end behaviour for the dummy-plugin for multiple packages
10:30:12 INFO  ==============================================================
10:30:12 INFO  Testing the fake plugin is not enabled.Use parameter -Xfakeplugin=fakeplugin to enable it ... skipped
10:30:12 WARN  Aborted test due to SKIPPED outcome
10:30:12 INFO  
10:30:12 INFO  Test duration: 0.02 secs
10:30:12 INFO  Test final outcome:  SKIPPED
10:30:12 INFO  Test outcome reason: Testing the fake plugin is not enabled.Use parameter -Xfakeplugin=fakeplugin to enable it
10:30:12 INFO  
</system-out>
	</testcase>
<testcase classname="PySysTest" name="SoftwareManagement.sm_fake_install_remove_multiple">
		<failure message="BLOCKED: sudo&lt;tedge_connect_c8y&gt; returned non-zero exit code 1" type="BLOCKED" />
		<system-out>11:06:45 INFO  ==============================================================
11:06:45 INFO  Id:    SoftwareManagement.sm_fake_install_remove_multiple
11:06:45 INFO  Dir:   software_management_end_to_end/
11:06:45 INFO  Title: Validate end to end behaviour for the dummy-plugin for multiple packages
11:06:45 INFO  ==============================================================
11:06:45 INFO  Using sw id database: {'asciijump': '5475369', 'robotfindskitten': '5474869', 'squirrel3': '5475279', 'rolldice': '5152439', 'moon-buggy': '5439204', 'apple': '5495053', 'banana': '5494888', 'cherry': '5495382', 'watermelon': '5494510', 'registry': '8018911', 'hello-world': '8021526', 'docker/getting-started': '8021973', 'alpine': '7991792'}
11:06:45 INFO  EnvironmentC8y Setup
11:06:45 INFO  Executed systemctl&lt;serv_mapper1&gt;, exit status 3
11:06:46 WARN  Executed sudo&lt;tedge_connect_c8y&gt;, exit status 1
11:06:46 INFO  Contents of tedge_connect_c8y.err: 
  Error: failed to connect Cumulocity cloud.
  Caused by:
      A value for `c8y.url` is missing.
          A value can be set with `tedge config set c8y.url &lt;value&gt;`
  -----

11:06:46 WARN  sudo&lt;tedge_connect_c8y&gt; returned non-zero exit code 1 ... blocked 
11:06:46 WARN  Aborted test due to BLOCKED outcome
11:06:46 INFO  
11:06:46 INFO  cleanup:
11:06:47 INFO  Executed sudo&lt;tedge_disconnect_c8y&gt;, exit status 0
11:06:47 INFO  Executed systemctl&lt;serv_mapper5&gt;, exit status 3
11:06:47 INFO  
11:06:47 INFO  Test duration: 2.31 secs
11:06:47 INFO  Test final outcome:  BLOCKED
11:06:47 INFO  Test outcome reason: sudo&lt;tedge_connect_c8y&gt; returned non-zero exit code 1
11:06:47 INFO  
</system-out>
	</testcase>
</testsuite><testsuite name="SoftwareManagement.sm_mapper_fail_and_reconnect" tests="2" errors="0" failures="0" skipped="2" time="0"><testcase classname="MapperC8yReceiveLastMessageOnRestart" name="SoftwareManagement.sm_mapper_fail_and_reconnect">
		<skipped message="SKIPPED: instable https://github.com/thin-edge/thin-edge.io/issues/752" />
		<system-out>10:30:12 INFO  ==============================================================
10:30:12 INFO  Id:    SoftwareManagement.sm_mapper_fail_and_reconnect
10:30:12 INFO  Dir:   software_management_end_to_end/
10:30:12 INFO  Title: Validate the tedge-mapper-sm-c8y for receiving the last message on restart
10:30:12 INFO  ==============================================================
10:30:12 INFO  instable https://github.com/thin-edge/thin-edge.io/issues/752 ... skipped
10:30:12 INFO  
10:30:12 INFO  Test duration: 0.02 secs
10:30:12 INFO  Test final outcome:  SKIPPED
10:30:12 INFO  Test outcome reason: instable https://github.com/thin-edge/thin-edge.io/issues/752
10:30:12 INFO  
</system-out>
	</testcase>
<testcase classname="MapperC8yReceiveLastMessageOnRestart" name="SoftwareManagement.sm_mapper_fail_and_reconnect">
		<skipped message="SKIPPED: instable https://github.com/thin-edge/thin-edge.io/issues/752" />
		<system-out>11:06:47 INFO  ==============================================================
11:06:47 INFO  Id:    SoftwareManagement.sm_mapper_fail_and_reconnect
11:06:47 INFO  Dir:   software_management_end_to_end/
11:06:47 INFO  Title: Validate the tedge-mapper-sm-c8y for receiving the last message on restart
11:06:47 INFO  ==============================================================
11:06:47 INFO  instable https://github.com/thin-edge/thin-edge.io/issues/752 ... skipped
11:06:47 INFO  
11:06:47 INFO  Test duration: 0.02 secs
11:06:47 INFO  Test final outcome:  SKIPPED
11:06:47 INFO  Test outcome reason: instable https://github.com/thin-edge/thin-edge.io/issues/752
11:06:47 INFO  
</system-out>
	</testcase>
</testsuite><testsuite name="SoftwareManagement.sm_mixed_install_remove_multiple" tests="2" errors="0" failures="1" skipped="1" time="0"><testcase classname="PySysTest" name="SoftwareManagement.sm_mixed_install_remove_multiple">
		<skipped message="SKIPPED: Testing the fake plugin is not enabled.Use parameter -Xfakeplugin=fakeplugin to enable it" />
		<system-out>10:30:12 INFO  ==============================================================
10:30:12 INFO  Id:    SoftwareManagement.sm_mixed_install_remove_multiple
10:30:12 INFO  Dir:   software_management_end_to_end/
10:30:12 INFO  Title: Validate end to end behaviour for the dummy-plugin for multiple packages with mixed versions
10:30:12 INFO  ==============================================================
10:30:12 INFO  Testing the fake plugin is not enabled.Use parameter -Xfakeplugin=fakeplugin to enable it ... skipped
10:30:12 WARN  Aborted test due to SKIPPED outcome
10:30:12 INFO  
10:30:12 INFO  Test duration: 0.02 secs
10:30:12 INFO  Test final outcome:  SKIPPED
10:30:12 INFO  Test outcome reason: Testing the fake plugin is not enabled.Use parameter -Xfakeplugin=fakeplugin to enable it
10:30:12 INFO  
</system-out>
	</testcase>
<testcase classname="PySysTest" name="SoftwareManagement.sm_mixed_install_remove_multiple">
		<failure message="BLOCKED: sudo&lt;tedge_connect_c8y&gt; returned non-zero exit code 1" type="BLOCKED" />
		<system-out>11:06:47 INFO  ==============================================================
11:06:47 INFO  Id:    SoftwareManagement.sm_mixed_install_remove_multiple
11:06:47 INFO  Dir:   software_management_end_to_end/
11:06:47 INFO  Title: Validate end to end behaviour for the dummy-plugin for multiple packages with mixed versions
11:06:47 INFO  ==============================================================
11:06:47 INFO  Using sw id database: {'asciijump': '5475369', 'robotfindskitten': '5474869', 'squirrel3': '5475279', 'rolldice': '5152439', 'moon-buggy': '5439204', 'apple': '5495053', 'banana': '5494888', 'cherry': '5495382', 'watermelon': '5494510', 'registry': '8018911', 'hello-world': '8021526', 'docker/getting-started': '8021973', 'alpine': '7991792'}
11:06:47 INFO  EnvironmentC8y Setup
11:06:48 INFO  Executed systemctl&lt;serv_mapper1&gt;, exit status 3
11:06:48 WARN  Executed sudo&lt;tedge_connect_c8y&gt;, exit status 1
11:06:48 INFO  Contents of tedge_connect_c8y.err: 
  Error: failed to connect Cumulocity cloud.
  Caused by:
      A value for `c8y.url` is missing.
          A value can be set with `tedge config set c8y.url &lt;value&gt;`
  -----

11:06:48 WARN  sudo&lt;tedge_connect_c8y&gt; returned non-zero exit code 1 ... blocked 
11:06:48 WARN  Aborted test due to BLOCKED outcome
11:06:48 INFO  
11:06:48 INFO  cleanup:
11:06:49 INFO  Executed sudo&lt;tedge_disconnect_c8y&gt;, exit status 0
11:06:49 INFO  Executed systemctl&lt;serv_mapper5&gt;, exit status 3
11:06:49 INFO  
11:06:49 INFO  Test duration: 2.26 secs
11:06:49 INFO  Test final outcome:  BLOCKED
11:06:49 INFO  Test outcome reason: sudo&lt;tedge_connect_c8y&gt; returned non-zero exit code 1
11:06:49 INFO  
</system-out>
	</testcase>
</testsuite><testsuite name="agent_init_session" tests="1" errors="0" failures="1" skipped="0" time="0"><testcase classname="AgentInitSession" name="agent_init_session">
		<failure message="FAILED: Grep on sub_resp.out contains &quot;Ld3KgqpcLDlrYH6sfpG7w&quot;" type="FAILED" />
		<system-out>10:30:40 INFO  ==============================================================
10:30:40 INFO  Id:    agent_init_session
[...]
		<failure message="BLOCKED: sudo&lt;tedge_connect_c8y&gt; returned non-zero exit code 1" type="BLOCKED" />
		<system-out>10:30:03 INFO  ==============================================================
10:30:03 INFO  Id:    smoketest_smartrest
10:30:03 INFO  Dir:   smoketests/
10:30:03 INFO  Title: Smoketest SmartREST
10:30:03 INFO  ==============================================================
10:30:03 INFO  EnvironmentC8y Setup
10:30:04 INFO  Executed systemctl&lt;serv_mapper1&gt;, exit status 3
10:30:04 WARN  Executed sudo&lt;tedge_connect_c8y&gt;, exit status 1
10:30:04 INFO  Contents of tedge_connect_c8y.err: 
  Error: failed to connect Cumulocity cloud.
  Caused by:
      A value for `c8y.url` is missing.
          A value can be set with `tedge config set c8y.url &lt;value&gt;`
  -----

10:30:04 WARN  sudo&lt;tedge_connect_c8y&gt; returned non-zero exit code 1 ... blocked 
10:30:04 WARN  Aborted test due to BLOCKED outcome
10:30:04 INFO  
10:30:04 INFO  cleanup:
10:30:05 INFO  Executed sudo&lt;tedge_disconnect_c8y&gt;, exit status 0
10:30:06 INFO  Executed systemctl&lt;serv_mapper5&gt;, exit status 3
10:30:06 INFO  
10:30:06 INFO  Test duration: 2.45 secs
10:30:06 INFO  Test final outcome:  BLOCKED
10:30:06 INFO  Test outcome reason: sudo&lt;tedge_connect_c8y&gt; returned non-zero exit code 1
10:30:06 INFO  
</system-out>
	</testcase>
</testsuite><testsuite name="smoketest_smartrest_400_samples_1Xms" tests="1" errors="0" failures="1" skipped="0" time="0"><testcase classname="SmoketestSmartRest400Samples1Xms" name="smoketest_smartrest_400_samples_1Xms">
		<failure message="BLOCKED: sudo&lt;tedge_connect_c8y&gt; returned non-zero exit code 1" type="BLOCKED" />
		<system-out>10:30:06 INFO  ==============================================================
10:30:06 INFO  Id:    smoketest_smartrest_400_samples_1Xms
10:30:06 INFO  Dir:   smoketests/
10:30:06 INFO  Title: Smoketest Smart Rest 400 Samples 1Xms Delay
10:30:06 INFO  ==============================================================
10:30:06 INFO  EnvironmentC8y Setup
10:30:06 INFO  Executed systemctl&lt;serv_mapper1&gt;, exit status 3
10:30:07 WARN  Executed sudo&lt;tedge_connect_c8y&gt;, exit status 1
10:30:07 INFO  Contents of tedge_connect_c8y.err: 
  Error: failed to connect Cumulocity cloud.
  Caused by:
      A value for `c8y.url` is missing.
          A value can be set with `tedge config set c8y.url &lt;value&gt;`
  -----

10:30:07 WARN  sudo&lt;tedge_connect_c8y&gt; returned non-zero exit code 1 ... blocked 
10:30:07 WARN  Aborted test due to BLOCKED outcome
10:30:07 INFO  
10:30:07 INFO  cleanup:
10:30:08 INFO  Executed sudo&lt;tedge_disconnect_c8y&gt;, exit status 0
10:30:08 INFO  Executed systemctl&lt;serv_mapper5&gt;, exit status 3
10:30:08 INFO  
10:30:08 INFO  Test duration: 2.46 secs
10:30:08 INFO  Test final outcome:  BLOCKED
10:30:08 INFO  Test outcome reason: sudo&lt;tedge_connect_c8y&gt; returned non-zero exit code 1
10:30:08 INFO  
</system-out>
	</testcase>
</testsuite><testsuite name="smoketest_smartrest_400_samples_20ms" tests="1" errors="0" failures="1" skipped="0" time="0"><testcase classname="SmoketestSmartRest400Samples20ms" name="smoketest_smartrest_400_samples_20ms">
		<failure message="BLOCKED: sudo&lt;tedge_connect_c8y&gt; returned non-zero exit code 1" type="BLOCKED" />
		<system-out>10:30:08 INFO  ==============================================================
10:30:08 INFO  Id:    smoketest_smartrest_400_samples_20ms
10:30:08 INFO  Dir:   smoketests/
10:30:08 INFO  Title: Smoketest SmartRest 400 Samples 20ms Delay
10:30:08 INFO  ==============================================================
10:30:08 INFO  EnvironmentC8y Setup
10:30:09 INFO  Executed systemctl&lt;serv_mapper1&gt;, exit status 3
10:30:09 WARN  Executed sudo&lt;tedge_connect_c8y&gt;, exit status 1
10:30:09 INFO  Contents of tedge_connect_c8y.err: 
  Error: failed to connect Cumulocity cloud.
  Caused by:
      A value for `c8y.url` is missing.
          A value can be set with `tedge config set c8y.url &lt;value&gt;`
  -----

10:30:09 WARN  sudo&lt;tedge_connect_c8y&gt; returned non-zero exit code 1 ... blocked 
10:30:09 WARN  Aborted test due to BLOCKED outcome
10:30:09 INFO  
10:30:09 INFO  cleanup:
10:30:10 INFO  Executed sudo&lt;tedge_disconnect_c8y&gt;, exit status 0
10:30:11 INFO  Executed systemctl&lt;serv_mapper5&gt;, exit status 3
10:30:11 INFO  
10:30:11 INFO  Test duration: 2.47 secs
10:30:11 INFO  Test final outcome:  BLOCKED
10:30:11 INFO  Test outcome reason: sudo&lt;tedge_connect_c8y&gt; returned non-zero exit code 1
10:30:11 INFO  
</system-out>
	</testcase>
</testsuite><testsuite name="tedge_agent_user_sudo_access" tests="1" errors="0" failures="0" skipped="1" time="0"><testcase classname="TedgeAgentUserSudoAccess" name="tedge_agent_user_sudo_access">
		<skipped message="SKIPPED: #955 Observation: Exit code of the apt plugin when called with no arguments" />
		<system-out>10:30:38 INFO  ==============================================================
10:30:38 INFO  Id:    tedge_agent_user_sudo_access
10:30:38 INFO  Dir:   tedge/
10:30:38 INFO  Title: Validate tedge-agent user has a limited sudo right
10:30:38 INFO  ==============================================================
10:30:38 INFO  #955 Observation: Exit code of the apt plugin when called with no arguments ... skipped
10:30:38 INFO  
10:30:38 INFO  Test duration: 0.02 secs
10:30:38 INFO  Test final outcome:  SKIPPED
10:30:38 INFO  Test outcome reason: #955 Observation: Exit code of the apt plugin when called with no arguments
10:30:38 INFO  
</system-out>
	</testcase>
</testsuite><testsuite name="tedge_connect_test_negative" tests="1" errors="0" failures="0" skipped="0" time="0"><testcase classname="TedgeConnectTestNegative" name="tedge_connect_test_negative" />
</testsuite><testsuite name="tedge_connect_test_positive" tests="1" errors="0" failures="1" skipped="0" time="0"><testcase classname="TedgeConnectTestPositive" name="tedge_connect_test_positive">
		<failure message="BLOCKED: sudo&lt;tedge_connect_c8y&gt; returned non-zero exit code 1" type="BLOCKED" />
		<system-out>10:30:51 INFO  ==============================================================
10:30:51 INFO  Id:    tedge_connect_test_positive
10:30:51 INFO  Dir:   tedge_connect/
10:30:51 INFO  Title: Validate tedge connect c8y --test (positive case)
10:30:51 INFO  ==============================================================
10:30:51 INFO  EnvironmentC8y Setup
10:30:52 INFO  Executed systemctl&lt;serv_mapper1&gt;, exit status 3
10:30:52 WARN  Executed sudo&lt;tedge_connect_c8y&gt;, exit status 1
10:30:52 INFO  Contents of tedge_connect_c8y.err: 
  Error: failed to connect Cumulocity cloud.
  Caused by:
      A value for `c8y.url` is missing.
          A value can be set with `tedge config set c8y.url &lt;value&gt;`
  -----

10:30:52 WARN  sudo&lt;tedge_connect_c8y&gt; returned non-zero exit code 1 ... blocked 
10:30:52 WARN  Aborted test due to BLOCKED outcome
10:30:52 INFO  
10:30:52 INFO  cleanup:
10:30:53 INFO  Executed sudo&lt;tedge_disconnect_c8y&gt;, exit status 0
10:30:54 INFO  Executed systemctl&lt;serv_mapper5&gt;, exit status 3
10:30:54 INFO  
10:30:54 INFO  Test duration: 2.51 secs
10:30:54 INFO  Test final outcome:  BLOCKED
10:30:54 INFO  Test outcome reason: sudo&lt;tedge_connect_c8y&gt; returned non-zero exit code 1
10:30:54 INFO  
</system-out>
	</testcase>
</testsuite><testsuite name="tedge_connect_test_sm_services" tests="1" errors="0" failures="1" skipped="0" time="0"><testcase classname="TedgeConnectTestSMServices" name="tedge_connect_test_sm_services">
		<failure message="BLOCKED: sudo&lt;tedge_connect_c8y&gt; returned non-zero exit code 1" type="BLOCKED" />
		<system-out>10:30:54 INFO  ==============================================================
10:30:54 INFO  Id:    tedge_connect_test_sm_services
10:30:54 INFO  Dir:   tedge_connect/
10:30:54 INFO  Title: Validate Software Management Services started and enabled on tedge connect c8y
10:30:54 INFO  ==============================================================
10:30:54 INFO  EnvironmentC8y Setup
10:30:54 INFO  Executed systemctl&lt;serv_mapper1&gt;, exit status 3
10:30:55 WARN  Executed sudo&lt;tedge_connect_c8y&gt;, exit status 1
10:30:55 INFO  Contents of tedge_connect_c8y.err: 
  Error: failed to connect Cumulocity cloud.
  Caused by:
      A value for `c8y.url` is missing.
          A value can be set with `tedge config set c8y.url &lt;value&gt;`
  -----

10:30:55 WARN  sudo&lt;tedge_connect_c8y&gt; returned non-zero exit code 1 ... blocked 
10:30:55 WARN  Aborted test due to BLOCKED outcome
10:30:55 INFO  
10:30:55 INFO  cleanup:
10:30:56 INFO  Executed sudo&lt;tedge_disconnect_c8y&gt;, exit status 0
10:30:56 INFO  Executed systemctl&lt;serv_mapper5&gt;, exit status 3
10:30:56 INFO  
10:30:56 INFO  Test duration: 2.44 secs
10:30:56 INFO  Test final outcome:  BLOCKED
10:30:56 INFO  Test outcome reason: sudo&lt;tedge_connect_c8y&gt; returned non-zero exit code 1
10:30:56 INFO  
</system-out>
	</testcase>
</testsuite><testsuite name="tedge_disconnect_test_sm_services" tests="1" errors="0" failures="1" skipped="0" time="0"><testcase classname="TedgeDisConnectTestSMServices" name="tedge_disconnect_test_sm_services">
		<failure message="BLOCKED: sudo&lt;tedge_connect_c8y&gt; returned non-zero exit code 1" type="BLOCKED" />
		<system-out>10:30:56 INFO  ==============================================================
10:30:56 INFO  Id:    tedge_disconnect_test_sm_services
10:30:56 INFO  Dir:   tedge_connect/
10:30:56 INFO  Title: Validate Software Management Services stopped and disabled on tedge disconnect c8y
10:30:56 INFO  ==============================================================
10:30:56 INFO  EnvironmentC8y Setup
10:30:57 INFO  Executed systemctl&lt;serv_mapper1&gt;, exit status 3
10:30:57 WARN  Executed sudo&lt;tedge_connect_c8y&gt;, exit status 1
10:30:57 INFO  Contents of tedge_connect_c8y.err: 
  Error: failed to connect Cumulocity cloud.
  Caused by:
      A value for `c8y.url` is missing.
          A value can be set with `tedge config set c8y.url &lt;value&gt;`
  -----

10:30:57 WARN  sudo&lt;tedge_connect_c8y&gt; returned non-zero exit code 1 ... blocked 
10:30:57 WARN  Aborted test due to BLOCKED outcome
10:30:57 INFO  
10:30:57 INFO  cleanup:
10:30:58 INFO  Executed sudo&lt;tedge_disconnect_c8y&gt;, exit status 0
10:30:59 INFO  Executed systemctl&lt;serv_mapper5&gt;, exit status 3
10:30:59 INFO  
10:30:59 INFO  Test duration: 2.42 secs
10:30:59 INFO  Test final outcome:  BLOCKED
10:30:59 INFO  Test outcome reason: sudo&lt;tedge_connect_c8y&gt; returned non-zero exit code 1
10:30:59 INFO  
</system-out>
	</testcase>
</testsuite><testsuite name="tedge_mapper_az_negative" tests="1" errors="0" failures="0" skipped="0" time="0"><testcase classname="TedgeMapperAzError" name="tedge_mapper_az_negative" />
</testsuite><testsuite name="tedge_mapper_az_with_timestamp" tests="1" errors="0" failures="0" skipped="0" time="0"><testcase classname="TedgeMapperAzWithTimestamp" name="tedge_mapper_az_with_timestamp" />
</testsuite><testsuite name="tedge_mapper_az_without_timestamp" tests="1" errors="0" failures="0" skipped="0" time="0"><testcase classname="TedgeMapperAzWithoutTimestamp" name="tedge_mapper_az_without_timestamp" />
</testsuite><testsuite name="tedge_mapper_c8y_alarms" tests="1" errors="0" failures="1" skipped="0" time="0"><testcase classname="TedgeMapperC8yAlarm" name="tedge_mapper_c8y_alarms">
		<failure message="BLOCKED: sudo&lt;tedge_connect_c8y&gt; returned non-zero exit code 1" type="BLOCKED" />
		<system-out>10:31:18 INFO  ==============================================================
10:31:18 INFO  Id:    tedge_mapper_c8y_alarms
10:31:18 INFO  Dir:   tedge_mapper_c8y/
10:31:18 INFO  Title: Validate that alarms sent to tedge/alarms topic \ gets mapped as alarms in Cumulocity
10:31:18 INFO  ==============================================================
10:31:18 INFO  EnvironmentC8y Setup
10:31:18 INFO  Executed systemctl&lt;serv_mapper1&gt;, exit status 3
10:31:19 WARN  Executed sudo&lt;tedge_connect_c8y&gt;, exit status 1
10:31:19 INFO  Contents of tedge_connect_c8y.err: 
  Error: failed to connect Cumulocity cloud.
  Caused by:
      A value for `c8y.url` is missing.
          A value can be set with `tedge config set c8y.url &lt;value&gt;`
  -----

10:31:19 WARN  sudo&lt;tedge_connect_c8y&gt; returned non-zero exit code 1 ... blocked 
10:31:19 WARN  Aborted test due to BLOCKED outcome
10:31:19 INFO  
10:31:19 INFO  cleanup:
10:31:20 INFO  Executed sudo&lt;tedge_disconnect_c8y&gt;, exit status 0
10:31:20 INFO  Executed systemctl&lt;serv_mapper5&gt;, exit status 3
10:31:20 INFO  
10:31:20 INFO  Test duration: 2.26 secs
10:31:20 INFO  Test final outcome:  BLOCKED
10:31:20 INFO  Test outcome reason: sudo&lt;tedge_connect_c8y&gt; returned non-zero exit code 1
10:31:20 INFO  
</system-out>
	</testcase>
</testsuite><testsuite name="tedge_mapper_c8y_child_device_measurement" tests="1" errors="0" failures="1" skipped="0" time="0"><testcase classname="TedgeMapperC8yChildDevice" name="tedge_mapper_c8y_child_device_measurement">
		<failure message="BLOCKED: sudo&lt;tedge_connect_c8y&gt; returned non-zero exit code 1" type="BLOCKED" />
		<system-out>10:31:20 INFO  ==============================================================
10:31:20 INFO  Id:    tedge_mapper_c8y_child_device_measurement
10:31:20 INFO  Dir:   tedge_mapper_c8y/
10:31:20 INFO  Title: Validate that measurements sent to tedge/measurements/child topic gets mapped as the child device's measurement in Cumulocity
10:31:20 INFO  ==============================================================
10:31:20 INFO  EnvironmentC8y Setup
10:31:21 INFO  Executed systemctl&lt;serv_mapper1&gt;, exit status 3
10:31:21 WARN  Executed sudo&lt;tedge_connect_c8y&gt;, exit status 1
10:31:21 INFO  Contents of tedge_connect_c8y.err: 
  Error: failed to connect Cumulocity cloud.
  Caused by:
      A value for `c8y.url` is missing.
          A value can be set with `tedge config set c8y.url &lt;value&gt;`
  -----

10:31:21 WARN  sudo&lt;tedge_connect_c8y&gt; returned non-zero exit code 1 ... blocked 
10:31:21 WARN  Aborted test due to BLOCKED outcome
10:31:21 INFO  
10:31:21 INFO  cleanup:
10:31:22 INFO  Executed sudo&lt;tedge_disconnect_c8y&gt;, exit status 0
10:31:22 INFO  Executed systemctl&lt;serv_mapper5&gt;, exit status 3
10:31:22 INFO  
10:31:22 INFO  Test duration: 2.35 secs
10:31:22 INFO  Test final outcome:  BLOCKED
10:31:22 INFO  Test outcome reason: sudo&lt;tedge_connect_c8y&gt; returned non-zero exit code 1
10:31:22 INFO  
</system-out>
	</testcase>
</testsuite><testsuite name="tedge_mapper_c8y_packet_threshold_size" tests="1" errors="0" failures="1" skipped="0" time="0"><testcase classname="TedgeMapperC8yThresholdPacketSize" name="tedge_mapper_c8y_packet_threshold_size">
		<failure message="FAILED: Grep on tedge_sub.out contains &quot;The size of the message received on tedge/measurements is 20489 which is greater than the threshold size of 16184.&quot;" type="FAILED" />
		<system-out>10:31:23 INFO  ==============================================================
10:31:23 INFO  Id:    tedge_mapper_c8y_packet_threshold_size
10:31:23 INFO  Dir:   tedge_mapper_c8y/
10:31:23 INFO  Title: Validate the Cumulocity Mapper accepted threshold packet size when it receives a message on tedge/measurements
10:31:23 INFO  ==============================================================
10:31:23 INFO  Executed sudo&lt;tedge_mapper_c8y&gt;, exit status 0
10:31:23 INFO  Started sudo&lt;tedge_sub&gt; with process id 20169
10:31:24 INFO  Executed sudo&lt;tedge_msg&gt;, exit status 0
10:31:25 INFO  Executed sudo&lt;tedge_pub&gt;, exit status 0
10:31:25 INFO  Executed sudo&lt;kill_out&gt;, exit status 0
10:31:25 WARN  Grep on tedge_sub.out contains "The size of the message received on tedge/measurements is 20489 which is greater than the threshold size of 16184." ... failed [run.py:88]
10:31:25 INFO  
10:31:25 INFO  cleanup:
10:31:25 INFO  mapper_cleanup
10:31:26 INFO  Executed sudo&lt;tedge_mapper_c8y&gt;, exit status 0
10:31:26 INFO  
10:31:26 INFO  Test duration: 3.16 secs
10:31:26 INFO  Test final outcome:  FAILED
10:31:26 INFO  Test outcome reason: Grep on tedge_sub.out contains "The size of the message received on tedge/measurements is 20489 which is greater than the threshold size of 16184."
10:31:26 INFO  
</system-out>
	</testcase>
</testsuite><testsuite name="tedge_software_update" tests="1" errors="0" failures="1" skipped="0" time="0"><testcase classname="PySysTest" name="tedge_software_update">
		<failure message="BLOCKED: sudo&lt;tedge_connect_c8y&gt; returned non-zero exit code 1" type="BLOCKED" />
		<system-out>10:30:38 INFO  ==============================================================
10:30:38 INFO  Id:    tedge_software_update
10:30:38 INFO  Dir:   tedge/
10:30:38 INFO  Title: Software install from download path
10:30:38 INFO  ==============================================================
10:30:38 INFO  EnvironmentC8y Setup
10:30:38 INFO  Executed systemctl&lt;serv_mapper1&gt;, exit status 3
10:30:39 WARN  Executed sudo&lt;tedge_connect_c8y&gt;, exit status 1
10:30:39 INFO  Contents of tedge_connect_c8y.err: 
  Error: failed to connect Cumulocity cloud.
  Caused by:
      A value for `c8y.url` is missing.
          A value can be set with `tedge config set c8y.url &lt;value&gt;`
  -----

10:30:39 WARN  sudo&lt;tedge_connect_c8y&gt; returned non-zero exit code 1 ... blocked 
10:30:39 WARN  Aborted test due to BLOCKED outcome
10:30:39 INFO  
10:30:39 INFO  cleanup:
10:30:40 INFO  Executed sudo&lt;tedge_disconnect_c8y&gt;, exit status 0
10:30:40 INFO  Executed systemctl&lt;serv_mapper5&gt;, exit status 3
10:30:40 INFO  
10:30:40 INFO  Test duration: 2.56 secs
10:30:40 INFO  Test final outcome:  BLOCKED
10:30:40 INFO  Test outcome reason: sudo&lt;tedge_connect_c8y&gt; returned non-zero exit code 1
10:30:40 INFO  
</system-out>
	</testcase>
</testsuite><testsuite name="valid_device_id" tests="1" errors="0" failures="1" skipped="0" time="0"><testcase classname="ValidateValidDeviceId" name="valid_device_id">
		<failure message="BLOCKED: sudo&lt;cert_upload&gt; returned non-zero exit code 1" type="BLOCKED" />
		<system-out>10:29:16 INFO  ==============================================================
10:29:16 INFO  Id:    valid_device_id
10:29:16 INFO  Dir:   misc_features/
10:29:16 INFO  Title: Valid device ID
10:29:16 INFO  ==============================================================
10:29:16 INFO  Executed sudo&lt;tedge_disconnect_c8y&gt;, exit status 0
10:29:17 INFO  Executed sudo&lt;create_cert_dir&gt;, exit status 0
10:29:17 INFO  Executed sudo&lt;change_owner_of_dir&gt;, exit status 0
10:29:18 INFO  Executed sudo&lt;set_cert_path&gt;, exit status 0
10:29:18 INFO  Executed sudo&lt;set_key_path&gt;, exit status 0
10:29:19 INFO  Executed sudo&lt;cert_create&gt;, exit status 0
10:29:19 WARN  Executed sudo&lt;cert_upload&gt;, exit status 1
10:29:19 INFO  Contents of cert_upload.err: 
  Error: missing configuration parameter
  Caused by:
      A value for `c8y.url` is missing.
          A value can be set with `tedge config set c8y.url &lt;value&gt;`
  -----

10:29:19 WARN  sudo&lt;cert_upload&gt; returned non-zero exit code 1 ... blocked [run.py:94]
10:29:19 WARN  Aborted test due to BLOCKED outcome
10:29:19 INFO  
10:29:19 INFO  cleanup:
10:29:20 INFO  Executed sudo&lt;tedge_disconnect_c8y&gt;, exit status 0
10:29:21 INFO  Executed sudo&lt;unset_cert_path&gt;, exit status 0
10:29:21 INFO  Executed sudo&lt;unset_key_path&gt;, exit status 0
10:29:22 INFO  Executed sudo&lt;remove_cert_dir&gt;, exit status 0
10:29:22 INFO  
10:29:22 INFO  Test duration: 6.23 secs
10:29:22 INFO  Test final outcome:  BLOCKED
10:29:22 INFO  Test outcome reason: sudo&lt;cert_upload&gt; returned non-zero exit code 1
10:29:22 INFO  
</system-out>
	</testcase>
</testsuite></testsuites>