<?xml version='1.0' encoding='utf-8'?>
<testsuites tests="139" failures="16" errors="0" skipped="45" time="0.0"><testsuite name="SoftwareManagement.Plugin.apama_plugin_install" tests="3" errors="0" failures="0" skipped="1" time="0"><testcase classname="ApamaPluginInstallTest" name="SoftwareManagement.Plugin.apama_plugin_install">
		<skipped message="SKIPPED: Apama plugin tests are disabled by default. Execute `pysys run` with `-XmyPlatform=container` to run these tests" />
		<system-out>15:48:10 INFO  ==============================================================
15:48:10 INFO  Id:    SoftwareManagement.Plugin.apama_plugin_install
15:48:10 INFO  Dir:   plugin_apama/
15:48:10 INFO  Title: Validate apama plugin install
15:48:10 INFO  ==============================================================
15:48:10 INFO  Apama plugin tests are disabled by default. Execute `pysys run` with `-XmyPlatform=container` to run these tests ... skipped
15:48:10 WARN  Aborted test due to SKIPPED outcome
15:48:10 INFO  
15:48:10 INFO  Test duration: 0.05 secs
15:48:10 INFO  Test final outcome:  SKIPPED
15:48:10 INFO  Test outcome reason: Apama plugin tests are disabled by default. Execute `pysys run` with `-XmyPlatform=container` to run these tests
15:48:10 INFO  
</system-out>
	</testcase>
<testcase classname="ApamaPluginInstallTest" name="SoftwareManagement.Plugin.apama_plugin_install" />
<testcase classname="ApamaPluginInstallTest" name="SoftwareManagement.Plugin.apama_plugin_install" />
</testsuite><testsuite name="SoftwareManagement.Plugin.apama_plugin_mon_support" tests="3" errors="0" failures="0" skipped="1" time="0"><testcase classname="ApamaPluginMonSupportTest" name="SoftwareManagement.Plugin.apama_plugin_mon_support">
		<skipped message="SKIPPED: Apama plugin tests are disabled by default. Execute `pysys run` with `-XmyPlatform=container` to run these tests" />
		<system-out>15:48:10 INFO  ==============================================================
15:48:10 INFO  Id:    SoftwareManagement.Plugin.apama_plugin_mon_support
15:48:10 INFO  Dir:   plugin_apama/
15:48:10 INFO  Title: Validate mon file support of apama plugin
15:48:10 INFO  ==============================================================
15:48:10 INFO  Apama plugin tests are disabled by default. Execute `pysys run` with `-XmyPlatform=container` to run these tests ... skipped
15:48:10 WARN  Aborted test due to SKIPPED outcome
15:48:10 INFO  
15:48:10 INFO  Test duration: 0.02 secs
15:48:10 INFO  Test final outcome:  SKIPPED
15:48:10 INFO  Test outcome reason: Apama plugin tests are disabled by default. Execute `pysys run` with `-XmyPlatform=container` to run these tests
15:48:10 INFO  
</system-out>
	</testcase>
<testcase classname="ApamaPluginMonSupportTest" name="SoftwareManagement.Plugin.apama_plugin_mon_support" />
<testcase classname="ApamaPluginMonSupportTest" name="SoftwareManagement.Plugin.apama_plugin_mon_support" />
</testsuite><testsuite name="SoftwareManagement.Plugin.apama_plugin_remove" tests="3" errors="0" failures="0" skipped="1" time="0"><testcase classname="ApamaPluginRemoveTest" name="SoftwareManagement.Plugin.apama_plugin_remove">
		<skipped message="SKIPPED: Apama plugin tests are disabled by default. Execute `pysys run` with `-XmyPlatform=container` to run these tests" />
		<system-out>15:48:10 INFO  ==============================================================
15:48:10 INFO  Id:    SoftwareManagement.Plugin.apama_plugin_remove
15:48:10 INFO  Dir:   plugin_apama/
15:48:10 INFO  Title: Validate apama plugin remove
15:48:10 INFO  ==============================================================
15:48:10 INFO  Apama plugin tests are disabled by default. Execute `pysys run` with `-XmyPlatform=container` to run these tests ... skipped
15:48:10 WARN  Aborted test due to SKIPPED outcome
15:48:10 INFO  
15:48:10 INFO  Test duration: 0.02 secs
15:48:10 INFO  Test final outcome:  SKIPPED
15:48:10 INFO  Test outcome reason: Apama plugin tests are disabled by default. Execute `pysys run` with `-XmyPlatform=container` to run these tests
15:48:10 INFO  
</system-out>
	</testcase>
<testcase classname="ApamaPluginRemoveTest" name="SoftwareManagement.Plugin.apama_plugin_remove" />
<testcase classname="ApamaPluginRemoveTest" name="SoftwareManagement.Plugin.apama_plugin_remove" />
</testsuite><testsuite name="SoftwareManagement.Plugin.apama_plugin_update" tests="3" errors="0" failures="2" skipped="1" time="0"><testcase classname="ApamaPluginUpdateTest" name="SoftwareManagement.Plugin.apama_plugin_update">
		<skipped message="SKIPPED: Apama plugin tests are disabled by default. Execute `pysys run` with `-XmyPlatform=container` to run these tests" />
		<system-out>15:48:11 INFO  ==============================================================
15:48:11 INFO  Id:    SoftwareManagement.Plugin.apama_plugin_update
15:48:11 INFO  Dir:   plugin_apama/
15:48:11 INFO  Title: Validate apama plugin updating one project with another
15:48:11 INFO  ==============================================================
15:48:11 INFO  Apama plugin tests are disabled by default. Execute `pysys run` with `-XmyPlatform=container` to run these tests ... skipped
15:48:11 WARN  Aborted test due to SKIPPED outcome
15:48:11 INFO  
15:48:11 INFO  Test duration: 0.03 secs
15:48:11 INFO  Test final outcome:  SKIPPED
15:48:11 INFO  Test outcome reason: Apama plugin tests are disabled by default. Execute `pysys run` with `-XmyPlatform=container` to run these tests
15:48:11 INFO  
</system-out>
	</testcase>
<testcase classname="ApamaPluginUpdateTest" name="SoftwareManagement.Plugin.apama_plugin_update">
		<failure message="BLOCKED: sudo&lt;plugin_install&gt; returned non-zero exit code 2" type="BLOCKED" />
		<system-out>16:38:48 INFO  ==============================================================
16:38:48 INFO  Id:    SoftwareManagement.Plugin.apama_plugin_update
16:38:48 INFO  Dir:   plugin_apama/
16:38:48 INFO  Title: Validate apama plugin updating one project with another
16:38:48 INFO  ==============================================================
16:38:48 INFO  Assertion that path exists=False for "/etc/tedge/apama/project" ... passed
16:38:48 INFO  Executed sudo&lt;create_project_dir&gt;, exit status 0
16:38:49 INFO  Executed sudo&lt;unzip_apama_project&gt;, exit status 0
16:38:49 INFO  Executed sudo&lt;move_apama_project&gt;, exit status 0
16:38:50 INFO  Executed sudo&lt;restart_apama_service&gt;, exit status 0
16:38:51 INFO  Executed sudo&lt;apama_correlator_wait&gt;, exit status 0
16:38:51 INFO  Assertion that path exists=True for "/etc/tedge/apama/project" ... passed
16:38:52 INFO  Executed sudo&lt;apama_list_monitors&gt;, exit status 0
16:38:52 INFO  Grep on file /home/pi/actions-runner/_work/thin-edge.io/thin-edge.io/tests/PySys/plugin_apama/apama_plugin_update/Output/linux/apama_list_monitors.out ... passed
16:38:52 WARN  Executed sudo&lt;plugin_install&gt;, exit status 2
16:38:52 INFO  Contents of plugin_install.err: 
  ERROR: Directory not empty (os error 39)
  -----

16:38:53 WARN  sudo&lt;plugin_install&gt; returned non-zero exit code 2 ... blocked [run.py:35]
16:38:53 WARN  Aborted test due to BLOCKED outcome
16:38:53 INFO  
16:38:53 INFO  cleanup:
16:38:53 INFO  Removing apama project
16:39:08 INFO  Executed sudo&lt;stop_apama_service&gt;, exit status 0, duration 15 secs
16:39:09 INFO  Executed sudo&lt;remove_apama_project&gt;, exit status 0
16:39:09 INFO  Executed sudo&lt;remove_apama_tmp_dir&gt;, exit status 0
16:39:09 INFO  
16:39:09 INFO  Test duration: 21.26 secs
16:39:09 INFO  Test final outcome:  BLOCKED
16:39:09 INFO  Test outcome reason: sudo&lt;plugin_install&gt; returned non-zero exit code 2
16:39:09 INFO  
</system-out>
	</testcase>
<testcase classname="ApamaPluginUpdateTest" name="SoftwareManagement.Plugin.apama_plugin_update">
		<failure message="BLOCKED: sudo&lt;plugin_install&gt; returned non-zero exit code 2" type="BLOCKED" />
		<system-out>16:47:17 INFO  ==============================================================
16:47:17 INFO  Id:    SoftwareManagement.Plugin.apama_plugin_update
16:47:17 INFO  Dir:   plugin_apama/
16:47:17 INFO  Title: Validate apama plugin updating one project with another
16:47:17 INFO  ==============================================================
16:47:17 INFO  Assertion that path exists=False for "/etc/tedge/apama/project" ... passed
16:47:18 INFO  Executed sudo&lt;create_project_dir&gt;, exit status 0
16:47:18 INFO  Executed sudo&lt;unzip_apama_project&gt;, exit status 0
16:47:19 INFO  Executed sudo&lt;move_apama_project&gt;, exit status 0
16:47:19 INFO  Executed sudo&lt;restart_apama_service&gt;, exit status 0
16:47:20 INFO  Executed sudo&lt;apama_correlator_wait&gt;, exit status 0
16:47:20 INFO  Assertion that path exists=True for "/etc/tedge/apama/project" ... passed
16:47:21 INFO  Executed sudo&lt;apama_list_monitors&gt;, exit status 0
16:47:21 INFO  Grep on file /home/pi/actions-runner/_work/thin-edge.io/thin-edge.io/tests/PySys/plugin_apama/apama_plugin_update/Output/linux/apama_list_monitors.out ... passed
16:47:22 WARN  Executed sudo&lt;plugin_install&gt;, exit status 2
16:47:22 INFO  Contents of plugin_install.err: 
  ERROR: Directory not empty (os error 39)
  -----

16:47:22 WARN  sudo&lt;plugin_install&gt; returned non-zero exit code 2 ... blocked [run.py:35]
16:47:22 WARN  Aborted test due to BLOCKED outcome
16:47:22 INFO  
16:47:22 INFO  cleanup:
16:47:22 INFO  Removing apama project
16:47:37 INFO  Executed sudo&lt;stop_apama_service&gt;, exit status 0, duration 15 secs
16:47:38 INFO  Executed sudo&lt;remove_apama_project&gt;, exit status 0
16:47:38 INFO  Executed sudo&lt;remove_apama_tmp_dir&gt;, exit status 0
16:47:38 INFO  
16:47:38 INFO  Test duration: 21.30 secs
16:47:38 INFO  Test final outcome:  BLOCKED
16:47:38 INFO  Test outcome reason: sudo&lt;plugin_install&gt; returned non-zero exit code 2
16:47:38 INFO  
</system-out>
	</testcase>
</testsuite><testsuite name="SoftwareManagement.sm_apt_install_download_path" tests="3" errors="0" failures="2" skipped="1" time="0"><testcase classname="AptInstallWithDownloadPath" name="SoftwareManagement.sm_apt_install_download_path">
		<skipped message="SKIPPED: Testing the apt plugin is not supported on this platform.Use parameter -XmyPlatform='container' to enable it" />
		<system-out>15:57:43 INFO  ==============================================================
15:57:43 INFO  Id:    SoftwareManagement.sm_apt_install_download_path
15:57:43 INFO  Dir:   software_management_end_to_end/
15:57:43 INFO  Title: Install package to directory specified in tedge config set tmp.path
15:57:43 INFO  ==============================================================
15:57:43 INFO  Testing the apt plugin is not supported on this platform.Use parameter -XmyPlatform='container' to enable it ... skipped
15:57:43 WARN  Aborted test due to SKIPPED outcome
15:57:43 INFO  
15:57:43 INFO  Test duration: 0.06 secs
15:57:43 INFO  Test final outcome:  SKIPPED
15:57:43 INFO  Test outcome reason: Testing the apt plugin is not supported on this platform.Use parameter -XmyPlatform='container' to enable it
15:57:43 INFO  
</system-out>
	</testcase>
<testcase classname="AptInstallWithDownloadPath" name="SoftwareManagement.sm_apt_install_download_path">
		<failure message="BLOCKED: AssertionError:" type="BLOCKED" />
		<system-out>16:20:54 INFO  ==============================================================
16:20:54 INFO  Id:    SoftwareManagement.sm_apt_install_download_path
16:20:54 INFO  Dir:   software_management_end_to_end/
16:20:54 INFO  Title: Install package to directory specified in tedge config set tmp.path
16:20:54 INFO  ==============================================================
16:20:54 INFO  Using sw id database: {'asciijump': '5475369', 'robotfindskitten': '5474869', 'squirrel3': '5475279', 'rolldice': '5152439', 'moon-buggy': '5439204', 'apple': '5495053', 'banana': '5494888', 'cherry': '5495382', 'watermelon': '5494510', 'registry': '8018911', 'hello-world': '8021526', 'docker/getting-started': '8021973', 'alpine': '7991792'}
16:20:54 INFO  EnvironmentC8y Setup
16:20:55 INFO  Executed systemctl&lt;serv_mapper1&gt;, exit status 3
16:21:09 INFO  Executed sudo&lt;tedge_connect_c8y&gt;, exit status 0, duration 14 secs
16:21:11 INFO  Executed sudo&lt;tedge_connect_c8y_test&gt;, exit status 0
16:21:12 INFO  Executed systemctl&lt;serv_mosq2&gt;, exit status 0
16:21:13 INFO  Executed systemctl&lt;serv_mapper3&gt;, exit status 0
16:21:15 INFO  State of current operation: SUCCESSFUL
16:21:15 INFO  Assert that (False == value) with value=False ... passed
16:21:16 INFO  Executed sudo, exit status 0
16:21:16 INFO  Executed sudo, exit status 0
16:21:17 INFO  Executed sudo, exit status 0
16:21:21 INFO  Executed sudo&lt;tedge_disconnect_c8y&gt;, exit status 0
16:21:21 INFO  Restarting mosquitto too frequently in the last 10 seconds. It was only up for 3 seconds
16:21:21 INFO  Delaying execution by 8 seconds
16:21:43 INFO  Executed sudo&lt;tedge_connect_c8y&gt;, exit status 0, duration 13 secs
16:21:43 INFO  Response status: 201
16:21:43 INFO  Response to action: {
    "creationTime": "2022-07-22T16:21:43.425Z",
    "deviceId": "21278192",
    "deviceName": "m32sd10d",
    "self": "https://t493319102.eu-latest.cumulocity.com/devicecontrol/operations/21301298",
    "id": "21301298",
    "status": "PENDING",
    "description": "Apply software changes, triggered from PySys: [{'name': 'rolldice', 'id': '5152439', 'version': '::apt', 'url': 'https://thin-edge-io.eu-latest.cumulocity.com/inventory/binaries/12435463', 'action': 'install'}]",
    "c8y_SoftwareUpdate": [
        {
            "name": "rolldice",
            "action": "install",
            "id": "5152439",
            "version": "::apt",
            "url": "https://thin-edge-io.eu-latest.cumulocity.com/inventory/binaries/12435463"
        }
    ]
}
16:21:43 INFO  Started operation: {'creationTime': '2022-07-22T16:21:43.425Z', 'deviceId': '21278192', 'deviceName': 'm32sd10d', 'self': 'https://t493319102.eu-latest.cumulocity.com/devicecontrol/operations/21301298', 'id': '21301298', 'status': 'PENDING', 'description': "Apply software changes, triggered from PySys: [{'name': 'rolldice', 'id': '5152439', 'version': '::apt', 'url': 'https://thin-edge-io.eu-latest.cumulocity.com/inventory/binaries/12435463', 'action': 'install'}]", 'c8y_SoftwareUpdate': [{'name': 'rolldice', 'action': 'install', 'id': '5152439', 'version': '::apt', 'url': 'https://thin-edge-io.eu-latest.cumulocity.com/inventory/binaries/12435463'}]}
16:21:43 WARN  , retrying in 0.5 seconds...
16:21:44 WARN  , retrying in 0.5 seconds...
16:21:44 WARN  , retrying in 0.5 seconds...
16:21:45 WARN  , retrying in 0.5 seconds...
16:21:45 WARN  , retrying in 0.5 seconds...
16:21:46 WARN  , retrying in 0.5 seconds...
16:21:46 WARN  , retrying in 0.5 seconds...
16:21:47 WARN  , retrying in 0.5 seconds...
16:21:47 WARN  , retrying in 0.5 seconds...
16:21:48 WARN  AssertionError occurred while running test - 
Traceback (most recent call last):
  File "/home/pi/env-pysys/lib/python3.7/site-packages/pysys/baserunner.py", line 1294, in __call__
    self.testObj.execute()
  File "/home/pi/actions-runner/_work/thin-edge.io/thin-edge.io/tests/PySys/software_management_end_to_end/sm_apt_install_download_path/run.py", line 83, in execute
    assert_install_in_download_path(install_directory=self.DOWNLOAD_DIR)
  File "/home/pi/env-pysys/lib/python3.7/site-packages/decorator.py", line 232, in fun
    return caller(func, *(extras + args), **kw)
  File "/home/pi/env-pysys/lib/python3.7/site-packages/retry/api.py", line 74, in retry_decorator
    logger)
  File "/home/pi/env-pysys/lib/python3.7/site-packages/retry/api.py", line 33, in __retry_internal
    return f()
  File "/home/pi/actions-runner/_work/thin-edge.io/thin-edge.io/tests/PySys/software_management_end_to_end/sm_apt_install_download_path/run.py", line 28, in assert_install_in_download_path
    assert "rolldice" in os.listdir(f"{install_directory}")
AssertionError
16:21:48 WARN  AssertionError: ... blocked 
16:21:48 INFO  
16:21:48 INFO  cleanup:
16:21:49 INFO  Executed sudo, exit status 0
16:21:49 INFO  Executed sudo, exit status 0
16:21:53 INFO  Executed sudo&lt;tedge_disconnect_c8y&gt;, exit status 0
16:21:53 INFO  Restarting mosquitto too frequently in the last 10 seconds. It was only up for 3 seconds
16:21:53 INFO  Delaying execution by 8 seconds
16:22:16 INFO  Executed sudo&lt;tedge_connect_c8y&gt;, exit status 0, duration 14 secs
16:22:20 INFO  Executed sudo&lt;tedge_disconnect_c8y&gt;, exit status 0
16:22:20 INFO  Executed systemctl&lt;serv_mapper5&gt;, exit status 3
16:22:20 INFO  
16:22:20 INFO  Test duration: 86.48 secs
16:22:20 INFO  Test final outcome:  BLOCKED
16:22:20 INFO  Test outcome reason: AssertionError:
16:22:20 INFO  
</system-out>
	</testcase>
<testcase classname="AptInstallWithDownloadPath" name="SoftwareManagement.sm_apt_install_download_path">
		<failure message="BLOCKED: AssertionError:" type="BLOCKED" />
		<system-out>16:47:38 INFO  ==============================================================
16:47:38 INFO  Id:    SoftwareManagement.sm_apt_install_download_path
16:47:38 INFO  Dir:   software_management_end_to_end/
16:47:38 INFO  Title: Install package to directory specified in tedge config set tmp.path
16:47:38 INFO  ==============================================================
16:47:40 INFO  Using sw id database: {'asciijump': '5475369', 'robotfindskitten': '5474869', 'squirrel3': '5475279', 'rolldice': '5152439', 'moon-buggy': '5439204', 'apple': '5495053', 'banana': '5494888', 'cherry': '5495382', 'watermelon': '5494510', 'registry': '8018911', 'hello-world': '8021526', 'docker/getting-started': '8021973', 'alpine': '7991792'}
16:47:40 INFO  EnvironmentC8y Setup
16:47:40 INFO  Executed systemctl&lt;serv_mapper1&gt;, exit status 3
16:47:55 INFO  Executed sudo&lt;tedge_connect_c8y&gt;, exit status 0, duration 15 secs
16:47:56 INFO  Executed sudo&lt;tedge_connect_c8y_test&gt;, exit status 0
16:47:57 INFO  Executed systemctl&lt;serv_mosq2&gt;, exit status 0
16:47:57 INFO  Executed systemctl&lt;serv_mapper3&gt;, exit status 0
16:47:59 INFO  State of current operation: SUCCESSFUL
16:47:59 INFO  Assert that (False == value) with value=False ... passed
16:48:00 INFO  Executed sudo, exit status 0
16:48:00 INFO  Executed sudo, exit status 0
16:48:01 INFO  Executed sudo, exit status 0
16:48:05 INFO  Executed sudo&lt;tedge_disconnect_c8y&gt;, exit status 0
16:48:05 INFO  Restarting mosquitto too frequently in the last 10 seconds. It was only up for 3 seconds
16:48:05 INFO  Delaying execution by 8 seconds
16:48:27 INFO  Executed sudo&lt;tedge_connect_c8y&gt;, exit status 0, duration 14 secs
16:48:27 INFO  Response status: 201
16:48:27 INFO  Response to action: {
    "creationTime": "2022-07-22T16:48:27.829Z",
    "deviceId": "21278192",
    "deviceName": "m32sd10d",
    "self": "https://t493319102.eu-latest.cumulocity.com/devicecontrol/operations/21301451",
    "id": "21301451",
    "status": "PENDING",
    "description": "Apply software changes, triggered from PySys: [{'name': 'rolldice', 'id': '5152439', 'version': '::apt', 'url': 'https://thin-edge-io.eu-latest.cumulocity.com/inventory/binaries/12435463', 'action': 'install'}]",
    "c8y_SoftwareUpdate": [
        {
            "name": "rolldice",
            "action": "install",
            "id": "5152439",
            "version": "::apt",
            "url": "https://thin-edge-io.eu-latest.cumulocity.com/inventory/binaries/12435463"
        }
    ]
}
16:48:27 INFO  Started operation: {'creationTime': '2022-07-22T16:48:27.829Z', 'deviceId': '21278192', 'deviceName': 'm32sd10d', 'self': 'https://t493319102.eu-latest.cumulocity.com/devicecontrol/operations/21301451', 'id': '21301451', 'status': 'PENDING', 'description': "Apply software changes, triggered from PySys: [{'name': 'rolldice', 'id': '5152439', 'version': '::apt', 'url': 'https://thin-edge-io.eu-latest.cumulocity.com/inventory/binaries/12435463', 'action': 'install'}]", 'c8y_SoftwareUpdate': [{'name': 'rolldice', 'action': 'install', 'id': '5152439', 'version': '::apt', 'url': 'https://thin-edge-io.eu-latest.cumulocity.com/inventory/binaries/12435463'}]}
16:48:27 WARN  , retrying in 0.5 seconds...
16:48:28 WARN  , retrying in 0.5 seconds...
16:48:28 WARN  , retrying in 0.5 seconds...
16:48:29 WARN  , retrying in 0.5 seconds...
16:48:29 WARN  , retrying in 0.5 seconds...
16:48:30 WARN  , retrying in 0.5 seconds...
16:48:30 WARN  , retrying in 0.5 seconds...
16:48:31 WARN  , retrying in 0.5 seconds...
16:48:31 WARN  , retrying in 0.5 seconds...
16:48:32 WARN  AssertionError occurred while running test - 
Traceback (most recent call last):
  File "/home/pi/env-pysys/lib/python3.7/site-packages/pysys/baserunner.py", line 1294, in __call__
    self.testObj.execute()
  File "/home/pi/actions-runner/_work/thin-edge.io/thin-edge.io/tests/PySys/software_management_end_to_end/sm_apt_install_download_path/run.py", line 83, in execute
    assert_install_in_download_path(install_directory=self.DOWNLOAD_DIR)
  File "/home/pi/env-pysys/lib/python3.7/site-packages/decorator.py", line 232, in fun
    return caller(func, *(extras + args), **kw)
  File "/home/pi/env-pysys/lib/python3.7/site-packages/retry/api.py", line 74, in retry_decorator
    logger)
  File "/home/pi/env-pysys/lib/python3.7/site-packages/retry/api.py", line 33, in __retry_internal
    return f()
  File "/home/pi/actions-runner/_work/thin-edge.io/thin-edge.io/tests/PySys/software_management_end_to_end/sm_apt_install_download_path/run.py", line 28, in assert_install_in_download_path
    assert "rolldice" in os.listdir(f"{install_directory}")
AssertionError
16:48:32 WARN  AssertionError: ... blocked 
16:48:32 INFO  
16:48:32 INFO  cleanup:
16:48:32 INFO  Executed sudo, exit status 0
16:48:33 INFO  Executed sudo, exit status 0
16:48:37 INFO  Executed sudo&lt;tedge_disconnect_c8y&gt;, exit status 0
16:48:38 INFO  Restarting mosquitto too frequently in the last 10 seconds. It was only up for 4 seconds
16:48:38 INFO  Delaying execution by 7 seconds
16:48:58 INFO  Executed sudo&lt;tedge_connect_c8y&gt;, exit status 0, duration 13 secs
16:49:03 INFO  Executed sudo&lt;tedge_disconnect_c8y&gt;, exit status 0
16:49:03 INFO  Executed systemctl&lt;serv_mapper5&gt;, exit status 3
16:49:03 INFO  
16:49:03 INFO  Test duration: 84.78 secs
16:49:03 INFO  Test final outcome:  BLOCKED
16:49:03 INFO  Test outcome reason: AssertionError:
16:49:03 INFO  
</system-out>
	</testcase>
</testsuite><testsuite name="SoftwareManagement.sm_apt_install_fail" tests="3" errors="0" failures="0" skipped="1" time="0"><testcase classname="PySysTest" name="SoftwareManagement.sm_apt_install_fail">
		<skipped message="SKIPPED: Testing the apt plugin is not supported on this platform.Use parameter -XmyPlatform='container' to enable it" />
		<system-out>15:57:43 INFO  ==============================================================
15:57:43 INFO  Id:    SoftwareManagement.sm_apt_install_fail
15:57:43 INFO  Dir:   software_management_end_to_end/
15:57:43 INFO  Title: Validate end to end behaviour for a failing installation
15:57:43 INFO  ==============================================================
15:57:43 INFO  Testing the apt plugin is not supported on this platform.Use parameter -XmyPlatform='container' to enable it ... skipped
15:57:43 WARN  Aborted test due to SKIPPED outcome
15:57:43 INFO  
15:57:43 INFO  Test duration: 0.02 secs
15:57:43 INFO  Test final outcome:  SKIPPED
15:57:43 INFO  Test outcome reason: Testing the apt plugin is not supported on this platform.Use parameter -XmyPlatform='container' to enable it
15:57:43 INFO  
</system-out>
	</testcase>
<testcase classname="PySysTest" name="SoftwareManagement.sm_apt_install_fail" />
<testcase classname="PySysTest" name="SoftwareManagement.sm_apt_install_fail" />
</testsuite><testsuite name="SoftwareManagement.sm_apt_install_remove" tests="3" errors="0" failures="0" skipped="1" time="0"><testcase classname="PySysTest" name="SoftwareManagement.sm_apt_install_remove">
		<skipped message="SKIPPED: Testing the apt plugin is not supported on this platform.Use parameter -XmyPlatform='container' to enable it" />
		<system-out>15:57:43 INFO  ==============================================================
15:57:43 INFO  Id:    SoftwareManagement.sm_apt_install_remove
15:57:43 INFO  Dir:   software_management_end_to_end/
15:57:43 INFO  Title: Validate end to end behaviour for the apt plugin for installation and removal of packages
15:57:43 INFO  ==============================================================
15:57:43 INFO  Testing the apt plugin is not supported on this platform.Use parameter -XmyPlatform='container' to enable it ... skipped
15:57:43 WARN  Aborted test due to SKIPPED outcome
15:57:43 INFO  
15:57:43 INFO  Test duration: 0.02 secs
15:57:43 INFO  Test final outcome:  SKIPPED
15:57:43 INFO  Test outcome reason: Testing the apt plugin is not supported on this platform.Use parameter -XmyPlatform='container' to enable it
15:57:43 INFO  
</system-out>
	</testcase>
<testcase classname="PySysTest" name="SoftwareManagement.sm_apt_install_remove" />
<testcase classname="PySysTest" name="SoftwareManagement.sm_apt_install_remove" />
</testsuite><testsuite name="SoftwareManagement.sm_apt_install_remove_default" tests="3" errors="0" failures="0" skipped="1" time="0"><testcase classname="PySysTest" name="SoftwareManagement.sm_apt_install_remove_default">
		<skipped message="SKIPPED: Testing the apt plugin is not supported on this platform.Use parameter -XmyPlatform='container' to enable it" />
		<system-out>15:57:43 INFO  ==============================================================
15:57:43 INFO  Id:    SoftwareManagement.sm_apt_install_remove_default
15:57:43 INFO  Dir:   software_management_end_to_end/
15:57:43 INFO  Title: Validate end to end behaviour for the default plugin for installation and removal of packages
15:57:43 INFO  ==============================================================
15:57:43 INFO  Testing the apt plugin is not supported on this platform.Use parameter -XmyPlatform='container' to enable it ... skipped
15:57:43 WARN  Aborted test due to SKIPPED outcome
15:57:43 INFO  
15:57:43 INFO  Test duration: 0.02 secs
15:57:43 INFO  Test final outcome:  SKIPPED
15:57:43 INFO  Test outcome reason: Testing the apt plugin is not supported on this platform.Use parameter -XmyPlatform='container' to enable it
15:57:43 INFO  
</system-out>
	</testcase>
<testcase classname="PySysTest" name="SoftwareManagement.sm_apt_install_remove_default" />
<testcase classname="PySysTest" name="SoftwareManagement.sm_apt_install_remove_default" />
</testsuite><testsuite name="SoftwareManagement.sm_apt_install_remove_multiple" tests="3" errors="0" failures="2" skipped="1" time="0"><testcase classname="PySysTest" name="SoftwareManagement.sm_apt_install_remove_multiple">
		<skipped message="SKIPPED: Testing the apt plugin is not supported on this platform.Use parameter -XmyPlatform='container' to enable it" />
		<system-out>15:57:43 INFO  ==============================================================
15:57:43 INFO  Id:    SoftwareManagement.sm_apt_install_remove_multiple
15:57:43 INFO  Dir:   software_management_end_to_end/
15:57:43 INFO  Title: Validate end to end behaviour for the apt plugin for multiple packages
15:57:43 INFO  ==============================================================
15:57:43 INFO  Testing the apt plugin is not supported on this platform.Use parameter -XmyPlatform='container' to enable it ... skipped
15:57:43 WARN  Aborted test due to SKIPPED outcome
15:57:43 INFO  
15:57:43 INFO  Test duration: 0.02 secs
15:57:43 INFO  Test final outcome:  SKIPPED
15:57:43 INFO  Test outcome reason: Testing the apt plugin is not supported on this platform.Use parameter -XmyPlatform='container' to enable it
15:57:43 INFO  
</system-out>
	</testcase>
<testcase classname="PySysTest" name="SoftwareManagement.sm_apt_install_remove_multiple">
		<failure message="FAILED: Assert that (False == value) with value=True" type="FAILED" />
		<system-out>16:29:05 INFO  ==============================================================
16:29:05 INFO  Id:    SoftwareManagement.sm_apt_install_remove_multiple
16:29:05 INFO  Dir:   software_management_end_to_end/
16:29:05 INFO  Title: Validate end to end behaviour for the apt plugin for multiple packages
16:29:05 INFO  ==============================================================
16:29:05 INFO  Using sw id database: {'asciijump': '5475369', 'robotfindskitten': '5474869', 'squirrel3': '5475279', 'rolldice': '5152439', 'moon-buggy': '5439204', 'apple': '5495053', 'banana': '5494888', 'cherry': '5495382', 'watermelon': '5494510', 'registry': '8018911', 'hello-world': '8021526', 'docker/getting-started': '8021973', 'alpine': '7991792'}
16:29:05 INFO  EnvironmentC8y Setup
16:29:06 INFO  Executed systemctl&lt;serv_mapper1&gt;, exit status 3
16:29:06 INFO  Restarting mosquitto too frequently in the last 10 seconds. It was only up for 5 seconds
16:29:06 INFO  Delaying execution by 6 seconds
16:29:26 INFO  Executed sudo&lt;tedge_connect_c8y&gt;, exit status 0, duration 14 secs
16:29:26 INFO  Executed sudo&lt;tedge_connect_c8y_test&gt;, exit status 0
16:29:27 INFO  Executed systemctl&lt;serv_mosq2&gt;, exit status 0
16:29:27 INFO  Executed systemctl&lt;serv_mapper3&gt;, exit status 0
16:29:30 INFO  State of current operation: SUCCESSFUL
16:29:30 INFO  Assert that (False == value) with value=False ... passed
16:29:30 INFO  Assert that (False == value) with value=False ... passed
16:29:30 INFO  Assert that (False == value) with value=False ... passed
16:29:31 INFO  Package robotfindskitten is installed
16:29:31 WARN  Assert that (False == value) with value=True ... failed 
16:29:31 INFO  Response status: 201
16:29:31 INFO  Response to action: {
    "creationTime": "2022-07-22T16:29:31.232Z",
    "deviceId": "21278192",
    "deviceName": "m32sd10d",
    "self": "https://t493319102.eu-latest.cumulocity.com/devicecontrol/operations/21301364",
    "id": "21301364",
    "status": "PENDING",
    "description": "Apply software changes, triggered from PySys: [{'action': 'install', 'id': '5475369', 'name': 'asciijump', 'url': ' ', 'version': '::apt'}, {'action': 'install', 'id': '5474869', 'name': 'robotfindskitten', 'url': ' ', 'version': '::apt'}, {'action': 'install', 'id': '5475279', 'name': 'squirrel3', 'url': ' ', 'version': '::apt'}]",
    "c8y_SoftwareUpdate": [
        {
            "name": "asciijump",
            "action": "install",
            "id": "5475369",
            "version": "::apt",
            "url": " "
        },
        {
            "name": "robotfindskitten",
            "action": "install",
            "id": "5474869",
            "version": "::apt",
            "url": " "
        },
        {
            "name": "squirrel3",
            "action": "install",
            "id": "5475279",
            "version": "::apt",
            "url": " "
        }
    ]
}
16:29:31 INFO  Started operation: {'creationTime': '2022-07-22T16:29:31.232Z', 'deviceId': '21278192', 'deviceName': 'm32sd10d', 'self': 'https://t493319102.eu-latest.cumulocity.com/devicecontrol/operations/21301364', 'id': '21301364', 'status': 'PENDING', 'description': "Apply software changes, triggered from PySys: [{'action': 'install', 'id': '5475369', 'name': 'asciijump', 'url': ' ', 'version': '::apt'}, {'action': 'install', 'id': '5474869', 'name': 'robotfindskitten', 'url': ' ', 'version': '::apt'}, {'action': 'install', 'id': '5475279', 'name': 'squirrel3', 'url': ' ', 'version': '::apt'}]", 'c8y_SoftwareUpdate': [{'name': 'asciijump', 'action': 'install', 'id': '5475369', 'version': '::apt', 'url': ' '}, {'name': 'robotfindskitten', 'action': 'install', 'id': '5474869', 'version': '::apt', 'url': ' '}, {'name': 'squirrel3', 'action': 'install', 'id': '5475279', 'version': '::apt', 'url': ' '}]}
16:29:33 INFO  State of operation 21301364 : PENDING
16:29:35 INFO  State of operation 21301364 : EXECUTING
16:29:37 INFO  State of operation 21301364 : EXECUTING
16:29:40 INFO  State of operation 21301364 : EXECUTING
16:29:42 INFO  State of operation 21301364 : EXECUTING
16:29:44 INFO  State of operation 21301364 : EXECUTING
16:29:47 INFO  State of operation 21301364 : EXECUTING
16:29:50 INFO  State of operation 21301364 : EXECUTING
16:29:52 INFO  State of operation 21301364 : EXECUTING
16:29:54 INFO  State of operation 21301364 : EXECUTING
16:29:57 INFO  State of operation 21301364 : EXECUTING
16:29:59 INFO  State of operation 21301364 : EXECUTING
16:30:01 INFO  State of operation 21301364 : EXECUTING
16:30:03 INFO  State of operation 21301364 : EXECUTING
16:30:06 INFO  State of operation 21301364 : EXECUTING
16:30:08 INFO  State of operation 21301364 : EXECUTING
16:30:10 INFO  State of operation 21301364 : EXECUTING
16:30:13 INFO  State of operation 21301364 : EXECUTING
16:30:15 INFO  State of operation 21301364 : EXECUTING
16:30:18 INFO  State of operation 21301364 : EXECUTING
16:30:20 INFO  State of operation 21301364 : EXECUTING
16:30:23 INFO  State of operation 21301364 : EXECUTING
16:30:25 INFO  State of operation 21301364 : EXECUTING
16:30:28 INFO  State of operation 21301364 : EXECUTING
16:30:30 INFO  State of operation 21301364 : EXECUTING
16:30:33 INFO  State of operation 21301364 : EXECUTING
16:30:35 INFO  State of operation 21301364 : EXECUTING
16:30:38 INFO  State of operation 21301364 : EXECUTING
16:30:40 INFO  State of operation 21301364 : EXECUTING
16:30:42 INFO  State of operation 21301364 : EXECUTING
16:30:45 INFO  State of operation 21301364 : EXECUTING
16:30:47 INFO  State of operation 21301364 : EXECUTING
16:30:49 INFO  State of operation 21301364 : EXECUTING
16:30:51 INFO  State of operation 21301364 : SUCCESSFUL
16:30:52 INFO  Assert that (False == value) with value=False ... passed
16:30:52 INFO  Package asciijump is installed
16:30:52 INFO  Assert that (True == value) with value=True ... passed
16:30:52 INFO  Package squirrel3 is installed
16:30:52 INFO  Assert that (True == value) with value=True ... passed
16:30:52 INFO  Package robotfindskitten is installed
16:30:52 INFO  Assert that (True == value) with value=True ... passed
16:30:52 INFO  Response status: 201
16:30:52 INFO  Response to action: {
    "creationTime": "2022-07-22T16:30:52.937Z",
    "deviceId": "21278192",
    "deviceName": "m32sd10d",
    "self": "https://t493319102.eu-latest.cumulocity.com/devicecontrol/operations/21301372",
    "id": "21301372",
    "status": "PENDING",
    "description": "Apply software changes, triggered from PySys: [{'action': 'delete', 'id': '5475369', 'name': 'asciijump', 'url': ' ', 'version': '::apt'}, {'action': 'delete', 'id': '5474869', 'name': 'robotfindskitten', 'url': ' ', 'version': '::apt'}, {'action': 'delete', 'id': '5475279', 'name': 'squirrel3', 'url': ' ', 'version': '::apt'}]",
    "c8y_SoftwareUpdate": [
        {
            "name": "asciijump",
            "action": "delete",
            "id": "5475369",
            "version": "::apt",
            "url": " "
        },
        {
            "name": "robotfindskitten",
            "action": "delete",
            "id": "5474869",
            "version": "::apt",
            "url": " "
        },
        {
            "name": "squirrel3",
            "action": "delete",
            "id": "5475279",
            "version": "::apt",
            "url": " "
        }
    ]
}
16:30:52 INFO  Started operation: {'creationTime': '2022-07-22T16:30:52.937Z', 'deviceId': '21278192', 'deviceName': 'm32sd10d', 'self': 'https://t493319102.eu-latest.cumulocity.com/devicecontrol/operations/21301372', 'id': '21301372', 'status': 'PENDING', 'description': "Apply software changes, triggered from PySys: [{'action': 'delete', 'id': '5475369', 'name': 'asciijump', 'url': ' ', 'version': '::apt'}, {'action': 'delete', 'id': '5474869', 'name': 'robotfindskitten', 'url': ' ', 'version': '::apt'}, {'action': 'delete', 'id': '5475279', 'name': 'squirrel3', 'url': ' ', 'version': '::apt'}]", 'c8y_SoftwareUpdate': [{'name': 'asciijump', 'action': 'delete', 'id': '5475369', 'version': '::apt', 'url': ' '}, {'name': 'robotfindskitten', 'action': 'delete', 'id': '5474869', 'version': '::apt', 'url': ' '}, {'name': 'squirrel3', 'action': 'delete', 'id': '5475279', 'version': '::apt', 'url': ' '}]}
16:30:55 INFO  State of operation 21301372 : PENDING
16:30:57 INFO  State of operation 21301372 : EXECUTING
16:30:59 INFO  State of operation 21301372 : EXECUTING
16:31:01 INFO  State of operation 21301372 : EXECUTING
16:31:04 INFO  State of operation 21301372 : EXECUTING
16:31:06 INFO  State of operation 21301372 : EXECUTING
16:31:09 INFO  State of operation 21301372 : EXECUTING
16:31:12 INFO  State of operation 21301372 : EXECUTING
16:31:14 INFO  State of operation 21301372 : EXECUTING
16:31:16 INFO  State of operation 21301372 : EXECUTING
16:31:18 INFO  State of operation 21301372 : EXECUTING
16:31:21 INFO  State of operation 21301372 : EXECUTING
16:31:23 INFO  State of operation 21301372 : EXECUTING
16:31:25 INFO  State of operation 21301372 : EXECUTING
16:31:27 INFO  State of operation 21301372 : EXECUTING
16:31:30 INFO  State of operation 21301372 : EXECUTING
16:31:32 INFO  State of operation 21301372 : EXECUTING
16:31:35 INFO  State of operation 21301372 : EXECUTING
16:31:37 INFO  State of operation 21301372 : EXECUTING
16:31:40 INFO  State of operation 21301372 : EXECUTING
16:31:42 INFO  State of operation 21301372 : EXECUTING
16:31:44 INFO  State of operation 21301372 : EXECUTING
16:31:46 INFO  State of operation 21301372 : EXECUTING
16:31:49 INFO  State of operation 21301372 : EXECUTING
16:31:51 INFO  State of operation 21301372 : EXECUTING
16:31:54 INFO  State of operation 21301372 : EXECUTING
16:31:56 INFO  State of operation 21301372 : EXECUTING
16:31:58 INFO  State of operation 21301372 : SUCCESSFUL
16:31:58 INFO  Assert that (False == value) with value=False ... passed
16:31:58 INFO  Assert that (False == value) with value=False ... passed
16:31:59 INFO  Assert that (False == value) with value=False ... passed
16:31:59 INFO  Assert that (False == value) with value=False ... passed
16:31:59 INFO  
16:31:59 INFO  cleanup:
16:32:03 INFO  Executed sudo&lt;tedge_disconnect_c8y&gt;, exit status 0
16:32:04 INFO  Executed systemctl&lt;serv_mapper5&gt;, exit status 3
16:32:04 INFO  
16:32:04 INFO  Test duration: 178.49 secs
16:32:04 INFO  Test final outcome:  FAILED
16:32:04 INFO  Test outcome reason: Assert that (False == value) with value=True
16:32:04 INFO  
</system-out>
	</testcase>
<testcase classname="PySysTest" name="SoftwareManagement.sm_apt_install_remove_multiple">
		<failure message="FAILED: Assert that (False == value) with value=True (+2 other failures)" type="FAILED" />
		<system-out>16:55:32 INFO  ==============================================================
16:55:32 INFO  Id:    SoftwareManagement.sm_apt_install_remove_multiple
16:55:32 INFO  Dir:   software_management_end_to_end/
16:55:32 INFO  Title: Validate end to end behaviour for the apt plugin for multiple packages
16:55:32 INFO  ==============================================================
16:55:32 INFO  Using sw id database: {'asciijump': '5475369', 'robotfindskitten': '5474869', 'squirrel3': '5475279', 'rolldice': '5152439', 'moon-buggy': '5439204', 'apple': '5495053', 'banana': '5494888', 'cherry': '5495382', 'watermelon': '5494510', 'registry': '8018911', 'hello-world': '8021526', 'docker/getting-started': '8021973', 'alpine': '7991792'}
16:55:32 INFO  EnvironmentC8y Setup
16:55:33 INFO  Executed systemctl&lt;serv_mapper1&gt;, exit status 3
16:55:33 INFO  Restarting mosquitto too frequently in the last 10 seconds. It was only up for 5 seconds
16:55:33 INFO  Delaying execution by 6 seconds
16:55:53 INFO  Executed sudo&lt;tedge_connect_c8y&gt;, exit status 0, duration 14 secs
16:55:54 INFO  Executed sudo&lt;tedge_connect_c8y_test&gt;, exit status 0
16:55:54 INFO  Executed systemctl&lt;serv_mosq2&gt;, exit status 0
16:55:55 INFO  Executed systemctl&lt;serv_mapper3&gt;, exit status 0
16:55:57 INFO  State of current operation: SUCCESSFUL
16:55:57 INFO  Assert that (False == value) with value=False ... passed
16:55:57 INFO  Package asciijump is installed
16:55:58 WARN  Assert that (False == value) with value=True ... failed 
16:55:58 INFO  Package squirrel3 is installed
16:55:58 WARN  Assert that (False == value) with value=True ... failed 
16:55:58 INFO  Package robotfindskitten is installed
16:55:58 WARN  Assert that (False == value) with value=True ... failed 
16:55:58 INFO  Response status: 201
16:55:58 INFO  Response to action: {
    "delivery": {
        "log": [],
        "time": "2022-07-22T16:55:58.883Z",
        "status": "PENDING"
    },
    "creationTime": "2022-07-22T16:55:58.806Z",
    "deviceId": "21278192",
    "deviceName": "m32sd10d",
    "self": "https://t493319102.eu-latest.cumulocity.com/devicecontrol/operations/21301533",
    "id": "21301533",
    "status": "PENDING",
    "description": "Apply software changes, triggered from PySys: [{'action': 'install', 'id': '5475369', 'name': 'asciijump', 'url': ' ', 'version': '::apt'}, {'action': 'install', 'id': '5474869', 'name': 'robotfindskitten', 'url': ' ', 'version': '::apt'}, {'action': 'install', 'id': '5475279', 'name': 'squirrel3', 'url': ' ', 'version': '::apt'}]",
    "c8y_SoftwareUpdate": [
        {
            "name": "asciijump",
            "action": "install",
            "id": "5475369",
            "version": "::apt",
            "url": " "
        },
        {
            "name": "robotfindskitten",
            "action": "install",
            "id": "5474869",
            "version": "::apt",
            "url": " "
        },
        {
            "name": "squirrel3",
            "action": "install",
            "id": "5475279",
            "version": "::apt",
            "url": " "
        }
    ]
}
16:55:58 INFO  Started operation: {'delivery': {'log': [], 'time': '2022-07-22T16:55:58.883Z', 'status': 'PENDING'}, 'creationTime': '2022-07-22T16:55:58.806Z', 'deviceId': '21278192', 'deviceName': 'm32sd10d', 'self': 'https://t493319102.eu-latest.cumulocity.com/devicecontrol/operations/21301533', 'id': '21301533', 'status': 'PENDING', 'description': "Apply software changes, triggered from PySys: [{'action': 'install', 'id': '5475369', 'name': 'asciijump', 'url': ' ', 'version': '::apt'}, {'action': 'install', 'id': '5474869', 'name': 'robotfindskitten', 'url': ' ', 'version': '::apt'}, {'action': 'install', 'id': '5475279', 'name': 'squirrel3', 'url': ' ', 'version': '::apt'}]", 'c8y_SoftwareUpdate': [{'name': 'asciijump', 'action': 'install', 'id': '5475369', 'version': '::apt', 'url': ' '}, {'name': 'robotfindskitten', 'action': 'install', 'id': '5474869', 'version': '::apt', 'url': ' '}, {'name': 'squirrel3', 'action': 'install', 'id': '5475279', 'version': '::apt', 'url': ' '}]}
16:56:01 INFO  State of operation 21301533 : PENDING
16:56:03 INFO  State of operation 21301533 : EXECUTING
16:56:05 INFO  State of operation 21301533 : EXECUTING
16:56:07 INFO  State of operation 21301533 : EXECUTING
16:56:10 INFO  State of operation 21301533 : EXECUTING
16:56:12 INFO  State of operation 21301533 : EXECUTING
16:56:15 INFO  State of operation 21301533 : EXECUTING
16:56:17 INFO  State of operation 21301533 : EXECUTING
16:56:20 INFO  State of operation 21301533 : EXECUTING
16:56:22 INFO  State of operation 21301533 : EXECUTING
16:56:24 INFO  State of operation 21301533 : EXECUTING
16:56:27 INFO  State of operation 21301533 : EXECUTING
16:56:29 INFO  State of operation 21301533 : EXECUTING
16:56:31 INFO  State of operation 21301533 : EXECUTING
16:56:33 INFO  State of operation 21301533 : EXECUTING
16:56:36 INFO  State of operation 21301533 : SUCCESSFUL
16:56:36 INFO  Assert that (False == value) with value=False ... passed
16:56:36 INFO  Package asciijump is installed
16:56:36 INFO  Assert that (True == value) with value=True ... passed
16:56:36 INFO  Package squirrel3 is installed
16:56:36 INFO  Assert that (True == value) with value=True ... passed
16:56:36 INFO  Package robotfindskitten is installed
16:56:36 INFO  Assert that (True == value) with value=True ... passed
16:56:37 INFO  Response status: 201
16:56:37 INFO  Response to action: {
    "delivery": {
        "log": [],
        "time": "2022-07-22T16:56:37.186Z",
        "status": "PENDING"
    },
    "creationTime": "2022-07-22T16:56:37.166Z",
    "deviceId": "21278192",
    "deviceName": "m32sd10d",
    "self": "https://t493319102.eu-latest.cumulocity.com/devicecontrol/operations/21301543",
    "id": "21301543",
    "status": "PENDING",
    "description": "Apply software changes, triggered from PySys: [{'action': 'delete', 'id': '5475369', 'name': 'asciijump', 'url': ' ', 'version': '::apt'}, {'action': 'delete', 'id': '5474869', 'name': 'robotfindskitten', 'url': ' ', 'version': '::apt'}, {'action': 'delete', 'id': '5475279', 'name': 'squirrel3', 'url': ' ', 'version': '::apt'}]",
    "c8y_SoftwareUpdate": [
        {
            "name": "asciijump",
            "action": "delete",
            "id": "5475369",
            "version": "::apt",
            "url": " "
        },
        {
            "name": "robotfindskitten",
            "action": "delete",
            "id": "5474869",
            "version": "::apt",
            "url": " "
        },
        {
            "name": "squirrel3",
            "action": "delete",
            "id": "5475279",
            "version": "::apt",
            "url": " "
        }
    ]
}
16:56:37 INFO  Started operation: {'delivery': {'log': [], 'time': '2022-07-22T16:56:37.186Z', 'status': 'PENDING'}, 'creationTime': '2022-07-22T16:56:37.166Z', 'deviceId': '21278192', 'deviceName': 'm32sd10d', 'self': 'https://t493319102.eu-latest.cumulocity.com/devicecontrol/operations/21301543', 'id': '21301543', 'status': 'PENDING', 'description': "Apply software changes, triggered from PySys: [{'action': 'delete', 'id': '5475369', 'name': 'asciijump', 'url': ' ', 'version': '::apt'}, {'action': 'delete', 'id': '5474869', 'name': 'robotfindskitten', 'url': ' ', 'version': '::apt'}, {'action': 'delete', 'id': '5475279', 'name': 'squirrel3', 'url': ' ', 'version': '::apt'}]", 'c8y_SoftwareUpdate': [{'name': 'asciijump', 'action': 'delete', 'id': '5475369', 'version': '::apt', 'url': ' '}, {'name': 'robotfindskitten', 'action': 'delete', 'id': '5474869', 'version': '::apt', 'url': ' '}, {'name': 'squirrel3', 'action': 'delete', 'id': '5475279', 'version': '::apt', 'url': ' '}]}
16:56:39 INFO  State of operation 21301543 : PENDING
16:56:41 INFO  State of operation 21301543 : EXECUTING
16:56:43 INFO  State of operation 21301543 : EXECUTING
16:56:46 INFO  State of operation 21301543 : EXECUTING
16:56:48 INFO  State of operation 21301543 : EXECUTING
16:56:50 INFO  State of operation 21301543 : EXECUTING
16:56:53 INFO  State of operation 21301543 : EXECUTING
16:56:56 INFO  State of operation 21301543 : EXECUTING
16:56:58 INFO  State of operation 21301543 : EXECUTING
16:57:00 INFO  State of operation 21301543 : EXECUTING
16:57:02 INFO  State of operation 21301543 : EXECUTING
16:57:05 INFO  State of operation 21301543 : EXECUTING
16:57:07 INFO  State of operation 21301543 : EXECUTING
16:57:09 INFO  State of operation 21301543 : EXECUTING
16:57:11 INFO  State of operation 21301543 : EXECUTING
16:57:14 INFO  State of operation 21301543 : EXECUTING
16:57:16 INFO  State of operation 21301543 : EXECUTING
16:57:19 INFO  State of operation 21301543 : EXECUTING
16:57:21 INFO  State of operation 21301543 : EXECUTING
16:57:24 INFO  State of operation 21301543 : EXECUTING
16:57:26 INFO  State of operation 21301543 : EXECUTING
16:57:28 INFO  State of operation 21301543 : EXECUTING
16:57:30 INFO  State of operation 21301543 : EXECUTING
16:57:33 INFO  State of operation 21301543 : EXECUTING
16:57:35 INFO  State of operation 21301543 : EXECUTING
16:57:38 INFO  State of operation 21301543 : EXECUTING
16:57:40 INFO  State of operation 21301543 : EXECUTING
16:57:42 INFO  State of operation 21301543 : EXECUTING
16:57:44 INFO  State of operation 21301543 : SUCCESSFUL
16:57:45 INFO  Assert that (False == value) with value=False ... passed
16:57:45 INFO  Assert that (False == value) with value=False ... passed
16:57:45 INFO  Assert that (False == value) with value=False ... passed
16:57:45 INFO  Assert that (False == value) with value=False ... passed
16:57:45 INFO  
16:57:45 INFO  cleanup:
16:57:49 INFO  Executed sudo&lt;tedge_disconnect_c8y&gt;, exit status 0
16:57:50 INFO  Executed systemctl&lt;serv_mapper5&gt;, exit status 3
16:57:50 INFO  
16:57:50 INFO  Test duration: 137.92 secs
16:57:50 INFO  Test final outcome:  FAILED
16:57:50 INFO  Test outcome reason: Assert that (False == value) with value=True (+2 other failures)
16:57:50 INFO  
</system-out>
	</testcase>
</testsuite><testsuite name="SoftwareManagement.sm_apt_install_remove_multiple_mixed" tests="3" errors="0" failures="2" skipped="1" time="0"><testcase classname="PySysTest" name="SoftwareManagement.sm_apt_install_remove_multiple_mixed">
		<skipped message="SKIPPED: Testing the apt plugin is not supported on this platform.Use parameter -XmyPlatform='container' to enable it" />
		<system-out>15:57:43 INFO  ==============================================================
15:57:43 INFO  Id:    SoftwareManagement.sm_apt_install_remove_multiple_mixed
15:57:43 INFO  Dir:   software_management_end_to_end/
15:57:43 INFO  Title: Validate end to end behaviour for the apt plugin for multiple packages with mixed versions
15:57:43 INFO  ==============================================================
15:57:43 INFO  Testing the apt plugin is not supported on this platform.Use parameter -XmyPlatform='container' to enable it ... skipped
15:57:43 WARN  Aborted test due to SKIPPED outcome
15:57:43 INFO  
15:57:43 INFO  Test duration: 0.02 secs
15:57:43 INFO  Test final outcome:  SKIPPED
15:57:43 INFO  Test outcome reason: Testing the apt plugin is not supported on this platform.Use parameter -XmyPlatform='container' to enable it
15:57:43 INFO  
</system-out>
	</testcase>
<testcase classname="PySysTest" name="SoftwareManagement.sm_apt_install_remove_multiple_mixed">
		<failure message="BLOCKED: SystemError: Timeout while waiting for status SUCCESSFUL or False" type="BLOCKED" />
		<system-out>16:32:04 INFO  ==============================================================
16:32:04 INFO  Id:    SoftwareManagement.sm_apt_install_remove_multiple_mixed
16:32:04 INFO  Dir:   software_management_end_to_end/
16:32:04 INFO  Title: Validate end to end behaviour for the apt plugin for multiple packages with mixed versions
16:32:04 INFO  ==============================================================
16:32:04 INFO  Using sw id database: {'asciijump': '5475369', 'robotfindskitten': '5474869', 'squirrel3': '5475279', 'rolldice': '5152439', 'moon-buggy': '5439204', 'apple': '5495053', 'banana': '5494888', 'cherry': '5495382', 'watermelon': '5494510', 'registry': '8018911', 'hello-world': '8021526', 'docker/getting-started': '8021973', 'alpine': '7991792'}
16:32:04 INFO  EnvironmentC8y Setup
16:32:04 INFO  Executed systemctl&lt;serv_mapper1&gt;, exit status 3
16:32:04 INFO  Restarting mosquitto too frequently in the last 10 seconds. It was only up for 4 seconds
16:32:04 INFO  Delaying execution by 7 seconds
16:32:25 INFO  Executed sudo&lt;tedge_connect_c8y&gt;, exit status 0, duration 13 secs
16:32:26 INFO  Executed sudo&lt;tedge_connect_c8y_test&gt;, exit status 0
16:32:26 INFO  Executed systemctl&lt;serv_mosq2&gt;, exit status 0
16:32:27 INFO  Executed systemctl&lt;serv_mapper3&gt;, exit status 0
16:32:29 INFO  State of current operation: SUCCESSFUL
16:32:29 INFO  Assert that (False == value) with value=False ... passed
16:32:29 INFO  Assert that (False == value) with value=False ... passed
16:32:30 INFO  Assert that (False == value) with value=False ... passed
16:32:30 INFO  Assert that (False == value) with value=False ... passed
16:32:30 INFO  Assert that (False == value) with value=False ... passed
16:32:31 INFO  Response status: 201
16:32:31 INFO  Response to action: {
    "creationTime": "2022-07-22T16:32:31.662Z",
    "deviceId": "21278192",
    "deviceName": "m32sd10d",
    "self": "https://t493319102.eu-latest.cumulocity.com/devicecontrol/operations/21301380",
    "id": "21301380",
    "status": "PENDING",
    "description": "Apply software changes, triggered from PySys: [{'action': 'install', 'id': '5475369', 'name': 'asciijump', 'url': ' ', 'version': '::apt'}, {'action': 'install', 'id': '5474869', 'name': 'robotfindskitten', 'url': ' ', 'version': ' '}, {'action': 'install', 'id': '5475279', 'name': 'squirrel3', 'url': ' ', 'version': '3.1-7::apt'}, {'action': 'install', 'id': '5152439', 'name': 'rolldice', 'url': ' ', 'version': '1.16-1+b1'}, {'action': 'install', 'id': '5439204', 'name': 'moon-buggy', 'url': ' ', 'version': '1:1.0.51-12'}, {'action': 'install', 'id': '5475369', 'name': 'asciijump', 'url': ' ', 'version': '::apt'}]",
    "c8y_SoftwareUpdate": [
        {
            "name": "asciijump",
            "action": "install",
            "id": "5475369",
            "version": "::apt",
            "url": " "
        },
        {
            "name": "robotfindskitten",
            "action": "install",
            "id": "5474869",
            "version": " ",
            "url": " "
        },
        {
            "name": "squirrel3",
            "action": "install",
            "id": "5475279",
            "version": "3.1-7::apt",
            "url": " "
        },
        {
            "name": "rolldice",
            "action": "install",
            "id": "5152439",
            "version": "1.16-1+b1",
            "url": " "
        },
        {
            "name": "moon-buggy",
            "action": "install",
            "id": "5439204",
            "version": "1:1.0.51-12",
            "url": " "
        },
        {
            "name": "asciijump",
            "action": "install",
            "id": "5475369",
            "version": "::apt",
            "url": " "
        }
    ]
}
16:32:31 INFO  Started operation: {'creationTime': '2022-07-22T16:32:31.662Z', 'deviceId': '21278192', 'deviceName': 'm32sd10d', 'self': 'https://t493319102.eu-latest.cumulocity.com/devicecontrol/operations/21301380', 'id': '21301380', 'status': 'PENDING', 'description': "Apply software changes, triggered from PySys: [{'action': 'install', 'id': '5475369', 'name': 'asciijump', 'url': ' ', 'version': '::apt'}, {'action': 'install', 'id': '5474869', 'name': 'robotfindskitten', 'url': ' ', 'version': ' '}, {'action': 'install', 'id': '5475279', 'name': 'squirrel3', 'url': ' ', 'version': '3.1-7::apt'}, {'action': 'install', 'id': '5152439', 'name': 'rolldice', 'url': ' ', 'version': '1.16-1+b1'}, {'action': 'install', 'id': '5439204', 'name': 'moon-buggy', 'url': ' ', 'version': '1:1.0.51-12'}, {'action': 'install', 'id': '5475369', 'name': 'asciijump', 'url': ' ', 'version': '::apt'}]", 'c8y_SoftwareUpdate': [{'name': 'asciijump', 'action': 'install', 'id': '5475369', 'version': '::apt', 'url': ' '}, {'name': 'robotfindskitten', 'action': 'install', 'id': '5474869', 'version': ' ', 'url': ' '}, {'name': 'squirrel3', 'action': 'install', 'id': '5475279', 'version': '3.1-7::apt', 'url': ' '}, {'name': 'rolldice', 'action': 'install', 'id': '5152439', 'version': '1.16-1+b1', 'url': ' '}, {'name': 'moon-buggy', 'action': 'install', 'id': '5439204', 'version': '1:1.0.51-12', 'url': ' '}, {'name': 'asciijump', 'action': 'install', 'id': '5475369', 'version': '::apt', 'url': ' '}]}
16:32:33 INFO  State of operation 21301380 : PENDING
16:32:36 INFO  State of operation 21301380 : EXECUTING
16:32:38 INFO  State of operation 21301380 : EXECUTING
16:32:40 INFO  State of operation 21301380 : EXECUTING
16:32:42 INFO  State of operation 21301380 : EXECUTING
16:32:45 INFO  State of operation 21301380 : EXECUTING
16:32:47 INFO  State of operation 21301380 : EXECUTING
16:32:50 INFO  State of operation 21301380 : EXECUTING
16:32:53 INFO  State of operation 21301380 : EXECUTING
16:32:55 INFO  State of operation 21301380 : EXECUTING
16:32:57 INFO  State of operation 21301380 : EXECUTING
16:32:59 INFO  State of operation 21301380 : EXECUTING
16:33:02 INFO  State of operation 21301380 : EXECUTING
16:33:04 INFO  State of operation 21301380 : EXECUTING
16:33:06 INFO  State of operation 21301380 : EXECUTING
16:33:08 INFO  State of operation 21301380 : EXECUTING
16:33:11 INFO  State of operation 21301380 : EXECUTING
16:33:14 INFO  State of operation 21301380 : EXECUTING
16:33:16 INFO  State of operation 21301380 : EXECUTING
16:33:18 INFO  State of operation 21301380 : EXECUTING
16:33:20 INFO  State of operation 21301380 : EXECUTING
16:33:23 INFO  State of operation 21301380 : EXECUTING
16:33:25 INFO  State of operation 21301380 : EXECUTING
16:33:28 INFO  State of operation 21301380 : EXECUTING
16:33:30 INFO  State of operation 21301380 : EXECUTING
16:33:32 INFO  State of operation 21301380 : EXECUTING
16:33:34 INFO  State of operation 21301380 : EXECUTING
16:33:37 INFO  State of operation 21301380 : EXECUTING
16:33:39 INFO  State of operation 21301380 : EXECUTING
16:33:41 INFO  State of operation 21301380 : EXECUTING
16:33:43 INFO  State of operation 21301380 : EXECUTING
16:33:46 INFO  State of operation 21301380 : EXECUTING
16:33:48 INFO  State of operation 21301380 : EXECUTING
16:33:50 INFO  State of operation 21301380 : EXECUTING
16:33:52 INFO  State of operation 21301380 : EXECUTING
16:33:55 INFO  State of operation 21301380 : EXECUTING
16:33:57 INFO  State of operation 21301380 : EXECUTING
16:33:59 INFO  State of operation 21301380 : EXECUTING
16:34:02 INFO  State of operation 21301380 : EXECUTING
16:34:05 INFO  State of operation 21301380 : EXECUTING
16:34:07 INFO  State of operation 21301380 : EXECUTING
16:34:09 INFO  State of operation 21301380 : EXECUTING
16:34:12 INFO  State of operation 21301380 : EXECUTING
16:34:14 INFO  State of operation 21301380 : EXECUTING
16:34:16 INFO  State of operation 21301380 : EXECUTING
16:34:18 INFO  State of operation 21301380 : EXECUTING
16:34:21 INFO  State of operation 21301380 : EXECUTING
16:34:23 INFO  State of operation 21301380 : EXECUTING
16:34:25 INFO  State of operation 21301380 : EXECUTING
16:34:28 INFO  State of operation 21301380 : EXECUTING
16:34:30 INFO  State of operation 21301380 : EXECUTING
16:34:33 INFO  State of operation 21301380 : EXECUTING
16:34:35 INFO  State of operation 21301380 : EXECUTING
16:34:37 INFO  State of operation 21301380 : EXECUTING
16:34:40 INFO  State of operation 21301380 : EXECUTING
16:34:42 INFO  State of operation 21301380 : EXECUTING
16:34:44 INFO  State of operation 21301380 : EXECUTING
16:34:48 INFO  State of operation 21301380 : EXECUTING
16:34:50 INFO  State of operation 21301380 : EXECUTING
16:34:52 INFO  State of operation 21301380 : EXECUTING
16:34:55 INFO  State of operation 21301380 : EXECUTING
16:34:57 WARN  SystemError occurred while running test - Timeout while waiting for status SUCCESSFUL or False
Traceback (most recent call last):
  File "/home/pi/env-pysys/lib/python3.7/site-packages/pysys/baserunner.py", line 1294, in __call__
    self.testObj.execute()
  File "/home/pi/actions-runner/_work/thin-edge.io/thin-edge.io/tests/PySys/software_management_end_to_end/sm_apt_install_remove_multiple_mixed/run.py", line 89, in execute
    self.wait_until_succcess()
  File "/home/pi/actions-runner/_work/thin-edge.io/thin-edge.io/tests/PySys/software_management_end_to_end/environment_sm_management.py", line 324, in wait_until_succcess
    self.wait_until_status("SUCCESSFUL")
  File "/home/pi/actions-runner/_work/thin-edge.io/thin-edge.io/tests/PySys/software_management_end_to_end/environment_sm_management.py", line 381, in wait_until_status
    "Timeout while waiting for status %s or %s" % (status, status2)
SystemError: Timeout while waiting for status SUCCESSFUL or False
16:34:57 WARN  SystemError: Timeout while waiting for status SUCCESSFUL or False ... blocked 
16:34:57 INFO  
16:34:57 INFO  cleanup:
16:35:02 INFO  Executed sudo&lt;tedge_disconnect_c8y&gt;, exit status 0
16:35:02 INFO  Executed systemctl&lt;serv_mapper5&gt;, exit status 3
16:35:02 INFO  
16:35:02 INFO  Test duration: 178.53 secs
16:35:02 INFO  Test final outcome:  BLOCKED
16:35:02 INFO  Test outcome reason: SystemError: Timeout while waiting for status SUCCESSFUL or False
16:35:02 INFO  
</system-out>
	</testcase>
<testcase classname="PySysTest" name="SoftwareManagement.sm_apt_install_remove_multiple_mixed">
		<failure message="BLOCKED: SystemError: Timeout while waiting for status SUCCESSFUL or False (+1 other failures)" type="BLOCKED" />
		<system-out>16:57:50 INFO  ==============================================================
16:57:50 INFO  Id:    SoftwareManagement.sm_apt_install_remove_multiple_mixed
16:57:50 INFO  Dir:   software_management_end_to_end/
16:57:50 INFO  Title: Validate end to end behaviour for the apt plugin for multiple packages with mixed versions
16:57:50 INFO  ==============================================================
16:57:50 INFO  Using sw id database: {'asciijump': '5475369', 'robotfindskitten': '5474869', 'squirrel3': '5475279', 'rolldice': '5152439', 'moon-buggy': '5439204', 'apple': '5495053', 'banana': '5494888', 'cherry': '5495382', 'watermelon': '5494510', 'registry': '8018911', 'hello-world': '8021526', 'docker/getting-started': '8021973', 'alpine': '7991792'}
16:57:50 INFO  EnvironmentC8y Setup
16:57:51 INFO  Executed systemctl&lt;serv_mapper1&gt;, exit status 3
16:57:51 INFO  Restarting mosquitto too frequently in the last 10 seconds. It was only up for 5 seconds
16:57:51 INFO  Delaying execution by 6 seconds
16:58:11 INFO  Executed sudo&lt;tedge_connect_c8y&gt;, exit status 0, duration 13 secs
16:58:11 INFO  Executed sudo&lt;tedge_connect_c8y_test&gt;, exit status 0
16:58:12 INFO  Executed systemctl&lt;serv_mosq2&gt;, exit status 0
16:58:12 INFO  Executed systemctl&lt;serv_mapper3&gt;, exit status 0
16:58:15 INFO  State of current operation: SUCCESSFUL
16:58:15 INFO  Assert that (False == value) with value=False ... passed
16:58:15 INFO  Assert that (False == value) with value=False ... passed
16:58:15 INFO  Assert that (False == value) with value=False ... passed
16:58:16 INFO  Assert that (False == value) with value=False ... passed
16:58:16 INFO  Package moon-buggy is installed
16:58:16 WARN  Assert that (False == value) with value=True ... failed 
16:58:17 INFO  Response status: 201
16:58:17 INFO  Response to action: {
    "delivery": {
        "log": [],
        "time": "2022-07-22T16:58:17.582Z",
        "status": "PENDING"
    },
    "creationTime": "2022-07-22T16:58:17.565Z",
    "deviceId": "21278192",
    "deviceName": "m32sd10d",
    "self": "https://t493319102.eu-latest.cumulocity.com/devicecontrol/operations/21301557",
    "id": "21301557",
    "status": "PENDING",
    "description": "Apply software changes, triggered from PySys: [{'action': 'install', 'id': '5475369', 'name': 'asciijump', 'url': ' ', 'version': '::apt'}, {'action': 'install', 'id': '5474869', 'name': 'robotfindskitten', 'url': ' ', 'version': ' '}, {'action': 'install', 'id': '5475279', 'name': 'squirrel3', 'url': ' ', 'version': '3.1-7::apt'}, {'action': 'install', 'id': '5152439', 'name': 'rolldice', 'url': ' ', 'version': '1.16-1+b1'}, {'action': 'install', 'id': '5439204', 'name': 'moon-buggy', 'url': ' ', 'version': '1:1.0.51-12'}, {'action': 'install', 'id': '5475369', 'name': 'asciijump', 'url': ' ', 'version': '::apt'}]",
    "c8y_SoftwareUpdate": [
        {
            "name": "asciijump",
            "action": "install",
            "id": "5475369",
            "version": "::apt",
            "url": " "
        },
        {
            "name": "robotfindskitten",
            "action": "install",
            "id": "5474869",
            "version": " ",
            "url": " "
        },
        {
            "name": "squirrel3",
            "action": "install",
            "id": "5475279",
            "version": "3.1-7::apt",
            "url": " "
        },
        {
            "name": "rolldice",
            "action": "install",
            "id": "5152439",
            "version": "1.16-1+b1",
            "url": " "
        },
        {
            "name": "moon-buggy",
            "action": "install",
            "id": "5439204",
            "version": "1:1.0.51-12",
            "url": " "
        },
        {
            "name": "asciijump",
            "action": "install",
            "id": "5475369",
            "version": "::apt",
            "url": " "
        }
    ]
}
16:58:17 INFO  Started operation: {'delivery': {'log': [], 'time': '2022-07-22T16:58:17.582Z', 'status': 'PENDING'}, 'creationTime': '2022-07-22T16:58:17.565Z', 'deviceId': '21278192', 'deviceName': 'm32sd10d', 'self': 'https://t493319102.eu-latest.cumulocity.com/devicecontrol/operations/21301557', 'id': '21301557', 'status': 'PENDING', 'description': "Apply software changes, triggered from PySys: [{'action': 'install', 'id': '5475369', 'name': 'asciijump', 'url': ' ', 'version': '::apt'}, {'action': 'install', 'id': '5474869', 'name': 'robotfindskitten', 'url': ' ', 'version': ' '}, {'action': 'install', 'id': '5475279', 'name': 'squirrel3', 'url': ' ', 'version': '3.1-7::apt'}, {'action': 'install', 'id': '5152439', 'name': 'rolldice', 'url': ' ', 'version': '1.16-1+b1'}, {'action': 'install', 'id': '5439204', 'name': 'moon-buggy', 'url': ' ', 'version': '1:1.0.51-12'}, {'action': 'install', 'id': '5475369', 'name': 'asciijump', 'url': ' ', 'version': '::apt'}]", 'c8y_SoftwareUpdate': [{'name': 'asciijump', 'action': 'install', 'id': '5475369', 'version': '::apt', 'url': ' '}, {'name': 'robotfindskitten', 'action': 'install', 'id': '5474869', 'version': ' ', 'url': ' '}, {'name': 'squirrel3', 'action': 'install', 'id': '5475279', 'version': '3.1-7::apt', 'url': ' '}, {'name': 'rolldice', 'action': 'install', 'id': '5152439', 'version': '1.16-1+b1', 'url': ' '}, {'name': 'moon-buggy', 'action': 'install', 'id': '5439204', 'version': '1:1.0.51-12', 'url': ' '}, {'name': 'asciijump', 'action': 'install', 'id': '5475369', 'version': '::apt', 'url': ' '}]}
16:58:19 INFO  State of operation 21301557 : PENDING
16:58:22 INFO  State of operation 21301557 : EXECUTING
16:58:24 INFO  State of operation 21301557 : EXECUTING
16:58:26 INFO  State of operation 21301557 : EXECUTING
16:58:28 INFO  State of operation 21301557 : EXECUTING
16:58:30 INFO  State of operation 21301557 : EXECUTING
16:58:33 INFO  State of operation 21301557 : EXECUTING
16:58:36 INFO  State of operation 21301557 : EXECUTING
16:58:39 INFO  State of operation 21301557 : EXECUTING
16:58:41 INFO  State of operation 21301557 : EXECUTING
16:58:43 INFO  State of operation 21301557 : EXECUTING
16:58:45 INFO  State of operation 21301557 : EXECUTING
16:58:48 INFO  State of operation 21301557 : EXECUTING
16:58:50 INFO  State of operation 21301557 : EXECUTING
16:58:52 INFO  State of operation 21301557 : EXECUTING
16:58:54 INFO  State of operation 21301557 : EXECUTING
16:58:57 INFO  State of operation 21301557 : EXECUTING
16:59:00 INFO  State of operation 21301557 : EXECUTING
16:59:02 INFO  State of operation 21301557 : EXECUTING
16:59:04 INFO  State of operation 21301557 : EXECUTING
16:59:06 INFO  State of operation 21301557 : EXECUTING
16:59:09 INFO  State of operation 21301557 : EXECUTING
16:59:11 INFO  State of operation 21301557 : EXECUTING
16:59:14 INFO  State of operation 21301557 : EXECUTING
16:59:16 INFO  State of operation 21301557 : EXECUTING
16:59:19 INFO  State of operation 21301557 : EXECUTING
16:59:21 INFO  State of operation 21301557 : EXECUTING
16:59:23 INFO  State of operation 21301557 : EXECUTING
16:59:25 INFO  State of operation 21301557 : EXECUTING
16:59:28 INFO  State of operation 21301557 : EXECUTING
16:59:30 INFO  State of operation 21301557 : EXECUTING
16:59:32 INFO  State of operation 21301557 : EXECUTING
16:59:34 INFO  State of operation 21301557 : EXECUTING
16:59:37 INFO  State of operation 21301557 : EXECUTING
16:59:39 INFO  State of operation 21301557 : EXECUTING
16:59:41 INFO  State of operation 21301557 : EXECUTING
16:59:43 INFO  State of operation 21301557 : EXECUTING
16:59:46 INFO  State of operation 21301557 : EXECUTING
16:59:49 INFO  State of operation 21301557 : EXECUTING
16:59:51 INFO  State of operation 21301557 : EXECUTING
16:59:54 INFO  State of operation 21301557 : EXECUTING
16:59:56 INFO  State of operation 21301557 : EXECUTING
16:59:58 INFO  State of operation 21301557 : EXECUTING
17:00:00 INFO  State of operation 21301557 : EXECUTING
17:00:03 INFO  State of operation 21301557 : EXECUTING
17:00:05 INFO  State of operation 21301557 : EXECUTING
17:00:07 INFO  State of operation 21301557 : EXECUTING
17:00:10 INFO  State of operation 21301557 : EXECUTING
17:00:12 INFO  State of operation 21301557 : EXECUTING
17:00:15 INFO  State of operation 21301557 : EXECUTING
17:00:17 INFO  State of operation 21301557 : EXECUTING
17:00:19 INFO  State of operation 21301557 : EXECUTING
17:00:21 INFO  State of operation 21301557 : EXECUTING
17:00:23 INFO  State of operation 21301557 : EXECUTING
17:00:26 INFO  State of operation 21301557 : EXECUTING
17:00:28 INFO  State of operation 21301557 : EXECUTING
17:00:31 INFO  State of operation 21301557 : EXECUTING
17:00:33 INFO  State of operation 21301557 : EXECUTING
17:00:36 INFO  State of operation 21301557 : EXECUTING
17:00:38 INFO  State of operation 21301557 : EXECUTING
17:00:40 INFO  State of operation 21301557 : EXECUTING
17:00:42 WARN  SystemError occurred while running test - Timeout while waiting for status SUCCESSFUL or False
Traceback (most recent call last):
  File "/home/pi/env-pysys/lib/python3.7/site-packages/pysys/baserunner.py", line 1294, in __call__
    self.testObj.execute()
  File "/home/pi/actions-runner/_work/thin-edge.io/thin-edge.io/tests/PySys/software_management_end_to_end/sm_apt_install_remove_multiple_mixed/run.py", line 89, in execute
    self.wait_until_succcess()
  File "/home/pi/actions-runner/_work/thin-edge.io/thin-edge.io/tests/PySys/software_management_end_to_end/environment_sm_management.py", line 324, in wait_until_succcess
    self.wait_until_status("SUCCESSFUL")
  File "/home/pi/actions-runner/_work/thin-edge.io/thin-edge.io/tests/PySys/software_management_end_to_end/environment_sm_management.py", line 381, in wait_until_status
    "Timeout while waiting for status %s or %s" % (status, status2)
SystemError: Timeout while waiting for status SUCCESSFUL or False
17:00:43 WARN  SystemError: Timeout while waiting for status SUCCESSFUL or False ... blocked 
17:00:43 INFO  
17:00:43 INFO  cleanup:
17:00:47 INFO  Executed sudo&lt;tedge_disconnect_c8y&gt;, exit status 0
17:00:47 INFO  Executed systemctl&lt;serv_mapper5&gt;, exit status 3
17:00:47 INFO  
17:00:47 INFO  Test duration: 177.16 secs
17:00:47 INFO  Test final outcome:  BLOCKED
17:00:47 INFO  Test outcome reason: SystemError: Timeout while waiting for status SUCCESSFUL or False (+1 other failures)
17:00:47 INFO  
</system-out>
	</testcase>
</testsuite><testsuite name="SoftwareManagement.sm_apt_install_remove_with_version" tests="3" errors="0" failures="0" skipped="1" time="0"><testcase classname="PySysTest" name="SoftwareManagement.sm_apt_install_remove_with_version">
		<skipped message="SKIPPED: Testing the apt plugin is not supported on this platform.Use parameter -XmyPlatform='container' to enable it" />
		<system-out>15:57:43 INFO  ==============================================================
15:57:43 INFO  Id:    SoftwareManagement.sm_apt_install_remove_with_version
15:57:43 INFO  Dir:   software_management_end_to_end/
15:57:43 INFO  Title: Validate end to end behaviour for the apt plugin for packages with version
15:57:43 INFO  ==============================================================
15:57:43 INFO  Testing the apt plugin is not supported on this platform.Use parameter -XmyPlatform='container' to enable it ... skipped
15:57:43 WARN  Aborted test due to SKIPPED outcome
15:57:43 INFO  
15:57:43 INFO  Test duration: 0.02 secs
15:57:43 INFO  Test final outcome:  SKIPPED
15:57:43 INFO  Test outcome reason: Testing the apt plugin is not supported on this platform.Use parameter -XmyPlatform='container' to enable it
15:57:43 INFO  
</system-out>
	</testcase>
<testcase classname="PySysTest" name="SoftwareManagement.sm_apt_install_remove_with_version" />
<testcase classname="PySysTest" name="SoftwareManagement.sm_apt_install_remove_with_version" />
</testsuite><testsuite name="SoftwareManagement.sm_docker_install_remove_multiple" tests="3" errors="0" failures="0" skipped="1" time="0"><testcase classname="SMDockerInstallRemove" name="SoftwareManagement.sm_docker_install_remove_multiple">
		<skipped message="SKIPPED: Testing the apt plugin is not supported on this platform.Use parameter -XmyPlatform='container' to enable it" />
		<system-out>15:57:43 INFO  ==============================================================
15:57:43 INFO  Id:    SoftwareManagement.sm_docker_install_remove_multiple
15:57:43 INFO  Dir:   software_management_end_to_end/
15:57:43 INFO  Title: Validate end to end behaviour for the docker plugin for multiple docker images with mixed versions
15:57:43 INFO  ==============================================================
15:57:43 INFO  Testing the apt plugin is not supported on this platform.Use parameter -XmyPlatform='container' to enable it ... skipped
15:57:43 WARN  Aborted test due to SKIPPED outcome
15:57:43 INFO  
15:57:43 INFO  Test duration: 0.02 secs
15:57:43 INFO  Test final outcome:  SKIPPED
15:57:43 INFO  Test outcome reason: Testing the apt plugin is not supported on this platform.Use parameter -XmyPlatform='container' to enable it
15:57:43 INFO  
</system-out>
	</testcase>
<testcase classname="SMDockerInstallRemove" name="SoftwareManagement.sm_docker_install_remove_multiple" />
<testcase classname="SMDockerInstallRemove" name="SoftwareManagement.sm_docker_install_remove_multiple" />
</testsuite><testsuite name="SoftwareManagement.sm_fake_install_remove" tests="2" errors="0" failures="0" skipped="1" time="0"><testcase classname="PySysTest" name="SoftwareManagement.sm_fake_install_remove">
		<skipped message="SKIPPED: Testing the fake plugin is not enabled.Use parameter -Xfakeplugin=fakeplugin to enable it" />
		<system-out>15:57:43 INFO  ==============================================================
15:57:43 INFO  Id:    SoftwareManagement.sm_fake_install_remove
15:57:43 INFO  Dir:   software_management_end_to_end/
15:57:43 INFO  Title: Validate end to end behaviour for the dummy plugin for installation and removal of packages
15:57:43 INFO  ==============================================================
15:57:43 INFO  Testing the fake plugin is not enabled.Use parameter -Xfakeplugin=fakeplugin to enable it ... skipped
15:57:43 WARN  Aborted test due to SKIPPED outcome
15:57:43 INFO  
15:57:43 INFO  Test duration: 0.02 secs
15:57:43 INFO  Test final outcome:  SKIPPED
15:57:43 INFO  Test outcome reason: Testing the fake plugin is not enabled.Use parameter -Xfakeplugin=fakeplugin to enable it
15:57:43 INFO  
</system-out>
	</testcase>
<testcase classname="PySysTest" name="SoftwareManagement.sm_fake_install_remove" />
</testsuite><testsuite name="SoftwareManagement.sm_fake_install_remove_multiple" tests="2" errors="0" failures="0" skipped="1" time="0"><testcase classname="PySysTest" name="SoftwareManagement.sm_fake_install_remove_multiple">
		<skipped message="SKIPPED: Testing the fake plugin is not enabled.Use parameter -Xfakeplugin=fakeplugin to enable it" />
		<system-out>15:57:44 INFO  ==============================================================
15:57:44 INFO  Id:    SoftwareManagement.sm_fake_install_remove_multiple
15:57:44 INFO  Dir:   software_management_end_to_end/
15:57:44 INFO  Title: Validate end to end behaviour for the dummy-plugin for multiple packages
15:57:44 INFO  ==============================================================
15:57:44 INFO  Testing the fake plugin is not enabled.Use parameter -Xfakeplugin=fakeplugin to enable it ... skipped
15:57:44 WARN  Aborted test due to SKIPPED outcome
15:57:44 INFO  
15:57:44 INFO  Test duration: 0.02 secs
15:57:44 INFO  Test final outcome:  SKIPPED
15:57:44 INFO  Test outcome reason: Testing the fake plugin is not enabled.Use parameter -Xfakeplugin=fakeplugin to enable it
15:57:44 INFO  
</system-out>
	</testcase>
<testcase classname="PySysTest" name="SoftwareManagement.sm_fake_install_remove_multiple" />
</testsuite><testsuite name="SoftwareManagement.sm_mapper_fail_and_reconnect" tests="2" errors="0" failures="0" skipped="2" time="0"><testcase classname="MapperC8yReceiveLastMessageOnRestart" name="SoftwareManagement.sm_mapper_fail_and_reconnect">
		<skipped message="SKIPPED: instable https://github.com/thin-edge/thin-edge.io/issues/752" />
		<system-out>15:57:44 INFO  ==============================================================
15:57:44 INFO  Id:    SoftwareManagement.sm_mapper_fail_and_reconnect
15:57:44 INFO  Dir:   software_management_end_to_end/
15:57:44 INFO  Title: Validate the tedge-mapper-sm-c8y for receiving the last message on restart
15:57:44 INFO  ==============================================================
15:57:44 INFO  instable https://github.com/thin-edge/thin-edge.io/issues/752 ... skipped
15:57:44 INFO  
15:57:44 INFO  Test duration: 0.02 secs
15:57:44 INFO  Test final outcome:  SKIPPED
15:57:44 INFO  Test outcome reason: instable https://github.com/thin-edge/thin-edge.io/issues/752
15:57:44 INFO  
</system-out>
	</testcase>
<testcase classname="MapperC8yReceiveLastMessageOnRestart" name="SoftwareManagement.sm_mapper_fail_and_reconnect">
		<skipped message="SKIPPED: instable https://github.com/thin-edge/thin-edge.io/issues/752" />
		<system-out>17:07:29 INFO  ==============================================================
17:07:29 INFO  Id:    SoftwareManagement.sm_mapper_fail_and_reconnect
17:07:29 INFO  Dir:   software_management_end_to_end/
17:07:29 INFO  Title: Validate the tedge-mapper-sm-c8y for receiving the last message on restart
17:07:29 INFO  ==============================================================
17:07:29 INFO  instable https://github.com/thin-edge/thin-edge.io/issues/752 ... skipped
17:07:29 INFO  
17:07:29 INFO  Test duration: 0.03 secs
17:07:29 INFO  Test final outcome:  SKIPPED
17:07:29 INFO  Test outcome reason: instable https://github.com/thin-edge/thin-edge.io/issues/752
17:07:29 INFO  
</system-out>
	</testcase>
</testsuite><testsuite name="SoftwareManagement.sm_mixed_install_remove_multiple" tests="2" errors="0" failures="1" skipped="1" time="0"><testcase classname="PySysTest" name="SoftwareManagement.sm_mixed_install_remove_multiple">
		<skipped message="SKIPPED: Testing the fake plugin is not enabled.Use parameter -Xfakeplugin=fakeplugin to enable it" />
		<system-out>15:57:44 INFO  ==============================================================
15:57:44 INFO  Id:    SoftwareManagement.sm_mixed_install_remove_multiple
15:57:44 INFO  Dir:   software_management_end_to_end/
15:57:44 INFO  Title: Validate end to end behaviour for the dummy-plugin for multiple packages with mixed versions
15:57:44 INFO  ==============================================================
15:57:44 INFO  Testing the fake plugin is not enabled.Use parameter -Xfakeplugin=fakeplugin to enable it ... skipped
15:57:44 WARN  Aborted test due to SKIPPED outcome
15:57:44 INFO  
15:57:44 INFO  Test duration: 0.02 secs
15:57:44 INFO  Test final outcome:  SKIPPED
15:57:44 INFO  Test outcome reason: Testing the fake plugin is not enabled.Use parameter -Xfakeplugin=fakeplugin to enable it
15:57:44 INFO  
</system-out>
	</testcase>
<testcase classname="PySysTest" name="SoftwareManagement.sm_mixed_install_remove_multiple">
[...]
15:46:12 INFO  Executed sudo&lt;rm_tmp_logs&gt;, exit status 0
15:46:13 INFO  Executed sudo&lt;send_failed&gt;, exit status 0
15:46:13 INFO  Executed sudo&lt;log_file_daemon&gt;, exit status 0
15:46:17 INFO  Executed sudo&lt;tedge_disconnect_c8y&gt;, exit status 0
15:46:17 INFO  Executed systemctl&lt;serv_mapper5&gt;, exit status 3
15:46:18 INFO  
15:46:18 INFO  Test duration: 26.47 secs
15:46:18 INFO  Test final outcome:  BLOCKED
15:46:18 INFO  Test outcome reason: TypeError: 'NoneType' object is not subscriptable
15:46:18 INFO  
</system-out>
	</testcase>
</testsuite><testsuite name="log_request_num_lines" tests="1" errors="0" failures="1" skipped="0" time="0"><testcase classname="LogRequestVerifyNumberOfLines" name="log_request_num_lines">
		<failure message="BLOCKED: TypeError: 'NoneType' object is not subscriptable" type="BLOCKED" />
		<system-out>15:46:18 INFO  ==============================================================
15:46:18 INFO  Id:    log_request_num_lines
15:46:18 INFO  Dir:   log_request_end_to_end/
15:46:18 INFO  Title: Validate end to end behaviour for the log request operation check for number of lines
15:46:18 INFO  ==============================================================
15:46:18 INFO  EnvironmentC8y Setup
15:46:18 INFO  Executed systemctl&lt;serv_mapper1&gt;, exit status 3
15:46:18 INFO  Restarting mosquitto too frequently in the last 10 seconds. It was only up for 4 seconds
15:46:18 INFO  Delaying execution by 7 seconds
15:46:39 INFO  Executed sudo&lt;tedge_connect_c8y&gt;, exit status 0, duration 14 secs
15:46:40 INFO  Executed sudo&lt;tedge_connect_c8y_test&gt;, exit status 0
15:46:40 INFO  Executed systemctl&lt;serv_mosq2&gt;, exit status 0
15:46:41 INFO  Executed systemctl&lt;serv_mapper3&gt;, exit status 0
15:46:41 INFO  Executed sudo&lt;rm_logs&gt;, exit status 0
15:46:42 INFO  Executed sudo&lt;move_logs&gt;, exit status 0
15:46:43 INFO  Executed sudo&lt;log_file_daemon&gt;, exit status 0
15:46:43 WARN  TypeError occurred while running test - 'NoneType' object is not subscriptable
Traceback (most recent call last):
  File "/home/pi/env-pysys/lib/python3.7/site-packages/pysys/baserunner.py", line 1294, in __call__
    self.testObj.execute()
  File "/home/pi/actions-runner/_work/thin-edge.io/thin-edge.io/tests/PySys/log_request_end_to_end/log_request_num_lines/run.py", line 46, in execute
    log_file_request_payload, self.project.deviceid
  File "/home/pi/actions-runner/_work/thin-edge.io/thin-edge.io/tests/PySys/environments/cumulocity.py", line 101, in trigger_log_request
    "deviceId": self.device_fragment["id"],
TypeError: 'NoneType' object is not subscriptable
15:46:43 WARN  TypeError: 'NoneType' object is not subscriptable ... blocked 
15:46:43 INFO  
15:46:43 INFO  cleanup:
15:46:44 INFO  Executed sudo&lt;rm_logs&gt;, exit status 0
15:46:44 INFO  Executed sudo&lt;rm_tmp_logs&gt;, exit status 0
15:46:45 INFO  Executed sudo&lt;send_failed&gt;, exit status 0
15:46:45 INFO  Executed sudo&lt;log_file_daemon&gt;, exit status 0
15:46:49 INFO  Executed sudo&lt;tedge_disconnect_c8y&gt;, exit status 0
15:46:50 INFO  Executed systemctl&lt;serv_mapper5&gt;, exit status 3
15:46:50 INFO  
15:46:50 INFO  Test duration: 32.18 secs
15:46:50 INFO  Test final outcome:  BLOCKED
15:46:50 INFO  Test outcome reason: TypeError: 'NoneType' object is not subscriptable
15:46:50 INFO  
</system-out>
	</testcase>
</testsuite><testsuite name="mapper_awaits_before_reconnect" tests="1" errors="0" failures="1" skipped="0" time="0"><testcase classname="MapperReconnectAwait" name="mapper_awaits_before_reconnect">
		<failure message="FAILED: Line count on tedge_mapper_journal.out for &quot;tedge_mapper::core::mapper: MQTT connection error:&quot; expected &gt;=2 but got 0" type="FAILED" />
		<system-out>16:00:44 INFO  ==============================================================
16:00:44 INFO  Id:    mapper_awaits_before_reconnect
16:00:44 INFO  Dir:   tedge_mapper_c8y/
16:00:44 INFO  Title: Validate mapper doesn't reconnect too often
16:00:44 INFO  ==============================================================
16:00:44 INFO  Started mosquitto_sub with process id 14497
16:00:44 INFO  Waiting for 0.1 seconds
16:00:45 INFO  Executed sudo&lt;tedge_mapper&gt;, exit status 0
16:00:45 INFO  Waiting for 5.0 seconds
16:00:50 INFO  Executed sudo&lt;tedge_mapper&gt;, exit status 0
16:00:53 INFO  Executed sudo&lt;tedge_mapper_journal&gt;, exit status 0
16:00:53 WARN  Grep on tedge_mapper_journal.out contains "ERROR" ... failed [run.py:67]
16:00:53 INFO  Line count on file tedge_mapper_journal.out ... passed
16:00:53 WARN  Line count on tedge_mapper_journal.out for "tedge_mapper::core::mapper: MQTT connection error:" expected &gt;=2 but got 0 ... failed [run.py:78]
16:00:53 WARN  Aborted test due to FAILED outcome
16:00:53 INFO  
16:00:53 INFO  Test duration: 9.08 secs
16:00:53 INFO  Test final outcome:  FAILED
16:00:53 INFO  Test outcome reason: Line count on tedge_mapper_journal.out for "tedge_mapper::core::mapper: MQTT connection error:" expected &gt;=2 but got 0
16:00:53 INFO  
</system-out>
	</testcase>
</testsuite><testsuite name="monitoring_smaller_interval" tests="1" errors="0" failures="1" skipped="0" time="0"><testcase classname="MonitoringSmallInterval" name="monitoring_smaller_interval">
		<failure message="BLOCKED: TypeError: 'int' object is not subscriptable" type="BLOCKED" />
		<system-out>15:47:51 INFO  ==============================================================
15:47:51 INFO  Id:    monitoring_smaller_interval
15:47:51 INFO  Dir:   monitoring/
15:47:51 INFO  Title: Validate the tedge dm agent messages that are produced with smaller sampling interval than the batching window. Here the simulated collectd messages are used
15:47:51 INFO  ==============================================================
15:47:52 INFO  Executed sudo&lt;collectd&gt;, exit status 0
15:47:52 INFO  Executed sudo&lt;collectd_mapper&gt;, exit status 0
15:47:52 INFO  Started sudo&lt;tedge_sub&gt; with process id 10634
15:47:53 INFO  Executed sudo&lt;tedge_temp&gt;, exit status 0
15:47:53 INFO  Executed sudo&lt;tedge_pres&gt;, exit status 0
15:47:54 INFO  Executed sudo&lt;tedge_temp&gt;, exit status 0
15:47:54 INFO  Executed sudo&lt;tedge_pres&gt;, exit status 0
15:47:55 INFO  Executed sudo&lt;tedge_temp&gt;, exit status 0
15:47:56 INFO  Executed sudo&lt;tedge_pres&gt;, exit status 0
15:47:56 INFO  Executed sudo&lt;tedge_temp&gt;, exit status 0
15:47:57 INFO  Executed sudo&lt;tedge_pres&gt;, exit status 0
15:47:57 INFO  Executed sudo&lt;tedge_temp&gt;, exit status 0
15:47:58 INFO  Executed sudo&lt;tedge_pres&gt;, exit status 0
15:47:58 INFO  Executed sudo&lt;tedge_temp&gt;, exit status 0
15:47:59 INFO  Executed sudo&lt;tedge_pres&gt;, exit status 0
15:48:00 INFO  Executed sudo&lt;tedge_temp&gt;, exit status 0
15:48:00 INFO  Executed sudo&lt;tedge_pres&gt;, exit status 0
15:48:01 INFO  Executed sudo&lt;tedge_temp&gt;, exit status 0
15:48:01 INFO  Executed sudo&lt;tedge_pres&gt;, exit status 0
15:48:02 INFO  Executed sudo&lt;tedge_temp&gt;, exit status 0
15:48:02 INFO  Executed sudo&lt;tedge_pres&gt;, exit status 0
15:48:03 INFO  Executed sudo&lt;tedge_temp&gt;, exit status 0
15:48:04 INFO  Executed sudo&lt;tedge_pres&gt;, exit status 0
15:48:05 INFO  Executed sudo&lt;kill_out&gt;, exit status 0
15:48:05 INFO  0

15:48:05 WARN  TypeError occurred while running test - 'int' object is not subscriptable
Traceback (most recent call last):
  File "/home/pi/env-pysys/lib/python3.7/site-packages/pysys/baserunner.py", line 1296, in __call__
    self.testObj.validate()
  File "/home/pi/actions-runner/_work/thin-edge.io/thin-edge.io/tests/PySys/monitoring/monitoring_smaller_interval/run.py", line 104, in validate
    collectd_msg_validation_result=self.validate_json(),
  File "/home/pi/actions-runner/_work/thin-edge.io/thin-edge.io/tests/PySys/monitoring/monitoring_smaller_interval/run.py", line 114, in validate_json
    if not self.validate_time():
  File "/home/pi/actions-runner/_work/thin-edge.io/thin-edge.io/tests/PySys/monitoring/monitoring_smaller_interval/run.py", line 134, in validate_time
    if self.js_msg["time"]:
TypeError: 'int' object is not subscriptable
15:48:05 WARN  TypeError: 'int' object is not subscriptable ... blocked 
15:48:05 INFO  
15:48:05 INFO  cleanup:
15:48:05 INFO  monitoring_cleanup
15:48:06 INFO  Executed sudo&lt;collectd_mapper&gt;, exit status 0
15:48:06 INFO  
15:48:06 INFO  Test duration: 14.76 secs
15:48:06 INFO  Test final outcome:  BLOCKED
15:48:06 INFO  Test outcome reason: TypeError: 'int' object is not subscriptable
15:48:06 INFO  
</system-out>
	</testcase>
</testsuite><testsuite name="monitoring_with_collectd" tests="1" errors="0" failures="0" skipped="1" time="0"><testcase classname="MonitoringWithCollectd" name="monitoring_with_collectd">
		<skipped message="SKIPPED: Test execution disabled due to #792 (instable)" />
		<system-out>15:48:06 INFO  ==============================================================
15:48:06 INFO  Id:    monitoring_with_collectd
15:48:06 INFO  Dir:   monitoring/
15:48:06 INFO  Title: Validate tedge dm agent messages that are produced by batching the collectd messages
15:48:06 INFO  ==============================================================
15:48:06 INFO  Test execution disabled due to #792 (instable) ... skipped
15:48:06 INFO  
15:48:06 INFO  Test duration: 0.02 secs
15:48:06 INFO  Test final outcome:  SKIPPED
15:48:06 INFO  Test outcome reason: Test execution disabled due to #792 (instable)
15:48:06 INFO  
</system-out>
	</testcase>
</testsuite><testsuite name="monitoring_with_simulated_messages" tests="1" errors="0" failures="1" skipped="0" time="0"><testcase classname="MonitoringWithSimulatedMessages" name="monitoring_with_simulated_messages">
		<failure message="BLOCKED: TypeError: 'int' object is not subscriptable" type="BLOCKED" />
		<system-out>15:48:06 INFO  ==============================================================
15:48:06 INFO  Id:    monitoring_with_simulated_messages
15:48:06 INFO  Dir:   monitoring/
15:48:06 INFO  Title: Validate the tedge dm agent messages that are produced from the simulated collectd messages
15:48:06 INFO  ==============================================================
15:48:06 INFO  Executed sudo&lt;collectd&gt;, exit status 0
15:48:07 INFO  Executed sudo&lt;collectd_mapper&gt;, exit status 0
15:48:07 INFO  Started sudo&lt;tedge_sub&gt; with process id 10688
15:48:08 INFO  Executed sudo&lt;tedge_temp&gt;, exit status 0
15:48:08 INFO  Executed sudo&lt;tedge_pres&gt;, exit status 0
15:48:10 INFO  Executed sudo&lt;kill_out&gt;, exit status 0
15:48:10 INFO  0

15:48:10 WARN  TypeError occurred while running test - 'int' object is not subscriptable
Traceback (most recent call last):
  File "/home/pi/env-pysys/lib/python3.7/site-packages/pysys/baserunner.py", line 1296, in __call__
    self.testObj.validate()
  File "/home/pi/actions-runner/_work/thin-edge.io/thin-edge.io/tests/PySys/monitoring/monitoring_with_simulated_messages/run.py", line 98, in validate
    collectd_msg_validation_result=self.validate_json(),
  File "/home/pi/actions-runner/_work/thin-edge.io/thin-edge.io/tests/PySys/monitoring/monitoring_with_simulated_messages/run.py", line 108, in validate_json
    if not self.validate_time():
  File "/home/pi/actions-runner/_work/thin-edge.io/thin-edge.io/tests/PySys/monitoring/monitoring_with_simulated_messages/run.py", line 127, in validate_time
    if self.js_msg["time"]:
TypeError: 'int' object is not subscriptable
15:48:10 WARN  TypeError: 'int' object is not subscriptable ... blocked 
15:48:10 INFO  
15:48:10 INFO  cleanup:
15:48:10 INFO  monitoring_cleanup
15:48:10 INFO  Executed sudo&lt;collectd_mapper&gt;, exit status 0
15:48:10 INFO  
15:48:10 INFO  Test duration: 4.38 secs
15:48:10 INFO  Test final outcome:  BLOCKED
15:48:10 INFO  Test outcome reason: TypeError: 'int' object is not subscriptable
15:48:10 INFO  
</system-out>
	</testcase>
</testsuite><testsuite name="mqtt_port_change_connection_fails" tests="1" errors="0" failures="0" skipped="0" time="0"><testcase classname="MqttPortChangeConnectionFails" name="mqtt_port_change_connection_fails" />
</testsuite><testsuite name="mqtt_port_change_connection_works" tests="1" errors="0" failures="0" skipped="1" time="0"><testcase classname="MqttPortChangeConnectionWorks" name="mqtt_port_change_connection_works">
		<skipped message="SKIPPED: failing intermitently" />
		<system-out>15:47:25 INFO  ==============================================================
15:47:25 INFO  Id:    mqtt_port_change_connection_works
15:47:25 INFO  Dir:   misc_features/
15:47:25 INFO  Title: mqtt port change connection works for all the thin-edge services that use the mosquitto broker
15:47:25 INFO  ==============================================================
15:47:25 INFO  failing intermitently ... skipped
15:47:25 INFO  
15:47:25 INFO  Test duration: 0.02 secs
15:47:25 INFO  Test final outcome:  SKIPPED
15:47:25 INFO  Test outcome reason: failing intermitently
15:47:25 INFO  
</system-out>
	</testcase>
</testsuite><testsuite name="publish_flux" tests="1" errors="0" failures="0" skipped="0" time="0"><testcase classname="PublishFlux" name="publish_flux" />
</testsuite><testsuite name="publish_sawmill" tests="1" errors="0" failures="0" skipped="0" time="0"><testcase classname="PublishSawmill" name="publish_sawmill" />
</testsuite><testsuite name="runtime_start_two_mappers" tests="1" errors="0" failures="0" skipped="0" time="0"><testcase classname="RuntimeMultiMappers" name="runtime_start_two_mappers" />
</testsuite><testsuite name="sm_tedge_mapper_init_session" tests="1" errors="0" failures="0" skipped="0" time="0"><testcase classname="TedgeSMMapperInitSession" name="sm_tedge_mapper_init_session" />
</testsuite><testsuite name="smoketest_json" tests="1" errors="0" failures="0" skipped="0" time="0"><testcase classname="SmokeTestJson" name="smoketest_json" />
</testsuite><testsuite name="smoketest_json_400_samples_10ms" tests="1" errors="0" failures="0" skipped="0" time="0"><testcase classname="SmoketestJson400Samples10ms" name="smoketest_json_400_samples_10ms" />
</testsuite><testsuite name="smoketest_json_400_samples_20ms" tests="1" errors="0" failures="0" skipped="0" time="0"><testcase classname="SmoketestJson400Samples20ms" name="smoketest_json_400_samples_20ms" />
</testsuite><testsuite name="smoketest_smartrest" tests="1" errors="0" failures="0" skipped="0" time="0"><testcase classname="SmoketestSmartRest" name="smoketest_smartrest" />
</testsuite><testsuite name="smoketest_smartrest_400_samples_1Xms" tests="1" errors="0" failures="0" skipped="0" time="0"><testcase classname="SmoketestSmartRest400Samples1Xms" name="smoketest_smartrest_400_samples_1Xms" />
</testsuite><testsuite name="smoketest_smartrest_400_samples_20ms" tests="1" errors="0" failures="0" skipped="0" time="0"><testcase classname="SmoketestSmartRest400Samples20ms" name="smoketest_smartrest_400_samples_20ms" />
</testsuite><testsuite name="tedge_agent_user_sudo_access" tests="1" errors="0" failures="0" skipped="1" time="0"><testcase classname="TedgeAgentUserSudoAccess" name="tedge_agent_user_sudo_access">
		<skipped message="SKIPPED: #955 Observation: Exit code of the apt plugin when called with no arguments" />
		<system-out>15:58:09 INFO  ==============================================================
15:58:09 INFO  Id:    tedge_agent_user_sudo_access
15:58:09 INFO  Dir:   tedge/
15:58:09 INFO  Title: Validate tedge-agent user has a limited sudo right
15:58:09 INFO  ==============================================================
15:58:09 INFO  #955 Observation: Exit code of the apt plugin when called with no arguments ... skipped
15:58:09 INFO  
15:58:09 INFO  Test duration: 0.02 secs
15:58:09 INFO  Test final outcome:  SKIPPED
15:58:09 INFO  Test outcome reason: #955 Observation: Exit code of the apt plugin when called with no arguments
15:58:09 INFO  
</system-out>
	</testcase>
</testsuite><testsuite name="tedge_connect_test_negative" tests="1" errors="0" failures="0" skipped="0" time="0"><testcase classname="TedgeConnectTestNegative" name="tedge_connect_test_negative" />
</testsuite><testsuite name="tedge_connect_test_positive" tests="1" errors="0" failures="0" skipped="0" time="0"><testcase classname="TedgeConnectTestPositive" name="tedge_connect_test_positive" />
</testsuite><testsuite name="tedge_connect_test_sm_services" tests="1" errors="0" failures="0" skipped="0" time="0"><testcase classname="TedgeConnectTestSMServices" name="tedge_connect_test_sm_services" />
</testsuite><testsuite name="tedge_disconnect_test_sm_services" tests="1" errors="0" failures="0" skipped="0" time="0"><testcase classname="TedgeDisConnectTestSMServices" name="tedge_disconnect_test_sm_services" />
</testsuite><testsuite name="tedge_mapper_az_negative" tests="1" errors="0" failures="0" skipped="0" time="0"><testcase classname="TedgeMapperAzError" name="tedge_mapper_az_negative" />
</testsuite><testsuite name="tedge_mapper_az_with_timestamp" tests="1" errors="0" failures="0" skipped="0" time="0"><testcase classname="TedgeMapperAzWithTimestamp" name="tedge_mapper_az_with_timestamp" />
</testsuite><testsuite name="tedge_mapper_az_without_timestamp" tests="1" errors="0" failures="0" skipped="0" time="0"><testcase classname="TedgeMapperAzWithoutTimestamp" name="tedge_mapper_az_without_timestamp" />
</testsuite><testsuite name="tedge_mapper_c8y_alarms" tests="1" errors="0" failures="0" skipped="0" time="0"><testcase classname="TedgeMapperC8yAlarm" name="tedge_mapper_c8y_alarms" />
</testsuite><testsuite name="tedge_mapper_c8y_child_device_measurement" tests="1" errors="0" failures="0" skipped="0" time="0"><testcase classname="TedgeMapperC8yChildDevice" name="tedge_mapper_c8y_child_device_measurement" />
</testsuite><testsuite name="tedge_mapper_c8y_packet_threshold_size" tests="1" errors="0" failures="1" skipped="0" time="0"><testcase classname="TedgeMapperC8yThresholdPacketSize" name="tedge_mapper_c8y_packet_threshold_size">
		<failure message="FAILED: Grep on tedge_sub.out contains &quot;The size of the message received on tedge/measurements is 20489 which is greater than the threshold size of 16184.&quot;" type="FAILED" />
		<system-out>16:02:29 INFO  ==============================================================
16:02:29 INFO  Id:    tedge_mapper_c8y_packet_threshold_size
16:02:29 INFO  Dir:   tedge_mapper_c8y/
16:02:29 INFO  Title: Validate the Cumulocity Mapper accepted threshold packet size when it receives a message on tedge/measurements
16:02:29 INFO  ==============================================================
16:02:29 INFO  Executed sudo&lt;tedge_mapper_c8y&gt;, exit status 0
16:02:29 INFO  Started sudo&lt;tedge_sub&gt; with process id 15097
16:02:30 INFO  Executed sudo&lt;tedge_msg&gt;, exit status 0
16:02:30 INFO  Executed sudo&lt;tedge_pub&gt;, exit status 0
16:02:31 INFO  Executed sudo&lt;kill_out&gt;, exit status 0
16:02:31 WARN  Grep on tedge_sub.out contains "The size of the message received on tedge/measurements is 20489 which is greater than the threshold size of 16184." ... failed [run.py:88]
16:02:31 INFO  
16:02:31 INFO  cleanup:
16:02:31 INFO  mapper_cleanup
16:02:32 INFO  Executed sudo&lt;tedge_mapper_c8y&gt;, exit status 0
16:02:32 INFO  
16:02:32 INFO  Test duration: 3.04 secs
16:02:32 INFO  Test final outcome:  FAILED
16:02:32 INFO  Test outcome reason: Grep on tedge_sub.out contains "The size of the message received on tedge/measurements is 20489 which is greater than the threshold size of 16184."
16:02:32 INFO  
</system-out>
	</testcase>
</testsuite><testsuite name="tedge_software_update" tests="1" errors="0" failures="0" skipped="0" time="0"><testcase classname="PySysTest" name="tedge_software_update" />
</testsuite><testsuite name="valid_device_id" tests="1" errors="0" failures="0" skipped="0" time="0"><testcase classname="ValidateValidDeviceId" name="valid_device_id" />
</testsuite></testsuites>