<?xml version='1.0' encoding='utf-8'?>
<testsuites tests="139" failures="16" errors="0" skipped="45" time="0.0"><testsuite name="SoftwareManagement.Plugin.apama_plugin_install" tests="3" errors="0" failures="0" skipped="1" time="0"><testcase classname="ApamaPluginInstallTest" name="SoftwareManagement.Plugin.apama_plugin_install">
		<skipped message="SKIPPED: Apama plugin tests are disabled by default. Execute `pysys run` with `-XmyPlatform=container` to run these tests" />
		<system-out>10:45:19 INFO  ==============================================================
10:45:19 INFO  Id:    SoftwareManagement.Plugin.apama_plugin_install
10:45:19 INFO  Dir:   plugin_apama/
10:45:19 INFO  Title: Validate apama plugin install
10:45:19 INFO  ==============================================================
10:45:19 INFO  Apama plugin tests are disabled by default. Execute `pysys run` with `-XmyPlatform=container` to run these tests ... skipped
10:45:19 WARN  Aborted test due to SKIPPED outcome
10:45:19 INFO  
10:45:19 INFO  Test duration: 0.05 secs
10:45:19 INFO  Test final outcome:  SKIPPED
10:45:19 INFO  Test outcome reason: Apama plugin tests are disabled by default. Execute `pysys run` with `-XmyPlatform=container` to run these tests
10:45:19 INFO  
</system-out>
	</testcase>
<testcase classname="ApamaPluginInstallTest" name="SoftwareManagement.Plugin.apama_plugin_install" />
<testcase classname="ApamaPluginInstallTest" name="SoftwareManagement.Plugin.apama_plugin_install" />
</testsuite><testsuite name="SoftwareManagement.Plugin.apama_plugin_mon_support" tests="3" errors="0" failures="0" skipped="1" time="0"><testcase classname="ApamaPluginMonSupportTest" name="SoftwareManagement.Plugin.apama_plugin_mon_support">
		<skipped message="SKIPPED: Apama plugin tests are disabled by default. Execute `pysys run` with `-XmyPlatform=container` to run these tests" />
		<system-out>10:45:19 INFO  ==============================================================
10:45:19 INFO  Id:    SoftwareManagement.Plugin.apama_plugin_mon_support
10:45:19 INFO  Dir:   plugin_apama/
10:45:19 INFO  Title: Validate mon file support of apama plugin
10:45:19 INFO  ==============================================================
10:45:19 INFO  Apama plugin tests are disabled by default. Execute `pysys run` with `-XmyPlatform=container` to run these tests ... skipped
10:45:19 WARN  Aborted test due to SKIPPED outcome
10:45:19 INFO  
10:45:19 INFO  Test duration: 0.02 secs
10:45:19 INFO  Test final outcome:  SKIPPED
10:45:19 INFO  Test outcome reason: Apama plugin tests are disabled by default. Execute `pysys run` with `-XmyPlatform=container` to run these tests
10:45:19 INFO  
</system-out>
	</testcase>
<testcase classname="ApamaPluginMonSupportTest" name="SoftwareManagement.Plugin.apama_plugin_mon_support" />
<testcase classname="ApamaPluginMonSupportTest" name="SoftwareManagement.Plugin.apama_plugin_mon_support" />
</testsuite><testsuite name="SoftwareManagement.Plugin.apama_plugin_remove" tests="3" errors="0" failures="0" skipped="1" time="0"><testcase classname="ApamaPluginRemoveTest" name="SoftwareManagement.Plugin.apama_plugin_remove">
		<skipped message="SKIPPED: Apama plugin tests are disabled by default. Execute `pysys run` with `-XmyPlatform=container` to run these tests" />
		<system-out>10:45:19 INFO  ==============================================================
10:45:19 INFO  Id:    SoftwareManagement.Plugin.apama_plugin_remove
10:45:19 INFO  Dir:   plugin_apama/
10:45:19 INFO  Title: Validate apama plugin remove
10:45:19 INFO  ==============================================================
10:45:19 INFO  Apama plugin tests are disabled by default. Execute `pysys run` with `-XmyPlatform=container` to run these tests ... skipped
10:45:19 WARN  Aborted test due to SKIPPED outcome
10:45:19 INFO  
10:45:19 INFO  Test duration: 0.02 secs
10:45:19 INFO  Test final outcome:  SKIPPED
10:45:19 INFO  Test outcome reason: Apama plugin tests are disabled by default. Execute `pysys run` with `-XmyPlatform=container` to run these tests
10:45:19 INFO  
</system-out>
	</testcase>
<testcase classname="ApamaPluginRemoveTest" name="SoftwareManagement.Plugin.apama_plugin_remove" />
<testcase classname="ApamaPluginRemoveTest" name="SoftwareManagement.Plugin.apama_plugin_remove" />
</testsuite><testsuite name="SoftwareManagement.Plugin.apama_plugin_update" tests="3" errors="0" failures="2" skipped="1" time="0"><testcase classname="ApamaPluginUpdateTest" name="SoftwareManagement.Plugin.apama_plugin_update">
		<skipped message="SKIPPED: Apama plugin tests are disabled by default. Execute `pysys run` with `-XmyPlatform=container` to run these tests" />
		<system-out>10:45:19 INFO  ==============================================================
10:45:19 INFO  Id:    SoftwareManagement.Plugin.apama_plugin_update
10:45:19 INFO  Dir:   plugin_apama/
10:45:19 INFO  Title: Validate apama plugin updating one project with another
10:45:19 INFO  ==============================================================
10:45:19 INFO  Apama plugin tests are disabled by default. Execute `pysys run` with `-XmyPlatform=container` to run these tests ... skipped
10:45:19 WARN  Aborted test due to SKIPPED outcome
10:45:19 INFO  
10:45:19 INFO  Test duration: 0.04 secs
10:45:19 INFO  Test final outcome:  SKIPPED
10:45:19 INFO  Test outcome reason: Apama plugin tests are disabled by default. Execute `pysys run` with `-XmyPlatform=container` to run these tests
10:45:19 INFO  
</system-out>
	</testcase>
<testcase classname="ApamaPluginUpdateTest" name="SoftwareManagement.Plugin.apama_plugin_update">
		<failure message="BLOCKED: sudo&lt;plugin_install&gt; returned non-zero exit code 2" type="BLOCKED" />
		<system-out>11:36:33 INFO  ==============================================================
11:36:33 INFO  Id:    SoftwareManagement.Plugin.apama_plugin_update
11:36:33 INFO  Dir:   plugin_apama/
11:36:33 INFO  Title: Validate apama plugin updating one project with another
11:36:33 INFO  ==============================================================
11:36:33 INFO  Assertion that path exists=False for "/etc/tedge/apama/project" ... passed
11:36:33 INFO  Executed sudo&lt;create_project_dir&gt;, exit status 0
11:36:34 INFO  Executed sudo&lt;unzip_apama_project&gt;, exit status 0
11:36:34 INFO  Executed sudo&lt;move_apama_project&gt;, exit status 0
11:36:35 INFO  Executed sudo&lt;restart_apama_service&gt;, exit status 0
11:36:36 INFO  Executed sudo&lt;apama_correlator_wait&gt;, exit status 0
11:36:36 INFO  Assertion that path exists=True for "/etc/tedge/apama/project" ... passed
11:36:37 INFO  Executed sudo&lt;apama_list_monitors&gt;, exit status 0
11:36:37 INFO  Grep on file /home/pi/actions-runner/_work/thin-edge.io/thin-edge.io/tests/PySys/plugin_apama/apama_plugin_update/Output/linux/apama_list_monitors.out ... passed
11:36:37 WARN  Executed sudo&lt;plugin_install&gt;, exit status 2
11:36:37 INFO  Contents of plugin_install.err: 
  ERROR: Directory not empty (os error 39)
  -----

11:36:38 WARN  sudo&lt;plugin_install&gt; returned non-zero exit code 2 ... blocked [run.py:35]
11:36:38 WARN  Aborted test due to BLOCKED outcome
11:36:38 INFO  
11:36:38 INFO  cleanup:
11:36:38 INFO  Removing apama project
11:36:52 INFO  Executed sudo&lt;stop_apama_service&gt;, exit status 0, duration 14 secs
11:36:53 INFO  Executed sudo&lt;remove_apama_project&gt;, exit status 0
11:36:53 INFO  Executed sudo&lt;remove_apama_tmp_dir&gt;, exit status 0
11:36:53 INFO  
11:36:53 INFO  Test duration: 20.73 secs
11:36:53 INFO  Test final outcome:  BLOCKED
11:36:53 INFO  Test outcome reason: sudo&lt;plugin_install&gt; returned non-zero exit code 2
11:36:53 INFO  
</system-out>
	</testcase>
<testcase classname="ApamaPluginUpdateTest" name="SoftwareManagement.Plugin.apama_plugin_update">
		<failure message="BLOCKED: sudo&lt;plugin_install&gt; returned non-zero exit code 2" type="BLOCKED" />
		<system-out>11:45:10 INFO  ==============================================================
11:45:10 INFO  Id:    SoftwareManagement.Plugin.apama_plugin_update
11:45:10 INFO  Dir:   plugin_apama/
11:45:10 INFO  Title: Validate apama plugin updating one project with another
11:45:10 INFO  ==============================================================
11:45:10 INFO  Assertion that path exists=False for "/etc/tedge/apama/project" ... passed
11:45:11 INFO  Executed sudo&lt;create_project_dir&gt;, exit status 0
11:45:12 INFO  Executed sudo&lt;unzip_apama_project&gt;, exit status 0
11:45:12 INFO  Executed sudo&lt;move_apama_project&gt;, exit status 0
11:45:13 INFO  Executed sudo&lt;restart_apama_service&gt;, exit status 0
11:45:14 INFO  Executed sudo&lt;apama_correlator_wait&gt;, exit status 0
11:45:14 INFO  Assertion that path exists=True for "/etc/tedge/apama/project" ... passed
11:45:15 INFO  Executed sudo&lt;apama_list_monitors&gt;, exit status 0
11:45:15 INFO  Grep on file /home/pi/actions-runner/_work/thin-edge.io/thin-edge.io/tests/PySys/plugin_apama/apama_plugin_update/Output/linux/apama_list_monitors.out ... passed
11:45:15 WARN  Executed sudo&lt;plugin_install&gt;, exit status 2
11:45:15 INFO  Contents of plugin_install.err: 
  ERROR: Directory not empty (os error 39)
  -----

11:45:16 WARN  sudo&lt;plugin_install&gt; returned non-zero exit code 2 ... blocked [run.py:35]
11:45:16 WARN  Aborted test due to BLOCKED outcome
11:45:16 INFO  
11:45:16 INFO  cleanup:
11:45:16 INFO  Removing apama project
11:45:31 INFO  Executed sudo&lt;stop_apama_service&gt;, exit status 0, duration 14 secs
11:45:31 INFO  Executed sudo&lt;remove_apama_project&gt;, exit status 0
11:45:32 INFO  Executed sudo&lt;remove_apama_tmp_dir&gt;, exit status 0
11:45:32 INFO  
11:45:32 INFO  Test duration: 21.21 secs
11:45:32 INFO  Test final outcome:  BLOCKED
11:45:32 INFO  Test outcome reason: sudo&lt;plugin_install&gt; returned non-zero exit code 2
11:45:32 INFO  
</system-out>
	</testcase>
</testsuite><testsuite name="SoftwareManagement.sm_apt_install_download_path" tests="3" errors="0" failures="2" skipped="1" time="0"><testcase classname="AptInstallWithDownloadPath" name="SoftwareManagement.sm_apt_install_download_path">
		<skipped message="SKIPPED: Testing the apt plugin is not supported on this platform.Use parameter -XmyPlatform='container' to enable it" />
		<system-out>10:54:53 INFO  ==============================================================
10:54:53 INFO  Id:    SoftwareManagement.sm_apt_install_download_path
10:54:53 INFO  Dir:   software_management_end_to_end/
10:54:53 INFO  Title: Install package to directory specified in tedge config set tmp.path
10:54:53 INFO  ==============================================================
10:54:53 INFO  Testing the apt plugin is not supported on this platform.Use parameter -XmyPlatform='container' to enable it ... skipped
10:54:53 WARN  Aborted test due to SKIPPED outcome
10:54:53 INFO  
10:54:53 INFO  Test duration: 0.07 secs
10:54:53 INFO  Test final outcome:  SKIPPED
10:54:53 INFO  Test outcome reason: Testing the apt plugin is not supported on this platform.Use parameter -XmyPlatform='container' to enable it
10:54:53 INFO  
</system-out>
	</testcase>
<testcase classname="AptInstallWithDownloadPath" name="SoftwareManagement.sm_apt_install_download_path">
		<failure message="BLOCKED: AssertionError:" type="BLOCKED" />
		<system-out>11:18:32 INFO  ==============================================================
11:18:32 INFO  Id:    SoftwareManagement.sm_apt_install_download_path
11:18:32 INFO  Dir:   software_management_end_to_end/
11:18:32 INFO  Title: Install package to directory specified in tedge config set tmp.path
11:18:32 INFO  ==============================================================
11:18:32 INFO  Using sw id database: {'asciijump': '5475369', 'robotfindskitten': '5474869', 'squirrel3': '5475279', 'rolldice': '5152439', 'moon-buggy': '5439204', 'apple': '5495053', 'banana': '5494888', 'cherry': '5495382', 'watermelon': '5494510', 'registry': '8018911', 'hello-world': '8021526', 'docker/getting-started': '8021973', 'alpine': '7991792'}
11:18:32 INFO  EnvironmentC8y Setup
11:18:33 INFO  Executed systemctl&lt;serv_mapper1&gt;, exit status 3
11:18:48 INFO  Executed sudo&lt;tedge_connect_c8y&gt;, exit status 0, duration 14 secs
11:18:49 INFO  Executed sudo&lt;tedge_connect_c8y_test&gt;, exit status 0
11:18:51 INFO  Executed systemctl&lt;serv_mosq2&gt;, exit status 0
11:18:51 INFO  Executed systemctl&lt;serv_mapper3&gt;, exit status 0
11:18:53 ERROR No operations found, assuming it passed
11:18:54 INFO  Assert that (False == value) with value=False ... passed
11:18:54 INFO  Executed sudo, exit status 0
11:18:55 INFO  Executed sudo, exit status 0
11:18:55 INFO  Executed sudo, exit status 0
11:18:59 INFO  Executed sudo&lt;tedge_disconnect_c8y&gt;, exit status 0
11:18:59 INFO  Restarting mosquitto too frequently in the last 10 seconds. It was only up for 3 seconds
11:18:59 INFO  Delaying execution by 8 seconds
11:19:21 INFO  Executed sudo&lt;tedge_connect_c8y&gt;, exit status 0, duration 13 secs
11:19:22 INFO  Response status: 201
11:19:22 INFO  Response to action: {
    "creationTime": "2022-07-20T11:19:21.966Z",
    "deviceId": "21058298",
    "deviceName": "m32sd10c",
    "self": "https://t493319102.eu-latest.cumulocity.com/devicecontrol/operations/21082269",
    "id": "21082269",
    "status": "PENDING",
    "description": "Apply software changes, triggered from PySys: [{'name': 'rolldice', 'id': '5152439', 'version': '::apt', 'url': 'https://thin-edge-io.eu-latest.cumulocity.com/inventory/binaries/12435463', 'action': 'install'}]",
    "c8y_SoftwareUpdate": [
        {
            "name": "rolldice",
            "action": "install",
            "id": "5152439",
            "version": "::apt",
            "url": "https://thin-edge-io.eu-latest.cumulocity.com/inventory/binaries/12435463"
        }
    ]
}
11:19:22 INFO  Started operation: {'creationTime': '2022-07-20T11:19:21.966Z', 'deviceId': '21058298', 'deviceName': 'm32sd10c', 'self': 'https://t493319102.eu-latest.cumulocity.com/devicecontrol/operations/21082269', 'id': '21082269', 'status': 'PENDING', 'description': "Apply software changes, triggered from PySys: [{'name': 'rolldice', 'id': '5152439', 'version': '::apt', 'url': 'https://thin-edge-io.eu-latest.cumulocity.com/inventory/binaries/12435463', 'action': 'install'}]", 'c8y_SoftwareUpdate': [{'name': 'rolldice', 'action': 'install', 'id': '5152439', 'version': '::apt', 'url': 'https://thin-edge-io.eu-latest.cumulocity.com/inventory/binaries/12435463'}]}
11:19:22 WARN  , retrying in 0.5 seconds...
11:19:22 WARN  , retrying in 0.5 seconds...
11:19:23 WARN  , retrying in 0.5 seconds...
11:19:23 WARN  , retrying in 0.5 seconds...
11:19:24 WARN  , retrying in 0.5 seconds...
11:19:24 WARN  , retrying in 0.5 seconds...
11:19:25 WARN  , retrying in 0.5 seconds...
11:19:25 WARN  , retrying in 0.5 seconds...
11:19:26 WARN  , retrying in 0.5 seconds...
11:19:26 WARN  AssertionError occurred while running test - 
Traceback (most recent call last):
  File "/home/pi/env-pysys/lib/python3.7/site-packages/pysys/baserunner.py", line 1294, in __call__
    self.testObj.execute()
  File "/home/pi/actions-runner/_work/thin-edge.io/thin-edge.io/tests/PySys/software_management_end_to_end/sm_apt_install_download_path/run.py", line 83, in execute
    assert_install_in_download_path(install_directory=self.DOWNLOAD_DIR)
  File "/home/pi/env-pysys/lib/python3.7/site-packages/decorator.py", line 232, in fun
    return caller(func, *(extras + args), **kw)
  File "/home/pi/env-pysys/lib/python3.7/site-packages/retry/api.py", line 74, in retry_decorator
    logger)
  File "/home/pi/env-pysys/lib/python3.7/site-packages/retry/api.py", line 33, in __retry_internal
    return f()
  File "/home/pi/actions-runner/_work/thin-edge.io/thin-edge.io/tests/PySys/software_management_end_to_end/sm_apt_install_download_path/run.py", line 28, in assert_install_in_download_path
    assert "rolldice" in os.listdir(f"{install_directory}")
AssertionError
11:19:27 WARN  AssertionError: ... blocked 
11:19:27 INFO  
11:19:27 INFO  cleanup:
11:19:27 INFO  Executed sudo, exit status 0
11:19:28 INFO  Executed sudo, exit status 0
11:19:32 INFO  Executed sudo&lt;tedge_disconnect_c8y&gt;, exit status 0
11:19:32 INFO  Restarting mosquitto too frequently in the last 10 seconds. It was only up for 3 seconds
11:19:32 INFO  Delaying execution by 8 seconds
11:19:54 INFO  Executed sudo&lt;tedge_connect_c8y&gt;, exit status 0, duration 14 secs
11:19:59 INFO  Executed sudo&lt;tedge_disconnect_c8y&gt;, exit status 0
11:19:59 INFO  Executed systemctl&lt;serv_mapper5&gt;, exit status 3
11:19:59 INFO  
11:19:59 INFO  Test duration: 86.94 secs
11:19:59 INFO  Test final outcome:  BLOCKED
11:19:59 INFO  Test outcome reason: AssertionError:
11:19:59 INFO  
</system-out>
	</testcase>
<testcase classname="AptInstallWithDownloadPath" name="SoftwareManagement.sm_apt_install_download_path">
		<failure message="BLOCKED: AssertionError:" type="BLOCKED" />
		<system-out>11:45:32 INFO  ==============================================================
11:45:32 INFO  Id:    SoftwareManagement.sm_apt_install_download_path
11:45:32 INFO  Dir:   software_management_end_to_end/
11:45:32 INFO  Title: Install package to directory specified in tedge config set tmp.path
11:45:32 INFO  ==============================================================
11:45:33 INFO  Using sw id database: {'asciijump': '5475369', 'robotfindskitten': '5474869', 'squirrel3': '5475279', 'rolldice': '5152439', 'moon-buggy': '5439204', 'apple': '5495053', 'banana': '5494888', 'cherry': '5495382', 'watermelon': '5494510', 'registry': '8018911', 'hello-world': '8021526', 'docker/getting-started': '8021973', 'alpine': '7991792'}
11:45:33 INFO  EnvironmentC8y Setup
11:45:33 INFO  Executed systemctl&lt;serv_mapper1&gt;, exit status 3
11:45:48 INFO  Executed sudo&lt;tedge_connect_c8y&gt;, exit status 0, duration 14 secs
11:45:49 INFO  Executed sudo&lt;tedge_connect_c8y_test&gt;, exit status 0
11:45:49 INFO  Executed systemctl&lt;serv_mosq2&gt;, exit status 0
11:45:50 INFO  Executed systemctl&lt;serv_mapper3&gt;, exit status 0
11:45:52 INFO  State of current operation: SUCCESSFUL
11:45:52 INFO  Assert that (False == value) with value=False ... passed
11:45:53 INFO  Executed sudo, exit status 0
11:45:53 INFO  Executed sudo, exit status 0
11:45:54 INFO  Executed sudo, exit status 0
11:45:58 INFO  Executed sudo&lt;tedge_disconnect_c8y&gt;, exit status 0
11:45:58 INFO  Restarting mosquitto too frequently in the last 10 seconds. It was only up for 3 seconds
11:45:58 INFO  Delaying execution by 8 seconds
11:46:20 INFO  Executed sudo&lt;tedge_connect_c8y&gt;, exit status 0, duration 13 secs
11:46:20 INFO  Response status: 201
11:46:20 INFO  Response to action: {
    "creationTime": "2022-07-20T11:46:20.296Z",
    "deviceId": "21058298",
    "deviceName": "m32sd10c",
    "self": "https://t493319102.eu-latest.cumulocity.com/devicecontrol/operations/21082455",
    "id": "21082455",
    "status": "PENDING",
    "description": "Apply software changes, triggered from PySys: [{'name': 'rolldice', 'id': '5152439', 'version': '::apt', 'url': 'https://thin-edge-io.eu-latest.cumulocity.com/inventory/binaries/12435463', 'action': 'install'}]",
    "c8y_SoftwareUpdate": [
        {
            "name": "rolldice",
            "action": "install",
            "id": "5152439",
            "version": "::apt",
            "url": "https://thin-edge-io.eu-latest.cumulocity.com/inventory/binaries/12435463"
        }
    ]
}
11:46:20 INFO  Started operation: {'creationTime': '2022-07-20T11:46:20.296Z', 'deviceId': '21058298', 'deviceName': 'm32sd10c', 'self': 'https://t493319102.eu-latest.cumulocity.com/devicecontrol/operations/21082455', 'id': '21082455', 'status': 'PENDING', 'description': "Apply software changes, triggered from PySys: [{'name': 'rolldice', 'id': '5152439', 'version': '::apt', 'url': 'https://thin-edge-io.eu-latest.cumulocity.com/inventory/binaries/12435463', 'action': 'install'}]", 'c8y_SoftwareUpdate': [{'name': 'rolldice', 'action': 'install', 'id': '5152439', 'version': '::apt', 'url': 'https://thin-edge-io.eu-latest.cumulocity.com/inventory/binaries/12435463'}]}
11:46:20 WARN  , retrying in 0.5 seconds...
11:46:20 WARN  , retrying in 0.5 seconds...
11:46:21 WARN  , retrying in 0.5 seconds...
11:46:21 WARN  , retrying in 0.5 seconds...
11:46:22 WARN  , retrying in 0.5 seconds...
11:46:22 WARN  , retrying in 0.5 seconds...
11:46:23 WARN  , retrying in 0.5 seconds...
11:46:23 WARN  , retrying in 0.5 seconds...
11:46:24 WARN  , retrying in 0.5 seconds...
11:46:25 WARN  AssertionError occurred while running test - 
Traceback (most recent call last):
  File "/home/pi/env-pysys/lib/python3.7/site-packages/pysys/baserunner.py", line 1294, in __call__
    self.testObj.execute()
  File "/home/pi/actions-runner/_work/thin-edge.io/thin-edge.io/tests/PySys/software_management_end_to_end/sm_apt_install_download_path/run.py", line 83, in execute
    assert_install_in_download_path(install_directory=self.DOWNLOAD_DIR)
  File "/home/pi/env-pysys/lib/python3.7/site-packages/decorator.py", line 232, in fun
    return caller(func, *(extras + args), **kw)
  File "/home/pi/env-pysys/lib/python3.7/site-packages/retry/api.py", line 74, in retry_decorator
    logger)
  File "/home/pi/env-pysys/lib/python3.7/site-packages/retry/api.py", line 33, in __retry_internal
    return f()
  File "/home/pi/actions-runner/_work/thin-edge.io/thin-edge.io/tests/PySys/software_management_end_to_end/sm_apt_install_download_path/run.py", line 28, in assert_install_in_download_path
    assert "rolldice" in os.listdir(f"{install_directory}")
AssertionError
11:46:25 WARN  AssertionError: ... blocked 
11:46:25 INFO  
11:46:25 INFO  cleanup:
11:46:25 INFO  Executed sudo, exit status 0
11:46:26 INFO  Executed sudo, exit status 0
11:46:30 INFO  Executed sudo&lt;tedge_disconnect_c8y&gt;, exit status 0
11:46:31 INFO  Restarting mosquitto too frequently in the last 10 seconds. It was only up for 4 seconds
11:46:31 INFO  Delaying execution by 7 seconds
11:46:52 INFO  Executed sudo&lt;tedge_connect_c8y&gt;, exit status 0, duration 14 secs
11:46:56 INFO  Executed sudo&lt;tedge_disconnect_c8y&gt;, exit status 0
11:46:56 INFO  Executed systemctl&lt;serv_mapper5&gt;, exit status 3
11:46:56 INFO  
11:46:56 INFO  Test duration: 84.73 secs
11:46:56 INFO  Test final outcome:  BLOCKED
11:46:56 INFO  Test outcome reason: AssertionError:
11:46:56 INFO  
</system-out>
	</testcase>
</testsuite><testsuite name="SoftwareManagement.sm_apt_install_fail" tests="3" errors="0" failures="0" skipped="1" time="0"><testcase classname="PySysTest" name="SoftwareManagement.sm_apt_install_fail">
		<skipped message="SKIPPED: Testing the apt plugin is not supported on this platform.Use parameter -XmyPlatform='container' to enable it" />
		<system-out>10:54:53 INFO  ==============================================================
10:54:53 INFO  Id:    SoftwareManagement.sm_apt_install_fail
10:54:53 INFO  Dir:   software_management_end_to_end/
10:54:53 INFO  Title: Validate end to end behaviour for a failing installation
10:54:53 INFO  ==============================================================
10:54:53 INFO  Testing the apt plugin is not supported on this platform.Use parameter -XmyPlatform='container' to enable it ... skipped
10:54:53 WARN  Aborted test due to SKIPPED outcome
10:54:53 INFO  
10:54:53 INFO  Test duration: 0.02 secs
10:54:53 INFO  Test final outcome:  SKIPPED
10:54:53 INFO  Test outcome reason: Testing the apt plugin is not supported on this platform.Use parameter -XmyPlatform='container' to enable it
10:54:53 INFO  
</system-out>
	</testcase>
<testcase classname="PySysTest" name="SoftwareManagement.sm_apt_install_fail" />
<testcase classname="PySysTest" name="SoftwareManagement.sm_apt_install_fail" />
</testsuite><testsuite name="SoftwareManagement.sm_apt_install_remove" tests="3" errors="0" failures="0" skipped="1" time="0"><testcase classname="PySysTest" name="SoftwareManagement.sm_apt_install_remove">
		<skipped message="SKIPPED: Testing the apt plugin is not supported on this platform.Use parameter -XmyPlatform='container' to enable it" />
		<system-out>10:54:53 INFO  ==============================================================
10:54:53 INFO  Id:    SoftwareManagement.sm_apt_install_remove
10:54:53 INFO  Dir:   software_management_end_to_end/
10:54:53 INFO  Title: Validate end to end behaviour for the apt plugin for installation and removal of packages
10:54:53 INFO  ==============================================================
10:54:53 INFO  Testing the apt plugin is not supported on this platform.Use parameter -XmyPlatform='container' to enable it ... skipped
10:54:53 WARN  Aborted test due to SKIPPED outcome
10:54:53 INFO  
10:54:53 INFO  Test duration: 0.02 secs
10:54:53 INFO  Test final outcome:  SKIPPED
10:54:53 INFO  Test outcome reason: Testing the apt plugin is not supported on this platform.Use parameter -XmyPlatform='container' to enable it
10:54:53 INFO  
</system-out>
	</testcase>
<testcase classname="PySysTest" name="SoftwareManagement.sm_apt_install_remove" />
<testcase classname="PySysTest" name="SoftwareManagement.sm_apt_install_remove" />
</testsuite><testsuite name="SoftwareManagement.sm_apt_install_remove_default" tests="3" errors="0" failures="0" skipped="1" time="0"><testcase classname="PySysTest" name="SoftwareManagement.sm_apt_install_remove_default">
		<skipped message="SKIPPED: Testing the apt plugin is not supported on this platform.Use parameter -XmyPlatform='container' to enable it" />
		<system-out>10:54:53 INFO  ==============================================================
10:54:53 INFO  Id:    SoftwareManagement.sm_apt_install_remove_default
10:54:53 INFO  Dir:   software_management_end_to_end/
10:54:53 INFO  Title: Validate end to end behaviour for the default plugin for installation and removal of packages
10:54:53 INFO  ==============================================================
10:54:53 INFO  Testing the apt plugin is not supported on this platform.Use parameter -XmyPlatform='container' to enable it ... skipped
10:54:53 WARN  Aborted test due to SKIPPED outcome
10:54:53 INFO  
10:54:53 INFO  Test duration: 0.02 secs
10:54:53 INFO  Test final outcome:  SKIPPED
10:54:53 INFO  Test outcome reason: Testing the apt plugin is not supported on this platform.Use parameter -XmyPlatform='container' to enable it
10:54:53 INFO  
</system-out>
	</testcase>
<testcase classname="PySysTest" name="SoftwareManagement.sm_apt_install_remove_default" />
<testcase classname="PySysTest" name="SoftwareManagement.sm_apt_install_remove_default" />
</testsuite><testsuite name="SoftwareManagement.sm_apt_install_remove_multiple" tests="3" errors="0" failures="2" skipped="1" time="0"><testcase classname="PySysTest" name="SoftwareManagement.sm_apt_install_remove_multiple">
		<skipped message="SKIPPED: Testing the apt plugin is not supported on this platform.Use parameter -XmyPlatform='container' to enable it" />
		<system-out>10:54:53 INFO  ==============================================================
10:54:53 INFO  Id:    SoftwareManagement.sm_apt_install_remove_multiple
10:54:53 INFO  Dir:   software_management_end_to_end/
10:54:53 INFO  Title: Validate end to end behaviour for the apt plugin for multiple packages
10:54:53 INFO  ==============================================================
10:54:53 INFO  Testing the apt plugin is not supported on this platform.Use parameter -XmyPlatform='container' to enable it ... skipped
10:54:53 WARN  Aborted test due to SKIPPED outcome
10:54:53 INFO  
10:54:53 INFO  Test duration: 0.04 secs
10:54:53 INFO  Test final outcome:  SKIPPED
10:54:53 INFO  Test outcome reason: Testing the apt plugin is not supported on this platform.Use parameter -XmyPlatform='container' to enable it
10:54:53 INFO  
</system-out>
	</testcase>
<testcase classname="PySysTest" name="SoftwareManagement.sm_apt_install_remove_multiple">
		<failure message="FAILED: Assert that (False == value) with value=True" type="FAILED" />
		<system-out>11:26:47 INFO  ==============================================================
11:26:47 INFO  Id:    SoftwareManagement.sm_apt_install_remove_multiple
11:26:47 INFO  Dir:   software_management_end_to_end/
11:26:47 INFO  Title: Validate end to end behaviour for the apt plugin for multiple packages
11:26:47 INFO  ==============================================================
11:26:47 INFO  Using sw id database: {'asciijump': '5475369', 'robotfindskitten': '5474869', 'squirrel3': '5475279', 'rolldice': '5152439', 'moon-buggy': '5439204', 'apple': '5495053', 'banana': '5494888', 'cherry': '5495382', 'watermelon': '5494510', 'registry': '8018911', 'hello-world': '8021526', 'docker/getting-started': '8021973', 'alpine': '7991792'}
11:26:47 INFO  EnvironmentC8y Setup
11:26:48 INFO  Executed systemctl&lt;serv_mapper1&gt;, exit status 3
11:26:48 INFO  Restarting mosquitto too frequently in the last 10 seconds. It was only up for 5 seconds
11:26:48 INFO  Delaying execution by 6 seconds
11:27:08 INFO  Executed sudo&lt;tedge_connect_c8y&gt;, exit status 0, duration 13 secs
11:27:08 INFO  Executed sudo&lt;tedge_connect_c8y_test&gt;, exit status 0
11:27:09 INFO  Executed systemctl&lt;serv_mosq2&gt;, exit status 0
11:27:09 INFO  Executed systemctl&lt;serv_mapper3&gt;, exit status 0
11:27:12 INFO  State of current operation: SUCCESSFUL
11:27:12 INFO  Assert that (False == value) with value=False ... passed
11:27:12 INFO  Assert that (False == value) with value=False ... passed
11:27:12 INFO  Assert that (False == value) with value=False ... passed
11:27:13 INFO  Package robotfindskitten is installed
11:27:13 WARN  Assert that (False == value) with value=True ... failed 
11:27:13 INFO  Response status: 201
11:27:13 INFO  Response to action: {
    "creationTime": "2022-07-20T11:27:13.279Z",
    "deviceId": "21058298",
    "deviceName": "m32sd10c",
    "self": "https://t493319102.eu-latest.cumulocity.com/devicecontrol/operations/21082341",
    "id": "21082341",
    "status": "PENDING",
    "description": "Apply software changes, triggered from PySys: [{'action': 'install', 'id': '5475369', 'name': 'asciijump', 'url': ' ', 'version': '::apt'}, {'action': 'install', 'id': '5474869', 'name': 'robotfindskitten', 'url': ' ', 'version': '::apt'}, {'action': 'install', 'id': '5475279', 'name': 'squirrel3', 'url': ' ', 'version': '::apt'}]",
    "c8y_SoftwareUpdate": [
        {
            "name": "asciijump",
            "action": "install",
            "id": "5475369",
            "version": "::apt",
            "url": " "
        },
        {
            "name": "robotfindskitten",
            "action": "install",
            "id": "5474869",
            "version": "::apt",
            "url": " "
        },
        {
            "name": "squirrel3",
            "action": "install",
            "id": "5475279",
            "version": "::apt",
            "url": " "
        }
    ]
}
11:27:13 INFO  Started operation: {'creationTime': '2022-07-20T11:27:13.279Z', 'deviceId': '21058298', 'deviceName': 'm32sd10c', 'self': 'https://t493319102.eu-latest.cumulocity.com/devicecontrol/operations/21082341', 'id': '21082341', 'status': 'PENDING', 'description': "Apply software changes, triggered from PySys: [{'action': 'install', 'id': '5475369', 'name': 'asciijump', 'url': ' ', 'version': '::apt'}, {'action': 'install', 'id': '5474869', 'name': 'robotfindskitten', 'url': ' ', 'version': '::apt'}, {'action': 'install', 'id': '5475279', 'name': 'squirrel3', 'url': ' ', 'version': '::apt'}]", 'c8y_SoftwareUpdate': [{'name': 'asciijump', 'action': 'install', 'id': '5475369', 'version': '::apt', 'url': ' '}, {'name': 'robotfindskitten', 'action': 'install', 'id': '5474869', 'version': '::apt', 'url': ' '}, {'name': 'squirrel3', 'action': 'install', 'id': '5475279', 'version': '::apt', 'url': ' '}]}
11:27:15 INFO  State of operation 21082341 : PENDING
11:27:17 INFO  State of operation 21082341 : EXECUTING
11:27:20 INFO  State of operation 21082341 : EXECUTING
11:27:22 INFO  State of operation 21082341 : EXECUTING
11:27:24 INFO  State of operation 21082341 : EXECUTING
11:27:26 INFO  State of operation 21082341 : EXECUTING
11:27:29 INFO  State of operation 21082341 : EXECUTING
11:27:32 INFO  State of operation 21082341 : EXECUTING
11:27:34 INFO  State of operation 21082341 : EXECUTING
11:27:36 INFO  State of operation 21082341 : EXECUTING
11:27:39 INFO  State of operation 21082341 : EXECUTING
11:27:41 INFO  State of operation 21082341 : EXECUTING
11:27:43 INFO  State of operation 21082341 : EXECUTING
11:27:45 INFO  State of operation 21082341 : EXECUTING
11:27:48 INFO  State of operation 21082341 : EXECUTING
11:27:50 INFO  State of operation 21082341 : EXECUTING
11:27:52 INFO  State of operation 21082341 : EXECUTING
11:27:55 INFO  State of operation 21082341 : EXECUTING
11:27:57 INFO  State of operation 21082341 : EXECUTING
11:28:00 INFO  State of operation 21082341 : EXECUTING
11:28:02 INFO  State of operation 21082341 : EXECUTING
11:28:05 INFO  State of operation 21082341 : EXECUTING
11:28:07 INFO  State of operation 21082341 : EXECUTING
11:28:10 INFO  State of operation 21082341 : EXECUTING
11:28:12 INFO  State of operation 21082341 : EXECUTING
11:28:14 INFO  State of operation 21082341 : EXECUTING
11:28:16 INFO  State of operation 21082341 : EXECUTING
11:28:19 INFO  State of operation 21082341 : EXECUTING
11:28:21 INFO  State of operation 21082341 : EXECUTING
11:28:23 INFO  State of operation 21082341 : EXECUTING
11:28:26 INFO  State of operation 21082341 : EXECUTING
11:28:28 INFO  State of operation 21082341 : EXECUTING
11:28:30 INFO  State of operation 21082341 : EXECUTING
11:28:32 INFO  State of operation 21082341 : EXECUTING
11:28:34 INFO  State of operation 21082341 : SUCCESSFUL
11:28:35 INFO  Assert that (False == value) with value=False ... passed
11:28:35 INFO  Package asciijump is installed
11:28:35 INFO  Assert that (True == value) with value=True ... passed
11:28:35 INFO  Package squirrel3 is installed
11:28:35 INFO  Assert that (True == value) with value=True ... passed
11:28:35 INFO  Package robotfindskitten is installed
11:28:35 INFO  Assert that (True == value) with value=True ... passed
11:28:36 INFO  Response status: 201
11:28:36 INFO  Response to action: {
    "creationTime": "2022-07-20T11:28:36.075Z",
    "deviceId": "21058298",
    "deviceName": "m32sd10c",
    "self": "https://t493319102.eu-latest.cumulocity.com/devicecontrol/operations/21082356",
    "id": "21082356",
    "status": "PENDING",
    "description": "Apply software changes, triggered from PySys: [{'action': 'delete', 'id': '5475369', 'name': 'asciijump', 'url': ' ', 'version': '::apt'}, {'action': 'delete', 'id': '5474869', 'name': 'robotfindskitten', 'url': ' ', 'version': '::apt'}, {'action': 'delete', 'id': '5475279', 'name': 'squirrel3', 'url': ' ', 'version': '::apt'}]",
    "c8y_SoftwareUpdate": [
        {
            "name": "asciijump",
            "action": "delete",
            "id": "5475369",
            "version": "::apt",
            "url": " "
        },
        {
            "name": "robotfindskitten",
            "action": "delete",
            "id": "5474869",
            "version": "::apt",
            "url": " "
        },
        {
            "name": "squirrel3",
            "action": "delete",
            "id": "5475279",
            "version": "::apt",
            "url": " "
        }
    ]
}
11:28:36 INFO  Started operation: {'creationTime': '2022-07-20T11:28:36.075Z', 'deviceId': '21058298', 'deviceName': 'm32sd10c', 'self': 'https://t493319102.eu-latest.cumulocity.com/devicecontrol/operations/21082356', 'id': '21082356', 'status': 'PENDING', 'description': "Apply software changes, triggered from PySys: [{'action': 'delete', 'id': '5475369', 'name': 'asciijump', 'url': ' ', 'version': '::apt'}, {'action': 'delete', 'id': '5474869', 'name': 'robotfindskitten', 'url': ' ', 'version': '::apt'}, {'action': 'delete', 'id': '5475279', 'name': 'squirrel3', 'url': ' ', 'version': '::apt'}]", 'c8y_SoftwareUpdate': [{'name': 'asciijump', 'action': 'delete', 'id': '5475369', 'version': '::apt', 'url': ' '}, {'name': 'robotfindskitten', 'action': 'delete', 'id': '5474869', 'version': '::apt', 'url': ' '}, {'name': 'squirrel3', 'action': 'delete', 'id': '5475279', 'version': '::apt', 'url': ' '}]}
11:28:38 INFO  State of operation 21082356 : PENDING
11:28:40 INFO  State of operation 21082356 : EXECUTING
11:28:42 INFO  State of operation 21082356 : EXECUTING
11:28:45 INFO  State of operation 21082356 : EXECUTING
11:28:47 INFO  State of operation 21082356 : EXECUTING
11:28:49 INFO  State of operation 21082356 : EXECUTING
11:28:52 INFO  State of operation 21082356 : EXECUTING
11:28:55 INFO  State of operation 21082356 : EXECUTING
11:28:57 INFO  State of operation 21082356 : EXECUTING
11:28:59 INFO  State of operation 21082356 : EXECUTING
11:29:01 INFO  State of operation 21082356 : EXECUTING
11:29:04 INFO  State of operation 21082356 : EXECUTING
11:29:06 INFO  State of operation 21082356 : EXECUTING
11:29:08 INFO  State of operation 21082356 : EXECUTING
11:29:10 INFO  State of operation 21082356 : EXECUTING
11:29:13 INFO  State of operation 21082356 : EXECUTING
11:29:15 INFO  State of operation 21082356 : EXECUTING
11:29:17 INFO  State of operation 21082356 : EXECUTING
11:29:20 INFO  State of operation 21082356 : EXECUTING
11:29:22 INFO  State of operation 21082356 : EXECUTING
11:29:24 INFO  State of operation 21082356 : EXECUTING
11:29:27 INFO  State of operation 21082356 : EXECUTING
11:29:29 INFO  State of operation 21082356 : EXECUTING
11:29:31 INFO  State of operation 21082356 : EXECUTING
11:29:34 INFO  State of operation 21082356 : EXECUTING
11:29:36 INFO  State of operation 21082356 : EXECUTING
11:29:38 INFO  State of operation 21082356 : EXECUTING
11:29:41 INFO  State of operation 21082356 : EXECUTING
11:29:43 INFO  State of operation 21082356 : SUCCESSFUL
11:29:43 INFO  Assert that (False == value) with value=False ... passed
11:29:43 INFO  Assert that (False == value) with value=False ... passed
11:29:44 INFO  Assert that (False == value) with value=False ... passed
11:29:44 INFO  Assert that (False == value) with value=False ... passed
11:29:44 INFO  
11:29:44 INFO  cleanup:
11:29:48 INFO  Executed sudo&lt;tedge_disconnect_c8y&gt;, exit status 0
11:29:48 INFO  Executed systemctl&lt;serv_mapper5&gt;, exit status 3
11:29:48 INFO  
11:29:48 INFO  Test duration: 181.19 secs
11:29:48 INFO  Test final outcome:  FAILED
11:29:48 INFO  Test outcome reason: Assert that (False == value) with value=True
11:29:48 INFO  
</system-out>
	</testcase>
<testcase classname="PySysTest" name="SoftwareManagement.sm_apt_install_remove_multiple">
		<failure message="FAILED: Assert that (False == value) with value=True (+2 other failures)" type="FAILED" />
		<system-out>11:53:26 INFO  ==============================================================
11:53:26 INFO  Id:    SoftwareManagement.sm_apt_install_remove_multiple
11:53:26 INFO  Dir:   software_management_end_to_end/
11:53:26 INFO  Title: Validate end to end behaviour for the apt plugin for multiple packages
11:53:26 INFO  ==============================================================
11:53:26 INFO  Using sw id database: {'asciijump': '5475369', 'robotfindskitten': '5474869', 'squirrel3': '5475279', 'rolldice': '5152439', 'moon-buggy': '5439204', 'apple': '5495053', 'banana': '5494888', 'cherry': '5495382', 'watermelon': '5494510', 'registry': '8018911', 'hello-world': '8021526', 'docker/getting-started': '8021973', 'alpine': '7991792'}
11:53:26 INFO  EnvironmentC8y Setup
11:53:27 INFO  Executed systemctl&lt;serv_mapper1&gt;, exit status 3
11:53:27 INFO  Restarting mosquitto too frequently in the last 10 seconds. It was only up for 5 seconds
11:53:27 INFO  Delaying execution by 6 seconds
11:53:47 INFO  Executed sudo&lt;tedge_connect_c8y&gt;, exit status 0, duration 13 secs
11:53:48 INFO  Executed sudo&lt;tedge_connect_c8y_test&gt;, exit status 0
11:53:48 INFO  Executed systemctl&lt;serv_mosq2&gt;, exit status 0
11:53:48 INFO  Executed systemctl&lt;serv_mapper3&gt;, exit status 0
11:53:51 INFO  State of current operation: SUCCESSFUL
11:53:51 INFO  Assert that (False == value) with value=False ... passed
11:53:51 INFO  Package asciijump is installed
11:53:52 WARN  Assert that (False == value) with value=True ... failed 
11:53:52 INFO  Package squirrel3 is installed
11:53:52 WARN  Assert that (False == value) with value=True ... failed 
11:53:52 INFO  Package robotfindskitten is installed
11:53:52 WARN  Assert that (False == value) with value=True ... failed 
11:53:52 INFO  Response status: 201
11:53:52 INFO  Response to action: {
    "creationTime": "2022-07-20T11:53:52.744Z",
    "deviceId": "21058298",
    "deviceName": "m32sd10c",
    "self": "https://t493319102.eu-latest.cumulocity.com/devicecontrol/operations/21082508",
    "id": "21082508",
    "status": "PENDING",
    "description": "Apply software changes, triggered from PySys: [{'action': 'install', 'id': '5475369', 'name': 'asciijump', 'url': ' ', 'version': '::apt'}, {'action': 'install', 'id': '5474869', 'name': 'robotfindskitten', 'url': ' ', 'version': '::apt'}, {'action': 'install', 'id': '5475279', 'name': 'squirrel3', 'url': ' ', 'version': '::apt'}]",
    "c8y_SoftwareUpdate": [
        {
            "name": "asciijump",
            "action": "install",
            "id": "5475369",
            "version": "::apt",
            "url": " "
        },
        {
            "name": "robotfindskitten",
            "action": "install",
            "id": "5474869",
            "version": "::apt",
            "url": " "
        },
        {
            "name": "squirrel3",
            "action": "install",
            "id": "5475279",
            "version": "::apt",
            "url": " "
        }
    ]
}
11:53:52 INFO  Started operation: {'creationTime': '2022-07-20T11:53:52.744Z', 'deviceId': '21058298', 'deviceName': 'm32sd10c', 'self': 'https://t493319102.eu-latest.cumulocity.com/devicecontrol/operations/21082508', 'id': '21082508', 'status': 'PENDING', 'description': "Apply software changes, triggered from PySys: [{'action': 'install', 'id': '5475369', 'name': 'asciijump', 'url': ' ', 'version': '::apt'}, {'action': 'install', 'id': '5474869', 'name': 'robotfindskitten', 'url': ' ', 'version': '::apt'}, {'action': 'install', 'id': '5475279', 'name': 'squirrel3', 'url': ' ', 'version': '::apt'}]", 'c8y_SoftwareUpdate': [{'name': 'asciijump', 'action': 'install', 'id': '5475369', 'version': '::apt', 'url': ' '}, {'name': 'robotfindskitten', 'action': 'install', 'id': '5474869', 'version': '::apt', 'url': ' '}, {'name': 'squirrel3', 'action': 'install', 'id': '5475279', 'version': '::apt', 'url': ' '}]}
11:53:55 INFO  State of operation 21082508 : PENDING
11:53:57 INFO  State of operation 21082508 : EXECUTING
11:53:59 INFO  State of operation 21082508 : EXECUTING
11:54:01 INFO  State of operation 21082508 : EXECUTING
11:54:03 INFO  State of operation 21082508 : EXECUTING
11:54:06 INFO  State of operation 21082508 : EXECUTING
11:54:08 INFO  State of operation 21082508 : EXECUTING
11:54:11 INFO  State of operation 21082508 : EXECUTING
11:54:14 INFO  State of operation 21082508 : EXECUTING
11:54:16 INFO  State of operation 21082508 : EXECUTING
11:54:18 INFO  State of operation 21082508 : EXECUTING
11:54:20 INFO  State of operation 21082508 : EXECUTING
11:54:23 INFO  State of operation 21082508 : EXECUTING
11:54:25 INFO  State of operation 21082508 : EXECUTING
11:54:27 INFO  State of operation 21082508 : EXECUTING
11:54:29 INFO  State of operation 21082508 : SUCCESSFUL
11:54:30 INFO  Assert that (False == value) with value=False ... passed
11:54:30 INFO  Package asciijump is installed
11:54:30 INFO  Assert that (True == value) with value=True ... passed
11:54:30 INFO  Package squirrel3 is installed
11:54:30 INFO  Assert that (True == value) with value=True ... passed
11:54:30 INFO  Package robotfindskitten is installed
11:54:30 INFO  Assert that (True == value) with value=True ... passed
11:54:30 INFO  Response status: 201
11:54:30 INFO  Response to action: {
    "creationTime": "2022-07-20T11:54:30.896Z",
    "deviceId": "21058298",
    "deviceName": "m32sd10c",
    "self": "https://t493319102.eu-latest.cumulocity.com/devicecontrol/operations/21082516",
    "id": "21082516",
    "status": "PENDING",
    "description": "Apply software changes, triggered from PySys: [{'action': 'delete', 'id': '5475369', 'name': 'asciijump', 'url': ' ', 'version': '::apt'}, {'action': 'delete', 'id': '5474869', 'name': 'robotfindskitten', 'url': ' ', 'version': '::apt'}, {'action': 'delete', 'id': '5475279', 'name': 'squirrel3', 'url': ' ', 'version': '::apt'}]",
    "c8y_SoftwareUpdate": [
        {
            "name": "asciijump",
            "action": "delete",
            "id": "5475369",
            "version": "::apt",
            "url": " "
        },
        {
            "name": "robotfindskitten",
            "action": "delete",
            "id": "5474869",
            "version": "::apt",
            "url": " "
        },
        {
            "name": "squirrel3",
            "action": "delete",
            "id": "5475279",
            "version": "::apt",
            "url": " "
        }
    ]
}
11:54:30 INFO  Started operation: {'creationTime': '2022-07-20T11:54:30.896Z', 'deviceId': '21058298', 'deviceName': 'm32sd10c', 'self': 'https://t493319102.eu-latest.cumulocity.com/devicecontrol/operations/21082516', 'id': '21082516', 'status': 'PENDING', 'description': "Apply software changes, triggered from PySys: [{'action': 'delete', 'id': '5475369', 'name': 'asciijump', 'url': ' ', 'version': '::apt'}, {'action': 'delete', 'id': '5474869', 'name': 'robotfindskitten', 'url': ' ', 'version': '::apt'}, {'action': 'delete', 'id': '5475279', 'name': 'squirrel3', 'url': ' ', 'version': '::apt'}]", 'c8y_SoftwareUpdate': [{'name': 'asciijump', 'action': 'delete', 'id': '5475369', 'version': '::apt', 'url': ' '}, {'name': 'robotfindskitten', 'action': 'delete', 'id': '5474869', 'version': '::apt', 'url': ' '}, {'name': 'squirrel3', 'action': 'delete', 'id': '5475279', 'version': '::apt', 'url': ' '}]}
11:54:33 INFO  State of operation 21082516 : PENDING
11:54:35 INFO  State of operation 21082516 : EXECUTING
11:54:37 INFO  State of operation 21082516 : EXECUTING
11:54:39 INFO  State of operation 21082516 : EXECUTING
11:54:42 INFO  State of operation 21082516 : EXECUTING
11:54:44 INFO  State of operation 21082516 : EXECUTING
11:54:47 INFO  State of operation 21082516 : EXECUTING
11:54:50 INFO  State of operation 21082516 : EXECUTING
11:54:52 INFO  State of operation 21082516 : EXECUTING
11:54:54 INFO  State of operation 21082516 : EXECUTING
11:54:57 INFO  State of operation 21082516 : EXECUTING
11:54:59 INFO  State of operation 21082516 : EXECUTING
11:55:01 INFO  State of operation 21082516 : EXECUTING
11:55:03 INFO  State of operation 21082516 : EXECUTING
11:55:06 INFO  State of operation 21082516 : EXECUTING
11:55:08 INFO  State of operation 21082516 : EXECUTING
11:55:10 INFO  State of operation 21082516 : EXECUTING
11:55:13 INFO  State of operation 21082516 : EXECUTING
11:55:15 INFO  State of operation 21082516 : EXECUTING
11:55:17 INFO  State of operation 21082516 : EXECUTING
11:55:20 INFO  State of operation 21082516 : EXECUTING
11:55:22 INFO  State of operation 21082516 : EXECUTING
11:55:24 INFO  State of operation 21082516 : EXECUTING
11:55:26 INFO  State of operation 21082516 : EXECUTING
11:55:29 INFO  State of operation 21082516 : EXECUTING
11:55:31 INFO  State of operation 21082516 : EXECUTING
11:55:34 INFO  State of operation 21082516 : EXECUTING
11:55:36 INFO  State of operation 21082516 : EXECUTING
11:55:39 INFO  State of operation 21082516 : SUCCESSFUL
11:55:39 INFO  Assert that (False == value) with value=False ... passed
11:55:39 INFO  Assert that (False == value) with value=False ... passed
11:55:39 INFO  Assert that (False == value) with value=False ... passed
11:55:40 INFO  Assert that (False == value) with value=False ... passed
11:55:40 INFO  
11:55:40 INFO  cleanup:
11:55:44 INFO  Executed sudo&lt;tedge_disconnect_c8y&gt;, exit status 0
11:55:44 INFO  Executed systemctl&lt;serv_mapper5&gt;, exit status 3
11:55:44 INFO  
11:55:44 INFO  Test duration: 138.15 secs
11:55:44 INFO  Test final outcome:  FAILED
11:55:44 INFO  Test outcome reason: Assert that (False == value) with value=True (+2 other failures)
11:55:44 INFO  
</system-out>
	</testcase>
</testsuite><testsuite name="SoftwareManagement.sm_apt_install_remove_multiple_mixed" tests="3" errors="0" failures="2" skipped="1" time="0"><testcase classname="PySysTest" name="SoftwareManagement.sm_apt_install_remove_multiple_mixed">
		<skipped message="SKIPPED: Testing the apt plugin is not supported on this platform.Use parameter -XmyPlatform='container' to enable it" />
		<system-out>10:54:53 INFO  ==============================================================
10:54:53 INFO  Id:    SoftwareManagement.sm_apt_install_remove_multiple_mixed
10:54:53 INFO  Dir:   software_management_end_to_end/
10:54:53 INFO  Title: Validate end to end behaviour for the apt plugin for multiple packages with mixed versions
10:54:53 INFO  ==============================================================
10:54:53 INFO  Testing the apt plugin is not supported on this platform.Use parameter -XmyPlatform='container' to enable it ... skipped
10:54:53 WARN  Aborted test due to SKIPPED outcome
10:54:53 INFO  
10:54:53 INFO  Test duration: 0.02 secs
10:54:53 INFO  Test final outcome:  SKIPPED
10:54:53 INFO  Test outcome reason: Testing the apt plugin is not supported on this platform.Use parameter -XmyPlatform='container' to enable it
10:54:53 INFO  
</system-out>
	</testcase>
<testcase classname="PySysTest" name="SoftwareManagement.sm_apt_install_remove_multiple_mixed">
		<failure message="BLOCKED: SystemError: Timeout while waiting for status SUCCESSFUL or False" type="BLOCKED" />
		<system-out>11:29:49 INFO  ==============================================================
11:29:49 INFO  Id:    SoftwareManagement.sm_apt_install_remove_multiple_mixed
11:29:49 INFO  Dir:   software_management_end_to_end/
11:29:49 INFO  Title: Validate end to end behaviour for the apt plugin for multiple packages with mixed versions
11:29:49 INFO  ==============================================================
11:29:49 INFO  Using sw id database: {'asciijump': '5475369', 'robotfindskitten': '5474869', 'squirrel3': '5475279', 'rolldice': '5152439', 'moon-buggy': '5439204', 'apple': '5495053', 'banana': '5494888', 'cherry': '5495382', 'watermelon': '5494510', 'registry': '8018911', 'hello-world': '8021526', 'docker/getting-started': '8021973', 'alpine': '7991792'}
11:29:49 INFO  EnvironmentC8y Setup
11:29:49 INFO  Executed systemctl&lt;serv_mapper1&gt;, exit status 3
11:29:49 INFO  Restarting mosquitto too frequently in the last 10 seconds. It was only up for 5 seconds
11:29:49 INFO  Delaying execution by 6 seconds
11:30:09 INFO  Executed sudo&lt;tedge_connect_c8y&gt;, exit status 0, duration 13 secs
11:30:10 INFO  Executed sudo&lt;tedge_connect_c8y_test&gt;, exit status 0
11:30:10 INFO  Executed systemctl&lt;serv_mosq2&gt;, exit status 0
11:30:11 INFO  Executed systemctl&lt;serv_mapper3&gt;, exit status 0
11:30:13 INFO  State of current operation: SUCCESSFUL
11:30:13 INFO  Assert that (False == value) with value=False ... passed
11:30:13 INFO  Assert that (False == value) with value=False ... passed
11:30:14 INFO  Assert that (False == value) with value=False ... passed
11:30:14 INFO  Assert that (False == value) with value=False ... passed
11:30:14 INFO  Assert that (False == value) with value=False ... passed
11:30:15 INFO  Response status: 201
11:30:15 INFO  Response to action: {
    "creationTime": "2022-07-20T11:30:15.796Z",
    "deviceId": "21058298",
    "deviceName": "m32sd10c",
    "self": "https://t493319102.eu-latest.cumulocity.com/devicecontrol/operations/21082373",
    "id": "21082373",
    "status": "PENDING",
    "description": "Apply software changes, triggered from PySys: [{'action': 'install', 'id': '5475369', 'name': 'asciijump', 'url': ' ', 'version': '::apt'}, {'action': 'install', 'id': '5474869', 'name': 'robotfindskitten', 'url': ' ', 'version': ' '}, {'action': 'install', 'id': '5475279', 'name': 'squirrel3', 'url': ' ', 'version': '3.1-7::apt'}, {'action': 'install', 'id': '5152439', 'name': 'rolldice', 'url': ' ', 'version': '1.16-1+b1'}, {'action': 'install', 'id': '5439204', 'name': 'moon-buggy', 'url': ' ', 'version': '1:1.0.51-12'}, {'action': 'install', 'id': '5475369', 'name': 'asciijump', 'url': ' ', 'version': '::apt'}]",
    "c8y_SoftwareUpdate": [
        {
            "name": "asciijump",
            "action": "install",
            "id": "5475369",
            "version": "::apt",
            "url": " "
        },
        {
            "name": "robotfindskitten",
            "action": "install",
            "id": "5474869",
            "version": " ",
            "url": " "
        },
        {
            "name": "squirrel3",
            "action": "install",
            "id": "5475279",
            "version": "3.1-7::apt",
            "url": " "
        },
        {
            "name": "rolldice",
            "action": "install",
            "id": "5152439",
            "version": "1.16-1+b1",
            "url": " "
        },
        {
            "name": "moon-buggy",
            "action": "install",
            "id": "5439204",
            "version": "1:1.0.51-12",
            "url": " "
        },
        {
            "name": "asciijump",
            "action": "install",
            "id": "5475369",
            "version": "::apt",
            "url": " "
        }
    ]
}
11:30:15 INFO  Started operation: {'creationTime': '2022-07-20T11:30:15.796Z', 'deviceId': '21058298', 'deviceName': 'm32sd10c', 'self': 'https://t493319102.eu-latest.cumulocity.com/devicecontrol/operations/21082373', 'id': '21082373', 'status': 'PENDING', 'description': "Apply software changes, triggered from PySys: [{'action': 'install', 'id': '5475369', 'name': 'asciijump', 'url': ' ', 'version': '::apt'}, {'action': 'install', 'id': '5474869', 'name': 'robotfindskitten', 'url': ' ', 'version': ' '}, {'action': 'install', 'id': '5475279', 'name': 'squirrel3', 'url': ' ', 'version': '3.1-7::apt'}, {'action': 'install', 'id': '5152439', 'name': 'rolldice', 'url': ' ', 'version': '1.16-1+b1'}, {'action': 'install', 'id': '5439204', 'name': 'moon-buggy', 'url': ' ', 'version': '1:1.0.51-12'}, {'action': 'install', 'id': '5475369', 'name': 'asciijump', 'url': ' ', 'version': '::apt'}]", 'c8y_SoftwareUpdate': [{'name': 'asciijump', 'action': 'install', 'id': '5475369', 'version': '::apt', 'url': ' '}, {'name': 'robotfindskitten', 'action': 'install', 'id': '5474869', 'version': ' ', 'url': ' '}, {'name': 'squirrel3', 'action': 'install', 'id': '5475279', 'version': '3.1-7::apt', 'url': ' '}, {'name': 'rolldice', 'action': 'install', 'id': '5152439', 'version': '1.16-1+b1', 'url': ' '}, {'name': 'moon-buggy', 'action': 'install', 'id': '5439204', 'version': '1:1.0.51-12', 'url': ' '}, {'name': 'asciijump', 'action': 'install', 'id': '5475369', 'version': '::apt', 'url': ' '}]}
11:30:18 INFO  State of operation 21082373 : PENDING
11:30:20 INFO  State of operation 21082373 : EXECUTING
11:30:22 INFO  State of operation 21082373 : EXECUTING
11:30:24 INFO  State of operation 21082373 : EXECUTING
11:30:27 INFO  State of operation 21082373 : EXECUTING
11:30:29 INFO  State of operation 21082373 : EXECUTING
11:30:32 INFO  State of operation 21082373 : EXECUTING
11:30:35 INFO  State of operation 21082373 : EXECUTING
11:30:37 INFO  State of operation 21082373 : EXECUTING
11:30:40 INFO  State of operation 21082373 : EXECUTING
11:30:42 INFO  State of operation 21082373 : EXECUTING
11:30:44 INFO  State of operation 21082373 : EXECUTING
11:30:46 INFO  State of operation 21082373 : EXECUTING
11:30:49 INFO  State of operation 21082373 : EXECUTING
11:30:51 INFO  State of operation 21082373 : EXECUTING
11:30:53 INFO  State of operation 21082373 : EXECUTING
11:30:56 INFO  State of operation 21082373 : EXECUTING
11:30:58 INFO  State of operation 21082373 : EXECUTING
11:31:00 INFO  State of operation 21082373 : EXECUTING
11:31:03 INFO  State of operation 21082373 : EXECUTING
11:31:05 INFO  State of operation 21082373 : EXECUTING
11:31:08 INFO  State of operation 21082373 : EXECUTING
11:31:10 INFO  State of operation 21082373 : EXECUTING
11:31:13 INFO  State of operation 21082373 : EXECUTING
11:31:15 INFO  State of operation 21082373 : EXECUTING
11:31:18 INFO  State of operation 21082373 : EXECUTING
11:31:20 INFO  State of operation 21082373 : EXECUTING
11:31:23 INFO  State of operation 21082373 : EXECUTING
11:31:25 INFO  State of operation 21082373 : EXECUTING
11:31:28 INFO  State of operation 21082373 : EXECUTING
11:31:30 INFO  State of operation 21082373 : EXECUTING
11:31:32 INFO  State of operation 21082373 : EXECUTING
11:31:34 INFO  State of operation 21082373 : EXECUTING
11:31:37 INFO  State of operation 21082373 : EXECUTING
11:31:39 INFO  State of operation 21082373 : EXECUTING
11:31:41 INFO  State of operation 21082373 : EXECUTING
11:31:43 INFO  State of operation 21082373 : EXECUTING
11:31:46 INFO  State of operation 21082373 : EXECUTING
11:31:49 INFO  State of operation 21082373 : EXECUTING
11:31:51 INFO  State of operation 21082373 : EXECUTING
11:31:54 INFO  State of operation 21082373 : EXECUTING
11:31:56 INFO  State of operation 21082373 : EXECUTING
11:31:58 INFO  State of operation 21082373 : EXECUTING
11:32:00 INFO  State of operation 21082373 : EXECUTING
11:32:03 INFO  State of operation 21082373 : EXECUTING
11:32:05 INFO  State of operation 21082373 : EXECUTING
11:32:07 INFO  State of operation 21082373 : EXECUTING
11:32:09 INFO  State of operation 21082373 : EXECUTING
11:32:12 INFO  State of operation 21082373 : EXECUTING
11:32:15 INFO  State of operation 21082373 : EXECUTING
11:32:17 INFO  State of operation 21082373 : EXECUTING
11:32:19 INFO  State of operation 21082373 : EXECUTING
11:32:22 INFO  State of operation 21082373 : EXECUTING
11:32:24 INFO  State of operation 21082373 : EXECUTING
11:32:26 INFO  State of operation 21082373 : EXECUTING
11:32:28 INFO  State of operation 21082373 : EXECUTING
11:32:31 INFO  State of operation 21082373 : EXECUTING
11:32:33 INFO  State of operation 21082373 : EXECUTING
11:32:35 INFO  State of operation 21082373 : EXECUTING
11:32:38 INFO  State of operation 21082373 : EXECUTING
11:32:40 INFO  State of operation 21082373 : EXECUTING
11:32:42 WARN  SystemError occurred while running test - Timeout while waiting for status SUCCESSFUL or False
Traceback (most recent call last):
  File "/home/pi/env-pysys/lib/python3.7/site-packages/pysys/baserunner.py", line 1294, in __call__
    self.testObj.execute()
  File "/home/pi/actions-runner/_work/thin-edge.io/thin-edge.io/tests/PySys/software_management_end_to_end/sm_apt_install_remove_multiple_mixed/run.py", line 89, in execute
    self.wait_until_succcess()
  File "/home/pi/actions-runner/_work/thin-edge.io/thin-edge.io/tests/PySys/software_management_end_to_end/environment_sm_management.py", line 324, in wait_until_succcess
    self.wait_until_status("SUCCESSFUL")
  File "/home/pi/actions-runner/_work/thin-edge.io/thin-edge.io/tests/PySys/software_management_end_to_end/environment_sm_management.py", line 381, in wait_until_status
    "Timeout while waiting for status %s or %s" % (status, status2)
SystemError: Timeout while waiting for status SUCCESSFUL or False
11:32:42 WARN  SystemError: Timeout while waiting for status SUCCESSFUL or False ... blocked 
11:32:42 INFO  
11:32:42 INFO  cleanup:
11:32:47 INFO  Executed sudo&lt;tedge_disconnect_c8y&gt;, exit status 0
11:32:47 INFO  Executed systemctl&lt;serv_mapper5&gt;, exit status 3
11:32:47 INFO  
11:32:47 INFO  Test duration: 178.76 secs
11:32:47 INFO  Test final outcome:  BLOCKED
11:32:47 INFO  Test outcome reason: SystemError: Timeout while waiting for status SUCCESSFUL or False
11:32:47 INFO  
</system-out>
	</testcase>
<testcase classname="PySysTest" name="SoftwareManagement.sm_apt_install_remove_multiple_mixed">
		<failure message="BLOCKED: SystemError: Timeout while waiting for status SUCCESSFUL or False (+1 other failures)" type="BLOCKED" />
		<system-out>11:55:44 INFO  ==============================================================
11:55:44 INFO  Id:    SoftwareManagement.sm_apt_install_remove_multiple_mixed
11:55:44 INFO  Dir:   software_management_end_to_end/
11:55:44 INFO  Title: Validate end to end behaviour for the apt plugin for multiple packages with mixed versions
11:55:44 INFO  ==============================================================
11:55:44 INFO  Using sw id database: {'asciijump': '5475369', 'robotfindskitten': '5474869', 'squirrel3': '5475279', 'rolldice': '5152439', 'moon-buggy': '5439204', 'apple': '5495053', 'banana': '5494888', 'cherry': '5495382', 'watermelon': '5494510', 'registry': '8018911', 'hello-world': '8021526', 'docker/getting-started': '8021973', 'alpine': '7991792'}
11:55:44 INFO  EnvironmentC8y Setup
11:55:45 INFO  Executed systemctl&lt;serv_mapper1&gt;, exit status 3
11:55:45 INFO  Restarting mosquitto too frequently in the last 10 seconds. It was only up for 5 seconds
11:55:45 INFO  Delaying execution by 6 seconds
11:56:05 INFO  Executed sudo&lt;tedge_connect_c8y&gt;, exit status 0, duration 13 secs
11:56:06 INFO  Executed sudo&lt;tedge_connect_c8y_test&gt;, exit status 0
11:56:06 INFO  Executed systemctl&lt;serv_mosq2&gt;, exit status 0
11:56:07 INFO  Executed systemctl&lt;serv_mapper3&gt;, exit status 0
11:56:09 INFO  State of current operation: SUCCESSFUL
11:56:09 INFO  Assert that (False == value) with value=False ... passed
11:56:09 INFO  Assert that (False == value) with value=False ... passed
11:56:09 INFO  Assert that (False == value) with value=False ... passed
11:56:10 INFO  Assert that (False == value) with value=False ... passed
11:56:10 INFO  Package moon-buggy is installed
11:56:10 WARN  Assert that (False == value) with value=True ... failed 
11:56:11 INFO  Response status: 201
11:56:11 INFO  Response to action: {
    "creationTime": "2022-07-20T11:56:11.692Z",
    "deviceId": "21058298",
    "deviceName": "m32sd10c",
    "self": "https://t493319102.eu-latest.cumulocity.com/devicecontrol/operations/21082524",
    "id": "21082524",
    "status": "PENDING",
    "description": "Apply software changes, triggered from PySys: [{'action': 'install', 'id': '5475369', 'name': 'asciijump', 'url': ' ', 'version': '::apt'}, {'action': 'install', 'id': '5474869', 'name': 'robotfindskitten', 'url': ' ', 'version': ' '}, {'action': 'install', 'id': '5475279', 'name': 'squirrel3', 'url': ' ', 'version': '3.1-7::apt'}, {'action': 'install', 'id': '5152439', 'name': 'rolldice', 'url': ' ', 'version': '1.16-1+b1'}, {'action': 'install', 'id': '5439204', 'name': 'moon-buggy', 'url': ' ', 'version': '1:1.0.51-12'}, {'action': 'install', 'id': '5475369', 'name': 'asciijump', 'url': ' ', 'version': '::apt'}]",
    "c8y_SoftwareUpdate": [
        {
            "name": "asciijump",
            "action": "install",
            "id": "5475369",
            "version": "::apt",
            "url": " "
        },
        {
            "name": "robotfindskitten",
            "action": "install",
            "id": "5474869",
            "version": " ",
            "url": " "
        },
        {
            "name": "squirrel3",
            "action": "install",
            "id": "5475279",
            "version": "3.1-7::apt",
            "url": " "
        },
        {
            "name": "rolldice",
            "action": "install",
            "id": "5152439",
            "version": "1.16-1+b1",
            "url": " "
        },
        {
            "name": "moon-buggy",
            "action": "install",
            "id": "5439204",
            "version": "1:1.0.51-12",
            "url": " "
        },
        {
            "name": "asciijump",
            "action": "install",
            "id": "5475369",
            "version": "::apt",
            "url": " "
        }
    ]
}
11:56:11 INFO  Started operation: {'creationTime': '2022-07-20T11:56:11.692Z', 'deviceId': '21058298', 'deviceName': 'm32sd10c', 'self': 'https://t493319102.eu-latest.cumulocity.com/devicecontrol/operations/21082524', 'id': '21082524', 'status': 'PENDING', 'description': "Apply software changes, triggered from PySys: [{'action': 'install', 'id': '5475369', 'name': 'asciijump', 'url': ' ', 'version': '::apt'}, {'action': 'install', 'id': '5474869', 'name': 'robotfindskitten', 'url': ' ', 'version': ' '}, {'action': 'install', 'id': '5475279', 'name': 'squirrel3', 'url': ' ', 'version': '3.1-7::apt'}, {'action': 'install', 'id': '5152439', 'name': 'rolldice', 'url': ' ', 'version': '1.16-1+b1'}, {'action': 'install', 'id': '5439204', 'name': 'moon-buggy', 'url': ' ', 'version': '1:1.0.51-12'}, {'action': 'install', 'id': '5475369', 'name': 'asciijump', 'url': ' ', 'version': '::apt'}]", 'c8y_SoftwareUpdate': [{'name': 'asciijump', 'action': 'install', 'id': '5475369', 'version': '::apt', 'url': ' '}, {'name': 'robotfindskitten', 'action': 'install', 'id': '5474869', 'version': ' ', 'url': ' '}, {'name': 'squirrel3', 'action': 'install', 'id': '5475279', 'version': '3.1-7::apt', 'url': ' '}, {'name': 'rolldice', 'action': 'install', 'id': '5152439', 'version': '1.16-1+b1', 'url': ' '}, {'name': 'moon-buggy', 'action': 'install', 'id': '5439204', 'version': '1:1.0.51-12', 'url': ' '}, {'name': 'asciijump', 'action': 'install', 'id': '5475369', 'version': '::apt', 'url': ' '}]}
11:56:13 INFO  State of operation 21082524 : PENDING
11:56:16 INFO  State of operation 21082524 : EXECUTING
11:56:18 INFO  State of operation 21082524 : EXECUTING
11:56:20 INFO  State of operation 21082524 : EXECUTING
11:56:22 INFO  State of operation 21082524 : EXECUTING
11:56:25 INFO  State of operation 21082524 : EXECUTING
11:56:27 INFO  State of operation 21082524 : EXECUTING
11:56:31 INFO  State of operation 21082524 : EXECUTING
11:56:33 INFO  State of operation 21082524 : EXECUTING
11:56:35 INFO  State of operation 21082524 : EXECUTING
11:56:38 INFO  State of operation 21082524 : EXECUTING
11:56:40 INFO  State of operation 21082524 : EXECUTING
11:56:42 INFO  State of operation 21082524 : EXECUTING
11:56:44 INFO  State of operation 21082524 : EXECUTING
11:56:47 INFO  State of operation 21082524 : EXECUTING
11:56:49 INFO  State of operation 21082524 : EXECUTING
11:56:51 INFO  State of operation 21082524 : EXECUTING
11:56:54 INFO  State of operation 21082524 : EXECUTING
11:56:56 INFO  State of operation 21082524 : EXECUTING
11:56:59 INFO  State of operation 21082524 : EXECUTING
11:57:01 INFO  State of operation 21082524 : EXECUTING
11:57:04 INFO  State of operation 21082524 : EXECUTING
11:57:06 INFO  State of operation 21082524 : EXECUTING
11:57:08 INFO  State of operation 21082524 : EXECUTING
11:57:11 INFO  State of operation 21082524 : EXECUTING
11:57:13 INFO  State of operation 21082524 : EXECUTING
11:57:15 INFO  State of operation 21082524 : EXECUTING
11:57:17 INFO  State of operation 21082524 : EXECUTING
11:57:20 INFO  State of operation 21082524 : EXECUTING
11:57:22 INFO  State of operation 21082524 : EXECUTING
11:57:25 INFO  State of operation 21082524 : EXECUTING
11:57:27 INFO  State of operation 21082524 : EXECUTING
11:57:29 INFO  State of operation 21082524 : EXECUTING
11:57:31 INFO  State of operation 21082524 : EXECUTING
11:57:33 INFO  State of operation 21082524 : EXECUTING
11:57:36 INFO  State of operation 21082524 : EXECUTING
11:57:38 INFO  State of operation 21082524 : EXECUTING
11:57:41 INFO  State of operation 21082524 : EXECUTING
11:57:43 INFO  State of operation 21082524 : EXECUTING
11:57:46 INFO  State of operation 21082524 : EXECUTING
11:57:48 INFO  State of operation 21082524 : EXECUTING
11:57:50 INFO  State of operation 21082524 : EXECUTING
11:57:52 INFO  State of operation 21082524 : EXECUTING
11:57:55 INFO  State of operation 21082524 : EXECUTING
11:57:57 INFO  State of operation 21082524 : EXECUTING
11:57:59 INFO  State of operation 21082524 : EXECUTING
11:58:02 INFO  State of operation 21082524 : EXECUTING
11:58:04 INFO  State of operation 21082524 : EXECUTING
11:58:07 INFO  State of operation 21082524 : EXECUTING
11:58:09 INFO  State of operation 21082524 : EXECUTING
11:58:11 INFO  State of operation 21082524 : EXECUTING
11:58:13 INFO  State of operation 21082524 : EXECUTING
11:58:16 INFO  State of operation 21082524 : EXECUTING
11:58:18 INFO  State of operation 21082524 : EXECUTING
11:58:21 INFO  State of operation 21082524 : EXECUTING
11:58:23 INFO  State of operation 21082524 : EXECUTING
11:58:26 INFO  State of operation 21082524 : EXECUTING
11:58:28 INFO  State of operation 21082524 : EXECUTING
11:58:30 INFO  State of operation 21082524 : EXECUTING
11:58:33 INFO  State of operation 21082524 : EXECUTING
11:58:35 INFO  State of operation 21082524 : EXECUTING
11:58:37 WARN  SystemError occurred while running test - Timeout while waiting for status SUCCESSFUL or False
Traceback (most recent call last):
  File "/home/pi/env-pysys/lib/python3.7/site-packages/pysys/baserunner.py", line 1294, in __call__
    self.testObj.execute()
  File "/home/pi/actions-runner/_work/thin-edge.io/thin-edge.io/tests/PySys/software_management_end_to_end/sm_apt_install_remove_multiple_mixed/run.py", line 89, in execute
    self.wait_until_succcess()
  File "/home/pi/actions-runner/_work/thin-edge.io/thin-edge.io/tests/PySys/software_management_end_to_end/environment_sm_management.py", line 324, in wait_until_succcess
    self.wait_until_status("SUCCESSFUL")
  File "/home/pi/actions-runner/_work/thin-edge.io/thin-edge.io/tests/PySys/software_management_end_to_end/environment_sm_management.py", line 381, in wait_until_status
    "Timeout while waiting for status %s or %s" % (status, status2)
SystemError: Timeout while waiting for status SUCCESSFUL or False
11:58:37 WARN  SystemError: Timeout while waiting for status SUCCESSFUL or False ... blocked 
11:58:37 INFO  
11:58:37 INFO  cleanup:
11:58:41 INFO  Executed sudo&lt;tedge_disconnect_c8y&gt;, exit status 0
11:58:42 INFO  Executed systemctl&lt;serv_mapper5&gt;, exit status 3
11:58:42 INFO  
11:58:42 INFO  Test duration: 177.58 secs
11:58:42 INFO  Test final outcome:  BLOCKED
11:58:42 INFO  Test outcome reason: SystemError: Timeout while waiting for status SUCCESSFUL or False (+1 other failures)
11:58:42 INFO  
</system-out>
	</testcase>
</testsuite><testsuite name="SoftwareManagement.sm_apt_install_remove_with_version" tests="3" errors="0" failures="0" skipped="1" time="0"><testcase classname="PySysTest" name="SoftwareManagement.sm_apt_install_remove_with_version">
		<skipped message="SKIPPED: Testing the apt plugin is not supported on this platform.Use parameter -XmyPlatform='container' to enable it" />
		<system-out>10:54:53 INFO  ==============================================================
10:54:53 INFO  Id:    SoftwareManagement.sm_apt_install_remove_with_version
10:54:53 INFO  Dir:   software_management_end_to_end/
10:54:53 INFO  Title: Validate end to end behaviour for the apt plugin for packages with version
10:54:53 INFO  ==============================================================
10:54:53 INFO  Testing the apt plugin is not supported on this platform.Use parameter -XmyPlatform='container' to enable it ... skipped
10:54:53 WARN  Aborted test due to SKIPPED outcome
10:54:53 INFO  
10:54:53 INFO  Test duration: 0.02 secs
10:54:53 INFO  Test final outcome:  SKIPPED
10:54:53 INFO  Test outcome reason: Testing the apt plugin is not supported on this platform.Use parameter -XmyPlatform='container' to enable it
10:54:53 INFO  
</system-out>
	</testcase>
<testcase classname="PySysTest" name="SoftwareManagement.sm_apt_install_remove_with_version" />
<testcase classname="PySysTest" name="SoftwareManagement.sm_apt_install_remove_with_version" />
</testsuite><testsuite name="SoftwareManagement.sm_docker_install_remove_multiple" tests="3" errors="0" failures="0" skipped="1" time="0"><testcase classname="SMDockerInstallRemove" name="SoftwareManagement.sm_docker_install_remove_multiple">
		<skipped message="SKIPPED: Testing the apt plugin is not supported on this platform.Use parameter -XmyPlatform='container' to enable it" />
		<system-out>10:54:53 INFO  ==============================================================
10:54:53 INFO  Id:    SoftwareManagement.sm_docker_install_remove_multiple
10:54:53 INFO  Dir:   software_management_end_to_end/
10:54:53 INFO  Title: Validate end to end behaviour for the docker plugin for multiple docker images with mixed versions
10:54:53 INFO  ==============================================================
10:54:53 INFO  Testing the apt plugin is not supported on this platform.Use parameter -XmyPlatform='container' to enable it ... skipped
10:54:53 WARN  Aborted test due to SKIPPED outcome
10:54:53 INFO  
10:54:53 INFO  Test duration: 0.03 secs
10:54:53 INFO  Test final outcome:  SKIPPED
10:54:53 INFO  Test outcome reason: Testing the apt plugin is not supported on this platform.Use parameter -XmyPlatform='container' to enable it
10:54:53 INFO  
</system-out>
	</testcase>
<testcase classname="SMDockerInstallRemove" name="SoftwareManagement.sm_docker_install_remove_multiple" />
<testcase classname="SMDockerInstallRemove" name="SoftwareManagement.sm_docker_install_remove_multiple" />
</testsuite><testsuite name="SoftwareManagement.sm_fake_install_remove" tests="2" errors="0" failures="0" skipped="1" time="0"><testcase classname="PySysTest" name="SoftwareManagement.sm_fake_install_remove">
		<skipped message="SKIPPED: Testing the fake plugin is not enabled.Use parameter -Xfakeplugin=fakeplugin to enable it" />
		<system-out>10:54:53 INFO  ==============================================================
10:54:53 INFO  Id:    SoftwareManagement.sm_fake_install_remove
10:54:53 INFO  Dir:   software_management_end_to_end/
10:54:53 INFO  Title: Validate end to end behaviour for the dummy plugin for installation and removal of packages
10:54:53 INFO  ==============================================================
10:54:53 INFO  Testing the fake plugin is not enabled.Use parameter -Xfakeplugin=fakeplugin to enable it ... skipped
10:54:53 WARN  Aborted test due to SKIPPED outcome
10:54:53 INFO  
10:54:53 INFO  Test duration: 0.02 secs
10:54:53 INFO  Test final outcome:  SKIPPED
10:54:53 INFO  Test outcome reason: Testing the fake plugin is not enabled.Use parameter -Xfakeplugin=fakeplugin to enable it
10:54:53 INFO  
</system-out>
	</testcase>
<testcase classname="PySysTest" name="SoftwareManagement.sm_fake_install_remove" />
</testsuite><testsuite name="SoftwareManagement.sm_fake_install_remove_multiple" tests="2" errors="0" failures="0" skipped="1" time="0"><testcase classname="PySysTest" name="SoftwareManagement.sm_fake_install_remove_multiple">
		<skipped message="SKIPPED: Testing the fake plugin is not enabled.Use parameter -Xfakeplugin=fakeplugin to enable it" />
		<system-out>10:54:53 INFO  ==============================================================
10:54:53 INFO  Id:    SoftwareManagement.sm_fake_install_remove_multiple
10:54:53 INFO  Dir:   software_management_end_to_end/
10:54:53 INFO  Title: Validate end to end behaviour for the dummy-plugin for multiple packages
10:54:53 INFO  ==============================================================
10:54:53 INFO  Testing the fake plugin is not enabled.Use parameter -Xfakeplugin=fakeplugin to enable it ... skipped
10:54:53 WARN  Aborted test due to SKIPPED outcome
10:54:53 INFO  
10:54:53 INFO  Test duration: 0.02 secs
10:54:53 INFO  Test final outcome:  SKIPPED
10:54:53 INFO  Test outcome reason: Testing the fake plugin is not enabled.Use parameter -Xfakeplugin=fakeplugin to enable it
10:54:53 INFO  
</system-out>
	</testcase>
<testcase classname="PySysTest" name="SoftwareManagement.sm_fake_install_remove_multiple" />
</testsuite><testsuite name="SoftwareManagement.sm_mapper_fail_and_reconnect" tests="2" errors="0" failures="0" skipped="2" time="0"><testcase classname="MapperC8yReceiveLastMessageOnRestart" name="SoftwareManagement.sm_mapper_fail_and_reconnect">
		<skipped message="SKIPPED: instable https://github.com/thin-edge/thin-edge.io/issues/752" />
		<system-out>10:54:54 INFO  ==============================================================
10:54:54 INFO  Id:    SoftwareManagement.sm_mapper_fail_and_reconnect
10:54:54 INFO  Dir:   software_management_end_to_end/
10:54:54 INFO  Title: Validate the tedge-mapper-sm-c8y for receiving the last message on restart
10:54:54 INFO  ==============================================================
10:54:54 INFO  instable https://github.com/thin-edge/thin-edge.io/issues/752 ... skipped
10:54:54 INFO  
10:54:54 INFO  Test duration: 0.02 secs
10:54:54 INFO  Test final outcome:  SKIPPED
10:54:54 INFO  Test outcome reason: instable https://github.com/thin-edge/thin-edge.io/issues/752
10:54:54 INFO  
</system-out>
	</testcase>
<testcase classname="MapperC8yReceiveLastMessageOnRestart" name="SoftwareManagement.sm_mapper_fail_and_reconnect">
		<skipped message="SKIPPED: instable https://github.com/thin-edge/thin-edge.io/issues/752" />
		<system-out>12:05:29 INFO  ==============================================================
12:05:29 INFO  Id:    SoftwareManagement.sm_mapper_fail_and_reconnect
12:05:29 INFO  Dir:   software_management_end_to_end/
12:05:29 INFO  Title: Validate the tedge-mapper-sm-c8y for receiving the last message on restart
12:05:29 INFO  ==============================================================
12:05:29 INFO  instable https://github.com/thin-edge/thin-edge.io/issues/752 ... skipped
12:05:29 INFO  
12:05:29 INFO  Test duration: 0.04 secs
12:05:29 INFO  Test final outcome:  SKIPPED
12:05:29 INFO  Test outcome reason: instable https://github.com/thin-edge/thin-edge.io/issues/752
12:05:29 INFO  
</system-out>
	</testcase>
</testsuite><testsuite name="SoftwareManagement.sm_mixed_install_remove_multiple" tests="2" errors="0" failures="1" skipped="1" time="0"><testcase classname="PySysTest" name="SoftwareManagement.sm_mixed_install_remove_multiple">
		<skipped message="SKIPPED: Testing the fake plugin is not enabled.Use parameter -Xfakeplugin=fakeplugin to enable it" />
		<system-out>10:54:54 INFO  ==============================================================
10:54:54 INFO  Id:    SoftwareManagement.sm_mixed_install_remove_multiple
10:54:54 INFO  Dir:   software_management_end_to_end/
10:54:54 INFO  Title: Validate end to end behaviour for the dummy-plugin for multiple packages with mixed versions
10:54:54 INFO  ==============================================================
10:54:54 INFO  Testing the fake plugin is not enabled.Use parameter -Xfakeplugin=fakeplugin to enable it ... skipped
10:54:54 WARN  Aborted test due to SKIPPED outcome
10:54:54 INFO  
10:54:54 INFO  Test duration: 0.02 secs
10:54:54 INFO  Test final outcome:  SKIPPED
10:54:54 INFO  Test outcome reason: Testing the fake plugin is not enabled.Use parameter -Xfakeplugin=fakeplugin to enable it
10:54:54 INFO  
</system-out>
	</testcase>
<testcase classname="PySysTest" name="SoftwareManagement.sm_mixed_install_remove_multiple">
		<failure message="FAILED: Assert that (False == value) with value=True" type="FAILED" />
		<system-out>12:05:29 INFO  ==============================================================
12:05:29 INFO  Id:    SoftwareManagement.sm_mixed_install_remove_multiple
12:05:29 INFO  Dir:   software_management_end_to_end/
12:05:29 INFO  Title: Validate end to end behaviour for the dummy-plugin for multiple packages with mixed versions
12:05:29 INFO  ==============================================================
[...]
10:43:18 INFO  Executed sudo&lt;rm_tmp_logs&gt;, exit status 0
10:43:19 INFO  Executed sudo&lt;send_failed&gt;, exit status 0
10:43:19 INFO  Executed sudo&lt;log_file_daemon&gt;, exit status 0
10:43:23 INFO  Executed sudo&lt;tedge_disconnect_c8y&gt;, exit status 0
10:43:24 INFO  Executed systemctl&lt;serv_mapper5&gt;, exit status 3
10:43:24 INFO  
10:43:24 INFO  Test duration: 28.13 secs
10:43:24 INFO  Test final outcome:  BLOCKED
10:43:24 INFO  Test outcome reason: TypeError: 'NoneType' object is not subscriptable
10:43:24 INFO  
</system-out>
	</testcase>
</testsuite><testsuite name="log_request_num_lines" tests="1" errors="0" failures="1" skipped="0" time="0"><testcase classname="LogRequestVerifyNumberOfLines" name="log_request_num_lines">
		<failure message="BLOCKED: TypeError: 'NoneType' object is not subscriptable" type="BLOCKED" />
		<system-out>10:43:24 INFO  ==============================================================
10:43:24 INFO  Id:    log_request_num_lines
10:43:24 INFO  Dir:   log_request_end_to_end/
10:43:24 INFO  Title: Validate end to end behaviour for the log request operation check for number of lines
10:43:24 INFO  ==============================================================
10:43:24 INFO  EnvironmentC8y Setup
10:43:24 INFO  Executed systemctl&lt;serv_mapper1&gt;, exit status 3
10:43:25 INFO  Restarting mosquitto too frequently in the last 10 seconds. It was only up for 4 seconds
10:43:25 INFO  Delaying execution by 7 seconds
10:43:46 INFO  Executed sudo&lt;tedge_connect_c8y&gt;, exit status 0, duration 14 secs
10:43:46 INFO  Executed sudo&lt;tedge_connect_c8y_test&gt;, exit status 0
10:43:47 INFO  Executed systemctl&lt;serv_mosq2&gt;, exit status 0
10:43:47 INFO  Executed systemctl&lt;serv_mapper3&gt;, exit status 0
10:43:48 INFO  Executed sudo&lt;rm_logs&gt;, exit status 0
10:43:48 INFO  Executed sudo&lt;move_logs&gt;, exit status 0
10:43:49 INFO  Executed sudo&lt;log_file_daemon&gt;, exit status 0
10:43:50 WARN  TypeError occurred while running test - 'NoneType' object is not subscriptable
Traceback (most recent call last):
  File "/home/pi/env-pysys/lib/python3.7/site-packages/pysys/baserunner.py", line 1294, in __call__
    self.testObj.execute()
  File "/home/pi/actions-runner/_work/thin-edge.io/thin-edge.io/tests/PySys/log_request_end_to_end/log_request_num_lines/run.py", line 46, in execute
    log_file_request_payload, self.project.deviceid
  File "/home/pi/actions-runner/_work/thin-edge.io/thin-edge.io/tests/PySys/environments/cumulocity.py", line 101, in trigger_log_request
    "deviceId": self.device_fragment["id"],
TypeError: 'NoneType' object is not subscriptable
10:43:50 WARN  TypeError: 'NoneType' object is not subscriptable ... blocked 
10:43:50 INFO  
10:43:50 INFO  cleanup:
10:43:50 INFO  Executed sudo&lt;rm_logs&gt;, exit status 0
10:43:51 INFO  Executed sudo&lt;rm_tmp_logs&gt;, exit status 0
10:43:51 INFO  Executed sudo&lt;send_failed&gt;, exit status 0
10:43:52 INFO  Executed sudo&lt;log_file_daemon&gt;, exit status 0
10:43:56 INFO  Executed sudo&lt;tedge_disconnect_c8y&gt;, exit status 0
10:43:57 INFO  Executed systemctl&lt;serv_mapper5&gt;, exit status 3
10:43:57 INFO  
10:43:57 INFO  Test duration: 32.78 secs
10:43:57 INFO  Test final outcome:  BLOCKED
10:43:57 INFO  Test outcome reason: TypeError: 'NoneType' object is not subscriptable
10:43:57 INFO  
</system-out>
	</testcase>
</testsuite><testsuite name="mapper_awaits_before_reconnect" tests="1" errors="0" failures="1" skipped="0" time="0"><testcase classname="MapperReconnectAwait" name="mapper_awaits_before_reconnect">
		<failure message="FAILED: Line count on tedge_mapper_journal.out for &quot;tedge_mapper::core::mapper: MQTT connection error:&quot; expected &gt;=2 but got 0" type="FAILED" />
		<system-out>10:57:56 INFO  ==============================================================
10:57:56 INFO  Id:    mapper_awaits_before_reconnect
10:57:56 INFO  Dir:   tedge_mapper_c8y/
10:57:56 INFO  Title: Validate mapper doesn't reconnect too often
10:57:56 INFO  ==============================================================
10:57:56 INFO  Started mosquitto_sub with process id 3338
10:57:56 INFO  Waiting for 0.1 seconds
10:57:57 INFO  Executed sudo&lt;tedge_mapper&gt;, exit status 0
10:57:57 INFO  Waiting for 5.0 seconds
10:58:02 INFO  Executed sudo&lt;tedge_mapper&gt;, exit status 0
10:58:05 INFO  Executed sudo&lt;tedge_mapper_journal&gt;, exit status 0
10:58:05 WARN  Grep on tedge_mapper_journal.out contains "ERROR" ... failed [run.py:67]
10:58:05 INFO  Line count on file tedge_mapper_journal.out ... passed
10:58:05 WARN  Line count on tedge_mapper_journal.out for "tedge_mapper::core::mapper: MQTT connection error:" expected &gt;=2 but got 0 ... failed [run.py:78]
10:58:05 WARN  Aborted test due to FAILED outcome
10:58:05 INFO  
10:58:05 INFO  Test duration: 9.04 secs
10:58:05 INFO  Test final outcome:  FAILED
10:58:05 INFO  Test outcome reason: Line count on tedge_mapper_journal.out for "tedge_mapper::core::mapper: MQTT connection error:" expected &gt;=2 but got 0
10:58:05 INFO  
</system-out>
	</testcase>
</testsuite><testsuite name="monitoring_smaller_interval" tests="1" errors="0" failures="1" skipped="0" time="0"><testcase classname="MonitoringSmallInterval" name="monitoring_smaller_interval">
		<failure message="BLOCKED: TypeError: 'int' object is not subscriptable" type="BLOCKED" />
		<system-out>10:44:59 INFO  ==============================================================
10:44:59 INFO  Id:    monitoring_smaller_interval
10:44:59 INFO  Dir:   monitoring/
10:44:59 INFO  Title: Validate the tedge dm agent messages that are produced with smaller sampling interval than the batching window. Here the simulated collectd messages are used
10:44:59 INFO  ==============================================================
10:45:00 INFO  Executed sudo&lt;collectd&gt;, exit status 0
10:45:00 INFO  Executed sudo&lt;collectd_mapper&gt;, exit status 0
10:45:00 INFO  Started sudo&lt;tedge_sub&gt; with process id 31902
10:45:01 INFO  Executed sudo&lt;tedge_temp&gt;, exit status 0
10:45:02 INFO  Executed sudo&lt;tedge_pres&gt;, exit status 0
10:45:02 INFO  Executed sudo&lt;tedge_temp&gt;, exit status 0
10:45:03 INFO  Executed sudo&lt;tedge_pres&gt;, exit status 0
10:45:03 INFO  Executed sudo&lt;tedge_temp&gt;, exit status 0
10:45:04 INFO  Executed sudo&lt;tedge_pres&gt;, exit status 0
10:45:04 INFO  Executed sudo&lt;tedge_temp&gt;, exit status 0
10:45:05 INFO  Executed sudo&lt;tedge_pres&gt;, exit status 0
10:45:06 INFO  Executed sudo&lt;tedge_temp&gt;, exit status 0
10:45:06 INFO  Executed sudo&lt;tedge_pres&gt;, exit status 0
10:45:07 INFO  Executed sudo&lt;tedge_temp&gt;, exit status 0
10:45:07 INFO  Executed sudo&lt;tedge_pres&gt;, exit status 0
10:45:08 INFO  Executed sudo&lt;tedge_temp&gt;, exit status 0
10:45:08 INFO  Executed sudo&lt;tedge_pres&gt;, exit status 0
10:45:09 INFO  Executed sudo&lt;tedge_temp&gt;, exit status 0
10:45:10 INFO  Executed sudo&lt;tedge_pres&gt;, exit status 0
10:45:10 INFO  Executed sudo&lt;tedge_temp&gt;, exit status 0
10:45:11 INFO  Executed sudo&lt;tedge_pres&gt;, exit status 0
10:45:11 INFO  Executed sudo&lt;tedge_temp&gt;, exit status 0
10:45:12 INFO  Executed sudo&lt;tedge_pres&gt;, exit status 0
10:45:13 INFO  Executed sudo&lt;kill_out&gt;, exit status 0
10:45:13 INFO  0

10:45:13 WARN  TypeError occurred while running test - 'int' object is not subscriptable
Traceback (most recent call last):
  File "/home/pi/env-pysys/lib/python3.7/site-packages/pysys/baserunner.py", line 1296, in __call__
    self.testObj.validate()
  File "/home/pi/actions-runner/_work/thin-edge.io/thin-edge.io/tests/PySys/monitoring/monitoring_smaller_interval/run.py", line 104, in validate
    collectd_msg_validation_result=self.validate_json(),
  File "/home/pi/actions-runner/_work/thin-edge.io/thin-edge.io/tests/PySys/monitoring/monitoring_smaller_interval/run.py", line 114, in validate_json
    if not self.validate_time():
  File "/home/pi/actions-runner/_work/thin-edge.io/thin-edge.io/tests/PySys/monitoring/monitoring_smaller_interval/run.py", line 134, in validate_time
    if self.js_msg["time"]:
TypeError: 'int' object is not subscriptable
10:45:13 WARN  TypeError: 'int' object is not subscriptable ... blocked 
10:45:13 INFO  
10:45:13 INFO  cleanup:
10:45:13 INFO  monitoring_cleanup
10:45:14 INFO  Executed sudo&lt;collectd_mapper&gt;, exit status 0
10:45:14 INFO  
10:45:14 INFO  Test duration: 15.08 secs
10:45:14 INFO  Test final outcome:  BLOCKED
10:45:14 INFO  Test outcome reason: TypeError: 'int' object is not subscriptable
10:45:14 INFO  
</system-out>
	</testcase>
</testsuite><testsuite name="monitoring_with_collectd" tests="1" errors="0" failures="0" skipped="1" time="0"><testcase classname="MonitoringWithCollectd" name="monitoring_with_collectd">
		<skipped message="SKIPPED: Test execution disabled due to #792 (instable)" />
		<system-out>10:45:14 INFO  ==============================================================
10:45:14 INFO  Id:    monitoring_with_collectd
10:45:14 INFO  Dir:   monitoring/
10:45:14 INFO  Title: Validate tedge dm agent messages that are produced by batching the collectd messages
10:45:14 INFO  ==============================================================
10:45:14 INFO  Test execution disabled due to #792 (instable) ... skipped
10:45:14 INFO  
10:45:14 INFO  Test duration: 0.02 secs
10:45:14 INFO  Test final outcome:  SKIPPED
10:45:14 INFO  Test outcome reason: Test execution disabled due to #792 (instable)
10:45:14 INFO  
</system-out>
	</testcase>
</testsuite><testsuite name="monitoring_with_simulated_messages" tests="1" errors="0" failures="1" skipped="0" time="0"><testcase classname="MonitoringWithSimulatedMessages" name="monitoring_with_simulated_messages">
		<failure message="BLOCKED: TypeError: 'int' object is not subscriptable" type="BLOCKED" />
		<system-out>10:45:14 INFO  ==============================================================
10:45:14 INFO  Id:    monitoring_with_simulated_messages
10:45:14 INFO  Dir:   monitoring/
10:45:14 INFO  Title: Validate the tedge dm agent messages that are produced from the simulated collectd messages
10:45:14 INFO  ==============================================================
10:45:15 INFO  Executed sudo&lt;collectd&gt;, exit status 0
10:45:15 INFO  Executed sudo&lt;collectd_mapper&gt;, exit status 0
10:45:15 INFO  Started sudo&lt;tedge_sub&gt; with process id 31954
10:45:16 INFO  Executed sudo&lt;tedge_temp&gt;, exit status 0
10:45:17 INFO  Executed sudo&lt;tedge_pres&gt;, exit status 0
10:45:18 INFO  Executed sudo&lt;kill_out&gt;, exit status 0
10:45:18 INFO  0

10:45:18 WARN  TypeError occurred while running test - 'int' object is not subscriptable
Traceback (most recent call last):
  File "/home/pi/env-pysys/lib/python3.7/site-packages/pysys/baserunner.py", line 1296, in __call__
    self.testObj.validate()
  File "/home/pi/actions-runner/_work/thin-edge.io/thin-edge.io/tests/PySys/monitoring/monitoring_with_simulated_messages/run.py", line 98, in validate
    collectd_msg_validation_result=self.validate_json(),
  File "/home/pi/actions-runner/_work/thin-edge.io/thin-edge.io/tests/PySys/monitoring/monitoring_with_simulated_messages/run.py", line 108, in validate_json
    if not self.validate_time():
  File "/home/pi/actions-runner/_work/thin-edge.io/thin-edge.io/tests/PySys/monitoring/monitoring_with_simulated_messages/run.py", line 127, in validate_time
    if self.js_msg["time"]:
TypeError: 'int' object is not subscriptable
10:45:18 WARN  TypeError: 'int' object is not subscriptable ... blocked 
10:45:18 INFO  
10:45:18 INFO  cleanup:
10:45:18 INFO  monitoring_cleanup
10:45:19 INFO  Executed sudo&lt;collectd_mapper&gt;, exit status 0
10:45:19 INFO  
10:45:19 INFO  Test duration: 4.51 secs
10:45:19 INFO  Test final outcome:  BLOCKED
10:45:19 INFO  Test outcome reason: TypeError: 'int' object is not subscriptable
10:45:19 INFO  
</system-out>
	</testcase>
</testsuite><testsuite name="mqtt_port_change_connection_fails" tests="1" errors="0" failures="0" skipped="0" time="0"><testcase classname="MqttPortChangeConnectionFails" name="mqtt_port_change_connection_fails" />
</testsuite><testsuite name="mqtt_port_change_connection_works" tests="1" errors="0" failures="0" skipped="1" time="0"><testcase classname="MqttPortChangeConnectionWorks" name="mqtt_port_change_connection_works">
		<skipped message="SKIPPED: failing intermitently" />
		<system-out>10:44:32 INFO  ==============================================================
10:44:32 INFO  Id:    mqtt_port_change_connection_works
10:44:32 INFO  Dir:   misc_features/
10:44:32 INFO  Title: mqtt port change connection works for all the thin-edge services that use the mosquitto broker
10:44:32 INFO  ==============================================================
10:44:32 INFO  failing intermitently ... skipped
10:44:32 INFO  
10:44:32 INFO  Test duration: 0.02 secs
10:44:32 INFO  Test final outcome:  SKIPPED
10:44:32 INFO  Test outcome reason: failing intermitently
10:44:32 INFO  
</system-out>
	</testcase>
</testsuite><testsuite name="publish_flux" tests="1" errors="0" failures="0" skipped="0" time="0"><testcase classname="PublishFlux" name="publish_flux" />
</testsuite><testsuite name="publish_sawmill" tests="1" errors="0" failures="0" skipped="0" time="0"><testcase classname="PublishSawmill" name="publish_sawmill" />
</testsuite><testsuite name="runtime_start_two_mappers" tests="1" errors="0" failures="0" skipped="0" time="0"><testcase classname="RuntimeMultiMappers" name="runtime_start_two_mappers" />
</testsuite><testsuite name="sm_tedge_mapper_init_session" tests="1" errors="0" failures="0" skipped="0" time="0"><testcase classname="TedgeSMMapperInitSession" name="sm_tedge_mapper_init_session" />
</testsuite><testsuite name="smoketest_json" tests="1" errors="0" failures="0" skipped="0" time="0"><testcase classname="SmokeTestJson" name="smoketest_json" />
</testsuite><testsuite name="smoketest_json_400_samples_10ms" tests="1" errors="0" failures="0" skipped="0" time="0"><testcase classname="SmoketestJson400Samples10ms" name="smoketest_json_400_samples_10ms" />
</testsuite><testsuite name="smoketest_json_400_samples_20ms" tests="1" errors="0" failures="0" skipped="0" time="0"><testcase classname="SmoketestJson400Samples20ms" name="smoketest_json_400_samples_20ms" />
</testsuite><testsuite name="smoketest_smartrest" tests="1" errors="0" failures="0" skipped="0" time="0"><testcase classname="SmoketestSmartRest" name="smoketest_smartrest" />
</testsuite><testsuite name="smoketest_smartrest_400_samples_1Xms" tests="1" errors="0" failures="0" skipped="0" time="0"><testcase classname="SmoketestSmartRest400Samples1Xms" name="smoketest_smartrest_400_samples_1Xms" />
</testsuite><testsuite name="smoketest_smartrest_400_samples_20ms" tests="1" errors="0" failures="0" skipped="0" time="0"><testcase classname="SmoketestSmartRest400Samples20ms" name="smoketest_smartrest_400_samples_20ms" />
</testsuite><testsuite name="tedge_agent_user_sudo_access" tests="1" errors="0" failures="0" skipped="1" time="0"><testcase classname="TedgeAgentUserSudoAccess" name="tedge_agent_user_sudo_access">
		<skipped message="SKIPPED: #955 Observation: Exit code of the apt plugin when called with no arguments" />
		<system-out>10:55:20 INFO  ==============================================================
10:55:20 INFO  Id:    tedge_agent_user_sudo_access
10:55:20 INFO  Dir:   tedge/
10:55:20 INFO  Title: Validate tedge-agent user has a limited sudo right
10:55:20 INFO  ==============================================================
10:55:20 INFO  #955 Observation: Exit code of the apt plugin when called with no arguments ... skipped
10:55:20 INFO  
10:55:20 INFO  Test duration: 0.02 secs
10:55:20 INFO  Test final outcome:  SKIPPED
10:55:20 INFO  Test outcome reason: #955 Observation: Exit code of the apt plugin when called with no arguments
10:55:20 INFO  
</system-out>
	</testcase>
</testsuite><testsuite name="tedge_connect_test_negative" tests="1" errors="0" failures="0" skipped="0" time="0"><testcase classname="TedgeConnectTestNegative" name="tedge_connect_test_negative" />
</testsuite><testsuite name="tedge_connect_test_positive" tests="1" errors="0" failures="0" skipped="0" time="0"><testcase classname="TedgeConnectTestPositive" name="tedge_connect_test_positive" />
</testsuite><testsuite name="tedge_connect_test_sm_services" tests="1" errors="0" failures="0" skipped="0" time="0"><testcase classname="TedgeConnectTestSMServices" name="tedge_connect_test_sm_services" />
</testsuite><testsuite name="tedge_disconnect_test_sm_services" tests="1" errors="0" failures="0" skipped="0" time="0"><testcase classname="TedgeDisConnectTestSMServices" name="tedge_disconnect_test_sm_services" />
</testsuite><testsuite name="tedge_mapper_az_negative" tests="1" errors="0" failures="0" skipped="0" time="0"><testcase classname="TedgeMapperAzError" name="tedge_mapper_az_negative" />
</testsuite><testsuite name="tedge_mapper_az_with_timestamp" tests="1" errors="0" failures="0" skipped="0" time="0"><testcase classname="TedgeMapperAzWithTimestamp" name="tedge_mapper_az_with_timestamp" />
</testsuite><testsuite name="tedge_mapper_az_without_timestamp" tests="1" errors="0" failures="0" skipped="0" time="0"><testcase classname="TedgeMapperAzWithoutTimestamp" name="tedge_mapper_az_without_timestamp" />
</testsuite><testsuite name="tedge_mapper_c8y_alarms" tests="1" errors="0" failures="0" skipped="0" time="0"><testcase classname="TedgeMapperC8yAlarm" name="tedge_mapper_c8y_alarms" />
</testsuite><testsuite name="tedge_mapper_c8y_child_device_measurement" tests="1" errors="0" failures="0" skipped="0" time="0"><testcase classname="TedgeMapperC8yChildDevice" name="tedge_mapper_c8y_child_device_measurement" />
</testsuite><testsuite name="tedge_mapper_c8y_packet_threshold_size" tests="1" errors="0" failures="1" skipped="0" time="0"><testcase classname="TedgeMapperC8yThresholdPacketSize" name="tedge_mapper_c8y_packet_threshold_size">
		<failure message="FAILED: Grep on tedge_sub.out contains &quot;The size of the message received on tedge/measurements is 20489 which is greater than the threshold size of 16184.&quot;" type="FAILED" />
		<system-out>10:59:42 INFO  ==============================================================
10:59:42 INFO  Id:    tedge_mapper_c8y_packet_threshold_size
10:59:42 INFO  Dir:   tedge_mapper_c8y/
10:59:42 INFO  Title: Validate the Cumulocity Mapper accepted threshold packet size when it receives a message on tedge/measurements
10:59:42 INFO  ==============================================================
10:59:43 INFO  Executed sudo&lt;tedge_mapper_c8y&gt;, exit status 0
10:59:43 INFO  Started sudo&lt;tedge_sub&gt; with process id 3931
10:59:43 INFO  Executed sudo&lt;tedge_msg&gt;, exit status 0
10:59:44 INFO  Executed sudo&lt;tedge_pub&gt;, exit status 0
10:59:45 INFO  Executed sudo&lt;kill_out&gt;, exit status 0
10:59:45 WARN  Grep on tedge_sub.out contains "The size of the message received on tedge/measurements is 20489 which is greater than the threshold size of 16184." ... failed [run.py:88]
10:59:45 INFO  
10:59:45 INFO  cleanup:
10:59:45 INFO  mapper_cleanup
10:59:45 INFO  Executed sudo&lt;tedge_mapper_c8y&gt;, exit status 0
10:59:45 INFO  
10:59:45 INFO  Test duration: 2.96 secs
10:59:45 INFO  Test final outcome:  FAILED
10:59:45 INFO  Test outcome reason: Grep on tedge_sub.out contains "The size of the message received on tedge/measurements is 20489 which is greater than the threshold size of 16184."
10:59:45 INFO  
</system-out>
	</testcase>
</testsuite><testsuite name="tedge_software_update" tests="1" errors="0" failures="0" skipped="0" time="0"><testcase classname="PySysTest" name="tedge_software_update" />
</testsuite><testsuite name="valid_device_id" tests="1" errors="0" failures="0" skipped="0" time="0"><testcase classname="ValidateValidDeviceId" name="valid_device_id" />
</testsuite></testsuites>