<?xml version='1.0' encoding='utf-8'?>
<testsuites tests="147" failures="21" errors="0" skipped="45" time="0.0"><testsuite name="SoftwareManagement.Plugin.apama_plugin_install" tests="3" errors="0" failures="0" skipped="1" time="0"><testcase classname="ApamaPluginInstallTest" name="SoftwareManagement.Plugin.apama_plugin_install">
		<skipped message="SKIPPED: Apama plugin tests are disabled by default. Execute `pysys run` with `-XmyPlatform=container` to run these tests" />
		<system-out>18:25:12 INFO  ==============================================================
18:25:12 INFO  Id:    SoftwareManagement.Plugin.apama_plugin_install
18:25:12 INFO  Dir:   plugin_apama/
18:25:12 INFO  Title: Validate apama plugin install
18:25:12 INFO  ==============================================================
18:25:12 INFO  Apama plugin tests are disabled by default. Execute `pysys run` with `-XmyPlatform=container` to run these tests ... skipped
18:25:12 WARN  Aborted test due to SKIPPED outcome
18:25:12 INFO  
18:25:12 INFO  Test duration: 0.07 secs
18:25:12 INFO  Test final outcome:  SKIPPED
18:25:12 INFO  Test outcome reason: Apama plugin tests are disabled by default. Execute `pysys run` with `-XmyPlatform=container` to run these tests
18:25:12 INFO  
</system-out>
	</testcase>
<testcase classname="ApamaPluginInstallTest" name="SoftwareManagement.Plugin.apama_plugin_install" />
<testcase classname="ApamaPluginInstallTest" name="SoftwareManagement.Plugin.apama_plugin_install" />
</testsuite><testsuite name="SoftwareManagement.Plugin.apama_plugin_mon_support" tests="3" errors="0" failures="0" skipped="1" time="0"><testcase classname="ApamaPluginMonSupportTest" name="SoftwareManagement.Plugin.apama_plugin_mon_support">
		<skipped message="SKIPPED: Apama plugin tests are disabled by default. Execute `pysys run` with `-XmyPlatform=container` to run these tests" />
		<system-out>18:25:12 INFO  ==============================================================
18:25:12 INFO  Id:    SoftwareManagement.Plugin.apama_plugin_mon_support
18:25:12 INFO  Dir:   plugin_apama/
18:25:12 INFO  Title: Validate mon file support of apama plugin
18:25:12 INFO  ==============================================================
18:25:12 INFO  Apama plugin tests are disabled by default. Execute `pysys run` with `-XmyPlatform=container` to run these tests ... skipped
18:25:12 WARN  Aborted test due to SKIPPED outcome
18:25:12 INFO  
18:25:12 INFO  Test duration: 0.06 secs
18:25:12 INFO  Test final outcome:  SKIPPED
18:25:12 INFO  Test outcome reason: Apama plugin tests are disabled by default. Execute `pysys run` with `-XmyPlatform=container` to run these tests
18:25:12 INFO  
</system-out>
	</testcase>
<testcase classname="ApamaPluginMonSupportTest" name="SoftwareManagement.Plugin.apama_plugin_mon_support" />
<testcase classname="ApamaPluginMonSupportTest" name="SoftwareManagement.Plugin.apama_plugin_mon_support" />
</testsuite><testsuite name="SoftwareManagement.Plugin.apama_plugin_remove" tests="3" errors="0" failures="0" skipped="1" time="0"><testcase classname="ApamaPluginRemoveTest" name="SoftwareManagement.Plugin.apama_plugin_remove">
		<skipped message="SKIPPED: Apama plugin tests are disabled by default. Execute `pysys run` with `-XmyPlatform=container` to run these tests" />
		<system-out>18:25:12 INFO  ==============================================================
18:25:12 INFO  Id:    SoftwareManagement.Plugin.apama_plugin_remove
18:25:12 INFO  Dir:   plugin_apama/
18:25:12 INFO  Title: Validate apama plugin remove
18:25:12 INFO  ==============================================================
18:25:12 INFO  Apama plugin tests are disabled by default. Execute `pysys run` with `-XmyPlatform=container` to run these tests ... skipped
18:25:12 WARN  Aborted test due to SKIPPED outcome
18:25:12 INFO  
18:25:12 INFO  Test duration: 0.02 secs
18:25:12 INFO  Test final outcome:  SKIPPED
18:25:12 INFO  Test outcome reason: Apama plugin tests are disabled by default. Execute `pysys run` with `-XmyPlatform=container` to run these tests
18:25:12 INFO  
</system-out>
	</testcase>
<testcase classname="ApamaPluginRemoveTest" name="SoftwareManagement.Plugin.apama_plugin_remove" />
<testcase classname="ApamaPluginRemoveTest" name="SoftwareManagement.Plugin.apama_plugin_remove" />
</testsuite><testsuite name="SoftwareManagement.Plugin.apama_plugin_update" tests="3" errors="0" failures="2" skipped="1" time="0"><testcase classname="ApamaPluginUpdateTest" name="SoftwareManagement.Plugin.apama_plugin_update">
		<skipped message="SKIPPED: Apama plugin tests are disabled by default. Execute `pysys run` with `-XmyPlatform=container` to run these tests" />
		<system-out>18:25:12 INFO  ==============================================================
18:25:12 INFO  Id:    SoftwareManagement.Plugin.apama_plugin_update
18:25:12 INFO  Dir:   plugin_apama/
18:25:12 INFO  Title: Validate apama plugin updating one project with another
18:25:12 INFO  ==============================================================
18:25:12 INFO  Apama plugin tests are disabled by default. Execute `pysys run` with `-XmyPlatform=container` to run these tests ... skipped
18:25:12 WARN  Aborted test due to SKIPPED outcome
18:25:12 INFO  
18:25:12 INFO  Test duration: 0.03 secs
18:25:12 INFO  Test final outcome:  SKIPPED
18:25:12 INFO  Test outcome reason: Apama plugin tests are disabled by default. Execute `pysys run` with `-XmyPlatform=container` to run these tests
18:25:12 INFO  
</system-out>
	</testcase>
<testcase classname="ApamaPluginUpdateTest" name="SoftwareManagement.Plugin.apama_plugin_update">
		<failure message="BLOCKED: sudo&lt;plugin_install&gt; returned non-zero exit code 2" type="BLOCKED" />
		<system-out>19:16:23 INFO  ==============================================================
19:16:23 INFO  Id:    SoftwareManagement.Plugin.apama_plugin_update
19:16:23 INFO  Dir:   plugin_apama/
19:16:23 INFO  Title: Validate apama plugin updating one project with another
19:16:23 INFO  ==============================================================
19:16:23 INFO  Assertion that path exists=False for "/etc/tedge/apama/project" ... passed
19:16:23 INFO  Executed sudo&lt;create_project_dir&gt;, exit status 0
19:16:24 INFO  Executed sudo&lt;unzip_apama_project&gt;, exit status 0
19:16:24 INFO  Executed sudo&lt;move_apama_project&gt;, exit status 0
19:16:25 INFO  Executed sudo&lt;restart_apama_service&gt;, exit status 0
19:16:26 INFO  Executed sudo&lt;apama_correlator_wait&gt;, exit status 0
19:16:26 INFO  Assertion that path exists=True for "/etc/tedge/apama/project" ... passed
19:16:27 INFO  Executed sudo&lt;apama_list_monitors&gt;, exit status 0
19:16:27 INFO  Grep on file /home/pi/actions-runner/_work/thin-edge.io/thin-edge.io/tests/PySys/plugin_apama/apama_plugin_update/Output/linux/apama_list_monitors.out ... passed
19:16:27 WARN  Executed sudo&lt;plugin_install&gt;, exit status 2
19:16:27 INFO  Contents of plugin_install.err: 
  ERROR: Directory not empty (os error 39)
  -----

19:16:28 WARN  sudo&lt;plugin_install&gt; returned non-zero exit code 2 ... blocked [run.py:35]
19:16:28 WARN  Aborted test due to BLOCKED outcome
19:16:28 INFO  
19:16:28 INFO  cleanup:
19:16:28 INFO  Removing apama project
19:16:43 INFO  Executed sudo&lt;stop_apama_service&gt;, exit status 0, duration 15 secs
19:16:43 INFO  Executed sudo&lt;remove_apama_project&gt;, exit status 0
19:16:44 INFO  Executed sudo&lt;remove_apama_tmp_dir&gt;, exit status 0
19:16:44 INFO  
19:16:44 INFO  Test duration: 21.23 secs
19:16:44 INFO  Test final outcome:  BLOCKED
19:16:44 INFO  Test outcome reason: sudo&lt;plugin_install&gt; returned non-zero exit code 2
19:16:44 INFO  
</system-out>
	</testcase>
<testcase classname="ApamaPluginUpdateTest" name="SoftwareManagement.Plugin.apama_plugin_update">
		<failure message="BLOCKED: sudo&lt;plugin_install&gt; returned non-zero exit code 2" type="BLOCKED" />
		<system-out>19:21:08 INFO  ==============================================================
19:21:08 INFO  Id:    SoftwareManagement.Plugin.apama_plugin_update
19:21:08 INFO  Dir:   plugin_apama/
19:21:08 INFO  Title: Validate apama plugin updating one project with another
19:21:08 INFO  ==============================================================
19:21:08 INFO  Assertion that path exists=False for "/etc/tedge/apama/project" ... passed
19:21:08 INFO  Executed sudo&lt;create_project_dir&gt;, exit status 0
19:21:09 INFO  Executed sudo&lt;unzip_apama_project&gt;, exit status 0
19:21:10 INFO  Executed sudo&lt;move_apama_project&gt;, exit status 0
19:21:10 INFO  Executed sudo&lt;restart_apama_service&gt;, exit status 0
19:21:11 INFO  Executed sudo&lt;apama_correlator_wait&gt;, exit status 0
19:21:11 INFO  Assertion that path exists=True for "/etc/tedge/apama/project" ... passed
19:21:12 INFO  Executed sudo&lt;apama_list_monitors&gt;, exit status 0
19:21:12 INFO  Grep on file /home/pi/actions-runner/_work/thin-edge.io/thin-edge.io/tests/PySys/plugin_apama/apama_plugin_update/Output/linux/apama_list_monitors.out ... passed
19:21:13 WARN  Executed sudo&lt;plugin_install&gt;, exit status 2
19:21:13 INFO  Contents of plugin_install.err: 
  ERROR: Directory not empty (os error 39)
  -----

19:21:13 WARN  sudo&lt;plugin_install&gt; returned non-zero exit code 2 ... blocked [run.py:35]
19:21:13 WARN  Aborted test due to BLOCKED outcome
19:21:13 INFO  
19:21:13 INFO  cleanup:
19:21:13 INFO  Removing apama project
19:21:28 INFO  Executed sudo&lt;stop_apama_service&gt;, exit status 0, duration 15 secs
19:21:29 INFO  Executed sudo&lt;remove_apama_project&gt;, exit status 0
19:21:29 INFO  Executed sudo&lt;remove_apama_tmp_dir&gt;, exit status 0
19:21:29 INFO  
19:21:29 INFO  Test duration: 21.11 secs
19:21:29 INFO  Test final outcome:  BLOCKED
19:21:29 INFO  Test outcome reason: sudo&lt;plugin_install&gt; returned non-zero exit code 2
19:21:29 INFO  
</system-out>
	</testcase>
</testsuite><testsuite name="SoftwareManagement.sm_apt_install_download_path" tests="3" errors="0" failures="2" skipped="1" time="0"><testcase classname="AptInstallWithDownloadPath" name="SoftwareManagement.sm_apt_install_download_path">
		<skipped message="SKIPPED: Testing the apt plugin is not supported on this platform.Use parameter -XmyPlatform='container' to enable it" />
		<system-out>18:34:49 INFO  ==============================================================
18:34:49 INFO  Id:    SoftwareManagement.sm_apt_install_download_path
18:34:49 INFO  Dir:   software_management_end_to_end/
18:34:49 INFO  Title: Install package to directory specified in tedge config set tmp.path
18:34:49 INFO  ==============================================================
18:34:49 INFO  Testing the apt plugin is not supported on this platform.Use parameter -XmyPlatform='container' to enable it ... skipped
18:34:49 WARN  Aborted test due to SKIPPED outcome
18:34:49 INFO  
18:34:49 INFO  Test duration: 0.08 secs
18:34:49 INFO  Test final outcome:  SKIPPED
18:34:49 INFO  Test outcome reason: Testing the apt plugin is not supported on this platform.Use parameter -XmyPlatform='container' to enable it
18:34:49 INFO  
</system-out>
	</testcase>
<testcase classname="AptInstallWithDownloadPath" name="SoftwareManagement.sm_apt_install_download_path">
		<failure message="BLOCKED: AssertionError:" type="BLOCKED" />
		<system-out>18:58:25 INFO  ==============================================================
18:58:25 INFO  Id:    SoftwareManagement.sm_apt_install_download_path
18:58:25 INFO  Dir:   software_management_end_to_end/
18:58:25 INFO  Title: Install package to directory specified in tedge config set tmp.path
18:58:25 INFO  ==============================================================
18:58:25 INFO  Using sw id database: {'asciijump': '5475369', 'robotfindskitten': '5474869', 'squirrel3': '5475279', 'rolldice': '5152439', 'moon-buggy': '5439204', 'apple': '5495053', 'banana': '5494888', 'cherry': '5495382', 'watermelon': '5494510', 'registry': '8018911', 'hello-world': '8021526', 'docker/getting-started': '8021973', 'alpine': '7991792'}
18:58:25 INFO  EnvironmentC8y Setup
18:58:26 INFO  Executed systemctl&lt;serv_mapper1&gt;, exit status 3
18:58:40 INFO  Executed sudo&lt;tedge_connect_c8y&gt;, exit status 0, duration 14 secs
18:58:42 INFO  Executed sudo&lt;tedge_connect_c8y_test&gt;, exit status 0
18:58:42 INFO  Executed systemctl&lt;serv_mosq2&gt;, exit status 0
18:58:43 INFO  Executed systemctl&lt;serv_mapper3&gt;, exit status 0
18:58:45 INFO  State of current operation: SUCCESSFUL
18:58:46 INFO  Assert that (False == value) with value=False ... passed
18:58:46 INFO  Executed sudo, exit status 0
18:58:47 INFO  Executed sudo, exit status 0
18:58:47 INFO  Executed sudo, exit status 0
18:58:51 INFO  Executed sudo&lt;tedge_disconnect_c8y&gt;, exit status 0
18:58:51 INFO  Restarting mosquitto too frequently in the last 10 seconds. It was only up for 3 seconds
18:58:51 INFO  Delaying execution by 8 seconds
18:59:13 INFO  Executed sudo&lt;tedge_connect_c8y&gt;, exit status 0, duration 13 secs
18:59:13 INFO  Response status: 201
18:59:13 INFO  Response to action: {
    "creationTime": "2022-05-03T18:59:13.533Z",
    "deviceName": "m32sd10d",
    "deviceId": "18323235",
    "self": "https://t493319102.eu-latest.cumulocity.com/devicecontrol/operations/18334202",
    "id": "18334202",
    "status": "PENDING",
    "description": "Apply software changes, triggered from PySys: [{'name': 'rolldice', 'id': '5152439', 'version': '::apt', 'url': 'https://thin-edge-io.eu-latest.cumulocity.com/inventory/binaries/12435463', 'action': 'install'}]",
    "c8y_SoftwareUpdate": [
        {
            "name": "rolldice",
            "action": "install",
            "id": "5152439",
            "version": "::apt",
            "url": "https://thin-edge-io.eu-latest.cumulocity.com/inventory/binaries/12435463"
        }
    ]
}
18:59:13 INFO  Started operation: {'creationTime': '2022-05-03T18:59:13.533Z', 'deviceName': 'm32sd10d', 'deviceId': '18323235', 'self': 'https://t493319102.eu-latest.cumulocity.com/devicecontrol/operations/18334202', 'id': '18334202', 'status': 'PENDING', 'description': "Apply software changes, triggered from PySys: [{'name': 'rolldice', 'id': '5152439', 'version': '::apt', 'url': 'https://thin-edge-io.eu-latest.cumulocity.com/inventory/binaries/12435463', 'action': 'install'}]", 'c8y_SoftwareUpdate': [{'name': 'rolldice', 'action': 'install', 'id': '5152439', 'version': '::apt', 'url': 'https://thin-edge-io.eu-latest.cumulocity.com/inventory/binaries/12435463'}]}
18:59:13 WARN  , retrying in 0.5 seconds...
18:59:14 WARN  , retrying in 0.5 seconds...
18:59:14 WARN  , retrying in 0.5 seconds...
18:59:15 WARN  , retrying in 0.5 seconds...
18:59:15 WARN  , retrying in 0.5 seconds...
18:59:16 WARN  , retrying in 0.5 seconds...
18:59:16 WARN  , retrying in 0.5 seconds...
18:59:17 WARN  , retrying in 0.5 seconds...
18:59:17 WARN  , retrying in 0.5 seconds...
18:59:18 WARN  AssertionError occurred while running test - 
Traceback (most recent call last):
  File "/home/pi/env-pysys/lib/python3.7/site-packages/pysys/baserunner.py", line 1294, in __call__
    self.testObj.execute()
  File "/home/pi/actions-runner/_work/thin-edge.io/thin-edge.io/tests/PySys/software_management_end_to_end/sm_apt_install_download_path/run.py", line 83, in execute
    assert_install_in_download_path(install_directory=self.DOWNLOAD_DIR)
  File "/home/pi/env-pysys/lib/python3.7/site-packages/decorator.py", line 232, in fun
    return caller(func, *(extras + args), **kw)
  File "/home/pi/env-pysys/lib/python3.7/site-packages/retry/api.py", line 74, in retry_decorator
    logger)
  File "/home/pi/env-pysys/lib/python3.7/site-packages/retry/api.py", line 33, in __retry_internal
    return f()
  File "/home/pi/actions-runner/_work/thin-edge.io/thin-edge.io/tests/PySys/software_management_end_to_end/sm_apt_install_download_path/run.py", line 28, in assert_install_in_download_path
    assert "rolldice" in os.listdir(f"{install_directory}")
AssertionError
18:59:18 WARN  AssertionError: ... blocked 
18:59:18 INFO  
18:59:18 INFO  cleanup:
18:59:19 INFO  Executed sudo, exit status 0
18:59:20 INFO  Executed sudo, exit status 0
18:59:24 INFO  Executed sudo&lt;tedge_disconnect_c8y&gt;, exit status 0
18:59:24 INFO  Restarting mosquitto too frequently in the last 10 seconds. It was only up for 4 seconds
18:59:24 INFO  Delaying execution by 7 seconds
18:59:45 INFO  Executed sudo&lt;tedge_connect_c8y&gt;, exit status 0, duration 14 secs
18:59:49 INFO  Executed sudo&lt;tedge_disconnect_c8y&gt;, exit status 0
18:59:50 INFO  Executed systemctl&lt;serv_mapper5&gt;, exit status 3
18:59:50 INFO  
18:59:50 INFO  Test duration: 84.79 secs
18:59:50 INFO  Test final outcome:  BLOCKED
18:59:50 INFO  Test outcome reason: AssertionError:
18:59:50 INFO  
</system-out>
	</testcase>
<testcase classname="AptInstallWithDownloadPath" name="SoftwareManagement.sm_apt_install_download_path">
		<failure message="BLOCKED: AssertionError:" type="BLOCKED" />
		<system-out>19:21:29 INFO  ==============================================================
19:21:29 INFO  Id:    SoftwareManagement.sm_apt_install_download_path
19:21:29 INFO  Dir:   software_management_end_to_end/
19:21:29 INFO  Title: Install package to directory specified in tedge config set tmp.path
19:21:29 INFO  ==============================================================
19:21:30 INFO  Using sw id database: {'asciijump': '5475369', 'robotfindskitten': '5474869', 'squirrel3': '5475279', 'rolldice': '5152439', 'moon-buggy': '5439204', 'apple': '5495053', 'banana': '5494888', 'cherry': '5495382', 'watermelon': '5494510', 'registry': '8018911', 'hello-world': '8021526', 'docker/getting-started': '8021973', 'alpine': '7991792'}
19:21:30 INFO  EnvironmentC8y Setup
19:21:31 INFO  Executed systemctl&lt;serv_mapper1&gt;, exit status 3
19:21:45 INFO  Executed sudo&lt;tedge_connect_c8y&gt;, exit status 0, duration 13 secs
19:21:45 INFO  Executed sudo&lt;tedge_connect_c8y_test&gt;, exit status 0
19:21:46 INFO  Executed systemctl&lt;serv_mosq2&gt;, exit status 0
19:21:46 INFO  Executed systemctl&lt;serv_mapper3&gt;, exit status 0
19:21:49 INFO  State of current operation: FAILED
19:21:49 INFO  Assert that (False == value) with value=False ... passed
19:21:49 INFO  Executed sudo, exit status 0
19:21:50 INFO  Executed sudo, exit status 0
19:21:51 INFO  Executed sudo, exit status 0
19:21:54 INFO  Executed sudo&lt;tedge_disconnect_c8y&gt;, exit status 0
19:21:54 INFO  Restarting mosquitto too frequently in the last 10 seconds. It was only up for 3 seconds
19:21:54 INFO  Delaying execution by 8 seconds
19:22:16 INFO  Executed sudo&lt;tedge_connect_c8y&gt;, exit status 0, duration 13 secs
19:22:17 INFO  Response status: 201
19:22:17 INFO  Response to action: {
    "creationTime": "2022-05-03T19:22:16.987Z",
    "deviceName": "m32sd10d",
    "deviceId": "18323235",
    "self": "https://t493319102.eu-latest.cumulocity.com/devicecontrol/operations/18334338",
    "id": "18334338",
    "status": "PENDING",
    "description": "Apply software changes, triggered from PySys: [{'name': 'rolldice', 'id': '5152439', 'version': '::apt', 'url': 'https://thin-edge-io.eu-latest.cumulocity.com/inventory/binaries/12435463', 'action': 'install'}]",
    "c8y_SoftwareUpdate": [
        {
            "name": "rolldice",
            "action": "install",
            "id": "5152439",
            "version": "::apt",
            "url": "https://thin-edge-io.eu-latest.cumulocity.com/inventory/binaries/12435463"
        }
    ]
}
19:22:17 INFO  Started operation: {'creationTime': '2022-05-03T19:22:16.987Z', 'deviceName': 'm32sd10d', 'deviceId': '18323235', 'self': 'https://t493319102.eu-latest.cumulocity.com/devicecontrol/operations/18334338', 'id': '18334338', 'status': 'PENDING', 'description': "Apply software changes, triggered from PySys: [{'name': 'rolldice', 'id': '5152439', 'version': '::apt', 'url': 'https://thin-edge-io.eu-latest.cumulocity.com/inventory/binaries/12435463', 'action': 'install'}]", 'c8y_SoftwareUpdate': [{'name': 'rolldice', 'action': 'install', 'id': '5152439', 'version': '::apt', 'url': 'https://thin-edge-io.eu-latest.cumulocity.com/inventory/binaries/12435463'}]}
19:22:17 WARN  , retrying in 0.5 seconds...
19:22:17 WARN  , retrying in 0.5 seconds...
19:22:18 WARN  , retrying in 0.5 seconds...
19:22:18 WARN  , retrying in 0.5 seconds...
19:22:19 WARN  , retrying in 0.5 seconds...
19:22:19 WARN  , retrying in 0.5 seconds...
19:22:20 WARN  , retrying in 0.5 seconds...
19:22:20 WARN  , retrying in 0.5 seconds...
19:22:21 WARN  , retrying in 0.5 seconds...
19:22:21 WARN  AssertionError occurred while running test - 
Traceback (most recent call last):
  File "/home/pi/env-pysys/lib/python3.7/site-packages/pysys/baserunner.py", line 1294, in __call__
    self.testObj.execute()
  File "/home/pi/actions-runner/_work/thin-edge.io/thin-edge.io/tests/PySys/software_management_end_to_end/sm_apt_install_download_path/run.py", line 83, in execute
    assert_install_in_download_path(install_directory=self.DOWNLOAD_DIR)
  File "/home/pi/env-pysys/lib/python3.7/site-packages/decorator.py", line 232, in fun
    return caller(func, *(extras + args), **kw)
  File "/home/pi/env-pysys/lib/python3.7/site-packages/retry/api.py", line 74, in retry_decorator
    logger)
  File "/home/pi/env-pysys/lib/python3.7/site-packages/retry/api.py", line 33, in __retry_internal
    return f()
  File "/home/pi/actions-runner/_work/thin-edge.io/thin-edge.io/tests/PySys/software_management_end_to_end/sm_apt_install_download_path/run.py", line 28, in assert_install_in_download_path
    assert "rolldice" in os.listdir(f"{install_directory}")
AssertionError
19:22:21 WARN  AssertionError: ... blocked 
19:22:21 INFO  
19:22:21 INFO  cleanup:
19:22:22 INFO  Executed sudo, exit status 0
19:22:22 INFO  Executed sudo, exit status 0
19:22:27 INFO  Executed sudo&lt;tedge_disconnect_c8y&gt;, exit status 0
19:22:27 INFO  Restarting mosquitto too frequently in the last 10 seconds. It was only up for 3 seconds
19:22:27 INFO  Delaying execution by 8 seconds
19:22:49 INFO  Executed sudo&lt;tedge_connect_c8y&gt;, exit status 0, duration 13 secs
19:22:53 INFO  Executed sudo&lt;tedge_disconnect_c8y&gt;, exit status 0
19:22:53 INFO  Executed systemctl&lt;serv_mapper5&gt;, exit status 3
19:22:53 INFO  
19:22:53 INFO  Test duration: 84.24 secs
19:22:53 INFO  Test final outcome:  BLOCKED
19:22:53 INFO  Test outcome reason: AssertionError:
19:22:53 INFO  
</system-out>
	</testcase>
</testsuite><testsuite name="SoftwareManagement.sm_apt_install_fail" tests="3" errors="0" failures="0" skipped="1" time="0"><testcase classname="PySysTest" name="SoftwareManagement.sm_apt_install_fail">
		<skipped message="SKIPPED: Testing the apt plugin is not supported on this platform.Use parameter -XmyPlatform='container' to enable it" />
		<system-out>18:34:49 INFO  ==============================================================
18:34:49 INFO  Id:    SoftwareManagement.sm_apt_install_fail
18:34:49 INFO  Dir:   software_management_end_to_end/
18:34:49 INFO  Title: Validate end to end behaviour for a failing installation
18:34:49 INFO  ==============================================================
18:34:49 INFO  Testing the apt plugin is not supported on this platform.Use parameter -XmyPlatform='container' to enable it ... skipped
18:34:49 WARN  Aborted test due to SKIPPED outcome
18:34:49 INFO  
18:34:49 INFO  Test duration: 0.02 secs
18:34:49 INFO  Test final outcome:  SKIPPED
18:34:49 INFO  Test outcome reason: Testing the apt plugin is not supported on this platform.Use parameter -XmyPlatform='container' to enable it
18:34:49 INFO  
</system-out>
	</testcase>
<testcase classname="PySysTest" name="SoftwareManagement.sm_apt_install_fail" />
<testcase classname="PySysTest" name="SoftwareManagement.sm_apt_install_fail" />
</testsuite><testsuite name="SoftwareManagement.sm_apt_install_remove" tests="3" errors="0" failures="0" skipped="1" time="0"><testcase classname="PySysTest" name="SoftwareManagement.sm_apt_install_remove">
		<skipped message="SKIPPED: Testing the apt plugin is not supported on this platform.Use parameter -XmyPlatform='container' to enable it" />
		<system-out>18:34:49 INFO  ==============================================================
18:34:49 INFO  Id:    SoftwareManagement.sm_apt_install_remove
18:34:49 INFO  Dir:   software_management_end_to_end/
18:34:49 INFO  Title: Validate end to end behaviour for the apt plugin for installation and removal of packages
18:34:49 INFO  ==============================================================
18:34:49 INFO  Testing the apt plugin is not supported on this platform.Use parameter -XmyPlatform='container' to enable it ... skipped
18:34:49 WARN  Aborted test due to SKIPPED outcome
18:34:49 INFO  
18:34:49 INFO  Test duration: 0.02 secs
18:34:49 INFO  Test final outcome:  SKIPPED
18:34:49 INFO  Test outcome reason: Testing the apt plugin is not supported on this platform.Use parameter -XmyPlatform='container' to enable it
18:34:49 INFO  
</system-out>
	</testcase>
<testcase classname="PySysTest" name="SoftwareManagement.sm_apt_install_remove" />
<testcase classname="PySysTest" name="SoftwareManagement.sm_apt_install_remove" />
</testsuite><testsuite name="SoftwareManagement.sm_apt_install_remove_default" tests="3" errors="0" failures="0" skipped="1" time="0"><testcase classname="PySysTest" name="SoftwareManagement.sm_apt_install_remove_default">
		<skipped message="SKIPPED: Testing the apt plugin is not supported on this platform.Use parameter -XmyPlatform='container' to enable it" />
		<system-out>18:34:49 INFO  ==============================================================
18:34:49 INFO  Id:    SoftwareManagement.sm_apt_install_remove_default
18:34:49 INFO  Dir:   software_management_end_to_end/
18:34:49 INFO  Title: Validate end to end behaviour for the default plugin for installation and removal of packages
18:34:49 INFO  ==============================================================
18:34:49 INFO  Testing the apt plugin is not supported on this platform.Use parameter -XmyPlatform='container' to enable it ... skipped
18:34:49 WARN  Aborted test due to SKIPPED outcome
18:34:49 INFO  
18:34:49 INFO  Test duration: 0.02 secs
18:34:49 INFO  Test final outcome:  SKIPPED
18:34:49 INFO  Test outcome reason: Testing the apt plugin is not supported on this platform.Use parameter -XmyPlatform='container' to enable it
18:34:49 INFO  
</system-out>
	</testcase>
<testcase classname="PySysTest" name="SoftwareManagement.sm_apt_install_remove_default" />
<testcase classname="PySysTest" name="SoftwareManagement.sm_apt_install_remove_default" />
</testsuite><testsuite name="SoftwareManagement.sm_apt_install_remove_multiple" tests="3" errors="0" failures="2" skipped="1" time="0"><testcase classname="PySysTest" name="SoftwareManagement.sm_apt_install_remove_multiple">
		<skipped message="SKIPPED: Testing the apt plugin is not supported on this platform.Use parameter -XmyPlatform='container' to enable it" />
		<system-out>18:34:49 INFO  ==============================================================
18:34:49 INFO  Id:    SoftwareManagement.sm_apt_install_remove_multiple
18:34:49 INFO  Dir:   software_management_end_to_end/
18:34:49 INFO  Title: Validate end to end behaviour for the apt plugin for multiple packages
18:34:49 INFO  ==============================================================
18:34:49 INFO  Testing the apt plugin is not supported on this platform.Use parameter -XmyPlatform='container' to enable it ... skipped
18:34:49 WARN  Aborted test due to SKIPPED outcome
18:34:49 INFO  
18:34:49 INFO  Test duration: 0.02 secs
18:34:49 INFO  Test final outcome:  SKIPPED
18:34:49 INFO  Test outcome reason: Testing the apt plugin is not supported on this platform.Use parameter -XmyPlatform='container' to enable it
18:34:49 INFO  
</system-out>
	</testcase>
<testcase classname="PySysTest" name="SoftwareManagement.sm_apt_install_remove_multiple">
		<failure message="FAILED: Assert that (False == value) with value=True" type="FAILED" />
		<system-out>19:06:37 INFO  ==============================================================
19:06:37 INFO  Id:    SoftwareManagement.sm_apt_install_remove_multiple
19:06:37 INFO  Dir:   software_management_end_to_end/
19:06:37 INFO  Title: Validate end to end behaviour for the apt plugin for multiple packages
19:06:37 INFO  ==============================================================
19:06:37 INFO  Using sw id database: {'asciijump': '5475369', 'robotfindskitten': '5474869', 'squirrel3': '5475279', 'rolldice': '5152439', 'moon-buggy': '5439204', 'apple': '5495053', 'banana': '5494888', 'cherry': '5495382', 'watermelon': '5494510', 'registry': '8018911', 'hello-world': '8021526', 'docker/getting-started': '8021973', 'alpine': '7991792'}
19:06:37 INFO  EnvironmentC8y Setup
19:06:38 INFO  Executed systemctl&lt;serv_mapper1&gt;, exit status 3
19:06:38 INFO  Restarting mosquitto too frequently in the last 10 seconds. It was only up for 5 seconds
19:06:38 INFO  Delaying execution by 6 seconds
19:06:58 INFO  Executed sudo&lt;tedge_connect_c8y&gt;, exit status 0, duration 13 secs
19:06:59 INFO  Executed sudo&lt;tedge_connect_c8y_test&gt;, exit status 0
19:06:59 INFO  Executed systemctl&lt;serv_mosq2&gt;, exit status 0
19:06:59 INFO  Executed systemctl&lt;serv_mapper3&gt;, exit status 0
19:07:02 INFO  State of current operation: SUCCESSFUL
19:07:02 INFO  Assert that (False == value) with value=False ... passed
19:07:02 INFO  Assert that (False == value) with value=False ... passed
19:07:02 INFO  Assert that (False == value) with value=False ... passed
19:07:03 INFO  Package robotfindskitten is installed
19:07:03 WARN  Assert that (False == value) with value=True ... failed 
19:07:03 INFO  Response status: 201
19:07:03 INFO  Response to action: {
    "creationTime": "2022-05-03T19:07:03.344Z",
    "deviceName": "m32sd10d",
    "deviceId": "18323235",
    "self": "https://t493319102.eu-latest.cumulocity.com/devicecontrol/operations/18334251",
    "id": "18334251",
    "status": "PENDING",
    "description": "Apply software changes, triggered from PySys: [{'action': 'install', 'id': '5475369', 'name': 'asciijump', 'url': ' ', 'version': '::apt'}, {'action': 'install', 'id': '5474869', 'name': 'robotfindskitten', 'url': ' ', 'version': '::apt'}, {'action': 'install', 'id': '5475279', 'name': 'squirrel3', 'url': ' ', 'version': '::apt'}]",
    "c8y_SoftwareUpdate": [
        {
            "name": "asciijump",
            "action": "install",
            "id": "5475369",
            "version": "::apt",
            "url": " "
        },
        {
            "name": "robotfindskitten",
            "action": "install",
            "id": "5474869",
            "version": "::apt",
            "url": " "
        },
        {
            "name": "squirrel3",
            "action": "install",
            "id": "5475279",
            "version": "::apt",
            "url": " "
        }
    ]
}
19:07:03 INFO  Started operation: {'creationTime': '2022-05-03T19:07:03.344Z', 'deviceName': 'm32sd10d', 'deviceId': '18323235', 'self': 'https://t493319102.eu-latest.cumulocity.com/devicecontrol/operations/18334251', 'id': '18334251', 'status': 'PENDING', 'description': "Apply software changes, triggered from PySys: [{'action': 'install', 'id': '5475369', 'name': 'asciijump', 'url': ' ', 'version': '::apt'}, {'action': 'install', 'id': '5474869', 'name': 'robotfindskitten', 'url': ' ', 'version': '::apt'}, {'action': 'install', 'id': '5475279', 'name': 'squirrel3', 'url': ' ', 'version': '::apt'}]", 'c8y_SoftwareUpdate': [{'name': 'asciijump', 'action': 'install', 'id': '5475369', 'version': '::apt', 'url': ' '}, {'name': 'robotfindskitten', 'action': 'install', 'id': '5474869', 'version': '::apt', 'url': ' '}, {'name': 'squirrel3', 'action': 'install', 'id': '5475279', 'version': '::apt', 'url': ' '}]}
19:07:05 INFO  State of operation 18334251 : PENDING
19:07:07 INFO  State of operation 18334251 : EXECUTING
19:07:10 INFO  State of operation 18334251 : EXECUTING
19:07:12 INFO  State of operation 18334251 : EXECUTING
19:07:14 INFO  State of operation 18334251 : EXECUTING
19:07:16 INFO  State of operation 18334251 : EXECUTING
19:07:19 INFO  State of operation 18334251 : EXECUTING
19:07:22 INFO  State of operation 18334251 : EXECUTING
19:07:24 INFO  State of operation 18334251 : EXECUTING
19:07:27 INFO  State of operation 18334251 : EXECUTING
19:07:29 INFO  State of operation 18334251 : EXECUTING
19:07:31 INFO  State of operation 18334251 : EXECUTING
19:07:33 INFO  State of operation 18334251 : EXECUTING
19:07:35 INFO  State of operation 18334251 : EXECUTING
19:07:38 INFO  State of operation 18334251 : EXECUTING
19:07:40 INFO  State of operation 18334251 : EXECUTING
19:07:42 INFO  State of operation 18334251 : EXECUTING
19:07:45 INFO  State of operation 18334251 : EXECUTING
19:07:47 INFO  State of operation 18334251 : EXECUTING
19:07:49 INFO  State of operation 18334251 : EXECUTING
19:07:52 INFO  State of operation 18334251 : EXECUTING
19:07:55 INFO  State of operation 18334251 : EXECUTING
19:07:57 INFO  State of operation 18334251 : EXECUTING
19:08:00 INFO  State of operation 18334251 : EXECUTING
19:08:02 INFO  State of operation 18334251 : EXECUTING
19:08:05 INFO  State of operation 18334251 : EXECUTING
19:08:08 INFO  State of operation 18334251 : EXECUTING
19:08:10 INFO  State of operation 18334251 : EXECUTING
19:08:12 INFO  State of operation 18334251 : EXECUTING
19:08:15 INFO  State of operation 18334251 : EXECUTING
19:08:17 INFO  State of operation 18334251 : EXECUTING
19:08:19 INFO  State of operation 18334251 : EXECUTING
19:08:21 INFO  State of operation 18334251 : EXECUTING
19:08:24 INFO  State of operation 18334251 : SUCCESSFUL
19:08:24 INFO  Assert that (False == value) with value=False ... passed
19:08:24 INFO  Package asciijump is installed
19:08:24 INFO  Assert that (True == value) with value=True ... passed
19:08:24 INFO  Package squirrel3 is installed
19:08:24 INFO  Assert that (True == value) with value=True ... passed
19:08:25 INFO  Package robotfindskitten is installed
19:08:25 INFO  Assert that (True == value) with value=True ... passed
19:08:25 INFO  Response status: 201
19:08:25 INFO  Response to action: {
    "creationTime": "2022-05-03T19:08:25.204Z",
    "deviceName": "m32sd10d",
    "deviceId": "18323235",
    "self": "https://t493319102.eu-latest.cumulocity.com/devicecontrol/operations/18334261",
    "id": "18334261",
    "status": "PENDING",
    "description": "Apply software changes, triggered from PySys: [{'action': 'delete', 'id': '5475369', 'name': 'asciijump', 'url': ' ', 'version': '::apt'}, {'action': 'delete', 'id': '5474869', 'name': 'robotfindskitten', 'url': ' ', 'version': '::apt'}, {'action': 'delete', 'id': '5475279', 'name': 'squirrel3', 'url': ' ', 'version': '::apt'}]",
    "c8y_SoftwareUpdate": [
        {
            "name": "asciijump",
            "action": "delete",
            "id": "5475369",
            "version": "::apt",
            "url": " "
        },
        {
            "name": "robotfindskitten",
            "action": "delete",
            "id": "5474869",
            "version": "::apt",
            "url": " "
        },
        {
            "name": "squirrel3",
            "action": "delete",
            "id": "5475279",
            "version": "::apt",
            "url": " "
        }
    ]
}
19:08:25 INFO  Started operation: {'creationTime': '2022-05-03T19:08:25.204Z', 'deviceName': 'm32sd10d', 'deviceId': '18323235', 'self': 'https://t493319102.eu-latest.cumulocity.com/devicecontrol/operations/18334261', 'id': '18334261', 'status': 'PENDING', 'description': "Apply software changes, triggered from PySys: [{'action': 'delete', 'id': '5475369', 'name': 'asciijump', 'url': ' ', 'version': '::apt'}, {'action': 'delete', 'id': '5474869', 'name': 'robotfindskitten', 'url': ' ', 'version': '::apt'}, {'action': 'delete', 'id': '5475279', 'name': 'squirrel3', 'url': ' ', 'version': '::apt'}]", 'c8y_SoftwareUpdate': [{'name': 'asciijump', 'action': 'delete', 'id': '5475369', 'version': '::apt', 'url': ' '}, {'name': 'robotfindskitten', 'action': 'delete', 'id': '5474869', 'version': '::apt', 'url': ' '}, {'name': 'squirrel3', 'action': 'delete', 'id': '5475279', 'version': '::apt', 'url': ' '}]}
19:08:27 INFO  State of operation 18334261 : PENDING
19:08:29 INFO  State of operation 18334261 : EXECUTING
19:08:31 INFO  State of operation 18334261 : EXECUTING
19:08:34 INFO  State of operation 18334261 : EXECUTING
19:08:36 INFO  State of operation 18334261 : EXECUTING
19:08:38 INFO  State of operation 18334261 : EXECUTING
19:08:41 INFO  State of operation 18334261 : EXECUTING
19:08:44 INFO  State of operation 18334261 : EXECUTING
19:08:46 INFO  State of operation 18334261 : EXECUTING
19:08:48 INFO  State of operation 18334261 : EXECUTING
19:08:51 INFO  State of operation 18334261 : EXECUTING
19:08:53 INFO  State of operation 18334261 : EXECUTING
19:08:55 INFO  State of operation 18334261 : EXECUTING
19:08:57 INFO  State of operation 18334261 : EXECUTING
19:09:00 INFO  State of operation 18334261 : EXECUTING
19:09:02 INFO  State of operation 18334261 : EXECUTING
19:09:04 INFO  State of operation 18334261 : EXECUTING
19:09:07 INFO  State of operation 18334261 : EXECUTING
19:09:09 INFO  State of operation 18334261 : EXECUTING
19:09:12 INFO  State of operation 18334261 : EXECUTING
19:09:14 INFO  State of operation 18334261 : EXECUTING
19:09:16 INFO  State of operation 18334261 : EXECUTING
19:09:18 INFO  State of operation 18334261 : EXECUTING
19:09:21 INFO  State of operation 18334261 : EXECUTING
19:09:23 INFO  State of operation 18334261 : EXECUTING
19:09:26 INFO  State of operation 18334261 : EXECUTING
19:09:28 INFO  State of operation 18334261 : EXECUTING
19:09:30 INFO  State of operation 18334261 : SUCCESSFUL
19:09:30 INFO  Assert that (False == value) with value=False ... passed
19:09:31 INFO  Assert that (False == value) with value=False ... passed
19:09:31 INFO  Assert that (False == value) with value=False ... passed
19:09:31 INFO  Assert that (False == value) with value=False ... passed
19:09:31 INFO  
19:09:31 INFO  cleanup:
19:09:35 INFO  Executed sudo&lt;tedge_disconnect_c8y&gt;, exit status 0
19:09:36 INFO  Executed systemctl&lt;serv_mapper5&gt;, exit status 3
19:09:36 INFO  
19:09:36 INFO  Test duration: 178.34 secs
19:09:36 INFO  Test final outcome:  FAILED
19:09:36 INFO  Test outcome reason: Assert that (False == value) with value=True
19:09:36 INFO  
</system-out>
	</testcase>
<testcase classname="PySysTest" name="SoftwareManagement.sm_apt_install_remove_multiple">
		<failure message="FAILED: Assert that (False == value) with value=True (+2 other failures)" type="FAILED" />
		<system-out>19:29:20 INFO  ==============================================================
19:29:20 INFO  Id:    SoftwareManagement.sm_apt_install_remove_multiple
19:29:20 INFO  Dir:   software_management_end_to_end/
19:29:20 INFO  Title: Validate end to end behaviour for the apt plugin for multiple packages
19:29:20 INFO  ==============================================================
19:29:20 INFO  Using sw id database: {'asciijump': '5475369', 'robotfindskitten': '5474869', 'squirrel3': '5475279', 'rolldice': '5152439', 'moon-buggy': '5439204', 'apple': '5495053', 'banana': '5494888', 'cherry': '5495382', 'watermelon': '5494510', 'registry': '8018911', 'hello-world': '8021526', 'docker/getting-started': '8021973', 'alpine': '7991792'}
19:29:20 INFO  EnvironmentC8y Setup
19:29:20 INFO  Executed systemctl&lt;serv_mapper1&gt;, exit status 3
19:29:20 INFO  Restarting mosquitto too frequently in the last 10 seconds. It was only up for 4 seconds
19:29:20 INFO  Delaying execution by 7 seconds
19:29:41 INFO  Executed sudo&lt;tedge_connect_c8y&gt;, exit status 0, duration 13 secs
19:29:42 INFO  Executed sudo&lt;tedge_connect_c8y_test&gt;, exit status 0
19:29:42 INFO  Executed systemctl&lt;serv_mosq2&gt;, exit status 0
19:29:43 INFO  Executed systemctl&lt;serv_mapper3&gt;, exit status 0
19:29:45 INFO  State of current operation: SUCCESSFUL
19:29:45 INFO  Assert that (False == value) with value=False ... passed
19:29:46 INFO  Package asciijump is installed
19:29:46 WARN  Assert that (False == value) with value=True ... failed 
19:29:46 INFO  Package squirrel3 is installed
19:29:46 WARN  Assert that (False == value) with value=True ... failed 
19:29:46 INFO  Package robotfindskitten is installed
19:29:46 WARN  Assert that (False == value) with value=True ... failed 
19:29:47 INFO  Response status: 201
19:29:47 INFO  Response to action: {
    "delivery": {
        "time": "2022-05-03T19:29:47.082Z",
        "log": [],
        "status": "PENDING"
    },
    "creationTime": "2022-05-03T19:29:47.062Z",
    "deviceName": "m32sd10d",
    "deviceId": "18323235",
    "self": "https://t493319102.eu-latest.cumulocity.com/devicecontrol/operations/18334412",
    "id": "18334412",
    "status": "PENDING",
    "description": "Apply software changes, triggered from PySys: [{'action': 'install', 'id': '5475369', 'name': 'asciijump', 'url': ' ', 'version': '::apt'}, {'action': 'install', 'id': '5474869', 'name': 'robotfindskitten', 'url': ' ', 'version': '::apt'}, {'action': 'install', 'id': '5475279', 'name': 'squirrel3', 'url': ' ', 'version': '::apt'}]",
    "c8y_SoftwareUpdate": [
        {
            "name": "asciijump",
            "action": "install",
            "id": "5475369",
            "version": "::apt",
            "url": " "
        },
        {
            "name": "robotfindskitten",
            "action": "install",
            "id": "5474869",
            "version": "::apt",
            "url": " "
        },
        {
            "name": "squirrel3",
            "action": "install",
            "id": "5475279",
            "version": "::apt",
            "url": " "
        }
    ]
}
19:29:47 INFO  Started operation: {'delivery': {'time': '2022-05-03T19:29:47.082Z', 'log': [], 'status': 'PENDING'}, 'creationTime': '2022-05-03T19:29:47.062Z', 'deviceName': 'm32sd10d', 'deviceId': '18323235', 'self': 'https://t493319102.eu-latest.cumulocity.com/devicecontrol/operations/18334412', 'id': '18334412', 'status': 'PENDING', 'description': "Apply software changes, triggered from PySys: [{'action': 'install', 'id': '5475369', 'name': 'asciijump', 'url': ' ', 'version': '::apt'}, {'action': 'install', 'id': '5474869', 'name': 'robotfindskitten', 'url': ' ', 'version': '::apt'}, {'action': 'install', 'id': '5475279', 'name': 'squirrel3', 'url': ' ', 'version': '::apt'}]", 'c8y_SoftwareUpdate': [{'name': 'asciijump', 'action': 'install', 'id': '5475369', 'version': '::apt', 'url': ' '}, {'name': 'robotfindskitten', 'action': 'install', 'id': '5474869', 'version': '::apt', 'url': ' '}, {'name': 'squirrel3', 'action': 'install', 'id': '5475279', 'version': '::apt', 'url': ' '}]}
19:29:49 INFO  State of operation 18334412 : PENDING
19:29:51 INFO  State of operation 18334412 : EXECUTING
19:29:53 INFO  State of operation 18334412 : EXECUTING
19:29:55 INFO  State of operation 18334412 : EXECUTING
19:29:58 INFO  State of operation 18334412 : EXECUTING
19:30:00 INFO  State of operation 18334412 : EXECUTING
19:30:03 INFO  State of operation 18334412 : EXECUTING
19:30:05 INFO  State of operation 18334412 : EXECUTING
19:30:08 INFO  State of operation 18334412 : EXECUTING
19:30:10 INFO  State of operation 18334412 : EXECUTING
19:30:13 INFO  State of operation 18334412 : EXECUTING
19:30:15 INFO  State of operation 18334412 : EXECUTING
19:30:17 INFO  State of operation 18334412 : EXECUTING
19:30:19 INFO  State of operation 18334412 : EXECUTING
19:30:22 INFO  State of operation 18334412 : EXECUTING
19:30:24 INFO  State of operation 18334412 : SUCCESSFUL
19:30:24 INFO  Assert that (False == value) with value=False ... passed
19:30:24 INFO  Package asciijump is installed
19:30:24 INFO  Assert that (True == value) with value=True ... passed
19:30:24 INFO  Package squirrel3 is installed
19:30:24 INFO  Assert that (True == value) with value=True ... passed
19:30:25 INFO  Package robotfindskitten is installed
19:30:25 INFO  Assert that (True == value) with value=True ... passed
19:30:25 INFO  Response status: 201
19:30:25 INFO  Response to action: {
    "delivery": {
        "time": "2022-05-03T19:30:25.408Z",
        "log": [],
        "status": "PENDING"
    },
    "creationTime": "2022-05-03T19:30:25.388Z",
    "deviceName": "m32sd10d",
    "deviceId": "18323235",
    "self": "https://t493319102.eu-latest.cumulocity.com/devicecontrol/operations/18334422",
    "id": "18334422",
    "status": "PENDING",
    "description": "Apply software changes, triggered from PySys: [{'action': 'delete', 'id': '5475369', 'name': 'asciijump', 'url': ' ', 'version': '::apt'}, {'action': 'delete', 'id': '5474869', 'name': 'robotfindskitten', 'url': ' ', 'version': '::apt'}, {'action': 'delete', 'id': '5475279', 'name': 'squirrel3', 'url': ' ', 'version': '::apt'}]",
    "c8y_SoftwareUpdate": [
        {
            "name": "asciijump",
            "action": "delete",
            "id": "5475369",
            "version": "::apt",
            "url": " "
        },
        {
            "name": "robotfindskitten",
            "action": "delete",
            "id": "5474869",
            "version": "::apt",
            "url": " "
        },
        {
            "name": "squirrel3",
            "action": "delete",
            "id": "5475279",
            "version": "::apt",
            "url": " "
        }
    ]
}
19:30:25 INFO  Started operation: {'delivery': {'time': '2022-05-03T19:30:25.408Z', 'log': [], 'status': 'PENDING'}, 'creationTime': '2022-05-03T19:30:25.388Z', 'deviceName': 'm32sd10d', 'deviceId': '18323235', 'self': 'https://t493319102.eu-latest.cumulocity.com/devicecontrol/operations/18334422', 'id': '18334422', 'status': 'PENDING', 'description': "Apply software changes, triggered from PySys: [{'action': 'delete', 'id': '5475369', 'name': 'asciijump', 'url': ' ', 'version': '::apt'}, {'action': 'delete', 'id': '5474869', 'name': 'robotfindskitten', 'url': ' ', 'version': '::apt'}, {'action': 'delete', 'id': '5475279', 'name': 'squirrel3', 'url': ' ', 'version': '::apt'}]", 'c8y_SoftwareUpdate': [{'name': 'asciijump', 'action': 'delete', 'id': '5475369', 'version': '::apt', 'url': ' '}, {'name': 'robotfindskitten', 'action': 'delete', 'id': '5474869', 'version': '::apt', 'url': ' '}, {'name': 'squirrel3', 'action': 'delete', 'id': '5475279', 'version': '::apt', 'url': ' '}]}
19:30:27 INFO  State of operation 18334422 : PENDING
19:30:29 INFO  State of operation 18334422 : EXECUTING
19:30:32 INFO  State of operation 18334422 : EXECUTING
19:30:34 INFO  State of operation 18334422 : EXECUTING
19:30:36 INFO  State of operation 18334422 : EXECUTING
19:30:38 INFO  State of operation 18334422 : EXECUTING
19:30:41 INFO  State of operation 18334422 : EXECUTING
19:30:44 INFO  State of operation 18334422 : EXECUTING
19:30:46 INFO  State of operation 18334422 : EXECUTING
19:30:48 INFO  State of operation 18334422 : EXECUTING
19:30:51 INFO  State of operation 18334422 : EXECUTING
19:30:53 INFO  State of operation 18334422 : EXECUTING
19:30:55 INFO  State of operation 18334422 : EXECUTING
19:30:57 INFO  State of operation 18334422 : EXECUTING
19:30:59 INFO  State of operation 18334422 : EXECUTING
19:31:02 INFO  State of operation 18334422 : EXECUTING
19:31:04 INFO  State of operation 18334422 : EXECUTING
19:31:06 INFO  State of operation 18334422 : EXECUTING
19:31:09 INFO  State of operation 18334422 : EXECUTING
19:31:12 INFO  State of operation 18334422 : EXECUTING
19:31:14 INFO  State of operation 18334422 : EXECUTING
19:31:16 INFO  State of operation 18334422 : EXECUTING
19:31:18 INFO  State of operation 18334422 : EXECUTING
19:31:21 INFO  State of operation 18334422 : EXECUTING
19:31:23 INFO  State of operation 18334422 : EXECUTING
19:31:25 INFO  State of operation 18334422 : EXECUTING
19:31:28 INFO  State of operation 18334422 : EXECUTING
19:31:30 INFO  State of operation 18334422 : EXECUTING
19:31:32 INFO  State of operation 18334422 : SUCCESSFUL
19:31:33 INFO  Assert that (False == value) with value=False ... passed
19:31:33 INFO  Assert that (False == value) with value=False ... passed
19:31:33 INFO  Assert that (False == value) with value=False ... passed
19:31:33 INFO  Assert that (False == value) with value=False ... passed
19:31:33 INFO  
19:31:33 INFO  cleanup:
19:31:37 INFO  Executed sudo&lt;tedge_disconnect_c8y&gt;, exit status 0
19:31:38 INFO  Executed systemctl&lt;serv_mapper5&gt;, exit status 3
19:31:38 INFO  
19:31:38 INFO  Test duration: 138.21 secs
19:31:38 INFO  Test final outcome:  FAILED
19:31:38 INFO  Test outcome reason: Assert that (False == value) with value=True (+2 other failures)
19:31:38 INFO  
</system-out>
	</testcase>
</testsuite><testsuite name="SoftwareManagement.sm_apt_install_remove_multiple_mixed" tests="3" errors="0" failures="2" skipped="1" time="0"><testcase classname="PySysTest" name="SoftwareManagement.sm_apt_install_remove_multiple_mixed">
		<skipped message="SKIPPED: Testing the apt plugin is not supported on this platform.Use parameter -XmyPlatform='container' to enable it" />
		<system-out>18:34:49 INFO  ==============================================================
18:34:49 INFO  Id:    SoftwareManagement.sm_apt_install_remove_multiple_mixed
18:34:49 INFO  Dir:   software_management_end_to_end/
18:34:49 INFO  Title: Validate end to end behaviour for the apt plugin for multiple packages with mixed versions
18:34:49 INFO  ==============================================================
18:34:49 INFO  Testing the apt plugin is not supported on this platform.Use parameter -XmyPlatform='container' to enable it ... skipped
18:34:49 WARN  Aborted test due to SKIPPED outcome
18:34:49 INFO  
18:34:49 INFO  Test duration: 0.03 secs
18:34:49 INFO  Test final outcome:  SKIPPED
18:34:49 INFO  Test outcome reason: Testing the apt plugin is not supported on this platform.Use parameter -XmyPlatform='container' to enable it
18:34:49 INFO  
</system-out>
	</testcase>
<testcase classname="PySysTest" name="SoftwareManagement.sm_apt_install_remove_multiple_mixed">
		<failure message="BLOCKED: SystemError: Timeout while waiting for status SUCCESSFUL or False" type="BLOCKED" />
		<system-out>19:09:36 INFO  ==============================================================
19:09:36 INFO  Id:    SoftwareManagement.sm_apt_install_remove_multiple_mixed
19:09:36 INFO  Dir:   software_management_end_to_end/
19:09:36 INFO  Title: Validate end to end behaviour for the apt plugin for multiple packages with mixed versions
19:09:36 INFO  ==============================================================
19:09:36 INFO  Using sw id database: {'asciijump': '5475369', 'robotfindskitten': '5474869', 'squirrel3': '5475279', 'rolldice': '5152439', 'moon-buggy': '5439204', 'apple': '5495053', 'banana': '5494888', 'cherry': '5495382', 'watermelon': '5494510', 'registry': '8018911', 'hello-world': '8021526', 'docker/getting-started': '8021973', 'alpine': '7991792'}
19:09:36 INFO  EnvironmentC8y Setup
19:09:36 INFO  Executed systemctl&lt;serv_mapper1&gt;, exit status 3
19:09:37 INFO  Restarting mosquitto too frequently in the last 10 seconds. It was only up for 4 seconds
19:09:37 INFO  Delaying execution by 7 seconds
19:09:57 INFO  Executed sudo&lt;tedge_connect_c8y&gt;, exit status 0, duration 13 secs
19:09:58 INFO  Executed sudo&lt;tedge_connect_c8y_test&gt;, exit status 0
19:09:58 INFO  Executed systemctl&lt;serv_mosq2&gt;, exit status 0
19:09:59 INFO  Executed systemctl&lt;serv_mapper3&gt;, exit status 0
19:10:01 INFO  State of current operation: SUCCESSFUL
19:10:01 INFO  Assert that (False == value) with value=False ... passed
19:10:01 INFO  Assert that (False == value) with value=False ... passed
19:10:02 INFO  Assert that (False == value) with value=False ... passed
19:10:02 INFO  Assert that (False == value) with value=False ... passed
19:10:02 INFO  Assert that (False == value) with value=False ... passed
19:10:03 INFO  Response status: 201
19:10:03 INFO  Response to action: {
    "creationTime": "2022-05-03T19:10:03.796Z",
    "deviceName": "m32sd10d",
    "deviceId": "18323235",
    "self": "https://t493319102.eu-latest.cumulocity.com/devicecontrol/operations/18334273",
    "id": "18334273",
    "status": "PENDING",
    "description": "Apply software changes, triggered from PySys: [{'action': 'install', 'id': '5475369', 'name': 'asciijump', 'url': ' ', 'version': '::apt'}, {'action': 'install', 'id': '5474869', 'name': 'robotfindskitten', 'url': ' ', 'version': ' '}, {'action': 'install', 'id': '5475279', 'name': 'squirrel3', 'url': ' ', 'version': '3.1-7::apt'}, {'action': 'install', 'id': '5152439', 'name': 'rolldice', 'url': ' ', 'version': '1.16-1+b1'}, {'action': 'install', 'id': '5439204', 'name': 'moon-buggy', 'url': ' ', 'version': '1:1.0.51-12'}, {'action': 'install', 'id': '5475369', 'name': 'asciijump', 'url': ' ', 'version': '::apt'}]",
    "c8y_SoftwareUpdate": [
        {
            "name": "asciijump",
            "action": "install",
            "id": "5475369",
            "version": "::apt",
            "url": " "
        },
        {
            "name": "robotfindskitten",
            "action": "install",
            "id": "5474869",
            "version": " ",
            "url": " "
        },
        {
            "name": "squirrel3",
            "action": "install",
            "id": "5475279",
            "version": "3.1-7::apt",
            "url": " "
        },
        {
            "name": "rolldice",
            "action": "install",
            "id": "5152439",
            "version": "1.16-1+b1",
            "url": " "
        },
        {
            "name": "moon-buggy",
            "action": "install",
            "id": "5439204",
            "version": "1:1.0.51-12",
            "url": " "
        },
        {
            "name": "asciijump",
            "action": "install",
            "id": "5475369",
            "version": "::apt",
            "url": " "
        }
    ]
}
19:10:03 INFO  Started operation: {'creationTime': '2022-05-03T19:10:03.796Z', 'deviceName': 'm32sd10d', 'deviceId': '18323235', 'self': 'https://t493319102.eu-latest.cumulocity.com/devicecontrol/operations/18334273', 'id': '18334273', 'status': 'PENDING', 'description': "Apply software changes, triggered from PySys: [{'action': 'install', 'id': '5475369', 'name': 'asciijump', 'url': ' ', 'version': '::apt'}, {'action': 'install', 'id': '5474869', 'name': 'robotfindskitten', 'url': ' ', 'version': ' '}, {'action': 'install', 'id': '5475279', 'name': 'squirrel3', 'url': ' ', 'version': '3.1-7::apt'}, {'action': 'install', 'id': '5152439', 'name': 'rolldice', 'url': ' ', 'version': '1.16-1+b1'}, {'action': 'install', 'id': '5439204', 'name': 'moon-buggy', 'url': ' ', 'version': '1:1.0.51-12'}, {'action': 'install', 'id': '5475369', 'name': 'asciijump', 'url': ' ', 'version': '::apt'}]", 'c8y_SoftwareUpdate': [{'name': 'asciijump', 'action': 'install', 'id': '5475369', 'version': '::apt', 'url': ' '}, {'name': 'robotfindskitten', 'action': 'install', 'id': '5474869', 'version': ' ', 'url': ' '}, {'name': 'squirrel3', 'action': 'install', 'id': '5475279', 'version': '3.1-7::apt', 'url': ' '}, {'name': 'rolldice', 'action': 'install', 'id': '5152439', 'version': '1.16-1+b1', 'url': ' '}, {'name': 'moon-buggy', 'action': 'install', 'id': '5439204', 'version': '1:1.0.51-12', 'url': ' '}, {'name': 'asciijump', 'action': 'install', 'id': '5475369', 'version': '::apt', 'url': ' '}]}
19:10:06 INFO  State of operation 18334273 : PENDING
19:10:08 INFO  State of operation 18334273 : EXECUTING
19:10:10 INFO  State of operation 18334273 : EXECUTING
19:10:12 INFO  State of operation 18334273 : EXECUTING
19:10:14 INFO  State of operation 18334273 : EXECUTING
19:10:17 INFO  State of operation 18334273 : EXECUTING
19:10:19 INFO  State of operation 18334273 : EXECUTING
19:10:22 INFO  State of operation 18334273 : EXECUTING
19:10:25 INFO  State of operation 18334273 : EXECUTING
19:10:27 INFO  State of operation 18334273 : EXECUTING
19:10:29 INFO  State of operation 18334273 : EXECUTING
19:10:31 INFO  State of operation 18334273 : EXECUTING
19:10:34 INFO  State of operation 18334273 : EXECUTING
19:10:36 INFO  State of operation 18334273 : EXECUTING
19:10:38 INFO  State of operation 18334273 : EXECUTING
19:10:40 INFO  State of operation 18334273 : EXECUTING
19:10:43 INFO  State of operation 18334273 : EXECUTING
19:10:46 INFO  State of operation 18334273 : EXECUTING
19:10:48 INFO  State of operation 18334273 : EXECUTING
19:10:50 INFO  State of operation 18334273 : EXECUTING
19:10:52 INFO  State of operation 18334273 : EXECUTING
19:10:55 INFO  State of operation 18334273 : EXECUTING
19:10:57 INFO  State of operation 18334273 : EXECUTING
19:11:00 INFO  State of operation 18334273 : EXECUTING
19:11:03 INFO  State of operation 18334273 : EXECUTING
19:11:06 INFO  State of operation 18334273 : EXECUTING
19:11:08 INFO  State of operation 18334273 : EXECUTING
19:11:11 INFO  State of operation 18334273 : EXECUTING
19:11:13 INFO  State of operation 18334273 : EXECUTING
19:11:15 INFO  State of operation 18334273 : EXECUTING
19:11:18 INFO  State of operation 18334273 : EXECUTING
19:11:20 INFO  State of operation 18334273 : EXECUTING
19:11:22 INFO  State of operation 18334273 : EXECUTING
19:11:24 INFO  State of operation 18334273 : EXECUTING
19:11:26 INFO  State of operation 18334273 : EXECUTING
19:11:29 INFO  State of operation 18334273 : EXECUTING
19:11:31 INFO  State of operation 18334273 : EXECUTING
19:11:34 INFO  State of operation 18334273 : EXECUTING
19:11:36 INFO  State of operation 18334273 : EXECUTING
19:11:39 INFO  State of operation 18334273 : EXECUTING
19:11:41 INFO  State of operation 18334273 : EXECUTING
19:11:43 INFO  State of operation 18334273 : EXECUTING
19:11:46 INFO  State of operation 18334273 : EXECUTING
19:11:48 INFO  State of operation 18334273 : EXECUTING
19:11:50 INFO  State of operation 18334273 : EXECUTING
19:11:52 INFO  State of operation 18334273 : EXECUTING
19:11:54 INFO  State of operation 18334273 : EXECUTING
19:11:57 INFO  State of operation 18334273 : EXECUTING
19:11:59 INFO  State of operation 18334273 : EXECUTING
19:12:02 INFO  State of operation 18334273 : EXECUTING
19:12:04 INFO  State of operation 18334273 : EXECUTING
19:12:06 INFO  State of operation 18334273 : EXECUTING
19:12:09 INFO  State of operation 18334273 : EXECUTING
19:12:11 INFO  State of operation 18334273 : EXECUTING
19:12:14 INFO  State of operation 18334273 : EXECUTING
19:12:16 INFO  State of operation 18334273 : EXECUTING
19:12:18 INFO  State of operation 18334273 : EXECUTING
19:12:20 INFO  State of operation 18334273 : EXECUTING
19:12:23 INFO  State of operation 18334273 : EXECUTING
19:12:25 INFO  State of operation 18334273 : EXECUTING
19:12:27 INFO  State of operation 18334273 : EXECUTING
19:12:29 WARN  SystemError occurred while running test - Timeout while waiting for status SUCCESSFUL or False
Traceback (most recent call last):
  File "/home/pi/env-pysys/lib/python3.7/site-packages/pysys/baserunner.py", line 1294, in __call__
    self.testObj.execute()
  File "/home/pi/actions-runner/_work/thin-edge.io/thin-edge.io/tests/PySys/software_management_end_to_end/sm_apt_install_remove_multiple_mixed/run.py", line 89, in execute
    self.wait_until_succcess()
  File "/home/pi/actions-runner/_work/thin-edge.io/thin-edge.io/tests/PySys/software_management_end_to_end/environment_sm_management.py", line 324, in wait_until_succcess
    self.wait_until_status("SUCCESSFUL")
  File "/home/pi/actions-runner/_work/thin-edge.io/thin-edge.io/tests/PySys/software_management_end_to_end/environment_sm_management.py", line 381, in wait_until_status
    "Timeout while waiting for status %s or %s" % (status, status2)
SystemError: Timeout while waiting for status SUCCESSFUL or False
19:12:29 WARN  SystemError: Timeout while waiting for status SUCCESSFUL or False ... blocked 
19:12:29 INFO  
19:12:29 INFO  cleanup:
19:12:34 INFO  Executed sudo&lt;tedge_disconnect_c8y&gt;, exit status 0
19:12:35 INFO  Executed systemctl&lt;serv_mapper5&gt;, exit status 3
19:12:35 INFO  
19:12:35 INFO  Test duration: 179.10 secs
19:12:35 INFO  Test final outcome:  BLOCKED
19:12:35 INFO  Test outcome reason: SystemError: Timeout while waiting for status SUCCESSFUL or False
19:12:35 INFO  
</system-out>
	</testcase>
<testcase classname="PySysTest" name="SoftwareManagement.sm_apt_install_remove_multiple_mixed">
		<failure message="BLOCKED: SystemError: Timeout while waiting for status SUCCESSFUL or False (+1 other failures)" type="BLOCKED" />
		<system-out>19:31:38 INFO  ==============================================================
19:31:38 INFO  Id:    SoftwareManagement.sm_apt_install_remove_multiple_mixed
19:31:38 INFO  Dir:   software_management_end_to_end/
19:31:38 INFO  Title: Validate end to end behaviour for the apt plugin for multiple packages with mixed versions
19:31:38 INFO  ==============================================================
19:31:38 INFO  Using sw id database: {'asciijump': '5475369', 'robotfindskitten': '5474869', 'squirrel3': '5475279', 'rolldice': '5152439', 'moon-buggy': '5439204', 'apple': '5495053', 'banana': '5494888', 'cherry': '5495382', 'watermelon': '5494510', 'registry': '8018911', 'hello-world': '8021526', 'docker/getting-started': '8021973', 'alpine': '7991792'}
19:31:38 INFO  EnvironmentC8y Setup
19:31:39 INFO  Executed systemctl&lt;serv_mapper1&gt;, exit status 3
19:31:39 INFO  Restarting mosquitto too frequently in the last 10 seconds. It was only up for 4 seconds
19:31:39 INFO  Delaying execution by 7 seconds
19:31:59 INFO  Executed sudo&lt;tedge_connect_c8y&gt;, exit status 0, duration 13 secs
19:32:00 INFO  Executed sudo&lt;tedge_connect_c8y_test&gt;, exit status 0
19:32:01 INFO  Executed systemctl&lt;serv_mosq2&gt;, exit status 0
19:32:01 INFO  Executed systemctl&lt;serv_mapper3&gt;, exit status 0
19:32:03 INFO  State of current operation: SUCCESSFUL
19:32:03 INFO  Assert that (False == value) with value=False ... passed
19:32:04 INFO  Assert that (False == value) with value=False ... passed
19:32:04 INFO  Assert that (False == value) with value=False ... passed
19:32:04 INFO  Assert that (False == value) with value=False ... passed
19:32:04 INFO  Package moon-buggy is installed
19:32:04 WARN  Assert that (False == value) with value=True ... failed 
19:32:06 INFO  Response status: 201
19:32:06 INFO  Response to action: {
    "creationTime": "2022-05-03T19:32:06.117Z",
    "deviceName": "m32sd10d",
    "deviceId": "18323235",
    "self": "https://t493319102.eu-latest.cumulocity.com/devicecontrol/operations/18334450",
    "id": "18334450",
    "status": "PENDING",
    "description": "Apply software changes, triggered from PySys: [{'action': 'install', 'id': '5475369', 'name': 'asciijump', 'url': ' ', 'version': '::apt'}, {'action': 'install', 'id': '5474869', 'name': 'robotfindskitten', 'url': ' ', 'version': ' '}, {'action': 'install', 'id': '5475279', 'name': 'squirrel3', 'url': ' ', 'version': '3.1-7::apt'}, {'action': 'install', 'id': '5152439', 'name': 'rolldice', 'url': ' ', 'version': '1.16-1+b1'}, {'action': 'install', 'id': '5439204', 'name': 'moon-buggy', 'url': ' ', 'version': '1:1.0.51-12'}, {'action': 'install', 'id': '5475369', 'name': 'asciijump', 'url': ' ', 'version': '::apt'}]",
    "c8y_SoftwareUpdate": [
        {
            "name": "asciijump",
            "action": "install",
            "id": "5475369",
            "version": "::apt",
            "url": " "
        },
        {
            "name": "robotfindskitten",
            "action": "install",
            "id": "5474869",
            "version": " ",
            "url": " "
        },
        {
            "name": "squirrel3",
            "action": "install",
            "id": "5475279",
            "version": "3.1-7::apt",
            "url": " "
        },
        {
            "name": "rolldice",
            "action": "install",
            "id": "5152439",
            "version": "1.16-1+b1",
            "url": " "
        },
        {
            "name": "moon-buggy",
            "action": "install",
            "id": "5439204",
            "version": "1:1.0.51-12",
            "url": " "
        },
        {
            "name": "asciijump",
            "action": "install",
            "id": "5475369",
            "version": "::apt",
            "url": " "
        }
    ]
}
19:32:06 INFO  Started operation: {'creationTime': '2022-05-03T19:32:06.117Z', 'deviceName': 'm32sd10d', 'deviceId': '18323235', 'self': 'https://t493319102.eu-latest.cumulocity.com/devicecontrol/operations/18334450', 'id': '18334450', 'status': 'PENDING', 'description': "Apply software changes, triggered from PySys: [{'action': 'install', 'id': '5475369', 'name': 'asciijump', 'url': ' ', 'version': '::apt'}, {'action': 'install', 'id': '5474869', 'name': 'robotfindskitten', 'url': ' ', 'version': ' '}, {'action': 'install', 'id': '5475279', 'name': 'squirrel3', 'url': ' ', 'version': '3.1-7::apt'}, {'action': 'install', 'id': '5152439', 'name': 'rolldice', 'url': ' ', 'version': '1.16-1+b1'}, {'action': 'install', 'id': '5439204', 'name': 'moon-buggy', 'url': ' ', 'version': '1:1.0.51-12'}, {'action': 'install', 'id': '5475369', 'name': 'asciijump', 'url': ' ', 'version': '::apt'}]", 'c8y_SoftwareUpdate': [{'name': 'asciijump', 'action': 'install', 'id': '5475369', 'version': '::apt', 'url': ' '}, {'name': 'robotfindskitten', 'action': 'install', 'id': '5474869', 'version': ' ', 'url': ' '}, {'name': 'squirrel3', 'action': 'install', 'id': '5475279', 'version': '3.1-7::apt', 'url': ' '}, {'name': 'rolldice', 'action': 'install', 'id': '5152439', 'version': '1.16-1+b1', 'url': ' '}, {'name': 'moon-buggy', 'action': 'install', 'id': '5439204', 'version': '1:1.0.51-12', 'url': ' '}, {'name': 'asciijump', 'action': 'install', 'id': '5475369', 'version': '::apt', 'url': ' '}]}
19:32:08 INFO  State of operation 18334450 : PENDING
19:32:10 INFO  State of operation 18334450 : EXECUTING
19:32:12 INFO  State of operation 18334450 : EXECUTING
19:32:15 INFO  State of operation 18334450 : EXECUTING
19:32:17 INFO  State of operation 18334450 : EXECUTING
19:32:19 INFO  State of operation 18334450 : EXECUTING
19:32:22 INFO  State of operation 18334450 : EXECUTING
19:32:25 INFO  State of operation 18334450 : EXECUTING
19:32:27 INFO  State of operation 18334450 : EXECUTING
19:32:29 INFO  State of operation 18334450 : EXECUTING
19:32:31 INFO  State of operation 18334450 : EXECUTING
19:32:34 INFO  State of operation 18334450 : EXECUTING
19:32:36 INFO  State of operation 18334450 : EXECUTING
19:32:38 INFO  State of operation 18334450 : EXECUTING
19:32:40 INFO  State of operation 18334450 : EXECUTING
19:32:43 INFO  State of operation 18334450 : EXECUTING
19:32:45 INFO  State of operation 18334450 : EXECUTING
19:32:47 INFO  State of operation 18334450 : EXECUTING
19:32:50 INFO  State of operation 18334450 : EXECUTING
19:32:52 INFO  State of operation 18334450 : EXECUTING
19:32:54 INFO  State of operation 18334450 : EXECUTING
19:32:57 INFO  State of operation 18334450 : EXECUTING
19:32:59 INFO  State of operation 18334450 : EXECUTING
19:33:02 INFO  State of operation 18334450 : EXECUTING
19:33:04 INFO  State of operation 18334450 : EXECUTING
19:33:06 INFO  State of operation 18334450 : EXECUTING
19:33:09 INFO  State of operation 18334450 : EXECUTING
19:33:11 INFO  State of operation 18334450 : EXECUTING
19:33:13 INFO  State of operation 18334450 : EXECUTING
19:33:16 INFO  State of operation 18334450 : EXECUTING
19:33:18 INFO  State of operation 18334450 : EXECUTING
19:33:20 INFO  State of operation 18334450 : EXECUTING
19:33:22 INFO  State of operation 18334450 : EXECUTING
19:33:25 INFO  State of operation 18334450 : EXECUTING
19:33:27 INFO  State of operation 18334450 : EXECUTING
19:33:29 INFO  State of operation 18334450 : EXECUTING
19:33:31 INFO  State of operation 18334450 : EXECUTING
19:33:33 INFO  State of operation 18334450 : EXECUTING
19:33:36 INFO  State of operation 18334450 : EXECUTING
19:33:39 INFO  State of operation 18334450 : EXECUTING
19:33:41 INFO  State of operation 18334450 : EXECUTING
19:33:44 INFO  State of operation 18334450 : EXECUTING
19:33:46 INFO  State of operation 18334450 : EXECUTING
19:33:48 INFO  State of operation 18334450 : EXECUTING
19:33:50 INFO  State of operation 18334450 : EXECUTING
19:33:52 INFO  State of operation 18334450 : EXECUTING
19:33:55 INFO  State of operation 18334450 : EXECUTING
19:33:57 INFO  State of operation 18334450 : EXECUTING
19:34:00 INFO  State of operation 18334450 : EXECUTING
19:34:02 INFO  State of operation 18334450 : EXECUTING
19:34:04 INFO  State of operation 18334450 : EXECUTING
19:34:07 INFO  State of operation 18334450 : EXECUTING
19:34:09 INFO  State of operation 18334450 : EXECUTING
19:34:12 INFO  State of operation 18334450 : EXECUTING
19:34:15 INFO  State of operation 18334450 : EXECUTING
19:34:18 INFO  State of operation 18334450 : EXECUTING
19:34:20 INFO  State of operation 18334450 : EXECUTING
19:34:23 INFO  State of operation 18334450 : EXECUTING
19:34:25 INFO  State of operation 18334450 : EXECUTING
19:34:27 INFO  State of operation 18334450 : EXECUTING
19:34:30 INFO  State of operation 18334450 : EXECUTING
19:34:32 WARN  SystemError occurred while running test - Timeout while waiting for status SUCCESSFUL or False
Traceback (most recent call last):
  File "/home/pi/env-pysys/lib/python3.7/site-packages/pysys/baserunner.py", line 1294, in __call__
    self.testObj.execute()
  File "/home/pi/actions-runner/_work/thin-edge.io/thin-edge.io/tests/PySys/software_management_end_to_end/sm_apt_install_remove_multiple_mixed/run.py", line 89, in execute
    self.wait_until_succcess()
  File "/home/pi/actions-runner/_work/thin-edge.io/thin-edge.io/tests/PySys/software_management_end_to_end/environment_sm_management.py", line 324, in wait_until_succcess
    self.wait_until_status("SUCCESSFUL")
  File "/home/pi/actions-runner/_work/thin-edge.io/thin-edge.io/tests/PySys/software_management_end_to_end/environment_sm_management.py", line 381, in wait_until_status
    "Timeout while waiting for status %s or %s" % (status, status2)
SystemError: Timeout while waiting for status SUCCESSFUL or False
19:34:32 WARN  SystemError: Timeout while waiting for status SUCCESSFUL or False ... blocked 
19:34:32 INFO  
19:34:32 INFO  cleanup:
19:34:36 INFO  Executed sudo&lt;tedge_disconnect_c8y&gt;, exit status 0
19:34:37 INFO  Executed systemctl&lt;serv_mapper5&gt;, exit status 3
19:34:37 INFO  
19:34:37 INFO  Test duration: 178.76 secs
19:34:37 INFO  Test final outcome:  BLOCKED
19:34:37 INFO  Test outcome reason: SystemError: Timeout while waiting for status SUCCESSFUL or False (+1 other failures)
19:34:37 INFO  
</system-out>
	</testcase>
</testsuite><testsuite name="SoftwareManagement.sm_apt_install_remove_with_version" tests="3" errors="0" failures="0" skipped="1" time="0"><testcase classname="PySysTest" name="SoftwareManagement.sm_apt_install_remove_with_version">
		<skipped message="SKIPPED: Testing the apt plugin is not supported on this platform.Use parameter -XmyPlatform='container' to enable it" />
		<system-out>18:34:49 INFO  ==============================================================
18:34:49 INFO  Id:    SoftwareManagement.sm_apt_install_remove_with_version
18:34:49 INFO  Dir:   software_management_end_to_end/
18:34:49 INFO  Title: Validate end to end behaviour for the apt plugin for packages with version
18:34:49 INFO  ==============================================================
18:34:49 INFO  Testing the apt plugin is not supported on this platform.Use parameter -XmyPlatform='container' to enable it ... skipped
18:34:49 WARN  Aborted test due to SKIPPED outcome
18:34:49 INFO  
18:34:49 INFO  Test duration: 0.02 secs
18:34:49 INFO  Test final outcome:  SKIPPED
18:34:49 INFO  Test outcome reason: Testing the apt plugin is not supported on this platform.Use parameter -XmyPlatform='container' to enable it
18:34:49 INFO  
</system-out>
	</testcase>
<testcase classname="PySysTest" name="SoftwareManagement.sm_apt_install_remove_with_version" />
<testcase classname="PySysTest" name="SoftwareManagement.sm_apt_install_remove_with_version" />
</testsuite><testsuite name="SoftwareManagement.sm_docker_install_remove_multiple" tests="3" errors="0" failures="2" skipped="1" time="0"><testcase classname="SMDockerInstallRemove" name="SoftwareManagement.sm_docker_install_remove_multiple">
		<skipped message="SKIPPED: Testing the apt plugin is not supported on this platform.Use parameter -XmyPlatform='container' to enable it" />
		<system-out>18:34:50 INFO  ==============================================================
18:34:50 INFO  Id:    SoftwareManagement.sm_docker_install_remove_multiple
18:34:50 INFO  Dir:   software_management_end_to_end/
18:34:50 INFO  Title: Validate end to end behaviour for the docker plugin for multiple docker images with mixed versions
18:34:50 INFO  ==============================================================
18:34:50 INFO  Testing the apt plugin is not supported on this platform.Use parameter -XmyPlatform='container' to enable it ... skipped
18:34:50 WARN  Aborted test due to SKIPPED outcome
18:34:50 INFO  
18:34:50 INFO  Test duration: 0.03 secs
18:34:50 INFO  Test final outcome:  SKIPPED
18:34:50 INFO  Test outcome reason: Testing the apt plugin is not supported on this platform.Use parameter -XmyPlatform='container' to enable it
18:34:50 INFO  
</system-out>
	</testcase>
<testcase classname="SMDockerInstallRemove" name="SoftwareManagement.sm_docker_install_remove_multiple">
		<failure message="BLOCKED: SystemError: The operation has failed" type="BLOCKED" />
		<system-out>19:18:42 INFO  ==============================================================
19:18:42 INFO  Id:    SoftwareManagement.sm_docker_install_remove_multiple
19:18:42 INFO  Dir:   software_management_end_to_end/
19:18:42 INFO  Title: Validate end to end behaviour for the docker plugin for multiple docker images with mixed versions
19:18:42 INFO  ==============================================================
19:18:43 INFO  Using sw id database: {'asciijump': '5475369', 'robotfindskitten': '5474869', 'squirrel3': '5475279', 'rolldice': '5152439', 'moon-buggy': '5439204', 'apple': '5495053', 'banana': '5494888', 'cherry': '5495382', 'watermelon': '5494510', 'registry': '8018911', 'hello-world': '8021526', 'docker/getting-started': '8021973', 'alpine': '7991792'}
19:18:43 INFO  EnvironmentC8y Setup
19:18:45 INFO  Executed systemctl&lt;serv_mapper1&gt;, exit status 3
19:19:01 INFO  Executed sudo&lt;tedge_connect_c8y&gt;, exit status 0, duration 15 secs
19:19:01 INFO  Executed sudo&lt;tedge_connect_c8y_test&gt;, exit status 0
19:19:02 INFO  Executed systemctl&lt;serv_mosq2&gt;, exit status 0
19:19:02 INFO  Executed systemctl&lt;serv_mapper3&gt;, exit status 0
19:19:04 INFO  State of current operation: SUCCESSFUL
19:19:05 INFO  Response status: 201
19:19:05 INFO  Response to action: {
    "creationTime": "2022-05-03T19:19:05.079Z",
    "deviceName": "m32sd10d",
    "deviceId": "18323235",
    "self": "https://t493319102.eu-latest.cumulocity.com/devicecontrol/operations/18334330",
    "id": "18334330",
    "status": "PENDING",
    "description": "Apply software changes, triggered from PySys: [{'action': 'install', 'id': '8021526', 'name': 'hello-world', 'url': '', 'version': '::docker'}, {'action': 'install', 'id': '8018911', 'name': 'registry', 'url': '', 'version': '2.6.2::docker'}]",
    "c8y_SoftwareUpdate": [
        {
            "name": "hello-world",
            "action": "install",
            "id": "8021526",
            "version": "::docker",
            "url": ""
        },
        {
            "name": "registry",
            "action": "install",
            "id": "8018911",
            "version": "2.6.2::docker",
            "url": ""
        }
    ]
}
19:19:05 INFO  Started operation: {'creationTime': '2022-05-03T19:19:05.079Z', 'deviceName': 'm32sd10d', 'deviceId': '18323235', 'self': 'https://t493319102.eu-latest.cumulocity.com/devicecontrol/operations/18334330', 'id': '18334330', 'status': 'PENDING', 'description': "Apply software changes, triggered from PySys: [{'action': 'install', 'id': '8021526', 'name': 'hello-world', 'url': '', 'version': '::docker'}, {'action': 'install', 'id': '8018911', 'name': 'registry', 'url': '', 'version': '2.6.2::docker'}]", 'c8y_SoftwareUpdate': [{'name': 'hello-world', 'action': 'install', 'id': '8021526', 'version': '::docker', 'url': ''}, {'name': 'registry', 'action': 'install', 'id': '8018911', 'version': '2.6.2::docker', 'url': ''}]}
19:19:07 INFO  State of operation 18334330 : PENDING
19:19:09 INFO  State of operation 18334330 : EXECUTING
19:19:11 INFO  State of operation 18334330 : EXECUTING
19:19:14 INFO  State of operation 18334330 : EXECUTING
19:19:16 INFO  State of operation 18334330 : FAILED
19:19:16 ERROR Stopping as the operation has failed
19:19:16 WARN  SystemError occurred while running test - The operation has failed
Traceback (most recent call last):
  File "/home/pi/env-pysys/lib/python3.7/site-packages/pysys/baserunner.py", line 1292, in __call__
    self.testObj.setup()
  File "/home/pi/actions-runner/_work/thin-edge.io/thin-edge.io/tests/PySys/software_management_end_to_end/sm_docker_install_remove_multiple/run.py", line 55, in setup
    self.wait_until_succcess()
  File "/home/pi/actions-runner/_work/thin-edge.io/thin-edge.io/tests/PySys/software_management_end_to_end/environment_sm_management.py", line 324, in wait_until_succcess
    self.wait_until_status("SUCCESSFUL")
  File "/home/pi/actions-runner/_work/thin-edge.io/thin-edge.io/tests/PySys/software_management_end_to_end/environment_sm_management.py", line 361, in wait_until_status
    raise SystemError("The operation has failed")
SystemError: The operation has failed
19:19:16 WARN  SystemError: The operation has failed ... blocked 
19:19:16 INFO  
19:19:16 INFO  cleanup:
19:19:20 INFO  Executed sudo&lt;tedge_disconnect_c8y&gt;, exit status 0
19:19:20 INFO  Executed systemctl&lt;serv_mapper5&gt;, exit status 3
19:19:20 INFO  
19:19:20 INFO  Test duration: 38.73 secs
19:19:20 INFO  Test final outcome:  BLOCKED
19:19:20 INFO  Test outcome reason: SystemError: The operation has failed
19:19:20 INFO  
</system-out>
	</testcase>
<testcase classname="SMDockerInstallRemove" name="SoftwareManagement.sm_docker_install_remove_multiple">
		<failure message="BLOCKED: SystemError: The operation has failed" type="BLOCKED" />
		<system-out>19:37:15 INFO  ==============================================================
19:37:15 INFO  Id:    SoftwareManagement.sm_docker_install_remove_multiple
19:37:15 INFO  Dir:   software_management_end_to_end/
19:37:15 INFO  Title: Validate end to end behaviour for the docker plugin for multiple docker images with mixed versions
19:37:15 INFO  ==============================================================
19:37:15 INFO  Using sw id database: {'asciijump': '5475369', 'robotfindskitten': '5474869', 'squirrel3': '5475279', 'rolldice': '5152439', 'moon-buggy': '5439204', 'apple': '5495053', 'banana': '5494888', 'cherry': '5495382', 'watermelon': '5494510', 'registry': '8018911', 'hello-world': '8021526', 'docker/getting-started': '8021973', 'alpine': '7991792'}
19:37:15 INFO  EnvironmentC8y Setup
19:37:15 INFO  Executed systemctl&lt;serv_mapper1&gt;, exit status 3
19:37:15 INFO  Restarting mosquitto too frequently in the last 10 seconds. It was only up for 4 seconds
19:37:15 INFO  Delaying execution by 7 seconds
19:37:36 INFO  Executed sudo&lt;tedge_connect_c8y&gt;, exit status 0, duration 13 secs
19:37:37 INFO  Executed sudo&lt;tedge_connect_c8y_test&gt;, exit status 0
19:37:37 INFO  Executed systemctl&lt;serv_mosq2&gt;, exit status 0
[...]
		<failure message="FAILED: Assert that (True == value) with value=False" type="FAILED" />
		<system-out>18:22:50 INFO  ==============================================================
18:22:50 INFO  Id:    log_request_num_lines
18:22:50 INFO  Dir:   log_request_end_to_end/
18:22:50 INFO  Title: Validate end to end behaviour for the log request operation check for number of lines
18:22:50 INFO  ==============================================================
18:22:50 INFO  EnvironmentC8y Setup
18:22:51 INFO  Executed systemctl&lt;serv_mapper1&gt;, exit status 3
18:22:51 INFO  Restarting mosquitto too frequently in the last 10 seconds. It was only up for 5 seconds
18:22:51 INFO  Delaying execution by 6 seconds
18:23:11 INFO  Executed sudo&lt;tedge_connect_c8y&gt;, exit status 0, duration 14 secs
18:23:12 INFO  Executed sudo&lt;tedge_connect_c8y_test&gt;, exit status 0
18:23:12 INFO  Executed systemctl&lt;serv_mosq2&gt;, exit status 0
18:23:13 INFO  Executed systemctl&lt;serv_mapper3&gt;, exit status 0
18:23:13 INFO  Executed sudo&lt;rm_logs&gt;, exit status 0
18:23:14 INFO  Executed sudo&lt;move_logs&gt;, exit status 0
18:23:14 INFO  log response None
18:23:14 WARN  retry, retrying in 1 seconds...
18:23:16 INFO  log response https://thin-edge-io.eu-latest.cumulocity.com/event/events/18327199/binaries
18:23:16 INFO  nlines 0
18:23:16 WARN  Assert that (True == value) with value=False ... failed [run.py:44]
18:23:16 INFO  
18:23:16 INFO  cleanup:
18:23:17 INFO  Executed sudo&lt;rm_logs&gt;, exit status 0
18:23:17 INFO  Executed sudo&lt;rm_tmp_logs&gt;, exit status 0
18:23:18 INFO  Executed sudo&lt;send_failed&gt;, exit status 0
18:23:22 INFO  Executed sudo&lt;tedge_disconnect_c8y&gt;, exit status 0
18:23:22 INFO  Executed systemctl&lt;serv_mapper5&gt;, exit status 3
18:23:22 INFO  
18:23:22 INFO  Test duration: 31.73 secs
18:23:22 INFO  Test final outcome:  FAILED
18:23:22 INFO  Test outcome reason: Assert that (True == value) with value=False
18:23:22 INFO  
</system-out>
	</testcase>
</testsuite><testsuite name="mapper_awaits_before_reconnect" tests="1" errors="0" failures="1" skipped="0" time="0"><testcase classname="MapperReconnectAwait" name="mapper_awaits_before_reconnect">
		<failure message="FAILED: Line count on tedge_mapper_journal.out for &quot;tedge_mapper::core::mapper: MQTT connection error:&quot; expected &gt;=2 but got 0" type="FAILED" />
		<system-out>18:37:53 INFO  ==============================================================
18:37:53 INFO  Id:    mapper_awaits_before_reconnect
18:37:53 INFO  Dir:   tedge_mapper_c8y/
18:37:53 INFO  Title: Validate mapper doesn't reconnect too often
18:37:53 INFO  ==============================================================
18:37:53 INFO  Started mosquitto_sub with process id 4803
18:37:53 INFO  Waiting for 0.1 seconds
18:37:53 INFO  Executed sudo&lt;tedge_mapper&gt;, exit status 0
18:37:53 INFO  Waiting for 5.0 seconds
18:37:59 INFO  Executed sudo&lt;tedge_mapper&gt;, exit status 0
18:38:00 INFO  Executed sudo&lt;tedge_mapper_journal&gt;, exit status 0
18:38:00 WARN  Grep on tedge_mapper_journal.out contains "ERROR" ... failed [run.py:67]
18:38:00 INFO  Line count on file tedge_mapper_journal.out ... passed
18:38:00 WARN  Line count on tedge_mapper_journal.out for "tedge_mapper::core::mapper: MQTT connection error:" expected &gt;=2 but got 0 ... failed [run.py:78]
18:38:00 WARN  Aborted test due to FAILED outcome
18:38:00 INFO  
18:38:00 INFO  Test duration: 7.47 secs
18:38:00 INFO  Test final outcome:  FAILED
18:38:00 INFO  Test outcome reason: Line count on tedge_mapper_journal.out for "tedge_mapper::core::mapper: MQTT connection error:" expected &gt;=2 but got 0
18:38:00 INFO  
</system-out>
	</testcase>
</testsuite><testsuite name="monitoring_smaller_interval" tests="1" errors="0" failures="1" skipped="0" time="0"><testcase classname="MonitoringSmallInterval" name="monitoring_smaller_interval">
		<failure message="BLOCKED: TypeError: 'int' object is not subscriptable" type="BLOCKED" />
		<system-out>18:24:52 INFO  ==============================================================
18:24:52 INFO  Id:    monitoring_smaller_interval
18:24:52 INFO  Dir:   monitoring/
18:24:52 INFO  Title: Validate the tedge dm agent messages that are produced with smaller sampling interval than the batching window. Here the simulated collectd messages are used
18:24:52 INFO  ==============================================================
18:24:53 INFO  Executed sudo&lt;collectd&gt;, exit status 0
18:24:54 INFO  Executed sudo&lt;collectd_mapper&gt;, exit status 0
18:24:54 INFO  Started sudo&lt;tedge_sub&gt; with process id 902
18:24:54 INFO  Executed sudo&lt;tedge_temp&gt;, exit status 0
18:24:55 INFO  Executed sudo&lt;tedge_pres&gt;, exit status 0
18:24:55 INFO  Executed sudo&lt;tedge_temp&gt;, exit status 0
18:24:56 INFO  Executed sudo&lt;tedge_pres&gt;, exit status 0
18:24:57 INFO  Executed sudo&lt;tedge_temp&gt;, exit status 0
18:24:57 INFO  Executed sudo&lt;tedge_pres&gt;, exit status 0
18:24:58 INFO  Executed sudo&lt;tedge_temp&gt;, exit status 0
18:24:58 INFO  Executed sudo&lt;tedge_pres&gt;, exit status 0
18:24:59 INFO  Executed sudo&lt;tedge_temp&gt;, exit status 0
18:24:59 INFO  Executed sudo&lt;tedge_pres&gt;, exit status 0
18:25:00 INFO  Executed sudo&lt;tedge_temp&gt;, exit status 0
18:25:01 INFO  Executed sudo&lt;tedge_pres&gt;, exit status 0
18:25:01 INFO  Executed sudo&lt;tedge_temp&gt;, exit status 0
18:25:02 INFO  Executed sudo&lt;tedge_pres&gt;, exit status 0
18:25:02 INFO  Executed sudo&lt;tedge_temp&gt;, exit status 0
18:25:03 INFO  Executed sudo&lt;tedge_pres&gt;, exit status 0
18:25:03 INFO  Executed sudo&lt;tedge_temp&gt;, exit status 0
18:25:04 INFO  Executed sudo&lt;tedge_pres&gt;, exit status 0
18:25:05 INFO  Executed sudo&lt;tedge_temp&gt;, exit status 0
18:25:05 INFO  Executed sudo&lt;tedge_pres&gt;, exit status 0
18:25:07 INFO  Executed sudo&lt;kill_out&gt;, exit status 0
18:25:07 INFO  0

18:25:07 WARN  TypeError occurred while running test - 'int' object is not subscriptable
Traceback (most recent call last):
  File "/home/pi/env-pysys/lib/python3.7/site-packages/pysys/baserunner.py", line 1296, in __call__
    self.testObj.validate()
  File "/home/pi/actions-runner/_work/thin-edge.io/thin-edge.io/tests/PySys/monitoring/monitoring_smaller_interval/run.py", line 104, in validate
    collectd_msg_validation_result=self.validate_json(),
  File "/home/pi/actions-runner/_work/thin-edge.io/thin-edge.io/tests/PySys/monitoring/monitoring_smaller_interval/run.py", line 114, in validate_json
    if not self.validate_time():
  File "/home/pi/actions-runner/_work/thin-edge.io/thin-edge.io/tests/PySys/monitoring/monitoring_smaller_interval/run.py", line 134, in validate_time
    if self.js_msg["time"]:
TypeError: 'int' object is not subscriptable
18:25:07 WARN  TypeError: 'int' object is not subscriptable ... blocked 
18:25:07 INFO  
18:25:07 INFO  cleanup:
18:25:07 INFO  monitoring_cleanup
18:25:07 INFO  Executed sudo&lt;collectd_mapper&gt;, exit status 0
18:25:07 INFO  
18:25:07 INFO  Test duration: 15.08 secs
18:25:07 INFO  Test final outcome:  BLOCKED
18:25:07 INFO  Test outcome reason: TypeError: 'int' object is not subscriptable
18:25:07 INFO  
</system-out>
	</testcase>
</testsuite><testsuite name="monitoring_with_collectd" tests="1" errors="0" failures="0" skipped="1" time="0"><testcase classname="MonitoringWithCollectd" name="monitoring_with_collectd">
		<skipped message="SKIPPED: Test execution disabled due to #792 (instable)" />
		<system-out>18:25:07 INFO  ==============================================================
18:25:07 INFO  Id:    monitoring_with_collectd
18:25:07 INFO  Dir:   monitoring/
18:25:07 INFO  Title: Validate tedge dm agent messages that are produced by batching the collectd messages
18:25:07 INFO  ==============================================================
18:25:07 INFO  Test execution disabled due to #792 (instable) ... skipped
18:25:07 INFO  
18:25:07 INFO  Test duration: 0.04 secs
18:25:07 INFO  Test final outcome:  SKIPPED
18:25:07 INFO  Test outcome reason: Test execution disabled due to #792 (instable)
18:25:07 INFO  
</system-out>
	</testcase>
</testsuite><testsuite name="monitoring_with_simulated_messages" tests="1" errors="0" failures="1" skipped="0" time="0"><testcase classname="MonitoringWithSimulatedMessages" name="monitoring_with_simulated_messages">
		<failure message="BLOCKED: TypeError: 'int' object is not subscriptable" type="BLOCKED" />
		<system-out>18:25:08 INFO  ==============================================================
18:25:08 INFO  Id:    monitoring_with_simulated_messages
18:25:08 INFO  Dir:   monitoring/
18:25:08 INFO  Title: Validate the tedge dm agent messages that are produced from the simulated collectd messages
18:25:08 INFO  ==============================================================
18:25:08 INFO  Executed sudo&lt;collectd&gt;, exit status 0
18:25:09 INFO  Executed sudo&lt;collectd_mapper&gt;, exit status 0
18:25:09 INFO  Started sudo&lt;tedge_sub&gt; with process id 954
18:25:09 INFO  Executed sudo&lt;tedge_temp&gt;, exit status 0
18:25:10 INFO  Executed sudo&lt;tedge_pres&gt;, exit status 0
18:25:11 INFO  Executed sudo&lt;kill_out&gt;, exit status 0
18:25:11 INFO  0

18:25:11 WARN  TypeError occurred while running test - 'int' object is not subscriptable
Traceback (most recent call last):
  File "/home/pi/env-pysys/lib/python3.7/site-packages/pysys/baserunner.py", line 1296, in __call__
    self.testObj.validate()
  File "/home/pi/actions-runner/_work/thin-edge.io/thin-edge.io/tests/PySys/monitoring/monitoring_with_simulated_messages/run.py", line 98, in validate
    collectd_msg_validation_result=self.validate_json(),
  File "/home/pi/actions-runner/_work/thin-edge.io/thin-edge.io/tests/PySys/monitoring/monitoring_with_simulated_messages/run.py", line 108, in validate_json
    if not self.validate_time():
  File "/home/pi/actions-runner/_work/thin-edge.io/thin-edge.io/tests/PySys/monitoring/monitoring_with_simulated_messages/run.py", line 127, in validate_time
    if self.js_msg["time"]:
TypeError: 'int' object is not subscriptable
18:25:11 WARN  TypeError: 'int' object is not subscriptable ... blocked 
18:25:11 INFO  
18:25:11 INFO  cleanup:
18:25:11 INFO  monitoring_cleanup
18:25:12 INFO  Executed sudo&lt;collectd_mapper&gt;, exit status 0
18:25:12 INFO  
18:25:12 INFO  Test duration: 4.46 secs
18:25:12 INFO  Test final outcome:  BLOCKED
18:25:12 INFO  Test outcome reason: TypeError: 'int' object is not subscriptable
18:25:12 INFO  
</system-out>
	</testcase>
</testsuite><testsuite name="mqtt_port_change_connection_fails" tests="1" errors="0" failures="0" skipped="0" time="0"><testcase classname="MqttPortChangeConnectionFails" name="mqtt_port_change_connection_fails" />
</testsuite><testsuite name="mqtt_port_change_connection_works" tests="1" errors="0" failures="0" skipped="1" time="0"><testcase classname="MqttPortChangeConnectionWorks" name="mqtt_port_change_connection_works">
		<skipped message="SKIPPED: failing intermitently" />
		<system-out>18:23:58 INFO  ==============================================================
18:23:58 INFO  Id:    mqtt_port_change_connection_works
18:23:58 INFO  Dir:   misc_features/
18:23:58 INFO  Title: mqtt port change connection works for all the thin-edge services that use the mosquitto broker
18:23:58 INFO  ==============================================================
18:23:58 INFO  failing intermitently ... skipped
18:23:58 INFO  
18:23:58 INFO  Test duration: 0.07 secs
18:23:58 INFO  Test final outcome:  SKIPPED
18:23:58 INFO  Test outcome reason: failing intermitently
18:23:58 INFO  
</system-out>
	</testcase>
</testsuite><testsuite name="mqtt_port_set" tests="1" errors="0" failures="0" skipped="0" time="0"><testcase classname="MqttPortSet" name="mqtt_port_set" />
</testsuite><testsuite name="mqtt_port_unset" tests="1" errors="0" failures="0" skipped="0" time="0"><testcase classname="MqttPortUnSet" name="mqtt_port_unset" />
</testsuite><testsuite name="publish_flux" tests="1" errors="0" failures="0" skipped="0" time="0"><testcase classname="PublishFlux" name="publish_flux" />
</testsuite><testsuite name="publish_sawmill" tests="1" errors="0" failures="0" skipped="0" time="0"><testcase classname="PublishSawmill" name="publish_sawmill" />
</testsuite><testsuite name="runtime_start_two_mappers" tests="1" errors="0" failures="1" skipped="0" time="0"><testcase classname="RuntimeMultiMappers" name="runtime_start_two_mappers">
		<failure message="FAILED: Grep on tedge_mapper2.err contains &quot;Error: Couldn't acquire file lock.&quot;" type="FAILED" />
		<system-out>18:38:00 INFO  ==============================================================
18:38:00 INFO  Id:    runtime_start_two_mappers
18:38:00 INFO  Dir:   tedge_mapper_c8y/
18:38:00 INFO  Title: Validate two mappers can't be started at the same time
18:38:00 INFO  ==============================================================
18:38:01 INFO  Executed sudo&lt;tedge_mapper1&gt;, exit status 0
18:38:01 INFO  Waiting for 0.1 seconds
18:38:01 INFO  Executed sudo&lt;tedge_mapper2&gt;, exit status 1
18:38:02 INFO  Executed sudo&lt;tedge_mapper1&gt;, exit status 0
18:38:02 WARN  Grep on tedge_mapper2.err contains "Error: Couldn't acquire file lock." ... failed [run.py:46]
18:38:02 INFO  
18:38:02 INFO  Test duration: 1.80 secs
18:38:02 INFO  Test final outcome:  FAILED
18:38:02 INFO  Test outcome reason: Grep on tedge_mapper2.err contains "Error: Couldn't acquire file lock."
18:38:02 INFO  
</system-out>
	</testcase>
</testsuite><testsuite name="sm_tedge_mapper_init_session" tests="1" errors="0" failures="0" skipped="0" time="0"><testcase classname="TedgeSMMapperInitSession" name="sm_tedge_mapper_init_session" />
</testsuite><testsuite name="smoketest_json" tests="1" errors="0" failures="0" skipped="0" time="0"><testcase classname="SmokeTestJson" name="smoketest_json" />
</testsuite><testsuite name="smoketest_json_400_samples_10ms" tests="1" errors="0" failures="0" skipped="0" time="0"><testcase classname="SmoketestJson400Samples10ms" name="smoketest_json_400_samples_10ms" />
</testsuite><testsuite name="smoketest_json_400_samples_20ms" tests="1" errors="0" failures="0" skipped="0" time="0"><testcase classname="SmoketestJson400Samples20ms" name="smoketest_json_400_samples_20ms" />
</testsuite><testsuite name="smoketest_smartrest" tests="1" errors="0" failures="0" skipped="0" time="0"><testcase classname="SmoketestSmartRest" name="smoketest_smartrest" />
</testsuite><testsuite name="smoketest_smartrest_400_samples_1Xms" tests="1" errors="0" failures="0" skipped="0" time="0"><testcase classname="SmoketestSmartRest400Samples1Xms" name="smoketest_smartrest_400_samples_1Xms" />
</testsuite><testsuite name="smoketest_smartrest_400_samples_20ms" tests="1" errors="0" failures="0" skipped="0" time="0"><testcase classname="SmoketestSmartRest400Samples20ms" name="smoketest_smartrest_400_samples_20ms" />
</testsuite><testsuite name="tedge_agent_user_sudo_access" tests="1" errors="0" failures="0" skipped="1" time="0"><testcase classname="TedgeAgentUserSudoAccess" name="tedge_agent_user_sudo_access">
		<skipped message="SKIPPED: #955 Observation: Exit code of the apt plugin when called with no arguments" />
		<system-out>18:35:16 INFO  ==============================================================
18:35:16 INFO  Id:    tedge_agent_user_sudo_access
18:35:16 INFO  Dir:   tedge/
18:35:16 INFO  Title: Validate tedge-agent user has a limited sudo right
18:35:16 INFO  ==============================================================
18:35:16 INFO  #955 Observation: Exit code of the apt plugin when called with no arguments ... skipped
18:35:16 INFO  
18:35:16 INFO  Test duration: 0.02 secs
18:35:16 INFO  Test final outcome:  SKIPPED
18:35:16 INFO  Test outcome reason: #955 Observation: Exit code of the apt plugin when called with no arguments
18:35:16 INFO  
</system-out>
	</testcase>
</testsuite><testsuite name="tedge_connect_test_negative" tests="1" errors="0" failures="0" skipped="0" time="0"><testcase classname="TedgeConnectTestNegative" name="tedge_connect_test_negative" />
</testsuite><testsuite name="tedge_connect_test_positive" tests="1" errors="0" failures="0" skipped="0" time="0"><testcase classname="TedgeConnectTestPositive" name="tedge_connect_test_positive" />
</testsuite><testsuite name="tedge_connect_test_sm_services" tests="1" errors="0" failures="0" skipped="0" time="0"><testcase classname="TedgeConnectTestSMServices" name="tedge_connect_test_sm_services" />
</testsuite><testsuite name="tedge_disconnect_test_sm_services" tests="1" errors="0" failures="0" skipped="0" time="0"><testcase classname="TedgeDisConnectTestSMServices" name="tedge_disconnect_test_sm_services" />
</testsuite><testsuite name="tedge_mapper_az_negative" tests="1" errors="0" failures="0" skipped="0" time="0"><testcase classname="TedgeMapperAzError" name="tedge_mapper_az_negative" />
</testsuite><testsuite name="tedge_mapper_az_with_timestamp" tests="1" errors="0" failures="0" skipped="0" time="0"><testcase classname="TedgeMapperAzWithTimestamp" name="tedge_mapper_az_with_timestamp" />
</testsuite><testsuite name="tedge_mapper_az_without_timestamp" tests="1" errors="0" failures="0" skipped="0" time="0"><testcase classname="TedgeMapperAzWithoutTimestamp" name="tedge_mapper_az_without_timestamp" />
</testsuite><testsuite name="tedge_mapper_c8y_alarms" tests="1" errors="0" failures="0" skipped="0" time="0"><testcase classname="TedgeMapperC8yAlarm" name="tedge_mapper_c8y_alarms" />
</testsuite><testsuite name="tedge_mapper_c8y_child_device_measurement" tests="1" errors="0" failures="0" skipped="0" time="0"><testcase classname="TedgeMapperC8yChildDevice" name="tedge_mapper_c8y_child_device_measurement" />
</testsuite><testsuite name="tedge_mapper_c8y_packet_threshold_size" tests="1" errors="0" failures="1" skipped="0" time="0"><testcase classname="TedgeMapperC8yThresholdPacketSize" name="tedge_mapper_c8y_packet_threshold_size">
		<failure message="FAILED: Grep on tedge_sub.out contains &quot;The size of the message received on tedge/measurements is 20489 which is greater than the threshold size of 16184.&quot;" type="FAILED" />
		<system-out>18:39:36 INFO  ==============================================================
18:39:36 INFO  Id:    tedge_mapper_c8y_packet_threshold_size
18:39:36 INFO  Dir:   tedge_mapper_c8y/
18:39:36 INFO  Title: Validate the Cumulocity Mapper accepted threshold packet size when it receives a message on tedge/measurements
18:39:36 INFO  ==============================================================
18:39:37 INFO  Executed sudo&lt;tedge_mapper_c8y&gt;, exit status 0
18:39:37 INFO  Started sudo&lt;tedge_sub&gt; with process id 5400
18:39:38 INFO  Executed sudo&lt;tedge_msg&gt;, exit status 0
18:39:38 INFO  Executed sudo&lt;tedge_pub&gt;, exit status 0
18:39:39 INFO  Executed sudo&lt;kill_out&gt;, exit status 0
18:39:39 WARN  Grep on tedge_sub.out contains "The size of the message received on tedge/measurements is 20489 which is greater than the threshold size of 16184." ... failed [run.py:88]
18:39:39 INFO  
18:39:39 INFO  cleanup:
18:39:39 INFO  mapper_cleanup
18:39:39 INFO  Executed sudo&lt;tedge_mapper_c8y&gt;, exit status 0
18:39:39 INFO  
18:39:39 INFO  Test duration: 2.95 secs
18:39:39 INFO  Test final outcome:  FAILED
18:39:39 INFO  Test outcome reason: Grep on tedge_sub.out contains "The size of the message received on tedge/measurements is 20489 which is greater than the threshold size of 16184."
18:39:39 INFO  
</system-out>
	</testcase>
</testsuite><testsuite name="tedge_software_update" tests="1" errors="0" failures="0" skipped="0" time="0"><testcase classname="PySysTest" name="tedge_software_update" />
</testsuite><testsuite name="valid_device_id" tests="1" errors="0" failures="0" skipped="0" time="0"><testcase classname="ValidateValidDeviceId" name="valid_device_id" />
</testsuite></testsuites>