<?xml version='1.0' encoding='utf-8'?>
<testsuites tests="147" failures="23" errors="0" skipped="45" time="0.0"><testsuite name="SoftwareManagement.Plugin.apama_plugin_install" tests="3" errors="0" failures="0" skipped="1" time="0"><testcase classname="ApamaPluginInstallTest" name="SoftwareManagement.Plugin.apama_plugin_install">
		<skipped message="SKIPPED: Apama plugin tests are disabled by default. Execute `pysys run` with `-XmyPlatform=container` to run these tests" />
		<system-out>11:06:22 INFO  ==============================================================
11:06:22 INFO  Id:    SoftwareManagement.Plugin.apama_plugin_install
11:06:22 INFO  Dir:   plugin_apama/
11:06:22 INFO  Title: Validate apama plugin install
11:06:22 INFO  ==============================================================
11:06:22 INFO  Apama plugin tests are disabled by default. Execute `pysys run` with `-XmyPlatform=container` to run these tests ... skipped
11:06:22 WARN  Aborted test due to SKIPPED outcome
11:06:22 INFO  
11:06:22 INFO  Test duration: 0.05 secs
11:06:22 INFO  Test final outcome:  SKIPPED
11:06:22 INFO  Test outcome reason: Apama plugin tests are disabled by default. Execute `pysys run` with `-XmyPlatform=container` to run these tests
11:06:22 INFO  
</system-out>
	</testcase>
<testcase classname="ApamaPluginInstallTest" name="SoftwareManagement.Plugin.apama_plugin_install" />
<testcase classname="ApamaPluginInstallTest" name="SoftwareManagement.Plugin.apama_plugin_install" />
</testsuite><testsuite name="SoftwareManagement.Plugin.apama_plugin_mon_support" tests="3" errors="0" failures="0" skipped="1" time="0"><testcase classname="ApamaPluginMonSupportTest" name="SoftwareManagement.Plugin.apama_plugin_mon_support">
		<skipped message="SKIPPED: Apama plugin tests are disabled by default. Execute `pysys run` with `-XmyPlatform=container` to run these tests" />
		<system-out>11:06:22 INFO  ==============================================================
11:06:22 INFO  Id:    SoftwareManagement.Plugin.apama_plugin_mon_support
11:06:22 INFO  Dir:   plugin_apama/
11:06:22 INFO  Title: Validate mon file support of apama plugin
11:06:22 INFO  ==============================================================
11:06:22 INFO  Apama plugin tests are disabled by default. Execute `pysys run` with `-XmyPlatform=container` to run these tests ... skipped
11:06:22 WARN  Aborted test due to SKIPPED outcome
11:06:22 INFO  
11:06:22 INFO  Test duration: 0.06 secs
11:06:22 INFO  Test final outcome:  SKIPPED
11:06:22 INFO  Test outcome reason: Apama plugin tests are disabled by default. Execute `pysys run` with `-XmyPlatform=container` to run these tests
11:06:22 INFO  
</system-out>
	</testcase>
<testcase classname="ApamaPluginMonSupportTest" name="SoftwareManagement.Plugin.apama_plugin_mon_support" />
<testcase classname="ApamaPluginMonSupportTest" name="SoftwareManagement.Plugin.apama_plugin_mon_support" />
</testsuite><testsuite name="SoftwareManagement.Plugin.apama_plugin_remove" tests="3" errors="0" failures="0" skipped="1" time="0"><testcase classname="ApamaPluginRemoveTest" name="SoftwareManagement.Plugin.apama_plugin_remove">
		<skipped message="SKIPPED: Apama plugin tests are disabled by default. Execute `pysys run` with `-XmyPlatform=container` to run these tests" />
		<system-out>11:06:22 INFO  ==============================================================
11:06:22 INFO  Id:    SoftwareManagement.Plugin.apama_plugin_remove
11:06:22 INFO  Dir:   plugin_apama/
11:06:22 INFO  Title: Validate apama plugin remove
11:06:22 INFO  ==============================================================
11:06:22 INFO  Apama plugin tests are disabled by default. Execute `pysys run` with `-XmyPlatform=container` to run these tests ... skipped
11:06:22 WARN  Aborted test due to SKIPPED outcome
11:06:22 INFO  
11:06:22 INFO  Test duration: 0.02 secs
11:06:22 INFO  Test final outcome:  SKIPPED
11:06:22 INFO  Test outcome reason: Apama plugin tests are disabled by default. Execute `pysys run` with `-XmyPlatform=container` to run these tests
11:06:22 INFO  
</system-out>
	</testcase>
<testcase classname="ApamaPluginRemoveTest" name="SoftwareManagement.Plugin.apama_plugin_remove" />
<testcase classname="ApamaPluginRemoveTest" name="SoftwareManagement.Plugin.apama_plugin_remove" />
</testsuite><testsuite name="SoftwareManagement.Plugin.apama_plugin_update" tests="3" errors="0" failures="2" skipped="1" time="0"><testcase classname="ApamaPluginUpdateTest" name="SoftwareManagement.Plugin.apama_plugin_update">
		<skipped message="SKIPPED: Apama plugin tests are disabled by default. Execute `pysys run` with `-XmyPlatform=container` to run these tests" />
		<system-out>11:06:22 INFO  ==============================================================
11:06:22 INFO  Id:    SoftwareManagement.Plugin.apama_plugin_update
11:06:22 INFO  Dir:   plugin_apama/
11:06:22 INFO  Title: Validate apama plugin updating one project with another
11:06:22 INFO  ==============================================================
11:06:22 INFO  Apama plugin tests are disabled by default. Execute `pysys run` with `-XmyPlatform=container` to run these tests ... skipped
11:06:22 WARN  Aborted test due to SKIPPED outcome
11:06:22 INFO  
11:06:22 INFO  Test duration: 0.02 secs
11:06:22 INFO  Test final outcome:  SKIPPED
11:06:22 INFO  Test outcome reason: Apama plugin tests are disabled by default. Execute `pysys run` with `-XmyPlatform=container` to run these tests
11:06:22 INFO  
</system-out>
	</testcase>
<testcase classname="ApamaPluginUpdateTest" name="SoftwareManagement.Plugin.apama_plugin_update">
		<failure message="BLOCKED: sudo&lt;plugin_install&gt; returned non-zero exit code 2" type="BLOCKED" />
		<system-out>11:57:23 INFO  ==============================================================
11:57:23 INFO  Id:    SoftwareManagement.Plugin.apama_plugin_update
11:57:23 INFO  Dir:   plugin_apama/
11:57:23 INFO  Title: Validate apama plugin updating one project with another
11:57:23 INFO  ==============================================================
11:57:23 INFO  Assertion that path exists=False for "/etc/tedge/apama/project" ... passed
11:57:23 INFO  Executed sudo&lt;create_project_dir&gt;, exit status 0
11:57:24 INFO  Executed sudo&lt;unzip_apama_project&gt;, exit status 0
11:57:24 INFO  Executed sudo&lt;move_apama_project&gt;, exit status 0
11:57:25 INFO  Executed sudo&lt;restart_apama_service&gt;, exit status 0
11:57:26 INFO  Executed sudo&lt;apama_correlator_wait&gt;, exit status 0
11:57:26 INFO  Assertion that path exists=True for "/etc/tedge/apama/project" ... passed
11:57:27 INFO  Executed sudo&lt;apama_list_monitors&gt;, exit status 0
11:57:27 INFO  Grep on file /home/pi/actions-runner/_work/thin-edge.io/thin-edge.io/tests/PySys/plugin_apama/apama_plugin_update/Output/linux/apama_list_monitors.out ... passed
11:57:27 WARN  Executed sudo&lt;plugin_install&gt;, exit status 2
11:57:27 INFO  Contents of plugin_install.err: 
  ERROR: Directory not empty (os error 39)
  -----

11:57:28 WARN  sudo&lt;plugin_install&gt; returned non-zero exit code 2 ... blocked [run.py:35]
11:57:28 WARN  Aborted test due to BLOCKED outcome
11:57:28 INFO  
11:57:28 INFO  cleanup:
11:57:28 INFO  Removing apama project
11:57:43 INFO  Executed sudo&lt;stop_apama_service&gt;, exit status 0, duration 15 secs
11:57:43 INFO  Executed sudo&lt;remove_apama_project&gt;, exit status 0
11:57:44 INFO  Executed sudo&lt;remove_apama_tmp_dir&gt;, exit status 0
11:57:44 INFO  
11:57:44 INFO  Test duration: 21.08 secs
11:57:44 INFO  Test final outcome:  BLOCKED
11:57:44 INFO  Test outcome reason: sudo&lt;plugin_install&gt; returned non-zero exit code 2
11:57:44 INFO  
</system-out>
	</testcase>
<testcase classname="ApamaPluginUpdateTest" name="SoftwareManagement.Plugin.apama_plugin_update">
		<failure message="BLOCKED: sudo&lt;plugin_install&gt; returned non-zero exit code 2" type="BLOCKED" />
		<system-out>12:00:42 INFO  ==============================================================
12:00:42 INFO  Id:    SoftwareManagement.Plugin.apama_plugin_update
12:00:42 INFO  Dir:   plugin_apama/
12:00:42 INFO  Title: Validate apama plugin updating one project with another
12:00:42 INFO  ==============================================================
12:00:42 INFO  Assertion that path exists=False for "/etc/tedge/apama/project" ... passed
12:00:42 INFO  Executed sudo&lt;create_project_dir&gt;, exit status 0
12:00:43 INFO  Executed sudo&lt;unzip_apama_project&gt;, exit status 0
12:00:43 INFO  Executed sudo&lt;move_apama_project&gt;, exit status 0
12:00:44 INFO  Executed sudo&lt;restart_apama_service&gt;, exit status 0
12:00:45 INFO  Executed sudo&lt;apama_correlator_wait&gt;, exit status 0
12:00:45 INFO  Assertion that path exists=True for "/etc/tedge/apama/project" ... passed
12:00:46 INFO  Executed sudo&lt;apama_list_monitors&gt;, exit status 0
12:00:46 INFO  Grep on file /home/pi/actions-runner/_work/thin-edge.io/thin-edge.io/tests/PySys/plugin_apama/apama_plugin_update/Output/linux/apama_list_monitors.out ... passed
12:00:46 WARN  Executed sudo&lt;plugin_install&gt;, exit status 2
12:00:46 INFO  Contents of plugin_install.err: 
  ERROR: Directory not empty (os error 39)
  -----

12:00:46 WARN  sudo&lt;plugin_install&gt; returned non-zero exit code 2 ... blocked [run.py:35]
12:00:46 WARN  Aborted test due to BLOCKED outcome
12:00:46 INFO  
12:00:46 INFO  cleanup:
12:00:46 INFO  Removing apama project
12:01:02 INFO  Executed sudo&lt;stop_apama_service&gt;, exit status 0, duration 15 secs
12:01:02 INFO  Executed sudo&lt;remove_apama_project&gt;, exit status 0
12:01:03 INFO  Executed sudo&lt;remove_apama_tmp_dir&gt;, exit status 0
12:01:03 INFO  
12:01:03 INFO  Test duration: 21.23 secs
12:01:03 INFO  Test final outcome:  BLOCKED
12:01:03 INFO  Test outcome reason: sudo&lt;plugin_install&gt; returned non-zero exit code 2
12:01:03 INFO  
</system-out>
	</testcase>
</testsuite><testsuite name="SoftwareManagement.sm_apt_install_download_path" tests="3" errors="0" failures="2" skipped="1" time="0"><testcase classname="AptInstallWithDownloadPath" name="SoftwareManagement.sm_apt_install_download_path">
		<skipped message="SKIPPED: Testing the apt plugin is not supported on this platform.Use parameter -XmyPlatform='container' to enable it" />
		<system-out>11:15:59 INFO  ==============================================================
11:15:59 INFO  Id:    SoftwareManagement.sm_apt_install_download_path
11:15:59 INFO  Dir:   software_management_end_to_end/
11:15:59 INFO  Title: Install package to directory specified in tedge config set tmp.path
11:15:59 INFO  ==============================================================
11:15:59 INFO  Testing the apt plugin is not supported on this platform.Use parameter -XmyPlatform='container' to enable it ... skipped
11:15:59 WARN  Aborted test due to SKIPPED outcome
11:15:59 INFO  
11:15:59 INFO  Test duration: 0.06 secs
11:15:59 INFO  Test final outcome:  SKIPPED
11:15:59 INFO  Test outcome reason: Testing the apt plugin is not supported on this platform.Use parameter -XmyPlatform='container' to enable it
11:15:59 INFO  
</system-out>
	</testcase>
<testcase classname="AptInstallWithDownloadPath" name="SoftwareManagement.sm_apt_install_download_path">
		<failure message="BLOCKED: AssertionError:" type="BLOCKED" />
		<system-out>11:39:23 INFO  ==============================================================
11:39:23 INFO  Id:    SoftwareManagement.sm_apt_install_download_path
11:39:23 INFO  Dir:   software_management_end_to_end/
11:39:23 INFO  Title: Install package to directory specified in tedge config set tmp.path
11:39:23 INFO  ==============================================================
11:39:23 INFO  Using sw id database: {'asciijump': '5475369', 'robotfindskitten': '5474869', 'squirrel3': '5475279', 'rolldice': '5152439', 'moon-buggy': '5439204', 'apple': '5495053', 'banana': '5494888', 'cherry': '5495382', 'watermelon': '5494510', 'registry': '8018911', 'hello-world': '8021526', 'docker/getting-started': '8021973', 'alpine': '7991792'}
11:39:23 INFO  EnvironmentC8y Setup
11:39:23 INFO  Executed systemctl&lt;serv_mapper1&gt;, exit status 3
11:39:38 INFO  Executed sudo&lt;tedge_connect_c8y&gt;, exit status 0, duration 14 secs
11:39:40 INFO  Executed sudo&lt;tedge_connect_c8y_test&gt;, exit status 0
11:39:41 INFO  Executed systemctl&lt;serv_mosq2&gt;, exit status 0
11:39:41 INFO  Executed systemctl&lt;serv_mapper3&gt;, exit status 0
11:39:44 INFO  State of current operation: SUCCESSFUL
11:39:44 INFO  Assert that (False == value) with value=False ... passed
11:39:44 INFO  Executed sudo, exit status 0
11:39:45 INFO  Executed sudo, exit status 0
11:39:46 INFO  Executed sudo, exit status 0
11:39:50 INFO  Executed sudo&lt;tedge_disconnect_c8y&gt;, exit status 0
11:39:50 INFO  Restarting mosquitto too frequently in the last 10 seconds. It was only up for 3 seconds
11:39:50 INFO  Delaying execution by 8 seconds
11:40:11 INFO  Executed sudo&lt;tedge_connect_c8y&gt;, exit status 0, duration 13 secs
11:40:12 INFO  Response status: 201
11:40:12 INFO  Response to action: {
    "creationTime": "2022-05-13T11:40:12.090Z",
    "deviceId": "19000394",
    "deviceName": "m32sd10d",
    "self": "https://t493319102.eu-latest.cumulocity.com/devicecontrol/operations/19028666",
    "id": "19028666",
    "status": "PENDING",
    "description": "Apply software changes, triggered from PySys: [{'name': 'rolldice', 'id': '5152439', 'version': '::apt', 'url': 'https://thin-edge-io.eu-latest.cumulocity.com/inventory/binaries/12435463', 'action': 'install'}]",
    "c8y_SoftwareUpdate": [
        {
            "name": "rolldice",
            "action": "install",
            "id": "5152439",
            "version": "::apt",
            "url": "https://thin-edge-io.eu-latest.cumulocity.com/inventory/binaries/12435463"
        }
    ]
}
11:40:12 INFO  Started operation: {'creationTime': '2022-05-13T11:40:12.090Z', 'deviceId': '19000394', 'deviceName': 'm32sd10d', 'self': 'https://t493319102.eu-latest.cumulocity.com/devicecontrol/operations/19028666', 'id': '19028666', 'status': 'PENDING', 'description': "Apply software changes, triggered from PySys: [{'name': 'rolldice', 'id': '5152439', 'version': '::apt', 'url': 'https://thin-edge-io.eu-latest.cumulocity.com/inventory/binaries/12435463', 'action': 'install'}]", 'c8y_SoftwareUpdate': [{'name': 'rolldice', 'action': 'install', 'id': '5152439', 'version': '::apt', 'url': 'https://thin-edge-io.eu-latest.cumulocity.com/inventory/binaries/12435463'}]}
11:40:12 WARN  , retrying in 0.5 seconds...
11:40:12 WARN  , retrying in 0.5 seconds...
11:40:13 WARN  , retrying in 0.5 seconds...
11:40:13 WARN  , retrying in 0.5 seconds...
11:40:14 WARN  , retrying in 0.5 seconds...
11:40:14 WARN  , retrying in 0.5 seconds...
11:40:15 WARN  , retrying in 0.5 seconds...
11:40:15 WARN  , retrying in 0.5 seconds...
11:40:16 WARN  , retrying in 0.5 seconds...
11:40:16 WARN  AssertionError occurred while running test - 
Traceback (most recent call last):
  File "/home/pi/env-pysys/lib/python3.7/site-packages/pysys/baserunner.py", line 1294, in __call__
    self.testObj.execute()
  File "/home/pi/actions-runner/_work/thin-edge.io/thin-edge.io/tests/PySys/software_management_end_to_end/sm_apt_install_download_path/run.py", line 83, in execute
    assert_install_in_download_path(install_directory=self.DOWNLOAD_DIR)
  File "/home/pi/env-pysys/lib/python3.7/site-packages/decorator.py", line 232, in fun
    return caller(func, *(extras + args), **kw)
  File "/home/pi/env-pysys/lib/python3.7/site-packages/retry/api.py", line 74, in retry_decorator
    logger)
  File "/home/pi/env-pysys/lib/python3.7/site-packages/retry/api.py", line 33, in __retry_internal
    return f()
  File "/home/pi/actions-runner/_work/thin-edge.io/thin-edge.io/tests/PySys/software_management_end_to_end/sm_apt_install_download_path/run.py", line 28, in assert_install_in_download_path
    assert "rolldice" in os.listdir(f"{install_directory}")
AssertionError
11:40:17 WARN  AssertionError: ... blocked 
11:40:17 INFO  
11:40:17 INFO  cleanup:
11:40:17 INFO  Executed sudo, exit status 0
11:40:18 INFO  Executed sudo, exit status 0
11:40:22 INFO  Executed sudo&lt;tedge_disconnect_c8y&gt;, exit status 0
11:40:22 INFO  Restarting mosquitto too frequently in the last 10 seconds. It was only up for 3 seconds
11:40:22 INFO  Delaying execution by 8 seconds
11:40:44 INFO  Executed sudo&lt;tedge_connect_c8y&gt;, exit status 0, duration 14 secs
11:40:48 INFO  Executed sudo&lt;tedge_disconnect_c8y&gt;, exit status 0
11:40:49 INFO  Executed systemctl&lt;serv_mapper5&gt;, exit status 3
11:40:49 INFO  
11:40:49 INFO  Test duration: 86.31 secs
11:40:49 INFO  Test final outcome:  BLOCKED
11:40:49 INFO  Test outcome reason: AssertionError:
11:40:49 INFO  
</system-out>
	</testcase>
<testcase classname="AptInstallWithDownloadPath" name="SoftwareManagement.sm_apt_install_download_path">
		<failure message="BLOCKED: AssertionError:" type="BLOCKED" />
		<system-out>12:01:03 INFO  ==============================================================
12:01:03 INFO  Id:    SoftwareManagement.sm_apt_install_download_path
12:01:03 INFO  Dir:   software_management_end_to_end/
12:01:03 INFO  Title: Install package to directory specified in tedge config set tmp.path
12:01:03 INFO  ==============================================================
12:01:04 INFO  Using sw id database: {'asciijump': '5475369', 'robotfindskitten': '5474869', 'squirrel3': '5475279', 'rolldice': '5152439', 'moon-buggy': '5439204', 'apple': '5495053', 'banana': '5494888', 'cherry': '5495382', 'watermelon': '5494510', 'registry': '8018911', 'hello-world': '8021526', 'docker/getting-started': '8021973', 'alpine': '7991792'}
12:01:04 INFO  EnvironmentC8y Setup
12:01:05 INFO  Executed systemctl&lt;serv_mapper1&gt;, exit status 3
12:01:18 INFO  Executed sudo&lt;tedge_connect_c8y&gt;, exit status 0, duration 13 secs
12:01:19 INFO  Executed sudo&lt;tedge_connect_c8y_test&gt;, exit status 0
12:01:20 INFO  Executed systemctl&lt;serv_mosq2&gt;, exit status 0
12:01:20 INFO  Executed systemctl&lt;serv_mapper3&gt;, exit status 0
12:01:22 INFO  State of current operation: FAILED
12:01:23 INFO  Assert that (False == value) with value=False ... passed
12:01:23 INFO  Executed sudo, exit status 0
12:01:24 INFO  Executed sudo, exit status 0
12:01:24 INFO  Executed sudo, exit status 0
12:01:28 INFO  Executed sudo&lt;tedge_disconnect_c8y&gt;, exit status 0
12:01:28 INFO  Restarting mosquitto too frequently in the last 10 seconds. It was only up for 3 seconds
12:01:28 INFO  Delaying execution by 8 seconds
12:01:50 INFO  Executed sudo&lt;tedge_connect_c8y&gt;, exit status 0, duration 13 secs
12:01:50 INFO  Response status: 201
12:01:50 INFO  Response to action: {
    "creationTime": "2022-05-13T12:01:50.476Z",
    "deviceId": "19000394",
    "deviceName": "m32sd10d",
    "self": "https://t493319102.eu-latest.cumulocity.com/devicecontrol/operations/19028781",
    "id": "19028781",
    "status": "PENDING",
    "description": "Apply software changes, triggered from PySys: [{'name': 'rolldice', 'id': '5152439', 'version': '::apt', 'url': 'https://thin-edge-io.eu-latest.cumulocity.com/inventory/binaries/12435463', 'action': 'install'}]",
    "c8y_SoftwareUpdate": [
        {
            "name": "rolldice",
            "action": "install",
            "id": "5152439",
            "version": "::apt",
            "url": "https://thin-edge-io.eu-latest.cumulocity.com/inventory/binaries/12435463"
        }
    ]
}
12:01:50 INFO  Started operation: {'creationTime': '2022-05-13T12:01:50.476Z', 'deviceId': '19000394', 'deviceName': 'm32sd10d', 'self': 'https://t493319102.eu-latest.cumulocity.com/devicecontrol/operations/19028781', 'id': '19028781', 'status': 'PENDING', 'description': "Apply software changes, triggered from PySys: [{'name': 'rolldice', 'id': '5152439', 'version': '::apt', 'url': 'https://thin-edge-io.eu-latest.cumulocity.com/inventory/binaries/12435463', 'action': 'install'}]", 'c8y_SoftwareUpdate': [{'name': 'rolldice', 'action': 'install', 'id': '5152439', 'version': '::apt', 'url': 'https://thin-edge-io.eu-latest.cumulocity.com/inventory/binaries/12435463'}]}
12:01:50 WARN  , retrying in 0.5 seconds...
12:01:51 WARN  , retrying in 0.5 seconds...
12:01:51 WARN  , retrying in 0.5 seconds...
12:01:52 WARN  , retrying in 0.5 seconds...
12:01:52 WARN  , retrying in 0.5 seconds...
12:01:53 WARN  , retrying in 0.5 seconds...
12:01:53 WARN  , retrying in 0.5 seconds...
12:01:54 WARN  , retrying in 0.5 seconds...
12:01:54 WARN  , retrying in 0.5 seconds...
12:01:55 WARN  AssertionError occurred while running test - 
Traceback (most recent call last):
  File "/home/pi/env-pysys/lib/python3.7/site-packages/pysys/baserunner.py", line 1294, in __call__
    self.testObj.execute()
  File "/home/pi/actions-runner/_work/thin-edge.io/thin-edge.io/tests/PySys/software_management_end_to_end/sm_apt_install_download_path/run.py", line 83, in execute
    assert_install_in_download_path(install_directory=self.DOWNLOAD_DIR)
  File "/home/pi/env-pysys/lib/python3.7/site-packages/decorator.py", line 232, in fun
    return caller(func, *(extras + args), **kw)
  File "/home/pi/env-pysys/lib/python3.7/site-packages/retry/api.py", line 74, in retry_decorator
    logger)
  File "/home/pi/env-pysys/lib/python3.7/site-packages/retry/api.py", line 33, in __retry_internal
    return f()
  File "/home/pi/actions-runner/_work/thin-edge.io/thin-edge.io/tests/PySys/software_management_end_to_end/sm_apt_install_download_path/run.py", line 28, in assert_install_in_download_path
    assert "rolldice" in os.listdir(f"{install_directory}")
AssertionError
12:01:55 WARN  AssertionError: ... blocked 
12:01:55 INFO  
12:01:55 INFO  cleanup:
12:01:55 INFO  Executed sudo, exit status 0
12:01:56 INFO  Executed sudo, exit status 0
12:02:00 INFO  Executed sudo&lt;tedge_disconnect_c8y&gt;, exit status 0
12:02:00 INFO  Restarting mosquitto too frequently in the last 10 seconds. It was only up for 4 seconds
12:02:00 INFO  Delaying execution by 7 seconds
12:02:21 INFO  Executed sudo&lt;tedge_connect_c8y&gt;, exit status 0, duration 13 secs
12:02:25 INFO  Executed sudo&lt;tedge_disconnect_c8y&gt;, exit status 0
12:02:26 INFO  Executed systemctl&lt;serv_mapper5&gt;, exit status 3
12:02:26 INFO  
12:02:26 INFO  Test duration: 82.74 secs
12:02:26 INFO  Test final outcome:  BLOCKED
12:02:26 INFO  Test outcome reason: AssertionError:
12:02:26 INFO  
</system-out>
	</testcase>
</testsuite><testsuite name="SoftwareManagement.sm_apt_install_fail" tests="3" errors="0" failures="0" skipped="1" time="0"><testcase classname="PySysTest" name="SoftwareManagement.sm_apt_install_fail">
		<skipped message="SKIPPED: Testing the apt plugin is not supported on this platform.Use parameter -XmyPlatform='container' to enable it" />
		<system-out>11:15:59 INFO  ==============================================================
11:15:59 INFO  Id:    SoftwareManagement.sm_apt_install_fail
11:15:59 INFO  Dir:   software_management_end_to_end/
11:15:59 INFO  Title: Validate end to end behaviour for a failing installation
11:15:59 INFO  ==============================================================
11:15:59 INFO  Testing the apt plugin is not supported on this platform.Use parameter -XmyPlatform='container' to enable it ... skipped
11:15:59 WARN  Aborted test due to SKIPPED outcome
11:15:59 INFO  
11:15:59 INFO  Test duration: 0.02 secs
11:15:59 INFO  Test final outcome:  SKIPPED
11:15:59 INFO  Test outcome reason: Testing the apt plugin is not supported on this platform.Use parameter -XmyPlatform='container' to enable it
11:15:59 INFO  
</system-out>
	</testcase>
<testcase classname="PySysTest" name="SoftwareManagement.sm_apt_install_fail" />
<testcase classname="PySysTest" name="SoftwareManagement.sm_apt_install_fail" />
</testsuite><testsuite name="SoftwareManagement.sm_apt_install_remove" tests="3" errors="0" failures="0" skipped="1" time="0"><testcase classname="PySysTest" name="SoftwareManagement.sm_apt_install_remove">
		<skipped message="SKIPPED: Testing the apt plugin is not supported on this platform.Use parameter -XmyPlatform='container' to enable it" />
		<system-out>11:15:59 INFO  ==============================================================
11:15:59 INFO  Id:    SoftwareManagement.sm_apt_install_remove
11:15:59 INFO  Dir:   software_management_end_to_end/
11:15:59 INFO  Title: Validate end to end behaviour for the apt plugin for installation and removal of packages
11:15:59 INFO  ==============================================================
11:15:59 INFO  Testing the apt plugin is not supported on this platform.Use parameter -XmyPlatform='container' to enable it ... skipped
11:15:59 WARN  Aborted test due to SKIPPED outcome
11:15:59 INFO  
11:15:59 INFO  Test duration: 0.02 secs
11:15:59 INFO  Test final outcome:  SKIPPED
11:15:59 INFO  Test outcome reason: Testing the apt plugin is not supported on this platform.Use parameter -XmyPlatform='container' to enable it
11:15:59 INFO  
</system-out>
	</testcase>
<testcase classname="PySysTest" name="SoftwareManagement.sm_apt_install_remove" />
<testcase classname="PySysTest" name="SoftwareManagement.sm_apt_install_remove" />
</testsuite><testsuite name="SoftwareManagement.sm_apt_install_remove_default" tests="3" errors="0" failures="0" skipped="1" time="0"><testcase classname="PySysTest" name="SoftwareManagement.sm_apt_install_remove_default">
		<skipped message="SKIPPED: Testing the apt plugin is not supported on this platform.Use parameter -XmyPlatform='container' to enable it" />
		<system-out>11:15:59 INFO  ==============================================================
11:15:59 INFO  Id:    SoftwareManagement.sm_apt_install_remove_default
11:15:59 INFO  Dir:   software_management_end_to_end/
11:15:59 INFO  Title: Validate end to end behaviour for the default plugin for installation and removal of packages
11:15:59 INFO  ==============================================================
11:15:59 INFO  Testing the apt plugin is not supported on this platform.Use parameter -XmyPlatform='container' to enable it ... skipped
11:15:59 WARN  Aborted test due to SKIPPED outcome
11:15:59 INFO  
11:15:59 INFO  Test duration: 0.02 secs
11:15:59 INFO  Test final outcome:  SKIPPED
11:15:59 INFO  Test outcome reason: Testing the apt plugin is not supported on this platform.Use parameter -XmyPlatform='container' to enable it
11:15:59 INFO  
</system-out>
	</testcase>
<testcase classname="PySysTest" name="SoftwareManagement.sm_apt_install_remove_default" />
<testcase classname="PySysTest" name="SoftwareManagement.sm_apt_install_remove_default" />
</testsuite><testsuite name="SoftwareManagement.sm_apt_install_remove_multiple" tests="3" errors="0" failures="2" skipped="1" time="0"><testcase classname="PySysTest" name="SoftwareManagement.sm_apt_install_remove_multiple">
		<skipped message="SKIPPED: Testing the apt plugin is not supported on this platform.Use parameter -XmyPlatform='container' to enable it" />
		<system-out>11:15:59 INFO  ==============================================================
11:15:59 INFO  Id:    SoftwareManagement.sm_apt_install_remove_multiple
11:15:59 INFO  Dir:   software_management_end_to_end/
11:15:59 INFO  Title: Validate end to end behaviour for the apt plugin for multiple packages
11:15:59 INFO  ==============================================================
11:15:59 INFO  Testing the apt plugin is not supported on this platform.Use parameter -XmyPlatform='container' to enable it ... skipped
11:15:59 WARN  Aborted test due to SKIPPED outcome
11:15:59 INFO  
11:15:59 INFO  Test duration: 0.02 secs
11:15:59 INFO  Test final outcome:  SKIPPED
11:15:59 INFO  Test outcome reason: Testing the apt plugin is not supported on this platform.Use parameter -XmyPlatform='container' to enable it
11:15:59 INFO  
</system-out>
	</testcase>
<testcase classname="PySysTest" name="SoftwareManagement.sm_apt_install_remove_multiple">
		<failure message="FAILED: Assert that (False == value) with value=True" type="FAILED" />
		<system-out>11:47:34 INFO  ==============================================================
11:47:34 INFO  Id:    SoftwareManagement.sm_apt_install_remove_multiple
11:47:34 INFO  Dir:   software_management_end_to_end/
11:47:34 INFO  Title: Validate end to end behaviour for the apt plugin for multiple packages
11:47:34 INFO  ==============================================================
11:47:34 INFO  Using sw id database: {'asciijump': '5475369', 'robotfindskitten': '5474869', 'squirrel3': '5475279', 'rolldice': '5152439', 'moon-buggy': '5439204', 'apple': '5495053', 'banana': '5494888', 'cherry': '5495382', 'watermelon': '5494510', 'registry': '8018911', 'hello-world': '8021526', 'docker/getting-started': '8021973', 'alpine': '7991792'}
11:47:34 INFO  EnvironmentC8y Setup
11:47:34 INFO  Executed systemctl&lt;serv_mapper1&gt;, exit status 3
11:47:35 INFO  Restarting mosquitto too frequently in the last 10 seconds. It was only up for 4 seconds
11:47:35 INFO  Delaying execution by 7 seconds
11:47:56 INFO  Executed sudo&lt;tedge_connect_c8y&gt;, exit status 0, duration 13 secs
11:47:56 INFO  Executed sudo&lt;tedge_connect_c8y_test&gt;, exit status 0
11:47:57 INFO  Executed systemctl&lt;serv_mosq2&gt;, exit status 0
11:47:57 INFO  Executed systemctl&lt;serv_mapper3&gt;, exit status 0
11:47:59 INFO  State of current operation: SUCCESSFUL
11:48:00 INFO  Assert that (False == value) with value=False ... passed
11:48:00 INFO  Assert that (False == value) with value=False ... passed
11:48:00 INFO  Assert that (False == value) with value=False ... passed
11:48:00 INFO  Package robotfindskitten is installed
11:48:00 WARN  Assert that (False == value) with value=True ... failed 
11:48:01 INFO  Response status: 201
11:48:01 INFO  Response to action: {
    "creationTime": "2022-05-13T11:48:00.974Z",
    "deviceId": "19000394",
    "deviceName": "m32sd10d",
    "self": "https://t493319102.eu-latest.cumulocity.com/devicecontrol/operations/19028733",
    "id": "19028733",
    "status": "PENDING",
    "description": "Apply software changes, triggered from PySys: [{'action': 'install', 'id': '5475369', 'name': 'asciijump', 'url': ' ', 'version': '::apt'}, {'action': 'install', 'id': '5474869', 'name': 'robotfindskitten', 'url': ' ', 'version': '::apt'}, {'action': 'install', 'id': '5475279', 'name': 'squirrel3', 'url': ' ', 'version': '::apt'}]",
    "c8y_SoftwareUpdate": [
        {
            "name": "asciijump",
            "action": "install",
            "id": "5475369",
            "version": "::apt",
            "url": " "
        },
        {
            "name": "robotfindskitten",
            "action": "install",
            "id": "5474869",
            "version": "::apt",
            "url": " "
        },
        {
            "name": "squirrel3",
            "action": "install",
            "id": "5475279",
            "version": "::apt",
            "url": " "
        }
    ]
}
11:48:01 INFO  Started operation: {'creationTime': '2022-05-13T11:48:00.974Z', 'deviceId': '19000394', 'deviceName': 'm32sd10d', 'self': 'https://t493319102.eu-latest.cumulocity.com/devicecontrol/operations/19028733', 'id': '19028733', 'status': 'PENDING', 'description': "Apply software changes, triggered from PySys: [{'action': 'install', 'id': '5475369', 'name': 'asciijump', 'url': ' ', 'version': '::apt'}, {'action': 'install', 'id': '5474869', 'name': 'robotfindskitten', 'url': ' ', 'version': '::apt'}, {'action': 'install', 'id': '5475279', 'name': 'squirrel3', 'url': ' ', 'version': '::apt'}]", 'c8y_SoftwareUpdate': [{'name': 'asciijump', 'action': 'install', 'id': '5475369', 'version': '::apt', 'url': ' '}, {'name': 'robotfindskitten', 'action': 'install', 'id': '5474869', 'version': '::apt', 'url': ' '}, {'name': 'squirrel3', 'action': 'install', 'id': '5475279', 'version': '::apt', 'url': ' '}]}
11:48:03 INFO  State of operation 19028733 : PENDING
11:48:05 INFO  State of operation 19028733 : EXECUTING
11:48:07 INFO  State of operation 19028733 : EXECUTING
11:48:09 INFO  State of operation 19028733 : EXECUTING
11:48:12 INFO  State of operation 19028733 : EXECUTING
11:48:14 INFO  State of operation 19028733 : EXECUTING
11:48:17 INFO  State of operation 19028733 : EXECUTING
11:48:19 INFO  State of operation 19028733 : EXECUTING
11:48:22 INFO  State of operation 19028733 : EXECUTING
11:48:24 INFO  State of operation 19028733 : EXECUTING
11:48:26 INFO  State of operation 19028733 : EXECUTING
11:48:28 INFO  State of operation 19028733 : EXECUTING
11:48:31 INFO  State of operation 19028733 : EXECUTING
11:48:33 INFO  State of operation 19028733 : EXECUTING
11:48:35 INFO  State of operation 19028733 : EXECUTING
11:48:37 INFO  State of operation 19028733 : EXECUTING
11:48:40 INFO  State of operation 19028733 : EXECUTING
11:48:42 INFO  State of operation 19028733 : EXECUTING
11:48:45 INFO  State of operation 19028733 : EXECUTING
11:48:47 INFO  State of operation 19028733 : EXECUTING
11:48:49 INFO  State of operation 19028733 : EXECUTING
11:48:52 INFO  State of operation 19028733 : EXECUTING
11:48:54 INFO  State of operation 19028733 : EXECUTING
11:48:56 INFO  State of operation 19028733 : EXECUTING
11:48:59 INFO  State of operation 19028733 : EXECUTING
11:49:01 INFO  State of operation 19028733 : EXECUTING
11:49:03 INFO  State of operation 19028733 : EXECUTING
11:49:06 INFO  State of operation 19028733 : EXECUTING
11:49:08 INFO  State of operation 19028733 : EXECUTING
11:49:10 INFO  State of operation 19028733 : EXECUTING
11:49:12 INFO  State of operation 19028733 : EXECUTING
11:49:15 INFO  State of operation 19028733 : EXECUTING
11:49:17 INFO  State of operation 19028733 : EXECUTING
11:49:19 INFO  State of operation 19028733 : EXECUTING
11:49:21 INFO  State of operation 19028733 : SUCCESSFUL
11:49:22 INFO  Assert that (False == value) with value=False ... passed
11:49:22 INFO  Package asciijump is installed
11:49:22 INFO  Assert that (True == value) with value=True ... passed
11:49:22 INFO  Package squirrel3 is installed
11:49:22 INFO  Assert that (True == value) with value=True ... passed
11:49:22 INFO  Package robotfindskitten is installed
11:49:22 INFO  Assert that (True == value) with value=True ... passed
11:49:23 INFO  Response status: 201
11:49:23 INFO  Response to action: {
    "creationTime": "2022-05-13T11:49:23.055Z",
    "deviceId": "19000394",
    "deviceName": "m32sd10d",
    "self": "https://t493319102.eu-latest.cumulocity.com/devicecontrol/operations/19028741",
    "id": "19028741",
    "status": "PENDING",
    "description": "Apply software changes, triggered from PySys: [{'action': 'delete', 'id': '5475369', 'name': 'asciijump', 'url': ' ', 'version': '::apt'}, {'action': 'delete', 'id': '5474869', 'name': 'robotfindskitten', 'url': ' ', 'version': '::apt'}, {'action': 'delete', 'id': '5475279', 'name': 'squirrel3', 'url': ' ', 'version': '::apt'}]",
    "c8y_SoftwareUpdate": [
        {
            "name": "asciijump",
            "action": "delete",
            "id": "5475369",
            "version": "::apt",
            "url": " "
        },
        {
            "name": "robotfindskitten",
            "action": "delete",
            "id": "5474869",
            "version": "::apt",
            "url": " "
        },
        {
            "name": "squirrel3",
            "action": "delete",
            "id": "5475279",
            "version": "::apt",
            "url": " "
        }
    ]
}
11:49:23 INFO  Started operation: {'creationTime': '2022-05-13T11:49:23.055Z', 'deviceId': '19000394', 'deviceName': 'm32sd10d', 'self': 'https://t493319102.eu-latest.cumulocity.com/devicecontrol/operations/19028741', 'id': '19028741', 'status': 'PENDING', 'description': "Apply software changes, triggered from PySys: [{'action': 'delete', 'id': '5475369', 'name': 'asciijump', 'url': ' ', 'version': '::apt'}, {'action': 'delete', 'id': '5474869', 'name': 'robotfindskitten', 'url': ' ', 'version': '::apt'}, {'action': 'delete', 'id': '5475279', 'name': 'squirrel3', 'url': ' ', 'version': '::apt'}]", 'c8y_SoftwareUpdate': [{'name': 'asciijump', 'action': 'delete', 'id': '5475369', 'version': '::apt', 'url': ' '}, {'name': 'robotfindskitten', 'action': 'delete', 'id': '5474869', 'version': '::apt', 'url': ' '}, {'name': 'squirrel3', 'action': 'delete', 'id': '5475279', 'version': '::apt', 'url': ' '}]}
11:49:25 INFO  State of operation 19028741 : PENDING
11:49:27 INFO  State of operation 19028741 : EXECUTING
11:49:29 INFO  State of operation 19028741 : EXECUTING
11:49:31 INFO  State of operation 19028741 : EXECUTING
11:49:34 INFO  State of operation 19028741 : EXECUTING
11:49:36 INFO  State of operation 19028741 : EXECUTING
11:49:39 INFO  State of operation 19028741 : EXECUTING
11:49:42 INFO  State of operation 19028741 : EXECUTING
11:49:44 INFO  State of operation 19028741 : EXECUTING
11:49:46 INFO  State of operation 19028741 : EXECUTING
11:49:49 INFO  State of operation 19028741 : EXECUTING
11:49:51 INFO  State of operation 19028741 : EXECUTING
11:49:53 INFO  State of operation 19028741 : EXECUTING
11:49:55 INFO  State of operation 19028741 : EXECUTING
11:49:58 INFO  State of operation 19028741 : EXECUTING
11:50:00 INFO  State of operation 19028741 : EXECUTING
11:50:02 INFO  State of operation 19028741 : EXECUTING
11:50:05 INFO  State of operation 19028741 : EXECUTING
11:50:08 INFO  State of operation 19028741 : EXECUTING
11:50:10 INFO  State of operation 19028741 : EXECUTING
11:50:12 INFO  State of operation 19028741 : EXECUTING
11:50:14 INFO  State of operation 19028741 : EXECUTING
11:50:16 INFO  State of operation 19028741 : EXECUTING
11:50:19 INFO  State of operation 19028741 : EXECUTING
11:50:21 INFO  State of operation 19028741 : EXECUTING
11:50:24 INFO  State of operation 19028741 : EXECUTING
11:50:26 INFO  State of operation 19028741 : EXECUTING
11:50:28 INFO  State of operation 19028741 : SUCCESSFUL
11:50:28 INFO  Assert that (False == value) with value=False ... passed
11:50:29 INFO  Assert that (False == value) with value=False ... passed
11:50:29 INFO  Assert that (False == value) with value=False ... passed
11:50:29 INFO  Assert that (False == value) with value=False ... passed
11:50:29 INFO  
11:50:29 INFO  cleanup:
11:50:33 INFO  Executed sudo&lt;tedge_disconnect_c8y&gt;, exit status 0
11:50:34 INFO  Executed systemctl&lt;serv_mapper5&gt;, exit status 3
11:50:34 INFO  
11:50:34 INFO  Test duration: 179.76 secs
11:50:34 INFO  Test final outcome:  FAILED
11:50:34 INFO  Test outcome reason: Assert that (False == value) with value=True
11:50:34 INFO  
</system-out>
	</testcase>
<testcase classname="PySysTest" name="SoftwareManagement.sm_apt_install_remove_multiple">
		<failure message="FAILED: Assert that (False == value) with value=True (+2 other failures)" type="FAILED" />
		<system-out>12:08:47 INFO  ==============================================================
12:08:47 INFO  Id:    SoftwareManagement.sm_apt_install_remove_multiple
12:08:47 INFO  Dir:   software_management_end_to_end/
12:08:47 INFO  Title: Validate end to end behaviour for the apt plugin for multiple packages
12:08:47 INFO  ==============================================================
12:08:47 INFO  Using sw id database: {'asciijump': '5475369', 'robotfindskitten': '5474869', 'squirrel3': '5475279', 'rolldice': '5152439', 'moon-buggy': '5439204', 'apple': '5495053', 'banana': '5494888', 'cherry': '5495382', 'watermelon': '5494510', 'registry': '8018911', 'hello-world': '8021526', 'docker/getting-started': '8021973', 'alpine': '7991792'}
12:08:47 INFO  EnvironmentC8y Setup
12:08:47 INFO  Executed systemctl&lt;serv_mapper1&gt;, exit status 3
12:08:47 INFO  Restarting mosquitto too frequently in the last 10 seconds. It was only up for 4 seconds
12:08:47 INFO  Delaying execution by 7 seconds
12:09:08 INFO  Executed sudo&lt;tedge_connect_c8y&gt;, exit status 0, duration 13 secs
12:09:09 INFO  Executed sudo&lt;tedge_connect_c8y_test&gt;, exit status 0
12:09:09 INFO  Executed systemctl&lt;serv_mosq2&gt;, exit status 0
12:09:10 INFO  Executed systemctl&lt;serv_mapper3&gt;, exit status 0
12:09:12 INFO  State of current operation: SUCCESSFUL
12:09:12 INFO  Assert that (False == value) with value=False ... passed
12:09:12 INFO  Package asciijump is installed
12:09:13 WARN  Assert that (False == value) with value=True ... failed 
12:09:13 INFO  Package squirrel3 is installed
12:09:13 WARN  Assert that (False == value) with value=True ... failed 
12:09:13 INFO  Package robotfindskitten is installed
12:09:13 WARN  Assert that (False == value) with value=True ... failed 
12:09:14 INFO  Response status: 201
12:09:14 INFO  Response to action: {
    "delivery": {
        "time": "2022-05-13T12:09:13.984Z",
        "log": [],
        "status": "PENDING"
    },
    "creationTime": "2022-05-13T12:09:13.970Z",
    "deviceId": "19000394",
    "deviceName": "m32sd10d",
    "self": "https://t493319102.eu-latest.cumulocity.com/devicecontrol/operations/19028849",
    "id": "19028849",
    "status": "PENDING",
    "description": "Apply software changes, triggered from PySys: [{'action': 'install', 'id': '5475369', 'name': 'asciijump', 'url': ' ', 'version': '::apt'}, {'action': 'install', 'id': '5474869', 'name': 'robotfindskitten', 'url': ' ', 'version': '::apt'}, {'action': 'install', 'id': '5475279', 'name': 'squirrel3', 'url': ' ', 'version': '::apt'}]",
    "c8y_SoftwareUpdate": [
        {
            "name": "asciijump",
            "action": "install",
            "id": "5475369",
            "version": "::apt",
            "url": " "
        },
        {
            "name": "robotfindskitten",
            "action": "install",
            "id": "5474869",
            "version": "::apt",
            "url": " "
        },
        {
            "name": "squirrel3",
            "action": "install",
            "id": "5475279",
            "version": "::apt",
            "url": " "
        }
    ]
}
12:09:14 INFO  Started operation: {'delivery': {'time': '2022-05-13T12:09:13.984Z', 'log': [], 'status': 'PENDING'}, 'creationTime': '2022-05-13T12:09:13.970Z', 'deviceId': '19000394', 'deviceName': 'm32sd10d', 'self': 'https://t493319102.eu-latest.cumulocity.com/devicecontrol/operations/19028849', 'id': '19028849', 'status': 'PENDING', 'description': "Apply software changes, triggered from PySys: [{'action': 'install', 'id': '5475369', 'name': 'asciijump', 'url': ' ', 'version': '::apt'}, {'action': 'install', 'id': '5474869', 'name': 'robotfindskitten', 'url': ' ', 'version': '::apt'}, {'action': 'install', 'id': '5475279', 'name': 'squirrel3', 'url': ' ', 'version': '::apt'}]", 'c8y_SoftwareUpdate': [{'name': 'asciijump', 'action': 'install', 'id': '5475369', 'version': '::apt', 'url': ' '}, {'name': 'robotfindskitten', 'action': 'install', 'id': '5474869', 'version': '::apt', 'url': ' '}, {'name': 'squirrel3', 'action': 'install', 'id': '5475279', 'version': '::apt', 'url': ' '}]}
12:09:16 INFO  State of operation 19028849 : PENDING
12:09:18 INFO  State of operation 19028849 : EXECUTING
12:09:20 INFO  State of operation 19028849 : EXECUTING
12:09:22 INFO  State of operation 19028849 : EXECUTING
12:09:25 INFO  State of operation 19028849 : EXECUTING
12:09:27 INFO  State of operation 19028849 : EXECUTING
12:09:30 INFO  State of operation 19028849 : EXECUTING
12:09:32 INFO  State of operation 19028849 : EXECUTING
12:09:36 INFO  State of operation 19028849 : EXECUTING
12:09:38 INFO  State of operation 19028849 : EXECUTING
12:09:40 INFO  State of operation 19028849 : EXECUTING
12:09:43 INFO  State of operation 19028849 : EXECUTING
12:09:45 INFO  State of operation 19028849 : EXECUTING
12:09:47 INFO  State of operation 19028849 : EXECUTING
12:09:49 INFO  State of operation 19028849 : SUCCESSFUL
12:09:49 INFO  Assert that (False == value) with value=False ... passed
12:09:50 INFO  Package asciijump is installed
12:09:50 INFO  Assert that (True == value) with value=True ... passed
12:09:50 INFO  Package squirrel3 is installed
12:09:50 INFO  Assert that (True == value) with value=True ... passed
12:09:50 INFO  Package robotfindskitten is installed
12:09:50 INFO  Assert that (True == value) with value=True ... passed
12:09:50 INFO  Response status: 201
12:09:50 INFO  Response to action: {
    "delivery": {
        "time": "2022-05-13T12:09:50.777Z",
        "log": [],
        "status": "PENDING"
    },
    "creationTime": "2022-05-13T12:09:50.763Z",
    "deviceId": "19000394",
    "deviceName": "m32sd10d",
    "self": "https://t493319102.eu-latest.cumulocity.com/devicecontrol/operations/19028863",
    "id": "19028863",
    "status": "PENDING",
    "description": "Apply software changes, triggered from PySys: [{'action': 'delete', 'id': '5475369', 'name': 'asciijump', 'url': ' ', 'version': '::apt'}, {'action': 'delete', 'id': '5474869', 'name': 'robotfindskitten', 'url': ' ', 'version': '::apt'}, {'action': 'delete', 'id': '5475279', 'name': 'squirrel3', 'url': ' ', 'version': '::apt'}]",
    "c8y_SoftwareUpdate": [
        {
            "name": "asciijump",
            "action": "delete",
            "id": "5475369",
            "version": "::apt",
            "url": " "
        },
        {
            "name": "robotfindskitten",
            "action": "delete",
            "id": "5474869",
            "version": "::apt",
            "url": " "
        },
        {
            "name": "squirrel3",
            "action": "delete",
            "id": "5475279",
            "version": "::apt",
            "url": " "
        }
    ]
}
12:09:50 INFO  Started operation: {'delivery': {'time': '2022-05-13T12:09:50.777Z', 'log': [], 'status': 'PENDING'}, 'creationTime': '2022-05-13T12:09:50.763Z', 'deviceId': '19000394', 'deviceName': 'm32sd10d', 'self': 'https://t493319102.eu-latest.cumulocity.com/devicecontrol/operations/19028863', 'id': '19028863', 'status': 'PENDING', 'description': "Apply software changes, triggered from PySys: [{'action': 'delete', 'id': '5475369', 'name': 'asciijump', 'url': ' ', 'version': '::apt'}, {'action': 'delete', 'id': '5474869', 'name': 'robotfindskitten', 'url': ' ', 'version': '::apt'}, {'action': 'delete', 'id': '5475279', 'name': 'squirrel3', 'url': ' ', 'version': '::apt'}]", 'c8y_SoftwareUpdate': [{'name': 'asciijump', 'action': 'delete', 'id': '5475369', 'version': '::apt', 'url': ' '}, {'name': 'robotfindskitten', 'action': 'delete', 'id': '5474869', 'version': '::apt', 'url': ' '}, {'name': 'squirrel3', 'action': 'delete', 'id': '5475279', 'version': '::apt', 'url': ' '}]}
12:09:53 INFO  State of operation 19028863 : PENDING
12:09:55 INFO  State of operation 19028863 : EXECUTING
12:09:57 INFO  State of operation 19028863 : EXECUTING
12:09:59 INFO  State of operation 19028863 : EXECUTING
12:10:01 INFO  State of operation 19028863 : EXECUTING
12:10:04 INFO  State of operation 19028863 : EXECUTING
12:10:06 INFO  State of operation 19028863 : EXECUTING
12:10:09 INFO  State of operation 19028863 : EXECUTING
12:10:11 INFO  State of operation 19028863 : EXECUTING
12:10:14 INFO  State of operation 19028863 : EXECUTING
12:10:16 INFO  State of operation 19028863 : EXECUTING
12:10:18 INFO  State of operation 19028863 : EXECUTING
12:10:20 INFO  State of operation 19028863 : EXECUTING
12:10:23 INFO  State of operation 19028863 : EXECUTING
12:10:25 INFO  State of operation 19028863 : EXECUTING
12:10:27 INFO  State of operation 19028863 : EXECUTING
12:10:29 INFO  State of operation 19028863 : EXECUTING
12:10:32 INFO  State of operation 19028863 : EXECUTING
12:10:34 INFO  State of operation 19028863 : EXECUTING
12:10:37 INFO  State of operation 19028863 : EXECUTING
12:10:39 INFO  State of operation 19028863 : EXECUTING
12:10:41 INFO  State of operation 19028863 : EXECUTING
12:10:43 INFO  State of operation 19028863 : EXECUTING
12:10:46 INFO  State of operation 19028863 : EXECUTING
12:10:48 INFO  State of operation 19028863 : EXECUTING
12:10:51 INFO  State of operation 19028863 : EXECUTING
12:10:53 INFO  State of operation 19028863 : EXECUTING
12:10:56 INFO  State of operation 19028863 : EXECUTING
12:10:58 INFO  State of operation 19028863 : SUCCESSFUL
12:10:58 INFO  Assert that (False == value) with value=False ... passed
12:10:58 INFO  Assert that (False == value) with value=False ... passed
12:10:58 INFO  Assert that (False == value) with value=False ... passed
12:10:59 INFO  Assert that (False == value) with value=False ... passed
12:10:59 INFO  
12:10:59 INFO  cleanup:
12:11:03 INFO  Executed sudo&lt;tedge_disconnect_c8y&gt;, exit status 0
12:11:03 INFO  Executed systemctl&lt;serv_mapper5&gt;, exit status 3
12:11:03 INFO  
12:11:03 INFO  Test duration: 136.67 secs
12:11:03 INFO  Test final outcome:  FAILED
12:11:03 INFO  Test outcome reason: Assert that (False == value) with value=True (+2 other failures)
12:11:03 INFO  
</system-out>
	</testcase>
</testsuite><testsuite name="SoftwareManagement.sm_apt_install_remove_multiple_mixed" tests="3" errors="0" failures="2" skipped="1" time="0"><testcase classname="PySysTest" name="SoftwareManagement.sm_apt_install_remove_multiple_mixed">
		<skipped message="SKIPPED: Testing the apt plugin is not supported on this platform.Use parameter -XmyPlatform='container' to enable it" />
		<system-out>11:15:59 INFO  ==============================================================
11:15:59 INFO  Id:    SoftwareManagement.sm_apt_install_remove_multiple_mixed
11:15:59 INFO  Dir:   software_management_end_to_end/
11:15:59 INFO  Title: Validate end to end behaviour for the apt plugin for multiple packages with mixed versions
11:15:59 INFO  ==============================================================
11:15:59 INFO  Testing the apt plugin is not supported on this platform.Use parameter -XmyPlatform='container' to enable it ... skipped
11:15:59 WARN  Aborted test due to SKIPPED outcome
11:15:59 INFO  
11:15:59 INFO  Test duration: 0.02 secs
11:15:59 INFO  Test final outcome:  SKIPPED
11:15:59 INFO  Test outcome reason: Testing the apt plugin is not supported on this platform.Use parameter -XmyPlatform='container' to enable it
11:15:59 INFO  
</system-out>
	</testcase>
<testcase classname="PySysTest" name="SoftwareManagement.sm_apt_install_remove_multiple_mixed">
		<failure message="BLOCKED: SystemError: Timeout while waiting for status SUCCESSFUL or False" type="BLOCKED" />
		<system-out>11:50:34 INFO  ==============================================================
11:50:34 INFO  Id:    SoftwareManagement.sm_apt_install_remove_multiple_mixed
11:50:34 INFO  Dir:   software_management_end_to_end/
11:50:34 INFO  Title: Validate end to end behaviour for the apt plugin for multiple packages with mixed versions
11:50:34 INFO  ==============================================================
11:50:34 INFO  Using sw id database: {'asciijump': '5475369', 'robotfindskitten': '5474869', 'squirrel3': '5475279', 'rolldice': '5152439', 'moon-buggy': '5439204', 'apple': '5495053', 'banana': '5494888', 'cherry': '5495382', 'watermelon': '5494510', 'registry': '8018911', 'hello-world': '8021526', 'docker/getting-started': '8021973', 'alpine': '7991792'}
11:50:34 INFO  EnvironmentC8y Setup
11:50:34 INFO  Executed systemctl&lt;serv_mapper1&gt;, exit status 3
11:50:34 INFO  Restarting mosquitto too frequently in the last 10 seconds. It was only up for 4 seconds
11:50:35 INFO  Delaying execution by 7 seconds
11:50:55 INFO  Executed sudo&lt;tedge_connect_c8y&gt;, exit status 0, duration 13 secs
11:50:56 INFO  Executed sudo&lt;tedge_connect_c8y_test&gt;, exit status 0
11:50:56 INFO  Executed systemctl&lt;serv_mosq2&gt;, exit status 0
11:50:57 INFO  Executed systemctl&lt;serv_mapper3&gt;, exit status 0
11:50:59 INFO  State of current operation: SUCCESSFUL
11:50:59 INFO  Assert that (False == value) with value=False ... passed
11:50:59 INFO  Assert that (False == value) with value=False ... passed
11:50:59 INFO  Assert that (False == value) with value=False ... passed
11:51:00 INFO  Assert that (False == value) with value=False ... passed
11:51:00 INFO  Assert that (False == value) with value=False ... passed
11:51:01 INFO  Response status: 201
11:51:01 INFO  Response to action: {
    "creationTime": "2022-05-13T11:51:01.603Z",
    "deviceId": "19000394",
    "deviceName": "m32sd10d",
    "self": "https://t493319102.eu-latest.cumulocity.com/devicecontrol/operations/19028747",
    "id": "19028747",
    "status": "PENDING",
    "description": "Apply software changes, triggered from PySys: [{'action': 'install', 'id': '5475369', 'name': 'asciijump', 'url': ' ', 'version': '::apt'}, {'action': 'install', 'id': '5474869', 'name': 'robotfindskitten', 'url': ' ', 'version': ' '}, {'action': 'install', 'id': '5475279', 'name': 'squirrel3', 'url': ' ', 'version': '3.1-7::apt'}, {'action': 'install', 'id': '5152439', 'name': 'rolldice', 'url': ' ', 'version': '1.16-1+b1'}, {'action': 'install', 'id': '5439204', 'name': 'moon-buggy', 'url': ' ', 'version': '1:1.0.51-12'}, {'action': 'install', 'id': '5475369', 'name': 'asciijump', 'url': ' ', 'version': '::apt'}]",
    "c8y_SoftwareUpdate": [
        {
            "name": "asciijump",
            "action": "install",
            "id": "5475369",
            "version": "::apt",
            "url": " "
        },
        {
            "name": "robotfindskitten",
            "action": "install",
            "id": "5474869",
            "version": " ",
            "url": " "
        },
        {
            "name": "squirrel3",
            "action": "install",
            "id": "5475279",
            "version": "3.1-7::apt",
            "url": " "
        },
        {
            "name": "rolldice",
            "action": "install",
            "id": "5152439",
            "version": "1.16-1+b1",
            "url": " "
        },
        {
            "name": "moon-buggy",
            "action": "install",
            "id": "5439204",
            "version": "1:1.0.51-12",
            "url": " "
        },
        {
            "name": "asciijump",
            "action": "install",
            "id": "5475369",
            "version": "::apt",
            "url": " "
        }
    ]
}
11:51:01 INFO  Started operation: {'creationTime': '2022-05-13T11:51:01.603Z', 'deviceId': '19000394', 'deviceName': 'm32sd10d', 'self': 'https://t493319102.eu-latest.cumulocity.com/devicecontrol/operations/19028747', 'id': '19028747', 'status': 'PENDING', 'description': "Apply software changes, triggered from PySys: [{'action': 'install', 'id': '5475369', 'name': 'asciijump', 'url': ' ', 'version': '::apt'}, {'action': 'install', 'id': '5474869', 'name': 'robotfindskitten', 'url': ' ', 'version': ' '}, {'action': 'install', 'id': '5475279', 'name': 'squirrel3', 'url': ' ', 'version': '3.1-7::apt'}, {'action': 'install', 'id': '5152439', 'name': 'rolldice', 'url': ' ', 'version': '1.16-1+b1'}, {'action': 'install', 'id': '5439204', 'name': 'moon-buggy', 'url': ' ', 'version': '1:1.0.51-12'}, {'action': 'install', 'id': '5475369', 'name': 'asciijump', 'url': ' ', 'version': '::apt'}]", 'c8y_SoftwareUpdate': [{'name': 'asciijump', 'action': 'install', 'id': '5475369', 'version': '::apt', 'url': ' '}, {'name': 'robotfindskitten', 'action': 'install', 'id': '5474869', 'version': ' ', 'url': ' '}, {'name': 'squirrel3', 'action': 'install', 'id': '5475279', 'version': '3.1-7::apt', 'url': ' '}, {'name': 'rolldice', 'action': 'install', 'id': '5152439', 'version': '1.16-1+b1', 'url': ' '}, {'name': 'moon-buggy', 'action': 'install', 'id': '5439204', 'version': '1:1.0.51-12', 'url': ' '}, {'name': 'asciijump', 'action': 'install', 'id': '5475369', 'version': '::apt', 'url': ' '}]}
11:51:03 INFO  State of operation 19028747 : PENDING
11:51:06 INFO  State of operation 19028747 : EXECUTING
11:51:08 INFO  State of operation 19028747 : EXECUTING
11:51:10 INFO  State of operation 19028747 : EXECUTING
11:51:12 INFO  State of operation 19028747 : EXECUTING
11:51:14 INFO  State of operation 19028747 : EXECUTING
11:51:17 INFO  State of operation 19028747 : EXECUTING
11:51:20 INFO  State of operation 19028747 : EXECUTING
11:51:23 INFO  State of operation 19028747 : EXECUTING
11:51:25 INFO  State of operation 19028747 : EXECUTING
11:51:27 INFO  State of operation 19028747 : EXECUTING
11:51:29 INFO  State of operation 19028747 : EXECUTING
11:51:31 INFO  State of operation 19028747 : EXECUTING
11:51:34 INFO  State of operation 19028747 : EXECUTING
11:51:36 INFO  State of operation 19028747 : EXECUTING
11:51:38 INFO  State of operation 19028747 : EXECUTING
11:51:41 INFO  State of operation 19028747 : EXECUTING
11:51:43 INFO  State of operation 19028747 : EXECUTING
11:51:45 INFO  State of operation 19028747 : EXECUTING
11:51:48 INFO  State of operation 19028747 : EXECUTING
11:51:51 INFO  State of operation 19028747 : EXECUTING
11:51:54 INFO  State of operation 19028747 : EXECUTING
11:51:56 INFO  State of operation 19028747 : EXECUTING
11:51:59 INFO  State of operation 19028747 : EXECUTING
11:52:02 INFO  State of operation 19028747 : EXECUTING
11:52:05 INFO  State of operation 19028747 : EXECUTING
11:52:07 INFO  State of operation 19028747 : EXECUTING
11:52:10 INFO  State of operation 19028747 : EXECUTING
11:52:12 INFO  State of operation 19028747 : EXECUTING
11:52:14 INFO  State of operation 19028747 : EXECUTING
11:52:17 INFO  State of operation 19028747 : EXECUTING
11:52:19 INFO  State of operation 19028747 : EXECUTING
11:52:21 INFO  State of operation 19028747 : EXECUTING
11:52:23 INFO  State of operation 19028747 : EXECUTING
11:52:25 INFO  State of operation 19028747 : EXECUTING
11:52:28 INFO  State of operation 19028747 : EXECUTING
11:52:30 INFO  State of operation 19028747 : EXECUTING
11:52:33 INFO  State of operation 19028747 : EXECUTING
11:52:35 INFO  State of operation 19028747 : EXECUTING
11:52:38 INFO  State of operation 19028747 : EXECUTING
11:52:40 INFO  State of operation 19028747 : EXECUTING
11:52:42 INFO  State of operation 19028747 : EXECUTING
11:52:45 INFO  State of operation 19028747 : EXECUTING
11:52:47 INFO  State of operation 19028747 : EXECUTING
11:52:49 INFO  State of operation 19028747 : EXECUTING
11:52:51 INFO  State of operation 19028747 : EXECUTING
11:52:54 INFO  State of operation 19028747 : EXECUTING
11:52:56 INFO  State of operation 19028747 : EXECUTING
11:52:59 INFO  State of operation 19028747 : EXECUTING
11:53:01 INFO  State of operation 19028747 : EXECUTING
11:53:03 INFO  State of operation 19028747 : EXECUTING
11:53:05 INFO  State of operation 19028747 : EXECUTING
11:53:08 INFO  State of operation 19028747 : EXECUTING
11:53:10 INFO  State of operation 19028747 : EXECUTING
11:53:13 INFO  State of operation 19028747 : EXECUTING
11:53:16 INFO  State of operation 19028747 : EXECUTING
11:53:18 INFO  State of operation 19028747 : EXECUTING
11:53:21 INFO  State of operation 19028747 : EXECUTING
11:53:23 INFO  State of operation 19028747 : EXECUTING
11:53:26 INFO  State of operation 19028747 : EXECUTING
11:53:28 INFO  State of operation 19028747 : EXECUTING
11:53:30 WARN  SystemError occurred while running test - Timeout while waiting for status SUCCESSFUL or False
Traceback (most recent call last):
  File "/home/pi/env-pysys/lib/python3.7/site-packages/pysys/baserunner.py", line 1294, in __call__
    self.testObj.execute()
  File "/home/pi/actions-runner/_work/thin-edge.io/thin-edge.io/tests/PySys/software_management_end_to_end/sm_apt_install_remove_multiple_mixed/run.py", line 89, in execute
    self.wait_until_succcess()
  File "/home/pi/actions-runner/_work/thin-edge.io/thin-edge.io/tests/PySys/software_management_end_to_end/environment_sm_management.py", line 324, in wait_until_succcess
    self.wait_until_status("SUCCESSFUL")
  File "/home/pi/actions-runner/_work/thin-edge.io/thin-edge.io/tests/PySys/software_management_end_to_end/environment_sm_management.py", line 381, in wait_until_status
    "Timeout while waiting for status %s or %s" % (status, status2)
SystemError: Timeout while waiting for status SUCCESSFUL or False
11:53:30 WARN  SystemError: Timeout while waiting for status SUCCESSFUL or False ... blocked 
11:53:30 INFO  
11:53:30 INFO  cleanup:
11:53:34 INFO  Executed sudo&lt;tedge_disconnect_c8y&gt;, exit status 0
11:53:35 INFO  Executed systemctl&lt;serv_mapper5&gt;, exit status 3
11:53:35 INFO  
11:53:35 INFO  Test duration: 181.34 secs
11:53:35 INFO  Test final outcome:  BLOCKED
11:53:35 INFO  Test outcome reason: SystemError: Timeout while waiting for status SUCCESSFUL or False
11:53:35 INFO  
</system-out>
	</testcase>
<testcase classname="PySysTest" name="SoftwareManagement.sm_apt_install_remove_multiple_mixed">
		<failure message="BLOCKED: SystemError: Timeout while waiting for status SUCCESSFUL or False (+1 other failures)" type="BLOCKED" />
		<system-out>12:11:03 INFO  ==============================================================
12:11:03 INFO  Id:    SoftwareManagement.sm_apt_install_remove_multiple_mixed
12:11:03 INFO  Dir:   software_management_end_to_end/
12:11:03 INFO  Title: Validate end to end behaviour for the apt plugin for multiple packages with mixed versions
12:11:03 INFO  ==============================================================
12:11:03 INFO  Using sw id database: {'asciijump': '5475369', 'robotfindskitten': '5474869', 'squirrel3': '5475279', 'rolldice': '5152439', 'moon-buggy': '5439204', 'apple': '5495053', 'banana': '5494888', 'cherry': '5495382', 'watermelon': '5494510', 'registry': '8018911', 'hello-world': '8021526', 'docker/getting-started': '8021973', 'alpine': '7991792'}
12:11:03 INFO  EnvironmentC8y Setup
12:11:04 INFO  Executed systemctl&lt;serv_mapper1&gt;, exit status 3
12:11:04 INFO  Restarting mosquitto too frequently in the last 10 seconds. It was only up for 5 seconds
12:11:04 INFO  Delaying execution by 6 seconds
12:11:24 INFO  Executed sudo&lt;tedge_connect_c8y&gt;, exit status 0, duration 13 secs
12:11:24 INFO  Executed sudo&lt;tedge_connect_c8y_test&gt;, exit status 0
12:11:25 INFO  Executed systemctl&lt;serv_mosq2&gt;, exit status 0
12:11:25 INFO  Executed systemctl&lt;serv_mapper3&gt;, exit status 0
12:11:28 INFO  State of current operation: SUCCESSFUL
12:11:28 INFO  Assert that (False == value) with value=False ... passed
12:11:28 INFO  Assert that (False == value) with value=False ... passed
12:11:28 INFO  Assert that (False == value) with value=False ... passed
12:11:28 INFO  Assert that (False == value) with value=False ... passed
12:11:29 INFO  Package moon-buggy is installed
12:11:29 WARN  Assert that (False == value) with value=True ... failed 
12:11:30 INFO  Response status: 201
12:11:30 INFO  Response to action: {
    "creationTime": "2022-05-13T12:11:30.436Z",
    "deviceId": "19000394",
    "deviceName": "m32sd10d",
    "self": "https://t493319102.eu-latest.cumulocity.com/devicecontrol/operations/19028874",
    "id": "19028874",
    "status": "PENDING",
    "description": "Apply software changes, triggered from PySys: [{'action': 'install', 'id': '5475369', 'name': 'asciijump', 'url': ' ', 'version': '::apt'}, {'action': 'install', 'id': '5474869', 'name': 'robotfindskitten', 'url': ' ', 'version': ' '}, {'action': 'install', 'id': '5475279', 'name': 'squirrel3', 'url': ' ', 'version': '3.1-7::apt'}, {'action': 'install', 'id': '5152439', 'name': 'rolldice', 'url': ' ', 'version': '1.16-1+b1'}, {'action': 'install', 'id': '5439204', 'name': 'moon-buggy', 'url': ' ', 'version': '1:1.0.51-12'}, {'action': 'install', 'id': '5475369', 'name': 'asciijump', 'url': ' ', 'version': '::apt'}]",
    "c8y_SoftwareUpdate": [
        {
            "name": "asciijump",
            "action": "install",
            "id": "5475369",
            "version": "::apt",
            "url": " "
        },
        {
            "name": "robotfindskitten",
            "action": "install",
            "id": "5474869",
            "version": " ",
            "url": " "
        },
        {
            "name": "squirrel3",
            "action": "install",
            "id": "5475279",
            "version": "3.1-7::apt",
            "url": " "
        },
        {
            "name": "rolldice",
            "action": "install",
            "id": "5152439",
            "version": "1.16-1+b1",
            "url": " "
        },
        {
            "name": "moon-buggy",
            "action": "install",
            "id": "5439204",
            "version": "1:1.0.51-12",
            "url": " "
        },
        {
            "name": "asciijump",
            "action": "install",
            "id": "5475369",
            "version": "::apt",
            "url": " "
        }
    ]
}
12:11:30 INFO  Started operation: {'creationTime': '2022-05-13T12:11:30.436Z', 'deviceId': '19000394', 'deviceName': 'm32sd10d', 'self': 'https://t493319102.eu-latest.cumulocity.com/devicecontrol/operations/19028874', 'id': '19028874', 'status': 'PENDING', 'description': "Apply software changes, triggered from PySys: [{'action': 'install', 'id': '5475369', 'name': 'asciijump', 'url': ' ', 'version': '::apt'}, {'action': 'install', 'id': '5474869', 'name': 'robotfindskitten', 'url': ' ', 'version': ' '}, {'action': 'install', 'id': '5475279', 'name': 'squirrel3', 'url': ' ', 'version': '3.1-7::apt'}, {'action': 'install', 'id': '5152439', 'name': 'rolldice', 'url': ' ', 'version': '1.16-1+b1'}, {'action': 'install', 'id': '5439204', 'name': 'moon-buggy', 'url': ' ', 'version': '1:1.0.51-12'}, {'action': 'install', 'id': '5475369', 'name': 'asciijump', 'url': ' ', 'version': '::apt'}]", 'c8y_SoftwareUpdate': [{'name': 'asciijump', 'action': 'install', 'id': '5475369', 'version': '::apt', 'url': ' '}, {'name': 'robotfindskitten', 'action': 'install', 'id': '5474869', 'version': ' ', 'url': ' '}, {'name': 'squirrel3', 'action': 'install', 'id': '5475279', 'version': '3.1-7::apt', 'url': ' '}, {'name': 'rolldice', 'action': 'install', 'id': '5152439', 'version': '1.16-1+b1', 'url': ' '}, {'name': 'moon-buggy', 'action': 'install', 'id': '5439204', 'version': '1:1.0.51-12', 'url': ' '}, {'name': 'asciijump', 'action': 'install', 'id': '5475369', 'version': '::apt', 'url': ' '}]}
12:11:32 INFO  State of operation 19028874 : PENDING
12:11:34 INFO  State of operation 19028874 : EXECUTING
12:11:37 INFO  State of operation 19028874 : EXECUTING
12:11:39 INFO  State of operation 19028874 : EXECUTING
12:11:41 INFO  State of operation 19028874 : EXECUTING
12:11:43 INFO  State of operation 19028874 : EXECUTING
12:11:46 INFO  State of operation 19028874 : EXECUTING
12:11:49 INFO  State of operation 19028874 : EXECUTING
12:11:52 INFO  State of operation 19028874 : EXECUTING
12:11:54 INFO  State of operation 19028874 : EXECUTING
12:11:56 INFO  State of operation 19028874 : EXECUTING
12:11:58 INFO  State of operation 19028874 : EXECUTING
12:12:01 INFO  State of operation 19028874 : EXECUTING
12:12:03 INFO  State of operation 19028874 : EXECUTING
12:12:05 INFO  State of operation 19028874 : EXECUTING
12:12:07 INFO  State of operation 19028874 : EXECUTING
12:12:10 INFO  State of operation 19028874 : EXECUTING
12:12:13 INFO  State of operation 19028874 : EXECUTING
12:12:15 INFO  State of operation 19028874 : EXECUTING
12:12:17 INFO  State of operation 19028874 : EXECUTING
12:12:19 INFO  State of operation 19028874 : EXECUTING
12:12:22 INFO  State of operation 19028874 : EXECUTING
12:12:24 INFO  State of operation 19028874 : EXECUTING
12:12:27 INFO  State of operation 19028874 : EXECUTING
12:12:29 INFO  State of operation 19028874 : EXECUTING
12:12:32 INFO  State of operation 19028874 : EXECUTING
12:12:34 INFO  State of operation 19028874 : EXECUTING
12:12:37 INFO  State of operation 19028874 : EXECUTING
12:12:39 INFO  State of operation 19028874 : EXECUTING
12:12:42 INFO  State of operation 19028874 : EXECUTING
12:12:44 INFO  State of operation 19028874 : EXECUTING
12:12:46 INFO  State of operation 19028874 : EXECUTING
12:12:49 INFO  State of operation 19028874 : EXECUTING
12:12:51 INFO  State of operation 19028874 : EXECUTING
12:12:53 INFO  State of operation 19028874 : EXECUTING
12:12:55 INFO  State of operation 19028874 : EXECUTING
12:12:57 INFO  State of operation 19028874 : EXECUTING
12:13:00 INFO  State of operation 19028874 : EXECUTING
12:13:03 INFO  State of operation 19028874 : EXECUTING
12:13:06 INFO  State of operation 19028874 : EXECUTING
12:13:08 INFO  State of operation 19028874 : EXECUTING
12:13:10 INFO  State of operation 19028874 : EXECUTING
12:13:12 INFO  State of operation 19028874 : EXECUTING
12:13:14 INFO  State of operation 19028874 : EXECUTING
12:13:17 INFO  State of operation 19028874 : EXECUTING
12:13:19 INFO  State of operation 19028874 : EXECUTING
12:13:21 INFO  State of operation 19028874 : EXECUTING
12:13:24 INFO  State of operation 19028874 : EXECUTING
12:13:26 INFO  State of operation 19028874 : EXECUTING
12:13:29 INFO  State of operation 19028874 : EXECUTING
12:13:31 INFO  State of operation 19028874 : EXECUTING
12:13:34 INFO  State of operation 19028874 : EXECUTING
12:13:36 INFO  State of operation 19028874 : EXECUTING
12:13:38 INFO  State of operation 19028874 : EXECUTING
12:13:41 INFO  State of operation 19028874 : EXECUTING
12:13:44 INFO  State of operation 19028874 : EXECUTING
12:13:46 INFO  State of operation 19028874 : EXECUTING
12:13:49 INFO  State of operation 19028874 : EXECUTING
12:13:51 INFO  State of operation 19028874 : EXECUTING
12:13:53 INFO  State of operation 19028874 : EXECUTING
12:13:56 INFO  State of operation 19028874 : EXECUTING
12:13:58 WARN  SystemError occurred while running test - Timeout while waiting for status SUCCESSFUL or False
Traceback (most recent call last):
  File "/home/pi/env-pysys/lib/python3.7/site-packages/pysys/baserunner.py", line 1294, in __call__
    self.testObj.execute()
  File "/home/pi/actions-runner/_work/thin-edge.io/thin-edge.io/tests/PySys/software_management_end_to_end/sm_apt_install_remove_multiple_mixed/run.py", line 89, in execute
    self.wait_until_succcess()
  File "/home/pi/actions-runner/_work/thin-edge.io/thin-edge.io/tests/PySys/software_management_end_to_end/environment_sm_management.py", line 324, in wait_until_succcess
    self.wait_until_status("SUCCESSFUL")
  File "/home/pi/actions-runner/_work/thin-edge.io/thin-edge.io/tests/PySys/software_management_end_to_end/environment_sm_management.py", line 381, in wait_until_status
    "Timeout while waiting for status %s or %s" % (status, status2)
SystemError: Timeout while waiting for status SUCCESSFUL or False
12:13:58 WARN  SystemError: Timeout while waiting for status SUCCESSFUL or False ... blocked 
12:13:58 INFO  
12:13:58 INFO  cleanup:
12:14:02 INFO  Executed sudo&lt;tedge_disconnect_c8y&gt;, exit status 0
12:14:03 INFO  Executed systemctl&lt;serv_mapper5&gt;, exit status 3
12:14:03 INFO  
12:14:03 INFO  Test duration: 179.21 secs
12:14:03 INFO  Test final outcome:  BLOCKED
12:14:03 INFO  Test outcome reason: SystemError: Timeout while waiting for status SUCCESSFUL or False (+1 other failures)
12:14:03 INFO  
</system-out>
	</testcase>
</testsuite><testsuite name="SoftwareManagement.sm_apt_install_remove_with_version" tests="3" errors="0" failures="0" skipped="1" time="0"><testcase classname="PySysTest" name="SoftwareManagement.sm_apt_install_remove_with_version">
		<skipped message="SKIPPED: Testing the apt plugin is not supported on this platform.Use parameter -XmyPlatform='container' to enable it" />
		<system-out>11:15:59 INFO  ==============================================================
11:15:59 INFO  Id:    SoftwareManagement.sm_apt_install_remove_with_version
11:15:59 INFO  Dir:   software_management_end_to_end/
11:15:59 INFO  Title: Validate end to end behaviour for the apt plugin for packages with version
11:15:59 INFO  ==============================================================
11:15:59 INFO  Testing the apt plugin is not supported on this platform.Use parameter -XmyPlatform='container' to enable it ... skipped
11:15:59 WARN  Aborted test due to SKIPPED outcome
11:15:59 INFO  
11:15:59 INFO  Test duration: 0.02 secs
11:15:59 INFO  Test final outcome:  SKIPPED
11:15:59 INFO  Test outcome reason: Testing the apt plugin is not supported on this platform.Use parameter -XmyPlatform='container' to enable it
11:15:59 INFO  
</system-out>
	</testcase>
<testcase classname="PySysTest" name="SoftwareManagement.sm_apt_install_remove_with_version" />
<testcase classname="PySysTest" name="SoftwareManagement.sm_apt_install_remove_with_version" />
</testsuite><testsuite name="SoftwareManagement.sm_docker_install_remove_multiple" tests="3" errors="0" failures="2" skipped="1" time="0"><testcase classname="SMDockerInstallRemove" name="SoftwareManagement.sm_docker_install_remove_multiple">
		<skipped message="SKIPPED: Testing the apt plugin is not supported on this platform.Use parameter -XmyPlatform='container' to enable it" />
		<system-out>11:15:59 INFO  ==============================================================
11:15:59 INFO  Id:    SoftwareManagement.sm_docker_install_remove_multiple
11:15:59 INFO  Dir:   software_management_end_to_end/
11:15:59 INFO  Title: Validate end to end behaviour for the docker plugin for multiple docker images with mixed versions
11:15:59 INFO  ==============================================================
11:15:59 INFO  Testing the apt plugin is not supported on this platform.Use parameter -XmyPlatform='container' to enable it ... skipped
11:15:59 WARN  Aborted test due to SKIPPED outcome
11:15:59 INFO  
11:15:59 INFO  Test duration: 0.02 secs
11:15:59 INFO  Test final outcome:  SKIPPED
11:15:59 INFO  Test outcome reason: Testing the apt plugin is not supported on this platform.Use parameter -XmyPlatform='container' to enable it
11:15:59 INFO  
</system-out>
	</testcase>
<testcase classname="SMDockerInstallRemove" name="SoftwareManagement.sm_docker_install_remove_multiple">
		<failure message="BLOCKED: SystemError: The operation has failed" type="BLOCKED" />
		<system-out>11:58:19 INFO  ==============================================================
11:58:19 INFO  Id:    SoftwareManagement.sm_docker_install_remove_multiple
11:58:19 INFO  Dir:   software_management_end_to_end/
11:58:19 INFO  Title: Validate end to end behaviour for the docker plugin for multiple docker images with mixed versions
11:58:19 INFO  ==============================================================
11:58:21 INFO  Using sw id database: {'asciijump': '5475369', 'robotfindskitten': '5474869', 'squirrel3': '5475279', 'rolldice': '5152439', 'moon-buggy': '5439204', 'apple': '5495053', 'banana': '5494888', 'cherry': '5495382', 'watermelon': '5494510', 'registry': '8018911', 'hello-world': '8021526', 'docker/getting-started': '8021973', 'alpine': '7991792'}
11:58:21 INFO  EnvironmentC8y Setup
11:58:21 INFO  Executed systemctl&lt;serv_mapper1&gt;, exit status 3
11:58:35 INFO  Executed sudo&lt;tedge_connect_c8y&gt;, exit status 0, duration 13 secs
11:58:36 INFO  Executed sudo&lt;tedge_connect_c8y_test&gt;, exit status 0
11:58:36 INFO  Executed systemctl&lt;serv_mosq2&gt;, exit status 0
11:58:37 INFO  Executed systemctl&lt;serv_mapper3&gt;, exit status 0
11:58:39 INFO  State of current operation: SUCCESSFUL
11:58:39 INFO  Response status: 201
11:58:39 INFO  Response to action: {
    "creationTime": "2022-05-13T11:58:39.812Z",
    "deviceId": "19000394",
    "deviceName": "m32sd10d",
    "self": "https://t493319102.eu-latest.cumulocity.com/devicecontrol/operations/19028775",
    "id": "19028775",
    "status": "PENDING",
    "description": "Apply software changes, triggered from PySys: [{'action': 'install', 'id': '8021526', 'name': 'hello-world', 'url': '', 'version': '::docker'}, {'action': 'install', 'id': '8018911', 'name': 'registry', 'url': '', 'version': '2.6.2::docker'}]",
    "c8y_SoftwareUpdate": [
        {
            "name": "hello-world",
            "action": "install",
            "id": "8021526",
            "version": "::docker",
            "url": ""
        },
        {
            "name": "registry",
            "action": "install",
            "id": "8018911",
            "version": "2.6.2::docker",
            "url": ""
        }
    ]
}
11:58:39 INFO  Started operation: {'creationTime': '2022-05-13T11:58:39.812Z', 'deviceId': '19000394', 'deviceName': 'm32sd10d', 'self': 'https://t493319102.eu-latest.cumulocity.com/devicecontrol/operations/19028775', 'id': '19028775', 'status': 'PENDING', 'description': "Apply software changes, triggered from PySys: [{'action': 'install', 'id': '8021526', 'name': 'hello-world', 'url': '', 'version': '::docker'}, {'action': 'install', 'id': '8018911', 'name': 'registry', 'url': '', 'version': '2.6.2::docker'}]", 'c8y_SoftwareUpdate': [{'name': 'hello-world', 'action': 'install', 'id': '8021526', 'version': '::docker', 'url': ''}, {'name': 'registry', 'action': 'install', 'id': '8018911', 'version': '2.6.2::docker', 'url': ''}]}
11:58:42 INFO  State of operation 19028775 : PENDING
11:58:44 INFO  State of operation 19028775 : EXECUTING
11:58:46 INFO  State of operation 19028775 : EXECUTING
11:58:48 INFO  State of operation 19028775 : EXECUTING
11:58:50 INFO  State of operation 19028775 : FAILED
11:58:50 ERROR Stopping as the operation has failed
11:58:50 WARN  SystemError occurred while running test - The operation has failed
Traceback (most recent call last):
  File "/home/pi/env-pysys/lib/python3.7/site-packages/pysys/baserunner.py", line 1292, in __call__
    self.testObj.setup()
  File "/home/pi/actions-runner/_work/thin-edge.io/thin-edge.io/tests/PySys/software_management_end_to_end/sm_docker_install_remove_multiple/run.py", line 55, in setup
    self.wait_until_succcess()
  File "/home/pi/actions-runner/_work/thin-edge.io/thin-edge.io/tests/PySys/software_management_end_to_end/environment_sm_management.py", line 324, in wait_until_succcess
    self.wait_until_status("SUCCESSFUL")
  File "/home/pi/actions-runner/_work/thin-edge.io/thin-edge.io/tests/PySys/software_management_end_to_end/environment_sm_management.py", line 361, in wait_until_status
    raise SystemError("The operation has failed")
SystemError: The operation has failed
11:58:50 WARN  SystemError: The operation has failed ... blocked 
11:58:50 INFO  
11:58:50 INFO  cleanup:
11:58:54 INFO  Executed sudo&lt;tedge_disconnect_c8y&gt;, exit status 0
11:58:55 INFO  Executed systemctl&lt;serv_mapper5&gt;, exit status 3
11:58:55 INFO  
11:58:55 INFO  Test duration: 35.56 secs
11:58:55 INFO  Test final outcome:  BLOCKED
11:58:55 INFO  Test outcome reason: SystemError: The operation has failed
11:58:55 INFO  
</system-out>
	</testcase>
<testcase classname="SMDockerInstallRemove" name="SoftwareManagement.sm_docker_install_remove_multiple">
		<failure message="BLOCKED: SystemError: The operation has failed" type="BLOCKED" />
		<system-out>12:16:39 INFO  ==============================================================
12:16:39 INFO  Id:    SoftwareManagement.sm_docker_install_remove_multiple
12:16:39 INFO  Dir:   software_management_end_to_end/
12:16:39 INFO  Title: Validate end to end behaviour for the docker plugin for multiple docker images with mixed versions
12:16:39 INFO  ==============================================================
12:16:39 INFO  Using sw id database: {'asciijump': '5475369', 'robotfindskitten': '5474869', 'squirrel3': '5475279', 'rolldice': '5152439', 'moon-buggy': '5439204', 'apple': '5495053', 'banana': '5494888', 'cherry': '5495382', 'watermelon': '5494510', 'registry': '8018911', 'hello-world': '8021526', 'docker/getting-started': '8021973', 'alpine': '7991792'}
12:16:39 INFO  EnvironmentC8y Setup
12:16:40 INFO  Executed systemctl&lt;serv_mapper1&gt;, exit status 3
12:16:40 INFO  Restarting mosquitto too frequently in the last 10 seconds. It was only up for 5 seconds
12:16:40 INFO  Delaying execution by 6 seconds
12:17:00 INFO  Executed sudo&lt;tedge_connect_c8y&gt;, exit status 0, duration 13 secs
12:17:00 INFO  Executed sudo&lt;tedge_connect_c8y_test&gt;, exit status 0
12:17:01 INFO  Executed systemctl&lt;serv_mosq2&gt;, exit status 0
[...]
11:03:27 INFO  log response None
11:03:28 WARN  retry, retrying in 1 seconds...
11:03:29 INFO  log response https://thin-edge-io.eu-latest.cumulocity.com/event/events/19021185/binaries
11:03:29 WARN  Assert that (True == value) with value=False ... failed [run.py:43]
11:03:29 INFO  
11:03:29 INFO  cleanup:
11:03:30 INFO  Executed sudo&lt;rm_logs&gt;, exit status 0
11:03:30 INFO  Executed sudo&lt;rm_tmp_logs&gt;, exit status 0
11:03:31 INFO  Executed sudo&lt;send_failed&gt;, exit status 0
11:03:35 INFO  Executed sudo&lt;tedge_disconnect_c8y&gt;, exit status 0
11:03:36 INFO  Executed systemctl&lt;serv_mapper5&gt;, exit status 3
11:03:36 INFO  
11:03:36 INFO  Test duration: 36.58 secs
11:03:36 INFO  Test final outcome:  FAILED
11:03:36 INFO  Test outcome reason: Assert that (True == value) with value=False
11:03:36 INFO  
</system-out>
	</testcase>
</testsuite><testsuite name="log_request_num_lines" tests="1" errors="0" failures="1" skipped="0" time="0"><testcase classname="LogRequestVerifyNumberOfLines" name="log_request_num_lines">
		<failure message="FAILED: Assert that (True == value) with value=False" type="FAILED" />
		<system-out>11:03:36 INFO  ==============================================================
11:03:36 INFO  Id:    log_request_num_lines
11:03:36 INFO  Dir:   log_request_end_to_end/
11:03:36 INFO  Title: Validate end to end behaviour for the log request operation check for number of lines
11:03:36 INFO  ==============================================================
11:03:36 INFO  EnvironmentC8y Setup
11:03:36 INFO  Executed systemctl&lt;serv_mapper1&gt;, exit status 3
11:03:36 INFO  Restarting mosquitto too frequently in the last 10 seconds. It was only up for 4 seconds
11:03:36 INFO  Delaying execution by 7 seconds
11:03:57 INFO  Executed sudo&lt;tedge_connect_c8y&gt;, exit status 0, duration 13 secs
11:03:58 INFO  Executed sudo&lt;tedge_connect_c8y_test&gt;, exit status 0
11:03:58 INFO  Executed systemctl&lt;serv_mosq2&gt;, exit status 0
11:03:59 INFO  Executed systemctl&lt;serv_mapper3&gt;, exit status 0
11:03:59 INFO  Executed sudo&lt;rm_logs&gt;, exit status 0
11:04:00 INFO  Executed sudo&lt;move_logs&gt;, exit status 0
11:04:00 INFO  log response None
11:04:00 WARN  retry, retrying in 1 seconds...
11:04:01 INFO  log response https://thin-edge-io.eu-latest.cumulocity.com/event/events/19000505/binaries
11:04:02 INFO  nlines 0
11:04:02 WARN  Assert that (True == value) with value=False ... failed [run.py:44]
11:04:02 INFO  
11:04:02 INFO  cleanup:
11:04:02 INFO  Executed sudo&lt;rm_logs&gt;, exit status 0
11:04:03 INFO  Executed sudo&lt;rm_tmp_logs&gt;, exit status 0
11:04:03 INFO  Executed sudo&lt;send_failed&gt;, exit status 0
11:04:07 INFO  Executed sudo&lt;tedge_disconnect_c8y&gt;, exit status 0
11:04:08 INFO  Executed systemctl&lt;serv_mapper5&gt;, exit status 3
11:04:08 INFO  
11:04:08 INFO  Test duration: 32.39 secs
11:04:08 INFO  Test final outcome:  FAILED
11:04:08 INFO  Test outcome reason: Assert that (True == value) with value=False
11:04:08 INFO  
</system-out>
	</testcase>
</testsuite><testsuite name="mapper_awaits_before_reconnect" tests="1" errors="0" failures="1" skipped="0" time="0"><testcase classname="MapperReconnectAwait" name="mapper_awaits_before_reconnect">
		<failure message="FAILED: Line count on tedge_mapper_journal.out for &quot;tedge_mapper::core::mapper: MQTT connection error:&quot; expected &gt;=2 but got 0" type="FAILED" />
		<system-out>11:19:01 INFO  ==============================================================
11:19:01 INFO  Id:    mapper_awaits_before_reconnect
11:19:01 INFO  Dir:   tedge_mapper_c8y/
11:19:01 INFO  Title: Validate mapper doesn't reconnect too often
11:19:01 INFO  ==============================================================
11:19:01 INFO  Started mosquitto_sub with process id 17487
11:19:01 INFO  Waiting for 0.1 seconds
11:19:02 INFO  Executed sudo&lt;tedge_mapper&gt;, exit status 0
11:19:02 INFO  Waiting for 5.0 seconds
11:19:08 INFO  Executed sudo&lt;tedge_mapper&gt;, exit status 0
11:19:09 INFO  Executed sudo&lt;tedge_mapper_journal&gt;, exit status 0
11:19:10 WARN  Grep on tedge_mapper_journal.out contains "ERROR" ... failed [run.py:67]
11:19:10 INFO  Line count on file tedge_mapper_journal.out ... passed
11:19:10 WARN  Line count on tedge_mapper_journal.out for "tedge_mapper::core::mapper: MQTT connection error:" expected &gt;=2 but got 0 ... failed [run.py:78]
11:19:10 WARN  Aborted test due to FAILED outcome
11:19:10 INFO  
11:19:10 INFO  Test duration: 8.20 secs
11:19:10 INFO  Test final outcome:  FAILED
11:19:10 INFO  Test outcome reason: Line count on tedge_mapper_journal.out for "tedge_mapper::core::mapper: MQTT connection error:" expected &gt;=2 but got 0
11:19:10 INFO  
</system-out>
	</testcase>
</testsuite><testsuite name="monitoring_smaller_interval" tests="1" errors="0" failures="1" skipped="0" time="0"><testcase classname="MonitoringSmallInterval" name="monitoring_smaller_interval">
		<failure message="BLOCKED: TypeError: 'int' object is not subscriptable" type="BLOCKED" />
		<system-out>11:06:02 INFO  ==============================================================
11:06:02 INFO  Id:    monitoring_smaller_interval
11:06:02 INFO  Dir:   monitoring/
11:06:02 INFO  Title: Validate the tedge dm agent messages that are produced with smaller sampling interval than the batching window. Here the simulated collectd messages are used
11:06:02 INFO  ==============================================================
11:06:03 INFO  Executed sudo&lt;collectd&gt;, exit status 0
11:06:03 INFO  Executed sudo&lt;collectd_mapper&gt;, exit status 0
11:06:03 INFO  Started sudo&lt;tedge_sub&gt; with process id 13621
11:06:04 INFO  Executed sudo&lt;tedge_temp&gt;, exit status 0
11:06:05 INFO  Executed sudo&lt;tedge_pres&gt;, exit status 0
11:06:05 INFO  Executed sudo&lt;tedge_temp&gt;, exit status 0
11:06:06 INFO  Executed sudo&lt;tedge_pres&gt;, exit status 0
11:06:06 INFO  Executed sudo&lt;tedge_temp&gt;, exit status 0
11:06:07 INFO  Executed sudo&lt;tedge_pres&gt;, exit status 0
11:06:07 INFO  Executed sudo&lt;tedge_temp&gt;, exit status 0
11:06:08 INFO  Executed sudo&lt;tedge_pres&gt;, exit status 0
11:06:09 INFO  Executed sudo&lt;tedge_temp&gt;, exit status 0
11:06:09 INFO  Executed sudo&lt;tedge_pres&gt;, exit status 0
11:06:10 INFO  Executed sudo&lt;tedge_temp&gt;, exit status 0
11:06:10 INFO  Executed sudo&lt;tedge_pres&gt;, exit status 0
11:06:11 INFO  Executed sudo&lt;tedge_temp&gt;, exit status 0
11:06:11 INFO  Executed sudo&lt;tedge_pres&gt;, exit status 0
11:06:12 INFO  Executed sudo&lt;tedge_temp&gt;, exit status 0
11:06:13 INFO  Executed sudo&lt;tedge_pres&gt;, exit status 0
11:06:13 INFO  Executed sudo&lt;tedge_temp&gt;, exit status 0
11:06:14 INFO  Executed sudo&lt;tedge_pres&gt;, exit status 0
11:06:14 INFO  Executed sudo&lt;tedge_temp&gt;, exit status 0
11:06:15 INFO  Executed sudo&lt;tedge_pres&gt;, exit status 0
11:06:16 INFO  Executed sudo&lt;kill_out&gt;, exit status 0
11:06:16 INFO  0

11:06:16 WARN  TypeError occurred while running test - 'int' object is not subscriptable
Traceback (most recent call last):
  File "/home/pi/env-pysys/lib/python3.7/site-packages/pysys/baserunner.py", line 1296, in __call__
    self.testObj.validate()
  File "/home/pi/actions-runner/_work/thin-edge.io/thin-edge.io/tests/PySys/monitoring/monitoring_smaller_interval/run.py", line 104, in validate
    collectd_msg_validation_result=self.validate_json(),
  File "/home/pi/actions-runner/_work/thin-edge.io/thin-edge.io/tests/PySys/monitoring/monitoring_smaller_interval/run.py", line 114, in validate_json
    if not self.validate_time():
  File "/home/pi/actions-runner/_work/thin-edge.io/thin-edge.io/tests/PySys/monitoring/monitoring_smaller_interval/run.py", line 134, in validate_time
    if self.js_msg["time"]:
TypeError: 'int' object is not subscriptable
11:06:16 WARN  TypeError: 'int' object is not subscriptable ... blocked 
11:06:16 INFO  
11:06:16 INFO  cleanup:
11:06:16 INFO  monitoring_cleanup
11:06:17 INFO  Executed sudo&lt;collectd_mapper&gt;, exit status 0
11:06:17 INFO  
11:06:17 INFO  Test duration: 15.02 secs
11:06:17 INFO  Test final outcome:  BLOCKED
11:06:17 INFO  Test outcome reason: TypeError: 'int' object is not subscriptable
11:06:17 INFO  
</system-out>
	</testcase>
</testsuite><testsuite name="monitoring_with_collectd" tests="1" errors="0" failures="0" skipped="1" time="0"><testcase classname="MonitoringWithCollectd" name="monitoring_with_collectd">
		<skipped message="SKIPPED: Test execution disabled due to #792 (instable)" />
		<system-out>11:06:17 INFO  ==============================================================
11:06:17 INFO  Id:    monitoring_with_collectd
11:06:17 INFO  Dir:   monitoring/
11:06:17 INFO  Title: Validate tedge dm agent messages that are produced by batching the collectd messages
11:06:17 INFO  ==============================================================
11:06:17 INFO  Test execution disabled due to #792 (instable) ... skipped
11:06:17 INFO  
11:06:17 INFO  Test duration: 0.02 secs
11:06:17 INFO  Test final outcome:  SKIPPED
11:06:17 INFO  Test outcome reason: Test execution disabled due to #792 (instable)
11:06:17 INFO  
</system-out>
	</testcase>
</testsuite><testsuite name="monitoring_with_simulated_messages" tests="1" errors="0" failures="1" skipped="0" time="0"><testcase classname="MonitoringWithSimulatedMessages" name="monitoring_with_simulated_messages">
		<failure message="BLOCKED: TypeError: 'int' object is not subscriptable" type="BLOCKED" />
		<system-out>11:06:17 INFO  ==============================================================
11:06:17 INFO  Id:    monitoring_with_simulated_messages
11:06:17 INFO  Dir:   monitoring/
11:06:17 INFO  Title: Validate the tedge dm agent messages that are produced from the simulated collectd messages
11:06:17 INFO  ==============================================================
11:06:18 INFO  Executed sudo&lt;collectd&gt;, exit status 0
11:06:18 INFO  Executed sudo&lt;collectd_mapper&gt;, exit status 0
11:06:18 INFO  Started sudo&lt;tedge_sub&gt; with process id 13677
11:06:19 INFO  Executed sudo&lt;tedge_temp&gt;, exit status 0
11:06:20 INFO  Executed sudo&lt;tedge_pres&gt;, exit status 0
11:06:21 INFO  Executed sudo&lt;kill_out&gt;, exit status 0
11:06:21 INFO  0

11:06:21 WARN  TypeError occurred while running test - 'int' object is not subscriptable
Traceback (most recent call last):
  File "/home/pi/env-pysys/lib/python3.7/site-packages/pysys/baserunner.py", line 1296, in __call__
    self.testObj.validate()
  File "/home/pi/actions-runner/_work/thin-edge.io/thin-edge.io/tests/PySys/monitoring/monitoring_with_simulated_messages/run.py", line 98, in validate
    collectd_msg_validation_result=self.validate_json(),
  File "/home/pi/actions-runner/_work/thin-edge.io/thin-edge.io/tests/PySys/monitoring/monitoring_with_simulated_messages/run.py", line 108, in validate_json
    if not self.validate_time():
  File "/home/pi/actions-runner/_work/thin-edge.io/thin-edge.io/tests/PySys/monitoring/monitoring_with_simulated_messages/run.py", line 127, in validate_time
    if self.js_msg["time"]:
TypeError: 'int' object is not subscriptable
11:06:21 WARN  TypeError: 'int' object is not subscriptable ... blocked 
11:06:21 INFO  
11:06:21 INFO  cleanup:
11:06:21 INFO  monitoring_cleanup
11:06:22 INFO  Executed sudo&lt;collectd_mapper&gt;, exit status 0
11:06:22 INFO  
11:06:22 INFO  Test duration: 4.49 secs
11:06:22 INFO  Test final outcome:  BLOCKED
11:06:22 INFO  Test outcome reason: TypeError: 'int' object is not subscriptable
11:06:22 INFO  
</system-out>
	</testcase>
</testsuite><testsuite name="mqtt_port_change_connection_fails" tests="1" errors="0" failures="0" skipped="0" time="0"><testcase classname="MqttPortChangeConnectionFails" name="mqtt_port_change_connection_fails" />
</testsuite><testsuite name="mqtt_port_change_connection_works" tests="1" errors="0" failures="0" skipped="1" time="0"><testcase classname="MqttPortChangeConnectionWorks" name="mqtt_port_change_connection_works">
		<skipped message="SKIPPED: failing intermitently" />
		<system-out>11:04:43 INFO  ==============================================================
11:04:43 INFO  Id:    mqtt_port_change_connection_works
11:04:43 INFO  Dir:   misc_features/
11:04:43 INFO  Title: mqtt port change connection works for all the thin-edge services that use the mosquitto broker
11:04:43 INFO  ==============================================================
11:04:43 INFO  failing intermitently ... skipped
11:04:43 INFO  
11:04:43 INFO  Test duration: 0.02 secs
11:04:43 INFO  Test final outcome:  SKIPPED
11:04:43 INFO  Test outcome reason: failing intermitently
11:04:43 INFO  
</system-out>
	</testcase>
</testsuite><testsuite name="mqtt_port_set" tests="1" errors="0" failures="0" skipped="0" time="0"><testcase classname="MqttPortSet" name="mqtt_port_set" />
</testsuite><testsuite name="mqtt_port_unset" tests="1" errors="0" failures="0" skipped="0" time="0"><testcase classname="MqttPortUnSet" name="mqtt_port_unset" />
</testsuite><testsuite name="publish_flux" tests="1" errors="0" failures="0" skipped="0" time="0"><testcase classname="PublishFlux" name="publish_flux" />
</testsuite><testsuite name="publish_sawmill" tests="1" errors="0" failures="0" skipped="0" time="0"><testcase classname="PublishSawmill" name="publish_sawmill" />
</testsuite><testsuite name="runtime_start_two_mappers" tests="1" errors="0" failures="0" skipped="0" time="0"><testcase classname="RuntimeMultiMappers" name="runtime_start_two_mappers" />
</testsuite><testsuite name="sm_tedge_mapper_init_session" tests="1" errors="0" failures="0" skipped="0" time="0"><testcase classname="TedgeSMMapperInitSession" name="sm_tedge_mapper_init_session" />
</testsuite><testsuite name="smoketest_json" tests="1" errors="0" failures="0" skipped="0" time="0"><testcase classname="SmokeTestJson" name="smoketest_json" />
</testsuite><testsuite name="smoketest_json_400_samples_10ms" tests="1" errors="0" failures="0" skipped="0" time="0"><testcase classname="SmoketestJson400Samples10ms" name="smoketest_json_400_samples_10ms" />
</testsuite><testsuite name="smoketest_json_400_samples_20ms" tests="1" errors="0" failures="0" skipped="0" time="0"><testcase classname="SmoketestJson400Samples20ms" name="smoketest_json_400_samples_20ms" />
</testsuite><testsuite name="smoketest_smartrest" tests="1" errors="0" failures="0" skipped="0" time="0"><testcase classname="SmoketestSmartRest" name="smoketest_smartrest" />
</testsuite><testsuite name="smoketest_smartrest_400_samples_1Xms" tests="1" errors="0" failures="0" skipped="0" time="0"><testcase classname="SmoketestSmartRest400Samples1Xms" name="smoketest_smartrest_400_samples_1Xms" />
</testsuite><testsuite name="smoketest_smartrest_400_samples_20ms" tests="1" errors="0" failures="0" skipped="0" time="0"><testcase classname="SmoketestSmartRest400Samples20ms" name="smoketest_smartrest_400_samples_20ms" />
</testsuite><testsuite name="tedge_agent_user_sudo_access" tests="1" errors="0" failures="0" skipped="1" time="0"><testcase classname="TedgeAgentUserSudoAccess" name="tedge_agent_user_sudo_access">
		<skipped message="SKIPPED: #955 Observation: Exit code of the apt plugin when called with no arguments" />
		<system-out>11:16:26 INFO  ==============================================================
11:16:26 INFO  Id:    tedge_agent_user_sudo_access
11:16:26 INFO  Dir:   tedge/
11:16:26 INFO  Title: Validate tedge-agent user has a limited sudo right
11:16:26 INFO  ==============================================================
11:16:26 INFO  #955 Observation: Exit code of the apt plugin when called with no arguments ... skipped
11:16:26 INFO  
11:16:26 INFO  Test duration: 0.02 secs
11:16:26 INFO  Test final outcome:  SKIPPED
11:16:26 INFO  Test outcome reason: #955 Observation: Exit code of the apt plugin when called with no arguments
11:16:26 INFO  
</system-out>
	</testcase>
</testsuite><testsuite name="tedge_connect_test_negative" tests="1" errors="0" failures="0" skipped="0" time="0"><testcase classname="TedgeConnectTestNegative" name="tedge_connect_test_negative" />
</testsuite><testsuite name="tedge_connect_test_positive" tests="1" errors="0" failures="0" skipped="0" time="0"><testcase classname="TedgeConnectTestPositive" name="tedge_connect_test_positive" />
</testsuite><testsuite name="tedge_connect_test_sm_services" tests="1" errors="0" failures="0" skipped="0" time="0"><testcase classname="TedgeConnectTestSMServices" name="tedge_connect_test_sm_services" />
</testsuite><testsuite name="tedge_disconnect_test_sm_services" tests="1" errors="0" failures="0" skipped="0" time="0"><testcase classname="TedgeDisConnectTestSMServices" name="tedge_disconnect_test_sm_services" />
</testsuite><testsuite name="tedge_mapper_az_negative" tests="1" errors="0" failures="0" skipped="0" time="0"><testcase classname="TedgeMapperAzError" name="tedge_mapper_az_negative" />
</testsuite><testsuite name="tedge_mapper_az_with_timestamp" tests="1" errors="0" failures="0" skipped="0" time="0"><testcase classname="TedgeMapperAzWithTimestamp" name="tedge_mapper_az_with_timestamp" />
</testsuite><testsuite name="tedge_mapper_az_without_timestamp" tests="1" errors="0" failures="0" skipped="0" time="0"><testcase classname="TedgeMapperAzWithoutTimestamp" name="tedge_mapper_az_without_timestamp" />
</testsuite><testsuite name="tedge_mapper_c8y_alarms" tests="1" errors="0" failures="0" skipped="0" time="0"><testcase classname="TedgeMapperC8yAlarm" name="tedge_mapper_c8y_alarms" />
</testsuite><testsuite name="tedge_mapper_c8y_child_device_measurement" tests="1" errors="0" failures="0" skipped="0" time="0"><testcase classname="TedgeMapperC8yChildDevice" name="tedge_mapper_c8y_child_device_measurement" />
</testsuite><testsuite name="tedge_mapper_c8y_packet_threshold_size" tests="1" errors="0" failures="1" skipped="0" time="0"><testcase classname="TedgeMapperC8yThresholdPacketSize" name="tedge_mapper_c8y_packet_threshold_size">
		<failure message="FAILED: Grep on tedge_sub.out contains &quot;The size of the message received on tedge/measurements is 20489 which is greater than the threshold size of 16184.&quot;" type="FAILED" />
		<system-out>11:20:45 INFO  ==============================================================
11:20:45 INFO  Id:    tedge_mapper_c8y_packet_threshold_size
11:20:45 INFO  Dir:   tedge_mapper_c8y/
11:20:45 INFO  Title: Validate the Cumulocity Mapper accepted threshold packet size when it receives a message on tedge/measurements
11:20:45 INFO  ==============================================================
11:20:46 INFO  Executed sudo&lt;tedge_mapper_c8y&gt;, exit status 0
11:20:46 INFO  Started sudo&lt;tedge_sub&gt; with process id 18085
11:20:47 INFO  Executed sudo&lt;tedge_msg&gt;, exit status 0
11:20:47 INFO  Executed sudo&lt;tedge_pub&gt;, exit status 0
11:20:48 INFO  Executed sudo&lt;kill_out&gt;, exit status 0
11:20:48 WARN  Grep on tedge_sub.out contains "The size of the message received on tedge/measurements is 20489 which is greater than the threshold size of 16184." ... failed [run.py:88]
11:20:48 INFO  
11:20:48 INFO  cleanup:
11:20:48 INFO  mapper_cleanup
11:20:48 INFO  Executed sudo&lt;tedge_mapper_c8y&gt;, exit status 0
11:20:48 INFO  
11:20:48 INFO  Test duration: 3.05 secs
11:20:48 INFO  Test final outcome:  FAILED
11:20:48 INFO  Test outcome reason: Grep on tedge_sub.out contains "The size of the message received on tedge/measurements is 20489 which is greater than the threshold size of 16184."
11:20:48 INFO  
</system-out>
	</testcase>
</testsuite><testsuite name="tedge_software_update" tests="1" errors="0" failures="0" skipped="0" time="0"><testcase classname="PySysTest" name="tedge_software_update" />
</testsuite><testsuite name="valid_device_id" tests="1" errors="0" failures="0" skipped="0" time="0"><testcase classname="ValidateValidDeviceId" name="valid_device_id" />
</testsuite></testsuites>