<?xml version='1.0' encoding='utf-8'?>
<testsuites tests="139" failures="17" errors="0" skipped="45" time="0.0"><testsuite name="SoftwareManagement.Plugin.apama_plugin_install" tests="3" errors="0" failures="0" skipped="1" time="0"><testcase classname="ApamaPluginInstallTest" name="SoftwareManagement.Plugin.apama_plugin_install">
		<skipped message="SKIPPED: Apama plugin tests are disabled by default. Execute `pysys run` with `-XmyPlatform=container` to run these tests" />
		<system-out>19:44:46 INFO  ==============================================================
19:44:46 INFO  Id:    SoftwareManagement.Plugin.apama_plugin_install
19:44:46 INFO  Dir:   plugin_apama/
19:44:46 INFO  Title: Validate apama plugin install
19:44:46 INFO  ==============================================================
19:44:46 INFO  Apama plugin tests are disabled by default. Execute `pysys run` with `-XmyPlatform=container` to run these tests ... skipped
19:44:46 WARN  Aborted test due to SKIPPED outcome
19:44:46 INFO  
19:44:46 INFO  Test duration: 0.05 secs
19:44:46 INFO  Test final outcome:  SKIPPED
19:44:46 INFO  Test outcome reason: Apama plugin tests are disabled by default. Execute `pysys run` with `-XmyPlatform=container` to run these tests
19:44:46 INFO  
</system-out>
	</testcase>
<testcase classname="ApamaPluginInstallTest" name="SoftwareManagement.Plugin.apama_plugin_install" />
<testcase classname="ApamaPluginInstallTest" name="SoftwareManagement.Plugin.apama_plugin_install" />
</testsuite><testsuite name="SoftwareManagement.Plugin.apama_plugin_mon_support" tests="3" errors="0" failures="0" skipped="1" time="0"><testcase classname="ApamaPluginMonSupportTest" name="SoftwareManagement.Plugin.apama_plugin_mon_support">
		<skipped message="SKIPPED: Apama plugin tests are disabled by default. Execute `pysys run` with `-XmyPlatform=container` to run these tests" />
		<system-out>19:44:46 INFO  ==============================================================
19:44:46 INFO  Id:    SoftwareManagement.Plugin.apama_plugin_mon_support
19:44:46 INFO  Dir:   plugin_apama/
19:44:46 INFO  Title: Validate mon file support of apama plugin
19:44:46 INFO  ==============================================================
19:44:46 INFO  Apama plugin tests are disabled by default. Execute `pysys run` with `-XmyPlatform=container` to run these tests ... skipped
19:44:46 WARN  Aborted test due to SKIPPED outcome
19:44:46 INFO  
19:44:46 INFO  Test duration: 0.02 secs
19:44:46 INFO  Test final outcome:  SKIPPED
19:44:46 INFO  Test outcome reason: Apama plugin tests are disabled by default. Execute `pysys run` with `-XmyPlatform=container` to run these tests
19:44:46 INFO  
</system-out>
	</testcase>
<testcase classname="ApamaPluginMonSupportTest" name="SoftwareManagement.Plugin.apama_plugin_mon_support" />
<testcase classname="ApamaPluginMonSupportTest" name="SoftwareManagement.Plugin.apama_plugin_mon_support" />
</testsuite><testsuite name="SoftwareManagement.Plugin.apama_plugin_remove" tests="3" errors="0" failures="0" skipped="1" time="0"><testcase classname="ApamaPluginRemoveTest" name="SoftwareManagement.Plugin.apama_plugin_remove">
		<skipped message="SKIPPED: Apama plugin tests are disabled by default. Execute `pysys run` with `-XmyPlatform=container` to run these tests" />
		<system-out>19:44:46 INFO  ==============================================================
19:44:46 INFO  Id:    SoftwareManagement.Plugin.apama_plugin_remove
19:44:46 INFO  Dir:   plugin_apama/
19:44:46 INFO  Title: Validate apama plugin remove
19:44:46 INFO  ==============================================================
19:44:46 INFO  Apama plugin tests are disabled by default. Execute `pysys run` with `-XmyPlatform=container` to run these tests ... skipped
19:44:46 WARN  Aborted test due to SKIPPED outcome
19:44:46 INFO  
19:44:46 INFO  Test duration: 0.02 secs
19:44:46 INFO  Test final outcome:  SKIPPED
19:44:46 INFO  Test outcome reason: Apama plugin tests are disabled by default. Execute `pysys run` with `-XmyPlatform=container` to run these tests
19:44:46 INFO  
</system-out>
	</testcase>
<testcase classname="ApamaPluginRemoveTest" name="SoftwareManagement.Plugin.apama_plugin_remove" />
<testcase classname="ApamaPluginRemoveTest" name="SoftwareManagement.Plugin.apama_plugin_remove" />
</testsuite><testsuite name="SoftwareManagement.Plugin.apama_plugin_update" tests="3" errors="0" failures="2" skipped="1" time="0"><testcase classname="ApamaPluginUpdateTest" name="SoftwareManagement.Plugin.apama_plugin_update">
		<skipped message="SKIPPED: Apama plugin tests are disabled by default. Execute `pysys run` with `-XmyPlatform=container` to run these tests" />
		<system-out>19:44:46 INFO  ==============================================================
19:44:46 INFO  Id:    SoftwareManagement.Plugin.apama_plugin_update
19:44:46 INFO  Dir:   plugin_apama/
19:44:46 INFO  Title: Validate apama plugin updating one project with another
19:44:46 INFO  ==============================================================
19:44:46 INFO  Apama plugin tests are disabled by default. Execute `pysys run` with `-XmyPlatform=container` to run these tests ... skipped
19:44:46 WARN  Aborted test due to SKIPPED outcome
19:44:46 INFO  
19:44:46 INFO  Test duration: 0.02 secs
19:44:46 INFO  Test final outcome:  SKIPPED
19:44:46 INFO  Test outcome reason: Apama plugin tests are disabled by default. Execute `pysys run` with `-XmyPlatform=container` to run these tests
19:44:46 INFO  
</system-out>
	</testcase>
<testcase classname="ApamaPluginUpdateTest" name="SoftwareManagement.Plugin.apama_plugin_update">
		<failure message="BLOCKED: sudo&lt;plugin_install&gt; returned non-zero exit code 2" type="BLOCKED" />
		<system-out>20:35:59 INFO  ==============================================================
20:35:59 INFO  Id:    SoftwareManagement.Plugin.apama_plugin_update
20:35:59 INFO  Dir:   plugin_apama/
20:35:59 INFO  Title: Validate apama plugin updating one project with another
20:35:59 INFO  ==============================================================
20:35:59 INFO  Assertion that path exists=False for "/etc/tedge/apama/project" ... passed
20:36:00 INFO  Executed sudo&lt;create_project_dir&gt;, exit status 0
20:36:00 INFO  Executed sudo&lt;unzip_apama_project&gt;, exit status 0
20:36:01 INFO  Executed sudo&lt;move_apama_project&gt;, exit status 0
20:36:02 INFO  Executed sudo&lt;restart_apama_service&gt;, exit status 0
20:36:02 INFO  Executed sudo&lt;apama_correlator_wait&gt;, exit status 0
20:36:02 INFO  Assertion that path exists=True for "/etc/tedge/apama/project" ... passed
20:36:03 INFO  Executed sudo&lt;apama_list_monitors&gt;, exit status 0
20:36:03 INFO  Grep on file /home/pi/actions-runner/_work/thin-edge.io/thin-edge.io/tests/PySys/plugin_apama/apama_plugin_update/Output/linux/apama_list_monitors.out ... passed
20:36:04 WARN  Executed sudo&lt;plugin_install&gt;, exit status 2
20:36:04 INFO  Contents of plugin_install.err: 
  ERROR: Directory not empty (os error 39)
  -----

20:36:04 WARN  sudo&lt;plugin_install&gt; returned non-zero exit code 2 ... blocked [run.py:35]
20:36:04 WARN  Aborted test due to BLOCKED outcome
20:36:04 INFO  
20:36:04 INFO  cleanup:
20:36:04 INFO  Removing apama project
20:36:19 INFO  Executed sudo&lt;stop_apama_service&gt;, exit status 0, duration 15 secs
20:36:20 INFO  Executed sudo&lt;remove_apama_project&gt;, exit status 0
20:36:20 INFO  Executed sudo&lt;remove_apama_tmp_dir&gt;, exit status 0
20:36:20 INFO  
20:36:20 INFO  Test duration: 21.29 secs
20:36:20 INFO  Test final outcome:  BLOCKED
20:36:20 INFO  Test outcome reason: sudo&lt;plugin_install&gt; returned non-zero exit code 2
20:36:20 INFO  
</system-out>
	</testcase>
<testcase classname="ApamaPluginUpdateTest" name="SoftwareManagement.Plugin.apama_plugin_update">
		<failure message="BLOCKED: sudo&lt;plugin_install&gt; returned non-zero exit code 2" type="BLOCKED" />
		<system-out>20:44:39 INFO  ==============================================================
20:44:39 INFO  Id:    SoftwareManagement.Plugin.apama_plugin_update
20:44:39 INFO  Dir:   plugin_apama/
20:44:39 INFO  Title: Validate apama plugin updating one project with another
20:44:39 INFO  ==============================================================
20:44:39 INFO  Assertion that path exists=False for "/etc/tedge/apama/project" ... passed
20:44:40 INFO  Executed sudo&lt;create_project_dir&gt;, exit status 0
20:44:41 INFO  Executed sudo&lt;unzip_apama_project&gt;, exit status 0
20:44:41 INFO  Executed sudo&lt;move_apama_project&gt;, exit status 0
20:44:42 INFO  Executed sudo&lt;restart_apama_service&gt;, exit status 0
20:44:43 INFO  Executed sudo&lt;apama_correlator_wait&gt;, exit status 0
20:44:43 INFO  Assertion that path exists=True for "/etc/tedge/apama/project" ... passed
20:44:44 INFO  Executed sudo&lt;apama_list_monitors&gt;, exit status 0
20:44:44 INFO  Grep on file /home/pi/actions-runner/_work/thin-edge.io/thin-edge.io/tests/PySys/plugin_apama/apama_plugin_update/Output/linux/apama_list_monitors.out ... passed
20:44:44 WARN  Executed sudo&lt;plugin_install&gt;, exit status 2
20:44:44 INFO  Contents of plugin_install.err: 
  ERROR: Directory not empty (os error 39)
  -----

20:44:44 WARN  sudo&lt;plugin_install&gt; returned non-zero exit code 2 ... blocked [run.py:35]
20:44:44 WARN  Aborted test due to BLOCKED outcome
20:44:44 INFO  
20:44:44 INFO  cleanup:
20:44:44 INFO  Removing apama project
20:45:00 INFO  Executed sudo&lt;stop_apama_service&gt;, exit status 0, duration 15 secs
20:45:00 INFO  Executed sudo&lt;remove_apama_project&gt;, exit status 0
20:45:01 INFO  Executed sudo&lt;remove_apama_tmp_dir&gt;, exit status 0
20:45:01 INFO  
20:45:01 INFO  Test duration: 21.22 secs
20:45:01 INFO  Test final outcome:  BLOCKED
20:45:01 INFO  Test outcome reason: sudo&lt;plugin_install&gt; returned non-zero exit code 2
20:45:01 INFO  
</system-out>
	</testcase>
</testsuite><testsuite name="SoftwareManagement.sm_apt_install_download_path" tests="3" errors="0" failures="2" skipped="1" time="0"><testcase classname="AptInstallWithDownloadPath" name="SoftwareManagement.sm_apt_install_download_path">
		<skipped message="SKIPPED: Testing the apt plugin is not supported on this platform.Use parameter -XmyPlatform='container' to enable it" />
		<system-out>19:54:22 INFO  ==============================================================
19:54:22 INFO  Id:    SoftwareManagement.sm_apt_install_download_path
19:54:22 INFO  Dir:   software_management_end_to_end/
19:54:22 INFO  Title: Install package to directory specified in tedge config set tmp.path
19:54:22 INFO  ==============================================================
19:54:22 INFO  Testing the apt plugin is not supported on this platform.Use parameter -XmyPlatform='container' to enable it ... skipped
19:54:22 WARN  Aborted test due to SKIPPED outcome
19:54:22 INFO  
19:54:22 INFO  Test duration: 0.06 secs
19:54:22 INFO  Test final outcome:  SKIPPED
19:54:22 INFO  Test outcome reason: Testing the apt plugin is not supported on this platform.Use parameter -XmyPlatform='container' to enable it
19:54:22 INFO  
</system-out>
	</testcase>
<testcase classname="AptInstallWithDownloadPath" name="SoftwareManagement.sm_apt_install_download_path">
		<failure message="BLOCKED: AssertionError:" type="BLOCKED" />
		<system-out>20:17:59 INFO  ==============================================================
20:17:59 INFO  Id:    SoftwareManagement.sm_apt_install_download_path
20:17:59 INFO  Dir:   software_management_end_to_end/
20:17:59 INFO  Title: Install package to directory specified in tedge config set tmp.path
20:17:59 INFO  ==============================================================
20:17:59 INFO  Using sw id database: {'asciijump': '5475369', 'robotfindskitten': '5474869', 'squirrel3': '5475279', 'rolldice': '5152439', 'moon-buggy': '5439204', 'apple': '5495053', 'banana': '5494888', 'cherry': '5495382', 'watermelon': '5494510', 'registry': '8018911', 'hello-world': '8021526', 'docker/getting-started': '8021973', 'alpine': '7991792'}
20:17:59 INFO  EnvironmentC8y Setup
20:18:00 INFO  Executed systemctl&lt;serv_mapper1&gt;, exit status 3
20:18:14 INFO  Executed sudo&lt;tedge_connect_c8y&gt;, exit status 0, duration 14 secs
20:18:16 INFO  Executed sudo&lt;tedge_connect_c8y_test&gt;, exit status 0
20:18:17 INFO  Executed systemctl&lt;serv_mosq2&gt;, exit status 0
20:18:18 INFO  Executed systemctl&lt;serv_mapper3&gt;, exit status 0
20:18:20 INFO  State of current operation: SUCCESSFUL
20:18:20 INFO  Assert that (False == value) with value=False ... passed
20:18:21 INFO  Executed sudo, exit status 0
20:18:21 INFO  Executed sudo, exit status 0
20:18:22 INFO  Executed sudo, exit status 0
20:18:26 INFO  Executed sudo&lt;tedge_disconnect_c8y&gt;, exit status 0
20:18:26 INFO  Restarting mosquitto too frequently in the last 10 seconds. It was only up for 3 seconds
20:18:26 INFO  Delaying execution by 8 seconds
20:18:48 INFO  Executed sudo&lt;tedge_connect_c8y&gt;, exit status 0, duration 14 secs
20:18:48 INFO  Response status: 201
20:18:48 INFO  Response to action: {
    "delivery": {
        "log": [],
        "time": "2022-07-21T20:18:48.791Z",
        "status": "PENDING"
    },
    "creationTime": "2022-07-21T20:18:48.773Z",
    "deviceId": "21166555",
    "deviceName": "m32sd10d",
    "self": "https://t493319102.eu-latest.cumulocity.com/devicecontrol/operations/21187709",
    "id": "21187709",
    "status": "PENDING",
    "description": "Apply software changes, triggered from PySys: [{'name': 'rolldice', 'id': '5152439', 'version': '::apt', 'url': 'https://thin-edge-io.eu-latest.cumulocity.com/inventory/binaries/12435463', 'action': 'install'}]",
    "c8y_SoftwareUpdate": [
        {
            "name": "rolldice",
            "action": "install",
            "id": "5152439",
            "version": "::apt",
            "url": "https://thin-edge-io.eu-latest.cumulocity.com/inventory/binaries/12435463"
        }
    ]
}
20:18:48 INFO  Started operation: {'delivery': {'log': [], 'time': '2022-07-21T20:18:48.791Z', 'status': 'PENDING'}, 'creationTime': '2022-07-21T20:18:48.773Z', 'deviceId': '21166555', 'deviceName': 'm32sd10d', 'self': 'https://t493319102.eu-latest.cumulocity.com/devicecontrol/operations/21187709', 'id': '21187709', 'status': 'PENDING', 'description': "Apply software changes, triggered from PySys: [{'name': 'rolldice', 'id': '5152439', 'version': '::apt', 'url': 'https://thin-edge-io.eu-latest.cumulocity.com/inventory/binaries/12435463', 'action': 'install'}]", 'c8y_SoftwareUpdate': [{'name': 'rolldice', 'action': 'install', 'id': '5152439', 'version': '::apt', 'url': 'https://thin-edge-io.eu-latest.cumulocity.com/inventory/binaries/12435463'}]}
20:18:48 WARN  , retrying in 0.5 seconds...
20:18:49 WARN  , retrying in 0.5 seconds...
20:18:49 WARN  , retrying in 0.5 seconds...
20:18:50 WARN  , retrying in 0.5 seconds...
20:18:50 WARN  , retrying in 0.5 seconds...
20:18:51 WARN  , retrying in 0.5 seconds...
20:18:51 WARN  , retrying in 0.5 seconds...
20:18:52 WARN  , retrying in 0.5 seconds...
20:18:52 WARN  , retrying in 0.5 seconds...
20:18:53 WARN  AssertionError occurred while running test - 
Traceback (most recent call last):
  File "/home/pi/env-pysys/lib/python3.7/site-packages/pysys/baserunner.py", line 1294, in __call__
    self.testObj.execute()
  File "/home/pi/actions-runner/_work/thin-edge.io/thin-edge.io/tests/PySys/software_management_end_to_end/sm_apt_install_download_path/run.py", line 83, in execute
    assert_install_in_download_path(install_directory=self.DOWNLOAD_DIR)
  File "/home/pi/env-pysys/lib/python3.7/site-packages/decorator.py", line 232, in fun
    return caller(func, *(extras + args), **kw)
  File "/home/pi/env-pysys/lib/python3.7/site-packages/retry/api.py", line 74, in retry_decorator
    logger)
  File "/home/pi/env-pysys/lib/python3.7/site-packages/retry/api.py", line 33, in __retry_internal
    return f()
  File "/home/pi/actions-runner/_work/thin-edge.io/thin-edge.io/tests/PySys/software_management_end_to_end/sm_apt_install_download_path/run.py", line 28, in assert_install_in_download_path
    assert "rolldice" in os.listdir(f"{install_directory}")
AssertionError
20:18:54 WARN  AssertionError: ... blocked 
20:18:54 INFO  
20:18:54 INFO  cleanup:
20:18:54 INFO  Executed sudo, exit status 0
20:18:55 INFO  Executed sudo, exit status 0
20:18:59 INFO  Executed sudo&lt;tedge_disconnect_c8y&gt;, exit status 0
20:18:59 INFO  Restarting mosquitto too frequently in the last 10 seconds. It was only up for 4 seconds
20:18:59 INFO  Delaying execution by 7 seconds
20:19:20 INFO  Executed sudo&lt;tedge_connect_c8y&gt;, exit status 0, duration 14 secs
20:19:24 INFO  Executed sudo&lt;tedge_disconnect_c8y&gt;, exit status 0
20:19:25 INFO  Executed systemctl&lt;serv_mapper5&gt;, exit status 3
20:19:25 INFO  
20:19:25 INFO  Test duration: 86.21 secs
20:19:25 INFO  Test final outcome:  BLOCKED
20:19:25 INFO  Test outcome reason: AssertionError:
20:19:25 INFO  
</system-out>
	</testcase>
<testcase classname="AptInstallWithDownloadPath" name="SoftwareManagement.sm_apt_install_download_path">
		<failure message="BLOCKED: AssertionError:" type="BLOCKED" />
		<system-out>20:45:01 INFO  ==============================================================
20:45:01 INFO  Id:    SoftwareManagement.sm_apt_install_download_path
20:45:01 INFO  Dir:   software_management_end_to_end/
20:45:01 INFO  Title: Install package to directory specified in tedge config set tmp.path
20:45:01 INFO  ==============================================================
20:45:02 INFO  Using sw id database: {'asciijump': '5475369', 'robotfindskitten': '5474869', 'squirrel3': '5475279', 'rolldice': '5152439', 'moon-buggy': '5439204', 'apple': '5495053', 'banana': '5494888', 'cherry': '5495382', 'watermelon': '5494510', 'registry': '8018911', 'hello-world': '8021526', 'docker/getting-started': '8021973', 'alpine': '7991792'}
20:45:02 INFO  EnvironmentC8y Setup
20:45:03 INFO  Executed systemctl&lt;serv_mapper1&gt;, exit status 3
20:45:17 INFO  Executed sudo&lt;tedge_connect_c8y&gt;, exit status 0, duration 13 secs
20:45:17 INFO  Executed sudo&lt;tedge_connect_c8y_test&gt;, exit status 0
20:45:18 INFO  Executed systemctl&lt;serv_mosq2&gt;, exit status 0
20:45:18 INFO  Executed systemctl&lt;serv_mapper3&gt;, exit status 0
20:45:21 INFO  State of current operation: SUCCESSFUL
20:45:21 INFO  Assert that (False == value) with value=False ... passed
20:45:21 INFO  Executed sudo, exit status 0
20:45:22 INFO  Executed sudo, exit status 0
20:45:23 INFO  Executed sudo, exit status 0
20:45:26 INFO  Executed sudo&lt;tedge_disconnect_c8y&gt;, exit status 0
20:45:27 INFO  Restarting mosquitto too frequently in the last 10 seconds. It was only up for 3 seconds
20:45:27 INFO  Delaying execution by 8 seconds
20:45:48 INFO  Executed sudo&lt;tedge_connect_c8y&gt;, exit status 0, duration 13 secs
20:45:48 INFO  Response status: 201
20:45:48 INFO  Response to action: {
    "creationTime": "2022-07-21T20:45:48.890Z",
    "deviceId": "21166555",
    "deviceName": "m32sd10d",
    "self": "https://t493319102.eu-latest.cumulocity.com/devicecontrol/operations/21187812",
    "id": "21187812",
    "status": "PENDING",
    "description": "Apply software changes, triggered from PySys: [{'name': 'rolldice', 'id': '5152439', 'version': '::apt', 'url': 'https://thin-edge-io.eu-latest.cumulocity.com/inventory/binaries/12435463', 'action': 'install'}]",
    "c8y_SoftwareUpdate": [
        {
            "name": "rolldice",
            "action": "install",
            "id": "5152439",
            "version": "::apt",
            "url": "https://thin-edge-io.eu-latest.cumulocity.com/inventory/binaries/12435463"
        }
    ]
}
20:45:48 INFO  Started operation: {'creationTime': '2022-07-21T20:45:48.890Z', 'deviceId': '21166555', 'deviceName': 'm32sd10d', 'self': 'https://t493319102.eu-latest.cumulocity.com/devicecontrol/operations/21187812', 'id': '21187812', 'status': 'PENDING', 'description': "Apply software changes, triggered from PySys: [{'name': 'rolldice', 'id': '5152439', 'version': '::apt', 'url': 'https://thin-edge-io.eu-latest.cumulocity.com/inventory/binaries/12435463', 'action': 'install'}]", 'c8y_SoftwareUpdate': [{'name': 'rolldice', 'action': 'install', 'id': '5152439', 'version': '::apt', 'url': 'https://thin-edge-io.eu-latest.cumulocity.com/inventory/binaries/12435463'}]}
20:45:48 WARN  , retrying in 0.5 seconds...
20:45:49 WARN  , retrying in 0.5 seconds...
20:45:49 WARN  , retrying in 0.5 seconds...
20:45:50 WARN  , retrying in 0.5 seconds...
20:45:50 WARN  , retrying in 0.5 seconds...
20:45:51 WARN  , retrying in 0.5 seconds...
20:45:51 WARN  , retrying in 0.5 seconds...
20:45:52 WARN  , retrying in 0.5 seconds...
20:45:52 WARN  , retrying in 0.5 seconds...
20:45:53 WARN  AssertionError occurred while running test - 
Traceback (most recent call last):
  File "/home/pi/env-pysys/lib/python3.7/site-packages/pysys/baserunner.py", line 1294, in __call__
    self.testObj.execute()
  File "/home/pi/actions-runner/_work/thin-edge.io/thin-edge.io/tests/PySys/software_management_end_to_end/sm_apt_install_download_path/run.py", line 83, in execute
    assert_install_in_download_path(install_directory=self.DOWNLOAD_DIR)
  File "/home/pi/env-pysys/lib/python3.7/site-packages/decorator.py", line 232, in fun
    return caller(func, *(extras + args), **kw)
  File "/home/pi/env-pysys/lib/python3.7/site-packages/retry/api.py", line 74, in retry_decorator
    logger)
  File "/home/pi/env-pysys/lib/python3.7/site-packages/retry/api.py", line 33, in __retry_internal
    return f()
  File "/home/pi/actions-runner/_work/thin-edge.io/thin-edge.io/tests/PySys/software_management_end_to_end/sm_apt_install_download_path/run.py", line 28, in assert_install_in_download_path
    assert "rolldice" in os.listdir(f"{install_directory}")
AssertionError
20:45:53 WARN  AssertionError: ... blocked 
20:45:53 INFO  
20:45:53 INFO  cleanup:
20:45:54 INFO  Executed sudo, exit status 0
20:45:54 INFO  Executed sudo, exit status 0
20:45:59 INFO  Executed sudo&lt;tedge_disconnect_c8y&gt;, exit status 0
20:45:59 INFO  Restarting mosquitto too frequently in the last 10 seconds. It was only up for 4 seconds
20:45:59 INFO  Delaying execution by 7 seconds
20:46:20 INFO  Executed sudo&lt;tedge_connect_c8y&gt;, exit status 0, duration 14 secs
20:46:24 INFO  Executed sudo&lt;tedge_disconnect_c8y&gt;, exit status 0
20:46:25 INFO  Executed systemctl&lt;serv_mapper5&gt;, exit status 3
20:46:25 INFO  
20:46:25 INFO  Test duration: 84.03 secs
20:46:25 INFO  Test final outcome:  BLOCKED
20:46:25 INFO  Test outcome reason: AssertionError:
20:46:25 INFO  
</system-out>
	</testcase>
</testsuite><testsuite name="SoftwareManagement.sm_apt_install_fail" tests="3" errors="0" failures="0" skipped="1" time="0"><testcase classname="PySysTest" name="SoftwareManagement.sm_apt_install_fail">
		<skipped message="SKIPPED: Testing the apt plugin is not supported on this platform.Use parameter -XmyPlatform='container' to enable it" />
		<system-out>19:54:22 INFO  ==============================================================
19:54:22 INFO  Id:    SoftwareManagement.sm_apt_install_fail
19:54:22 INFO  Dir:   software_management_end_to_end/
19:54:22 INFO  Title: Validate end to end behaviour for a failing installation
19:54:22 INFO  ==============================================================
19:54:22 INFO  Testing the apt plugin is not supported on this platform.Use parameter -XmyPlatform='container' to enable it ... skipped
19:54:22 WARN  Aborted test due to SKIPPED outcome
19:54:22 INFO  
19:54:22 INFO  Test duration: 0.02 secs
19:54:22 INFO  Test final outcome:  SKIPPED
19:54:22 INFO  Test outcome reason: Testing the apt plugin is not supported on this platform.Use parameter -XmyPlatform='container' to enable it
19:54:22 INFO  
</system-out>
	</testcase>
<testcase classname="PySysTest" name="SoftwareManagement.sm_apt_install_fail" />
<testcase classname="PySysTest" name="SoftwareManagement.sm_apt_install_fail" />
</testsuite><testsuite name="SoftwareManagement.sm_apt_install_remove" tests="3" errors="0" failures="0" skipped="1" time="0"><testcase classname="PySysTest" name="SoftwareManagement.sm_apt_install_remove">
		<skipped message="SKIPPED: Testing the apt plugin is not supported on this platform.Use parameter -XmyPlatform='container' to enable it" />
		<system-out>19:54:22 INFO  ==============================================================
19:54:22 INFO  Id:    SoftwareManagement.sm_apt_install_remove
19:54:22 INFO  Dir:   software_management_end_to_end/
19:54:22 INFO  Title: Validate end to end behaviour for the apt plugin for installation and removal of packages
19:54:22 INFO  ==============================================================
19:54:22 INFO  Testing the apt plugin is not supported on this platform.Use parameter -XmyPlatform='container' to enable it ... skipped
19:54:22 WARN  Aborted test due to SKIPPED outcome
19:54:22 INFO  
19:54:22 INFO  Test duration: 0.02 secs
19:54:22 INFO  Test final outcome:  SKIPPED
19:54:22 INFO  Test outcome reason: Testing the apt plugin is not supported on this platform.Use parameter -XmyPlatform='container' to enable it
19:54:22 INFO  
</system-out>
	</testcase>
<testcase classname="PySysTest" name="SoftwareManagement.sm_apt_install_remove" />
<testcase classname="PySysTest" name="SoftwareManagement.sm_apt_install_remove" />
</testsuite><testsuite name="SoftwareManagement.sm_apt_install_remove_default" tests="3" errors="0" failures="0" skipped="1" time="0"><testcase classname="PySysTest" name="SoftwareManagement.sm_apt_install_remove_default">
		<skipped message="SKIPPED: Testing the apt plugin is not supported on this platform.Use parameter -XmyPlatform='container' to enable it" />
		<system-out>19:54:22 INFO  ==============================================================
19:54:22 INFO  Id:    SoftwareManagement.sm_apt_install_remove_default
19:54:22 INFO  Dir:   software_management_end_to_end/
19:54:22 INFO  Title: Validate end to end behaviour for the default plugin for installation and removal of packages
19:54:22 INFO  ==============================================================
19:54:22 INFO  Testing the apt plugin is not supported on this platform.Use parameter -XmyPlatform='container' to enable it ... skipped
19:54:22 WARN  Aborted test due to SKIPPED outcome
19:54:22 INFO  
19:54:22 INFO  Test duration: 0.02 secs
19:54:22 INFO  Test final outcome:  SKIPPED
19:54:22 INFO  Test outcome reason: Testing the apt plugin is not supported on this platform.Use parameter -XmyPlatform='container' to enable it
19:54:22 INFO  
</system-out>
	</testcase>
<testcase classname="PySysTest" name="SoftwareManagement.sm_apt_install_remove_default" />
<testcase classname="PySysTest" name="SoftwareManagement.sm_apt_install_remove_default" />
</testsuite><testsuite name="SoftwareManagement.sm_apt_install_remove_multiple" tests="3" errors="0" failures="2" skipped="1" time="0"><testcase classname="PySysTest" name="SoftwareManagement.sm_apt_install_remove_multiple">
		<skipped message="SKIPPED: Testing the apt plugin is not supported on this platform.Use parameter -XmyPlatform='container' to enable it" />
		<system-out>19:54:22 INFO  ==============================================================
19:54:22 INFO  Id:    SoftwareManagement.sm_apt_install_remove_multiple
19:54:22 INFO  Dir:   software_management_end_to_end/
19:54:22 INFO  Title: Validate end to end behaviour for the apt plugin for multiple packages
19:54:22 INFO  ==============================================================
19:54:22 INFO  Testing the apt plugin is not supported on this platform.Use parameter -XmyPlatform='container' to enable it ... skipped
19:54:22 WARN  Aborted test due to SKIPPED outcome
19:54:22 INFO  
19:54:22 INFO  Test duration: 0.02 secs
19:54:22 INFO  Test final outcome:  SKIPPED
19:54:22 INFO  Test outcome reason: Testing the apt plugin is not supported on this platform.Use parameter -XmyPlatform='container' to enable it
19:54:22 INFO  
</system-out>
	</testcase>
<testcase classname="PySysTest" name="SoftwareManagement.sm_apt_install_remove_multiple">
		<failure message="FAILED: Assert that (False == value) with value=True" type="FAILED" />
		<system-out>20:26:11 INFO  ==============================================================
20:26:11 INFO  Id:    SoftwareManagement.sm_apt_install_remove_multiple
20:26:11 INFO  Dir:   software_management_end_to_end/
20:26:11 INFO  Title: Validate end to end behaviour for the apt plugin for multiple packages
20:26:11 INFO  ==============================================================
20:26:11 INFO  Using sw id database: {'asciijump': '5475369', 'robotfindskitten': '5474869', 'squirrel3': '5475279', 'rolldice': '5152439', 'moon-buggy': '5439204', 'apple': '5495053', 'banana': '5494888', 'cherry': '5495382', 'watermelon': '5494510', 'registry': '8018911', 'hello-world': '8021526', 'docker/getting-started': '8021973', 'alpine': '7991792'}
20:26:11 INFO  EnvironmentC8y Setup
20:26:11 INFO  Executed systemctl&lt;serv_mapper1&gt;, exit status 3
20:26:11 INFO  Restarting mosquitto too frequently in the last 10 seconds. It was only up for 4 seconds
20:26:11 INFO  Delaying execution by 7 seconds
20:26:32 INFO  Executed sudo&lt;tedge_connect_c8y&gt;, exit status 0, duration 14 secs
20:26:33 INFO  Executed sudo&lt;tedge_connect_c8y_test&gt;, exit status 0
20:26:33 INFO  Executed systemctl&lt;serv_mosq2&gt;, exit status 0
20:26:34 INFO  Executed systemctl&lt;serv_mapper3&gt;, exit status 0
20:26:36 INFO  State of current operation: SUCCESSFUL
20:26:36 INFO  Assert that (False == value) with value=False ... passed
20:26:37 INFO  Assert that (False == value) with value=False ... passed
20:26:37 INFO  Assert that (False == value) with value=False ... passed
20:26:37 INFO  Package robotfindskitten is installed
20:26:37 WARN  Assert that (False == value) with value=True ... failed 
20:26:38 INFO  Response status: 201
20:26:38 INFO  Response to action: {
    "creationTime": "2022-07-21T20:26:37.950Z",
    "deviceId": "21166555",
    "deviceName": "m32sd10d",
    "self": "https://t493319102.eu-latest.cumulocity.com/devicecontrol/operations/21187724",
    "id": "21187724",
    "status": "PENDING",
    "description": "Apply software changes, triggered from PySys: [{'action': 'install', 'id': '5475369', 'name': 'asciijump', 'url': ' ', 'version': '::apt'}, {'action': 'install', 'id': '5474869', 'name': 'robotfindskitten', 'url': ' ', 'version': '::apt'}, {'action': 'install', 'id': '5475279', 'name': 'squirrel3', 'url': ' ', 'version': '::apt'}]",
    "c8y_SoftwareUpdate": [
        {
            "name": "asciijump",
            "action": "install",
            "id": "5475369",
            "version": "::apt",
            "url": " "
        },
        {
            "name": "robotfindskitten",
            "action": "install",
            "id": "5474869",
            "version": "::apt",
            "url": " "
        },
        {
            "name": "squirrel3",
            "action": "install",
            "id": "5475279",
            "version": "::apt",
            "url": " "
        }
    ]
}
20:26:38 INFO  Started operation: {'creationTime': '2022-07-21T20:26:37.950Z', 'deviceId': '21166555', 'deviceName': 'm32sd10d', 'self': 'https://t493319102.eu-latest.cumulocity.com/devicecontrol/operations/21187724', 'id': '21187724', 'status': 'PENDING', 'description': "Apply software changes, triggered from PySys: [{'action': 'install', 'id': '5475369', 'name': 'asciijump', 'url': ' ', 'version': '::apt'}, {'action': 'install', 'id': '5474869', 'name': 'robotfindskitten', 'url': ' ', 'version': '::apt'}, {'action': 'install', 'id': '5475279', 'name': 'squirrel3', 'url': ' ', 'version': '::apt'}]", 'c8y_SoftwareUpdate': [{'name': 'asciijump', 'action': 'install', 'id': '5475369', 'version': '::apt', 'url': ' '}, {'name': 'robotfindskitten', 'action': 'install', 'id': '5474869', 'version': '::apt', 'url': ' '}, {'name': 'squirrel3', 'action': 'install', 'id': '5475279', 'version': '::apt', 'url': ' '}]}
20:26:40 INFO  State of operation 21187724 : PENDING
20:26:42 INFO  State of operation 21187724 : EXECUTING
20:26:44 INFO  State of operation 21187724 : EXECUTING
20:26:46 INFO  State of operation 21187724 : EXECUTING
20:26:49 INFO  State of operation 21187724 : EXECUTING
20:26:51 INFO  State of operation 21187724 : EXECUTING
20:26:53 INFO  State of operation 21187724 : EXECUTING
20:26:56 INFO  State of operation 21187724 : EXECUTING
20:26:59 INFO  State of operation 21187724 : EXECUTING
20:27:01 INFO  State of operation 21187724 : EXECUTING
20:27:03 INFO  State of operation 21187724 : EXECUTING
20:27:05 INFO  State of operation 21187724 : EXECUTING
20:27:08 INFO  State of operation 21187724 : EXECUTING
20:27:10 INFO  State of operation 21187724 : EXECUTING
20:27:12 INFO  State of operation 21187724 : EXECUTING
20:27:14 INFO  State of operation 21187724 : EXECUTING
20:27:17 INFO  State of operation 21187724 : EXECUTING
20:27:19 INFO  State of operation 21187724 : EXECUTING
20:27:22 INFO  State of operation 21187724 : EXECUTING
20:27:24 INFO  State of operation 21187724 : EXECUTING
20:27:26 INFO  State of operation 21187724 : EXECUTING
20:27:29 INFO  State of operation 21187724 : EXECUTING
20:27:31 INFO  State of operation 21187724 : EXECUTING
20:27:33 INFO  State of operation 21187724 : EXECUTING
20:27:36 INFO  State of operation 21187724 : EXECUTING
20:27:38 INFO  State of operation 21187724 : EXECUTING
20:27:40 INFO  State of operation 21187724 : EXECUTING
20:27:43 INFO  State of operation 21187724 : EXECUTING
20:27:45 INFO  State of operation 21187724 : EXECUTING
20:27:47 INFO  State of operation 21187724 : EXECUTING
20:27:50 INFO  State of operation 21187724 : EXECUTING
20:27:52 INFO  State of operation 21187724 : EXECUTING
20:27:54 INFO  State of operation 21187724 : EXECUTING
20:27:56 INFO  State of operation 21187724 : EXECUTING
20:27:58 INFO  State of operation 21187724 : SUCCESSFUL
20:27:59 INFO  Assert that (False == value) with value=False ... passed
20:27:59 INFO  Package asciijump is installed
20:27:59 INFO  Assert that (True == value) with value=True ... passed
20:27:59 INFO  Package squirrel3 is installed
20:27:59 INFO  Assert that (True == value) with value=True ... passed
20:27:59 INFO  Package robotfindskitten is installed
20:27:59 INFO  Assert that (True == value) with value=True ... passed
20:28:00 INFO  Response status: 201
20:28:00 INFO  Response to action: {
    "creationTime": "2022-07-21T20:28:00.102Z",
    "deviceId": "21166555",
    "deviceName": "m32sd10d",
    "self": "https://t493319102.eu-latest.cumulocity.com/devicecontrol/operations/21187726",
    "id": "21187726",
    "status": "PENDING",
    "description": "Apply software changes, triggered from PySys: [{'action': 'delete', 'id': '5475369', 'name': 'asciijump', 'url': ' ', 'version': '::apt'}, {'action': 'delete', 'id': '5474869', 'name': 'robotfindskitten', 'url': ' ', 'version': '::apt'}, {'action': 'delete', 'id': '5475279', 'name': 'squirrel3', 'url': ' ', 'version': '::apt'}]",
    "c8y_SoftwareUpdate": [
        {
            "name": "asciijump",
            "action": "delete",
            "id": "5475369",
            "version": "::apt",
            "url": " "
        },
        {
            "name": "robotfindskitten",
            "action": "delete",
            "id": "5474869",
            "version": "::apt",
            "url": " "
        },
        {
            "name": "squirrel3",
            "action": "delete",
            "id": "5475279",
            "version": "::apt",
            "url": " "
        }
    ]
}
20:28:00 INFO  Started operation: {'creationTime': '2022-07-21T20:28:00.102Z', 'deviceId': '21166555', 'deviceName': 'm32sd10d', 'self': 'https://t493319102.eu-latest.cumulocity.com/devicecontrol/operations/21187726', 'id': '21187726', 'status': 'PENDING', 'description': "Apply software changes, triggered from PySys: [{'action': 'delete', 'id': '5475369', 'name': 'asciijump', 'url': ' ', 'version': '::apt'}, {'action': 'delete', 'id': '5474869', 'name': 'robotfindskitten', 'url': ' ', 'version': '::apt'}, {'action': 'delete', 'id': '5475279', 'name': 'squirrel3', 'url': ' ', 'version': '::apt'}]", 'c8y_SoftwareUpdate': [{'name': 'asciijump', 'action': 'delete', 'id': '5475369', 'version': '::apt', 'url': ' '}, {'name': 'robotfindskitten', 'action': 'delete', 'id': '5474869', 'version': '::apt', 'url': ' '}, {'name': 'squirrel3', 'action': 'delete', 'id': '5475279', 'version': '::apt', 'url': ' '}]}
20:28:02 INFO  State of operation 21187726 : PENDING
20:28:04 INFO  State of operation 21187726 : EXECUTING
20:28:06 INFO  State of operation 21187726 : EXECUTING
20:28:09 INFO  State of operation 21187726 : EXECUTING
20:28:11 INFO  State of operation 21187726 : EXECUTING
20:28:13 INFO  State of operation 21187726 : EXECUTING
20:28:16 INFO  State of operation 21187726 : EXECUTING
20:28:19 INFO  State of operation 21187726 : EXECUTING
20:28:21 INFO  State of operation 21187726 : EXECUTING
20:28:23 INFO  State of operation 21187726 : EXECUTING
20:28:26 INFO  State of operation 21187726 : EXECUTING
20:28:28 INFO  State of operation 21187726 : EXECUTING
20:28:30 INFO  State of operation 21187726 : EXECUTING
20:28:33 INFO  State of operation 21187726 : EXECUTING
20:28:35 INFO  State of operation 21187726 : EXECUTING
20:28:37 INFO  State of operation 21187726 : EXECUTING
20:28:40 INFO  State of operation 21187726 : EXECUTING
20:28:42 INFO  State of operation 21187726 : EXECUTING
20:28:44 INFO  State of operation 21187726 : EXECUTING
20:28:47 INFO  State of operation 21187726 : EXECUTING
20:28:49 INFO  State of operation 21187726 : EXECUTING
20:28:51 INFO  State of operation 21187726 : EXECUTING
20:28:54 INFO  State of operation 21187726 : EXECUTING
20:28:56 INFO  State of operation 21187726 : EXECUTING
20:28:59 INFO  State of operation 21187726 : EXECUTING
20:29:01 INFO  State of operation 21187726 : EXECUTING
20:29:03 INFO  State of operation 21187726 : EXECUTING
20:29:05 INFO  State of operation 21187726 : EXECUTING
20:29:08 INFO  State of operation 21187726 : SUCCESSFUL
20:29:08 INFO  Assert that (False == value) with value=False ... passed
20:29:08 INFO  Assert that (False == value) with value=False ... passed
20:29:08 INFO  Assert that (False == value) with value=False ... passed
20:29:09 INFO  Assert that (False == value) with value=False ... passed
20:29:09 INFO  
20:29:09 INFO  cleanup:
20:29:13 INFO  Executed sudo&lt;tedge_disconnect_c8y&gt;, exit status 0
20:29:13 INFO  Executed systemctl&lt;serv_mapper5&gt;, exit status 3
20:29:13 INFO  
20:29:13 INFO  Test duration: 182.72 secs
20:29:13 INFO  Test final outcome:  FAILED
20:29:13 INFO  Test outcome reason: Assert that (False == value) with value=True
20:29:13 INFO  
</system-out>
	</testcase>
<testcase classname="PySysTest" name="SoftwareManagement.sm_apt_install_remove_multiple">
		<failure message="FAILED: Assert that (False == value) with value=True (+2 other failures)" type="FAILED" />
		<system-out>20:52:55 INFO  ==============================================================
20:52:55 INFO  Id:    SoftwareManagement.sm_apt_install_remove_multiple
20:52:55 INFO  Dir:   software_management_end_to_end/
20:52:55 INFO  Title: Validate end to end behaviour for the apt plugin for multiple packages
20:52:55 INFO  ==============================================================
20:52:55 INFO  Using sw id database: {'asciijump': '5475369', 'robotfindskitten': '5474869', 'squirrel3': '5475279', 'rolldice': '5152439', 'moon-buggy': '5439204', 'apple': '5495053', 'banana': '5494888', 'cherry': '5495382', 'watermelon': '5494510', 'registry': '8018911', 'hello-world': '8021526', 'docker/getting-started': '8021973', 'alpine': '7991792'}
20:52:55 INFO  EnvironmentC8y Setup
20:52:55 INFO  Executed systemctl&lt;serv_mapper1&gt;, exit status 3
20:52:55 INFO  Restarting mosquitto too frequently in the last 10 seconds. It was only up for 4 seconds
20:52:55 INFO  Delaying execution by 7 seconds
20:53:16 INFO  Executed sudo&lt;tedge_connect_c8y&gt;, exit status 0, duration 13 secs
20:53:17 INFO  Executed sudo&lt;tedge_connect_c8y_test&gt;, exit status 0
20:53:17 INFO  Executed systemctl&lt;serv_mosq2&gt;, exit status 0
20:53:18 INFO  Executed systemctl&lt;serv_mapper3&gt;, exit status 0
20:53:20 INFO  State of current operation: SUCCESSFUL
20:53:20 INFO  Assert that (False == value) with value=False ... passed
20:53:20 INFO  Package asciijump is installed
20:53:21 WARN  Assert that (False == value) with value=True ... failed 
20:53:21 INFO  Package squirrel3 is installed
20:53:21 WARN  Assert that (False == value) with value=True ... failed 
20:53:21 INFO  Package robotfindskitten is installed
20:53:21 WARN  Assert that (False == value) with value=True ... failed 
20:53:21 INFO  Response status: 201
20:53:21 INFO  Response to action: {
    "creationTime": "2022-07-21T20:53:21.700Z",
    "deviceId": "21166555",
    "deviceName": "m32sd10d",
    "self": "https://t493319102.eu-latest.cumulocity.com/devicecontrol/operations/21187848",
    "id": "21187848",
    "status": "PENDING",
    "description": "Apply software changes, triggered from PySys: [{'action': 'install', 'id': '5475369', 'name': 'asciijump', 'url': ' ', 'version': '::apt'}, {'action': 'install', 'id': '5474869', 'name': 'robotfindskitten', 'url': ' ', 'version': '::apt'}, {'action': 'install', 'id': '5475279', 'name': 'squirrel3', 'url': ' ', 'version': '::apt'}]",
    "c8y_SoftwareUpdate": [
        {
            "name": "asciijump",
            "action": "install",
            "id": "5475369",
            "version": "::apt",
            "url": " "
        },
        {
            "name": "robotfindskitten",
            "action": "install",
            "id": "5474869",
            "version": "::apt",
            "url": " "
        },
        {
            "name": "squirrel3",
            "action": "install",
            "id": "5475279",
            "version": "::apt",
            "url": " "
        }
    ]
}
20:53:21 INFO  Started operation: {'creationTime': '2022-07-21T20:53:21.700Z', 'deviceId': '21166555', 'deviceName': 'm32sd10d', 'self': 'https://t493319102.eu-latest.cumulocity.com/devicecontrol/operations/21187848', 'id': '21187848', 'status': 'PENDING', 'description': "Apply software changes, triggered from PySys: [{'action': 'install', 'id': '5475369', 'name': 'asciijump', 'url': ' ', 'version': '::apt'}, {'action': 'install', 'id': '5474869', 'name': 'robotfindskitten', 'url': ' ', 'version': '::apt'}, {'action': 'install', 'id': '5475279', 'name': 'squirrel3', 'url': ' ', 'version': '::apt'}]", 'c8y_SoftwareUpdate': [{'name': 'asciijump', 'action': 'install', 'id': '5475369', 'version': '::apt', 'url': ' '}, {'name': 'robotfindskitten', 'action': 'install', 'id': '5474869', 'version': '::apt', 'url': ' '}, {'name': 'squirrel3', 'action': 'install', 'id': '5475279', 'version': '::apt', 'url': ' '}]}
20:53:23 INFO  State of operation 21187848 : PENDING
20:53:26 INFO  State of operation 21187848 : EXECUTING
20:53:28 INFO  State of operation 21187848 : EXECUTING
20:53:30 INFO  State of operation 21187848 : EXECUTING
20:53:32 INFO  State of operation 21187848 : EXECUTING
20:53:35 INFO  State of operation 21187848 : EXECUTING
20:53:38 INFO  State of operation 21187848 : EXECUTING
20:53:40 INFO  State of operation 21187848 : EXECUTING
20:53:43 INFO  State of operation 21187848 : EXECUTING
20:53:45 INFO  State of operation 21187848 : EXECUTING
20:53:48 INFO  State of operation 21187848 : EXECUTING
20:53:50 INFO  State of operation 21187848 : EXECUTING
20:53:52 INFO  State of operation 21187848 : EXECUTING
20:53:54 INFO  State of operation 21187848 : EXECUTING
20:53:56 INFO  State of operation 21187848 : EXECUTING
20:53:59 INFO  State of operation 21187848 : SUCCESSFUL
20:53:59 INFO  Assert that (False == value) with value=False ... passed
20:53:59 INFO  Package asciijump is installed
20:53:59 INFO  Assert that (True == value) with value=True ... passed
20:53:59 INFO  Package squirrel3 is installed
20:53:59 INFO  Assert that (True == value) with value=True ... passed
20:54:00 INFO  Package robotfindskitten is installed
20:54:00 INFO  Assert that (True == value) with value=True ... passed
20:54:00 INFO  Response status: 201
20:54:00 INFO  Response to action: {
    "creationTime": "2022-07-21T20:54:00.263Z",
    "deviceId": "21166555",
    "deviceName": "m32sd10d",
    "self": "https://t493319102.eu-latest.cumulocity.com/devicecontrol/operations/21187852",
    "id": "21187852",
    "status": "PENDING",
    "description": "Apply software changes, triggered from PySys: [{'action': 'delete', 'id': '5475369', 'name': 'asciijump', 'url': ' ', 'version': '::apt'}, {'action': 'delete', 'id': '5474869', 'name': 'robotfindskitten', 'url': ' ', 'version': '::apt'}, {'action': 'delete', 'id': '5475279', 'name': 'squirrel3', 'url': ' ', 'version': '::apt'}]",
    "c8y_SoftwareUpdate": [
        {
            "name": "asciijump",
            "action": "delete",
            "id": "5475369",
            "version": "::apt",
            "url": " "
        },
        {
            "name": "robotfindskitten",
            "action": "delete",
            "id": "5474869",
            "version": "::apt",
            "url": " "
        },
        {
            "name": "squirrel3",
            "action": "delete",
            "id": "5475279",
            "version": "::apt",
            "url": " "
        }
    ]
}
20:54:00 INFO  Started operation: {'creationTime': '2022-07-21T20:54:00.263Z', 'deviceId': '21166555', 'deviceName': 'm32sd10d', 'self': 'https://t493319102.eu-latest.cumulocity.com/devicecontrol/operations/21187852', 'id': '21187852', 'status': 'PENDING', 'description': "Apply software changes, triggered from PySys: [{'action': 'delete', 'id': '5475369', 'name': 'asciijump', 'url': ' ', 'version': '::apt'}, {'action': 'delete', 'id': '5474869', 'name': 'robotfindskitten', 'url': ' ', 'version': '::apt'}, {'action': 'delete', 'id': '5475279', 'name': 'squirrel3', 'url': ' ', 'version': '::apt'}]", 'c8y_SoftwareUpdate': [{'name': 'asciijump', 'action': 'delete', 'id': '5475369', 'version': '::apt', 'url': ' '}, {'name': 'robotfindskitten', 'action': 'delete', 'id': '5474869', 'version': '::apt', 'url': ' '}, {'name': 'squirrel3', 'action': 'delete', 'id': '5475279', 'version': '::apt', 'url': ' '}]}
20:54:02 INFO  State of operation 21187852 : PENDING
20:54:04 INFO  State of operation 21187852 : EXECUTING
20:54:06 INFO  State of operation 21187852 : EXECUTING
20:54:09 INFO  State of operation 21187852 : EXECUTING
20:54:11 INFO  State of operation 21187852 : EXECUTING
20:54:13 INFO  State of operation 21187852 : EXECUTING
20:54:16 INFO  State of operation 21187852 : EXECUTING
20:54:19 INFO  State of operation 21187852 : EXECUTING
20:54:21 INFO  State of operation 21187852 : EXECUTING
20:54:23 INFO  State of operation 21187852 : EXECUTING
20:54:26 INFO  State of operation 21187852 : EXECUTING
20:54:28 INFO  State of operation 21187852 : EXECUTING
20:54:30 INFO  State of operation 21187852 : EXECUTING
20:54:32 INFO  State of operation 21187852 : EXECUTING
20:54:35 INFO  State of operation 21187852 : EXECUTING
20:54:37 INFO  State of operation 21187852 : EXECUTING
20:54:39 INFO  State of operation 21187852 : EXECUTING
20:54:42 INFO  State of operation 21187852 : EXECUTING
20:54:44 INFO  State of operation 21187852 : EXECUTING
20:54:47 INFO  State of operation 21187852 : EXECUTING
20:54:49 INFO  State of operation 21187852 : EXECUTING
20:54:51 INFO  State of operation 21187852 : EXECUTING
20:54:53 INFO  State of operation 21187852 : EXECUTING
20:54:56 INFO  State of operation 21187852 : EXECUTING
20:54:59 INFO  State of operation 21187852 : EXECUTING
20:55:01 INFO  State of operation 21187852 : EXECUTING
20:55:03 INFO  State of operation 21187852 : EXECUTING
20:55:06 INFO  State of operation 21187852 : EXECUTING
20:55:08 INFO  State of operation 21187852 : SUCCESSFUL
20:55:08 INFO  Assert that (False == value) with value=False ... passed
20:55:08 INFO  Assert that (False == value) with value=False ... passed
20:55:09 INFO  Assert that (False == value) with value=False ... passed
20:55:09 INFO  Assert that (False == value) with value=False ... passed
20:55:09 INFO  
20:55:09 INFO  cleanup:
20:55:13 INFO  Executed sudo&lt;tedge_disconnect_c8y&gt;, exit status 0
20:55:14 INFO  Executed systemctl&lt;serv_mapper5&gt;, exit status 3
20:55:14 INFO  
20:55:14 INFO  Test duration: 139.04 secs
20:55:14 INFO  Test final outcome:  FAILED
20:55:14 INFO  Test outcome reason: Assert that (False == value) with value=True (+2 other failures)
20:55:14 INFO  
</system-out>
	</testcase>
</testsuite><testsuite name="SoftwareManagement.sm_apt_install_remove_multiple_mixed" tests="3" errors="0" failures="2" skipped="1" time="0"><testcase classname="PySysTest" name="SoftwareManagement.sm_apt_install_remove_multiple_mixed">
		<skipped message="SKIPPED: Testing the apt plugin is not supported on this platform.Use parameter -XmyPlatform='container' to enable it" />
		<system-out>19:54:23 INFO  ==============================================================
19:54:23 INFO  Id:    SoftwareManagement.sm_apt_install_remove_multiple_mixed
19:54:23 INFO  Dir:   software_management_end_to_end/
19:54:23 INFO  Title: Validate end to end behaviour for the apt plugin for multiple packages with mixed versions
19:54:23 INFO  ==============================================================
19:54:23 INFO  Testing the apt plugin is not supported on this platform.Use parameter -XmyPlatform='container' to enable it ... skipped
19:54:23 WARN  Aborted test due to SKIPPED outcome
19:54:23 INFO  
19:54:23 INFO  Test duration: 0.02 secs
19:54:23 INFO  Test final outcome:  SKIPPED
19:54:23 INFO  Test outcome reason: Testing the apt plugin is not supported on this platform.Use parameter -XmyPlatform='container' to enable it
19:54:23 INFO  
</system-out>
	</testcase>
<testcase classname="PySysTest" name="SoftwareManagement.sm_apt_install_remove_multiple_mixed">
		<failure message="BLOCKED: SystemError: Timeout while waiting for status SUCCESSFUL or False" type="BLOCKED" />
		<system-out>20:29:13 INFO  ==============================================================
20:29:13 INFO  Id:    SoftwareManagement.sm_apt_install_remove_multiple_mixed
20:29:13 INFO  Dir:   software_management_end_to_end/
20:29:13 INFO  Title: Validate end to end behaviour for the apt plugin for multiple packages with mixed versions
20:29:13 INFO  ==============================================================
20:29:13 INFO  Using sw id database: {'asciijump': '5475369', 'robotfindskitten': '5474869', 'squirrel3': '5475279', 'rolldice': '5152439', 'moon-buggy': '5439204', 'apple': '5495053', 'banana': '5494888', 'cherry': '5495382', 'watermelon': '5494510', 'registry': '8018911', 'hello-world': '8021526', 'docker/getting-started': '8021973', 'alpine': '7991792'}
20:29:13 INFO  EnvironmentC8y Setup
20:29:14 INFO  Executed systemctl&lt;serv_mapper1&gt;, exit status 3
20:29:14 INFO  Restarting mosquitto too frequently in the last 10 seconds. It was only up for 5 seconds
20:29:14 INFO  Delaying execution by 6 seconds
20:29:34 INFO  Executed sudo&lt;tedge_connect_c8y&gt;, exit status 0, duration 13 secs
20:29:34 INFO  Executed sudo&lt;tedge_connect_c8y_test&gt;, exit status 0
20:29:35 INFO  Executed systemctl&lt;serv_mosq2&gt;, exit status 0
20:29:35 INFO  Executed systemctl&lt;serv_mapper3&gt;, exit status 0
20:29:38 INFO  State of current operation: SUCCESSFUL
20:29:38 INFO  Assert that (False == value) with value=False ... passed
20:29:38 INFO  Assert that (False == value) with value=False ... passed
20:29:38 INFO  Assert that (False == value) with value=False ... passed
20:29:39 INFO  Assert that (False == value) with value=False ... passed
20:29:39 INFO  Assert that (False == value) with value=False ... passed
20:29:40 INFO  Response status: 201
20:29:40 INFO  Response to action: {
    "creationTime": "2022-07-21T20:29:40.492Z",
    "deviceId": "21166555",
    "deviceName": "m32sd10d",
    "self": "https://t493319102.eu-latest.cumulocity.com/devicecontrol/operations/21187730",
    "id": "21187730",
    "status": "PENDING",
    "description": "Apply software changes, triggered from PySys: [{'action': 'install', 'id': '5475369', 'name': 'asciijump', 'url': ' ', 'version': '::apt'}, {'action': 'install', 'id': '5474869', 'name': 'robotfindskitten', 'url': ' ', 'version': ' '}, {'action': 'install', 'id': '5475279', 'name': 'squirrel3', 'url': ' ', 'version': '3.1-7::apt'}, {'action': 'install', 'id': '5152439', 'name': 'rolldice', 'url': ' ', 'version': '1.16-1+b1'}, {'action': 'install', 'id': '5439204', 'name': 'moon-buggy', 'url': ' ', 'version': '1:1.0.51-12'}, {'action': 'install', 'id': '5475369', 'name': 'asciijump', 'url': ' ', 'version': '::apt'}]",
    "c8y_SoftwareUpdate": [
        {
            "name": "asciijump",
            "action": "install",
            "id": "5475369",
            "version": "::apt",
            "url": " "
        },
        {
            "name": "robotfindskitten",
            "action": "install",
            "id": "5474869",
            "version": " ",
            "url": " "
        },
        {
            "name": "squirrel3",
            "action": "install",
            "id": "5475279",
            "version": "3.1-7::apt",
            "url": " "
        },
        {
            "name": "rolldice",
            "action": "install",
            "id": "5152439",
            "version": "1.16-1+b1",
            "url": " "
        },
        {
            "name": "moon-buggy",
            "action": "install",
            "id": "5439204",
            "version": "1:1.0.51-12",
            "url": " "
        },
        {
            "name": "asciijump",
            "action": "install",
            "id": "5475369",
            "version": "::apt",
            "url": " "
        }
    ]
}
20:29:40 INFO  Started operation: {'creationTime': '2022-07-21T20:29:40.492Z', 'deviceId': '21166555', 'deviceName': 'm32sd10d', 'self': 'https://t493319102.eu-latest.cumulocity.com/devicecontrol/operations/21187730', 'id': '21187730', 'status': 'PENDING', 'description': "Apply software changes, triggered from PySys: [{'action': 'install', 'id': '5475369', 'name': 'asciijump', 'url': ' ', 'version': '::apt'}, {'action': 'install', 'id': '5474869', 'name': 'robotfindskitten', 'url': ' ', 'version': ' '}, {'action': 'install', 'id': '5475279', 'name': 'squirrel3', 'url': ' ', 'version': '3.1-7::apt'}, {'action': 'install', 'id': '5152439', 'name': 'rolldice', 'url': ' ', 'version': '1.16-1+b1'}, {'action': 'install', 'id': '5439204', 'name': 'moon-buggy', 'url': ' ', 'version': '1:1.0.51-12'}, {'action': 'install', 'id': '5475369', 'name': 'asciijump', 'url': ' ', 'version': '::apt'}]", 'c8y_SoftwareUpdate': [{'name': 'asciijump', 'action': 'install', 'id': '5475369', 'version': '::apt', 'url': ' '}, {'name': 'robotfindskitten', 'action': 'install', 'id': '5474869', 'version': ' ', 'url': ' '}, {'name': 'squirrel3', 'action': 'install', 'id': '5475279', 'version': '3.1-7::apt', 'url': ' '}, {'name': 'rolldice', 'action': 'install', 'id': '5152439', 'version': '1.16-1+b1', 'url': ' '}, {'name': 'moon-buggy', 'action': 'install', 'id': '5439204', 'version': '1:1.0.51-12', 'url': ' '}, {'name': 'asciijump', 'action': 'install', 'id': '5475369', 'version': '::apt', 'url': ' '}]}
20:29:42 INFO  State of operation 21187730 : PENDING
20:29:45 INFO  State of operation 21187730 : EXECUTING
20:29:47 INFO  State of operation 21187730 : EXECUTING
20:29:49 INFO  State of operation 21187730 : EXECUTING
20:29:51 INFO  State of operation 21187730 : EXECUTING
20:29:53 INFO  State of operation 21187730 : EXECUTING
20:29:56 INFO  State of operation 21187730 : EXECUTING
20:29:59 INFO  State of operation 21187730 : EXECUTING
20:30:01 INFO  State of operation 21187730 : EXECUTING
20:30:04 INFO  State of operation 21187730 : EXECUTING
20:30:06 INFO  State of operation 21187730 : EXECUTING
20:30:08 INFO  State of operation 21187730 : EXECUTING
20:30:10 INFO  State of operation 21187730 : EXECUTING
20:30:12 INFO  State of operation 21187730 : EXECUTING
20:30:15 INFO  State of operation 21187730 : EXECUTING
20:30:17 INFO  State of operation 21187730 : EXECUTING
20:30:19 INFO  State of operation 21187730 : EXECUTING
20:30:22 INFO  State of operation 21187730 : EXECUTING
20:30:24 INFO  State of operation 21187730 : EXECUTING
20:30:27 INFO  State of operation 21187730 : EXECUTING
20:30:29 INFO  State of operation 21187730 : EXECUTING
20:30:32 INFO  State of operation 21187730 : EXECUTING
20:30:34 INFO  State of operation 21187730 : EXECUTING
20:30:37 INFO  State of operation 21187730 : EXECUTING
20:30:40 INFO  State of operation 21187730 : EXECUTING
20:30:43 INFO  State of operation 21187730 : EXECUTING
20:30:45 INFO  State of operation 21187730 : EXECUTING
20:30:48 INFO  State of operation 21187730 : EXECUTING
20:30:50 INFO  State of operation 21187730 : EXECUTING
20:30:52 INFO  State of operation 21187730 : EXECUTING
20:30:55 INFO  State of operation 21187730 : EXECUTING
20:30:57 INFO  State of operation 21187730 : EXECUTING
20:30:59 INFO  State of operation 21187730 : EXECUTING
20:31:01 INFO  State of operation 21187730 : EXECUTING
20:31:03 INFO  State of operation 21187730 : EXECUTING
20:31:06 INFO  State of operation 21187730 : EXECUTING
20:31:08 INFO  State of operation 21187730 : EXECUTING
20:31:11 INFO  State of operation 21187730 : EXECUTING
20:31:13 INFO  State of operation 21187730 : EXECUTING
20:31:16 INFO  State of operation 21187730 : EXECUTING
20:31:18 INFO  State of operation 21187730 : EXECUTING
20:31:20 INFO  State of operation 21187730 : EXECUTING
20:31:22 INFO  State of operation 21187730 : EXECUTING
20:31:25 INFO  State of operation 21187730 : EXECUTING
20:31:27 INFO  State of operation 21187730 : EXECUTING
20:31:29 INFO  State of operation 21187730 : EXECUTING
20:31:32 INFO  State of operation 21187730 : EXECUTING
20:31:34 INFO  State of operation 21187730 : EXECUTING
20:31:37 INFO  State of operation 21187730 : EXECUTING
20:31:39 INFO  State of operation 21187730 : EXECUTING
20:31:42 INFO  State of operation 21187730 : EXECUTING
20:31:44 INFO  State of operation 21187730 : EXECUTING
20:31:47 INFO  State of operation 21187730 : EXECUTING
20:31:49 INFO  State of operation 21187730 : EXECUTING
20:31:52 INFO  State of operation 21187730 : EXECUTING
20:31:54 INFO  State of operation 21187730 : EXECUTING
20:31:57 INFO  State of operation 21187730 : EXECUTING
20:31:59 INFO  State of operation 21187730 : EXECUTING
20:32:02 INFO  State of operation 21187730 : EXECUTING
20:32:04 INFO  State of operation 21187730 : EXECUTING
20:32:06 INFO  State of operation 21187730 : EXECUTING
20:32:08 WARN  SystemError occurred while running test - Timeout while waiting for status SUCCESSFUL or False
Traceback (most recent call last):
  File "/home/pi/env-pysys/lib/python3.7/site-packages/pysys/baserunner.py", line 1294, in __call__
    self.testObj.execute()
  File "/home/pi/actions-runner/_work/thin-edge.io/thin-edge.io/tests/PySys/software_management_end_to_end/sm_apt_install_remove_multiple_mixed/run.py", line 89, in execute
    self.wait_until_succcess()
  File "/home/pi/actions-runner/_work/thin-edge.io/thin-edge.io/tests/PySys/software_management_end_to_end/environment_sm_management.py", line 324, in wait_until_succcess
    self.wait_until_status("SUCCESSFUL")
  File "/home/pi/actions-runner/_work/thin-edge.io/thin-edge.io/tests/PySys/software_management_end_to_end/environment_sm_management.py", line 381, in wait_until_status
    "Timeout while waiting for status %s or %s" % (status, status2)
SystemError: Timeout while waiting for status SUCCESSFUL or False
20:32:08 WARN  SystemError: Timeout while waiting for status SUCCESSFUL or False ... blocked 
20:32:08 INFO  
20:32:08 INFO  cleanup:
20:32:13 INFO  Executed sudo&lt;tedge_disconnect_c8y&gt;, exit status 0
20:32:13 INFO  Executed systemctl&lt;serv_mapper5&gt;, exit status 3
20:32:13 INFO  
20:32:13 INFO  Test duration: 179.92 secs
20:32:13 INFO  Test final outcome:  BLOCKED
20:32:13 INFO  Test outcome reason: SystemError: Timeout while waiting for status SUCCESSFUL or False
20:32:13 INFO  
</system-out>
	</testcase>
<testcase classname="PySysTest" name="SoftwareManagement.sm_apt_install_remove_multiple_mixed">
		<failure message="BLOCKED: SystemError: Timeout while waiting for status SUCCESSFUL or False (+1 other failures)" type="BLOCKED" />
		<system-out>20:55:14 INFO  ==============================================================
20:55:14 INFO  Id:    SoftwareManagement.sm_apt_install_remove_multiple_mixed
20:55:14 INFO  Dir:   software_management_end_to_end/
20:55:14 INFO  Title: Validate end to end behaviour for the apt plugin for multiple packages with mixed versions
20:55:14 INFO  ==============================================================
20:55:14 INFO  Using sw id database: {'asciijump': '5475369', 'robotfindskitten': '5474869', 'squirrel3': '5475279', 'rolldice': '5152439', 'moon-buggy': '5439204', 'apple': '5495053', 'banana': '5494888', 'cherry': '5495382', 'watermelon': '5494510', 'registry': '8018911', 'hello-world': '8021526', 'docker/getting-started': '8021973', 'alpine': '7991792'}
20:55:14 INFO  EnvironmentC8y Setup
20:55:14 INFO  Executed systemctl&lt;serv_mapper1&gt;, exit status 3
20:55:15 INFO  Restarting mosquitto too frequently in the last 10 seconds. It was only up for 4 seconds
20:55:15 INFO  Delaying execution by 7 seconds
20:55:35 INFO  Executed sudo&lt;tedge_connect_c8y&gt;, exit status 0, duration 13 secs
20:55:36 INFO  Executed sudo&lt;tedge_connect_c8y_test&gt;, exit status 0
20:55:36 INFO  Executed systemctl&lt;serv_mosq2&gt;, exit status 0
20:55:37 INFO  Executed systemctl&lt;serv_mapper3&gt;, exit status 0
20:55:39 INFO  State of current operation: SUCCESSFUL
20:55:39 INFO  Assert that (False == value) with value=False ... passed
20:55:40 INFO  Assert that (False == value) with value=False ... passed
20:55:40 INFO  Assert that (False == value) with value=False ... passed
20:55:40 INFO  Assert that (False == value) with value=False ... passed
20:55:40 INFO  Package moon-buggy is installed
20:55:40 WARN  Assert that (False == value) with value=True ... failed 
20:55:42 INFO  Response status: 201
20:55:42 INFO  Response to action: {
    "creationTime": "2022-07-21T20:55:41.947Z",
    "deviceId": "21166555",
    "deviceName": "m32sd10d",
    "self": "https://t493319102.eu-latest.cumulocity.com/devicecontrol/operations/21187863",
    "id": "21187863",
    "status": "PENDING",
    "description": "Apply software changes, triggered from PySys: [{'action': 'install', 'id': '5475369', 'name': 'asciijump', 'url': ' ', 'version': '::apt'}, {'action': 'install', 'id': '5474869', 'name': 'robotfindskitten', 'url': ' ', 'version': ' '}, {'action': 'install', 'id': '5475279', 'name': 'squirrel3', 'url': ' ', 'version': '3.1-7::apt'}, {'action': 'install', 'id': '5152439', 'name': 'rolldice', 'url': ' ', 'version': '1.16-1+b1'}, {'action': 'install', 'id': '5439204', 'name': 'moon-buggy', 'url': ' ', 'version': '1:1.0.51-12'}, {'action': 'install', 'id': '5475369', 'name': 'asciijump', 'url': ' ', 'version': '::apt'}]",
    "c8y_SoftwareUpdate": [
        {
            "name": "asciijump",
            "action": "install",
            "id": "5475369",
            "version": "::apt",
            "url": " "
        },
        {
            "name": "robotfindskitten",
            "action": "install",
            "id": "5474869",
            "version": " ",
            "url": " "
        },
        {
            "name": "squirrel3",
            "action": "install",
            "id": "5475279",
            "version": "3.1-7::apt",
            "url": " "
        },
        {
            "name": "rolldice",
            "action": "install",
            "id": "5152439",
            "version": "1.16-1+b1",
            "url": " "
        },
        {
            "name": "moon-buggy",
            "action": "install",
            "id": "5439204",
            "version": "1:1.0.51-12",
            "url": " "
        },
        {
            "name": "asciijump",
            "action": "install",
            "id": "5475369",
            "version": "::apt",
            "url": " "
        }
    ]
}
20:55:42 INFO  Started operation: {'creationTime': '2022-07-21T20:55:41.947Z', 'deviceId': '21166555', 'deviceName': 'm32sd10d', 'self': 'https://t493319102.eu-latest.cumulocity.com/devicecontrol/operations/21187863', 'id': '21187863', 'status': 'PENDING', 'description': "Apply software changes, triggered from PySys: [{'action': 'install', 'id': '5475369', 'name': 'asciijump', 'url': ' ', 'version': '::apt'}, {'action': 'install', 'id': '5474869', 'name': 'robotfindskitten', 'url': ' ', 'version': ' '}, {'action': 'install', 'id': '5475279', 'name': 'squirrel3', 'url': ' ', 'version': '3.1-7::apt'}, {'action': 'install', 'id': '5152439', 'name': 'rolldice', 'url': ' ', 'version': '1.16-1+b1'}, {'action': 'install', 'id': '5439204', 'name': 'moon-buggy', 'url': ' ', 'version': '1:1.0.51-12'}, {'action': 'install', 'id': '5475369', 'name': 'asciijump', 'url': ' ', 'version': '::apt'}]", 'c8y_SoftwareUpdate': [{'name': 'asciijump', 'action': 'install', 'id': '5475369', 'version': '::apt', 'url': ' '}, {'name': 'robotfindskitten', 'action': 'install', 'id': '5474869', 'version': ' ', 'url': ' '}, {'name': 'squirrel3', 'action': 'install', 'id': '5475279', 'version': '3.1-7::apt', 'url': ' '}, {'name': 'rolldice', 'action': 'install', 'id': '5152439', 'version': '1.16-1+b1', 'url': ' '}, {'name': 'moon-buggy', 'action': 'install', 'id': '5439204', 'version': '1:1.0.51-12', 'url': ' '}, {'name': 'asciijump', 'action': 'install', 'id': '5475369', 'version': '::apt', 'url': ' '}]}
20:55:44 INFO  State of operation 21187863 : PENDING
20:55:46 INFO  State of operation 21187863 : EXECUTING
20:55:48 INFO  State of operation 21187863 : EXECUTING
20:55:50 INFO  State of operation 21187863 : EXECUTING
20:55:53 INFO  State of operation 21187863 : EXECUTING
20:55:55 INFO  State of operation 21187863 : EXECUTING
20:55:58 INFO  State of operation 21187863 : EXECUTING
20:56:01 INFO  State of operation 21187863 : EXECUTING
20:56:03 INFO  State of operation 21187863 : EXECUTING
20:56:06 INFO  State of operation 21187863 : EXECUTING
20:56:08 INFO  State of operation 21187863 : EXECUTING
20:56:10 INFO  State of operation 21187863 : EXECUTING
20:56:12 INFO  State of operation 21187863 : EXECUTING
20:56:14 INFO  State of operation 21187863 : EXECUTING
20:56:17 INFO  State of operation 21187863 : EXECUTING
20:56:19 INFO  State of operation 21187863 : EXECUTING
20:56:21 INFO  State of operation 21187863 : EXECUTING
20:56:24 INFO  State of operation 21187863 : EXECUTING
20:56:26 INFO  State of operation 21187863 : EXECUTING
20:56:29 INFO  State of operation 21187863 : EXECUTING
20:56:31 INFO  State of operation 21187863 : EXECUTING
20:56:34 INFO  State of operation 21187863 : EXECUTING
20:56:36 INFO  State of operation 21187863 : EXECUTING
20:56:38 INFO  State of operation 21187863 : EXECUTING
20:56:40 INFO  State of operation 21187863 : EXECUTING
20:56:43 INFO  State of operation 21187863 : EXECUTING
20:56:45 INFO  State of operation 21187863 : EXECUTING
20:56:47 INFO  State of operation 21187863 : EXECUTING
20:56:50 INFO  State of operation 21187863 : EXECUTING
20:56:52 INFO  State of operation 21187863 : EXECUTING
20:56:54 INFO  State of operation 21187863 : EXECUTING
20:56:56 INFO  State of operation 21187863 : EXECUTING
20:56:58 INFO  State of operation 21187863 : EXECUTING
20:57:01 INFO  State of operation 21187863 : EXECUTING
20:57:03 INFO  State of operation 21187863 : EXECUTING
20:57:05 INFO  State of operation 21187863 : EXECUTING
20:57:07 INFO  State of operation 21187863 : EXECUTING
20:57:10 INFO  State of operation 21187863 : EXECUTING
20:57:12 INFO  State of operation 21187863 : EXECUTING
20:57:15 INFO  State of operation 21187863 : EXECUTING
20:57:17 INFO  State of operation 21187863 : EXECUTING
20:57:20 INFO  State of operation 21187863 : EXECUTING
20:57:22 INFO  State of operation 21187863 : EXECUTING
20:57:24 INFO  State of operation 21187863 : EXECUTING
20:57:26 INFO  State of operation 21187863 : EXECUTING
20:57:29 INFO  State of operation 21187863 : EXECUTING
20:57:31 INFO  State of operation 21187863 : EXECUTING
20:57:33 INFO  State of operation 21187863 : EXECUTING
20:57:36 INFO  State of operation 21187863 : EXECUTING
20:57:38 INFO  State of operation 21187863 : EXECUTING
20:57:40 INFO  State of operation 21187863 : EXECUTING
20:57:43 INFO  State of operation 21187863 : EXECUTING
20:57:45 INFO  State of operation 21187863 : EXECUTING
20:57:48 INFO  State of operation 21187863 : EXECUTING
20:57:50 INFO  State of operation 21187863 : EXECUTING
20:57:53 INFO  State of operation 21187863 : EXECUTING
20:57:55 INFO  State of operation 21187863 : EXECUTING
20:57:57 INFO  State of operation 21187863 : EXECUTING
20:57:59 INFO  State of operation 21187863 : EXECUTING
20:58:02 INFO  State of operation 21187863 : EXECUTING
20:58:04 INFO  State of operation 21187863 : EXECUTING
20:58:06 WARN  SystemError occurred while running test - Timeout while waiting for status SUCCESSFUL or False
Traceback (most recent call last):
  File "/home/pi/env-pysys/lib/python3.7/site-packages/pysys/baserunner.py", line 1294, in __call__
    self.testObj.execute()
  File "/home/pi/actions-runner/_work/thin-edge.io/thin-edge.io/tests/PySys/software_management_end_to_end/sm_apt_install_remove_multiple_mixed/run.py", line 89, in execute
    self.wait_until_succcess()
  File "/home/pi/actions-runner/_work/thin-edge.io/thin-edge.io/tests/PySys/software_management_end_to_end/environment_sm_management.py", line 324, in wait_until_succcess
    self.wait_until_status("SUCCESSFUL")
  File "/home/pi/actions-runner/_work/thin-edge.io/thin-edge.io/tests/PySys/software_management_end_to_end/environment_sm_management.py", line 381, in wait_until_status
    "Timeout while waiting for status %s or %s" % (status, status2)
SystemError: Timeout while waiting for status SUCCESSFUL or False
20:58:06 WARN  SystemError: Timeout while waiting for status SUCCESSFUL or False ... blocked 
20:58:06 INFO  
20:58:06 INFO  cleanup:
20:58:11 INFO  Executed sudo&lt;tedge_disconnect_c8y&gt;, exit status 0
20:58:11 INFO  Executed systemctl&lt;serv_mapper5&gt;, exit status 3
20:58:11 INFO  
20:58:11 INFO  Test duration: 177.60 secs
20:58:11 INFO  Test final outcome:  BLOCKED
20:58:11 INFO  Test outcome reason: SystemError: Timeout while waiting for status SUCCESSFUL or False (+1 other failures)
20:58:11 INFO  
</system-out>
	</testcase>
</testsuite><testsuite name="SoftwareManagement.sm_apt_install_remove_with_version" tests="3" errors="0" failures="0" skipped="1" time="0"><testcase classname="PySysTest" name="SoftwareManagement.sm_apt_install_remove_with_version">
		<skipped message="SKIPPED: Testing the apt plugin is not supported on this platform.Use parameter -XmyPlatform='container' to enable it" />
		<system-out>19:54:23 INFO  ==============================================================
19:54:23 INFO  Id:    SoftwareManagement.sm_apt_install_remove_with_version
19:54:23 INFO  Dir:   software_management_end_to_end/
19:54:23 INFO  Title: Validate end to end behaviour for the apt plugin for packages with version
19:54:23 INFO  ==============================================================
19:54:23 INFO  Testing the apt plugin is not supported on this platform.Use parameter -XmyPlatform='container' to enable it ... skipped
19:54:23 WARN  Aborted test due to SKIPPED outcome
19:54:23 INFO  
19:54:23 INFO  Test duration: 0.02 secs
19:54:23 INFO  Test final outcome:  SKIPPED
19:54:23 INFO  Test outcome reason: Testing the apt plugin is not supported on this platform.Use parameter -XmyPlatform='container' to enable it
19:54:23 INFO  
</system-out>
	</testcase>
<testcase classname="PySysTest" name="SoftwareManagement.sm_apt_install_remove_with_version" />
<testcase classname="PySysTest" name="SoftwareManagement.sm_apt_install_remove_with_version" />
</testsuite><testsuite name="SoftwareManagement.sm_docker_install_remove_multiple" tests="3" errors="0" failures="0" skipped="1" time="0"><testcase classname="SMDockerInstallRemove" name="SoftwareManagement.sm_docker_install_remove_multiple">
		<skipped message="SKIPPED: Testing the apt plugin is not supported on this platform.Use parameter -XmyPlatform='container' to enable it" />
		<system-out>19:54:23 INFO  ==============================================================
19:54:23 INFO  Id:    SoftwareManagement.sm_docker_install_remove_multiple
19:54:23 INFO  Dir:   software_management_end_to_end/
19:54:23 INFO  Title: Validate end to end behaviour for the docker plugin for multiple docker images with mixed versions
19:54:23 INFO  ==============================================================
19:54:23 INFO  Testing the apt plugin is not supported on this platform.Use parameter -XmyPlatform='container' to enable it ... skipped
19:54:23 WARN  Aborted test due to SKIPPED outcome
19:54:23 INFO  
19:54:23 INFO  Test duration: 0.03 secs
19:54:23 INFO  Test final outcome:  SKIPPED
19:54:23 INFO  Test outcome reason: Testing the apt plugin is not supported on this platform.Use parameter -XmyPlatform='container' to enable it
19:54:23 INFO  
</system-out>
	</testcase>
<testcase classname="SMDockerInstallRemove" name="SoftwareManagement.sm_docker_install_remove_multiple" />
<testcase classname="SMDockerInstallRemove" name="SoftwareManagement.sm_docker_install_remove_multiple" />
</testsuite><testsuite name="SoftwareManagement.sm_fake_install_remove" tests="2" errors="0" failures="0" skipped="1" time="0"><testcase classname="PySysTest" name="SoftwareManagement.sm_fake_install_remove">
		<skipped message="SKIPPED: Testing the fake plugin is not enabled.Use parameter -Xfakeplugin=fakeplugin to enable it" />
		<system-out>19:54:23 INFO  ==============================================================
19:54:23 INFO  Id:    SoftwareManagement.sm_fake_install_remove
19:54:23 INFO  Dir:   software_management_end_to_end/
19:54:23 INFO  Title: Validate end to end behaviour for the dummy plugin for installation and removal of packages
19:54:23 INFO  ==============================================================
19:54:23 INFO  Testing the fake plugin is not enabled.Use parameter -Xfakeplugin=fakeplugin to enable it ... skipped
19:54:23 WARN  Aborted test due to SKIPPED outcome
19:54:23 INFO  
19:54:23 INFO  Test duration: 0.02 secs
19:54:23 INFO  Test final outcome:  SKIPPED
19:54:23 INFO  Test outcome reason: Testing the fake plugin is not enabled.Use parameter -Xfakeplugin=fakeplugin to enable it
19:54:23 INFO  
</system-out>
	</testcase>
<testcase classname="PySysTest" name="SoftwareManagement.sm_fake_install_remove" />
</testsuite><testsuite name="SoftwareManagement.sm_fake_install_remove_multiple" tests="2" errors="0" failures="0" skipped="1" time="0"><testcase classname="PySysTest" name="SoftwareManagement.sm_fake_install_remove_multiple">
		<skipped message="SKIPPED: Testing the fake plugin is not enabled.Use parameter -Xfakeplugin=fakeplugin to enable it" />
		<system-out>19:54:23 INFO  ==============================================================
19:54:23 INFO  Id:    SoftwareManagement.sm_fake_install_remove_multiple
19:54:23 INFO  Dir:   software_management_end_to_end/
19:54:23 INFO  Title: Validate end to end behaviour for the dummy-plugin for multiple packages
19:54:23 INFO  ==============================================================
19:54:23 INFO  Testing the fake plugin is not enabled.Use parameter -Xfakeplugin=fakeplugin to enable it ... skipped
19:54:23 WARN  Aborted test due to SKIPPED outcome
19:54:23 INFO  
19:54:23 INFO  Test duration: 0.02 secs
19:54:23 INFO  Test final outcome:  SKIPPED
19:54:23 INFO  Test outcome reason: Testing the fake plugin is not enabled.Use parameter -Xfakeplugin=fakeplugin to enable it
19:54:23 INFO  
</system-out>
	</testcase>
<testcase classname="PySysTest" name="SoftwareManagement.sm_fake_install_remove_multiple" />
</testsuite><testsuite name="SoftwareManagement.sm_mapper_fail_and_reconnect" tests="2" errors="0" failures="0" skipped="2" time="0"><testcase classname="MapperC8yReceiveLastMessageOnRestart" name="SoftwareManagement.sm_mapper_fail_and_reconnect">
		<skipped message="SKIPPED: instable https://github.com/thin-edge/thin-edge.io/issues/752" />
		<system-out>19:54:23 INFO  ==============================================================
19:54:23 INFO  Id:    SoftwareManagement.sm_mapper_fail_and_reconnect
19:54:23 INFO  Dir:   software_management_end_to_end/
19:54:23 INFO  Title: Validate the tedge-mapper-sm-c8y for receiving the last message on restart
19:54:23 INFO  ==============================================================
19:54:23 INFO  instable https://github.com/thin-edge/thin-edge.io/issues/752 ... skipped
19:54:23 INFO  
19:54:23 INFO  Test duration: 0.02 secs
19:54:23 INFO  Test final outcome:  SKIPPED
19:54:23 INFO  Test outcome reason: instable https://github.com/thin-edge/thin-edge.io/issues/752
19:54:23 INFO  
</system-out>
	</testcase>
<testcase classname="MapperC8yReceiveLastMessageOnRestart" name="SoftwareManagement.sm_mapper_fail_and_reconnect">
		<skipped message="SKIPPED: instable https://github.com/thin-edge/thin-edge.io/issues/752" />
		<system-out>21:04:54 INFO  ==============================================================
21:04:54 INFO  Id:    SoftwareManagement.sm_mapper_fail_and_reconnect
21:04:54 INFO  Dir:   software_management_end_to_end/
21:04:54 INFO  Title: Validate the tedge-mapper-sm-c8y for receiving the last message on restart
21:04:54 INFO  ==============================================================
21:04:54 INFO  instable https://github.com/thin-edge/thin-edge.io/issues/752 ... skipped
21:04:54 INFO  
21:04:54 INFO  Test duration: 0.03 secs
21:04:54 INFO  Test final outcome:  SKIPPED
21:04:54 INFO  Test outcome reason: instable https://github.com/thin-edge/thin-edge.io/issues/752
21:04:54 INFO  
</system-out>
	</testcase>
</testsuite><testsuite name="SoftwareManagement.sm_mixed_install_remove_multiple" tests="2" errors="0" failures="1" skipped="1" time="0"><testcase classname="PySysTest" name="SoftwareManagement.sm_mixed_install_remove_multiple">
		<skipped message="SKIPPED: Testing the fake plugin is not enabled.Use parameter -Xfakeplugin=fakeplugin to enable it" />
		<system-out>19:54:23 INFO  ==============================================================
19:54:23 INFO  Id:    SoftwareManagement.sm_mixed_install_remove_multiple
19:54:23 INFO  Dir:   software_management_end_to_end/
19:54:23 INFO  Title: Validate end to end behaviour for the dummy-plugin for multiple packages with mixed versions
19:54:23 INFO  ==============================================================
19:54:23 INFO  Testing the fake plugin is not enabled.Use parameter -Xfakeplugin=fakeplugin to enable it ... skipped
19:54:23 WARN  Aborted test due to SKIPPED outcome
19:54:23 INFO  
19:54:23 INFO  Test duration: 0.02 secs
19:54:23 INFO  Test final outcome:  SKIPPED
19:54:23 INFO  Test outcome reason: Testing the fake plugin is not enabled.Use parameter -Xfakeplugin=fakeplugin to enable it
19:54:23 INFO  
</system-out>
	</testcase>
<testcase classname="PySysTest" name="SoftwareManagement.sm_mixed_install_remove_multiple">
		<failure message="FAILED: Assert that (False == value) with value=True" type="FAILED" />
		<system-out>21:04:54 INFO  ==============================================================
21:04:54 INFO  Id:    SoftwareManagement.sm_mixed_install_remove_multiple
21:04:54 INFO  Dir:   software_management_end_to_end/
[...]
19:42:47 INFO  Executed sudo&lt;rm_tmp_logs&gt;, exit status 0
19:42:48 INFO  Executed sudo&lt;send_failed&gt;, exit status 0
19:42:48 INFO  Executed sudo&lt;log_file_daemon&gt;, exit status 0
19:42:52 INFO  Executed sudo&lt;tedge_disconnect_c8y&gt;, exit status 0
19:42:53 INFO  Executed systemctl&lt;serv_mapper5&gt;, exit status 3
19:42:53 INFO  
19:42:53 INFO  Test duration: 26.72 secs
19:42:53 INFO  Test final outcome:  BLOCKED
19:42:53 INFO  Test outcome reason: TypeError: 'NoneType' object is not subscriptable
19:42:53 INFO  
</system-out>
	</testcase>
</testsuite><testsuite name="log_request_num_lines" tests="1" errors="0" failures="1" skipped="0" time="0"><testcase classname="LogRequestVerifyNumberOfLines" name="log_request_num_lines">
		<failure message="BLOCKED: TypeError: 'NoneType' object is not subscriptable" type="BLOCKED" />
		<system-out>19:42:53 INFO  ==============================================================
19:42:53 INFO  Id:    log_request_num_lines
19:42:53 INFO  Dir:   log_request_end_to_end/
19:42:53 INFO  Title: Validate end to end behaviour for the log request operation check for number of lines
19:42:53 INFO  ==============================================================
19:42:53 INFO  EnvironmentC8y Setup
19:42:53 INFO  Executed systemctl&lt;serv_mapper1&gt;, exit status 3
19:42:54 INFO  Restarting mosquitto too frequently in the last 10 seconds. It was only up for 4 seconds
19:42:54 INFO  Delaying execution by 7 seconds
19:43:14 INFO  Executed sudo&lt;tedge_connect_c8y&gt;, exit status 0, duration 13 secs
19:43:15 INFO  Executed sudo&lt;tedge_connect_c8y_test&gt;, exit status 0
19:43:16 INFO  Executed systemctl&lt;serv_mosq2&gt;, exit status 0
19:43:16 INFO  Executed systemctl&lt;serv_mapper3&gt;, exit status 0
19:43:17 INFO  Executed sudo&lt;rm_logs&gt;, exit status 0
19:43:17 INFO  Executed sudo&lt;move_logs&gt;, exit status 0
19:43:18 INFO  Executed sudo&lt;log_file_daemon&gt;, exit status 0
19:43:18 WARN  TypeError occurred while running test - 'NoneType' object is not subscriptable
Traceback (most recent call last):
  File "/home/pi/env-pysys/lib/python3.7/site-packages/pysys/baserunner.py", line 1294, in __call__
    self.testObj.execute()
  File "/home/pi/actions-runner/_work/thin-edge.io/thin-edge.io/tests/PySys/log_request_end_to_end/log_request_num_lines/run.py", line 46, in execute
    log_file_request_payload, self.project.deviceid
  File "/home/pi/actions-runner/_work/thin-edge.io/thin-edge.io/tests/PySys/environments/cumulocity.py", line 101, in trigger_log_request
    "deviceId": self.device_fragment["id"],
TypeError: 'NoneType' object is not subscriptable
19:43:18 WARN  TypeError: 'NoneType' object is not subscriptable ... blocked 
19:43:18 INFO  
19:43:18 INFO  cleanup:
19:43:19 INFO  Executed sudo&lt;rm_logs&gt;, exit status 0
19:43:19 INFO  Executed sudo&lt;rm_tmp_logs&gt;, exit status 0
19:43:20 INFO  Executed sudo&lt;send_failed&gt;, exit status 0
19:43:21 INFO  Executed sudo&lt;log_file_daemon&gt;, exit status 0
19:43:24 INFO  Executed sudo&lt;tedge_disconnect_c8y&gt;, exit status 0
19:43:25 INFO  Executed systemctl&lt;serv_mapper5&gt;, exit status 3
19:43:25 INFO  
19:43:25 INFO  Test duration: 32.10 secs
19:43:25 INFO  Test final outcome:  BLOCKED
19:43:25 INFO  Test outcome reason: TypeError: 'NoneType' object is not subscriptable
19:43:25 INFO  
</system-out>
	</testcase>
</testsuite><testsuite name="mapper_awaits_before_reconnect" tests="1" errors="0" failures="1" skipped="0" time="0"><testcase classname="MapperReconnectAwait" name="mapper_awaits_before_reconnect">
		<failure message="FAILED: Line count on tedge_mapper_journal.out for &quot;tedge_mapper::core::mapper: MQTT connection error:&quot; expected &gt;=2 but got 0" type="FAILED" />
		<system-out>19:57:30 INFO  ==============================================================
19:57:30 INFO  Id:    mapper_awaits_before_reconnect
19:57:30 INFO  Dir:   tedge_mapper_c8y/
19:57:30 INFO  Title: Validate mapper doesn't reconnect too often
19:57:30 INFO  ==============================================================
19:57:30 INFO  Started mosquitto_sub with process id 6737
19:57:30 INFO  Waiting for 0.1 seconds
19:57:31 INFO  Executed sudo&lt;tedge_mapper&gt;, exit status 0
19:57:31 INFO  Waiting for 5.0 seconds
19:57:36 INFO  Executed sudo&lt;tedge_mapper&gt;, exit status 0
19:57:39 INFO  Executed sudo&lt;tedge_mapper_journal&gt;, exit status 0
19:57:39 WARN  Grep on tedge_mapper_journal.out contains "ERROR" ... failed [run.py:67]
19:57:39 INFO  Line count on file tedge_mapper_journal.out ... passed
19:57:39 WARN  Line count on tedge_mapper_journal.out for "tedge_mapper::core::mapper: MQTT connection error:" expected &gt;=2 but got 0 ... failed [run.py:78]
19:57:39 WARN  Aborted test due to FAILED outcome
19:57:39 INFO  
19:57:39 INFO  Test duration: 8.97 secs
19:57:39 INFO  Test final outcome:  FAILED
19:57:39 INFO  Test outcome reason: Line count on tedge_mapper_journal.out for "tedge_mapper::core::mapper: MQTT connection error:" expected &gt;=2 but got 0
19:57:39 INFO  
</system-out>
	</testcase>
</testsuite><testsuite name="monitoring_smaller_interval" tests="1" errors="0" failures="1" skipped="0" time="0"><testcase classname="MonitoringSmallInterval" name="monitoring_smaller_interval">
		<failure message="BLOCKED: TypeError: 'int' object is not subscriptable" type="BLOCKED" />
		<system-out>19:44:26 INFO  ==============================================================
19:44:26 INFO  Id:    monitoring_smaller_interval
19:44:26 INFO  Dir:   monitoring/
19:44:26 INFO  Title: Validate the tedge dm agent messages that are produced with smaller sampling interval than the batching window. Here the simulated collectd messages are used
19:44:26 INFO  ==============================================================
19:44:27 INFO  Executed sudo&lt;collectd&gt;, exit status 0
19:44:28 INFO  Executed sudo&lt;collectd_mapper&gt;, exit status 0
19:44:28 INFO  Started sudo&lt;tedge_sub&gt; with process id 2879
19:44:28 INFO  Executed sudo&lt;tedge_temp&gt;, exit status 0
19:44:29 INFO  Executed sudo&lt;tedge_pres&gt;, exit status 0
19:44:29 INFO  Executed sudo&lt;tedge_temp&gt;, exit status 0
19:44:30 INFO  Executed sudo&lt;tedge_pres&gt;, exit status 0
19:44:31 INFO  Executed sudo&lt;tedge_temp&gt;, exit status 0
19:44:31 INFO  Executed sudo&lt;tedge_pres&gt;, exit status 0
19:44:32 INFO  Executed sudo&lt;tedge_temp&gt;, exit status 0
19:44:32 INFO  Executed sudo&lt;tedge_pres&gt;, exit status 0
19:44:33 INFO  Executed sudo&lt;tedge_temp&gt;, exit status 0
19:44:33 INFO  Executed sudo&lt;tedge_pres&gt;, exit status 0
19:44:34 INFO  Executed sudo&lt;tedge_temp&gt;, exit status 0
19:44:35 INFO  Executed sudo&lt;tedge_pres&gt;, exit status 0
19:44:35 INFO  Executed sudo&lt;tedge_temp&gt;, exit status 0
19:44:36 INFO  Executed sudo&lt;tedge_pres&gt;, exit status 0
19:44:36 INFO  Executed sudo&lt;tedge_temp&gt;, exit status 0
19:44:37 INFO  Executed sudo&lt;tedge_pres&gt;, exit status 0
19:44:37 INFO  Executed sudo&lt;tedge_temp&gt;, exit status 0
19:44:38 INFO  Executed sudo&lt;tedge_pres&gt;, exit status 0
19:44:39 INFO  Executed sudo&lt;tedge_temp&gt;, exit status 0
19:44:39 INFO  Executed sudo&lt;tedge_pres&gt;, exit status 0
19:44:41 INFO  Executed sudo&lt;kill_out&gt;, exit status 0
19:44:41 INFO  0

19:44:41 WARN  TypeError occurred while running test - 'int' object is not subscriptable
Traceback (most recent call last):
  File "/home/pi/env-pysys/lib/python3.7/site-packages/pysys/baserunner.py", line 1296, in __call__
    self.testObj.validate()
  File "/home/pi/actions-runner/_work/thin-edge.io/thin-edge.io/tests/PySys/monitoring/monitoring_smaller_interval/run.py", line 104, in validate
    collectd_msg_validation_result=self.validate_json(),
  File "/home/pi/actions-runner/_work/thin-edge.io/thin-edge.io/tests/PySys/monitoring/monitoring_smaller_interval/run.py", line 114, in validate_json
    if not self.validate_time():
  File "/home/pi/actions-runner/_work/thin-edge.io/thin-edge.io/tests/PySys/monitoring/monitoring_smaller_interval/run.py", line 134, in validate_time
    if self.js_msg["time"]:
TypeError: 'int' object is not subscriptable
19:44:41 WARN  TypeError: 'int' object is not subscriptable ... blocked 
19:44:41 INFO  
19:44:41 INFO  cleanup:
19:44:41 INFO  monitoring_cleanup
19:44:41 INFO  Executed sudo&lt;collectd_mapper&gt;, exit status 0
19:44:41 INFO  
19:44:41 INFO  Test duration: 14.81 secs
19:44:41 INFO  Test final outcome:  BLOCKED
19:44:41 INFO  Test outcome reason: TypeError: 'int' object is not subscriptable
19:44:41 INFO  
</system-out>
	</testcase>
</testsuite><testsuite name="monitoring_with_collectd" tests="1" errors="0" failures="0" skipped="1" time="0"><testcase classname="MonitoringWithCollectd" name="monitoring_with_collectd">
		<skipped message="SKIPPED: Test execution disabled due to #792 (instable)" />
		<system-out>19:44:41 INFO  ==============================================================
19:44:41 INFO  Id:    monitoring_with_collectd
19:44:41 INFO  Dir:   monitoring/
19:44:41 INFO  Title: Validate tedge dm agent messages that are produced by batching the collectd messages
19:44:41 INFO  ==============================================================
19:44:41 INFO  Test execution disabled due to #792 (instable) ... skipped
19:44:41 INFO  
19:44:41 INFO  Test duration: 0.02 secs
19:44:41 INFO  Test final outcome:  SKIPPED
19:44:41 INFO  Test outcome reason: Test execution disabled due to #792 (instable)
19:44:41 INFO  
</system-out>
	</testcase>
</testsuite><testsuite name="monitoring_with_simulated_messages" tests="1" errors="0" failures="1" skipped="0" time="0"><testcase classname="MonitoringWithSimulatedMessages" name="monitoring_with_simulated_messages">
		<failure message="BLOCKED: TypeError: 'int' object is not subscriptable" type="BLOCKED" />
		<system-out>19:44:41 INFO  ==============================================================
19:44:41 INFO  Id:    monitoring_with_simulated_messages
19:44:41 INFO  Dir:   monitoring/
19:44:41 INFO  Title: Validate the tedge dm agent messages that are produced from the simulated collectd messages
19:44:41 INFO  ==============================================================
19:44:42 INFO  Executed sudo&lt;collectd&gt;, exit status 0
19:44:42 INFO  Executed sudo&lt;collectd_mapper&gt;, exit status 0
19:44:42 INFO  Started sudo&lt;tedge_sub&gt; with process id 2939
19:44:43 INFO  Executed sudo&lt;tedge_temp&gt;, exit status 0
19:44:44 INFO  Executed sudo&lt;tedge_pres&gt;, exit status 0
19:44:45 INFO  Executed sudo&lt;kill_out&gt;, exit status 0
19:44:45 INFO  0

19:44:45 WARN  TypeError occurred while running test - 'int' object is not subscriptable
Traceback (most recent call last):
  File "/home/pi/env-pysys/lib/python3.7/site-packages/pysys/baserunner.py", line 1296, in __call__
    self.testObj.validate()
  File "/home/pi/actions-runner/_work/thin-edge.io/thin-edge.io/tests/PySys/monitoring/monitoring_with_simulated_messages/run.py", line 98, in validate
    collectd_msg_validation_result=self.validate_json(),
  File "/home/pi/actions-runner/_work/thin-edge.io/thin-edge.io/tests/PySys/monitoring/monitoring_with_simulated_messages/run.py", line 108, in validate_json
    if not self.validate_time():
  File "/home/pi/actions-runner/_work/thin-edge.io/thin-edge.io/tests/PySys/monitoring/monitoring_with_simulated_messages/run.py", line 127, in validate_time
    if self.js_msg["time"]:
TypeError: 'int' object is not subscriptable
19:44:45 WARN  TypeError: 'int' object is not subscriptable ... blocked 
19:44:45 INFO  
19:44:45 INFO  cleanup:
19:44:45 INFO  monitoring_cleanup
19:44:46 INFO  Executed sudo&lt;collectd_mapper&gt;, exit status 0
19:44:46 INFO  
19:44:46 INFO  Test duration: 4.39 secs
19:44:46 INFO  Test final outcome:  BLOCKED
19:44:46 INFO  Test outcome reason: TypeError: 'int' object is not subscriptable
19:44:46 INFO  
</system-out>
	</testcase>
</testsuite><testsuite name="mqtt_port_change_connection_fails" tests="1" errors="0" failures="0" skipped="0" time="0"><testcase classname="MqttPortChangeConnectionFails" name="mqtt_port_change_connection_fails" />
</testsuite><testsuite name="mqtt_port_change_connection_works" tests="1" errors="0" failures="0" skipped="1" time="0"><testcase classname="MqttPortChangeConnectionWorks" name="mqtt_port_change_connection_works">
		<skipped message="SKIPPED: failing intermitently" />
		<system-out>19:44:00 INFO  ==============================================================
19:44:00 INFO  Id:    mqtt_port_change_connection_works
19:44:00 INFO  Dir:   misc_features/
19:44:00 INFO  Title: mqtt port change connection works for all the thin-edge services that use the mosquitto broker
19:44:00 INFO  ==============================================================
19:44:00 INFO  failing intermitently ... skipped
19:44:00 INFO  
19:44:00 INFO  Test duration: 0.02 secs
19:44:00 INFO  Test final outcome:  SKIPPED
19:44:00 INFO  Test outcome reason: failing intermitently
19:44:00 INFO  
</system-out>
	</testcase>
</testsuite><testsuite name="publish_flux" tests="1" errors="0" failures="0" skipped="0" time="0"><testcase classname="PublishFlux" name="publish_flux" />
</testsuite><testsuite name="publish_sawmill" tests="1" errors="0" failures="0" skipped="0" time="0"><testcase classname="PublishSawmill" name="publish_sawmill" />
</testsuite><testsuite name="runtime_start_two_mappers" tests="1" errors="0" failures="0" skipped="0" time="0"><testcase classname="RuntimeMultiMappers" name="runtime_start_two_mappers" />
</testsuite><testsuite name="sm_tedge_mapper_init_session" tests="1" errors="0" failures="0" skipped="0" time="0"><testcase classname="TedgeSMMapperInitSession" name="sm_tedge_mapper_init_session" />
</testsuite><testsuite name="smoketest_json" tests="1" errors="0" failures="0" skipped="0" time="0"><testcase classname="SmokeTestJson" name="smoketest_json" />
</testsuite><testsuite name="smoketest_json_400_samples_10ms" tests="1" errors="0" failures="0" skipped="0" time="0"><testcase classname="SmoketestJson400Samples10ms" name="smoketest_json_400_samples_10ms" />
</testsuite><testsuite name="smoketest_json_400_samples_20ms" tests="1" errors="0" failures="0" skipped="0" time="0"><testcase classname="SmoketestJson400Samples20ms" name="smoketest_json_400_samples_20ms" />
</testsuite><testsuite name="smoketest_smartrest" tests="1" errors="0" failures="0" skipped="0" time="0"><testcase classname="SmoketestSmartRest" name="smoketest_smartrest" />
</testsuite><testsuite name="smoketest_smartrest_400_samples_1Xms" tests="1" errors="0" failures="0" skipped="0" time="0"><testcase classname="SmoketestSmartRest400Samples1Xms" name="smoketest_smartrest_400_samples_1Xms" />
</testsuite><testsuite name="smoketest_smartrest_400_samples_20ms" tests="1" errors="0" failures="0" skipped="0" time="0"><testcase classname="SmoketestSmartRest400Samples20ms" name="smoketest_smartrest_400_samples_20ms" />
</testsuite><testsuite name="tedge_agent_user_sudo_access" tests="1" errors="0" failures="0" skipped="1" time="0"><testcase classname="TedgeAgentUserSudoAccess" name="tedge_agent_user_sudo_access">
		<skipped message="SKIPPED: #955 Observation: Exit code of the apt plugin when called with no arguments" />
		<system-out>19:54:50 INFO  ==============================================================
19:54:50 INFO  Id:    tedge_agent_user_sudo_access
19:54:50 INFO  Dir:   tedge/
19:54:50 INFO  Title: Validate tedge-agent user has a limited sudo right
19:54:50 INFO  ==============================================================
19:54:50 INFO  #955 Observation: Exit code of the apt plugin when called with no arguments ... skipped
19:54:50 INFO  
19:54:50 INFO  Test duration: 0.02 secs
19:54:50 INFO  Test final outcome:  SKIPPED
19:54:50 INFO  Test outcome reason: #955 Observation: Exit code of the apt plugin when called with no arguments
19:54:50 INFO  
</system-out>
	</testcase>
</testsuite><testsuite name="tedge_connect_test_negative" tests="1" errors="0" failures="0" skipped="0" time="0"><testcase classname="TedgeConnectTestNegative" name="tedge_connect_test_negative" />
</testsuite><testsuite name="tedge_connect_test_positive" tests="1" errors="0" failures="0" skipped="0" time="0"><testcase classname="TedgeConnectTestPositive" name="tedge_connect_test_positive" />
</testsuite><testsuite name="tedge_connect_test_sm_services" tests="1" errors="0" failures="0" skipped="0" time="0"><testcase classname="TedgeConnectTestSMServices" name="tedge_connect_test_sm_services" />
</testsuite><testsuite name="tedge_disconnect_test_sm_services" tests="1" errors="0" failures="0" skipped="0" time="0"><testcase classname="TedgeDisConnectTestSMServices" name="tedge_disconnect_test_sm_services" />
</testsuite><testsuite name="tedge_mapper_az_negative" tests="1" errors="0" failures="0" skipped="0" time="0"><testcase classname="TedgeMapperAzError" name="tedge_mapper_az_negative" />
</testsuite><testsuite name="tedge_mapper_az_with_timestamp" tests="1" errors="0" failures="0" skipped="0" time="0"><testcase classname="TedgeMapperAzWithTimestamp" name="tedge_mapper_az_with_timestamp" />
</testsuite><testsuite name="tedge_mapper_az_without_timestamp" tests="1" errors="0" failures="0" skipped="0" time="0"><testcase classname="TedgeMapperAzWithoutTimestamp" name="tedge_mapper_az_without_timestamp" />
</testsuite><testsuite name="tedge_mapper_c8y_alarms" tests="1" errors="0" failures="0" skipped="0" time="0"><testcase classname="TedgeMapperC8yAlarm" name="tedge_mapper_c8y_alarms" />
</testsuite><testsuite name="tedge_mapper_c8y_child_device_measurement" tests="1" errors="0" failures="0" skipped="0" time="0"><testcase classname="TedgeMapperC8yChildDevice" name="tedge_mapper_c8y_child_device_measurement" />
</testsuite><testsuite name="tedge_mapper_c8y_packet_threshold_size" tests="1" errors="0" failures="1" skipped="0" time="0"><testcase classname="TedgeMapperC8yThresholdPacketSize" name="tedge_mapper_c8y_packet_threshold_size">
		<failure message="FAILED: Grep on tedge_sub.out contains &quot;The size of the message received on tedge/measurements is 20489 which is greater than the threshold size of 16184.&quot;" type="FAILED" />
		<system-out>19:59:19 INFO  ==============================================================
19:59:19 INFO  Id:    tedge_mapper_c8y_packet_threshold_size
19:59:19 INFO  Dir:   tedge_mapper_c8y/
19:59:19 INFO  Title: Validate the Cumulocity Mapper accepted threshold packet size when it receives a message on tedge/measurements
19:59:19 INFO  ==============================================================
19:59:19 INFO  Executed sudo&lt;tedge_mapper_c8y&gt;, exit status 0
19:59:19 INFO  Started sudo&lt;tedge_sub&gt; with process id 7323
19:59:20 INFO  Executed sudo&lt;tedge_msg&gt;, exit status 0
19:59:20 INFO  Executed sudo&lt;tedge_pub&gt;, exit status 0
19:59:21 INFO  Executed sudo&lt;kill_out&gt;, exit status 0
19:59:21 WARN  Grep on tedge_sub.out contains "The size of the message received on tedge/measurements is 20489 which is greater than the threshold size of 16184." ... failed [run.py:88]
19:59:21 INFO  
19:59:21 INFO  cleanup:
19:59:21 INFO  mapper_cleanup
19:59:22 INFO  Executed sudo&lt;tedge_mapper_c8y&gt;, exit status 0
19:59:22 INFO  
19:59:22 INFO  Test duration: 2.96 secs
19:59:22 INFO  Test final outcome:  FAILED
19:59:22 INFO  Test outcome reason: Grep on tedge_sub.out contains "The size of the message received on tedge/measurements is 20489 which is greater than the threshold size of 16184."
19:59:22 INFO  
</system-out>
	</testcase>
</testsuite><testsuite name="tedge_software_update" tests="1" errors="0" failures="0" skipped="0" time="0"><testcase classname="PySysTest" name="tedge_software_update" />
</testsuite><testsuite name="valid_device_id" tests="1" errors="0" failures="0" skipped="0" time="0"><testcase classname="ValidateValidDeviceId" name="valid_device_id" />
</testsuite></testsuites>