<?xml version="1.0" encoding="utf-8"?>
<testsuite failures="1" name="SoftwareManagement.sm_mixed_install_remove_multiple" skipped="0" tests="1" time="163.96" timestamp="2022-05-11T11:33:05">
	<testcase classname="PySysTest" name="SoftwareManagement.sm_mixed_install_remove_multiple">
		<failure message="FAILED: Assert that (False == value) with value=True" type="FAILED"/>
		<system-out>11:30:21 INFO  ==============================================================
11:30:21 INFO  Id:    SoftwareManagement.sm_mixed_install_remove_multiple
11:30:21 INFO  Dir:   software_management_end_to_end/
11:30:21 INFO  Title: Validate end to end behaviour for the dummy-plugin for multiple packages with mixed versions
11:30:21 INFO  ==============================================================
11:30:21 INFO  Using sw id database: {'asciijump': '5475369', 'robotfindskitten': '5474869', 'squirrel3': '5475279', 'rolldice': '5152439', 'moon-buggy': '5439204', 'apple': '5495053', 'banana': '5494888', 'cherry': '5495382', 'watermelon': '5494510', 'registry': '8018911', 'hello-world': '8021526', 'docker/getting-started': '8021973', 'alpine': '7991792'}
11:30:21 INFO  EnvironmentC8y Setup
11:30:21 INFO  Executed systemctl&lt;serv_mapper1&gt;, exit status 3
11:30:21 INFO  Restarting mosquitto too frequently in the last 10 seconds. It was only up for 4 seconds
11:30:21 INFO  Delaying execution by 7 seconds
11:30:42 INFO  Executed sudo&lt;tedge_connect_c8y&gt;, exit status 0, duration 13 secs
11:30:43 INFO  Executed sudo&lt;tedge_connect_c8y_test&gt;, exit status 0
11:30:43 INFO  Executed systemctl&lt;serv_mosq2&gt;, exit status 0
11:30:44 INFO  Executed systemctl&lt;serv_mapper3&gt;, exit status 0
11:30:46 INFO  State of current operation: SUCCESSFUL
11:30:46 INFO  Package apple is installed
11:30:46 INFO  Assert that (True == value) with value=True ... passed
11:30:47 INFO  Package banana is installed
11:30:47 INFO  Assert that (True == value) with value=True ... passed
11:30:47 INFO  Package cherry is installed
11:30:47 INFO  Assert that (True == value) with value=True ... passed
11:30:47 INFO  Package asciijump is installed
11:30:47 WARN  Assert that (False == value) with value=True ... failed 
11:30:47 INFO  Assert that (False == value) with value=False ... passed
11:30:48 INFO  Response status: 201
11:30:48 INFO  Response to action: {
    &quot;delivery&quot;: {
        &quot;time&quot;: &quot;2022-05-11T11:30:48.061Z&quot;,
        &quot;log&quot;: [],
        &quot;status&quot;: &quot;PENDING&quot;
    },
    &quot;creationTime&quot;: &quot;2022-05-11T11:30:48.048Z&quot;,
    &quot;deviceName&quot;: &quot;m32sd10d&quot;,
    &quot;deviceId&quot;: &quot;18764683&quot;,
    &quot;self&quot;: &quot;https://t493319102.eu-latest.cumulocity.com/devicecontrol/operations/18811736&quot;,
    &quot;id&quot;: &quot;18811736&quot;,
    &quot;status&quot;: &quot;PENDING&quot;,
    &quot;description&quot;: &quot;Apply software changes, triggered from PySys: [{'action': 'install', 'id': '5495053', 'name': 'apple', 'url': ' ', 'version': '::fruits'}, {'action': 'install', 'id': '5494888', 'name': 'banana', 'url': ' ', 'version': '::fruits'}, {'action': 'install', 'id': '5475369', 'name': 'asciijump', 'url': ' ', 'version': '::apt'}, {'action': 'install', 'id': '5495382', 'name': 'cherry', 'url': ' ', 'version': '::fruits'}, {'action': 'install', 'id': '8018911', 'name': 'registry', 'url': ' ', 'version': '::docker'}]&quot;,
    &quot;c8y_SoftwareUpdate&quot;: [
        {
            &quot;name&quot;: &quot;apple&quot;,
            &quot;action&quot;: &quot;install&quot;,
            &quot;id&quot;: &quot;5495053&quot;,
            &quot;version&quot;: &quot;::fruits&quot;,
            &quot;url&quot;: &quot; &quot;
        },
        {
            &quot;name&quot;: &quot;banana&quot;,
            &quot;action&quot;: &quot;install&quot;,
            &quot;id&quot;: &quot;5494888&quot;,
            &quot;version&quot;: &quot;::fruits&quot;,
            &quot;url&quot;: &quot; &quot;
        },
        {
            &quot;name&quot;: &quot;asciijump&quot;,
            &quot;action&quot;: &quot;install&quot;,
            &quot;id&quot;: &quot;5475369&quot;,
            &quot;version&quot;: &quot;::apt&quot;,
            &quot;url&quot;: &quot; &quot;
        },
        {
            &quot;name&quot;: &quot;cherry&quot;,
            &quot;action&quot;: &quot;install&quot;,
            &quot;id&quot;: &quot;5495382&quot;,
            &quot;version&quot;: &quot;::fruits&quot;,
            &quot;url&quot;: &quot; &quot;
        },
        {
            &quot;name&quot;: &quot;registry&quot;,
            &quot;action&quot;: &quot;install&quot;,
            &quot;id&quot;: &quot;8018911&quot;,
            &quot;version&quot;: &quot;::docker&quot;,
            &quot;url&quot;: &quot; &quot;
        }
    ]
}
11:30:48 INFO  Started operation: {'delivery': {'time': '2022-05-11T11:30:48.061Z', 'log': [], 'status': 'PENDING'}, 'creationTime': '2022-05-11T11:30:48.048Z', 'deviceName': 'm32sd10d', 'deviceId': '18764683', 'self': 'https://t493319102.eu-latest.cumulocity.com/devicecontrol/operations/18811736', 'id': '18811736', 'status': 'PENDING', 'description': &quot;Apply software changes, triggered from PySys: [{'action': 'install', 'id': '5495053', 'name': 'apple', 'url': ' ', 'version': '::fruits'}, {'action': 'install', 'id': '5494888', 'name': 'banana', 'url': ' ', 'version': '::fruits'}, {'action': 'install', 'id': '5475369', 'name': 'asciijump', 'url': ' ', 'version': '::apt'}, {'action': 'install', 'id': '5495382', 'name': 'cherry', 'url': ' ', 'version': '::fruits'}, {'action': 'install', 'id': '8018911', 'name': 'registry', 'url': ' ', 'version': '::docker'}]&quot;, 'c8y_SoftwareUpdate': [{'name': 'apple', 'action': 'install', 'id': '5495053', 'version': '::fruits', 'url': ' '}, {'name': 'banana', 'action': 'install', 'id': '5494888', 'version': '::fruits', 'url': ' '}, {'name': 'asciijump', 'action': 'install', 'id': '5475369', 'version': '::apt', 'url': ' '}, {'name': 'cherry', 'action': 'install', 'id': '5495382', 'version': '::fruits', 'url': ' '}, {'name': 'registry', 'action': 'install', 'id': '8018911', 'version': '::docker', 'url': ' '}]}
11:30:50 INFO  State of operation 18811736 : PENDING
11:30:52 INFO  State of operation 18811736 : EXECUTING
11:30:54 INFO  State of operation 18811736 : EXECUTING
11:30:57 INFO  State of operation 18811736 : EXECUTING
11:30:59 INFO  State of operation 18811736 : EXECUTING
11:31:01 INFO  State of operation 18811736 : EXECUTING
11:31:04 INFO  State of operation 18811736 : EXECUTING
11:31:06 INFO  State of operation 18811736 : EXECUTING
11:31:09 INFO  State of operation 18811736 : EXECUTING
11:31:11 INFO  State of operation 18811736 : EXECUTING
11:31:13 INFO  State of operation 18811736 : EXECUTING
11:31:16 INFO  State of operation 18811736 : EXECUTING
11:31:18 INFO  State of operation 18811736 : EXECUTING
11:31:20 INFO  State of operation 18811736 : EXECUTING
11:31:22 INFO  State of operation 18811736 : EXECUTING
11:31:24 INFO  State of operation 18811736 : EXECUTING
11:31:27 INFO  State of operation 18811736 : EXECUTING
11:31:29 INFO  State of operation 18811736 : EXECUTING
11:31:31 INFO  State of operation 18811736 : EXECUTING
11:31:33 INFO  State of operation 18811736 : EXECUTING
11:31:36 INFO  State of operation 18811736 : EXECUTING
11:31:38 INFO  State of operation 18811736 : EXECUTING
11:31:40 INFO  State of operation 18811736 : EXECUTING
11:31:42 INFO  State of operation 18811736 : EXECUTING
11:31:45 INFO  State of operation 18811736 : EXECUTING
11:31:47 INFO  State of operation 18811736 : SUCCESSFUL
11:31:47 INFO  Package apple is installed
11:31:47 INFO  Assert that (True == value) with value=True ... passed
11:31:47 INFO  Package banana is installed
11:31:47 INFO  Assert that (True == value) with value=True ... passed
11:31:48 INFO  Package cherry is installed
11:31:48 INFO  Assert that (True == value) with value=True ... passed
11:31:48 INFO  Package asciijump is installed
11:31:48 INFO  Assert that (True == value) with value=True ... passed
11:31:48 INFO  Package registry is installed
11:31:48 INFO  Assert that (True == value) with value=True ... passed
11:31:48 INFO  Response status: 201
11:31:48 INFO  Response to action: {
    &quot;delivery&quot;: {
        &quot;time&quot;: &quot;2022-05-11T11:31:48.713Z&quot;,
        &quot;log&quot;: [],
        &quot;status&quot;: &quot;PENDING&quot;
    },
    &quot;creationTime&quot;: &quot;2022-05-11T11:31:48.701Z&quot;,
    &quot;deviceName&quot;: &quot;m32sd10d&quot;,
    &quot;deviceId&quot;: &quot;18764683&quot;,
    &quot;self&quot;: &quot;https://t493319102.eu-latest.cumulocity.com/devicecontrol/operations/18811751&quot;,
    &quot;id&quot;: &quot;18811751&quot;,
    &quot;status&quot;: &quot;PENDING&quot;,
    &quot;description&quot;: &quot;Apply software changes, triggered from PySys: [{'action': 'delete', 'id': '5495053', 'name': 'apple', 'url': ' ', 'version': '::fruits'}, {'action': 'delete', 'id': '5494888', 'name': 'banana', 'url': ' ', 'version': '::fruits'}, {'action': 'delete', 'id': '5475369', 'name': 'asciijump', 'url': ' ', 'version': '::apt'}, {'action': 'delete', 'id': '5495382', 'name': 'cherry', 'url': ' ', 'version': '::fruits'}, {'action': 'delete', 'id': '8018911', 'name': 'registry', 'url': ' ', 'version': '::docker'}]&quot;,
    &quot;c8y_SoftwareUpdate&quot;: [
        {
            &quot;name&quot;: &quot;apple&quot;,
            &quot;action&quot;: &quot;delete&quot;,
            &quot;id&quot;: &quot;5495053&quot;,
            &quot;version&quot;: &quot;::fruits&quot;,
            &quot;url&quot;: &quot; &quot;
        },
        {
            &quot;name&quot;: &quot;banana&quot;,
            &quot;action&quot;: &quot;delete&quot;,
            &quot;id&quot;: &quot;5494888&quot;,
            &quot;version&quot;: &quot;::fruits&quot;,
            &quot;url&quot;: &quot; &quot;
        },
        {
            &quot;name&quot;: &quot;asciijump&quot;,
            &quot;action&quot;: &quot;delete&quot;,
            &quot;id&quot;: &quot;5475369&quot;,
            &quot;version&quot;: &quot;::apt&quot;,
            &quot;url&quot;: &quot; &quot;
        },
        {
            &quot;name&quot;: &quot;cherry&quot;,
            &quot;action&quot;: &quot;delete&quot;,
            &quot;id&quot;: &quot;5495382&quot;,
            &quot;version&quot;: &quot;::fruits&quot;,
            &quot;url&quot;: &quot; &quot;
        },
        {
            &quot;name&quot;: &quot;registry&quot;,
            &quot;action&quot;: &quot;delete&quot;,
            &quot;id&quot;: &quot;8018911&quot;,
            &quot;version&quot;: &quot;::docker&quot;,
            &quot;url&quot;: &quot; &quot;
        }
    ]
}
11:31:48 INFO  Started operation: {'delivery': {'time': '2022-05-11T11:31:48.713Z', 'log': [], 'status': 'PENDING'}, 'creationTime': '2022-05-11T11:31:48.701Z', 'deviceName': 'm32sd10d', 'deviceId': '18764683', 'self': 'https://t493319102.eu-latest.cumulocity.com/devicecontrol/operations/18811751', 'id': '18811751', 'status': 'PENDING', 'description': &quot;Apply software changes, triggered from PySys: [{'action': 'delete', 'id': '5495053', 'name': 'apple', 'url': ' ', 'version': '::fruits'}, {'action': 'delete', 'id': '5494888', 'name': 'banana', 'url': ' ', 'version': '::fruits'}, {'action': 'delete', 'id': '5475369', 'name': 'asciijump', 'url': ' ', 'version': '::apt'}, {'action': 'delete', 'id': '5495382', 'name': 'cherry', 'url': ' ', 'version': '::fruits'}, {'action': 'delete', 'id': '8018911', 'name': 'registry', 'url': ' ', 'version': '::docker'}]&quot;, 'c8y_SoftwareUpdate': [{'name': 'apple', 'action': 'delete', 'id': '5495053', 'version': '::fruits', 'url': ' '}, {'name': 'banana', 'action': 'delete', 'id': '5494888', 'version': '::fruits', 'url': ' '}, {'name': 'asciijump', 'action': 'delete', 'id': '5475369', 'version': '::apt', 'url': ' '}, {'name': 'cherry', 'action': 'delete', 'id': '5495382', 'version': '::fruits', 'url': ' '}, {'name': 'registry', 'action': 'delete', 'id': '8018911', 'version': '::docker', 'url': ' '}]}
11:31:50 INFO  State of operation 18811751 : PENDING
11:31:53 INFO  State of operation 18811751 : EXECUTING
11:31:55 INFO  State of operation 18811751 : EXECUTING
11:31:57 INFO  State of operation 18811751 : EXECUTING
11:31:59 INFO  State of operation 18811751 : EXECUTING
11:32:02 INFO  State of operation 18811751 : EXECUTING
11:32:04 INFO  State of operation 18811751 : EXECUTING
11:32:07 INFO  State of operation 18811751 : EXECUTING
11:32:09 INFO  State of operation 18811751 : EXECUTING
11:32:12 INFO  State of operation 18811751 : EXECUTING
11:32:14 INFO  State of operation 18811751 : EXECUTING
11:32:16 INFO  State of operation 18811751 : EXECUTING
11:32:18 INFO  State of operation 18811751 : EXECUTING
11:32:21 INFO  State of operation 18811751 : EXECUTING
11:32:23 INFO  State of operation 18811751 : EXECUTING
11:32:25 INFO  State of operation 18811751 : EXECUTING
11:32:29 INFO  State of operation 18811751 : EXECUTING
11:32:31 INFO  State of operation 18811751 : EXECUTING
11:32:34 INFO  State of operation 18811751 : EXECUTING
11:32:36 INFO  State of operation 18811751 : EXECUTING
11:32:38 INFO  State of operation 18811751 : EXECUTING
11:32:40 INFO  State of operation 18811751 : EXECUTING
11:32:43 INFO  State of operation 18811751 : EXECUTING
11:32:45 INFO  State of operation 18811751 : EXECUTING
11:32:48 INFO  State of operation 18811751 : EXECUTING
11:32:50 INFO  State of operation 18811751 : EXECUTING
11:32:52 INFO  State of operation 18811751 : EXECUTING
11:32:54 INFO  State of operation 18811751 : EXECUTING
11:32:57 INFO  State of operation 18811751 : EXECUTING
11:32:59 INFO  State of operation 18811751 : SUCCESSFUL
11:32:59 INFO  Package apple is installed
11:32:59 INFO  Assert that (True == value) with value=True ... passed
11:32:59 INFO  Package banana is installed
11:32:59 INFO  Assert that (True == value) with value=True ... passed
11:33:00 INFO  Package cherry is installed
11:33:00 INFO  Assert that (True == value) with value=True ... passed
11:33:00 INFO  Assert that (False == value) with value=False ... passed
11:33:00 INFO  Assert that (False == value) with value=False ... passed
11:33:00 INFO  
11:33:00 INFO  cleanup:
11:33:04 INFO  Executed sudo&lt;tedge_disconnect_c8y&gt;, exit status 0
11:33:05 INFO  Executed systemctl&lt;serv_mapper5&gt;, exit status 3
11:33:05 INFO  
11:33:05 INFO  Test duration: 163.96 secs
11:33:05 INFO  Test final outcome:  FAILED
11:33:05 INFO  Test outcome reason: Assert that (False == value) with value=True
11:33:05 INFO  
</system-out>
	</testcase>
</testsuite>
