<?xml version="1.0" encoding="utf-8"?>
<testsuite failures="1" name="log_request_num_lines" skipped="0" tests="1" time="32.71" timestamp="2022-05-13T14:58:46">
	<testcase classname="LogRequestVerifyNumberOfLines" name="log_request_num_lines">
		<failure message="FAILED: Assert that (True == value) with value=False" type="FAILED"/>
		<system-out>14:58:13 INFO  ==============================================================
14:58:13 INFO  Id:    log_request_num_lines
14:58:13 INFO  Dir:   log_request_end_to_end/
14:58:13 INFO  Title: Validate end to end behaviour for the log request operation check for number of lines
14:58:13 INFO  ==============================================================
14:58:13 INFO  EnvironmentC8y Setup
14:58:14 INFO  Executed systemctl&lt;serv_mapper1&gt;, exit status 3
14:58:14 INFO  Restarting mosquitto too frequently in the last 10 seconds. It was only up for 4 seconds
14:58:14 INFO  Delaying execution by 7 seconds
14:58:35 INFO  Executed sudo&lt;tedge_connect_c8y&gt;, exit status 0, duration 14 secs
14:58:35 INFO  Executed sudo&lt;tedge_connect_c8y_test&gt;, exit status 0
14:58:36 INFO  Executed systemctl&lt;serv_mosq2&gt;, exit status 0
14:58:36 INFO  Executed systemctl&lt;serv_mapper3&gt;, exit status 0
14:58:37 INFO  Executed sudo&lt;rm_logs&gt;, exit status 0
14:58:37 INFO  Executed sudo&lt;move_logs&gt;, exit status 0
14:58:38 INFO  log response None
14:58:38 WARN  retry, retrying in 1 seconds...
14:58:39 INFO  log response https://thin-edge-io.eu-latest.cumulocity.com/event/events/19038213/binaries
14:58:39 INFO  nlines 0
14:58:39 WARN  Assert that (True == value) with value=False ... failed [run.py:44]
14:58:39 INFO  
14:58:39 INFO  cleanup:
14:58:40 INFO  Executed sudo&lt;rm_logs&gt;, exit status 0
14:58:41 INFO  Executed sudo&lt;rm_tmp_logs&gt;, exit status 0
14:58:41 INFO  Executed sudo&lt;send_failed&gt;, exit status 0
14:58:45 INFO  Executed sudo&lt;tedge_disconnect_c8y&gt;, exit status 0
14:58:46 INFO  Executed systemctl&lt;serv_mapper5&gt;, exit status 3
14:58:46 INFO  
14:58:46 INFO  Test duration: 32.71 secs
14:58:46 INFO  Test final outcome:  FAILED
14:58:46 INFO  Test outcome reason: Assert that (True == value) with value=False
14:58:46 INFO  
</system-out>
	</testcase>
</testsuite>
